===== 1 [Wed Mar  7 03:02:26 CET 2018] scale:1000000 groups:10 work_mem:4MB incremental:on max_workers:0 =====
SELECT * FROM s_1 ORDER BY a, b
                                                        QUERY PLAN                                                         
---------------------------------------------------------------------------------------------------------------------------
 Limit  (cost=149037.84..149037.84 rows=1 width=20) (actual time=404.070..404.070 rows=0 loops=1)
   ->  Sort  (cost=136537.84..139037.84 rows=1000000 width=20) (actual time=290.139..382.179 rows=1000000 loops=1)
         Sort Key: s_1.a, s_1.b
         Sort Method: external merge  Disk: 29360kB
         ->  Seq Scan on s_1  (cost=0.00..16370.00 rows=1000000 width=20) (actual time=0.007..51.327 rows=1000000 loops=1)
 Planning time: 0.265 ms
 Execution time: 407.743 ms
(7 rows)

===== 2 [Wed Mar  7 03:02:28 CET 2018] scale:1000000 groups:10 work_mem:4MB incremental:on max_workers:0 =====
SELECT * FROM s_2 ORDER BY a, b, c
                                                                        QUERY PLAN                                                                         
-----------------------------------------------------------------------------------------------------------------------------------------------------------
 Limit  (cost=127410.37..127410.37 rows=1 width=20) (actual time=417.311..417.311 rows=0 loops=1)
   ->  Incremental Sort  (cost=826.11..117410.37 rows=1000000 width=20) (actual time=1.113..395.633 rows=1000000 loops=1)
         Sort Key: s_2.a, s_2.b, s_2.c
         Presorted Key: s_2.a, s_2.b
         Sort Method: quicksort  Memory: 1188kB
         Sort Groups: 121
         ->  Index Only Scan using s_2_a_b_e_d_c_idx on s_2  (cost=0.42..34844.43 rows=1000000 width=20) (actual time=0.050..147.966 rows=1000000 loops=1)
               Heap Fetches: 0
 Planning time: 0.278 ms
 Execution time: 417.356 ms
(10 rows)

===== 3 [Wed Mar  7 03:02:30 CET 2018] scale:1000000 groups:10 work_mem:4MB incremental:on max_workers:0 =====
SELECT * FROM s_3 ORDER BY a, b, c, d
                                                                        QUERY PLAN                                                                         
-----------------------------------------------------------------------------------------------------------------------------------------------------------
 Limit  (cost=110137.41..110137.41 rows=1 width=20) (actual time=436.053..436.053 rows=0 loops=1)
   ->  Incremental Sort  (cost=62.49..100137.41 rows=1000000 width=20) (actual time=0.139..414.292 rows=1000000 loops=1)
         Sort Key: s_3.a, s_3.b, s_3.c, s_3.d
         Presorted Key: s_3.a, s_3.b, s_3.c
         Sort Method: quicksort  Memory: 134kB
         Sort Groups: 1331
         ->  Index Only Scan using s_3_a_b_c_e_d_idx on s_3  (cost=0.42..34844.43 rows=1000000 width=20) (actual time=0.046..144.816 rows=1000000 loops=1)
               Heap Fetches: 0
 Planning time: 0.291 ms
 Execution time: 436.093 ms
(10 rows)

===== 4 [Wed Mar  7 03:02:33 CET 2018] scale:1000000 groups:10 work_mem:4MB incremental:off max_workers:0 =====
SELECT * FROM s_1 ORDER BY a, b
                                                        QUERY PLAN                                                         
---------------------------------------------------------------------------------------------------------------------------
 Limit  (cost=149037.84..149037.84 rows=1 width=20) (actual time=403.055..403.055 rows=0 loops=1)
   ->  Sort  (cost=136537.84..139037.84 rows=1000000 width=20) (actual time=289.274..381.140 rows=1000000 loops=1)
         Sort Key: s_1.a, s_1.b
         Sort Method: external merge  Disk: 29360kB
         ->  Seq Scan on s_1  (cost=0.00..16370.00 rows=1000000 width=20) (actual time=0.007..51.566 rows=1000000 loops=1)
 Planning time: 0.262 ms
 Execution time: 406.841 ms
(7 rows)

===== 5 [Wed Mar  7 03:02:35 CET 2018] scale:1000000 groups:10 work_mem:4MB incremental:off max_workers:0 =====
SELECT * FROM s_2 ORDER BY a, b, c
                                                        QUERY PLAN                                                         
---------------------------------------------------------------------------------------------------------------------------
 Limit  (cost=149037.84..149037.84 rows=1 width=20) (actual time=449.481..449.481 rows=0 loops=1)
   ->  Sort  (cost=136537.84..139037.84 rows=1000000 width=20) (actual time=336.845..427.502 rows=1000000 loops=1)
         Sort Key: s_2.a, s_2.b, s_2.c
         Sort Method: external merge  Disk: 29360kB
         ->  Seq Scan on s_2  (cost=0.00..16370.00 rows=1000000 width=20) (actual time=0.004..51.557 rows=1000000 loops=1)
 Planning time: 0.272 ms
 Execution time: 453.165 ms
(7 rows)

===== 6 [Wed Mar  7 03:02:37 CET 2018] scale:1000000 groups:10 work_mem:4MB incremental:off max_workers:0 =====
SELECT * FROM s_3 ORDER BY a, b, c, d
                                                        QUERY PLAN                                                         
---------------------------------------------------------------------------------------------------------------------------
 Limit  (cost=149037.84..149037.84 rows=1 width=20) (actual time=544.190..544.190 rows=0 loops=1)
   ->  Sort  (cost=136537.84..139037.84 rows=1000000 width=20) (actual time=432.046..522.206 rows=1000000 loops=1)
         Sort Key: s_3.a, s_3.b, s_3.c, s_3.d
         Sort Method: external merge  Disk: 29360kB
         ->  Seq Scan on s_3  (cost=0.00..16370.00 rows=1000000 width=20) (actual time=0.004..51.932 rows=1000000 loops=1)
 Planning time: 0.278 ms
 Execution time: 547.950 ms
(7 rows)

===== 7 [Wed Mar  7 03:02:40 CET 2018] scale:1000000 groups:10 work_mem:8MB incremental:on max_workers:0 =====
SELECT * FROM s_1 ORDER BY a, b
                                                                        QUERY PLAN                                                                         
-----------------------------------------------------------------------------------------------------------------------------------------------------------
 Limit  (cost=144705.33..144705.33 rows=1 width=20) (actual time=524.124..524.124 rows=0 loops=1)
   ->  Incremental Sort  (cost=10655.40..134705.33 rows=1000000 width=20) (actual time=18.613..501.994 rows=1000000 loops=1)
         Sort Key: s_1.a, s_1.b
         Presorted Key: s_1.a
         Sort Method: external merge  Disk: 2960kB
         Sort Groups: 11
         ->  Index Only Scan using s_1_a_e_d_c_b_idx on s_1  (cost=0.42..34844.43 rows=1000000 width=20) (actual time=0.055..149.495 rows=1000000 loops=1)
               Heap Fetches: 0
 Planning time: 0.265 ms
 Execution time: 524.150 ms
(10 rows)

===== 8 [Wed Mar  7 03:02:43 CET 2018] scale:1000000 groups:10 work_mem:8MB incremental:on max_workers:0 =====
SELECT * FROM s_2 ORDER BY a, b, c
                                                                        QUERY PLAN                                                                         
-----------------------------------------------------------------------------------------------------------------------------------------------------------
 Limit  (cost=127410.37..127410.37 rows=1 width=20) (actual time=395.978..395.978 rows=0 loops=1)
   ->  Incremental Sort  (cost=826.11..117410.37 rows=1000000 width=20) (actual time=1.031..374.287 rows=1000000 loops=1)
         Sort Key: s_2.a, s_2.b, s_2.c
         Presorted Key: s_2.a, s_2.b
         Sort Method: quicksort  Memory: 1188kB
         Sort Groups: 121
         ->  Index Only Scan using s_2_a_b_e_d_c_idx on s_2  (cost=0.42..34844.43 rows=1000000 width=20) (actual time=0.029..128.535 rows=1000000 loops=1)
               Heap Fetches: 0
 Planning time: 0.269 ms
 Execution time: 396.020 ms
(10 rows)

===== 9 [Wed Mar  7 03:02:45 CET 2018] scale:1000000 groups:10 work_mem:8MB incremental:on max_workers:0 =====
SELECT * FROM s_3 ORDER BY a, b, c, d
                                                                        QUERY PLAN                                                                         
-----------------------------------------------------------------------------------------------------------------------------------------------------------
 Limit  (cost=110137.41..110137.41 rows=1 width=20) (actual time=416.369..416.369 rows=0 loops=1)
   ->  Incremental Sort  (cost=62.49..100137.41 rows=1000000 width=20) (actual time=0.120..394.675 rows=1000000 loops=1)
         Sort Key: s_3.a, s_3.b, s_3.c, s_3.d
         Presorted Key: s_3.a, s_3.b, s_3.c
         Sort Method: quicksort  Memory: 134kB
         Sort Groups: 1331
         ->  Index Only Scan using s_3_a_b_c_e_d_idx on s_3  (cost=0.42..34844.43 rows=1000000 width=20) (actual time=0.027..124.277 rows=1000000 loops=1)
               Heap Fetches: 0
 Planning time: 0.293 ms
 Execution time: 416.408 ms
(10 rows)

===== 10 [Wed Mar  7 03:02:47 CET 2018] scale:1000000 groups:10 work_mem:8MB incremental:off max_workers:0 =====
SELECT * FROM s_1 ORDER BY a, b
                                                        QUERY PLAN                                                         
---------------------------------------------------------------------------------------------------------------------------
 Limit  (cost=149037.84..149037.84 rows=1 width=20) (actual time=400.709..400.709 rows=0 loops=1)
   ->  Sort  (cost=136537.84..139037.84 rows=1000000 width=20) (actual time=284.787..378.628 rows=1000000 loops=1)
         Sort Key: s_1.a, s_1.b
         Sort Method: external merge  Disk: 29360kB
         ->  Seq Scan on s_1  (cost=0.00..16370.00 rows=1000000 width=20) (actual time=0.007..51.927 rows=1000000 loops=1)
 Planning time: 0.266 ms
 Execution time: 404.592 ms
(7 rows)

===== 11 [Wed Mar  7 03:02:49 CET 2018] scale:1000000 groups:10 work_mem:8MB incremental:off max_workers:0 =====
SELECT * FROM s_2 ORDER BY a, b, c
                                                        QUERY PLAN                                                         
---------------------------------------------------------------------------------------------------------------------------
 Limit  (cost=149037.84..149037.84 rows=1 width=20) (actual time=442.511..442.511 rows=0 loops=1)
   ->  Sort  (cost=136537.84..139037.84 rows=1000000 width=20) (actual time=330.682..420.425 rows=1000000 loops=1)
         Sort Key: s_2.a, s_2.b, s_2.c
         Sort Method: external merge  Disk: 29360kB
         ->  Seq Scan on s_2  (cost=0.00..16370.00 rows=1000000 width=20) (actual time=0.004..51.876 rows=1000000 loops=1)
 Planning time: 0.277 ms
 Execution time: 446.452 ms
(7 rows)

===== 12 [Wed Mar  7 03:02:51 CET 2018] scale:1000000 groups:10 work_mem:8MB incremental:off max_workers:0 =====
SELECT * FROM s_3 ORDER BY a, b, c, d
                                                        QUERY PLAN                                                         
---------------------------------------------------------------------------------------------------------------------------
 Limit  (cost=149037.84..149037.84 rows=1 width=20) (actual time=536.636..536.636 rows=0 loops=1)
   ->  Sort  (cost=136537.84..139037.84 rows=1000000 width=20) (actual time=425.423..514.576 rows=1000000 loops=1)
         Sort Key: s_3.a, s_3.b, s_3.c, s_3.d
         Sort Method: external merge  Disk: 29360kB
         ->  Seq Scan on s_3  (cost=0.00..16370.00 rows=1000000 width=20) (actual time=0.004..52.200 rows=1000000 loops=1)
 Planning time: 0.279 ms
 Execution time: 540.504 ms
(7 rows)

===== 13 [Wed Mar  7 03:02:54 CET 2018] scale:1000000 groups:10 work_mem:16MB incremental:on max_workers:0 =====
SELECT * FROM s_1 ORDER BY a, b
                                                                        QUERY PLAN                                                                         
-----------------------------------------------------------------------------------------------------------------------------------------------------------
 Limit  (cost=144705.33..144705.33 rows=1 width=20) (actual time=412.218..412.218 rows=0 loops=1)
   ->  Incremental Sort  (cost=10655.40..134705.33 rows=1000000 width=20) (actual time=17.553..390.587 rows=1000000 loops=1)
         Sort Key: s_1.a, s_1.b
         Presorted Key: s_1.a
         Sort Method: quicksort  Memory: 10929kB
         Sort Groups: 11
         ->  Index Only Scan using s_1_a_e_d_c_b_idx on s_1  (cost=0.42..34844.43 rows=1000000 width=20) (actual time=0.039..130.063 rows=1000000 loops=1)
               Heap Fetches: 0
 Planning time: 0.262 ms
 Execution time: 412.360 ms
(10 rows)

===== 14 [Wed Mar  7 03:02:56 CET 2018] scale:1000000 groups:10 work_mem:16MB incremental:on max_workers:0 =====
SELECT * FROM s_2 ORDER BY a, b, c
                                                                        QUERY PLAN                                                                         
-----------------------------------------------------------------------------------------------------------------------------------------------------------
 Limit  (cost=127410.37..127410.37 rows=1 width=20) (actual time=396.223..396.223 rows=0 loops=1)
   ->  Incremental Sort  (cost=826.11..117410.37 rows=1000000 width=20) (actual time=1.038..374.540 rows=1000000 loops=1)
         Sort Key: s_2.a, s_2.b, s_2.c
         Presorted Key: s_2.a, s_2.b
         Sort Method: quicksort  Memory: 1188kB
         Sort Groups: 121
         ->  Index Only Scan using s_2_a_b_e_d_c_idx on s_2  (cost=0.42..34844.43 rows=1000000 width=20) (actual time=0.029..128.574 rows=1000000 loops=1)
               Heap Fetches: 0
 Planning time: 0.276 ms
 Execution time: 396.266 ms
(10 rows)

===== 15 [Wed Mar  7 03:02:58 CET 2018] scale:1000000 groups:10 work_mem:16MB incremental:on max_workers:0 =====
SELECT * FROM s_3 ORDER BY a, b, c, d
                                                                        QUERY PLAN                                                                         
-----------------------------------------------------------------------------------------------------------------------------------------------------------
 Limit  (cost=110137.41..110137.41 rows=1 width=20) (actual time=416.249..416.249 rows=0 loops=1)
   ->  Incremental Sort  (cost=62.49..100137.41 rows=1000000 width=20) (actual time=0.120..394.554 rows=1000000 loops=1)
         Sort Key: s_3.a, s_3.b, s_3.c, s_3.d
         Presorted Key: s_3.a, s_3.b, s_3.c
         Sort Method: quicksort  Memory: 134kB
         Sort Groups: 1331
         ->  Index Only Scan using s_3_a_b_c_e_d_idx on s_3  (cost=0.42..34844.43 rows=1000000 width=20) (actual time=0.027..124.348 rows=1000000 loops=1)
               Heap Fetches: 0
 Planning time: 0.287 ms
 Execution time: 416.288 ms
(10 rows)

===== 16 [Wed Mar  7 03:03:00 CET 2018] scale:1000000 groups:10 work_mem:16MB incremental:off max_workers:0 =====
SELECT * FROM s_1 ORDER BY a, b
                                                        QUERY PLAN                                                         
---------------------------------------------------------------------------------------------------------------------------
 Limit  (cost=149037.84..149037.84 rows=1 width=20) (actual time=420.991..420.991 rows=0 loops=1)
   ->  Sort  (cost=136537.84..139037.84 rows=1000000 width=20) (actual time=313.639..399.127 rows=1000000 loops=1)
         Sort Key: s_1.a, s_1.b
         Sort Method: external merge  Disk: 29392kB
         ->  Seq Scan on s_1  (cost=0.00..16370.00 rows=1000000 width=20) (actual time=0.007..52.486 rows=1000000 loops=1)
 Planning time: 0.260 ms
 Execution time: 425.294 ms
(7 rows)

===== 17 [Wed Mar  7 03:03:03 CET 2018] scale:1000000 groups:10 work_mem:16MB incremental:off max_workers:0 =====
SELECT * FROM s_2 ORDER BY a, b, c
                                                        QUERY PLAN                                                         
---------------------------------------------------------------------------------------------------------------------------
 Limit  (cost=149037.84..149037.84 rows=1 width=20) (actual time=464.832..464.832 rows=0 loops=1)
   ->  Sort  (cost=136537.84..139037.84 rows=1000000 width=20) (actual time=360.357..443.016 rows=1000000 loops=1)
         Sort Key: s_2.a, s_2.b, s_2.c
         Sort Method: external merge  Disk: 29392kB
         ->  Seq Scan on s_2  (cost=0.00..16370.00 rows=1000000 width=20) (actual time=0.004..52.450 rows=1000000 loops=1)
 Planning time: 0.269 ms
 Execution time: 469.142 ms
(7 rows)

===== 18 [Wed Mar  7 03:03:05 CET 2018] scale:1000000 groups:10 work_mem:16MB incremental:off max_workers:0 =====
SELECT * FROM s_3 ORDER BY a, b, c, d
                                                        QUERY PLAN                                                         
---------------------------------------------------------------------------------------------------------------------------
 Limit  (cost=149037.84..149037.84 rows=1 width=20) (actual time=552.608..552.608 rows=0 loops=1)
   ->  Sort  (cost=136537.84..139037.84 rows=1000000 width=20) (actual time=448.754..530.785 rows=1000000 loops=1)
         Sort Key: s_3.a, s_3.b, s_3.c, s_3.d
         Sort Method: external merge  Disk: 29392kB
         ->  Seq Scan on s_3  (cost=0.00..16370.00 rows=1000000 width=20) (actual time=0.004..52.757 rows=1000000 loops=1)
 Planning time: 0.276 ms
 Execution time: 556.882 ms
(7 rows)

===== 19 [Wed Mar  7 03:03:08 CET 2018] scale:1000000 groups:10 work_mem:32MB incremental:on max_workers:0 =====
SELECT * FROM s_1 ORDER BY a, b
                                                                        QUERY PLAN                                                                         
-----------------------------------------------------------------------------------------------------------------------------------------------------------
 Limit  (cost=144705.33..144705.33 rows=1 width=20) (actual time=412.265..412.265 rows=0 loops=1)
   ->  Incremental Sort  (cost=10655.40..134705.33 rows=1000000 width=20) (actual time=17.538..390.628 rows=1000000 loops=1)
         Sort Key: s_1.a, s_1.b
         Presorted Key: s_1.a
         Sort Method: quicksort  Memory: 10929kB
         Sort Groups: 11
         ->  Index Only Scan using s_1_a_e_d_c_b_idx on s_1  (cost=0.42..34844.43 rows=1000000 width=20) (actual time=0.040..130.080 rows=1000000 loops=1)
               Heap Fetches: 0
 Planning time: 0.272 ms
 Execution time: 412.406 ms
(10 rows)

===== 20 [Wed Mar  7 03:03:10 CET 2018] scale:1000000 groups:10 work_mem:32MB incremental:on max_workers:0 =====
SELECT * FROM s_2 ORDER BY a, b, c
                                                                        QUERY PLAN                                                                         
-----------------------------------------------------------------------------------------------------------------------------------------------------------
 Limit  (cost=127410.37..127410.37 rows=1 width=20) (actual time=395.844..395.844 rows=0 loops=1)
   ->  Incremental Sort  (cost=826.11..117410.37 rows=1000000 width=20) (actual time=1.032..374.152 rows=1000000 loops=1)
         Sort Key: s_2.a, s_2.b, s_2.c
         Presorted Key: s_2.a, s_2.b
         Sort Method: quicksort  Memory: 1188kB
         Sort Groups: 121
         ->  Index Only Scan using s_2_a_b_e_d_c_idx on s_2  (cost=0.42..34844.43 rows=1000000 width=20) (actual time=0.029..128.500 rows=1000000 loops=1)
               Heap Fetches: 0
 Planning time: 0.273 ms
 Execution time: 395.883 ms
(10 rows)

===== 21 [Wed Mar  7 03:03:12 CET 2018] scale:1000000 groups:10 work_mem:32MB incremental:on max_workers:0 =====
SELECT * FROM s_3 ORDER BY a, b, c, d
                                                                        QUERY PLAN                                                                         
-----------------------------------------------------------------------------------------------------------------------------------------------------------
 Limit  (cost=110137.41..110137.41 rows=1 width=20) (actual time=416.620..416.620 rows=0 loops=1)
   ->  Incremental Sort  (cost=62.49..100137.41 rows=1000000 width=20) (actual time=0.120..394.926 rows=1000000 loops=1)
         Sort Key: s_3.a, s_3.b, s_3.c, s_3.d
         Presorted Key: s_3.a, s_3.b, s_3.c
         Sort Method: quicksort  Memory: 134kB
         Sort Groups: 1331
         ->  Index Only Scan using s_3_a_b_c_e_d_idx on s_3  (cost=0.42..34844.43 rows=1000000 width=20) (actual time=0.027..124.362 rows=1000000 loops=1)
               Heap Fetches: 0
 Planning time: 0.287 ms
 Execution time: 416.659 ms
(10 rows)

===== 22 [Wed Mar  7 03:03:14 CET 2018] scale:1000000 groups:10 work_mem:32MB incremental:off max_workers:0 =====
SELECT * FROM s_1 ORDER BY a, b
                                                        QUERY PLAN                                                         
---------------------------------------------------------------------------------------------------------------------------
 Limit  (cost=149037.84..149037.84 rows=1 width=20) (actual time=445.600..445.600 rows=0 loops=1)
   ->  Sort  (cost=136537.84..139037.84 rows=1000000 width=20) (actual time=343.907..423.776 rows=1000000 loops=1)
         Sort Key: s_1.a, s_1.b
         Sort Method: external merge  Disk: 29360kB
         ->  Seq Scan on s_1  (cost=0.00..16370.00 rows=1000000 width=20) (actual time=0.007..53.642 rows=1000000 loops=1)
 Planning time: 0.257 ms
 Execution time: 450.252 ms
(7 rows)

===== 23 [Wed Mar  7 03:03:17 CET 2018] scale:1000000 groups:10 work_mem:32MB incremental:off max_workers:0 =====
SELECT * FROM s_2 ORDER BY a, b, c
                                                        QUERY PLAN                                                         
---------------------------------------------------------------------------------------------------------------------------
 Limit  (cost=149037.84..149037.84 rows=1 width=20) (actual time=486.433..486.433 rows=0 loops=1)
   ->  Sort  (cost=136537.84..139037.84 rows=1000000 width=20) (actual time=385.173..464.609 rows=1000000 loops=1)
         Sort Key: s_2.a, s_2.b, s_2.c
         Sort Method: external merge  Disk: 29360kB
         ->  Seq Scan on s_2  (cost=0.00..16370.00 rows=1000000 width=20) (actual time=0.004..53.603 rows=1000000 loops=1)
 Planning time: 0.281 ms
 Execution time: 491.061 ms
(7 rows)

===== 24 [Wed Mar  7 03:03:19 CET 2018] scale:1000000 groups:10 work_mem:32MB incremental:off max_workers:0 =====
SELECT * FROM s_3 ORDER BY a, b, c, d
                                                        QUERY PLAN                                                         
---------------------------------------------------------------------------------------------------------------------------
 Limit  (cost=149037.84..149037.84 rows=1 width=20) (actual time=576.391..576.391 rows=0 loops=1)
   ->  Sort  (cost=136537.84..139037.84 rows=1000000 width=20) (actual time=475.235..554.558 rows=1000000 loops=1)
         Sort Key: s_3.a, s_3.b, s_3.c, s_3.d
         Sort Method: external merge  Disk: 29360kB
         ->  Seq Scan on s_3  (cost=0.00..16370.00 rows=1000000 width=20) (actual time=0.004..54.064 rows=1000000 loops=1)
 Planning time: 0.288 ms
 Execution time: 581.037 ms
(7 rows)

===== 25 [Wed Mar  7 03:03:22 CET 2018] scale:1000000 groups:10 work_mem:64MB incremental:on max_workers:0 =====
SELECT * FROM s_1 ORDER BY a, b
                                                        QUERY PLAN                                                         
---------------------------------------------------------------------------------------------------------------------------
 Limit  (cost=128527.84..128527.84 rows=1 width=20) (actual time=468.689..468.689 rows=0 loops=1)
   ->  Sort  (cost=116027.84..118527.84 rows=1000000 width=20) (actual time=373.821..446.765 rows=1000000 loops=1)
         Sort Key: s_1.a, s_1.b
         Sort Method: external merge  Disk: 29360kB
         ->  Seq Scan on s_1  (cost=0.00..16370.00 rows=1000000 width=20) (actual time=0.007..55.186 rows=1000000 loops=1)
 Planning time: 0.260 ms
 Execution time: 472.194 ms
(7 rows)

===== 26 [Wed Mar  7 03:03:25 CET 2018] scale:1000000 groups:10 work_mem:64MB incremental:on max_workers:0 =====
SELECT * FROM s_2 ORDER BY a, b, c
                                                                        QUERY PLAN                                                                         
-----------------------------------------------------------------------------------------------------------------------------------------------------------
 Limit  (cost=127410.37..127410.37 rows=1 width=20) (actual time=395.884..395.884 rows=0 loops=1)
   ->  Incremental Sort  (cost=826.11..117410.37 rows=1000000 width=20) (actual time=1.033..374.178 rows=1000000 loops=1)
         Sort Key: s_2.a, s_2.b, s_2.c
         Presorted Key: s_2.a, s_2.b
         Sort Method: quicksort  Memory: 1188kB
         Sort Groups: 121
         ->  Index Only Scan using s_2_a_b_e_d_c_idx on s_2  (cost=0.42..34844.43 rows=1000000 width=20) (actual time=0.029..128.483 rows=1000000 loops=1)
               Heap Fetches: 0
 Planning time: 0.275 ms
 Execution time: 395.924 ms
(10 rows)

===== 27 [Wed Mar  7 03:03:27 CET 2018] scale:1000000 groups:10 work_mem:64MB incremental:on max_workers:0 =====
SELECT * FROM s_3 ORDER BY a, b, c, d
                                                                        QUERY PLAN                                                                         
-----------------------------------------------------------------------------------------------------------------------------------------------------------
 Limit  (cost=110137.41..110137.41 rows=1 width=20) (actual time=417.403..417.403 rows=0 loops=1)
   ->  Incremental Sort  (cost=62.49..100137.41 rows=1000000 width=20) (actual time=0.121..395.696 rows=1000000 loops=1)
         Sort Key: s_3.a, s_3.b, s_3.c, s_3.d
         Presorted Key: s_3.a, s_3.b, s_3.c
         Sort Method: quicksort  Memory: 134kB
         Sort Groups: 1331
         ->  Index Only Scan using s_3_a_b_c_e_d_idx on s_3  (cost=0.42..34844.43 rows=1000000 width=20) (actual time=0.027..124.241 rows=1000000 loops=1)
               Heap Fetches: 0
 Planning time: 0.287 ms
 Execution time: 417.440 ms
(10 rows)

===== 28 [Wed Mar  7 03:03:29 CET 2018] scale:1000000 groups:10 work_mem:64MB incremental:off max_workers:0 =====
SELECT * FROM s_1 ORDER BY a, b
                                                        QUERY PLAN                                                         
---------------------------------------------------------------------------------------------------------------------------
 Limit  (cost=128527.84..128527.84 rows=1 width=20) (actual time=465.743..465.743 rows=0 loops=1)
   ->  Sort  (cost=116027.84..118527.84 rows=1000000 width=20) (actual time=371.572..443.869 rows=1000000 loops=1)
         Sort Key: s_1.a, s_1.b
         Sort Method: external merge  Disk: 29360kB
         ->  Seq Scan on s_1  (cost=0.00..16370.00 rows=1000000 width=20) (actual time=0.007..55.470 rows=1000000 loops=1)
 Planning time: 0.262 ms
 Execution time: 469.314 ms
(7 rows)

===== 29 [Wed Mar  7 03:03:32 CET 2018] scale:1000000 groups:10 work_mem:64MB incremental:off max_workers:0 =====
SELECT * FROM s_2 ORDER BY a, b, c
                                                        QUERY PLAN                                                         
---------------------------------------------------------------------------------------------------------------------------
 Limit  (cost=128527.84..128527.84 rows=1 width=20) (actual time=505.414..505.414 rows=0 loops=1)
   ->  Sort  (cost=116027.84..118527.84 rows=1000000 width=20) (actual time=411.277..483.520 rows=1000000 loops=1)
         Sort Key: s_2.a, s_2.b, s_2.c
         Sort Method: external merge  Disk: 29360kB
         ->  Seq Scan on s_2  (cost=0.00..16370.00 rows=1000000 width=20) (actual time=0.004..55.366 rows=1000000 loops=1)
 Planning time: 0.278 ms
 Execution time: 508.921 ms
(7 rows)

===== 30 [Wed Mar  7 03:03:34 CET 2018] scale:1000000 groups:10 work_mem:64MB incremental:off max_workers:0 =====
SELECT * FROM s_3 ORDER BY a, b, c, d
                                                        QUERY PLAN                                                         
---------------------------------------------------------------------------------------------------------------------------
 Limit  (cost=128527.84..128527.84 rows=1 width=20) (actual time=594.485..594.485 rows=0 loops=1)
   ->  Sort  (cost=116027.84..118527.84 rows=1000000 width=20) (actual time=500.119..572.567 rows=1000000 loops=1)
         Sort Key: s_3.a, s_3.b, s_3.c, s_3.d
         Sort Method: external merge  Disk: 29360kB
         ->  Seq Scan on s_3  (cost=0.00..16370.00 rows=1000000 width=20) (actual time=0.004..55.794 rows=1000000 loops=1)
 Planning time: 0.286 ms
 Execution time: 598.017 ms
(7 rows)

===== 31 [Wed Mar  7 03:03:38 CET 2018] scale:1000000 groups:10 work_mem:128MB incremental:on max_workers:0 =====
SELECT * FROM s_1 ORDER BY a, b
                                                        QUERY PLAN                                                         
---------------------------------------------------------------------------------------------------------------------------
 Limit  (cost=128527.84..128527.84 rows=1 width=20) (actual time=384.417..384.417 rows=0 loops=1)
   ->  Sort  (cost=116027.84..118527.84 rows=1000000 width=20) (actual time=269.028..362.727 rows=1000000 loops=1)
         Sort Key: s_1.a, s_1.b
         Sort Method: quicksort  Memory: 102702kB
         ->  Seq Scan on s_1  (cost=0.00..16370.00 rows=1000000 width=20) (actual time=0.007..55.416 rows=1000000 loops=1)
 Planning time: 0.266 ms
 Execution time: 388.567 ms
(7 rows)

===== 32 [Wed Mar  7 03:03:40 CET 2018] scale:1000000 groups:10 work_mem:128MB incremental:on max_workers:0 =====
SELECT * FROM s_2 ORDER BY a, b, c
                                                                        QUERY PLAN                                                                         
-----------------------------------------------------------------------------------------------------------------------------------------------------------
 Limit  (cost=127410.37..127410.37 rows=1 width=20) (actual time=396.227..396.227 rows=0 loops=1)
   ->  Incremental Sort  (cost=826.11..117410.37 rows=1000000 width=20) (actual time=1.037..374.560 rows=1000000 loops=1)
         Sort Key: s_2.a, s_2.b, s_2.c
         Presorted Key: s_2.a, s_2.b
         Sort Method: quicksort  Memory: 1188kB
         Sort Groups: 121
         ->  Index Only Scan using s_2_a_b_e_d_c_idx on s_2  (cost=0.42..34844.43 rows=1000000 width=20) (actual time=0.029..128.593 rows=1000000 loops=1)
               Heap Fetches: 0
 Planning time: 0.277 ms
 Execution time: 396.268 ms
(10 rows)

===== 33 [Wed Mar  7 03:03:42 CET 2018] scale:1000000 groups:10 work_mem:128MB incremental:on max_workers:0 =====
SELECT * FROM s_3 ORDER BY a, b, c, d
                                                                        QUERY PLAN                                                                         
-----------------------------------------------------------------------------------------------------------------------------------------------------------
 Limit  (cost=110137.41..110137.41 rows=1 width=20) (actual time=416.466..416.466 rows=0 loops=1)
   ->  Incremental Sort  (cost=62.49..100137.41 rows=1000000 width=20) (actual time=0.119..394.771 rows=1000000 loops=1)
         Sort Key: s_3.a, s_3.b, s_3.c, s_3.d
         Presorted Key: s_3.a, s_3.b, s_3.c
         Sort Method: quicksort  Memory: 134kB
         Sort Groups: 1331
         ->  Index Only Scan using s_3_a_b_c_e_d_idx on s_3  (cost=0.42..34844.43 rows=1000000 width=20) (actual time=0.027..124.353 rows=1000000 loops=1)
               Heap Fetches: 0
 Planning time: 0.288 ms
 Execution time: 416.504 ms
(10 rows)

===== 34 [Wed Mar  7 03:03:44 CET 2018] scale:1000000 groups:10 work_mem:128MB incremental:off max_workers:0 =====
SELECT * FROM s_1 ORDER BY a, b
                                                        QUERY PLAN                                                         
---------------------------------------------------------------------------------------------------------------------------
 Limit  (cost=128527.84..128527.84 rows=1 width=20) (actual time=383.108..383.108 rows=0 loops=1)
   ->  Sort  (cost=116027.84..118527.84 rows=1000000 width=20) (actual time=268.808..361.379 rows=1000000 loops=1)
         Sort Key: s_1.a, s_1.b
         Sort Method: quicksort  Memory: 102702kB
         ->  Seq Scan on s_1  (cost=0.00..16370.00 rows=1000000 width=20) (actual time=0.007..55.617 rows=1000000 loops=1)
 Planning time: 0.263 ms
 Execution time: 387.250 ms
(7 rows)

===== 35 [Wed Mar  7 03:03:46 CET 2018] scale:1000000 groups:10 work_mem:128MB incremental:off max_workers:0 =====
SELECT * FROM s_2 ORDER BY a, b, c
                                                        QUERY PLAN                                                         
---------------------------------------------------------------------------------------------------------------------------
 Limit  (cost=128527.84..128527.84 rows=1 width=20) (actual time=434.306..434.306 rows=0 loops=1)
   ->  Sort  (cost=116027.84..118527.84 rows=1000000 width=20) (actual time=323.539..412.649 rows=1000000 loops=1)
         Sort Key: s_2.a, s_2.b, s_2.c
         Sort Method: quicksort  Memory: 102702kB
         ->  Seq Scan on s_2  (cost=0.00..16370.00 rows=1000000 width=20) (actual time=0.004..55.637 rows=1000000 loops=1)
 Planning time: 0.269 ms
 Execution time: 438.462 ms
(7 rows)

===== 36 [Wed Mar  7 03:03:48 CET 2018] scale:1000000 groups:10 work_mem:128MB incremental:off max_workers:0 =====
SELECT * FROM s_3 ORDER BY a, b, c, d
                                                        QUERY PLAN                                                         
---------------------------------------------------------------------------------------------------------------------------
 Limit  (cost=128527.84..128527.84 rows=1 width=20) (actual time=503.359..503.359 rows=0 loops=1)
   ->  Sort  (cost=116027.84..118527.84 rows=1000000 width=20) (actual time=424.159..481.685 rows=1000000 loops=1)
         Sort Key: s_3.a, s_3.b, s_3.c, s_3.d
         Sort Method: quicksort  Memory: 102702kB
         ->  Seq Scan on s_3  (cost=0.00..16370.00 rows=1000000 width=20) (actual time=0.004..55.948 rows=1000000 loops=1)
 Planning time: 0.284 ms
 Execution time: 507.504 ms
(7 rows)

===== 37 [Wed Mar  7 03:03:51 CET 2018] scale:1000000 groups:10 work_mem:256MB incremental:on max_workers:0 =====
SELECT * FROM s_1 ORDER BY a, b
                                                        QUERY PLAN                                                         
---------------------------------------------------------------------------------------------------------------------------
 Limit  (cost=128527.84..128527.84 rows=1 width=20) (actual time=385.955..385.955 rows=0 loops=1)
   ->  Sort  (cost=116027.84..118527.84 rows=1000000 width=20) (actual time=270.037..364.264 rows=1000000 loops=1)
         Sort Key: s_1.a, s_1.b
         Sort Method: quicksort  Memory: 102702kB
         ->  Seq Scan on s_1  (cost=0.00..16370.00 rows=1000000 width=20) (actual time=0.007..55.433 rows=1000000 loops=1)
 Planning time: 0.259 ms
 Execution time: 390.121 ms
(7 rows)

===== 38 [Wed Mar  7 03:03:53 CET 2018] scale:1000000 groups:10 work_mem:256MB incremental:on max_workers:0 =====
SELECT * FROM s_2 ORDER BY a, b, c
                                                                        QUERY PLAN                                                                         
-----------------------------------------------------------------------------------------------------------------------------------------------------------
 Limit  (cost=127410.37..127410.37 rows=1 width=20) (actual time=395.916..395.916 rows=0 loops=1)
   ->  Incremental Sort  (cost=826.11..117410.37 rows=1000000 width=20) (actual time=1.040..374.209 rows=1000000 loops=1)
         Sort Key: s_2.a, s_2.b, s_2.c
         Presorted Key: s_2.a, s_2.b
         Sort Method: quicksort  Memory: 1188kB
         Sort Groups: 121
         ->  Index Only Scan using s_2_a_b_e_d_c_idx on s_2  (cost=0.42..34844.43 rows=1000000 width=20) (actual time=0.029..128.523 rows=1000000 loops=1)
               Heap Fetches: 0
 Planning time: 0.273 ms
 Execution time: 395.956 ms
(10 rows)

===== 39 [Wed Mar  7 03:03:55 CET 2018] scale:1000000 groups:10 work_mem:256MB incremental:on max_workers:0 =====
SELECT * FROM s_3 ORDER BY a, b, c, d
                                                                        QUERY PLAN                                                                         
-----------------------------------------------------------------------------------------------------------------------------------------------------------
 Limit  (cost=110137.41..110137.41 rows=1 width=20) (actual time=416.370..416.370 rows=0 loops=1)
   ->  Incremental Sort  (cost=62.49..100137.41 rows=1000000 width=20) (actual time=0.123..394.679 rows=1000000 loops=1)
         Sort Key: s_3.a, s_3.b, s_3.c, s_3.d
         Presorted Key: s_3.a, s_3.b, s_3.c
         Sort Method: quicksort  Memory: 134kB
         Sort Groups: 1331
         ->  Index Only Scan using s_3_a_b_c_e_d_idx on s_3  (cost=0.42..34844.43 rows=1000000 width=20) (actual time=0.031..124.284 rows=1000000 loops=1)
               Heap Fetches: 0
 Planning time: 0.286 ms
 Execution time: 416.409 ms
(10 rows)

===== 40 [Wed Mar  7 03:03:57 CET 2018] scale:1000000 groups:10 work_mem:256MB incremental:off max_workers:0 =====
SELECT * FROM s_1 ORDER BY a, b
                                                        QUERY PLAN                                                         
---------------------------------------------------------------------------------------------------------------------------
 Limit  (cost=128527.84..128527.84 rows=1 width=20) (actual time=383.877..383.877 rows=0 loops=1)
   ->  Sort  (cost=116027.84..118527.84 rows=1000000 width=20) (actual time=269.110..362.200 rows=1000000 loops=1)
         Sort Key: s_1.a, s_1.b
         Sort Method: quicksort  Memory: 102702kB
         ->  Seq Scan on s_1  (cost=0.00..16370.00 rows=1000000 width=20) (actual time=0.007..55.688 rows=1000000 loops=1)
 Planning time: 0.254 ms
 Execution time: 388.035 ms
(7 rows)

===== 41 [Wed Mar  7 03:03:59 CET 2018] scale:1000000 groups:10 work_mem:256MB incremental:off max_workers:0 =====
SELECT * FROM s_2 ORDER BY a, b, c
                                                        QUERY PLAN                                                         
---------------------------------------------------------------------------------------------------------------------------
 Limit  (cost=128527.84..128527.84 rows=1 width=20) (actual time=433.405..433.405 rows=0 loops=1)
   ->  Sort  (cost=116027.84..118527.84 rows=1000000 width=20) (actual time=323.155..411.718 rows=1000000 loops=1)
         Sort Key: s_2.a, s_2.b, s_2.c
         Sort Method: quicksort  Memory: 102702kB
         ->  Seq Scan on s_2  (cost=0.00..16370.00 rows=1000000 width=20) (actual time=0.004..55.558 rows=1000000 loops=1)
 Planning time: 0.266 ms
 Execution time: 437.552 ms
(7 rows)

===== 42 [Wed Mar  7 03:04:01 CET 2018] scale:1000000 groups:10 work_mem:256MB incremental:off max_workers:0 =====
SELECT * FROM s_3 ORDER BY a, b, c, d
                                                        QUERY PLAN                                                         
---------------------------------------------------------------------------------------------------------------------------
 Limit  (cost=128527.84..128527.84 rows=1 width=20) (actual time=503.518..503.518 rows=0 loops=1)
   ->  Sort  (cost=116027.84..118527.84 rows=1000000 width=20) (actual time=424.304..481.866 rows=1000000 loops=1)
         Sort Key: s_3.a, s_3.b, s_3.c, s_3.d
         Sort Method: quicksort  Memory: 102702kB
         ->  Seq Scan on s_3  (cost=0.00..16370.00 rows=1000000 width=20) (actual time=0.004..55.917 rows=1000000 loops=1)
 Planning time: 0.278 ms
 Execution time: 507.665 ms
(7 rows)

===== 43 [Wed Mar  7 03:04:04 CET 2018] scale:1000000 groups:10 work_mem:4MB incremental:on max_workers:2 =====
SELECT * FROM s_1 ORDER BY a, b
                                                        QUERY PLAN                                                         
---------------------------------------------------------------------------------------------------------------------------
 Limit  (cost=149037.84..149037.84 rows=1 width=20) (actual time=405.288..405.288 rows=0 loops=1)
   ->  Sort  (cost=136537.84..139037.84 rows=1000000 width=20) (actual time=291.312..383.393 rows=1000000 loops=1)
         Sort Key: s_1.a, s_1.b
         Sort Method: external merge  Disk: 29360kB
         ->  Seq Scan on s_1  (cost=0.00..16370.00 rows=1000000 width=20) (actual time=0.007..51.322 rows=1000000 loops=1)
 Planning time: 0.270 ms
 Execution time: 409.022 ms
(7 rows)

===== 44 [Wed Mar  7 03:04:06 CET 2018] scale:1000000 groups:10 work_mem:4MB incremental:on max_workers:2 =====
SELECT * FROM s_2 ORDER BY a, b, c
                                                                        QUERY PLAN                                                                         
-----------------------------------------------------------------------------------------------------------------------------------------------------------
 Limit  (cost=127410.37..127410.37 rows=1 width=20) (actual time=396.156..396.156 rows=0 loops=1)
   ->  Incremental Sort  (cost=826.11..117410.37 rows=1000000 width=20) (actual time=1.034..374.481 rows=1000000 loops=1)
         Sort Key: s_2.a, s_2.b, s_2.c
         Presorted Key: s_2.a, s_2.b
         Sort Method: quicksort  Memory: 1188kB
         Sort Groups: 121
         ->  Index Only Scan using s_2_a_b_e_d_c_idx on s_2  (cost=0.42..34844.43 rows=1000000 width=20) (actual time=0.029..128.540 rows=1000000 loops=1)
               Heap Fetches: 0
 Planning time: 0.286 ms
 Execution time: 396.195 ms
(10 rows)

===== 45 [Wed Mar  7 03:04:08 CET 2018] scale:1000000 groups:10 work_mem:4MB incremental:on max_workers:2 =====
SELECT * FROM s_3 ORDER BY a, b, c, d
                                                                        QUERY PLAN                                                                         
-----------------------------------------------------------------------------------------------------------------------------------------------------------
 Limit  (cost=110137.41..110137.41 rows=1 width=20) (actual time=411.281..411.281 rows=0 loops=1)
   ->  Incremental Sort  (cost=62.49..100137.41 rows=1000000 width=20) (actual time=0.124..389.602 rows=1000000 loops=1)
         Sort Key: s_3.a, s_3.b, s_3.c, s_3.d
         Presorted Key: s_3.a, s_3.b, s_3.c
         Sort Method: quicksort  Memory: 134kB
         Sort Groups: 1331
         ->  Index Only Scan using s_3_a_b_c_e_d_idx on s_3  (cost=0.42..34844.43 rows=1000000 width=20) (actual time=0.031..125.274 rows=1000000 loops=1)
               Heap Fetches: 0
 Planning time: 0.292 ms
 Execution time: 411.320 ms
(10 rows)

===== 46 [Wed Mar  7 03:04:10 CET 2018] scale:1000000 groups:10 work_mem:4MB incremental:off max_workers:2 =====
SELECT * FROM s_1 ORDER BY a, b
                                                        QUERY PLAN                                                         
---------------------------------------------------------------------------------------------------------------------------
 Limit  (cost=149037.84..149037.84 rows=1 width=20) (actual time=401.801..401.801 rows=0 loops=1)
   ->  Sort  (cost=136537.84..139037.84 rows=1000000 width=20) (actual time=288.013..379.901 rows=1000000 loops=1)
         Sort Key: s_1.a, s_1.b
         Sort Method: external merge  Disk: 29360kB
         ->  Seq Scan on s_1  (cost=0.00..16370.00 rows=1000000 width=20) (actual time=0.007..51.594 rows=1000000 loops=1)
 Planning time: 0.275 ms
 Execution time: 405.544 ms
(7 rows)

===== 47 [Wed Mar  7 03:04:12 CET 2018] scale:1000000 groups:10 work_mem:4MB incremental:off max_workers:2 =====
SELECT * FROM s_2 ORDER BY a, b, c
                                                        QUERY PLAN                                                         
---------------------------------------------------------------------------------------------------------------------------
 Limit  (cost=149037.84..149037.84 rows=1 width=20) (actual time=449.593..449.593 rows=0 loops=1)
   ->  Sort  (cost=136537.84..139037.84 rows=1000000 width=20) (actual time=337.073..427.596 rows=1000000 loops=1)
         Sort Key: s_2.a, s_2.b, s_2.c
         Sort Method: external merge  Disk: 29360kB
         ->  Seq Scan on s_2  (cost=0.00..16370.00 rows=1000000 width=20) (actual time=0.004..51.573 rows=1000000 loops=1)
 Planning time: 0.294 ms
 Execution time: 453.365 ms
(7 rows)

===== 48 [Wed Mar  7 03:04:15 CET 2018] scale:1000000 groups:10 work_mem:4MB incremental:off max_workers:2 =====
SELECT * FROM s_3 ORDER BY a, b, c, d
                                                        QUERY PLAN                                                         
---------------------------------------------------------------------------------------------------------------------------
 Limit  (cost=149037.84..149037.84 rows=1 width=20) (actual time=544.664..544.664 rows=0 loops=1)
   ->  Sort  (cost=136537.84..139037.84 rows=1000000 width=20) (actual time=432.534..522.682 rows=1000000 loops=1)
         Sort Key: s_3.a, s_3.b, s_3.c, s_3.d
         Sort Method: external merge  Disk: 29360kB
         ->  Seq Scan on s_3  (cost=0.00..16370.00 rows=1000000 width=20) (actual time=0.004..51.881 rows=1000000 loops=1)
 Planning time: 0.292 ms
 Execution time: 548.416 ms
(7 rows)

===== 49 [Wed Mar  7 03:04:17 CET 2018] scale:1000000 groups:10 work_mem:8MB incremental:on max_workers:2 =====
SELECT * FROM s_1 ORDER BY a, b
                                                                        QUERY PLAN                                                                         
-----------------------------------------------------------------------------------------------------------------------------------------------------------
 Limit  (cost=144705.33..144705.33 rows=1 width=20) (actual time=502.713..502.713 rows=0 loops=1)
   ->  Incremental Sort  (cost=10655.40..134705.33 rows=1000000 width=20) (actual time=17.519..480.566 rows=1000000 loops=1)
         Sort Key: s_1.a, s_1.b
         Presorted Key: s_1.a
         Sort Method: external merge  Disk: 2960kB
         Sort Groups: 11
         ->  Index Only Scan using s_1_a_e_d_c_b_idx on s_1  (cost=0.42..34844.43 rows=1000000 width=20) (actual time=0.036..129.388 rows=1000000 loops=1)
               Heap Fetches: 0
 Planning time: 0.281 ms
 Execution time: 502.741 ms
(10 rows)

===== 50 [Wed Mar  7 03:04:20 CET 2018] scale:1000000 groups:10 work_mem:8MB incremental:on max_workers:2 =====
SELECT * FROM s_2 ORDER BY a, b, c
                                                                        QUERY PLAN                                                                         
-----------------------------------------------------------------------------------------------------------------------------------------------------------
 Limit  (cost=127410.37..127410.37 rows=1 width=20) (actual time=396.229..396.229 rows=0 loops=1)
   ->  Incremental Sort  (cost=826.11..117410.37 rows=1000000 width=20) (actual time=1.032..374.568 rows=1000000 loops=1)
         Sort Key: s_2.a, s_2.b, s_2.c
         Presorted Key: s_2.a, s_2.b
         Sort Method: quicksort  Memory: 1188kB
         Sort Groups: 121
         ->  Index Only Scan using s_2_a_b_e_d_c_idx on s_2  (cost=0.42..34844.43 rows=1000000 width=20) (actual time=0.028..128.506 rows=1000000 loops=1)
               Heap Fetches: 0
 Planning time: 0.290 ms
 Execution time: 396.268 ms
(10 rows)

===== 51 [Wed Mar  7 03:04:22 CET 2018] scale:1000000 groups:10 work_mem:8MB incremental:on max_workers:2 =====
SELECT * FROM s_3 ORDER BY a, b, c, d
                                                                        QUERY PLAN                                                                         
-----------------------------------------------------------------------------------------------------------------------------------------------------------
 Limit  (cost=110137.41..110137.41 rows=1 width=20) (actual time=411.220..411.220 rows=0 loops=1)
   ->  Incremental Sort  (cost=62.49..100137.41 rows=1000000 width=20) (actual time=0.120..389.563 rows=1000000 loops=1)
         Sort Key: s_3.a, s_3.b, s_3.c, s_3.d
         Presorted Key: s_3.a, s_3.b, s_3.c
         Sort Method: quicksort  Memory: 134kB
         Sort Groups: 1331
         ->  Index Only Scan using s_3_a_b_c_e_d_idx on s_3  (cost=0.42..34844.43 rows=1000000 width=20) (actual time=0.027..125.367 rows=1000000 loops=1)
               Heap Fetches: 0
 Planning time: 0.292 ms
 Execution time: 411.259 ms
(10 rows)

===== 52 [Wed Mar  7 03:04:24 CET 2018] scale:1000000 groups:10 work_mem:8MB incremental:off max_workers:2 =====
SELECT * FROM s_1 ORDER BY a, b
                                                        QUERY PLAN                                                         
---------------------------------------------------------------------------------------------------------------------------
 Limit  (cost=149037.84..149037.84 rows=1 width=20) (actual time=400.596..400.596 rows=0 loops=1)
   ->  Sort  (cost=136537.84..139037.84 rows=1000000 width=20) (actual time=284.736..378.545 rows=1000000 loops=1)
         Sort Key: s_1.a, s_1.b
         Sort Method: external merge  Disk: 29360kB
         ->  Seq Scan on s_1  (cost=0.00..16370.00 rows=1000000 width=20) (actual time=0.007..51.950 rows=1000000 loops=1)
 Planning time: 0.264 ms
 Execution time: 404.504 ms
(7 rows)

===== 53 [Wed Mar  7 03:04:26 CET 2018] scale:1000000 groups:10 work_mem:8MB incremental:off max_workers:2 =====
SELECT * FROM s_2 ORDER BY a, b, c
                                                        QUERY PLAN                                                         
---------------------------------------------------------------------------------------------------------------------------
 Limit  (cost=149037.84..149037.84 rows=1 width=20) (actual time=442.719..442.719 rows=0 loops=1)
   ->  Sort  (cost=136537.84..139037.84 rows=1000000 width=20) (actual time=330.873..420.632 rows=1000000 loops=1)
         Sort Key: s_2.a, s_2.b, s_2.c
         Sort Method: external merge  Disk: 29360kB
         ->  Seq Scan on s_2  (cost=0.00..16370.00 rows=1000000 width=20) (actual time=0.004..51.867 rows=1000000 loops=1)
 Planning time: 0.281 ms
 Execution time: 446.625 ms
(7 rows)

===== 54 [Wed Mar  7 03:04:29 CET 2018] scale:1000000 groups:10 work_mem:8MB incremental:off max_workers:2 =====
SELECT * FROM s_3 ORDER BY a, b, c, d
                                                        QUERY PLAN                                                         
---------------------------------------------------------------------------------------------------------------------------
 Limit  (cost=149037.84..149037.84 rows=1 width=20) (actual time=537.103..537.103 rows=0 loops=1)
   ->  Sort  (cost=136537.84..139037.84 rows=1000000 width=20) (actual time=425.874..515.036 rows=1000000 loops=1)
         Sort Key: s_3.a, s_3.b, s_3.c, s_3.d
         Sort Method: external merge  Disk: 29360kB
         ->  Seq Scan on s_3  (cost=0.00..16370.00 rows=1000000 width=20) (actual time=0.004..52.192 rows=1000000 loops=1)
 Planning time: 0.295 ms
 Execution time: 541.012 ms
(7 rows)

===== 55 [Wed Mar  7 03:04:32 CET 2018] scale:1000000 groups:10 work_mem:16MB incremental:on max_workers:2 =====
SELECT * FROM s_1 ORDER BY a, b
                                                                        QUERY PLAN                                                                         
-----------------------------------------------------------------------------------------------------------------------------------------------------------
 Limit  (cost=144705.33..144705.33 rows=1 width=20) (actual time=411.928..411.928 rows=0 loops=1)
   ->  Incremental Sort  (cost=10655.40..134705.33 rows=1000000 width=20) (actual time=17.496..390.319 rows=1000000 loops=1)
         Sort Key: s_1.a, s_1.b
         Presorted Key: s_1.a
         Sort Method: quicksort  Memory: 10929kB
         Sort Groups: 11
         ->  Index Only Scan using s_1_a_e_d_c_b_idx on s_1  (cost=0.42..34844.43 rows=1000000 width=20) (actual time=0.037..130.134 rows=1000000 loops=1)
               Heap Fetches: 0
 Planning time: 0.268 ms
 Execution time: 412.070 ms
(10 rows)

===== 56 [Wed Mar  7 03:04:34 CET 2018] scale:1000000 groups:10 work_mem:16MB incremental:on max_workers:2 =====
SELECT * FROM s_2 ORDER BY a, b, c
                                                                        QUERY PLAN                                                                         
-----------------------------------------------------------------------------------------------------------------------------------------------------------
 Limit  (cost=127410.37..127410.37 rows=1 width=20) (actual time=396.189..396.189 rows=0 loops=1)
   ->  Incremental Sort  (cost=826.11..117410.37 rows=1000000 width=20) (actual time=1.036..374.519 rows=1000000 loops=1)
         Sort Key: s_2.a, s_2.b, s_2.c
         Presorted Key: s_2.a, s_2.b
         Sort Method: quicksort  Memory: 1188kB
         Sort Groups: 121
         ->  Index Only Scan using s_2_a_b_e_d_c_idx on s_2  (cost=0.42..34844.43 rows=1000000 width=20) (actual time=0.029..128.546 rows=1000000 loops=1)
               Heap Fetches: 0
 Planning time: 0.289 ms
 Execution time: 396.228 ms
(10 rows)

===== 57 [Wed Mar  7 03:04:36 CET 2018] scale:1000000 groups:10 work_mem:16MB incremental:on max_workers:2 =====
SELECT * FROM s_3 ORDER BY a, b, c, d
                                                                        QUERY PLAN                                                                         
-----------------------------------------------------------------------------------------------------------------------------------------------------------
 Limit  (cost=110137.41..110137.41 rows=1 width=20) (actual time=410.989..410.989 rows=0 loops=1)
   ->  Incremental Sort  (cost=62.49..100137.41 rows=1000000 width=20) (actual time=0.120..389.307 rows=1000000 loops=1)
         Sort Key: s_3.a, s_3.b, s_3.c, s_3.d
         Presorted Key: s_3.a, s_3.b, s_3.c
         Sort Method: quicksort  Memory: 134kB
         Sort Groups: 1331
         ->  Index Only Scan using s_3_a_b_c_e_d_idx on s_3  (cost=0.42..34844.43 rows=1000000 width=20) (actual time=0.027..125.250 rows=1000000 loops=1)
               Heap Fetches: 0
 Planning time: 0.294 ms
 Execution time: 411.028 ms
(10 rows)

===== 58 [Wed Mar  7 03:04:38 CET 2018] scale:1000000 groups:10 work_mem:16MB incremental:off max_workers:2 =====
SELECT * FROM s_1 ORDER BY a, b
                                                        QUERY PLAN                                                         
---------------------------------------------------------------------------------------------------------------------------
 Limit  (cost=149037.84..149037.84 rows=1 width=20) (actual time=420.772..420.772 rows=0 loops=1)
   ->  Sort  (cost=136537.84..139037.84 rows=1000000 width=20) (actual time=313.453..398.914 rows=1000000 loops=1)
         Sort Key: s_1.a, s_1.b
         Sort Method: external merge  Disk: 29392kB
         ->  Seq Scan on s_1  (cost=0.00..16370.00 rows=1000000 width=20) (actual time=0.007..52.483 rows=1000000 loops=1)
 Planning time: 0.266 ms
 Execution time: 425.050 ms
(7 rows)

===== 59 [Wed Mar  7 03:04:40 CET 2018] scale:1000000 groups:10 work_mem:16MB incremental:off max_workers:2 =====
SELECT * FROM s_2 ORDER BY a, b, c
                                                        QUERY PLAN                                                         
---------------------------------------------------------------------------------------------------------------------------
 Limit  (cost=149037.84..149037.84 rows=1 width=20) (actual time=464.534..464.534 rows=0 loops=1)
   ->  Sort  (cost=136537.84..139037.84 rows=1000000 width=20) (actual time=360.108..442.744 rows=1000000 loops=1)
         Sort Key: s_2.a, s_2.b, s_2.c
         Sort Method: external merge  Disk: 29392kB
         ->  Seq Scan on s_2  (cost=0.00..16370.00 rows=1000000 width=20) (actual time=0.004..52.456 rows=1000000 loops=1)
 Planning time: 0.279 ms
 Execution time: 468.849 ms
(7 rows)

===== 60 [Wed Mar  7 03:04:43 CET 2018] scale:1000000 groups:10 work_mem:16MB incremental:off max_workers:2 =====
SELECT * FROM s_3 ORDER BY a, b, c, d
                                                        QUERY PLAN                                                         
---------------------------------------------------------------------------------------------------------------------------
 Limit  (cost=149037.84..149037.84 rows=1 width=20) (actual time=552.857..552.857 rows=0 loops=1)
   ->  Sort  (cost=136537.84..139037.84 rows=1000000 width=20) (actual time=449.035..531.041 rows=1000000 loops=1)
         Sort Key: s_3.a, s_3.b, s_3.c, s_3.d
         Sort Method: external merge  Disk: 29392kB
         ->  Seq Scan on s_3  (cost=0.00..16370.00 rows=1000000 width=20) (actual time=0.004..52.790 rows=1000000 loops=1)
 Planning time: 0.289 ms
 Execution time: 557.150 ms
(7 rows)

===== 61 [Wed Mar  7 03:04:46 CET 2018] scale:1000000 groups:10 work_mem:32MB incremental:on max_workers:2 =====
SELECT * FROM s_1 ORDER BY a, b
                                                                        QUERY PLAN                                                                         
-----------------------------------------------------------------------------------------------------------------------------------------------------------
 Limit  (cost=144705.33..144705.33 rows=1 width=20) (actual time=409.741..409.741 rows=0 loops=1)
   ->  Incremental Sort  (cost=10655.40..134705.33 rows=1000000 width=20) (actual time=17.542..388.104 rows=1000000 loops=1)
         Sort Key: s_1.a, s_1.b
         Presorted Key: s_1.a
         Sort Method: quicksort  Memory: 10929kB
         Sort Groups: 11
         ->  Index Only Scan using s_1_a_e_d_c_b_idx on s_1  (cost=0.42..34844.43 rows=1000000 width=20) (actual time=0.037..130.231 rows=1000000 loops=1)
               Heap Fetches: 0
 Planning time: 0.275 ms
 Execution time: 409.882 ms
(10 rows)

===== 62 [Wed Mar  7 03:04:48 CET 2018] scale:1000000 groups:10 work_mem:32MB incremental:on max_workers:2 =====
SELECT * FROM s_2 ORDER BY a, b, c
                                                                        QUERY PLAN                                                                         
-----------------------------------------------------------------------------------------------------------------------------------------------------------
 Limit  (cost=127410.37..127410.37 rows=1 width=20) (actual time=395.082..395.082 rows=0 loops=1)
   ->  Incremental Sort  (cost=826.11..117410.37 rows=1000000 width=20) (actual time=1.041..373.370 rows=1000000 loops=1)
         Sort Key: s_2.a, s_2.b, s_2.c
         Presorted Key: s_2.a, s_2.b
         Sort Method: quicksort  Memory: 1188kB
         Sort Groups: 121
         ->  Index Only Scan using s_2_a_b_e_d_c_idx on s_2  (cost=0.42..34844.43 rows=1000000 width=20) (actual time=0.031..128.617 rows=1000000 loops=1)
               Heap Fetches: 0
 Planning time: 0.283 ms
 Execution time: 395.126 ms
(10 rows)

===== 63 [Wed Mar  7 03:04:50 CET 2018] scale:1000000 groups:10 work_mem:32MB incremental:on max_workers:2 =====
SELECT * FROM s_3 ORDER BY a, b, c, d
                                                                        QUERY PLAN                                                                         
-----------------------------------------------------------------------------------------------------------------------------------------------------------
 Limit  (cost=110137.41..110137.41 rows=1 width=20) (actual time=411.473..411.473 rows=0 loops=1)
   ->  Incremental Sort  (cost=62.49..100137.41 rows=1000000 width=20) (actual time=0.122..389.819 rows=1000000 loops=1)
         Sort Key: s_3.a, s_3.b, s_3.c, s_3.d
         Presorted Key: s_3.a, s_3.b, s_3.c
         Sort Method: quicksort  Memory: 134kB
         Sort Groups: 1331
         ->  Index Only Scan using s_3_a_b_c_e_d_idx on s_3  (cost=0.42..34844.43 rows=1000000 width=20) (actual time=0.028..123.664 rows=1000000 loops=1)
               Heap Fetches: 0
 Planning time: 0.292 ms
 Execution time: 411.514 ms
(10 rows)

===== 64 [Wed Mar  7 03:04:52 CET 2018] scale:1000000 groups:10 work_mem:32MB incremental:off max_workers:2 =====
SELECT * FROM s_1 ORDER BY a, b
                                                        QUERY PLAN                                                         
---------------------------------------------------------------------------------------------------------------------------
 Limit  (cost=149037.84..149037.84 rows=1 width=20) (actual time=444.092..444.092 rows=0 loops=1)
   ->  Sort  (cost=136537.84..139037.84 rows=1000000 width=20) (actual time=342.537..422.272 rows=1000000 loops=1)
         Sort Key: s_1.a, s_1.b
         Sort Method: external merge  Disk: 29360kB
         ->  Seq Scan on s_1  (cost=0.00..16370.00 rows=1000000 width=20) (actual time=0.007..53.632 rows=1000000 loops=1)
 Planning time: 0.262 ms
 Execution time: 448.712 ms
(7 rows)

===== 65 [Wed Mar  7 03:04:54 CET 2018] scale:1000000 groups:10 work_mem:32MB incremental:off max_workers:2 =====
SELECT * FROM s_2 ORDER BY a, b, c
                                                        QUERY PLAN                                                         
---------------------------------------------------------------------------------------------------------------------------
 Limit  (cost=149037.84..149037.84 rows=1 width=20) (actual time=486.269..486.269 rows=0 loops=1)
   ->  Sort  (cost=136537.84..139037.84 rows=1000000 width=20) (actual time=385.035..464.447 rows=1000000 loops=1)
         Sort Key: s_2.a, s_2.b, s_2.c
         Sort Method: external merge  Disk: 29360kB
         ->  Seq Scan on s_2  (cost=0.00..16370.00 rows=1000000 width=20) (actual time=0.004..53.599 rows=1000000 loops=1)
 Planning time: 0.281 ms
 Execution time: 490.916 ms
(7 rows)

===== 66 [Wed Mar  7 03:04:57 CET 2018] scale:1000000 groups:10 work_mem:32MB incremental:off max_workers:2 =====
SELECT * FROM s_3 ORDER BY a, b, c, d
                                                        QUERY PLAN                                                         
---------------------------------------------------------------------------------------------------------------------------
 Limit  (cost=149037.84..149037.84 rows=1 width=20) (actual time=576.653..576.653 rows=0 loops=1)
   ->  Sort  (cost=136537.84..139037.84 rows=1000000 width=20) (actual time=475.433..554.825 rows=1000000 loops=1)
         Sort Key: s_3.a, s_3.b, s_3.c, s_3.d
         Sort Method: external merge  Disk: 29360kB
         ->  Seq Scan on s_3  (cost=0.00..16370.00 rows=1000000 width=20) (actual time=0.004..54.087 rows=1000000 loops=1)
 Planning time: 0.292 ms
 Execution time: 581.298 ms
(7 rows)

===== 67 [Wed Mar  7 03:05:00 CET 2018] scale:1000000 groups:10 work_mem:64MB incremental:on max_workers:2 =====
SELECT * FROM s_1 ORDER BY a, b
                                                        QUERY PLAN                                                         
---------------------------------------------------------------------------------------------------------------------------
 Limit  (cost=128527.84..128527.84 rows=1 width=20) (actual time=469.129..469.129 rows=0 loops=1)
   ->  Sort  (cost=116027.84..118527.84 rows=1000000 width=20) (actual time=374.187..447.206 rows=1000000 loops=1)
         Sort Key: s_1.a, s_1.b
         Sort Method: external merge  Disk: 29360kB
         ->  Seq Scan on s_1  (cost=0.00..16370.00 rows=1000000 width=20) (actual time=0.007..55.250 rows=1000000 loops=1)
 Planning time: 0.267 ms
 Execution time: 472.690 ms
(7 rows)

===== 68 [Wed Mar  7 03:05:02 CET 2018] scale:1000000 groups:10 work_mem:64MB incremental:on max_workers:2 =====
SELECT * FROM s_2 ORDER BY a, b, c
                                                                        QUERY PLAN                                                                         
-----------------------------------------------------------------------------------------------------------------------------------------------------------
 Limit  (cost=127410.37..127410.37 rows=1 width=20) (actual time=396.105..396.105 rows=0 loops=1)
   ->  Incremental Sort  (cost=826.11..117410.37 rows=1000000 width=20) (actual time=1.036..374.416 rows=1000000 loops=1)
         Sort Key: s_2.a, s_2.b, s_2.c
         Presorted Key: s_2.a, s_2.b
         Sort Method: quicksort  Memory: 1188kB
         Sort Groups: 121
         ->  Index Only Scan using s_2_a_b_e_d_c_idx on s_2  (cost=0.42..34844.43 rows=1000000 width=20) (actual time=0.029..128.515 rows=1000000 loops=1)
               Heap Fetches: 0
 Planning time: 0.282 ms
 Execution time: 396.144 ms
(10 rows)

===== 69 [Wed Mar  7 03:05:04 CET 2018] scale:1000000 groups:10 work_mem:64MB incremental:on max_workers:2 =====
SELECT * FROM s_3 ORDER BY a, b, c, d
                                                                        QUERY PLAN                                                                         
-----------------------------------------------------------------------------------------------------------------------------------------------------------
 Limit  (cost=110137.41..110137.41 rows=1 width=20) (actual time=411.138..411.138 rows=0 loops=1)
   ->  Incremental Sort  (cost=62.49..100137.41 rows=1000000 width=20) (actual time=0.120..389.476 rows=1000000 loops=1)
         Sort Key: s_3.a, s_3.b, s_3.c, s_3.d
         Presorted Key: s_3.a, s_3.b, s_3.c
         Sort Method: quicksort  Memory: 134kB
         Sort Groups: 1331
         ->  Index Only Scan using s_3_a_b_c_e_d_idx on s_3  (cost=0.42..34844.43 rows=1000000 width=20) (actual time=0.026..125.236 rows=1000000 loops=1)
               Heap Fetches: 0
 Planning time: 0.294 ms
 Execution time: 411.179 ms
(10 rows)

===== 70 [Wed Mar  7 03:05:07 CET 2018] scale:1000000 groups:10 work_mem:64MB incremental:off max_workers:2 =====
SELECT * FROM s_1 ORDER BY a, b
                                                        QUERY PLAN                                                         
---------------------------------------------------------------------------------------------------------------------------
 Limit  (cost=128527.84..128527.84 rows=1 width=20) (actual time=465.512..465.512 rows=0 loops=1)
   ->  Sort  (cost=116027.84..118527.84 rows=1000000 width=20) (actual time=371.339..443.618 rows=1000000 loops=1)
         Sort Key: s_1.a, s_1.b
         Sort Method: external merge  Disk: 29360kB
         ->  Seq Scan on s_1  (cost=0.00..16370.00 rows=1000000 width=20) (actual time=0.007..55.465 rows=1000000 loops=1)
 Planning time: 0.278 ms
 Execution time: 469.072 ms
(7 rows)

===== 71 [Wed Mar  7 03:05:09 CET 2018] scale:1000000 groups:10 work_mem:64MB incremental:off max_workers:2 =====
SELECT * FROM s_2 ORDER BY a, b, c
                                                        QUERY PLAN                                                         
---------------------------------------------------------------------------------------------------------------------------
 Limit  (cost=128527.84..128527.84 rows=1 width=20) (actual time=505.120..505.120 rows=0 loops=1)
   ->  Sort  (cost=116027.84..118527.84 rows=1000000 width=20) (actual time=411.017..483.235 rows=1000000 loops=1)
         Sort Key: s_2.a, s_2.b, s_2.c
         Sort Method: external merge  Disk: 29360kB
         ->  Seq Scan on s_2  (cost=0.00..16370.00 rows=1000000 width=20) (actual time=0.004..55.390 rows=1000000 loops=1)
 Planning time: 0.279 ms
 Execution time: 508.656 ms
(7 rows)

===== 72 [Wed Mar  7 03:05:12 CET 2018] scale:1000000 groups:10 work_mem:64MB incremental:off max_workers:2 =====
SELECT * FROM s_3 ORDER BY a, b, c, d
                                                        QUERY PLAN                                                         
---------------------------------------------------------------------------------------------------------------------------
 Limit  (cost=128527.84..128527.84 rows=1 width=20) (actual time=594.263..594.263 rows=0 loops=1)
   ->  Sort  (cost=116027.84..118527.84 rows=1000000 width=20) (actual time=499.925..572.356 rows=1000000 loops=1)
         Sort Key: s_3.a, s_3.b, s_3.c, s_3.d
         Sort Method: external merge  Disk: 29360kB
         ->  Seq Scan on s_3  (cost=0.00..16370.00 rows=1000000 width=20) (actual time=0.004..55.763 rows=1000000 loops=1)
 Planning time: 0.294 ms
 Execution time: 597.809 ms
(7 rows)

===== 73 [Wed Mar  7 03:05:15 CET 2018] scale:1000000 groups:10 work_mem:128MB incremental:on max_workers:2 =====
SELECT * FROM s_1 ORDER BY a, b
                                                        QUERY PLAN                                                         
---------------------------------------------------------------------------------------------------------------------------
 Limit  (cost=128527.84..128527.84 rows=1 width=20) (actual time=384.367..384.367 rows=0 loops=1)
   ->  Sort  (cost=116027.84..118527.84 rows=1000000 width=20) (actual time=269.019..362.663 rows=1000000 loops=1)
         Sort Key: s_1.a, s_1.b
         Sort Method: quicksort  Memory: 102702kB
         ->  Seq Scan on s_1  (cost=0.00..16370.00 rows=1000000 width=20) (actual time=0.007..55.426 rows=1000000 loops=1)
 Planning time: 0.269 ms
 Execution time: 388.503 ms
(7 rows)

===== 74 [Wed Mar  7 03:05:17 CET 2018] scale:1000000 groups:10 work_mem:128MB incremental:on max_workers:2 =====
SELECT * FROM s_2 ORDER BY a, b, c
                                                                        QUERY PLAN                                                                         
-----------------------------------------------------------------------------------------------------------------------------------------------------------
 Limit  (cost=127410.37..127410.37 rows=1 width=20) (actual time=395.933..395.933 rows=0 loops=1)
   ->  Incremental Sort  (cost=826.11..117410.37 rows=1000000 width=20) (actual time=1.037..374.228 rows=1000000 loops=1)
         Sort Key: s_2.a, s_2.b, s_2.c
         Presorted Key: s_2.a, s_2.b
         Sort Method: quicksort  Memory: 1188kB
         Sort Groups: 121
         ->  Index Only Scan using s_2_a_b_e_d_c_idx on s_2  (cost=0.42..34844.43 rows=1000000 width=20) (actual time=0.036..128.506 rows=1000000 loops=1)
               Heap Fetches: 0
 Planning time: 0.285 ms
 Execution time: 395.973 ms
(10 rows)

===== 75 [Wed Mar  7 03:05:19 CET 2018] scale:1000000 groups:10 work_mem:128MB incremental:on max_workers:2 =====
SELECT * FROM s_3 ORDER BY a, b, c, d
                                                                        QUERY PLAN                                                                         
-----------------------------------------------------------------------------------------------------------------------------------------------------------
 Limit  (cost=110137.41..110137.41 rows=1 width=20) (actual time=410.977..410.977 rows=0 loops=1)
   ->  Incremental Sort  (cost=62.49..100137.41 rows=1000000 width=20) (actual time=0.119..389.300 rows=1000000 loops=1)
         Sort Key: s_3.a, s_3.b, s_3.c, s_3.d
         Presorted Key: s_3.a, s_3.b, s_3.c
         Sort Method: quicksort  Memory: 134kB
         Sort Groups: 1331
         ->  Index Only Scan using s_3_a_b_c_e_d_idx on s_3  (cost=0.42..34844.43 rows=1000000 width=20) (actual time=0.027..125.248 rows=1000000 loops=1)
               Heap Fetches: 0
 Planning time: 0.298 ms
 Execution time: 411.017 ms
(10 rows)

===== 76 [Wed Mar  7 03:05:21 CET 2018] scale:1000000 groups:10 work_mem:128MB incremental:off max_workers:2 =====
SELECT * FROM s_1 ORDER BY a, b
                                                        QUERY PLAN                                                         
---------------------------------------------------------------------------------------------------------------------------
 Limit  (cost=128527.84..128527.84 rows=1 width=20) (actual time=383.129..383.129 rows=0 loops=1)
   ->  Sort  (cost=116027.84..118527.84 rows=1000000 width=20) (actual time=268.903..361.418 rows=1000000 loops=1)
         Sort Key: s_1.a, s_1.b
         Sort Method: quicksort  Memory: 102702kB
         ->  Seq Scan on s_1  (cost=0.00..16370.00 rows=1000000 width=20) (actual time=0.007..55.662 rows=1000000 loops=1)
 Planning time: 0.262 ms
 Execution time: 387.275 ms
(7 rows)

===== 77 [Wed Mar  7 03:05:23 CET 2018] scale:1000000 groups:10 work_mem:128MB incremental:off max_workers:2 =====
SELECT * FROM s_2 ORDER BY a, b, c
                                                        QUERY PLAN                                                         
---------------------------------------------------------------------------------------------------------------------------
 Limit  (cost=128527.84..128527.84 rows=1 width=20) (actual time=433.343..433.343 rows=0 loops=1)
   ->  Sort  (cost=116027.84..118527.84 rows=1000000 width=20) (actual time=323.153..411.672 rows=1000000 loops=1)
         Sort Key: s_2.a, s_2.b, s_2.c
         Sort Method: quicksort  Memory: 102702kB
         ->  Seq Scan on s_2  (cost=0.00..16370.00 rows=1000000 width=20) (actual time=0.004..55.629 rows=1000000 loops=1)
 Planning time: 0.281 ms
 Execution time: 437.484 ms
(7 rows)

===== 78 [Wed Mar  7 03:05:25 CET 2018] scale:1000000 groups:10 work_mem:128MB incremental:off max_workers:2 =====
SELECT * FROM s_3 ORDER BY a, b, c, d
                                                        QUERY PLAN                                                         
---------------------------------------------------------------------------------------------------------------------------
 Limit  (cost=128527.84..128527.84 rows=1 width=20) (actual time=503.664..503.664 rows=0 loops=1)
   ->  Sort  (cost=116027.84..118527.84 rows=1000000 width=20) (actual time=424.473..481.988 rows=1000000 loops=1)
         Sort Key: s_3.a, s_3.b, s_3.c, s_3.d
         Sort Method: quicksort  Memory: 102702kB
         ->  Seq Scan on s_3  (cost=0.00..16370.00 rows=1000000 width=20) (actual time=0.004..55.983 rows=1000000 loops=1)
 Planning time: 0.298 ms
 Execution time: 507.808 ms
(7 rows)

===== 79 [Wed Mar  7 03:05:28 CET 2018] scale:1000000 groups:10 work_mem:256MB incremental:on max_workers:2 =====
SELECT * FROM s_1 ORDER BY a, b
                                                        QUERY PLAN                                                         
---------------------------------------------------------------------------------------------------------------------------
 Limit  (cost=128527.84..128527.84 rows=1 width=20) (actual time=384.668..384.668 rows=0 loops=1)
   ->  Sort  (cost=116027.84..118527.84 rows=1000000 width=20) (actual time=269.344..362.985 rows=1000000 loops=1)
         Sort Key: s_1.a, s_1.b
         Sort Method: quicksort  Memory: 102702kB
         ->  Seq Scan on s_1  (cost=0.00..16370.00 rows=1000000 width=20) (actual time=0.007..55.424 rows=1000000 loops=1)
 Planning time: 0.271 ms
 Execution time: 388.816 ms
(7 rows)

===== 80 [Wed Mar  7 03:05:30 CET 2018] scale:1000000 groups:10 work_mem:256MB incremental:on max_workers:2 =====
SELECT * FROM s_2 ORDER BY a, b, c
                                                                        QUERY PLAN                                                                         
-----------------------------------------------------------------------------------------------------------------------------------------------------------
 Limit  (cost=127410.37..127410.37 rows=1 width=20) (actual time=395.964..395.964 rows=0 loops=1)
   ->  Incremental Sort  (cost=826.11..117410.37 rows=1000000 width=20) (actual time=1.040..374.287 rows=1000000 loops=1)
         Sort Key: s_2.a, s_2.b, s_2.c
         Presorted Key: s_2.a, s_2.b
         Sort Method: quicksort  Memory: 1188kB
         Sort Groups: 121
         ->  Index Only Scan using s_2_a_b_e_d_c_idx on s_2  (cost=0.42..34844.43 rows=1000000 width=20) (actual time=0.031..128.589 rows=1000000 loops=1)
               Heap Fetches: 0
 Planning time: 0.284 ms
 Execution time: 396.002 ms
(10 rows)

===== 81 [Wed Mar  7 03:05:32 CET 2018] scale:1000000 groups:10 work_mem:256MB incremental:on max_workers:2 =====
SELECT * FROM s_3 ORDER BY a, b, c, d
                                                                        QUERY PLAN                                                                         
-----------------------------------------------------------------------------------------------------------------------------------------------------------
 Limit  (cost=110137.41..110137.41 rows=1 width=20) (actual time=411.153..411.153 rows=0 loops=1)
   ->  Incremental Sort  (cost=62.49..100137.41 rows=1000000 width=20) (actual time=0.119..389.488 rows=1000000 loops=1)
         Sort Key: s_3.a, s_3.b, s_3.c, s_3.d
         Presorted Key: s_3.a, s_3.b, s_3.c
         Sort Method: quicksort  Memory: 134kB
         Sort Groups: 1331
         ->  Index Only Scan using s_3_a_b_c_e_d_idx on s_3  (cost=0.42..34844.43 rows=1000000 width=20) (actual time=0.026..125.238 rows=1000000 loops=1)
               Heap Fetches: 0
 Planning time: 0.293 ms
 Execution time: 411.192 ms
(10 rows)

===== 82 [Wed Mar  7 03:05:34 CET 2018] scale:1000000 groups:10 work_mem:256MB incremental:off max_workers:2 =====
SELECT * FROM s_1 ORDER BY a, b
                                                        QUERY PLAN                                                         
---------------------------------------------------------------------------------------------------------------------------
 Limit  (cost=128527.84..128527.84 rows=1 width=20) (actual time=383.259..383.259 rows=0 loops=1)
   ->  Sort  (cost=116027.84..118527.84 rows=1000000 width=20) (actual time=269.018..361.550 rows=1000000 loops=1)
         Sort Key: s_1.a, s_1.b
         Sort Method: quicksort  Memory: 102702kB
         ->  Seq Scan on s_1  (cost=0.00..16370.00 rows=1000000 width=20) (actual time=0.007..55.628 rows=1000000 loops=1)
 Planning time: 0.265 ms
 Execution time: 387.399 ms
(7 rows)

===== 83 [Wed Mar  7 03:05:36 CET 2018] scale:1000000 groups:10 work_mem:256MB incremental:off max_workers:2 =====
SELECT * FROM s_2 ORDER BY a, b, c
                                                        QUERY PLAN                                                         
---------------------------------------------------------------------------------------------------------------------------
 Limit  (cost=128527.84..128527.84 rows=1 width=20) (actual time=433.454..433.454 rows=0 loops=1)
   ->  Sort  (cost=116027.84..118527.84 rows=1000000 width=20) (actual time=323.208..411.785 rows=1000000 loops=1)
         Sort Key: s_2.a, s_2.b, s_2.c
         Sort Method: quicksort  Memory: 102702kB
         ->  Seq Scan on s_2  (cost=0.00..16370.00 rows=1000000 width=20) (actual time=0.004..55.574 rows=1000000 loops=1)
 Planning time: 0.284 ms
 Execution time: 437.601 ms
(7 rows)

===== 84 [Wed Mar  7 03:05:39 CET 2018] scale:1000000 groups:10 work_mem:256MB incremental:off max_workers:2 =====
SELECT * FROM s_3 ORDER BY a, b, c, d
                                                        QUERY PLAN                                                         
---------------------------------------------------------------------------------------------------------------------------
 Limit  (cost=128527.84..128527.84 rows=1 width=20) (actual time=503.713..503.713 rows=0 loops=1)
   ->  Sort  (cost=116027.84..118527.84 rows=1000000 width=20) (actual time=424.510..482.040 rows=1000000 loops=1)
         Sort Key: s_3.a, s_3.b, s_3.c, s_3.d
         Sort Method: quicksort  Memory: 102702kB
         ->  Seq Scan on s_3  (cost=0.00..16370.00 rows=1000000 width=20) (actual time=0.004..55.956 rows=1000000 loops=1)
 Planning time: 0.289 ms
 Execution time: 507.862 ms
(7 rows)

===== 85 [Wed Mar  7 03:05:49 CET 2018] scale:1000000 groups:100 work_mem:4MB incremental:on max_workers:0 =====
SELECT * FROM s_1 ORDER BY a, b
                                                                        QUERY PLAN                                                                         
-----------------------------------------------------------------------------------------------------------------------------------------------------------
 Limit  (cost=128713.23..128713.23 rows=1 width=20) (actual time=462.568..462.568 rows=0 loops=1)
   ->  Incremental Sort  (cost=1002.51..118713.23 rows=1000000 width=20) (actual time=2.303..440.997 rows=1000000 loops=1)
         Sort Key: s_1.a, s_1.b
         Presorted Key: s_1.a
         Sort Method: quicksort  Memory: 1191kB
         Sort Groups: 101
         ->  Index Only Scan using s_1_a_e_d_c_b_idx on s_1  (cost=0.42..34844.43 rows=1000000 width=20) (actual time=0.042..148.079 rows=1000000 loops=1)
               Heap Fetches: 0
 Planning time: 0.270 ms
 Execution time: 462.606 ms
(10 rows)

===== 86 [Wed Mar  7 03:05:51 CET 2018] scale:1000000 groups:100 work_mem:4MB incremental:on max_workers:0 =====
SELECT * FROM s_2 ORDER BY a, b, c
                                                                        QUERY PLAN                                                                         
-----------------------------------------------------------------------------------------------------------------------------------------------------------
 Limit  (cost=95624.17..95624.17 rows=1 width=20) (actual time=483.553..483.553 rows=0 loops=1)
   ->  Incremental Sort  (cost=7.08..85624.17 rows=1000000 width=20) (actual time=0.118..461.779 rows=1000000 loops=1)
         Sort Key: s_2.a, s_2.b, s_2.c
         Presorted Key: s_2.a, s_2.b
         Sort Method: quicksort  Memory: 35kB
         Sort Groups: 10198
         ->  Index Only Scan using s_2_a_b_e_d_c_idx on s_2  (cost=0.42..34844.43 rows=1000000 width=20) (actual time=0.049..145.045 rows=1000000 loops=1)
               Heap Fetches: 0
 Planning time: 0.291 ms
 Execution time: 483.577 ms
(10 rows)

===== 87 [Wed Mar  7 03:05:53 CET 2018] scale:1000000 groups:100 work_mem:4MB incremental:on max_workers:0 =====
SELECT * FROM s_3 ORDER BY a, b, c, d
                                                                        QUERY PLAN                                                                         
-----------------------------------------------------------------------------------------------------------------------------------------------------------
 Limit  (cost=80954.07..80954.07 rows=1 width=20) (actual time=434.639..434.639 rows=0 loops=1)
   ->  Incremental Sort  (cost=0.94..70954.07 rows=1000000 width=20) (actual time=0.095..412.764 rows=1000000 loops=1)
         Sort Key: s_3.a, s_3.b, s_3.c, s_3.d
         Presorted Key: s_3.a, s_3.b, s_3.c
         Sort Method: quicksort  Memory: 28kB
         Sort Groups: 30774
         ->  Index Only Scan using s_3_a_b_c_e_d_idx on s_3  (cost=0.42..34844.43 rows=1000000 width=20) (actual time=0.046..144.612 rows=1000000 loops=1)
               Heap Fetches: 0
 Planning time: 0.298 ms
 Execution time: 434.664 ms
(10 rows)

===== 88 [Wed Mar  7 03:05:55 CET 2018] scale:1000000 groups:100 work_mem:4MB incremental:off max_workers:0 =====
SELECT * FROM s_1 ORDER BY a, b
                                                        QUERY PLAN                                                         
---------------------------------------------------------------------------------------------------------------------------
 Limit  (cost=149037.84..149037.84 rows=1 width=20) (actual time=464.770..464.770 rows=0 loops=1)
   ->  Sort  (cost=136537.84..139037.84 rows=1000000 width=20) (actual time=358.481..442.813 rows=1000000 loops=1)
         Sort Key: s_1.a, s_1.b
         Sort Method: external merge  Disk: 29360kB
         ->  Seq Scan on s_1  (cost=0.00..16370.00 rows=1000000 width=20) (actual time=0.007..51.587 rows=1000000 loops=1)
 Planning time: 0.268 ms
 Execution time: 468.479 ms
(7 rows)

===== 89 [Wed Mar  7 03:05:58 CET 2018] scale:1000000 groups:100 work_mem:4MB incremental:off max_workers:0 =====
SELECT * FROM s_2 ORDER BY a, b, c
                                                        QUERY PLAN                                                         
---------------------------------------------------------------------------------------------------------------------------
 Limit  (cost=149037.84..149037.84 rows=1 width=20) (actual time=602.494..602.494 rows=0 loops=1)
   ->  Sort  (cost=136537.84..139037.84 rows=1000000 width=20) (actual time=497.261..580.600 rows=1000000 loops=1)
         Sort Key: s_2.a, s_2.b, s_2.c
         Sort Method: external merge  Disk: 29360kB
         ->  Seq Scan on s_2  (cost=0.00..16370.00 rows=1000000 width=20) (actual time=0.004..51.516 rows=1000000 loops=1)
 Planning time: 0.289 ms
 Execution time: 606.203 ms
(7 rows)

===== 90 [Wed Mar  7 03:06:01 CET 2018] scale:1000000 groups:100 work_mem:4MB incremental:off max_workers:0 =====
SELECT * FROM s_3 ORDER BY a, b, c, d
                                                        QUERY PLAN                                                         
---------------------------------------------------------------------------------------------------------------------------
 Limit  (cost=149037.84..149037.84 rows=1 width=20) (actual time=592.485..592.485 rows=0 loops=1)
   ->  Sort  (cost=136537.84..139037.84 rows=1000000 width=20) (actual time=486.924..570.605 rows=1000000 loops=1)
         Sort Key: s_3.a, s_3.b, s_3.c, s_3.d
         Sort Method: external merge  Disk: 29360kB
         ->  Seq Scan on s_3  (cost=0.00..16370.00 rows=1000000 width=20) (actual time=0.004..51.857 rows=1000000 loops=1)
 Planning time: 0.288 ms
 Execution time: 596.190 ms
(7 rows)

===== 91 [Wed Mar  7 03:06:04 CET 2018] scale:1000000 groups:100 work_mem:8MB incremental:on max_workers:0 =====
SELECT * FROM s_1 ORDER BY a, b
                                                                        QUERY PLAN                                                                         
-----------------------------------------------------------------------------------------------------------------------------------------------------------
 Limit  (cost=128713.23..128713.23 rows=1 width=20) (actual time=441.506..441.506 rows=0 loops=1)
   ->  Incremental Sort  (cost=1002.51..118713.23 rows=1000000 width=20) (actual time=2.146..419.923 rows=1000000 loops=1)
         Sort Key: s_1.a, s_1.b
         Presorted Key: s_1.a
         Sort Method: quicksort  Memory: 1191kB
         Sort Groups: 101
         ->  Index Only Scan using s_1_a_e_d_c_b_idx on s_1  (cost=0.42..34844.43 rows=1000000 width=20) (actual time=0.024..128.707 rows=1000000 loops=1)
               Heap Fetches: 0
 Planning time: 0.268 ms
 Execution time: 441.543 ms
(10 rows)

===== 92 [Wed Mar  7 03:06:07 CET 2018] scale:1000000 groups:100 work_mem:8MB incremental:on max_workers:0 =====
SELECT * FROM s_2 ORDER BY a, b, c
                                                                        QUERY PLAN                                                                         
-----------------------------------------------------------------------------------------------------------------------------------------------------------
 Limit  (cost=95624.17..95624.17 rows=1 width=20) (actual time=460.250..460.250 rows=0 loops=1)
   ->  Incremental Sort  (cost=7.08..85624.17 rows=1000000 width=20) (actual time=0.100..438.526 rows=1000000 loops=1)
         Sort Key: s_2.a, s_2.b, s_2.c
         Presorted Key: s_2.a, s_2.b
         Sort Method: quicksort  Memory: 35kB
         Sort Groups: 10198
         ->  Index Only Scan using s_2_a_b_e_d_c_idx on s_2  (cost=0.42..34844.43 rows=1000000 width=20) (actual time=0.029..124.601 rows=1000000 loops=1)
               Heap Fetches: 0
 Planning time: 0.289 ms
 Execution time: 460.273 ms
(10 rows)

===== 93 [Wed Mar  7 03:06:09 CET 2018] scale:1000000 groups:100 work_mem:8MB incremental:on max_workers:0 =====
SELECT * FROM s_3 ORDER BY a, b, c, d
                                                                        QUERY PLAN                                                                         
-----------------------------------------------------------------------------------------------------------------------------------------------------------
 Limit  (cost=80954.07..80954.07 rows=1 width=20) (actual time=411.394..411.394 rows=0 loops=1)
   ->  Incremental Sort  (cost=0.94..70954.07 rows=1000000 width=20) (actual time=0.080..389.595 rows=1000000 loops=1)
         Sort Key: s_3.a, s_3.b, s_3.c, s_3.d
         Presorted Key: s_3.a, s_3.b, s_3.c
         Sort Method: quicksort  Memory: 28kB
         Sort Groups: 30774
         ->  Index Only Scan using s_3_a_b_c_e_d_idx on s_3  (cost=0.42..34844.43 rows=1000000 width=20) (actual time=0.029..124.214 rows=1000000 loops=1)
               Heap Fetches: 0
 Planning time: 0.296 ms
 Execution time: 411.417 ms
(10 rows)

===== 94 [Wed Mar  7 03:06:11 CET 2018] scale:1000000 groups:100 work_mem:8MB incremental:off max_workers:0 =====
SELECT * FROM s_1 ORDER BY a, b
                                                        QUERY PLAN                                                         
---------------------------------------------------------------------------------------------------------------------------
 Limit  (cost=149037.84..149037.84 rows=1 width=20) (actual time=463.402..463.402 rows=0 loops=1)
   ->  Sort  (cost=136537.84..139037.84 rows=1000000 width=20) (actual time=359.708..441.578 rows=1000000 loops=1)
         Sort Key: s_1.a, s_1.b
         Sort Method: external merge  Disk: 29360kB
         ->  Seq Scan on s_1  (cost=0.00..16370.00 rows=1000000 width=20) (actual time=0.007..51.939 rows=1000000 loops=1)
 Planning time: 0.266 ms
 Execution time: 467.275 ms
(7 rows)

===== 95 [Wed Mar  7 03:06:14 CET 2018] scale:1000000 groups:100 work_mem:8MB incremental:off max_workers:0 =====
SELECT * FROM s_2 ORDER BY a, b, c
                                                        QUERY PLAN                                                         
---------------------------------------------------------------------------------------------------------------------------
 Limit  (cost=149037.84..149037.84 rows=1 width=20) (actual time=586.479..586.479 rows=0 loops=1)
   ->  Sort  (cost=136537.84..139037.84 rows=1000000 width=20) (actual time=483.601..564.703 rows=1000000 loops=1)
         Sort Key: s_2.a, s_2.b, s_2.c
         Sort Method: external merge  Disk: 29360kB
         ->  Seq Scan on s_2  (cost=0.00..16370.00 rows=1000000 width=20) (actual time=0.004..51.815 rows=1000000 loops=1)
 Planning time: 0.289 ms
 Execution time: 590.358 ms
(7 rows)

===== 96 [Wed Mar  7 03:06:17 CET 2018] scale:1000000 groups:100 work_mem:8MB incremental:off max_workers:0 =====
SELECT * FROM s_3 ORDER BY a, b, c, d
                                                        QUERY PLAN                                                         
---------------------------------------------------------------------------------------------------------------------------
 Limit  (cost=149037.84..149037.84 rows=1 width=20) (actual time=569.222..569.222 rows=0 loops=1)
   ->  Sort  (cost=136537.84..139037.84 rows=1000000 width=20) (actual time=466.289..547.461 rows=1000000 loops=1)
         Sort Key: s_3.a, s_3.b, s_3.c, s_3.d
         Sort Method: external merge  Disk: 29360kB
         ->  Seq Scan on s_3  (cost=0.00..16370.00 rows=1000000 width=20) (actual time=0.004..52.197 rows=1000000 loops=1)
 Planning time: 0.287 ms
 Execution time: 573.090 ms
(7 rows)

===== 97 [Wed Mar  7 03:06:20 CET 2018] scale:1000000 groups:100 work_mem:16MB incremental:on max_workers:0 =====
SELECT * FROM s_1 ORDER BY a, b
                                                                        QUERY PLAN                                                                         
-----------------------------------------------------------------------------------------------------------------------------------------------------------
 Limit  (cost=128713.23..128713.23 rows=1 width=20) (actual time=442.097..442.097 rows=0 loops=1)
   ->  Incremental Sort  (cost=1002.51..118713.23 rows=1000000 width=20) (actual time=2.148..420.544 rows=1000000 loops=1)
         Sort Key: s_1.a, s_1.b
         Presorted Key: s_1.a
         Sort Method: quicksort  Memory: 1191kB
         Sort Groups: 101
         ->  Index Only Scan using s_1_a_e_d_c_b_idx on s_1  (cost=0.42..34844.43 rows=1000000 width=20) (actual time=0.024..128.688 rows=1000000 loops=1)
               Heap Fetches: 0
 Planning time: 0.270 ms
 Execution time: 442.137 ms
(10 rows)

===== 98 [Wed Mar  7 03:06:22 CET 2018] scale:1000000 groups:100 work_mem:16MB incremental:on max_workers:0 =====
SELECT * FROM s_2 ORDER BY a, b, c
                                                                        QUERY PLAN                                                                         
-----------------------------------------------------------------------------------------------------------------------------------------------------------
 Limit  (cost=95624.17..95624.17 rows=1 width=20) (actual time=460.197..460.197 rows=0 loops=1)
   ->  Incremental Sort  (cost=7.08..85624.17 rows=1000000 width=20) (actual time=0.098..438.471 rows=1000000 loops=1)
         Sort Key: s_2.a, s_2.b, s_2.c
         Presorted Key: s_2.a, s_2.b
         Sort Method: quicksort  Memory: 35kB
         Sort Groups: 10198
         ->  Index Only Scan using s_2_a_b_e_d_c_idx on s_2  (cost=0.42..34844.43 rows=1000000 width=20) (actual time=0.029..124.594 rows=1000000 loops=1)
               Heap Fetches: 0
 Planning time: 0.296 ms
 Execution time: 460.220 ms
(10 rows)

===== 99 [Wed Mar  7 03:06:25 CET 2018] scale:1000000 groups:100 work_mem:16MB incremental:on max_workers:0 =====
SELECT * FROM s_3 ORDER BY a, b, c, d
                                                                        QUERY PLAN                                                                         
-----------------------------------------------------------------------------------------------------------------------------------------------------------
 Limit  (cost=80954.07..80954.07 rows=1 width=20) (actual time=411.414..411.414 rows=0 loops=1)
   ->  Incremental Sort  (cost=0.94..70954.07 rows=1000000 width=20) (actual time=0.084..389.590 rows=1000000 loops=1)
         Sort Key: s_3.a, s_3.b, s_3.c, s_3.d
         Presorted Key: s_3.a, s_3.b, s_3.c
         Sort Method: quicksort  Memory: 28kB
         Sort Groups: 30774
         ->  Index Only Scan using s_3_a_b_c_e_d_idx on s_3  (cost=0.42..34844.43 rows=1000000 width=20) (actual time=0.029..124.173 rows=1000000 loops=1)
               Heap Fetches: 0
 Planning time: 0.291 ms
 Execution time: 411.437 ms
(10 rows)

===== 100 [Wed Mar  7 03:06:27 CET 2018] scale:1000000 groups:100 work_mem:16MB incremental:off max_workers:0 =====
SELECT * FROM s_1 ORDER BY a, b
                                                        QUERY PLAN                                                         
---------------------------------------------------------------------------------------------------------------------------
 Limit  (cost=149037.84..149037.84 rows=1 width=20) (actual time=482.475..482.475 rows=0 loops=1)
   ->  Sort  (cost=136537.84..139037.84 rows=1000000 width=20) (actual time=381.315..460.690 rows=1000000 loops=1)
         Sort Key: s_1.a, s_1.b
         Sort Method: external merge  Disk: 29392kB
         ->  Seq Scan on s_1  (cost=0.00..16370.00 rows=1000000 width=20) (actual time=0.007..52.516 rows=1000000 loops=1)
 Planning time: 0.268 ms
 Execution time: 486.719 ms
(7 rows)

===== 101 [Wed Mar  7 03:06:29 CET 2018] scale:1000000 groups:100 work_mem:16MB incremental:off max_workers:0 =====
SELECT * FROM s_2 ORDER BY a, b, c
                                                        QUERY PLAN                                                         
---------------------------------------------------------------------------------------------------------------------------
 Limit  (cost=149037.84..149037.84 rows=1 width=20) (actual time=603.494..603.494 rows=0 loops=1)
   ->  Sort  (cost=136537.84..139037.84 rows=1000000 width=20) (actual time=502.928..581.696 rows=1000000 loops=1)
         Sort Key: s_2.a, s_2.b, s_2.c
         Sort Method: external merge  Disk: 29392kB
         ->  Seq Scan on s_2  (cost=0.00..16370.00 rows=1000000 width=20) (actual time=0.004..52.404 rows=1000000 loops=1)
 Planning time: 0.286 ms
 Execution time: 607.750 ms
(7 rows)

===== 102 [Wed Mar  7 03:06:33 CET 2018] scale:1000000 groups:100 work_mem:16MB incremental:off max_workers:0 =====
SELECT * FROM s_3 ORDER BY a, b, c, d
                                                        QUERY PLAN                                                         
---------------------------------------------------------------------------------------------------------------------------
 Limit  (cost=149037.84..149037.84 rows=1 width=20) (actual time=582.177..582.177 rows=0 loops=1)
   ->  Sort  (cost=136537.84..139037.84 rows=1000000 width=20) (actual time=481.399..560.389 rows=1000000 loops=1)
         Sort Key: s_3.a, s_3.b, s_3.c, s_3.d
         Sort Method: external merge  Disk: 29392kB
         ->  Seq Scan on s_3  (cost=0.00..16370.00 rows=1000000 width=20) (actual time=0.004..52.753 rows=1000000 loops=1)
 Planning time: 0.296 ms
 Execution time: 586.395 ms
(7 rows)

===== 103 [Wed Mar  7 03:06:36 CET 2018] scale:1000000 groups:100 work_mem:32MB incremental:on max_workers:0 =====
SELECT * FROM s_1 ORDER BY a, b
                                                                        QUERY PLAN                                                                         
-----------------------------------------------------------------------------------------------------------------------------------------------------------
 Limit  (cost=128713.23..128713.23 rows=1 width=20) (actual time=441.797..441.797 rows=0 loops=1)
   ->  Incremental Sort  (cost=1002.51..118713.23 rows=1000000 width=20) (actual time=2.141..420.260 rows=1000000 loops=1)
         Sort Key: s_1.a, s_1.b
         Presorted Key: s_1.a
         Sort Method: quicksort  Memory: 1191kB
         Sort Groups: 101
         ->  Index Only Scan using s_1_a_e_d_c_b_idx on s_1  (cost=0.42..34844.43 rows=1000000 width=20) (actual time=0.024..128.596 rows=1000000 loops=1)
               Heap Fetches: 0
 Planning time: 0.279 ms
 Execution time: 441.837 ms
(10 rows)

===== 104 [Wed Mar  7 03:06:38 CET 2018] scale:1000000 groups:100 work_mem:32MB incremental:on max_workers:0 =====
SELECT * FROM s_2 ORDER BY a, b, c
                                                                        QUERY PLAN                                                                         
-----------------------------------------------------------------------------------------------------------------------------------------------------------
 Limit  (cost=95624.17..95624.17 rows=1 width=20) (actual time=460.193..460.193 rows=0 loops=1)
   ->  Incremental Sort  (cost=7.08..85624.17 rows=1000000 width=20) (actual time=0.097..438.469 rows=1000000 loops=1)
         Sort Key: s_2.a, s_2.b, s_2.c
         Presorted Key: s_2.a, s_2.b
         Sort Method: quicksort  Memory: 35kB
         Sort Groups: 10198
         ->  Index Only Scan using s_2_a_b_e_d_c_idx on s_2  (cost=0.42..34844.43 rows=1000000 width=20) (actual time=0.028..124.560 rows=1000000 loops=1)
               Heap Fetches: 0
 Planning time: 0.285 ms
 Execution time: 460.216 ms
(10 rows)

===== 105 [Wed Mar  7 03:06:41 CET 2018] scale:1000000 groups:100 work_mem:32MB incremental:on max_workers:0 =====
SELECT * FROM s_3 ORDER BY a, b, c, d
                                                                        QUERY PLAN                                                                         
-----------------------------------------------------------------------------------------------------------------------------------------------------------
 Limit  (cost=80954.07..80954.07 rows=1 width=20) (actual time=411.434..411.434 rows=0 loops=1)
   ->  Incremental Sort  (cost=0.94..70954.07 rows=1000000 width=20) (actual time=0.080..389.617 rows=1000000 loops=1)
         Sort Key: s_3.a, s_3.b, s_3.c, s_3.d
         Presorted Key: s_3.a, s_3.b, s_3.c
         Sort Method: quicksort  Memory: 28kB
         Sort Groups: 30774
         ->  Index Only Scan using s_3_a_b_c_e_d_idx on s_3  (cost=0.42..34844.43 rows=1000000 width=20) (actual time=0.029..124.253 rows=1000000 loops=1)
               Heap Fetches: 0
 Planning time: 0.293 ms
 Execution time: 411.458 ms
(10 rows)

===== 106 [Wed Mar  7 03:06:43 CET 2018] scale:1000000 groups:100 work_mem:32MB incremental:off max_workers:0 =====
SELECT * FROM s_1 ORDER BY a, b
                                                        QUERY PLAN                                                         
---------------------------------------------------------------------------------------------------------------------------
 Limit  (cost=149037.84..149037.84 rows=1 width=20) (actual time=503.579..503.579 rows=0 loops=1)
   ->  Sort  (cost=136537.84..139037.84 rows=1000000 width=20) (actual time=404.886..481.799 rows=1000000 loops=1)
         Sort Key: s_1.a, s_1.b
         Sort Method: external merge  Disk: 29360kB
         ->  Seq Scan on s_1  (cost=0.00..16370.00 rows=1000000 width=20) (actual time=0.007..53.633 rows=1000000 loops=1)
 Planning time: 0.264 ms
 Execution time: 508.137 ms
(7 rows)

===== 107 [Wed Mar  7 03:06:45 CET 2018] scale:1000000 groups:100 work_mem:32MB incremental:off max_workers:0 =====
SELECT * FROM s_2 ORDER BY a, b, c
                                                        QUERY PLAN                                                         
---------------------------------------------------------------------------------------------------------------------------
 Limit  (cost=149037.84..149037.84 rows=1 width=20) (actual time=622.776..622.776 rows=0 loops=1)
   ->  Sort  (cost=136537.84..139037.84 rows=1000000 width=20) (actual time=524.290..600.989 rows=1000000 loops=1)
         Sort Key: s_2.a, s_2.b, s_2.c
         Sort Method: external merge  Disk: 29360kB
         ->  Seq Scan on s_2  (cost=0.00..16370.00 rows=1000000 width=20) (actual time=0.004..53.563 rows=1000000 loops=1)
 Planning time: 0.280 ms
 Execution time: 627.344 ms
(7 rows)

===== 108 [Wed Mar  7 03:06:49 CET 2018] scale:1000000 groups:100 work_mem:32MB incremental:off max_workers:0 =====
SELECT * FROM s_3 ORDER BY a, b, c, d
                                                        QUERY PLAN                                                         
---------------------------------------------------------------------------------------------------------------------------
 Limit  (cost=149037.84..149037.84 rows=1 width=20) (actual time=600.139..600.139 rows=0 loops=1)
   ->  Sort  (cost=136537.84..139037.84 rows=1000000 width=20) (actual time=501.567..578.348 rows=1000000 loops=1)
         Sort Key: s_3.a, s_3.b, s_3.c, s_3.d
         Sort Method: external merge  Disk: 29360kB
         ->  Seq Scan on s_3  (cost=0.00..16370.00 rows=1000000 width=20) (actual time=0.004..54.084 rows=1000000 loops=1)
 Planning time: 0.292 ms
 Execution time: 604.713 ms
(7 rows)

===== 109 [Wed Mar  7 03:06:52 CET 2018] scale:1000000 groups:100 work_mem:64MB incremental:on max_workers:0 =====
SELECT * FROM s_1 ORDER BY a, b
                                                                        QUERY PLAN                                                                         
-----------------------------------------------------------------------------------------------------------------------------------------------------------
 Limit  (cost=128713.23..128713.23 rows=1 width=20) (actual time=442.041..442.041 rows=0 loops=1)
   ->  Incremental Sort  (cost=1002.51..118713.23 rows=1000000 width=20) (actual time=2.150..420.513 rows=1000000 loops=1)
         Sort Key: s_1.a, s_1.b
         Presorted Key: s_1.a
         Sort Method: quicksort  Memory: 1191kB
         Sort Groups: 101
         ->  Index Only Scan using s_1_a_e_d_c_b_idx on s_1  (cost=0.42..34844.43 rows=1000000 width=20) (actual time=0.024..128.641 rows=1000000 loops=1)
               Heap Fetches: 0
 Planning time: 0.271 ms
 Execution time: 442.081 ms
(10 rows)

===== 110 [Wed Mar  7 03:06:54 CET 2018] scale:1000000 groups:100 work_mem:64MB incremental:on max_workers:0 =====
SELECT * FROM s_2 ORDER BY a, b, c
                                                                        QUERY PLAN                                                                         
-----------------------------------------------------------------------------------------------------------------------------------------------------------
 Limit  (cost=95624.17..95624.17 rows=1 width=20) (actual time=460.225..460.225 rows=0 loops=1)
   ->  Incremental Sort  (cost=7.08..85624.17 rows=1000000 width=20) (actual time=0.098..438.501 rows=1000000 loops=1)
         Sort Key: s_2.a, s_2.b, s_2.c
         Presorted Key: s_2.a, s_2.b
         Sort Method: quicksort  Memory: 35kB
         Sort Groups: 10198
         ->  Index Only Scan using s_2_a_b_e_d_c_idx on s_2  (cost=0.42..34844.43 rows=1000000 width=20) (actual time=0.029..124.624 rows=1000000 loops=1)
               Heap Fetches: 0
 Planning time: 0.287 ms
 Execution time: 460.249 ms
(10 rows)

===== 111 [Wed Mar  7 03:06:57 CET 2018] scale:1000000 groups:100 work_mem:64MB incremental:on max_workers:0 =====
SELECT * FROM s_3 ORDER BY a, b, c, d
                                                                        QUERY PLAN                                                                         
-----------------------------------------------------------------------------------------------------------------------------------------------------------
 Limit  (cost=80954.07..80954.07 rows=1 width=20) (actual time=411.442..411.442 rows=0 loops=1)
   ->  Incremental Sort  (cost=0.94..70954.07 rows=1000000 width=20) (actual time=0.084..389.627 rows=1000000 loops=1)
         Sort Key: s_3.a, s_3.b, s_3.c, s_3.d
         Presorted Key: s_3.a, s_3.b, s_3.c
         Sort Method: quicksort  Memory: 28kB
         Sort Groups: 30774
         ->  Index Only Scan using s_3_a_b_c_e_d_idx on s_3  (cost=0.42..34844.43 rows=1000000 width=20) (actual time=0.030..124.284 rows=1000000 loops=1)
               Heap Fetches: 0
 Planning time: 0.296 ms
 Execution time: 411.466 ms
(10 rows)

===== 112 [Wed Mar  7 03:06:59 CET 2018] scale:1000000 groups:100 work_mem:64MB incremental:off max_workers:0 =====
SELECT * FROM s_1 ORDER BY a, b
                                                        QUERY PLAN                                                         
---------------------------------------------------------------------------------------------------------------------------
 Limit  (cost=128527.84..128527.84 rows=1 width=20) (actual time=524.236..524.236 rows=0 loops=1)
   ->  Sort  (cost=116027.84..118527.84 rows=1000000 width=20) (actual time=430.983..502.353 rows=1000000 loops=1)
         Sort Key: s_1.a, s_1.b
         Sort Method: external merge  Disk: 29360kB
         ->  Seq Scan on s_1  (cost=0.00..16370.00 rows=1000000 width=20) (actual time=0.007..55.436 rows=1000000 loops=1)
 Planning time: 0.267 ms
 Execution time: 527.764 ms
(7 rows)

===== 113 [Wed Mar  7 03:07:02 CET 2018] scale:1000000 groups:100 work_mem:64MB incremental:off max_workers:0 =====
SELECT * FROM s_2 ORDER BY a, b, c
                                                        QUERY PLAN                                                         
---------------------------------------------------------------------------------------------------------------------------
 Limit  (cost=128527.84..128527.84 rows=1 width=20) (actual time=641.927..641.927 rows=0 loops=1)
   ->  Sort  (cost=116027.84..118527.84 rows=1000000 width=20) (actual time=548.761..620.053 rows=1000000 loops=1)
         Sort Key: s_2.a, s_2.b, s_2.c
         Sort Method: external merge  Disk: 29360kB
         ->  Seq Scan on s_2  (cost=0.00..16370.00 rows=1000000 width=20) (actual time=0.004..55.383 rows=1000000 loops=1)
 Planning time: 0.283 ms
 Execution time: 645.445 ms
(7 rows)

===== 114 [Wed Mar  7 03:07:05 CET 2018] scale:1000000 groups:100 work_mem:64MB incremental:off max_workers:0 =====
SELECT * FROM s_3 ORDER BY a, b, c, d
                                                        QUERY PLAN                                                         
---------------------------------------------------------------------------------------------------------------------------
 Limit  (cost=128527.84..128527.84 rows=1 width=20) (actual time=619.418..619.418 rows=0 loops=1)
   ->  Sort  (cost=116027.84..118527.84 rows=1000000 width=20) (actual time=525.961..597.538 rows=1000000 loops=1)
         Sort Key: s_3.a, s_3.b, s_3.c, s_3.d
         Sort Method: external merge  Disk: 29360kB
         ->  Seq Scan on s_3  (cost=0.00..16370.00 rows=1000000 width=20) (actual time=0.004..55.698 rows=1000000 loops=1)
 Planning time: 0.288 ms
 Execution time: 622.939 ms
(7 rows)

===== 115 [Wed Mar  7 03:07:09 CET 2018] scale:1000000 groups:100 work_mem:128MB incremental:on max_workers:0 =====
SELECT * FROM s_1 ORDER BY a, b
                                                                        QUERY PLAN                                                                         
-----------------------------------------------------------------------------------------------------------------------------------------------------------
 Limit  (cost=128713.23..128713.23 rows=1 width=20) (actual time=441.957..441.957 rows=0 loops=1)
   ->  Incremental Sort  (cost=1002.51..118713.23 rows=1000000 width=20) (actual time=2.148..420.400 rows=1000000 loops=1)
         Sort Key: s_1.a, s_1.b
         Presorted Key: s_1.a
         Sort Method: quicksort  Memory: 1191kB
         Sort Groups: 101
         ->  Index Only Scan using s_1_a_e_d_c_b_idx on s_1  (cost=0.42..34844.43 rows=1000000 width=20) (actual time=0.024..128.652 rows=1000000 loops=1)
               Heap Fetches: 0
 Planning time: 0.278 ms
 Execution time: 441.997 ms
(10 rows)

===== 116 [Wed Mar  7 03:07:11 CET 2018] scale:1000000 groups:100 work_mem:128MB incremental:on max_workers:0 =====
SELECT * FROM s_2 ORDER BY a, b, c
                                                                        QUERY PLAN                                                                         
-----------------------------------------------------------------------------------------------------------------------------------------------------------
 Limit  (cost=95624.17..95624.17 rows=1 width=20) (actual time=460.219..460.219 rows=0 loops=1)
   ->  Incremental Sort  (cost=7.08..85624.17 rows=1000000 width=20) (actual time=0.099..438.485 rows=1000000 loops=1)
         Sort Key: s_2.a, s_2.b, s_2.c
         Presorted Key: s_2.a, s_2.b
         Sort Method: quicksort  Memory: 35kB
         Sort Groups: 10198
         ->  Index Only Scan using s_2_a_b_e_d_c_idx on s_2  (cost=0.42..34844.43 rows=1000000 width=20) (actual time=0.030..124.571 rows=1000000 loops=1)
               Heap Fetches: 0
 Planning time: 0.292 ms
 Execution time: 460.243 ms
(10 rows)

===== 117 [Wed Mar  7 03:07:13 CET 2018] scale:1000000 groups:100 work_mem:128MB incremental:on max_workers:0 =====
SELECT * FROM s_3 ORDER BY a, b, c, d
                                                                        QUERY PLAN                                                                         
-----------------------------------------------------------------------------------------------------------------------------------------------------------
 Limit  (cost=80954.07..80954.07 rows=1 width=20) (actual time=411.430..411.430 rows=0 loops=1)
   ->  Incremental Sort  (cost=0.94..70954.07 rows=1000000 width=20) (actual time=0.082..389.627 rows=1000000 loops=1)
         Sort Key: s_3.a, s_3.b, s_3.c, s_3.d
         Presorted Key: s_3.a, s_3.b, s_3.c
         Sort Method: quicksort  Memory: 28kB
         Sort Groups: 30774
         ->  Index Only Scan using s_3_a_b_c_e_d_idx on s_3  (cost=0.42..34844.43 rows=1000000 width=20) (actual time=0.029..124.203 rows=1000000 loops=1)
               Heap Fetches: 0
 Planning time: 0.297 ms
 Execution time: 411.466 ms
(10 rows)

===== 118 [Wed Mar  7 03:07:16 CET 2018] scale:1000000 groups:100 work_mem:128MB incremental:off max_workers:0 =====
SELECT * FROM s_1 ORDER BY a, b
                                                        QUERY PLAN                                                         
---------------------------------------------------------------------------------------------------------------------------
 Limit  (cost=128527.84..128527.84 rows=1 width=20) (actual time=445.806..445.806 rows=0 loops=1)
   ->  Sort  (cost=116027.84..118527.84 rows=1000000 width=20) (actual time=329.827..424.149 rows=1000000 loops=1)
         Sort Key: s_1.a, s_1.b
         Sort Method: quicksort  Memory: 102702kB
         ->  Seq Scan on s_1  (cost=0.00..16370.00 rows=1000000 width=20) (actual time=0.007..55.636 rows=1000000 loops=1)
 Planning time: 0.264 ms
 Execution time: 449.943 ms
(7 rows)

===== 119 [Wed Mar  7 03:07:18 CET 2018] scale:1000000 groups:100 work_mem:128MB incremental:off max_workers:0 =====
SELECT * FROM s_2 ORDER BY a, b, c
                                                        QUERY PLAN                                                         
---------------------------------------------------------------------------------------------------------------------------
 Limit  (cost=128527.84..128527.84 rows=1 width=20) (actual time=553.056..553.056 rows=0 loops=1)
   ->  Sort  (cost=116027.84..118527.84 rows=1000000 width=20) (actual time=476.409..531.352 rows=1000000 loops=1)
         Sort Key: s_2.a, s_2.b, s_2.c
         Sort Method: quicksort  Memory: 102702kB
         ->  Seq Scan on s_2  (cost=0.00..16370.00 rows=1000000 width=20) (actual time=0.004..55.588 rows=1000000 loops=1)
 Planning time: 0.293 ms
 Execution time: 557.196 ms
(7 rows)

===== 120 [Wed Mar  7 03:07:21 CET 2018] scale:1000000 groups:100 work_mem:128MB incremental:off max_workers:0 =====
SELECT * FROM s_3 ORDER BY a, b, c, d
                                                        QUERY PLAN                                                         
---------------------------------------------------------------------------------------------------------------------------
 Limit  (cost=128527.84..128527.84 rows=1 width=20) (actual time=522.326..522.326 rows=0 loops=1)
   ->  Sort  (cost=116027.84..118527.84 rows=1000000 width=20) (actual time=465.907..500.557 rows=1000000 loops=1)
         Sort Key: s_3.a, s_3.b, s_3.c, s_3.d
         Sort Method: quicksort  Memory: 102702kB
         ->  Seq Scan on s_3  (cost=0.00..16370.00 rows=1000000 width=20) (actual time=0.004..55.970 rows=1000000 loops=1)
 Planning time: 0.286 ms
 Execution time: 526.467 ms
(7 rows)

===== 121 [Wed Mar  7 03:07:24 CET 2018] scale:1000000 groups:100 work_mem:256MB incremental:on max_workers:0 =====
SELECT * FROM s_1 ORDER BY a, b
                                                                        QUERY PLAN                                                                         
-----------------------------------------------------------------------------------------------------------------------------------------------------------
 Limit  (cost=128713.23..128713.23 rows=1 width=20) (actual time=442.217..442.217 rows=0 loops=1)
   ->  Incremental Sort  (cost=1002.51..118713.23 rows=1000000 width=20) (actual time=2.153..420.684 rows=1000000 loops=1)
         Sort Key: s_1.a, s_1.b
         Presorted Key: s_1.a
         Sort Method: quicksort  Memory: 1191kB
         Sort Groups: 101
         ->  Index Only Scan using s_1_a_e_d_c_b_idx on s_1  (cost=0.42..34844.43 rows=1000000 width=20) (actual time=0.024..128.697 rows=1000000 loops=1)
               Heap Fetches: 0
 Planning time: 0.271 ms
 Execution time: 442.257 ms
(10 rows)

===== 122 [Wed Mar  7 03:07:26 CET 2018] scale:1000000 groups:100 work_mem:256MB incremental:on max_workers:0 =====
SELECT * FROM s_2 ORDER BY a, b, c
                                                                        QUERY PLAN                                                                         
-----------------------------------------------------------------------------------------------------------------------------------------------------------
 Limit  (cost=95624.17..95624.17 rows=1 width=20) (actual time=460.256..460.256 rows=0 loops=1)
   ->  Incremental Sort  (cost=7.08..85624.17 rows=1000000 width=20) (actual time=0.098..438.512 rows=1000000 loops=1)
         Sort Key: s_2.a, s_2.b, s_2.c
         Presorted Key: s_2.a, s_2.b
         Sort Method: quicksort  Memory: 35kB
         Sort Groups: 10198
         ->  Index Only Scan using s_2_a_b_e_d_c_idx on s_2  (cost=0.42..34844.43 rows=1000000 width=20) (actual time=0.029..124.621 rows=1000000 loops=1)
               Heap Fetches: 0
 Planning time: 0.295 ms
 Execution time: 460.280 ms
(10 rows)

===== 123 [Wed Mar  7 03:07:28 CET 2018] scale:1000000 groups:100 work_mem:256MB incremental:on max_workers:0 =====
SELECT * FROM s_3 ORDER BY a, b, c, d
                                                                        QUERY PLAN                                                                         
-----------------------------------------------------------------------------------------------------------------------------------------------------------
 Limit  (cost=80954.07..80954.07 rows=1 width=20) (actual time=411.438..411.438 rows=0 loops=1)
   ->  Incremental Sort  (cost=0.94..70954.07 rows=1000000 width=20) (actual time=0.082..389.624 rows=1000000 loops=1)
         Sort Key: s_3.a, s_3.b, s_3.c, s_3.d
         Presorted Key: s_3.a, s_3.b, s_3.c
         Sort Method: quicksort  Memory: 28kB
         Sort Groups: 30774
         ->  Index Only Scan using s_3_a_b_c_e_d_idx on s_3  (cost=0.42..34844.43 rows=1000000 width=20) (actual time=0.029..124.251 rows=1000000 loops=1)
               Heap Fetches: 0
 Planning time: 0.303 ms
 Execution time: 411.462 ms
(10 rows)

===== 124 [Wed Mar  7 03:07:31 CET 2018] scale:1000000 groups:100 work_mem:256MB incremental:off max_workers:0 =====
SELECT * FROM s_1 ORDER BY a, b
                                                        QUERY PLAN                                                         
---------------------------------------------------------------------------------------------------------------------------
 Limit  (cost=128527.84..128527.84 rows=1 width=20) (actual time=445.753..445.753 rows=0 loops=1)
   ->  Sort  (cost=116027.84..118527.84 rows=1000000 width=20) (actual time=329.520..424.080 rows=1000000 loops=1)
         Sort Key: s_1.a, s_1.b
         Sort Method: quicksort  Memory: 102702kB
         ->  Seq Scan on s_1  (cost=0.00..16370.00 rows=1000000 width=20) (actual time=0.007..55.607 rows=1000000 loops=1)
 Planning time: 0.265 ms
 Execution time: 449.888 ms
(7 rows)

===== 125 [Wed Mar  7 03:07:33 CET 2018] scale:1000000 groups:100 work_mem:256MB incremental:off max_workers:0 =====
SELECT * FROM s_2 ORDER BY a, b, c
                                                        QUERY PLAN                                                         
---------------------------------------------------------------------------------------------------------------------------
 Limit  (cost=128527.84..128527.84 rows=1 width=20) (actual time=553.601..553.601 rows=0 loops=1)
   ->  Sort  (cost=116027.84..118527.84 rows=1000000 width=20) (actual time=476.690..531.895 rows=1000000 loops=1)
         Sort Key: s_2.a, s_2.b, s_2.c
         Sort Method: quicksort  Memory: 102702kB
         ->  Seq Scan on s_2  (cost=0.00..16370.00 rows=1000000 width=20) (actual time=0.004..55.590 rows=1000000 loops=1)
 Planning time: 0.286 ms
 Execution time: 557.765 ms
(7 rows)

===== 126 [Wed Mar  7 03:07:36 CET 2018] scale:1000000 groups:100 work_mem:256MB incremental:off max_workers:0 =====
SELECT * FROM s_3 ORDER BY a, b, c, d
                                                        QUERY PLAN                                                         
---------------------------------------------------------------------------------------------------------------------------
 Limit  (cost=128527.84..128527.84 rows=1 width=20) (actual time=522.409..522.409 rows=0 loops=1)
   ->  Sort  (cost=116027.84..118527.84 rows=1000000 width=20) (actual time=465.981..500.622 rows=1000000 loops=1)
         Sort Key: s_3.a, s_3.b, s_3.c, s_3.d
         Sort Method: quicksort  Memory: 102702kB
         ->  Seq Scan on s_3  (cost=0.00..16370.00 rows=1000000 width=20) (actual time=0.004..55.988 rows=1000000 loops=1)
 Planning time: 0.298 ms
 Execution time: 526.544 ms
(7 rows)

===== 127 [Wed Mar  7 03:07:39 CET 2018] scale:1000000 groups:100 work_mem:4MB incremental:on max_workers:2 =====
SELECT * FROM s_1 ORDER BY a, b
                                                                        QUERY PLAN                                                                         
-----------------------------------------------------------------------------------------------------------------------------------------------------------
 Limit  (cost=128713.23..128713.23 rows=1 width=20) (actual time=442.051..442.051 rows=0 loops=1)
   ->  Incremental Sort  (cost=1002.51..118713.23 rows=1000000 width=20) (actual time=2.153..420.526 rows=1000000 loops=1)
         Sort Key: s_1.a, s_1.b
         Presorted Key: s_1.a
         Sort Method: quicksort  Memory: 1191kB
         Sort Groups: 101
         ->  Index Only Scan using s_1_a_e_d_c_b_idx on s_1  (cost=0.42..34844.43 rows=1000000 width=20) (actual time=0.024..128.711 rows=1000000 loops=1)
               Heap Fetches: 0
 Planning time: 0.283 ms
 Execution time: 442.088 ms
(10 rows)

===== 128 [Wed Mar  7 03:07:41 CET 2018] scale:1000000 groups:100 work_mem:4MB incremental:on max_workers:2 =====
SELECT * FROM s_2 ORDER BY a, b, c
                                                                        QUERY PLAN                                                                         
-----------------------------------------------------------------------------------------------------------------------------------------------------------
 Limit  (cost=95624.17..95624.17 rows=1 width=20) (actual time=460.347..460.347 rows=0 loops=1)
   ->  Incremental Sort  (cost=7.08..85624.17 rows=1000000 width=20) (actual time=0.098..438.638 rows=1000000 loops=1)
         Sort Key: s_2.a, s_2.b, s_2.c
         Presorted Key: s_2.a, s_2.b
         Sort Method: quicksort  Memory: 35kB
         Sort Groups: 10198
         ->  Index Only Scan using s_2_a_b_e_d_c_idx on s_2  (cost=0.42..34844.43 rows=1000000 width=20) (actual time=0.029..124.642 rows=1000000 loops=1)
               Heap Fetches: 0
 Planning time: 0.295 ms
 Execution time: 460.370 ms
(10 rows)

===== 129 [Wed Mar  7 03:07:43 CET 2018] scale:1000000 groups:100 work_mem:4MB incremental:on max_workers:2 =====
SELECT * FROM s_3 ORDER BY a, b, c, d
                                                                        QUERY PLAN                                                                         
-----------------------------------------------------------------------------------------------------------------------------------------------------------
 Limit  (cost=80954.07..80954.07 rows=1 width=20) (actual time=410.354..410.354 rows=0 loops=1)
   ->  Incremental Sort  (cost=0.94..70954.07 rows=1000000 width=20) (actual time=0.080..388.644 rows=1000000 loops=1)
         Sort Key: s_3.a, s_3.b, s_3.c, s_3.d
         Presorted Key: s_3.a, s_3.b, s_3.c
         Sort Method: quicksort  Memory: 28kB
         Sort Groups: 30774
         ->  Index Only Scan using s_3_a_b_c_e_d_idx on s_3  (cost=0.42..34844.43 rows=1000000 width=20) (actual time=0.029..125.204 rows=1000000 loops=1)
               Heap Fetches: 0
 Planning time: 0.313 ms
 Execution time: 410.378 ms
(10 rows)

===== 130 [Wed Mar  7 03:07:46 CET 2018] scale:1000000 groups:100 work_mem:4MB incremental:off max_workers:2 =====
SELECT * FROM s_1 ORDER BY a, b
                                                        QUERY PLAN                                                         
---------------------------------------------------------------------------------------------------------------------------
 Limit  (cost=149037.84..149037.84 rows=1 width=20) (actual time=466.957..466.957 rows=0 loops=1)
   ->  Sort  (cost=136537.84..139037.84 rows=1000000 width=20) (actual time=360.634..445.019 rows=1000000 loops=1)
         Sort Key: s_1.a, s_1.b
         Sort Method: external merge  Disk: 29360kB
         ->  Seq Scan on s_1  (cost=0.00..16370.00 rows=1000000 width=20) (actual time=0.007..51.649 rows=1000000 loops=1)
 Planning time: 0.274 ms
 Execution time: 470.680 ms
(7 rows)

===== 131 [Wed Mar  7 03:07:48 CET 2018] scale:1000000 groups:100 work_mem:4MB incremental:off max_workers:2 =====
SELECT * FROM s_2 ORDER BY a, b, c
                                                        QUERY PLAN                                                         
---------------------------------------------------------------------------------------------------------------------------
 Limit  (cost=149037.84..149037.84 rows=1 width=20) (actual time=602.133..602.133 rows=0 loops=1)
   ->  Sort  (cost=136537.84..139037.84 rows=1000000 width=20) (actual time=496.830..580.221 rows=1000000 loops=1)
         Sort Key: s_2.a, s_2.b, s_2.c
         Sort Method: external merge  Disk: 29360kB
         ->  Seq Scan on s_2  (cost=0.00..16370.00 rows=1000000 width=20) (actual time=0.004..51.686 rows=1000000 loops=1)
 Planning time: 0.296 ms
 Execution time: 605.869 ms
(7 rows)

===== 132 [Wed Mar  7 03:07:51 CET 2018] scale:1000000 groups:100 work_mem:4MB incremental:off max_workers:2 =====
SELECT * FROM s_3 ORDER BY a, b, c, d
                                                        QUERY PLAN                                                         
---------------------------------------------------------------------------------------------------------------------------
 Limit  (cost=149037.84..149037.84 rows=1 width=20) (actual time=592.801..592.801 rows=0 loops=1)
   ->  Sort  (cost=136537.84..139037.84 rows=1000000 width=20) (actual time=487.194..570.931 rows=1000000 loops=1)
         Sort Key: s_3.a, s_3.b, s_3.c, s_3.d
         Sort Method: external merge  Disk: 29360kB
         ->  Seq Scan on s_3  (cost=0.00..16370.00 rows=1000000 width=20) (actual time=0.004..51.896 rows=1000000 loops=1)
 Planning time: 0.301 ms
 Execution time: 596.509 ms
(7 rows)

===== 133 [Wed Mar  7 03:07:55 CET 2018] scale:1000000 groups:100 work_mem:8MB incremental:on max_workers:2 =====
SELECT * FROM s_1 ORDER BY a, b
                                                                        QUERY PLAN                                                                         
-----------------------------------------------------------------------------------------------------------------------------------------------------------
 Limit  (cost=128713.23..128713.23 rows=1 width=20) (actual time=441.619..441.619 rows=0 loops=1)
   ->  Incremental Sort  (cost=1002.51..118713.23 rows=1000000 width=20) (actual time=2.149..420.049 rows=1000000 loops=1)
         Sort Key: s_1.a, s_1.b
         Presorted Key: s_1.a
         Sort Method: quicksort  Memory: 1191kB
         Sort Groups: 101
         ->  Index Only Scan using s_1_a_e_d_c_b_idx on s_1  (cost=0.42..34844.43 rows=1000000 width=20) (actual time=0.024..128.651 rows=1000000 loops=1)
               Heap Fetches: 0
 Planning time: 0.285 ms
 Execution time: 441.657 ms
(10 rows)

===== 134 [Wed Mar  7 03:07:57 CET 2018] scale:1000000 groups:100 work_mem:8MB incremental:on max_workers:2 =====
SELECT * FROM s_2 ORDER BY a, b, c
                                                                        QUERY PLAN                                                                         
-----------------------------------------------------------------------------------------------------------------------------------------------------------
 Limit  (cost=95624.17..95624.17 rows=1 width=20) (actual time=460.328..460.328 rows=0 loops=1)
   ->  Incremental Sort  (cost=7.08..85624.17 rows=1000000 width=20) (actual time=0.101..438.588 rows=1000000 loops=1)
         Sort Key: s_2.a, s_2.b, s_2.c
         Presorted Key: s_2.a, s_2.b
         Sort Method: quicksort  Memory: 35kB
         Sort Groups: 10198
         ->  Index Only Scan using s_2_a_b_e_d_c_idx on s_2  (cost=0.42..34844.43 rows=1000000 width=20) (actual time=0.030..124.624 rows=1000000 loops=1)
               Heap Fetches: 0
 Planning time: 0.302 ms
 Execution time: 460.352 ms
(10 rows)

===== 135 [Wed Mar  7 03:07:59 CET 2018] scale:1000000 groups:100 work_mem:8MB incremental:on max_workers:2 =====
SELECT * FROM s_3 ORDER BY a, b, c, d
                                                                        QUERY PLAN                                                                         
-----------------------------------------------------------------------------------------------------------------------------------------------------------
 Limit  (cost=80954.07..80954.07 rows=1 width=20) (actual time=410.331..410.331 rows=0 loops=1)
   ->  Incremental Sort  (cost=0.94..70954.07 rows=1000000 width=20) (actual time=0.080..388.603 rows=1000000 loops=1)
         Sort Key: s_3.a, s_3.b, s_3.c, s_3.d
         Presorted Key: s_3.a, s_3.b, s_3.c
         Sort Method: quicksort  Memory: 28kB
         Sort Groups: 30774
         ->  Index Only Scan using s_3_a_b_c_e_d_idx on s_3  (cost=0.42..34844.43 rows=1000000 width=20) (actual time=0.029..125.122 rows=1000000 loops=1)
               Heap Fetches: 0
 Planning time: 0.305 ms
 Execution time: 410.355 ms
(10 rows)

===== 136 [Wed Mar  7 03:08:01 CET 2018] scale:1000000 groups:100 work_mem:8MB incremental:off max_workers:2 =====
SELECT * FROM s_1 ORDER BY a, b
                                                        QUERY PLAN                                                         
---------------------------------------------------------------------------------------------------------------------------
 Limit  (cost=149037.84..149037.84 rows=1 width=20) (actual time=462.797..462.797 rows=0 loops=1)
   ->  Sort  (cost=136537.84..139037.84 rows=1000000 width=20) (actual time=359.141..440.966 rows=1000000 loops=1)
         Sort Key: s_1.a, s_1.b
         Sort Method: external merge  Disk: 29360kB
         ->  Seq Scan on s_1  (cost=0.00..16370.00 rows=1000000 width=20) (actual time=0.007..51.920 rows=1000000 loops=1)
 Planning time: 0.276 ms
 Execution time: 466.668 ms
(7 rows)

===== 137 [Wed Mar  7 03:08:04 CET 2018] scale:1000000 groups:100 work_mem:8MB incremental:off max_workers:2 =====
SELECT * FROM s_2 ORDER BY a, b, c
                                                        QUERY PLAN                                                         
---------------------------------------------------------------------------------------------------------------------------
 Limit  (cost=149037.84..149037.84 rows=1 width=20) (actual time=586.872..586.872 rows=0 loops=1)
   ->  Sort  (cost=136537.84..139037.84 rows=1000000 width=20) (actual time=483.951..565.089 rows=1000000 loops=1)
         Sort Key: s_2.a, s_2.b, s_2.c
         Sort Method: external merge  Disk: 29360kB
         ->  Seq Scan on s_2  (cost=0.00..16370.00 rows=1000000 width=20) (actual time=0.004..51.899 rows=1000000 loops=1)
 Planning time: 0.298 ms
 Execution time: 590.773 ms
(7 rows)

===== 138 [Wed Mar  7 03:08:07 CET 2018] scale:1000000 groups:100 work_mem:8MB incremental:off max_workers:2 =====
SELECT * FROM s_3 ORDER BY a, b, c, d
                                                        QUERY PLAN                                                         
---------------------------------------------------------------------------------------------------------------------------
 Limit  (cost=149037.84..149037.84 rows=1 width=20) (actual time=569.524..569.524 rows=0 loops=1)
   ->  Sort  (cost=136537.84..139037.84 rows=1000000 width=20) (actual time=466.587..547.759 rows=1000000 loops=1)
         Sort Key: s_3.a, s_3.b, s_3.c, s_3.d
         Sort Method: external merge  Disk: 29360kB
         ->  Seq Scan on s_3  (cost=0.00..16370.00 rows=1000000 width=20) (actual time=0.004..52.249 rows=1000000 loops=1)
 Planning time: 0.299 ms
 Execution time: 573.410 ms
(7 rows)

===== 139 [Wed Mar  7 03:08:10 CET 2018] scale:1000000 groups:100 work_mem:16MB incremental:on max_workers:2 =====
SELECT * FROM s_1 ORDER BY a, b
                                                                        QUERY PLAN                                                                         
-----------------------------------------------------------------------------------------------------------------------------------------------------------
 Limit  (cost=128713.23..128713.23 rows=1 width=20) (actual time=440.326..440.326 rows=0 loops=1)
   ->  Incremental Sort  (cost=1002.51..118713.23 rows=1000000 width=20) (actual time=2.148..418.764 rows=1000000 loops=1)
         Sort Key: s_1.a, s_1.b
         Presorted Key: s_1.a
         Sort Method: quicksort  Memory: 1191kB
         Sort Groups: 101
         ->  Index Only Scan using s_1_a_e_d_c_b_idx on s_1  (cost=0.42..34844.43 rows=1000000 width=20) (actual time=0.026..128.770 rows=1000000 loops=1)
               Heap Fetches: 0
 Planning time: 0.282 ms
 Execution time: 440.365 ms
(10 rows)

===== 140 [Wed Mar  7 03:08:12 CET 2018] scale:1000000 groups:100 work_mem:16MB incremental:on max_workers:2 =====
SELECT * FROM s_2 ORDER BY a, b, c
                                                                        QUERY PLAN                                                                         
-----------------------------------------------------------------------------------------------------------------------------------------------------------
 Limit  (cost=95624.17..95624.17 rows=1 width=20) (actual time=458.195..458.195 rows=0 loops=1)
   ->  Incremental Sort  (cost=7.08..85624.17 rows=1000000 width=20) (actual time=0.106..436.264 rows=1000000 loops=1)
         Sort Key: s_2.a, s_2.b, s_2.c
         Presorted Key: s_2.a, s_2.b
         Sort Method: quicksort  Memory: 35kB
         Sort Groups: 10198
         ->  Index Only Scan using s_2_a_b_e_d_c_idx on s_2  (cost=0.42..34844.43 rows=1000000 width=20) (actual time=0.030..124.655 rows=1000000 loops=1)
               Heap Fetches: 0
 Planning time: 0.294 ms
 Execution time: 458.218 ms
(10 rows)

===== 141 [Wed Mar  7 03:08:15 CET 2018] scale:1000000 groups:100 work_mem:16MB incremental:on max_workers:2 =====
SELECT * FROM s_3 ORDER BY a, b, c, d
                                                                        QUERY PLAN                                                                         
-----------------------------------------------------------------------------------------------------------------------------------------------------------
 Limit  (cost=80954.07..80954.07 rows=1 width=20) (actual time=409.341..409.341 rows=0 loops=1)
   ->  Incremental Sort  (cost=0.94..70954.07 rows=1000000 width=20) (actual time=0.083..387.705 rows=1000000 loops=1)
         Sort Key: s_3.a, s_3.b, s_3.c, s_3.d
         Presorted Key: s_3.a, s_3.b, s_3.c
         Sort Method: quicksort  Memory: 28kB
         Sort Groups: 30774
         ->  Index Only Scan using s_3_a_b_c_e_d_idx on s_3  (cost=0.42..34844.43 rows=1000000 width=20) (actual time=0.031..123.856 rows=1000000 loops=1)
               Heap Fetches: 0
 Planning time: 0.315 ms
 Execution time: 409.366 ms
(10 rows)

===== 142 [Wed Mar  7 03:08:17 CET 2018] scale:1000000 groups:100 work_mem:16MB incremental:off max_workers:2 =====
SELECT * FROM s_1 ORDER BY a, b
                                                        QUERY PLAN                                                         
---------------------------------------------------------------------------------------------------------------------------
 Limit  (cost=149037.84..149037.84 rows=1 width=20) (actual time=482.290..482.290 rows=0 loops=1)
   ->  Sort  (cost=136537.84..139037.84 rows=1000000 width=20) (actual time=381.158..460.504 rows=1000000 loops=1)
         Sort Key: s_1.a, s_1.b
         Sort Method: external merge  Disk: 29392kB
         ->  Seq Scan on s_1  (cost=0.00..16370.00 rows=1000000 width=20) (actual time=0.007..52.514 rows=1000000 loops=1)
 Planning time: 0.274 ms
 Execution time: 486.547 ms
(7 rows)

===== 143 [Wed Mar  7 03:08:20 CET 2018] scale:1000000 groups:100 work_mem:16MB incremental:off max_workers:2 =====
SELECT * FROM s_2 ORDER BY a, b, c
                                                        QUERY PLAN                                                         
---------------------------------------------------------------------------------------------------------------------------
 Limit  (cost=149037.84..149037.84 rows=1 width=20) (actual time=603.975..603.975 rows=0 loops=1)
   ->  Sort  (cost=136537.84..139037.84 rows=1000000 width=20) (actual time=503.420..582.224 rows=1000000 loops=1)
         Sort Key: s_2.a, s_2.b, s_2.c
         Sort Method: external merge  Disk: 29392kB
         ->  Seq Scan on s_2  (cost=0.00..16370.00 rows=1000000 width=20) (actual time=0.004..52.391 rows=1000000 loops=1)
 Planning time: 0.293 ms
 Execution time: 608.221 ms
(7 rows)

===== 144 [Wed Mar  7 03:08:23 CET 2018] scale:1000000 groups:100 work_mem:16MB incremental:off max_workers:2 =====
SELECT * FROM s_3 ORDER BY a, b, c, d
                                                        QUERY PLAN                                                         
---------------------------------------------------------------------------------------------------------------------------
 Limit  (cost=149037.84..149037.84 rows=1 width=20) (actual time=582.191..582.191 rows=0 loops=1)
   ->  Sort  (cost=136537.84..139037.84 rows=1000000 width=20) (actual time=481.473..560.415 rows=1000000 loops=1)
         Sort Key: s_3.a, s_3.b, s_3.c, s_3.d
         Sort Method: external merge  Disk: 29392kB
         ->  Seq Scan on s_3  (cost=0.00..16370.00 rows=1000000 width=20) (actual time=0.004..52.792 rows=1000000 loops=1)
 Planning time: 0.309 ms
 Execution time: 586.441 ms
(7 rows)

===== 145 [Wed Mar  7 03:08:26 CET 2018] scale:1000000 groups:100 work_mem:32MB incremental:on max_workers:2 =====
SELECT * FROM s_1 ORDER BY a, b
                                                                        QUERY PLAN                                                                         
-----------------------------------------------------------------------------------------------------------------------------------------------------------
 Limit  (cost=128713.23..128713.23 rows=1 width=20) (actual time=441.992..441.992 rows=0 loops=1)
   ->  Incremental Sort  (cost=1002.51..118713.23 rows=1000000 width=20) (actual time=2.157..420.465 rows=1000000 loops=1)
         Sort Key: s_1.a, s_1.b
         Presorted Key: s_1.a
         Sort Method: quicksort  Memory: 1191kB
         Sort Groups: 101
         ->  Index Only Scan using s_1_a_e_d_c_b_idx on s_1  (cost=0.42..34844.43 rows=1000000 width=20) (actual time=0.024..128.599 rows=1000000 loops=1)
               Heap Fetches: 0
 Planning time: 0.279 ms
 Execution time: 442.029 ms
(10 rows)

===== 146 [Wed Mar  7 03:08:28 CET 2018] scale:1000000 groups:100 work_mem:32MB incremental:on max_workers:2 =====
SELECT * FROM s_2 ORDER BY a, b, c
                                                                        QUERY PLAN                                                                         
-----------------------------------------------------------------------------------------------------------------------------------------------------------
 Limit  (cost=95624.17..95624.17 rows=1 width=20) (actual time=460.375..460.375 rows=0 loops=1)
   ->  Incremental Sort  (cost=7.08..85624.17 rows=1000000 width=20) (actual time=0.099..438.569 rows=1000000 loops=1)
         Sort Key: s_2.a, s_2.b, s_2.c
         Presorted Key: s_2.a, s_2.b
         Sort Method: quicksort  Memory: 35kB
         Sort Groups: 10198
         ->  Index Only Scan using s_2_a_b_e_d_c_idx on s_2  (cost=0.42..34844.43 rows=1000000 width=20) (actual time=0.029..124.624 rows=1000000 loops=1)
               Heap Fetches: 0
 Planning time: 0.293 ms
 Execution time: 460.399 ms
(10 rows)

===== 147 [Wed Mar  7 03:08:31 CET 2018] scale:1000000 groups:100 work_mem:32MB incremental:on max_workers:2 =====
SELECT * FROM s_3 ORDER BY a, b, c, d
                                                                        QUERY PLAN                                                                         
-----------------------------------------------------------------------------------------------------------------------------------------------------------
 Limit  (cost=80954.07..80954.07 rows=1 width=20) (actual time=410.354..410.354 rows=0 loops=1)
   ->  Incremental Sort  (cost=0.94..70954.07 rows=1000000 width=20) (actual time=0.078..388.658 rows=1000000 loops=1)
         Sort Key: s_3.a, s_3.b, s_3.c, s_3.d
         Presorted Key: s_3.a, s_3.b, s_3.c
         Sort Method: quicksort  Memory: 28kB
         Sort Groups: 30774
         ->  Index Only Scan using s_3_a_b_c_e_d_idx on s_3  (cost=0.42..34844.43 rows=1000000 width=20) (actual time=0.028..125.111 rows=1000000 loops=1)
               Heap Fetches: 0
 Planning time: 0.300 ms
 Execution time: 410.378 ms
(10 rows)

===== 148 [Wed Mar  7 03:08:33 CET 2018] scale:1000000 groups:100 work_mem:32MB incremental:off max_workers:2 =====
SELECT * FROM s_1 ORDER BY a, b
                                                        QUERY PLAN                                                         
---------------------------------------------------------------------------------------------------------------------------
 Limit  (cost=149037.84..149037.84 rows=1 width=20) (actual time=503.512..503.512 rows=0 loops=1)
   ->  Sort  (cost=136537.84..139037.84 rows=1000000 width=20) (actual time=404.907..481.717 rows=1000000 loops=1)
         Sort Key: s_1.a, s_1.b
         Sort Method: external merge  Disk: 29360kB
         ->  Seq Scan on s_1  (cost=0.00..16370.00 rows=1000000 width=20) (actual time=0.007..53.623 rows=1000000 loops=1)
 Planning time: 0.289 ms
 Execution time: 508.101 ms
(7 rows)

===== 149 [Wed Mar  7 03:08:36 CET 2018] scale:1000000 groups:100 work_mem:32MB incremental:off max_workers:2 =====
SELECT * FROM s_2 ORDER BY a, b, c
                                                        QUERY PLAN                                                         
---------------------------------------------------------------------------------------------------------------------------
 Limit  (cost=149037.84..149037.84 rows=1 width=20) (actual time=622.552..622.552 rows=0 loops=1)
   ->  Sort  (cost=136537.84..139037.84 rows=1000000 width=20) (actual time=524.087..600.742 rows=1000000 loops=1)
         Sort Key: s_2.a, s_2.b, s_2.c
         Sort Method: external merge  Disk: 29360kB
         ->  Seq Scan on s_2  (cost=0.00..16370.00 rows=1000000 width=20) (actual time=0.004..53.556 rows=1000000 loops=1)
 Planning time: 0.297 ms
 Execution time: 627.120 ms
(7 rows)

===== 150 [Wed Mar  7 03:08:39 CET 2018] scale:1000000 groups:100 work_mem:32MB incremental:off max_workers:2 =====
SELECT * FROM s_3 ORDER BY a, b, c, d
                                                        QUERY PLAN                                                         
---------------------------------------------------------------------------------------------------------------------------
 Limit  (cost=149037.84..149037.84 rows=1 width=20) (actual time=599.984..599.984 rows=0 loops=1)
   ->  Sort  (cost=136537.84..139037.84 rows=1000000 width=20) (actual time=501.361..578.208 rows=1000000 loops=1)
         Sort Key: s_3.a, s_3.b, s_3.c, s_3.d
         Sort Method: external merge  Disk: 29360kB
         ->  Seq Scan on s_3  (cost=0.00..16370.00 rows=1000000 width=20) (actual time=0.004..54.061 rows=1000000 loops=1)
 Planning time: 0.294 ms
 Execution time: 604.553 ms
(7 rows)

===== 151 [Wed Mar  7 03:08:42 CET 2018] scale:1000000 groups:100 work_mem:64MB incremental:on max_workers:2 =====
SELECT * FROM s_1 ORDER BY a, b
                                                                        QUERY PLAN                                                                         
-----------------------------------------------------------------------------------------------------------------------------------------------------------
 Limit  (cost=128713.23..128713.23 rows=1 width=20) (actual time=441.876..441.876 rows=0 loops=1)
   ->  Incremental Sort  (cost=1002.51..118713.23 rows=1000000 width=20) (actual time=2.152..420.307 rows=1000000 loops=1)
         Sort Key: s_1.a, s_1.b
         Presorted Key: s_1.a
         Sort Method: quicksort  Memory: 1191kB
         Sort Groups: 101
         ->  Index Only Scan using s_1_a_e_d_c_b_idx on s_1  (cost=0.42..34844.43 rows=1000000 width=20) (actual time=0.024..128.620 rows=1000000 loops=1)
               Heap Fetches: 0
 Planning time: 0.278 ms
 Execution time: 441.913 ms
(10 rows)

===== 152 [Wed Mar  7 03:08:45 CET 2018] scale:1000000 groups:100 work_mem:64MB incremental:on max_workers:2 =====
SELECT * FROM s_2 ORDER BY a, b, c
                                                                        QUERY PLAN                                                                         
-----------------------------------------------------------------------------------------------------------------------------------------------------------
 Limit  (cost=95624.17..95624.17 rows=1 width=20) (actual time=460.239..460.239 rows=0 loops=1)
   ->  Incremental Sort  (cost=7.08..85624.17 rows=1000000 width=20) (actual time=0.099..438.501 rows=1000000 loops=1)
         Sort Key: s_2.a, s_2.b, s_2.c
         Presorted Key: s_2.a, s_2.b
         Sort Method: quicksort  Memory: 35kB
         Sort Groups: 10198
         ->  Index Only Scan using s_2_a_b_e_d_c_idx on s_2  (cost=0.42..34844.43 rows=1000000 width=20) (actual time=0.029..124.589 rows=1000000 loops=1)
               Heap Fetches: 0
 Planning time: 0.297 ms
 Execution time: 460.262 ms
(10 rows)

===== 153 [Wed Mar  7 03:08:47 CET 2018] scale:1000000 groups:100 work_mem:64MB incremental:on max_workers:2 =====
SELECT * FROM s_3 ORDER BY a, b, c, d
                                                                        QUERY PLAN                                                                         
-----------------------------------------------------------------------------------------------------------------------------------------------------------
 Limit  (cost=80954.07..80954.07 rows=1 width=20) (actual time=410.063..410.063 rows=0 loops=1)
   ->  Incremental Sort  (cost=0.94..70954.07 rows=1000000 width=20) (actual time=0.082..388.344 rows=1000000 loops=1)
         Sort Key: s_3.a, s_3.b, s_3.c, s_3.d
         Presorted Key: s_3.a, s_3.b, s_3.c
         Sort Method: quicksort  Memory: 28kB
         Sort Groups: 30774
         ->  Index Only Scan using s_3_a_b_c_e_d_idx on s_3  (cost=0.42..34844.43 rows=1000000 width=20) (actual time=0.029..125.164 rows=1000000 loops=1)
               Heap Fetches: 0
 Planning time: 0.302 ms
 Execution time: 410.087 ms
(10 rows)

===== 154 [Wed Mar  7 03:08:49 CET 2018] scale:1000000 groups:100 work_mem:64MB incremental:off max_workers:2 =====
SELECT * FROM s_1 ORDER BY a, b
                                                        QUERY PLAN                                                         
---------------------------------------------------------------------------------------------------------------------------
 Limit  (cost=128527.84..128527.84 rows=1 width=20) (actual time=525.166..525.166 rows=0 loops=1)
   ->  Sort  (cost=116027.84..118527.84 rows=1000000 width=20) (actual time=431.919..503.298 rows=1000000 loops=1)
         Sort Key: s_1.a, s_1.b
         Sort Method: external merge  Disk: 29360kB
         ->  Seq Scan on s_1  (cost=0.00..16370.00 rows=1000000 width=20) (actual time=0.007..55.443 rows=1000000 loops=1)
 Planning time: 0.285 ms
 Execution time: 528.705 ms
(7 rows)

===== 155 [Wed Mar  7 03:08:52 CET 2018] scale:1000000 groups:100 work_mem:64MB incremental:off max_workers:2 =====
SELECT * FROM s_2 ORDER BY a, b, c
                                                        QUERY PLAN                                                         
---------------------------------------------------------------------------------------------------------------------------
 Limit  (cost=128527.84..128527.84 rows=1 width=20) (actual time=641.125..641.125 rows=0 loops=1)
   ->  Sort  (cost=116027.84..118527.84 rows=1000000 width=20) (actual time=547.901..619.248 rows=1000000 loops=1)
         Sort Key: s_2.a, s_2.b, s_2.c
         Sort Method: external merge  Disk: 29360kB
         ->  Seq Scan on s_2  (cost=0.00..16370.00 rows=1000000 width=20) (actual time=0.004..55.371 rows=1000000 loops=1)
 Planning time: 0.294 ms
 Execution time: 644.678 ms
(7 rows)

===== 156 [Wed Mar  7 03:08:55 CET 2018] scale:1000000 groups:100 work_mem:64MB incremental:off max_workers:2 =====
SELECT * FROM s_3 ORDER BY a, b, c, d
                                                        QUERY PLAN                                                         
---------------------------------------------------------------------------------------------------------------------------
 Limit  (cost=128527.84..128527.84 rows=1 width=20) (actual time=619.320..619.320 rows=0 loops=1)
   ->  Sort  (cost=116027.84..118527.84 rows=1000000 width=20) (actual time=525.881..597.430 rows=1000000 loops=1)
         Sort Key: s_3.a, s_3.b, s_3.c, s_3.d
         Sort Method: external merge  Disk: 29360kB
         ->  Seq Scan on s_3  (cost=0.00..16370.00 rows=1000000 width=20) (actual time=0.004..55.750 rows=1000000 loops=1)
 Planning time: 0.295 ms
 Execution time: 622.835 ms
(7 rows)

===== 157 [Wed Mar  7 03:08:59 CET 2018] scale:1000000 groups:100 work_mem:128MB incremental:on max_workers:2 =====
SELECT * FROM s_1 ORDER BY a, b
                                                                        QUERY PLAN                                                                         
-----------------------------------------------------------------------------------------------------------------------------------------------------------
 Limit  (cost=128713.23..128713.23 rows=1 width=20) (actual time=441.586..441.586 rows=0 loops=1)
   ->  Incremental Sort  (cost=1002.51..118713.23 rows=1000000 width=20) (actual time=2.149..419.985 rows=1000000 loops=1)
         Sort Key: s_1.a, s_1.b
         Presorted Key: s_1.a
         Sort Method: quicksort  Memory: 1191kB
         Sort Groups: 101
         ->  Index Only Scan using s_1_a_e_d_c_b_idx on s_1  (cost=0.42..34844.43 rows=1000000 width=20) (actual time=0.024..128.608 rows=1000000 loops=1)
               Heap Fetches: 0
 Planning time: 0.286 ms
 Execution time: 441.624 ms
(10 rows)

===== 158 [Wed Mar  7 03:09:01 CET 2018] scale:1000000 groups:100 work_mem:128MB incremental:on max_workers:2 =====
SELECT * FROM s_2 ORDER BY a, b, c
                                                                        QUERY PLAN                                                                         
-----------------------------------------------------------------------------------------------------------------------------------------------------------
 Limit  (cost=95624.17..95624.17 rows=1 width=20) (actual time=460.267..460.267 rows=0 loops=1)
   ->  Incremental Sort  (cost=7.08..85624.17 rows=1000000 width=20) (actual time=0.099..438.533 rows=1000000 loops=1)
         Sort Key: s_2.a, s_2.b, s_2.c
         Presorted Key: s_2.a, s_2.b
         Sort Method: quicksort  Memory: 35kB
         Sort Groups: 10198
         ->  Index Only Scan using s_2_a_b_e_d_c_idx on s_2  (cost=0.42..34844.43 rows=1000000 width=20) (actual time=0.030..124.578 rows=1000000 loops=1)
               Heap Fetches: 0
 Planning time: 0.295 ms
 Execution time: 460.291 ms
(10 rows)

===== 159 [Wed Mar  7 03:09:04 CET 2018] scale:1000000 groups:100 work_mem:128MB incremental:on max_workers:2 =====
SELECT * FROM s_3 ORDER BY a, b, c, d
                                                                        QUERY PLAN                                                                         
-----------------------------------------------------------------------------------------------------------------------------------------------------------
 Limit  (cost=80954.07..80954.07 rows=1 width=20) (actual time=410.253..410.253 rows=0 loops=1)
   ->  Incremental Sort  (cost=0.94..70954.07 rows=1000000 width=20) (actual time=0.081..388.549 rows=1000000 loops=1)
         Sort Key: s_3.a, s_3.b, s_3.c, s_3.d
         Presorted Key: s_3.a, s_3.b, s_3.c
         Sort Method: quicksort  Memory: 28kB
         Sort Groups: 30774
         ->  Index Only Scan using s_3_a_b_c_e_d_idx on s_3  (cost=0.42..34844.43 rows=1000000 width=20) (actual time=0.029..125.126 rows=1000000 loops=1)
               Heap Fetches: 0
 Planning time: 0.303 ms
 Execution time: 410.277 ms
(10 rows)

===== 160 [Wed Mar  7 03:09:06 CET 2018] scale:1000000 groups:100 work_mem:128MB incremental:off max_workers:2 =====
SELECT * FROM s_1 ORDER BY a, b
                                                        QUERY PLAN                                                         
---------------------------------------------------------------------------------------------------------------------------
 Limit  (cost=128527.84..128527.84 rows=1 width=20) (actual time=446.638..446.638 rows=0 loops=1)
   ->  Sort  (cost=116027.84..118527.84 rows=1000000 width=20) (actual time=330.083..424.909 rows=1000000 loops=1)
         Sort Key: s_1.a, s_1.b
         Sort Method: quicksort  Memory: 102702kB
         ->  Seq Scan on s_1  (cost=0.00..16370.00 rows=1000000 width=20) (actual time=0.007..55.661 rows=1000000 loops=1)
 Planning time: 0.271 ms
 Execution time: 450.783 ms
(7 rows)

===== 161 [Wed Mar  7 03:09:08 CET 2018] scale:1000000 groups:100 work_mem:128MB incremental:off max_workers:2 =====
SELECT * FROM s_2 ORDER BY a, b, c
                                                        QUERY PLAN                                                         
---------------------------------------------------------------------------------------------------------------------------
 Limit  (cost=128527.84..128527.84 rows=1 width=20) (actual time=552.965..552.965 rows=0 loops=1)
   ->  Sort  (cost=116027.84..118527.84 rows=1000000 width=20) (actual time=476.303..531.264 rows=1000000 loops=1)
         Sort Key: s_2.a, s_2.b, s_2.c
         Sort Method: quicksort  Memory: 102702kB
         ->  Seq Scan on s_2  (cost=0.00..16370.00 rows=1000000 width=20) (actual time=0.004..55.564 rows=1000000 loops=1)
 Planning time: 0.294 ms
 Execution time: 557.101 ms
(7 rows)

===== 162 [Wed Mar  7 03:09:11 CET 2018] scale:1000000 groups:100 work_mem:128MB incremental:off max_workers:2 =====
SELECT * FROM s_3 ORDER BY a, b, c, d
                                                        QUERY PLAN                                                         
---------------------------------------------------------------------------------------------------------------------------
 Limit  (cost=128527.84..128527.84 rows=1 width=20) (actual time=522.298..522.298 rows=0 loops=1)
   ->  Sort  (cost=116027.84..118527.84 rows=1000000 width=20) (actual time=465.889..500.545 rows=1000000 loops=1)
         Sort Key: s_3.a, s_3.b, s_3.c, s_3.d
         Sort Method: quicksort  Memory: 102702kB
         ->  Seq Scan on s_3  (cost=0.00..16370.00 rows=1000000 width=20) (actual time=0.004..55.975 rows=1000000 loops=1)
 Planning time: 0.305 ms
 Execution time: 526.422 ms
(7 rows)

===== 163 [Wed Mar  7 03:09:14 CET 2018] scale:1000000 groups:100 work_mem:256MB incremental:on max_workers:2 =====
SELECT * FROM s_1 ORDER BY a, b
                                                                        QUERY PLAN                                                                         
-----------------------------------------------------------------------------------------------------------------------------------------------------------
 Limit  (cost=128713.23..128713.23 rows=1 width=20) (actual time=441.875..441.875 rows=0 loops=1)
   ->  Incremental Sort  (cost=1002.51..118713.23 rows=1000000 width=20) (actual time=2.151..420.336 rows=1000000 loops=1)
         Sort Key: s_1.a, s_1.b
         Presorted Key: s_1.a
         Sort Method: quicksort  Memory: 1191kB
         Sort Groups: 101
         ->  Index Only Scan using s_1_a_e_d_c_b_idx on s_1  (cost=0.42..34844.43 rows=1000000 width=20) (actual time=0.024..128.601 rows=1000000 loops=1)
               Heap Fetches: 0
 Planning time: 0.285 ms
 Execution time: 441.912 ms
(10 rows)

===== 164 [Wed Mar  7 03:09:16 CET 2018] scale:1000000 groups:100 work_mem:256MB incremental:on max_workers:2 =====
SELECT * FROM s_2 ORDER BY a, b, c
                                                                        QUERY PLAN                                                                         
-----------------------------------------------------------------------------------------------------------------------------------------------------------
 Limit  (cost=95624.17..95624.17 rows=1 width=20) (actual time=460.284..460.284 rows=0 loops=1)
   ->  Incremental Sort  (cost=7.08..85624.17 rows=1000000 width=20) (actual time=0.102..438.547 rows=1000000 loops=1)
         Sort Key: s_2.a, s_2.b, s_2.c
         Presorted Key: s_2.a, s_2.b
         Sort Method: quicksort  Memory: 35kB
         Sort Groups: 10198
         ->  Index Only Scan using s_2_a_b_e_d_c_idx on s_2  (cost=0.42..34844.43 rows=1000000 width=20) (actual time=0.029..124.548 rows=1000000 loops=1)
               Heap Fetches: 0
 Planning time: 0.293 ms
 Execution time: 460.308 ms
(10 rows)

===== 165 [Wed Mar  7 03:09:19 CET 2018] scale:1000000 groups:100 work_mem:256MB incremental:on max_workers:2 =====
SELECT * FROM s_3 ORDER BY a, b, c, d
                                                                        QUERY PLAN                                                                         
-----------------------------------------------------------------------------------------------------------------------------------------------------------
 Limit  (cost=80954.07..80954.07 rows=1 width=20) (actual time=410.337..410.337 rows=0 loops=1)
   ->  Incremental Sort  (cost=0.94..70954.07 rows=1000000 width=20) (actual time=0.080..388.589 rows=1000000 loops=1)
         Sort Key: s_3.a, s_3.b, s_3.c, s_3.d
         Presorted Key: s_3.a, s_3.b, s_3.c
         Sort Method: quicksort  Memory: 28kB
         Sort Groups: 30774
         ->  Index Only Scan using s_3_a_b_c_e_d_idx on s_3  (cost=0.42..34844.43 rows=1000000 width=20) (actual time=0.030..125.133 rows=1000000 loops=1)
               Heap Fetches: 0
 Planning time: 0.301 ms
 Execution time: 410.360 ms
(10 rows)

===== 166 [Wed Mar  7 03:09:21 CET 2018] scale:1000000 groups:100 work_mem:256MB incremental:off max_workers:2 =====
SELECT * FROM s_1 ORDER BY a, b
                                                        QUERY PLAN                                                         
---------------------------------------------------------------------------------------------------------------------------
 Limit  (cost=128527.84..128527.84 rows=1 width=20) (actual time=446.069..446.069 rows=0 loops=1)
   ->  Sort  (cost=116027.84..118527.84 rows=1000000 width=20) (actual time=329.789..424.373 rows=1000000 loops=1)
         Sort Key: s_1.a, s_1.b
         Sort Method: quicksort  Memory: 102702kB
         ->  Seq Scan on s_1  (cost=0.00..16370.00 rows=1000000 width=20) (actual time=0.007..55.591 rows=1000000 loops=1)
 Planning time: 0.276 ms
 Execution time: 450.209 ms
(7 rows)

===== 167 [Wed Mar  7 03:09:23 CET 2018] scale:1000000 groups:100 work_mem:256MB incremental:off max_workers:2 =====
SELECT * FROM s_2 ORDER BY a, b, c
                                                        QUERY PLAN                                                         
---------------------------------------------------------------------------------------------------------------------------
 Limit  (cost=128527.84..128527.84 rows=1 width=20) (actual time=553.490..553.490 rows=0 loops=1)
   ->  Sort  (cost=116027.84..118527.84 rows=1000000 width=20) (actual time=476.518..531.776 rows=1000000 loops=1)
         Sort Key: s_2.a, s_2.b, s_2.c
         Sort Method: quicksort  Memory: 102702kB
         ->  Seq Scan on s_2  (cost=0.00..16370.00 rows=1000000 width=20) (actual time=0.004..55.590 rows=1000000 loops=1)
 Planning time: 0.294 ms
 Execution time: 557.647 ms
(7 rows)

===== 168 [Wed Mar  7 03:09:26 CET 2018] scale:1000000 groups:100 work_mem:256MB incremental:off max_workers:2 =====
SELECT * FROM s_3 ORDER BY a, b, c, d
                                                        QUERY PLAN                                                         
---------------------------------------------------------------------------------------------------------------------------
 Limit  (cost=128527.84..128527.84 rows=1 width=20) (actual time=522.411..522.411 rows=0 loops=1)
   ->  Sort  (cost=116027.84..118527.84 rows=1000000 width=20) (actual time=466.038..500.678 rows=1000000 loops=1)
         Sort Key: s_3.a, s_3.b, s_3.c, s_3.d
         Sort Method: quicksort  Memory: 102702kB
         ->  Seq Scan on s_3  (cost=0.00..16370.00 rows=1000000 width=20) (actual time=0.004..55.963 rows=1000000 loops=1)
 Planning time: 0.300 ms
 Execution time: 526.546 ms
(7 rows)

===== 169 [Wed Mar  7 03:09:36 CET 2018] scale:1000000 groups:1000 work_mem:4MB incremental:on max_workers:0 =====
SELECT * FROM s_1 ORDER BY a, b
                                                                        QUERY PLAN                                                                         
-----------------------------------------------------------------------------------------------------------------------------------------------------------
 Limit  (cost=112186.16..112186.16 rows=1 width=20) (actual time=497.598..497.598 rows=0 loops=1)
   ->  Incremental Sort  (cost=85.01..102186.16 rows=1000000 width=20) (actual time=0.293..475.868 rows=1000000 loops=1)
         Sort Key: s_1.a, s_1.b
         Presorted Key: s_1.a
         Sort Method: quicksort  Memory: 134kB
         Sort Groups: 1001
         ->  Index Only Scan using s_1_a_e_d_c_b_idx on s_1  (cost=0.42..34844.43 rows=1000000 width=20) (actual time=0.040..144.905 rows=1000000 loops=1)
               Heap Fetches: 0
 Planning time: 0.298 ms
 Execution time: 497.634 ms
(10 rows)

===== 170 [Wed Mar  7 03:09:39 CET 2018] scale:1000000 groups:1000 work_mem:4MB incremental:on max_workers:0 =====
SELECT * FROM s_2 ORDER BY a, b, c
                                                                        QUERY PLAN                                                                         
-----------------------------------------------------------------------------------------------------------------------------------------------------------
 Limit  (cost=80954.07..80954.07 rows=1 width=20) (actual time=394.665..394.665 rows=0 loops=1)
   ->  Incremental Sort  (cost=0.94..70954.07 rows=1000000 width=20) (actual time=0.102..372.649 rows=1000000 loops=1)
         Sort Key: s_2.a, s_2.b, s_2.c
         Presorted Key: s_2.a, s_2.b
         Sort Method: quicksort  Memory: 27kB
         Sort Groups: 30769
         ->  Index Only Scan using s_2_a_b_e_d_c_idx on s_2  (cost=0.42..34844.43 rows=1000000 width=20) (actual time=0.047..144.858 rows=1000000 loops=1)
               Heap Fetches: 0
 Planning time: 0.289 ms
 Execution time: 394.689 ms
(10 rows)

===== 171 [Wed Mar  7 03:09:41 CET 2018] scale:1000000 groups:1000 work_mem:4MB incremental:on max_workers:0 =====
SELECT * FROM s_3 ORDER BY a, b, c, d
                                                                        QUERY PLAN                                                                         
-----------------------------------------------------------------------------------------------------------------------------------------------------------
 Limit  (cost=80954.07..80954.07 rows=1 width=20) (actual time=330.168..330.168 rows=0 loops=1)
   ->  Incremental Sort  (cost=0.94..70954.07 rows=1000000 width=20) (actual time=0.090..308.301 rows=1000000 loops=1)
         Sort Key: s_3.a, s_3.b, s_3.c, s_3.d
         Presorted Key: s_3.a, s_3.b, s_3.c
         Sort Method: quicksort  Memory: 27kB
         Sort Groups: 31250
         ->  Index Only Scan using s_3_a_b_c_e_d_idx on s_3  (cost=0.42..34844.43 rows=1000000 width=20) (actual time=0.044..143.961 rows=1000000 loops=1)
               Heap Fetches: 0
 Planning time: 0.303 ms
 Execution time: 330.192 ms
(10 rows)

===== 172 [Wed Mar  7 03:09:42 CET 2018] scale:1000000 groups:1000 work_mem:4MB incremental:off max_workers:0 =====
SELECT * FROM s_1 ORDER BY a, b
                                                        QUERY PLAN                                                         
---------------------------------------------------------------------------------------------------------------------------
 Limit  (cost=149037.84..149037.84 rows=1 width=20) (actual time=545.917..545.917 rows=0 loops=1)
   ->  Sort  (cost=136537.84..139037.84 rows=1000000 width=20) (actual time=441.201..524.006 rows=1000000 loops=1)
         Sort Key: s_1.a, s_1.b
         Sort Method: external merge  Disk: 29360kB
         ->  Seq Scan on s_1  (cost=0.00..16370.00 rows=1000000 width=20) (actual time=0.007..51.555 rows=1000000 loops=1)
 Planning time: 0.272 ms
 Execution time: 549.606 ms
(7 rows)

===== 173 [Wed Mar  7 03:09:45 CET 2018] scale:1000000 groups:1000 work_mem:4MB incremental:off max_workers:0 =====
SELECT * FROM s_2 ORDER BY a, b, c
                                                        QUERY PLAN                                                         
---------------------------------------------------------------------------------------------------------------------------
 Limit  (cost=149037.84..149037.84 rows=1 width=20) (actual time=515.193..515.193 rows=0 loops=1)
   ->  Sort  (cost=136537.84..139037.84 rows=1000000 width=20) (actual time=410.668..493.310 rows=1000000 loops=1)
         Sort Key: s_2.a, s_2.b, s_2.c
         Sort Method: external merge  Disk: 29360kB
         ->  Seq Scan on s_2  (cost=0.00..16370.00 rows=1000000 width=20) (actual time=0.004..51.547 rows=1000000 loops=1)
 Planning time: 0.284 ms
 Execution time: 518.855 ms
(7 rows)

===== 174 [Wed Mar  7 03:09:48 CET 2018] scale:1000000 groups:1000 work_mem:4MB incremental:off max_workers:0 =====
SELECT * FROM s_3 ORDER BY a, b, c, d
                                                        QUERY PLAN                                                         
---------------------------------------------------------------------------------------------------------------------------
 Limit  (cost=149037.84..149037.84 rows=1 width=20) (actual time=398.636..398.636 rows=0 loops=1)
   ->  Sort  (cost=136537.84..139037.84 rows=1000000 width=20) (actual time=293.762..376.751 rows=1000000 loops=1)
         Sort Key: s_3.a, s_3.b, s_3.c, s_3.d
         Sort Method: external merge  Disk: 29360kB
         ->  Seq Scan on s_3  (cost=0.00..16370.00 rows=1000000 width=20) (actual time=0.004..51.805 rows=1000000 loops=1)
 Planning time: 0.291 ms
 Execution time: 402.312 ms
(7 rows)

===== 175 [Wed Mar  7 03:09:50 CET 2018] scale:1000000 groups:1000 work_mem:8MB incremental:on max_workers:0 =====
SELECT * FROM s_1 ORDER BY a, b
                                                                        QUERY PLAN                                                                         
-----------------------------------------------------------------------------------------------------------------------------------------------------------
 Limit  (cost=112186.16..112186.16 rows=1 width=20) (actual time=476.512..476.512 rows=0 loops=1)
   ->  Incremental Sort  (cost=85.01..102186.16 rows=1000000 width=20) (actual time=0.268..454.873 rows=1000000 loops=1)
         Sort Key: s_1.a, s_1.b
         Presorted Key: s_1.a
         Sort Method: quicksort  Memory: 134kB
         Sort Groups: 1001
         ->  Index Only Scan using s_1_a_e_d_c_b_idx on s_1  (cost=0.42..34844.43 rows=1000000 width=20) (actual time=0.022..124.260 rows=1000000 loops=1)
               Heap Fetches: 0
 Planning time: 0.289 ms
 Execution time: 476.545 ms
(10 rows)

===== 176 [Wed Mar  7 03:09:52 CET 2018] scale:1000000 groups:1000 work_mem:8MB incremental:on max_workers:0 =====
SELECT * FROM s_2 ORDER BY a, b, c
                                                                        QUERY PLAN                                                                         
-----------------------------------------------------------------------------------------------------------------------------------------------------------
 Limit  (cost=80954.07..80954.07 rows=1 width=20) (actual time=375.504..375.504 rows=0 loops=1)
   ->  Incremental Sort  (cost=0.94..70954.07 rows=1000000 width=20) (actual time=0.071..353.734 rows=1000000 loops=1)
         Sort Key: s_2.a, s_2.b, s_2.c
         Presorted Key: s_2.a, s_2.b
         Sort Method: quicksort  Memory: 27kB
         Sort Groups: 30769
         ->  Index Only Scan using s_2_a_b_e_d_c_idx on s_2  (cost=0.42..34844.43 rows=1000000 width=20) (actual time=0.026..124.413 rows=1000000 loops=1)
               Heap Fetches: 0
 Planning time: 0.291 ms
 Execution time: 375.527 ms
(10 rows)

===== 177 [Wed Mar  7 03:09:54 CET 2018] scale:1000000 groups:1000 work_mem:8MB incremental:on max_workers:0 =====
SELECT * FROM s_3 ORDER BY a, b, c, d
                                                                        QUERY PLAN                                                                         
-----------------------------------------------------------------------------------------------------------------------------------------------------------
 Limit  (cost=80954.07..80954.07 rows=1 width=20) (actual time=308.652..308.652 rows=0 loops=1)
   ->  Incremental Sort  (cost=0.94..70954.07 rows=1000000 width=20) (actual time=0.073..286.772 rows=1000000 loops=1)
         Sort Key: s_3.a, s_3.b, s_3.c, s_3.d
         Presorted Key: s_3.a, s_3.b, s_3.c
         Sort Method: quicksort  Memory: 27kB
         Sort Groups: 31250
         ->  Index Only Scan using s_3_a_b_c_e_d_idx on s_3  (cost=0.42..34844.43 rows=1000000 width=20) (actual time=0.027..124.062 rows=1000000 loops=1)
               Heap Fetches: 0
 Planning time: 0.303 ms
 Execution time: 308.679 ms
(10 rows)

===== 178 [Wed Mar  7 03:09:56 CET 2018] scale:1000000 groups:1000 work_mem:8MB incremental:off max_workers:0 =====
SELECT * FROM s_1 ORDER BY a, b
                                                        QUERY PLAN                                                         
---------------------------------------------------------------------------------------------------------------------------
 Limit  (cost=149037.84..149037.84 rows=1 width=20) (actual time=532.500..532.500 rows=0 loops=1)
   ->  Sort  (cost=136537.84..139037.84 rows=1000000 width=20) (actual time=430.089..510.724 rows=1000000 loops=1)
         Sort Key: s_1.a, s_1.b
         Sort Method: external merge  Disk: 29360kB
         ->  Seq Scan on s_1  (cost=0.00..16370.00 rows=1000000 width=20) (actual time=0.007..51.915 rows=1000000 loops=1)
 Planning time: 0.286 ms
 Execution time: 536.369 ms
(7 rows)

===== 179 [Wed Mar  7 03:09:59 CET 2018] scale:1000000 groups:1000 work_mem:8MB incremental:off max_workers:0 =====
SELECT * FROM s_2 ORDER BY a, b, c
                                                        QUERY PLAN                                                         
---------------------------------------------------------------------------------------------------------------------------
 Limit  (cost=149037.84..149037.84 rows=1 width=20) (actual time=492.483..492.483 rows=0 loops=1)
   ->  Sort  (cost=136537.84..139037.84 rows=1000000 width=20) (actual time=390.279..470.717 rows=1000000 loops=1)
         Sort Key: s_2.a, s_2.b, s_2.c
         Sort Method: external merge  Disk: 29360kB
         ->  Seq Scan on s_2  (cost=0.00..16370.00 rows=1000000 width=20) (actual time=0.004..51.871 rows=1000000 loops=1)
 Planning time: 0.294 ms
 Execution time: 496.328 ms
(7 rows)

===== 180 [Wed Mar  7 03:10:01 CET 2018] scale:1000000 groups:1000 work_mem:8MB incremental:off max_workers:0 =====
SELECT * FROM s_3 ORDER BY a, b, c, d
                                                        QUERY PLAN                                                         
---------------------------------------------------------------------------------------------------------------------------
 Limit  (cost=149037.84..149037.84 rows=1 width=20) (actual time=378.049..378.049 rows=0 loops=1)
   ->  Sort  (cost=136537.84..139037.84 rows=1000000 width=20) (actual time=275.719..356.309 rows=1000000 loops=1)
         Sort Key: s_3.a, s_3.b, s_3.c, s_3.d
         Sort Method: external merge  Disk: 29360kB
         ->  Seq Scan on s_3  (cost=0.00..16370.00 rows=1000000 width=20) (actual time=0.004..52.240 rows=1000000 loops=1)
 Planning time: 0.296 ms
 Execution time: 381.901 ms
(7 rows)

===== 181 [Wed Mar  7 03:10:03 CET 2018] scale:1000000 groups:1000 work_mem:16MB incremental:on max_workers:0 =====
SELECT * FROM s_1 ORDER BY a, b
                                                                        QUERY PLAN                                                                         
-----------------------------------------------------------------------------------------------------------------------------------------------------------
 Limit  (cost=112186.16..112186.16 rows=1 width=20) (actual time=476.434..476.434 rows=0 loops=1)
   ->  Incremental Sort  (cost=85.01..102186.16 rows=1000000 width=20) (actual time=0.281..454.802 rows=1000000 loops=1)
         Sort Key: s_1.a, s_1.b
         Presorted Key: s_1.a
         Sort Method: quicksort  Memory: 134kB
         Sort Groups: 1001
         ->  Index Only Scan using s_1_a_e_d_c_b_idx on s_1  (cost=0.42..34844.43 rows=1000000 width=20) (actual time=0.023..124.192 rows=1000000 loops=1)
               Heap Fetches: 0
 Planning time: 0.283 ms
 Execution time: 476.467 ms
(10 rows)

===== 182 [Wed Mar  7 03:10:06 CET 2018] scale:1000000 groups:1000 work_mem:16MB incremental:on max_workers:0 =====
SELECT * FROM s_2 ORDER BY a, b, c
                                                                        QUERY PLAN                                                                         
-----------------------------------------------------------------------------------------------------------------------------------------------------------
 Limit  (cost=80954.07..80954.07 rows=1 width=20) (actual time=375.602..375.602 rows=0 loops=1)
   ->  Incremental Sort  (cost=0.94..70954.07 rows=1000000 width=20) (actual time=0.072..353.820 rows=1000000 loops=1)
         Sort Key: s_2.a, s_2.b, s_2.c
         Presorted Key: s_2.a, s_2.b
         Sort Method: quicksort  Memory: 27kB
         Sort Groups: 30769
         ->  Index Only Scan using s_2_a_b_e_d_c_idx on s_2  (cost=0.42..34844.43 rows=1000000 width=20) (actual time=0.027..124.471 rows=1000000 loops=1)
               Heap Fetches: 0
 Planning time: 0.294 ms
 Execution time: 375.627 ms
(10 rows)

===== 183 [Wed Mar  7 03:10:08 CET 2018] scale:1000000 groups:1000 work_mem:16MB incremental:on max_workers:0 =====
SELECT * FROM s_3 ORDER BY a, b, c, d
                                                                        QUERY PLAN                                                                         
-----------------------------------------------------------------------------------------------------------------------------------------------------------
 Limit  (cost=80954.07..80954.07 rows=1 width=20) (actual time=308.595..308.595 rows=0 loops=1)
   ->  Incremental Sort  (cost=0.94..70954.07 rows=1000000 width=20) (actual time=0.071..286.736 rows=1000000 loops=1)
         Sort Key: s_3.a, s_3.b, s_3.c, s_3.d
         Presorted Key: s_3.a, s_3.b, s_3.c
         Sort Method: quicksort  Memory: 27kB
         Sort Groups: 31250
         ->  Index Only Scan using s_3_a_b_c_e_d_idx on s_3  (cost=0.42..34844.43 rows=1000000 width=20) (actual time=0.026..124.073 rows=1000000 loops=1)
               Heap Fetches: 0
 Planning time: 0.305 ms
 Execution time: 308.618 ms
(10 rows)

===== 184 [Wed Mar  7 03:10:09 CET 2018] scale:1000000 groups:1000 work_mem:16MB incremental:off max_workers:0 =====
SELECT * FROM s_1 ORDER BY a, b
                                                        QUERY PLAN                                                         
---------------------------------------------------------------------------------------------------------------------------
 Limit  (cost=149037.84..149037.84 rows=1 width=20) (actual time=549.634..549.634 rows=0 loops=1)
   ->  Sort  (cost=136537.84..139037.84 rows=1000000 width=20) (actual time=449.122..527.870 rows=1000000 loops=1)
         Sort Key: s_1.a, s_1.b
         Sort Method: external merge  Disk: 29392kB
         ->  Seq Scan on s_1  (cost=0.00..16370.00 rows=1000000 width=20) (actual time=0.007..52.471 rows=1000000 loops=1)
 Planning time: 0.283 ms
 Execution time: 553.847 ms
(7 rows)

===== 185 [Wed Mar  7 03:10:12 CET 2018] scale:1000000 groups:1000 work_mem:16MB incremental:off max_workers:0 =====
SELECT * FROM s_2 ORDER BY a, b, c
                                                        QUERY PLAN                                                         
---------------------------------------------------------------------------------------------------------------------------
 Limit  (cost=149037.84..149037.84 rows=1 width=20) (actual time=504.658..504.658 rows=0 loops=1)
   ->  Sort  (cost=136537.84..139037.84 rows=1000000 width=20) (actual time=404.350..482.904 rows=1000000 loops=1)
         Sort Key: s_2.a, s_2.b, s_2.c
         Sort Method: external merge  Disk: 29392kB
         ->  Seq Scan on s_2  (cost=0.00..16370.00 rows=1000000 width=20) (actual time=0.004..52.379 rows=1000000 loops=1)
 Planning time: 0.289 ms
 Execution time: 508.890 ms
(7 rows)

===== 186 [Wed Mar  7 03:10:15 CET 2018] scale:1000000 groups:1000 work_mem:16MB incremental:off max_workers:0 =====
SELECT * FROM s_3 ORDER BY a, b, c, d
                                                        QUERY PLAN                                                         
---------------------------------------------------------------------------------------------------------------------------
 Limit  (cost=149037.84..149037.84 rows=1 width=20) (actual time=392.640..392.640 rows=0 loops=1)
   ->  Sort  (cost=136537.84..139037.84 rows=1000000 width=20) (actual time=292.071..370.869 rows=1000000 loops=1)
         Sort Key: s_3.a, s_3.b, s_3.c, s_3.d
         Sort Method: external merge  Disk: 29392kB
         ->  Seq Scan on s_3  (cost=0.00..16370.00 rows=1000000 width=20) (actual time=0.004..52.770 rows=1000000 loops=1)
 Planning time: 0.302 ms
 Execution time: 396.860 ms
(7 rows)

===== 187 [Wed Mar  7 03:10:17 CET 2018] scale:1000000 groups:1000 work_mem:32MB incremental:on max_workers:0 =====
SELECT * FROM s_1 ORDER BY a, b
                                                                        QUERY PLAN                                                                         
-----------------------------------------------------------------------------------------------------------------------------------------------------------
 Limit  (cost=112186.16..112186.16 rows=1 width=20) (actual time=476.458..476.458 rows=0 loops=1)
   ->  Incremental Sort  (cost=85.01..102186.16 rows=1000000 width=20) (actual time=0.266..454.823 rows=1000000 loops=1)
         Sort Key: s_1.a, s_1.b
         Presorted Key: s_1.a
         Sort Method: quicksort  Memory: 134kB
         Sort Groups: 1001
         ->  Index Only Scan using s_1_a_e_d_c_b_idx on s_1  (cost=0.42..34844.43 rows=1000000 width=20) (actual time=0.022..124.223 rows=1000000 loops=1)
               Heap Fetches: 0
 Planning time: 0.292 ms
 Execution time: 476.491 ms
(10 rows)

===== 188 [Wed Mar  7 03:10:19 CET 2018] scale:1000000 groups:1000 work_mem:32MB incremental:on max_workers:0 =====
SELECT * FROM s_2 ORDER BY a, b, c
                                                                        QUERY PLAN                                                                         
-----------------------------------------------------------------------------------------------------------------------------------------------------------
 Limit  (cost=80954.07..80954.07 rows=1 width=20) (actual time=375.467..375.467 rows=0 loops=1)
   ->  Incremental Sort  (cost=0.94..70954.07 rows=1000000 width=20) (actual time=0.072..353.688 rows=1000000 loops=1)
         Sort Key: s_2.a, s_2.b, s_2.c
         Presorted Key: s_2.a, s_2.b
         Sort Method: quicksort  Memory: 27kB
         Sort Groups: 30769
         ->  Index Only Scan using s_2_a_b_e_d_c_idx on s_2  (cost=0.42..34844.43 rows=1000000 width=20) (actual time=0.027..124.378 rows=1000000 loops=1)
               Heap Fetches: 0
 Planning time: 0.300 ms
 Execution time: 375.491 ms
(10 rows)

===== 189 [Wed Mar  7 03:10:21 CET 2018] scale:1000000 groups:1000 work_mem:32MB incremental:on max_workers:0 =====
SELECT * FROM s_3 ORDER BY a, b, c, d
                                                                        QUERY PLAN                                                                         
-----------------------------------------------------------------------------------------------------------------------------------------------------------
 Limit  (cost=80954.07..80954.07 rows=1 width=20) (actual time=308.667..308.667 rows=0 loops=1)
   ->  Incremental Sort  (cost=0.94..70954.07 rows=1000000 width=20) (actual time=0.072..286.796 rows=1000000 loops=1)
         Sort Key: s_3.a, s_3.b, s_3.c, s_3.d
         Presorted Key: s_3.a, s_3.b, s_3.c
         Sort Method: quicksort  Memory: 27kB
         Sort Groups: 31250
         ->  Index Only Scan using s_3_a_b_c_e_d_idx on s_3  (cost=0.42..34844.43 rows=1000000 width=20) (actual time=0.027..124.138 rows=1000000 loops=1)
               Heap Fetches: 0
 Planning time: 0.300 ms
 Execution time: 308.691 ms
(10 rows)

===== 190 [Wed Mar  7 03:10:23 CET 2018] scale:1000000 groups:1000 work_mem:32MB incremental:off max_workers:0 =====
SELECT * FROM s_1 ORDER BY a, b
                                                        QUERY PLAN                                                         
---------------------------------------------------------------------------------------------------------------------------
 Limit  (cost=149037.84..149037.84 rows=1 width=20) (actual time=570.265..570.265 rows=0 loops=1)
   ->  Sort  (cost=136537.84..139037.84 rows=1000000 width=20) (actual time=472.016..548.478 rows=1000000 loops=1)
         Sort Key: s_1.a, s_1.b
         Sort Method: external merge  Disk: 29360kB
         ->  Seq Scan on s_1  (cost=0.00..16370.00 rows=1000000 width=20) (actual time=0.008..53.627 rows=1000000 loops=1)
 Planning time: 0.280 ms
 Execution time: 574.822 ms
(7 rows)

===== 191 [Wed Mar  7 03:10:26 CET 2018] scale:1000000 groups:1000 work_mem:32MB incremental:off max_workers:0 =====
SELECT * FROM s_2 ORDER BY a, b, c
                                                        QUERY PLAN                                                         
---------------------------------------------------------------------------------------------------------------------------
 Limit  (cost=149037.84..149037.84 rows=1 width=20) (actual time=523.826..523.826 rows=0 loops=1)
   ->  Sort  (cost=136537.84..139037.84 rows=1000000 width=20) (actual time=425.622..502.053 rows=1000000 loops=1)
         Sort Key: s_2.a, s_2.b, s_2.c
         Sort Method: external merge  Disk: 29360kB
         ->  Seq Scan on s_2  (cost=0.00..16370.00 rows=1000000 width=20) (actual time=0.004..53.574 rows=1000000 loops=1)
 Planning time: 0.282 ms
 Execution time: 528.371 ms
(7 rows)

===== 192 [Wed Mar  7 03:10:29 CET 2018] scale:1000000 groups:1000 work_mem:32MB incremental:off max_workers:0 =====
SELECT * FROM s_3 ORDER BY a, b, c, d
                                                        QUERY PLAN                                                         
---------------------------------------------------------------------------------------------------------------------------
 Limit  (cost=149037.84..149037.84 rows=1 width=20) (actual time=412.090..412.090 rows=0 loops=1)
   ->  Sort  (cost=136537.84..139037.84 rows=1000000 width=20) (actual time=313.604..390.315 rows=1000000 loops=1)
         Sort Key: s_3.a, s_3.b, s_3.c, s_3.d
         Sort Method: external merge  Disk: 29360kB
         ->  Seq Scan on s_3  (cost=0.00..16370.00 rows=1000000 width=20) (actual time=0.004..54.076 rows=1000000 loops=1)
 Planning time: 0.300 ms
 Execution time: 416.629 ms
(7 rows)

===== 193 [Wed Mar  7 03:10:31 CET 2018] scale:1000000 groups:1000 work_mem:64MB incremental:on max_workers:0 =====
SELECT * FROM s_1 ORDER BY a, b
                                                                        QUERY PLAN                                                                         
-----------------------------------------------------------------------------------------------------------------------------------------------------------
 Limit  (cost=112186.16..112186.16 rows=1 width=20) (actual time=476.338..476.338 rows=0 loops=1)
   ->  Incremental Sort  (cost=85.01..102186.16 rows=1000000 width=20) (actual time=0.268..454.723 rows=1000000 loops=1)
         Sort Key: s_1.a, s_1.b
         Presorted Key: s_1.a
         Sort Method: quicksort  Memory: 134kB
         Sort Groups: 1001
         ->  Index Only Scan using s_1_a_e_d_c_b_idx on s_1  (cost=0.42..34844.43 rows=1000000 width=20) (actual time=0.022..124.143 rows=1000000 loops=1)
               Heap Fetches: 0
 Planning time: 0.280 ms
 Execution time: 476.371 ms
(10 rows)

===== 194 [Wed Mar  7 03:10:33 CET 2018] scale:1000000 groups:1000 work_mem:64MB incremental:on max_workers:0 =====
SELECT * FROM s_2 ORDER BY a, b, c
                                                                        QUERY PLAN                                                                         
-----------------------------------------------------------------------------------------------------------------------------------------------------------
 Limit  (cost=80954.07..80954.07 rows=1 width=20) (actual time=375.525..375.525 rows=0 loops=1)
   ->  Incremental Sort  (cost=0.94..70954.07 rows=1000000 width=20) (actual time=0.076..353.757 rows=1000000 loops=1)
         Sort Key: s_2.a, s_2.b, s_2.c
         Presorted Key: s_2.a, s_2.b
         Sort Method: quicksort  Memory: 27kB
         Sort Groups: 30769
         ->  Index Only Scan using s_2_a_b_e_d_c_idx on s_2  (cost=0.42..34844.43 rows=1000000 width=20) (actual time=0.027..124.411 rows=1000000 loops=1)
               Heap Fetches: 0
 Planning time: 0.287 ms
 Execution time: 375.549 ms
(10 rows)

===== 195 [Wed Mar  7 03:10:35 CET 2018] scale:1000000 groups:1000 work_mem:64MB incremental:on max_workers:0 =====
SELECT * FROM s_3 ORDER BY a, b, c, d
                                                                        QUERY PLAN                                                                         
-----------------------------------------------------------------------------------------------------------------------------------------------------------
 Limit  (cost=80954.07..80954.07 rows=1 width=20) (actual time=308.562..308.562 rows=0 loops=1)
   ->  Incremental Sort  (cost=0.94..70954.07 rows=1000000 width=20) (actual time=0.071..286.696 rows=1000000 loops=1)
         Sort Key: s_3.a, s_3.b, s_3.c, s_3.d
         Presorted Key: s_3.a, s_3.b, s_3.c
         Sort Method: quicksort  Memory: 27kB
         Sort Groups: 31250
         ->  Index Only Scan using s_3_a_b_c_e_d_idx on s_3  (cost=0.42..34844.43 rows=1000000 width=20) (actual time=0.026..124.086 rows=1000000 loops=1)
               Heap Fetches: 0
 Planning time: 0.302 ms
 Execution time: 308.588 ms
(10 rows)

===== 196 [Wed Mar  7 03:10:37 CET 2018] scale:1000000 groups:1000 work_mem:64MB incremental:off max_workers:0 =====
SELECT * FROM s_1 ORDER BY a, b
                                                        QUERY PLAN                                                         
---------------------------------------------------------------------------------------------------------------------------
 Limit  (cost=128527.84..128527.84 rows=1 width=20) (actual time=588.538..588.538 rows=0 loops=1)
   ->  Sort  (cost=116027.84..118527.84 rows=1000000 width=20) (actual time=495.406..566.684 rows=1000000 loops=1)
         Sort Key: s_1.a, s_1.b
         Sort Method: external merge  Disk: 29360kB
         ->  Seq Scan on s_1  (cost=0.00..16370.00 rows=1000000 width=20) (actual time=0.007..55.418 rows=1000000 loops=1)
 Planning time: 0.287 ms
 Execution time: 592.039 ms
(7 rows)

===== 197 [Wed Mar  7 03:10:40 CET 2018] scale:1000000 groups:1000 work_mem:64MB incremental:off max_workers:0 =====
SELECT * FROM s_2 ORDER BY a, b, c
                                                        QUERY PLAN                                                         
---------------------------------------------------------------------------------------------------------------------------
 Limit  (cost=128527.84..128527.84 rows=1 width=20) (actual time=541.860..541.860 rows=0 loops=1)
   ->  Sort  (cost=116027.84..118527.84 rows=1000000 width=20) (actual time=448.755..519.991 rows=1000000 loops=1)
         Sort Key: s_2.a, s_2.b, s_2.c
         Sort Method: external merge  Disk: 29360kB
         ->  Seq Scan on s_2  (cost=0.00..16370.00 rows=1000000 width=20) (actual time=0.004..55.369 rows=1000000 loops=1)
 Planning time: 0.287 ms
 Execution time: 545.355 ms
(7 rows)

===== 198 [Wed Mar  7 03:10:43 CET 2018] scale:1000000 groups:1000 work_mem:64MB incremental:off max_workers:0 =====
SELECT * FROM s_3 ORDER BY a, b, c, d
                                                        QUERY PLAN                                                         
---------------------------------------------------------------------------------------------------------------------------
 Limit  (cost=128527.84..128527.84 rows=1 width=20) (actual time=427.345..427.345 rows=0 loops=1)
   ->  Sort  (cost=116027.84..118527.84 rows=1000000 width=20) (actual time=333.993..405.459 rows=1000000 loops=1)
         Sort Key: s_3.a, s_3.b, s_3.c, s_3.d
         Sort Method: external merge  Disk: 29360kB
         ->  Seq Scan on s_3  (cost=0.00..16370.00 rows=1000000 width=20) (actual time=0.004..55.692 rows=1000000 loops=1)
 Planning time: 0.290 ms
 Execution time: 430.848 ms
(7 rows)

===== 199 [Wed Mar  7 03:10:45 CET 2018] scale:1000000 groups:1000 work_mem:128MB incremental:on max_workers:0 =====
SELECT * FROM s_1 ORDER BY a, b
                                                                        QUERY PLAN                                                                         
-----------------------------------------------------------------------------------------------------------------------------------------------------------
 Limit  (cost=112186.16..112186.16 rows=1 width=20) (actual time=476.275..476.275 rows=0 loops=1)
   ->  Incremental Sort  (cost=85.01..102186.16 rows=1000000 width=20) (actual time=0.274..454.639 rows=1000000 loops=1)
         Sort Key: s_1.a, s_1.b
         Presorted Key: s_1.a
         Sort Method: quicksort  Memory: 134kB
         Sort Groups: 1001
         ->  Index Only Scan using s_1_a_e_d_c_b_idx on s_1  (cost=0.42..34844.43 rows=1000000 width=20) (actual time=0.022..124.160 rows=1000000 loops=1)
               Heap Fetches: 0
 Planning time: 0.287 ms
 Execution time: 476.308 ms
(10 rows)

===== 200 [Wed Mar  7 03:10:48 CET 2018] scale:1000000 groups:1000 work_mem:128MB incremental:on max_workers:0 =====
SELECT * FROM s_2 ORDER BY a, b, c
                                                                        QUERY PLAN                                                                         
-----------------------------------------------------------------------------------------------------------------------------------------------------------
 Limit  (cost=80954.07..80954.07 rows=1 width=20) (actual time=375.567..375.567 rows=0 loops=1)
   ->  Incremental Sort  (cost=0.94..70954.07 rows=1000000 width=20) (actual time=0.074..353.778 rows=1000000 loops=1)
         Sort Key: s_2.a, s_2.b, s_2.c
         Presorted Key: s_2.a, s_2.b
         Sort Method: quicksort  Memory: 27kB
         Sort Groups: 30769
         ->  Index Only Scan using s_2_a_b_e_d_c_idx on s_2  (cost=0.42..34844.43 rows=1000000 width=20) (actual time=0.027..124.348 rows=1000000 loops=1)
               Heap Fetches: 0
 Planning time: 0.291 ms
 Execution time: 375.591 ms
(10 rows)

===== 201 [Wed Mar  7 03:10:50 CET 2018] scale:1000000 groups:1000 work_mem:128MB incremental:on max_workers:0 =====
SELECT * FROM s_3 ORDER BY a, b, c, d
                                                                        QUERY PLAN                                                                         
-----------------------------------------------------------------------------------------------------------------------------------------------------------
 Limit  (cost=80954.07..80954.07 rows=1 width=20) (actual time=308.603..308.603 rows=0 loops=1)
   ->  Incremental Sort  (cost=0.94..70954.07 rows=1000000 width=20) (actual time=0.072..286.747 rows=1000000 loops=1)
         Sort Key: s_3.a, s_3.b, s_3.c, s_3.d
         Presorted Key: s_3.a, s_3.b, s_3.c
         Sort Method: quicksort  Memory: 27kB
         Sort Groups: 31250
         ->  Index Only Scan using s_3_a_b_c_e_d_idx on s_3  (cost=0.42..34844.43 rows=1000000 width=20) (actual time=0.027..124.106 rows=1000000 loops=1)
               Heap Fetches: 0
 Planning time: 0.309 ms
 Execution time: 308.626 ms
(10 rows)

===== 202 [Wed Mar  7 03:10:51 CET 2018] scale:1000000 groups:1000 work_mem:128MB incremental:off max_workers:0 =====
SELECT * FROM s_1 ORDER BY a, b
                                                        QUERY PLAN                                                         
---------------------------------------------------------------------------------------------------------------------------
 Limit  (cost=128527.84..128527.84 rows=1 width=20) (actual time=497.493..497.493 rows=0 loops=1)
   ->  Sort  (cost=116027.84..118527.84 rows=1000000 width=20) (actual time=416.516..475.813 rows=1000000 loops=1)
         Sort Key: s_1.a, s_1.b
         Sort Method: quicksort  Memory: 102702kB
         ->  Seq Scan on s_1  (cost=0.00..16370.00 rows=1000000 width=20) (actual time=0.007..55.667 rows=1000000 loops=1)
 Planning time: 0.280 ms
 Execution time: 501.644 ms
(7 rows)

===== 203 [Wed Mar  7 03:10:54 CET 2018] scale:1000000 groups:1000 work_mem:128MB incremental:off max_workers:0 =====
SELECT * FROM s_2 ORDER BY a, b, c
                                                        QUERY PLAN                                                         
---------------------------------------------------------------------------------------------------------------------------
 Limit  (cost=128527.84..128527.84 rows=1 width=20) (actual time=445.724..445.724 rows=0 loops=1)
   ->  Sort  (cost=116027.84..118527.84 rows=1000000 width=20) (actual time=389.495..423.931 rows=1000000 loops=1)
         Sort Key: s_2.a, s_2.b, s_2.c
         Sort Method: quicksort  Memory: 102702kB
         ->  Seq Scan on s_2  (cost=0.00..16370.00 rows=1000000 width=20) (actual time=0.004..55.559 rows=1000000 loops=1)
 Planning time: 0.284 ms
 Execution time: 449.865 ms
(7 rows)

===== 204 [Wed Mar  7 03:10:56 CET 2018] scale:1000000 groups:1000 work_mem:128MB incremental:off max_workers:0 =====
SELECT * FROM s_3 ORDER BY a, b, c, d
                                                        QUERY PLAN                                                         
---------------------------------------------------------------------------------------------------------------------------
 Limit  (cost=128527.84..128527.84 rows=1 width=20) (actual time=339.020..339.020 rows=0 loops=1)
   ->  Sort  (cost=116027.84..118527.84 rows=1000000 width=20) (actual time=283.855..317.165 rows=1000000 loops=1)
         Sort Key: s_3.a, s_3.b, s_3.c, s_3.d
         Sort Method: quicksort  Memory: 102702kB
         ->  Seq Scan on s_3  (cost=0.00..16370.00 rows=1000000 width=20) (actual time=0.004..55.981 rows=1000000 loops=1)
 Planning time: 0.299 ms
 Execution time: 343.159 ms
(7 rows)

===== 205 [Wed Mar  7 03:10:58 CET 2018] scale:1000000 groups:1000 work_mem:256MB incremental:on max_workers:0 =====
SELECT * FROM s_1 ORDER BY a, b
                                                                        QUERY PLAN                                                                         
-----------------------------------------------------------------------------------------------------------------------------------------------------------
 Limit  (cost=112186.16..112186.16 rows=1 width=20) (actual time=476.569..476.569 rows=0 loops=1)
   ->  Incremental Sort  (cost=85.01..102186.16 rows=1000000 width=20) (actual time=0.268..454.932 rows=1000000 loops=1)
         Sort Key: s_1.a, s_1.b
         Presorted Key: s_1.a
         Sort Method: quicksort  Memory: 134kB
         Sort Groups: 1001
         ->  Index Only Scan using s_1_a_e_d_c_b_idx on s_1  (cost=0.42..34844.43 rows=1000000 width=20) (actual time=0.022..124.264 rows=1000000 loops=1)
               Heap Fetches: 0
 Planning time: 0.285 ms
 Execution time: 476.603 ms
(10 rows)

===== 206 [Wed Mar  7 03:11:01 CET 2018] scale:1000000 groups:1000 work_mem:256MB incremental:on max_workers:0 =====
SELECT * FROM s_2 ORDER BY a, b, c
                                                                        QUERY PLAN                                                                         
-----------------------------------------------------------------------------------------------------------------------------------------------------------
 Limit  (cost=80954.07..80954.07 rows=1 width=20) (actual time=375.497..375.497 rows=0 loops=1)
   ->  Incremental Sort  (cost=0.94..70954.07 rows=1000000 width=20) (actual time=0.071..353.715 rows=1000000 loops=1)
         Sort Key: s_2.a, s_2.b, s_2.c
         Presorted Key: s_2.a, s_2.b
         Sort Method: quicksort  Memory: 27kB
         Sort Groups: 30769
         ->  Index Only Scan using s_2_a_b_e_d_c_idx on s_2  (cost=0.42..34844.43 rows=1000000 width=20) (actual time=0.026..124.361 rows=1000000 loops=1)
               Heap Fetches: 0
 Planning time: 0.287 ms
 Execution time: 375.521 ms
(10 rows)

===== 207 [Wed Mar  7 03:11:02 CET 2018] scale:1000000 groups:1000 work_mem:256MB incremental:on max_workers:0 =====
SELECT * FROM s_3 ORDER BY a, b, c, d
                                                                        QUERY PLAN                                                                         
-----------------------------------------------------------------------------------------------------------------------------------------------------------
 Limit  (cost=80954.07..80954.07 rows=1 width=20) (actual time=308.615..308.615 rows=0 loops=1)
   ->  Incremental Sort  (cost=0.94..70954.07 rows=1000000 width=20) (actual time=0.074..286.757 rows=1000000 loops=1)
         Sort Key: s_3.a, s_3.b, s_3.c, s_3.d
         Presorted Key: s_3.a, s_3.b, s_3.c
         Sort Method: quicksort  Memory: 27kB
         Sort Groups: 31250
         ->  Index Only Scan using s_3_a_b_c_e_d_idx on s_3  (cost=0.42..34844.43 rows=1000000 width=20) (actual time=0.026..124.141 rows=1000000 loops=1)
               Heap Fetches: 0
 Planning time: 0.305 ms
 Execution time: 308.638 ms
(10 rows)

===== 208 [Wed Mar  7 03:11:04 CET 2018] scale:1000000 groups:1000 work_mem:256MB incremental:off max_workers:0 =====
SELECT * FROM s_1 ORDER BY a, b
                                                        QUERY PLAN                                                         
---------------------------------------------------------------------------------------------------------------------------
 Limit  (cost=128527.84..128527.84 rows=1 width=20) (actual time=497.187..497.187 rows=0 loops=1)
   ->  Sort  (cost=116027.84..118527.84 rows=1000000 width=20) (actual time=416.435..475.526 rows=1000000 loops=1)
         Sort Key: s_1.a, s_1.b
         Sort Method: quicksort  Memory: 102702kB
         ->  Seq Scan on s_1  (cost=0.00..16370.00 rows=1000000 width=20) (actual time=0.007..55.633 rows=1000000 loops=1)
 Planning time: 0.293 ms
 Execution time: 501.322 ms
(7 rows)

===== 209 [Wed Mar  7 03:11:07 CET 2018] scale:1000000 groups:1000 work_mem:256MB incremental:off max_workers:0 =====
SELECT * FROM s_2 ORDER BY a, b, c
                                                        QUERY PLAN                                                         
---------------------------------------------------------------------------------------------------------------------------
 Limit  (cost=128527.84..128527.84 rows=1 width=20) (actual time=445.643..445.643 rows=0 loops=1)
   ->  Sort  (cost=116027.84..118527.84 rows=1000000 width=20) (actual time=389.421..423.821 rows=1000000 loops=1)
         Sort Key: s_2.a, s_2.b, s_2.c
         Sort Method: quicksort  Memory: 102702kB
         ->  Seq Scan on s_2  (cost=0.00..16370.00 rows=1000000 width=20) (actual time=0.004..55.545 rows=1000000 loops=1)
 Planning time: 0.279 ms
 Execution time: 449.774 ms
(7 rows)

===== 210 [Wed Mar  7 03:11:09 CET 2018] scale:1000000 groups:1000 work_mem:256MB incremental:off max_workers:0 =====
SELECT * FROM s_3 ORDER BY a, b, c, d
                                                        QUERY PLAN                                                         
---------------------------------------------------------------------------------------------------------------------------
 Limit  (cost=128527.84..128527.84 rows=1 width=20) (actual time=339.008..339.008 rows=0 loops=1)
   ->  Sort  (cost=116027.84..118527.84 rows=1000000 width=20) (actual time=283.814..317.113 rows=1000000 loops=1)
         Sort Key: s_3.a, s_3.b, s_3.c, s_3.d
         Sort Method: quicksort  Memory: 102702kB
         ->  Seq Scan on s_3  (cost=0.00..16370.00 rows=1000000 width=20) (actual time=0.004..56.030 rows=1000000 loops=1)
 Planning time: 0.303 ms
 Execution time: 343.144 ms
(7 rows)

===== 211 [Wed Mar  7 03:11:11 CET 2018] scale:1000000 groups:1000 work_mem:4MB incremental:on max_workers:2 =====
SELECT * FROM s_1 ORDER BY a, b
                                                                        QUERY PLAN                                                                         
-----------------------------------------------------------------------------------------------------------------------------------------------------------
 Limit  (cost=112186.16..112186.16 rows=1 width=20) (actual time=476.384..476.384 rows=0 loops=1)
   ->  Incremental Sort  (cost=85.01..102186.16 rows=1000000 width=20) (actual time=0.270..454.758 rows=1000000 loops=1)
         Sort Key: s_1.a, s_1.b
         Presorted Key: s_1.a
         Sort Method: quicksort  Memory: 134kB
         Sort Groups: 1001
         ->  Index Only Scan using s_1_a_e_d_c_b_idx on s_1  (cost=0.42..34844.43 rows=1000000 width=20) (actual time=0.022..124.165 rows=1000000 loops=1)
               Heap Fetches: 0
 Planning time: 0.292 ms
 Execution time: 476.417 ms
(10 rows)

===== 212 [Wed Mar  7 03:11:13 CET 2018] scale:1000000 groups:1000 work_mem:4MB incremental:on max_workers:2 =====
SELECT * FROM s_2 ORDER BY a, b, c
                                                                        QUERY PLAN                                                                         
-----------------------------------------------------------------------------------------------------------------------------------------------------------
 Limit  (cost=80954.07..80954.07 rows=1 width=20) (actual time=375.576..375.576 rows=0 loops=1)
   ->  Incremental Sort  (cost=0.94..70954.07 rows=1000000 width=20) (actual time=0.074..353.785 rows=1000000 loops=1)
         Sort Key: s_2.a, s_2.b, s_2.c
         Presorted Key: s_2.a, s_2.b
         Sort Method: quicksort  Memory: 27kB
         Sort Groups: 30769
         ->  Index Only Scan using s_2_a_b_e_d_c_idx on s_2  (cost=0.42..34844.43 rows=1000000 width=20) (actual time=0.026..124.406 rows=1000000 loops=1)
               Heap Fetches: 0
 Planning time: 0.293 ms
 Execution time: 375.600 ms
(10 rows)

===== 213 [Wed Mar  7 03:11:15 CET 2018] scale:1000000 groups:1000 work_mem:4MB incremental:on max_workers:2 =====
SELECT * FROM s_3 ORDER BY a, b, c, d
                                                                        QUERY PLAN                                                                         
-----------------------------------------------------------------------------------------------------------------------------------------------------------
 Limit  (cost=80954.07..80954.07 rows=1 width=20) (actual time=309.953..309.953 rows=0 loops=1)
   ->  Incremental Sort  (cost=0.94..70954.07 rows=1000000 width=20) (actual time=0.072..288.242 rows=1000000 loops=1)
         Sort Key: s_3.a, s_3.b, s_3.c, s_3.d
         Presorted Key: s_3.a, s_3.b, s_3.c
         Sort Method: quicksort  Memory: 27kB
         Sort Groups: 31250
         ->  Index Only Scan using s_3_a_b_c_e_d_idx on s_3  (cost=0.42..34844.43 rows=1000000 width=20) (actual time=0.026..124.987 rows=1000000 loops=1)
               Heap Fetches: 0
 Planning time: 0.312 ms
 Execution time: 309.977 ms
(10 rows)

===== 214 [Wed Mar  7 03:11:17 CET 2018] scale:1000000 groups:1000 work_mem:4MB incremental:off max_workers:2 =====
SELECT * FROM s_1 ORDER BY a, b
                                                        QUERY PLAN                                                         
---------------------------------------------------------------------------------------------------------------------------
 Limit  (cost=149037.84..149037.84 rows=1 width=20) (actual time=544.714..544.714 rows=0 loops=1)
   ->  Sort  (cost=136537.84..139037.84 rows=1000000 width=20) (actual time=440.062..522.786 rows=1000000 loops=1)
         Sort Key: s_1.a, s_1.b
         Sort Method: external merge  Disk: 29360kB
         ->  Seq Scan on s_1  (cost=0.00..16370.00 rows=1000000 width=20) (actual time=0.007..51.613 rows=1000000 loops=1)
 Planning time: 0.285 ms
 Execution time: 548.419 ms
(7 rows)

===== 215 [Wed Mar  7 03:11:20 CET 2018] scale:1000000 groups:1000 work_mem:4MB incremental:off max_workers:2 =====
SELECT * FROM s_2 ORDER BY a, b, c
                                                        QUERY PLAN                                                         
---------------------------------------------------------------------------------------------------------------------------
 Limit  (cost=149037.84..149037.84 rows=1 width=20) (actual time=514.809..514.809 rows=0 loops=1)
   ->  Sort  (cost=136537.84..139037.84 rows=1000000 width=20) (actual time=410.313..492.932 rows=1000000 loops=1)
         Sort Key: s_2.a, s_2.b, s_2.c
         Sort Method: external merge  Disk: 29360kB
         ->  Seq Scan on s_2  (cost=0.00..16370.00 rows=1000000 width=20) (actual time=0.004..51.581 rows=1000000 loops=1)
 Planning time: 0.288 ms
 Execution time: 518.530 ms
(7 rows)

===== 216 [Wed Mar  7 03:11:22 CET 2018] scale:1000000 groups:1000 work_mem:4MB incremental:off max_workers:2 =====
SELECT * FROM s_3 ORDER BY a, b, c, d
                                                        QUERY PLAN                                                         
---------------------------------------------------------------------------------------------------------------------------
 Limit  (cost=149037.84..149037.84 rows=1 width=20) (actual time=399.199..399.199 rows=0 loops=1)
   ->  Sort  (cost=136537.84..139037.84 rows=1000000 width=20) (actual time=294.294..377.303 rows=1000000 loops=1)
         Sort Key: s_3.a, s_3.b, s_3.c, s_3.d
         Sort Method: external merge  Disk: 29360kB
         ->  Seq Scan on s_3  (cost=0.00..16370.00 rows=1000000 width=20) (actual time=0.004..51.920 rows=1000000 loops=1)
 Planning time: 0.303 ms
 Execution time: 402.890 ms
(7 rows)

===== 217 [Wed Mar  7 03:11:25 CET 2018] scale:1000000 groups:1000 work_mem:8MB incremental:on max_workers:2 =====
SELECT * FROM s_1 ORDER BY a, b
                                                                        QUERY PLAN                                                                         
-----------------------------------------------------------------------------------------------------------------------------------------------------------
 Limit  (cost=112186.16..112186.16 rows=1 width=20) (actual time=476.448..476.448 rows=0 loops=1)
   ->  Incremental Sort  (cost=85.01..102186.16 rows=1000000 width=20) (actual time=0.266..454.828 rows=1000000 loops=1)
         Sort Key: s_1.a, s_1.b
         Presorted Key: s_1.a
         Sort Method: quicksort  Memory: 134kB
         Sort Groups: 1001
         ->  Index Only Scan using s_1_a_e_d_c_b_idx on s_1  (cost=0.42..34844.43 rows=1000000 width=20) (actual time=0.021..124.142 rows=1000000 loops=1)
               Heap Fetches: 0
 Planning time: 0.298 ms
 Execution time: 476.481 ms
(10 rows)

===== 218 [Wed Mar  7 03:11:27 CET 2018] scale:1000000 groups:1000 work_mem:8MB incremental:on max_workers:2 =====
SELECT * FROM s_2 ORDER BY a, b, c
                                                                        QUERY PLAN                                                                         
-----------------------------------------------------------------------------------------------------------------------------------------------------------
 Limit  (cost=80954.07..80954.07 rows=1 width=20) (actual time=375.467..375.467 rows=0 loops=1)
   ->  Incremental Sort  (cost=0.94..70954.07 rows=1000000 width=20) (actual time=0.072..353.690 rows=1000000 loops=1)
         Sort Key: s_2.a, s_2.b, s_2.c
         Presorted Key: s_2.a, s_2.b
         Sort Method: quicksort  Memory: 27kB
         Sort Groups: 30769
         ->  Index Only Scan using s_2_a_b_e_d_c_idx on s_2  (cost=0.42..34844.43 rows=1000000 width=20) (actual time=0.027..124.345 rows=1000000 loops=1)
               Heap Fetches: 0
 Planning time: 0.305 ms
 Execution time: 375.491 ms
(10 rows)

===== 219 [Wed Mar  7 03:11:29 CET 2018] scale:1000000 groups:1000 work_mem:8MB incremental:on max_workers:2 =====
SELECT * FROM s_3 ORDER BY a, b, c, d
                                                                        QUERY PLAN                                                                         
-----------------------------------------------------------------------------------------------------------------------------------------------------------
 Limit  (cost=80954.07..80954.07 rows=1 width=20) (actual time=309.923..309.923 rows=0 loops=1)
   ->  Incremental Sort  (cost=0.94..70954.07 rows=1000000 width=20) (actual time=0.072..288.208 rows=1000000 loops=1)
         Sort Key: s_3.a, s_3.b, s_3.c, s_3.d
         Presorted Key: s_3.a, s_3.b, s_3.c
         Sort Method: quicksort  Memory: 27kB
         Sort Groups: 31250
         ->  Index Only Scan using s_3_a_b_c_e_d_idx on s_3  (cost=0.42..34844.43 rows=1000000 width=20) (actual time=0.026..125.046 rows=1000000 loops=1)
               Heap Fetches: 0
 Planning time: 0.311 ms
 Execution time: 309.946 ms
(10 rows)

===== 220 [Wed Mar  7 03:11:30 CET 2018] scale:1000000 groups:1000 work_mem:8MB incremental:off max_workers:2 =====
SELECT * FROM s_1 ORDER BY a, b
                                                        QUERY PLAN                                                         
---------------------------------------------------------------------------------------------------------------------------
 Limit  (cost=149037.84..149037.84 rows=1 width=20) (actual time=533.159..533.159 rows=0 loops=1)
   ->  Sort  (cost=136537.84..139037.84 rows=1000000 width=20) (actual time=430.638..511.382 rows=1000000 loops=1)
         Sort Key: s_1.a, s_1.b
         Sort Method: external merge  Disk: 29360kB
         ->  Seq Scan on s_1  (cost=0.00..16370.00 rows=1000000 width=20) (actual time=0.007..51.932 rows=1000000 loops=1)
 Planning time: 0.293 ms
 Execution time: 537.029 ms
(7 rows)

===== 221 [Wed Mar  7 03:11:33 CET 2018] scale:1000000 groups:1000 work_mem:8MB incremental:off max_workers:2 =====
SELECT * FROM s_2 ORDER BY a, b, c
                                                        QUERY PLAN                                                         
---------------------------------------------------------------------------------------------------------------------------
 Limit  (cost=149037.84..149037.84 rows=1 width=20) (actual time=492.297..492.297 rows=0 loops=1)
   ->  Sort  (cost=136537.84..139037.84 rows=1000000 width=20) (actual time=390.022..470.529 rows=1000000 loops=1)
         Sort Key: s_2.a, s_2.b, s_2.c
         Sort Method: external merge  Disk: 29360kB
         ->  Seq Scan on s_2  (cost=0.00..16370.00 rows=1000000 width=20) (actual time=0.004..51.873 rows=1000000 loops=1)
 Planning time: 0.290 ms
 Execution time: 496.157 ms
(7 rows)

===== 222 [Wed Mar  7 03:11:36 CET 2018] scale:1000000 groups:1000 work_mem:8MB incremental:off max_workers:2 =====
SELECT * FROM s_3 ORDER BY a, b, c, d
                                                        QUERY PLAN                                                         
---------------------------------------------------------------------------------------------------------------------------
 Limit  (cost=149037.84..149037.84 rows=1 width=20) (actual time=377.099..377.099 rows=0 loops=1)
   ->  Sort  (cost=136537.84..139037.84 rows=1000000 width=20) (actual time=274.803..355.383 rows=1000000 loops=1)
         Sort Key: s_3.a, s_3.b, s_3.c, s_3.d
         Sort Method: external merge  Disk: 29360kB
         ->  Seq Scan on s_3  (cost=0.00..16370.00 rows=1000000 width=20) (actual time=0.004..52.157 rows=1000000 loops=1)
 Planning time: 0.304 ms
 Execution time: 380.966 ms
(7 rows)

===== 223 [Wed Mar  7 03:11:38 CET 2018] scale:1000000 groups:1000 work_mem:16MB incremental:on max_workers:2 =====
SELECT * FROM s_1 ORDER BY a, b
                                                                        QUERY PLAN                                                                         
-----------------------------------------------------------------------------------------------------------------------------------------------------------
 Limit  (cost=112186.16..112186.16 rows=1 width=20) (actual time=476.679..476.679 rows=0 loops=1)
   ->  Incremental Sort  (cost=85.01..102186.16 rows=1000000 width=20) (actual time=0.270..455.051 rows=1000000 loops=1)
         Sort Key: s_1.a, s_1.b
         Presorted Key: s_1.a
         Sort Method: quicksort  Memory: 134kB
         Sort Groups: 1001
         ->  Index Only Scan using s_1_a_e_d_c_b_idx on s_1  (cost=0.42..34844.43 rows=1000000 width=20) (actual time=0.024..124.176 rows=1000000 loops=1)
               Heap Fetches: 0
 Planning time: 0.286 ms
 Execution time: 476.712 ms
(10 rows)

===== 224 [Wed Mar  7 03:11:40 CET 2018] scale:1000000 groups:1000 work_mem:16MB incremental:on max_workers:2 =====
SELECT * FROM s_2 ORDER BY a, b, c
                                                                        QUERY PLAN                                                                         
-----------------------------------------------------------------------------------------------------------------------------------------------------------
 Limit  (cost=80954.07..80954.07 rows=1 width=20) (actual time=375.509..375.509 rows=0 loops=1)
   ->  Incremental Sort  (cost=0.94..70954.07 rows=1000000 width=20) (actual time=0.072..353.738 rows=1000000 loops=1)
         Sort Key: s_2.a, s_2.b, s_2.c
         Presorted Key: s_2.a, s_2.b
         Sort Method: quicksort  Memory: 27kB
         Sort Groups: 30769
         ->  Index Only Scan using s_2_a_b_e_d_c_idx on s_2  (cost=0.42..34844.43 rows=1000000 width=20) (actual time=0.026..124.432 rows=1000000 loops=1)
               Heap Fetches: 0
 Planning time: 0.290 ms
 Execution time: 375.533 ms
(10 rows)

===== 225 [Wed Mar  7 03:11:42 CET 2018] scale:1000000 groups:1000 work_mem:16MB incremental:on max_workers:2 =====
SELECT * FROM s_3 ORDER BY a, b, c, d
                                                                        QUERY PLAN                                                                         
-----------------------------------------------------------------------------------------------------------------------------------------------------------
 Limit  (cost=80954.07..80954.07 rows=1 width=20) (actual time=309.967..309.967 rows=0 loops=1)
   ->  Incremental Sort  (cost=0.94..70954.07 rows=1000000 width=20) (actual time=0.083..288.252 rows=1000000 loops=1)
         Sort Key: s_3.a, s_3.b, s_3.c, s_3.d
         Presorted Key: s_3.a, s_3.b, s_3.c
         Sort Method: quicksort  Memory: 27kB
         Sort Groups: 31250
         ->  Index Only Scan using s_3_a_b_c_e_d_idx on s_3  (cost=0.42..34844.43 rows=1000000 width=20) (actual time=0.037..125.056 rows=1000000 loops=1)
               Heap Fetches: 0
 Planning time: 0.312 ms
 Execution time: 309.991 ms
(10 rows)

===== 226 [Wed Mar  7 03:11:44 CET 2018] scale:1000000 groups:1000 work_mem:16MB incremental:off max_workers:2 =====
SELECT * FROM s_1 ORDER BY a, b
                                                        QUERY PLAN                                                         
---------------------------------------------------------------------------------------------------------------------------
 Limit  (cost=149037.84..149037.84 rows=1 width=20) (actual time=549.572..549.572 rows=0 loops=1)
   ->  Sort  (cost=136537.84..139037.84 rows=1000000 width=20) (actual time=449.058..527.794 rows=1000000 loops=1)
         Sort Key: s_1.a, s_1.b
         Sort Method: external merge  Disk: 29392kB
         ->  Seq Scan on s_1  (cost=0.00..16370.00 rows=1000000 width=20) (actual time=0.007..52.441 rows=1000000 loops=1)
 Planning time: 0.283 ms
 Execution time: 553.872 ms
(7 rows)

===== 227 [Wed Mar  7 03:11:47 CET 2018] scale:1000000 groups:1000 work_mem:16MB incremental:off max_workers:2 =====
SELECT * FROM s_2 ORDER BY a, b, c
                                                        QUERY PLAN                                                         
---------------------------------------------------------------------------------------------------------------------------
 Limit  (cost=149037.84..149037.84 rows=1 width=20) (actual time=504.970..504.970 rows=0 loops=1)
   ->  Sort  (cost=136537.84..139037.84 rows=1000000 width=20) (actual time=404.663..483.218 rows=1000000 loops=1)
         Sort Key: s_2.a, s_2.b, s_2.c
         Sort Method: external merge  Disk: 29392kB
         ->  Seq Scan on s_2  (cost=0.00..16370.00 rows=1000000 width=20) (actual time=0.004..52.415 rows=1000000 loops=1)
 Planning time: 0.293 ms
 Execution time: 509.206 ms
(7 rows)

===== 228 [Wed Mar  7 03:11:50 CET 2018] scale:1000000 groups:1000 work_mem:16MB incremental:off max_workers:2 =====
SELECT * FROM s_3 ORDER BY a, b, c, d
                                                        QUERY PLAN                                                         
---------------------------------------------------------------------------------------------------------------------------
 Limit  (cost=149037.84..149037.84 rows=1 width=20) (actual time=391.553..391.553 rows=0 loops=1)
   ->  Sort  (cost=136537.84..139037.84 rows=1000000 width=20) (actual time=291.043..369.789 rows=1000000 loops=1)
         Sort Key: s_3.a, s_3.b, s_3.c, s_3.d
         Sort Method: external merge  Disk: 29392kB
         ->  Seq Scan on s_3  (cost=0.00..16370.00 rows=1000000 width=20) (actual time=0.004..52.725 rows=1000000 loops=1)
 Planning time: 0.301 ms
 Execution time: 395.766 ms
(7 rows)

===== 229 [Wed Mar  7 03:11:52 CET 2018] scale:1000000 groups:1000 work_mem:32MB incremental:on max_workers:2 =====
SELECT * FROM s_1 ORDER BY a, b
                                                                        QUERY PLAN                                                                         
-----------------------------------------------------------------------------------------------------------------------------------------------------------
 Limit  (cost=112186.16..112186.16 rows=1 width=20) (actual time=476.435..476.435 rows=0 loops=1)
   ->  Incremental Sort  (cost=85.01..102186.16 rows=1000000 width=20) (actual time=0.270..454.805 rows=1000000 loops=1)
         Sort Key: s_1.a, s_1.b
         Presorted Key: s_1.a
         Sort Method: quicksort  Memory: 134kB
         Sort Groups: 1001
         ->  Index Only Scan using s_1_a_e_d_c_b_idx on s_1  (cost=0.42..34844.43 rows=1000000 width=20) (actual time=0.022..124.241 rows=1000000 loops=1)
               Heap Fetches: 0
 Planning time: 0.289 ms
 Execution time: 476.469 ms
(10 rows)

===== 230 [Wed Mar  7 03:11:54 CET 2018] scale:1000000 groups:1000 work_mem:32MB incremental:on max_workers:2 =====
SELECT * FROM s_2 ORDER BY a, b, c
                                                                        QUERY PLAN                                                                         
-----------------------------------------------------------------------------------------------------------------------------------------------------------
 Limit  (cost=80954.07..80954.07 rows=1 width=20) (actual time=375.609..375.609 rows=0 loops=1)
   ->  Incremental Sort  (cost=0.94..70954.07 rows=1000000 width=20) (actual time=0.074..353.844 rows=1000000 loops=1)
         Sort Key: s_2.a, s_2.b, s_2.c
         Presorted Key: s_2.a, s_2.b
         Sort Method: quicksort  Memory: 27kB
         Sort Groups: 30769
         ->  Index Only Scan using s_2_a_b_e_d_c_idx on s_2  (cost=0.42..34844.43 rows=1000000 width=20) (actual time=0.027..124.452 rows=1000000 loops=1)
               Heap Fetches: 0
 Planning time: 0.294 ms
 Execution time: 375.632 ms
(10 rows)

===== 231 [Wed Mar  7 03:11:56 CET 2018] scale:1000000 groups:1000 work_mem:32MB incremental:on max_workers:2 =====
SELECT * FROM s_3 ORDER BY a, b, c, d
                                                                        QUERY PLAN                                                                         
-----------------------------------------------------------------------------------------------------------------------------------------------------------
 Limit  (cost=80954.07..80954.07 rows=1 width=20) (actual time=309.979..309.979 rows=0 loops=1)
   ->  Incremental Sort  (cost=0.94..70954.07 rows=1000000 width=20) (actual time=0.073..288.254 rows=1000000 loops=1)
         Sort Key: s_3.a, s_3.b, s_3.c, s_3.d
         Presorted Key: s_3.a, s_3.b, s_3.c
         Sort Method: quicksort  Memory: 27kB
         Sort Groups: 31250
         ->  Index Only Scan using s_3_a_b_c_e_d_idx on s_3  (cost=0.42..34844.43 rows=1000000 width=20) (actual time=0.028..125.046 rows=1000000 loops=1)
               Heap Fetches: 0
 Planning time: 0.319 ms
 Execution time: 310.003 ms
(10 rows)

===== 232 [Wed Mar  7 03:11:58 CET 2018] scale:1000000 groups:1000 work_mem:32MB incremental:off max_workers:2 =====
SELECT * FROM s_1 ORDER BY a, b
                                                        QUERY PLAN                                                         
---------------------------------------------------------------------------------------------------------------------------
 Limit  (cost=149037.84..149037.84 rows=1 width=20) (actual time=569.818..569.818 rows=0 loops=1)
   ->  Sort  (cost=136537.84..139037.84 rows=1000000 width=20) (actual time=471.470..548.013 rows=1000000 loops=1)
         Sort Key: s_1.a, s_1.b
         Sort Method: external merge  Disk: 29360kB
         ->  Seq Scan on s_1  (cost=0.00..16370.00 rows=1000000 width=20) (actual time=0.007..53.613 rows=1000000 loops=1)
 Planning time: 0.282 ms
 Execution time: 574.384 ms
(7 rows)

===== 233 [Wed Mar  7 03:12:01 CET 2018] scale:1000000 groups:1000 work_mem:32MB incremental:off max_workers:2 =====
SELECT * FROM s_2 ORDER BY a, b, c
                                                        QUERY PLAN                                                         
---------------------------------------------------------------------------------------------------------------------------
 Limit  (cost=149037.84..149037.84 rows=1 width=20) (actual time=523.431..523.431 rows=0 loops=1)
   ->  Sort  (cost=136537.84..139037.84 rows=1000000 width=20) (actual time=425.260..501.621 rows=1000000 loops=1)
         Sort Key: s_2.a, s_2.b, s_2.c
         Sort Method: external merge  Disk: 29360kB
         ->  Seq Scan on s_2  (cost=0.00..16370.00 rows=1000000 width=20) (actual time=0.004..53.581 rows=1000000 loops=1)
 Planning time: 0.288 ms
 Execution time: 527.968 ms
(7 rows)

===== 234 [Wed Mar  7 03:12:03 CET 2018] scale:1000000 groups:1000 work_mem:32MB incremental:off max_workers:2 =====
SELECT * FROM s_3 ORDER BY a, b, c, d
                                                        QUERY PLAN                                                         
---------------------------------------------------------------------------------------------------------------------------
 Limit  (cost=149037.84..149037.84 rows=1 width=20) (actual time=411.973..411.973 rows=0 loops=1)
   ->  Sort  (cost=136537.84..139037.84 rows=1000000 width=20) (actual time=313.535..390.187 rows=1000000 loops=1)
         Sort Key: s_3.a, s_3.b, s_3.c, s_3.d
         Sort Method: external merge  Disk: 29360kB
         ->  Seq Scan on s_3  (cost=0.00..16370.00 rows=1000000 width=20) (actual time=0.004..54.094 rows=1000000 loops=1)
 Planning time: 0.307 ms
 Execution time: 416.517 ms
(7 rows)

===== 235 [Wed Mar  7 03:12:06 CET 2018] scale:1000000 groups:1000 work_mem:64MB incremental:on max_workers:2 =====
SELECT * FROM s_1 ORDER BY a, b
                                                                        QUERY PLAN                                                                         
-----------------------------------------------------------------------------------------------------------------------------------------------------------
 Limit  (cost=112186.16..112186.16 rows=1 width=20) (actual time=476.412..476.412 rows=0 loops=1)
   ->  Incremental Sort  (cost=85.01..102186.16 rows=1000000 width=20) (actual time=0.267..454.775 rows=1000000 loops=1)
         Sort Key: s_1.a, s_1.b
         Presorted Key: s_1.a
         Sort Method: quicksort  Memory: 134kB
         Sort Groups: 1001
         ->  Index Only Scan using s_1_a_e_d_c_b_idx on s_1  (cost=0.42..34844.43 rows=1000000 width=20) (actual time=0.022..124.237 rows=1000000 loops=1)
               Heap Fetches: 0
 Planning time: 0.283 ms
 Execution time: 476.445 ms
(10 rows)

===== 236 [Wed Mar  7 03:12:08 CET 2018] scale:1000000 groups:1000 work_mem:64MB incremental:on max_workers:2 =====
SELECT * FROM s_2 ORDER BY a, b, c
                                                                        QUERY PLAN                                                                         
-----------------------------------------------------------------------------------------------------------------------------------------------------------
 Limit  (cost=80954.07..80954.07 rows=1 width=20) (actual time=375.517..375.517 rows=0 loops=1)
   ->  Incremental Sort  (cost=0.94..70954.07 rows=1000000 width=20) (actual time=0.072..353.747 rows=1000000 loops=1)
         Sort Key: s_2.a, s_2.b, s_2.c
         Presorted Key: s_2.a, s_2.b
         Sort Method: quicksort  Memory: 27kB
         Sort Groups: 30769
         ->  Index Only Scan using s_2_a_b_e_d_c_idx on s_2  (cost=0.42..34844.43 rows=1000000 width=20) (actual time=0.027..124.359 rows=1000000 loops=1)
               Heap Fetches: 0
 Planning time: 0.301 ms
 Execution time: 375.540 ms
(10 rows)

===== 237 [Wed Mar  7 03:12:10 CET 2018] scale:1000000 groups:1000 work_mem:64MB incremental:on max_workers:2 =====
SELECT * FROM s_3 ORDER BY a, b, c, d
                                                                        QUERY PLAN                                                                         
-----------------------------------------------------------------------------------------------------------------------------------------------------------
 Limit  (cost=80954.07..80954.07 rows=1 width=20) (actual time=309.961..309.961 rows=0 loops=1)
   ->  Incremental Sort  (cost=0.94..70954.07 rows=1000000 width=20) (actual time=0.075..288.247 rows=1000000 loops=1)
         Sort Key: s_3.a, s_3.b, s_3.c, s_3.d
         Presorted Key: s_3.a, s_3.b, s_3.c
         Sort Method: quicksort  Memory: 27kB
         Sort Groups: 31250
         ->  Index Only Scan using s_3_a_b_c_e_d_idx on s_3  (cost=0.42..34844.43 rows=1000000 width=20) (actual time=0.029..125.065 rows=1000000 loops=1)
               Heap Fetches: 0
 Planning time: 0.309 ms
 Execution time: 309.984 ms
(10 rows)

===== 238 [Wed Mar  7 03:12:12 CET 2018] scale:1000000 groups:1000 work_mem:64MB incremental:off max_workers:2 =====
SELECT * FROM s_1 ORDER BY a, b
                                                        QUERY PLAN                                                         
---------------------------------------------------------------------------------------------------------------------------
 Limit  (cost=128527.84..128527.84 rows=1 width=20) (actual time=589.561..589.561 rows=0 loops=1)
   ->  Sort  (cost=116027.84..118527.84 rows=1000000 width=20) (actual time=496.371..567.685 rows=1000000 loops=1)
         Sort Key: s_1.a, s_1.b
         Sort Method: external merge  Disk: 29360kB
         ->  Seq Scan on s_1  (cost=0.00..16370.00 rows=1000000 width=20) (actual time=0.007..55.478 rows=1000000 loops=1)
 Planning time: 0.300 ms
 Execution time: 593.051 ms
(7 rows)

===== 239 [Wed Mar  7 03:12:15 CET 2018] scale:1000000 groups:1000 work_mem:64MB incremental:off max_workers:2 =====
SELECT * FROM s_2 ORDER BY a, b, c
                                                        QUERY PLAN                                                         
---------------------------------------------------------------------------------------------------------------------------
 Limit  (cost=128527.84..128527.84 rows=1 width=20) (actual time=542.529..542.529 rows=0 loops=1)
   ->  Sort  (cost=116027.84..118527.84 rows=1000000 width=20) (actual time=449.458..520.671 rows=1000000 loops=1)
         Sort Key: s_2.a, s_2.b, s_2.c
         Sort Method: external merge  Disk: 29360kB
         ->  Seq Scan on s_2  (cost=0.00..16370.00 rows=1000000 width=20) (actual time=0.004..55.422 rows=1000000 loops=1)
 Planning time: 0.291 ms
 Execution time: 546.037 ms
(7 rows)

===== 240 [Wed Mar  7 03:12:18 CET 2018] scale:1000000 groups:1000 work_mem:64MB incremental:off max_workers:2 =====
SELECT * FROM s_3 ORDER BY a, b, c, d
                                                        QUERY PLAN                                                         
---------------------------------------------------------------------------------------------------------------------------
 Limit  (cost=128527.84..128527.84 rows=1 width=20) (actual time=427.123..427.123 rows=0 loops=1)
   ->  Sort  (cost=116027.84..118527.84 rows=1000000 width=20) (actual time=333.780..405.231 rows=1000000 loops=1)
         Sort Key: s_3.a, s_3.b, s_3.c, s_3.d
         Sort Method: external merge  Disk: 29360kB
         ->  Seq Scan on s_3  (cost=0.00..16370.00 rows=1000000 width=20) (actual time=0.004..55.647 rows=1000000 loops=1)
 Planning time: 0.302 ms
 Execution time: 430.641 ms
(7 rows)

===== 241 [Wed Mar  7 03:12:20 CET 2018] scale:1000000 groups:1000 work_mem:128MB incremental:on max_workers:2 =====
SELECT * FROM s_1 ORDER BY a, b
                                                                        QUERY PLAN                                                                         
-----------------------------------------------------------------------------------------------------------------------------------------------------------
 Limit  (cost=112186.16..112186.16 rows=1 width=20) (actual time=476.500..476.500 rows=0 loops=1)
   ->  Incremental Sort  (cost=85.01..102186.16 rows=1000000 width=20) (actual time=0.278..454.879 rows=1000000 loops=1)
         Sort Key: s_1.a, s_1.b
         Presorted Key: s_1.a
         Sort Method: quicksort  Memory: 134kB
         Sort Groups: 1001
         ->  Index Only Scan using s_1_a_e_d_c_b_idx on s_1  (cost=0.42..34844.43 rows=1000000 width=20) (actual time=0.022..124.190 rows=1000000 loops=1)
               Heap Fetches: 0
 Planning time: 0.294 ms
 Execution time: 476.533 ms
(10 rows)

===== 242 [Wed Mar  7 03:12:22 CET 2018] scale:1000000 groups:1000 work_mem:128MB incremental:on max_workers:2 =====
SELECT * FROM s_2 ORDER BY a, b, c
                                                                        QUERY PLAN                                                                         
-----------------------------------------------------------------------------------------------------------------------------------------------------------
 Limit  (cost=80954.07..80954.07 rows=1 width=20) (actual time=375.506..375.506 rows=0 loops=1)
   ->  Incremental Sort  (cost=0.94..70954.07 rows=1000000 width=20) (actual time=0.072..353.726 rows=1000000 loops=1)
         Sort Key: s_2.a, s_2.b, s_2.c
         Presorted Key: s_2.a, s_2.b
         Sort Method: quicksort  Memory: 27kB
         Sort Groups: 30769
         ->  Index Only Scan using s_2_a_b_e_d_c_idx on s_2  (cost=0.42..34844.43 rows=1000000 width=20) (actual time=0.026..124.430 rows=1000000 loops=1)
               Heap Fetches: 0
 Planning time: 0.297 ms
 Execution time: 375.531 ms
(10 rows)

===== 243 [Wed Mar  7 03:12:24 CET 2018] scale:1000000 groups:1000 work_mem:128MB incremental:on max_workers:2 =====
SELECT * FROM s_3 ORDER BY a, b, c, d
                                                                        QUERY PLAN                                                                         
-----------------------------------------------------------------------------------------------------------------------------------------------------------
 Limit  (cost=80954.07..80954.07 rows=1 width=20) (actual time=309.988..309.988 rows=0 loops=1)
   ->  Incremental Sort  (cost=0.94..70954.07 rows=1000000 width=20) (actual time=0.079..288.281 rows=1000000 loops=1)
         Sort Key: s_3.a, s_3.b, s_3.c, s_3.d
         Presorted Key: s_3.a, s_3.b, s_3.c
         Sort Method: quicksort  Memory: 27kB
         Sort Groups: 31250
         ->  Index Only Scan using s_3_a_b_c_e_d_idx on s_3  (cost=0.42..34844.43 rows=1000000 width=20) (actual time=0.027..125.069 rows=1000000 loops=1)
               Heap Fetches: 0
 Planning time: 0.303 ms
 Execution time: 310.012 ms
(10 rows)

===== 244 [Wed Mar  7 03:12:26 CET 2018] scale:1000000 groups:1000 work_mem:128MB incremental:off max_workers:2 =====
SELECT * FROM s_1 ORDER BY a, b
                                                        QUERY PLAN                                                         
---------------------------------------------------------------------------------------------------------------------------
 Limit  (cost=128527.84..128527.84 rows=1 width=20) (actual time=497.505..497.505 rows=0 loops=1)
   ->  Sort  (cost=116027.84..118527.84 rows=1000000 width=20) (actual time=416.495..475.811 rows=1000000 loops=1)
         Sort Key: s_1.a, s_1.b
         Sort Method: quicksort  Memory: 102702kB
         ->  Seq Scan on s_1  (cost=0.00..16370.00 rows=1000000 width=20) (actual time=0.007..55.667 rows=1000000 loops=1)
 Planning time: 0.282 ms
 Execution time: 501.647 ms
(7 rows)

===== 245 [Wed Mar  7 03:12:29 CET 2018] scale:1000000 groups:1000 work_mem:128MB incremental:off max_workers:2 =====
SELECT * FROM s_2 ORDER BY a, b, c
                                                        QUERY PLAN                                                         
---------------------------------------------------------------------------------------------------------------------------
 Limit  (cost=128527.84..128527.84 rows=1 width=20) (actual time=445.468..445.468 rows=0 loops=1)
   ->  Sort  (cost=116027.84..118527.84 rows=1000000 width=20) (actual time=389.246..423.671 rows=1000000 loops=1)
         Sort Key: s_2.a, s_2.b, s_2.c
         Sort Method: quicksort  Memory: 102702kB
         ->  Seq Scan on s_2  (cost=0.00..16370.00 rows=1000000 width=20) (actual time=0.004..55.509 rows=1000000 loops=1)
 Planning time: 0.289 ms
 Execution time: 449.590 ms
(7 rows)

===== 246 [Wed Mar  7 03:12:31 CET 2018] scale:1000000 groups:1000 work_mem:128MB incremental:off max_workers:2 =====
SELECT * FROM s_3 ORDER BY a, b, c, d
                                                        QUERY PLAN                                                         
---------------------------------------------------------------------------------------------------------------------------
 Limit  (cost=128527.84..128527.84 rows=1 width=20) (actual time=338.587..338.587 rows=0 loops=1)
   ->  Sort  (cost=116027.84..118527.84 rows=1000000 width=20) (actual time=283.413..316.722 rows=1000000 loops=1)
         Sort Key: s_3.a, s_3.b, s_3.c, s_3.d
         Sort Method: quicksort  Memory: 102702kB
         ->  Seq Scan on s_3  (cost=0.00..16370.00 rows=1000000 width=20) (actual time=0.004..55.949 rows=1000000 loops=1)
 Planning time: 0.306 ms
 Execution time: 342.726 ms
(7 rows)

===== 247 [Wed Mar  7 03:12:33 CET 2018] scale:1000000 groups:1000 work_mem:256MB incremental:on max_workers:2 =====
SELECT * FROM s_1 ORDER BY a, b
                                                                        QUERY PLAN                                                                         
-----------------------------------------------------------------------------------------------------------------------------------------------------------
 Limit  (cost=112186.16..112186.16 rows=1 width=20) (actual time=475.012..475.012 rows=0 loops=1)
   ->  Incremental Sort  (cost=85.01..102186.16 rows=1000000 width=20) (actual time=0.269..453.323 rows=1000000 loops=1)
         Sort Key: s_1.a, s_1.b
         Presorted Key: s_1.a
         Sort Method: quicksort  Memory: 134kB
         Sort Groups: 1001
         ->  Index Only Scan using s_1_a_e_d_c_b_idx on s_1  (cost=0.42..34844.43 rows=1000000 width=20) (actual time=0.023..124.365 rows=1000000 loops=1)
               Heap Fetches: 0
 Planning time: 0.284 ms
 Execution time: 475.045 ms
(10 rows)

===== 248 [Wed Mar  7 03:12:35 CET 2018] scale:1000000 groups:1000 work_mem:256MB incremental:on max_workers:2 =====
SELECT * FROM s_2 ORDER BY a, b, c
                                                                        QUERY PLAN                                                                         
-----------------------------------------------------------------------------------------------------------------------------------------------------------
 Limit  (cost=80954.07..80954.07 rows=1 width=20) (actual time=371.680..371.680 rows=0 loops=1)
   ->  Incremental Sort  (cost=0.94..70954.07 rows=1000000 width=20) (actual time=0.075..349.733 rows=1000000 loops=1)
         Sort Key: s_2.a, s_2.b, s_2.c
         Presorted Key: s_2.a, s_2.b
         Sort Method: quicksort  Memory: 27kB
         Sort Groups: 30769
         ->  Index Only Scan using s_2_a_b_e_d_c_idx on s_2  (cost=0.42..34844.43 rows=1000000 width=20) (actual time=0.028..124.483 rows=1000000 loops=1)
               Heap Fetches: 0
 Planning time: 0.293 ms
 Execution time: 371.703 ms
(10 rows)

===== 249 [Wed Mar  7 03:12:37 CET 2018] scale:1000000 groups:1000 work_mem:256MB incremental:on max_workers:2 =====
SELECT * FROM s_3 ORDER BY a, b, c, d
                                                                        QUERY PLAN                                                                         
-----------------------------------------------------------------------------------------------------------------------------------------------------------
 Limit  (cost=80954.07..80954.07 rows=1 width=20) (actual time=307.738..307.738 rows=0 loops=1)
   ->  Incremental Sort  (cost=0.94..70954.07 rows=1000000 width=20) (actual time=0.074..286.040 rows=1000000 loops=1)
         Sort Key: s_3.a, s_3.b, s_3.c, s_3.d
         Presorted Key: s_3.a, s_3.b, s_3.c
         Sort Method: quicksort  Memory: 27kB
         Sort Groups: 31250
         ->  Index Only Scan using s_3_a_b_c_e_d_idx on s_3  (cost=0.42..34844.43 rows=1000000 width=20) (actual time=0.027..123.529 rows=1000000 loops=1)
               Heap Fetches: 0
 Planning time: 0.312 ms
 Execution time: 307.762 ms
(10 rows)

===== 250 [Wed Mar  7 03:12:39 CET 2018] scale:1000000 groups:1000 work_mem:256MB incremental:off max_workers:2 =====
SELECT * FROM s_1 ORDER BY a, b
                                                        QUERY PLAN                                                         
---------------------------------------------------------------------------------------------------------------------------
 Limit  (cost=128527.84..128527.84 rows=1 width=20) (actual time=497.352..497.352 rows=0 loops=1)
   ->  Sort  (cost=116027.84..118527.84 rows=1000000 width=20) (actual time=416.343..475.662 rows=1000000 loops=1)
         Sort Key: s_1.a, s_1.b
         Sort Method: quicksort  Memory: 102702kB
         ->  Seq Scan on s_1  (cost=0.00..16370.00 rows=1000000 width=20) (actual time=0.007..55.621 rows=1000000 loops=1)
 Planning time: 0.281 ms
 Execution time: 501.485 ms
(7 rows)

===== 251 [Wed Mar  7 03:12:41 CET 2018] scale:1000000 groups:1000 work_mem:256MB incremental:off max_workers:2 =====
SELECT * FROM s_2 ORDER BY a, b, c
                                                        QUERY PLAN                                                         
---------------------------------------------------------------------------------------------------------------------------
 Limit  (cost=128527.84..128527.84 rows=1 width=20) (actual time=445.783..445.783 rows=0 loops=1)
   ->  Sort  (cost=116027.84..118527.84 rows=1000000 width=20) (actual time=389.550..423.993 rows=1000000 loops=1)
         Sort Key: s_2.a, s_2.b, s_2.c
         Sort Method: quicksort  Memory: 102702kB
         ->  Seq Scan on s_2  (cost=0.00..16370.00 rows=1000000 width=20) (actual time=0.004..55.523 rows=1000000 loops=1)
 Planning time: 0.289 ms
 Execution time: 449.906 ms
(7 rows)

===== 252 [Wed Mar  7 03:12:44 CET 2018] scale:1000000 groups:1000 work_mem:256MB incremental:off max_workers:2 =====
SELECT * FROM s_3 ORDER BY a, b, c, d
                                                        QUERY PLAN                                                         
---------------------------------------------------------------------------------------------------------------------------
 Limit  (cost=128527.84..128527.84 rows=1 width=20) (actual time=338.599..338.599 rows=0 loops=1)
   ->  Sort  (cost=116027.84..118527.84 rows=1000000 width=20) (actual time=283.417..316.748 rows=1000000 loops=1)
         Sort Key: s_3.a, s_3.b, s_3.c, s_3.d
         Sort Method: quicksort  Memory: 102702kB
         ->  Seq Scan on s_3  (cost=0.00..16370.00 rows=1000000 width=20) (actual time=0.004..55.918 rows=1000000 loops=1)
 Planning time: 0.297 ms
 Execution time: 342.730 ms
(7 rows)

===== 253 [Wed Mar  7 03:12:52 CET 2018] scale:1000000 groups:10000 work_mem:4MB incremental:on max_workers:0 =====
SELECT * FROM s_1 ORDER BY a, b
                                                                        QUERY PLAN                                                                         
-----------------------------------------------------------------------------------------------------------------------------------------------------------
 Limit  (cost=95772.83..95772.83 rows=1 width=20) (actual time=442.925..442.925 rows=0 loops=1)
   ->  Incremental Sort  (cost=7.24..85772.83 rows=1000000 width=20) (actual time=0.098..421.142 rows=1000000 loops=1)
         Sort Key: s_1.a, s_1.b
         Presorted Key: s_1.a
         Sort Method: quicksort  Memory: 36kB
         Sort Groups: 10001
         ->  Index Only Scan using s_1_a_e_d_c_b_idx on s_1  (cost=0.42..34844.43 rows=1000000 width=20) (actual time=0.042..144.659 rows=1000000 loops=1)
               Heap Fetches: 0
 Planning time: 0.292 ms
 Execution time: 442.951 ms
(10 rows)

===== 254 [Wed Mar  7 03:12:55 CET 2018] scale:1000000 groups:10000 work_mem:4MB incremental:on max_workers:0 =====
SELECT * FROM s_2 ORDER BY a, b, c
                                                                        QUERY PLAN                                                                         
-----------------------------------------------------------------------------------------------------------------------------------------------------------
 Limit  (cost=80954.07..80954.07 rows=1 width=20) (actual time=327.962..327.962 rows=0 loops=1)
   ->  Incremental Sort  (cost=0.94..70954.07 rows=1000000 width=20) (actual time=0.091..305.976 rows=1000000 loops=1)
         Sort Key: s_2.a, s_2.b, s_2.c
         Presorted Key: s_2.a, s_2.b
         Sort Method: quicksort  Memory: 27kB
         Sort Groups: 31245
         ->  Index Only Scan using s_2_a_b_e_d_c_idx on s_2  (cost=0.42..34844.43 rows=1000000 width=20) (actual time=0.048..144.299 rows=1000000 loops=1)
               Heap Fetches: 0
 Planning time: 0.307 ms
 Execution time: 327.987 ms
(10 rows)

===== 255 [Wed Mar  7 03:12:56 CET 2018] scale:1000000 groups:10000 work_mem:4MB incremental:on max_workers:0 =====
SELECT * FROM s_3 ORDER BY a, b, c, d
                                                                        QUERY PLAN                                                                         
-----------------------------------------------------------------------------------------------------------------------------------------------------------
 Limit  (cost=80954.07..80954.07 rows=1 width=20) (actual time=324.739..324.739 rows=0 loops=1)
   ->  Incremental Sort  (cost=0.94..70954.07 rows=1000000 width=20) (actual time=0.099..302.796 rows=1000000 loops=1)
         Sort Key: s_3.a, s_3.b, s_3.c, s_3.d
         Presorted Key: s_3.a, s_3.b, s_3.c
         Sort Method: quicksort  Memory: 27kB
         Sort Groups: 31250
         ->  Index Only Scan using s_3_a_b_c_e_d_idx on s_3  (cost=0.42..34844.43 rows=1000000 width=20) (actual time=0.054..143.731 rows=1000000 loops=1)
               Heap Fetches: 0
 Planning time: 0.305 ms
 Execution time: 324.763 ms
(10 rows)

===== 256 [Wed Mar  7 03:12:58 CET 2018] scale:1000000 groups:10000 work_mem:4MB incremental:off max_workers:0 =====
SELECT * FROM s_1 ORDER BY a, b
                                                        QUERY PLAN                                                         
---------------------------------------------------------------------------------------------------------------------------
 Limit  (cost=149037.84..149037.84 rows=1 width=20) (actual time=510.169..510.169 rows=0 loops=1)
   ->  Sort  (cost=136537.84..139037.84 rows=1000000 width=20) (actual time=405.667..488.232 rows=1000000 loops=1)
         Sort Key: s_1.a, s_1.b
         Sort Method: external merge  Disk: 29360kB
         ->  Seq Scan on s_1  (cost=0.00..16370.00 rows=1000000 width=20) (actual time=0.007..51.623 rows=1000000 loops=1)
 Planning time: 0.286 ms
 Execution time: 513.859 ms
(7 rows)

===== 257 [Wed Mar  7 03:13:00 CET 2018] scale:1000000 groups:10000 work_mem:4MB incremental:off max_workers:0 =====
SELECT * FROM s_2 ORDER BY a, b, c
                                                        QUERY PLAN                                                         
---------------------------------------------------------------------------------------------------------------------------
 Limit  (cost=149037.84..149037.84 rows=1 width=20) (actual time=409.403..409.403 rows=0 loops=1)
   ->  Sort  (cost=136537.84..139037.84 rows=1000000 width=20) (actual time=304.998..387.514 rows=1000000 loops=1)
         Sort Key: s_2.a, s_2.b, s_2.c
         Sort Method: external merge  Disk: 29360kB
         ->  Seq Scan on s_2  (cost=0.00..16370.00 rows=1000000 width=20) (actual time=0.007..51.528 rows=1000000 loops=1)
 Planning time: 0.289 ms
 Execution time: 413.121 ms
(7 rows)

===== 258 [Wed Mar  7 03:13:02 CET 2018] scale:1000000 groups:10000 work_mem:4MB incremental:off max_workers:0 =====
SELECT * FROM s_3 ORDER BY a, b, c, d
                                                        QUERY PLAN                                                         
---------------------------------------------------------------------------------------------------------------------------
 Limit  (cost=149037.84..149037.84 rows=1 width=20) (actual time=331.196..331.196 rows=0 loops=1)
   ->  Sort  (cost=136537.84..139037.84 rows=1000000 width=20) (actual time=226.341..309.296 rows=1000000 loops=1)
         Sort Key: s_3.a, s_3.b, s_3.c, s_3.d
         Sort Method: external merge  Disk: 29360kB
         ->  Seq Scan on s_3  (cost=0.00..16370.00 rows=1000000 width=20) (actual time=0.004..51.869 rows=1000000 loops=1)
 Planning time: 0.298 ms
 Execution time: 334.893 ms
(7 rows)

===== 259 [Wed Mar  7 03:13:04 CET 2018] scale:1000000 groups:10000 work_mem:8MB incremental:on max_workers:0 =====
SELECT * FROM s_1 ORDER BY a, b
                                                                        QUERY PLAN                                                                         
-----------------------------------------------------------------------------------------------------------------------------------------------------------
 Limit  (cost=95772.83..95772.83 rows=1 width=20) (actual time=417.447..417.447 rows=0 loops=1)
   ->  Incremental Sort  (cost=7.24..85772.83 rows=1000000 width=20) (actual time=0.086..395.530 rows=1000000 loops=1)
         Sort Key: s_1.a, s_1.b
         Presorted Key: s_1.a
         Sort Method: quicksort  Memory: 36kB
         Sort Groups: 10001
         ->  Index Only Scan using s_1_a_e_d_c_b_idx on s_1  (cost=0.42..34844.43 rows=1000000 width=20) (actual time=0.026..124.150 rows=1000000 loops=1)
               Heap Fetches: 0
 Planning time: 0.290 ms
 Execution time: 417.471 ms
(10 rows)

===== 260 [Wed Mar  7 03:13:06 CET 2018] scale:1000000 groups:10000 work_mem:8MB incremental:on max_workers:0 =====
SELECT * FROM s_2 ORDER BY a, b, c
                                                                        QUERY PLAN                                                                         
-----------------------------------------------------------------------------------------------------------------------------------------------------------
 Limit  (cost=80954.07..80954.07 rows=1 width=20) (actual time=302.537..302.537 rows=0 loops=1)
   ->  Incremental Sort  (cost=0.94..70954.07 rows=1000000 width=20) (actual time=0.078..280.735 rows=1000000 loops=1)
         Sort Key: s_2.a, s_2.b, s_2.c
         Presorted Key: s_2.a, s_2.b
         Sort Method: quicksort  Memory: 27kB
         Sort Groups: 31245
         ->  Index Only Scan using s_2_a_b_e_d_c_idx on s_2  (cost=0.42..34844.43 rows=1000000 width=20) (actual time=0.032..124.266 rows=1000000 loops=1)
               Heap Fetches: 0
 Planning time: 0.305 ms
 Execution time: 302.560 ms
(10 rows)

===== 261 [Wed Mar  7 03:13:08 CET 2018] scale:1000000 groups:10000 work_mem:8MB incremental:on max_workers:0 =====
SELECT * FROM s_3 ORDER BY a, b, c, d
                                                                        QUERY PLAN                                                                         
-----------------------------------------------------------------------------------------------------------------------------------------------------------
 Limit  (cost=80954.07..80954.07 rows=1 width=20) (actual time=301.542..301.542 rows=0 loops=1)
   ->  Incremental Sort  (cost=0.94..70954.07 rows=1000000 width=20) (actual time=0.076..279.741 rows=1000000 loops=1)
         Sort Key: s_3.a, s_3.b, s_3.c, s_3.d
         Presorted Key: s_3.a, s_3.b, s_3.c
         Sort Method: quicksort  Memory: 27kB
         Sort Groups: 31250
         ->  Index Only Scan using s_3_a_b_c_e_d_idx on s_3  (cost=0.42..34844.43 rows=1000000 width=20) (actual time=0.030..123.783 rows=1000000 loops=1)
               Heap Fetches: 0
 Planning time: 0.303 ms
 Execution time: 301.567 ms
(10 rows)

===== 262 [Wed Mar  7 03:13:09 CET 2018] scale:1000000 groups:10000 work_mem:8MB incremental:off max_workers:0 =====
SELECT * FROM s_1 ORDER BY a, b
                                                        QUERY PLAN                                                         
---------------------------------------------------------------------------------------------------------------------------
 Limit  (cost=149037.84..149037.84 rows=1 width=20) (actual time=498.364..498.364 rows=0 loops=1)
   ->  Sort  (cost=136537.84..139037.84 rows=1000000 width=20) (actual time=396.044..476.571 rows=1000000 loops=1)
         Sort Key: s_1.a, s_1.b
         Sort Method: external merge  Disk: 29360kB
         ->  Seq Scan on s_1  (cost=0.00..16370.00 rows=1000000 width=20) (actual time=0.007..51.942 rows=1000000 loops=1)
 Planning time: 0.288 ms
 Execution time: 502.249 ms
(7 rows)

===== 263 [Wed Mar  7 03:13:12 CET 2018] scale:1000000 groups:10000 work_mem:8MB incremental:off max_workers:0 =====
SELECT * FROM s_2 ORDER BY a, b, c
                                                        QUERY PLAN                                                         
---------------------------------------------------------------------------------------------------------------------------
 Limit  (cost=149037.84..149037.84 rows=1 width=20) (actual time=386.977..386.977 rows=0 loops=1)
   ->  Sort  (cost=136537.84..139037.84 rows=1000000 width=20) (actual time=284.844..365.208 rows=1000000 loops=1)
         Sort Key: s_2.a, s_2.b, s_2.c
         Sort Method: external merge  Disk: 29360kB
         ->  Seq Scan on s_2  (cost=0.00..16370.00 rows=1000000 width=20) (actual time=0.007..51.828 rows=1000000 loops=1)
 Planning time: 0.288 ms
 Execution time: 390.831 ms
(7 rows)

===== 264 [Wed Mar  7 03:13:14 CET 2018] scale:1000000 groups:10000 work_mem:8MB incremental:off max_workers:0 =====
SELECT * FROM s_3 ORDER BY a, b, c, d
                                                        QUERY PLAN                                                         
---------------------------------------------------------------------------------------------------------------------------
 Limit  (cost=149037.84..149037.84 rows=1 width=20) (actual time=301.099..301.099 rows=0 loops=1)
   ->  Sort  (cost=136537.84..139037.84 rows=1000000 width=20) (actual time=198.720..279.368 rows=1000000 loops=1)
         Sort Key: s_3.a, s_3.b, s_3.c, s_3.d
         Sort Method: external merge  Disk: 29360kB
         ->  Seq Scan on s_3  (cost=0.00..16370.00 rows=1000000 width=20) (actual time=0.004..52.278 rows=1000000 loops=1)
 Planning time: 0.295 ms
 Execution time: 304.973 ms
(7 rows)

===== 265 [Wed Mar  7 03:13:15 CET 2018] scale:1000000 groups:10000 work_mem:16MB incremental:on max_workers:0 =====
SELECT * FROM s_1 ORDER BY a, b
                                                                        QUERY PLAN                                                                         
-----------------------------------------------------------------------------------------------------------------------------------------------------------
 Limit  (cost=95772.83..95772.83 rows=1 width=20) (actual time=419.779..419.779 rows=0 loops=1)
   ->  Incremental Sort  (cost=7.24..85772.83 rows=1000000 width=20) (actual time=0.081..398.031 rows=1000000 loops=1)
         Sort Key: s_1.a, s_1.b
         Presorted Key: s_1.a
         Sort Method: quicksort  Memory: 36kB
         Sort Groups: 10001
         ->  Index Only Scan using s_1_a_e_d_c_b_idx on s_1  (cost=0.42..34844.43 rows=1000000 width=20) (actual time=0.025..124.238 rows=1000000 loops=1)
               Heap Fetches: 0
 Planning time: 0.288 ms
 Execution time: 419.803 ms
(10 rows)

===== 266 [Wed Mar  7 03:13:18 CET 2018] scale:1000000 groups:10000 work_mem:16MB incremental:on max_workers:0 =====
SELECT * FROM s_2 ORDER BY a, b, c
                                                                        QUERY PLAN                                                                         
-----------------------------------------------------------------------------------------------------------------------------------------------------------
 Limit  (cost=80954.07..80954.07 rows=1 width=20) (actual time=305.529..305.529 rows=0 loops=1)
   ->  Incremental Sort  (cost=0.94..70954.07 rows=1000000 width=20) (actual time=0.072..283.605 rows=1000000 loops=1)
         Sort Key: s_2.a, s_2.b, s_2.c
         Presorted Key: s_2.a, s_2.b
         Sort Method: quicksort  Memory: 27kB
         Sort Groups: 31245
         ->  Index Only Scan using s_2_a_b_e_d_c_idx on s_2  (cost=0.42..34844.43 rows=1000000 width=20) (actual time=0.029..124.270 rows=1000000 loops=1)
               Heap Fetches: 0
 Planning time: 0.296 ms
 Execution time: 305.552 ms
(10 rows)

===== 267 [Wed Mar  7 03:13:19 CET 2018] scale:1000000 groups:10000 work_mem:16MB incremental:on max_workers:0 =====
SELECT * FROM s_3 ORDER BY a, b, c, d
                                                                        QUERY PLAN                                                                         
-----------------------------------------------------------------------------------------------------------------------------------------------------------
 Limit  (cost=80954.07..80954.07 rows=1 width=20) (actual time=302.277..302.277 rows=0 loops=1)
   ->  Incremental Sort  (cost=0.94..70954.07 rows=1000000 width=20) (actual time=0.076..280.402 rows=1000000 loops=1)
         Sort Key: s_3.a, s_3.b, s_3.c, s_3.d
         Presorted Key: s_3.a, s_3.b, s_3.c
         Sort Method: quicksort  Memory: 27kB
         Sort Groups: 31250
         ->  Index Only Scan using s_3_a_b_c_e_d_idx on s_3  (cost=0.42..34844.43 rows=1000000 width=20) (actual time=0.030..124.019 rows=1000000 loops=1)
               Heap Fetches: 0
 Planning time: 0.313 ms
 Execution time: 302.302 ms
(10 rows)

===== 268 [Wed Mar  7 03:13:21 CET 2018] scale:1000000 groups:10000 work_mem:16MB incremental:off max_workers:0 =====
SELECT * FROM s_1 ORDER BY a, b
                                                        QUERY PLAN                                                         
---------------------------------------------------------------------------------------------------------------------------
 Limit  (cost=149037.84..149037.84 rows=1 width=20) (actual time=514.945..514.945 rows=0 loops=1)
   ->  Sort  (cost=136537.84..139037.84 rows=1000000 width=20) (actual time=414.325..493.182 rows=1000000 loops=1)
         Sort Key: s_1.a, s_1.b
         Sort Method: external merge  Disk: 29392kB
         ->  Seq Scan on s_1  (cost=0.00..16370.00 rows=1000000 width=20) (actual time=0.007..52.496 rows=1000000 loops=1)
 Planning time: 0.288 ms
 Execution time: 519.173 ms
(7 rows)

===== 269 [Wed Mar  7 03:13:23 CET 2018] scale:1000000 groups:10000 work_mem:16MB incremental:off max_workers:0 =====
SELECT * FROM s_2 ORDER BY a, b, c
                                                        QUERY PLAN                                                         
---------------------------------------------------------------------------------------------------------------------------
 Limit  (cost=149037.84..149037.84 rows=1 width=20) (actual time=400.206..400.206 rows=0 loops=1)
   ->  Sort  (cost=136537.84..139037.84 rows=1000000 width=20) (actual time=299.873..378.459 rows=1000000 loops=1)
         Sort Key: s_2.a, s_2.b, s_2.c
         Sort Method: external merge  Disk: 29392kB
         ->  Seq Scan on s_2  (cost=0.00..16370.00 rows=1000000 width=20) (actual time=0.007..52.487 rows=1000000 loops=1)
 Planning time: 0.295 ms
 Execution time: 404.446 ms
(7 rows)

===== 270 [Wed Mar  7 03:13:25 CET 2018] scale:1000000 groups:10000 work_mem:16MB incremental:off max_workers:0 =====
SELECT * FROM s_3 ORDER BY a, b, c, d
                                                        QUERY PLAN                                                         
---------------------------------------------------------------------------------------------------------------------------
 Limit  (cost=149037.84..149037.84 rows=1 width=20) (actual time=306.633..306.633 rows=0 loops=1)
   ->  Sort  (cost=136537.84..139037.84 rows=1000000 width=20) (actual time=206.107..284.875 rows=1000000 loops=1)
         Sort Key: s_3.a, s_3.b, s_3.c, s_3.d
         Sort Method: external merge  Disk: 29392kB
         ->  Seq Scan on s_3  (cost=0.00..16370.00 rows=1000000 width=20) (actual time=0.004..52.738 rows=1000000 loops=1)
 Planning time: 0.301 ms
 Execution time: 310.861 ms
(7 rows)

===== 271 [Wed Mar  7 03:13:27 CET 2018] scale:1000000 groups:10000 work_mem:32MB incremental:on max_workers:0 =====
SELECT * FROM s_1 ORDER BY a, b
                                                                        QUERY PLAN                                                                         
-----------------------------------------------------------------------------------------------------------------------------------------------------------
 Limit  (cost=95772.83..95772.83 rows=1 width=20) (actual time=419.594..419.594 rows=0 loops=1)
   ->  Incremental Sort  (cost=7.24..85772.83 rows=1000000 width=20) (actual time=0.079..397.863 rows=1000000 loops=1)
         Sort Key: s_1.a, s_1.b
         Presorted Key: s_1.a
         Sort Method: quicksort  Memory: 36kB
         Sort Groups: 10001
         ->  Index Only Scan using s_1_a_e_d_c_b_idx on s_1  (cost=0.42..34844.43 rows=1000000 width=20) (actual time=0.025..124.071 rows=1000000 loops=1)
               Heap Fetches: 0
 Planning time: 0.288 ms
 Execution time: 419.624 ms
(10 rows)

===== 272 [Wed Mar  7 03:13:29 CET 2018] scale:1000000 groups:10000 work_mem:32MB incremental:on max_workers:0 =====
SELECT * FROM s_2 ORDER BY a, b, c
                                                                        QUERY PLAN                                                                         
-----------------------------------------------------------------------------------------------------------------------------------------------------------
 Limit  (cost=80954.07..80954.07 rows=1 width=20) (actual time=305.585..305.585 rows=0 loops=1)
   ->  Incremental Sort  (cost=0.94..70954.07 rows=1000000 width=20) (actual time=0.075..283.668 rows=1000000 loops=1)
         Sort Key: s_2.a, s_2.b, s_2.c
         Presorted Key: s_2.a, s_2.b
         Sort Method: quicksort  Memory: 27kB
         Sort Groups: 31245
         ->  Index Only Scan using s_2_a_b_e_d_c_idx on s_2  (cost=0.42..34844.43 rows=1000000 width=20) (actual time=0.030..124.297 rows=1000000 loops=1)
               Heap Fetches: 0
 Planning time: 0.299 ms
 Execution time: 305.609 ms
(10 rows)

===== 273 [Wed Mar  7 03:13:31 CET 2018] scale:1000000 groups:10000 work_mem:32MB incremental:on max_workers:0 =====
SELECT * FROM s_3 ORDER BY a, b, c, d
                                                                        QUERY PLAN                                                                         
-----------------------------------------------------------------------------------------------------------------------------------------------------------
 Limit  (cost=80954.07..80954.07 rows=1 width=20) (actual time=302.570..302.570 rows=0 loops=1)
   ->  Incremental Sort  (cost=0.94..70954.07 rows=1000000 width=20) (actual time=0.073..280.714 rows=1000000 loops=1)
         Sort Key: s_3.a, s_3.b, s_3.c, s_3.d
         Presorted Key: s_3.a, s_3.b, s_3.c
         Sort Method: quicksort  Memory: 27kB
         Sort Groups: 31250
         ->  Index Only Scan using s_3_a_b_c_e_d_idx on s_3  (cost=0.42..34844.43 rows=1000000 width=20) (actual time=0.029..124.088 rows=1000000 loops=1)
               Heap Fetches: 0
 Planning time: 0.298 ms
 Execution time: 302.594 ms
(10 rows)

===== 274 [Wed Mar  7 03:13:32 CET 2018] scale:1000000 groups:10000 work_mem:32MB incremental:off max_workers:0 =====
SELECT * FROM s_1 ORDER BY a, b
                                                        QUERY PLAN                                                         
---------------------------------------------------------------------------------------------------------------------------
 Limit  (cost=149037.84..149037.84 rows=1 width=20) (actual time=535.539..535.539 rows=0 loops=1)
   ->  Sort  (cost=136537.84..139037.84 rows=1000000 width=20) (actual time=437.199..513.753 rows=1000000 loops=1)
         Sort Key: s_1.a, s_1.b
         Sort Method: external merge  Disk: 29360kB
         ->  Seq Scan on s_1  (cost=0.00..16370.00 rows=1000000 width=20) (actual time=0.013..53.651 rows=1000000 loops=1)
 Planning time: 0.289 ms
 Execution time: 540.126 ms
(7 rows)

===== 275 [Wed Mar  7 03:13:35 CET 2018] scale:1000000 groups:10000 work_mem:32MB incremental:off max_workers:0 =====
SELECT * FROM s_2 ORDER BY a, b, c
                                                        QUERY PLAN                                                         
---------------------------------------------------------------------------------------------------------------------------
 Limit  (cost=149037.84..149037.84 rows=1 width=20) (actual time=418.095..418.095 rows=0 loops=1)
   ->  Sort  (cost=136537.84..139037.84 rows=1000000 width=20) (actual time=319.852..396.322 rows=1000000 loops=1)
         Sort Key: s_2.a, s_2.b, s_2.c
         Sort Method: external merge  Disk: 29360kB
         ->  Seq Scan on s_2  (cost=0.00..16370.00 rows=1000000 width=20) (actual time=0.007..53.569 rows=1000000 loops=1)
 Planning time: 0.291 ms
 Execution time: 422.643 ms
(7 rows)

===== 276 [Wed Mar  7 03:13:37 CET 2018] scale:1000000 groups:10000 work_mem:32MB incremental:off max_workers:0 =====
SELECT * FROM s_3 ORDER BY a, b, c, d
                                                        QUERY PLAN                                                         
---------------------------------------------------------------------------------------------------------------------------
 Limit  (cost=149037.84..149037.84 rows=1 width=20) (actual time=319.506..319.506 rows=0 loops=1)
   ->  Sort  (cost=136537.84..139037.84 rows=1000000 width=20) (actual time=221.083..297.721 rows=1000000 loops=1)
         Sort Key: s_3.a, s_3.b, s_3.c, s_3.d
         Sort Method: external merge  Disk: 29360kB
         ->  Seq Scan on s_3  (cost=0.00..16370.00 rows=1000000 width=20) (actual time=0.004..54.086 rows=1000000 loops=1)
 Planning time: 0.296 ms
 Execution time: 324.078 ms
(7 rows)

===== 277 [Wed Mar  7 03:13:39 CET 2018] scale:1000000 groups:10000 work_mem:64MB incremental:on max_workers:0 =====
SELECT * FROM s_1 ORDER BY a, b
                                                                        QUERY PLAN                                                                         
-----------------------------------------------------------------------------------------------------------------------------------------------------------
 Limit  (cost=95772.83..95772.83 rows=1 width=20) (actual time=419.537..419.537 rows=0 loops=1)
   ->  Incremental Sort  (cost=7.24..85772.83 rows=1000000 width=20) (actual time=0.079..397.800 rows=1000000 loops=1)
         Sort Key: s_1.a, s_1.b
         Presorted Key: s_1.a
         Sort Method: quicksort  Memory: 36kB
         Sort Groups: 10001
         ->  Index Only Scan using s_1_a_e_d_c_b_idx on s_1  (cost=0.42..34844.43 rows=1000000 width=20) (actual time=0.025..124.094 rows=1000000 loops=1)
               Heap Fetches: 0
 Planning time: 0.286 ms
 Execution time: 419.561 ms
(10 rows)

===== 278 [Wed Mar  7 03:13:41 CET 2018] scale:1000000 groups:10000 work_mem:64MB incremental:on max_workers:0 =====
SELECT * FROM s_2 ORDER BY a, b, c
                                                                        QUERY PLAN                                                                         
-----------------------------------------------------------------------------------------------------------------------------------------------------------
 Limit  (cost=80954.07..80954.07 rows=1 width=20) (actual time=305.495..305.495 rows=0 loops=1)
   ->  Incremental Sort  (cost=0.94..70954.07 rows=1000000 width=20) (actual time=0.079..283.576 rows=1000000 loops=1)
         Sort Key: s_2.a, s_2.b, s_2.c
         Presorted Key: s_2.a, s_2.b
         Sort Method: quicksort  Memory: 27kB
         Sort Groups: 31245
         ->  Index Only Scan using s_2_a_b_e_d_c_idx on s_2  (cost=0.42..34844.43 rows=1000000 width=20) (actual time=0.029..124.274 rows=1000000 loops=1)
               Heap Fetches: 0
 Planning time: 0.300 ms
 Execution time: 305.519 ms
(10 rows)

===== 279 [Wed Mar  7 03:13:42 CET 2018] scale:1000000 groups:10000 work_mem:64MB incremental:on max_workers:0 =====
SELECT * FROM s_3 ORDER BY a, b, c, d
                                                                        QUERY PLAN                                                                         
-----------------------------------------------------------------------------------------------------------------------------------------------------------
 Limit  (cost=80954.07..80954.07 rows=1 width=20) (actual time=302.209..302.209 rows=0 loops=1)
   ->  Incremental Sort  (cost=0.94..70954.07 rows=1000000 width=20) (actual time=0.074..280.346 rows=1000000 loops=1)
         Sort Key: s_3.a, s_3.b, s_3.c, s_3.d
         Presorted Key: s_3.a, s_3.b, s_3.c
         Sort Method: quicksort  Memory: 27kB
         Sort Groups: 31250
         ->  Index Only Scan using s_3_a_b_c_e_d_idx on s_3  (cost=0.42..34844.43 rows=1000000 width=20) (actual time=0.029..124.059 rows=1000000 loops=1)
               Heap Fetches: 0
 Planning time: 0.315 ms
 Execution time: 302.234 ms
(10 rows)

===== 280 [Wed Mar  7 03:13:44 CET 2018] scale:1000000 groups:10000 work_mem:64MB incremental:off max_workers:0 =====
SELECT * FROM s_1 ORDER BY a, b
                                                        QUERY PLAN                                                         
---------------------------------------------------------------------------------------------------------------------------
 Limit  (cost=128527.84..128527.84 rows=1 width=20) (actual time=552.161..552.161 rows=0 loops=1)
   ->  Sort  (cost=116027.84..118527.84 rows=1000000 width=20) (actual time=459.116..530.281 rows=1000000 loops=1)
         Sort Key: s_1.a, s_1.b
         Sort Method: external merge  Disk: 29360kB
         ->  Seq Scan on s_1  (cost=0.00..16370.00 rows=1000000 width=20) (actual time=0.007..55.488 rows=1000000 loops=1)
 Planning time: 0.284 ms
 Execution time: 555.650 ms
(7 rows)

===== 281 [Wed Mar  7 03:13:47 CET 2018] scale:1000000 groups:10000 work_mem:64MB incremental:off max_workers:0 =====
SELECT * FROM s_2 ORDER BY a, b, c
                                                        QUERY PLAN                                                         
---------------------------------------------------------------------------------------------------------------------------
 Limit  (cost=128527.84..128527.84 rows=1 width=20) (actual time=436.600..436.600 rows=0 loops=1)
   ->  Sort  (cost=116027.84..118527.84 rows=1000000 width=20) (actual time=343.535..414.744 rows=1000000 loops=1)
         Sort Key: s_2.a, s_2.b, s_2.c
         Sort Method: external merge  Disk: 29360kB
         ->  Seq Scan on s_2  (cost=0.00..16370.00 rows=1000000 width=20) (actual time=0.007..55.384 rows=1000000 loops=1)
 Planning time: 0.290 ms
 Execution time: 440.098 ms
(7 rows)

===== 282 [Wed Mar  7 03:13:49 CET 2018] scale:1000000 groups:10000 work_mem:64MB incremental:off max_workers:0 =====
SELECT * FROM s_3 ORDER BY a, b, c, d
                                                        QUERY PLAN                                                         
---------------------------------------------------------------------------------------------------------------------------
 Limit  (cost=128527.84..128527.84 rows=1 width=20) (actual time=331.589..331.589 rows=0 loops=1)
   ->  Sort  (cost=116027.84..118527.84 rows=1000000 width=20) (actual time=238.213..309.713 rows=1000000 loops=1)
         Sort Key: s_3.a, s_3.b, s_3.c, s_3.d
         Sort Method: external merge  Disk: 29360kB
         ->  Seq Scan on s_3  (cost=0.00..16370.00 rows=1000000 width=20) (actual time=0.004..55.697 rows=1000000 loops=1)
 Planning time: 0.295 ms
 Execution time: 335.095 ms
(7 rows)

===== 283 [Wed Mar  7 03:13:51 CET 2018] scale:1000000 groups:10000 work_mem:128MB incremental:on max_workers:0 =====
SELECT * FROM s_1 ORDER BY a, b
                                                                        QUERY PLAN                                                                         
-----------------------------------------------------------------------------------------------------------------------------------------------------------
 Limit  (cost=95772.83..95772.83 rows=1 width=20) (actual time=419.578..419.578 rows=0 loops=1)
   ->  Incremental Sort  (cost=7.24..85772.83 rows=1000000 width=20) (actual time=0.078..397.854 rows=1000000 loops=1)
         Sort Key: s_1.a, s_1.b
         Presorted Key: s_1.a
         Sort Method: quicksort  Memory: 36kB
         Sort Groups: 10001
         ->  Index Only Scan using s_1_a_e_d_c_b_idx on s_1  (cost=0.42..34844.43 rows=1000000 width=20) (actual time=0.025..124.038 rows=1000000 loops=1)
               Heap Fetches: 0
 Planning time: 0.293 ms
 Execution time: 419.602 ms
(10 rows)

===== 284 [Wed Mar  7 03:13:53 CET 2018] scale:1000000 groups:10000 work_mem:128MB incremental:on max_workers:0 =====
SELECT * FROM s_2 ORDER BY a, b, c
                                                                        QUERY PLAN                                                                         
-----------------------------------------------------------------------------------------------------------------------------------------------------------
 Limit  (cost=80954.07..80954.07 rows=1 width=20) (actual time=305.458..305.458 rows=0 loops=1)
   ->  Incremental Sort  (cost=0.94..70954.07 rows=1000000 width=20) (actual time=0.073..283.527 rows=1000000 loops=1)
         Sort Key: s_2.a, s_2.b, s_2.c
         Presorted Key: s_2.a, s_2.b
         Sort Method: quicksort  Memory: 27kB
         Sort Groups: 31245
         ->  Index Only Scan using s_2_a_b_e_d_c_idx on s_2  (cost=0.42..34844.43 rows=1000000 width=20) (actual time=0.029..124.291 rows=1000000 loops=1)
               Heap Fetches: 0
 Planning time: 0.297 ms
 Execution time: 305.482 ms
(10 rows)

===== 285 [Wed Mar  7 03:13:54 CET 2018] scale:1000000 groups:10000 work_mem:128MB incremental:on max_workers:0 =====
SELECT * FROM s_3 ORDER BY a, b, c, d
                                                                        QUERY PLAN                                                                         
-----------------------------------------------------------------------------------------------------------------------------------------------------------
 Limit  (cost=80954.07..80954.07 rows=1 width=20) (actual time=302.241..302.241 rows=0 loops=1)
   ->  Incremental Sort  (cost=0.94..70954.07 rows=1000000 width=20) (actual time=0.075..280.379 rows=1000000 loops=1)
         Sort Key: s_3.a, s_3.b, s_3.c, s_3.d
         Presorted Key: s_3.a, s_3.b, s_3.c
         Sort Method: quicksort  Memory: 27kB
         Sort Groups: 31250
         ->  Index Only Scan using s_3_a_b_c_e_d_idx on s_3  (cost=0.42..34844.43 rows=1000000 width=20) (actual time=0.029..124.110 rows=1000000 loops=1)
               Heap Fetches: 0
 Planning time: 0.314 ms
 Execution time: 302.265 ms
(10 rows)

===== 286 [Wed Mar  7 03:13:56 CET 2018] scale:1000000 groups:10000 work_mem:128MB incremental:off max_workers:0 =====
SELECT * FROM s_1 ORDER BY a, b
                                                        QUERY PLAN                                                         
---------------------------------------------------------------------------------------------------------------------------
 Limit  (cost=128527.84..128527.84 rows=1 width=20) (actual time=466.636..466.636 rows=0 loops=1)
   ->  Sort  (cost=116027.84..118527.84 rows=1000000 width=20) (actual time=388.781..444.928 rows=1000000 loops=1)
         Sort Key: s_1.a, s_1.b
         Sort Method: quicksort  Memory: 102702kB
         ->  Seq Scan on s_1  (cost=0.00..16370.00 rows=1000000 width=20) (actual time=0.007..55.621 rows=1000000 loops=1)
 Planning time: 0.284 ms
 Execution time: 470.764 ms
(7 rows)

===== 287 [Wed Mar  7 03:13:58 CET 2018] scale:1000000 groups:10000 work_mem:128MB incremental:off max_workers:0 =====
SELECT * FROM s_2 ORDER BY a, b, c
                                                        QUERY PLAN                                                         
---------------------------------------------------------------------------------------------------------------------------
 Limit  (cost=128527.84..128527.84 rows=1 width=20) (actual time=341.649..341.649 rows=0 loops=1)
   ->  Sort  (cost=116027.84..118527.84 rows=1000000 width=20) (actual time=286.771..319.885 rows=1000000 loops=1)
         Sort Key: s_2.a, s_2.b, s_2.c
         Sort Method: quicksort  Memory: 102702kB
         ->  Seq Scan on s_2  (cost=0.00..16370.00 rows=1000000 width=20) (actual time=0.007..55.597 rows=1000000 loops=1)
 Planning time: 0.290 ms
 Execution time: 345.801 ms
(7 rows)

===== 288 [Wed Mar  7 03:14:00 CET 2018] scale:1000000 groups:10000 work_mem:128MB incremental:off max_workers:0 =====
SELECT * FROM s_3 ORDER BY a, b, c, d
                                                        QUERY PLAN                                                         
---------------------------------------------------------------------------------------------------------------------------
 Limit  (cost=128527.84..128527.84 rows=1 width=20) (actual time=230.332..230.332 rows=0 loops=1)
   ->  Sort  (cost=116027.84..118527.84 rows=1000000 width=20) (actual time=175.073..208.444 rows=1000000 loops=1)
         Sort Key: s_3.a, s_3.b, s_3.c, s_3.d
         Sort Method: quicksort  Memory: 102702kB
         ->  Seq Scan on s_3  (cost=0.00..16370.00 rows=1000000 width=20) (actual time=0.004..55.946 rows=1000000 loops=1)
 Planning time: 0.304 ms
 Execution time: 234.485 ms
(7 rows)

===== 289 [Wed Mar  7 03:14:01 CET 2018] scale:1000000 groups:10000 work_mem:256MB incremental:on max_workers:0 =====
SELECT * FROM s_1 ORDER BY a, b
                                                                        QUERY PLAN                                                                         
-----------------------------------------------------------------------------------------------------------------------------------------------------------
 Limit  (cost=95772.83..95772.83 rows=1 width=20) (actual time=419.575..419.575 rows=0 loops=1)
   ->  Incremental Sort  (cost=7.24..85772.83 rows=1000000 width=20) (actual time=0.079..397.847 rows=1000000 loops=1)
         Sort Key: s_1.a, s_1.b
         Presorted Key: s_1.a
         Sort Method: quicksort  Memory: 36kB
         Sort Groups: 10001
         ->  Index Only Scan using s_1_a_e_d_c_b_idx on s_1  (cost=0.42..34844.43 rows=1000000 width=20) (actual time=0.025..124.064 rows=1000000 loops=1)
               Heap Fetches: 0
 Planning time: 0.290 ms
 Execution time: 419.598 ms
(10 rows)

===== 290 [Wed Mar  7 03:14:03 CET 2018] scale:1000000 groups:10000 work_mem:256MB incremental:on max_workers:0 =====
SELECT * FROM s_2 ORDER BY a, b, c
                                                                        QUERY PLAN                                                                         
-----------------------------------------------------------------------------------------------------------------------------------------------------------
 Limit  (cost=80954.07..80954.07 rows=1 width=20) (actual time=305.489..305.489 rows=0 loops=1)
   ->  Incremental Sort  (cost=0.94..70954.07 rows=1000000 width=20) (actual time=0.074..283.565 rows=1000000 loops=1)
         Sort Key: s_2.a, s_2.b, s_2.c
         Presorted Key: s_2.a, s_2.b
         Sort Method: quicksort  Memory: 27kB
         Sort Groups: 31245
         ->  Index Only Scan using s_2_a_b_e_d_c_idx on s_2  (cost=0.42..34844.43 rows=1000000 width=20) (actual time=0.030..124.312 rows=1000000 loops=1)
               Heap Fetches: 0
 Planning time: 0.304 ms
 Execution time: 305.512 ms
(10 rows)

===== 291 [Wed Mar  7 03:14:05 CET 2018] scale:1000000 groups:10000 work_mem:256MB incremental:on max_workers:0 =====
SELECT * FROM s_3 ORDER BY a, b, c, d
                                                                        QUERY PLAN                                                                         
-----------------------------------------------------------------------------------------------------------------------------------------------------------
 Limit  (cost=80954.07..80954.07 rows=1 width=20) (actual time=302.336..302.336 rows=0 loops=1)
   ->  Incremental Sort  (cost=0.94..70954.07 rows=1000000 width=20) (actual time=0.074..280.469 rows=1000000 loops=1)
         Sort Key: s_3.a, s_3.b, s_3.c, s_3.d
         Presorted Key: s_3.a, s_3.b, s_3.c
         Sort Method: quicksort  Memory: 27kB
         Sort Groups: 31250
         ->  Index Only Scan using s_3_a_b_c_e_d_idx on s_3  (cost=0.42..34844.43 rows=1000000 width=20) (actual time=0.029..124.118 rows=1000000 loops=1)
               Heap Fetches: 0
 Planning time: 0.307 ms
 Execution time: 302.359 ms
(10 rows)

===== 292 [Wed Mar  7 03:14:06 CET 2018] scale:1000000 groups:10000 work_mem:256MB incremental:off max_workers:0 =====
SELECT * FROM s_1 ORDER BY a, b
                                                        QUERY PLAN                                                         
---------------------------------------------------------------------------------------------------------------------------
 Limit  (cost=128527.84..128527.84 rows=1 width=20) (actual time=466.804..466.804 rows=0 loops=1)
   ->  Sort  (cost=116027.84..118527.84 rows=1000000 width=20) (actual time=388.684..445.102 rows=1000000 loops=1)
         Sort Key: s_1.a, s_1.b
         Sort Method: quicksort  Memory: 102702kB
         ->  Seq Scan on s_1  (cost=0.00..16370.00 rows=1000000 width=20) (actual time=0.007..55.675 rows=1000000 loops=1)
 Planning time: 0.287 ms
 Execution time: 470.940 ms
(7 rows)

===== 293 [Wed Mar  7 03:14:09 CET 2018] scale:1000000 groups:10000 work_mem:256MB incremental:off max_workers:0 =====
SELECT * FROM s_2 ORDER BY a, b, c
                                                        QUERY PLAN                                                         
---------------------------------------------------------------------------------------------------------------------------
 Limit  (cost=128527.84..128527.84 rows=1 width=20) (actual time=341.361..341.361 rows=0 loops=1)
   ->  Sort  (cost=116027.84..118527.84 rows=1000000 width=20) (actual time=286.492..319.610 rows=1000000 loops=1)
         Sort Key: s_2.a, s_2.b, s_2.c
         Sort Method: quicksort  Memory: 102702kB
         ->  Seq Scan on s_2  (cost=0.00..16370.00 rows=1000000 width=20) (actual time=0.007..55.633 rows=1000000 loops=1)
 Planning time: 0.303 ms
 Execution time: 345.508 ms
(7 rows)

===== 294 [Wed Mar  7 03:14:11 CET 2018] scale:1000000 groups:10000 work_mem:256MB incremental:off max_workers:0 =====
SELECT * FROM s_3 ORDER BY a, b, c, d
                                                        QUERY PLAN                                                         
---------------------------------------------------------------------------------------------------------------------------
 Limit  (cost=128527.84..128527.84 rows=1 width=20) (actual time=230.266..230.266 rows=0 loops=1)
   ->  Sort  (cost=116027.84..118527.84 rows=1000000 width=20) (actual time=175.007..208.414 rows=1000000 loops=1)
         Sort Key: s_3.a, s_3.b, s_3.c, s_3.d
         Sort Method: quicksort  Memory: 102702kB
         ->  Seq Scan on s_3  (cost=0.00..16370.00 rows=1000000 width=20) (actual time=0.004..55.942 rows=1000000 loops=1)
 Planning time: 0.295 ms
 Execution time: 234.400 ms
(7 rows)

===== 295 [Wed Mar  7 03:14:12 CET 2018] scale:1000000 groups:10000 work_mem:4MB incremental:on max_workers:2 =====
SELECT * FROM s_1 ORDER BY a, b
                                                                        QUERY PLAN                                                                         
-----------------------------------------------------------------------------------------------------------------------------------------------------------
 Limit  (cost=95772.83..95772.83 rows=1 width=20) (actual time=419.535..419.535 rows=0 loops=1)
   ->  Incremental Sort  (cost=7.24..85772.83 rows=1000000 width=20) (actual time=0.094..397.810 rows=1000000 loops=1)
         Sort Key: s_1.a, s_1.b
         Presorted Key: s_1.a
         Sort Method: quicksort  Memory: 36kB
         Sort Groups: 10001
         ->  Index Only Scan using s_1_a_e_d_c_b_idx on s_1  (cost=0.42..34844.43 rows=1000000 width=20) (actual time=0.025..124.048 rows=1000000 loops=1)
               Heap Fetches: 0
 Planning time: 0.293 ms
 Execution time: 419.559 ms
(10 rows)

===== 296 [Wed Mar  7 03:14:14 CET 2018] scale:1000000 groups:10000 work_mem:4MB incremental:on max_workers:2 =====
SELECT * FROM s_2 ORDER BY a, b, c
                                                                        QUERY PLAN                                                                         
-----------------------------------------------------------------------------------------------------------------------------------------------------------
 Limit  (cost=80954.07..80954.07 rows=1 width=20) (actual time=305.592..305.592 rows=0 loops=1)
   ->  Incremental Sort  (cost=0.94..70954.07 rows=1000000 width=20) (actual time=0.075..283.660 rows=1000000 loops=1)
         Sort Key: s_2.a, s_2.b, s_2.c
         Presorted Key: s_2.a, s_2.b
         Sort Method: quicksort  Memory: 27kB
         Sort Groups: 31245
         ->  Index Only Scan using s_2_a_b_e_d_c_idx on s_2  (cost=0.42..34844.43 rows=1000000 width=20) (actual time=0.029..124.309 rows=1000000 loops=1)
               Heap Fetches: 0
 Planning time: 0.302 ms
 Execution time: 305.616 ms
(10 rows)

===== 297 [Wed Mar  7 03:14:15 CET 2018] scale:1000000 groups:10000 work_mem:4MB incremental:on max_workers:2 =====
SELECT * FROM s_3 ORDER BY a, b, c, d
                                                                        QUERY PLAN                                                                         
-----------------------------------------------------------------------------------------------------------------------------------------------------------
 Limit  (cost=80954.07..80954.07 rows=1 width=20) (actual time=303.521..303.521 rows=0 loops=1)
   ->  Incremental Sort  (cost=0.94..70954.07 rows=1000000 width=20) (actual time=0.075..281.808 rows=1000000 loops=1)
         Sort Key: s_3.a, s_3.b, s_3.c, s_3.d
         Presorted Key: s_3.a, s_3.b, s_3.c
         Sort Method: quicksort  Memory: 27kB
         Sort Groups: 31250
         ->  Index Only Scan using s_3_a_b_c_e_d_idx on s_3  (cost=0.42..34844.43 rows=1000000 width=20) (actual time=0.029..125.037 rows=1000000 loops=1)
               Heap Fetches: 0
 Planning time: 0.314 ms
 Execution time: 303.545 ms
(10 rows)

===== 298 [Wed Mar  7 03:14:17 CET 2018] scale:1000000 groups:10000 work_mem:4MB incremental:off max_workers:2 =====
SELECT * FROM s_1 ORDER BY a, b
                                                        QUERY PLAN                                                         
---------------------------------------------------------------------------------------------------------------------------
 Limit  (cost=149037.84..149037.84 rows=1 width=20) (actual time=510.299..510.299 rows=0 loops=1)
   ->  Sort  (cost=136537.84..139037.84 rows=1000000 width=20) (actual time=405.829..488.382 rows=1000000 loops=1)
         Sort Key: s_1.a, s_1.b
         Sort Method: external merge  Disk: 29360kB
         ->  Seq Scan on s_1  (cost=0.00..16370.00 rows=1000000 width=20) (actual time=0.007..51.565 rows=1000000 loops=1)
 Planning time: 0.288 ms
 Execution time: 513.996 ms
(7 rows)

===== 299 [Wed Mar  7 03:14:20 CET 2018] scale:1000000 groups:10000 work_mem:4MB incremental:off max_workers:2 =====
SELECT * FROM s_2 ORDER BY a, b, c
                                                        QUERY PLAN                                                         
---------------------------------------------------------------------------------------------------------------------------
 Limit  (cost=149037.84..149037.84 rows=1 width=20) (actual time=409.046..409.046 rows=0 loops=1)
   ->  Sort  (cost=136537.84..139037.84 rows=1000000 width=20) (actual time=304.678..387.145 rows=1000000 loops=1)
         Sort Key: s_2.a, s_2.b, s_2.c
         Sort Method: external merge  Disk: 29360kB
         ->  Seq Scan on s_2  (cost=0.00..16370.00 rows=1000000 width=20) (actual time=0.007..51.500 rows=1000000 loops=1)
 Planning time: 0.300 ms
 Execution time: 412.746 ms
(7 rows)

===== 300 [Wed Mar  7 03:14:22 CET 2018] scale:1000000 groups:10000 work_mem:4MB incremental:off max_workers:2 =====
SELECT * FROM s_3 ORDER BY a, b, c, d
                                                        QUERY PLAN                                                         
---------------------------------------------------------------------------------------------------------------------------
 Limit  (cost=149037.84..149037.84 rows=1 width=20) (actual time=331.023..331.023 rows=0 loops=1)
   ->  Sort  (cost=136537.84..139037.84 rows=1000000 width=20) (actual time=226.294..309.121 rows=1000000 loops=1)
         Sort Key: s_3.a, s_3.b, s_3.c, s_3.d
         Sort Method: external merge  Disk: 29360kB
         ->  Seq Scan on s_3  (cost=0.00..16370.00 rows=1000000 width=20) (actual time=0.004..51.816 rows=1000000 loops=1)
 Planning time: 0.302 ms
 Execution time: 334.736 ms
(7 rows)

===== 301 [Wed Mar  7 03:14:23 CET 2018] scale:1000000 groups:10000 work_mem:8MB incremental:on max_workers:2 =====
SELECT * FROM s_1 ORDER BY a, b
                                                                        QUERY PLAN                                                                         
-----------------------------------------------------------------------------------------------------------------------------------------------------------
 Limit  (cost=95772.83..95772.83 rows=1 width=20) (actual time=419.574..419.574 rows=0 loops=1)
   ->  Incremental Sort  (cost=7.24..85772.83 rows=1000000 width=20) (actual time=0.077..397.846 rows=1000000 loops=1)
         Sort Key: s_1.a, s_1.b
         Presorted Key: s_1.a
         Sort Method: quicksort  Memory: 36kB
         Sort Groups: 10001
         ->  Index Only Scan using s_1_a_e_d_c_b_idx on s_1  (cost=0.42..34844.43 rows=1000000 width=20) (actual time=0.024..124.055 rows=1000000 loops=1)
               Heap Fetches: 0
 Planning time: 0.302 ms
 Execution time: 419.599 ms
(10 rows)

===== 302 [Wed Mar  7 03:14:26 CET 2018] scale:1000000 groups:10000 work_mem:8MB incremental:on max_workers:2 =====
SELECT * FROM s_2 ORDER BY a, b, c
                                                                        QUERY PLAN                                                                         
-----------------------------------------------------------------------------------------------------------------------------------------------------------
 Limit  (cost=80954.07..80954.07 rows=1 width=20) (actual time=305.450..305.450 rows=0 loops=1)
   ->  Incremental Sort  (cost=0.94..70954.07 rows=1000000 width=20) (actual time=0.073..283.518 rows=1000000 loops=1)
         Sort Key: s_2.a, s_2.b, s_2.c
         Presorted Key: s_2.a, s_2.b
         Sort Method: quicksort  Memory: 27kB
         Sort Groups: 31245
         ->  Index Only Scan using s_2_a_b_e_d_c_idx on s_2  (cost=0.42..34844.43 rows=1000000 width=20) (actual time=0.030..124.250 rows=1000000 loops=1)
               Heap Fetches: 0
 Planning time: 0.307 ms
 Execution time: 305.474 ms
(10 rows)

===== 303 [Wed Mar  7 03:14:27 CET 2018] scale:1000000 groups:10000 work_mem:8MB incremental:on max_workers:2 =====
SELECT * FROM s_3 ORDER BY a, b, c, d
                                                                        QUERY PLAN                                                                         
-----------------------------------------------------------------------------------------------------------------------------------------------------------
 Limit  (cost=80954.07..80954.07 rows=1 width=20) (actual time=303.567..303.567 rows=0 loops=1)
   ->  Incremental Sort  (cost=0.94..70954.07 rows=1000000 width=20) (actual time=0.079..281.863 rows=1000000 loops=1)
         Sort Key: s_3.a, s_3.b, s_3.c, s_3.d
         Presorted Key: s_3.a, s_3.b, s_3.c
         Sort Method: quicksort  Memory: 27kB
         Sort Groups: 31250
         ->  Index Only Scan using s_3_a_b_c_e_d_idx on s_3  (cost=0.42..34844.43 rows=1000000 width=20) (actual time=0.029..125.108 rows=1000000 loops=1)
               Heap Fetches: 0
 Planning time: 0.316 ms
 Execution time: 303.592 ms
(10 rows)

===== 304 [Wed Mar  7 03:14:29 CET 2018] scale:1000000 groups:10000 work_mem:8MB incremental:off max_workers:2 =====
SELECT * FROM s_1 ORDER BY a, b
                                                        QUERY PLAN                                                         
---------------------------------------------------------------------------------------------------------------------------
 Limit  (cost=149037.84..149037.84 rows=1 width=20) (actual time=497.978..497.978 rows=0 loops=1)
   ->  Sort  (cost=136537.84..139037.84 rows=1000000 width=20) (actual time=395.732..476.210 rows=1000000 loops=1)
         Sort Key: s_1.a, s_1.b
         Sort Method: external merge  Disk: 29360kB
         ->  Seq Scan on s_1  (cost=0.00..16370.00 rows=1000000 width=20) (actual time=0.007..51.906 rows=1000000 loops=1)
 Planning time: 0.298 ms
 Execution time: 501.875 ms
(7 rows)

===== 305 [Wed Mar  7 03:14:31 CET 2018] scale:1000000 groups:10000 work_mem:8MB incremental:off max_workers:2 =====
SELECT * FROM s_2 ORDER BY a, b, c
                                                        QUERY PLAN                                                         
---------------------------------------------------------------------------------------------------------------------------
 Limit  (cost=149037.84..149037.84 rows=1 width=20) (actual time=387.449..387.449 rows=0 loops=1)
   ->  Sort  (cost=136537.84..139037.84 rows=1000000 width=20) (actual time=285.350..365.694 rows=1000000 loops=1)
         Sort Key: s_2.a, s_2.b, s_2.c
         Sort Method: external merge  Disk: 29360kB
         ->  Seq Scan on s_2  (cost=0.00..16370.00 rows=1000000 width=20) (actual time=0.007..51.815 rows=1000000 loops=1)
 Planning time: 0.308 ms
 Execution time: 391.353 ms
(7 rows)

===== 306 [Wed Mar  7 03:14:33 CET 2018] scale:1000000 groups:10000 work_mem:8MB incremental:off max_workers:2 =====
SELECT * FROM s_3 ORDER BY a, b, c, d
                                                        QUERY PLAN                                                         
---------------------------------------------------------------------------------------------------------------------------
 Limit  (cost=149037.84..149037.84 rows=1 width=20) (actual time=300.388..300.388 rows=0 loops=1)
   ->  Sort  (cost=136537.84..139037.84 rows=1000000 width=20) (actual time=198.188..278.645 rows=1000000 loops=1)
         Sort Key: s_3.a, s_3.b, s_3.c, s_3.d
         Sort Method: external merge  Disk: 29360kB
         ->  Seq Scan on s_3  (cost=0.00..16370.00 rows=1000000 width=20) (actual time=0.004..52.162 rows=1000000 loops=1)
 Planning time: 0.303 ms
 Execution time: 304.261 ms
(7 rows)

===== 307 [Wed Mar  7 03:14:35 CET 2018] scale:1000000 groups:10000 work_mem:16MB incremental:on max_workers:2 =====
SELECT * FROM s_1 ORDER BY a, b
                                                                        QUERY PLAN                                                                         
-----------------------------------------------------------------------------------------------------------------------------------------------------------
 Limit  (cost=95772.83..95772.83 rows=1 width=20) (actual time=417.494..417.494 rows=0 loops=1)
   ->  Incremental Sort  (cost=7.24..85772.83 rows=1000000 width=20) (actual time=0.079..395.561 rows=1000000 loops=1)
         Sort Key: s_1.a, s_1.b
         Presorted Key: s_1.a
         Sort Method: quicksort  Memory: 36kB
         Sort Groups: 10001
         ->  Index Only Scan using s_1_a_e_d_c_b_idx on s_1  (cost=0.42..34844.43 rows=1000000 width=20) (actual time=0.026..124.204 rows=1000000 loops=1)
               Heap Fetches: 0
 Planning time: 0.296 ms
 Execution time: 417.518 ms
(10 rows)

===== 308 [Wed Mar  7 03:14:37 CET 2018] scale:1000000 groups:10000 work_mem:16MB incremental:on max_workers:2 =====
SELECT * FROM s_2 ORDER BY a, b, c
                                                                        QUERY PLAN                                                                         
-----------------------------------------------------------------------------------------------------------------------------------------------------------
 Limit  (cost=80954.07..80954.07 rows=1 width=20) (actual time=302.515..302.515 rows=0 loops=1)
   ->  Incremental Sort  (cost=0.94..70954.07 rows=1000000 width=20) (actual time=0.078..280.721 rows=1000000 loops=1)
         Sort Key: s_2.a, s_2.b, s_2.c
         Presorted Key: s_2.a, s_2.b
         Sort Method: quicksort  Memory: 27kB
         Sort Groups: 31245
         ->  Index Only Scan using s_2_a_b_e_d_c_idx on s_2  (cost=0.42..34844.43 rows=1000000 width=20) (actual time=0.032..124.272 rows=1000000 loops=1)
               Heap Fetches: 0
 Planning time: 0.303 ms
 Execution time: 302.538 ms
(10 rows)

===== 309 [Wed Mar  7 03:14:38 CET 2018] scale:1000000 groups:10000 work_mem:16MB incremental:on max_workers:2 =====
SELECT * FROM s_3 ORDER BY a, b, c, d
                                                                        QUERY PLAN                                                                         
-----------------------------------------------------------------------------------------------------------------------------------------------------------
 Limit  (cost=80954.07..80954.07 rows=1 width=20) (actual time=301.473..301.473 rows=0 loops=1)
   ->  Incremental Sort  (cost=0.94..70954.07 rows=1000000 width=20) (actual time=0.079..279.786 rows=1000000 loops=1)
         Sort Key: s_3.a, s_3.b, s_3.c, s_3.d
         Presorted Key: s_3.a, s_3.b, s_3.c
         Sort Method: quicksort  Memory: 27kB
         Sort Groups: 31250
         ->  Index Only Scan using s_3_a_b_c_e_d_idx on s_3  (cost=0.42..34844.43 rows=1000000 width=20) (actual time=0.030..123.604 rows=1000000 loops=1)
               Heap Fetches: 0
 Planning time: 0.310 ms
 Execution time: 301.497 ms
(10 rows)

===== 310 [Wed Mar  7 03:14:40 CET 2018] scale:1000000 groups:10000 work_mem:16MB incremental:off max_workers:2 =====
SELECT * FROM s_1 ORDER BY a, b
                                                        QUERY PLAN                                                         
---------------------------------------------------------------------------------------------------------------------------
 Limit  (cost=149037.84..149037.84 rows=1 width=20) (actual time=514.790..514.790 rows=0 loops=1)
   ->  Sort  (cost=136537.84..139037.84 rows=1000000 width=20) (actual time=414.237..493.025 rows=1000000 loops=1)
         Sort Key: s_1.a, s_1.b
         Sort Method: external merge  Disk: 29392kB
         ->  Seq Scan on s_1  (cost=0.00..16370.00 rows=1000000 width=20) (actual time=0.007..52.493 rows=1000000 loops=1)
 Planning time: 0.298 ms
 Execution time: 519.032 ms
(7 rows)

===== 311 [Wed Mar  7 03:14:43 CET 2018] scale:1000000 groups:10000 work_mem:16MB incremental:off max_workers:2 =====
SELECT * FROM s_2 ORDER BY a, b, c
                                                        QUERY PLAN                                                         
---------------------------------------------------------------------------------------------------------------------------
 Limit  (cost=149037.84..149037.84 rows=1 width=20) (actual time=399.703..399.703 rows=0 loops=1)
   ->  Sort  (cost=136537.84..139037.84 rows=1000000 width=20) (actual time=299.344..377.939 rows=1000000 loops=1)
         Sort Key: s_2.a, s_2.b, s_2.c
         Sort Method: external merge  Disk: 29392kB
         ->  Seq Scan on s_2  (cost=0.00..16370.00 rows=1000000 width=20) (actual time=0.007..52.398 rows=1000000 loops=1)
 Planning time: 0.302 ms
 Execution time: 403.941 ms
(7 rows)

===== 312 [Wed Mar  7 03:14:45 CET 2018] scale:1000000 groups:10000 work_mem:16MB incremental:off max_workers:2 =====
SELECT * FROM s_3 ORDER BY a, b, c, d
                                                        QUERY PLAN                                                         
---------------------------------------------------------------------------------------------------------------------------
 Limit  (cost=149037.84..149037.84 rows=1 width=20) (actual time=306.719..306.719 rows=0 loops=1)
   ->  Sort  (cost=136537.84..139037.84 rows=1000000 width=20) (actual time=206.184..284.949 rows=1000000 loops=1)
         Sort Key: s_3.a, s_3.b, s_3.c, s_3.d
         Sort Method: external merge  Disk: 29392kB
         ->  Seq Scan on s_3  (cost=0.00..16370.00 rows=1000000 width=20) (actual time=0.004..52.805 rows=1000000 loops=1)
 Planning time: 0.303 ms
 Execution time: 310.967 ms
(7 rows)

===== 313 [Wed Mar  7 03:14:46 CET 2018] scale:1000000 groups:10000 work_mem:32MB incremental:on max_workers:2 =====
SELECT * FROM s_1 ORDER BY a, b
                                                                        QUERY PLAN                                                                         
-----------------------------------------------------------------------------------------------------------------------------------------------------------
 Limit  (cost=95772.83..95772.83 rows=1 width=20) (actual time=419.548..419.548 rows=0 loops=1)
   ->  Incremental Sort  (cost=7.24..85772.83 rows=1000000 width=20) (actual time=0.079..397.812 rows=1000000 loops=1)
         Sort Key: s_1.a, s_1.b
         Presorted Key: s_1.a
         Sort Method: quicksort  Memory: 36kB
         Sort Groups: 10001
         ->  Index Only Scan using s_1_a_e_d_c_b_idx on s_1  (cost=0.42..34844.43 rows=1000000 width=20) (actual time=0.025..124.067 rows=1000000 loops=1)
               Heap Fetches: 0
 Planning time: 0.297 ms
 Execution time: 419.571 ms
(10 rows)

===== 314 [Wed Mar  7 03:14:48 CET 2018] scale:1000000 groups:10000 work_mem:32MB incremental:on max_workers:2 =====
SELECT * FROM s_2 ORDER BY a, b, c
                                                                        QUERY PLAN                                                                         
-----------------------------------------------------------------------------------------------------------------------------------------------------------
 Limit  (cost=80954.07..80954.07 rows=1 width=20) (actual time=305.565..305.565 rows=0 loops=1)
   ->  Incremental Sort  (cost=0.94..70954.07 rows=1000000 width=20) (actual time=0.075..283.643 rows=1000000 loops=1)
         Sort Key: s_2.a, s_2.b, s_2.c
         Presorted Key: s_2.a, s_2.b
         Sort Method: quicksort  Memory: 27kB
         Sort Groups: 31245
         ->  Index Only Scan using s_2_a_b_e_d_c_idx on s_2  (cost=0.42..34844.43 rows=1000000 width=20) (actual time=0.030..124.280 rows=1000000 loops=1)
               Heap Fetches: 0
 Planning time: 0.309 ms
 Execution time: 305.587 ms
(10 rows)

===== 315 [Wed Mar  7 03:14:50 CET 2018] scale:1000000 groups:10000 work_mem:32MB incremental:on max_workers:2 =====
SELECT * FROM s_3 ORDER BY a, b, c, d
                                                                        QUERY PLAN                                                                         
-----------------------------------------------------------------------------------------------------------------------------------------------------------
 Limit  (cost=80954.07..80954.07 rows=1 width=20) (actual time=303.519..303.519 rows=0 loops=1)
   ->  Incremental Sort  (cost=0.94..70954.07 rows=1000000 width=20) (actual time=0.074..281.797 rows=1000000 loops=1)
         Sort Key: s_3.a, s_3.b, s_3.c, s_3.d
         Presorted Key: s_3.a, s_3.b, s_3.c
         Sort Method: quicksort  Memory: 27kB
         Sort Groups: 31250
         ->  Index Only Scan using s_3_a_b_c_e_d_idx on s_3  (cost=0.42..34844.43 rows=1000000 width=20) (actual time=0.029..125.052 rows=1000000 loops=1)
               Heap Fetches: 0
 Planning time: 0.308 ms
 Execution time: 303.542 ms
(10 rows)

===== 316 [Wed Mar  7 03:14:51 CET 2018] scale:1000000 groups:10000 work_mem:32MB incremental:off max_workers:2 =====
SELECT * FROM s_1 ORDER BY a, b
                                                        QUERY PLAN                                                         
---------------------------------------------------------------------------------------------------------------------------
 Limit  (cost=149037.84..149037.84 rows=1 width=20) (actual time=534.914..534.914 rows=0 loops=1)
   ->  Sort  (cost=136537.84..139037.84 rows=1000000 width=20) (actual time=436.570..513.118 rows=1000000 loops=1)
         Sort Key: s_1.a, s_1.b
         Sort Method: external merge  Disk: 29360kB
         ->  Seq Scan on s_1  (cost=0.00..16370.00 rows=1000000 width=20) (actual time=0.007..53.634 rows=1000000 loops=1)
 Planning time: 0.290 ms
 Execution time: 539.501 ms
(7 rows)

===== 317 [Wed Mar  7 03:14:54 CET 2018] scale:1000000 groups:10000 work_mem:32MB incremental:off max_workers:2 =====
SELECT * FROM s_2 ORDER BY a, b, c
                                                        QUERY PLAN                                                         
---------------------------------------------------------------------------------------------------------------------------
 Limit  (cost=149037.84..149037.84 rows=1 width=20) (actual time=418.050..418.050 rows=0 loops=1)
   ->  Sort  (cost=136537.84..139037.84 rows=1000000 width=20) (actual time=319.876..396.273 rows=1000000 loops=1)
         Sort Key: s_2.a, s_2.b, s_2.c
         Sort Method: external merge  Disk: 29360kB
         ->  Seq Scan on s_2  (cost=0.00..16370.00 rows=1000000 width=20) (actual time=0.007..53.566 rows=1000000 loops=1)
 Planning time: 0.307 ms
 Execution time: 422.610 ms
(7 rows)

===== 318 [Wed Mar  7 03:14:56 CET 2018] scale:1000000 groups:10000 work_mem:32MB incremental:off max_workers:2 =====
SELECT * FROM s_3 ORDER BY a, b, c, d
                                                        QUERY PLAN                                                         
---------------------------------------------------------------------------------------------------------------------------
 Limit  (cost=149037.84..149037.84 rows=1 width=20) (actual time=318.999..318.999 rows=0 loops=1)
   ->  Sort  (cost=136537.84..139037.84 rows=1000000 width=20) (actual time=220.703..297.220 rows=1000000 loops=1)
         Sort Key: s_3.a, s_3.b, s_3.c, s_3.d
         Sort Method: external merge  Disk: 29360kB
         ->  Seq Scan on s_3  (cost=0.00..16370.00 rows=1000000 width=20) (actual time=0.004..54.040 rows=1000000 loops=1)
 Planning time: 0.314 ms
 Execution time: 323.552 ms
(7 rows)

===== 319 [Wed Mar  7 03:14:58 CET 2018] scale:1000000 groups:10000 work_mem:64MB incremental:on max_workers:2 =====
SELECT * FROM s_1 ORDER BY a, b
                                                                        QUERY PLAN                                                                         
-----------------------------------------------------------------------------------------------------------------------------------------------------------
 Limit  (cost=95772.83..95772.83 rows=1 width=20) (actual time=419.564..419.564 rows=0 loops=1)
   ->  Incremental Sort  (cost=7.24..85772.83 rows=1000000 width=20) (actual time=0.080..397.834 rows=1000000 loops=1)
         Sort Key: s_1.a, s_1.b
         Presorted Key: s_1.a
         Sort Method: quicksort  Memory: 36kB
         Sort Groups: 10001
         ->  Index Only Scan using s_1_a_e_d_c_b_idx on s_1  (cost=0.42..34844.43 rows=1000000 width=20) (actual time=0.024..124.073 rows=1000000 loops=1)
               Heap Fetches: 0
 Planning time: 0.294 ms
 Execution time: 419.588 ms
(10 rows)

===== 320 [Wed Mar  7 03:15:00 CET 2018] scale:1000000 groups:10000 work_mem:64MB incremental:on max_workers:2 =====
SELECT * FROM s_2 ORDER BY a, b, c
                                                                        QUERY PLAN                                                                         
-----------------------------------------------------------------------------------------------------------------------------------------------------------
 Limit  (cost=80954.07..80954.07 rows=1 width=20) (actual time=305.507..305.507 rows=0 loops=1)
   ->  Incremental Sort  (cost=0.94..70954.07 rows=1000000 width=20) (actual time=0.074..283.571 rows=1000000 loops=1)
         Sort Key: s_2.a, s_2.b, s_2.c
         Presorted Key: s_2.a, s_2.b
         Sort Method: quicksort  Memory: 27kB
         Sort Groups: 31245
         ->  Index Only Scan using s_2_a_b_e_d_c_idx on s_2  (cost=0.42..34844.43 rows=1000000 width=20) (actual time=0.029..124.267 rows=1000000 loops=1)
               Heap Fetches: 0
 Planning time: 0.301 ms
 Execution time: 305.531 ms
(10 rows)

===== 321 [Wed Mar  7 03:15:02 CET 2018] scale:1000000 groups:10000 work_mem:64MB incremental:on max_workers:2 =====
SELECT * FROM s_3 ORDER BY a, b, c, d
                                                                        QUERY PLAN                                                                         
-----------------------------------------------------------------------------------------------------------------------------------------------------------
 Limit  (cost=80954.07..80954.07 rows=1 width=20) (actual time=303.594..303.594 rows=0 loops=1)
   ->  Incremental Sort  (cost=0.94..70954.07 rows=1000000 width=20) (actual time=0.076..281.885 rows=1000000 loops=1)
         Sort Key: s_3.a, s_3.b, s_3.c, s_3.d
         Presorted Key: s_3.a, s_3.b, s_3.c
         Sort Method: quicksort  Memory: 27kB
         Sort Groups: 31250
         ->  Index Only Scan using s_3_a_b_c_e_d_idx on s_3  (cost=0.42..34844.43 rows=1000000 width=20) (actual time=0.029..125.102 rows=1000000 loops=1)
               Heap Fetches: 0
 Planning time: 0.324 ms
 Execution time: 303.618 ms
(10 rows)

===== 322 [Wed Mar  7 03:15:03 CET 2018] scale:1000000 groups:10000 work_mem:64MB incremental:off max_workers:2 =====
SELECT * FROM s_1 ORDER BY a, b
                                                        QUERY PLAN                                                         
---------------------------------------------------------------------------------------------------------------------------
 Limit  (cost=128527.84..128527.84 rows=1 width=20) (actual time=552.139..552.139 rows=0 loops=1)
   ->  Sort  (cost=116027.84..118527.84 rows=1000000 width=20) (actual time=459.073..530.259 rows=1000000 loops=1)
         Sort Key: s_1.a, s_1.b
         Sort Method: external merge  Disk: 29360kB
         ->  Seq Scan on s_1  (cost=0.00..16370.00 rows=1000000 width=20) (actual time=0.007..55.420 rows=1000000 loops=1)
 Planning time: 0.293 ms
 Execution time: 555.638 ms
(7 rows)

===== 323 [Wed Mar  7 03:15:06 CET 2018] scale:1000000 groups:10000 work_mem:64MB incremental:off max_workers:2 =====
SELECT * FROM s_2 ORDER BY a, b, c
                                                        QUERY PLAN                                                         
---------------------------------------------------------------------------------------------------------------------------
 Limit  (cost=128527.84..128527.84 rows=1 width=20) (actual time=436.513..436.513 rows=0 loops=1)
   ->  Sort  (cost=116027.84..118527.84 rows=1000000 width=20) (actual time=343.487..414.665 rows=1000000 loops=1)
         Sort Key: s_2.a, s_2.b, s_2.c
         Sort Method: external merge  Disk: 29360kB
         ->  Seq Scan on s_2  (cost=0.00..16370.00 rows=1000000 width=20) (actual time=0.007..55.383 rows=1000000 loops=1)
 Planning time: 0.299 ms
 Execution time: 440.039 ms
(7 rows)

===== 324 [Wed Mar  7 03:15:08 CET 2018] scale:1000000 groups:10000 work_mem:64MB incremental:off max_workers:2 =====
SELECT * FROM s_3 ORDER BY a, b, c, d
                                                        QUERY PLAN                                                         
---------------------------------------------------------------------------------------------------------------------------
 Limit  (cost=128527.84..128527.84 rows=1 width=20) (actual time=331.621..331.621 rows=0 loops=1)
   ->  Sort  (cost=116027.84..118527.84 rows=1000000 width=20) (actual time=238.211..309.723 rows=1000000 loops=1)
         Sort Key: s_3.a, s_3.b, s_3.c, s_3.d
         Sort Method: external merge  Disk: 29360kB
         ->  Seq Scan on s_3  (cost=0.00..16370.00 rows=1000000 width=20) (actual time=0.004..55.709 rows=1000000 loops=1)
 Planning time: 0.305 ms
 Execution time: 335.128 ms
(7 rows)

===== 325 [Wed Mar  7 03:15:10 CET 2018] scale:1000000 groups:10000 work_mem:128MB incremental:on max_workers:2 =====
SELECT * FROM s_1 ORDER BY a, b
                                                                        QUERY PLAN                                                                         
-----------------------------------------------------------------------------------------------------------------------------------------------------------
 Limit  (cost=95772.83..95772.83 rows=1 width=20) (actual time=419.640..419.640 rows=0 loops=1)
   ->  Incremental Sort  (cost=7.24..85772.83 rows=1000000 width=20) (actual time=0.080..397.927 rows=1000000 loops=1)
         Sort Key: s_1.a, s_1.b
         Presorted Key: s_1.a
         Sort Method: quicksort  Memory: 36kB
         Sort Groups: 10001
         ->  Index Only Scan using s_1_a_e_d_c_b_idx on s_1  (cost=0.42..34844.43 rows=1000000 width=20) (actual time=0.025..124.111 rows=1000000 loops=1)
               Heap Fetches: 0
 Planning time: 0.298 ms
 Execution time: 419.663 ms
(10 rows)

===== 326 [Wed Mar  7 03:15:12 CET 2018] scale:1000000 groups:10000 work_mem:128MB incremental:on max_workers:2 =====
SELECT * FROM s_2 ORDER BY a, b, c
                                                                        QUERY PLAN                                                                         
-----------------------------------------------------------------------------------------------------------------------------------------------------------
 Limit  (cost=80954.07..80954.07 rows=1 width=20) (actual time=305.465..305.465 rows=0 loops=1)
   ->  Incremental Sort  (cost=0.94..70954.07 rows=1000000 width=20) (actual time=0.073..283.539 rows=1000000 loops=1)
         Sort Key: s_2.a, s_2.b, s_2.c
         Presorted Key: s_2.a, s_2.b
         Sort Method: quicksort  Memory: 27kB
         Sort Groups: 31245
         ->  Index Only Scan using s_2_a_b_e_d_c_idx on s_2  (cost=0.42..34844.43 rows=1000000 width=20) (actual time=0.030..124.279 rows=1000000 loops=1)
               Heap Fetches: 0
 Planning time: 0.305 ms
 Execution time: 305.489 ms
(10 rows)

===== 327 [Wed Mar  7 03:15:14 CET 2018] scale:1000000 groups:10000 work_mem:128MB incremental:on max_workers:2 =====
SELECT * FROM s_3 ORDER BY a, b, c, d
                                                                        QUERY PLAN                                                                         
-----------------------------------------------------------------------------------------------------------------------------------------------------------
 Limit  (cost=80954.07..80954.07 rows=1 width=20) (actual time=303.597..303.597 rows=0 loops=1)
   ->  Incremental Sort  (cost=0.94..70954.07 rows=1000000 width=20) (actual time=0.074..281.876 rows=1000000 loops=1)
         Sort Key: s_3.a, s_3.b, s_3.c, s_3.d
         Presorted Key: s_3.a, s_3.b, s_3.c
         Sort Method: quicksort  Memory: 27kB
         Sort Groups: 31250
         ->  Index Only Scan using s_3_a_b_c_e_d_idx on s_3  (cost=0.42..34844.43 rows=1000000 width=20) (actual time=0.029..125.042 rows=1000000 loops=1)
               Heap Fetches: 0
 Planning time: 0.310 ms
 Execution time: 303.620 ms
(10 rows)

===== 328 [Wed Mar  7 03:15:15 CET 2018] scale:1000000 groups:10000 work_mem:128MB incremental:off max_workers:2 =====
SELECT * FROM s_1 ORDER BY a, b
                                                        QUERY PLAN                                                         
---------------------------------------------------------------------------------------------------------------------------
 Limit  (cost=128527.84..128527.84 rows=1 width=20) (actual time=466.410..466.410 rows=0 loops=1)
   ->  Sort  (cost=116027.84..118527.84 rows=1000000 width=20) (actual time=388.572..444.735 rows=1000000 loops=1)
         Sort Key: s_1.a, s_1.b
         Sort Method: quicksort  Memory: 102702kB
         ->  Seq Scan on s_1  (cost=0.00..16370.00 rows=1000000 width=20) (actual time=0.007..55.680 rows=1000000 loops=1)
 Planning time: 0.300 ms
 Execution time: 470.535 ms
(7 rows)

===== 329 [Wed Mar  7 03:15:18 CET 2018] scale:1000000 groups:10000 work_mem:128MB incremental:off max_workers:2 =====
SELECT * FROM s_2 ORDER BY a, b, c
                                                        QUERY PLAN                                                         
---------------------------------------------------------------------------------------------------------------------------
 Limit  (cost=128527.84..128527.84 rows=1 width=20) (actual time=341.449..341.449 rows=0 loops=1)
   ->  Sort  (cost=116027.84..118527.84 rows=1000000 width=20) (actual time=286.599..319.712 rows=1000000 loops=1)
         Sort Key: s_2.a, s_2.b, s_2.c
         Sort Method: quicksort  Memory: 102702kB
         ->  Seq Scan on s_2  (cost=0.00..16370.00 rows=1000000 width=20) (actual time=0.007..55.538 rows=1000000 loops=1)
 Planning time: 0.303 ms
 Execution time: 345.598 ms
(7 rows)

===== 330 [Wed Mar  7 03:15:20 CET 2018] scale:1000000 groups:10000 work_mem:128MB incremental:off max_workers:2 =====
SELECT * FROM s_3 ORDER BY a, b, c, d
                                                        QUERY PLAN                                                         
---------------------------------------------------------------------------------------------------------------------------
 Limit  (cost=128527.84..128527.84 rows=1 width=20) (actual time=230.587..230.587 rows=0 loops=1)
   ->  Sort  (cost=116027.84..118527.84 rows=1000000 width=20) (actual time=175.309..208.705 rows=1000000 loops=1)
         Sort Key: s_3.a, s_3.b, s_3.c, s_3.d
         Sort Method: quicksort  Memory: 102702kB
         ->  Seq Scan on s_3  (cost=0.00..16370.00 rows=1000000 width=20) (actual time=0.004..55.992 rows=1000000 loops=1)
 Planning time: 0.316 ms
 Execution time: 234.736 ms
(7 rows)

===== 331 [Wed Mar  7 03:15:21 CET 2018] scale:1000000 groups:10000 work_mem:256MB incremental:on max_workers:2 =====
SELECT * FROM s_1 ORDER BY a, b
                                                                        QUERY PLAN                                                                         
-----------------------------------------------------------------------------------------------------------------------------------------------------------
 Limit  (cost=95772.83..95772.83 rows=1 width=20) (actual time=419.491..419.491 rows=0 loops=1)
   ->  Incremental Sort  (cost=7.24..85772.83 rows=1000000 width=20) (actual time=0.079..397.754 rows=1000000 loops=1)
         Sort Key: s_1.a, s_1.b
         Presorted Key: s_1.a
         Sort Method: quicksort  Memory: 36kB
         Sort Groups: 10001
         ->  Index Only Scan using s_1_a_e_d_c_b_idx on s_1  (cost=0.42..34844.43 rows=1000000 width=20) (actual time=0.026..124.067 rows=1000000 loops=1)
               Heap Fetches: 0
 Planning time: 0.304 ms
 Execution time: 419.514 ms
(10 rows)

===== 332 [Wed Mar  7 03:15:23 CET 2018] scale:1000000 groups:10000 work_mem:256MB incremental:on max_workers:2 =====
SELECT * FROM s_2 ORDER BY a, b, c
                                                                        QUERY PLAN                                                                         
-----------------------------------------------------------------------------------------------------------------------------------------------------------
 Limit  (cost=80954.07..80954.07 rows=1 width=20) (actual time=305.495..305.495 rows=0 loops=1)
   ->  Incremental Sort  (cost=0.94..70954.07 rows=1000000 width=20) (actual time=0.073..283.568 rows=1000000 loops=1)
         Sort Key: s_2.a, s_2.b, s_2.c
         Presorted Key: s_2.a, s_2.b
         Sort Method: quicksort  Memory: 27kB
         Sort Groups: 31245
         ->  Index Only Scan using s_2_a_b_e_d_c_idx on s_2  (cost=0.42..34844.43 rows=1000000 width=20) (actual time=0.030..124.270 rows=1000000 loops=1)
               Heap Fetches: 0
 Planning time: 0.302 ms
 Execution time: 305.519 ms
(10 rows)

===== 333 [Wed Mar  7 03:15:24 CET 2018] scale:1000000 groups:10000 work_mem:256MB incremental:on max_workers:2 =====
SELECT * FROM s_3 ORDER BY a, b, c, d
                                                                        QUERY PLAN                                                                         
-----------------------------------------------------------------------------------------------------------------------------------------------------------
 Limit  (cost=80954.07..80954.07 rows=1 width=20) (actual time=303.528..303.528 rows=0 loops=1)
   ->  Incremental Sort  (cost=0.94..70954.07 rows=1000000 width=20) (actual time=0.074..281.821 rows=1000000 loops=1)
         Sort Key: s_3.a, s_3.b, s_3.c, s_3.d
         Presorted Key: s_3.a, s_3.b, s_3.c
         Sort Method: quicksort  Memory: 27kB
         Sort Groups: 31250
         ->  Index Only Scan using s_3_a_b_c_e_d_idx on s_3  (cost=0.42..34844.43 rows=1000000 width=20) (actual time=0.029..125.023 rows=1000000 loops=1)
               Heap Fetches: 0
 Planning time: 0.314 ms
 Execution time: 303.552 ms
(10 rows)

===== 334 [Wed Mar  7 03:15:26 CET 2018] scale:1000000 groups:10000 work_mem:256MB incremental:off max_workers:2 =====
SELECT * FROM s_1 ORDER BY a, b
                                                        QUERY PLAN                                                         
---------------------------------------------------------------------------------------------------------------------------
 Limit  (cost=128527.84..128527.84 rows=1 width=20) (actual time=466.770..466.770 rows=0 loops=1)
   ->  Sort  (cost=116027.84..118527.84 rows=1000000 width=20) (actual time=388.652..445.075 rows=1000000 loops=1)
         Sort Key: s_1.a, s_1.b
         Sort Method: quicksort  Memory: 102702kB
         ->  Seq Scan on s_1  (cost=0.00..16370.00 rows=1000000 width=20) (actual time=0.007..55.649 rows=1000000 loops=1)
 Planning time: 0.297 ms
 Execution time: 470.912 ms
(7 rows)

===== 335 [Wed Mar  7 03:15:28 CET 2018] scale:1000000 groups:10000 work_mem:256MB incremental:off max_workers:2 =====
SELECT * FROM s_2 ORDER BY a, b, c
                                                        QUERY PLAN                                                         
---------------------------------------------------------------------------------------------------------------------------
 Limit  (cost=128527.84..128527.84 rows=1 width=20) (actual time=340.846..340.846 rows=0 loops=1)
   ->  Sort  (cost=116027.84..118527.84 rows=1000000 width=20) (actual time=286.052..319.074 rows=1000000 loops=1)
         Sort Key: s_2.a, s_2.b, s_2.c
         Sort Method: quicksort  Memory: 102702kB
         ->  Seq Scan on s_2  (cost=0.00..16370.00 rows=1000000 width=20) (actual time=0.007..55.546 rows=1000000 loops=1)
 Planning time: 0.301 ms
 Execution time: 344.969 ms
(7 rows)

===== 336 [Wed Mar  7 03:15:30 CET 2018] scale:1000000 groups:10000 work_mem:256MB incremental:off max_workers:2 =====
SELECT * FROM s_3 ORDER BY a, b, c, d
                                                        QUERY PLAN                                                         
---------------------------------------------------------------------------------------------------------------------------
 Limit  (cost=128527.84..128527.84 rows=1 width=20) (actual time=230.363..230.363 rows=0 loops=1)
   ->  Sort  (cost=116027.84..118527.84 rows=1000000 width=20) (actual time=175.090..208.507 rows=1000000 loops=1)
         Sort Key: s_3.a, s_3.b, s_3.c, s_3.d
         Sort Method: quicksort  Memory: 102702kB
         ->  Seq Scan on s_3  (cost=0.00..16370.00 rows=1000000 width=20) (actual time=0.004..55.966 rows=1000000 loops=1)
 Planning time: 0.313 ms
 Execution time: 234.489 ms
(7 rows)

