===== 1 [Wed Mar  7 02:59:44 CET 2018] scale:1000000 groups:10 work_mem:4MB incremental:on max_workers:0 =====
SELECT * FROM s_1 ORDER BY a, b LIMIT 10000
                                                                   QUERY PLAN                                                                   
------------------------------------------------------------------------------------------------------------------------------------------------
 Limit  (cost=9711.02..9711.02 rows=1 width=20) (actual time=21.556..21.556 rows=0 loops=1)
   ->  Limit  (cost=9436.02..9611.02 rows=10000 width=20) (actual time=19.813..21.283 rows=10000 loops=1)
         ->  Incremental Sort  (cost=9436.02..26936.24 rows=1000000 width=20) (actual time=19.813..20.715 rows=10000 loops=1)
               Sort Key: s_1.a, s_1.b
               Presorted Key: s_1.a
               Sort Method: external merge  Disk: 1472kB
               Sort Groups: 1
               ->  Index Scan using s_1_a_idx on s_1  (cost=0.42..32353.42 rows=1000000 width=20) (actual time=0.035..6.956 rows=49886 loops=1)
 Planning time: 0.277 ms
 Execution time: 21.840 ms
(10 rows)

===== 2 [Wed Mar  7 02:59:44 CET 2018] scale:1000000 groups:10 work_mem:4MB incremental:on max_workers:0 =====
SELECT * FROM s_2 ORDER BY a, b, c LIMIT 10000
                                                                    QUERY PLAN                                                                    
--------------------------------------------------------------------------------------------------------------------------------------------------
 Limit  (cost=1151.47..1151.47 rows=1 width=20) (actual time=5.647..5.647 rows=0 loops=1)
   ->  Limit  (cost=874.61..1051.47 rows=10000 width=20) (actual time=1.024..5.371 rows=10000 loops=1)
         ->  Incremental Sort  (cost=874.61..18560.60 rows=1000000 width=20) (actual time=1.023..4.825 rows=10000 loops=1)
               Sort Key: s_2.a, s_2.b, s_2.c
               Presorted Key: s_2.a, s_2.b
               Sort Method: quicksort  Memory: 583kB
               Sort Groups: 3
               ->  Index Scan using s_2_a_b_idx on s_2  (cost=0.42..40712.74 rows=1000000 width=20) (actual time=0.030..1.748 rows=12505 loops=1)
 Planning time: 0.278 ms
 Execution time: 5.681 ms
(10 rows)

===== 3 [Wed Mar  7 02:59:44 CET 2018] scale:1000000 groups:10 work_mem:4MB incremental:on max_workers:0 =====
SELECT * FROM s_3 ORDER BY a, b, c, d LIMIT 10000
                                                                     QUERY PLAN                                                                     
----------------------------------------------------------------------------------------------------------------------------------------------------
 Limit  (cost=354.09..354.09 rows=1 width=20) (actual time=5.043..5.043 rows=0 loops=1)
   ->  Limit  (cost=70.23..254.09 rows=10000 width=20) (actual time=0.122..4.762 rows=10000 loops=1)
         ->  Incremental Sort  (cost=70.23..18456.15 rows=1000000 width=20) (actual time=0.121..4.215 rows=10000 loops=1)
               Sort Key: s_3.a, s_3.b, s_3.c, s_3.d
               Presorted Key: s_3.a, s_3.b, s_3.c
               Sort Method: quicksort  Memory: 65kB
               Sort Groups: 28
               ->  Index Scan using s_3_a_b_c_idx on s_3  (cost=0.42..45144.74 rows=1000000 width=20) (actual time=0.031..1.467 rows=10250 loops=1)
 Planning time: 0.284 ms
 Execution time: 5.066 ms
(10 rows)

===== 4 [Wed Mar  7 02:59:44 CET 2018] scale:1000000 groups:10 work_mem:4MB incremental:on max_workers:0 =====
SELECT * FROM s_4 ORDER BY a, b, c, d, e LIMIT 10000
                                                                      QUERY PLAN                                                                      
------------------------------------------------------------------------------------------------------------------------------------------------------
 Limit  (cost=291.03..291.03 rows=1 width=20) (actual time=5.255..5.255 rows=0 loops=1)
   ->  Limit  (cost=5.59..191.03 rows=10000 width=20) (actual time=0.092..4.978 rows=10000 loops=1)
         ->  Incremental Sort  (cost=5.59..18549.38 rows=1000000 width=20) (actual time=0.092..4.425 rows=10000 loops=1)
               Sort Key: s_4.a, s_4.b, s_4.c, s_4.d, s_4.e
               Presorted Key: s_4.a, s_4.b, s_4.c, s_4.d
               Sort Method: quicksort  Memory: 30kB
               Sort Groups: 210
               ->  Index Scan using s_4_a_b_c_d_idx on s_4  (cost=0.42..45144.74 rows=1000000 width=20) (actual time=0.032..1.424 rows=10014 loops=1)
 Planning time: 0.271 ms
 Execution time: 5.277 ms
(10 rows)

===== 5 [Wed Mar  7 02:59:45 CET 2018] scale:1000000 groups:10 work_mem:4MB incremental:off max_workers:0 =====
SELECT * FROM s_1 ORDER BY a, b LIMIT 10000
                                                           QUERY PLAN                                                            
---------------------------------------------------------------------------------------------------------------------------------
 Limit  (cost=87933.56..87933.56 rows=1 width=20) (actual time=132.798..132.798 rows=0 loops=1)
   ->  Limit  (cost=87808.56..87833.56 rows=10000 width=20) (actual time=131.551..132.522 rows=10000 loops=1)
         ->  Sort  (cost=87808.56..90308.56 rows=1000000 width=20) (actual time=131.550..131.977 rows=10000 loops=1)
               Sort Key: s_1.a, s_1.b
               Sort Method: top-N heapsort  Memory: 2048kB
               ->  Seq Scan on s_1  (cost=0.00..16370.00 rows=1000000 width=20) (actual time=0.010..50.305 rows=1000000 loops=1)
 Planning time: 0.252 ms
 Execution time: 132.926 ms
(8 rows)

===== 6 [Wed Mar  7 02:59:45 CET 2018] scale:1000000 groups:10 work_mem:4MB incremental:off max_workers:0 =====
SELECT * FROM s_2 ORDER BY a, b, c LIMIT 10000
                                                           QUERY PLAN                                                            
---------------------------------------------------------------------------------------------------------------------------------
 Limit  (cost=87933.56..87933.56 rows=1 width=20) (actual time=131.176..131.176 rows=0 loops=1)
   ->  Limit  (cost=87808.56..87833.56 rows=10000 width=20) (actual time=129.936..130.901 rows=10000 loops=1)
         ->  Sort  (cost=87808.56..90308.56 rows=1000000 width=20) (actual time=129.935..130.355 rows=10000 loops=1)
               Sort Key: s_2.a, s_2.b, s_2.c
               Sort Method: top-N heapsort  Memory: 1671kB
               ->  Seq Scan on s_2  (cost=0.00..16370.00 rows=1000000 width=20) (actual time=0.004..50.377 rows=1000000 loops=1)
 Planning time: 0.259 ms
 Execution time: 131.307 ms
(8 rows)

===== 7 [Wed Mar  7 02:59:46 CET 2018] scale:1000000 groups:10 work_mem:4MB incremental:off max_workers:0 =====
SELECT * FROM s_3 ORDER BY a, b, c, d LIMIT 10000
                                                           QUERY PLAN                                                            
---------------------------------------------------------------------------------------------------------------------------------
 Limit  (cost=87933.56..87933.56 rows=1 width=20) (actual time=133.333..133.333 rows=0 loops=1)
   ->  Limit  (cost=87808.56..87833.56 rows=10000 width=20) (actual time=132.107..133.056 rows=10000 loops=1)
         ->  Sort  (cost=87808.56..90308.56 rows=1000000 width=20) (actual time=132.106..132.512 rows=10000 loops=1)
               Sort Key: s_3.a, s_3.b, s_3.c, s_3.d
               Sort Method: top-N heapsort  Memory: 1563kB
               ->  Seq Scan on s_3  (cost=0.00..16370.00 rows=1000000 width=20) (actual time=0.007..49.816 rows=1000000 loops=1)
 Planning time: 0.271 ms
 Execution time: 133.461 ms
(8 rows)

===== 8 [Wed Mar  7 02:59:47 CET 2018] scale:1000000 groups:10 work_mem:4MB incremental:off max_workers:0 =====
SELECT * FROM s_4 ORDER BY a, b, c, d, e LIMIT 10000
                                                           QUERY PLAN                                                            
---------------------------------------------------------------------------------------------------------------------------------
 Limit  (cost=87933.56..87933.56 rows=1 width=20) (actual time=133.438..133.438 rows=0 loops=1)
   ->  Limit  (cost=87808.56..87833.56 rows=10000 width=20) (actual time=132.204..133.161 rows=10000 loops=1)
         ->  Sort  (cost=87808.56..90308.56 rows=1000000 width=20) (actual time=132.204..132.601 rows=10000 loops=1)
               Sort Key: s_4.a, s_4.b, s_4.c, s_4.d, s_4.e
               Sort Method: top-N heapsort  Memory: 1551kB
               ->  Seq Scan on s_4  (cost=0.00..16370.00 rows=1000000 width=20) (actual time=0.013..49.758 rows=1000000 loops=1)
 Planning time: 0.258 ms
 Execution time: 133.564 ms
(8 rows)

===== 9 [Wed Mar  7 02:59:47 CET 2018] scale:1000000 groups:10 work_mem:8MB incremental:on max_workers:0 =====
SELECT * FROM s_1 ORDER BY a, b LIMIT 10000
                                                                   QUERY PLAN                                                                   
------------------------------------------------------------------------------------------------------------------------------------------------
 Limit  (cost=9711.02..9711.02 rows=1 width=20) (actual time=17.347..17.347 rows=0 loops=1)
   ->  Limit  (cost=9436.02..9611.02 rows=10000 width=20) (actual time=16.023..17.073 rows=10000 loops=1)
         ->  Incremental Sort  (cost=9436.02..26936.24 rows=1000000 width=20) (actual time=16.022..16.522 rows=10000 loops=1)
               Sort Key: s_1.a, s_1.b
               Presorted Key: s_1.a
               Sort Method: quicksort  Memory: 5434kB
               Sort Groups: 1
               ->  Index Scan using s_1_a_idx on s_1  (cost=0.42..32353.42 rows=1000000 width=20) (actual time=0.015..6.359 rows=49886 loops=1)
 Planning time: 0.264 ms
 Execution time: 17.600 ms
(10 rows)

===== 10 [Wed Mar  7 02:59:47 CET 2018] scale:1000000 groups:10 work_mem:8MB incremental:on max_workers:0 =====
SELECT * FROM s_2 ORDER BY a, b, c LIMIT 10000
                                                                    QUERY PLAN                                                                    
--------------------------------------------------------------------------------------------------------------------------------------------------
 Limit  (cost=1151.47..1151.47 rows=1 width=20) (actual time=5.407..5.407 rows=0 loops=1)
   ->  Limit  (cost=874.61..1051.47 rows=10000 width=20) (actual time=0.967..5.132 rows=10000 loops=1)
         ->  Incremental Sort  (cost=874.61..18560.60 rows=1000000 width=20) (actual time=0.966..4.585 rows=10000 loops=1)
               Sort Key: s_2.a, s_2.b, s_2.c
               Presorted Key: s_2.a, s_2.b
               Sort Method: quicksort  Memory: 583kB
               Sort Groups: 3
               ->  Index Scan using s_2_a_b_idx on s_2  (cost=0.42..40712.74 rows=1000000 width=20) (actual time=0.013..1.562 rows=12505 loops=1)
 Planning time: 0.281 ms
 Execution time: 5.441 ms
(10 rows)

===== 11 [Wed Mar  7 02:59:47 CET 2018] scale:1000000 groups:10 work_mem:8MB incremental:on max_workers:0 =====
SELECT * FROM s_3 ORDER BY a, b, c, d LIMIT 10000
                                                                     QUERY PLAN                                                                     
----------------------------------------------------------------------------------------------------------------------------------------------------
 Limit  (cost=354.09..354.09 rows=1 width=20) (actual time=4.845..4.845 rows=0 loops=1)
   ->  Limit  (cost=70.23..254.09 rows=10000 width=20) (actual time=0.103..4.565 rows=10000 loops=1)
         ->  Incremental Sort  (cost=70.23..18456.15 rows=1000000 width=20) (actual time=0.103..4.020 rows=10000 loops=1)
               Sort Key: s_3.a, s_3.b, s_3.c, s_3.d
               Presorted Key: s_3.a, s_3.b, s_3.c
               Sort Method: quicksort  Memory: 65kB
               Sort Groups: 28
               ->  Index Scan using s_3_a_b_c_idx on s_3  (cost=0.42..45144.74 rows=1000000 width=20) (actual time=0.015..1.282 rows=10250 loops=1)
 Planning time: 0.283 ms
 Execution time: 4.870 ms
(10 rows)

===== 12 [Wed Mar  7 02:59:48 CET 2018] scale:1000000 groups:10 work_mem:8MB incremental:on max_workers:0 =====
SELECT * FROM s_4 ORDER BY a, b, c, d, e LIMIT 10000
                                                                      QUERY PLAN                                                                      
------------------------------------------------------------------------------------------------------------------------------------------------------
 Limit  (cost=291.03..291.03 rows=1 width=20) (actual time=5.078..5.078 rows=0 loops=1)
   ->  Limit  (cost=5.59..191.03 rows=10000 width=20) (actual time=0.077..4.800 rows=10000 loops=1)
         ->  Incremental Sort  (cost=5.59..18549.38 rows=1000000 width=20) (actual time=0.077..4.249 rows=10000 loops=1)
               Sort Key: s_4.a, s_4.b, s_4.c, s_4.d, s_4.e
               Presorted Key: s_4.a, s_4.b, s_4.c, s_4.d
               Sort Method: quicksort  Memory: 30kB
               Sort Groups: 210
               ->  Index Scan using s_4_a_b_c_d_idx on s_4  (cost=0.42..45144.74 rows=1000000 width=20) (actual time=0.016..1.266 rows=10014 loops=1)
 Planning time: 0.273 ms
 Execution time: 5.101 ms
(10 rows)

===== 13 [Wed Mar  7 02:59:48 CET 2018] scale:1000000 groups:10 work_mem:8MB incremental:off max_workers:0 =====
SELECT * FROM s_1 ORDER BY a, b LIMIT 10000
                                                           QUERY PLAN                                                            
---------------------------------------------------------------------------------------------------------------------------------
 Limit  (cost=87933.56..87933.56 rows=1 width=20) (actual time=132.812..132.812 rows=0 loops=1)
   ->  Limit  (cost=87808.56..87833.56 rows=10000 width=20) (actual time=131.565..132.539 rows=10000 loops=1)
         ->  Sort  (cost=87808.56..90308.56 rows=1000000 width=20) (actual time=131.565..131.991 rows=10000 loops=1)
               Sort Key: s_1.a, s_1.b
               Sort Method: top-N heapsort  Memory: 2048kB
               ->  Seq Scan on s_1  (cost=0.00..16370.00 rows=1000000 width=20) (actual time=0.009..50.321 rows=1000000 loops=1)
 Planning time: 0.252 ms
 Execution time: 132.940 ms
(8 rows)

===== 14 [Wed Mar  7 02:59:48 CET 2018] scale:1000000 groups:10 work_mem:8MB incremental:off max_workers:0 =====
SELECT * FROM s_2 ORDER BY a, b, c LIMIT 10000
                                                           QUERY PLAN                                                            
---------------------------------------------------------------------------------------------------------------------------------
 Limit  (cost=87933.56..87933.56 rows=1 width=20) (actual time=131.053..131.053 rows=0 loops=1)
   ->  Limit  (cost=87808.56..87833.56 rows=10000 width=20) (actual time=129.812..130.776 rows=10000 loops=1)
         ->  Sort  (cost=87808.56..90308.56 rows=1000000 width=20) (actual time=129.811..130.232 rows=10000 loops=1)
               Sort Key: s_2.a, s_2.b, s_2.c
               Sort Method: top-N heapsort  Memory: 1671kB
               ->  Seq Scan on s_2  (cost=0.00..16370.00 rows=1000000 width=20) (actual time=0.004..50.366 rows=1000000 loops=1)
 Planning time: 0.258 ms
 Execution time: 131.180 ms
(8 rows)

===== 15 [Wed Mar  7 02:59:49 CET 2018] scale:1000000 groups:10 work_mem:8MB incremental:off max_workers:0 =====
SELECT * FROM s_3 ORDER BY a, b, c, d LIMIT 10000
                                                           QUERY PLAN                                                            
---------------------------------------------------------------------------------------------------------------------------------
 Limit  (cost=87933.56..87933.56 rows=1 width=20) (actual time=133.482..133.482 rows=0 loops=1)
   ->  Limit  (cost=87808.56..87833.56 rows=10000 width=20) (actual time=132.261..133.210 rows=10000 loops=1)
         ->  Sort  (cost=87808.56..90308.56 rows=1000000 width=20) (actual time=132.260..132.667 rows=10000 loops=1)
               Sort Key: s_3.a, s_3.b, s_3.c, s_3.d
               Sort Method: top-N heapsort  Memory: 1563kB
               ->  Seq Scan on s_3  (cost=0.00..16370.00 rows=1000000 width=20) (actual time=0.007..49.872 rows=1000000 loops=1)
 Planning time: 0.276 ms
 Execution time: 133.618 ms
(8 rows)

===== 16 [Wed Mar  7 02:59:50 CET 2018] scale:1000000 groups:10 work_mem:8MB incremental:off max_workers:0 =====
SELECT * FROM s_4 ORDER BY a, b, c, d, e LIMIT 10000
                                                           QUERY PLAN                                                            
---------------------------------------------------------------------------------------------------------------------------------
 Limit  (cost=87933.56..87933.56 rows=1 width=20) (actual time=133.485..133.485 rows=0 loops=1)
   ->  Limit  (cost=87808.56..87833.56 rows=10000 width=20) (actual time=132.252..133.210 rows=10000 loops=1)
         ->  Sort  (cost=87808.56..90308.56 rows=1000000 width=20) (actual time=132.251..132.652 rows=10000 loops=1)
               Sort Key: s_4.a, s_4.b, s_4.c, s_4.d, s_4.e
               Sort Method: top-N heapsort  Memory: 1551kB
               ->  Seq Scan on s_4  (cost=0.00..16370.00 rows=1000000 width=20) (actual time=0.013..49.765 rows=1000000 loops=1)
 Planning time: 0.261 ms
 Execution time: 133.611 ms
(8 rows)

===== 17 [Wed Mar  7 02:59:50 CET 2018] scale:1000000 groups:10 work_mem:16MB incremental:on max_workers:0 =====
SELECT * FROM s_1 ORDER BY a, b LIMIT 10000
                                                                   QUERY PLAN                                                                   
------------------------------------------------------------------------------------------------------------------------------------------------
 Limit  (cost=9711.02..9711.02 rows=1 width=20) (actual time=17.395..17.395 rows=0 loops=1)
   ->  Limit  (cost=9436.02..9611.02 rows=10000 width=20) (actual time=16.070..17.120 rows=10000 loops=1)
         ->  Incremental Sort  (cost=9436.02..26936.24 rows=1000000 width=20) (actual time=16.069..16.570 rows=10000 loops=1)
               Sort Key: s_1.a, s_1.b
               Presorted Key: s_1.a
               Sort Method: quicksort  Memory: 5434kB
               Sort Groups: 1
               ->  Index Scan using s_1_a_idx on s_1  (cost=0.42..32353.42 rows=1000000 width=20) (actual time=0.016..6.348 rows=49886 loops=1)
 Planning time: 0.258 ms
 Execution time: 17.646 ms
(10 rows)

===== 18 [Wed Mar  7 02:59:50 CET 2018] scale:1000000 groups:10 work_mem:16MB incremental:on max_workers:0 =====
SELECT * FROM s_2 ORDER BY a, b, c LIMIT 10000
                                                                    QUERY PLAN                                                                    
--------------------------------------------------------------------------------------------------------------------------------------------------
 Limit  (cost=1151.47..1151.47 rows=1 width=20) (actual time=5.407..5.407 rows=0 loops=1)
   ->  Limit  (cost=874.61..1051.47 rows=10000 width=20) (actual time=0.969..5.131 rows=10000 loops=1)
         ->  Incremental Sort  (cost=874.61..18560.60 rows=1000000 width=20) (actual time=0.969..4.585 rows=10000 loops=1)
               Sort Key: s_2.a, s_2.b, s_2.c
               Presorted Key: s_2.a, s_2.b
               Sort Method: quicksort  Memory: 583kB
               Sort Groups: 3
               ->  Index Scan using s_2_a_b_idx on s_2  (cost=0.42..40712.74 rows=1000000 width=20) (actual time=0.013..1.569 rows=12505 loops=1)
 Planning time: 0.270 ms
 Execution time: 5.440 ms
(10 rows)

===== 19 [Wed Mar  7 02:59:51 CET 2018] scale:1000000 groups:10 work_mem:16MB incremental:on max_workers:0 =====
SELECT * FROM s_3 ORDER BY a, b, c, d LIMIT 10000
                                                                     QUERY PLAN                                                                     
----------------------------------------------------------------------------------------------------------------------------------------------------
 Limit  (cost=354.09..354.09 rows=1 width=20) (actual time=4.848..4.848 rows=0 loops=1)
   ->  Limit  (cost=70.23..254.09 rows=10000 width=20) (actual time=0.103..4.568 rows=10000 loops=1)
         ->  Incremental Sort  (cost=70.23..18456.15 rows=1000000 width=20) (actual time=0.103..4.024 rows=10000 loops=1)
               Sort Key: s_3.a, s_3.b, s_3.c, s_3.d
               Presorted Key: s_3.a, s_3.b, s_3.c
               Sort Method: quicksort  Memory: 65kB
               Sort Groups: 28
               ->  Index Scan using s_3_a_b_c_idx on s_3  (cost=0.42..45144.74 rows=1000000 width=20) (actual time=0.015..1.287 rows=10250 loops=1)
 Planning time: 0.282 ms
 Execution time: 4.872 ms
(10 rows)

===== 20 [Wed Mar  7 02:59:51 CET 2018] scale:1000000 groups:10 work_mem:16MB incremental:on max_workers:0 =====
SELECT * FROM s_4 ORDER BY a, b, c, d, e LIMIT 10000
                                                                      QUERY PLAN                                                                      
------------------------------------------------------------------------------------------------------------------------------------------------------
 Limit  (cost=291.03..291.03 rows=1 width=20) (actual time=5.077..5.077 rows=0 loops=1)
   ->  Limit  (cost=5.59..191.03 rows=10000 width=20) (actual time=0.072..4.799 rows=10000 loops=1)
         ->  Incremental Sort  (cost=5.59..18549.38 rows=1000000 width=20) (actual time=0.072..4.253 rows=10000 loops=1)
               Sort Key: s_4.a, s_4.b, s_4.c, s_4.d, s_4.e
               Presorted Key: s_4.a, s_4.b, s_4.c, s_4.d
               Sort Method: quicksort  Memory: 30kB
               Sort Groups: 210
               ->  Index Scan using s_4_a_b_c_d_idx on s_4  (cost=0.42..45144.74 rows=1000000 width=20) (actual time=0.016..1.259 rows=10014 loops=1)
 Planning time: 0.271 ms
 Execution time: 5.099 ms
(10 rows)

===== 21 [Wed Mar  7 02:59:51 CET 2018] scale:1000000 groups:10 work_mem:16MB incremental:off max_workers:0 =====
SELECT * FROM s_1 ORDER BY a, b LIMIT 10000
                                                           QUERY PLAN                                                            
---------------------------------------------------------------------------------------------------------------------------------
 Limit  (cost=87933.56..87933.56 rows=1 width=20) (actual time=132.891..132.891 rows=0 loops=1)
   ->  Limit  (cost=87808.56..87833.56 rows=10000 width=20) (actual time=131.643..132.615 rows=10000 loops=1)
         ->  Sort  (cost=87808.56..90308.56 rows=1000000 width=20) (actual time=131.643..132.068 rows=10000 loops=1)
               Sort Key: s_1.a, s_1.b
               Sort Method: top-N heapsort  Memory: 2048kB
               ->  Seq Scan on s_1  (cost=0.00..16370.00 rows=1000000 width=20) (actual time=0.010..50.351 rows=1000000 loops=1)
 Planning time: 0.252 ms
 Execution time: 133.022 ms
(8 rows)

===== 22 [Wed Mar  7 02:59:51 CET 2018] scale:1000000 groups:10 work_mem:16MB incremental:off max_workers:0 =====
SELECT * FROM s_2 ORDER BY a, b, c LIMIT 10000
                                                           QUERY PLAN                                                            
---------------------------------------------------------------------------------------------------------------------------------
 Limit  (cost=87933.56..87933.56 rows=1 width=20) (actual time=131.081..131.081 rows=0 loops=1)
   ->  Limit  (cost=87808.56..87833.56 rows=10000 width=20) (actual time=129.838..130.805 rows=10000 loops=1)
         ->  Sort  (cost=87808.56..90308.56 rows=1000000 width=20) (actual time=129.838..130.260 rows=10000 loops=1)
               Sort Key: s_2.a, s_2.b, s_2.c
               Sort Method: top-N heapsort  Memory: 1671kB
               ->  Seq Scan on s_2  (cost=0.00..16370.00 rows=1000000 width=20) (actual time=0.004..50.311 rows=1000000 loops=1)
 Planning time: 0.267 ms
 Execution time: 131.210 ms
(8 rows)

===== 23 [Wed Mar  7 02:59:52 CET 2018] scale:1000000 groups:10 work_mem:16MB incremental:off max_workers:0 =====
SELECT * FROM s_3 ORDER BY a, b, c, d LIMIT 10000
                                                           QUERY PLAN                                                            
---------------------------------------------------------------------------------------------------------------------------------
 Limit  (cost=87933.56..87933.56 rows=1 width=20) (actual time=133.408..133.408 rows=0 loops=1)
   ->  Limit  (cost=87808.56..87833.56 rows=10000 width=20) (actual time=132.183..133.133 rows=10000 loops=1)
         ->  Sort  (cost=87808.56..90308.56 rows=1000000 width=20) (actual time=132.182..132.592 rows=10000 loops=1)
               Sort Key: s_3.a, s_3.b, s_3.c, s_3.d
               Sort Method: top-N heapsort  Memory: 1563kB
               ->  Seq Scan on s_3  (cost=0.00..16370.00 rows=1000000 width=20) (actual time=0.007..49.838 rows=1000000 loops=1)
 Planning time: 0.270 ms
 Execution time: 133.536 ms
(8 rows)

===== 24 [Wed Mar  7 02:59:53 CET 2018] scale:1000000 groups:10 work_mem:16MB incremental:off max_workers:0 =====
SELECT * FROM s_4 ORDER BY a, b, c, d, e LIMIT 10000
                                                           QUERY PLAN                                                            
---------------------------------------------------------------------------------------------------------------------------------
 Limit  (cost=87933.56..87933.56 rows=1 width=20) (actual time=133.525..133.525 rows=0 loops=1)
   ->  Limit  (cost=87808.56..87833.56 rows=10000 width=20) (actual time=132.292..133.251 rows=10000 loops=1)
         ->  Sort  (cost=87808.56..90308.56 rows=1000000 width=20) (actual time=132.292..132.694 rows=10000 loops=1)
               Sort Key: s_4.a, s_4.b, s_4.c, s_4.d, s_4.e
               Sort Method: top-N heapsort  Memory: 1551kB
               ->  Seq Scan on s_4  (cost=0.00..16370.00 rows=1000000 width=20) (actual time=0.013..49.798 rows=1000000 loops=1)
 Planning time: 0.260 ms
 Execution time: 133.653 ms
(8 rows)

===== 25 [Wed Mar  7 02:59:53 CET 2018] scale:1000000 groups:10 work_mem:32MB incremental:on max_workers:0 =====
SELECT * FROM s_1 ORDER BY a, b LIMIT 10000
                                                                   QUERY PLAN                                                                   
------------------------------------------------------------------------------------------------------------------------------------------------
 Limit  (cost=9711.02..9711.02 rows=1 width=20) (actual time=17.348..17.348 rows=0 loops=1)
   ->  Limit  (cost=9436.02..9611.02 rows=10000 width=20) (actual time=16.029..17.073 rows=10000 loops=1)
         ->  Incremental Sort  (cost=9436.02..26936.24 rows=1000000 width=20) (actual time=16.028..16.527 rows=10000 loops=1)
               Sort Key: s_1.a, s_1.b
               Presorted Key: s_1.a
               Sort Method: quicksort  Memory: 5434kB
               Sort Groups: 1
               ->  Index Scan using s_1_a_idx on s_1  (cost=0.42..32353.42 rows=1000000 width=20) (actual time=0.015..6.344 rows=49886 loops=1)
 Planning time: 0.277 ms
 Execution time: 17.596 ms
(10 rows)

===== 26 [Wed Mar  7 02:59:54 CET 2018] scale:1000000 groups:10 work_mem:32MB incremental:on max_workers:0 =====
SELECT * FROM s_2 ORDER BY a, b, c LIMIT 10000
                                                                    QUERY PLAN                                                                    
--------------------------------------------------------------------------------------------------------------------------------------------------
 Limit  (cost=1151.47..1151.47 rows=1 width=20) (actual time=5.422..5.422 rows=0 loops=1)
   ->  Limit  (cost=874.61..1051.47 rows=10000 width=20) (actual time=0.972..5.146 rows=10000 loops=1)
         ->  Incremental Sort  (cost=874.61..18560.60 rows=1000000 width=20) (actual time=0.971..4.591 rows=10000 loops=1)
               Sort Key: s_2.a, s_2.b, s_2.c
               Presorted Key: s_2.a, s_2.b
               Sort Method: quicksort  Memory: 583kB
               Sort Groups: 3
               ->  Index Scan using s_2_a_b_idx on s_2  (cost=0.42..40712.74 rows=1000000 width=20) (actual time=0.013..1.566 rows=12505 loops=1)
 Planning time: 0.272 ms
 Execution time: 5.455 ms
(10 rows)

===== 27 [Wed Mar  7 02:59:54 CET 2018] scale:1000000 groups:10 work_mem:32MB incremental:on max_workers:0 =====
SELECT * FROM s_3 ORDER BY a, b, c, d LIMIT 10000
                                                                     QUERY PLAN                                                                     
----------------------------------------------------------------------------------------------------------------------------------------------------
 Limit  (cost=354.09..354.09 rows=1 width=20) (actual time=4.853..4.853 rows=0 loops=1)
   ->  Limit  (cost=70.23..254.09 rows=10000 width=20) (actual time=0.104..4.576 rows=10000 loops=1)
         ->  Incremental Sort  (cost=70.23..18456.15 rows=1000000 width=20) (actual time=0.103..4.023 rows=10000 loops=1)
               Sort Key: s_3.a, s_3.b, s_3.c, s_3.d
               Presorted Key: s_3.a, s_3.b, s_3.c
               Sort Method: quicksort  Memory: 65kB
               Sort Groups: 28
               ->  Index Scan using s_3_a_b_c_idx on s_3  (cost=0.42..45144.74 rows=1000000 width=20) (actual time=0.015..1.285 rows=10250 loops=1)
 Planning time: 0.284 ms
 Execution time: 4.877 ms
(10 rows)

===== 28 [Wed Mar  7 02:59:54 CET 2018] scale:1000000 groups:10 work_mem:32MB incremental:on max_workers:0 =====
SELECT * FROM s_4 ORDER BY a, b, c, d, e LIMIT 10000
                                                                      QUERY PLAN                                                                      
------------------------------------------------------------------------------------------------------------------------------------------------------
 Limit  (cost=291.03..291.03 rows=1 width=20) (actual time=5.082..5.082 rows=0 loops=1)
   ->  Limit  (cost=5.59..191.03 rows=10000 width=20) (actual time=0.073..4.803 rows=10000 loops=1)
         ->  Incremental Sort  (cost=5.59..18549.38 rows=1000000 width=20) (actual time=0.073..4.256 rows=10000 loops=1)
               Sort Key: s_4.a, s_4.b, s_4.c, s_4.d, s_4.e
               Presorted Key: s_4.a, s_4.b, s_4.c, s_4.d
               Sort Method: quicksort  Memory: 30kB
               Sort Groups: 210
               ->  Index Scan using s_4_a_b_c_d_idx on s_4  (cost=0.42..45144.74 rows=1000000 width=20) (actual time=0.015..1.259 rows=10014 loops=1)
 Planning time: 0.272 ms
 Execution time: 5.105 ms
(10 rows)

===== 29 [Wed Mar  7 02:59:54 CET 2018] scale:1000000 groups:10 work_mem:32MB incremental:off max_workers:0 =====
SELECT * FROM s_1 ORDER BY a, b LIMIT 10000
                                                           QUERY PLAN                                                            
---------------------------------------------------------------------------------------------------------------------------------
 Limit  (cost=87933.56..87933.56 rows=1 width=20) (actual time=132.905..132.905 rows=0 loops=1)
   ->  Limit  (cost=87808.56..87833.56 rows=10000 width=20) (actual time=131.662..132.631 rows=10000 loops=1)
         ->  Sort  (cost=87808.56..90308.56 rows=1000000 width=20) (actual time=131.661..132.087 rows=10000 loops=1)
               Sort Key: s_1.a, s_1.b
               Sort Method: top-N heapsort  Memory: 2048kB
               ->  Seq Scan on s_1  (cost=0.00..16370.00 rows=1000000 width=20) (actual time=0.010..50.377 rows=1000000 loops=1)
 Planning time: 0.253 ms
 Execution time: 133.032 ms
(8 rows)

===== 30 [Wed Mar  7 02:59:54 CET 2018] scale:1000000 groups:10 work_mem:32MB incremental:off max_workers:0 =====
SELECT * FROM s_2 ORDER BY a, b, c LIMIT 10000
                                                           QUERY PLAN                                                            
---------------------------------------------------------------------------------------------------------------------------------
 Limit  (cost=87933.56..87933.56 rows=1 width=20) (actual time=131.075..131.075 rows=0 loops=1)
   ->  Limit  (cost=87808.56..87833.56 rows=10000 width=20) (actual time=129.833..130.796 rows=10000 loops=1)
         ->  Sort  (cost=87808.56..90308.56 rows=1000000 width=20) (actual time=129.832..130.252 rows=10000 loops=1)
               Sort Key: s_2.a, s_2.b, s_2.c
               Sort Method: top-N heapsort  Memory: 1671kB
               ->  Seq Scan on s_2  (cost=0.00..16370.00 rows=1000000 width=20) (actual time=0.004..50.298 rows=1000000 loops=1)
 Planning time: 0.261 ms
 Execution time: 131.204 ms
(8 rows)

===== 31 [Wed Mar  7 02:59:55 CET 2018] scale:1000000 groups:10 work_mem:32MB incremental:off max_workers:0 =====
SELECT * FROM s_3 ORDER BY a, b, c, d LIMIT 10000
                                                           QUERY PLAN                                                            
---------------------------------------------------------------------------------------------------------------------------------
 Limit  (cost=87933.56..87933.56 rows=1 width=20) (actual time=133.420..133.420 rows=0 loops=1)
   ->  Limit  (cost=87808.56..87833.56 rows=10000 width=20) (actual time=132.194..133.145 rows=10000 loops=1)
         ->  Sort  (cost=87808.56..90308.56 rows=1000000 width=20) (actual time=132.194..132.598 rows=10000 loops=1)
               Sort Key: s_3.a, s_3.b, s_3.c, s_3.d
               Sort Method: top-N heapsort  Memory: 1563kB
               ->  Seq Scan on s_3  (cost=0.00..16370.00 rows=1000000 width=20) (actual time=0.007..49.857 rows=1000000 loops=1)
 Planning time: 0.273 ms
 Execution time: 133.548 ms
(8 rows)

===== 32 [Wed Mar  7 02:59:56 CET 2018] scale:1000000 groups:10 work_mem:32MB incremental:off max_workers:0 =====
SELECT * FROM s_4 ORDER BY a, b, c, d, e LIMIT 10000
                                                           QUERY PLAN                                                            
---------------------------------------------------------------------------------------------------------------------------------
 Limit  (cost=87933.56..87933.56 rows=1 width=20) (actual time=133.451..133.451 rows=0 loops=1)
   ->  Limit  (cost=87808.56..87833.56 rows=10000 width=20) (actual time=132.220..133.178 rows=10000 loops=1)
         ->  Sort  (cost=87808.56..90308.56 rows=1000000 width=20) (actual time=132.219..132.621 rows=10000 loops=1)
               Sort Key: s_4.a, s_4.b, s_4.c, s_4.d, s_4.e
               Sort Method: top-N heapsort  Memory: 1551kB
               ->  Seq Scan on s_4  (cost=0.00..16370.00 rows=1000000 width=20) (actual time=0.013..49.774 rows=1000000 loops=1)
 Planning time: 0.265 ms
 Execution time: 133.584 ms
(8 rows)

===== 33 [Wed Mar  7 02:59:56 CET 2018] scale:1000000 groups:10 work_mem:64MB incremental:on max_workers:0 =====
SELECT * FROM s_1 ORDER BY a, b LIMIT 10000
                                                                   QUERY PLAN                                                                   
------------------------------------------------------------------------------------------------------------------------------------------------
 Limit  (cost=9711.02..9711.02 rows=1 width=20) (actual time=17.361..17.361 rows=0 loops=1)
   ->  Limit  (cost=9436.02..9611.02 rows=10000 width=20) (actual time=16.039..17.084 rows=10000 loops=1)
         ->  Incremental Sort  (cost=9436.02..26936.24 rows=1000000 width=20) (actual time=16.038..16.537 rows=10000 loops=1)
               Sort Key: s_1.a, s_1.b
               Presorted Key: s_1.a
               Sort Method: quicksort  Memory: 5434kB
               Sort Groups: 1
               ->  Index Scan using s_1_a_idx on s_1  (cost=0.42..32353.42 rows=1000000 width=20) (actual time=0.015..6.344 rows=49886 loops=1)
 Planning time: 0.263 ms
 Execution time: 17.607 ms
(10 rows)

===== 34 [Wed Mar  7 02:59:57 CET 2018] scale:1000000 groups:10 work_mem:64MB incremental:on max_workers:0 =====
SELECT * FROM s_2 ORDER BY a, b, c LIMIT 10000
                                                                    QUERY PLAN                                                                    
--------------------------------------------------------------------------------------------------------------------------------------------------
 Limit  (cost=1151.47..1151.47 rows=1 width=20) (actual time=5.409..5.409 rows=0 loops=1)
   ->  Limit  (cost=874.61..1051.47 rows=10000 width=20) (actual time=0.973..5.134 rows=10000 loops=1)
         ->  Incremental Sort  (cost=874.61..18560.60 rows=1000000 width=20) (actual time=0.973..4.588 rows=10000 loops=1)
               Sort Key: s_2.a, s_2.b, s_2.c
               Presorted Key: s_2.a, s_2.b
               Sort Method: quicksort  Memory: 583kB
               Sort Groups: 3
               ->  Index Scan using s_2_a_b_idx on s_2  (cost=0.42..40712.74 rows=1000000 width=20) (actual time=0.013..1.565 rows=12505 loops=1)
 Planning time: 0.277 ms
 Execution time: 5.442 ms
(10 rows)

===== 35 [Wed Mar  7 02:59:57 CET 2018] scale:1000000 groups:10 work_mem:64MB incremental:on max_workers:0 =====
SELECT * FROM s_3 ORDER BY a, b, c, d LIMIT 10000
                                                                     QUERY PLAN                                                                     
----------------------------------------------------------------------------------------------------------------------------------------------------
 Limit  (cost=354.09..354.09 rows=1 width=20) (actual time=4.844..4.844 rows=0 loops=1)
   ->  Limit  (cost=70.23..254.09 rows=10000 width=20) (actual time=0.104..4.566 rows=10000 loops=1)
         ->  Incremental Sort  (cost=70.23..18456.15 rows=1000000 width=20) (actual time=0.104..4.011 rows=10000 loops=1)
               Sort Key: s_3.a, s_3.b, s_3.c, s_3.d
               Presorted Key: s_3.a, s_3.b, s_3.c
               Sort Method: quicksort  Memory: 65kB
               Sort Groups: 28
               ->  Index Scan using s_3_a_b_c_idx on s_3  (cost=0.42..45144.74 rows=1000000 width=20) (actual time=0.015..1.284 rows=10250 loops=1)
 Planning time: 0.280 ms
 Execution time: 4.867 ms
(10 rows)

===== 36 [Wed Mar  7 02:59:57 CET 2018] scale:1000000 groups:10 work_mem:64MB incremental:on max_workers:0 =====
SELECT * FROM s_4 ORDER BY a, b, c, d, e LIMIT 10000
                                                                      QUERY PLAN                                                                      
------------------------------------------------------------------------------------------------------------------------------------------------------
 Limit  (cost=291.03..291.03 rows=1 width=20) (actual time=5.073..5.073 rows=0 loops=1)
   ->  Limit  (cost=5.59..191.03 rows=10000 width=20) (actual time=0.073..4.797 rows=10000 loops=1)
         ->  Incremental Sort  (cost=5.59..18549.38 rows=1000000 width=20) (actual time=0.073..4.250 rows=10000 loops=1)
               Sort Key: s_4.a, s_4.b, s_4.c, s_4.d, s_4.e
               Presorted Key: s_4.a, s_4.b, s_4.c, s_4.d
               Sort Method: quicksort  Memory: 30kB
               Sort Groups: 210
               ->  Index Scan using s_4_a_b_c_d_idx on s_4  (cost=0.42..45144.74 rows=1000000 width=20) (actual time=0.016..1.254 rows=10014 loops=1)
 Planning time: 0.271 ms
 Execution time: 5.096 ms
(10 rows)

===== 37 [Wed Mar  7 02:59:57 CET 2018] scale:1000000 groups:10 work_mem:64MB incremental:off max_workers:0 =====
SELECT * FROM s_1 ORDER BY a, b LIMIT 10000
                                                           QUERY PLAN                                                            
---------------------------------------------------------------------------------------------------------------------------------
 Limit  (cost=87933.56..87933.56 rows=1 width=20) (actual time=132.854..132.854 rows=0 loops=1)
   ->  Limit  (cost=87808.56..87833.56 rows=10000 width=20) (actual time=131.609..132.578 rows=10000 loops=1)
         ->  Sort  (cost=87808.56..90308.56 rows=1000000 width=20) (actual time=131.608..132.034 rows=10000 loops=1)
               Sort Key: s_1.a, s_1.b
               Sort Method: top-N heapsort  Memory: 2048kB
               ->  Seq Scan on s_1  (cost=0.00..16370.00 rows=1000000 width=20) (actual time=0.010..50.328 rows=1000000 loops=1)
 Planning time: 0.254 ms
 Execution time: 132.983 ms
(8 rows)

===== 38 [Wed Mar  7 02:59:58 CET 2018] scale:1000000 groups:10 work_mem:64MB incremental:off max_workers:0 =====
SELECT * FROM s_2 ORDER BY a, b, c LIMIT 10000
                                                           QUERY PLAN                                                            
---------------------------------------------------------------------------------------------------------------------------------
 Limit  (cost=87933.56..87933.56 rows=1 width=20) (actual time=131.084..131.084 rows=0 loops=1)
   ->  Limit  (cost=87808.56..87833.56 rows=10000 width=20) (actual time=129.844..130.809 rows=10000 loops=1)
         ->  Sort  (cost=87808.56..90308.56 rows=1000000 width=20) (actual time=129.844..130.266 rows=10000 loops=1)
               Sort Key: s_2.a, s_2.b, s_2.c
               Sort Method: top-N heapsort  Memory: 1671kB
               ->  Seq Scan on s_2  (cost=0.00..16370.00 rows=1000000 width=20) (actual time=0.004..50.333 rows=1000000 loops=1)
 Planning time: 0.266 ms
 Execution time: 131.215 ms
(8 rows)

===== 39 [Wed Mar  7 02:59:58 CET 2018] scale:1000000 groups:10 work_mem:64MB incremental:off max_workers:0 =====
SELECT * FROM s_3 ORDER BY a, b, c, d LIMIT 10000
                                                           QUERY PLAN                                                            
---------------------------------------------------------------------------------------------------------------------------------
 Limit  (cost=87933.56..87933.56 rows=1 width=20) (actual time=133.353..133.353 rows=0 loops=1)
   ->  Limit  (cost=87808.56..87833.56 rows=10000 width=20) (actual time=132.129..133.077 rows=10000 loops=1)
         ->  Sort  (cost=87808.56..90308.56 rows=1000000 width=20) (actual time=132.128..132.533 rows=10000 loops=1)
               Sort Key: s_3.a, s_3.b, s_3.c, s_3.d
               Sort Method: top-N heapsort  Memory: 1563kB
               ->  Seq Scan on s_3  (cost=0.00..16370.00 rows=1000000 width=20) (actual time=0.007..49.849 rows=1000000 loops=1)
 Planning time: 0.276 ms
 Execution time: 133.480 ms
(8 rows)

===== 40 [Wed Mar  7 02:59:59 CET 2018] scale:1000000 groups:10 work_mem:64MB incremental:off max_workers:0 =====
SELECT * FROM s_4 ORDER BY a, b, c, d, e LIMIT 10000
                                                           QUERY PLAN                                                            
---------------------------------------------------------------------------------------------------------------------------------
 Limit  (cost=87933.56..87933.56 rows=1 width=20) (actual time=133.479..133.479 rows=0 loops=1)
   ->  Limit  (cost=87808.56..87833.56 rows=10000 width=20) (actual time=132.247..133.205 rows=10000 loops=1)
         ->  Sort  (cost=87808.56..90308.56 rows=1000000 width=20) (actual time=132.247..132.645 rows=10000 loops=1)
               Sort Key: s_4.a, s_4.b, s_4.c, s_4.d, s_4.e
               Sort Method: top-N heapsort  Memory: 1551kB
               ->  Seq Scan on s_4  (cost=0.00..16370.00 rows=1000000 width=20) (actual time=0.013..49.769 rows=1000000 loops=1)
 Planning time: 0.267 ms
 Execution time: 133.608 ms
(8 rows)

===== 41 [Wed Mar  7 03:00:00 CET 2018] scale:1000000 groups:10 work_mem:128MB incremental:on max_workers:0 =====
SELECT * FROM s_1 ORDER BY a, b LIMIT 10000
                                                                   QUERY PLAN                                                                   
------------------------------------------------------------------------------------------------------------------------------------------------
 Limit  (cost=9711.02..9711.02 rows=1 width=20) (actual time=17.363..17.363 rows=0 loops=1)
   ->  Limit  (cost=9436.02..9611.02 rows=10000 width=20) (actual time=16.040..17.085 rows=10000 loops=1)
         ->  Incremental Sort  (cost=9436.02..26936.24 rows=1000000 width=20) (actual time=16.039..16.538 rows=10000 loops=1)
               Sort Key: s_1.a, s_1.b
               Presorted Key: s_1.a
               Sort Method: quicksort  Memory: 5434kB
               Sort Groups: 1
               ->  Index Scan using s_1_a_idx on s_1  (cost=0.42..32353.42 rows=1000000 width=20) (actual time=0.015..6.340 rows=49886 loops=1)
 Planning time: 0.260 ms
 Execution time: 17.618 ms
(10 rows)

===== 42 [Wed Mar  7 03:00:00 CET 2018] scale:1000000 groups:10 work_mem:128MB incremental:on max_workers:0 =====
SELECT * FROM s_2 ORDER BY a, b, c LIMIT 10000
                                                                    QUERY PLAN                                                                    
--------------------------------------------------------------------------------------------------------------------------------------------------
 Limit  (cost=1151.47..1151.47 rows=1 width=20) (actual time=5.418..5.418 rows=0 loops=1)
   ->  Limit  (cost=874.61..1051.47 rows=10000 width=20) (actual time=0.969..5.141 rows=10000 loops=1)
         ->  Incremental Sort  (cost=874.61..18560.60 rows=1000000 width=20) (actual time=0.968..4.590 rows=10000 loops=1)
               Sort Key: s_2.a, s_2.b, s_2.c
               Presorted Key: s_2.a, s_2.b
               Sort Method: quicksort  Memory: 583kB
               Sort Groups: 3
               ->  Index Scan using s_2_a_b_idx on s_2  (cost=0.42..40712.74 rows=1000000 width=20) (actual time=0.013..1.571 rows=12505 loops=1)
 Planning time: 0.271 ms
 Execution time: 5.453 ms
(10 rows)

===== 43 [Wed Mar  7 03:00:00 CET 2018] scale:1000000 groups:10 work_mem:128MB incremental:on max_workers:0 =====
SELECT * FROM s_3 ORDER BY a, b, c, d LIMIT 10000
                                                                     QUERY PLAN                                                                     
----------------------------------------------------------------------------------------------------------------------------------------------------
 Limit  (cost=354.09..354.09 rows=1 width=20) (actual time=4.847..4.847 rows=0 loops=1)
   ->  Limit  (cost=70.23..254.09 rows=10000 width=20) (actual time=0.102..4.567 rows=10000 loops=1)
         ->  Incremental Sort  (cost=70.23..18456.15 rows=1000000 width=20) (actual time=0.102..4.022 rows=10000 loops=1)
               Sort Key: s_3.a, s_3.b, s_3.c, s_3.d
               Presorted Key: s_3.a, s_3.b, s_3.c
               Sort Method: quicksort  Memory: 65kB
               Sort Groups: 28
               ->  Index Scan using s_3_a_b_c_idx on s_3  (cost=0.42..45144.74 rows=1000000 width=20) (actual time=0.014..1.283 rows=10250 loops=1)
 Planning time: 0.285 ms
 Execution time: 4.871 ms
(10 rows)

===== 44 [Wed Mar  7 03:00:00 CET 2018] scale:1000000 groups:10 work_mem:128MB incremental:on max_workers:0 =====
SELECT * FROM s_4 ORDER BY a, b, c, d, e LIMIT 10000
                                                                      QUERY PLAN                                                                      
------------------------------------------------------------------------------------------------------------------------------------------------------
 Limit  (cost=291.03..291.03 rows=1 width=20) (actual time=5.071..5.071 rows=0 loops=1)
   ->  Limit  (cost=5.59..191.03 rows=10000 width=20) (actual time=0.071..4.796 rows=10000 loops=1)
         ->  Incremental Sort  (cost=5.59..18549.38 rows=1000000 width=20) (actual time=0.071..4.247 rows=10000 loops=1)
               Sort Key: s_4.a, s_4.b, s_4.c, s_4.d, s_4.e
               Presorted Key: s_4.a, s_4.b, s_4.c, s_4.d
               Sort Method: quicksort  Memory: 30kB
               Sort Groups: 210
               ->  Index Scan using s_4_a_b_c_d_idx on s_4  (cost=0.42..45144.74 rows=1000000 width=20) (actual time=0.015..1.255 rows=10014 loops=1)
 Planning time: 0.274 ms
 Execution time: 5.096 ms
(10 rows)

===== 45 [Wed Mar  7 03:00:00 CET 2018] scale:1000000 groups:10 work_mem:128MB incremental:off max_workers:0 =====
SELECT * FROM s_1 ORDER BY a, b LIMIT 10000
                                                           QUERY PLAN                                                            
---------------------------------------------------------------------------------------------------------------------------------
 Limit  (cost=87933.56..87933.56 rows=1 width=20) (actual time=132.822..132.822 rows=0 loops=1)
   ->  Limit  (cost=87808.56..87833.56 rows=10000 width=20) (actual time=131.580..132.551 rows=10000 loops=1)
         ->  Sort  (cost=87808.56..90308.56 rows=1000000 width=20) (actual time=131.579..132.008 rows=10000 loops=1)
               Sort Key: s_1.a, s_1.b
               Sort Method: top-N heapsort  Memory: 2048kB
               ->  Seq Scan on s_1  (cost=0.00..16370.00 rows=1000000 width=20) (actual time=0.010..50.330 rows=1000000 loops=1)
 Planning time: 0.258 ms
 Execution time: 132.953 ms
(8 rows)

===== 46 [Wed Mar  7 03:00:01 CET 2018] scale:1000000 groups:10 work_mem:128MB incremental:off max_workers:0 =====
SELECT * FROM s_2 ORDER BY a, b, c LIMIT 10000
                                                           QUERY PLAN                                                            
---------------------------------------------------------------------------------------------------------------------------------
 Limit  (cost=87933.56..87933.56 rows=1 width=20) (actual time=130.984..130.984 rows=0 loops=1)
   ->  Limit  (cost=87808.56..87833.56 rows=10000 width=20) (actual time=129.746..130.710 rows=10000 loops=1)
         ->  Sort  (cost=87808.56..90308.56 rows=1000000 width=20) (actual time=129.745..130.165 rows=10000 loops=1)
               Sort Key: s_2.a, s_2.b, s_2.c
               Sort Method: top-N heapsort  Memory: 1671kB
               ->  Seq Scan on s_2  (cost=0.00..16370.00 rows=1000000 width=20) (actual time=0.004..50.289 rows=1000000 loops=1)
 Planning time: 0.262 ms
 Execution time: 131.114 ms
(8 rows)

===== 47 [Wed Mar  7 03:00:01 CET 2018] scale:1000000 groups:10 work_mem:128MB incremental:off max_workers:0 =====
SELECT * FROM s_3 ORDER BY a, b, c, d LIMIT 10000
                                                           QUERY PLAN                                                            
---------------------------------------------------------------------------------------------------------------------------------
 Limit  (cost=87933.56..87933.56 rows=1 width=20) (actual time=133.314..133.314 rows=0 loops=1)
   ->  Limit  (cost=87808.56..87833.56 rows=10000 width=20) (actual time=132.090..133.039 rows=10000 loops=1)
         ->  Sort  (cost=87808.56..90308.56 rows=1000000 width=20) (actual time=132.089..132.493 rows=10000 loops=1)
               Sort Key: s_3.a, s_3.b, s_3.c, s_3.d
               Sort Method: top-N heapsort  Memory: 1563kB
               ->  Seq Scan on s_3  (cost=0.00..16370.00 rows=1000000 width=20) (actual time=0.007..49.815 rows=1000000 loops=1)
 Planning time: 0.276 ms
 Execution time: 133.445 ms
(8 rows)

===== 48 [Wed Mar  7 03:00:02 CET 2018] scale:1000000 groups:10 work_mem:128MB incremental:off max_workers:0 =====
SELECT * FROM s_4 ORDER BY a, b, c, d, e LIMIT 10000
                                                           QUERY PLAN                                                            
---------------------------------------------------------------------------------------------------------------------------------
 Limit  (cost=87933.56..87933.56 rows=1 width=20) (actual time=133.496..133.496 rows=0 loops=1)
   ->  Limit  (cost=87808.56..87833.56 rows=10000 width=20) (actual time=132.263..133.220 rows=10000 loops=1)
         ->  Sort  (cost=87808.56..90308.56 rows=1000000 width=20) (actual time=132.262..132.663 rows=10000 loops=1)
               Sort Key: s_4.a, s_4.b, s_4.c, s_4.d, s_4.e
               Sort Method: top-N heapsort  Memory: 1551kB
               ->  Seq Scan on s_4  (cost=0.00..16370.00 rows=1000000 width=20) (actual time=0.013..49.741 rows=1000000 loops=1)
 Planning time: 0.274 ms
 Execution time: 133.623 ms
(8 rows)

===== 49 [Wed Mar  7 03:00:03 CET 2018] scale:1000000 groups:10 work_mem:256MB incremental:on max_workers:0 =====
SELECT * FROM s_1 ORDER BY a, b LIMIT 10000
                                                                   QUERY PLAN                                                                   
------------------------------------------------------------------------------------------------------------------------------------------------
 Limit  (cost=9711.02..9711.02 rows=1 width=20) (actual time=17.346..17.346 rows=0 loops=1)
   ->  Limit  (cost=9436.02..9611.02 rows=10000 width=20) (actual time=16.028..17.072 rows=10000 loops=1)
         ->  Incremental Sort  (cost=9436.02..26936.24 rows=1000000 width=20) (actual time=16.027..16.524 rows=10000 loops=1)
               Sort Key: s_1.a, s_1.b
               Presorted Key: s_1.a
               Sort Method: quicksort  Memory: 5434kB
               Sort Groups: 1
               ->  Index Scan using s_1_a_idx on s_1  (cost=0.42..32353.42 rows=1000000 width=20) (actual time=0.015..6.345 rows=49886 loops=1)
 Planning time: 0.252 ms
 Execution time: 17.596 ms
(10 rows)

===== 50 [Wed Mar  7 03:00:03 CET 2018] scale:1000000 groups:10 work_mem:256MB incremental:on max_workers:0 =====
SELECT * FROM s_2 ORDER BY a, b, c LIMIT 10000
                                                                    QUERY PLAN                                                                    
--------------------------------------------------------------------------------------------------------------------------------------------------
 Limit  (cost=1151.47..1151.47 rows=1 width=20) (actual time=5.409..5.409 rows=0 loops=1)
   ->  Limit  (cost=874.61..1051.47 rows=10000 width=20) (actual time=0.970..5.133 rows=10000 loops=1)
         ->  Incremental Sort  (cost=874.61..18560.60 rows=1000000 width=20) (actual time=0.970..4.589 rows=10000 loops=1)
               Sort Key: s_2.a, s_2.b, s_2.c
               Presorted Key: s_2.a, s_2.b
               Sort Method: quicksort  Memory: 583kB
               Sort Groups: 3
               ->  Index Scan using s_2_a_b_idx on s_2  (cost=0.42..40712.74 rows=1000000 width=20) (actual time=0.013..1.572 rows=12505 loops=1)
 Planning time: 0.276 ms
 Execution time: 5.442 ms
(10 rows)

===== 51 [Wed Mar  7 03:00:03 CET 2018] scale:1000000 groups:10 work_mem:256MB incremental:on max_workers:0 =====
SELECT * FROM s_3 ORDER BY a, b, c, d LIMIT 10000
                                                                     QUERY PLAN                                                                     
----------------------------------------------------------------------------------------------------------------------------------------------------
 Limit  (cost=354.09..354.09 rows=1 width=20) (actual time=4.849..4.849 rows=0 loops=1)
   ->  Limit  (cost=70.23..254.09 rows=10000 width=20) (actual time=0.104..4.568 rows=10000 loops=1)
         ->  Incremental Sort  (cost=70.23..18456.15 rows=1000000 width=20) (actual time=0.103..4.014 rows=10000 loops=1)
               Sort Key: s_3.a, s_3.b, s_3.c, s_3.d
               Presorted Key: s_3.a, s_3.b, s_3.c
               Sort Method: quicksort  Memory: 65kB
               Sort Groups: 28
               ->  Index Scan using s_3_a_b_c_idx on s_3  (cost=0.42..45144.74 rows=1000000 width=20) (actual time=0.015..1.283 rows=10250 loops=1)
 Planning time: 0.284 ms
 Execution time: 4.872 ms
(10 rows)

===== 52 [Wed Mar  7 03:00:03 CET 2018] scale:1000000 groups:10 work_mem:256MB incremental:on max_workers:0 =====
SELECT * FROM s_4 ORDER BY a, b, c, d, e LIMIT 10000
                                                                      QUERY PLAN                                                                      
------------------------------------------------------------------------------------------------------------------------------------------------------
 Limit  (cost=291.03..291.03 rows=1 width=20) (actual time=5.075..5.075 rows=0 loops=1)
   ->  Limit  (cost=5.59..191.03 rows=10000 width=20) (actual time=0.072..4.797 rows=10000 loops=1)
         ->  Incremental Sort  (cost=5.59..18549.38 rows=1000000 width=20) (actual time=0.072..4.246 rows=10000 loops=1)
               Sort Key: s_4.a, s_4.b, s_4.c, s_4.d, s_4.e
               Presorted Key: s_4.a, s_4.b, s_4.c, s_4.d
               Sort Method: quicksort  Memory: 30kB
               Sort Groups: 210
               ->  Index Scan using s_4_a_b_c_d_idx on s_4  (cost=0.42..45144.74 rows=1000000 width=20) (actual time=0.015..1.255 rows=10014 loops=1)
 Planning time: 0.274 ms
 Execution time: 5.098 ms
(10 rows)

===== 53 [Wed Mar  7 03:00:03 CET 2018] scale:1000000 groups:10 work_mem:256MB incremental:off max_workers:0 =====
SELECT * FROM s_1 ORDER BY a, b LIMIT 10000
                                                           QUERY PLAN                                                            
---------------------------------------------------------------------------------------------------------------------------------
 Limit  (cost=87933.56..87933.56 rows=1 width=20) (actual time=132.774..132.774 rows=0 loops=1)
   ->  Limit  (cost=87808.56..87833.56 rows=10000 width=20) (actual time=131.526..132.498 rows=10000 loops=1)
         ->  Sort  (cost=87808.56..90308.56 rows=1000000 width=20) (actual time=131.525..131.955 rows=10000 loops=1)
               Sort Key: s_1.a, s_1.b
               Sort Method: top-N heapsort  Memory: 2048kB
               ->  Seq Scan on s_1  (cost=0.00..16370.00 rows=1000000 width=20) (actual time=0.010..50.303 rows=1000000 loops=1)
 Planning time: 0.254 ms
 Execution time: 132.901 ms
(8 rows)

===== 54 [Wed Mar  7 03:00:04 CET 2018] scale:1000000 groups:10 work_mem:256MB incremental:off max_workers:0 =====
SELECT * FROM s_2 ORDER BY a, b, c LIMIT 10000
                                                           QUERY PLAN                                                            
---------------------------------------------------------------------------------------------------------------------------------
 Limit  (cost=87933.56..87933.56 rows=1 width=20) (actual time=131.035..131.035 rows=0 loops=1)
   ->  Limit  (cost=87808.56..87833.56 rows=10000 width=20) (actual time=129.793..130.759 rows=10000 loops=1)
         ->  Sort  (cost=87808.56..90308.56 rows=1000000 width=20) (actual time=129.792..130.215 rows=10000 loops=1)
               Sort Key: s_2.a, s_2.b, s_2.c
               Sort Method: top-N heapsort  Memory: 1671kB
               ->  Seq Scan on s_2  (cost=0.00..16370.00 rows=1000000 width=20) (actual time=0.004..50.304 rows=1000000 loops=1)
 Planning time: 0.264 ms
 Execution time: 131.163 ms
(8 rows)

===== 55 [Wed Mar  7 03:00:04 CET 2018] scale:1000000 groups:10 work_mem:256MB incremental:off max_workers:0 =====
SELECT * FROM s_3 ORDER BY a, b, c, d LIMIT 10000
                                                           QUERY PLAN                                                            
---------------------------------------------------------------------------------------------------------------------------------
 Limit  (cost=87933.56..87933.56 rows=1 width=20) (actual time=133.382..133.382 rows=0 loops=1)
   ->  Limit  (cost=87808.56..87833.56 rows=10000 width=20) (actual time=132.159..133.106 rows=10000 loops=1)
         ->  Sort  (cost=87808.56..90308.56 rows=1000000 width=20) (actual time=132.158..132.563 rows=10000 loops=1)
               Sort Key: s_3.a, s_3.b, s_3.c, s_3.d
               Sort Method: top-N heapsort  Memory: 1563kB
               ->  Seq Scan on s_3  (cost=0.00..16370.00 rows=1000000 width=20) (actual time=0.007..49.845 rows=1000000 loops=1)
 Planning time: 0.275 ms
 Execution time: 133.511 ms
(8 rows)

===== 56 [Wed Mar  7 03:00:05 CET 2018] scale:1000000 groups:10 work_mem:256MB incremental:off max_workers:0 =====
SELECT * FROM s_4 ORDER BY a, b, c, d, e LIMIT 10000
                                                           QUERY PLAN                                                            
---------------------------------------------------------------------------------------------------------------------------------
 Limit  (cost=87933.56..87933.56 rows=1 width=20) (actual time=133.508..133.508 rows=0 loops=1)
   ->  Limit  (cost=87808.56..87833.56 rows=10000 width=20) (actual time=132.273..133.233 rows=10000 loops=1)
         ->  Sort  (cost=87808.56..90308.56 rows=1000000 width=20) (actual time=132.272..132.673 rows=10000 loops=1)
               Sort Key: s_4.a, s_4.b, s_4.c, s_4.d, s_4.e
               Sort Method: top-N heapsort  Memory: 1551kB
               ->  Seq Scan on s_4  (cost=0.00..16370.00 rows=1000000 width=20) (actual time=0.013..49.804 rows=1000000 loops=1)
 Planning time: 0.270 ms
 Execution time: 133.637 ms
(8 rows)

===== 57 [Wed Mar  7 03:00:06 CET 2018] scale:1000000 groups:10 work_mem:4MB incremental:on max_workers:2 =====
SELECT * FROM s_1 ORDER BY a, b LIMIT 10000
                                                                   QUERY PLAN                                                                   
------------------------------------------------------------------------------------------------------------------------------------------------
 Limit  (cost=9711.02..9711.02 rows=1 width=20) (actual time=20.864..20.864 rows=0 loops=1)
   ->  Limit  (cost=9436.02..9611.02 rows=10000 width=20) (actual time=19.120..20.592 rows=10000 loops=1)
         ->  Incremental Sort  (cost=9436.02..26936.24 rows=1000000 width=20) (actual time=19.120..20.023 rows=10000 loops=1)
               Sort Key: s_1.a, s_1.b
               Presorted Key: s_1.a
               Sort Method: external merge  Disk: 1472kB
               Sort Groups: 1
               ->  Index Scan using s_1_a_idx on s_1  (cost=0.42..32353.42 rows=1000000 width=20) (actual time=0.016..6.354 rows=49886 loops=1)
 Planning time: 0.260 ms
 Execution time: 21.151 ms
(10 rows)

===== 58 [Wed Mar  7 03:00:06 CET 2018] scale:1000000 groups:10 work_mem:4MB incremental:on max_workers:2 =====
SELECT * FROM s_2 ORDER BY a, b, c LIMIT 10000
                                                                    QUERY PLAN                                                                    
--------------------------------------------------------------------------------------------------------------------------------------------------
 Limit  (cost=1151.47..1151.47 rows=1 width=20) (actual time=5.411..5.411 rows=0 loops=1)
   ->  Limit  (cost=874.61..1051.47 rows=10000 width=20) (actual time=0.974..5.136 rows=10000 loops=1)
         ->  Incremental Sort  (cost=874.61..18560.60 rows=1000000 width=20) (actual time=0.973..4.590 rows=10000 loops=1)
               Sort Key: s_2.a, s_2.b, s_2.c
               Presorted Key: s_2.a, s_2.b
               Sort Method: quicksort  Memory: 583kB
               Sort Groups: 3
               ->  Index Scan using s_2_a_b_idx on s_2  (cost=0.42..40712.74 rows=1000000 width=20) (actual time=0.013..1.580 rows=12505 loops=1)
 Planning time: 0.274 ms
 Execution time: 5.444 ms
(10 rows)

===== 59 [Wed Mar  7 03:00:06 CET 2018] scale:1000000 groups:10 work_mem:4MB incremental:on max_workers:2 =====
SELECT * FROM s_3 ORDER BY a, b, c, d LIMIT 10000
                                                                     QUERY PLAN                                                                     
----------------------------------------------------------------------------------------------------------------------------------------------------
 Limit  (cost=354.09..354.09 rows=1 width=20) (actual time=4.851..4.851 rows=0 loops=1)
   ->  Limit  (cost=70.23..254.09 rows=10000 width=20) (actual time=0.108..4.569 rows=10000 loops=1)
         ->  Incremental Sort  (cost=70.23..18456.15 rows=1000000 width=20) (actual time=0.108..4.022 rows=10000 loops=1)
               Sort Key: s_3.a, s_3.b, s_3.c, s_3.d
               Presorted Key: s_3.a, s_3.b, s_3.c
               Sort Method: quicksort  Memory: 65kB
               Sort Groups: 28
               ->  Index Scan using s_3_a_b_c_idx on s_3  (cost=0.42..45144.74 rows=1000000 width=20) (actual time=0.015..1.284 rows=10250 loops=1)
 Planning time: 0.291 ms
 Execution time: 4.873 ms
(10 rows)

===== 60 [Wed Mar  7 03:00:06 CET 2018] scale:1000000 groups:10 work_mem:4MB incremental:on max_workers:2 =====
SELECT * FROM s_4 ORDER BY a, b, c, d, e LIMIT 10000
                                                                      QUERY PLAN                                                                      
------------------------------------------------------------------------------------------------------------------------------------------------------
 Limit  (cost=291.03..291.03 rows=1 width=20) (actual time=5.080..5.080 rows=0 loops=1)
   ->  Limit  (cost=5.59..191.03 rows=10000 width=20) (actual time=0.078..4.805 rows=10000 loops=1)
         ->  Incremental Sort  (cost=5.59..18549.38 rows=1000000 width=20) (actual time=0.078..4.257 rows=10000 loops=1)
               Sort Key: s_4.a, s_4.b, s_4.c, s_4.d, s_4.e
               Presorted Key: s_4.a, s_4.b, s_4.c, s_4.d
               Sort Method: quicksort  Memory: 30kB
               Sort Groups: 210
               ->  Index Scan using s_4_a_b_c_d_idx on s_4  (cost=0.42..45144.74 rows=1000000 width=20) (actual time=0.015..1.261 rows=10014 loops=1)
 Planning time: 0.276 ms
 Execution time: 5.103 ms
(10 rows)

===== 61 [Wed Mar  7 03:00:06 CET 2018] scale:1000000 groups:10 work_mem:4MB incremental:off max_workers:2 =====
SELECT * FROM s_1 ORDER BY a, b LIMIT 10000
                                                                  QUERY PLAN                                                                  
----------------------------------------------------------------------------------------------------------------------------------------------
 Limit  (cost=42569.53..42569.53 rows=1 width=20) (actual time=53.677..53.677 rows=0 loops=1)
   ->  Limit  (cost=41302.78..42469.53 rows=10000 width=20) (actual time=51.172..53.387 rows=10000 loops=1)
         ->  Gather Merge  (cost=41302.78..138531.87 rows=833334 width=20) (actual time=51.171..52.824 rows=10000 loops=1)
               Workers Planned: 2
               Workers Launched: 2
               ->  Sort  (cost=40302.76..41344.43 rows=416667 width=20) (actual time=49.657..49.841 rows=3943 loops=3)
                     Sort Key: s_1.a, s_1.b
                     Sort Method: top-N heapsort  Memory: 2056kB
                     Worker 0:  Sort Method: top-N heapsort  Memory: 1846kB
                     Worker 1:  Sort Method: top-N heapsort  Memory: 1834kB
                     ->  Parallel Seq Scan on s_1  (cost=0.00..10536.67 rows=416667 width=20) (actual time=0.009..18.425 rows=333333 loops=3)
 Planning time: 0.267 ms
 Execution time: 55.661 ms
(13 rows)

===== 62 [Wed Mar  7 03:00:07 CET 2018] scale:1000000 groups:10 work_mem:4MB incremental:off max_workers:2 =====
SELECT * FROM s_2 ORDER BY a, b, c LIMIT 10000
                                                                  QUERY PLAN                                                                  
----------------------------------------------------------------------------------------------------------------------------------------------
 Limit  (cost=42569.53..42569.53 rows=1 width=20) (actual time=53.758..53.758 rows=0 loops=1)
   ->  Limit  (cost=41302.78..42469.53 rows=10000 width=20) (actual time=51.155..53.475 rows=10000 loops=1)
         ->  Gather Merge  (cost=41302.78..138531.87 rows=833334 width=20) (actual time=51.154..52.914 rows=10000 loops=1)
               Workers Planned: 2
               Workers Launched: 2
               ->  Sort  (cost=40302.76..41344.43 rows=416667 width=20) (actual time=49.622..49.797 rows=3981 loops=3)
                     Sort Key: s_2.a, s_2.b, s_2.c
                     Sort Method: top-N heapsort  Memory: 1643kB
                     Worker 0:  Sort Method: top-N heapsort  Memory: 1615kB
                     Worker 1:  Sort Method: top-N heapsort  Memory: 1608kB
                     ->  Parallel Seq Scan on s_2  (cost=0.00..10536.67 rows=416667 width=20) (actual time=0.008..18.501 rows=333333 loops=3)
 Planning time: 0.273 ms
 Execution time: 55.825 ms
(13 rows)

===== 63 [Wed Mar  7 03:00:07 CET 2018] scale:1000000 groups:10 work_mem:4MB incremental:off max_workers:2 =====
SELECT * FROM s_3 ORDER BY a, b, c, d LIMIT 10000
                                                                  QUERY PLAN                                                                  
----------------------------------------------------------------------------------------------------------------------------------------------
 Limit  (cost=42569.53..42569.53 rows=1 width=20) (actual time=54.595..54.595 rows=0 loops=1)
   ->  Limit  (cost=41302.78..42469.53 rows=10000 width=20) (actual time=52.013..54.314 rows=10000 loops=1)
         ->  Gather Merge  (cost=41302.78..138531.87 rows=833334 width=20) (actual time=52.013..53.751 rows=10000 loops=1)
               Workers Planned: 2
               Workers Launched: 2
               ->  Sort  (cost=40302.76..41344.43 rows=416667 width=20) (actual time=50.337..50.511 rows=4113 loops=3)
                     Sort Key: s_3.a, s_3.b, s_3.c, s_3.d
                     Sort Method: top-N heapsort  Memory: 1563kB
                     Worker 0:  Sort Method: top-N heapsort  Memory: 1553kB
                     Worker 1:  Sort Method: top-N heapsort  Memory: 1554kB
                     ->  Parallel Seq Scan on s_3  (cost=0.00..10536.67 rows=416667 width=20) (actual time=0.008..18.601 rows=333333 loops=3)
 Planning time: 0.284 ms
 Execution time: 56.707 ms
(13 rows)

===== 64 [Wed Mar  7 03:00:07 CET 2018] scale:1000000 groups:10 work_mem:4MB incremental:off max_workers:2 =====
SELECT * FROM s_4 ORDER BY a, b, c, d, e LIMIT 10000
                                                                  QUERY PLAN                                                                  
----------------------------------------------------------------------------------------------------------------------------------------------
 Limit  (cost=42569.53..42569.53 rows=1 width=20) (actual time=55.498..55.498 rows=0 loops=1)
   ->  Limit  (cost=41302.78..42469.53 rows=10000 width=20) (actual time=52.925..55.217 rows=10000 loops=1)
         ->  Gather Merge  (cost=41302.78..138531.87 rows=833334 width=20) (actual time=52.924..54.653 rows=10000 loops=1)
               Workers Planned: 2
               Workers Launched: 2
               ->  Sort  (cost=40302.76..41344.43 rows=416667 width=20) (actual time=51.237..51.408 rows=4113 loops=3)
                     Sort Key: s_4.a, s_4.b, s_4.c, s_4.d, s_4.e
                     Sort Method: top-N heapsort  Memory: 1551kB
                     Worker 0:  Sort Method: top-N heapsort  Memory: 1551kB
                     Worker 1:  Sort Method: top-N heapsort  Memory: 1551kB
                     ->  Parallel Seq Scan on s_4  (cost=0.00..10536.67 rows=416667 width=20) (actual time=0.011..18.639 rows=333333 loops=3)
 Planning time: 0.267 ms
 Execution time: 57.641 ms
(13 rows)

===== 65 [Wed Mar  7 03:00:08 CET 2018] scale:1000000 groups:10 work_mem:8MB incremental:on max_workers:2 =====
SELECT * FROM s_1 ORDER BY a, b LIMIT 10000
                                                                   QUERY PLAN                                                                   
------------------------------------------------------------------------------------------------------------------------------------------------
 Limit  (cost=9711.02..9711.02 rows=1 width=20) (actual time=17.350..17.350 rows=0 loops=1)
   ->  Limit  (cost=9436.02..9611.02 rows=10000 width=20) (actual time=16.031..17.075 rows=10000 loops=1)
         ->  Incremental Sort  (cost=9436.02..26936.24 rows=1000000 width=20) (actual time=16.031..16.526 rows=10000 loops=1)
               Sort Key: s_1.a, s_1.b
               Presorted Key: s_1.a
               Sort Method: quicksort  Memory: 5434kB
               Sort Groups: 1
               ->  Index Scan using s_1_a_idx on s_1  (cost=0.42..32353.42 rows=1000000 width=20) (actual time=0.015..6.346 rows=49886 loops=1)
 Planning time: 0.269 ms
 Execution time: 17.597 ms
(10 rows)

===== 66 [Wed Mar  7 03:00:08 CET 2018] scale:1000000 groups:10 work_mem:8MB incremental:on max_workers:2 =====
SELECT * FROM s_2 ORDER BY a, b, c LIMIT 10000
                                                                    QUERY PLAN                                                                    
--------------------------------------------------------------------------------------------------------------------------------------------------
 Limit  (cost=1151.47..1151.47 rows=1 width=20) (actual time=5.414..5.414 rows=0 loops=1)
   ->  Limit  (cost=874.61..1051.47 rows=10000 width=20) (actual time=0.964..5.138 rows=10000 loops=1)
         ->  Incremental Sort  (cost=874.61..18560.60 rows=1000000 width=20) (actual time=0.964..4.580 rows=10000 loops=1)
               Sort Key: s_2.a, s_2.b, s_2.c
               Presorted Key: s_2.a, s_2.b
               Sort Method: quicksort  Memory: 583kB
               Sort Groups: 3
               ->  Index Scan using s_2_a_b_idx on s_2  (cost=0.42..40712.74 rows=1000000 width=20) (actual time=0.013..1.563 rows=12505 loops=1)
 Planning time: 0.276 ms
 Execution time: 5.451 ms
(10 rows)

===== 67 [Wed Mar  7 03:00:08 CET 2018] scale:1000000 groups:10 work_mem:8MB incremental:on max_workers:2 =====
SELECT * FROM s_3 ORDER BY a, b, c, d LIMIT 10000
                                                                     QUERY PLAN                                                                     
----------------------------------------------------------------------------------------------------------------------------------------------------
 Limit  (cost=354.09..354.09 rows=1 width=20) (actual time=4.848..4.848 rows=0 loops=1)
   ->  Limit  (cost=70.23..254.09 rows=10000 width=20) (actual time=0.104..4.566 rows=10000 loops=1)
         ->  Incremental Sort  (cost=70.23..18456.15 rows=1000000 width=20) (actual time=0.104..4.019 rows=10000 loops=1)
               Sort Key: s_3.a, s_3.b, s_3.c, s_3.d
               Presorted Key: s_3.a, s_3.b, s_3.c
               Sort Method: quicksort  Memory: 65kB
               Sort Groups: 28
               ->  Index Scan using s_3_a_b_c_idx on s_3  (cost=0.42..45144.74 rows=1000000 width=20) (actual time=0.015..1.283 rows=10250 loops=1)
 Planning time: 0.292 ms
 Execution time: 4.871 ms
(10 rows)

===== 68 [Wed Mar  7 03:00:08 CET 2018] scale:1000000 groups:10 work_mem:8MB incremental:on max_workers:2 =====
SELECT * FROM s_4 ORDER BY a, b, c, d, e LIMIT 10000
                                                                      QUERY PLAN                                                                      
------------------------------------------------------------------------------------------------------------------------------------------------------
 Limit  (cost=291.03..291.03 rows=1 width=20) (actual time=5.071..5.071 rows=0 loops=1)
   ->  Limit  (cost=5.59..191.03 rows=10000 width=20) (actual time=0.071..4.795 rows=10000 loops=1)
         ->  Incremental Sort  (cost=5.59..18549.38 rows=1000000 width=20) (actual time=0.071..4.241 rows=10000 loops=1)
               Sort Key: s_4.a, s_4.b, s_4.c, s_4.d, s_4.e
               Presorted Key: s_4.a, s_4.b, s_4.c, s_4.d
               Sort Method: quicksort  Memory: 30kB
               Sort Groups: 210
               ->  Index Scan using s_4_a_b_c_d_idx on s_4  (cost=0.42..45144.74 rows=1000000 width=20) (actual time=0.015..1.262 rows=10014 loops=1)
 Planning time: 0.276 ms
 Execution time: 5.094 ms
(10 rows)

===== 69 [Wed Mar  7 03:00:08 CET 2018] scale:1000000 groups:10 work_mem:8MB incremental:off max_workers:2 =====
SELECT * FROM s_1 ORDER BY a, b LIMIT 10000
                                                                  QUERY PLAN                                                                  
----------------------------------------------------------------------------------------------------------------------------------------------
 Limit  (cost=42569.53..42569.53 rows=1 width=20) (actual time=53.946..53.946 rows=0 loops=1)
   ->  Limit  (cost=41302.78..42469.53 rows=10000 width=20) (actual time=51.432..53.665 rows=10000 loops=1)
         ->  Gather Merge  (cost=41302.78..138531.87 rows=833334 width=20) (actual time=51.431..53.097 rows=10000 loops=1)
               Workers Planned: 2
               Workers Launched: 2
               ->  Sort  (cost=40302.76..41344.43 rows=416667 width=20) (actual time=49.965..50.147 rows=3922 loops=3)
                     Sort Key: s_1.a, s_1.b
                     Sort Method: top-N heapsort  Memory: 2056kB
                     Worker 0:  Sort Method: top-N heapsort  Memory: 1846kB
                     Worker 1:  Sort Method: top-N heapsort  Memory: 1834kB
                     ->  Parallel Seq Scan on s_1  (cost=0.00..10536.67 rows=416667 width=20) (actual time=0.009..18.422 rows=333333 loops=3)
 Planning time: 0.267 ms
 Execution time: 55.961 ms
(13 rows)

===== 70 [Wed Mar  7 03:00:08 CET 2018] scale:1000000 groups:10 work_mem:8MB incremental:off max_workers:2 =====
SELECT * FROM s_2 ORDER BY a, b, c LIMIT 10000
                                                                  QUERY PLAN                                                                  
----------------------------------------------------------------------------------------------------------------------------------------------
 Limit  (cost=42569.53..42569.53 rows=1 width=20) (actual time=53.768..53.768 rows=0 loops=1)
   ->  Limit  (cost=41302.78..42469.53 rows=10000 width=20) (actual time=51.171..53.489 rows=10000 loops=1)
         ->  Gather Merge  (cost=41302.78..138531.87 rows=833334 width=20) (actual time=51.171..52.929 rows=10000 loops=1)
               Workers Planned: 2
               Workers Launched: 2
               ->  Sort  (cost=40302.76..41344.43 rows=416667 width=20) (actual time=49.633..49.807 rows=3999 loops=3)
                     Sort Key: s_2.a, s_2.b, s_2.c
                     Sort Method: top-N heapsort  Memory: 1648kB
                     Worker 0:  Sort Method: top-N heapsort  Memory: 1612kB
                     Worker 1:  Sort Method: top-N heapsort  Memory: 1611kB
                     ->  Parallel Seq Scan on s_2  (cost=0.00..10536.67 rows=416667 width=20) (actual time=0.007..18.490 rows=333333 loops=3)
 Planning time: 0.274 ms
 Execution time: 55.856 ms
(13 rows)

===== 71 [Wed Mar  7 03:00:09 CET 2018] scale:1000000 groups:10 work_mem:8MB incremental:off max_workers:2 =====
SELECT * FROM s_3 ORDER BY a, b, c, d LIMIT 10000
                                                                  QUERY PLAN                                                                  
----------------------------------------------------------------------------------------------------------------------------------------------
 Limit  (cost=42569.53..42569.53 rows=1 width=20) (actual time=54.631..54.631 rows=0 loops=1)
   ->  Limit  (cost=41302.78..42469.53 rows=10000 width=20) (actual time=52.052..54.349 rows=10000 loops=1)
         ->  Gather Merge  (cost=41302.78..138531.87 rows=833334 width=20) (actual time=52.051..53.785 rows=10000 loops=1)
               Workers Planned: 2
               Workers Launched: 2
               ->  Sort  (cost=40302.76..41344.43 rows=416667 width=20) (actual time=50.326..50.499 rows=4113 loops=3)
                     Sort Key: s_3.a, s_3.b, s_3.c, s_3.d
                     Sort Method: top-N heapsort  Memory: 1563kB
                     Worker 0:  Sort Method: top-N heapsort  Memory: 1553kB
                     Worker 1:  Sort Method: top-N heapsort  Memory: 1554kB
                     ->  Parallel Seq Scan on s_3  (cost=0.00..10536.67 rows=416667 width=20) (actual time=0.009..18.603 rows=333333 loops=3)
 Planning time: 0.285 ms
 Execution time: 56.751 ms
(13 rows)

===== 72 [Wed Mar  7 03:00:09 CET 2018] scale:1000000 groups:10 work_mem:8MB incremental:off max_workers:2 =====
SELECT * FROM s_4 ORDER BY a, b, c, d, e LIMIT 10000
                                                                  QUERY PLAN                                                                  
----------------------------------------------------------------------------------------------------------------------------------------------
 Limit  (cost=42569.53..42569.53 rows=1 width=20) (actual time=55.506..55.506 rows=0 loops=1)
   ->  Limit  (cost=41302.78..42469.53 rows=10000 width=20) (actual time=52.929..55.225 rows=10000 loops=1)
         ->  Gather Merge  (cost=41302.78..138531.87 rows=833334 width=20) (actual time=52.929..54.660 rows=10000 loops=1)
               Workers Planned: 2
               Workers Launched: 2
               ->  Sort  (cost=40302.76..41344.43 rows=416667 width=20) (actual time=51.237..51.409 rows=4113 loops=3)
                     Sort Key: s_4.a, s_4.b, s_4.c, s_4.d, s_4.e
                     Sort Method: top-N heapsort  Memory: 1551kB
                     Worker 0:  Sort Method: top-N heapsort  Memory: 1551kB
                     Worker 1:  Sort Method: top-N heapsort  Memory: 1551kB
                     ->  Parallel Seq Scan on s_4  (cost=0.00..10536.67 rows=416667 width=20) (actual time=0.012..18.625 rows=333333 loops=3)
 Planning time: 0.276 ms
 Execution time: 57.639 ms
(13 rows)

===== 73 [Wed Mar  7 03:00:09 CET 2018] scale:1000000 groups:10 work_mem:16MB incremental:on max_workers:2 =====
SELECT * FROM s_1 ORDER BY a, b LIMIT 10000
                                                                   QUERY PLAN                                                                   
------------------------------------------------------------------------------------------------------------------------------------------------
 Limit  (cost=9711.02..9711.02 rows=1 width=20) (actual time=17.350..17.350 rows=0 loops=1)
   ->  Limit  (cost=9436.02..9611.02 rows=10000 width=20) (actual time=16.037..17.075 rows=10000 loops=1)
         ->  Incremental Sort  (cost=9436.02..26936.24 rows=1000000 width=20) (actual time=16.036..16.526 rows=10000 loops=1)
               Sort Key: s_1.a, s_1.b
               Presorted Key: s_1.a
               Sort Method: quicksort  Memory: 5434kB
               Sort Groups: 1
               ->  Index Scan using s_1_a_idx on s_1  (cost=0.42..32353.42 rows=1000000 width=20) (actual time=0.015..6.347 rows=49886 loops=1)
 Planning time: 0.283 ms
 Execution time: 17.596 ms
(10 rows)

===== 74 [Wed Mar  7 03:00:10 CET 2018] scale:1000000 groups:10 work_mem:16MB incremental:on max_workers:2 =====
SELECT * FROM s_2 ORDER BY a, b, c LIMIT 10000
                                                                    QUERY PLAN                                                                    
--------------------------------------------------------------------------------------------------------------------------------------------------
 Limit  (cost=1151.47..1151.47 rows=1 width=20) (actual time=5.460..5.460 rows=0 loops=1)
   ->  Limit  (cost=874.61..1051.47 rows=10000 width=20) (actual time=0.986..5.184 rows=10000 loops=1)
         ->  Incremental Sort  (cost=874.61..18560.60 rows=1000000 width=20) (actual time=0.985..4.635 rows=10000 loops=1)
               Sort Key: s_2.a, s_2.b, s_2.c
               Presorted Key: s_2.a, s_2.b
               Sort Method: quicksort  Memory: 583kB
               Sort Groups: 3
               ->  Index Scan using s_2_a_b_idx on s_2  (cost=0.42..40712.74 rows=1000000 width=20) (actual time=0.013..1.585 rows=12505 loops=1)
 Planning time: 0.274 ms
 Execution time: 5.493 ms
(10 rows)

===== 75 [Wed Mar  7 03:00:10 CET 2018] scale:1000000 groups:10 work_mem:16MB incremental:on max_workers:2 =====
SELECT * FROM s_3 ORDER BY a, b, c, d LIMIT 10000
                                                                     QUERY PLAN                                                                     
----------------------------------------------------------------------------------------------------------------------------------------------------
 Limit  (cost=354.09..354.09 rows=1 width=20) (actual time=4.856..4.856 rows=0 loops=1)
   ->  Limit  (cost=70.23..254.09 rows=10000 width=20) (actual time=0.106..4.579 rows=10000 loops=1)
         ->  Incremental Sort  (cost=70.23..18456.15 rows=1000000 width=20) (actual time=0.106..4.031 rows=10000 loops=1)
               Sort Key: s_3.a, s_3.b, s_3.c, s_3.d
               Presorted Key: s_3.a, s_3.b, s_3.c
               Sort Method: quicksort  Memory: 65kB
               Sort Groups: 28
               ->  Index Scan using s_3_a_b_c_idx on s_3  (cost=0.42..45144.74 rows=1000000 width=20) (actual time=0.015..1.283 rows=10250 loops=1)
 Planning time: 0.296 ms
 Execution time: 4.879 ms
(10 rows)

===== 76 [Wed Mar  7 03:00:10 CET 2018] scale:1000000 groups:10 work_mem:16MB incremental:on max_workers:2 =====
SELECT * FROM s_4 ORDER BY a, b, c, d, e LIMIT 10000
                                                                      QUERY PLAN                                                                      
------------------------------------------------------------------------------------------------------------------------------------------------------
 Limit  (cost=291.03..291.03 rows=1 width=20) (actual time=5.068..5.068 rows=0 loops=1)
   ->  Limit  (cost=5.59..191.03 rows=10000 width=20) (actual time=0.074..4.790 rows=10000 loops=1)
         ->  Incremental Sort  (cost=5.59..18549.38 rows=1000000 width=20) (actual time=0.074..4.241 rows=10000 loops=1)
               Sort Key: s_4.a, s_4.b, s_4.c, s_4.d, s_4.e
               Presorted Key: s_4.a, s_4.b, s_4.c, s_4.d
               Sort Method: quicksort  Memory: 30kB
               Sort Groups: 210
               ->  Index Scan using s_4_a_b_c_d_idx on s_4  (cost=0.42..45144.74 rows=1000000 width=20) (actual time=0.016..1.263 rows=10014 loops=1)
 Planning time: 0.276 ms
 Execution time: 5.091 ms
(10 rows)

===== 77 [Wed Mar  7 03:00:10 CET 2018] scale:1000000 groups:10 work_mem:16MB incremental:off max_workers:2 =====
SELECT * FROM s_1 ORDER BY a, b LIMIT 10000
                                                                  QUERY PLAN                                                                  
----------------------------------------------------------------------------------------------------------------------------------------------
 Limit  (cost=42569.53..42569.53 rows=1 width=20) (actual time=53.533..53.533 rows=0 loops=1)
   ->  Limit  (cost=41302.78..42469.53 rows=10000 width=20) (actual time=51.026..53.253 rows=10000 loops=1)
         ->  Gather Merge  (cost=41302.78..138531.87 rows=833334 width=20) (actual time=51.026..52.688 rows=10000 loops=1)
               Workers Planned: 2
               Workers Launched: 2
               ->  Sort  (cost=40302.76..41344.43 rows=416667 width=20) (actual time=49.490..49.673 rows=3957 loops=3)
                     Sort Key: s_1.a, s_1.b
                     Sort Method: top-N heapsort  Memory: 2055kB
                     Worker 0:  Sort Method: top-N heapsort  Memory: 1837kB
                     Worker 1:  Sort Method: top-N heapsort  Memory: 1842kB
                     ->  Parallel Seq Scan on s_1  (cost=0.00..10536.67 rows=416667 width=20) (actual time=0.007..18.524 rows=333333 loops=3)
 Planning time: 0.269 ms
 Execution time: 55.572 ms
(13 rows)

===== 78 [Wed Mar  7 03:00:10 CET 2018] scale:1000000 groups:10 work_mem:16MB incremental:off max_workers:2 =====
SELECT * FROM s_2 ORDER BY a, b, c LIMIT 10000
                                                                  QUERY PLAN                                                                  
----------------------------------------------------------------------------------------------------------------------------------------------
 Limit  (cost=42569.53..42569.53 rows=1 width=20) (actual time=53.744..53.744 rows=0 loops=1)
   ->  Limit  (cost=41302.78..42469.53 rows=10000 width=20) (actual time=51.137..53.462 rows=10000 loops=1)
         ->  Gather Merge  (cost=41302.78..138531.87 rows=833334 width=20) (actual time=51.137..52.901 rows=10000 loops=1)
               Workers Planned: 2
               Workers Launched: 2
               ->  Sort  (cost=40302.76..41344.43 rows=416667 width=20) (actual time=49.602..49.778 rows=4011 loops=3)
                     Sort Key: s_2.a, s_2.b, s_2.c
                     Sort Method: top-N heapsort  Memory: 1650kB
                     Worker 0:  Sort Method: top-N heapsort  Memory: 1615kB
                     Worker 1:  Sort Method: top-N heapsort  Memory: 1608kB
                     ->  Parallel Seq Scan on s_2  (cost=0.00..10536.67 rows=416667 width=20) (actual time=0.007..18.474 rows=333333 loops=3)
 Planning time: 0.271 ms
 Execution time: 55.812 ms
(13 rows)

===== 79 [Wed Mar  7 03:00:10 CET 2018] scale:1000000 groups:10 work_mem:16MB incremental:off max_workers:2 =====
SELECT * FROM s_3 ORDER BY a, b, c, d LIMIT 10000
                                                                  QUERY PLAN                                                                  
----------------------------------------------------------------------------------------------------------------------------------------------
 Limit  (cost=42569.53..42569.53 rows=1 width=20) (actual time=54.599..54.599 rows=0 loops=1)
   ->  Limit  (cost=41302.78..42469.53 rows=10000 width=20) (actual time=52.020..54.313 rows=10000 loops=1)
         ->  Gather Merge  (cost=41302.78..138531.87 rows=833334 width=20) (actual time=52.019..53.749 rows=10000 loops=1)
               Workers Planned: 2
               Workers Launched: 2
               ->  Sort  (cost=40302.76..41344.43 rows=416667 width=20) (actual time=50.311..50.483 rows=4113 loops=3)
                     Sort Key: s_3.a, s_3.b, s_3.c, s_3.d
                     Sort Method: top-N heapsort  Memory: 1563kB
                     Worker 0:  Sort Method: top-N heapsort  Memory: 1553kB
                     Worker 1:  Sort Method: top-N heapsort  Memory: 1554kB
                     ->  Parallel Seq Scan on s_3  (cost=0.00..10536.67 rows=416667 width=20) (actual time=0.009..18.584 rows=333333 loops=3)
 Planning time: 0.297 ms
 Execution time: 56.715 ms
(13 rows)

===== 80 [Wed Mar  7 03:00:11 CET 2018] scale:1000000 groups:10 work_mem:16MB incremental:off max_workers:2 =====
SELECT * FROM s_4 ORDER BY a, b, c, d, e LIMIT 10000
                                                                  QUERY PLAN                                                                  
----------------------------------------------------------------------------------------------------------------------------------------------
 Limit  (cost=42569.53..42569.53 rows=1 width=20) (actual time=55.498..55.498 rows=0 loops=1)
   ->  Limit  (cost=41302.78..42469.53 rows=10000 width=20) (actual time=52.925..55.215 rows=10000 loops=1)
         ->  Gather Merge  (cost=41302.78..138531.87 rows=833334 width=20) (actual time=52.924..54.650 rows=10000 loops=1)
               Workers Planned: 2
               Workers Launched: 2
               ->  Sort  (cost=40302.76..41344.43 rows=416667 width=20) (actual time=51.229..51.401 rows=4113 loops=3)
                     Sort Key: s_4.a, s_4.b, s_4.c, s_4.d, s_4.e
                     Sort Method: top-N heapsort  Memory: 1551kB
                     Worker 0:  Sort Method: top-N heapsort  Memory: 1551kB
                     Worker 1:  Sort Method: top-N heapsort  Memory: 1551kB
                     ->  Parallel Seq Scan on s_4  (cost=0.00..10536.67 rows=416667 width=20) (actual time=0.011..18.625 rows=333333 loops=3)
 Planning time: 0.271 ms
 Execution time: 57.636 ms
(13 rows)

===== 81 [Wed Mar  7 03:00:11 CET 2018] scale:1000000 groups:10 work_mem:32MB incremental:on max_workers:2 =====
SELECT * FROM s_1 ORDER BY a, b LIMIT 10000
                                                                   QUERY PLAN                                                                   
------------------------------------------------------------------------------------------------------------------------------------------------
 Limit  (cost=9711.02..9711.02 rows=1 width=20) (actual time=17.381..17.381 rows=0 loops=1)
   ->  Limit  (cost=9436.02..9611.02 rows=10000 width=20) (actual time=16.056..17.106 rows=10000 loops=1)
         ->  Incremental Sort  (cost=9436.02..26936.24 rows=1000000 width=20) (actual time=16.055..16.558 rows=10000 loops=1)
               Sort Key: s_1.a, s_1.b
               Presorted Key: s_1.a
               Sort Method: quicksort  Memory: 5434kB
               Sort Groups: 1
               ->  Index Scan using s_1_a_idx on s_1  (cost=0.42..32353.42 rows=1000000 width=20) (actual time=0.015..6.344 rows=49886 loops=1)
 Planning time: 0.264 ms
 Execution time: 17.631 ms
(10 rows)

===== 82 [Wed Mar  7 03:00:11 CET 2018] scale:1000000 groups:10 work_mem:32MB incremental:on max_workers:2 =====
SELECT * FROM s_2 ORDER BY a, b, c LIMIT 10000
                                                                    QUERY PLAN                                                                    
--------------------------------------------------------------------------------------------------------------------------------------------------
 Limit  (cost=1151.47..1151.47 rows=1 width=20) (actual time=5.410..5.410 rows=0 loops=1)
   ->  Limit  (cost=874.61..1051.47 rows=10000 width=20) (actual time=0.973..5.132 rows=10000 loops=1)
         ->  Incremental Sort  (cost=874.61..18560.60 rows=1000000 width=20) (actual time=0.973..4.586 rows=10000 loops=1)
               Sort Key: s_2.a, s_2.b, s_2.c
               Presorted Key: s_2.a, s_2.b
               Sort Method: quicksort  Memory: 583kB
               Sort Groups: 3
               ->  Index Scan using s_2_a_b_idx on s_2  (cost=0.42..40712.74 rows=1000000 width=20) (actual time=0.013..1.573 rows=12505 loops=1)
 Planning time: 0.275 ms
 Execution time: 5.443 ms
(10 rows)

===== 83 [Wed Mar  7 03:00:11 CET 2018] scale:1000000 groups:10 work_mem:32MB incremental:on max_workers:2 =====
SELECT * FROM s_3 ORDER BY a, b, c, d LIMIT 10000
                                                                     QUERY PLAN                                                                     
----------------------------------------------------------------------------------------------------------------------------------------------------
 Limit  (cost=354.09..354.09 rows=1 width=20) (actual time=4.845..4.845 rows=0 loops=1)
   ->  Limit  (cost=70.23..254.09 rows=10000 width=20) (actual time=0.104..4.566 rows=10000 loops=1)
         ->  Incremental Sort  (cost=70.23..18456.15 rows=1000000 width=20) (actual time=0.103..4.019 rows=10000 loops=1)
               Sort Key: s_3.a, s_3.b, s_3.c, s_3.d
               Presorted Key: s_3.a, s_3.b, s_3.c
               Sort Method: quicksort  Memory: 65kB
               Sort Groups: 28
               ->  Index Scan using s_3_a_b_c_idx on s_3  (cost=0.42..45144.74 rows=1000000 width=20) (actual time=0.015..1.284 rows=10250 loops=1)
 Planning time: 0.293 ms
 Execution time: 4.874 ms
(10 rows)

===== 84 [Wed Mar  7 03:00:12 CET 2018] scale:1000000 groups:10 work_mem:32MB incremental:on max_workers:2 =====
SELECT * FROM s_4 ORDER BY a, b, c, d, e LIMIT 10000
                                                                      QUERY PLAN                                                                      
------------------------------------------------------------------------------------------------------------------------------------------------------
 Limit  (cost=291.03..291.03 rows=1 width=20) (actual time=5.076..5.076 rows=0 loops=1)
   ->  Limit  (cost=5.59..191.03 rows=10000 width=20) (actual time=0.071..4.800 rows=10000 loops=1)
         ->  Incremental Sort  (cost=5.59..18549.38 rows=1000000 width=20) (actual time=0.071..4.252 rows=10000 loops=1)
               Sort Key: s_4.a, s_4.b, s_4.c, s_4.d, s_4.e
               Presorted Key: s_4.a, s_4.b, s_4.c, s_4.d
               Sort Method: quicksort  Memory: 30kB
               Sort Groups: 210
               ->  Index Scan using s_4_a_b_c_d_idx on s_4  (cost=0.42..45144.74 rows=1000000 width=20) (actual time=0.015..1.269 rows=10014 loops=1)
 Planning time: 0.278 ms
 Execution time: 5.099 ms
(10 rows)

===== 85 [Wed Mar  7 03:00:12 CET 2018] scale:1000000 groups:10 work_mem:32MB incremental:off max_workers:2 =====
SELECT * FROM s_1 ORDER BY a, b LIMIT 10000
                                                                  QUERY PLAN                                                                  
----------------------------------------------------------------------------------------------------------------------------------------------
 Limit  (cost=42569.53..42569.53 rows=1 width=20) (actual time=53.382..53.382 rows=0 loops=1)
   ->  Limit  (cost=41302.78..42469.53 rows=10000 width=20) (actual time=50.869..53.100 rows=10000 loops=1)
         ->  Gather Merge  (cost=41302.78..138531.87 rows=833334 width=20) (actual time=50.868..52.537 rows=10000 loops=1)
               Workers Planned: 2
               Workers Launched: 2
               ->  Sort  (cost=40302.76..41344.43 rows=416667 width=20) (actual time=49.406..49.589 rows=3944 loops=3)
                     Sort Key: s_1.a, s_1.b
                     Sort Method: top-N heapsort  Memory: 2051kB
                     Worker 0:  Sort Method: top-N heapsort  Memory: 1841kB
                     Worker 1:  Sort Method: top-N heapsort  Memory: 1838kB
                     ->  Parallel Seq Scan on s_1  (cost=0.00..10536.67 rows=416667 width=20) (actual time=0.009..18.519 rows=333333 loops=3)
 Planning time: 0.267 ms
 Execution time: 55.397 ms
(13 rows)

===== 86 [Wed Mar  7 03:00:12 CET 2018] scale:1000000 groups:10 work_mem:32MB incremental:off max_workers:2 =====
SELECT * FROM s_2 ORDER BY a, b, c LIMIT 10000
                                                                  QUERY PLAN                                                                  
----------------------------------------------------------------------------------------------------------------------------------------------
 Limit  (cost=42569.53..42569.53 rows=1 width=20) (actual time=53.826..53.826 rows=0 loops=1)
   ->  Limit  (cost=41302.78..42469.53 rows=10000 width=20) (actual time=51.217..53.548 rows=10000 loops=1)
         ->  Gather Merge  (cost=41302.78..138531.87 rows=833334 width=20) (actual time=51.217..52.989 rows=10000 loops=1)
               Workers Planned: 2
               Workers Launched: 2
               ->  Sort  (cost=40302.76..41344.43 rows=416667 width=20) (actual time=49.593..49.771 rows=3999 loops=3)
                     Sort Key: s_2.a, s_2.b, s_2.c
                     Sort Method: top-N heapsort  Memory: 1648kB
                     Worker 0:  Sort Method: top-N heapsort  Memory: 1615kB
                     Worker 1:  Sort Method: top-N heapsort  Memory: 1608kB
                     ->  Parallel Seq Scan on s_2  (cost=0.00..10536.67 rows=416667 width=20) (actual time=0.008..18.458 rows=333333 loops=3)
 Planning time: 0.270 ms
 Execution time: 55.883 ms
(13 rows)

===== 87 [Wed Mar  7 03:00:12 CET 2018] scale:1000000 groups:10 work_mem:32MB incremental:off max_workers:2 =====
SELECT * FROM s_3 ORDER BY a, b, c, d LIMIT 10000
                                                                  QUERY PLAN                                                                  
----------------------------------------------------------------------------------------------------------------------------------------------
 Limit  (cost=42569.53..42569.53 rows=1 width=20) (actual time=54.605..54.605 rows=0 loops=1)
   ->  Limit  (cost=41302.78..42469.53 rows=10000 width=20) (actual time=52.025..54.324 rows=10000 loops=1)
         ->  Gather Merge  (cost=41302.78..138531.87 rows=833334 width=20) (actual time=52.024..53.763 rows=10000 loops=1)
               Workers Planned: 2
               Workers Launched: 2
               ->  Sort  (cost=40302.76..41344.43 rows=416667 width=20) (actual time=50.314..50.487 rows=4113 loops=3)
                     Sort Key: s_3.a, s_3.b, s_3.c, s_3.d
                     Sort Method: top-N heapsort  Memory: 1563kB
                     Worker 0:  Sort Method: top-N heapsort  Memory: 1554kB
                     Worker 1:  Sort Method: top-N heapsort  Memory: 1553kB
                     ->  Parallel Seq Scan on s_3  (cost=0.00..10536.67 rows=416667 width=20) (actual time=0.008..18.629 rows=333333 loops=3)
 Planning time: 0.282 ms
 Execution time: 56.731 ms
(13 rows)

===== 88 [Wed Mar  7 03:00:13 CET 2018] scale:1000000 groups:10 work_mem:32MB incremental:off max_workers:2 =====
SELECT * FROM s_4 ORDER BY a, b, c, d, e LIMIT 10000
                                                                  QUERY PLAN                                                                  
----------------------------------------------------------------------------------------------------------------------------------------------
 Limit  (cost=42569.53..42569.53 rows=1 width=20) (actual time=55.466..55.466 rows=0 loops=1)
   ->  Limit  (cost=41302.78..42469.53 rows=10000 width=20) (actual time=52.888..55.180 rows=10000 loops=1)
         ->  Gather Merge  (cost=41302.78..138531.87 rows=833334 width=20) (actual time=52.887..54.618 rows=10000 loops=1)
               Workers Planned: 2
               Workers Launched: 2
               ->  Sort  (cost=40302.76..41344.43 rows=416667 width=20) (actual time=51.196..51.368 rows=4113 loops=3)
                     Sort Key: s_4.a, s_4.b, s_4.c, s_4.d, s_4.e
                     Sort Method: top-N heapsort  Memory: 1551kB
                     Worker 0:  Sort Method: top-N heapsort  Memory: 1551kB
                     Worker 1:  Sort Method: top-N heapsort  Memory: 1551kB
                     ->  Parallel Seq Scan on s_4  (cost=0.00..10536.67 rows=416667 width=20) (actual time=0.012..18.604 rows=333333 loops=3)
 Planning time: 0.272 ms
 Execution time: 57.605 ms
(13 rows)

===== 89 [Wed Mar  7 03:00:13 CET 2018] scale:1000000 groups:10 work_mem:64MB incremental:on max_workers:2 =====
SELECT * FROM s_1 ORDER BY a, b LIMIT 10000
                                                                   QUERY PLAN                                                                   
------------------------------------------------------------------------------------------------------------------------------------------------
 Limit  (cost=9711.02..9711.02 rows=1 width=20) (actual time=17.341..17.341 rows=0 loops=1)
   ->  Limit  (cost=9436.02..9611.02 rows=10000 width=20) (actual time=16.024..17.064 rows=10000 loops=1)
         ->  Incremental Sort  (cost=9436.02..26936.24 rows=1000000 width=20) (actual time=16.023..16.518 rows=10000 loops=1)
               Sort Key: s_1.a, s_1.b
               Presorted Key: s_1.a
               Sort Method: quicksort  Memory: 5434kB
               Sort Groups: 1
               ->  Index Scan using s_1_a_idx on s_1  (cost=0.42..32353.42 rows=1000000 width=20) (actual time=0.015..6.349 rows=49886 loops=1)
 Planning time: 0.261 ms
 Execution time: 17.590 ms
(10 rows)

===== 90 [Wed Mar  7 03:00:13 CET 2018] scale:1000000 groups:10 work_mem:64MB incremental:on max_workers:2 =====
SELECT * FROM s_2 ORDER BY a, b, c LIMIT 10000
                                                                    QUERY PLAN                                                                    
--------------------------------------------------------------------------------------------------------------------------------------------------
 Limit  (cost=1151.47..1151.47 rows=1 width=20) (actual time=5.416..5.416 rows=0 loops=1)
   ->  Limit  (cost=874.61..1051.47 rows=10000 width=20) (actual time=0.976..5.140 rows=10000 loops=1)
         ->  Incremental Sort  (cost=874.61..18560.60 rows=1000000 width=20) (actual time=0.975..4.594 rows=10000 loops=1)
               Sort Key: s_2.a, s_2.b, s_2.c
               Presorted Key: s_2.a, s_2.b
               Sort Method: quicksort  Memory: 583kB
               Sort Groups: 3
               ->  Index Scan using s_2_a_b_idx on s_2  (cost=0.42..40712.74 rows=1000000 width=20) (actual time=0.013..1.568 rows=12505 loops=1)
 Planning time: 0.279 ms
 Execution time: 5.449 ms
(10 rows)

===== 91 [Wed Mar  7 03:00:13 CET 2018] scale:1000000 groups:10 work_mem:64MB incremental:on max_workers:2 =====
SELECT * FROM s_3 ORDER BY a, b, c, d LIMIT 10000
                                                                     QUERY PLAN                                                                     
----------------------------------------------------------------------------------------------------------------------------------------------------
 Limit  (cost=354.09..354.09 rows=1 width=20) (actual time=4.849..4.849 rows=0 loops=1)
   ->  Limit  (cost=70.23..254.09 rows=10000 width=20) (actual time=0.103..4.571 rows=10000 loops=1)
         ->  Incremental Sort  (cost=70.23..18456.15 rows=1000000 width=20) (actual time=0.102..4.017 rows=10000 loops=1)
               Sort Key: s_3.a, s_3.b, s_3.c, s_3.d
               Presorted Key: s_3.a, s_3.b, s_3.c
               Sort Method: quicksort  Memory: 65kB
               Sort Groups: 28
               ->  Index Scan using s_3_a_b_c_idx on s_3  (cost=0.42..45144.74 rows=1000000 width=20) (actual time=0.014..1.286 rows=10250 loops=1)
 Planning time: 0.291 ms
 Execution time: 4.874 ms
(10 rows)

===== 92 [Wed Mar  7 03:00:13 CET 2018] scale:1000000 groups:10 work_mem:64MB incremental:on max_workers:2 =====
SELECT * FROM s_4 ORDER BY a, b, c, d, e LIMIT 10000
                                                                      QUERY PLAN                                                                      
------------------------------------------------------------------------------------------------------------------------------------------------------
 Limit  (cost=291.03..291.03 rows=1 width=20) (actual time=5.073..5.073 rows=0 loops=1)
   ->  Limit  (cost=5.59..191.03 rows=10000 width=20) (actual time=0.073..4.795 rows=10000 loops=1)
         ->  Incremental Sort  (cost=5.59..18549.38 rows=1000000 width=20) (actual time=0.073..4.248 rows=10000 loops=1)
               Sort Key: s_4.a, s_4.b, s_4.c, s_4.d, s_4.e
               Presorted Key: s_4.a, s_4.b, s_4.c, s_4.d
               Sort Method: quicksort  Memory: 30kB
               Sort Groups: 210
               ->  Index Scan using s_4_a_b_c_d_idx on s_4  (cost=0.42..45144.74 rows=1000000 width=20) (actual time=0.016..1.257 rows=10014 loops=1)
 Planning time: 0.274 ms
 Execution time: 5.095 ms
(10 rows)

===== 93 [Wed Mar  7 03:00:13 CET 2018] scale:1000000 groups:10 work_mem:64MB incremental:off max_workers:2 =====
SELECT * FROM s_1 ORDER BY a, b LIMIT 10000
                                                                  QUERY PLAN                                                                  
----------------------------------------------------------------------------------------------------------------------------------------------
 Limit  (cost=42569.53..42569.53 rows=1 width=20) (actual time=53.562..53.562 rows=0 loops=1)
   ->  Limit  (cost=41302.78..42469.53 rows=10000 width=20) (actual time=51.050..53.282 rows=10000 loops=1)
         ->  Gather Merge  (cost=41302.78..138531.87 rows=833334 width=20) (actual time=51.049..52.720 rows=10000 loops=1)
               Workers Planned: 2
               Workers Launched: 2
               ->  Sort  (cost=40302.76..41344.43 rows=416667 width=20) (actual time=49.498..49.680 rows=3942 loops=3)
                     Sort Key: s_1.a, s_1.b
                     Sort Method: top-N heapsort  Memory: 2056kB
                     Worker 0:  Sort Method: top-N heapsort  Memory: 1840kB
                     Worker 1:  Sort Method: top-N heapsort  Memory: 1840kB
                     ->  Parallel Seq Scan on s_1  (cost=0.00..10536.67 rows=416667 width=20) (actual time=0.007..18.521 rows=333333 loops=3)
 Planning time: 0.268 ms
 Execution time: 55.593 ms
(13 rows)

===== 94 [Wed Mar  7 03:00:14 CET 2018] scale:1000000 groups:10 work_mem:64MB incremental:off max_workers:2 =====
SELECT * FROM s_2 ORDER BY a, b, c LIMIT 10000
                                                                  QUERY PLAN                                                                  
----------------------------------------------------------------------------------------------------------------------------------------------
 Limit  (cost=42569.53..42569.53 rows=1 width=20) (actual time=53.905..53.905 rows=0 loops=1)
   ->  Limit  (cost=41302.78..42469.53 rows=10000 width=20) (actual time=51.300..53.627 rows=10000 loops=1)
         ->  Gather Merge  (cost=41302.78..138531.87 rows=833334 width=20) (actual time=51.300..53.064 rows=10000 loops=1)
               Workers Planned: 2
               Workers Launched: 2
               ->  Sort  (cost=40302.76..41344.43 rows=416667 width=20) (actual time=49.663..49.839 rows=4037 loops=3)
                     Sort Key: s_2.a, s_2.b, s_2.c
                     Sort Method: top-N heapsort  Memory: 1656kB
                     Worker 0:  Sort Method: top-N heapsort  Memory: 1610kB
                     Worker 1:  Sort Method: top-N heapsort  Memory: 1614kB
                     ->  Parallel Seq Scan on s_2  (cost=0.00..10536.67 rows=416667 width=20) (actual time=0.007..18.483 rows=333333 loops=3)
 Planning time: 0.270 ms
 Execution time: 55.982 ms
(13 rows)

===== 95 [Wed Mar  7 03:00:14 CET 2018] scale:1000000 groups:10 work_mem:64MB incremental:off max_workers:2 =====
SELECT * FROM s_3 ORDER BY a, b, c, d LIMIT 10000
                                                                  QUERY PLAN                                                                  
----------------------------------------------------------------------------------------------------------------------------------------------
 Limit  (cost=42569.53..42569.53 rows=1 width=20) (actual time=54.510..54.510 rows=0 loops=1)
   ->  Limit  (cost=41302.78..42469.53 rows=10000 width=20) (actual time=51.932..54.231 rows=10000 loops=1)
         ->  Gather Merge  (cost=41302.78..138531.87 rows=833334 width=20) (actual time=51.931..53.671 rows=10000 loops=1)
               Workers Planned: 2
               Workers Launched: 2
               ->  Sort  (cost=40302.76..41344.43 rows=416667 width=20) (actual time=50.277..50.450 rows=4113 loops=3)
                     Sort Key: s_3.a, s_3.b, s_3.c, s_3.d
                     Sort Method: top-N heapsort  Memory: 1563kB
                     Worker 0:  Sort Method: top-N heapsort  Memory: 1554kB
                     Worker 1:  Sort Method: top-N heapsort  Memory: 1553kB
                     ->  Parallel Seq Scan on s_3  (cost=0.00..10536.67 rows=416667 width=20) (actual time=0.008..18.640 rows=333333 loops=3)
 Planning time: 0.291 ms
 Execution time: 56.621 ms
(13 rows)

===== 96 [Wed Mar  7 03:00:14 CET 2018] scale:1000000 groups:10 work_mem:64MB incremental:off max_workers:2 =====
SELECT * FROM s_4 ORDER BY a, b, c, d, e LIMIT 10000
                                                                  QUERY PLAN                                                                  
----------------------------------------------------------------------------------------------------------------------------------------------
 Limit  (cost=42569.53..42569.53 rows=1 width=20) (actual time=55.657..55.657 rows=0 loops=1)
   ->  Limit  (cost=41302.78..42469.53 rows=10000 width=20) (actual time=53.105..55.379 rows=10000 loops=1)
         ->  Gather Merge  (cost=41302.78..138531.87 rows=833334 width=20) (actual time=53.104..54.816 rows=10000 loops=1)
               Workers Planned: 2
               Workers Launched: 2
               ->  Sort  (cost=40302.76..41344.43 rows=416667 width=20) (actual time=51.211..51.382 rows=4113 loops=3)
                     Sort Key: s_4.a, s_4.b, s_4.c, s_4.d, s_4.e
                     Sort Method: top-N heapsort  Memory: 1551kB
                     Worker 0:  Sort Method: top-N heapsort  Memory: 1551kB
                     Worker 1:  Sort Method: top-N heapsort  Memory: 1551kB
                     ->  Parallel Seq Scan on s_4  (cost=0.00..10536.67 rows=416667 width=20) (actual time=0.010..18.586 rows=333333 loops=3)
 Planning time: 0.272 ms
 Execution time: 57.753 ms
(13 rows)

===== 97 [Wed Mar  7 03:00:15 CET 2018] scale:1000000 groups:10 work_mem:128MB incremental:on max_workers:2 =====
SELECT * FROM s_1 ORDER BY a, b LIMIT 10000
                                                                   QUERY PLAN                                                                   
------------------------------------------------------------------------------------------------------------------------------------------------
 Limit  (cost=9711.02..9711.02 rows=1 width=20) (actual time=17.374..17.374 rows=0 loops=1)
   ->  Limit  (cost=9436.02..9611.02 rows=10000 width=20) (actual time=16.050..17.099 rows=10000 loops=1)
         ->  Incremental Sort  (cost=9436.02..26936.24 rows=1000000 width=20) (actual time=16.049..16.548 rows=10000 loops=1)
               Sort Key: s_1.a, s_1.b
               Presorted Key: s_1.a
               Sort Method: quicksort  Memory: 5434kB
               Sort Groups: 1
               ->  Index Scan using s_1_a_idx on s_1  (cost=0.42..32353.42 rows=1000000 width=20) (actual time=0.015..6.343 rows=49886 loops=1)
 Planning time: 0.264 ms
 Execution time: 17.625 ms
(10 rows)

===== 98 [Wed Mar  7 03:00:15 CET 2018] scale:1000000 groups:10 work_mem:128MB incremental:on max_workers:2 =====
SELECT * FROM s_2 ORDER BY a, b, c LIMIT 10000
                                                                    QUERY PLAN                                                                    
--------------------------------------------------------------------------------------------------------------------------------------------------
 Limit  (cost=1151.47..1151.47 rows=1 width=20) (actual time=5.411..5.411 rows=0 loops=1)
   ->  Limit  (cost=874.61..1051.47 rows=10000 width=20) (actual time=0.969..5.135 rows=10000 loops=1)
         ->  Incremental Sort  (cost=874.61..18560.60 rows=1000000 width=20) (actual time=0.969..4.585 rows=10000 loops=1)
               Sort Key: s_2.a, s_2.b, s_2.c
               Presorted Key: s_2.a, s_2.b
               Sort Method: quicksort  Memory: 583kB
               Sort Groups: 3
               ->  Index Scan using s_2_a_b_idx on s_2  (cost=0.42..40712.74 rows=1000000 width=20) (actual time=0.013..1.571 rows=12505 loops=1)
 Planning time: 0.276 ms
 Execution time: 5.445 ms
(10 rows)

===== 99 [Wed Mar  7 03:00:15 CET 2018] scale:1000000 groups:10 work_mem:128MB incremental:on max_workers:2 =====
SELECT * FROM s_3 ORDER BY a, b, c, d LIMIT 10000
                                                                     QUERY PLAN                                                                     
----------------------------------------------------------------------------------------------------------------------------------------------------
 Limit  (cost=354.09..354.09 rows=1 width=20) (actual time=4.852..4.852 rows=0 loops=1)
   ->  Limit  (cost=70.23..254.09 rows=10000 width=20) (actual time=0.103..4.573 rows=10000 loops=1)
         ->  Incremental Sort  (cost=70.23..18456.15 rows=1000000 width=20) (actual time=0.103..4.027 rows=10000 loops=1)
               Sort Key: s_3.a, s_3.b, s_3.c, s_3.d
               Presorted Key: s_3.a, s_3.b, s_3.c
               Sort Method: quicksort  Memory: 65kB
               Sort Groups: 28
               ->  Index Scan using s_3_a_b_c_idx on s_3  (cost=0.42..45144.74 rows=1000000 width=20) (actual time=0.014..1.286 rows=10250 loops=1)
 Planning time: 0.294 ms
 Execution time: 4.875 ms
(10 rows)

===== 100 [Wed Mar  7 03:00:15 CET 2018] scale:1000000 groups:10 work_mem:128MB incremental:on max_workers:2 =====
SELECT * FROM s_4 ORDER BY a, b, c, d, e LIMIT 10000
                                                                      QUERY PLAN                                                                      
------------------------------------------------------------------------------------------------------------------------------------------------------
 Limit  (cost=291.03..291.03 rows=1 width=20) (actual time=5.072..5.072 rows=0 loops=1)
   ->  Limit  (cost=5.59..191.03 rows=10000 width=20) (actual time=0.071..4.794 rows=10000 loops=1)
         ->  Incremental Sort  (cost=5.59..18549.38 rows=1000000 width=20) (actual time=0.071..4.248 rows=10000 loops=1)
               Sort Key: s_4.a, s_4.b, s_4.c, s_4.d, s_4.e
               Presorted Key: s_4.a, s_4.b, s_4.c, s_4.d
               Sort Method: quicksort  Memory: 30kB
               Sort Groups: 210
               ->  Index Scan using s_4_a_b_c_d_idx on s_4  (cost=0.42..45144.74 rows=1000000 width=20) (actual time=0.015..1.260 rows=10014 loops=1)
 Planning time: 0.275 ms
 Execution time: 5.096 ms
(10 rows)

===== 101 [Wed Mar  7 03:00:15 CET 2018] scale:1000000 groups:10 work_mem:128MB incremental:off max_workers:2 =====
SELECT * FROM s_1 ORDER BY a, b LIMIT 10000
                                                                  QUERY PLAN                                                                  
----------------------------------------------------------------------------------------------------------------------------------------------
 Limit  (cost=42569.53..42569.53 rows=1 width=20) (actual time=53.454..53.454 rows=0 loops=1)
   ->  Limit  (cost=41302.78..42469.53 rows=10000 width=20) (actual time=50.948..53.172 rows=10000 loops=1)
         ->  Gather Merge  (cost=41302.78..138531.87 rows=833334 width=20) (actual time=50.948..52.610 rows=10000 loops=1)
               Workers Planned: 2
               Workers Launched: 2
               ->  Sort  (cost=40302.76..41344.43 rows=416667 width=20) (actual time=49.468..49.651 rows=3926 loops=3)
                     Sort Key: s_1.a, s_1.b
                     Sort Method: top-N heapsort  Memory: 2055kB
                     Worker 0:  Sort Method: top-N heapsort  Memory: 1840kB
                     Worker 1:  Sort Method: top-N heapsort  Memory: 1838kB
                     ->  Parallel Seq Scan on s_1  (cost=0.00..10536.67 rows=416667 width=20) (actual time=0.009..18.545 rows=333333 loops=3)
 Planning time: 0.267 ms
 Execution time: 55.436 ms
(13 rows)

===== 102 [Wed Mar  7 03:00:16 CET 2018] scale:1000000 groups:10 work_mem:128MB incremental:off max_workers:2 =====
SELECT * FROM s_2 ORDER BY a, b, c LIMIT 10000
                                                                  QUERY PLAN                                                                  
----------------------------------------------------------------------------------------------------------------------------------------------
 Limit  (cost=42569.53..42569.53 rows=1 width=20) (actual time=53.885..53.885 rows=0 loops=1)
   ->  Limit  (cost=41302.78..42469.53 rows=10000 width=20) (actual time=51.272..53.604 rows=10000 loops=1)
         ->  Gather Merge  (cost=41302.78..138531.87 rows=833334 width=20) (actual time=51.272..53.042 rows=10000 loops=1)
               Workers Planned: 2
               Workers Launched: 2
               ->  Sort  (cost=40302.76..41344.43 rows=416667 width=20) (actual time=49.654..49.829 rows=3981 loops=3)
                     Sort Key: s_2.a, s_2.b, s_2.c
                     Sort Method: top-N heapsort  Memory: 1643kB
                     Worker 0:  Sort Method: top-N heapsort  Memory: 1615kB
                     Worker 1:  Sort Method: top-N heapsort  Memory: 1608kB
                     ->  Parallel Seq Scan on s_2  (cost=0.00..10536.67 rows=416667 width=20) (actual time=0.007..18.499 rows=333333 loops=3)
 Planning time: 0.275 ms
 Execution time: 55.952 ms
(13 rows)

===== 103 [Wed Mar  7 03:00:16 CET 2018] scale:1000000 groups:10 work_mem:128MB incremental:off max_workers:2 =====
SELECT * FROM s_3 ORDER BY a, b, c, d LIMIT 10000
                                                                  QUERY PLAN                                                                  
----------------------------------------------------------------------------------------------------------------------------------------------
 Limit  (cost=42569.53..42569.53 rows=1 width=20) (actual time=54.597..54.597 rows=0 loops=1)
   ->  Limit  (cost=41302.78..42469.53 rows=10000 width=20) (actual time=52.021..54.320 rows=10000 loops=1)
         ->  Gather Merge  (cost=41302.78..138531.87 rows=833334 width=20) (actual time=52.020..53.757 rows=10000 loops=1)
               Workers Planned: 2
               Workers Launched: 2
               ->  Sort  (cost=40302.76..41344.43 rows=416667 width=20) (actual time=50.314..50.486 rows=4113 loops=3)
                     Sort Key: s_3.a, s_3.b, s_3.c, s_3.d
                     Sort Method: top-N heapsort  Memory: 1563kB
                     Worker 0:  Sort Method: top-N heapsort  Memory: 1555kB
                     Worker 1:  Sort Method: top-N heapsort  Memory: 1552kB
                     ->  Parallel Seq Scan on s_3  (cost=0.00..10536.67 rows=416667 width=20) (actual time=0.008..18.646 rows=333333 loops=3)
 Planning time: 0.293 ms
 Execution time: 56.724 ms
(13 rows)

===== 104 [Wed Mar  7 03:00:16 CET 2018] scale:1000000 groups:10 work_mem:128MB incremental:off max_workers:2 =====
SELECT * FROM s_4 ORDER BY a, b, c, d, e LIMIT 10000
                                                                  QUERY PLAN                                                                  
----------------------------------------------------------------------------------------------------------------------------------------------
 Limit  (cost=42569.53..42569.53 rows=1 width=20) (actual time=55.480..55.480 rows=0 loops=1)
   ->  Limit  (cost=41302.78..42469.53 rows=10000 width=20) (actual time=52.906..55.196 rows=10000 loops=1)
         ->  Gather Merge  (cost=41302.78..138531.87 rows=833334 width=20) (actual time=52.905..54.634 rows=10000 loops=1)
               Workers Planned: 2
               Workers Launched: 2
               ->  Sort  (cost=40302.76..41344.43 rows=416667 width=20) (actual time=51.196..51.368 rows=4113 loops=3)
                     Sort Key: s_4.a, s_4.b, s_4.c, s_4.d, s_4.e
                     Sort Method: top-N heapsort  Memory: 1551kB
                     Worker 0:  Sort Method: top-N heapsort  Memory: 1551kB
                     Worker 1:  Sort Method: top-N heapsort  Memory: 1551kB
                     ->  Parallel Seq Scan on s_4  (cost=0.00..10536.67 rows=416667 width=20) (actual time=0.011..18.610 rows=333333 loops=3)
 Planning time: 0.278 ms
 Execution time: 57.621 ms
(13 rows)

===== 105 [Wed Mar  7 03:00:17 CET 2018] scale:1000000 groups:10 work_mem:256MB incremental:on max_workers:2 =====
SELECT * FROM s_1 ORDER BY a, b LIMIT 10000
                                                                   QUERY PLAN                                                                   
------------------------------------------------------------------------------------------------------------------------------------------------
 Limit  (cost=9711.02..9711.02 rows=1 width=20) (actual time=17.376..17.376 rows=0 loops=1)
   ->  Limit  (cost=9436.02..9611.02 rows=10000 width=20) (actual time=16.050..17.101 rows=10000 loops=1)
         ->  Incremental Sort  (cost=9436.02..26936.24 rows=1000000 width=20) (actual time=16.049..16.551 rows=10000 loops=1)
               Sort Key: s_1.a, s_1.b
               Presorted Key: s_1.a
               Sort Method: quicksort  Memory: 5434kB
               Sort Groups: 1
               ->  Index Scan using s_1_a_idx on s_1  (cost=0.42..32353.42 rows=1000000 width=20) (actual time=0.015..6.345 rows=49886 loops=1)
 Planning time: 0.268 ms
 Execution time: 17.621 ms
(10 rows)

===== 106 [Wed Mar  7 03:00:17 CET 2018] scale:1000000 groups:10 work_mem:256MB incremental:on max_workers:2 =====
SELECT * FROM s_2 ORDER BY a, b, c LIMIT 10000
                                                                    QUERY PLAN                                                                    
--------------------------------------------------------------------------------------------------------------------------------------------------
 Limit  (cost=1151.47..1151.47 rows=1 width=20) (actual time=5.411..5.411 rows=0 loops=1)
   ->  Limit  (cost=874.61..1051.47 rows=10000 width=20) (actual time=0.970..5.136 rows=10000 loops=1)
         ->  Incremental Sort  (cost=874.61..18560.60 rows=1000000 width=20) (actual time=0.969..4.587 rows=10000 loops=1)
               Sort Key: s_2.a, s_2.b, s_2.c
               Presorted Key: s_2.a, s_2.b
               Sort Method: quicksort  Memory: 583kB
               Sort Groups: 3
               ->  Index Scan using s_2_a_b_idx on s_2  (cost=0.42..40712.74 rows=1000000 width=20) (actual time=0.012..1.577 rows=12505 loops=1)
 Planning time: 0.275 ms
 Execution time: 5.446 ms
(10 rows)

===== 107 [Wed Mar  7 03:00:17 CET 2018] scale:1000000 groups:10 work_mem:256MB incremental:on max_workers:2 =====
SELECT * FROM s_3 ORDER BY a, b, c, d LIMIT 10000
                                                                     QUERY PLAN                                                                     
----------------------------------------------------------------------------------------------------------------------------------------------------
 Limit  (cost=354.09..354.09 rows=1 width=20) (actual time=4.839..4.839 rows=0 loops=1)
   ->  Limit  (cost=70.23..254.09 rows=10000 width=20) (actual time=0.103..4.562 rows=10000 loops=1)
         ->  Incremental Sort  (cost=70.23..18456.15 rows=1000000 width=20) (actual time=0.103..4.016 rows=10000 loops=1)
               Sort Key: s_3.a, s_3.b, s_3.c, s_3.d
               Presorted Key: s_3.a, s_3.b, s_3.c
               Sort Method: quicksort  Memory: 65kB
               Sort Groups: 28
               ->  Index Scan using s_3_a_b_c_idx on s_3  (cost=0.42..45144.74 rows=1000000 width=20) (actual time=0.014..1.285 rows=10250 loops=1)
 Planning time: 0.299 ms
 Execution time: 4.862 ms
(10 rows)

===== 108 [Wed Mar  7 03:00:17 CET 2018] scale:1000000 groups:10 work_mem:256MB incremental:on max_workers:2 =====
SELECT * FROM s_4 ORDER BY a, b, c, d, e LIMIT 10000
                                                                      QUERY PLAN                                                                      
------------------------------------------------------------------------------------------------------------------------------------------------------
 Limit  (cost=291.03..291.03 rows=1 width=20) (actual time=5.077..5.077 rows=0 loops=1)
   ->  Limit  (cost=5.59..191.03 rows=10000 width=20) (actual time=0.073..4.799 rows=10000 loops=1)
         ->  Incremental Sort  (cost=5.59..18549.38 rows=1000000 width=20) (actual time=0.073..4.248 rows=10000 loops=1)
               Sort Key: s_4.a, s_4.b, s_4.c, s_4.d, s_4.e
               Presorted Key: s_4.a, s_4.b, s_4.c, s_4.d
               Sort Method: quicksort  Memory: 30kB
               Sort Groups: 210
               ->  Index Scan using s_4_a_b_c_d_idx on s_4  (cost=0.42..45144.74 rows=1000000 width=20) (actual time=0.016..1.260 rows=10014 loops=1)
 Planning time: 0.282 ms
 Execution time: 5.101 ms
(10 rows)

===== 109 [Wed Mar  7 03:00:17 CET 2018] scale:1000000 groups:10 work_mem:256MB incremental:off max_workers:2 =====
SELECT * FROM s_1 ORDER BY a, b LIMIT 10000
                                                                  QUERY PLAN                                                                  
----------------------------------------------------------------------------------------------------------------------------------------------
 Limit  (cost=42569.53..42569.53 rows=1 width=20) (actual time=54.178..54.178 rows=0 loops=1)
   ->  Limit  (cost=41302.78..42469.53 rows=10000 width=20) (actual time=51.672..53.898 rows=10000 loops=1)
         ->  Gather Merge  (cost=41302.78..138531.87 rows=833334 width=20) (actual time=51.671..53.334 rows=10000 loops=1)
               Workers Planned: 2
               Workers Launched: 2
               ->  Sort  (cost=40302.76..41344.43 rows=416667 width=20) (actual time=50.179..50.363 rows=3948 loops=3)
                     Sort Key: s_1.a, s_1.b
                     Sort Method: top-N heapsort  Memory: 2055kB
                     Worker 0:  Sort Method: top-N heapsort  Memory: 1842kB
                     Worker 1:  Sort Method: top-N heapsort  Memory: 1837kB
                     ->  Parallel Seq Scan on s_1  (cost=0.00..10536.67 rows=416667 width=20) (actual time=0.009..18.318 rows=333333 loops=3)
 Planning time: 0.270 ms
 Execution time: 56.171 ms
(13 rows)

===== 110 [Wed Mar  7 03:00:17 CET 2018] scale:1000000 groups:10 work_mem:256MB incremental:off max_workers:2 =====
SELECT * FROM s_2 ORDER BY a, b, c LIMIT 10000
                                                                  QUERY PLAN                                                                  
----------------------------------------------------------------------------------------------------------------------------------------------
 Limit  (cost=42569.53..42569.53 rows=1 width=20) (actual time=54.852..54.852 rows=0 loops=1)
   ->  Limit  (cost=41302.78..42469.53 rows=10000 width=20) (actual time=52.246..54.566 rows=10000 loops=1)
         ->  Gather Merge  (cost=41302.78..138531.87 rows=833334 width=20) (actual time=52.245..54.002 rows=10000 loops=1)
               Workers Planned: 2
               Workers Launched: 2
               ->  Sort  (cost=40302.76..41344.43 rows=416667 width=20) (actual time=50.703..50.877 rows=3999 loops=3)
                     Sort Key: s_2.a, s_2.b, s_2.c
                     Sort Method: top-N heapsort  Memory: 1648kB
                     Worker 0:  Sort Method: top-N heapsort  Memory: 1612kB
                     Worker 1:  Sort Method: top-N heapsort  Memory: 1611kB
                     ->  Parallel Seq Scan on s_2  (cost=0.00..10536.67 rows=416667 width=20) (actual time=0.007..18.343 rows=333333 loops=3)
 Planning time: 0.269 ms
 Execution time: 56.915 ms
(13 rows)

===== 111 [Wed Mar  7 03:00:18 CET 2018] scale:1000000 groups:10 work_mem:256MB incremental:off max_workers:2 =====
SELECT * FROM s_3 ORDER BY a, b, c, d LIMIT 10000
                                                                  QUERY PLAN                                                                  
----------------------------------------------------------------------------------------------------------------------------------------------
 Limit  (cost=42569.53..42569.53 rows=1 width=20) (actual time=55.702..55.702 rows=0 loops=1)
   ->  Limit  (cost=41302.78..42469.53 rows=10000 width=20) (actual time=53.130..55.420 rows=10000 loops=1)
         ->  Gather Merge  (cost=41302.78..138531.87 rows=833334 width=20) (actual time=53.129..54.860 rows=10000 loops=1)
               Workers Planned: 2
               Workers Launched: 2
               ->  Sort  (cost=40302.76..41344.43 rows=416667 width=20) (actual time=51.400..51.572 rows=4113 loops=3)
                     Sort Key: s_3.a, s_3.b, s_3.c, s_3.d
                     Sort Method: top-N heapsort  Memory: 1563kB
                     Worker 0:  Sort Method: top-N heapsort  Memory: 1554kB
                     Worker 1:  Sort Method: top-N heapsort  Memory: 1553kB
                     ->  Parallel Seq Scan on s_3  (cost=0.00..10536.67 rows=416667 width=20) (actual time=0.007..18.460 rows=333333 loops=3)
 Planning time: 0.295 ms
 Execution time: 57.771 ms
(13 rows)

===== 112 [Wed Mar  7 03:00:18 CET 2018] scale:1000000 groups:10 work_mem:256MB incremental:off max_workers:2 =====
SELECT * FROM s_4 ORDER BY a, b, c, d, e LIMIT 10000
                                                                  QUERY PLAN                                                                  
----------------------------------------------------------------------------------------------------------------------------------------------
 Limit  (cost=42569.53..42569.53 rows=1 width=20) (actual time=56.531..56.531 rows=0 loops=1)
   ->  Limit  (cost=41302.78..42469.53 rows=10000 width=20) (actual time=53.959..56.253 rows=10000 loops=1)
         ->  Gather Merge  (cost=41302.78..138531.87 rows=833334 width=20) (actual time=53.959..55.691 rows=10000 loops=1)
               Workers Planned: 2
               Workers Launched: 2
               ->  Sort  (cost=40302.76..41344.43 rows=416667 width=20) (actual time=52.275..52.446 rows=4113 loops=3)
                     Sort Key: s_4.a, s_4.b, s_4.c, s_4.d, s_4.e
                     Sort Method: top-N heapsort  Memory: 1551kB
                     Worker 0:  Sort Method: top-N heapsort  Memory: 1551kB
                     Worker 1:  Sort Method: top-N heapsort  Memory: 1551kB
                     ->  Parallel Seq Scan on s_4  (cost=0.00..10536.67 rows=416667 width=20) (actual time=0.012..18.463 rows=333333 loops=3)
 Planning time: 0.271 ms
 Execution time: 58.661 ms
(13 rows)

===== 113 [Wed Mar  7 03:00:27 CET 2018] scale:1000000 groups:100 work_mem:4MB incremental:on max_workers:0 =====
SELECT * FROM s_1 ORDER BY a, b LIMIT 10000
                                                                   QUERY PLAN                                                                   
------------------------------------------------------------------------------------------------------------------------------------------------
 Limit  (cost=1252.97..1252.97 rows=1 width=20) (actual time=7.117..7.117 rows=0 loops=1)
   ->  Limit  (cost=977.85..1152.97 rows=10000 width=20) (actual time=2.069..6.843 rows=10000 loops=1)
         ->  Incremental Sort  (cost=977.85..18489.64 rows=1000000 width=20) (actual time=2.068..6.295 rows=10000 loops=1)
               Sort Key: s_1.a, s_1.b
               Presorted Key: s_1.a
               Sort Method: quicksort  Memory: 1154kB
               Sort Groups: 2
               ->  Index Scan using s_1_a_idx on s_1  (cost=0.42..32353.42 rows=1000000 width=20) (actual time=0.030..2.100 rows=14883 loops=1)
 Planning time: 0.275 ms
 Execution time: 7.163 ms
(10 rows)

===== 114 [Wed Mar  7 03:00:27 CET 2018] scale:1000000 groups:100 work_mem:4MB incremental:on max_workers:0 =====
SELECT * FROM s_2 ORDER BY a, b, c LIMIT 10000
                                                                    QUERY PLAN                                                                    
--------------------------------------------------------------------------------------------------------------------------------------------------
 Limit  (cost=292.01..292.01 rows=1 width=20) (actual time=5.048..5.048 rows=0 loops=1)
   ->  Limit  (cost=7.66..192.01 rows=10000 width=20) (actual time=0.096..4.770 rows=10000 loops=1)
         ->  Incremental Sort  (cost=7.66..18442.33 rows=1000000 width=20) (actual time=0.096..4.215 rows=10000 loops=1)
               Sort Key: s_2.a, s_2.b, s_2.c
               Presorted Key: s_2.a, s_2.b
               Sort Method: quicksort  Memory: 34kB
               Sort Groups: 150
               ->  Index Scan using s_2_a_b_idx on s_2  (cost=0.42..40712.74 rows=1000000 width=20) (actual time=0.029..1.333 rows=10010 loops=1)
 Planning time: 0.281 ms
 Execution time: 5.072 ms
(10 rows)

===== 115 [Wed Mar  7 03:00:27 CET 2018] scale:1000000 groups:100 work_mem:4MB incremental:on max_workers:0 =====
SELECT * FROM s_3 ORDER BY a, b, c, d LIMIT 10000
                                                                     QUERY PLAN                                                                     
----------------------------------------------------------------------------------------------------------------------------------------------------
 Limit  (cost=302.21..302.21 rows=1 width=20) (actual time=4.569..4.569 rows=0 loops=1)
   ->  Limit  (cost=1.04..202.21 rows=10000 width=20) (actual time=0.085..4.291 rows=10000 loops=1)
         ->  Incremental Sort  (cost=1.04..20117.96 rows=1000000 width=20) (actual time=0.084..3.739 rows=10000 loops=1)
               Sort Key: s_3.a, s_3.b, s_3.c, s_3.d
               Presorted Key: s_3.a, s_3.b, s_3.c
               Sort Method: quicksort  Memory: 27kB
               Sort Groups: 309
               ->  Index Scan using s_3_a_b_c_idx on s_3  (cost=0.42..45144.74 rows=1000000 width=20) (actual time=0.031..1.410 rows=10013 loops=1)
 Planning time: 0.297 ms
 Execution time: 4.592 ms
(10 rows)

===== 116 [Wed Mar  7 03:00:27 CET 2018] scale:1000000 groups:100 work_mem:4MB incremental:on max_workers:0 =====
SELECT * FROM s_4 ORDER BY a, b, c, d, e LIMIT 10000
                                                                      QUERY PLAN                                                                      
------------------------------------------------------------------------------------------------------------------------------------------------------
 Limit  (cost=302.21..302.21 rows=1 width=20) (actual time=3.770..3.770 rows=0 loops=1)
   ->  Limit  (cost=1.04..202.21 rows=10000 width=20) (actual time=0.084..3.492 rows=10000 loops=1)
         ->  Incremental Sort  (cost=1.04..20117.96 rows=1000000 width=20) (actual time=0.084..2.945 rows=10000 loops=1)
               Sort Key: s_4.a, s_4.b, s_4.c, s_4.d, s_4.e
               Presorted Key: s_4.a, s_4.b, s_4.c, s_4.d
               Sort Method: quicksort  Memory: 27kB
               Sort Groups: 313
               ->  Index Scan using s_4_a_b_c_d_idx on s_4  (cost=0.42..45144.74 rows=1000000 width=20) (actual time=0.035..1.428 rows=10018 loops=1)
 Planning time: 0.276 ms
 Execution time: 3.793 ms
(10 rows)

===== 117 [Wed Mar  7 03:00:27 CET 2018] scale:1000000 groups:100 work_mem:4MB incremental:off max_workers:0 =====
SELECT * FROM s_1 ORDER BY a, b LIMIT 10000
                                                           QUERY PLAN                                                            
---------------------------------------------------------------------------------------------------------------------------------
 Limit  (cost=87933.56..87933.56 rows=1 width=20) (actual time=129.670..129.670 rows=0 loops=1)
   ->  Limit  (cost=87808.56..87833.56 rows=10000 width=20) (actual time=128.417..129.394 rows=10000 loops=1)
         ->  Sort  (cost=87808.56..90308.56 rows=1000000 width=20) (actual time=128.417..128.849 rows=10000 loops=1)
               Sort Key: s_1.a, s_1.b
               Sort Method: top-N heapsort  Memory: 1810kB
               ->  Seq Scan on s_1  (cost=0.00..16370.00 rows=1000000 width=20) (actual time=0.007..50.246 rows=1000000 loops=1)
 Planning time: 0.263 ms
 Execution time: 129.799 ms
(8 rows)

===== 118 [Wed Mar  7 03:00:28 CET 2018] scale:1000000 groups:100 work_mem:4MB incremental:off max_workers:0 =====
SELECT * FROM s_2 ORDER BY a, b, c LIMIT 10000
                                                           QUERY PLAN                                                            
---------------------------------------------------------------------------------------------------------------------------------
 Limit  (cost=87933.56..87933.56 rows=1 width=20) (actual time=128.789..128.789 rows=0 loops=1)
   ->  Limit  (cost=87808.56..87833.56 rows=10000 width=20) (actual time=127.573..128.514 rows=10000 loops=1)
         ->  Sort  (cost=87808.56..90308.56 rows=1000000 width=20) (actual time=127.572..127.971 rows=10000 loops=1)
               Sort Key: s_2.a, s_2.b, s_2.c
               Sort Method: top-N heapsort  Memory: 1550kB
               ->  Seq Scan on s_2  (cost=0.00..16370.00 rows=1000000 width=20) (actual time=0.004..50.362 rows=1000000 loops=1)
 Planning time: 0.280 ms
 Execution time: 128.917 ms
(8 rows)

===== 119 [Wed Mar  7 03:00:28 CET 2018] scale:1000000 groups:100 work_mem:4MB incremental:off max_workers:0 =====
SELECT * FROM s_3 ORDER BY a, b, c, d LIMIT 10000
                                                           QUERY PLAN                                                            
---------------------------------------------------------------------------------------------------------------------------------
 Limit  (cost=87933.56..87933.56 rows=1 width=20) (actual time=131.976..131.976 rows=0 loops=1)
   ->  Limit  (cost=87808.56..87833.56 rows=10000 width=20) (actual time=130.768..131.700 rows=10000 loops=1)
         ->  Sort  (cost=87808.56..90308.56 rows=1000000 width=20) (actual time=130.768..131.156 rows=10000 loops=1)
               Sort Key: s_3.a, s_3.b, s_3.c, s_3.d
               Sort Method: top-N heapsort  Memory: 1550kB
               ->  Seq Scan on s_3  (cost=0.00..16370.00 rows=1000000 width=20) (actual time=0.009..49.815 rows=1000000 loops=1)
 Planning time: 0.275 ms
 Execution time: 132.104 ms
(8 rows)

===== 120 [Wed Mar  7 03:00:29 CET 2018] scale:1000000 groups:100 work_mem:4MB incremental:off max_workers:0 =====
SELECT * FROM s_4 ORDER BY a, b, c, d, e LIMIT 10000
                                                           QUERY PLAN                                                            
---------------------------------------------------------------------------------------------------------------------------------
 Limit  (cost=87933.56..87933.56 rows=1 width=20) (actual time=130.934..130.934 rows=0 loops=1)
   ->  Limit  (cost=87808.56..87833.56 rows=10000 width=20) (actual time=129.722..130.665 rows=10000 loops=1)
         ->  Sort  (cost=87808.56..90308.56 rows=1000000 width=20) (actual time=129.721..130.105 rows=10000 loops=1)
               Sort Key: s_4.a, s_4.b, s_4.c, s_4.d, s_4.e
               Sort Method: top-N heapsort  Memory: 1550kB
               ->  Seq Scan on s_4  (cost=0.00..16370.00 rows=1000000 width=20) (actual time=0.011..49.742 rows=1000000 loops=1)
 Planning time: 0.267 ms
 Execution time: 131.061 ms
(8 rows)

===== 121 [Wed Mar  7 03:00:30 CET 2018] scale:1000000 groups:100 work_mem:8MB incremental:on max_workers:0 =====
SELECT * FROM s_1 ORDER BY a, b LIMIT 10000
                                                                   QUERY PLAN                                                                   
------------------------------------------------------------------------------------------------------------------------------------------------
 Limit  (cost=1252.97..1252.97 rows=1 width=20) (actual time=6.920..6.920 rows=0 loops=1)
   ->  Limit  (cost=977.85..1152.97 rows=10000 width=20) (actual time=1.996..6.645 rows=10000 loops=1)
         ->  Incremental Sort  (cost=977.85..18489.64 rows=1000000 width=20) (actual time=1.996..6.092 rows=10000 loops=1)
               Sort Key: s_1.a, s_1.b
               Presorted Key: s_1.a
               Sort Method: quicksort  Memory: 1154kB
               Sort Groups: 2
               ->  Index Scan using s_1_a_idx on s_1  (cost=0.42..32353.42 rows=1000000 width=20) (actual time=0.012..1.909 rows=14883 loops=1)
 Planning time: 0.276 ms
 Execution time: 6.964 ms
(10 rows)

===== 122 [Wed Mar  7 03:00:30 CET 2018] scale:1000000 groups:100 work_mem:8MB incremental:on max_workers:0 =====
SELECT * FROM s_2 ORDER BY a, b, c LIMIT 10000
                                                                    QUERY PLAN                                                                    
--------------------------------------------------------------------------------------------------------------------------------------------------
 Limit  (cost=292.01..292.01 rows=1 width=20) (actual time=4.928..4.928 rows=0 loops=1)
   ->  Limit  (cost=7.66..192.01 rows=10000 width=20) (actual time=0.079..4.652 rows=10000 loops=1)
         ->  Incremental Sort  (cost=7.66..18442.33 rows=1000000 width=20) (actual time=0.079..4.102 rows=10000 loops=1)
               Sort Key: s_2.a, s_2.b, s_2.c
               Presorted Key: s_2.a, s_2.b
               Sort Method: quicksort  Memory: 34kB
               Sort Groups: 150
               ->  Index Scan using s_2_a_b_idx on s_2  (cost=0.42..40712.74 rows=1000000 width=20) (actual time=0.012..1.225 rows=10010 loops=1)
 Planning time: 0.281 ms
 Execution time: 4.951 ms
(10 rows)

===== 123 [Wed Mar  7 03:00:30 CET 2018] scale:1000000 groups:100 work_mem:8MB incremental:on max_workers:0 =====
SELECT * FROM s_3 ORDER BY a, b, c, d LIMIT 10000
                                                                     QUERY PLAN                                                                     
----------------------------------------------------------------------------------------------------------------------------------------------------
 Limit  (cost=302.21..302.21 rows=1 width=20) (actual time=4.375..4.375 rows=0 loops=1)
   ->  Limit  (cost=1.04..202.21 rows=10000 width=20) (actual time=0.067..4.094 rows=10000 loops=1)
         ->  Incremental Sort  (cost=1.04..20117.96 rows=1000000 width=20) (actual time=0.066..3.548 rows=10000 loops=1)
               Sort Key: s_3.a, s_3.b, s_3.c, s_3.d
               Presorted Key: s_3.a, s_3.b, s_3.c
               Sort Method: quicksort  Memory: 27kB
               Sort Groups: 309
               ->  Index Scan using s_3_a_b_c_idx on s_3  (cost=0.42..45144.74 rows=1000000 width=20) (actual time=0.014..1.238 rows=10013 loops=1)
 Planning time: 0.286 ms
 Execution time: 4.398 ms
(10 rows)

===== 124 [Wed Mar  7 03:00:30 CET 2018] scale:1000000 groups:100 work_mem:8MB incremental:on max_workers:0 =====
SELECT * FROM s_4 ORDER BY a, b, c, d, e LIMIT 10000
                                                                      QUERY PLAN                                                                      
------------------------------------------------------------------------------------------------------------------------------------------------------
 Limit  (cost=302.21..302.21 rows=1 width=20) (actual time=3.571..3.571 rows=0 loops=1)
   ->  Limit  (cost=1.04..202.21 rows=10000 width=20) (actual time=0.074..3.293 rows=10000 loops=1)
         ->  Incremental Sort  (cost=1.04..20117.96 rows=1000000 width=20) (actual time=0.073..2.741 rows=10000 loops=1)
               Sort Key: s_4.a, s_4.b, s_4.c, s_4.d, s_4.e
               Presorted Key: s_4.a, s_4.b, s_4.c, s_4.d
               Sort Method: quicksort  Memory: 27kB
               Sort Groups: 313
               ->  Index Scan using s_4_a_b_c_d_idx on s_4  (cost=0.42..45144.74 rows=1000000 width=20) (actual time=0.024..1.261 rows=10018 loops=1)
 Planning time: 0.276 ms
 Execution time: 3.594 ms
(10 rows)

===== 125 [Wed Mar  7 03:00:30 CET 2018] scale:1000000 groups:100 work_mem:8MB incremental:off max_workers:0 =====
SELECT * FROM s_1 ORDER BY a, b LIMIT 10000
                                                           QUERY PLAN                                                            
---------------------------------------------------------------------------------------------------------------------------------
 Limit  (cost=87933.56..87933.56 rows=1 width=20) (actual time=129.812..129.812 rows=0 loops=1)
   ->  Limit  (cost=87808.56..87833.56 rows=10000 width=20) (actual time=128.572..129.546 rows=10000 loops=1)
         ->  Sort  (cost=87808.56..90308.56 rows=1000000 width=20) (actual time=128.572..129.003 rows=10000 loops=1)
               Sort Key: s_1.a, s_1.b
               Sort Method: top-N heapsort  Memory: 1810kB
               ->  Seq Scan on s_1  (cost=0.00..16370.00 rows=1000000 width=20) (actual time=0.007..50.325 rows=1000000 loops=1)
 Planning time: 0.275 ms
 Execution time: 129.947 ms
(8 rows)

===== 126 [Wed Mar  7 03:00:31 CET 2018] scale:1000000 groups:100 work_mem:8MB incremental:off max_workers:0 =====
SELECT * FROM s_2 ORDER BY a, b, c LIMIT 10000
                                                           QUERY PLAN                                                            
---------------------------------------------------------------------------------------------------------------------------------
 Limit  (cost=87933.56..87933.56 rows=1 width=20) (actual time=128.697..128.697 rows=0 loops=1)
   ->  Limit  (cost=87808.56..87833.56 rows=10000 width=20) (actual time=127.480..128.426 rows=10000 loops=1)
         ->  Sort  (cost=87808.56..90308.56 rows=1000000 width=20) (actual time=127.479..127.879 rows=10000 loops=1)
               Sort Key: s_2.a, s_2.b, s_2.c
               Sort Method: top-N heapsort  Memory: 1550kB
               ->  Seq Scan on s_2  (cost=0.00..16370.00 rows=1000000 width=20) (actual time=0.004..50.289 rows=1000000 loops=1)
 Planning time: 0.270 ms
 Execution time: 128.828 ms
(8 rows)

===== 127 [Wed Mar  7 03:00:31 CET 2018] scale:1000000 groups:100 work_mem:8MB incremental:off max_workers:0 =====
SELECT * FROM s_3 ORDER BY a, b, c, d LIMIT 10000
                                                           QUERY PLAN                                                            
---------------------------------------------------------------------------------------------------------------------------------
 Limit  (cost=87933.56..87933.56 rows=1 width=20) (actual time=131.857..131.857 rows=0 loops=1)
   ->  Limit  (cost=87808.56..87833.56 rows=10000 width=20) (actual time=130.651..131.583 rows=10000 loops=1)
         ->  Sort  (cost=87808.56..90308.56 rows=1000000 width=20) (actual time=130.650..131.041 rows=10000 loops=1)
               Sort Key: s_3.a, s_3.b, s_3.c, s_3.d
               Sort Method: top-N heapsort  Memory: 1550kB
               ->  Seq Scan on s_3  (cost=0.00..16370.00 rows=1000000 width=20) (actual time=0.010..49.838 rows=1000000 loops=1)
 Planning time: 0.279 ms
 Execution time: 131.985 ms
(8 rows)

===== 128 [Wed Mar  7 03:00:32 CET 2018] scale:1000000 groups:100 work_mem:8MB incremental:off max_workers:0 =====
SELECT * FROM s_4 ORDER BY a, b, c, d, e LIMIT 10000
                                                           QUERY PLAN                                                            
---------------------------------------------------------------------------------------------------------------------------------
 Limit  (cost=87933.56..87933.56 rows=1 width=20) (actual time=130.981..130.981 rows=0 loops=1)
   ->  Limit  (cost=87808.56..87833.56 rows=10000 width=20) (actual time=129.772..130.716 rows=10000 loops=1)
         ->  Sort  (cost=87808.56..90308.56 rows=1000000 width=20) (actual time=129.771..130.156 rows=10000 loops=1)
               Sort Key: s_4.a, s_4.b, s_4.c, s_4.d, s_4.e
               Sort Method: top-N heapsort  Memory: 1550kB
               ->  Seq Scan on s_4  (cost=0.00..16370.00 rows=1000000 width=20) (actual time=0.020..49.777 rows=1000000 loops=1)
 Planning time: 0.271 ms
 Execution time: 131.111 ms
(8 rows)

===== 129 [Wed Mar  7 03:00:33 CET 2018] scale:1000000 groups:100 work_mem:16MB incremental:on max_workers:0 =====
SELECT * FROM s_1 ORDER BY a, b LIMIT 10000
                                                                   QUERY PLAN                                                                   
------------------------------------------------------------------------------------------------------------------------------------------------
 Limit  (cost=1252.97..1252.97 rows=1 width=20) (actual time=6.914..6.914 rows=0 loops=1)
   ->  Limit  (cost=977.85..1152.97 rows=10000 width=20) (actual time=1.998..6.637 rows=10000 loops=1)
         ->  Incremental Sort  (cost=977.85..18489.64 rows=1000000 width=20) (actual time=1.998..6.091 rows=10000 loops=1)
               Sort Key: s_1.a, s_1.b
               Presorted Key: s_1.a
               Sort Method: quicksort  Memory: 1154kB
               Sort Groups: 2
               ->  Index Scan using s_1_a_idx on s_1  (cost=0.42..32353.42 rows=1000000 width=20) (actual time=0.012..1.908 rows=14883 loops=1)
 Planning time: 0.277 ms
 Execution time: 6.959 ms
(10 rows)

===== 130 [Wed Mar  7 03:00:33 CET 2018] scale:1000000 groups:100 work_mem:16MB incremental:on max_workers:0 =====
SELECT * FROM s_2 ORDER BY a, b, c LIMIT 10000
                                                                    QUERY PLAN                                                                    
--------------------------------------------------------------------------------------------------------------------------------------------------
 Limit  (cost=292.01..292.01 rows=1 width=20) (actual time=4.909..4.909 rows=0 loops=1)
   ->  Limit  (cost=7.66..192.01 rows=10000 width=20) (actual time=0.082..4.632 rows=10000 loops=1)
         ->  Incremental Sort  (cost=7.66..18442.33 rows=1000000 width=20) (actual time=0.082..4.074 rows=10000 loops=1)
               Sort Key: s_2.a, s_2.b, s_2.c
               Presorted Key: s_2.a, s_2.b
               Sort Method: quicksort  Memory: 34kB
               Sort Groups: 150
               ->  Index Scan using s_2_a_b_idx on s_2  (cost=0.42..40712.74 rows=1000000 width=20) (actual time=0.012..1.207 rows=10010 loops=1)
 Planning time: 0.280 ms
 Execution time: 4.933 ms
(10 rows)

===== 131 [Wed Mar  7 03:00:33 CET 2018] scale:1000000 groups:100 work_mem:16MB incremental:on max_workers:0 =====
SELECT * FROM s_3 ORDER BY a, b, c, d LIMIT 10000
                                                                     QUERY PLAN                                                                     
----------------------------------------------------------------------------------------------------------------------------------------------------
 Limit  (cost=302.21..302.21 rows=1 width=20) (actual time=4.381..4.381 rows=0 loops=1)
   ->  Limit  (cost=1.04..202.21 rows=10000 width=20) (actual time=0.066..4.102 rows=10000 loops=1)
         ->  Incremental Sort  (cost=1.04..20117.96 rows=1000000 width=20) (actual time=0.066..3.554 rows=10000 loops=1)
               Sort Key: s_3.a, s_3.b, s_3.c, s_3.d
               Presorted Key: s_3.a, s_3.b, s_3.c
               Sort Method: quicksort  Memory: 27kB
               Sort Groups: 309
               ->  Index Scan using s_3_a_b_c_idx on s_3  (cost=0.42..45144.74 rows=1000000 width=20) (actual time=0.014..1.235 rows=10013 loops=1)
 Planning time: 0.285 ms
 Execution time: 4.403 ms
(10 rows)

===== 132 [Wed Mar  7 03:00:33 CET 2018] scale:1000000 groups:100 work_mem:16MB incremental:on max_workers:0 =====
SELECT * FROM s_4 ORDER BY a, b, c, d, e LIMIT 10000
                                                                      QUERY PLAN                                                                      
------------------------------------------------------------------------------------------------------------------------------------------------------
 Limit  (cost=302.21..302.21 rows=1 width=20) (actual time=3.581..3.581 rows=0 loops=1)
   ->  Limit  (cost=1.04..202.21 rows=10000 width=20) (actual time=0.065..3.300 rows=10000 loops=1)
         ->  Incremental Sort  (cost=1.04..20117.96 rows=1000000 width=20) (actual time=0.064..2.753 rows=10000 loops=1)
               Sort Key: s_4.a, s_4.b, s_4.c, s_4.d, s_4.e
               Presorted Key: s_4.a, s_4.b, s_4.c, s_4.d
               Sort Method: quicksort  Memory: 27kB
               Sort Groups: 313
               ->  Index Scan using s_4_a_b_c_d_idx on s_4  (cost=0.42..45144.74 rows=1000000 width=20) (actual time=0.018..1.259 rows=10018 loops=1)
 Planning time: 0.280 ms
 Execution time: 3.604 ms
(10 rows)

===== 133 [Wed Mar  7 03:00:33 CET 2018] scale:1000000 groups:100 work_mem:16MB incremental:off max_workers:0 =====
SELECT * FROM s_1 ORDER BY a, b LIMIT 10000
                                                           QUERY PLAN                                                            
---------------------------------------------------------------------------------------------------------------------------------
 Limit  (cost=87933.56..87933.56 rows=1 width=20) (actual time=129.634..129.634 rows=0 loops=1)
   ->  Limit  (cost=87808.56..87833.56 rows=10000 width=20) (actual time=128.388..129.361 rows=10000 loops=1)
         ->  Sort  (cost=87808.56..90308.56 rows=1000000 width=20) (actual time=128.387..128.820 rows=10000 loops=1)
               Sort Key: s_1.a, s_1.b
               Sort Method: top-N heapsort  Memory: 1810kB
               ->  Seq Scan on s_1  (cost=0.00..16370.00 rows=1000000 width=20) (actual time=0.007..50.248 rows=1000000 loops=1)
 Planning time: 0.271 ms
 Execution time: 129.763 ms
(8 rows)

===== 134 [Wed Mar  7 03:00:34 CET 2018] scale:1000000 groups:100 work_mem:16MB incremental:off max_workers:0 =====
SELECT * FROM s_2 ORDER BY a, b, c LIMIT 10000
                                                           QUERY PLAN                                                            
---------------------------------------------------------------------------------------------------------------------------------
 Limit  (cost=87933.56..87933.56 rows=1 width=20) (actual time=128.771..128.771 rows=0 loops=1)
   ->  Limit  (cost=87808.56..87833.56 rows=10000 width=20) (actual time=127.543..128.497 rows=10000 loops=1)
         ->  Sort  (cost=87808.56..90308.56 rows=1000000 width=20) (actual time=127.543..127.943 rows=10000 loops=1)
               Sort Key: s_2.a, s_2.b, s_2.c
               Sort Method: top-N heapsort  Memory: 1550kB
               ->  Seq Scan on s_2  (cost=0.00..16370.00 rows=1000000 width=20) (actual time=0.004..50.360 rows=1000000 loops=1)
 Planning time: 0.271 ms
 Execution time: 128.900 ms
(8 rows)

===== 135 [Wed Mar  7 03:00:34 CET 2018] scale:1000000 groups:100 work_mem:16MB incremental:off max_workers:0 =====
SELECT * FROM s_3 ORDER BY a, b, c, d LIMIT 10000
                                                           QUERY PLAN                                                            
---------------------------------------------------------------------------------------------------------------------------------
 Limit  (cost=87933.56..87933.56 rows=1 width=20) (actual time=131.887..131.887 rows=0 loops=1)
   ->  Limit  (cost=87808.56..87833.56 rows=10000 width=20) (actual time=130.680..131.613 rows=10000 loops=1)
         ->  Sort  (cost=87808.56..90308.56 rows=1000000 width=20) (actual time=130.679..131.069 rows=10000 loops=1)
               Sort Key: s_3.a, s_3.b, s_3.c, s_3.d
               Sort Method: top-N heapsort  Memory: 1550kB
               ->  Seq Scan on s_3  (cost=0.00..16370.00 rows=1000000 width=20) (actual time=0.009..49.825 rows=1000000 loops=1)
 Planning time: 0.277 ms
 Execution time: 132.015 ms
(8 rows)

===== 136 [Wed Mar  7 03:00:35 CET 2018] scale:1000000 groups:100 work_mem:16MB incremental:off max_workers:0 =====
SELECT * FROM s_4 ORDER BY a, b, c, d, e LIMIT 10000
                                                           QUERY PLAN                                                            
---------------------------------------------------------------------------------------------------------------------------------
 Limit  (cost=87933.56..87933.56 rows=1 width=20) (actual time=130.958..130.958 rows=0 loops=1)
   ->  Limit  (cost=87808.56..87833.56 rows=10000 width=20) (actual time=129.728..130.680 rows=10000 loops=1)
         ->  Sort  (cost=87808.56..90308.56 rows=1000000 width=20) (actual time=129.728..130.114 rows=10000 loops=1)
               Sort Key: s_4.a, s_4.b, s_4.c, s_4.d, s_4.e
               Sort Method: top-N heapsort  Memory: 1550kB
               ->  Seq Scan on s_4  (cost=0.00..16370.00 rows=1000000 width=20) (actual time=0.011..49.732 rows=1000000 loops=1)
 Planning time: 0.264 ms
 Execution time: 131.085 ms
(8 rows)

===== 137 [Wed Mar  7 03:00:36 CET 2018] scale:1000000 groups:100 work_mem:32MB incremental:on max_workers:0 =====
SELECT * FROM s_1 ORDER BY a, b LIMIT 10000
                                                                   QUERY PLAN                                                                   
------------------------------------------------------------------------------------------------------------------------------------------------
 Limit  (cost=1252.97..1252.97 rows=1 width=20) (actual time=6.913..6.913 rows=0 loops=1)
   ->  Limit  (cost=977.85..1152.97 rows=10000 width=20) (actual time=1.996..6.638 rows=10000 loops=1)
         ->  Incremental Sort  (cost=977.85..18489.64 rows=1000000 width=20) (actual time=1.996..6.092 rows=10000 loops=1)
               Sort Key: s_1.a, s_1.b
               Presorted Key: s_1.a
               Sort Method: quicksort  Memory: 1154kB
               Sort Groups: 2
               ->  Index Scan using s_1_a_idx on s_1  (cost=0.42..32353.42 rows=1000000 width=20) (actual time=0.012..1.912 rows=14883 loops=1)
 Planning time: 0.265 ms
 Execution time: 6.959 ms
(10 rows)

===== 138 [Wed Mar  7 03:00:36 CET 2018] scale:1000000 groups:100 work_mem:32MB incremental:on max_workers:0 =====
SELECT * FROM s_2 ORDER BY a, b, c LIMIT 10000
                                                                    QUERY PLAN                                                                    
--------------------------------------------------------------------------------------------------------------------------------------------------
 Limit  (cost=292.01..292.01 rows=1 width=20) (actual time=4.892..4.892 rows=0 loops=1)
   ->  Limit  (cost=7.66..192.01 rows=10000 width=20) (actual time=0.087..4.613 rows=10000 loops=1)
         ->  Incremental Sort  (cost=7.66..18442.33 rows=1000000 width=20) (actual time=0.087..4.061 rows=10000 loops=1)
               Sort Key: s_2.a, s_2.b, s_2.c
               Presorted Key: s_2.a, s_2.b
               Sort Method: quicksort  Memory: 34kB
               Sort Groups: 150
               ->  Index Scan using s_2_a_b_idx on s_2  (cost=0.42..40712.74 rows=1000000 width=20) (actual time=0.013..1.195 rows=10010 loops=1)
 Planning time: 0.284 ms
 Execution time: 4.915 ms
(10 rows)

===== 139 [Wed Mar  7 03:00:36 CET 2018] scale:1000000 groups:100 work_mem:32MB incremental:on max_workers:0 =====
SELECT * FROM s_3 ORDER BY a, b, c, d LIMIT 10000
                                                                     QUERY PLAN                                                                     
----------------------------------------------------------------------------------------------------------------------------------------------------
 Limit  (cost=302.21..302.21 rows=1 width=20) (actual time=4.377..4.377 rows=0 loops=1)
   ->  Limit  (cost=1.04..202.21 rows=10000 width=20) (actual time=0.068..4.097 rows=10000 loops=1)
         ->  Incremental Sort  (cost=1.04..20117.96 rows=1000000 width=20) (actual time=0.068..3.548 rows=10000 loops=1)
               Sort Key: s_3.a, s_3.b, s_3.c, s_3.d
               Presorted Key: s_3.a, s_3.b, s_3.c
               Sort Method: quicksort  Memory: 27kB
               Sort Groups: 309
               ->  Index Scan using s_3_a_b_c_idx on s_3  (cost=0.42..45144.74 rows=1000000 width=20) (actual time=0.014..1.231 rows=10013 loops=1)
 Planning time: 0.281 ms
 Execution time: 4.400 ms
(10 rows)

===== 140 [Wed Mar  7 03:00:36 CET 2018] scale:1000000 groups:100 work_mem:32MB incremental:on max_workers:0 =====
SELECT * FROM s_4 ORDER BY a, b, c, d, e LIMIT 10000
                                                                      QUERY PLAN                                                                      
------------------------------------------------------------------------------------------------------------------------------------------------------
 Limit  (cost=302.21..302.21 rows=1 width=20) (actual time=3.580..3.580 rows=0 loops=1)
   ->  Limit  (cost=1.04..202.21 rows=10000 width=20) (actual time=0.065..3.303 rows=10000 loops=1)
         ->  Incremental Sort  (cost=1.04..20117.96 rows=1000000 width=20) (actual time=0.065..2.756 rows=10000 loops=1)
               Sort Key: s_4.a, s_4.b, s_4.c, s_4.d, s_4.e
               Presorted Key: s_4.a, s_4.b, s_4.c, s_4.d
               Sort Method: quicksort  Memory: 27kB
               Sort Groups: 313
               ->  Index Scan using s_4_a_b_c_d_idx on s_4  (cost=0.42..45144.74 rows=1000000 width=20) (actual time=0.018..1.258 rows=10018 loops=1)
 Planning time: 0.274 ms
 Execution time: 3.603 ms
(10 rows)

===== 141 [Wed Mar  7 03:00:36 CET 2018] scale:1000000 groups:100 work_mem:32MB incremental:off max_workers:0 =====
SELECT * FROM s_1 ORDER BY a, b LIMIT 10000
                                                           QUERY PLAN                                                            
---------------------------------------------------------------------------------------------------------------------------------
 Limit  (cost=87933.56..87933.56 rows=1 width=20) (actual time=129.746..129.746 rows=0 loops=1)
   ->  Limit  (cost=87808.56..87833.56 rows=10000 width=20) (actual time=128.502..129.474 rows=10000 loops=1)
         ->  Sort  (cost=87808.56..90308.56 rows=1000000 width=20) (actual time=128.501..128.932 rows=10000 loops=1)
               Sort Key: s_1.a, s_1.b
               Sort Method: top-N heapsort  Memory: 1810kB
               ->  Seq Scan on s_1  (cost=0.00..16370.00 rows=1000000 width=20) (actual time=0.007..50.256 rows=1000000 loops=1)
 Planning time: 0.263 ms
 Execution time: 129.874 ms
(8 rows)

===== 142 [Wed Mar  7 03:00:37 CET 2018] scale:1000000 groups:100 work_mem:32MB incremental:off max_workers:0 =====
SELECT * FROM s_2 ORDER BY a, b, c LIMIT 10000
                                                           QUERY PLAN                                                            
---------------------------------------------------------------------------------------------------------------------------------
 Limit  (cost=87933.56..87933.56 rows=1 width=20) (actual time=128.709..128.709 rows=0 loops=1)
   ->  Limit  (cost=87808.56..87833.56 rows=10000 width=20) (actual time=127.491..128.436 rows=10000 loops=1)
         ->  Sort  (cost=87808.56..90308.56 rows=1000000 width=20) (actual time=127.490..127.891 rows=10000 loops=1)
               Sort Key: s_2.a, s_2.b, s_2.c
               Sort Method: top-N heapsort  Memory: 1550kB
               ->  Seq Scan on s_2  (cost=0.00..16370.00 rows=1000000 width=20) (actual time=0.004..50.304 rows=1000000 loops=1)
 Planning time: 0.272 ms
 Execution time: 128.838 ms
(8 rows)

===== 143 [Wed Mar  7 03:00:37 CET 2018] scale:1000000 groups:100 work_mem:32MB incremental:off max_workers:0 =====
SELECT * FROM s_3 ORDER BY a, b, c, d LIMIT 10000
                                                           QUERY PLAN                                                            
---------------------------------------------------------------------------------------------------------------------------------
 Limit  (cost=87933.56..87933.56 rows=1 width=20) (actual time=131.777..131.777 rows=0 loops=1)
   ->  Limit  (cost=87808.56..87833.56 rows=10000 width=20) (actual time=130.570..131.504 rows=10000 loops=1)
         ->  Sort  (cost=87808.56..90308.56 rows=1000000 width=20) (actual time=130.569..130.958 rows=10000 loops=1)
               Sort Key: s_3.a, s_3.b, s_3.c, s_3.d
               Sort Method: top-N heapsort  Memory: 1550kB
               ->  Seq Scan on s_3  (cost=0.00..16370.00 rows=1000000 width=20) (actual time=0.010..49.818 rows=1000000 loops=1)
 Planning time: 0.273 ms
 Execution time: 131.904 ms
(8 rows)

===== 144 [Wed Mar  7 03:00:38 CET 2018] scale:1000000 groups:100 work_mem:32MB incremental:off max_workers:0 =====
SELECT * FROM s_4 ORDER BY a, b, c, d, e LIMIT 10000
                                                           QUERY PLAN                                                            
---------------------------------------------------------------------------------------------------------------------------------
 Limit  (cost=87933.56..87933.56 rows=1 width=20) (actual time=130.971..130.971 rows=0 loops=1)
   ->  Limit  (cost=87808.56..87833.56 rows=10000 width=20) (actual time=129.754..130.697 rows=10000 loops=1)
         ->  Sort  (cost=87808.56..90308.56 rows=1000000 width=20) (actual time=129.754..130.140 rows=10000 loops=1)
               Sort Key: s_4.a, s_4.b, s_4.c, s_4.d, s_4.e
               Sort Method: top-N heapsort  Memory: 1550kB
               ->  Seq Scan on s_4  (cost=0.00..16370.00 rows=1000000 width=20) (actual time=0.010..49.729 rows=1000000 loops=1)
 Planning time: 0.266 ms
 Execution time: 131.099 ms
(8 rows)

===== 145 [Wed Mar  7 03:00:39 CET 2018] scale:1000000 groups:100 work_mem:64MB incremental:on max_workers:0 =====
SELECT * FROM s_1 ORDER BY a, b LIMIT 10000
                                                                   QUERY PLAN                                                                   
------------------------------------------------------------------------------------------------------------------------------------------------
 Limit  (cost=1252.97..1252.97 rows=1 width=20) (actual time=6.905..6.905 rows=0 loops=1)
   ->  Limit  (cost=977.85..1152.97 rows=10000 width=20) (actual time=1.991..6.631 rows=10000 loops=1)
         ->  Incremental Sort  (cost=977.85..18489.64 rows=1000000 width=20) (actual time=1.990..6.084 rows=10000 loops=1)
               Sort Key: s_1.a, s_1.b
               Presorted Key: s_1.a
               Sort Method: quicksort  Memory: 1154kB
               Sort Groups: 2
               ->  Index Scan using s_1_a_idx on s_1  (cost=0.42..32353.42 rows=1000000 width=20) (actual time=0.012..1.901 rows=14883 loops=1)
 Planning time: 0.264 ms
 Execution time: 6.949 ms
(10 rows)

===== 146 [Wed Mar  7 03:00:39 CET 2018] scale:1000000 groups:100 work_mem:64MB incremental:on max_workers:0 =====
SELECT * FROM s_2 ORDER BY a, b, c LIMIT 10000
                                                                    QUERY PLAN                                                                    
--------------------------------------------------------------------------------------------------------------------------------------------------
 Limit  (cost=292.01..292.01 rows=1 width=20) (actual time=4.895..4.895 rows=0 loops=1)
   ->  Limit  (cost=7.66..192.01 rows=10000 width=20) (actual time=0.080..4.615 rows=10000 loops=1)
         ->  Incremental Sort  (cost=7.66..18442.33 rows=1000000 width=20) (actual time=0.080..4.065 rows=10000 loops=1)
               Sort Key: s_2.a, s_2.b, s_2.c
               Presorted Key: s_2.a, s_2.b
               Sort Method: quicksort  Memory: 34kB
               Sort Groups: 150
               ->  Index Scan using s_2_a_b_idx on s_2  (cost=0.42..40712.74 rows=1000000 width=20) (actual time=0.012..1.200 rows=10010 loops=1)
 Planning time: 0.293 ms
 Execution time: 4.918 ms
(10 rows)

===== 147 [Wed Mar  7 03:00:39 CET 2018] scale:1000000 groups:100 work_mem:64MB incremental:on max_workers:0 =====
SELECT * FROM s_3 ORDER BY a, b, c, d LIMIT 10000
                                                                     QUERY PLAN                                                                     
----------------------------------------------------------------------------------------------------------------------------------------------------
 Limit  (cost=302.21..302.21 rows=1 width=20) (actual time=4.387..4.387 rows=0 loops=1)
   ->  Limit  (cost=1.04..202.21 rows=10000 width=20) (actual time=0.066..4.104 rows=10000 loops=1)
         ->  Incremental Sort  (cost=1.04..20117.96 rows=1000000 width=20) (actual time=0.066..3.553 rows=10000 loops=1)
               Sort Key: s_3.a, s_3.b, s_3.c, s_3.d
               Presorted Key: s_3.a, s_3.b, s_3.c
               Sort Method: quicksort  Memory: 27kB
               Sort Groups: 309
               ->  Index Scan using s_3_a_b_c_idx on s_3  (cost=0.42..45144.74 rows=1000000 width=20) (actual time=0.014..1.240 rows=10013 loops=1)
 Planning time: 0.284 ms
 Execution time: 4.411 ms
(10 rows)

===== 148 [Wed Mar  7 03:00:39 CET 2018] scale:1000000 groups:100 work_mem:64MB incremental:on max_workers:0 =====
SELECT * FROM s_4 ORDER BY a, b, c, d, e LIMIT 10000
                                                                      QUERY PLAN                                                                      
------------------------------------------------------------------------------------------------------------------------------------------------------
 Limit  (cost=302.21..302.21 rows=1 width=20) (actual time=3.580..3.580 rows=0 loops=1)
   ->  Limit  (cost=1.04..202.21 rows=10000 width=20) (actual time=0.067..3.300 rows=10000 loops=1)
         ->  Incremental Sort  (cost=1.04..20117.96 rows=1000000 width=20) (actual time=0.067..2.752 rows=10000 loops=1)
               Sort Key: s_4.a, s_4.b, s_4.c, s_4.d, s_4.e
               Presorted Key: s_4.a, s_4.b, s_4.c, s_4.d
               Sort Method: quicksort  Memory: 27kB
               Sort Groups: 313
               ->  Index Scan using s_4_a_b_c_d_idx on s_4  (cost=0.42..45144.74 rows=1000000 width=20) (actual time=0.018..1.257 rows=10018 loops=1)
 Planning time: 0.278 ms
 Execution time: 3.603 ms
(10 rows)

===== 149 [Wed Mar  7 03:00:39 CET 2018] scale:1000000 groups:100 work_mem:64MB incremental:off max_workers:0 =====
SELECT * FROM s_1 ORDER BY a, b LIMIT 10000
                                                           QUERY PLAN                                                            
---------------------------------------------------------------------------------------------------------------------------------
 Limit  (cost=87933.56..87933.56 rows=1 width=20) (actual time=129.754..129.754 rows=0 loops=1)
   ->  Limit  (cost=87808.56..87833.56 rows=10000 width=20) (actual time=128.493..129.475 rows=10000 loops=1)
         ->  Sort  (cost=87808.56..90308.56 rows=1000000 width=20) (actual time=128.493..128.926 rows=10000 loops=1)
               Sort Key: s_1.a, s_1.b
               Sort Method: top-N heapsort  Memory: 1810kB
               ->  Seq Scan on s_1  (cost=0.00..16370.00 rows=1000000 width=20) (actual time=0.007..50.277 rows=1000000 loops=1)
 Planning time: 0.265 ms
 Execution time: 129.884 ms
(8 rows)

===== 150 [Wed Mar  7 03:00:40 CET 2018] scale:1000000 groups:100 work_mem:64MB incremental:off max_workers:0 =====
SELECT * FROM s_2 ORDER BY a, b, c LIMIT 10000
                                                           QUERY PLAN                                                            
---------------------------------------------------------------------------------------------------------------------------------
 Limit  (cost=87933.56..87933.56 rows=1 width=20) (actual time=128.659..128.659 rows=0 loops=1)
   ->  Limit  (cost=87808.56..87833.56 rows=10000 width=20) (actual time=127.440..128.384 rows=10000 loops=1)
         ->  Sort  (cost=87808.56..90308.56 rows=1000000 width=20) (actual time=127.439..127.839 rows=10000 loops=1)
               Sort Key: s_2.a, s_2.b, s_2.c
               Sort Method: top-N heapsort  Memory: 1550kB
               ->  Seq Scan on s_2  (cost=0.00..16370.00 rows=1000000 width=20) (actual time=0.004..50.301 rows=1000000 loops=1)
 Planning time: 0.271 ms
 Execution time: 128.789 ms
(8 rows)

===== 151 [Wed Mar  7 03:00:40 CET 2018] scale:1000000 groups:100 work_mem:64MB incremental:off max_workers:0 =====
SELECT * FROM s_3 ORDER BY a, b, c, d LIMIT 10000
                                                           QUERY PLAN                                                            
---------------------------------------------------------------------------------------------------------------------------------
 Limit  (cost=87933.56..87933.56 rows=1 width=20) (actual time=131.726..131.726 rows=0 loops=1)
   ->  Limit  (cost=87808.56..87833.56 rows=10000 width=20) (actual time=130.519..131.450 rows=10000 loops=1)
         ->  Sort  (cost=87808.56..90308.56 rows=1000000 width=20) (actual time=130.518..130.905 rows=10000 loops=1)
               Sort Key: s_3.a, s_3.b, s_3.c, s_3.d
               Sort Method: top-N heapsort  Memory: 1550kB
               ->  Seq Scan on s_3  (cost=0.00..16370.00 rows=1000000 width=20) (actual time=0.010..49.782 rows=1000000 loops=1)
 Planning time: 0.271 ms
 Execution time: 131.855 ms
(8 rows)

===== 152 [Wed Mar  7 03:00:41 CET 2018] scale:1000000 groups:100 work_mem:64MB incremental:off max_workers:0 =====
SELECT * FROM s_4 ORDER BY a, b, c, d, e LIMIT 10000
                                                           QUERY PLAN                                                            
---------------------------------------------------------------------------------------------------------------------------------
 Limit  (cost=87933.56..87933.56 rows=1 width=20) (actual time=130.963..130.963 rows=0 loops=1)
   ->  Limit  (cost=87808.56..87833.56 rows=10000 width=20) (actual time=129.745..130.687 rows=10000 loops=1)
         ->  Sort  (cost=87808.56..90308.56 rows=1000000 width=20) (actual time=129.744..130.128 rows=10000 loops=1)
               Sort Key: s_4.a, s_4.b, s_4.c, s_4.d, s_4.e
               Sort Method: top-N heapsort  Memory: 1550kB
               ->  Seq Scan on s_4  (cost=0.00..16370.00 rows=1000000 width=20) (actual time=0.011..49.745 rows=1000000 loops=1)
 Planning time: 0.264 ms
 Execution time: 131.094 ms
(8 rows)

===== 153 [Wed Mar  7 03:00:42 CET 2018] scale:1000000 groups:100 work_mem:128MB incremental:on max_workers:0 =====
SELECT * FROM s_1 ORDER BY a, b LIMIT 10000
                                                                   QUERY PLAN                                                                   
------------------------------------------------------------------------------------------------------------------------------------------------
 Limit  (cost=1252.97..1252.97 rows=1 width=20) (actual time=6.917..6.917 rows=0 loops=1)
   ->  Limit  (cost=977.85..1152.97 rows=10000 width=20) (actual time=2.003..6.639 rows=10000 loops=1)
         ->  Incremental Sort  (cost=977.85..18489.64 rows=1000000 width=20) (actual time=2.003..6.093 rows=10000 loops=1)
               Sort Key: s_1.a, s_1.b
               Presorted Key: s_1.a
               Sort Method: quicksort  Memory: 1154kB
               Sort Groups: 2
               ->  Index Scan using s_1_a_idx on s_1  (cost=0.42..32353.42 rows=1000000 width=20) (actual time=0.012..1.906 rows=14883 loops=1)
 Planning time: 0.271 ms
 Execution time: 6.962 ms
(10 rows)

===== 154 [Wed Mar  7 03:00:42 CET 2018] scale:1000000 groups:100 work_mem:128MB incremental:on max_workers:0 =====
SELECT * FROM s_2 ORDER BY a, b, c LIMIT 10000
                                                                    QUERY PLAN                                                                    
--------------------------------------------------------------------------------------------------------------------------------------------------
 Limit  (cost=292.01..292.01 rows=1 width=20) (actual time=4.894..4.894 rows=0 loops=1)
   ->  Limit  (cost=7.66..192.01 rows=10000 width=20) (actual time=0.085..4.617 rows=10000 loops=1)
         ->  Incremental Sort  (cost=7.66..18442.33 rows=1000000 width=20) (actual time=0.084..4.064 rows=10000 loops=1)
               Sort Key: s_2.a, s_2.b, s_2.c
               Presorted Key: s_2.a, s_2.b
               Sort Method: quicksort  Memory: 34kB
               Sort Groups: 150
               ->  Index Scan using s_2_a_b_idx on s_2  (cost=0.42..40712.74 rows=1000000 width=20) (actual time=0.018..1.199 rows=10010 loops=1)
 Planning time: 0.283 ms
 Execution time: 4.917 ms
(10 rows)

===== 155 [Wed Mar  7 03:00:42 CET 2018] scale:1000000 groups:100 work_mem:128MB incremental:on max_workers:0 =====
SELECT * FROM s_3 ORDER BY a, b, c, d LIMIT 10000
                                                                     QUERY PLAN                                                                     
----------------------------------------------------------------------------------------------------------------------------------------------------
 Limit  (cost=302.21..302.21 rows=1 width=20) (actual time=4.381..4.381 rows=0 loops=1)
   ->  Limit  (cost=1.04..202.21 rows=10000 width=20) (actual time=0.068..4.102 rows=10000 loops=1)
         ->  Incremental Sort  (cost=1.04..20117.96 rows=1000000 width=20) (actual time=0.068..3.551 rows=10000 loops=1)
               Sort Key: s_3.a, s_3.b, s_3.c, s_3.d
               Presorted Key: s_3.a, s_3.b, s_3.c
               Sort Method: quicksort  Memory: 27kB
               Sort Groups: 309
               ->  Index Scan using s_3_a_b_c_idx on s_3  (cost=0.42..45144.74 rows=1000000 width=20) (actual time=0.014..1.237 rows=10013 loops=1)
 Planning time: 0.279 ms
 Execution time: 4.404 ms
(10 rows)

===== 156 [Wed Mar  7 03:00:42 CET 2018] scale:1000000 groups:100 work_mem:128MB incremental:on max_workers:0 =====
SELECT * FROM s_4 ORDER BY a, b, c, d, e LIMIT 10000
                                                                      QUERY PLAN                                                                      
------------------------------------------------------------------------------------------------------------------------------------------------------
 Limit  (cost=302.21..302.21 rows=1 width=20) (actual time=3.578..3.578 rows=0 loops=1)
   ->  Limit  (cost=1.04..202.21 rows=10000 width=20) (actual time=0.065..3.301 rows=10000 loops=1)
         ->  Incremental Sort  (cost=1.04..20117.96 rows=1000000 width=20) (actual time=0.065..2.752 rows=10000 loops=1)
               Sort Key: s_4.a, s_4.b, s_4.c, s_4.d, s_4.e
               Presorted Key: s_4.a, s_4.b, s_4.c, s_4.d
               Sort Method: quicksort  Memory: 27kB
               Sort Groups: 313
               ->  Index Scan using s_4_a_b_c_d_idx on s_4  (cost=0.42..45144.74 rows=1000000 width=20) (actual time=0.018..1.257 rows=10018 loops=1)
 Planning time: 0.278 ms
 Execution time: 3.603 ms
(10 rows)

===== 157 [Wed Mar  7 03:00:42 CET 2018] scale:1000000 groups:100 work_mem:128MB incremental:off max_workers:0 =====
SELECT * FROM s_1 ORDER BY a, b LIMIT 10000
                                                           QUERY PLAN                                                            
---------------------------------------------------------------------------------------------------------------------------------
 Limit  (cost=87933.56..87933.56 rows=1 width=20) (actual time=129.774..129.774 rows=0 loops=1)
   ->  Limit  (cost=87808.56..87833.56 rows=10000 width=20) (actual time=128.525..129.501 rows=10000 loops=1)
         ->  Sort  (cost=87808.56..90308.56 rows=1000000 width=20) (actual time=128.525..128.955 rows=10000 loops=1)
               Sort Key: s_1.a, s_1.b
               Sort Method: top-N heapsort  Memory: 1810kB
               ->  Seq Scan on s_1  (cost=0.00..16370.00 rows=1000000 width=20) (actual time=0.007..50.278 rows=1000000 loops=1)
 Planning time: 0.275 ms
 Execution time: 129.904 ms
(8 rows)

===== 158 [Wed Mar  7 03:00:43 CET 2018] scale:1000000 groups:100 work_mem:128MB incremental:off max_workers:0 =====
SELECT * FROM s_2 ORDER BY a, b, c LIMIT 10000
                                                           QUERY PLAN                                                            
---------------------------------------------------------------------------------------------------------------------------------
 Limit  (cost=87933.56..87933.56 rows=1 width=20) (actual time=128.780..128.780 rows=0 loops=1)
   ->  Limit  (cost=87808.56..87833.56 rows=10000 width=20) (actual time=127.561..128.507 rows=10000 loops=1)
         ->  Sort  (cost=87808.56..90308.56 rows=1000000 width=20) (actual time=127.560..127.962 rows=10000 loops=1)
               Sort Key: s_2.a, s_2.b, s_2.c
               Sort Method: top-N heapsort  Memory: 1550kB
               ->  Seq Scan on s_2  (cost=0.00..16370.00 rows=1000000 width=20) (actual time=0.004..50.383 rows=1000000 loops=1)
 Planning time: 0.275 ms
 Execution time: 128.909 ms
(8 rows)

===== 159 [Wed Mar  7 03:00:43 CET 2018] scale:1000000 groups:100 work_mem:128MB incremental:off max_workers:0 =====
SELECT * FROM s_3 ORDER BY a, b, c, d LIMIT 10000
                                                           QUERY PLAN                                                            
---------------------------------------------------------------------------------------------------------------------------------
 Limit  (cost=87933.56..87933.56 rows=1 width=20) (actual time=131.755..131.755 rows=0 loops=1)
   ->  Limit  (cost=87808.56..87833.56 rows=10000 width=20) (actual time=130.544..131.478 rows=10000 loops=1)
         ->  Sort  (cost=87808.56..90308.56 rows=1000000 width=20) (actual time=130.543..130.934 rows=10000 loops=1)
               Sort Key: s_3.a, s_3.b, s_3.c, s_3.d
               Sort Method: top-N heapsort  Memory: 1550kB
               ->  Seq Scan on s_3  (cost=0.00..16370.00 rows=1000000 width=20) (actual time=0.009..49.818 rows=1000000 loops=1)
 Planning time: 0.272 ms
 Execution time: 131.884 ms
(8 rows)

===== 160 [Wed Mar  7 03:00:44 CET 2018] scale:1000000 groups:100 work_mem:128MB incremental:off max_workers:0 =====
SELECT * FROM s_4 ORDER BY a, b, c, d, e LIMIT 10000
                                                           QUERY PLAN                                                            
---------------------------------------------------------------------------------------------------------------------------------
 Limit  (cost=87933.56..87933.56 rows=1 width=20) (actual time=130.977..130.977 rows=0 loops=1)
   ->  Limit  (cost=87808.56..87833.56 rows=10000 width=20) (actual time=129.758..130.699 rows=10000 loops=1)
         ->  Sort  (cost=87808.56..90308.56 rows=1000000 width=20) (actual time=129.757..130.142 rows=10000 loops=1)
               Sort Key: s_4.a, s_4.b, s_4.c, s_4.d, s_4.e
               Sort Method: top-N heapsort  Memory: 1550kB
               ->  Seq Scan on s_4  (cost=0.00..16370.00 rows=1000000 width=20) (actual time=0.010..49.719 rows=1000000 loops=1)
 Planning time: 0.266 ms
 Execution time: 131.107 ms
(8 rows)

===== 161 [Wed Mar  7 03:00:44 CET 2018] scale:1000000 groups:100 work_mem:256MB incremental:on max_workers:0 =====
SELECT * FROM s_1 ORDER BY a, b LIMIT 10000
                                                                   QUERY PLAN                                                                   
------------------------------------------------------------------------------------------------------------------------------------------------
 Limit  (cost=1252.97..1252.97 rows=1 width=20) (actual time=6.923..6.923 rows=0 loops=1)
   ->  Limit  (cost=977.85..1152.97 rows=10000 width=20) (actual time=2.006..6.648 rows=10000 loops=1)
         ->  Incremental Sort  (cost=977.85..18489.64 rows=1000000 width=20) (actual time=2.006..6.098 rows=10000 loops=1)
               Sort Key: s_1.a, s_1.b
               Presorted Key: s_1.a
               Sort Method: quicksort  Memory: 1154kB
               Sort Groups: 2
               ->  Index Scan using s_1_a_idx on s_1  (cost=0.42..32353.42 rows=1000000 width=20) (actual time=0.012..1.909 rows=14883 loops=1)
 Planning time: 0.266 ms
 Execution time: 6.967 ms
(10 rows)

===== 162 [Wed Mar  7 03:00:45 CET 2018] scale:1000000 groups:100 work_mem:256MB incremental:on max_workers:0 =====
SELECT * FROM s_2 ORDER BY a, b, c LIMIT 10000
                                                                    QUERY PLAN                                                                    
--------------------------------------------------------------------------------------------------------------------------------------------------
 Limit  (cost=292.01..292.01 rows=1 width=20) (actual time=4.899..4.899 rows=0 loops=1)
   ->  Limit  (cost=7.66..192.01 rows=10000 width=20) (actual time=0.086..4.622 rows=10000 loops=1)
         ->  Incremental Sort  (cost=7.66..18442.33 rows=1000000 width=20) (actual time=0.086..4.068 rows=10000 loops=1)
               Sort Key: s_2.a, s_2.b, s_2.c
               Presorted Key: s_2.a, s_2.b
               Sort Method: quicksort  Memory: 34kB
               Sort Groups: 150
               ->  Index Scan using s_2_a_b_idx on s_2  (cost=0.42..40712.74 rows=1000000 width=20) (actual time=0.012..1.197 rows=10010 loops=1)
 Planning time: 0.281 ms
 Execution time: 4.923 ms
(10 rows)

===== 163 [Wed Mar  7 03:00:45 CET 2018] scale:1000000 groups:100 work_mem:256MB incremental:on max_workers:0 =====
SELECT * FROM s_3 ORDER BY a, b, c, d LIMIT 10000
                                                                     QUERY PLAN                                                                     
----------------------------------------------------------------------------------------------------------------------------------------------------
 Limit  (cost=302.21..302.21 rows=1 width=20) (actual time=4.373..4.373 rows=0 loops=1)
   ->  Limit  (cost=1.04..202.21 rows=10000 width=20) (actual time=0.067..4.091 rows=10000 loops=1)
         ->  Incremental Sort  (cost=1.04..20117.96 rows=1000000 width=20) (actual time=0.066..3.542 rows=10000 loops=1)
               Sort Key: s_3.a, s_3.b, s_3.c, s_3.d
               Presorted Key: s_3.a, s_3.b, s_3.c
               Sort Method: quicksort  Memory: 27kB
               Sort Groups: 309
               ->  Index Scan using s_3_a_b_c_idx on s_3  (cost=0.42..45144.74 rows=1000000 width=20) (actual time=0.014..1.227 rows=10013 loops=1)
 Planning time: 0.283 ms
 Execution time: 4.395 ms
(10 rows)

===== 164 [Wed Mar  7 03:00:45 CET 2018] scale:1000000 groups:100 work_mem:256MB incremental:on max_workers:0 =====
SELECT * FROM s_4 ORDER BY a, b, c, d, e LIMIT 10000
                                                                      QUERY PLAN                                                                      
------------------------------------------------------------------------------------------------------------------------------------------------------
 Limit  (cost=302.21..302.21 rows=1 width=20) (actual time=3.576..3.576 rows=0 loops=1)
   ->  Limit  (cost=1.04..202.21 rows=10000 width=20) (actual time=0.065..3.297 rows=10000 loops=1)
         ->  Incremental Sort  (cost=1.04..20117.96 rows=1000000 width=20) (actual time=0.064..2.747 rows=10000 loops=1)
               Sort Key: s_4.a, s_4.b, s_4.c, s_4.d, s_4.e
               Presorted Key: s_4.a, s_4.b, s_4.c, s_4.d
               Sort Method: quicksort  Memory: 27kB
               Sort Groups: 313
               ->  Index Scan using s_4_a_b_c_d_idx on s_4  (cost=0.42..45144.74 rows=1000000 width=20) (actual time=0.018..1.252 rows=10018 loops=1)
 Planning time: 0.277 ms
 Execution time: 3.599 ms
(10 rows)

===== 165 [Wed Mar  7 03:00:45 CET 2018] scale:1000000 groups:100 work_mem:256MB incremental:off max_workers:0 =====
SELECT * FROM s_1 ORDER BY a, b LIMIT 10000
                                                           QUERY PLAN                                                            
---------------------------------------------------------------------------------------------------------------------------------
 Limit  (cost=87933.56..87933.56 rows=1 width=20) (actual time=129.630..129.630 rows=0 loops=1)
   ->  Limit  (cost=87808.56..87833.56 rows=10000 width=20) (actual time=128.382..129.357 rows=10000 loops=1)
         ->  Sort  (cost=87808.56..90308.56 rows=1000000 width=20) (actual time=128.381..128.811 rows=10000 loops=1)
               Sort Key: s_1.a, s_1.b
               Sort Method: top-N heapsort  Memory: 1810kB
               ->  Seq Scan on s_1  (cost=0.00..16370.00 rows=1000000 width=20) (actual time=0.007..50.253 rows=1000000 loops=1)
 Planning time: 0.269 ms
 Execution time: 129.760 ms
(8 rows)

===== 166 [Wed Mar  7 03:00:45 CET 2018] scale:1000000 groups:100 work_mem:256MB incremental:off max_workers:0 =====
SELECT * FROM s_2 ORDER BY a, b, c LIMIT 10000
                                                           QUERY PLAN                                                            
---------------------------------------------------------------------------------------------------------------------------------
 Limit  (cost=87933.56..87933.56 rows=1 width=20) (actual time=128.727..128.727 rows=0 loops=1)
   ->  Limit  (cost=87808.56..87833.56 rows=10000 width=20) (actual time=127.508..128.451 rows=10000 loops=1)
         ->  Sort  (cost=87808.56..90308.56 rows=1000000 width=20) (actual time=127.508..127.907 rows=10000 loops=1)
               Sort Key: s_2.a, s_2.b, s_2.c
               Sort Method: top-N heapsort  Memory: 1550kB
               ->  Seq Scan on s_2  (cost=0.00..16370.00 rows=1000000 width=20) (actual time=0.004..50.307 rows=1000000 loops=1)
 Planning time: 0.282 ms
 Execution time: 128.854 ms
(8 rows)

===== 167 [Wed Mar  7 03:00:46 CET 2018] scale:1000000 groups:100 work_mem:256MB incremental:off max_workers:0 =====
SELECT * FROM s_3 ORDER BY a, b, c, d LIMIT 10000
                                                           QUERY PLAN                                                            
---------------------------------------------------------------------------------------------------------------------------------
 Limit  (cost=87933.56..87933.56 rows=1 width=20) (actual time=131.926..131.926 rows=0 loops=1)
   ->  Limit  (cost=87808.56..87833.56 rows=10000 width=20) (actual time=130.718..131.653 rows=10000 loops=1)
         ->  Sort  (cost=87808.56..90308.56 rows=1000000 width=20) (actual time=130.717..131.106 rows=10000 loops=1)
               Sort Key: s_3.a, s_3.b, s_3.c, s_3.d
               Sort Method: top-N heapsort  Memory: 1550kB
               ->  Seq Scan on s_3  (cost=0.00..16370.00 rows=1000000 width=20) (actual time=0.009..49.829 rows=1000000 loops=1)
 Planning time: 0.270 ms
 Execution time: 132.055 ms
(8 rows)

===== 168 [Wed Mar  7 03:00:47 CET 2018] scale:1000000 groups:100 work_mem:256MB incremental:off max_workers:0 =====
SELECT * FROM s_4 ORDER BY a, b, c, d, e LIMIT 10000
                                                           QUERY PLAN                                                            
---------------------------------------------------------------------------------------------------------------------------------
 Limit  (cost=87933.56..87933.56 rows=1 width=20) (actual time=130.946..130.946 rows=0 loops=1)
   ->  Limit  (cost=87808.56..87833.56 rows=10000 width=20) (actual time=129.727..130.669 rows=10000 loops=1)
         ->  Sort  (cost=87808.56..90308.56 rows=1000000 width=20) (actual time=129.726..130.111 rows=10000 loops=1)
               Sort Key: s_4.a, s_4.b, s_4.c, s_4.d, s_4.e
               Sort Method: top-N heapsort  Memory: 1550kB
               ->  Seq Scan on s_4  (cost=0.00..16370.00 rows=1000000 width=20) (actual time=0.011..49.710 rows=1000000 loops=1)
 Planning time: 0.265 ms
 Execution time: 131.072 ms
(8 rows)

===== 169 [Wed Mar  7 03:00:47 CET 2018] scale:1000000 groups:100 work_mem:4MB incremental:on max_workers:2 =====
SELECT * FROM s_1 ORDER BY a, b LIMIT 10000
                                                                   QUERY PLAN                                                                   
------------------------------------------------------------------------------------------------------------------------------------------------
 Limit  (cost=1252.97..1252.97 rows=1 width=20) (actual time=6.911..6.911 rows=0 loops=1)
   ->  Limit  (cost=977.85..1152.97 rows=10000 width=20) (actual time=1.996..6.633 rows=10000 loops=1)
         ->  Incremental Sort  (cost=977.85..18489.64 rows=1000000 width=20) (actual time=1.996..6.086 rows=10000 loops=1)
               Sort Key: s_1.a, s_1.b
               Presorted Key: s_1.a
               Sort Method: quicksort  Memory: 1154kB
               Sort Groups: 2
               ->  Index Scan using s_1_a_idx on s_1  (cost=0.42..32353.42 rows=1000000 width=20) (actual time=0.012..1.910 rows=14883 loops=1)
 Planning time: 0.278 ms
 Execution time: 6.954 ms
(10 rows)

===== 170 [Wed Mar  7 03:00:48 CET 2018] scale:1000000 groups:100 work_mem:4MB incremental:on max_workers:2 =====
SELECT * FROM s_2 ORDER BY a, b, c LIMIT 10000
                                                                    QUERY PLAN                                                                    
--------------------------------------------------------------------------------------------------------------------------------------------------
 Limit  (cost=292.01..292.01 rows=1 width=20) (actual time=4.917..4.917 rows=0 loops=1)
   ->  Limit  (cost=7.66..192.01 rows=10000 width=20) (actual time=0.081..4.640 rows=10000 loops=1)
         ->  Incremental Sort  (cost=7.66..18442.33 rows=1000000 width=20) (actual time=0.081..4.091 rows=10000 loops=1)
               Sort Key: s_2.a, s_2.b, s_2.c
               Presorted Key: s_2.a, s_2.b
               Sort Method: quicksort  Memory: 34kB
               Sort Groups: 150
               ->  Index Scan using s_2_a_b_idx on s_2  (cost=0.42..40712.74 rows=1000000 width=20) (actual time=0.012..1.217 rows=10010 loops=1)
 Planning time: 0.283 ms
 Execution time: 4.940 ms
(10 rows)

===== 171 [Wed Mar  7 03:00:48 CET 2018] scale:1000000 groups:100 work_mem:4MB incremental:on max_workers:2 =====
SELECT * FROM s_3 ORDER BY a, b, c, d LIMIT 10000
                                                                     QUERY PLAN                                                                     
----------------------------------------------------------------------------------------------------------------------------------------------------
 Limit  (cost=302.21..302.21 rows=1 width=20) (actual time=4.386..4.386 rows=0 loops=1)
   ->  Limit  (cost=1.04..202.21 rows=10000 width=20) (actual time=0.068..4.105 rows=10000 loops=1)
         ->  Incremental Sort  (cost=1.04..20117.96 rows=1000000 width=20) (actual time=0.068..3.554 rows=10000 loops=1)
               Sort Key: s_3.a, s_3.b, s_3.c, s_3.d
               Presorted Key: s_3.a, s_3.b, s_3.c
               Sort Method: quicksort  Memory: 27kB
               Sort Groups: 309
               ->  Index Scan using s_3_a_b_c_idx on s_3  (cost=0.42..45144.74 rows=1000000 width=20) (actual time=0.014..1.237 rows=10013 loops=1)
 Planning time: 0.296 ms
 Execution time: 4.408 ms
(10 rows)

===== 172 [Wed Mar  7 03:00:48 CET 2018] scale:1000000 groups:100 work_mem:4MB incremental:on max_workers:2 =====
SELECT * FROM s_4 ORDER BY a, b, c, d, e LIMIT 10000
                                                                      QUERY PLAN                                                                      
------------------------------------------------------------------------------------------------------------------------------------------------------
 Limit  (cost=302.21..302.21 rows=1 width=20) (actual time=3.569..3.569 rows=0 loops=1)
   ->  Limit  (cost=1.04..202.21 rows=10000 width=20) (actual time=0.069..3.290 rows=10000 loops=1)
         ->  Incremental Sort  (cost=1.04..20117.96 rows=1000000 width=20) (actual time=0.069..2.742 rows=10000 loops=1)
               Sort Key: s_4.a, s_4.b, s_4.c, s_4.d, s_4.e
               Presorted Key: s_4.a, s_4.b, s_4.c, s_4.d
               Sort Method: quicksort  Memory: 27kB
               Sort Groups: 313
               ->  Index Scan using s_4_a_b_c_d_idx on s_4  (cost=0.42..45144.74 rows=1000000 width=20) (actual time=0.019..1.257 rows=10018 loops=1)
 Planning time: 0.285 ms
 Execution time: 3.592 ms
(10 rows)

===== 173 [Wed Mar  7 03:00:48 CET 2018] scale:1000000 groups:100 work_mem:4MB incremental:off max_workers:2 =====
SELECT * FROM s_1 ORDER BY a, b LIMIT 10000
                                                                  QUERY PLAN                                                                  
----------------------------------------------------------------------------------------------------------------------------------------------
 Limit  (cost=42569.53..42569.53 rows=1 width=20) (actual time=52.415..52.415 rows=0 loops=1)
   ->  Limit  (cost=41302.78..42469.53 rows=10000 width=20) (actual time=50.004..52.133 rows=10000 loops=1)
         ->  Gather Merge  (cost=41302.78..138531.87 rows=833334 width=20) (actual time=50.003..51.567 rows=10000 loops=1)
               Workers Planned: 2
               Workers Launched: 2
               ->  Sort  (cost=40302.76..41344.43 rows=416667 width=20) (actual time=48.259..48.434 rows=3937 loops=3)
                     Sort Key: s_1.a, s_1.b
                     Sort Method: top-N heapsort  Memory: 1713kB
                     Worker 0:  Sort Method: top-N heapsort  Memory: 1678kB
                     Worker 1:  Sort Method: top-N heapsort  Memory: 1673kB
                     ->  Parallel Seq Scan on s_1  (cost=0.00..10536.67 rows=416667 width=20) (actual time=0.005..18.528 rows=333333 loops=3)
 Planning time: 0.276 ms
 Execution time: 54.444 ms
(13 rows)

===== 174 [Wed Mar  7 03:00:48 CET 2018] scale:1000000 groups:100 work_mem:4MB incremental:off max_workers:2 =====
SELECT * FROM s_2 ORDER BY a, b, c LIMIT 10000
                                                                  QUERY PLAN                                                                  
----------------------------------------------------------------------------------------------------------------------------------------------
 Limit  (cost=42569.53..42569.53 rows=1 width=20) (actual time=52.069..52.069 rows=0 loops=1)
   ->  Limit  (cost=41302.78..42469.53 rows=10000 width=20) (actual time=49.702..51.781 rows=10000 loops=1)
         ->  Gather Merge  (cost=41302.78..138531.87 rows=833334 width=20) (actual time=49.702..51.222 rows=10000 loops=1)
               Workers Planned: 2
               Workers Launched: 2
               ->  Sort  (cost=40302.76..41344.43 rows=416667 width=20) (actual time=47.936..48.106 rows=4113 loops=3)
                     Sort Key: s_2.a, s_2.b, s_2.c
                     Sort Method: top-N heapsort  Memory: 1550kB
                     Worker 0:  Sort Method: top-N heapsort  Memory: 1553kB
                     Worker 1:  Sort Method: top-N heapsort  Memory: 1551kB
                     ->  Parallel Seq Scan on s_2  (cost=0.00..10536.67 rows=416667 width=20) (actual time=0.007..18.511 rows=333333 loops=3)
 Planning time: 0.288 ms
 Execution time: 54.108 ms
(13 rows)

===== 175 [Wed Mar  7 03:00:48 CET 2018] scale:1000000 groups:100 work_mem:4MB incremental:off max_workers:2 =====
SELECT * FROM s_3 ORDER BY a, b, c, d LIMIT 10000
                                                                  QUERY PLAN                                                                  
----------------------------------------------------------------------------------------------------------------------------------------------
 Limit  (cost=42569.53..42569.53 rows=1 width=20) (actual time=53.464..53.464 rows=0 loops=1)
   ->  Limit  (cost=41302.78..42469.53 rows=10000 width=20) (actual time=51.116..53.183 rows=10000 loops=1)
         ->  Gather Merge  (cost=41302.78..138531.87 rows=833334 width=20) (actual time=51.116..52.623 rows=10000 loops=1)
               Workers Planned: 2
               Workers Launched: 2
               ->  Sort  (cost=40302.76..41344.43 rows=416667 width=20) (actual time=49.405..49.573 rows=4113 loops=3)
                     Sort Key: s_3.a, s_3.b, s_3.c, s_3.d
                     Sort Method: top-N heapsort  Memory: 1550kB
                     Worker 0:  Sort Method: top-N heapsort  Memory: 1550kB
                     Worker 1:  Sort Method: top-N heapsort  Memory: 1550kB
                     ->  Parallel Seq Scan on s_3  (cost=0.00..10536.67 rows=416667 width=20) (actual time=0.010..18.600 rows=333333 loops=3)
 Planning time: 0.289 ms
 Execution time: 55.586 ms
(13 rows)

===== 176 [Wed Mar  7 03:00:49 CET 2018] scale:1000000 groups:100 work_mem:4MB incremental:off max_workers:2 =====
SELECT * FROM s_4 ORDER BY a, b, c, d, e LIMIT 10000
                                                                  QUERY PLAN                                                                  
----------------------------------------------------------------------------------------------------------------------------------------------
 Limit  (cost=42569.53..42569.53 rows=1 width=20) (actual time=53.453..53.453 rows=0 loops=1)
   ->  Limit  (cost=41302.78..42469.53 rows=10000 width=20) (actual time=51.088..53.170 rows=10000 loops=1)
         ->  Gather Merge  (cost=41302.78..138531.87 rows=833334 width=20) (actual time=51.088..52.606 rows=10000 loops=1)
               Workers Planned: 2
               Workers Launched: 2
               ->  Sort  (cost=40302.76..41344.43 rows=416667 width=20) (actual time=49.368..49.536 rows=4113 loops=3)
                     Sort Key: s_4.a, s_4.b, s_4.c, s_4.d, s_4.e
                     Sort Method: top-N heapsort  Memory: 1550kB
                     Worker 0:  Sort Method: top-N heapsort  Memory: 1550kB
                     Worker 1:  Sort Method: top-N heapsort  Memory: 1550kB
                     ->  Parallel Seq Scan on s_4  (cost=0.00..10536.67 rows=416667 width=20) (actual time=0.010..18.634 rows=333333 loops=3)
 Planning time: 0.283 ms
 Execution time: 55.568 ms
(13 rows)

===== 177 [Wed Mar  7 03:00:49 CET 2018] scale:1000000 groups:100 work_mem:8MB incremental:on max_workers:2 =====
SELECT * FROM s_1 ORDER BY a, b LIMIT 10000
                                                                   QUERY PLAN                                                                   
------------------------------------------------------------------------------------------------------------------------------------------------
 Limit  (cost=1252.97..1252.97 rows=1 width=20) (actual time=6.913..6.913 rows=0 loops=1)
   ->  Limit  (cost=977.85..1152.97 rows=10000 width=20) (actual time=1.999..6.638 rows=10000 loops=1)
         ->  Incremental Sort  (cost=977.85..18489.64 rows=1000000 width=20) (actual time=1.999..6.089 rows=10000 loops=1)
               Sort Key: s_1.a, s_1.b
               Presorted Key: s_1.a
               Sort Method: quicksort  Memory: 1154kB
               Sort Groups: 2
               ->  Index Scan using s_1_a_idx on s_1  (cost=0.42..32353.42 rows=1000000 width=20) (actual time=0.016..1.914 rows=14883 loops=1)
 Planning time: 0.272 ms
 Execution time: 6.960 ms
(10 rows)

===== 178 [Wed Mar  7 03:00:49 CET 2018] scale:1000000 groups:100 work_mem:8MB incremental:on max_workers:2 =====
SELECT * FROM s_2 ORDER BY a, b, c LIMIT 10000
                                                                    QUERY PLAN                                                                    
--------------------------------------------------------------------------------------------------------------------------------------------------
 Limit  (cost=292.01..292.01 rows=1 width=20) (actual time=4.893..4.893 rows=0 loops=1)
   ->  Limit  (cost=7.66..192.01 rows=10000 width=20) (actual time=0.079..4.617 rows=10000 loops=1)
         ->  Incremental Sort  (cost=7.66..18442.33 rows=1000000 width=20) (actual time=0.079..4.062 rows=10000 loops=1)
               Sort Key: s_2.a, s_2.b, s_2.c
               Presorted Key: s_2.a, s_2.b
               Sort Method: quicksort  Memory: 34kB
               Sort Groups: 150
               ->  Index Scan using s_2_a_b_idx on s_2  (cost=0.42..40712.74 rows=1000000 width=20) (actual time=0.012..1.199 rows=10010 loops=1)
 Planning time: 0.282 ms
 Execution time: 4.916 ms
(10 rows)

===== 179 [Wed Mar  7 03:00:49 CET 2018] scale:1000000 groups:100 work_mem:8MB incremental:on max_workers:2 =====
SELECT * FROM s_3 ORDER BY a, b, c, d LIMIT 10000
                                                                     QUERY PLAN                                                                     
----------------------------------------------------------------------------------------------------------------------------------------------------
 Limit  (cost=302.21..302.21 rows=1 width=20) (actual time=4.384..4.384 rows=0 loops=1)
   ->  Limit  (cost=1.04..202.21 rows=10000 width=20) (actual time=0.066..4.102 rows=10000 loops=1)
         ->  Incremental Sort  (cost=1.04..20117.96 rows=1000000 width=20) (actual time=0.066..3.547 rows=10000 loops=1)
               Sort Key: s_3.a, s_3.b, s_3.c, s_3.d
               Presorted Key: s_3.a, s_3.b, s_3.c
               Sort Method: quicksort  Memory: 27kB
               Sort Groups: 309
               ->  Index Scan using s_3_a_b_c_idx on s_3  (cost=0.42..45144.74 rows=1000000 width=20) (actual time=0.014..1.232 rows=10013 loops=1)
 Planning time: 0.299 ms
 Execution time: 4.408 ms
(10 rows)

===== 180 [Wed Mar  7 03:00:49 CET 2018] scale:1000000 groups:100 work_mem:8MB incremental:on max_workers:2 =====
SELECT * FROM s_4 ORDER BY a, b, c, d, e LIMIT 10000
                                                                      QUERY PLAN                                                                      
------------------------------------------------------------------------------------------------------------------------------------------------------
 Limit  (cost=302.21..302.21 rows=1 width=20) (actual time=3.579..3.579 rows=0 loops=1)
   ->  Limit  (cost=1.04..202.21 rows=10000 width=20) (actual time=0.065..3.300 rows=10000 loops=1)
         ->  Incremental Sort  (cost=1.04..20117.96 rows=1000000 width=20) (actual time=0.064..2.752 rows=10000 loops=1)
               Sort Key: s_4.a, s_4.b, s_4.c, s_4.d, s_4.e
               Presorted Key: s_4.a, s_4.b, s_4.c, s_4.d
               Sort Method: quicksort  Memory: 27kB
               Sort Groups: 313
               ->  Index Scan using s_4_a_b_c_d_idx on s_4  (cost=0.42..45144.74 rows=1000000 width=20) (actual time=0.018..1.252 rows=10018 loops=1)
 Planning time: 0.281 ms
 Execution time: 3.602 ms
(10 rows)

===== 181 [Wed Mar  7 03:00:49 CET 2018] scale:1000000 groups:100 work_mem:8MB incremental:off max_workers:2 =====
SELECT * FROM s_1 ORDER BY a, b LIMIT 10000
                                                                  QUERY PLAN                                                                  
----------------------------------------------------------------------------------------------------------------------------------------------
 Limit  (cost=42569.53..42569.53 rows=1 width=20) (actual time=52.812..52.812 rows=0 loops=1)
   ->  Limit  (cost=41302.78..42469.53 rows=10000 width=20) (actual time=50.402..52.531 rows=10000 loops=1)
         ->  Gather Merge  (cost=41302.78..138531.87 rows=833334 width=20) (actual time=50.402..51.963 rows=10000 loops=1)
               Workers Planned: 2
               Workers Launched: 2
               ->  Sort  (cost=40302.76..41344.43 rows=416667 width=20) (actual time=48.703..48.879 rows=3957 loops=3)
                     Sort Key: s_1.a, s_1.b
                     Sort Method: top-N heapsort  Memory: 1700kB
                     Worker 0:  Sort Method: top-N heapsort  Memory: 1677kB
                     Worker 1:  Sort Method: top-N heapsort  Memory: 1670kB
                     ->  Parallel Seq Scan on s_1  (cost=0.00..10536.67 rows=416667 width=20) (actual time=0.005..18.437 rows=333333 loops=3)
 Planning time: 0.272 ms
 Execution time: 54.849 ms
(13 rows)

===== 182 [Wed Mar  7 03:00:50 CET 2018] scale:1000000 groups:100 work_mem:8MB incremental:off max_workers:2 =====
SELECT * FROM s_2 ORDER BY a, b, c LIMIT 10000
                                                                  QUERY PLAN                                                                  
----------------------------------------------------------------------------------------------------------------------------------------------
 Limit  (cost=42569.53..42569.53 rows=1 width=20) (actual time=52.016..52.016 rows=0 loops=1)
   ->  Limit  (cost=41302.78..42469.53 rows=10000 width=20) (actual time=49.646..51.729 rows=10000 loops=1)
         ->  Gather Merge  (cost=41302.78..138531.87 rows=833334 width=20) (actual time=49.645..51.169 rows=10000 loops=1)
               Workers Planned: 2
               Workers Launched: 2
               ->  Sort  (cost=40302.76..41344.43 rows=416667 width=20) (actual time=47.881..48.052 rows=4113 loops=3)
                     Sort Key: s_2.a, s_2.b, s_2.c
                     Sort Method: top-N heapsort  Memory: 1550kB
                     Worker 0:  Sort Method: top-N heapsort  Memory: 1551kB
                     Worker 1:  Sort Method: top-N heapsort  Memory: 1553kB
                     ->  Parallel Seq Scan on s_2  (cost=0.00..10536.67 rows=416667 width=20) (actual time=0.007..18.469 rows=333333 loops=3)
 Planning time: 0.291 ms
 Execution time: 54.103 ms
(13 rows)

===== 183 [Wed Mar  7 03:00:50 CET 2018] scale:1000000 groups:100 work_mem:8MB incremental:off max_workers:2 =====
SELECT * FROM s_3 ORDER BY a, b, c, d LIMIT 10000
                                                                  QUERY PLAN                                                                  
----------------------------------------------------------------------------------------------------------------------------------------------
 Limit  (cost=42569.53..42569.53 rows=1 width=20) (actual time=53.427..53.427 rows=0 loops=1)
   ->  Limit  (cost=41302.78..42469.53 rows=10000 width=20) (actual time=51.080..53.149 rows=10000 loops=1)
         ->  Gather Merge  (cost=41302.78..138531.87 rows=833334 width=20) (actual time=51.080..52.589 rows=10000 loops=1)
               Workers Planned: 2
               Workers Launched: 2
               ->  Sort  (cost=40302.76..41344.43 rows=416667 width=20) (actual time=49.422..49.590 rows=4113 loops=3)
                     Sort Key: s_3.a, s_3.b, s_3.c, s_3.d
                     Sort Method: top-N heapsort  Memory: 1550kB
                     Worker 0:  Sort Method: top-N heapsort  Memory: 1550kB
                     Worker 1:  Sort Method: top-N heapsort  Memory: 1550kB
                     ->  Parallel Seq Scan on s_3  (cost=0.00..10536.67 rows=416667 width=20) (actual time=0.009..18.611 rows=333333 loops=3)
 Planning time: 0.287 ms
 Execution time: 55.533 ms
(13 rows)

===== 184 [Wed Mar  7 03:00:50 CET 2018] scale:1000000 groups:100 work_mem:8MB incremental:off max_workers:2 =====
SELECT * FROM s_4 ORDER BY a, b, c, d, e LIMIT 10000
                                                                  QUERY PLAN                                                                  
----------------------------------------------------------------------------------------------------------------------------------------------
 Limit  (cost=42569.53..42569.53 rows=1 width=20) (actual time=53.441..53.441 rows=0 loops=1)
   ->  Limit  (cost=41302.78..42469.53 rows=10000 width=20) (actual time=51.077..53.159 rows=10000 loops=1)
         ->  Gather Merge  (cost=41302.78..138531.87 rows=833334 width=20) (actual time=51.077..52.592 rows=10000 loops=1)
               Workers Planned: 2
               Workers Launched: 2
               ->  Sort  (cost=40302.76..41344.43 rows=416667 width=20) (actual time=49.350..49.517 rows=4113 loops=3)
                     Sort Key: s_4.a, s_4.b, s_4.c, s_4.d, s_4.e
                     Sort Method: top-N heapsort  Memory: 1550kB
                     Worker 0:  Sort Method: top-N heapsort  Memory: 1550kB
                     Worker 1:  Sort Method: top-N heapsort  Memory: 1550kB
                     ->  Parallel Seq Scan on s_4  (cost=0.00..10536.67 rows=416667 width=20) (actual time=0.010..18.616 rows=333333 loops=3)
 Planning time: 0.276 ms
 Execution time: 55.593 ms
(13 rows)

===== 185 [Wed Mar  7 03:00:51 CET 2018] scale:1000000 groups:100 work_mem:16MB incremental:on max_workers:2 =====
SELECT * FROM s_1 ORDER BY a, b LIMIT 10000
                                                                   QUERY PLAN                                                                   
------------------------------------------------------------------------------------------------------------------------------------------------
 Limit  (cost=1252.97..1252.97 rows=1 width=20) (actual time=6.921..6.921 rows=0 loops=1)
   ->  Limit  (cost=977.85..1152.97 rows=10000 width=20) (actual time=2.000..6.646 rows=10000 loops=1)
         ->  Incremental Sort  (cost=977.85..18489.64 rows=1000000 width=20) (actual time=2.000..6.099 rows=10000 loops=1)
               Sort Key: s_1.a, s_1.b
               Presorted Key: s_1.a
               Sort Method: quicksort  Memory: 1154kB
               Sort Groups: 2
               ->  Index Scan using s_1_a_idx on s_1  (cost=0.42..32353.42 rows=1000000 width=20) (actual time=0.012..1.910 rows=14883 loops=1)
 Planning time: 0.283 ms
 Execution time: 6.965 ms
(10 rows)

===== 186 [Wed Mar  7 03:00:51 CET 2018] scale:1000000 groups:100 work_mem:16MB incremental:on max_workers:2 =====
SELECT * FROM s_2 ORDER BY a, b, c LIMIT 10000
                                                                    QUERY PLAN                                                                    
--------------------------------------------------------------------------------------------------------------------------------------------------
 Limit  (cost=292.01..292.01 rows=1 width=20) (actual time=4.895..4.895 rows=0 loops=1)
   ->  Limit  (cost=7.66..192.01 rows=10000 width=20) (actual time=0.088..4.613 rows=10000 loops=1)
         ->  Incremental Sort  (cost=7.66..18442.33 rows=1000000 width=20) (actual time=0.088..4.063 rows=10000 loops=1)
               Sort Key: s_2.a, s_2.b, s_2.c
               Presorted Key: s_2.a, s_2.b
               Sort Method: quicksort  Memory: 34kB
               Sort Groups: 150
               ->  Index Scan using s_2_a_b_idx on s_2  (cost=0.42..40712.74 rows=1000000 width=20) (actual time=0.012..1.190 rows=10010 loops=1)
 Planning time: 0.286 ms
 Execution time: 4.918 ms
(10 rows)

===== 187 [Wed Mar  7 03:00:51 CET 2018] scale:1000000 groups:100 work_mem:16MB incremental:on max_workers:2 =====
SELECT * FROM s_3 ORDER BY a, b, c, d LIMIT 10000
                                                                     QUERY PLAN                                                                     
----------------------------------------------------------------------------------------------------------------------------------------------------
 Limit  (cost=302.21..302.21 rows=1 width=20) (actual time=4.379..4.379 rows=0 loops=1)
   ->  Limit  (cost=1.04..202.21 rows=10000 width=20) (actual time=0.067..4.102 rows=10000 loops=1)
         ->  Incremental Sort  (cost=1.04..20117.96 rows=1000000 width=20) (actual time=0.066..3.546 rows=10000 loops=1)
               Sort Key: s_3.a, s_3.b, s_3.c, s_3.d
               Presorted Key: s_3.a, s_3.b, s_3.c
               Sort Method: quicksort  Memory: 27kB
               Sort Groups: 309
               ->  Index Scan using s_3_a_b_c_idx on s_3  (cost=0.42..45144.74 rows=1000000 width=20) (actual time=0.015..1.236 rows=10013 loops=1)
 Planning time: 0.292 ms
 Execution time: 4.402 ms
(10 rows)

===== 188 [Wed Mar  7 03:00:51 CET 2018] scale:1000000 groups:100 work_mem:16MB incremental:on max_workers:2 =====
SELECT * FROM s_4 ORDER BY a, b, c, d, e LIMIT 10000
                                                                      QUERY PLAN                                                                      
------------------------------------------------------------------------------------------------------------------------------------------------------
 Limit  (cost=302.21..302.21 rows=1 width=20) (actual time=3.578..3.578 rows=0 loops=1)
   ->  Limit  (cost=1.04..202.21 rows=10000 width=20) (actual time=0.064..3.298 rows=10000 loops=1)
         ->  Incremental Sort  (cost=1.04..20117.96 rows=1000000 width=20) (actual time=0.064..2.749 rows=10000 loops=1)
               Sort Key: s_4.a, s_4.b, s_4.c, s_4.d, s_4.e
               Presorted Key: s_4.a, s_4.b, s_4.c, s_4.d
               Sort Method: quicksort  Memory: 27kB
               Sort Groups: 313
               ->  Index Scan using s_4_a_b_c_d_idx on s_4  (cost=0.42..45144.74 rows=1000000 width=20) (actual time=0.018..1.253 rows=10018 loops=1)
 Planning time: 0.278 ms
 Execution time: 3.601 ms
(10 rows)

===== 189 [Wed Mar  7 03:00:51 CET 2018] scale:1000000 groups:100 work_mem:16MB incremental:off max_workers:2 =====
SELECT * FROM s_1 ORDER BY a, b LIMIT 10000
                                                                  QUERY PLAN                                                                  
----------------------------------------------------------------------------------------------------------------------------------------------
 Limit  (cost=42569.53..42569.53 rows=1 width=20) (actual time=52.842..52.842 rows=0 loops=1)
   ->  Limit  (cost=41302.78..42469.53 rows=10000 width=20) (actual time=50.434..52.560 rows=10000 loops=1)
         ->  Gather Merge  (cost=41302.78..138531.87 rows=833334 width=20) (actual time=50.433..51.993 rows=10000 loops=1)
               Workers Planned: 2
               Workers Launched: 2
               ->  Sort  (cost=40302.76..41344.43 rows=416667 width=20) (actual time=48.741..48.917 rows=3961 loops=3)
                     Sort Key: s_1.a, s_1.b
                     Sort Method: top-N heapsort  Memory: 1699kB
                     Worker 0:  Sort Method: top-N heapsort  Memory: 1676kB
                     Worker 1:  Sort Method: top-N heapsort  Memory: 1672kB
                     ->  Parallel Seq Scan on s_1  (cost=0.00..10536.67 rows=416667 width=20) (actual time=0.006..18.456 rows=333333 loops=3)
 Planning time: 0.288 ms
 Execution time: 54.828 ms
(13 rows)

===== 190 [Wed Mar  7 03:00:52 CET 2018] scale:1000000 groups:100 work_mem:16MB incremental:off max_workers:2 =====
SELECT * FROM s_2 ORDER BY a, b, c LIMIT 10000
                                                                  QUERY PLAN                                                                  
----------------------------------------------------------------------------------------------------------------------------------------------
 Limit  (cost=42569.53..42569.53 rows=1 width=20) (actual time=52.028..52.028 rows=0 loops=1)
   ->  Limit  (cost=41302.78..42469.53 rows=10000 width=20) (actual time=49.656..51.743 rows=10000 loops=1)
         ->  Gather Merge  (cost=41302.78..138531.87 rows=833334 width=20) (actual time=49.655..51.183 rows=10000 loops=1)
               Workers Planned: 2
               Workers Launched: 2
               ->  Sort  (cost=40302.76..41344.43 rows=416667 width=20) (actual time=47.891..48.064 rows=4113 loops=3)
                     Sort Key: s_2.a, s_2.b, s_2.c
                     Sort Method: top-N heapsort  Memory: 1550kB
                     Worker 0:  Sort Method: top-N heapsort  Memory: 1551kB
                     Worker 1:  Sort Method: top-N heapsort  Memory: 1553kB
                     ->  Parallel Seq Scan on s_2  (cost=0.00..10536.67 rows=416667 width=20) (actual time=0.007..18.488 rows=333333 loops=3)
 Planning time: 0.289 ms
 Execution time: 54.098 ms
(13 rows)

===== 191 [Wed Mar  7 03:00:52 CET 2018] scale:1000000 groups:100 work_mem:16MB incremental:off max_workers:2 =====
SELECT * FROM s_3 ORDER BY a, b, c, d LIMIT 10000
                                                                  QUERY PLAN                                                                  
----------------------------------------------------------------------------------------------------------------------------------------------
 Limit  (cost=42569.53..42569.53 rows=1 width=20) (actual time=53.439..53.439 rows=0 loops=1)
   ->  Limit  (cost=41302.78..42469.53 rows=10000 width=20) (actual time=51.088..53.157 rows=10000 loops=1)
         ->  Gather Merge  (cost=41302.78..138531.87 rows=833334 width=20) (actual time=51.088..52.598 rows=10000 loops=1)
               Workers Planned: 2
               Workers Launched: 2
               ->  Sort  (cost=40302.76..41344.43 rows=416667 width=20) (actual time=49.405..49.573 rows=4113 loops=3)
                     Sort Key: s_3.a, s_3.b, s_3.c, s_3.d
                     Sort Method: top-N heapsort  Memory: 1550kB
                     Worker 0:  Sort Method: top-N heapsort  Memory: 1550kB
                     Worker 1:  Sort Method: top-N heapsort  Memory: 1550kB
                     ->  Parallel Seq Scan on s_3  (cost=0.00..10536.67 rows=416667 width=20) (actual time=0.009..18.579 rows=333333 loops=3)
 Planning time: 0.289 ms
 Execution time: 55.579 ms
(13 rows)

===== 192 [Wed Mar  7 03:00:52 CET 2018] scale:1000000 groups:100 work_mem:16MB incremental:off max_workers:2 =====
SELECT * FROM s_4 ORDER BY a, b, c, d, e LIMIT 10000
                                                                  QUERY PLAN                                                                  
----------------------------------------------------------------------------------------------------------------------------------------------
 Limit  (cost=42569.53..42569.53 rows=1 width=20) (actual time=53.312..53.312 rows=0 loops=1)
   ->  Limit  (cost=41302.78..42469.53 rows=10000 width=20) (actual time=50.962..53.032 rows=10000 loops=1)
         ->  Gather Merge  (cost=41302.78..138531.87 rows=833334 width=20) (actual time=50.961..52.474 rows=10000 loops=1)
               Workers Planned: 2
               Workers Launched: 2
               ->  Sort  (cost=40302.76..41344.43 rows=416667 width=20) (actual time=49.339..49.506 rows=4113 loops=3)
                     Sort Key: s_4.a, s_4.b, s_4.c, s_4.d, s_4.e
                     Sort Method: top-N heapsort  Memory: 1550kB
                     Worker 0:  Sort Method: top-N heapsort  Memory: 1550kB
                     Worker 1:  Sort Method: top-N heapsort  Memory: 1550kB
                     ->  Parallel Seq Scan on s_4  (cost=0.00..10536.67 rows=416667 width=20) (actual time=0.010..18.592 rows=333333 loops=3)
 Planning time: 0.277 ms
 Execution time: 55.439 ms
(13 rows)

===== 193 [Wed Mar  7 03:00:53 CET 2018] scale:1000000 groups:100 work_mem:32MB incremental:on max_workers:2 =====
SELECT * FROM s_1 ORDER BY a, b LIMIT 10000
                                                                   QUERY PLAN                                                                   
------------------------------------------------------------------------------------------------------------------------------------------------
 Limit  (cost=1252.97..1252.97 rows=1 width=20) (actual time=6.917..6.917 rows=0 loops=1)
   ->  Limit  (cost=977.85..1152.97 rows=10000 width=20) (actual time=1.997..6.643 rows=10000 loops=1)
         ->  Incremental Sort  (cost=977.85..18489.64 rows=1000000 width=20) (actual time=1.997..6.094 rows=10000 loops=1)
               Sort Key: s_1.a, s_1.b
               Presorted Key: s_1.a
               Sort Method: quicksort  Memory: 1154kB
               Sort Groups: 2
               ->  Index Scan using s_1_a_idx on s_1  (cost=0.42..32353.42 rows=1000000 width=20) (actual time=0.012..1.904 rows=14883 loops=1)
 Planning time: 0.293 ms
 Execution time: 6.960 ms
(10 rows)

===== 194 [Wed Mar  7 03:00:53 CET 2018] scale:1000000 groups:100 work_mem:32MB incremental:on max_workers:2 =====
SELECT * FROM s_2 ORDER BY a, b, c LIMIT 10000
                                                                    QUERY PLAN                                                                    
--------------------------------------------------------------------------------------------------------------------------------------------------
 Limit  (cost=292.01..292.01 rows=1 width=20) (actual time=4.924..4.924 rows=0 loops=1)
   ->  Limit  (cost=7.66..192.01 rows=10000 width=20) (actual time=0.079..4.647 rows=10000 loops=1)
         ->  Incremental Sort  (cost=7.66..18442.33 rows=1000000 width=20) (actual time=0.078..4.092 rows=10000 loops=1)
               Sort Key: s_2.a, s_2.b, s_2.c
               Presorted Key: s_2.a, s_2.b
               Sort Method: quicksort  Memory: 34kB
               Sort Groups: 150
               ->  Index Scan using s_2_a_b_idx on s_2  (cost=0.42..40712.74 rows=1000000 width=20) (actual time=0.012..1.211 rows=10010 loops=1)
 Planning time: 0.295 ms
 Execution time: 4.947 ms
(10 rows)

===== 195 [Wed Mar  7 03:00:53 CET 2018] scale:1000000 groups:100 work_mem:32MB incremental:on max_workers:2 =====
SELECT * FROM s_3 ORDER BY a, b, c, d LIMIT 10000
                                                                     QUERY PLAN                                                                     
----------------------------------------------------------------------------------------------------------------------------------------------------
 Limit  (cost=302.21..302.21 rows=1 width=20) (actual time=4.375..4.375 rows=0 loops=1)
   ->  Limit  (cost=1.04..202.21 rows=10000 width=20) (actual time=0.065..4.098 rows=10000 loops=1)
         ->  Incremental Sort  (cost=1.04..20117.96 rows=1000000 width=20) (actual time=0.065..3.549 rows=10000 loops=1)
               Sort Key: s_3.a, s_3.b, s_3.c, s_3.d
               Presorted Key: s_3.a, s_3.b, s_3.c
               Sort Method: quicksort  Memory: 27kB
               Sort Groups: 309
               ->  Index Scan using s_3_a_b_c_idx on s_3  (cost=0.42..45144.74 rows=1000000 width=20) (actual time=0.014..1.237 rows=10013 loops=1)
 Planning time: 0.297 ms
 Execution time: 4.399 ms
(10 rows)

===== 196 [Wed Mar  7 03:00:53 CET 2018] scale:1000000 groups:100 work_mem:32MB incremental:on max_workers:2 =====
SELECT * FROM s_4 ORDER BY a, b, c, d, e LIMIT 10000
                                                                      QUERY PLAN                                                                      
------------------------------------------------------------------------------------------------------------------------------------------------------
 Limit  (cost=302.21..302.21 rows=1 width=20) (actual time=3.571..3.571 rows=0 loops=1)
   ->  Limit  (cost=1.04..202.21 rows=10000 width=20) (actual time=0.067..3.296 rows=10000 loops=1)
         ->  Incremental Sort  (cost=1.04..20117.96 rows=1000000 width=20) (actual time=0.067..2.745 rows=10000 loops=1)
               Sort Key: s_4.a, s_4.b, s_4.c, s_4.d, s_4.e
               Presorted Key: s_4.a, s_4.b, s_4.c, s_4.d
               Sort Method: quicksort  Memory: 27kB
               Sort Groups: 313
               ->  Index Scan using s_4_a_b_c_d_idx on s_4  (cost=0.42..45144.74 rows=1000000 width=20) (actual time=0.018..1.256 rows=10018 loops=1)
 Planning time: 0.284 ms
 Execution time: 3.593 ms
(10 rows)

===== 197 [Wed Mar  7 03:00:53 CET 2018] scale:1000000 groups:100 work_mem:32MB incremental:off max_workers:2 =====
SELECT * FROM s_1 ORDER BY a, b LIMIT 10000
                                                                  QUERY PLAN                                                                  
----------------------------------------------------------------------------------------------------------------------------------------------
 Limit  (cost=42569.53..42569.53 rows=1 width=20) (actual time=52.795..52.795 rows=0 loops=1)
   ->  Limit  (cost=41302.78..42469.53 rows=10000 width=20) (actual time=50.385..52.515 rows=10000 loops=1)
         ->  Gather Merge  (cost=41302.78..138531.87 rows=833334 width=20) (actual time=50.385..51.950 rows=10000 loops=1)
               Workers Planned: 2
               Workers Launched: 2
               ->  Sort  (cost=40302.76..41344.43 rows=416667 width=20) (actual time=48.683..48.859 rows=3954 loops=3)
                     Sort Key: s_1.a, s_1.b
                     Sort Method: top-N heapsort  Memory: 1701kB
                     Worker 0:  Sort Method: top-N heapsort  Memory: 1676kB
                     Worker 1:  Sort Method: top-N heapsort  Memory: 1672kB
                     ->  Parallel Seq Scan on s_1  (cost=0.00..10536.67 rows=416667 width=20) (actual time=0.006..18.419 rows=333333 loops=3)
 Planning time: 0.279 ms
 Execution time: 54.774 ms
(13 rows)

===== 198 [Wed Mar  7 03:00:53 CET 2018] scale:1000000 groups:100 work_mem:32MB incremental:off max_workers:2 =====
SELECT * FROM s_2 ORDER BY a, b, c LIMIT 10000
                                                                  QUERY PLAN                                                                  
----------------------------------------------------------------------------------------------------------------------------------------------
 Limit  (cost=42569.53..42569.53 rows=1 width=20) (actual time=52.037..52.037 rows=0 loops=1)
   ->  Limit  (cost=41302.78..42469.53 rows=10000 width=20) (actual time=49.674..51.756 rows=10000 loops=1)
         ->  Gather Merge  (cost=41302.78..138531.87 rows=833334 width=20) (actual time=49.674..51.199 rows=10000 loops=1)
               Workers Planned: 2
               Workers Launched: 2
               ->  Sort  (cost=40302.76..41344.43 rows=416667 width=20) (actual time=47.920..48.091 rows=4113 loops=3)
                     Sort Key: s_2.a, s_2.b, s_2.c
                     Sort Method: top-N heapsort  Memory: 1550kB
                     Worker 0:  Sort Method: top-N heapsort  Memory: 1551kB
                     Worker 1:  Sort Method: top-N heapsort  Memory: 1553kB
                     ->  Parallel Seq Scan on s_2  (cost=0.00..10536.67 rows=416667 width=20) (actual time=0.008..18.510 rows=333333 loops=3)
 Planning time: 0.292 ms
 Execution time: 54.116 ms
(13 rows)

===== 199 [Wed Mar  7 03:00:54 CET 2018] scale:1000000 groups:100 work_mem:32MB incremental:off max_workers:2 =====
SELECT * FROM s_3 ORDER BY a, b, c, d LIMIT 10000
                                                                  QUERY PLAN                                                                  
----------------------------------------------------------------------------------------------------------------------------------------------
 Limit  (cost=42569.53..42569.53 rows=1 width=20) (actual time=53.418..53.418 rows=0 loops=1)
   ->  Limit  (cost=41302.78..42469.53 rows=10000 width=20) (actual time=51.070..53.138 rows=10000 loops=1)
         ->  Gather Merge  (cost=41302.78..138531.87 rows=833334 width=20) (actual time=51.069..52.581 rows=10000 loops=1)
               Workers Planned: 2
               Workers Launched: 2
               ->  Sort  (cost=40302.76..41344.43 rows=416667 width=20) (actual time=49.399..49.567 rows=4113 loops=3)
                     Sort Key: s_3.a, s_3.b, s_3.c, s_3.d
                     Sort Method: top-N heapsort  Memory: 1550kB
                     Worker 0:  Sort Method: top-N heapsort  Memory: 1550kB
                     Worker 1:  Sort Method: top-N heapsort  Memory: 1550kB
                     ->  Parallel Seq Scan on s_3  (cost=0.00..10536.67 rows=416667 width=20) (actual time=0.010..18.597 rows=333333 loops=3)
 Planning time: 0.284 ms
 Execution time: 55.505 ms
(13 rows)

===== 200 [Wed Mar  7 03:00:54 CET 2018] scale:1000000 groups:100 work_mem:32MB incremental:off max_workers:2 =====
SELECT * FROM s_4 ORDER BY a, b, c, d, e LIMIT 10000
                                                                  QUERY PLAN                                                                  
----------------------------------------------------------------------------------------------------------------------------------------------
 Limit  (cost=42569.53..42569.53 rows=1 width=20) (actual time=53.385..53.385 rows=0 loops=1)
   ->  Limit  (cost=41302.78..42469.53 rows=10000 width=20) (actual time=51.027..53.104 rows=10000 loops=1)
         ->  Gather Merge  (cost=41302.78..138531.87 rows=833334 width=20) (actual time=51.027..52.546 rows=10000 loops=1)
               Workers Planned: 2
               Workers Launched: 2
               ->  Sort  (cost=40302.76..41344.43 rows=416667 width=20) (actual time=49.355..49.523 rows=4113 loops=3)
                     Sort Key: s_4.a, s_4.b, s_4.c, s_4.d, s_4.e
                     Sort Method: top-N heapsort  Memory: 1550kB
                     Worker 0:  Sort Method: top-N heapsort  Memory: 1550kB
                     Worker 1:  Sort Method: top-N heapsort  Memory: 1550kB
                     ->  Parallel Seq Scan on s_4  (cost=0.00..10536.67 rows=416667 width=20) (actual time=0.009..18.593 rows=333333 loops=3)
 Planning time: 0.279 ms
 Execution time: 55.507 ms
(13 rows)

===== 201 [Wed Mar  7 03:00:54 CET 2018] scale:1000000 groups:100 work_mem:64MB incremental:on max_workers:2 =====
SELECT * FROM s_1 ORDER BY a, b LIMIT 10000
                                                                   QUERY PLAN                                                                   
------------------------------------------------------------------------------------------------------------------------------------------------
 Limit  (cost=1252.97..1252.97 rows=1 width=20) (actual time=6.911..6.911 rows=0 loops=1)
   ->  Limit  (cost=977.85..1152.97 rows=10000 width=20) (actual time=2.002..6.636 rows=10000 loops=1)
         ->  Incremental Sort  (cost=977.85..18489.64 rows=1000000 width=20) (actual time=2.001..6.091 rows=10000 loops=1)
               Sort Key: s_1.a, s_1.b
               Presorted Key: s_1.a
               Sort Method: quicksort  Memory: 1154kB
               Sort Groups: 2
               ->  Index Scan using s_1_a_idx on s_1  (cost=0.42..32353.42 rows=1000000 width=20) (actual time=0.012..1.907 rows=14883 loops=1)
 Planning time: 0.270 ms
 Execution time: 6.960 ms
(10 rows)

===== 202 [Wed Mar  7 03:00:54 CET 2018] scale:1000000 groups:100 work_mem:64MB incremental:on max_workers:2 =====
SELECT * FROM s_2 ORDER BY a, b, c LIMIT 10000
                                                                    QUERY PLAN                                                                    
--------------------------------------------------------------------------------------------------------------------------------------------------
 Limit  (cost=292.01..292.01 rows=1 width=20) (actual time=4.887..4.887 rows=0 loops=1)
   ->  Limit  (cost=7.66..192.01 rows=10000 width=20) (actual time=0.080..4.609 rows=10000 loops=1)
         ->  Incremental Sort  (cost=7.66..18442.33 rows=1000000 width=20) (actual time=0.080..4.058 rows=10000 loops=1)
               Sort Key: s_2.a, s_2.b, s_2.c
               Presorted Key: s_2.a, s_2.b
               Sort Method: quicksort  Memory: 34kB
               Sort Groups: 150
               ->  Index Scan using s_2_a_b_idx on s_2  (cost=0.42..40712.74 rows=1000000 width=20) (actual time=0.013..1.191 rows=10010 loops=1)
 Planning time: 0.293 ms
 Execution time: 4.911 ms
(10 rows)

===== 203 [Wed Mar  7 03:00:54 CET 2018] scale:1000000 groups:100 work_mem:64MB incremental:on max_workers:2 =====
SELECT * FROM s_3 ORDER BY a, b, c, d LIMIT 10000
                                                                     QUERY PLAN                                                                     
----------------------------------------------------------------------------------------------------------------------------------------------------
 Limit  (cost=302.21..302.21 rows=1 width=20) (actual time=4.385..4.385 rows=0 loops=1)
   ->  Limit  (cost=1.04..202.21 rows=10000 width=20) (actual time=0.067..4.107 rows=10000 loops=1)
         ->  Incremental Sort  (cost=1.04..20117.96 rows=1000000 width=20) (actual time=0.066..3.558 rows=10000 loops=1)
               Sort Key: s_3.a, s_3.b, s_3.c, s_3.d
               Presorted Key: s_3.a, s_3.b, s_3.c
               Sort Method: quicksort  Memory: 27kB
               Sort Groups: 309
               ->  Index Scan using s_3_a_b_c_idx on s_3  (cost=0.42..45144.74 rows=1000000 width=20) (actual time=0.014..1.237 rows=10013 loops=1)
 Planning time: 0.288 ms
 Execution time: 4.407 ms
(10 rows)

===== 204 [Wed Mar  7 03:00:54 CET 2018] scale:1000000 groups:100 work_mem:64MB incremental:on max_workers:2 =====
SELECT * FROM s_4 ORDER BY a, b, c, d, e LIMIT 10000
                                                                      QUERY PLAN                                                                      
------------------------------------------------------------------------------------------------------------------------------------------------------
 Limit  (cost=302.21..302.21 rows=1 width=20) (actual time=3.577..3.577 rows=0 loops=1)
   ->  Limit  (cost=1.04..202.21 rows=10000 width=20) (actual time=0.065..3.299 rows=10000 loops=1)
         ->  Incremental Sort  (cost=1.04..20117.96 rows=1000000 width=20) (actual time=0.064..2.750 rows=10000 loops=1)
               Sort Key: s_4.a, s_4.b, s_4.c, s_4.d, s_4.e
               Presorted Key: s_4.a, s_4.b, s_4.c, s_4.d
               Sort Method: quicksort  Memory: 27kB
               Sort Groups: 313
               ->  Index Scan using s_4_a_b_c_d_idx on s_4  (cost=0.42..45144.74 rows=1000000 width=20) (actual time=0.018..1.259 rows=10018 loops=1)
 Planning time: 0.281 ms
 Execution time: 3.600 ms
(10 rows)

===== 205 [Wed Mar  7 03:00:55 CET 2018] scale:1000000 groups:100 work_mem:64MB incremental:off max_workers:2 =====
SELECT * FROM s_1 ORDER BY a, b LIMIT 10000
                                                                  QUERY PLAN                                                                  
----------------------------------------------------------------------------------------------------------------------------------------------
 Limit  (cost=42569.53..42569.53 rows=1 width=20) (actual time=52.375..52.375 rows=0 loops=1)
   ->  Limit  (cost=41302.78..42469.53 rows=10000 width=20) (actual time=49.964..52.096 rows=10000 loops=1)
         ->  Gather Merge  (cost=41302.78..138531.87 rows=833334 width=20) (actual time=49.964..51.533 rows=10000 loops=1)
               Workers Planned: 2
               Workers Launched: 2
               ->  Sort  (cost=40302.76..41344.43 rows=416667 width=20) (actual time=48.227..48.402 rows=3941 loops=3)
                     Sort Key: s_1.a, s_1.b
                     Sort Method: top-N heapsort  Memory: 1713kB
                     Worker 0:  Sort Method: top-N heapsort  Memory: 1675kB
                     Worker 1:  Sort Method: top-N heapsort  Memory: 1676kB
                     ->  Parallel Seq Scan on s_1  (cost=0.00..10536.67 rows=416667 width=20) (actual time=0.005..18.520 rows=333333 loops=3)
 Planning time: 0.275 ms
 Execution time: 54.421 ms
(13 rows)

===== 206 [Wed Mar  7 03:00:55 CET 2018] scale:1000000 groups:100 work_mem:64MB incremental:off max_workers:2 =====
SELECT * FROM s_2 ORDER BY a, b, c LIMIT 10000
                                                                  QUERY PLAN                                                                  
----------------------------------------------------------------------------------------------------------------------------------------------
 Limit  (cost=42569.53..42569.53 rows=1 width=20) (actual time=52.113..52.113 rows=0 loops=1)
   ->  Limit  (cost=41302.78..42469.53 rows=10000 width=20) (actual time=49.748..51.833 rows=10000 loops=1)
         ->  Gather Merge  (cost=41302.78..138531.87 rows=833334 width=20) (actual time=49.748..51.274 rows=10000 loops=1)
               Workers Planned: 2
               Workers Launched: 2
               ->  Sort  (cost=40302.76..41344.43 rows=416667 width=20) (actual time=47.871..48.044 rows=4113 loops=3)
                     Sort Key: s_2.a, s_2.b, s_2.c
                     Sort Method: top-N heapsort  Memory: 1550kB
                     Worker 0:  Sort Method: top-N heapsort  Memory: 1553kB
                     Worker 1:  Sort Method: top-N heapsort  Memory: 1551kB
                     ->  Parallel Seq Scan on s_2  (cost=0.00..10536.67 rows=416667 width=20) (actual time=0.007..18.472 rows=333333 loops=3)
 Planning time: 0.282 ms
 Execution time: 54.148 ms
(13 rows)

===== 207 [Wed Mar  7 03:00:55 CET 2018] scale:1000000 groups:100 work_mem:64MB incremental:off max_workers:2 =====
SELECT * FROM s_3 ORDER BY a, b, c, d LIMIT 10000
                                                                  QUERY PLAN                                                                  
----------------------------------------------------------------------------------------------------------------------------------------------
 Limit  (cost=42569.53..42569.53 rows=1 width=20) (actual time=53.394..53.394 rows=0 loops=1)
   ->  Limit  (cost=41302.78..42469.53 rows=10000 width=20) (actual time=51.051..53.117 rows=10000 loops=1)
         ->  Gather Merge  (cost=41302.78..138531.87 rows=833334 width=20) (actual time=51.051..52.558 rows=10000 loops=1)
               Workers Planned: 2
               Workers Launched: 2
               ->  Sort  (cost=40302.76..41344.43 rows=416667 width=20) (actual time=49.349..49.515 rows=4113 loops=3)
                     Sort Key: s_3.a, s_3.b, s_3.c, s_3.d
                     Sort Method: top-N heapsort  Memory: 1550kB
                     Worker 0:  Sort Method: top-N heapsort  Memory: 1550kB
                     Worker 1:  Sort Method: top-N heapsort  Memory: 1550kB
                     ->  Parallel Seq Scan on s_3  (cost=0.00..10536.67 rows=416667 width=20) (actual time=0.009..18.642 rows=333333 loops=3)
 Planning time: 0.283 ms
 Execution time: 55.489 ms
(13 rows)

===== 208 [Wed Mar  7 03:00:56 CET 2018] scale:1000000 groups:100 work_mem:64MB incremental:off max_workers:2 =====
SELECT * FROM s_4 ORDER BY a, b, c, d, e LIMIT 10000
                                                                  QUERY PLAN                                                                  
----------------------------------------------------------------------------------------------------------------------------------------------
 Limit  (cost=42569.53..42569.53 rows=1 width=20) (actual time=53.454..53.454 rows=0 loops=1)
   ->  Limit  (cost=41302.78..42469.53 rows=10000 width=20) (actual time=51.106..53.175 rows=10000 loops=1)
         ->  Gather Merge  (cost=41302.78..138531.87 rows=833334 width=20) (actual time=51.106..52.613 rows=10000 loops=1)
               Workers Planned: 2
               Workers Launched: 2
               ->  Sort  (cost=40302.76..41344.43 rows=416667 width=20) (actual time=49.393..49.560 rows=4113 loops=3)
                     Sort Key: s_4.a, s_4.b, s_4.c, s_4.d, s_4.e
                     Sort Method: top-N heapsort  Memory: 1550kB
                     Worker 0:  Sort Method: top-N heapsort  Memory: 1550kB
                     Worker 1:  Sort Method: top-N heapsort  Memory: 1550kB
                     ->  Parallel Seq Scan on s_4  (cost=0.00..10536.67 rows=416667 width=20) (actual time=0.010..18.642 rows=333333 loops=3)
 Planning time: 0.284 ms
 Execution time: 55.565 ms
(13 rows)

===== 209 [Wed Mar  7 03:00:56 CET 2018] scale:1000000 groups:100 work_mem:128MB incremental:on max_workers:2 =====
SELECT * FROM s_1 ORDER BY a, b LIMIT 10000
                                                                   QUERY PLAN                                                                   
------------------------------------------------------------------------------------------------------------------------------------------------
 Limit  (cost=1252.97..1252.97 rows=1 width=20) (actual time=6.901..6.901 rows=0 loops=1)
   ->  Limit  (cost=977.85..1152.97 rows=10000 width=20) (actual time=1.992..6.626 rows=10000 loops=1)
         ->  Incremental Sort  (cost=977.85..18489.64 rows=1000000 width=20) (actual time=1.992..6.077 rows=10000 loops=1)
               Sort Key: s_1.a, s_1.b
               Presorted Key: s_1.a
               Sort Method: quicksort  Memory: 1154kB
               Sort Groups: 2
               ->  Index Scan using s_1_a_idx on s_1  (cost=0.42..32353.42 rows=1000000 width=20) (actual time=0.012..1.907 rows=14883 loops=1)
 Planning time: 0.272 ms
 Execution time: 6.945 ms
(10 rows)

===== 210 [Wed Mar  7 03:00:56 CET 2018] scale:1000000 groups:100 work_mem:128MB incremental:on max_workers:2 =====
SELECT * FROM s_2 ORDER BY a, b, c LIMIT 10000
                                                                    QUERY PLAN                                                                    
--------------------------------------------------------------------------------------------------------------------------------------------------
 Limit  (cost=292.01..292.01 rows=1 width=20) (actual time=4.881..4.881 rows=0 loops=1)
   ->  Limit  (cost=7.66..192.01 rows=10000 width=20) (actual time=0.080..4.604 rows=10000 loops=1)
         ->  Incremental Sort  (cost=7.66..18442.33 rows=1000000 width=20) (actual time=0.079..4.055 rows=10000 loops=1)
               Sort Key: s_2.a, s_2.b, s_2.c
               Presorted Key: s_2.a, s_2.b
               Sort Method: quicksort  Memory: 34kB
               Sort Groups: 150
               ->  Index Scan using s_2_a_b_idx on s_2  (cost=0.42..40712.74 rows=1000000 width=20) (actual time=0.012..1.190 rows=10010 loops=1)
 Planning time: 0.294 ms
 Execution time: 4.907 ms
(10 rows)

===== 211 [Wed Mar  7 03:00:56 CET 2018] scale:1000000 groups:100 work_mem:128MB incremental:on max_workers:2 =====
SELECT * FROM s_3 ORDER BY a, b, c, d LIMIT 10000
                                                                     QUERY PLAN                                                                     
----------------------------------------------------------------------------------------------------------------------------------------------------
 Limit  (cost=302.21..302.21 rows=1 width=20) (actual time=4.382..4.382 rows=0 loops=1)
   ->  Limit  (cost=1.04..202.21 rows=10000 width=20) (actual time=0.067..4.107 rows=10000 loops=1)
         ->  Incremental Sort  (cost=1.04..20117.96 rows=1000000 width=20) (actual time=0.067..3.553 rows=10000 loops=1)
               Sort Key: s_3.a, s_3.b, s_3.c, s_3.d
               Presorted Key: s_3.a, s_3.b, s_3.c
               Sort Method: quicksort  Memory: 27kB
               Sort Groups: 309
               ->  Index Scan using s_3_a_b_c_idx on s_3  (cost=0.42..45144.74 rows=1000000 width=20) (actual time=0.014..1.234 rows=10013 loops=1)
 Planning time: 0.298 ms
 Execution time: 4.405 ms
(10 rows)

===== 212 [Wed Mar  7 03:00:56 CET 2018] scale:1000000 groups:100 work_mem:128MB incremental:on max_workers:2 =====
SELECT * FROM s_4 ORDER BY a, b, c, d, e LIMIT 10000
                                                                      QUERY PLAN                                                                      
------------------------------------------------------------------------------------------------------------------------------------------------------
 Limit  (cost=302.21..302.21 rows=1 width=20) (actual time=3.575..3.575 rows=0 loops=1)
   ->  Limit  (cost=1.04..202.21 rows=10000 width=20) (actual time=0.066..3.294 rows=10000 loops=1)
         ->  Incremental Sort  (cost=1.04..20117.96 rows=1000000 width=20) (actual time=0.066..2.747 rows=10000 loops=1)
               Sort Key: s_4.a, s_4.b, s_4.c, s_4.d, s_4.e
               Presorted Key: s_4.a, s_4.b, s_4.c, s_4.d
               Sort Method: quicksort  Memory: 27kB
               Sort Groups: 313
               ->  Index Scan using s_4_a_b_c_d_idx on s_4  (cost=0.42..45144.74 rows=1000000 width=20) (actual time=0.018..1.251 rows=10018 loops=1)
 Planning time: 0.280 ms
 Execution time: 3.597 ms
(10 rows)

===== 213 [Wed Mar  7 03:00:56 CET 2018] scale:1000000 groups:100 work_mem:128MB incremental:off max_workers:2 =====
SELECT * FROM s_1 ORDER BY a, b LIMIT 10000
                                                                  QUERY PLAN                                                                  
----------------------------------------------------------------------------------------------------------------------------------------------
 Limit  (cost=42569.53..42569.53 rows=1 width=20) (actual time=52.362..52.362 rows=0 loops=1)
   ->  Limit  (cost=41302.78..42469.53 rows=10000 width=20) (actual time=49.945..52.081 rows=10000 loops=1)
         ->  Gather Merge  (cost=41302.78..138531.87 rows=833334 width=20) (actual time=49.944..51.517 rows=10000 loops=1)
               Workers Planned: 2
               Workers Launched: 2
               ->  Sort  (cost=40302.76..41344.43 rows=416667 width=20) (actual time=48.230..48.405 rows=3931 loops=3)
                     Sort Key: s_1.a, s_1.b
                     Sort Method: top-N heapsort  Memory: 1708kB
                     Worker 0:  Sort Method: top-N heapsort  Memory: 1672kB
                     Worker 1:  Sort Method: top-N heapsort  Memory: 1678kB
                     ->  Parallel Seq Scan on s_1  (cost=0.00..10536.67 rows=416667 width=20) (actual time=0.005..18.523 rows=333333 loops=3)
 Planning time: 0.275 ms
 Execution time: 54.431 ms
(13 rows)

===== 214 [Wed Mar  7 03:00:57 CET 2018] scale:1000000 groups:100 work_mem:128MB incremental:off max_workers:2 =====
SELECT * FROM s_2 ORDER BY a, b, c LIMIT 10000
                                                                  QUERY PLAN                                                                  
----------------------------------------------------------------------------------------------------------------------------------------------
 Limit  (cost=42569.53..42569.53 rows=1 width=20) (actual time=52.125..52.125 rows=0 loops=1)
   ->  Limit  (cost=41302.78..42469.53 rows=10000 width=20) (actual time=49.764..51.845 rows=10000 loops=1)
         ->  Gather Merge  (cost=41302.78..138531.87 rows=833334 width=20) (actual time=49.764..51.288 rows=10000 loops=1)
               Workers Planned: 2
               Workers Launched: 2
               ->  Sort  (cost=40302.76..41344.43 rows=416667 width=20) (actual time=47.876..48.048 rows=4113 loops=3)
                     Sort Key: s_2.a, s_2.b, s_2.c
                     Sort Method: top-N heapsort  Memory: 1550kB
                     Worker 0:  Sort Method: top-N heapsort  Memory: 1553kB
                     Worker 1:  Sort Method: top-N heapsort  Memory: 1551kB
                     ->  Parallel Seq Scan on s_2  (cost=0.00..10536.67 rows=416667 width=20) (actual time=0.007..18.477 rows=333333 loops=3)
 Planning time: 0.284 ms
 Execution time: 54.163 ms
(13 rows)

===== 215 [Wed Mar  7 03:00:57 CET 2018] scale:1000000 groups:100 work_mem:128MB incremental:off max_workers:2 =====
SELECT * FROM s_3 ORDER BY a, b, c, d LIMIT 10000
                                                                  QUERY PLAN                                                                  
----------------------------------------------------------------------------------------------------------------------------------------------
 Limit  (cost=42569.53..42569.53 rows=1 width=20) (actual time=53.385..53.385 rows=0 loops=1)
   ->  Limit  (cost=41302.78..42469.53 rows=10000 width=20) (actual time=51.042..53.111 rows=10000 loops=1)
         ->  Gather Merge  (cost=41302.78..138531.87 rows=833334 width=20) (actual time=51.041..52.550 rows=10000 loops=1)
               Workers Planned: 2
               Workers Launched: 2
               ->  Sort  (cost=40302.76..41344.43 rows=416667 width=20) (actual time=49.350..49.517 rows=4113 loops=3)
                     Sort Key: s_3.a, s_3.b, s_3.c, s_3.d
                     Sort Method: top-N heapsort  Memory: 1550kB
                     Worker 0:  Sort Method: top-N heapsort  Memory: 1550kB
                     Worker 1:  Sort Method: top-N heapsort  Memory: 1550kB
                     ->  Parallel Seq Scan on s_3  (cost=0.00..10536.67 rows=416667 width=20) (actual time=0.009..18.622 rows=333333 loops=3)
 Planning time: 0.284 ms
 Execution time: 55.496 ms
(13 rows)

===== 216 [Wed Mar  7 03:00:57 CET 2018] scale:1000000 groups:100 work_mem:128MB incremental:off max_workers:2 =====
SELECT * FROM s_4 ORDER BY a, b, c, d, e LIMIT 10000
                                                                  QUERY PLAN                                                                  
----------------------------------------------------------------------------------------------------------------------------------------------
 Limit  (cost=42569.53..42569.53 rows=1 width=20) (actual time=53.385..53.385 rows=0 loops=1)
   ->  Limit  (cost=41302.78..42469.53 rows=10000 width=20) (actual time=51.035..53.106 rows=10000 loops=1)
         ->  Gather Merge  (cost=41302.78..138531.87 rows=833334 width=20) (actual time=51.034..52.539 rows=10000 loops=1)
               Workers Planned: 2
               Workers Launched: 2
               ->  Sort  (cost=40302.76..41344.43 rows=416667 width=20) (actual time=49.336..49.503 rows=4113 loops=3)
                     Sort Key: s_4.a, s_4.b, s_4.c, s_4.d, s_4.e
                     Sort Method: top-N heapsort  Memory: 1550kB
                     Worker 0:  Sort Method: top-N heapsort  Memory: 1550kB
                     Worker 1:  Sort Method: top-N heapsort  Memory: 1550kB
                     ->  Parallel Seq Scan on s_4  (cost=0.00..10536.67 rows=416667 width=20) (actual time=0.010..18.601 rows=333333 loops=3)
 Planning time: 0.278 ms
 Execution time: 55.531 ms
(13 rows)

===== 217 [Wed Mar  7 03:00:58 CET 2018] scale:1000000 groups:100 work_mem:256MB incremental:on max_workers:2 =====
SELECT * FROM s_1 ORDER BY a, b LIMIT 10000
                                                                   QUERY PLAN                                                                   
------------------------------------------------------------------------------------------------------------------------------------------------
 Limit  (cost=1252.97..1252.97 rows=1 width=20) (actual time=6.908..6.908 rows=0 loops=1)
   ->  Limit  (cost=977.85..1152.97 rows=10000 width=20) (actual time=1.992..6.633 rows=10000 loops=1)
         ->  Incremental Sort  (cost=977.85..18489.64 rows=1000000 width=20) (actual time=1.991..6.084 rows=10000 loops=1)
               Sort Key: s_1.a, s_1.b
               Presorted Key: s_1.a
               Sort Method: quicksort  Memory: 1154kB
               Sort Groups: 2
               ->  Index Scan using s_1_a_idx on s_1  (cost=0.42..32353.42 rows=1000000 width=20) (actual time=0.012..1.901 rows=14883 loops=1)
 Planning time: 0.280 ms
 Execution time: 6.954 ms
(10 rows)

===== 218 [Wed Mar  7 03:00:58 CET 2018] scale:1000000 groups:100 work_mem:256MB incremental:on max_workers:2 =====
SELECT * FROM s_2 ORDER BY a, b, c LIMIT 10000
                                                                    QUERY PLAN                                                                    
--------------------------------------------------------------------------------------------------------------------------------------------------
 Limit  (cost=292.01..292.01 rows=1 width=20) (actual time=4.889..4.889 rows=0 loops=1)
   ->  Limit  (cost=7.66..192.01 rows=10000 width=20) (actual time=0.078..4.610 rows=10000 loops=1)
         ->  Incremental Sort  (cost=7.66..18442.33 rows=1000000 width=20) (actual time=0.078..4.061 rows=10000 loops=1)
               Sort Key: s_2.a, s_2.b, s_2.c
               Presorted Key: s_2.a, s_2.b
               Sort Method: quicksort  Memory: 34kB
               Sort Groups: 150
               ->  Index Scan using s_2_a_b_idx on s_2  (cost=0.42..40712.74 rows=1000000 width=20) (actual time=0.012..1.194 rows=10010 loops=1)
 Planning time: 0.294 ms
 Execution time: 4.913 ms
(10 rows)

===== 219 [Wed Mar  7 03:00:58 CET 2018] scale:1000000 groups:100 work_mem:256MB incremental:on max_workers:2 =====
SELECT * FROM s_3 ORDER BY a, b, c, d LIMIT 10000
                                                                     QUERY PLAN                                                                     
----------------------------------------------------------------------------------------------------------------------------------------------------
 Limit  (cost=302.21..302.21 rows=1 width=20) (actual time=4.386..4.386 rows=0 loops=1)
   ->  Limit  (cost=1.04..202.21 rows=10000 width=20) (actual time=0.067..4.109 rows=10000 loops=1)
         ->  Incremental Sort  (cost=1.04..20117.96 rows=1000000 width=20) (actual time=0.066..3.558 rows=10000 loops=1)
               Sort Key: s_3.a, s_3.b, s_3.c, s_3.d
               Presorted Key: s_3.a, s_3.b, s_3.c
               Sort Method: quicksort  Memory: 27kB
               Sort Groups: 309
               ->  Index Scan using s_3_a_b_c_idx on s_3  (cost=0.42..45144.74 rows=1000000 width=20) (actual time=0.014..1.242 rows=10013 loops=1)
 Planning time: 0.294 ms
 Execution time: 4.409 ms
(10 rows)

===== 220 [Wed Mar  7 03:00:58 CET 2018] scale:1000000 groups:100 work_mem:256MB incremental:on max_workers:2 =====
SELECT * FROM s_4 ORDER BY a, b, c, d, e LIMIT 10000
                                                                      QUERY PLAN                                                                      
------------------------------------------------------------------------------------------------------------------------------------------------------
 Limit  (cost=302.21..302.21 rows=1 width=20) (actual time=3.578..3.578 rows=0 loops=1)
   ->  Limit  (cost=1.04..202.21 rows=10000 width=20) (actual time=0.064..3.300 rows=10000 loops=1)
         ->  Incremental Sort  (cost=1.04..20117.96 rows=1000000 width=20) (actual time=0.064..2.747 rows=10000 loops=1)
               Sort Key: s_4.a, s_4.b, s_4.c, s_4.d, s_4.e
               Presorted Key: s_4.a, s_4.b, s_4.c, s_4.d
               Sort Method: quicksort  Memory: 27kB
               Sort Groups: 313
               ->  Index Scan using s_4_a_b_c_d_idx on s_4  (cost=0.42..45144.74 rows=1000000 width=20) (actual time=0.018..1.257 rows=10018 loops=1)
 Planning time: 0.280 ms
 Execution time: 3.601 ms
(10 rows)

===== 221 [Wed Mar  7 03:00:58 CET 2018] scale:1000000 groups:100 work_mem:256MB incremental:off max_workers:2 =====
SELECT * FROM s_1 ORDER BY a, b LIMIT 10000
                                                                  QUERY PLAN                                                                  
----------------------------------------------------------------------------------------------------------------------------------------------
 Limit  (cost=42569.53..42569.53 rows=1 width=20) (actual time=52.804..52.804 rows=0 loops=1)
   ->  Limit  (cost=41302.78..42469.53 rows=10000 width=20) (actual time=50.397..52.525 rows=10000 loops=1)
         ->  Gather Merge  (cost=41302.78..138531.87 rows=833334 width=20) (actual time=50.396..51.961 rows=10000 loops=1)
               Workers Planned: 2
               Workers Launched: 2
               ->  Sort  (cost=40302.76..41344.43 rows=416667 width=20) (actual time=48.705..48.882 rows=4006 loops=3)
                     Sort Key: s_1.a, s_1.b
                     Sort Method: top-N heapsort  Memory: 1701kB
                     Worker 0:  Sort Method: top-N heapsort  Memory: 1676kB
                     Worker 1:  Sort Method: top-N heapsort  Memory: 1672kB
                     ->  Parallel Seq Scan on s_1  (cost=0.00..10536.67 rows=416667 width=20) (actual time=0.006..18.424 rows=333333 loops=3)
 Planning time: 0.276 ms
 Execution time: 54.808 ms
(13 rows)

===== 222 [Wed Mar  7 03:00:58 CET 2018] scale:1000000 groups:100 work_mem:256MB incremental:off max_workers:2 =====
SELECT * FROM s_2 ORDER BY a, b, c LIMIT 10000
                                                                  QUERY PLAN                                                                  
----------------------------------------------------------------------------------------------------------------------------------------------
 Limit  (cost=42569.53..42569.53 rows=1 width=20) (actual time=52.047..52.047 rows=0 loops=1)
   ->  Limit  (cost=41302.78..42469.53 rows=10000 width=20) (actual time=49.679..51.767 rows=10000 loops=1)
         ->  Gather Merge  (cost=41302.78..138531.87 rows=833334 width=20) (actual time=49.678..51.206 rows=10000 loops=1)
               Workers Planned: 2
               Workers Launched: 2
               ->  Sort  (cost=40302.76..41344.43 rows=416667 width=20) (actual time=47.916..48.089 rows=4113 loops=3)
                     Sort Key: s_2.a, s_2.b, s_2.c
                     Sort Method: top-N heapsort  Memory: 1550kB
                     Worker 0:  Sort Method: top-N heapsort  Memory: 1553kB
                     Worker 1:  Sort Method: top-N heapsort  Memory: 1551kB
                     ->  Parallel Seq Scan on s_2  (cost=0.00..10536.67 rows=416667 width=20) (actual time=0.007..18.488 rows=333333 loops=3)
 Planning time: 0.283 ms
 Execution time: 54.133 ms
(13 rows)

===== 223 [Wed Mar  7 03:00:59 CET 2018] scale:1000000 groups:100 work_mem:256MB incremental:off max_workers:2 =====
SELECT * FROM s_3 ORDER BY a, b, c, d LIMIT 10000
                                                                  QUERY PLAN                                                                  
----------------------------------------------------------------------------------------------------------------------------------------------
 Limit  (cost=42569.53..42569.53 rows=1 width=20) (actual time=53.437..53.437 rows=0 loops=1)
   ->  Limit  (cost=41302.78..42469.53 rows=10000 width=20) (actual time=51.091..53.158 rows=10000 loops=1)
         ->  Gather Merge  (cost=41302.78..138531.87 rows=833334 width=20) (actual time=51.090..52.601 rows=10000 loops=1)
               Workers Planned: 2
               Workers Launched: 2
               ->  Sort  (cost=40302.76..41344.43 rows=416667 width=20) (actual time=49.404..49.571 rows=4113 loops=3)
                     Sort Key: s_3.a, s_3.b, s_3.c, s_3.d
                     Sort Method: top-N heapsort  Memory: 1550kB
                     Worker 0:  Sort Method: top-N heapsort  Memory: 1550kB
                     Worker 1:  Sort Method: top-N heapsort  Memory: 1550kB
                     ->  Parallel Seq Scan on s_3  (cost=0.00..10536.67 rows=416667 width=20) (actual time=0.009..18.589 rows=333333 loops=3)
 Planning time: 0.293 ms
 Execution time: 55.575 ms
(13 rows)

===== 224 [Wed Mar  7 03:00:59 CET 2018] scale:1000000 groups:100 work_mem:256MB incremental:off max_workers:2 =====
SELECT * FROM s_4 ORDER BY a, b, c, d, e LIMIT 10000
                                                                  QUERY PLAN                                                                  
----------------------------------------------------------------------------------------------------------------------------------------------
 Limit  (cost=42569.53..42569.53 rows=1 width=20) (actual time=53.426..53.426 rows=0 loops=1)
   ->  Limit  (cost=41302.78..42469.53 rows=10000 width=20) (actual time=51.063..53.143 rows=10000 loops=1)
         ->  Gather Merge  (cost=41302.78..138531.87 rows=833334 width=20) (actual time=51.062..52.579 rows=10000 loops=1)
               Workers Planned: 2
               Workers Launched: 2
               ->  Sort  (cost=40302.76..41344.43 rows=416667 width=20) (actual time=49.338..49.505 rows=4113 loops=3)
                     Sort Key: s_4.a, s_4.b, s_4.c, s_4.d, s_4.e
                     Sort Method: top-N heapsort  Memory: 1550kB
                     Worker 0:  Sort Method: top-N heapsort  Memory: 1550kB
                     Worker 1:  Sort Method: top-N heapsort  Memory: 1550kB
                     ->  Parallel Seq Scan on s_4  (cost=0.00..10536.67 rows=416667 width=20) (actual time=0.011..18.610 rows=333333 loops=3)
 Planning time: 0.276 ms
 Execution time: 55.562 ms
(13 rows)

===== 225 [Wed Mar  7 03:01:07 CET 2018] scale:1000000 groups:1000 work_mem:4MB incremental:on max_workers:0 =====
SELECT * FROM s_1 ORDER BY a, b LIMIT 10000
                                                                   QUERY PLAN                                                                   
------------------------------------------------------------------------------------------------------------------------------------------------
 Limit  (cost=365.11..365.11 rows=1 width=20) (actual time=5.688..5.688 rows=0 loops=1)
   ->  Limit  (cost=82.52..265.11 rows=10000 width=20) (actual time=0.305..5.413 rows=10000 loops=1)
         ->  Incremental Sort  (cost=82.52..18342.19 rows=1000000 width=20) (actual time=0.304..4.865 rows=10000 loops=1)
               Sort Key: s_1.a, s_1.b
               Presorted Key: s_1.a
               Sort Method: quicksort  Memory: 131kB
               Sort Groups: 11
               ->  Index Scan using s_1_a_idx on s_1  (cost=0.42..32353.42 rows=1000000 width=20) (actual time=0.029..1.448 rows=10555 loops=1)
 Planning time: 0.273 ms
 Execution time: 5.719 ms
(10 rows)

===== 226 [Wed Mar  7 03:01:08 CET 2018] scale:1000000 groups:1000 work_mem:4MB incremental:on max_workers:0 =====
SELECT * FROM s_2 ORDER BY a, b, c LIMIT 10000
                                                                    QUERY PLAN                                                                    
--------------------------------------------------------------------------------------------------------------------------------------------------
 Limit  (cost=301.72..301.72 rows=1 width=20) (actual time=4.207..4.207 rows=0 loops=1)
   ->  Limit  (cost=1.00..201.72 rows=10000 width=20) (actual time=0.073..3.928 rows=10000 loops=1)
         ->  Incremental Sort  (cost=1.00..20073.64 rows=1000000 width=20) (actual time=0.073..3.376 rows=10000 loops=1)
               Sort Key: s_2.a, s_2.b, s_2.c
               Presorted Key: s_2.a, s_2.b
               Sort Method: quicksort  Memory: 27kB
               Sort Groups: 309
               ->  Index Scan using s_2_a_b_idx on s_2  (cost=0.42..40712.74 rows=1000000 width=20) (actual time=0.027..1.328 rows=10008 loops=1)
 Planning time: 0.294 ms
 Execution time: 4.230 ms
(10 rows)

===== 227 [Wed Mar  7 03:01:08 CET 2018] scale:1000000 groups:1000 work_mem:4MB incremental:on max_workers:0 =====
SELECT * FROM s_3 ORDER BY a, b, c, d LIMIT 10000
                                                                     QUERY PLAN                                                                     
----------------------------------------------------------------------------------------------------------------------------------------------------
 Limit  (cost=302.21..302.21 rows=1 width=20) (actual time=3.653..3.653 rows=0 loops=1)
   ->  Limit  (cost=1.04..202.21 rows=10000 width=20) (actual time=0.075..3.374 rows=10000 loops=1)
         ->  Incremental Sort  (cost=1.04..20117.96 rows=1000000 width=20) (actual time=0.075..2.821 rows=10000 loops=1)
               Sort Key: s_3.a, s_3.b, s_3.c, s_3.d
               Presorted Key: s_3.a, s_3.b, s_3.c
               Sort Method: quicksort  Memory: 27kB
               Sort Groups: 313
               ->  Index Scan using s_3_a_b_c_idx on s_3  (cost=0.42..45144.74 rows=1000000 width=20) (actual time=0.029..1.408 rows=10017 loops=1)
 Planning time: 0.290 ms
 Execution time: 3.677 ms
(10 rows)

===== 228 [Wed Mar  7 03:01:08 CET 2018] scale:1000000 groups:1000 work_mem:4MB incremental:on max_workers:0 =====
SELECT * FROM s_4 ORDER BY a, b, c, d, e LIMIT 10000
                                                                      QUERY PLAN                                                                      
------------------------------------------------------------------------------------------------------------------------------------------------------
 Limit  (cost=302.21..302.21 rows=1 width=20) (actual time=3.665..3.665 rows=0 loops=1)
   ->  Limit  (cost=1.04..202.21 rows=10000 width=20) (actual time=0.082..3.388 rows=10000 loops=1)
         ->  Incremental Sort  (cost=1.04..20117.96 rows=1000000 width=20) (actual time=0.082..2.840 rows=10000 loops=1)
               Sort Key: s_4.a, s_4.b, s_4.c, s_4.d, s_4.e
               Presorted Key: s_4.a, s_4.b, s_4.c, s_4.d
               Sort Method: quicksort  Memory: 27kB
               Sort Groups: 313
               ->  Index Scan using s_4_a_b_c_d_idx on s_4  (cost=0.42..45144.74 rows=1000000 width=20) (actual time=0.034..1.424 rows=10017 loops=1)
 Planning time: 0.284 ms
 Execution time: 3.691 ms
(10 rows)

===== 229 [Wed Mar  7 03:01:08 CET 2018] scale:1000000 groups:1000 work_mem:4MB incremental:off max_workers:0 =====
SELECT * FROM s_1 ORDER BY a, b LIMIT 10000
                                                           QUERY PLAN                                                            
---------------------------------------------------------------------------------------------------------------------------------
 Limit  (cost=87933.56..87933.56 rows=1 width=20) (actual time=127.578..127.578 rows=0 loops=1)
   ->  Limit  (cost=87808.56..87833.56 rows=10000 width=20) (actual time=126.357..127.303 rows=10000 loops=1)
         ->  Sort  (cost=87808.56..90308.56 rows=1000000 width=20) (actual time=126.356..126.761 rows=10000 loops=1)
               Sort Key: s_1.a, s_1.b
               Sort Method: top-N heapsort  Memory: 1579kB
               ->  Seq Scan on s_1  (cost=0.00..16370.00 rows=1000000 width=20) (actual time=0.007..50.311 rows=1000000 loops=1)
 Planning time: 0.276 ms
 Execution time: 127.706 ms
(8 rows)

===== 230 [Wed Mar  7 03:01:08 CET 2018] scale:1000000 groups:1000 work_mem:4MB incremental:off max_workers:0 =====
SELECT * FROM s_2 ORDER BY a, b, c LIMIT 10000
                                                           QUERY PLAN                                                            
---------------------------------------------------------------------------------------------------------------------------------
 Limit  (cost=87933.56..87933.56 rows=1 width=20) (actual time=128.151..128.151 rows=0 loops=1)
   ->  Limit  (cost=87808.56..87833.56 rows=10000 width=20) (actual time=126.944..127.874 rows=10000 loops=1)
         ->  Sort  (cost=87808.56..90308.56 rows=1000000 width=20) (actual time=126.943..127.330 rows=10000 loops=1)
               Sort Key: s_2.a, s_2.b, s_2.c
               Sort Method: top-N heapsort  Memory: 1550kB
               ->  Seq Scan on s_2  (cost=0.00..16370.00 rows=1000000 width=20) (actual time=0.007..50.395 rows=1000000 loops=1)
 Planning time: 0.276 ms
 Execution time: 128.279 ms
(8 rows)

===== 231 [Wed Mar  7 03:01:09 CET 2018] scale:1000000 groups:1000 work_mem:4MB incremental:off max_workers:0 =====
SELECT * FROM s_3 ORDER BY a, b, c, d LIMIT 10000
                                                           QUERY PLAN                                                            
---------------------------------------------------------------------------------------------------------------------------------
 Limit  (cost=87933.56..87933.56 rows=1 width=20) (actual time=130.045..130.045 rows=0 loops=1)
   ->  Limit  (cost=87808.56..87833.56 rows=10000 width=20) (actual time=128.842..129.768 rows=10000 loops=1)
         ->  Sort  (cost=87808.56..90308.56 rows=1000000 width=20) (actual time=128.841..129.225 rows=10000 loops=1)
               Sort Key: s_3.a, s_3.b, s_3.c, s_3.d
               Sort Method: top-N heapsort  Memory: 1550kB
               ->  Seq Scan on s_3  (cost=0.00..16370.00 rows=1000000 width=20) (actual time=0.007..49.833 rows=1000000 loops=1)
 Planning time: 0.276 ms
 Execution time: 130.174 ms
(8 rows)

===== 232 [Wed Mar  7 03:01:10 CET 2018] scale:1000000 groups:1000 work_mem:4MB incremental:off max_workers:0 =====
SELECT * FROM s_4 ORDER BY a, b, c, d, e LIMIT 10000
                                                           QUERY PLAN                                                            
---------------------------------------------------------------------------------------------------------------------------------
 Limit  (cost=87933.56..87933.56 rows=1 width=20) (actual time=129.193..129.193 rows=0 loops=1)
   ->  Limit  (cost=87808.56..87833.56 rows=10000 width=20) (actual time=127.976..128.918 rows=10000 loops=1)
         ->  Sort  (cost=87808.56..90308.56 rows=1000000 width=20) (actual time=127.976..128.361 rows=10000 loops=1)
               Sort Key: s_4.a, s_4.b, s_4.c, s_4.d, s_4.e
               Sort Method: top-N heapsort  Memory: 1550kB
               ->  Seq Scan on s_4  (cost=0.00..16370.00 rows=1000000 width=20) (actual time=0.013..49.760 rows=1000000 loops=1)
 Planning time: 0.266 ms
 Execution time: 129.321 ms
(8 rows)

===== 233 [Wed Mar  7 03:01:10 CET 2018] scale:1000000 groups:1000 work_mem:8MB incremental:on max_workers:0 =====
SELECT * FROM s_1 ORDER BY a, b LIMIT 10000
                                                                   QUERY PLAN                                                                   
------------------------------------------------------------------------------------------------------------------------------------------------
 Limit  (cost=365.11..365.11 rows=1 width=20) (actual time=5.542..5.542 rows=0 loops=1)
   ->  Limit  (cost=82.52..265.11 rows=10000 width=20) (actual time=0.281..5.267 rows=10000 loops=1)
         ->  Incremental Sort  (cost=82.52..18342.19 rows=1000000 width=20) (actual time=0.280..4.712 rows=10000 loops=1)
               Sort Key: s_1.a, s_1.b
               Presorted Key: s_1.a
               Sort Method: quicksort  Memory: 131kB
               Sort Groups: 11
               ->  Index Scan using s_1_a_idx on s_1  (cost=0.42..32353.42 rows=1000000 width=20) (actual time=0.013..1.310 rows=10555 loops=1)
 Planning time: 0.279 ms
 Execution time: 5.571 ms
(10 rows)

===== 234 [Wed Mar  7 03:01:10 CET 2018] scale:1000000 groups:1000 work_mem:8MB incremental:on max_workers:0 =====
SELECT * FROM s_2 ORDER BY a, b, c LIMIT 10000
                                                                    QUERY PLAN                                                                    
--------------------------------------------------------------------------------------------------------------------------------------------------
 Limit  (cost=301.72..301.72 rows=1 width=20) (actual time=4.065..4.065 rows=0 loops=1)
   ->  Limit  (cost=1.00..201.72 rows=10000 width=20) (actual time=0.063..3.789 rows=10000 loops=1)
         ->  Incremental Sort  (cost=1.00..20073.64 rows=1000000 width=20) (actual time=0.062..3.236 rows=10000 loops=1)
               Sort Key: s_2.a, s_2.b, s_2.c
               Presorted Key: s_2.a, s_2.b
               Sort Method: quicksort  Memory: 27kB
               Sort Groups: 309
               ->  Index Scan using s_2_a_b_idx on s_2  (cost=0.42..40712.74 rows=1000000 width=20) (actual time=0.017..1.206 rows=10008 loops=1)
 Planning time: 0.288 ms
 Execution time: 4.089 ms
(10 rows)

===== 235 [Wed Mar  7 03:01:11 CET 2018] scale:1000000 groups:1000 work_mem:8MB incremental:on max_workers:0 =====
SELECT * FROM s_3 ORDER BY a, b, c, d LIMIT 10000
                                                                     QUERY PLAN                                                                     
----------------------------------------------------------------------------------------------------------------------------------------------------
 Limit  (cost=302.21..302.21 rows=1 width=20) (actual time=3.478..3.478 rows=0 loops=1)
   ->  Limit  (cost=1.04..202.21 rows=10000 width=20) (actual time=0.062..3.197 rows=10000 loops=1)
         ->  Incremental Sort  (cost=1.04..20117.96 rows=1000000 width=20) (actual time=0.062..2.649 rows=10000 loops=1)
               Sort Key: s_3.a, s_3.b, s_3.c, s_3.d
               Presorted Key: s_3.a, s_3.b, s_3.c
               Sort Method: quicksort  Memory: 27kB
               Sort Groups: 313
               ->  Index Scan using s_3_a_b_c_idx on s_3  (cost=0.42..45144.74 rows=1000000 width=20) (actual time=0.012..1.236 rows=10017 loops=1)
 Planning time: 0.283 ms
 Execution time: 3.500 ms
(10 rows)

===== 236 [Wed Mar  7 03:01:11 CET 2018] scale:1000000 groups:1000 work_mem:8MB incremental:on max_workers:0 =====
SELECT * FROM s_4 ORDER BY a, b, c, d, e LIMIT 10000
                                                                      QUERY PLAN                                                                      
------------------------------------------------------------------------------------------------------------------------------------------------------
 Limit  (cost=302.21..302.21 rows=1 width=20) (actual time=3.481..3.481 rows=0 loops=1)
   ->  Limit  (cost=1.04..202.21 rows=10000 width=20) (actual time=0.066..3.204 rows=10000 loops=1)
         ->  Incremental Sort  (cost=1.04..20117.96 rows=1000000 width=20) (actual time=0.066..2.657 rows=10000 loops=1)
               Sort Key: s_4.a, s_4.b, s_4.c, s_4.d, s_4.e
               Presorted Key: s_4.a, s_4.b, s_4.c, s_4.d
               Sort Method: quicksort  Memory: 27kB
               Sort Groups: 313
               ->  Index Scan using s_4_a_b_c_d_idx on s_4  (cost=0.42..45144.74 rows=1000000 width=20) (actual time=0.018..1.256 rows=10017 loops=1)
 Planning time: 0.283 ms
 Execution time: 3.504 ms
(10 rows)

===== 237 [Wed Mar  7 03:01:11 CET 2018] scale:1000000 groups:1000 work_mem:8MB incremental:off max_workers:0 =====
SELECT * FROM s_1 ORDER BY a, b LIMIT 10000
                                                           QUERY PLAN                                                            
---------------------------------------------------------------------------------------------------------------------------------
 Limit  (cost=87933.56..87933.56 rows=1 width=20) (actual time=127.475..127.475 rows=0 loops=1)
   ->  Limit  (cost=87808.56..87833.56 rows=10000 width=20) (actual time=126.252..127.204 rows=10000 loops=1)
         ->  Sort  (cost=87808.56..90308.56 rows=1000000 width=20) (actual time=126.251..126.657 rows=10000 loops=1)
               Sort Key: s_1.a, s_1.b
               Sort Method: top-N heapsort  Memory: 1579kB
               ->  Seq Scan on s_1  (cost=0.00..16370.00 rows=1000000 width=20) (actual time=0.007..50.258 rows=1000000 loops=1)
 Planning time: 0.275 ms
 Execution time: 127.605 ms
(8 rows)

===== 238 [Wed Mar  7 03:01:11 CET 2018] scale:1000000 groups:1000 work_mem:8MB incremental:off max_workers:0 =====
SELECT * FROM s_2 ORDER BY a, b, c LIMIT 10000
                                                           QUERY PLAN                                                            
---------------------------------------------------------------------------------------------------------------------------------
 Limit  (cost=87933.56..87933.56 rows=1 width=20) (actual time=127.976..127.976 rows=0 loops=1)
   ->  Limit  (cost=87808.56..87833.56 rows=10000 width=20) (actual time=126.771..127.698 rows=10000 loops=1)
         ->  Sort  (cost=87808.56..90308.56 rows=1000000 width=20) (actual time=126.770..127.155 rows=10000 loops=1)
               Sort Key: s_2.a, s_2.b, s_2.c
               Sort Method: top-N heapsort  Memory: 1550kB
               ->  Seq Scan on s_2  (cost=0.00..16370.00 rows=1000000 width=20) (actual time=0.008..50.306 rows=1000000 loops=1)
 Planning time: 0.277 ms
 Execution time: 128.107 ms
(8 rows)

===== 239 [Wed Mar  7 03:01:12 CET 2018] scale:1000000 groups:1000 work_mem:8MB incremental:off max_workers:0 =====
SELECT * FROM s_3 ORDER BY a, b, c, d LIMIT 10000
                                                           QUERY PLAN                                                            
---------------------------------------------------------------------------------------------------------------------------------
 Limit  (cost=87933.56..87933.56 rows=1 width=20) (actual time=130.041..130.041 rows=0 loops=1)
   ->  Limit  (cost=87808.56..87833.56 rows=10000 width=20) (actual time=128.837..129.769 rows=10000 loops=1)
         ->  Sort  (cost=87808.56..90308.56 rows=1000000 width=20) (actual time=128.836..129.223 rows=10000 loops=1)
               Sort Key: s_3.a, s_3.b, s_3.c, s_3.d
               Sort Method: top-N heapsort  Memory: 1550kB
               ->  Seq Scan on s_3  (cost=0.00..16370.00 rows=1000000 width=20) (actual time=0.007..49.841 rows=1000000 loops=1)
 Planning time: 0.273 ms
 Execution time: 130.175 ms
(8 rows)

===== 240 [Wed Mar  7 03:01:13 CET 2018] scale:1000000 groups:1000 work_mem:8MB incremental:off max_workers:0 =====
SELECT * FROM s_4 ORDER BY a, b, c, d, e LIMIT 10000
                                                           QUERY PLAN                                                            
---------------------------------------------------------------------------------------------------------------------------------
 Limit  (cost=87933.56..87933.56 rows=1 width=20) (actual time=129.125..129.125 rows=0 loops=1)
   ->  Limit  (cost=87808.56..87833.56 rows=10000 width=20) (actual time=127.905..128.847 rows=10000 loops=1)
         ->  Sort  (cost=87808.56..90308.56 rows=1000000 width=20) (actual time=127.904..128.289 rows=10000 loops=1)
               Sort Key: s_4.a, s_4.b, s_4.c, s_4.d, s_4.e
               Sort Method: top-N heapsort  Memory: 1550kB
               ->  Seq Scan on s_4  (cost=0.00..16370.00 rows=1000000 width=20) (actual time=0.013..49.708 rows=1000000 loops=1)
 Planning time: 0.264 ms
 Execution time: 129.252 ms
(8 rows)

===== 241 [Wed Mar  7 03:01:13 CET 2018] scale:1000000 groups:1000 work_mem:16MB incremental:on max_workers:0 =====
SELECT * FROM s_1 ORDER BY a, b LIMIT 10000
                                                                   QUERY PLAN                                                                   
------------------------------------------------------------------------------------------------------------------------------------------------
 Limit  (cost=365.11..365.11 rows=1 width=20) (actual time=5.540..5.540 rows=0 loops=1)
   ->  Limit  (cost=82.52..265.11 rows=10000 width=20) (actual time=0.280..5.266 rows=10000 loops=1)
         ->  Incremental Sort  (cost=82.52..18342.19 rows=1000000 width=20) (actual time=0.280..4.717 rows=10000 loops=1)
               Sort Key: s_1.a, s_1.b
               Presorted Key: s_1.a
               Sort Method: quicksort  Memory: 131kB
               Sort Groups: 11
               ->  Index Scan using s_1_a_idx on s_1  (cost=0.42..32353.42 rows=1000000 width=20) (actual time=0.013..1.316 rows=10555 loops=1)
 Planning time: 0.270 ms
 Execution time: 5.569 ms
(10 rows)

===== 242 [Wed Mar  7 03:01:13 CET 2018] scale:1000000 groups:1000 work_mem:16MB incremental:on max_workers:0 =====
SELECT * FROM s_2 ORDER BY a, b, c LIMIT 10000
                                                                    QUERY PLAN                                                                    
--------------------------------------------------------------------------------------------------------------------------------------------------
 Limit  (cost=301.72..301.72 rows=1 width=20) (actual time=4.067..4.067 rows=0 loops=1)
   ->  Limit  (cost=1.00..201.72 rows=10000 width=20) (actual time=0.057..3.786 rows=10000 loops=1)
         ->  Incremental Sort  (cost=1.00..20073.64 rows=1000000 width=20) (actual time=0.057..3.225 rows=10000 loops=1)
               Sort Key: s_2.a, s_2.b, s_2.c
               Presorted Key: s_2.a, s_2.b
               Sort Method: quicksort  Memory: 27kB
               Sort Groups: 309
               ->  Index Scan using s_2_a_b_idx on s_2  (cost=0.42..40712.74 rows=1000000 width=20) (actual time=0.009..1.195 rows=10008 loops=1)
 Planning time: 0.290 ms
 Execution time: 4.091 ms
(10 rows)

===== 243 [Wed Mar  7 03:01:13 CET 2018] scale:1000000 groups:1000 work_mem:16MB incremental:on max_workers:0 =====
SELECT * FROM s_3 ORDER BY a, b, c, d LIMIT 10000
                                                                     QUERY PLAN                                                                     
----------------------------------------------------------------------------------------------------------------------------------------------------
 Limit  (cost=302.21..302.21 rows=1 width=20) (actual time=3.473..3.473 rows=0 loops=1)
   ->  Limit  (cost=1.04..202.21 rows=10000 width=20) (actual time=0.058..3.189 rows=10000 loops=1)
         ->  Incremental Sort  (cost=1.04..20117.96 rows=1000000 width=20) (actual time=0.058..2.642 rows=10000 loops=1)
               Sort Key: s_3.a, s_3.b, s_3.c, s_3.d
               Presorted Key: s_3.a, s_3.b, s_3.c
               Sort Method: quicksort  Memory: 27kB
               Sort Groups: 313
               ->  Index Scan using s_3_a_b_c_idx on s_3  (cost=0.42..45144.74 rows=1000000 width=20) (actual time=0.012..1.242 rows=10017 loops=1)
 Planning time: 0.287 ms
 Execution time: 3.495 ms
(10 rows)

===== 244 [Wed Mar  7 03:01:14 CET 2018] scale:1000000 groups:1000 work_mem:16MB incremental:on max_workers:0 =====
SELECT * FROM s_4 ORDER BY a, b, c, d, e LIMIT 10000
                                                                      QUERY PLAN                                                                      
------------------------------------------------------------------------------------------------------------------------------------------------------
 Limit  (cost=302.21..302.21 rows=1 width=20) (actual time=3.484..3.484 rows=0 loops=1)
   ->  Limit  (cost=1.04..202.21 rows=10000 width=20) (actual time=0.068..3.207 rows=10000 loops=1)
         ->  Incremental Sort  (cost=1.04..20117.96 rows=1000000 width=20) (actual time=0.068..2.660 rows=10000 loops=1)
               Sort Key: s_4.a, s_4.b, s_4.c, s_4.d, s_4.e
               Presorted Key: s_4.a, s_4.b, s_4.c, s_4.d
               Sort Method: quicksort  Memory: 27kB
               Sort Groups: 313
               ->  Index Scan using s_4_a_b_c_d_idx on s_4  (cost=0.42..45144.74 rows=1000000 width=20) (actual time=0.018..1.255 rows=10017 loops=1)
 Planning time: 0.282 ms
 Execution time: 3.507 ms
(10 rows)

===== 245 [Wed Mar  7 03:01:14 CET 2018] scale:1000000 groups:1000 work_mem:16MB incremental:off max_workers:0 =====
SELECT * FROM s_1 ORDER BY a, b LIMIT 10000
                                                           QUERY PLAN                                                            
---------------------------------------------------------------------------------------------------------------------------------
 Limit  (cost=87933.56..87933.56 rows=1 width=20) (actual time=127.490..127.490 rows=0 loops=1)
   ->  Limit  (cost=87808.56..87833.56 rows=10000 width=20) (actual time=126.268..127.215 rows=10000 loops=1)
         ->  Sort  (cost=87808.56..90308.56 rows=1000000 width=20) (actual time=126.268..126.671 rows=10000 loops=1)
               Sort Key: s_1.a, s_1.b
               Sort Method: top-N heapsort  Memory: 1579kB
               ->  Seq Scan on s_1  (cost=0.00..16370.00 rows=1000000 width=20) (actual time=0.007..50.269 rows=1000000 loops=1)
 Planning time: 0.268 ms
 Execution time: 127.622 ms
(8 rows)

===== 246 [Wed Mar  7 03:01:14 CET 2018] scale:1000000 groups:1000 work_mem:16MB incremental:off max_workers:0 =====
SELECT * FROM s_2 ORDER BY a, b, c LIMIT 10000
                                                           QUERY PLAN                                                            
---------------------------------------------------------------------------------------------------------------------------------
 Limit  (cost=87933.56..87933.56 rows=1 width=20) (actual time=128.000..128.000 rows=0 loops=1)
   ->  Limit  (cost=87808.56..87833.56 rows=10000 width=20) (actual time=126.795..127.724 rows=10000 loops=1)
         ->  Sort  (cost=87808.56..90308.56 rows=1000000 width=20) (actual time=126.795..127.180 rows=10000 loops=1)
               Sort Key: s_2.a, s_2.b, s_2.c
               Sort Method: top-N heapsort  Memory: 1550kB
               ->  Seq Scan on s_2  (cost=0.00..16370.00 rows=1000000 width=20) (actual time=0.007..50.341 rows=1000000 loops=1)
 Planning time: 0.276 ms
 Execution time: 128.130 ms
(8 rows)

===== 247 [Wed Mar  7 03:01:15 CET 2018] scale:1000000 groups:1000 work_mem:16MB incremental:off max_workers:0 =====
SELECT * FROM s_3 ORDER BY a, b, c, d LIMIT 10000
                                                           QUERY PLAN                                                            
---------------------------------------------------------------------------------------------------------------------------------
 Limit  (cost=87933.56..87933.56 rows=1 width=20) (actual time=130.003..130.003 rows=0 loops=1)
   ->  Limit  (cost=87808.56..87833.56 rows=10000 width=20) (actual time=128.798..129.727 rows=10000 loops=1)
         ->  Sort  (cost=87808.56..90308.56 rows=1000000 width=20) (actual time=128.798..129.183 rows=10000 loops=1)
               Sort Key: s_3.a, s_3.b, s_3.c, s_3.d
               Sort Method: top-N heapsort  Memory: 1550kB
               ->  Seq Scan on s_3  (cost=0.00..16370.00 rows=1000000 width=20) (actual time=0.007..49.789 rows=1000000 loops=1)
 Planning time: 0.271 ms
 Execution time: 130.134 ms
(8 rows)

===== 248 [Wed Mar  7 03:01:15 CET 2018] scale:1000000 groups:1000 work_mem:16MB incremental:off max_workers:0 =====
SELECT * FROM s_4 ORDER BY a, b, c, d, e LIMIT 10000
                                                           QUERY PLAN                                                            
---------------------------------------------------------------------------------------------------------------------------------
 Limit  (cost=87933.56..87933.56 rows=1 width=20) (actual time=129.076..129.076 rows=0 loops=1)
   ->  Limit  (cost=87808.56..87833.56 rows=10000 width=20) (actual time=127.858..128.799 rows=10000 loops=1)
         ->  Sort  (cost=87808.56..90308.56 rows=1000000 width=20) (actual time=127.857..128.241 rows=10000 loops=1)
               Sort Key: s_4.a, s_4.b, s_4.c, s_4.d, s_4.e
               Sort Method: top-N heapsort  Memory: 1550kB
               ->  Seq Scan on s_4  (cost=0.00..16370.00 rows=1000000 width=20) (actual time=0.013..49.710 rows=1000000 loops=1)
 Planning time: 0.266 ms
 Execution time: 129.203 ms
(8 rows)

===== 249 [Wed Mar  7 03:01:16 CET 2018] scale:1000000 groups:1000 work_mem:32MB incremental:on max_workers:0 =====
SELECT * FROM s_1 ORDER BY a, b LIMIT 10000
                                                                   QUERY PLAN                                                                   
------------------------------------------------------------------------------------------------------------------------------------------------
 Limit  (cost=365.11..365.11 rows=1 width=20) (actual time=5.544..5.544 rows=0 loops=1)
   ->  Limit  (cost=82.52..265.11 rows=10000 width=20) (actual time=0.281..5.264 rows=10000 loops=1)
         ->  Incremental Sort  (cost=82.52..18342.19 rows=1000000 width=20) (actual time=0.280..4.712 rows=10000 loops=1)
               Sort Key: s_1.a, s_1.b
               Presorted Key: s_1.a
               Sort Method: quicksort  Memory: 131kB
               Sort Groups: 11
               ->  Index Scan using s_1_a_idx on s_1  (cost=0.42..32353.42 rows=1000000 width=20) (actual time=0.012..1.314 rows=10555 loops=1)
 Planning time: 0.272 ms
 Execution time: 5.573 ms
(10 rows)

===== 250 [Wed Mar  7 03:01:16 CET 2018] scale:1000000 groups:1000 work_mem:32MB incremental:on max_workers:0 =====
SELECT * FROM s_2 ORDER BY a, b, c LIMIT 10000
                                                                    QUERY PLAN                                                                    
--------------------------------------------------------------------------------------------------------------------------------------------------
 Limit  (cost=301.72..301.72 rows=1 width=20) (actual time=4.064..4.064 rows=0 loops=1)
   ->  Limit  (cost=1.00..201.72 rows=10000 width=20) (actual time=0.057..3.788 rows=10000 loops=1)
         ->  Incremental Sort  (cost=1.00..20073.64 rows=1000000 width=20) (actual time=0.056..3.236 rows=10000 loops=1)
               Sort Key: s_2.a, s_2.b, s_2.c
               Presorted Key: s_2.a, s_2.b
               Sort Method: quicksort  Memory: 27kB
               Sort Groups: 309
               ->  Index Scan using s_2_a_b_idx on s_2  (cost=0.42..40712.74 rows=1000000 width=20) (actual time=0.010..1.200 rows=10008 loops=1)
 Planning time: 0.292 ms
 Execution time: 4.087 ms
(10 rows)

===== 251 [Wed Mar  7 03:01:16 CET 2018] scale:1000000 groups:1000 work_mem:32MB incremental:on max_workers:0 =====
SELECT * FROM s_3 ORDER BY a, b, c, d LIMIT 10000
                                                                     QUERY PLAN                                                                     
----------------------------------------------------------------------------------------------------------------------------------------------------
 Limit  (cost=302.21..302.21 rows=1 width=20) (actual time=3.477..3.477 rows=0 loops=1)
   ->  Limit  (cost=1.04..202.21 rows=10000 width=20) (actual time=0.060..3.197 rows=10000 loops=1)
         ->  Incremental Sort  (cost=1.04..20117.96 rows=1000000 width=20) (actual time=0.060..2.650 rows=10000 loops=1)
               Sort Key: s_3.a, s_3.b, s_3.c, s_3.d
               Presorted Key: s_3.a, s_3.b, s_3.c
               Sort Method: quicksort  Memory: 27kB
               Sort Groups: 313
               ->  Index Scan using s_3_a_b_c_idx on s_3  (cost=0.42..45144.74 rows=1000000 width=20) (actual time=0.012..1.238 rows=10017 loops=1)
 Planning time: 0.288 ms
 Execution time: 3.500 ms
(10 rows)

===== 252 [Wed Mar  7 03:01:16 CET 2018] scale:1000000 groups:1000 work_mem:32MB incremental:on max_workers:0 =====
SELECT * FROM s_4 ORDER BY a, b, c, d, e LIMIT 10000
                                                                      QUERY PLAN                                                                      
------------------------------------------------------------------------------------------------------------------------------------------------------
 Limit  (cost=302.21..302.21 rows=1 width=20) (actual time=3.482..3.482 rows=0 loops=1)
   ->  Limit  (cost=1.04..202.21 rows=10000 width=20) (actual time=0.067..3.205 rows=10000 loops=1)
         ->  Incremental Sort  (cost=1.04..20117.96 rows=1000000 width=20) (actual time=0.066..2.653 rows=10000 loops=1)
               Sort Key: s_4.a, s_4.b, s_4.c, s_4.d, s_4.e
               Presorted Key: s_4.a, s_4.b, s_4.c, s_4.d
               Sort Method: quicksort  Memory: 27kB
               Sort Groups: 313
               ->  Index Scan using s_4_a_b_c_d_idx on s_4  (cost=0.42..45144.74 rows=1000000 width=20) (actual time=0.018..1.251 rows=10017 loops=1)
 Planning time: 0.287 ms
 Execution time: 3.505 ms
(10 rows)

===== 253 [Wed Mar  7 03:01:17 CET 2018] scale:1000000 groups:1000 work_mem:32MB incremental:off max_workers:0 =====
SELECT * FROM s_1 ORDER BY a, b LIMIT 10000
                                                           QUERY PLAN                                                            
---------------------------------------------------------------------------------------------------------------------------------
 Limit  (cost=87933.56..87933.56 rows=1 width=20) (actual time=127.471..127.471 rows=0 loops=1)
   ->  Limit  (cost=87808.56..87833.56 rows=10000 width=20) (actual time=126.246..127.196 rows=10000 loops=1)
         ->  Sort  (cost=87808.56..90308.56 rows=1000000 width=20) (actual time=126.246..126.652 rows=10000 loops=1)
               Sort Key: s_1.a, s_1.b
               Sort Method: top-N heapsort  Memory: 1579kB
               ->  Seq Scan on s_1  (cost=0.00..16370.00 rows=1000000 width=20) (actual time=0.007..50.248 rows=1000000 loops=1)
 Planning time: 0.273 ms
 Execution time: 127.606 ms
(8 rows)

===== 254 [Wed Mar  7 03:01:17 CET 2018] scale:1000000 groups:1000 work_mem:32MB incremental:off max_workers:0 =====
SELECT * FROM s_2 ORDER BY a, b, c LIMIT 10000
                                                           QUERY PLAN                                                            
---------------------------------------------------------------------------------------------------------------------------------
 Limit  (cost=87933.56..87933.56 rows=1 width=20) (actual time=128.033..128.033 rows=0 loops=1)
   ->  Limit  (cost=87808.56..87833.56 rows=10000 width=20) (actual time=126.830..127.759 rows=10000 loops=1)
         ->  Sort  (cost=87808.56..90308.56 rows=1000000 width=20) (actual time=126.830..127.214 rows=10000 loops=1)
               Sort Key: s_2.a, s_2.b, s_2.c
               Sort Method: top-N heapsort  Memory: 1550kB
               ->  Seq Scan on s_2  (cost=0.00..16370.00 rows=1000000 width=20) (actual time=0.007..50.340 rows=1000000 loops=1)
 Planning time: 0.272 ms
 Execution time: 128.163 ms
(8 rows)

===== 255 [Wed Mar  7 03:01:18 CET 2018] scale:1000000 groups:1000 work_mem:32MB incremental:off max_workers:0 =====
SELECT * FROM s_3 ORDER BY a, b, c, d LIMIT 10000
                                                           QUERY PLAN                                                            
---------------------------------------------------------------------------------------------------------------------------------
 Limit  (cost=87933.56..87933.56 rows=1 width=20) (actual time=130.032..130.032 rows=0 loops=1)
   ->  Limit  (cost=87808.56..87833.56 rows=10000 width=20) (actual time=128.823..129.755 rows=10000 loops=1)
         ->  Sort  (cost=87808.56..90308.56 rows=1000000 width=20) (actual time=128.822..129.212 rows=10000 loops=1)
               Sort Key: s_3.a, s_3.b, s_3.c, s_3.d
               Sort Method: top-N heapsort  Memory: 1550kB
               ->  Seq Scan on s_3  (cost=0.00..16370.00 rows=1000000 width=20) (actual time=0.007..49.815 rows=1000000 loops=1)
 Planning time: 0.274 ms
 Execution time: 130.162 ms
(8 rows)

===== 256 [Wed Mar  7 03:01:18 CET 2018] scale:1000000 groups:1000 work_mem:32MB incremental:off max_workers:0 =====
SELECT * FROM s_4 ORDER BY a, b, c, d, e LIMIT 10000
                                                           QUERY PLAN                                                            
---------------------------------------------------------------------------------------------------------------------------------
 Limit  (cost=87933.56..87933.56 rows=1 width=20) (actual time=129.130..129.130 rows=0 loops=1)
   ->  Limit  (cost=87808.56..87833.56 rows=10000 width=20) (actual time=127.909..128.855 rows=10000 loops=1)
         ->  Sort  (cost=87808.56..90308.56 rows=1000000 width=20) (actual time=127.909..128.297 rows=10000 loops=1)
               Sort Key: s_4.a, s_4.b, s_4.c, s_4.d, s_4.e
               Sort Method: top-N heapsort  Memory: 1550kB
               ->  Seq Scan on s_4  (cost=0.00..16370.00 rows=1000000 width=20) (actual time=0.013..49.734 rows=1000000 loops=1)
 Planning time: 0.268 ms
 Execution time: 129.256 ms
(8 rows)

===== 257 [Wed Mar  7 03:01:19 CET 2018] scale:1000000 groups:1000 work_mem:64MB incremental:on max_workers:0 =====
SELECT * FROM s_1 ORDER BY a, b LIMIT 10000
                                                                   QUERY PLAN                                                                   
------------------------------------------------------------------------------------------------------------------------------------------------
 Limit  (cost=365.11..365.11 rows=1 width=20) (actual time=5.546..5.546 rows=0 loops=1)
   ->  Limit  (cost=82.52..265.11 rows=10000 width=20) (actual time=0.281..5.272 rows=10000 loops=1)
         ->  Incremental Sort  (cost=82.52..18342.19 rows=1000000 width=20) (actual time=0.281..4.724 rows=10000 loops=1)
               Sort Key: s_1.a, s_1.b
               Presorted Key: s_1.a
               Sort Method: quicksort  Memory: 131kB
               Sort Groups: 11
               ->  Index Scan using s_1_a_idx on s_1  (cost=0.42..32353.42 rows=1000000 width=20) (actual time=0.012..1.313 rows=10555 loops=1)
 Planning time: 0.283 ms
 Execution time: 5.576 ms
(10 rows)

===== 258 [Wed Mar  7 03:01:19 CET 2018] scale:1000000 groups:1000 work_mem:64MB incremental:on max_workers:0 =====
SELECT * FROM s_2 ORDER BY a, b, c LIMIT 10000
                                                                    QUERY PLAN                                                                    
--------------------------------------------------------------------------------------------------------------------------------------------------
 Limit  (cost=301.72..301.72 rows=1 width=20) (actual time=4.064..4.064 rows=0 loops=1)
   ->  Limit  (cost=1.00..201.72 rows=10000 width=20) (actual time=0.054..3.785 rows=10000 loops=1)
         ->  Incremental Sort  (cost=1.00..20073.64 rows=1000000 width=20) (actual time=0.054..3.231 rows=10000 loops=1)
               Sort Key: s_2.a, s_2.b, s_2.c
               Presorted Key: s_2.a, s_2.b
               Sort Method: quicksort  Memory: 27kB
               Sort Groups: 309
               ->  Index Scan using s_2_a_b_idx on s_2  (cost=0.42..40712.74 rows=1000000 width=20) (actual time=0.009..1.199 rows=10008 loops=1)
 Planning time: 0.299 ms
 Execution time: 4.087 ms
(10 rows)

===== 259 [Wed Mar  7 03:01:19 CET 2018] scale:1000000 groups:1000 work_mem:64MB incremental:on max_workers:0 =====
SELECT * FROM s_3 ORDER BY a, b, c, d LIMIT 10000
                                                                     QUERY PLAN                                                                     
----------------------------------------------------------------------------------------------------------------------------------------------------
 Limit  (cost=302.21..302.21 rows=1 width=20) (actual time=3.479..3.479 rows=0 loops=1)
   ->  Limit  (cost=1.04..202.21 rows=10000 width=20) (actual time=0.059..3.197 rows=10000 loops=1)
         ->  Incremental Sort  (cost=1.04..20117.96 rows=1000000 width=20) (actual time=0.059..2.650 rows=10000 loops=1)
               Sort Key: s_3.a, s_3.b, s_3.c, s_3.d
               Presorted Key: s_3.a, s_3.b, s_3.c
               Sort Method: quicksort  Memory: 27kB
               Sort Groups: 313
               ->  Index Scan using s_3_a_b_c_idx on s_3  (cost=0.42..45144.74 rows=1000000 width=20) (actual time=0.012..1.240 rows=10017 loops=1)
 Planning time: 0.281 ms
 Execution time: 3.502 ms
(10 rows)

===== 260 [Wed Mar  7 03:01:19 CET 2018] scale:1000000 groups:1000 work_mem:64MB incremental:on max_workers:0 =====
SELECT * FROM s_4 ORDER BY a, b, c, d, e LIMIT 10000
                                                                      QUERY PLAN                                                                      
------------------------------------------------------------------------------------------------------------------------------------------------------
 Limit  (cost=302.21..302.21 rows=1 width=20) (actual time=3.480..3.480 rows=0 loops=1)
   ->  Limit  (cost=1.04..202.21 rows=10000 width=20) (actual time=0.065..3.200 rows=10000 loops=1)
         ->  Incremental Sort  (cost=1.04..20117.96 rows=1000000 width=20) (actual time=0.065..2.649 rows=10000 loops=1)
               Sort Key: s_4.a, s_4.b, s_4.c, s_4.d, s_4.e
               Presorted Key: s_4.a, s_4.b, s_4.c, s_4.d
               Sort Method: quicksort  Memory: 27kB
               Sort Groups: 313
               ->  Index Scan using s_4_a_b_c_d_idx on s_4  (cost=0.42..45144.74 rows=1000000 width=20) (actual time=0.018..1.255 rows=10017 loops=1)
 Planning time: 0.285 ms
 Execution time: 3.503 ms
(10 rows)

===== 261 [Wed Mar  7 03:01:19 CET 2018] scale:1000000 groups:1000 work_mem:64MB incremental:off max_workers:0 =====
SELECT * FROM s_1 ORDER BY a, b LIMIT 10000
                                                           QUERY PLAN                                                            
---------------------------------------------------------------------------------------------------------------------------------
 Limit  (cost=87933.56..87933.56 rows=1 width=20) (actual time=127.483..127.483 rows=0 loops=1)
   ->  Limit  (cost=87808.56..87833.56 rows=10000 width=20) (actual time=126.258..127.209 rows=10000 loops=1)
         ->  Sort  (cost=87808.56..90308.56 rows=1000000 width=20) (actual time=126.257..126.663 rows=10000 loops=1)
               Sort Key: s_1.a, s_1.b
               Sort Method: top-N heapsort  Memory: 1579kB
               ->  Seq Scan on s_1  (cost=0.00..16370.00 rows=1000000 width=20) (actual time=0.007..50.268 rows=1000000 loops=1)
 Planning time: 0.269 ms
 Execution time: 127.611 ms
(8 rows)

===== 262 [Wed Mar  7 03:01:20 CET 2018] scale:1000000 groups:1000 work_mem:64MB incremental:off max_workers:0 =====
SELECT * FROM s_2 ORDER BY a, b, c LIMIT 10000
                                                           QUERY PLAN                                                            
---------------------------------------------------------------------------------------------------------------------------------
 Limit  (cost=87933.56..87933.56 rows=1 width=20) (actual time=127.996..127.996 rows=0 loops=1)
   ->  Limit  (cost=87808.56..87833.56 rows=10000 width=20) (actual time=126.802..127.731 rows=10000 loops=1)
         ->  Sort  (cost=87808.56..90308.56 rows=1000000 width=20) (actual time=126.801..127.187 rows=10000 loops=1)
               Sort Key: s_2.a, s_2.b, s_2.c
               Sort Method: top-N heapsort  Memory: 1550kB
               ->  Seq Scan on s_2  (cost=0.00..16370.00 rows=1000000 width=20) (actual time=0.007..50.351 rows=1000000 loops=1)
 Planning time: 0.274 ms
 Execution time: 128.126 ms
(8 rows)

===== 263 [Wed Mar  7 03:01:21 CET 2018] scale:1000000 groups:1000 work_mem:64MB incremental:off max_workers:0 =====
SELECT * FROM s_3 ORDER BY a, b, c, d LIMIT 10000
                                                           QUERY PLAN                                                            
---------------------------------------------------------------------------------------------------------------------------------
 Limit  (cost=87933.56..87933.56 rows=1 width=20) (actual time=130.008..130.008 rows=0 loops=1)
   ->  Limit  (cost=87808.56..87833.56 rows=10000 width=20) (actual time=128.801..129.732 rows=10000 loops=1)
         ->  Sort  (cost=87808.56..90308.56 rows=1000000 width=20) (actual time=128.800..129.189 rows=10000 loops=1)
               Sort Key: s_3.a, s_3.b, s_3.c, s_3.d
               Sort Method: top-N heapsort  Memory: 1550kB
               ->  Seq Scan on s_3  (cost=0.00..16370.00 rows=1000000 width=20) (actual time=0.007..49.853 rows=1000000 loops=1)
 Planning time: 0.275 ms
 Execution time: 130.137 ms
(8 rows)

===== 264 [Wed Mar  7 03:01:21 CET 2018] scale:1000000 groups:1000 work_mem:64MB incremental:off max_workers:0 =====
SELECT * FROM s_4 ORDER BY a, b, c, d, e LIMIT 10000
                                                           QUERY PLAN                                                            
---------------------------------------------------------------------------------------------------------------------------------
 Limit  (cost=87933.56..87933.56 rows=1 width=20) (actual time=129.173..129.173 rows=0 loops=1)
   ->  Limit  (cost=87808.56..87833.56 rows=10000 width=20) (actual time=127.953..128.899 rows=10000 loops=1)
         ->  Sort  (cost=87808.56..90308.56 rows=1000000 width=20) (actual time=127.953..128.341 rows=10000 loops=1)
               Sort Key: s_4.a, s_4.b, s_4.c, s_4.d, s_4.e
               Sort Method: top-N heapsort  Memory: 1550kB
               ->  Seq Scan on s_4  (cost=0.00..16370.00 rows=1000000 width=20) (actual time=0.013..49.752 rows=1000000 loops=1)
 Planning time: 0.272 ms
 Execution time: 129.300 ms
(8 rows)

===== 265 [Wed Mar  7 03:01:22 CET 2018] scale:1000000 groups:1000 work_mem:128MB incremental:on max_workers:0 =====
SELECT * FROM s_1 ORDER BY a, b LIMIT 10000
                                                                   QUERY PLAN                                                                   
------------------------------------------------------------------------------------------------------------------------------------------------
 Limit  (cost=365.11..365.11 rows=1 width=20) (actual time=5.542..5.542 rows=0 loops=1)
   ->  Limit  (cost=82.52..265.11 rows=10000 width=20) (actual time=0.280..5.267 rows=10000 loops=1)
         ->  Incremental Sort  (cost=82.52..18342.19 rows=1000000 width=20) (actual time=0.279..4.713 rows=10000 loops=1)
               Sort Key: s_1.a, s_1.b
               Presorted Key: s_1.a
               Sort Method: quicksort  Memory: 131kB
               Sort Groups: 11
               ->  Index Scan using s_1_a_idx on s_1  (cost=0.42..32353.42 rows=1000000 width=20) (actual time=0.013..1.309 rows=10555 loops=1)
 Planning time: 0.276 ms
 Execution time: 5.571 ms
(10 rows)

===== 266 [Wed Mar  7 03:01:22 CET 2018] scale:1000000 groups:1000 work_mem:128MB incremental:on max_workers:0 =====
SELECT * FROM s_2 ORDER BY a, b, c LIMIT 10000
                                                                    QUERY PLAN                                                                    
--------------------------------------------------------------------------------------------------------------------------------------------------
 Limit  (cost=301.72..301.72 rows=1 width=20) (actual time=4.061..4.061 rows=0 loops=1)
   ->  Limit  (cost=1.00..201.72 rows=10000 width=20) (actual time=0.055..3.784 rows=10000 loops=1)
         ->  Incremental Sort  (cost=1.00..20073.64 rows=1000000 width=20) (actual time=0.055..3.234 rows=10000 loops=1)
               Sort Key: s_2.a, s_2.b, s_2.c
               Presorted Key: s_2.a, s_2.b
               Sort Method: quicksort  Memory: 27kB
               Sort Groups: 309
               ->  Index Scan using s_2_a_b_idx on s_2  (cost=0.42..40712.74 rows=1000000 width=20) (actual time=0.010..1.193 rows=10008 loops=1)
 Planning time: 0.285 ms
 Execution time: 4.084 ms
(10 rows)

===== 267 [Wed Mar  7 03:01:22 CET 2018] scale:1000000 groups:1000 work_mem:128MB incremental:on max_workers:0 =====
SELECT * FROM s_3 ORDER BY a, b, c, d LIMIT 10000
                                                                     QUERY PLAN                                                                     
----------------------------------------------------------------------------------------------------------------------------------------------------
 Limit  (cost=302.21..302.21 rows=1 width=20) (actual time=3.478..3.478 rows=0 loops=1)
   ->  Limit  (cost=1.04..202.21 rows=10000 width=20) (actual time=0.058..3.199 rows=10000 loops=1)
         ->  Incremental Sort  (cost=1.04..20117.96 rows=1000000 width=20) (actual time=0.058..2.648 rows=10000 loops=1)
               Sort Key: s_3.a, s_3.b, s_3.c, s_3.d
               Presorted Key: s_3.a, s_3.b, s_3.c
               Sort Method: quicksort  Memory: 27kB
               Sort Groups: 313
               ->  Index Scan using s_3_a_b_c_idx on s_3  (cost=0.42..45144.74 rows=1000000 width=20) (actual time=0.012..1.241 rows=10017 loops=1)
 Planning time: 0.284 ms
 Execution time: 3.501 ms
(10 rows)

===== 268 [Wed Mar  7 03:01:22 CET 2018] scale:1000000 groups:1000 work_mem:128MB incremental:on max_workers:0 =====
SELECT * FROM s_4 ORDER BY a, b, c, d, e LIMIT 10000
                                                                      QUERY PLAN                                                                      
------------------------------------------------------------------------------------------------------------------------------------------------------
 Limit  (cost=302.21..302.21 rows=1 width=20) (actual time=3.481..3.481 rows=0 loops=1)
   ->  Limit  (cost=1.04..202.21 rows=10000 width=20) (actual time=0.066..3.203 rows=10000 loops=1)
         ->  Incremental Sort  (cost=1.04..20117.96 rows=1000000 width=20) (actual time=0.066..2.648 rows=10000 loops=1)
               Sort Key: s_4.a, s_4.b, s_4.c, s_4.d, s_4.e
               Presorted Key: s_4.a, s_4.b, s_4.c, s_4.d
               Sort Method: quicksort  Memory: 27kB
               Sort Groups: 313
               ->  Index Scan using s_4_a_b_c_d_idx on s_4  (cost=0.42..45144.74 rows=1000000 width=20) (actual time=0.018..1.248 rows=10017 loops=1)
 Planning time: 0.289 ms
 Execution time: 3.504 ms
(10 rows)

===== 269 [Wed Mar  7 03:01:22 CET 2018] scale:1000000 groups:1000 work_mem:128MB incremental:off max_workers:0 =====
SELECT * FROM s_1 ORDER BY a, b LIMIT 10000
                                                           QUERY PLAN                                                            
---------------------------------------------------------------------------------------------------------------------------------
 Limit  (cost=87933.56..87933.56 rows=1 width=20) (actual time=127.479..127.479 rows=0 loops=1)
   ->  Limit  (cost=87808.56..87833.56 rows=10000 width=20) (actual time=126.254..127.202 rows=10000 loops=1)
         ->  Sort  (cost=87808.56..90308.56 rows=1000000 width=20) (actual time=126.254..126.660 rows=10000 loops=1)
               Sort Key: s_1.a, s_1.b
               Sort Method: top-N heapsort  Memory: 1579kB
               ->  Seq Scan on s_1  (cost=0.00..16370.00 rows=1000000 width=20) (actual time=0.007..50.274 rows=1000000 loops=1)
 Planning time: 0.268 ms
 Execution time: 127.607 ms
(8 rows)

===== 270 [Wed Mar  7 03:01:23 CET 2018] scale:1000000 groups:1000 work_mem:128MB incremental:off max_workers:0 =====
SELECT * FROM s_2 ORDER BY a, b, c LIMIT 10000
                                                           QUERY PLAN                                                            
---------------------------------------------------------------------------------------------------------------------------------
 Limit  (cost=87933.56..87933.56 rows=1 width=20) (actual time=127.981..127.981 rows=0 loops=1)
   ->  Limit  (cost=87808.56..87833.56 rows=10000 width=20) (actual time=126.775..127.706 rows=10000 loops=1)
         ->  Sort  (cost=87808.56..90308.56 rows=1000000 width=20) (actual time=126.774..127.163 rows=10000 loops=1)
               Sort Key: s_2.a, s_2.b, s_2.c
               Sort Method: top-N heapsort  Memory: 1550kB
               ->  Seq Scan on s_2  (cost=0.00..16370.00 rows=1000000 width=20) (actual time=0.007..50.328 rows=1000000 loops=1)
 Planning time: 0.280 ms
 Execution time: 128.109 ms
(8 rows)

===== 271 [Wed Mar  7 03:01:24 CET 2018] scale:1000000 groups:1000 work_mem:128MB incremental:off max_workers:0 =====
SELECT * FROM s_3 ORDER BY a, b, c, d LIMIT 10000
                                                           QUERY PLAN                                                            
---------------------------------------------------------------------------------------------------------------------------------
 Limit  (cost=87933.56..87933.56 rows=1 width=20) (actual time=129.878..129.878 rows=0 loops=1)
   ->  Limit  (cost=87808.56..87833.56 rows=10000 width=20) (actual time=128.672..129.601 rows=10000 loops=1)
         ->  Sort  (cost=87808.56..90308.56 rows=1000000 width=20) (actual time=128.672..129.059 rows=10000 loops=1)
               Sort Key: s_3.a, s_3.b, s_3.c, s_3.d
               Sort Method: top-N heapsort  Memory: 1550kB
               ->  Seq Scan on s_3  (cost=0.00..16370.00 rows=1000000 width=20) (actual time=0.007..49.814 rows=1000000 loops=1)
 Planning time: 0.271 ms
 Execution time: 130.007 ms
(8 rows)

===== 272 [Wed Mar  7 03:01:24 CET 2018] scale:1000000 groups:1000 work_mem:128MB incremental:off max_workers:0 =====
SELECT * FROM s_4 ORDER BY a, b, c, d, e LIMIT 10000
                                                           QUERY PLAN                                                            
---------------------------------------------------------------------------------------------------------------------------------
 Limit  (cost=87933.56..87933.56 rows=1 width=20) (actual time=129.115..129.115 rows=0 loops=1)
   ->  Limit  (cost=87808.56..87833.56 rows=10000 width=20) (actual time=127.899..128.841 rows=10000 loops=1)
         ->  Sort  (cost=87808.56..90308.56 rows=1000000 width=20) (actual time=127.898..128.281 rows=10000 loops=1)
               Sort Key: s_4.a, s_4.b, s_4.c, s_4.d, s_4.e
               Sort Method: top-N heapsort  Memory: 1550kB
               ->  Seq Scan on s_4  (cost=0.00..16370.00 rows=1000000 width=20) (actual time=0.013..49.688 rows=1000000 loops=1)
 Planning time: 0.270 ms
 Execution time: 129.244 ms
(8 rows)

===== 273 [Wed Mar  7 03:01:25 CET 2018] scale:1000000 groups:1000 work_mem:256MB incremental:on max_workers:0 =====
SELECT * FROM s_1 ORDER BY a, b LIMIT 10000
                                                                   QUERY PLAN                                                                   
------------------------------------------------------------------------------------------------------------------------------------------------
 Limit  (cost=365.11..365.11 rows=1 width=20) (actual time=5.543..5.543 rows=0 loops=1)
   ->  Limit  (cost=82.52..265.11 rows=10000 width=20) (actual time=0.284..5.269 rows=10000 loops=1)
         ->  Incremental Sort  (cost=82.52..18342.19 rows=1000000 width=20) (actual time=0.284..4.720 rows=10000 loops=1)
               Sort Key: s_1.a, s_1.b
               Presorted Key: s_1.a
               Sort Method: quicksort  Memory: 131kB
               Sort Groups: 11
               ->  Index Scan using s_1_a_idx on s_1  (cost=0.42..32353.42 rows=1000000 width=20) (actual time=0.012..1.323 rows=10555 loops=1)
 Planning time: 0.286 ms
 Execution time: 5.570 ms
(10 rows)

===== 274 [Wed Mar  7 03:01:25 CET 2018] scale:1000000 groups:1000 work_mem:256MB incremental:on max_workers:0 =====
SELECT * FROM s_2 ORDER BY a, b, c LIMIT 10000
                                                                    QUERY PLAN                                                                    
--------------------------------------------------------------------------------------------------------------------------------------------------
 Limit  (cost=301.72..301.72 rows=1 width=20) (actual time=4.080..4.080 rows=0 loops=1)
   ->  Limit  (cost=1.00..201.72 rows=10000 width=20) (actual time=0.057..3.802 rows=10000 loops=1)
         ->  Incremental Sort  (cost=1.00..20073.64 rows=1000000 width=20) (actual time=0.057..3.250 rows=10000 loops=1)
               Sort Key: s_2.a, s_2.b, s_2.c
               Presorted Key: s_2.a, s_2.b
               Sort Method: quicksort  Memory: 27kB
               Sort Groups: 309
               ->  Index Scan using s_2_a_b_idx on s_2  (cost=0.42..40712.74 rows=1000000 width=20) (actual time=0.010..1.214 rows=10008 loops=1)
 Planning time: 0.282 ms
 Execution time: 4.105 ms
(10 rows)

===== 275 [Wed Mar  7 03:01:25 CET 2018] scale:1000000 groups:1000 work_mem:256MB incremental:on max_workers:0 =====
SELECT * FROM s_3 ORDER BY a, b, c, d LIMIT 10000
                                                                     QUERY PLAN                                                                     
----------------------------------------------------------------------------------------------------------------------------------------------------
 Limit  (cost=302.21..302.21 rows=1 width=20) (actual time=3.461..3.461 rows=0 loops=1)
   ->  Limit  (cost=1.04..202.21 rows=10000 width=20) (actual time=0.061..3.183 rows=10000 loops=1)
         ->  Incremental Sort  (cost=1.04..20117.96 rows=1000000 width=20) (actual time=0.061..2.636 rows=10000 loops=1)
               Sort Key: s_3.a, s_3.b, s_3.c, s_3.d
               Presorted Key: s_3.a, s_3.b, s_3.c
               Sort Method: quicksort  Memory: 27kB
               Sort Groups: 313
               ->  Index Scan using s_3_a_b_c_idx on s_3  (cost=0.42..45144.74 rows=1000000 width=20) (actual time=0.012..1.242 rows=10017 loops=1)
 Planning time: 0.289 ms
 Execution time: 3.484 ms
(10 rows)

===== 276 [Wed Mar  7 03:01:25 CET 2018] scale:1000000 groups:1000 work_mem:256MB incremental:on max_workers:0 =====
SELECT * FROM s_4 ORDER BY a, b, c, d, e LIMIT 10000
                                                                      QUERY PLAN                                                                      
------------------------------------------------------------------------------------------------------------------------------------------------------
 Limit  (cost=302.21..302.21 rows=1 width=20) (actual time=3.479..3.479 rows=0 loops=1)
   ->  Limit  (cost=1.04..202.21 rows=10000 width=20) (actual time=0.068..3.203 rows=10000 loops=1)
         ->  Incremental Sort  (cost=1.04..20117.96 rows=1000000 width=20) (actual time=0.068..2.654 rows=10000 loops=1)
               Sort Key: s_4.a, s_4.b, s_4.c, s_4.d, s_4.e
               Presorted Key: s_4.a, s_4.b, s_4.c, s_4.d
               Sort Method: quicksort  Memory: 27kB
               Sort Groups: 313
               ->  Index Scan using s_4_a_b_c_d_idx on s_4  (cost=0.42..45144.74 rows=1000000 width=20) (actual time=0.019..1.252 rows=10017 loops=1)
 Planning time: 0.281 ms
 Execution time: 3.502 ms
(10 rows)

===== 277 [Wed Mar  7 03:01:25 CET 2018] scale:1000000 groups:1000 work_mem:256MB incremental:off max_workers:0 =====
SELECT * FROM s_1 ORDER BY a, b LIMIT 10000
                                                           QUERY PLAN                                                            
---------------------------------------------------------------------------------------------------------------------------------
 Limit  (cost=87933.56..87933.56 rows=1 width=20) (actual time=127.526..127.526 rows=0 loops=1)
   ->  Limit  (cost=87808.56..87833.56 rows=10000 width=20) (actual time=126.302..127.251 rows=10000 loops=1)
         ->  Sort  (cost=87808.56..90308.56 rows=1000000 width=20) (actual time=126.302..126.704 rows=10000 loops=1)
               Sort Key: s_1.a, s_1.b
               Sort Method: top-N heapsort  Memory: 1579kB
               ->  Seq Scan on s_1  (cost=0.00..16370.00 rows=1000000 width=20) (actual time=0.007..50.280 rows=1000000 loops=1)
 Planning time: 0.268 ms
 Execution time: 127.654 ms
(8 rows)

===== 278 [Wed Mar  7 03:01:26 CET 2018] scale:1000000 groups:1000 work_mem:256MB incremental:off max_workers:0 =====
SELECT * FROM s_2 ORDER BY a, b, c LIMIT 10000
                                                           QUERY PLAN                                                            
---------------------------------------------------------------------------------------------------------------------------------
 Limit  (cost=87933.56..87933.56 rows=1 width=20) (actual time=128.017..128.017 rows=0 loops=1)
   ->  Limit  (cost=87808.56..87833.56 rows=10000 width=20) (actual time=126.812..127.739 rows=10000 loops=1)
         ->  Sort  (cost=87808.56..90308.56 rows=1000000 width=20) (actual time=126.812..127.195 rows=10000 loops=1)
               Sort Key: s_2.a, s_2.b, s_2.c
               Sort Method: top-N heapsort  Memory: 1550kB
               ->  Seq Scan on s_2  (cost=0.00..16370.00 rows=1000000 width=20) (actual time=0.007..50.347 rows=1000000 loops=1)
 Planning time: 0.277 ms
 Execution time: 128.147 ms
(8 rows)

===== 279 [Wed Mar  7 03:01:26 CET 2018] scale:1000000 groups:1000 work_mem:256MB incremental:off max_workers:0 =====
SELECT * FROM s_3 ORDER BY a, b, c, d LIMIT 10000
                                                           QUERY PLAN                                                            
---------------------------------------------------------------------------------------------------------------------------------
 Limit  (cost=87933.56..87933.56 rows=1 width=20) (actual time=129.912..129.912 rows=0 loops=1)
   ->  Limit  (cost=87808.56..87833.56 rows=10000 width=20) (actual time=128.707..129.636 rows=10000 loops=1)
         ->  Sort  (cost=87808.56..90308.56 rows=1000000 width=20) (actual time=128.706..129.092 rows=10000 loops=1)
               Sort Key: s_3.a, s_3.b, s_3.c, s_3.d
               Sort Method: top-N heapsort  Memory: 1550kB
               ->  Seq Scan on s_3  (cost=0.00..16370.00 rows=1000000 width=20) (actual time=0.007..49.804 rows=1000000 loops=1)
 Planning time: 0.277 ms
 Execution time: 130.040 ms
(8 rows)

===== 280 [Wed Mar  7 03:01:27 CET 2018] scale:1000000 groups:1000 work_mem:256MB incremental:off max_workers:0 =====
SELECT * FROM s_4 ORDER BY a, b, c, d, e LIMIT 10000
                                                           QUERY PLAN                                                            
---------------------------------------------------------------------------------------------------------------------------------
 Limit  (cost=87933.56..87933.56 rows=1 width=20) (actual time=129.214..129.214 rows=0 loops=1)
   ->  Limit  (cost=87808.56..87833.56 rows=10000 width=20) (actual time=127.996..128.939 rows=10000 loops=1)
         ->  Sort  (cost=87808.56..90308.56 rows=1000000 width=20) (actual time=127.995..128.382 rows=10000 loops=1)
               Sort Key: s_4.a, s_4.b, s_4.c, s_4.d, s_4.e
               Sort Method: top-N heapsort  Memory: 1550kB
               ->  Seq Scan on s_4  (cost=0.00..16370.00 rows=1000000 width=20) (actual time=0.013..49.765 rows=1000000 loops=1)
 Planning time: 0.272 ms
 Execution time: 129.344 ms
(8 rows)

===== 281 [Wed Mar  7 03:01:28 CET 2018] scale:1000000 groups:1000 work_mem:4MB incremental:on max_workers:2 =====
SELECT * FROM s_1 ORDER BY a, b LIMIT 10000
                                                                   QUERY PLAN                                                                   
------------------------------------------------------------------------------------------------------------------------------------------------
 Limit  (cost=365.11..365.11 rows=1 width=20) (actual time=5.541..5.541 rows=0 loops=1)
   ->  Limit  (cost=82.52..265.11 rows=10000 width=20) (actual time=0.282..5.266 rows=10000 loops=1)
         ->  Incremental Sort  (cost=82.52..18342.19 rows=1000000 width=20) (actual time=0.281..4.718 rows=10000 loops=1)
               Sort Key: s_1.a, s_1.b
               Presorted Key: s_1.a
               Sort Method: quicksort  Memory: 131kB
               Sort Groups: 11
               ->  Index Scan using s_1_a_idx on s_1  (cost=0.42..32353.42 rows=1000000 width=20) (actual time=0.012..1.309 rows=10555 loops=1)
 Planning time: 0.293 ms
 Execution time: 5.571 ms
(10 rows)

===== 282 [Wed Mar  7 03:01:28 CET 2018] scale:1000000 groups:1000 work_mem:4MB incremental:on max_workers:2 =====
SELECT * FROM s_2 ORDER BY a, b, c LIMIT 10000
                                                                    QUERY PLAN                                                                    
--------------------------------------------------------------------------------------------------------------------------------------------------
 Limit  (cost=301.72..301.72 rows=1 width=20) (actual time=4.060..4.060 rows=0 loops=1)
   ->  Limit  (cost=1.00..201.72 rows=10000 width=20) (actual time=0.055..3.784 rows=10000 loops=1)
         ->  Incremental Sort  (cost=1.00..20073.64 rows=1000000 width=20) (actual time=0.055..3.231 rows=10000 loops=1)
               Sort Key: s_2.a, s_2.b, s_2.c
               Presorted Key: s_2.a, s_2.b
               Sort Method: quicksort  Memory: 27kB
               Sort Groups: 309
               ->  Index Scan using s_2_a_b_idx on s_2  (cost=0.42..40712.74 rows=1000000 width=20) (actual time=0.010..1.202 rows=10008 loops=1)
 Planning time: 0.290 ms
 Execution time: 4.085 ms
(10 rows)

===== 283 [Wed Mar  7 03:01:28 CET 2018] scale:1000000 groups:1000 work_mem:4MB incremental:on max_workers:2 =====
SELECT * FROM s_3 ORDER BY a, b, c, d LIMIT 10000
                                                                     QUERY PLAN                                                                     
----------------------------------------------------------------------------------------------------------------------------------------------------
 Limit  (cost=302.21..302.21 rows=1 width=20) (actual time=3.480..3.480 rows=0 loops=1)
   ->  Limit  (cost=1.04..202.21 rows=10000 width=20) (actual time=0.064..3.204 rows=10000 loops=1)
         ->  Incremental Sort  (cost=1.04..20117.96 rows=1000000 width=20) (actual time=0.064..2.655 rows=10000 loops=1)
               Sort Key: s_3.a, s_3.b, s_3.c, s_3.d
               Presorted Key: s_3.a, s_3.b, s_3.c
               Sort Method: quicksort  Memory: 27kB
               Sort Groups: 313
               ->  Index Scan using s_3_a_b_c_idx on s_3  (cost=0.42..45144.74 rows=1000000 width=20) (actual time=0.012..1.249 rows=10017 loops=1)
 Planning time: 0.293 ms
 Execution time: 3.502 ms
(10 rows)

===== 284 [Wed Mar  7 03:01:28 CET 2018] scale:1000000 groups:1000 work_mem:4MB incremental:on max_workers:2 =====
SELECT * FROM s_4 ORDER BY a, b, c, d, e LIMIT 10000
                                                                      QUERY PLAN                                                                      
------------------------------------------------------------------------------------------------------------------------------------------------------
 Limit  (cost=302.21..302.21 rows=1 width=20) (actual time=3.479..3.479 rows=0 loops=1)
   ->  Limit  (cost=1.04..202.21 rows=10000 width=20) (actual time=0.066..3.202 rows=10000 loops=1)
         ->  Incremental Sort  (cost=1.04..20117.96 rows=1000000 width=20) (actual time=0.066..2.647 rows=10000 loops=1)
               Sort Key: s_4.a, s_4.b, s_4.c, s_4.d, s_4.e
               Presorted Key: s_4.a, s_4.b, s_4.c, s_4.d
               Sort Method: quicksort  Memory: 27kB
               Sort Groups: 313
               ->  Index Scan using s_4_a_b_c_d_idx on s_4  (cost=0.42..45144.74 rows=1000000 width=20) (actual time=0.018..1.252 rows=10017 loops=1)
 Planning time: 0.287 ms
 Execution time: 3.502 ms
(10 rows)

===== 285 [Wed Mar  7 03:01:28 CET 2018] scale:1000000 groups:1000 work_mem:4MB incremental:off max_workers:2 =====
SELECT * FROM s_1 ORDER BY a, b LIMIT 10000
                                                                  QUERY PLAN                                                                  
----------------------------------------------------------------------------------------------------------------------------------------------
 Limit  (cost=42569.53..42569.53 rows=1 width=20) (actual time=51.377..51.377 rows=0 loops=1)
   ->  Limit  (cost=41302.78..42469.53 rows=10000 width=20) (actual time=49.148..51.097 rows=10000 loops=1)
         ->  Gather Merge  (cost=41302.78..138531.87 rows=833334 width=20) (actual time=49.148..50.530 rows=10000 loops=1)
               Workers Planned: 2
               Workers Launched: 2
               ->  Sort  (cost=40302.76..41344.43 rows=416667 width=20) (actual time=47.262..47.435 rows=4113 loops=3)
                     Sort Key: s_1.a, s_1.b
                     Sort Method: top-N heapsort  Memory: 1579kB
                     Worker 0:  Sort Method: top-N heapsort  Memory: 1553kB
                     Worker 1:  Sort Method: top-N heapsort  Memory: 1558kB
                     ->  Parallel Seq Scan on s_1  (cost=0.00..10536.67 rows=416667 width=20) (actual time=0.006..18.425 rows=333333 loops=3)
 Planning time: 0.277 ms
 Execution time: 53.303 ms
(13 rows)

===== 286 [Wed Mar  7 03:01:28 CET 2018] scale:1000000 groups:1000 work_mem:4MB incremental:off max_workers:2 =====
SELECT * FROM s_2 ORDER BY a, b, c LIMIT 10000
                                                                  QUERY PLAN                                                                  
----------------------------------------------------------------------------------------------------------------------------------------------
 Limit  (cost=42569.53..42569.53 rows=1 width=20) (actual time=51.169..51.169 rows=0 loops=1)
   ->  Limit  (cost=41302.78..42469.53 rows=10000 width=20) (actual time=48.962..50.886 rows=10000 loops=1)
         ->  Gather Merge  (cost=41302.78..138531.87 rows=833334 width=20) (actual time=48.962..50.324 rows=10000 loops=1)
               Workers Planned: 2
               Workers Launched: 2
               ->  Sort  (cost=40302.76..41344.43 rows=416667 width=20) (actual time=47.442..47.609 rows=4113 loops=3)
                     Sort Key: s_2.a, s_2.b, s_2.c
                     Sort Method: top-N heapsort  Memory: 1550kB
                     Worker 0:  Sort Method: top-N heapsort  Memory: 1550kB
                     Worker 1:  Sort Method: top-N heapsort  Memory: 1550kB
                     ->  Parallel Seq Scan on s_2  (cost=0.00..10536.67 rows=416667 width=20) (actual time=0.008..18.506 rows=333333 loops=3)
 Planning time: 0.285 ms
 Execution time: 53.234 ms
(13 rows)

===== 287 [Wed Mar  7 03:01:29 CET 2018] scale:1000000 groups:1000 work_mem:4MB incremental:off max_workers:2 =====
SELECT * FROM s_3 ORDER BY a, b, c, d LIMIT 10000
                                                                  QUERY PLAN                                                                  
----------------------------------------------------------------------------------------------------------------------------------------------
 Limit  (cost=42569.53..42569.53 rows=1 width=20) (actual time=51.568..51.568 rows=0 loops=1)
   ->  Limit  (cost=41302.78..42469.53 rows=10000 width=20) (actual time=49.292..51.285 rows=10000 loops=1)
         ->  Gather Merge  (cost=41302.78..138531.87 rows=833334 width=20) (actual time=49.292..50.723 rows=10000 loops=1)
               Workers Planned: 2
               Workers Launched: 2
               ->  Sort  (cost=40302.76..41344.43 rows=416667 width=20) (actual time=47.766..47.935 rows=4113 loops=3)
                     Sort Key: s_3.a, s_3.b, s_3.c, s_3.d
                     Sort Method: top-N heapsort  Memory: 1550kB
                     Worker 0:  Sort Method: top-N heapsort  Memory: 1550kB
                     Worker 1:  Sort Method: top-N heapsort  Memory: 1550kB
                     ->  Parallel Seq Scan on s_3  (cost=0.00..10536.67 rows=416667 width=20) (actual time=0.008..18.573 rows=333333 loops=3)
 Planning time: 0.291 ms
 Execution time: 53.676 ms
(13 rows)

===== 288 [Wed Mar  7 03:01:29 CET 2018] scale:1000000 groups:1000 work_mem:4MB incremental:off max_workers:2 =====
SELECT * FROM s_4 ORDER BY a, b, c, d, e LIMIT 10000
                                                                  QUERY PLAN                                                                  
----------------------------------------------------------------------------------------------------------------------------------------------
 Limit  (cost=42569.53..42569.53 rows=1 width=20) (actual time=51.455..51.455 rows=0 loops=1)
   ->  Limit  (cost=41302.78..42469.53 rows=10000 width=20) (actual time=49.220..51.181 rows=10000 loops=1)
         ->  Gather Merge  (cost=41302.78..138531.87 rows=833334 width=20) (actual time=49.220..50.627 rows=10000 loops=1)
               Workers Planned: 2
               Workers Launched: 2
               ->  Sort  (cost=40302.76..41344.43 rows=416667 width=20) (actual time=47.711..47.879 rows=4113 loops=3)
                     Sort Key: s_4.a, s_4.b, s_4.c, s_4.d, s_4.e
                     Sort Method: top-N heapsort  Memory: 1550kB
                     Worker 0:  Sort Method: top-N heapsort  Memory: 1550kB
                     Worker 1:  Sort Method: top-N heapsort  Memory: 1550kB
                     ->  Parallel Seq Scan on s_4  (cost=0.00..10536.67 rows=416667 width=20) (actual time=0.011..18.617 rows=333333 loops=3)
 Planning time: 0.285 ms
 Execution time: 53.572 ms
(13 rows)

===== 289 [Wed Mar  7 03:01:29 CET 2018] scale:1000000 groups:1000 work_mem:8MB incremental:on max_workers:2 =====
SELECT * FROM s_1 ORDER BY a, b LIMIT 10000
                                                                   QUERY PLAN                                                                   
------------------------------------------------------------------------------------------------------------------------------------------------
 Limit  (cost=365.11..365.11 rows=1 width=20) (actual time=5.550..5.550 rows=0 loops=1)
   ->  Limit  (cost=82.52..265.11 rows=10000 width=20) (actual time=0.291..5.274 rows=10000 loops=1)
         ->  Incremental Sort  (cost=82.52..18342.19 rows=1000000 width=20) (actual time=0.291..4.720 rows=10000 loops=1)
               Sort Key: s_1.a, s_1.b
               Presorted Key: s_1.a
               Sort Method: quicksort  Memory: 131kB
               Sort Groups: 11
               ->  Index Scan using s_1_a_idx on s_1  (cost=0.42..32353.42 rows=1000000 width=20) (actual time=0.012..1.311 rows=10555 loops=1)
 Planning time: 0.278 ms
 Execution time: 5.579 ms
(10 rows)

===== 290 [Wed Mar  7 03:01:29 CET 2018] scale:1000000 groups:1000 work_mem:8MB incremental:on max_workers:2 =====
SELECT * FROM s_2 ORDER BY a, b, c LIMIT 10000
                                                                    QUERY PLAN                                                                    
--------------------------------------------------------------------------------------------------------------------------------------------------
 Limit  (cost=301.72..301.72 rows=1 width=20) (actual time=4.058..4.058 rows=0 loops=1)
   ->  Limit  (cost=1.00..201.72 rows=10000 width=20) (actual time=0.055..3.782 rows=10000 loops=1)
         ->  Incremental Sort  (cost=1.00..20073.64 rows=1000000 width=20) (actual time=0.054..3.230 rows=10000 loops=1)
               Sort Key: s_2.a, s_2.b, s_2.c
               Presorted Key: s_2.a, s_2.b
               Sort Method: quicksort  Memory: 27kB
               Sort Groups: 309
               ->  Index Scan using s_2_a_b_idx on s_2  (cost=0.42..40712.74 rows=1000000 width=20) (actual time=0.009..1.196 rows=10008 loops=1)
 Planning time: 0.290 ms
 Execution time: 4.081 ms
(10 rows)

===== 291 [Wed Mar  7 03:01:30 CET 2018] scale:1000000 groups:1000 work_mem:8MB incremental:on max_workers:2 =====
SELECT * FROM s_3 ORDER BY a, b, c, d LIMIT 10000
                                                                     QUERY PLAN                                                                     
----------------------------------------------------------------------------------------------------------------------------------------------------
 Limit  (cost=302.21..302.21 rows=1 width=20) (actual time=3.479..3.479 rows=0 loops=1)
   ->  Limit  (cost=1.04..202.21 rows=10000 width=20) (actual time=0.060..3.197 rows=10000 loops=1)
         ->  Incremental Sort  (cost=1.04..20117.96 rows=1000000 width=20) (actual time=0.060..2.648 rows=10000 loops=1)
               Sort Key: s_3.a, s_3.b, s_3.c, s_3.d
               Presorted Key: s_3.a, s_3.b, s_3.c
               Sort Method: quicksort  Memory: 27kB
               Sort Groups: 313
               ->  Index Scan using s_3_a_b_c_idx on s_3  (cost=0.42..45144.74 rows=1000000 width=20) (actual time=0.012..1.248 rows=10017 loops=1)
 Planning time: 0.296 ms
 Execution time: 3.508 ms
(10 rows)

===== 292 [Wed Mar  7 03:01:30 CET 2018] scale:1000000 groups:1000 work_mem:8MB incremental:on max_workers:2 =====
SELECT * FROM s_4 ORDER BY a, b, c, d, e LIMIT 10000
                                                                      QUERY PLAN                                                                      
------------------------------------------------------------------------------------------------------------------------------------------------------
 Limit  (cost=302.21..302.21 rows=1 width=20) (actual time=3.484..3.484 rows=0 loops=1)
   ->  Limit  (cost=1.04..202.21 rows=10000 width=20) (actual time=0.065..3.207 rows=10000 loops=1)
         ->  Incremental Sort  (cost=1.04..20117.96 rows=1000000 width=20) (actual time=0.065..2.659 rows=10000 loops=1)
               Sort Key: s_4.a, s_4.b, s_4.c, s_4.d, s_4.e
               Presorted Key: s_4.a, s_4.b, s_4.c, s_4.d
               Sort Method: quicksort  Memory: 27kB
               Sort Groups: 313
               ->  Index Scan using s_4_a_b_c_d_idx on s_4  (cost=0.42..45144.74 rows=1000000 width=20) (actual time=0.018..1.258 rows=10017 loops=1)
 Planning time: 0.287 ms
 Execution time: 3.505 ms
(10 rows)

===== 293 [Wed Mar  7 03:01:30 CET 2018] scale:1000000 groups:1000 work_mem:8MB incremental:off max_workers:2 =====
SELECT * FROM s_1 ORDER BY a, b LIMIT 10000
                                                                  QUERY PLAN                                                                  
----------------------------------------------------------------------------------------------------------------------------------------------
 Limit  (cost=42569.53..42569.53 rows=1 width=20) (actual time=51.082..51.082 rows=0 loops=1)
   ->  Limit  (cost=41302.78..42469.53 rows=10000 width=20) (actual time=48.863..50.805 rows=10000 loops=1)
         ->  Gather Merge  (cost=41302.78..138531.87 rows=833334 width=20) (actual time=48.863..50.241 rows=10000 loops=1)
               Workers Planned: 2
               Workers Launched: 2
               ->  Sort  (cost=40302.76..41344.43 rows=416667 width=20) (actual time=47.300..47.472 rows=4113 loops=3)
                     Sort Key: s_1.a, s_1.b
                     Sort Method: top-N heapsort  Memory: 1579kB
                     Worker 0:  Sort Method: top-N heapsort  Memory: 1564kB
                     Worker 1:  Sort Method: top-N heapsort  Memory: 1561kB
                     ->  Parallel Seq Scan on s_1  (cost=0.00..10536.67 rows=416667 width=20) (actual time=0.006..18.460 rows=333333 loops=3)
 Planning time: 0.298 ms
 Execution time: 53.144 ms
(13 rows)

===== 294 [Wed Mar  7 03:01:30 CET 2018] scale:1000000 groups:1000 work_mem:8MB incremental:off max_workers:2 =====
SELECT * FROM s_2 ORDER BY a, b, c LIMIT 10000
                                                                  QUERY PLAN                                                                  
----------------------------------------------------------------------------------------------------------------------------------------------
 Limit  (cost=42569.53..42569.53 rows=1 width=20) (actual time=51.112..51.112 rows=0 loops=1)
   ->  Limit  (cost=41302.78..42469.53 rows=10000 width=20) (actual time=48.899..50.826 rows=10000 loops=1)
         ->  Gather Merge  (cost=41302.78..138531.87 rows=833334 width=20) (actual time=48.899..50.269 rows=10000 loops=1)
               Workers Planned: 2
               Workers Launched: 2
               ->  Sort  (cost=40302.76..41344.43 rows=416667 width=20) (actual time=47.408..47.576 rows=4113 loops=3)
                     Sort Key: s_2.a, s_2.b, s_2.c
                     Sort Method: top-N heapsort  Memory: 1550kB
                     Worker 0:  Sort Method: top-N heapsort  Memory: 1550kB
                     Worker 1:  Sort Method: top-N heapsort  Memory: 1550kB
                     ->  Parallel Seq Scan on s_2  (cost=0.00..10536.67 rows=416667 width=20) (actual time=0.008..18.468 rows=333333 loops=3)
 Planning time: 0.295 ms
 Execution time: 53.209 ms
(13 rows)

===== 295 [Wed Mar  7 03:01:30 CET 2018] scale:1000000 groups:1000 work_mem:8MB incremental:off max_workers:2 =====
SELECT * FROM s_3 ORDER BY a, b, c, d LIMIT 10000
                                                                  QUERY PLAN                                                                  
----------------------------------------------------------------------------------------------------------------------------------------------
 Limit  (cost=42569.53..42569.53 rows=1 width=20) (actual time=51.506..51.506 rows=0 loops=1)
   ->  Limit  (cost=41302.78..42469.53 rows=10000 width=20) (actual time=49.312..51.225 rows=10000 loops=1)
         ->  Gather Merge  (cost=41302.78..138531.87 rows=833334 width=20) (actual time=49.311..50.670 rows=10000 loops=1)
               Workers Planned: 2
               Workers Launched: 2
               ->  Sort  (cost=40302.76..41344.43 rows=416667 width=20) (actual time=47.780..47.946 rows=4113 loops=3)
                     Sort Key: s_3.a, s_3.b, s_3.c, s_3.d
                     Sort Method: top-N heapsort  Memory: 1550kB
                     Worker 0:  Sort Method: top-N heapsort  Memory: 1550kB
                     Worker 1:  Sort Method: top-N heapsort  Memory: 1550kB
                     ->  Parallel Seq Scan on s_3  (cost=0.00..10536.67 rows=416667 width=20) (actual time=0.008..18.586 rows=333333 loops=3)
 Planning time: 0.299 ms
 Execution time: 53.633 ms
(13 rows)

===== 296 [Wed Mar  7 03:01:31 CET 2018] scale:1000000 groups:1000 work_mem:8MB incremental:off max_workers:2 =====
SELECT * FROM s_4 ORDER BY a, b, c, d, e LIMIT 10000
                                                                  QUERY PLAN                                                                  
----------------------------------------------------------------------------------------------------------------------------------------------
 Limit  (cost=42569.53..42569.53 rows=1 width=20) (actual time=51.476..51.476 rows=0 loops=1)
   ->  Limit  (cost=41302.78..42469.53 rows=10000 width=20) (actual time=49.242..51.192 rows=10000 loops=1)
         ->  Gather Merge  (cost=41302.78..138531.87 rows=833334 width=20) (actual time=49.242..50.631 rows=10000 loops=1)
               Workers Planned: 2
               Workers Launched: 2
               ->  Sort  (cost=40302.76..41344.43 rows=416667 width=20) (actual time=47.711..47.879 rows=4113 loops=3)
                     Sort Key: s_4.a, s_4.b, s_4.c, s_4.d, s_4.e
                     Sort Method: top-N heapsort  Memory: 1550kB
                     Worker 0:  Sort Method: top-N heapsort  Memory: 1550kB
                     Worker 1:  Sort Method: top-N heapsort  Memory: 1550kB
                     ->  Parallel Seq Scan on s_4  (cost=0.00..10536.67 rows=416667 width=20) (actual time=0.010..18.616 rows=333333 loops=3)
 Planning time: 0.282 ms
 Execution time: 53.609 ms
(13 rows)

===== 297 [Wed Mar  7 03:01:31 CET 2018] scale:1000000 groups:1000 work_mem:16MB incremental:on max_workers:2 =====
SELECT * FROM s_1 ORDER BY a, b LIMIT 10000
                                                                   QUERY PLAN                                                                   
------------------------------------------------------------------------------------------------------------------------------------------------
 Limit  (cost=365.11..365.11 rows=1 width=20) (actual time=5.550..5.550 rows=0 loops=1)
   ->  Limit  (cost=82.52..265.11 rows=10000 width=20) (actual time=0.281..5.275 rows=10000 loops=1)
         ->  Incremental Sort  (cost=82.52..18342.19 rows=1000000 width=20) (actual time=0.281..4.712 rows=10000 loops=1)
               Sort Key: s_1.a, s_1.b
               Presorted Key: s_1.a
               Sort Method: quicksort  Memory: 131kB
               Sort Groups: 11
               ->  Index Scan using s_1_a_idx on s_1  (cost=0.42..32353.42 rows=1000000 width=20) (actual time=0.013..1.311 rows=10555 loops=1)
 Planning time: 0.275 ms
 Execution time: 5.578 ms
(10 rows)

===== 298 [Wed Mar  7 03:01:31 CET 2018] scale:1000000 groups:1000 work_mem:16MB incremental:on max_workers:2 =====
SELECT * FROM s_2 ORDER BY a, b, c LIMIT 10000
                                                                    QUERY PLAN                                                                    
--------------------------------------------------------------------------------------------------------------------------------------------------
 Limit  (cost=301.72..301.72 rows=1 width=20) (actual time=4.064..4.064 rows=0 loops=1)
   ->  Limit  (cost=1.00..201.72 rows=10000 width=20) (actual time=0.056..3.787 rows=10000 loops=1)
         ->  Incremental Sort  (cost=1.00..20073.64 rows=1000000 width=20) (actual time=0.056..3.232 rows=10000 loops=1)
               Sort Key: s_2.a, s_2.b, s_2.c
               Presorted Key: s_2.a, s_2.b
               Sort Method: quicksort  Memory: 27kB
               Sort Groups: 309
               ->  Index Scan using s_2_a_b_idx on s_2  (cost=0.42..40712.74 rows=1000000 width=20) (actual time=0.009..1.196 rows=10008 loops=1)
 Planning time: 0.287 ms
 Execution time: 4.087 ms
(10 rows)

===== 299 [Wed Mar  7 03:01:31 CET 2018] scale:1000000 groups:1000 work_mem:16MB incremental:on max_workers:2 =====
SELECT * FROM s_3 ORDER BY a, b, c, d LIMIT 10000
                                                                     QUERY PLAN                                                                     
----------------------------------------------------------------------------------------------------------------------------------------------------
 Limit  (cost=302.21..302.21 rows=1 width=20) (actual time=3.485..3.485 rows=0 loops=1)
   ->  Limit  (cost=1.04..202.21 rows=10000 width=20) (actual time=0.059..3.208 rows=10000 loops=1)
         ->  Incremental Sort  (cost=1.04..20117.96 rows=1000000 width=20) (actual time=0.058..2.659 rows=10000 loops=1)
               Sort Key: s_3.a, s_3.b, s_3.c, s_3.d
               Presorted Key: s_3.a, s_3.b, s_3.c
               Sort Method: quicksort  Memory: 27kB
               Sort Groups: 313
               ->  Index Scan using s_3_a_b_c_idx on s_3  (cost=0.42..45144.74 rows=1000000 width=20) (actual time=0.012..1.248 rows=10017 loops=1)
 Planning time: 0.289 ms
 Execution time: 3.507 ms
(10 rows)

===== 300 [Wed Mar  7 03:01:31 CET 2018] scale:1000000 groups:1000 work_mem:16MB incremental:on max_workers:2 =====
SELECT * FROM s_4 ORDER BY a, b, c, d, e LIMIT 10000
                                                                      QUERY PLAN                                                                      
------------------------------------------------------------------------------------------------------------------------------------------------------
 Limit  (cost=302.21..302.21 rows=1 width=20) (actual time=3.487..3.487 rows=0 loops=1)
   ->  Limit  (cost=1.04..202.21 rows=10000 width=20) (actual time=0.074..3.209 rows=10000 loops=1)
         ->  Incremental Sort  (cost=1.04..20117.96 rows=1000000 width=20) (actual time=0.074..2.660 rows=10000 loops=1)
               Sort Key: s_4.a, s_4.b, s_4.c, s_4.d, s_4.e
               Presorted Key: s_4.a, s_4.b, s_4.c, s_4.d
               Sort Method: quicksort  Memory: 27kB
               Sort Groups: 313
               ->  Index Scan using s_4_a_b_c_d_idx on s_4  (cost=0.42..45144.74 rows=1000000 width=20) (actual time=0.027..1.259 rows=10017 loops=1)
 Planning time: 0.283 ms
 Execution time: 3.510 ms
(10 rows)

===== 301 [Wed Mar  7 03:01:31 CET 2018] scale:1000000 groups:1000 work_mem:16MB incremental:off max_workers:2 =====
SELECT * FROM s_1 ORDER BY a, b LIMIT 10000
                                                                  QUERY PLAN                                                                  
----------------------------------------------------------------------------------------------------------------------------------------------
 Limit  (cost=42569.53..42569.53 rows=1 width=20) (actual time=50.579..50.579 rows=0 loops=1)
   ->  Limit  (cost=41302.78..42469.53 rows=10000 width=20) (actual time=48.354..50.302 rows=10000 loops=1)
         ->  Gather Merge  (cost=41302.78..138531.87 rows=833334 width=20) (actual time=48.353..49.740 rows=10000 loops=1)
               Workers Planned: 2
               Workers Launched: 2
               ->  Sort  (cost=40302.76..41344.43 rows=416667 width=20) (actual time=46.747..46.921 rows=4113 loops=3)
                     Sort Key: s_1.a, s_1.b
                     Sort Method: top-N heapsort  Memory: 1579kB
                     Worker 0:  Sort Method: top-N heapsort  Memory: 1556kB
                     Worker 1:  Sort Method: top-N heapsort  Memory: 1562kB
                     ->  Parallel Seq Scan on s_1  (cost=0.00..10536.67 rows=416667 width=20) (actual time=0.005..18.521 rows=333333 loops=3)
 Planning time: 0.276 ms
 Execution time: 52.654 ms
(13 rows)

===== 302 [Wed Mar  7 03:01:32 CET 2018] scale:1000000 groups:1000 work_mem:16MB incremental:off max_workers:2 =====
SELECT * FROM s_2 ORDER BY a, b, c LIMIT 10000
                                                                  QUERY PLAN                                                                  
----------------------------------------------------------------------------------------------------------------------------------------------
 Limit  (cost=42569.53..42569.53 rows=1 width=20) (actual time=51.259..51.259 rows=0 loops=1)
   ->  Limit  (cost=41302.78..42469.53 rows=10000 width=20) (actual time=49.053..50.978 rows=10000 loops=1)
         ->  Gather Merge  (cost=41302.78..138531.87 rows=833334 width=20) (actual time=49.052..50.422 rows=10000 loops=1)
               Workers Planned: 2
               Workers Launched: 2
               ->  Sort  (cost=40302.76..41344.43 rows=416667 width=20) (actual time=47.429..47.596 rows=4113 loops=3)
                     Sort Key: s_2.a, s_2.b, s_2.c
                     Sort Method: top-N heapsort  Memory: 1550kB
                     Worker 0:  Sort Method: top-N heapsort  Memory: 1550kB
                     Worker 1:  Sort Method: top-N heapsort  Memory: 1550kB
                     ->  Parallel Seq Scan on s_2  (cost=0.00..10536.67 rows=416667 width=20) (actual time=0.007..18.467 rows=333333 loops=3)
 Planning time: 0.288 ms
 Execution time: 53.338 ms
(13 rows)

===== 303 [Wed Mar  7 03:01:32 CET 2018] scale:1000000 groups:1000 work_mem:16MB incremental:off max_workers:2 =====
SELECT * FROM s_3 ORDER BY a, b, c, d LIMIT 10000
                                                                  QUERY PLAN                                                                  
----------------------------------------------------------------------------------------------------------------------------------------------
 Limit  (cost=42569.53..42569.53 rows=1 width=20) (actual time=51.452..51.452 rows=0 loops=1)
   ->  Limit  (cost=41302.78..42469.53 rows=10000 width=20) (actual time=49.255..51.171 rows=10000 loops=1)
         ->  Gather Merge  (cost=41302.78..138531.87 rows=833334 width=20) (actual time=49.255..50.617 rows=10000 loops=1)
               Workers Planned: 2
               Workers Launched: 2
               ->  Sort  (cost=40302.76..41344.43 rows=416667 width=20) (actual time=47.737..47.904 rows=4113 loops=3)
                     Sort Key: s_3.a, s_3.b, s_3.c, s_3.d
                     Sort Method: top-N heapsort  Memory: 1550kB
                     Worker 0:  Sort Method: top-N heapsort  Memory: 1550kB
                     Worker 1:  Sort Method: top-N heapsort  Memory: 1550kB
                     ->  Parallel Seq Scan on s_3  (cost=0.00..10536.67 rows=416667 width=20) (actual time=0.009..18.616 rows=333333 loops=3)
 Planning time: 0.285 ms
 Execution time: 53.573 ms
(13 rows)

===== 304 [Wed Mar  7 03:01:32 CET 2018] scale:1000000 groups:1000 work_mem:16MB incremental:off max_workers:2 =====
SELECT * FROM s_4 ORDER BY a, b, c, d, e LIMIT 10000
                                                                  QUERY PLAN                                                                  
----------------------------------------------------------------------------------------------------------------------------------------------
 Limit  (cost=42569.53..42569.53 rows=1 width=20) (actual time=51.524..51.524 rows=0 loops=1)
   ->  Limit  (cost=41302.78..42469.53 rows=10000 width=20) (actual time=49.299..51.251 rows=10000 loops=1)
         ->  Gather Merge  (cost=41302.78..138531.87 rows=833334 width=20) (actual time=49.299..50.697 rows=10000 loops=1)
               Workers Planned: 2
               Workers Launched: 2
               ->  Sort  (cost=40302.76..41344.43 rows=416667 width=20) (actual time=47.744..47.911 rows=4113 loops=3)
                     Sort Key: s_4.a, s_4.b, s_4.c, s_4.d, s_4.e
                     Sort Method: top-N heapsort  Memory: 1550kB
                     Worker 0:  Sort Method: top-N heapsort  Memory: 1550kB
                     Worker 1:  Sort Method: top-N heapsort  Memory: 1550kB
                     ->  Parallel Seq Scan on s_4  (cost=0.00..10536.67 rows=416667 width=20) (actual time=0.012..18.631 rows=333333 loops=3)
 Planning time: 0.280 ms
 Execution time: 53.621 ms
(13 rows)

===== 305 [Wed Mar  7 03:01:33 CET 2018] scale:1000000 groups:1000 work_mem:32MB incremental:on max_workers:2 =====
SELECT * FROM s_1 ORDER BY a, b LIMIT 10000
                                                                   QUERY PLAN                                                                   
------------------------------------------------------------------------------------------------------------------------------------------------
 Limit  (cost=365.11..365.11 rows=1 width=20) (actual time=5.554..5.554 rows=0 loops=1)
   ->  Limit  (cost=82.52..265.11 rows=10000 width=20) (actual time=0.287..5.278 rows=10000 loops=1)
         ->  Incremental Sort  (cost=82.52..18342.19 rows=1000000 width=20) (actual time=0.286..4.725 rows=10000 loops=1)
               Sort Key: s_1.a, s_1.b
               Presorted Key: s_1.a
               Sort Method: quicksort  Memory: 131kB
               Sort Groups: 11
               ->  Index Scan using s_1_a_idx on s_1  (cost=0.42..32353.42 rows=1000000 width=20) (actual time=0.013..1.319 rows=10555 loops=1)
 Planning time: 0.282 ms
 Execution time: 5.584 ms
(10 rows)

===== 306 [Wed Mar  7 03:01:33 CET 2018] scale:1000000 groups:1000 work_mem:32MB incremental:on max_workers:2 =====
SELECT * FROM s_2 ORDER BY a, b, c LIMIT 10000
                                                                    QUERY PLAN                                                                    
--------------------------------------------------------------------------------------------------------------------------------------------------
 Limit  (cost=301.72..301.72 rows=1 width=20) (actual time=4.065..4.065 rows=0 loops=1)
   ->  Limit  (cost=1.00..201.72 rows=10000 width=20) (actual time=0.058..3.787 rows=10000 loops=1)
         ->  Incremental Sort  (cost=1.00..20073.64 rows=1000000 width=20) (actual time=0.058..3.237 rows=10000 loops=1)
               Sort Key: s_2.a, s_2.b, s_2.c
               Presorted Key: s_2.a, s_2.b
               Sort Method: quicksort  Memory: 27kB
               Sort Groups: 309
               ->  Index Scan using s_2_a_b_idx on s_2  (cost=0.42..40712.74 rows=1000000 width=20) (actual time=0.009..1.196 rows=10008 loops=1)
 Planning time: 0.293 ms
 Execution time: 4.089 ms
(10 rows)

===== 307 [Wed Mar  7 03:01:33 CET 2018] scale:1000000 groups:1000 work_mem:32MB incremental:on max_workers:2 =====
SELECT * FROM s_3 ORDER BY a, b, c, d LIMIT 10000
                                                                     QUERY PLAN                                                                     
----------------------------------------------------------------------------------------------------------------------------------------------------
 Limit  (cost=302.21..302.21 rows=1 width=20) (actual time=3.484..3.484 rows=0 loops=1)
   ->  Limit  (cost=1.04..202.21 rows=10000 width=20) (actual time=0.059..3.208 rows=10000 loops=1)
         ->  Incremental Sort  (cost=1.04..20117.96 rows=1000000 width=20) (actual time=0.059..2.658 rows=10000 loops=1)
               Sort Key: s_3.a, s_3.b, s_3.c, s_3.d
               Presorted Key: s_3.a, s_3.b, s_3.c
               Sort Method: quicksort  Memory: 27kB
               Sort Groups: 313
               ->  Index Scan using s_3_a_b_c_idx on s_3  (cost=0.42..45144.74 rows=1000000 width=20) (actual time=0.012..1.245 rows=10017 loops=1)
 Planning time: 0.292 ms
 Execution time: 3.506 ms
(10 rows)

===== 308 [Wed Mar  7 03:01:33 CET 2018] scale:1000000 groups:1000 work_mem:32MB incremental:on max_workers:2 =====
SELECT * FROM s_4 ORDER BY a, b, c, d, e LIMIT 10000
                                                                      QUERY PLAN                                                                      
------------------------------------------------------------------------------------------------------------------------------------------------------
 Limit  (cost=302.21..302.21 rows=1 width=20) (actual time=3.480..3.480 rows=0 loops=1)
   ->  Limit  (cost=1.04..202.21 rows=10000 width=20) (actual time=0.066..3.201 rows=10000 loops=1)
         ->  Incremental Sort  (cost=1.04..20117.96 rows=1000000 width=20) (actual time=0.065..2.656 rows=10000 loops=1)
               Sort Key: s_4.a, s_4.b, s_4.c, s_4.d, s_4.e
               Presorted Key: s_4.a, s_4.b, s_4.c, s_4.d
               Sort Method: quicksort  Memory: 27kB
               Sort Groups: 313
               ->  Index Scan using s_4_a_b_c_d_idx on s_4  (cost=0.42..45144.74 rows=1000000 width=20) (actual time=0.018..1.259 rows=10017 loops=1)
 Planning time: 0.290 ms
 Execution time: 3.503 ms
(10 rows)

===== 309 [Wed Mar  7 03:01:33 CET 2018] scale:1000000 groups:1000 work_mem:32MB incremental:off max_workers:2 =====
SELECT * FROM s_1 ORDER BY a, b LIMIT 10000
                                                                  QUERY PLAN                                                                  
----------------------------------------------------------------------------------------------------------------------------------------------
 Limit  (cost=42569.53..42569.53 rows=1 width=20) (actual time=51.086..51.086 rows=0 loops=1)
   ->  Limit  (cost=41302.78..42469.53 rows=10000 width=20) (actual time=48.876..50.814 rows=10000 loops=1)
         ->  Gather Merge  (cost=41302.78..138531.87 rows=833334 width=20) (actual time=48.875..50.257 rows=10000 loops=1)
               Workers Planned: 2
               Workers Launched: 2
               ->  Sort  (cost=40302.76..41344.43 rows=416667 width=20) (actual time=47.269..47.442 rows=4113 loops=3)
                     Sort Key: s_1.a, s_1.b
                     Sort Method: top-N heapsort  Memory: 1579kB
                     Worker 0:  Sort Method: top-N heapsort  Memory: 1564kB
                     Worker 1:  Sort Method: top-N heapsort  Memory: 1554kB
                     ->  Parallel Seq Scan on s_1  (cost=0.00..10536.67 rows=416667 width=20) (actual time=0.007..18.449 rows=333333 loops=3)
 Planning time: 0.284 ms
 Execution time: 53.134 ms
(13 rows)

===== 310 [Wed Mar  7 03:01:33 CET 2018] scale:1000000 groups:1000 work_mem:32MB incremental:off max_workers:2 =====
SELECT * FROM s_2 ORDER BY a, b, c LIMIT 10000
                                                                  QUERY PLAN                                                                  
----------------------------------------------------------------------------------------------------------------------------------------------
 Limit  (cost=42569.53..42569.53 rows=1 width=20) (actual time=51.118..51.118 rows=0 loops=1)
   ->  Limit  (cost=41302.78..42469.53 rows=10000 width=20) (actual time=48.915..50.836 rows=10000 loops=1)
         ->  Gather Merge  (cost=41302.78..138531.87 rows=833334 width=20) (actual time=48.915..50.277 rows=10000 loops=1)
               Workers Planned: 2
               Workers Launched: 2
               ->  Sort  (cost=40302.76..41344.43 rows=416667 width=20) (actual time=47.431..47.598 rows=4113 loops=3)
                     Sort Key: s_2.a, s_2.b, s_2.c
                     Sort Method: top-N heapsort  Memory: 1550kB
                     Worker 0:  Sort Method: top-N heapsort  Memory: 1550kB
                     Worker 1:  Sort Method: top-N heapsort  Memory: 1550kB
                     ->  Parallel Seq Scan on s_2  (cost=0.00..10536.67 rows=416667 width=20) (actual time=0.009..18.489 rows=333333 loops=3)
 Planning time: 0.286 ms
 Execution time: 53.215 ms
(13 rows)

===== 311 [Wed Mar  7 03:01:34 CET 2018] scale:1000000 groups:1000 work_mem:32MB incremental:off max_workers:2 =====
SELECT * FROM s_3 ORDER BY a, b, c, d LIMIT 10000
                                                                  QUERY PLAN                                                                  
----------------------------------------------------------------------------------------------------------------------------------------------
 Limit  (cost=42569.53..42569.53 rows=1 width=20) (actual time=51.485..51.485 rows=0 loops=1)
   ->  Limit  (cost=41302.78..42469.53 rows=10000 width=20) (actual time=49.281..51.201 rows=10000 loops=1)
         ->  Gather Merge  (cost=41302.78..138531.87 rows=833334 width=20) (actual time=49.280..50.648 rows=10000 loops=1)
               Workers Planned: 2
               Workers Launched: 2
               ->  Sort  (cost=40302.76..41344.43 rows=416667 width=20) (actual time=47.785..47.953 rows=4113 loops=3)
                     Sort Key: s_3.a, s_3.b, s_3.c, s_3.d
                     Sort Method: top-N heapsort  Memory: 1550kB
                     Worker 0:  Sort Method: top-N heapsort  Memory: 1550kB
                     Worker 1:  Sort Method: top-N heapsort  Memory: 1550kB
                     ->  Parallel Seq Scan on s_3  (cost=0.00..10536.67 rows=416667 width=20) (actual time=0.009..18.619 rows=333333 loops=3)
 Planning time: 0.288 ms
 Execution time: 53.605 ms
(13 rows)

===== 312 [Wed Mar  7 03:01:34 CET 2018] scale:1000000 groups:1000 work_mem:32MB incremental:off max_workers:2 =====
SELECT * FROM s_4 ORDER BY a, b, c, d, e LIMIT 10000
                                                                  QUERY PLAN                                                                  
----------------------------------------------------------------------------------------------------------------------------------------------
 Limit  (cost=42569.53..42569.53 rows=1 width=20) (actual time=51.501..51.501 rows=0 loops=1)
   ->  Limit  (cost=41302.78..42469.53 rows=10000 width=20) (actual time=49.278..51.218 rows=10000 loops=1)
         ->  Gather Merge  (cost=41302.78..138531.87 rows=833334 width=20) (actual time=49.278..50.660 rows=10000 loops=1)
               Workers Planned: 2
               Workers Launched: 2
               ->  Sort  (cost=40302.76..41344.43 rows=416667 width=20) (actual time=47.739..47.906 rows=4113 loops=3)
                     Sort Key: s_4.a, s_4.b, s_4.c, s_4.d, s_4.e
                     Sort Method: top-N heapsort  Memory: 1550kB
                     Worker 0:  Sort Method: top-N heapsort  Memory: 1550kB
                     Worker 1:  Sort Method: top-N heapsort  Memory: 1550kB
                     ->  Parallel Seq Scan on s_4  (cost=0.00..10536.67 rows=416667 width=20) (actual time=0.010..18.612 rows=333333 loops=3)
 Planning time: 0.283 ms
 Execution time: 53.604 ms
(13 rows)

===== 313 [Wed Mar  7 03:01:34 CET 2018] scale:1000000 groups:1000 work_mem:64MB incremental:on max_workers:2 =====
SELECT * FROM s_1 ORDER BY a, b LIMIT 10000
                                                                   QUERY PLAN                                                                   
------------------------------------------------------------------------------------------------------------------------------------------------
 Limit  (cost=365.11..365.11 rows=1 width=20) (actual time=5.536..5.536 rows=0 loops=1)
   ->  Limit  (cost=82.52..265.11 rows=10000 width=20) (actual time=0.279..5.262 rows=10000 loops=1)
         ->  Incremental Sort  (cost=82.52..18342.19 rows=1000000 width=20) (actual time=0.279..4.708 rows=10000 loops=1)
               Sort Key: s_1.a, s_1.b
               Presorted Key: s_1.a
               Sort Method: quicksort  Memory: 131kB
               Sort Groups: 11
               ->  Index Scan using s_1_a_idx on s_1  (cost=0.42..32353.42 rows=1000000 width=20) (actual time=0.012..1.310 rows=10555 loops=1)
 Planning time: 0.278 ms
 Execution time: 5.564 ms
(10 rows)

===== 314 [Wed Mar  7 03:01:34 CET 2018] scale:1000000 groups:1000 work_mem:64MB incremental:on max_workers:2 =====
SELECT * FROM s_2 ORDER BY a, b, c LIMIT 10000
                                                                    QUERY PLAN                                                                    
--------------------------------------------------------------------------------------------------------------------------------------------------
 Limit  (cost=301.72..301.72 rows=1 width=20) (actual time=4.059..4.059 rows=0 loops=1)
   ->  Limit  (cost=1.00..201.72 rows=10000 width=20) (actual time=0.056..3.783 rows=10000 loops=1)
         ->  Incremental Sort  (cost=1.00..20073.64 rows=1000000 width=20) (actual time=0.056..3.226 rows=10000 loops=1)
               Sort Key: s_2.a, s_2.b, s_2.c
               Presorted Key: s_2.a, s_2.b
               Sort Method: quicksort  Memory: 27kB
               Sort Groups: 309
               ->  Index Scan using s_2_a_b_idx on s_2  (cost=0.42..40712.74 rows=1000000 width=20) (actual time=0.010..1.201 rows=10008 loops=1)
 Planning time: 0.289 ms
 Execution time: 4.082 ms
(10 rows)

===== 315 [Wed Mar  7 03:01:34 CET 2018] scale:1000000 groups:1000 work_mem:64MB incremental:on max_workers:2 =====
SELECT * FROM s_3 ORDER BY a, b, c, d LIMIT 10000
                                                                     QUERY PLAN                                                                     
----------------------------------------------------------------------------------------------------------------------------------------------------
 Limit  (cost=302.21..302.21 rows=1 width=20) (actual time=3.479..3.479 rows=0 loops=1)
   ->  Limit  (cost=1.04..202.21 rows=10000 width=20) (actual time=0.060..3.199 rows=10000 loops=1)
         ->  Incremental Sort  (cost=1.04..20117.96 rows=1000000 width=20) (actual time=0.060..2.651 rows=10000 loops=1)
               Sort Key: s_3.a, s_3.b, s_3.c, s_3.d
               Presorted Key: s_3.a, s_3.b, s_3.c
               Sort Method: quicksort  Memory: 27kB
               Sort Groups: 313
               ->  Index Scan using s_3_a_b_c_idx on s_3  (cost=0.42..45144.74 rows=1000000 width=20) (actual time=0.013..1.249 rows=10017 loops=1)
 Planning time: 0.292 ms
 Execution time: 3.502 ms
(10 rows)

===== 316 [Wed Mar  7 03:01:35 CET 2018] scale:1000000 groups:1000 work_mem:64MB incremental:on max_workers:2 =====
SELECT * FROM s_4 ORDER BY a, b, c, d, e LIMIT 10000
                                                                      QUERY PLAN                                                                      
------------------------------------------------------------------------------------------------------------------------------------------------------
 Limit  (cost=302.21..302.21 rows=1 width=20) (actual time=3.476..3.476 rows=0 loops=1)
   ->  Limit  (cost=1.04..202.21 rows=10000 width=20) (actual time=0.065..3.200 rows=10000 loops=1)
         ->  Incremental Sort  (cost=1.04..20117.96 rows=1000000 width=20) (actual time=0.065..2.652 rows=10000 loops=1)
               Sort Key: s_4.a, s_4.b, s_4.c, s_4.d, s_4.e
               Presorted Key: s_4.a, s_4.b, s_4.c, s_4.d
               Sort Method: quicksort  Memory: 27kB
               Sort Groups: 313
               ->  Index Scan using s_4_a_b_c_d_idx on s_4  (cost=0.42..45144.74 rows=1000000 width=20) (actual time=0.018..1.246 rows=10017 loops=1)
 Planning time: 0.290 ms
 Execution time: 3.499 ms
(10 rows)

===== 317 [Wed Mar  7 03:01:35 CET 2018] scale:1000000 groups:1000 work_mem:64MB incremental:off max_workers:2 =====
SELECT * FROM s_1 ORDER BY a, b LIMIT 10000
                                                                  QUERY PLAN                                                                  
----------------------------------------------------------------------------------------------------------------------------------------------
 Limit  (cost=42569.53..42569.53 rows=1 width=20) (actual time=51.141..51.141 rows=0 loops=1)
   ->  Limit  (cost=41302.78..42469.53 rows=10000 width=20) (actual time=48.915..50.861 rows=10000 loops=1)
         ->  Gather Merge  (cost=41302.78..138531.87 rows=833334 width=20) (actual time=48.915..50.299 rows=10000 loops=1)
               Workers Planned: 2
               Workers Launched: 2
               ->  Sort  (cost=40302.76..41344.43 rows=416667 width=20) (actual time=47.285..47.457 rows=4113 loops=3)
                     Sort Key: s_1.a, s_1.b
                     Sort Method: top-N heapsort  Memory: 1579kB
                     Worker 0:  Sort Method: top-N heapsort  Memory: 1564kB
                     Worker 1:  Sort Method: top-N heapsort  Memory: 1554kB
                     ->  Parallel Seq Scan on s_1  (cost=0.00..10536.67 rows=416667 width=20) (actual time=0.005..18.454 rows=333333 loops=3)
 Planning time: 0.284 ms
 Execution time: 53.196 ms
(13 rows)

===== 318 [Wed Mar  7 03:01:35 CET 2018] scale:1000000 groups:1000 work_mem:64MB incremental:off max_workers:2 =====
SELECT * FROM s_2 ORDER BY a, b, c LIMIT 10000
                                                                  QUERY PLAN                                                                  
----------------------------------------------------------------------------------------------------------------------------------------------
 Limit  (cost=42569.53..42569.53 rows=1 width=20) (actual time=51.218..51.218 rows=0 loops=1)
   ->  Limit  (cost=41302.78..42469.53 rows=10000 width=20) (actual time=49.006..50.933 rows=10000 loops=1)
         ->  Gather Merge  (cost=41302.78..138531.87 rows=833334 width=20) (actual time=49.006..50.374 rows=10000 loops=1)
               Workers Planned: 2
               Workers Launched: 2
               ->  Sort  (cost=40302.76..41344.43 rows=416667 width=20) (actual time=47.465..47.632 rows=4113 loops=3)
                     Sort Key: s_2.a, s_2.b, s_2.c
                     Sort Method: top-N heapsort  Memory: 1550kB
                     Worker 0:  Sort Method: top-N heapsort  Memory: 1550kB
                     Worker 1:  Sort Method: top-N heapsort  Memory: 1550kB
                     ->  Parallel Seq Scan on s_2  (cost=0.00..10536.67 rows=416667 width=20) (actual time=0.008..18.509 rows=333333 loops=3)
 Planning time: 0.284 ms
 Execution time: 53.287 ms
(13 rows)

===== 319 [Wed Mar  7 03:01:35 CET 2018] scale:1000000 groups:1000 work_mem:64MB incremental:off max_workers:2 =====
SELECT * FROM s_3 ORDER BY a, b, c, d LIMIT 10000
                                                                  QUERY PLAN                                                                  
----------------------------------------------------------------------------------------------------------------------------------------------
 Limit  (cost=42569.53..42569.53 rows=1 width=20) (actual time=51.523..51.523 rows=0 loops=1)
   ->  Limit  (cost=41302.78..42469.53 rows=10000 width=20) (actual time=49.324..51.244 rows=10000 loops=1)
         ->  Gather Merge  (cost=41302.78..138531.87 rows=833334 width=20) (actual time=49.323..50.687 rows=10000 loops=1)
               Workers Planned: 2
               Workers Launched: 2
               ->  Sort  (cost=40302.76..41344.43 rows=416667 width=20) (actual time=47.809..47.976 rows=4113 loops=3)
                     Sort Key: s_3.a, s_3.b, s_3.c, s_3.d
                     Sort Method: top-N heapsort  Memory: 1550kB
                     Worker 0:  Sort Method: top-N heapsort  Memory: 1550kB
                     Worker 1:  Sort Method: top-N heapsort  Memory: 1550kB
                     ->  Parallel Seq Scan on s_3  (cost=0.00..10536.67 rows=416667 width=20) (actual time=0.008..18.617 rows=333333 loops=3)
 Planning time: 0.283 ms
 Execution time: 53.649 ms
(13 rows)

===== 320 [Wed Mar  7 03:01:36 CET 2018] scale:1000000 groups:1000 work_mem:64MB incremental:off max_workers:2 =====
SELECT * FROM s_4 ORDER BY a, b, c, d, e LIMIT 10000
                                                                  QUERY PLAN                                                                  
----------------------------------------------------------------------------------------------------------------------------------------------
 Limit  (cost=42569.53..42569.53 rows=1 width=20) (actual time=51.505..51.505 rows=0 loops=1)
   ->  Limit  (cost=41302.78..42469.53 rows=10000 width=20) (actual time=49.283..51.223 rows=10000 loops=1)
         ->  Gather Merge  (cost=41302.78..138531.87 rows=833334 width=20) (actual time=49.282..50.659 rows=10000 loops=1)
               Workers Planned: 2
               Workers Launched: 2
               ->  Sort  (cost=40302.76..41344.43 rows=416667 width=20) (actual time=47.741..47.907 rows=4113 loops=3)
                     Sort Key: s_4.a, s_4.b, s_4.c, s_4.d, s_4.e
                     Sort Method: top-N heapsort  Memory: 1550kB
                     Worker 0:  Sort Method: top-N heapsort  Memory: 1550kB
                     Worker 1:  Sort Method: top-N heapsort  Memory: 1550kB
                     ->  Parallel Seq Scan on s_4  (cost=0.00..10536.67 rows=416667 width=20) (actual time=0.011..18.627 rows=333333 loops=3)
 Planning time: 0.278 ms
 Execution time: 53.621 ms
(13 rows)

===== 321 [Wed Mar  7 03:01:36 CET 2018] scale:1000000 groups:1000 work_mem:128MB incremental:on max_workers:2 =====
SELECT * FROM s_1 ORDER BY a, b LIMIT 10000
                                                                   QUERY PLAN                                                                   
------------------------------------------------------------------------------------------------------------------------------------------------
 Limit  (cost=365.11..365.11 rows=1 width=20) (actual time=5.544..5.544 rows=0 loops=1)
   ->  Limit  (cost=82.52..265.11 rows=10000 width=20) (actual time=0.278..5.267 rows=10000 loops=1)
         ->  Incremental Sort  (cost=82.52..18342.19 rows=1000000 width=20) (actual time=0.278..4.718 rows=10000 loops=1)
               Sort Key: s_1.a, s_1.b
               Presorted Key: s_1.a
               Sort Method: quicksort  Memory: 131kB
               Sort Groups: 11
               ->  Index Scan using s_1_a_idx on s_1  (cost=0.42..32353.42 rows=1000000 width=20) (actual time=0.013..1.315 rows=10555 loops=1)
 Planning time: 0.277 ms
 Execution time: 5.573 ms
(10 rows)

===== 322 [Wed Mar  7 03:01:36 CET 2018] scale:1000000 groups:1000 work_mem:128MB incremental:on max_workers:2 =====
SELECT * FROM s_2 ORDER BY a, b, c LIMIT 10000
                                                                    QUERY PLAN                                                                    
--------------------------------------------------------------------------------------------------------------------------------------------------
 Limit  (cost=301.72..301.72 rows=1 width=20) (actual time=4.061..4.061 rows=0 loops=1)
   ->  Limit  (cost=1.00..201.72 rows=10000 width=20) (actual time=0.056..3.782 rows=10000 loops=1)
         ->  Incremental Sort  (cost=1.00..20073.64 rows=1000000 width=20) (actual time=0.056..3.227 rows=10000 loops=1)
               Sort Key: s_2.a, s_2.b, s_2.c
               Presorted Key: s_2.a, s_2.b
               Sort Method: quicksort  Memory: 27kB
               Sort Groups: 309
               ->  Index Scan using s_2_a_b_idx on s_2  (cost=0.42..40712.74 rows=1000000 width=20) (actual time=0.010..1.196 rows=10008 loops=1)
 Planning time: 0.289 ms
 Execution time: 4.084 ms
(10 rows)

===== 323 [Wed Mar  7 03:01:36 CET 2018] scale:1000000 groups:1000 work_mem:128MB incremental:on max_workers:2 =====
SELECT * FROM s_3 ORDER BY a, b, c, d LIMIT 10000
                                                                     QUERY PLAN                                                                     
----------------------------------------------------------------------------------------------------------------------------------------------------
 Limit  (cost=302.21..302.21 rows=1 width=20) (actual time=3.479..3.479 rows=0 loops=1)
   ->  Limit  (cost=1.04..202.21 rows=10000 width=20) (actual time=0.060..3.201 rows=10000 loops=1)
         ->  Incremental Sort  (cost=1.04..20117.96 rows=1000000 width=20) (actual time=0.060..2.653 rows=10000 loops=1)
               Sort Key: s_3.a, s_3.b, s_3.c, s_3.d
               Presorted Key: s_3.a, s_3.b, s_3.c
               Sort Method: quicksort  Memory: 27kB
               Sort Groups: 313
               ->  Index Scan using s_3_a_b_c_idx on s_3  (cost=0.42..45144.74 rows=1000000 width=20) (actual time=0.012..1.249 rows=10017 loops=1)
 Planning time: 0.291 ms
 Execution time: 3.504 ms
(10 rows)

===== 324 [Wed Mar  7 03:01:36 CET 2018] scale:1000000 groups:1000 work_mem:128MB incremental:on max_workers:2 =====
SELECT * FROM s_4 ORDER BY a, b, c, d, e LIMIT 10000
                                                                      QUERY PLAN                                                                      
------------------------------------------------------------------------------------------------------------------------------------------------------
 Limit  (cost=302.21..302.21 rows=1 width=20) (actual time=3.487..3.487 rows=0 loops=1)
   ->  Limit  (cost=1.04..202.21 rows=10000 width=20) (actual time=0.066..3.209 rows=10000 loops=1)
         ->  Incremental Sort  (cost=1.04..20117.96 rows=1000000 width=20) (actual time=0.065..2.662 rows=10000 loops=1)
               Sort Key: s_4.a, s_4.b, s_4.c, s_4.d, s_4.e
               Presorted Key: s_4.a, s_4.b, s_4.c, s_4.d
               Sort Method: quicksort  Memory: 27kB
               Sort Groups: 313
               ->  Index Scan using s_4_a_b_c_d_idx on s_4  (cost=0.42..45144.74 rows=1000000 width=20) (actual time=0.018..1.254 rows=10017 loops=1)
 Planning time: 0.284 ms
 Execution time: 3.509 ms
(10 rows)

===== 325 [Wed Mar  7 03:01:36 CET 2018] scale:1000000 groups:1000 work_mem:128MB incremental:off max_workers:2 =====
SELECT * FROM s_1 ORDER BY a, b LIMIT 10000
                                                                  QUERY PLAN                                                                  
----------------------------------------------------------------------------------------------------------------------------------------------
 Limit  (cost=42569.53..42569.53 rows=1 width=20) (actual time=51.085..51.085 rows=0 loops=1)
   ->  Limit  (cost=41302.78..42469.53 rows=10000 width=20) (actual time=48.857..50.807 rows=10000 loops=1)
         ->  Gather Merge  (cost=41302.78..138531.87 rows=833334 width=20) (actual time=48.856..50.242 rows=10000 loops=1)
               Workers Planned: 2
               Workers Launched: 2
               ->  Sort  (cost=40302.76..41344.43 rows=416667 width=20) (actual time=47.289..47.463 rows=4113 loops=3)
                     Sort Key: s_1.a, s_1.b
                     Sort Method: top-N heapsort  Memory: 1579kB
                     Worker 0:  Sort Method: top-N heapsort  Memory: 1564kB
                     Worker 1:  Sort Method: top-N heapsort  Memory: 1554kB
                     ->  Parallel Seq Scan on s_1  (cost=0.00..10536.67 rows=416667 width=20) (actual time=0.007..18.463 rows=333333 loops=3)
 Planning time: 0.286 ms
 Execution time: 53.135 ms
(13 rows)

===== 326 [Wed Mar  7 03:01:37 CET 2018] scale:1000000 groups:1000 work_mem:128MB incremental:off max_workers:2 =====
SELECT * FROM s_2 ORDER BY a, b, c LIMIT 10000
                                                                  QUERY PLAN                                                                  
----------------------------------------------------------------------------------------------------------------------------------------------
 Limit  (cost=42569.53..42569.53 rows=1 width=20) (actual time=51.123..51.123 rows=0 loops=1)
   ->  Limit  (cost=41302.78..42469.53 rows=10000 width=20) (actual time=48.930..50.850 rows=10000 loops=1)
         ->  Gather Merge  (cost=41302.78..138531.87 rows=833334 width=20) (actual time=48.929..50.292 rows=10000 loops=1)
               Workers Planned: 2
               Workers Launched: 2
               ->  Sort  (cost=40302.76..41344.43 rows=416667 width=20) (actual time=47.411..47.580 rows=4113 loops=3)
                     Sort Key: s_2.a, s_2.b, s_2.c
                     Sort Method: top-N heapsort  Memory: 1550kB
                     Worker 0:  Sort Method: top-N heapsort  Memory: 1550kB
                     Worker 1:  Sort Method: top-N heapsort  Memory: 1550kB
                     ->  Parallel Seq Scan on s_2  (cost=0.00..10536.67 rows=416667 width=20) (actual time=0.008..18.464 rows=333333 loops=3)
 Planning time: 0.299 ms
 Execution time: 53.221 ms
(13 rows)

===== 327 [Wed Mar  7 03:01:37 CET 2018] scale:1000000 groups:1000 work_mem:128MB incremental:off max_workers:2 =====
SELECT * FROM s_3 ORDER BY a, b, c, d LIMIT 10000
                                                                  QUERY PLAN                                                                  
----------------------------------------------------------------------------------------------------------------------------------------------
 Limit  (cost=42569.53..42569.53 rows=1 width=20) (actual time=51.469..51.469 rows=0 loops=1)
   ->  Limit  (cost=41302.78..42469.53 rows=10000 width=20) (actual time=49.275..51.192 rows=10000 loops=1)
         ->  Gather Merge  (cost=41302.78..138531.87 rows=833334 width=20) (actual time=49.275..50.639 rows=10000 loops=1)
               Workers Planned: 2
               Workers Launched: 2
               ->  Sort  (cost=40302.76..41344.43 rows=416667 width=20) (actual time=47.771..47.939 rows=4113 loops=3)
                     Sort Key: s_3.a, s_3.b, s_3.c, s_3.d
                     Sort Method: top-N heapsort  Memory: 1550kB
                     Worker 0:  Sort Method: top-N heapsort  Memory: 1550kB
                     Worker 1:  Sort Method: top-N heapsort  Memory: 1550kB
                     ->  Parallel Seq Scan on s_3  (cost=0.00..10536.67 rows=416667 width=20) (actual time=0.010..18.594 rows=333333 loops=3)
 Planning time: 0.287 ms
 Execution time: 53.595 ms
(13 rows)

===== 328 [Wed Mar  7 03:01:37 CET 2018] scale:1000000 groups:1000 work_mem:128MB incremental:off max_workers:2 =====
SELECT * FROM s_4 ORDER BY a, b, c, d, e LIMIT 10000
                                                                  QUERY PLAN                                                                  
----------------------------------------------------------------------------------------------------------------------------------------------
 Limit  (cost=42569.53..42569.53 rows=1 width=20) (actual time=51.523..51.523 rows=0 loops=1)
   ->  Limit  (cost=41302.78..42469.53 rows=10000 width=20) (actual time=49.293..51.239 rows=10000 loops=1)
         ->  Gather Merge  (cost=41302.78..138531.87 rows=833334 width=20) (actual time=49.292..50.674 rows=10000 loops=1)
               Workers Planned: 2
               Workers Launched: 2
               ->  Sort  (cost=40302.76..41344.43 rows=416667 width=20) (actual time=47.754..47.922 rows=4113 loops=3)
                     Sort Key: s_4.a, s_4.b, s_4.c, s_4.d, s_4.e
                     Sort Method: top-N heapsort  Memory: 1550kB
                     Worker 0:  Sort Method: top-N heapsort  Memory: 1550kB
                     Worker 1:  Sort Method: top-N heapsort  Memory: 1550kB
                     ->  Parallel Seq Scan on s_4  (cost=0.00..10536.67 rows=416667 width=20) (actual time=0.011..18.610 rows=333333 loops=3)
 Planning time: 0.285 ms
 Execution time: 53.629 ms
(13 rows)

===== 329 [Wed Mar  7 03:01:38 CET 2018] scale:1000000 groups:1000 work_mem:256MB incremental:on max_workers:2 =====
SELECT * FROM s_1 ORDER BY a, b LIMIT 10000
                                                                   QUERY PLAN                                                                   
------------------------------------------------------------------------------------------------------------------------------------------------
 Limit  (cost=365.11..365.11 rows=1 width=20) (actual time=5.536..5.536 rows=0 loops=1)
   ->  Limit  (cost=82.52..265.11 rows=10000 width=20) (actual time=0.278..5.261 rows=10000 loops=1)
         ->  Incremental Sort  (cost=82.52..18342.19 rows=1000000 width=20) (actual time=0.277..4.713 rows=10000 loops=1)
               Sort Key: s_1.a, s_1.b
               Presorted Key: s_1.a
               Sort Method: quicksort  Memory: 131kB
               Sort Groups: 11
               ->  Index Scan using s_1_a_idx on s_1  (cost=0.42..32353.42 rows=1000000 width=20) (actual time=0.012..1.308 rows=10555 loops=1)
 Planning time: 0.285 ms
 Execution time: 5.565 ms
(10 rows)

===== 330 [Wed Mar  7 03:01:38 CET 2018] scale:1000000 groups:1000 work_mem:256MB incremental:on max_workers:2 =====
SELECT * FROM s_2 ORDER BY a, b, c LIMIT 10000
                                                                    QUERY PLAN                                                                    
--------------------------------------------------------------------------------------------------------------------------------------------------
 Limit  (cost=301.72..301.72 rows=1 width=20) (actual time=4.063..4.063 rows=0 loops=1)
   ->  Limit  (cost=1.00..201.72 rows=10000 width=20) (actual time=0.056..3.782 rows=10000 loops=1)
         ->  Incremental Sort  (cost=1.00..20073.64 rows=1000000 width=20) (actual time=0.055..3.229 rows=10000 loops=1)
               Sort Key: s_2.a, s_2.b, s_2.c
               Presorted Key: s_2.a, s_2.b
               Sort Method: quicksort  Memory: 27kB
               Sort Groups: 309
               ->  Index Scan using s_2_a_b_idx on s_2  (cost=0.42..40712.74 rows=1000000 width=20) (actual time=0.009..1.193 rows=10008 loops=1)
 Planning time: 0.288 ms
 Execution time: 4.086 ms
(10 rows)

===== 331 [Wed Mar  7 03:01:38 CET 2018] scale:1000000 groups:1000 work_mem:256MB incremental:on max_workers:2 =====
SELECT * FROM s_3 ORDER BY a, b, c, d LIMIT 10000
                                                                     QUERY PLAN                                                                     
----------------------------------------------------------------------------------------------------------------------------------------------------
 Limit  (cost=302.21..302.21 rows=1 width=20) (actual time=3.498..3.498 rows=0 loops=1)
   ->  Limit  (cost=1.04..202.21 rows=10000 width=20) (actual time=0.059..3.221 rows=10000 loops=1)
         ->  Incremental Sort  (cost=1.04..20117.96 rows=1000000 width=20) (actual time=0.059..2.652 rows=10000 loops=1)
               Sort Key: s_3.a, s_3.b, s_3.c, s_3.d
               Presorted Key: s_3.a, s_3.b, s_3.c
               Sort Method: quicksort  Memory: 27kB
               Sort Groups: 313
               ->  Index Scan using s_3_a_b_c_idx on s_3  (cost=0.42..45144.74 rows=1000000 width=20) (actual time=0.012..1.247 rows=10017 loops=1)
 Planning time: 0.291 ms
 Execution time: 3.522 ms
(10 rows)

===== 332 [Wed Mar  7 03:01:38 CET 2018] scale:1000000 groups:1000 work_mem:256MB incremental:on max_workers:2 =====
SELECT * FROM s_4 ORDER BY a, b, c, d, e LIMIT 10000
                                                                      QUERY PLAN                                                                      
------------------------------------------------------------------------------------------------------------------------------------------------------
 Limit  (cost=302.21..302.21 rows=1 width=20) (actual time=3.480..3.480 rows=0 loops=1)
   ->  Limit  (cost=1.04..202.21 rows=10000 width=20) (actual time=0.070..3.203 rows=10000 loops=1)
         ->  Incremental Sort  (cost=1.04..20117.96 rows=1000000 width=20) (actual time=0.070..2.656 rows=10000 loops=1)
               Sort Key: s_4.a, s_4.b, s_4.c, s_4.d, s_4.e
               Presorted Key: s_4.a, s_4.b, s_4.c, s_4.d
               Sort Method: quicksort  Memory: 27kB
               Sort Groups: 313
               ->  Index Scan using s_4_a_b_c_d_idx on s_4  (cost=0.42..45144.74 rows=1000000 width=20) (actual time=0.022..1.257 rows=10017 loops=1)
 Planning time: 0.286 ms
 Execution time: 3.503 ms
(10 rows)

===== 333 [Wed Mar  7 03:01:38 CET 2018] scale:1000000 groups:1000 work_mem:256MB incremental:off max_workers:2 =====
SELECT * FROM s_1 ORDER BY a, b LIMIT 10000
                                                                  QUERY PLAN                                                                  
----------------------------------------------------------------------------------------------------------------------------------------------
 Limit  (cost=42569.53..42569.53 rows=1 width=20) (actual time=50.575..50.575 rows=0 loops=1)
   ->  Limit  (cost=41302.78..42469.53 rows=10000 width=20) (actual time=48.341..50.295 rows=10000 loops=1)
         ->  Gather Merge  (cost=41302.78..138531.87 rows=833334 width=20) (actual time=48.341..49.732 rows=10000 loops=1)
               Workers Planned: 2
               Workers Launched: 2
               ->  Sort  (cost=40302.76..41344.43 rows=416667 width=20) (actual time=46.754..46.927 rows=4113 loops=3)
                     Sort Key: s_1.a, s_1.b
                     Sort Method: top-N heapsort  Memory: 1579kB
                     Worker 0:  Sort Method: top-N heapsort  Memory: 1563kB
                     Worker 1:  Sort Method: top-N heapsort  Memory: 1556kB
                     ->  Parallel Seq Scan on s_1  (cost=0.00..10536.67 rows=416667 width=20) (actual time=0.007..18.524 rows=333333 loops=3)
 Planning time: 0.280 ms
 Execution time: 52.623 ms
(13 rows)

===== 334 [Wed Mar  7 03:01:38 CET 2018] scale:1000000 groups:1000 work_mem:256MB incremental:off max_workers:2 =====
SELECT * FROM s_2 ORDER BY a, b, c LIMIT 10000
                                                                  QUERY PLAN                                                                  
----------------------------------------------------------------------------------------------------------------------------------------------
 Limit  (cost=42569.53..42569.53 rows=1 width=20) (actual time=51.082..51.082 rows=0 loops=1)
   ->  Limit  (cost=41302.78..42469.53 rows=10000 width=20) (actual time=48.874..50.797 rows=10000 loops=1)
         ->  Gather Merge  (cost=41302.78..138531.87 rows=833334 width=20) (actual time=48.874..50.237 rows=10000 loops=1)
               Workers Planned: 2
               Workers Launched: 2
               ->  Sort  (cost=40302.76..41344.43 rows=416667 width=20) (actual time=47.405..47.572 rows=4113 loops=3)
                     Sort Key: s_2.a, s_2.b, s_2.c
                     Sort Method: top-N heapsort  Memory: 1550kB
                     Worker 0:  Sort Method: top-N heapsort  Memory: 1550kB
                     Worker 1:  Sort Method: top-N heapsort  Memory: 1550kB
                     ->  Parallel Seq Scan on s_2  (cost=0.00..10536.67 rows=416667 width=20) (actual time=0.008..18.459 rows=333333 loops=3)
 Planning time: 0.285 ms
 Execution time: 53.160 ms
(13 rows)

===== 335 [Wed Mar  7 03:01:39 CET 2018] scale:1000000 groups:1000 work_mem:256MB incremental:off max_workers:2 =====
SELECT * FROM s_3 ORDER BY a, b, c, d LIMIT 10000
                                                                  QUERY PLAN                                                                  
----------------------------------------------------------------------------------------------------------------------------------------------
 Limit  (cost=42569.53..42569.53 rows=1 width=20) (actual time=51.465..51.465 rows=0 loops=1)
   ->  Limit  (cost=41302.78..42469.53 rows=10000 width=20) (actual time=49.262..51.179 rows=10000 loops=1)
         ->  Gather Merge  (cost=41302.78..138531.87 rows=833334 width=20) (actual time=49.261..50.621 rows=10000 loops=1)
               Workers Planned: 2
               Workers Launched: 2
               ->  Sort  (cost=40302.76..41344.43 rows=416667 width=20) (actual time=47.749..47.915 rows=4113 loops=3)
                     Sort Key: s_3.a, s_3.b, s_3.c, s_3.d
                     Sort Method: top-N heapsort  Memory: 1550kB
                     Worker 0:  Sort Method: top-N heapsort  Memory: 1550kB
                     Worker 1:  Sort Method: top-N heapsort  Memory: 1550kB
                     ->  Parallel Seq Scan on s_3  (cost=0.00..10536.67 rows=416667 width=20) (actual time=0.008..18.586 rows=333333 loops=3)
 Planning time: 0.291 ms
 Execution time: 53.591 ms
(13 rows)

===== 336 [Wed Mar  7 03:01:39 CET 2018] scale:1000000 groups:1000 work_mem:256MB incremental:off max_workers:2 =====
SELECT * FROM s_4 ORDER BY a, b, c, d, e LIMIT 10000
                                                                  QUERY PLAN                                                                  
----------------------------------------------------------------------------------------------------------------------------------------------
 Limit  (cost=42569.53..42569.53 rows=1 width=20) (actual time=51.430..51.430 rows=0 loops=1)
   ->  Limit  (cost=41302.78..42469.53 rows=10000 width=20) (actual time=49.214..51.156 rows=10000 loops=1)
         ->  Gather Merge  (cost=41302.78..138531.87 rows=833334 width=20) (actual time=49.214..50.600 rows=10000 loops=1)
               Workers Planned: 2
               Workers Launched: 2
               ->  Sort  (cost=40302.76..41344.43 rows=416667 width=20) (actual time=47.707..47.873 rows=4113 loops=3)
                     Sort Key: s_4.a, s_4.b, s_4.c, s_4.d, s_4.e
                     Sort Method: top-N heapsort  Memory: 1550kB
                     Worker 0:  Sort Method: top-N heapsort  Memory: 1550kB
                     Worker 1:  Sort Method: top-N heapsort  Memory: 1550kB
                     ->  Parallel Seq Scan on s_4  (cost=0.00..10536.67 rows=416667 width=20) (actual time=0.010..18.585 rows=333333 loops=3)
 Planning time: 0.286 ms
 Execution time: 53.562 ms
(13 rows)

===== 337 [Wed Mar  7 03:01:47 CET 2018] scale:1000000 groups:10000 work_mem:4MB incremental:on max_workers:0 =====
SELECT * FROM s_1 ORDER BY a, b LIMIT 10000
                                                                   QUERY PLAN                                                                   
------------------------------------------------------------------------------------------------------------------------------------------------
 Limit  (cost=290.52..290.52 rows=1 width=20) (actual time=4.801..4.801 rows=0 loops=1)
   ->  Limit  (cost=7.04..190.52 rows=10000 width=20) (actual time=0.088..4.526 rows=10000 loops=1)
         ->  Incremental Sort  (cost=7.04..18355.17 rows=1000000 width=20) (actual time=0.088..3.976 rows=10000 loops=1)
               Sort Key: s_1.a, s_1.b
               Presorted Key: s_1.a
               Sort Method: quicksort  Memory: 34kB
               Sort Groups: 100
               ->  Index Scan using s_1_a_idx on s_1  (cost=0.42..32353.42 rows=1000000 width=20) (actual time=0.034..1.357 rows=10042 loops=1)
 Planning time: 0.279 ms
 Execution time: 4.828 ms
(10 rows)

===== 338 [Wed Mar  7 03:01:47 CET 2018] scale:1000000 groups:10000 work_mem:4MB incremental:on max_workers:0 =====
SELECT * FROM s_2 ORDER BY a, b, c LIMIT 10000
                                                                    QUERY PLAN                                                                    
--------------------------------------------------------------------------------------------------------------------------------------------------
 Limit  (cost=301.72..301.72 rows=1 width=20) (actual time=3.510..3.510 rows=0 loops=1)
   ->  Limit  (cost=1.00..201.72 rows=10000 width=20) (actual time=0.067..3.231 rows=10000 loops=1)
         ->  Incremental Sort  (cost=1.00..20073.64 rows=1000000 width=20) (actual time=0.066..2.680 rows=10000 loops=1)
               Sort Key: s_2.a, s_2.b, s_2.c
               Presorted Key: s_2.a, s_2.b
               Sort Method: quicksort  Memory: 27kB
               Sort Groups: 313
               ->  Index Scan using s_2_a_b_idx on s_2  (cost=0.42..40712.74 rows=1000000 width=20) (actual time=0.026..1.322 rows=10018 loops=1)
 Planning time: 0.301 ms
 Execution time: 3.533 ms
(10 rows)

===== 339 [Wed Mar  7 03:01:47 CET 2018] scale:1000000 groups:10000 work_mem:4MB incremental:on max_workers:0 =====
SELECT * FROM s_3 ORDER BY a, b, c, d LIMIT 10000
                                                                     QUERY PLAN                                                                     
----------------------------------------------------------------------------------------------------------------------------------------------------
 Limit  (cost=302.21..302.21 rows=1 width=20) (actual time=3.603..3.603 rows=0 loops=1)
   ->  Limit  (cost=1.04..202.21 rows=10000 width=20) (actual time=0.090..3.324 rows=10000 loops=1)
         ->  Incremental Sort  (cost=1.04..20117.96 rows=1000000 width=20) (actual time=0.090..2.770 rows=10000 loops=1)
               Sort Key: s_3.a, s_3.b, s_3.c, s_3.d
               Presorted Key: s_3.a, s_3.b, s_3.c
               Sort Method: quicksort  Memory: 27kB
               Sort Groups: 313
               ->  Index Scan using s_3_a_b_c_idx on s_3  (cost=0.42..45144.74 rows=1000000 width=20) (actual time=0.033..1.407 rows=10017 loops=1)
 Planning time: 0.296 ms
 Execution time: 3.626 ms
(10 rows)

===== 340 [Wed Mar  7 03:01:47 CET 2018] scale:1000000 groups:10000 work_mem:4MB incremental:on max_workers:0 =====
SELECT * FROM s_4 ORDER BY a, b, c, d, e LIMIT 10000
                                                                      QUERY PLAN                                                                      
------------------------------------------------------------------------------------------------------------------------------------------------------
 Limit  (cost=302.21..302.21 rows=1 width=20) (actual time=3.603..3.603 rows=0 loops=1)
   ->  Limit  (cost=1.04..202.21 rows=10000 width=20) (actual time=0.081..3.325 rows=10000 loops=1)
         ->  Incremental Sort  (cost=1.04..20117.96 rows=1000000 width=20) (actual time=0.081..2.775 rows=10000 loops=1)
               Sort Key: s_4.a, s_4.b, s_4.c, s_4.d, s_4.e
               Presorted Key: s_4.a, s_4.b, s_4.c, s_4.d
               Sort Method: quicksort  Memory: 27kB
               Sort Groups: 313
               ->  Index Scan using s_4_a_b_c_d_idx on s_4  (cost=0.42..45144.74 rows=1000000 width=20) (actual time=0.035..1.419 rows=10017 loops=1)
 Planning time: 0.292 ms
 Execution time: 3.626 ms
(10 rows)

===== 341 [Wed Mar  7 03:01:48 CET 2018] scale:1000000 groups:10000 work_mem:4MB incremental:off max_workers:0 =====
SELECT * FROM s_1 ORDER BY a, b LIMIT 10000
                                                           QUERY PLAN                                                            
---------------------------------------------------------------------------------------------------------------------------------
 Limit  (cost=87933.56..87933.56 rows=1 width=20) (actual time=126.940..126.940 rows=0 loops=1)
   ->  Limit  (cost=87808.56..87833.56 rows=10000 width=20) (actual time=125.717..126.665 rows=10000 loops=1)
         ->  Sort  (cost=87808.56..90308.56 rows=1000000 width=20) (actual time=125.716..126.118 rows=10000 loops=1)
               Sort Key: s_1.a, s_1.b
               Sort Method: top-N heapsort  Memory: 1552kB
               ->  Seq Scan on s_1  (cost=0.00..16370.00 rows=1000000 width=20) (actual time=0.007..50.269 rows=1000000 loops=1)
 Planning time: 0.275 ms
 Execution time: 127.068 ms
(8 rows)

===== 342 [Wed Mar  7 03:01:48 CET 2018] scale:1000000 groups:10000 work_mem:4MB incremental:off max_workers:0 =====
SELECT * FROM s_2 ORDER BY a, b, c LIMIT 10000
                                                           QUERY PLAN                                                            
---------------------------------------------------------------------------------------------------------------------------------
 Limit  (cost=87933.56..87933.56 rows=1 width=20) (actual time=127.620..127.620 rows=0 loops=1)
   ->  Limit  (cost=87808.56..87833.56 rows=10000 width=20) (actual time=126.415..127.344 rows=10000 loops=1)
         ->  Sort  (cost=87808.56..90308.56 rows=1000000 width=20) (actual time=126.414..126.799 rows=10000 loops=1)
               Sort Key: s_2.a, s_2.b, s_2.c
               Sort Method: top-N heapsort  Memory: 1550kB
               ->  Seq Scan on s_2  (cost=0.00..16370.00 rows=1000000 width=20) (actual time=0.004..50.327 rows=1000000 loops=1)
 Planning time: 0.287 ms
 Execution time: 127.748 ms
(8 rows)

===== 343 [Wed Mar  7 03:01:49 CET 2018] scale:1000000 groups:10000 work_mem:4MB incremental:off max_workers:0 =====
SELECT * FROM s_3 ORDER BY a, b, c, d LIMIT 10000
                                                           QUERY PLAN                                                            
---------------------------------------------------------------------------------------------------------------------------------
 Limit  (cost=87933.56..87933.56 rows=1 width=20) (actual time=129.622..129.622 rows=0 loops=1)
   ->  Limit  (cost=87808.56..87833.56 rows=10000 width=20) (actual time=128.417..129.345 rows=10000 loops=1)
         ->  Sort  (cost=87808.56..90308.56 rows=1000000 width=20) (actual time=128.416..128.803 rows=10000 loops=1)
               Sort Key: s_3.a, s_3.b, s_3.c, s_3.d
               Sort Method: top-N heapsort  Memory: 1550kB
               ->  Seq Scan on s_3  (cost=0.00..16370.00 rows=1000000 width=20) (actual time=0.007..49.837 rows=1000000 loops=1)
 Planning time: 0.284 ms
 Execution time: 129.749 ms
(8 rows)

===== 344 [Wed Mar  7 03:01:49 CET 2018] scale:1000000 groups:10000 work_mem:4MB incremental:off max_workers:0 =====
SELECT * FROM s_4 ORDER BY a, b, c, d, e LIMIT 10000
                                                           QUERY PLAN                                                            
---------------------------------------------------------------------------------------------------------------------------------
 Limit  (cost=87933.56..87933.56 rows=1 width=20) (actual time=128.744..128.744 rows=0 loops=1)
   ->  Limit  (cost=87808.56..87833.56 rows=10000 width=20) (actual time=127.525..128.468 rows=10000 loops=1)
         ->  Sort  (cost=87808.56..90308.56 rows=1000000 width=20) (actual time=127.524..127.910 rows=10000 loops=1)
               Sort Key: s_4.a, s_4.b, s_4.c, s_4.d, s_4.e
               Sort Method: top-N heapsort  Memory: 1550kB
               ->  Seq Scan on s_4  (cost=0.00..16370.00 rows=1000000 width=20) (actual time=0.011..49.730 rows=1000000 loops=1)
 Planning time: 0.281 ms
 Execution time: 128.872 ms
(8 rows)

===== 345 [Wed Mar  7 03:01:50 CET 2018] scale:1000000 groups:10000 work_mem:8MB incremental:on max_workers:0 =====
SELECT * FROM s_1 ORDER BY a, b LIMIT 10000
                                                                   QUERY PLAN                                                                   
------------------------------------------------------------------------------------------------------------------------------------------------
 Limit  (cost=290.52..290.52 rows=1 width=20) (actual time=4.659..4.659 rows=0 loops=1)
   ->  Limit  (cost=7.04..190.52 rows=10000 width=20) (actual time=0.070..4.382 rows=10000 loops=1)
         ->  Incremental Sort  (cost=7.04..18355.17 rows=1000000 width=20) (actual time=0.070..3.829 rows=10000 loops=1)
               Sort Key: s_1.a, s_1.b
               Presorted Key: s_1.a
               Sort Method: quicksort  Memory: 34kB
               Sort Groups: 100
               ->  Index Scan using s_1_a_idx on s_1  (cost=0.42..32353.42 rows=1000000 width=20) (actual time=0.016..1.224 rows=10042 loops=1)
 Planning time: 0.274 ms
 Execution time: 4.684 ms
(10 rows)

===== 346 [Wed Mar  7 03:01:50 CET 2018] scale:1000000 groups:10000 work_mem:8MB incremental:on max_workers:0 =====
SELECT * FROM s_2 ORDER BY a, b, c LIMIT 10000
                                                                    QUERY PLAN                                                                    
--------------------------------------------------------------------------------------------------------------------------------------------------
 Limit  (cost=301.72..301.72 rows=1 width=20) (actual time=3.362..3.362 rows=0 loops=1)
   ->  Limit  (cost=1.00..201.72 rows=10000 width=20) (actual time=0.051..3.086 rows=10000 loops=1)
         ->  Incremental Sort  (cost=1.00..20073.64 rows=1000000 width=20) (actual time=0.051..2.535 rows=10000 loops=1)
               Sort Key: s_2.a, s_2.b, s_2.c
               Presorted Key: s_2.a, s_2.b
               Sort Method: quicksort  Memory: 27kB
               Sort Groups: 313
               ->  Index Scan using s_2_a_b_idx on s_2  (cost=0.42..40712.74 rows=1000000 width=20) (actual time=0.009..1.196 rows=10018 loops=1)
 Planning time: 0.300 ms
 Execution time: 3.385 ms
(10 rows)

===== 347 [Wed Mar  7 03:01:50 CET 2018] scale:1000000 groups:10000 work_mem:8MB incremental:on max_workers:0 =====
SELECT * FROM s_3 ORDER BY a, b, c, d LIMIT 10000
                                                                     QUERY PLAN                                                                     
----------------------------------------------------------------------------------------------------------------------------------------------------
 Limit  (cost=302.21..302.21 rows=1 width=20) (actual time=3.401..3.401 rows=0 loops=1)
   ->  Limit  (cost=1.04..202.21 rows=10000 width=20) (actual time=0.062..3.122 rows=10000 loops=1)
         ->  Incremental Sort  (cost=1.04..20117.96 rows=1000000 width=20) (actual time=0.061..2.571 rows=10000 loops=1)
               Sort Key: s_3.a, s_3.b, s_3.c, s_3.d
               Presorted Key: s_3.a, s_3.b, s_3.c
               Sort Method: quicksort  Memory: 27kB
               Sort Groups: 313
               ->  Index Scan using s_3_a_b_c_idx on s_3  (cost=0.42..45144.74 rows=1000000 width=20) (actual time=0.015..1.234 rows=10017 loops=1)
 Planning time: 0.285 ms
 Execution time: 3.425 ms
(10 rows)

===== 348 [Wed Mar  7 03:01:50 CET 2018] scale:1000000 groups:10000 work_mem:8MB incremental:on max_workers:0 =====
SELECT * FROM s_4 ORDER BY a, b, c, d, e LIMIT 10000
                                                                      QUERY PLAN                                                                      
------------------------------------------------------------------------------------------------------------------------------------------------------
 Limit  (cost=302.21..302.21 rows=1 width=20) (actual time=3.421..3.421 rows=0 loops=1)
   ->  Limit  (cost=1.04..202.21 rows=10000 width=20) (actual time=0.064..3.143 rows=10000 loops=1)
         ->  Incremental Sort  (cost=1.04..20117.96 rows=1000000 width=20) (actual time=0.064..2.592 rows=10000 loops=1)
               Sort Key: s_4.a, s_4.b, s_4.c, s_4.d, s_4.e
               Presorted Key: s_4.a, s_4.b, s_4.c, s_4.d
               Sort Method: quicksort  Memory: 27kB
               Sort Groups: 313
               ->  Index Scan using s_4_a_b_c_d_idx on s_4  (cost=0.42..45144.74 rows=1000000 width=20) (actual time=0.019..1.246 rows=10017 loops=1)
 Planning time: 0.292 ms
 Execution time: 3.444 ms
(10 rows)

===== 349 [Wed Mar  7 03:01:50 CET 2018] scale:1000000 groups:10000 work_mem:8MB incremental:off max_workers:0 =====
SELECT * FROM s_1 ORDER BY a, b LIMIT 10000
                                                           QUERY PLAN                                                            
---------------------------------------------------------------------------------------------------------------------------------
 Limit  (cost=87933.56..87933.56 rows=1 width=20) (actual time=126.958..126.958 rows=0 loops=1)
   ->  Limit  (cost=87808.56..87833.56 rows=10000 width=20) (actual time=125.734..126.681 rows=10000 loops=1)
         ->  Sort  (cost=87808.56..90308.56 rows=1000000 width=20) (actual time=125.733..126.136 rows=10000 loops=1)
               Sort Key: s_1.a, s_1.b
               Sort Method: top-N heapsort  Memory: 1552kB
               ->  Seq Scan on s_1  (cost=0.00..16370.00 rows=1000000 width=20) (actual time=0.007..50.299 rows=1000000 loops=1)
 Planning time: 0.274 ms
 Execution time: 127.086 ms
(8 rows)

===== 350 [Wed Mar  7 03:01:51 CET 2018] scale:1000000 groups:10000 work_mem:8MB incremental:off max_workers:0 =====
SELECT * FROM s_2 ORDER BY a, b, c LIMIT 10000
                                                           QUERY PLAN                                                            
---------------------------------------------------------------------------------------------------------------------------------
 Limit  (cost=87933.56..87933.56 rows=1 width=20) (actual time=127.633..127.633 rows=0 loops=1)
   ->  Limit  (cost=87808.56..87833.56 rows=10000 width=20) (actual time=126.433..127.362 rows=10000 loops=1)
         ->  Sort  (cost=87808.56..90308.56 rows=1000000 width=20) (actual time=126.432..126.819 rows=10000 loops=1)
               Sort Key: s_2.a, s_2.b, s_2.c
               Sort Method: top-N heapsort  Memory: 1550kB
               ->  Seq Scan on s_2  (cost=0.00..16370.00 rows=1000000 width=20) (actual time=0.004..50.345 rows=1000000 loops=1)
 Planning time: 0.288 ms
 Execution time: 127.761 ms
(8 rows)

===== 351 [Wed Mar  7 03:01:52 CET 2018] scale:1000000 groups:10000 work_mem:8MB incremental:off max_workers:0 =====
SELECT * FROM s_3 ORDER BY a, b, c, d LIMIT 10000
                                                           QUERY PLAN                                                            
---------------------------------------------------------------------------------------------------------------------------------
 Limit  (cost=87933.56..87933.56 rows=1 width=20) (actual time=129.655..129.655 rows=0 loops=1)
   ->  Limit  (cost=87808.56..87833.56 rows=10000 width=20) (actual time=128.448..129.377 rows=10000 loops=1)
         ->  Sort  (cost=87808.56..90308.56 rows=1000000 width=20) (actual time=128.447..128.836 rows=10000 loops=1)
               Sort Key: s_3.a, s_3.b, s_3.c, s_3.d
               Sort Method: top-N heapsort  Memory: 1550kB
               ->  Seq Scan on s_3  (cost=0.00..16370.00 rows=1000000 width=20) (actual time=0.007..49.870 rows=1000000 loops=1)
 Planning time: 0.280 ms
 Execution time: 129.784 ms
(8 rows)

===== 352 [Wed Mar  7 03:01:52 CET 2018] scale:1000000 groups:10000 work_mem:8MB incremental:off max_workers:0 =====
SELECT * FROM s_4 ORDER BY a, b, c, d, e LIMIT 10000
                                                           QUERY PLAN                                                            
---------------------------------------------------------------------------------------------------------------------------------
 Limit  (cost=87933.56..87933.56 rows=1 width=20) (actual time=128.800..128.800 rows=0 loops=1)
   ->  Limit  (cost=87808.56..87833.56 rows=10000 width=20) (actual time=127.583..128.525 rows=10000 loops=1)
         ->  Sort  (cost=87808.56..90308.56 rows=1000000 width=20) (actual time=127.582..127.966 rows=10000 loops=1)
               Sort Key: s_4.a, s_4.b, s_4.c, s_4.d, s_4.e
               Sort Method: top-N heapsort  Memory: 1550kB
               ->  Seq Scan on s_4  (cost=0.00..16370.00 rows=1000000 width=20) (actual time=0.011..49.776 rows=1000000 loops=1)
 Planning time: 0.279 ms
 Execution time: 128.927 ms
(8 rows)

===== 353 [Wed Mar  7 03:01:53 CET 2018] scale:1000000 groups:10000 work_mem:16MB incremental:on max_workers:0 =====
SELECT * FROM s_1 ORDER BY a, b LIMIT 10000
                                                                   QUERY PLAN                                                                   
------------------------------------------------------------------------------------------------------------------------------------------------
 Limit  (cost=290.52..290.52 rows=1 width=20) (actual time=4.650..4.650 rows=0 loops=1)
   ->  Limit  (cost=7.04..190.52 rows=10000 width=20) (actual time=0.070..4.371 rows=10000 loops=1)
         ->  Incremental Sort  (cost=7.04..18355.17 rows=1000000 width=20) (actual time=0.070..3.822 rows=10000 loops=1)
               Sort Key: s_1.a, s_1.b
               Presorted Key: s_1.a
               Sort Method: quicksort  Memory: 34kB
               Sort Groups: 100
               ->  Index Scan using s_1_a_idx on s_1  (cost=0.42..32353.42 rows=1000000 width=20) (actual time=0.016..1.219 rows=10042 loops=1)
 Planning time: 0.276 ms
 Execution time: 4.676 ms
(10 rows)

===== 354 [Wed Mar  7 03:01:53 CET 2018] scale:1000000 groups:10000 work_mem:16MB incremental:on max_workers:0 =====
SELECT * FROM s_2 ORDER BY a, b, c LIMIT 10000
                                                                    QUERY PLAN                                                                    
--------------------------------------------------------------------------------------------------------------------------------------------------
 Limit  (cost=301.72..301.72 rows=1 width=20) (actual time=3.371..3.371 rows=0 loops=1)
   ->  Limit  (cost=1.00..201.72 rows=10000 width=20) (actual time=0.051..3.094 rows=10000 loops=1)
         ->  Incremental Sort  (cost=1.00..20073.64 rows=1000000 width=20) (actual time=0.051..2.541 rows=10000 loops=1)
               Sort Key: s_2.a, s_2.b, s_2.c
               Presorted Key: s_2.a, s_2.b
               Sort Method: quicksort  Memory: 27kB
               Sort Groups: 313
               ->  Index Scan using s_2_a_b_idx on s_2  (cost=0.42..40712.74 rows=1000000 width=20) (actual time=0.009..1.199 rows=10018 loops=1)
 Planning time: 0.298 ms
 Execution time: 3.394 ms
(10 rows)

===== 355 [Wed Mar  7 03:01:53 CET 2018] scale:1000000 groups:10000 work_mem:16MB incremental:on max_workers:0 =====
SELECT * FROM s_3 ORDER BY a, b, c, d LIMIT 10000
                                                                     QUERY PLAN                                                                     
----------------------------------------------------------------------------------------------------------------------------------------------------
 Limit  (cost=302.21..302.21 rows=1 width=20) (actual time=3.412..3.412 rows=0 loops=1)
   ->  Limit  (cost=1.04..202.21 rows=10000 width=20) (actual time=0.063..3.134 rows=10000 loops=1)
         ->  Incremental Sort  (cost=1.04..20117.96 rows=1000000 width=20) (actual time=0.063..2.584 rows=10000 loops=1)
               Sort Key: s_3.a, s_3.b, s_3.c, s_3.d
               Presorted Key: s_3.a, s_3.b, s_3.c
               Sort Method: quicksort  Memory: 27kB
               Sort Groups: 313
               ->  Index Scan using s_3_a_b_c_idx on s_3  (cost=0.42..45144.74 rows=1000000 width=20) (actual time=0.015..1.244 rows=10017 loops=1)
 Planning time: 0.292 ms
 Execution time: 3.435 ms
(10 rows)

===== 356 [Wed Mar  7 03:01:53 CET 2018] scale:1000000 groups:10000 work_mem:16MB incremental:on max_workers:0 =====
SELECT * FROM s_4 ORDER BY a, b, c, d, e LIMIT 10000
                                                                      QUERY PLAN                                                                      
------------------------------------------------------------------------------------------------------------------------------------------------------
 Limit  (cost=302.21..302.21 rows=1 width=20) (actual time=3.409..3.409 rows=0 loops=1)
   ->  Limit  (cost=1.04..202.21 rows=10000 width=20) (actual time=0.065..3.132 rows=10000 loops=1)
         ->  Incremental Sort  (cost=1.04..20117.96 rows=1000000 width=20) (actual time=0.065..2.585 rows=10000 loops=1)
               Sort Key: s_4.a, s_4.b, s_4.c, s_4.d, s_4.e
               Presorted Key: s_4.a, s_4.b, s_4.c, s_4.d
               Sort Method: quicksort  Memory: 27kB
               Sort Groups: 313
               ->  Index Scan using s_4_a_b_c_d_idx on s_4  (cost=0.42..45144.74 rows=1000000 width=20) (actual time=0.018..1.245 rows=10017 loops=1)
 Planning time: 0.290 ms
 Execution time: 3.439 ms
(10 rows)

===== 357 [Wed Mar  7 03:01:53 CET 2018] scale:1000000 groups:10000 work_mem:16MB incremental:off max_workers:0 =====
SELECT * FROM s_1 ORDER BY a, b LIMIT 10000
                                                           QUERY PLAN                                                            
---------------------------------------------------------------------------------------------------------------------------------
 Limit  (cost=87933.56..87933.56 rows=1 width=20) (actual time=126.957..126.957 rows=0 loops=1)
   ->  Limit  (cost=87808.56..87833.56 rows=10000 width=20) (actual time=125.737..126.684 rows=10000 loops=1)
         ->  Sort  (cost=87808.56..90308.56 rows=1000000 width=20) (actual time=125.736..126.139 rows=10000 loops=1)
               Sort Key: s_1.a, s_1.b
               Sort Method: top-N heapsort  Memory: 1552kB
               ->  Seq Scan on s_1  (cost=0.00..16370.00 rows=1000000 width=20) (actual time=0.007..50.262 rows=1000000 loops=1)
 Planning time: 0.272 ms
 Execution time: 127.085 ms
(8 rows)

===== 358 [Wed Mar  7 03:01:54 CET 2018] scale:1000000 groups:10000 work_mem:16MB incremental:off max_workers:0 =====
SELECT * FROM s_2 ORDER BY a, b, c LIMIT 10000
                                                           QUERY PLAN                                                            
---------------------------------------------------------------------------------------------------------------------------------
 Limit  (cost=87933.56..87933.56 rows=1 width=20) (actual time=127.581..127.581 rows=0 loops=1)
   ->  Limit  (cost=87808.56..87833.56 rows=10000 width=20) (actual time=126.372..127.302 rows=10000 loops=1)
         ->  Sort  (cost=87808.56..90308.56 rows=1000000 width=20) (actual time=126.372..126.757 rows=10000 loops=1)
               Sort Key: s_2.a, s_2.b, s_2.c
               Sort Method: top-N heapsort  Memory: 1550kB
               ->  Seq Scan on s_2  (cost=0.00..16370.00 rows=1000000 width=20) (actual time=0.004..50.315 rows=1000000 loops=1)
 Planning time: 0.291 ms
 Execution time: 127.709 ms
(8 rows)

===== 359 [Wed Mar  7 03:01:55 CET 2018] scale:1000000 groups:10000 work_mem:16MB incremental:off max_workers:0 =====
SELECT * FROM s_3 ORDER BY a, b, c, d LIMIT 10000
                                                           QUERY PLAN                                                            
---------------------------------------------------------------------------------------------------------------------------------
 Limit  (cost=87933.56..87933.56 rows=1 width=20) (actual time=129.575..129.575 rows=0 loops=1)
   ->  Limit  (cost=87808.56..87833.56 rows=10000 width=20) (actual time=128.370..129.298 rows=10000 loops=1)
         ->  Sort  (cost=87808.56..90308.56 rows=1000000 width=20) (actual time=128.369..128.755 rows=10000 loops=1)
               Sort Key: s_3.a, s_3.b, s_3.c, s_3.d
               Sort Method: top-N heapsort  Memory: 1550kB
               ->  Seq Scan on s_3  (cost=0.00..16370.00 rows=1000000 width=20) (actual time=0.007..49.833 rows=1000000 loops=1)
 Planning time: 0.291 ms
 Execution time: 129.707 ms
(8 rows)

===== 360 [Wed Mar  7 03:01:55 CET 2018] scale:1000000 groups:10000 work_mem:16MB incremental:off max_workers:0 =====
SELECT * FROM s_4 ORDER BY a, b, c, d, e LIMIT 10000
                                                           QUERY PLAN                                                            
---------------------------------------------------------------------------------------------------------------------------------
 Limit  (cost=87933.56..87933.56 rows=1 width=20) (actual time=128.722..128.722 rows=0 loops=1)
   ->  Limit  (cost=87808.56..87833.56 rows=10000 width=20) (actual time=127.506..128.446 rows=10000 loops=1)
         ->  Sort  (cost=87808.56..90308.56 rows=1000000 width=20) (actual time=127.505..127.891 rows=10000 loops=1)
               Sort Key: s_4.a, s_4.b, s_4.c, s_4.d, s_4.e
               Sort Method: top-N heapsort  Memory: 1550kB
               ->  Seq Scan on s_4  (cost=0.00..16370.00 rows=1000000 width=20) (actual time=0.011..49.722 rows=1000000 loops=1)
 Planning time: 0.278 ms
 Execution time: 128.849 ms
(8 rows)

===== 361 [Wed Mar  7 03:01:56 CET 2018] scale:1000000 groups:10000 work_mem:32MB incremental:on max_workers:0 =====
SELECT * FROM s_1 ORDER BY a, b LIMIT 10000
                                                                   QUERY PLAN                                                                   
------------------------------------------------------------------------------------------------------------------------------------------------
 Limit  (cost=290.52..290.52 rows=1 width=20) (actual time=4.660..4.660 rows=0 loops=1)
   ->  Limit  (cost=7.04..190.52 rows=10000 width=20) (actual time=0.071..4.376 rows=10000 loops=1)
         ->  Incremental Sort  (cost=7.04..18355.17 rows=1000000 width=20) (actual time=0.071..3.824 rows=10000 loops=1)
               Sort Key: s_1.a, s_1.b
               Presorted Key: s_1.a
               Sort Method: quicksort  Memory: 34kB
               Sort Groups: 100
               ->  Index Scan using s_1_a_idx on s_1  (cost=0.42..32353.42 rows=1000000 width=20) (actual time=0.016..1.218 rows=10042 loops=1)
 Planning time: 0.273 ms
 Execution time: 4.686 ms
(10 rows)

===== 362 [Wed Mar  7 03:01:56 CET 2018] scale:1000000 groups:10000 work_mem:32MB incremental:on max_workers:0 =====
SELECT * FROM s_2 ORDER BY a, b, c LIMIT 10000
                                                                    QUERY PLAN                                                                    
--------------------------------------------------------------------------------------------------------------------------------------------------
 Limit  (cost=301.72..301.72 rows=1 width=20) (actual time=3.368..3.368 rows=0 loops=1)
   ->  Limit  (cost=1.00..201.72 rows=10000 width=20) (actual time=0.050..3.091 rows=10000 loops=1)
         ->  Incremental Sort  (cost=1.00..20073.64 rows=1000000 width=20) (actual time=0.049..2.535 rows=10000 loops=1)
               Sort Key: s_2.a, s_2.b, s_2.c
               Presorted Key: s_2.a, s_2.b
               Sort Method: quicksort  Memory: 27kB
               Sort Groups: 313
               ->  Index Scan using s_2_a_b_idx on s_2  (cost=0.42..40712.74 rows=1000000 width=20) (actual time=0.009..1.197 rows=10018 loops=1)
 Planning time: 0.301 ms
 Execution time: 3.391 ms
(10 rows)

===== 363 [Wed Mar  7 03:01:56 CET 2018] scale:1000000 groups:10000 work_mem:32MB incremental:on max_workers:0 =====
SELECT * FROM s_3 ORDER BY a, b, c, d LIMIT 10000
                                                                     QUERY PLAN                                                                     
----------------------------------------------------------------------------------------------------------------------------------------------------
 Limit  (cost=302.21..302.21 rows=1 width=20) (actual time=3.403..3.403 rows=0 loops=1)
   ->  Limit  (cost=1.04..202.21 rows=10000 width=20) (actual time=0.063..3.120 rows=10000 loops=1)
         ->  Incremental Sort  (cost=1.04..20117.96 rows=1000000 width=20) (actual time=0.063..2.572 rows=10000 loops=1)
               Sort Key: s_3.a, s_3.b, s_3.c, s_3.d
               Presorted Key: s_3.a, s_3.b, s_3.c
               Sort Method: quicksort  Memory: 27kB
               Sort Groups: 313
               ->  Index Scan using s_3_a_b_c_idx on s_3  (cost=0.42..45144.74 rows=1000000 width=20) (actual time=0.015..1.232 rows=10017 loops=1)
 Planning time: 0.292 ms
 Execution time: 3.426 ms
(10 rows)

===== 364 [Wed Mar  7 03:01:56 CET 2018] scale:1000000 groups:10000 work_mem:32MB incremental:on max_workers:0 =====
SELECT * FROM s_4 ORDER BY a, b, c, d, e LIMIT 10000
                                                                      QUERY PLAN                                                                      
------------------------------------------------------------------------------------------------------------------------------------------------------
 Limit  (cost=302.21..302.21 rows=1 width=20) (actual time=3.408..3.408 rows=0 loops=1)
   ->  Limit  (cost=1.04..202.21 rows=10000 width=20) (actual time=0.063..3.127 rows=10000 loops=1)
         ->  Incremental Sort  (cost=1.04..20117.96 rows=1000000 width=20) (actual time=0.063..2.580 rows=10000 loops=1)
               Sort Key: s_4.a, s_4.b, s_4.c, s_4.d, s_4.e
               Presorted Key: s_4.a, s_4.b, s_4.c, s_4.d
               Sort Method: quicksort  Memory: 27kB
               Sort Groups: 313
               ->  Index Scan using s_4_a_b_c_d_idx on s_4  (cost=0.42..45144.74 rows=1000000 width=20) (actual time=0.019..1.247 rows=10017 loops=1)
 Planning time: 0.289 ms
 Execution time: 3.431 ms
(10 rows)

===== 365 [Wed Mar  7 03:01:56 CET 2018] scale:1000000 groups:10000 work_mem:32MB incremental:off max_workers:0 =====
SELECT * FROM s_1 ORDER BY a, b LIMIT 10000
                                                           QUERY PLAN                                                            
---------------------------------------------------------------------------------------------------------------------------------
 Limit  (cost=87933.56..87933.56 rows=1 width=20) (actual time=127.008..127.008 rows=0 loops=1)
   ->  Limit  (cost=87808.56..87833.56 rows=10000 width=20) (actual time=125.784..126.733 rows=10000 loops=1)
         ->  Sort  (cost=87808.56..90308.56 rows=1000000 width=20) (actual time=125.783..126.188 rows=10000 loops=1)
               Sort Key: s_1.a, s_1.b
               Sort Method: top-N heapsort  Memory: 1552kB
               ->  Seq Scan on s_1  (cost=0.00..16370.00 rows=1000000 width=20) (actual time=0.007..50.292 rows=1000000 loops=1)
 Planning time: 0.271 ms
 Execution time: 127.138 ms
(8 rows)

===== 366 [Wed Mar  7 03:01:57 CET 2018] scale:1000000 groups:10000 work_mem:32MB incremental:off max_workers:0 =====
SELECT * FROM s_2 ORDER BY a, b, c LIMIT 10000
                                                           QUERY PLAN                                                            
---------------------------------------------------------------------------------------------------------------------------------
 Limit  (cost=87933.56..87933.56 rows=1 width=20) (actual time=127.570..127.570 rows=0 loops=1)
   ->  Limit  (cost=87808.56..87833.56 rows=10000 width=20) (actual time=126.369..127.294 rows=10000 loops=1)
         ->  Sort  (cost=87808.56..90308.56 rows=1000000 width=20) (actual time=126.368..126.750 rows=10000 loops=1)
               Sort Key: s_2.a, s_2.b, s_2.c
               Sort Method: top-N heapsort  Memory: 1550kB
               ->  Seq Scan on s_2  (cost=0.00..16370.00 rows=1000000 width=20) (actual time=0.004..50.329 rows=1000000 loops=1)
 Planning time: 0.292 ms
 Execution time: 127.697 ms
(8 rows)

===== 367 [Wed Mar  7 03:01:57 CET 2018] scale:1000000 groups:10000 work_mem:32MB incremental:off max_workers:0 =====
SELECT * FROM s_3 ORDER BY a, b, c, d LIMIT 10000
                                                           QUERY PLAN                                                            
---------------------------------------------------------------------------------------------------------------------------------
 Limit  (cost=87933.56..87933.56 rows=1 width=20) (actual time=129.556..129.556 rows=0 loops=1)
   ->  Limit  (cost=87808.56..87833.56 rows=10000 width=20) (actual time=128.348..129.280 rows=10000 loops=1)
         ->  Sort  (cost=87808.56..90308.56 rows=1000000 width=20) (actual time=128.347..128.737 rows=10000 loops=1)
               Sort Key: s_3.a, s_3.b, s_3.c, s_3.d
               Sort Method: top-N heapsort  Memory: 1550kB
               ->  Seq Scan on s_3  (cost=0.00..16370.00 rows=1000000 width=20) (actual time=0.007..49.812 rows=1000000 loops=1)
 Planning time: 0.279 ms
 Execution time: 129.685 ms
(8 rows)

===== 368 [Wed Mar  7 03:01:58 CET 2018] scale:1000000 groups:10000 work_mem:32MB incremental:off max_workers:0 =====
SELECT * FROM s_4 ORDER BY a, b, c, d, e LIMIT 10000
                                                           QUERY PLAN                                                            
---------------------------------------------------------------------------------------------------------------------------------
 Limit  (cost=87933.56..87933.56 rows=1 width=20) (actual time=128.704..128.704 rows=0 loops=1)
   ->  Limit  (cost=87808.56..87833.56 rows=10000 width=20) (actual time=127.486..128.428 rows=10000 loops=1)
         ->  Sort  (cost=87808.56..90308.56 rows=1000000 width=20) (actual time=127.486..127.870 rows=10000 loops=1)
               Sort Key: s_4.a, s_4.b, s_4.c, s_4.d, s_4.e
               Sort Method: top-N heapsort  Memory: 1550kB
               ->  Seq Scan on s_4  (cost=0.00..16370.00 rows=1000000 width=20) (actual time=0.011..49.706 rows=1000000 loops=1)
 Planning time: 0.276 ms
 Execution time: 128.831 ms
(8 rows)

===== 369 [Wed Mar  7 03:01:59 CET 2018] scale:1000000 groups:10000 work_mem:64MB incremental:on max_workers:0 =====
SELECT * FROM s_1 ORDER BY a, b LIMIT 10000
                                                                   QUERY PLAN                                                                   
------------------------------------------------------------------------------------------------------------------------------------------------
 Limit  (cost=290.52..290.52 rows=1 width=20) (actual time=4.654..4.654 rows=0 loops=1)
   ->  Limit  (cost=7.04..190.52 rows=10000 width=20) (actual time=0.070..4.380 rows=10000 loops=1)
         ->  Incremental Sort  (cost=7.04..18355.17 rows=1000000 width=20) (actual time=0.069..3.829 rows=10000 loops=1)
               Sort Key: s_1.a, s_1.b
               Presorted Key: s_1.a
               Sort Method: quicksort  Memory: 34kB
               Sort Groups: 100
               ->  Index Scan using s_1_a_idx on s_1  (cost=0.42..32353.42 rows=1000000 width=20) (actual time=0.016..1.224 rows=10042 loops=1)
 Planning time: 0.274 ms
 Execution time: 4.679 ms
(10 rows)

===== 370 [Wed Mar  7 03:01:59 CET 2018] scale:1000000 groups:10000 work_mem:64MB incremental:on max_workers:0 =====
SELECT * FROM s_2 ORDER BY a, b, c LIMIT 10000
                                                                    QUERY PLAN                                                                    
--------------------------------------------------------------------------------------------------------------------------------------------------
 Limit  (cost=301.72..301.72 rows=1 width=20) (actual time=3.366..3.366 rows=0 loops=1)
   ->  Limit  (cost=1.00..201.72 rows=10000 width=20) (actual time=0.050..3.089 rows=10000 loops=1)
         ->  Incremental Sort  (cost=1.00..20073.64 rows=1000000 width=20) (actual time=0.050..2.539 rows=10000 loops=1)
               Sort Key: s_2.a, s_2.b, s_2.c
               Presorted Key: s_2.a, s_2.b
               Sort Method: quicksort  Memory: 27kB
               Sort Groups: 313
               ->  Index Scan using s_2_a_b_idx on s_2  (cost=0.42..40712.74 rows=1000000 width=20) (actual time=0.009..1.193 rows=10018 loops=1)
 Planning time: 0.305 ms
 Execution time: 3.389 ms
(10 rows)

===== 371 [Wed Mar  7 03:01:59 CET 2018] scale:1000000 groups:10000 work_mem:64MB incremental:on max_workers:0 =====
SELECT * FROM s_3 ORDER BY a, b, c, d LIMIT 10000
                                                                     QUERY PLAN                                                                     
----------------------------------------------------------------------------------------------------------------------------------------------------
 Limit  (cost=302.21..302.21 rows=1 width=20) (actual time=3.408..3.408 rows=0 loops=1)
   ->  Limit  (cost=1.04..202.21 rows=10000 width=20) (actual time=0.062..3.127 rows=10000 loops=1)
         ->  Incremental Sort  (cost=1.04..20117.96 rows=1000000 width=20) (actual time=0.062..2.572 rows=10000 loops=1)
               Sort Key: s_3.a, s_3.b, s_3.c, s_3.d
               Presorted Key: s_3.a, s_3.b, s_3.c
               Sort Method: quicksort  Memory: 27kB
               Sort Groups: 313
               ->  Index Scan using s_3_a_b_c_idx on s_3  (cost=0.42..45144.74 rows=1000000 width=20) (actual time=0.015..1.238 rows=10017 loops=1)
 Planning time: 0.301 ms
 Execution time: 3.434 ms
(10 rows)

===== 372 [Wed Mar  7 03:01:59 CET 2018] scale:1000000 groups:10000 work_mem:64MB incremental:on max_workers:0 =====
SELECT * FROM s_4 ORDER BY a, b, c, d, e LIMIT 10000
                                                                      QUERY PLAN                                                                      
------------------------------------------------------------------------------------------------------------------------------------------------------
 Limit  (cost=302.21..302.21 rows=1 width=20) (actual time=3.419..3.419 rows=0 loops=1)
   ->  Limit  (cost=1.04..202.21 rows=10000 width=20) (actual time=0.064..3.136 rows=10000 loops=1)
         ->  Incremental Sort  (cost=1.04..20117.96 rows=1000000 width=20) (actual time=0.064..2.588 rows=10000 loops=1)
               Sort Key: s_4.a, s_4.b, s_4.c, s_4.d, s_4.e
               Presorted Key: s_4.a, s_4.b, s_4.c, s_4.d
               Sort Method: quicksort  Memory: 27kB
               Sort Groups: 313
               ->  Index Scan using s_4_a_b_c_d_idx on s_4  (cost=0.42..45144.74 rows=1000000 width=20) (actual time=0.019..1.251 rows=10017 loops=1)
 Planning time: 0.291 ms
 Execution time: 3.443 ms
(10 rows)

===== 373 [Wed Mar  7 03:01:59 CET 2018] scale:1000000 groups:10000 work_mem:64MB incremental:off max_workers:0 =====
SELECT * FROM s_1 ORDER BY a, b LIMIT 10000
                                                           QUERY PLAN                                                            
---------------------------------------------------------------------------------------------------------------------------------
 Limit  (cost=87933.56..87933.56 rows=1 width=20) (actual time=127.006..127.006 rows=0 loops=1)
   ->  Limit  (cost=87808.56..87833.56 rows=10000 width=20) (actual time=125.783..126.729 rows=10000 loops=1)
         ->  Sort  (cost=87808.56..90308.56 rows=1000000 width=20) (actual time=125.782..126.184 rows=10000 loops=1)
               Sort Key: s_1.a, s_1.b
               Sort Method: top-N heapsort  Memory: 1552kB
               ->  Seq Scan on s_1  (cost=0.00..16370.00 rows=1000000 width=20) (actual time=0.007..50.274 rows=1000000 loops=1)
 Planning time: 0.278 ms
 Execution time: 127.135 ms
(8 rows)

===== 374 [Wed Mar  7 03:02:00 CET 2018] scale:1000000 groups:10000 work_mem:64MB incremental:off max_workers:0 =====
SELECT * FROM s_2 ORDER BY a, b, c LIMIT 10000
                                                           QUERY PLAN                                                            
---------------------------------------------------------------------------------------------------------------------------------
 Limit  (cost=87933.56..87933.56 rows=1 width=20) (actual time=127.593..127.593 rows=0 loops=1)
   ->  Limit  (cost=87808.56..87833.56 rows=10000 width=20) (actual time=126.388..127.317 rows=10000 loops=1)
         ->  Sort  (cost=87808.56..90308.56 rows=1000000 width=20) (actual time=126.387..126.772 rows=10000 loops=1)
               Sort Key: s_2.a, s_2.b, s_2.c
               Sort Method: top-N heapsort  Memory: 1550kB
               ->  Seq Scan on s_2  (cost=0.00..16370.00 rows=1000000 width=20) (actual time=0.007..50.313 rows=1000000 loops=1)
 Planning time: 0.287 ms
 Execution time: 127.722 ms
(8 rows)

===== 375 [Wed Mar  7 03:02:00 CET 2018] scale:1000000 groups:10000 work_mem:64MB incremental:off max_workers:0 =====
SELECT * FROM s_3 ORDER BY a, b, c, d LIMIT 10000
                                                           QUERY PLAN                                                            
---------------------------------------------------------------------------------------------------------------------------------
 Limit  (cost=87933.56..87933.56 rows=1 width=20) (actual time=129.648..129.648 rows=0 loops=1)
   ->  Limit  (cost=87808.56..87833.56 rows=10000 width=20) (actual time=128.439..129.371 rows=10000 loops=1)
         ->  Sort  (cost=87808.56..90308.56 rows=1000000 width=20) (actual time=128.438..128.825 rows=10000 loops=1)
               Sort Key: s_3.a, s_3.b, s_3.c, s_3.d
               Sort Method: top-N heapsort  Memory: 1550kB
               ->  Seq Scan on s_3  (cost=0.00..16370.00 rows=1000000 width=20) (actual time=0.007..49.836 rows=1000000 loops=1)
 Planning time: 0.284 ms
 Execution time: 129.776 ms
(8 rows)

===== 376 [Wed Mar  7 03:02:01 CET 2018] scale:1000000 groups:10000 work_mem:64MB incremental:off max_workers:0 =====
SELECT * FROM s_4 ORDER BY a, b, c, d, e LIMIT 10000
                                                           QUERY PLAN                                                            
---------------------------------------------------------------------------------------------------------------------------------
 Limit  (cost=87933.56..87933.56 rows=1 width=20) (actual time=128.768..128.768 rows=0 loops=1)
   ->  Limit  (cost=87808.56..87833.56 rows=10000 width=20) (actual time=127.550..128.492 rows=10000 loops=1)
         ->  Sort  (cost=87808.56..90308.56 rows=1000000 width=20) (actual time=127.550..127.934 rows=10000 loops=1)
               Sort Key: s_4.a, s_4.b, s_4.c, s_4.d, s_4.e
               Sort Method: top-N heapsort  Memory: 1550kB
               ->  Seq Scan on s_4  (cost=0.00..16370.00 rows=1000000 width=20) (actual time=0.011..49.742 rows=1000000 loops=1)
 Planning time: 0.275 ms
 Execution time: 128.898 ms
(8 rows)

===== 377 [Wed Mar  7 03:02:02 CET 2018] scale:1000000 groups:10000 work_mem:128MB incremental:on max_workers:0 =====
SELECT * FROM s_1 ORDER BY a, b LIMIT 10000
                                                                   QUERY PLAN                                                                   
------------------------------------------------------------------------------------------------------------------------------------------------
 Limit  (cost=290.52..290.52 rows=1 width=20) (actual time=4.656..4.656 rows=0 loops=1)
   ->  Limit  (cost=7.04..190.52 rows=10000 width=20) (actual time=0.071..4.381 rows=10000 loops=1)
         ->  Incremental Sort  (cost=7.04..18355.17 rows=1000000 width=20) (actual time=0.071..3.831 rows=10000 loops=1)
               Sort Key: s_1.a, s_1.b
               Presorted Key: s_1.a
               Sort Method: quicksort  Memory: 34kB
               Sort Groups: 100
               ->  Index Scan using s_1_a_idx on s_1  (cost=0.42..32353.42 rows=1000000 width=20) (actual time=0.015..1.227 rows=10042 loops=1)
 Planning time: 0.272 ms
 Execution time: 4.682 ms
(10 rows)

===== 378 [Wed Mar  7 03:02:02 CET 2018] scale:1000000 groups:10000 work_mem:128MB incremental:on max_workers:0 =====
SELECT * FROM s_2 ORDER BY a, b, c LIMIT 10000
                                                                    QUERY PLAN                                                                    
--------------------------------------------------------------------------------------------------------------------------------------------------
 Limit  (cost=301.72..301.72 rows=1 width=20) (actual time=3.371..3.371 rows=0 loops=1)
   ->  Limit  (cost=1.00..201.72 rows=10000 width=20) (actual time=0.052..3.091 rows=10000 loops=1)
         ->  Incremental Sort  (cost=1.00..20073.64 rows=1000000 width=20) (actual time=0.052..2.542 rows=10000 loops=1)
               Sort Key: s_2.a, s_2.b, s_2.c
               Presorted Key: s_2.a, s_2.b
               Sort Method: quicksort  Memory: 27kB
               Sort Groups: 313
               ->  Index Scan using s_2_a_b_idx on s_2  (cost=0.42..40712.74 rows=1000000 width=20) (actual time=0.009..1.202 rows=10018 loops=1)
 Planning time: 0.301 ms
 Execution time: 3.394 ms
(10 rows)

===== 379 [Wed Mar  7 03:02:02 CET 2018] scale:1000000 groups:10000 work_mem:128MB incremental:on max_workers:0 =====
SELECT * FROM s_3 ORDER BY a, b, c, d LIMIT 10000
                                                                     QUERY PLAN                                                                     
----------------------------------------------------------------------------------------------------------------------------------------------------
 Limit  (cost=302.21..302.21 rows=1 width=20) (actual time=3.410..3.410 rows=0 loops=1)
   ->  Limit  (cost=1.04..202.21 rows=10000 width=20) (actual time=0.066..3.133 rows=10000 loops=1)
         ->  Incremental Sort  (cost=1.04..20117.96 rows=1000000 width=20) (actual time=0.066..2.582 rows=10000 loops=1)
               Sort Key: s_3.a, s_3.b, s_3.c, s_3.d
               Presorted Key: s_3.a, s_3.b, s_3.c
               Sort Method: quicksort  Memory: 27kB
               Sort Groups: 313
               ->  Index Scan using s_3_a_b_c_idx on s_3  (cost=0.42..45144.74 rows=1000000 width=20) (actual time=0.016..1.243 rows=10017 loops=1)
 Planning time: 0.295 ms
 Execution time: 3.434 ms
(10 rows)

===== 380 [Wed Mar  7 03:02:02 CET 2018] scale:1000000 groups:10000 work_mem:128MB incremental:on max_workers:0 =====
SELECT * FROM s_4 ORDER BY a, b, c, d, e LIMIT 10000
                                                                      QUERY PLAN                                                                      
------------------------------------------------------------------------------------------------------------------------------------------------------
 Limit  (cost=302.21..302.21 rows=1 width=20) (actual time=3.418..3.418 rows=0 loops=1)
   ->  Limit  (cost=1.04..202.21 rows=10000 width=20) (actual time=0.064..3.131 rows=10000 loops=1)
         ->  Incremental Sort  (cost=1.04..20117.96 rows=1000000 width=20) (actual time=0.063..2.584 rows=10000 loops=1)
               Sort Key: s_4.a, s_4.b, s_4.c, s_4.d, s_4.e
               Presorted Key: s_4.a, s_4.b, s_4.c, s_4.d
               Sort Method: quicksort  Memory: 27kB
               Sort Groups: 313
               ->  Index Scan using s_4_a_b_c_d_idx on s_4  (cost=0.42..45144.74 rows=1000000 width=20) (actual time=0.018..1.245 rows=10017 loops=1)
 Planning time: 0.290 ms
 Execution time: 3.443 ms
(10 rows)

===== 381 [Wed Mar  7 03:02:02 CET 2018] scale:1000000 groups:10000 work_mem:128MB incremental:off max_workers:0 =====
SELECT * FROM s_1 ORDER BY a, b LIMIT 10000
                                                           QUERY PLAN                                                            
---------------------------------------------------------------------------------------------------------------------------------
 Limit  (cost=87933.56..87933.56 rows=1 width=20) (actual time=127.045..127.045 rows=0 loops=1)
   ->  Limit  (cost=87808.56..87833.56 rows=10000 width=20) (actual time=125.825..126.771 rows=10000 loops=1)
         ->  Sort  (cost=87808.56..90308.56 rows=1000000 width=20) (actual time=125.824..126.228 rows=10000 loops=1)
               Sort Key: s_1.a, s_1.b
               Sort Method: top-N heapsort  Memory: 1552kB
               ->  Seq Scan on s_1  (cost=0.00..16370.00 rows=1000000 width=20) (actual time=0.007..50.298 rows=1000000 loops=1)
 Planning time: 0.277 ms
 Execution time: 127.176 ms
(8 rows)

===== 382 [Wed Mar  7 03:02:03 CET 2018] scale:1000000 groups:10000 work_mem:128MB incremental:off max_workers:0 =====
SELECT * FROM s_2 ORDER BY a, b, c LIMIT 10000
                                                           QUERY PLAN                                                            
---------------------------------------------------------------------------------------------------------------------------------
 Limit  (cost=87933.56..87933.56 rows=1 width=20) (actual time=127.623..127.623 rows=0 loops=1)
   ->  Limit  (cost=87808.56..87833.56 rows=10000 width=20) (actual time=126.419..127.347 rows=10000 loops=1)
         ->  Sort  (cost=87808.56..90308.56 rows=1000000 width=20) (actual time=126.418..126.800 rows=10000 loops=1)
               Sort Key: s_2.a, s_2.b, s_2.c
               Sort Method: top-N heapsort  Memory: 1550kB
               ->  Seq Scan on s_2  (cost=0.00..16370.00 rows=1000000 width=20) (actual time=0.004..50.321 rows=1000000 loops=1)
 Planning time: 0.298 ms
 Execution time: 127.751 ms
(8 rows)

===== 383 [Wed Mar  7 03:02:03 CET 2018] scale:1000000 groups:10000 work_mem:128MB incremental:off max_workers:0 =====
SELECT * FROM s_3 ORDER BY a, b, c, d LIMIT 10000
                                                           QUERY PLAN                                                            
---------------------------------------------------------------------------------------------------------------------------------
 Limit  (cost=87933.56..87933.56 rows=1 width=20) (actual time=129.579..129.579 rows=0 loops=1)
   ->  Limit  (cost=87808.56..87833.56 rows=10000 width=20) (actual time=128.375..129.306 rows=10000 loops=1)
         ->  Sort  (cost=87808.56..90308.56 rows=1000000 width=20) (actual time=128.374..128.761 rows=10000 loops=1)
               Sort Key: s_3.a, s_3.b, s_3.c, s_3.d
               Sort Method: top-N heapsort  Memory: 1550kB
               ->  Seq Scan on s_3  (cost=0.00..16370.00 rows=1000000 width=20) (actual time=0.007..49.810 rows=1000000 loops=1)
 Planning time: 0.281 ms
 Execution time: 129.707 ms
(8 rows)

===== 384 [Wed Mar  7 03:02:04 CET 2018] scale:1000000 groups:10000 work_mem:128MB incremental:off max_workers:0 =====
SELECT * FROM s_4 ORDER BY a, b, c, d, e LIMIT 10000
                                                           QUERY PLAN                                                            
---------------------------------------------------------------------------------------------------------------------------------
 Limit  (cost=87933.56..87933.56 rows=1 width=20) (actual time=128.727..128.727 rows=0 loops=1)
   ->  Limit  (cost=87808.56..87833.56 rows=10000 width=20) (actual time=127.509..128.452 rows=10000 loops=1)
         ->  Sort  (cost=87808.56..90308.56 rows=1000000 width=20) (actual time=127.508..127.892 rows=10000 loops=1)
               Sort Key: s_4.a, s_4.b, s_4.c, s_4.d, s_4.e
               Sort Method: top-N heapsort  Memory: 1550kB
               ->  Seq Scan on s_4  (cost=0.00..16370.00 rows=1000000 width=20) (actual time=0.011..49.744 rows=1000000 loops=1)
 Planning time: 0.277 ms
 Execution time: 128.855 ms
(8 rows)

===== 385 [Wed Mar  7 03:02:04 CET 2018] scale:1000000 groups:10000 work_mem:256MB incremental:on max_workers:0 =====
SELECT * FROM s_1 ORDER BY a, b LIMIT 10000
                                                                   QUERY PLAN                                                                   
------------------------------------------------------------------------------------------------------------------------------------------------
 Limit  (cost=290.52..290.52 rows=1 width=20) (actual time=4.650..4.650 rows=0 loops=1)
   ->  Limit  (cost=7.04..190.52 rows=10000 width=20) (actual time=0.070..4.372 rows=10000 loops=1)
         ->  Incremental Sort  (cost=7.04..18355.17 rows=1000000 width=20) (actual time=0.070..3.819 rows=10000 loops=1)
               Sort Key: s_1.a, s_1.b
               Presorted Key: s_1.a
               Sort Method: quicksort  Memory: 34kB
               Sort Groups: 100
               ->  Index Scan using s_1_a_idx on s_1  (cost=0.42..32353.42 rows=1000000 width=20) (actual time=0.015..1.219 rows=10042 loops=1)
 Planning time: 0.275 ms
 Execution time: 4.675 ms
(10 rows)

===== 386 [Wed Mar  7 03:02:05 CET 2018] scale:1000000 groups:10000 work_mem:256MB incremental:on max_workers:0 =====
SELECT * FROM s_2 ORDER BY a, b, c LIMIT 10000
                                                                    QUERY PLAN                                                                    
--------------------------------------------------------------------------------------------------------------------------------------------------
 Limit  (cost=301.72..301.72 rows=1 width=20) (actual time=3.365..3.365 rows=0 loops=1)
   ->  Limit  (cost=1.00..201.72 rows=10000 width=20) (actual time=0.051..3.089 rows=10000 loops=1)
         ->  Incremental Sort  (cost=1.00..20073.64 rows=1000000 width=20) (actual time=0.051..2.536 rows=10000 loops=1)
               Sort Key: s_2.a, s_2.b, s_2.c
               Presorted Key: s_2.a, s_2.b
               Sort Method: quicksort  Memory: 27kB
               Sort Groups: 313
               ->  Index Scan using s_2_a_b_idx on s_2  (cost=0.42..40712.74 rows=1000000 width=20) (actual time=0.009..1.196 rows=10018 loops=1)
 Planning time: 0.301 ms
 Execution time: 3.389 ms
(10 rows)

===== 387 [Wed Mar  7 03:02:05 CET 2018] scale:1000000 groups:10000 work_mem:256MB incremental:on max_workers:0 =====
SELECT * FROM s_3 ORDER BY a, b, c, d LIMIT 10000
                                                                     QUERY PLAN                                                                     
----------------------------------------------------------------------------------------------------------------------------------------------------
 Limit  (cost=302.21..302.21 rows=1 width=20) (actual time=3.402..3.402 rows=0 loops=1)
   ->  Limit  (cost=1.04..202.21 rows=10000 width=20) (actual time=0.061..3.123 rows=10000 loops=1)
         ->  Incremental Sort  (cost=1.04..20117.96 rows=1000000 width=20) (actual time=0.061..2.571 rows=10000 loops=1)
               Sort Key: s_3.a, s_3.b, s_3.c, s_3.d
               Presorted Key: s_3.a, s_3.b, s_3.c
               Sort Method: quicksort  Memory: 27kB
               Sort Groups: 313
               ->  Index Scan using s_3_a_b_c_idx on s_3  (cost=0.42..45144.74 rows=1000000 width=20) (actual time=0.015..1.238 rows=10017 loops=1)
 Planning time: 0.298 ms
 Execution time: 3.425 ms
(10 rows)

===== 388 [Wed Mar  7 03:02:05 CET 2018] scale:1000000 groups:10000 work_mem:256MB incremental:on max_workers:0 =====
SELECT * FROM s_4 ORDER BY a, b, c, d, e LIMIT 10000
                                                                      QUERY PLAN                                                                      
------------------------------------------------------------------------------------------------------------------------------------------------------
 Limit  (cost=302.21..302.21 rows=1 width=20) (actual time=3.413..3.413 rows=0 loops=1)
   ->  Limit  (cost=1.04..202.21 rows=10000 width=20) (actual time=0.066..3.137 rows=10000 loops=1)
         ->  Incremental Sort  (cost=1.04..20117.96 rows=1000000 width=20) (actual time=0.066..2.590 rows=10000 loops=1)
               Sort Key: s_4.a, s_4.b, s_4.c, s_4.d, s_4.e
               Presorted Key: s_4.a, s_4.b, s_4.c, s_4.d
               Sort Method: quicksort  Memory: 27kB
               Sort Groups: 313
               ->  Index Scan using s_4_a_b_c_d_idx on s_4  (cost=0.42..45144.74 rows=1000000 width=20) (actual time=0.019..1.247 rows=10017 loops=1)
 Planning time: 0.289 ms
 Execution time: 3.436 ms
(10 rows)

===== 389 [Wed Mar  7 03:02:05 CET 2018] scale:1000000 groups:10000 work_mem:256MB incremental:off max_workers:0 =====
SELECT * FROM s_1 ORDER BY a, b LIMIT 10000
                                                           QUERY PLAN                                                            
---------------------------------------------------------------------------------------------------------------------------------
 Limit  (cost=87933.56..87933.56 rows=1 width=20) (actual time=127.035..127.035 rows=0 loops=1)
   ->  Limit  (cost=87808.56..87833.56 rows=10000 width=20) (actual time=125.813..126.760 rows=10000 loops=1)
         ->  Sort  (cost=87808.56..90308.56 rows=1000000 width=20) (actual time=125.812..126.213 rows=10000 loops=1)
               Sort Key: s_1.a, s_1.b
               Sort Method: top-N heapsort  Memory: 1552kB
               ->  Seq Scan on s_1  (cost=0.00..16370.00 rows=1000000 width=20) (actual time=0.007..50.311 rows=1000000 loops=1)
 Planning time: 0.286 ms
 Execution time: 127.168 ms
(8 rows)

===== 390 [Wed Mar  7 03:02:05 CET 2018] scale:1000000 groups:10000 work_mem:256MB incremental:off max_workers:0 =====
SELECT * FROM s_2 ORDER BY a, b, c LIMIT 10000
                                                           QUERY PLAN                                                            
---------------------------------------------------------------------------------------------------------------------------------
 Limit  (cost=87933.56..87933.56 rows=1 width=20) (actual time=127.595..127.595 rows=0 loops=1)
   ->  Limit  (cost=87808.56..87833.56 rows=10000 width=20) (actual time=126.394..127.319 rows=10000 loops=1)
         ->  Sort  (cost=87808.56..90308.56 rows=1000000 width=20) (actual time=126.393..126.776 rows=10000 loops=1)
               Sort Key: s_2.a, s_2.b, s_2.c
               Sort Method: top-N heapsort  Memory: 1550kB
               ->  Seq Scan on s_2  (cost=0.00..16370.00 rows=1000000 width=20) (actual time=0.004..50.303 rows=1000000 loops=1)
 Planning time: 0.290 ms
 Execution time: 127.725 ms
(8 rows)

===== 391 [Wed Mar  7 03:02:06 CET 2018] scale:1000000 groups:10000 work_mem:256MB incremental:off max_workers:0 =====
SELECT * FROM s_3 ORDER BY a, b, c, d LIMIT 10000
                                                           QUERY PLAN                                                            
---------------------------------------------------------------------------------------------------------------------------------
 Limit  (cost=87933.56..87933.56 rows=1 width=20) (actual time=129.505..129.505 rows=0 loops=1)
   ->  Limit  (cost=87808.56..87833.56 rows=10000 width=20) (actual time=128.296..129.229 rows=10000 loops=1)
         ->  Sort  (cost=87808.56..90308.56 rows=1000000 width=20) (actual time=128.296..128.683 rows=10000 loops=1)
               Sort Key: s_3.a, s_3.b, s_3.c, s_3.d
               Sort Method: top-N heapsort  Memory: 1550kB
               ->  Seq Scan on s_3  (cost=0.00..16370.00 rows=1000000 width=20) (actual time=0.007..49.829 rows=1000000 loops=1)
 Planning time: 0.284 ms
 Execution time: 129.635 ms
(8 rows)

===== 392 [Wed Mar  7 03:02:07 CET 2018] scale:1000000 groups:10000 work_mem:256MB incremental:off max_workers:0 =====
SELECT * FROM s_4 ORDER BY a, b, c, d, e LIMIT 10000
                                                           QUERY PLAN                                                            
---------------------------------------------------------------------------------------------------------------------------------
 Limit  (cost=87933.56..87933.56 rows=1 width=20) (actual time=128.767..128.767 rows=0 loops=1)
   ->  Limit  (cost=87808.56..87833.56 rows=10000 width=20) (actual time=127.551..128.492 rows=10000 loops=1)
         ->  Sort  (cost=87808.56..90308.56 rows=1000000 width=20) (actual time=127.550..127.934 rows=10000 loops=1)
               Sort Key: s_4.a, s_4.b, s_4.c, s_4.d, s_4.e
               Sort Method: top-N heapsort  Memory: 1550kB
               ->  Seq Scan on s_4  (cost=0.00..16370.00 rows=1000000 width=20) (actual time=0.011..49.735 rows=1000000 loops=1)
 Planning time: 0.284 ms
 Execution time: 128.897 ms
(8 rows)

===== 393 [Wed Mar  7 03:02:07 CET 2018] scale:1000000 groups:10000 work_mem:4MB incremental:on max_workers:2 =====
SELECT * FROM s_1 ORDER BY a, b LIMIT 10000
                                                                   QUERY PLAN                                                                   
------------------------------------------------------------------------------------------------------------------------------------------------
 Limit  (cost=290.52..290.52 rows=1 width=20) (actual time=4.652..4.652 rows=0 loops=1)
   ->  Limit  (cost=7.04..190.52 rows=10000 width=20) (actual time=0.071..4.376 rows=10000 loops=1)
         ->  Incremental Sort  (cost=7.04..18355.17 rows=1000000 width=20) (actual time=0.071..3.827 rows=10000 loops=1)
               Sort Key: s_1.a, s_1.b
               Presorted Key: s_1.a
               Sort Method: quicksort  Memory: 34kB
               Sort Groups: 100
               ->  Index Scan using s_1_a_idx on s_1  (cost=0.42..32353.42 rows=1000000 width=20) (actual time=0.016..1.219 rows=10042 loops=1)
 Planning time: 0.284 ms
 Execution time: 4.677 ms
(10 rows)

===== 394 [Wed Mar  7 03:02:07 CET 2018] scale:1000000 groups:10000 work_mem:4MB incremental:on max_workers:2 =====
SELECT * FROM s_2 ORDER BY a, b, c LIMIT 10000
                                                                    QUERY PLAN                                                                    
--------------------------------------------------------------------------------------------------------------------------------------------------
 Limit  (cost=301.72..301.72 rows=1 width=20) (actual time=3.366..3.366 rows=0 loops=1)
   ->  Limit  (cost=1.00..201.72 rows=10000 width=20) (actual time=0.051..3.089 rows=10000 loops=1)
         ->  Incremental Sort  (cost=1.00..20073.64 rows=1000000 width=20) (actual time=0.051..2.532 rows=10000 loops=1)
               Sort Key: s_2.a, s_2.b, s_2.c
               Presorted Key: s_2.a, s_2.b
               Sort Method: quicksort  Memory: 27kB
               Sort Groups: 313
               ->  Index Scan using s_2_a_b_idx on s_2  (cost=0.42..40712.74 rows=1000000 width=20) (actual time=0.009..1.193 rows=10018 loops=1)
 Planning time: 0.303 ms
 Execution time: 3.389 ms
(10 rows)

===== 395 [Wed Mar  7 03:02:08 CET 2018] scale:1000000 groups:10000 work_mem:4MB incremental:on max_workers:2 =====
SELECT * FROM s_3 ORDER BY a, b, c, d LIMIT 10000
                                                                     QUERY PLAN                                                                     
----------------------------------------------------------------------------------------------------------------------------------------------------
 Limit  (cost=302.21..302.21 rows=1 width=20) (actual time=3.406..3.406 rows=0 loops=1)
   ->  Limit  (cost=1.04..202.21 rows=10000 width=20) (actual time=0.063..3.130 rows=10000 loops=1)
         ->  Incremental Sort  (cost=1.04..20117.96 rows=1000000 width=20) (actual time=0.063..2.581 rows=10000 loops=1)
               Sort Key: s_3.a, s_3.b, s_3.c, s_3.d
               Presorted Key: s_3.a, s_3.b, s_3.c
               Sort Method: quicksort  Memory: 27kB
               Sort Groups: 313
               ->  Index Scan using s_3_a_b_c_idx on s_3  (cost=0.42..45144.74 rows=1000000 width=20) (actual time=0.015..1.244 rows=10017 loops=1)
 Planning time: 0.305 ms
 Execution time: 3.429 ms
(10 rows)

===== 396 [Wed Mar  7 03:02:08 CET 2018] scale:1000000 groups:10000 work_mem:4MB incremental:on max_workers:2 =====
SELECT * FROM s_4 ORDER BY a, b, c, d, e LIMIT 10000
                                                                      QUERY PLAN                                                                      
------------------------------------------------------------------------------------------------------------------------------------------------------
 Limit  (cost=302.21..302.21 rows=1 width=20) (actual time=3.415..3.415 rows=0 loops=1)
   ->  Limit  (cost=1.04..202.21 rows=10000 width=20) (actual time=0.064..3.138 rows=10000 loops=1)
         ->  Incremental Sort  (cost=1.04..20117.96 rows=1000000 width=20) (actual time=0.064..2.588 rows=10000 loops=1)
               Sort Key: s_4.a, s_4.b, s_4.c, s_4.d, s_4.e
               Presorted Key: s_4.a, s_4.b, s_4.c, s_4.d
               Sort Method: quicksort  Memory: 27kB
               Sort Groups: 313
               ->  Index Scan using s_4_a_b_c_d_idx on s_4  (cost=0.42..45144.74 rows=1000000 width=20) (actual time=0.019..1.250 rows=10017 loops=1)
 Planning time: 0.291 ms
 Execution time: 3.440 ms
(10 rows)

===== 397 [Wed Mar  7 03:02:08 CET 2018] scale:1000000 groups:10000 work_mem:4MB incremental:off max_workers:2 =====
SELECT * FROM s_1 ORDER BY a, b LIMIT 10000
                                                                  QUERY PLAN                                                                  
----------------------------------------------------------------------------------------------------------------------------------------------
 Limit  (cost=42569.53..42569.53 rows=1 width=20) (actual time=50.920..50.920 rows=0 loops=1)
   ->  Limit  (cost=41302.78..42469.53 rows=10000 width=20) (actual time=48.698..50.642 rows=10000 loops=1)
         ->  Gather Merge  (cost=41302.78..138531.87 rows=833334 width=20) (actual time=48.697..50.082 rows=10000 loops=1)
               Workers Planned: 2
               Workers Launched: 2
               ->  Sort  (cost=40302.76..41344.43 rows=416667 width=20) (actual time=46.914..47.086 rows=4113 loops=3)
                     Sort Key: s_1.a, s_1.b
                     Sort Method: top-N heapsort  Memory: 1552kB
                     Worker 0:  Sort Method: top-N heapsort  Memory: 1551kB
                     Worker 1:  Sort Method: top-N heapsort  Memory: 1552kB
                     ->  Parallel Seq Scan on s_1  (cost=0.00..10536.67 rows=416667 width=20) (actual time=0.006..18.433 rows=333333 loops=3)
 Planning time: 0.279 ms
 Execution time: 52.884 ms
(13 rows)

===== 398 [Wed Mar  7 03:02:08 CET 2018] scale:1000000 groups:10000 work_mem:4MB incremental:off max_workers:2 =====
SELECT * FROM s_2 ORDER BY a, b, c LIMIT 10000
                                                                  QUERY PLAN                                                                  
----------------------------------------------------------------------------------------------------------------------------------------------
 Limit  (cost=42569.53..42569.53 rows=1 width=20) (actual time=50.805..50.805 rows=0 loops=1)
   ->  Limit  (cost=41302.78..42469.53 rows=10000 width=20) (actual time=48.604..50.524 rows=10000 loops=1)
         ->  Gather Merge  (cost=41302.78..138531.87 rows=833334 width=20) (actual time=48.603..49.968 rows=10000 loops=1)
               Workers Planned: 2
               Workers Launched: 2
               ->  Sort  (cost=40302.76..41344.43 rows=416667 width=20) (actual time=47.089..47.255 rows=4113 loops=3)
                     Sort Key: s_2.a, s_2.b, s_2.c
                     Sort Method: top-N heapsort  Memory: 1550kB
                     Worker 0:  Sort Method: top-N heapsort  Memory: 1550kB
                     Worker 1:  Sort Method: top-N heapsort  Memory: 1550kB
                     ->  Parallel Seq Scan on s_2  (cost=0.00..10536.67 rows=416667 width=20) (actual time=0.007..18.504 rows=333333 loops=3)
 Planning time: 0.310 ms
 Execution time: 52.887 ms
(13 rows)

===== 399 [Wed Mar  7 03:02:08 CET 2018] scale:1000000 groups:10000 work_mem:4MB incremental:off max_workers:2 =====
SELECT * FROM s_3 ORDER BY a, b, c, d LIMIT 10000
                                                                  QUERY PLAN                                                                  
----------------------------------------------------------------------------------------------------------------------------------------------
 Limit  (cost=42569.53..42569.53 rows=1 width=20) (actual time=51.047..51.047 rows=0 loops=1)
   ->  Limit  (cost=41302.78..42469.53 rows=10000 width=20) (actual time=48.853..50.767 rows=10000 loops=1)
         ->  Gather Merge  (cost=41302.78..138531.87 rows=833334 width=20) (actual time=48.853..50.213 rows=10000 loops=1)
               Workers Planned: 2
               Workers Launched: 2
               ->  Sort  (cost=40302.76..41344.43 rows=416667 width=20) (actual time=47.417..47.583 rows=4113 loops=3)
                     Sort Key: s_3.a, s_3.b, s_3.c, s_3.d
                     Sort Method: top-N heapsort  Memory: 1550kB
                     Worker 0:  Sort Method: top-N heapsort  Memory: 1550kB
                     Worker 1:  Sort Method: top-N heapsort  Memory: 1550kB
                     ->  Parallel Seq Scan on s_3  (cost=0.00..10536.67 rows=416667 width=20) (actual time=0.010..18.582 rows=333333 loops=3)
 Planning time: 0.298 ms
 Execution time: 53.179 ms
(13 rows)

===== 400 [Wed Mar  7 03:02:09 CET 2018] scale:1000000 groups:10000 work_mem:4MB incremental:off max_workers:2 =====
SELECT * FROM s_4 ORDER BY a, b, c, d, e LIMIT 10000
                                                                  QUERY PLAN                                                                  
----------------------------------------------------------------------------------------------------------------------------------------------
 Limit  (cost=42569.53..42569.53 rows=1 width=20) (actual time=51.090..51.090 rows=0 loops=1)
   ->  Limit  (cost=41302.78..42469.53 rows=10000 width=20) (actual time=48.871..50.810 rows=10000 loops=1)
         ->  Gather Merge  (cost=41302.78..138531.87 rows=833334 width=20) (actual time=48.871..50.251 rows=10000 loops=1)
               Workers Planned: 2
               Workers Launched: 2
               ->  Sort  (cost=40302.76..41344.43 rows=416667 width=20) (actual time=47.351..47.517 rows=4113 loops=3)
                     Sort Key: s_4.a, s_4.b, s_4.c, s_4.d, s_4.e
                     Sort Method: top-N heapsort  Memory: 1550kB
                     Worker 0:  Sort Method: top-N heapsort  Memory: 1550kB
                     Worker 1:  Sort Method: top-N heapsort  Memory: 1550kB
                     ->  Parallel Seq Scan on s_4  (cost=0.00..10536.67 rows=416667 width=20) (actual time=0.012..18.607 rows=333333 loops=3)
 Planning time: 0.292 ms
 Execution time: 53.239 ms
(13 rows)

===== 401 [Wed Mar  7 03:02:09 CET 2018] scale:1000000 groups:10000 work_mem:8MB incremental:on max_workers:2 =====
SELECT * FROM s_1 ORDER BY a, b LIMIT 10000
                                                                   QUERY PLAN                                                                   
------------------------------------------------------------------------------------------------------------------------------------------------
 Limit  (cost=290.52..290.52 rows=1 width=20) (actual time=4.649..4.649 rows=0 loops=1)
   ->  Limit  (cost=7.04..190.52 rows=10000 width=20) (actual time=0.070..4.373 rows=10000 loops=1)
         ->  Incremental Sort  (cost=7.04..18355.17 rows=1000000 width=20) (actual time=0.070..3.824 rows=10000 loops=1)
               Sort Key: s_1.a, s_1.b
               Presorted Key: s_1.a
               Sort Method: quicksort  Memory: 34kB
               Sort Groups: 100
               ->  Index Scan using s_1_a_idx on s_1  (cost=0.42..32353.42 rows=1000000 width=20) (actual time=0.015..1.226 rows=10042 loops=1)
 Planning time: 0.277 ms
 Execution time: 4.673 ms
(10 rows)

===== 402 [Wed Mar  7 03:02:09 CET 2018] scale:1000000 groups:10000 work_mem:8MB incremental:on max_workers:2 =====
SELECT * FROM s_2 ORDER BY a, b, c LIMIT 10000
                                                                    QUERY PLAN                                                                    
--------------------------------------------------------------------------------------------------------------------------------------------------
 Limit  (cost=301.72..301.72 rows=1 width=20) (actual time=3.363..3.363 rows=0 loops=1)
   ->  Limit  (cost=1.00..201.72 rows=10000 width=20) (actual time=0.050..3.087 rows=10000 loops=1)
         ->  Incremental Sort  (cost=1.00..20073.64 rows=1000000 width=20) (actual time=0.049..2.528 rows=10000 loops=1)
               Sort Key: s_2.a, s_2.b, s_2.c
               Presorted Key: s_2.a, s_2.b
               Sort Method: quicksort  Memory: 27kB
               Sort Groups: 313
               ->  Index Scan using s_2_a_b_idx on s_2  (cost=0.42..40712.74 rows=1000000 width=20) (actual time=0.009..1.195 rows=10018 loops=1)
 Planning time: 0.309 ms
 Execution time: 3.385 ms
(10 rows)

===== 403 [Wed Mar  7 03:02:09 CET 2018] scale:1000000 groups:10000 work_mem:8MB incremental:on max_workers:2 =====
SELECT * FROM s_3 ORDER BY a, b, c, d LIMIT 10000
                                                                     QUERY PLAN                                                                     
----------------------------------------------------------------------------------------------------------------------------------------------------
 Limit  (cost=302.21..302.21 rows=1 width=20) (actual time=3.408..3.408 rows=0 loops=1)
   ->  Limit  (cost=1.04..202.21 rows=10000 width=20) (actual time=0.061..3.134 rows=10000 loops=1)
         ->  Incremental Sort  (cost=1.04..20117.96 rows=1000000 width=20) (actual time=0.061..2.580 rows=10000 loops=1)
               Sort Key: s_3.a, s_3.b, s_3.c, s_3.d
               Presorted Key: s_3.a, s_3.b, s_3.c
               Sort Method: quicksort  Memory: 27kB
               Sort Groups: 313
               ->  Index Scan using s_3_a_b_c_idx on s_3  (cost=0.42..45144.74 rows=1000000 width=20) (actual time=0.015..1.246 rows=10017 loops=1)
 Planning time: 0.304 ms
 Execution time: 3.430 ms
(10 rows)

===== 404 [Wed Mar  7 03:02:09 CET 2018] scale:1000000 groups:10000 work_mem:8MB incremental:on max_workers:2 =====
SELECT * FROM s_4 ORDER BY a, b, c, d, e LIMIT 10000
                                                                      QUERY PLAN                                                                      
------------------------------------------------------------------------------------------------------------------------------------------------------
 Limit  (cost=302.21..302.21 rows=1 width=20) (actual time=3.406..3.406 rows=0 loops=1)
   ->  Limit  (cost=1.04..202.21 rows=10000 width=20) (actual time=0.064..3.128 rows=10000 loops=1)
         ->  Incremental Sort  (cost=1.04..20117.96 rows=1000000 width=20) (actual time=0.064..2.582 rows=10000 loops=1)
               Sort Key: s_4.a, s_4.b, s_4.c, s_4.d, s_4.e
               Presorted Key: s_4.a, s_4.b, s_4.c, s_4.d
               Sort Method: quicksort  Memory: 27kB
               Sort Groups: 313
               ->  Index Scan using s_4_a_b_c_d_idx on s_4  (cost=0.42..45144.74 rows=1000000 width=20) (actual time=0.019..1.245 rows=10017 loops=1)
 Planning time: 0.294 ms
 Execution time: 3.428 ms
(10 rows)

===== 405 [Wed Mar  7 03:02:09 CET 2018] scale:1000000 groups:10000 work_mem:8MB incremental:off max_workers:2 =====
SELECT * FROM s_1 ORDER BY a, b LIMIT 10000
                                                                  QUERY PLAN                                                                  
----------------------------------------------------------------------------------------------------------------------------------------------
 Limit  (cost=42569.53..42569.53 rows=1 width=20) (actual time=50.573..50.573 rows=0 loops=1)
   ->  Limit  (cost=41302.78..42469.53 rows=10000 width=20) (actual time=48.342..50.293 rows=10000 loops=1)
         ->  Gather Merge  (cost=41302.78..138531.87 rows=833334 width=20) (actual time=48.341..49.727 rows=10000 loops=1)
               Workers Planned: 2
               Workers Launched: 2
               ->  Sort  (cost=40302.76..41344.43 rows=416667 width=20) (actual time=46.905..47.078 rows=4113 loops=3)
                     Sort Key: s_1.a, s_1.b
                     Sort Method: top-N heapsort  Memory: 1552kB
                     Worker 0:  Sort Method: top-N heapsort  Memory: 1551kB
                     Worker 1:  Sort Method: top-N heapsort  Memory: 1552kB
                     ->  Parallel Seq Scan on s_1  (cost=0.00..10536.67 rows=416667 width=20) (actual time=0.006..18.448 rows=333333 loops=3)
 Planning time: 0.282 ms
 Execution time: 52.623 ms
(13 rows)

===== 406 [Wed Mar  7 03:02:10 CET 2018] scale:1000000 groups:10000 work_mem:8MB incremental:off max_workers:2 =====
SELECT * FROM s_2 ORDER BY a, b, c LIMIT 10000
                                                                  QUERY PLAN                                                                  
----------------------------------------------------------------------------------------------------------------------------------------------
 Limit  (cost=42569.53..42569.53 rows=1 width=20) (actual time=50.787..50.787 rows=0 loops=1)
   ->  Limit  (cost=41302.78..42469.53 rows=10000 width=20) (actual time=48.594..50.506 rows=10000 loops=1)
         ->  Gather Merge  (cost=41302.78..138531.87 rows=833334 width=20) (actual time=48.593..49.953 rows=10000 loops=1)
               Workers Planned: 2
               Workers Launched: 2
               ->  Sort  (cost=40302.76..41344.43 rows=416667 width=20) (actual time=47.094..47.261 rows=4113 loops=3)
                     Sort Key: s_2.a, s_2.b, s_2.c
                     Sort Method: top-N heapsort  Memory: 1550kB
                     Worker 0:  Sort Method: top-N heapsort  Memory: 1550kB
                     Worker 1:  Sort Method: top-N heapsort  Memory: 1550kB
                     ->  Parallel Seq Scan on s_2  (cost=0.00..10536.67 rows=416667 width=20) (actual time=0.007..18.488 rows=333333 loops=3)
 Planning time: 0.299 ms
 Execution time: 52.863 ms
(13 rows)

===== 407 [Wed Mar  7 03:02:10 CET 2018] scale:1000000 groups:10000 work_mem:8MB incremental:off max_workers:2 =====
SELECT * FROM s_3 ORDER BY a, b, c, d LIMIT 10000
                                                                  QUERY PLAN                                                                  
----------------------------------------------------------------------------------------------------------------------------------------------
 Limit  (cost=42569.53..42569.53 rows=1 width=20) (actual time=51.036..51.036 rows=0 loops=1)
   ->  Limit  (cost=41302.78..42469.53 rows=10000 width=20) (actual time=48.836..50.752 rows=10000 loops=1)
         ->  Gather Merge  (cost=41302.78..138531.87 rows=833334 width=20) (actual time=48.836..50.196 rows=10000 loops=1)
               Workers Planned: 2
               Workers Launched: 2
               ->  Sort  (cost=40302.76..41344.43 rows=416667 width=20) (actual time=47.405..47.571 rows=4113 loops=3)
                     Sort Key: s_3.a, s_3.b, s_3.c, s_3.d
                     Sort Method: top-N heapsort  Memory: 1550kB
                     Worker 0:  Sort Method: top-N heapsort  Memory: 1550kB
                     Worker 1:  Sort Method: top-N heapsort  Memory: 1550kB
                     ->  Parallel Seq Scan on s_3  (cost=0.00..10536.67 rows=416667 width=20) (actual time=0.010..18.587 rows=333333 loops=3)
 Planning time: 0.293 ms
 Execution time: 53.162 ms
(13 rows)

===== 408 [Wed Mar  7 03:02:10 CET 2018] scale:1000000 groups:10000 work_mem:8MB incremental:off max_workers:2 =====
SELECT * FROM s_4 ORDER BY a, b, c, d, e LIMIT 10000
                                                                  QUERY PLAN                                                                  
----------------------------------------------------------------------------------------------------------------------------------------------
 Limit  (cost=42569.53..42569.53 rows=1 width=20) (actual time=51.105..51.105 rows=0 loops=1)
   ->  Limit  (cost=41302.78..42469.53 rows=10000 width=20) (actual time=48.892..50.830 rows=10000 loops=1)
         ->  Gather Merge  (cost=41302.78..138531.87 rows=833334 width=20) (actual time=48.892..50.274 rows=10000 loops=1)
               Workers Planned: 2
               Workers Launched: 2
               ->  Sort  (cost=40302.76..41344.43 rows=416667 width=20) (actual time=47.384..47.552 rows=4113 loops=3)
                     Sort Key: s_4.a, s_4.b, s_4.c, s_4.d, s_4.e
                     Sort Method: top-N heapsort  Memory: 1550kB
                     Worker 0:  Sort Method: top-N heapsort  Memory: 1550kB
                     Worker 1:  Sort Method: top-N heapsort  Memory: 1550kB
                     ->  Parallel Seq Scan on s_4  (cost=0.00..10536.67 rows=416667 width=20) (actual time=0.011..18.613 rows=333333 loops=3)
 Planning time: 0.298 ms
 Execution time: 53.248 ms
(13 rows)

===== 409 [Wed Mar  7 03:02:11 CET 2018] scale:1000000 groups:10000 work_mem:16MB incremental:on max_workers:2 =====
SELECT * FROM s_1 ORDER BY a, b LIMIT 10000
                                                                   QUERY PLAN                                                                   
------------------------------------------------------------------------------------------------------------------------------------------------
 Limit  (cost=290.52..290.52 rows=1 width=20) (actual time=4.655..4.655 rows=0 loops=1)
   ->  Limit  (cost=7.04..190.52 rows=10000 width=20) (actual time=0.073..4.378 rows=10000 loops=1)
         ->  Incremental Sort  (cost=7.04..18355.17 rows=1000000 width=20) (actual time=0.072..3.823 rows=10000 loops=1)
               Sort Key: s_1.a, s_1.b
               Presorted Key: s_1.a
               Sort Method: quicksort  Memory: 34kB
               Sort Groups: 100
               ->  Index Scan using s_1_a_idx on s_1  (cost=0.42..32353.42 rows=1000000 width=20) (actual time=0.016..1.220 rows=10042 loops=1)
 Planning time: 0.279 ms
 Execution time: 4.680 ms
(10 rows)

===== 410 [Wed Mar  7 03:02:11 CET 2018] scale:1000000 groups:10000 work_mem:16MB incremental:on max_workers:2 =====
SELECT * FROM s_2 ORDER BY a, b, c LIMIT 10000
                                                                    QUERY PLAN                                                                    
--------------------------------------------------------------------------------------------------------------------------------------------------
 Limit  (cost=301.72..301.72 rows=1 width=20) (actual time=3.362..3.362 rows=0 loops=1)
   ->  Limit  (cost=1.00..201.72 rows=10000 width=20) (actual time=0.050..3.086 rows=10000 loops=1)
         ->  Incremental Sort  (cost=1.00..20073.64 rows=1000000 width=20) (actual time=0.049..2.532 rows=10000 loops=1)
               Sort Key: s_2.a, s_2.b, s_2.c
               Presorted Key: s_2.a, s_2.b
               Sort Method: quicksort  Memory: 27kB
               Sort Groups: 313
               ->  Index Scan using s_2_a_b_idx on s_2  (cost=0.42..40712.74 rows=1000000 width=20) (actual time=0.009..1.196 rows=10018 loops=1)
 Planning time: 0.316 ms
 Execution time: 3.385 ms
(10 rows)

===== 411 [Wed Mar  7 03:02:11 CET 2018] scale:1000000 groups:10000 work_mem:16MB incremental:on max_workers:2 =====
SELECT * FROM s_3 ORDER BY a, b, c, d LIMIT 10000
                                                                     QUERY PLAN                                                                     
----------------------------------------------------------------------------------------------------------------------------------------------------
 Limit  (cost=302.21..302.21 rows=1 width=20) (actual time=3.419..3.419 rows=0 loops=1)
   ->  Limit  (cost=1.04..202.21 rows=10000 width=20) (actual time=0.062..3.140 rows=10000 loops=1)
         ->  Incremental Sort  (cost=1.04..20117.96 rows=1000000 width=20) (actual time=0.062..2.588 rows=10000 loops=1)
               Sort Key: s_3.a, s_3.b, s_3.c, s_3.d
               Presorted Key: s_3.a, s_3.b, s_3.c
               Sort Method: quicksort  Memory: 27kB
               Sort Groups: 313
               ->  Index Scan using s_3_a_b_c_idx on s_3  (cost=0.42..45144.74 rows=1000000 width=20) (actual time=0.015..1.250 rows=10017 loops=1)
 Planning time: 0.298 ms
 Execution time: 3.441 ms
(10 rows)

===== 412 [Wed Mar  7 03:02:11 CET 2018] scale:1000000 groups:10000 work_mem:16MB incremental:on max_workers:2 =====
SELECT * FROM s_4 ORDER BY a, b, c, d, e LIMIT 10000
                                                                      QUERY PLAN                                                                      
------------------------------------------------------------------------------------------------------------------------------------------------------
 Limit  (cost=302.21..302.21 rows=1 width=20) (actual time=3.411..3.411 rows=0 loops=1)
   ->  Limit  (cost=1.04..202.21 rows=10000 width=20) (actual time=0.065..3.133 rows=10000 loops=1)
         ->  Incremental Sort  (cost=1.04..20117.96 rows=1000000 width=20) (actual time=0.065..2.583 rows=10000 loops=1)
               Sort Key: s_4.a, s_4.b, s_4.c, s_4.d, s_4.e
               Presorted Key: s_4.a, s_4.b, s_4.c, s_4.d
               Sort Method: quicksort  Memory: 27kB
               Sort Groups: 313
               ->  Index Scan using s_4_a_b_c_d_idx on s_4  (cost=0.42..45144.74 rows=1000000 width=20) (actual time=0.019..1.245 rows=10017 loops=1)
 Planning time: 0.301 ms
 Execution time: 3.434 ms
(10 rows)

===== 413 [Wed Mar  7 03:02:11 CET 2018] scale:1000000 groups:10000 work_mem:16MB incremental:off max_workers:2 =====
SELECT * FROM s_1 ORDER BY a, b LIMIT 10000
                                                                  QUERY PLAN                                                                  
----------------------------------------------------------------------------------------------------------------------------------------------
 Limit  (cost=42569.53..42569.53 rows=1 width=20) (actual time=50.135..50.135 rows=0 loops=1)
   ->  Limit  (cost=41302.78..42469.53 rows=10000 width=20) (actual time=47.916..49.857 rows=10000 loops=1)
         ->  Gather Merge  (cost=41302.78..138531.87 rows=833334 width=20) (actual time=47.915..49.298 rows=10000 loops=1)
               Workers Planned: 2
               Workers Launched: 2
               ->  Sort  (cost=40302.76..41344.43 rows=416667 width=20) (actual time=46.432..46.604 rows=4113 loops=3)
                     Sort Key: s_1.a, s_1.b
                     Sort Method: top-N heapsort  Memory: 1552kB
                     Worker 0:  Sort Method: top-N heapsort  Memory: 1552kB
                     Worker 1:  Sort Method: top-N heapsort  Memory: 1551kB
                     ->  Parallel Seq Scan on s_1  (cost=0.00..10536.67 rows=416667 width=20) (actual time=0.008..18.548 rows=333333 loops=3)
 Planning time: 0.289 ms
 Execution time: 52.194 ms
(13 rows)

===== 414 [Wed Mar  7 03:02:11 CET 2018] scale:1000000 groups:10000 work_mem:16MB incremental:off max_workers:2 =====
SELECT * FROM s_2 ORDER BY a, b, c LIMIT 10000
                                                                  QUERY PLAN                                                                  
----------------------------------------------------------------------------------------------------------------------------------------------
 Limit  (cost=42569.53..42569.53 rows=1 width=20) (actual time=50.859..50.859 rows=0 loops=1)
   ->  Limit  (cost=41302.78..42469.53 rows=10000 width=20) (actual time=48.655..50.576 rows=10000 loops=1)
         ->  Gather Merge  (cost=41302.78..138531.87 rows=833334 width=20) (actual time=48.655..50.020 rows=10000 loops=1)
               Workers Planned: 2
               Workers Launched: 2
               ->  Sort  (cost=40302.76..41344.43 rows=416667 width=20) (actual time=47.058..47.223 rows=4113 loops=3)
                     Sort Key: s_2.a, s_2.b, s_2.c
                     Sort Method: top-N heapsort  Memory: 1550kB
                     Worker 0:  Sort Method: top-N heapsort  Memory: 1550kB
                     Worker 1:  Sort Method: top-N heapsort  Memory: 1550kB
                     ->  Parallel Seq Scan on s_2  (cost=0.00..10536.67 rows=416667 width=20) (actual time=0.007..18.479 rows=333333 loops=3)
 Planning time: 0.309 ms
 Execution time: 52.945 ms
(13 rows)

===== 415 [Wed Mar  7 03:02:12 CET 2018] scale:1000000 groups:10000 work_mem:16MB incremental:off max_workers:2 =====
SELECT * FROM s_3 ORDER BY a, b, c, d LIMIT 10000
                                                                  QUERY PLAN                                                                  
----------------------------------------------------------------------------------------------------------------------------------------------
 Limit  (cost=42569.53..42569.53 rows=1 width=20) (actual time=51.273..51.273 rows=0 loops=1)
   ->  Limit  (cost=41302.78..42469.53 rows=10000 width=20) (actual time=49.065..50.994 rows=10000 loops=1)
         ->  Gather Merge  (cost=41302.78..138531.87 rows=833334 width=20) (actual time=49.065..50.433 rows=10000 loops=1)
               Workers Planned: 2
               Workers Launched: 2
               ->  Sort  (cost=40302.76..41344.43 rows=416667 width=20) (actual time=47.305..47.471 rows=4113 loops=3)
                     Sort Key: s_3.a, s_3.b, s_3.c, s_3.d
                     Sort Method: top-N heapsort  Memory: 1550kB
                     Worker 0:  Sort Method: top-N heapsort  Memory: 1550kB
                     Worker 1:  Sort Method: top-N heapsort  Memory: 1550kB
                     ->  Parallel Seq Scan on s_3  (cost=0.00..10536.67 rows=416667 width=20) (actual time=0.009..18.596 rows=333333 loops=3)
 Planning time: 0.299 ms
 Execution time: 53.346 ms
(13 rows)

===== 416 [Wed Mar  7 03:02:12 CET 2018] scale:1000000 groups:10000 work_mem:16MB incremental:off max_workers:2 =====
SELECT * FROM s_4 ORDER BY a, b, c, d, e LIMIT 10000
                                                                  QUERY PLAN                                                                  
----------------------------------------------------------------------------------------------------------------------------------------------
 Limit  (cost=42569.53..42569.53 rows=1 width=20) (actual time=51.044..51.044 rows=0 loops=1)
   ->  Limit  (cost=41302.78..42469.53 rows=10000 width=20) (actual time=48.855..50.767 rows=10000 loops=1)
         ->  Gather Merge  (cost=41302.78..138531.87 rows=833334 width=20) (actual time=48.855..50.212 rows=10000 loops=1)
               Workers Planned: 2
               Workers Launched: 2
               ->  Sort  (cost=40302.76..41344.43 rows=416667 width=20) (actual time=47.362..47.528 rows=4113 loops=3)
                     Sort Key: s_4.a, s_4.b, s_4.c, s_4.d, s_4.e
                     Sort Method: top-N heapsort  Memory: 1550kB
                     Worker 0:  Sort Method: top-N heapsort  Memory: 1550kB
                     Worker 1:  Sort Method: top-N heapsort  Memory: 1550kB
                     ->  Parallel Seq Scan on s_4  (cost=0.00..10536.67 rows=416667 width=20) (actual time=0.011..18.626 rows=333333 loops=3)
 Planning time: 0.289 ms
 Execution time: 53.153 ms
(13 rows)

===== 417 [Wed Mar  7 03:02:12 CET 2018] scale:1000000 groups:10000 work_mem:32MB incremental:on max_workers:2 =====
SELECT * FROM s_1 ORDER BY a, b LIMIT 10000
                                                                   QUERY PLAN                                                                   
------------------------------------------------------------------------------------------------------------------------------------------------
 Limit  (cost=290.52..290.52 rows=1 width=20) (actual time=4.649..4.649 rows=0 loops=1)
   ->  Limit  (cost=7.04..190.52 rows=10000 width=20) (actual time=0.071..4.375 rows=10000 loops=1)
         ->  Incremental Sort  (cost=7.04..18355.17 rows=1000000 width=20) (actual time=0.070..3.825 rows=10000 loops=1)
               Sort Key: s_1.a, s_1.b
               Presorted Key: s_1.a
               Sort Method: quicksort  Memory: 34kB
               Sort Groups: 100
               ->  Index Scan using s_1_a_idx on s_1  (cost=0.42..32353.42 rows=1000000 width=20) (actual time=0.015..1.225 rows=10042 loops=1)
 Planning time: 0.278 ms
 Execution time: 4.674 ms
(10 rows)

===== 418 [Wed Mar  7 03:02:12 CET 2018] scale:1000000 groups:10000 work_mem:32MB incremental:on max_workers:2 =====
SELECT * FROM s_2 ORDER BY a, b, c LIMIT 10000
                                                                    QUERY PLAN                                                                    
--------------------------------------------------------------------------------------------------------------------------------------------------
 Limit  (cost=301.72..301.72 rows=1 width=20) (actual time=3.362..3.362 rows=0 loops=1)
   ->  Limit  (cost=1.00..201.72 rows=10000 width=20) (actual time=0.049..3.086 rows=10000 loops=1)
         ->  Incremental Sort  (cost=1.00..20073.64 rows=1000000 width=20) (actual time=0.049..2.533 rows=10000 loops=1)
               Sort Key: s_2.a, s_2.b, s_2.c
               Presorted Key: s_2.a, s_2.b
               Sort Method: quicksort  Memory: 27kB
               Sort Groups: 313
               ->  Index Scan using s_2_a_b_idx on s_2  (cost=0.42..40712.74 rows=1000000 width=20) (actual time=0.009..1.195 rows=10018 loops=1)
 Planning time: 0.309 ms
 Execution time: 3.385 ms
(10 rows)

===== 419 [Wed Mar  7 03:02:12 CET 2018] scale:1000000 groups:10000 work_mem:32MB incremental:on max_workers:2 =====
SELECT * FROM s_3 ORDER BY a, b, c, d LIMIT 10000
                                                                     QUERY PLAN                                                                     
----------------------------------------------------------------------------------------------------------------------------------------------------
 Limit  (cost=302.21..302.21 rows=1 width=20) (actual time=3.410..3.410 rows=0 loops=1)
   ->  Limit  (cost=1.04..202.21 rows=10000 width=20) (actual time=0.063..3.132 rows=10000 loops=1)
         ->  Incremental Sort  (cost=1.04..20117.96 rows=1000000 width=20) (actual time=0.063..2.584 rows=10000 loops=1)
               Sort Key: s_3.a, s_3.b, s_3.c, s_3.d
               Presorted Key: s_3.a, s_3.b, s_3.c
               Sort Method: quicksort  Memory: 27kB
               Sort Groups: 313
               ->  Index Scan using s_3_a_b_c_idx on s_3  (cost=0.42..45144.74 rows=1000000 width=20) (actual time=0.015..1.237 rows=10017 loops=1)
 Planning time: 0.295 ms
 Execution time: 3.433 ms
(10 rows)

===== 420 [Wed Mar  7 03:02:12 CET 2018] scale:1000000 groups:10000 work_mem:32MB incremental:on max_workers:2 =====
SELECT * FROM s_4 ORDER BY a, b, c, d, e LIMIT 10000
                                                                      QUERY PLAN                                                                      
------------------------------------------------------------------------------------------------------------------------------------------------------
 Limit  (cost=302.21..302.21 rows=1 width=20) (actual time=3.412..3.412 rows=0 loops=1)
   ->  Limit  (cost=1.04..202.21 rows=10000 width=20) (actual time=0.064..3.134 rows=10000 loops=1)
         ->  Incremental Sort  (cost=1.04..20117.96 rows=1000000 width=20) (actual time=0.064..2.581 rows=10000 loops=1)
               Sort Key: s_4.a, s_4.b, s_4.c, s_4.d, s_4.e
               Presorted Key: s_4.a, s_4.b, s_4.c, s_4.d
               Sort Method: quicksort  Memory: 27kB
               Sort Groups: 313
               ->  Index Scan using s_4_a_b_c_d_idx on s_4  (cost=0.42..45144.74 rows=1000000 width=20) (actual time=0.018..1.246 rows=10017 loops=1)
 Planning time: 0.295 ms
 Execution time: 3.447 ms
(10 rows)

===== 421 [Wed Mar  7 03:02:13 CET 2018] scale:1000000 groups:10000 work_mem:32MB incremental:off max_workers:2 =====
SELECT * FROM s_1 ORDER BY a, b LIMIT 10000
                                                                  QUERY PLAN                                                                  
----------------------------------------------------------------------------------------------------------------------------------------------
 Limit  (cost=42569.53..42569.53 rows=1 width=20) (actual time=51.428..51.428 rows=0 loops=1)
   ->  Limit  (cost=41302.78..42469.53 rows=10000 width=20) (actual time=49.209..51.152 rows=10000 loops=1)
         ->  Gather Merge  (cost=41302.78..138531.87 rows=833334 width=20) (actual time=49.209..50.593 rows=10000 loops=1)
               Workers Planned: 2
               Workers Launched: 2
               ->  Sort  (cost=40302.76..41344.43 rows=416667 width=20) (actual time=47.413..47.584 rows=4113 loops=3)
                     Sort Key: s_1.a, s_1.b
                     Sort Method: top-N heapsort  Memory: 1552kB
                     Worker 0:  Sort Method: top-N heapsort  Memory: 1550kB
                     Worker 1:  Sort Method: top-N heapsort  Memory: 1551kB
                     ->  Parallel Seq Scan on s_1  (cost=0.00..10536.67 rows=416667 width=20) (actual time=0.006..18.341 rows=333333 loops=3)
 Planning time: 0.280 ms
 Execution time: 53.369 ms
(13 rows)

===== 422 [Wed Mar  7 03:02:13 CET 2018] scale:1000000 groups:10000 work_mem:32MB incremental:off max_workers:2 =====
SELECT * FROM s_2 ORDER BY a, b, c LIMIT 10000
                                                                  QUERY PLAN                                                                  
----------------------------------------------------------------------------------------------------------------------------------------------
 Limit  (cost=42569.53..42569.53 rows=1 width=20) (actual time=51.877..51.877 rows=0 loops=1)
   ->  Limit  (cost=41302.78..42469.53 rows=10000 width=20) (actual time=49.676..51.599 rows=10000 loops=1)
         ->  Gather Merge  (cost=41302.78..138531.87 rows=833334 width=20) (actual time=49.676..51.042 rows=10000 loops=1)
               Workers Planned: 2
               Workers Launched: 2
               ->  Sort  (cost=40302.76..41344.43 rows=416667 width=20) (actual time=48.150..48.318 rows=4113 loops=3)
                     Sort Key: s_2.a, s_2.b, s_2.c
                     Sort Method: top-N heapsort  Memory: 1550kB
                     Worker 0:  Sort Method: top-N heapsort  Memory: 1550kB
                     Worker 1:  Sort Method: top-N heapsort  Memory: 1550kB
                     ->  Parallel Seq Scan on s_2  (cost=0.00..10536.67 rows=416667 width=20) (actual time=0.007..18.357 rows=333333 loops=3)
 Planning time: 0.302 ms
 Execution time: 53.933 ms
(13 rows)

===== 423 [Wed Mar  7 03:02:13 CET 2018] scale:1000000 groups:10000 work_mem:32MB incremental:off max_workers:2 =====
SELECT * FROM s_3 ORDER BY a, b, c, d LIMIT 10000
                                                                  QUERY PLAN                                                                  
----------------------------------------------------------------------------------------------------------------------------------------------
 Limit  (cost=42569.53..42569.53 rows=1 width=20) (actual time=52.154..52.154 rows=0 loops=1)
   ->  Limit  (cost=41302.78..42469.53 rows=10000 width=20) (actual time=49.954..51.872 rows=10000 loops=1)
         ->  Gather Merge  (cost=41302.78..138531.87 rows=833334 width=20) (actual time=49.953..51.315 rows=10000 loops=1)
               Workers Planned: 2
               Workers Launched: 2
               ->  Sort  (cost=40302.76..41344.43 rows=416667 width=20) (actual time=48.435..48.602 rows=4113 loops=3)
                     Sort Key: s_3.a, s_3.b, s_3.c, s_3.d
                     Sort Method: top-N heapsort  Memory: 1550kB
                     Worker 0:  Sort Method: top-N heapsort  Memory: 1550kB
                     Worker 1:  Sort Method: top-N heapsort  Memory: 1550kB
                     ->  Parallel Seq Scan on s_3  (cost=0.00..10536.67 rows=416667 width=20) (actual time=0.007..18.430 rows=333333 loops=3)
 Planning time: 0.293 ms
 Execution time: 54.235 ms
(13 rows)

===== 424 [Wed Mar  7 03:02:14 CET 2018] scale:1000000 groups:10000 work_mem:32MB incremental:off max_workers:2 =====
SELECT * FROM s_4 ORDER BY a, b, c, d, e LIMIT 10000
                                                                  QUERY PLAN                                                                  
----------------------------------------------------------------------------------------------------------------------------------------------
 Limit  (cost=42569.53..42569.53 rows=1 width=20) (actual time=52.114..52.114 rows=0 loops=1)
   ->  Limit  (cost=41302.78..42469.53 rows=10000 width=20) (actual time=49.893..51.832 rows=10000 loops=1)
         ->  Gather Merge  (cost=41302.78..138531.87 rows=833334 width=20) (actual time=49.893..51.275 rows=10000 loops=1)
               Workers Planned: 2
               Workers Launched: 2
               ->  Sort  (cost=40302.76..41344.43 rows=416667 width=20) (actual time=48.396..48.564 rows=4113 loops=3)
                     Sort Key: s_4.a, s_4.b, s_4.c, s_4.d, s_4.e
                     Sort Method: top-N heapsort  Memory: 1550kB
                     Worker 0:  Sort Method: top-N heapsort  Memory: 1550kB
                     Worker 1:  Sort Method: top-N heapsort  Memory: 1550kB
                     ->  Parallel Seq Scan on s_4  (cost=0.00..10536.67 rows=416667 width=20) (actual time=0.010..18.465 rows=333333 loops=3)
 Planning time: 0.300 ms
 Execution time: 54.255 ms
(13 rows)

===== 425 [Wed Mar  7 03:02:14 CET 2018] scale:1000000 groups:10000 work_mem:64MB incremental:on max_workers:2 =====
SELECT * FROM s_1 ORDER BY a, b LIMIT 10000
                                                                   QUERY PLAN                                                                   
------------------------------------------------------------------------------------------------------------------------------------------------
 Limit  (cost=290.52..290.52 rows=1 width=20) (actual time=4.654..4.654 rows=0 loops=1)
   ->  Limit  (cost=7.04..190.52 rows=10000 width=20) (actual time=0.071..4.379 rows=10000 loops=1)
         ->  Incremental Sort  (cost=7.04..18355.17 rows=1000000 width=20) (actual time=0.071..3.831 rows=10000 loops=1)
               Sort Key: s_1.a, s_1.b
               Presorted Key: s_1.a
               Sort Method: quicksort  Memory: 34kB
               Sort Groups: 100
               ->  Index Scan using s_1_a_idx on s_1  (cost=0.42..32353.42 rows=1000000 width=20) (actual time=0.016..1.225 rows=10042 loops=1)
 Planning time: 0.281 ms
 Execution time: 4.679 ms
(10 rows)

===== 426 [Wed Mar  7 03:02:14 CET 2018] scale:1000000 groups:10000 work_mem:64MB incremental:on max_workers:2 =====
SELECT * FROM s_2 ORDER BY a, b, c LIMIT 10000
                                                                    QUERY PLAN                                                                    
--------------------------------------------------------------------------------------------------------------------------------------------------
 Limit  (cost=301.72..301.72 rows=1 width=20) (actual time=3.368..3.368 rows=0 loops=1)
   ->  Limit  (cost=1.00..201.72 rows=10000 width=20) (actual time=0.052..3.088 rows=10000 loops=1)
         ->  Incremental Sort  (cost=1.00..20073.64 rows=1000000 width=20) (actual time=0.052..2.535 rows=10000 loops=1)
               Sort Key: s_2.a, s_2.b, s_2.c
               Presorted Key: s_2.a, s_2.b
               Sort Method: quicksort  Memory: 27kB
               Sort Groups: 313
               ->  Index Scan using s_2_a_b_idx on s_2  (cost=0.42..40712.74 rows=1000000 width=20) (actual time=0.009..1.199 rows=10018 loops=1)
 Planning time: 0.300 ms
 Execution time: 3.391 ms
(10 rows)

===== 427 [Wed Mar  7 03:02:14 CET 2018] scale:1000000 groups:10000 work_mem:64MB incremental:on max_workers:2 =====
SELECT * FROM s_3 ORDER BY a, b, c, d LIMIT 10000
                                                                     QUERY PLAN                                                                     
----------------------------------------------------------------------------------------------------------------------------------------------------
 Limit  (cost=302.21..302.21 rows=1 width=20) (actual time=3.411..3.411 rows=0 loops=1)
   ->  Limit  (cost=1.04..202.21 rows=10000 width=20) (actual time=0.063..3.133 rows=10000 loops=1)
         ->  Incremental Sort  (cost=1.04..20117.96 rows=1000000 width=20) (actual time=0.063..2.585 rows=10000 loops=1)
               Sort Key: s_3.a, s_3.b, s_3.c, s_3.d
               Presorted Key: s_3.a, s_3.b, s_3.c
               Sort Method: quicksort  Memory: 27kB
               Sort Groups: 313
               ->  Index Scan using s_3_a_b_c_idx on s_3  (cost=0.42..45144.74 rows=1000000 width=20) (actual time=0.015..1.248 rows=10017 loops=1)
 Planning time: 0.296 ms
 Execution time: 3.434 ms
(10 rows)

===== 428 [Wed Mar  7 03:02:14 CET 2018] scale:1000000 groups:10000 work_mem:64MB incremental:on max_workers:2 =====
SELECT * FROM s_4 ORDER BY a, b, c, d, e LIMIT 10000
                                                                      QUERY PLAN                                                                      
------------------------------------------------------------------------------------------------------------------------------------------------------
 Limit  (cost=302.21..302.21 rows=1 width=20) (actual time=3.414..3.414 rows=0 loops=1)
   ->  Limit  (cost=1.04..202.21 rows=10000 width=20) (actual time=0.064..3.137 rows=10000 loops=1)
         ->  Incremental Sort  (cost=1.04..20117.96 rows=1000000 width=20) (actual time=0.064..2.587 rows=10000 loops=1)
               Sort Key: s_4.a, s_4.b, s_4.c, s_4.d, s_4.e
               Presorted Key: s_4.a, s_4.b, s_4.c, s_4.d
               Sort Method: quicksort  Memory: 27kB
               Sort Groups: 313
               ->  Index Scan using s_4_a_b_c_d_idx on s_4  (cost=0.42..45144.74 rows=1000000 width=20) (actual time=0.019..1.243 rows=10017 loops=1)
 Planning time: 0.296 ms
 Execution time: 3.436 ms
(10 rows)

===== 429 [Wed Mar  7 03:02:14 CET 2018] scale:1000000 groups:10000 work_mem:64MB incremental:off max_workers:2 =====
SELECT * FROM s_1 ORDER BY a, b LIMIT 10000
                                                                  QUERY PLAN                                                                  
----------------------------------------------------------------------------------------------------------------------------------------------
 Limit  (cost=42569.53..42569.53 rows=1 width=20) (actual time=51.170..51.170 rows=0 loops=1)
   ->  Limit  (cost=41302.78..42469.53 rows=10000 width=20) (actual time=48.946..50.890 rows=10000 loops=1)
         ->  Gather Merge  (cost=41302.78..138531.87 rows=833334 width=20) (actual time=48.946..50.325 rows=10000 loops=1)
               Workers Planned: 2
               Workers Launched: 2
               ->  Sort  (cost=40302.76..41344.43 rows=416667 width=20) (actual time=47.417..47.590 rows=4113 loops=3)
                     Sort Key: s_1.a, s_1.b
                     Sort Method: top-N heapsort  Memory: 1552kB
                     Worker 0:  Sort Method: top-N heapsort  Memory: 1551kB
                     Worker 1:  Sort Method: top-N heapsort  Memory: 1552kB
                     ->  Parallel Seq Scan on s_1  (cost=0.00..10536.67 rows=416667 width=20) (actual time=0.006..18.344 rows=333333 loops=3)
 Planning time: 0.287 ms
 Execution time: 53.229 ms
(13 rows)

===== 430 [Wed Mar  7 03:02:14 CET 2018] scale:1000000 groups:10000 work_mem:64MB incremental:off max_workers:2 =====
SELECT * FROM s_2 ORDER BY a, b, c LIMIT 10000
                                                                  QUERY PLAN                                                                  
----------------------------------------------------------------------------------------------------------------------------------------------
 Limit  (cost=42569.53..42569.53 rows=1 width=20) (actual time=51.801..51.801 rows=0 loops=1)
   ->  Limit  (cost=41302.78..42469.53 rows=10000 width=20) (actual time=49.599..51.520 rows=10000 loops=1)
         ->  Gather Merge  (cost=41302.78..138531.87 rows=833334 width=20) (actual time=49.598..50.961 rows=10000 loops=1)
               Workers Planned: 2
               Workers Launched: 2
               ->  Sort  (cost=40302.76..41344.43 rows=416667 width=20) (actual time=48.085..48.252 rows=4113 loops=3)
                     Sort Key: s_2.a, s_2.b, s_2.c
                     Sort Method: top-N heapsort  Memory: 1550kB
                     Worker 0:  Sort Method: top-N heapsort  Memory: 1550kB
                     Worker 1:  Sort Method: top-N heapsort  Memory: 1550kB
                     ->  Parallel Seq Scan on s_2  (cost=0.00..10536.67 rows=416667 width=20) (actual time=0.007..18.331 rows=333333 loops=3)
 Planning time: 0.299 ms
 Execution time: 53.886 ms
(13 rows)

===== 431 [Wed Mar  7 03:02:15 CET 2018] scale:1000000 groups:10000 work_mem:64MB incremental:off max_workers:2 =====
SELECT * FROM s_3 ORDER BY a, b, c, d LIMIT 10000
                                                                  QUERY PLAN                                                                  
----------------------------------------------------------------------------------------------------------------------------------------------
 Limit  (cost=42569.53..42569.53 rows=1 width=20) (actual time=52.144..52.144 rows=0 loops=1)
   ->  Limit  (cost=41302.78..42469.53 rows=10000 width=20) (actual time=49.941..51.859 rows=10000 loops=1)
         ->  Gather Merge  (cost=41302.78..138531.87 rows=833334 width=20) (actual time=49.941..51.304 rows=10000 loops=1)
               Workers Planned: 2
               Workers Launched: 2
               ->  Sort  (cost=40302.76..41344.43 rows=416667 width=20) (actual time=48.446..48.613 rows=4113 loops=3)
                     Sort Key: s_3.a, s_3.b, s_3.c, s_3.d
                     Sort Method: top-N heapsort  Memory: 1550kB
                     Worker 0:  Sort Method: top-N heapsort  Memory: 1550kB
                     Worker 1:  Sort Method: top-N heapsort  Memory: 1550kB
                     ->  Parallel Seq Scan on s_3  (cost=0.00..10536.67 rows=416667 width=20) (actual time=0.008..18.443 rows=333333 loops=3)
 Planning time: 0.299 ms
 Execution time: 54.269 ms
(13 rows)

===== 432 [Wed Mar  7 03:02:15 CET 2018] scale:1000000 groups:10000 work_mem:64MB incremental:off max_workers:2 =====
SELECT * FROM s_4 ORDER BY a, b, c, d, e LIMIT 10000
                                                                  QUERY PLAN                                                                  
----------------------------------------------------------------------------------------------------------------------------------------------
 Limit  (cost=42569.53..42569.53 rows=1 width=20) (actual time=52.086..52.086 rows=0 loops=1)
   ->  Limit  (cost=41302.78..42469.53 rows=10000 width=20) (actual time=49.853..51.798 rows=10000 loops=1)
         ->  Gather Merge  (cost=41302.78..138531.87 rows=833334 width=20) (actual time=49.853..51.236 rows=10000 loops=1)
               Workers Planned: 2
               Workers Launched: 2
               ->  Sort  (cost=40302.76..41344.43 rows=416667 width=20) (actual time=48.362..48.528 rows=4113 loops=3)
                     Sort Key: s_4.a, s_4.b, s_4.c, s_4.d, s_4.e
                     Sort Method: top-N heapsort  Memory: 1550kB
                     Worker 0:  Sort Method: top-N heapsort  Memory: 1550kB
                     Worker 1:  Sort Method: top-N heapsort  Memory: 1550kB
                     ->  Parallel Seq Scan on s_4  (cost=0.00..10536.67 rows=416667 width=20) (actual time=0.009..18.436 rows=333333 loops=3)
 Planning time: 0.297 ms
 Execution time: 54.228 ms
(13 rows)

===== 433 [Wed Mar  7 03:02:15 CET 2018] scale:1000000 groups:10000 work_mem:128MB incremental:on max_workers:2 =====
SELECT * FROM s_1 ORDER BY a, b LIMIT 10000
                                                                   QUERY PLAN                                                                   
------------------------------------------------------------------------------------------------------------------------------------------------
 Limit  (cost=290.52..290.52 rows=1 width=20) (actual time=4.654..4.654 rows=0 loops=1)
   ->  Limit  (cost=7.04..190.52 rows=10000 width=20) (actual time=0.069..4.383 rows=10000 loops=1)
         ->  Incremental Sort  (cost=7.04..18355.17 rows=1000000 width=20) (actual time=0.069..3.832 rows=10000 loops=1)
               Sort Key: s_1.a, s_1.b
               Presorted Key: s_1.a
               Sort Method: quicksort  Memory: 34kB
               Sort Groups: 100
               ->  Index Scan using s_1_a_idx on s_1  (cost=0.42..32353.42 rows=1000000 width=20) (actual time=0.015..1.230 rows=10042 loops=1)
 Planning time: 0.274 ms
 Execution time: 4.680 ms
(10 rows)

===== 434 [Wed Mar  7 03:02:16 CET 2018] scale:1000000 groups:10000 work_mem:128MB incremental:on max_workers:2 =====
SELECT * FROM s_2 ORDER BY a, b, c LIMIT 10000
                                                                    QUERY PLAN                                                                    
--------------------------------------------------------------------------------------------------------------------------------------------------
 Limit  (cost=301.72..301.72 rows=1 width=20) (actual time=3.365..3.365 rows=0 loops=1)
   ->  Limit  (cost=1.00..201.72 rows=10000 width=20) (actual time=0.051..3.084 rows=10000 loops=1)
         ->  Incremental Sort  (cost=1.00..20073.64 rows=1000000 width=20) (actual time=0.051..2.535 rows=10000 loops=1)
               Sort Key: s_2.a, s_2.b, s_2.c
               Presorted Key: s_2.a, s_2.b
               Sort Method: quicksort  Memory: 27kB
               Sort Groups: 313
               ->  Index Scan using s_2_a_b_idx on s_2  (cost=0.42..40712.74 rows=1000000 width=20) (actual time=0.009..1.192 rows=10018 loops=1)
 Planning time: 0.312 ms
 Execution time: 3.389 ms
(10 rows)

===== 435 [Wed Mar  7 03:02:16 CET 2018] scale:1000000 groups:10000 work_mem:128MB incremental:on max_workers:2 =====
SELECT * FROM s_3 ORDER BY a, b, c, d LIMIT 10000
                                                                     QUERY PLAN                                                                     
----------------------------------------------------------------------------------------------------------------------------------------------------
 Limit  (cost=302.21..302.21 rows=1 width=20) (actual time=3.406..3.406 rows=0 loops=1)
   ->  Limit  (cost=1.04..202.21 rows=10000 width=20) (actual time=0.062..3.128 rows=10000 loops=1)
         ->  Incremental Sort  (cost=1.04..20117.96 rows=1000000 width=20) (actual time=0.062..2.570 rows=10000 loops=1)
               Sort Key: s_3.a, s_3.b, s_3.c, s_3.d
               Presorted Key: s_3.a, s_3.b, s_3.c
               Sort Method: quicksort  Memory: 27kB
               Sort Groups: 313
               ->  Index Scan using s_3_a_b_c_idx on s_3  (cost=0.42..45144.74 rows=1000000 width=20) (actual time=0.015..1.234 rows=10017 loops=1)
 Planning time: 0.296 ms
 Execution time: 3.429 ms
(10 rows)

===== 436 [Wed Mar  7 03:02:16 CET 2018] scale:1000000 groups:10000 work_mem:128MB incremental:on max_workers:2 =====
SELECT * FROM s_4 ORDER BY a, b, c, d, e LIMIT 10000
                                                                      QUERY PLAN                                                                      
------------------------------------------------------------------------------------------------------------------------------------------------------
 Limit  (cost=302.21..302.21 rows=1 width=20) (actual time=3.418..3.418 rows=0 loops=1)
   ->  Limit  (cost=1.04..202.21 rows=10000 width=20) (actual time=0.065..3.141 rows=10000 loops=1)
         ->  Incremental Sort  (cost=1.04..20117.96 rows=1000000 width=20) (actual time=0.064..2.595 rows=10000 loops=1)
               Sort Key: s_4.a, s_4.b, s_4.c, s_4.d, s_4.e
               Presorted Key: s_4.a, s_4.b, s_4.c, s_4.d
               Sort Method: quicksort  Memory: 27kB
               Sort Groups: 313
               ->  Index Scan using s_4_a_b_c_d_idx on s_4  (cost=0.42..45144.74 rows=1000000 width=20) (actual time=0.018..1.246 rows=10017 loops=1)
 Planning time: 0.295 ms
 Execution time: 3.441 ms
(10 rows)

===== 437 [Wed Mar  7 03:02:16 CET 2018] scale:1000000 groups:10000 work_mem:128MB incremental:off max_workers:2 =====
SELECT * FROM s_1 ORDER BY a, b LIMIT 10000
                                                                  QUERY PLAN                                                                  
----------------------------------------------------------------------------------------------------------------------------------------------
 Limit  (cost=42569.53..42569.53 rows=1 width=20) (actual time=50.668..50.668 rows=0 loops=1)
   ->  Limit  (cost=41302.78..42469.53 rows=10000 width=20) (actual time=48.440..50.389 rows=10000 loops=1)
         ->  Gather Merge  (cost=41302.78..138531.87 rows=833334 width=20) (actual time=48.439..49.828 rows=10000 loops=1)
               Workers Planned: 2
               Workers Launched: 2
               ->  Sort  (cost=40302.76..41344.43 rows=416667 width=20) (actual time=46.957..47.130 rows=4113 loops=3)
                     Sort Key: s_1.a, s_1.b
                     Sort Method: top-N heapsort  Memory: 1552kB
                     Worker 0:  Sort Method: top-N heapsort  Memory: 1551kB
                     Worker 1:  Sort Method: top-N heapsort  Memory: 1552kB
                     ->  Parallel Seq Scan on s_1  (cost=0.00..10536.67 rows=416667 width=20) (actual time=0.008..18.467 rows=333333 loops=3)
 Planning time: 0.286 ms
 Execution time: 52.726 ms
(13 rows)

===== 438 [Wed Mar  7 03:02:16 CET 2018] scale:1000000 groups:10000 work_mem:128MB incremental:off max_workers:2 =====
SELECT * FROM s_2 ORDER BY a, b, c LIMIT 10000
                                                                  QUERY PLAN                                                                  
----------------------------------------------------------------------------------------------------------------------------------------------
 Limit  (cost=42569.53..42569.53 rows=1 width=20) (actual time=50.698..50.698 rows=0 loops=1)
   ->  Limit  (cost=41302.78..42469.53 rows=10000 width=20) (actual time=48.501..50.416 rows=10000 loops=1)
         ->  Gather Merge  (cost=41302.78..138531.87 rows=833334 width=20) (actual time=48.501..49.860 rows=10000 loops=1)
               Workers Planned: 2
               Workers Launched: 2
               ->  Sort  (cost=40302.76..41344.43 rows=416667 width=20) (actual time=47.051..47.217 rows=4113 loops=3)
                     Sort Key: s_2.a, s_2.b, s_2.c
                     Sort Method: top-N heapsort  Memory: 1550kB
                     Worker 0:  Sort Method: top-N heapsort  Memory: 1550kB
                     Worker 1:  Sort Method: top-N heapsort  Memory: 1550kB
                     ->  Parallel Seq Scan on s_2  (cost=0.00..10536.67 rows=416667 width=20) (actual time=0.007..18.469 rows=333333 loops=3)
 Planning time: 0.303 ms
 Execution time: 52.762 ms
(13 rows)

===== 439 [Wed Mar  7 03:02:16 CET 2018] scale:1000000 groups:10000 work_mem:128MB incremental:off max_workers:2 =====
SELECT * FROM s_3 ORDER BY a, b, c, d LIMIT 10000
                                                                  QUERY PLAN                                                                  
----------------------------------------------------------------------------------------------------------------------------------------------
 Limit  (cost=42569.53..42569.53 rows=1 width=20) (actual time=51.068..51.068 rows=0 loops=1)
   ->  Limit  (cost=41302.78..42469.53 rows=10000 width=20) (actual time=48.883..50.796 rows=10000 loops=1)
         ->  Gather Merge  (cost=41302.78..138531.87 rows=833334 width=20) (actual time=48.883..50.243 rows=10000 loops=1)
               Workers Planned: 2
               Workers Launched: 2
               ->  Sort  (cost=40302.76..41344.43 rows=416667 width=20) (actual time=47.426..47.594 rows=4113 loops=3)
                     Sort Key: s_3.a, s_3.b, s_3.c, s_3.d
                     Sort Method: top-N heapsort  Memory: 1550kB
                     Worker 0:  Sort Method: top-N heapsort  Memory: 1550kB
                     Worker 1:  Sort Method: top-N heapsort  Memory: 1550kB
                     ->  Parallel Seq Scan on s_3  (cost=0.00..10536.67 rows=416667 width=20) (actual time=0.009..18.594 rows=333333 loops=3)
 Planning time: 0.294 ms
 Execution time: 53.181 ms
(13 rows)

===== 440 [Wed Mar  7 03:02:17 CET 2018] scale:1000000 groups:10000 work_mem:128MB incremental:off max_workers:2 =====
SELECT * FROM s_4 ORDER BY a, b, c, d, e LIMIT 10000
                                                                  QUERY PLAN                                                                  
----------------------------------------------------------------------------------------------------------------------------------------------
 Limit  (cost=42569.53..42569.53 rows=1 width=20) (actual time=51.166..51.166 rows=0 loops=1)
   ->  Limit  (cost=41302.78..42469.53 rows=10000 width=20) (actual time=48.878..50.881 rows=10000 loops=1)
         ->  Gather Merge  (cost=41302.78..138531.87 rows=833334 width=20) (actual time=48.878..50.315 rows=10000 loops=1)
               Workers Planned: 2
               Workers Launched: 2
               ->  Sort  (cost=40302.76..41344.43 rows=416667 width=20) (actual time=47.388..47.554 rows=4113 loops=3)
                     Sort Key: s_4.a, s_4.b, s_4.c, s_4.d, s_4.e
                     Sort Method: top-N heapsort  Memory: 1550kB
                     Worker 0:  Sort Method: top-N heapsort  Memory: 1550kB
                     Worker 1:  Sort Method: top-N heapsort  Memory: 1550kB
                     ->  Parallel Seq Scan on s_4  (cost=0.00..10536.67 rows=416667 width=20) (actual time=0.010..18.627 rows=333333 loops=3)
 Planning time: 0.298 ms
 Execution time: 53.308 ms
(13 rows)

===== 441 [Wed Mar  7 03:02:17 CET 2018] scale:1000000 groups:10000 work_mem:256MB incremental:on max_workers:2 =====
SELECT * FROM s_1 ORDER BY a, b LIMIT 10000
                                                                   QUERY PLAN                                                                   
------------------------------------------------------------------------------------------------------------------------------------------------
 Limit  (cost=290.52..290.52 rows=1 width=20) (actual time=4.654..4.654 rows=0 loops=1)
   ->  Limit  (cost=7.04..190.52 rows=10000 width=20) (actual time=0.069..4.376 rows=10000 loops=1)
         ->  Incremental Sort  (cost=7.04..18355.17 rows=1000000 width=20) (actual time=0.069..3.827 rows=10000 loops=1)
               Sort Key: s_1.a, s_1.b
               Presorted Key: s_1.a
               Sort Method: quicksort  Memory: 34kB
               Sort Groups: 100
               ->  Index Scan using s_1_a_idx on s_1  (cost=0.42..32353.42 rows=1000000 width=20) (actual time=0.015..1.231 rows=10042 loops=1)
 Planning time: 0.283 ms
 Execution time: 4.679 ms
(10 rows)

===== 442 [Wed Mar  7 03:02:17 CET 2018] scale:1000000 groups:10000 work_mem:256MB incremental:on max_workers:2 =====
SELECT * FROM s_2 ORDER BY a, b, c LIMIT 10000
                                                                    QUERY PLAN                                                                    
--------------------------------------------------------------------------------------------------------------------------------------------------
 Limit  (cost=301.72..301.72 rows=1 width=20) (actual time=3.364..3.364 rows=0 loops=1)
   ->  Limit  (cost=1.00..201.72 rows=10000 width=20) (actual time=0.051..3.082 rows=10000 loops=1)
         ->  Incremental Sort  (cost=1.00..20073.64 rows=1000000 width=20) (actual time=0.050..2.530 rows=10000 loops=1)
               Sort Key: s_2.a, s_2.b, s_2.c
               Presorted Key: s_2.a, s_2.b
               Sort Method: quicksort  Memory: 27kB
               Sort Groups: 313
               ->  Index Scan using s_2_a_b_idx on s_2  (cost=0.42..40712.74 rows=1000000 width=20) (actual time=0.009..1.193 rows=10018 loops=1)
 Planning time: 0.298 ms
 Execution time: 3.387 ms
(10 rows)

===== 443 [Wed Mar  7 03:02:17 CET 2018] scale:1000000 groups:10000 work_mem:256MB incremental:on max_workers:2 =====
SELECT * FROM s_3 ORDER BY a, b, c, d LIMIT 10000
                                                                     QUERY PLAN                                                                     
----------------------------------------------------------------------------------------------------------------------------------------------------
 Limit  (cost=302.21..302.21 rows=1 width=20) (actual time=3.411..3.411 rows=0 loops=1)
   ->  Limit  (cost=1.04..202.21 rows=10000 width=20) (actual time=0.064..3.132 rows=10000 loops=1)
         ->  Incremental Sort  (cost=1.04..20117.96 rows=1000000 width=20) (actual time=0.063..2.580 rows=10000 loops=1)
               Sort Key: s_3.a, s_3.b, s_3.c, s_3.d
               Presorted Key: s_3.a, s_3.b, s_3.c
               Sort Method: quicksort  Memory: 27kB
               Sort Groups: 313
               ->  Index Scan using s_3_a_b_c_idx on s_3  (cost=0.42..45144.74 rows=1000000 width=20) (actual time=0.015..1.241 rows=10017 loops=1)
 Planning time: 0.296 ms
 Execution time: 3.434 ms
(10 rows)

===== 444 [Wed Mar  7 03:02:17 CET 2018] scale:1000000 groups:10000 work_mem:256MB incremental:on max_workers:2 =====
SELECT * FROM s_4 ORDER BY a, b, c, d, e LIMIT 10000
                                                                      QUERY PLAN                                                                      
------------------------------------------------------------------------------------------------------------------------------------------------------
 Limit  (cost=302.21..302.21 rows=1 width=20) (actual time=3.415..3.415 rows=0 loops=1)
   ->  Limit  (cost=1.04..202.21 rows=10000 width=20) (actual time=0.066..3.138 rows=10000 loops=1)
         ->  Incremental Sort  (cost=1.04..20117.96 rows=1000000 width=20) (actual time=0.066..2.584 rows=10000 loops=1)
               Sort Key: s_4.a, s_4.b, s_4.c, s_4.d, s_4.e
               Presorted Key: s_4.a, s_4.b, s_4.c, s_4.d
               Sort Method: quicksort  Memory: 27kB
               Sort Groups: 313
               ->  Index Scan using s_4_a_b_c_d_idx on s_4  (cost=0.42..45144.74 rows=1000000 width=20) (actual time=0.018..1.242 rows=10017 loops=1)
 Planning time: 0.299 ms
 Execution time: 3.438 ms
(10 rows)

===== 445 [Wed Mar  7 03:02:17 CET 2018] scale:1000000 groups:10000 work_mem:256MB incremental:off max_workers:2 =====
SELECT * FROM s_1 ORDER BY a, b LIMIT 10000
                                                                  QUERY PLAN                                                                  
----------------------------------------------------------------------------------------------------------------------------------------------
 Limit  (cost=42569.53..42569.53 rows=1 width=20) (actual time=50.601..50.601 rows=0 loops=1)
   ->  Limit  (cost=41302.78..42469.53 rows=10000 width=20) (actual time=48.374..50.320 rows=10000 loops=1)
         ->  Gather Merge  (cost=41302.78..138531.87 rows=833334 width=20) (actual time=48.374..49.757 rows=10000 loops=1)
               Workers Planned: 2
               Workers Launched: 2
               ->  Sort  (cost=40302.76..41344.43 rows=416667 width=20) (actual time=46.916..47.087 rows=4113 loops=3)
                     Sort Key: s_1.a, s_1.b
                     Sort Method: top-N heapsort  Memory: 1552kB
                     Worker 0:  Sort Method: top-N heapsort  Memory: 1551kB
                     Worker 1:  Sort Method: top-N heapsort  Memory: 1552kB
                     ->  Parallel Seq Scan on s_1  (cost=0.00..10536.67 rows=416667 width=20) (actual time=0.007..18.438 rows=333333 loops=3)
 Planning time: 0.285 ms
 Execution time: 52.653 ms
(13 rows)

===== 446 [Wed Mar  7 03:02:18 CET 2018] scale:1000000 groups:10000 work_mem:256MB incremental:off max_workers:2 =====
SELECT * FROM s_2 ORDER BY a, b, c LIMIT 10000
                                                                  QUERY PLAN                                                                  
----------------------------------------------------------------------------------------------------------------------------------------------
 Limit  (cost=42569.53..42569.53 rows=1 width=20) (actual time=50.713..50.713 rows=0 loops=1)
   ->  Limit  (cost=41302.78..42469.53 rows=10000 width=20) (actual time=48.511..50.425 rows=10000 loops=1)
         ->  Gather Merge  (cost=41302.78..138531.87 rows=833334 width=20) (actual time=48.510..49.870 rows=10000 loops=1)
               Workers Planned: 2
               Workers Launched: 2
               ->  Sort  (cost=40302.76..41344.43 rows=416667 width=20) (actual time=47.053..47.218 rows=4113 loops=3)
                     Sort Key: s_2.a, s_2.b, s_2.c
                     Sort Method: top-N heapsort  Memory: 1550kB
                     Worker 0:  Sort Method: top-N heapsort  Memory: 1550kB
                     Worker 1:  Sort Method: top-N heapsort  Memory: 1550kB
                     ->  Parallel Seq Scan on s_2  (cost=0.00..10536.67 rows=416667 width=20) (actual time=0.006..18.475 rows=333333 loops=3)
 Planning time: 0.305 ms
 Execution time: 52.778 ms
(13 rows)

===== 447 [Wed Mar  7 03:02:18 CET 2018] scale:1000000 groups:10000 work_mem:256MB incremental:off max_workers:2 =====
SELECT * FROM s_3 ORDER BY a, b, c, d LIMIT 10000
                                                                  QUERY PLAN                                                                  
----------------------------------------------------------------------------------------------------------------------------------------------
 Limit  (cost=42569.53..42569.53 rows=1 width=20) (actual time=51.094..51.094 rows=0 loops=1)
   ->  Limit  (cost=41302.78..42469.53 rows=10000 width=20) (actual time=48.899..50.812 rows=10000 loops=1)
         ->  Gather Merge  (cost=41302.78..138531.87 rows=833334 width=20) (actual time=48.898..50.256 rows=10000 loops=1)
               Workers Planned: 2
               Workers Launched: 2
               ->  Sort  (cost=40302.76..41344.43 rows=416667 width=20) (actual time=47.427..47.593 rows=4113 loops=3)
                     Sort Key: s_3.a, s_3.b, s_3.c, s_3.d
                     Sort Method: top-N heapsort  Memory: 1550kB
                     Worker 0:  Sort Method: top-N heapsort  Memory: 1550kB
                     Worker 1:  Sort Method: top-N heapsort  Memory: 1550kB
                     ->  Parallel Seq Scan on s_3  (cost=0.00..10536.67 rows=416667 width=20) (actual time=0.008..18.599 rows=333333 loops=3)
 Planning time: 0.298 ms
 Execution time: 53.234 ms
(13 rows)

===== 448 [Wed Mar  7 03:02:18 CET 2018] scale:1000000 groups:10000 work_mem:256MB incremental:off max_workers:2 =====
SELECT * FROM s_4 ORDER BY a, b, c, d, e LIMIT 10000
                                                                  QUERY PLAN                                                                  
----------------------------------------------------------------------------------------------------------------------------------------------
 Limit  (cost=42569.53..42569.53 rows=1 width=20) (actual time=51.035..51.035 rows=0 loops=1)
   ->  Limit  (cost=41302.78..42469.53 rows=10000 width=20) (actual time=48.811..50.750 rows=10000 loops=1)
         ->  Gather Merge  (cost=41302.78..138531.87 rows=833334 width=20) (actual time=48.811..50.190 rows=10000 loops=1)
               Workers Planned: 2
               Workers Launched: 2
               ->  Sort  (cost=40302.76..41344.43 rows=416667 width=20) (actual time=47.354..47.520 rows=4113 loops=3)
                     Sort Key: s_4.a, s_4.b, s_4.c, s_4.d, s_4.e
                     Sort Method: top-N heapsort  Memory: 1550kB
                     Worker 0:  Sort Method: top-N heapsort  Memory: 1550kB
                     Worker 1:  Sort Method: top-N heapsort  Memory: 1550kB
                     ->  Parallel Seq Scan on s_4  (cost=0.00..10536.67 rows=416667 width=20) (actual time=0.011..18.600 rows=333333 loops=3)
 Planning time: 0.290 ms
 Execution time: 53.108 ms
(13 rows)

