===== 1 [Wed Mar  7 03:15:39 CET 2018] scale:1000000 groups:10 work_mem:4MB incremental:on max_workers:0 =====
SELECT * FROM s_1 ORDER BY a, b LIMIT 10000
                                                                         QUERY PLAN                                                                          
-------------------------------------------------------------------------------------------------------------------------------------------------------------
 Limit  (cost=9937.48..9937.48 rows=1 width=20) (actual time=22.872..22.872 rows=0 loops=1)
   ->  Limit  (cost=9662.48..9837.48 rows=10000 width=20) (actual time=21.129..22.599 rows=10000 loops=1)
         ->  Incremental Sort  (cost=9662.48..27162.70 rows=1000000 width=20) (actual time=21.128..22.027 rows=10000 loops=1)
               Sort Key: s_1.a, s_1.b
               Presorted Key: s_1.a
               Sort Method: external merge  Disk: 1480kB
               Sort Groups: 1
               ->  Index Only Scan using s_1_a_e_d_c_b_idx on s_1  (cost=0.42..34844.43 rows=1000000 width=20) (actual time=0.051..7.679 rows=50148 loops=1)
                     Heap Fetches: 0
 Planning time: 0.270 ms
 Execution time: 23.159 ms
(11 rows)

===== 2 [Wed Mar  7 03:15:39 CET 2018] scale:1000000 groups:10 work_mem:4MB incremental:on max_workers:0 =====
SELECT * FROM s_2 ORDER BY a, b, c LIMIT 10000
                                                                         QUERY PLAN                                                                          
-------------------------------------------------------------------------------------------------------------------------------------------------------------
 Limit  (cost=1102.87..1102.87 rows=1 width=20) (actual time=5.960..5.960 rows=0 loops=1)
   ->  Limit  (cost=826.11..1002.87 rows=10000 width=20) (actual time=1.093..5.689 rows=10000 loops=1)
         ->  Incremental Sort  (cost=826.11..18501.92 rows=1000000 width=20) (actual time=1.093..5.136 rows=10000 loops=1)
               Sort Key: s_2.a, s_2.b, s_2.c
               Presorted Key: s_2.a, s_2.b
               Sort Method: quicksort  Memory: 588kB
               Sort Groups: 3
               ->  Index Only Scan using s_2_a_b_e_d_c_idx on s_2  (cost=0.42..34844.43 rows=1000000 width=20) (actual time=0.041..1.946 rows=12595 loops=1)
                     Heap Fetches: 0
 Planning time: 0.278 ms
 Execution time: 5.997 ms
(11 rows)

===== 3 [Wed Mar  7 03:15:39 CET 2018] scale:1000000 groups:10 work_mem:4MB incremental:on max_workers:0 =====
SELECT * FROM s_3 ORDER BY a, b, c, d LIMIT 10000
                                                                         QUERY PLAN                                                                          
-------------------------------------------------------------------------------------------------------------------------------------------------------------
 Limit  (cost=345.40..345.40 rows=1 width=20) (actual time=5.285..5.285 rows=0 loops=1)
   ->  Limit  (cost=62.49..245.40 rows=10000 width=20) (actual time=0.134..5.012 rows=10000 loops=1)
         ->  Incremental Sort  (cost=62.49..18353.15 rows=1000000 width=20) (actual time=0.134..4.461 rows=10000 loops=1)
               Sort Key: s_3.a, s_3.b, s_3.c, s_3.d
               Presorted Key: s_3.a, s_3.b, s_3.c
               Sort Method: quicksort  Memory: 65kB
               Sort Groups: 28
               ->  Index Only Scan using s_3_a_b_c_e_d_idx on s_3  (cost=0.42..34844.43 rows=1000000 width=20) (actual time=0.046..1.562 rows=10303 loops=1)
                     Heap Fetches: 0
 Planning time: 0.295 ms
 Execution time: 5.310 ms
(11 rows)

===== 4 [Wed Mar  7 03:15:39 CET 2018] scale:1000000 groups:10 work_mem:4MB incremental:off max_workers:0 =====
SELECT * FROM s_1 ORDER BY a, b LIMIT 10000
                                                           QUERY PLAN                                                            
---------------------------------------------------------------------------------------------------------------------------------
 Limit  (cost=87933.56..87933.56 rows=1 width=20) (actual time=132.540..132.540 rows=0 loops=1)
   ->  Limit  (cost=87808.56..87833.56 rows=10000 width=20) (actual time=131.289..132.259 rows=10000 loops=1)
         ->  Sort  (cost=87808.56..90308.56 rows=1000000 width=20) (actual time=131.288..131.715 rows=10000 loops=1)
               Sort Key: s_1.a, s_1.b
               Sort Method: top-N heapsort  Memory: 2056kB
               ->  Seq Scan on s_1  (cost=0.00..16370.00 rows=1000000 width=20) (actual time=0.007..50.267 rows=1000000 loops=1)
 Planning time: 0.263 ms
 Execution time: 132.671 ms
(8 rows)

===== 5 [Wed Mar  7 03:15:40 CET 2018] scale:1000000 groups:10 work_mem:4MB incremental:off max_workers:0 =====
SELECT * FROM s_2 ORDER BY a, b, c LIMIT 10000
                                                           QUERY PLAN                                                            
---------------------------------------------------------------------------------------------------------------------------------
 Limit  (cost=87933.56..87933.56 rows=1 width=20) (actual time=131.091..131.091 rows=0 loops=1)
   ->  Limit  (cost=87808.56..87833.56 rows=10000 width=20) (actual time=129.850..130.818 rows=10000 loops=1)
         ->  Sort  (cost=87808.56..90308.56 rows=1000000 width=20) (actual time=129.850..130.272 rows=10000 loops=1)
               Sort Key: s_2.a, s_2.b, s_2.c
               Sort Method: top-N heapsort  Memory: 1679kB
               ->  Seq Scan on s_2  (cost=0.00..16370.00 rows=1000000 width=20) (actual time=0.007..50.283 rows=1000000 loops=1)
 Planning time: 0.288 ms
 Execution time: 131.221 ms
(8 rows)

===== 6 [Wed Mar  7 03:15:40 CET 2018] scale:1000000 groups:10 work_mem:4MB incremental:off max_workers:0 =====
SELECT * FROM s_3 ORDER BY a, b, c, d LIMIT 10000
                                                           QUERY PLAN                                                            
---------------------------------------------------------------------------------------------------------------------------------
 Limit  (cost=87933.56..87933.56 rows=1 width=20) (actual time=132.857..132.857 rows=0 loops=1)
   ->  Limit  (cost=87808.56..87833.56 rows=10000 width=20) (actual time=131.637..132.580 rows=10000 loops=1)
         ->  Sort  (cost=87808.56..90308.56 rows=1000000 width=20) (actual time=131.636..132.037 rows=10000 loops=1)
               Sort Key: s_3.a, s_3.b, s_3.c, s_3.d
               Sort Method: top-N heapsort  Memory: 1562kB
               ->  Seq Scan on s_3  (cost=0.00..16370.00 rows=1000000 width=20) (actual time=0.004..49.735 rows=1000000 loops=1)
 Planning time: 0.288 ms
 Execution time: 132.987 ms
(8 rows)

===== 7 [Wed Mar  7 03:15:41 CET 2018] scale:1000000 groups:10 work_mem:8MB incremental:on max_workers:0 =====
SELECT * FROM s_1 ORDER BY a, b LIMIT 10000
                                                                         QUERY PLAN                                                                          
-------------------------------------------------------------------------------------------------------------------------------------------------------------
 Limit  (cost=9937.48..9937.48 rows=1 width=20) (actual time=18.557..18.557 rows=0 loops=1)
   ->  Limit  (cost=9662.48..9837.48 rows=10000 width=20) (actual time=17.227..18.285 rows=10000 loops=1)
         ->  Incremental Sort  (cost=9662.48..27162.70 rows=1000000 width=20) (actual time=17.226..17.739 rows=10000 loops=1)
               Sort Key: s_1.a, s_1.b
               Presorted Key: s_1.a
               Sort Method: quicksort  Memory: 5454kB
               Sort Groups: 1
               ->  Index Only Scan using s_1_a_e_d_c_b_idx on s_1  (cost=0.42..34844.43 rows=1000000 width=20) (actual time=0.034..6.686 rows=50148 loops=1)
                     Heap Fetches: 0
 Planning time: 0.272 ms
 Execution time: 18.791 ms
(11 rows)

===== 8 [Wed Mar  7 03:15:41 CET 2018] scale:1000000 groups:10 work_mem:8MB incremental:on max_workers:0 =====
SELECT * FROM s_2 ORDER BY a, b, c LIMIT 10000
                                                                         QUERY PLAN                                                                          
-------------------------------------------------------------------------------------------------------------------------------------------------------------
 Limit  (cost=1102.87..1102.87 rows=1 width=20) (actual time=5.687..5.687 rows=0 loops=1)
   ->  Limit  (cost=826.11..1002.87 rows=10000 width=20) (actual time=1.031..5.415 rows=10000 loops=1)
         ->  Incremental Sort  (cost=826.11..18501.92 rows=1000000 width=20) (actual time=1.031..4.868 rows=10000 loops=1)
               Sort Key: s_2.a, s_2.b, s_2.c
               Presorted Key: s_2.a, s_2.b
               Sort Method: quicksort  Memory: 588kB
               Sort Groups: 3
               ->  Index Only Scan using s_2_a_b_e_d_c_idx on s_2  (cost=0.42..34844.43 rows=1000000 width=20) (actual time=0.027..1.685 rows=12595 loops=1)
                     Heap Fetches: 0
 Planning time: 0.300 ms
 Execution time: 5.723 ms
(11 rows)

===== 9 [Wed Mar  7 03:15:41 CET 2018] scale:1000000 groups:10 work_mem:8MB incremental:on max_workers:0 =====
SELECT * FROM s_3 ORDER BY a, b, c, d LIMIT 10000
                                                                         QUERY PLAN                                                                          
-------------------------------------------------------------------------------------------------------------------------------------------------------------
 Limit  (cost=345.40..345.40 rows=1 width=20) (actual time=5.025..5.025 rows=0 loops=1)
   ->  Limit  (cost=62.49..245.40 rows=10000 width=20) (actual time=0.114..4.750 rows=10000 loops=1)
         ->  Incremental Sort  (cost=62.49..18353.15 rows=1000000 width=20) (actual time=0.114..4.202 rows=10000 loops=1)
               Sort Key: s_3.a, s_3.b, s_3.c, s_3.d
               Presorted Key: s_3.a, s_3.b, s_3.c
               Sort Method: quicksort  Memory: 65kB
               Sort Groups: 28
               ->  Index Only Scan using s_3_a_b_c_e_d_idx on s_3  (cost=0.42..34844.43 rows=1000000 width=20) (actual time=0.029..1.328 rows=10303 loops=1)
                     Heap Fetches: 0
 Planning time: 0.293 ms
 Execution time: 5.052 ms
(11 rows)

===== 10 [Wed Mar  7 03:15:41 CET 2018] scale:1000000 groups:10 work_mem:8MB incremental:off max_workers:0 =====
SELECT * FROM s_1 ORDER BY a, b LIMIT 10000
                                                           QUERY PLAN                                                            
---------------------------------------------------------------------------------------------------------------------------------
 Limit  (cost=87933.56..87933.56 rows=1 width=20) (actual time=132.509..132.509 rows=0 loops=1)
   ->  Limit  (cost=87808.56..87833.56 rows=10000 width=20) (actual time=131.260..132.229 rows=10000 loops=1)
         ->  Sort  (cost=87808.56..90308.56 rows=1000000 width=20) (actual time=131.259..131.684 rows=10000 loops=1)
               Sort Key: s_1.a, s_1.b
               Sort Method: top-N heapsort  Memory: 2056kB
               ->  Seq Scan on s_1  (cost=0.00..16370.00 rows=1000000 width=20) (actual time=0.007..50.263 rows=1000000 loops=1)
 Planning time: 0.264 ms
 Execution time: 132.642 ms
(8 rows)

===== 11 [Wed Mar  7 03:15:42 CET 2018] scale:1000000 groups:10 work_mem:8MB incremental:off max_workers:0 =====
SELECT * FROM s_2 ORDER BY a, b, c LIMIT 10000
                                                           QUERY PLAN                                                            
---------------------------------------------------------------------------------------------------------------------------------
 Limit  (cost=87933.56..87933.56 rows=1 width=20) (actual time=131.038..131.038 rows=0 loops=1)
   ->  Limit  (cost=87808.56..87833.56 rows=10000 width=20) (actual time=129.797..130.761 rows=10000 loops=1)
         ->  Sort  (cost=87808.56..90308.56 rows=1000000 width=20) (actual time=129.796..130.217 rows=10000 loops=1)
               Sort Key: s_2.a, s_2.b, s_2.c
               Sort Method: top-N heapsort  Memory: 1679kB
               ->  Seq Scan on s_2  (cost=0.00..16370.00 rows=1000000 width=20) (actual time=0.007..50.255 rows=1000000 loops=1)
 Planning time: 0.277 ms
 Execution time: 131.168 ms
(8 rows)

===== 12 [Wed Mar  7 03:15:43 CET 2018] scale:1000000 groups:10 work_mem:8MB incremental:off max_workers:0 =====
SELECT * FROM s_3 ORDER BY a, b, c, d LIMIT 10000
                                                           QUERY PLAN                                                            
---------------------------------------------------------------------------------------------------------------------------------
 Limit  (cost=87933.56..87933.56 rows=1 width=20) (actual time=132.890..132.890 rows=0 loops=1)
   ->  Limit  (cost=87808.56..87833.56 rows=10000 width=20) (actual time=131.667..132.616 rows=10000 loops=1)
         ->  Sort  (cost=87808.56..90308.56 rows=1000000 width=20) (actual time=131.666..132.070 rows=10000 loops=1)
               Sort Key: s_3.a, s_3.b, s_3.c, s_3.d
               Sort Method: top-N heapsort  Memory: 1562kB
               ->  Seq Scan on s_3  (cost=0.00..16370.00 rows=1000000 width=20) (actual time=0.004..49.763 rows=1000000 loops=1)
 Planning time: 0.282 ms
 Execution time: 133.018 ms
(8 rows)

===== 13 [Wed Mar  7 03:15:43 CET 2018] scale:1000000 groups:10 work_mem:16MB incremental:on max_workers:0 =====
SELECT * FROM s_1 ORDER BY a, b LIMIT 10000
                                                                         QUERY PLAN                                                                          
-------------------------------------------------------------------------------------------------------------------------------------------------------------
 Limit  (cost=9937.48..9937.48 rows=1 width=20) (actual time=18.492..18.492 rows=0 loops=1)
   ->  Limit  (cost=9662.48..9837.48 rows=10000 width=20) (actual time=17.174..18.218 rows=10000 loops=1)
         ->  Incremental Sort  (cost=9662.48..27162.70 rows=1000000 width=20) (actual time=17.173..17.672 rows=10000 loops=1)
               Sort Key: s_1.a, s_1.b
               Presorted Key: s_1.a
               Sort Method: quicksort  Memory: 5454kB
               Sort Groups: 1
               ->  Index Only Scan using s_1_a_e_d_c_b_idx on s_1  (cost=0.42..34844.43 rows=1000000 width=20) (actual time=0.033..6.665 rows=50148 loops=1)
                     Heap Fetches: 0
 Planning time: 0.276 ms
 Execution time: 18.729 ms
(11 rows)

===== 14 [Wed Mar  7 03:15:44 CET 2018] scale:1000000 groups:10 work_mem:16MB incremental:on max_workers:0 =====
SELECT * FROM s_2 ORDER BY a, b, c LIMIT 10000
                                                                         QUERY PLAN                                                                          
-------------------------------------------------------------------------------------------------------------------------------------------------------------
 Limit  (cost=1102.87..1102.87 rows=1 width=20) (actual time=5.686..5.686 rows=0 loops=1)
   ->  Limit  (cost=826.11..1002.87 rows=10000 width=20) (actual time=1.033..5.411 rows=10000 loops=1)
         ->  Incremental Sort  (cost=826.11..18501.92 rows=1000000 width=20) (actual time=1.033..4.863 rows=10000 loops=1)
               Sort Key: s_2.a, s_2.b, s_2.c
               Presorted Key: s_2.a, s_2.b
               Sort Method: quicksort  Memory: 588kB
               Sort Groups: 3
               ->  Index Only Scan using s_2_a_b_e_d_c_idx on s_2  (cost=0.42..34844.43 rows=1000000 width=20) (actual time=0.025..1.690 rows=12595 loops=1)
                     Heap Fetches: 0
 Planning time: 0.282 ms
 Execution time: 5.722 ms
(11 rows)

===== 15 [Wed Mar  7 03:15:44 CET 2018] scale:1000000 groups:10 work_mem:16MB incremental:on max_workers:0 =====
SELECT * FROM s_3 ORDER BY a, b, c, d LIMIT 10000
                                                                         QUERY PLAN                                                                          
-------------------------------------------------------------------------------------------------------------------------------------------------------------
 Limit  (cost=345.40..345.40 rows=1 width=20) (actual time=5.032..5.032 rows=0 loops=1)
   ->  Limit  (cost=62.49..245.40 rows=10000 width=20) (actual time=0.117..4.758 rows=10000 loops=1)
         ->  Incremental Sort  (cost=62.49..18353.15 rows=1000000 width=20) (actual time=0.117..4.211 rows=10000 loops=1)
               Sort Key: s_3.a, s_3.b, s_3.c, s_3.d
               Presorted Key: s_3.a, s_3.b, s_3.c
               Sort Method: quicksort  Memory: 65kB
               Sort Groups: 28
               ->  Index Only Scan using s_3_a_b_c_e_d_idx on s_3  (cost=0.42..34844.43 rows=1000000 width=20) (actual time=0.030..1.331 rows=10303 loops=1)
                     Heap Fetches: 0
 Planning time: 0.295 ms
 Execution time: 5.058 ms
(11 rows)

===== 16 [Wed Mar  7 03:15:44 CET 2018] scale:1000000 groups:10 work_mem:16MB incremental:off max_workers:0 =====
SELECT * FROM s_1 ORDER BY a, b LIMIT 10000
                                                           QUERY PLAN                                                            
---------------------------------------------------------------------------------------------------------------------------------
 Limit  (cost=87933.56..87933.56 rows=1 width=20) (actual time=132.623..132.623 rows=0 loops=1)
   ->  Limit  (cost=87808.56..87833.56 rows=10000 width=20) (actual time=131.371..132.343 rows=10000 loops=1)
         ->  Sort  (cost=87808.56..90308.56 rows=1000000 width=20) (actual time=131.370..131.798 rows=10000 loops=1)
               Sort Key: s_1.a, s_1.b
               Sort Method: top-N heapsort  Memory: 2056kB
               ->  Seq Scan on s_1  (cost=0.00..16370.00 rows=1000000 width=20) (actual time=0.007..50.329 rows=1000000 loops=1)
 Planning time: 0.265 ms
 Execution time: 132.755 ms
(8 rows)

===== 17 [Wed Mar  7 03:15:44 CET 2018] scale:1000000 groups:10 work_mem:16MB incremental:off max_workers:0 =====
SELECT * FROM s_2 ORDER BY a, b, c LIMIT 10000
                                                           QUERY PLAN                                                            
---------------------------------------------------------------------------------------------------------------------------------
 Limit  (cost=87933.56..87933.56 rows=1 width=20) (actual time=131.110..131.110 rows=0 loops=1)
   ->  Limit  (cost=87808.56..87833.56 rows=10000 width=20) (actual time=129.868..130.834 rows=10000 loops=1)
         ->  Sort  (cost=87808.56..90308.56 rows=1000000 width=20) (actual time=129.868..130.290 rows=10000 loops=1)
               Sort Key: s_2.a, s_2.b, s_2.c
               Sort Method: top-N heapsort  Memory: 1679kB
               ->  Seq Scan on s_2  (cost=0.00..16370.00 rows=1000000 width=20) (actual time=0.007..50.278 rows=1000000 loops=1)
 Planning time: 0.276 ms
 Execution time: 131.239 ms
(8 rows)

===== 18 [Wed Mar  7 03:15:45 CET 2018] scale:1000000 groups:10 work_mem:16MB incremental:off max_workers:0 =====
SELECT * FROM s_3 ORDER BY a, b, c, d LIMIT 10000
                                                           QUERY PLAN                                                            
---------------------------------------------------------------------------------------------------------------------------------
 Limit  (cost=87933.56..87933.56 rows=1 width=20) (actual time=132.813..132.813 rows=0 loops=1)
   ->  Limit  (cost=87808.56..87833.56 rows=10000 width=20) (actual time=131.592..132.537 rows=10000 loops=1)
         ->  Sort  (cost=87808.56..90308.56 rows=1000000 width=20) (actual time=131.592..131.990 rows=10000 loops=1)
               Sort Key: s_3.a, s_3.b, s_3.c, s_3.d
               Sort Method: top-N heapsort  Memory: 1562kB
               ->  Seq Scan on s_3  (cost=0.00..16370.00 rows=1000000 width=20) (actual time=0.004..49.689 rows=1000000 loops=1)
 Planning time: 0.294 ms
 Execution time: 132.941 ms
(8 rows)

===== 19 [Wed Mar  7 03:15:46 CET 2018] scale:1000000 groups:10 work_mem:32MB incremental:on max_workers:0 =====
SELECT * FROM s_1 ORDER BY a, b LIMIT 10000
                                                                         QUERY PLAN                                                                          
-------------------------------------------------------------------------------------------------------------------------------------------------------------
 Limit  (cost=9937.48..9937.48 rows=1 width=20) (actual time=18.544..18.544 rows=0 loops=1)
   ->  Limit  (cost=9662.48..9837.48 rows=10000 width=20) (actual time=17.217..18.272 rows=10000 loops=1)
         ->  Incremental Sort  (cost=9662.48..27162.70 rows=1000000 width=20) (actual time=17.217..17.724 rows=10000 loops=1)
               Sort Key: s_1.a, s_1.b
               Presorted Key: s_1.a
               Sort Method: quicksort  Memory: 5454kB
               Sort Groups: 1
               ->  Index Only Scan using s_1_a_e_d_c_b_idx on s_1  (cost=0.42..34844.43 rows=1000000 width=20) (actual time=0.033..6.680 rows=50148 loops=1)
                     Heap Fetches: 0
 Planning time: 0.274 ms
 Execution time: 18.782 ms
(11 rows)

===== 20 [Wed Mar  7 03:15:46 CET 2018] scale:1000000 groups:10 work_mem:32MB incremental:on max_workers:0 =====
SELECT * FROM s_2 ORDER BY a, b, c LIMIT 10000
                                                                         QUERY PLAN                                                                          
-------------------------------------------------------------------------------------------------------------------------------------------------------------
 Limit  (cost=1102.87..1102.87 rows=1 width=20) (actual time=5.680..5.680 rows=0 loops=1)
   ->  Limit  (cost=826.11..1002.87 rows=10000 width=20) (actual time=1.027..5.408 rows=10000 loops=1)
         ->  Incremental Sort  (cost=826.11..18501.92 rows=1000000 width=20) (actual time=1.027..4.855 rows=10000 loops=1)
               Sort Key: s_2.a, s_2.b, s_2.c
               Presorted Key: s_2.a, s_2.b
               Sort Method: quicksort  Memory: 588kB
               Sort Groups: 3
               ->  Index Only Scan using s_2_a_b_e_d_c_idx on s_2  (cost=0.42..34844.43 rows=1000000 width=20) (actual time=0.024..1.690 rows=12595 loops=1)
                     Heap Fetches: 0
 Planning time: 0.277 ms
 Execution time: 5.716 ms
(11 rows)

===== 21 [Wed Mar  7 03:15:46 CET 2018] scale:1000000 groups:10 work_mem:32MB incremental:on max_workers:0 =====
SELECT * FROM s_3 ORDER BY a, b, c, d LIMIT 10000
                                                                         QUERY PLAN                                                                          
-------------------------------------------------------------------------------------------------------------------------------------------------------------
 Limit  (cost=345.40..345.40 rows=1 width=20) (actual time=5.039..5.039 rows=0 loops=1)
   ->  Limit  (cost=62.49..245.40 rows=10000 width=20) (actual time=0.124..4.765 rows=10000 loops=1)
         ->  Incremental Sort  (cost=62.49..18353.15 rows=1000000 width=20) (actual time=0.123..4.216 rows=10000 loops=1)
               Sort Key: s_3.a, s_3.b, s_3.c, s_3.d
               Presorted Key: s_3.a, s_3.b, s_3.c
               Sort Method: quicksort  Memory: 65kB
               Sort Groups: 28
               ->  Index Only Scan using s_3_a_b_c_e_d_idx on s_3  (cost=0.42..34844.43 rows=1000000 width=20) (actual time=0.030..1.329 rows=10303 loops=1)
                     Heap Fetches: 0
 Planning time: 0.288 ms
 Execution time: 5.064 ms
(11 rows)

===== 22 [Wed Mar  7 03:15:46 CET 2018] scale:1000000 groups:10 work_mem:32MB incremental:off max_workers:0 =====
SELECT * FROM s_1 ORDER BY a, b LIMIT 10000
                                                           QUERY PLAN                                                            
---------------------------------------------------------------------------------------------------------------------------------
 Limit  (cost=87933.56..87933.56 rows=1 width=20) (actual time=132.516..132.516 rows=0 loops=1)
   ->  Limit  (cost=87808.56..87833.56 rows=10000 width=20) (actual time=131.270..132.239 rows=10000 loops=1)
         ->  Sort  (cost=87808.56..90308.56 rows=1000000 width=20) (actual time=131.269..131.693 rows=10000 loops=1)
               Sort Key: s_1.a, s_1.b
               Sort Method: top-N heapsort  Memory: 2056kB
               ->  Seq Scan on s_1  (cost=0.00..16370.00 rows=1000000 width=20) (actual time=0.007..50.270 rows=1000000 loops=1)
 Planning time: 0.261 ms
 Execution time: 132.648 ms
(8 rows)

===== 23 [Wed Mar  7 03:15:47 CET 2018] scale:1000000 groups:10 work_mem:32MB incremental:off max_workers:0 =====
SELECT * FROM s_2 ORDER BY a, b, c LIMIT 10000
                                                           QUERY PLAN                                                            
---------------------------------------------------------------------------------------------------------------------------------
 Limit  (cost=87933.56..87933.56 rows=1 width=20) (actual time=131.063..131.063 rows=0 loops=1)
   ->  Limit  (cost=87808.56..87833.56 rows=10000 width=20) (actual time=129.826..130.790 rows=10000 loops=1)
         ->  Sort  (cost=87808.56..90308.56 rows=1000000 width=20) (actual time=129.825..130.244 rows=10000 loops=1)
               Sort Key: s_2.a, s_2.b, s_2.c
               Sort Method: top-N heapsort  Memory: 1679kB
               ->  Seq Scan on s_2  (cost=0.00..16370.00 rows=1000000 width=20) (actual time=0.007..50.225 rows=1000000 loops=1)
 Planning time: 0.275 ms
 Execution time: 131.194 ms
(8 rows)

===== 24 [Wed Mar  7 03:15:47 CET 2018] scale:1000000 groups:10 work_mem:32MB incremental:off max_workers:0 =====
SELECT * FROM s_3 ORDER BY a, b, c, d LIMIT 10000
                                                           QUERY PLAN                                                            
---------------------------------------------------------------------------------------------------------------------------------
 Limit  (cost=87933.56..87933.56 rows=1 width=20) (actual time=132.894..132.894 rows=0 loops=1)
   ->  Limit  (cost=87808.56..87833.56 rows=10000 width=20) (actual time=131.670..132.618 rows=10000 loops=1)
         ->  Sort  (cost=87808.56..90308.56 rows=1000000 width=20) (actual time=131.669..132.073 rows=10000 loops=1)
               Sort Key: s_3.a, s_3.b, s_3.c, s_3.d
               Sort Method: top-N heapsort  Memory: 1562kB
               ->  Seq Scan on s_3  (cost=0.00..16370.00 rows=1000000 width=20) (actual time=0.004..49.728 rows=1000000 loops=1)
 Planning time: 0.279 ms
 Execution time: 133.022 ms
(8 rows)

===== 25 [Wed Mar  7 03:15:48 CET 2018] scale:1000000 groups:10 work_mem:64MB incremental:on max_workers:0 =====
SELECT * FROM s_1 ORDER BY a, b LIMIT 10000
                                                                         QUERY PLAN                                                                          
-------------------------------------------------------------------------------------------------------------------------------------------------------------
 Limit  (cost=9937.48..9937.48 rows=1 width=20) (actual time=18.512..18.512 rows=0 loops=1)
   ->  Limit  (cost=9662.48..9837.48 rows=10000 width=20) (actual time=17.181..18.238 rows=10000 loops=1)
         ->  Incremental Sort  (cost=9662.48..27162.70 rows=1000000 width=20) (actual time=17.180..17.693 rows=10000 loops=1)
               Sort Key: s_1.a, s_1.b
               Presorted Key: s_1.a
               Sort Method: quicksort  Memory: 5454kB
               Sort Groups: 1
               ->  Index Only Scan using s_1_a_e_d_c_b_idx on s_1  (cost=0.42..34844.43 rows=1000000 width=20) (actual time=0.033..6.669 rows=50148 loops=1)
                     Heap Fetches: 0
 Planning time: 0.268 ms
 Execution time: 18.746 ms
(11 rows)

===== 26 [Wed Mar  7 03:15:48 CET 2018] scale:1000000 groups:10 work_mem:64MB incremental:on max_workers:0 =====
SELECT * FROM s_2 ORDER BY a, b, c LIMIT 10000
                                                                         QUERY PLAN                                                                          
-------------------------------------------------------------------------------------------------------------------------------------------------------------
 Limit  (cost=1102.87..1102.87 rows=1 width=20) (actual time=5.670..5.670 rows=0 loops=1)
   ->  Limit  (cost=826.11..1002.87 rows=10000 width=20) (actual time=1.026..5.398 rows=10000 loops=1)
         ->  Incremental Sort  (cost=826.11..18501.92 rows=1000000 width=20) (actual time=1.026..4.851 rows=10000 loops=1)
               Sort Key: s_2.a, s_2.b, s_2.c
               Presorted Key: s_2.a, s_2.b
               Sort Method: quicksort  Memory: 588kB
               Sort Groups: 3
               ->  Index Only Scan using s_2_a_b_e_d_c_idx on s_2  (cost=0.42..34844.43 rows=1000000 width=20) (actual time=0.025..1.683 rows=12595 loops=1)
                     Heap Fetches: 0
 Planning time: 0.288 ms
 Execution time: 5.707 ms
(11 rows)

===== 27 [Wed Mar  7 03:15:48 CET 2018] scale:1000000 groups:10 work_mem:64MB incremental:on max_workers:0 =====
SELECT * FROM s_3 ORDER BY a, b, c, d LIMIT 10000
                                                                         QUERY PLAN                                                                          
-------------------------------------------------------------------------------------------------------------------------------------------------------------
 Limit  (cost=345.40..345.40 rows=1 width=20) (actual time=5.038..5.038 rows=0 loops=1)
   ->  Limit  (cost=62.49..245.40 rows=10000 width=20) (actual time=0.116..4.767 rows=10000 loops=1)
         ->  Incremental Sort  (cost=62.49..18353.15 rows=1000000 width=20) (actual time=0.116..4.219 rows=10000 loops=1)
               Sort Key: s_3.a, s_3.b, s_3.c, s_3.d
               Presorted Key: s_3.a, s_3.b, s_3.c
               Sort Method: quicksort  Memory: 65kB
               Sort Groups: 28
               ->  Index Only Scan using s_3_a_b_c_e_d_idx on s_3  (cost=0.42..34844.43 rows=1000000 width=20) (actual time=0.029..1.333 rows=10303 loops=1)
                     Heap Fetches: 0
 Planning time: 0.293 ms
 Execution time: 5.062 ms
(11 rows)

===== 28 [Wed Mar  7 03:15:48 CET 2018] scale:1000000 groups:10 work_mem:64MB incremental:off max_workers:0 =====
SELECT * FROM s_1 ORDER BY a, b LIMIT 10000
                                                           QUERY PLAN                                                            
---------------------------------------------------------------------------------------------------------------------------------
 Limit  (cost=87933.56..87933.56 rows=1 width=20) (actual time=132.544..132.544 rows=0 loops=1)
   ->  Limit  (cost=87808.56..87833.56 rows=10000 width=20) (actual time=131.293..132.267 rows=10000 loops=1)
         ->  Sort  (cost=87808.56..90308.56 rows=1000000 width=20) (actual time=131.292..131.720 rows=10000 loops=1)
               Sort Key: s_1.a, s_1.b
               Sort Method: top-N heapsort  Memory: 2056kB
               ->  Seq Scan on s_1  (cost=0.00..16370.00 rows=1000000 width=20) (actual time=0.007..50.275 rows=1000000 loops=1)
 Planning time: 0.271 ms
 Execution time: 132.685 ms
(8 rows)

===== 29 [Wed Mar  7 03:15:49 CET 2018] scale:1000000 groups:10 work_mem:64MB incremental:off max_workers:0 =====
SELECT * FROM s_2 ORDER BY a, b, c LIMIT 10000
                                                           QUERY PLAN                                                            
---------------------------------------------------------------------------------------------------------------------------------
 Limit  (cost=87933.56..87933.56 rows=1 width=20) (actual time=131.129..131.129 rows=0 loops=1)
   ->  Limit  (cost=87808.56..87833.56 rows=10000 width=20) (actual time=129.888..130.855 rows=10000 loops=1)
         ->  Sort  (cost=87808.56..90308.56 rows=1000000 width=20) (actual time=129.887..130.308 rows=10000 loops=1)
               Sort Key: s_2.a, s_2.b, s_2.c
               Sort Method: top-N heapsort  Memory: 1679kB
               ->  Seq Scan on s_2  (cost=0.00..16370.00 rows=1000000 width=20) (actual time=0.007..50.300 rows=1000000 loops=1)
 Planning time: 0.282 ms
 Execution time: 131.258 ms
(8 rows)

===== 30 [Wed Mar  7 03:15:50 CET 2018] scale:1000000 groups:10 work_mem:64MB incremental:off max_workers:0 =====
SELECT * FROM s_3 ORDER BY a, b, c, d LIMIT 10000
                                                           QUERY PLAN                                                            
---------------------------------------------------------------------------------------------------------------------------------
 Limit  (cost=87933.56..87933.56 rows=1 width=20) (actual time=132.898..132.898 rows=0 loops=1)
   ->  Limit  (cost=87808.56..87833.56 rows=10000 width=20) (actual time=131.676..132.623 rows=10000 loops=1)
         ->  Sort  (cost=87808.56..90308.56 rows=1000000 width=20) (actual time=131.676..132.078 rows=10000 loops=1)
               Sort Key: s_3.a, s_3.b, s_3.c, s_3.d
               Sort Method: top-N heapsort  Memory: 1562kB
               ->  Seq Scan on s_3  (cost=0.00..16370.00 rows=1000000 width=20) (actual time=0.004..49.724 rows=1000000 loops=1)
 Planning time: 0.282 ms
 Execution time: 133.027 ms
(8 rows)

===== 31 [Wed Mar  7 03:15:50 CET 2018] scale:1000000 groups:10 work_mem:128MB incremental:on max_workers:0 =====
SELECT * FROM s_1 ORDER BY a, b LIMIT 10000
                                                                         QUERY PLAN                                                                          
-------------------------------------------------------------------------------------------------------------------------------------------------------------
 Limit  (cost=9937.48..9937.48 rows=1 width=20) (actual time=18.531..18.531 rows=0 loops=1)
   ->  Limit  (cost=9662.48..9837.48 rows=10000 width=20) (actual time=17.194..18.259 rows=10000 loops=1)
         ->  Incremental Sort  (cost=9662.48..27162.70 rows=1000000 width=20) (actual time=17.194..17.708 rows=10000 loops=1)
               Sort Key: s_1.a, s_1.b
               Presorted Key: s_1.a
               Sort Method: quicksort  Memory: 5454kB
               Sort Groups: 1
               ->  Index Only Scan using s_1_a_e_d_c_b_idx on s_1  (cost=0.42..34844.43 rows=1000000 width=20) (actual time=0.033..6.677 rows=50148 loops=1)
                     Heap Fetches: 0
 Planning time: 0.271 ms
 Execution time: 18.766 ms
(11 rows)

===== 32 [Wed Mar  7 03:15:51 CET 2018] scale:1000000 groups:10 work_mem:128MB incremental:on max_workers:0 =====
SELECT * FROM s_2 ORDER BY a, b, c LIMIT 10000
                                                                         QUERY PLAN                                                                          
-------------------------------------------------------------------------------------------------------------------------------------------------------------
 Limit  (cost=1102.87..1102.87 rows=1 width=20) (actual time=5.678..5.678 rows=0 loops=1)
   ->  Limit  (cost=826.11..1002.87 rows=10000 width=20) (actual time=1.030..5.407 rows=10000 loops=1)
         ->  Incremental Sort  (cost=826.11..18501.92 rows=1000000 width=20) (actual time=1.029..4.859 rows=10000 loops=1)
               Sort Key: s_2.a, s_2.b, s_2.c
               Presorted Key: s_2.a, s_2.b
               Sort Method: quicksort  Memory: 588kB
               Sort Groups: 3
               ->  Index Only Scan using s_2_a_b_e_d_c_idx on s_2  (cost=0.42..34844.43 rows=1000000 width=20) (actual time=0.025..1.683 rows=12595 loops=1)
                     Heap Fetches: 0
 Planning time: 0.289 ms
 Execution time: 5.716 ms
(11 rows)

===== 33 [Wed Mar  7 03:15:51 CET 2018] scale:1000000 groups:10 work_mem:128MB incremental:on max_workers:0 =====
SELECT * FROM s_3 ORDER BY a, b, c, d LIMIT 10000
                                                                         QUERY PLAN                                                                          
-------------------------------------------------------------------------------------------------------------------------------------------------------------
 Limit  (cost=345.40..345.40 rows=1 width=20) (actual time=5.032..5.032 rows=0 loops=1)
   ->  Limit  (cost=62.49..245.40 rows=10000 width=20) (actual time=0.116..4.759 rows=10000 loops=1)
         ->  Incremental Sort  (cost=62.49..18353.15 rows=1000000 width=20) (actual time=0.116..4.208 rows=10000 loops=1)
               Sort Key: s_3.a, s_3.b, s_3.c, s_3.d
               Presorted Key: s_3.a, s_3.b, s_3.c
               Sort Method: quicksort  Memory: 65kB
               Sort Groups: 28
               ->  Index Only Scan using s_3_a_b_c_e_d_idx on s_3  (cost=0.42..34844.43 rows=1000000 width=20) (actual time=0.030..1.328 rows=10303 loops=1)
                     Heap Fetches: 0
 Planning time: 0.286 ms
 Execution time: 5.057 ms
(11 rows)

===== 34 [Wed Mar  7 03:15:51 CET 2018] scale:1000000 groups:10 work_mem:128MB incremental:off max_workers:0 =====
SELECT * FROM s_1 ORDER BY a, b LIMIT 10000
                                                           QUERY PLAN                                                            
---------------------------------------------------------------------------------------------------------------------------------
 Limit  (cost=87933.56..87933.56 rows=1 width=20) (actual time=132.591..132.591 rows=0 loops=1)
   ->  Limit  (cost=87808.56..87833.56 rows=10000 width=20) (actual time=131.342..132.314 rows=10000 loops=1)
         ->  Sort  (cost=87808.56..90308.56 rows=1000000 width=20) (actual time=131.342..131.769 rows=10000 loops=1)
               Sort Key: s_1.a, s_1.b
               Sort Method: top-N heapsort  Memory: 2056kB
               ->  Seq Scan on s_1  (cost=0.00..16370.00 rows=1000000 width=20) (actual time=0.007..50.311 rows=1000000 loops=1)
 Planning time: 0.263 ms
 Execution time: 132.721 ms
(8 rows)

===== 35 [Wed Mar  7 03:15:51 CET 2018] scale:1000000 groups:10 work_mem:128MB incremental:off max_workers:0 =====
SELECT * FROM s_2 ORDER BY a, b, c LIMIT 10000
                                                           QUERY PLAN                                                            
---------------------------------------------------------------------------------------------------------------------------------
 Limit  (cost=87933.56..87933.56 rows=1 width=20) (actual time=131.287..131.287 rows=0 loops=1)
   ->  Limit  (cost=87808.56..87833.56 rows=10000 width=20) (actual time=130.049..131.015 rows=10000 loops=1)
         ->  Sort  (cost=87808.56..90308.56 rows=1000000 width=20) (actual time=130.048..130.470 rows=10000 loops=1)
               Sort Key: s_2.a, s_2.b, s_2.c
               Sort Method: top-N heapsort  Memory: 1679kB
               ->  Seq Scan on s_2  (cost=0.00..16370.00 rows=1000000 width=20) (actual time=0.007..50.394 rows=1000000 loops=1)
 Planning time: 0.280 ms
 Execution time: 131.417 ms
(8 rows)

===== 36 [Wed Mar  7 03:15:52 CET 2018] scale:1000000 groups:10 work_mem:128MB incremental:off max_workers:0 =====
SELECT * FROM s_3 ORDER BY a, b, c, d LIMIT 10000
                                                           QUERY PLAN                                                            
---------------------------------------------------------------------------------------------------------------------------------
 Limit  (cost=87933.56..87933.56 rows=1 width=20) (actual time=132.925..132.925 rows=0 loops=1)
   ->  Limit  (cost=87808.56..87833.56 rows=10000 width=20) (actual time=131.700..132.649 rows=10000 loops=1)
         ->  Sort  (cost=87808.56..90308.56 rows=1000000 width=20) (actual time=131.699..132.101 rows=10000 loops=1)
               Sort Key: s_3.a, s_3.b, s_3.c, s_3.d
               Sort Method: top-N heapsort  Memory: 1562kB
               ->  Seq Scan on s_3  (cost=0.00..16370.00 rows=1000000 width=20) (actual time=0.004..49.732 rows=1000000 loops=1)
 Planning time: 0.291 ms
 Execution time: 133.056 ms
(8 rows)

===== 37 [Wed Mar  7 03:15:53 CET 2018] scale:1000000 groups:10 work_mem:256MB incremental:on max_workers:0 =====
SELECT * FROM s_1 ORDER BY a, b LIMIT 10000
                                                                         QUERY PLAN                                                                          
-------------------------------------------------------------------------------------------------------------------------------------------------------------
 Limit  (cost=9937.48..9937.48 rows=1 width=20) (actual time=18.486..18.486 rows=0 loops=1)
   ->  Limit  (cost=9662.48..9837.48 rows=10000 width=20) (actual time=17.170..18.214 rows=10000 loops=1)
         ->  Incremental Sort  (cost=9662.48..27162.70 rows=1000000 width=20) (actual time=17.170..17.668 rows=10000 loops=1)
               Sort Key: s_1.a, s_1.b
               Presorted Key: s_1.a
               Sort Method: quicksort  Memory: 5454kB
               Sort Groups: 1
               ->  Index Only Scan using s_1_a_e_d_c_b_idx on s_1  (cost=0.42..34844.43 rows=1000000 width=20) (actual time=0.033..6.668 rows=50148 loops=1)
                     Heap Fetches: 0
 Planning time: 0.269 ms
 Execution time: 18.724 ms
(11 rows)

===== 38 [Wed Mar  7 03:15:53 CET 2018] scale:1000000 groups:10 work_mem:256MB incremental:on max_workers:0 =====
SELECT * FROM s_2 ORDER BY a, b, c LIMIT 10000
                                                                         QUERY PLAN                                                                          
-------------------------------------------------------------------------------------------------------------------------------------------------------------
 Limit  (cost=1102.87..1102.87 rows=1 width=20) (actual time=5.690..5.690 rows=0 loops=1)
   ->  Limit  (cost=826.11..1002.87 rows=10000 width=20) (actual time=1.033..5.415 rows=10000 loops=1)
         ->  Incremental Sort  (cost=826.11..18501.92 rows=1000000 width=20) (actual time=1.033..4.867 rows=10000 loops=1)
               Sort Key: s_2.a, s_2.b, s_2.c
               Presorted Key: s_2.a, s_2.b
               Sort Method: quicksort  Memory: 588kB
               Sort Groups: 3
               ->  Index Only Scan using s_2_a_b_e_d_c_idx on s_2  (cost=0.42..34844.43 rows=1000000 width=20) (actual time=0.025..1.686 rows=12595 loops=1)
                     Heap Fetches: 0
 Planning time: 0.280 ms
 Execution time: 5.727 ms
(11 rows)

===== 39 [Wed Mar  7 03:15:53 CET 2018] scale:1000000 groups:10 work_mem:256MB incremental:on max_workers:0 =====
SELECT * FROM s_3 ORDER BY a, b, c, d LIMIT 10000
                                                                         QUERY PLAN                                                                          
-------------------------------------------------------------------------------------------------------------------------------------------------------------
 Limit  (cost=345.40..345.40 rows=1 width=20) (actual time=5.029..5.029 rows=0 loops=1)
   ->  Limit  (cost=62.49..245.40 rows=10000 width=20) (actual time=0.117..4.756 rows=10000 loops=1)
         ->  Incremental Sort  (cost=62.49..18353.15 rows=1000000 width=20) (actual time=0.117..4.207 rows=10000 loops=1)
               Sort Key: s_3.a, s_3.b, s_3.c, s_3.d
               Presorted Key: s_3.a, s_3.b, s_3.c
               Sort Method: quicksort  Memory: 65kB
               Sort Groups: 28
               ->  Index Only Scan using s_3_a_b_c_e_d_idx on s_3  (cost=0.42..34844.43 rows=1000000 width=20) (actual time=0.030..1.327 rows=10303 loops=1)
                     Heap Fetches: 0
 Planning time: 0.286 ms
 Execution time: 5.054 ms
(11 rows)

===== 40 [Wed Mar  7 03:15:53 CET 2018] scale:1000000 groups:10 work_mem:256MB incremental:off max_workers:0 =====
SELECT * FROM s_1 ORDER BY a, b LIMIT 10000
                                                           QUERY PLAN                                                            
---------------------------------------------------------------------------------------------------------------------------------
 Limit  (cost=87933.56..87933.56 rows=1 width=20) (actual time=132.654..132.654 rows=0 loops=1)
   ->  Limit  (cost=87808.56..87833.56 rows=10000 width=20) (actual time=131.403..132.376 rows=10000 loops=1)
         ->  Sort  (cost=87808.56..90308.56 rows=1000000 width=20) (actual time=131.402..131.831 rows=10000 loops=1)
               Sort Key: s_1.a, s_1.b
               Sort Method: top-N heapsort  Memory: 2056kB
               ->  Seq Scan on s_1  (cost=0.00..16370.00 rows=1000000 width=20) (actual time=0.007..50.352 rows=1000000 loops=1)
 Planning time: 0.263 ms
 Execution time: 132.784 ms
(8 rows)

===== 41 [Wed Mar  7 03:15:54 CET 2018] scale:1000000 groups:10 work_mem:256MB incremental:off max_workers:0 =====
SELECT * FROM s_2 ORDER BY a, b, c LIMIT 10000
                                                           QUERY PLAN                                                            
---------------------------------------------------------------------------------------------------------------------------------
 Limit  (cost=87933.56..87933.56 rows=1 width=20) (actual time=131.057..131.057 rows=0 loops=1)
   ->  Limit  (cost=87808.56..87833.56 rows=10000 width=20) (actual time=129.814..130.780 rows=10000 loops=1)
         ->  Sort  (cost=87808.56..90308.56 rows=1000000 width=20) (actual time=129.813..130.236 rows=10000 loops=1)
               Sort Key: s_2.a, s_2.b, s_2.c
               Sort Method: top-N heapsort  Memory: 1679kB
               ->  Seq Scan on s_2  (cost=0.00..16370.00 rows=1000000 width=20) (actual time=0.007..50.248 rows=1000000 loops=1)
 Planning time: 0.275 ms
 Execution time: 131.184 ms
(8 rows)

===== 42 [Wed Mar  7 03:15:55 CET 2018] scale:1000000 groups:10 work_mem:256MB incremental:off max_workers:0 =====
SELECT * FROM s_3 ORDER BY a, b, c, d LIMIT 10000
                                                           QUERY PLAN                                                            
---------------------------------------------------------------------------------------------------------------------------------
 Limit  (cost=87933.56..87933.56 rows=1 width=20) (actual time=132.855..132.855 rows=0 loops=1)
   ->  Limit  (cost=87808.56..87833.56 rows=10000 width=20) (actual time=131.635..132.580 rows=10000 loops=1)
         ->  Sort  (cost=87808.56..90308.56 rows=1000000 width=20) (actual time=131.634..132.038 rows=10000 loops=1)
               Sort Key: s_3.a, s_3.b, s_3.c, s_3.d
               Sort Method: top-N heapsort  Memory: 1562kB
               ->  Seq Scan on s_3  (cost=0.00..16370.00 rows=1000000 width=20) (actual time=0.004..49.730 rows=1000000 loops=1)
 Planning time: 0.277 ms
 Execution time: 132.983 ms
(8 rows)

===== 43 [Wed Mar  7 03:15:55 CET 2018] scale:1000000 groups:10 work_mem:4MB incremental:on max_workers:2 =====
SELECT * FROM s_1 ORDER BY a, b LIMIT 10000
                                                                         QUERY PLAN                                                                          
-------------------------------------------------------------------------------------------------------------------------------------------------------------
 Limit  (cost=9937.48..9937.48 rows=1 width=20) (actual time=21.733..21.733 rows=0 loops=1)
   ->  Limit  (cost=9662.48..9837.48 rows=10000 width=20) (actual time=19.993..21.463 rows=10000 loops=1)
         ->  Incremental Sort  (cost=9662.48..27162.70 rows=1000000 width=20) (actual time=19.993..20.895 rows=10000 loops=1)
               Sort Key: s_1.a, s_1.b
               Presorted Key: s_1.a
               Sort Method: external merge  Disk: 1480kB
               Sort Groups: 1
               ->  Index Only Scan using s_1_a_e_d_c_b_idx on s_1  (cost=0.42..34844.43 rows=1000000 width=20) (actual time=0.033..6.640 rows=50148 loops=1)
                     Heap Fetches: 0
 Planning time: 0.283 ms
 Execution time: 22.021 ms
(11 rows)

===== 44 [Wed Mar  7 03:15:55 CET 2018] scale:1000000 groups:10 work_mem:4MB incremental:on max_workers:2 =====
SELECT * FROM s_2 ORDER BY a, b, c LIMIT 10000
                                                                         QUERY PLAN                                                                          
-------------------------------------------------------------------------------------------------------------------------------------------------------------
 Limit  (cost=1102.87..1102.87 rows=1 width=20) (actual time=5.680..5.680 rows=0 loops=1)
   ->  Limit  (cost=826.11..1002.87 rows=10000 width=20) (actual time=1.029..5.406 rows=10000 loops=1)
         ->  Incremental Sort  (cost=826.11..18501.92 rows=1000000 width=20) (actual time=1.029..4.859 rows=10000 loops=1)
               Sort Key: s_2.a, s_2.b, s_2.c
               Presorted Key: s_2.a, s_2.b
               Sort Method: quicksort  Memory: 588kB
               Sort Groups: 3
               ->  Index Only Scan using s_2_a_b_e_d_c_idx on s_2  (cost=0.42..34844.43 rows=1000000 width=20) (actual time=0.024..1.679 rows=12595 loops=1)
                     Heap Fetches: 0
 Planning time: 0.295 ms
 Execution time: 5.720 ms
(11 rows)

===== 45 [Wed Mar  7 03:15:55 CET 2018] scale:1000000 groups:10 work_mem:4MB incremental:on max_workers:2 =====
SELECT * FROM s_3 ORDER BY a, b, c, d LIMIT 10000
                                                                         QUERY PLAN                                                                          
-------------------------------------------------------------------------------------------------------------------------------------------------------------
 Limit  (cost=345.40..345.40 rows=1 width=20) (actual time=5.028..5.028 rows=0 loops=1)
   ->  Limit  (cost=62.49..245.40 rows=10000 width=20) (actual time=0.114..4.756 rows=10000 loops=1)
         ->  Incremental Sort  (cost=62.49..18353.15 rows=1000000 width=20) (actual time=0.114..4.209 rows=10000 loops=1)
               Sort Key: s_3.a, s_3.b, s_3.c, s_3.d
               Presorted Key: s_3.a, s_3.b, s_3.c
               Sort Method: quicksort  Memory: 65kB
               Sort Groups: 28
               ->  Index Only Scan using s_3_a_b_c_e_d_idx on s_3  (cost=0.42..34844.43 rows=1000000 width=20) (actual time=0.030..1.336 rows=10303 loops=1)
                     Heap Fetches: 0
 Planning time: 0.287 ms
 Execution time: 5.054 ms
(11 rows)

===== 46 [Wed Mar  7 03:15:56 CET 2018] scale:1000000 groups:10 work_mem:4MB incremental:off max_workers:2 =====
SELECT * FROM s_1 ORDER BY a, b LIMIT 10000
                                                                  QUERY PLAN                                                                  
----------------------------------------------------------------------------------------------------------------------------------------------
 Limit  (cost=42569.53..42569.53 rows=1 width=20) (actual time=53.468..53.468 rows=0 loops=1)
   ->  Limit  (cost=41302.78..42469.53 rows=10000 width=20) (actual time=50.965..53.191 rows=10000 loops=1)
         ->  Gather Merge  (cost=41302.78..138531.87 rows=833334 width=20) (actual time=50.964..52.628 rows=10000 loops=1)
               Workers Planned: 2
               Workers Launched: 2
               ->  Sort  (cost=40302.76..41344.43 rows=416667 width=20) (actual time=49.453..49.635 rows=3940 loops=3)
                     Sort Key: s_1.a, s_1.b
                     Sort Method: top-N heapsort  Memory: 2056kB
                     Worker 0:  Sort Method: top-N heapsort  Memory: 1850kB
                     Worker 1:  Sort Method: top-N heapsort  Memory: 1844kB
                     ->  Parallel Seq Scan on s_1  (cost=0.00..10536.67 rows=416667 width=20) (actual time=0.006..18.559 rows=333333 loops=3)
 Planning time: 0.291 ms
 Execution time: 55.428 ms
(13 rows)

===== 47 [Wed Mar  7 03:15:56 CET 2018] scale:1000000 groups:10 work_mem:4MB incremental:off max_workers:2 =====
SELECT * FROM s_2 ORDER BY a, b, c LIMIT 10000
                                                                  QUERY PLAN                                                                  
----------------------------------------------------------------------------------------------------------------------------------------------
 Limit  (cost=42569.53..42569.53 rows=1 width=20) (actual time=53.791..53.791 rows=0 loops=1)
   ->  Limit  (cost=41302.78..42469.53 rows=10000 width=20) (actual time=51.185..53.510 rows=10000 loops=1)
         ->  Gather Merge  (cost=41302.78..138531.87 rows=833334 width=20) (actual time=51.184..52.946 rows=10000 loops=1)
               Workers Planned: 2
               Workers Launched: 2
               ->  Sort  (cost=40302.76..41344.43 rows=416667 width=20) (actual time=49.644..49.821 rows=3994 loops=3)
                     Sort Key: s_2.a, s_2.b, s_2.c
                     Sort Method: top-N heapsort  Memory: 1656kB
                     Worker 0:  Sort Method: top-N heapsort  Memory: 1613kB
                     Worker 1:  Sort Method: top-N heapsort  Memory: 1614kB
                     ->  Parallel Seq Scan on s_2  (cost=0.00..10536.67 rows=416667 width=20) (actual time=0.008..18.440 rows=333333 loops=3)
 Planning time: 0.290 ms
 Execution time: 55.827 ms
(13 rows)

===== 48 [Wed Mar  7 03:15:56 CET 2018] scale:1000000 groups:10 work_mem:4MB incremental:off max_workers:2 =====
SELECT * FROM s_3 ORDER BY a, b, c, d LIMIT 10000
                                                                  QUERY PLAN                                                                  
----------------------------------------------------------------------------------------------------------------------------------------------
 Limit  (cost=42569.53..42569.53 rows=1 width=20) (actual time=54.806..54.806 rows=0 loops=1)
   ->  Limit  (cost=41302.78..42469.53 rows=10000 width=20) (actual time=52.225..54.521 rows=10000 loops=1)
         ->  Gather Merge  (cost=41302.78..138531.87 rows=833334 width=20) (actual time=52.225..53.960 rows=10000 loops=1)
               Workers Planned: 2
               Workers Launched: 2
               ->  Sort  (cost=40302.76..41344.43 rows=416667 width=20) (actual time=50.475..50.649 rows=4113 loops=3)
                     Sort Key: s_3.a, s_3.b, s_3.c, s_3.d
                     Sort Method: top-N heapsort  Memory: 1562kB
                     Worker 0:  Sort Method: top-N heapsort  Memory: 1552kB
                     Worker 1:  Sort Method: top-N heapsort  Memory: 1557kB
                     ->  Parallel Seq Scan on s_3  (cost=0.00..10536.67 rows=416667 width=20) (actual time=0.008..18.729 rows=333333 loops=3)
 Planning time: 0.294 ms
 Execution time: 56.896 ms
(13 rows)

===== 49 [Wed Mar  7 03:15:57 CET 2018] scale:1000000 groups:10 work_mem:8MB incremental:on max_workers:2 =====
SELECT * FROM s_1 ORDER BY a, b LIMIT 10000
                                                                         QUERY PLAN                                                                          
-------------------------------------------------------------------------------------------------------------------------------------------------------------
 Limit  (cost=9937.48..9937.48 rows=1 width=20) (actual time=18.554..18.554 rows=0 loops=1)
   ->  Limit  (cost=9662.48..9837.48 rows=10000 width=20) (actual time=17.216..18.276 rows=10000 loops=1)
         ->  Incremental Sort  (cost=9662.48..27162.70 rows=1000000 width=20) (actual time=17.215..17.731 rows=10000 loops=1)
               Sort Key: s_1.a, s_1.b
               Presorted Key: s_1.a
               Sort Method: quicksort  Memory: 5454kB
               Sort Groups: 1
               ->  Index Only Scan using s_1_a_e_d_c_b_idx on s_1  (cost=0.42..34844.43 rows=1000000 width=20) (actual time=0.034..6.687 rows=50148 loops=1)
                     Heap Fetches: 0
 Planning time: 0.271 ms
 Execution time: 18.785 ms
(11 rows)

===== 50 [Wed Mar  7 03:15:57 CET 2018] scale:1000000 groups:10 work_mem:8MB incremental:on max_workers:2 =====
SELECT * FROM s_2 ORDER BY a, b, c LIMIT 10000
                                                                         QUERY PLAN                                                                          
-------------------------------------------------------------------------------------------------------------------------------------------------------------
 Limit  (cost=1102.87..1102.87 rows=1 width=20) (actual time=5.675..5.675 rows=0 loops=1)
   ->  Limit  (cost=826.11..1002.87 rows=10000 width=20) (actual time=1.034..5.400 rows=10000 loops=1)
         ->  Incremental Sort  (cost=826.11..18501.92 rows=1000000 width=20) (actual time=1.034..4.853 rows=10000 loops=1)
               Sort Key: s_2.a, s_2.b, s_2.c
               Presorted Key: s_2.a, s_2.b
               Sort Method: quicksort  Memory: 588kB
               Sort Groups: 3
               ->  Index Only Scan using s_2_a_b_e_d_c_idx on s_2  (cost=0.42..34844.43 rows=1000000 width=20) (actual time=0.025..1.672 rows=12595 loops=1)
                     Heap Fetches: 0
 Planning time: 0.295 ms
 Execution time: 5.715 ms
(11 rows)

===== 51 [Wed Mar  7 03:15:57 CET 2018] scale:1000000 groups:10 work_mem:8MB incremental:on max_workers:2 =====
SELECT * FROM s_3 ORDER BY a, b, c, d LIMIT 10000
                                                                         QUERY PLAN                                                                          
-------------------------------------------------------------------------------------------------------------------------------------------------------------
 Limit  (cost=345.40..345.40 rows=1 width=20) (actual time=5.036..5.036 rows=0 loops=1)
   ->  Limit  (cost=62.49..245.40 rows=10000 width=20) (actual time=0.121..4.763 rows=10000 loops=1)
         ->  Incremental Sort  (cost=62.49..18353.15 rows=1000000 width=20) (actual time=0.121..4.209 rows=10000 loops=1)
               Sort Key: s_3.a, s_3.b, s_3.c, s_3.d
               Presorted Key: s_3.a, s_3.b, s_3.c
               Sort Method: quicksort  Memory: 65kB
               Sort Groups: 28
               ->  Index Only Scan using s_3_a_b_c_e_d_idx on s_3  (cost=0.42..34844.43 rows=1000000 width=20) (actual time=0.030..1.328 rows=10303 loops=1)
                     Heap Fetches: 0
 Planning time: 0.289 ms
 Execution time: 5.061 ms
(11 rows)

===== 52 [Wed Mar  7 03:15:57 CET 2018] scale:1000000 groups:10 work_mem:8MB incremental:off max_workers:2 =====
SELECT * FROM s_1 ORDER BY a, b LIMIT 10000
                                                                  QUERY PLAN                                                                  
----------------------------------------------------------------------------------------------------------------------------------------------
 Limit  (cost=42569.53..42569.53 rows=1 width=20) (actual time=53.445..53.445 rows=0 loops=1)
   ->  Limit  (cost=41302.78..42469.53 rows=10000 width=20) (actual time=50.936..53.168 rows=10000 loops=1)
         ->  Gather Merge  (cost=41302.78..138531.87 rows=833334 width=20) (actual time=50.935..52.605 rows=10000 loops=1)
               Workers Planned: 2
               Workers Launched: 2
               ->  Sort  (cost=40302.76..41344.43 rows=416667 width=20) (actual time=49.431..49.618 rows=3947 loops=3)
                     Sort Key: s_1.a, s_1.b
                     Sort Method: top-N heapsort  Memory: 2058kB
                     Worker 0:  Sort Method: top-N heapsort  Memory: 1849kB
                     Worker 1:  Sort Method: top-N heapsort  Memory: 1846kB
                     ->  Parallel Seq Scan on s_1  (cost=0.00..10536.67 rows=416667 width=20) (actual time=0.006..18.528 rows=333333 loops=3)
 Planning time: 0.273 ms
 Execution time: 55.428 ms
(13 rows)

===== 53 [Wed Mar  7 03:15:57 CET 2018] scale:1000000 groups:10 work_mem:8MB incremental:off max_workers:2 =====
SELECT * FROM s_2 ORDER BY a, b, c LIMIT 10000
                                                                  QUERY PLAN                                                                  
----------------------------------------------------------------------------------------------------------------------------------------------
 Limit  (cost=42569.53..42569.53 rows=1 width=20) (actual time=53.749..53.749 rows=0 loops=1)
   ->  Limit  (cost=41302.78..42469.53 rows=10000 width=20) (actual time=51.141..53.467 rows=10000 loops=1)
         ->  Gather Merge  (cost=41302.78..138531.87 rows=833334 width=20) (actual time=51.141..52.905 rows=10000 loops=1)
               Workers Planned: 2
               Workers Launched: 2
               ->  Sort  (cost=40302.76..41344.43 rows=416667 width=20) (actual time=49.621..49.798 rows=3988 loops=3)
                     Sort Key: s_2.a, s_2.b, s_2.c
                     Sort Method: top-N heapsort  Memory: 1655kB
                     Worker 0:  Sort Method: top-N heapsort  Memory: 1614kB
                     Worker 1:  Sort Method: top-N heapsort  Memory: 1613kB
                     ->  Parallel Seq Scan on s_2  (cost=0.00..10536.67 rows=416667 width=20) (actual time=0.009..18.446 rows=333333 loops=3)
 Planning time: 0.302 ms
 Execution time: 55.777 ms
(13 rows)

===== 54 [Wed Mar  7 03:15:58 CET 2018] scale:1000000 groups:10 work_mem:8MB incremental:off max_workers:2 =====
SELECT * FROM s_3 ORDER BY a, b, c, d LIMIT 10000
                                                                  QUERY PLAN                                                                  
----------------------------------------------------------------------------------------------------------------------------------------------
 Limit  (cost=42569.53..42569.53 rows=1 width=20) (actual time=54.682..54.682 rows=0 loops=1)
   ->  Limit  (cost=41302.78..42469.53 rows=10000 width=20) (actual time=52.099..54.400 rows=10000 loops=1)
         ->  Gather Merge  (cost=41302.78..138531.87 rows=833334 width=20) (actual time=52.098..53.837 rows=10000 loops=1)
               Workers Planned: 2
               Workers Launched: 2
               ->  Sort  (cost=40302.76..41344.43 rows=416667 width=20) (actual time=50.371..50.544 rows=4113 loops=3)
                     Sort Key: s_3.a, s_3.b, s_3.c, s_3.d
                     Sort Method: top-N heapsort  Memory: 1562kB
                     Worker 0:  Sort Method: top-N heapsort  Memory: 1552kB
                     Worker 1:  Sort Method: top-N heapsort  Memory: 1557kB
                     ->  Parallel Seq Scan on s_3  (cost=0.00..10536.67 rows=416667 width=20) (actual time=0.009..18.607 rows=333333 loops=3)
 Planning time: 0.294 ms
 Execution time: 56.807 ms
(13 rows)

===== 55 [Wed Mar  7 03:15:58 CET 2018] scale:1000000 groups:10 work_mem:16MB incremental:on max_workers:2 =====
SELECT * FROM s_1 ORDER BY a, b LIMIT 10000
                                                                         QUERY PLAN                                                                          
-------------------------------------------------------------------------------------------------------------------------------------------------------------
 Limit  (cost=9937.48..9937.48 rows=1 width=20) (actual time=18.535..18.535 rows=0 loops=1)
   ->  Limit  (cost=9662.48..9837.48 rows=10000 width=20) (actual time=17.211..18.263 rows=10000 loops=1)
         ->  Incremental Sort  (cost=9662.48..27162.70 rows=1000000 width=20) (actual time=17.211..17.717 rows=10000 loops=1)
               Sort Key: s_1.a, s_1.b
               Presorted Key: s_1.a
               Sort Method: quicksort  Memory: 5454kB
               Sort Groups: 1
               ->  Index Only Scan using s_1_a_e_d_c_b_idx on s_1  (cost=0.42..34844.43 rows=1000000 width=20) (actual time=0.034..6.673 rows=50148 loops=1)
                     Heap Fetches: 0
 Planning time: 0.272 ms
 Execution time: 18.774 ms
(11 rows)

===== 56 [Wed Mar  7 03:15:58 CET 2018] scale:1000000 groups:10 work_mem:16MB incremental:on max_workers:2 =====
SELECT * FROM s_2 ORDER BY a, b, c LIMIT 10000
                                                                         QUERY PLAN                                                                          
-------------------------------------------------------------------------------------------------------------------------------------------------------------
 Limit  (cost=1102.87..1102.87 rows=1 width=20) (actual time=5.679..5.679 rows=0 loops=1)
   ->  Limit  (cost=826.11..1002.87 rows=10000 width=20) (actual time=1.031..5.407 rows=10000 loops=1)
         ->  Incremental Sort  (cost=826.11..18501.92 rows=1000000 width=20) (actual time=1.030..4.856 rows=10000 loops=1)
               Sort Key: s_2.a, s_2.b, s_2.c
               Presorted Key: s_2.a, s_2.b
               Sort Method: quicksort  Memory: 588kB
               Sort Groups: 3
               ->  Index Only Scan using s_2_a_b_e_d_c_idx on s_2  (cost=0.42..34844.43 rows=1000000 width=20) (actual time=0.025..1.679 rows=12595 loops=1)
                     Heap Fetches: 0
 Planning time: 0.288 ms
 Execution time: 5.718 ms
(11 rows)

===== 57 [Wed Mar  7 03:15:58 CET 2018] scale:1000000 groups:10 work_mem:16MB incremental:on max_workers:2 =====
SELECT * FROM s_3 ORDER BY a, b, c, d LIMIT 10000
                                                                         QUERY PLAN                                                                          
-------------------------------------------------------------------------------------------------------------------------------------------------------------
 Limit  (cost=345.40..345.40 rows=1 width=20) (actual time=5.034..5.034 rows=0 loops=1)
   ->  Limit  (cost=62.49..245.40 rows=10000 width=20) (actual time=0.115..4.759 rows=10000 loops=1)
         ->  Incremental Sort  (cost=62.49..18353.15 rows=1000000 width=20) (actual time=0.115..4.209 rows=10000 loops=1)
               Sort Key: s_3.a, s_3.b, s_3.c, s_3.d
               Presorted Key: s_3.a, s_3.b, s_3.c
               Sort Method: quicksort  Memory: 65kB
               Sort Groups: 28
               ->  Index Only Scan using s_3_a_b_c_e_d_idx on s_3  (cost=0.42..34844.43 rows=1000000 width=20) (actual time=0.029..1.333 rows=10303 loops=1)
                     Heap Fetches: 0
 Planning time: 0.289 ms
 Execution time: 5.060 ms
(11 rows)

===== 58 [Wed Mar  7 03:15:58 CET 2018] scale:1000000 groups:10 work_mem:16MB incremental:off max_workers:2 =====
SELECT * FROM s_1 ORDER BY a, b LIMIT 10000
                                                                  QUERY PLAN                                                                  
----------------------------------------------------------------------------------------------------------------------------------------------
 Limit  (cost=42569.53..42569.53 rows=1 width=20) (actual time=53.431..53.431 rows=0 loops=1)
   ->  Limit  (cost=41302.78..42469.53 rows=10000 width=20) (actual time=50.923..53.151 rows=10000 loops=1)
         ->  Gather Merge  (cost=41302.78..138531.87 rows=833334 width=20) (actual time=50.922..52.589 rows=10000 loops=1)
               Workers Planned: 2
               Workers Launched: 2
               ->  Sort  (cost=40302.76..41344.43 rows=416667 width=20) (actual time=49.443..49.629 rows=4020 loops=3)
                     Sort Key: s_1.a, s_1.b
                     Sort Method: top-N heapsort  Memory: 2052kB
                     Worker 0:  Sort Method: top-N heapsort  Memory: 1847kB
                     Worker 1:  Sort Method: top-N heapsort  Memory: 1846kB
                     ->  Parallel Seq Scan on s_1  (cost=0.00..10536.67 rows=416667 width=20) (actual time=0.006..18.539 rows=333333 loops=3)
 Planning time: 0.279 ms
 Execution time: 55.412 ms
(13 rows)

===== 59 [Wed Mar  7 03:15:59 CET 2018] scale:1000000 groups:10 work_mem:16MB incremental:off max_workers:2 =====
SELECT * FROM s_2 ORDER BY a, b, c LIMIT 10000
                                                                  QUERY PLAN                                                                  
----------------------------------------------------------------------------------------------------------------------------------------------
 Limit  (cost=42569.53..42569.53 rows=1 width=20) (actual time=53.709..53.709 rows=0 loops=1)
   ->  Limit  (cost=41302.78..42469.53 rows=10000 width=20) (actual time=51.104..53.427 rows=10000 loops=1)
         ->  Gather Merge  (cost=41302.78..138531.87 rows=833334 width=20) (actual time=51.103..52.862 rows=10000 loops=1)
               Workers Planned: 2
               Workers Launched: 2
               ->  Sort  (cost=40302.76..41344.43 rows=416667 width=20) (actual time=49.613..49.788 rows=3963 loops=3)
                     Sort Key: s_2.a, s_2.b, s_2.c
                     Sort Method: top-N heapsort  Memory: 1649kB
                     Worker 0:  Sort Method: top-N heapsort  Memory: 1614kB
                     Worker 1:  Sort Method: top-N heapsort  Memory: 1613kB
                     ->  Parallel Seq Scan on s_2  (cost=0.00..10536.67 rows=416667 width=20) (actual time=0.008..18.457 rows=333333 loops=3)
 Planning time: 0.291 ms
 Execution time: 55.772 ms
(13 rows)

===== 60 [Wed Mar  7 03:15:59 CET 2018] scale:1000000 groups:10 work_mem:16MB incremental:off max_workers:2 =====
SELECT * FROM s_3 ORDER BY a, b, c, d LIMIT 10000
                                                                  QUERY PLAN                                                                  
----------------------------------------------------------------------------------------------------------------------------------------------
 Limit  (cost=42569.53..42569.53 rows=1 width=20) (actual time=54.505..54.505 rows=0 loops=1)
   ->  Limit  (cost=41302.78..42469.53 rows=10000 width=20) (actual time=51.931..54.227 rows=10000 loops=1)
         ->  Gather Merge  (cost=41302.78..138531.87 rows=833334 width=20) (actual time=51.931..53.667 rows=10000 loops=1)
               Workers Planned: 2
               Workers Launched: 2
               ->  Sort  (cost=40302.76..41344.43 rows=416667 width=20) (actual time=50.228..50.400 rows=4113 loops=3)
                     Sort Key: s_3.a, s_3.b, s_3.c, s_3.d
                     Sort Method: top-N heapsort  Memory: 1562kB
                     Worker 0:  Sort Method: top-N heapsort  Memory: 1557kB
                     Worker 1:  Sort Method: top-N heapsort  Memory: 1552kB
                     ->  Parallel Seq Scan on s_3  (cost=0.00..10536.67 rows=416667 width=20) (actual time=0.007..18.568 rows=333333 loops=3)
 Planning time: 0.294 ms
 Execution time: 56.588 ms
(13 rows)

===== 61 [Wed Mar  7 03:15:59 CET 2018] scale:1000000 groups:10 work_mem:32MB incremental:on max_workers:2 =====
SELECT * FROM s_1 ORDER BY a, b LIMIT 10000
                                                                         QUERY PLAN                                                                          
-------------------------------------------------------------------------------------------------------------------------------------------------------------
 Limit  (cost=9937.48..9937.48 rows=1 width=20) (actual time=18.595..18.595 rows=0 loops=1)
   ->  Limit  (cost=9662.48..9837.48 rows=10000 width=20) (actual time=17.253..18.319 rows=10000 loops=1)
         ->  Incremental Sort  (cost=9662.48..27162.70 rows=1000000 width=20) (actual time=17.252..17.773 rows=10000 loops=1)
               Sort Key: s_1.a, s_1.b
               Presorted Key: s_1.a
               Sort Method: quicksort  Memory: 5454kB
               Sort Groups: 1
               ->  Index Only Scan using s_1_a_e_d_c_b_idx on s_1  (cost=0.42..34844.43 rows=1000000 width=20) (actual time=0.034..6.669 rows=50148 loops=1)
                     Heap Fetches: 0
 Planning time: 0.273 ms
 Execution time: 18.830 ms
(11 rows)

===== 62 [Wed Mar  7 03:16:00 CET 2018] scale:1000000 groups:10 work_mem:32MB incremental:on max_workers:2 =====
SELECT * FROM s_2 ORDER BY a, b, c LIMIT 10000
                                                                         QUERY PLAN                                                                          
-------------------------------------------------------------------------------------------------------------------------------------------------------------
 Limit  (cost=1102.87..1102.87 rows=1 width=20) (actual time=5.682..5.682 rows=0 loops=1)
   ->  Limit  (cost=826.11..1002.87 rows=10000 width=20) (actual time=1.034..5.405 rows=10000 loops=1)
         ->  Incremental Sort  (cost=826.11..18501.92 rows=1000000 width=20) (actual time=1.033..4.849 rows=10000 loops=1)
               Sort Key: s_2.a, s_2.b, s_2.c
               Presorted Key: s_2.a, s_2.b
               Sort Method: quicksort  Memory: 588kB
               Sort Groups: 3
               ->  Index Only Scan using s_2_a_b_e_d_c_idx on s_2  (cost=0.42..34844.43 rows=1000000 width=20) (actual time=0.025..1.673 rows=12595 loops=1)
                     Heap Fetches: 0
 Planning time: 0.291 ms
 Execution time: 5.722 ms
(11 rows)

===== 63 [Wed Mar  7 03:16:00 CET 2018] scale:1000000 groups:10 work_mem:32MB incremental:on max_workers:2 =====
SELECT * FROM s_3 ORDER BY a, b, c, d LIMIT 10000
                                                                         QUERY PLAN                                                                          
-------------------------------------------------------------------------------------------------------------------------------------------------------------
 Limit  (cost=345.40..345.40 rows=1 width=20) (actual time=5.037..5.037 rows=0 loops=1)
   ->  Limit  (cost=62.49..245.40 rows=10000 width=20) (actual time=0.118..4.764 rows=10000 loops=1)
         ->  Incremental Sort  (cost=62.49..18353.15 rows=1000000 width=20) (actual time=0.118..4.217 rows=10000 loops=1)
               Sort Key: s_3.a, s_3.b, s_3.c, s_3.d
               Presorted Key: s_3.a, s_3.b, s_3.c
               Sort Method: quicksort  Memory: 65kB
               Sort Groups: 28
               ->  Index Only Scan using s_3_a_b_c_e_d_idx on s_3  (cost=0.42..34844.43 rows=1000000 width=20) (actual time=0.030..1.346 rows=10303 loops=1)
                     Heap Fetches: 0
 Planning time: 0.289 ms
 Execution time: 5.064 ms
(11 rows)

===== 64 [Wed Mar  7 03:16:00 CET 2018] scale:1000000 groups:10 work_mem:32MB incremental:off max_workers:2 =====
SELECT * FROM s_1 ORDER BY a, b LIMIT 10000
                                                                  QUERY PLAN                                                                  
----------------------------------------------------------------------------------------------------------------------------------------------
 Limit  (cost=42569.53..42569.53 rows=1 width=20) (actual time=53.493..53.493 rows=0 loops=1)
   ->  Limit  (cost=41302.78..42469.53 rows=10000 width=20) (actual time=50.987..53.215 rows=10000 loops=1)
         ->  Gather Merge  (cost=41302.78..138531.87 rows=833334 width=20) (actual time=50.986..52.646 rows=10000 loops=1)
               Workers Planned: 2
               Workers Launched: 2
               ->  Sort  (cost=40302.76..41344.43 rows=416667 width=20) (actual time=49.467..49.649 rows=3947 loops=3)
                     Sort Key: s_1.a, s_1.b
                     Sort Method: top-N heapsort  Memory: 2058kB
                     Worker 0:  Sort Method: top-N heapsort  Memory: 1850kB
                     Worker 1:  Sort Method: top-N heapsort  Memory: 1844kB
                     ->  Parallel Seq Scan on s_1  (cost=0.00..10536.67 rows=416667 width=20) (actual time=0.007..18.554 rows=333333 loops=3)
 Planning time: 0.281 ms
 Execution time: 55.472 ms
(13 rows)

===== 65 [Wed Mar  7 03:16:00 CET 2018] scale:1000000 groups:10 work_mem:32MB incremental:off max_workers:2 =====
SELECT * FROM s_2 ORDER BY a, b, c LIMIT 10000
                                                                  QUERY PLAN                                                                  
----------------------------------------------------------------------------------------------------------------------------------------------
 Limit  (cost=42569.53..42569.53 rows=1 width=20) (actual time=53.745..53.745 rows=0 loops=1)
   ->  Limit  (cost=41302.78..42469.53 rows=10000 width=20) (actual time=51.143..53.465 rows=10000 loops=1)
         ->  Gather Merge  (cost=41302.78..138531.87 rows=833334 width=20) (actual time=51.142..52.903 rows=10000 loops=1)
               Workers Planned: 2
               Workers Launched: 2
               ->  Sort  (cost=40302.76..41344.43 rows=416667 width=20) (actual time=49.609..49.785 rows=4015 loops=3)
                     Sort Key: s_2.a, s_2.b, s_2.c
                     Sort Method: top-N heapsort  Memory: 1661kB
                     Worker 0:  Sort Method: top-N heapsort  Memory: 1611kB
                     Worker 1:  Sort Method: top-N heapsort  Memory: 1616kB
                     ->  Parallel Seq Scan on s_2  (cost=0.00..10536.67 rows=416667 width=20) (actual time=0.008..18.438 rows=333333 loops=3)
 Planning time: 0.296 ms
 Execution time: 55.782 ms
(13 rows)

===== 66 [Wed Mar  7 03:16:00 CET 2018] scale:1000000 groups:10 work_mem:32MB incremental:off max_workers:2 =====
SELECT * FROM s_3 ORDER BY a, b, c, d LIMIT 10000
                                                                  QUERY PLAN                                                                  
----------------------------------------------------------------------------------------------------------------------------------------------
 Limit  (cost=42569.53..42569.53 rows=1 width=20) (actual time=54.772..54.772 rows=0 loops=1)
   ->  Limit  (cost=41302.78..42469.53 rows=10000 width=20) (actual time=52.208..54.494 rows=10000 loops=1)
         ->  Gather Merge  (cost=41302.78..138531.87 rows=833334 width=20) (actual time=52.207..53.934 rows=10000 loops=1)
               Workers Planned: 2
               Workers Launched: 2
               ->  Sort  (cost=40302.76..41344.43 rows=416667 width=20) (actual time=50.266..50.439 rows=4113 loops=3)
                     Sort Key: s_3.a, s_3.b, s_3.c, s_3.d
                     Sort Method: top-N heapsort  Memory: 1562kB
                     Worker 0:  Sort Method: top-N heapsort  Memory: 1552kB
                     Worker 1:  Sort Method: top-N heapsort  Memory: 1556kB
                     ->  Parallel Seq Scan on s_3  (cost=0.00..10536.67 rows=416667 width=20) (actual time=0.006..18.560 rows=333333 loops=3)
 Planning time: 0.305 ms
 Execution time: 56.840 ms
(13 rows)

===== 67 [Wed Mar  7 03:16:01 CET 2018] scale:1000000 groups:10 work_mem:64MB incremental:on max_workers:2 =====
SELECT * FROM s_1 ORDER BY a, b LIMIT 10000
                                                                         QUERY PLAN                                                                          
-------------------------------------------------------------------------------------------------------------------------------------------------------------
 Limit  (cost=9937.48..9937.48 rows=1 width=20) (actual time=18.546..18.546 rows=0 loops=1)
   ->  Limit  (cost=9662.48..9837.48 rows=10000 width=20) (actual time=17.219..18.273 rows=10000 loops=1)
         ->  Incremental Sort  (cost=9662.48..27162.70 rows=1000000 width=20) (actual time=17.218..17.728 rows=10000 loops=1)
               Sort Key: s_1.a, s_1.b
               Presorted Key: s_1.a
               Sort Method: quicksort  Memory: 5454kB
               Sort Groups: 1
               ->  Index Only Scan using s_1_a_e_d_c_b_idx on s_1  (cost=0.42..34844.43 rows=1000000 width=20) (actual time=0.034..6.676 rows=50148 loops=1)
                     Heap Fetches: 0
 Planning time: 0.281 ms
 Execution time: 18.781 ms
(11 rows)

===== 68 [Wed Mar  7 03:16:01 CET 2018] scale:1000000 groups:10 work_mem:64MB incremental:on max_workers:2 =====
SELECT * FROM s_2 ORDER BY a, b, c LIMIT 10000
                                                                         QUERY PLAN                                                                          
-------------------------------------------------------------------------------------------------------------------------------------------------------------
 Limit  (cost=1102.87..1102.87 rows=1 width=20) (actual time=5.679..5.679 rows=0 loops=1)
   ->  Limit  (cost=826.11..1002.87 rows=10000 width=20) (actual time=1.030..5.403 rows=10000 loops=1)
         ->  Incremental Sort  (cost=826.11..18501.92 rows=1000000 width=20) (actual time=1.030..4.854 rows=10000 loops=1)
               Sort Key: s_2.a, s_2.b, s_2.c
               Presorted Key: s_2.a, s_2.b
               Sort Method: quicksort  Memory: 588kB
               Sort Groups: 3
               ->  Index Only Scan using s_2_a_b_e_d_c_idx on s_2  (cost=0.42..34844.43 rows=1000000 width=20) (actual time=0.025..1.683 rows=12595 loops=1)
                     Heap Fetches: 0
 Planning time: 0.292 ms
 Execution time: 5.717 ms
(11 rows)

===== 69 [Wed Mar  7 03:16:01 CET 2018] scale:1000000 groups:10 work_mem:64MB incremental:on max_workers:2 =====
SELECT * FROM s_3 ORDER BY a, b, c, d LIMIT 10000
                                                                         QUERY PLAN                                                                          
-------------------------------------------------------------------------------------------------------------------------------------------------------------
 Limit  (cost=345.40..345.40 rows=1 width=20) (actual time=5.033..5.033 rows=0 loops=1)
   ->  Limit  (cost=62.49..245.40 rows=10000 width=20) (actual time=0.115..4.760 rows=10000 loops=1)
         ->  Incremental Sort  (cost=62.49..18353.15 rows=1000000 width=20) (actual time=0.115..4.214 rows=10000 loops=1)
               Sort Key: s_3.a, s_3.b, s_3.c, s_3.d
               Presorted Key: s_3.a, s_3.b, s_3.c
               Sort Method: quicksort  Memory: 65kB
               Sort Groups: 28
               ->  Index Only Scan using s_3_a_b_c_e_d_idx on s_3  (cost=0.42..34844.43 rows=1000000 width=20) (actual time=0.029..1.328 rows=10303 loops=1)
                     Heap Fetches: 0
 Planning time: 0.297 ms
 Execution time: 5.059 ms
(11 rows)

===== 70 [Wed Mar  7 03:16:01 CET 2018] scale:1000000 groups:10 work_mem:64MB incremental:off max_workers:2 =====
SELECT * FROM s_1 ORDER BY a, b LIMIT 10000
                                                                  QUERY PLAN                                                                  
----------------------------------------------------------------------------------------------------------------------------------------------
 Limit  (cost=42569.53..42569.53 rows=1 width=20) (actual time=54.190..54.190 rows=0 loops=1)
   ->  Limit  (cost=41302.78..42469.53 rows=10000 width=20) (actual time=51.692..53.913 rows=10000 loops=1)
         ->  Gather Merge  (cost=41302.78..138531.87 rows=833334 width=20) (actual time=51.692..53.350 rows=10000 loops=1)
               Workers Planned: 2
               Workers Launched: 2
               ->  Sort  (cost=40302.76..41344.43 rows=416667 width=20) (actual time=49.917..50.099 rows=3960 loops=3)
                     Sort Key: s_1.a, s_1.b
                     Sort Method: top-N heapsort  Memory: 2054kB
                     Worker 0:  Sort Method: top-N heapsort  Memory: 1710kB
                     Worker 1:  Sort Method: top-N heapsort  Memory: 1964kB
                     ->  Parallel Seq Scan on s_1  (cost=0.00..10536.67 rows=416667 width=20) (actual time=0.006..18.426 rows=333333 loops=3)
 Planning time: 0.275 ms
 Execution time: 56.080 ms
(13 rows)

===== 71 [Wed Mar  7 03:16:02 CET 2018] scale:1000000 groups:10 work_mem:64MB incremental:off max_workers:2 =====
SELECT * FROM s_2 ORDER BY a, b, c LIMIT 10000
                                                                  QUERY PLAN                                                                  
----------------------------------------------------------------------------------------------------------------------------------------------
 Limit  (cost=42569.53..42569.53 rows=1 width=20) (actual time=53.763..53.763 rows=0 loops=1)
   ->  Limit  (cost=41302.78..42469.53 rows=10000 width=20) (actual time=51.157..53.481 rows=10000 loops=1)
         ->  Gather Merge  (cost=41302.78..138531.87 rows=833334 width=20) (actual time=51.156..52.917 rows=10000 loops=1)
               Workers Planned: 2
               Workers Launched: 2
               ->  Sort  (cost=40302.76..41344.43 rows=416667 width=20) (actual time=49.611..49.786 rows=3994 loops=3)
                     Sort Key: s_2.a, s_2.b, s_2.c
                     Sort Method: top-N heapsort  Memory: 1656kB
                     Worker 0:  Sort Method: top-N heapsort  Memory: 1613kB
                     Worker 1:  Sort Method: top-N heapsort  Memory: 1614kB
                     ->  Parallel Seq Scan on s_2  (cost=0.00..10536.67 rows=416667 width=20) (actual time=0.008..18.438 rows=333333 loops=3)
 Planning time: 0.296 ms
 Execution time: 55.795 ms
(13 rows)

===== 72 [Wed Mar  7 03:16:02 CET 2018] scale:1000000 groups:10 work_mem:64MB incremental:off max_workers:2 =====
SELECT * FROM s_3 ORDER BY a, b, c, d LIMIT 10000
                                                                  QUERY PLAN                                                                  
----------------------------------------------------------------------------------------------------------------------------------------------
 Limit  (cost=42569.53..42569.53 rows=1 width=20) (actual time=54.612..54.612 rows=0 loops=1)
   ->  Limit  (cost=41302.78..42469.53 rows=10000 width=20) (actual time=52.030..54.331 rows=10000 loops=1)
         ->  Gather Merge  (cost=41302.78..138531.87 rows=833334 width=20) (actual time=52.029..53.770 rows=10000 loops=1)
               Workers Planned: 2
               Workers Launched: 2
               ->  Sort  (cost=40302.76..41344.43 rows=416667 width=20) (actual time=50.353..50.527 rows=4113 loops=3)
                     Sort Key: s_3.a, s_3.b, s_3.c, s_3.d
                     Sort Method: top-N heapsort  Memory: 1562kB
                     Worker 0:  Sort Method: top-N heapsort  Memory: 1557kB
                     Worker 1:  Sort Method: top-N heapsort  Memory: 1552kB
                     ->  Parallel Seq Scan on s_3  (cost=0.00..10536.67 rows=416667 width=20) (actual time=0.007..18.613 rows=333333 loops=3)
 Planning time: 0.299 ms
 Execution time: 56.719 ms
(13 rows)

===== 73 [Wed Mar  7 03:16:02 CET 2018] scale:1000000 groups:10 work_mem:128MB incremental:on max_workers:2 =====
SELECT * FROM s_1 ORDER BY a, b LIMIT 10000
                                                                         QUERY PLAN                                                                          
-------------------------------------------------------------------------------------------------------------------------------------------------------------
 Limit  (cost=9937.48..9937.48 rows=1 width=20) (actual time=18.540..18.540 rows=0 loops=1)
   ->  Limit  (cost=9662.48..9837.48 rows=10000 width=20) (actual time=17.213..18.266 rows=10000 loops=1)
         ->  Incremental Sort  (cost=9662.48..27162.70 rows=1000000 width=20) (actual time=17.213..17.721 rows=10000 loops=1)
               Sort Key: s_1.a, s_1.b
               Presorted Key: s_1.a
               Sort Method: quicksort  Memory: 5454kB
               Sort Groups: 1
               ->  Index Only Scan using s_1_a_e_d_c_b_idx on s_1  (cost=0.42..34844.43 rows=1000000 width=20) (actual time=0.033..6.669 rows=50148 loops=1)
                     Heap Fetches: 0
 Planning time: 0.276 ms
 Execution time: 18.770 ms
(11 rows)

===== 74 [Wed Mar  7 03:16:02 CET 2018] scale:1000000 groups:10 work_mem:128MB incremental:on max_workers:2 =====
SELECT * FROM s_2 ORDER BY a, b, c LIMIT 10000
                                                                         QUERY PLAN                                                                          
-------------------------------------------------------------------------------------------------------------------------------------------------------------
 Limit  (cost=1102.87..1102.87 rows=1 width=20) (actual time=5.679..5.679 rows=0 loops=1)
   ->  Limit  (cost=826.11..1002.87 rows=10000 width=20) (actual time=1.030..5.407 rows=10000 loops=1)
         ->  Incremental Sort  (cost=826.11..18501.92 rows=1000000 width=20) (actual time=1.029..4.857 rows=10000 loops=1)
               Sort Key: s_2.a, s_2.b, s_2.c
               Presorted Key: s_2.a, s_2.b
               Sort Method: quicksort  Memory: 588kB
               Sort Groups: 3
               ->  Index Only Scan using s_2_a_b_e_d_c_idx on s_2  (cost=0.42..34844.43 rows=1000000 width=20) (actual time=0.025..1.685 rows=12595 loops=1)
                     Heap Fetches: 0
 Planning time: 0.287 ms
 Execution time: 5.718 ms
(11 rows)

===== 75 [Wed Mar  7 03:16:02 CET 2018] scale:1000000 groups:10 work_mem:128MB incremental:on max_workers:2 =====
SELECT * FROM s_3 ORDER BY a, b, c, d LIMIT 10000
                                                                         QUERY PLAN                                                                          
-------------------------------------------------------------------------------------------------------------------------------------------------------------
 Limit  (cost=345.40..345.40 rows=1 width=20) (actual time=5.033..5.033 rows=0 loops=1)
   ->  Limit  (cost=62.49..245.40 rows=10000 width=20) (actual time=0.115..4.761 rows=10000 loops=1)
         ->  Incremental Sort  (cost=62.49..18353.15 rows=1000000 width=20) (actual time=0.115..4.214 rows=10000 loops=1)
               Sort Key: s_3.a, s_3.b, s_3.c, s_3.d
               Presorted Key: s_3.a, s_3.b, s_3.c
               Sort Method: quicksort  Memory: 65kB
               Sort Groups: 28
               ->  Index Only Scan using s_3_a_b_c_e_d_idx on s_3  (cost=0.42..34844.43 rows=1000000 width=20) (actual time=0.029..1.332 rows=10303 loops=1)
                     Heap Fetches: 0
 Planning time: 0.295 ms
 Execution time: 5.059 ms
(11 rows)

===== 76 [Wed Mar  7 03:16:03 CET 2018] scale:1000000 groups:10 work_mem:128MB incremental:off max_workers:2 =====
SELECT * FROM s_1 ORDER BY a, b LIMIT 10000
                                                                  QUERY PLAN                                                                  
----------------------------------------------------------------------------------------------------------------------------------------------
 Limit  (cost=42569.53..42569.53 rows=1 width=20) (actual time=53.639..53.639 rows=0 loops=1)
   ->  Limit  (cost=41302.78..42469.53 rows=10000 width=20) (actual time=51.133..53.361 rows=10000 loops=1)
         ->  Gather Merge  (cost=41302.78..138531.87 rows=833334 width=20) (actual time=51.132..52.796 rows=10000 loops=1)
               Workers Planned: 2
               Workers Launched: 2
               ->  Sort  (cost=40302.76..41344.43 rows=416667 width=20) (actual time=49.338..49.521 rows=3965 loops=3)
                     Sort Key: s_1.a, s_1.b
                     Sort Method: top-N heapsort  Memory: 2059kB
                     Worker 0:  Sort Method: top-N heapsort  Memory: 1694kB
                     Worker 1:  Sort Method: top-N heapsort  Memory: 1971kB
                     ->  Parallel Seq Scan on s_1  (cost=0.00..10536.67 rows=416667 width=20) (actual time=0.006..18.496 rows=333333 loops=3)
 Planning time: 0.278 ms
 Execution time: 55.551 ms
(13 rows)

===== 77 [Wed Mar  7 03:16:03 CET 2018] scale:1000000 groups:10 work_mem:128MB incremental:off max_workers:2 =====
SELECT * FROM s_2 ORDER BY a, b, c LIMIT 10000
                                                                  QUERY PLAN                                                                  
----------------------------------------------------------------------------------------------------------------------------------------------
 Limit  (cost=42569.53..42569.53 rows=1 width=20) (actual time=53.757..53.757 rows=0 loops=1)
   ->  Limit  (cost=41302.78..42469.53 rows=10000 width=20) (actual time=51.146..53.476 rows=10000 loops=1)
         ->  Gather Merge  (cost=41302.78..138531.87 rows=833334 width=20) (actual time=51.145..52.914 rows=10000 loops=1)
               Workers Planned: 2
               Workers Launched: 2
               ->  Sort  (cost=40302.76..41344.43 rows=416667 width=20) (actual time=49.604..49.783 rows=3994 loops=3)
                     Sort Key: s_2.a, s_2.b, s_2.c
                     Sort Method: top-N heapsort  Memory: 1656kB
                     Worker 0:  Sort Method: top-N heapsort  Memory: 1613kB
                     Worker 1:  Sort Method: top-N heapsort  Memory: 1614kB
                     ->  Parallel Seq Scan on s_2  (cost=0.00..10536.67 rows=416667 width=20) (actual time=0.009..18.432 rows=333333 loops=3)
 Planning time: 0.289 ms
 Execution time: 55.794 ms
(13 rows)

===== 78 [Wed Mar  7 03:16:03 CET 2018] scale:1000000 groups:10 work_mem:128MB incremental:off max_workers:2 =====
SELECT * FROM s_3 ORDER BY a, b, c, d LIMIT 10000
                                                                  QUERY PLAN                                                                  
----------------------------------------------------------------------------------------------------------------------------------------------
 Limit  (cost=42569.53..42569.53 rows=1 width=20) (actual time=54.531..54.531 rows=0 loops=1)
   ->  Limit  (cost=41302.78..42469.53 rows=10000 width=20) (actual time=51.947..54.253 rows=10000 loops=1)
         ->  Gather Merge  (cost=41302.78..138531.87 rows=833334 width=20) (actual time=51.947..53.693 rows=10000 loops=1)
               Workers Planned: 2
               Workers Launched: 2
               ->  Sort  (cost=40302.76..41344.43 rows=416667 width=20) (actual time=50.222..50.395 rows=4113 loops=3)
                     Sort Key: s_3.a, s_3.b, s_3.c, s_3.d
                     Sort Method: top-N heapsort  Memory: 1562kB
                     Worker 0:  Sort Method: top-N heapsort  Memory: 1557kB
                     Worker 1:  Sort Method: top-N heapsort  Memory: 1552kB
                     ->  Parallel Seq Scan on s_3  (cost=0.00..10536.67 rows=416667 width=20) (actual time=0.009..18.568 rows=333333 loops=3)
 Planning time: 0.294 ms
 Execution time: 56.637 ms
(13 rows)

===== 79 [Wed Mar  7 03:16:04 CET 2018] scale:1000000 groups:10 work_mem:256MB incremental:on max_workers:2 =====
SELECT * FROM s_1 ORDER BY a, b LIMIT 10000
                                                                         QUERY PLAN                                                                          
-------------------------------------------------------------------------------------------------------------------------------------------------------------
 Limit  (cost=9937.48..9937.48 rows=1 width=20) (actual time=18.511..18.511 rows=0 loops=1)
   ->  Limit  (cost=9662.48..9837.48 rows=10000 width=20) (actual time=17.187..18.239 rows=10000 loops=1)
         ->  Incremental Sort  (cost=9662.48..27162.70 rows=1000000 width=20) (actual time=17.186..17.691 rows=10000 loops=1)
               Sort Key: s_1.a, s_1.b
               Presorted Key: s_1.a
               Sort Method: quicksort  Memory: 5454kB
               Sort Groups: 1
               ->  Index Only Scan using s_1_a_e_d_c_b_idx on s_1  (cost=0.42..34844.43 rows=1000000 width=20) (actual time=0.033..6.666 rows=50148 loops=1)
                     Heap Fetches: 0
 Planning time: 0.275 ms
 Execution time: 18.746 ms
(11 rows)

===== 80 [Wed Mar  7 03:16:04 CET 2018] scale:1000000 groups:10 work_mem:256MB incremental:on max_workers:2 =====
SELECT * FROM s_2 ORDER BY a, b, c LIMIT 10000
                                                                         QUERY PLAN                                                                          
-------------------------------------------------------------------------------------------------------------------------------------------------------------
 Limit  (cost=1102.87..1102.87 rows=1 width=20) (actual time=5.680..5.680 rows=0 loops=1)
   ->  Limit  (cost=826.11..1002.87 rows=10000 width=20) (actual time=1.033..5.406 rows=10000 loops=1)
         ->  Incremental Sort  (cost=826.11..18501.92 rows=1000000 width=20) (actual time=1.033..4.855 rows=10000 loops=1)
               Sort Key: s_2.a, s_2.b, s_2.c
               Presorted Key: s_2.a, s_2.b
               Sort Method: quicksort  Memory: 588kB
               Sort Groups: 3
               ->  Index Only Scan using s_2_a_b_e_d_c_idx on s_2  (cost=0.42..34844.43 rows=1000000 width=20) (actual time=0.024..1.686 rows=12595 loops=1)
                     Heap Fetches: 0
 Planning time: 0.287 ms
 Execution time: 5.719 ms
(11 rows)

===== 81 [Wed Mar  7 03:16:04 CET 2018] scale:1000000 groups:10 work_mem:256MB incremental:on max_workers:2 =====
SELECT * FROM s_3 ORDER BY a, b, c, d LIMIT 10000
                                                                         QUERY PLAN                                                                          
-------------------------------------------------------------------------------------------------------------------------------------------------------------
 Limit  (cost=345.40..345.40 rows=1 width=20) (actual time=5.030..5.030 rows=0 loops=1)
   ->  Limit  (cost=62.49..245.40 rows=10000 width=20) (actual time=0.116..4.758 rows=10000 loops=1)
         ->  Incremental Sort  (cost=62.49..18353.15 rows=1000000 width=20) (actual time=0.116..4.211 rows=10000 loops=1)
               Sort Key: s_3.a, s_3.b, s_3.c, s_3.d
               Presorted Key: s_3.a, s_3.b, s_3.c
               Sort Method: quicksort  Memory: 65kB
               Sort Groups: 28
               ->  Index Only Scan using s_3_a_b_c_e_d_idx on s_3  (cost=0.42..34844.43 rows=1000000 width=20) (actual time=0.030..1.332 rows=10303 loops=1)
                     Heap Fetches: 0
 Planning time: 0.291 ms
 Execution time: 5.055 ms
(11 rows)

===== 82 [Wed Mar  7 03:16:04 CET 2018] scale:1000000 groups:10 work_mem:256MB incremental:off max_workers:2 =====
SELECT * FROM s_1 ORDER BY a, b LIMIT 10000
                                                                  QUERY PLAN                                                                  
----------------------------------------------------------------------------------------------------------------------------------------------
 Limit  (cost=42569.53..42569.53 rows=1 width=20) (actual time=53.601..53.601 rows=0 loops=1)
   ->  Limit  (cost=41302.78..42469.53 rows=10000 width=20) (actual time=51.091..53.324 rows=10000 loops=1)
         ->  Gather Merge  (cost=41302.78..138531.87 rows=833334 width=20) (actual time=51.091..52.762 rows=10000 loops=1)
               Workers Planned: 2
               Workers Launched: 2
               ->  Sort  (cost=40302.76..41344.43 rows=416667 width=20) (actual time=49.606..49.793 rows=4013 loops=3)
                     Sort Key: s_1.a, s_1.b
                     Sort Method: top-N heapsort  Memory: 2052kB
                     Worker 0:  Sort Method: top-N heapsort  Memory: 1848kB
                     Worker 1:  Sort Method: top-N heapsort  Memory: 1846kB
                     ->  Parallel Seq Scan on s_1  (cost=0.00..10536.67 rows=416667 width=20) (actual time=0.006..18.754 rows=333333 loops=3)
 Planning time: 0.292 ms
 Execution time: 55.581 ms
(13 rows)

===== 83 [Wed Mar  7 03:16:04 CET 2018] scale:1000000 groups:10 work_mem:256MB incremental:off max_workers:2 =====
SELECT * FROM s_2 ORDER BY a, b, c LIMIT 10000
                                                                  QUERY PLAN                                                                  
----------------------------------------------------------------------------------------------------------------------------------------------
 Limit  (cost=42569.53..42569.53 rows=1 width=20) (actual time=53.755..53.755 rows=0 loops=1)
   ->  Limit  (cost=41302.78..42469.53 rows=10000 width=20) (actual time=51.146..53.473 rows=10000 loops=1)
         ->  Gather Merge  (cost=41302.78..138531.87 rows=833334 width=20) (actual time=51.145..52.911 rows=10000 loops=1)
               Workers Planned: 2
               Workers Launched: 2
               ->  Sort  (cost=40302.76..41344.43 rows=416667 width=20) (actual time=49.615..49.792 rows=3994 loops=3)
                     Sort Key: s_2.a, s_2.b, s_2.c
                     Sort Method: top-N heapsort  Memory: 1656kB
                     Worker 0:  Sort Method: top-N heapsort  Memory: 1614kB
                     Worker 1:  Sort Method: top-N heapsort  Memory: 1613kB
                     ->  Parallel Seq Scan on s_2  (cost=0.00..10536.67 rows=416667 width=20) (actual time=0.008..18.453 rows=333333 loops=3)
 Planning time: 0.297 ms
 Execution time: 55.792 ms
(13 rows)

===== 84 [Wed Mar  7 03:16:05 CET 2018] scale:1000000 groups:10 work_mem:256MB incremental:off max_workers:2 =====
SELECT * FROM s_3 ORDER BY a, b, c, d LIMIT 10000
                                                                  QUERY PLAN                                                                  
----------------------------------------------------------------------------------------------------------------------------------------------
 Limit  (cost=42569.53..42569.53 rows=1 width=20) (actual time=54.584..54.584 rows=0 loops=1)
   ->  Limit  (cost=41302.78..42469.53 rows=10000 width=20) (actual time=52.005..54.301 rows=10000 loops=1)
         ->  Gather Merge  (cost=41302.78..138531.87 rows=833334 width=20) (actual time=52.004..53.738 rows=10000 loops=1)
               Workers Planned: 2
               Workers Launched: 2
               ->  Sort  (cost=40302.76..41344.43 rows=416667 width=20) (actual time=50.353..50.526 rows=4113 loops=3)
                     Sort Key: s_3.a, s_3.b, s_3.c, s_3.d
                     Sort Method: top-N heapsort  Memory: 1562kB
                     Worker 0:  Sort Method: top-N heapsort  Memory: 1557kB
                     Worker 1:  Sort Method: top-N heapsort  Memory: 1552kB
                     ->  Parallel Seq Scan on s_3  (cost=0.00..10536.67 rows=416667 width=20) (actual time=0.007..18.593 rows=333333 loops=3)
 Planning time: 0.296 ms
 Execution time: 56.717 ms
(13 rows)

===== 85 [Wed Mar  7 03:16:12 CET 2018] scale:1000000 groups:100 work_mem:4MB incremental:on max_workers:0 =====
SELECT * FROM s_1 ORDER BY a, b LIMIT 10000
                                                                         QUERY PLAN                                                                          
-------------------------------------------------------------------------------------------------------------------------------------------------------------
 Limit  (cost=1277.63..1277.63 rows=1 width=20) (actual time=7.672..7.672 rows=0 loops=1)
   ->  Limit  (cost=1002.51..1177.63 rows=10000 width=20) (actual time=2.297..7.399 rows=10000 loops=1)
         ->  Incremental Sort  (cost=1002.51..18514.55 rows=1000000 width=20) (actual time=2.297..6.850 rows=10000 loops=1)
               Sort Key: s_1.a, s_1.b
               Presorted Key: s_1.a
               Sort Method: quicksort  Memory: 1155kB
               Sort Groups: 2
               ->  Index Only Scan using s_1_a_e_d_c_b_idx on s_1  (cost=0.42..34844.43 rows=1000000 width=20) (actual time=0.043..2.309 rows=14981 loops=1)
                     Heap Fetches: 0
 Planning time: 0.295 ms
 Execution time: 7.723 ms
(11 rows)

===== 86 [Wed Mar  7 03:16:12 CET 2018] scale:1000000 groups:100 work_mem:4MB incremental:on max_workers:0 =====
SELECT * FROM s_2 ORDER BY a, b, c LIMIT 10000
                                                                         QUERY PLAN                                                                          
-------------------------------------------------------------------------------------------------------------------------------------------------------------
 Limit  (cost=290.85..290.85 rows=1 width=20) (actual time=5.484..5.484 rows=0 loops=1)
   ->  Limit  (cost=7.08..190.85 rows=10000 width=20) (actual time=0.113..5.213 rows=10000 loops=1)
         ->  Incremental Sort  (cost=7.08..18383.64 rows=1000000 width=20) (actual time=0.113..4.662 rows=10000 loops=1)
               Sort Key: s_2.a, s_2.b, s_2.c
               Presorted Key: s_2.a, s_2.b
               Sort Method: quicksort  Memory: 34kB
               Sort Groups: 149
               ->  Index Only Scan using s_2_a_b_e_d_c_idx on s_2  (cost=0.42..34844.43 rows=1000000 width=20) (actual time=0.045..1.525 rows=10006 loops=1)
                     Heap Fetches: 0
 Planning time: 0.295 ms
 Execution time: 5.510 ms
(11 rows)

===== 87 [Wed Mar  7 03:16:13 CET 2018] scale:1000000 groups:100 work_mem:4MB incremental:on max_workers:0 =====
SELECT * FROM s_3 ORDER BY a, b, c, d LIMIT 10000
                                                                         QUERY PLAN                                                                          
-------------------------------------------------------------------------------------------------------------------------------------------------------------
 Limit  (cost=301.08..301.08 rows=1 width=20) (actual time=5.009..5.009 rows=0 loops=1)
   ->  Limit  (cost=0.94..201.08 rows=10000 width=20) (actual time=0.092..4.736 rows=10000 loops=1)
         ->  Incremental Sort  (cost=0.94..20014.96 rows=1000000 width=20) (actual time=0.092..4.181 rows=10000 loops=1)
               Sort Key: s_3.a, s_3.b, s_3.c, s_3.d
               Presorted Key: s_3.a, s_3.b, s_3.c
               Sort Method: quicksort  Memory: 27kB
               Sort Groups: 309
               ->  Index Only Scan using s_3_a_b_c_e_d_idx on s_3  (cost=0.42..34844.43 rows=1000000 width=20) (actual time=0.040..1.508 rows=10008 loops=1)
                     Heap Fetches: 0
 Planning time: 0.296 ms
 Execution time: 5.035 ms
(11 rows)

===== 88 [Wed Mar  7 03:16:13 CET 2018] scale:1000000 groups:100 work_mem:4MB incremental:off max_workers:0 =====
SELECT * FROM s_1 ORDER BY a, b LIMIT 10000
                                                           QUERY PLAN                                                            
---------------------------------------------------------------------------------------------------------------------------------
 Limit  (cost=87933.56..87933.56 rows=1 width=20) (actual time=129.441..129.441 rows=0 loops=1)
   ->  Limit  (cost=87808.56..87833.56 rows=10000 width=20) (actual time=128.191..129.165 rows=10000 loops=1)
         ->  Sort  (cost=87808.56..90308.56 rows=1000000 width=20) (actual time=128.190..128.620 rows=10000 loops=1)
               Sort Key: s_1.a, s_1.b
               Sort Method: top-N heapsort  Memory: 1817kB
               ->  Seq Scan on s_1  (cost=0.00..16370.00 rows=1000000 width=20) (actual time=0.007..50.244 rows=1000000 loops=1)
 Planning time: 0.271 ms
 Execution time: 129.573 ms
(8 rows)

===== 89 [Wed Mar  7 03:16:13 CET 2018] scale:1000000 groups:100 work_mem:4MB incremental:off max_workers:0 =====
SELECT * FROM s_2 ORDER BY a, b, c LIMIT 10000
                                                           QUERY PLAN                                                            
---------------------------------------------------------------------------------------------------------------------------------
 Limit  (cost=87933.56..87933.56 rows=1 width=20) (actual time=128.656..128.656 rows=0 loops=1)
   ->  Limit  (cost=87808.56..87833.56 rows=10000 width=20) (actual time=127.433..128.379 rows=10000 loops=1)
         ->  Sort  (cost=87808.56..90308.56 rows=1000000 width=20) (actual time=127.433..127.832 rows=10000 loops=1)
               Sort Key: s_2.a, s_2.b, s_2.c
               Sort Method: top-N heapsort  Memory: 1550kB
               ->  Seq Scan on s_2  (cost=0.00..16370.00 rows=1000000 width=20) (actual time=0.004..50.302 rows=1000000 loops=1)
 Planning time: 0.277 ms
 Execution time: 128.783 ms
(8 rows)

===== 90 [Wed Mar  7 03:16:14 CET 2018] scale:1000000 groups:100 work_mem:4MB incremental:off max_workers:0 =====
SELECT * FROM s_3 ORDER BY a, b, c, d LIMIT 10000
                                                           QUERY PLAN                                                            
---------------------------------------------------------------------------------------------------------------------------------
 Limit  (cost=87933.56..87933.56 rows=1 width=20) (actual time=131.229..131.229 rows=0 loops=1)
   ->  Limit  (cost=87808.56..87833.56 rows=10000 width=20) (actual time=130.036..130.963 rows=10000 loops=1)
         ->  Sort  (cost=87808.56..90308.56 rows=1000000 width=20) (actual time=130.035..130.420 rows=10000 loops=1)
               Sort Key: s_3.a, s_3.b, s_3.c, s_3.d
               Sort Method: top-N heapsort  Memory: 1550kB
               ->  Seq Scan on s_3  (cost=0.00..16370.00 rows=1000000 width=20) (actual time=0.004..49.669 rows=1000000 loops=1)
 Planning time: 0.285 ms
 Execution time: 131.360 ms
(8 rows)

===== 91 [Wed Mar  7 03:16:15 CET 2018] scale:1000000 groups:100 work_mem:8MB incremental:on max_workers:0 =====
SELECT * FROM s_1 ORDER BY a, b LIMIT 10000
                                                                         QUERY PLAN                                                                          
-------------------------------------------------------------------------------------------------------------------------------------------------------------
 Limit  (cost=1277.63..1277.63 rows=1 width=20) (actual time=7.327..7.327 rows=0 loops=1)
   ->  Limit  (cost=1002.51..1177.63 rows=10000 width=20) (actual time=2.167..7.056 rows=10000 loops=1)
         ->  Incremental Sort  (cost=1002.51..18514.55 rows=1000000 width=20) (actual time=2.167..6.511 rows=10000 loops=1)
               Sort Key: s_1.a, s_1.b
               Presorted Key: s_1.a
               Sort Method: quicksort  Memory: 1155kB
               Sort Groups: 2
               ->  Index Only Scan using s_1_a_e_d_c_b_idx on s_1  (cost=0.42..34844.43 rows=1000000 width=20) (actual time=0.024..2.003 rows=14981 loops=1)
                     Heap Fetches: 0
 Planning time: 0.271 ms
 Execution time: 7.372 ms
(11 rows)

===== 92 [Wed Mar  7 03:16:15 CET 2018] scale:1000000 groups:100 work_mem:8MB incremental:on max_workers:0 =====
SELECT * FROM s_2 ORDER BY a, b, c LIMIT 10000
                                                                         QUERY PLAN                                                                          
-------------------------------------------------------------------------------------------------------------------------------------------------------------
 Limit  (cost=290.85..290.85 rows=1 width=20) (actual time=5.241..5.241 rows=0 loops=1)
   ->  Limit  (cost=7.08..190.85 rows=10000 width=20) (actual time=0.098..4.971 rows=10000 loops=1)
         ->  Incremental Sort  (cost=7.08..18383.64 rows=1000000 width=20) (actual time=0.098..4.419 rows=10000 loops=1)
               Sort Key: s_2.a, s_2.b, s_2.c
               Presorted Key: s_2.a, s_2.b
               Sort Method: quicksort  Memory: 34kB
               Sort Groups: 149
               ->  Index Only Scan using s_2_a_b_e_d_c_idx on s_2  (cost=0.42..34844.43 rows=1000000 width=20) (actual time=0.029..1.303 rows=10006 loops=1)
                     Heap Fetches: 0
 Planning time: 0.280 ms
 Execution time: 5.268 ms
(11 rows)

===== 93 [Wed Mar  7 03:16:15 CET 2018] scale:1000000 groups:100 work_mem:8MB incremental:on max_workers:0 =====
SELECT * FROM s_3 ORDER BY a, b, c, d LIMIT 10000
                                                                         QUERY PLAN                                                                          
-------------------------------------------------------------------------------------------------------------------------------------------------------------
 Limit  (cost=301.08..301.08 rows=1 width=20) (actual time=4.773..4.773 rows=0 loops=1)
   ->  Limit  (cost=0.94..201.08 rows=10000 width=20) (actual time=0.077..4.497 rows=10000 loops=1)
         ->  Incremental Sort  (cost=0.94..20014.96 rows=1000000 width=20) (actual time=0.077..3.947 rows=10000 loops=1)
               Sort Key: s_3.a, s_3.b, s_3.c, s_3.d
               Presorted Key: s_3.a, s_3.b, s_3.c
               Sort Method: quicksort  Memory: 27kB
               Sort Groups: 309
               ->  Index Only Scan using s_3_a_b_c_e_d_idx on s_3  (cost=0.42..34844.43 rows=1000000 width=20) (actual time=0.023..1.296 rows=10008 loops=1)
                     Heap Fetches: 0
 Planning time: 0.292 ms
 Execution time: 4.797 ms
(11 rows)

===== 94 [Wed Mar  7 03:16:15 CET 2018] scale:1000000 groups:100 work_mem:8MB incremental:off max_workers:0 =====
SELECT * FROM s_1 ORDER BY a, b LIMIT 10000
                                                           QUERY PLAN                                                            
---------------------------------------------------------------------------------------------------------------------------------
 Limit  (cost=87933.56..87933.56 rows=1 width=20) (actual time=129.584..129.584 rows=0 loops=1)
   ->  Limit  (cost=87808.56..87833.56 rows=10000 width=20) (actual time=128.333..129.308 rows=10000 loops=1)
         ->  Sort  (cost=87808.56..90308.56 rows=1000000 width=20) (actual time=128.333..128.760 rows=10000 loops=1)
               Sort Key: s_1.a, s_1.b
               Sort Method: top-N heapsort  Memory: 1817kB
               ->  Seq Scan on s_1  (cost=0.00..16370.00 rows=1000000 width=20) (actual time=0.007..50.316 rows=1000000 loops=1)
 Planning time: 0.285 ms
 Execution time: 129.714 ms
(8 rows)

===== 95 [Wed Mar  7 03:16:16 CET 2018] scale:1000000 groups:100 work_mem:8MB incremental:off max_workers:0 =====
SELECT * FROM s_2 ORDER BY a, b, c LIMIT 10000
                                                           QUERY PLAN                                                            
---------------------------------------------------------------------------------------------------------------------------------
 Limit  (cost=87933.56..87933.56 rows=1 width=20) (actual time=128.700..128.700 rows=0 loops=1)
   ->  Limit  (cost=87808.56..87833.56 rows=10000 width=20) (actual time=127.481..128.424 rows=10000 loops=1)
         ->  Sort  (cost=87808.56..90308.56 rows=1000000 width=20) (actual time=127.480..127.880 rows=10000 loops=1)
               Sort Key: s_2.a, s_2.b, s_2.c
               Sort Method: top-N heapsort  Memory: 1550kB
               ->  Seq Scan on s_2  (cost=0.00..16370.00 rows=1000000 width=20) (actual time=0.004..50.333 rows=1000000 loops=1)
 Planning time: 0.290 ms
 Execution time: 128.830 ms
(8 rows)

===== 96 [Wed Mar  7 03:16:16 CET 2018] scale:1000000 groups:100 work_mem:8MB incremental:off max_workers:0 =====
SELECT * FROM s_3 ORDER BY a, b, c, d LIMIT 10000
                                                           QUERY PLAN                                                            
---------------------------------------------------------------------------------------------------------------------------------
 Limit  (cost=87933.56..87933.56 rows=1 width=20) (actual time=131.370..131.370 rows=0 loops=1)
   ->  Limit  (cost=87808.56..87833.56 rows=10000 width=20) (actual time=130.162..131.095 rows=10000 loops=1)
         ->  Sort  (cost=87808.56..90308.56 rows=1000000 width=20) (actual time=130.162..130.548 rows=10000 loops=1)
               Sort Key: s_3.a, s_3.b, s_3.c, s_3.d
               Sort Method: top-N heapsort  Memory: 1550kB
               ->  Seq Scan on s_3  (cost=0.00..16370.00 rows=1000000 width=20) (actual time=0.004..49.716 rows=1000000 loops=1)
 Planning time: 0.289 ms
 Execution time: 131.498 ms
(8 rows)

===== 97 [Wed Mar  7 03:16:17 CET 2018] scale:1000000 groups:100 work_mem:16MB incremental:on max_workers:0 =====
SELECT * FROM s_1 ORDER BY a, b LIMIT 10000
                                                                         QUERY PLAN                                                                          
-------------------------------------------------------------------------------------------------------------------------------------------------------------
 Limit  (cost=1277.63..1277.63 rows=1 width=20) (actual time=7.334..7.334 rows=0 loops=1)
   ->  Limit  (cost=1002.51..1177.63 rows=10000 width=20) (actual time=2.170..7.063 rows=10000 loops=1)
         ->  Incremental Sort  (cost=1002.51..18514.55 rows=1000000 width=20) (actual time=2.170..6.514 rows=10000 loops=1)
               Sort Key: s_1.a, s_1.b
               Presorted Key: s_1.a
               Sort Method: quicksort  Memory: 1155kB
               Sort Groups: 2
               ->  Index Only Scan using s_1_a_e_d_c_b_idx on s_1  (cost=0.42..34844.43 rows=1000000 width=20) (actual time=0.025..1.999 rows=14981 loops=1)
                     Heap Fetches: 0
 Planning time: 0.291 ms
 Execution time: 7.379 ms
(11 rows)

===== 98 [Wed Mar  7 03:16:17 CET 2018] scale:1000000 groups:100 work_mem:16MB incremental:on max_workers:0 =====
SELECT * FROM s_2 ORDER BY a, b, c LIMIT 10000
                                                                         QUERY PLAN                                                                          
-------------------------------------------------------------------------------------------------------------------------------------------------------------
 Limit  (cost=290.85..290.85 rows=1 width=20) (actual time=5.256..5.256 rows=0 loops=1)
   ->  Limit  (cost=7.08..190.85 rows=10000 width=20) (actual time=0.099..4.982 rows=10000 loops=1)
         ->  Incremental Sort  (cost=7.08..18383.64 rows=1000000 width=20) (actual time=0.099..4.434 rows=10000 loops=1)
               Sort Key: s_2.a, s_2.b, s_2.c
               Presorted Key: s_2.a, s_2.b
               Sort Method: quicksort  Memory: 34kB
               Sort Groups: 149
               ->  Index Only Scan using s_2_a_b_e_d_c_idx on s_2  (cost=0.42..34844.43 rows=1000000 width=20) (actual time=0.029..1.316 rows=10006 loops=1)
                     Heap Fetches: 0
 Planning time: 0.280 ms
 Execution time: 5.281 ms
(11 rows)

===== 99 [Wed Mar  7 03:16:17 CET 2018] scale:1000000 groups:100 work_mem:16MB incremental:on max_workers:0 =====
SELECT * FROM s_3 ORDER BY a, b, c, d LIMIT 10000
                                                                         QUERY PLAN                                                                          
-------------------------------------------------------------------------------------------------------------------------------------------------------------
 Limit  (cost=301.08..301.08 rows=1 width=20) (actual time=4.760..4.760 rows=0 loops=1)
   ->  Limit  (cost=0.94..201.08 rows=10000 width=20) (actual time=0.075..4.487 rows=10000 loops=1)
         ->  Incremental Sort  (cost=0.94..20014.96 rows=1000000 width=20) (actual time=0.075..3.934 rows=10000 loops=1)
               Sort Key: s_3.a, s_3.b, s_3.c, s_3.d
               Presorted Key: s_3.a, s_3.b, s_3.c
               Sort Method: quicksort  Memory: 27kB
               Sort Groups: 309
               ->  Index Only Scan using s_3_a_b_c_e_d_idx on s_3  (cost=0.42..34844.43 rows=1000000 width=20) (actual time=0.024..1.295 rows=10008 loops=1)
                     Heap Fetches: 0
 Planning time: 0.296 ms
 Execution time: 4.786 ms
(11 rows)

===== 100 [Wed Mar  7 03:16:17 CET 2018] scale:1000000 groups:100 work_mem:16MB incremental:off max_workers:0 =====
SELECT * FROM s_1 ORDER BY a, b LIMIT 10000
                                                           QUERY PLAN                                                            
---------------------------------------------------------------------------------------------------------------------------------
 Limit  (cost=87933.56..87933.56 rows=1 width=20) (actual time=129.493..129.493 rows=0 loops=1)
   ->  Limit  (cost=87808.56..87833.56 rows=10000 width=20) (actual time=128.240..129.217 rows=10000 loops=1)
         ->  Sort  (cost=87808.56..90308.56 rows=1000000 width=20) (actual time=128.239..128.668 rows=10000 loops=1)
               Sort Key: s_1.a, s_1.b
               Sort Method: top-N heapsort  Memory: 1817kB
               ->  Seq Scan on s_1  (cost=0.00..16370.00 rows=1000000 width=20) (actual time=0.007..50.294 rows=1000000 loops=1)
 Planning time: 0.272 ms
 Execution time: 129.622 ms
(8 rows)

===== 101 [Wed Mar  7 03:16:18 CET 2018] scale:1000000 groups:100 work_mem:16MB incremental:off max_workers:0 =====
SELECT * FROM s_2 ORDER BY a, b, c LIMIT 10000
                                                           QUERY PLAN                                                            
---------------------------------------------------------------------------------------------------------------------------------
 Limit  (cost=87933.56..87933.56 rows=1 width=20) (actual time=128.707..128.707 rows=0 loops=1)
   ->  Limit  (cost=87808.56..87833.56 rows=10000 width=20) (actual time=127.492..128.432 rows=10000 loops=1)
         ->  Sort  (cost=87808.56..90308.56 rows=1000000 width=20) (actual time=127.492..127.888 rows=10000 loops=1)
               Sort Key: s_2.a, s_2.b, s_2.c
               Sort Method: top-N heapsort  Memory: 1550kB
               ->  Seq Scan on s_2  (cost=0.00..16370.00 rows=1000000 width=20) (actual time=0.004..50.308 rows=1000000 loops=1)
 Planning time: 0.282 ms
 Execution time: 128.839 ms
(8 rows)

===== 102 [Wed Mar  7 03:16:18 CET 2018] scale:1000000 groups:100 work_mem:16MB incremental:off max_workers:0 =====
SELECT * FROM s_3 ORDER BY a, b, c, d LIMIT 10000
                                                           QUERY PLAN                                                            
---------------------------------------------------------------------------------------------------------------------------------
 Limit  (cost=87933.56..87933.56 rows=1 width=20) (actual time=131.270..131.270 rows=0 loops=1)
   ->  Limit  (cost=87808.56..87833.56 rows=10000 width=20) (actual time=130.065..130.994 rows=10000 loops=1)
         ->  Sort  (cost=87808.56..90308.56 rows=1000000 width=20) (actual time=130.065..130.451 rows=10000 loops=1)
               Sort Key: s_3.a, s_3.b, s_3.c, s_3.d
               Sort Method: top-N heapsort  Memory: 1550kB
               ->  Seq Scan on s_3  (cost=0.00..16370.00 rows=1000000 width=20) (actual time=0.004..49.680 rows=1000000 loops=1)
 Planning time: 0.282 ms
 Execution time: 131.397 ms
(8 rows)

===== 103 [Wed Mar  7 03:16:19 CET 2018] scale:1000000 groups:100 work_mem:32MB incremental:on max_workers:0 =====
SELECT * FROM s_1 ORDER BY a, b LIMIT 10000
                                                                         QUERY PLAN                                                                          
-------------------------------------------------------------------------------------------------------------------------------------------------------------
 Limit  (cost=1277.63..1277.63 rows=1 width=20) (actual time=7.329..7.329 rows=0 loops=1)
   ->  Limit  (cost=1002.51..1177.63 rows=10000 width=20) (actual time=2.168..7.057 rows=10000 loops=1)
         ->  Incremental Sort  (cost=1002.51..18514.55 rows=1000000 width=20) (actual time=2.168..6.512 rows=10000 loops=1)
               Sort Key: s_1.a, s_1.b
               Presorted Key: s_1.a
               Sort Method: quicksort  Memory: 1155kB
               Sort Groups: 2
               ->  Index Only Scan using s_1_a_e_d_c_b_idx on s_1  (cost=0.42..34844.43 rows=1000000 width=20) (actual time=0.024..2.010 rows=14981 loops=1)
                     Heap Fetches: 0
 Planning time: 0.276 ms
 Execution time: 7.373 ms
(11 rows)

===== 104 [Wed Mar  7 03:16:19 CET 2018] scale:1000000 groups:100 work_mem:32MB incremental:on max_workers:0 =====
SELECT * FROM s_2 ORDER BY a, b, c LIMIT 10000
                                                                         QUERY PLAN                                                                          
-------------------------------------------------------------------------------------------------------------------------------------------------------------
 Limit  (cost=290.85..290.85 rows=1 width=20) (actual time=5.239..5.239 rows=0 loops=1)
   ->  Limit  (cost=7.08..190.85 rows=10000 width=20) (actual time=0.097..4.967 rows=10000 loops=1)
         ->  Incremental Sort  (cost=7.08..18383.64 rows=1000000 width=20) (actual time=0.097..4.413 rows=10000 loops=1)
               Sort Key: s_2.a, s_2.b, s_2.c
               Presorted Key: s_2.a, s_2.b
               Sort Method: quicksort  Memory: 34kB
               Sort Groups: 149
               ->  Index Only Scan using s_2_a_b_e_d_c_idx on s_2  (cost=0.42..34844.43 rows=1000000 width=20) (actual time=0.029..1.303 rows=10006 loops=1)
                     Heap Fetches: 0
 Planning time: 0.289 ms
 Execution time: 5.265 ms
(11 rows)

===== 105 [Wed Mar  7 03:16:19 CET 2018] scale:1000000 groups:100 work_mem:32MB incremental:on max_workers:0 =====
SELECT * FROM s_3 ORDER BY a, b, c, d LIMIT 10000
                                                                         QUERY PLAN                                                                          
-------------------------------------------------------------------------------------------------------------------------------------------------------------
 Limit  (cost=301.08..301.08 rows=1 width=20) (actual time=4.767..4.767 rows=0 loops=1)
   ->  Limit  (cost=0.94..201.08 rows=10000 width=20) (actual time=0.075..4.492 rows=10000 loops=1)
         ->  Incremental Sort  (cost=0.94..20014.96 rows=1000000 width=20) (actual time=0.075..3.940 rows=10000 loops=1)
               Sort Key: s_3.a, s_3.b, s_3.c, s_3.d
               Presorted Key: s_3.a, s_3.b, s_3.c
               Sort Method: quicksort  Memory: 27kB
               Sort Groups: 309
               ->  Index Only Scan using s_3_a_b_c_e_d_idx on s_3  (cost=0.42..34844.43 rows=1000000 width=20) (actual time=0.024..1.298 rows=10008 loops=1)
                     Heap Fetches: 0
 Planning time: 0.290 ms
 Execution time: 4.792 ms
(11 rows)

===== 106 [Wed Mar  7 03:16:19 CET 2018] scale:1000000 groups:100 work_mem:32MB incremental:off max_workers:0 =====
SELECT * FROM s_1 ORDER BY a, b LIMIT 10000
                                                           QUERY PLAN                                                            
---------------------------------------------------------------------------------------------------------------------------------
 Limit  (cost=87933.56..87933.56 rows=1 width=20) (actual time=129.385..129.385 rows=0 loops=1)
   ->  Limit  (cost=87808.56..87833.56 rows=10000 width=20) (actual time=128.130..129.107 rows=10000 loops=1)
         ->  Sort  (cost=87808.56..90308.56 rows=1000000 width=20) (actual time=128.129..128.560 rows=10000 loops=1)
               Sort Key: s_1.a, s_1.b
               Sort Method: top-N heapsort  Memory: 1817kB
               ->  Seq Scan on s_1  (cost=0.00..16370.00 rows=1000000 width=20) (actual time=0.007..50.209 rows=1000000 loops=1)
 Planning time: 0.274 ms
 Execution time: 129.515 ms
(8 rows)

===== 107 [Wed Mar  7 03:16:20 CET 2018] scale:1000000 groups:100 work_mem:32MB incremental:off max_workers:0 =====
SELECT * FROM s_2 ORDER BY a, b, c LIMIT 10000
                                                           QUERY PLAN                                                            
---------------------------------------------------------------------------------------------------------------------------------
 Limit  (cost=87933.56..87933.56 rows=1 width=20) (actual time=128.790..128.790 rows=0 loops=1)
   ->  Limit  (cost=87808.56..87833.56 rows=10000 width=20) (actual time=127.571..128.515 rows=10000 loops=1)
         ->  Sort  (cost=87808.56..90308.56 rows=1000000 width=20) (actual time=127.571..127.970 rows=10000 loops=1)
               Sort Key: s_2.a, s_2.b, s_2.c
               Sort Method: top-N heapsort  Memory: 1550kB
               ->  Seq Scan on s_2  (cost=0.00..16370.00 rows=1000000 width=20) (actual time=0.004..50.375 rows=1000000 loops=1)
 Planning time: 0.278 ms
 Execution time: 128.921 ms
(8 rows)

===== 108 [Wed Mar  7 03:16:21 CET 2018] scale:1000000 groups:100 work_mem:32MB incremental:off max_workers:0 =====
SELECT * FROM s_3 ORDER BY a, b, c, d LIMIT 10000
                                                           QUERY PLAN                                                            
---------------------------------------------------------------------------------------------------------------------------------
 Limit  (cost=87933.56..87933.56 rows=1 width=20) (actual time=131.298..131.298 rows=0 loops=1)
   ->  Limit  (cost=87808.56..87833.56 rows=10000 width=20) (actual time=130.094..131.019 rows=10000 loops=1)
         ->  Sort  (cost=87808.56..90308.56 rows=1000000 width=20) (actual time=130.094..130.476 rows=10000 loops=1)
               Sort Key: s_3.a, s_3.b, s_3.c, s_3.d
               Sort Method: top-N heapsort  Memory: 1550kB
               ->  Seq Scan on s_3  (cost=0.00..16370.00 rows=1000000 width=20) (actual time=0.004..49.729 rows=1000000 loops=1)
 Planning time: 0.287 ms
 Execution time: 131.426 ms
(8 rows)

===== 109 [Wed Mar  7 03:16:21 CET 2018] scale:1000000 groups:100 work_mem:64MB incremental:on max_workers:0 =====
SELECT * FROM s_1 ORDER BY a, b LIMIT 10000
                                                                         QUERY PLAN                                                                          
-------------------------------------------------------------------------------------------------------------------------------------------------------------
 Limit  (cost=1277.63..1277.63 rows=1 width=20) (actual time=7.325..7.325 rows=0 loops=1)
   ->  Limit  (cost=1002.51..1177.63 rows=10000 width=20) (actual time=2.166..7.053 rows=10000 loops=1)
         ->  Incremental Sort  (cost=1002.51..18514.55 rows=1000000 width=20) (actual time=2.166..6.507 rows=10000 loops=1)
               Sort Key: s_1.a, s_1.b
               Presorted Key: s_1.a
               Sort Method: quicksort  Memory: 1155kB
               Sort Groups: 2
               ->  Index Only Scan using s_1_a_e_d_c_b_idx on s_1  (cost=0.42..34844.43 rows=1000000 width=20) (actual time=0.025..1.993 rows=14981 loops=1)
                     Heap Fetches: 0
 Planning time: 0.273 ms
 Execution time: 7.370 ms
(11 rows)

===== 110 [Wed Mar  7 03:16:21 CET 2018] scale:1000000 groups:100 work_mem:64MB incremental:on max_workers:0 =====
SELECT * FROM s_2 ORDER BY a, b, c LIMIT 10000
                                                                         QUERY PLAN                                                                          
-------------------------------------------------------------------------------------------------------------------------------------------------------------
 Limit  (cost=290.85..290.85 rows=1 width=20) (actual time=5.252..5.252 rows=0 loops=1)
   ->  Limit  (cost=7.08..190.85 rows=10000 width=20) (actual time=0.097..4.976 rows=10000 loops=1)
         ->  Incremental Sort  (cost=7.08..18383.64 rows=1000000 width=20) (actual time=0.097..4.424 rows=10000 loops=1)
               Sort Key: s_2.a, s_2.b, s_2.c
               Presorted Key: s_2.a, s_2.b
               Sort Method: quicksort  Memory: 34kB
               Sort Groups: 149
               ->  Index Only Scan using s_2_a_b_e_d_c_idx on s_2  (cost=0.42..34844.43 rows=1000000 width=20) (actual time=0.028..1.304 rows=10006 loops=1)
                     Heap Fetches: 0
 Planning time: 0.281 ms
 Execution time: 5.278 ms
(11 rows)

===== 111 [Wed Mar  7 03:16:22 CET 2018] scale:1000000 groups:100 work_mem:64MB incremental:on max_workers:0 =====
SELECT * FROM s_3 ORDER BY a, b, c, d LIMIT 10000
                                                                         QUERY PLAN                                                                          
-------------------------------------------------------------------------------------------------------------------------------------------------------------
 Limit  (cost=301.08..301.08 rows=1 width=20) (actual time=4.767..4.767 rows=0 loops=1)
   ->  Limit  (cost=0.94..201.08 rows=10000 width=20) (actual time=0.075..4.494 rows=10000 loops=1)
         ->  Incremental Sort  (cost=0.94..20014.96 rows=1000000 width=20) (actual time=0.075..3.943 rows=10000 loops=1)
               Sort Key: s_3.a, s_3.b, s_3.c, s_3.d
               Presorted Key: s_3.a, s_3.b, s_3.c
               Sort Method: quicksort  Memory: 27kB
               Sort Groups: 309
               ->  Index Only Scan using s_3_a_b_c_e_d_idx on s_3  (cost=0.42..34844.43 rows=1000000 width=20) (actual time=0.024..1.292 rows=10008 loops=1)
                     Heap Fetches: 0
 Planning time: 0.291 ms
 Execution time: 4.792 ms
(11 rows)

===== 112 [Wed Mar  7 03:16:22 CET 2018] scale:1000000 groups:100 work_mem:64MB incremental:off max_workers:0 =====
SELECT * FROM s_1 ORDER BY a, b LIMIT 10000
                                                           QUERY PLAN                                                            
---------------------------------------------------------------------------------------------------------------------------------
 Limit  (cost=87933.56..87933.56 rows=1 width=20) (actual time=129.468..129.468 rows=0 loops=1)
   ->  Limit  (cost=87808.56..87833.56 rows=10000 width=20) (actual time=128.217..129.191 rows=10000 loops=1)
         ->  Sort  (cost=87808.56..90308.56 rows=1000000 width=20) (actual time=128.216..128.644 rows=10000 loops=1)
               Sort Key: s_1.a, s_1.b
               Sort Method: top-N heapsort  Memory: 1817kB
               ->  Seq Scan on s_1  (cost=0.00..16370.00 rows=1000000 width=20) (actual time=0.008..50.258 rows=1000000 loops=1)
 Planning time: 0.278 ms
 Execution time: 129.598 ms
(8 rows)

===== 113 [Wed Mar  7 03:16:22 CET 2018] scale:1000000 groups:100 work_mem:64MB incremental:off max_workers:0 =====
SELECT * FROM s_2 ORDER BY a, b, c LIMIT 10000
                                                           QUERY PLAN                                                            
---------------------------------------------------------------------------------------------------------------------------------
 Limit  (cost=87933.56..87933.56 rows=1 width=20) (actual time=128.688..128.688 rows=0 loops=1)
   ->  Limit  (cost=87808.56..87833.56 rows=10000 width=20) (actual time=127.469..128.414 rows=10000 loops=1)
         ->  Sort  (cost=87808.56..90308.56 rows=1000000 width=20) (actual time=127.468..127.869 rows=10000 loops=1)
               Sort Key: s_2.a, s_2.b, s_2.c
               Sort Method: top-N heapsort  Memory: 1550kB
               ->  Seq Scan on s_2  (cost=0.00..16370.00 rows=1000000 width=20) (actual time=0.004..50.310 rows=1000000 loops=1)
 Planning time: 0.276 ms
 Execution time: 128.821 ms
(8 rows)

===== 114 [Wed Mar  7 03:16:23 CET 2018] scale:1000000 groups:100 work_mem:64MB incremental:off max_workers:0 =====
SELECT * FROM s_3 ORDER BY a, b, c, d LIMIT 10000
                                                           QUERY PLAN                                                            
---------------------------------------------------------------------------------------------------------------------------------
 Limit  (cost=87933.56..87933.56 rows=1 width=20) (actual time=131.248..131.248 rows=0 loops=1)
   ->  Limit  (cost=87808.56..87833.56 rows=10000 width=20) (actual time=130.054..130.979 rows=10000 loops=1)
         ->  Sort  (cost=87808.56..90308.56 rows=1000000 width=20) (actual time=130.053..130.439 rows=10000 loops=1)
               Sort Key: s_3.a, s_3.b, s_3.c, s_3.d
               Sort Method: top-N heapsort  Memory: 1550kB
               ->  Seq Scan on s_3  (cost=0.00..16370.00 rows=1000000 width=20) (actual time=0.004..49.678 rows=1000000 loops=1)
 Planning time: 0.288 ms
 Execution time: 131.375 ms
(8 rows)

===== 115 [Wed Mar  7 03:16:24 CET 2018] scale:1000000 groups:100 work_mem:128MB incremental:on max_workers:0 =====
SELECT * FROM s_1 ORDER BY a, b LIMIT 10000
                                                                         QUERY PLAN                                                                          
-------------------------------------------------------------------------------------------------------------------------------------------------------------
 Limit  (cost=1277.63..1277.63 rows=1 width=20) (actual time=7.342..7.342 rows=0 loops=1)
   ->  Limit  (cost=1002.51..1177.63 rows=10000 width=20) (actual time=2.171..7.064 rows=10000 loops=1)
         ->  Incremental Sort  (cost=1002.51..18514.55 rows=1000000 width=20) (actual time=2.171..6.516 rows=10000 loops=1)
               Sort Key: s_1.a, s_1.b
               Presorted Key: s_1.a
               Sort Method: quicksort  Memory: 1155kB
               Sort Groups: 2
               ->  Index Only Scan using s_1_a_e_d_c_b_idx on s_1  (cost=0.42..34844.43 rows=1000000 width=20) (actual time=0.025..1.994 rows=14981 loops=1)
                     Heap Fetches: 0
 Planning time: 0.278 ms
 Execution time: 7.387 ms
(11 rows)

===== 116 [Wed Mar  7 03:16:24 CET 2018] scale:1000000 groups:100 work_mem:128MB incremental:on max_workers:0 =====
SELECT * FROM s_2 ORDER BY a, b, c LIMIT 10000
                                                                         QUERY PLAN                                                                          
-------------------------------------------------------------------------------------------------------------------------------------------------------------
 Limit  (cost=290.85..290.85 rows=1 width=20) (actual time=5.246..5.246 rows=0 loops=1)
   ->  Limit  (cost=7.08..190.85 rows=10000 width=20) (actual time=0.098..4.970 rows=10000 loops=1)
         ->  Incremental Sort  (cost=7.08..18383.64 rows=1000000 width=20) (actual time=0.098..4.420 rows=10000 loops=1)
               Sort Key: s_2.a, s_2.b, s_2.c
               Presorted Key: s_2.a, s_2.b
               Sort Method: quicksort  Memory: 34kB
               Sort Groups: 149
               ->  Index Only Scan using s_2_a_b_e_d_c_idx on s_2  (cost=0.42..34844.43 rows=1000000 width=20) (actual time=0.029..1.298 rows=10006 loops=1)
                     Heap Fetches: 0
 Planning time: 0.278 ms
 Execution time: 5.271 ms
(11 rows)

===== 117 [Wed Mar  7 03:16:24 CET 2018] scale:1000000 groups:100 work_mem:128MB incremental:on max_workers:0 =====
SELECT * FROM s_3 ORDER BY a, b, c, d LIMIT 10000
                                                                         QUERY PLAN                                                                          
-------------------------------------------------------------------------------------------------------------------------------------------------------------
 Limit  (cost=301.08..301.08 rows=1 width=20) (actual time=4.765..4.765 rows=0 loops=1)
   ->  Limit  (cost=0.94..201.08 rows=10000 width=20) (actual time=0.075..4.492 rows=10000 loops=1)
         ->  Incremental Sort  (cost=0.94..20014.96 rows=1000000 width=20) (actual time=0.075..3.942 rows=10000 loops=1)
               Sort Key: s_3.a, s_3.b, s_3.c, s_3.d
               Presorted Key: s_3.a, s_3.b, s_3.c
               Sort Method: quicksort  Memory: 27kB
               Sort Groups: 309
               ->  Index Only Scan using s_3_a_b_c_e_d_idx on s_3  (cost=0.42..34844.43 rows=1000000 width=20) (actual time=0.023..1.296 rows=10008 loops=1)
                     Heap Fetches: 0
 Planning time: 0.297 ms
 Execution time: 4.790 ms
(11 rows)

===== 118 [Wed Mar  7 03:16:24 CET 2018] scale:1000000 groups:100 work_mem:128MB incremental:off max_workers:0 =====
SELECT * FROM s_1 ORDER BY a, b LIMIT 10000
                                                           QUERY PLAN                                                            
---------------------------------------------------------------------------------------------------------------------------------
 Limit  (cost=87933.56..87933.56 rows=1 width=20) (actual time=129.513..129.513 rows=0 loops=1)
   ->  Limit  (cost=87808.56..87833.56 rows=10000 width=20) (actual time=128.261..129.234 rows=10000 loops=1)
         ->  Sort  (cost=87808.56..90308.56 rows=1000000 width=20) (actual time=128.260..128.689 rows=10000 loops=1)
               Sort Key: s_1.a, s_1.b
               Sort Method: top-N heapsort  Memory: 1817kB
               ->  Seq Scan on s_1  (cost=0.00..16370.00 rows=1000000 width=20) (actual time=0.008..50.301 rows=1000000 loops=1)
 Planning time: 0.271 ms
 Execution time: 129.643 ms
(8 rows)

===== 119 [Wed Mar  7 03:16:25 CET 2018] scale:1000000 groups:100 work_mem:128MB incremental:off max_workers:0 =====
SELECT * FROM s_2 ORDER BY a, b, c LIMIT 10000
                                                           QUERY PLAN                                                            
---------------------------------------------------------------------------------------------------------------------------------
 Limit  (cost=87933.56..87933.56 rows=1 width=20) (actual time=128.785..128.785 rows=0 loops=1)
   ->  Limit  (cost=87808.56..87833.56 rows=10000 width=20) (actual time=127.565..128.510 rows=10000 loops=1)
         ->  Sort  (cost=87808.56..90308.56 rows=1000000 width=20) (actual time=127.564..127.963 rows=10000 loops=1)
               Sort Key: s_2.a, s_2.b, s_2.c
               Sort Method: top-N heapsort  Memory: 1550kB
               ->  Seq Scan on s_2  (cost=0.00..16370.00 rows=1000000 width=20) (actual time=0.004..50.370 rows=1000000 loops=1)
 Planning time: 0.280 ms
 Execution time: 128.914 ms
(8 rows)

===== 120 [Wed Mar  7 03:16:25 CET 2018] scale:1000000 groups:100 work_mem:128MB incremental:off max_workers:0 =====
SELECT * FROM s_3 ORDER BY a, b, c, d LIMIT 10000
                                                           QUERY PLAN                                                            
---------------------------------------------------------------------------------------------------------------------------------
 Limit  (cost=87933.56..87933.56 rows=1 width=20) (actual time=131.248..131.248 rows=0 loops=1)
   ->  Limit  (cost=87808.56..87833.56 rows=10000 width=20) (actual time=130.043..130.970 rows=10000 loops=1)
         ->  Sort  (cost=87808.56..90308.56 rows=1000000 width=20) (actual time=130.042..130.428 rows=10000 loops=1)
               Sort Key: s_3.a, s_3.b, s_3.c, s_3.d
               Sort Method: top-N heapsort  Memory: 1550kB
               ->  Seq Scan on s_3  (cost=0.00..16370.00 rows=1000000 width=20) (actual time=0.004..49.693 rows=1000000 loops=1)
 Planning time: 0.291 ms
 Execution time: 131.376 ms
(8 rows)

===== 121 [Wed Mar  7 03:16:26 CET 2018] scale:1000000 groups:100 work_mem:256MB incremental:on max_workers:0 =====
SELECT * FROM s_1 ORDER BY a, b LIMIT 10000
                                                                         QUERY PLAN                                                                          
-------------------------------------------------------------------------------------------------------------------------------------------------------------
 Limit  (cost=1277.63..1277.63 rows=1 width=20) (actual time=7.341..7.341 rows=0 loops=1)
   ->  Limit  (cost=1002.51..1177.63 rows=10000 width=20) (actual time=2.167..7.066 rows=10000 loops=1)
         ->  Incremental Sort  (cost=1002.51..18514.55 rows=1000000 width=20) (actual time=2.166..6.521 rows=10000 loops=1)
               Sort Key: s_1.a, s_1.b
               Presorted Key: s_1.a
               Sort Method: quicksort  Memory: 1155kB
               Sort Groups: 2
               ->  Index Only Scan using s_1_a_e_d_c_b_idx on s_1  (cost=0.42..34844.43 rows=1000000 width=20) (actual time=0.026..1.999 rows=14981 loops=1)
                     Heap Fetches: 0
 Planning time: 0.273 ms
 Execution time: 7.386 ms
(11 rows)

===== 122 [Wed Mar  7 03:16:26 CET 2018] scale:1000000 groups:100 work_mem:256MB incremental:on max_workers:0 =====
SELECT * FROM s_2 ORDER BY a, b, c LIMIT 10000
                                                                         QUERY PLAN                                                                          
-------------------------------------------------------------------------------------------------------------------------------------------------------------
 Limit  (cost=290.85..290.85 rows=1 width=20) (actual time=5.240..5.240 rows=0 loops=1)
   ->  Limit  (cost=7.08..190.85 rows=10000 width=20) (actual time=0.099..4.964 rows=10000 loops=1)
         ->  Incremental Sort  (cost=7.08..18383.64 rows=1000000 width=20) (actual time=0.099..4.413 rows=10000 loops=1)
               Sort Key: s_2.a, s_2.b, s_2.c
               Presorted Key: s_2.a, s_2.b
               Sort Method: quicksort  Memory: 34kB
               Sort Groups: 149
               ->  Index Only Scan using s_2_a_b_e_d_c_idx on s_2  (cost=0.42..34844.43 rows=1000000 width=20) (actual time=0.029..1.295 rows=10006 loops=1)
                     Heap Fetches: 0
 Planning time: 0.289 ms
 Execution time: 5.265 ms
(11 rows)

===== 123 [Wed Mar  7 03:16:26 CET 2018] scale:1000000 groups:100 work_mem:256MB incremental:on max_workers:0 =====
SELECT * FROM s_3 ORDER BY a, b, c, d LIMIT 10000
                                                                         QUERY PLAN                                                                          
-------------------------------------------------------------------------------------------------------------------------------------------------------------
 Limit  (cost=301.08..301.08 rows=1 width=20) (actual time=4.739..4.739 rows=0 loops=1)
   ->  Limit  (cost=0.94..201.08 rows=10000 width=20) (actual time=0.077..4.465 rows=10000 loops=1)
         ->  Incremental Sort  (cost=0.94..20014.96 rows=1000000 width=20) (actual time=0.077..3.910 rows=10000 loops=1)
               Sort Key: s_3.a, s_3.b, s_3.c, s_3.d
               Presorted Key: s_3.a, s_3.b, s_3.c
               Sort Method: quicksort  Memory: 27kB
               Sort Groups: 309
               ->  Index Only Scan using s_3_a_b_c_e_d_idx on s_3  (cost=0.42..34844.43 rows=1000000 width=20) (actual time=0.024..1.303 rows=10008 loops=1)
                     Heap Fetches: 0
 Planning time: 0.291 ms
 Execution time: 4.764 ms
(11 rows)

===== 124 [Wed Mar  7 03:16:26 CET 2018] scale:1000000 groups:100 work_mem:256MB incremental:off max_workers:0 =====
SELECT * FROM s_1 ORDER BY a, b LIMIT 10000
                                                           QUERY PLAN                                                            
---------------------------------------------------------------------------------------------------------------------------------
 Limit  (cost=87933.56..87933.56 rows=1 width=20) (actual time=129.383..129.383 rows=0 loops=1)
   ->  Limit  (cost=87808.56..87833.56 rows=10000 width=20) (actual time=128.137..129.105 rows=10000 loops=1)
         ->  Sort  (cost=87808.56..90308.56 rows=1000000 width=20) (actual time=128.136..128.559 rows=10000 loops=1)
               Sort Key: s_1.a, s_1.b
               Sort Method: top-N heapsort  Memory: 1817kB
               ->  Seq Scan on s_1  (cost=0.00..16370.00 rows=1000000 width=20) (actual time=0.007..50.216 rows=1000000 loops=1)
 Planning time: 0.269 ms
 Execution time: 129.511 ms
(8 rows)

===== 125 [Wed Mar  7 03:16:27 CET 2018] scale:1000000 groups:100 work_mem:256MB incremental:off max_workers:0 =====
SELECT * FROM s_2 ORDER BY a, b, c LIMIT 10000
                                                           QUERY PLAN                                                            
---------------------------------------------------------------------------------------------------------------------------------
 Limit  (cost=87933.56..87933.56 rows=1 width=20) (actual time=128.713..128.713 rows=0 loops=1)
   ->  Limit  (cost=87808.56..87833.56 rows=10000 width=20) (actual time=127.495..128.438 rows=10000 loops=1)
         ->  Sort  (cost=87808.56..90308.56 rows=1000000 width=20) (actual time=127.495..127.895 rows=10000 loops=1)
               Sort Key: s_2.a, s_2.b, s_2.c
               Sort Method: top-N heapsort  Memory: 1550kB
               ->  Seq Scan on s_2  (cost=0.00..16370.00 rows=1000000 width=20) (actual time=0.004..50.342 rows=1000000 loops=1)
 Planning time: 0.283 ms
 Execution time: 128.842 ms
(8 rows)

===== 126 [Wed Mar  7 03:16:28 CET 2018] scale:1000000 groups:100 work_mem:256MB incremental:off max_workers:0 =====
SELECT * FROM s_3 ORDER BY a, b, c, d LIMIT 10000
                                                           QUERY PLAN                                                            
---------------------------------------------------------------------------------------------------------------------------------
 Limit  (cost=87933.56..87933.56 rows=1 width=20) (actual time=131.207..131.207 rows=0 loops=1)
   ->  Limit  (cost=87808.56..87833.56 rows=10000 width=20) (actual time=130.000..130.931 rows=10000 loops=1)
         ->  Sort  (cost=87808.56..90308.56 rows=1000000 width=20) (actual time=129.999..130.387 rows=10000 loops=1)
               Sort Key: s_3.a, s_3.b, s_3.c, s_3.d
               Sort Method: top-N heapsort  Memory: 1550kB
               ->  Seq Scan on s_3  (cost=0.00..16370.00 rows=1000000 width=20) (actual time=0.004..49.679 rows=1000000 loops=1)
 Planning time: 0.282 ms
 Execution time: 131.338 ms
(8 rows)

===== 127 [Wed Mar  7 03:16:28 CET 2018] scale:1000000 groups:100 work_mem:4MB incremental:on max_workers:2 =====
SELECT * FROM s_1 ORDER BY a, b LIMIT 10000
                                                                         QUERY PLAN                                                                          
-------------------------------------------------------------------------------------------------------------------------------------------------------------
 Limit  (cost=1277.63..1277.63 rows=1 width=20) (actual time=7.333..7.333 rows=0 loops=1)
   ->  Limit  (cost=1002.51..1177.63 rows=10000 width=20) (actual time=2.168..7.061 rows=10000 loops=1)
         ->  Incremental Sort  (cost=1002.51..18514.55 rows=1000000 width=20) (actual time=2.168..6.516 rows=10000 loops=1)
               Sort Key: s_1.a, s_1.b
               Presorted Key: s_1.a
               Sort Method: quicksort  Memory: 1155kB
               Sort Groups: 2
               ->  Index Only Scan using s_1_a_e_d_c_b_idx on s_1  (cost=0.42..34844.43 rows=1000000 width=20) (actual time=0.025..2.001 rows=14981 loops=1)
                     Heap Fetches: 0
 Planning time: 0.287 ms
 Execution time: 7.378 ms
(11 rows)

===== 128 [Wed Mar  7 03:16:28 CET 2018] scale:1000000 groups:100 work_mem:4MB incremental:on max_workers:2 =====
SELECT * FROM s_2 ORDER BY a, b, c LIMIT 10000
                                                                         QUERY PLAN                                                                          
-------------------------------------------------------------------------------------------------------------------------------------------------------------
 Limit  (cost=290.85..290.85 rows=1 width=20) (actual time=5.257..5.257 rows=0 loops=1)
   ->  Limit  (cost=7.08..190.85 rows=10000 width=20) (actual time=0.099..4.986 rows=10000 loops=1)
         ->  Incremental Sort  (cost=7.08..18383.64 rows=1000000 width=20) (actual time=0.098..4.433 rows=10000 loops=1)
               Sort Key: s_2.a, s_2.b, s_2.c
               Presorted Key: s_2.a, s_2.b
               Sort Method: quicksort  Memory: 34kB
               Sort Groups: 149
               ->  Index Only Scan using s_2_a_b_e_d_c_idx on s_2  (cost=0.42..34844.43 rows=1000000 width=20) (actual time=0.028..1.306 rows=10006 loops=1)
                     Heap Fetches: 0
 Planning time: 0.290 ms
 Execution time: 5.287 ms
(11 rows)

===== 129 [Wed Mar  7 03:16:28 CET 2018] scale:1000000 groups:100 work_mem:4MB incremental:on max_workers:2 =====
SELECT * FROM s_3 ORDER BY a, b, c, d LIMIT 10000
                                                                         QUERY PLAN                                                                          
-------------------------------------------------------------------------------------------------------------------------------------------------------------
 Limit  (cost=301.08..301.08 rows=1 width=20) (actual time=4.764..4.764 rows=0 loops=1)
   ->  Limit  (cost=0.94..201.08 rows=10000 width=20) (actual time=0.075..4.490 rows=10000 loops=1)
         ->  Incremental Sort  (cost=0.94..20014.96 rows=1000000 width=20) (actual time=0.075..3.938 rows=10000 loops=1)
               Sort Key: s_3.a, s_3.b, s_3.c, s_3.d
               Presorted Key: s_3.a, s_3.b, s_3.c
               Sort Method: quicksort  Memory: 27kB
               Sort Groups: 309
               ->  Index Only Scan using s_3_a_b_c_e_d_idx on s_3  (cost=0.42..34844.43 rows=1000000 width=20) (actual time=0.023..1.302 rows=10008 loops=1)
                     Heap Fetches: 0
 Planning time: 0.300 ms
 Execution time: 4.790 ms
(11 rows)

===== 130 [Wed Mar  7 03:16:28 CET 2018] scale:1000000 groups:100 work_mem:4MB incremental:off max_workers:2 =====
SELECT * FROM s_1 ORDER BY a, b LIMIT 10000
                                                                  QUERY PLAN                                                                  
----------------------------------------------------------------------------------------------------------------------------------------------
 Limit  (cost=42569.53..42569.53 rows=1 width=20) (actual time=52.953..52.953 rows=0 loops=1)
   ->  Limit  (cost=41302.78..42469.53 rows=10000 width=20) (actual time=50.547..52.676 rows=10000 loops=1)
         ->  Gather Merge  (cost=41302.78..138531.87 rows=833334 width=20) (actual time=50.546..52.116 rows=10000 loops=1)
               Workers Planned: 2
               Workers Launched: 2
               ->  Sort  (cost=40302.76..41344.43 rows=416667 width=20) (actual time=48.776..48.955 rows=4029 loops=3)
                     Sort Key: s_1.a, s_1.b
                     Sort Method: top-N heapsort  Memory: 1719kB
                     Worker 0:  Sort Method: top-N heapsort  Memory: 1684kB
                     Worker 1:  Sort Method: top-N heapsort  Memory: 1674kB
                     ->  Parallel Seq Scan on s_1  (cost=0.00..10536.67 rows=416667 width=20) (actual time=0.007..18.472 rows=333333 loops=3)
 Planning time: 0.293 ms
 Execution time: 54.923 ms
(13 rows)

===== 131 [Wed Mar  7 03:16:29 CET 2018] scale:1000000 groups:100 work_mem:4MB incremental:off max_workers:2 =====
SELECT * FROM s_2 ORDER BY a, b, c LIMIT 10000
                                                                  QUERY PLAN                                                                  
----------------------------------------------------------------------------------------------------------------------------------------------
 Limit  (cost=42569.53..42569.53 rows=1 width=20) (actual time=51.975..51.975 rows=0 loops=1)
   ->  Limit  (cost=41302.78..42469.53 rows=10000 width=20) (actual time=49.617..51.696 rows=10000 loops=1)
         ->  Gather Merge  (cost=41302.78..138531.87 rows=833334 width=20) (actual time=49.617..51.138 rows=10000 loops=1)
               Workers Planned: 2
               Workers Launched: 2
               ->  Sort  (cost=40302.76..41344.43 rows=416667 width=20) (actual time=47.862..48.034 rows=4113 loops=3)
                     Sort Key: s_2.a, s_2.b, s_2.c
                     Sort Method: top-N heapsort  Memory: 1550kB
                     Worker 0:  Sort Method: top-N heapsort  Memory: 1551kB
                     Worker 1:  Sort Method: top-N heapsort  Memory: 1552kB
                     ->  Parallel Seq Scan on s_2  (cost=0.00..10536.67 rows=416667 width=20) (actual time=0.006..18.463 rows=333333 loops=3)
 Planning time: 0.287 ms
 Execution time: 54.009 ms
(13 rows)

===== 132 [Wed Mar  7 03:16:29 CET 2018] scale:1000000 groups:100 work_mem:4MB incremental:off max_workers:2 =====
SELECT * FROM s_3 ORDER BY a, b, c, d LIMIT 10000
                                                                  QUERY PLAN                                                                  
----------------------------------------------------------------------------------------------------------------------------------------------
 Limit  (cost=42569.53..42569.53 rows=1 width=20) (actual time=53.477..53.477 rows=0 loops=1)
   ->  Limit  (cost=41302.78..42469.53 rows=10000 width=20) (actual time=51.128..53.194 rows=10000 loops=1)
         ->  Gather Merge  (cost=41302.78..138531.87 rows=833334 width=20) (actual time=51.128..52.633 rows=10000 loops=1)
               Workers Planned: 2
               Workers Launched: 2
               ->  Sort  (cost=40302.76..41344.43 rows=416667 width=20) (actual time=49.396..49.563 rows=4113 loops=3)
                     Sort Key: s_3.a, s_3.b, s_3.c, s_3.d
                     Sort Method: top-N heapsort  Memory: 1550kB
                     Worker 0:  Sort Method: top-N heapsort  Memory: 1550kB
                     Worker 1:  Sort Method: top-N heapsort  Memory: 1550kB
                     ->  Parallel Seq Scan on s_3  (cost=0.00..10536.67 rows=416667 width=20) (actual time=0.007..18.579 rows=333333 loops=3)
 Planning time: 0.303 ms
 Execution time: 55.585 ms
(13 rows)

===== 133 [Wed Mar  7 03:16:29 CET 2018] scale:1000000 groups:100 work_mem:8MB incremental:on max_workers:2 =====
SELECT * FROM s_1 ORDER BY a, b LIMIT 10000
                                                                         QUERY PLAN                                                                          
-------------------------------------------------------------------------------------------------------------------------------------------------------------
 Limit  (cost=1277.63..1277.63 rows=1 width=20) (actual time=7.337..7.337 rows=0 loops=1)
   ->  Limit  (cost=1002.51..1177.63 rows=10000 width=20) (actual time=2.171..7.065 rows=10000 loops=1)
         ->  Incremental Sort  (cost=1002.51..18514.55 rows=1000000 width=20) (actual time=2.171..6.519 rows=10000 loops=1)
               Sort Key: s_1.a, s_1.b
               Presorted Key: s_1.a
               Sort Method: quicksort  Memory: 1155kB
               Sort Groups: 2
               ->  Index Only Scan using s_1_a_e_d_c_b_idx on s_1  (cost=0.42..34844.43 rows=1000000 width=20) (actual time=0.025..1.997 rows=14981 loops=1)
                     Heap Fetches: 0
 Planning time: 0.284 ms
 Execution time: 7.382 ms
(11 rows)

===== 134 [Wed Mar  7 03:16:30 CET 2018] scale:1000000 groups:100 work_mem:8MB incremental:on max_workers:2 =====
SELECT * FROM s_2 ORDER BY a, b, c LIMIT 10000
                                                                         QUERY PLAN                                                                          
-------------------------------------------------------------------------------------------------------------------------------------------------------------
 Limit  (cost=290.85..290.85 rows=1 width=20) (actual time=5.256..5.256 rows=0 loops=1)
   ->  Limit  (cost=7.08..190.85 rows=10000 width=20) (actual time=0.098..4.982 rows=10000 loops=1)
         ->  Incremental Sort  (cost=7.08..18383.64 rows=1000000 width=20) (actual time=0.098..4.430 rows=10000 loops=1)
               Sort Key: s_2.a, s_2.b, s_2.c
               Presorted Key: s_2.a, s_2.b
               Sort Method: quicksort  Memory: 34kB
               Sort Groups: 149
               ->  Index Only Scan using s_2_a_b_e_d_c_idx on s_2  (cost=0.42..34844.43 rows=1000000 width=20) (actual time=0.028..1.303 rows=10006 loops=1)
                     Heap Fetches: 0
 Planning time: 0.288 ms
 Execution time: 5.285 ms
(11 rows)

===== 135 [Wed Mar  7 03:16:30 CET 2018] scale:1000000 groups:100 work_mem:8MB incremental:on max_workers:2 =====
SELECT * FROM s_3 ORDER BY a, b, c, d LIMIT 10000
                                                                         QUERY PLAN                                                                          
-------------------------------------------------------------------------------------------------------------------------------------------------------------
 Limit  (cost=301.08..301.08 rows=1 width=20) (actual time=4.765..4.765 rows=0 loops=1)
   ->  Limit  (cost=0.94..201.08 rows=10000 width=20) (actual time=0.075..4.492 rows=10000 loops=1)
         ->  Incremental Sort  (cost=0.94..20014.96 rows=1000000 width=20) (actual time=0.075..3.942 rows=10000 loops=1)
               Sort Key: s_3.a, s_3.b, s_3.c, s_3.d
               Presorted Key: s_3.a, s_3.b, s_3.c
               Sort Method: quicksort  Memory: 27kB
               Sort Groups: 309
               ->  Index Only Scan using s_3_a_b_c_e_d_idx on s_3  (cost=0.42..34844.43 rows=1000000 width=20) (actual time=0.024..1.299 rows=10008 loops=1)
                     Heap Fetches: 0
 Planning time: 0.296 ms
 Execution time: 4.790 ms
(11 rows)

===== 136 [Wed Mar  7 03:16:30 CET 2018] scale:1000000 groups:100 work_mem:8MB incremental:off max_workers:2 =====
SELECT * FROM s_1 ORDER BY a, b LIMIT 10000
                                                                  QUERY PLAN                                                                  
----------------------------------------------------------------------------------------------------------------------------------------------
 Limit  (cost=42569.53..42569.53 rows=1 width=20) (actual time=52.291..52.291 rows=0 loops=1)
   ->  Limit  (cost=41302.78..42469.53 rows=10000 width=20) (actual time=49.884..52.011 rows=10000 loops=1)
         ->  Gather Merge  (cost=41302.78..138531.87 rows=833334 width=20) (actual time=49.883..51.445 rows=10000 loops=1)
               Workers Planned: 2
               Workers Launched: 2
               ->  Sort  (cost=40302.76..41344.43 rows=416667 width=20) (actual time=48.181..48.362 rows=4077 loops=3)
                     Sort Key: s_1.a, s_1.b
                     Sort Method: top-N heapsort  Memory: 1701kB
                     Worker 0:  Sort Method: top-N heapsort  Memory: 1678kB
                     Worker 1:  Sort Method: top-N heapsort  Memory: 1674kB
                     ->  Parallel Seq Scan on s_1  (cost=0.00..10536.67 rows=416667 width=20) (actual time=0.006..18.509 rows=333333 loops=3)
 Planning time: 0.297 ms
 Execution time: 54.298 ms
(13 rows)

===== 137 [Wed Mar  7 03:16:30 CET 2018] scale:1000000 groups:100 work_mem:8MB incremental:off max_workers:2 =====
SELECT * FROM s_2 ORDER BY a, b, c LIMIT 10000
                                                                  QUERY PLAN                                                                  
----------------------------------------------------------------------------------------------------------------------------------------------
 Limit  (cost=42569.53..42569.53 rows=1 width=20) (actual time=51.949..51.949 rows=0 loops=1)
   ->  Limit  (cost=41302.78..42469.53 rows=10000 width=20) (actual time=49.587..51.668 rows=10000 loops=1)
         ->  Gather Merge  (cost=41302.78..138531.87 rows=833334 width=20) (actual time=49.586..51.111 rows=10000 loops=1)
               Workers Planned: 2
               Workers Launched: 2
               ->  Sort  (cost=40302.76..41344.43 rows=416667 width=20) (actual time=47.859..48.031 rows=4113 loops=3)
                     Sort Key: s_2.a, s_2.b, s_2.c
                     Sort Method: top-N heapsort  Memory: 1550kB
                     Worker 0:  Sort Method: top-N heapsort  Memory: 1552kB
                     Worker 1:  Sort Method: top-N heapsort  Memory: 1551kB
                     ->  Parallel Seq Scan on s_2  (cost=0.00..10536.67 rows=416667 width=20) (actual time=0.007..18.444 rows=333333 loops=3)
 Planning time: 0.303 ms
 Execution time: 53.977 ms
(13 rows)

===== 138 [Wed Mar  7 03:16:30 CET 2018] scale:1000000 groups:100 work_mem:8MB incremental:off max_workers:2 =====
SELECT * FROM s_3 ORDER BY a, b, c, d LIMIT 10000
                                                                  QUERY PLAN                                                                  
----------------------------------------------------------------------------------------------------------------------------------------------
 Limit  (cost=42569.53..42569.53 rows=1 width=20) (actual time=53.313..53.313 rows=0 loops=1)
   ->  Limit  (cost=41302.78..42469.53 rows=10000 width=20) (actual time=50.971..53.039 rows=10000 loops=1)
         ->  Gather Merge  (cost=41302.78..138531.87 rows=833334 width=20) (actual time=50.971..52.479 rows=10000 loops=1)
               Workers Planned: 2
               Workers Launched: 2
               ->  Sort  (cost=40302.76..41344.43 rows=416667 width=20) (actual time=49.306..49.473 rows=4113 loops=3)
                     Sort Key: s_3.a, s_3.b, s_3.c, s_3.d
                     Sort Method: top-N heapsort  Memory: 1550kB
                     Worker 0:  Sort Method: top-N heapsort  Memory: 1550kB
                     Worker 1:  Sort Method: top-N heapsort  Memory: 1550kB
                     ->  Parallel Seq Scan on s_3  (cost=0.00..10536.67 rows=416667 width=20) (actual time=0.007..18.575 rows=333333 loops=3)
 Planning time: 0.299 ms
 Execution time: 55.443 ms
(13 rows)

===== 139 [Wed Mar  7 03:16:31 CET 2018] scale:1000000 groups:100 work_mem:16MB incremental:on max_workers:2 =====
SELECT * FROM s_1 ORDER BY a, b LIMIT 10000
                                                                         QUERY PLAN                                                                          
-------------------------------------------------------------------------------------------------------------------------------------------------------------
 Limit  (cost=1277.63..1277.63 rows=1 width=20) (actual time=7.342..7.342 rows=0 loops=1)
   ->  Limit  (cost=1002.51..1177.63 rows=10000 width=20) (actual time=2.170..7.070 rows=10000 loops=1)
         ->  Incremental Sort  (cost=1002.51..18514.55 rows=1000000 width=20) (actual time=2.170..6.525 rows=10000 loops=1)
               Sort Key: s_1.a, s_1.b
               Presorted Key: s_1.a
               Sort Method: quicksort  Memory: 1155kB
               Sort Groups: 2
               ->  Index Only Scan using s_1_a_e_d_c_b_idx on s_1  (cost=0.42..34844.43 rows=1000000 width=20) (actual time=0.029..2.003 rows=14981 loops=1)
                     Heap Fetches: 0
 Planning time: 0.280 ms
 Execution time: 7.387 ms
(11 rows)

===== 140 [Wed Mar  7 03:16:31 CET 2018] scale:1000000 groups:100 work_mem:16MB incremental:on max_workers:2 =====
SELECT * FROM s_2 ORDER BY a, b, c LIMIT 10000
                                                                         QUERY PLAN                                                                          
-------------------------------------------------------------------------------------------------------------------------------------------------------------
 Limit  (cost=290.85..290.85 rows=1 width=20) (actual time=5.259..5.259 rows=0 loops=1)
   ->  Limit  (cost=7.08..190.85 rows=10000 width=20) (actual time=0.100..4.986 rows=10000 loops=1)
         ->  Incremental Sort  (cost=7.08..18383.64 rows=1000000 width=20) (actual time=0.099..4.437 rows=10000 loops=1)
               Sort Key: s_2.a, s_2.b, s_2.c
               Presorted Key: s_2.a, s_2.b
               Sort Method: quicksort  Memory: 34kB
               Sort Groups: 149
               ->  Index Only Scan using s_2_a_b_e_d_c_idx on s_2  (cost=0.42..34844.43 rows=1000000 width=20) (actual time=0.028..1.305 rows=10006 loops=1)
                     Heap Fetches: 0
 Planning time: 0.294 ms
 Execution time: 5.289 ms
(11 rows)

===== 141 [Wed Mar  7 03:16:31 CET 2018] scale:1000000 groups:100 work_mem:16MB incremental:on max_workers:2 =====
SELECT * FROM s_3 ORDER BY a, b, c, d LIMIT 10000
                                                                         QUERY PLAN                                                                          
-------------------------------------------------------------------------------------------------------------------------------------------------------------
 Limit  (cost=301.08..301.08 rows=1 width=20) (actual time=4.765..4.765 rows=0 loops=1)
   ->  Limit  (cost=0.94..201.08 rows=10000 width=20) (actual time=0.075..4.492 rows=10000 loops=1)
         ->  Incremental Sort  (cost=0.94..20014.96 rows=1000000 width=20) (actual time=0.074..3.942 rows=10000 loops=1)
               Sort Key: s_3.a, s_3.b, s_3.c, s_3.d
               Presorted Key: s_3.a, s_3.b, s_3.c
               Sort Method: quicksort  Memory: 27kB
               Sort Groups: 309
               ->  Index Only Scan using s_3_a_b_c_e_d_idx on s_3  (cost=0.42..34844.43 rows=1000000 width=20) (actual time=0.023..1.299 rows=10008 loops=1)
                     Heap Fetches: 0
 Planning time: 0.295 ms
 Execution time: 4.791 ms
(11 rows)

===== 142 [Wed Mar  7 03:16:31 CET 2018] scale:1000000 groups:100 work_mem:16MB incremental:off max_workers:2 =====
SELECT * FROM s_1 ORDER BY a, b LIMIT 10000
                                                                  QUERY PLAN                                                                  
----------------------------------------------------------------------------------------------------------------------------------------------
 Limit  (cost=42569.53..42569.53 rows=1 width=20) (actual time=52.909..52.909 rows=0 loops=1)
   ->  Limit  (cost=41302.78..42469.53 rows=10000 width=20) (actual time=50.502..52.629 rows=10000 loops=1)
         ->  Gather Merge  (cost=41302.78..138531.87 rows=833334 width=20) (actual time=50.501..52.066 rows=10000 loops=1)
               Workers Planned: 2
               Workers Launched: 2
               ->  Sort  (cost=40302.76..41344.43 rows=416667 width=20) (actual time=48.771..48.945 rows=3914 loops=3)
                     Sort Key: s_1.a, s_1.b
                     Sort Method: top-N heapsort  Memory: 1711kB
                     Worker 0:  Sort Method: top-N heapsort  Memory: 1682kB
                     Worker 1:  Sort Method: top-N heapsort  Memory: 1672kB
                     ->  Parallel Seq Scan on s_1  (cost=0.00..10536.67 rows=416667 width=20) (actual time=0.007..18.466 rows=333333 loops=3)
 Planning time: 0.283 ms
 Execution time: 54.910 ms
(13 rows)

===== 143 [Wed Mar  7 03:16:31 CET 2018] scale:1000000 groups:100 work_mem:16MB incremental:off max_workers:2 =====
SELECT * FROM s_2 ORDER BY a, b, c LIMIT 10000
                                                                  QUERY PLAN                                                                  
----------------------------------------------------------------------------------------------------------------------------------------------
 Limit  (cost=42569.53..42569.53 rows=1 width=20) (actual time=51.904..51.904 rows=0 loops=1)
   ->  Limit  (cost=41302.78..42469.53 rows=10000 width=20) (actual time=49.541..51.622 rows=10000 loops=1)
         ->  Gather Merge  (cost=41302.78..138531.87 rows=833334 width=20) (actual time=49.541..51.062 rows=10000 loops=1)
               Workers Planned: 2
               Workers Launched: 2
               ->  Sort  (cost=40302.76..41344.43 rows=416667 width=20) (actual time=47.836..48.008 rows=4113 loops=3)
                     Sort Key: s_2.a, s_2.b, s_2.c
                     Sort Method: top-N heapsort  Memory: 1550kB
                     Worker 0:  Sort Method: top-N heapsort  Memory: 1551kB
                     Worker 1:  Sort Method: top-N heapsort  Memory: 1552kB
                     ->  Parallel Seq Scan on s_2  (cost=0.00..10536.67 rows=416667 width=20) (actual time=0.007..18.434 rows=333333 loops=3)
 Planning time: 0.289 ms
 Execution time: 53.889 ms
(13 rows)

===== 144 [Wed Mar  7 03:16:32 CET 2018] scale:1000000 groups:100 work_mem:16MB incremental:off max_workers:2 =====
SELECT * FROM s_3 ORDER BY a, b, c, d LIMIT 10000
                                                                  QUERY PLAN                                                                  
----------------------------------------------------------------------------------------------------------------------------------------------
 Limit  (cost=42569.53..42569.53 rows=1 width=20) (actual time=53.467..53.467 rows=0 loops=1)
   ->  Limit  (cost=41302.78..42469.53 rows=10000 width=20) (actual time=51.128..53.187 rows=10000 loops=1)
         ->  Gather Merge  (cost=41302.78..138531.87 rows=833334 width=20) (actual time=51.127..52.630 rows=10000 loops=1)
               Workers Planned: 2
               Workers Launched: 2
               ->  Sort  (cost=40302.76..41344.43 rows=416667 width=20) (actual time=49.440..49.607 rows=4113 loops=3)
                     Sort Key: s_3.a, s_3.b, s_3.c, s_3.d
                     Sort Method: top-N heapsort  Memory: 1550kB
                     Worker 0:  Sort Method: top-N heapsort  Memory: 1550kB
                     Worker 1:  Sort Method: top-N heapsort  Memory: 1550kB
                     ->  Parallel Seq Scan on s_3  (cost=0.00..10536.67 rows=416667 width=20) (actual time=0.007..18.602 rows=333333 loops=3)
 Planning time: 0.296 ms
 Execution time: 55.580 ms
(13 rows)

===== 145 [Wed Mar  7 03:16:32 CET 2018] scale:1000000 groups:100 work_mem:32MB incremental:on max_workers:2 =====
SELECT * FROM s_1 ORDER BY a, b LIMIT 10000
                                                                         QUERY PLAN                                                                          
-------------------------------------------------------------------------------------------------------------------------------------------------------------
 Limit  (cost=1277.63..1277.63 rows=1 width=20) (actual time=7.326..7.326 rows=0 loops=1)
   ->  Limit  (cost=1002.51..1177.63 rows=10000 width=20) (actual time=2.165..7.054 rows=10000 loops=1)
         ->  Incremental Sort  (cost=1002.51..18514.55 rows=1000000 width=20) (actual time=2.165..6.506 rows=10000 loops=1)
               Sort Key: s_1.a, s_1.b
               Presorted Key: s_1.a
               Sort Method: quicksort  Memory: 1155kB
               Sort Groups: 2
               ->  Index Only Scan using s_1_a_e_d_c_b_idx on s_1  (cost=0.42..34844.43 rows=1000000 width=20) (actual time=0.025..1.999 rows=14981 loops=1)
                     Heap Fetches: 0
 Planning time: 0.282 ms
 Execution time: 7.374 ms
(11 rows)

===== 146 [Wed Mar  7 03:16:32 CET 2018] scale:1000000 groups:100 work_mem:32MB incremental:on max_workers:2 =====
SELECT * FROM s_2 ORDER BY a, b, c LIMIT 10000
                                                                         QUERY PLAN                                                                          
-------------------------------------------------------------------------------------------------------------------------------------------------------------
 Limit  (cost=290.85..290.85 rows=1 width=20) (actual time=5.254..5.254 rows=0 loops=1)
   ->  Limit  (cost=7.08..190.85 rows=10000 width=20) (actual time=0.098..4.982 rows=10000 loops=1)
         ->  Incremental Sort  (cost=7.08..18383.64 rows=1000000 width=20) (actual time=0.097..4.432 rows=10000 loops=1)
               Sort Key: s_2.a, s_2.b, s_2.c
               Presorted Key: s_2.a, s_2.b
               Sort Method: quicksort  Memory: 34kB
               Sort Groups: 149
               ->  Index Only Scan using s_2_a_b_e_d_c_idx on s_2  (cost=0.42..34844.43 rows=1000000 width=20) (actual time=0.028..1.301 rows=10006 loops=1)
                     Heap Fetches: 0
 Planning time: 0.286 ms
 Execution time: 5.284 ms
(11 rows)

===== 147 [Wed Mar  7 03:16:32 CET 2018] scale:1000000 groups:100 work_mem:32MB incremental:on max_workers:2 =====
SELECT * FROM s_3 ORDER BY a, b, c, d LIMIT 10000
                                                                         QUERY PLAN                                                                          
-------------------------------------------------------------------------------------------------------------------------------------------------------------
 Limit  (cost=301.08..301.08 rows=1 width=20) (actual time=4.769..4.769 rows=0 loops=1)
   ->  Limit  (cost=0.94..201.08 rows=10000 width=20) (actual time=0.075..4.495 rows=10000 loops=1)
         ->  Incremental Sort  (cost=0.94..20014.96 rows=1000000 width=20) (actual time=0.075..3.945 rows=10000 loops=1)
               Sort Key: s_3.a, s_3.b, s_3.c, s_3.d
               Presorted Key: s_3.a, s_3.b, s_3.c
               Sort Method: quicksort  Memory: 27kB
               Sort Groups: 309
               ->  Index Only Scan using s_3_a_b_c_e_d_idx on s_3  (cost=0.42..34844.43 rows=1000000 width=20) (actual time=0.023..1.307 rows=10008 loops=1)
                     Heap Fetches: 0
 Planning time: 0.298 ms
 Execution time: 4.794 ms
(11 rows)

===== 148 [Wed Mar  7 03:16:32 CET 2018] scale:1000000 groups:100 work_mem:32MB incremental:off max_workers:2 =====
SELECT * FROM s_1 ORDER BY a, b LIMIT 10000
                                                                  QUERY PLAN                                                                  
----------------------------------------------------------------------------------------------------------------------------------------------
 Limit  (cost=42569.53..42569.53 rows=1 width=20) (actual time=52.393..52.393 rows=0 loops=1)
   ->  Limit  (cost=41302.78..42469.53 rows=10000 width=20) (actual time=49.978..52.113 rows=10000 loops=1)
         ->  Gather Merge  (cost=41302.78..138531.87 rows=833334 width=20) (actual time=49.977..51.547 rows=10000 loops=1)
               Workers Planned: 2
               Workers Launched: 2
               ->  Sort  (cost=40302.76..41344.43 rows=416667 width=20) (actual time=48.221..48.399 rows=3988 loops=3)
                     Sort Key: s_1.a, s_1.b
                     Sort Method: top-N heapsort  Memory: 1707kB
                     Worker 0:  Sort Method: top-N heapsort  Memory: 1676kB
                     Worker 1:  Sort Method: top-N heapsort  Memory: 1681kB
                     ->  Parallel Seq Scan on s_1  (cost=0.00..10536.67 rows=416667 width=20) (actual time=0.012..18.531 rows=333333 loops=3)
 Planning time: 0.290 ms
 Execution time: 54.369 ms
(13 rows)

===== 149 [Wed Mar  7 03:16:33 CET 2018] scale:1000000 groups:100 work_mem:32MB incremental:off max_workers:2 =====
SELECT * FROM s_2 ORDER BY a, b, c LIMIT 10000
                                                                  QUERY PLAN                                                                  
----------------------------------------------------------------------------------------------------------------------------------------------
 Limit  (cost=42569.53..42569.53 rows=1 width=20) (actual time=51.994..51.994 rows=0 loops=1)
   ->  Limit  (cost=41302.78..42469.53 rows=10000 width=20) (actual time=49.633..51.714 rows=10000 loops=1)
         ->  Gather Merge  (cost=41302.78..138531.87 rows=833334 width=20) (actual time=49.632..51.155 rows=10000 loops=1)
               Workers Planned: 2
               Workers Launched: 2
               ->  Sort  (cost=40302.76..41344.43 rows=416667 width=20) (actual time=47.858..48.029 rows=4113 loops=3)
                     Sort Key: s_2.a, s_2.b, s_2.c
                     Sort Method: top-N heapsort  Memory: 1550kB
                     Worker 0:  Sort Method: top-N heapsort  Memory: 1552kB
                     Worker 1:  Sort Method: top-N heapsort  Memory: 1551kB
                     ->  Parallel Seq Scan on s_2  (cost=0.00..10536.67 rows=416667 width=20) (actual time=0.006..18.468 rows=333333 loops=3)
 Planning time: 0.290 ms
 Execution time: 54.020 ms
(13 rows)

===== 150 [Wed Mar  7 03:16:33 CET 2018] scale:1000000 groups:100 work_mem:32MB incremental:off max_workers:2 =====
SELECT * FROM s_3 ORDER BY a, b, c, d LIMIT 10000
                                                                  QUERY PLAN                                                                  
----------------------------------------------------------------------------------------------------------------------------------------------
 Limit  (cost=42569.53..42569.53 rows=1 width=20) (actual time=53.432..53.432 rows=0 loops=1)
   ->  Limit  (cost=41302.78..42469.53 rows=10000 width=20) (actual time=51.086..53.147 rows=10000 loops=1)
         ->  Gather Merge  (cost=41302.78..138531.87 rows=833334 width=20) (actual time=51.086..52.590 rows=10000 loops=1)
               Workers Planned: 2
               Workers Launched: 2
               ->  Sort  (cost=40302.76..41344.43 rows=416667 width=20) (actual time=49.385..49.551 rows=4113 loops=3)
                     Sort Key: s_3.a, s_3.b, s_3.c, s_3.d
                     Sort Method: top-N heapsort  Memory: 1550kB
                     Worker 0:  Sort Method: top-N heapsort  Memory: 1550kB
                     Worker 1:  Sort Method: top-N heapsort  Memory: 1550kB
                     ->  Parallel Seq Scan on s_3  (cost=0.00..10536.67 rows=416667 width=20) (actual time=0.007..18.577 rows=333333 loops=3)
 Planning time: 0.299 ms
 Execution time: 55.526 ms
(13 rows)

===== 151 [Wed Mar  7 03:16:33 CET 2018] scale:1000000 groups:100 work_mem:64MB incremental:on max_workers:2 =====
SELECT * FROM s_1 ORDER BY a, b LIMIT 10000
                                                                         QUERY PLAN                                                                          
-------------------------------------------------------------------------------------------------------------------------------------------------------------
 Limit  (cost=1277.63..1277.63 rows=1 width=20) (actual time=7.332..7.332 rows=0 loops=1)
   ->  Limit  (cost=1002.51..1177.63 rows=10000 width=20) (actual time=2.165..7.059 rows=10000 loops=1)
         ->  Incremental Sort  (cost=1002.51..18514.55 rows=1000000 width=20) (actual time=2.165..6.509 rows=10000 loops=1)
               Sort Key: s_1.a, s_1.b
               Presorted Key: s_1.a
               Sort Method: quicksort  Memory: 1155kB
               Sort Groups: 2
               ->  Index Only Scan using s_1_a_e_d_c_b_idx on s_1  (cost=0.42..34844.43 rows=1000000 width=20) (actual time=0.025..1.998 rows=14981 loops=1)
                     Heap Fetches: 0
 Planning time: 0.277 ms
 Execution time: 7.376 ms
(11 rows)

===== 152 [Wed Mar  7 03:16:34 CET 2018] scale:1000000 groups:100 work_mem:64MB incremental:on max_workers:2 =====
SELECT * FROM s_2 ORDER BY a, b, c LIMIT 10000
                                                                         QUERY PLAN                                                                          
-------------------------------------------------------------------------------------------------------------------------------------------------------------
 Limit  (cost=290.85..290.85 rows=1 width=20) (actual time=5.255..5.255 rows=0 loops=1)
   ->  Limit  (cost=7.08..190.85 rows=10000 width=20) (actual time=0.098..4.982 rows=10000 loops=1)
         ->  Incremental Sort  (cost=7.08..18383.64 rows=1000000 width=20) (actual time=0.098..4.433 rows=10000 loops=1)
               Sort Key: s_2.a, s_2.b, s_2.c
               Presorted Key: s_2.a, s_2.b
               Sort Method: quicksort  Memory: 34kB
               Sort Groups: 149
               ->  Index Only Scan using s_2_a_b_e_d_c_idx on s_2  (cost=0.42..34844.43 rows=1000000 width=20) (actual time=0.028..1.300 rows=10006 loops=1)
                     Heap Fetches: 0
 Planning time: 0.286 ms
 Execution time: 5.284 ms
(11 rows)

===== 153 [Wed Mar  7 03:16:34 CET 2018] scale:1000000 groups:100 work_mem:64MB incremental:on max_workers:2 =====
SELECT * FROM s_3 ORDER BY a, b, c, d LIMIT 10000
                                                                         QUERY PLAN                                                                          
-------------------------------------------------------------------------------------------------------------------------------------------------------------
 Limit  (cost=301.08..301.08 rows=1 width=20) (actual time=4.770..4.770 rows=0 loops=1)
   ->  Limit  (cost=0.94..201.08 rows=10000 width=20) (actual time=0.075..4.497 rows=10000 loops=1)
         ->  Incremental Sort  (cost=0.94..20014.96 rows=1000000 width=20) (actual time=0.075..3.945 rows=10000 loops=1)
               Sort Key: s_3.a, s_3.b, s_3.c, s_3.d
               Presorted Key: s_3.a, s_3.b, s_3.c
               Sort Method: quicksort  Memory: 27kB
               Sort Groups: 309
               ->  Index Only Scan using s_3_a_b_c_e_d_idx on s_3  (cost=0.42..34844.43 rows=1000000 width=20) (actual time=0.023..1.305 rows=10008 loops=1)
                     Heap Fetches: 0
 Planning time: 0.296 ms
 Execution time: 4.795 ms
(11 rows)

===== 154 [Wed Mar  7 03:16:34 CET 2018] scale:1000000 groups:100 work_mem:64MB incremental:off max_workers:2 =====
SELECT * FROM s_1 ORDER BY a, b LIMIT 10000
                                                                  QUERY PLAN                                                                  
----------------------------------------------------------------------------------------------------------------------------------------------
 Limit  (cost=42569.53..42569.53 rows=1 width=20) (actual time=52.486..52.486 rows=0 loops=1)
   ->  Limit  (cost=41302.78..42469.53 rows=10000 width=20) (actual time=50.044..52.207 rows=10000 loops=1)
         ->  Gather Merge  (cost=41302.78..138531.87 rows=833334 width=20) (actual time=50.043..51.643 rows=10000 loops=1)
               Workers Planned: 2
               Workers Launched: 2
               ->  Sort  (cost=40302.76..41344.43 rows=416667 width=20) (actual time=48.253..48.430 rows=3988 loops=3)
                     Sort Key: s_1.a, s_1.b
                     Sort Method: top-N heapsort  Memory: 1735kB
                     Worker 0:  Sort Method: top-N heapsort  Memory: 1683kB
                     Worker 1:  Sort Method: top-N heapsort  Memory: 1680kB
                     ->  Parallel Seq Scan on s_1  (cost=0.00..10536.67 rows=416667 width=20) (actual time=0.006..18.505 rows=333333 loops=3)
 Planning time: 0.283 ms
 Execution time: 54.458 ms
(13 rows)

===== 155 [Wed Mar  7 03:16:34 CET 2018] scale:1000000 groups:100 work_mem:64MB incremental:off max_workers:2 =====
SELECT * FROM s_2 ORDER BY a, b, c LIMIT 10000
                                                                  QUERY PLAN                                                                  
----------------------------------------------------------------------------------------------------------------------------------------------
 Limit  (cost=42569.53..42569.53 rows=1 width=20) (actual time=51.945..51.945 rows=0 loops=1)
   ->  Limit  (cost=41302.78..42469.53 rows=10000 width=20) (actual time=49.581..51.658 rows=10000 loops=1)
         ->  Gather Merge  (cost=41302.78..138531.87 rows=833334 width=20) (actual time=49.580..51.099 rows=10000 loops=1)
               Workers Planned: 2
               Workers Launched: 2
               ->  Sort  (cost=40302.76..41344.43 rows=416667 width=20) (actual time=47.852..48.023 rows=4113 loops=3)
                     Sort Key: s_2.a, s_2.b, s_2.c
                     Sort Method: top-N heapsort  Memory: 1550kB
                     Worker 0:  Sort Method: top-N heapsort  Memory: 1552kB
                     Worker 1:  Sort Method: top-N heapsort  Memory: 1551kB
                     ->  Parallel Seq Scan on s_2  (cost=0.00..10536.67 rows=416667 width=20) (actual time=0.006..18.452 rows=333333 loops=3)
 Planning time: 0.295 ms
 Execution time: 53.996 ms
(13 rows)

===== 156 [Wed Mar  7 03:16:34 CET 2018] scale:1000000 groups:100 work_mem:64MB incremental:off max_workers:2 =====
SELECT * FROM s_3 ORDER BY a, b, c, d LIMIT 10000
                                                                  QUERY PLAN                                                                  
----------------------------------------------------------------------------------------------------------------------------------------------
 Limit  (cost=42569.53..42569.53 rows=1 width=20) (actual time=53.386..53.386 rows=0 loops=1)
   ->  Limit  (cost=41302.78..42469.53 rows=10000 width=20) (actual time=51.046..53.108 rows=10000 loops=1)
         ->  Gather Merge  (cost=41302.78..138531.87 rows=833334 width=20) (actual time=51.046..52.549 rows=10000 loops=1)
               Workers Planned: 2
               Workers Launched: 2
               ->  Sort  (cost=40302.76..41344.43 rows=416667 width=20) (actual time=49.412..49.580 rows=4113 loops=3)
                     Sort Key: s_3.a, s_3.b, s_3.c, s_3.d
                     Sort Method: top-N heapsort  Memory: 1550kB
                     Worker 0:  Sort Method: top-N heapsort  Memory: 1550kB
                     Worker 1:  Sort Method: top-N heapsort  Memory: 1550kB
                     ->  Parallel Seq Scan on s_3  (cost=0.00..10536.67 rows=416667 width=20) (actual time=0.007..18.575 rows=333333 loops=3)
 Planning time: 0.298 ms
 Execution time: 55.504 ms
(13 rows)

===== 157 [Wed Mar  7 03:16:35 CET 2018] scale:1000000 groups:100 work_mem:128MB incremental:on max_workers:2 =====
SELECT * FROM s_1 ORDER BY a, b LIMIT 10000
                                                                         QUERY PLAN                                                                          
-------------------------------------------------------------------------------------------------------------------------------------------------------------
 Limit  (cost=1277.63..1277.63 rows=1 width=20) (actual time=7.333..7.333 rows=0 loops=1)
   ->  Limit  (cost=1002.51..1177.63 rows=10000 width=20) (actual time=2.169..7.061 rows=10000 loops=1)
         ->  Incremental Sort  (cost=1002.51..18514.55 rows=1000000 width=20) (actual time=2.168..6.511 rows=10000 loops=1)
               Sort Key: s_1.a, s_1.b
               Presorted Key: s_1.a
               Sort Method: quicksort  Memory: 1155kB
               Sort Groups: 2
               ->  Index Only Scan using s_1_a_e_d_c_b_idx on s_1  (cost=0.42..34844.43 rows=1000000 width=20) (actual time=0.024..1.995 rows=14981 loops=1)
                     Heap Fetches: 0
 Planning time: 0.278 ms
 Execution time: 7.377 ms
(11 rows)

===== 158 [Wed Mar  7 03:16:35 CET 2018] scale:1000000 groups:100 work_mem:128MB incremental:on max_workers:2 =====
SELECT * FROM s_2 ORDER BY a, b, c LIMIT 10000
                                                                         QUERY PLAN                                                                          
-------------------------------------------------------------------------------------------------------------------------------------------------------------
 Limit  (cost=290.85..290.85 rows=1 width=20) (actual time=5.261..5.261 rows=0 loops=1)
   ->  Limit  (cost=7.08..190.85 rows=10000 width=20) (actual time=0.104..4.987 rows=10000 loops=1)
         ->  Incremental Sort  (cost=7.08..18383.64 rows=1000000 width=20) (actual time=0.103..4.441 rows=10000 loops=1)
               Sort Key: s_2.a, s_2.b, s_2.c
               Presorted Key: s_2.a, s_2.b
               Sort Method: quicksort  Memory: 34kB
               Sort Groups: 149
               ->  Index Only Scan using s_2_a_b_e_d_c_idx on s_2  (cost=0.42..34844.43 rows=1000000 width=20) (actual time=0.033..1.307 rows=10006 loops=1)
                     Heap Fetches: 0
 Planning time: 0.290 ms
 Execution time: 5.291 ms
(11 rows)

===== 159 [Wed Mar  7 03:16:35 CET 2018] scale:1000000 groups:100 work_mem:128MB incremental:on max_workers:2 =====
SELECT * FROM s_3 ORDER BY a, b, c, d LIMIT 10000
                                                                         QUERY PLAN                                                                          
-------------------------------------------------------------------------------------------------------------------------------------------------------------
 Limit  (cost=301.08..301.08 rows=1 width=20) (actual time=4.762..4.762 rows=0 loops=1)
   ->  Limit  (cost=0.94..201.08 rows=10000 width=20) (actual time=0.074..4.489 rows=10000 loops=1)
         ->  Incremental Sort  (cost=0.94..20014.96 rows=1000000 width=20) (actual time=0.074..3.937 rows=10000 loops=1)
               Sort Key: s_3.a, s_3.b, s_3.c, s_3.d
               Presorted Key: s_3.a, s_3.b, s_3.c
               Sort Method: quicksort  Memory: 27kB
               Sort Groups: 309
               ->  Index Only Scan using s_3_a_b_c_e_d_idx on s_3  (cost=0.42..34844.43 rows=1000000 width=20) (actual time=0.023..1.302 rows=10008 loops=1)
                     Heap Fetches: 0
 Planning time: 0.301 ms
 Execution time: 4.788 ms
(11 rows)

===== 160 [Wed Mar  7 03:16:35 CET 2018] scale:1000000 groups:100 work_mem:128MB incremental:off max_workers:2 =====
SELECT * FROM s_1 ORDER BY a, b LIMIT 10000
                                                                  QUERY PLAN                                                                  
----------------------------------------------------------------------------------------------------------------------------------------------
 Limit  (cost=42569.53..42569.53 rows=1 width=20) (actual time=52.879..52.879 rows=0 loops=1)
   ->  Limit  (cost=41302.78..42469.53 rows=10000 width=20) (actual time=50.461..52.598 rows=10000 loops=1)
         ->  Gather Merge  (cost=41302.78..138531.87 rows=833334 width=20) (actual time=50.460..52.031 rows=10000 loops=1)
               Workers Planned: 2
               Workers Launched: 2
               ->  Sort  (cost=40302.76..41344.43 rows=416667 width=20) (actual time=48.739..48.918 rows=3991 loops=3)
                     Sort Key: s_1.a, s_1.b
                     Sort Method: top-N heapsort  Memory: 1706kB
                     Worker 0:  Sort Method: top-N heapsort  Memory: 1682kB
                     Worker 1:  Sort Method: top-N heapsort  Memory: 1673kB
                     ->  Parallel Seq Scan on s_1  (cost=0.00..10536.67 rows=416667 width=20) (actual time=0.007..18.452 rows=333333 loops=3)
 Planning time: 0.285 ms
 Execution time: 54.879 ms
(13 rows)

===== 161 [Wed Mar  7 03:16:35 CET 2018] scale:1000000 groups:100 work_mem:128MB incremental:off max_workers:2 =====
SELECT * FROM s_2 ORDER BY a, b, c LIMIT 10000
                                                                  QUERY PLAN                                                                  
----------------------------------------------------------------------------------------------------------------------------------------------
 Limit  (cost=42569.53..42569.53 rows=1 width=20) (actual time=51.986..51.986 rows=0 loops=1)
   ->  Limit  (cost=41302.78..42469.53 rows=10000 width=20) (actual time=49.634..51.709 rows=10000 loops=1)
         ->  Gather Merge  (cost=41302.78..138531.87 rows=833334 width=20) (actual time=49.633..51.149 rows=10000 loops=1)
               Workers Planned: 2
               Workers Launched: 2
               ->  Sort  (cost=40302.76..41344.43 rows=416667 width=20) (actual time=47.855..48.027 rows=4113 loops=3)
                     Sort Key: s_2.a, s_2.b, s_2.c
                     Sort Method: top-N heapsort  Memory: 1550kB
                     Worker 0:  Sort Method: top-N heapsort  Memory: 1551kB
                     Worker 1:  Sort Method: top-N heapsort  Memory: 1552kB
                     ->  Parallel Seq Scan on s_2  (cost=0.00..10536.67 rows=416667 width=20) (actual time=0.007..18.461 rows=333333 loops=3)
 Planning time: 0.291 ms
 Execution time: 53.985 ms
(13 rows)

===== 162 [Wed Mar  7 03:16:36 CET 2018] scale:1000000 groups:100 work_mem:128MB incremental:off max_workers:2 =====
SELECT * FROM s_3 ORDER BY a, b, c, d LIMIT 10000
                                                                  QUERY PLAN                                                                  
----------------------------------------------------------------------------------------------------------------------------------------------
 Limit  (cost=42569.53..42569.53 rows=1 width=20) (actual time=53.380..53.380 rows=0 loops=1)
   ->  Limit  (cost=41302.78..42469.53 rows=10000 width=20) (actual time=51.032..53.102 rows=10000 loops=1)
         ->  Gather Merge  (cost=41302.78..138531.87 rows=833334 width=20) (actual time=51.032..52.544 rows=10000 loops=1)
               Workers Planned: 2
               Workers Launched: 2
               ->  Sort  (cost=40302.76..41344.43 rows=416667 width=20) (actual time=49.391..49.560 rows=4113 loops=3)
                     Sort Key: s_3.a, s_3.b, s_3.c, s_3.d
                     Sort Method: top-N heapsort  Memory: 1550kB
                     Worker 0:  Sort Method: top-N heapsort  Memory: 1550kB
                     Worker 1:  Sort Method: top-N heapsort  Memory: 1550kB
                     ->  Parallel Seq Scan on s_3  (cost=0.00..10536.67 rows=416667 width=20) (actual time=0.007..18.571 rows=333333 loops=3)
 Planning time: 0.299 ms
 Execution time: 55.522 ms
(13 rows)

===== 163 [Wed Mar  7 03:16:36 CET 2018] scale:1000000 groups:100 work_mem:256MB incremental:on max_workers:2 =====
SELECT * FROM s_1 ORDER BY a, b LIMIT 10000
                                                                         QUERY PLAN                                                                          
-------------------------------------------------------------------------------------------------------------------------------------------------------------
 Limit  (cost=1277.63..1277.63 rows=1 width=20) (actual time=7.324..7.324 rows=0 loops=1)
   ->  Limit  (cost=1002.51..1177.63 rows=10000 width=20) (actual time=2.167..7.053 rows=10000 loops=1)
         ->  Incremental Sort  (cost=1002.51..18514.55 rows=1000000 width=20) (actual time=2.167..6.508 rows=10000 loops=1)
               Sort Key: s_1.a, s_1.b
               Presorted Key: s_1.a
               Sort Method: quicksort  Memory: 1155kB
               Sort Groups: 2
               ->  Index Only Scan using s_1_a_e_d_c_b_idx on s_1  (cost=0.42..34844.43 rows=1000000 width=20) (actual time=0.024..2.004 rows=14981 loops=1)
                     Heap Fetches: 0
 Planning time: 0.280 ms
 Execution time: 7.368 ms
(11 rows)

===== 164 [Wed Mar  7 03:16:36 CET 2018] scale:1000000 groups:100 work_mem:256MB incremental:on max_workers:2 =====
SELECT * FROM s_2 ORDER BY a, b, c LIMIT 10000
                                                                         QUERY PLAN                                                                          
-------------------------------------------------------------------------------------------------------------------------------------------------------------
 Limit  (cost=290.85..290.85 rows=1 width=20) (actual time=5.254..5.254 rows=0 loops=1)
   ->  Limit  (cost=7.08..190.85 rows=10000 width=20) (actual time=0.098..4.983 rows=10000 loops=1)
         ->  Incremental Sort  (cost=7.08..18383.64 rows=1000000 width=20) (actual time=0.098..4.428 rows=10000 loops=1)
               Sort Key: s_2.a, s_2.b, s_2.c
               Presorted Key: s_2.a, s_2.b
               Sort Method: quicksort  Memory: 34kB
               Sort Groups: 149
               ->  Index Only Scan using s_2_a_b_e_d_c_idx on s_2  (cost=0.42..34844.43 rows=1000000 width=20) (actual time=0.028..1.302 rows=10006 loops=1)
                     Heap Fetches: 0
 Planning time: 0.283 ms
 Execution time: 5.285 ms
(11 rows)

===== 165 [Wed Mar  7 03:16:36 CET 2018] scale:1000000 groups:100 work_mem:256MB incremental:on max_workers:2 =====
SELECT * FROM s_3 ORDER BY a, b, c, d LIMIT 10000
                                                                         QUERY PLAN                                                                          
-------------------------------------------------------------------------------------------------------------------------------------------------------------
 Limit  (cost=301.08..301.08 rows=1 width=20) (actual time=4.766..4.766 rows=0 loops=1)
   ->  Limit  (cost=0.94..201.08 rows=10000 width=20) (actual time=0.075..4.493 rows=10000 loops=1)
         ->  Incremental Sort  (cost=0.94..20014.96 rows=1000000 width=20) (actual time=0.075..3.943 rows=10000 loops=1)
               Sort Key: s_3.a, s_3.b, s_3.c, s_3.d
               Presorted Key: s_3.a, s_3.b, s_3.c
               Sort Method: quicksort  Memory: 27kB
               Sort Groups: 309
               ->  Index Only Scan using s_3_a_b_c_e_d_idx on s_3  (cost=0.42..34844.43 rows=1000000 width=20) (actual time=0.024..1.298 rows=10008 loops=1)
                     Heap Fetches: 0
 Planning time: 0.292 ms
 Execution time: 4.793 ms
(11 rows)

===== 166 [Wed Mar  7 03:16:36 CET 2018] scale:1000000 groups:100 work_mem:256MB incremental:off max_workers:2 =====
SELECT * FROM s_1 ORDER BY a, b LIMIT 10000
                                                                  QUERY PLAN                                                                  
----------------------------------------------------------------------------------------------------------------------------------------------
 Limit  (cost=42569.53..42569.53 rows=1 width=20) (actual time=52.899..52.899 rows=0 loops=1)
   ->  Limit  (cost=41302.78..42469.53 rows=10000 width=20) (actual time=50.488..52.619 rows=10000 loops=1)
         ->  Gather Merge  (cost=41302.78..138531.87 rows=833334 width=20) (actual time=50.487..52.053 rows=10000 loops=1)
               Workers Planned: 2
               Workers Launched: 2
               ->  Sort  (cost=40302.76..41344.43 rows=416667 width=20) (actual time=48.739..48.917 rows=3998 loops=3)
                     Sort Key: s_1.a, s_1.b
                     Sort Method: top-N heapsort  Memory: 1710kB
                     Worker 0:  Sort Method: top-N heapsort  Memory: 1682kB
                     Worker 1:  Sort Method: top-N heapsort  Memory: 1672kB
                     ->  Parallel Seq Scan on s_1  (cost=0.00..10536.67 rows=416667 width=20) (actual time=0.007..18.434 rows=333333 loops=3)
 Planning time: 0.284 ms
 Execution time: 54.890 ms
(13 rows)

===== 167 [Wed Mar  7 03:16:37 CET 2018] scale:1000000 groups:100 work_mem:256MB incremental:off max_workers:2 =====
SELECT * FROM s_2 ORDER BY a, b, c LIMIT 10000
                                                                  QUERY PLAN                                                                  
----------------------------------------------------------------------------------------------------------------------------------------------
 Limit  (cost=42569.53..42569.53 rows=1 width=20) (actual time=51.995..51.995 rows=0 loops=1)
   ->  Limit  (cost=41302.78..42469.53 rows=10000 width=20) (actual time=49.636..51.716 rows=10000 loops=1)
         ->  Gather Merge  (cost=41302.78..138531.87 rows=833334 width=20) (actual time=49.636..51.157 rows=10000 loops=1)
               Workers Planned: 2
               Workers Launched: 2
               ->  Sort  (cost=40302.76..41344.43 rows=416667 width=20) (actual time=47.835..48.007 rows=4113 loops=3)
                     Sort Key: s_2.a, s_2.b, s_2.c
                     Sort Method: top-N heapsort  Memory: 1550kB
                     Worker 0:  Sort Method: top-N heapsort  Memory: 1551kB
                     Worker 1:  Sort Method: top-N heapsort  Memory: 1552kB
                     ->  Parallel Seq Scan on s_2  (cost=0.00..10536.67 rows=416667 width=20) (actual time=0.006..18.455 rows=333333 loops=3)
 Planning time: 0.291 ms
 Execution time: 54.026 ms
(13 rows)

===== 168 [Wed Mar  7 03:16:37 CET 2018] scale:1000000 groups:100 work_mem:256MB incremental:off max_workers:2 =====
SELECT * FROM s_3 ORDER BY a, b, c, d LIMIT 10000
                                                                  QUERY PLAN                                                                  
----------------------------------------------------------------------------------------------------------------------------------------------
 Limit  (cost=42569.53..42569.53 rows=1 width=20) (actual time=53.445..53.445 rows=0 loops=1)
   ->  Limit  (cost=41302.78..42469.53 rows=10000 width=20) (actual time=51.092..53.164 rows=10000 loops=1)
         ->  Gather Merge  (cost=41302.78..138531.87 rows=833334 width=20) (actual time=51.092..52.601 rows=10000 loops=1)
               Workers Planned: 2
               Workers Launched: 2
               ->  Sort  (cost=40302.76..41344.43 rows=416667 width=20) (actual time=49.412..49.580 rows=4113 loops=3)
                     Sort Key: s_3.a, s_3.b, s_3.c, s_3.d
                     Sort Method: top-N heapsort  Memory: 1550kB
                     Worker 0:  Sort Method: top-N heapsort  Memory: 1550kB
                     Worker 1:  Sort Method: top-N heapsort  Memory: 1550kB
                     ->  Parallel Seq Scan on s_3  (cost=0.00..10536.67 rows=416667 width=20) (actual time=0.007..18.576 rows=333333 loops=3)
 Planning time: 0.299 ms
 Execution time: 55.586 ms
(13 rows)

===== 169 [Wed Mar  7 03:16:44 CET 2018] scale:1000000 groups:1000 work_mem:4MB incremental:on max_workers:0 =====
SELECT * FROM s_1 ORDER BY a, b LIMIT 10000
                                                                         QUERY PLAN                                                                          
-------------------------------------------------------------------------------------------------------------------------------------------------------------
 Limit  (cost=367.83..367.83 rows=1 width=20) (actual time=6.117..6.117 rows=0 loops=1)
   ->  Limit  (cost=85.01..267.83 rows=10000 width=20) (actual time=0.331..5.843 rows=10000 loops=1)
         ->  Incremental Sort  (cost=85.01..18367.10 rows=1000000 width=20) (actual time=0.331..5.293 rows=10000 loops=1)
               Sort Key: s_1.a, s_1.b
               Presorted Key: s_1.a
               Sort Method: quicksort  Memory: 131kB
               Sort Groups: 11
               ->  Index Only Scan using s_1_a_e_d_c_b_idx on s_1  (cost=0.42..34844.43 rows=1000000 width=20) (actual time=0.042..1.626 rows=10608 loops=1)
                     Heap Fetches: 0
 Planning time: 0.279 ms
 Execution time: 6.148 ms
(11 rows)

===== 170 [Wed Mar  7 03:16:45 CET 2018] scale:1000000 groups:1000 work_mem:4MB incremental:on max_workers:0 =====
SELECT * FROM s_2 ORDER BY a, b, c LIMIT 10000
                                                                         QUERY PLAN                                                                          
-------------------------------------------------------------------------------------------------------------------------------------------------------------
 Limit  (cost=301.08..301.08 rows=1 width=20) (actual time=4.744..4.744 rows=0 loops=1)
   ->  Limit  (cost=0.94..201.08 rows=10000 width=20) (actual time=0.102..4.462 rows=10000 loops=1)
         ->  Incremental Sort  (cost=0.94..20014.96 rows=1000000 width=20) (actual time=0.102..3.907 rows=10000 loops=1)
               Sort Key: s_2.a, s_2.b, s_2.c
               Presorted Key: s_2.a, s_2.b
               Sort Method: quicksort  Memory: 27kB
               Sort Groups: 307
               ->  Index Only Scan using s_2_a_b_e_d_c_idx on s_2  (cost=0.42..34844.43 rows=1000000 width=20) (actual time=0.051..1.516 rows=10005 loops=1)
                     Heap Fetches: 0
 Planning time: 0.285 ms
 Execution time: 4.769 ms
(11 rows)

===== 171 [Wed Mar  7 03:16:45 CET 2018] scale:1000000 groups:1000 work_mem:4MB incremental:on max_workers:0 =====
SELECT * FROM s_3 ORDER BY a, b, c, d LIMIT 10000
                                                                         QUERY PLAN                                                                          
-------------------------------------------------------------------------------------------------------------------------------------------------------------
 Limit  (cost=301.08..301.08 rows=1 width=20) (actual time=4.094..4.094 rows=0 loops=1)
   ->  Limit  (cost=0.94..201.08 rows=10000 width=20) (actual time=0.099..3.817 rows=10000 loops=1)
         ->  Incremental Sort  (cost=0.94..20014.96 rows=1000000 width=20) (actual time=0.099..3.262 rows=10000 loops=1)
               Sort Key: s_3.a, s_3.b, s_3.c, s_3.d
               Presorted Key: s_3.a, s_3.b, s_3.c
               Sort Method: quicksort  Memory: 27kB
               Sort Groups: 313
               ->  Index Only Scan using s_3_a_b_c_e_d_idx on s_3  (cost=0.42..34844.43 rows=1000000 width=20) (actual time=0.047..1.531 rows=10017 loops=1)
                     Heap Fetches: 0
 Planning time: 0.296 ms
 Execution time: 4.119 ms
(11 rows)

===== 172 [Wed Mar  7 03:16:45 CET 2018] scale:1000000 groups:1000 work_mem:4MB incremental:off max_workers:0 =====
SELECT * FROM s_1 ORDER BY a, b LIMIT 10000
                                                           QUERY PLAN                                                            
---------------------------------------------------------------------------------------------------------------------------------
 Limit  (cost=87933.56..87933.56 rows=1 width=20) (actual time=127.197..127.197 rows=0 loops=1)
   ->  Limit  (cost=87808.56..87833.56 rows=10000 width=20) (actual time=125.970..126.918 rows=10000 loops=1)
         ->  Sort  (cost=87808.56..90308.56 rows=1000000 width=20) (actual time=125.969..126.370 rows=10000 loops=1)
               Sort Key: s_1.a, s_1.b
               Sort Method: top-N heapsort  Memory: 1580kB
               ->  Seq Scan on s_1  (cost=0.00..16370.00 rows=1000000 width=20) (actual time=0.007..50.260 rows=1000000 loops=1)
 Planning time: 0.277 ms
 Execution time: 127.328 ms
(8 rows)

===== 173 [Wed Mar  7 03:16:45 CET 2018] scale:1000000 groups:1000 work_mem:4MB incremental:off max_workers:0 =====
SELECT * FROM s_2 ORDER BY a, b, c LIMIT 10000
                                                           QUERY PLAN                                                            
---------------------------------------------------------------------------------------------------------------------------------
 Limit  (cost=87933.56..87933.56 rows=1 width=20) (actual time=127.960..127.960 rows=0 loops=1)
   ->  Limit  (cost=87808.56..87833.56 rows=10000 width=20) (actual time=126.755..127.686 rows=10000 loops=1)
         ->  Sort  (cost=87808.56..90308.56 rows=1000000 width=20) (actual time=126.754..127.137 rows=10000 loops=1)
               Sort Key: s_2.a, s_2.b, s_2.c
               Sort Method: top-N heapsort  Memory: 1550kB
               ->  Seq Scan on s_2  (cost=0.00..16370.00 rows=1000000 width=20) (actual time=0.004..50.285 rows=1000000 loops=1)
 Planning time: 0.286 ms
 Execution time: 128.089 ms
(8 rows)

===== 174 [Wed Mar  7 03:16:46 CET 2018] scale:1000000 groups:1000 work_mem:4MB incremental:off max_workers:0 =====
SELECT * FROM s_3 ORDER BY a, b, c, d LIMIT 10000
                                                           QUERY PLAN                                                            
---------------------------------------------------------------------------------------------------------------------------------
 Limit  (cost=87933.56..87933.56 rows=1 width=20) (actual time=129.564..129.564 rows=0 loops=1)
   ->  Limit  (cost=87808.56..87833.56 rows=10000 width=20) (actual time=128.364..129.293 rows=10000 loops=1)
         ->  Sort  (cost=87808.56..90308.56 rows=1000000 width=20) (actual time=128.363..128.750 rows=10000 loops=1)
               Sort Key: s_3.a, s_3.b, s_3.c, s_3.d
               Sort Method: top-N heapsort  Memory: 1550kB
               ->  Seq Scan on s_3  (cost=0.00..16370.00 rows=1000000 width=20) (actual time=0.004..49.734 rows=1000000 loops=1)
 Planning time: 0.293 ms
 Execution time: 129.691 ms
(8 rows)

===== 175 [Wed Mar  7 03:16:47 CET 2018] scale:1000000 groups:1000 work_mem:8MB incremental:on max_workers:0 =====
SELECT * FROM s_1 ORDER BY a, b LIMIT 10000
                                                                         QUERY PLAN                                                                          
-------------------------------------------------------------------------------------------------------------------------------------------------------------
 Limit  (cost=367.83..367.83 rows=1 width=20) (actual time=5.854..5.854 rows=0 loops=1)
   ->  Limit  (cost=85.01..267.83 rows=10000 width=20) (actual time=0.305..5.582 rows=10000 loops=1)
         ->  Incremental Sort  (cost=85.01..18367.10 rows=1000000 width=20) (actual time=0.305..5.035 rows=10000 loops=1)
               Sort Key: s_1.a, s_1.b
               Presorted Key: s_1.a
               Sort Method: quicksort  Memory: 131kB
               Sort Groups: 11
               ->  Index Only Scan using s_1_a_e_d_c_b_idx on s_1  (cost=0.42..34844.43 rows=1000000 width=20) (actual time=0.024..1.391 rows=10608 loops=1)
                     Heap Fetches: 0
 Planning time: 0.279 ms
 Execution time: 5.884 ms
(11 rows)

===== 176 [Wed Mar  7 03:16:47 CET 2018] scale:1000000 groups:1000 work_mem:8MB incremental:on max_workers:0 =====
SELECT * FROM s_2 ORDER BY a, b, c LIMIT 10000
                                                                         QUERY PLAN                                                                          
-------------------------------------------------------------------------------------------------------------------------------------------------------------
 Limit  (cost=301.08..301.08 rows=1 width=20) (actual time=4.486..4.486 rows=0 loops=1)
   ->  Limit  (cost=0.94..201.08 rows=10000 width=20) (actual time=0.083..4.210 rows=10000 loops=1)
         ->  Incremental Sort  (cost=0.94..20014.96 rows=1000000 width=20) (actual time=0.083..3.663 rows=10000 loops=1)
               Sort Key: s_2.a, s_2.b, s_2.c
               Presorted Key: s_2.a, s_2.b
               Sort Method: quicksort  Memory: 27kB
               Sort Groups: 307
               ->  Index Only Scan using s_2_a_b_e_d_c_idx on s_2  (cost=0.42..34844.43 rows=1000000 width=20) (actual time=0.032..1.300 rows=10005 loops=1)
                     Heap Fetches: 0
 Planning time: 0.289 ms
 Execution time: 4.511 ms
(11 rows)

===== 177 [Wed Mar  7 03:16:47 CET 2018] scale:1000000 groups:1000 work_mem:8MB incremental:on max_workers:0 =====
SELECT * FROM s_3 ORDER BY a, b, c, d LIMIT 10000
                                                                         QUERY PLAN                                                                          
-------------------------------------------------------------------------------------------------------------------------------------------------------------
 Limit  (cost=301.08..301.08 rows=1 width=20) (actual time=3.882..3.882 rows=0 loops=1)
   ->  Limit  (cost=0.94..201.08 rows=10000 width=20) (actual time=0.074..3.605 rows=10000 loops=1)
         ->  Incremental Sort  (cost=0.94..20014.96 rows=1000000 width=20) (actual time=0.074..3.047 rows=10000 loops=1)
               Sort Key: s_3.a, s_3.b, s_3.c, s_3.d
               Presorted Key: s_3.a, s_3.b, s_3.c
               Sort Method: quicksort  Memory: 27kB
               Sort Groups: 313
               ->  Index Only Scan using s_3_a_b_c_e_d_idx on s_3  (cost=0.42..34844.43 rows=1000000 width=20) (actual time=0.030..1.302 rows=10017 loops=1)
                     Heap Fetches: 0
 Planning time: 0.295 ms
 Execution time: 3.907 ms
(11 rows)

===== 178 [Wed Mar  7 03:16:47 CET 2018] scale:1000000 groups:1000 work_mem:8MB incremental:off max_workers:0 =====
SELECT * FROM s_1 ORDER BY a, b LIMIT 10000
                                                           QUERY PLAN                                                            
---------------------------------------------------------------------------------------------------------------------------------
 Limit  (cost=87933.56..87933.56 rows=1 width=20) (actual time=127.146..127.146 rows=0 loops=1)
   ->  Limit  (cost=87808.56..87833.56 rows=10000 width=20) (actual time=125.923..126.869 rows=10000 loops=1)
         ->  Sort  (cost=87808.56..90308.56 rows=1000000 width=20) (actual time=125.923..126.322 rows=10000 loops=1)
               Sort Key: s_1.a, s_1.b
               Sort Method: top-N heapsort  Memory: 1580kB
               ->  Seq Scan on s_1  (cost=0.00..16370.00 rows=1000000 width=20) (actual time=0.007..50.229 rows=1000000 loops=1)
 Planning time: 0.270 ms
 Execution time: 127.277 ms
(8 rows)

===== 179 [Wed Mar  7 03:16:48 CET 2018] scale:1000000 groups:1000 work_mem:8MB incremental:off max_workers:0 =====
SELECT * FROM s_2 ORDER BY a, b, c LIMIT 10000
                                                           QUERY PLAN                                                            
---------------------------------------------------------------------------------------------------------------------------------
 Limit  (cost=87933.56..87933.56 rows=1 width=20) (actual time=127.924..127.924 rows=0 loops=1)
   ->  Limit  (cost=87808.56..87833.56 rows=10000 width=20) (actual time=126.715..127.649 rows=10000 loops=1)
         ->  Sort  (cost=87808.56..90308.56 rows=1000000 width=20) (actual time=126.715..127.103 rows=10000 loops=1)
               Sort Key: s_2.a, s_2.b, s_2.c
               Sort Method: top-N heapsort  Memory: 1550kB
               ->  Seq Scan on s_2  (cost=0.00..16370.00 rows=1000000 width=20) (actual time=0.004..50.267 rows=1000000 loops=1)
 Planning time: 0.282 ms
 Execution time: 128.052 ms
(8 rows)

===== 180 [Wed Mar  7 03:16:48 CET 2018] scale:1000000 groups:1000 work_mem:8MB incremental:off max_workers:0 =====
SELECT * FROM s_3 ORDER BY a, b, c, d LIMIT 10000
                                                           QUERY PLAN                                                            
---------------------------------------------------------------------------------------------------------------------------------
 Limit  (cost=87933.56..87933.56 rows=1 width=20) (actual time=129.492..129.492 rows=0 loops=1)
   ->  Limit  (cost=87808.56..87833.56 rows=10000 width=20) (actual time=128.287..129.215 rows=10000 loops=1)
         ->  Sort  (cost=87808.56..90308.56 rows=1000000 width=20) (actual time=128.287..128.673 rows=10000 loops=1)
               Sort Key: s_3.a, s_3.b, s_3.c, s_3.d
               Sort Method: top-N heapsort  Memory: 1550kB
               ->  Seq Scan on s_3  (cost=0.00..16370.00 rows=1000000 width=20) (actual time=0.004..49.680 rows=1000000 loops=1)
 Planning time: 0.289 ms
 Execution time: 129.619 ms
(8 rows)

===== 181 [Wed Mar  7 03:16:49 CET 2018] scale:1000000 groups:1000 work_mem:16MB incremental:on max_workers:0 =====
SELECT * FROM s_1 ORDER BY a, b LIMIT 10000
                                                                         QUERY PLAN                                                                          
-------------------------------------------------------------------------------------------------------------------------------------------------------------
 Limit  (cost=367.83..367.83 rows=1 width=20) (actual time=5.846..5.846 rows=0 loops=1)
   ->  Limit  (cost=85.01..267.83 rows=10000 width=20) (actual time=0.310..5.574 rows=10000 loops=1)
         ->  Incremental Sort  (cost=85.01..18367.10 rows=1000000 width=20) (actual time=0.310..5.022 rows=10000 loops=1)
               Sort Key: s_1.a, s_1.b
               Presorted Key: s_1.a
               Sort Method: quicksort  Memory: 131kB
               Sort Groups: 11
               ->  Index Only Scan using s_1_a_e_d_c_b_idx on s_1  (cost=0.42..34844.43 rows=1000000 width=20) (actual time=0.024..1.384 rows=10608 loops=1)
                     Heap Fetches: 0
 Planning time: 0.279 ms
 Execution time: 5.876 ms
(11 rows)

===== 182 [Wed Mar  7 03:16:49 CET 2018] scale:1000000 groups:1000 work_mem:16MB incremental:on max_workers:0 =====
SELECT * FROM s_2 ORDER BY a, b, c LIMIT 10000
                                                                         QUERY PLAN                                                                          
-------------------------------------------------------------------------------------------------------------------------------------------------------------
 Limit  (cost=301.08..301.08 rows=1 width=20) (actual time=4.487..4.487 rows=0 loops=1)
   ->  Limit  (cost=0.94..201.08 rows=10000 width=20) (actual time=0.082..4.216 rows=10000 loops=1)
         ->  Incremental Sort  (cost=0.94..20014.96 rows=1000000 width=20) (actual time=0.082..3.663 rows=10000 loops=1)
               Sort Key: s_2.a, s_2.b, s_2.c
               Presorted Key: s_2.a, s_2.b
               Sort Method: quicksort  Memory: 27kB
               Sort Groups: 307
               ->  Index Only Scan using s_2_a_b_e_d_c_idx on s_2  (cost=0.42..34844.43 rows=1000000 width=20) (actual time=0.032..1.306 rows=10005 loops=1)
                     Heap Fetches: 0
 Planning time: 0.288 ms
 Execution time: 4.512 ms
(11 rows)

===== 183 [Wed Mar  7 03:16:49 CET 2018] scale:1000000 groups:1000 work_mem:16MB incremental:on max_workers:0 =====
SELECT * FROM s_3 ORDER BY a, b, c, d LIMIT 10000
                                                                         QUERY PLAN                                                                          
-------------------------------------------------------------------------------------------------------------------------------------------------------------
 Limit  (cost=301.08..301.08 rows=1 width=20) (actual time=3.870..3.870 rows=0 loops=1)
   ->  Limit  (cost=0.94..201.08 rows=10000 width=20) (actual time=0.075..3.594 rows=10000 loops=1)
         ->  Incremental Sort  (cost=0.94..20014.96 rows=1000000 width=20) (actual time=0.075..3.042 rows=10000 loops=1)
               Sort Key: s_3.a, s_3.b, s_3.c, s_3.d
               Presorted Key: s_3.a, s_3.b, s_3.c
               Sort Method: quicksort  Memory: 27kB
               Sort Groups: 313
               ->  Index Only Scan using s_3_a_b_c_e_d_idx on s_3  (cost=0.42..34844.43 rows=1000000 width=20) (actual time=0.030..1.310 rows=10017 loops=1)
                     Heap Fetches: 0
 Planning time: 0.294 ms
 Execution time: 3.895 ms
(11 rows)

===== 184 [Wed Mar  7 03:16:49 CET 2018] scale:1000000 groups:1000 work_mem:16MB incremental:off max_workers:0 =====
SELECT * FROM s_1 ORDER BY a, b LIMIT 10000
                                                           QUERY PLAN                                                            
---------------------------------------------------------------------------------------------------------------------------------
 Limit  (cost=87933.56..87933.56 rows=1 width=20) (actual time=127.153..127.153 rows=0 loops=1)
   ->  Limit  (cost=87808.56..87833.56 rows=10000 width=20) (actual time=125.928..126.877 rows=10000 loops=1)
         ->  Sort  (cost=87808.56..90308.56 rows=1000000 width=20) (actual time=125.927..126.328 rows=10000 loops=1)
               Sort Key: s_1.a, s_1.b
               Sort Method: top-N heapsort  Memory: 1580kB
               ->  Seq Scan on s_1  (cost=0.00..16370.00 rows=1000000 width=20) (actual time=0.007..50.204 rows=1000000 loops=1)
 Planning time: 0.274 ms
 Execution time: 127.290 ms
(8 rows)

===== 185 [Wed Mar  7 03:16:50 CET 2018] scale:1000000 groups:1000 work_mem:16MB incremental:off max_workers:0 =====
SELECT * FROM s_2 ORDER BY a, b, c LIMIT 10000
                                                           QUERY PLAN                                                            
---------------------------------------------------------------------------------------------------------------------------------
 Limit  (cost=87933.56..87933.56 rows=1 width=20) (actual time=127.908..127.908 rows=0 loops=1)
   ->  Limit  (cost=87808.56..87833.56 rows=10000 width=20) (actual time=126.703..127.633 rows=10000 loops=1)
         ->  Sort  (cost=87808.56..90308.56 rows=1000000 width=20) (actual time=126.702..127.090 rows=10000 loops=1)
               Sort Key: s_2.a, s_2.b, s_2.c
               Sort Method: top-N heapsort  Memory: 1550kB
               ->  Seq Scan on s_2  (cost=0.00..16370.00 rows=1000000 width=20) (actual time=0.004..50.231 rows=1000000 loops=1)
 Planning time: 0.281 ms
 Execution time: 128.038 ms
(8 rows)

===== 186 [Wed Mar  7 03:16:50 CET 2018] scale:1000000 groups:1000 work_mem:16MB incremental:off max_workers:0 =====
SELECT * FROM s_3 ORDER BY a, b, c, d LIMIT 10000
                                                           QUERY PLAN                                                            
---------------------------------------------------------------------------------------------------------------------------------
 Limit  (cost=87933.56..87933.56 rows=1 width=20) (actual time=129.499..129.499 rows=0 loops=1)
   ->  Limit  (cost=87808.56..87833.56 rows=10000 width=20) (actual time=128.288..129.224 rows=10000 loops=1)
         ->  Sort  (cost=87808.56..90308.56 rows=1000000 width=20) (actual time=128.288..128.675 rows=10000 loops=1)
               Sort Key: s_3.a, s_3.b, s_3.c, s_3.d
               Sort Method: top-N heapsort  Memory: 1550kB
               ->  Seq Scan on s_3  (cost=0.00..16370.00 rows=1000000 width=20) (actual time=0.004..49.683 rows=1000000 loops=1)
 Planning time: 0.291 ms
 Execution time: 129.626 ms
(8 rows)

===== 187 [Wed Mar  7 03:16:51 CET 2018] scale:1000000 groups:1000 work_mem:32MB incremental:on max_workers:0 =====
SELECT * FROM s_1 ORDER BY a, b LIMIT 10000
                                                                         QUERY PLAN                                                                          
-------------------------------------------------------------------------------------------------------------------------------------------------------------
 Limit  (cost=367.83..367.83 rows=1 width=20) (actual time=5.849..5.849 rows=0 loops=1)
   ->  Limit  (cost=85.01..267.83 rows=10000 width=20) (actual time=0.303..5.577 rows=10000 loops=1)
         ->  Incremental Sort  (cost=85.01..18367.10 rows=1000000 width=20) (actual time=0.303..5.030 rows=10000 loops=1)
               Sort Key: s_1.a, s_1.b
               Presorted Key: s_1.a
               Sort Method: quicksort  Memory: 131kB
               Sort Groups: 11
               ->  Index Only Scan using s_1_a_e_d_c_b_idx on s_1  (cost=0.42..34844.43 rows=1000000 width=20) (actual time=0.025..1.388 rows=10608 loops=1)
                     Heap Fetches: 0
 Planning time: 0.274 ms
 Execution time: 5.878 ms
(11 rows)

===== 188 [Wed Mar  7 03:16:51 CET 2018] scale:1000000 groups:1000 work_mem:32MB incremental:on max_workers:0 =====
SELECT * FROM s_2 ORDER BY a, b, c LIMIT 10000
                                                                         QUERY PLAN                                                                          
-------------------------------------------------------------------------------------------------------------------------------------------------------------
 Limit  (cost=301.08..301.08 rows=1 width=20) (actual time=4.497..4.497 rows=0 loops=1)
   ->  Limit  (cost=0.94..201.08 rows=10000 width=20) (actual time=0.081..4.224 rows=10000 loops=1)
         ->  Incremental Sort  (cost=0.94..20014.96 rows=1000000 width=20) (actual time=0.081..3.667 rows=10000 loops=1)
               Sort Key: s_2.a, s_2.b, s_2.c
               Presorted Key: s_2.a, s_2.b
               Sort Method: quicksort  Memory: 27kB
               Sort Groups: 307
               ->  Index Only Scan using s_2_a_b_e_d_c_idx on s_2  (cost=0.42..34844.43 rows=1000000 width=20) (actual time=0.033..1.300 rows=10005 loops=1)
                     Heap Fetches: 0
 Planning time: 0.284 ms
 Execution time: 4.523 ms
(11 rows)

===== 189 [Wed Mar  7 03:16:51 CET 2018] scale:1000000 groups:1000 work_mem:32MB incremental:on max_workers:0 =====
SELECT * FROM s_3 ORDER BY a, b, c, d LIMIT 10000
                                                                         QUERY PLAN                                                                          
-------------------------------------------------------------------------------------------------------------------------------------------------------------
 Limit  (cost=301.08..301.08 rows=1 width=20) (actual time=3.861..3.861 rows=0 loops=1)
   ->  Limit  (cost=0.94..201.08 rows=10000 width=20) (actual time=0.074..3.588 rows=10000 loops=1)
         ->  Incremental Sort  (cost=0.94..20014.96 rows=1000000 width=20) (actual time=0.074..3.039 rows=10000 loops=1)
               Sort Key: s_3.a, s_3.b, s_3.c, s_3.d
               Presorted Key: s_3.a, s_3.b, s_3.c
               Sort Method: quicksort  Memory: 27kB
               Sort Groups: 313
               ->  Index Only Scan using s_3_a_b_c_e_d_idx on s_3  (cost=0.42..34844.43 rows=1000000 width=20) (actual time=0.029..1.304 rows=10017 loops=1)
                     Heap Fetches: 0
 Planning time: 0.299 ms
 Execution time: 3.886 ms
(11 rows)

===== 190 [Wed Mar  7 03:16:51 CET 2018] scale:1000000 groups:1000 work_mem:32MB incremental:off max_workers:0 =====
SELECT * FROM s_1 ORDER BY a, b LIMIT 10000
                                                           QUERY PLAN                                                            
---------------------------------------------------------------------------------------------------------------------------------
 Limit  (cost=87933.56..87933.56 rows=1 width=20) (actual time=127.157..127.157 rows=0 loops=1)
   ->  Limit  (cost=87808.56..87833.56 rows=10000 width=20) (actual time=125.934..126.879 rows=10000 loops=1)
         ->  Sort  (cost=87808.56..90308.56 rows=1000000 width=20) (actual time=125.934..126.333 rows=10000 loops=1)
               Sort Key: s_1.a, s_1.b
               Sort Method: top-N heapsort  Memory: 1580kB
               ->  Seq Scan on s_1  (cost=0.00..16370.00 rows=1000000 width=20) (actual time=0.007..50.223 rows=1000000 loops=1)
 Planning time: 0.277 ms
 Execution time: 127.285 ms
(8 rows)

===== 191 [Wed Mar  7 03:16:52 CET 2018] scale:1000000 groups:1000 work_mem:32MB incremental:off max_workers:0 =====
SELECT * FROM s_2 ORDER BY a, b, c LIMIT 10000
                                                           QUERY PLAN                                                            
---------------------------------------------------------------------------------------------------------------------------------
 Limit  (cost=87933.56..87933.56 rows=1 width=20) (actual time=127.953..127.953 rows=0 loops=1)
   ->  Limit  (cost=87808.56..87833.56 rows=10000 width=20) (actual time=126.757..127.683 rows=10000 loops=1)
         ->  Sort  (cost=87808.56..90308.56 rows=1000000 width=20) (actual time=126.756..127.141 rows=10000 loops=1)
               Sort Key: s_2.a, s_2.b, s_2.c
               Sort Method: top-N heapsort  Memory: 1550kB
               ->  Seq Scan on s_2  (cost=0.00..16370.00 rows=1000000 width=20) (actual time=0.004..50.284 rows=1000000 loops=1)
 Planning time: 0.281 ms
 Execution time: 128.080 ms
(8 rows)

===== 192 [Wed Mar  7 03:16:53 CET 2018] scale:1000000 groups:1000 work_mem:32MB incremental:off max_workers:0 =====
SELECT * FROM s_3 ORDER BY a, b, c, d LIMIT 10000
                                                           QUERY PLAN                                                            
---------------------------------------------------------------------------------------------------------------------------------
 Limit  (cost=87933.56..87933.56 rows=1 width=20) (actual time=129.499..129.499 rows=0 loops=1)
   ->  Limit  (cost=87808.56..87833.56 rows=10000 width=20) (actual time=128.294..129.224 rows=10000 loops=1)
         ->  Sort  (cost=87808.56..90308.56 rows=1000000 width=20) (actual time=128.293..128.677 rows=10000 loops=1)
               Sort Key: s_3.a, s_3.b, s_3.c, s_3.d
               Sort Method: top-N heapsort  Memory: 1550kB
               ->  Seq Scan on s_3  (cost=0.00..16370.00 rows=1000000 width=20) (actual time=0.004..49.736 rows=1000000 loops=1)
 Planning time: 0.289 ms
 Execution time: 129.625 ms
(8 rows)

===== 193 [Wed Mar  7 03:16:53 CET 2018] scale:1000000 groups:1000 work_mem:64MB incremental:on max_workers:0 =====
SELECT * FROM s_1 ORDER BY a, b LIMIT 10000
                                                                         QUERY PLAN                                                                          
-------------------------------------------------------------------------------------------------------------------------------------------------------------
 Limit  (cost=367.83..367.83 rows=1 width=20) (actual time=5.855..5.855 rows=0 loops=1)
   ->  Limit  (cost=85.01..267.83 rows=10000 width=20) (actual time=0.311..5.585 rows=10000 loops=1)
         ->  Incremental Sort  (cost=85.01..18367.10 rows=1000000 width=20) (actual time=0.311..5.033 rows=10000 loops=1)
               Sort Key: s_1.a, s_1.b
               Presorted Key: s_1.a
               Sort Method: quicksort  Memory: 131kB
               Sort Groups: 11
               ->  Index Only Scan using s_1_a_e_d_c_b_idx on s_1  (cost=0.42..34844.43 rows=1000000 width=20) (actual time=0.025..1.388 rows=10608 loops=1)
                     Heap Fetches: 0
 Planning time: 0.283 ms
 Execution time: 5.886 ms
(11 rows)

===== 194 [Wed Mar  7 03:16:53 CET 2018] scale:1000000 groups:1000 work_mem:64MB incremental:on max_workers:0 =====
SELECT * FROM s_2 ORDER BY a, b, c LIMIT 10000
                                                                         QUERY PLAN                                                                          
-------------------------------------------------------------------------------------------------------------------------------------------------------------
 Limit  (cost=301.08..301.08 rows=1 width=20) (actual time=4.491..4.491 rows=0 loops=1)
   ->  Limit  (cost=0.94..201.08 rows=10000 width=20) (actual time=0.084..4.215 rows=10000 loops=1)
         ->  Incremental Sort  (cost=0.94..20014.96 rows=1000000 width=20) (actual time=0.083..3.667 rows=10000 loops=1)
               Sort Key: s_2.a, s_2.b, s_2.c
               Presorted Key: s_2.a, s_2.b
               Sort Method: quicksort  Memory: 27kB
               Sort Groups: 307
               ->  Index Only Scan using s_2_a_b_e_d_c_idx on s_2  (cost=0.42..34844.43 rows=1000000 width=20) (actual time=0.033..1.306 rows=10005 loops=1)
                     Heap Fetches: 0
 Planning time: 0.282 ms
 Execution time: 4.516 ms
(11 rows)

===== 195 [Wed Mar  7 03:16:54 CET 2018] scale:1000000 groups:1000 work_mem:64MB incremental:on max_workers:0 =====
SELECT * FROM s_3 ORDER BY a, b, c, d LIMIT 10000
                                                                         QUERY PLAN                                                                          
-------------------------------------------------------------------------------------------------------------------------------------------------------------
 Limit  (cost=301.08..301.08 rows=1 width=20) (actual time=3.868..3.868 rows=0 loops=1)
   ->  Limit  (cost=0.94..201.08 rows=10000 width=20) (actual time=0.075..3.593 rows=10000 loops=1)
         ->  Incremental Sort  (cost=0.94..20014.96 rows=1000000 width=20) (actual time=0.075..3.039 rows=10000 loops=1)
               Sort Key: s_3.a, s_3.b, s_3.c, s_3.d
               Presorted Key: s_3.a, s_3.b, s_3.c
               Sort Method: quicksort  Memory: 27kB
               Sort Groups: 313
               ->  Index Only Scan using s_3_a_b_c_e_d_idx on s_3  (cost=0.42..34844.43 rows=1000000 width=20) (actual time=0.029..1.302 rows=10017 loops=1)
                     Heap Fetches: 0
 Planning time: 0.305 ms
 Execution time: 3.893 ms
(11 rows)

===== 196 [Wed Mar  7 03:16:54 CET 2018] scale:1000000 groups:1000 work_mem:64MB incremental:off max_workers:0 =====
SELECT * FROM s_1 ORDER BY a, b LIMIT 10000
                                                           QUERY PLAN                                                            
---------------------------------------------------------------------------------------------------------------------------------
 Limit  (cost=87933.56..87933.56 rows=1 width=20) (actual time=127.210..127.210 rows=0 loops=1)
   ->  Limit  (cost=87808.56..87833.56 rows=10000 width=20) (actual time=125.981..126.931 rows=10000 loops=1)
         ->  Sort  (cost=87808.56..90308.56 rows=1000000 width=20) (actual time=125.981..126.384 rows=10000 loops=1)
               Sort Key: s_1.a, s_1.b
               Sort Method: top-N heapsort  Memory: 1580kB
               ->  Seq Scan on s_1  (cost=0.00..16370.00 rows=1000000 width=20) (actual time=0.007..50.274 rows=1000000 loops=1)
 Planning time: 0.277 ms
 Execution time: 127.339 ms
(8 rows)

===== 197 [Wed Mar  7 03:16:54 CET 2018] scale:1000000 groups:1000 work_mem:64MB incremental:off max_workers:0 =====
SELECT * FROM s_2 ORDER BY a, b, c LIMIT 10000
                                                           QUERY PLAN                                                            
---------------------------------------------------------------------------------------------------------------------------------
 Limit  (cost=87933.56..87933.56 rows=1 width=20) (actual time=127.992..127.992 rows=0 loops=1)
   ->  Limit  (cost=87808.56..87833.56 rows=10000 width=20) (actual time=126.787..127.717 rows=10000 loops=1)
         ->  Sort  (cost=87808.56..90308.56 rows=1000000 width=20) (actual time=126.786..127.173 rows=10000 loops=1)
               Sort Key: s_2.a, s_2.b, s_2.c
               Sort Method: top-N heapsort  Memory: 1550kB
               ->  Seq Scan on s_2  (cost=0.00..16370.00 rows=1000000 width=20) (actual time=0.004..50.275 rows=1000000 loops=1)
 Planning time: 0.288 ms
 Execution time: 128.122 ms
(8 rows)

===== 198 [Wed Mar  7 03:16:55 CET 2018] scale:1000000 groups:1000 work_mem:64MB incremental:off max_workers:0 =====
SELECT * FROM s_3 ORDER BY a, b, c, d LIMIT 10000
                                                           QUERY PLAN                                                            
---------------------------------------------------------------------------------------------------------------------------------
 Limit  (cost=87933.56..87933.56 rows=1 width=20) (actual time=129.519..129.519 rows=0 loops=1)
   ->  Limit  (cost=87808.56..87833.56 rows=10000 width=20) (actual time=128.315..129.244 rows=10000 loops=1)
         ->  Sort  (cost=87808.56..90308.56 rows=1000000 width=20) (actual time=128.315..128.700 rows=10000 loops=1)
               Sort Key: s_3.a, s_3.b, s_3.c, s_3.d
               Sort Method: top-N heapsort  Memory: 1550kB
               ->  Seq Scan on s_3  (cost=0.00..16370.00 rows=1000000 width=20) (actual time=0.004..49.702 rows=1000000 loops=1)
 Planning time: 0.297 ms
 Execution time: 129.648 ms
(8 rows)

===== 199 [Wed Mar  7 03:16:56 CET 2018] scale:1000000 groups:1000 work_mem:128MB incremental:on max_workers:0 =====
SELECT * FROM s_1 ORDER BY a, b LIMIT 10000
                                                                         QUERY PLAN                                                                          
-------------------------------------------------------------------------------------------------------------------------------------------------------------
 Limit  (cost=367.83..367.83 rows=1 width=20) (actual time=5.859..5.859 rows=0 loops=1)
   ->  Limit  (cost=85.01..267.83 rows=10000 width=20) (actual time=0.317..5.588 rows=10000 loops=1)
         ->  Incremental Sort  (cost=85.01..18367.10 rows=1000000 width=20) (actual time=0.317..5.041 rows=10000 loops=1)
               Sort Key: s_1.a, s_1.b
               Presorted Key: s_1.a
               Sort Method: quicksort  Memory: 131kB
               Sort Groups: 11
               ->  Index Only Scan using s_1_a_e_d_c_b_idx on s_1  (cost=0.42..34844.43 rows=1000000 width=20) (actual time=0.024..1.398 rows=10608 loops=1)
                     Heap Fetches: 0
 Planning time: 0.279 ms
 Execution time: 5.889 ms
(11 rows)

===== 200 [Wed Mar  7 03:16:56 CET 2018] scale:1000000 groups:1000 work_mem:128MB incremental:on max_workers:0 =====
SELECT * FROM s_2 ORDER BY a, b, c LIMIT 10000
                                                                         QUERY PLAN                                                                          
-------------------------------------------------------------------------------------------------------------------------------------------------------------
 Limit  (cost=301.08..301.08 rows=1 width=20) (actual time=4.496..4.496 rows=0 loops=1)
   ->  Limit  (cost=0.94..201.08 rows=10000 width=20) (actual time=0.083..4.218 rows=10000 loops=1)
         ->  Incremental Sort  (cost=0.94..20014.96 rows=1000000 width=20) (actual time=0.082..3.668 rows=10000 loops=1)
               Sort Key: s_2.a, s_2.b, s_2.c
               Presorted Key: s_2.a, s_2.b
               Sort Method: quicksort  Memory: 27kB
               Sort Groups: 307
               ->  Index Only Scan using s_2_a_b_e_d_c_idx on s_2  (cost=0.42..34844.43 rows=1000000 width=20) (actual time=0.032..1.302 rows=10005 loops=1)
                     Heap Fetches: 0
 Planning time: 0.282 ms
 Execution time: 4.521 ms
(11 rows)

===== 201 [Wed Mar  7 03:16:56 CET 2018] scale:1000000 groups:1000 work_mem:128MB incremental:on max_workers:0 =====
SELECT * FROM s_3 ORDER BY a, b, c, d LIMIT 10000
                                                                         QUERY PLAN                                                                          
-------------------------------------------------------------------------------------------------------------------------------------------------------------
 Limit  (cost=301.08..301.08 rows=1 width=20) (actual time=3.869..3.869 rows=0 loops=1)
   ->  Limit  (cost=0.94..201.08 rows=10000 width=20) (actual time=0.074..3.597 rows=10000 loops=1)
         ->  Incremental Sort  (cost=0.94..20014.96 rows=1000000 width=20) (actual time=0.074..3.046 rows=10000 loops=1)
               Sort Key: s_3.a, s_3.b, s_3.c, s_3.d
               Presorted Key: s_3.a, s_3.b, s_3.c
               Sort Method: quicksort  Memory: 27kB
               Sort Groups: 313
               ->  Index Only Scan using s_3_a_b_c_e_d_idx on s_3  (cost=0.42..34844.43 rows=1000000 width=20) (actual time=0.029..1.304 rows=10017 loops=1)
                     Heap Fetches: 0
 Planning time: 0.297 ms
 Execution time: 3.894 ms
(11 rows)

===== 202 [Wed Mar  7 03:16:56 CET 2018] scale:1000000 groups:1000 work_mem:128MB incremental:off max_workers:0 =====
SELECT * FROM s_1 ORDER BY a, b LIMIT 10000
                                                           QUERY PLAN                                                            
---------------------------------------------------------------------------------------------------------------------------------
 Limit  (cost=87933.56..87933.56 rows=1 width=20) (actual time=127.122..127.122 rows=0 loops=1)
   ->  Limit  (cost=87808.56..87833.56 rows=10000 width=20) (actual time=125.899..126.845 rows=10000 loops=1)
         ->  Sort  (cost=87808.56..90308.56 rows=1000000 width=20) (actual time=125.898..126.296 rows=10000 loops=1)
               Sort Key: s_1.a, s_1.b
               Sort Method: top-N heapsort  Memory: 1580kB
               ->  Seq Scan on s_1  (cost=0.00..16370.00 rows=1000000 width=20) (actual time=0.007..50.229 rows=1000000 loops=1)
 Planning time: 0.281 ms
 Execution time: 127.253 ms
(8 rows)

===== 203 [Wed Mar  7 03:16:56 CET 2018] scale:1000000 groups:1000 work_mem:128MB incremental:off max_workers:0 =====
SELECT * FROM s_2 ORDER BY a, b, c LIMIT 10000
                                                           QUERY PLAN                                                            
---------------------------------------------------------------------------------------------------------------------------------
 Limit  (cost=87933.56..87933.56 rows=1 width=20) (actual time=127.937..127.937 rows=0 loops=1)
   ->  Limit  (cost=87808.56..87833.56 rows=10000 width=20) (actual time=126.735..127.663 rows=10000 loops=1)
         ->  Sort  (cost=87808.56..90308.56 rows=1000000 width=20) (actual time=126.735..127.119 rows=10000 loops=1)
               Sort Key: s_2.a, s_2.b, s_2.c
               Sort Method: top-N heapsort  Memory: 1550kB
               ->  Seq Scan on s_2  (cost=0.00..16370.00 rows=1000000 width=20) (actual time=0.004..50.269 rows=1000000 loops=1)
 Planning time: 0.285 ms
 Execution time: 128.071 ms
(8 rows)

===== 204 [Wed Mar  7 03:16:57 CET 2018] scale:1000000 groups:1000 work_mem:128MB incremental:off max_workers:0 =====
SELECT * FROM s_3 ORDER BY a, b, c, d LIMIT 10000
                                                           QUERY PLAN                                                            
---------------------------------------------------------------------------------------------------------------------------------
 Limit  (cost=87933.56..87933.56 rows=1 width=20) (actual time=129.506..129.506 rows=0 loops=1)
   ->  Limit  (cost=87808.56..87833.56 rows=10000 width=20) (actual time=128.298..129.230 rows=10000 loops=1)
         ->  Sort  (cost=87808.56..90308.56 rows=1000000 width=20) (actual time=128.297..128.684 rows=10000 loops=1)
               Sort Key: s_3.a, s_3.b, s_3.c, s_3.d
               Sort Method: top-N heapsort  Memory: 1550kB
               ->  Seq Scan on s_3  (cost=0.00..16370.00 rows=1000000 width=20) (actual time=0.004..49.720 rows=1000000 loops=1)
 Planning time: 0.295 ms
 Execution time: 129.633 ms
(8 rows)

===== 205 [Wed Mar  7 03:16:58 CET 2018] scale:1000000 groups:1000 work_mem:256MB incremental:on max_workers:0 =====
SELECT * FROM s_1 ORDER BY a, b LIMIT 10000
                                                                         QUERY PLAN                                                                          
-------------------------------------------------------------------------------------------------------------------------------------------------------------
 Limit  (cost=367.83..367.83 rows=1 width=20) (actual time=5.843..5.843 rows=0 loops=1)
   ->  Limit  (cost=85.01..267.83 rows=10000 width=20) (actual time=0.306..5.571 rows=10000 loops=1)
         ->  Incremental Sort  (cost=85.01..18367.10 rows=1000000 width=20) (actual time=0.306..5.021 rows=10000 loops=1)
               Sort Key: s_1.a, s_1.b
               Presorted Key: s_1.a
               Sort Method: quicksort  Memory: 131kB
               Sort Groups: 11
               ->  Index Only Scan using s_1_a_e_d_c_b_idx on s_1  (cost=0.42..34844.43 rows=1000000 width=20) (actual time=0.025..1.385 rows=10608 loops=1)
                     Heap Fetches: 0
 Planning time: 0.287 ms
 Execution time: 5.873 ms
(11 rows)

===== 206 [Wed Mar  7 03:16:58 CET 2018] scale:1000000 groups:1000 work_mem:256MB incremental:on max_workers:0 =====
SELECT * FROM s_2 ORDER BY a, b, c LIMIT 10000
                                                                         QUERY PLAN                                                                          
-------------------------------------------------------------------------------------------------------------------------------------------------------------
 Limit  (cost=301.08..301.08 rows=1 width=20) (actual time=4.490..4.490 rows=0 loops=1)
   ->  Limit  (cost=0.94..201.08 rows=10000 width=20) (actual time=0.082..4.216 rows=10000 loops=1)
         ->  Incremental Sort  (cost=0.94..20014.96 rows=1000000 width=20) (actual time=0.082..3.662 rows=10000 loops=1)
               Sort Key: s_2.a, s_2.b, s_2.c
               Presorted Key: s_2.a, s_2.b
               Sort Method: quicksort  Memory: 27kB
               Sort Groups: 307
               ->  Index Only Scan using s_2_a_b_e_d_c_idx on s_2  (cost=0.42..34844.43 rows=1000000 width=20) (actual time=0.033..1.297 rows=10005 loops=1)
                     Heap Fetches: 0
 Planning time: 0.282 ms
 Execution time: 4.515 ms
(11 rows)

===== 207 [Wed Mar  7 03:16:58 CET 2018] scale:1000000 groups:1000 work_mem:256MB incremental:on max_workers:0 =====
SELECT * FROM s_3 ORDER BY a, b, c, d LIMIT 10000
                                                                         QUERY PLAN                                                                          
-------------------------------------------------------------------------------------------------------------------------------------------------------------
 Limit  (cost=301.08..301.08 rows=1 width=20) (actual time=3.870..3.870 rows=0 loops=1)
   ->  Limit  (cost=0.94..201.08 rows=10000 width=20) (actual time=0.075..3.597 rows=10000 loops=1)
         ->  Incremental Sort  (cost=0.94..20014.96 rows=1000000 width=20) (actual time=0.075..3.044 rows=10000 loops=1)
               Sort Key: s_3.a, s_3.b, s_3.c, s_3.d
               Presorted Key: s_3.a, s_3.b, s_3.c
               Sort Method: quicksort  Memory: 27kB
               Sort Groups: 313
               ->  Index Only Scan using s_3_a_b_c_e_d_idx on s_3  (cost=0.42..34844.43 rows=1000000 width=20) (actual time=0.030..1.303 rows=10017 loops=1)
                     Heap Fetches: 0
 Planning time: 0.304 ms
 Execution time: 3.896 ms
(11 rows)

===== 208 [Wed Mar  7 03:16:58 CET 2018] scale:1000000 groups:1000 work_mem:256MB incremental:off max_workers:0 =====
SELECT * FROM s_1 ORDER BY a, b LIMIT 10000
                                                           QUERY PLAN                                                            
---------------------------------------------------------------------------------------------------------------------------------
 Limit  (cost=87933.56..87933.56 rows=1 width=20) (actual time=127.233..127.233 rows=0 loops=1)
   ->  Limit  (cost=87808.56..87833.56 rows=10000 width=20) (actual time=126.008..126.957 rows=10000 loops=1)
         ->  Sort  (cost=87808.56..90308.56 rows=1000000 width=20) (actual time=126.008..126.409 rows=10000 loops=1)
               Sort Key: s_1.a, s_1.b
               Sort Method: top-N heapsort  Memory: 1580kB
               ->  Seq Scan on s_1  (cost=0.00..16370.00 rows=1000000 width=20) (actual time=0.007..50.266 rows=1000000 loops=1)
 Planning time: 0.278 ms
 Execution time: 127.360 ms
(8 rows)

===== 209 [Wed Mar  7 03:16:59 CET 2018] scale:1000000 groups:1000 work_mem:256MB incremental:off max_workers:0 =====
SELECT * FROM s_2 ORDER BY a, b, c LIMIT 10000
                                                           QUERY PLAN                                                            
---------------------------------------------------------------------------------------------------------------------------------
 Limit  (cost=87933.56..87933.56 rows=1 width=20) (actual time=127.956..127.956 rows=0 loops=1)
   ->  Limit  (cost=87808.56..87833.56 rows=10000 width=20) (actual time=126.754..127.681 rows=10000 loops=1)
         ->  Sort  (cost=87808.56..90308.56 rows=1000000 width=20) (actual time=126.753..127.136 rows=10000 loops=1)
               Sort Key: s_2.a, s_2.b, s_2.c
               Sort Method: top-N heapsort  Memory: 1550kB
               ->  Seq Scan on s_2  (cost=0.00..16370.00 rows=1000000 width=20) (actual time=0.004..50.271 rows=1000000 loops=1)
 Planning time: 0.284 ms
 Execution time: 128.086 ms
(8 rows)

===== 210 [Wed Mar  7 03:16:59 CET 2018] scale:1000000 groups:1000 work_mem:256MB incremental:off max_workers:0 =====
SELECT * FROM s_3 ORDER BY a, b, c, d LIMIT 10000
                                                           QUERY PLAN                                                            
---------------------------------------------------------------------------------------------------------------------------------
 Limit  (cost=87933.56..87933.56 rows=1 width=20) (actual time=129.496..129.496 rows=0 loops=1)
   ->  Limit  (cost=87808.56..87833.56 rows=10000 width=20) (actual time=128.290..129.221 rows=10000 loops=1)
         ->  Sort  (cost=87808.56..90308.56 rows=1000000 width=20) (actual time=128.290..128.676 rows=10000 loops=1)
               Sort Key: s_3.a, s_3.b, s_3.c, s_3.d
               Sort Method: top-N heapsort  Memory: 1550kB
               ->  Seq Scan on s_3  (cost=0.00..16370.00 rows=1000000 width=20) (actual time=0.004..49.718 rows=1000000 loops=1)
 Planning time: 0.295 ms
 Execution time: 129.623 ms
(8 rows)

===== 211 [Wed Mar  7 03:17:00 CET 2018] scale:1000000 groups:1000 work_mem:4MB incremental:on max_workers:2 =====
SELECT * FROM s_1 ORDER BY a, b LIMIT 10000
                                                                         QUERY PLAN                                                                          
-------------------------------------------------------------------------------------------------------------------------------------------------------------
 Limit  (cost=367.83..367.83 rows=1 width=20) (actual time=5.850..5.850 rows=0 loops=1)
   ->  Limit  (cost=85.01..267.83 rows=10000 width=20) (actual time=0.309..5.578 rows=10000 loops=1)
         ->  Incremental Sort  (cost=85.01..18367.10 rows=1000000 width=20) (actual time=0.309..5.031 rows=10000 loops=1)
               Sort Key: s_1.a, s_1.b
               Presorted Key: s_1.a
               Sort Method: quicksort  Memory: 131kB
               Sort Groups: 11
               ->  Index Only Scan using s_1_a_e_d_c_b_idx on s_1  (cost=0.42..34844.43 rows=1000000 width=20) (actual time=0.024..1.385 rows=10608 loops=1)
                     Heap Fetches: 0
 Planning time: 0.285 ms
 Execution time: 5.879 ms
(11 rows)

===== 212 [Wed Mar  7 03:17:00 CET 2018] scale:1000000 groups:1000 work_mem:4MB incremental:on max_workers:2 =====
SELECT * FROM s_2 ORDER BY a, b, c LIMIT 10000
                                                                         QUERY PLAN                                                                          
-------------------------------------------------------------------------------------------------------------------------------------------------------------
 Limit  (cost=301.08..301.08 rows=1 width=20) (actual time=4.494..4.494 rows=0 loops=1)
   ->  Limit  (cost=0.94..201.08 rows=10000 width=20) (actual time=0.083..4.220 rows=10000 loops=1)
         ->  Incremental Sort  (cost=0.94..20014.96 rows=1000000 width=20) (actual time=0.083..3.664 rows=10000 loops=1)
               Sort Key: s_2.a, s_2.b, s_2.c
               Presorted Key: s_2.a, s_2.b
               Sort Method: quicksort  Memory: 27kB
               Sort Groups: 307
               ->  Index Only Scan using s_2_a_b_e_d_c_idx on s_2  (cost=0.42..34844.43 rows=1000000 width=20) (actual time=0.032..1.300 rows=10005 loops=1)
                     Heap Fetches: 0
 Planning time: 0.290 ms
 Execution time: 4.522 ms
(11 rows)

===== 213 [Wed Mar  7 03:17:00 CET 2018] scale:1000000 groups:1000 work_mem:4MB incremental:on max_workers:2 =====
SELECT * FROM s_3 ORDER BY a, b, c, d LIMIT 10000
                                                                         QUERY PLAN                                                                          
-------------------------------------------------------------------------------------------------------------------------------------------------------------
 Limit  (cost=301.08..301.08 rows=1 width=20) (actual time=3.858..3.858 rows=0 loops=1)
   ->  Limit  (cost=0.94..201.08 rows=10000 width=20) (actual time=0.075..3.585 rows=10000 loops=1)
         ->  Incremental Sort  (cost=0.94..20014.96 rows=1000000 width=20) (actual time=0.074..3.036 rows=10000 loops=1)
               Sort Key: s_3.a, s_3.b, s_3.c, s_3.d
               Presorted Key: s_3.a, s_3.b, s_3.c
               Sort Method: quicksort  Memory: 27kB
               Sort Groups: 313
               ->  Index Only Scan using s_3_a_b_c_e_d_idx on s_3  (cost=0.42..34844.43 rows=1000000 width=20) (actual time=0.030..1.301 rows=10017 loops=1)
                     Heap Fetches: 0
 Planning time: 0.305 ms
 Execution time: 3.884 ms
(11 rows)

===== 214 [Wed Mar  7 03:17:00 CET 2018] scale:1000000 groups:1000 work_mem:4MB incremental:off max_workers:2 =====
SELECT * FROM s_1 ORDER BY a, b LIMIT 10000
                                                                  QUERY PLAN                                                                  
----------------------------------------------------------------------------------------------------------------------------------------------
 Limit  (cost=42569.53..42569.53 rows=1 width=20) (actual time=51.139..51.139 rows=0 loops=1)
   ->  Limit  (cost=41302.78..42469.53 rows=10000 width=20) (actual time=48.903..50.857 rows=10000 loops=1)
         ->  Gather Merge  (cost=41302.78..138531.87 rows=833334 width=20) (actual time=48.902..50.295 rows=10000 loops=1)
               Workers Planned: 2
               Workers Launched: 2
               ->  Sort  (cost=40302.76..41344.43 rows=416667 width=20) (actual time=47.315..47.487 rows=4113 loops=3)
                     Sort Key: s_1.a, s_1.b
                     Sort Method: top-N heapsort  Memory: 1580kB
                     Worker 0:  Sort Method: top-N heapsort  Memory: 1564kB
                     Worker 1:  Sort Method: top-N heapsort  Memory: 1556kB
                     ->  Parallel Seq Scan on s_1  (cost=0.00..10536.67 rows=416667 width=20) (actual time=0.006..18.473 rows=333333 loops=3)
 Planning time: 0.291 ms
 Execution time: 53.154 ms
(13 rows)

===== 215 [Wed Mar  7 03:17:01 CET 2018] scale:1000000 groups:1000 work_mem:4MB incremental:off max_workers:2 =====
SELECT * FROM s_2 ORDER BY a, b, c LIMIT 10000
                                                                  QUERY PLAN                                                                  
----------------------------------------------------------------------------------------------------------------------------------------------
 Limit  (cost=42569.53..42569.53 rows=1 width=20) (actual time=51.143..51.143 rows=0 loops=1)
   ->  Limit  (cost=41302.78..42469.53 rows=10000 width=20) (actual time=48.929..50.852 rows=10000 loops=1)
         ->  Gather Merge  (cost=41302.78..138531.87 rows=833334 width=20) (actual time=48.929..50.296 rows=10000 loops=1)
               Workers Planned: 2
               Workers Launched: 2
               ->  Sort  (cost=40302.76..41344.43 rows=416667 width=20) (actual time=47.424..47.590 rows=4113 loops=3)
                     Sort Key: s_2.a, s_2.b, s_2.c
                     Sort Method: top-N heapsort  Memory: 1550kB
                     Worker 0:  Sort Method: top-N heapsort  Memory: 1550kB
                     Worker 1:  Sort Method: top-N heapsort  Memory: 1550kB
                     ->  Parallel Seq Scan on s_2  (cost=0.00..10536.67 rows=416667 width=20) (actual time=0.006..18.471 rows=333333 loops=3)
 Planning time: 0.299 ms
 Execution time: 53.127 ms
(13 rows)

===== 216 [Wed Mar  7 03:17:01 CET 2018] scale:1000000 groups:1000 work_mem:4MB incremental:off max_workers:2 =====
SELECT * FROM s_3 ORDER BY a, b, c, d LIMIT 10000
                                                                  QUERY PLAN                                                                  
----------------------------------------------------------------------------------------------------------------------------------------------
 Limit  (cost=42569.53..42569.53 rows=1 width=20) (actual time=51.546..51.546 rows=0 loops=1)
   ->  Limit  (cost=41302.78..42469.53 rows=10000 width=20) (actual time=49.349..51.268 rows=10000 loops=1)
         ->  Gather Merge  (cost=41302.78..138531.87 rows=833334 width=20) (actual time=49.349..50.715 rows=10000 loops=1)
               Workers Planned: 2
               Workers Launched: 2
               ->  Sort  (cost=40302.76..41344.43 rows=416667 width=20) (actual time=47.807..47.975 rows=4113 loops=3)
                     Sort Key: s_3.a, s_3.b, s_3.c, s_3.d
                     Sort Method: top-N heapsort  Memory: 1550kB
                     Worker 0:  Sort Method: top-N heapsort  Memory: 1550kB
                     Worker 1:  Sort Method: top-N heapsort  Memory: 1550kB
                     ->  Parallel Seq Scan on s_3  (cost=0.00..10536.67 rows=416667 width=20) (actual time=0.007..18.588 rows=333333 loops=3)
 Planning time: 0.302 ms
 Execution time: 53.614 ms
(13 rows)

===== 217 [Wed Mar  7 03:17:01 CET 2018] scale:1000000 groups:1000 work_mem:8MB incremental:on max_workers:2 =====
SELECT * FROM s_1 ORDER BY a, b LIMIT 10000
                                                                         QUERY PLAN                                                                          
-------------------------------------------------------------------------------------------------------------------------------------------------------------
 Limit  (cost=367.83..367.83 rows=1 width=20) (actual time=5.856..5.856 rows=0 loops=1)
   ->  Limit  (cost=85.01..267.83 rows=10000 width=20) (actual time=0.312..5.581 rows=10000 loops=1)
         ->  Incremental Sort  (cost=85.01..18367.10 rows=1000000 width=20) (actual time=0.311..5.034 rows=10000 loops=1)
               Sort Key: s_1.a, s_1.b
               Presorted Key: s_1.a
               Sort Method: quicksort  Memory: 131kB
               Sort Groups: 11
               ->  Index Only Scan using s_1_a_e_d_c_b_idx on s_1  (cost=0.42..34844.43 rows=1000000 width=20) (actual time=0.024..1.389 rows=10608 loops=1)
                     Heap Fetches: 0
 Planning time: 0.283 ms
 Execution time: 5.885 ms
(11 rows)

===== 218 [Wed Mar  7 03:17:01 CET 2018] scale:1000000 groups:1000 work_mem:8MB incremental:on max_workers:2 =====
SELECT * FROM s_2 ORDER BY a, b, c LIMIT 10000
                                                                         QUERY PLAN                                                                          
-------------------------------------------------------------------------------------------------------------------------------------------------------------
 Limit  (cost=301.08..301.08 rows=1 width=20) (actual time=4.491..4.491 rows=0 loops=1)
   ->  Limit  (cost=0.94..201.08 rows=10000 width=20) (actual time=0.082..4.213 rows=10000 loops=1)
         ->  Incremental Sort  (cost=0.94..20014.96 rows=1000000 width=20) (actual time=0.082..3.665 rows=10000 loops=1)
               Sort Key: s_2.a, s_2.b, s_2.c
               Presorted Key: s_2.a, s_2.b
               Sort Method: quicksort  Memory: 27kB
               Sort Groups: 307
               ->  Index Only Scan using s_2_a_b_e_d_c_idx on s_2  (cost=0.42..34844.43 rows=1000000 width=20) (actual time=0.033..1.305 rows=10005 loops=1)
                     Heap Fetches: 0
 Planning time: 0.294 ms
 Execution time: 4.520 ms
(11 rows)

===== 219 [Wed Mar  7 03:17:01 CET 2018] scale:1000000 groups:1000 work_mem:8MB incremental:on max_workers:2 =====
SELECT * FROM s_3 ORDER BY a, b, c, d LIMIT 10000
                                                                         QUERY PLAN                                                                          
-------------------------------------------------------------------------------------------------------------------------------------------------------------
 Limit  (cost=301.08..301.08 rows=1 width=20) (actual time=3.868..3.868 rows=0 loops=1)
   ->  Limit  (cost=0.94..201.08 rows=10000 width=20) (actual time=0.080..3.592 rows=10000 loops=1)
         ->  Incremental Sort  (cost=0.94..20014.96 rows=1000000 width=20) (actual time=0.080..3.042 rows=10000 loops=1)
               Sort Key: s_3.a, s_3.b, s_3.c, s_3.d
               Presorted Key: s_3.a, s_3.b, s_3.c
               Sort Method: quicksort  Memory: 27kB
               Sort Groups: 313
               ->  Index Only Scan using s_3_a_b_c_e_d_idx on s_3  (cost=0.42..34844.43 rows=1000000 width=20) (actual time=0.029..1.299 rows=10017 loops=1)
                     Heap Fetches: 0
 Planning time: 0.299 ms
 Execution time: 3.892 ms
(11 rows)

===== 220 [Wed Mar  7 03:17:02 CET 2018] scale:1000000 groups:1000 work_mem:8MB incremental:off max_workers:2 =====
SELECT * FROM s_1 ORDER BY a, b LIMIT 10000
                                                                  QUERY PLAN                                                                  
----------------------------------------------------------------------------------------------------------------------------------------------
 Limit  (cost=42569.53..42569.53 rows=1 width=20) (actual time=50.852..50.852 rows=0 loops=1)
   ->  Limit  (cost=41302.78..42469.53 rows=10000 width=20) (actual time=48.635..50.575 rows=10000 loops=1)
         ->  Gather Merge  (cost=41302.78..138531.87 rows=833334 width=20) (actual time=48.635..50.014 rows=10000 loops=1)
               Workers Planned: 2
               Workers Launched: 2
               ->  Sort  (cost=40302.76..41344.43 rows=416667 width=20) (actual time=46.739..46.910 rows=4113 loops=3)
                     Sort Key: s_1.a, s_1.b
                     Sort Method: top-N heapsort  Memory: 1580kB
                     Worker 0:  Sort Method: top-N heapsort  Memory: 1550kB
                     Worker 1:  Sort Method: top-N heapsort  Memory: 1559kB
                     ->  Parallel Seq Scan on s_1  (cost=0.00..10536.67 rows=416667 width=20) (actual time=0.006..18.522 rows=333333 loops=3)
 Planning time: 0.296 ms
 Execution time: 52.783 ms
(13 rows)

===== 221 [Wed Mar  7 03:17:02 CET 2018] scale:1000000 groups:1000 work_mem:8MB incremental:off max_workers:2 =====
SELECT * FROM s_2 ORDER BY a, b, c LIMIT 10000
                                                                  QUERY PLAN                                                                  
----------------------------------------------------------------------------------------------------------------------------------------------
 Limit  (cost=42569.53..42569.53 rows=1 width=20) (actual time=51.159..51.159 rows=0 loops=1)
   ->  Limit  (cost=41302.78..42469.53 rows=10000 width=20) (actual time=48.947..50.872 rows=10000 loops=1)
         ->  Gather Merge  (cost=41302.78..138531.87 rows=833334 width=20) (actual time=48.946..50.312 rows=10000 loops=1)
               Workers Planned: 2
               Workers Launched: 2
               ->  Sort  (cost=40302.76..41344.43 rows=416667 width=20) (actual time=47.404..47.571 rows=4113 loops=3)
                     Sort Key: s_2.a, s_2.b, s_2.c
                     Sort Method: top-N heapsort  Memory: 1550kB
                     Worker 0:  Sort Method: top-N heapsort  Memory: 1550kB
                     Worker 1:  Sort Method: top-N heapsort  Memory: 1550kB
                     ->  Parallel Seq Scan on s_2  (cost=0.00..10536.67 rows=416667 width=20) (actual time=0.009..18.451 rows=333333 loops=3)
 Planning time: 0.306 ms
 Execution time: 53.221 ms
(13 rows)

===== 222 [Wed Mar  7 03:17:02 CET 2018] scale:1000000 groups:1000 work_mem:8MB incremental:off max_workers:2 =====
SELECT * FROM s_3 ORDER BY a, b, c, d LIMIT 10000
                                                                  QUERY PLAN                                                                  
----------------------------------------------------------------------------------------------------------------------------------------------
 Limit  (cost=42569.53..42569.53 rows=1 width=20) (actual time=51.391..51.391 rows=0 loops=1)
   ->  Limit  (cost=41302.78..42469.53 rows=10000 width=20) (actual time=49.198..51.115 rows=10000 loops=1)
         ->  Gather Merge  (cost=41302.78..138531.87 rows=833334 width=20) (actual time=49.197..50.559 rows=10000 loops=1)
               Workers Planned: 2
               Workers Launched: 2
               ->  Sort  (cost=40302.76..41344.43 rows=416667 width=20) (actual time=47.673..47.841 rows=4113 loops=3)
                     Sort Key: s_3.a, s_3.b, s_3.c, s_3.d
                     Sort Method: top-N heapsort  Memory: 1550kB
                     Worker 0:  Sort Method: top-N heapsort  Memory: 1550kB
                     Worker 1:  Sort Method: top-N heapsort  Memory: 1550kB
                     ->  Parallel Seq Scan on s_3  (cost=0.00..10536.67 rows=416667 width=20) (actual time=0.007..18.555 rows=333333 loops=3)
 Planning time: 0.310 ms
 Execution time: 53.514 ms
(13 rows)

===== 223 [Wed Mar  7 03:17:03 CET 2018] scale:1000000 groups:1000 work_mem:16MB incremental:on max_workers:2 =====
SELECT * FROM s_1 ORDER BY a, b LIMIT 10000
                                                                         QUERY PLAN                                                                          
-------------------------------------------------------------------------------------------------------------------------------------------------------------
 Limit  (cost=367.83..367.83 rows=1 width=20) (actual time=5.855..5.855 rows=0 loops=1)
   ->  Limit  (cost=85.01..267.83 rows=10000 width=20) (actual time=0.303..5.583 rows=10000 loops=1)
         ->  Incremental Sort  (cost=85.01..18367.10 rows=1000000 width=20) (actual time=0.303..5.034 rows=10000 loops=1)
               Sort Key: s_1.a, s_1.b
               Presorted Key: s_1.a
               Sort Method: quicksort  Memory: 131kB
               Sort Groups: 11
               ->  Index Only Scan using s_1_a_e_d_c_b_idx on s_1  (cost=0.42..34844.43 rows=1000000 width=20) (actual time=0.025..1.386 rows=10608 loops=1)
                     Heap Fetches: 0
 Planning time: 0.276 ms
 Execution time: 5.885 ms
(11 rows)

===== 224 [Wed Mar  7 03:17:03 CET 2018] scale:1000000 groups:1000 work_mem:16MB incremental:on max_workers:2 =====
SELECT * FROM s_2 ORDER BY a, b, c LIMIT 10000
                                                                         QUERY PLAN                                                                          
-------------------------------------------------------------------------------------------------------------------------------------------------------------
 Limit  (cost=301.08..301.08 rows=1 width=20) (actual time=4.493..4.493 rows=0 loops=1)
   ->  Limit  (cost=0.94..201.08 rows=10000 width=20) (actual time=0.083..4.222 rows=10000 loops=1)
         ->  Incremental Sort  (cost=0.94..20014.96 rows=1000000 width=20) (actual time=0.082..3.669 rows=10000 loops=1)
               Sort Key: s_2.a, s_2.b, s_2.c
               Presorted Key: s_2.a, s_2.b
               Sort Method: quicksort  Memory: 27kB
               Sort Groups: 307
               ->  Index Only Scan using s_2_a_b_e_d_c_idx on s_2  (cost=0.42..34844.43 rows=1000000 width=20) (actual time=0.033..1.301 rows=10005 loops=1)
                     Heap Fetches: 0
 Planning time: 0.304 ms
 Execution time: 4.522 ms
(11 rows)

===== 225 [Wed Mar  7 03:17:03 CET 2018] scale:1000000 groups:1000 work_mem:16MB incremental:on max_workers:2 =====
SELECT * FROM s_3 ORDER BY a, b, c, d LIMIT 10000
                                                                         QUERY PLAN                                                                          
-------------------------------------------------------------------------------------------------------------------------------------------------------------
 Limit  (cost=301.08..301.08 rows=1 width=20) (actual time=3.864..3.864 rows=0 loops=1)
   ->  Limit  (cost=0.94..201.08 rows=10000 width=20) (actual time=0.075..3.586 rows=10000 loops=1)
         ->  Incremental Sort  (cost=0.94..20014.96 rows=1000000 width=20) (actual time=0.075..3.031 rows=10000 loops=1)
               Sort Key: s_3.a, s_3.b, s_3.c, s_3.d
               Presorted Key: s_3.a, s_3.b, s_3.c
               Sort Method: quicksort  Memory: 27kB
               Sort Groups: 313
               ->  Index Only Scan using s_3_a_b_c_e_d_idx on s_3  (cost=0.42..34844.43 rows=1000000 width=20) (actual time=0.029..1.303 rows=10017 loops=1)
                     Heap Fetches: 0
 Planning time: 0.310 ms
 Execution time: 3.891 ms
(11 rows)

===== 226 [Wed Mar  7 03:17:03 CET 2018] scale:1000000 groups:1000 work_mem:16MB incremental:off max_workers:2 =====
SELECT * FROM s_1 ORDER BY a, b LIMIT 10000
                                                                  QUERY PLAN                                                                  
----------------------------------------------------------------------------------------------------------------------------------------------
 Limit  (cost=42569.53..42569.53 rows=1 width=20) (actual time=50.592..50.592 rows=0 loops=1)
   ->  Limit  (cost=41302.78..42469.53 rows=10000 width=20) (actual time=48.353..50.304 rows=10000 loops=1)
         ->  Gather Merge  (cost=41302.78..138531.87 rows=833334 width=20) (actual time=48.352..49.743 rows=10000 loops=1)
               Workers Planned: 2
               Workers Launched: 2
               ->  Sort  (cost=40302.76..41344.43 rows=416667 width=20) (actual time=46.756..46.930 rows=4113 loops=3)
                     Sort Key: s_1.a, s_1.b
                     Sort Method: top-N heapsort  Memory: 1580kB
                     Worker 0:  Sort Method: top-N heapsort  Memory: 1561kB
                     Worker 1:  Sort Method: top-N heapsort  Memory: 1564kB
                     ->  Parallel Seq Scan on s_1  (cost=0.00..10536.67 rows=416667 width=20) (actual time=0.006..18.533 rows=333333 loops=3)
 Planning time: 0.294 ms
 Execution time: 52.634 ms
(13 rows)

===== 227 [Wed Mar  7 03:17:03 CET 2018] scale:1000000 groups:1000 work_mem:16MB incremental:off max_workers:2 =====
SELECT * FROM s_2 ORDER BY a, b, c LIMIT 10000
                                                                  QUERY PLAN                                                                  
----------------------------------------------------------------------------------------------------------------------------------------------
 Limit  (cost=42569.53..42569.53 rows=1 width=20) (actual time=51.141..51.141 rows=0 loops=1)
   ->  Limit  (cost=41302.78..42469.53 rows=10000 width=20) (actual time=48.943..50.862 rows=10000 loops=1)
         ->  Gather Merge  (cost=41302.78..138531.87 rows=833334 width=20) (actual time=48.942..50.304 rows=10000 loops=1)
               Workers Planned: 2
               Workers Launched: 2
               ->  Sort  (cost=40302.76..41344.43 rows=416667 width=20) (actual time=47.394..47.560 rows=4113 loops=3)
                     Sort Key: s_2.a, s_2.b, s_2.c
                     Sort Method: top-N heapsort  Memory: 1550kB
                     Worker 0:  Sort Method: top-N heapsort  Memory: 1550kB
                     Worker 1:  Sort Method: top-N heapsort  Memory: 1550kB
                     ->  Parallel Seq Scan on s_2  (cost=0.00..10536.67 rows=416667 width=20) (actual time=0.009..18.448 rows=333333 loops=3)
 Planning time: 0.300 ms
 Execution time: 53.182 ms
(13 rows)

===== 228 [Wed Mar  7 03:17:03 CET 2018] scale:1000000 groups:1000 work_mem:16MB incremental:off max_workers:2 =====
SELECT * FROM s_3 ORDER BY a, b, c, d LIMIT 10000
                                                                  QUERY PLAN                                                                  
----------------------------------------------------------------------------------------------------------------------------------------------
 Limit  (cost=42569.53..42569.53 rows=1 width=20) (actual time=51.419..51.419 rows=0 loops=1)
   ->  Limit  (cost=41302.78..42469.53 rows=10000 width=20) (actual time=49.230..51.147 rows=10000 loops=1)
         ->  Gather Merge  (cost=41302.78..138531.87 rows=833334 width=20) (actual time=49.230..50.594 rows=10000 loops=1)
               Workers Planned: 2
               Workers Launched: 2
               ->  Sort  (cost=40302.76..41344.43 rows=416667 width=20) (actual time=47.718..47.885 rows=4113 loops=3)
                     Sort Key: s_3.a, s_3.b, s_3.c, s_3.d
                     Sort Method: top-N heapsort  Memory: 1550kB
                     Worker 0:  Sort Method: top-N heapsort  Memory: 1550kB
                     Worker 1:  Sort Method: top-N heapsort  Memory: 1550kB
                     ->  Parallel Seq Scan on s_3  (cost=0.00..10536.67 rows=416667 width=20) (actual time=0.007..18.590 rows=333333 loops=3)
 Planning time: 0.304 ms
 Execution time: 53.542 ms
(13 rows)

===== 229 [Wed Mar  7 03:17:04 CET 2018] scale:1000000 groups:1000 work_mem:32MB incremental:on max_workers:2 =====
SELECT * FROM s_1 ORDER BY a, b LIMIT 10000
                                                                         QUERY PLAN                                                                          
-------------------------------------------------------------------------------------------------------------------------------------------------------------
 Limit  (cost=367.83..367.83 rows=1 width=20) (actual time=5.852..5.852 rows=0 loops=1)
   ->  Limit  (cost=85.01..267.83 rows=10000 width=20) (actual time=0.304..5.580 rows=10000 loops=1)
         ->  Incremental Sort  (cost=85.01..18367.10 rows=1000000 width=20) (actual time=0.304..5.033 rows=10000 loops=1)
               Sort Key: s_1.a, s_1.b
               Presorted Key: s_1.a
               Sort Method: quicksort  Memory: 131kB
               Sort Groups: 11
               ->  Index Only Scan using s_1_a_e_d_c_b_idx on s_1  (cost=0.42..34844.43 rows=1000000 width=20) (actual time=0.025..1.388 rows=10608 loops=1)
                     Heap Fetches: 0
 Planning time: 0.281 ms
 Execution time: 5.881 ms
(11 rows)

===== 230 [Wed Mar  7 03:17:04 CET 2018] scale:1000000 groups:1000 work_mem:32MB incremental:on max_workers:2 =====
SELECT * FROM s_2 ORDER BY a, b, c LIMIT 10000
                                                                         QUERY PLAN                                                                          
-------------------------------------------------------------------------------------------------------------------------------------------------------------
 Limit  (cost=301.08..301.08 rows=1 width=20) (actual time=4.491..4.491 rows=0 loops=1)
   ->  Limit  (cost=0.94..201.08 rows=10000 width=20) (actual time=0.082..4.216 rows=10000 loops=1)
         ->  Incremental Sort  (cost=0.94..20014.96 rows=1000000 width=20) (actual time=0.082..3.667 rows=10000 loops=1)
               Sort Key: s_2.a, s_2.b, s_2.c
               Presorted Key: s_2.a, s_2.b
               Sort Method: quicksort  Memory: 27kB
               Sort Groups: 307
               ->  Index Only Scan using s_2_a_b_e_d_c_idx on s_2  (cost=0.42..34844.43 rows=1000000 width=20) (actual time=0.033..1.302 rows=10005 loops=1)
                     Heap Fetches: 0
 Planning time: 0.297 ms
 Execution time: 4.521 ms
(11 rows)

===== 231 [Wed Mar  7 03:17:04 CET 2018] scale:1000000 groups:1000 work_mem:32MB incremental:on max_workers:2 =====
SELECT * FROM s_3 ORDER BY a, b, c, d LIMIT 10000
                                                                         QUERY PLAN                                                                          
-------------------------------------------------------------------------------------------------------------------------------------------------------------
 Limit  (cost=301.08..301.08 rows=1 width=20) (actual time=3.870..3.870 rows=0 loops=1)
   ->  Limit  (cost=0.94..201.08 rows=10000 width=20) (actual time=0.074..3.595 rows=10000 loops=1)
         ->  Incremental Sort  (cost=0.94..20014.96 rows=1000000 width=20) (actual time=0.074..3.045 rows=10000 loops=1)
               Sort Key: s_3.a, s_3.b, s_3.c, s_3.d
               Presorted Key: s_3.a, s_3.b, s_3.c
               Sort Method: quicksort  Memory: 27kB
               Sort Groups: 313
               ->  Index Only Scan using s_3_a_b_c_e_d_idx on s_3  (cost=0.42..34844.43 rows=1000000 width=20) (actual time=0.029..1.306 rows=10017 loops=1)
                     Heap Fetches: 0
 Planning time: 0.297 ms
 Execution time: 3.895 ms
(11 rows)

===== 232 [Wed Mar  7 03:17:04 CET 2018] scale:1000000 groups:1000 work_mem:32MB incremental:off max_workers:2 =====
SELECT * FROM s_1 ORDER BY a, b LIMIT 10000
                                                                  QUERY PLAN                                                                  
----------------------------------------------------------------------------------------------------------------------------------------------
 Limit  (cost=42569.53..42569.53 rows=1 width=20) (actual time=51.194..51.194 rows=0 loops=1)
   ->  Limit  (cost=41302.78..42469.53 rows=10000 width=20) (actual time=48.960..50.913 rows=10000 loops=1)
         ->  Gather Merge  (cost=41302.78..138531.87 rows=833334 width=20) (actual time=48.960..50.348 rows=10000 loops=1)
               Workers Planned: 2
               Workers Launched: 2
               ->  Sort  (cost=40302.76..41344.43 rows=416667 width=20) (actual time=47.318..47.491 rows=4113 loops=3)
                     Sort Key: s_1.a, s_1.b
                     Sort Method: top-N heapsort  Memory: 1580kB
                     Worker 0:  Sort Method: top-N heapsort  Memory: 1562kB
                     Worker 1:  Sort Method: top-N heapsort  Memory: 1562kB
                     ->  Parallel Seq Scan on s_1  (cost=0.00..10536.67 rows=416667 width=20) (actual time=0.006..18.488 rows=333333 loops=3)
 Planning time: 0.288 ms
 Execution time: 53.239 ms
(13 rows)

===== 233 [Wed Mar  7 03:17:04 CET 2018] scale:1000000 groups:1000 work_mem:32MB incremental:off max_workers:2 =====
SELECT * FROM s_2 ORDER BY a, b, c LIMIT 10000
                                                                  QUERY PLAN                                                                  
----------------------------------------------------------------------------------------------------------------------------------------------
 Limit  (cost=42569.53..42569.53 rows=1 width=20) (actual time=51.147..51.147 rows=0 loops=1)
   ->  Limit  (cost=41302.78..42469.53 rows=10000 width=20) (actual time=48.931..50.862 rows=10000 loops=1)
         ->  Gather Merge  (cost=41302.78..138531.87 rows=833334 width=20) (actual time=48.930..50.301 rows=10000 loops=1)
               Workers Planned: 2
               Workers Launched: 2
               ->  Sort  (cost=40302.76..41344.43 rows=416667 width=20) (actual time=47.387..47.556 rows=4113 loops=3)
                     Sort Key: s_2.a, s_2.b, s_2.c
                     Sort Method: top-N heapsort  Memory: 1550kB
                     Worker 0:  Sort Method: top-N heapsort  Memory: 1550kB
                     Worker 1:  Sort Method: top-N heapsort  Memory: 1550kB
                     ->  Parallel Seq Scan on s_2  (cost=0.00..10536.67 rows=416667 width=20) (actual time=0.009..18.427 rows=333333 loops=3)
 Planning time: 0.297 ms
 Execution time: 53.177 ms
(13 rows)

===== 234 [Wed Mar  7 03:17:05 CET 2018] scale:1000000 groups:1000 work_mem:32MB incremental:off max_workers:2 =====
SELECT * FROM s_3 ORDER BY a, b, c, d LIMIT 10000
                                                                  QUERY PLAN                                                                  
----------------------------------------------------------------------------------------------------------------------------------------------
 Limit  (cost=42569.53..42569.53 rows=1 width=20) (actual time=51.498..51.498 rows=0 loops=1)
   ->  Limit  (cost=41302.78..42469.53 rows=10000 width=20) (actual time=49.296..51.214 rows=10000 loops=1)
         ->  Gather Merge  (cost=41302.78..138531.87 rows=833334 width=20) (actual time=49.296..50.658 rows=10000 loops=1)
               Workers Planned: 2
               Workers Launched: 2
               ->  Sort  (cost=40302.76..41344.43 rows=416667 width=20) (actual time=47.795..47.961 rows=4113 loops=3)
                     Sort Key: s_3.a, s_3.b, s_3.c, s_3.d
                     Sort Method: top-N heapsort  Memory: 1550kB
                     Worker 0:  Sort Method: top-N heapsort  Memory: 1550kB
                     Worker 1:  Sort Method: top-N heapsort  Memory: 1550kB
                     ->  Parallel Seq Scan on s_3  (cost=0.00..10536.67 rows=416667 width=20) (actual time=0.007..18.580 rows=333333 loops=3)
 Planning time: 0.304 ms
 Execution time: 53.600 ms
(13 rows)

===== 235 [Wed Mar  7 03:17:05 CET 2018] scale:1000000 groups:1000 work_mem:64MB incremental:on max_workers:2 =====
SELECT * FROM s_1 ORDER BY a, b LIMIT 10000
                                                                         QUERY PLAN                                                                          
-------------------------------------------------------------------------------------------------------------------------------------------------------------
 Limit  (cost=367.83..367.83 rows=1 width=20) (actual time=5.845..5.845 rows=0 loops=1)
   ->  Limit  (cost=85.01..267.83 rows=10000 width=20) (actual time=0.304..5.567 rows=10000 loops=1)
         ->  Incremental Sort  (cost=85.01..18367.10 rows=1000000 width=20) (actual time=0.303..5.019 rows=10000 loops=1)
               Sort Key: s_1.a, s_1.b
               Presorted Key: s_1.a
               Sort Method: quicksort  Memory: 131kB
               Sort Groups: 11
               ->  Index Only Scan using s_1_a_e_d_c_b_idx on s_1  (cost=0.42..34844.43 rows=1000000 width=20) (actual time=0.025..1.387 rows=10608 loops=1)
                     Heap Fetches: 0
 Planning time: 0.288 ms
 Execution time: 5.875 ms
(11 rows)

===== 236 [Wed Mar  7 03:17:05 CET 2018] scale:1000000 groups:1000 work_mem:64MB incremental:on max_workers:2 =====
SELECT * FROM s_2 ORDER BY a, b, c LIMIT 10000
                                                                         QUERY PLAN                                                                          
-------------------------------------------------------------------------------------------------------------------------------------------------------------
 Limit  (cost=301.08..301.08 rows=1 width=20) (actual time=4.492..4.492 rows=0 loops=1)
   ->  Limit  (cost=0.94..201.08 rows=10000 width=20) (actual time=0.083..4.218 rows=10000 loops=1)
         ->  Incremental Sort  (cost=0.94..20014.96 rows=1000000 width=20) (actual time=0.083..3.664 rows=10000 loops=1)
               Sort Key: s_2.a, s_2.b, s_2.c
               Presorted Key: s_2.a, s_2.b
               Sort Method: quicksort  Memory: 27kB
               Sort Groups: 307
               ->  Index Only Scan using s_2_a_b_e_d_c_idx on s_2  (cost=0.42..34844.43 rows=1000000 width=20) (actual time=0.034..1.306 rows=10005 loops=1)
                     Heap Fetches: 0
 Planning time: 0.305 ms
 Execution time: 4.520 ms
(11 rows)

===== 237 [Wed Mar  7 03:17:05 CET 2018] scale:1000000 groups:1000 work_mem:64MB incremental:on max_workers:2 =====
SELECT * FROM s_3 ORDER BY a, b, c, d LIMIT 10000
                                                                         QUERY PLAN                                                                          
-------------------------------------------------------------------------------------------------------------------------------------------------------------
 Limit  (cost=301.08..301.08 rows=1 width=20) (actual time=3.860..3.860 rows=0 loops=1)
   ->  Limit  (cost=0.94..201.08 rows=10000 width=20) (actual time=0.075..3.584 rows=10000 loops=1)
         ->  Incremental Sort  (cost=0.94..20014.96 rows=1000000 width=20) (actual time=0.074..3.034 rows=10000 loops=1)
               Sort Key: s_3.a, s_3.b, s_3.c, s_3.d
               Presorted Key: s_3.a, s_3.b, s_3.c
               Sort Method: quicksort  Memory: 27kB
               Sort Groups: 313
               ->  Index Only Scan using s_3_a_b_c_e_d_idx on s_3  (cost=0.42..34844.43 rows=1000000 width=20) (actual time=0.029..1.300 rows=10017 loops=1)
                     Heap Fetches: 0
 Planning time: 0.309 ms
 Execution time: 3.884 ms
(11 rows)

===== 238 [Wed Mar  7 03:17:05 CET 2018] scale:1000000 groups:1000 work_mem:64MB incremental:off max_workers:2 =====
SELECT * FROM s_1 ORDER BY a, b LIMIT 10000
                                                                  QUERY PLAN                                                                  
----------------------------------------------------------------------------------------------------------------------------------------------
 Limit  (cost=42569.53..42569.53 rows=1 width=20) (actual time=50.592..50.592 rows=0 loops=1)
   ->  Limit  (cost=41302.78..42469.53 rows=10000 width=20) (actual time=48.361..50.311 rows=10000 loops=1)
         ->  Gather Merge  (cost=41302.78..138531.87 rows=833334 width=20) (actual time=48.360..49.745 rows=10000 loops=1)
               Workers Planned: 2
               Workers Launched: 2
               ->  Sort  (cost=40302.76..41344.43 rows=416667 width=20) (actual time=46.773..46.945 rows=4113 loops=3)
                     Sort Key: s_1.a, s_1.b
                     Sort Method: top-N heapsort  Memory: 1580kB
                     Worker 0:  Sort Method: top-N heapsort  Memory: 1562kB
                     Worker 1:  Sort Method: top-N heapsort  Memory: 1562kB
                     ->  Parallel Seq Scan on s_1  (cost=0.00..10536.67 rows=416667 width=20) (actual time=0.006..18.521 rows=333333 loops=3)
 Planning time: 0.300 ms
 Execution time: 52.617 ms
(13 rows)

===== 239 [Wed Mar  7 03:17:06 CET 2018] scale:1000000 groups:1000 work_mem:64MB incremental:off max_workers:2 =====
SELECT * FROM s_2 ORDER BY a, b, c LIMIT 10000
                                                                  QUERY PLAN                                                                  
----------------------------------------------------------------------------------------------------------------------------------------------
 Limit  (cost=42569.53..42569.53 rows=1 width=20) (actual time=51.019..51.019 rows=0 loops=1)
   ->  Limit  (cost=41302.78..42469.53 rows=10000 width=20) (actual time=48.817..50.736 rows=10000 loops=1)
         ->  Gather Merge  (cost=41302.78..138531.87 rows=833334 width=20) (actual time=48.816..50.177 rows=10000 loops=1)
               Workers Planned: 2
               Workers Launched: 2
               ->  Sort  (cost=40302.76..41344.43 rows=416667 width=20) (actual time=47.323..47.489 rows=4113 loops=3)
                     Sort Key: s_2.a, s_2.b, s_2.c
                     Sort Method: top-N heapsort  Memory: 1550kB
                     Worker 0:  Sort Method: top-N heapsort  Memory: 1550kB
                     Worker 1:  Sort Method: top-N heapsort  Memory: 1550kB
                     ->  Parallel Seq Scan on s_2  (cost=0.00..10536.67 rows=416667 width=20) (actual time=0.012..18.435 rows=333333 loops=3)
 Planning time: 0.296 ms
 Execution time: 53.055 ms
(13 rows)

===== 240 [Wed Mar  7 03:17:06 CET 2018] scale:1000000 groups:1000 work_mem:64MB incremental:off max_workers:2 =====
SELECT * FROM s_3 ORDER BY a, b, c, d LIMIT 10000
                                                                  QUERY PLAN                                                                  
----------------------------------------------------------------------------------------------------------------------------------------------
 Limit  (cost=42569.53..42569.53 rows=1 width=20) (actual time=51.543..51.543 rows=0 loops=1)
   ->  Limit  (cost=41302.78..42469.53 rows=10000 width=20) (actual time=49.341..51.261 rows=10000 loops=1)
         ->  Gather Merge  (cost=41302.78..138531.87 rows=833334 width=20) (actual time=49.340..50.707 rows=10000 loops=1)
               Workers Planned: 2
               Workers Launched: 2
               ->  Sort  (cost=40302.76..41344.43 rows=416667 width=20) (actual time=47.802..47.970 rows=4113 loops=3)
                     Sort Key: s_3.a, s_3.b, s_3.c, s_3.d
                     Sort Method: top-N heapsort  Memory: 1550kB
                     Worker 0:  Sort Method: top-N heapsort  Memory: 1550kB
                     Worker 1:  Sort Method: top-N heapsort  Memory: 1550kB
                     ->  Parallel Seq Scan on s_3  (cost=0.00..10536.67 rows=416667 width=20) (actual time=0.007..18.597 rows=333333 loops=3)
 Planning time: 0.310 ms
 Execution time: 53.662 ms
(13 rows)

===== 241 [Wed Mar  7 03:17:06 CET 2018] scale:1000000 groups:1000 work_mem:128MB incremental:on max_workers:2 =====
SELECT * FROM s_1 ORDER BY a, b LIMIT 10000
                                                                         QUERY PLAN                                                                          
-------------------------------------------------------------------------------------------------------------------------------------------------------------
 Limit  (cost=367.83..367.83 rows=1 width=20) (actual time=5.853..5.853 rows=0 loops=1)
   ->  Limit  (cost=85.01..267.83 rows=10000 width=20) (actual time=0.306..5.579 rows=10000 loops=1)
         ->  Incremental Sort  (cost=85.01..18367.10 rows=1000000 width=20) (actual time=0.305..5.029 rows=10000 loops=1)
               Sort Key: s_1.a, s_1.b
               Presorted Key: s_1.a
               Sort Method: quicksort  Memory: 131kB
               Sort Groups: 11
               ->  Index Only Scan using s_1_a_e_d_c_b_idx on s_1  (cost=0.42..34844.43 rows=1000000 width=20) (actual time=0.025..1.392 rows=10608 loops=1)
                     Heap Fetches: 0
 Planning time: 0.290 ms
 Execution time: 5.883 ms
(11 rows)

===== 242 [Wed Mar  7 03:17:06 CET 2018] scale:1000000 groups:1000 work_mem:128MB incremental:on max_workers:2 =====
SELECT * FROM s_2 ORDER BY a, b, c LIMIT 10000
                                                                         QUERY PLAN                                                                          
-------------------------------------------------------------------------------------------------------------------------------------------------------------
 Limit  (cost=301.08..301.08 rows=1 width=20) (actual time=4.497..4.497 rows=0 loops=1)
   ->  Limit  (cost=0.94..201.08 rows=10000 width=20) (actual time=0.082..4.222 rows=10000 loops=1)
         ->  Incremental Sort  (cost=0.94..20014.96 rows=1000000 width=20) (actual time=0.082..3.669 rows=10000 loops=1)
               Sort Key: s_2.a, s_2.b, s_2.c
               Presorted Key: s_2.a, s_2.b
               Sort Method: quicksort  Memory: 27kB
               Sort Groups: 307
               ->  Index Only Scan using s_2_a_b_e_d_c_idx on s_2  (cost=0.42..34844.43 rows=1000000 width=20) (actual time=0.033..1.305 rows=10005 loops=1)
                     Heap Fetches: 0
 Planning time: 0.298 ms
 Execution time: 4.526 ms
(11 rows)

===== 243 [Wed Mar  7 03:17:07 CET 2018] scale:1000000 groups:1000 work_mem:128MB incremental:on max_workers:2 =====
SELECT * FROM s_3 ORDER BY a, b, c, d LIMIT 10000
                                                                         QUERY PLAN                                                                          
-------------------------------------------------------------------------------------------------------------------------------------------------------------
 Limit  (cost=301.08..301.08 rows=1 width=20) (actual time=3.874..3.874 rows=0 loops=1)
   ->  Limit  (cost=0.94..201.08 rows=10000 width=20) (actual time=0.075..3.598 rows=10000 loops=1)
         ->  Incremental Sort  (cost=0.94..20014.96 rows=1000000 width=20) (actual time=0.075..3.048 rows=10000 loops=1)
               Sort Key: s_3.a, s_3.b, s_3.c, s_3.d
               Presorted Key: s_3.a, s_3.b, s_3.c
               Sort Method: quicksort  Memory: 27kB
               Sort Groups: 313
               ->  Index Only Scan using s_3_a_b_c_e_d_idx on s_3  (cost=0.42..34844.43 rows=1000000 width=20) (actual time=0.030..1.309 rows=10017 loops=1)
                     Heap Fetches: 0
 Planning time: 0.307 ms
 Execution time: 3.899 ms
(11 rows)

===== 244 [Wed Mar  7 03:17:07 CET 2018] scale:1000000 groups:1000 work_mem:128MB incremental:off max_workers:2 =====
SELECT * FROM s_1 ORDER BY a, b LIMIT 10000
                                                                  QUERY PLAN                                                                  
----------------------------------------------------------------------------------------------------------------------------------------------
 Limit  (cost=42569.53..42569.53 rows=1 width=20) (actual time=50.644..50.644 rows=0 loops=1)
   ->  Limit  (cost=41302.78..42469.53 rows=10000 width=20) (actual time=48.416..50.363 rows=10000 loops=1)
         ->  Gather Merge  (cost=41302.78..138531.87 rows=833334 width=20) (actual time=48.416..49.800 rows=10000 loops=1)
               Workers Planned: 2
               Workers Launched: 2
               ->  Sort  (cost=40302.76..41344.43 rows=416667 width=20) (actual time=46.808..46.982 rows=4113 loops=3)
                     Sort Key: s_1.a, s_1.b
                     Sort Method: top-N heapsort  Memory: 1580kB
                     Worker 0:  Sort Method: top-N heapsort  Memory: 1562kB
                     Worker 1:  Sort Method: top-N heapsort  Memory: 1562kB
                     ->  Parallel Seq Scan on s_1  (cost=0.00..10536.67 rows=416667 width=20) (actual time=0.006..18.543 rows=333333 loops=3)
 Planning time: 0.290 ms
 Execution time: 52.688 ms
(13 rows)

===== 245 [Wed Mar  7 03:17:07 CET 2018] scale:1000000 groups:1000 work_mem:128MB incremental:off max_workers:2 =====
SELECT * FROM s_2 ORDER BY a, b, c LIMIT 10000
                                                                  QUERY PLAN                                                                  
----------------------------------------------------------------------------------------------------------------------------------------------
 Limit  (cost=42569.53..42569.53 rows=1 width=20) (actual time=51.065..51.065 rows=0 loops=1)
   ->  Limit  (cost=41302.78..42469.53 rows=10000 width=20) (actual time=48.858..50.783 rows=10000 loops=1)
         ->  Gather Merge  (cost=41302.78..138531.87 rows=833334 width=20) (actual time=48.857..50.224 rows=10000 loops=1)
               Workers Planned: 2
               Workers Launched: 2
               ->  Sort  (cost=40302.76..41344.43 rows=416667 width=20) (actual time=47.377..47.544 rows=4113 loops=3)
                     Sort Key: s_2.a, s_2.b, s_2.c
                     Sort Method: top-N heapsort  Memory: 1550kB
                     Worker 0:  Sort Method: top-N heapsort  Memory: 1550kB
                     Worker 1:  Sort Method: top-N heapsort  Memory: 1550kB
                     ->  Parallel Seq Scan on s_2  (cost=0.00..10536.67 rows=416667 width=20) (actual time=0.007..18.436 rows=333333 loops=3)
 Planning time: 0.299 ms
 Execution time: 53.104 ms
(13 rows)

===== 246 [Wed Mar  7 03:17:07 CET 2018] scale:1000000 groups:1000 work_mem:128MB incremental:off max_workers:2 =====
SELECT * FROM s_3 ORDER BY a, b, c, d LIMIT 10000
                                                                  QUERY PLAN                                                                  
----------------------------------------------------------------------------------------------------------------------------------------------
 Limit  (cost=42569.53..42569.53 rows=1 width=20) (actual time=51.559..51.559 rows=0 loops=1)
   ->  Limit  (cost=41302.78..42469.53 rows=10000 width=20) (actual time=49.356..51.273 rows=10000 loops=1)
         ->  Gather Merge  (cost=41302.78..138531.87 rows=833334 width=20) (actual time=49.355..50.716 rows=10000 loops=1)
               Workers Planned: 2
               Workers Launched: 2
               ->  Sort  (cost=40302.76..41344.43 rows=416667 width=20) (actual time=47.804..47.972 rows=4113 loops=3)
                     Sort Key: s_3.a, s_3.b, s_3.c, s_3.d
                     Sort Method: top-N heapsort  Memory: 1550kB
                     Worker 0:  Sort Method: top-N heapsort  Memory: 1550kB
                     Worker 1:  Sort Method: top-N heapsort  Memory: 1550kB
                     ->  Parallel Seq Scan on s_3  (cost=0.00..10536.67 rows=416667 width=20) (actual time=0.007..18.594 rows=333333 loops=3)
 Planning time: 0.303 ms
 Execution time: 53.667 ms
(13 rows)

===== 247 [Wed Mar  7 03:17:08 CET 2018] scale:1000000 groups:1000 work_mem:256MB incremental:on max_workers:2 =====
SELECT * FROM s_1 ORDER BY a, b LIMIT 10000
                                                                         QUERY PLAN                                                                          
-------------------------------------------------------------------------------------------------------------------------------------------------------------
 Limit  (cost=367.83..367.83 rows=1 width=20) (actual time=5.847..5.847 rows=0 loops=1)
   ->  Limit  (cost=85.01..267.83 rows=10000 width=20) (actual time=0.301..5.575 rows=10000 loops=1)
         ->  Incremental Sort  (cost=85.01..18367.10 rows=1000000 width=20) (actual time=0.301..5.025 rows=10000 loops=1)
               Sort Key: s_1.a, s_1.b
               Presorted Key: s_1.a
               Sort Method: quicksort  Memory: 131kB
               Sort Groups: 11
               ->  Index Only Scan using s_1_a_e_d_c_b_idx on s_1  (cost=0.42..34844.43 rows=1000000 width=20) (actual time=0.024..1.389 rows=10608 loops=1)
                     Heap Fetches: 0
 Planning time: 0.285 ms
 Execution time: 5.879 ms
(11 rows)

===== 248 [Wed Mar  7 03:17:08 CET 2018] scale:1000000 groups:1000 work_mem:256MB incremental:on max_workers:2 =====
SELECT * FROM s_2 ORDER BY a, b, c LIMIT 10000
                                                                         QUERY PLAN                                                                          
-------------------------------------------------------------------------------------------------------------------------------------------------------------
 Limit  (cost=301.08..301.08 rows=1 width=20) (actual time=4.495..4.495 rows=0 loops=1)
   ->  Limit  (cost=0.94..201.08 rows=10000 width=20) (actual time=0.083..4.219 rows=10000 loops=1)
         ->  Incremental Sort  (cost=0.94..20014.96 rows=1000000 width=20) (actual time=0.082..3.669 rows=10000 loops=1)
               Sort Key: s_2.a, s_2.b, s_2.c
               Presorted Key: s_2.a, s_2.b
               Sort Method: quicksort  Memory: 27kB
               Sort Groups: 307
               ->  Index Only Scan using s_2_a_b_e_d_c_idx on s_2  (cost=0.42..34844.43 rows=1000000 width=20) (actual time=0.032..1.300 rows=10005 loops=1)
                     Heap Fetches: 0
 Planning time: 0.288 ms
 Execution time: 4.524 ms
(11 rows)

===== 249 [Wed Mar  7 03:17:08 CET 2018] scale:1000000 groups:1000 work_mem:256MB incremental:on max_workers:2 =====
SELECT * FROM s_3 ORDER BY a, b, c, d LIMIT 10000
                                                                         QUERY PLAN                                                                          
-------------------------------------------------------------------------------------------------------------------------------------------------------------
 Limit  (cost=301.08..301.08 rows=1 width=20) (actual time=3.870..3.870 rows=0 loops=1)
   ->  Limit  (cost=0.94..201.08 rows=10000 width=20) (actual time=0.074..3.586 rows=10000 loops=1)
         ->  Incremental Sort  (cost=0.94..20014.96 rows=1000000 width=20) (actual time=0.074..3.036 rows=10000 loops=1)
               Sort Key: s_3.a, s_3.b, s_3.c, s_3.d
               Presorted Key: s_3.a, s_3.b, s_3.c
               Sort Method: quicksort  Memory: 27kB
               Sort Groups: 313
               ->  Index Only Scan using s_3_a_b_c_e_d_idx on s_3  (cost=0.42..34844.43 rows=1000000 width=20) (actual time=0.029..1.302 rows=10017 loops=1)
                     Heap Fetches: 0
 Planning time: 0.307 ms
 Execution time: 3.894 ms
(11 rows)

===== 250 [Wed Mar  7 03:17:08 CET 2018] scale:1000000 groups:1000 work_mem:256MB incremental:off max_workers:2 =====
SELECT * FROM s_1 ORDER BY a, b LIMIT 10000
                                                                  QUERY PLAN                                                                  
----------------------------------------------------------------------------------------------------------------------------------------------
 Limit  (cost=42569.53..42569.53 rows=1 width=20) (actual time=50.651..50.651 rows=0 loops=1)
   ->  Limit  (cost=41302.78..42469.53 rows=10000 width=20) (actual time=48.416..50.370 rows=10000 loops=1)
         ->  Gather Merge  (cost=41302.78..138531.87 rows=833334 width=20) (actual time=48.416..49.808 rows=10000 loops=1)
               Workers Planned: 2
               Workers Launched: 2
               ->  Sort  (cost=40302.76..41344.43 rows=416667 width=20) (actual time=46.797..46.971 rows=4113 loops=3)
                     Sort Key: s_1.a, s_1.b
                     Sort Method: top-N heapsort  Memory: 1580kB
                     Worker 0:  Sort Method: top-N heapsort  Memory: 1562kB
                     Worker 1:  Sort Method: top-N heapsort  Memory: 1562kB
                     ->  Parallel Seq Scan on s_1  (cost=0.00..10536.67 rows=416667 width=20) (actual time=0.007..18.546 rows=333333 loops=3)
 Planning time: 0.284 ms
 Execution time: 52.702 ms
(13 rows)

===== 251 [Wed Mar  7 03:17:08 CET 2018] scale:1000000 groups:1000 work_mem:256MB incremental:off max_workers:2 =====
SELECT * FROM s_2 ORDER BY a, b, c LIMIT 10000
                                                                  QUERY PLAN                                                                  
----------------------------------------------------------------------------------------------------------------------------------------------
 Limit  (cost=42569.53..42569.53 rows=1 width=20) (actual time=51.092..51.092 rows=0 loops=1)
   ->  Limit  (cost=41302.78..42469.53 rows=10000 width=20) (actual time=48.885..50.806 rows=10000 loops=1)
         ->  Gather Merge  (cost=41302.78..138531.87 rows=833334 width=20) (actual time=48.884..50.248 rows=10000 loops=1)
               Workers Planned: 2
               Workers Launched: 2
               ->  Sort  (cost=40302.76..41344.43 rows=416667 width=20) (actual time=47.372..47.539 rows=4113 loops=3)
                     Sort Key: s_2.a, s_2.b, s_2.c
                     Sort Method: top-N heapsort  Memory: 1550kB
                     Worker 0:  Sort Method: top-N heapsort  Memory: 1550kB
                     Worker 1:  Sort Method: top-N heapsort  Memory: 1550kB
                     ->  Parallel Seq Scan on s_2  (cost=0.00..10536.67 rows=416667 width=20) (actual time=0.007..18.428 rows=333333 loops=3)
 Planning time: 0.296 ms
 Execution time: 53.114 ms
(13 rows)

===== 252 [Wed Mar  7 03:17:09 CET 2018] scale:1000000 groups:1000 work_mem:256MB incremental:off max_workers:2 =====
SELECT * FROM s_3 ORDER BY a, b, c, d LIMIT 10000
                                                                  QUERY PLAN                                                                  
----------------------------------------------------------------------------------------------------------------------------------------------
 Limit  (cost=42569.53..42569.53 rows=1 width=20) (actual time=51.516..51.516 rows=0 loops=1)
   ->  Limit  (cost=41302.78..42469.53 rows=10000 width=20) (actual time=49.311..51.233 rows=10000 loops=1)
         ->  Gather Merge  (cost=41302.78..138531.87 rows=833334 width=20) (actual time=49.310..50.676 rows=10000 loops=1)
               Workers Planned: 2
               Workers Launched: 2
               ->  Sort  (cost=40302.76..41344.43 rows=416667 width=20) (actual time=47.781..47.948 rows=4113 loops=3)
                     Sort Key: s_3.a, s_3.b, s_3.c, s_3.d
                     Sort Method: top-N heapsort  Memory: 1550kB
                     Worker 0:  Sort Method: top-N heapsort  Memory: 1550kB
                     Worker 1:  Sort Method: top-N heapsort  Memory: 1550kB
                     ->  Parallel Seq Scan on s_3  (cost=0.00..10536.67 rows=416667 width=20) (actual time=0.007..18.586 rows=333333 loops=3)
 Planning time: 0.312 ms
 Execution time: 53.613 ms
(13 rows)

===== 253 [Wed Mar  7 03:17:16 CET 2018] scale:1000000 groups:10000 work_mem:4MB incremental:on max_workers:0 =====
SELECT * FROM s_1 ORDER BY a, b LIMIT 10000
                                                                         QUERY PLAN                                                                          
-------------------------------------------------------------------------------------------------------------------------------------------------------------
 Limit  (cost=290.98..290.98 rows=1 width=20) (actual time=5.219..5.219 rows=0 loops=1)
   ->  Limit  (cost=7.24..190.98 rows=10000 width=20) (actual time=0.101..4.945 rows=10000 loops=1)
         ->  Incremental Sort  (cost=7.24..18380.94 rows=1000000 width=20) (actual time=0.100..4.395 rows=10000 loops=1)
               Sort Key: s_1.a, s_1.b
               Presorted Key: s_1.a
               Sort Method: quicksort  Memory: 35kB
               Sort Groups: 100
               ->  Index Only Scan using s_1_a_e_d_c_b_idx on s_1  (cost=0.42..34844.43 rows=1000000 width=20) (actual time=0.042..1.535 rows=10004 loops=1)
                     Heap Fetches: 0
 Planning time: 0.274 ms
 Execution time: 5.245 ms
(11 rows)

===== 254 [Wed Mar  7 03:17:16 CET 2018] scale:1000000 groups:10000 work_mem:4MB incremental:on max_workers:0 =====
SELECT * FROM s_2 ORDER BY a, b, c LIMIT 10000
                                                                         QUERY PLAN                                                                          
-------------------------------------------------------------------------------------------------------------------------------------------------------------
 Limit  (cost=301.08..301.08 rows=1 width=20) (actual time=4.079..4.079 rows=0 loops=1)
   ->  Limit  (cost=0.94..201.08 rows=10000 width=20) (actual time=0.094..3.801 rows=10000 loops=1)
         ->  Incremental Sort  (cost=0.94..20014.96 rows=1000000 width=20) (actual time=0.094..3.242 rows=10000 loops=1)
               Sort Key: s_2.a, s_2.b, s_2.c
               Presorted Key: s_2.a, s_2.b
               Sort Method: quicksort  Memory: 27kB
               Sort Groups: 313
               ->  Index Only Scan using s_2_a_b_e_d_c_idx on s_2  (cost=0.42..34844.43 rows=1000000 width=20) (actual time=0.045..1.532 rows=10018 loops=1)
                     Heap Fetches: 0
 Planning time: 0.291 ms
 Execution time: 4.105 ms
(11 rows)

===== 255 [Wed Mar  7 03:17:16 CET 2018] scale:1000000 groups:10000 work_mem:4MB incremental:on max_workers:0 =====
SELECT * FROM s_3 ORDER BY a, b, c, d LIMIT 10000
                                                                         QUERY PLAN                                                                          
-------------------------------------------------------------------------------------------------------------------------------------------------------------
 Limit  (cost=301.08..301.08 rows=1 width=20) (actual time=4.016..4.016 rows=0 loops=1)
   ->  Limit  (cost=0.94..201.08 rows=10000 width=20) (actual time=0.091..3.740 rows=10000 loops=1)
         ->  Incremental Sort  (cost=0.94..20014.96 rows=1000000 width=20) (actual time=0.091..3.187 rows=10000 loops=1)
               Sort Key: s_3.a, s_3.b, s_3.c, s_3.d
               Presorted Key: s_3.a, s_3.b, s_3.c
               Sort Method: quicksort  Memory: 27kB
               Sort Groups: 313
               ->  Index Only Scan using s_3_a_b_c_e_d_idx on s_3  (cost=0.42..34844.43 rows=1000000 width=20) (actual time=0.042..1.524 rows=10017 loops=1)
                     Heap Fetches: 0
 Planning time: 0.287 ms
 Execution time: 4.042 ms
(11 rows)

===== 256 [Wed Mar  7 03:17:16 CET 2018] scale:1000000 groups:10000 work_mem:4MB incremental:off max_workers:0 =====
SELECT * FROM s_1 ORDER BY a, b LIMIT 10000
                                                           QUERY PLAN                                                            
---------------------------------------------------------------------------------------------------------------------------------
 Limit  (cost=87933.56..87933.56 rows=1 width=20) (actual time=126.594..126.594 rows=0 loops=1)
   ->  Limit  (cost=87808.56..87833.56 rows=10000 width=20) (actual time=125.375..126.317 rows=10000 loops=1)
         ->  Sort  (cost=87808.56..90308.56 rows=1000000 width=20) (actual time=125.374..125.771 rows=10000 loops=1)
               Sort Key: s_1.a, s_1.b
               Sort Method: top-N heapsort  Memory: 1550kB
               ->  Seq Scan on s_1  (cost=0.00..16370.00 rows=1000000 width=20) (actual time=0.007..50.232 rows=1000000 loops=1)
 Planning time: 0.273 ms
 Execution time: 126.723 ms
(8 rows)

===== 257 [Wed Mar  7 03:17:17 CET 2018] scale:1000000 groups:10000 work_mem:4MB incremental:off max_workers:0 =====
SELECT * FROM s_2 ORDER BY a, b, c LIMIT 10000
                                                           QUERY PLAN                                                            
---------------------------------------------------------------------------------------------------------------------------------
 Limit  (cost=87933.56..87933.56 rows=1 width=20) (actual time=127.579..127.579 rows=0 loops=1)
   ->  Limit  (cost=87808.56..87833.56 rows=10000 width=20) (actual time=126.377..127.304 rows=10000 loops=1)
         ->  Sort  (cost=87808.56..90308.56 rows=1000000 width=20) (actual time=126.376..126.762 rows=10000 loops=1)
               Sort Key: s_2.a, s_2.b, s_2.c
               Sort Method: top-N heapsort  Memory: 1550kB
               ->  Seq Scan on s_2  (cost=0.00..16370.00 rows=1000000 width=20) (actual time=0.004..50.334 rows=1000000 loops=1)
 Planning time: 0.276 ms
 Execution time: 127.707 ms
(8 rows)

===== 258 [Wed Mar  7 03:17:17 CET 2018] scale:1000000 groups:10000 work_mem:4MB incremental:off max_workers:0 =====
SELECT * FROM s_3 ORDER BY a, b, c, d LIMIT 10000
                                                           QUERY PLAN                                                            
---------------------------------------------------------------------------------------------------------------------------------
 Limit  (cost=87933.56..87933.56 rows=1 width=20) (actual time=129.116..129.116 rows=0 loops=1)
   ->  Limit  (cost=87808.56..87833.56 rows=10000 width=20) (actual time=127.912..128.841 rows=10000 loops=1)
         ->  Sort  (cost=87808.56..90308.56 rows=1000000 width=20) (actual time=127.911..128.296 rows=10000 loops=1)
               Sort Key: s_3.a, s_3.b, s_3.c, s_3.d
               Sort Method: top-N heapsort  Memory: 1550kB
               ->  Seq Scan on s_3  (cost=0.00..16370.00 rows=1000000 width=20) (actual time=0.007..49.717 rows=1000000 loops=1)
 Planning time: 0.281 ms
 Execution time: 129.246 ms
(8 rows)

===== 259 [Wed Mar  7 03:17:18 CET 2018] scale:1000000 groups:10000 work_mem:8MB incremental:on max_workers:0 =====
SELECT * FROM s_1 ORDER BY a, b LIMIT 10000
                                                                         QUERY PLAN                                                                          
-------------------------------------------------------------------------------------------------------------------------------------------------------------
 Limit  (cost=290.98..290.98 rows=1 width=20) (actual time=4.978..4.978 rows=0 loops=1)
   ->  Limit  (cost=7.24..190.98 rows=10000 width=20) (actual time=0.081..4.705 rows=10000 loops=1)
         ->  Incremental Sort  (cost=7.24..18380.94 rows=1000000 width=20) (actual time=0.081..4.157 rows=10000 loops=1)
               Sort Key: s_1.a, s_1.b
               Presorted Key: s_1.a
               Sort Method: quicksort  Memory: 35kB
               Sort Groups: 100
               ->  Index Only Scan using s_1_a_e_d_c_b_idx on s_1  (cost=0.42..34844.43 rows=1000000 width=20) (actual time=0.025..1.305 rows=10004 loops=1)
                     Heap Fetches: 0
 Planning time: 0.275 ms
 Execution time: 5.003 ms
(11 rows)

===== 260 [Wed Mar  7 03:17:18 CET 2018] scale:1000000 groups:10000 work_mem:8MB incremental:on max_workers:0 =====
SELECT * FROM s_2 ORDER BY a, b, c LIMIT 10000
                                                                         QUERY PLAN                                                                          
-------------------------------------------------------------------------------------------------------------------------------------------------------------
 Limit  (cost=301.08..301.08 rows=1 width=20) (actual time=3.839..3.839 rows=0 loops=1)
   ->  Limit  (cost=0.94..201.08 rows=10000 width=20) (actual time=0.077..3.567 rows=10000 loops=1)
         ->  Incremental Sort  (cost=0.94..20014.96 rows=1000000 width=20) (actual time=0.077..3.007 rows=10000 loops=1)
               Sort Key: s_2.a, s_2.b, s_2.c
               Presorted Key: s_2.a, s_2.b
               Sort Method: quicksort  Memory: 27kB
               Sort Groups: 313
               ->  Index Only Scan using s_2_a_b_e_d_c_idx on s_2  (cost=0.42..34844.43 rows=1000000 width=20) (actual time=0.027..1.315 rows=10018 loops=1)
                     Heap Fetches: 0
 Planning time: 0.280 ms
 Execution time: 3.865 ms
(11 rows)

===== 261 [Wed Mar  7 03:17:18 CET 2018] scale:1000000 groups:10000 work_mem:8MB incremental:on max_workers:0 =====
SELECT * FROM s_3 ORDER BY a, b, c, d LIMIT 10000
                                                                         QUERY PLAN                                                                          
-------------------------------------------------------------------------------------------------------------------------------------------------------------
 Limit  (cost=301.08..301.08 rows=1 width=20) (actual time=3.793..3.793 rows=0 loops=1)
   ->  Limit  (cost=0.94..201.08 rows=10000 width=20) (actual time=0.072..3.518 rows=10000 loops=1)
         ->  Incremental Sort  (cost=0.94..20014.96 rows=1000000 width=20) (actual time=0.071..2.969 rows=10000 loops=1)
               Sort Key: s_3.a, s_3.b, s_3.c, s_3.d
               Presorted Key: s_3.a, s_3.b, s_3.c
               Sort Method: quicksort  Memory: 27kB
               Sort Groups: 313
               ->  Index Only Scan using s_3_a_b_c_e_d_idx on s_3  (cost=0.42..34844.43 rows=1000000 width=20) (actual time=0.024..1.301 rows=10017 loops=1)
                     Heap Fetches: 0
 Planning time: 0.295 ms
 Execution time: 3.818 ms
(11 rows)

===== 262 [Wed Mar  7 03:17:18 CET 2018] scale:1000000 groups:10000 work_mem:8MB incremental:off max_workers:0 =====
SELECT * FROM s_1 ORDER BY a, b LIMIT 10000
                                                           QUERY PLAN                                                            
---------------------------------------------------------------------------------------------------------------------------------
 Limit  (cost=87933.56..87933.56 rows=1 width=20) (actual time=126.616..126.616 rows=0 loops=1)
   ->  Limit  (cost=87808.56..87833.56 rows=10000 width=20) (actual time=125.394..126.338 rows=10000 loops=1)
         ->  Sort  (cost=87808.56..90308.56 rows=1000000 width=20) (actual time=125.393..125.790 rows=10000 loops=1)
               Sort Key: s_1.a, s_1.b
               Sort Method: top-N heapsort  Memory: 1550kB
               ->  Seq Scan on s_1  (cost=0.00..16370.00 rows=1000000 width=20) (actual time=0.007..50.262 rows=1000000 loops=1)
 Planning time: 0.273 ms
 Execution time: 126.747 ms
(8 rows)

===== 263 [Wed Mar  7 03:17:19 CET 2018] scale:1000000 groups:10000 work_mem:8MB incremental:off max_workers:0 =====
SELECT * FROM s_2 ORDER BY a, b, c LIMIT 10000
                                                           QUERY PLAN                                                            
---------------------------------------------------------------------------------------------------------------------------------
 Limit  (cost=87933.56..87933.56 rows=1 width=20) (actual time=127.511..127.511 rows=0 loops=1)
   ->  Limit  (cost=87808.56..87833.56 rows=10000 width=20) (actual time=126.311..127.237 rows=10000 loops=1)
         ->  Sort  (cost=87808.56..90308.56 rows=1000000 width=20) (actual time=126.311..126.693 rows=10000 loops=1)
               Sort Key: s_2.a, s_2.b, s_2.c
               Sort Method: top-N heapsort  Memory: 1550kB
               ->  Seq Scan on s_2  (cost=0.00..16370.00 rows=1000000 width=20) (actual time=0.004..50.247 rows=1000000 loops=1)
 Planning time: 0.274 ms
 Execution time: 127.641 ms
(8 rows)

===== 264 [Wed Mar  7 03:17:19 CET 2018] scale:1000000 groups:10000 work_mem:8MB incremental:off max_workers:0 =====
SELECT * FROM s_3 ORDER BY a, b, c, d LIMIT 10000
                                                           QUERY PLAN                                                            
---------------------------------------------------------------------------------------------------------------------------------
 Limit  (cost=87933.56..87933.56 rows=1 width=20) (actual time=129.126..129.126 rows=0 loops=1)
   ->  Limit  (cost=87808.56..87833.56 rows=10000 width=20) (actual time=127.918..128.851 rows=10000 loops=1)
         ->  Sort  (cost=87808.56..90308.56 rows=1000000 width=20) (actual time=127.918..128.304 rows=10000 loops=1)
               Sort Key: s_3.a, s_3.b, s_3.c, s_3.d
               Sort Method: top-N heapsort  Memory: 1550kB
               ->  Seq Scan on s_3  (cost=0.00..16370.00 rows=1000000 width=20) (actual time=0.007..49.725 rows=1000000 loops=1)
 Planning time: 0.283 ms
 Execution time: 129.254 ms
(8 rows)

===== 265 [Wed Mar  7 03:17:20 CET 2018] scale:1000000 groups:10000 work_mem:16MB incremental:on max_workers:0 =====
SELECT * FROM s_1 ORDER BY a, b LIMIT 10000
                                                                         QUERY PLAN                                                                          
-------------------------------------------------------------------------------------------------------------------------------------------------------------
 Limit  (cost=290.98..290.98 rows=1 width=20) (actual time=4.980..4.980 rows=0 loops=1)
   ->  Limit  (cost=7.24..190.98 rows=10000 width=20) (actual time=0.083..4.707 rows=10000 loops=1)
         ->  Incremental Sort  (cost=7.24..18380.94 rows=1000000 width=20) (actual time=0.083..4.157 rows=10000 loops=1)
               Sort Key: s_1.a, s_1.b
               Presorted Key: s_1.a
               Sort Method: quicksort  Memory: 35kB
               Sort Groups: 100
               ->  Index Only Scan using s_1_a_e_d_c_b_idx on s_1  (cost=0.42..34844.43 rows=1000000 width=20) (actual time=0.024..1.304 rows=10004 loops=1)
                     Heap Fetches: 0
 Planning time: 0.270 ms
 Execution time: 5.006 ms
(11 rows)

===== 266 [Wed Mar  7 03:17:20 CET 2018] scale:1000000 groups:10000 work_mem:16MB incremental:on max_workers:0 =====
SELECT * FROM s_2 ORDER BY a, b, c LIMIT 10000
                                                                         QUERY PLAN                                                                          
-------------------------------------------------------------------------------------------------------------------------------------------------------------
 Limit  (cost=301.08..301.08 rows=1 width=20) (actual time=3.838..3.838 rows=0 loops=1)
   ->  Limit  (cost=0.94..201.08 rows=10000 width=20) (actual time=0.078..3.566 rows=10000 loops=1)
         ->  Incremental Sort  (cost=0.94..20014.96 rows=1000000 width=20) (actual time=0.078..3.009 rows=10000 loops=1)
               Sort Key: s_2.a, s_2.b, s_2.c
               Presorted Key: s_2.a, s_2.b
               Sort Method: quicksort  Memory: 27kB
               Sort Groups: 313
               ->  Index Only Scan using s_2_a_b_e_d_c_idx on s_2  (cost=0.42..34844.43 rows=1000000 width=20) (actual time=0.027..1.319 rows=10018 loops=1)
                     Heap Fetches: 0
 Planning time: 0.279 ms
 Execution time: 3.863 ms
(11 rows)

===== 267 [Wed Mar  7 03:17:20 CET 2018] scale:1000000 groups:10000 work_mem:16MB incremental:on max_workers:0 =====
SELECT * FROM s_3 ORDER BY a, b, c, d LIMIT 10000
                                                                         QUERY PLAN                                                                          
-------------------------------------------------------------------------------------------------------------------------------------------------------------
 Limit  (cost=301.08..301.08 rows=1 width=20) (actual time=3.804..3.804 rows=0 loops=1)
   ->  Limit  (cost=0.94..201.08 rows=10000 width=20) (actual time=0.072..3.529 rows=10000 loops=1)
         ->  Incremental Sort  (cost=0.94..20014.96 rows=1000000 width=20) (actual time=0.072..2.979 rows=10000 loops=1)
               Sort Key: s_3.a, s_3.b, s_3.c, s_3.d
               Presorted Key: s_3.a, s_3.b, s_3.c
               Sort Method: quicksort  Memory: 27kB
               Sort Groups: 313
               ->  Index Only Scan using s_3_a_b_c_e_d_idx on s_3  (cost=0.42..34844.43 rows=1000000 width=20) (actual time=0.024..1.307 rows=10017 loops=1)
                     Heap Fetches: 0
 Planning time: 0.285 ms
 Execution time: 3.829 ms
(11 rows)

===== 268 [Wed Mar  7 03:17:20 CET 2018] scale:1000000 groups:10000 work_mem:16MB incremental:off max_workers:0 =====
SELECT * FROM s_1 ORDER BY a, b LIMIT 10000
                                                           QUERY PLAN                                                            
---------------------------------------------------------------------------------------------------------------------------------
 Limit  (cost=87933.56..87933.56 rows=1 width=20) (actual time=126.621..126.621 rows=0 loops=1)
   ->  Limit  (cost=87808.56..87833.56 rows=10000 width=20) (actual time=125.396..126.344 rows=10000 loops=1)
         ->  Sort  (cost=87808.56..90308.56 rows=1000000 width=20) (actual time=125.395..125.798 rows=10000 loops=1)
               Sort Key: s_1.a, s_1.b
               Sort Method: top-N heapsort  Memory: 1550kB
               ->  Seq Scan on s_1  (cost=0.00..16370.00 rows=1000000 width=20) (actual time=0.007..50.275 rows=1000000 loops=1)
 Planning time: 0.267 ms
 Execution time: 126.748 ms
(8 rows)

===== 269 [Wed Mar  7 03:17:21 CET 2018] scale:1000000 groups:10000 work_mem:16MB incremental:off max_workers:0 =====
SELECT * FROM s_2 ORDER BY a, b, c LIMIT 10000
                                                           QUERY PLAN                                                            
---------------------------------------------------------------------------------------------------------------------------------
 Limit  (cost=87933.56..87933.56 rows=1 width=20) (actual time=127.547..127.547 rows=0 loops=1)
   ->  Limit  (cost=87808.56..87833.56 rows=10000 width=20) (actual time=126.346..127.269 rows=10000 loops=1)
         ->  Sort  (cost=87808.56..90308.56 rows=1000000 width=20) (actual time=126.346..126.727 rows=10000 loops=1)
               Sort Key: s_2.a, s_2.b, s_2.c
               Sort Method: top-N heapsort  Memory: 1550kB
               ->  Seq Scan on s_2  (cost=0.00..16370.00 rows=1000000 width=20) (actual time=0.004..50.297 rows=1000000 loops=1)
 Planning time: 0.275 ms
 Execution time: 127.677 ms
(8 rows)

===== 270 [Wed Mar  7 03:17:22 CET 2018] scale:1000000 groups:10000 work_mem:16MB incremental:off max_workers:0 =====
SELECT * FROM s_3 ORDER BY a, b, c, d LIMIT 10000
                                                           QUERY PLAN                                                            
---------------------------------------------------------------------------------------------------------------------------------
 Limit  (cost=87933.56..87933.56 rows=1 width=20) (actual time=129.089..129.089 rows=0 loops=1)
   ->  Limit  (cost=87808.56..87833.56 rows=10000 width=20) (actual time=127.887..128.817 rows=10000 loops=1)
         ->  Sort  (cost=87808.56..90308.56 rows=1000000 width=20) (actual time=127.886..128.270 rows=10000 loops=1)
               Sort Key: s_3.a, s_3.b, s_3.c, s_3.d
               Sort Method: top-N heapsort  Memory: 1550kB
               ->  Seq Scan on s_3  (cost=0.00..16370.00 rows=1000000 width=20) (actual time=0.007..49.723 rows=1000000 loops=1)
 Planning time: 0.282 ms
 Execution time: 129.219 ms
(8 rows)

===== 271 [Wed Mar  7 03:17:22 CET 2018] scale:1000000 groups:10000 work_mem:32MB incremental:on max_workers:0 =====
SELECT * FROM s_1 ORDER BY a, b LIMIT 10000
                                                                         QUERY PLAN                                                                          
-------------------------------------------------------------------------------------------------------------------------------------------------------------
 Limit  (cost=290.98..290.98 rows=1 width=20) (actual time=4.973..4.973 rows=0 loops=1)
   ->  Limit  (cost=7.24..190.98 rows=10000 width=20) (actual time=0.081..4.701 rows=10000 loops=1)
         ->  Incremental Sort  (cost=7.24..18380.94 rows=1000000 width=20) (actual time=0.081..4.152 rows=10000 loops=1)
               Sort Key: s_1.a, s_1.b
               Presorted Key: s_1.a
               Sort Method: quicksort  Memory: 35kB
               Sort Groups: 100
               ->  Index Only Scan using s_1_a_e_d_c_b_idx on s_1  (cost=0.42..34844.43 rows=1000000 width=20) (actual time=0.024..1.305 rows=10004 loops=1)
                     Heap Fetches: 0
 Planning time: 0.284 ms
 Execution time: 5.001 ms
(11 rows)

===== 272 [Wed Mar  7 03:17:22 CET 2018] scale:1000000 groups:10000 work_mem:32MB incremental:on max_workers:0 =====
SELECT * FROM s_2 ORDER BY a, b, c LIMIT 10000
                                                                         QUERY PLAN                                                                          
-------------------------------------------------------------------------------------------------------------------------------------------------------------
 Limit  (cost=301.08..301.08 rows=1 width=20) (actual time=3.837..3.837 rows=0 loops=1)
   ->  Limit  (cost=0.94..201.08 rows=10000 width=20) (actual time=0.077..3.558 rows=10000 loops=1)
         ->  Incremental Sort  (cost=0.94..20014.96 rows=1000000 width=20) (actual time=0.077..3.009 rows=10000 loops=1)
               Sort Key: s_2.a, s_2.b, s_2.c
               Presorted Key: s_2.a, s_2.b
               Sort Method: quicksort  Memory: 27kB
               Sort Groups: 313
               ->  Index Only Scan using s_2_a_b_e_d_c_idx on s_2  (cost=0.42..34844.43 rows=1000000 width=20) (actual time=0.028..1.315 rows=10018 loops=1)
                     Heap Fetches: 0
 Planning time: 0.276 ms
 Execution time: 3.862 ms
(11 rows)

===== 273 [Wed Mar  7 03:17:23 CET 2018] scale:1000000 groups:10000 work_mem:32MB incremental:on max_workers:0 =====
SELECT * FROM s_3 ORDER BY a, b, c, d LIMIT 10000
                                                                         QUERY PLAN                                                                          
-------------------------------------------------------------------------------------------------------------------------------------------------------------
 Limit  (cost=301.08..301.08 rows=1 width=20) (actual time=3.799..3.799 rows=0 loops=1)
   ->  Limit  (cost=0.94..201.08 rows=10000 width=20) (actual time=0.071..3.526 rows=10000 loops=1)
         ->  Incremental Sort  (cost=0.94..20014.96 rows=1000000 width=20) (actual time=0.071..2.974 rows=10000 loops=1)
               Sort Key: s_3.a, s_3.b, s_3.c, s_3.d
               Presorted Key: s_3.a, s_3.b, s_3.c
               Sort Method: quicksort  Memory: 27kB
               Sort Groups: 313
               ->  Index Only Scan using s_3_a_b_c_e_d_idx on s_3  (cost=0.42..34844.43 rows=1000000 width=20) (actual time=0.023..1.298 rows=10017 loops=1)
                     Heap Fetches: 0
 Planning time: 0.286 ms
 Execution time: 3.824 ms
(11 rows)

===== 274 [Wed Mar  7 03:17:23 CET 2018] scale:1000000 groups:10000 work_mem:32MB incremental:off max_workers:0 =====
SELECT * FROM s_1 ORDER BY a, b LIMIT 10000
                                                           QUERY PLAN                                                            
---------------------------------------------------------------------------------------------------------------------------------
 Limit  (cost=87933.56..87933.56 rows=1 width=20) (actual time=126.697..126.697 rows=0 loops=1)
   ->  Limit  (cost=87808.56..87833.56 rows=10000 width=20) (actual time=125.471..126.420 rows=10000 loops=1)
         ->  Sort  (cost=87808.56..90308.56 rows=1000000 width=20) (actual time=125.470..125.873 rows=10000 loops=1)
               Sort Key: s_1.a, s_1.b
               Sort Method: top-N heapsort  Memory: 1550kB
               ->  Seq Scan on s_1  (cost=0.00..16370.00 rows=1000000 width=20) (actual time=0.007..50.303 rows=1000000 loops=1)
 Planning time: 0.269 ms
 Execution time: 126.825 ms
(8 rows)

===== 275 [Wed Mar  7 03:17:23 CET 2018] scale:1000000 groups:10000 work_mem:32MB incremental:off max_workers:0 =====
SELECT * FROM s_2 ORDER BY a, b, c LIMIT 10000
                                                           QUERY PLAN                                                            
---------------------------------------------------------------------------------------------------------------------------------
 Limit  (cost=87933.56..87933.56 rows=1 width=20) (actual time=127.561..127.561 rows=0 loops=1)
   ->  Limit  (cost=87808.56..87833.56 rows=10000 width=20) (actual time=126.358..127.285 rows=10000 loops=1)
         ->  Sort  (cost=87808.56..90308.56 rows=1000000 width=20) (actual time=126.357..126.739 rows=10000 loops=1)
               Sort Key: s_2.a, s_2.b, s_2.c
               Sort Method: top-N heapsort  Memory: 1550kB
               ->  Seq Scan on s_2  (cost=0.00..16370.00 rows=1000000 width=20) (actual time=0.004..50.287 rows=1000000 loops=1)
 Planning time: 0.277 ms
 Execution time: 127.692 ms
(8 rows)

===== 276 [Wed Mar  7 03:17:24 CET 2018] scale:1000000 groups:10000 work_mem:32MB incremental:off max_workers:0 =====
SELECT * FROM s_3 ORDER BY a, b, c, d LIMIT 10000
                                                           QUERY PLAN                                                            
---------------------------------------------------------------------------------------------------------------------------------
 Limit  (cost=87933.56..87933.56 rows=1 width=20) (actual time=129.069..129.069 rows=0 loops=1)
   ->  Limit  (cost=87808.56..87833.56 rows=10000 width=20) (actual time=127.864..128.798 rows=10000 loops=1)
         ->  Sort  (cost=87808.56..90308.56 rows=1000000 width=20) (actual time=127.864..128.251 rows=10000 loops=1)
               Sort Key: s_3.a, s_3.b, s_3.c, s_3.d
               Sort Method: top-N heapsort  Memory: 1550kB
               ->  Seq Scan on s_3  (cost=0.00..16370.00 rows=1000000 width=20) (actual time=0.007..49.709 rows=1000000 loops=1)
 Planning time: 0.282 ms
 Execution time: 129.200 ms
(8 rows)

===== 277 [Wed Mar  7 03:17:25 CET 2018] scale:1000000 groups:10000 work_mem:64MB incremental:on max_workers:0 =====
SELECT * FROM s_1 ORDER BY a, b LIMIT 10000
                                                                         QUERY PLAN                                                                          
-------------------------------------------------------------------------------------------------------------------------------------------------------------
 Limit  (cost=290.98..290.98 rows=1 width=20) (actual time=4.981..4.981 rows=0 loops=1)
   ->  Limit  (cost=7.24..190.98 rows=10000 width=20) (actual time=0.082..4.709 rows=10000 loops=1)
         ->  Incremental Sort  (cost=7.24..18380.94 rows=1000000 width=20) (actual time=0.082..4.160 rows=10000 loops=1)
               Sort Key: s_1.a, s_1.b
               Presorted Key: s_1.a
               Sort Method: quicksort  Memory: 35kB
               Sort Groups: 100
               ->  Index Only Scan using s_1_a_e_d_c_b_idx on s_1  (cost=0.42..34844.43 rows=1000000 width=20) (actual time=0.025..1.305 rows=10004 loops=1)
                     Heap Fetches: 0
 Planning time: 0.273 ms
 Execution time: 5.008 ms
(11 rows)

===== 278 [Wed Mar  7 03:17:25 CET 2018] scale:1000000 groups:10000 work_mem:64MB incremental:on max_workers:0 =====
SELECT * FROM s_2 ORDER BY a, b, c LIMIT 10000
                                                                         QUERY PLAN                                                                          
-------------------------------------------------------------------------------------------------------------------------------------------------------------
 Limit  (cost=301.08..301.08 rows=1 width=20) (actual time=3.842..3.842 rows=0 loops=1)
   ->  Limit  (cost=0.94..201.08 rows=10000 width=20) (actual time=0.077..3.569 rows=10000 loops=1)
         ->  Incremental Sort  (cost=0.94..20014.96 rows=1000000 width=20) (actual time=0.077..3.019 rows=10000 loops=1)
               Sort Key: s_2.a, s_2.b, s_2.c
               Presorted Key: s_2.a, s_2.b
               Sort Method: quicksort  Memory: 27kB
               Sort Groups: 313
               ->  Index Only Scan using s_2_a_b_e_d_c_idx on s_2  (cost=0.42..34844.43 rows=1000000 width=20) (actual time=0.028..1.322 rows=10018 loops=1)
                     Heap Fetches: 0
 Planning time: 0.278 ms
 Execution time: 3.866 ms
(11 rows)

===== 279 [Wed Mar  7 03:17:25 CET 2018] scale:1000000 groups:10000 work_mem:64MB incremental:on max_workers:0 =====
SELECT * FROM s_3 ORDER BY a, b, c, d LIMIT 10000
                                                                         QUERY PLAN                                                                          
-------------------------------------------------------------------------------------------------------------------------------------------------------------
 Limit  (cost=301.08..301.08 rows=1 width=20) (actual time=3.799..3.799 rows=0 loops=1)
   ->  Limit  (cost=0.94..201.08 rows=10000 width=20) (actual time=0.071..3.523 rows=10000 loops=1)
         ->  Incremental Sort  (cost=0.94..20014.96 rows=1000000 width=20) (actual time=0.071..2.973 rows=10000 loops=1)
               Sort Key: s_3.a, s_3.b, s_3.c, s_3.d
               Presorted Key: s_3.a, s_3.b, s_3.c
               Sort Method: quicksort  Memory: 27kB
               Sort Groups: 313
               ->  Index Only Scan using s_3_a_b_c_e_d_idx on s_3  (cost=0.42..34844.43 rows=1000000 width=20) (actual time=0.024..1.302 rows=10017 loops=1)
                     Heap Fetches: 0
 Planning time: 0.285 ms
 Execution time: 3.824 ms
(11 rows)

===== 280 [Wed Mar  7 03:17:25 CET 2018] scale:1000000 groups:10000 work_mem:64MB incremental:off max_workers:0 =====
SELECT * FROM s_1 ORDER BY a, b LIMIT 10000
                                                           QUERY PLAN                                                            
---------------------------------------------------------------------------------------------------------------------------------
 Limit  (cost=87933.56..87933.56 rows=1 width=20) (actual time=126.643..126.643 rows=0 loops=1)
   ->  Limit  (cost=87808.56..87833.56 rows=10000 width=20) (actual time=125.422..126.367 rows=10000 loops=1)
         ->  Sort  (cost=87808.56..90308.56 rows=1000000 width=20) (actual time=125.422..125.819 rows=10000 loops=1)
               Sort Key: s_1.a, s_1.b
               Sort Method: top-N heapsort  Memory: 1550kB
               ->  Seq Scan on s_1  (cost=0.00..16370.00 rows=1000000 width=20) (actual time=0.007..50.248 rows=1000000 loops=1)
 Planning time: 0.272 ms
 Execution time: 126.773 ms
(8 rows)

===== 281 [Wed Mar  7 03:17:25 CET 2018] scale:1000000 groups:10000 work_mem:64MB incremental:off max_workers:0 =====
SELECT * FROM s_2 ORDER BY a, b, c LIMIT 10000
                                                           QUERY PLAN                                                            
---------------------------------------------------------------------------------------------------------------------------------
 Limit  (cost=87933.56..87933.56 rows=1 width=20) (actual time=127.498..127.498 rows=0 loops=1)
   ->  Limit  (cost=87808.56..87833.56 rows=10000 width=20) (actual time=126.294..127.224 rows=10000 loops=1)
         ->  Sort  (cost=87808.56..90308.56 rows=1000000 width=20) (actual time=126.293..126.678 rows=10000 loops=1)
               Sort Key: s_2.a, s_2.b, s_2.c
               Sort Method: top-N heapsort  Memory: 1550kB
               ->  Seq Scan on s_2  (cost=0.00..16370.00 rows=1000000 width=20) (actual time=0.004..50.272 rows=1000000 loops=1)
 Planning time: 0.279 ms
 Execution time: 127.627 ms
(8 rows)

===== 282 [Wed Mar  7 03:17:26 CET 2018] scale:1000000 groups:10000 work_mem:64MB incremental:off max_workers:0 =====
SELECT * FROM s_3 ORDER BY a, b, c, d LIMIT 10000
                                                           QUERY PLAN                                                            
---------------------------------------------------------------------------------------------------------------------------------
 Limit  (cost=87933.56..87933.56 rows=1 width=20) (actual time=129.112..129.112 rows=0 loops=1)
   ->  Limit  (cost=87808.56..87833.56 rows=10000 width=20) (actual time=127.903..128.835 rows=10000 loops=1)
         ->  Sort  (cost=87808.56..90308.56 rows=1000000 width=20) (actual time=127.902..128.292 rows=10000 loops=1)
               Sort Key: s_3.a, s_3.b, s_3.c, s_3.d
               Sort Method: top-N heapsort  Memory: 1550kB
               ->  Seq Scan on s_3  (cost=0.00..16370.00 rows=1000000 width=20) (actual time=0.007..49.693 rows=1000000 loops=1)
 Planning time: 0.282 ms
 Execution time: 129.242 ms
(8 rows)

===== 283 [Wed Mar  7 03:17:27 CET 2018] scale:1000000 groups:10000 work_mem:128MB incremental:on max_workers:0 =====
SELECT * FROM s_1 ORDER BY a, b LIMIT 10000
                                                                         QUERY PLAN                                                                          
-------------------------------------------------------------------------------------------------------------------------------------------------------------
 Limit  (cost=290.98..290.98 rows=1 width=20) (actual time=4.986..4.986 rows=0 loops=1)
   ->  Limit  (cost=7.24..190.98 rows=10000 width=20) (actual time=0.086..4.709 rows=10000 loops=1)
         ->  Incremental Sort  (cost=7.24..18380.94 rows=1000000 width=20) (actual time=0.086..4.162 rows=10000 loops=1)
               Sort Key: s_1.a, s_1.b
               Presorted Key: s_1.a
               Sort Method: quicksort  Memory: 35kB
               Sort Groups: 100
               ->  Index Only Scan using s_1_a_e_d_c_b_idx on s_1  (cost=0.42..34844.43 rows=1000000 width=20) (actual time=0.025..1.307 rows=10004 loops=1)
                     Heap Fetches: 0
 Planning time: 0.272 ms
 Execution time: 5.012 ms
(11 rows)

===== 284 [Wed Mar  7 03:17:27 CET 2018] scale:1000000 groups:10000 work_mem:128MB incremental:on max_workers:0 =====
SELECT * FROM s_2 ORDER BY a, b, c LIMIT 10000
                                                                         QUERY PLAN                                                                          
-------------------------------------------------------------------------------------------------------------------------------------------------------------
 Limit  (cost=301.08..301.08 rows=1 width=20) (actual time=3.834..3.834 rows=0 loops=1)
   ->  Limit  (cost=0.94..201.08 rows=10000 width=20) (actual time=0.076..3.557 rows=10000 loops=1)
         ->  Incremental Sort  (cost=0.94..20014.96 rows=1000000 width=20) (actual time=0.076..3.004 rows=10000 loops=1)
               Sort Key: s_2.a, s_2.b, s_2.c
               Presorted Key: s_2.a, s_2.b
               Sort Method: quicksort  Memory: 27kB
               Sort Groups: 313
               ->  Index Only Scan using s_2_a_b_e_d_c_idx on s_2  (cost=0.42..34844.43 rows=1000000 width=20) (actual time=0.027..1.311 rows=10018 loops=1)
                     Heap Fetches: 0
 Planning time: 0.283 ms
 Execution time: 3.859 ms
(11 rows)

===== 285 [Wed Mar  7 03:17:27 CET 2018] scale:1000000 groups:10000 work_mem:128MB incremental:on max_workers:0 =====
SELECT * FROM s_3 ORDER BY a, b, c, d LIMIT 10000
                                                                         QUERY PLAN                                                                          
-------------------------------------------------------------------------------------------------------------------------------------------------------------
 Limit  (cost=301.08..301.08 rows=1 width=20) (actual time=3.784..3.784 rows=0 loops=1)
   ->  Limit  (cost=0.94..201.08 rows=10000 width=20) (actual time=0.074..3.507 rows=10000 loops=1)
         ->  Incremental Sort  (cost=0.94..20014.96 rows=1000000 width=20) (actual time=0.074..2.955 rows=10000 loops=1)
               Sort Key: s_3.a, s_3.b, s_3.c, s_3.d
               Presorted Key: s_3.a, s_3.b, s_3.c
               Sort Method: quicksort  Memory: 27kB
               Sort Groups: 313
               ->  Index Only Scan using s_3_a_b_c_e_d_idx on s_3  (cost=0.42..34844.43 rows=1000000 width=20) (actual time=0.025..1.303 rows=10017 loops=1)
                     Heap Fetches: 0
 Planning time: 0.285 ms
 Execution time: 3.809 ms
(11 rows)

===== 286 [Wed Mar  7 03:17:27 CET 2018] scale:1000000 groups:10000 work_mem:128MB incremental:off max_workers:0 =====
SELECT * FROM s_1 ORDER BY a, b LIMIT 10000
                                                           QUERY PLAN                                                            
---------------------------------------------------------------------------------------------------------------------------------
 Limit  (cost=87933.56..87933.56 rows=1 width=20) (actual time=126.670..126.670 rows=0 loops=1)
   ->  Limit  (cost=87808.56..87833.56 rows=10000 width=20) (actual time=125.447..126.390 rows=10000 loops=1)
         ->  Sort  (cost=87808.56..90308.56 rows=1000000 width=20) (actual time=125.447..125.847 rows=10000 loops=1)
               Sort Key: s_1.a, s_1.b
               Sort Method: top-N heapsort  Memory: 1550kB
               ->  Seq Scan on s_1  (cost=0.00..16370.00 rows=1000000 width=20) (actual time=0.007..50.259 rows=1000000 loops=1)
 Planning time: 0.267 ms
 Execution time: 126.800 ms
(8 rows)

===== 287 [Wed Mar  7 03:17:28 CET 2018] scale:1000000 groups:10000 work_mem:128MB incremental:off max_workers:0 =====
SELECT * FROM s_2 ORDER BY a, b, c LIMIT 10000
                                                           QUERY PLAN                                                            
---------------------------------------------------------------------------------------------------------------------------------
 Limit  (cost=87933.56..87933.56 rows=1 width=20) (actual time=127.508..127.508 rows=0 loops=1)
   ->  Limit  (cost=87808.56..87833.56 rows=10000 width=20) (actual time=126.308..127.233 rows=10000 loops=1)
         ->  Sort  (cost=87808.56..90308.56 rows=1000000 width=20) (actual time=126.308..126.688 rows=10000 loops=1)
               Sort Key: s_2.a, s_2.b, s_2.c
               Sort Method: top-N heapsort  Memory: 1550kB
               ->  Seq Scan on s_2  (cost=0.00..16370.00 rows=1000000 width=20) (actual time=0.004..50.282 rows=1000000 loops=1)
 Planning time: 0.282 ms
 Execution time: 127.640 ms
(8 rows)

===== 288 [Wed Mar  7 03:17:28 CET 2018] scale:1000000 groups:10000 work_mem:128MB incremental:off max_workers:0 =====
SELECT * FROM s_3 ORDER BY a, b, c, d LIMIT 10000
                                                           QUERY PLAN                                                            
---------------------------------------------------------------------------------------------------------------------------------
 Limit  (cost=87933.56..87933.56 rows=1 width=20) (actual time=129.118..129.118 rows=0 loops=1)
   ->  Limit  (cost=87808.56..87833.56 rows=10000 width=20) (actual time=127.914..128.842 rows=10000 loops=1)
         ->  Sort  (cost=87808.56..90308.56 rows=1000000 width=20) (actual time=127.914..128.299 rows=10000 loops=1)
               Sort Key: s_3.a, s_3.b, s_3.c, s_3.d
               Sort Method: top-N heapsort  Memory: 1550kB
               ->  Seq Scan on s_3  (cost=0.00..16370.00 rows=1000000 width=20) (actual time=0.007..49.701 rows=1000000 loops=1)
 Planning time: 0.283 ms
 Execution time: 129.247 ms
(8 rows)

===== 289 [Wed Mar  7 03:17:29 CET 2018] scale:1000000 groups:10000 work_mem:256MB incremental:on max_workers:0 =====
SELECT * FROM s_1 ORDER BY a, b LIMIT 10000
                                                                         QUERY PLAN                                                                          
-------------------------------------------------------------------------------------------------------------------------------------------------------------
 Limit  (cost=290.98..290.98 rows=1 width=20) (actual time=4.974..4.974 rows=0 loops=1)
   ->  Limit  (cost=7.24..190.98 rows=10000 width=20) (actual time=0.082..4.702 rows=10000 loops=1)
         ->  Incremental Sort  (cost=7.24..18380.94 rows=1000000 width=20) (actual time=0.082..4.154 rows=10000 loops=1)
               Sort Key: s_1.a, s_1.b
               Presorted Key: s_1.a
               Sort Method: quicksort  Memory: 35kB
               Sort Groups: 100
               ->  Index Only Scan using s_1_a_e_d_c_b_idx on s_1  (cost=0.42..34844.43 rows=1000000 width=20) (actual time=0.025..1.308 rows=10004 loops=1)
                     Heap Fetches: 0
 Planning time: 0.271 ms
 Execution time: 5.000 ms
(11 rows)

===== 290 [Wed Mar  7 03:17:29 CET 2018] scale:1000000 groups:10000 work_mem:256MB incremental:on max_workers:0 =====
SELECT * FROM s_2 ORDER BY a, b, c LIMIT 10000
                                                                         QUERY PLAN                                                                          
-------------------------------------------------------------------------------------------------------------------------------------------------------------
 Limit  (cost=301.08..301.08 rows=1 width=20) (actual time=3.838..3.838 rows=0 loops=1)
   ->  Limit  (cost=0.94..201.08 rows=10000 width=20) (actual time=0.077..3.562 rows=10000 loops=1)
         ->  Incremental Sort  (cost=0.94..20014.96 rows=1000000 width=20) (actual time=0.076..3.010 rows=10000 loops=1)
               Sort Key: s_2.a, s_2.b, s_2.c
               Presorted Key: s_2.a, s_2.b
               Sort Method: quicksort  Memory: 27kB
               Sort Groups: 313
               ->  Index Only Scan using s_2_a_b_e_d_c_idx on s_2  (cost=0.42..34844.43 rows=1000000 width=20) (actual time=0.028..1.320 rows=10018 loops=1)
                     Heap Fetches: 0
 Planning time: 0.277 ms
 Execution time: 3.864 ms
(11 rows)

===== 291 [Wed Mar  7 03:17:29 CET 2018] scale:1000000 groups:10000 work_mem:256MB incremental:on max_workers:0 =====
SELECT * FROM s_3 ORDER BY a, b, c, d LIMIT 10000
                                                                         QUERY PLAN                                                                          
-------------------------------------------------------------------------------------------------------------------------------------------------------------
 Limit  (cost=301.08..301.08 rows=1 width=20) (actual time=3.807..3.807 rows=0 loops=1)
   ->  Limit  (cost=0.94..201.08 rows=10000 width=20) (actual time=0.072..3.533 rows=10000 loops=1)
         ->  Incremental Sort  (cost=0.94..20014.96 rows=1000000 width=20) (actual time=0.072..2.978 rows=10000 loops=1)
               Sort Key: s_3.a, s_3.b, s_3.c, s_3.d
               Presorted Key: s_3.a, s_3.b, s_3.c
               Sort Method: quicksort  Memory: 27kB
               Sort Groups: 313
               ->  Index Only Scan using s_3_a_b_c_e_d_idx on s_3  (cost=0.42..34844.43 rows=1000000 width=20) (actual time=0.024..1.308 rows=10017 loops=1)
                     Heap Fetches: 0
 Planning time: 0.288 ms
 Execution time: 3.833 ms
(11 rows)

===== 292 [Wed Mar  7 03:17:29 CET 2018] scale:1000000 groups:10000 work_mem:256MB incremental:off max_workers:0 =====
SELECT * FROM s_1 ORDER BY a, b LIMIT 10000
                                                           QUERY PLAN                                                            
---------------------------------------------------------------------------------------------------------------------------------
 Limit  (cost=87933.56..87933.56 rows=1 width=20) (actual time=126.585..126.585 rows=0 loops=1)
   ->  Limit  (cost=87808.56..87833.56 rows=10000 width=20) (actual time=125.365..126.307 rows=10000 loops=1)
         ->  Sort  (cost=87808.56..90308.56 rows=1000000 width=20) (actual time=125.365..125.760 rows=10000 loops=1)
               Sort Key: s_1.a, s_1.b
               Sort Method: top-N heapsort  Memory: 1550kB
               ->  Seq Scan on s_1  (cost=0.00..16370.00 rows=1000000 width=20) (actual time=0.007..50.231 rows=1000000 loops=1)
 Planning time: 0.266 ms
 Execution time: 126.717 ms
(8 rows)

===== 293 [Wed Mar  7 03:17:30 CET 2018] scale:1000000 groups:10000 work_mem:256MB incremental:off max_workers:0 =====
SELECT * FROM s_2 ORDER BY a, b, c LIMIT 10000
                                                           QUERY PLAN                                                            
---------------------------------------------------------------------------------------------------------------------------------
 Limit  (cost=87933.56..87933.56 rows=1 width=20) (actual time=127.516..127.516 rows=0 loops=1)
   ->  Limit  (cost=87808.56..87833.56 rows=10000 width=20) (actual time=126.314..127.242 rows=10000 loops=1)
         ->  Sort  (cost=87808.56..90308.56 rows=1000000 width=20) (actual time=126.313..126.697 rows=10000 loops=1)
               Sort Key: s_2.a, s_2.b, s_2.c
               Sort Method: top-N heapsort  Memory: 1550kB
               ->  Seq Scan on s_2  (cost=0.00..16370.00 rows=1000000 width=20) (actual time=0.004..50.266 rows=1000000 loops=1)
 Planning time: 0.274 ms
 Execution time: 127.643 ms
(8 rows)

===== 294 [Wed Mar  7 03:17:30 CET 2018] scale:1000000 groups:10000 work_mem:256MB incremental:off max_workers:0 =====
SELECT * FROM s_3 ORDER BY a, b, c, d LIMIT 10000
                                                           QUERY PLAN                                                            
---------------------------------------------------------------------------------------------------------------------------------
 Limit  (cost=87933.56..87933.56 rows=1 width=20) (actual time=129.091..129.091 rows=0 loops=1)
   ->  Limit  (cost=87808.56..87833.56 rows=10000 width=20) (actual time=127.887..128.814 rows=10000 loops=1)
         ->  Sort  (cost=87808.56..90308.56 rows=1000000 width=20) (actual time=127.886..128.271 rows=10000 loops=1)
               Sort Key: s_3.a, s_3.b, s_3.c, s_3.d
               Sort Method: top-N heapsort  Memory: 1550kB
               ->  Seq Scan on s_3  (cost=0.00..16370.00 rows=1000000 width=20) (actual time=0.007..49.711 rows=1000000 loops=1)
 Planning time: 0.279 ms
 Execution time: 129.218 ms
(8 rows)

===== 295 [Wed Mar  7 03:17:31 CET 2018] scale:1000000 groups:10000 work_mem:4MB incremental:on max_workers:2 =====
SELECT * FROM s_1 ORDER BY a, b LIMIT 10000
                                                                         QUERY PLAN                                                                          
-------------------------------------------------------------------------------------------------------------------------------------------------------------
 Limit  (cost=290.98..290.98 rows=1 width=20) (actual time=4.981..4.981 rows=0 loops=1)
   ->  Limit  (cost=7.24..190.98 rows=10000 width=20) (actual time=0.083..4.704 rows=10000 loops=1)
         ->  Incremental Sort  (cost=7.24..18380.94 rows=1000000 width=20) (actual time=0.083..4.157 rows=10000 loops=1)
               Sort Key: s_1.a, s_1.b
               Presorted Key: s_1.a
               Sort Method: quicksort  Memory: 35kB
               Sort Groups: 100
               ->  Index Only Scan using s_1_a_e_d_c_b_idx on s_1  (cost=0.42..34844.43 rows=1000000 width=20) (actual time=0.026..1.311 rows=10004 loops=1)
                     Heap Fetches: 0
 Planning time: 0.276 ms
 Execution time: 5.007 ms
(11 rows)

===== 296 [Wed Mar  7 03:17:31 CET 2018] scale:1000000 groups:10000 work_mem:4MB incremental:on max_workers:2 =====
SELECT * FROM s_2 ORDER BY a, b, c LIMIT 10000
                                                                         QUERY PLAN                                                                          
-------------------------------------------------------------------------------------------------------------------------------------------------------------
 Limit  (cost=301.08..301.08 rows=1 width=20) (actual time=3.842..3.842 rows=0 loops=1)
   ->  Limit  (cost=0.94..201.08 rows=10000 width=20) (actual time=0.078..3.570 rows=10000 loops=1)
         ->  Incremental Sort  (cost=0.94..20014.96 rows=1000000 width=20) (actual time=0.077..3.019 rows=10000 loops=1)
               Sort Key: s_2.a, s_2.b, s_2.c
               Presorted Key: s_2.a, s_2.b
               Sort Method: quicksort  Memory: 27kB
               Sort Groups: 313
               ->  Index Only Scan using s_2_a_b_e_d_c_idx on s_2  (cost=0.42..34844.43 rows=1000000 width=20) (actual time=0.028..1.324 rows=10018 loops=1)
                     Heap Fetches: 0
 Planning time: 0.291 ms
 Execution time: 3.871 ms
(11 rows)

===== 297 [Wed Mar  7 03:17:31 CET 2018] scale:1000000 groups:10000 work_mem:4MB incremental:on max_workers:2 =====
SELECT * FROM s_3 ORDER BY a, b, c, d LIMIT 10000
                                                                         QUERY PLAN                                                                          
-------------------------------------------------------------------------------------------------------------------------------------------------------------
 Limit  (cost=301.08..301.08 rows=1 width=20) (actual time=3.793..3.793 rows=0 loops=1)
   ->  Limit  (cost=0.94..201.08 rows=10000 width=20) (actual time=0.072..3.515 rows=10000 loops=1)
         ->  Incremental Sort  (cost=0.94..20014.96 rows=1000000 width=20) (actual time=0.071..2.966 rows=10000 loops=1)
               Sort Key: s_3.a, s_3.b, s_3.c, s_3.d
               Presorted Key: s_3.a, s_3.b, s_3.c
               Sort Method: quicksort  Memory: 27kB
               Sort Groups: 313
               ->  Index Only Scan using s_3_a_b_c_e_d_idx on s_3  (cost=0.42..34844.43 rows=1000000 width=20) (actual time=0.023..1.297 rows=10017 loops=1)
                     Heap Fetches: 0
 Planning time: 0.297 ms
 Execution time: 3.818 ms
(11 rows)

===== 298 [Wed Mar  7 03:17:31 CET 2018] scale:1000000 groups:10000 work_mem:4MB incremental:off max_workers:2 =====
SELECT * FROM s_1 ORDER BY a, b LIMIT 10000
                                                                  QUERY PLAN                                                                  
----------------------------------------------------------------------------------------------------------------------------------------------
 Limit  (cost=42569.53..42569.53 rows=1 width=20) (actual time=51.149..51.149 rows=0 loops=1)
   ->  Limit  (cost=41302.78..42469.53 rows=10000 width=20) (actual time=48.923..50.866 rows=10000 loops=1)
         ->  Gather Merge  (cost=41302.78..138531.87 rows=833334 width=20) (actual time=48.922..50.305 rows=10000 loops=1)
               Workers Planned: 2
               Workers Launched: 2
               ->  Sort  (cost=40302.76..41344.43 rows=416667 width=20) (actual time=47.466..47.637 rows=4113 loops=3)
                     Sort Key: s_1.a, s_1.b
                     Sort Method: top-N heapsort  Memory: 1550kB
                     Worker 0:  Sort Method: top-N heapsort  Memory: 1552kB
                     Worker 1:  Sort Method: top-N heapsort  Memory: 1550kB
                     ->  Parallel Seq Scan on s_1  (cost=0.00..10536.67 rows=416667 width=20) (actual time=0.006..18.378 rows=333333 loops=3)
 Planning time: 0.283 ms
 Execution time: 53.198 ms
(13 rows)

===== 299 [Wed Mar  7 03:17:32 CET 2018] scale:1000000 groups:10000 work_mem:4MB incremental:off max_workers:2 =====
SELECT * FROM s_2 ORDER BY a, b, c LIMIT 10000
                                                                  QUERY PLAN                                                                  
----------------------------------------------------------------------------------------------------------------------------------------------
 Limit  (cost=42569.53..42569.53 rows=1 width=20) (actual time=51.753..51.753 rows=0 loops=1)
   ->  Limit  (cost=41302.78..42469.53 rows=10000 width=20) (actual time=49.556..51.474 rows=10000 loops=1)
         ->  Gather Merge  (cost=41302.78..138531.87 rows=833334 width=20) (actual time=49.556..50.916 rows=10000 loops=1)
               Workers Planned: 2
               Workers Launched: 2
               ->  Sort  (cost=40302.76..41344.43 rows=416667 width=20) (actual time=48.082..48.249 rows=4113 loops=3)
                     Sort Key: s_2.a, s_2.b, s_2.c
                     Sort Method: top-N heapsort  Memory: 1550kB
                     Worker 0:  Sort Method: top-N heapsort  Memory: 1550kB
                     Worker 1:  Sort Method: top-N heapsort  Memory: 1550kB
                     ->  Parallel Seq Scan on s_2  (cost=0.00..10536.67 rows=416667 width=20) (actual time=0.007..18.308 rows=333333 loops=3)
 Planning time: 0.293 ms
 Execution time: 53.797 ms
(13 rows)

===== 300 [Wed Mar  7 03:17:32 CET 2018] scale:1000000 groups:10000 work_mem:4MB incremental:off max_workers:2 =====
SELECT * FROM s_3 ORDER BY a, b, c, d LIMIT 10000
                                                                  QUERY PLAN                                                                  
----------------------------------------------------------------------------------------------------------------------------------------------
 Limit  (cost=42569.53..42569.53 rows=1 width=20) (actual time=52.155..52.155 rows=0 loops=1)
   ->  Limit  (cost=41302.78..42469.53 rows=10000 width=20) (actual time=49.953..51.874 rows=10000 loops=1)
         ->  Gather Merge  (cost=41302.78..138531.87 rows=833334 width=20) (actual time=49.953..51.318 rows=10000 loops=1)
               Workers Planned: 2
               Workers Launched: 2
               ->  Sort  (cost=40302.76..41344.43 rows=416667 width=20) (actual time=48.456..48.623 rows=4113 loops=3)
                     Sort Key: s_3.a, s_3.b, s_3.c, s_3.d
                     Sort Method: top-N heapsort  Memory: 1550kB
                     Worker 0:  Sort Method: top-N heapsort  Memory: 1550kB
                     Worker 1:  Sort Method: top-N heapsort  Memory: 1550kB
                     ->  Parallel Seq Scan on s_3  (cost=0.00..10536.67 rows=416667 width=20) (actual time=0.009..18.432 rows=333333 loops=3)
 Planning time: 0.295 ms
 Execution time: 54.264 ms
(13 rows)

===== 301 [Wed Mar  7 03:17:32 CET 2018] scale:1000000 groups:10000 work_mem:8MB incremental:on max_workers:2 =====
SELECT * FROM s_1 ORDER BY a, b LIMIT 10000
                                                                         QUERY PLAN                                                                          
-------------------------------------------------------------------------------------------------------------------------------------------------------------
 Limit  (cost=290.98..290.98 rows=1 width=20) (actual time=4.976..4.976 rows=0 loops=1)
   ->  Limit  (cost=7.24..190.98 rows=10000 width=20) (actual time=0.081..4.705 rows=10000 loops=1)
         ->  Incremental Sort  (cost=7.24..18380.94 rows=1000000 width=20) (actual time=0.081..4.154 rows=10000 loops=1)
               Sort Key: s_1.a, s_1.b
               Presorted Key: s_1.a
               Sort Method: quicksort  Memory: 35kB
               Sort Groups: 100
               ->  Index Only Scan using s_1_a_e_d_c_b_idx on s_1  (cost=0.42..34844.43 rows=1000000 width=20) (actual time=0.025..1.310 rows=10004 loops=1)
                     Heap Fetches: 0
 Planning time: 0.283 ms
 Execution time: 5.003 ms
(11 rows)

===== 302 [Wed Mar  7 03:17:32 CET 2018] scale:1000000 groups:10000 work_mem:8MB incremental:on max_workers:2 =====
SELECT * FROM s_2 ORDER BY a, b, c LIMIT 10000
                                                                         QUERY PLAN                                                                          
-------------------------------------------------------------------------------------------------------------------------------------------------------------
 Limit  (cost=301.08..301.08 rows=1 width=20) (actual time=3.837..3.837 rows=0 loops=1)
   ->  Limit  (cost=0.94..201.08 rows=10000 width=20) (actual time=0.076..3.564 rows=10000 loops=1)
         ->  Incremental Sort  (cost=0.94..20014.96 rows=1000000 width=20) (actual time=0.076..3.013 rows=10000 loops=1)
               Sort Key: s_2.a, s_2.b, s_2.c
               Presorted Key: s_2.a, s_2.b
               Sort Method: quicksort  Memory: 27kB
               Sort Groups: 313
               ->  Index Only Scan using s_2_a_b_e_d_c_idx on s_2  (cost=0.42..34844.43 rows=1000000 width=20) (actual time=0.027..1.327 rows=10018 loops=1)
                     Heap Fetches: 0
 Planning time: 0.283 ms
 Execution time: 3.866 ms
(11 rows)

===== 303 [Wed Mar  7 03:17:33 CET 2018] scale:1000000 groups:10000 work_mem:8MB incremental:on max_workers:2 =====
SELECT * FROM s_3 ORDER BY a, b, c, d LIMIT 10000
                                                                         QUERY PLAN                                                                          
-------------------------------------------------------------------------------------------------------------------------------------------------------------
 Limit  (cost=301.08..301.08 rows=1 width=20) (actual time=3.800..3.800 rows=0 loops=1)
   ->  Limit  (cost=0.94..201.08 rows=10000 width=20) (actual time=0.072..3.524 rows=10000 loops=1)
         ->  Incremental Sort  (cost=0.94..20014.96 rows=1000000 width=20) (actual time=0.072..2.974 rows=10000 loops=1)
               Sort Key: s_3.a, s_3.b, s_3.c, s_3.d
               Presorted Key: s_3.a, s_3.b, s_3.c
               Sort Method: quicksort  Memory: 27kB
               Sort Groups: 313
               ->  Index Only Scan using s_3_a_b_c_e_d_idx on s_3  (cost=0.42..34844.43 rows=1000000 width=20) (actual time=0.024..1.301 rows=10017 loops=1)
                     Heap Fetches: 0
 Planning time: 0.293 ms
 Execution time: 3.827 ms
(11 rows)

===== 304 [Wed Mar  7 03:17:33 CET 2018] scale:1000000 groups:10000 work_mem:8MB incremental:off max_workers:2 =====
SELECT * FROM s_1 ORDER BY a, b LIMIT 10000
                                                                  QUERY PLAN                                                                  
----------------------------------------------------------------------------------------------------------------------------------------------
 Limit  (cost=42569.53..42569.53 rows=1 width=20) (actual time=51.195..51.195 rows=0 loops=1)
   ->  Limit  (cost=41302.78..42469.53 rows=10000 width=20) (actual time=48.969..50.914 rows=10000 loops=1)
         ->  Gather Merge  (cost=41302.78..138531.87 rows=833334 width=20) (actual time=48.969..50.349 rows=10000 loops=1)
               Workers Planned: 2
               Workers Launched: 2
               ->  Sort  (cost=40302.76..41344.43 rows=416667 width=20) (actual time=47.454..47.625 rows=4113 loops=3)
                     Sort Key: s_1.a, s_1.b
                     Sort Method: top-N heapsort  Memory: 1550kB
                     Worker 0:  Sort Method: top-N heapsort  Memory: 1550kB
                     Worker 1:  Sort Method: top-N heapsort  Memory: 1552kB
                     ->  Parallel Seq Scan on s_1  (cost=0.00..10536.67 rows=416667 width=20) (actual time=0.005..18.373 rows=333333 loops=3)
 Planning time: 0.278 ms
 Execution time: 53.231 ms
(13 rows)

===== 305 [Wed Mar  7 03:17:33 CET 2018] scale:1000000 groups:10000 work_mem:8MB incremental:off max_workers:2 =====
SELECT * FROM s_2 ORDER BY a, b, c LIMIT 10000
                                                                  QUERY PLAN                                                                  
----------------------------------------------------------------------------------------------------------------------------------------------
 Limit  (cost=42569.53..42569.53 rows=1 width=20) (actual time=52.036..52.036 rows=0 loops=1)
   ->  Limit  (cost=41302.78..42469.53 rows=10000 width=20) (actual time=49.824..51.752 rows=10000 loops=1)
         ->  Gather Merge  (cost=41302.78..138531.87 rows=833334 width=20) (actual time=49.823..51.187 rows=10000 loops=1)
               Workers Planned: 2
               Workers Launched: 2
               ->  Sort  (cost=40302.76..41344.43 rows=416667 width=20) (actual time=48.064..48.231 rows=4113 loops=3)
                     Sort Key: s_2.a, s_2.b, s_2.c
                     Sort Method: top-N heapsort  Memory: 1550kB
                     Worker 0:  Sort Method: top-N heapsort  Memory: 1550kB
                     Worker 1:  Sort Method: top-N heapsort  Memory: 1550kB
                     ->  Parallel Seq Scan on s_2  (cost=0.00..10536.67 rows=416667 width=20) (actual time=0.006..18.298 rows=333333 loops=3)
 Planning time: 0.286 ms
 Execution time: 54.030 ms
(13 rows)

===== 306 [Wed Mar  7 03:17:33 CET 2018] scale:1000000 groups:10000 work_mem:8MB incremental:off max_workers:2 =====
SELECT * FROM s_3 ORDER BY a, b, c, d LIMIT 10000
                                                                  QUERY PLAN                                                                  
----------------------------------------------------------------------------------------------------------------------------------------------
 Limit  (cost=42569.53..42569.53 rows=1 width=20) (actual time=52.150..52.150 rows=0 loops=1)
   ->  Limit  (cost=41302.78..42469.53 rows=10000 width=20) (actual time=49.946..51.868 rows=10000 loops=1)
         ->  Gather Merge  (cost=41302.78..138531.87 rows=833334 width=20) (actual time=49.946..51.312 rows=10000 loops=1)
               Workers Planned: 2
               Workers Launched: 2
               ->  Sort  (cost=40302.76..41344.43 rows=416667 width=20) (actual time=48.453..48.619 rows=4113 loops=3)
                     Sort Key: s_3.a, s_3.b, s_3.c, s_3.d
                     Sort Method: top-N heapsort  Memory: 1550kB
                     Worker 0:  Sort Method: top-N heapsort  Memory: 1550kB
                     Worker 1:  Sort Method: top-N heapsort  Memory: 1550kB
                     ->  Parallel Seq Scan on s_3  (cost=0.00..10536.67 rows=416667 width=20) (actual time=0.009..18.433 rows=333333 loops=3)
 Planning time: 0.298 ms
 Execution time: 54.277 ms
(13 rows)

===== 307 [Wed Mar  7 03:17:34 CET 2018] scale:1000000 groups:10000 work_mem:16MB incremental:on max_workers:2 =====
SELECT * FROM s_1 ORDER BY a, b LIMIT 10000
                                                                         QUERY PLAN                                                                          
-------------------------------------------------------------------------------------------------------------------------------------------------------------
 Limit  (cost=290.98..290.98 rows=1 width=20) (actual time=4.980..4.980 rows=0 loops=1)
   ->  Limit  (cost=7.24..190.98 rows=10000 width=20) (actual time=0.081..4.704 rows=10000 loops=1)
         ->  Incremental Sort  (cost=7.24..18380.94 rows=1000000 width=20) (actual time=0.081..4.155 rows=10000 loops=1)
               Sort Key: s_1.a, s_1.b
               Presorted Key: s_1.a
               Sort Method: quicksort  Memory: 35kB
               Sort Groups: 100
               ->  Index Only Scan using s_1_a_e_d_c_b_idx on s_1  (cost=0.42..34844.43 rows=1000000 width=20) (actual time=0.025..1.315 rows=10004 loops=1)
                     Heap Fetches: 0
 Planning time: 0.277 ms
 Execution time: 5.006 ms
(11 rows)

===== 308 [Wed Mar  7 03:17:34 CET 2018] scale:1000000 groups:10000 work_mem:16MB incremental:on max_workers:2 =====
SELECT * FROM s_2 ORDER BY a, b, c LIMIT 10000
                                                                         QUERY PLAN                                                                          
-------------------------------------------------------------------------------------------------------------------------------------------------------------
 Limit  (cost=301.08..301.08 rows=1 width=20) (actual time=3.834..3.834 rows=0 loops=1)
   ->  Limit  (cost=0.94..201.08 rows=10000 width=20) (actual time=0.078..3.562 rows=10000 loops=1)
         ->  Incremental Sort  (cost=0.94..20014.96 rows=1000000 width=20) (actual time=0.077..3.011 rows=10000 loops=1)
               Sort Key: s_2.a, s_2.b, s_2.c
               Presorted Key: s_2.a, s_2.b
               Sort Method: quicksort  Memory: 27kB
               Sort Groups: 313
               ->  Index Only Scan using s_2_a_b_e_d_c_idx on s_2  (cost=0.42..34844.43 rows=1000000 width=20) (actual time=0.027..1.322 rows=10018 loops=1)
                     Heap Fetches: 0
 Planning time: 0.290 ms
 Execution time: 3.865 ms
(11 rows)

===== 309 [Wed Mar  7 03:17:34 CET 2018] scale:1000000 groups:10000 work_mem:16MB incremental:on max_workers:2 =====
SELECT * FROM s_3 ORDER BY a, b, c, d LIMIT 10000
                                                                         QUERY PLAN                                                                          
-------------------------------------------------------------------------------------------------------------------------------------------------------------
 Limit  (cost=301.08..301.08 rows=1 width=20) (actual time=3.800..3.800 rows=0 loops=1)
   ->  Limit  (cost=0.94..201.08 rows=10000 width=20) (actual time=0.072..3.521 rows=10000 loops=1)
         ->  Incremental Sort  (cost=0.94..20014.96 rows=1000000 width=20) (actual time=0.072..2.971 rows=10000 loops=1)
               Sort Key: s_3.a, s_3.b, s_3.c, s_3.d
               Presorted Key: s_3.a, s_3.b, s_3.c
               Sort Method: quicksort  Memory: 27kB
               Sort Groups: 313
               ->  Index Only Scan using s_3_a_b_c_e_d_idx on s_3  (cost=0.42..34844.43 rows=1000000 width=20) (actual time=0.024..1.297 rows=10017 loops=1)
                     Heap Fetches: 0
 Planning time: 0.288 ms
 Execution time: 3.824 ms
(11 rows)

===== 310 [Wed Mar  7 03:17:34 CET 2018] scale:1000000 groups:10000 work_mem:16MB incremental:off max_workers:2 =====
SELECT * FROM s_1 ORDER BY a, b LIMIT 10000
                                                                  QUERY PLAN                                                                  
----------------------------------------------------------------------------------------------------------------------------------------------
 Limit  (cost=42569.53..42569.53 rows=1 width=20) (actual time=51.122..51.122 rows=0 loops=1)
   ->  Limit  (cost=41302.78..42469.53 rows=10000 width=20) (actual time=48.898..50.844 rows=10000 loops=1)
         ->  Gather Merge  (cost=41302.78..138531.87 rows=833334 width=20) (actual time=48.898..50.282 rows=10000 loops=1)
               Workers Planned: 2
               Workers Launched: 2
               ->  Sort  (cost=40302.76..41344.43 rows=416667 width=20) (actual time=47.421..47.595 rows=4113 loops=3)
                     Sort Key: s_1.a, s_1.b
                     Sort Method: top-N heapsort  Memory: 1550kB
                     Worker 0:  Sort Method: top-N heapsort  Memory: 1550kB
                     Worker 1:  Sort Method: top-N heapsort  Memory: 1552kB
                     ->  Parallel Seq Scan on s_1  (cost=0.00..10536.67 rows=416667 width=20) (actual time=0.006..18.375 rows=333333 loops=3)
 Planning time: 0.286 ms
 Execution time: 53.154 ms
(13 rows)

===== 311 [Wed Mar  7 03:17:34 CET 2018] scale:1000000 groups:10000 work_mem:16MB incremental:off max_workers:2 =====
SELECT * FROM s_2 ORDER BY a, b, c LIMIT 10000
                                                                  QUERY PLAN                                                                  
----------------------------------------------------------------------------------------------------------------------------------------------
 Limit  (cost=42569.53..42569.53 rows=1 width=20) (actual time=51.805..51.805 rows=0 loops=1)
   ->  Limit  (cost=41302.78..42469.53 rows=10000 width=20) (actual time=49.597..51.520 rows=10000 loops=1)
         ->  Gather Merge  (cost=41302.78..138531.87 rows=833334 width=20) (actual time=49.596..50.962 rows=10000 loops=1)
               Workers Planned: 2
               Workers Launched: 2
               ->  Sort  (cost=40302.76..41344.43 rows=416667 width=20) (actual time=48.100..48.267 rows=4113 loops=3)
                     Sort Key: s_2.a, s_2.b, s_2.c
                     Sort Method: top-N heapsort  Memory: 1550kB
                     Worker 0:  Sort Method: top-N heapsort  Memory: 1550kB
                     Worker 1:  Sort Method: top-N heapsort  Memory: 1550kB
                     ->  Parallel Seq Scan on s_2  (cost=0.00..10536.67 rows=416667 width=20) (actual time=0.007..18.314 rows=333333 loops=3)
 Planning time: 0.288 ms
 Execution time: 53.856 ms
(13 rows)

===== 312 [Wed Mar  7 03:17:35 CET 2018] scale:1000000 groups:10000 work_mem:16MB incremental:off max_workers:2 =====
SELECT * FROM s_3 ORDER BY a, b, c, d LIMIT 10000
                                                                  QUERY PLAN                                                                  
----------------------------------------------------------------------------------------------------------------------------------------------
 Limit  (cost=42569.53..42569.53 rows=1 width=20) (actual time=52.204..52.204 rows=0 loops=1)
   ->  Limit  (cost=41302.78..42469.53 rows=10000 width=20) (actual time=50.002..51.920 rows=10000 loops=1)
         ->  Gather Merge  (cost=41302.78..138531.87 rows=833334 width=20) (actual time=50.001..51.363 rows=10000 loops=1)
               Workers Planned: 2
               Workers Launched: 2
               ->  Sort  (cost=40302.76..41344.43 rows=416667 width=20) (actual time=48.501..48.667 rows=4113 loops=3)
                     Sort Key: s_3.a, s_3.b, s_3.c, s_3.d
                     Sort Method: top-N heapsort  Memory: 1550kB
                     Worker 0:  Sort Method: top-N heapsort  Memory: 1550kB
                     Worker 1:  Sort Method: top-N heapsort  Memory: 1550kB
                     ->  Parallel Seq Scan on s_3  (cost=0.00..10536.67 rows=416667 width=20) (actual time=0.008..18.472 rows=333333 loops=3)
 Planning time: 0.293 ms
 Execution time: 54.326 ms
(13 rows)

===== 313 [Wed Mar  7 03:17:35 CET 2018] scale:1000000 groups:10000 work_mem:32MB incremental:on max_workers:2 =====
SELECT * FROM s_1 ORDER BY a, b LIMIT 10000
                                                                         QUERY PLAN                                                                          
-------------------------------------------------------------------------------------------------------------------------------------------------------------
 Limit  (cost=290.98..290.98 rows=1 width=20) (actual time=4.978..4.978 rows=0 loops=1)
   ->  Limit  (cost=7.24..190.98 rows=10000 width=20) (actual time=0.084..4.697 rows=10000 loops=1)
         ->  Incremental Sort  (cost=7.24..18380.94 rows=1000000 width=20) (actual time=0.084..4.150 rows=10000 loops=1)
               Sort Key: s_1.a, s_1.b
               Presorted Key: s_1.a
               Sort Method: quicksort  Memory: 35kB
               Sort Groups: 100
               ->  Index Only Scan using s_1_a_e_d_c_b_idx on s_1  (cost=0.42..34844.43 rows=1000000 width=20) (actual time=0.025..1.305 rows=10004 loops=1)
                     Heap Fetches: 0
 Planning time: 0.282 ms
 Execution time: 5.003 ms
(11 rows)

===== 314 [Wed Mar  7 03:17:35 CET 2018] scale:1000000 groups:10000 work_mem:32MB incremental:on max_workers:2 =====
SELECT * FROM s_2 ORDER BY a, b, c LIMIT 10000
                                                                         QUERY PLAN                                                                          
-------------------------------------------------------------------------------------------------------------------------------------------------------------
 Limit  (cost=301.08..301.08 rows=1 width=20) (actual time=3.848..3.848 rows=0 loops=1)
   ->  Limit  (cost=0.94..201.08 rows=10000 width=20) (actual time=0.079..3.573 rows=10000 loops=1)
         ->  Incremental Sort  (cost=0.94..20014.96 rows=1000000 width=20) (actual time=0.079..3.021 rows=10000 loops=1)
               Sort Key: s_2.a, s_2.b, s_2.c
               Presorted Key: s_2.a, s_2.b
               Sort Method: quicksort  Memory: 27kB
               Sort Groups: 313
               ->  Index Only Scan using s_2_a_b_e_d_c_idx on s_2  (cost=0.42..34844.43 rows=1000000 width=20) (actual time=0.028..1.318 rows=10018 loops=1)
                     Heap Fetches: 0
 Planning time: 0.286 ms
 Execution time: 3.876 ms
(11 rows)

===== 315 [Wed Mar  7 03:17:35 CET 2018] scale:1000000 groups:10000 work_mem:32MB incremental:on max_workers:2 =====
SELECT * FROM s_3 ORDER BY a, b, c, d LIMIT 10000
                                                                         QUERY PLAN                                                                          
-------------------------------------------------------------------------------------------------------------------------------------------------------------
 Limit  (cost=301.08..301.08 rows=1 width=20) (actual time=3.791..3.791 rows=0 loops=1)
   ->  Limit  (cost=0.94..201.08 rows=10000 width=20) (actual time=0.071..3.519 rows=10000 loops=1)
         ->  Incremental Sort  (cost=0.94..20014.96 rows=1000000 width=20) (actual time=0.071..2.968 rows=10000 loops=1)
               Sort Key: s_3.a, s_3.b, s_3.c, s_3.d
               Presorted Key: s_3.a, s_3.b, s_3.c
               Sort Method: quicksort  Memory: 27kB
               Sort Groups: 313
               ->  Index Only Scan using s_3_a_b_c_e_d_idx on s_3  (cost=0.42..34844.43 rows=1000000 width=20) (actual time=0.023..1.296 rows=10017 loops=1)
                     Heap Fetches: 0
 Planning time: 0.291 ms
 Execution time: 3.824 ms
(11 rows)

===== 316 [Wed Mar  7 03:17:35 CET 2018] scale:1000000 groups:10000 work_mem:32MB incremental:off max_workers:2 =====
SELECT * FROM s_1 ORDER BY a, b LIMIT 10000
                                                                  QUERY PLAN                                                                  
----------------------------------------------------------------------------------------------------------------------------------------------
 Limit  (cost=42569.53..42569.53 rows=1 width=20) (actual time=51.149..51.149 rows=0 loops=1)
   ->  Limit  (cost=41302.78..42469.53 rows=10000 width=20) (actual time=48.912..50.866 rows=10000 loops=1)
         ->  Gather Merge  (cost=41302.78..138531.87 rows=833334 width=20) (actual time=48.911..50.299 rows=10000 loops=1)
               Workers Planned: 2
               Workers Launched: 2
               ->  Sort  (cost=40302.76..41344.43 rows=416667 width=20) (actual time=47.455..47.628 rows=4113 loops=3)
                     Sort Key: s_1.a, s_1.b
                     Sort Method: top-N heapsort  Memory: 1550kB
                     Worker 0:  Sort Method: top-N heapsort  Memory: 1553kB
                     Worker 1:  Sort Method: top-N heapsort  Memory: 1550kB
                     ->  Parallel Seq Scan on s_1  (cost=0.00..10536.67 rows=416667 width=20) (actual time=0.006..18.387 rows=333333 loops=3)
 Planning time: 0.283 ms
 Execution time: 53.194 ms
(13 rows)

===== 317 [Wed Mar  7 03:17:36 CET 2018] scale:1000000 groups:10000 work_mem:32MB incremental:off max_workers:2 =====
SELECT * FROM s_2 ORDER BY a, b, c LIMIT 10000
                                                                  QUERY PLAN                                                                  
----------------------------------------------------------------------------------------------------------------------------------------------
 Limit  (cost=42569.53..42569.53 rows=1 width=20) (actual time=51.787..51.787 rows=0 loops=1)
   ->  Limit  (cost=41302.78..42469.53 rows=10000 width=20) (actual time=49.581..51.504 rows=10000 loops=1)
         ->  Gather Merge  (cost=41302.78..138531.87 rows=833334 width=20) (actual time=49.581..50.947 rows=10000 loops=1)
               Workers Planned: 2
               Workers Launched: 2
               ->  Sort  (cost=40302.76..41344.43 rows=416667 width=20) (actual time=48.092..48.258 rows=4113 loops=3)
                     Sort Key: s_2.a, s_2.b, s_2.c
                     Sort Method: top-N heapsort  Memory: 1550kB
                     Worker 0:  Sort Method: top-N heapsort  Memory: 1550kB
                     Worker 1:  Sort Method: top-N heapsort  Memory: 1550kB
                     ->  Parallel Seq Scan on s_2  (cost=0.00..10536.67 rows=416667 width=20) (actual time=0.007..18.306 rows=333333 loops=3)
 Planning time: 0.300 ms
 Execution time: 53.826 ms
(13 rows)

===== 318 [Wed Mar  7 03:17:36 CET 2018] scale:1000000 groups:10000 work_mem:32MB incremental:off max_workers:2 =====
SELECT * FROM s_3 ORDER BY a, b, c, d LIMIT 10000
                                                                  QUERY PLAN                                                                  
----------------------------------------------------------------------------------------------------------------------------------------------
 Limit  (cost=42569.53..42569.53 rows=1 width=20) (actual time=52.146..52.146 rows=0 loops=1)
   ->  Limit  (cost=41302.78..42469.53 rows=10000 width=20) (actual time=49.955..51.871 rows=10000 loops=1)
         ->  Gather Merge  (cost=41302.78..138531.87 rows=833334 width=20) (actual time=49.954..51.314 rows=10000 loops=1)
               Workers Planned: 2
               Workers Launched: 2
               ->  Sort  (cost=40302.76..41344.43 rows=416667 width=20) (actual time=48.469..48.635 rows=4113 loops=3)
                     Sort Key: s_3.a, s_3.b, s_3.c, s_3.d
                     Sort Method: top-N heapsort  Memory: 1550kB
                     Worker 0:  Sort Method: top-N heapsort  Memory: 1550kB
                     Worker 1:  Sort Method: top-N heapsort  Memory: 1550kB
                     ->  Parallel Seq Scan on s_3  (cost=0.00..10536.67 rows=416667 width=20) (actual time=0.009..18.442 rows=333333 loops=3)
 Planning time: 0.293 ms
 Execution time: 54.263 ms
(13 rows)

===== 319 [Wed Mar  7 03:17:36 CET 2018] scale:1000000 groups:10000 work_mem:64MB incremental:on max_workers:2 =====
SELECT * FROM s_1 ORDER BY a, b LIMIT 10000
                                                                         QUERY PLAN                                                                          
-------------------------------------------------------------------------------------------------------------------------------------------------------------
 Limit  (cost=290.98..290.98 rows=1 width=20) (actual time=4.989..4.989 rows=0 loops=1)
   ->  Limit  (cost=7.24..190.98 rows=10000 width=20) (actual time=0.083..4.710 rows=10000 loops=1)
         ->  Incremental Sort  (cost=7.24..18380.94 rows=1000000 width=20) (actual time=0.083..4.155 rows=10000 loops=1)
               Sort Key: s_1.a, s_1.b
               Presorted Key: s_1.a
               Sort Method: quicksort  Memory: 35kB
               Sort Groups: 100
               ->  Index Only Scan using s_1_a_e_d_c_b_idx on s_1  (cost=0.42..34844.43 rows=1000000 width=20) (actual time=0.024..1.308 rows=10004 loops=1)
                     Heap Fetches: 0
 Planning time: 0.277 ms
 Execution time: 5.014 ms
(11 rows)

===== 320 [Wed Mar  7 03:17:36 CET 2018] scale:1000000 groups:10000 work_mem:64MB incremental:on max_workers:2 =====
SELECT * FROM s_2 ORDER BY a, b, c LIMIT 10000
                                                                         QUERY PLAN                                                                          
-------------------------------------------------------------------------------------------------------------------------------------------------------------
 Limit  (cost=301.08..301.08 rows=1 width=20) (actual time=3.845..3.845 rows=0 loops=1)
   ->  Limit  (cost=0.94..201.08 rows=10000 width=20) (actual time=0.089..3.574 rows=10000 loops=1)
         ->  Incremental Sort  (cost=0.94..20014.96 rows=1000000 width=20) (actual time=0.089..3.022 rows=10000 loops=1)
               Sort Key: s_2.a, s_2.b, s_2.c
               Presorted Key: s_2.a, s_2.b
               Sort Method: quicksort  Memory: 27kB
               Sort Groups: 313
               ->  Index Only Scan using s_2_a_b_e_d_c_idx on s_2  (cost=0.42..34844.43 rows=1000000 width=20) (actual time=0.028..1.320 rows=10018 loops=1)
                     Heap Fetches: 0
 Planning time: 0.288 ms
 Execution time: 3.874 ms
(11 rows)

===== 321 [Wed Mar  7 03:17:36 CET 2018] scale:1000000 groups:10000 work_mem:64MB incremental:on max_workers:2 =====
SELECT * FROM s_3 ORDER BY a, b, c, d LIMIT 10000
                                                                         QUERY PLAN                                                                          
-------------------------------------------------------------------------------------------------------------------------------------------------------------
 Limit  (cost=301.08..301.08 rows=1 width=20) (actual time=3.804..3.804 rows=0 loops=1)
   ->  Limit  (cost=0.94..201.08 rows=10000 width=20) (actual time=0.072..3.529 rows=10000 loops=1)
         ->  Incremental Sort  (cost=0.94..20014.96 rows=1000000 width=20) (actual time=0.072..2.979 rows=10000 loops=1)
               Sort Key: s_3.a, s_3.b, s_3.c, s_3.d
               Presorted Key: s_3.a, s_3.b, s_3.c
               Sort Method: quicksort  Memory: 27kB
               Sort Groups: 313
               ->  Index Only Scan using s_3_a_b_c_e_d_idx on s_3  (cost=0.42..34844.43 rows=1000000 width=20) (actual time=0.024..1.301 rows=10017 loops=1)
                     Heap Fetches: 0
 Planning time: 0.297 ms
 Execution time: 3.829 ms
(11 rows)

===== 322 [Wed Mar  7 03:17:36 CET 2018] scale:1000000 groups:10000 work_mem:64MB incremental:off max_workers:2 =====
SELECT * FROM s_1 ORDER BY a, b LIMIT 10000
                                                                  QUERY PLAN                                                                  
----------------------------------------------------------------------------------------------------------------------------------------------
 Limit  (cost=42569.53..42569.53 rows=1 width=20) (actual time=51.427..51.427 rows=0 loops=1)
   ->  Limit  (cost=41302.78..42469.53 rows=10000 width=20) (actual time=49.193..51.148 rows=10000 loops=1)
         ->  Gather Merge  (cost=41302.78..138531.87 rows=833334 width=20) (actual time=49.192..50.587 rows=10000 loops=1)
               Workers Planned: 2
               Workers Launched: 2
               ->  Sort  (cost=40302.76..41344.43 rows=416667 width=20) (actual time=47.412..47.587 rows=4113 loops=3)
                     Sort Key: s_1.a, s_1.b
                     Sort Method: top-N heapsort  Memory: 1550kB
                     Worker 0:  Sort Method: top-N heapsort  Memory: 1551kB
                     Worker 1:  Sort Method: top-N heapsort  Memory: 1551kB
                     ->  Parallel Seq Scan on s_1  (cost=0.00..10536.67 rows=416667 width=20) (actual time=0.007..18.355 rows=333333 loops=3)
 Planning time: 0.280 ms
 Execution time: 53.379 ms
(13 rows)

===== 323 [Wed Mar  7 03:17:37 CET 2018] scale:1000000 groups:10000 work_mem:64MB incremental:off max_workers:2 =====
SELECT * FROM s_2 ORDER BY a, b, c LIMIT 10000
                                                                  QUERY PLAN                                                                  
----------------------------------------------------------------------------------------------------------------------------------------------
 Limit  (cost=42569.53..42569.53 rows=1 width=20) (actual time=51.787..51.787 rows=0 loops=1)
   ->  Limit  (cost=41302.78..42469.53 rows=10000 width=20) (actual time=49.587..51.504 rows=10000 loops=1)
         ->  Gather Merge  (cost=41302.78..138531.87 rows=833334 width=20) (actual time=49.587..50.946 rows=10000 loops=1)
               Workers Planned: 2
               Workers Launched: 2
               ->  Sort  (cost=40302.76..41344.43 rows=416667 width=20) (actual time=48.100..48.265 rows=4113 loops=3)
                     Sort Key: s_2.a, s_2.b, s_2.c
                     Sort Method: top-N heapsort  Memory: 1550kB
                     Worker 0:  Sort Method: top-N heapsort  Memory: 1550kB
                     Worker 1:  Sort Method: top-N heapsort  Memory: 1550kB
                     ->  Parallel Seq Scan on s_2  (cost=0.00..10536.67 rows=416667 width=20) (actual time=0.007..18.327 rows=333333 loops=3)
 Planning time: 0.289 ms
 Execution time: 53.824 ms
(13 rows)

===== 324 [Wed Mar  7 03:17:37 CET 2018] scale:1000000 groups:10000 work_mem:64MB incremental:off max_workers:2 =====
SELECT * FROM s_3 ORDER BY a, b, c, d LIMIT 10000
                                                                  QUERY PLAN                                                                  
----------------------------------------------------------------------------------------------------------------------------------------------
 Limit  (cost=42569.53..42569.53 rows=1 width=20) (actual time=52.122..52.122 rows=0 loops=1)
   ->  Limit  (cost=41302.78..42469.53 rows=10000 width=20) (actual time=49.922..51.840 rows=10000 loops=1)
         ->  Gather Merge  (cost=41302.78..138531.87 rows=833334 width=20) (actual time=49.922..51.281 rows=10000 loops=1)
               Workers Planned: 2
               Workers Launched: 2
               ->  Sort  (cost=40302.76..41344.43 rows=416667 width=20) (actual time=48.424..48.591 rows=4113 loops=3)
                     Sort Key: s_3.a, s_3.b, s_3.c, s_3.d
                     Sort Method: top-N heapsort  Memory: 1550kB
                     Worker 0:  Sort Method: top-N heapsort  Memory: 1550kB
                     Worker 1:  Sort Method: top-N heapsort  Memory: 1550kB
                     ->  Parallel Seq Scan on s_3  (cost=0.00..10536.67 rows=416667 width=20) (actual time=0.008..18.416 rows=333333 loops=3)
 Planning time: 0.294 ms
 Execution time: 54.244 ms
(13 rows)

===== 325 [Wed Mar  7 03:17:37 CET 2018] scale:1000000 groups:10000 work_mem:128MB incremental:on max_workers:2 =====
SELECT * FROM s_1 ORDER BY a, b LIMIT 10000
                                                                         QUERY PLAN                                                                          
-------------------------------------------------------------------------------------------------------------------------------------------------------------
 Limit  (cost=290.98..290.98 rows=1 width=20) (actual time=4.965..4.965 rows=0 loops=1)
   ->  Limit  (cost=7.24..190.98 rows=10000 width=20) (actual time=0.082..4.692 rows=10000 loops=1)
         ->  Incremental Sort  (cost=7.24..18380.94 rows=1000000 width=20) (actual time=0.082..4.145 rows=10000 loops=1)
               Sort Key: s_1.a, s_1.b
               Presorted Key: s_1.a
               Sort Method: quicksort  Memory: 35kB
               Sort Groups: 100
               ->  Index Only Scan using s_1_a_e_d_c_b_idx on s_1  (cost=0.42..34844.43 rows=1000000 width=20) (actual time=0.024..1.307 rows=10004 loops=1)
                     Heap Fetches: 0
 Planning time: 0.275 ms
 Execution time: 4.992 ms
(11 rows)

===== 326 [Wed Mar  7 03:17:38 CET 2018] scale:1000000 groups:10000 work_mem:128MB incremental:on max_workers:2 =====
SELECT * FROM s_2 ORDER BY a, b, c LIMIT 10000
                                                                         QUERY PLAN                                                                          
-------------------------------------------------------------------------------------------------------------------------------------------------------------
 Limit  (cost=301.08..301.08 rows=1 width=20) (actual time=3.841..3.841 rows=0 loops=1)
   ->  Limit  (cost=0.94..201.08 rows=10000 width=20) (actual time=0.085..3.563 rows=10000 loops=1)
         ->  Incremental Sort  (cost=0.94..20014.96 rows=1000000 width=20) (actual time=0.084..3.014 rows=10000 loops=1)
               Sort Key: s_2.a, s_2.b, s_2.c
               Presorted Key: s_2.a, s_2.b
               Sort Method: quicksort  Memory: 27kB
               Sort Groups: 313
               ->  Index Only Scan using s_2_a_b_e_d_c_idx on s_2  (cost=0.42..34844.43 rows=1000000 width=20) (actual time=0.028..1.318 rows=10018 loops=1)
                     Heap Fetches: 0
 Planning time: 0.288 ms
 Execution time: 3.871 ms
(11 rows)

===== 327 [Wed Mar  7 03:17:38 CET 2018] scale:1000000 groups:10000 work_mem:128MB incremental:on max_workers:2 =====
SELECT * FROM s_3 ORDER BY a, b, c, d LIMIT 10000
                                                                         QUERY PLAN                                                                          
-------------------------------------------------------------------------------------------------------------------------------------------------------------
 Limit  (cost=301.08..301.08 rows=1 width=20) (actual time=3.776..3.776 rows=0 loops=1)
   ->  Limit  (cost=0.94..201.08 rows=10000 width=20) (actual time=0.077..3.501 rows=10000 loops=1)
         ->  Incremental Sort  (cost=0.94..20014.96 rows=1000000 width=20) (actual time=0.077..2.945 rows=10000 loops=1)
               Sort Key: s_3.a, s_3.b, s_3.c, s_3.d
               Presorted Key: s_3.a, s_3.b, s_3.c
               Sort Method: quicksort  Memory: 27kB
               Sort Groups: 313
               ->  Index Only Scan using s_3_a_b_c_e_d_idx on s_3  (cost=0.42..34844.43 rows=1000000 width=20) (actual time=0.025..1.299 rows=10017 loops=1)
                     Heap Fetches: 0
 Planning time: 0.307 ms
 Execution time: 3.801 ms
(11 rows)

===== 328 [Wed Mar  7 03:17:38 CET 2018] scale:1000000 groups:10000 work_mem:128MB incremental:off max_workers:2 =====
SELECT * FROM s_1 ORDER BY a, b LIMIT 10000
                                                                  QUERY PLAN                                                                  
----------------------------------------------------------------------------------------------------------------------------------------------
 Limit  (cost=42569.53..42569.53 rows=1 width=20) (actual time=50.881..50.881 rows=0 loops=1)
   ->  Limit  (cost=41302.78..42469.53 rows=10000 width=20) (actual time=48.660..50.602 rows=10000 loops=1)
         ->  Gather Merge  (cost=41302.78..138531.87 rows=833334 width=20) (actual time=48.660..50.040 rows=10000 loops=1)
               Workers Planned: 2
               Workers Launched: 2
               ->  Sort  (cost=40302.76..41344.43 rows=416667 width=20) (actual time=46.886..47.057 rows=4113 loops=3)
                     Sort Key: s_1.a, s_1.b
                     Sort Method: top-N heapsort  Memory: 1550kB
                     Worker 0:  Sort Method: top-N heapsort  Memory: 1552kB
                     Worker 1:  Sort Method: top-N heapsort  Memory: 1551kB
                     ->  Parallel Seq Scan on s_1  (cost=0.00..10536.67 rows=416667 width=20) (actual time=0.007..18.442 rows=333333 loops=3)
 Planning time: 0.284 ms
 Execution time: 52.845 ms
(13 rows)

===== 329 [Wed Mar  7 03:17:38 CET 2018] scale:1000000 groups:10000 work_mem:128MB incremental:off max_workers:2 =====
SELECT * FROM s_2 ORDER BY a, b, c LIMIT 10000
                                                                  QUERY PLAN                                                                  
----------------------------------------------------------------------------------------------------------------------------------------------
 Limit  (cost=42569.53..42569.53 rows=1 width=20) (actual time=50.716..50.716 rows=0 loops=1)
   ->  Limit  (cost=41302.78..42469.53 rows=10000 width=20) (actual time=48.525..50.439 rows=10000 loops=1)
         ->  Gather Merge  (cost=41302.78..138531.87 rows=833334 width=20) (actual time=48.524..49.885 rows=10000 loops=1)
               Workers Planned: 2
               Workers Launched: 2
               ->  Sort  (cost=40302.76..41344.43 rows=416667 width=20) (actual time=47.056..47.222 rows=4113 loops=3)
                     Sort Key: s_2.a, s_2.b, s_2.c
                     Sort Method: top-N heapsort  Memory: 1550kB
                     Worker 0:  Sort Method: top-N heapsort  Memory: 1550kB
                     Worker 1:  Sort Method: top-N heapsort  Memory: 1550kB
                     ->  Parallel Seq Scan on s_2  (cost=0.00..10536.67 rows=416667 width=20) (actual time=0.007..18.449 rows=333333 loops=3)
 Planning time: 0.291 ms
 Execution time: 52.736 ms
(13 rows)

===== 330 [Wed Mar  7 03:17:38 CET 2018] scale:1000000 groups:10000 work_mem:128MB incremental:off max_workers:2 =====
SELECT * FROM s_3 ORDER BY a, b, c, d LIMIT 10000
                                                                  QUERY PLAN                                                                  
----------------------------------------------------------------------------------------------------------------------------------------------
 Limit  (cost=42569.53..42569.53 rows=1 width=20) (actual time=51.118..51.118 rows=0 loops=1)
   ->  Limit  (cost=41302.78..42469.53 rows=10000 width=20) (actual time=48.907..50.832 rows=10000 loops=1)
         ->  Gather Merge  (cost=41302.78..138531.87 rows=833334 width=20) (actual time=48.906..50.275 rows=10000 loops=1)
               Workers Planned: 2
               Workers Launched: 2
               ->  Sort  (cost=40302.76..41344.43 rows=416667 width=20) (actual time=47.425..47.593 rows=4113 loops=3)
                     Sort Key: s_3.a, s_3.b, s_3.c, s_3.d
                     Sort Method: top-N heapsort  Memory: 1550kB
                     Worker 0:  Sort Method: top-N heapsort  Memory: 1550kB
                     Worker 1:  Sort Method: top-N heapsort  Memory: 1550kB
                     ->  Parallel Seq Scan on s_3  (cost=0.00..10536.67 rows=416667 width=20) (actual time=0.009..18.588 rows=333333 loops=3)
 Planning time: 0.295 ms
 Execution time: 53.155 ms
(13 rows)

===== 331 [Wed Mar  7 03:17:39 CET 2018] scale:1000000 groups:10000 work_mem:256MB incremental:on max_workers:2 =====
SELECT * FROM s_1 ORDER BY a, b LIMIT 10000
                                                                         QUERY PLAN                                                                          
-------------------------------------------------------------------------------------------------------------------------------------------------------------
 Limit  (cost=290.98..290.98 rows=1 width=20) (actual time=4.984..4.984 rows=0 loops=1)
   ->  Limit  (cost=7.24..190.98 rows=10000 width=20) (actual time=0.081..4.707 rows=10000 loops=1)
         ->  Incremental Sort  (cost=7.24..18380.94 rows=1000000 width=20) (actual time=0.081..4.164 rows=10000 loops=1)
               Sort Key: s_1.a, s_1.b
               Presorted Key: s_1.a
               Sort Method: quicksort  Memory: 35kB
               Sort Groups: 100
               ->  Index Only Scan using s_1_a_e_d_c_b_idx on s_1  (cost=0.42..34844.43 rows=1000000 width=20) (actual time=0.025..1.316 rows=10004 loops=1)
                     Heap Fetches: 0
 Planning time: 0.274 ms
 Execution time: 5.010 ms
(11 rows)

===== 332 [Wed Mar  7 03:17:39 CET 2018] scale:1000000 groups:10000 work_mem:256MB incremental:on max_workers:2 =====
SELECT * FROM s_2 ORDER BY a, b, c LIMIT 10000
                                                                         QUERY PLAN                                                                          
-------------------------------------------------------------------------------------------------------------------------------------------------------------
 Limit  (cost=301.08..301.08 rows=1 width=20) (actual time=3.844..3.844 rows=0 loops=1)
   ->  Limit  (cost=0.94..201.08 rows=10000 width=20) (actual time=0.086..3.572 rows=10000 loops=1)
         ->  Incremental Sort  (cost=0.94..20014.96 rows=1000000 width=20) (actual time=0.085..3.021 rows=10000 loops=1)
               Sort Key: s_2.a, s_2.b, s_2.c
               Presorted Key: s_2.a, s_2.b
               Sort Method: quicksort  Memory: 27kB
               Sort Groups: 313
               ->  Index Only Scan using s_2_a_b_e_d_c_idx on s_2  (cost=0.42..34844.43 rows=1000000 width=20) (actual time=0.036..1.328 rows=10018 loops=1)
                     Heap Fetches: 0
 Planning time: 0.289 ms
 Execution time: 3.872 ms
(11 rows)

===== 333 [Wed Mar  7 03:17:39 CET 2018] scale:1000000 groups:10000 work_mem:256MB incremental:on max_workers:2 =====
SELECT * FROM s_3 ORDER BY a, b, c, d LIMIT 10000
                                                                         QUERY PLAN                                                                          
-------------------------------------------------------------------------------------------------------------------------------------------------------------
 Limit  (cost=301.08..301.08 rows=1 width=20) (actual time=3.798..3.798 rows=0 loops=1)
   ->  Limit  (cost=0.94..201.08 rows=10000 width=20) (actual time=0.071..3.524 rows=10000 loops=1)
         ->  Incremental Sort  (cost=0.94..20014.96 rows=1000000 width=20) (actual time=0.071..2.974 rows=10000 loops=1)
               Sort Key: s_3.a, s_3.b, s_3.c, s_3.d
               Presorted Key: s_3.a, s_3.b, s_3.c
               Sort Method: quicksort  Memory: 27kB
               Sort Groups: 313
               ->  Index Only Scan using s_3_a_b_c_e_d_idx on s_3  (cost=0.42..34844.43 rows=1000000 width=20) (actual time=0.023..1.296 rows=10017 loops=1)
                     Heap Fetches: 0
 Planning time: 0.290 ms
 Execution time: 3.823 ms
(11 rows)

===== 334 [Wed Mar  7 03:17:39 CET 2018] scale:1000000 groups:10000 work_mem:256MB incremental:off max_workers:2 =====
SELECT * FROM s_1 ORDER BY a, b LIMIT 10000
                                                                  QUERY PLAN                                                                  
----------------------------------------------------------------------------------------------------------------------------------------------
 Limit  (cost=42569.53..42569.53 rows=1 width=20) (actual time=50.651..50.651 rows=0 loops=1)
   ->  Limit  (cost=41302.78..42469.53 rows=10000 width=20) (actual time=48.448..50.378 rows=10000 loops=1)
         ->  Gather Merge  (cost=41302.78..138531.87 rows=833334 width=20) (actual time=48.447..49.822 rows=10000 loops=1)
               Workers Planned: 2
               Workers Launched: 2
               ->  Sort  (cost=40302.76..41344.43 rows=416667 width=20) (actual time=46.934..47.105 rows=4113 loops=3)
                     Sort Key: s_1.a, s_1.b
                     Sort Method: top-N heapsort  Memory: 1550kB
                     Worker 0:  Sort Method: top-N heapsort  Memory: 1551kB
                     Worker 1:  Sort Method: top-N heapsort  Memory: 1552kB
                     ->  Parallel Seq Scan on s_1  (cost=0.00..10536.67 rows=416667 width=20) (actual time=0.006..18.477 rows=333333 loops=3)
 Planning time: 0.288 ms
 Execution time: 52.707 ms
(13 rows)

===== 335 [Wed Mar  7 03:17:39 CET 2018] scale:1000000 groups:10000 work_mem:256MB incremental:off max_workers:2 =====
SELECT * FROM s_2 ORDER BY a, b, c LIMIT 10000
                                                                  QUERY PLAN                                                                  
----------------------------------------------------------------------------------------------------------------------------------------------
 Limit  (cost=42569.53..42569.53 rows=1 width=20) (actual time=50.702..50.702 rows=0 loops=1)
   ->  Limit  (cost=41302.78..42469.53 rows=10000 width=20) (actual time=48.493..50.416 rows=10000 loops=1)
         ->  Gather Merge  (cost=41302.78..138531.87 rows=833334 width=20) (actual time=48.493..49.861 rows=10000 loops=1)
               Workers Planned: 2
               Workers Launched: 2
               ->  Sort  (cost=40302.76..41344.43 rows=416667 width=20) (actual time=47.027..47.195 rows=4113 loops=3)
                     Sort Key: s_2.a, s_2.b, s_2.c
                     Sort Method: top-N heapsort  Memory: 1550kB
                     Worker 0:  Sort Method: top-N heapsort  Memory: 1550kB
                     Worker 1:  Sort Method: top-N heapsort  Memory: 1550kB
                     ->  Parallel Seq Scan on s_2  (cost=0.00..10536.67 rows=416667 width=20) (actual time=0.007..18.448 rows=333333 loops=3)
 Planning time: 0.296 ms
 Execution time: 52.756 ms
(13 rows)

===== 336 [Wed Mar  7 03:17:40 CET 2018] scale:1000000 groups:10000 work_mem:256MB incremental:off max_workers:2 =====
SELECT * FROM s_3 ORDER BY a, b, c, d LIMIT 10000
                                                                  QUERY PLAN                                                                  
----------------------------------------------------------------------------------------------------------------------------------------------
 Limit  (cost=42569.53..42569.53 rows=1 width=20) (actual time=51.111..51.111 rows=0 loops=1)
   ->  Limit  (cost=41302.78..42469.53 rows=10000 width=20) (actual time=48.904..50.826 rows=10000 loops=1)
         ->  Gather Merge  (cost=41302.78..138531.87 rows=833334 width=20) (actual time=48.903..50.266 rows=10000 loops=1)
               Workers Planned: 2
               Workers Launched: 2
               ->  Sort  (cost=40302.76..41344.43 rows=416667 width=20) (actual time=47.430..47.598 rows=4113 loops=3)
                     Sort Key: s_3.a, s_3.b, s_3.c, s_3.d
                     Sort Method: top-N heapsort  Memory: 1550kB
                     Worker 0:  Sort Method: top-N heapsort  Memory: 1550kB
                     Worker 1:  Sort Method: top-N heapsort  Memory: 1550kB
                     ->  Parallel Seq Scan on s_3  (cost=0.00..10536.67 rows=416667 width=20) (actual time=0.013..18.585 rows=333333 loops=3)
 Planning time: 0.294 ms
 Execution time: 53.234 ms
(13 rows)

