===== 1 [Wed Mar  7 02:43:19 CET 2018] scale:1000000 groups:10 work_mem:4MB incremental:on max_workers:0 =====
SELECT * FROM s_1 ORDER BY a, b
                                                        QUERY PLAN                                                         
---------------------------------------------------------------------------------------------------------------------------
 Limit  (cost=149037.84..149037.84 rows=1 width=20) (actual time=401.290..401.290 rows=0 loops=1)
   ->  Sort  (cost=136537.84..139037.84 rows=1000000 width=20) (actual time=287.575..379.396 rows=1000000 loops=1)
         Sort Key: s_1.a, s_1.b
         Sort Method: external merge  Disk: 29360kB
         ->  Seq Scan on s_1  (cost=0.00..16370.00 rows=1000000 width=20) (actual time=0.010..51.161 rows=1000000 loops=1)
 Planning time: 0.266 ms
 Execution time: 404.861 ms
(7 rows)

===== 2 [Wed Mar  7 02:43:21 CET 2018] scale:1000000 groups:10 work_mem:4MB incremental:on max_workers:0 =====
SELECT * FROM s_2 ORDER BY a, b, c
                                                                   QUERY PLAN                                                                   
------------------------------------------------------------------------------------------------------------------------------------------------
 Limit  (cost=133278.68..133278.68 rows=1 width=20) (actual time=393.163..393.163 rows=0 loops=1)
   ->  Incremental Sort  (cost=874.61..123278.68 rows=1000000 width=20) (actual time=1.031..371.497 rows=1000000 loops=1)
         Sort Key: s_2.a, s_2.b, s_2.c
         Presorted Key: s_2.a, s_2.b
         Sort Method: quicksort  Memory: 1190kB
         Sort Groups: 121
         ->  Index Scan using s_2_a_b_idx on s_2  (cost=0.42..40712.74 rows=1000000 width=20) (actual time=0.036..131.497 rows=1000000 loops=1)
 Planning time: 0.292 ms
 Execution time: 393.205 ms
(9 rows)

===== 3 [Wed Mar  7 02:43:23 CET 2018] scale:1000000 groups:10 work_mem:4MB incremental:on max_workers:0 =====
SELECT * FROM s_3 ORDER BY a, b, c, d
                                                                    QUERY PLAN                                                                    
--------------------------------------------------------------------------------------------------------------------------------------------------
 Limit  (cost=120437.73..120437.73 rows=1 width=20) (actual time=415.416..415.416 rows=0 loops=1)
   ->  Incremental Sort  (cost=70.23..110437.73 rows=1000000 width=20) (actual time=0.120..393.744 rows=1000000 loops=1)
         Sort Key: s_3.a, s_3.b, s_3.c, s_3.d
         Presorted Key: s_3.a, s_3.b, s_3.c
         Sort Method: quicksort  Memory: 133kB
         Sort Groups: 1331
         ->  Index Scan using s_3_a_b_c_idx on s_3  (cost=0.42..45144.74 rows=1000000 width=20) (actual time=0.043..134.185 rows=1000000 loops=1)
 Planning time: 0.295 ms
 Execution time: 415.453 ms
(9 rows)

===== 4 [Wed Mar  7 02:43:25 CET 2018] scale:1000000 groups:10 work_mem:4MB incremental:on max_workers:0 =====
SELECT * FROM s_4 ORDER BY a, b, c, d, e
                                                                     QUERY PLAN                                                                     
----------------------------------------------------------------------------------------------------------------------------------------------------
 Limit  (cost=103406.77..103406.77 rows=1 width=20) (actual time=444.499..444.499 rows=0 loops=1)
   ->  Incremental Sort  (cost=5.59..93406.77 rows=1000000 width=20) (actual time=0.093..422.463 rows=1000000 loops=1)
         Sort Key: s_4.a, s_4.b, s_4.c, s_4.d, s_4.e
         Presorted Key: s_4.a, s_4.b, s_4.c, s_4.d
         Sort Method: quicksort  Memory: 36kB
         Sort Groups: 13413
         ->  Index Scan using s_4_a_b_c_d_idx on s_4  (cost=0.42..45144.74 rows=1000000 width=20) (actual time=0.041..133.566 rows=1000000 loops=1)
 Planning time: 0.285 ms
 Execution time: 444.521 ms
(9 rows)

===== 5 [Wed Mar  7 02:43:27 CET 2018] scale:1000000 groups:10 work_mem:4MB incremental:off max_workers:0 =====
SELECT * FROM s_1 ORDER BY a, b
                                                        QUERY PLAN                                                         
---------------------------------------------------------------------------------------------------------------------------
 Limit  (cost=149037.84..149037.84 rows=1 width=20) (actual time=402.221..402.221 rows=0 loops=1)
   ->  Sort  (cost=136537.84..139037.84 rows=1000000 width=20) (actual time=288.452..380.300 rows=1000000 loops=1)
         Sort Key: s_1.a, s_1.b
         Sort Method: external merge  Disk: 29360kB
         ->  Seq Scan on s_1  (cost=0.00..16370.00 rows=1000000 width=20) (actual time=0.010..51.430 rows=1000000 loops=1)
 Planning time: 0.273 ms
 Execution time: 405.787 ms
(7 rows)

===== 6 [Wed Mar  7 02:43:30 CET 2018] scale:1000000 groups:10 work_mem:4MB incremental:off max_workers:0 =====
SELECT * FROM s_2 ORDER BY a, b, c
                                                        QUERY PLAN                                                         
---------------------------------------------------------------------------------------------------------------------------
 Limit  (cost=149037.84..149037.84 rows=1 width=20) (actual time=451.927..451.927 rows=0 loops=1)
   ->  Sort  (cost=136537.84..139037.84 rows=1000000 width=20) (actual time=339.444..429.911 rows=1000000 loops=1)
         Sort Key: s_2.a, s_2.b, s_2.c
         Sort Method: external merge  Disk: 29360kB
         ->  Seq Scan on s_2  (cost=0.00..16370.00 rows=1000000 width=20) (actual time=0.004..51.585 rows=1000000 loops=1)
 Planning time: 0.277 ms
 Execution time: 455.465 ms
(7 rows)

===== 7 [Wed Mar  7 02:43:32 CET 2018] scale:1000000 groups:10 work_mem:4MB incremental:off max_workers:0 =====
SELECT * FROM s_3 ORDER BY a, b, c, d
                                                        QUERY PLAN                                                         
---------------------------------------------------------------------------------------------------------------------------
 Limit  (cost=149037.84..149037.84 rows=1 width=20) (actual time=547.526..547.526 rows=0 loops=1)
   ->  Sort  (cost=136537.84..139037.84 rows=1000000 width=20) (actual time=435.229..525.553 rows=1000000 loops=1)
         Sort Key: s_3.a, s_3.b, s_3.c, s_3.d
         Sort Method: external merge  Disk: 29360kB
         ->  Seq Scan on s_3  (cost=0.00..16370.00 rows=1000000 width=20) (actual time=0.010..51.936 rows=1000000 loops=1)
 Planning time: 0.278 ms
 Execution time: 551.087 ms
(7 rows)

===== 8 [Wed Mar  7 02:43:35 CET 2018] scale:1000000 groups:10 work_mem:4MB incremental:off max_workers:0 =====
SELECT * FROM s_4 ORDER BY a, b, c, d, e
                                                        QUERY PLAN                                                         
---------------------------------------------------------------------------------------------------------------------------
 Limit  (cost=149037.84..149037.84 rows=1 width=20) (actual time=686.916..686.916 rows=0 loops=1)
   ->  Sort  (cost=136537.84..139037.84 rows=1000000 width=20) (actual time=574.873..664.925 rows=1000000 loops=1)
         Sort Key: s_4.a, s_4.b, s_4.c, s_4.d, s_4.e
         Sort Method: external merge  Disk: 29360kB
         ->  Seq Scan on s_4  (cost=0.00..16370.00 rows=1000000 width=20) (actual time=0.011..51.972 rows=1000000 loops=1)
 Planning time: 0.271 ms
 Execution time: 690.486 ms
(7 rows)

===== 9 [Wed Mar  7 02:43:39 CET 2018] scale:1000000 groups:10 work_mem:8MB incremental:on max_workers:0 =====
SELECT * FROM s_1 ORDER BY a, b
                                                                  QUERY PLAN                                                                  
----------------------------------------------------------------------------------------------------------------------------------------------
 Limit  (cost=142214.33..142214.33 rows=1 width=20) (actual time=521.857..521.857 rows=0 loops=1)
   ->  Incremental Sort  (cost=10428.94..132214.33 rows=1000000 width=20) (actual time=16.949..499.738 rows=1000000 loops=1)
         Sort Key: s_1.a, s_1.b
         Presorted Key: s_1.a
         Sort Method: external merge  Disk: 2960kB
         Sort Groups: 11
         ->  Index Scan using s_1_a_idx on s_1  (cost=0.42..32353.42 rows=1000000 width=20) (actual time=0.047..135.106 rows=1000000 loops=1)
 Planning time: 0.266 ms
 Execution time: 521.884 ms
(9 rows)

===== 10 [Wed Mar  7 02:43:41 CET 2018] scale:1000000 groups:10 work_mem:8MB incremental:on max_workers:0 =====
SELECT * FROM s_2 ORDER BY a, b, c
                                                                   QUERY PLAN                                                                   
------------------------------------------------------------------------------------------------------------------------------------------------
 Limit  (cost=133278.68..133278.68 rows=1 width=20) (actual time=381.323..381.323 rows=0 loops=1)
   ->  Incremental Sort  (cost=874.61..123278.68 rows=1000000 width=20) (actual time=0.990..359.639 rows=1000000 loops=1)
         Sort Key: s_2.a, s_2.b, s_2.c
         Presorted Key: s_2.a, s_2.b
         Sort Method: quicksort  Memory: 1190kB
         Sort Groups: 121
         ->  Index Scan using s_2_a_b_idx on s_2  (cost=0.42..40712.74 rows=1000000 width=20) (actual time=0.018..120.512 rows=1000000 loops=1)
 Planning time: 0.281 ms
 Execution time: 381.364 ms
(9 rows)

===== 11 [Wed Mar  7 02:43:43 CET 2018] scale:1000000 groups:10 work_mem:8MB incremental:on max_workers:0 =====
SELECT * FROM s_3 ORDER BY a, b, c, d
                                                                    QUERY PLAN                                                                    
--------------------------------------------------------------------------------------------------------------------------------------------------
 Limit  (cost=120437.73..120437.73 rows=1 width=20) (actual time=397.755..397.755 rows=0 loops=1)
   ->  Incremental Sort  (cost=70.23..110437.73 rows=1000000 width=20) (actual time=0.100..376.063 rows=1000000 loops=1)
         Sort Key: s_3.a, s_3.b, s_3.c, s_3.d
         Presorted Key: s_3.a, s_3.b, s_3.c
         Sort Method: quicksort  Memory: 133kB
         Sort Groups: 1331
         ->  Index Scan using s_3_a_b_c_idx on s_3  (cost=0.42..45144.74 rows=1000000 width=20) (actual time=0.018..118.501 rows=1000000 loops=1)
 Planning time: 0.300 ms
 Execution time: 397.793 ms
(9 rows)

===== 12 [Wed Mar  7 02:43:45 CET 2018] scale:1000000 groups:10 work_mem:8MB incremental:on max_workers:0 =====
SELECT * FROM s_4 ORDER BY a, b, c, d, e
                                                                     QUERY PLAN                                                                     
----------------------------------------------------------------------------------------------------------------------------------------------------
 Limit  (cost=103406.77..103406.77 rows=1 width=20) (actual time=426.740..426.740 rows=0 loops=1)
   ->  Incremental Sort  (cost=5.59..93406.77 rows=1000000 width=20) (actual time=0.074..404.784 rows=1000000 loops=1)
         Sort Key: s_4.a, s_4.b, s_4.c, s_4.d, s_4.e
         Presorted Key: s_4.a, s_4.b, s_4.c, s_4.d
         Sort Method: quicksort  Memory: 36kB
         Sort Groups: 13413
         ->  Index Scan using s_4_a_b_c_d_idx on s_4  (cost=0.42..45144.74 rows=1000000 width=20) (actual time=0.023..118.085 rows=1000000 loops=1)
 Planning time: 0.281 ms
 Execution time: 426.762 ms
(9 rows)

===== 13 [Wed Mar  7 02:43:48 CET 2018] scale:1000000 groups:10 work_mem:8MB incremental:off max_workers:0 =====
SELECT * FROM s_1 ORDER BY a, b
                                                        QUERY PLAN                                                         
---------------------------------------------------------------------------------------------------------------------------
 Limit  (cost=149037.84..149037.84 rows=1 width=20) (actual time=399.014..399.014 rows=0 loops=1)
   ->  Sort  (cost=136537.84..139037.84 rows=1000000 width=20) (actual time=283.123..376.957 rows=1000000 loops=1)
         Sort Key: s_1.a, s_1.b
         Sort Method: external merge  Disk: 29360kB
         ->  Seq Scan on s_1  (cost=0.00..16370.00 rows=1000000 width=20) (actual time=0.010..51.783 rows=1000000 loops=1)
 Planning time: 0.264 ms
 Execution time: 402.733 ms
(7 rows)

===== 14 [Wed Mar  7 02:43:50 CET 2018] scale:1000000 groups:10 work_mem:8MB incremental:off max_workers:0 =====
SELECT * FROM s_2 ORDER BY a, b, c
                                                        QUERY PLAN                                                         
---------------------------------------------------------------------------------------------------------------------------
 Limit  (cost=149037.84..149037.84 rows=1 width=20) (actual time=447.309..447.309 rows=0 loops=1)
   ->  Sort  (cost=136537.84..139037.84 rows=1000000 width=20) (actual time=335.367..425.187 rows=1000000 loops=1)
         Sort Key: s_2.a, s_2.b, s_2.c
         Sort Method: external merge  Disk: 29360kB
         ->  Seq Scan on s_2  (cost=0.00..16370.00 rows=1000000 width=20) (actual time=0.004..51.896 rows=1000000 loops=1)
 Planning time: 0.277 ms
 Execution time: 451.035 ms
(7 rows)

===== 15 [Wed Mar  7 02:43:52 CET 2018] scale:1000000 groups:10 work_mem:8MB incremental:off max_workers:0 =====
SELECT * FROM s_3 ORDER BY a, b, c, d
                                                        QUERY PLAN                                                         
---------------------------------------------------------------------------------------------------------------------------
 Limit  (cost=149037.84..149037.84 rows=1 width=20) (actual time=539.331..539.331 rows=0 loops=1)
   ->  Sort  (cost=136537.84..139037.84 rows=1000000 width=20) (actual time=427.928..517.237 rows=1000000 loops=1)
         Sort Key: s_3.a, s_3.b, s_3.c, s_3.d
         Sort Method: external merge  Disk: 29360kB
         ->  Seq Scan on s_3  (cost=0.00..16370.00 rows=1000000 width=20) (actual time=0.010..52.239 rows=1000000 loops=1)
 Planning time: 0.286 ms
 Execution time: 543.045 ms
(7 rows)

===== 16 [Wed Mar  7 02:43:55 CET 2018] scale:1000000 groups:10 work_mem:8MB incremental:off max_workers:0 =====
SELECT * FROM s_4 ORDER BY a, b, c, d, e
                                                        QUERY PLAN                                                         
---------------------------------------------------------------------------------------------------------------------------
 Limit  (cost=149037.84..149037.84 rows=1 width=20) (actual time=674.833..674.833 rows=0 loops=1)
   ->  Sort  (cost=136537.84..139037.84 rows=1000000 width=20) (actual time=563.837..652.766 rows=1000000 loops=1)
         Sort Key: s_4.a, s_4.b, s_4.c, s_4.d, s_4.e
         Sort Method: external merge  Disk: 29360kB
         ->  Seq Scan on s_4  (cost=0.00..16370.00 rows=1000000 width=20) (actual time=0.011..52.287 rows=1000000 loops=1)
 Planning time: 0.273 ms
 Execution time: 678.549 ms
(7 rows)

===== 17 [Wed Mar  7 02:43:59 CET 2018] scale:1000000 groups:10 work_mem:16MB incremental:on max_workers:0 =====
SELECT * FROM s_1 ORDER BY a, b
                                                                  QUERY PLAN                                                                  
----------------------------------------------------------------------------------------------------------------------------------------------
 Limit  (cost=142214.33..142214.33 rows=1 width=20) (actual time=423.006..423.006 rows=0 loops=1)
   ->  Incremental Sort  (cost=10428.94..132214.33 rows=1000000 width=20) (actual time=16.308..401.461 rows=1000000 loops=1)
         Sort Key: s_1.a, s_1.b
         Presorted Key: s_1.a
         Sort Method: quicksort  Memory: 10943kB
         Sort Groups: 11
         ->  Index Scan using s_1_a_idx on s_1  (cost=0.42..32353.42 rows=1000000 width=20) (actual time=0.028..124.354 rows=1000000 loops=1)
 Planning time: 0.283 ms
 Execution time: 423.144 ms
(9 rows)

===== 18 [Wed Mar  7 02:44:01 CET 2018] scale:1000000 groups:10 work_mem:16MB incremental:on max_workers:0 =====
SELECT * FROM s_2 ORDER BY a, b, c
                                                                   QUERY PLAN                                                                   
------------------------------------------------------------------------------------------------------------------------------------------------
 Limit  (cost=133278.68..133278.68 rows=1 width=20) (actual time=381.120..381.120 rows=0 loops=1)
   ->  Incremental Sort  (cost=874.61..123278.68 rows=1000000 width=20) (actual time=0.984..359.450 rows=1000000 loops=1)
         Sort Key: s_2.a, s_2.b, s_2.c
         Presorted Key: s_2.a, s_2.b
         Sort Method: quicksort  Memory: 1190kB
         Sort Groups: 121
         ->  Index Scan using s_2_a_b_idx on s_2  (cost=0.42..40712.74 rows=1000000 width=20) (actual time=0.018..120.558 rows=1000000 loops=1)
 Planning time: 0.292 ms
 Execution time: 381.159 ms
(9 rows)

===== 19 [Wed Mar  7 02:44:03 CET 2018] scale:1000000 groups:10 work_mem:16MB incremental:on max_workers:0 =====
SELECT * FROM s_3 ORDER BY a, b, c, d
                                                                    QUERY PLAN                                                                    
--------------------------------------------------------------------------------------------------------------------------------------------------
 Limit  (cost=120437.73..120437.73 rows=1 width=20) (actual time=397.755..397.755 rows=0 loops=1)
   ->  Incremental Sort  (cost=70.23..110437.73 rows=1000000 width=20) (actual time=0.094..376.073 rows=1000000 loops=1)
         Sort Key: s_3.a, s_3.b, s_3.c, s_3.d
         Presorted Key: s_3.a, s_3.b, s_3.c
         Sort Method: quicksort  Memory: 133kB
         Sort Groups: 1331
         ->  Index Scan using s_3_a_b_c_idx on s_3  (cost=0.42..45144.74 rows=1000000 width=20) (actual time=0.018..118.465 rows=1000000 loops=1)
 Planning time: 0.301 ms
 Execution time: 397.793 ms
(9 rows)

===== 20 [Wed Mar  7 02:44:05 CET 2018] scale:1000000 groups:10 work_mem:16MB incremental:on max_workers:0 =====
SELECT * FROM s_4 ORDER BY a, b, c, d, e
                                                                     QUERY PLAN                                                                     
----------------------------------------------------------------------------------------------------------------------------------------------------
 Limit  (cost=103406.77..103406.77 rows=1 width=20) (actual time=426.855..426.855 rows=0 loops=1)
   ->  Incremental Sort  (cost=5.59..93406.77 rows=1000000 width=20) (actual time=0.079..404.898 rows=1000000 loops=1)
         Sort Key: s_4.a, s_4.b, s_4.c, s_4.d, s_4.e
         Presorted Key: s_4.a, s_4.b, s_4.c, s_4.d
         Sort Method: quicksort  Memory: 36kB
         Sort Groups: 13413
         ->  Index Scan using s_4_a_b_c_d_idx on s_4  (cost=0.42..45144.74 rows=1000000 width=20) (actual time=0.024..118.150 rows=1000000 loops=1)
 Planning time: 0.286 ms
 Execution time: 426.877 ms
(9 rows)

===== 21 [Wed Mar  7 02:44:07 CET 2018] scale:1000000 groups:10 work_mem:16MB incremental:off max_workers:0 =====
SELECT * FROM s_1 ORDER BY a, b
                                                        QUERY PLAN                                                         
---------------------------------------------------------------------------------------------------------------------------
 Limit  (cost=149037.84..149037.84 rows=1 width=20) (actual time=421.439..421.439 rows=0 loops=1)
   ->  Sort  (cost=136537.84..139037.84 rows=1000000 width=20) (actual time=313.997..399.533 rows=1000000 loops=1)
         Sort Key: s_1.a, s_1.b
         Sort Method: external merge  Disk: 29392kB
         ->  Seq Scan on s_1  (cost=0.00..16370.00 rows=1000000 width=20) (actual time=0.010..52.358 rows=1000000 loops=1)
 Planning time: 0.259 ms
 Execution time: 425.526 ms
(7 rows)

===== 22 [Wed Mar  7 02:44:09 CET 2018] scale:1000000 groups:10 work_mem:16MB incremental:off max_workers:0 =====
SELECT * FROM s_2 ORDER BY a, b, c
                                                        QUERY PLAN                                                         
---------------------------------------------------------------------------------------------------------------------------
 Limit  (cost=149037.84..149037.84 rows=1 width=20) (actual time=464.902..464.902 rows=0 loops=1)
   ->  Sort  (cost=136537.84..139037.84 rows=1000000 width=20) (actual time=360.590..443.054 rows=1000000 loops=1)
         Sort Key: s_2.a, s_2.b, s_2.c
         Sort Method: external merge  Disk: 29392kB
         ->  Seq Scan on s_2  (cost=0.00..16370.00 rows=1000000 width=20) (actual time=0.004..52.407 rows=1000000 loops=1)
 Planning time: 0.273 ms
 Execution time: 468.993 ms
(7 rows)

===== 23 [Wed Mar  7 02:44:12 CET 2018] scale:1000000 groups:10 work_mem:16MB incremental:off max_workers:0 =====
SELECT * FROM s_3 ORDER BY a, b, c, d
                                                        QUERY PLAN                                                         
---------------------------------------------------------------------------------------------------------------------------
 Limit  (cost=149037.84..149037.84 rows=1 width=20) (actual time=554.530..554.530 rows=0 loops=1)
   ->  Sort  (cost=136537.84..139037.84 rows=1000000 width=20) (actual time=450.432..532.659 rows=1000000 loops=1)
         Sort Key: s_3.a, s_3.b, s_3.c, s_3.d
         Sort Method: external merge  Disk: 29392kB
         ->  Seq Scan on s_3  (cost=0.00..16370.00 rows=1000000 width=20) (actual time=0.010..52.831 rows=1000000 loops=1)
 Planning time: 0.283 ms
 Execution time: 558.624 ms
(7 rows)

===== 24 [Wed Mar  7 02:44:15 CET 2018] scale:1000000 groups:10 work_mem:16MB incremental:off max_workers:0 =====
SELECT * FROM s_4 ORDER BY a, b, c, d, e
                                                        QUERY PLAN                                                         
---------------------------------------------------------------------------------------------------------------------------
 Limit  (cost=149037.84..149037.84 rows=1 width=20) (actual time=691.389..691.389 rows=0 loops=1)
   ->  Sort  (cost=136537.84..139037.84 rows=1000000 width=20) (actual time=587.724..669.596 rows=1000000 loops=1)
         Sort Key: s_4.a, s_4.b, s_4.c, s_4.d, s_4.e
         Sort Method: external merge  Disk: 29392kB
         ->  Seq Scan on s_4  (cost=0.00..16370.00 rows=1000000 width=20) (actual time=0.011..52.792 rows=1000000 loops=1)
 Planning time: 0.271 ms
 Execution time: 695.476 ms
(7 rows)

===== 25 [Wed Mar  7 02:44:18 CET 2018] scale:1000000 groups:10 work_mem:32MB incremental:on max_workers:0 =====
SELECT * FROM s_1 ORDER BY a, b
                                                                  QUERY PLAN                                                                  
----------------------------------------------------------------------------------------------------------------------------------------------
 Limit  (cost=142214.33..142214.33 rows=1 width=20) (actual time=422.856..422.856 rows=0 loops=1)
   ->  Incremental Sort  (cost=10428.94..132214.33 rows=1000000 width=20) (actual time=16.338..401.276 rows=1000000 loops=1)
         Sort Key: s_1.a, s_1.b
         Presorted Key: s_1.a
         Sort Method: quicksort  Memory: 10943kB
         Sort Groups: 11
         ->  Index Scan using s_1_a_idx on s_1  (cost=0.42..32353.42 rows=1000000 width=20) (actual time=0.028..124.422 rows=1000000 loops=1)
 Planning time: 0.265 ms
 Execution time: 422.995 ms
(9 rows)

===== 26 [Wed Mar  7 02:44:21 CET 2018] scale:1000000 groups:10 work_mem:32MB incremental:on max_workers:0 =====
SELECT * FROM s_2 ORDER BY a, b, c
                                                                   QUERY PLAN                                                                   
------------------------------------------------------------------------------------------------------------------------------------------------
 Limit  (cost=133278.68..133278.68 rows=1 width=20) (actual time=381.584..381.584 rows=0 loops=1)
   ->  Incremental Sort  (cost=874.61..123278.68 rows=1000000 width=20) (actual time=0.980..359.922 rows=1000000 loops=1)
         Sort Key: s_2.a, s_2.b, s_2.c
         Presorted Key: s_2.a, s_2.b
         Sort Method: quicksort  Memory: 1190kB
         Sort Groups: 121
         ->  Index Scan using s_2_a_b_idx on s_2  (cost=0.42..40712.74 rows=1000000 width=20) (actual time=0.018..120.593 rows=1000000 loops=1)
 Planning time: 0.283 ms
 Execution time: 381.629 ms
(9 rows)

===== 27 [Wed Mar  7 02:44:23 CET 2018] scale:1000000 groups:10 work_mem:32MB incremental:on max_workers:0 =====
SELECT * FROM s_3 ORDER BY a, b, c, d
                                                                    QUERY PLAN                                                                    
--------------------------------------------------------------------------------------------------------------------------------------------------
 Limit  (cost=120437.73..120437.73 rows=1 width=20) (actual time=397.678..397.678 rows=0 loops=1)
   ->  Incremental Sort  (cost=70.23..110437.73 rows=1000000 width=20) (actual time=0.094..375.989 rows=1000000 loops=1)
         Sort Key: s_3.a, s_3.b, s_3.c, s_3.d
         Presorted Key: s_3.a, s_3.b, s_3.c
         Sort Method: quicksort  Memory: 133kB
         Sort Groups: 1331
         ->  Index Scan using s_3_a_b_c_idx on s_3  (cost=0.42..45144.74 rows=1000000 width=20) (actual time=0.019..118.555 rows=1000000 loops=1)
 Planning time: 0.298 ms
 Execution time: 397.715 ms
(9 rows)

===== 28 [Wed Mar  7 02:44:25 CET 2018] scale:1000000 groups:10 work_mem:32MB incremental:on max_workers:0 =====
SELECT * FROM s_4 ORDER BY a, b, c, d, e
                                                                     QUERY PLAN                                                                     
----------------------------------------------------------------------------------------------------------------------------------------------------
 Limit  (cost=103406.77..103406.77 rows=1 width=20) (actual time=426.863..426.863 rows=0 loops=1)
   ->  Incremental Sort  (cost=5.59..93406.77 rows=1000000 width=20) (actual time=0.075..404.886 rows=1000000 loops=1)
         Sort Key: s_4.a, s_4.b, s_4.c, s_4.d, s_4.e
         Presorted Key: s_4.a, s_4.b, s_4.c, s_4.d
         Sort Method: quicksort  Memory: 36kB
         Sort Groups: 13413
         ->  Index Scan using s_4_a_b_c_d_idx on s_4  (cost=0.42..45144.74 rows=1000000 width=20) (actual time=0.024..118.053 rows=1000000 loops=1)
 Planning time: 0.280 ms
 Execution time: 426.885 ms
(9 rows)

===== 29 [Wed Mar  7 02:44:27 CET 2018] scale:1000000 groups:10 work_mem:32MB incremental:off max_workers:0 =====
SELECT * FROM s_1 ORDER BY a, b
                                                        QUERY PLAN                                                         
---------------------------------------------------------------------------------------------------------------------------
 Limit  (cost=149037.84..149037.84 rows=1 width=20) (actual time=444.750..444.750 rows=0 loops=1)
   ->  Sort  (cost=136537.84..139037.84 rows=1000000 width=20) (actual time=343.024..422.880 rows=1000000 loops=1)
         Sort Key: s_1.a, s_1.b
         Sort Method: external merge  Disk: 29360kB
         ->  Seq Scan on s_1  (cost=0.00..16370.00 rows=1000000 width=20) (actual time=0.009..53.511 rows=1000000 loops=1)
 Planning time: 0.258 ms
 Execution time: 449.118 ms
(7 rows)

===== 30 [Wed Mar  7 02:44:29 CET 2018] scale:1000000 groups:10 work_mem:32MB incremental:off max_workers:0 =====
SELECT * FROM s_2 ORDER BY a, b, c
                                                        QUERY PLAN                                                         
---------------------------------------------------------------------------------------------------------------------------
 Limit  (cost=149037.84..149037.84 rows=1 width=20) (actual time=486.758..486.758 rows=0 loops=1)
   ->  Sort  (cost=136537.84..139037.84 rows=1000000 width=20) (actual time=385.882..464.905 rows=1000000 loops=1)
         Sort Key: s_2.a, s_2.b, s_2.c
         Sort Method: external merge  Disk: 29360kB
         ->  Seq Scan on s_2  (cost=0.00..16370.00 rows=1000000 width=20) (actual time=0.004..53.572 rows=1000000 loops=1)
 Planning time: 0.270 ms
 Execution time: 491.132 ms
(7 rows)

===== 31 [Wed Mar  7 02:44:32 CET 2018] scale:1000000 groups:10 work_mem:32MB incremental:off max_workers:0 =====
SELECT * FROM s_3 ORDER BY a, b, c, d
                                                        QUERY PLAN                                                         
---------------------------------------------------------------------------------------------------------------------------
 Limit  (cost=149037.84..149037.84 rows=1 width=20) (actual time=577.736..577.736 rows=0 loops=1)
   ->  Sort  (cost=136537.84..139037.84 rows=1000000 width=20) (actual time=476.216..555.901 rows=1000000 loops=1)
         Sort Key: s_3.a, s_3.b, s_3.c, s_3.d
         Sort Method: external merge  Disk: 29360kB
         ->  Seq Scan on s_3  (cost=0.00..16370.00 rows=1000000 width=20) (actual time=0.010..54.070 rows=1000000 loops=1)
 Planning time: 0.280 ms
 Execution time: 582.101 ms
(7 rows)

===== 32 [Wed Mar  7 02:44:35 CET 2018] scale:1000000 groups:10 work_mem:32MB incremental:off max_workers:0 =====
SELECT * FROM s_4 ORDER BY a, b, c, d, e
                                                        QUERY PLAN                                                         
---------------------------------------------------------------------------------------------------------------------------
 Limit  (cost=149037.84..149037.84 rows=1 width=20) (actual time=714.201..714.201 rows=0 loops=1)
   ->  Sort  (cost=136537.84..139037.84 rows=1000000 width=20) (actual time=612.260..692.374 rows=1000000 loops=1)
         Sort Key: s_4.a, s_4.b, s_4.c, s_4.d, s_4.e
         Sort Method: external merge  Disk: 29360kB
         ->  Seq Scan on s_4  (cost=0.00..16370.00 rows=1000000 width=20) (actual time=0.011..54.096 rows=1000000 loops=1)
 Planning time: 0.282 ms
 Execution time: 718.563 ms
(7 rows)

===== 33 [Wed Mar  7 02:44:39 CET 2018] scale:1000000 groups:10 work_mem:64MB incremental:on max_workers:0 =====
SELECT * FROM s_1 ORDER BY a, b
                                                        QUERY PLAN                                                         
---------------------------------------------------------------------------------------------------------------------------
 Limit  (cost=128527.84..128527.84 rows=1 width=20) (actual time=464.987..464.987 rows=0 loops=1)
   ->  Sort  (cost=116027.84..118527.84 rows=1000000 width=20) (actual time=370.664..443.106 rows=1000000 loops=1)
         Sort Key: s_1.a, s_1.b
         Sort Method: external merge  Disk: 29360kB
         ->  Seq Scan on s_1  (cost=0.00..16370.00 rows=1000000 width=20) (actual time=0.010..55.146 rows=1000000 loops=1)
 Planning time: 0.269 ms
 Execution time: 468.361 ms
(7 rows)

===== 34 [Wed Mar  7 02:44:41 CET 2018] scale:1000000 groups:10 work_mem:64MB incremental:on max_workers:0 =====
SELECT * FROM s_2 ORDER BY a, b, c
                                                        QUERY PLAN                                                         
---------------------------------------------------------------------------------------------------------------------------
 Limit  (cost=128527.84..128527.84 rows=1 width=20) (actual time=504.530..504.530 rows=0 loops=1)
   ->  Sort  (cost=116027.84..118527.84 rows=1000000 width=20) (actual time=410.165..482.657 rows=1000000 loops=1)
         Sort Key: s_2.a, s_2.b, s_2.c
         Sort Method: external merge  Disk: 29360kB
         ->  Seq Scan on s_2  (cost=0.00..16370.00 rows=1000000 width=20) (actual time=0.004..55.386 rows=1000000 loops=1)
 Planning time: 0.291 ms
 Execution time: 507.898 ms
(7 rows)

===== 35 [Wed Mar  7 02:44:44 CET 2018] scale:1000000 groups:10 work_mem:64MB incremental:on max_workers:0 =====
SELECT * FROM s_3 ORDER BY a, b, c, d
                                                                    QUERY PLAN                                                                    
--------------------------------------------------------------------------------------------------------------------------------------------------
 Limit  (cost=120437.73..120437.73 rows=1 width=20) (actual time=397.925..397.925 rows=0 loops=1)
   ->  Incremental Sort  (cost=70.23..110437.73 rows=1000000 width=20) (actual time=0.097..376.230 rows=1000000 loops=1)
         Sort Key: s_3.a, s_3.b, s_3.c, s_3.d
         Presorted Key: s_3.a, s_3.b, s_3.c
         Sort Method: quicksort  Memory: 133kB
         Sort Groups: 1331
         ->  Index Scan using s_3_a_b_c_idx on s_3  (cost=0.42..45144.74 rows=1000000 width=20) (actual time=0.018..118.593 rows=1000000 loops=1)
 Planning time: 0.293 ms
 Execution time: 397.962 ms
(9 rows)

===== 36 [Wed Mar  7 02:44:46 CET 2018] scale:1000000 groups:10 work_mem:64MB incremental:on max_workers:0 =====
SELECT * FROM s_4 ORDER BY a, b, c, d, e
                                                                     QUERY PLAN                                                                     
----------------------------------------------------------------------------------------------------------------------------------------------------
 Limit  (cost=103406.77..103406.77 rows=1 width=20) (actual time=426.834..426.834 rows=0 loops=1)
   ->  Incremental Sort  (cost=5.59..93406.77 rows=1000000 width=20) (actual time=0.075..404.884 rows=1000000 loops=1)
         Sort Key: s_4.a, s_4.b, s_4.c, s_4.d, s_4.e
         Presorted Key: s_4.a, s_4.b, s_4.c, s_4.d
         Sort Method: quicksort  Memory: 36kB
         Sort Groups: 13413
         ->  Index Scan using s_4_a_b_c_d_idx on s_4  (cost=0.42..45144.74 rows=1000000 width=20) (actual time=0.024..118.100 rows=1000000 loops=1)
 Planning time: 0.283 ms
 Execution time: 426.856 ms
(9 rows)

===== 37 [Wed Mar  7 02:44:48 CET 2018] scale:1000000 groups:10 work_mem:64MB incremental:off max_workers:0 =====
SELECT * FROM s_1 ORDER BY a, b
                                                        QUERY PLAN                                                         
---------------------------------------------------------------------------------------------------------------------------
 Limit  (cost=128527.84..128527.84 rows=1 width=20) (actual time=465.114..465.114 rows=0 loops=1)
   ->  Sort  (cost=116027.84..118527.84 rows=1000000 width=20) (actual time=370.883..443.234 rows=1000000 loops=1)
         Sort Key: s_1.a, s_1.b
         Sort Method: external merge  Disk: 29360kB
         ->  Seq Scan on s_1  (cost=0.00..16370.00 rows=1000000 width=20) (actual time=0.010..55.432 rows=1000000 loops=1)
 Planning time: 0.264 ms
 Execution time: 468.475 ms
(7 rows)

===== 38 [Wed Mar  7 02:44:51 CET 2018] scale:1000000 groups:10 work_mem:64MB incremental:off max_workers:0 =====
SELECT * FROM s_2 ORDER BY a, b, c
                                                        QUERY PLAN                                                         
---------------------------------------------------------------------------------------------------------------------------
 Limit  (cost=128527.84..128527.84 rows=1 width=20) (actual time=506.459..506.459 rows=0 loops=1)
   ->  Sort  (cost=116027.84..118527.84 rows=1000000 width=20) (actual time=412.642..484.530 rows=1000000 loops=1)
         Sort Key: s_2.a, s_2.b, s_2.c
         Sort Method: external merge  Disk: 29360kB
         ->  Seq Scan on s_2  (cost=0.00..16370.00 rows=1000000 width=20) (actual time=0.012..55.312 rows=1000000 loops=1)
 Planning time: 0.274 ms
 Execution time: 509.829 ms
(7 rows)

===== 39 [Wed Mar  7 02:44:53 CET 2018] scale:1000000 groups:10 work_mem:64MB incremental:off max_workers:0 =====
SELECT * FROM s_3 ORDER BY a, b, c, d
                                                        QUERY PLAN                                                         
---------------------------------------------------------------------------------------------------------------------------
 Limit  (cost=128527.84..128527.84 rows=1 width=20) (actual time=597.479..597.479 rows=0 loops=1)
   ->  Sort  (cost=116027.84..118527.84 rows=1000000 width=20) (actual time=502.892..575.553 rows=1000000 loops=1)
         Sort Key: s_3.a, s_3.b, s_3.c, s_3.d
         Sort Method: external merge  Disk: 29360kB
         ->  Seq Scan on s_3  (cost=0.00..16370.00 rows=1000000 width=20) (actual time=0.010..55.759 rows=1000000 loops=1)
 Planning time: 0.278 ms
 Execution time: 600.840 ms
(7 rows)

===== 40 [Wed Mar  7 02:44:57 CET 2018] scale:1000000 groups:10 work_mem:64MB incremental:off max_workers:0 =====
SELECT * FROM s_4 ORDER BY a, b, c, d, e
                                                        QUERY PLAN                                                         
---------------------------------------------------------------------------------------------------------------------------
 Limit  (cost=128527.84..128527.84 rows=1 width=20) (actual time=731.666..731.666 rows=0 loops=1)
   ->  Sort  (cost=116027.84..118527.84 rows=1000000 width=20) (actual time=637.405..709.771 rows=1000000 loops=1)
         Sort Key: s_4.a, s_4.b, s_4.c, s_4.d, s_4.e
         Sort Method: external merge  Disk: 29360kB
         ->  Seq Scan on s_4  (cost=0.00..16370.00 rows=1000000 width=20) (actual time=0.010..55.772 rows=1000000 loops=1)
 Planning time: 0.276 ms
 Execution time: 735.020 ms
(7 rows)

===== 41 [Wed Mar  7 02:45:01 CET 2018] scale:1000000 groups:10 work_mem:128MB incremental:on max_workers:0 =====
SELECT * FROM s_1 ORDER BY a, b
                                                        QUERY PLAN                                                         
---------------------------------------------------------------------------------------------------------------------------
 Limit  (cost=128527.84..128527.84 rows=1 width=20) (actual time=389.226..389.226 rows=0 loops=1)
   ->  Sort  (cost=116027.84..118527.84 rows=1000000 width=20) (actual time=273.826..367.548 rows=1000000 loops=1)
         Sort Key: s_1.a, s_1.b
         Sort Method: quicksort  Memory: 102702kB
         ->  Seq Scan on s_1  (cost=0.00..16370.00 rows=1000000 width=20) (actual time=0.010..55.381 rows=1000000 loops=1)
 Planning time: 0.278 ms
 Execution time: 393.291 ms
(7 rows)

===== 42 [Wed Mar  7 02:45:03 CET 2018] scale:1000000 groups:10 work_mem:128MB incremental:on max_workers:0 =====
SELECT * FROM s_2 ORDER BY a, b, c
                                                        QUERY PLAN                                                         
---------------------------------------------------------------------------------------------------------------------------
 Limit  (cost=128527.84..128527.84 rows=1 width=20) (actual time=438.515..438.515 rows=0 loops=1)
   ->  Sort  (cost=116027.84..118527.84 rows=1000000 width=20) (actual time=324.061..416.818 rows=1000000 loops=1)
         Sort Key: s_2.a, s_2.b, s_2.c
         Sort Method: quicksort  Memory: 102702kB
         ->  Seq Scan on s_2  (cost=0.00..16370.00 rows=1000000 width=20) (actual time=0.004..55.618 rows=1000000 loops=1)
 Planning time: 0.283 ms
 Execution time: 442.572 ms
(7 rows)

===== 43 [Wed Mar  7 02:45:05 CET 2018] scale:1000000 groups:10 work_mem:128MB incremental:on max_workers:0 =====
SELECT * FROM s_3 ORDER BY a, b, c, d
                                                                    QUERY PLAN                                                                    
--------------------------------------------------------------------------------------------------------------------------------------------------
 Limit  (cost=120437.73..120437.73 rows=1 width=20) (actual time=397.784..397.784 rows=0 loops=1)
   ->  Incremental Sort  (cost=70.23..110437.73 rows=1000000 width=20) (actual time=0.103..376.099 rows=1000000 loops=1)
         Sort Key: s_3.a, s_3.b, s_3.c, s_3.d
         Presorted Key: s_3.a, s_3.b, s_3.c
         Sort Method: quicksort  Memory: 133kB
         Sort Groups: 1331
         ->  Index Scan using s_3_a_b_c_idx on s_3  (cost=0.42..45144.74 rows=1000000 width=20) (actual time=0.018..118.526 rows=1000000 loops=1)
 Planning time: 0.296 ms
 Execution time: 397.823 ms
(9 rows)

===== 44 [Wed Mar  7 02:45:07 CET 2018] scale:1000000 groups:10 work_mem:128MB incremental:on max_workers:0 =====
SELECT * FROM s_4 ORDER BY a, b, c, d, e
                                                                     QUERY PLAN                                                                     
----------------------------------------------------------------------------------------------------------------------------------------------------
 Limit  (cost=103406.77..103406.77 rows=1 width=20) (actual time=426.825..426.825 rows=0 loops=1)
   ->  Incremental Sort  (cost=5.59..93406.77 rows=1000000 width=20) (actual time=0.073..404.858 rows=1000000 loops=1)
         Sort Key: s_4.a, s_4.b, s_4.c, s_4.d, s_4.e
         Presorted Key: s_4.a, s_4.b, s_4.c, s_4.d
         Sort Method: quicksort  Memory: 36kB
         Sort Groups: 13413
         ->  Index Scan using s_4_a_b_c_d_idx on s_4  (cost=0.42..45144.74 rows=1000000 width=20) (actual time=0.024..118.147 rows=1000000 loops=1)
 Planning time: 0.284 ms
 Execution time: 426.846 ms
(9 rows)

===== 45 [Wed Mar  7 02:45:09 CET 2018] scale:1000000 groups:10 work_mem:128MB incremental:off max_workers:0 =====
SELECT * FROM s_1 ORDER BY a, b
                                                        QUERY PLAN                                                         
---------------------------------------------------------------------------------------------------------------------------
 Limit  (cost=128527.84..128527.84 rows=1 width=20) (actual time=386.543..386.543 rows=0 loops=1)
   ->  Sort  (cost=116027.84..118527.84 rows=1000000 width=20) (actual time=272.309..364.835 rows=1000000 loops=1)
         Sort Key: s_1.a, s_1.b
         Sort Method: quicksort  Memory: 102702kB
         ->  Seq Scan on s_1  (cost=0.00..16370.00 rows=1000000 width=20) (actual time=0.009..55.653 rows=1000000 loops=1)
 Planning time: 0.259 ms
 Execution time: 390.589 ms
(7 rows)

===== 46 [Wed Mar  7 02:45:11 CET 2018] scale:1000000 groups:10 work_mem:128MB incremental:off max_workers:0 =====
SELECT * FROM s_2 ORDER BY a, b, c
                                                        QUERY PLAN                                                         
---------------------------------------------------------------------------------------------------------------------------
 Limit  (cost=128527.84..128527.84 rows=1 width=20) (actual time=436.770..436.770 rows=0 loops=1)
   ->  Sort  (cost=116027.84..118527.84 rows=1000000 width=20) (actual time=323.973..415.097 rows=1000000 loops=1)
         Sort Key: s_2.a, s_2.b, s_2.c
         Sort Method: quicksort  Memory: 102702kB
         ->  Seq Scan on s_2  (cost=0.00..16370.00 rows=1000000 width=20) (actual time=0.004..55.464 rows=1000000 loops=1)
 Planning time: 0.276 ms
 Execution time: 440.812 ms
(7 rows)

===== 47 [Wed Mar  7 02:45:14 CET 2018] scale:1000000 groups:10 work_mem:128MB incremental:off max_workers:0 =====
SELECT * FROM s_3 ORDER BY a, b, c, d
                                                        QUERY PLAN                                                         
---------------------------------------------------------------------------------------------------------------------------
 Limit  (cost=128527.84..128527.84 rows=1 width=20) (actual time=505.670..505.670 rows=0 loops=1)
   ->  Sort  (cost=116027.84..118527.84 rows=1000000 width=20) (actual time=426.306..483.903 rows=1000000 loops=1)
         Sort Key: s_3.a, s_3.b, s_3.c, s_3.d
         Sort Method: quicksort  Memory: 102702kB
         ->  Seq Scan on s_3  (cost=0.00..16370.00 rows=1000000 width=20) (actual time=0.010..56.001 rows=1000000 loops=1)
 Planning time: 0.283 ms
 Execution time: 509.716 ms
(7 rows)

===== 48 [Wed Mar  7 02:45:16 CET 2018] scale:1000000 groups:10 work_mem:128MB incremental:off max_workers:0 =====
SELECT * FROM s_4 ORDER BY a, b, c, d, e
                                                        QUERY PLAN                                                         
---------------------------------------------------------------------------------------------------------------------------
 Limit  (cost=128527.84..128527.84 rows=1 width=20) (actual time=646.724..646.724 rows=0 loops=1)
   ->  Sort  (cost=116027.84..118527.84 rows=1000000 width=20) (actual time=569.833..625.056 rows=1000000 loops=1)
         Sort Key: s_4.a, s_4.b, s_4.c, s_4.d, s_4.e
         Sort Method: quicksort  Memory: 102702kB
         ->  Seq Scan on s_4  (cost=0.00..16370.00 rows=1000000 width=20) (actual time=0.011..56.042 rows=1000000 loops=1)
 Planning time: 0.275 ms
 Execution time: 650.785 ms
(7 rows)

===== 49 [Wed Mar  7 02:45:20 CET 2018] scale:1000000 groups:10 work_mem:256MB incremental:on max_workers:0 =====
SELECT * FROM s_1 ORDER BY a, b
                                                        QUERY PLAN                                                         
---------------------------------------------------------------------------------------------------------------------------
 Limit  (cost=128527.84..128527.84 rows=1 width=20) (actual time=389.538..389.538 rows=0 loops=1)
   ->  Sort  (cost=116027.84..118527.84 rows=1000000 width=20) (actual time=274.159..367.854 rows=1000000 loops=1)
         Sort Key: s_1.a, s_1.b
         Sort Method: quicksort  Memory: 102702kB
         ->  Seq Scan on s_1  (cost=0.00..16370.00 rows=1000000 width=20) (actual time=0.009..55.390 rows=1000000 loops=1)
 Planning time: 0.274 ms
 Execution time: 393.604 ms
(7 rows)

===== 50 [Wed Mar  7 02:45:22 CET 2018] scale:1000000 groups:10 work_mem:256MB incremental:on max_workers:0 =====
SELECT * FROM s_2 ORDER BY a, b, c
                                                        QUERY PLAN                                                         
---------------------------------------------------------------------------------------------------------------------------
 Limit  (cost=128527.84..128527.84 rows=1 width=20) (actual time=437.477..437.477 rows=0 loops=1)
   ->  Sort  (cost=116027.84..118527.84 rows=1000000 width=20) (actual time=323.837..415.795 rows=1000000 loops=1)
         Sort Key: s_2.a, s_2.b, s_2.c
         Sort Method: quicksort  Memory: 102702kB
         ->  Seq Scan on s_2  (cost=0.00..16370.00 rows=1000000 width=20) (actual time=0.004..55.627 rows=1000000 loops=1)
 Planning time: 0.290 ms
 Execution time: 441.522 ms
(7 rows)

===== 51 [Wed Mar  7 02:45:24 CET 2018] scale:1000000 groups:10 work_mem:256MB incremental:on max_workers:0 =====
SELECT * FROM s_3 ORDER BY a, b, c, d
                                                                    QUERY PLAN                                                                    
--------------------------------------------------------------------------------------------------------------------------------------------------
 Limit  (cost=120437.73..120437.73 rows=1 width=20) (actual time=397.971..397.971 rows=0 loops=1)
   ->  Incremental Sort  (cost=70.23..110437.73 rows=1000000 width=20) (actual time=0.095..376.287 rows=1000000 loops=1)
         Sort Key: s_3.a, s_3.b, s_3.c, s_3.d
         Presorted Key: s_3.a, s_3.b, s_3.c
         Sort Method: quicksort  Memory: 133kB
         Sort Groups: 1331
         ->  Index Scan using s_3_a_b_c_idx on s_3  (cost=0.42..45144.74 rows=1000000 width=20) (actual time=0.018..118.412 rows=1000000 loops=1)
 Planning time: 0.298 ms
 Execution time: 398.009 ms
(9 rows)

===== 52 [Wed Mar  7 02:45:26 CET 2018] scale:1000000 groups:10 work_mem:256MB incremental:on max_workers:0 =====
SELECT * FROM s_4 ORDER BY a, b, c, d, e
                                                                     QUERY PLAN                                                                     
----------------------------------------------------------------------------------------------------------------------------------------------------
 Limit  (cost=103406.77..103406.77 rows=1 width=20) (actual time=426.816..426.816 rows=0 loops=1)
   ->  Incremental Sort  (cost=5.59..93406.77 rows=1000000 width=20) (actual time=0.081..404.858 rows=1000000 loops=1)
         Sort Key: s_4.a, s_4.b, s_4.c, s_4.d, s_4.e
         Presorted Key: s_4.a, s_4.b, s_4.c, s_4.d
         Sort Method: quicksort  Memory: 36kB
         Sort Groups: 13413
         ->  Index Scan using s_4_a_b_c_d_idx on s_4  (cost=0.42..45144.74 rows=1000000 width=20) (actual time=0.024..118.133 rows=1000000 loops=1)
 Planning time: 0.285 ms
 Execution time: 426.837 ms
(9 rows)

===== 53 [Wed Mar  7 02:45:28 CET 2018] scale:1000000 groups:10 work_mem:256MB incremental:off max_workers:0 =====
SELECT * FROM s_1 ORDER BY a, b
                                                        QUERY PLAN                                                         
---------------------------------------------------------------------------------------------------------------------------
 Limit  (cost=128527.84..128527.84 rows=1 width=20) (actual time=386.397..386.397 rows=0 loops=1)
   ->  Sort  (cost=116027.84..118527.84 rows=1000000 width=20) (actual time=272.192..364.721 rows=1000000 loops=1)
         Sort Key: s_1.a, s_1.b
         Sort Method: quicksort  Memory: 102702kB
         ->  Seq Scan on s_1  (cost=0.00..16370.00 rows=1000000 width=20) (actual time=0.010..55.685 rows=1000000 loops=1)
 Planning time: 0.257 ms
 Execution time: 390.441 ms
(7 rows)

===== 54 [Wed Mar  7 02:45:30 CET 2018] scale:1000000 groups:10 work_mem:256MB incremental:off max_workers:0 =====
SELECT * FROM s_2 ORDER BY a, b, c
                                                        QUERY PLAN                                                         
---------------------------------------------------------------------------------------------------------------------------
 Limit  (cost=128527.84..128527.84 rows=1 width=20) (actual time=436.861..436.861 rows=0 loops=1)
   ->  Sort  (cost=116027.84..118527.84 rows=1000000 width=20) (actual time=323.976..415.286 rows=1000000 loops=1)
         Sort Key: s_2.a, s_2.b, s_2.c
         Sort Method: quicksort  Memory: 102702kB
         ->  Seq Scan on s_2  (cost=0.00..16370.00 rows=1000000 width=20) (actual time=0.004..55.474 rows=1000000 loops=1)
 Planning time: 0.272 ms
 Execution time: 440.908 ms
(7 rows)

===== 55 [Wed Mar  7 02:45:33 CET 2018] scale:1000000 groups:10 work_mem:256MB incremental:off max_workers:0 =====
SELECT * FROM s_3 ORDER BY a, b, c, d
                                                        QUERY PLAN                                                         
---------------------------------------------------------------------------------------------------------------------------
 Limit  (cost=128527.84..128527.84 rows=1 width=20) (actual time=506.169..506.169 rows=0 loops=1)
   ->  Sort  (cost=116027.84..118527.84 rows=1000000 width=20) (actual time=426.535..484.420 rows=1000000 loops=1)
         Sort Key: s_3.a, s_3.b, s_3.c, s_3.d
         Sort Method: quicksort  Memory: 102702kB
         ->  Seq Scan on s_3  (cost=0.00..16370.00 rows=1000000 width=20) (actual time=0.010..56.025 rows=1000000 loops=1)
 Planning time: 0.282 ms
 Execution time: 510.223 ms
(7 rows)

===== 56 [Wed Mar  7 02:45:35 CET 2018] scale:1000000 groups:10 work_mem:256MB incremental:off max_workers:0 =====
SELECT * FROM s_4 ORDER BY a, b, c, d, e
                                                        QUERY PLAN                                                         
---------------------------------------------------------------------------------------------------------------------------
 Limit  (cost=128527.84..128527.84 rows=1 width=20) (actual time=646.257..646.257 rows=0 loops=1)
   ->  Sort  (cost=116027.84..118527.84 rows=1000000 width=20) (actual time=569.715..624.598 rows=1000000 loops=1)
         Sort Key: s_4.a, s_4.b, s_4.c, s_4.d, s_4.e
         Sort Method: quicksort  Memory: 102702kB
         ->  Seq Scan on s_4  (cost=0.00..16370.00 rows=1000000 width=20) (actual time=0.011..55.974 rows=1000000 loops=1)
 Planning time: 0.272 ms
 Execution time: 650.303 ms
(7 rows)

===== 57 [Wed Mar  7 02:45:39 CET 2018] scale:1000000 groups:10 work_mem:4MB incremental:on max_workers:2 =====
SELECT * FROM s_1 ORDER BY a, b
                                                        QUERY PLAN                                                         
---------------------------------------------------------------------------------------------------------------------------
 Limit  (cost=149037.84..149037.84 rows=1 width=20) (actual time=402.787..402.787 rows=0 loops=1)
   ->  Sort  (cost=136537.84..139037.84 rows=1000000 width=20) (actual time=288.947..380.876 rows=1000000 loops=1)
         Sort Key: s_1.a, s_1.b
         Sort Method: external merge  Disk: 29360kB
         ->  Seq Scan on s_1  (cost=0.00..16370.00 rows=1000000 width=20) (actual time=0.009..51.168 rows=1000000 loops=1)
 Planning time: 0.274 ms
 Execution time: 406.357 ms
(7 rows)

===== 58 [Wed Mar  7 02:45:41 CET 2018] scale:1000000 groups:10 work_mem:4MB incremental:on max_workers:2 =====
SELECT * FROM s_2 ORDER BY a, b, c
                                                                   QUERY PLAN                                                                   
------------------------------------------------------------------------------------------------------------------------------------------------
 Limit  (cost=133278.68..133278.68 rows=1 width=20) (actual time=381.313..381.313 rows=0 loops=1)
   ->  Incremental Sort  (cost=874.61..123278.68 rows=1000000 width=20) (actual time=0.981..359.636 rows=1000000 loops=1)
         Sort Key: s_2.a, s_2.b, s_2.c
         Presorted Key: s_2.a, s_2.b
         Sort Method: quicksort  Memory: 1190kB
         Sort Groups: 121
         ->  Index Scan using s_2_a_b_idx on s_2  (cost=0.42..40712.74 rows=1000000 width=20) (actual time=0.018..120.456 rows=1000000 loops=1)
 Planning time: 0.292 ms
 Execution time: 381.351 ms
(9 rows)

===== 59 [Wed Mar  7 02:45:43 CET 2018] scale:1000000 groups:10 work_mem:4MB incremental:on max_workers:2 =====
SELECT * FROM s_3 ORDER BY a, b, c, d
                                                                    QUERY PLAN                                                                    
--------------------------------------------------------------------------------------------------------------------------------------------------
 Limit  (cost=120437.73..120437.73 rows=1 width=20) (actual time=397.697..397.697 rows=0 loops=1)
   ->  Incremental Sort  (cost=70.23..110437.73 rows=1000000 width=20) (actual time=0.095..376.002 rows=1000000 loops=1)
         Sort Key: s_3.a, s_3.b, s_3.c, s_3.d
         Presorted Key: s_3.a, s_3.b, s_3.c
         Sort Method: quicksort  Memory: 133kB
         Sort Groups: 1331
         ->  Index Scan using s_3_a_b_c_idx on s_3  (cost=0.42..45144.74 rows=1000000 width=20) (actual time=0.018..118.460 rows=1000000 loops=1)
 Planning time: 0.303 ms
 Execution time: 397.734 ms
(9 rows)

===== 60 [Wed Mar  7 02:45:45 CET 2018] scale:1000000 groups:10 work_mem:4MB incremental:on max_workers:2 =====
SELECT * FROM s_4 ORDER BY a, b, c, d, e
                                                                     QUERY PLAN                                                                     
----------------------------------------------------------------------------------------------------------------------------------------------------
 Limit  (cost=103406.77..103406.77 rows=1 width=20) (actual time=433.433..433.433 rows=0 loops=1)
   ->  Incremental Sort  (cost=5.59..93406.77 rows=1000000 width=20) (actual time=0.078..411.497 rows=1000000 loops=1)
         Sort Key: s_4.a, s_4.b, s_4.c, s_4.d, s_4.e
         Presorted Key: s_4.a, s_4.b, s_4.c, s_4.d
         Sort Method: quicksort  Memory: 36kB
         Sort Groups: 13413
         ->  Index Scan using s_4_a_b_c_d_idx on s_4  (cost=0.42..45144.74 rows=1000000 width=20) (actual time=0.024..117.247 rows=1000000 loops=1)
 Planning time: 0.303 ms
 Execution time: 433.455 ms
(9 rows)

===== 61 [Wed Mar  7 02:45:47 CET 2018] scale:1000000 groups:10 work_mem:4MB incremental:off max_workers:2 =====
SELECT * FROM s_1 ORDER BY a, b
                                                        QUERY PLAN                                                         
---------------------------------------------------------------------------------------------------------------------------
 Limit  (cost=149037.84..149037.84 rows=1 width=20) (actual time=402.947..402.947 rows=0 loops=1)
   ->  Sort  (cost=136537.84..139037.84 rows=1000000 width=20) (actual time=289.291..381.017 rows=1000000 loops=1)
         Sort Key: s_1.a, s_1.b
         Sort Method: external merge  Disk: 29360kB
         ->  Seq Scan on s_1  (cost=0.00..16370.00 rows=1000000 width=20) (actual time=0.010..51.411 rows=1000000 loops=1)
 Planning time: 0.271 ms
 Execution time: 406.504 ms
(7 rows)

===== 62 [Wed Mar  7 02:45:49 CET 2018] scale:1000000 groups:10 work_mem:4MB incremental:off max_workers:2 =====
SELECT * FROM s_2 ORDER BY a, b, c
                                                        QUERY PLAN                                                         
---------------------------------------------------------------------------------------------------------------------------
 Limit  (cost=149037.84..149037.84 rows=1 width=20) (actual time=452.439..452.439 rows=0 loops=1)
   ->  Sort  (cost=136537.84..139037.84 rows=1000000 width=20) (actual time=340.045..430.415 rows=1000000 loops=1)
         Sort Key: s_2.a, s_2.b, s_2.c
         Sort Method: external merge  Disk: 29360kB
         ->  Seq Scan on s_2  (cost=0.00..16370.00 rows=1000000 width=20) (actual time=0.004..51.460 rows=1000000 loops=1)
 Planning time: 0.283 ms
 Execution time: 455.998 ms
(7 rows)

===== 63 [Wed Mar  7 02:45:52 CET 2018] scale:1000000 groups:10 work_mem:4MB incremental:off max_workers:2 =====
SELECT * FROM s_3 ORDER BY a, b, c, d
                                                        QUERY PLAN                                                         
---------------------------------------------------------------------------------------------------------------------------
 Limit  (cost=149037.84..149037.84 rows=1 width=20) (actual time=548.092..548.092 rows=0 loops=1)
   ->  Sort  (cost=136537.84..139037.84 rows=1000000 width=20) (actual time=435.866..526.106 rows=1000000 loops=1)
         Sort Key: s_3.a, s_3.b, s_3.c, s_3.d
         Sort Method: external merge  Disk: 29360kB
         ->  Seq Scan on s_3  (cost=0.00..16370.00 rows=1000000 width=20) (actual time=0.010..51.889 rows=1000000 loops=1)
 Planning time: 0.287 ms
 Execution time: 551.647 ms
(7 rows)

===== 64 [Wed Mar  7 02:45:55 CET 2018] scale:1000000 groups:10 work_mem:4MB incremental:off max_workers:2 =====
SELECT * FROM s_4 ORDER BY a, b, c, d, e
                                                        QUERY PLAN                                                         
---------------------------------------------------------------------------------------------------------------------------
 Limit  (cost=149037.84..149037.84 rows=1 width=20) (actual time=687.329..687.329 rows=0 loops=1)
   ->  Sort  (cost=136537.84..139037.84 rows=1000000 width=20) (actual time=575.288..665.327 rows=1000000 loops=1)
         Sort Key: s_4.a, s_4.b, s_4.c, s_4.d, s_4.e
         Sort Method: external merge  Disk: 29360kB
         ->  Seq Scan on s_4  (cost=0.00..16370.00 rows=1000000 width=20) (actual time=0.011..51.927 rows=1000000 loops=1)
 Planning time: 0.279 ms
 Execution time: 690.917 ms
(7 rows)

===== 65 [Wed Mar  7 02:45:58 CET 2018] scale:1000000 groups:10 work_mem:8MB incremental:on max_workers:2 =====
SELECT * FROM s_1 ORDER BY a, b
                                                                  QUERY PLAN                                                                  
----------------------------------------------------------------------------------------------------------------------------------------------
 Limit  (cost=142214.33..142214.33 rows=1 width=20) (actual time=509.837..509.837 rows=0 loops=1)
   ->  Incremental Sort  (cost=10428.94..132214.33 rows=1000000 width=20) (actual time=16.336..487.711 rows=1000000 loops=1)
         Sort Key: s_1.a, s_1.b
         Presorted Key: s_1.a
         Sort Method: external merge  Disk: 2960kB
         Sort Groups: 11
         ->  Index Scan using s_1_a_idx on s_1  (cost=0.42..32353.42 rows=1000000 width=20) (actual time=0.028..123.423 rows=1000000 loops=1)
 Planning time: 0.274 ms
 Execution time: 509.865 ms
(9 rows)

===== 66 [Wed Mar  7 02:46:01 CET 2018] scale:1000000 groups:10 work_mem:8MB incremental:on max_workers:2 =====
SELECT * FROM s_2 ORDER BY a, b, c
                                                                   QUERY PLAN                                                                   
------------------------------------------------------------------------------------------------------------------------------------------------
 Limit  (cost=133278.68..133278.68 rows=1 width=20) (actual time=380.932..380.932 rows=0 loops=1)
   ->  Incremental Sort  (cost=874.61..123278.68 rows=1000000 width=20) (actual time=0.983..359.237 rows=1000000 loops=1)
         Sort Key: s_2.a, s_2.b, s_2.c
         Presorted Key: s_2.a, s_2.b
         Sort Method: quicksort  Memory: 1190kB
         Sort Groups: 121
         ->  Index Scan using s_2_a_b_idx on s_2  (cost=0.42..40712.74 rows=1000000 width=20) (actual time=0.018..120.455 rows=1000000 loops=1)
 Planning time: 0.289 ms
 Execution time: 380.970 ms
(9 rows)

===== 67 [Wed Mar  7 02:46:03 CET 2018] scale:1000000 groups:10 work_mem:8MB incremental:on max_workers:2 =====
SELECT * FROM s_3 ORDER BY a, b, c, d
                                                                    QUERY PLAN                                                                    
--------------------------------------------------------------------------------------------------------------------------------------------------
 Limit  (cost=120437.73..120437.73 rows=1 width=20) (actual time=397.883..397.883 rows=0 loops=1)
   ->  Incremental Sort  (cost=70.23..110437.73 rows=1000000 width=20) (actual time=0.099..376.199 rows=1000000 loops=1)
         Sort Key: s_3.a, s_3.b, s_3.c, s_3.d
         Presorted Key: s_3.a, s_3.b, s_3.c
         Sort Method: quicksort  Memory: 133kB
         Sort Groups: 1331
         ->  Index Scan using s_3_a_b_c_idx on s_3  (cost=0.42..45144.74 rows=1000000 width=20) (actual time=0.018..118.507 rows=1000000 loops=1)
 Planning time: 0.296 ms
 Execution time: 397.921 ms
(9 rows)

===== 68 [Wed Mar  7 02:46:05 CET 2018] scale:1000000 groups:10 work_mem:8MB incremental:on max_workers:2 =====
SELECT * FROM s_4 ORDER BY a, b, c, d, e
                                                                     QUERY PLAN                                                                     
----------------------------------------------------------------------------------------------------------------------------------------------------
 Limit  (cost=103406.77..103406.77 rows=1 width=20) (actual time=433.535..433.535 rows=0 loops=1)
   ->  Incremental Sort  (cost=5.59..93406.77 rows=1000000 width=20) (actual time=0.075..411.596 rows=1000000 loops=1)
         Sort Key: s_4.a, s_4.b, s_4.c, s_4.d, s_4.e
         Presorted Key: s_4.a, s_4.b, s_4.c, s_4.d
         Sort Method: quicksort  Memory: 36kB
         Sort Groups: 13413
         ->  Index Scan using s_4_a_b_c_d_idx on s_4  (cost=0.42..45144.74 rows=1000000 width=20) (actual time=0.024..117.271 rows=1000000 loops=1)
 Planning time: 0.294 ms
 Execution time: 433.556 ms
(9 rows)

===== 69 [Wed Mar  7 02:46:07 CET 2018] scale:1000000 groups:10 work_mem:8MB incremental:off max_workers:2 =====
SELECT * FROM s_1 ORDER BY a, b
                                                        QUERY PLAN                                                         
---------------------------------------------------------------------------------------------------------------------------
 Limit  (cost=149037.84..149037.84 rows=1 width=20) (actual time=399.148..399.148 rows=0 loops=1)
   ->  Sort  (cost=136537.84..139037.84 rows=1000000 width=20) (actual time=283.286..377.067 rows=1000000 loops=1)
         Sort Key: s_1.a, s_1.b
         Sort Method: external merge  Disk: 29360kB
         ->  Seq Scan on s_1  (cost=0.00..16370.00 rows=1000000 width=20) (actual time=0.010..51.786 rows=1000000 loops=1)
 Planning time: 0.270 ms
 Execution time: 402.863 ms
(7 rows)

===== 70 [Wed Mar  7 02:46:09 CET 2018] scale:1000000 groups:10 work_mem:8MB incremental:off max_workers:2 =====
SELECT * FROM s_2 ORDER BY a, b, c
                                                        QUERY PLAN                                                         
---------------------------------------------------------------------------------------------------------------------------
 Limit  (cost=149037.84..149037.84 rows=1 width=20) (actual time=447.635..447.635 rows=0 loops=1)
   ->  Sort  (cost=136537.84..139037.84 rows=1000000 width=20) (actual time=335.760..425.540 rows=1000000 loops=1)
         Sort Key: s_2.a, s_2.b, s_2.c
         Sort Method: external merge  Disk: 29360kB
         ->  Seq Scan on s_2  (cost=0.00..16370.00 rows=1000000 width=20) (actual time=0.004..51.951 rows=1000000 loops=1)
 Planning time: 0.285 ms
 Execution time: 451.380 ms
(7 rows)

===== 71 [Wed Mar  7 02:46:12 CET 2018] scale:1000000 groups:10 work_mem:8MB incremental:off max_workers:2 =====
SELECT * FROM s_3 ORDER BY a, b, c, d
                                                        QUERY PLAN                                                         
---------------------------------------------------------------------------------------------------------------------------
 Limit  (cost=149037.84..149037.84 rows=1 width=20) (actual time=539.303..539.303 rows=0 loops=1)
   ->  Sort  (cost=136537.84..139037.84 rows=1000000 width=20) (actual time=427.851..517.234 rows=1000000 loops=1)
         Sort Key: s_3.a, s_3.b, s_3.c, s_3.d
         Sort Method: external merge  Disk: 29360kB
         ->  Seq Scan on s_3  (cost=0.00..16370.00 rows=1000000 width=20) (actual time=0.010..52.188 rows=1000000 loops=1)
 Planning time: 0.290 ms
 Execution time: 543.020 ms
(7 rows)

===== 72 [Wed Mar  7 02:46:15 CET 2018] scale:1000000 groups:10 work_mem:8MB incremental:off max_workers:2 =====
SELECT * FROM s_4 ORDER BY a, b, c, d, e
                                                        QUERY PLAN                                                         
---------------------------------------------------------------------------------------------------------------------------
 Limit  (cost=149037.84..149037.84 rows=1 width=20) (actual time=674.646..674.646 rows=0 loops=1)
   ->  Sort  (cost=136537.84..139037.84 rows=1000000 width=20) (actual time=563.726..652.570 rows=1000000 loops=1)
         Sort Key: s_4.a, s_4.b, s_4.c, s_4.d, s_4.e
         Sort Method: external merge  Disk: 29360kB
         ->  Seq Scan on s_4  (cost=0.00..16370.00 rows=1000000 width=20) (actual time=0.011..52.275 rows=1000000 loops=1)
 Planning time: 0.285 ms
 Execution time: 678.377 ms
(7 rows)

===== 73 [Wed Mar  7 02:46:18 CET 2018] scale:1000000 groups:10 work_mem:16MB incremental:on max_workers:2 =====
SELECT * FROM s_1 ORDER BY a, b
                                                                  QUERY PLAN                                                                  
----------------------------------------------------------------------------------------------------------------------------------------------
 Limit  (cost=142214.33..142214.33 rows=1 width=20) (actual time=422.529..422.529 rows=0 loops=1)
   ->  Incremental Sort  (cost=10428.94..132214.33 rows=1000000 width=20) (actual time=16.340..401.117 rows=1000000 loops=1)
         Sort Key: s_1.a, s_1.b
         Presorted Key: s_1.a
         Sort Method: quicksort  Memory: 10943kB
         Sort Groups: 11
         ->  Index Scan using s_1_a_idx on s_1  (cost=0.42..32353.42 rows=1000000 width=20) (actual time=0.028..124.464 rows=1000000 loops=1)
 Planning time: 0.276 ms
 Execution time: 422.670 ms
(9 rows)

===== 74 [Wed Mar  7 02:46:21 CET 2018] scale:1000000 groups:10 work_mem:16MB incremental:on max_workers:2 =====
SELECT * FROM s_2 ORDER BY a, b, c
                                                                   QUERY PLAN                                                                   
------------------------------------------------------------------------------------------------------------------------------------------------
 Limit  (cost=133278.68..133278.68 rows=1 width=20) (actual time=381.380..381.380 rows=0 loops=1)
   ->  Incremental Sort  (cost=874.61..123278.68 rows=1000000 width=20) (actual time=0.984..359.693 rows=1000000 loops=1)
         Sort Key: s_2.a, s_2.b, s_2.c
         Presorted Key: s_2.a, s_2.b
         Sort Method: quicksort  Memory: 1190kB
         Sort Groups: 121
         ->  Index Scan using s_2_a_b_idx on s_2  (cost=0.42..40712.74 rows=1000000 width=20) (actual time=0.018..120.485 rows=1000000 loops=1)
 Planning time: 0.295 ms
 Execution time: 381.419 ms
(9 rows)

===== 75 [Wed Mar  7 02:46:22 CET 2018] scale:1000000 groups:10 work_mem:16MB incremental:on max_workers:2 =====
SELECT * FROM s_3 ORDER BY a, b, c, d
                                                                    QUERY PLAN                                                                    
--------------------------------------------------------------------------------------------------------------------------------------------------
 Limit  (cost=120437.73..120437.73 rows=1 width=20) (actual time=398.037..398.037 rows=0 loops=1)
   ->  Incremental Sort  (cost=70.23..110437.73 rows=1000000 width=20) (actual time=0.094..376.349 rows=1000000 loops=1)
         Sort Key: s_3.a, s_3.b, s_3.c, s_3.d
         Presorted Key: s_3.a, s_3.b, s_3.c
         Sort Method: quicksort  Memory: 133kB
         Sort Groups: 1331
         ->  Index Scan using s_3_a_b_c_idx on s_3  (cost=0.42..45144.74 rows=1000000 width=20) (actual time=0.019..118.564 rows=1000000 loops=1)
 Planning time: 0.314 ms
 Execution time: 398.076 ms
(9 rows)

===== 76 [Wed Mar  7 02:46:24 CET 2018] scale:1000000 groups:10 work_mem:16MB incremental:on max_workers:2 =====
SELECT * FROM s_4 ORDER BY a, b, c, d, e
                                                                     QUERY PLAN                                                                     
----------------------------------------------------------------------------------------------------------------------------------------------------
 Limit  (cost=103406.77..103406.77 rows=1 width=20) (actual time=433.634..433.634 rows=0 loops=1)
   ->  Incremental Sort  (cost=5.59..93406.77 rows=1000000 width=20) (actual time=0.082..411.688 rows=1000000 loops=1)
         Sort Key: s_4.a, s_4.b, s_4.c, s_4.d, s_4.e
         Presorted Key: s_4.a, s_4.b, s_4.c, s_4.d
         Sort Method: quicksort  Memory: 36kB
         Sort Groups: 13413
         ->  Index Scan using s_4_a_b_c_d_idx on s_4  (cost=0.42..45144.74 rows=1000000 width=20) (actual time=0.024..117.353 rows=1000000 loops=1)
 Planning time: 0.297 ms
 Execution time: 433.655 ms
(9 rows)

===== 77 [Wed Mar  7 02:46:27 CET 2018] scale:1000000 groups:10 work_mem:16MB incremental:off max_workers:2 =====
SELECT * FROM s_1 ORDER BY a, b
                                                        QUERY PLAN                                                         
---------------------------------------------------------------------------------------------------------------------------
 Limit  (cost=149037.84..149037.84 rows=1 width=20) (actual time=422.279..422.279 rows=0 loops=1)
   ->  Sort  (cost=136537.84..139037.84 rows=1000000 width=20) (actual time=314.785..400.365 rows=1000000 loops=1)
         Sort Key: s_1.a, s_1.b
         Sort Method: external merge  Disk: 29392kB
         ->  Seq Scan on s_1  (cost=0.00..16370.00 rows=1000000 width=20) (actual time=0.010..52.419 rows=1000000 loops=1)
 Planning time: 0.270 ms
 Execution time: 426.383 ms
(7 rows)

===== 78 [Wed Mar  7 02:46:29 CET 2018] scale:1000000 groups:10 work_mem:16MB incremental:off max_workers:2 =====
SELECT * FROM s_2 ORDER BY a, b, c
                                                        QUERY PLAN                                                         
---------------------------------------------------------------------------------------------------------------------------
 Limit  (cost=149037.84..149037.84 rows=1 width=20) (actual time=464.886..464.886 rows=0 loops=1)
   ->  Sort  (cost=136537.84..139037.84 rows=1000000 width=20) (actual time=360.621..443.042 rows=1000000 loops=1)
         Sort Key: s_2.a, s_2.b, s_2.c
         Sort Method: external merge  Disk: 29392kB
         ->  Seq Scan on s_2  (cost=0.00..16370.00 rows=1000000 width=20) (actual time=0.004..52.408 rows=1000000 loops=1)
 Planning time: 0.282 ms
 Execution time: 468.973 ms
(7 rows)

===== 79 [Wed Mar  7 02:46:31 CET 2018] scale:1000000 groups:10 work_mem:16MB incremental:off max_workers:2 =====
SELECT * FROM s_3 ORDER BY a, b, c, d
                                                        QUERY PLAN                                                         
---------------------------------------------------------------------------------------------------------------------------
 Limit  (cost=149037.84..149037.84 rows=1 width=20) (actual time=554.821..554.821 rows=0 loops=1)
   ->  Sort  (cost=136537.84..139037.84 rows=1000000 width=20) (actual time=450.670..532.983 rows=1000000 loops=1)
         Sort Key: s_3.a, s_3.b, s_3.c, s_3.d
         Sort Method: external merge  Disk: 29392kB
         ->  Seq Scan on s_3  (cost=0.00..16370.00 rows=1000000 width=20) (actual time=0.010..52.761 rows=1000000 loops=1)
 Planning time: 0.296 ms
 Execution time: 558.919 ms
(7 rows)

===== 80 [Wed Mar  7 02:46:34 CET 2018] scale:1000000 groups:10 work_mem:16MB incremental:off max_workers:2 =====
SELECT * FROM s_4 ORDER BY a, b, c, d, e
                                                        QUERY PLAN                                                         
---------------------------------------------------------------------------------------------------------------------------
 Limit  (cost=149037.84..149037.84 rows=1 width=20) (actual time=691.257..691.257 rows=0 loops=1)
   ->  Sort  (cost=136537.84..139037.84 rows=1000000 width=20) (actual time=587.591..669.455 rows=1000000 loops=1)
         Sort Key: s_4.a, s_4.b, s_4.c, s_4.d, s_4.e
         Sort Method: external merge  Disk: 29392kB
         ->  Seq Scan on s_4  (cost=0.00..16370.00 rows=1000000 width=20) (actual time=0.010..52.761 rows=1000000 loops=1)
 Planning time: 0.279 ms
 Execution time: 695.358 ms
(7 rows)

===== 81 [Wed Mar  7 02:46:38 CET 2018] scale:1000000 groups:10 work_mem:32MB incremental:on max_workers:2 =====
SELECT * FROM s_1 ORDER BY a, b
                                                                  QUERY PLAN                                                                  
----------------------------------------------------------------------------------------------------------------------------------------------
 Limit  (cost=142214.33..142214.33 rows=1 width=20) (actual time=422.641..422.641 rows=0 loops=1)
   ->  Incremental Sort  (cost=10428.94..132214.33 rows=1000000 width=20) (actual time=16.275..401.214 rows=1000000 loops=1)
         Sort Key: s_1.a, s_1.b
         Presorted Key: s_1.a
         Sort Method: quicksort  Memory: 10943kB
         Sort Groups: 11
         ->  Index Scan using s_1_a_idx on s_1  (cost=0.42..32353.42 rows=1000000 width=20) (actual time=0.028..124.351 rows=1000000 loops=1)
 Planning time: 0.274 ms
 Execution time: 422.779 ms
(9 rows)

===== 82 [Wed Mar  7 02:46:40 CET 2018] scale:1000000 groups:10 work_mem:32MB incremental:on max_workers:2 =====
SELECT * FROM s_2 ORDER BY a, b, c
                                                                   QUERY PLAN                                                                   
------------------------------------------------------------------------------------------------------------------------------------------------
 Limit  (cost=133278.68..133278.68 rows=1 width=20) (actual time=380.916..380.916 rows=0 loops=1)
   ->  Incremental Sort  (cost=874.61..123278.68 rows=1000000 width=20) (actual time=0.981..359.246 rows=1000000 loops=1)
         Sort Key: s_2.a, s_2.b, s_2.c
         Presorted Key: s_2.a, s_2.b
         Sort Method: quicksort  Memory: 1190kB
         Sort Groups: 121
         ->  Index Scan using s_2_a_b_idx on s_2  (cost=0.42..40712.74 rows=1000000 width=20) (actual time=0.018..120.466 rows=1000000 loops=1)
 Planning time: 0.287 ms
 Execution time: 380.959 ms
(9 rows)

===== 83 [Wed Mar  7 02:46:42 CET 2018] scale:1000000 groups:10 work_mem:32MB incremental:on max_workers:2 =====
SELECT * FROM s_3 ORDER BY a, b, c, d
                                                                    QUERY PLAN                                                                    
--------------------------------------------------------------------------------------------------------------------------------------------------
 Limit  (cost=120437.73..120437.73 rows=1 width=20) (actual time=397.775..397.775 rows=0 loops=1)
   ->  Incremental Sort  (cost=70.23..110437.73 rows=1000000 width=20) (actual time=0.096..376.117 rows=1000000 loops=1)
         Sort Key: s_3.a, s_3.b, s_3.c, s_3.d
         Presorted Key: s_3.a, s_3.b, s_3.c
         Sort Method: quicksort  Memory: 133kB
         Sort Groups: 1331
         ->  Index Scan using s_3_a_b_c_idx on s_3  (cost=0.42..45144.74 rows=1000000 width=20) (actual time=0.018..118.596 rows=1000000 loops=1)
 Planning time: 0.303 ms
 Execution time: 397.813 ms
(9 rows)

===== 84 [Wed Mar  7 02:46:44 CET 2018] scale:1000000 groups:10 work_mem:32MB incremental:on max_workers:2 =====
SELECT * FROM s_4 ORDER BY a, b, c, d, e
                                                                     QUERY PLAN                                                                     
----------------------------------------------------------------------------------------------------------------------------------------------------
 Limit  (cost=103406.77..103406.77 rows=1 width=20) (actual time=433.541..433.541 rows=0 loops=1)
   ->  Incremental Sort  (cost=5.59..93406.77 rows=1000000 width=20) (actual time=0.077..411.608 rows=1000000 loops=1)
         Sort Key: s_4.a, s_4.b, s_4.c, s_4.d, s_4.e
         Presorted Key: s_4.a, s_4.b, s_4.c, s_4.d
         Sort Method: quicksort  Memory: 36kB
         Sort Groups: 13413
         ->  Index Scan using s_4_a_b_c_d_idx on s_4  (cost=0.42..45144.74 rows=1000000 width=20) (actual time=0.024..117.258 rows=1000000 loops=1)
 Planning time: 0.293 ms
 Execution time: 433.562 ms
(9 rows)

===== 85 [Wed Mar  7 02:46:47 CET 2018] scale:1000000 groups:10 work_mem:32MB incremental:off max_workers:2 =====
SELECT * FROM s_1 ORDER BY a, b
                                                        QUERY PLAN                                                         
---------------------------------------------------------------------------------------------------------------------------
 Limit  (cost=149037.84..149037.84 rows=1 width=20) (actual time=444.890..444.890 rows=0 loops=1)
   ->  Sort  (cost=136537.84..139037.84 rows=1000000 width=20) (actual time=343.079..423.022 rows=1000000 loops=1)
         Sort Key: s_1.a, s_1.b
         Sort Method: external merge  Disk: 29360kB
         ->  Seq Scan on s_1  (cost=0.00..16370.00 rows=1000000 width=20) (actual time=0.010..53.525 rows=1000000 loops=1)
 Planning time: 0.271 ms
 Execution time: 449.235 ms
(7 rows)

===== 86 [Wed Mar  7 02:46:49 CET 2018] scale:1000000 groups:10 work_mem:32MB incremental:off max_workers:2 =====
SELECT * FROM s_2 ORDER BY a, b, c
                                                        QUERY PLAN                                                         
---------------------------------------------------------------------------------------------------------------------------
 Limit  (cost=149037.84..149037.84 rows=1 width=20) (actual time=486.493..486.493 rows=0 loops=1)
   ->  Sort  (cost=136537.84..139037.84 rows=1000000 width=20) (actual time=385.658..464.630 rows=1000000 loops=1)
         Sort Key: s_2.a, s_2.b, s_2.c
         Sort Method: external merge  Disk: 29360kB
         ->  Seq Scan on s_2  (cost=0.00..16370.00 rows=1000000 width=20) (actual time=0.004..53.525 rows=1000000 loops=1)
 Planning time: 0.280 ms
 Execution time: 490.872 ms
(7 rows)

===== 87 [Wed Mar  7 02:46:52 CET 2018] scale:1000000 groups:10 work_mem:32MB incremental:off max_workers:2 =====
SELECT * FROM s_3 ORDER BY a, b, c, d
                                                        QUERY PLAN                                                         
---------------------------------------------------------------------------------------------------------------------------
 Limit  (cost=149037.84..149037.84 rows=1 width=20) (actual time=578.536..578.536 rows=0 loops=1)
   ->  Sort  (cost=136537.84..139037.84 rows=1000000 width=20) (actual time=476.957..556.683 rows=1000000 loops=1)
         Sort Key: s_3.a, s_3.b, s_3.c, s_3.d
         Sort Method: external merge  Disk: 29360kB
         ->  Seq Scan on s_3  (cost=0.00..16370.00 rows=1000000 width=20) (actual time=0.010..54.062 rows=1000000 loops=1)
 Planning time: 0.298 ms
 Execution time: 582.924 ms
(7 rows)

===== 88 [Wed Mar  7 02:46:55 CET 2018] scale:1000000 groups:10 work_mem:32MB incremental:off max_workers:2 =====
SELECT * FROM s_4 ORDER BY a, b, c, d, e
                                                        QUERY PLAN                                                         
---------------------------------------------------------------------------------------------------------------------------
 Limit  (cost=149037.84..149037.84 rows=1 width=20) (actual time=714.023..714.023 rows=0 loops=1)
   ->  Sort  (cost=136537.84..139037.84 rows=1000000 width=20) (actual time=612.114..692.183 rows=1000000 loops=1)
         Sort Key: s_4.a, s_4.b, s_4.c, s_4.d, s_4.e
         Sort Method: external merge  Disk: 29360kB
         ->  Seq Scan on s_4  (cost=0.00..16370.00 rows=1000000 width=20) (actual time=0.011..54.096 rows=1000000 loops=1)
 Planning time: 0.284 ms
 Execution time: 718.413 ms
(7 rows)

===== 89 [Wed Mar  7 02:46:59 CET 2018] scale:1000000 groups:10 work_mem:64MB incremental:on max_workers:2 =====
SELECT * FROM s_1 ORDER BY a, b
                                                        QUERY PLAN                                                         
---------------------------------------------------------------------------------------------------------------------------
 Limit  (cost=128527.84..128527.84 rows=1 width=20) (actual time=464.375..464.375 rows=0 loops=1)
   ->  Sort  (cost=116027.84..118527.84 rows=1000000 width=20) (actual time=370.050..442.424 rows=1000000 loops=1)
         Sort Key: s_1.a, s_1.b
         Sort Method: external merge  Disk: 29360kB
         ->  Seq Scan on s_1  (cost=0.00..16370.00 rows=1000000 width=20) (actual time=0.010..55.340 rows=1000000 loops=1)
 Planning time: 0.291 ms
 Execution time: 467.729 ms
(7 rows)

===== 90 [Wed Mar  7 02:47:01 CET 2018] scale:1000000 groups:10 work_mem:64MB incremental:on max_workers:2 =====
SELECT * FROM s_2 ORDER BY a, b, c
                                                        QUERY PLAN                                                         
---------------------------------------------------------------------------------------------------------------------------
 Limit  (cost=128527.84..128527.84 rows=1 width=20) (actual time=508.025..508.025 rows=0 loops=1)
   ->  Sort  (cost=116027.84..118527.84 rows=1000000 width=20) (actual time=412.933..486.142 rows=1000000 loops=1)
         Sort Key: s_2.a, s_2.b, s_2.c
         Sort Method: external merge  Disk: 29360kB
         ->  Seq Scan on s_2  (cost=0.00..16370.00 rows=1000000 width=20) (actual time=0.004..55.134 rows=1000000 loops=1)
 Planning time: 0.294 ms
 Execution time: 511.388 ms
(7 rows)

===== 91 [Wed Mar  7 02:47:04 CET 2018] scale:1000000 groups:10 work_mem:64MB incremental:on max_workers:2 =====
SELECT * FROM s_3 ORDER BY a, b, c, d
                                                                    QUERY PLAN                                                                    
--------------------------------------------------------------------------------------------------------------------------------------------------
 Limit  (cost=120437.73..120437.73 rows=1 width=20) (actual time=396.055..396.055 rows=0 loops=1)
   ->  Incremental Sort  (cost=70.23..110437.73 rows=1000000 width=20) (actual time=0.093..374.335 rows=1000000 loops=1)
         Sort Key: s_3.a, s_3.b, s_3.c, s_3.d
         Presorted Key: s_3.a, s_3.b, s_3.c
         Sort Method: quicksort  Memory: 133kB
         Sort Groups: 1331
         ->  Index Scan using s_3_a_b_c_idx on s_3  (cost=0.42..45144.74 rows=1000000 width=20) (actual time=0.018..118.268 rows=1000000 loops=1)
 Planning time: 0.304 ms
 Execution time: 396.093 ms
(9 rows)

===== 92 [Wed Mar  7 02:47:06 CET 2018] scale:1000000 groups:10 work_mem:64MB incremental:on max_workers:2 =====
SELECT * FROM s_4 ORDER BY a, b, c, d, e
                                                                     QUERY PLAN                                                                     
----------------------------------------------------------------------------------------------------------------------------------------------------
 Limit  (cost=103406.77..103406.77 rows=1 width=20) (actual time=424.208..424.208 rows=0 loops=1)
   ->  Incremental Sort  (cost=5.59..93406.77 rows=1000000 width=20) (actual time=0.075..402.662 rows=1000000 loops=1)
         Sort Key: s_4.a, s_4.b, s_4.c, s_4.d, s_4.e
         Presorted Key: s_4.a, s_4.b, s_4.c, s_4.d
         Sort Method: quicksort  Memory: 36kB
         Sort Groups: 13413
         ->  Index Scan using s_4_a_b_c_d_idx on s_4  (cost=0.42..45144.74 rows=1000000 width=20) (actual time=0.024..117.376 rows=1000000 loops=1)
 Planning time: 0.291 ms
 Execution time: 424.229 ms
(9 rows)

===== 93 [Wed Mar  7 02:47:08 CET 2018] scale:1000000 groups:10 work_mem:64MB incremental:off max_workers:2 =====
SELECT * FROM s_1 ORDER BY a, b
                                                        QUERY PLAN                                                         
---------------------------------------------------------------------------------------------------------------------------
 Limit  (cost=128527.84..128527.84 rows=1 width=20) (actual time=464.407..464.407 rows=0 loops=1)
   ->  Sort  (cost=116027.84..118527.84 rows=1000000 width=20) (actual time=370.200..442.541 rows=1000000 loops=1)
         Sort Key: s_1.a, s_1.b
         Sort Method: external merge  Disk: 29360kB
         ->  Seq Scan on s_1  (cost=0.00..16370.00 rows=1000000 width=20) (actual time=0.013..55.451 rows=1000000 loops=1)
 Planning time: 0.271 ms
 Execution time: 467.769 ms
(7 rows)

===== 94 [Wed Mar  7 02:47:10 CET 2018] scale:1000000 groups:10 work_mem:64MB incremental:off max_workers:2 =====
SELECT * FROM s_2 ORDER BY a, b, c
                                                        QUERY PLAN                                                         
---------------------------------------------------------------------------------------------------------------------------
 Limit  (cost=128527.84..128527.84 rows=1 width=20) (actual time=506.080..506.080 rows=0 loops=1)
   ->  Sort  (cost=116027.84..118527.84 rows=1000000 width=20) (actual time=412.221..484.148 rows=1000000 loops=1)
         Sort Key: s_2.a, s_2.b, s_2.c
         Sort Method: external merge  Disk: 29360kB
         ->  Seq Scan on s_2  (cost=0.00..16370.00 rows=1000000 width=20) (actual time=0.004..55.305 rows=1000000 loops=1)
 Planning time: 0.280 ms
 Execution time: 509.447 ms
(7 rows)

===== 95 [Wed Mar  7 02:47:13 CET 2018] scale:1000000 groups:10 work_mem:64MB incremental:off max_workers:2 =====
SELECT * FROM s_3 ORDER BY a, b, c, d
                                                        QUERY PLAN                                                         
---------------------------------------------------------------------------------------------------------------------------
 Limit  (cost=128527.84..128527.84 rows=1 width=20) (actual time=597.905..597.905 rows=0 loops=1)
   ->  Sort  (cost=116027.84..118527.84 rows=1000000 width=20) (actual time=503.338..575.984 rows=1000000 loops=1)
         Sort Key: s_3.a, s_3.b, s_3.c, s_3.d
         Sort Method: external merge  Disk: 29360kB
         ->  Seq Scan on s_3  (cost=0.00..16370.00 rows=1000000 width=20) (actual time=0.010..55.714 rows=1000000 loops=1)
 Planning time: 0.287 ms
 Execution time: 601.259 ms
(7 rows)

===== 96 [Wed Mar  7 02:47:16 CET 2018] scale:1000000 groups:10 work_mem:64MB incremental:off max_workers:2 =====
SELECT * FROM s_4 ORDER BY a, b, c, d, e
                                                        QUERY PLAN                                                         
---------------------------------------------------------------------------------------------------------------------------
 Limit  (cost=128527.84..128527.84 rows=1 width=20) (actual time=731.840..731.840 rows=0 loops=1)
   ->  Sort  (cost=116027.84..118527.84 rows=1000000 width=20) (actual time=637.540..709.939 rows=1000000 loops=1)
         Sort Key: s_4.a, s_4.b, s_4.c, s_4.d, s_4.e
         Sort Method: external merge  Disk: 29360kB
         ->  Seq Scan on s_4  (cost=0.00..16370.00 rows=1000000 width=20) (actual time=0.011..55.759 rows=1000000 loops=1)
 Planning time: 0.284 ms
 Execution time: 735.215 ms
(7 rows)

===== 97 [Wed Mar  7 02:47:20 CET 2018] scale:1000000 groups:10 work_mem:128MB incremental:on max_workers:2 =====
SELECT * FROM s_1 ORDER BY a, b
                                                        QUERY PLAN                                                         
---------------------------------------------------------------------------------------------------------------------------
 Limit  (cost=128527.84..128527.84 rows=1 width=20) (actual time=388.310..388.310 rows=0 loops=1)
   ->  Sort  (cost=116027.84..118527.84 rows=1000000 width=20) (actual time=273.622..366.621 rows=1000000 loops=1)
         Sort Key: s_1.a, s_1.b
         Sort Method: quicksort  Memory: 102702kB
         ->  Seq Scan on s_1  (cost=0.00..16370.00 rows=1000000 width=20) (actual time=0.009..55.426 rows=1000000 loops=1)
 Planning time: 0.272 ms
 Execution time: 392.355 ms
(7 rows)

===== 98 [Wed Mar  7 02:47:22 CET 2018] scale:1000000 groups:10 work_mem:128MB incremental:on max_workers:2 =====
SELECT * FROM s_2 ORDER BY a, b, c
                                                        QUERY PLAN                                                         
---------------------------------------------------------------------------------------------------------------------------
 Limit  (cost=128527.84..128527.84 rows=1 width=20) (actual time=437.430..437.430 rows=0 loops=1)
   ->  Sort  (cost=116027.84..118527.84 rows=1000000 width=20) (actual time=323.677..415.764 rows=1000000 loops=1)
         Sort Key: s_2.a, s_2.b, s_2.c
         Sort Method: quicksort  Memory: 102702kB
         ->  Seq Scan on s_2  (cost=0.00..16370.00 rows=1000000 width=20) (actual time=0.004..55.573 rows=1000000 loops=1)
 Planning time: 0.294 ms
 Execution time: 441.474 ms
(7 rows)

===== 99 [Wed Mar  7 02:47:25 CET 2018] scale:1000000 groups:10 work_mem:128MB incremental:on max_workers:2 =====
SELECT * FROM s_3 ORDER BY a, b, c, d
                                                                    QUERY PLAN                                                                    
--------------------------------------------------------------------------------------------------------------------------------------------------
 Limit  (cost=120437.73..120437.73 rows=1 width=20) (actual time=398.059..398.059 rows=0 loops=1)
   ->  Incremental Sort  (cost=70.23..110437.73 rows=1000000 width=20) (actual time=0.097..376.380 rows=1000000 loops=1)
         Sort Key: s_3.a, s_3.b, s_3.c, s_3.d
         Presorted Key: s_3.a, s_3.b, s_3.c
         Sort Method: quicksort  Memory: 133kB
         Sort Groups: 1331
         ->  Index Scan using s_3_a_b_c_idx on s_3  (cost=0.42..45144.74 rows=1000000 width=20) (actual time=0.019..118.510 rows=1000000 loops=1)
 Planning time: 0.307 ms
 Execution time: 398.096 ms
(9 rows)

===== 100 [Wed Mar  7 02:47:27 CET 2018] scale:1000000 groups:10 work_mem:128MB incremental:on max_workers:2 =====
SELECT * FROM s_4 ORDER BY a, b, c, d, e
                                                                     QUERY PLAN                                                                     
----------------------------------------------------------------------------------------------------------------------------------------------------
 Limit  (cost=103406.77..103406.77 rows=1 width=20) (actual time=433.537..433.537 rows=0 loops=1)
   ->  Incremental Sort  (cost=5.59..93406.77 rows=1000000 width=20) (actual time=0.075..411.590 rows=1000000 loops=1)
         Sort Key: s_4.a, s_4.b, s_4.c, s_4.d, s_4.e
         Presorted Key: s_4.a, s_4.b, s_4.c, s_4.d
         Sort Method: quicksort  Memory: 36kB
         Sort Groups: 13413
         ->  Index Scan using s_4_a_b_c_d_idx on s_4  (cost=0.42..45144.74 rows=1000000 width=20) (actual time=0.024..117.200 rows=1000000 loops=1)
 Planning time: 0.297 ms
 Execution time: 433.559 ms
(9 rows)

===== 101 [Wed Mar  7 02:47:29 CET 2018] scale:1000000 groups:10 work_mem:128MB incremental:off max_workers:2 =====
SELECT * FROM s_1 ORDER BY a, b
                                                        QUERY PLAN                                                         
---------------------------------------------------------------------------------------------------------------------------
 Limit  (cost=128527.84..128527.84 rows=1 width=20) (actual time=387.590..387.590 rows=0 loops=1)
   ->  Sort  (cost=116027.84..118527.84 rows=1000000 width=20) (actual time=272.868..365.937 rows=1000000 loops=1)
         Sort Key: s_1.a, s_1.b
         Sort Method: quicksort  Memory: 102702kB
         ->  Seq Scan on s_1  (cost=0.00..16370.00 rows=1000000 width=20) (actual time=0.010..55.680 rows=1000000 loops=1)
 Planning time: 0.267 ms
 Execution time: 391.637 ms
(7 rows)

===== 102 [Wed Mar  7 02:47:31 CET 2018] scale:1000000 groups:10 work_mem:128MB incremental:off max_workers:2 =====
SELECT * FROM s_2 ORDER BY a, b, c
                                                        QUERY PLAN                                                         
---------------------------------------------------------------------------------------------------------------------------
 Limit  (cost=128527.84..128527.84 rows=1 width=20) (actual time=436.890..436.890 rows=0 loops=1)
   ->  Sort  (cost=116027.84..118527.84 rows=1000000 width=20) (actual time=324.063..415.206 rows=1000000 loops=1)
         Sort Key: s_2.a, s_2.b, s_2.c
         Sort Method: quicksort  Memory: 102702kB
         ->  Seq Scan on s_2  (cost=0.00..16370.00 rows=1000000 width=20) (actual time=0.004..55.517 rows=1000000 loops=1)
 Planning time: 0.287 ms
 Execution time: 440.934 ms
(7 rows)

===== 103 [Wed Mar  7 02:47:33 CET 2018] scale:1000000 groups:10 work_mem:128MB incremental:off max_workers:2 =====
SELECT * FROM s_3 ORDER BY a, b, c, d
                                                        QUERY PLAN                                                         
---------------------------------------------------------------------------------------------------------------------------
 Limit  (cost=128527.84..128527.84 rows=1 width=20) (actual time=505.690..505.690 rows=0 loops=1)
   ->  Sort  (cost=116027.84..118527.84 rows=1000000 width=20) (actual time=426.255..483.944 rows=1000000 loops=1)
         Sort Key: s_3.a, s_3.b, s_3.c, s_3.d
         Sort Method: quicksort  Memory: 102702kB
         ->  Seq Scan on s_3  (cost=0.00..16370.00 rows=1000000 width=20) (actual time=0.010..56.060 rows=1000000 loops=1)
 Planning time: 0.292 ms
 Execution time: 509.743 ms
(7 rows)

===== 104 [Wed Mar  7 02:47:36 CET 2018] scale:1000000 groups:10 work_mem:128MB incremental:off max_workers:2 =====
SELECT * FROM s_4 ORDER BY a, b, c, d, e
                                                        QUERY PLAN                                                         
---------------------------------------------------------------------------------------------------------------------------
 Limit  (cost=128527.84..128527.84 rows=1 width=20) (actual time=646.480..646.480 rows=0 loops=1)
   ->  Sort  (cost=116027.84..118527.84 rows=1000000 width=20) (actual time=569.862..624.807 rows=1000000 loops=1)
         Sort Key: s_4.a, s_4.b, s_4.c, s_4.d, s_4.e
         Sort Method: quicksort  Memory: 102702kB
         ->  Seq Scan on s_4  (cost=0.00..16370.00 rows=1000000 width=20) (actual time=0.011..55.982 rows=1000000 loops=1)
 Planning time: 0.279 ms
 Execution time: 650.534 ms
(7 rows)

===== 105 [Wed Mar  7 02:47:40 CET 2018] scale:1000000 groups:10 work_mem:256MB incremental:on max_workers:2 =====
SELECT * FROM s_1 ORDER BY a, b
                                                        QUERY PLAN                                                         
---------------------------------------------------------------------------------------------------------------------------
 Limit  (cost=128527.84..128527.84 rows=1 width=20) (actual time=389.452..389.452 rows=0 loops=1)
   ->  Sort  (cost=116027.84..118527.84 rows=1000000 width=20) (actual time=274.076..367.767 rows=1000000 loops=1)
         Sort Key: s_1.a, s_1.b
         Sort Method: quicksort  Memory: 102702kB
         ->  Seq Scan on s_1  (cost=0.00..16370.00 rows=1000000 width=20) (actual time=0.009..55.332 rows=1000000 loops=1)
 Planning time: 0.274 ms
 Execution time: 393.515 ms
(7 rows)

===== 106 [Wed Mar  7 02:47:42 CET 2018] scale:1000000 groups:10 work_mem:256MB incremental:on max_workers:2 =====
SELECT * FROM s_2 ORDER BY a, b, c
                                                        QUERY PLAN                                                         
---------------------------------------------------------------------------------------------------------------------------
 Limit  (cost=128527.84..128527.84 rows=1 width=20) (actual time=437.096..437.096 rows=0 loops=1)
   ->  Sort  (cost=116027.84..118527.84 rows=1000000 width=20) (actual time=323.505..415.410 rows=1000000 loops=1)
         Sort Key: s_2.a, s_2.b, s_2.c
         Sort Method: quicksort  Memory: 102702kB
         ->  Seq Scan on s_2  (cost=0.00..16370.00 rows=1000000 width=20) (actual time=0.004..55.609 rows=1000000 loops=1)
 Planning time: 0.292 ms
 Execution time: 441.134 ms
(7 rows)

===== 107 [Wed Mar  7 02:47:44 CET 2018] scale:1000000 groups:10 work_mem:256MB incremental:on max_workers:2 =====
SELECT * FROM s_3 ORDER BY a, b, c, d
                                                                    QUERY PLAN                                                                    
--------------------------------------------------------------------------------------------------------------------------------------------------
 Limit  (cost=120437.73..120437.73 rows=1 width=20) (actual time=397.867..397.867 rows=0 loops=1)
   ->  Incremental Sort  (cost=70.23..110437.73 rows=1000000 width=20) (actual time=0.099..376.189 rows=1000000 loops=1)
         Sort Key: s_3.a, s_3.b, s_3.c, s_3.d
         Presorted Key: s_3.a, s_3.b, s_3.c
         Sort Method: quicksort  Memory: 133kB
         Sort Groups: 1331
         ->  Index Scan using s_3_a_b_c_idx on s_3  (cost=0.42..45144.74 rows=1000000 width=20) (actual time=0.019..118.509 rows=1000000 loops=1)
 Planning time: 0.297 ms
 Execution time: 397.904 ms
(9 rows)

===== 108 [Wed Mar  7 02:47:46 CET 2018] scale:1000000 groups:10 work_mem:256MB incremental:on max_workers:2 =====
SELECT * FROM s_4 ORDER BY a, b, c, d, e
                                                                     QUERY PLAN                                                                     
----------------------------------------------------------------------------------------------------------------------------------------------------
 Limit  (cost=103406.77..103406.77 rows=1 width=20) (actual time=433.552..433.552 rows=0 loops=1)
   ->  Incremental Sort  (cost=5.59..93406.77 rows=1000000 width=20) (actual time=0.076..411.606 rows=1000000 loops=1)
         Sort Key: s_4.a, s_4.b, s_4.c, s_4.d, s_4.e
         Presorted Key: s_4.a, s_4.b, s_4.c, s_4.d
         Sort Method: quicksort  Memory: 36kB
         Sort Groups: 13413
         ->  Index Scan using s_4_a_b_c_d_idx on s_4  (cost=0.42..45144.74 rows=1000000 width=20) (actual time=0.024..117.273 rows=1000000 loops=1)
 Planning time: 0.296 ms
 Execution time: 433.573 ms
(9 rows)

===== 109 [Wed Mar  7 02:47:48 CET 2018] scale:1000000 groups:10 work_mem:256MB incremental:off max_workers:2 =====
SELECT * FROM s_1 ORDER BY a, b
                                                        QUERY PLAN                                                         
---------------------------------------------------------------------------------------------------------------------------
 Limit  (cost=128527.84..128527.84 rows=1 width=20) (actual time=386.455..386.455 rows=0 loops=1)
   ->  Sort  (cost=116027.84..118527.84 rows=1000000 width=20) (actual time=272.220..364.755 rows=1000000 loops=1)
         Sort Key: s_1.a, s_1.b
         Sort Method: quicksort  Memory: 102702kB
         ->  Seq Scan on s_1  (cost=0.00..16370.00 rows=1000000 width=20) (actual time=0.010..55.669 rows=1000000 loops=1)
 Planning time: 0.267 ms
 Execution time: 390.493 ms
(7 rows)

===== 110 [Wed Mar  7 02:47:50 CET 2018] scale:1000000 groups:10 work_mem:256MB incremental:off max_workers:2 =====
SELECT * FROM s_2 ORDER BY a, b, c
                                                        QUERY PLAN                                                         
---------------------------------------------------------------------------------------------------------------------------
 Limit  (cost=128527.84..128527.84 rows=1 width=20) (actual time=436.870..436.870 rows=0 loops=1)
   ->  Sort  (cost=116027.84..118527.84 rows=1000000 width=20) (actual time=324.009..415.277 rows=1000000 loops=1)
         Sort Key: s_2.a, s_2.b, s_2.c
         Sort Method: quicksort  Memory: 102702kB
         ->  Seq Scan on s_2  (cost=0.00..16370.00 rows=1000000 width=20) (actual time=0.004..55.545 rows=1000000 loops=1)
 Planning time: 0.285 ms
 Execution time: 440.908 ms
(7 rows)

===== 111 [Wed Mar  7 02:47:52 CET 2018] scale:1000000 groups:10 work_mem:256MB incremental:off max_workers:2 =====
SELECT * FROM s_3 ORDER BY a, b, c, d
                                                        QUERY PLAN                                                         
---------------------------------------------------------------------------------------------------------------------------
 Limit  (cost=128527.84..128527.84 rows=1 width=20) (actual time=505.894..505.894 rows=0 loops=1)
   ->  Sort  (cost=116027.84..118527.84 rows=1000000 width=20) (actual time=426.520..484.160 rows=1000000 loops=1)
         Sort Key: s_3.a, s_3.b, s_3.c, s_3.d
         Sort Method: quicksort  Memory: 102702kB
         ->  Seq Scan on s_3  (cost=0.00..16370.00 rows=1000000 width=20) (actual time=0.010..55.990 rows=1000000 loops=1)
 Planning time: 0.285 ms
 Execution time: 509.940 ms
(7 rows)

===== 112 [Wed Mar  7 02:47:55 CET 2018] scale:1000000 groups:10 work_mem:256MB incremental:off max_workers:2 =====
SELECT * FROM s_4 ORDER BY a, b, c, d, e
                                                        QUERY PLAN                                                         
---------------------------------------------------------------------------------------------------------------------------
 Limit  (cost=128527.84..128527.84 rows=1 width=20) (actual time=646.176..646.176 rows=0 loops=1)
   ->  Sort  (cost=116027.84..118527.84 rows=1000000 width=20) (actual time=569.549..624.498 rows=1000000 loops=1)
         Sort Key: s_4.a, s_4.b, s_4.c, s_4.d, s_4.e
         Sort Method: quicksort  Memory: 102702kB
         ->  Seq Scan on s_4  (cost=0.00..16370.00 rows=1000000 width=20) (actual time=0.011..55.993 rows=1000000 loops=1)
 Planning time: 0.287 ms
 Execution time: 650.222 ms
(7 rows)

===== 113 [Wed Mar  7 02:48:07 CET 2018] scale:1000000 groups:100 work_mem:4MB incremental:on max_workers:0 =====
SELECT * FROM s_1 ORDER BY a, b
                                                                  QUERY PLAN                                                                  
----------------------------------------------------------------------------------------------------------------------------------------------
 Limit  (cost=126222.23..126222.23 rows=1 width=20) (actual time=430.579..430.579 rows=0 loops=1)
   ->  Incremental Sort  (cost=977.85..116222.23 rows=1000000 width=20) (actual time=2.124..408.978 rows=1000000 loops=1)
         Sort Key: s_1.a, s_1.b
         Presorted Key: s_1.a
         Sort Method: quicksort  Memory: 1186kB
         Sort Groups: 101
         ->  Index Scan using s_1_a_idx on s_1  (cost=0.42..32353.42 rows=1000000 width=20) (actual time=0.035..133.681 rows=1000000 loops=1)
 Planning time: 0.268 ms
 Execution time: 430.619 ms
(9 rows)

===== 114 [Wed Mar  7 02:48:09 CET 2018] scale:1000000 groups:100 work_mem:4MB incremental:on max_workers:0 =====
SELECT * FROM s_2 ORDER BY a, b, c
                                                                   QUERY PLAN                                                                   
------------------------------------------------------------------------------------------------------------------------------------------------
 Limit  (cost=101492.49..101492.49 rows=1 width=20) (actual time=441.527..441.527 rows=0 loops=1)
   ->  Incremental Sort  (cost=7.66..91492.49 rows=1000000 width=20) (actual time=0.104..419.719 rows=1000000 loops=1)
         Sort Key: s_2.a, s_2.b, s_2.c
         Presorted Key: s_2.a, s_2.b
         Sort Method: quicksort  Memory: 35kB
         Sort Groups: 10196
         ->  Index Scan using s_2_a_b_idx on s_2  (cost=0.42..40712.74 rows=1000000 width=20) (actual time=0.031..126.962 rows=1000000 loops=1)
 Planning time: 0.282 ms
 Execution time: 441.553 ms
(9 rows)

===== 115 [Wed Mar  7 02:48:11 CET 2018] scale:1000000 groups:100 work_mem:4MB incremental:on max_workers:0 =====
SELECT * FROM s_3 ORDER BY a, b, c, d
                                                                    QUERY PLAN                                                                    
--------------------------------------------------------------------------------------------------------------------------------------------------
 Limit  (cost=91254.38..91254.38 rows=1 width=20) (actual time=386.052..386.052 rows=0 loops=1)
   ->  Incremental Sort  (cost=1.04..81254.38 rows=1000000 width=20) (actual time=0.087..364.261 rows=1000000 loops=1)
         Sort Key: s_3.a, s_3.b, s_3.c, s_3.d
         Presorted Key: s_3.a, s_3.b, s_3.c
         Sort Method: quicksort  Memory: 27kB
         Sort Groups: 30782
         ->  Index Scan using s_3_a_b_c_idx on s_3  (cost=0.42..45144.74 rows=1000000 width=20) (actual time=0.035..134.329 rows=1000000 loops=1)
 Planning time: 0.286 ms
 Execution time: 386.076 ms
(9 rows)

===== 116 [Wed Mar  7 02:48:13 CET 2018] scale:1000000 groups:100 work_mem:4MB incremental:on max_workers:0 =====
SELECT * FROM s_4 ORDER BY a, b, c, d, e
                                                                     QUERY PLAN                                                                     
----------------------------------------------------------------------------------------------------------------------------------------------------
 Limit  (cost=91254.38..91254.38 rows=1 width=20) (actual time=298.122..298.122 rows=0 loops=1)
   ->  Incremental Sort  (cost=1.04..81254.38 rows=1000000 width=20) (actual time=0.088..276.074 rows=1000000 loops=1)
         Sort Key: s_4.a, s_4.b, s_4.c, s_4.d, s_4.e
         Presorted Key: s_4.a, s_4.b, s_4.c, s_4.d
         Sort Method: quicksort  Memory: 27kB
         Sort Groups: 31246
         ->  Index Scan using s_4_a_b_c_d_idx on s_4  (cost=0.42..45144.74 rows=1000000 width=20) (actual time=0.038..133.807 rows=1000000 loops=1)
 Planning time: 0.283 ms
 Execution time: 298.144 ms
(9 rows)

===== 117 [Wed Mar  7 02:48:15 CET 2018] scale:1000000 groups:100 work_mem:4MB incremental:off max_workers:0 =====
SELECT * FROM s_1 ORDER BY a, b
                                                        QUERY PLAN                                                         
---------------------------------------------------------------------------------------------------------------------------
 Limit  (cost=149037.84..149037.84 rows=1 width=20) (actual time=468.422..468.422 rows=0 loops=1)
   ->  Sort  (cost=136537.84..139037.84 rows=1000000 width=20) (actual time=362.212..446.479 rows=1000000 loops=1)
         Sort Key: s_1.a, s_1.b
         Sort Method: external merge  Disk: 29360kB
         ->  Seq Scan on s_1  (cost=0.00..16370.00 rows=1000000 width=20) (actual time=0.007..51.623 rows=1000000 loops=1)
 Planning time: 0.267 ms
 Execution time: 472.044 ms
(7 rows)

===== 118 [Wed Mar  7 02:48:17 CET 2018] scale:1000000 groups:100 work_mem:4MB incremental:off max_workers:0 =====
SELECT * FROM s_2 ORDER BY a, b, c
                                                        QUERY PLAN                                                         
---------------------------------------------------------------------------------------------------------------------------
 Limit  (cost=149037.84..149037.84 rows=1 width=20) (actual time=604.562..604.562 rows=0 loops=1)
   ->  Sort  (cost=136537.84..139037.84 rows=1000000 width=20) (actual time=499.401..582.636 rows=1000000 loops=1)
         Sort Key: s_2.a, s_2.b, s_2.c
         Sort Method: external merge  Disk: 29360kB
         ->  Seq Scan on s_2  (cost=0.00..16370.00 rows=1000000 width=20) (actual time=0.004..51.519 rows=1000000 loops=1)
 Planning time: 0.268 ms
 Execution time: 608.184 ms
(7 rows)

===== 119 [Wed Mar  7 02:48:20 CET 2018] scale:1000000 groups:100 work_mem:4MB incremental:off max_workers:0 =====
SELECT * FROM s_3 ORDER BY a, b, c, d
                                                        QUERY PLAN                                                         
---------------------------------------------------------------------------------------------------------------------------
 Limit  (cost=149037.84..149037.84 rows=1 width=20) (actual time=595.545..595.545 rows=0 loops=1)
   ->  Sort  (cost=136537.84..139037.84 rows=1000000 width=20) (actual time=490.041..573.633 rows=1000000 loops=1)
         Sort Key: s_3.a, s_3.b, s_3.c, s_3.d
         Sort Method: external merge  Disk: 29360kB
         ->  Seq Scan on s_3  (cost=0.00..16370.00 rows=1000000 width=20) (actual time=0.010..51.975 rows=1000000 loops=1)
 Planning time: 0.286 ms
 Execution time: 599.179 ms
(7 rows)

===== 120 [Wed Mar  7 02:48:24 CET 2018] scale:1000000 groups:100 work_mem:4MB incremental:off max_workers:0 =====
SELECT * FROM s_4 ORDER BY a, b, c, d, e
                                                        QUERY PLAN                                                         
---------------------------------------------------------------------------------------------------------------------------
 Limit  (cost=149037.84..149037.84 rows=1 width=20) (actual time=493.153..493.153 rows=0 loops=1)
   ->  Sort  (cost=136537.84..139037.84 rows=1000000 width=20) (actual time=387.634..471.242 rows=1000000 loops=1)
         Sort Key: s_4.a, s_4.b, s_4.c, s_4.d, s_4.e
         Sort Method: external merge  Disk: 29360kB
         ->  Seq Scan on s_4  (cost=0.00..16370.00 rows=1000000 width=20) (actual time=0.013..51.999 rows=1000000 loops=1)
 Planning time: 0.261 ms
 Execution time: 496.790 ms
(7 rows)

===== 121 [Wed Mar  7 02:48:26 CET 2018] scale:1000000 groups:100 work_mem:8MB incremental:on max_workers:0 =====
SELECT * FROM s_1 ORDER BY a, b
                                                                  QUERY PLAN                                                                  
----------------------------------------------------------------------------------------------------------------------------------------------
 Limit  (cost=126222.23..126222.23 rows=1 width=20) (actual time=410.879..410.879 rows=0 loops=1)
   ->  Incremental Sort  (cost=977.85..116222.23 rows=1000000 width=20) (actual time=2.015..389.206 rows=1000000 loops=1)
         Sort Key: s_1.a, s_1.b
         Presorted Key: s_1.a
         Sort Method: quicksort  Memory: 1186kB
         Sort Groups: 101
         ->  Index Scan using s_1_a_idx on s_1  (cost=0.42..32353.42 rows=1000000 width=20) (actual time=0.018..120.905 rows=1000000 loops=1)
 Planning time: 0.270 ms
 Execution time: 410.914 ms
(9 rows)

===== 122 [Wed Mar  7 02:48:28 CET 2018] scale:1000000 groups:100 work_mem:8MB incremental:on max_workers:0 =====
SELECT * FROM s_2 ORDER BY a, b, c
                                                                   QUERY PLAN                                                                   
------------------------------------------------------------------------------------------------------------------------------------------------
 Limit  (cost=101492.49..101492.49 rows=1 width=20) (actual time=428.805..428.805 rows=0 loops=1)
   ->  Incremental Sort  (cost=7.66..91492.49 rows=1000000 width=20) (actual time=0.086..406.674 rows=1000000 loops=1)
         Sort Key: s_2.a, s_2.b, s_2.c
         Presorted Key: s_2.a, s_2.b
         Sort Method: quicksort  Memory: 35kB
         Sort Groups: 10196
         ->  Index Scan using s_2_a_b_idx on s_2  (cost=0.42..40712.74 rows=1000000 width=20) (actual time=0.013..115.846 rows=1000000 loops=1)
 Planning time: 0.280 ms
 Execution time: 428.827 ms
(9 rows)

===== 123 [Wed Mar  7 02:48:31 CET 2018] scale:1000000 groups:100 work_mem:8MB incremental:on max_workers:0 =====
SELECT * FROM s_3 ORDER BY a, b, c, d
                                                                    QUERY PLAN                                                                    
--------------------------------------------------------------------------------------------------------------------------------------------------
 Limit  (cost=91254.38..91254.38 rows=1 width=20) (actual time=371.488..371.488 rows=0 loops=1)
   ->  Incremental Sort  (cost=1.04..81254.38 rows=1000000 width=20) (actual time=0.070..349.521 rows=1000000 loops=1)
         Sort Key: s_3.a, s_3.b, s_3.c, s_3.d
         Presorted Key: s_3.a, s_3.b, s_3.c
         Sort Method: quicksort  Memory: 27kB
         Sort Groups: 30782
         ->  Index Scan using s_3_a_b_c_idx on s_3  (cost=0.42..45144.74 rows=1000000 width=20) (actual time=0.017..118.293 rows=1000000 loops=1)
 Planning time: 0.285 ms
 Execution time: 371.509 ms
(9 rows)

===== 124 [Wed Mar  7 02:48:33 CET 2018] scale:1000000 groups:100 work_mem:8MB incremental:on max_workers:0 =====
SELECT * FROM s_4 ORDER BY a, b, c, d, e
                                                                     QUERY PLAN                                                                     
----------------------------------------------------------------------------------------------------------------------------------------------------
 Limit  (cost=91254.38..91254.38 rows=1 width=20) (actual time=278.352..278.352 rows=0 loops=1)
   ->  Incremental Sort  (cost=1.04..81254.38 rows=1000000 width=20) (actual time=0.073..256.629 rows=1000000 loops=1)
         Sort Key: s_4.a, s_4.b, s_4.c, s_4.d, s_4.e
         Presorted Key: s_4.a, s_4.b, s_4.c, s_4.d
         Sort Method: quicksort  Memory: 27kB
         Sort Groups: 31246
         ->  Index Scan using s_4_a_b_c_d_idx on s_4  (cost=0.42..45144.74 rows=1000000 width=20) (actual time=0.021..118.222 rows=1000000 loops=1)
 Planning time: 0.279 ms
 Execution time: 278.374 ms
(9 rows)

===== 125 [Wed Mar  7 02:48:34 CET 2018] scale:1000000 groups:100 work_mem:8MB incremental:off max_workers:0 =====
SELECT * FROM s_1 ORDER BY a, b
                                                        QUERY PLAN                                                         
---------------------------------------------------------------------------------------------------------------------------
 Limit  (cost=149037.84..149037.84 rows=1 width=20) (actual time=462.063..462.063 rows=0 loops=1)
   ->  Sort  (cost=136537.84..139037.84 rows=1000000 width=20) (actual time=358.424..440.221 rows=1000000 loops=1)
         Sort Key: s_1.a, s_1.b
         Sort Method: external merge  Disk: 29360kB
         ->  Seq Scan on s_1  (cost=0.00..16370.00 rows=1000000 width=20) (actual time=0.007..51.803 rows=1000000 loops=1)
 Planning time: 0.275 ms
 Execution time: 465.847 ms
(7 rows)

===== 126 [Wed Mar  7 02:48:36 CET 2018] scale:1000000 groups:100 work_mem:8MB incremental:off max_workers:0 =====
SELECT * FROM s_2 ORDER BY a, b, c
                                                        QUERY PLAN                                                         
---------------------------------------------------------------------------------------------------------------------------
 Limit  (cost=149037.84..149037.84 rows=1 width=20) (actual time=587.961..587.961 rows=0 loops=1)
   ->  Sort  (cost=136537.84..139037.84 rows=1000000 width=20) (actual time=485.230..566.137 rows=1000000 loops=1)
         Sort Key: s_2.a, s_2.b, s_2.c
         Sort Method: external merge  Disk: 29360kB
         ->  Seq Scan on s_2  (cost=0.00..16370.00 rows=1000000 width=20) (actual time=0.004..51.870 rows=1000000 loops=1)
 Planning time: 0.268 ms
 Execution time: 591.745 ms
(7 rows)

===== 127 [Wed Mar  7 02:48:40 CET 2018] scale:1000000 groups:100 work_mem:8MB incremental:off max_workers:0 =====
SELECT * FROM s_3 ORDER BY a, b, c, d
                                                        QUERY PLAN                                                         
---------------------------------------------------------------------------------------------------------------------------
 Limit  (cost=149037.84..149037.84 rows=1 width=20) (actual time=572.215..572.215 rows=0 loops=1)
   ->  Sort  (cost=136537.84..139037.84 rows=1000000 width=20) (actual time=469.350..550.431 rows=1000000 loops=1)
         Sort Key: s_3.a, s_3.b, s_3.c, s_3.d
         Sort Method: external merge  Disk: 29360kB
         ->  Seq Scan on s_3  (cost=0.00..16370.00 rows=1000000 width=20) (actual time=0.010..52.242 rows=1000000 loops=1)
 Planning time: 0.271 ms
 Execution time: 576.023 ms
(7 rows)

===== 128 [Wed Mar  7 02:48:43 CET 2018] scale:1000000 groups:100 work_mem:8MB incremental:off max_workers:0 =====
SELECT * FROM s_4 ORDER BY a, b, c, d, e
                                                        QUERY PLAN                                                         
---------------------------------------------------------------------------------------------------------------------------
 Limit  (cost=149037.84..149037.84 rows=1 width=20) (actual time=469.902..469.902 rows=0 loops=1)
   ->  Sort  (cost=136537.84..139037.84 rows=1000000 width=20) (actual time=367.223..448.133 rows=1000000 loops=1)
         Sort Key: s_4.a, s_4.b, s_4.c, s_4.d, s_4.e
         Sort Method: external merge  Disk: 29360kB
         ->  Seq Scan on s_4  (cost=0.00..16370.00 rows=1000000 width=20) (actual time=0.013..52.267 rows=1000000 loops=1)
 Planning time: 0.271 ms
 Execution time: 473.734 ms
(7 rows)

===== 129 [Wed Mar  7 02:48:45 CET 2018] scale:1000000 groups:100 work_mem:16MB incremental:on max_workers:0 =====
SELECT * FROM s_1 ORDER BY a, b
                                                                  QUERY PLAN                                                                  
----------------------------------------------------------------------------------------------------------------------------------------------
 Limit  (cost=126222.23..126222.23 rows=1 width=20) (actual time=418.696..418.696 rows=0 loops=1)
   ->  Incremental Sort  (cost=977.85..116222.23 rows=1000000 width=20) (actual time=2.050..397.106 rows=1000000 loops=1)
         Sort Key: s_1.a, s_1.b
         Presorted Key: s_1.a
         Sort Method: quicksort  Memory: 1186kB
         Sort Groups: 101
         ->  Index Scan using s_1_a_idx on s_1  (cost=0.42..32353.42 rows=1000000 width=20) (actual time=0.018..122.736 rows=1000000 loops=1)
 Planning time: 0.268 ms
 Execution time: 418.735 ms
(9 rows)

===== 130 [Wed Mar  7 02:48:47 CET 2018] scale:1000000 groups:100 work_mem:16MB incremental:on max_workers:0 =====
SELECT * FROM s_2 ORDER BY a, b, c
                                                                   QUERY PLAN                                                                   
------------------------------------------------------------------------------------------------------------------------------------------------
 Limit  (cost=101492.49..101492.49 rows=1 width=20) (actual time=428.320..428.320 rows=0 loops=1)
   ->  Incremental Sort  (cost=7.66..91492.49 rows=1000000 width=20) (actual time=0.084..406.540 rows=1000000 loops=1)
         Sort Key: s_2.a, s_2.b, s_2.c
         Presorted Key: s_2.a, s_2.b
         Sort Method: quicksort  Memory: 35kB
         Sort Groups: 10196
         ->  Index Scan using s_2_a_b_idx on s_2  (cost=0.42..40712.74 rows=1000000 width=20) (actual time=0.013..115.318 rows=1000000 loops=1)
 Planning time: 0.281 ms
 Execution time: 428.345 ms
(9 rows)

===== 131 [Wed Mar  7 02:48:49 CET 2018] scale:1000000 groups:100 work_mem:16MB incremental:on max_workers:0 =====
SELECT * FROM s_3 ORDER BY a, b, c, d
                                                                    QUERY PLAN                                                                    
--------------------------------------------------------------------------------------------------------------------------------------------------
 Limit  (cost=91254.38..91254.38 rows=1 width=20) (actual time=368.211..368.211 rows=0 loops=1)
   ->  Incremental Sort  (cost=1.04..81254.38 rows=1000000 width=20) (actual time=0.074..346.491 rows=1000000 loops=1)
         Sort Key: s_3.a, s_3.b, s_3.c, s_3.d
         Presorted Key: s_3.a, s_3.b, s_3.c
         Sort Method: quicksort  Memory: 27kB
         Sort Groups: 30782
         ->  Index Scan using s_3_a_b_c_idx on s_3  (cost=0.42..45144.74 rows=1000000 width=20) (actual time=0.018..118.651 rows=1000000 loops=1)
 Planning time: 0.286 ms
 Execution time: 368.232 ms
(9 rows)

===== 132 [Wed Mar  7 02:48:51 CET 2018] scale:1000000 groups:100 work_mem:16MB incremental:on max_workers:0 =====
SELECT * FROM s_4 ORDER BY a, b, c, d, e
                                                                     QUERY PLAN                                                                     
----------------------------------------------------------------------------------------------------------------------------------------------------
 Limit  (cost=91254.38..91254.38 rows=1 width=20) (actual time=280.756..280.756 rows=0 loops=1)
   ->  Incremental Sort  (cost=1.04..81254.38 rows=1000000 width=20) (actual time=0.070..258.725 rows=1000000 loops=1)
         Sort Key: s_4.a, s_4.b, s_4.c, s_4.d, s_4.e
         Presorted Key: s_4.a, s_4.b, s_4.c, s_4.d
         Sort Method: quicksort  Memory: 27kB
         Sort Groups: 31246
         ->  Index Scan using s_4_a_b_c_d_idx on s_4  (cost=0.42..45144.74 rows=1000000 width=20) (actual time=0.021..118.288 rows=1000000 loops=1)
 Planning time: 0.280 ms
 Execution time: 280.778 ms
(9 rows)

===== 133 [Wed Mar  7 02:48:53 CET 2018] scale:1000000 groups:100 work_mem:16MB incremental:off max_workers:0 =====
SELECT * FROM s_1 ORDER BY a, b
                                                        QUERY PLAN                                                         
---------------------------------------------------------------------------------------------------------------------------
 Limit  (cost=149037.84..149037.84 rows=1 width=20) (actual time=485.285..485.285 rows=0 loops=1)
   ->  Sort  (cost=136537.84..139037.84 rows=1000000 width=20) (actual time=384.034..463.471 rows=1000000 loops=1)
         Sort Key: s_1.a, s_1.b
         Sort Method: external merge  Disk: 29392kB
         ->  Seq Scan on s_1  (cost=0.00..16370.00 rows=1000000 width=20) (actual time=0.007..52.380 rows=1000000 loops=1)
 Planning time: 0.281 ms
 Execution time: 489.434 ms
(7 rows)

===== 134 [Wed Mar  7 02:48:55 CET 2018] scale:1000000 groups:100 work_mem:16MB incremental:off max_workers:0 =====
SELECT * FROM s_2 ORDER BY a, b, c
                                                        QUERY PLAN                                                         
---------------------------------------------------------------------------------------------------------------------------
 Limit  (cost=149037.84..149037.84 rows=1 width=20) (actual time=602.899..602.899 rows=0 loops=1)
   ->  Sort  (cost=136537.84..139037.84 rows=1000000 width=20) (actual time=502.293..581.094 rows=1000000 loops=1)
         Sort Key: s_2.a, s_2.b, s_2.c
         Sort Method: external merge  Disk: 29392kB
         ->  Seq Scan on s_2  (cost=0.00..16370.00 rows=1000000 width=20) (actual time=0.004..52.393 rows=1000000 loops=1)
 Planning time: 0.273 ms
 Execution time: 607.052 ms
(7 rows)

===== 135 [Wed Mar  7 02:48:59 CET 2018] scale:1000000 groups:100 work_mem:16MB incremental:off max_workers:0 =====
SELECT * FROM s_3 ORDER BY a, b, c, d
                                                        QUERY PLAN                                                         
---------------------------------------------------------------------------------------------------------------------------
 Limit  (cost=149037.84..149037.84 rows=1 width=20) (actual time=584.542..584.542 rows=0 loops=1)
   ->  Sort  (cost=136537.84..139037.84 rows=1000000 width=20) (actual time=483.600..562.732 rows=1000000 loops=1)
         Sort Key: s_3.a, s_3.b, s_3.c, s_3.d
         Sort Method: external merge  Disk: 29392kB
         ->  Seq Scan on s_3  (cost=0.00..16370.00 rows=1000000 width=20) (actual time=0.010..52.692 rows=1000000 loops=1)
 Planning time: 0.277 ms
 Execution time: 588.702 ms
(7 rows)

===== 136 [Wed Mar  7 02:49:02 CET 2018] scale:1000000 groups:100 work_mem:16MB incremental:off max_workers:0 =====
SELECT * FROM s_4 ORDER BY a, b, c, d, e
                                                        QUERY PLAN                                                         
---------------------------------------------------------------------------------------------------------------------------
 Limit  (cost=149037.84..149037.84 rows=1 width=20) (actual time=482.068..482.068 rows=0 loops=1)
   ->  Sort  (cost=136537.84..139037.84 rows=1000000 width=20) (actual time=381.491..460.297 rows=1000000 loops=1)
         Sort Key: s_4.a, s_4.b, s_4.c, s_4.d, s_4.e
         Sort Method: external merge  Disk: 29392kB
         ->  Seq Scan on s_4  (cost=0.00..16370.00 rows=1000000 width=20) (actual time=0.013..52.771 rows=1000000 loops=1)
 Planning time: 0.260 ms
 Execution time: 486.208 ms
(7 rows)

===== 137 [Wed Mar  7 02:49:04 CET 2018] scale:1000000 groups:100 work_mem:32MB incremental:on max_workers:0 =====
SELECT * FROM s_1 ORDER BY a, b
                                                                  QUERY PLAN                                                                  
----------------------------------------------------------------------------------------------------------------------------------------------
 Limit  (cost=126222.23..126222.23 rows=1 width=20) (actual time=418.668..418.668 rows=0 loops=1)
   ->  Incremental Sort  (cost=977.85..116222.23 rows=1000000 width=20) (actual time=2.055..397.057 rows=1000000 loops=1)
         Sort Key: s_1.a, s_1.b
         Presorted Key: s_1.a
         Sort Method: quicksort  Memory: 1186kB
         Sort Groups: 101
         ->  Index Scan using s_1_a_idx on s_1  (cost=0.42..32353.42 rows=1000000 width=20) (actual time=0.018..122.705 rows=1000000 loops=1)
 Planning time: 0.265 ms
 Execution time: 418.706 ms
(9 rows)

===== 138 [Wed Mar  7 02:49:06 CET 2018] scale:1000000 groups:100 work_mem:32MB incremental:on max_workers:0 =====
SELECT * FROM s_2 ORDER BY a, b, c
                                                                   QUERY PLAN                                                                   
------------------------------------------------------------------------------------------------------------------------------------------------
 Limit  (cost=101492.49..101492.49 rows=1 width=20) (actual time=428.277..428.277 rows=0 loops=1)
   ->  Incremental Sort  (cost=7.66..91492.49 rows=1000000 width=20) (actual time=0.087..406.507 rows=1000000 loops=1)
         Sort Key: s_2.a, s_2.b, s_2.c
         Presorted Key: s_2.a, s_2.b
         Sort Method: quicksort  Memory: 35kB
         Sort Groups: 10196
         ->  Index Scan using s_2_a_b_idx on s_2  (cost=0.42..40712.74 rows=1000000 width=20) (actual time=0.013..115.314 rows=1000000 loops=1)
 Planning time: 0.284 ms
 Execution time: 428.298 ms
(9 rows)

===== 139 [Wed Mar  7 02:49:09 CET 2018] scale:1000000 groups:100 work_mem:32MB incremental:on max_workers:0 =====
SELECT * FROM s_3 ORDER BY a, b, c, d
                                                                    QUERY PLAN                                                                    
--------------------------------------------------------------------------------------------------------------------------------------------------
 Limit  (cost=91254.38..91254.38 rows=1 width=20) (actual time=368.317..368.317 rows=0 loops=1)
   ->  Incremental Sort  (cost=1.04..81254.38 rows=1000000 width=20) (actual time=0.078..346.600 rows=1000000 loops=1)
         Sort Key: s_3.a, s_3.b, s_3.c, s_3.d
         Presorted Key: s_3.a, s_3.b, s_3.c
         Sort Method: quicksort  Memory: 27kB
         Sort Groups: 30782
         ->  Index Scan using s_3_a_b_c_idx on s_3  (cost=0.42..45144.74 rows=1000000 width=20) (actual time=0.017..118.698 rows=1000000 loops=1)
 Planning time: 0.283 ms
 Execution time: 368.339 ms
(9 rows)

===== 140 [Wed Mar  7 02:49:11 CET 2018] scale:1000000 groups:100 work_mem:32MB incremental:on max_workers:0 =====
SELECT * FROM s_4 ORDER BY a, b, c, d, e
                                                                     QUERY PLAN                                                                     
----------------------------------------------------------------------------------------------------------------------------------------------------
 Limit  (cost=91254.38..91254.38 rows=1 width=20) (actual time=280.771..280.771 rows=0 loops=1)
   ->  Incremental Sort  (cost=1.04..81254.38 rows=1000000 width=20) (actual time=0.072..258.726 rows=1000000 loops=1)
         Sort Key: s_4.a, s_4.b, s_4.c, s_4.d, s_4.e
         Presorted Key: s_4.a, s_4.b, s_4.c, s_4.d
         Sort Method: quicksort  Memory: 27kB
         Sort Groups: 31246
         ->  Index Scan using s_4_a_b_c_d_idx on s_4  (cost=0.42..45144.74 rows=1000000 width=20) (actual time=0.021..118.361 rows=1000000 loops=1)
 Planning time: 0.290 ms
 Execution time: 280.794 ms
(9 rows)

===== 141 [Wed Mar  7 02:49:12 CET 2018] scale:1000000 groups:100 work_mem:32MB incremental:off max_workers:0 =====
SELECT * FROM s_1 ORDER BY a, b
                                                        QUERY PLAN                                                         
---------------------------------------------------------------------------------------------------------------------------
 Limit  (cost=149037.84..149037.84 rows=1 width=20) (actual time=504.592..504.592 rows=0 loops=1)
   ->  Sort  (cost=136537.84..139037.84 rows=1000000 width=20) (actual time=406.029..482.763 rows=1000000 loops=1)
         Sort Key: s_1.a, s_1.b
         Sort Method: external merge  Disk: 29360kB
         ->  Seq Scan on s_1  (cost=0.00..16370.00 rows=1000000 width=20) (actual time=0.007..53.538 rows=1000000 loops=1)
 Planning time: 0.274 ms
 Execution time: 509.037 ms
(7 rows)

===== 142 [Wed Mar  7 02:49:15 CET 2018] scale:1000000 groups:100 work_mem:32MB incremental:off max_workers:0 =====
SELECT * FROM s_2 ORDER BY a, b, c
                                                        QUERY PLAN                                                         
---------------------------------------------------------------------------------------------------------------------------
 Limit  (cost=149037.84..149037.84 rows=1 width=20) (actual time=624.037..624.037 rows=0 loops=1)
   ->  Sort  (cost=136537.84..139037.84 rows=1000000 width=20) (actual time=525.675..602.239 rows=1000000 loops=1)
         Sort Key: s_2.a, s_2.b, s_2.c
         Sort Method: external merge  Disk: 29360kB
         ->  Seq Scan on s_2  (cost=0.00..16370.00 rows=1000000 width=20) (actual time=0.004..53.571 rows=1000000 loops=1)
 Planning time: 0.280 ms
 Execution time: 628.480 ms
(7 rows)

===== 143 [Wed Mar  7 02:49:18 CET 2018] scale:1000000 groups:100 work_mem:32MB incremental:off max_workers:0 =====
SELECT * FROM s_3 ORDER BY a, b, c, d
                                                        QUERY PLAN                                                         
---------------------------------------------------------------------------------------------------------------------------
 Limit  (cost=149037.84..149037.84 rows=1 width=20) (actual time=603.509..603.509 rows=0 loops=1)
   ->  Sort  (cost=136537.84..139037.84 rows=1000000 width=20) (actual time=504.587..581.673 rows=1000000 loops=1)
         Sort Key: s_3.a, s_3.b, s_3.c, s_3.d
         Sort Method: external merge  Disk: 29360kB
         ->  Seq Scan on s_3  (cost=0.00..16370.00 rows=1000000 width=20) (actual time=0.009..54.068 rows=1000000 loops=1)
 Planning time: 0.268 ms
 Execution time: 607.962 ms
(7 rows)

===== 144 [Wed Mar  7 02:49:21 CET 2018] scale:1000000 groups:100 work_mem:32MB incremental:off max_workers:0 =====
SELECT * FROM s_4 ORDER BY a, b, c, d, e
                                                        QUERY PLAN                                                         
---------------------------------------------------------------------------------------------------------------------------
 Limit  (cost=149037.84..149037.84 rows=1 width=20) (actual time=502.225..502.225 rows=0 loops=1)
   ->  Sort  (cost=136537.84..139037.84 rows=1000000 width=20) (actual time=402.884..480.419 rows=1000000 loops=1)
         Sort Key: s_4.a, s_4.b, s_4.c, s_4.d, s_4.e
         Sort Method: external merge  Disk: 29360kB
         ->  Seq Scan on s_4  (cost=0.00..16370.00 rows=1000000 width=20) (actual time=0.013..54.095 rows=1000000 loops=1)
 Planning time: 0.262 ms
 Execution time: 506.649 ms
(7 rows)

===== 145 [Wed Mar  7 02:49:24 CET 2018] scale:1000000 groups:100 work_mem:64MB incremental:on max_workers:0 =====
SELECT * FROM s_1 ORDER BY a, b
                                                                  QUERY PLAN                                                                  
----------------------------------------------------------------------------------------------------------------------------------------------
 Limit  (cost=126222.23..126222.23 rows=1 width=20) (actual time=419.309..419.309 rows=0 loops=1)
   ->  Incremental Sort  (cost=977.85..116222.23 rows=1000000 width=20) (actual time=2.058..397.672 rows=1000000 loops=1)
         Sort Key: s_1.a, s_1.b
         Presorted Key: s_1.a
         Sort Method: quicksort  Memory: 1186kB
         Sort Groups: 101
         ->  Index Scan using s_1_a_idx on s_1  (cost=0.42..32353.42 rows=1000000 width=20) (actual time=0.017..122.741 rows=1000000 loops=1)
 Planning time: 0.279 ms
 Execution time: 419.349 ms
(9 rows)

===== 146 [Wed Mar  7 02:49:26 CET 2018] scale:1000000 groups:100 work_mem:64MB incremental:on max_workers:0 =====
SELECT * FROM s_2 ORDER BY a, b, c
                                                                   QUERY PLAN                                                                   
------------------------------------------------------------------------------------------------------------------------------------------------
 Limit  (cost=101492.49..101492.49 rows=1 width=20) (actual time=428.255..428.255 rows=0 loops=1)
   ->  Incremental Sort  (cost=7.66..91492.49 rows=1000000 width=20) (actual time=0.085..406.460 rows=1000000 loops=1)
         Sort Key: s_2.a, s_2.b, s_2.c
         Presorted Key: s_2.a, s_2.b
         Sort Method: quicksort  Memory: 35kB
         Sort Groups: 10196
         ->  Index Scan using s_2_a_b_idx on s_2  (cost=0.42..40712.74 rows=1000000 width=20) (actual time=0.013..115.329 rows=1000000 loops=1)
 Planning time: 0.280 ms
 Execution time: 428.277 ms
(9 rows)

===== 147 [Wed Mar  7 02:49:28 CET 2018] scale:1000000 groups:100 work_mem:64MB incremental:on max_workers:0 =====
SELECT * FROM s_3 ORDER BY a, b, c, d
                                                                    QUERY PLAN                                                                    
--------------------------------------------------------------------------------------------------------------------------------------------------
 Limit  (cost=91254.38..91254.38 rows=1 width=20) (actual time=368.363..368.363 rows=0 loops=1)
   ->  Incremental Sort  (cost=1.04..81254.38 rows=1000000 width=20) (actual time=0.072..346.659 rows=1000000 loops=1)
         Sort Key: s_3.a, s_3.b, s_3.c, s_3.d
         Presorted Key: s_3.a, s_3.b, s_3.c
         Sort Method: quicksort  Memory: 27kB
         Sort Groups: 30782
         ->  Index Scan using s_3_a_b_c_idx on s_3  (cost=0.42..45144.74 rows=1000000 width=20) (actual time=0.018..118.746 rows=1000000 loops=1)
 Planning time: 0.285 ms
 Execution time: 368.384 ms
(9 rows)

===== 148 [Wed Mar  7 02:49:30 CET 2018] scale:1000000 groups:100 work_mem:64MB incremental:on max_workers:0 =====
SELECT * FROM s_4 ORDER BY a, b, c, d, e
                                                                     QUERY PLAN                                                                     
----------------------------------------------------------------------------------------------------------------------------------------------------
 Limit  (cost=91254.38..91254.38 rows=1 width=20) (actual time=280.676..280.676 rows=0 loops=1)
   ->  Incremental Sort  (cost=1.04..81254.38 rows=1000000 width=20) (actual time=0.072..258.654 rows=1000000 loops=1)
         Sort Key: s_4.a, s_4.b, s_4.c, s_4.d, s_4.e
         Presorted Key: s_4.a, s_4.b, s_4.c, s_4.d
         Sort Method: quicksort  Memory: 27kB
         Sort Groups: 31246
         ->  Index Scan using s_4_a_b_c_d_idx on s_4  (cost=0.42..45144.74 rows=1000000 width=20) (actual time=0.021..118.313 rows=1000000 loops=1)
 Planning time: 0.270 ms
 Execution time: 280.697 ms
(9 rows)

===== 149 [Wed Mar  7 02:49:32 CET 2018] scale:1000000 groups:100 work_mem:64MB incremental:off max_workers:0 =====
SELECT * FROM s_1 ORDER BY a, b
                                                        QUERY PLAN                                                         
---------------------------------------------------------------------------------------------------------------------------
 Limit  (cost=128527.84..128527.84 rows=1 width=20) (actual time=524.338..524.338 rows=0 loops=1)
   ->  Sort  (cost=116027.84..118527.84 rows=1000000 width=20) (actual time=430.958..502.477 rows=1000000 loops=1)
         Sort Key: s_1.a, s_1.b
         Sort Method: external merge  Disk: 29360kB
         ->  Seq Scan on s_1  (cost=0.00..16370.00 rows=1000000 width=20) (actual time=0.007..55.468 rows=1000000 loops=1)
 Planning time: 0.261 ms
 Execution time: 527.750 ms
(7 rows)

===== 150 [Wed Mar  7 02:49:34 CET 2018] scale:1000000 groups:100 work_mem:64MB incremental:off max_workers:0 =====
SELECT * FROM s_2 ORDER BY a, b, c
                                                        QUERY PLAN                                                         
---------------------------------------------------------------------------------------------------------------------------
 Limit  (cost=128527.84..128527.84 rows=1 width=20) (actual time=642.902..642.902 rows=0 loops=1)
   ->  Sort  (cost=116027.84..118527.84 rows=1000000 width=20) (actual time=550.141..620.941 rows=1000000 loops=1)
         Sort Key: s_2.a, s_2.b, s_2.c
         Sort Method: external merge  Disk: 29360kB
         ->  Seq Scan on s_2  (cost=0.00..16370.00 rows=1000000 width=20) (actual time=0.004..55.329 rows=1000000 loops=1)
 Planning time: 0.272 ms
 Execution time: 646.292 ms
(7 rows)

===== 151 [Wed Mar  7 02:49:38 CET 2018] scale:1000000 groups:100 work_mem:64MB incremental:off max_workers:0 =====
SELECT * FROM s_3 ORDER BY a, b, c, d
                                                        QUERY PLAN                                                         
---------------------------------------------------------------------------------------------------------------------------
 Limit  (cost=128527.84..128527.84 rows=1 width=20) (actual time=622.951..622.951 rows=0 loops=1)
   ->  Sort  (cost=116027.84..118527.84 rows=1000000 width=20) (actual time=529.306..601.008 rows=1000000 loops=1)
         Sort Key: s_3.a, s_3.b, s_3.c, s_3.d
         Sort Method: external merge  Disk: 29360kB
         ->  Seq Scan on s_3  (cost=0.00..16370.00 rows=1000000 width=20) (actual time=0.017..55.784 rows=1000000 loops=1)
 Planning time: 0.270 ms
 Execution time: 626.364 ms
(7 rows)

===== 152 [Wed Mar  7 02:49:41 CET 2018] scale:1000000 groups:100 work_mem:64MB incremental:off max_workers:0 =====
SELECT * FROM s_4 ORDER BY a, b, c, d, e
                                                        QUERY PLAN                                                         
---------------------------------------------------------------------------------------------------------------------------
 Limit  (cost=128527.84..128527.84 rows=1 width=20) (actual time=520.632..520.632 rows=0 loops=1)
   ->  Sort  (cost=116027.84..118527.84 rows=1000000 width=20) (actual time=427.200..498.761 rows=1000000 loops=1)
         Sort Key: s_4.a, s_4.b, s_4.c, s_4.d, s_4.e
         Sort Method: external merge  Disk: 29360kB
         ->  Seq Scan on s_4  (cost=0.00..16370.00 rows=1000000 width=20) (actual time=0.014..55.799 rows=1000000 loops=1)
 Planning time: 0.263 ms
 Execution time: 524.049 ms
(7 rows)

===== 153 [Wed Mar  7 02:49:44 CET 2018] scale:1000000 groups:100 work_mem:128MB incremental:on max_workers:0 =====
SELECT * FROM s_1 ORDER BY a, b
                                                                  QUERY PLAN                                                                  
----------------------------------------------------------------------------------------------------------------------------------------------
 Limit  (cost=126222.23..126222.23 rows=1 width=20) (actual time=418.784..418.784 rows=0 loops=1)
   ->  Incremental Sort  (cost=977.85..116222.23 rows=1000000 width=20) (actual time=2.051..397.190 rows=1000000 loops=1)
         Sort Key: s_1.a, s_1.b
         Presorted Key: s_1.a
         Sort Method: quicksort  Memory: 1186kB
         Sort Groups: 101
         ->  Index Scan using s_1_a_idx on s_1  (cost=0.42..32353.42 rows=1000000 width=20) (actual time=0.018..122.815 rows=1000000 loops=1)
 Planning time: 0.282 ms
 Execution time: 418.824 ms
(9 rows)

===== 154 [Wed Mar  7 02:49:46 CET 2018] scale:1000000 groups:100 work_mem:128MB incremental:on max_workers:0 =====
SELECT * FROM s_2 ORDER BY a, b, c
                                                                   QUERY PLAN                                                                   
------------------------------------------------------------------------------------------------------------------------------------------------
 Limit  (cost=101492.49..101492.49 rows=1 width=20) (actual time=428.331..428.331 rows=0 loops=1)
   ->  Incremental Sort  (cost=7.66..91492.49 rows=1000000 width=20) (actual time=0.087..406.555 rows=1000000 loops=1)
         Sort Key: s_2.a, s_2.b, s_2.c
         Presorted Key: s_2.a, s_2.b
         Sort Method: quicksort  Memory: 35kB
         Sort Groups: 10196
         ->  Index Scan using s_2_a_b_idx on s_2  (cost=0.42..40712.74 rows=1000000 width=20) (actual time=0.013..115.360 rows=1000000 loops=1)
 Planning time: 0.279 ms
 Execution time: 428.353 ms
(9 rows)

===== 155 [Wed Mar  7 02:49:49 CET 2018] scale:1000000 groups:100 work_mem:128MB incremental:on max_workers:0 =====
SELECT * FROM s_3 ORDER BY a, b, c, d
                                                                    QUERY PLAN                                                                    
--------------------------------------------------------------------------------------------------------------------------------------------------
 Limit  (cost=91254.38..91254.38 rows=1 width=20) (actual time=368.444..368.444 rows=0 loops=1)
   ->  Incremental Sort  (cost=1.04..81254.38 rows=1000000 width=20) (actual time=0.074..346.724 rows=1000000 loops=1)
         Sort Key: s_3.a, s_3.b, s_3.c, s_3.d
         Presorted Key: s_3.a, s_3.b, s_3.c
         Sort Method: quicksort  Memory: 27kB
         Sort Groups: 30782
         ->  Index Scan using s_3_a_b_c_idx on s_3  (cost=0.42..45144.74 rows=1000000 width=20) (actual time=0.022..118.661 rows=1000000 loops=1)
 Planning time: 0.291 ms
 Execution time: 368.466 ms
(9 rows)

===== 156 [Wed Mar  7 02:49:50 CET 2018] scale:1000000 groups:100 work_mem:128MB incremental:on max_workers:0 =====
SELECT * FROM s_4 ORDER BY a, b, c, d, e
                                                                     QUERY PLAN                                                                     
----------------------------------------------------------------------------------------------------------------------------------------------------
 Limit  (cost=91254.38..91254.38 rows=1 width=20) (actual time=280.680..280.680 rows=0 loops=1)
   ->  Incremental Sort  (cost=1.04..81254.38 rows=1000000 width=20) (actual time=0.071..258.681 rows=1000000 loops=1)
         Sort Key: s_4.a, s_4.b, s_4.c, s_4.d, s_4.e
         Presorted Key: s_4.a, s_4.b, s_4.c, s_4.d
         Sort Method: quicksort  Memory: 27kB
         Sort Groups: 31246
         ->  Index Scan using s_4_a_b_c_d_idx on s_4  (cost=0.42..45144.74 rows=1000000 width=20) (actual time=0.021..118.325 rows=1000000 loops=1)
 Planning time: 0.279 ms
 Execution time: 280.702 ms
(9 rows)

===== 157 [Wed Mar  7 02:49:52 CET 2018] scale:1000000 groups:100 work_mem:128MB incremental:off max_workers:0 =====
SELECT * FROM s_1 ORDER BY a, b
                                                        QUERY PLAN                                                         
---------------------------------------------------------------------------------------------------------------------------
 Limit  (cost=128527.84..128527.84 rows=1 width=20) (actual time=446.850..446.850 rows=0 loops=1)
   ->  Sort  (cost=116027.84..118527.84 rows=1000000 width=20) (actual time=330.587..425.156 rows=1000000 loops=1)
         Sort Key: s_1.a, s_1.b
         Sort Method: quicksort  Memory: 102702kB
         ->  Seq Scan on s_1  (cost=0.00..16370.00 rows=1000000 width=20) (actual time=0.007..55.715 rows=1000000 loops=1)
 Planning time: 0.262 ms
 Execution time: 450.901 ms
(7 rows)

===== 158 [Wed Mar  7 02:49:54 CET 2018] scale:1000000 groups:100 work_mem:128MB incremental:off max_workers:0 =====
SELECT * FROM s_2 ORDER BY a, b, c
                                                        QUERY PLAN                                                         
---------------------------------------------------------------------------------------------------------------------------
 Limit  (cost=128527.84..128527.84 rows=1 width=20) (actual time=554.836..554.836 rows=0 loops=1)
   ->  Sort  (cost=116027.84..118527.84 rows=1000000 width=20) (actual time=476.814..533.156 rows=1000000 loops=1)
         Sort Key: s_2.a, s_2.b, s_2.c
         Sort Method: quicksort  Memory: 102702kB
         ->  Seq Scan on s_2  (cost=0.00..16370.00 rows=1000000 width=20) (actual time=0.004..55.456 rows=1000000 loops=1)
 Planning time: 0.267 ms
 Execution time: 558.916 ms
(7 rows)

===== 159 [Wed Mar  7 02:49:57 CET 2018] scale:1000000 groups:100 work_mem:128MB incremental:off max_workers:0 =====
SELECT * FROM s_3 ORDER BY a, b, c, d
                                                        QUERY PLAN                                                         
---------------------------------------------------------------------------------------------------------------------------
 Limit  (cost=128527.84..128527.84 rows=1 width=20) (actual time=524.033..524.033 rows=0 loops=1)
   ->  Sort  (cost=116027.84..118527.84 rows=1000000 width=20) (actual time=467.508..502.299 rows=1000000 loops=1)
         Sort Key: s_3.a, s_3.b, s_3.c, s_3.d
         Sort Method: quicksort  Memory: 102702kB
         ->  Seq Scan on s_3  (cost=0.00..16370.00 rows=1000000 width=20) (actual time=0.010..55.993 rows=1000000 loops=1)
 Planning time: 0.269 ms
 Execution time: 528.084 ms
(7 rows)

===== 160 [Wed Mar  7 02:50:00 CET 2018] scale:1000000 groups:100 work_mem:128MB incremental:off max_workers:0 =====
SELECT * FROM s_4 ORDER BY a, b, c, d, e
                                                        QUERY PLAN                                                         
---------------------------------------------------------------------------------------------------------------------------
 Limit  (cost=128527.84..128527.84 rows=1 width=20) (actual time=426.637..426.637 rows=0 loops=1)
   ->  Sort  (cost=116027.84..118527.84 rows=1000000 width=20) (actual time=371.426..404.760 rows=1000000 loops=1)
         Sort Key: s_4.a, s_4.b, s_4.c, s_4.d, s_4.e
         Sort Method: quicksort  Memory: 102702kB
         ->  Seq Scan on s_4  (cost=0.00..16370.00 rows=1000000 width=20) (actual time=0.013..56.008 rows=1000000 loops=1)
 Planning time: 0.265 ms
 Execution time: 430.704 ms
(7 rows)

===== 161 [Wed Mar  7 02:50:02 CET 2018] scale:1000000 groups:100 work_mem:256MB incremental:on max_workers:0 =====
SELECT * FROM s_1 ORDER BY a, b
                                                                  QUERY PLAN                                                                  
----------------------------------------------------------------------------------------------------------------------------------------------
 Limit  (cost=126222.23..126222.23 rows=1 width=20) (actual time=419.347..419.347 rows=0 loops=1)
   ->  Incremental Sort  (cost=977.85..116222.23 rows=1000000 width=20) (actual time=2.054..397.723 rows=1000000 loops=1)
         Sort Key: s_1.a, s_1.b
         Presorted Key: s_1.a
         Sort Method: quicksort  Memory: 1186kB
         Sort Groups: 101
         ->  Index Scan using s_1_a_idx on s_1  (cost=0.42..32353.42 rows=1000000 width=20) (actual time=0.018..122.768 rows=1000000 loops=1)
 Planning time: 0.270 ms
 Execution time: 419.386 ms
(9 rows)

===== 162 [Wed Mar  7 02:50:04 CET 2018] scale:1000000 groups:100 work_mem:256MB incremental:on max_workers:0 =====
SELECT * FROM s_2 ORDER BY a, b, c
                                                                   QUERY PLAN                                                                   
------------------------------------------------------------------------------------------------------------------------------------------------
 Limit  (cost=101492.49..101492.49 rows=1 width=20) (actual time=428.282..428.282 rows=0 loops=1)
   ->  Incremental Sort  (cost=7.66..91492.49 rows=1000000 width=20) (actual time=0.092..406.492 rows=1000000 loops=1)
         Sort Key: s_2.a, s_2.b, s_2.c
         Presorted Key: s_2.a, s_2.b
         Sort Method: quicksort  Memory: 35kB
         Sort Groups: 10196
         ->  Index Scan using s_2_a_b_idx on s_2  (cost=0.42..40712.74 rows=1000000 width=20) (actual time=0.013..115.310 rows=1000000 loops=1)
 Planning time: 0.281 ms
 Execution time: 428.303 ms
(9 rows)

===== 163 [Wed Mar  7 02:50:07 CET 2018] scale:1000000 groups:100 work_mem:256MB incremental:on max_workers:0 =====
SELECT * FROM s_3 ORDER BY a, b, c, d
                                                                    QUERY PLAN                                                                    
--------------------------------------------------------------------------------------------------------------------------------------------------
 Limit  (cost=91254.38..91254.38 rows=1 width=20) (actual time=368.364..368.364 rows=0 loops=1)
   ->  Incremental Sort  (cost=1.04..81254.38 rows=1000000 width=20) (actual time=0.069..346.658 rows=1000000 loops=1)
         Sort Key: s_3.a, s_3.b, s_3.c, s_3.d
         Presorted Key: s_3.a, s_3.b, s_3.c
         Sort Method: quicksort  Memory: 27kB
         Sort Groups: 30782
         ->  Index Scan using s_3_a_b_c_idx on s_3  (cost=0.42..45144.74 rows=1000000 width=20) (actual time=0.017..118.754 rows=1000000 loops=1)
 Planning time: 0.280 ms
 Execution time: 368.388 ms
(9 rows)

===== 164 [Wed Mar  7 02:50:08 CET 2018] scale:1000000 groups:100 work_mem:256MB incremental:on max_workers:0 =====
SELECT * FROM s_4 ORDER BY a, b, c, d, e
                                                                     QUERY PLAN                                                                     
----------------------------------------------------------------------------------------------------------------------------------------------------
 Limit  (cost=91254.38..91254.38 rows=1 width=20) (actual time=280.670..280.670 rows=0 loops=1)
   ->  Incremental Sort  (cost=1.04..81254.38 rows=1000000 width=20) (actual time=0.075..258.649 rows=1000000 loops=1)
         Sort Key: s_4.a, s_4.b, s_4.c, s_4.d, s_4.e
         Presorted Key: s_4.a, s_4.b, s_4.c, s_4.d
         Sort Method: quicksort  Memory: 27kB
         Sort Groups: 31246
         ->  Index Scan using s_4_a_b_c_d_idx on s_4  (cost=0.42..45144.74 rows=1000000 width=20) (actual time=0.021..118.294 rows=1000000 loops=1)
 Planning time: 0.273 ms
 Execution time: 280.693 ms
(9 rows)

===== 165 [Wed Mar  7 02:50:10 CET 2018] scale:1000000 groups:100 work_mem:256MB incremental:off max_workers:0 =====
SELECT * FROM s_1 ORDER BY a, b
                                                        QUERY PLAN                                                         
---------------------------------------------------------------------------------------------------------------------------
 Limit  (cost=128527.84..128527.84 rows=1 width=20) (actual time=446.577..446.577 rows=0 loops=1)
   ->  Sort  (cost=116027.84..118527.84 rows=1000000 width=20) (actual time=330.336..424.871 rows=1000000 loops=1)
         Sort Key: s_1.a, s_1.b
         Sort Method: quicksort  Memory: 102702kB
         ->  Seq Scan on s_1  (cost=0.00..16370.00 rows=1000000 width=20) (actual time=0.007..55.717 rows=1000000 loops=1)
 Planning time: 0.258 ms
 Execution time: 450.623 ms
(7 rows)

===== 166 [Wed Mar  7 02:50:12 CET 2018] scale:1000000 groups:100 work_mem:256MB incremental:off max_workers:0 =====
SELECT * FROM s_2 ORDER BY a, b, c
                                                        QUERY PLAN                                                         
---------------------------------------------------------------------------------------------------------------------------
 Limit  (cost=128527.84..128527.84 rows=1 width=20) (actual time=555.690..555.690 rows=0 loops=1)
   ->  Sort  (cost=116027.84..118527.84 rows=1000000 width=20) (actual time=477.403..533.977 rows=1000000 loops=1)
         Sort Key: s_2.a, s_2.b, s_2.c
         Sort Method: quicksort  Memory: 102702kB
         ->  Seq Scan on s_2  (cost=0.00..16370.00 rows=1000000 width=20) (actual time=0.004..55.516 rows=1000000 loops=1)
 Planning time: 0.282 ms
 Execution time: 559.758 ms
(7 rows)

===== 167 [Wed Mar  7 02:50:15 CET 2018] scale:1000000 groups:100 work_mem:256MB incremental:off max_workers:0 =====
SELECT * FROM s_3 ORDER BY a, b, c, d
                                                        QUERY PLAN                                                         
---------------------------------------------------------------------------------------------------------------------------
 Limit  (cost=128527.84..128527.84 rows=1 width=20) (actual time=524.225..524.225 rows=0 loops=1)
   ->  Sort  (cost=116027.84..118527.84 rows=1000000 width=20) (actual time=467.694..502.460 rows=1000000 loops=1)
         Sort Key: s_3.a, s_3.b, s_3.c, s_3.d
         Sort Method: quicksort  Memory: 102702kB
         ->  Seq Scan on s_3  (cost=0.00..16370.00 rows=1000000 width=20) (actual time=0.010..55.968 rows=1000000 loops=1)
 Planning time: 0.272 ms
 Execution time: 528.283 ms
(7 rows)

===== 168 [Wed Mar  7 02:50:18 CET 2018] scale:1000000 groups:100 work_mem:256MB incremental:off max_workers:0 =====
SELECT * FROM s_4 ORDER BY a, b, c, d, e
                                                        QUERY PLAN                                                         
---------------------------------------------------------------------------------------------------------------------------
 Limit  (cost=128527.84..128527.84 rows=1 width=20) (actual time=426.142..426.142 rows=0 loops=1)
   ->  Sort  (cost=116027.84..118527.84 rows=1000000 width=20) (actual time=370.976..404.281 rows=1000000 loops=1)
         Sort Key: s_4.a, s_4.b, s_4.c, s_4.d, s_4.e
         Sort Method: quicksort  Memory: 102702kB
         ->  Seq Scan on s_4  (cost=0.00..16370.00 rows=1000000 width=20) (actual time=0.013..55.991 rows=1000000 loops=1)
 Planning time: 0.260 ms
 Execution time: 430.194 ms
(7 rows)

===== 169 [Wed Mar  7 02:50:20 CET 2018] scale:1000000 groups:100 work_mem:4MB incremental:on max_workers:2 =====
SELECT * FROM s_1 ORDER BY a, b
                                                                  QUERY PLAN                                                                  
----------------------------------------------------------------------------------------------------------------------------------------------
 Limit  (cost=126222.23..126222.23 rows=1 width=20) (actual time=418.796..418.796 rows=0 loops=1)
   ->  Incremental Sort  (cost=977.85..116222.23 rows=1000000 width=20) (actual time=2.058..397.197 rows=1000000 loops=1)
         Sort Key: s_1.a, s_1.b
         Presorted Key: s_1.a
         Sort Method: quicksort  Memory: 1186kB
         Sort Groups: 101
         ->  Index Scan using s_1_a_idx on s_1  (cost=0.42..32353.42 rows=1000000 width=20) (actual time=0.018..122.752 rows=1000000 loops=1)
 Planning time: 0.283 ms
 Execution time: 418.834 ms
(9 rows)

===== 170 [Wed Mar  7 02:50:22 CET 2018] scale:1000000 groups:100 work_mem:4MB incremental:on max_workers:2 =====
SELECT * FROM s_2 ORDER BY a, b, c
                                                                   QUERY PLAN                                                                   
------------------------------------------------------------------------------------------------------------------------------------------------
 Limit  (cost=101492.49..101492.49 rows=1 width=20) (actual time=428.277..428.277 rows=0 loops=1)
   ->  Incremental Sort  (cost=7.66..91492.49 rows=1000000 width=20) (actual time=0.086..406.490 rows=1000000 loops=1)
         Sort Key: s_2.a, s_2.b, s_2.c
         Presorted Key: s_2.a, s_2.b
         Sort Method: quicksort  Memory: 35kB
         Sort Groups: 10196
         ->  Index Scan using s_2_a_b_idx on s_2  (cost=0.42..40712.74 rows=1000000 width=20) (actual time=0.013..115.332 rows=1000000 loops=1)
 Planning time: 0.303 ms
 Execution time: 428.299 ms
(9 rows)

===== 171 [Wed Mar  7 02:50:25 CET 2018] scale:1000000 groups:100 work_mem:4MB incremental:on max_workers:2 =====
SELECT * FROM s_3 ORDER BY a, b, c, d
                                                                    QUERY PLAN                                                                    
--------------------------------------------------------------------------------------------------------------------------------------------------
 Limit  (cost=91254.38..91254.38 rows=1 width=20) (actual time=368.381..368.381 rows=0 loops=1)
   ->  Incremental Sort  (cost=1.04..81254.38 rows=1000000 width=20) (actual time=0.071..346.658 rows=1000000 loops=1)
         Sort Key: s_3.a, s_3.b, s_3.c, s_3.d
         Presorted Key: s_3.a, s_3.b, s_3.c
         Sort Method: quicksort  Memory: 27kB
         Sort Groups: 30782
         ->  Index Scan using s_3_a_b_c_idx on s_3  (cost=0.42..45144.74 rows=1000000 width=20) (actual time=0.018..118.774 rows=1000000 loops=1)
 Planning time: 0.287 ms
 Execution time: 368.402 ms
(9 rows)

===== 172 [Wed Mar  7 02:50:26 CET 2018] scale:1000000 groups:100 work_mem:4MB incremental:on max_workers:2 =====
SELECT * FROM s_4 ORDER BY a, b, c, d, e
                                                                     QUERY PLAN                                                                     
----------------------------------------------------------------------------------------------------------------------------------------------------
 Limit  (cost=91254.38..91254.38 rows=1 width=20) (actual time=281.318..281.318 rows=0 loops=1)
   ->  Incremental Sort  (cost=1.04..81254.38 rows=1000000 width=20) (actual time=0.073..259.320 rows=1000000 loops=1)
         Sort Key: s_4.a, s_4.b, s_4.c, s_4.d, s_4.e
         Presorted Key: s_4.a, s_4.b, s_4.c, s_4.d
         Sort Method: quicksort  Memory: 27kB
         Sort Groups: 31246
         ->  Index Scan using s_4_a_b_c_d_idx on s_4  (cost=0.42..45144.74 rows=1000000 width=20) (actual time=0.021..117.397 rows=1000000 loops=1)
 Planning time: 0.283 ms
 Execution time: 281.339 ms
(9 rows)

===== 173 [Wed Mar  7 02:50:28 CET 2018] scale:1000000 groups:100 work_mem:4MB incremental:off max_workers:2 =====
SELECT * FROM s_1 ORDER BY a, b
                                                        QUERY PLAN                                                         
---------------------------------------------------------------------------------------------------------------------------
 Limit  (cost=149037.84..149037.84 rows=1 width=20) (actual time=465.748..465.748 rows=0 loops=1)
   ->  Sort  (cost=136537.84..139037.84 rows=1000000 width=20) (actual time=359.471..443.786 rows=1000000 loops=1)
         Sort Key: s_1.a, s_1.b
         Sort Method: external merge  Disk: 29360kB
         ->  Seq Scan on s_1  (cost=0.00..16370.00 rows=1000000 width=20) (actual time=0.007..51.518 rows=1000000 loops=1)
 Planning time: 0.267 ms
 Execution time: 469.380 ms
(7 rows)

===== 174 [Wed Mar  7 02:50:30 CET 2018] scale:1000000 groups:100 work_mem:4MB incremental:off max_workers:2 =====
SELECT * FROM s_2 ORDER BY a, b, c
                                                        QUERY PLAN                                                         
---------------------------------------------------------------------------------------------------------------------------
 Limit  (cost=149037.84..149037.84 rows=1 width=20) (actual time=603.785..603.785 rows=0 loops=1)
   ->  Sort  (cost=136537.84..139037.84 rows=1000000 width=20) (actual time=498.622..581.843 rows=1000000 loops=1)
         Sort Key: s_2.a, s_2.b, s_2.c
         Sort Method: external merge  Disk: 29360kB
         ->  Seq Scan on s_2  (cost=0.00..16370.00 rows=1000000 width=20) (actual time=0.004..51.696 rows=1000000 loops=1)
 Planning time: 0.286 ms
 Execution time: 607.408 ms
(7 rows)

===== 175 [Wed Mar  7 02:50:34 CET 2018] scale:1000000 groups:100 work_mem:4MB incremental:off max_workers:2 =====
SELECT * FROM s_3 ORDER BY a, b, c, d
                                                        QUERY PLAN                                                         
---------------------------------------------------------------------------------------------------------------------------
 Limit  (cost=149037.84..149037.84 rows=1 width=20) (actual time=595.296..595.296 rows=0 loops=1)
   ->  Sort  (cost=136537.84..139037.84 rows=1000000 width=20) (actual time=489.934..573.403 rows=1000000 loops=1)
         Sort Key: s_3.a, s_3.b, s_3.c, s_3.d
         Sort Method: external merge  Disk: 29360kB
         ->  Seq Scan on s_3  (cost=0.00..16370.00 rows=1000000 width=20) (actual time=0.009..51.953 rows=1000000 loops=1)
 Planning time: 0.281 ms
 Execution time: 598.941 ms
(7 rows)

===== 176 [Wed Mar  7 02:50:37 CET 2018] scale:1000000 groups:100 work_mem:4MB incremental:off max_workers:2 =====
SELECT * FROM s_4 ORDER BY a, b, c, d, e
                                                        QUERY PLAN                                                         
---------------------------------------------------------------------------------------------------------------------------
 Limit  (cost=149037.84..149037.84 rows=1 width=20) (actual time=493.043..493.043 rows=0 loops=1)
   ->  Sort  (cost=136537.84..139037.84 rows=1000000 width=20) (actual time=387.543..471.155 rows=1000000 loops=1)
         Sort Key: s_4.a, s_4.b, s_4.c, s_4.d, s_4.e
         Sort Method: external merge  Disk: 29360kB
         ->  Seq Scan on s_4  (cost=0.00..16370.00 rows=1000000 width=20) (actual time=0.013..51.888 rows=1000000 loops=1)
 Planning time: 0.279 ms
 Execution time: 496.662 ms
(7 rows)

===== 177 [Wed Mar  7 02:50:39 CET 2018] scale:1000000 groups:100 work_mem:8MB incremental:on max_workers:2 =====
SELECT * FROM s_1 ORDER BY a, b
                                                                  QUERY PLAN                                                                  
----------------------------------------------------------------------------------------------------------------------------------------------
 Limit  (cost=126222.23..126222.23 rows=1 width=20) (actual time=419.175..419.175 rows=0 loops=1)
   ->  Incremental Sort  (cost=977.85..116222.23 rows=1000000 width=20) (actual time=2.056..397.554 rows=1000000 loops=1)
         Sort Key: s_1.a, s_1.b
         Presorted Key: s_1.a
         Sort Method: quicksort  Memory: 1186kB
         Sort Groups: 101
         ->  Index Scan using s_1_a_idx on s_1  (cost=0.42..32353.42 rows=1000000 width=20) (actual time=0.018..122.732 rows=1000000 loops=1)
 Planning time: 0.285 ms
 Execution time: 419.214 ms
(9 rows)

===== 178 [Wed Mar  7 02:50:42 CET 2018] scale:1000000 groups:100 work_mem:8MB incremental:on max_workers:2 =====
SELECT * FROM s_2 ORDER BY a, b, c
                                                                   QUERY PLAN                                                                   
------------------------------------------------------------------------------------------------------------------------------------------------
 Limit  (cost=101492.49..101492.49 rows=1 width=20) (actual time=428.328..428.328 rows=0 loops=1)
   ->  Incremental Sort  (cost=7.66..91492.49 rows=1000000 width=20) (actual time=0.085..406.497 rows=1000000 loops=1)
         Sort Key: s_2.a, s_2.b, s_2.c
         Presorted Key: s_2.a, s_2.b
         Sort Method: quicksort  Memory: 35kB
         Sort Groups: 10196
         ->  Index Scan using s_2_a_b_idx on s_2  (cost=0.42..40712.74 rows=1000000 width=20) (actual time=0.013..115.352 rows=1000000 loops=1)
 Planning time: 0.290 ms
 Execution time: 428.350 ms
(9 rows)

===== 179 [Wed Mar  7 02:50:44 CET 2018] scale:1000000 groups:100 work_mem:8MB incremental:on max_workers:2 =====
SELECT * FROM s_3 ORDER BY a, b, c, d
                                                                    QUERY PLAN                                                                    
--------------------------------------------------------------------------------------------------------------------------------------------------
 Limit  (cost=91254.38..91254.38 rows=1 width=20) (actual time=368.508..368.508 rows=0 loops=1)
   ->  Incremental Sort  (cost=1.04..81254.38 rows=1000000 width=20) (actual time=0.071..346.803 rows=1000000 loops=1)
         Sort Key: s_3.a, s_3.b, s_3.c, s_3.d
         Presorted Key: s_3.a, s_3.b, s_3.c
         Sort Method: quicksort  Memory: 27kB
         Sort Groups: 30782
         ->  Index Scan using s_3_a_b_c_idx on s_3  (cost=0.42..45144.74 rows=1000000 width=20) (actual time=0.018..118.744 rows=1000000 loops=1)
 Planning time: 0.289 ms
 Execution time: 368.531 ms
(9 rows)

===== 180 [Wed Mar  7 02:50:46 CET 2018] scale:1000000 groups:100 work_mem:8MB incremental:on max_workers:2 =====
SELECT * FROM s_4 ORDER BY a, b, c, d, e
                                                                     QUERY PLAN                                                                     
----------------------------------------------------------------------------------------------------------------------------------------------------
 Limit  (cost=91254.38..91254.38 rows=1 width=20) (actual time=284.483..284.483 rows=0 loops=1)
   ->  Incremental Sort  (cost=1.04..81254.38 rows=1000000 width=20) (actual time=0.072..262.616 rows=1000000 loops=1)
         Sort Key: s_4.a, s_4.b, s_4.c, s_4.d, s_4.e
         Presorted Key: s_4.a, s_4.b, s_4.c, s_4.d
         Sort Method: quicksort  Memory: 27kB
         Sort Groups: 31246
         ->  Index Scan using s_4_a_b_c_d_idx on s_4  (cost=0.42..45144.74 rows=1000000 width=20) (actual time=0.021..117.439 rows=1000000 loops=1)
 Planning time: 0.280 ms
 Execution time: 284.505 ms
(9 rows)

===== 181 [Wed Mar  7 02:50:47 CET 2018] scale:1000000 groups:100 work_mem:8MB incremental:off max_workers:2 =====
SELECT * FROM s_1 ORDER BY a, b
                                                        QUERY PLAN                                                         
---------------------------------------------------------------------------------------------------------------------------
 Limit  (cost=149037.84..149037.84 rows=1 width=20) (actual time=462.352..462.352 rows=0 loops=1)
   ->  Sort  (cost=136537.84..139037.84 rows=1000000 width=20) (actual time=358.639..440.515 rows=1000000 loops=1)
         Sort Key: s_1.a, s_1.b
         Sort Method: external merge  Disk: 29360kB
         ->  Seq Scan on s_1  (cost=0.00..16370.00 rows=1000000 width=20) (actual time=0.007..51.805 rows=1000000 loops=1)
 Planning time: 0.276 ms
 Execution time: 466.138 ms
(7 rows)

===== 182 [Wed Mar  7 02:50:49 CET 2018] scale:1000000 groups:100 work_mem:8MB incremental:off max_workers:2 =====
SELECT * FROM s_2 ORDER BY a, b, c
                                                        QUERY PLAN                                                         
---------------------------------------------------------------------------------------------------------------------------
 Limit  (cost=149037.84..149037.84 rows=1 width=20) (actual time=587.349..587.349 rows=0 loops=1)
   ->  Sort  (cost=136537.84..139037.84 rows=1000000 width=20) (actual time=484.686..565.525 rows=1000000 loops=1)
         Sort Key: s_2.a, s_2.b, s_2.c
         Sort Method: external merge  Disk: 29360kB
         ->  Seq Scan on s_2  (cost=0.00..16370.00 rows=1000000 width=20) (actual time=0.004..51.859 rows=1000000 loops=1)
 Planning time: 0.279 ms
 Execution time: 591.120 ms
(7 rows)

===== 183 [Wed Mar  7 02:50:53 CET 2018] scale:1000000 groups:100 work_mem:8MB incremental:off max_workers:2 =====
SELECT * FROM s_3 ORDER BY a, b, c, d
                                                        QUERY PLAN                                                         
---------------------------------------------------------------------------------------------------------------------------
 Limit  (cost=149037.84..149037.84 rows=1 width=20) (actual time=571.928..571.928 rows=0 loops=1)
   ->  Sort  (cost=136537.84..139037.84 rows=1000000 width=20) (actual time=469.076..550.153 rows=1000000 loops=1)
         Sort Key: s_3.a, s_3.b, s_3.c, s_3.d
         Sort Method: external merge  Disk: 29360kB
         ->  Seq Scan on s_3  (cost=0.00..16370.00 rows=1000000 width=20) (actual time=0.010..52.230 rows=1000000 loops=1)
 Planning time: 0.277 ms
 Execution time: 575.374 ms
(7 rows)

===== 184 [Wed Mar  7 02:50:56 CET 2018] scale:1000000 groups:100 work_mem:8MB incremental:off max_workers:2 =====
SELECT * FROM s_4 ORDER BY a, b, c, d, e
                                                        QUERY PLAN                                                         
---------------------------------------------------------------------------------------------------------------------------
 Limit  (cost=149037.84..149037.84 rows=1 width=20) (actual time=469.881..469.881 rows=0 loops=1)
   ->  Sort  (cost=136537.84..139037.84 rows=1000000 width=20) (actual time=367.239..448.119 rows=1000000 loops=1)
         Sort Key: s_4.a, s_4.b, s_4.c, s_4.d, s_4.e
         Sort Method: external merge  Disk: 29360kB
         ->  Seq Scan on s_4  (cost=0.00..16370.00 rows=1000000 width=20) (actual time=0.013..52.254 rows=1000000 loops=1)
 Planning time: 0.279 ms
 Execution time: 473.686 ms
(7 rows)

===== 185 [Wed Mar  7 02:50:58 CET 2018] scale:1000000 groups:100 work_mem:16MB incremental:on max_workers:2 =====
SELECT * FROM s_1 ORDER BY a, b
                                                                  QUERY PLAN                                                                  
----------------------------------------------------------------------------------------------------------------------------------------------
 Limit  (cost=126222.23..126222.23 rows=1 width=20) (actual time=419.266..419.266 rows=0 loops=1)
   ->  Incremental Sort  (cost=977.85..116222.23 rows=1000000 width=20) (actual time=2.053..397.616 rows=1000000 loops=1)
         Sort Key: s_1.a, s_1.b
         Presorted Key: s_1.a
         Sort Method: quicksort  Memory: 1186kB
         Sort Groups: 101
         ->  Index Scan using s_1_a_idx on s_1  (cost=0.42..32353.42 rows=1000000 width=20) (actual time=0.018..122.736 rows=1000000 loops=1)
 Planning time: 0.276 ms
 Execution time: 419.304 ms
(9 rows)

===== 186 [Wed Mar  7 02:51:00 CET 2018] scale:1000000 groups:100 work_mem:16MB incremental:on max_workers:2 =====
SELECT * FROM s_2 ORDER BY a, b, c
                                                                   QUERY PLAN                                                                   
------------------------------------------------------------------------------------------------------------------------------------------------
 Limit  (cost=101492.49..101492.49 rows=1 width=20) (actual time=428.317..428.317 rows=0 loops=1)
   ->  Incremental Sort  (cost=7.66..91492.49 rows=1000000 width=20) (actual time=0.086..406.542 rows=1000000 loops=1)
         Sort Key: s_2.a, s_2.b, s_2.c
         Presorted Key: s_2.a, s_2.b
         Sort Method: quicksort  Memory: 35kB
         Sort Groups: 10196
         ->  Index Scan using s_2_a_b_idx on s_2  (cost=0.42..40712.74 rows=1000000 width=20) (actual time=0.013..115.386 rows=1000000 loops=1)
 Planning time: 0.297 ms
 Execution time: 428.339 ms
(9 rows)

===== 187 [Wed Mar  7 02:51:03 CET 2018] scale:1000000 groups:100 work_mem:16MB incremental:on max_workers:2 =====
SELECT * FROM s_3 ORDER BY a, b, c, d
                                                                    QUERY PLAN                                                                    
--------------------------------------------------------------------------------------------------------------------------------------------------
 Limit  (cost=91254.38..91254.38 rows=1 width=20) (actual time=368.398..368.398 rows=0 loops=1)
   ->  Incremental Sort  (cost=1.04..81254.38 rows=1000000 width=20) (actual time=0.069..346.678 rows=1000000 loops=1)
         Sort Key: s_3.a, s_3.b, s_3.c, s_3.d
         Presorted Key: s_3.a, s_3.b, s_3.c
         Sort Method: quicksort  Memory: 27kB
         Sort Groups: 30782
         ->  Index Scan using s_3_a_b_c_idx on s_3  (cost=0.42..45144.74 rows=1000000 width=20) (actual time=0.017..118.639 rows=1000000 loops=1)
 Planning time: 0.294 ms
 Execution time: 368.422 ms
(9 rows)

===== 188 [Wed Mar  7 02:51:05 CET 2018] scale:1000000 groups:100 work_mem:16MB incremental:on max_workers:2 =====
SELECT * FROM s_4 ORDER BY a, b, c, d, e
                                                                     QUERY PLAN                                                                     
----------------------------------------------------------------------------------------------------------------------------------------------------
 Limit  (cost=91254.38..91254.38 rows=1 width=20) (actual time=281.412..281.412 rows=0 loops=1)
   ->  Incremental Sort  (cost=1.04..81254.38 rows=1000000 width=20) (actual time=0.076..259.397 rows=1000000 loops=1)
         Sort Key: s_4.a, s_4.b, s_4.c, s_4.d, s_4.e
         Presorted Key: s_4.a, s_4.b, s_4.c, s_4.d
         Sort Method: quicksort  Memory: 27kB
         Sort Groups: 31246
         ->  Index Scan using s_4_a_b_c_d_idx on s_4  (cost=0.42..45144.74 rows=1000000 width=20) (actual time=0.022..117.367 rows=1000000 loops=1)
 Planning time: 0.281 ms
 Execution time: 281.432 ms
(9 rows)

===== 189 [Wed Mar  7 02:51:06 CET 2018] scale:1000000 groups:100 work_mem:16MB incremental:off max_workers:2 =====
SELECT * FROM s_1 ORDER BY a, b
                                                        QUERY PLAN                                                         
---------------------------------------------------------------------------------------------------------------------------
 Limit  (cost=149037.84..149037.84 rows=1 width=20) (actual time=484.872..484.872 rows=0 loops=1)
   ->  Sort  (cost=136537.84..139037.84 rows=1000000 width=20) (actual time=383.622..463.086 rows=1000000 loops=1)
         Sort Key: s_1.a, s_1.b
         Sort Method: external merge  Disk: 29392kB
         ->  Seq Scan on s_1  (cost=0.00..16370.00 rows=1000000 width=20) (actual time=0.007..52.397 rows=1000000 loops=1)
 Planning time: 0.284 ms
 Execution time: 489.033 ms
(7 rows)

===== 190 [Wed Mar  7 02:51:08 CET 2018] scale:1000000 groups:100 work_mem:16MB incremental:off max_workers:2 =====
SELECT * FROM s_2 ORDER BY a, b, c
                                                        QUERY PLAN                                                         
---------------------------------------------------------------------------------------------------------------------------
 Limit  (cost=149037.84..149037.84 rows=1 width=20) (actual time=603.057..603.057 rows=0 loops=1)
   ->  Sort  (cost=136537.84..139037.84 rows=1000000 width=20) (actual time=502.445..581.259 rows=1000000 loops=1)
         Sort Key: s_2.a, s_2.b, s_2.c
         Sort Method: external merge  Disk: 29392kB
         ->  Seq Scan on s_2  (cost=0.00..16370.00 rows=1000000 width=20) (actual time=0.004..52.413 rows=1000000 loops=1)
 Planning time: 0.286 ms
 Execution time: 607.196 ms
(7 rows)

===== 191 [Wed Mar  7 02:51:12 CET 2018] scale:1000000 groups:100 work_mem:16MB incremental:off max_workers:2 =====
SELECT * FROM s_3 ORDER BY a, b, c, d
                                                        QUERY PLAN                                                         
---------------------------------------------------------------------------------------------------------------------------
 Limit  (cost=149037.84..149037.84 rows=1 width=20) (actual time=584.909..584.909 rows=0 loops=1)
   ->  Sort  (cost=136537.84..139037.84 rows=1000000 width=20) (actual time=483.991..563.108 rows=1000000 loops=1)
         Sort Key: s_3.a, s_3.b, s_3.c, s_3.d
         Sort Method: external merge  Disk: 29392kB
         ->  Seq Scan on s_3  (cost=0.00..16370.00 rows=1000000 width=20) (actual time=0.009..52.765 rows=1000000 loops=1)
 Planning time: 0.284 ms
 Execution time: 589.051 ms
(7 rows)

===== 192 [Wed Mar  7 02:51:15 CET 2018] scale:1000000 groups:100 work_mem:16MB incremental:off max_workers:2 =====
SELECT * FROM s_4 ORDER BY a, b, c, d, e
                                                        QUERY PLAN                                                         
---------------------------------------------------------------------------------------------------------------------------
 Limit  (cost=149037.84..149037.84 rows=1 width=20) (actual time=482.780..482.780 rows=0 loops=1)
   ->  Sort  (cost=136537.84..139037.84 rows=1000000 width=20) (actual time=382.255..461.003 rows=1000000 loops=1)
         Sort Key: s_4.a, s_4.b, s_4.c, s_4.d, s_4.e
         Sort Method: external merge  Disk: 29392kB
         ->  Seq Scan on s_4  (cost=0.00..16370.00 rows=1000000 width=20) (actual time=0.013..52.836 rows=1000000 loops=1)
 Planning time: 0.268 ms
 Execution time: 486.934 ms
(7 rows)

===== 193 [Wed Mar  7 02:51:17 CET 2018] scale:1000000 groups:100 work_mem:32MB incremental:on max_workers:2 =====
SELECT * FROM s_1 ORDER BY a, b
                                                                  QUERY PLAN                                                                  
----------------------------------------------------------------------------------------------------------------------------------------------
 Limit  (cost=126222.23..126222.23 rows=1 width=20) (actual time=418.624..418.624 rows=0 loops=1)
   ->  Incremental Sort  (cost=977.85..116222.23 rows=1000000 width=20) (actual time=2.054..397.013 rows=1000000 loops=1)
         Sort Key: s_1.a, s_1.b
         Presorted Key: s_1.a
         Sort Method: quicksort  Memory: 1186kB
         Sort Groups: 101
         ->  Index Scan using s_1_a_idx on s_1  (cost=0.42..32353.42 rows=1000000 width=20) (actual time=0.018..122.705 rows=1000000 loops=1)
 Planning time: 0.282 ms
 Execution time: 418.662 ms
(9 rows)

===== 194 [Wed Mar  7 02:51:20 CET 2018] scale:1000000 groups:100 work_mem:32MB incremental:on max_workers:2 =====
SELECT * FROM s_2 ORDER BY a, b, c
                                                                   QUERY PLAN                                                                   
------------------------------------------------------------------------------------------------------------------------------------------------
 Limit  (cost=101492.49..101492.49 rows=1 width=20) (actual time=428.299..428.299 rows=0 loops=1)
   ->  Incremental Sort  (cost=7.66..91492.49 rows=1000000 width=20) (actual time=0.086..406.522 rows=1000000 loops=1)
         Sort Key: s_2.a, s_2.b, s_2.c
         Presorted Key: s_2.a, s_2.b
         Sort Method: quicksort  Memory: 35kB
         Sort Groups: 10196
         ->  Index Scan using s_2_a_b_idx on s_2  (cost=0.42..40712.74 rows=1000000 width=20) (actual time=0.013..115.409 rows=1000000 loops=1)
 Planning time: 0.292 ms
 Execution time: 428.322 ms
(9 rows)

===== 195 [Wed Mar  7 02:51:22 CET 2018] scale:1000000 groups:100 work_mem:32MB incremental:on max_workers:2 =====
SELECT * FROM s_3 ORDER BY a, b, c, d
                                                                    QUERY PLAN                                                                    
--------------------------------------------------------------------------------------------------------------------------------------------------
 Limit  (cost=91254.38..91254.38 rows=1 width=20) (actual time=368.422..368.422 rows=0 loops=1)
   ->  Incremental Sort  (cost=1.04..81254.38 rows=1000000 width=20) (actual time=0.071..346.712 rows=1000000 loops=1)
         Sort Key: s_3.a, s_3.b, s_3.c, s_3.d
         Presorted Key: s_3.a, s_3.b, s_3.c
         Sort Method: quicksort  Memory: 27kB
         Sort Groups: 30782
         ->  Index Scan using s_3_a_b_c_idx on s_3  (cost=0.42..45144.74 rows=1000000 width=20) (actual time=0.017..118.752 rows=1000000 loops=1)
 Planning time: 0.290 ms
 Execution time: 368.443 ms
(9 rows)

===== 196 [Wed Mar  7 02:51:24 CET 2018] scale:1000000 groups:100 work_mem:32MB incremental:on max_workers:2 =====
SELECT * FROM s_4 ORDER BY a, b, c, d, e
                                                                     QUERY PLAN                                                                     
----------------------------------------------------------------------------------------------------------------------------------------------------
 Limit  (cost=91254.38..91254.38 rows=1 width=20) (actual time=281.279..281.279 rows=0 loops=1)
   ->  Incremental Sort  (cost=1.04..81254.38 rows=1000000 width=20) (actual time=0.071..259.270 rows=1000000 loops=1)
         Sort Key: s_4.a, s_4.b, s_4.c, s_4.d, s_4.e
         Presorted Key: s_4.a, s_4.b, s_4.c, s_4.d
         Sort Method: quicksort  Memory: 27kB
         Sort Groups: 31246
         ->  Index Scan using s_4_a_b_c_d_idx on s_4  (cost=0.42..45144.74 rows=1000000 width=20) (actual time=0.021..117.404 rows=1000000 loops=1)
 Planning time: 0.287 ms
 Execution time: 281.300 ms
(9 rows)

===== 197 [Wed Mar  7 02:51:25 CET 2018] scale:1000000 groups:100 work_mem:32MB incremental:off max_workers:2 =====
SELECT * FROM s_1 ORDER BY a, b
                                                        QUERY PLAN                                                         
---------------------------------------------------------------------------------------------------------------------------
 Limit  (cost=149037.84..149037.84 rows=1 width=20) (actual time=504.522..504.522 rows=0 loops=1)
   ->  Sort  (cost=136537.84..139037.84 rows=1000000 width=20) (actual time=405.972..482.699 rows=1000000 loops=1)
         Sort Key: s_1.a, s_1.b
         Sort Method: external merge  Disk: 29360kB
         ->  Seq Scan on s_1  (cost=0.00..16370.00 rows=1000000 width=20) (actual time=0.007..53.533 rows=1000000 loops=1)
 Planning time: 0.277 ms
 Execution time: 508.954 ms
(7 rows)

===== 198 [Wed Mar  7 02:51:28 CET 2018] scale:1000000 groups:100 work_mem:32MB incremental:off max_workers:2 =====
SELECT * FROM s_2 ORDER BY a, b, c
                                                        QUERY PLAN                                                         
---------------------------------------------------------------------------------------------------------------------------
 Limit  (cost=149037.84..149037.84 rows=1 width=20) (actual time=623.979..623.979 rows=0 loops=1)
   ->  Sort  (cost=136537.84..139037.84 rows=1000000 width=20) (actual time=525.614..602.165 rows=1000000 loops=1)
         Sort Key: s_2.a, s_2.b, s_2.c
         Sort Method: external merge  Disk: 29360kB
         ->  Seq Scan on s_2  (cost=0.00..16370.00 rows=1000000 width=20) (actual time=0.004..53.591 rows=1000000 loops=1)
 Planning time: 0.283 ms
 Execution time: 628.409 ms
(7 rows)

===== 199 [Wed Mar  7 02:51:31 CET 2018] scale:1000000 groups:100 work_mem:32MB incremental:off max_workers:2 =====
SELECT * FROM s_3 ORDER BY a, b, c, d
                                                        QUERY PLAN                                                         
---------------------------------------------------------------------------------------------------------------------------
 Limit  (cost=149037.84..149037.84 rows=1 width=20) (actual time=603.618..603.618 rows=0 loops=1)
   ->  Sort  (cost=136537.84..139037.84 rows=1000000 width=20) (actual time=504.731..581.779 rows=1000000 loops=1)
         Sort Key: s_3.a, s_3.b, s_3.c, s_3.d
         Sort Method: external merge  Disk: 29360kB
         ->  Seq Scan on s_3  (cost=0.00..16370.00 rows=1000000 width=20) (actual time=0.010..54.101 rows=1000000 loops=1)
 Planning time: 0.281 ms
 Execution time: 608.065 ms
(7 rows)

===== 200 [Wed Mar  7 02:51:34 CET 2018] scale:1000000 groups:100 work_mem:32MB incremental:off max_workers:2 =====
SELECT * FROM s_4 ORDER BY a, b, c, d, e
                                                        QUERY PLAN                                                         
---------------------------------------------------------------------------------------------------------------------------
 Limit  (cost=149037.84..149037.84 rows=1 width=20) (actual time=501.931..501.931 rows=0 loops=1)
   ->  Sort  (cost=136537.84..139037.84 rows=1000000 width=20) (actual time=402.620..480.120 rows=1000000 loops=1)
         Sort Key: s_4.a, s_4.b, s_4.c, s_4.d, s_4.e
         Sort Method: external merge  Disk: 29360kB
         ->  Seq Scan on s_4  (cost=0.00..16370.00 rows=1000000 width=20) (actual time=0.013..54.138 rows=1000000 loops=1)
 Planning time: 0.282 ms
 Execution time: 506.362 ms
(7 rows)

===== 201 [Wed Mar  7 02:51:37 CET 2018] scale:1000000 groups:100 work_mem:64MB incremental:on max_workers:2 =====
SELECT * FROM s_1 ORDER BY a, b
                                                                  QUERY PLAN                                                                  
----------------------------------------------------------------------------------------------------------------------------------------------
 Limit  (cost=126222.23..126222.23 rows=1 width=20) (actual time=418.688..418.688 rows=0 loops=1)
   ->  Incremental Sort  (cost=977.85..116222.23 rows=1000000 width=20) (actual time=2.053..397.066 rows=1000000 loops=1)
         Sort Key: s_1.a, s_1.b
         Presorted Key: s_1.a
         Sort Method: quicksort  Memory: 1186kB
         Sort Groups: 101
         ->  Index Scan using s_1_a_idx on s_1  (cost=0.42..32353.42 rows=1000000 width=20) (actual time=0.017..122.705 rows=1000000 loops=1)
 Planning time: 0.273 ms
 Execution time: 418.726 ms
(9 rows)

===== 202 [Wed Mar  7 02:51:39 CET 2018] scale:1000000 groups:100 work_mem:64MB incremental:on max_workers:2 =====
SELECT * FROM s_2 ORDER BY a, b, c
                                                                   QUERY PLAN                                                                   
------------------------------------------------------------------------------------------------------------------------------------------------
 Limit  (cost=101492.49..101492.49 rows=1 width=20) (actual time=428.270..428.270 rows=0 loops=1)
   ->  Incremental Sort  (cost=7.66..91492.49 rows=1000000 width=20) (actual time=0.088..406.502 rows=1000000 loops=1)
         Sort Key: s_2.a, s_2.b, s_2.c
         Presorted Key: s_2.a, s_2.b
         Sort Method: quicksort  Memory: 35kB
         Sort Groups: 10196
         ->  Index Scan using s_2_a_b_idx on s_2  (cost=0.42..40712.74 rows=1000000 width=20) (actual time=0.013..115.373 rows=1000000 loops=1)
 Planning time: 0.289 ms
 Execution time: 428.291 ms
(9 rows)

===== 203 [Wed Mar  7 02:51:42 CET 2018] scale:1000000 groups:100 work_mem:64MB incremental:on max_workers:2 =====
SELECT * FROM s_3 ORDER BY a, b, c, d
                                                                    QUERY PLAN                                                                    
--------------------------------------------------------------------------------------------------------------------------------------------------
 Limit  (cost=91254.38..91254.38 rows=1 width=20) (actual time=368.402..368.402 rows=0 loops=1)
   ->  Incremental Sort  (cost=1.04..81254.38 rows=1000000 width=20) (actual time=0.070..346.679 rows=1000000 loops=1)
         Sort Key: s_3.a, s_3.b, s_3.c, s_3.d
         Presorted Key: s_3.a, s_3.b, s_3.c
         Sort Method: quicksort  Memory: 27kB
         Sort Groups: 30782
         ->  Index Scan using s_3_a_b_c_idx on s_3  (cost=0.42..45144.74 rows=1000000 width=20) (actual time=0.017..118.784 rows=1000000 loops=1)
 Planning time: 0.289 ms
 Execution time: 368.423 ms
(9 rows)

===== 204 [Wed Mar  7 02:51:43 CET 2018] scale:1000000 groups:100 work_mem:64MB incremental:on max_workers:2 =====
SELECT * FROM s_4 ORDER BY a, b, c, d, e
                                                                     QUERY PLAN                                                                     
----------------------------------------------------------------------------------------------------------------------------------------------------
 Limit  (cost=91254.38..91254.38 rows=1 width=20) (actual time=281.406..281.406 rows=0 loops=1)
   ->  Incremental Sort  (cost=1.04..81254.38 rows=1000000 width=20) (actual time=0.071..259.415 rows=1000000 loops=1)
         Sort Key: s_4.a, s_4.b, s_4.c, s_4.d, s_4.e
         Presorted Key: s_4.a, s_4.b, s_4.c, s_4.d
         Sort Method: quicksort  Memory: 27kB
         Sort Groups: 31246
         ->  Index Scan using s_4_a_b_c_d_idx on s_4  (cost=0.42..45144.74 rows=1000000 width=20) (actual time=0.021..117.379 rows=1000000 loops=1)
 Planning time: 0.285 ms
 Execution time: 281.427 ms
(9 rows)

===== 205 [Wed Mar  7 02:51:45 CET 2018] scale:1000000 groups:100 work_mem:64MB incremental:off max_workers:2 =====
SELECT * FROM s_1 ORDER BY a, b
                                                        QUERY PLAN                                                         
---------------------------------------------------------------------------------------------------------------------------
 Limit  (cost=128527.84..128527.84 rows=1 width=20) (actual time=523.442..523.442 rows=0 loops=1)
   ->  Sort  (cost=116027.84..118527.84 rows=1000000 width=20) (actual time=430.089..501.577 rows=1000000 loops=1)
         Sort Key: s_1.a, s_1.b
         Sort Method: external merge  Disk: 29360kB
         ->  Seq Scan on s_1  (cost=0.00..16370.00 rows=1000000 width=20) (actual time=0.007..55.421 rows=1000000 loops=1)
 Planning time: 0.265 ms
 Execution time: 526.865 ms
(7 rows)

===== 206 [Wed Mar  7 02:51:48 CET 2018] scale:1000000 groups:100 work_mem:64MB incremental:off max_workers:2 =====
SELECT * FROM s_2 ORDER BY a, b, c
                                                        QUERY PLAN                                                         
---------------------------------------------------------------------------------------------------------------------------
 Limit  (cost=128527.84..128527.84 rows=1 width=20) (actual time=642.184..642.184 rows=0 loops=1)
   ->  Sort  (cost=116027.84..118527.84 rows=1000000 width=20) (actual time=549.447..620.254 rows=1000000 loops=1)
         Sort Key: s_2.a, s_2.b, s_2.c
         Sort Method: external merge  Disk: 29360kB
         ->  Seq Scan on s_2  (cost=0.00..16370.00 rows=1000000 width=20) (actual time=0.004..55.310 rows=1000000 loops=1)
 Planning time: 0.286 ms
 Execution time: 645.605 ms
(7 rows)

===== 207 [Wed Mar  7 02:51:51 CET 2018] scale:1000000 groups:100 work_mem:64MB incremental:off max_workers:2 =====
SELECT * FROM s_3 ORDER BY a, b, c, d
                                                        QUERY PLAN                                                         
---------------------------------------------------------------------------------------------------------------------------
 Limit  (cost=128527.84..128527.84 rows=1 width=20) (actual time=622.970..622.970 rows=0 loops=1)
   ->  Sort  (cost=116027.84..118527.84 rows=1000000 width=20) (actual time=529.315..601.032 rows=1000000 loops=1)
         Sort Key: s_3.a, s_3.b, s_3.c, s_3.d
         Sort Method: external merge  Disk: 29360kB
         ->  Seq Scan on s_3  (cost=0.00..16370.00 rows=1000000 width=20) (actual time=0.010..55.810 rows=1000000 loops=1)
 Planning time: 0.278 ms
 Execution time: 626.393 ms
(7 rows)

===== 208 [Wed Mar  7 02:51:54 CET 2018] scale:1000000 groups:100 work_mem:64MB incremental:off max_workers:2 =====
SELECT * FROM s_4 ORDER BY a, b, c, d, e
                                                        QUERY PLAN                                                         
---------------------------------------------------------------------------------------------------------------------------
 Limit  (cost=128527.84..128527.84 rows=1 width=20) (actual time=521.300..521.300 rows=0 loops=1)
   ->  Sort  (cost=116027.84..118527.84 rows=1000000 width=20) (actual time=427.975..499.435 rows=1000000 loops=1)
         Sort Key: s_4.a, s_4.b, s_4.c, s_4.d, s_4.e
         Sort Method: external merge  Disk: 29360kB
         ->  Seq Scan on s_4  (cost=0.00..16370.00 rows=1000000 width=20) (actual time=0.013..55.795 rows=1000000 loops=1)
 Planning time: 0.272 ms
 Execution time: 524.724 ms
(7 rows)

===== 209 [Wed Mar  7 02:51:57 CET 2018] scale:1000000 groups:100 work_mem:128MB incremental:on max_workers:2 =====
SELECT * FROM s_1 ORDER BY a, b
                                                                  QUERY PLAN                                                                  
----------------------------------------------------------------------------------------------------------------------------------------------
 Limit  (cost=126222.23..126222.23 rows=1 width=20) (actual time=419.138..419.138 rows=0 loops=1)
   ->  Incremental Sort  (cost=977.85..116222.23 rows=1000000 width=20) (actual time=2.054..397.518 rows=1000000 loops=1)
         Sort Key: s_1.a, s_1.b
         Presorted Key: s_1.a
         Sort Method: quicksort  Memory: 1186kB
         Sort Groups: 101
         ->  Index Scan using s_1_a_idx on s_1  (cost=0.42..32353.42 rows=1000000 width=20) (actual time=0.018..122.761 rows=1000000 loops=1)
 Planning time: 0.293 ms
 Execution time: 419.176 ms
(9 rows)

===== 210 [Wed Mar  7 02:51:59 CET 2018] scale:1000000 groups:100 work_mem:128MB incremental:on max_workers:2 =====
SELECT * FROM s_2 ORDER BY a, b, c
                                                                   QUERY PLAN                                                                   
------------------------------------------------------------------------------------------------------------------------------------------------
 Limit  (cost=101492.49..101492.49 rows=1 width=20) (actual time=428.238..428.238 rows=0 loops=1)
   ->  Incremental Sort  (cost=7.66..91492.49 rows=1000000 width=20) (actual time=0.085..406.466 rows=1000000 loops=1)
         Sort Key: s_2.a, s_2.b, s_2.c
         Presorted Key: s_2.a, s_2.b
         Sort Method: quicksort  Memory: 35kB
         Sort Groups: 10196
         ->  Index Scan using s_2_a_b_idx on s_2  (cost=0.42..40712.74 rows=1000000 width=20) (actual time=0.013..115.304 rows=1000000 loops=1)
 Planning time: 0.293 ms
 Execution time: 428.259 ms
(9 rows)

===== 211 [Wed Mar  7 02:52:02 CET 2018] scale:1000000 groups:100 work_mem:128MB incremental:on max_workers:2 =====
SELECT * FROM s_3 ORDER BY a, b, c, d
                                                                    QUERY PLAN                                                                    
--------------------------------------------------------------------------------------------------------------------------------------------------
 Limit  (cost=91254.38..91254.38 rows=1 width=20) (actual time=368.467..368.467 rows=0 loops=1)
   ->  Incremental Sort  (cost=1.04..81254.38 rows=1000000 width=20) (actual time=0.069..346.738 rows=1000000 loops=1)
         Sort Key: s_3.a, s_3.b, s_3.c, s_3.d
         Presorted Key: s_3.a, s_3.b, s_3.c
         Sort Method: quicksort  Memory: 27kB
         Sort Groups: 30782
         ->  Index Scan using s_3_a_b_c_idx on s_3  (cost=0.42..45144.74 rows=1000000 width=20) (actual time=0.017..118.676 rows=1000000 loops=1)
 Planning time: 0.288 ms
 Execution time: 368.489 ms
(9 rows)

===== 212 [Wed Mar  7 02:52:04 CET 2018] scale:1000000 groups:100 work_mem:128MB incremental:on max_workers:2 =====
SELECT * FROM s_4 ORDER BY a, b, c, d, e
                                                                     QUERY PLAN                                                                     
----------------------------------------------------------------------------------------------------------------------------------------------------
 Limit  (cost=91254.38..91254.38 rows=1 width=20) (actual time=281.239..281.239 rows=0 loops=1)
   ->  Incremental Sort  (cost=1.04..81254.38 rows=1000000 width=20) (actual time=0.072..259.248 rows=1000000 loops=1)
         Sort Key: s_4.a, s_4.b, s_4.c, s_4.d, s_4.e
         Presorted Key: s_4.a, s_4.b, s_4.c, s_4.d
         Sort Method: quicksort  Memory: 27kB
         Sort Groups: 31246
         ->  Index Scan using s_4_a_b_c_d_idx on s_4  (cost=0.42..45144.74 rows=1000000 width=20) (actual time=0.022..117.367 rows=1000000 loops=1)
 Planning time: 0.283 ms
 Execution time: 281.262 ms
(9 rows)

===== 213 [Wed Mar  7 02:52:05 CET 2018] scale:1000000 groups:100 work_mem:128MB incremental:off max_workers:2 =====
SELECT * FROM s_1 ORDER BY a, b
                                                        QUERY PLAN                                                         
---------------------------------------------------------------------------------------------------------------------------
 Limit  (cost=128527.84..128527.84 rows=1 width=20) (actual time=446.574..446.574 rows=0 loops=1)
   ->  Sort  (cost=116027.84..118527.84 rows=1000000 width=20) (actual time=330.345..424.885 rows=1000000 loops=1)
         Sort Key: s_1.a, s_1.b
         Sort Method: quicksort  Memory: 102702kB
         ->  Seq Scan on s_1  (cost=0.00..16370.00 rows=1000000 width=20) (actual time=0.007..55.714 rows=1000000 loops=1)
 Planning time: 0.268 ms
 Execution time: 450.625 ms
(7 rows)

===== 214 [Wed Mar  7 02:52:07 CET 2018] scale:1000000 groups:100 work_mem:128MB incremental:off max_workers:2 =====
SELECT * FROM s_2 ORDER BY a, b, c
                                                        QUERY PLAN                                                         
---------------------------------------------------------------------------------------------------------------------------
 Limit  (cost=128527.84..128527.84 rows=1 width=20) (actual time=554.800..554.800 rows=0 loops=1)
   ->  Sort  (cost=116027.84..118527.84 rows=1000000 width=20) (actual time=476.763..533.092 rows=1000000 loops=1)
         Sort Key: s_2.a, s_2.b, s_2.c
         Sort Method: quicksort  Memory: 102702kB
         ->  Seq Scan on s_2  (cost=0.00..16370.00 rows=1000000 width=20) (actual time=0.004..55.470 rows=1000000 loops=1)
 Planning time: 0.284 ms
 Execution time: 558.858 ms
(7 rows)

===== 215 [Wed Mar  7 02:52:10 CET 2018] scale:1000000 groups:100 work_mem:128MB incremental:off max_workers:2 =====
SELECT * FROM s_3 ORDER BY a, b, c, d
                                                        QUERY PLAN                                                         
---------------------------------------------------------------------------------------------------------------------------
 Limit  (cost=128527.84..128527.84 rows=1 width=20) (actual time=524.267..524.267 rows=0 loops=1)
   ->  Sort  (cost=116027.84..118527.84 rows=1000000 width=20) (actual time=467.723..502.512 rows=1000000 loops=1)
         Sort Key: s_3.a, s_3.b, s_3.c, s_3.d
         Sort Method: quicksort  Memory: 102702kB
         ->  Seq Scan on s_3  (cost=0.00..16370.00 rows=1000000 width=20) (actual time=0.010..56.022 rows=1000000 loops=1)
 Planning time: 0.280 ms
 Execution time: 528.325 ms
(7 rows)

===== 216 [Wed Mar  7 02:52:13 CET 2018] scale:1000000 groups:100 work_mem:128MB incremental:off max_workers:2 =====
SELECT * FROM s_4 ORDER BY a, b, c, d, e
                                                        QUERY PLAN                                                         
---------------------------------------------------------------------------------------------------------------------------
 Limit  (cost=128527.84..128527.84 rows=1 width=20) (actual time=426.525..426.525 rows=0 loops=1)
   ->  Sort  (cost=116027.84..118527.84 rows=1000000 width=20) (actual time=371.329..404.646 rows=1000000 loops=1)
         Sort Key: s_4.a, s_4.b, s_4.c, s_4.d, s_4.e
         Sort Method: quicksort  Memory: 102702kB
         ->  Seq Scan on s_4  (cost=0.00..16370.00 rows=1000000 width=20) (actual time=0.013..56.005 rows=1000000 loops=1)
 Planning time: 0.276 ms
 Execution time: 430.577 ms
(7 rows)

===== 217 [Wed Mar  7 02:52:15 CET 2018] scale:1000000 groups:100 work_mem:256MB incremental:on max_workers:2 =====
SELECT * FROM s_1 ORDER BY a, b
                                                                  QUERY PLAN                                                                  
----------------------------------------------------------------------------------------------------------------------------------------------
 Limit  (cost=126222.23..126222.23 rows=1 width=20) (actual time=419.237..419.237 rows=0 loops=1)
   ->  Incremental Sort  (cost=977.85..116222.23 rows=1000000 width=20) (actual time=2.055..397.612 rows=1000000 loops=1)
         Sort Key: s_1.a, s_1.b
         Presorted Key: s_1.a
         Sort Method: quicksort  Memory: 1186kB
         Sort Groups: 101
         ->  Index Scan using s_1_a_idx on s_1  (cost=0.42..32353.42 rows=1000000 width=20) (actual time=0.018..122.758 rows=1000000 loops=1)
 Planning time: 0.273 ms
 Execution time: 419.276 ms
(9 rows)

===== 218 [Wed Mar  7 02:52:17 CET 2018] scale:1000000 groups:100 work_mem:256MB incremental:on max_workers:2 =====
SELECT * FROM s_2 ORDER BY a, b, c
                                                                   QUERY PLAN                                                                   
------------------------------------------------------------------------------------------------------------------------------------------------
 Limit  (cost=101492.49..101492.49 rows=1 width=20) (actual time=428.252..428.252 rows=0 loops=1)
   ->  Incremental Sort  (cost=7.66..91492.49 rows=1000000 width=20) (actual time=0.091..406.485 rows=1000000 loops=1)
         Sort Key: s_2.a, s_2.b, s_2.c
         Presorted Key: s_2.a, s_2.b
         Sort Method: quicksort  Memory: 35kB
         Sort Groups: 10196
         ->  Index Scan using s_2_a_b_idx on s_2  (cost=0.42..40712.74 rows=1000000 width=20) (actual time=0.013..115.376 rows=1000000 loops=1)
 Planning time: 0.294 ms
 Execution time: 428.274 ms
(9 rows)

===== 219 [Wed Mar  7 02:52:20 CET 2018] scale:1000000 groups:100 work_mem:256MB incremental:on max_workers:2 =====
SELECT * FROM s_3 ORDER BY a, b, c, d
                                                                    QUERY PLAN                                                                    
--------------------------------------------------------------------------------------------------------------------------------------------------
 Limit  (cost=91254.38..91254.38 rows=1 width=20) (actual time=368.477..368.477 rows=0 loops=1)
   ->  Incremental Sort  (cost=1.04..81254.38 rows=1000000 width=20) (actual time=0.069..346.751 rows=1000000 loops=1)
         Sort Key: s_3.a, s_3.b, s_3.c, s_3.d
         Presorted Key: s_3.a, s_3.b, s_3.c
         Sort Method: quicksort  Memory: 27kB
         Sort Groups: 30782
         ->  Index Scan using s_3_a_b_c_idx on s_3  (cost=0.42..45144.74 rows=1000000 width=20) (actual time=0.017..118.742 rows=1000000 loops=1)
 Planning time: 0.296 ms
 Execution time: 368.499 ms
(9 rows)

===== 220 [Wed Mar  7 02:52:22 CET 2018] scale:1000000 groups:100 work_mem:256MB incremental:on max_workers:2 =====
SELECT * FROM s_4 ORDER BY a, b, c, d, e
                                                                     QUERY PLAN                                                                     
----------------------------------------------------------------------------------------------------------------------------------------------------
 Limit  (cost=91254.38..91254.38 rows=1 width=20) (actual time=281.418..281.418 rows=0 loops=1)
   ->  Incremental Sort  (cost=1.04..81254.38 rows=1000000 width=20) (actual time=0.070..259.414 rows=1000000 loops=1)
         Sort Key: s_4.a, s_4.b, s_4.c, s_4.d, s_4.e
         Presorted Key: s_4.a, s_4.b, s_4.c, s_4.d
         Sort Method: quicksort  Memory: 27kB
         Sort Groups: 31246
         ->  Index Scan using s_4_a_b_c_d_idx on s_4  (cost=0.42..45144.74 rows=1000000 width=20) (actual time=0.021..117.495 rows=1000000 loops=1)
 Planning time: 0.282 ms
 Execution time: 281.438 ms
(9 rows)

===== 221 [Wed Mar  7 02:52:23 CET 2018] scale:1000000 groups:100 work_mem:256MB incremental:off max_workers:2 =====
SELECT * FROM s_1 ORDER BY a, b
                                                        QUERY PLAN                                                         
---------------------------------------------------------------------------------------------------------------------------
 Limit  (cost=128527.84..128527.84 rows=1 width=20) (actual time=446.411..446.411 rows=0 loops=1)
   ->  Sort  (cost=116027.84..118527.84 rows=1000000 width=20) (actual time=330.140..424.717 rows=1000000 loops=1)
         Sort Key: s_1.a, s_1.b
         Sort Method: quicksort  Memory: 102702kB
         ->  Seq Scan on s_1  (cost=0.00..16370.00 rows=1000000 width=20) (actual time=0.007..55.670 rows=1000000 loops=1)
 Planning time: 0.283 ms
 Execution time: 450.463 ms
(7 rows)

===== 222 [Wed Mar  7 02:52:25 CET 2018] scale:1000000 groups:100 work_mem:256MB incremental:off max_workers:2 =====
SELECT * FROM s_2 ORDER BY a, b, c
                                                        QUERY PLAN                                                         
---------------------------------------------------------------------------------------------------------------------------
 Limit  (cost=128527.84..128527.84 rows=1 width=20) (actual time=554.726..554.726 rows=0 loops=1)
   ->  Sort  (cost=116027.84..118527.84 rows=1000000 width=20) (actual time=476.693..533.036 rows=1000000 loops=1)
         Sort Key: s_2.a, s_2.b, s_2.c
         Sort Method: quicksort  Memory: 102702kB
         ->  Seq Scan on s_2  (cost=0.00..16370.00 rows=1000000 width=20) (actual time=0.004..55.517 rows=1000000 loops=1)
 Planning time: 0.283 ms
 Execution time: 558.778 ms
(7 rows)

===== 223 [Wed Mar  7 02:52:28 CET 2018] scale:1000000 groups:100 work_mem:256MB incremental:off max_workers:2 =====
SELECT * FROM s_3 ORDER BY a, b, c, d
                                                        QUERY PLAN                                                         
---------------------------------------------------------------------------------------------------------------------------
 Limit  (cost=128527.84..128527.84 rows=1 width=20) (actual time=524.152..524.152 rows=0 loops=1)
   ->  Sort  (cost=116027.84..118527.84 rows=1000000 width=20) (actual time=467.555..502.402 rows=1000000 loops=1)
         Sort Key: s_3.a, s_3.b, s_3.c, s_3.d
         Sort Method: quicksort  Memory: 102702kB
         ->  Seq Scan on s_3  (cost=0.00..16370.00 rows=1000000 width=20) (actual time=0.009..55.977 rows=1000000 loops=1)
 Planning time: 0.273 ms
 Execution time: 528.203 ms
(7 rows)

===== 224 [Wed Mar  7 02:52:31 CET 2018] scale:1000000 groups:100 work_mem:256MB incremental:off max_workers:2 =====
SELECT * FROM s_4 ORDER BY a, b, c, d, e
                                                        QUERY PLAN                                                         
---------------------------------------------------------------------------------------------------------------------------
 Limit  (cost=128527.84..128527.84 rows=1 width=20) (actual time=426.561..426.561 rows=0 loops=1)
   ->  Sort  (cost=116027.84..118527.84 rows=1000000 width=20) (actual time=371.364..404.684 rows=1000000 loops=1)
         Sort Key: s_4.a, s_4.b, s_4.c, s_4.d, s_4.e
         Sort Method: quicksort  Memory: 102702kB
         ->  Seq Scan on s_4  (cost=0.00..16370.00 rows=1000000 width=20) (actual time=0.013..56.021 rows=1000000 loops=1)
 Planning time: 0.270 ms
 Execution time: 430.630 ms
(7 rows)

===== 225 [Wed Mar  7 02:52:42 CET 2018] scale:1000000 groups:1000 work_mem:4MB incremental:on max_workers:0 =====
SELECT * FROM s_1 ORDER BY a, b
                                                                  QUERY PLAN                                                                  
----------------------------------------------------------------------------------------------------------------------------------------------
 Limit  (cost=109695.16..109695.16 rows=1 width=20) (actual time=467.612..467.612 rows=0 loops=1)
   ->  Incremental Sort  (cost=82.52..99695.16 rows=1000000 width=20) (actual time=0.315..445.857 rows=1000000 loops=1)
         Sort Key: s_1.a, s_1.b
         Presorted Key: s_1.a
         Sort Method: quicksort  Memory: 136kB
         Sort Groups: 1001
         ->  Index Scan using s_1_a_idx on s_1  (cost=0.42..32353.42 rows=1000000 width=20) (actual time=0.033..129.413 rows=1000000 loops=1)
 Planning time: 0.295 ms
 Execution time: 467.659 ms
(9 rows)

===== 226 [Wed Mar  7 02:52:44 CET 2018] scale:1000000 groups:1000 work_mem:4MB incremental:on max_workers:0 =====
SELECT * FROM s_2 ORDER BY a, b, c
                                                                   QUERY PLAN                                                                   
------------------------------------------------------------------------------------------------------------------------------------------------
 Limit  (cost=86822.38..86822.38 rows=1 width=20) (actual time=343.866..343.866 rows=0 loops=1)
   ->  Incremental Sort  (cost=1.00..76822.38 rows=1000000 width=20) (actual time=0.081..322.000 rows=1000000 loops=1)
         Sort Key: s_2.a, s_2.b, s_2.c
         Presorted Key: s_2.a, s_2.b
         Sort Method: quicksort  Memory: 27kB
         Sort Groups: 30777
         ->  Index Scan using s_2_a_b_idx on s_2  (cost=0.42..40712.74 rows=1000000 width=20) (actual time=0.029..127.246 rows=1000000 loops=1)
 Planning time: 0.301 ms
 Execution time: 343.887 ms
(9 rows)

===== 227 [Wed Mar  7 02:52:46 CET 2018] scale:1000000 groups:1000 work_mem:4MB incremental:on max_workers:0 =====
SELECT * FROM s_3 ORDER BY a, b, c, d
                                                                    QUERY PLAN                                                                    
--------------------------------------------------------------------------------------------------------------------------------------------------
 Limit  (cost=91254.38..91254.38 rows=1 width=20) (actual time=288.158..288.158 rows=0 loops=1)
   ->  Incremental Sort  (cost=1.04..81254.38 rows=1000000 width=20) (actual time=0.082..266.286 rows=1000000 loops=1)
         Sort Key: s_3.a, s_3.b, s_3.c, s_3.d
         Presorted Key: s_3.a, s_3.b, s_3.c
         Sort Method: quicksort  Memory: 27kB
         Sort Groups: 31250
         ->  Index Scan using s_3_a_b_c_idx on s_3  (cost=0.42..45144.74 rows=1000000 width=20) (actual time=0.030..134.352 rows=1000000 loops=1)
 Planning time: 0.297 ms
 Execution time: 288.179 ms
(9 rows)

===== 228 [Wed Mar  7 02:52:47 CET 2018] scale:1000000 groups:1000 work_mem:4MB incremental:on max_workers:0 =====
SELECT * FROM s_4 ORDER BY a, b, c, d, e
                                                                     QUERY PLAN                                                                     
----------------------------------------------------------------------------------------------------------------------------------------------------
 Limit  (cost=91254.38..91254.38 rows=1 width=20) (actual time=285.876..285.876 rows=0 loops=1)
   ->  Incremental Sort  (cost=1.04..81254.38 rows=1000000 width=20) (actual time=0.093..263.785 rows=1000000 loops=1)
         Sort Key: s_4.a, s_4.b, s_4.c, s_4.d, s_4.e
         Presorted Key: s_4.a, s_4.b, s_4.c, s_4.d
         Sort Method: quicksort  Memory: 27kB
         Sort Groups: 31250
         ->  Index Scan using s_4_a_b_c_d_idx on s_4  (cost=0.42..45144.74 rows=1000000 width=20) (actual time=0.040..133.811 rows=1000000 loops=1)
 Planning time: 0.290 ms
 Execution time: 285.898 ms
(9 rows)

===== 229 [Wed Mar  7 02:52:48 CET 2018] scale:1000000 groups:1000 work_mem:4MB incremental:off max_workers:0 =====
SELECT * FROM s_1 ORDER BY a, b
                                                        QUERY PLAN                                                         
---------------------------------------------------------------------------------------------------------------------------
 Limit  (cost=149037.84..149037.84 rows=1 width=20) (actual time=546.314..546.314 rows=0 loops=1)
   ->  Sort  (cost=136537.84..139037.84 rows=1000000 width=20) (actual time=441.582..524.395 rows=1000000 loops=1)
         Sort Key: s_1.a, s_1.b
         Sort Method: external merge  Disk: 29360kB
         ->  Seq Scan on s_1  (cost=0.00..16370.00 rows=1000000 width=20) (actual time=0.010..51.494 rows=1000000 loops=1)
 Planning time: 0.272 ms
 Execution time: 549.953 ms
(7 rows)

===== 230 [Wed Mar  7 02:52:51 CET 2018] scale:1000000 groups:1000 work_mem:4MB incremental:off max_workers:0 =====
SELECT * FROM s_2 ORDER BY a, b, c
                                                        QUERY PLAN                                                         
---------------------------------------------------------------------------------------------------------------------------
 Limit  (cost=149037.84..149037.84 rows=1 width=20) (actual time=516.730..516.730 rows=0 loops=1)
   ->  Sort  (cost=136537.84..139037.84 rows=1000000 width=20) (actual time=412.503..494.789 rows=1000000 loops=1)
         Sort Key: s_2.a, s_2.b, s_2.c
         Sort Method: external merge  Disk: 29360kB
         ->  Seq Scan on s_2  (cost=0.00..16370.00 rows=1000000 width=20) (actual time=0.004..51.585 rows=1000000 loops=1)
 Planning time: 0.286 ms
 Execution time: 520.380 ms
(7 rows)

===== 231 [Wed Mar  7 02:52:54 CET 2018] scale:1000000 groups:1000 work_mem:4MB incremental:off max_workers:0 =====
SELECT * FROM s_3 ORDER BY a, b, c, d
                                                        QUERY PLAN                                                         
---------------------------------------------------------------------------------------------------------------------------
 Limit  (cost=149037.84..149037.84 rows=1 width=20) (actual time=405.436..405.436 rows=0 loops=1)
   ->  Sort  (cost=136537.84..139037.84 rows=1000000 width=20) (actual time=300.783..383.551 rows=1000000 loops=1)
         Sort Key: s_3.a, s_3.b, s_3.c, s_3.d
         Sort Method: external merge  Disk: 29360kB
         ->  Seq Scan on s_3  (cost=0.00..16370.00 rows=1000000 width=20) (actual time=0.007..51.872 rows=1000000 loops=1)
 Planning time: 0.279 ms
 Execution time: 409.099 ms
(7 rows)

===== 232 [Wed Mar  7 02:52:56 CET 2018] scale:1000000 groups:1000 work_mem:4MB incremental:off max_workers:0 =====
SELECT * FROM s_4 ORDER BY a, b, c, d, e
                                                        QUERY PLAN                                                         
---------------------------------------------------------------------------------------------------------------------------
 Limit  (cost=149037.84..149037.84 rows=1 width=20) (actual time=338.014..338.014 rows=0 loops=1)
   ->  Sort  (cost=136537.84..139037.84 rows=1000000 width=20) (actual time=233.278..316.136 rows=1000000 loops=1)
         Sort Key: s_4.a, s_4.b, s_4.c, s_4.d, s_4.e
         Sort Method: external merge  Disk: 29360kB
         ->  Seq Scan on s_4  (cost=0.00..16370.00 rows=1000000 width=20) (actual time=0.013..51.904 rows=1000000 loops=1)
 Planning time: 0.277 ms
 Execution time: 341.663 ms
(7 rows)

===== 233 [Wed Mar  7 02:52:58 CET 2018] scale:1000000 groups:1000 work_mem:8MB incremental:on max_workers:0 =====
SELECT * FROM s_1 ORDER BY a, b
                                                                  QUERY PLAN                                                                  
----------------------------------------------------------------------------------------------------------------------------------------------
 Limit  (cost=109695.16..109695.16 rows=1 width=20) (actual time=453.860..453.860 rows=0 loops=1)
   ->  Incremental Sort  (cost=82.52..99695.16 rows=1000000 width=20) (actual time=0.294..432.106 rows=1000000 loops=1)
         Sort Key: s_1.a, s_1.b
         Presorted Key: s_1.a
         Sort Method: quicksort  Memory: 136kB
         Sort Groups: 1001
         ->  Index Scan using s_1_a_idx on s_1  (cost=0.42..32353.42 rows=1000000 width=20) (actual time=0.015..117.486 rows=1000000 loops=1)
 Planning time: 0.274 ms
 Execution time: 453.901 ms
(9 rows)

===== 234 [Wed Mar  7 02:53:00 CET 2018] scale:1000000 groups:1000 work_mem:8MB incremental:on max_workers:0 =====
SELECT * FROM s_2 ORDER BY a, b, c
                                                                   QUERY PLAN                                                                   
------------------------------------------------------------------------------------------------------------------------------------------------
 Limit  (cost=86822.38..86822.38 rows=1 width=20) (actual time=330.686..330.686 rows=0 loops=1)
   ->  Incremental Sort  (cost=1.00..76822.38 rows=1000000 width=20) (actual time=0.076..308.861 rows=1000000 loops=1)
         Sort Key: s_2.a, s_2.b, s_2.c
         Presorted Key: s_2.a, s_2.b
         Sort Method: quicksort  Memory: 27kB
         Sort Groups: 30777
         ->  Index Scan using s_2_a_b_idx on s_2  (cost=0.42..40712.74 rows=1000000 width=20) (actual time=0.012..115.506 rows=1000000 loops=1)
 Planning time: 0.296 ms
 Execution time: 330.707 ms
(9 rows)

===== 235 [Wed Mar  7 02:53:02 CET 2018] scale:1000000 groups:1000 work_mem:8MB incremental:on max_workers:0 =====
SELECT * FROM s_3 ORDER BY a, b, c, d
                                                                    QUERY PLAN                                                                    
--------------------------------------------------------------------------------------------------------------------------------------------------
 Limit  (cost=91254.38..91254.38 rows=1 width=20) (actual time=270.331..270.331 rows=0 loops=1)
   ->  Incremental Sort  (cost=1.04..81254.38 rows=1000000 width=20) (actual time=0.063..248.554 rows=1000000 loops=1)
         Sort Key: s_3.a, s_3.b, s_3.c, s_3.d
         Presorted Key: s_3.a, s_3.b, s_3.c
         Sort Method: quicksort  Memory: 27kB
         Sort Groups: 31250
         ->  Index Scan using s_3_a_b_c_idx on s_3  (cost=0.42..45144.74 rows=1000000 width=20) (actual time=0.012..118.575 rows=1000000 loops=1)
 Planning time: 0.294 ms
 Execution time: 270.353 ms
(9 rows)

===== 236 [Wed Mar  7 02:53:03 CET 2018] scale:1000000 groups:1000 work_mem:8MB incremental:on max_workers:0 =====
SELECT * FROM s_4 ORDER BY a, b, c, d, e
                                                                     QUERY PLAN                                                                     
----------------------------------------------------------------------------------------------------------------------------------------------------
 Limit  (cost=91254.38..91254.38 rows=1 width=20) (actual time=268.519..268.519 rows=0 loops=1)
   ->  Incremental Sort  (cost=1.04..81254.38 rows=1000000 width=20) (actual time=0.077..246.491 rows=1000000 loops=1)
         Sort Key: s_4.a, s_4.b, s_4.c, s_4.d, s_4.e
         Presorted Key: s_4.a, s_4.b, s_4.c, s_4.d
         Sort Method: quicksort  Memory: 27kB
         Sort Groups: 31250
         ->  Index Scan using s_4_a_b_c_d_idx on s_4  (cost=0.42..45144.74 rows=1000000 width=20) (actual time=0.023..118.366 rows=1000000 loops=1)
 Planning time: 0.293 ms
 Execution time: 268.540 ms
(9 rows)

===== 237 [Wed Mar  7 02:53:04 CET 2018] scale:1000000 groups:1000 work_mem:8MB incremental:off max_workers:0 =====
SELECT * FROM s_1 ORDER BY a, b
                                                        QUERY PLAN                                                         
---------------------------------------------------------------------------------------------------------------------------
 Limit  (cost=149037.84..149037.84 rows=1 width=20) (actual time=535.124..535.124 rows=0 loops=1)
   ->  Sort  (cost=136537.84..139037.84 rows=1000000 width=20) (actual time=432.684..513.330 rows=1000000 loops=1)
         Sort Key: s_1.a, s_1.b
         Sort Method: external merge  Disk: 29360kB
         ->  Seq Scan on s_1  (cost=0.00..16370.00 rows=1000000 width=20) (actual time=0.009..51.770 rows=1000000 loops=1)
 Planning time: 0.275 ms
 Execution time: 538.925 ms
(7 rows)

===== 238 [Wed Mar  7 02:53:07 CET 2018] scale:1000000 groups:1000 work_mem:8MB incremental:off max_workers:0 =====
SELECT * FROM s_2 ORDER BY a, b, c
                                                        QUERY PLAN                                                         
---------------------------------------------------------------------------------------------------------------------------
 Limit  (cost=149037.84..149037.84 rows=1 width=20) (actual time=493.549..493.549 rows=0 loops=1)
   ->  Sort  (cost=136537.84..139037.84 rows=1000000 width=20) (actual time=391.494..471.741 rows=1000000 loops=1)
         Sort Key: s_2.a, s_2.b, s_2.c
         Sort Method: external merge  Disk: 29360kB
         ->  Seq Scan on s_2  (cost=0.00..16370.00 rows=1000000 width=20) (actual time=0.004..51.839 rows=1000000 loops=1)
 Planning time: 0.276 ms
 Execution time: 497.351 ms
(7 rows)

===== 239 [Wed Mar  7 02:53:10 CET 2018] scale:1000000 groups:1000 work_mem:8MB incremental:off max_workers:0 =====
SELECT * FROM s_3 ORDER BY a, b, c, d
                                                        QUERY PLAN                                                         
---------------------------------------------------------------------------------------------------------------------------
 Limit  (cost=149037.84..149037.84 rows=1 width=20) (actual time=384.531..384.531 rows=0 loops=1)
   ->  Sort  (cost=136537.84..139037.84 rows=1000000 width=20) (actual time=282.250..362.752 rows=1000000 loops=1)
         Sort Key: s_3.a, s_3.b, s_3.c, s_3.d
         Sort Method: external merge  Disk: 29360kB
         ->  Seq Scan on s_3  (cost=0.00..16370.00 rows=1000000 width=20) (actual time=0.007..52.203 rows=1000000 loops=1)
 Planning time: 0.285 ms
 Execution time: 388.321 ms
(7 rows)

===== 240 [Wed Mar  7 02:53:12 CET 2018] scale:1000000 groups:1000 work_mem:8MB incremental:off max_workers:0 =====
SELECT * FROM s_4 ORDER BY a, b, c, d, e
                                                        QUERY PLAN                                                         
---------------------------------------------------------------------------------------------------------------------------
 Limit  (cost=149037.84..149037.84 rows=1 width=20) (actual time=307.669..307.669 rows=0 loops=1)
   ->  Sort  (cost=136537.84..139037.84 rows=1000000 width=20) (actual time=205.634..285.916 rows=1000000 loops=1)
         Sort Key: s_4.a, s_4.b, s_4.c, s_4.d, s_4.e
         Sort Method: external merge  Disk: 29360kB
         ->  Seq Scan on s_4  (cost=0.00..16370.00 rows=1000000 width=20) (actual time=0.023..52.245 rows=1000000 loops=1)
 Planning time: 0.278 ms
 Execution time: 311.478 ms
(7 rows)

===== 241 [Wed Mar  7 02:53:13 CET 2018] scale:1000000 groups:1000 work_mem:16MB incremental:on max_workers:0 =====
SELECT * FROM s_1 ORDER BY a, b
                                                                  QUERY PLAN                                                                  
----------------------------------------------------------------------------------------------------------------------------------------------
 Limit  (cost=109695.16..109695.16 rows=1 width=20) (actual time=454.197..454.197 rows=0 loops=1)
   ->  Incremental Sort  (cost=82.52..99695.16 rows=1000000 width=20) (actual time=0.297..432.418 rows=1000000 loops=1)
         Sort Key: s_1.a, s_1.b
         Presorted Key: s_1.a
         Sort Method: quicksort  Memory: 136kB
         Sort Groups: 1001
         ->  Index Scan using s_1_a_idx on s_1  (cost=0.42..32353.42 rows=1000000 width=20) (actual time=0.015..117.594 rows=1000000 loops=1)
 Planning time: 0.274 ms
 Execution time: 454.235 ms
(9 rows)

===== 242 [Wed Mar  7 02:53:16 CET 2018] scale:1000000 groups:1000 work_mem:16MB incremental:on max_workers:0 =====
SELECT * FROM s_2 ORDER BY a, b, c
                                                                   QUERY PLAN                                                                   
------------------------------------------------------------------------------------------------------------------------------------------------
 Limit  (cost=86822.38..86822.38 rows=1 width=20) (actual time=330.623..330.623 rows=0 loops=1)
   ->  Incremental Sort  (cost=1.00..76822.38 rows=1000000 width=20) (actual time=0.064..308.783 rows=1000000 loops=1)
         Sort Key: s_2.a, s_2.b, s_2.c
         Presorted Key: s_2.a, s_2.b
         Sort Method: quicksort  Memory: 27kB
         Sort Groups: 30777
         ->  Index Scan using s_2_a_b_idx on s_2  (cost=0.42..40712.74 rows=1000000 width=20) (actual time=0.012..115.408 rows=1000000 loops=1)
 Planning time: 0.301 ms
 Execution time: 330.644 ms
(9 rows)

===== 243 [Wed Mar  7 02:53:17 CET 2018] scale:1000000 groups:1000 work_mem:16MB incremental:on max_workers:0 =====
SELECT * FROM s_3 ORDER BY a, b, c, d
                                                                    QUERY PLAN                                                                    
--------------------------------------------------------------------------------------------------------------------------------------------------
 Limit  (cost=91254.38..91254.38 rows=1 width=20) (actual time=270.368..270.368 rows=0 loops=1)
   ->  Incremental Sort  (cost=1.04..81254.38 rows=1000000 width=20) (actual time=0.064..248.568 rows=1000000 loops=1)
         Sort Key: s_3.a, s_3.b, s_3.c, s_3.d
         Presorted Key: s_3.a, s_3.b, s_3.c
         Sort Method: quicksort  Memory: 27kB
         Sort Groups: 31250
         ->  Index Scan using s_3_a_b_c_idx on s_3  (cost=0.42..45144.74 rows=1000000 width=20) (actual time=0.012..118.602 rows=1000000 loops=1)
 Planning time: 0.299 ms
 Execution time: 270.390 ms
(9 rows)

===== 244 [Wed Mar  7 02:53:19 CET 2018] scale:1000000 groups:1000 work_mem:16MB incremental:on max_workers:0 =====
SELECT * FROM s_4 ORDER BY a, b, c, d, e
                                                                     QUERY PLAN                                                                     
----------------------------------------------------------------------------------------------------------------------------------------------------
 Limit  (cost=91254.38..91254.38 rows=1 width=20) (actual time=268.541..268.541 rows=0 loops=1)
   ->  Incremental Sort  (cost=1.04..81254.38 rows=1000000 width=20) (actual time=0.077..246.511 rows=1000000 loops=1)
         Sort Key: s_4.a, s_4.b, s_4.c, s_4.d, s_4.e
         Presorted Key: s_4.a, s_4.b, s_4.c, s_4.d
         Sort Method: quicksort  Memory: 27kB
         Sort Groups: 31250
         ->  Index Scan using s_4_a_b_c_d_idx on s_4  (cost=0.42..45144.74 rows=1000000 width=20) (actual time=0.024..118.424 rows=1000000 loops=1)
 Planning time: 0.296 ms
 Execution time: 268.563 ms
(9 rows)

===== 245 [Wed Mar  7 02:53:20 CET 2018] scale:1000000 groups:1000 work_mem:16MB incremental:off max_workers:0 =====
SELECT * FROM s_1 ORDER BY a, b
                                                        QUERY PLAN                                                         
---------------------------------------------------------------------------------------------------------------------------
 Limit  (cost=149037.84..149037.84 rows=1 width=20) (actual time=553.453..553.453 rows=0 loops=1)
   ->  Sort  (cost=136537.84..139037.84 rows=1000000 width=20) (actual time=452.840..531.677 rows=1000000 loops=1)
         Sort Key: s_1.a, s_1.b
         Sort Method: external merge  Disk: 29392kB
         ->  Seq Scan on s_1  (cost=0.00..16370.00 rows=1000000 width=20) (actual time=0.010..52.396 rows=1000000 loops=1)
 Planning time: 0.262 ms
 Execution time: 557.622 ms
(7 rows)

===== 246 [Wed Mar  7 02:53:23 CET 2018] scale:1000000 groups:1000 work_mem:16MB incremental:off max_workers:0 =====
SELECT * FROM s_2 ORDER BY a, b, c
                                                        QUERY PLAN                                                         
---------------------------------------------------------------------------------------------------------------------------
 Limit  (cost=149037.84..149037.84 rows=1 width=20) (actual time=506.170..506.170 rows=0 loops=1)
   ->  Sort  (cost=136537.84..139037.84 rows=1000000 width=20) (actual time=405.783..484.376 rows=1000000 loops=1)
         Sort Key: s_2.a, s_2.b, s_2.c
         Sort Method: external merge  Disk: 29392kB
         ->  Seq Scan on s_2  (cost=0.00..16370.00 rows=1000000 width=20) (actual time=0.004..52.409 rows=1000000 loops=1)
 Planning time: 0.281 ms
 Execution time: 510.347 ms
(7 rows)

===== 247 [Wed Mar  7 02:53:25 CET 2018] scale:1000000 groups:1000 work_mem:16MB incremental:off max_workers:0 =====
SELECT * FROM s_3 ORDER BY a, b, c, d
                                                        QUERY PLAN                                                         
---------------------------------------------------------------------------------------------------------------------------
 Limit  (cost=149037.84..149037.84 rows=1 width=20) (actual time=395.484..395.484 rows=0 loops=1)
   ->  Sort  (cost=136537.84..139037.84 rows=1000000 width=20) (actual time=294.739..373.677 rows=1000000 loops=1)
         Sort Key: s_3.a, s_3.b, s_3.c, s_3.d
         Sort Method: external merge  Disk: 29392kB
         ->  Seq Scan on s_3  (cost=0.00..16370.00 rows=1000000 width=20) (actual time=0.007..52.809 rows=1000000 loops=1)
 Planning time: 0.286 ms
 Execution time: 399.642 ms
(7 rows)

===== 248 [Wed Mar  7 02:53:28 CET 2018] scale:1000000 groups:1000 work_mem:16MB incremental:off max_workers:0 =====
SELECT * FROM s_4 ORDER BY a, b, c, d, e
                                                        QUERY PLAN                                                         
---------------------------------------------------------------------------------------------------------------------------
 Limit  (cost=149037.84..149037.84 rows=1 width=20) (actual time=315.331..315.331 rows=0 loops=1)
   ->  Sort  (cost=136537.84..139037.84 rows=1000000 width=20) (actual time=214.982..293.593 rows=1000000 loops=1)
         Sort Key: s_4.a, s_4.b, s_4.c, s_4.d, s_4.e
         Sort Method: external merge  Disk: 29392kB
         ->  Seq Scan on s_4  (cost=0.00..16370.00 rows=1000000 width=20) (actual time=0.013..52.810 rows=1000000 loops=1)
 Planning time: 0.281 ms
 Execution time: 319.499 ms
(7 rows)

===== 249 [Wed Mar  7 02:53:29 CET 2018] scale:1000000 groups:1000 work_mem:32MB incremental:on max_workers:0 =====
SELECT * FROM s_1 ORDER BY a, b
                                                                  QUERY PLAN                                                                  
----------------------------------------------------------------------------------------------------------------------------------------------
 Limit  (cost=109695.16..109695.16 rows=1 width=20) (actual time=454.056..454.056 rows=0 loops=1)
   ->  Incremental Sort  (cost=82.52..99695.16 rows=1000000 width=20) (actual time=0.298..432.312 rows=1000000 loops=1)
         Sort Key: s_1.a, s_1.b
         Presorted Key: s_1.a
         Sort Method: quicksort  Memory: 136kB
         Sort Groups: 1001
         ->  Index Scan using s_1_a_idx on s_1  (cost=0.42..32353.42 rows=1000000 width=20) (actual time=0.015..117.477 rows=1000000 loops=1)
 Planning time: 0.276 ms
 Execution time: 454.097 ms
(9 rows)

===== 250 [Wed Mar  7 02:53:31 CET 2018] scale:1000000 groups:1000 work_mem:32MB incremental:on max_workers:0 =====
SELECT * FROM s_2 ORDER BY a, b, c
                                                                   QUERY PLAN                                                                   
------------------------------------------------------------------------------------------------------------------------------------------------
 Limit  (cost=86822.38..86822.38 rows=1 width=20) (actual time=330.653..330.653 rows=0 loops=1)
   ->  Incremental Sort  (cost=1.00..76822.38 rows=1000000 width=20) (actual time=0.063..308.806 rows=1000000 loops=1)
         Sort Key: s_2.a, s_2.b, s_2.c
         Presorted Key: s_2.a, s_2.b
         Sort Method: quicksort  Memory: 27kB
         Sort Groups: 30777
         ->  Index Scan using s_2_a_b_idx on s_2  (cost=0.42..40712.74 rows=1000000 width=20) (actual time=0.012..115.500 rows=1000000 loops=1)
 Planning time: 0.298 ms
 Execution time: 330.674 ms
(9 rows)

===== 251 [Wed Mar  7 02:53:33 CET 2018] scale:1000000 groups:1000 work_mem:32MB incremental:on max_workers:0 =====
SELECT * FROM s_3 ORDER BY a, b, c, d
                                                                    QUERY PLAN                                                                    
--------------------------------------------------------------------------------------------------------------------------------------------------
 Limit  (cost=91254.38..91254.38 rows=1 width=20) (actual time=270.267..270.267 rows=0 loops=1)
   ->  Incremental Sort  (cost=1.04..81254.38 rows=1000000 width=20) (actual time=0.070..248.457 rows=1000000 loops=1)
         Sort Key: s_3.a, s_3.b, s_3.c, s_3.d
         Presorted Key: s_3.a, s_3.b, s_3.c
         Sort Method: quicksort  Memory: 27kB
         Sort Groups: 31250
         ->  Index Scan using s_3_a_b_c_idx on s_3  (cost=0.42..45144.74 rows=1000000 width=20) (actual time=0.016..118.521 rows=1000000 loops=1)
 Planning time: 0.293 ms
 Execution time: 270.288 ms
(9 rows)

===== 252 [Wed Mar  7 02:53:34 CET 2018] scale:1000000 groups:1000 work_mem:32MB incremental:on max_workers:0 =====
SELECT * FROM s_4 ORDER BY a, b, c, d, e
                                                                     QUERY PLAN                                                                     
----------------------------------------------------------------------------------------------------------------------------------------------------
 Limit  (cost=91254.38..91254.38 rows=1 width=20) (actual time=268.455..268.455 rows=0 loops=1)
   ->  Incremental Sort  (cost=1.04..81254.38 rows=1000000 width=20) (actual time=0.077..246.436 rows=1000000 loops=1)
         Sort Key: s_4.a, s_4.b, s_4.c, s_4.d, s_4.e
         Presorted Key: s_4.a, s_4.b, s_4.c, s_4.d
         Sort Method: quicksort  Memory: 27kB
         Sort Groups: 31250
         ->  Index Scan using s_4_a_b_c_d_idx on s_4  (cost=0.42..45144.74 rows=1000000 width=20) (actual time=0.024..118.320 rows=1000000 loops=1)
 Planning time: 0.289 ms
 Execution time: 268.477 ms
(9 rows)

===== 253 [Wed Mar  7 02:53:36 CET 2018] scale:1000000 groups:1000 work_mem:32MB incremental:off max_workers:0 =====
SELECT * FROM s_1 ORDER BY a, b
                                                        QUERY PLAN                                                         
---------------------------------------------------------------------------------------------------------------------------
 Limit  (cost=149037.84..149037.84 rows=1 width=20) (actual time=571.958..571.958 rows=0 loops=1)
   ->  Sort  (cost=136537.84..139037.84 rows=1000000 width=20) (actual time=473.240..550.134 rows=1000000 loops=1)
         Sort Key: s_1.a, s_1.b
         Sort Method: external merge  Disk: 29360kB
         ->  Seq Scan on s_1  (cost=0.00..16370.00 rows=1000000 width=20) (actual time=0.010..53.494 rows=1000000 loops=1)
 Planning time: 0.263 ms
 Execution time: 576.434 ms
(7 rows)

===== 254 [Wed Mar  7 02:53:39 CET 2018] scale:1000000 groups:1000 work_mem:32MB incremental:off max_workers:0 =====
SELECT * FROM s_2 ORDER BY a, b, c
                                                        QUERY PLAN                                                         
---------------------------------------------------------------------------------------------------------------------------
 Limit  (cost=149037.84..149037.84 rows=1 width=20) (actual time=524.504..524.504 rows=0 loops=1)
   ->  Sort  (cost=136537.84..139037.84 rows=1000000 width=20) (actual time=426.551..502.691 rows=1000000 loops=1)
         Sort Key: s_2.a, s_2.b, s_2.c
         Sort Method: external merge  Disk: 29360kB
         ->  Seq Scan on s_2  (cost=0.00..16370.00 rows=1000000 width=20) (actual time=0.004..53.502 rows=1000000 loops=1)
 Planning time: 0.283 ms
 Execution time: 528.969 ms
(7 rows)

===== 255 [Wed Mar  7 02:53:42 CET 2018] scale:1000000 groups:1000 work_mem:32MB incremental:off max_workers:0 =====
SELECT * FROM s_3 ORDER BY a, b, c, d
                                                        QUERY PLAN                                                         
---------------------------------------------------------------------------------------------------------------------------
 Limit  (cost=149037.84..149037.84 rows=1 width=20) (actual time=413.027..413.027 rows=0 loops=1)
   ->  Sort  (cost=136537.84..139037.84 rows=1000000 width=20) (actual time=314.344..391.208 rows=1000000 loops=1)
         Sort Key: s_3.a, s_3.b, s_3.c, s_3.d
         Sort Method: external merge  Disk: 29360kB
         ->  Seq Scan on s_3  (cost=0.00..16370.00 rows=1000000 width=20) (actual time=0.007..54.065 rows=1000000 loops=1)
 Planning time: 0.291 ms
 Execution time: 417.470 ms
(7 rows)

===== 256 [Wed Mar  7 02:53:44 CET 2018] scale:1000000 groups:1000 work_mem:32MB incremental:off max_workers:0 =====
SELECT * FROM s_4 ORDER BY a, b, c, d, e
                                                        QUERY PLAN                                                         
---------------------------------------------------------------------------------------------------------------------------
 Limit  (cost=149037.84..149037.84 rows=1 width=20) (actual time=332.665..332.665 rows=0 loops=1)
   ->  Sort  (cost=136537.84..139037.84 rows=1000000 width=20) (actual time=233.597..310.852 rows=1000000 loops=1)
         Sort Key: s_4.a, s_4.b, s_4.c, s_4.d, s_4.e
         Sort Method: external merge  Disk: 29360kB
         ->  Seq Scan on s_4  (cost=0.00..16370.00 rows=1000000 width=20) (actual time=0.013..54.081 rows=1000000 loops=1)
 Planning time: 0.270 ms
 Execution time: 337.114 ms
(7 rows)

===== 257 [Wed Mar  7 02:53:45 CET 2018] scale:1000000 groups:1000 work_mem:64MB incremental:on max_workers:0 =====
SELECT * FROM s_1 ORDER BY a, b
                                                                  QUERY PLAN                                                                  
----------------------------------------------------------------------------------------------------------------------------------------------
 Limit  (cost=109695.16..109695.16 rows=1 width=20) (actual time=453.854..453.854 rows=0 loops=1)
   ->  Incremental Sort  (cost=82.52..99695.16 rows=1000000 width=20) (actual time=0.307..432.089 rows=1000000 loops=1)
         Sort Key: s_1.a, s_1.b
         Presorted Key: s_1.a
         Sort Method: quicksort  Memory: 136kB
         Sort Groups: 1001
         ->  Index Scan using s_1_a_idx on s_1  (cost=0.42..32353.42 rows=1000000 width=20) (actual time=0.015..117.509 rows=1000000 loops=1)
 Planning time: 0.277 ms
 Execution time: 453.897 ms
(9 rows)

===== 258 [Wed Mar  7 02:53:48 CET 2018] scale:1000000 groups:1000 work_mem:64MB incremental:on max_workers:0 =====
SELECT * FROM s_2 ORDER BY a, b, c
                                                                   QUERY PLAN                                                                   
------------------------------------------------------------------------------------------------------------------------------------------------
 Limit  (cost=86822.38..86822.38 rows=1 width=20) (actual time=330.767..330.767 rows=0 loops=1)
   ->  Incremental Sort  (cost=1.00..76822.38 rows=1000000 width=20) (actual time=0.066..308.921 rows=1000000 loops=1)
         Sort Key: s_2.a, s_2.b, s_2.c
         Presorted Key: s_2.a, s_2.b
         Sort Method: quicksort  Memory: 27kB
         Sort Groups: 30777
         ->  Index Scan using s_2_a_b_idx on s_2  (cost=0.42..40712.74 rows=1000000 width=20) (actual time=0.013..115.465 rows=1000000 loops=1)
 Planning time: 0.298 ms
 Execution time: 330.789 ms
(9 rows)

===== 259 [Wed Mar  7 02:53:49 CET 2018] scale:1000000 groups:1000 work_mem:64MB incremental:on max_workers:0 =====
SELECT * FROM s_3 ORDER BY a, b, c, d
                                                                    QUERY PLAN                                                                    
--------------------------------------------------------------------------------------------------------------------------------------------------
 Limit  (cost=91254.38..91254.38 rows=1 width=20) (actual time=270.308..270.308 rows=0 loops=1)
   ->  Incremental Sort  (cost=1.04..81254.38 rows=1000000 width=20) (actual time=0.066..248.517 rows=1000000 loops=1)
         Sort Key: s_3.a, s_3.b, s_3.c, s_3.d
         Presorted Key: s_3.a, s_3.b, s_3.c
         Sort Method: quicksort  Memory: 27kB
         Sort Groups: 31250
         ->  Index Scan using s_3_a_b_c_idx on s_3  (cost=0.42..45144.74 rows=1000000 width=20) (actual time=0.012..118.532 rows=1000000 loops=1)
 Planning time: 0.289 ms
 Execution time: 270.330 ms
(9 rows)

===== 260 [Wed Mar  7 02:53:51 CET 2018] scale:1000000 groups:1000 work_mem:64MB incremental:on max_workers:0 =====
SELECT * FROM s_4 ORDER BY a, b, c, d, e
                                                                     QUERY PLAN                                                                     
----------------------------------------------------------------------------------------------------------------------------------------------------
 Limit  (cost=91254.38..91254.38 rows=1 width=20) (actual time=268.494..268.494 rows=0 loops=1)
   ->  Incremental Sort  (cost=1.04..81254.38 rows=1000000 width=20) (actual time=0.076..246.459 rows=1000000 loops=1)
         Sort Key: s_4.a, s_4.b, s_4.c, s_4.d, s_4.e
         Presorted Key: s_4.a, s_4.b, s_4.c, s_4.d
         Sort Method: quicksort  Memory: 27kB
         Sort Groups: 31250
         ->  Index Scan using s_4_a_b_c_d_idx on s_4  (cost=0.42..45144.74 rows=1000000 width=20) (actual time=0.024..118.383 rows=1000000 loops=1)
 Planning time: 0.288 ms
 Execution time: 268.516 ms
(9 rows)

===== 261 [Wed Mar  7 02:53:52 CET 2018] scale:1000000 groups:1000 work_mem:64MB incremental:off max_workers:0 =====
SELECT * FROM s_1 ORDER BY a, b
                                                        QUERY PLAN                                                         
---------------------------------------------------------------------------------------------------------------------------
 Limit  (cost=128527.84..128527.84 rows=1 width=20) (actual time=590.080..590.080 rows=0 loops=1)
   ->  Sort  (cost=116027.84..118527.84 rows=1000000 width=20) (actual time=496.895..568.217 rows=1000000 loops=1)
         Sort Key: s_1.a, s_1.b
         Sort Method: external merge  Disk: 29360kB
         ->  Seq Scan on s_1  (cost=0.00..16370.00 rows=1000000 width=20) (actual time=0.010..55.405 rows=1000000 loops=1)
 Planning time: 0.263 ms
 Execution time: 593.505 ms
(7 rows)

===== 262 [Wed Mar  7 02:53:55 CET 2018] scale:1000000 groups:1000 work_mem:64MB incremental:off max_workers:0 =====
SELECT * FROM s_2 ORDER BY a, b, c
                                                        QUERY PLAN                                                         
---------------------------------------------------------------------------------------------------------------------------
 Limit  (cost=128527.84..128527.84 rows=1 width=20) (actual time=543.097..543.097 rows=0 loops=1)
   ->  Sort  (cost=116027.84..118527.84 rows=1000000 width=20) (actual time=450.373..521.148 rows=1000000 loops=1)
         Sort Key: s_2.a, s_2.b, s_2.c
         Sort Method: external merge  Disk: 29360kB
         ->  Seq Scan on s_2  (cost=0.00..16370.00 rows=1000000 width=20) (actual time=0.004..55.272 rows=1000000 loops=1)
 Planning time: 0.282 ms
 Execution time: 546.528 ms
(7 rows)

===== 263 [Wed Mar  7 02:53:58 CET 2018] scale:1000000 groups:1000 work_mem:64MB incremental:off max_workers:0 =====
SELECT * FROM s_3 ORDER BY a, b, c, d
                                                        QUERY PLAN                                                         
---------------------------------------------------------------------------------------------------------------------------
 Limit  (cost=128527.84..128527.84 rows=1 width=20) (actual time=433.405..433.405 rows=0 loops=1)
   ->  Sort  (cost=116027.84..118527.84 rows=1000000 width=20) (actual time=339.836..411.472 rows=1000000 loops=1)
         Sort Key: s_3.a, s_3.b, s_3.c, s_3.d
         Sort Method: external merge  Disk: 29360kB
         ->  Seq Scan on s_3  (cost=0.00..16370.00 rows=1000000 width=20) (actual time=0.007..55.772 rows=1000000 loops=1)
 Planning time: 0.296 ms
 Execution time: 436.847 ms
(7 rows)

===== 264 [Wed Mar  7 02:54:00 CET 2018] scale:1000000 groups:1000 work_mem:64MB incremental:off max_workers:0 =====
SELECT * FROM s_4 ORDER BY a, b, c, d, e
                                                        QUERY PLAN                                                         
---------------------------------------------------------------------------------------------------------------------------
 Limit  (cost=128527.84..128527.84 rows=1 width=20) (actual time=349.877..349.877 rows=0 loops=1)
   ->  Sort  (cost=116027.84..118527.84 rows=1000000 width=20) (actual time=256.511..328.011 rows=1000000 loops=1)
         Sort Key: s_4.a, s_4.b, s_4.c, s_4.d, s_4.e
         Sort Method: external merge  Disk: 29360kB
         ->  Seq Scan on s_4  (cost=0.00..16370.00 rows=1000000 width=20) (actual time=0.013..55.749 rows=1000000 loops=1)
 Planning time: 0.289 ms
 Execution time: 353.314 ms
(7 rows)

===== 265 [Wed Mar  7 02:54:02 CET 2018] scale:1000000 groups:1000 work_mem:128MB incremental:on max_workers:0 =====
SELECT * FROM s_1 ORDER BY a, b
                                                                  QUERY PLAN                                                                  
----------------------------------------------------------------------------------------------------------------------------------------------
 Limit  (cost=109695.16..109695.16 rows=1 width=20) (actual time=453.949..453.949 rows=0 loops=1)
   ->  Incremental Sort  (cost=82.52..99695.16 rows=1000000 width=20) (actual time=0.294..432.196 rows=1000000 loops=1)
         Sort Key: s_1.a, s_1.b
         Presorted Key: s_1.a
         Sort Method: quicksort  Memory: 136kB
         Sort Groups: 1001
         ->  Index Scan using s_1_a_idx on s_1  (cost=0.42..32353.42 rows=1000000 width=20) (actual time=0.015..117.525 rows=1000000 loops=1)
 Planning time: 0.279 ms
 Execution time: 453.990 ms
(9 rows)

===== 266 [Wed Mar  7 02:54:05 CET 2018] scale:1000000 groups:1000 work_mem:128MB incremental:on max_workers:0 =====
SELECT * FROM s_2 ORDER BY a, b, c
                                                                   QUERY PLAN                                                                   
------------------------------------------------------------------------------------------------------------------------------------------------
 Limit  (cost=86822.38..86822.38 rows=1 width=20) (actual time=330.637..330.637 rows=0 loops=1)
   ->  Incremental Sort  (cost=1.00..76822.38 rows=1000000 width=20) (actual time=0.065..308.805 rows=1000000 loops=1)
         Sort Key: s_2.a, s_2.b, s_2.c
         Presorted Key: s_2.a, s_2.b
         Sort Method: quicksort  Memory: 27kB
         Sort Groups: 30777
         ->  Index Scan using s_2_a_b_idx on s_2  (cost=0.42..40712.74 rows=1000000 width=20) (actual time=0.013..115.440 rows=1000000 loops=1)
 Planning time: 0.298 ms
 Execution time: 330.658 ms
(9 rows)

===== 267 [Wed Mar  7 02:54:06 CET 2018] scale:1000000 groups:1000 work_mem:128MB incremental:on max_workers:0 =====
SELECT * FROM s_3 ORDER BY a, b, c, d
                                                                    QUERY PLAN                                                                    
--------------------------------------------------------------------------------------------------------------------------------------------------
 Limit  (cost=91254.38..91254.38 rows=1 width=20) (actual time=270.350..270.350 rows=0 loops=1)
   ->  Incremental Sort  (cost=1.04..81254.38 rows=1000000 width=20) (actual time=0.066..248.562 rows=1000000 loops=1)
         Sort Key: s_3.a, s_3.b, s_3.c, s_3.d
         Presorted Key: s_3.a, s_3.b, s_3.c
         Sort Method: quicksort  Memory: 27kB
         Sort Groups: 31250
         ->  Index Scan using s_3_a_b_c_idx on s_3  (cost=0.42..45144.74 rows=1000000 width=20) (actual time=0.012..118.610 rows=1000000 loops=1)
 Planning time: 0.298 ms
 Execution time: 270.371 ms
(9 rows)

===== 268 [Wed Mar  7 02:54:07 CET 2018] scale:1000000 groups:1000 work_mem:128MB incremental:on max_workers:0 =====
SELECT * FROM s_4 ORDER BY a, b, c, d, e
                                                                     QUERY PLAN                                                                     
----------------------------------------------------------------------------------------------------------------------------------------------------
 Limit  (cost=91254.38..91254.38 rows=1 width=20) (actual time=268.526..268.526 rows=0 loops=1)
   ->  Incremental Sort  (cost=1.04..81254.38 rows=1000000 width=20) (actual time=0.078..246.498 rows=1000000 loops=1)
         Sort Key: s_4.a, s_4.b, s_4.c, s_4.d, s_4.e
         Presorted Key: s_4.a, s_4.b, s_4.c, s_4.d
         Sort Method: quicksort  Memory: 27kB
         Sort Groups: 31250
         ->  Index Scan using s_4_a_b_c_d_idx on s_4  (cost=0.42..45144.74 rows=1000000 width=20) (actual time=0.024..118.347 rows=1000000 loops=1)
 Planning time: 0.283 ms
 Execution time: 268.548 ms
(9 rows)

===== 269 [Wed Mar  7 02:54:09 CET 2018] scale:1000000 groups:1000 work_mem:128MB incremental:off max_workers:0 =====
SELECT * FROM s_1 ORDER BY a, b
                                                        QUERY PLAN                                                         
---------------------------------------------------------------------------------------------------------------------------
 Limit  (cost=128527.84..128527.84 rows=1 width=20) (actual time=498.663..498.663 rows=0 loops=1)
   ->  Sort  (cost=116027.84..118527.84 rows=1000000 width=20) (actual time=417.949..476.993 rows=1000000 loops=1)
         Sort Key: s_1.a, s_1.b
         Sort Method: quicksort  Memory: 102702kB
         ->  Seq Scan on s_1  (cost=0.00..16370.00 rows=1000000 width=20) (actual time=0.010..55.673 rows=1000000 loops=1)
 Planning time: 0.261 ms
 Execution time: 502.704 ms
(7 rows)

===== 270 [Wed Mar  7 02:54:11 CET 2018] scale:1000000 groups:1000 work_mem:128MB incremental:off max_workers:0 =====
SELECT * FROM s_2 ORDER BY a, b, c
                                                        QUERY PLAN                                                         
---------------------------------------------------------------------------------------------------------------------------
 Limit  (cost=128527.84..128527.84 rows=1 width=20) (actual time=445.975..445.975 rows=0 loops=1)
   ->  Sort  (cost=116027.84..118527.84 rows=1000000 width=20) (actual time=389.368..424.186 rows=1000000 loops=1)
         Sort Key: s_2.a, s_2.b, s_2.c
         Sort Method: quicksort  Memory: 102702kB
         ->  Seq Scan on s_2  (cost=0.00..16370.00 rows=1000000 width=20) (actual time=0.004..55.488 rows=1000000 loops=1)
 Planning time: 0.285 ms
 Execution time: 450.022 ms
(7 rows)

===== 271 [Wed Mar  7 02:54:14 CET 2018] scale:1000000 groups:1000 work_mem:128MB incremental:off max_workers:0 =====
SELECT * FROM s_3 ORDER BY a, b, c, d
                                                        QUERY PLAN                                                         
---------------------------------------------------------------------------------------------------------------------------
 Limit  (cost=128527.84..128527.84 rows=1 width=20) (actual time=338.431..338.431 rows=0 loops=1)
   ->  Sort  (cost=116027.84..118527.84 rows=1000000 width=20) (actual time=282.993..316.683 rows=1000000 loops=1)
         Sort Key: s_3.a, s_3.b, s_3.c, s_3.d
         Sort Method: quicksort  Memory: 102702kB
         ->  Seq Scan on s_3  (cost=0.00..16370.00 rows=1000000 width=20) (actual time=0.007..55.995 rows=1000000 loops=1)
 Planning time: 0.286 ms
 Execution time: 342.498 ms
(7 rows)

===== 272 [Wed Mar  7 02:54:15 CET 2018] scale:1000000 groups:1000 work_mem:128MB incremental:off max_workers:0 =====
SELECT * FROM s_4 ORDER BY a, b, c, d, e
                                                        QUERY PLAN                                                         
---------------------------------------------------------------------------------------------------------------------------
 Limit  (cost=128527.84..128527.84 rows=1 width=20) (actual time=276.685..276.685 rows=0 loops=1)
   ->  Sort  (cost=116027.84..118527.84 rows=1000000 width=20) (actual time=221.420..254.805 rows=1000000 loops=1)
         Sort Key: s_4.a, s_4.b, s_4.c, s_4.d, s_4.e
         Sort Method: quicksort  Memory: 102702kB
         ->  Seq Scan on s_4  (cost=0.00..16370.00 rows=1000000 width=20) (actual time=0.013..55.983 rows=1000000 loops=1)
 Planning time: 0.277 ms
 Execution time: 280.726 ms
(7 rows)

===== 273 [Wed Mar  7 02:54:17 CET 2018] scale:1000000 groups:1000 work_mem:256MB incremental:on max_workers:0 =====
SELECT * FROM s_1 ORDER BY a, b
                                                                  QUERY PLAN                                                                  
----------------------------------------------------------------------------------------------------------------------------------------------
 Limit  (cost=109695.16..109695.16 rows=1 width=20) (actual time=453.810..453.810 rows=0 loops=1)
   ->  Incremental Sort  (cost=82.52..99695.16 rows=1000000 width=20) (actual time=0.295..432.056 rows=1000000 loops=1)
         Sort Key: s_1.a, s_1.b
         Presorted Key: s_1.a
         Sort Method: quicksort  Memory: 136kB
         Sort Groups: 1001
         ->  Index Scan using s_1_a_idx on s_1  (cost=0.42..32353.42 rows=1000000 width=20) (actual time=0.015..117.436 rows=1000000 loops=1)
 Planning time: 0.272 ms
 Execution time: 453.851 ms
(9 rows)

===== 274 [Wed Mar  7 02:54:19 CET 2018] scale:1000000 groups:1000 work_mem:256MB incremental:on max_workers:0 =====
SELECT * FROM s_2 ORDER BY a, b, c
                                                                   QUERY PLAN                                                                   
------------------------------------------------------------------------------------------------------------------------------------------------
 Limit  (cost=86822.38..86822.38 rows=1 width=20) (actual time=330.576..330.576 rows=0 loops=1)
   ->  Incremental Sort  (cost=1.00..76822.38 rows=1000000 width=20) (actual time=0.065..308.731 rows=1000000 loops=1)
         Sort Key: s_2.a, s_2.b, s_2.c
         Presorted Key: s_2.a, s_2.b
         Sort Method: quicksort  Memory: 27kB
         Sort Groups: 30777
         ->  Index Scan using s_2_a_b_idx on s_2  (cost=0.42..40712.74 rows=1000000 width=20) (actual time=0.012..115.426 rows=1000000 loops=1)
 Planning time: 0.294 ms
 Execution time: 330.597 ms
(9 rows)

===== 275 [Wed Mar  7 02:54:21 CET 2018] scale:1000000 groups:1000 work_mem:256MB incremental:on max_workers:0 =====
SELECT * FROM s_3 ORDER BY a, b, c, d
                                                                    QUERY PLAN                                                                    
--------------------------------------------------------------------------------------------------------------------------------------------------
 Limit  (cost=91254.38..91254.38 rows=1 width=20) (actual time=270.498..270.498 rows=0 loops=1)
   ->  Incremental Sort  (cost=1.04..81254.38 rows=1000000 width=20) (actual time=0.065..248.687 rows=1000000 loops=1)
         Sort Key: s_3.a, s_3.b, s_3.c, s_3.d
         Presorted Key: s_3.a, s_3.b, s_3.c
         Sort Method: quicksort  Memory: 27kB
         Sort Groups: 31250
         ->  Index Scan using s_3_a_b_c_idx on s_3  (cost=0.42..45144.74 rows=1000000 width=20) (actual time=0.012..118.675 rows=1000000 loops=1)
 Planning time: 0.305 ms
 Execution time: 270.522 ms
(9 rows)

===== 276 [Wed Mar  7 02:54:22 CET 2018] scale:1000000 groups:1000 work_mem:256MB incremental:on max_workers:0 =====
SELECT * FROM s_4 ORDER BY a, b, c, d, e
                                                                     QUERY PLAN                                                                     
----------------------------------------------------------------------------------------------------------------------------------------------------
 Limit  (cost=91254.38..91254.38 rows=1 width=20) (actual time=268.487..268.487 rows=0 loops=1)
   ->  Incremental Sort  (cost=1.04..81254.38 rows=1000000 width=20) (actual time=0.077..246.471 rows=1000000 loops=1)
         Sort Key: s_4.a, s_4.b, s_4.c, s_4.d, s_4.e
         Presorted Key: s_4.a, s_4.b, s_4.c, s_4.d
         Sort Method: quicksort  Memory: 27kB
         Sort Groups: 31250
         ->  Index Scan using s_4_a_b_c_d_idx on s_4  (cost=0.42..45144.74 rows=1000000 width=20) (actual time=0.023..118.324 rows=1000000 loops=1)
 Planning time: 0.288 ms
 Execution time: 268.509 ms
(9 rows)

===== 277 [Wed Mar  7 02:54:23 CET 2018] scale:1000000 groups:1000 work_mem:256MB incremental:off max_workers:0 =====
SELECT * FROM s_1 ORDER BY a, b
                                                        QUERY PLAN                                                         
---------------------------------------------------------------------------------------------------------------------------
 Limit  (cost=128527.84..128527.84 rows=1 width=20) (actual time=498.766..498.766 rows=0 loops=1)
   ->  Sort  (cost=116027.84..118527.84 rows=1000000 width=20) (actual time=418.024..477.112 rows=1000000 loops=1)
         Sort Key: s_1.a, s_1.b
         Sort Method: quicksort  Memory: 102702kB
         ->  Seq Scan on s_1  (cost=0.00..16370.00 rows=1000000 width=20) (actual time=0.010..55.671 rows=1000000 loops=1)
 Planning time: 0.270 ms
 Execution time: 502.806 ms
(7 rows)

===== 278 [Wed Mar  7 02:54:26 CET 2018] scale:1000000 groups:1000 work_mem:256MB incremental:off max_workers:0 =====
SELECT * FROM s_2 ORDER BY a, b, c
                                                        QUERY PLAN                                                         
---------------------------------------------------------------------------------------------------------------------------
 Limit  (cost=128527.84..128527.84 rows=1 width=20) (actual time=446.034..446.034 rows=0 loops=1)
   ->  Sort  (cost=116027.84..118527.84 rows=1000000 width=20) (actual time=389.493..424.253 rows=1000000 loops=1)
         Sort Key: s_2.a, s_2.b, s_2.c
         Sort Method: quicksort  Memory: 102702kB
         ->  Seq Scan on s_2  (cost=0.00..16370.00 rows=1000000 width=20) (actual time=0.004..55.485 rows=1000000 loops=1)
 Planning time: 0.282 ms
 Execution time: 450.073 ms
(7 rows)

===== 279 [Wed Mar  7 02:54:28 CET 2018] scale:1000000 groups:1000 work_mem:256MB incremental:off max_workers:0 =====
SELECT * FROM s_3 ORDER BY a, b, c, d
                                                        QUERY PLAN                                                         
---------------------------------------------------------------------------------------------------------------------------
 Limit  (cost=128527.84..128527.84 rows=1 width=20) (actual time=338.200..338.200 rows=0 loops=1)
   ->  Sort  (cost=116027.84..118527.84 rows=1000000 width=20) (actual time=282.751..316.475 rows=1000000 loops=1)
         Sort Key: s_3.a, s_3.b, s_3.c, s_3.d
         Sort Method: quicksort  Memory: 102702kB
         ->  Seq Scan on s_3  (cost=0.00..16370.00 rows=1000000 width=20) (actual time=0.007..55.994 rows=1000000 loops=1)
 Planning time: 0.291 ms
 Execution time: 342.253 ms
(7 rows)

===== 280 [Wed Mar  7 02:54:30 CET 2018] scale:1000000 groups:1000 work_mem:256MB incremental:off max_workers:0 =====
SELECT * FROM s_4 ORDER BY a, b, c, d, e
                                                        QUERY PLAN                                                         
---------------------------------------------------------------------------------------------------------------------------
 Limit  (cost=128527.84..128527.84 rows=1 width=20) (actual time=277.635..277.635 rows=0 loops=1)
   ->  Sort  (cost=116027.84..118527.84 rows=1000000 width=20) (actual time=222.380..255.781 rows=1000000 loops=1)
         Sort Key: s_4.a, s_4.b, s_4.c, s_4.d, s_4.e
         Sort Method: quicksort  Memory: 102702kB
         ->  Seq Scan on s_4  (cost=0.00..16370.00 rows=1000000 width=20) (actual time=0.013..56.023 rows=1000000 loops=1)
 Planning time: 0.276 ms
 Execution time: 281.701 ms
(7 rows)

===== 281 [Wed Mar  7 02:54:32 CET 2018] scale:1000000 groups:1000 work_mem:4MB incremental:on max_workers:2 =====
SELECT * FROM s_1 ORDER BY a, b
                                                                  QUERY PLAN                                                                  
----------------------------------------------------------------------------------------------------------------------------------------------
 Limit  (cost=109695.16..109695.16 rows=1 width=20) (actual time=445.837..445.837 rows=0 loops=1)
   ->  Incremental Sort  (cost=82.52..99695.16 rows=1000000 width=20) (actual time=0.290..424.168 rows=1000000 loops=1)
         Sort Key: s_1.a, s_1.b
         Presorted Key: s_1.a
         Sort Method: quicksort  Memory: 136kB
         Sort Groups: 1001
         ->  Index Scan using s_1_a_idx on s_1  (cost=0.42..32353.42 rows=1000000 width=20) (actual time=0.015..115.783 rows=1000000 loops=1)
 Planning time: 0.291 ms
 Execution time: 445.868 ms
(9 rows)

===== 282 [Wed Mar  7 02:54:34 CET 2018] scale:1000000 groups:1000 work_mem:4MB incremental:on max_workers:2 =====
SELECT * FROM s_2 ORDER BY a, b, c
                                                                   QUERY PLAN                                                                   
------------------------------------------------------------------------------------------------------------------------------------------------
 Limit  (cost=86822.38..86822.38 rows=1 width=20) (actual time=332.898..332.898 rows=0 loops=1)
   ->  Incremental Sort  (cost=1.00..76822.38 rows=1000000 width=20) (actual time=0.064..310.785 rows=1000000 loops=1)
         Sort Key: s_2.a, s_2.b, s_2.c
         Presorted Key: s_2.a, s_2.b
         Sort Method: quicksort  Memory: 27kB
         Sort Groups: 30777
         ->  Index Scan using s_2_a_b_idx on s_2  (cost=0.42..40712.74 rows=1000000 width=20) (actual time=0.012..116.058 rows=1000000 loops=1)
 Planning time: 0.307 ms
 Execution time: 332.920 ms
(9 rows)

===== 283 [Wed Mar  7 02:54:36 CET 2018] scale:1000000 groups:1000 work_mem:4MB incremental:on max_workers:2 =====
SELECT * FROM s_3 ORDER BY a, b, c, d
                                                                    QUERY PLAN                                                                    
--------------------------------------------------------------------------------------------------------------------------------------------------
 Limit  (cost=91254.38..91254.38 rows=1 width=20) (actual time=269.987..269.987 rows=0 loops=1)
   ->  Incremental Sort  (cost=1.04..81254.38 rows=1000000 width=20) (actual time=0.064..247.984 rows=1000000 loops=1)
         Sort Key: s_3.a, s_3.b, s_3.c, s_3.d
         Presorted Key: s_3.a, s_3.b, s_3.c
         Sort Method: quicksort  Memory: 27kB
         Sort Groups: 31250
         ->  Index Scan using s_3_a_b_c_idx on s_3  (cost=0.42..45144.74 rows=1000000 width=20) (actual time=0.012..118.136 rows=1000000 loops=1)
 Planning time: 0.296 ms
 Execution time: 270.009 ms
(9 rows)

===== 284 [Wed Mar  7 02:54:37 CET 2018] scale:1000000 groups:1000 work_mem:4MB incremental:on max_workers:2 =====
SELECT * FROM s_4 ORDER BY a, b, c, d, e
                                                                     QUERY PLAN                                                                     
----------------------------------------------------------------------------------------------------------------------------------------------------
 Limit  (cost=91254.38..91254.38 rows=1 width=20) (actual time=265.367..265.367 rows=0 loops=1)
   ->  Incremental Sort  (cost=1.04..81254.38 rows=1000000 width=20) (actual time=0.078..243.604 rows=1000000 loops=1)
         Sort Key: s_4.a, s_4.b, s_4.c, s_4.d, s_4.e
         Presorted Key: s_4.a, s_4.b, s_4.c, s_4.d
         Sort Method: quicksort  Memory: 27kB
         Sort Groups: 31250
         ->  Index Scan using s_4_a_b_c_d_idx on s_4  (cost=0.42..45144.74 rows=1000000 width=20) (actual time=0.024..117.436 rows=1000000 loops=1)
 Planning time: 0.300 ms
 Execution time: 265.389 ms
(9 rows)

===== 285 [Wed Mar  7 02:54:38 CET 2018] scale:1000000 groups:1000 work_mem:4MB incremental:off max_workers:2 =====
SELECT * FROM s_1 ORDER BY a, b
                                                        QUERY PLAN                                                         
---------------------------------------------------------------------------------------------------------------------------
 Limit  (cost=149037.84..149037.84 rows=1 width=20) (actual time=546.396..546.396 rows=0 loops=1)
   ->  Sort  (cost=136537.84..139037.84 rows=1000000 width=20) (actual time=441.775..524.442 rows=1000000 loops=1)
         Sort Key: s_1.a, s_1.b
         Sort Method: external merge  Disk: 29360kB
         ->  Seq Scan on s_1  (cost=0.00..16370.00 rows=1000000 width=20) (actual time=0.009..51.492 rows=1000000 loops=1)
 Planning time: 0.269 ms
 Execution time: 550.032 ms
(7 rows)

===== 286 [Wed Mar  7 02:54:41 CET 2018] scale:1000000 groups:1000 work_mem:4MB incremental:off max_workers:2 =====
SELECT * FROM s_2 ORDER BY a, b, c
                                                        QUERY PLAN                                                         
---------------------------------------------------------------------------------------------------------------------------
 Limit  (cost=149037.84..149037.84 rows=1 width=20) (actual time=517.082..517.082 rows=0 loops=1)
   ->  Sort  (cost=136537.84..139037.84 rows=1000000 width=20) (actual time=412.771..495.149 rows=1000000 loops=1)
         Sort Key: s_2.a, s_2.b, s_2.c
         Sort Method: external merge  Disk: 29360kB
         ->  Seq Scan on s_2  (cost=0.00..16370.00 rows=1000000 width=20) (actual time=0.004..51.593 rows=1000000 loops=1)
 Planning time: 0.289 ms
 Execution time: 520.738 ms
(7 rows)

===== 287 [Wed Mar  7 02:54:44 CET 2018] scale:1000000 groups:1000 work_mem:4MB incremental:off max_workers:2 =====
SELECT * FROM s_3 ORDER BY a, b, c, d
                                                        QUERY PLAN                                                         
---------------------------------------------------------------------------------------------------------------------------
 Limit  (cost=149037.84..149037.84 rows=1 width=20) (actual time=405.253..405.253 rows=0 loops=1)
   ->  Sort  (cost=136537.84..139037.84 rows=1000000 width=20) (actual time=300.597..383.349 rows=1000000 loops=1)
         Sort Key: s_3.a, s_3.b, s_3.c, s_3.d
         Sort Method: external merge  Disk: 29360kB
         ->  Seq Scan on s_3  (cost=0.00..16370.00 rows=1000000 width=20) (actual time=0.007..51.912 rows=1000000 loops=1)
 Planning time: 0.287 ms
 Execution time: 408.905 ms
(7 rows)

===== 288 [Wed Mar  7 02:54:46 CET 2018] scale:1000000 groups:1000 work_mem:4MB incremental:off max_workers:2 =====
SELECT * FROM s_4 ORDER BY a, b, c, d, e
                                                        QUERY PLAN                                                         
---------------------------------------------------------------------------------------------------------------------------
 Limit  (cost=149037.84..149037.84 rows=1 width=20) (actual time=337.998..337.998 rows=0 loops=1)
   ->  Sort  (cost=136537.84..139037.84 rows=1000000 width=20) (actual time=233.291..316.096 rows=1000000 loops=1)
         Sort Key: s_4.a, s_4.b, s_4.c, s_4.d, s_4.e
         Sort Method: external merge  Disk: 29360kB
         ->  Seq Scan on s_4  (cost=0.00..16370.00 rows=1000000 width=20) (actual time=0.013..51.971 rows=1000000 loops=1)
 Planning time: 0.279 ms
 Execution time: 341.642 ms
(7 rows)

===== 289 [Wed Mar  7 02:54:48 CET 2018] scale:1000000 groups:1000 work_mem:8MB incremental:on max_workers:2 =====
SELECT * FROM s_1 ORDER BY a, b
                                                                  QUERY PLAN                                                                  
----------------------------------------------------------------------------------------------------------------------------------------------
 Limit  (cost=109695.16..109695.16 rows=1 width=20) (actual time=453.889..453.889 rows=0 loops=1)
   ->  Incremental Sort  (cost=82.52..99695.16 rows=1000000 width=20) (actual time=0.294..432.156 rows=1000000 loops=1)
         Sort Key: s_1.a, s_1.b
         Presorted Key: s_1.a
         Sort Method: quicksort  Memory: 136kB
         Sort Groups: 1001
         ->  Index Scan using s_1_a_idx on s_1  (cost=0.42..32353.42 rows=1000000 width=20) (actual time=0.015..117.565 rows=1000000 loops=1)
 Planning time: 0.279 ms
 Execution time: 453.923 ms
(9 rows)

===== 290 [Wed Mar  7 02:54:50 CET 2018] scale:1000000 groups:1000 work_mem:8MB incremental:on max_workers:2 =====
SELECT * FROM s_2 ORDER BY a, b, c
                                                                   QUERY PLAN                                                                   
------------------------------------------------------------------------------------------------------------------------------------------------
 Limit  (cost=86822.38..86822.38 rows=1 width=20) (actual time=330.733..330.733 rows=0 loops=1)
   ->  Incremental Sort  (cost=1.00..76822.38 rows=1000000 width=20) (actual time=0.064..308.896 rows=1000000 loops=1)
         Sort Key: s_2.a, s_2.b, s_2.c
         Presorted Key: s_2.a, s_2.b
         Sort Method: quicksort  Memory: 27kB
         Sort Groups: 30777
         ->  Index Scan using s_2_a_b_idx on s_2  (cost=0.42..40712.74 rows=1000000 width=20) (actual time=0.012..115.535 rows=1000000 loops=1)
 Planning time: 0.300 ms
 Execution time: 330.754 ms
(9 rows)

===== 291 [Wed Mar  7 02:54:52 CET 2018] scale:1000000 groups:1000 work_mem:8MB incremental:on max_workers:2 =====
SELECT * FROM s_3 ORDER BY a, b, c, d
                                                                    QUERY PLAN                                                                    
--------------------------------------------------------------------------------------------------------------------------------------------------
 Limit  (cost=91254.38..91254.38 rows=1 width=20) (actual time=270.304..270.304 rows=0 loops=1)
   ->  Incremental Sort  (cost=1.04..81254.38 rows=1000000 width=20) (actual time=0.069..248.515 rows=1000000 loops=1)
         Sort Key: s_3.a, s_3.b, s_3.c, s_3.d
         Presorted Key: s_3.a, s_3.b, s_3.c
         Sort Method: quicksort  Memory: 27kB
         Sort Groups: 31250
         ->  Index Scan using s_3_a_b_c_idx on s_3  (cost=0.42..45144.74 rows=1000000 width=20) (actual time=0.012..118.628 rows=1000000 loops=1)
 Planning time: 0.306 ms
 Execution time: 270.326 ms
(9 rows)

===== 292 [Wed Mar  7 02:54:53 CET 2018] scale:1000000 groups:1000 work_mem:8MB incremental:on max_workers:2 =====
SELECT * FROM s_4 ORDER BY a, b, c, d, e
                                                                     QUERY PLAN                                                                     
----------------------------------------------------------------------------------------------------------------------------------------------------
 Limit  (cost=91254.38..91254.38 rows=1 width=20) (actual time=269.118..269.118 rows=0 loops=1)
   ->  Incremental Sort  (cost=1.04..81254.38 rows=1000000 width=20) (actual time=0.083..247.121 rows=1000000 loops=1)
         Sort Key: s_4.a, s_4.b, s_4.c, s_4.d, s_4.e
         Presorted Key: s_4.a, s_4.b, s_4.c, s_4.d
         Sort Method: quicksort  Memory: 27kB
         Sort Groups: 31250
         ->  Index Scan using s_4_a_b_c_d_idx on s_4  (cost=0.42..45144.74 rows=1000000 width=20) (actual time=0.025..117.355 rows=1000000 loops=1)
 Planning time: 0.293 ms
 Execution time: 269.139 ms
(9 rows)

===== 293 [Wed Mar  7 02:54:54 CET 2018] scale:1000000 groups:1000 work_mem:8MB incremental:off max_workers:2 =====
SELECT * FROM s_1 ORDER BY a, b
                                                        QUERY PLAN                                                         
---------------------------------------------------------------------------------------------------------------------------
 Limit  (cost=149037.84..149037.84 rows=1 width=20) (actual time=535.485..535.485 rows=0 loops=1)
   ->  Sort  (cost=136537.84..139037.84 rows=1000000 width=20) (actual time=433.095..513.671 rows=1000000 loops=1)
         Sort Key: s_1.a, s_1.b
         Sort Method: external merge  Disk: 29360kB
         ->  Seq Scan on s_1  (cost=0.00..16370.00 rows=1000000 width=20) (actual time=0.010..51.785 rows=1000000 loops=1)
 Planning time: 0.280 ms
 Execution time: 539.295 ms
(7 rows)

===== 294 [Wed Mar  7 02:54:57 CET 2018] scale:1000000 groups:1000 work_mem:8MB incremental:off max_workers:2 =====
SELECT * FROM s_2 ORDER BY a, b, c
                                                        QUERY PLAN                                                         
---------------------------------------------------------------------------------------------------------------------------
 Limit  (cost=149037.84..149037.84 rows=1 width=20) (actual time=493.364..493.364 rows=0 loops=1)
   ->  Sort  (cost=136537.84..139037.84 rows=1000000 width=20) (actual time=391.444..471.569 rows=1000000 loops=1)
         Sort Key: s_2.a, s_2.b, s_2.c
         Sort Method: external merge  Disk: 29360kB
         ->  Seq Scan on s_2  (cost=0.00..16370.00 rows=1000000 width=20) (actual time=0.004..51.852 rows=1000000 loops=1)
 Planning time: 0.299 ms
 Execution time: 497.163 ms
(7 rows)

===== 295 [Wed Mar  7 02:55:00 CET 2018] scale:1000000 groups:1000 work_mem:8MB incremental:off max_workers:2 =====
SELECT * FROM s_3 ORDER BY a, b, c, d
                                                        QUERY PLAN                                                         
---------------------------------------------------------------------------------------------------------------------------
 Limit  (cost=149037.84..149037.84 rows=1 width=20) (actual time=384.255..384.255 rows=0 loops=1)
   ->  Sort  (cost=136537.84..139037.84 rows=1000000 width=20) (actual time=282.061..362.498 rows=1000000 loops=1)
         Sort Key: s_3.a, s_3.b, s_3.c, s_3.d
         Sort Method: external merge  Disk: 29360kB
         ->  Seq Scan on s_3  (cost=0.00..16370.00 rows=1000000 width=20) (actual time=0.007..52.247 rows=1000000 loops=1)
 Planning time: 0.302 ms
 Execution time: 388.072 ms
(7 rows)

===== 296 [Wed Mar  7 02:55:02 CET 2018] scale:1000000 groups:1000 work_mem:8MB incremental:off max_workers:2 =====
SELECT * FROM s_4 ORDER BY a, b, c, d, e
                                                        QUERY PLAN                                                         
---------------------------------------------------------------------------------------------------------------------------
 Limit  (cost=149037.84..149037.84 rows=1 width=20) (actual time=308.011..308.011 rows=0 loops=1)
   ->  Sort  (cost=136537.84..139037.84 rows=1000000 width=20) (actual time=205.864..286.277 rows=1000000 loops=1)
         Sort Key: s_4.a, s_4.b, s_4.c, s_4.d, s_4.e
         Sort Method: external merge  Disk: 29360kB
         ->  Seq Scan on s_4  (cost=0.00..16370.00 rows=1000000 width=20) (actual time=0.017..52.240 rows=1000000 loops=1)
 Planning time: 0.280 ms
 Execution time: 311.826 ms
(7 rows)

===== 297 [Wed Mar  7 02:55:03 CET 2018] scale:1000000 groups:1000 work_mem:16MB incremental:on max_workers:2 =====
SELECT * FROM s_1 ORDER BY a, b
                                                                  QUERY PLAN                                                                  
----------------------------------------------------------------------------------------------------------------------------------------------
 Limit  (cost=109695.16..109695.16 rows=1 width=20) (actual time=453.838..453.838 rows=0 loops=1)
   ->  Incremental Sort  (cost=82.52..99695.16 rows=1000000 width=20) (actual time=0.297..432.084 rows=1000000 loops=1)
         Sort Key: s_1.a, s_1.b
         Presorted Key: s_1.a
         Sort Method: quicksort  Memory: 136kB
         Sort Groups: 1001
         ->  Index Scan using s_1_a_idx on s_1  (cost=0.42..32353.42 rows=1000000 width=20) (actual time=0.015..117.475 rows=1000000 loops=1)
 Planning time: 0.292 ms
 Execution time: 453.874 ms
(9 rows)

===== 298 [Wed Mar  7 02:55:06 CET 2018] scale:1000000 groups:1000 work_mem:16MB incremental:on max_workers:2 =====
SELECT * FROM s_2 ORDER BY a, b, c
                                                                   QUERY PLAN                                                                   
------------------------------------------------------------------------------------------------------------------------------------------------
 Limit  (cost=86822.38..86822.38 rows=1 width=20) (actual time=330.660..330.660 rows=0 loops=1)
   ->  Incremental Sort  (cost=1.00..76822.38 rows=1000000 width=20) (actual time=0.065..308.813 rows=1000000 loops=1)
         Sort Key: s_2.a, s_2.b, s_2.c
         Presorted Key: s_2.a, s_2.b
         Sort Method: quicksort  Memory: 27kB
         Sort Groups: 30777
         ->  Index Scan using s_2_a_b_idx on s_2  (cost=0.42..40712.74 rows=1000000 width=20) (actual time=0.012..115.489 rows=1000000 loops=1)
 Planning time: 0.297 ms
 Execution time: 330.681 ms
(9 rows)

===== 299 [Wed Mar  7 02:55:07 CET 2018] scale:1000000 groups:1000 work_mem:16MB incremental:on max_workers:2 =====
SELECT * FROM s_3 ORDER BY a, b, c, d
                                                                    QUERY PLAN                                                                    
--------------------------------------------------------------------------------------------------------------------------------------------------
 Limit  (cost=91254.38..91254.38 rows=1 width=20) (actual time=270.406..270.406 rows=0 loops=1)
   ->  Incremental Sort  (cost=1.04..81254.38 rows=1000000 width=20) (actual time=0.066..248.620 rows=1000000 loops=1)
         Sort Key: s_3.a, s_3.b, s_3.c, s_3.d
         Presorted Key: s_3.a, s_3.b, s_3.c
         Sort Method: quicksort  Memory: 27kB
         Sort Groups: 31250
         ->  Index Scan using s_3_a_b_c_idx on s_3  (cost=0.42..45144.74 rows=1000000 width=20) (actual time=0.013..118.617 rows=1000000 loops=1)
 Planning time: 0.301 ms
 Execution time: 270.432 ms
(9 rows)

===== 300 [Wed Mar  7 02:55:08 CET 2018] scale:1000000 groups:1000 work_mem:16MB incremental:on max_workers:2 =====
SELECT * FROM s_4 ORDER BY a, b, c, d, e
                                                                     QUERY PLAN                                                                     
----------------------------------------------------------------------------------------------------------------------------------------------------
 Limit  (cost=91254.38..91254.38 rows=1 width=20) (actual time=269.109..269.109 rows=0 loops=1)
   ->  Incremental Sort  (cost=1.04..81254.38 rows=1000000 width=20) (actual time=0.076..247.141 rows=1000000 loops=1)
         Sort Key: s_4.a, s_4.b, s_4.c, s_4.d, s_4.e
         Presorted Key: s_4.a, s_4.b, s_4.c, s_4.d
         Sort Method: quicksort  Memory: 27kB
         Sort Groups: 31250
         ->  Index Scan using s_4_a_b_c_d_idx on s_4  (cost=0.42..45144.74 rows=1000000 width=20) (actual time=0.023..117.388 rows=1000000 loops=1)
 Planning time: 0.303 ms
 Execution time: 269.130 ms
(9 rows)

===== 301 [Wed Mar  7 02:55:10 CET 2018] scale:1000000 groups:1000 work_mem:16MB incremental:off max_workers:2 =====
SELECT * FROM s_1 ORDER BY a, b
                                                        QUERY PLAN                                                         
---------------------------------------------------------------------------------------------------------------------------
 Limit  (cost=149037.84..149037.84 rows=1 width=20) (actual time=553.480..553.480 rows=0 loops=1)
   ->  Sort  (cost=136537.84..139037.84 rows=1000000 width=20) (actual time=452.844..531.687 rows=1000000 loops=1)
         Sort Key: s_1.a, s_1.b
         Sort Method: external merge  Disk: 29392kB
         ->  Seq Scan on s_1  (cost=0.00..16370.00 rows=1000000 width=20) (actual time=0.010..52.379 rows=1000000 loops=1)
 Planning time: 0.271 ms
 Execution time: 557.649 ms
(7 rows)

===== 302 [Wed Mar  7 02:55:13 CET 2018] scale:1000000 groups:1000 work_mem:16MB incremental:off max_workers:2 =====
SELECT * FROM s_2 ORDER BY a, b, c
                                                        QUERY PLAN                                                         
---------------------------------------------------------------------------------------------------------------------------
 Limit  (cost=149037.84..149037.84 rows=1 width=20) (actual time=506.597..506.597 rows=0 loops=1)
   ->  Sort  (cost=136537.84..139037.84 rows=1000000 width=20) (actual time=406.247..484.835 rows=1000000 loops=1)
         Sort Key: s_2.a, s_2.b, s_2.c
         Sort Method: external merge  Disk: 29392kB
         ->  Seq Scan on s_2  (cost=0.00..16370.00 rows=1000000 width=20) (actual time=0.004..52.422 rows=1000000 loops=1)
 Planning time: 0.294 ms
 Execution time: 510.763 ms
(7 rows)

===== 303 [Wed Mar  7 02:55:15 CET 2018] scale:1000000 groups:1000 work_mem:16MB incremental:off max_workers:2 =====
SELECT * FROM s_3 ORDER BY a, b, c, d
                                                        QUERY PLAN                                                         
---------------------------------------------------------------------------------------------------------------------------
 Limit  (cost=149037.84..149037.84 rows=1 width=20) (actual time=394.741..394.741 rows=0 loops=1)
   ->  Sort  (cost=136537.84..139037.84 rows=1000000 width=20) (actual time=294.053..372.934 rows=1000000 loops=1)
         Sort Key: s_3.a, s_3.b, s_3.c, s_3.d
         Sort Method: external merge  Disk: 29392kB
         ->  Seq Scan on s_3  (cost=0.00..16370.00 rows=1000000 width=20) (actual time=0.007..52.749 rows=1000000 loops=1)
 Planning time: 0.284 ms
 Execution time: 398.909 ms
(7 rows)

===== 304 [Wed Mar  7 02:55:17 CET 2018] scale:1000000 groups:1000 work_mem:16MB incremental:off max_workers:2 =====
SELECT * FROM s_4 ORDER BY a, b, c, d, e
                                                        QUERY PLAN                                                         
---------------------------------------------------------------------------------------------------------------------------
 Limit  (cost=149037.84..149037.84 rows=1 width=20) (actual time=314.908..314.908 rows=0 loops=1)
   ->  Sort  (cost=136537.84..139037.84 rows=1000000 width=20) (actual time=214.563..293.125 rows=1000000 loops=1)
         Sort Key: s_4.a, s_4.b, s_4.c, s_4.d, s_4.e
         Sort Method: external merge  Disk: 29392kB
         ->  Seq Scan on s_4  (cost=0.00..16370.00 rows=1000000 width=20) (actual time=0.013..52.777 rows=1000000 loops=1)
 Planning time: 0.281 ms
 Execution time: 319.084 ms
(7 rows)

===== 305 [Wed Mar  7 02:55:19 CET 2018] scale:1000000 groups:1000 work_mem:32MB incremental:on max_workers:2 =====
SELECT * FROM s_1 ORDER BY a, b
                                                                  QUERY PLAN                                                                  
----------------------------------------------------------------------------------------------------------------------------------------------
 Limit  (cost=109695.16..109695.16 rows=1 width=20) (actual time=453.957..453.957 rows=0 loops=1)
   ->  Incremental Sort  (cost=82.52..99695.16 rows=1000000 width=20) (actual time=0.295..432.203 rows=1000000 loops=1)
         Sort Key: s_1.a, s_1.b
         Presorted Key: s_1.a
         Sort Method: quicksort  Memory: 136kB
         Sort Groups: 1001
         ->  Index Scan using s_1_a_idx on s_1  (cost=0.42..32353.42 rows=1000000 width=20) (actual time=0.015..117.485 rows=1000000 loops=1)
 Planning time: 0.289 ms
 Execution time: 453.992 ms
(9 rows)

===== 306 [Wed Mar  7 02:55:21 CET 2018] scale:1000000 groups:1000 work_mem:32MB incremental:on max_workers:2 =====
SELECT * FROM s_2 ORDER BY a, b, c
                                                                   QUERY PLAN                                                                   
------------------------------------------------------------------------------------------------------------------------------------------------
 Limit  (cost=86822.38..86822.38 rows=1 width=20) (actual time=330.641..330.641 rows=0 loops=1)
   ->  Incremental Sort  (cost=1.00..76822.38 rows=1000000 width=20) (actual time=0.064..308.814 rows=1000000 loops=1)
         Sort Key: s_2.a, s_2.b, s_2.c
         Presorted Key: s_2.a, s_2.b
         Sort Method: quicksort  Memory: 27kB
         Sort Groups: 30777
         ->  Index Scan using s_2_a_b_idx on s_2  (cost=0.42..40712.74 rows=1000000 width=20) (actual time=0.012..115.409 rows=1000000 loops=1)
 Planning time: 0.304 ms
 Execution time: 330.662 ms
(9 rows)

===== 307 [Wed Mar  7 02:55:23 CET 2018] scale:1000000 groups:1000 work_mem:32MB incremental:on max_workers:2 =====
SELECT * FROM s_3 ORDER BY a, b, c, d
                                                                    QUERY PLAN                                                                    
--------------------------------------------------------------------------------------------------------------------------------------------------
 Limit  (cost=91254.38..91254.38 rows=1 width=20) (actual time=270.191..270.191 rows=0 loops=1)
   ->  Incremental Sort  (cost=1.04..81254.38 rows=1000000 width=20) (actual time=0.063..248.392 rows=1000000 loops=1)
         Sort Key: s_3.a, s_3.b, s_3.c, s_3.d
         Presorted Key: s_3.a, s_3.b, s_3.c
         Sort Method: quicksort  Memory: 27kB
         Sort Groups: 31250
         ->  Index Scan using s_3_a_b_c_idx on s_3  (cost=0.42..45144.74 rows=1000000 width=20) (actual time=0.012..118.392 rows=1000000 loops=1)
 Planning time: 0.306 ms
 Execution time: 270.212 ms
(9 rows)

===== 308 [Wed Mar  7 02:55:24 CET 2018] scale:1000000 groups:1000 work_mem:32MB incremental:on max_workers:2 =====
SELECT * FROM s_4 ORDER BY a, b, c, d, e
                                                                     QUERY PLAN                                                                     
----------------------------------------------------------------------------------------------------------------------------------------------------
 Limit  (cost=91254.38..91254.38 rows=1 width=20) (actual time=269.157..269.157 rows=0 loops=1)
   ->  Incremental Sort  (cost=1.04..81254.38 rows=1000000 width=20) (actual time=0.082..247.155 rows=1000000 loops=1)
         Sort Key: s_4.a, s_4.b, s_4.c, s_4.d, s_4.e
         Presorted Key: s_4.a, s_4.b, s_4.c, s_4.d
         Sort Method: quicksort  Memory: 27kB
         Sort Groups: 31250
         ->  Index Scan using s_4_a_b_c_d_idx on s_4  (cost=0.42..45144.74 rows=1000000 width=20) (actual time=0.024..117.417 rows=1000000 loops=1)
 Planning time: 0.297 ms
 Execution time: 269.179 ms
(9 rows)

===== 309 [Wed Mar  7 02:55:26 CET 2018] scale:1000000 groups:1000 work_mem:32MB incremental:off max_workers:2 =====
SELECT * FROM s_1 ORDER BY a, b
                                                        QUERY PLAN                                                         
---------------------------------------------------------------------------------------------------------------------------
 Limit  (cost=149037.84..149037.84 rows=1 width=20) (actual time=572.003..572.003 rows=0 loops=1)
   ->  Sort  (cost=136537.84..139037.84 rows=1000000 width=20) (actual time=473.216..550.170 rows=1000000 loops=1)
         Sort Key: s_1.a, s_1.b
         Sort Method: external merge  Disk: 29360kB
         ->  Seq Scan on s_1  (cost=0.00..16370.00 rows=1000000 width=20) (actual time=0.010..53.493 rows=1000000 loops=1)
 Planning time: 0.272 ms
 Execution time: 576.450 ms
(7 rows)

===== 310 [Wed Mar  7 02:55:29 CET 2018] scale:1000000 groups:1000 work_mem:32MB incremental:off max_workers:2 =====
SELECT * FROM s_2 ORDER BY a, b, c
                                                        QUERY PLAN                                                         
---------------------------------------------------------------------------------------------------------------------------
 Limit  (cost=149037.84..149037.84 rows=1 width=20) (actual time=524.303..524.303 rows=0 loops=1)
   ->  Sort  (cost=136537.84..139037.84 rows=1000000 width=20) (actual time=426.349..502.491 rows=1000000 loops=1)
         Sort Key: s_2.a, s_2.b, s_2.c
         Sort Method: external merge  Disk: 29360kB
         ->  Seq Scan on s_2  (cost=0.00..16370.00 rows=1000000 width=20) (actual time=0.004..53.530 rows=1000000 loops=1)
 Planning time: 0.288 ms
 Execution time: 528.750 ms
(7 rows)

===== 311 [Wed Mar  7 02:55:32 CET 2018] scale:1000000 groups:1000 work_mem:32MB incremental:off max_workers:2 =====
SELECT * FROM s_3 ORDER BY a, b, c, d
                                                        QUERY PLAN                                                         
---------------------------------------------------------------------------------------------------------------------------
 Limit  (cost=149037.84..149037.84 rows=1 width=20) (actual time=413.366..413.366 rows=0 loops=1)
   ->  Sort  (cost=136537.84..139037.84 rows=1000000 width=20) (actual time=314.632..391.538 rows=1000000 loops=1)
         Sort Key: s_3.a, s_3.b, s_3.c, s_3.d
         Sort Method: external merge  Disk: 29360kB
         ->  Seq Scan on s_3  (cost=0.00..16370.00 rows=1000000 width=20) (actual time=0.007..54.078 rows=1000000 loops=1)
 Planning time: 0.287 ms
 Execution time: 417.825 ms
(7 rows)

===== 312 [Wed Mar  7 02:55:34 CET 2018] scale:1000000 groups:1000 work_mem:32MB incremental:off max_workers:2 =====
SELECT * FROM s_4 ORDER BY a, b, c, d, e
                                                        QUERY PLAN                                                         
---------------------------------------------------------------------------------------------------------------------------
 Limit  (cost=149037.84..149037.84 rows=1 width=20) (actual time=332.758..332.758 rows=0 loops=1)
   ->  Sort  (cost=136537.84..139037.84 rows=1000000 width=20) (actual time=233.700..310.953 rows=1000000 loops=1)
         Sort Key: s_4.a, s_4.b, s_4.c, s_4.d, s_4.e
         Sort Method: external merge  Disk: 29360kB
         ->  Seq Scan on s_4  (cost=0.00..16370.00 rows=1000000 width=20) (actual time=0.013..54.074 rows=1000000 loops=1)
 Planning time: 0.279 ms
 Execution time: 337.204 ms
(7 rows)

===== 313 [Wed Mar  7 02:55:35 CET 2018] scale:1000000 groups:1000 work_mem:64MB incremental:on max_workers:2 =====
SELECT * FROM s_1 ORDER BY a, b
                                                                  QUERY PLAN                                                                  
----------------------------------------------------------------------------------------------------------------------------------------------
 Limit  (cost=109695.16..109695.16 rows=1 width=20) (actual time=453.785..453.785 rows=0 loops=1)
   ->  Incremental Sort  (cost=82.52..99695.16 rows=1000000 width=20) (actual time=0.303..432.031 rows=1000000 loops=1)
         Sort Key: s_1.a, s_1.b
         Presorted Key: s_1.a
         Sort Method: quicksort  Memory: 136kB
         Sort Groups: 1001
         ->  Index Scan using s_1_a_idx on s_1  (cost=0.42..32353.42 rows=1000000 width=20) (actual time=0.015..117.403 rows=1000000 loops=1)
 Planning time: 0.278 ms
 Execution time: 453.819 ms
(9 rows)

===== 314 [Wed Mar  7 02:55:38 CET 2018] scale:1000000 groups:1000 work_mem:64MB incremental:on max_workers:2 =====
SELECT * FROM s_2 ORDER BY a, b, c
                                                                   QUERY PLAN                                                                   
------------------------------------------------------------------------------------------------------------------------------------------------
 Limit  (cost=86822.38..86822.38 rows=1 width=20) (actual time=330.613..330.613 rows=0 loops=1)
   ->  Incremental Sort  (cost=1.00..76822.38 rows=1000000 width=20) (actual time=0.066..308.778 rows=1000000 loops=1)
         Sort Key: s_2.a, s_2.b, s_2.c
         Presorted Key: s_2.a, s_2.b
         Sort Method: quicksort  Memory: 27kB
         Sort Groups: 30777
         ->  Index Scan using s_2_a_b_idx on s_2  (cost=0.42..40712.74 rows=1000000 width=20) (actual time=0.012..115.448 rows=1000000 loops=1)
 Planning time: 0.299 ms
 Execution time: 330.634 ms
(9 rows)

===== 315 [Wed Mar  7 02:55:39 CET 2018] scale:1000000 groups:1000 work_mem:64MB incremental:on max_workers:2 =====
SELECT * FROM s_3 ORDER BY a, b, c, d
                                                                    QUERY PLAN                                                                    
--------------------------------------------------------------------------------------------------------------------------------------------------
 Limit  (cost=91254.38..91254.38 rows=1 width=20) (actual time=270.323..270.323 rows=0 loops=1)
   ->  Incremental Sort  (cost=1.04..81254.38 rows=1000000 width=20) (actual time=0.065..248.524 rows=1000000 loops=1)
         Sort Key: s_3.a, s_3.b, s_3.c, s_3.d
         Presorted Key: s_3.a, s_3.b, s_3.c
         Sort Method: quicksort  Memory: 27kB
         Sort Groups: 31250
         ->  Index Scan using s_3_a_b_c_idx on s_3  (cost=0.42..45144.74 rows=1000000 width=20) (actual time=0.012..118.584 rows=1000000 loops=1)
 Planning time: 0.306 ms
 Execution time: 270.344 ms
(9 rows)

===== 316 [Wed Mar  7 02:55:41 CET 2018] scale:1000000 groups:1000 work_mem:64MB incremental:on max_workers:2 =====
SELECT * FROM s_4 ORDER BY a, b, c, d, e
                                                                     QUERY PLAN                                                                     
----------------------------------------------------------------------------------------------------------------------------------------------------
 Limit  (cost=91254.38..91254.38 rows=1 width=20) (actual time=268.935..268.935 rows=0 loops=1)
   ->  Incremental Sort  (cost=1.04..81254.38 rows=1000000 width=20) (actual time=0.085..246.928 rows=1000000 loops=1)
         Sort Key: s_4.a, s_4.b, s_4.c, s_4.d, s_4.e
         Presorted Key: s_4.a, s_4.b, s_4.c, s_4.d
         Sort Method: quicksort  Memory: 27kB
         Sort Groups: 31250
         ->  Index Scan using s_4_a_b_c_d_idx on s_4  (cost=0.42..45144.74 rows=1000000 width=20) (actual time=0.024..117.285 rows=1000000 loops=1)
 Planning time: 0.292 ms
 Execution time: 268.957 ms
(9 rows)

===== 317 [Wed Mar  7 02:55:42 CET 2018] scale:1000000 groups:1000 work_mem:64MB incremental:off max_workers:2 =====
SELECT * FROM s_1 ORDER BY a, b
                                                        QUERY PLAN                                                         
---------------------------------------------------------------------------------------------------------------------------
 Limit  (cost=128527.84..128527.84 rows=1 width=20) (actual time=589.778..589.778 rows=0 loops=1)
   ->  Sort  (cost=116027.84..118527.84 rows=1000000 width=20) (actual time=496.574..567.923 rows=1000000 loops=1)
         Sort Key: s_1.a, s_1.b
         Sort Method: external merge  Disk: 29360kB
         ->  Seq Scan on s_1  (cost=0.00..16370.00 rows=1000000 width=20) (actual time=0.010..55.364 rows=1000000 loops=1)
 Planning time: 0.267 ms
 Execution time: 593.217 ms
(7 rows)

===== 318 [Wed Mar  7 02:55:45 CET 2018] scale:1000000 groups:1000 work_mem:64MB incremental:off max_workers:2 =====
SELECT * FROM s_2 ORDER BY a, b, c
                                                        QUERY PLAN                                                         
---------------------------------------------------------------------------------------------------------------------------
 Limit  (cost=128527.84..128527.84 rows=1 width=20) (actual time=543.701..543.701 rows=0 loops=1)
   ->  Sort  (cost=116027.84..118527.84 rows=1000000 width=20) (actual time=450.959..521.750 rows=1000000 loops=1)
         Sort Key: s_2.a, s_2.b, s_2.c
         Sort Method: external merge  Disk: 29360kB
         ->  Seq Scan on s_2  (cost=0.00..16370.00 rows=1000000 width=20) (actual time=0.004..55.324 rows=1000000 loops=1)
 Planning time: 0.291 ms
 Execution time: 547.145 ms
(7 rows)

===== 319 [Wed Mar  7 02:55:48 CET 2018] scale:1000000 groups:1000 work_mem:64MB incremental:off max_workers:2 =====
SELECT * FROM s_3 ORDER BY a, b, c, d
                                                        QUERY PLAN                                                         
---------------------------------------------------------------------------------------------------------------------------
 Limit  (cost=128527.84..128527.84 rows=1 width=20) (actual time=433.355..433.355 rows=0 loops=1)
   ->  Sort  (cost=116027.84..118527.84 rows=1000000 width=20) (actual time=339.828..411.427 rows=1000000 loops=1)
         Sort Key: s_3.a, s_3.b, s_3.c, s_3.d
         Sort Method: external merge  Disk: 29360kB
         ->  Seq Scan on s_3  (cost=0.00..16370.00 rows=1000000 width=20) (actual time=0.007..55.760 rows=1000000 loops=1)
 Planning time: 0.298 ms
 Execution time: 436.793 ms
(7 rows)

===== 320 [Wed Mar  7 02:55:50 CET 2018] scale:1000000 groups:1000 work_mem:64MB incremental:off max_workers:2 =====
SELECT * FROM s_4 ORDER BY a, b, c, d, e
                                                        QUERY PLAN                                                         
---------------------------------------------------------------------------------------------------------------------------
 Limit  (cost=128527.84..128527.84 rows=1 width=20) (actual time=350.092..350.092 rows=0 loops=1)
   ->  Sort  (cost=116027.84..118527.84 rows=1000000 width=20) (actual time=256.717..328.206 rows=1000000 loops=1)
         Sort Key: s_4.a, s_4.b, s_4.c, s_4.d, s_4.e
         Sort Method: external merge  Disk: 29360kB
         ->  Seq Scan on s_4  (cost=0.00..16370.00 rows=1000000 width=20) (actual time=0.013..55.791 rows=1000000 loops=1)
 Planning time: 0.281 ms
 Execution time: 353.531 ms
(7 rows)

===== 321 [Wed Mar  7 02:55:52 CET 2018] scale:1000000 groups:1000 work_mem:128MB incremental:on max_workers:2 =====
SELECT * FROM s_1 ORDER BY a, b
                                                                  QUERY PLAN                                                                  
----------------------------------------------------------------------------------------------------------------------------------------------
 Limit  (cost=109695.16..109695.16 rows=1 width=20) (actual time=454.002..454.002 rows=0 loops=1)
   ->  Incremental Sort  (cost=82.52..99695.16 rows=1000000 width=20) (actual time=0.295..432.257 rows=1000000 loops=1)
         Sort Key: s_1.a, s_1.b
         Presorted Key: s_1.a
         Sort Method: quicksort  Memory: 136kB
         Sort Groups: 1001
         ->  Index Scan using s_1_a_idx on s_1  (cost=0.42..32353.42 rows=1000000 width=20) (actual time=0.015..117.524 rows=1000000 loops=1)
 Planning time: 0.286 ms
 Execution time: 454.037 ms
(9 rows)

===== 322 [Wed Mar  7 02:55:54 CET 2018] scale:1000000 groups:1000 work_mem:128MB incremental:on max_workers:2 =====
SELECT * FROM s_2 ORDER BY a, b, c
                                                                   QUERY PLAN                                                                   
------------------------------------------------------------------------------------------------------------------------------------------------
 Limit  (cost=86822.38..86822.38 rows=1 width=20) (actual time=330.688..330.688 rows=0 loops=1)
   ->  Incremental Sort  (cost=1.00..76822.38 rows=1000000 width=20) (actual time=0.063..308.863 rows=1000000 loops=1)
         Sort Key: s_2.a, s_2.b, s_2.c
         Presorted Key: s_2.a, s_2.b
         Sort Method: quicksort  Memory: 27kB
         Sort Groups: 30777
         ->  Index Scan using s_2_a_b_idx on s_2  (cost=0.42..40712.74 rows=1000000 width=20) (actual time=0.012..115.516 rows=1000000 loops=1)
 Planning time: 0.298 ms
 Execution time: 330.710 ms
(9 rows)

===== 323 [Wed Mar  7 02:55:56 CET 2018] scale:1000000 groups:1000 work_mem:128MB incremental:on max_workers:2 =====
SELECT * FROM s_3 ORDER BY a, b, c, d
                                                                    QUERY PLAN                                                                    
--------------------------------------------------------------------------------------------------------------------------------------------------
 Limit  (cost=91254.38..91254.38 rows=1 width=20) (actual time=270.151..270.151 rows=0 loops=1)
   ->  Incremental Sort  (cost=1.04..81254.38 rows=1000000 width=20) (actual time=0.065..248.345 rows=1000000 loops=1)
         Sort Key: s_3.a, s_3.b, s_3.c, s_3.d
         Presorted Key: s_3.a, s_3.b, s_3.c
         Sort Method: quicksort  Memory: 27kB
         Sort Groups: 31250
         ->  Index Scan using s_3_a_b_c_idx on s_3  (cost=0.42..45144.74 rows=1000000 width=20) (actual time=0.012..118.437 rows=1000000 loops=1)
 Planning time: 0.304 ms
 Execution time: 270.173 ms
(9 rows)

===== 324 [Wed Mar  7 02:55:57 CET 2018] scale:1000000 groups:1000 work_mem:128MB incremental:on max_workers:2 =====
SELECT * FROM s_4 ORDER BY a, b, c, d, e
                                                                     QUERY PLAN                                                                     
----------------------------------------------------------------------------------------------------------------------------------------------------
 Limit  (cost=91254.38..91254.38 rows=1 width=20) (actual time=269.118..269.118 rows=0 loops=1)
   ->  Incremental Sort  (cost=1.04..81254.38 rows=1000000 width=20) (actual time=0.078..247.143 rows=1000000 loops=1)
         Sort Key: s_4.a, s_4.b, s_4.c, s_4.d, s_4.e
         Presorted Key: s_4.a, s_4.b, s_4.c, s_4.d
         Sort Method: quicksort  Memory: 27kB
         Sort Groups: 31250
         ->  Index Scan using s_4_a_b_c_d_idx on s_4  (cost=0.42..45144.74 rows=1000000 width=20) (actual time=0.024..117.350 rows=1000000 loops=1)
 Planning time: 0.297 ms
 Execution time: 269.139 ms
(9 rows)

===== 325 [Wed Mar  7 02:55:59 CET 2018] scale:1000000 groups:1000 work_mem:128MB incremental:off max_workers:2 =====
SELECT * FROM s_1 ORDER BY a, b
                                                        QUERY PLAN                                                         
---------------------------------------------------------------------------------------------------------------------------
 Limit  (cost=128527.84..128527.84 rows=1 width=20) (actual time=498.875..498.875 rows=0 loops=1)
   ->  Sort  (cost=116027.84..118527.84 rows=1000000 width=20) (actual time=418.178..477.164 rows=1000000 loops=1)
         Sort Key: s_1.a, s_1.b
         Sort Method: quicksort  Memory: 102702kB
         ->  Seq Scan on s_1  (cost=0.00..16370.00 rows=1000000 width=20) (actual time=0.010..55.696 rows=1000000 loops=1)
 Planning time: 0.290 ms
 Execution time: 502.921 ms
(7 rows)

===== 326 [Wed Mar  7 02:56:01 CET 2018] scale:1000000 groups:1000 work_mem:128MB incremental:off max_workers:2 =====
SELECT * FROM s_2 ORDER BY a, b, c
                                                        QUERY PLAN                                                         
---------------------------------------------------------------------------------------------------------------------------
 Limit  (cost=128527.84..128527.84 rows=1 width=20) (actual time=445.661..445.661 rows=0 loops=1)
   ->  Sort  (cost=116027.84..118527.84 rows=1000000 width=20) (actual time=389.119..423.878 rows=1000000 loops=1)
         Sort Key: s_2.a, s_2.b, s_2.c
         Sort Method: quicksort  Memory: 102702kB
         ->  Seq Scan on s_2  (cost=0.00..16370.00 rows=1000000 width=20) (actual time=0.004..55.460 rows=1000000 loops=1)
 Planning time: 0.290 ms
 Execution time: 449.715 ms
(7 rows)

===== 327 [Wed Mar  7 02:56:04 CET 2018] scale:1000000 groups:1000 work_mem:128MB incremental:off max_workers:2 =====
SELECT * FROM s_3 ORDER BY a, b, c, d
                                                        QUERY PLAN                                                         
---------------------------------------------------------------------------------------------------------------------------
 Limit  (cost=128527.84..128527.84 rows=1 width=20) (actual time=337.932..337.932 rows=0 loops=1)
   ->  Sort  (cost=116027.84..118527.84 rows=1000000 width=20) (actual time=282.507..316.187 rows=1000000 loops=1)
         Sort Key: s_3.a, s_3.b, s_3.c, s_3.d
         Sort Method: quicksort  Memory: 102702kB
         ->  Seq Scan on s_3  (cost=0.00..16370.00 rows=1000000 width=20) (actual time=0.007..56.043 rows=1000000 loops=1)
 Planning time: 0.289 ms
 Execution time: 341.975 ms
(7 rows)

===== 328 [Wed Mar  7 02:56:05 CET 2018] scale:1000000 groups:1000 work_mem:128MB incremental:off max_workers:2 =====
SELECT * FROM s_4 ORDER BY a, b, c, d, e
                                                        QUERY PLAN                                                         
---------------------------------------------------------------------------------------------------------------------------
 Limit  (cost=128527.84..128527.84 rows=1 width=20) (actual time=276.775..276.775 rows=0 loops=1)
   ->  Sort  (cost=116027.84..118527.84 rows=1000000 width=20) (actual time=221.525..254.873 rows=1000000 loops=1)
         Sort Key: s_4.a, s_4.b, s_4.c, s_4.d, s_4.e
         Sort Method: quicksort  Memory: 102702kB
         ->  Seq Scan on s_4  (cost=0.00..16370.00 rows=1000000 width=20) (actual time=0.013..56.017 rows=1000000 loops=1)
 Planning time: 0.287 ms
 Execution time: 280.825 ms
(7 rows)

===== 329 [Wed Mar  7 02:56:07 CET 2018] scale:1000000 groups:1000 work_mem:256MB incremental:on max_workers:2 =====
SELECT * FROM s_1 ORDER BY a, b
                                                                  QUERY PLAN                                                                  
----------------------------------------------------------------------------------------------------------------------------------------------
 Limit  (cost=109695.16..109695.16 rows=1 width=20) (actual time=454.325..454.325 rows=0 loops=1)
   ->  Incremental Sort  (cost=82.52..99695.16 rows=1000000 width=20) (actual time=0.309..432.594 rows=1000000 loops=1)
         Sort Key: s_1.a, s_1.b
         Presorted Key: s_1.a
         Sort Method: quicksort  Memory: 136kB
         Sort Groups: 1001
         ->  Index Scan using s_1_a_idx on s_1  (cost=0.42..32353.42 rows=1000000 width=20) (actual time=0.015..117.509 rows=1000000 loops=1)
 Planning time: 0.287 ms
 Execution time: 454.360 ms
(9 rows)

===== 330 [Wed Mar  7 02:56:09 CET 2018] scale:1000000 groups:1000 work_mem:256MB incremental:on max_workers:2 =====
SELECT * FROM s_2 ORDER BY a, b, c
                                                                   QUERY PLAN                                                                   
------------------------------------------------------------------------------------------------------------------------------------------------
 Limit  (cost=86822.38..86822.38 rows=1 width=20) (actual time=330.777..330.777 rows=0 loops=1)
   ->  Incremental Sort  (cost=1.00..76822.38 rows=1000000 width=20) (actual time=0.064..308.915 rows=1000000 loops=1)
         Sort Key: s_2.a, s_2.b, s_2.c
         Presorted Key: s_2.a, s_2.b
         Sort Method: quicksort  Memory: 27kB
         Sort Groups: 30777
         ->  Index Scan using s_2_a_b_idx on s_2  (cost=0.42..40712.74 rows=1000000 width=20) (actual time=0.012..115.498 rows=1000000 loops=1)
 Planning time: 0.306 ms
 Execution time: 330.799 ms
(9 rows)

===== 331 [Wed Mar  7 02:56:11 CET 2018] scale:1000000 groups:1000 work_mem:256MB incremental:on max_workers:2 =====
SELECT * FROM s_3 ORDER BY a, b, c, d
                                                                    QUERY PLAN                                                                    
--------------------------------------------------------------------------------------------------------------------------------------------------
 Limit  (cost=91254.38..91254.38 rows=1 width=20) (actual time=270.285..270.285 rows=0 loops=1)
   ->  Incremental Sort  (cost=1.04..81254.38 rows=1000000 width=20) (actual time=0.063..248.508 rows=1000000 loops=1)
         Sort Key: s_3.a, s_3.b, s_3.c, s_3.d
         Presorted Key: s_3.a, s_3.b, s_3.c
         Sort Method: quicksort  Memory: 27kB
         Sort Groups: 31250
         ->  Index Scan using s_3_a_b_c_idx on s_3  (cost=0.42..45144.74 rows=1000000 width=20) (actual time=0.012..118.575 rows=1000000 loops=1)
 Planning time: 0.298 ms
 Execution time: 270.307 ms
(9 rows)

===== 332 [Wed Mar  7 02:56:12 CET 2018] scale:1000000 groups:1000 work_mem:256MB incremental:on max_workers:2 =====
SELECT * FROM s_4 ORDER BY a, b, c, d, e
                                                                     QUERY PLAN                                                                     
----------------------------------------------------------------------------------------------------------------------------------------------------
 Limit  (cost=91254.38..91254.38 rows=1 width=20) (actual time=269.130..269.130 rows=0 loops=1)
   ->  Incremental Sort  (cost=1.04..81254.38 rows=1000000 width=20) (actual time=0.076..247.130 rows=1000000 loops=1)
         Sort Key: s_4.a, s_4.b, s_4.c, s_4.d, s_4.e
         Presorted Key: s_4.a, s_4.b, s_4.c, s_4.d
         Sort Method: quicksort  Memory: 27kB
         Sort Groups: 31250
         ->  Index Scan using s_4_a_b_c_d_idx on s_4  (cost=0.42..45144.74 rows=1000000 width=20) (actual time=0.024..117.353 rows=1000000 loops=1)
 Planning time: 0.296 ms
 Execution time: 269.151 ms
(9 rows)

===== 333 [Wed Mar  7 02:56:13 CET 2018] scale:1000000 groups:1000 work_mem:256MB incremental:off max_workers:2 =====
SELECT * FROM s_1 ORDER BY a, b
                                                        QUERY PLAN                                                         
---------------------------------------------------------------------------------------------------------------------------
 Limit  (cost=128527.84..128527.84 rows=1 width=20) (actual time=499.128..499.128 rows=0 loops=1)
   ->  Sort  (cost=116027.84..118527.84 rows=1000000 width=20) (actual time=418.199..477.433 rows=1000000 loops=1)
         Sort Key: s_1.a, s_1.b
         Sort Method: quicksort  Memory: 102702kB
         ->  Seq Scan on s_1  (cost=0.00..16370.00 rows=1000000 width=20) (actual time=0.010..55.675 rows=1000000 loops=1)
 Planning time: 0.275 ms
 Execution time: 503.189 ms
(7 rows)

===== 334 [Wed Mar  7 02:56:16 CET 2018] scale:1000000 groups:1000 work_mem:256MB incremental:off max_workers:2 =====
SELECT * FROM s_2 ORDER BY a, b, c
                                                        QUERY PLAN                                                         
---------------------------------------------------------------------------------------------------------------------------
 Limit  (cost=128527.84..128527.84 rows=1 width=20) (actual time=446.005..446.005 rows=0 loops=1)
   ->  Sort  (cost=116027.84..118527.84 rows=1000000 width=20) (actual time=389.473..424.245 rows=1000000 loops=1)
         Sort Key: s_2.a, s_2.b, s_2.c
         Sort Method: quicksort  Memory: 102702kB
         ->  Seq Scan on s_2  (cost=0.00..16370.00 rows=1000000 width=20) (actual time=0.004..55.467 rows=1000000 loops=1)
 Planning time: 0.293 ms
 Execution time: 450.053 ms
(7 rows)

===== 335 [Wed Mar  7 02:56:18 CET 2018] scale:1000000 groups:1000 work_mem:256MB incremental:off max_workers:2 =====
SELECT * FROM s_3 ORDER BY a, b, c, d
                                                        QUERY PLAN                                                         
---------------------------------------------------------------------------------------------------------------------------
 Limit  (cost=128527.84..128527.84 rows=1 width=20) (actual time=338.010..338.010 rows=0 loops=1)
   ->  Sort  (cost=116027.84..118527.84 rows=1000000 width=20) (actual time=282.603..316.290 rows=1000000 loops=1)
         Sort Key: s_3.a, s_3.b, s_3.c, s_3.d
         Sort Method: quicksort  Memory: 102702kB
         ->  Seq Scan on s_3  (cost=0.00..16370.00 rows=1000000 width=20) (actual time=0.007..55.983 rows=1000000 loops=1)
 Planning time: 0.291 ms
 Execution time: 342.050 ms
(7 rows)

===== 336 [Wed Mar  7 02:56:20 CET 2018] scale:1000000 groups:1000 work_mem:256MB incremental:off max_workers:2 =====
SELECT * FROM s_4 ORDER BY a, b, c, d, e
                                                        QUERY PLAN                                                         
---------------------------------------------------------------------------------------------------------------------------
 Limit  (cost=128527.84..128527.84 rows=1 width=20) (actual time=276.771..276.771 rows=0 loops=1)
   ->  Sort  (cost=116027.84..118527.84 rows=1000000 width=20) (actual time=221.516..254.902 rows=1000000 loops=1)
         Sort Key: s_4.a, s_4.b, s_4.c, s_4.d, s_4.e
         Sort Method: quicksort  Memory: 102702kB
         ->  Seq Scan on s_4  (cost=0.00..16370.00 rows=1000000 width=20) (actual time=0.013..56.008 rows=1000000 loops=1)
 Planning time: 0.284 ms
 Execution time: 280.813 ms
(7 rows)

===== 337 [Wed Mar  7 02:56:29 CET 2018] scale:1000000 groups:10000 work_mem:4MB incremental:on max_workers:0 =====
SELECT * FROM s_1 ORDER BY a, b
                                                                  QUERY PLAN                                                                  
----------------------------------------------------------------------------------------------------------------------------------------------
 Limit  (cost=93291.67..93291.67 rows=1 width=20) (actual time=406.705..406.705 rows=0 loops=1)
   ->  Incremental Sort  (cost=7.00..83291.67 rows=1000000 width=20) (actual time=0.092..384.622 rows=1000000 loops=1)
         Sort Key: s_1.a, s_1.b
         Presorted Key: s_1.a
         Sort Method: quicksort  Memory: 35kB
         Sort Groups: 10001
         ->  Index Scan using s_1_a_idx on s_1  (cost=0.42..32353.42 rows=1000000 width=20) (actual time=0.035..129.070 rows=1000000 loops=1)
 Planning time: 0.272 ms
 Execution time: 406.729 ms
(9 rows)

===== 338 [Wed Mar  7 02:56:32 CET 2018] scale:1000000 groups:10000 work_mem:4MB incremental:on max_workers:0 =====
SELECT * FROM s_2 ORDER BY a, b, c
                                                                   QUERY PLAN                                                                   
------------------------------------------------------------------------------------------------------------------------------------------------
 Limit  (cost=86822.38..86822.38 rows=1 width=20) (actual time=274.530..274.530 rows=0 loops=1)
   ->  Incremental Sort  (cost=1.00..76822.38 rows=1000000 width=20) (actual time=0.077..252.649 rows=1000000 loops=1)
         Sort Key: s_2.a, s_2.b, s_2.c
         Presorted Key: s_2.a, s_2.b
         Sort Method: quicksort  Memory: 27kB
         Sort Groups: 31246
         ->  Index Scan using s_2_a_b_idx on s_2  (cost=0.42..40712.74 rows=1000000 width=20) (actual time=0.034..127.078 rows=1000000 loops=1)
 Planning time: 0.296 ms
 Execution time: 274.552 ms
(9 rows)

===== 339 [Wed Mar  7 02:56:33 CET 2018] scale:1000000 groups:10000 work_mem:4MB incremental:on max_workers:0 =====
SELECT * FROM s_3 ORDER BY a, b, c, d
                                                                    QUERY PLAN                                                                    
--------------------------------------------------------------------------------------------------------------------------------------------------
 Limit  (cost=91254.38..91254.38 rows=1 width=20) (actual time=281.356..281.356 rows=0 loops=1)
   ->  Incremental Sort  (cost=1.04..81254.38 rows=1000000 width=20) (actual time=0.079..259.487 rows=1000000 loops=1)
         Sort Key: s_3.a, s_3.b, s_3.c, s_3.d
         Presorted Key: s_3.a, s_3.b, s_3.c
         Sort Method: quicksort  Memory: 27kB
         Sort Groups: 31250
         ->  Index Scan using s_3_a_b_c_idx on s_3  (cost=0.42..45144.74 rows=1000000 width=20) (actual time=0.034..133.966 rows=1000000 loops=1)
 Planning time: 0.285 ms
 Execution time: 281.378 ms
(9 rows)

===== 340 [Wed Mar  7 02:56:34 CET 2018] scale:1000000 groups:10000 work_mem:4MB incremental:on max_workers:0 =====
SELECT * FROM s_4 ORDER BY a, b, c, d, e
                                                                     QUERY PLAN                                                                     
----------------------------------------------------------------------------------------------------------------------------------------------------
 Limit  (cost=91254.38..91254.38 rows=1 width=20) (actual time=279.531..279.531 rows=0 loops=1)
   ->  Incremental Sort  (cost=1.04..81254.38 rows=1000000 width=20) (actual time=0.083..257.428 rows=1000000 loops=1)
         Sort Key: s_4.a, s_4.b, s_4.c, s_4.d, s_4.e
         Presorted Key: s_4.a, s_4.b, s_4.c, s_4.d
         Sort Method: quicksort  Memory: 27kB
         Sort Groups: 31250
         ->  Index Scan using s_4_a_b_c_d_idx on s_4  (cost=0.42..45144.74 rows=1000000 width=20) (actual time=0.036..133.569 rows=1000000 loops=1)
 Planning time: 0.283 ms
 Execution time: 279.552 ms
(9 rows)

===== 341 [Wed Mar  7 02:56:35 CET 2018] scale:1000000 groups:10000 work_mem:4MB incremental:off max_workers:0 =====
SELECT * FROM s_1 ORDER BY a, b
                                                        QUERY PLAN                                                         
---------------------------------------------------------------------------------------------------------------------------
 Limit  (cost=149037.84..149037.84 rows=1 width=20) (actual time=511.204..511.204 rows=0 loops=1)
   ->  Sort  (cost=136537.84..139037.84 rows=1000000 width=20) (actual time=406.876..489.293 rows=1000000 loops=1)
         Sort Key: s_1.a, s_1.b
         Sort Method: external merge  Disk: 29360kB
         ->  Seq Scan on s_1  (cost=0.00..16370.00 rows=1000000 width=20) (actual time=0.007..51.478 rows=1000000 loops=1)
 Planning time: 0.263 ms
 Execution time: 514.843 ms
(7 rows)

===== 342 [Wed Mar  7 02:56:38 CET 2018] scale:1000000 groups:10000 work_mem:4MB incremental:off max_workers:0 =====
SELECT * FROM s_2 ORDER BY a, b, c
                                                        QUERY PLAN                                                         
---------------------------------------------------------------------------------------------------------------------------
 Limit  (cost=149037.84..149037.84 rows=1 width=20) (actual time=410.684..410.684 rows=0 loops=1)
   ->  Sort  (cost=136537.84..139037.84 rows=1000000 width=20) (actual time=306.471..388.742 rows=1000000 loops=1)
         Sort Key: s_2.a, s_2.b, s_2.c
         Sort Method: external merge  Disk: 29360kB
         ->  Seq Scan on s_2  (cost=0.00..16370.00 rows=1000000 width=20) (actual time=0.004..51.666 rows=1000000 loops=1)
 Planning time: 0.280 ms
 Execution time: 414.302 ms
(7 rows)

===== 343 [Wed Mar  7 02:56:40 CET 2018] scale:1000000 groups:10000 work_mem:4MB incremental:off max_workers:0 =====
SELECT * FROM s_3 ORDER BY a, b, c, d
                                                        QUERY PLAN                                                         
---------------------------------------------------------------------------------------------------------------------------
 Limit  (cost=149037.84..149037.84 rows=1 width=20) (actual time=333.437..333.437 rows=0 loops=1)
   ->  Sort  (cost=136537.84..139037.84 rows=1000000 width=20) (actual time=228.846..311.553 rows=1000000 loops=1)
         Sort Key: s_3.a, s_3.b, s_3.c, s_3.d
         Sort Method: external merge  Disk: 29360kB
         ->  Seq Scan on s_3  (cost=0.00..16370.00 rows=1000000 width=20) (actual time=0.007..51.937 rows=1000000 loops=1)
 Planning time: 0.274 ms
 Execution time: 337.066 ms
(7 rows)

===== 344 [Wed Mar  7 02:56:42 CET 2018] scale:1000000 groups:10000 work_mem:4MB incremental:off max_workers:0 =====
SELECT * FROM s_4 ORDER BY a, b, c, d, e
                                                        QUERY PLAN                                                         
---------------------------------------------------------------------------------------------------------------------------
 Limit  (cost=149037.84..149037.84 rows=1 width=20) (actual time=330.704..330.704 rows=0 loops=1)
   ->  Sort  (cost=136537.84..139037.84 rows=1000000 width=20) (actual time=226.020..308.806 rows=1000000 loops=1)
         Sort Key: s_4.a, s_4.b, s_4.c, s_4.d, s_4.e
         Sort Method: external merge  Disk: 29360kB
         ->  Seq Scan on s_4  (cost=0.00..16370.00 rows=1000000 width=20) (actual time=0.011..51.966 rows=1000000 loops=1)
 Planning time: 0.267 ms
 Execution time: 334.328 ms
(7 rows)

===== 345 [Wed Mar  7 02:56:43 CET 2018] scale:1000000 groups:10000 work_mem:8MB incremental:on max_workers:0 =====
SELECT * FROM s_1 ORDER BY a, b
                                                                  QUERY PLAN                                                                  
----------------------------------------------------------------------------------------------------------------------------------------------
 Limit  (cost=93291.67..93291.67 rows=1 width=20) (actual time=393.010..393.010 rows=0 loops=1)
   ->  Incremental Sort  (cost=7.00..83291.67 rows=1000000 width=20) (actual time=0.075..370.963 rows=1000000 loops=1)
         Sort Key: s_1.a, s_1.b
         Presorted Key: s_1.a
         Sort Method: quicksort  Memory: 35kB
         Sort Groups: 10001
         ->  Index Scan using s_1_a_idx on s_1  (cost=0.42..32353.42 rows=1000000 width=20) (actual time=0.018..117.062 rows=1000000 loops=1)
 Planning time: 0.279 ms
 Execution time: 393.035 ms
(9 rows)

===== 346 [Wed Mar  7 02:56:45 CET 2018] scale:1000000 groups:10000 work_mem:8MB incremental:on max_workers:0 =====
SELECT * FROM s_2 ORDER BY a, b, c
                                                                   QUERY PLAN                                                                   
------------------------------------------------------------------------------------------------------------------------------------------------
 Limit  (cost=86822.38..86822.38 rows=1 width=20) (actual time=261.316..261.316 rows=0 loops=1)
   ->  Incremental Sort  (cost=1.00..76822.38 rows=1000000 width=20) (actual time=0.058..239.471 rows=1000000 loops=1)
         Sort Key: s_2.a, s_2.b, s_2.c
         Presorted Key: s_2.a, s_2.b
         Sort Method: quicksort  Memory: 27kB
         Sort Groups: 31246
         ->  Index Scan using s_2_a_b_idx on s_2  (cost=0.42..40712.74 rows=1000000 width=20) (actual time=0.015..115.260 rows=1000000 loops=1)
 Planning time: 0.287 ms
 Execution time: 261.338 ms
(9 rows)

===== 347 [Wed Mar  7 02:56:47 CET 2018] scale:1000000 groups:10000 work_mem:8MB incremental:on max_workers:0 =====
SELECT * FROM s_3 ORDER BY a, b, c, d
                                                                    QUERY PLAN                                                                    
--------------------------------------------------------------------------------------------------------------------------------------------------
 Limit  (cost=91254.38..91254.38 rows=1 width=20) (actual time=263.917..263.917 rows=0 loops=1)
   ->  Incremental Sort  (cost=1.04..81254.38 rows=1000000 width=20) (actual time=0.064..242.120 rows=1000000 loops=1)
         Sort Key: s_3.a, s_3.b, s_3.c, s_3.d
         Presorted Key: s_3.a, s_3.b, s_3.c
         Sort Method: quicksort  Memory: 27kB
         Sort Groups: 31250
         ->  Index Scan using s_3_a_b_c_idx on s_3  (cost=0.42..45144.74 rows=1000000 width=20) (actual time=0.018..118.499 rows=1000000 loops=1)
 Planning time: 0.283 ms
 Execution time: 263.938 ms
(9 rows)

===== 348 [Wed Mar  7 02:56:48 CET 2018] scale:1000000 groups:10000 work_mem:8MB incremental:on max_workers:0 =====
SELECT * FROM s_4 ORDER BY a, b, c, d, e
                                                                     QUERY PLAN                                                                     
----------------------------------------------------------------------------------------------------------------------------------------------------
 Limit  (cost=91254.38..91254.38 rows=1 width=20) (actual time=262.493..262.493 rows=0 loops=1)
   ->  Incremental Sort  (cost=1.04..81254.38 rows=1000000 width=20) (actual time=0.065..240.478 rows=1000000 loops=1)
         Sort Key: s_4.a, s_4.b, s_4.c, s_4.d, s_4.e
         Presorted Key: s_4.a, s_4.b, s_4.c, s_4.d
         Sort Method: quicksort  Memory: 27kB
         Sort Groups: 31250
         ->  Index Scan using s_4_a_b_c_d_idx on s_4  (cost=0.42..45144.74 rows=1000000 width=20) (actual time=0.019..118.408 rows=1000000 loops=1)
 Planning time: 0.284 ms
 Execution time: 262.515 ms
(9 rows)

===== 349 [Wed Mar  7 02:56:49 CET 2018] scale:1000000 groups:10000 work_mem:8MB incremental:off max_workers:0 =====
SELECT * FROM s_1 ORDER BY a, b
                                                        QUERY PLAN                                                         
---------------------------------------------------------------------------------------------------------------------------
 Limit  (cost=149037.84..149037.84 rows=1 width=20) (actual time=499.202..499.202 rows=0 loops=1)
   ->  Sort  (cost=136537.84..139037.84 rows=1000000 width=20) (actual time=396.816..477.377 rows=1000000 loops=1)
         Sort Key: s_1.a, s_1.b
         Sort Method: external merge  Disk: 29360kB
         ->  Seq Scan on s_1  (cost=0.00..16370.00 rows=1000000 width=20) (actual time=0.007..51.790 rows=1000000 loops=1)
 Planning time: 0.271 ms
 Execution time: 502.980 ms
(7 rows)

===== 350 [Wed Mar  7 02:56:52 CET 2018] scale:1000000 groups:10000 work_mem:8MB incremental:off max_workers:0 =====
SELECT * FROM s_2 ORDER BY a, b, c
                                                        QUERY PLAN                                                         
---------------------------------------------------------------------------------------------------------------------------
 Limit  (cost=149037.84..149037.84 rows=1 width=20) (actual time=388.750..388.750 rows=0 loops=1)
   ->  Sort  (cost=136537.84..139037.84 rows=1000000 width=20) (actual time=286.810..366.967 rows=1000000 loops=1)
         Sort Key: s_2.a, s_2.b, s_2.c
         Sort Method: external merge  Disk: 29360kB
         ->  Seq Scan on s_2  (cost=0.00..16370.00 rows=1000000 width=20) (actual time=0.004..51.865 rows=1000000 loops=1)
 Planning time: 0.288 ms
 Execution time: 392.540 ms
(7 rows)

===== 351 [Wed Mar  7 02:56:54 CET 2018] scale:1000000 groups:10000 work_mem:8MB incremental:off max_workers:0 =====
SELECT * FROM s_3 ORDER BY a, b, c, d
                                                        QUERY PLAN                                                         
---------------------------------------------------------------------------------------------------------------------------
 Limit  (cost=149037.84..149037.84 rows=1 width=20) (actual time=303.319..303.319 rows=0 loops=1)
   ->  Sort  (cost=136537.84..139037.84 rows=1000000 width=20) (actual time=201.038..281.562 rows=1000000 loops=1)
         Sort Key: s_3.a, s_3.b, s_3.c, s_3.d
         Sort Method: external merge  Disk: 29360kB
         ->  Seq Scan on s_3  (cost=0.00..16370.00 rows=1000000 width=20) (actual time=0.007..52.192 rows=1000000 loops=1)
 Planning time: 0.275 ms
 Execution time: 307.094 ms
(7 rows)

===== 352 [Wed Mar  7 02:56:55 CET 2018] scale:1000000 groups:10000 work_mem:8MB incremental:off max_workers:0 =====
SELECT * FROM s_4 ORDER BY a, b, c, d, e
                                                        QUERY PLAN                                                         
---------------------------------------------------------------------------------------------------------------------------
 Limit  (cost=149037.84..149037.84 rows=1 width=20) (actual time=300.233..300.233 rows=0 loops=1)
   ->  Sort  (cost=136537.84..139037.84 rows=1000000 width=20) (actual time=198.086..278.506 rows=1000000 loops=1)
         Sort Key: s_4.a, s_4.b, s_4.c, s_4.d, s_4.e
         Sort Method: external merge  Disk: 29360kB
         ->  Seq Scan on s_4  (cost=0.00..16370.00 rows=1000000 width=20) (actual time=0.016..52.279 rows=1000000 loops=1)
 Planning time: 0.269 ms
 Execution time: 304.007 ms
(7 rows)

===== 353 [Wed Mar  7 02:56:57 CET 2018] scale:1000000 groups:10000 work_mem:16MB incremental:on max_workers:0 =====
SELECT * FROM s_1 ORDER BY a, b
                                                                  QUERY PLAN                                                                  
----------------------------------------------------------------------------------------------------------------------------------------------
 Limit  (cost=93291.67..93291.67 rows=1 width=20) (actual time=393.077..393.077 rows=0 loops=1)
   ->  Incremental Sort  (cost=7.00..83291.67 rows=1000000 width=20) (actual time=0.085..371.012 rows=1000000 loops=1)
         Sort Key: s_1.a, s_1.b
         Presorted Key: s_1.a
         Sort Method: quicksort  Memory: 35kB
         Sort Groups: 10001
         ->  Index Scan using s_1_a_idx on s_1  (cost=0.42..32353.42 rows=1000000 width=20) (actual time=0.019..117.121 rows=1000000 loops=1)
 Planning time: 0.272 ms
 Execution time: 393.102 ms
(9 rows)

===== 354 [Wed Mar  7 02:56:59 CET 2018] scale:1000000 groups:10000 work_mem:16MB incremental:on max_workers:0 =====
SELECT * FROM s_2 ORDER BY a, b, c
                                                                   QUERY PLAN                                                                   
------------------------------------------------------------------------------------------------------------------------------------------------
 Limit  (cost=86822.38..86822.38 rows=1 width=20) (actual time=261.427..261.427 rows=0 loops=1)
   ->  Incremental Sort  (cost=1.00..76822.38 rows=1000000 width=20) (actual time=0.059..239.578 rows=1000000 loops=1)
         Sort Key: s_2.a, s_2.b, s_2.c
         Presorted Key: s_2.a, s_2.b
         Sort Method: quicksort  Memory: 27kB
         Sort Groups: 31246
         ->  Index Scan using s_2_a_b_idx on s_2  (cost=0.42..40712.74 rows=1000000 width=20) (actual time=0.015..115.360 rows=1000000 loops=1)
 Planning time: 0.299 ms
 Execution time: 261.448 ms
(9 rows)

===== 355 [Wed Mar  7 02:57:00 CET 2018] scale:1000000 groups:10000 work_mem:16MB incremental:on max_workers:0 =====
SELECT * FROM s_3 ORDER BY a, b, c, d
                                                                    QUERY PLAN                                                                    
--------------------------------------------------------------------------------------------------------------------------------------------------
 Limit  (cost=91254.38..91254.38 rows=1 width=20) (actual time=263.843..263.843 rows=0 loops=1)
   ->  Incremental Sort  (cost=1.04..81254.38 rows=1000000 width=20) (actual time=0.066..242.042 rows=1000000 loops=1)
         Sort Key: s_3.a, s_3.b, s_3.c, s_3.d
         Presorted Key: s_3.a, s_3.b, s_3.c
         Sort Method: quicksort  Memory: 27kB
         Sort Groups: 31250
         ->  Index Scan using s_3_a_b_c_idx on s_3  (cost=0.42..45144.74 rows=1000000 width=20) (actual time=0.017..118.441 rows=1000000 loops=1)
 Planning time: 0.284 ms
 Execution time: 263.863 ms
(9 rows)

===== 356 [Wed Mar  7 02:57:01 CET 2018] scale:1000000 groups:10000 work_mem:16MB incremental:on max_workers:0 =====
SELECT * FROM s_4 ORDER BY a, b, c, d, e
                                                                     QUERY PLAN                                                                     
----------------------------------------------------------------------------------------------------------------------------------------------------
 Limit  (cost=91254.38..91254.38 rows=1 width=20) (actual time=262.510..262.510 rows=0 loops=1)
   ->  Incremental Sort  (cost=1.04..81254.38 rows=1000000 width=20) (actual time=0.065..240.470 rows=1000000 loops=1)
         Sort Key: s_4.a, s_4.b, s_4.c, s_4.d, s_4.e
         Presorted Key: s_4.a, s_4.b, s_4.c, s_4.d
         Sort Method: quicksort  Memory: 27kB
         Sort Groups: 31250
         ->  Index Scan using s_4_a_b_c_d_idx on s_4  (cost=0.42..45144.74 rows=1000000 width=20) (actual time=0.019..118.416 rows=1000000 loops=1)
 Planning time: 0.283 ms
 Execution time: 262.531 ms
(9 rows)

===== 357 [Wed Mar  7 02:57:02 CET 2018] scale:1000000 groups:10000 work_mem:16MB incremental:off max_workers:0 =====
SELECT * FROM s_1 ORDER BY a, b
                                                        QUERY PLAN                                                         
---------------------------------------------------------------------------------------------------------------------------
 Limit  (cost=149037.84..149037.84 rows=1 width=20) (actual time=516.000..516.000 rows=0 loops=1)
   ->  Sort  (cost=136537.84..139037.84 rows=1000000 width=20) (actual time=415.543..494.223 rows=1000000 loops=1)
         Sort Key: s_1.a, s_1.b
         Sort Method: external merge  Disk: 29392kB
         ->  Seq Scan on s_1  (cost=0.00..16370.00 rows=1000000 width=20) (actual time=0.007..52.364 rows=1000000 loops=1)
 Planning time: 0.277 ms
 Execution time: 520.129 ms
(7 rows)

===== 358 [Wed Mar  7 02:57:05 CET 2018] scale:1000000 groups:10000 work_mem:16MB incremental:off max_workers:0 =====
SELECT * FROM s_2 ORDER BY a, b, c
                                                        QUERY PLAN                                                         
---------------------------------------------------------------------------------------------------------------------------
 Limit  (cost=149037.84..149037.84 rows=1 width=20) (actual time=401.205..401.205 rows=0 loops=1)
   ->  Sort  (cost=136537.84..139037.84 rows=1000000 width=20) (actual time=300.866..379.413 rows=1000000 loops=1)
         Sort Key: s_2.a, s_2.b, s_2.c
         Sort Method: external merge  Disk: 29392kB
         ->  Seq Scan on s_2  (cost=0.00..16370.00 rows=1000000 width=20) (actual time=0.004..52.402 rows=1000000 loops=1)
 Planning time: 0.283 ms
 Execution time: 405.351 ms
(7 rows)

===== 359 [Wed Mar  7 02:57:07 CET 2018] scale:1000000 groups:10000 work_mem:16MB incremental:off max_workers:0 =====
SELECT * FROM s_3 ORDER BY a, b, c, d
                                                        QUERY PLAN                                                         
---------------------------------------------------------------------------------------------------------------------------
 Limit  (cost=149037.84..149037.84 rows=1 width=20) (actual time=309.798..309.798 rows=0 loops=1)
   ->  Sort  (cost=136537.84..139037.84 rows=1000000 width=20) (actual time=208.982..288.002 rows=1000000 loops=1)
         Sort Key: s_3.a, s_3.b, s_3.c, s_3.d
         Sort Method: external merge  Disk: 29392kB
         ->  Seq Scan on s_3  (cost=0.00..16370.00 rows=1000000 width=20) (actual time=0.007..52.802 rows=1000000 loops=1)
 Planning time: 0.276 ms
 Execution time: 313.939 ms
(7 rows)

===== 360 [Wed Mar  7 02:57:09 CET 2018] scale:1000000 groups:10000 work_mem:16MB incremental:off max_workers:0 =====
SELECT * FROM s_4 ORDER BY a, b, c, d, e
                                                        QUERY PLAN                                                         
---------------------------------------------------------------------------------------------------------------------------
 Limit  (cost=149037.84..149037.84 rows=1 width=20) (actual time=306.094..306.094 rows=0 loops=1)
   ->  Sort  (cost=136537.84..139037.84 rows=1000000 width=20) (actual time=205.749..284.315 rows=1000000 loops=1)
         Sort Key: s_4.a, s_4.b, s_4.c, s_4.d, s_4.e
         Sort Method: external merge  Disk: 29392kB
         ->  Seq Scan on s_4  (cost=0.00..16370.00 rows=1000000 width=20) (actual time=0.010..52.822 rows=1000000 loops=1)
 Planning time: 0.268 ms
 Execution time: 310.234 ms
(7 rows)

===== 361 [Wed Mar  7 02:57:10 CET 2018] scale:1000000 groups:10000 work_mem:32MB incremental:on max_workers:0 =====
SELECT * FROM s_1 ORDER BY a, b
                                                                  QUERY PLAN                                                                  
----------------------------------------------------------------------------------------------------------------------------------------------
 Limit  (cost=93291.67..93291.67 rows=1 width=20) (actual time=392.941..392.941 rows=0 loops=1)
   ->  Incremental Sort  (cost=7.00..83291.67 rows=1000000 width=20) (actual time=0.076..370.911 rows=1000000 loops=1)
         Sort Key: s_1.a, s_1.b
         Presorted Key: s_1.a
         Sort Method: quicksort  Memory: 35kB
         Sort Groups: 10001
         ->  Index Scan using s_1_a_idx on s_1  (cost=0.42..32353.42 rows=1000000 width=20) (actual time=0.018..117.017 rows=1000000 loops=1)
 Planning time: 0.270 ms
 Execution time: 392.967 ms
(9 rows)

===== 362 [Wed Mar  7 02:57:12 CET 2018] scale:1000000 groups:10000 work_mem:32MB incremental:on max_workers:0 =====
SELECT * FROM s_2 ORDER BY a, b, c
                                                                   QUERY PLAN                                                                   
------------------------------------------------------------------------------------------------------------------------------------------------
 Limit  (cost=86822.38..86822.38 rows=1 width=20) (actual time=261.347..261.347 rows=0 loops=1)
   ->  Incremental Sort  (cost=1.00..76822.38 rows=1000000 width=20) (actual time=0.058..239.501 rows=1000000 loops=1)
         Sort Key: s_2.a, s_2.b, s_2.c
         Presorted Key: s_2.a, s_2.b
         Sort Method: quicksort  Memory: 27kB
         Sort Groups: 31246
         ->  Index Scan using s_2_a_b_idx on s_2  (cost=0.42..40712.74 rows=1000000 width=20) (actual time=0.015..115.305 rows=1000000 loops=1)
 Planning time: 0.291 ms
 Execution time: 261.369 ms
(9 rows)

===== 363 [Wed Mar  7 02:57:14 CET 2018] scale:1000000 groups:10000 work_mem:32MB incremental:on max_workers:0 =====
SELECT * FROM s_3 ORDER BY a, b, c, d
                                                                    QUERY PLAN                                                                    
--------------------------------------------------------------------------------------------------------------------------------------------------
 Limit  (cost=91254.38..91254.38 rows=1 width=20) (actual time=263.840..263.840 rows=0 loops=1)
   ->  Incremental Sort  (cost=1.04..81254.38 rows=1000000 width=20) (actual time=0.063..242.038 rows=1000000 loops=1)
         Sort Key: s_3.a, s_3.b, s_3.c, s_3.d
         Presorted Key: s_3.a, s_3.b, s_3.c
         Sort Method: quicksort  Memory: 27kB
         Sort Groups: 31250
         ->  Index Scan using s_3_a_b_c_idx on s_3  (cost=0.42..45144.74 rows=1000000 width=20) (actual time=0.017..118.472 rows=1000000 loops=1)
 Planning time: 0.295 ms
 Execution time: 263.861 ms
(9 rows)

===== 364 [Wed Mar  7 02:57:15 CET 2018] scale:1000000 groups:10000 work_mem:32MB incremental:on max_workers:0 =====
SELECT * FROM s_4 ORDER BY a, b, c, d, e
                                                                     QUERY PLAN                                                                     
----------------------------------------------------------------------------------------------------------------------------------------------------
 Limit  (cost=91254.38..91254.38 rows=1 width=20) (actual time=262.402..262.402 rows=0 loops=1)
   ->  Incremental Sort  (cost=1.04..81254.38 rows=1000000 width=20) (actual time=0.071..240.355 rows=1000000 loops=1)
         Sort Key: s_4.a, s_4.b, s_4.c, s_4.d, s_4.e
         Presorted Key: s_4.a, s_4.b, s_4.c, s_4.d
         Sort Method: quicksort  Memory: 27kB
         Sort Groups: 31250
         ->  Index Scan using s_4_a_b_c_d_idx on s_4  (cost=0.42..45144.74 rows=1000000 width=20) (actual time=0.019..118.347 rows=1000000 loops=1)
 Planning time: 0.283 ms
 Execution time: 262.422 ms
(9 rows)

===== 365 [Wed Mar  7 02:57:16 CET 2018] scale:1000000 groups:10000 work_mem:32MB incremental:off max_workers:0 =====
SELECT * FROM s_1 ORDER BY a, b
                                                        QUERY PLAN                                                         
---------------------------------------------------------------------------------------------------------------------------
 Limit  (cost=149037.84..149037.84 rows=1 width=20) (actual time=536.176..536.176 rows=0 loops=1)
   ->  Sort  (cost=136537.84..139037.84 rows=1000000 width=20) (actual time=437.597..514.347 rows=1000000 loops=1)
         Sort Key: s_1.a, s_1.b
         Sort Method: external merge  Disk: 29360kB
         ->  Seq Scan on s_1  (cost=0.00..16370.00 rows=1000000 width=20) (actual time=0.007..53.537 rows=1000000 loops=1)
 Planning time: 0.267 ms
 Execution time: 540.606 ms
(7 rows)

===== 366 [Wed Mar  7 02:57:19 CET 2018] scale:1000000 groups:10000 work_mem:32MB incremental:off max_workers:0 =====
SELECT * FROM s_2 ORDER BY a, b, c
                                                        QUERY PLAN                                                         
---------------------------------------------------------------------------------------------------------------------------
 Limit  (cost=149037.84..149037.84 rows=1 width=20) (actual time=418.545..418.545 rows=0 loops=1)
   ->  Sort  (cost=136537.84..139037.84 rows=1000000 width=20) (actual time=320.626..396.749 rows=1000000 loops=1)
         Sort Key: s_2.a, s_2.b, s_2.c
         Sort Method: external merge  Disk: 29360kB
         ->  Seq Scan on s_2  (cost=0.00..16370.00 rows=1000000 width=20) (actual time=0.004..53.526 rows=1000000 loops=1)
 Planning time: 0.278 ms
 Execution time: 422.978 ms
(7 rows)

===== 367 [Wed Mar  7 02:57:21 CET 2018] scale:1000000 groups:10000 work_mem:32MB incremental:off max_workers:0 =====
SELECT * FROM s_3 ORDER BY a, b, c, d
                                                        QUERY PLAN                                                         
---------------------------------------------------------------------------------------------------------------------------
 Limit  (cost=149037.84..149037.84 rows=1 width=20) (actual time=321.970..321.970 rows=0 loops=1)
   ->  Sort  (cost=136537.84..139037.84 rows=1000000 width=20) (actual time=223.275..300.146 rows=1000000 loops=1)
         Sort Key: s_3.a, s_3.b, s_3.c, s_3.d
         Sort Method: external merge  Disk: 29360kB
         ->  Seq Scan on s_3  (cost=0.00..16370.00 rows=1000000 width=20) (actual time=0.007..54.077 rows=1000000 loops=1)
 Planning time: 0.280 ms
 Execution time: 326.388 ms
(7 rows)

===== 368 [Wed Mar  7 02:57:23 CET 2018] scale:1000000 groups:10000 work_mem:32MB incremental:off max_workers:0 =====
SELECT * FROM s_4 ORDER BY a, b, c, d, e
                                                        QUERY PLAN                                                         
---------------------------------------------------------------------------------------------------------------------------
 Limit  (cost=149037.84..149037.84 rows=1 width=20) (actual time=319.224..319.224 rows=0 loops=1)
   ->  Sort  (cost=136537.84..139037.84 rows=1000000 width=20) (actual time=220.174..297.422 rows=1000000 loops=1)
         Sort Key: s_4.a, s_4.b, s_4.c, s_4.d, s_4.e
         Sort Method: external merge  Disk: 29360kB
         ->  Seq Scan on s_4  (cost=0.00..16370.00 rows=1000000 width=20) (actual time=0.011..54.072 rows=1000000 loops=1)
 Planning time: 0.268 ms
 Execution time: 323.660 ms
(7 rows)

===== 369 [Wed Mar  7 02:57:24 CET 2018] scale:1000000 groups:10000 work_mem:64MB incremental:on max_workers:0 =====
SELECT * FROM s_1 ORDER BY a, b
                                                                  QUERY PLAN                                                                  
----------------------------------------------------------------------------------------------------------------------------------------------
 Limit  (cost=93291.67..93291.67 rows=1 width=20) (actual time=393.086..393.086 rows=0 loops=1)
   ->  Incremental Sort  (cost=7.00..83291.67 rows=1000000 width=20) (actual time=0.081..371.032 rows=1000000 loops=1)
         Sort Key: s_1.a, s_1.b
         Presorted Key: s_1.a
         Sort Method: quicksort  Memory: 35kB
         Sort Groups: 10001
         ->  Index Scan using s_1_a_idx on s_1  (cost=0.42..32353.42 rows=1000000 width=20) (actual time=0.022..117.168 rows=1000000 loops=1)
 Planning time: 0.270 ms
 Execution time: 393.112 ms
(9 rows)

===== 370 [Wed Mar  7 02:57:26 CET 2018] scale:1000000 groups:10000 work_mem:64MB incremental:on max_workers:0 =====
SELECT * FROM s_2 ORDER BY a, b, c
                                                                   QUERY PLAN                                                                   
------------------------------------------------------------------------------------------------------------------------------------------------
 Limit  (cost=86822.38..86822.38 rows=1 width=20) (actual time=261.381..261.381 rows=0 loops=1)
   ->  Incremental Sort  (cost=1.00..76822.38 rows=1000000 width=20) (actual time=0.058..239.553 rows=1000000 loops=1)
         Sort Key: s_2.a, s_2.b, s_2.c
         Presorted Key: s_2.a, s_2.b
         Sort Method: quicksort  Memory: 27kB
         Sort Groups: 31246
         ->  Index Scan using s_2_a_b_idx on s_2  (cost=0.42..40712.74 rows=1000000 width=20) (actual time=0.015..115.319 rows=1000000 loops=1)
 Planning time: 0.296 ms
 Execution time: 261.406 ms
(9 rows)

===== 371 [Wed Mar  7 02:57:28 CET 2018] scale:1000000 groups:10000 work_mem:64MB incremental:on max_workers:0 =====
SELECT * FROM s_3 ORDER BY a, b, c, d
                                                                    QUERY PLAN                                                                    
--------------------------------------------------------------------------------------------------------------------------------------------------
 Limit  (cost=91254.38..91254.38 rows=1 width=20) (actual time=263.800..263.800 rows=0 loops=1)
   ->  Incremental Sort  (cost=1.04..81254.38 rows=1000000 width=20) (actual time=0.063..242.009 rows=1000000 loops=1)
         Sort Key: s_3.a, s_3.b, s_3.c, s_3.d
         Presorted Key: s_3.a, s_3.b, s_3.c
         Sort Method: quicksort  Memory: 27kB
         Sort Groups: 31250
         ->  Index Scan using s_3_a_b_c_idx on s_3  (cost=0.42..45144.74 rows=1000000 width=20) (actual time=0.017..118.476 rows=1000000 loops=1)
 Planning time: 0.287 ms
 Execution time: 263.824 ms
(9 rows)

===== 372 [Wed Mar  7 02:57:29 CET 2018] scale:1000000 groups:10000 work_mem:64MB incremental:on max_workers:0 =====
SELECT * FROM s_4 ORDER BY a, b, c, d, e
                                                                     QUERY PLAN                                                                     
----------------------------------------------------------------------------------------------------------------------------------------------------
 Limit  (cost=91254.38..91254.38 rows=1 width=20) (actual time=262.449..262.449 rows=0 loops=1)
   ->  Incremental Sort  (cost=1.04..81254.38 rows=1000000 width=20) (actual time=0.065..240.399 rows=1000000 loops=1)
         Sort Key: s_4.a, s_4.b, s_4.c, s_4.d, s_4.e
         Presorted Key: s_4.a, s_4.b, s_4.c, s_4.d
         Sort Method: quicksort  Memory: 27kB
         Sort Groups: 31250
         ->  Index Scan using s_4_a_b_c_d_idx on s_4  (cost=0.42..45144.74 rows=1000000 width=20) (actual time=0.019..118.363 rows=1000000 loops=1)
 Planning time: 0.296 ms
 Execution time: 262.470 ms
(9 rows)

===== 373 [Wed Mar  7 02:57:30 CET 2018] scale:1000000 groups:10000 work_mem:64MB incremental:off max_workers:0 =====
SELECT * FROM s_1 ORDER BY a, b
                                                        QUERY PLAN                                                         
---------------------------------------------------------------------------------------------------------------------------
 Limit  (cost=128527.84..128527.84 rows=1 width=20) (actual time=554.177..554.177 rows=0 loops=1)
   ->  Sort  (cost=116027.84..118527.84 rows=1000000 width=20) (actual time=461.002..532.312 rows=1000000 loops=1)
         Sort Key: s_1.a, s_1.b
         Sort Method: external merge  Disk: 29360kB
         ->  Seq Scan on s_1  (cost=0.00..16370.00 rows=1000000 width=20) (actual time=0.007..55.385 rows=1000000 loops=1)
 Planning time: 0.264 ms
 Execution time: 557.589 ms
(7 rows)

===== 374 [Wed Mar  7 02:57:33 CET 2018] scale:1000000 groups:10000 work_mem:64MB incremental:off max_workers:0 =====
SELECT * FROM s_2 ORDER BY a, b, c
                                                        QUERY PLAN                                                         
---------------------------------------------------------------------------------------------------------------------------
 Limit  (cost=128527.84..128527.84 rows=1 width=20) (actual time=437.914..437.914 rows=0 loops=1)
   ->  Sort  (cost=116027.84..118527.84 rows=1000000 width=20) (actual time=345.155..415.973 rows=1000000 loops=1)
         Sort Key: s_2.a, s_2.b, s_2.c
         Sort Method: external merge  Disk: 29360kB
         ->  Seq Scan on s_2  (cost=0.00..16370.00 rows=1000000 width=20) (actual time=0.004..55.286 rows=1000000 loops=1)
 Planning time: 0.287 ms
 Execution time: 441.326 ms
(7 rows)

===== 375 [Wed Mar  7 02:57:35 CET 2018] scale:1000000 groups:10000 work_mem:64MB incremental:off max_workers:0 =====
SELECT * FROM s_3 ORDER BY a, b, c, d
                                                        QUERY PLAN                                                         
---------------------------------------------------------------------------------------------------------------------------
 Limit  (cost=128527.84..128527.84 rows=1 width=20) (actual time=335.221..335.221 rows=0 loops=1)
   ->  Sort  (cost=116027.84..118527.84 rows=1000000 width=20) (actual time=241.649..313.306 rows=1000000 loops=1)
         Sort Key: s_3.a, s_3.b, s_3.c, s_3.d
         Sort Method: external merge  Disk: 29360kB
         ->  Seq Scan on s_3  (cost=0.00..16370.00 rows=1000000 width=20) (actual time=0.007..55.767 rows=1000000 loops=1)
 Planning time: 0.275 ms
 Execution time: 338.633 ms
(7 rows)

===== 376 [Wed Mar  7 02:57:37 CET 2018] scale:1000000 groups:10000 work_mem:64MB incremental:off max_workers:0 =====
SELECT * FROM s_4 ORDER BY a, b, c, d, e
                                                        QUERY PLAN                                                         
---------------------------------------------------------------------------------------------------------------------------
 Limit  (cost=128527.84..128527.84 rows=1 width=20) (actual time=331.091..331.091 rows=0 loops=1)
   ->  Sort  (cost=116027.84..118527.84 rows=1000000 width=20) (actual time=237.707..309.223 rows=1000000 loops=1)
         Sort Key: s_4.a, s_4.b, s_4.c, s_4.d, s_4.e
         Sort Method: external merge  Disk: 29360kB
         ->  Seq Scan on s_4  (cost=0.00..16370.00 rows=1000000 width=20) (actual time=0.011..55.754 rows=1000000 loops=1)
 Planning time: 0.284 ms
 Execution time: 334.507 ms
(7 rows)

===== 377 [Wed Mar  7 02:57:39 CET 2018] scale:1000000 groups:10000 work_mem:128MB incremental:on max_workers:0 =====
SELECT * FROM s_1 ORDER BY a, b
                                                                  QUERY PLAN                                                                  
----------------------------------------------------------------------------------------------------------------------------------------------
 Limit  (cost=93291.67..93291.67 rows=1 width=20) (actual time=393.088..393.088 rows=0 loops=1)
   ->  Incremental Sort  (cost=7.00..83291.67 rows=1000000 width=20) (actual time=0.075..371.031 rows=1000000 loops=1)
         Sort Key: s_1.a, s_1.b
         Presorted Key: s_1.a
         Sort Method: quicksort  Memory: 35kB
         Sort Groups: 10001
         ->  Index Scan using s_1_a_idx on s_1  (cost=0.42..32353.42 rows=1000000 width=20) (actual time=0.018..117.207 rows=1000000 loops=1)
 Planning time: 0.274 ms
 Execution time: 393.113 ms
(9 rows)

===== 378 [Wed Mar  7 02:57:41 CET 2018] scale:1000000 groups:10000 work_mem:128MB incremental:on max_workers:0 =====
SELECT * FROM s_2 ORDER BY a, b, c
                                                                   QUERY PLAN                                                                   
------------------------------------------------------------------------------------------------------------------------------------------------
 Limit  (cost=86822.38..86822.38 rows=1 width=20) (actual time=261.335..261.335 rows=0 loops=1)
   ->  Incremental Sort  (cost=1.00..76822.38 rows=1000000 width=20) (actual time=0.058..239.490 rows=1000000 loops=1)
         Sort Key: s_2.a, s_2.b, s_2.c
         Presorted Key: s_2.a, s_2.b
         Sort Method: quicksort  Memory: 27kB
         Sort Groups: 31246
         ->  Index Scan using s_2_a_b_idx on s_2  (cost=0.42..40712.74 rows=1000000 width=20) (actual time=0.015..115.261 rows=1000000 loops=1)
 Planning time: 0.293 ms
 Execution time: 261.357 ms
(9 rows)

===== 379 [Wed Mar  7 02:57:42 CET 2018] scale:1000000 groups:10000 work_mem:128MB incremental:on max_workers:0 =====
SELECT * FROM s_3 ORDER BY a, b, c, d
                                                                    QUERY PLAN                                                                    
--------------------------------------------------------------------------------------------------------------------------------------------------
 Limit  (cost=91254.38..91254.38 rows=1 width=20) (actual time=263.846..263.846 rows=0 loops=1)
   ->  Incremental Sort  (cost=1.04..81254.38 rows=1000000 width=20) (actual time=0.063..242.044 rows=1000000 loops=1)
         Sort Key: s_3.a, s_3.b, s_3.c, s_3.d
         Presorted Key: s_3.a, s_3.b, s_3.c
         Sort Method: quicksort  Memory: 27kB
         Sort Groups: 31250
         ->  Index Scan using s_3_a_b_c_idx on s_3  (cost=0.42..45144.74 rows=1000000 width=20) (actual time=0.017..118.482 rows=1000000 loops=1)
 Planning time: 0.298 ms
 Execution time: 263.868 ms
(9 rows)

===== 380 [Wed Mar  7 02:57:43 CET 2018] scale:1000000 groups:10000 work_mem:128MB incremental:on max_workers:0 =====
SELECT * FROM s_4 ORDER BY a, b, c, d, e
                                                                     QUERY PLAN                                                                     
----------------------------------------------------------------------------------------------------------------------------------------------------
 Limit  (cost=91254.38..91254.38 rows=1 width=20) (actual time=262.430..262.430 rows=0 loops=1)
   ->  Incremental Sort  (cost=1.04..81254.38 rows=1000000 width=20) (actual time=0.065..240.392 rows=1000000 loops=1)
         Sort Key: s_4.a, s_4.b, s_4.c, s_4.d, s_4.e
         Presorted Key: s_4.a, s_4.b, s_4.c, s_4.d
         Sort Method: quicksort  Memory: 27kB
         Sort Groups: 31250
         ->  Index Scan using s_4_a_b_c_d_idx on s_4  (cost=0.42..45144.74 rows=1000000 width=20) (actual time=0.019..118.297 rows=1000000 loops=1)
 Planning time: 0.289 ms
 Execution time: 262.451 ms
(9 rows)

===== 381 [Wed Mar  7 02:57:44 CET 2018] scale:1000000 groups:10000 work_mem:128MB incremental:off max_workers:0 =====
SELECT * FROM s_1 ORDER BY a, b
                                                        QUERY PLAN                                                         
---------------------------------------------------------------------------------------------------------------------------
 Limit  (cost=128527.84..128527.84 rows=1 width=20) (actual time=465.807..465.807 rows=0 loops=1)
   ->  Sort  (cost=116027.84..118527.84 rows=1000000 width=20) (actual time=389.233..444.135 rows=1000000 loops=1)
         Sort Key: s_1.a, s_1.b
         Sort Method: quicksort  Memory: 102702kB
         ->  Seq Scan on s_1  (cost=0.00..16370.00 rows=1000000 width=20) (actual time=0.007..55.676 rows=1000000 loops=1)
 Planning time: 0.258 ms
 Execution time: 469.860 ms
(7 rows)

===== 382 [Wed Mar  7 02:57:47 CET 2018] scale:1000000 groups:10000 work_mem:128MB incremental:off max_workers:0 =====
SELECT * FROM s_2 ORDER BY a, b, c
                                                        QUERY PLAN                                                         
---------------------------------------------------------------------------------------------------------------------------
 Limit  (cost=128527.84..128527.84 rows=1 width=20) (actual time=342.185..342.185 rows=0 loops=1)
   ->  Sort  (cost=116027.84..118527.84 rows=1000000 width=20) (actual time=286.712..320.381 rows=1000000 loops=1)
         Sort Key: s_2.a, s_2.b, s_2.c
         Sort Method: quicksort  Memory: 102702kB
         ->  Seq Scan on s_2  (cost=0.00..16370.00 rows=1000000 width=20) (actual time=0.004..55.445 rows=1000000 loops=1)
 Planning time: 0.278 ms
 Execution time: 346.246 ms
(7 rows)

===== 383 [Wed Mar  7 02:57:49 CET 2018] scale:1000000 groups:10000 work_mem:128MB incremental:off max_workers:0 =====
SELECT * FROM s_3 ORDER BY a, b, c, d
                                                        QUERY PLAN                                                         
---------------------------------------------------------------------------------------------------------------------------
 Limit  (cost=128527.84..128527.84 rows=1 width=20) (actual time=232.456..232.456 rows=0 loops=1)
   ->  Sort  (cost=116027.84..118527.84 rows=1000000 width=20) (actual time=176.890..210.702 rows=1000000 loops=1)
         Sort Key: s_3.a, s_3.b, s_3.c, s_3.d
         Sort Method: quicksort  Memory: 102702kB
         ->  Seq Scan on s_3  (cost=0.00..16370.00 rows=1000000 width=20) (actual time=0.007..55.999 rows=1000000 loops=1)
 Planning time: 0.271 ms
 Execution time: 236.510 ms
(7 rows)

===== 384 [Wed Mar  7 02:57:50 CET 2018] scale:1000000 groups:10000 work_mem:128MB incremental:off max_workers:0 =====
SELECT * FROM s_4 ORDER BY a, b, c, d, e
                                                        QUERY PLAN                                                         
---------------------------------------------------------------------------------------------------------------------------
 Limit  (cost=128527.84..128527.84 rows=1 width=20) (actual time=230.244..230.244 rows=0 loops=1)
   ->  Sort  (cost=116027.84..118527.84 rows=1000000 width=20) (actual time=174.952..208.379 rows=1000000 loops=1)
         Sort Key: s_4.a, s_4.b, s_4.c, s_4.d, s_4.e
         Sort Method: quicksort  Memory: 102702kB
         ->  Seq Scan on s_4  (cost=0.00..16370.00 rows=1000000 width=20) (actual time=0.011..55.985 rows=1000000 loops=1)
 Planning time: 0.270 ms
 Execution time: 234.290 ms
(7 rows)

===== 385 [Wed Mar  7 02:57:51 CET 2018] scale:1000000 groups:10000 work_mem:256MB incremental:on max_workers:0 =====
SELECT * FROM s_1 ORDER BY a, b
                                                                  QUERY PLAN                                                                  
----------------------------------------------------------------------------------------------------------------------------------------------
 Limit  (cost=93291.67..93291.67 rows=1 width=20) (actual time=393.047..393.047 rows=0 loops=1)
   ->  Incremental Sort  (cost=7.00..83291.67 rows=1000000 width=20) (actual time=0.075..371.000 rows=1000000 loops=1)
         Sort Key: s_1.a, s_1.b
         Presorted Key: s_1.a
         Sort Method: quicksort  Memory: 35kB
         Sort Groups: 10001
         ->  Index Scan using s_1_a_idx on s_1  (cost=0.42..32353.42 rows=1000000 width=20) (actual time=0.019..117.113 rows=1000000 loops=1)
 Planning time: 0.273 ms
 Execution time: 393.071 ms
(9 rows)

===== 386 [Wed Mar  7 02:57:53 CET 2018] scale:1000000 groups:10000 work_mem:256MB incremental:on max_workers:0 =====
SELECT * FROM s_2 ORDER BY a, b, c
                                                                   QUERY PLAN                                                                   
------------------------------------------------------------------------------------------------------------------------------------------------
 Limit  (cost=86822.38..86822.38 rows=1 width=20) (actual time=261.365..261.365 rows=0 loops=1)
   ->  Incremental Sort  (cost=1.00..76822.38 rows=1000000 width=20) (actual time=0.059..239.480 rows=1000000 loops=1)
         Sort Key: s_2.a, s_2.b, s_2.c
         Presorted Key: s_2.a, s_2.b
         Sort Method: quicksort  Memory: 27kB
         Sort Groups: 31246
         ->  Index Scan using s_2_a_b_idx on s_2  (cost=0.42..40712.74 rows=1000000 width=20) (actual time=0.015..115.337 rows=1000000 loops=1)
 Planning time: 0.295 ms
 Execution time: 261.387 ms
(9 rows)

===== 387 [Wed Mar  7 02:57:54 CET 2018] scale:1000000 groups:10000 work_mem:256MB incremental:on max_workers:0 =====
SELECT * FROM s_3 ORDER BY a, b, c, d
                                                                    QUERY PLAN                                                                    
--------------------------------------------------------------------------------------------------------------------------------------------------
 Limit  (cost=91254.38..91254.38 rows=1 width=20) (actual time=263.870..263.870 rows=0 loops=1)
   ->  Incremental Sort  (cost=1.04..81254.38 rows=1000000 width=20) (actual time=0.062..242.074 rows=1000000 loops=1)
         Sort Key: s_3.a, s_3.b, s_3.c, s_3.d
         Presorted Key: s_3.a, s_3.b, s_3.c
         Sort Method: quicksort  Memory: 27kB
         Sort Groups: 31250
         ->  Index Scan using s_3_a_b_c_idx on s_3  (cost=0.42..45144.74 rows=1000000 width=20) (actual time=0.018..118.522 rows=1000000 loops=1)
 Planning time: 0.293 ms
 Execution time: 263.891 ms
(9 rows)

===== 388 [Wed Mar  7 02:57:55 CET 2018] scale:1000000 groups:10000 work_mem:256MB incremental:on max_workers:0 =====
SELECT * FROM s_4 ORDER BY a, b, c, d, e
                                                                     QUERY PLAN                                                                     
----------------------------------------------------------------------------------------------------------------------------------------------------
 Limit  (cost=91254.38..91254.38 rows=1 width=20) (actual time=262.404..262.404 rows=0 loops=1)
   ->  Incremental Sort  (cost=1.04..81254.38 rows=1000000 width=20) (actual time=0.065..240.365 rows=1000000 loops=1)
         Sort Key: s_4.a, s_4.b, s_4.c, s_4.d, s_4.e
         Presorted Key: s_4.a, s_4.b, s_4.c, s_4.d
         Sort Method: quicksort  Memory: 27kB
         Sort Groups: 31250
         ->  Index Scan using s_4_a_b_c_d_idx on s_4  (cost=0.42..45144.74 rows=1000000 width=20) (actual time=0.019..118.326 rows=1000000 loops=1)
 Planning time: 0.292 ms
 Execution time: 262.426 ms
(9 rows)

===== 389 [Wed Mar  7 02:57:56 CET 2018] scale:1000000 groups:10000 work_mem:256MB incremental:off max_workers:0 =====
SELECT * FROM s_1 ORDER BY a, b
                                                        QUERY PLAN                                                         
---------------------------------------------------------------------------------------------------------------------------
 Limit  (cost=128527.84..128527.84 rows=1 width=20) (actual time=465.773..465.773 rows=0 loops=1)
   ->  Sort  (cost=116027.84..118527.84 rows=1000000 width=20) (actual time=389.114..444.051 rows=1000000 loops=1)
         Sort Key: s_1.a, s_1.b
         Sort Method: quicksort  Memory: 102702kB
         ->  Seq Scan on s_1  (cost=0.00..16370.00 rows=1000000 width=20) (actual time=0.007..55.684 rows=1000000 loops=1)
 Planning time: 0.259 ms
 Execution time: 469.826 ms
(7 rows)

===== 390 [Wed Mar  7 02:57:59 CET 2018] scale:1000000 groups:10000 work_mem:256MB incremental:off max_workers:0 =====
SELECT * FROM s_2 ORDER BY a, b, c
                                                        QUERY PLAN                                                         
---------------------------------------------------------------------------------------------------------------------------
 Limit  (cost=128527.84..128527.84 rows=1 width=20) (actual time=342.051..342.051 rows=0 loops=1)
   ->  Sort  (cost=116027.84..118527.84 rows=1000000 width=20) (actual time=286.637..320.257 rows=1000000 loops=1)
         Sort Key: s_2.a, s_2.b, s_2.c
         Sort Method: quicksort  Memory: 102702kB
         ->  Seq Scan on s_2  (cost=0.00..16370.00 rows=1000000 width=20) (actual time=0.004..55.478 rows=1000000 loops=1)
 Planning time: 0.277 ms
 Execution time: 346.105 ms
(7 rows)

===== 391 [Wed Mar  7 02:58:01 CET 2018] scale:1000000 groups:10000 work_mem:256MB incremental:off max_workers:0 =====
SELECT * FROM s_3 ORDER BY a, b, c, d
                                                        QUERY PLAN                                                         
---------------------------------------------------------------------------------------------------------------------------
 Limit  (cost=128527.84..128527.84 rows=1 width=20) (actual time=232.794..232.794 rows=0 loops=1)
   ->  Sort  (cost=116027.84..118527.84 rows=1000000 width=20) (actual time=177.252..211.023 rows=1000000 loops=1)
         Sort Key: s_3.a, s_3.b, s_3.c, s_3.d
         Sort Method: quicksort  Memory: 102702kB
         ->  Seq Scan on s_3  (cost=0.00..16370.00 rows=1000000 width=20) (actual time=0.007..56.022 rows=1000000 loops=1)
 Planning time: 0.271 ms
 Execution time: 236.861 ms
(7 rows)

===== 392 [Wed Mar  7 02:58:02 CET 2018] scale:1000000 groups:10000 work_mem:256MB incremental:off max_workers:0 =====
SELECT * FROM s_4 ORDER BY a, b, c, d, e
                                                        QUERY PLAN                                                         
---------------------------------------------------------------------------------------------------------------------------
 Limit  (cost=128527.84..128527.84 rows=1 width=20) (actual time=230.244..230.244 rows=0 loops=1)
   ->  Sort  (cost=116027.84..118527.84 rows=1000000 width=20) (actual time=174.973..208.342 rows=1000000 loops=1)
         Sort Key: s_4.a, s_4.b, s_4.c, s_4.d, s_4.e
         Sort Method: quicksort  Memory: 102702kB
         ->  Seq Scan on s_4  (cost=0.00..16370.00 rows=1000000 width=20) (actual time=0.011..56.004 rows=1000000 loops=1)
 Planning time: 0.265 ms
 Execution time: 234.310 ms
(7 rows)

===== 393 [Wed Mar  7 02:58:03 CET 2018] scale:1000000 groups:10000 work_mem:4MB incremental:on max_workers:2 =====
SELECT * FROM s_1 ORDER BY a, b
                                                                  QUERY PLAN                                                                  
----------------------------------------------------------------------------------------------------------------------------------------------
 Limit  (cost=93291.67..93291.67 rows=1 width=20) (actual time=393.072..393.072 rows=0 loops=1)
   ->  Incremental Sort  (cost=7.00..83291.67 rows=1000000 width=20) (actual time=0.075..371.020 rows=1000000 loops=1)
         Sort Key: s_1.a, s_1.b
         Presorted Key: s_1.a
         Sort Method: quicksort  Memory: 35kB
         Sort Groups: 10001
         ->  Index Scan using s_1_a_idx on s_1  (cost=0.42..32353.42 rows=1000000 width=20) (actual time=0.018..117.153 rows=1000000 loops=1)
 Planning time: 0.286 ms
 Execution time: 393.098 ms
(9 rows)

===== 394 [Wed Mar  7 02:58:05 CET 2018] scale:1000000 groups:10000 work_mem:4MB incremental:on max_workers:2 =====
SELECT * FROM s_2 ORDER BY a, b, c
                                                                   QUERY PLAN                                                                   
------------------------------------------------------------------------------------------------------------------------------------------------
 Limit  (cost=86822.38..86822.38 rows=1 width=20) (actual time=261.351..261.351 rows=0 loops=1)
   ->  Incremental Sort  (cost=1.00..76822.38 rows=1000000 width=20) (actual time=0.059..239.516 rows=1000000 loops=1)
         Sort Key: s_2.a, s_2.b, s_2.c
         Presorted Key: s_2.a, s_2.b
         Sort Method: quicksort  Memory: 27kB
         Sort Groups: 31246
         ->  Index Scan using s_2_a_b_idx on s_2  (cost=0.42..40712.74 rows=1000000 width=20) (actual time=0.016..115.263 rows=1000000 loops=1)
 Planning time: 0.300 ms
 Execution time: 261.373 ms
(9 rows)

===== 395 [Wed Mar  7 02:58:06 CET 2018] scale:1000000 groups:10000 work_mem:4MB incremental:on max_workers:2 =====
SELECT * FROM s_3 ORDER BY a, b, c, d
                                                                    QUERY PLAN                                                                    
--------------------------------------------------------------------------------------------------------------------------------------------------
 Limit  (cost=91254.38..91254.38 rows=1 width=20) (actual time=263.826..263.826 rows=0 loops=1)
   ->  Incremental Sort  (cost=1.04..81254.38 rows=1000000 width=20) (actual time=0.074..242.043 rows=1000000 loops=1)
         Sort Key: s_3.a, s_3.b, s_3.c, s_3.d
         Presorted Key: s_3.a, s_3.b, s_3.c
         Sort Method: quicksort  Memory: 27kB
         Sort Groups: 31250
         ->  Index Scan using s_3_a_b_c_idx on s_3  (cost=0.42..45144.74 rows=1000000 width=20) (actual time=0.027..118.475 rows=1000000 loops=1)
 Planning time: 0.296 ms
 Execution time: 263.847 ms
(9 rows)

===== 396 [Wed Mar  7 02:58:07 CET 2018] scale:1000000 groups:10000 work_mem:4MB incremental:on max_workers:2 =====
SELECT * FROM s_4 ORDER BY a, b, c, d, e
                                                                     QUERY PLAN                                                                     
----------------------------------------------------------------------------------------------------------------------------------------------------
 Limit  (cost=91254.38..91254.38 rows=1 width=20) (actual time=263.205..263.205 rows=0 loops=1)
   ->  Incremental Sort  (cost=1.04..81254.38 rows=1000000 width=20) (actual time=0.065..241.224 rows=1000000 loops=1)
         Sort Key: s_4.a, s_4.b, s_4.c, s_4.d, s_4.e
         Presorted Key: s_4.a, s_4.b, s_4.c, s_4.d
         Sort Method: quicksort  Memory: 27kB
         Sort Groups: 31250
         ->  Index Scan using s_4_a_b_c_d_idx on s_4  (cost=0.42..45144.74 rows=1000000 width=20) (actual time=0.019..117.346 rows=1000000 loops=1)
 Planning time: 0.287 ms
 Execution time: 263.227 ms
(9 rows)

===== 397 [Wed Mar  7 02:58:09 CET 2018] scale:1000000 groups:10000 work_mem:4MB incremental:off max_workers:2 =====
SELECT * FROM s_1 ORDER BY a, b
                                                        QUERY PLAN                                                         
---------------------------------------------------------------------------------------------------------------------------
 Limit  (cost=149037.84..149037.84 rows=1 width=20) (actual time=512.083..512.083 rows=0 loops=1)
   ->  Sort  (cost=136537.84..139037.84 rows=1000000 width=20) (actual time=407.746..490.156 rows=1000000 loops=1)
         Sort Key: s_1.a, s_1.b
         Sort Method: external merge  Disk: 29360kB
         ->  Seq Scan on s_1  (cost=0.00..16370.00 rows=1000000 width=20) (actual time=0.007..51.467 rows=1000000 loops=1)
 Planning time: 0.280 ms
 Execution time: 515.723 ms
(7 rows)

===== 398 [Wed Mar  7 02:58:11 CET 2018] scale:1000000 groups:10000 work_mem:4MB incremental:off max_workers:2 =====
SELECT * FROM s_2 ORDER BY a, b, c
                                                        QUERY PLAN                                                         
---------------------------------------------------------------------------------------------------------------------------
 Limit  (cost=149037.84..149037.84 rows=1 width=20) (actual time=410.658..410.658 rows=0 loops=1)
   ->  Sort  (cost=136537.84..139037.84 rows=1000000 width=20) (actual time=306.387..388.735 rows=1000000 loops=1)
         Sort Key: s_2.a, s_2.b, s_2.c
         Sort Method: external merge  Disk: 29360kB
         ->  Seq Scan on s_2  (cost=0.00..16370.00 rows=1000000 width=20) (actual time=0.004..51.511 rows=1000000 loops=1)
 Planning time: 0.285 ms
 Execution time: 414.265 ms
(7 rows)

===== 399 [Wed Mar  7 02:58:13 CET 2018] scale:1000000 groups:10000 work_mem:4MB incremental:off max_workers:2 =====
SELECT * FROM s_3 ORDER BY a, b, c, d
                                                        QUERY PLAN                                                         
---------------------------------------------------------------------------------------------------------------------------
 Limit  (cost=149037.84..149037.84 rows=1 width=20) (actual time=333.528..333.528 rows=0 loops=1)
   ->  Sort  (cost=136537.84..139037.84 rows=1000000 width=20) (actual time=229.009..311.644 rows=1000000 loops=1)
         Sort Key: s_3.a, s_3.b, s_3.c, s_3.d
         Sort Method: external merge  Disk: 29360kB
         ->  Seq Scan on s_3  (cost=0.00..16370.00 rows=1000000 width=20) (actual time=0.007..51.862 rows=1000000 loops=1)
 Planning time: 0.283 ms
 Execution time: 337.161 ms
(7 rows)

===== 400 [Wed Mar  7 02:58:15 CET 2018] scale:1000000 groups:10000 work_mem:4MB incremental:off max_workers:2 =====
SELECT * FROM s_4 ORDER BY a, b, c, d, e
                                                        QUERY PLAN                                                         
---------------------------------------------------------------------------------------------------------------------------
 Limit  (cost=149037.84..149037.84 rows=1 width=20) (actual time=330.377..330.377 rows=0 loops=1)
   ->  Sort  (cost=136537.84..139037.84 rows=1000000 width=20) (actual time=225.727..308.477 rows=1000000 loops=1)
         Sort Key: s_4.a, s_4.b, s_4.c, s_4.d, s_4.e
         Sort Method: external merge  Disk: 29360kB
         ->  Seq Scan on s_4  (cost=0.00..16370.00 rows=1000000 width=20) (actual time=0.011..51.943 rows=1000000 loops=1)
 Planning time: 0.281 ms
 Execution time: 334.017 ms
(7 rows)

===== 401 [Wed Mar  7 02:58:17 CET 2018] scale:1000000 groups:10000 work_mem:8MB incremental:on max_workers:2 =====
SELECT * FROM s_1 ORDER BY a, b
                                                                  QUERY PLAN                                                                  
----------------------------------------------------------------------------------------------------------------------------------------------
 Limit  (cost=93291.67..93291.67 rows=1 width=20) (actual time=385.127..385.127 rows=0 loops=1)
   ->  Incremental Sort  (cost=7.00..83291.67 rows=1000000 width=20) (actual time=0.072..363.345 rows=1000000 loops=1)
         Sort Key: s_1.a, s_1.b
         Presorted Key: s_1.a
         Sort Method: quicksort  Memory: 35kB
         Sort Groups: 10001
         ->  Index Scan using s_1_a_idx on s_1  (cost=0.42..32353.42 rows=1000000 width=20) (actual time=0.019..115.173 rows=1000000 loops=1)
 Planning time: 0.278 ms
 Execution time: 385.149 ms
(9 rows)

===== 402 [Wed Mar  7 02:58:19 CET 2018] scale:1000000 groups:10000 work_mem:8MB incremental:on max_workers:2 =====
SELECT * FROM s_2 ORDER BY a, b, c
                                                                   QUERY PLAN                                                                   
------------------------------------------------------------------------------------------------------------------------------------------------
 Limit  (cost=86822.38..86822.38 rows=1 width=20) (actual time=263.223..263.223 rows=0 loops=1)
   ->  Incremental Sort  (cost=1.00..76822.38 rows=1000000 width=20) (actual time=0.058..241.044 rows=1000000 loops=1)
         Sort Key: s_2.a, s_2.b, s_2.c
         Presorted Key: s_2.a, s_2.b
         Sort Method: quicksort  Memory: 27kB
         Sort Groups: 31246
         ->  Index Scan using s_2_a_b_idx on s_2  (cost=0.42..40712.74 rows=1000000 width=20) (actual time=0.015..115.762 rows=1000000 loops=1)
 Planning time: 0.303 ms
 Execution time: 263.245 ms
(9 rows)

===== 403 [Wed Mar  7 02:58:20 CET 2018] scale:1000000 groups:10000 work_mem:8MB incremental:on max_workers:2 =====
SELECT * FROM s_3 ORDER BY a, b, c, d
                                                                    QUERY PLAN                                                                    
--------------------------------------------------------------------------------------------------------------------------------------------------
 Limit  (cost=91254.38..91254.38 rows=1 width=20) (actual time=263.550..263.550 rows=0 loops=1)
   ->  Incremental Sort  (cost=1.04..81254.38 rows=1000000 width=20) (actual time=0.071..241.577 rows=1000000 loops=1)
         Sort Key: s_3.a, s_3.b, s_3.c, s_3.d
         Presorted Key: s_3.a, s_3.b, s_3.c
         Sort Method: quicksort  Memory: 27kB
         Sort Groups: 31250
         ->  Index Scan using s_3_a_b_c_idx on s_3  (cost=0.42..45144.74 rows=1000000 width=20) (actual time=0.017..118.064 rows=1000000 loops=1)
 Planning time: 0.292 ms
 Execution time: 263.572 ms
(9 rows)

===== 404 [Wed Mar  7 02:58:21 CET 2018] scale:1000000 groups:10000 work_mem:8MB incremental:on max_workers:2 =====
SELECT * FROM s_4 ORDER BY a, b, c, d, e
                                                                     QUERY PLAN                                                                     
----------------------------------------------------------------------------------------------------------------------------------------------------
 Limit  (cost=91254.38..91254.38 rows=1 width=20) (actual time=259.714..259.714 rows=0 loops=1)
   ->  Incremental Sort  (cost=1.04..81254.38 rows=1000000 width=20) (actual time=0.067..237.962 rows=1000000 loops=1)
         Sort Key: s_4.a, s_4.b, s_4.c, s_4.d, s_4.e
         Presorted Key: s_4.a, s_4.b, s_4.c, s_4.d
         Sort Method: quicksort  Memory: 27kB
         Sort Groups: 31250
         ->  Index Scan using s_4_a_b_c_d_idx on s_4  (cost=0.42..45144.74 rows=1000000 width=20) (actual time=0.019..117.503 rows=1000000 loops=1)
 Planning time: 0.291 ms
 Execution time: 259.735 ms
(9 rows)

===== 405 [Wed Mar  7 02:58:22 CET 2018] scale:1000000 groups:10000 work_mem:8MB incremental:off max_workers:2 =====
SELECT * FROM s_1 ORDER BY a, b
                                                        QUERY PLAN                                                         
---------------------------------------------------------------------------------------------------------------------------
 Limit  (cost=149037.84..149037.84 rows=1 width=20) (actual time=499.505..499.505 rows=0 loops=1)
   ->  Sort  (cost=136537.84..139037.84 rows=1000000 width=20) (actual time=397.151..477.674 rows=1000000 loops=1)
         Sort Key: s_1.a, s_1.b
         Sort Method: external merge  Disk: 29360kB
         ->  Seq Scan on s_1  (cost=0.00..16370.00 rows=1000000 width=20) (actual time=0.007..51.762 rows=1000000 loops=1)
 Planning time: 0.269 ms
 Execution time: 503.277 ms
(7 rows)

===== 406 [Wed Mar  7 02:58:25 CET 2018] scale:1000000 groups:10000 work_mem:8MB incremental:off max_workers:2 =====
SELECT * FROM s_2 ORDER BY a, b, c
                                                        QUERY PLAN                                                         
---------------------------------------------------------------------------------------------------------------------------
 Limit  (cost=149037.84..149037.84 rows=1 width=20) (actual time=388.578..388.578 rows=0 loops=1)
   ->  Sort  (cost=136537.84..139037.84 rows=1000000 width=20) (actual time=286.548..366.787 rows=1000000 loops=1)
         Sort Key: s_2.a, s_2.b, s_2.c
         Sort Method: external merge  Disk: 29360kB
         ->  Seq Scan on s_2  (cost=0.00..16370.00 rows=1000000 width=20) (actual time=0.004..51.899 rows=1000000 loops=1)
 Planning time: 0.289 ms
 Execution time: 392.363 ms
(7 rows)

===== 407 [Wed Mar  7 02:58:27 CET 2018] scale:1000000 groups:10000 work_mem:8MB incremental:off max_workers:2 =====
SELECT * FROM s_3 ORDER BY a, b, c, d
                                                        QUERY PLAN                                                         
---------------------------------------------------------------------------------------------------------------------------
 Limit  (cost=149037.84..149037.84 rows=1 width=20) (actual time=303.019..303.019 rows=0 loops=1)
   ->  Sort  (cost=136537.84..139037.84 rows=1000000 width=20) (actual time=200.836..281.241 rows=1000000 loops=1)
         Sort Key: s_3.a, s_3.b, s_3.c, s_3.d
         Sort Method: external merge  Disk: 29360kB
         ->  Seq Scan on s_3  (cost=0.00..16370.00 rows=1000000 width=20) (actual time=0.007..52.246 rows=1000000 loops=1)
 Planning time: 0.277 ms
 Execution time: 306.815 ms
(7 rows)

===== 408 [Wed Mar  7 02:58:28 CET 2018] scale:1000000 groups:10000 work_mem:8MB incremental:off max_workers:2 =====
SELECT * FROM s_4 ORDER BY a, b, c, d, e
                                                        QUERY PLAN                                                         
---------------------------------------------------------------------------------------------------------------------------
 Limit  (cost=149037.84..149037.84 rows=1 width=20) (actual time=300.228..300.228 rows=0 loops=1)
   ->  Sort  (cost=136537.84..139037.84 rows=1000000 width=20) (actual time=198.170..278.472 rows=1000000 loops=1)
         Sort Key: s_4.a, s_4.b, s_4.c, s_4.d, s_4.e
         Sort Method: external merge  Disk: 29360kB
         ->  Seq Scan on s_4  (cost=0.00..16370.00 rows=1000000 width=20) (actual time=0.011..52.259 rows=1000000 loops=1)
 Planning time: 0.271 ms
 Execution time: 304.020 ms
(7 rows)

===== 409 [Wed Mar  7 02:58:30 CET 2018] scale:1000000 groups:10000 work_mem:16MB incremental:on max_workers:2 =====
SELECT * FROM s_1 ORDER BY a, b
                                                                  QUERY PLAN                                                                  
----------------------------------------------------------------------------------------------------------------------------------------------
 Limit  (cost=93291.67..93291.67 rows=1 width=20) (actual time=393.026..393.026 rows=0 loops=1)
   ->  Incremental Sort  (cost=7.00..83291.67 rows=1000000 width=20) (actual time=0.075..370.978 rows=1000000 loops=1)
         Sort Key: s_1.a, s_1.b
         Presorted Key: s_1.a
         Sort Method: quicksort  Memory: 35kB
         Sort Groups: 10001
         ->  Index Scan using s_1_a_idx on s_1  (cost=0.42..32353.42 rows=1000000 width=20) (actual time=0.018..117.123 rows=1000000 loops=1)
 Planning time: 0.274 ms
 Execution time: 393.051 ms
(9 rows)

===== 410 [Wed Mar  7 02:58:32 CET 2018] scale:1000000 groups:10000 work_mem:16MB incremental:on max_workers:2 =====
SELECT * FROM s_2 ORDER BY a, b, c
                                                                   QUERY PLAN                                                                   
------------------------------------------------------------------------------------------------------------------------------------------------
 Limit  (cost=86822.38..86822.38 rows=1 width=20) (actual time=261.377..261.377 rows=0 loops=1)
   ->  Incremental Sort  (cost=1.00..76822.38 rows=1000000 width=20) (actual time=0.059..239.531 rows=1000000 loops=1)
         Sort Key: s_2.a, s_2.b, s_2.c
         Presorted Key: s_2.a, s_2.b
         Sort Method: quicksort  Memory: 27kB
         Sort Groups: 31246
         ->  Index Scan using s_2_a_b_idx on s_2  (cost=0.42..40712.74 rows=1000000 width=20) (actual time=0.016..115.281 rows=1000000 loops=1)
 Planning time: 0.297 ms
 Execution time: 261.400 ms
(9 rows)

===== 411 [Wed Mar  7 02:58:33 CET 2018] scale:1000000 groups:10000 work_mem:16MB incremental:on max_workers:2 =====
SELECT * FROM s_3 ORDER BY a, b, c, d
                                                                    QUERY PLAN                                                                    
--------------------------------------------------------------------------------------------------------------------------------------------------
 Limit  (cost=91254.38..91254.38 rows=1 width=20) (actual time=263.775..263.775 rows=0 loops=1)
   ->  Incremental Sort  (cost=1.04..81254.38 rows=1000000 width=20) (actual time=0.063..241.967 rows=1000000 loops=1)
         Sort Key: s_3.a, s_3.b, s_3.c, s_3.d
         Presorted Key: s_3.a, s_3.b, s_3.c
         Sort Method: quicksort  Memory: 27kB
         Sort Groups: 31250
         ->  Index Scan using s_3_a_b_c_idx on s_3  (cost=0.42..45144.74 rows=1000000 width=20) (actual time=0.017..118.451 rows=1000000 loops=1)
 Planning time: 0.296 ms
 Execution time: 263.796 ms
(9 rows)

===== 412 [Wed Mar  7 02:58:34 CET 2018] scale:1000000 groups:10000 work_mem:16MB incremental:on max_workers:2 =====
SELECT * FROM s_4 ORDER BY a, b, c, d, e
                                                                     QUERY PLAN                                                                     
----------------------------------------------------------------------------------------------------------------------------------------------------
 Limit  (cost=91254.38..91254.38 rows=1 width=20) (actual time=263.302..263.302 rows=0 loops=1)
   ->  Incremental Sort  (cost=1.04..81254.38 rows=1000000 width=20) (actual time=0.074..241.331 rows=1000000 loops=1)
         Sort Key: s_4.a, s_4.b, s_4.c, s_4.d, s_4.e
         Presorted Key: s_4.a, s_4.b, s_4.c, s_4.d
         Sort Method: quicksort  Memory: 27kB
         Sort Groups: 31250
         ->  Index Scan using s_4_a_b_c_d_idx on s_4  (cost=0.42..45144.74 rows=1000000 width=20) (actual time=0.019..117.380 rows=1000000 loops=1)
 Planning time: 0.287 ms
 Execution time: 263.323 ms
(9 rows)

===== 413 [Wed Mar  7 02:58:36 CET 2018] scale:1000000 groups:10000 work_mem:16MB incremental:off max_workers:2 =====
SELECT * FROM s_1 ORDER BY a, b
                                                        QUERY PLAN                                                         
---------------------------------------------------------------------------------------------------------------------------
 Limit  (cost=149037.84..149037.84 rows=1 width=20) (actual time=516.156..516.156 rows=0 loops=1)
   ->  Sort  (cost=136537.84..139037.84 rows=1000000 width=20) (actual time=415.659..494.357 rows=1000000 loops=1)
         Sort Key: s_1.a, s_1.b
         Sort Method: external merge  Disk: 29392kB
         ->  Seq Scan on s_1  (cost=0.00..16370.00 rows=1000000 width=20) (actual time=0.007..52.369 rows=1000000 loops=1)
 Planning time: 0.279 ms
 Execution time: 520.294 ms
(7 rows)

===== 414 [Wed Mar  7 02:58:38 CET 2018] scale:1000000 groups:10000 work_mem:16MB incremental:off max_workers:2 =====
SELECT * FROM s_2 ORDER BY a, b, c
                                                        QUERY PLAN                                                         
---------------------------------------------------------------------------------------------------------------------------
 Limit  (cost=149037.84..149037.84 rows=1 width=20) (actual time=401.232..401.232 rows=0 loops=1)
   ->  Sort  (cost=136537.84..139037.84 rows=1000000 width=20) (actual time=300.866..379.452 rows=1000000 loops=1)
         Sort Key: s_2.a, s_2.b, s_2.c
         Sort Method: external merge  Disk: 29392kB
         ->  Seq Scan on s_2  (cost=0.00..16370.00 rows=1000000 width=20) (actual time=0.004..52.424 rows=1000000 loops=1)
 Planning time: 0.293 ms
 Execution time: 405.381 ms
(7 rows)

===== 415 [Wed Mar  7 02:58:41 CET 2018] scale:1000000 groups:10000 work_mem:16MB incremental:off max_workers:2 =====
SELECT * FROM s_3 ORDER BY a, b, c, d
                                                        QUERY PLAN                                                         
---------------------------------------------------------------------------------------------------------------------------
 Limit  (cost=149037.84..149037.84 rows=1 width=20) (actual time=309.699..309.699 rows=0 loops=1)
   ->  Sort  (cost=136537.84..139037.84 rows=1000000 width=20) (actual time=208.947..287.901 rows=1000000 loops=1)
         Sort Key: s_3.a, s_3.b, s_3.c, s_3.d
         Sort Method: external merge  Disk: 29392kB
         ->  Seq Scan on s_3  (cost=0.00..16370.00 rows=1000000 width=20) (actual time=0.007..52.772 rows=1000000 loops=1)
 Planning time: 0.282 ms
 Execution time: 313.851 ms
(7 rows)

===== 416 [Wed Mar  7 02:58:42 CET 2018] scale:1000000 groups:10000 work_mem:16MB incremental:off max_workers:2 =====
SELECT * FROM s_4 ORDER BY a, b, c, d, e
                                                        QUERY PLAN                                                         
---------------------------------------------------------------------------------------------------------------------------
 Limit  (cost=149037.84..149037.84 rows=1 width=20) (actual time=306.131..306.131 rows=0 loops=1)
   ->  Sort  (cost=136537.84..139037.84 rows=1000000 width=20) (actual time=205.730..284.369 rows=1000000 loops=1)
         Sort Key: s_4.a, s_4.b, s_4.c, s_4.d, s_4.e
         Sort Method: external merge  Disk: 29392kB
         ->  Seq Scan on s_4  (cost=0.00..16370.00 rows=1000000 width=20) (actual time=0.011..52.834 rows=1000000 loops=1)
 Planning time: 0.284 ms
 Execution time: 310.266 ms
(7 rows)

===== 417 [Wed Mar  7 02:58:44 CET 2018] scale:1000000 groups:10000 work_mem:32MB incremental:on max_workers:2 =====
SELECT * FROM s_1 ORDER BY a, b
                                                                  QUERY PLAN                                                                  
----------------------------------------------------------------------------------------------------------------------------------------------
 Limit  (cost=93291.67..93291.67 rows=1 width=20) (actual time=393.006..393.006 rows=0 loops=1)
   ->  Incremental Sort  (cost=7.00..83291.67 rows=1000000 width=20) (actual time=0.075..370.963 rows=1000000 loops=1)
         Sort Key: s_1.a, s_1.b
         Presorted Key: s_1.a
         Sort Method: quicksort  Memory: 35kB
         Sort Groups: 10001
         ->  Index Scan using s_1_a_idx on s_1  (cost=0.42..32353.42 rows=1000000 width=20) (actual time=0.018..117.090 rows=1000000 loops=1)
 Planning time: 0.289 ms
 Execution time: 393.031 ms
(9 rows)

===== 418 [Wed Mar  7 02:58:46 CET 2018] scale:1000000 groups:10000 work_mem:32MB incremental:on max_workers:2 =====
SELECT * FROM s_2 ORDER BY a, b, c
                                                                   QUERY PLAN                                                                   
------------------------------------------------------------------------------------------------------------------------------------------------
 Limit  (cost=86822.38..86822.38 rows=1 width=20) (actual time=261.325..261.325 rows=0 loops=1)
   ->  Incremental Sort  (cost=1.00..76822.38 rows=1000000 width=20) (actual time=0.057..239.483 rows=1000000 loops=1)
         Sort Key: s_2.a, s_2.b, s_2.c
         Presorted Key: s_2.a, s_2.b
         Sort Method: quicksort  Memory: 27kB
         Sort Groups: 31246
         ->  Index Scan using s_2_a_b_idx on s_2  (cost=0.42..40712.74 rows=1000000 width=20) (actual time=0.015..115.251 rows=1000000 loops=1)
 Planning time: 0.298 ms
 Execution time: 261.346 ms
(9 rows)

===== 419 [Wed Mar  7 02:58:47 CET 2018] scale:1000000 groups:10000 work_mem:32MB incremental:on max_workers:2 =====
SELECT * FROM s_3 ORDER BY a, b, c, d
                                                                    QUERY PLAN                                                                    
--------------------------------------------------------------------------------------------------------------------------------------------------
 Limit  (cost=91254.38..91254.38 rows=1 width=20) (actual time=263.866..263.866 rows=0 loops=1)
   ->  Incremental Sort  (cost=1.04..81254.38 rows=1000000 width=20) (actual time=0.063..242.065 rows=1000000 loops=1)
         Sort Key: s_3.a, s_3.b, s_3.c, s_3.d
         Presorted Key: s_3.a, s_3.b, s_3.c
         Sort Method: quicksort  Memory: 27kB
         Sort Groups: 31250
         ->  Index Scan using s_3_a_b_c_idx on s_3  (cost=0.42..45144.74 rows=1000000 width=20) (actual time=0.017..118.557 rows=1000000 loops=1)
 Planning time: 0.295 ms
 Execution time: 263.888 ms
(9 rows)

===== 420 [Wed Mar  7 02:58:48 CET 2018] scale:1000000 groups:10000 work_mem:32MB incremental:on max_workers:2 =====
SELECT * FROM s_4 ORDER BY a, b, c, d, e
                                                                     QUERY PLAN                                                                     
----------------------------------------------------------------------------------------------------------------------------------------------------
 Limit  (cost=91254.38..91254.38 rows=1 width=20) (actual time=263.223..263.223 rows=0 loops=1)
   ->  Incremental Sort  (cost=1.04..81254.38 rows=1000000 width=20) (actual time=0.065..241.250 rows=1000000 loops=1)
         Sort Key: s_4.a, s_4.b, s_4.c, s_4.d, s_4.e
         Presorted Key: s_4.a, s_4.b, s_4.c, s_4.d
         Sort Method: quicksort  Memory: 27kB
         Sort Groups: 31250
         ->  Index Scan using s_4_a_b_c_d_idx on s_4  (cost=0.42..45144.74 rows=1000000 width=20) (actual time=0.019..117.407 rows=1000000 loops=1)
 Planning time: 0.300 ms
 Execution time: 263.244 ms
(9 rows)

===== 421 [Wed Mar  7 02:58:49 CET 2018] scale:1000000 groups:10000 work_mem:32MB incremental:off max_workers:2 =====
SELECT * FROM s_1 ORDER BY a, b
                                                        QUERY PLAN                                                         
---------------------------------------------------------------------------------------------------------------------------
 Limit  (cost=149037.84..149037.84 rows=1 width=20) (actual time=535.515..535.515 rows=0 loops=1)
   ->  Sort  (cost=136537.84..139037.84 rows=1000000 width=20) (actual time=436.979..513.693 rows=1000000 loops=1)
         Sort Key: s_1.a, s_1.b
         Sort Method: external merge  Disk: 29360kB
         ->  Seq Scan on s_1  (cost=0.00..16370.00 rows=1000000 width=20) (actual time=0.007..53.527 rows=1000000 loops=1)
 Planning time: 0.276 ms
 Execution time: 539.939 ms
(7 rows)

===== 422 [Wed Mar  7 02:58:52 CET 2018] scale:1000000 groups:10000 work_mem:32MB incremental:off max_workers:2 =====
SELECT * FROM s_2 ORDER BY a, b, c
                                                        QUERY PLAN                                                         
---------------------------------------------------------------------------------------------------------------------------
 Limit  (cost=149037.84..149037.84 rows=1 width=20) (actual time=418.464..418.464 rows=0 loops=1)
   ->  Sort  (cost=136537.84..139037.84 rows=1000000 width=20) (actual time=320.581..396.677 rows=1000000 loops=1)
         Sort Key: s_2.a, s_2.b, s_2.c
         Sort Method: external merge  Disk: 29360kB
         ->  Seq Scan on s_2  (cost=0.00..16370.00 rows=1000000 width=20) (actual time=0.004..53.497 rows=1000000 loops=1)
 Planning time: 0.286 ms
 Execution time: 422.888 ms
(7 rows)

===== 423 [Wed Mar  7 02:58:54 CET 2018] scale:1000000 groups:10000 work_mem:32MB incremental:off max_workers:2 =====
SELECT * FROM s_3 ORDER BY a, b, c, d
                                                        QUERY PLAN                                                         
---------------------------------------------------------------------------------------------------------------------------
 Limit  (cost=149037.84..149037.84 rows=1 width=20) (actual time=322.060..322.060 rows=0 loops=1)
   ->  Sort  (cost=136537.84..139037.84 rows=1000000 width=20) (actual time=223.368..300.207 rows=1000000 loops=1)
         Sort Key: s_3.a, s_3.b, s_3.c, s_3.d
         Sort Method: external merge  Disk: 29360kB
         ->  Seq Scan on s_3  (cost=0.00..16370.00 rows=1000000 width=20) (actual time=0.007..54.066 rows=1000000 loops=1)
 Planning time: 0.284 ms
 Execution time: 326.465 ms
(7 rows)

===== 424 [Wed Mar  7 02:58:56 CET 2018] scale:1000000 groups:10000 work_mem:32MB incremental:off max_workers:2 =====
SELECT * FROM s_4 ORDER BY a, b, c, d, e
                                                        QUERY PLAN                                                         
---------------------------------------------------------------------------------------------------------------------------
 Limit  (cost=149037.84..149037.84 rows=1 width=20) (actual time=319.044..319.044 rows=0 loops=1)
   ->  Sort  (cost=136537.84..139037.84 rows=1000000 width=20) (actual time=219.993..297.225 rows=1000000 loops=1)
         Sort Key: s_4.a, s_4.b, s_4.c, s_4.d, s_4.e
         Sort Method: external merge  Disk: 29360kB
         ->  Seq Scan on s_4  (cost=0.00..16370.00 rows=1000000 width=20) (actual time=0.011..54.120 rows=1000000 loops=1)
 Planning time: 0.278 ms
 Execution time: 323.475 ms
(7 rows)

===== 425 [Wed Mar  7 02:58:57 CET 2018] scale:1000000 groups:10000 work_mem:64MB incremental:on max_workers:2 =====
SELECT * FROM s_1 ORDER BY a, b
                                                                  QUERY PLAN                                                                  
----------------------------------------------------------------------------------------------------------------------------------------------
 Limit  (cost=93291.67..93291.67 rows=1 width=20) (actual time=385.079..385.079 rows=0 loops=1)
   ->  Incremental Sort  (cost=7.00..83291.67 rows=1000000 width=20) (actual time=0.072..363.300 rows=1000000 loops=1)
         Sort Key: s_1.a, s_1.b
         Presorted Key: s_1.a
         Sort Method: quicksort  Memory: 35kB
         Sort Groups: 10001
         ->  Index Scan using s_1_a_idx on s_1  (cost=0.42..32353.42 rows=1000000 width=20) (actual time=0.019..115.083 rows=1000000 loops=1)
 Planning time: 0.277 ms
 Execution time: 385.100 ms
(9 rows)

===== 426 [Wed Mar  7 02:58:59 CET 2018] scale:1000000 groups:10000 work_mem:64MB incremental:on max_workers:2 =====
SELECT * FROM s_2 ORDER BY a, b, c
                                                                   QUERY PLAN                                                                   
------------------------------------------------------------------------------------------------------------------------------------------------
 Limit  (cost=86822.38..86822.38 rows=1 width=20) (actual time=263.201..263.201 rows=0 loops=1)
   ->  Incremental Sort  (cost=1.00..76822.38 rows=1000000 width=20) (actual time=0.060..241.037 rows=1000000 loops=1)
         Sort Key: s_2.a, s_2.b, s_2.c
         Presorted Key: s_2.a, s_2.b
         Sort Method: quicksort  Memory: 27kB
         Sort Groups: 31246
         ->  Index Scan using s_2_a_b_idx on s_2  (cost=0.42..40712.74 rows=1000000 width=20) (actual time=0.015..115.798 rows=1000000 loops=1)
 Planning time: 0.302 ms
 Execution time: 263.223 ms
(9 rows)

===== 427 [Wed Mar  7 02:59:01 CET 2018] scale:1000000 groups:10000 work_mem:64MB incremental:on max_workers:2 =====
SELECT * FROM s_3 ORDER BY a, b, c, d
                                                                    QUERY PLAN                                                                    
--------------------------------------------------------------------------------------------------------------------------------------------------
 Limit  (cost=91254.38..91254.38 rows=1 width=20) (actual time=263.637..263.637 rows=0 loops=1)
   ->  Incremental Sort  (cost=1.04..81254.38 rows=1000000 width=20) (actual time=0.064..241.656 rows=1000000 loops=1)
         Sort Key: s_3.a, s_3.b, s_3.c, s_3.d
         Presorted Key: s_3.a, s_3.b, s_3.c
         Sort Method: quicksort  Memory: 27kB
         Sort Groups: 31250
         ->  Index Scan using s_3_a_b_c_idx on s_3  (cost=0.42..45144.74 rows=1000000 width=20) (actual time=0.017..118.147 rows=1000000 loops=1)
 Planning time: 0.297 ms
 Execution time: 263.659 ms
(9 rows)

===== 428 [Wed Mar  7 02:59:02 CET 2018] scale:1000000 groups:10000 work_mem:64MB incremental:on max_workers:2 =====
SELECT * FROM s_4 ORDER BY a, b, c, d, e
                                                                     QUERY PLAN                                                                     
----------------------------------------------------------------------------------------------------------------------------------------------------
 Limit  (cost=91254.38..91254.38 rows=1 width=20) (actual time=259.486..259.486 rows=0 loops=1)
   ->  Incremental Sort  (cost=1.04..81254.38 rows=1000000 width=20) (actual time=0.068..237.739 rows=1000000 loops=1)
         Sort Key: s_4.a, s_4.b, s_4.c, s_4.d, s_4.e
         Presorted Key: s_4.a, s_4.b, s_4.c, s_4.d
         Sort Method: quicksort  Memory: 27kB
         Sort Groups: 31250
         ->  Index Scan using s_4_a_b_c_d_idx on s_4  (cost=0.42..45144.74 rows=1000000 width=20) (actual time=0.019..117.403 rows=1000000 loops=1)
 Planning time: 0.289 ms
 Execution time: 259.508 ms
(9 rows)

===== 429 [Wed Mar  7 02:59:03 CET 2018] scale:1000000 groups:10000 work_mem:64MB incremental:off max_workers:2 =====
SELECT * FROM s_1 ORDER BY a, b
                                                        QUERY PLAN                                                         
---------------------------------------------------------------------------------------------------------------------------
 Limit  (cost=128527.84..128527.84 rows=1 width=20) (actual time=555.336..555.336 rows=0 loops=1)
   ->  Sort  (cost=116027.84..118527.84 rows=1000000 width=20) (actual time=462.164..533.488 rows=1000000 loops=1)
         Sort Key: s_1.a, s_1.b
         Sort Method: external merge  Disk: 29360kB
         ->  Seq Scan on s_1  (cost=0.00..16370.00 rows=1000000 width=20) (actual time=0.007..55.409 rows=1000000 loops=1)
 Planning time: 0.269 ms
 Execution time: 558.749 ms
(7 rows)

===== 430 [Wed Mar  7 02:59:06 CET 2018] scale:1000000 groups:10000 work_mem:64MB incremental:off max_workers:2 =====
SELECT * FROM s_2 ORDER BY a, b, c
                                                        QUERY PLAN                                                         
---------------------------------------------------------------------------------------------------------------------------
 Limit  (cost=128527.84..128527.84 rows=1 width=20) (actual time=437.686..437.686 rows=0 loops=1)
   ->  Sort  (cost=116027.84..118527.84 rows=1000000 width=20) (actual time=344.959..415.753 rows=1000000 loops=1)
         Sort Key: s_2.a, s_2.b, s_2.c
         Sort Method: external merge  Disk: 29360kB
         ->  Seq Scan on s_2  (cost=0.00..16370.00 rows=1000000 width=20) (actual time=0.004..55.318 rows=1000000 loops=1)
 Planning time: 0.287 ms
 Execution time: 441.097 ms
(7 rows)

===== 431 [Wed Mar  7 02:59:08 CET 2018] scale:1000000 groups:10000 work_mem:64MB incremental:off max_workers:2 =====
SELECT * FROM s_3 ORDER BY a, b, c, d
                                                        QUERY PLAN                                                         
---------------------------------------------------------------------------------------------------------------------------
 Limit  (cost=128527.84..128527.84 rows=1 width=20) (actual time=334.774..334.774 rows=0 loops=1)
   ->  Sort  (cost=116027.84..118527.84 rows=1000000 width=20) (actual time=241.199..312.851 rows=1000000 loops=1)
         Sort Key: s_3.a, s_3.b, s_3.c, s_3.d
         Sort Method: external merge  Disk: 29360kB
         ->  Seq Scan on s_3  (cost=0.00..16370.00 rows=1000000 width=20) (actual time=0.007..55.714 rows=1000000 loops=1)
 Planning time: 0.290 ms
 Execution time: 338.195 ms
(7 rows)

===== 432 [Wed Mar  7 02:59:10 CET 2018] scale:1000000 groups:10000 work_mem:64MB incremental:off max_workers:2 =====
SELECT * FROM s_4 ORDER BY a, b, c, d, e
                                                        QUERY PLAN                                                         
---------------------------------------------------------------------------------------------------------------------------
 Limit  (cost=128527.84..128527.84 rows=1 width=20) (actual time=330.871..330.871 rows=0 loops=1)
   ->  Sort  (cost=116027.84..118527.84 rows=1000000 width=20) (actual time=237.533..308.992 rows=1000000 loops=1)
         Sort Key: s_4.a, s_4.b, s_4.c, s_4.d, s_4.e
         Sort Method: external merge  Disk: 29360kB
         ->  Seq Scan on s_4  (cost=0.00..16370.00 rows=1000000 width=20) (actual time=0.010..55.767 rows=1000000 loops=1)
 Planning time: 0.276 ms
 Execution time: 334.280 ms
(7 rows)

===== 433 [Wed Mar  7 02:59:12 CET 2018] scale:1000000 groups:10000 work_mem:128MB incremental:on max_workers:2 =====
SELECT * FROM s_1 ORDER BY a, b
                                                                  QUERY PLAN                                                                  
----------------------------------------------------------------------------------------------------------------------------------------------
 Limit  (cost=93291.67..93291.67 rows=1 width=20) (actual time=392.986..392.986 rows=0 loops=1)
   ->  Incremental Sort  (cost=7.00..83291.67 rows=1000000 width=20) (actual time=0.077..370.923 rows=1000000 loops=1)
         Sort Key: s_1.a, s_1.b
         Presorted Key: s_1.a
         Sort Method: quicksort  Memory: 35kB
         Sort Groups: 10001
         ->  Index Scan using s_1_a_idx on s_1  (cost=0.42..32353.42 rows=1000000 width=20) (actual time=0.018..117.068 rows=1000000 loops=1)
 Planning time: 0.282 ms
 Execution time: 393.011 ms
(9 rows)

===== 434 [Wed Mar  7 02:59:14 CET 2018] scale:1000000 groups:10000 work_mem:128MB incremental:on max_workers:2 =====
SELECT * FROM s_2 ORDER BY a, b, c
                                                                   QUERY PLAN                                                                   
------------------------------------------------------------------------------------------------------------------------------------------------
 Limit  (cost=86822.38..86822.38 rows=1 width=20) (actual time=261.352..261.352 rows=0 loops=1)
   ->  Incremental Sort  (cost=1.00..76822.38 rows=1000000 width=20) (actual time=0.059..239.493 rows=1000000 loops=1)
         Sort Key: s_2.a, s_2.b, s_2.c
         Presorted Key: s_2.a, s_2.b
         Sort Method: quicksort  Memory: 27kB
         Sort Groups: 31246
         ->  Index Scan using s_2_a_b_idx on s_2  (cost=0.42..40712.74 rows=1000000 width=20) (actual time=0.015..115.236 rows=1000000 loops=1)
 Planning time: 0.294 ms
 Execution time: 261.373 ms
(9 rows)

===== 435 [Wed Mar  7 02:59:15 CET 2018] scale:1000000 groups:10000 work_mem:128MB incremental:on max_workers:2 =====
SELECT * FROM s_3 ORDER BY a, b, c, d
                                                                    QUERY PLAN                                                                    
--------------------------------------------------------------------------------------------------------------------------------------------------
 Limit  (cost=91254.38..91254.38 rows=1 width=20) (actual time=263.857..263.857 rows=0 loops=1)
   ->  Incremental Sort  (cost=1.04..81254.38 rows=1000000 width=20) (actual time=0.063..242.058 rows=1000000 loops=1)
         Sort Key: s_3.a, s_3.b, s_3.c, s_3.d
         Presorted Key: s_3.a, s_3.b, s_3.c
         Sort Method: quicksort  Memory: 27kB
         Sort Groups: 31250
         ->  Index Scan using s_3_a_b_c_idx on s_3  (cost=0.42..45144.74 rows=1000000 width=20) (actual time=0.017..118.491 rows=1000000 loops=1)
 Planning time: 0.287 ms
 Execution time: 263.878 ms
(9 rows)

===== 436 [Wed Mar  7 02:59:16 CET 2018] scale:1000000 groups:10000 work_mem:128MB incremental:on max_workers:2 =====
SELECT * FROM s_4 ORDER BY a, b, c, d, e
                                                                     QUERY PLAN                                                                     
----------------------------------------------------------------------------------------------------------------------------------------------------
 Limit  (cost=91254.38..91254.38 rows=1 width=20) (actual time=263.198..263.198 rows=0 loops=1)
   ->  Incremental Sort  (cost=1.04..81254.38 rows=1000000 width=20) (actual time=0.066..241.222 rows=1000000 loops=1)
         Sort Key: s_4.a, s_4.b, s_4.c, s_4.d, s_4.e
         Presorted Key: s_4.a, s_4.b, s_4.c, s_4.d
         Sort Method: quicksort  Memory: 27kB
         Sort Groups: 31250
         ->  Index Scan using s_4_a_b_c_d_idx on s_4  (cost=0.42..45144.74 rows=1000000 width=20) (actual time=0.018..117.364 rows=1000000 loops=1)
 Planning time: 0.284 ms
 Execution time: 263.219 ms
(9 rows)

===== 437 [Wed Mar  7 02:59:18 CET 2018] scale:1000000 groups:10000 work_mem:128MB incremental:off max_workers:2 =====
SELECT * FROM s_1 ORDER BY a, b
                                                        QUERY PLAN                                                         
---------------------------------------------------------------------------------------------------------------------------
 Limit  (cost=128527.84..128527.84 rows=1 width=20) (actual time=465.922..465.922 rows=0 loops=1)
   ->  Sort  (cost=116027.84..118527.84 rows=1000000 width=20) (actual time=389.075..444.228 rows=1000000 loops=1)
         Sort Key: s_1.a, s_1.b
         Sort Method: quicksort  Memory: 102702kB
         ->  Seq Scan on s_1  (cost=0.00..16370.00 rows=1000000 width=20) (actual time=0.007..55.706 rows=1000000 loops=1)
 Planning time: 0.266 ms
 Execution time: 469.989 ms
(7 rows)

===== 438 [Wed Mar  7 02:59:20 CET 2018] scale:1000000 groups:10000 work_mem:128MB incremental:off max_workers:2 =====
SELECT * FROM s_2 ORDER BY a, b, c
                                                        QUERY PLAN                                                         
---------------------------------------------------------------------------------------------------------------------------
 Limit  (cost=128527.84..128527.84 rows=1 width=20) (actual time=341.758..341.758 rows=0 loops=1)
   ->  Sort  (cost=116027.84..118527.84 rows=1000000 width=20) (actual time=286.327..319.951 rows=1000000 loops=1)
         Sort Key: s_2.a, s_2.b, s_2.c
         Sort Method: quicksort  Memory: 102702kB
         ->  Seq Scan on s_2  (cost=0.00..16370.00 rows=1000000 width=20) (actual time=0.004..55.468 rows=1000000 loops=1)
 Planning time: 0.283 ms
 Execution time: 345.808 ms
(7 rows)

===== 439 [Wed Mar  7 02:59:22 CET 2018] scale:1000000 groups:10000 work_mem:128MB incremental:off max_workers:2 =====
SELECT * FROM s_3 ORDER BY a, b, c, d
                                                        QUERY PLAN                                                         
---------------------------------------------------------------------------------------------------------------------------
 Limit  (cost=128527.84..128527.84 rows=1 width=20) (actual time=232.937..232.937 rows=0 loops=1)
   ->  Sort  (cost=116027.84..118527.84 rows=1000000 width=20) (actual time=177.418..211.221 rows=1000000 loops=1)
         Sort Key: s_3.a, s_3.b, s_3.c, s_3.d
         Sort Method: quicksort  Memory: 102702kB
         ->  Seq Scan on s_3  (cost=0.00..16370.00 rows=1000000 width=20) (actual time=0.007..56.044 rows=1000000 loops=1)
 Planning time: 0.280 ms
 Execution time: 237.013 ms
(7 rows)

===== 440 [Wed Mar  7 02:59:23 CET 2018] scale:1000000 groups:10000 work_mem:128MB incremental:off max_workers:2 =====
SELECT * FROM s_4 ORDER BY a, b, c, d, e
                                                        QUERY PLAN                                                         
---------------------------------------------------------------------------------------------------------------------------
 Limit  (cost=128527.84..128527.84 rows=1 width=20) (actual time=230.386..230.386 rows=0 loops=1)
   ->  Sort  (cost=116027.84..118527.84 rows=1000000 width=20) (actual time=175.108..208.495 rows=1000000 loops=1)
         Sort Key: s_4.a, s_4.b, s_4.c, s_4.d, s_4.e
         Sort Method: quicksort  Memory: 102702kB
         ->  Seq Scan on s_4  (cost=0.00..16370.00 rows=1000000 width=20) (actual time=0.011..56.050 rows=1000000 loops=1)
 Planning time: 0.273 ms
 Execution time: 234.436 ms
(7 rows)

===== 441 [Wed Mar  7 02:59:24 CET 2018] scale:1000000 groups:10000 work_mem:256MB incremental:on max_workers:2 =====
SELECT * FROM s_1 ORDER BY a, b
                                                                  QUERY PLAN                                                                  
----------------------------------------------------------------------------------------------------------------------------------------------
 Limit  (cost=93291.67..93291.67 rows=1 width=20) (actual time=393.018..393.018 rows=0 loops=1)
   ->  Incremental Sort  (cost=7.00..83291.67 rows=1000000 width=20) (actual time=0.076..370.967 rows=1000000 loops=1)
         Sort Key: s_1.a, s_1.b
         Presorted Key: s_1.a
         Sort Method: quicksort  Memory: 35kB
         Sort Groups: 10001
         ->  Index Scan using s_1_a_idx on s_1  (cost=0.42..32353.42 rows=1000000 width=20) (actual time=0.018..117.112 rows=1000000 loops=1)
 Planning time: 0.280 ms
 Execution time: 393.044 ms
(9 rows)

===== 442 [Wed Mar  7 02:59:26 CET 2018] scale:1000000 groups:10000 work_mem:256MB incremental:on max_workers:2 =====
SELECT * FROM s_2 ORDER BY a, b, c
                                                                   QUERY PLAN                                                                   
------------------------------------------------------------------------------------------------------------------------------------------------
 Limit  (cost=86822.38..86822.38 rows=1 width=20) (actual time=261.409..261.409 rows=0 loops=1)
   ->  Incremental Sort  (cost=1.00..76822.38 rows=1000000 width=20) (actual time=0.058..239.567 rows=1000000 loops=1)
         Sort Key: s_2.a, s_2.b, s_2.c
         Presorted Key: s_2.a, s_2.b
         Sort Method: quicksort  Memory: 27kB
         Sort Groups: 31246
         ->  Index Scan using s_2_a_b_idx on s_2  (cost=0.42..40712.74 rows=1000000 width=20) (actual time=0.015..115.355 rows=1000000 loops=1)
 Planning time: 0.291 ms
 Execution time: 261.431 ms
(9 rows)

===== 443 [Wed Mar  7 02:59:27 CET 2018] scale:1000000 groups:10000 work_mem:256MB incremental:on max_workers:2 =====
SELECT * FROM s_3 ORDER BY a, b, c, d
                                                                    QUERY PLAN                                                                    
--------------------------------------------------------------------------------------------------------------------------------------------------
 Limit  (cost=91254.38..91254.38 rows=1 width=20) (actual time=263.895..263.895 rows=0 loops=1)
   ->  Incremental Sort  (cost=1.04..81254.38 rows=1000000 width=20) (actual time=0.074..242.112 rows=1000000 loops=1)
         Sort Key: s_3.a, s_3.b, s_3.c, s_3.d
         Presorted Key: s_3.a, s_3.b, s_3.c
         Sort Method: quicksort  Memory: 27kB
         Sort Groups: 31250
         ->  Index Scan using s_3_a_b_c_idx on s_3  (cost=0.42..45144.74 rows=1000000 width=20) (actual time=0.017..118.532 rows=1000000 loops=1)
 Planning time: 0.297 ms
 Execution time: 263.917 ms
(9 rows)

===== 444 [Wed Mar  7 02:59:28 CET 2018] scale:1000000 groups:10000 work_mem:256MB incremental:on max_workers:2 =====
SELECT * FROM s_4 ORDER BY a, b, c, d, e
                                                                     QUERY PLAN                                                                     
----------------------------------------------------------------------------------------------------------------------------------------------------
 Limit  (cost=91254.38..91254.38 rows=1 width=20) (actual time=263.190..263.190 rows=0 loops=1)
   ->  Incremental Sort  (cost=1.04..81254.38 rows=1000000 width=20) (actual time=0.067..241.179 rows=1000000 loops=1)
         Sort Key: s_4.a, s_4.b, s_4.c, s_4.d, s_4.e
         Presorted Key: s_4.a, s_4.b, s_4.c, s_4.d
         Sort Method: quicksort  Memory: 27kB
         Sort Groups: 31250
         ->  Index Scan using s_4_a_b_c_d_idx on s_4  (cost=0.42..45144.74 rows=1000000 width=20) (actual time=0.019..117.456 rows=1000000 loops=1)
 Planning time: 0.289 ms
 Execution time: 263.211 ms
(9 rows)

===== 445 [Wed Mar  7 02:59:30 CET 2018] scale:1000000 groups:10000 work_mem:256MB incremental:off max_workers:2 =====
SELECT * FROM s_1 ORDER BY a, b
                                                        QUERY PLAN                                                         
---------------------------------------------------------------------------------------------------------------------------
 Limit  (cost=128527.84..128527.84 rows=1 width=20) (actual time=466.157..466.157 rows=0 loops=1)
   ->  Sort  (cost=116027.84..118527.84 rows=1000000 width=20) (actual time=389.308..444.458 rows=1000000 loops=1)
         Sort Key: s_1.a, s_1.b
         Sort Method: quicksort  Memory: 102702kB
         ->  Seq Scan on s_1  (cost=0.00..16370.00 rows=1000000 width=20) (actual time=0.007..55.677 rows=1000000 loops=1)
 Planning time: 0.268 ms
 Execution time: 470.221 ms
(7 rows)

===== 446 [Wed Mar  7 02:59:32 CET 2018] scale:1000000 groups:10000 work_mem:256MB incremental:off max_workers:2 =====
SELECT * FROM s_2 ORDER BY a, b, c
                                                        QUERY PLAN                                                         
---------------------------------------------------------------------------------------------------------------------------
 Limit  (cost=128527.84..128527.84 rows=1 width=20) (actual time=341.975..341.975 rows=0 loops=1)
   ->  Sort  (cost=116027.84..118527.84 rows=1000000 width=20) (actual time=286.505..320.173 rows=1000000 loops=1)
         Sort Key: s_2.a, s_2.b, s_2.c
         Sort Method: quicksort  Memory: 102702kB
         ->  Seq Scan on s_2  (cost=0.00..16370.00 rows=1000000 width=20) (actual time=0.004..55.497 rows=1000000 loops=1)
 Planning time: 0.290 ms
 Execution time: 346.043 ms
(7 rows)

===== 447 [Wed Mar  7 02:59:34 CET 2018] scale:1000000 groups:10000 work_mem:256MB incremental:off max_workers:2 =====
SELECT * FROM s_3 ORDER BY a, b, c, d
                                                        QUERY PLAN                                                         
---------------------------------------------------------------------------------------------------------------------------
 Limit  (cost=128527.84..128527.84 rows=1 width=20) (actual time=232.497..232.497 rows=0 loops=1)
   ->  Sort  (cost=116027.84..118527.84 rows=1000000 width=20) (actual time=176.932..210.747 rows=1000000 loops=1)
         Sort Key: s_3.a, s_3.b, s_3.c, s_3.d
         Sort Method: quicksort  Memory: 102702kB
         ->  Seq Scan on s_3  (cost=0.00..16370.00 rows=1000000 width=20) (actual time=0.007..55.998 rows=1000000 loops=1)
 Planning time: 0.277 ms
 Execution time: 236.565 ms
(7 rows)

===== 448 [Wed Mar  7 02:59:35 CET 2018] scale:1000000 groups:10000 work_mem:256MB incremental:off max_workers:2 =====
SELECT * FROM s_4 ORDER BY a, b, c, d, e
                                                        QUERY PLAN                                                         
---------------------------------------------------------------------------------------------------------------------------
 Limit  (cost=128527.84..128527.84 rows=1 width=20) (actual time=230.351..230.351 rows=0 loops=1)
   ->  Sort  (cost=116027.84..118527.84 rows=1000000 width=20) (actual time=175.041..208.475 rows=1000000 loops=1)
         Sort Key: s_4.a, s_4.b, s_4.c, s_4.d, s_4.e
         Sort Method: quicksort  Memory: 102702kB
         ->  Seq Scan on s_4  (cost=0.00..16370.00 rows=1000000 width=20) (actual time=0.011..55.957 rows=1000000 loops=1)
 Planning time: 0.274 ms
 Execution time: 234.398 ms
(7 rows)

