===== 1 [Wed Mar  7 02:10:14 CET 2018] scale:1000000 groups:10 work_mem:4MB incremental:on max_workers:0 =====
SELECT * FROM (SELECT * FROM s_1 ORDER BY a) foo ORDER BY a, b
                                                           QUERY PLAN                                                            
---------------------------------------------------------------------------------------------------------------------------------
 Limit  (cost=279419.25..279419.25 rows=1 width=20) (actual time=683.353..683.353 rows=0 loops=1)
   ->  Incremental Sort  (cost=147027.04..269419.25 rows=1000000 width=20) (actual time=245.820..658.040 rows=1000000 loops=1)
         Sort Key: s_1.a, s_1.b
         Presorted Key: s_1.a
         Sort Method: external merge  Disk: 2952kB
         Sort Groups: 11
         ->  Sort  (cost=136537.84..139037.84 rows=1000000 width=20) (actual time=228.347..326.306 rows=1000000 loops=1)
               Sort Key: s_1.a
               Sort Method: external merge  Disk: 29360kB
               ->  Seq Scan on s_1  (cost=0.00..16370.00 rows=1000000 width=20) (actual time=0.013..68.285 rows=1000000 loops=1)
 Planning time: 0.219 ms
 Execution time: 687.440 ms
(12 rows)

===== 2 [Wed Mar  7 02:10:17 CET 2018] scale:1000000 groups:10 work_mem:4MB incremental:on max_workers:0 =====
SELECT * FROM (SELECT * FROM s_2 ORDER BY a, b) foo ORDER BY a, b, c
                                                           QUERY PLAN                                                            
---------------------------------------------------------------------------------------------------------------------------------
 Limit  (cost=241603.79..241603.79 rows=1 width=20) (actual time=593.527..593.527 rows=0 loops=1)
   ->  Incremental Sort  (cost=137178.86..231603.79 rows=1000000 width=20) (actual time=244.175..568.300 rows=1000000 loops=1)
         Sort Key: s_2.a, s_2.b, s_2.c
         Presorted Key: s_2.a, s_2.b
         Sort Method: quicksort  Memory: 1189kB
         Sort Groups: 121
         ->  Sort  (cost=136537.84..139037.84 rows=1000000 width=20) (actual time=243.442..344.939 rows=1000000 loops=1)
               Sort Key: s_2.a, s_2.b
               Sort Method: external merge  Disk: 29360kB
               ->  Seq Scan on s_2  (cost=0.00..16370.00 rows=1000000 width=20) (actual time=0.023..68.410 rows=1000000 loops=1)
 Planning time: 0.213 ms
 Execution time: 597.298 ms
(12 rows)

===== 3 [Wed Mar  7 02:10:20 CET 2018] scale:1000000 groups:10 work_mem:4MB incremental:on max_workers:0 =====
SELECT * FROM (SELECT * FROM s_3 ORDER BY a, b, c) foo ORDER BY a, b, c, d
                                                           QUERY PLAN                                                            
---------------------------------------------------------------------------------------------------------------------------------
 Limit  (cost=224330.83..224330.83 rows=1 width=20) (actual time=630.929..630.929 rows=0 loops=1)
   ->  Incremental Sort  (cost=136583.12..214330.83 rows=1000000 width=20) (actual time=251.223..605.702 rows=1000000 loops=1)
         Sort Key: s_3.a, s_3.b, s_3.c, s_3.d
         Presorted Key: s_3.a, s_3.b, s_3.c
         Sort Method: quicksort  Memory: 135kB
         Sort Groups: 1331
         ->  Sort  (cost=136537.84..139037.84 rows=1000000 width=20) (actual time=251.147..352.425 rows=1000000 loops=1)
               Sort Key: s_3.a, s_3.b, s_3.c
               Sort Method: external merge  Disk: 29360kB
               ->  Seq Scan on s_3  (cost=0.00..16370.00 rows=1000000 width=20) (actual time=0.020..68.162 rows=1000000 loops=1)
 Planning time: 0.237 ms
 Execution time: 634.567 ms
(12 rows)

===== 4 [Wed Mar  7 02:10:23 CET 2018] scale:1000000 groups:10 work_mem:4MB incremental:on max_workers:0 =====
SELECT * FROM (SELECT * FROM s_4 ORDER BY a, b, c, d) foo ORDER BY a, b, c, d, e
                                                           QUERY PLAN                                                            
---------------------------------------------------------------------------------------------------------------------------------
 Limit  (cost=207299.87..207299.87 rows=1 width=20) (actual time=664.752..664.752 rows=0 loops=1)
   ->  Incremental Sort  (cost=136540.78..197299.87 rows=1000000 width=20) (actual time=257.475..642.220 rows=1000000 loops=1)
         Sort Key: s_4.a, s_4.b, s_4.c, s_4.d, s_4.e
         Presorted Key: s_4.a, s_4.b, s_4.c, s_4.d
         Sort Method: quicksort  Memory: 35kB
         Sort Groups: 13426
         ->  Sort  (cost=136537.84..139037.84 rows=1000000 width=20) (actual time=257.423..360.578 rows=1000000 loops=1)
               Sort Key: s_4.a, s_4.b, s_4.c, s_4.d
               Sort Method: external merge  Disk: 29360kB
               ->  Seq Scan on s_4  (cost=0.00..16370.00 rows=1000000 width=20) (actual time=0.020..68.295 rows=1000000 loops=1)
 Planning time: 0.232 ms
 Execution time: 668.431 ms
(12 rows)

===== 5 [Wed Mar  7 02:10:26 CET 2018] scale:1000000 groups:10 work_mem:4MB incremental:off max_workers:0 =====
SELECT * FROM (SELECT * FROM s_1 ORDER BY a) foo ORDER BY a, b
                                                           QUERY PLAN                                                            
---------------------------------------------------------------------------------------------------------------------------------
 Limit  (cost=281705.69..281705.69 rows=1 width=20) (actual time=654.684..654.684 rows=0 loops=1)
   ->  Sort  (cost=269205.69..271705.69 rows=1000000 width=20) (actual time=540.747..632.759 rows=1000000 loops=1)
         Sort Key: s_1.a, s_1.b
         Sort Method: external merge  Disk: 29360kB
         ->  Sort  (cost=136537.84..139037.84 rows=1000000 width=20) (actual time=214.894..313.659 rows=1000000 loops=1)
               Sort Key: s_1.a
               Sort Method: external merge  Disk: 29360kB
               ->  Seq Scan on s_1  (cost=0.00..16370.00 rows=1000000 width=20) (actual time=0.004..51.268 rows=1000000 loops=1)
 Planning time: 0.203 ms
 Execution time: 661.867 ms
(10 rows)

===== 6 [Wed Mar  7 02:10:30 CET 2018] scale:1000000 groups:10 work_mem:4MB incremental:off max_workers:0 =====
SELECT * FROM (SELECT * FROM s_2 ORDER BY a, b) foo ORDER BY a, b, c
                                                           QUERY PLAN                                                            
---------------------------------------------------------------------------------------------------------------------------------
 Limit  (cost=281705.69..281705.69 rows=1 width=20) (actual time=721.016..721.016 rows=0 loops=1)
   ->  Sort  (cost=269205.69..271705.69 rows=1000000 width=20) (actual time=608.358..699.008 rows=1000000 loops=1)
         Sort Key: s_2.a, s_2.b, s_2.c
         Sort Method: external merge  Disk: 29360kB
         ->  Sort  (cost=136537.84..139037.84 rows=1000000 width=20) (actual time=229.505..334.168 rows=1000000 loops=1)
               Sort Key: s_2.a, s_2.b
               Sort Method: external merge  Disk: 29360kB
               ->  Seq Scan on s_2  (cost=0.00..16370.00 rows=1000000 width=20) (actual time=0.013..51.336 rows=1000000 loops=1)
 Planning time: 0.210 ms
 Execution time: 728.145 ms
(10 rows)

===== 7 [Wed Mar  7 02:10:33 CET 2018] scale:1000000 groups:10 work_mem:4MB incremental:off max_workers:0 =====
SELECT * FROM (SELECT * FROM s_3 ORDER BY a, b, c) foo ORDER BY a, b, c, d
                                                           QUERY PLAN                                                            
---------------------------------------------------------------------------------------------------------------------------------
 Limit  (cost=281705.69..281705.69 rows=1 width=20) (actual time=822.784..822.784 rows=0 loops=1)
   ->  Sort  (cost=269205.69..271705.69 rows=1000000 width=20) (actual time=710.718..800.804 rows=1000000 loops=1)
         Sort Key: s_3.a, s_3.b, s_3.c, s_3.d
         Sort Method: external merge  Disk: 29360kB
         ->  Sort  (cost=136537.84..139037.84 rows=1000000 width=20) (actual time=237.182..342.231 rows=1000000 loops=1)
               Sort Key: s_3.a, s_3.b, s_3.c
               Sort Method: external merge  Disk: 29360kB
               ->  Seq Scan on s_3  (cost=0.00..16370.00 rows=1000000 width=20) (actual time=0.011..51.386 rows=1000000 loops=1)
 Planning time: 0.218 ms
 Execution time: 829.937 ms
(10 rows)

===== 8 [Wed Mar  7 02:10:38 CET 2018] scale:1000000 groups:10 work_mem:4MB incremental:off max_workers:0 =====
SELECT * FROM (SELECT * FROM s_4 ORDER BY a, b, c, d) foo ORDER BY a, b, c, d, e
                                                           QUERY PLAN                                                            
---------------------------------------------------------------------------------------------------------------------------------
 Limit  (cost=281705.69..281705.69 rows=1 width=20) (actual time=966.221..966.221 rows=0 loops=1)
   ->  Sort  (cost=269205.69..271705.69 rows=1000000 width=20) (actual time=854.385..944.244 rows=1000000 loops=1)
         Sort Key: s_4.a, s_4.b, s_4.c, s_4.d, s_4.e
         Sort Method: external merge  Disk: 29360kB
         ->  Sort  (cost=136537.84..139037.84 rows=1000000 width=20) (actual time=244.806..346.011 rows=1000000 loops=1)
               Sort Key: s_4.a, s_4.b, s_4.c, s_4.d
               Sort Method: external merge  Disk: 29360kB
               ->  Seq Scan on s_4  (cost=0.00..16370.00 rows=1000000 width=20) (actual time=0.011..51.419 rows=1000000 loops=1)
 Planning time: 0.229 ms
 Execution time: 973.407 ms
(10 rows)

===== 9 [Wed Mar  7 02:10:43 CET 2018] scale:1000000 groups:10 work_mem:8MB incremental:on max_workers:0 =====
SELECT * FROM (SELECT * FROM s_1 ORDER BY a) foo ORDER BY a, b
                                                           QUERY PLAN                                                            
---------------------------------------------------------------------------------------------------------------------------------
 Limit  (cost=258898.75..258898.75 rows=1 width=20) (actual time=636.960..636.960 rows=0 loops=1)
   ->  Incremental Sort  (cost=145161.54..248898.75 rows=1000000 width=20) (actual time=199.717..614.864 rows=1000000 loops=1)
         Sort Key: s_1.a, s_1.b
         Presorted Key: s_1.a
         Sort Method: external merge  Disk: 2952kB
         Sort Groups: 11
         ->  Sort  (cost=136537.84..139037.84 rows=1000000 width=20) (actual time=185.036..281.075 rows=1000000 loops=1)
               Sort Key: s_1.a
               Sort Method: external merge  Disk: 29360kB
               ->  Seq Scan on s_1  (cost=0.00..16370.00 rows=1000000 width=20) (actual time=0.004..51.536 rows=1000000 loops=1)
 Planning time: 0.213 ms
 Execution time: 641.167 ms
(12 rows)

===== 10 [Wed Mar  7 02:10:46 CET 2018] scale:1000000 groups:10 work_mem:8MB incremental:on max_workers:0 =====
SELECT * FROM (SELECT * FROM s_2 ORDER BY a, b) foo ORDER BY a, b, c
                                                           QUERY PLAN                                                            
---------------------------------------------------------------------------------------------------------------------------------
 Limit  (cost=241603.79..241603.79 rows=1 width=20) (actual time=533.211..533.211 rows=0 loops=1)
   ->  Incremental Sort  (cost=137178.86..231603.79 rows=1000000 width=20) (actual time=199.954..511.699 rows=1000000 loops=1)
         Sort Key: s_2.a, s_2.b, s_2.c
         Presorted Key: s_2.a, s_2.b
         Sort Method: quicksort  Memory: 1189kB
         Sort Groups: 121
         ->  Sort  (cost=136537.84..139037.84 rows=1000000 width=20) (actual time=199.149..298.907 rows=1000000 loops=1)
               Sort Key: s_2.a, s_2.b
               Sort Method: external merge  Disk: 29360kB
               ->  Seq Scan on s_2  (cost=0.00..16370.00 rows=1000000 width=20) (actual time=0.013..51.912 rows=1000000 loops=1)
 Planning time: 0.217 ms
 Execution time: 536.722 ms
(12 rows)

===== 11 [Wed Mar  7 02:10:49 CET 2018] scale:1000000 groups:10 work_mem:8MB incremental:on max_workers:0 =====
SELECT * FROM (SELECT * FROM s_3 ORDER BY a, b, c) foo ORDER BY a, b, c, d
                                                           QUERY PLAN                                                            
---------------------------------------------------------------------------------------------------------------------------------
 Limit  (cost=224330.83..224330.83 rows=1 width=20) (actual time=575.863..575.863 rows=0 loops=1)
   ->  Incremental Sort  (cost=136583.12..214330.83 rows=1000000 width=20) (actual time=204.969..554.261 rows=1000000 loops=1)
         Sort Key: s_3.a, s_3.b, s_3.c, s_3.d
         Presorted Key: s_3.a, s_3.b, s_3.c
         Sort Method: quicksort  Memory: 135kB
         Sort Groups: 1331
         ->  Sort  (cost=136537.84..139037.84 rows=1000000 width=20) (actual time=204.888..306.212 rows=1000000 loops=1)
               Sort Key: s_3.a, s_3.b, s_3.c
               Sort Method: external merge  Disk: 29360kB
               ->  Seq Scan on s_3  (cost=0.00..16370.00 rows=1000000 width=20) (actual time=0.012..51.552 rows=1000000 loops=1)
 Planning time: 0.232 ms
 Execution time: 579.756 ms
(12 rows)

===== 12 [Wed Mar  7 02:10:52 CET 2018] scale:1000000 groups:10 work_mem:8MB incremental:on max_workers:0 =====
SELECT * FROM (SELECT * FROM s_4 ORDER BY a, b, c, d) foo ORDER BY a, b, c, d, e
                                                           QUERY PLAN                                                            
---------------------------------------------------------------------------------------------------------------------------------
 Limit  (cost=207299.87..207299.87 rows=1 width=20) (actual time=618.942..618.942 rows=0 loops=1)
   ->  Incremental Sort  (cost=136540.78..197299.87 rows=1000000 width=20) (actual time=212.586..597.109 rows=1000000 loops=1)
         Sort Key: s_4.a, s_4.b, s_4.c, s_4.d, s_4.e
         Presorted Key: s_4.a, s_4.b, s_4.c, s_4.d
         Sort Method: quicksort  Memory: 35kB
         Sort Groups: 13426
         ->  Sort  (cost=136537.84..139037.84 rows=1000000 width=20) (actual time=212.534..315.052 rows=1000000 loops=1)
               Sort Key: s_4.a, s_4.b, s_4.c, s_4.d
               Sort Method: external merge  Disk: 29360kB
               ->  Seq Scan on s_4  (cost=0.00..16370.00 rows=1000000 width=20) (actual time=0.011..51.666 rows=1000000 loops=1)
 Planning time: 0.230 ms
 Execution time: 622.778 ms
(12 rows)

===== 13 [Wed Mar  7 02:10:55 CET 2018] scale:1000000 groups:10 work_mem:8MB incremental:off max_workers:0 =====
SELECT * FROM (SELECT * FROM s_1 ORDER BY a) foo ORDER BY a, b
                                                           QUERY PLAN                                                            
---------------------------------------------------------------------------------------------------------------------------------
 Limit  (cost=281705.69..281705.69 rows=1 width=20) (actual time=612.117..612.117 rows=0 loops=1)
   ->  Sort  (cost=269205.69..271705.69 rows=1000000 width=20) (actual time=496.064..590.048 rows=1000000 loops=1)
         Sort Key: s_1.a, s_1.b
         Sort Method: external merge  Disk: 29360kB
         ->  Sort  (cost=136537.84..139037.84 rows=1000000 width=20) (actual time=184.764..278.496 rows=1000000 loops=1)
               Sort Key: s_1.a
               Sort Method: external merge  Disk: 29360kB
               ->  Seq Scan on s_1  (cost=0.00..16370.00 rows=1000000 width=20) (actual time=0.004..51.652 rows=1000000 loops=1)
 Planning time: 0.210 ms
 Execution time: 619.518 ms
(10 rows)

===== 14 [Wed Mar  7 02:10:58 CET 2018] scale:1000000 groups:10 work_mem:8MB incremental:off max_workers:0 =====
SELECT * FROM (SELECT * FROM s_2 ORDER BY a, b) foo ORDER BY a, b, c
                                                           QUERY PLAN                                                            
---------------------------------------------------------------------------------------------------------------------------------
 Limit  (cost=281705.69..281705.69 rows=1 width=20) (actual time=674.869..674.869 rows=0 loops=1)
   ->  Sort  (cost=269205.69..271705.69 rows=1000000 width=20) (actual time=562.627..652.793 rows=1000000 loops=1)
         Sort Key: s_2.a, s_2.b, s_2.c
         Sort Method: external merge  Disk: 29360kB
         ->  Sort  (cost=136537.84..139037.84 rows=1000000 width=20) (actual time=197.946..297.556 rows=1000000 loops=1)
               Sort Key: s_2.a, s_2.b
               Sort Method: external merge  Disk: 29360kB
               ->  Seq Scan on s_2  (cost=0.00..16370.00 rows=1000000 width=20) (actual time=0.013..51.652 rows=1000000 loops=1)
 Planning time: 0.210 ms
 Execution time: 682.233 ms
(10 rows)

===== 15 [Wed Mar  7 02:11:02 CET 2018] scale:1000000 groups:10 work_mem:8MB incremental:off max_workers:0 =====
SELECT * FROM (SELECT * FROM s_3 ORDER BY a, b, c) foo ORDER BY a, b, c, d
                                                           QUERY PLAN                                                            
---------------------------------------------------------------------------------------------------------------------------------
 Limit  (cost=281705.69..281705.69 rows=1 width=20) (actual time=771.056..771.056 rows=0 loops=1)
   ->  Sort  (cost=269205.69..271705.69 rows=1000000 width=20) (actual time=659.618..748.969 rows=1000000 loops=1)
         Sort Key: s_3.a, s_3.b, s_3.c, s_3.d
         Sort Method: external merge  Disk: 29360kB
         ->  Sort  (cost=136537.84..139037.84 rows=1000000 width=20) (actual time=205.163..305.115 rows=1000000 loops=1)
               Sort Key: s_3.a, s_3.b, s_3.c
               Sort Method: external merge  Disk: 29360kB
               ->  Seq Scan on s_3  (cost=0.00..16370.00 rows=1000000 width=20) (actual time=0.011..51.728 rows=1000000 loops=1)
 Planning time: 0.219 ms
 Execution time: 778.352 ms
(10 rows)

===== 16 [Wed Mar  7 02:11:06 CET 2018] scale:1000000 groups:10 work_mem:8MB incremental:off max_workers:0 =====
SELECT * FROM (SELECT * FROM s_4 ORDER BY a, b, c, d) foo ORDER BY a, b, c, d, e
                                                           QUERY PLAN                                                            
---------------------------------------------------------------------------------------------------------------------------------
 Limit  (cost=281705.69..281705.69 rows=1 width=20) (actual time=922.384..922.384 rows=0 loops=1)
   ->  Sort  (cost=269205.69..271705.69 rows=1000000 width=20) (actual time=811.204..900.281 rows=1000000 loops=1)
         Sort Key: s_4.a, s_4.b, s_4.c, s_4.d, s_4.e
         Sort Method: external merge  Disk: 29360kB
         ->  Sort  (cost=136537.84..139037.84 rows=1000000 width=20) (actual time=212.400..313.580 rows=1000000 loops=1)
               Sort Key: s_4.a, s_4.b, s_4.c, s_4.d
               Sort Method: external merge  Disk: 29360kB
               ->  Seq Scan on s_4  (cost=0.00..16370.00 rows=1000000 width=20) (actual time=0.011..51.748 rows=1000000 loops=1)
 Planning time: 0.224 ms
 Execution time: 929.746 ms
(10 rows)

===== 17 [Wed Mar  7 02:11:11 CET 2018] scale:1000000 groups:10 work_mem:16MB incremental:on max_workers:0 =====
SELECT * FROM (SELECT * FROM s_1 ORDER BY a) foo ORDER BY a, b
                                                           QUERY PLAN                                                            
---------------------------------------------------------------------------------------------------------------------------------
 Limit  (cost=258898.75..258898.75 rows=1 width=20) (actual time=561.401..561.401 rows=0 loops=1)
   ->  Incremental Sort  (cost=145161.54..248898.75 rows=1000000 width=20) (actual time=207.604..535.765 rows=1000000 loops=1)
         Sort Key: s_1.a, s_1.b
         Presorted Key: s_1.a
         Sort Method: quicksort  Memory: 10910kB
         Sort Groups: 11
         ->  Sort  (cost=136537.84..139037.84 rows=1000000 width=20) (actual time=193.234..284.174 rows=1000000 loops=1)
               Sort Key: s_1.a
               Sort Method: external merge  Disk: 29392kB
               ->  Seq Scan on s_1  (cost=0.00..16370.00 rows=1000000 width=20) (actual time=0.004..52.131 rows=1000000 loops=1)
 Planning time: 0.213 ms
 Execution time: 566.238 ms
(12 rows)

===== 18 [Wed Mar  7 02:11:13 CET 2018] scale:1000000 groups:10 work_mem:16MB incremental:on max_workers:0 =====
SELECT * FROM (SELECT * FROM s_2 ORDER BY a, b) foo ORDER BY a, b, c
                                                           QUERY PLAN                                                            
---------------------------------------------------------------------------------------------------------------------------------
 Limit  (cost=241603.79..241603.79 rows=1 width=20) (actual time=546.218..546.218 rows=0 loops=1)
   ->  Incremental Sort  (cost=137178.86..231603.79 rows=1000000 width=20) (actual time=207.898..521.051 rows=1000000 loops=1)
         Sort Key: s_2.a, s_2.b, s_2.c
         Presorted Key: s_2.a, s_2.b
         Sort Method: quicksort  Memory: 1189kB
         Sort Groups: 121
         ->  Sort  (cost=136537.84..139037.84 rows=1000000 width=20) (actual time=207.097..299.854 rows=1000000 loops=1)
               Sort Key: s_2.a, s_2.b
               Sort Method: external merge  Disk: 29392kB
               ->  Seq Scan on s_2  (cost=0.00..16370.00 rows=1000000 width=20) (actual time=0.013..52.172 rows=1000000 loops=1)
 Planning time: 0.215 ms
 Execution time: 550.530 ms
(12 rows)

===== 19 [Wed Mar  7 02:11:16 CET 2018] scale:1000000 groups:10 work_mem:16MB incremental:on max_workers:0 =====
SELECT * FROM (SELECT * FROM s_3 ORDER BY a, b, c) foo ORDER BY a, b, c, d
                                                           QUERY PLAN                                                            
---------------------------------------------------------------------------------------------------------------------------------
 Limit  (cost=224330.83..224330.83 rows=1 width=20) (actual time=585.050..585.050 rows=0 loops=1)
   ->  Incremental Sort  (cost=136583.12..214330.83 rows=1000000 width=20) (actual time=214.316..559.815 rows=1000000 loops=1)
         Sort Key: s_3.a, s_3.b, s_3.c, s_3.d
         Presorted Key: s_3.a, s_3.b, s_3.c
         Sort Method: quicksort  Memory: 135kB
         Sort Groups: 1331
         ->  Sort  (cost=136537.84..139037.84 rows=1000000 width=20) (actual time=214.238..307.055 rows=1000000 loops=1)
               Sort Key: s_3.a, s_3.b, s_3.c
               Sort Method: external merge  Disk: 29392kB
               ->  Seq Scan on s_3  (cost=0.00..16370.00 rows=1000000 width=20) (actual time=0.011..52.319 rows=1000000 loops=1)
 Planning time: 0.233 ms
 Execution time: 589.280 ms
(12 rows)

===== 20 [Wed Mar  7 02:11:19 CET 2018] scale:1000000 groups:10 work_mem:16MB incremental:on max_workers:0 =====
SELECT * FROM (SELECT * FROM s_4 ORDER BY a, b, c, d) foo ORDER BY a, b, c, d, e
                                                           QUERY PLAN                                                            
---------------------------------------------------------------------------------------------------------------------------------
 Limit  (cost=207299.87..207299.87 rows=1 width=20) (actual time=620.840..620.840 rows=0 loops=1)
   ->  Incremental Sort  (cost=136540.78..197299.87 rows=1000000 width=20) (actual time=220.646..598.344 rows=1000000 loops=1)
         Sort Key: s_4.a, s_4.b, s_4.c, s_4.d, s_4.e
         Presorted Key: s_4.a, s_4.b, s_4.c, s_4.d
         Sort Method: quicksort  Memory: 35kB
         Sort Groups: 13426
         ->  Sort  (cost=136537.84..139037.84 rows=1000000 width=20) (actual time=220.595..315.904 rows=1000000 loops=1)
               Sort Key: s_4.a, s_4.b, s_4.c, s_4.d
               Sort Method: external merge  Disk: 29392kB
               ->  Seq Scan on s_4  (cost=0.00..16370.00 rows=1000000 width=20) (actual time=0.011..52.256 rows=1000000 loops=1)
 Planning time: 0.237 ms
 Execution time: 625.096 ms
(12 rows)

===== 21 [Wed Mar  7 02:11:22 CET 2018] scale:1000000 groups:10 work_mem:16MB incremental:off max_workers:0 =====
SELECT * FROM (SELECT * FROM s_1 ORDER BY a) foo ORDER BY a, b
                                                           QUERY PLAN                                                            
---------------------------------------------------------------------------------------------------------------------------------
 Limit  (cost=281705.69..281705.69 rows=1 width=20) (actual time=636.933..636.933 rows=0 loops=1)
   ->  Sort  (cost=269205.69..271705.69 rows=1000000 width=20) (actual time=529.317..615.057 rows=1000000 loops=1)
         Sort Key: s_1.a, s_1.b
         Sort Method: external merge  Disk: 29392kB
         ->  Sort  (cost=136537.84..139037.84 rows=1000000 width=20) (actual time=192.879..283.170 rows=1000000 loops=1)
               Sort Key: s_1.a
               Sort Method: external merge  Disk: 29392kB
               ->  Seq Scan on s_1  (cost=0.00..16370.00 rows=1000000 width=20) (actual time=0.004..52.189 rows=1000000 loops=1)
 Planning time: 0.211 ms
 Execution time: 644.690 ms
(10 rows)

===== 22 [Wed Mar  7 02:11:25 CET 2018] scale:1000000 groups:10 work_mem:16MB incremental:off max_workers:0 =====
SELECT * FROM (SELECT * FROM s_2 ORDER BY a, b) foo ORDER BY a, b, c
                                                           QUERY PLAN                                                            
---------------------------------------------------------------------------------------------------------------------------------
 Limit  (cost=281705.69..281705.69 rows=1 width=20) (actual time=694.797..694.797 rows=0 loops=1)
   ->  Sort  (cost=269205.69..271705.69 rows=1000000 width=20) (actual time=590.209..672.944 rows=1000000 loops=1)
         Sort Key: s_2.a, s_2.b, s_2.c
         Sort Method: external merge  Disk: 29392kB
         ->  Sort  (cost=136537.84..139037.84 rows=1000000 width=20) (actual time=206.442..299.342 rows=1000000 loops=1)
               Sort Key: s_2.a, s_2.b
               Sort Method: external merge  Disk: 29392kB
               ->  Seq Scan on s_2  (cost=0.00..16370.00 rows=1000000 width=20) (actual time=0.013..52.322 rows=1000000 loops=1)
 Planning time: 0.208 ms
 Execution time: 702.599 ms
(10 rows)

===== 23 [Wed Mar  7 02:11:29 CET 2018] scale:1000000 groups:10 work_mem:16MB incremental:off max_workers:0 =====
SELECT * FROM (SELECT * FROM s_3 ORDER BY a, b, c) foo ORDER BY a, b, c, d
                                                           QUERY PLAN                                                            
---------------------------------------------------------------------------------------------------------------------------------
 Limit  (cost=281705.69..281705.69 rows=1 width=20) (actual time=788.672..788.672 rows=0 loops=1)
   ->  Sort  (cost=269205.69..271705.69 rows=1000000 width=20) (actual time=684.679..766.849 rows=1000000 loops=1)
         Sort Key: s_3.a, s_3.b, s_3.c, s_3.d
         Sort Method: external merge  Disk: 29392kB
         ->  Sort  (cost=136537.84..139037.84 rows=1000000 width=20) (actual time=213.641..306.722 rows=1000000 loops=1)
               Sort Key: s_3.a, s_3.b, s_3.c
               Sort Method: external merge  Disk: 29392kB
               ->  Seq Scan on s_3  (cost=0.00..16370.00 rows=1000000 width=20) (actual time=0.011..52.305 rows=1000000 loops=1)
 Planning time: 0.223 ms
 Execution time: 795.574 ms
(10 rows)

===== 24 [Wed Mar  7 02:11:33 CET 2018] scale:1000000 groups:10 work_mem:16MB incremental:off max_workers:0 =====
SELECT * FROM (SELECT * FROM s_4 ORDER BY a, b, c, d) foo ORDER BY a, b, c, d, e
                                                           QUERY PLAN                                                            
---------------------------------------------------------------------------------------------------------------------------------
 Limit  (cost=281705.69..281705.69 rows=1 width=20) (actual time=933.813..933.813 rows=0 loops=1)
   ->  Sort  (cost=269205.69..271705.69 rows=1000000 width=20) (actual time=829.993..911.948 rows=1000000 loops=1)
         Sort Key: s_4.a, s_4.b, s_4.c, s_4.d, s_4.e
         Sort Method: external merge  Disk: 29392kB
         ->  Sort  (cost=136537.84..139037.84 rows=1000000 width=20) (actual time=220.723..313.699 rows=1000000 loops=1)
               Sort Key: s_4.a, s_4.b, s_4.c, s_4.d
               Sort Method: external merge  Disk: 29392kB
               ->  Seq Scan on s_4  (cost=0.00..16370.00 rows=1000000 width=20) (actual time=0.011..52.324 rows=1000000 loops=1)
 Planning time: 0.228 ms
 Execution time: 941.592 ms
(10 rows)

===== 25 [Wed Mar  7 02:11:38 CET 2018] scale:1000000 groups:10 work_mem:32MB incremental:on max_workers:0 =====
SELECT * FROM (SELECT * FROM s_1 ORDER BY a) foo ORDER BY a, b
                                                           QUERY PLAN                                                            
---------------------------------------------------------------------------------------------------------------------------------
 Limit  (cost=258898.75..258898.75 rows=1 width=20) (actual time=568.522..568.522 rows=0 loops=1)
   ->  Incremental Sort  (cost=145161.54..248898.75 rows=1000000 width=20) (actual time=220.617..542.758 rows=1000000 loops=1)
         Sort Key: s_1.a, s_1.b
         Presorted Key: s_1.a
         Sort Method: quicksort  Memory: 10910kB
         Sort Groups: 11
         ->  Sort  (cost=136537.84..139037.84 rows=1000000 width=20) (actual time=208.503..294.930 rows=1000000 loops=1)
               Sort Key: s_1.a
               Sort Method: external merge  Disk: 29360kB
               ->  Seq Scan on s_1  (cost=0.00..16370.00 rows=1000000 width=20) (actual time=0.004..53.438 rows=1000000 loops=1)
 Planning time: 0.211 ms
 Execution time: 572.038 ms
(12 rows)

===== 26 [Wed Mar  7 02:11:41 CET 2018] scale:1000000 groups:10 work_mem:32MB incremental:on max_workers:0 =====
SELECT * FROM (SELECT * FROM s_2 ORDER BY a, b) foo ORDER BY a, b, c
                                                           QUERY PLAN                                                            
---------------------------------------------------------------------------------------------------------------------------------
 Limit  (cost=241603.79..241603.79 rows=1 width=20) (actual time=558.485..558.485 rows=0 loops=1)
   ->  Incremental Sort  (cost=137178.86..231603.79 rows=1000000 width=20) (actual time=222.739..533.246 rows=1000000 loops=1)
         Sort Key: s_2.a, s_2.b, s_2.c
         Presorted Key: s_2.a, s_2.b
         Sort Method: quicksort  Memory: 1189kB
         Sort Groups: 121
         ->  Sort  (cost=136537.84..139037.84 rows=1000000 width=20) (actual time=222.011..311.083 rows=1000000 loops=1)
               Sort Key: s_2.a, s_2.b
               Sort Method: external merge  Disk: 29360kB
               ->  Seq Scan on s_2  (cost=0.00..16370.00 rows=1000000 width=20) (actual time=0.012..53.609 rows=1000000 loops=1)
 Planning time: 0.211 ms
 Execution time: 561.996 ms
(12 rows)

===== 27 [Wed Mar  7 02:11:44 CET 2018] scale:1000000 groups:10 work_mem:32MB incremental:on max_workers:0 =====
SELECT * FROM (SELECT * FROM s_3 ORDER BY a, b, c) foo ORDER BY a, b, c, d
                                                           QUERY PLAN                                                            
---------------------------------------------------------------------------------------------------------------------------------
 Limit  (cost=224330.83..224330.83 rows=1 width=20) (actual time=598.437..598.437 rows=0 loops=1)
   ->  Incremental Sort  (cost=136583.12..214330.83 rows=1000000 width=20) (actual time=230.836..573.188 rows=1000000 loops=1)
         Sort Key: s_3.a, s_3.b, s_3.c, s_3.d
         Presorted Key: s_3.a, s_3.b, s_3.c
         Sort Method: quicksort  Memory: 135kB
         Sort Groups: 1331
         ->  Sort  (cost=136537.84..139037.84 rows=1000000 width=20) (actual time=230.759..320.782 rows=1000000 loops=1)
               Sort Key: s_3.a, s_3.b, s_3.c
               Sort Method: external merge  Disk: 29360kB
               ->  Seq Scan on s_3  (cost=0.00..16370.00 rows=1000000 width=20) (actual time=0.011..53.760 rows=1000000 loops=1)
 Planning time: 0.228 ms
 Execution time: 603.005 ms
(12 rows)

===== 28 [Wed Mar  7 02:11:47 CET 2018] scale:1000000 groups:10 work_mem:32MB incremental:on max_workers:0 =====
SELECT * FROM (SELECT * FROM s_4 ORDER BY a, b, c, d) foo ORDER BY a, b, c, d, e
                                                           QUERY PLAN                                                            
---------------------------------------------------------------------------------------------------------------------------------
 Limit  (cost=207299.87..207299.87 rows=1 width=20) (actual time=640.816..640.816 rows=0 loops=1)
   ->  Incremental Sort  (cost=136540.78..197299.87 rows=1000000 width=20) (actual time=236.443..618.393 rows=1000000 loops=1)
         Sort Key: s_4.a, s_4.b, s_4.c, s_4.d, s_4.e
         Presorted Key: s_4.a, s_4.b, s_4.c, s_4.d
         Sort Method: quicksort  Memory: 35kB
         Sort Groups: 13426
         ->  Sort  (cost=136537.84..139037.84 rows=1000000 width=20) (actual time=236.393..328.609 rows=1000000 loops=1)
               Sort Key: s_4.a, s_4.b, s_4.c, s_4.d
               Sort Method: external merge  Disk: 29360kB
               ->  Seq Scan on s_4  (cost=0.00..16370.00 rows=1000000 width=20) (actual time=0.011..53.518 rows=1000000 loops=1)
 Planning time: 0.237 ms
 Execution time: 645.398 ms
(12 rows)

===== 29 [Wed Mar  7 02:11:50 CET 2018] scale:1000000 groups:10 work_mem:32MB incremental:off max_workers:0 =====
SELECT * FROM (SELECT * FROM s_1 ORDER BY a) foo ORDER BY a, b
                                                           QUERY PLAN                                                            
---------------------------------------------------------------------------------------------------------------------------------
 Limit  (cost=281705.69..281705.69 rows=1 width=20) (actual time=665.171..665.171 rows=0 loops=1)
   ->  Sort  (cost=269205.69..271705.69 rows=1000000 width=20) (actual time=563.517..643.337 rows=1000000 loops=1)
         Sort Key: s_1.a, s_1.b
         Sort Method: external merge  Disk: 29360kB
         ->  Sort  (cost=136537.84..139037.84 rows=1000000 width=20) (actual time=208.360..295.011 rows=1000000 loops=1)
               Sort Key: s_1.a
               Sort Method: external merge  Disk: 29360kB
               ->  Seq Scan on s_1  (cost=0.00..16370.00 rows=1000000 width=20) (actual time=0.004..53.576 rows=1000000 loops=1)
 Planning time: 0.207 ms
 Execution time: 673.194 ms
(10 rows)

===== 30 [Wed Mar  7 02:11:54 CET 2018] scale:1000000 groups:10 work_mem:32MB incremental:off max_workers:0 =====
SELECT * FROM (SELECT * FROM s_2 ORDER BY a, b) foo ORDER BY a, b, c
                                                           QUERY PLAN                                                            
---------------------------------------------------------------------------------------------------------------------------------
 Limit  (cost=281705.69..281705.69 rows=1 width=20) (actual time=722.183..722.183 rows=0 loops=1)
   ->  Sort  (cost=269205.69..271705.69 rows=1000000 width=20) (actual time=620.917..700.344 rows=1000000 loops=1)
         Sort Key: s_2.a, s_2.b, s_2.c
         Sort Method: external merge  Disk: 29360kB
         ->  Sort  (cost=136537.84..139037.84 rows=1000000 width=20) (actual time=221.121..309.993 rows=1000000 loops=1)
               Sort Key: s_2.a, s_2.b
               Sort Method: external merge  Disk: 29360kB
               ->  Seq Scan on s_2  (cost=0.00..16370.00 rows=1000000 width=20) (actual time=0.013..53.631 rows=1000000 loops=1)
 Planning time: 0.209 ms
 Execution time: 730.210 ms
(10 rows)

===== 31 [Wed Mar  7 02:11:57 CET 2018] scale:1000000 groups:10 work_mem:32MB incremental:off max_workers:0 =====
SELECT * FROM (SELECT * FROM s_3 ORDER BY a, b, c) foo ORDER BY a, b, c, d
                                                           QUERY PLAN                                                            
---------------------------------------------------------------------------------------------------------------------------------
 Limit  (cost=281705.69..281705.69 rows=1 width=20) (actual time=818.165..818.165 rows=0 loops=1)
   ->  Sort  (cost=269205.69..271705.69 rows=1000000 width=20) (actual time=717.072..796.320 rows=1000000 loops=1)
         Sort Key: s_3.a, s_3.b, s_3.c, s_3.d
         Sort Method: external merge  Disk: 29360kB
         ->  Sort  (cost=136537.84..139037.84 rows=1000000 width=20) (actual time=228.204..317.213 rows=1000000 loops=1)
               Sort Key: s_3.a, s_3.b, s_3.c
               Sort Method: external merge  Disk: 29360kB
               ->  Seq Scan on s_3  (cost=0.00..16370.00 rows=1000000 width=20) (actual time=0.011..53.692 rows=1000000 loops=1)
 Planning time: 0.220 ms
 Execution time: 826.167 ms
(10 rows)

===== 32 [Wed Mar  7 02:12:02 CET 2018] scale:1000000 groups:10 work_mem:32MB incremental:off max_workers:0 =====
SELECT * FROM (SELECT * FROM s_4 ORDER BY a, b, c, d) foo ORDER BY a, b, c, d, e
                                                           QUERY PLAN                                                            
---------------------------------------------------------------------------------------------------------------------------------
 Limit  (cost=281705.69..281705.69 rows=1 width=20) (actual time=968.138..968.138 rows=0 loops=1)
   ->  Sort  (cost=269205.69..271705.69 rows=1000000 width=20) (actual time=866.249..946.280 rows=1000000 loops=1)
         Sort Key: s_4.a, s_4.b, s_4.c, s_4.d, s_4.e
         Sort Method: external merge  Disk: 29360kB
         ->  Sort  (cost=136537.84..139037.84 rows=1000000 width=20) (actual time=235.381..325.834 rows=1000000 loops=1)
               Sort Key: s_4.a, s_4.b, s_4.c, s_4.d
               Sort Method: external merge  Disk: 29360kB
               ->  Seq Scan on s_4  (cost=0.00..16370.00 rows=1000000 width=20) (actual time=0.011..53.746 rows=1000000 loops=1)
 Planning time: 0.224 ms
 Execution time: 976.178 ms
(10 rows)

===== 33 [Wed Mar  7 02:12:07 CET 2018] scale:1000000 groups:10 work_mem:64MB incremental:on max_workers:0 =====
SELECT * FROM (SELECT * FROM s_1 ORDER BY a) foo ORDER BY a, b
                                                           QUERY PLAN                                                            
---------------------------------------------------------------------------------------------------------------------------------
 Limit  (cost=238388.75..238388.75 rows=1 width=20) (actual time=591.214..591.214 rows=0 loops=1)
   ->  Incremental Sort  (cost=124651.54..228388.75 rows=1000000 width=20) (actual time=240.082..565.439 rows=1000000 loops=1)
         Sort Key: s_1.a, s_1.b
         Presorted Key: s_1.a
         Sort Method: quicksort  Memory: 10910kB
         Sort Groups: 11
         ->  Sort  (cost=116027.84..118527.84 rows=1000000 width=20) (actual time=227.653..311.950 rows=1000000 loops=1)
               Sort Key: s_1.a
               Sort Method: external merge  Disk: 29360kB
               ->  Seq Scan on s_1  (cost=0.00..16370.00 rows=1000000 width=20) (actual time=0.004..55.083 rows=1000000 loops=1)
 Planning time: 0.218 ms
 Execution time: 594.730 ms
(12 rows)

===== 34 [Wed Mar  7 02:12:10 CET 2018] scale:1000000 groups:10 work_mem:64MB incremental:on max_workers:0 =====
SELECT * FROM (SELECT * FROM s_2 ORDER BY a, b) foo ORDER BY a, b, c
                                                           QUERY PLAN                                                            
---------------------------------------------------------------------------------------------------------------------------------
 Limit  (cost=221093.79..221093.79 rows=1 width=20) (actual time=579.971..579.971 rows=0 loops=1)
   ->  Incremental Sort  (cost=116668.86..211093.79 rows=1000000 width=20) (actual time=241.678..554.719 rows=1000000 loops=1)
         Sort Key: s_2.a, s_2.b, s_2.c
         Presorted Key: s_2.a, s_2.b
         Sort Method: quicksort  Memory: 1189kB
         Sort Groups: 121
         ->  Sort  (cost=116027.84..118527.84 rows=1000000 width=20) (actual time=240.936..325.671 rows=1000000 loops=1)
               Sort Key: s_2.a, s_2.b
               Sort Method: external merge  Disk: 29360kB
               ->  Seq Scan on s_2  (cost=0.00..16370.00 rows=1000000 width=20) (actual time=0.013..55.351 rows=1000000 loops=1)
 Planning time: 0.215 ms
 Execution time: 583.470 ms
(12 rows)

===== 35 [Wed Mar  7 02:12:13 CET 2018] scale:1000000 groups:10 work_mem:64MB incremental:on max_workers:0 =====
SELECT * FROM (SELECT * FROM s_3 ORDER BY a, b, c) foo ORDER BY a, b, c, d
                                                           QUERY PLAN                                                            
---------------------------------------------------------------------------------------------------------------------------------
 Limit  (cost=203820.83..203820.83 rows=1 width=20) (actual time=607.078..607.078 rows=0 loops=1)
   ->  Incremental Sort  (cost=116073.12..193820.83 rows=1000000 width=20) (actual time=248.351..581.861 rows=1000000 loops=1)
         Sort Key: s_3.a, s_3.b, s_3.c, s_3.d
         Presorted Key: s_3.a, s_3.b, s_3.c
         Sort Method: quicksort  Memory: 135kB
         Sort Groups: 1331
         ->  Sort  (cost=116027.84..118527.84 rows=1000000 width=20) (actual time=248.272..330.095 rows=1000000 loops=1)
               Sort Key: s_3.a, s_3.b, s_3.c
               Sort Method: external merge  Disk: 29360kB
               ->  Seq Scan on s_3  (cost=0.00..16370.00 rows=1000000 width=20) (actual time=0.011..55.370 rows=1000000 loops=1)
 Planning time: 0.235 ms
 Execution time: 610.572 ms
(12 rows)

===== 36 [Wed Mar  7 02:12:16 CET 2018] scale:1000000 groups:10 work_mem:64MB incremental:on max_workers:0 =====
SELECT * FROM (SELECT * FROM s_4 ORDER BY a, b, c, d) foo ORDER BY a, b, c, d, e
                                                           QUERY PLAN                                                            
---------------------------------------------------------------------------------------------------------------------------------
 Limit  (cost=186789.87..186789.87 rows=1 width=20) (actual time=648.693..648.693 rows=0 loops=1)
   ->  Incremental Sort  (cost=116030.78..176789.87 rows=1000000 width=20) (actual time=255.078..626.228 rows=1000000 loops=1)
         Sort Key: s_4.a, s_4.b, s_4.c, s_4.d, s_4.e
         Presorted Key: s_4.a, s_4.b, s_4.c, s_4.d
         Sort Method: quicksort  Memory: 35kB
         Sort Groups: 13426
         ->  Sort  (cost=116027.84..118527.84 rows=1000000 width=20) (actual time=255.028..339.543 rows=1000000 loops=1)
               Sort Key: s_4.a, s_4.b, s_4.c, s_4.d
               Sort Method: external merge  Disk: 29360kB
               ->  Seq Scan on s_4  (cost=0.00..16370.00 rows=1000000 width=20) (actual time=0.011..55.430 rows=1000000 loops=1)
 Planning time: 0.231 ms
 Execution time: 652.181 ms
(12 rows)

===== 37 [Wed Mar  7 02:12:19 CET 2018] scale:1000000 groups:10 work_mem:64MB incremental:off max_workers:0 =====
SELECT * FROM (SELECT * FROM s_1 ORDER BY a) foo ORDER BY a, b
                                                           QUERY PLAN                                                            
---------------------------------------------------------------------------------------------------------------------------------
 Limit  (cost=240685.69..240685.69 rows=1 width=20) (actual time=689.699..689.699 rows=0 loops=1)
   ->  Sort  (cost=228185.69..230685.69 rows=1000000 width=20) (actual time=594.420..667.732 rows=1000000 loops=1)
         Sort Key: s_1.a, s_1.b
         Sort Method: external merge  Disk: 29360kB
         ->  Sort  (cost=116027.84..118527.84 rows=1000000 width=20) (actual time=226.774..309.726 rows=1000000 loops=1)
               Sort Key: s_1.a
               Sort Method: external merge  Disk: 29360kB
               ->  Seq Scan on s_1  (cost=0.00..16370.00 rows=1000000 width=20) (actual time=0.004..55.272 rows=1000000 loops=1)
 Planning time: 0.205 ms
 Execution time: 696.638 ms
(10 rows)

===== 38 [Wed Mar  7 02:12:23 CET 2018] scale:1000000 groups:10 work_mem:64MB incremental:off max_workers:0 =====
SELECT * FROM (SELECT * FROM s_2 ORDER BY a, b) foo ORDER BY a, b, c
                                                           QUERY PLAN                                                            
---------------------------------------------------------------------------------------------------------------------------------
 Limit  (cost=240685.69..240685.69 rows=1 width=20) (actual time=747.167..747.167 rows=0 loops=1)
   ->  Sort  (cost=228185.69..230685.69 rows=1000000 width=20) (actual time=651.859..725.212 rows=1000000 loops=1)
         Sort Key: s_2.a, s_2.b, s_2.c
         Sort Method: external merge  Disk: 29360kB
         ->  Sort  (cost=116027.84..118527.84 rows=1000000 width=20) (actual time=240.370..324.163 rows=1000000 loops=1)
               Sort Key: s_2.a, s_2.b
               Sort Method: external merge  Disk: 29360kB
               ->  Seq Scan on s_2  (cost=0.00..16370.00 rows=1000000 width=20) (actual time=0.013..55.377 rows=1000000 loops=1)
 Planning time: 0.210 ms
 Execution time: 754.113 ms
(10 rows)

===== 39 [Wed Mar  7 02:12:27 CET 2018] scale:1000000 groups:10 work_mem:64MB incremental:off max_workers:0 =====
SELECT * FROM (SELECT * FROM s_3 ORDER BY a, b, c) foo ORDER BY a, b, c, d
                                                           QUERY PLAN                                                            
---------------------------------------------------------------------------------------------------------------------------------
 Limit  (cost=240685.69..240685.69 rows=1 width=20) (actual time=841.543..841.543 rows=0 loops=1)
   ->  Sort  (cost=228185.69..230685.69 rows=1000000 width=20) (actual time=746.357..819.587 rows=1000000 loops=1)
         Sort Key: s_3.a, s_3.b, s_3.c, s_3.d
         Sort Method: external merge  Disk: 29360kB
         ->  Sort  (cost=116027.84..118527.84 rows=1000000 width=20) (actual time=247.558..331.287 rows=1000000 loops=1)
               Sort Key: s_3.a, s_3.b, s_3.c
               Sort Method: external merge  Disk: 29360kB
               ->  Seq Scan on s_3  (cost=0.00..16370.00 rows=1000000 width=20) (actual time=0.011..55.337 rows=1000000 loops=1)
 Planning time: 0.219 ms
 Execution time: 848.446 ms
(10 rows)

===== 40 [Wed Mar  7 02:12:31 CET 2018] scale:1000000 groups:10 work_mem:64MB incremental:off max_workers:0 =====
SELECT * FROM (SELECT * FROM s_4 ORDER BY a, b, c, d) foo ORDER BY a, b, c, d, e
                                                           QUERY PLAN                                                            
---------------------------------------------------------------------------------------------------------------------------------
 Limit  (cost=240685.69..240685.69 rows=1 width=20) (actual time=981.133..981.133 rows=0 loops=1)
   ->  Sort  (cost=228185.69..230685.69 rows=1000000 width=20) (actual time=886.019..959.249 rows=1000000 loops=1)
         Sort Key: s_4.a, s_4.b, s_4.c, s_4.d, s_4.e
         Sort Method: external merge  Disk: 29360kB
         ->  Sort  (cost=116027.84..118527.84 rows=1000000 width=20) (actual time=254.867..337.302 rows=1000000 loops=1)
               Sort Key: s_4.a, s_4.b, s_4.c, s_4.d
               Sort Method: external merge  Disk: 29360kB
               ->  Seq Scan on s_4  (cost=0.00..16370.00 rows=1000000 width=20) (actual time=0.011..55.502 rows=1000000 loops=1)
 Planning time: 0.228 ms
 Execution time: 988.033 ms
(10 rows)

===== 41 [Wed Mar  7 02:12:36 CET 2018] scale:1000000 groups:10 work_mem:128MB incremental:on max_workers:0 =====
SELECT * FROM (SELECT * FROM s_1 ORDER BY a) foo ORDER BY a, b
                                                           QUERY PLAN                                                            
---------------------------------------------------------------------------------------------------------------------------------
 Limit  (cost=238388.75..238388.75 rows=1 width=20) (actual time=514.552..514.552 rows=0 loops=1)
   ->  Incremental Sort  (cost=124651.54..228388.75 rows=1000000 width=20) (actual time=176.059..488.985 rows=1000000 loops=1)
         Sort Key: s_1.a, s_1.b
         Presorted Key: s_1.a
         Sort Method: quicksort  Memory: 10910kB
         Sort Groups: 11
         ->  Sort  (cost=116027.84..118527.84 rows=1000000 width=20) (actual time=164.212..201.447 rows=1000000 loops=1)
               Sort Key: s_1.a
               Sort Method: quicksort  Memory: 102702kB
               ->  Seq Scan on s_1  (cost=0.00..16370.00 rows=1000000 width=20) (actual time=0.004..55.380 rows=1000000 loops=1)
 Planning time: 0.210 ms
 Execution time: 519.037 ms
(12 rows)

===== 42 [Wed Mar  7 02:12:39 CET 2018] scale:1000000 groups:10 work_mem:128MB incremental:on max_workers:0 =====
SELECT * FROM (SELECT * FROM s_2 ORDER BY a, b) foo ORDER BY a, b, c
                                                           QUERY PLAN                                                            
---------------------------------------------------------------------------------------------------------------------------------
 Limit  (cost=221093.79..221093.79 rows=1 width=20) (actual time=483.554..483.554 rows=0 loops=1)
   ->  Incremental Sort  (cost=116668.86..211093.79 rows=1000000 width=20) (actual time=178.384..458.396 rows=1000000 loops=1)
         Sort Key: s_2.a, s_2.b, s_2.c
         Presorted Key: s_2.a, s_2.b
         Sort Method: quicksort  Memory: 1189kB
         Sort Groups: 121
         ->  Sort  (cost=116027.84..118527.84 rows=1000000 width=20) (actual time=177.720..214.378 rows=1000000 loops=1)
               Sort Key: s_2.a, s_2.b
               Sort Method: quicksort  Memory: 102702kB
               ->  Seq Scan on s_2  (cost=0.00..16370.00 rows=1000000 width=20) (actual time=0.013..55.707 rows=1000000 loops=1)
 Planning time: 0.218 ms
 Execution time: 487.907 ms
(12 rows)

===== 43 [Wed Mar  7 02:12:41 CET 2018] scale:1000000 groups:10 work_mem:128MB incremental:on max_workers:0 =====
SELECT * FROM (SELECT * FROM s_3 ORDER BY a, b, c) foo ORDER BY a, b, c, d
                                                           QUERY PLAN                                                            
---------------------------------------------------------------------------------------------------------------------------------
 Limit  (cost=203820.83..203820.83 rows=1 width=20) (actual time=513.938..513.938 rows=0 loops=1)
   ->  Incremental Sort  (cost=116073.12..193820.83 rows=1000000 width=20) (actual time=184.723..488.592 rows=1000000 loops=1)
         Sort Key: s_3.a, s_3.b, s_3.c, s_3.d
         Presorted Key: s_3.a, s_3.b, s_3.c
         Sort Method: quicksort  Memory: 135kB
         Sort Groups: 1331
         ->  Sort  (cost=116027.84..118527.84 rows=1000000 width=20) (actual time=184.646..220.616 rows=1000000 loops=1)
               Sort Key: s_3.a, s_3.b, s_3.c
               Sort Method: quicksort  Memory: 102702kB
               ->  Seq Scan on s_3  (cost=0.00..16370.00 rows=1000000 width=20) (actual time=0.011..55.736 rows=1000000 loops=1)
 Planning time: 0.226 ms
 Execution time: 518.288 ms
(12 rows)

===== 44 [Wed Mar  7 02:12:43 CET 2018] scale:1000000 groups:10 work_mem:128MB incremental:on max_workers:0 =====
SELECT * FROM (SELECT * FROM s_4 ORDER BY a, b, c, d) foo ORDER BY a, b, c, d, e
                                                           QUERY PLAN                                                            
---------------------------------------------------------------------------------------------------------------------------------
 Limit  (cost=186789.87..186789.87 rows=1 width=20) (actual time=555.758..555.758 rows=0 loops=1)
   ->  Incremental Sort  (cost=116030.78..176789.87 rows=1000000 width=20) (actual time=191.264..533.413 rows=1000000 loops=1)
         Sort Key: s_4.a, s_4.b, s_4.c, s_4.d, s_4.e
         Presorted Key: s_4.a, s_4.b, s_4.c, s_4.d
         Sort Method: quicksort  Memory: 35kB
         Sort Groups: 13426
         ->  Sort  (cost=116027.84..118527.84 rows=1000000 width=20) (actual time=191.215..229.985 rows=1000000 loops=1)
               Sort Key: s_4.a, s_4.b, s_4.c, s_4.d
               Sort Method: quicksort  Memory: 102702kB
               ->  Seq Scan on s_4  (cost=0.00..16370.00 rows=1000000 width=20) (actual time=0.010..55.575 rows=1000000 loops=1)
 Planning time: 0.232 ms
 Execution time: 560.095 ms
(12 rows)

===== 45 [Wed Mar  7 02:12:46 CET 2018] scale:1000000 groups:10 work_mem:128MB incremental:off max_workers:0 =====
SELECT * FROM (SELECT * FROM s_1 ORDER BY a) foo ORDER BY a, b
                                                           QUERY PLAN                                                            
---------------------------------------------------------------------------------------------------------------------------------
 Limit  (cost=240685.69..240685.69 rows=1 width=20) (actual time=525.029..525.029 rows=0 loops=1)
   ->  Sort  (cost=228185.69..230685.69 rows=1000000 width=20) (actual time=411.986..503.347 rows=1000000 loops=1)
         Sort Key: s_1.a, s_1.b
         Sort Method: quicksort  Memory: 102702kB
         ->  Sort  (cost=116027.84..118527.84 rows=1000000 width=20) (actual time=163.304..200.774 rows=1000000 loops=1)
               Sort Key: s_1.a
               Sort Method: quicksort  Memory: 102702kB
               ->  Seq Scan on s_1  (cost=0.00..16370.00 rows=1000000 width=20) (actual time=0.004..55.611 rows=1000000 loops=1)
 Planning time: 0.207 ms
 Execution time: 533.302 ms
(10 rows)

===== 46 [Wed Mar  7 02:12:49 CET 2018] scale:1000000 groups:10 work_mem:128MB incremental:off max_workers:0 =====
SELECT * FROM (SELECT * FROM s_2 ORDER BY a, b) foo ORDER BY a, b, c
                                                           QUERY PLAN                                                            
---------------------------------------------------------------------------------------------------------------------------------
 Limit  (cost=240685.69..240685.69 rows=1 width=20) (actual time=591.739..591.739 rows=0 loops=1)
   ->  Sort  (cost=228185.69..230685.69 rows=1000000 width=20) (actual time=479.066..570.065 rows=1000000 loops=1)
         Sort Key: s_2.a, s_2.b, s_2.c
         Sort Method: quicksort  Memory: 102702kB
         ->  Sort  (cost=116027.84..118527.84 rows=1000000 width=20) (actual time=177.001..214.488 rows=1000000 loops=1)
               Sort Key: s_2.a, s_2.b
               Sort Method: quicksort  Memory: 102702kB
               ->  Seq Scan on s_2  (cost=0.00..16370.00 rows=1000000 width=20) (actual time=0.013..55.699 rows=1000000 loops=1)
 Planning time: 0.207 ms
 Execution time: 600.038 ms
(10 rows)

===== 47 [Wed Mar  7 02:12:52 CET 2018] scale:1000000 groups:10 work_mem:128MB incremental:off max_workers:0 =====
SELECT * FROM (SELECT * FROM s_3 ORDER BY a, b, c) foo ORDER BY a, b, c, d
                                                           QUERY PLAN                                                            
---------------------------------------------------------------------------------------------------------------------------------
 Limit  (cost=240685.69..240685.69 rows=1 width=20) (actual time=665.405..665.405 rows=0 loops=1)
   ->  Sort  (cost=228185.69..230685.69 rows=1000000 width=20) (actual time=586.457..643.752 rows=1000000 loops=1)
         Sort Key: s_3.a, s_3.b, s_3.c, s_3.d
         Sort Method: quicksort  Memory: 102702kB
         ->  Sort  (cost=116027.84..118527.84 rows=1000000 width=20) (actual time=184.098..221.602 rows=1000000 loops=1)
               Sort Key: s_3.a, s_3.b, s_3.c
               Sort Method: quicksort  Memory: 102702kB
               ->  Seq Scan on s_3  (cost=0.00..16370.00 rows=1000000 width=20) (actual time=0.011..55.750 rows=1000000 loops=1)
 Planning time: 0.219 ms
 Execution time: 673.696 ms
(10 rows)

===== 48 [Wed Mar  7 02:12:55 CET 2018] scale:1000000 groups:10 work_mem:128MB incremental:off max_workers:0 =====
SELECT * FROM (SELECT * FROM s_4 ORDER BY a, b, c, d) foo ORDER BY a, b, c, d, e
                                                           QUERY PLAN                                                            
---------------------------------------------------------------------------------------------------------------------------------
 Limit  (cost=240685.69..240685.69 rows=1 width=20) (actual time=815.961..815.961 rows=0 loops=1)
   ->  Sort  (cost=228185.69..230685.69 rows=1000000 width=20) (actual time=739.285..794.099 rows=1000000 loops=1)
         Sort Key: s_4.a, s_4.b, s_4.c, s_4.d, s_4.e
         Sort Method: quicksort  Memory: 102702kB
         ->  Sort  (cost=116027.84..118527.84 rows=1000000 width=20) (actual time=191.432..228.926 rows=1000000 loops=1)
               Sort Key: s_4.a, s_4.b, s_4.c, s_4.d
               Sort Method: quicksort  Memory: 102702kB
               ->  Seq Scan on s_4  (cost=0.00..16370.00 rows=1000000 width=20) (actual time=0.016..55.841 rows=1000000 loops=1)
 Planning time: 0.219 ms
 Execution time: 824.225 ms
(10 rows)

===== 49 [Wed Mar  7 02:13:00 CET 2018] scale:1000000 groups:10 work_mem:256MB incremental:on max_workers:0 =====
SELECT * FROM (SELECT * FROM s_1 ORDER BY a) foo ORDER BY a, b
                                                           QUERY PLAN                                                            
---------------------------------------------------------------------------------------------------------------------------------
 Limit  (cost=238388.75..238388.75 rows=1 width=20) (actual time=511.782..511.782 rows=0 loops=1)
   ->  Incremental Sort  (cost=124651.54..228388.75 rows=1000000 width=20) (actual time=175.785..486.103 rows=1000000 loops=1)
         Sort Key: s_1.a, s_1.b
         Presorted Key: s_1.a
         Sort Method: quicksort  Memory: 10910kB
         Sort Groups: 11
         ->  Sort  (cost=116027.84..118527.84 rows=1000000 width=20) (actual time=163.996..201.185 rows=1000000 loops=1)
               Sort Key: s_1.a
               Sort Method: quicksort  Memory: 102702kB
               ->  Seq Scan on s_1  (cost=0.00..16370.00 rows=1000000 width=20) (actual time=0.004..55.359 rows=1000000 loops=1)
 Planning time: 0.211 ms
 Execution time: 516.246 ms
(12 rows)

===== 50 [Wed Mar  7 02:13:02 CET 2018] scale:1000000 groups:10 work_mem:256MB incremental:on max_workers:0 =====
SELECT * FROM (SELECT * FROM s_2 ORDER BY a, b) foo ORDER BY a, b, c
                                                           QUERY PLAN                                                            
---------------------------------------------------------------------------------------------------------------------------------
 Limit  (cost=221093.79..221093.79 rows=1 width=20) (actual time=485.788..485.788 rows=0 loops=1)
   ->  Incremental Sort  (cost=116668.86..211093.79 rows=1000000 width=20) (actual time=178.621..460.643 rows=1000000 loops=1)
         Sort Key: s_2.a, s_2.b, s_2.c
         Presorted Key: s_2.a, s_2.b
         Sort Method: quicksort  Memory: 1189kB
         Sort Groups: 121
         ->  Sort  (cost=116027.84..118527.84 rows=1000000 width=20) (actual time=177.956..214.612 rows=1000000 loops=1)
               Sort Key: s_2.a, s_2.b
               Sort Method: quicksort  Memory: 102702kB
               ->  Seq Scan on s_2  (cost=0.00..16370.00 rows=1000000 width=20) (actual time=0.013..55.764 rows=1000000 loops=1)
 Planning time: 0.220 ms
 Execution time: 490.159 ms
(12 rows)

===== 51 [Wed Mar  7 02:13:04 CET 2018] scale:1000000 groups:10 work_mem:256MB incremental:on max_workers:0 =====
SELECT * FROM (SELECT * FROM s_3 ORDER BY a, b, c) foo ORDER BY a, b, c, d
                                                           QUERY PLAN                                                            
---------------------------------------------------------------------------------------------------------------------------------
 Limit  (cost=203820.83..203820.83 rows=1 width=20) (actual time=512.659..512.659 rows=0 loops=1)
   ->  Incremental Sort  (cost=116073.12..193820.83 rows=1000000 width=20) (actual time=183.775..487.305 rows=1000000 loops=1)
         Sort Key: s_3.a, s_3.b, s_3.c, s_3.d
         Presorted Key: s_3.a, s_3.b, s_3.c
         Sort Method: quicksort  Memory: 135kB
         Sort Groups: 1331
         ->  Sort  (cost=116027.84..118527.84 rows=1000000 width=20) (actual time=183.698..219.683 rows=1000000 loops=1)
               Sort Key: s_3.a, s_3.b, s_3.c
               Sort Method: quicksort  Memory: 102702kB
               ->  Seq Scan on s_3  (cost=0.00..16370.00 rows=1000000 width=20) (actual time=0.011..55.643 rows=1000000 loops=1)
 Planning time: 0.234 ms
 Execution time: 516.989 ms
(12 rows)

===== 52 [Wed Mar  7 02:13:07 CET 2018] scale:1000000 groups:10 work_mem:256MB incremental:on max_workers:0 =====
SELECT * FROM (SELECT * FROM s_4 ORDER BY a, b, c, d) foo ORDER BY a, b, c, d, e
                                                           QUERY PLAN                                                            
---------------------------------------------------------------------------------------------------------------------------------
 Limit  (cost=186789.87..186789.87 rows=1 width=20) (actual time=555.444..555.444 rows=0 loops=1)
   ->  Incremental Sort  (cost=116030.78..176789.87 rows=1000000 width=20) (actual time=191.126..533.102 rows=1000000 loops=1)
         Sort Key: s_4.a, s_4.b, s_4.c, s_4.d, s_4.e
         Presorted Key: s_4.a, s_4.b, s_4.c, s_4.d
         Sort Method: quicksort  Memory: 35kB
         Sort Groups: 13426
         ->  Sort  (cost=116027.84..118527.84 rows=1000000 width=20) (actual time=191.078..229.830 rows=1000000 loops=1)
               Sort Key: s_4.a, s_4.b, s_4.c, s_4.d
               Sort Method: quicksort  Memory: 102702kB
               ->  Seq Scan on s_4  (cost=0.00..16370.00 rows=1000000 width=20) (actual time=0.010..55.539 rows=1000000 loops=1)
 Planning time: 0.228 ms
 Execution time: 559.769 ms
(12 rows)

===== 53 [Wed Mar  7 02:13:09 CET 2018] scale:1000000 groups:10 work_mem:256MB incremental:off max_workers:0 =====
SELECT * FROM (SELECT * FROM s_1 ORDER BY a) foo ORDER BY a, b
                                                           QUERY PLAN                                                            
---------------------------------------------------------------------------------------------------------------------------------
 Limit  (cost=240685.69..240685.69 rows=1 width=20) (actual time=524.734..524.734 rows=0 loops=1)
   ->  Sort  (cost=228185.69..230685.69 rows=1000000 width=20) (actual time=411.698..503.052 rows=1000000 loops=1)
         Sort Key: s_1.a, s_1.b
         Sort Method: quicksort  Memory: 102702kB
         ->  Sort  (cost=116027.84..118527.84 rows=1000000 width=20) (actual time=163.318..200.778 rows=1000000 loops=1)
               Sort Key: s_1.a
               Sort Method: quicksort  Memory: 102702kB
               ->  Seq Scan on s_1  (cost=0.00..16370.00 rows=1000000 width=20) (actual time=0.004..55.591 rows=1000000 loops=1)
 Planning time: 0.203 ms
 Execution time: 532.998 ms
(10 rows)

===== 54 [Wed Mar  7 02:13:12 CET 2018] scale:1000000 groups:10 work_mem:256MB incremental:off max_workers:0 =====
SELECT * FROM (SELECT * FROM s_2 ORDER BY a, b) foo ORDER BY a, b, c
                                                           QUERY PLAN                                                            
---------------------------------------------------------------------------------------------------------------------------------
 Limit  (cost=240685.69..240685.69 rows=1 width=20) (actual time=590.788..590.788 rows=0 loops=1)
   ->  Sort  (cost=228185.69..230685.69 rows=1000000 width=20) (actual time=478.729..569.108 rows=1000000 loops=1)
         Sort Key: s_2.a, s_2.b, s_2.c
         Sort Method: quicksort  Memory: 102702kB
         ->  Sort  (cost=116027.84..118527.84 rows=1000000 width=20) (actual time=176.658..214.112 rows=1000000 loops=1)
               Sort Key: s_2.a, s_2.b
               Sort Method: quicksort  Memory: 102702kB
               ->  Seq Scan on s_2  (cost=0.00..16370.00 rows=1000000 width=20) (actual time=0.013..55.716 rows=1000000 loops=1)
 Planning time: 0.211 ms
 Execution time: 599.049 ms
(10 rows)

===== 55 [Wed Mar  7 02:13:15 CET 2018] scale:1000000 groups:10 work_mem:256MB incremental:off max_workers:0 =====
SELECT * FROM (SELECT * FROM s_3 ORDER BY a, b, c) foo ORDER BY a, b, c, d
                                                           QUERY PLAN                                                            
---------------------------------------------------------------------------------------------------------------------------------
 Limit  (cost=240685.69..240685.69 rows=1 width=20) (actual time=665.099..665.099 rows=0 loops=1)
   ->  Sort  (cost=228185.69..230685.69 rows=1000000 width=20) (actual time=586.436..643.452 rows=1000000 loops=1)
         Sort Key: s_3.a, s_3.b, s_3.c, s_3.d
         Sort Method: quicksort  Memory: 102702kB
         ->  Sort  (cost=116027.84..118527.84 rows=1000000 width=20) (actual time=184.046..221.471 rows=1000000 loops=1)
               Sort Key: s_3.a, s_3.b, s_3.c
               Sort Method: quicksort  Memory: 102702kB
               ->  Seq Scan on s_3  (cost=0.00..16370.00 rows=1000000 width=20) (actual time=0.011..55.725 rows=1000000 loops=1)
 Planning time: 0.221 ms
 Execution time: 673.365 ms
(10 rows)

===== 56 [Wed Mar  7 02:13:19 CET 2018] scale:1000000 groups:10 work_mem:256MB incremental:off max_workers:0 =====
SELECT * FROM (SELECT * FROM s_4 ORDER BY a, b, c, d) foo ORDER BY a, b, c, d, e
                                                           QUERY PLAN                                                            
---------------------------------------------------------------------------------------------------------------------------------
 Limit  (cost=240685.69..240685.69 rows=1 width=20) (actual time=816.202..816.202 rows=0 loops=1)
   ->  Sort  (cost=228185.69..230685.69 rows=1000000 width=20) (actual time=739.287..794.357 rows=1000000 loops=1)
         Sort Key: s_4.a, s_4.b, s_4.c, s_4.d, s_4.e
         Sort Method: quicksort  Memory: 102702kB
         ->  Sort  (cost=116027.84..118527.84 rows=1000000 width=20) (actual time=191.486..228.986 rows=1000000 loops=1)
               Sort Key: s_4.a, s_4.b, s_4.c, s_4.d
               Sort Method: quicksort  Memory: 102702kB
               ->  Seq Scan on s_4  (cost=0.00..16370.00 rows=1000000 width=20) (actual time=0.011..55.886 rows=1000000 loops=1)
 Planning time: 0.222 ms
 Execution time: 824.498 ms
(10 rows)

===== 57 [Wed Mar  7 02:13:23 CET 2018] scale:1000000 groups:10 work_mem:4MB incremental:on max_workers:2 =====
SELECT * FROM (SELECT * FROM s_1 ORDER BY a) foo ORDER BY a, b
                                                           QUERY PLAN                                                            
---------------------------------------------------------------------------------------------------------------------------------
 Limit  (cost=279419.25..279419.25 rows=1 width=20) (actual time=670.386..670.386 rows=0 loops=1)
   ->  Incremental Sort  (cost=147027.04..269419.25 rows=1000000 width=20) (actual time=233.270..645.073 rows=1000000 loops=1)
         Sort Key: s_1.a, s_1.b
         Presorted Key: s_1.a
         Sort Method: external merge  Disk: 2952kB
         Sort Groups: 11
         ->  Sort  (cost=136537.84..139037.84 rows=1000000 width=20) (actual time=215.814..313.762 rows=1000000 loops=1)
               Sort Key: s_1.a
               Sort Method: external merge  Disk: 29360kB
               ->  Seq Scan on s_1  (cost=0.00..16370.00 rows=1000000 width=20) (actual time=0.004..51.222 rows=1000000 loops=1)
 Planning time: 0.223 ms
 Execution time: 674.442 ms
(12 rows)

===== 58 [Wed Mar  7 02:13:26 CET 2018] scale:1000000 groups:10 work_mem:4MB incremental:on max_workers:2 =====
SELECT * FROM (SELECT * FROM s_2 ORDER BY a, b) foo ORDER BY a, b, c
                                                           QUERY PLAN                                                            
---------------------------------------------------------------------------------------------------------------------------------
 Limit  (cost=241603.79..241603.79 rows=1 width=20) (actual time=581.949..581.949 rows=0 loops=1)
   ->  Incremental Sort  (cost=137178.86..231603.79 rows=1000000 width=20) (actual time=231.184..556.695 rows=1000000 loops=1)
         Sort Key: s_2.a, s_2.b, s_2.c
         Presorted Key: s_2.a, s_2.b
         Sort Method: quicksort  Memory: 1189kB
         Sort Groups: 121
         ->  Sort  (cost=136537.84..139037.84 rows=1000000 width=20) (actual time=230.455..332.003 rows=1000000 loops=1)
               Sort Key: s_2.a, s_2.b
               Sort Method: external merge  Disk: 29360kB
               ->  Seq Scan on s_2  (cost=0.00..16370.00 rows=1000000 width=20) (actual time=0.013..51.203 rows=1000000 loops=1)
 Planning time: 0.225 ms
 Execution time: 585.718 ms
(12 rows)

===== 59 [Wed Mar  7 02:13:29 CET 2018] scale:1000000 groups:10 work_mem:4MB incremental:on max_workers:2 =====
SELECT * FROM (SELECT * FROM s_3 ORDER BY a, b, c) foo ORDER BY a, b, c, d
                                                           QUERY PLAN                                                            
---------------------------------------------------------------------------------------------------------------------------------
 Limit  (cost=224330.83..224330.83 rows=1 width=20) (actual time=611.321..611.321 rows=0 loops=1)
   ->  Incremental Sort  (cost=136583.12..214330.83 rows=1000000 width=20) (actual time=238.062..588.908 rows=1000000 loops=1)
         Sort Key: s_3.a, s_3.b, s_3.c, s_3.d
         Presorted Key: s_3.a, s_3.b, s_3.c
         Sort Method: quicksort  Memory: 135kB
         Sort Groups: 1331
         ->  Sort  (cost=136537.84..139037.84 rows=1000000 width=20) (actual time=237.980..339.063 rows=1000000 loops=1)
               Sort Key: s_3.a, s_3.b, s_3.c
               Sort Method: external merge  Disk: 29360kB
               ->  Seq Scan on s_3  (cost=0.00..16370.00 rows=1000000 width=20) (actual time=0.011..51.379 rows=1000000 loops=1)
 Planning time: 0.233 ms
 Execution time: 615.017 ms
(12 rows)

===== 60 [Wed Mar  7 02:13:32 CET 2018] scale:1000000 groups:10 work_mem:4MB incremental:on max_workers:2 =====
SELECT * FROM (SELECT * FROM s_4 ORDER BY a, b, c, d) foo ORDER BY a, b, c, d, e
                                                           QUERY PLAN                                                            
---------------------------------------------------------------------------------------------------------------------------------
 Limit  (cost=207299.87..207299.87 rows=1 width=20) (actual time=652.469..652.469 rows=0 loops=1)
   ->  Incremental Sort  (cost=136540.78..197299.87 rows=1000000 width=20) (actual time=245.213..629.946 rows=1000000 loops=1)
         Sort Key: s_4.a, s_4.b, s_4.c, s_4.d, s_4.e
         Presorted Key: s_4.a, s_4.b, s_4.c, s_4.d
         Sort Method: quicksort  Memory: 35kB
         Sort Groups: 13426
         ->  Sort  (cost=136537.84..139037.84 rows=1000000 width=20) (actual time=245.164..348.336 rows=1000000 loops=1)
               Sort Key: s_4.a, s_4.b, s_4.c, s_4.d
               Sort Method: external merge  Disk: 29360kB
               ->  Seq Scan on s_4  (cost=0.00..16370.00 rows=1000000 width=20) (actual time=0.011..51.398 rows=1000000 loops=1)
 Planning time: 0.241 ms
 Execution time: 656.144 ms
(12 rows)

===== 61 [Wed Mar  7 02:13:36 CET 2018] scale:1000000 groups:10 work_mem:4MB incremental:off max_workers:2 =====
SELECT * FROM (SELECT * FROM s_1 ORDER BY a) foo ORDER BY a, b
                                                           QUERY PLAN                                                            
---------------------------------------------------------------------------------------------------------------------------------
 Limit  (cost=281705.69..281705.69 rows=1 width=20) (actual time=653.996..653.996 rows=0 loops=1)
   ->  Sort  (cost=269205.69..271705.69 rows=1000000 width=20) (actual time=540.021..632.055 rows=1000000 loops=1)
         Sort Key: s_1.a, s_1.b
         Sort Method: external merge  Disk: 29360kB
         ->  Sort  (cost=136537.84..139037.84 rows=1000000 width=20) (actual time=214.931..313.756 rows=1000000 loops=1)
               Sort Key: s_1.a
               Sort Method: external merge  Disk: 29360kB
               ->  Seq Scan on s_1  (cost=0.00..16370.00 rows=1000000 width=20) (actual time=0.004..51.262 rows=1000000 loops=1)
 Planning time: 0.220 ms
 Execution time: 661.181 ms
(10 rows)

===== 62 [Wed Mar  7 02:13:39 CET 2018] scale:1000000 groups:10 work_mem:4MB incremental:off max_workers:2 =====
SELECT * FROM (SELECT * FROM s_2 ORDER BY a, b) foo ORDER BY a, b, c
                                                           QUERY PLAN                                                            
---------------------------------------------------------------------------------------------------------------------------------
 Limit  (cost=281705.69..281705.69 rows=1 width=20) (actual time=721.847..721.847 rows=0 loops=1)
   ->  Sort  (cost=269205.69..271705.69 rows=1000000 width=20) (actual time=609.133..699.870 rows=1000000 loops=1)
         Sort Key: s_2.a, s_2.b, s_2.c
         Sort Method: external merge  Disk: 29360kB
         ->  Sort  (cost=136537.84..139037.84 rows=1000000 width=20) (actual time=229.863..334.464 rows=1000000 loops=1)
               Sort Key: s_2.a, s_2.b
               Sort Method: external merge  Disk: 29360kB
               ->  Seq Scan on s_2  (cost=0.00..16370.00 rows=1000000 width=20) (actual time=0.013..51.397 rows=1000000 loops=1)
 Planning time: 0.220 ms
 Execution time: 728.992 ms
(10 rows)

===== 63 [Wed Mar  7 02:13:43 CET 2018] scale:1000000 groups:10 work_mem:4MB incremental:off max_workers:2 =====
SELECT * FROM (SELECT * FROM s_3 ORDER BY a, b, c) foo ORDER BY a, b, c, d
                                                           QUERY PLAN                                                            
---------------------------------------------------------------------------------------------------------------------------------
 Limit  (cost=281705.69..281705.69 rows=1 width=20) (actual time=815.590..815.590 rows=0 loops=1)
   ->  Sort  (cost=269205.69..271705.69 rows=1000000 width=20) (actual time=703.603..793.604 rows=1000000 loops=1)
         Sort Key: s_3.a, s_3.b, s_3.c, s_3.d
         Sort Method: external merge  Disk: 29360kB
         ->  Sort  (cost=136537.84..139037.84 rows=1000000 width=20) (actual time=237.165..338.326 rows=1000000 loops=1)
               Sort Key: s_3.a, s_3.b, s_3.c
               Sort Method: external merge  Disk: 29360kB
               ->  Seq Scan on s_3  (cost=0.00..16370.00 rows=1000000 width=20) (actual time=0.011..51.363 rows=1000000 loops=1)
 Planning time: 0.230 ms
 Execution time: 822.739 ms
(10 rows)

===== 64 [Wed Mar  7 02:13:47 CET 2018] scale:1000000 groups:10 work_mem:4MB incremental:off max_workers:2 =====
SELECT * FROM (SELECT * FROM s_4 ORDER BY a, b, c, d) foo ORDER BY a, b, c, d, e
                                                           QUERY PLAN                                                            
---------------------------------------------------------------------------------------------------------------------------------
 Limit  (cost=281705.69..281705.69 rows=1 width=20) (actual time=965.737..965.737 rows=0 loops=1)
   ->  Sort  (cost=269205.69..271705.69 rows=1000000 width=20) (actual time=853.853..943.756 rows=1000000 loops=1)
         Sort Key: s_4.a, s_4.b, s_4.c, s_4.d, s_4.e
         Sort Method: external merge  Disk: 29360kB
         ->  Sort  (cost=136537.84..139037.84 rows=1000000 width=20) (actual time=244.550..345.762 rows=1000000 loops=1)
               Sort Key: s_4.a, s_4.b, s_4.c, s_4.d
               Sort Method: external merge  Disk: 29360kB
               ->  Seq Scan on s_4  (cost=0.00..16370.00 rows=1000000 width=20) (actual time=0.011..51.413 rows=1000000 loops=1)
 Planning time: 0.231 ms
 Execution time: 972.898 ms
(10 rows)

===== 65 [Wed Mar  7 02:13:52 CET 2018] scale:1000000 groups:10 work_mem:8MB incremental:on max_workers:2 =====
SELECT * FROM (SELECT * FROM s_1 ORDER BY a) foo ORDER BY a, b
                                                           QUERY PLAN                                                            
---------------------------------------------------------------------------------------------------------------------------------
 Limit  (cost=258898.75..258898.75 rows=1 width=20) (actual time=645.575..645.575 rows=0 loops=1)
   ->  Incremental Sort  (cost=145161.54..248898.75 rows=1000000 width=20) (actual time=199.943..620.201 rows=1000000 loops=1)
         Sort Key: s_1.a, s_1.b
         Presorted Key: s_1.a
         Sort Method: external merge  Disk: 2952kB
         Sort Groups: 11
         ->  Sort  (cost=136537.84..139037.84 rows=1000000 width=20) (actual time=185.163..281.315 rows=1000000 loops=1)
               Sort Key: s_1.a
               Sort Method: external merge  Disk: 29360kB
               ->  Seq Scan on s_1  (cost=0.00..16370.00 rows=1000000 width=20) (actual time=0.004..51.547 rows=1000000 loops=1)
 Planning time: 0.216 ms
 Execution time: 649.826 ms
(12 rows)

===== 66 [Wed Mar  7 02:13:56 CET 2018] scale:1000000 groups:10 work_mem:8MB incremental:on max_workers:2 =====
SELECT * FROM (SELECT * FROM s_2 ORDER BY a, b) foo ORDER BY a, b, c
                                                           QUERY PLAN                                                            
---------------------------------------------------------------------------------------------------------------------------------
 Limit  (cost=241603.79..241603.79 rows=1 width=20) (actual time=545.710..545.710 rows=0 loops=1)
   ->  Incremental Sort  (cost=137178.86..231603.79 rows=1000000 width=20) (actual time=199.748..520.492 rows=1000000 loops=1)
         Sort Key: s_2.a, s_2.b, s_2.c
         Presorted Key: s_2.a, s_2.b
         Sort Method: quicksort  Memory: 1189kB
         Sort Groups: 121
         ->  Sort  (cost=136537.84..139037.84 rows=1000000 width=20) (actual time=198.942..298.788 rows=1000000 loops=1)
               Sort Key: s_2.a, s_2.b
               Sort Method: external merge  Disk: 29360kB
               ->  Seq Scan on s_2  (cost=0.00..16370.00 rows=1000000 width=20) (actual time=0.012..51.563 rows=1000000 loops=1)
 Planning time: 0.222 ms
 Execution time: 549.196 ms
(12 rows)

===== 67 [Wed Mar  7 02:13:58 CET 2018] scale:1000000 groups:10 work_mem:8MB incremental:on max_workers:2 =====
SELECT * FROM (SELECT * FROM s_3 ORDER BY a, b, c) foo ORDER BY a, b, c, d
                                                           QUERY PLAN                                                            
---------------------------------------------------------------------------------------------------------------------------------
 Limit  (cost=224330.83..224330.83 rows=1 width=20) (actual time=577.263..577.263 rows=0 loops=1)
   ->  Incremental Sort  (cost=136583.12..214330.83 rows=1000000 width=20) (actual time=206.072..554.834 rows=1000000 loops=1)
         Sort Key: s_3.a, s_3.b, s_3.c, s_3.d
         Presorted Key: s_3.a, s_3.b, s_3.c
         Sort Method: quicksort  Memory: 135kB
         Sort Groups: 1331
         ->  Sort  (cost=136537.84..139037.84 rows=1000000 width=20) (actual time=205.991..306.291 rows=1000000 loops=1)
               Sort Key: s_3.a, s_3.b, s_3.c
               Sort Method: external merge  Disk: 29360kB
               ->  Seq Scan on s_3  (cost=0.00..16370.00 rows=1000000 width=20) (actual time=0.011..51.694 rows=1000000 loops=1)
 Planning time: 0.238 ms
 Execution time: 581.160 ms
(12 rows)

===== 68 [Wed Mar  7 02:14:01 CET 2018] scale:1000000 groups:10 work_mem:8MB incremental:on max_workers:2 =====
SELECT * FROM (SELECT * FROM s_4 ORDER BY a, b, c, d) foo ORDER BY a, b, c, d, e
                                                           QUERY PLAN                                                            
---------------------------------------------------------------------------------------------------------------------------------
 Limit  (cost=207299.87..207299.87 rows=1 width=20) (actual time=620.396..620.396 rows=0 loops=1)
   ->  Incremental Sort  (cost=136540.78..197299.87 rows=1000000 width=20) (actual time=213.379..597.880 rows=1000000 loops=1)
         Sort Key: s_4.a, s_4.b, s_4.c, s_4.d, s_4.e
         Presorted Key: s_4.a, s_4.b, s_4.c, s_4.d
         Sort Method: quicksort  Memory: 35kB
         Sort Groups: 13426
         ->  Sort  (cost=136537.84..139037.84 rows=1000000 width=20) (actual time=213.329..315.898 rows=1000000 loops=1)
               Sort Key: s_4.a, s_4.b, s_4.c, s_4.d
               Sort Method: external merge  Disk: 29360kB
               ->  Seq Scan on s_4  (cost=0.00..16370.00 rows=1000000 width=20) (actual time=0.010..51.770 rows=1000000 loops=1)
 Planning time: 0.238 ms
 Execution time: 624.269 ms
(12 rows)

===== 69 [Wed Mar  7 02:14:04 CET 2018] scale:1000000 groups:10 work_mem:8MB incremental:off max_workers:2 =====
SELECT * FROM (SELECT * FROM s_1 ORDER BY a) foo ORDER BY a, b
                                                           QUERY PLAN                                                            
---------------------------------------------------------------------------------------------------------------------------------
 Limit  (cost=281705.69..281705.69 rows=1 width=20) (actual time=611.558..611.558 rows=0 loops=1)
   ->  Sort  (cost=269205.69..271705.69 rows=1000000 width=20) (actual time=495.581..589.484 rows=1000000 loops=1)
         Sort Key: s_1.a, s_1.b
         Sort Method: external merge  Disk: 29360kB
         ->  Sort  (cost=136537.84..139037.84 rows=1000000 width=20) (actual time=184.447..278.294 rows=1000000 loops=1)
               Sort Key: s_1.a
               Sort Method: external merge  Disk: 29360kB
               ->  Seq Scan on s_1  (cost=0.00..16370.00 rows=1000000 width=20) (actual time=0.004..51.626 rows=1000000 loops=1)
 Planning time: 0.217 ms
 Execution time: 618.920 ms
(10 rows)

===== 70 [Wed Mar  7 02:14:07 CET 2018] scale:1000000 groups:10 work_mem:8MB incremental:off max_workers:2 =====
SELECT * FROM (SELECT * FROM s_2 ORDER BY a, b) foo ORDER BY a, b, c
                                                           QUERY PLAN                                                            
---------------------------------------------------------------------------------------------------------------------------------
 Limit  (cost=281705.69..281705.69 rows=1 width=20) (actual time=675.875..675.875 rows=0 loops=1)
   ->  Sort  (cost=269205.69..271705.69 rows=1000000 width=20) (actual time=563.637..653.790 rows=1000000 loops=1)
         Sort Key: s_2.a, s_2.b, s_2.c
         Sort Method: external merge  Disk: 29360kB
         ->  Sort  (cost=136537.84..139037.84 rows=1000000 width=20) (actual time=198.224..297.839 rows=1000000 loops=1)
               Sort Key: s_2.a, s_2.b
               Sort Method: external merge  Disk: 29360kB
               ->  Seq Scan on s_2  (cost=0.00..16370.00 rows=1000000 width=20) (actual time=0.013..51.706 rows=1000000 loops=1)
 Planning time: 0.217 ms
 Execution time: 683.251 ms
(10 rows)

===== 71 [Wed Mar  7 02:14:11 CET 2018] scale:1000000 groups:10 work_mem:8MB incremental:off max_workers:2 =====
SELECT * FROM (SELECT * FROM s_3 ORDER BY a, b, c) foo ORDER BY a, b, c, d
                                                           QUERY PLAN                                                            
---------------------------------------------------------------------------------------------------------------------------------
 Limit  (cost=281705.69..281705.69 rows=1 width=20) (actual time=775.360..775.360 rows=0 loops=1)
   ->  Sort  (cost=269205.69..271705.69 rows=1000000 width=20) (actual time=664.094..753.279 rows=1000000 loops=1)
         Sort Key: s_3.a, s_3.b, s_3.c, s_3.d
         Sort Method: external merge  Disk: 29360kB
         ->  Sort  (cost=136537.84..139037.84 rows=1000000 width=20) (actual time=205.694..306.812 rows=1000000 loops=1)
               Sort Key: s_3.a, s_3.b, s_3.c
               Sort Method: external merge  Disk: 29360kB
               ->  Seq Scan on s_3  (cost=0.00..16370.00 rows=1000000 width=20) (actual time=0.011..51.763 rows=1000000 loops=1)
 Planning time: 0.230 ms
 Execution time: 782.730 ms
(10 rows)

===== 72 [Wed Mar  7 02:14:15 CET 2018] scale:1000000 groups:10 work_mem:8MB incremental:off max_workers:2 =====
SELECT * FROM (SELECT * FROM s_4 ORDER BY a, b, c, d) foo ORDER BY a, b, c, d, e
                                                           QUERY PLAN                                                            
---------------------------------------------------------------------------------------------------------------------------------
 Limit  (cost=281705.69..281705.69 rows=1 width=20) (actual time=922.758..922.758 rows=0 loops=1)
   ->  Sort  (cost=269205.69..271705.69 rows=1000000 width=20) (actual time=811.606..900.660 rows=1000000 loops=1)
         Sort Key: s_4.a, s_4.b, s_4.c, s_4.d, s_4.e
         Sort Method: external merge  Disk: 29360kB
         ->  Sort  (cost=136537.84..139037.84 rows=1000000 width=20) (actual time=212.581..313.761 rows=1000000 loops=1)
               Sort Key: s_4.a, s_4.b, s_4.c, s_4.d
               Sort Method: external merge  Disk: 29360kB
               ->  Seq Scan on s_4  (cost=0.00..16370.00 rows=1000000 width=20) (actual time=0.011..51.751 rows=1000000 loops=1)
 Planning time: 0.236 ms
 Execution time: 930.166 ms
(10 rows)

===== 73 [Wed Mar  7 02:14:20 CET 2018] scale:1000000 groups:10 work_mem:16MB incremental:on max_workers:2 =====
SELECT * FROM (SELECT * FROM s_1 ORDER BY a) foo ORDER BY a, b
                                                           QUERY PLAN                                                            
---------------------------------------------------------------------------------------------------------------------------------
 Limit  (cost=258898.75..258898.75 rows=1 width=20) (actual time=562.185..562.185 rows=0 loops=1)
   ->  Incremental Sort  (cost=145161.54..248898.75 rows=1000000 width=20) (actual time=207.696..536.596 rows=1000000 loops=1)
         Sort Key: s_1.a, s_1.b
         Presorted Key: s_1.a
         Sort Method: quicksort  Memory: 10910kB
         Sort Groups: 11
         ->  Sort  (cost=136537.84..139037.84 rows=1000000 width=20) (actual time=193.455..284.420 rows=1000000 loops=1)
               Sort Key: s_1.a
               Sort Method: external merge  Disk: 29392kB
               ->  Seq Scan on s_1  (cost=0.00..16370.00 rows=1000000 width=20) (actual time=0.004..52.157 rows=1000000 loops=1)
 Planning time: 0.221 ms
 Execution time: 567.081 ms
(12 rows)

===== 74 [Wed Mar  7 02:14:23 CET 2018] scale:1000000 groups:10 work_mem:16MB incremental:on max_workers:2 =====
SELECT * FROM (SELECT * FROM s_2 ORDER BY a, b) foo ORDER BY a, b, c
                                                           QUERY PLAN                                                            
---------------------------------------------------------------------------------------------------------------------------------
 Limit  (cost=241603.79..241603.79 rows=1 width=20) (actual time=547.714..547.714 rows=0 loops=1)
   ->  Incremental Sort  (cost=137178.86..231603.79 rows=1000000 width=20) (actual time=208.109..522.516 rows=1000000 loops=1)
         Sort Key: s_2.a, s_2.b, s_2.c
         Presorted Key: s_2.a, s_2.b
         Sort Method: quicksort  Memory: 1189kB
         Sort Groups: 121
         ->  Sort  (cost=136537.84..139037.84 rows=1000000 width=20) (actual time=207.313..300.110 rows=1000000 loops=1)
               Sort Key: s_2.a, s_2.b
               Sort Method: external merge  Disk: 29392kB
               ->  Seq Scan on s_2  (cost=0.00..16370.00 rows=1000000 width=20) (actual time=0.013..52.196 rows=1000000 loops=1)
 Planning time: 0.226 ms
 Execution time: 552.054 ms
(12 rows)

===== 75 [Wed Mar  7 02:14:25 CET 2018] scale:1000000 groups:10 work_mem:16MB incremental:on max_workers:2 =====
SELECT * FROM (SELECT * FROM s_3 ORDER BY a, b, c) foo ORDER BY a, b, c, d
                                                           QUERY PLAN                                                            
---------------------------------------------------------------------------------------------------------------------------------
 Limit  (cost=224330.83..224330.83 rows=1 width=20) (actual time=577.785..577.785 rows=0 loops=1)
   ->  Incremental Sort  (cost=136583.12..214330.83 rows=1000000 width=20) (actual time=214.073..555.364 rows=1000000 loops=1)
         Sort Key: s_3.a, s_3.b, s_3.c, s_3.d
         Presorted Key: s_3.a, s_3.b, s_3.c
         Sort Method: quicksort  Memory: 135kB
         Sort Groups: 1331
         ->  Sort  (cost=136537.84..139037.84 rows=1000000 width=20) (actual time=213.993..306.982 rows=1000000 loops=1)
               Sort Key: s_3.a, s_3.b, s_3.c
               Sort Method: external merge  Disk: 29392kB
               ->  Seq Scan on s_3  (cost=0.00..16370.00 rows=1000000 width=20) (actual time=0.010..52.265 rows=1000000 loops=1)
 Planning time: 0.234 ms
 Execution time: 582.016 ms
(12 rows)

===== 76 [Wed Mar  7 02:14:28 CET 2018] scale:1000000 groups:10 work_mem:16MB incremental:on max_workers:2 =====
SELECT * FROM (SELECT * FROM s_4 ORDER BY a, b, c, d) foo ORDER BY a, b, c, d, e
                                                           QUERY PLAN                                                            
---------------------------------------------------------------------------------------------------------------------------------
 Limit  (cost=207299.87..207299.87 rows=1 width=20) (actual time=621.347..621.347 rows=0 loops=1)
   ->  Incremental Sort  (cost=136540.78..197299.87 rows=1000000 width=20) (actual time=220.923..598.845 rows=1000000 loops=1)
         Sort Key: s_4.a, s_4.b, s_4.c, s_4.d, s_4.e
         Presorted Key: s_4.a, s_4.b, s_4.c, s_4.d
         Sort Method: quicksort  Memory: 35kB
         Sort Groups: 13426
         ->  Sort  (cost=136537.84..139037.84 rows=1000000 width=20) (actual time=220.872..316.309 rows=1000000 loops=1)
               Sort Key: s_4.a, s_4.b, s_4.c, s_4.d
               Sort Method: external merge  Disk: 29392kB
               ->  Seq Scan on s_4  (cost=0.00..16370.00 rows=1000000 width=20) (actual time=0.011..52.323 rows=1000000 loops=1)
 Planning time: 0.241 ms
 Execution time: 625.614 ms
(12 rows)

===== 77 [Wed Mar  7 02:14:31 CET 2018] scale:1000000 groups:10 work_mem:16MB incremental:off max_workers:2 =====
SELECT * FROM (SELECT * FROM s_1 ORDER BY a) foo ORDER BY a, b
                                                           QUERY PLAN                                                            
---------------------------------------------------------------------------------------------------------------------------------
 Limit  (cost=281705.69..281705.69 rows=1 width=20) (actual time=636.845..636.845 rows=0 loops=1)
   ->  Sort  (cost=269205.69..271705.69 rows=1000000 width=20) (actual time=529.262..614.960 rows=1000000 loops=1)
         Sort Key: s_1.a, s_1.b
         Sort Method: external merge  Disk: 29392kB
         ->  Sort  (cost=136537.84..139037.84 rows=1000000 width=20) (actual time=192.694..282.962 rows=1000000 loops=1)
               Sort Key: s_1.a
               Sort Method: external merge  Disk: 29392kB
               ->  Seq Scan on s_1  (cost=0.00..16370.00 rows=1000000 width=20) (actual time=0.004..52.220 rows=1000000 loops=1)
 Planning time: 0.216 ms
 Execution time: 644.619 ms
(10 rows)

===== 78 [Wed Mar  7 02:14:35 CET 2018] scale:1000000 groups:10 work_mem:16MB incremental:off max_workers:2 =====
SELECT * FROM (SELECT * FROM s_2 ORDER BY a, b) foo ORDER BY a, b, c
                                                           QUERY PLAN                                                            
---------------------------------------------------------------------------------------------------------------------------------
 Limit  (cost=281705.69..281705.69 rows=1 width=20) (actual time=693.921..693.921 rows=0 loops=1)
   ->  Sort  (cost=269205.69..271705.69 rows=1000000 width=20) (actual time=589.273..672.081 rows=1000000 loops=1)
         Sort Key: s_2.a, s_2.b, s_2.c
         Sort Method: external merge  Disk: 29392kB
         ->  Sort  (cost=136537.84..139037.84 rows=1000000 width=20) (actual time=206.062..298.907 rows=1000000 loops=1)
               Sort Key: s_2.a, s_2.b
               Sort Method: external merge  Disk: 29392kB
               ->  Seq Scan on s_2  (cost=0.00..16370.00 rows=1000000 width=20) (actual time=0.013..52.214 rows=1000000 loops=1)
 Planning time: 0.217 ms
 Execution time: 701.667 ms
(10 rows)

===== 79 [Wed Mar  7 02:14:38 CET 2018] scale:1000000 groups:10 work_mem:16MB incremental:off max_workers:2 =====
SELECT * FROM (SELECT * FROM s_3 ORDER BY a, b, c) foo ORDER BY a, b, c, d
                                                           QUERY PLAN                                                            
---------------------------------------------------------------------------------------------------------------------------------
 Limit  (cost=281705.69..281705.69 rows=1 width=20) (actual time=788.750..788.750 rows=0 loops=1)
   ->  Sort  (cost=269205.69..271705.69 rows=1000000 width=20) (actual time=684.783..766.904 rows=1000000 loops=1)
         Sort Key: s_3.a, s_3.b, s_3.c, s_3.d
         Sort Method: external merge  Disk: 29392kB
         ->  Sort  (cost=136537.84..139037.84 rows=1000000 width=20) (actual time=213.808..306.802 rows=1000000 loops=1)
               Sort Key: s_3.a, s_3.b, s_3.c
               Sort Method: external merge  Disk: 29392kB
               ->  Seq Scan on s_3  (cost=0.00..16370.00 rows=1000000 width=20) (actual time=0.011..52.341 rows=1000000 loops=1)
 Planning time: 0.232 ms
 Execution time: 796.498 ms
(10 rows)

===== 80 [Wed Mar  7 02:14:43 CET 2018] scale:1000000 groups:10 work_mem:16MB incremental:off max_workers:2 =====
SELECT * FROM (SELECT * FROM s_4 ORDER BY a, b, c, d) foo ORDER BY a, b, c, d, e
                                                           QUERY PLAN                                                            
---------------------------------------------------------------------------------------------------------------------------------
 Limit  (cost=281705.69..281705.69 rows=1 width=20) (actual time=934.074..934.074 rows=0 loops=1)
   ->  Sort  (cost=269205.69..271705.69 rows=1000000 width=20) (actual time=830.249..912.227 rows=1000000 loops=1)
         Sort Key: s_4.a, s_4.b, s_4.c, s_4.d, s_4.e
         Sort Method: external merge  Disk: 29392kB
         ->  Sort  (cost=136537.84..139037.84 rows=1000000 width=20) (actual time=220.819..313.861 rows=1000000 loops=1)
               Sort Key: s_4.a, s_4.b, s_4.c, s_4.d
               Sort Method: external merge  Disk: 29392kB
               ->  Seq Scan on s_4  (cost=0.00..16370.00 rows=1000000 width=20) (actual time=0.010..52.361 rows=1000000 loops=1)
 Planning time: 0.230 ms
 Execution time: 941.011 ms
(10 rows)

===== 81 [Wed Mar  7 02:14:48 CET 2018] scale:1000000 groups:10 work_mem:32MB incremental:on max_workers:2 =====
SELECT * FROM (SELECT * FROM s_1 ORDER BY a) foo ORDER BY a, b
                                                           QUERY PLAN                                                            
---------------------------------------------------------------------------------------------------------------------------------
 Limit  (cost=258898.75..258898.75 rows=1 width=20) (actual time=570.234..570.234 rows=0 loops=1)
   ->  Incremental Sort  (cost=145161.54..248898.75 rows=1000000 width=20) (actual time=220.687..544.548 rows=1000000 loops=1)
         Sort Key: s_1.a, s_1.b
         Presorted Key: s_1.a
         Sort Method: quicksort  Memory: 10910kB
         Sort Groups: 11
         ->  Sort  (cost=136537.84..139037.84 rows=1000000 width=20) (actual time=208.526..294.925 rows=1000000 loops=1)
               Sort Key: s_1.a
               Sort Method: external merge  Disk: 29360kB
               ->  Seq Scan on s_1  (cost=0.00..16370.00 rows=1000000 width=20) (actual time=0.004..53.450 rows=1000000 loops=1)
 Planning time: 0.221 ms
 Execution time: 573.758 ms
(12 rows)

===== 82 [Wed Mar  7 02:14:50 CET 2018] scale:1000000 groups:10 work_mem:32MB incremental:on max_workers:2 =====
SELECT * FROM (SELECT * FROM s_2 ORDER BY a, b) foo ORDER BY a, b, c
                                                           QUERY PLAN                                                            
---------------------------------------------------------------------------------------------------------------------------------
 Limit  (cost=241603.79..241603.79 rows=1 width=20) (actual time=558.928..558.928 rows=0 loops=1)
   ->  Incremental Sort  (cost=137178.86..231603.79 rows=1000000 width=20) (actual time=222.962..533.715 rows=1000000 loops=1)
         Sort Key: s_2.a, s_2.b, s_2.c
         Presorted Key: s_2.a, s_2.b
         Sort Method: quicksort  Memory: 1189kB
         Sort Groups: 121
         ->  Sort  (cost=136537.84..139037.84 rows=1000000 width=20) (actual time=222.230..311.340 rows=1000000 loops=1)
               Sort Key: s_2.a, s_2.b
               Sort Method: external merge  Disk: 29360kB
               ->  Seq Scan on s_2  (cost=0.00..16370.00 rows=1000000 width=20) (actual time=0.013..53.569 rows=1000000 loops=1)
 Planning time: 0.223 ms
 Execution time: 562.411 ms
(12 rows)

===== 83 [Wed Mar  7 02:14:53 CET 2018] scale:1000000 groups:10 work_mem:32MB incremental:on max_workers:2 =====
SELECT * FROM (SELECT * FROM s_3 ORDER BY a, b, c) foo ORDER BY a, b, c, d
                                                           QUERY PLAN                                                            
---------------------------------------------------------------------------------------------------------------------------------
 Limit  (cost=224330.83..224330.83 rows=1 width=20) (actual time=588.434..588.434 rows=0 loops=1)
   ->  Incremental Sort  (cost=136583.12..214330.83 rows=1000000 width=20) (actual time=229.773..565.990 rows=1000000 loops=1)
         Sort Key: s_3.a, s_3.b, s_3.c, s_3.d
         Presorted Key: s_3.a, s_3.b, s_3.c
         Sort Method: quicksort  Memory: 135kB
         Sort Groups: 1331
         ->  Sort  (cost=136537.84..139037.84 rows=1000000 width=20) (actual time=229.696..318.808 rows=1000000 loops=1)
               Sort Key: s_3.a, s_3.b, s_3.c
               Sort Method: external merge  Disk: 29360kB
               ->  Seq Scan on s_3  (cost=0.00..16370.00 rows=1000000 width=20) (actual time=0.011..53.502 rows=1000000 loops=1)
 Planning time: 0.236 ms
 Execution time: 593.018 ms
(12 rows)

===== 84 [Wed Mar  7 02:14:56 CET 2018] scale:1000000 groups:10 work_mem:32MB incremental:on max_workers:2 =====
SELECT * FROM (SELECT * FROM s_4 ORDER BY a, b, c, d) foo ORDER BY a, b, c, d, e
                                                           QUERY PLAN                                                            
---------------------------------------------------------------------------------------------------------------------------------
 Limit  (cost=207299.87..207299.87 rows=1 width=20) (actual time=640.720..640.720 rows=0 loops=1)
   ->  Incremental Sort  (cost=136540.78..197299.87 rows=1000000 width=20) (actual time=236.708..618.291 rows=1000000 loops=1)
         Sort Key: s_4.a, s_4.b, s_4.c, s_4.d, s_4.e
         Presorted Key: s_4.a, s_4.b, s_4.c, s_4.d
         Sort Method: quicksort  Memory: 35kB
         Sort Groups: 13426
         ->  Sort  (cost=136537.84..139037.84 rows=1000000 width=20) (actual time=236.658..328.698 rows=1000000 loops=1)
               Sort Key: s_4.a, s_4.b, s_4.c, s_4.d
               Sort Method: external merge  Disk: 29360kB
               ->  Seq Scan on s_4  (cost=0.00..16370.00 rows=1000000 width=20) (actual time=0.011..53.509 rows=1000000 loops=1)
 Planning time: 0.240 ms
 Execution time: 645.294 ms
(12 rows)

===== 85 [Wed Mar  7 02:14:59 CET 2018] scale:1000000 groups:10 work_mem:32MB incremental:off max_workers:2 =====
SELECT * FROM (SELECT * FROM s_1 ORDER BY a) foo ORDER BY a, b
                                                           QUERY PLAN                                                            
---------------------------------------------------------------------------------------------------------------------------------
 Limit  (cost=281705.69..281705.69 rows=1 width=20) (actual time=665.212..665.212 rows=0 loops=1)
   ->  Sort  (cost=269205.69..271705.69 rows=1000000 width=20) (actual time=563.482..643.375 rows=1000000 loops=1)
         Sort Key: s_1.a, s_1.b
         Sort Method: external merge  Disk: 29360kB
         ->  Sort  (cost=136537.84..139037.84 rows=1000000 width=20) (actual time=207.839..294.570 rows=1000000 loops=1)
               Sort Key: s_1.a
               Sort Method: external merge  Disk: 29360kB
               ->  Seq Scan on s_1  (cost=0.00..16370.00 rows=1000000 width=20) (actual time=0.004..53.582 rows=1000000 loops=1)
 Planning time: 0.226 ms
 Execution time: 673.244 ms
(10 rows)

===== 86 [Wed Mar  7 02:15:03 CET 2018] scale:1000000 groups:10 work_mem:32MB incremental:off max_workers:2 =====
SELECT * FROM (SELECT * FROM s_2 ORDER BY a, b) foo ORDER BY a, b, c
                                                           QUERY PLAN                                                            
---------------------------------------------------------------------------------------------------------------------------------
 Limit  (cost=281705.69..281705.69 rows=1 width=20) (actual time=721.268..721.268 rows=0 loops=1)
   ->  Sort  (cost=269205.69..271705.69 rows=1000000 width=20) (actual time=620.115..699.415 rows=1000000 loops=1)
         Sort Key: s_2.a, s_2.b, s_2.c
         Sort Method: external merge  Disk: 29360kB
         ->  Sort  (cost=136537.84..139037.84 rows=1000000 width=20) (actual time=220.912..309.800 rows=1000000 loops=1)
               Sort Key: s_2.a, s_2.b
               Sort Method: external merge  Disk: 29360kB
               ->  Seq Scan on s_2  (cost=0.00..16370.00 rows=1000000 width=20) (actual time=0.013..53.607 rows=1000000 loops=1)
 Planning time: 0.217 ms
 Execution time: 729.325 ms
(10 rows)

===== 87 [Wed Mar  7 02:15:07 CET 2018] scale:1000000 groups:10 work_mem:32MB incremental:off max_workers:2 =====
SELECT * FROM (SELECT * FROM s_3 ORDER BY a, b, c) foo ORDER BY a, b, c, d
                                                           QUERY PLAN                                                            
---------------------------------------------------------------------------------------------------------------------------------
 Limit  (cost=281705.69..281705.69 rows=1 width=20) (actual time=824.199..824.199 rows=0 loops=1)
   ->  Sort  (cost=269205.69..271705.69 rows=1000000 width=20) (actual time=722.957..802.370 rows=1000000 loops=1)
         Sort Key: s_3.a, s_3.b, s_3.c, s_3.d
         Sort Method: external merge  Disk: 29360kB
         ->  Sort  (cost=136537.84..139037.84 rows=1000000 width=20) (actual time=229.946..320.321 rows=1000000 loops=1)
               Sort Key: s_3.a, s_3.b, s_3.c
               Sort Method: external merge  Disk: 29360kB
               ->  Seq Scan on s_3  (cost=0.00..16370.00 rows=1000000 width=20) (actual time=0.011..53.737 rows=1000000 loops=1)
 Planning time: 0.225 ms
 Execution time: 832.231 ms
(10 rows)

===== 88 [Wed Mar  7 02:15:11 CET 2018] scale:1000000 groups:10 work_mem:32MB incremental:off max_workers:2 =====
SELECT * FROM (SELECT * FROM s_4 ORDER BY a, b, c, d) foo ORDER BY a, b, c, d, e
                                                           QUERY PLAN                                                            
---------------------------------------------------------------------------------------------------------------------------------
 Limit  (cost=281705.69..281705.69 rows=1 width=20) (actual time=969.134..969.134 rows=0 loops=1)
   ->  Sort  (cost=269205.69..271705.69 rows=1000000 width=20) (actual time=867.212..947.273 rows=1000000 loops=1)
         Sort Key: s_4.a, s_4.b, s_4.c, s_4.d, s_4.e
         Sort Method: external merge  Disk: 29360kB
         ->  Sort  (cost=136537.84..139037.84 rows=1000000 width=20) (actual time=235.835..326.298 rows=1000000 loops=1)
               Sort Key: s_4.a, s_4.b, s_4.c, s_4.d
               Sort Method: external merge  Disk: 29360kB
               ->  Seq Scan on s_4  (cost=0.00..16370.00 rows=1000000 width=20) (actual time=0.011..53.730 rows=1000000 loops=1)
 Planning time: 0.237 ms
 Execution time: 976.498 ms
(10 rows)

===== 89 [Wed Mar  7 02:15:16 CET 2018] scale:1000000 groups:10 work_mem:64MB incremental:on max_workers:2 =====
SELECT * FROM (SELECT * FROM s_1 ORDER BY a) foo ORDER BY a, b
                                                           QUERY PLAN                                                            
---------------------------------------------------------------------------------------------------------------------------------
 Limit  (cost=238388.75..238388.75 rows=1 width=20) (actual time=596.594..596.594 rows=0 loops=1)
   ->  Incremental Sort  (cost=124651.54..228388.75 rows=1000000 width=20) (actual time=240.260..571.190 rows=1000000 loops=1)
         Sort Key: s_1.a, s_1.b
         Presorted Key: s_1.a
         Sort Method: quicksort  Memory: 10910kB
         Sort Groups: 11
         ->  Sort  (cost=116027.84..118527.84 rows=1000000 width=20) (actual time=227.870..312.022 rows=1000000 loops=1)
               Sort Key: s_1.a
               Sort Method: external merge  Disk: 29360kB
               ->  Seq Scan on s_1  (cost=0.00..16370.00 rows=1000000 width=20) (actual time=0.004..55.116 rows=1000000 loops=1)
 Planning time: 0.223 ms
 Execution time: 600.117 ms
(12 rows)

===== 90 [Wed Mar  7 02:15:19 CET 2018] scale:1000000 groups:10 work_mem:64MB incremental:on max_workers:2 =====
SELECT * FROM (SELECT * FROM s_2 ORDER BY a, b) foo ORDER BY a, b, c
                                                           QUERY PLAN                                                            
---------------------------------------------------------------------------------------------------------------------------------
 Limit  (cost=221093.79..221093.79 rows=1 width=20) (actual time=579.922..579.922 rows=0 loops=1)
   ->  Incremental Sort  (cost=116668.86..211093.79 rows=1000000 width=20) (actual time=242.337..554.738 rows=1000000 loops=1)
         Sort Key: s_2.a, s_2.b, s_2.c
         Presorted Key: s_2.a, s_2.b
         Sort Method: quicksort  Memory: 1189kB
         Sort Groups: 121
         ->  Sort  (cost=116027.84..118527.84 rows=1000000 width=20) (actual time=241.606..326.309 rows=1000000 loops=1)
               Sort Key: s_2.a, s_2.b
               Sort Method: external merge  Disk: 29360kB
               ->  Seq Scan on s_2  (cost=0.00..16370.00 rows=1000000 width=20) (actual time=0.013..55.364 rows=1000000 loops=1)
 Planning time: 0.223 ms
 Execution time: 583.412 ms
(12 rows)

===== 91 [Wed Mar  7 02:15:22 CET 2018] scale:1000000 groups:10 work_mem:64MB incremental:on max_workers:2 =====
SELECT * FROM (SELECT * FROM s_3 ORDER BY a, b, c) foo ORDER BY a, b, c, d
                                                           QUERY PLAN                                                            
---------------------------------------------------------------------------------------------------------------------------------
 Limit  (cost=203820.83..203820.83 rows=1 width=20) (actual time=598.969..598.969 rows=0 loops=1)
   ->  Incremental Sort  (cost=116073.12..193820.83 rows=1000000 width=20) (actual time=247.511..576.544 rows=1000000 loops=1)
         Sort Key: s_3.a, s_3.b, s_3.c, s_3.d
         Presorted Key: s_3.a, s_3.b, s_3.c
         Sort Method: quicksort  Memory: 135kB
         Sort Groups: 1331
         ->  Sort  (cost=116027.84..118527.84 rows=1000000 width=20) (actual time=247.434..328.630 rows=1000000 loops=1)
               Sort Key: s_3.a, s_3.b, s_3.c
               Sort Method: external merge  Disk: 29360kB
               ->  Seq Scan on s_3  (cost=0.00..16370.00 rows=1000000 width=20) (actual time=0.011..55.384 rows=1000000 loops=1)
 Planning time: 0.243 ms
 Execution time: 602.448 ms
(12 rows)

===== 92 [Wed Mar  7 02:15:25 CET 2018] scale:1000000 groups:10 work_mem:64MB incremental:on max_workers:2 =====
SELECT * FROM (SELECT * FROM s_4 ORDER BY a, b, c, d) foo ORDER BY a, b, c, d, e
                                                           QUERY PLAN                                                            
---------------------------------------------------------------------------------------------------------------------------------
 Limit  (cost=186789.87..186789.87 rows=1 width=20) (actual time=648.323..648.323 rows=0 loops=1)
   ->  Incremental Sort  (cost=116030.78..176789.87 rows=1000000 width=20) (actual time=254.783..625.861 rows=1000000 loops=1)
         Sort Key: s_4.a, s_4.b, s_4.c, s_4.d, s_4.e
         Presorted Key: s_4.a, s_4.b, s_4.c, s_4.d
         Sort Method: quicksort  Memory: 35kB
         Sort Groups: 13426
         ->  Sort  (cost=116027.84..118527.84 rows=1000000 width=20) (actual time=254.732..339.342 rows=1000000 loops=1)
               Sort Key: s_4.a, s_4.b, s_4.c, s_4.d
               Sort Method: external merge  Disk: 29360kB
               ->  Seq Scan on s_4  (cost=0.00..16370.00 rows=1000000 width=20) (actual time=0.011..55.403 rows=1000000 loops=1)
 Planning time: 0.240 ms
 Execution time: 651.799 ms
(12 rows)

===== 93 [Wed Mar  7 02:15:28 CET 2018] scale:1000000 groups:10 work_mem:64MB incremental:off max_workers:2 =====
SELECT * FROM (SELECT * FROM s_1 ORDER BY a) foo ORDER BY a, b
                                                           QUERY PLAN                                                            
---------------------------------------------------------------------------------------------------------------------------------
 Limit  (cost=240685.69..240685.69 rows=1 width=20) (actual time=690.031..690.031 rows=0 loops=1)
   ->  Sort  (cost=228185.69..230685.69 rows=1000000 width=20) (actual time=594.754..668.084 rows=1000000 loops=1)
         Sort Key: s_1.a, s_1.b
         Sort Method: external merge  Disk: 29360kB
         ->  Sort  (cost=116027.84..118527.84 rows=1000000 width=20) (actual time=227.035..310.037 rows=1000000 loops=1)
               Sort Key: s_1.a
               Sort Method: external merge  Disk: 29360kB
               ->  Seq Scan on s_1  (cost=0.00..16370.00 rows=1000000 width=20) (actual time=0.004..55.316 rows=1000000 loops=1)
 Planning time: 0.211 ms
 Execution time: 696.974 ms
(10 rows)

===== 94 [Wed Mar  7 02:15:32 CET 2018] scale:1000000 groups:10 work_mem:64MB incremental:off max_workers:2 =====
SELECT * FROM (SELECT * FROM s_2 ORDER BY a, b) foo ORDER BY a, b, c
                                                           QUERY PLAN                                                            
---------------------------------------------------------------------------------------------------------------------------------
 Limit  (cost=240685.69..240685.69 rows=1 width=20) (actual time=746.528..746.528 rows=0 loops=1)
   ->  Sort  (cost=228185.69..230685.69 rows=1000000 width=20) (actual time=651.214..724.565 rows=1000000 loops=1)
         Sort Key: s_2.a, s_2.b, s_2.c
         Sort Method: external merge  Disk: 29360kB
         ->  Sort  (cost=116027.84..118527.84 rows=1000000 width=20) (actual time=239.904..323.689 rows=1000000 loops=1)
               Sort Key: s_2.a, s_2.b
               Sort Method: external merge  Disk: 29360kB
               ->  Seq Scan on s_2  (cost=0.00..16370.00 rows=1000000 width=20) (actual time=0.013..55.332 rows=1000000 loops=1)
 Planning time: 0.213 ms
 Execution time: 753.458 ms
(10 rows)

===== 95 [Wed Mar  7 02:15:36 CET 2018] scale:1000000 groups:10 work_mem:64MB incremental:off max_workers:2 =====
SELECT * FROM (SELECT * FROM s_3 ORDER BY a, b, c) foo ORDER BY a, b, c, d
                                                           QUERY PLAN                                                            
---------------------------------------------------------------------------------------------------------------------------------
 Limit  (cost=240685.69..240685.69 rows=1 width=20) (actual time=836.350..836.350 rows=0 loops=1)
   ->  Sort  (cost=228185.69..230685.69 rows=1000000 width=20) (actual time=741.267..814.494 rows=1000000 loops=1)
         Sort Key: s_3.a, s_3.b, s_3.c, s_3.d
         Sort Method: external merge  Disk: 29360kB
         ->  Sort  (cost=116027.84..118527.84 rows=1000000 width=20) (actual time=247.898..330.342 rows=1000000 loops=1)
               Sort Key: s_3.a, s_3.b, s_3.c
               Sort Method: external merge  Disk: 29360kB
               ->  Seq Scan on s_3  (cost=0.00..16370.00 rows=1000000 width=20) (actual time=0.011..55.477 rows=1000000 loops=1)
 Planning time: 0.232 ms
 Execution time: 843.269 ms
(10 rows)

===== 96 [Wed Mar  7 02:15:40 CET 2018] scale:1000000 groups:10 work_mem:64MB incremental:off max_workers:2 =====
SELECT * FROM (SELECT * FROM s_4 ORDER BY a, b, c, d) foo ORDER BY a, b, c, d, e
                                                           QUERY PLAN                                                            
---------------------------------------------------------------------------------------------------------------------------------
 Limit  (cost=240685.69..240685.69 rows=1 width=20) (actual time=981.989..981.989 rows=0 loops=1)
   ->  Sort  (cost=228185.69..230685.69 rows=1000000 width=20) (actual time=886.869..960.096 rows=1000000 loops=1)
         Sort Key: s_4.a, s_4.b, s_4.c, s_4.d, s_4.e
         Sort Method: external merge  Disk: 29360kB
         ->  Sort  (cost=116027.84..118527.84 rows=1000000 width=20) (actual time=255.283..337.712 rows=1000000 loops=1)
               Sort Key: s_4.a, s_4.b, s_4.c, s_4.d
               Sort Method: external merge  Disk: 29360kB
               ->  Seq Scan on s_4  (cost=0.00..16370.00 rows=1000000 width=20) (actual time=0.011..55.463 rows=1000000 loops=1)
 Planning time: 0.232 ms
 Execution time: 988.918 ms
(10 rows)

===== 97 [Wed Mar  7 02:15:46 CET 2018] scale:1000000 groups:10 work_mem:128MB incremental:on max_workers:2 =====
SELECT * FROM (SELECT * FROM s_1 ORDER BY a) foo ORDER BY a, b
                                                           QUERY PLAN                                                            
---------------------------------------------------------------------------------------------------------------------------------
 Limit  (cost=238388.75..238388.75 rows=1 width=20) (actual time=511.697..511.697 rows=0 loops=1)
   ->  Incremental Sort  (cost=124651.54..228388.75 rows=1000000 width=20) (actual time=175.986..485.982 rows=1000000 loops=1)
         Sort Key: s_1.a, s_1.b
         Presorted Key: s_1.a
         Sort Method: quicksort  Memory: 10910kB
         Sort Groups: 11
         ->  Sort  (cost=116027.84..118527.84 rows=1000000 width=20) (actual time=164.191..201.362 rows=1000000 loops=1)
               Sort Key: s_1.a
               Sort Method: quicksort  Memory: 102702kB
               ->  Seq Scan on s_1  (cost=0.00..16370.00 rows=1000000 width=20) (actual time=0.004..55.366 rows=1000000 loops=1)
 Planning time: 0.229 ms
 Execution time: 516.167 ms
(12 rows)

===== 98 [Wed Mar  7 02:15:48 CET 2018] scale:1000000 groups:10 work_mem:128MB incremental:on max_workers:2 =====
SELECT * FROM (SELECT * FROM s_2 ORDER BY a, b) foo ORDER BY a, b, c
                                                           QUERY PLAN                                                            
---------------------------------------------------------------------------------------------------------------------------------
 Limit  (cost=221093.79..221093.79 rows=1 width=20) (actual time=483.335..483.335 rows=0 loops=1)
   ->  Incremental Sort  (cost=116668.86..211093.79 rows=1000000 width=20) (actual time=178.457..458.239 rows=1000000 loops=1)
         Sort Key: s_2.a, s_2.b, s_2.c
         Presorted Key: s_2.a, s_2.b
         Sort Method: quicksort  Memory: 1189kB
         Sort Groups: 121
         ->  Sort  (cost=116027.84..118527.84 rows=1000000 width=20) (actual time=177.792..214.457 rows=1000000 loops=1)
               Sort Key: s_2.a, s_2.b
               Sort Method: quicksort  Memory: 102702kB
               ->  Seq Scan on s_2  (cost=0.00..16370.00 rows=1000000 width=20) (actual time=0.013..55.732 rows=1000000 loops=1)
 Planning time: 0.221 ms
 Execution time: 487.689 ms
(12 rows)

===== 99 [Wed Mar  7 02:15:50 CET 2018] scale:1000000 groups:10 work_mem:128MB incremental:on max_workers:2 =====
SELECT * FROM (SELECT * FROM s_3 ORDER BY a, b, c) foo ORDER BY a, b, c, d
                                                           QUERY PLAN                                                            
---------------------------------------------------------------------------------------------------------------------------------
 Limit  (cost=203820.83..203820.83 rows=1 width=20) (actual time=501.998..501.998 rows=0 loops=1)
   ->  Incremental Sort  (cost=116073.12..193820.83 rows=1000000 width=20) (actual time=184.617..479.599 rows=1000000 loops=1)
         Sort Key: s_3.a, s_3.b, s_3.c, s_3.d
         Presorted Key: s_3.a, s_3.b, s_3.c
         Sort Method: quicksort  Memory: 135kB
         Sort Groups: 1331
         ->  Sort  (cost=116027.84..118527.84 rows=1000000 width=20) (actual time=184.539..220.588 rows=1000000 loops=1)
               Sort Key: s_3.a, s_3.b, s_3.c
               Sort Method: quicksort  Memory: 102702kB
               ->  Seq Scan on s_3  (cost=0.00..16370.00 rows=1000000 width=20) (actual time=0.011..55.551 rows=1000000 loops=1)
 Planning time: 0.234 ms
 Execution time: 506.365 ms
(12 rows)

===== 100 [Wed Mar  7 02:15:53 CET 2018] scale:1000000 groups:10 work_mem:128MB incremental:on max_workers:2 =====
SELECT * FROM (SELECT * FROM s_4 ORDER BY a, b, c, d) foo ORDER BY a, b, c, d, e
                                                           QUERY PLAN                                                            
---------------------------------------------------------------------------------------------------------------------------------
 Limit  (cost=186789.87..186789.87 rows=1 width=20) (actual time=555.842..555.842 rows=0 loops=1)
   ->  Incremental Sort  (cost=116030.78..176789.87 rows=1000000 width=20) (actual time=191.363..533.487 rows=1000000 loops=1)
         Sort Key: s_4.a, s_4.b, s_4.c, s_4.d, s_4.e
         Presorted Key: s_4.a, s_4.b, s_4.c, s_4.d
         Sort Method: quicksort  Memory: 35kB
         Sort Groups: 13426
         ->  Sort  (cost=116027.84..118527.84 rows=1000000 width=20) (actual time=191.316..230.035 rows=1000000 loops=1)
               Sort Key: s_4.a, s_4.b, s_4.c, s_4.d
               Sort Method: quicksort  Memory: 102702kB
               ->  Seq Scan on s_4  (cost=0.00..16370.00 rows=1000000 width=20) (actual time=0.011..55.578 rows=1000000 loops=1)
 Planning time: 0.243 ms
 Execution time: 560.196 ms
(12 rows)

===== 101 [Wed Mar  7 02:15:55 CET 2018] scale:1000000 groups:10 work_mem:128MB incremental:off max_workers:2 =====
SELECT * FROM (SELECT * FROM s_1 ORDER BY a) foo ORDER BY a, b
                                                           QUERY PLAN                                                            
---------------------------------------------------------------------------------------------------------------------------------
 Limit  (cost=240685.69..240685.69 rows=1 width=20) (actual time=525.193..525.193 rows=0 loops=1)
   ->  Sort  (cost=228185.69..230685.69 rows=1000000 width=20) (actual time=412.163..503.506 rows=1000000 loops=1)
         Sort Key: s_1.a, s_1.b
         Sort Method: quicksort  Memory: 102702kB
         ->  Sort  (cost=116027.84..118527.84 rows=1000000 width=20) (actual time=163.454..200.895 rows=1000000 loops=1)
               Sort Key: s_1.a
               Sort Method: quicksort  Memory: 102702kB
               ->  Seq Scan on s_1  (cost=0.00..16370.00 rows=1000000 width=20) (actual time=0.004..55.624 rows=1000000 loops=1)
 Planning time: 0.211 ms
 Execution time: 533.459 ms
(10 rows)

===== 102 [Wed Mar  7 02:15:58 CET 2018] scale:1000000 groups:10 work_mem:128MB incremental:off max_workers:2 =====
SELECT * FROM (SELECT * FROM s_2 ORDER BY a, b) foo ORDER BY a, b, c
                                                           QUERY PLAN                                                            
---------------------------------------------------------------------------------------------------------------------------------
 Limit  (cost=240685.69..240685.69 rows=1 width=20) (actual time=590.400..590.400 rows=0 loops=1)
   ->  Sort  (cost=228185.69..230685.69 rows=1000000 width=20) (actual time=478.346..568.712 rows=1000000 loops=1)
         Sort Key: s_2.a, s_2.b, s_2.c
         Sort Method: quicksort  Memory: 102702kB
         ->  Sort  (cost=116027.84..118527.84 rows=1000000 width=20) (actual time=176.560..214.053 rows=1000000 loops=1)
               Sort Key: s_2.a, s_2.b
               Sort Method: quicksort  Memory: 102702kB
               ->  Seq Scan on s_2  (cost=0.00..16370.00 rows=1000000 width=20) (actual time=0.013..55.699 rows=1000000 loops=1)
 Planning time: 0.221 ms
 Execution time: 598.659 ms
(10 rows)

===== 103 [Wed Mar  7 02:16:01 CET 2018] scale:1000000 groups:10 work_mem:128MB incremental:off max_workers:2 =====
SELECT * FROM (SELECT * FROM s_3 ORDER BY a, b, c) foo ORDER BY a, b, c, d
                                                           QUERY PLAN                                                            
---------------------------------------------------------------------------------------------------------------------------------
 Limit  (cost=240685.69..240685.69 rows=1 width=20) (actual time=665.688..665.688 rows=0 loops=1)
   ->  Sort  (cost=228185.69..230685.69 rows=1000000 width=20) (actual time=586.584..643.803 rows=1000000 loops=1)
         Sort Key: s_3.a, s_3.b, s_3.c, s_3.d
         Sort Method: quicksort  Memory: 102702kB
         ->  Sort  (cost=116027.84..118527.84 rows=1000000 width=20) (actual time=184.253..221.717 rows=1000000 loops=1)
               Sort Key: s_3.a, s_3.b, s_3.c
               Sort Method: quicksort  Memory: 102702kB
               ->  Seq Scan on s_3  (cost=0.00..16370.00 rows=1000000 width=20) (actual time=0.011..55.810 rows=1000000 loops=1)
 Planning time: 0.228 ms
 Execution time: 673.947 ms
(10 rows)

===== 104 [Wed Mar  7 02:16:04 CET 2018] scale:1000000 groups:10 work_mem:128MB incremental:off max_workers:2 =====
SELECT * FROM (SELECT * FROM s_4 ORDER BY a, b, c, d) foo ORDER BY a, b, c, d, e
                                                           QUERY PLAN                                                            
---------------------------------------------------------------------------------------------------------------------------------
 Limit  (cost=240685.69..240685.69 rows=1 width=20) (actual time=815.564..815.564 rows=0 loops=1)
   ->  Sort  (cost=228185.69..230685.69 rows=1000000 width=20) (actual time=738.952..793.676 rows=1000000 loops=1)
         Sort Key: s_4.a, s_4.b, s_4.c, s_4.d, s_4.e
         Sort Method: quicksort  Memory: 102702kB
         ->  Sort  (cost=116027.84..118527.84 rows=1000000 width=20) (actual time=191.250..228.723 rows=1000000 loops=1)
               Sort Key: s_4.a, s_4.b, s_4.c, s_4.d
               Sort Method: quicksort  Memory: 102702kB
               ->  Seq Scan on s_4  (cost=0.00..16370.00 rows=1000000 width=20) (actual time=0.011..55.821 rows=1000000 loops=1)
 Planning time: 0.232 ms
 Execution time: 823.821 ms
(10 rows)

===== 105 [Wed Mar  7 02:16:09 CET 2018] scale:1000000 groups:10 work_mem:256MB incremental:on max_workers:2 =====
SELECT * FROM (SELECT * FROM s_1 ORDER BY a) foo ORDER BY a, b
                                                           QUERY PLAN                                                            
---------------------------------------------------------------------------------------------------------------------------------
 Limit  (cost=238388.75..238388.75 rows=1 width=20) (actual time=512.444..512.444 rows=0 loops=1)
   ->  Incremental Sort  (cost=124651.54..228388.75 rows=1000000 width=20) (actual time=175.976..486.696 rows=1000000 loops=1)
         Sort Key: s_1.a, s_1.b
         Presorted Key: s_1.a
         Sort Method: quicksort  Memory: 10910kB
         Sort Groups: 11
         ->  Sort  (cost=116027.84..118527.84 rows=1000000 width=20) (actual time=164.084..201.318 rows=1000000 loops=1)
               Sort Key: s_1.a
               Sort Method: quicksort  Memory: 102702kB
               ->  Seq Scan on s_1  (cost=0.00..16370.00 rows=1000000 width=20) (actual time=0.004..55.369 rows=1000000 loops=1)
 Planning time: 0.224 ms
 Execution time: 516.933 ms
(12 rows)

===== 106 [Wed Mar  7 02:16:11 CET 2018] scale:1000000 groups:10 work_mem:256MB incremental:on max_workers:2 =====
SELECT * FROM (SELECT * FROM s_2 ORDER BY a, b) foo ORDER BY a, b, c
                                                           QUERY PLAN                                                            
---------------------------------------------------------------------------------------------------------------------------------
 Limit  (cost=221093.79..221093.79 rows=1 width=20) (actual time=483.626..483.626 rows=0 loops=1)
   ->  Incremental Sort  (cost=116668.86..211093.79 rows=1000000 width=20) (actual time=178.714..458.515 rows=1000000 loops=1)
         Sort Key: s_2.a, s_2.b, s_2.c
         Presorted Key: s_2.a, s_2.b
         Sort Method: quicksort  Memory: 1189kB
         Sort Groups: 121
         ->  Sort  (cost=116027.84..118527.84 rows=1000000 width=20) (actual time=178.046..214.700 rows=1000000 loops=1)
               Sort Key: s_2.a, s_2.b
               Sort Method: quicksort  Memory: 102702kB
               ->  Seq Scan on s_2  (cost=0.00..16370.00 rows=1000000 width=20) (actual time=0.013..55.772 rows=1000000 loops=1)
 Planning time: 0.223 ms
 Execution time: 487.987 ms
(12 rows)

===== 107 [Wed Mar  7 02:16:14 CET 2018] scale:1000000 groups:10 work_mem:256MB incremental:on max_workers:2 =====
SELECT * FROM (SELECT * FROM s_3 ORDER BY a, b, c) foo ORDER BY a, b, c, d
                                                           QUERY PLAN                                                            
---------------------------------------------------------------------------------------------------------------------------------
 Limit  (cost=203820.83..203820.83 rows=1 width=20) (actual time=502.215..502.215 rows=0 loops=1)
   ->  Incremental Sort  (cost=116073.12..193820.83 rows=1000000 width=20) (actual time=184.391..479.800 rows=1000000 loops=1)
         Sort Key: s_3.a, s_3.b, s_3.c, s_3.d
         Presorted Key: s_3.a, s_3.b, s_3.c
         Sort Method: quicksort  Memory: 135kB
         Sort Groups: 1331
         ->  Sort  (cost=116027.84..118527.84 rows=1000000 width=20) (actual time=184.309..220.387 rows=1000000 loops=1)
               Sort Key: s_3.a, s_3.b, s_3.c
               Sort Method: quicksort  Memory: 102702kB
               ->  Seq Scan on s_3  (cost=0.00..16370.00 rows=1000000 width=20) (actual time=0.011..55.519 rows=1000000 loops=1)
 Planning time: 0.236 ms
 Execution time: 506.577 ms
(12 rows)

===== 108 [Wed Mar  7 02:16:16 CET 2018] scale:1000000 groups:10 work_mem:256MB incremental:on max_workers:2 =====
SELECT * FROM (SELECT * FROM s_4 ORDER BY a, b, c, d) foo ORDER BY a, b, c, d, e
                                                           QUERY PLAN                                                            
---------------------------------------------------------------------------------------------------------------------------------
 Limit  (cost=186789.87..186789.87 rows=1 width=20) (actual time=555.679..555.679 rows=0 loops=1)
   ->  Incremental Sort  (cost=116030.78..176789.87 rows=1000000 width=20) (actual time=191.206..533.343 rows=1000000 loops=1)
         Sort Key: s_4.a, s_4.b, s_4.c, s_4.d, s_4.e
         Presorted Key: s_4.a, s_4.b, s_4.c, s_4.d
         Sort Method: quicksort  Memory: 35kB
         Sort Groups: 13426
         ->  Sort  (cost=116027.84..118527.84 rows=1000000 width=20) (actual time=191.156..229.869 rows=1000000 loops=1)
               Sort Key: s_4.a, s_4.b, s_4.c, s_4.d
               Sort Method: quicksort  Memory: 102702kB
               ->  Seq Scan on s_4  (cost=0.00..16370.00 rows=1000000 width=20) (actual time=0.011..55.539 rows=1000000 loops=1)
 Planning time: 0.238 ms
 Execution time: 560.012 ms
(12 rows)

===== 109 [Wed Mar  7 02:16:19 CET 2018] scale:1000000 groups:10 work_mem:256MB incremental:off max_workers:2 =====
SELECT * FROM (SELECT * FROM s_1 ORDER BY a) foo ORDER BY a, b
                                                           QUERY PLAN                                                            
---------------------------------------------------------------------------------------------------------------------------------
 Limit  (cost=240685.69..240685.69 rows=1 width=20) (actual time=525.922..525.922 rows=0 loops=1)
   ->  Sort  (cost=228185.69..230685.69 rows=1000000 width=20) (actual time=412.362..504.236 rows=1000000 loops=1)
         Sort Key: s_1.a, s_1.b
         Sort Method: quicksort  Memory: 102702kB
         ->  Sort  (cost=116027.84..118527.84 rows=1000000 width=20) (actual time=163.403..200.876 rows=1000000 loops=1)
               Sort Key: s_1.a
               Sort Method: quicksort  Memory: 102702kB
               ->  Seq Scan on s_1  (cost=0.00..16370.00 rows=1000000 width=20) (actual time=0.004..55.603 rows=1000000 loops=1)
 Planning time: 0.225 ms
 Execution time: 534.227 ms
(10 rows)

===== 110 [Wed Mar  7 02:16:21 CET 2018] scale:1000000 groups:10 work_mem:256MB incremental:off max_workers:2 =====
SELECT * FROM (SELECT * FROM s_2 ORDER BY a, b) foo ORDER BY a, b, c
                                                           QUERY PLAN                                                            
---------------------------------------------------------------------------------------------------------------------------------
 Limit  (cost=240685.69..240685.69 rows=1 width=20) (actual time=590.806..590.806 rows=0 loops=1)
   ->  Sort  (cost=228185.69..230685.69 rows=1000000 width=20) (actual time=478.722..569.122 rows=1000000 loops=1)
         Sort Key: s_2.a, s_2.b, s_2.c
         Sort Method: quicksort  Memory: 102702kB
         ->  Sort  (cost=116027.84..118527.84 rows=1000000 width=20) (actual time=176.769..214.229 rows=1000000 loops=1)
               Sort Key: s_2.a, s_2.b
               Sort Method: quicksort  Memory: 102702kB
               ->  Seq Scan on s_2  (cost=0.00..16370.00 rows=1000000 width=20) (actual time=0.014..55.671 rows=1000000 loops=1)
 Planning time: 0.218 ms
 Execution time: 599.061 ms
(10 rows)

===== 111 [Wed Mar  7 02:16:24 CET 2018] scale:1000000 groups:10 work_mem:256MB incremental:off max_workers:2 =====
SELECT * FROM (SELECT * FROM s_3 ORDER BY a, b, c) foo ORDER BY a, b, c, d
                                                           QUERY PLAN                                                            
---------------------------------------------------------------------------------------------------------------------------------
 Limit  (cost=240685.69..240685.69 rows=1 width=20) (actual time=665.667..665.667 rows=0 loops=1)
   ->  Sort  (cost=228185.69..230685.69 rows=1000000 width=20) (actual time=586.623..643.806 rows=1000000 loops=1)
         Sort Key: s_3.a, s_3.b, s_3.c, s_3.d
         Sort Method: quicksort  Memory: 102702kB
         ->  Sort  (cost=116027.84..118527.84 rows=1000000 width=20) (actual time=184.311..221.720 rows=1000000 loops=1)
               Sort Key: s_3.a, s_3.b, s_3.c
               Sort Method: quicksort  Memory: 102702kB
               ->  Seq Scan on s_3  (cost=0.00..16370.00 rows=1000000 width=20) (actual time=0.011..55.827 rows=1000000 loops=1)
 Planning time: 0.235 ms
 Execution time: 673.928 ms
(10 rows)

===== 112 [Wed Mar  7 02:16:28 CET 2018] scale:1000000 groups:10 work_mem:256MB incremental:off max_workers:2 =====
SELECT * FROM (SELECT * FROM s_4 ORDER BY a, b, c, d) foo ORDER BY a, b, c, d, e
                                                           QUERY PLAN                                                            
---------------------------------------------------------------------------------------------------------------------------------
 Limit  (cost=240685.69..240685.69 rows=1 width=20) (actual time=816.990..816.990 rows=0 loops=1)
   ->  Sort  (cost=228185.69..230685.69 rows=1000000 width=20) (actual time=740.118..795.131 rows=1000000 loops=1)
         Sort Key: s_4.a, s_4.b, s_4.c, s_4.d, s_4.e
         Sort Method: quicksort  Memory: 102702kB
         ->  Sort  (cost=116027.84..118527.84 rows=1000000 width=20) (actual time=191.780..229.242 rows=1000000 loops=1)
               Sort Key: s_4.a, s_4.b, s_4.c, s_4.d
               Sort Method: quicksort  Memory: 102702kB
               ->  Seq Scan on s_4  (cost=0.00..16370.00 rows=1000000 width=20) (actual time=0.011..55.911 rows=1000000 loops=1)
 Planning time: 0.240 ms
 Execution time: 825.277 ms
(10 rows)

===== 113 [Wed Mar  7 02:16:40 CET 2018] scale:1000000 groups:100 work_mem:4MB incremental:on max_workers:0 =====
SELECT * FROM (SELECT * FROM s_1 ORDER BY a) foo ORDER BY a, b
                                                           QUERY PLAN                                                            
---------------------------------------------------------------------------------------------------------------------------------
 Limit  (cost=242906.65..242906.65 rows=1 width=20) (actual time=597.597..597.597 rows=0 loops=1)
   ->  Incremental Sort  (cost=137318.70..232906.65 rows=1000000 width=20) (actual time=229.650..572.455 rows=1000000 loops=1)
         Sort Key: s_1.a, s_1.b
         Presorted Key: s_1.a
         Sort Method: quicksort  Memory: 1185kB
         Sort Groups: 101
         ->  Sort  (cost=136537.84..139037.84 rows=1000000 width=20) (actual time=228.027..322.395 rows=1000000 loops=1)
               Sort Key: s_1.a
               Sort Method: external merge  Disk: 29360kB
               ->  Seq Scan on s_1  (cost=0.00..16370.00 rows=1000000 width=20) (actual time=0.013..68.356 rows=1000000 loops=1)
 Planning time: 0.215 ms
 Execution time: 601.294 ms
(12 rows)

===== 114 [Wed Mar  7 02:16:42 CET 2018] scale:1000000 groups:100 work_mem:4MB incremental:on max_workers:0 =====
SELECT * FROM (SELECT * FROM s_2 ORDER BY a, b) foo ORDER BY a, b, c
                                                           QUERY PLAN                                                            
---------------------------------------------------------------------------------------------------------------------------------
 Limit  (cost=209817.59..209817.59 rows=1 width=20) (actual time=655.463..655.463 rows=0 loops=1)
   ->  Incremental Sort  (cost=136542.31..199817.59 rows=1000000 width=20) (actual time=240.547..629.905 rows=1000000 loops=1)
         Sort Key: s_2.a, s_2.b, s_2.c
         Presorted Key: s_2.a, s_2.b
         Sort Method: quicksort  Memory: 35kB
         Sort Groups: 10198
         ->  Sort  (cost=136537.84..139037.84 rows=1000000 width=20) (actual time=240.486..337.404 rows=1000000 loops=1)
               Sort Key: s_2.a, s_2.b
               Sort Method: external merge  Disk: 29360kB
               ->  Seq Scan on s_2  (cost=0.00..16370.00 rows=1000000 width=20) (actual time=0.020..68.364 rows=1000000 loops=1)
 Planning time: 0.213 ms
 Execution time: 659.135 ms
(12 rows)

===== 115 [Wed Mar  7 02:16:46 CET 2018] scale:1000000 groups:100 work_mem:4MB incremental:on max_workers:0 =====
SELECT * FROM (SELECT * FROM s_3 ORDER BY a, b, c) foo ORDER BY a, b, c, d
                                                           QUERY PLAN                                                            
---------------------------------------------------------------------------------------------------------------------------------
 Limit  (cost=195147.48..195147.48 rows=1 width=20) (actual time=608.064..608.064 rows=0 loops=1)
   ->  Incremental Sort  (cost=136538.13..185147.48 rows=1000000 width=20) (actual time=251.203..582.680 rows=1000000 loops=1)
         Sort Key: s_3.a, s_3.b, s_3.c, s_3.d
         Presorted Key: s_3.a, s_3.b, s_3.c
         Sort Method: quicksort  Memory: 27kB
         Sort Groups: 30779
         ->  Sort  (cost=136537.84..139037.84 rows=1000000 width=20) (actual time=251.154..350.631 rows=1000000 loops=1)
               Sort Key: s_3.a, s_3.b, s_3.c
               Sort Method: external merge  Disk: 29360kB
               ->  Seq Scan on s_3  (cost=0.00..16370.00 rows=1000000 width=20) (actual time=0.021..68.370 rows=1000000 loops=1)
 Planning time: 0.221 ms
 Execution time: 611.766 ms
(12 rows)

===== 116 [Wed Mar  7 02:16:49 CET 2018] scale:1000000 groups:100 work_mem:4MB incremental:on max_workers:0 =====
SELECT * FROM (SELECT * FROM s_4 ORDER BY a, b, c, d) foo ORDER BY a, b, c, d, e
                                                           QUERY PLAN                                                            
---------------------------------------------------------------------------------------------------------------------------------
 Limit  (cost=195147.48..195147.48 rows=1 width=20) (actual time=513.595..513.595 rows=0 loops=1)
   ->  Incremental Sort  (cost=136538.13..185147.48 rows=1000000 width=20) (actual time=252.863..491.001 rows=1000000 loops=1)
         Sort Key: s_4.a, s_4.b, s_4.c, s_4.d, s_4.e
         Presorted Key: s_4.a, s_4.b, s_4.c, s_4.d
         Sort Method: quicksort  Memory: 27kB
         Sort Groups: 31246
         ->  Sort  (cost=136537.84..139037.84 rows=1000000 width=20) (actual time=252.818..352.216 rows=1000000 loops=1)
               Sort Key: s_4.a, s_4.b, s_4.c, s_4.d
               Sort Method: external merge  Disk: 29360kB
               ->  Seq Scan on s_4  (cost=0.00..16370.00 rows=1000000 width=20) (actual time=0.025..68.478 rows=1000000 loops=1)
 Planning time: 0.232 ms
 Execution time: 517.283 ms
(12 rows)

===== 117 [Wed Mar  7 02:16:51 CET 2018] scale:1000000 groups:100 work_mem:4MB incremental:off max_workers:0 =====
SELECT * FROM (SELECT * FROM s_1 ORDER BY a) foo ORDER BY a, b
                                                           QUERY PLAN                                                            
---------------------------------------------------------------------------------------------------------------------------------
 Limit  (cost=281705.69..281705.69 rows=1 width=20) (actual time=715.496..715.496 rows=0 loops=1)
   ->  Sort  (cost=269205.69..271705.69 rows=1000000 width=20) (actual time=609.169..693.544 rows=1000000 loops=1)
         Sort Key: s_1.a, s_1.b
         Sort Method: external merge  Disk: 29360kB
         ->  Sort  (cost=136537.84..139037.84 rows=1000000 width=20) (actual time=214.245..311.338 rows=1000000 loops=1)
               Sort Key: s_1.a
               Sort Method: external merge  Disk: 29360kB
               ->  Seq Scan on s_1  (cost=0.00..16370.00 rows=1000000 width=20) (actual time=0.004..51.247 rows=1000000 loops=1)
 Planning time: 0.223 ms
 Execution time: 722.623 ms
(10 rows)

===== 118 [Wed Mar  7 02:16:55 CET 2018] scale:1000000 groups:100 work_mem:4MB incremental:off max_workers:0 =====
SELECT * FROM (SELECT * FROM s_2 ORDER BY a, b) foo ORDER BY a, b, c
                                                           QUERY PLAN                                                            
---------------------------------------------------------------------------------------------------------------------------------
 Limit  (cost=281705.69..281705.69 rows=1 width=20) (actual time=863.713..863.713 rows=0 loops=1)
   ->  Sort  (cost=269205.69..271705.69 rows=1000000 width=20) (actual time=758.357..841.801 rows=1000000 loops=1)
         Sort Key: s_2.a, s_2.b, s_2.c
         Sort Method: external merge  Disk: 29360kB
         ->  Sort  (cost=136537.84..139037.84 rows=1000000 width=20) (actual time=226.318..324.077 rows=1000000 loops=1)
               Sort Key: s_2.a, s_2.b
               Sort Method: external merge  Disk: 29360kB
               ->  Seq Scan on s_2  (cost=0.00..16370.00 rows=1000000 width=20) (actual time=0.010..51.335 rows=1000000 loops=1)
 Planning time: 0.210 ms
 Execution time: 870.777 ms
(10 rows)

===== 119 [Wed Mar  7 02:16:59 CET 2018] scale:1000000 groups:100 work_mem:4MB incremental:off max_workers:0 =====
SELECT * FROM (SELECT * FROM s_3 ORDER BY a, b, c) foo ORDER BY a, b, c, d
                                                           QUERY PLAN                                                            
---------------------------------------------------------------------------------------------------------------------------------
 Limit  (cost=281705.69..281705.69 rows=1 width=20) (actual time=863.120..863.120 rows=0 loops=1)
   ->  Sort  (cost=269205.69..271705.69 rows=1000000 width=20) (actual time=757.845..841.216 rows=1000000 loops=1)
         Sort Key: s_3.a, s_3.b, s_3.c, s_3.d
         Sort Method: external merge  Disk: 29360kB
         ->  Sort  (cost=136537.84..139037.84 rows=1000000 width=20) (actual time=237.047..334.762 rows=1000000 loops=1)
               Sort Key: s_3.a, s_3.b, s_3.c
               Sort Method: external merge  Disk: 29360kB
               ->  Seq Scan on s_3  (cost=0.00..16370.00 rows=1000000 width=20) (actual time=0.011..51.433 rows=1000000 loops=1)
 Planning time: 0.213 ms
 Execution time: 870.262 ms
(10 rows)

===== 120 [Wed Mar  7 02:17:04 CET 2018] scale:1000000 groups:100 work_mem:4MB incremental:off max_workers:0 =====
SELECT * FROM (SELECT * FROM s_4 ORDER BY a, b, c, d) foo ORDER BY a, b, c, d, e
                                                           QUERY PLAN                                                            
---------------------------------------------------------------------------------------------------------------------------------
 Limit  (cost=281705.69..281705.69 rows=1 width=20) (actual time=760.546..760.546 rows=0 loops=1)
   ->  Sort  (cost=269205.69..271705.69 rows=1000000 width=20) (actual time=655.455..738.657 rows=1000000 loops=1)
         Sort Key: s_4.a, s_4.b, s_4.c, s_4.d, s_4.e
         Sort Method: external merge  Disk: 29360kB
         ->  Sort  (cost=136537.84..139037.84 rows=1000000 width=20) (actual time=239.984..333.884 rows=1000000 loops=1)
               Sort Key: s_4.a, s_4.b, s_4.c, s_4.d
               Sort Method: external merge  Disk: 29360kB
               ->  Seq Scan on s_4  (cost=0.00..16370.00 rows=1000000 width=20) (actual time=0.011..51.445 rows=1000000 loops=1)
 Planning time: 0.220 ms
 Execution time: 767.701 ms
(10 rows)

===== 121 [Wed Mar  7 02:17:08 CET 2018] scale:1000000 groups:100 work_mem:8MB incremental:on max_workers:0 =====
SELECT * FROM (SELECT * FROM s_1 ORDER BY a) foo ORDER BY a, b
                                                           QUERY PLAN                                                            
---------------------------------------------------------------------------------------------------------------------------------
 Limit  (cost=242906.65..242906.65 rows=1 width=20) (actual time=536.633..536.633 rows=0 loops=1)
   ->  Incremental Sort  (cost=137318.70..232906.65 rows=1000000 width=20) (actual time=186.535..515.145 rows=1000000 loops=1)
         Sort Key: s_1.a, s_1.b
         Presorted Key: s_1.a
         Sort Method: quicksort  Memory: 1185kB
         Sort Groups: 101
         ->  Sort  (cost=136537.84..139037.84 rows=1000000 width=20) (actual time=184.822..275.765 rows=1000000 loops=1)
               Sort Key: s_1.a
               Sort Method: external merge  Disk: 29360kB
               ->  Seq Scan on s_1  (cost=0.00..16370.00 rows=1000000 width=20) (actual time=0.004..51.571 rows=1000000 loops=1)
 Planning time: 0.212 ms
 Execution time: 540.052 ms
(12 rows)

===== 122 [Wed Mar  7 02:17:11 CET 2018] scale:1000000 groups:100 work_mem:8MB incremental:on max_workers:0 =====
SELECT * FROM (SELECT * FROM s_2 ORDER BY a, b) foo ORDER BY a, b, c
                                                           QUERY PLAN                                                            
---------------------------------------------------------------------------------------------------------------------------------
 Limit  (cost=209817.59..209817.59 rows=1 width=20) (actual time=596.548..596.548 rows=0 loops=1)
   ->  Incremental Sort  (cost=136542.31..199817.59 rows=1000000 width=20) (actual time=198.623..574.756 rows=1000000 loops=1)
         Sort Key: s_2.a, s_2.b, s_2.c
         Presorted Key: s_2.a, s_2.b
         Sort Method: quicksort  Memory: 35kB
         Sort Groups: 10198
         ->  Sort  (cost=136537.84..139037.84 rows=1000000 width=20) (actual time=198.564..292.271 rows=1000000 loops=1)
               Sort Key: s_2.a, s_2.b
               Sort Method: external merge  Disk: 29360kB
               ->  Seq Scan on s_2  (cost=0.00..16370.00 rows=1000000 width=20) (actual time=0.010..51.853 rows=1000000 loops=1)
 Planning time: 0.217 ms
 Execution time: 600.368 ms
(12 rows)

===== 123 [Wed Mar  7 02:17:14 CET 2018] scale:1000000 groups:100 work_mem:8MB incremental:on max_workers:0 =====
SELECT * FROM (SELECT * FROM s_3 ORDER BY a, b, c) foo ORDER BY a, b, c, d
                                                           QUERY PLAN                                                            
---------------------------------------------------------------------------------------------------------------------------------
 Limit  (cost=195147.48..195147.48 rows=1 width=20) (actual time=551.890..551.890 rows=0 loops=1)
   ->  Incremental Sort  (cost=136538.13..185147.48 rows=1000000 width=20) (actual time=208.844..530.005 rows=1000000 loops=1)
         Sort Key: s_3.a, s_3.b, s_3.c, s_3.d
         Presorted Key: s_3.a, s_3.b, s_3.c
         Sort Method: quicksort  Memory: 27kB
         Sort Groups: 30779
         ->  Sort  (cost=136537.84..139037.84 rows=1000000 width=20) (actual time=208.793..306.193 rows=1000000 loops=1)
               Sort Key: s_3.a, s_3.b, s_3.c
               Sort Method: external merge  Disk: 29360kB
               ->  Seq Scan on s_3  (cost=0.00..16370.00 rows=1000000 width=20) (actual time=0.010..51.553 rows=1000000 loops=1)
 Planning time: 0.223 ms
 Execution time: 555.741 ms
(12 rows)

===== 124 [Wed Mar  7 02:17:16 CET 2018] scale:1000000 groups:100 work_mem:8MB incremental:on max_workers:0 =====
SELECT * FROM (SELECT * FROM s_4 ORDER BY a, b, c, d) foo ORDER BY a, b, c, d, e
                                                           QUERY PLAN                                                            
---------------------------------------------------------------------------------------------------------------------------------
 Limit  (cost=195147.48..195147.48 rows=1 width=20) (actual time=466.375..466.375 rows=0 loops=1)
   ->  Incremental Sort  (cost=136538.13..185147.48 rows=1000000 width=20) (actual time=211.319..444.379 rows=1000000 loops=1)
         Sort Key: s_4.a, s_4.b, s_4.c, s_4.d, s_4.e
         Presorted Key: s_4.a, s_4.b, s_4.c, s_4.d
         Sort Method: quicksort  Memory: 27kB
         Sort Groups: 31246
         ->  Sort  (cost=136537.84..139037.84 rows=1000000 width=20) (actual time=211.272..308.402 rows=1000000 loops=1)
               Sort Key: s_4.a, s_4.b, s_4.c, s_4.d
               Sort Method: external merge  Disk: 29360kB
               ->  Seq Scan on s_4  (cost=0.00..16370.00 rows=1000000 width=20) (actual time=0.011..51.683 rows=1000000 loops=1)
 Planning time: 0.231 ms
 Execution time: 470.235 ms
(12 rows)

===== 125 [Wed Mar  7 02:17:18 CET 2018] scale:1000000 groups:100 work_mem:8MB incremental:off max_workers:0 =====
SELECT * FROM (SELECT * FROM s_1 ORDER BY a) foo ORDER BY a, b
                                                           QUERY PLAN                                                            
---------------------------------------------------------------------------------------------------------------------------------
 Limit  (cost=281705.69..281705.69 rows=1 width=20) (actual time=666.347..666.347 rows=0 loops=1)
   ->  Sort  (cost=269205.69..271705.69 rows=1000000 width=20) (actual time=562.518..644.487 rows=1000000 loops=1)
         Sort Key: s_1.a, s_1.b
         Sort Method: external merge  Disk: 29360kB
         ->  Sort  (cost=136537.84..139037.84 rows=1000000 width=20) (actual time=184.621..275.323 rows=1000000 loops=1)
               Sort Key: s_1.a
               Sort Method: external merge  Disk: 29360kB
               ->  Seq Scan on s_1  (cost=0.00..16370.00 rows=1000000 width=20) (actual time=0.004..51.651 rows=1000000 loops=1)
 Planning time: 0.210 ms
 Execution time: 673.693 ms
(10 rows)

===== 126 [Wed Mar  7 02:17:22 CET 2018] scale:1000000 groups:100 work_mem:8MB incremental:off max_workers:0 =====
SELECT * FROM (SELECT * FROM s_2 ORDER BY a, b) foo ORDER BY a, b, c
                                                           QUERY PLAN                                                            
---------------------------------------------------------------------------------------------------------------------------------
 Limit  (cost=281705.69..281705.69 rows=1 width=20) (actual time=807.806..807.806 rows=0 loops=1)
   ->  Sort  (cost=269205.69..271705.69 rows=1000000 width=20) (actual time=704.517..785.981 rows=1000000 loops=1)
         Sort Key: s_2.a, s_2.b, s_2.c
         Sort Method: external merge  Disk: 29360kB
         ->  Sort  (cost=136537.84..139037.84 rows=1000000 width=20) (actual time=197.851..289.183 rows=1000000 loops=1)
               Sort Key: s_2.a, s_2.b
               Sort Method: external merge  Disk: 29360kB
               ->  Seq Scan on s_2  (cost=0.00..16370.00 rows=1000000 width=20) (actual time=0.010..51.704 rows=1000000 loops=1)
 Planning time: 0.217 ms
 Execution time: 815.108 ms
(10 rows)

===== 127 [Wed Mar  7 02:17:26 CET 2018] scale:1000000 groups:100 work_mem:8MB incremental:off max_workers:0 =====
SELECT * FROM (SELECT * FROM s_3 ORDER BY a, b, c) foo ORDER BY a, b, c, d
                                                           QUERY PLAN                                                            
---------------------------------------------------------------------------------------------------------------------------------
 Limit  (cost=281705.69..281705.69 rows=1 width=20) (actual time=799.362..799.362 rows=0 loops=1)
   ->  Sort  (cost=269205.69..271705.69 rows=1000000 width=20) (actual time=696.241..777.549 rows=1000000 loops=1)
         Sort Key: s_3.a, s_3.b, s_3.c, s_3.d
         Sort Method: external merge  Disk: 29360kB
         ->  Sort  (cost=136537.84..139037.84 rows=1000000 width=20) (actual time=208.834..300.196 rows=1000000 loops=1)
               Sort Key: s_3.a, s_3.b, s_3.c
               Sort Method: external merge  Disk: 29360kB
               ->  Seq Scan on s_3  (cost=0.00..16370.00 rows=1000000 width=20) (actual time=0.011..51.731 rows=1000000 loops=1)
 Planning time: 0.210 ms
 Execution time: 806.696 ms
(10 rows)

===== 128 [Wed Mar  7 02:17:31 CET 2018] scale:1000000 groups:100 work_mem:8MB incremental:off max_workers:0 =====
SELECT * FROM (SELECT * FROM s_4 ORDER BY a, b, c, d) foo ORDER BY a, b, c, d, e
                                                           QUERY PLAN                                                            
---------------------------------------------------------------------------------------------------------------------------------
 Limit  (cost=281705.69..281705.69 rows=1 width=20) (actual time=706.584..706.584 rows=0 loops=1)
   ->  Sort  (cost=269205.69..271705.69 rows=1000000 width=20) (actual time=603.568..684.790 rows=1000000 loops=1)
         Sort Key: s_4.a, s_4.b, s_4.c, s_4.d, s_4.e
         Sort Method: external merge  Disk: 29360kB
         ->  Sort  (cost=136537.84..139037.84 rows=1000000 width=20) (actual time=211.497..303.820 rows=1000000 loops=1)
               Sort Key: s_4.a, s_4.b, s_4.c, s_4.d
               Sort Method: external merge  Disk: 29360kB
               ->  Seq Scan on s_4  (cost=0.00..16370.00 rows=1000000 width=20) (actual time=0.011..51.829 rows=1000000 loops=1)
 Planning time: 0.223 ms
 Execution time: 713.873 ms
(10 rows)

===== 129 [Wed Mar  7 02:17:34 CET 2018] scale:1000000 groups:100 work_mem:16MB incremental:on max_workers:0 =====
SELECT * FROM (SELECT * FROM s_1 ORDER BY a) foo ORDER BY a, b
                                                           QUERY PLAN                                                            
---------------------------------------------------------------------------------------------------------------------------------
 Limit  (cost=242906.65..242906.65 rows=1 width=20) (actual time=558.404..558.404 rows=0 loops=1)
   ->  Incremental Sort  (cost=137318.70..232906.65 rows=1000000 width=20) (actual time=194.912..533.225 rows=1000000 loops=1)
         Sort Key: s_1.a, s_1.b
         Presorted Key: s_1.a
         Sort Method: quicksort  Memory: 1185kB
         Sort Groups: 101
         ->  Sort  (cost=136537.84..139037.84 rows=1000000 width=20) (actual time=193.201..282.430 rows=1000000 loops=1)
               Sort Key: s_1.a
               Sort Method: external merge  Disk: 29392kB
               ->  Seq Scan on s_1  (cost=0.00..16370.00 rows=1000000 width=20) (actual time=0.004..52.149 rows=1000000 loops=1)
 Planning time: 0.211 ms
 Execution time: 562.683 ms
(12 rows)

===== 130 [Wed Mar  7 02:17:37 CET 2018] scale:1000000 groups:100 work_mem:16MB incremental:on max_workers:0 =====
SELECT * FROM (SELECT * FROM s_2 ORDER BY a, b) foo ORDER BY a, b, c
                                                           QUERY PLAN                                                            
---------------------------------------------------------------------------------------------------------------------------------
 Limit  (cost=209817.59..209817.59 rows=1 width=20) (actual time=615.371..615.371 rows=0 loops=1)
   ->  Incremental Sort  (cost=136542.31..199817.59 rows=1000000 width=20) (actual time=207.441..589.827 rows=1000000 loops=1)
         Sort Key: s_2.a, s_2.b, s_2.c
         Presorted Key: s_2.a, s_2.b
         Sort Method: quicksort  Memory: 35kB
         Sort Groups: 10198
         ->  Sort  (cost=136537.84..139037.84 rows=1000000 width=20) (actual time=207.380..299.282 rows=1000000 loops=1)
               Sort Key: s_2.a, s_2.b
               Sort Method: external merge  Disk: 29392kB
               ->  Seq Scan on s_2  (cost=0.00..16370.00 rows=1000000 width=20) (actual time=0.011..52.193 rows=1000000 loops=1)
 Planning time: 0.218 ms
 Execution time: 619.616 ms
(12 rows)

===== 131 [Wed Mar  7 02:17:40 CET 2018] scale:1000000 groups:100 work_mem:16MB incremental:on max_workers:0 =====
SELECT * FROM (SELECT * FROM s_3 ORDER BY a, b, c) foo ORDER BY a, b, c, d
                                                           QUERY PLAN                                                            
---------------------------------------------------------------------------------------------------------------------------------
 Limit  (cost=195147.48..195147.48 rows=1 width=20) (actual time=569.412..569.412 rows=0 loops=1)
   ->  Incremental Sort  (cost=136538.13..185147.48 rows=1000000 width=20) (actual time=217.915..544.031 rows=1000000 loops=1)
         Sort Key: s_3.a, s_3.b, s_3.c, s_3.d
         Presorted Key: s_3.a, s_3.b, s_3.c
         Sort Method: quicksort  Memory: 27kB
         Sort Groups: 30779
         ->  Sort  (cost=136537.84..139037.84 rows=1000000 width=20) (actual time=217.866..312.324 rows=1000000 loops=1)
               Sort Key: s_3.a, s_3.b, s_3.c
               Sort Method: external merge  Disk: 29392kB
               ->  Seq Scan on s_3  (cost=0.00..16370.00 rows=1000000 width=20) (actual time=0.010..52.320 rows=1000000 loops=1)
 Planning time: 0.216 ms
 Execution time: 573.643 ms
(12 rows)

===== 132 [Wed Mar  7 02:17:43 CET 2018] scale:1000000 groups:100 work_mem:16MB incremental:on max_workers:0 =====
SELECT * FROM (SELECT * FROM s_4 ORDER BY a, b, c, d) foo ORDER BY a, b, c, d, e
                                                           QUERY PLAN                                                            
---------------------------------------------------------------------------------------------------------------------------------
 Limit  (cost=195147.48..195147.48 rows=1 width=20) (actual time=476.608..476.608 rows=0 loops=1)
   ->  Incremental Sort  (cost=136538.13..185147.48 rows=1000000 width=20) (actual time=219.671..454.019 rows=1000000 loops=1)
         Sort Key: s_4.a, s_4.b, s_4.c, s_4.d, s_4.e
         Presorted Key: s_4.a, s_4.b, s_4.c, s_4.d
         Sort Method: quicksort  Memory: 27kB
         Sort Groups: 31246
         ->  Sort  (cost=136537.84..139037.84 rows=1000000 width=20) (actual time=219.624..314.933 rows=1000000 loops=1)
               Sort Key: s_4.a, s_4.b, s_4.c, s_4.d
               Sort Method: external merge  Disk: 29392kB
               ->  Seq Scan on s_4  (cost=0.00..16370.00 rows=1000000 width=20) (actual time=0.011..52.295 rows=1000000 loops=1)
 Planning time: 0.234 ms
 Execution time: 480.804 ms
(12 rows)

===== 133 [Wed Mar  7 02:17:45 CET 2018] scale:1000000 groups:100 work_mem:16MB incremental:off max_workers:0 =====
SELECT * FROM (SELECT * FROM s_1 ORDER BY a) foo ORDER BY a, b
                                                           QUERY PLAN                                                            
---------------------------------------------------------------------------------------------------------------------------------
 Limit  (cost=281705.69..281705.69 rows=1 width=20) (actual time=696.641..696.641 rows=0 loops=1)
   ->  Sort  (cost=269205.69..271705.69 rows=1000000 width=20) (actual time=595.241..674.820 rows=1000000 loops=1)
         Sort Key: s_1.a, s_1.b
         Sort Method: external merge  Disk: 29392kB
         ->  Sort  (cost=136537.84..139037.84 rows=1000000 width=20) (actual time=192.478..281.979 rows=1000000 loops=1)
               Sort Key: s_1.a
               Sort Method: external merge  Disk: 29392kB
               ->  Seq Scan on s_1  (cost=0.00..16370.00 rows=1000000 width=20) (actual time=0.004..52.214 rows=1000000 loops=1)
 Planning time: 0.210 ms
 Execution time: 704.372 ms
(10 rows)

===== 134 [Wed Mar  7 02:17:49 CET 2018] scale:1000000 groups:100 work_mem:16MB incremental:off max_workers:0 =====
SELECT * FROM (SELECT * FROM s_2 ORDER BY a, b) foo ORDER BY a, b, c
                                                           QUERY PLAN                                                            
---------------------------------------------------------------------------------------------------------------------------------
 Limit  (cost=281705.69..281705.69 rows=1 width=20) (actual time=827.680..827.680 rows=0 loops=1)
   ->  Sort  (cost=269205.69..271705.69 rows=1000000 width=20) (actual time=726.935..805.890 rows=1000000 loops=1)
         Sort Key: s_2.a, s_2.b, s_2.c
         Sort Method: external merge  Disk: 29392kB
         ->  Sort  (cost=136537.84..139037.84 rows=1000000 width=20) (actual time=206.266..295.916 rows=1000000 loops=1)
               Sort Key: s_2.a, s_2.b
               Sort Method: external merge  Disk: 29392kB
               ->  Seq Scan on s_2  (cost=0.00..16370.00 rows=1000000 width=20) (actual time=0.010..52.270 rows=1000000 loops=1)
 Planning time: 0.210 ms
 Execution time: 835.461 ms
(10 rows)

===== 135 [Wed Mar  7 02:17:53 CET 2018] scale:1000000 groups:100 work_mem:16MB incremental:off max_workers:0 =====
SELECT * FROM (SELECT * FROM s_3 ORDER BY a, b, c) foo ORDER BY a, b, c, d
                                                           QUERY PLAN                                                            
---------------------------------------------------------------------------------------------------------------------------------
 Limit  (cost=281705.69..281705.69 rows=1 width=20) (actual time=817.461..817.461 rows=0 loops=1)
   ->  Sort  (cost=269205.69..271705.69 rows=1000000 width=20) (actual time=716.652..795.677 rows=1000000 loops=1)
         Sort Key: s_3.a, s_3.b, s_3.c, s_3.d
         Sort Method: external merge  Disk: 29392kB
         ->  Sort  (cost=136537.84..139037.84 rows=1000000 width=20) (actual time=216.854..306.515 rows=1000000 loops=1)
               Sort Key: s_3.a, s_3.b, s_3.c
               Sort Method: external merge  Disk: 29392kB
               ->  Seq Scan on s_3  (cost=0.00..16370.00 rows=1000000 width=20) (actual time=0.011..52.359 rows=1000000 loops=1)
 Planning time: 0.213 ms
 Execution time: 824.405 ms
(10 rows)

===== 136 [Wed Mar  7 02:17:57 CET 2018] scale:1000000 groups:100 work_mem:16MB incremental:off max_workers:0 =====
SELECT * FROM (SELECT * FROM s_4 ORDER BY a, b, c, d) foo ORDER BY a, b, c, d, e
                                                           QUERY PLAN                                                            
---------------------------------------------------------------------------------------------------------------------------------
 Limit  (cost=281705.69..281705.69 rows=1 width=20) (actual time=722.938..722.938 rows=0 loops=1)
   ->  Sort  (cost=269205.69..271705.69 rows=1000000 width=20) (actual time=622.005..701.112 rows=1000000 loops=1)
         Sort Key: s_4.a, s_4.b, s_4.c, s_4.d, s_4.e
         Sort Method: external merge  Disk: 29392kB
         ->  Sort  (cost=136537.84..139037.84 rows=1000000 width=20) (actual time=220.066..309.761 rows=1000000 loops=1)
               Sort Key: s_4.a, s_4.b, s_4.c, s_4.d
               Sort Method: external merge  Disk: 29392kB
               ->  Seq Scan on s_4  (cost=0.00..16370.00 rows=1000000 width=20) (actual time=0.011..52.400 rows=1000000 loops=1)
 Planning time: 0.225 ms
 Execution time: 730.710 ms
(10 rows)

===== 137 [Wed Mar  7 02:18:01 CET 2018] scale:1000000 groups:100 work_mem:32MB incremental:on max_workers:0 =====
SELECT * FROM (SELECT * FROM s_1 ORDER BY a) foo ORDER BY a, b
                                                           QUERY PLAN                                                            
---------------------------------------------------------------------------------------------------------------------------------
 Limit  (cost=242906.65..242906.65 rows=1 width=20) (actual time=569.493..569.493 rows=0 loops=1)
   ->  Incremental Sort  (cost=137318.70..232906.65 rows=1000000 width=20) (actual time=209.954..544.262 rows=1000000 loops=1)
         Sort Key: s_1.a, s_1.b
         Presorted Key: s_1.a
         Sort Method: quicksort  Memory: 1185kB
         Sort Groups: 101
         ->  Sort  (cost=136537.84..139037.84 rows=1000000 width=20) (actual time=208.435..294.372 rows=1000000 loops=1)
               Sort Key: s_1.a
               Sort Method: external merge  Disk: 29360kB
               ->  Seq Scan on s_1  (cost=0.00..16370.00 rows=1000000 width=20) (actual time=0.004..53.444 rows=1000000 loops=1)
 Planning time: 0.214 ms
 Execution time: 573.008 ms
(12 rows)

===== 138 [Wed Mar  7 02:18:04 CET 2018] scale:1000000 groups:100 work_mem:32MB incremental:on max_workers:0 =====
SELECT * FROM (SELECT * FROM s_2 ORDER BY a, b) foo ORDER BY a, b, c
                                                           QUERY PLAN                                                            
---------------------------------------------------------------------------------------------------------------------------------
 Limit  (cost=209817.59..209817.59 rows=1 width=20) (actual time=627.792..627.792 rows=0 loops=1)
   ->  Incremental Sort  (cost=136542.31..199817.59 rows=1000000 width=20) (actual time=222.818..602.210 rows=1000000 loops=1)
         Sort Key: s_2.a, s_2.b, s_2.c
         Presorted Key: s_2.a, s_2.b
         Sort Method: quicksort  Memory: 35kB
         Sort Groups: 10198
         ->  Sort  (cost=136537.84..139037.84 rows=1000000 width=20) (actual time=222.744..311.925 rows=1000000 loops=1)
               Sort Key: s_2.a, s_2.b
               Sort Method: external merge  Disk: 29360kB
               ->  Seq Scan on s_2  (cost=0.00..16370.00 rows=1000000 width=20) (actual time=0.010..53.587 rows=1000000 loops=1)
 Planning time: 0.218 ms
 Execution time: 632.380 ms
(12 rows)

===== 139 [Wed Mar  7 02:18:07 CET 2018] scale:1000000 groups:100 work_mem:32MB incremental:on max_workers:0 =====
SELECT * FROM (SELECT * FROM s_3 ORDER BY a, b, c) foo ORDER BY a, b, c, d
                                                           QUERY PLAN                                                            
---------------------------------------------------------------------------------------------------------------------------------
 Limit  (cost=195147.48..195147.48 rows=1 width=20) (actual time=582.413..582.413 rows=0 loops=1)
   ->  Incremental Sort  (cost=136538.13..185147.48 rows=1000000 width=20) (actual time=234.118..557.050 rows=1000000 loops=1)
         Sort Key: s_3.a, s_3.b, s_3.c, s_3.d
         Presorted Key: s_3.a, s_3.b, s_3.c
         Sort Method: quicksort  Memory: 27kB
         Sort Groups: 30779
         ->  Sort  (cost=136537.84..139037.84 rows=1000000 width=20) (actual time=234.070..325.714 rows=1000000 loops=1)
               Sort Key: s_3.a, s_3.b, s_3.c
               Sort Method: external merge  Disk: 29360kB
               ->  Seq Scan on s_3  (cost=0.00..16370.00 rows=1000000 width=20) (actual time=0.011..53.762 rows=1000000 loops=1)
 Planning time: 0.221 ms
 Execution time: 586.979 ms
(12 rows)

===== 140 [Wed Mar  7 02:18:10 CET 2018] scale:1000000 groups:100 work_mem:32MB incremental:on max_workers:0 =====
SELECT * FROM (SELECT * FROM s_4 ORDER BY a, b, c, d) foo ORDER BY a, b, c, d, e
                                                           QUERY PLAN                                                            
---------------------------------------------------------------------------------------------------------------------------------
 Limit  (cost=195147.48..195147.48 rows=1 width=20) (actual time=492.191..492.191 rows=0 loops=1)
   ->  Incremental Sort  (cost=136538.13..185147.48 rows=1000000 width=20) (actual time=235.547..469.661 rows=1000000 loops=1)
         Sort Key: s_4.a, s_4.b, s_4.c, s_4.d, s_4.e
         Presorted Key: s_4.a, s_4.b, s_4.c, s_4.d
         Sort Method: quicksort  Memory: 27kB
         Sort Groups: 31246
         ->  Sort  (cost=136537.84..139037.84 rows=1000000 width=20) (actual time=235.493..328.188 rows=1000000 loops=1)
               Sort Key: s_4.a, s_4.b, s_4.c, s_4.d
               Sort Method: external merge  Disk: 29360kB
               ->  Seq Scan on s_4  (cost=0.00..16370.00 rows=1000000 width=20) (actual time=0.011..53.541 rows=1000000 loops=1)
 Planning time: 0.238 ms
 Execution time: 496.766 ms
(12 rows)

===== 141 [Wed Mar  7 02:18:12 CET 2018] scale:1000000 groups:100 work_mem:32MB incremental:off max_workers:0 =====
SELECT * FROM (SELECT * FROM s_1 ORDER BY a) foo ORDER BY a, b
                                                           QUERY PLAN                                                            
---------------------------------------------------------------------------------------------------------------------------------
 Limit  (cost=281705.69..281705.69 rows=1 width=20) (actual time=725.237..725.237 rows=0 loops=1)
   ->  Sort  (cost=269205.69..271705.69 rows=1000000 width=20) (actual time=626.542..703.397 rows=1000000 loops=1)
         Sort Key: s_1.a, s_1.b
         Sort Method: external merge  Disk: 29360kB
         ->  Sort  (cost=136537.84..139037.84 rows=1000000 width=20) (actual time=208.079..294.228 rows=1000000 loops=1)
               Sort Key: s_1.a
               Sort Method: external merge  Disk: 29360kB
               ->  Seq Scan on s_1  (cost=0.00..16370.00 rows=1000000 width=20) (actual time=0.004..53.575 rows=1000000 loops=1)
 Planning time: 0.209 ms
 Execution time: 733.194 ms
(10 rows)

===== 142 [Wed Mar  7 02:18:16 CET 2018] scale:1000000 groups:100 work_mem:32MB incremental:off max_workers:0 =====
SELECT * FROM (SELECT * FROM s_2 ORDER BY a, b) foo ORDER BY a, b, c
                                                           QUERY PLAN                                                            
---------------------------------------------------------------------------------------------------------------------------------
 Limit  (cost=281705.69..281705.69 rows=1 width=20) (actual time=855.885..855.885 rows=0 loops=1)
   ->  Sort  (cost=269205.69..271705.69 rows=1000000 width=20) (actual time=757.402..834.078 rows=1000000 loops=1)
         Sort Key: s_2.a, s_2.b, s_2.c
         Sort Method: external merge  Disk: 29360kB
         ->  Sort  (cost=136537.84..139037.84 rows=1000000 width=20) (actual time=221.450..307.748 rows=1000000 loops=1)
               Sort Key: s_2.a, s_2.b
               Sort Method: external merge  Disk: 29360kB
               ->  Seq Scan on s_2  (cost=0.00..16370.00 rows=1000000 width=20) (actual time=0.010..53.623 rows=1000000 loops=1)
 Planning time: 0.210 ms
 Execution time: 863.821 ms
(10 rows)

===== 143 [Wed Mar  7 02:18:21 CET 2018] scale:1000000 groups:100 work_mem:32MB incremental:off max_workers:0 =====
SELECT * FROM (SELECT * FROM s_3 ORDER BY a, b, c) foo ORDER BY a, b, c, d
                                                           QUERY PLAN                                                            
---------------------------------------------------------------------------------------------------------------------------------
 Limit  (cost=281705.69..281705.69 rows=1 width=20) (actual time=842.806..842.806 rows=0 loops=1)
   ->  Sort  (cost=269205.69..271705.69 rows=1000000 width=20) (actual time=744.329..820.999 rows=1000000 loops=1)
         Sort Key: s_3.a, s_3.b, s_3.c, s_3.d
         Sort Method: external merge  Disk: 29360kB
         ->  Sort  (cost=136537.84..139037.84 rows=1000000 width=20) (actual time=232.019..318.266 rows=1000000 loops=1)
               Sort Key: s_3.a, s_3.b, s_3.c
               Sort Method: external merge  Disk: 29360kB
               ->  Seq Scan on s_3  (cost=0.00..16370.00 rows=1000000 width=20) (actual time=0.011..53.727 rows=1000000 loops=1)
 Planning time: 0.211 ms
 Execution time: 850.742 ms
(10 rows)

===== 144 [Wed Mar  7 02:18:25 CET 2018] scale:1000000 groups:100 work_mem:32MB incremental:off max_workers:0 =====
SELECT * FROM (SELECT * FROM s_4 ORDER BY a, b, c, d) foo ORDER BY a, b, c, d, e
                                                           QUERY PLAN                                                            
---------------------------------------------------------------------------------------------------------------------------------
 Limit  (cost=281705.69..281705.69 rows=1 width=20) (actual time=753.064..753.064 rows=0 loops=1)
   ->  Sort  (cost=269205.69..271705.69 rows=1000000 width=20) (actual time=653.781..731.214 rows=1000000 loops=1)
         Sort Key: s_4.a, s_4.b, s_4.c, s_4.d, s_4.e
         Sort Method: external merge  Disk: 29360kB
         ->  Sort  (cost=136537.84..139037.84 rows=1000000 width=20) (actual time=234.640..322.363 rows=1000000 loops=1)
               Sort Key: s_4.a, s_4.b, s_4.c, s_4.d
               Sort Method: external merge  Disk: 29360kB
               ->  Seq Scan on s_4  (cost=0.00..16370.00 rows=1000000 width=20) (actual time=0.011..53.776 rows=1000000 loops=1)
 Planning time: 0.228 ms
 Execution time: 760.982 ms
(10 rows)

===== 145 [Wed Mar  7 02:18:29 CET 2018] scale:1000000 groups:100 work_mem:64MB incremental:on max_workers:0 =====
SELECT * FROM (SELECT * FROM s_1 ORDER BY a) foo ORDER BY a, b
                                                           QUERY PLAN                                                            
---------------------------------------------------------------------------------------------------------------------------------
 Limit  (cost=222396.65..222396.65 rows=1 width=20) (actual time=592.514..592.514 rows=0 loops=1)
   ->  Incremental Sort  (cost=116808.70..212396.65 rows=1000000 width=20) (actual time=229.314..567.377 rows=1000000 loops=1)
         Sort Key: s_1.a, s_1.b
         Presorted Key: s_1.a
         Sort Method: quicksort  Memory: 1185kB
         Sort Groups: 101
         ->  Sort  (cost=116027.84..118527.84 rows=1000000 width=20) (actual time=227.791..311.504 rows=1000000 loops=1)
               Sort Key: s_1.a
               Sort Method: external merge  Disk: 29360kB
               ->  Seq Scan on s_1  (cost=0.00..16370.00 rows=1000000 width=20) (actual time=0.004..55.134 rows=1000000 loops=1)
 Planning time: 0.216 ms
 Execution time: 596.051 ms
(12 rows)

===== 146 [Wed Mar  7 02:18:32 CET 2018] scale:1000000 groups:100 work_mem:64MB incremental:on max_workers:0 =====
SELECT * FROM (SELECT * FROM s_2 ORDER BY a, b) foo ORDER BY a, b, c
                                                           QUERY PLAN                                                            
---------------------------------------------------------------------------------------------------------------------------------
 Limit  (cost=189307.59..189307.59 rows=1 width=20) (actual time=648.954..648.954 rows=0 loops=1)
   ->  Incremental Sort  (cost=116032.31..179307.59 rows=1000000 width=20) (actual time=242.015..623.402 rows=1000000 loops=1)
         Sort Key: s_2.a, s_2.b, s_2.c
         Presorted Key: s_2.a, s_2.b
         Sort Method: quicksort  Memory: 35kB
         Sort Groups: 10198
         ->  Sort  (cost=116027.84..118527.84 rows=1000000 width=20) (actual time=241.954..327.300 rows=1000000 loops=1)
               Sort Key: s_2.a, s_2.b
               Sort Method: external merge  Disk: 29360kB
               ->  Seq Scan on s_2  (cost=0.00..16370.00 rows=1000000 width=20) (actual time=0.010..55.384 rows=1000000 loops=1)
 Planning time: 0.211 ms
 Execution time: 652.441 ms
(12 rows)

===== 147 [Wed Mar  7 02:18:35 CET 2018] scale:1000000 groups:100 work_mem:64MB incremental:on max_workers:0 =====
SELECT * FROM (SELECT * FROM s_3 ORDER BY a, b, c) foo ORDER BY a, b, c, d
                                                           QUERY PLAN                                                            
---------------------------------------------------------------------------------------------------------------------------------
 Limit  (cost=174637.48..174637.48 rows=1 width=20) (actual time=593.025..593.025 rows=0 loops=1)
   ->  Incremental Sort  (cost=116028.13..164637.48 rows=1000000 width=20) (actual time=251.648..567.663 rows=1000000 loops=1)
         Sort Key: s_3.a, s_3.b, s_3.c, s_3.d
         Presorted Key: s_3.a, s_3.b, s_3.c
         Sort Method: quicksort  Memory: 27kB
         Sort Groups: 30779
         ->  Sort  (cost=116027.84..118527.84 rows=1000000 width=20) (actual time=251.599..336.986 rows=1000000 loops=1)
               Sort Key: s_3.a, s_3.b, s_3.c
               Sort Method: external merge  Disk: 29360kB
               ->  Seq Scan on s_3  (cost=0.00..16370.00 rows=1000000 width=20) (actual time=0.011..55.337 rows=1000000 loops=1)
 Planning time: 0.220 ms
 Execution time: 596.502 ms
(12 rows)

===== 148 [Wed Mar  7 02:18:38 CET 2018] scale:1000000 groups:100 work_mem:64MB incremental:on max_workers:0 =====
SELECT * FROM (SELECT * FROM s_4 ORDER BY a, b, c, d) foo ORDER BY a, b, c, d, e
                                                           QUERY PLAN                                                            
---------------------------------------------------------------------------------------------------------------------------------
 Limit  (cost=174637.48..174637.48 rows=1 width=20) (actual time=505.652..505.652 rows=0 loops=1)
   ->  Incremental Sort  (cost=116028.13..164637.48 rows=1000000 width=20) (actual time=253.900..483.046 rows=1000000 loops=1)
         Sort Key: s_4.a, s_4.b, s_4.c, s_4.d, s_4.e
         Presorted Key: s_4.a, s_4.b, s_4.c, s_4.d
         Sort Method: quicksort  Memory: 27kB
         Sort Groups: 31246
         ->  Sort  (cost=116027.84..118527.84 rows=1000000 width=20) (actual time=253.854..340.580 rows=1000000 loops=1)
               Sort Key: s_4.a, s_4.b, s_4.c, s_4.d
               Sort Method: external merge  Disk: 29360kB
               ->  Seq Scan on s_4  (cost=0.00..16370.00 rows=1000000 width=20) (actual time=0.011..55.409 rows=1000000 loops=1)
 Planning time: 0.233 ms
 Execution time: 509.136 ms
(12 rows)

===== 149 [Wed Mar  7 02:18:41 CET 2018] scale:1000000 groups:100 work_mem:64MB incremental:off max_workers:0 =====
SELECT * FROM (SELECT * FROM s_1 ORDER BY a) foo ORDER BY a, b
                                                           QUERY PLAN                                                            
---------------------------------------------------------------------------------------------------------------------------------
 Limit  (cost=240685.69..240685.69 rows=1 width=20) (actual time=749.877..749.877 rows=0 loops=1)
   ->  Sort  (cost=228185.69..230685.69 rows=1000000 width=20) (actual time=655.663..727.914 rows=1000000 loops=1)
         Sort Key: s_1.a, s_1.b
         Sort Method: external merge  Disk: 29360kB
         ->  Sort  (cost=116027.84..118527.84 rows=1000000 width=20) (actual time=226.974..309.695 rows=1000000 loops=1)
               Sort Key: s_1.a
               Sort Method: external merge  Disk: 29360kB
               ->  Seq Scan on s_1  (cost=0.00..16370.00 rows=1000000 width=20) (actual time=0.004..55.324 rows=1000000 loops=1)
 Planning time: 0.209 ms
 Execution time: 756.804 ms
(10 rows)

===== 150 [Wed Mar  7 02:18:45 CET 2018] scale:1000000 groups:100 work_mem:64MB incremental:off max_workers:0 =====
SELECT * FROM (SELECT * FROM s_2 ORDER BY a, b) foo ORDER BY a, b, c
                                                           QUERY PLAN                                                            
---------------------------------------------------------------------------------------------------------------------------------
 Limit  (cost=240685.69..240685.69 rows=1 width=20) (actual time=881.976..881.976 rows=0 loops=1)
   ->  Sort  (cost=228185.69..230685.69 rows=1000000 width=20) (actual time=787.734..860.017 rows=1000000 loops=1)
         Sort Key: s_2.a, s_2.b, s_2.c
         Sort Method: external merge  Disk: 29360kB
         ->  Sort  (cost=116027.84..118527.84 rows=1000000 width=20) (actual time=240.685..323.504 rows=1000000 loops=1)
               Sort Key: s_2.a, s_2.b
               Sort Method: external merge  Disk: 29360kB
               ->  Seq Scan on s_2  (cost=0.00..16370.00 rows=1000000 width=20) (actual time=0.010..55.371 rows=1000000 loops=1)
 Planning time: 0.215 ms
 Execution time: 888.895 ms
(10 rows)

===== 151 [Wed Mar  7 02:18:49 CET 2018] scale:1000000 groups:100 work_mem:64MB incremental:off max_workers:0 =====
SELECT * FROM (SELECT * FROM s_3 ORDER BY a, b, c) foo ORDER BY a, b, c, d
                                                           QUERY PLAN                                                            
---------------------------------------------------------------------------------------------------------------------------------
 Limit  (cost=240685.69..240685.69 rows=1 width=20) (actual time=868.391..868.391 rows=0 loops=1)
   ->  Sort  (cost=228185.69..230685.69 rows=1000000 width=20) (actual time=774.212..846.445 rows=1000000 loops=1)
         Sort Key: s_3.a, s_3.b, s_3.c, s_3.d
         Sort Method: external merge  Disk: 29360kB
         ->  Sort  (cost=116027.84..118527.84 rows=1000000 width=20) (actual time=250.907..333.702 rows=1000000 loops=1)
               Sort Key: s_3.a, s_3.b, s_3.c
               Sort Method: external merge  Disk: 29360kB
               ->  Seq Scan on s_3  (cost=0.00..16370.00 rows=1000000 width=20) (actual time=0.012..55.429 rows=1000000 loops=1)
 Planning time: 0.211 ms
 Execution time: 875.292 ms
(10 rows)

===== 152 [Wed Mar  7 02:18:54 CET 2018] scale:1000000 groups:100 work_mem:64MB incremental:off max_workers:0 =====
SELECT * FROM (SELECT * FROM s_4 ORDER BY a, b, c, d) foo ORDER BY a, b, c, d, e
                                                           QUERY PLAN                                                            
---------------------------------------------------------------------------------------------------------------------------------
 Limit  (cost=240685.69..240685.69 rows=1 width=20) (actual time=765.680..765.680 rows=0 loops=1)
   ->  Sort  (cost=228185.69..230685.69 rows=1000000 width=20) (actual time=671.571..743.822 rows=1000000 loops=1)
         Sort Key: s_4.a, s_4.b, s_4.c, s_4.d, s_4.e
         Sort Method: external merge  Disk: 29360kB
         ->  Sort  (cost=116027.84..118527.84 rows=1000000 width=20) (actual time=253.538..335.025 rows=1000000 loops=1)
               Sort Key: s_4.a, s_4.b, s_4.c, s_4.d
               Sort Method: external merge  Disk: 29360kB
               ->  Seq Scan on s_4  (cost=0.00..16370.00 rows=1000000 width=20) (actual time=0.010..55.529 rows=1000000 loops=1)
 Planning time: 0.221 ms
 Execution time: 772.594 ms
(10 rows)

===== 153 [Wed Mar  7 02:18:58 CET 2018] scale:1000000 groups:100 work_mem:128MB incremental:on max_workers:0 =====
SELECT * FROM (SELECT * FROM s_1 ORDER BY a) foo ORDER BY a, b
                                                           QUERY PLAN                                                            
---------------------------------------------------------------------------------------------------------------------------------
 Limit  (cost=222396.65..222396.65 rows=1 width=20) (actual time=504.441..504.441 rows=0 loops=1)
   ->  Incremental Sort  (cost=116808.70..212396.65 rows=1000000 width=20) (actual time=165.748..479.289 rows=1000000 loops=1)
         Sort Key: s_1.a, s_1.b
         Presorted Key: s_1.a
         Sort Method: quicksort  Memory: 1185kB
         Sort Groups: 101
         ->  Sort  (cost=116027.84..118527.84 rows=1000000 width=20) (actual time=164.302..201.118 rows=1000000 loops=1)
               Sort Key: s_1.a
               Sort Method: quicksort  Memory: 102702kB
               ->  Seq Scan on s_1  (cost=0.00..16370.00 rows=1000000 width=20) (actual time=0.004..55.411 rows=1000000 loops=1)
 Planning time: 0.216 ms
 Execution time: 508.837 ms
(12 rows)

===== 154 [Wed Mar  7 02:19:00 CET 2018] scale:1000000 groups:100 work_mem:128MB incremental:on max_workers:0 =====
SELECT * FROM (SELECT * FROM s_2 ORDER BY a, b) foo ORDER BY a, b, c
                                                           QUERY PLAN                                                            
---------------------------------------------------------------------------------------------------------------------------------
 Limit  (cost=189307.59..189307.59 rows=1 width=20) (actual time=539.763..539.763 rows=0 loops=1)
   ->  Incremental Sort  (cost=116032.31..179307.59 rows=1000000 width=20) (actual time=177.695..514.149 rows=1000000 loops=1)
         Sort Key: s_2.a, s_2.b, s_2.c
         Presorted Key: s_2.a, s_2.b
         Sort Method: quicksort  Memory: 35kB
         Sort Groups: 10198
         ->  Sort  (cost=116027.84..118527.84 rows=1000000 width=20) (actual time=177.634..215.424 rows=1000000 loops=1)
               Sort Key: s_2.a, s_2.b
               Sort Method: quicksort  Memory: 102702kB
               ->  Seq Scan on s_2  (cost=0.00..16370.00 rows=1000000 width=20) (actual time=0.010..55.751 rows=1000000 loops=1)
 Planning time: 0.215 ms
 Execution time: 544.120 ms
(12 rows)

===== 155 [Wed Mar  7 02:19:03 CET 2018] scale:1000000 groups:100 work_mem:128MB incremental:on max_workers:0 =====
SELECT * FROM (SELECT * FROM s_3 ORDER BY a, b, c) foo ORDER BY a, b, c, d
                                                           QUERY PLAN                                                            
---------------------------------------------------------------------------------------------------------------------------------
 Limit  (cost=174637.48..174637.48 rows=1 width=20) (actual time=495.276..495.276 rows=0 loops=1)
   ->  Incremental Sort  (cost=116028.13..164637.48 rows=1000000 width=20) (actual time=187.945..470.038 rows=1000000 loops=1)
         Sort Key: s_3.a, s_3.b, s_3.c, s_3.d
         Presorted Key: s_3.a, s_3.b, s_3.c
         Sort Method: quicksort  Memory: 27kB
         Sort Groups: 30779
         ->  Sort  (cost=116027.84..118527.84 rows=1000000 width=20) (actual time=187.899..228.725 rows=1000000 loops=1)
               Sort Key: s_3.a, s_3.b, s_3.c
               Sort Method: quicksort  Memory: 102702kB
               ->  Seq Scan on s_3  (cost=0.00..16370.00 rows=1000000 width=20) (actual time=0.011..55.684 rows=1000000 loops=1)
 Planning time: 0.228 ms
 Execution time: 499.634 ms
(12 rows)

===== 156 [Wed Mar  7 02:19:05 CET 2018] scale:1000000 groups:100 work_mem:128MB incremental:on max_workers:0 =====
SELECT * FROM (SELECT * FROM s_4 ORDER BY a, b, c, d) foo ORDER BY a, b, c, d, e
                                                           QUERY PLAN                                                            
---------------------------------------------------------------------------------------------------------------------------------
 Limit  (cost=174637.48..174637.48 rows=1 width=20) (actual time=415.422..415.422 rows=0 loops=1)
   ->  Incremental Sort  (cost=116028.13..164637.48 rows=1000000 width=20) (actual time=190.522..393.019 rows=1000000 loops=1)
         Sort Key: s_4.a, s_4.b, s_4.c, s_4.d, s_4.e
         Presorted Key: s_4.a, s_4.b, s_4.c, s_4.d
         Sort Method: quicksort  Memory: 27kB
         Sort Groups: 31246
         ->  Sort  (cost=116027.84..118527.84 rows=1000000 width=20) (actual time=190.477..232.464 rows=1000000 loops=1)
               Sort Key: s_4.a, s_4.b, s_4.c, s_4.d
               Sort Method: quicksort  Memory: 102702kB
               ->  Seq Scan on s_4  (cost=0.00..16370.00 rows=1000000 width=20) (actual time=0.010..55.614 rows=1000000 loops=1)
 Planning time: 0.228 ms
 Execution time: 419.810 ms
(12 rows)

===== 157 [Wed Mar  7 02:19:07 CET 2018] scale:1000000 groups:100 work_mem:128MB incremental:off max_workers:0 =====
SELECT * FROM (SELECT * FROM s_1 ORDER BY a) foo ORDER BY a, b
                                                           QUERY PLAN                                                            
---------------------------------------------------------------------------------------------------------------------------------
 Limit  (cost=240685.69..240685.69 rows=1 width=20) (actual time=589.315..589.315 rows=0 loops=1)
   ->  Sort  (cost=228185.69..230685.69 rows=1000000 width=20) (actual time=472.458..567.644 rows=1000000 loops=1)
         Sort Key: s_1.a, s_1.b
         Sort Method: quicksort  Memory: 102702kB
         ->  Sort  (cost=116027.84..118527.84 rows=1000000 width=20) (actual time=163.714..201.098 rows=1000000 loops=1)
               Sort Key: s_1.a
               Sort Method: quicksort  Memory: 102702kB
               ->  Seq Scan on s_1  (cost=0.00..16370.00 rows=1000000 width=20) (actual time=0.004..55.660 rows=1000000 loops=1)
 Planning time: 0.214 ms
 Execution time: 597.486 ms
(10 rows)

===== 158 [Wed Mar  7 02:19:10 CET 2018] scale:1000000 groups:100 work_mem:128MB incremental:off max_workers:0 =====
SELECT * FROM (SELECT * FROM s_2 ORDER BY a, b) foo ORDER BY a, b, c
                                                           QUERY PLAN                                                            
---------------------------------------------------------------------------------------------------------------------------------
 Limit  (cost=240685.69..240685.69 rows=1 width=20) (actual time=708.520..708.520 rows=0 loops=1)
   ->  Sort  (cost=228185.69..230685.69 rows=1000000 width=20) (actual time=631.224..686.902 rows=1000000 loops=1)
         Sort Key: s_2.a, s_2.b, s_2.c
         Sort Method: quicksort  Memory: 102702kB
         ->  Sort  (cost=116027.84..118527.84 rows=1000000 width=20) (actual time=176.513..213.916 rows=1000000 loops=1)
               Sort Key: s_2.a, s_2.b
               Sort Method: quicksort  Memory: 102702kB
               ->  Seq Scan on s_2  (cost=0.00..16370.00 rows=1000000 width=20) (actual time=0.010..55.681 rows=1000000 loops=1)
 Planning time: 0.222 ms
 Execution time: 716.644 ms
(10 rows)

===== 159 [Wed Mar  7 02:19:14 CET 2018] scale:1000000 groups:100 work_mem:128MB incremental:off max_workers:0 =====
SELECT * FROM (SELECT * FROM s_3 ORDER BY a, b, c) foo ORDER BY a, b, c, d
                                                           QUERY PLAN                                                            
---------------------------------------------------------------------------------------------------------------------------------
 Limit  (cost=240685.69..240685.69 rows=1 width=20) (actual time=687.661..687.661 rows=0 loops=1)
   ->  Sort  (cost=228185.69..230685.69 rows=1000000 width=20) (actual time=631.197..665.925 rows=1000000 loops=1)
         Sort Key: s_3.a, s_3.b, s_3.c, s_3.d
         Sort Method: quicksort  Memory: 102702kB
         ->  Sort  (cost=116027.84..118527.84 rows=1000000 width=20) (actual time=187.822..225.135 rows=1000000 loops=1)
               Sort Key: s_3.a, s_3.b, s_3.c
               Sort Method: quicksort  Memory: 102702kB
               ->  Seq Scan on s_3  (cost=0.00..16370.00 rows=1000000 width=20) (actual time=0.011..55.739 rows=1000000 loops=1)
 Planning time: 0.214 ms
 Execution time: 695.831 ms
(10 rows)

===== 160 [Wed Mar  7 02:19:18 CET 2018] scale:1000000 groups:100 work_mem:128MB incremental:off max_workers:0 =====
SELECT * FROM (SELECT * FROM s_4 ORDER BY a, b, c, d) foo ORDER BY a, b, c, d, e
                                                           QUERY PLAN                                                            
---------------------------------------------------------------------------------------------------------------------------------
 Limit  (cost=240685.69..240685.69 rows=1 width=20) (actual time=593.398..593.398 rows=0 loops=1)
   ->  Sort  (cost=228185.69..230685.69 rows=1000000 width=20) (actual time=538.351..571.548 rows=1000000 loops=1)
         Sort Key: s_4.a, s_4.b, s_4.c, s_4.d, s_4.e
         Sort Method: quicksort  Memory: 102702kB
         ->  Sort  (cost=116027.84..118527.84 rows=1000000 width=20) (actual time=190.436..227.867 rows=1000000 loops=1)
               Sort Key: s_4.a, s_4.b, s_4.c, s_4.d
               Sort Method: quicksort  Memory: 102702kB
               ->  Seq Scan on s_4  (cost=0.00..16370.00 rows=1000000 width=20) (actual time=0.011..55.859 rows=1000000 loops=1)
 Planning time: 0.222 ms
 Execution time: 601.523 ms
(10 rows)

===== 161 [Wed Mar  7 02:19:21 CET 2018] scale:1000000 groups:100 work_mem:256MB incremental:on max_workers:0 =====
SELECT * FROM (SELECT * FROM s_1 ORDER BY a) foo ORDER BY a, b
                                                           QUERY PLAN                                                            
---------------------------------------------------------------------------------------------------------------------------------
 Limit  (cost=222396.65..222396.65 rows=1 width=20) (actual time=504.566..504.566 rows=0 loops=1)
   ->  Incremental Sort  (cost=116808.70..212396.65 rows=1000000 width=20) (actual time=165.538..479.405 rows=1000000 loops=1)
         Sort Key: s_1.a, s_1.b
         Presorted Key: s_1.a
         Sort Method: quicksort  Memory: 1185kB
         Sort Groups: 101
         ->  Sort  (cost=116027.84..118527.84 rows=1000000 width=20) (actual time=164.101..200.914 rows=1000000 loops=1)
               Sort Key: s_1.a
               Sort Method: quicksort  Memory: 102702kB
               ->  Seq Scan on s_1  (cost=0.00..16370.00 rows=1000000 width=20) (actual time=0.004..55.386 rows=1000000 loops=1)
 Planning time: 0.211 ms
 Execution time: 508.962 ms
(12 rows)

===== 162 [Wed Mar  7 02:19:23 CET 2018] scale:1000000 groups:100 work_mem:256MB incremental:on max_workers:0 =====
SELECT * FROM (SELECT * FROM s_2 ORDER BY a, b) foo ORDER BY a, b, c
                                                           QUERY PLAN                                                            
---------------------------------------------------------------------------------------------------------------------------------
 Limit  (cost=189307.59..189307.59 rows=1 width=20) (actual time=539.835..539.835 rows=0 loops=1)
   ->  Incremental Sort  (cost=116032.31..179307.59 rows=1000000 width=20) (actual time=177.693..514.222 rows=1000000 loops=1)
         Sort Key: s_2.a, s_2.b, s_2.c
         Presorted Key: s_2.a, s_2.b
         Sort Method: quicksort  Memory: 35kB
         Sort Groups: 10198
         ->  Sort  (cost=116027.84..118527.84 rows=1000000 width=20) (actual time=177.634..215.437 rows=1000000 loops=1)
               Sort Key: s_2.a, s_2.b
               Sort Method: quicksort  Memory: 102702kB
               ->  Seq Scan on s_2  (cost=0.00..16370.00 rows=1000000 width=20) (actual time=0.010..55.775 rows=1000000 loops=1)
 Planning time: 0.216 ms
 Execution time: 544.189 ms
(12 rows)

===== 163 [Wed Mar  7 02:19:26 CET 2018] scale:1000000 groups:100 work_mem:256MB incremental:on max_workers:0 =====
SELECT * FROM (SELECT * FROM s_3 ORDER BY a, b, c) foo ORDER BY a, b, c, d
                                                           QUERY PLAN                                                            
---------------------------------------------------------------------------------------------------------------------------------
 Limit  (cost=174637.48..174637.48 rows=1 width=20) (actual time=494.879..494.879 rows=0 loops=1)
   ->  Incremental Sort  (cost=116028.13..164637.48 rows=1000000 width=20) (actual time=187.549..469.649 rows=1000000 loops=1)
         Sort Key: s_3.a, s_3.b, s_3.c, s_3.d
         Presorted Key: s_3.a, s_3.b, s_3.c
         Sort Method: quicksort  Memory: 27kB
         Sort Groups: 30779
         ->  Sort  (cost=116027.84..118527.84 rows=1000000 width=20) (actual time=187.502..228.318 rows=1000000 loops=1)
               Sort Key: s_3.a, s_3.b, s_3.c
               Sort Method: quicksort  Memory: 102702kB
               ->  Seq Scan on s_3  (cost=0.00..16370.00 rows=1000000 width=20) (actual time=0.011..55.678 rows=1000000 loops=1)
 Planning time: 0.221 ms
 Execution time: 499.232 ms
(12 rows)

===== 164 [Wed Mar  7 02:19:28 CET 2018] scale:1000000 groups:100 work_mem:256MB incremental:on max_workers:0 =====
SELECT * FROM (SELECT * FROM s_4 ORDER BY a, b, c, d) foo ORDER BY a, b, c, d, e
                                                           QUERY PLAN                                                            
---------------------------------------------------------------------------------------------------------------------------------
 Limit  (cost=174637.48..174637.48 rows=1 width=20) (actual time=415.013..415.013 rows=0 loops=1)
   ->  Incremental Sort  (cost=116028.13..164637.48 rows=1000000 width=20) (actual time=190.218..392.613 rows=1000000 loops=1)
         Sort Key: s_4.a, s_4.b, s_4.c, s_4.d, s_4.e
         Presorted Key: s_4.a, s_4.b, s_4.c, s_4.d
         Sort Method: quicksort  Memory: 27kB
         Sort Groups: 31246
         ->  Sort  (cost=116027.84..118527.84 rows=1000000 width=20) (actual time=190.176..232.145 rows=1000000 loops=1)
               Sort Key: s_4.a, s_4.b, s_4.c, s_4.d
               Sort Method: quicksort  Memory: 102702kB
               ->  Seq Scan on s_4  (cost=0.00..16370.00 rows=1000000 width=20) (actual time=0.011..55.590 rows=1000000 loops=1)
 Planning time: 0.231 ms
 Execution time: 419.386 ms
(12 rows)

===== 165 [Wed Mar  7 02:19:30 CET 2018] scale:1000000 groups:100 work_mem:256MB incremental:off max_workers:0 =====
SELECT * FROM (SELECT * FROM s_1 ORDER BY a) foo ORDER BY a, b
                                                           QUERY PLAN                                                            
---------------------------------------------------------------------------------------------------------------------------------
 Limit  (cost=240685.69..240685.69 rows=1 width=20) (actual time=588.172..588.172 rows=0 loops=1)
   ->  Sort  (cost=228185.69..230685.69 rows=1000000 width=20) (actual time=471.815..566.487 rows=1000000 loops=1)
         Sort Key: s_1.a, s_1.b
         Sort Method: quicksort  Memory: 102702kB
         ->  Sort  (cost=116027.84..118527.84 rows=1000000 width=20) (actual time=163.311..200.725 rows=1000000 loops=1)
               Sort Key: s_1.a
               Sort Method: quicksort  Memory: 102702kB
               ->  Seq Scan on s_1  (cost=0.00..16370.00 rows=1000000 width=20) (actual time=0.004..55.589 rows=1000000 loops=1)
 Planning time: 0.210 ms
 Execution time: 596.307 ms
(10 rows)

===== 166 [Wed Mar  7 02:19:33 CET 2018] scale:1000000 groups:100 work_mem:256MB incremental:off max_workers:0 =====
SELECT * FROM (SELECT * FROM s_2 ORDER BY a, b) foo ORDER BY a, b, c
                                                           QUERY PLAN                                                            
---------------------------------------------------------------------------------------------------------------------------------
 Limit  (cost=240685.69..240685.69 rows=1 width=20) (actual time=708.638..708.638 rows=0 loops=1)
   ->  Sort  (cost=228185.69..230685.69 rows=1000000 width=20) (actual time=631.335..687.008 rows=1000000 loops=1)
         Sort Key: s_2.a, s_2.b, s_2.c
         Sort Method: quicksort  Memory: 102702kB
         ->  Sort  (cost=116027.84..118527.84 rows=1000000 width=20) (actual time=176.758..214.039 rows=1000000 loops=1)
               Sort Key: s_2.a, s_2.b
               Sort Method: quicksort  Memory: 102702kB
               ->  Seq Scan on s_2  (cost=0.00..16370.00 rows=1000000 width=20) (actual time=0.010..55.627 rows=1000000 loops=1)
 Planning time: 0.215 ms
 Execution time: 716.766 ms
(10 rows)

===== 167 [Wed Mar  7 02:19:36 CET 2018] scale:1000000 groups:100 work_mem:256MB incremental:off max_workers:0 =====
SELECT * FROM (SELECT * FROM s_3 ORDER BY a, b, c) foo ORDER BY a, b, c, d
                                                           QUERY PLAN                                                            
---------------------------------------------------------------------------------------------------------------------------------
 Limit  (cost=240685.69..240685.69 rows=1 width=20) (actual time=687.963..687.963 rows=0 loops=1)
   ->  Sort  (cost=228185.69..230685.69 rows=1000000 width=20) (actual time=631.484..666.178 rows=1000000 loops=1)
         Sort Key: s_3.a, s_3.b, s_3.c, s_3.d
         Sort Method: quicksort  Memory: 102702kB
         ->  Sort  (cost=116027.84..118527.84 rows=1000000 width=20) (actual time=187.864..225.295 rows=1000000 loops=1)
               Sort Key: s_3.a, s_3.b, s_3.c
               Sort Method: quicksort  Memory: 102702kB
               ->  Seq Scan on s_3  (cost=0.00..16370.00 rows=1000000 width=20) (actual time=0.011..55.745 rows=1000000 loops=1)
 Planning time: 0.210 ms
 Execution time: 696.126 ms
(10 rows)

===== 168 [Wed Mar  7 02:19:40 CET 2018] scale:1000000 groups:100 work_mem:256MB incremental:off max_workers:0 =====
SELECT * FROM (SELECT * FROM s_4 ORDER BY a, b, c, d) foo ORDER BY a, b, c, d, e
                                                           QUERY PLAN                                                            
---------------------------------------------------------------------------------------------------------------------------------
 Limit  (cost=240685.69..240685.69 rows=1 width=20) (actual time=592.821..592.821 rows=0 loops=1)
   ->  Sort  (cost=228185.69..230685.69 rows=1000000 width=20) (actual time=537.786..570.976 rows=1000000 loops=1)
         Sort Key: s_4.a, s_4.b, s_4.c, s_4.d, s_4.e
         Sort Method: quicksort  Memory: 102702kB
         ->  Sort  (cost=116027.84..118527.84 rows=1000000 width=20) (actual time=190.329..227.677 rows=1000000 loops=1)
               Sort Key: s_4.a, s_4.b, s_4.c, s_4.d
               Sort Method: quicksort  Memory: 102702kB
               ->  Seq Scan on s_4  (cost=0.00..16370.00 rows=1000000 width=20) (actual time=0.011..55.903 rows=1000000 loops=1)
 Planning time: 0.217 ms
 Execution time: 600.949 ms
(10 rows)

===== 169 [Wed Mar  7 02:19:43 CET 2018] scale:1000000 groups:100 work_mem:4MB incremental:on max_workers:2 =====
SELECT * FROM (SELECT * FROM s_1 ORDER BY a) foo ORDER BY a, b
                                                           QUERY PLAN                                                            
---------------------------------------------------------------------------------------------------------------------------------
 Limit  (cost=242906.65..242906.65 rows=1 width=20) (actual time=584.833..584.833 rows=0 loops=1)
   ->  Incremental Sort  (cost=137318.70..232906.65 rows=1000000 width=20) (actual time=216.418..559.672 rows=1000000 loops=1)
         Sort Key: s_1.a, s_1.b
         Presorted Key: s_1.a
         Sort Method: quicksort  Memory: 1185kB
         Sort Groups: 101
         ->  Sort  (cost=136537.84..139037.84 rows=1000000 width=20) (actual time=214.798..309.110 rows=1000000 loops=1)
               Sort Key: s_1.a
               Sort Method: external merge  Disk: 29360kB
               ->  Seq Scan on s_1  (cost=0.00..16370.00 rows=1000000 width=20) (actual time=0.004..51.290 rows=1000000 loops=1)
 Planning time: 0.225 ms
 Execution time: 588.560 ms
(12 rows)

===== 170 [Wed Mar  7 02:19:46 CET 2018] scale:1000000 groups:100 work_mem:4MB incremental:on max_workers:2 =====
SELECT * FROM (SELECT * FROM s_2 ORDER BY a, b) foo ORDER BY a, b, c
                                                           QUERY PLAN                                                            
---------------------------------------------------------------------------------------------------------------------------------
 Limit  (cost=209817.59..209817.59 rows=1 width=20) (actual time=642.094..642.094 rows=0 loops=1)
   ->  Incremental Sort  (cost=136542.31..199817.59 rows=1000000 width=20) (actual time=227.085..616.531 rows=1000000 loops=1)
         Sort Key: s_2.a, s_2.b, s_2.c
         Presorted Key: s_2.a, s_2.b
         Sort Method: quicksort  Memory: 35kB
         Sort Groups: 10198
         ->  Sort  (cost=136537.84..139037.84 rows=1000000 width=20) (actual time=227.026..323.929 rows=1000000 loops=1)
               Sort Key: s_2.a, s_2.b
               Sort Method: external merge  Disk: 29360kB
               ->  Seq Scan on s_2  (cost=0.00..16370.00 rows=1000000 width=20) (actual time=0.010..51.261 rows=1000000 loops=1)
 Planning time: 0.221 ms
 Execution time: 645.770 ms
(12 rows)

===== 171 [Wed Mar  7 02:19:49 CET 2018] scale:1000000 groups:100 work_mem:4MB incremental:on max_workers:2 =====
SELECT * FROM (SELECT * FROM s_3 ORDER BY a, b, c) foo ORDER BY a, b, c, d
                                                           QUERY PLAN                                                            
---------------------------------------------------------------------------------------------------------------------------------
 Limit  (cost=195147.48..195147.48 rows=1 width=20) (actual time=583.125..583.125 rows=0 loops=1)
   ->  Incremental Sort  (cost=136538.13..185147.48 rows=1000000 width=20) (actual time=237.509..560.537 rows=1000000 loops=1)
         Sort Key: s_3.a, s_3.b, s_3.c, s_3.d
         Presorted Key: s_3.a, s_3.b, s_3.c
         Sort Method: quicksort  Memory: 27kB
         Sort Groups: 30779
         ->  Sort  (cost=136537.84..139037.84 rows=1000000 width=20) (actual time=237.462..336.625 rows=1000000 loops=1)
               Sort Key: s_3.a, s_3.b, s_3.c
               Sort Method: external merge  Disk: 29360kB
               ->  Seq Scan on s_3  (cost=0.00..16370.00 rows=1000000 width=20) (actual time=0.011..51.361 rows=1000000 loops=1)
 Planning time: 0.233 ms
 Execution time: 586.804 ms
(12 rows)

===== 172 [Wed Mar  7 02:19:52 CET 2018] scale:1000000 groups:100 work_mem:4MB incremental:on max_workers:2 =====
SELECT * FROM (SELECT * FROM s_4 ORDER BY a, b, c, d) foo ORDER BY a, b, c, d, e
                                                           QUERY PLAN                                                            
---------------------------------------------------------------------------------------------------------------------------------
 Limit  (cost=195147.48..195147.48 rows=1 width=20) (actual time=500.875..500.875 rows=0 loops=1)
   ->  Incremental Sort  (cost=136538.13..185147.48 rows=1000000 width=20) (actual time=240.172..478.277 rows=1000000 loops=1)
         Sort Key: s_4.a, s_4.b, s_4.c, s_4.d, s_4.e
         Presorted Key: s_4.a, s_4.b, s_4.c, s_4.d
         Sort Method: quicksort  Memory: 27kB
         Sort Groups: 31246
         ->  Sort  (cost=136537.84..139037.84 rows=1000000 width=20) (actual time=240.126..339.512 rows=1000000 loops=1)
               Sort Key: s_4.a, s_4.b, s_4.c, s_4.d
               Sort Method: external merge  Disk: 29360kB
               ->  Seq Scan on s_4  (cost=0.00..16370.00 rows=1000000 width=20) (actual time=0.010..51.443 rows=1000000 loops=1)
 Planning time: 0.234 ms
 Execution time: 504.531 ms
(12 rows)

===== 173 [Wed Mar  7 02:19:54 CET 2018] scale:1000000 groups:100 work_mem:4MB incremental:off max_workers:2 =====
SELECT * FROM (SELECT * FROM s_1 ORDER BY a) foo ORDER BY a, b
                                                           QUERY PLAN                                                            
---------------------------------------------------------------------------------------------------------------------------------
 Limit  (cost=281705.69..281705.69 rows=1 width=20) (actual time=714.794..714.794 rows=0 loops=1)
   ->  Sort  (cost=269205.69..271705.69 rows=1000000 width=20) (actual time=608.440..692.824 rows=1000000 loops=1)
         Sort Key: s_1.a, s_1.b
         Sort Method: external merge  Disk: 29360kB
         ->  Sort  (cost=136537.84..139037.84 rows=1000000 width=20) (actual time=213.586..310.649 rows=1000000 loops=1)
               Sort Key: s_1.a
               Sort Method: external merge  Disk: 29360kB
               ->  Seq Scan on s_1  (cost=0.00..16370.00 rows=1000000 width=20) (actual time=0.004..51.178 rows=1000000 loops=1)
 Planning time: 0.234 ms
 Execution time: 721.933 ms
(10 rows)

===== 174 [Wed Mar  7 02:19:58 CET 2018] scale:1000000 groups:100 work_mem:4MB incremental:off max_workers:2 =====
SELECT * FROM (SELECT * FROM s_2 ORDER BY a, b) foo ORDER BY a, b, c
                                                           QUERY PLAN                                                            
---------------------------------------------------------------------------------------------------------------------------------
 Limit  (cost=281705.69..281705.69 rows=1 width=20) (actual time=863.847..863.847 rows=0 loops=1)
   ->  Sort  (cost=269205.69..271705.69 rows=1000000 width=20) (actual time=758.514..841.938 rows=1000000 loops=1)
         Sort Key: s_2.a, s_2.b, s_2.c
         Sort Method: external merge  Disk: 29360kB
         ->  Sort  (cost=136537.84..139037.84 rows=1000000 width=20) (actual time=226.468..324.054 rows=1000000 loops=1)
               Sort Key: s_2.a, s_2.b
               Sort Method: external merge  Disk: 29360kB
               ->  Seq Scan on s_2  (cost=0.00..16370.00 rows=1000000 width=20) (actual time=0.010..51.295 rows=1000000 loops=1)
 Planning time: 0.216 ms
 Execution time: 870.961 ms
(10 rows)

===== 175 [Wed Mar  7 02:20:03 CET 2018] scale:1000000 groups:100 work_mem:4MB incremental:off max_workers:2 =====
SELECT * FROM (SELECT * FROM s_3 ORDER BY a, b, c) foo ORDER BY a, b, c, d
                                                           QUERY PLAN                                                            
---------------------------------------------------------------------------------------------------------------------------------
 Limit  (cost=281705.69..281705.69 rows=1 width=20) (actual time=856.603..856.603 rows=0 loops=1)
   ->  Sort  (cost=269205.69..271705.69 rows=1000000 width=20) (actual time=751.423..834.711 rows=1000000 loops=1)
         Sort Key: s_3.a, s_3.b, s_3.c, s_3.d
         Sort Method: external merge  Disk: 29360kB
         ->  Sort  (cost=136537.84..139037.84 rows=1000000 width=20) (actual time=237.523..331.345 rows=1000000 loops=1)
               Sort Key: s_3.a, s_3.b, s_3.c
               Sort Method: external merge  Disk: 29360kB
               ->  Seq Scan on s_3  (cost=0.00..16370.00 rows=1000000 width=20) (actual time=0.012..51.497 rows=1000000 loops=1)
 Planning time: 0.222 ms
 Execution time: 863.727 ms
(10 rows)

===== 176 [Wed Mar  7 02:20:07 CET 2018] scale:1000000 groups:100 work_mem:4MB incremental:off max_workers:2 =====
SELECT * FROM (SELECT * FROM s_4 ORDER BY a, b, c, d) foo ORDER BY a, b, c, d, e
                                                           QUERY PLAN                                                            
---------------------------------------------------------------------------------------------------------------------------------
 Limit  (cost=281705.69..281705.69 rows=1 width=20) (actual time=760.936..760.936 rows=0 loops=1)
   ->  Sort  (cost=269205.69..271705.69 rows=1000000 width=20) (actual time=655.819..739.056 rows=1000000 loops=1)
         Sort Key: s_4.a, s_4.b, s_4.c, s_4.d, s_4.e
         Sort Method: external merge  Disk: 29360kB
         ->  Sort  (cost=136537.84..139037.84 rows=1000000 width=20) (actual time=240.074..333.943 rows=1000000 loops=1)
               Sort Key: s_4.a, s_4.b, s_4.c, s_4.d
               Sort Method: external merge  Disk: 29360kB
               ->  Seq Scan on s_4  (cost=0.00..16370.00 rows=1000000 width=20) (actual time=0.011..51.491 rows=1000000 loops=1)
 Planning time: 0.235 ms
 Execution time: 768.083 ms
(10 rows)

===== 177 [Wed Mar  7 02:20:11 CET 2018] scale:1000000 groups:100 work_mem:8MB incremental:on max_workers:2 =====
SELECT * FROM (SELECT * FROM s_1 ORDER BY a) foo ORDER BY a, b
                                                           QUERY PLAN                                                            
---------------------------------------------------------------------------------------------------------------------------------
 Limit  (cost=242906.65..242906.65 rows=1 width=20) (actual time=537.668..537.668 rows=0 loops=1)
   ->  Incremental Sort  (cost=137318.70..232906.65 rows=1000000 width=20) (actual time=187.328..516.219 rows=1000000 loops=1)
         Sort Key: s_1.a, s_1.b
         Presorted Key: s_1.a
         Sort Method: quicksort  Memory: 1185kB
         Sort Groups: 101
         ->  Sort  (cost=136537.84..139037.84 rows=1000000 width=20) (actual time=185.607..276.634 rows=1000000 loops=1)
               Sort Key: s_1.a
               Sort Method: external merge  Disk: 29360kB
               ->  Seq Scan on s_1  (cost=0.00..16370.00 rows=1000000 width=20) (actual time=0.004..51.575 rows=1000000 loops=1)
 Planning time: 0.224 ms
 Execution time: 541.169 ms
(12 rows)

===== 178 [Wed Mar  7 02:20:14 CET 2018] scale:1000000 groups:100 work_mem:8MB incremental:on max_workers:2 =====
SELECT * FROM (SELECT * FROM s_2 ORDER BY a, b) foo ORDER BY a, b, c
                                                           QUERY PLAN                                                            
---------------------------------------------------------------------------------------------------------------------------------
 Limit  (cost=209817.59..209817.59 rows=1 width=20) (actual time=596.691..596.691 rows=0 loops=1)
   ->  Incremental Sort  (cost=136542.31..199817.59 rows=1000000 width=20) (actual time=198.551..574.881 rows=1000000 loops=1)
         Sort Key: s_2.a, s_2.b, s_2.c
         Presorted Key: s_2.a, s_2.b
         Sort Method: quicksort  Memory: 35kB
         Sort Groups: 10198
         ->  Sort  (cost=136537.84..139037.84 rows=1000000 width=20) (actual time=198.491..292.428 rows=1000000 loops=1)
               Sort Key: s_2.a, s_2.b
               Sort Method: external merge  Disk: 29360kB
               ->  Seq Scan on s_2  (cost=0.00..16370.00 rows=1000000 width=20) (actual time=0.010..51.883 rows=1000000 loops=1)
 Planning time: 0.223 ms
 Execution time: 600.521 ms
(12 rows)

===== 179 [Wed Mar  7 02:20:17 CET 2018] scale:1000000 groups:100 work_mem:8MB incremental:on max_workers:2 =====
SELECT * FROM (SELECT * FROM s_3 ORDER BY a, b, c) foo ORDER BY a, b, c, d
                                                           QUERY PLAN                                                            
---------------------------------------------------------------------------------------------------------------------------------
 Limit  (cost=195147.48..195147.48 rows=1 width=20) (actual time=549.429..549.429 rows=0 loops=1)
   ->  Incremental Sort  (cost=136538.13..185147.48 rows=1000000 width=20) (actual time=209.084..527.499 rows=1000000 loops=1)
         Sort Key: s_3.a, s_3.b, s_3.c, s_3.d
         Presorted Key: s_3.a, s_3.b, s_3.c
         Sort Method: quicksort  Memory: 27kB
         Sort Groups: 30779
         ->  Sort  (cost=136537.84..139037.84 rows=1000000 width=20) (actual time=209.032..305.668 rows=1000000 loops=1)
               Sort Key: s_3.a, s_3.b, s_3.c
               Sort Method: external merge  Disk: 29360kB
               ->  Seq Scan on s_3  (cost=0.00..16370.00 rows=1000000 width=20) (actual time=0.011..51.689 rows=1000000 loops=1)
 Planning time: 0.230 ms
 Execution time: 553.282 ms
(12 rows)

===== 180 [Wed Mar  7 02:20:20 CET 2018] scale:1000000 groups:100 work_mem:8MB incremental:on max_workers:2 =====
SELECT * FROM (SELECT * FROM s_4 ORDER BY a, b, c, d) foo ORDER BY a, b, c, d, e
                                                           QUERY PLAN                                                            
---------------------------------------------------------------------------------------------------------------------------------
 Limit  (cost=195147.48..195147.48 rows=1 width=20) (actual time=466.330..466.330 rows=0 loops=1)
   ->  Incremental Sort  (cost=136538.13..185147.48 rows=1000000 width=20) (actual time=211.266..444.339 rows=1000000 loops=1)
         Sort Key: s_4.a, s_4.b, s_4.c, s_4.d, s_4.e
         Presorted Key: s_4.a, s_4.b, s_4.c, s_4.d
         Sort Method: quicksort  Memory: 27kB
         Sort Groups: 31246
         ->  Sort  (cost=136537.84..139037.84 rows=1000000 width=20) (actual time=211.219..308.305 rows=1000000 loops=1)
               Sort Key: s_4.a, s_4.b, s_4.c, s_4.d
               Sort Method: external merge  Disk: 29360kB
               ->  Seq Scan on s_4  (cost=0.00..16370.00 rows=1000000 width=20) (actual time=0.011..51.769 rows=1000000 loops=1)
 Planning time: 0.241 ms
 Execution time: 470.154 ms
(12 rows)

===== 181 [Wed Mar  7 02:20:22 CET 2018] scale:1000000 groups:100 work_mem:8MB incremental:off max_workers:2 =====
SELECT * FROM (SELECT * FROM s_1 ORDER BY a) foo ORDER BY a, b
                                                           QUERY PLAN                                                            
---------------------------------------------------------------------------------------------------------------------------------
 Limit  (cost=281705.69..281705.69 rows=1 width=20) (actual time=666.009..666.009 rows=0 loops=1)
   ->  Sort  (cost=269205.69..271705.69 rows=1000000 width=20) (actual time=562.178..644.164 rows=1000000 loops=1)
         Sort Key: s_1.a, s_1.b
         Sort Method: external merge  Disk: 29360kB
         ->  Sort  (cost=136537.84..139037.84 rows=1000000 width=20) (actual time=184.696..275.393 rows=1000000 loops=1)
               Sort Key: s_1.a
               Sort Method: external merge  Disk: 29360kB
               ->  Seq Scan on s_1  (cost=0.00..16370.00 rows=1000000 width=20) (actual time=0.004..51.575 rows=1000000 loops=1)
 Planning time: 0.218 ms
 Execution time: 673.314 ms
(10 rows)

===== 182 [Wed Mar  7 02:20:25 CET 2018] scale:1000000 groups:100 work_mem:8MB incremental:off max_workers:2 =====
SELECT * FROM (SELECT * FROM s_2 ORDER BY a, b) foo ORDER BY a, b, c
                                                           QUERY PLAN                                                            
---------------------------------------------------------------------------------------------------------------------------------
 Limit  (cost=281705.69..281705.69 rows=1 width=20) (actual time=808.460..808.460 rows=0 loops=1)
   ->  Sort  (cost=269205.69..271705.69 rows=1000000 width=20) (actual time=705.177..786.647 rows=1000000 loops=1)
         Sort Key: s_2.a, s_2.b, s_2.c
         Sort Method: external merge  Disk: 29360kB
         ->  Sort  (cost=136537.84..139037.84 rows=1000000 width=20) (actual time=198.022..289.315 rows=1000000 loops=1)
               Sort Key: s_2.a, s_2.b
               Sort Method: external merge  Disk: 29360kB
               ->  Seq Scan on s_2  (cost=0.00..16370.00 rows=1000000 width=20) (actual time=0.010..51.669 rows=1000000 loops=1)
 Planning time: 0.214 ms
 Execution time: 815.770 ms
(10 rows)

===== 183 [Wed Mar  7 02:20:30 CET 2018] scale:1000000 groups:100 work_mem:8MB incremental:off max_workers:2 =====
SELECT * FROM (SELECT * FROM s_3 ORDER BY a, b, c) foo ORDER BY a, b, c, d
                                                           QUERY PLAN                                                            
---------------------------------------------------------------------------------------------------------------------------------
 Limit  (cost=281705.69..281705.69 rows=1 width=20) (actual time=803.419..803.419 rows=0 loops=1)
   ->  Sort  (cost=269205.69..271705.69 rows=1000000 width=20) (actual time=700.460..781.614 rows=1000000 loops=1)
         Sort Key: s_3.a, s_3.b, s_3.c, s_3.d
         Sort Method: external merge  Disk: 29360kB
         ->  Sort  (cost=136537.84..139037.84 rows=1000000 width=20) (actual time=209.119..301.411 rows=1000000 loops=1)
               Sort Key: s_3.a, s_3.b, s_3.c
               Sort Method: external merge  Disk: 29360kB
               ->  Seq Scan on s_3  (cost=0.00..16370.00 rows=1000000 width=20) (actual time=0.011..51.727 rows=1000000 loops=1)
 Planning time: 0.230 ms
 Execution time: 810.721 ms
(10 rows)

===== 184 [Wed Mar  7 02:20:34 CET 2018] scale:1000000 groups:100 work_mem:8MB incremental:off max_workers:2 =====
SELECT * FROM (SELECT * FROM s_4 ORDER BY a, b, c, d) foo ORDER BY a, b, c, d, e
                                                           QUERY PLAN                                                            
---------------------------------------------------------------------------------------------------------------------------------
 Limit  (cost=281705.69..281705.69 rows=1 width=20) (actual time=706.673..706.673 rows=0 loops=1)
   ->  Sort  (cost=269205.69..271705.69 rows=1000000 width=20) (actual time=603.700..684.888 rows=1000000 loops=1)
         Sort Key: s_4.a, s_4.b, s_4.c, s_4.d, s_4.e
         Sort Method: external merge  Disk: 29360kB
         ->  Sort  (cost=136537.84..139037.84 rows=1000000 width=20) (actual time=211.901..304.199 rows=1000000 loops=1)
               Sort Key: s_4.a, s_4.b, s_4.c, s_4.d
               Sort Method: external merge  Disk: 29360kB
               ->  Seq Scan on s_4  (cost=0.00..16370.00 rows=1000000 width=20) (actual time=0.011..51.801 rows=1000000 loops=1)
 Planning time: 0.244 ms
 Execution time: 714.004 ms
(10 rows)

===== 185 [Wed Mar  7 02:20:38 CET 2018] scale:1000000 groups:100 work_mem:16MB incremental:on max_workers:2 =====
SELECT * FROM (SELECT * FROM s_1 ORDER BY a) foo ORDER BY a, b
                                                           QUERY PLAN                                                            
---------------------------------------------------------------------------------------------------------------------------------
 Limit  (cost=242906.65..242906.65 rows=1 width=20) (actual time=556.427..556.427 rows=0 loops=1)
   ->  Incremental Sort  (cost=137318.70..232906.65 rows=1000000 width=20) (actual time=195.212..531.267 rows=1000000 loops=1)
         Sort Key: s_1.a, s_1.b
         Presorted Key: s_1.a
         Sort Method: quicksort  Memory: 1185kB
         Sort Groups: 101
         ->  Sort  (cost=136537.84..139037.84 rows=1000000 width=20) (actual time=193.508..282.679 rows=1000000 loops=1)
               Sort Key: s_1.a
               Sort Method: external merge  Disk: 29392kB
               ->  Seq Scan on s_1  (cost=0.00..16370.00 rows=1000000 width=20) (actual time=0.004..52.116 rows=1000000 loops=1)
 Planning time: 0.226 ms
 Execution time: 560.706 ms
(12 rows)

===== 186 [Wed Mar  7 02:20:40 CET 2018] scale:1000000 groups:100 work_mem:16MB incremental:on max_workers:2 =====
SELECT * FROM (SELECT * FROM s_2 ORDER BY a, b) foo ORDER BY a, b, c
                                                           QUERY PLAN                                                            
---------------------------------------------------------------------------------------------------------------------------------
 Limit  (cost=209817.59..209817.59 rows=1 width=20) (actual time=614.886..614.886 rows=0 loops=1)
   ->  Incremental Sort  (cost=136542.31..199817.59 rows=1000000 width=20) (actual time=207.075..589.332 rows=1000000 loops=1)
         Sort Key: s_2.a, s_2.b, s_2.c
         Presorted Key: s_2.a, s_2.b
         Sort Method: quicksort  Memory: 35kB
         Sort Groups: 10198
         ->  Sort  (cost=136537.84..139037.84 rows=1000000 width=20) (actual time=207.015..298.922 rows=1000000 loops=1)
               Sort Key: s_2.a, s_2.b
               Sort Method: external merge  Disk: 29392kB
               ->  Seq Scan on s_2  (cost=0.00..16370.00 rows=1000000 width=20) (actual time=0.010..52.190 rows=1000000 loops=1)
 Planning time: 0.227 ms
 Execution time: 619.084 ms
(12 rows)

===== 187 [Wed Mar  7 02:20:43 CET 2018] scale:1000000 groups:100 work_mem:16MB incremental:on max_workers:2 =====
SELECT * FROM (SELECT * FROM s_3 ORDER BY a, b, c) foo ORDER BY a, b, c, d
                                                           QUERY PLAN                                                            
---------------------------------------------------------------------------------------------------------------------------------
 Limit  (cost=195147.48..195147.48 rows=1 width=20) (actual time=560.402..560.402 rows=0 loops=1)
   ->  Incremental Sort  (cost=136538.13..185147.48 rows=1000000 width=20) (actual time=218.425..537.820 rows=1000000 loops=1)
         Sort Key: s_3.a, s_3.b, s_3.c, s_3.d
         Presorted Key: s_3.a, s_3.b, s_3.c
         Sort Method: quicksort  Memory: 27kB
         Sort Groups: 30779
         ->  Sort  (cost=136537.84..139037.84 rows=1000000 width=20) (actual time=218.377..312.876 rows=1000000 loops=1)
               Sort Key: s_3.a, s_3.b, s_3.c
               Sort Method: external merge  Disk: 29392kB
               ->  Seq Scan on s_3  (cost=0.00..16370.00 rows=1000000 width=20) (actual time=0.011..52.289 rows=1000000 loops=1)
 Planning time: 0.230 ms
 Execution time: 564.623 ms
(12 rows)

===== 188 [Wed Mar  7 02:20:46 CET 2018] scale:1000000 groups:100 work_mem:16MB incremental:on max_workers:2 =====
SELECT * FROM (SELECT * FROM s_4 ORDER BY a, b, c, d) foo ORDER BY a, b, c, d, e
                                                           QUERY PLAN                                                            
---------------------------------------------------------------------------------------------------------------------------------
 Limit  (cost=195147.48..195147.48 rows=1 width=20) (actual time=476.530..476.530 rows=0 loops=1)
   ->  Incremental Sort  (cost=136538.13..185147.48 rows=1000000 width=20) (actual time=219.608..453.933 rows=1000000 loops=1)
         Sort Key: s_4.a, s_4.b, s_4.c, s_4.d, s_4.e
         Presorted Key: s_4.a, s_4.b, s_4.c, s_4.d
         Sort Method: quicksort  Memory: 27kB
         Sort Groups: 31246
         ->  Sort  (cost=136537.84..139037.84 rows=1000000 width=20) (actual time=219.561..314.874 rows=1000000 loops=1)
               Sort Key: s_4.a, s_4.b, s_4.c, s_4.d
               Sort Method: external merge  Disk: 29392kB
               ->  Seq Scan on s_4  (cost=0.00..16370.00 rows=1000000 width=20) (actual time=0.011..52.313 rows=1000000 loops=1)
 Planning time: 0.240 ms
 Execution time: 480.721 ms
(12 rows)

===== 189 [Wed Mar  7 02:20:48 CET 2018] scale:1000000 groups:100 work_mem:16MB incremental:off max_workers:2 =====
SELECT * FROM (SELECT * FROM s_1 ORDER BY a) foo ORDER BY a, b
                                                           QUERY PLAN                                                            
---------------------------------------------------------------------------------------------------------------------------------
 Limit  (cost=281705.69..281705.69 rows=1 width=20) (actual time=697.957..697.957 rows=0 loops=1)
   ->  Sort  (cost=269205.69..271705.69 rows=1000000 width=20) (actual time=596.557..676.124 rows=1000000 loops=1)
         Sort Key: s_1.a, s_1.b
         Sort Method: external merge  Disk: 29392kB
         ->  Sort  (cost=136537.84..139037.84 rows=1000000 width=20) (actual time=192.748..282.320 rows=1000000 loops=1)
               Sort Key: s_1.a
               Sort Method: external merge  Disk: 29392kB
               ->  Seq Scan on s_1  (cost=0.00..16370.00 rows=1000000 width=20) (actual time=0.004..52.241 rows=1000000 loops=1)
 Planning time: 0.220 ms
 Execution time: 705.731 ms
(10 rows)

===== 190 [Wed Mar  7 02:20:52 CET 2018] scale:1000000 groups:100 work_mem:16MB incremental:off max_workers:2 =====
SELECT * FROM (SELECT * FROM s_2 ORDER BY a, b) foo ORDER BY a, b, c
                                                           QUERY PLAN                                                            
---------------------------------------------------------------------------------------------------------------------------------
 Limit  (cost=281705.69..281705.69 rows=1 width=20) (actual time=827.273..827.273 rows=0 loops=1)
   ->  Sort  (cost=269205.69..271705.69 rows=1000000 width=20) (actual time=726.493..805.461 rows=1000000 loops=1)
         Sort Key: s_2.a, s_2.b, s_2.c
         Sort Method: external merge  Disk: 29392kB
         ->  Sort  (cost=136537.84..139037.84 rows=1000000 width=20) (actual time=206.077..295.764 rows=1000000 loops=1)
               Sort Key: s_2.a, s_2.b
               Sort Method: external merge  Disk: 29392kB
               ->  Seq Scan on s_2  (cost=0.00..16370.00 rows=1000000 width=20) (actual time=0.010..52.259 rows=1000000 loops=1)
 Planning time: 0.221 ms
 Execution time: 835.032 ms
(10 rows)

===== 191 [Wed Mar  7 02:20:56 CET 2018] scale:1000000 groups:100 work_mem:16MB incremental:off max_workers:2 =====
SELECT * FROM (SELECT * FROM s_3 ORDER BY a, b, c) foo ORDER BY a, b, c, d
                                                           QUERY PLAN                                                            
---------------------------------------------------------------------------------------------------------------------------------
 Limit  (cost=281705.69..281705.69 rows=1 width=20) (actual time=817.588..817.588 rows=0 loops=1)
   ->  Sort  (cost=269205.69..271705.69 rows=1000000 width=20) (actual time=716.765..795.779 rows=1000000 loops=1)
         Sort Key: s_3.a, s_3.b, s_3.c, s_3.d
         Sort Method: external merge  Disk: 29392kB
         ->  Sort  (cost=136537.84..139037.84 rows=1000000 width=20) (actual time=217.226..306.960 rows=1000000 loops=1)
               Sort Key: s_3.a, s_3.b, s_3.c
               Sort Method: external merge  Disk: 29392kB
               ->  Seq Scan on s_3  (cost=0.00..16370.00 rows=1000000 width=20) (actual time=0.011..52.359 rows=1000000 loops=1)
 Planning time: 0.222 ms
 Execution time: 825.338 ms
(10 rows)

===== 192 [Wed Mar  7 02:21:01 CET 2018] scale:1000000 groups:100 work_mem:16MB incremental:off max_workers:2 =====
SELECT * FROM (SELECT * FROM s_4 ORDER BY a, b, c, d) foo ORDER BY a, b, c, d, e
                                                           QUERY PLAN                                                            
---------------------------------------------------------------------------------------------------------------------------------
 Limit  (cost=281705.69..281705.69 rows=1 width=20) (actual time=721.817..721.817 rows=0 loops=1)
   ->  Sort  (cost=269205.69..271705.69 rows=1000000 width=20) (actual time=620.943..700.012 rows=1000000 loops=1)
         Sort Key: s_4.a, s_4.b, s_4.c, s_4.d, s_4.e
         Sort Method: external merge  Disk: 29392kB
         ->  Sort  (cost=136537.84..139037.84 rows=1000000 width=20) (actual time=219.566..309.260 rows=1000000 loops=1)
               Sort Key: s_4.a, s_4.b, s_4.c, s_4.d
               Sort Method: external merge  Disk: 29392kB
               ->  Seq Scan on s_4  (cost=0.00..16370.00 rows=1000000 width=20) (actual time=0.011..52.381 rows=1000000 loops=1)
 Planning time: 0.234 ms
 Execution time: 728.751 ms
(10 rows)

===== 193 [Wed Mar  7 02:21:05 CET 2018] scale:1000000 groups:100 work_mem:32MB incremental:on max_workers:2 =====
SELECT * FROM (SELECT * FROM s_1 ORDER BY a) foo ORDER BY a, b
                                                           QUERY PLAN                                                            
---------------------------------------------------------------------------------------------------------------------------------
 Limit  (cost=242906.65..242906.65 rows=1 width=20) (actual time=569.138..569.138 rows=0 loops=1)
   ->  Incremental Sort  (cost=137318.70..232906.65 rows=1000000 width=20) (actual time=210.213..543.949 rows=1000000 loops=1)
         Sort Key: s_1.a, s_1.b
         Presorted Key: s_1.a
         Sort Method: quicksort  Memory: 1185kB
         Sort Groups: 101
         ->  Sort  (cost=136537.84..139037.84 rows=1000000 width=20) (actual time=208.684..294.632 rows=1000000 loops=1)
               Sort Key: s_1.a
               Sort Method: external merge  Disk: 29360kB
               ->  Seq Scan on s_1  (cost=0.00..16370.00 rows=1000000 width=20) (actual time=0.004..53.497 rows=1000000 loops=1)
 Planning time: 0.228 ms
 Execution time: 572.627 ms
(12 rows)

===== 194 [Wed Mar  7 02:21:07 CET 2018] scale:1000000 groups:100 work_mem:32MB incremental:on max_workers:2 =====
SELECT * FROM (SELECT * FROM s_2 ORDER BY a, b) foo ORDER BY a, b, c
                                                           QUERY PLAN                                                            
---------------------------------------------------------------------------------------------------------------------------------
 Limit  (cost=209817.59..209817.59 rows=1 width=20) (actual time=627.694..627.694 rows=0 loops=1)
   ->  Incremental Sort  (cost=136542.31..199817.59 rows=1000000 width=20) (actual time=222.566..602.121 rows=1000000 loops=1)
         Sort Key: s_2.a, s_2.b, s_2.c
         Presorted Key: s_2.a, s_2.b
         Sort Method: quicksort  Memory: 35kB
         Sort Groups: 10198
         ->  Sort  (cost=136537.84..139037.84 rows=1000000 width=20) (actual time=222.506..311.829 rows=1000000 loops=1)
               Sort Key: s_2.a, s_2.b
               Sort Method: external merge  Disk: 29360kB
               ->  Seq Scan on s_2  (cost=0.00..16370.00 rows=1000000 width=20) (actual time=0.010..53.625 rows=1000000 loops=1)
 Planning time: 0.224 ms
 Execution time: 632.253 ms
(12 rows)

===== 195 [Wed Mar  7 02:21:11 CET 2018] scale:1000000 groups:100 work_mem:32MB incremental:on max_workers:2 =====
SELECT * FROM (SELECT * FROM s_3 ORDER BY a, b, c) foo ORDER BY a, b, c, d
                                                           QUERY PLAN                                                            
---------------------------------------------------------------------------------------------------------------------------------
 Limit  (cost=195147.48..195147.48 rows=1 width=20) (actual time=575.631..575.631 rows=0 loops=1)
   ->  Incremental Sort  (cost=136538.13..185147.48 rows=1000000 width=20) (actual time=233.654..553.080 rows=1000000 loops=1)
         Sort Key: s_3.a, s_3.b, s_3.c, s_3.d
         Presorted Key: s_3.a, s_3.b, s_3.c
         Sort Method: quicksort  Memory: 27kB
         Sort Groups: 30779
         ->  Sort  (cost=136537.84..139037.84 rows=1000000 width=20) (actual time=233.606..325.692 rows=1000000 loops=1)
               Sort Key: s_3.a, s_3.b, s_3.c
               Sort Method: external merge  Disk: 29360kB
               ->  Seq Scan on s_3  (cost=0.00..16370.00 rows=1000000 width=20) (actual time=0.010..53.496 rows=1000000 loops=1)
 Planning time: 0.226 ms
 Execution time: 580.203 ms
(12 rows)

===== 196 [Wed Mar  7 02:21:13 CET 2018] scale:1000000 groups:100 work_mem:32MB incremental:on max_workers:2 =====
SELECT * FROM (SELECT * FROM s_4 ORDER BY a, b, c, d) foo ORDER BY a, b, c, d, e
                                                           QUERY PLAN                                                            
---------------------------------------------------------------------------------------------------------------------------------
 Limit  (cost=195147.48..195147.48 rows=1 width=20) (actual time=492.118..492.118 rows=0 loops=1)
   ->  Incremental Sort  (cost=136538.13..185147.48 rows=1000000 width=20) (actual time=235.441..469.586 rows=1000000 loops=1)
         Sort Key: s_4.a, s_4.b, s_4.c, s_4.d, s_4.e
         Presorted Key: s_4.a, s_4.b, s_4.c, s_4.d
         Sort Method: quicksort  Memory: 27kB
         Sort Groups: 31246
         ->  Sort  (cost=136537.84..139037.84 rows=1000000 width=20) (actual time=235.396..328.160 rows=1000000 loops=1)
               Sort Key: s_4.a, s_4.b, s_4.c, s_4.d
               Sort Method: external merge  Disk: 29360kB
               ->  Seq Scan on s_4  (cost=0.00..16370.00 rows=1000000 width=20) (actual time=0.011..53.513 rows=1000000 loops=1)
 Planning time: 0.239 ms
 Execution time: 496.678 ms
(12 rows)

===== 197 [Wed Mar  7 02:21:16 CET 2018] scale:1000000 groups:100 work_mem:32MB incremental:off max_workers:2 =====
SELECT * FROM (SELECT * FROM s_1 ORDER BY a) foo ORDER BY a, b
                                                           QUERY PLAN                                                            
---------------------------------------------------------------------------------------------------------------------------------
 Limit  (cost=281705.69..281705.69 rows=1 width=20) (actual time=724.232..724.232 rows=0 loops=1)
   ->  Sort  (cost=269205.69..271705.69 rows=1000000 width=20) (actual time=625.612..702.416 rows=1000000 loops=1)
         Sort Key: s_1.a, s_1.b
         Sort Method: external merge  Disk: 29360kB
         ->  Sort  (cost=136537.84..139037.84 rows=1000000 width=20) (actual time=207.745..293.859 rows=1000000 loops=1)
               Sort Key: s_1.a
               Sort Method: external merge  Disk: 29360kB
               ->  Seq Scan on s_1  (cost=0.00..16370.00 rows=1000000 width=20) (actual time=0.004..53.513 rows=1000000 loops=1)
 Planning time: 0.218 ms
 Execution time: 732.135 ms
(10 rows)

===== 198 [Wed Mar  7 02:21:20 CET 2018] scale:1000000 groups:100 work_mem:32MB incremental:off max_workers:2 =====
SELECT * FROM (SELECT * FROM s_2 ORDER BY a, b) foo ORDER BY a, b, c
                                                           QUERY PLAN                                                            
---------------------------------------------------------------------------------------------------------------------------------
 Limit  (cost=281705.69..281705.69 rows=1 width=20) (actual time=855.380..855.380 rows=0 loops=1)
   ->  Sort  (cost=269205.69..271705.69 rows=1000000 width=20) (actual time=756.842..833.579 rows=1000000 loops=1)
         Sort Key: s_2.a, s_2.b, s_2.c
         Sort Method: external merge  Disk: 29360kB
         ->  Sort  (cost=136537.84..139037.84 rows=1000000 width=20) (actual time=221.609..307.871 rows=1000000 loops=1)
               Sort Key: s_2.a, s_2.b
               Sort Method: external merge  Disk: 29360kB
               ->  Seq Scan on s_2  (cost=0.00..16370.00 rows=1000000 width=20) (actual time=0.010..53.658 rows=1000000 loops=1)
 Planning time: 0.216 ms
 Execution time: 863.270 ms
(10 rows)

===== 199 [Wed Mar  7 02:21:24 CET 2018] scale:1000000 groups:100 work_mem:32MB incremental:off max_workers:2 =====
SELECT * FROM (SELECT * FROM s_3 ORDER BY a, b, c) foo ORDER BY a, b, c, d
                                                           QUERY PLAN                                                            
---------------------------------------------------------------------------------------------------------------------------------
 Limit  (cost=281705.69..281705.69 rows=1 width=20) (actual time=848.301..848.301 rows=0 loops=1)
   ->  Sort  (cost=269205.69..271705.69 rows=1000000 width=20) (actual time=749.724..826.503 rows=1000000 loops=1)
         Sort Key: s_3.a, s_3.b, s_3.c, s_3.d
         Sort Method: external merge  Disk: 29360kB
         ->  Sort  (cost=136537.84..139037.84 rows=1000000 width=20) (actual time=232.549..320.248 rows=1000000 loops=1)
               Sort Key: s_3.a, s_3.b, s_3.c
               Sort Method: external merge  Disk: 29360kB
               ->  Seq Scan on s_3  (cost=0.00..16370.00 rows=1000000 width=20) (actual time=0.011..53.741 rows=1000000 loops=1)
 Planning time: 0.217 ms
 Execution time: 856.197 ms
(10 rows)

===== 200 [Wed Mar  7 02:21:29 CET 2018] scale:1000000 groups:100 work_mem:32MB incremental:off max_workers:2 =====
SELECT * FROM (SELECT * FROM s_4 ORDER BY a, b, c, d) foo ORDER BY a, b, c, d, e
                                                           QUERY PLAN                                                            
---------------------------------------------------------------------------------------------------------------------------------
 Limit  (cost=281705.69..281705.69 rows=1 width=20) (actual time=753.687..753.687 rows=0 loops=1)
   ->  Sort  (cost=269205.69..271705.69 rows=1000000 width=20) (actual time=654.417..731.857 rows=1000000 loops=1)
         Sort Key: s_4.a, s_4.b, s_4.c, s_4.d, s_4.e
         Sort Method: external merge  Disk: 29360kB
         ->  Sort  (cost=136537.84..139037.84 rows=1000000 width=20) (actual time=234.644..322.358 rows=1000000 loops=1)
               Sort Key: s_4.a, s_4.b, s_4.c, s_4.d
               Sort Method: external merge  Disk: 29360kB
               ->  Seq Scan on s_4  (cost=0.00..16370.00 rows=1000000 width=20) (actual time=0.011..53.761 rows=1000000 loops=1)
 Planning time: 0.237 ms
 Execution time: 761.571 ms
(10 rows)

===== 201 [Wed Mar  7 02:21:33 CET 2018] scale:1000000 groups:100 work_mem:64MB incremental:on max_workers:2 =====
SELECT * FROM (SELECT * FROM s_1 ORDER BY a) foo ORDER BY a, b
                                                           QUERY PLAN                                                            
---------------------------------------------------------------------------------------------------------------------------------
 Limit  (cost=222396.65..222396.65 rows=1 width=20) (actual time=595.813..595.813 rows=0 loops=1)
   ->  Incremental Sort  (cost=116808.70..212396.65 rows=1000000 width=20) (actual time=228.850..566.012 rows=1000000 loops=1)
         Sort Key: s_1.a, s_1.b
         Presorted Key: s_1.a
         Sort Method: quicksort  Memory: 1185kB
         Sort Groups: 101
         ->  Sort  (cost=116027.84..118527.84 rows=1000000 width=20) (actual time=227.303..310.989 rows=1000000 loops=1)
               Sort Key: s_1.a
               Sort Method: external merge  Disk: 29360kB
               ->  Seq Scan on s_1  (cost=0.00..16370.00 rows=1000000 width=20) (actual time=0.004..55.077 rows=1000000 loops=1)
 Planning time: 0.225 ms
 Execution time: 599.297 ms
(12 rows)

===== 202 [Wed Mar  7 02:21:36 CET 2018] scale:1000000 groups:100 work_mem:64MB incremental:on max_workers:2 =====
SELECT * FROM (SELECT * FROM s_2 ORDER BY a, b) foo ORDER BY a, b, c
                                                           QUERY PLAN                                                            
---------------------------------------------------------------------------------------------------------------------------------
 Limit  (cost=189307.59..189307.59 rows=1 width=20) (actual time=648.549..648.549 rows=0 loops=1)
   ->  Incremental Sort  (cost=116032.31..179307.59 rows=1000000 width=20) (actual time=241.443..622.992 rows=1000000 loops=1)
         Sort Key: s_2.a, s_2.b, s_2.c
         Presorted Key: s_2.a, s_2.b
         Sort Method: quicksort  Memory: 35kB
         Sort Groups: 10198
         ->  Sort  (cost=116027.84..118527.84 rows=1000000 width=20) (actual time=241.381..326.941 rows=1000000 loops=1)
               Sort Key: s_2.a, s_2.b
               Sort Method: external merge  Disk: 29360kB
               ->  Seq Scan on s_2  (cost=0.00..16370.00 rows=1000000 width=20) (actual time=0.010..55.391 rows=1000000 loops=1)
 Planning time: 0.232 ms
 Execution time: 652.036 ms
(12 rows)

===== 203 [Wed Mar  7 02:21:39 CET 2018] scale:1000000 groups:100 work_mem:64MB incremental:on max_workers:2 =====
SELECT * FROM (SELECT * FROM s_3 ORDER BY a, b, c) foo ORDER BY a, b, c, d
                                                           QUERY PLAN                                                            
---------------------------------------------------------------------------------------------------------------------------------
 Limit  (cost=174637.48..174637.48 rows=1 width=20) (actual time=587.425..587.425 rows=0 loops=1)
   ->  Incremental Sort  (cost=116028.13..164637.48 rows=1000000 width=20) (actual time=251.020..564.846 rows=1000000 loops=1)
         Sort Key: s_3.a, s_3.b, s_3.c, s_3.d
         Presorted Key: s_3.a, s_3.b, s_3.c
         Sort Method: quicksort  Memory: 27kB
         Sort Groups: 30779
         ->  Sort  (cost=116027.84..118527.84 rows=1000000 width=20) (actual time=250.972..336.830 rows=1000000 loops=1)
               Sort Key: s_3.a, s_3.b, s_3.c
               Sort Method: external merge  Disk: 29360kB
               ->  Seq Scan on s_3  (cost=0.00..16370.00 rows=1000000 width=20) (actual time=0.011..55.392 rows=1000000 loops=1)
 Planning time: 0.229 ms
 Execution time: 590.917 ms
(12 rows)

===== 204 [Wed Mar  7 02:21:42 CET 2018] scale:1000000 groups:100 work_mem:64MB incremental:on max_workers:2 =====
SELECT * FROM (SELECT * FROM s_4 ORDER BY a, b, c, d) foo ORDER BY a, b, c, d, e
                                                           QUERY PLAN                                                            
---------------------------------------------------------------------------------------------------------------------------------
 Limit  (cost=174637.48..174637.48 rows=1 width=20) (actual time=505.161..505.161 rows=0 loops=1)
   ->  Incremental Sort  (cost=116028.13..164637.48 rows=1000000 width=20) (actual time=253.674..482.576 rows=1000000 loops=1)
         Sort Key: s_4.a, s_4.b, s_4.c, s_4.d, s_4.e
         Presorted Key: s_4.a, s_4.b, s_4.c, s_4.d
         Sort Method: quicksort  Memory: 27kB
         Sort Groups: 31246
         ->  Sort  (cost=116027.84..118527.84 rows=1000000 width=20) (actual time=253.628..340.122 rows=1000000 loops=1)
               Sort Key: s_4.a, s_4.b, s_4.c, s_4.d
               Sort Method: external merge  Disk: 29360kB
               ->  Seq Scan on s_4  (cost=0.00..16370.00 rows=1000000 width=20) (actual time=0.011..55.453 rows=1000000 loops=1)
 Planning time: 0.243 ms
 Execution time: 508.665 ms
(12 rows)

===== 205 [Wed Mar  7 02:21:44 CET 2018] scale:1000000 groups:100 work_mem:64MB incremental:off max_workers:2 =====
SELECT * FROM (SELECT * FROM s_1 ORDER BY a) foo ORDER BY a, b
                                                           QUERY PLAN                                                            
---------------------------------------------------------------------------------------------------------------------------------
 Limit  (cost=240685.69..240685.69 rows=1 width=20) (actual time=748.989..748.989 rows=0 loops=1)
   ->  Sort  (cost=228185.69..230685.69 rows=1000000 width=20) (actual time=654.761..727.034 rows=1000000 loops=1)
         Sort Key: s_1.a, s_1.b
         Sort Method: external merge  Disk: 29360kB
         ->  Sort  (cost=116027.84..118527.84 rows=1000000 width=20) (actual time=226.992..309.748 rows=1000000 loops=1)
               Sort Key: s_1.a
               Sort Method: external merge  Disk: 29360kB
               ->  Seq Scan on s_1  (cost=0.00..16370.00 rows=1000000 width=20) (actual time=0.004..55.267 rows=1000000 loops=1)
 Planning time: 0.217 ms
 Execution time: 755.905 ms
(10 rows)

===== 206 [Wed Mar  7 02:21:48 CET 2018] scale:1000000 groups:100 work_mem:64MB incremental:off max_workers:2 =====
SELECT * FROM (SELECT * FROM s_2 ORDER BY a, b) foo ORDER BY a, b, c
                                                           QUERY PLAN                                                            
---------------------------------------------------------------------------------------------------------------------------------
 Limit  (cost=240685.69..240685.69 rows=1 width=20) (actual time=880.396..880.396 rows=0 loops=1)
   ->  Sort  (cost=228185.69..230685.69 rows=1000000 width=20) (actual time=786.250..858.447 rows=1000000 loops=1)
         Sort Key: s_2.a, s_2.b, s_2.c
         Sort Method: external merge  Disk: 29360kB
         ->  Sort  (cost=116027.84..118527.84 rows=1000000 width=20) (actual time=239.908..322.768 rows=1000000 loops=1)
               Sort Key: s_2.a, s_2.b
               Sort Method: external merge  Disk: 29360kB
               ->  Seq Scan on s_2  (cost=0.00..16370.00 rows=1000000 width=20) (actual time=0.010..55.389 rows=1000000 loops=1)
 Planning time: 0.221 ms
 Execution time: 887.281 ms
(10 rows)

===== 207 [Wed Mar  7 02:21:53 CET 2018] scale:1000000 groups:100 work_mem:64MB incremental:off max_workers:2 =====
SELECT * FROM (SELECT * FROM s_3 ORDER BY a, b, c) foo ORDER BY a, b, c, d
                                                           QUERY PLAN                                                            
---------------------------------------------------------------------------------------------------------------------------------
 Limit  (cost=240685.69..240685.69 rows=1 width=20) (actual time=862.849..862.849 rows=0 loops=1)
   ->  Sort  (cost=228185.69..230685.69 rows=1000000 width=20) (actual time=768.751..840.986 rows=1000000 loops=1)
         Sort Key: s_3.a, s_3.b, s_3.c, s_3.d
         Sort Method: external merge  Disk: 29360kB
         ->  Sort  (cost=116027.84..118527.84 rows=1000000 width=20) (actual time=251.336..332.790 rows=1000000 loops=1)
               Sort Key: s_3.a, s_3.b, s_3.c
               Sort Method: external merge  Disk: 29360kB
               ->  Seq Scan on s_3  (cost=0.00..16370.00 rows=1000000 width=20) (actual time=0.011..55.469 rows=1000000 loops=1)
 Planning time: 0.220 ms
 Execution time: 869.746 ms
(10 rows)

===== 208 [Wed Mar  7 02:21:57 CET 2018] scale:1000000 groups:100 work_mem:64MB incremental:off max_workers:2 =====
SELECT * FROM (SELECT * FROM s_4 ORDER BY a, b, c, d) foo ORDER BY a, b, c, d, e
                                                           QUERY PLAN                                                            
---------------------------------------------------------------------------------------------------------------------------------
 Limit  (cost=240685.69..240685.69 rows=1 width=20) (actual time=765.546..765.546 rows=0 loops=1)
   ->  Sort  (cost=228185.69..230685.69 rows=1000000 width=20) (actual time=671.467..743.680 rows=1000000 loops=1)
         Sort Key: s_4.a, s_4.b, s_4.c, s_4.d, s_4.e
         Sort Method: external merge  Disk: 29360kB
         ->  Sort  (cost=116027.84..118527.84 rows=1000000 width=20) (actual time=253.488..334.906 rows=1000000 loops=1)
               Sort Key: s_4.a, s_4.b, s_4.c, s_4.d
               Sort Method: external merge  Disk: 29360kB
               ->  Seq Scan on s_4  (cost=0.00..16370.00 rows=1000000 width=20) (actual time=0.011..55.540 rows=1000000 loops=1)
 Planning time: 0.243 ms
 Execution time: 772.440 ms
(10 rows)

===== 209 [Wed Mar  7 02:22:01 CET 2018] scale:1000000 groups:100 work_mem:128MB incremental:on max_workers:2 =====
SELECT * FROM (SELECT * FROM s_1 ORDER BY a) foo ORDER BY a, b
                                                           QUERY PLAN                                                            
---------------------------------------------------------------------------------------------------------------------------------
 Limit  (cost=222396.65..222396.65 rows=1 width=20) (actual time=504.684..504.684 rows=0 loops=1)
   ->  Incremental Sort  (cost=116808.70..212396.65 rows=1000000 width=20) (actual time=165.465..479.505 rows=1000000 loops=1)
         Sort Key: s_1.a, s_1.b
         Presorted Key: s_1.a
         Sort Method: quicksort  Memory: 1185kB
         Sort Groups: 101
         ->  Sort  (cost=116027.84..118527.84 rows=1000000 width=20) (actual time=164.031..200.826 rows=1000000 loops=1)
               Sort Key: s_1.a
               Sort Method: quicksort  Memory: 102702kB
               ->  Seq Scan on s_1  (cost=0.00..16370.00 rows=1000000 width=20) (actual time=0.004..55.451 rows=1000000 loops=1)
 Planning time: 0.232 ms
 Execution time: 509.074 ms
(12 rows)

===== 210 [Wed Mar  7 02:22:04 CET 2018] scale:1000000 groups:100 work_mem:128MB incremental:on max_workers:2 =====
SELECT * FROM (SELECT * FROM s_2 ORDER BY a, b) foo ORDER BY a, b, c
                                                           QUERY PLAN                                                            
---------------------------------------------------------------------------------------------------------------------------------
 Limit  (cost=189307.59..189307.59 rows=1 width=20) (actual time=539.790..539.790 rows=0 loops=1)
   ->  Incremental Sort  (cost=116032.31..179307.59 rows=1000000 width=20) (actual time=177.844..514.184 rows=1000000 loops=1)
         Sort Key: s_2.a, s_2.b, s_2.c
         Presorted Key: s_2.a, s_2.b
         Sort Method: quicksort  Memory: 35kB
         Sort Groups: 10198
         ->  Sort  (cost=116027.84..118527.84 rows=1000000 width=20) (actual time=177.783..215.582 rows=1000000 loops=1)
               Sort Key: s_2.a, s_2.b
               Sort Method: quicksort  Memory: 102702kB
               ->  Seq Scan on s_2  (cost=0.00..16370.00 rows=1000000 width=20) (actual time=0.010..55.740 rows=1000000 loops=1)
 Planning time: 0.229 ms
 Execution time: 544.154 ms
(12 rows)

===== 211 [Wed Mar  7 02:22:06 CET 2018] scale:1000000 groups:100 work_mem:128MB incremental:on max_workers:2 =====
SELECT * FROM (SELECT * FROM s_3 ORDER BY a, b, c) foo ORDER BY a, b, c, d
                                                           QUERY PLAN                                                            
---------------------------------------------------------------------------------------------------------------------------------
 Limit  (cost=174637.48..174637.48 rows=1 width=20) (actual time=497.507..497.507 rows=0 loops=1)
   ->  Incremental Sort  (cost=116028.13..164637.48 rows=1000000 width=20) (actual time=187.582..475.113 rows=1000000 loops=1)
         Sort Key: s_3.a, s_3.b, s_3.c, s_3.d
         Presorted Key: s_3.a, s_3.b, s_3.c
         Sort Method: quicksort  Memory: 27kB
         Sort Groups: 30779
         ->  Sort  (cost=116027.84..118527.84 rows=1000000 width=20) (actual time=187.535..229.890 rows=1000000 loops=1)
               Sort Key: s_3.a, s_3.b, s_3.c
               Sort Method: quicksort  Memory: 102702kB
               ->  Seq Scan on s_3  (cost=0.00..16370.00 rows=1000000 width=20) (actual time=0.011..55.527 rows=1000000 loops=1)
 Planning time: 0.230 ms
 Execution time: 501.871 ms
(12 rows)

===== 212 [Wed Mar  7 02:22:09 CET 2018] scale:1000000 groups:100 work_mem:128MB incremental:on max_workers:2 =====
SELECT * FROM (SELECT * FROM s_4 ORDER BY a, b, c, d) foo ORDER BY a, b, c, d, e
                                                           QUERY PLAN                                                            
---------------------------------------------------------------------------------------------------------------------------------
 Limit  (cost=174637.48..174637.48 rows=1 width=20) (actual time=414.616..414.616 rows=0 loops=1)
   ->  Incremental Sort  (cost=116028.13..164637.48 rows=1000000 width=20) (actual time=189.846..392.209 rows=1000000 loops=1)
         Sort Key: s_4.a, s_4.b, s_4.c, s_4.d, s_4.e
         Presorted Key: s_4.a, s_4.b, s_4.c, s_4.d
         Sort Method: quicksort  Memory: 27kB
         Sort Groups: 31246
         ->  Sort  (cost=116027.84..118527.84 rows=1000000 width=20) (actual time=189.802..231.768 rows=1000000 loops=1)
               Sort Key: s_4.a, s_4.b, s_4.c, s_4.d
               Sort Method: quicksort  Memory: 102702kB
               ->  Seq Scan on s_4  (cost=0.00..16370.00 rows=1000000 width=20) (actual time=0.011..55.556 rows=1000000 loops=1)
 Planning time: 0.234 ms
 Execution time: 418.983 ms
(12 rows)

===== 213 [Wed Mar  7 02:22:11 CET 2018] scale:1000000 groups:100 work_mem:128MB incremental:off max_workers:2 =====
SELECT * FROM (SELECT * FROM s_1 ORDER BY a) foo ORDER BY a, b
                                                           QUERY PLAN                                                            
---------------------------------------------------------------------------------------------------------------------------------
 Limit  (cost=240685.69..240685.69 rows=1 width=20) (actual time=588.906..588.906 rows=0 loops=1)
   ->  Sort  (cost=228185.69..230685.69 rows=1000000 width=20) (actual time=472.032..567.228 rows=1000000 loops=1)
         Sort Key: s_1.a, s_1.b
         Sort Method: quicksort  Memory: 102702kB
         ->  Sort  (cost=116027.84..118527.84 rows=1000000 width=20) (actual time=163.354..200.792 rows=1000000 loops=1)
               Sort Key: s_1.a
               Sort Method: quicksort  Memory: 102702kB
               ->  Seq Scan on s_1  (cost=0.00..16370.00 rows=1000000 width=20) (actual time=0.004..55.632 rows=1000000 loops=1)
 Planning time: 0.218 ms
 Execution time: 597.072 ms
(10 rows)

===== 214 [Wed Mar  7 02:22:14 CET 2018] scale:1000000 groups:100 work_mem:128MB incremental:off max_workers:2 =====
SELECT * FROM (SELECT * FROM s_2 ORDER BY a, b) foo ORDER BY a, b, c
                                                           QUERY PLAN                                                            
---------------------------------------------------------------------------------------------------------------------------------
 Limit  (cost=240685.69..240685.69 rows=1 width=20) (actual time=709.418..709.418 rows=0 loops=1)
   ->  Sort  (cost=228185.69..230685.69 rows=1000000 width=20) (actual time=631.873..687.792 rows=1000000 loops=1)
         Sort Key: s_2.a, s_2.b, s_2.c
         Sort Method: quicksort  Memory: 102702kB
         ->  Sort  (cost=116027.84..118527.84 rows=1000000 width=20) (actual time=176.989..214.378 rows=1000000 loops=1)
               Sort Key: s_2.a, s_2.b
               Sort Method: quicksort  Memory: 102702kB
               ->  Seq Scan on s_2  (cost=0.00..16370.00 rows=1000000 width=20) (actual time=0.010..55.687 rows=1000000 loops=1)
 Planning time: 0.216 ms
 Execution time: 717.567 ms
(10 rows)

===== 215 [Wed Mar  7 02:22:17 CET 2018] scale:1000000 groups:100 work_mem:128MB incremental:off max_workers:2 =====
SELECT * FROM (SELECT * FROM s_3 ORDER BY a, b, c) foo ORDER BY a, b, c, d
                                                           QUERY PLAN                                                            
---------------------------------------------------------------------------------------------------------------------------------
 Limit  (cost=240685.69..240685.69 rows=1 width=20) (actual time=688.209..688.209 rows=0 loops=1)
   ->  Sort  (cost=228185.69..230685.69 rows=1000000 width=20) (actual time=631.756..666.373 rows=1000000 loops=1)
         Sort Key: s_3.a, s_3.b, s_3.c, s_3.d
         Sort Method: quicksort  Memory: 102702kB
         ->  Sort  (cost=116027.84..118527.84 rows=1000000 width=20) (actual time=188.277..225.609 rows=1000000 loops=1)
               Sort Key: s_3.a, s_3.b, s_3.c
               Sort Method: quicksort  Memory: 102702kB
               ->  Seq Scan on s_3  (cost=0.00..16370.00 rows=1000000 width=20) (actual time=0.011..55.905 rows=1000000 loops=1)
 Planning time: 0.226 ms
 Execution time: 696.359 ms
(10 rows)

===== 216 [Wed Mar  7 02:22:21 CET 2018] scale:1000000 groups:100 work_mem:128MB incremental:off max_workers:2 =====
SELECT * FROM (SELECT * FROM s_4 ORDER BY a, b, c, d) foo ORDER BY a, b, c, d, e
                                                           QUERY PLAN                                                            
---------------------------------------------------------------------------------------------------------------------------------
 Limit  (cost=240685.69..240685.69 rows=1 width=20) (actual time=593.139..593.139 rows=0 loops=1)
   ->  Sort  (cost=228185.69..230685.69 rows=1000000 width=20) (actual time=538.110..571.294 rows=1000000 loops=1)
         Sort Key: s_4.a, s_4.b, s_4.c, s_4.d, s_4.e
         Sort Method: quicksort  Memory: 102702kB
         ->  Sort  (cost=116027.84..118527.84 rows=1000000 width=20) (actual time=190.388..227.791 rows=1000000 loops=1)
               Sort Key: s_4.a, s_4.b, s_4.c, s_4.d
               Sort Method: quicksort  Memory: 102702kB
               ->  Seq Scan on s_4  (cost=0.00..16370.00 rows=1000000 width=20) (actual time=0.011..55.863 rows=1000000 loops=1)
 Planning time: 0.230 ms
 Execution time: 601.283 ms
(10 rows)

===== 217 [Wed Mar  7 02:22:24 CET 2018] scale:1000000 groups:100 work_mem:256MB incremental:on max_workers:2 =====
SELECT * FROM (SELECT * FROM s_1 ORDER BY a) foo ORDER BY a, b
                                                           QUERY PLAN                                                            
---------------------------------------------------------------------------------------------------------------------------------
 Limit  (cost=222396.65..222396.65 rows=1 width=20) (actual time=489.331..489.331 rows=0 loops=1)
   ->  Incremental Sort  (cost=116808.70..212396.65 rows=1000000 width=20) (actual time=165.676..467.820 rows=1000000 loops=1)
         Sort Key: s_1.a, s_1.b
         Presorted Key: s_1.a
         Sort Method: quicksort  Memory: 1185kB
         Sort Groups: 101
         ->  Sort  (cost=116027.84..118527.84 rows=1000000 width=20) (actual time=164.243..200.911 rows=1000000 loops=1)
               Sort Key: s_1.a
               Sort Method: quicksort  Memory: 102702kB
               ->  Seq Scan on s_1  (cost=0.00..16370.00 rows=1000000 width=20) (actual time=0.004..55.729 rows=1000000 loops=1)
 Planning time: 0.221 ms
 Execution time: 493.704 ms
(12 rows)

===== 218 [Wed Mar  7 02:22:26 CET 2018] scale:1000000 groups:100 work_mem:256MB incremental:on max_workers:2 =====
SELECT * FROM (SELECT * FROM s_2 ORDER BY a, b) foo ORDER BY a, b, c
                                                           QUERY PLAN                                                            
---------------------------------------------------------------------------------------------------------------------------------
 Limit  (cost=189307.59..189307.59 rows=1 width=20) (actual time=524.153..524.153 rows=0 loops=1)
   ->  Incremental Sort  (cost=116032.31..179307.59 rows=1000000 width=20) (actual time=176.263..502.286 rows=1000000 loops=1)
         Sort Key: s_2.a, s_2.b, s_2.c
         Presorted Key: s_2.a, s_2.b
         Sort Method: quicksort  Memory: 35kB
         Sort Groups: 10198
         ->  Sort  (cost=116027.84..118527.84 rows=1000000 width=20) (actual time=176.202..213.972 rows=1000000 loops=1)
               Sort Key: s_2.a, s_2.b
               Sort Method: quicksort  Memory: 102702kB
               ->  Seq Scan on s_2  (cost=0.00..16370.00 rows=1000000 width=20) (actual time=0.010..55.898 rows=1000000 loops=1)
 Planning time: 0.223 ms
 Execution time: 528.513 ms
(12 rows)

===== 219 [Wed Mar  7 02:22:29 CET 2018] scale:1000000 groups:100 work_mem:256MB incremental:on max_workers:2 =====
SELECT * FROM (SELECT * FROM s_3 ORDER BY a, b, c) foo ORDER BY a, b, c, d
                                                           QUERY PLAN                                                            
---------------------------------------------------------------------------------------------------------------------------------
 Limit  (cost=174637.48..174637.48 rows=1 width=20) (actual time=481.130..481.130 rows=0 loops=1)
   ->  Incremental Sort  (cost=116028.13..164637.48 rows=1000000 width=20) (actual time=187.634..459.323 rows=1000000 loops=1)
         Sort Key: s_3.a, s_3.b, s_3.c, s_3.d
         Presorted Key: s_3.a, s_3.b, s_3.c
         Sort Method: quicksort  Memory: 27kB
         Sort Groups: 30779
         ->  Sort  (cost=116027.84..118527.84 rows=1000000 width=20) (actual time=187.580..229.517 rows=1000000 loops=1)
               Sort Key: s_3.a, s_3.b, s_3.c
               Sort Method: quicksort  Memory: 102702kB
               ->  Seq Scan on s_3  (cost=0.00..16370.00 rows=1000000 width=20) (actual time=0.011..55.490 rows=1000000 loops=1)
 Planning time: 0.233 ms
 Execution time: 485.521 ms
(12 rows)

===== 220 [Wed Mar  7 02:22:31 CET 2018] scale:1000000 groups:100 work_mem:256MB incremental:on max_workers:2 =====
SELECT * FROM (SELECT * FROM s_4 ORDER BY a, b, c, d) foo ORDER BY a, b, c, d, e
                                                           QUERY PLAN                                                            
---------------------------------------------------------------------------------------------------------------------------------
 Limit  (cost=174637.48..174637.48 rows=1 width=20) (actual time=399.884..399.884 rows=0 loops=1)
   ->  Incremental Sort  (cost=116028.13..164637.48 rows=1000000 width=20) (actual time=189.844..378.157 rows=1000000 loops=1)
         Sort Key: s_4.a, s_4.b, s_4.c, s_4.d, s_4.e
         Presorted Key: s_4.a, s_4.b, s_4.c, s_4.d
         Sort Method: quicksort  Memory: 27kB
         Sort Groups: 31246
         ->  Sort  (cost=116027.84..118527.84 rows=1000000 width=20) (actual time=189.795..231.394 rows=1000000 loops=1)
               Sort Key: s_4.a, s_4.b, s_4.c, s_4.d
               Sort Method: quicksort  Memory: 102702kB
               ->  Seq Scan on s_4  (cost=0.00..16370.00 rows=1000000 width=20) (actual time=0.010..55.553 rows=1000000 loops=1)
 Planning time: 0.234 ms
 Execution time: 404.247 ms
(12 rows)

===== 221 [Wed Mar  7 02:22:33 CET 2018] scale:1000000 groups:100 work_mem:256MB incremental:off max_workers:2 =====
SELECT * FROM (SELECT * FROM s_1 ORDER BY a) foo ORDER BY a, b
                                                           QUERY PLAN                                                            
---------------------------------------------------------------------------------------------------------------------------------
 Limit  (cost=240685.69..240685.69 rows=1 width=20) (actual time=588.909..588.909 rows=0 loops=1)
   ->  Sort  (cost=228185.69..230685.69 rows=1000000 width=20) (actual time=472.034..567.233 rows=1000000 loops=1)
         Sort Key: s_1.a, s_1.b
         Sort Method: quicksort  Memory: 102702kB
         ->  Sort  (cost=116027.84..118527.84 rows=1000000 width=20) (actual time=163.479..200.863 rows=1000000 loops=1)
               Sort Key: s_1.a
               Sort Method: quicksort  Memory: 102702kB
               ->  Seq Scan on s_1  (cost=0.00..16370.00 rows=1000000 width=20) (actual time=0.004..55.646 rows=1000000 loops=1)
 Planning time: 0.215 ms
 Execution time: 597.073 ms
(10 rows)

===== 222 [Wed Mar  7 02:22:36 CET 2018] scale:1000000 groups:100 work_mem:256MB incremental:off max_workers:2 =====
SELECT * FROM (SELECT * FROM s_2 ORDER BY a, b) foo ORDER BY a, b, c
                                                           QUERY PLAN                                                            
---------------------------------------------------------------------------------------------------------------------------------
 Limit  (cost=240685.69..240685.69 rows=1 width=20) (actual time=708.384..708.384 rows=0 loops=1)
   ->  Sort  (cost=228185.69..230685.69 rows=1000000 width=20) (actual time=631.120..686.744 rows=1000000 loops=1)
         Sort Key: s_2.a, s_2.b, s_2.c
         Sort Method: quicksort  Memory: 102702kB
         ->  Sort  (cost=116027.84..118527.84 rows=1000000 width=20) (actual time=176.669..213.942 rows=1000000 loops=1)
               Sort Key: s_2.a, s_2.b
               Sort Method: quicksort  Memory: 102702kB
               ->  Seq Scan on s_2  (cost=0.00..16370.00 rows=1000000 width=20) (actual time=0.010..55.676 rows=1000000 loops=1)
 Planning time: 0.226 ms
 Execution time: 716.499 ms
(10 rows)

===== 223 [Wed Mar  7 02:22:40 CET 2018] scale:1000000 groups:100 work_mem:256MB incremental:off max_workers:2 =====
SELECT * FROM (SELECT * FROM s_3 ORDER BY a, b, c) foo ORDER BY a, b, c, d
                                                           QUERY PLAN                                                            
---------------------------------------------------------------------------------------------------------------------------------
 Limit  (cost=240685.69..240685.69 rows=1 width=20) (actual time=688.034..688.034 rows=0 loops=1)
   ->  Sort  (cost=228185.69..230685.69 rows=1000000 width=20) (actual time=631.543..666.186 rows=1000000 loops=1)
         Sort Key: s_3.a, s_3.b, s_3.c, s_3.d
         Sort Method: quicksort  Memory: 102702kB
         ->  Sort  (cost=116027.84..118527.84 rows=1000000 width=20) (actual time=188.137..225.571 rows=1000000 loops=1)
               Sort Key: s_3.a, s_3.b, s_3.c
               Sort Method: quicksort  Memory: 102702kB
               ->  Seq Scan on s_3  (cost=0.00..16370.00 rows=1000000 width=20) (actual time=0.011..55.873 rows=1000000 loops=1)
 Planning time: 0.220 ms
 Execution time: 696.183 ms
(10 rows)

===== 224 [Wed Mar  7 02:22:43 CET 2018] scale:1000000 groups:100 work_mem:256MB incremental:off max_workers:2 =====
SELECT * FROM (SELECT * FROM s_4 ORDER BY a, b, c, d) foo ORDER BY a, b, c, d, e
                                                           QUERY PLAN                                                            
---------------------------------------------------------------------------------------------------------------------------------
 Limit  (cost=240685.69..240685.69 rows=1 width=20) (actual time=592.637..592.637 rows=0 loops=1)
   ->  Sort  (cost=228185.69..230685.69 rows=1000000 width=20) (actual time=537.603..570.777 rows=1000000 loops=1)
         Sort Key: s_4.a, s_4.b, s_4.c, s_4.d, s_4.e
         Sort Method: quicksort  Memory: 102702kB
         ->  Sort  (cost=116027.84..118527.84 rows=1000000 width=20) (actual time=190.183..227.589 rows=1000000 loops=1)
               Sort Key: s_4.a, s_4.b, s_4.c, s_4.d
               Sort Method: quicksort  Memory: 102702kB
               ->  Seq Scan on s_4  (cost=0.00..16370.00 rows=1000000 width=20) (actual time=0.011..55.841 rows=1000000 loops=1)
 Planning time: 0.239 ms
 Execution time: 600.751 ms
(10 rows)

===== 225 [Wed Mar  7 02:22:54 CET 2018] scale:1000000 groups:1000 work_mem:4MB incremental:on max_workers:0 =====
SELECT * FROM (SELECT * FROM s_1 ORDER BY a) foo ORDER BY a, b
                                                           QUERY PLAN                                                            
---------------------------------------------------------------------------------------------------------------------------------
 Limit  (cost=226379.57..226379.57 rows=1 width=20) (actual time=659.451..659.451 rows=0 loops=1)
   ->  Incremental Sort  (cost=136600.10..216379.57 rows=1000000 width=20) (actual time=227.733..633.924 rows=1000000 loops=1)
         Sort Key: s_1.a, s_1.b
         Presorted Key: s_1.a
         Sort Method: quicksort  Memory: 135kB
         Sort Groups: 1001
         ->  Sort  (cost=136537.84..139037.84 rows=1000000 width=20) (actual time=227.517..322.205 rows=1000000 loops=1)
               Sort Key: s_1.a
               Sort Method: external merge  Disk: 29360kB
               ->  Seq Scan on s_1  (cost=0.00..16370.00 rows=1000000 width=20) (actual time=0.016..68.210 rows=1000000 loops=1)
 Planning time: 0.225 ms
 Execution time: 663.058 ms
(12 rows)

===== 226 [Wed Mar  7 02:22:57 CET 2018] scale:1000000 groups:1000 work_mem:4MB incremental:on max_workers:0 =====
SELECT * FROM (SELECT * FROM s_2 ORDER BY a, b) foo ORDER BY a, b, c
                                                           QUERY PLAN                                                            
---------------------------------------------------------------------------------------------------------------------------------
 Limit  (cost=195147.48..195147.48 rows=1 width=20) (actual time=567.627..567.627 rows=0 loops=1)
   ->  Incremental Sort  (cost=136538.13..185147.48 rows=1000000 width=20) (actual time=242.900..542.043 rows=1000000 loops=1)
         Sort Key: s_2.a, s_2.b, s_2.c
         Presorted Key: s_2.a, s_2.b
         Sort Method: quicksort  Memory: 28kB
         Sort Groups: 30773
         ->  Sort  (cost=136537.84..139037.84 rows=1000000 width=20) (actual time=242.853..342.141 rows=1000000 loops=1)
               Sort Key: s_2.a, s_2.b
               Sort Method: external merge  Disk: 29360kB
               ->  Seq Scan on s_2  (cost=0.00..16370.00 rows=1000000 width=20) (actual time=0.020..68.284 rows=1000000 loops=1)
 Planning time: 0.224 ms
 Execution time: 571.269 ms
(12 rows)

===== 227 [Wed Mar  7 02:22:59 CET 2018] scale:1000000 groups:1000 work_mem:4MB incremental:on max_workers:0 =====
SELECT * FROM (SELECT * FROM s_3 ORDER BY a, b, c) foo ORDER BY a, b, c, d
                                                           QUERY PLAN                                                            
---------------------------------------------------------------------------------------------------------------------------------
 Limit  (cost=195147.48..195147.48 rows=1 width=20) (actual time=506.005..506.005 rows=0 loops=1)
   ->  Incremental Sort  (cost=136538.13..185147.48 rows=1000000 width=20) (actual time=245.991..480.596 rows=1000000 loops=1)
         Sort Key: s_3.a, s_3.b, s_3.c, s_3.d
         Presorted Key: s_3.a, s_3.b, s_3.c
         Sort Method: quicksort  Memory: 27kB
         Sort Groups: 31250
         ->  Sort  (cost=136537.84..139037.84 rows=1000000 width=20) (actual time=245.948..344.876 rows=1000000 loops=1)
               Sort Key: s_3.a, s_3.b, s_3.c
               Sort Method: external merge  Disk: 29360kB
               ->  Seq Scan on s_3  (cost=0.00..16370.00 rows=1000000 width=20) (actual time=0.023..68.470 rows=1000000 loops=1)
 Planning time: 0.225 ms
 Execution time: 509.646 ms
(12 rows)

===== 228 [Wed Mar  7 02:23:02 CET 2018] scale:1000000 groups:1000 work_mem:4MB incremental:on max_workers:0 =====
SELECT * FROM (SELECT * FROM s_4 ORDER BY a, b, c, d) foo ORDER BY a, b, c, d, e
                                                           QUERY PLAN                                                            
---------------------------------------------------------------------------------------------------------------------------------
 Limit  (cost=195147.48..195147.48 rows=1 width=20) (actual time=492.758..492.758 rows=0 loops=1)
   ->  Incremental Sort  (cost=136538.13..185147.48 rows=1000000 width=20) (actual time=245.065..470.121 rows=1000000 loops=1)
         Sort Key: s_4.a, s_4.b, s_4.c, s_4.d, s_4.e
         Presorted Key: s_4.a, s_4.b, s_4.c, s_4.d
         Sort Method: quicksort  Memory: 27kB
         Sort Groups: 31250
         ->  Sort  (cost=136537.84..139037.84 rows=1000000 width=20) (actual time=245.021..343.718 rows=1000000 loops=1)
               Sort Key: s_4.a, s_4.b, s_4.c, s_4.d
               Sort Method: external merge  Disk: 29360kB
               ->  Seq Scan on s_4  (cost=0.00..16370.00 rows=1000000 width=20) (actual time=0.020..68.381 rows=1000000 loops=1)
 Planning time: 0.240 ms
 Execution time: 496.427 ms
(12 rows)

===== 229 [Wed Mar  7 02:23:04 CET 2018] scale:1000000 groups:1000 work_mem:4MB incremental:off max_workers:0 =====
SELECT * FROM (SELECT * FROM s_1 ORDER BY a) foo ORDER BY a, b
                                                           QUERY PLAN                                                            
---------------------------------------------------------------------------------------------------------------------------------
 Limit  (cost=281705.69..281705.69 rows=1 width=20) (actual time=793.223..793.223 rows=0 loops=1)
   ->  Sort  (cost=269205.69..271705.69 rows=1000000 width=20) (actual time=688.410..771.315 rows=1000000 loops=1)
         Sort Key: s_1.a, s_1.b
         Sort Method: external merge  Disk: 29360kB
         ->  Sort  (cost=136537.84..139037.84 rows=1000000 width=20) (actual time=213.780..310.700 rows=1000000 loops=1)
               Sort Key: s_1.a
               Sort Method: external merge  Disk: 29360kB
               ->  Seq Scan on s_1  (cost=0.00..16370.00 rows=1000000 width=20) (actual time=0.007..51.288 rows=1000000 loops=1)
 Planning time: 0.212 ms
 Execution time: 800.383 ms
(10 rows)

===== 230 [Wed Mar  7 02:23:08 CET 2018] scale:1000000 groups:1000 work_mem:4MB incremental:off max_workers:0 =====
SELECT * FROM (SELECT * FROM s_2 ORDER BY a, b) foo ORDER BY a, b, c
                                                           QUERY PLAN                                                            
---------------------------------------------------------------------------------------------------------------------------------
 Limit  (cost=281705.69..281705.69 rows=1 width=20) (actual time=778.711..778.711 rows=0 loops=1)
   ->  Sort  (cost=269205.69..271705.69 rows=1000000 width=20) (actual time=674.049..756.798 rows=1000000 loops=1)
         Sort Key: s_2.a, s_2.b, s_2.c
         Sort Method: external merge  Disk: 29360kB
         ->  Sort  (cost=136537.84..139037.84 rows=1000000 width=20) (actual time=229.209..326.283 rows=1000000 loops=1)
               Sort Key: s_2.a, s_2.b
               Sort Method: external merge  Disk: 29360kB
               ->  Seq Scan on s_2  (cost=0.00..16370.00 rows=1000000 width=20) (actual time=0.010..51.329 rows=1000000 loops=1)
 Planning time: 0.215 ms
 Execution time: 785.820 ms
(10 rows)

===== 231 [Wed Mar  7 02:23:12 CET 2018] scale:1000000 groups:1000 work_mem:4MB incremental:off max_workers:0 =====
SELECT * FROM (SELECT * FROM s_3 ORDER BY a, b, c) foo ORDER BY a, b, c, d
                                                           QUERY PLAN                                                            
---------------------------------------------------------------------------------------------------------------------------------
 Limit  (cost=281705.69..281705.69 rows=1 width=20) (actual time=665.046..665.046 rows=0 loops=1)
   ->  Sort  (cost=269205.69..271705.69 rows=1000000 width=20) (actual time=560.441..643.145 rows=1000000 loops=1)
         Sort Key: s_3.a, s_3.b, s_3.c, s_3.d
         Sort Method: external merge  Disk: 29360kB
         ->  Sort  (cost=136537.84..139037.84 rows=1000000 width=20) (actual time=231.415..328.382 rows=1000000 loops=1)
               Sort Key: s_3.a, s_3.b, s_3.c
               Sort Method: external merge  Disk: 29360kB
               ->  Seq Scan on s_3  (cost=0.00..16370.00 rows=1000000 width=20) (actual time=0.014..51.375 rows=1000000 loops=1)
 Planning time: 0.223 ms
 Execution time: 672.190 ms
(10 rows)

===== 232 [Wed Mar  7 02:23:16 CET 2018] scale:1000000 groups:1000 work_mem:4MB incremental:off max_workers:0 =====
SELECT * FROM (SELECT * FROM s_4 ORDER BY a, b, c, d) foo ORDER BY a, b, c, d, e
                                                           QUERY PLAN                                                            
---------------------------------------------------------------------------------------------------------------------------------
 Limit  (cost=281705.69..281705.69 rows=1 width=20) (actual time=594.679..594.679 rows=0 loops=1)
   ->  Sort  (cost=269205.69..271705.69 rows=1000000 width=20) (actual time=490.259..572.790 rows=1000000 loops=1)
         Sort Key: s_4.a, s_4.b, s_4.c, s_4.d, s_4.e
         Sort Method: external merge  Disk: 29360kB
         ->  Sort  (cost=136537.84..139037.84 rows=1000000 width=20) (actual time=231.849..324.915 rows=1000000 loops=1)
               Sort Key: s_4.a, s_4.b, s_4.c, s_4.d
               Sort Method: external merge  Disk: 29360kB
               ->  Seq Scan on s_4  (cost=0.00..16370.00 rows=1000000 width=20) (actual time=0.011..51.548 rows=1000000 loops=1)
 Planning time: 0.230 ms
 Execution time: 601.785 ms
(10 rows)

===== 233 [Wed Mar  7 02:23:19 CET 2018] scale:1000000 groups:1000 work_mem:8MB incremental:on max_workers:0 =====
SELECT * FROM (SELECT * FROM s_1 ORDER BY a) foo ORDER BY a, b
                                                           QUERY PLAN                                                            
---------------------------------------------------------------------------------------------------------------------------------
 Limit  (cost=226379.57..226379.57 rows=1 width=20) (actual time=615.194..615.194 rows=0 loops=1)
   ->  Incremental Sort  (cost=136600.10..216379.57 rows=1000000 width=20) (actual time=185.396..589.792 rows=1000000 loops=1)
         Sort Key: s_1.a, s_1.b
         Presorted Key: s_1.a
         Sort Method: quicksort  Memory: 135kB
         Sort Groups: 1001
         ->  Sort  (cost=136537.84..139037.84 rows=1000000 width=20) (actual time=185.174..276.647 rows=1000000 loops=1)
               Sort Key: s_1.a
               Sort Method: external merge  Disk: 29360kB
               ->  Seq Scan on s_1  (cost=0.00..16370.00 rows=1000000 width=20) (actual time=0.007..51.553 rows=1000000 loops=1)
 Planning time: 0.216 ms
 Execution time: 618.640 ms
(12 rows)

===== 234 [Wed Mar  7 02:23:22 CET 2018] scale:1000000 groups:1000 work_mem:8MB incremental:on max_workers:0 =====
SELECT * FROM (SELECT * FROM s_2 ORDER BY a, b) foo ORDER BY a, b, c
                                                           QUERY PLAN                                                            
---------------------------------------------------------------------------------------------------------------------------------
 Limit  (cost=195147.48..195147.48 rows=1 width=20) (actual time=522.348..522.348 rows=0 loops=1)
   ->  Incremental Sort  (cost=136538.13..185147.48 rows=1000000 width=20) (actual time=202.194..496.750 rows=1000000 loops=1)
         Sort Key: s_2.a, s_2.b, s_2.c
         Presorted Key: s_2.a, s_2.b
         Sort Method: quicksort  Memory: 28kB
         Sort Groups: 30773
         ->  Sort  (cost=136537.84..139037.84 rows=1000000 width=20) (actual time=202.149..298.376 rows=1000000 loops=1)
               Sort Key: s_2.a, s_2.b
               Sort Method: external merge  Disk: 29360kB
               ->  Seq Scan on s_2  (cost=0.00..16370.00 rows=1000000 width=20) (actual time=0.010..51.561 rows=1000000 loops=1)
 Planning time: 0.226 ms
 Execution time: 526.183 ms
(12 rows)

===== 235 [Wed Mar  7 02:23:24 CET 2018] scale:1000000 groups:1000 work_mem:8MB incremental:on max_workers:0 =====
SELECT * FROM (SELECT * FROM s_3 ORDER BY a, b, c) foo ORDER BY a, b, c, d
                                                           QUERY PLAN                                                            
---------------------------------------------------------------------------------------------------------------------------------
 Limit  (cost=195147.48..195147.48 rows=1 width=20) (actual time=464.828..464.828 rows=0 loops=1)
   ->  Incremental Sort  (cost=136538.13..185147.48 rows=1000000 width=20) (actual time=204.913..439.389 rows=1000000 loops=1)
         Sort Key: s_3.a, s_3.b, s_3.c, s_3.d
         Presorted Key: s_3.a, s_3.b, s_3.c
         Sort Method: quicksort  Memory: 27kB
         Sort Groups: 31250
         ->  Sort  (cost=136537.84..139037.84 rows=1000000 width=20) (actual time=204.869..301.874 rows=1000000 loops=1)
               Sort Key: s_3.a, s_3.b, s_3.c
               Sort Method: external merge  Disk: 29360kB
               ->  Seq Scan on s_3  (cost=0.00..16370.00 rows=1000000 width=20) (actual time=0.013..51.778 rows=1000000 loops=1)
 Planning time: 0.231 ms
 Execution time: 468.668 ms
(12 rows)

===== 236 [Wed Mar  7 02:23:26 CET 2018] scale:1000000 groups:1000 work_mem:8MB incremental:on max_workers:0 =====
SELECT * FROM (SELECT * FROM s_4 ORDER BY a, b, c, d) foo ORDER BY a, b, c, d, e
                                                           QUERY PLAN                                                            
---------------------------------------------------------------------------------------------------------------------------------
 Limit  (cost=195147.48..195147.48 rows=1 width=20) (actual time=450.593..450.593 rows=0 loops=1)
   ->  Incremental Sort  (cost=136538.13..185147.48 rows=1000000 width=20) (actual time=204.521..428.021 rows=1000000 loops=1)
         Sort Key: s_4.a, s_4.b, s_4.c, s_4.d, s_4.e
         Presorted Key: s_4.a, s_4.b, s_4.c, s_4.d
         Sort Method: quicksort  Memory: 27kB
         Sort Groups: 31250
         ->  Sort  (cost=136537.84..139037.84 rows=1000000 width=20) (actual time=204.476..301.215 rows=1000000 loops=1)
               Sort Key: s_4.a, s_4.b, s_4.c, s_4.d
               Sort Method: external merge  Disk: 29360kB
               ->  Seq Scan on s_4  (cost=0.00..16370.00 rows=1000000 width=20) (actual time=0.011..51.652 rows=1000000 loops=1)
 Planning time: 0.233 ms
 Execution time: 454.431 ms
(12 rows)

===== 237 [Wed Mar  7 02:23:28 CET 2018] scale:1000000 groups:1000 work_mem:8MB incremental:off max_workers:0 =====
SELECT * FROM (SELECT * FROM s_1 ORDER BY a) foo ORDER BY a, b
                                                           QUERY PLAN                                                            
---------------------------------------------------------------------------------------------------------------------------------
 Limit  (cost=281705.69..281705.69 rows=1 width=20) (actual time=738.021..738.021 rows=0 loops=1)
   ->  Sort  (cost=269205.69..271705.69 rows=1000000 width=20) (actual time=635.441..716.202 rows=1000000 loops=1)
         Sort Key: s_1.a, s_1.b
         Sort Method: external merge  Disk: 29360kB
         ->  Sort  (cost=136537.84..139037.84 rows=1000000 width=20) (actual time=184.704..275.173 rows=1000000 loops=1)
               Sort Key: s_1.a
               Sort Method: external merge  Disk: 29360kB
               ->  Seq Scan on s_1  (cost=0.00..16370.00 rows=1000000 width=20) (actual time=0.007..51.605 rows=1000000 loops=1)
 Planning time: 0.218 ms
 Execution time: 745.329 ms
(10 rows)

===== 238 [Wed Mar  7 02:23:32 CET 2018] scale:1000000 groups:1000 work_mem:8MB incremental:off max_workers:0 =====
SELECT * FROM (SELECT * FROM s_2 ORDER BY a, b) foo ORDER BY a, b, c
                                                           QUERY PLAN                                                            
---------------------------------------------------------------------------------------------------------------------------------
 Limit  (cost=281705.69..281705.69 rows=1 width=20) (actual time=715.420..715.420 rows=0 loops=1)
   ->  Sort  (cost=269205.69..271705.69 rows=1000000 width=20) (actual time=612.896..693.640 rows=1000000 loops=1)
         Sort Key: s_2.a, s_2.b, s_2.c
         Sort Method: external merge  Disk: 29360kB
         ->  Sort  (cost=136537.84..139037.84 rows=1000000 width=20) (actual time=201.254..291.807 rows=1000000 loops=1)
               Sort Key: s_2.a, s_2.b
               Sort Method: external merge  Disk: 29360kB
               ->  Seq Scan on s_2  (cost=0.00..16370.00 rows=1000000 width=20) (actual time=0.010..51.685 rows=1000000 loops=1)
 Planning time: 0.223 ms
 Execution time: 722.733 ms
(10 rows)

===== 239 [Wed Mar  7 02:23:36 CET 2018] scale:1000000 groups:1000 work_mem:8MB incremental:off max_workers:0 =====
SELECT * FROM (SELECT * FROM s_3 ORDER BY a, b, c) foo ORDER BY a, b, c, d
                                                           QUERY PLAN                                                            
---------------------------------------------------------------------------------------------------------------------------------
 Limit  (cost=281705.69..281705.69 rows=1 width=20) (actual time=606.675..606.675 rows=0 loops=1)
   ->  Sort  (cost=269205.69..271705.69 rows=1000000 width=20) (actual time=504.311..584.888 rows=1000000 loops=1)
         Sort Key: s_3.a, s_3.b, s_3.c, s_3.d
         Sort Method: external merge  Disk: 29360kB
         ->  Sort  (cost=136537.84..139037.84 rows=1000000 width=20) (actual time=203.688..294.207 rows=1000000 loops=1)
               Sort Key: s_3.a, s_3.b, s_3.c
               Sort Method: external merge  Disk: 29360kB
               ->  Seq Scan on s_3  (cost=0.00..16370.00 rows=1000000 width=20) (actual time=0.021..51.737 rows=1000000 loops=1)
 Planning time: 0.221 ms
 Execution time: 613.946 ms
(10 rows)

===== 240 [Wed Mar  7 02:23:39 CET 2018] scale:1000000 groups:1000 work_mem:8MB incremental:off max_workers:0 =====
SELECT * FROM (SELECT * FROM s_4 ORDER BY a, b, c, d) foo ORDER BY a, b, c, d, e
                                                           QUERY PLAN                                                            
---------------------------------------------------------------------------------------------------------------------------------
 Limit  (cost=281705.69..281705.69 rows=1 width=20) (actual time=535.755..535.755 rows=0 loops=1)
   ->  Sort  (cost=269205.69..271705.69 rows=1000000 width=20) (actual time=433.374..513.975 rows=1000000 loops=1)
         Sort Key: s_4.a, s_4.b, s_4.c, s_4.d, s_4.e
         Sort Method: external merge  Disk: 29360kB
         ->  Sort  (cost=136537.84..139037.84 rows=1000000 width=20) (actual time=204.456..296.039 rows=1000000 loops=1)
               Sort Key: s_4.a, s_4.b, s_4.c, s_4.d
               Sort Method: external merge  Disk: 29360kB
               ->  Seq Scan on s_4  (cost=0.00..16370.00 rows=1000000 width=20) (actual time=0.011..51.795 rows=1000000 loops=1)
 Planning time: 0.221 ms
 Execution time: 543.052 ms
(10 rows)

===== 241 [Wed Mar  7 02:23:42 CET 2018] scale:1000000 groups:1000 work_mem:16MB incremental:on max_workers:0 =====
SELECT * FROM (SELECT * FROM s_1 ORDER BY a) foo ORDER BY a, b
                                                           QUERY PLAN                                                            
---------------------------------------------------------------------------------------------------------------------------------
 Limit  (cost=226379.57..226379.57 rows=1 width=20) (actual time=619.482..619.482 rows=0 loops=1)
   ->  Incremental Sort  (cost=136600.10..216379.57 rows=1000000 width=20) (actual time=193.650..593.969 rows=1000000 loops=1)
         Sort Key: s_1.a, s_1.b
         Presorted Key: s_1.a
         Sort Method: quicksort  Memory: 135kB
         Sort Groups: 1001
         ->  Sort  (cost=136537.84..139037.84 rows=1000000 width=20) (actual time=193.424..283.227 rows=1000000 loops=1)
               Sort Key: s_1.a
               Sort Method: external merge  Disk: 29392kB
               ->  Seq Scan on s_1  (cost=0.00..16370.00 rows=1000000 width=20) (actual time=0.007..52.112 rows=1000000 loops=1)
 Planning time: 0.218 ms
 Execution time: 623.705 ms
(12 rows)

===== 242 [Wed Mar  7 02:23:45 CET 2018] scale:1000000 groups:1000 work_mem:16MB incremental:on max_workers:0 =====
SELECT * FROM (SELECT * FROM s_2 ORDER BY a, b) foo ORDER BY a, b, c
                                                           QUERY PLAN                                                            
---------------------------------------------------------------------------------------------------------------------------------
 Limit  (cost=195147.48..195147.48 rows=1 width=20) (actual time=528.525..528.525 rows=0 loops=1)
   ->  Incremental Sort  (cost=136538.13..185147.48 rows=1000000 width=20) (actual time=210.478..502.931 rows=1000000 loops=1)
         Sort Key: s_2.a, s_2.b, s_2.c
         Presorted Key: s_2.a, s_2.b
         Sort Method: quicksort  Memory: 28kB
         Sort Groups: 30773
         ->  Sort  (cost=136537.84..139037.84 rows=1000000 width=20) (actual time=210.433..304.587 rows=1000000 loops=1)
               Sort Key: s_2.a, s_2.b
               Sort Method: external merge  Disk: 29392kB
               ->  Seq Scan on s_2  (cost=0.00..16370.00 rows=1000000 width=20) (actual time=0.010..52.138 rows=1000000 loops=1)
 Planning time: 0.223 ms
 Execution time: 532.729 ms
(12 rows)

===== 243 [Wed Mar  7 02:23:48 CET 2018] scale:1000000 groups:1000 work_mem:16MB incremental:on max_workers:0 =====
SELECT * FROM (SELECT * FROM s_3 ORDER BY a, b, c) foo ORDER BY a, b, c, d
                                                           QUERY PLAN                                                            
---------------------------------------------------------------------------------------------------------------------------------
 Limit  (cost=195147.48..195147.48 rows=1 width=20) (actual time=469.027..469.027 rows=0 loops=1)
   ->  Incremental Sort  (cost=136538.13..185147.48 rows=1000000 width=20) (actual time=213.208..443.618 rows=1000000 loops=1)
         Sort Key: s_3.a, s_3.b, s_3.c, s_3.d
         Presorted Key: s_3.a, s_3.b, s_3.c
         Sort Method: quicksort  Memory: 27kB
         Sort Groups: 31250
         ->  Sort  (cost=136537.84..139037.84 rows=1000000 width=20) (actual time=213.163..308.075 rows=1000000 loops=1)
               Sort Key: s_3.a, s_3.b, s_3.c
               Sort Method: external merge  Disk: 29392kB
               ->  Seq Scan on s_3  (cost=0.00..16370.00 rows=1000000 width=20) (actual time=0.013..52.316 rows=1000000 loops=1)
 Planning time: 0.231 ms
 Execution time: 473.221 ms
(12 rows)

===== 244 [Wed Mar  7 02:23:50 CET 2018] scale:1000000 groups:1000 work_mem:16MB incremental:on max_workers:0 =====
SELECT * FROM (SELECT * FROM s_4 ORDER BY a, b, c, d) foo ORDER BY a, b, c, d, e
                                                           QUERY PLAN                                                            
---------------------------------------------------------------------------------------------------------------------------------
 Limit  (cost=195147.48..195147.48 rows=1 width=20) (actual time=457.162..457.162 rows=0 loops=1)
   ->  Incremental Sort  (cost=136538.13..185147.48 rows=1000000 width=20) (actual time=212.415..434.559 rows=1000000 loops=1)
         Sort Key: s_4.a, s_4.b, s_4.c, s_4.d, s_4.e
         Presorted Key: s_4.a, s_4.b, s_4.c, s_4.d
         Sort Method: quicksort  Memory: 27kB
         Sort Groups: 31250
         ->  Sort  (cost=136537.84..139037.84 rows=1000000 width=20) (actual time=212.371..307.549 rows=1000000 loops=1)
               Sort Key: s_4.a, s_4.b, s_4.c, s_4.d
               Sort Method: external merge  Disk: 29392kB
               ->  Seq Scan on s_4  (cost=0.00..16370.00 rows=1000000 width=20) (actual time=0.011..52.290 rows=1000000 loops=1)
 Planning time: 0.238 ms
 Execution time: 461.371 ms
(12 rows)

===== 245 [Wed Mar  7 02:23:52 CET 2018] scale:1000000 groups:1000 work_mem:16MB incremental:off max_workers:0 =====
SELECT * FROM (SELECT * FROM s_1 ORDER BY a) foo ORDER BY a, b
                                                           QUERY PLAN                                                            
---------------------------------------------------------------------------------------------------------------------------------
 Limit  (cost=281705.69..281705.69 rows=1 width=20) (actual time=761.031..761.031 rows=0 loops=1)
   ->  Sort  (cost=269205.69..271705.69 rows=1000000 width=20) (actual time=660.336..739.234 rows=1000000 loops=1)
         Sort Key: s_1.a, s_1.b
         Sort Method: external merge  Disk: 29392kB
         ->  Sort  (cost=136537.84..139037.84 rows=1000000 width=20) (actual time=192.866..282.321 rows=1000000 loops=1)
               Sort Key: s_1.a
               Sort Method: external merge  Disk: 29392kB
               ->  Seq Scan on s_1  (cost=0.00..16370.00 rows=1000000 width=20) (actual time=0.007..52.206 rows=1000000 loops=1)
 Planning time: 0.209 ms
 Execution time: 768.784 ms
(10 rows)

===== 246 [Wed Mar  7 02:23:56 CET 2018] scale:1000000 groups:1000 work_mem:16MB incremental:off max_workers:0 =====
SELECT * FROM (SELECT * FROM s_2 ORDER BY a, b) foo ORDER BY a, b, c
                                                           QUERY PLAN                                                            
---------------------------------------------------------------------------------------------------------------------------------
 Limit  (cost=281705.69..281705.69 rows=1 width=20) (actual time=734.685..734.685 rows=0 loops=1)
   ->  Sort  (cost=269205.69..271705.69 rows=1000000 width=20) (actual time=633.935..712.874 rows=1000000 loops=1)
         Sort Key: s_2.a, s_2.b, s_2.c
         Sort Method: external merge  Disk: 29392kB
         ->  Sort  (cost=136537.84..139037.84 rows=1000000 width=20) (actual time=209.939..299.502 rows=1000000 loops=1)
               Sort Key: s_2.a, s_2.b
               Sort Method: external merge  Disk: 29392kB
               ->  Seq Scan on s_2  (cost=0.00..16370.00 rows=1000000 width=20) (actual time=0.010..52.266 rows=1000000 loops=1)
 Planning time: 0.211 ms
 Execution time: 742.452 ms
(10 rows)

===== 247 [Wed Mar  7 02:24:00 CET 2018] scale:1000000 groups:1000 work_mem:16MB incremental:off max_workers:0 =====
SELECT * FROM (SELECT * FROM s_3 ORDER BY a, b, c) foo ORDER BY a, b, c, d
                                                           QUERY PLAN                                                            
---------------------------------------------------------------------------------------------------------------------------------
 Limit  (cost=281705.69..281705.69 rows=1 width=20) (actual time=621.044..621.044 rows=0 loops=1)
   ->  Sort  (cost=269205.69..271705.69 rows=1000000 width=20) (actual time=520.323..599.261 rows=1000000 loops=1)
         Sort Key: s_3.a, s_3.b, s_3.c, s_3.d
         Sort Method: external merge  Disk: 29392kB
         ->  Sort  (cost=136537.84..139037.84 rows=1000000 width=20) (actual time=211.819..301.285 rows=1000000 loops=1)
               Sort Key: s_3.a, s_3.b, s_3.c
               Sort Method: external merge  Disk: 29392kB
               ->  Seq Scan on s_3  (cost=0.00..16370.00 rows=1000000 width=20) (actual time=0.013..52.320 rows=1000000 loops=1)
 Planning time: 0.224 ms
 Execution time: 627.930 ms
(10 rows)

===== 248 [Wed Mar  7 02:24:03 CET 2018] scale:1000000 groups:1000 work_mem:16MB incremental:off max_workers:0 =====
SELECT * FROM (SELECT * FROM s_4 ORDER BY a, b, c, d) foo ORDER BY a, b, c, d, e
                                                           QUERY PLAN                                                            
---------------------------------------------------------------------------------------------------------------------------------
 Limit  (cost=281705.69..281705.69 rows=1 width=20) (actual time=544.142..544.142 rows=0 loops=1)
   ->  Sort  (cost=269205.69..271705.69 rows=1000000 width=20) (actual time=443.381..522.348 rows=1000000 loops=1)
         Sort Key: s_4.a, s_4.b, s_4.c, s_4.d, s_4.e
         Sort Method: external merge  Disk: 29392kB
         ->  Sort  (cost=136537.84..139037.84 rows=1000000 width=20) (actual time=212.614..302.217 rows=1000000 loops=1)
               Sort Key: s_4.a, s_4.b, s_4.c, s_4.d
               Sort Method: external merge  Disk: 29392kB
               ->  Seq Scan on s_4  (cost=0.00..16370.00 rows=1000000 width=20) (actual time=0.011..52.399 rows=1000000 loops=1)
 Planning time: 0.234 ms
 Execution time: 551.881 ms
(10 rows)

===== 249 [Wed Mar  7 02:24:06 CET 2018] scale:1000000 groups:1000 work_mem:32MB incremental:on max_workers:0 =====
SELECT * FROM (SELECT * FROM s_1 ORDER BY a) foo ORDER BY a, b
                                                           QUERY PLAN                                                            
---------------------------------------------------------------------------------------------------------------------------------
 Limit  (cost=226379.57..226379.57 rows=1 width=20) (actual time=630.980..630.980 rows=0 loops=1)
   ->  Incremental Sort  (cost=136600.10..216379.57 rows=1000000 width=20) (actual time=209.337..605.433 rows=1000000 loops=1)
         Sort Key: s_1.a, s_1.b
         Presorted Key: s_1.a
         Sort Method: quicksort  Memory: 135kB
         Sort Groups: 1001
         ->  Sort  (cost=136537.84..139037.84 rows=1000000 width=20) (actual time=209.123..295.454 rows=1000000 loops=1)
               Sort Key: s_1.a
               Sort Method: external merge  Disk: 29360kB
               ->  Seq Scan on s_1  (cost=0.00..16370.00 rows=1000000 width=20) (actual time=0.007..53.490 rows=1000000 loops=1)
 Planning time: 0.213 ms
 Execution time: 634.468 ms
(12 rows)

===== 250 [Wed Mar  7 02:24:09 CET 2018] scale:1000000 groups:1000 work_mem:32MB incremental:on max_workers:0 =====
SELECT * FROM (SELECT * FROM s_2 ORDER BY a, b) foo ORDER BY a, b, c
                                                           QUERY PLAN                                                            
---------------------------------------------------------------------------------------------------------------------------------
 Limit  (cost=195147.48..195147.48 rows=1 width=20) (actual time=541.208..541.208 rows=0 loops=1)
   ->  Incremental Sort  (cost=136538.13..185147.48 rows=1000000 width=20) (actual time=225.645..515.618 rows=1000000 loops=1)
         Sort Key: s_2.a, s_2.b, s_2.c
         Presorted Key: s_2.a, s_2.b
         Sort Method: quicksort  Memory: 28kB
         Sort Groups: 30773
         ->  Sort  (cost=136537.84..139037.84 rows=1000000 width=20) (actual time=225.600..317.042 rows=1000000 loops=1)
               Sort Key: s_2.a, s_2.b
               Sort Method: external merge  Disk: 29360kB
               ->  Seq Scan on s_2  (cost=0.00..16370.00 rows=1000000 width=20) (actual time=0.010..53.544 rows=1000000 loops=1)
 Planning time: 0.222 ms
 Execution time: 545.770 ms
(12 rows)

===== 251 [Wed Mar  7 02:24:11 CET 2018] scale:1000000 groups:1000 work_mem:32MB incremental:on max_workers:0 =====
SELECT * FROM (SELECT * FROM s_3 ORDER BY a, b, c) foo ORDER BY a, b, c, d
                                                           QUERY PLAN                                                            
---------------------------------------------------------------------------------------------------------------------------------
 Limit  (cost=195147.48..195147.48 rows=1 width=20) (actual time=480.982..480.982 rows=0 loops=1)
   ->  Incremental Sort  (cost=136538.13..185147.48 rows=1000000 width=20) (actual time=228.986..455.603 rows=1000000 loops=1)
         Sort Key: s_3.a, s_3.b, s_3.c, s_3.d
         Presorted Key: s_3.a, s_3.b, s_3.c
         Sort Method: quicksort  Memory: 27kB
         Sort Groups: 31250
         ->  Sort  (cost=136537.84..139037.84 rows=1000000 width=20) (actual time=228.942..321.057 rows=1000000 loops=1)
               Sort Key: s_3.a, s_3.b, s_3.c
               Sort Method: external merge  Disk: 29360kB
               ->  Seq Scan on s_3  (cost=0.00..16370.00 rows=1000000 width=20) (actual time=0.013..53.743 rows=1000000 loops=1)
 Planning time: 0.225 ms
 Execution time: 485.552 ms
(12 rows)

===== 252 [Wed Mar  7 02:24:14 CET 2018] scale:1000000 groups:1000 work_mem:32MB incremental:on max_workers:0 =====
SELECT * FROM (SELECT * FROM s_4 ORDER BY a, b, c, d) foo ORDER BY a, b, c, d, e
                                                           QUERY PLAN                                                            
---------------------------------------------------------------------------------------------------------------------------------
 Limit  (cost=195147.48..195147.48 rows=1 width=20) (actual time=472.446..472.446 rows=0 loops=1)
   ->  Incremental Sort  (cost=136538.13..185147.48 rows=1000000 width=20) (actual time=228.488..449.903 rows=1000000 loops=1)
         Sort Key: s_4.a, s_4.b, s_4.c, s_4.d, s_4.e
         Presorted Key: s_4.a, s_4.b, s_4.c, s_4.d
         Sort Method: quicksort  Memory: 27kB
         Sort Groups: 31250
         ->  Sort  (cost=136537.84..139037.84 rows=1000000 width=20) (actual time=228.445..320.899 rows=1000000 loops=1)
               Sort Key: s_4.a, s_4.b, s_4.c, s_4.d
               Sort Method: external merge  Disk: 29360kB
               ->  Seq Scan on s_4  (cost=0.00..16370.00 rows=1000000 width=20) (actual time=0.011..53.513 rows=1000000 loops=1)
 Planning time: 0.235 ms
 Execution time: 477.009 ms
(12 rows)

===== 253 [Wed Mar  7 02:24:16 CET 2018] scale:1000000 groups:1000 work_mem:32MB incremental:off max_workers:0 =====
SELECT * FROM (SELECT * FROM s_1 ORDER BY a) foo ORDER BY a, b
                                                           QUERY PLAN                                                            
---------------------------------------------------------------------------------------------------------------------------------
 Limit  (cost=281705.69..281705.69 rows=1 width=20) (actual time=791.048..791.048 rows=0 loops=1)
   ->  Sort  (cost=269205.69..271705.69 rows=1000000 width=20) (actual time=692.694..769.244 rows=1000000 loops=1)
         Sort Key: s_1.a, s_1.b
         Sort Method: external merge  Disk: 29360kB
         ->  Sort  (cost=136537.84..139037.84 rows=1000000 width=20) (actual time=208.270..294.349 rows=1000000 loops=1)
               Sort Key: s_1.a
               Sort Method: external merge  Disk: 29360kB
               ->  Seq Scan on s_1  (cost=0.00..16370.00 rows=1000000 width=20) (actual time=0.007..53.607 rows=1000000 loops=1)
 Planning time: 0.212 ms
 Execution time: 799.028 ms
(10 rows)

===== 254 [Wed Mar  7 02:24:20 CET 2018] scale:1000000 groups:1000 work_mem:32MB incremental:off max_workers:0 =====
SELECT * FROM (SELECT * FROM s_2 ORDER BY a, b) foo ORDER BY a, b, c
                                                           QUERY PLAN                                                            
---------------------------------------------------------------------------------------------------------------------------------
 Limit  (cost=281705.69..281705.69 rows=1 width=20) (actual time=760.666..760.666 rows=0 loops=1)
   ->  Sort  (cost=269205.69..271705.69 rows=1000000 width=20) (actual time=662.343..738.866 rows=1000000 loops=1)
         Sort Key: s_2.a, s_2.b, s_2.c
         Sort Method: external merge  Disk: 29360kB
         ->  Sort  (cost=136537.84..139037.84 rows=1000000 width=20) (actual time=224.547..310.613 rows=1000000 loops=1)
               Sort Key: s_2.a, s_2.b
               Sort Method: external merge  Disk: 29360kB
               ->  Seq Scan on s_2  (cost=0.00..16370.00 rows=1000000 width=20) (actual time=0.010..53.614 rows=1000000 loops=1)
 Planning time: 0.219 ms
 Execution time: 768.658 ms
(10 rows)

===== 255 [Wed Mar  7 02:24:24 CET 2018] scale:1000000 groups:1000 work_mem:32MB incremental:off max_workers:0 =====
SELECT * FROM (SELECT * FROM s_3 ORDER BY a, b, c) foo ORDER BY a, b, c, d
                                                           QUERY PLAN                                                            
---------------------------------------------------------------------------------------------------------------------------------
 Limit  (cost=281705.69..281705.69 rows=1 width=20) (actual time=652.417..652.417 rows=0 loops=1)
   ->  Sort  (cost=269205.69..271705.69 rows=1000000 width=20) (actual time=554.040..630.626 rows=1000000 loops=1)
         Sort Key: s_3.a, s_3.b, s_3.c, s_3.d
         Sort Method: external merge  Disk: 29360kB
         ->  Sort  (cost=136537.84..139037.84 rows=1000000 width=20) (actual time=227.039..313.066 rows=1000000 loops=1)
               Sort Key: s_3.a, s_3.b, s_3.c
               Sort Method: external merge  Disk: 29360kB
               ->  Seq Scan on s_3  (cost=0.00..16370.00 rows=1000000 width=20) (actual time=0.013..53.694 rows=1000000 loops=1)
 Planning time: 0.216 ms
 Execution time: 660.401 ms
(10 rows)

===== 256 [Wed Mar  7 02:24:27 CET 2018] scale:1000000 groups:1000 work_mem:32MB incremental:off max_workers:0 =====
SELECT * FROM (SELECT * FROM s_4 ORDER BY a, b, c, d) foo ORDER BY a, b, c, d, e
                                                           QUERY PLAN                                                            
---------------------------------------------------------------------------------------------------------------------------------
 Limit  (cost=281705.69..281705.69 rows=1 width=20) (actual time=568.248..568.248 rows=0 loops=1)
   ->  Sort  (cost=269205.69..271705.69 rows=1000000 width=20) (actual time=469.211..546.409 rows=1000000 loops=1)
         Sort Key: s_4.a, s_4.b, s_4.c, s_4.d, s_4.e
         Sort Method: external merge  Disk: 29360kB
         ->  Sort  (cost=136537.84..139037.84 rows=1000000 width=20) (actual time=227.082..314.603 rows=1000000 loops=1)
               Sort Key: s_4.a, s_4.b, s_4.c, s_4.d
               Sort Method: external merge  Disk: 29360kB
               ->  Seq Scan on s_4  (cost=0.00..16370.00 rows=1000000 width=20) (actual time=0.011..53.734 rows=1000000 loops=1)
 Planning time: 0.223 ms
 Execution time: 576.217 ms
(10 rows)

===== 257 [Wed Mar  7 02:24:30 CET 2018] scale:1000000 groups:1000 work_mem:64MB incremental:on max_workers:0 =====
SELECT * FROM (SELECT * FROM s_1 ORDER BY a) foo ORDER BY a, b
                                                           QUERY PLAN                                                            
---------------------------------------------------------------------------------------------------------------------------------
 Limit  (cost=205869.57..205869.57 rows=1 width=20) (actual time=652.166..652.166 rows=0 loops=1)
   ->  Incremental Sort  (cost=116090.10..195869.57 rows=1000000 width=20) (actual time=227.550..626.648 rows=1000000 loops=1)
         Sort Key: s_1.a, s_1.b
         Presorted Key: s_1.a
         Sort Method: quicksort  Memory: 135kB
         Sort Groups: 1001
         ->  Sort  (cost=116027.84..118527.84 rows=1000000 width=20) (actual time=227.331..311.013 rows=1000000 loops=1)
               Sort Key: s_1.a
               Sort Method: external merge  Disk: 29360kB
               ->  Seq Scan on s_1  (cost=0.00..16370.00 rows=1000000 width=20) (actual time=0.007..55.110 rows=1000000 loops=1)
 Planning time: 0.218 ms
 Execution time: 655.625 ms
(12 rows)

===== 258 [Wed Mar  7 02:24:34 CET 2018] scale:1000000 groups:1000 work_mem:64MB incremental:on max_workers:0 =====
SELECT * FROM (SELECT * FROM s_2 ORDER BY a, b) foo ORDER BY a, b, c
                                                           QUERY PLAN                                                            
---------------------------------------------------------------------------------------------------------------------------------
 Limit  (cost=174637.48..174637.48 rows=1 width=20) (actual time=562.797..562.797 rows=0 loops=1)
   ->  Incremental Sort  (cost=116028.13..164637.48 rows=1000000 width=20) (actual time=244.923..537.253 rows=1000000 loops=1)
         Sort Key: s_2.a, s_2.b, s_2.c
         Presorted Key: s_2.a, s_2.b
         Sort Method: quicksort  Memory: 28kB
         Sort Groups: 30773
         ->  Sort  (cost=116027.84..118527.84 rows=1000000 width=20) (actual time=244.877..332.141 rows=1000000 loops=1)
               Sort Key: s_2.a, s_2.b
               Sort Method: external merge  Disk: 29360kB
               ->  Seq Scan on s_2  (cost=0.00..16370.00 rows=1000000 width=20) (actual time=0.010..55.354 rows=1000000 loops=1)
 Planning time: 0.226 ms
 Execution time: 566.263 ms
(12 rows)

===== 259 [Wed Mar  7 02:24:36 CET 2018] scale:1000000 groups:1000 work_mem:64MB incremental:on max_workers:0 =====
SELECT * FROM (SELECT * FROM s_3 ORDER BY a, b, c) foo ORDER BY a, b, c, d
                                                           QUERY PLAN                                                            
---------------------------------------------------------------------------------------------------------------------------------
 Limit  (cost=174637.48..174637.48 rows=1 width=20) (actual time=492.486..492.486 rows=0 loops=1)
   ->  Incremental Sort  (cost=116028.13..164637.48 rows=1000000 width=20) (actual time=246.637..467.100 rows=1000000 loops=1)
         Sort Key: s_3.a, s_3.b, s_3.c, s_3.d
         Presorted Key: s_3.a, s_3.b, s_3.c
         Sort Method: quicksort  Memory: 27kB
         Sort Groups: 31250
         ->  Sort  (cost=116027.84..118527.84 rows=1000000 width=20) (actual time=246.592..332.828 rows=1000000 loops=1)
               Sort Key: s_3.a, s_3.b, s_3.c
               Sort Method: external merge  Disk: 29360kB
               ->  Seq Scan on s_3  (cost=0.00..16370.00 rows=1000000 width=20) (actual time=0.013..55.358 rows=1000000 loops=1)
 Planning time: 0.230 ms
 Execution time: 495.965 ms
(12 rows)

===== 260 [Wed Mar  7 02:24:39 CET 2018] scale:1000000 groups:1000 work_mem:64MB incremental:on max_workers:0 =====
SELECT * FROM (SELECT * FROM s_4 ORDER BY a, b, c, d) foo ORDER BY a, b, c, d, e
                                                           QUERY PLAN                                                            
---------------------------------------------------------------------------------------------------------------------------------
 Limit  (cost=174637.48..174637.48 rows=1 width=20) (actual time=485.244..485.244 rows=0 loops=1)
   ->  Incremental Sort  (cost=116028.13..164637.48 rows=1000000 width=20) (actual time=246.335..462.745 rows=1000000 loops=1)
         Sort Key: s_4.a, s_4.b, s_4.c, s_4.d, s_4.e
         Presorted Key: s_4.a, s_4.b, s_4.c, s_4.d
         Sort Method: quicksort  Memory: 27kB
         Sort Groups: 31250
         ->  Sort  (cost=116027.84..118527.84 rows=1000000 width=20) (actual time=246.292..332.785 rows=1000000 loops=1)
               Sort Key: s_4.a, s_4.b, s_4.c, s_4.d
               Sort Method: external merge  Disk: 29360kB
               ->  Seq Scan on s_4  (cost=0.00..16370.00 rows=1000000 width=20) (actual time=0.014..55.390 rows=1000000 loops=1)
 Planning time: 0.233 ms
 Execution time: 488.710 ms
(12 rows)

===== 261 [Wed Mar  7 02:24:41 CET 2018] scale:1000000 groups:1000 work_mem:64MB incremental:off max_workers:0 =====
SELECT * FROM (SELECT * FROM s_1 ORDER BY a) foo ORDER BY a, b
                                                           QUERY PLAN                                                            
---------------------------------------------------------------------------------------------------------------------------------
 Limit  (cost=240685.69..240685.69 rows=1 width=20) (actual time=816.123..816.123 rows=0 loops=1)
   ->  Sort  (cost=228185.69..230685.69 rows=1000000 width=20) (actual time=721.912..794.163 rows=1000000 loops=1)
         Sort Key: s_1.a, s_1.b
         Sort Method: external merge  Disk: 29360kB
         ->  Sort  (cost=116027.84..118527.84 rows=1000000 width=20) (actual time=227.158..309.936 rows=1000000 loops=1)
               Sort Key: s_1.a
               Sort Method: external merge  Disk: 29360kB
               ->  Seq Scan on s_1  (cost=0.00..16370.00 rows=1000000 width=20) (actual time=0.007..55.316 rows=1000000 loops=1)
 Planning time: 0.210 ms
 Execution time: 823.029 ms
(10 rows)

===== 262 [Wed Mar  7 02:24:45 CET 2018] scale:1000000 groups:1000 work_mem:64MB incremental:off max_workers:0 =====
SELECT * FROM (SELECT * FROM s_2 ORDER BY a, b) foo ORDER BY a, b, c
                                                           QUERY PLAN                                                            
---------------------------------------------------------------------------------------------------------------------------------
 Limit  (cost=240685.69..240685.69 rows=1 width=20) (actual time=785.323..785.323 rows=0 loops=1)
   ->  Sort  (cost=228185.69..230685.69 rows=1000000 width=20) (actual time=691.101..763.342 rows=1000000 loops=1)
         Sort Key: s_2.a, s_2.b, s_2.c
         Sort Method: external merge  Disk: 29360kB
         ->  Sort  (cost=116027.84..118527.84 rows=1000000 width=20) (actual time=244.059..326.787 rows=1000000 loops=1)
               Sort Key: s_2.a, s_2.b
               Sort Method: external merge  Disk: 29360kB
               ->  Seq Scan on s_2  (cost=0.00..16370.00 rows=1000000 width=20) (actual time=0.010..55.363 rows=1000000 loops=1)
 Planning time: 0.211 ms
 Execution time: 792.221 ms
(10 rows)

===== 263 [Wed Mar  7 02:24:49 CET 2018] scale:1000000 groups:1000 work_mem:64MB incremental:off max_workers:0 =====
SELECT * FROM (SELECT * FROM s_3 ORDER BY a, b, c) foo ORDER BY a, b, c, d
                                                           QUERY PLAN                                                            
---------------------------------------------------------------------------------------------------------------------------------
 Limit  (cost=240685.69..240685.69 rows=1 width=20) (actual time=676.139..676.139 rows=0 loops=1)
   ->  Sort  (cost=228185.69..230685.69 rows=1000000 width=20) (actual time=581.885..654.181 rows=1000000 loops=1)
         Sort Key: s_3.a, s_3.b, s_3.c, s_3.d
         Sort Method: external merge  Disk: 29360kB
         ->  Sort  (cost=116027.84..118527.84 rows=1000000 width=20) (actual time=246.276..329.045 rows=1000000 loops=1)
               Sort Key: s_3.a, s_3.b, s_3.c
               Sort Method: external merge  Disk: 29360kB
               ->  Seq Scan on s_3  (cost=0.00..16370.00 rows=1000000 width=20) (actual time=0.013..55.397 rows=1000000 loops=1)
 Planning time: 0.215 ms
 Execution time: 683.041 ms
(10 rows)

===== 264 [Wed Mar  7 02:24:53 CET 2018] scale:1000000 groups:1000 work_mem:64MB incremental:off max_workers:0 =====
SELECT * FROM (SELECT * FROM s_4 ORDER BY a, b, c, d) foo ORDER BY a, b, c, d, e
                                                           QUERY PLAN                                                            
---------------------------------------------------------------------------------------------------------------------------------
 Limit  (cost=240685.69..240685.69 rows=1 width=20) (actual time=577.543..577.543 rows=0 loops=1)
   ->  Sort  (cost=228185.69..230685.69 rows=1000000 width=20) (actual time=483.406..555.702 rows=1000000 loops=1)
         Sort Key: s_4.a, s_4.b, s_4.c, s_4.d, s_4.e
         Sort Method: external merge  Disk: 29360kB
         ->  Sort  (cost=116027.84..118527.84 rows=1000000 width=20) (actual time=246.926..328.418 rows=1000000 loops=1)
               Sort Key: s_4.a, s_4.b, s_4.c, s_4.d
               Sort Method: external merge  Disk: 29360kB
               ->  Seq Scan on s_4  (cost=0.00..16370.00 rows=1000000 width=20) (actual time=0.011..55.531 rows=1000000 loops=1)
 Planning time: 0.225 ms
 Execution time: 584.458 ms
(10 rows)

===== 265 [Wed Mar  7 02:24:56 CET 2018] scale:1000000 groups:1000 work_mem:128MB incremental:on max_workers:0 =====
SELECT * FROM (SELECT * FROM s_1 ORDER BY a) foo ORDER BY a, b
                                                           QUERY PLAN                                                            
---------------------------------------------------------------------------------------------------------------------------------
 Limit  (cost=205869.57..205869.57 rows=1 width=20) (actual time=543.663..543.663 rows=0 loops=1)
   ->  Incremental Sort  (cost=116090.10..195869.57 rows=1000000 width=20) (actual time=164.053..518.121 rows=1000000 loops=1)
         Sort Key: s_1.a, s_1.b
         Presorted Key: s_1.a
         Sort Method: quicksort  Memory: 135kB
         Sort Groups: 1001
         ->  Sort  (cost=116027.84..118527.84 rows=1000000 width=20) (actual time=163.840..199.456 rows=1000000 loops=1)
               Sort Key: s_1.a
               Sort Method: quicksort  Memory: 102702kB
               ->  Seq Scan on s_1  (cost=0.00..16370.00 rows=1000000 width=20) (actual time=0.007..55.399 rows=1000000 loops=1)
 Planning time: 0.217 ms
 Execution time: 548.002 ms
(12 rows)

===== 266 [Wed Mar  7 02:24:58 CET 2018] scale:1000000 groups:1000 work_mem:128MB incremental:on max_workers:0 =====
SELECT * FROM (SELECT * FROM s_2 ORDER BY a, b) foo ORDER BY a, b, c
                                                           QUERY PLAN                                                            
---------------------------------------------------------------------------------------------------------------------------------
 Limit  (cost=174637.48..174637.48 rows=1 width=20) (actual time=452.732..452.732 rows=0 loops=1)
   ->  Incremental Sort  (cost=116028.13..164637.48 rows=1000000 width=20) (actual time=181.101..427.281 rows=1000000 loops=1)
         Sort Key: s_2.a, s_2.b, s_2.c
         Presorted Key: s_2.a, s_2.b
         Sort Method: quicksort  Memory: 28kB
         Sort Groups: 30773
         ->  Sort  (cost=116027.84..118527.84 rows=1000000 width=20) (actual time=181.057..222.854 rows=1000000 loops=1)
               Sort Key: s_2.a, s_2.b
               Sort Method: quicksort  Memory: 102702kB
               ->  Seq Scan on s_2  (cost=0.00..16370.00 rows=1000000 width=20) (actual time=0.010..55.774 rows=1000000 loops=1)
 Planning time: 0.228 ms
 Execution time: 457.071 ms
(12 rows)

===== 267 [Wed Mar  7 02:25:00 CET 2018] scale:1000000 groups:1000 work_mem:128MB incremental:on max_workers:0 =====
SELECT * FROM (SELECT * FROM s_3 ORDER BY a, b, c) foo ORDER BY a, b, c, d
                                                           QUERY PLAN                                                            
---------------------------------------------------------------------------------------------------------------------------------
 Limit  (cost=174637.48..174637.48 rows=1 width=20) (actual time=393.381..393.381 rows=0 loops=1)
   ->  Incremental Sort  (cost=116028.13..164637.48 rows=1000000 width=20) (actual time=182.414..367.976 rows=1000000 loops=1)
         Sort Key: s_3.a, s_3.b, s_3.c, s_3.d
         Presorted Key: s_3.a, s_3.b, s_3.c
         Sort Method: quicksort  Memory: 27kB
         Sort Groups: 31250
         ->  Sort  (cost=116027.84..118527.84 rows=1000000 width=20) (actual time=182.372..223.177 rows=1000000 loops=1)
               Sort Key: s_3.a, s_3.b, s_3.c
               Sort Method: quicksort  Memory: 102702kB
               ->  Seq Scan on s_3  (cost=0.00..16370.00 rows=1000000 width=20) (actual time=0.013..55.672 rows=1000000 loops=1)
 Planning time: 0.233 ms
 Execution time: 397.718 ms
(12 rows)

===== 268 [Wed Mar  7 02:25:02 CET 2018] scale:1000000 groups:1000 work_mem:128MB incremental:on max_workers:0 =====
SELECT * FROM (SELECT * FROM s_4 ORDER BY a, b, c, d) foo ORDER BY a, b, c, d, e
                                                           QUERY PLAN                                                            
---------------------------------------------------------------------------------------------------------------------------------
 Limit  (cost=174637.48..174637.48 rows=1 width=20) (actual time=395.427..395.427 rows=0 loops=1)
   ->  Incremental Sort  (cost=116028.13..164637.48 rows=1000000 width=20) (actual time=182.779..373.028 rows=1000000 loops=1)
         Sort Key: s_4.a, s_4.b, s_4.c, s_4.d, s_4.e
         Presorted Key: s_4.a, s_4.b, s_4.c, s_4.d
         Sort Method: quicksort  Memory: 27kB
         Sort Groups: 31250
         ->  Sort  (cost=116027.84..118527.84 rows=1000000 width=20) (actual time=182.737..224.634 rows=1000000 loops=1)
               Sort Key: s_4.a, s_4.b, s_4.c, s_4.d
               Sort Method: quicksort  Memory: 102702kB
               ->  Seq Scan on s_4  (cost=0.00..16370.00 rows=1000000 width=20) (actual time=0.011..55.531 rows=1000000 loops=1)
 Planning time: 0.237 ms
 Execution time: 399.773 ms
(12 rows)

===== 269 [Wed Mar  7 02:25:04 CET 2018] scale:1000000 groups:1000 work_mem:128MB incremental:off max_workers:0 =====
SELECT * FROM (SELECT * FROM s_1 ORDER BY a) foo ORDER BY a, b
                                                           QUERY PLAN                                                            
---------------------------------------------------------------------------------------------------------------------------------
 Limit  (cost=240685.69..240685.69 rows=1 width=20) (actual time=638.756..638.756 rows=0 loops=1)
   ->  Sort  (cost=228185.69..230685.69 rows=1000000 width=20) (actual time=558.383..617.113 rows=1000000 loops=1)
         Sort Key: s_1.a, s_1.b
         Sort Method: quicksort  Memory: 102702kB
         ->  Sort  (cost=116027.84..118527.84 rows=1000000 width=20) (actual time=163.479..200.907 rows=1000000 loops=1)
               Sort Key: s_1.a
               Sort Method: quicksort  Memory: 102702kB
               ->  Seq Scan on s_1  (cost=0.00..16370.00 rows=1000000 width=20) (actual time=0.007..55.611 rows=1000000 loops=1)
 Planning time: 0.212 ms
 Execution time: 646.970 ms
(10 rows)

===== 270 [Wed Mar  7 02:25:07 CET 2018] scale:1000000 groups:1000 work_mem:128MB incremental:off max_workers:0 =====
SELECT * FROM (SELECT * FROM s_2 ORDER BY a, b) foo ORDER BY a, b, c
                                                           QUERY PLAN                                                            
---------------------------------------------------------------------------------------------------------------------------------
 Limit  (cost=240685.69..240685.69 rows=1 width=20) (actual time=603.767..603.767 rows=0 loops=1)
   ->  Sort  (cost=228185.69..230685.69 rows=1000000 width=20) (actual time=547.295..582.016 rows=1000000 loops=1)
         Sort Key: s_2.a, s_2.b, s_2.c
         Sort Method: quicksort  Memory: 102702kB
         ->  Sort  (cost=116027.84..118527.84 rows=1000000 width=20) (actual time=179.804..217.144 rows=1000000 loops=1)
               Sort Key: s_2.a, s_2.b
               Sort Method: quicksort  Memory: 102702kB
               ->  Seq Scan on s_2  (cost=0.00..16370.00 rows=1000000 width=20) (actual time=0.010..55.662 rows=1000000 loops=1)
 Planning time: 0.214 ms
 Execution time: 611.960 ms
(10 rows)

===== 271 [Wed Mar  7 02:25:10 CET 2018] scale:1000000 groups:1000 work_mem:128MB incremental:off max_workers:0 =====
SELECT * FROM (SELECT * FROM s_3 ORDER BY a, b, c) foo ORDER BY a, b, c, d
                                                           QUERY PLAN                                                            
---------------------------------------------------------------------------------------------------------------------------------
 Limit  (cost=240685.69..240685.69 rows=1 width=20) (actual time=493.681..493.681 rows=0 loops=1)
   ->  Sort  (cost=228185.69..230685.69 rows=1000000 width=20) (actual time=438.585..471.949 rows=1000000 loops=1)
         Sort Key: s_3.a, s_3.b, s_3.c, s_3.d
         Sort Method: quicksort  Memory: 102702kB
         ->  Sort  (cost=116027.84..118527.84 rows=1000000 width=20) (actual time=182.803..220.233 rows=1000000 loops=1)
               Sort Key: s_3.a, s_3.b, s_3.c
               Sort Method: quicksort  Memory: 102702kB
               ->  Seq Scan on s_3  (cost=0.00..16370.00 rows=1000000 width=20) (actual time=0.013..55.742 rows=1000000 loops=1)
 Planning time: 0.228 ms
 Execution time: 501.906 ms
(10 rows)

===== 272 [Wed Mar  7 02:25:13 CET 2018] scale:1000000 groups:1000 work_mem:128MB incremental:off max_workers:0 =====
SELECT * FROM (SELECT * FROM s_4 ORDER BY a, b, c, d) foo ORDER BY a, b, c, d, e
                                                           QUERY PLAN                                                            
---------------------------------------------------------------------------------------------------------------------------------
 Limit  (cost=240685.69..240685.69 rows=1 width=20) (actual time=396.950..396.950 rows=0 loops=1)
   ->  Sort  (cost=228185.69..230685.69 rows=1000000 width=20) (actual time=341.826..375.079 rows=1000000 loops=1)
         Sort Key: s_4.a, s_4.b, s_4.c, s_4.d, s_4.e
         Sort Method: quicksort  Memory: 102702kB
         ->  Sort  (cost=116027.84..118527.84 rows=1000000 width=20) (actual time=182.818..220.257 rows=1000000 loops=1)
               Sort Key: s_4.a, s_4.b, s_4.c, s_4.d
               Sort Method: quicksort  Memory: 102702kB
               ->  Seq Scan on s_4  (cost=0.00..16370.00 rows=1000000 width=20) (actual time=0.011..55.884 rows=1000000 loops=1)
 Planning time: 0.227 ms
 Execution time: 405.143 ms
(10 rows)

===== 273 [Wed Mar  7 02:25:15 CET 2018] scale:1000000 groups:1000 work_mem:256MB incremental:on max_workers:0 =====
SELECT * FROM (SELECT * FROM s_1 ORDER BY a) foo ORDER BY a, b
                                                           QUERY PLAN                                                            
---------------------------------------------------------------------------------------------------------------------------------
 Limit  (cost=205869.57..205869.57 rows=1 width=20) (actual time=543.970..543.970 rows=0 loops=1)
   ->  Incremental Sort  (cost=116090.10..195869.57 rows=1000000 width=20) (actual time=164.305..518.440 rows=1000000 loops=1)
         Sort Key: s_1.a, s_1.b
         Presorted Key: s_1.a
         Sort Method: quicksort  Memory: 135kB
         Sort Groups: 1001
         ->  Sort  (cost=116027.84..118527.84 rows=1000000 width=20) (actual time=164.095..199.711 rows=1000000 loops=1)
               Sort Key: s_1.a
               Sort Method: quicksort  Memory: 102702kB
               ->  Seq Scan on s_1  (cost=0.00..16370.00 rows=1000000 width=20) (actual time=0.007..55.452 rows=1000000 loops=1)
 Planning time: 0.217 ms
 Execution time: 548.330 ms
(12 rows)

===== 274 [Wed Mar  7 02:25:17 CET 2018] scale:1000000 groups:1000 work_mem:256MB incremental:on max_workers:0 =====
SELECT * FROM (SELECT * FROM s_2 ORDER BY a, b) foo ORDER BY a, b, c
                                                           QUERY PLAN                                                            
---------------------------------------------------------------------------------------------------------------------------------
 Limit  (cost=174637.48..174637.48 rows=1 width=20) (actual time=452.831..452.831 rows=0 loops=1)
   ->  Incremental Sort  (cost=116028.13..164637.48 rows=1000000 width=20) (actual time=181.186..427.363 rows=1000000 loops=1)
         Sort Key: s_2.a, s_2.b, s_2.c
         Presorted Key: s_2.a, s_2.b
         Sort Method: quicksort  Memory: 28kB
         Sort Groups: 30773
         ->  Sort  (cost=116027.84..118527.84 rows=1000000 width=20) (actual time=181.143..222.950 rows=1000000 loops=1)
               Sort Key: s_2.a, s_2.b
               Sort Method: quicksort  Memory: 102702kB
               ->  Seq Scan on s_2  (cost=0.00..16370.00 rows=1000000 width=20) (actual time=0.010..55.733 rows=1000000 loops=1)
 Planning time: 0.224 ms
 Execution time: 457.172 ms
(12 rows)

===== 275 [Wed Mar  7 02:25:19 CET 2018] scale:1000000 groups:1000 work_mem:256MB incremental:on max_workers:0 =====
SELECT * FROM (SELECT * FROM s_3 ORDER BY a, b, c) foo ORDER BY a, b, c, d
                                                           QUERY PLAN                                                            
---------------------------------------------------------------------------------------------------------------------------------
 Limit  (cost=174637.48..174637.48 rows=1 width=20) (actual time=393.197..393.197 rows=0 loops=1)
   ->  Incremental Sort  (cost=116028.13..164637.48 rows=1000000 width=20) (actual time=182.210..367.795 rows=1000000 loops=1)
         Sort Key: s_3.a, s_3.b, s_3.c, s_3.d
         Presorted Key: s_3.a, s_3.b, s_3.c
         Sort Method: quicksort  Memory: 27kB
         Sort Groups: 31250
         ->  Sort  (cost=116027.84..118527.84 rows=1000000 width=20) (actual time=182.167..223.008 rows=1000000 loops=1)
               Sort Key: s_3.a, s_3.b, s_3.c
               Sort Method: quicksort  Memory: 102702kB
               ->  Seq Scan on s_3  (cost=0.00..16370.00 rows=1000000 width=20) (actual time=0.013..55.691 rows=1000000 loops=1)
 Planning time: 0.230 ms
 Execution time: 397.536 ms
(12 rows)

===== 276 [Wed Mar  7 02:25:21 CET 2018] scale:1000000 groups:1000 work_mem:256MB incremental:on max_workers:0 =====
SELECT * FROM (SELECT * FROM s_4 ORDER BY a, b, c, d) foo ORDER BY a, b, c, d, e
                                                           QUERY PLAN                                                            
---------------------------------------------------------------------------------------------------------------------------------
 Limit  (cost=174637.48..174637.48 rows=1 width=20) (actual time=395.770..395.770 rows=0 loops=1)
   ->  Incremental Sort  (cost=116028.13..164637.48 rows=1000000 width=20) (actual time=183.021..373.364 rows=1000000 loops=1)
         Sort Key: s_4.a, s_4.b, s_4.c, s_4.d, s_4.e
         Presorted Key: s_4.a, s_4.b, s_4.c, s_4.d
         Sort Method: quicksort  Memory: 27kB
         Sort Groups: 31250
         ->  Sort  (cost=116027.84..118527.84 rows=1000000 width=20) (actual time=182.978..224.941 rows=1000000 loops=1)
               Sort Key: s_4.a, s_4.b, s_4.c, s_4.d
               Sort Method: quicksort  Memory: 102702kB
               ->  Seq Scan on s_4  (cost=0.00..16370.00 rows=1000000 width=20) (actual time=0.011..55.554 rows=1000000 loops=1)
 Planning time: 0.241 ms
 Execution time: 400.135 ms
(12 rows)

===== 277 [Wed Mar  7 02:25:23 CET 2018] scale:1000000 groups:1000 work_mem:256MB incremental:off max_workers:0 =====
SELECT * FROM (SELECT * FROM s_1 ORDER BY a) foo ORDER BY a, b
                                                           QUERY PLAN                                                            
---------------------------------------------------------------------------------------------------------------------------------
 Limit  (cost=240685.69..240685.69 rows=1 width=20) (actual time=639.432..639.432 rows=0 loops=1)
   ->  Sort  (cost=228185.69..230685.69 rows=1000000 width=20) (actual time=558.770..617.790 rows=1000000 loops=1)
         Sort Key: s_1.a, s_1.b
         Sort Method: quicksort  Memory: 102702kB
         ->  Sort  (cost=116027.84..118527.84 rows=1000000 width=20) (actual time=163.711..201.184 rows=1000000 loops=1)
               Sort Key: s_1.a
               Sort Method: quicksort  Memory: 102702kB
               ->  Seq Scan on s_1  (cost=0.00..16370.00 rows=1000000 width=20) (actual time=0.007..55.657 rows=1000000 loops=1)
 Planning time: 0.209 ms
 Execution time: 647.677 ms
(10 rows)

===== 278 [Wed Mar  7 02:25:26 CET 2018] scale:1000000 groups:1000 work_mem:256MB incremental:off max_workers:0 =====
SELECT * FROM (SELECT * FROM s_2 ORDER BY a, b) foo ORDER BY a, b, c
                                                           QUERY PLAN                                                            
---------------------------------------------------------------------------------------------------------------------------------
 Limit  (cost=240685.69..240685.69 rows=1 width=20) (actual time=604.491..604.491 rows=0 loops=1)
   ->  Sort  (cost=228185.69..230685.69 rows=1000000 width=20) (actual time=548.025..582.734 rows=1000000 loops=1)
         Sort Key: s_2.a, s_2.b, s_2.c
         Sort Method: quicksort  Memory: 102702kB
         ->  Sort  (cost=116027.84..118527.84 rows=1000000 width=20) (actual time=180.084..217.482 rows=1000000 loops=1)
               Sort Key: s_2.a, s_2.b
               Sort Method: quicksort  Memory: 102702kB
               ->  Seq Scan on s_2  (cost=0.00..16370.00 rows=1000000 width=20) (actual time=0.010..55.659 rows=1000000 loops=1)
 Planning time: 0.214 ms
 Execution time: 612.682 ms
(10 rows)

===== 279 [Wed Mar  7 02:25:29 CET 2018] scale:1000000 groups:1000 work_mem:256MB incremental:off max_workers:0 =====
SELECT * FROM (SELECT * FROM s_3 ORDER BY a, b, c) foo ORDER BY a, b, c, d
                                                           QUERY PLAN                                                            
---------------------------------------------------------------------------------------------------------------------------------
 Limit  (cost=240685.69..240685.69 rows=1 width=20) (actual time=493.396..493.396 rows=0 loops=1)
   ->  Sort  (cost=228185.69..230685.69 rows=1000000 width=20) (actual time=438.351..471.647 rows=1000000 loops=1)
         Sort Key: s_3.a, s_3.b, s_3.c, s_3.d
         Sort Method: quicksort  Memory: 102702kB
         ->  Sort  (cost=116027.84..118527.84 rows=1000000 width=20) (actual time=182.627..220.081 rows=1000000 loops=1)
               Sort Key: s_3.a, s_3.b, s_3.c
               Sort Method: quicksort  Memory: 102702kB
               ->  Seq Scan on s_3  (cost=0.00..16370.00 rows=1000000 width=20) (actual time=0.013..55.722 rows=1000000 loops=1)
 Planning time: 0.216 ms
 Execution time: 501.614 ms
(10 rows)

===== 280 [Wed Mar  7 02:25:31 CET 2018] scale:1000000 groups:1000 work_mem:256MB incremental:off max_workers:0 =====
SELECT * FROM (SELECT * FROM s_4 ORDER BY a, b, c, d) foo ORDER BY a, b, c, d, e
                                                           QUERY PLAN                                                            
---------------------------------------------------------------------------------------------------------------------------------
 Limit  (cost=240685.69..240685.69 rows=1 width=20) (actual time=397.230..397.230 rows=0 loops=1)
   ->  Sort  (cost=228185.69..230685.69 rows=1000000 width=20) (actual time=342.102..375.348 rows=1000000 loops=1)
         Sort Key: s_4.a, s_4.b, s_4.c, s_4.d, s_4.e
         Sort Method: quicksort  Memory: 102702kB
         ->  Sort  (cost=116027.84..118527.84 rows=1000000 width=20) (actual time=182.953..220.426 rows=1000000 loops=1)
               Sort Key: s_4.a, s_4.b, s_4.c, s_4.d
               Sort Method: quicksort  Memory: 102702kB
               ->  Seq Scan on s_4  (cost=0.00..16370.00 rows=1000000 width=20) (actual time=0.010..55.896 rows=1000000 loops=1)
 Planning time: 0.225 ms
 Execution time: 405.457 ms
(10 rows)

===== 281 [Wed Mar  7 02:25:33 CET 2018] scale:1000000 groups:1000 work_mem:4MB incremental:on max_workers:2 =====
SELECT * FROM (SELECT * FROM s_1 ORDER BY a) foo ORDER BY a, b
                                                           QUERY PLAN                                                            
---------------------------------------------------------------------------------------------------------------------------------
 Limit  (cost=226379.57..226379.57 rows=1 width=20) (actual time=646.679..646.679 rows=0 loops=1)
   ->  Incremental Sort  (cost=136600.10..216379.57 rows=1000000 width=20) (actual time=214.942..621.180 rows=1000000 loops=1)
         Sort Key: s_1.a, s_1.b
         Presorted Key: s_1.a
         Sort Method: quicksort  Memory: 135kB
         Sort Groups: 1001
         ->  Sort  (cost=136537.84..139037.84 rows=1000000 width=20) (actual time=214.725..309.398 rows=1000000 loops=1)
               Sort Key: s_1.a
               Sort Method: external merge  Disk: 29360kB
               ->  Seq Scan on s_1  (cost=0.00..16370.00 rows=1000000 width=20) (actual time=0.007..51.296 rows=1000000 loops=1)
 Planning time: 0.223 ms
 Execution time: 650.345 ms
(12 rows)

===== 282 [Wed Mar  7 02:25:37 CET 2018] scale:1000000 groups:1000 work_mem:4MB incremental:on max_workers:2 =====
SELECT * FROM (SELECT * FROM s_2 ORDER BY a, b) foo ORDER BY a, b, c
                                                           QUERY PLAN                                                            
---------------------------------------------------------------------------------------------------------------------------------
 Limit  (cost=195147.48..195147.48 rows=1 width=20) (actual time=554.744..554.744 rows=0 loops=1)
   ->  Incremental Sort  (cost=136538.13..185147.48 rows=1000000 width=20) (actual time=230.045..529.150 rows=1000000 loops=1)
         Sort Key: s_2.a, s_2.b, s_2.c
         Presorted Key: s_2.a, s_2.b
         Sort Method: quicksort  Memory: 28kB
         Sort Groups: 30773
         ->  Sort  (cost=136537.84..139037.84 rows=1000000 width=20) (actual time=230.001..329.265 rows=1000000 loops=1)
               Sort Key: s_2.a, s_2.b
               Sort Method: external merge  Disk: 29360kB
               ->  Seq Scan on s_2  (cost=0.00..16370.00 rows=1000000 width=20) (actual time=0.010..51.245 rows=1000000 loops=1)
 Planning time: 0.224 ms
 Execution time: 558.451 ms
(12 rows)

===== 283 [Wed Mar  7 02:25:39 CET 2018] scale:1000000 groups:1000 work_mem:4MB incremental:on max_workers:2 =====
SELECT * FROM (SELECT * FROM s_3 ORDER BY a, b, c) foo ORDER BY a, b, c, d
                                                           QUERY PLAN                                                            
---------------------------------------------------------------------------------------------------------------------------------
 Limit  (cost=195147.48..195147.48 rows=1 width=20) (actual time=479.960..479.960 rows=0 loops=1)
   ->  Incremental Sort  (cost=136538.13..185147.48 rows=1000000 width=20) (actual time=232.117..457.355 rows=1000000 loops=1)
         Sort Key: s_3.a, s_3.b, s_3.c, s_3.d
         Presorted Key: s_3.a, s_3.b, s_3.c
         Sort Method: quicksort  Memory: 27kB
         Sort Groups: 31250
         ->  Sort  (cost=136537.84..139037.84 rows=1000000 width=20) (actual time=232.074..330.757 rows=1000000 loops=1)
               Sort Key: s_3.a, s_3.b, s_3.c
               Sort Method: external merge  Disk: 29360kB
               ->  Seq Scan on s_3  (cost=0.00..16370.00 rows=1000000 width=20) (actual time=0.013..51.349 rows=1000000 loops=1)
 Planning time: 0.234 ms
 Execution time: 483.631 ms
(12 rows)

===== 284 [Wed Mar  7 02:25:41 CET 2018] scale:1000000 groups:1000 work_mem:4MB incremental:on max_workers:2 =====
SELECT * FROM (SELECT * FROM s_4 ORDER BY a, b, c, d) foo ORDER BY a, b, c, d, e
                                                           QUERY PLAN                                                            
---------------------------------------------------------------------------------------------------------------------------------
 Limit  (cost=195147.48..195147.48 rows=1 width=20) (actual time=480.548..480.548 rows=0 loops=1)
   ->  Incremental Sort  (cost=136538.13..185147.48 rows=1000000 width=20) (actual time=232.771..457.942 rows=1000000 loops=1)
         Sort Key: s_4.a, s_4.b, s_4.c, s_4.d, s_4.e
         Presorted Key: s_4.a, s_4.b, s_4.c, s_4.d
         Sort Method: quicksort  Memory: 27kB
         Sort Groups: 31250
         ->  Sort  (cost=136537.84..139037.84 rows=1000000 width=20) (actual time=232.726..331.412 rows=1000000 loops=1)
               Sort Key: s_4.a, s_4.b, s_4.c, s_4.d
               Sort Method: external merge  Disk: 29360kB
               ->  Seq Scan on s_4  (cost=0.00..16370.00 rows=1000000 width=20) (actual time=0.011..51.460 rows=1000000 loops=1)
 Planning time: 0.243 ms
 Execution time: 484.230 ms
(12 rows)

===== 285 [Wed Mar  7 02:25:44 CET 2018] scale:1000000 groups:1000 work_mem:4MB incremental:off max_workers:2 =====
SELECT * FROM (SELECT * FROM s_1 ORDER BY a) foo ORDER BY a, b
                                                           QUERY PLAN                                                            
---------------------------------------------------------------------------------------------------------------------------------
 Limit  (cost=281705.69..281705.69 rows=1 width=20) (actual time=793.319..793.319 rows=0 loops=1)
   ->  Sort  (cost=269205.69..271705.69 rows=1000000 width=20) (actual time=688.502..771.394 rows=1000000 loops=1)
         Sort Key: s_1.a, s_1.b
         Sort Method: external merge  Disk: 29360kB
         ->  Sort  (cost=136537.84..139037.84 rows=1000000 width=20) (actual time=213.811..310.702 rows=1000000 loops=1)
               Sort Key: s_1.a
               Sort Method: external merge  Disk: 29360kB
               ->  Seq Scan on s_1  (cost=0.00..16370.00 rows=1000000 width=20) (actual time=0.007..51.278 rows=1000000 loops=1)
 Planning time: 0.219 ms
 Execution time: 800.489 ms
(10 rows)

===== 286 [Wed Mar  7 02:25:48 CET 2018] scale:1000000 groups:1000 work_mem:4MB incremental:off max_workers:2 =====
SELECT * FROM (SELECT * FROM s_2 ORDER BY a, b) foo ORDER BY a, b, c
                                                           QUERY PLAN                                                            
---------------------------------------------------------------------------------------------------------------------------------
 Limit  (cost=281705.69..281705.69 rows=1 width=20) (actual time=778.381..778.381 rows=0 loops=1)
   ->  Sort  (cost=269205.69..271705.69 rows=1000000 width=20) (actual time=673.838..756.459 rows=1000000 loops=1)
         Sort Key: s_2.a, s_2.b, s_2.c
         Sort Method: external merge  Disk: 29360kB
         ->  Sort  (cost=136537.84..139037.84 rows=1000000 width=20) (actual time=229.016..325.996 rows=1000000 loops=1)
               Sort Key: s_2.a, s_2.b
               Sort Method: external merge  Disk: 29360kB
               ->  Seq Scan on s_2  (cost=0.00..16370.00 rows=1000000 width=20) (actual time=0.010..51.370 rows=1000000 loops=1)
 Planning time: 0.224 ms
 Execution time: 785.507 ms
(10 rows)

===== 287 [Wed Mar  7 02:25:52 CET 2018] scale:1000000 groups:1000 work_mem:4MB incremental:off max_workers:2 =====
SELECT * FROM (SELECT * FROM s_3 ORDER BY a, b, c) foo ORDER BY a, b, c, d
                                                           QUERY PLAN                                                            
---------------------------------------------------------------------------------------------------------------------------------
 Limit  (cost=281705.69..281705.69 rows=1 width=20) (actual time=657.792..657.792 rows=0 loops=1)
   ->  Sort  (cost=269205.69..271705.69 rows=1000000 width=20) (actual time=553.421..635.910 rows=1000000 loops=1)
         Sort Key: s_3.a, s_3.b, s_3.c, s_3.d
         Sort Method: external merge  Disk: 29360kB
         ->  Sort  (cost=136537.84..139037.84 rows=1000000 width=20) (actual time=231.684..324.680 rows=1000000 loops=1)
               Sort Key: s_3.a, s_3.b, s_3.c
               Sort Method: external merge  Disk: 29360kB
               ->  Seq Scan on s_3  (cost=0.00..16370.00 rows=1000000 width=20) (actual time=0.013..51.409 rows=1000000 loops=1)
 Planning time: 0.226 ms
 Execution time: 664.951 ms
(10 rows)

===== 288 [Wed Mar  7 02:25:55 CET 2018] scale:1000000 groups:1000 work_mem:4MB incremental:off max_workers:2 =====
SELECT * FROM (SELECT * FROM s_4 ORDER BY a, b, c, d) foo ORDER BY a, b, c, d, e
                                                           QUERY PLAN                                                            
---------------------------------------------------------------------------------------------------------------------------------
 Limit  (cost=281705.69..281705.69 rows=1 width=20) (actual time=595.155..595.155 rows=0 loops=1)
   ->  Sort  (cost=269205.69..271705.69 rows=1000000 width=20) (actual time=490.700..573.274 rows=1000000 loops=1)
         Sort Key: s_4.a, s_4.b, s_4.c, s_4.d, s_4.e
         Sort Method: external merge  Disk: 29360kB
         ->  Sort  (cost=136537.84..139037.84 rows=1000000 width=20) (actual time=232.210..325.354 rows=1000000 loops=1)
               Sort Key: s_4.a, s_4.b, s_4.c, s_4.d
               Sort Method: external merge  Disk: 29360kB
               ->  Seq Scan on s_4  (cost=0.00..16370.00 rows=1000000 width=20) (actual time=0.011..51.453 rows=1000000 loops=1)
 Planning time: 0.244 ms
 Execution time: 602.253 ms
(10 rows)

===== 289 [Wed Mar  7 02:25:58 CET 2018] scale:1000000 groups:1000 work_mem:8MB incremental:on max_workers:2 =====
SELECT * FROM (SELECT * FROM s_1 ORDER BY a) foo ORDER BY a, b
                                                           QUERY PLAN                                                            
---------------------------------------------------------------------------------------------------------------------------------
 Limit  (cost=226379.57..226379.57 rows=1 width=20) (actual time=612.307..612.307 rows=0 loops=1)
   ->  Incremental Sort  (cost=136600.10..216379.57 rows=1000000 width=20) (actual time=185.410..586.788 rows=1000000 loops=1)
         Sort Key: s_1.a, s_1.b
         Presorted Key: s_1.a
         Sort Method: quicksort  Memory: 135kB
         Sort Groups: 1001
         ->  Sort  (cost=136537.84..139037.84 rows=1000000 width=20) (actual time=185.182..276.565 rows=1000000 loops=1)
               Sort Key: s_1.a
               Sort Method: external merge  Disk: 29360kB
               ->  Seq Scan on s_1  (cost=0.00..16370.00 rows=1000000 width=20) (actual time=0.007..51.610 rows=1000000 loops=1)
 Planning time: 0.224 ms
 Execution time: 615.765 ms
(12 rows)

===== 290 [Wed Mar  7 02:26:01 CET 2018] scale:1000000 groups:1000 work_mem:8MB incremental:on max_workers:2 =====
SELECT * FROM (SELECT * FROM s_2 ORDER BY a, b) foo ORDER BY a, b, c
                                                           QUERY PLAN                                                            
---------------------------------------------------------------------------------------------------------------------------------
 Limit  (cost=195147.48..195147.48 rows=1 width=20) (actual time=522.574..522.574 rows=0 loops=1)
   ->  Incremental Sort  (cost=136538.13..185147.48 rows=1000000 width=20) (actual time=202.405..496.984 rows=1000000 loops=1)
         Sort Key: s_2.a, s_2.b, s_2.c
         Presorted Key: s_2.a, s_2.b
         Sort Method: quicksort  Memory: 28kB
         Sort Groups: 30773
         ->  Sort  (cost=136537.84..139037.84 rows=1000000 width=20) (actual time=202.358..298.566 rows=1000000 loops=1)
               Sort Key: s_2.a, s_2.b
               Sort Method: external merge  Disk: 29360kB
               ->  Seq Scan on s_2  (cost=0.00..16370.00 rows=1000000 width=20) (actual time=0.011..51.602 rows=1000000 loops=1)
 Planning time: 0.232 ms
 Execution time: 526.423 ms
(12 rows)

===== 291 [Wed Mar  7 02:26:04 CET 2018] scale:1000000 groups:1000 work_mem:8MB incremental:on max_workers:2 =====
SELECT * FROM (SELECT * FROM s_3 ORDER BY a, b, c) foo ORDER BY a, b, c, d
                                                           QUERY PLAN                                                            
---------------------------------------------------------------------------------------------------------------------------------
 Limit  (cost=195147.48..195147.48 rows=1 width=20) (actual time=450.939..450.939 rows=0 loops=1)
   ->  Incremental Sort  (cost=136538.13..185147.48 rows=1000000 width=20) (actual time=204.341..428.331 rows=1000000 loops=1)
         Sort Key: s_3.a, s_3.b, s_3.c, s_3.d
         Presorted Key: s_3.a, s_3.b, s_3.c
         Sort Method: quicksort  Memory: 27kB
         Sort Groups: 31250
         ->  Sort  (cost=136537.84..139037.84 rows=1000000 width=20) (actual time=204.297..301.032 rows=1000000 loops=1)
               Sort Key: s_3.a, s_3.b, s_3.c
               Sort Method: external merge  Disk: 29360kB
               ->  Seq Scan on s_3  (cost=0.00..16370.00 rows=1000000 width=20) (actual time=0.013..51.642 rows=1000000 loops=1)
 Planning time: 0.232 ms
 Execution time: 454.780 ms
(12 rows)

===== 292 [Wed Mar  7 02:26:06 CET 2018] scale:1000000 groups:1000 work_mem:8MB incremental:on max_workers:2 =====
SELECT * FROM (SELECT * FROM s_4 ORDER BY a, b, c, d) foo ORDER BY a, b, c, d, e
                                                           QUERY PLAN                                                            
---------------------------------------------------------------------------------------------------------------------------------
 Limit  (cost=195147.48..195147.48 rows=1 width=20) (actual time=450.497..450.497 rows=0 loops=1)
   ->  Incremental Sort  (cost=136538.13..185147.48 rows=1000000 width=20) (actual time=204.406..427.881 rows=1000000 loops=1)
         Sort Key: s_4.a, s_4.b, s_4.c, s_4.d, s_4.e
         Presorted Key: s_4.a, s_4.b, s_4.c, s_4.d
         Sort Method: quicksort  Memory: 27kB
         Sort Groups: 31250
         ->  Sort  (cost=136537.84..139037.84 rows=1000000 width=20) (actual time=204.361..301.077 rows=1000000 loops=1)
               Sort Key: s_4.a, s_4.b, s_4.c, s_4.d
               Sort Method: external merge  Disk: 29360kB
               ->  Seq Scan on s_4  (cost=0.00..16370.00 rows=1000000 width=20) (actual time=0.011..51.697 rows=1000000 loops=1)
 Planning time: 0.249 ms
 Execution time: 454.336 ms
(12 rows)

===== 293 [Wed Mar  7 02:26:08 CET 2018] scale:1000000 groups:1000 work_mem:8MB incremental:off max_workers:2 =====
SELECT * FROM (SELECT * FROM s_1 ORDER BY a) foo ORDER BY a, b
                                                           QUERY PLAN                                                            
---------------------------------------------------------------------------------------------------------------------------------
 Limit  (cost=281705.69..281705.69 rows=1 width=20) (actual time=738.015..738.015 rows=0 loops=1)
   ->  Sort  (cost=269205.69..271705.69 rows=1000000 width=20) (actual time=635.407..716.202 rows=1000000 loops=1)
         Sort Key: s_1.a, s_1.b
         Sort Method: external merge  Disk: 29360kB
         ->  Sort  (cost=136537.84..139037.84 rows=1000000 width=20) (actual time=184.389..274.893 rows=1000000 loops=1)
               Sort Key: s_1.a
               Sort Method: external merge  Disk: 29360kB
               ->  Seq Scan on s_1  (cost=0.00..16370.00 rows=1000000 width=20) (actual time=0.007..51.613 rows=1000000 loops=1)
 Planning time: 0.218 ms
 Execution time: 745.317 ms
(10 rows)

===== 294 [Wed Mar  7 02:26:12 CET 2018] scale:1000000 groups:1000 work_mem:8MB incremental:off max_workers:2 =====
SELECT * FROM (SELECT * FROM s_2 ORDER BY a, b) foo ORDER BY a, b, c
                                                           QUERY PLAN                                                            
---------------------------------------------------------------------------------------------------------------------------------
 Limit  (cost=281705.69..281705.69 rows=1 width=20) (actual time=715.918..715.918 rows=0 loops=1)
   ->  Sort  (cost=269205.69..271705.69 rows=1000000 width=20) (actual time=613.558..694.119 rows=1000000 loops=1)
         Sort Key: s_2.a, s_2.b, s_2.c
         Sort Method: external merge  Disk: 29360kB
         ->  Sort  (cost=136537.84..139037.84 rows=1000000 width=20) (actual time=201.580..292.106 rows=1000000 loops=1)
               Sort Key: s_2.a, s_2.b
               Sort Method: external merge  Disk: 29360kB
               ->  Seq Scan on s_2  (cost=0.00..16370.00 rows=1000000 width=20) (actual time=0.010..51.680 rows=1000000 loops=1)
 Planning time: 0.228 ms
 Execution time: 723.312 ms
(10 rows)

===== 295 [Wed Mar  7 02:26:16 CET 2018] scale:1000000 groups:1000 work_mem:8MB incremental:off max_workers:2 =====
SELECT * FROM (SELECT * FROM s_3 ORDER BY a, b, c) foo ORDER BY a, b, c, d
                                                           QUERY PLAN                                                            
---------------------------------------------------------------------------------------------------------------------------------
 Limit  (cost=281705.69..281705.69 rows=1 width=20) (actual time=611.496..611.496 rows=0 loops=1)
   ->  Sort  (cost=269205.69..271705.69 rows=1000000 width=20) (actual time=509.113..589.736 rows=1000000 loops=1)
         Sort Key: s_3.a, s_3.b, s_3.c, s_3.d
         Sort Method: external merge  Disk: 29360kB
         ->  Sort  (cost=136537.84..139037.84 rows=1000000 width=20) (actual time=204.314..295.844 rows=1000000 loops=1)
               Sort Key: s_3.a, s_3.b, s_3.c
               Sort Method: external merge  Disk: 29360kB
               ->  Seq Scan on s_3  (cost=0.00..16370.00 rows=1000000 width=20) (actual time=0.013..51.753 rows=1000000 loops=1)
 Planning time: 0.228 ms
 Execution time: 618.805 ms
(10 rows)

===== 296 [Wed Mar  7 02:26:19 CET 2018] scale:1000000 groups:1000 work_mem:8MB incremental:off max_workers:2 =====
SELECT * FROM (SELECT * FROM s_4 ORDER BY a, b, c, d) foo ORDER BY a, b, c, d, e
                                                           QUERY PLAN                                                            
---------------------------------------------------------------------------------------------------------------------------------
 Limit  (cost=281705.69..281705.69 rows=1 width=20) (actual time=535.290..535.290 rows=0 loops=1)
   ->  Sort  (cost=269205.69..271705.69 rows=1000000 width=20) (actual time=433.071..513.531 rows=1000000 loops=1)
         Sort Key: s_4.a, s_4.b, s_4.c, s_4.d, s_4.e
         Sort Method: external merge  Disk: 29360kB
         ->  Sort  (cost=136537.84..139037.84 rows=1000000 width=20) (actual time=204.470..295.996 rows=1000000 loops=1)
               Sort Key: s_4.a, s_4.b, s_4.c, s_4.d
               Sort Method: external merge  Disk: 29360kB
               ->  Seq Scan on s_4  (cost=0.00..16370.00 rows=1000000 width=20) (actual time=0.011..51.817 rows=1000000 loops=1)
 Planning time: 0.237 ms
 Execution time: 542.617 ms
(10 rows)

===== 297 [Wed Mar  7 02:26:22 CET 2018] scale:1000000 groups:1000 work_mem:16MB incremental:on max_workers:2 =====
SELECT * FROM (SELECT * FROM s_1 ORDER BY a) foo ORDER BY a, b
                                                           QUERY PLAN                                                            
---------------------------------------------------------------------------------------------------------------------------------
 Limit  (cost=226379.57..226379.57 rows=1 width=20) (actual time=606.297..606.297 rows=0 loops=1)
   ->  Incremental Sort  (cost=136600.10..216379.57 rows=1000000 width=20) (actual time=193.359..584.753 rows=1000000 loops=1)
         Sort Key: s_1.a, s_1.b
         Presorted Key: s_1.a
         Sort Method: quicksort  Memory: 135kB
         Sort Groups: 1001
         ->  Sort  (cost=136537.84..139037.84 rows=1000000 width=20) (actual time=193.145..282.621 rows=1000000 loops=1)
               Sort Key: s_1.a
               Sort Method: external merge  Disk: 29392kB
               ->  Seq Scan on s_1  (cost=0.00..16370.00 rows=1000000 width=20) (actual time=0.007..52.221 rows=1000000 loops=1)
 Planning time: 0.229 ms
 Execution time: 610.515 ms
(12 rows)

===== 298 [Wed Mar  7 02:26:25 CET 2018] scale:1000000 groups:1000 work_mem:16MB incremental:on max_workers:2 =====
SELECT * FROM (SELECT * FROM s_2 ORDER BY a, b) foo ORDER BY a, b, c
                                                           QUERY PLAN                                                            
---------------------------------------------------------------------------------------------------------------------------------
 Limit  (cost=195147.48..195147.48 rows=1 width=20) (actual time=513.357..513.357 rows=0 loops=1)
   ->  Incremental Sort  (cost=136538.13..185147.48 rows=1000000 width=20) (actual time=210.084..491.468 rows=1000000 loops=1)
         Sort Key: s_2.a, s_2.b, s_2.c
         Presorted Key: s_2.a, s_2.b
         Sort Method: quicksort  Memory: 28kB
         Sort Groups: 30773
         ->  Sort  (cost=136537.84..139037.84 rows=1000000 width=20) (actual time=210.036..304.227 rows=1000000 loops=1)
               Sort Key: s_2.a, s_2.b
               Sort Method: external merge  Disk: 29392kB
               ->  Seq Scan on s_2  (cost=0.00..16370.00 rows=1000000 width=20) (actual time=0.010..52.522 rows=1000000 loops=1)
 Planning time: 0.231 ms
 Execution time: 517.571 ms
(12 rows)

===== 299 [Wed Mar  7 02:26:27 CET 2018] scale:1000000 groups:1000 work_mem:16MB incremental:on max_workers:2 =====
SELECT * FROM (SELECT * FROM s_3 ORDER BY a, b, c) foo ORDER BY a, b, c, d
                                                           QUERY PLAN                                                            
---------------------------------------------------------------------------------------------------------------------------------
 Limit  (cost=195147.48..195147.48 rows=1 width=20) (actual time=455.556..455.556 rows=0 loops=1)
   ->  Incremental Sort  (cost=136538.13..185147.48 rows=1000000 width=20) (actual time=212.394..433.711 rows=1000000 loops=1)
         Sort Key: s_3.a, s_3.b, s_3.c, s_3.d
         Presorted Key: s_3.a, s_3.b, s_3.c
         Sort Method: quicksort  Memory: 27kB
         Sort Groups: 31250
         ->  Sort  (cost=136537.84..139037.84 rows=1000000 width=20) (actual time=212.347..306.953 rows=1000000 loops=1)
               Sort Key: s_3.a, s_3.b, s_3.c
               Sort Method: external merge  Disk: 29392kB
               ->  Seq Scan on s_3  (cost=0.00..16370.00 rows=1000000 width=20) (actual time=0.013..52.334 rows=1000000 loops=1)
 Planning time: 0.233 ms
 Execution time: 459.768 ms
(12 rows)

===== 300 [Wed Mar  7 02:26:29 CET 2018] scale:1000000 groups:1000 work_mem:16MB incremental:on max_workers:2 =====
SELECT * FROM (SELECT * FROM s_4 ORDER BY a, b, c, d) foo ORDER BY a, b, c, d, e
                                                           QUERY PLAN                                                            
---------------------------------------------------------------------------------------------------------------------------------
 Limit  (cost=195147.48..195147.48 rows=1 width=20) (actual time=454.603..454.603 rows=0 loops=1)
   ->  Incremental Sort  (cost=136538.13..185147.48 rows=1000000 width=20) (actual time=212.225..432.704 rows=1000000 loops=1)
         Sort Key: s_4.a, s_4.b, s_4.c, s_4.d, s_4.e
         Presorted Key: s_4.a, s_4.b, s_4.c, s_4.d
         Sort Method: quicksort  Memory: 27kB
         Sort Groups: 31250
         ->  Sort  (cost=136537.84..139037.84 rows=1000000 width=20) (actual time=212.178..306.749 rows=1000000 loops=1)
               Sort Key: s_4.a, s_4.b, s_4.c, s_4.d
               Sort Method: external merge  Disk: 29392kB
               ->  Seq Scan on s_4  (cost=0.00..16370.00 rows=1000000 width=20) (actual time=0.011..52.302 rows=1000000 loops=1)
 Planning time: 0.247 ms
 Execution time: 458.813 ms
(12 rows)

===== 301 [Wed Mar  7 02:26:31 CET 2018] scale:1000000 groups:1000 work_mem:16MB incremental:off max_workers:2 =====
SELECT * FROM (SELECT * FROM s_1 ORDER BY a) foo ORDER BY a, b
                                                           QUERY PLAN                                                            
---------------------------------------------------------------------------------------------------------------------------------
 Limit  (cost=281705.69..281705.69 rows=1 width=20) (actual time=760.976..760.976 rows=0 loops=1)
   ->  Sort  (cost=269205.69..271705.69 rows=1000000 width=20) (actual time=660.236..739.180 rows=1000000 loops=1)
         Sort Key: s_1.a, s_1.b
         Sort Method: external merge  Disk: 29392kB
         ->  Sort  (cost=136537.84..139037.84 rows=1000000 width=20) (actual time=192.720..282.237 rows=1000000 loops=1)
               Sort Key: s_1.a
               Sort Method: external merge  Disk: 29392kB
               ->  Seq Scan on s_1  (cost=0.00..16370.00 rows=1000000 width=20) (actual time=0.007..52.177 rows=1000000 loops=1)
 Planning time: 0.217 ms
 Execution time: 768.692 ms
(10 rows)

===== 302 [Wed Mar  7 02:26:35 CET 2018] scale:1000000 groups:1000 work_mem:16MB incremental:off max_workers:2 =====
SELECT * FROM (SELECT * FROM s_2 ORDER BY a, b) foo ORDER BY a, b, c
                                                           QUERY PLAN                                                            
---------------------------------------------------------------------------------------------------------------------------------
 Limit  (cost=281705.69..281705.69 rows=1 width=20) (actual time=733.820..733.820 rows=0 loops=1)
   ->  Sort  (cost=269205.69..271705.69 rows=1000000 width=20) (actual time=633.176..712.029 rows=1000000 loops=1)
         Sort Key: s_2.a, s_2.b, s_2.c
         Sort Method: external merge  Disk: 29392kB
         ->  Sort  (cost=136537.84..139037.84 rows=1000000 width=20) (actual time=209.382..298.900 rows=1000000 loops=1)
               Sort Key: s_2.a, s_2.b
               Sort Method: external merge  Disk: 29392kB
               ->  Seq Scan on s_2  (cost=0.00..16370.00 rows=1000000 width=20) (actual time=0.011..52.244 rows=1000000 loops=1)
 Planning time: 0.228 ms
 Execution time: 741.557 ms
(10 rows)

===== 303 [Wed Mar  7 02:26:39 CET 2018] scale:1000000 groups:1000 work_mem:16MB incremental:off max_workers:2 =====
SELECT * FROM (SELECT * FROM s_3 ORDER BY a, b, c) foo ORDER BY a, b, c, d
                                                           QUERY PLAN                                                            
---------------------------------------------------------------------------------------------------------------------------------
 Limit  (cost=281705.69..281705.69 rows=1 width=20) (actual time=622.773..622.773 rows=0 loops=1)
   ->  Sort  (cost=269205.69..271705.69 rows=1000000 width=20) (actual time=522.074..600.979 rows=1000000 loops=1)
         Sort Key: s_3.a, s_3.b, s_3.c, s_3.d
         Sort Method: external merge  Disk: 29392kB
         ->  Sort  (cost=136537.84..139037.84 rows=1000000 width=20) (actual time=212.699..302.199 rows=1000000 loops=1)
               Sort Key: s_3.a, s_3.b, s_3.c
               Sort Method: external merge  Disk: 29392kB
               ->  Seq Scan on s_3  (cost=0.00..16370.00 rows=1000000 width=20) (actual time=0.013..52.376 rows=1000000 loops=1)
 Planning time: 0.230 ms
 Execution time: 630.501 ms
(10 rows)

===== 304 [Wed Mar  7 02:26:43 CET 2018] scale:1000000 groups:1000 work_mem:16MB incremental:off max_workers:2 =====
SELECT * FROM (SELECT * FROM s_4 ORDER BY a, b, c, d) foo ORDER BY a, b, c, d, e
                                                           QUERY PLAN                                                            
---------------------------------------------------------------------------------------------------------------------------------
 Limit  (cost=281705.69..281705.69 rows=1 width=20) (actual time=544.413..544.413 rows=0 loops=1)
   ->  Sort  (cost=269205.69..271705.69 rows=1000000 width=20) (actual time=443.717..522.601 rows=1000000 loops=1)
         Sort Key: s_4.a, s_4.b, s_4.c, s_4.d, s_4.e
         Sort Method: external merge  Disk: 29392kB
         ->  Sort  (cost=136537.84..139037.84 rows=1000000 width=20) (actual time=212.872..302.448 rows=1000000 loops=1)
               Sort Key: s_4.a, s_4.b, s_4.c, s_4.d
               Sort Method: external merge  Disk: 29392kB
               ->  Seq Scan on s_4  (cost=0.00..16370.00 rows=1000000 width=20) (actual time=0.011..52.399 rows=1000000 loops=1)
 Planning time: 0.244 ms
 Execution time: 551.324 ms
(10 rows)

===== 305 [Wed Mar  7 02:26:45 CET 2018] scale:1000000 groups:1000 work_mem:32MB incremental:on max_workers:2 =====
SELECT * FROM (SELECT * FROM s_1 ORDER BY a) foo ORDER BY a, b
                                                           QUERY PLAN                                                            
---------------------------------------------------------------------------------------------------------------------------------
 Limit  (cost=226379.57..226379.57 rows=1 width=20) (actual time=630.511..630.511 rows=0 loops=1)
   ->  Incremental Sort  (cost=136600.10..216379.57 rows=1000000 width=20) (actual time=208.791..604.940 rows=1000000 loops=1)
         Sort Key: s_1.a, s_1.b
         Presorted Key: s_1.a
         Sort Method: quicksort  Memory: 135kB
         Sort Groups: 1001
         ->  Sort  (cost=136537.84..139037.84 rows=1000000 width=20) (actual time=208.577..294.918 rows=1000000 loops=1)
               Sort Key: s_1.a
               Sort Method: external merge  Disk: 29360kB
               ->  Seq Scan on s_1  (cost=0.00..16370.00 rows=1000000 width=20) (actual time=0.007..53.434 rows=1000000 loops=1)
 Planning time: 0.220 ms
 Execution time: 633.977 ms
(12 rows)

===== 306 [Wed Mar  7 02:26:48 CET 2018] scale:1000000 groups:1000 work_mem:32MB incremental:on max_workers:2 =====
SELECT * FROM (SELECT * FROM s_2 ORDER BY a, b) foo ORDER BY a, b, c
                                                           QUERY PLAN                                                            
---------------------------------------------------------------------------------------------------------------------------------
 Limit  (cost=195147.48..195147.48 rows=1 width=20) (actual time=541.008..541.008 rows=0 loops=1)
   ->  Incremental Sort  (cost=136538.13..185147.48 rows=1000000 width=20) (actual time=225.362..515.427 rows=1000000 loops=1)
         Sort Key: s_2.a, s_2.b, s_2.c
         Presorted Key: s_2.a, s_2.b
         Sort Method: quicksort  Memory: 28kB
         Sort Groups: 30773
         ->  Sort  (cost=136537.84..139037.84 rows=1000000 width=20) (actual time=225.317..316.861 rows=1000000 loops=1)
               Sort Key: s_2.a, s_2.b
               Sort Method: external merge  Disk: 29360kB
               ->  Seq Scan on s_2  (cost=0.00..16370.00 rows=1000000 width=20) (actual time=0.010..53.600 rows=1000000 loops=1)
 Planning time: 0.228 ms
 Execution time: 545.584 ms
(12 rows)

===== 307 [Wed Mar  7 02:26:51 CET 2018] scale:1000000 groups:1000 work_mem:32MB incremental:on max_workers:2 =====
SELECT * FROM (SELECT * FROM s_3 ORDER BY a, b, c) foo ORDER BY a, b, c, d
                                                           QUERY PLAN                                                            
---------------------------------------------------------------------------------------------------------------------------------
 Limit  (cost=195147.48..195147.48 rows=1 width=20) (actual time=472.585..472.585 rows=0 loops=1)
   ->  Incremental Sort  (cost=136538.13..185147.48 rows=1000000 width=20) (actual time=228.314..450.056 rows=1000000 loops=1)
         Sort Key: s_3.a, s_3.b, s_3.c, s_3.d
         Presorted Key: s_3.a, s_3.b, s_3.c
         Sort Method: quicksort  Memory: 27kB
         Sort Groups: 31250
         ->  Sort  (cost=136537.84..139037.84 rows=1000000 width=20) (actual time=228.270..320.783 rows=1000000 loops=1)
               Sort Key: s_3.a, s_3.b, s_3.c
               Sort Method: external merge  Disk: 29360kB
               ->  Seq Scan on s_3  (cost=0.00..16370.00 rows=1000000 width=20) (actual time=0.013..53.493 rows=1000000 loops=1)
 Planning time: 0.246 ms
 Execution time: 477.156 ms
(12 rows)

===== 308 [Wed Mar  7 02:26:53 CET 2018] scale:1000000 groups:1000 work_mem:32MB incremental:on max_workers:2 =====
SELECT * FROM (SELECT * FROM s_4 ORDER BY a, b, c, d) foo ORDER BY a, b, c, d, e
                                                           QUERY PLAN                                                            
---------------------------------------------------------------------------------------------------------------------------------
 Limit  (cost=195147.48..195147.48 rows=1 width=20) (actual time=472.247..472.247 rows=0 loops=1)
   ->  Incremental Sort  (cost=136538.13..185147.48 rows=1000000 width=20) (actual time=228.181..449.716 rows=1000000 loops=1)
         Sort Key: s_4.a, s_4.b, s_4.c, s_4.d, s_4.e
         Presorted Key: s_4.a, s_4.b, s_4.c, s_4.d
         Sort Method: quicksort  Memory: 27kB
         Sort Groups: 31250
         ->  Sort  (cost=136537.84..139037.84 rows=1000000 width=20) (actual time=228.137..320.685 rows=1000000 loops=1)
               Sort Key: s_4.a, s_4.b, s_4.c, s_4.d
               Sort Method: external merge  Disk: 29360kB
               ->  Seq Scan on s_4  (cost=0.00..16370.00 rows=1000000 width=20) (actual time=0.011..53.539 rows=1000000 loops=1)
 Planning time: 0.240 ms
 Execution time: 476.805 ms
(12 rows)

===== 309 [Wed Mar  7 02:26:55 CET 2018] scale:1000000 groups:1000 work_mem:32MB incremental:off max_workers:2 =====
SELECT * FROM (SELECT * FROM s_1 ORDER BY a) foo ORDER BY a, b
                                                           QUERY PLAN                                                            
---------------------------------------------------------------------------------------------------------------------------------
 Limit  (cost=281705.69..281705.69 rows=1 width=20) (actual time=790.365..790.365 rows=0 loops=1)
   ->  Sort  (cost=269205.69..271705.69 rows=1000000 width=20) (actual time=691.969..768.550 rows=1000000 loops=1)
         Sort Key: s_1.a, s_1.b
         Sort Method: external merge  Disk: 29360kB
         ->  Sort  (cost=136537.84..139037.84 rows=1000000 width=20) (actual time=207.995..294.032 rows=1000000 loops=1)
               Sort Key: s_1.a
               Sort Method: external merge  Disk: 29360kB
               ->  Seq Scan on s_1  (cost=0.00..16370.00 rows=1000000 width=20) (actual time=0.007..53.592 rows=1000000 loops=1)
 Planning time: 0.223 ms
 Execution time: 798.350 ms
(10 rows)

===== 310 [Wed Mar  7 02:27:00 CET 2018] scale:1000000 groups:1000 work_mem:32MB incremental:off max_workers:2 =====
SELECT * FROM (SELECT * FROM s_2 ORDER BY a, b) foo ORDER BY a, b, c
                                                           QUERY PLAN                                                            
---------------------------------------------------------------------------------------------------------------------------------
 Limit  (cost=281705.69..281705.69 rows=1 width=20) (actual time=760.495..760.495 rows=0 loops=1)
   ->  Sort  (cost=269205.69..271705.69 rows=1000000 width=20) (actual time=662.200..738.690 rows=1000000 loops=1)
         Sort Key: s_2.a, s_2.b, s_2.c
         Sort Method: external merge  Disk: 29360kB
         ->  Sort  (cost=136537.84..139037.84 rows=1000000 width=20) (actual time=224.953..311.017 rows=1000000 loops=1)
               Sort Key: s_2.a, s_2.b
               Sort Method: external merge  Disk: 29360kB
               ->  Seq Scan on s_2  (cost=0.00..16370.00 rows=1000000 width=20) (actual time=0.011..53.634 rows=1000000 loops=1)
 Planning time: 0.224 ms
 Execution time: 768.477 ms
(10 rows)

===== 311 [Wed Mar  7 02:27:04 CET 2018] scale:1000000 groups:1000 work_mem:32MB incremental:off max_workers:2 =====
SELECT * FROM (SELECT * FROM s_3 ORDER BY a, b, c) foo ORDER BY a, b, c, d
                                                           QUERY PLAN                                                            
---------------------------------------------------------------------------------------------------------------------------------
 Limit  (cost=281705.69..281705.69 rows=1 width=20) (actual time=657.418..657.418 rows=0 loops=1)
   ->  Sort  (cost=269205.69..271705.69 rows=1000000 width=20) (actual time=559.106..635.631 rows=1000000 loops=1)
         Sort Key: s_3.a, s_3.b, s_3.c, s_3.d
         Sort Method: external merge  Disk: 29360kB
         ->  Sort  (cost=136537.84..139037.84 rows=1000000 width=20) (actual time=227.863..315.313 rows=1000000 loops=1)
               Sort Key: s_3.a, s_3.b, s_3.c
               Sort Method: external merge  Disk: 29360kB
               ->  Seq Scan on s_3  (cost=0.00..16370.00 rows=1000000 width=20) (actual time=0.013..53.722 rows=1000000 loops=1)
 Planning time: 0.232 ms
 Execution time: 665.397 ms
(10 rows)

===== 312 [Wed Mar  7 02:27:07 CET 2018] scale:1000000 groups:1000 work_mem:32MB incremental:off max_workers:2 =====
SELECT * FROM (SELECT * FROM s_4 ORDER BY a, b, c, d) foo ORDER BY a, b, c, d, e
                                                           QUERY PLAN                                                            
---------------------------------------------------------------------------------------------------------------------------------
 Limit  (cost=281705.69..281705.69 rows=1 width=20) (actual time=568.736..568.736 rows=0 loops=1)
   ->  Sort  (cost=269205.69..271705.69 rows=1000000 width=20) (actual time=469.676..546.908 rows=1000000 loops=1)
         Sort Key: s_4.a, s_4.b, s_4.c, s_4.d, s_4.e
         Sort Method: external merge  Disk: 29360kB
         ->  Sort  (cost=136537.84..139037.84 rows=1000000 width=20) (actual time=227.582..315.031 rows=1000000 loops=1)
               Sort Key: s_4.a, s_4.b, s_4.c, s_4.d
               Sort Method: external merge  Disk: 29360kB
               ->  Seq Scan on s_4  (cost=0.00..16370.00 rows=1000000 width=20) (actual time=0.011..53.747 rows=1000000 loops=1)
 Planning time: 0.237 ms
 Execution time: 576.713 ms
(10 rows)

===== 313 [Wed Mar  7 02:27:10 CET 2018] scale:1000000 groups:1000 work_mem:64MB incremental:on max_workers:2 =====
SELECT * FROM (SELECT * FROM s_1 ORDER BY a) foo ORDER BY a, b
                                                           QUERY PLAN                                                            
---------------------------------------------------------------------------------------------------------------------------------
 Limit  (cost=205869.57..205869.57 rows=1 width=20) (actual time=653.283..653.283 rows=0 loops=1)
   ->  Incremental Sort  (cost=116090.10..195869.57 rows=1000000 width=20) (actual time=227.991..627.759 rows=1000000 loops=1)
         Sort Key: s_1.a, s_1.b
         Presorted Key: s_1.a
         Sort Method: quicksort  Memory: 135kB
         Sort Groups: 1001
         ->  Sort  (cost=116027.84..118527.84 rows=1000000 width=20) (actual time=227.768..311.656 rows=1000000 loops=1)
               Sort Key: s_1.a
               Sort Method: external merge  Disk: 29360kB
               ->  Seq Scan on s_1  (cost=0.00..16370.00 rows=1000000 width=20) (actual time=0.007..55.090 rows=1000000 loops=1)
 Planning time: 0.224 ms
 Execution time: 656.746 ms
(12 rows)

===== 314 [Wed Mar  7 02:27:13 CET 2018] scale:1000000 groups:1000 work_mem:64MB incremental:on max_workers:2 =====
SELECT * FROM (SELECT * FROM s_2 ORDER BY a, b) foo ORDER BY a, b, c
                                                           QUERY PLAN                                                            
---------------------------------------------------------------------------------------------------------------------------------
 Limit  (cost=174637.48..174637.48 rows=1 width=20) (actual time=562.733..562.733 rows=0 loops=1)
   ->  Incremental Sort  (cost=116028.13..164637.48 rows=1000000 width=20) (actual time=244.626..537.201 rows=1000000 loops=1)
         Sort Key: s_2.a, s_2.b, s_2.c
         Presorted Key: s_2.a, s_2.b
         Sort Method: quicksort  Memory: 28kB
         Sort Groups: 30773
         ->  Sort  (cost=116027.84..118527.84 rows=1000000 width=20) (actual time=244.580..331.941 rows=1000000 loops=1)
               Sort Key: s_2.a, s_2.b
               Sort Method: external merge  Disk: 29360kB
               ->  Seq Scan on s_2  (cost=0.00..16370.00 rows=1000000 width=20) (actual time=0.013..55.395 rows=1000000 loops=1)
 Planning time: 0.228 ms
 Execution time: 566.202 ms
(12 rows)

===== 315 [Wed Mar  7 02:27:16 CET 2018] scale:1000000 groups:1000 work_mem:64MB incremental:on max_workers:2 =====
SELECT * FROM (SELECT * FROM s_3 ORDER BY a, b, c) foo ORDER BY a, b, c, d
                                                           QUERY PLAN                                                            
---------------------------------------------------------------------------------------------------------------------------------
 Limit  (cost=174637.48..174637.48 rows=1 width=20) (actual time=486.329..486.329 rows=0 loops=1)
   ->  Incremental Sort  (cost=116028.13..164637.48 rows=1000000 width=20) (actual time=246.811..463.760 rows=1000000 loops=1)
         Sort Key: s_3.a, s_3.b, s_3.c, s_3.d
         Presorted Key: s_3.a, s_3.b, s_3.c
         Sort Method: quicksort  Memory: 27kB
         Sort Groups: 31250
         ->  Sort  (cost=116027.84..118527.84 rows=1000000 width=20) (actual time=246.765..333.313 rows=1000000 loops=1)
               Sort Key: s_3.a, s_3.b, s_3.c
               Sort Method: external merge  Disk: 29360kB
               ->  Seq Scan on s_3  (cost=0.00..16370.00 rows=1000000 width=20) (actual time=0.013..55.404 rows=1000000 loops=1)
 Planning time: 0.230 ms
 Execution time: 489.792 ms
(12 rows)

===== 316 [Wed Mar  7 02:27:18 CET 2018] scale:1000000 groups:1000 work_mem:64MB incremental:on max_workers:2 =====
SELECT * FROM (SELECT * FROM s_4 ORDER BY a, b, c, d) foo ORDER BY a, b, c, d, e
                                                           QUERY PLAN                                                            
---------------------------------------------------------------------------------------------------------------------------------
 Limit  (cost=174637.48..174637.48 rows=1 width=20) (actual time=485.458..485.458 rows=0 loops=1)
   ->  Incremental Sort  (cost=116028.13..164637.48 rows=1000000 width=20) (actual time=246.425..462.944 rows=1000000 loops=1)
         Sort Key: s_4.a, s_4.b, s_4.c, s_4.d, s_4.e
         Presorted Key: s_4.a, s_4.b, s_4.c, s_4.d
         Sort Method: quicksort  Memory: 27kB
         Sort Groups: 31250
         ->  Sort  (cost=116027.84..118527.84 rows=1000000 width=20) (actual time=246.382..332.966 rows=1000000 loops=1)
               Sort Key: s_4.a, s_4.b, s_4.c, s_4.d
               Sort Method: external merge  Disk: 29360kB
               ->  Seq Scan on s_4  (cost=0.00..16370.00 rows=1000000 width=20) (actual time=0.011..55.382 rows=1000000 loops=1)
 Planning time: 0.242 ms
 Execution time: 488.926 ms
(12 rows)

===== 317 [Wed Mar  7 02:27:20 CET 2018] scale:1000000 groups:1000 work_mem:64MB incremental:off max_workers:2 =====
SELECT * FROM (SELECT * FROM s_1 ORDER BY a) foo ORDER BY a, b
                                                           QUERY PLAN                                                            
---------------------------------------------------------------------------------------------------------------------------------
 Limit  (cost=240685.69..240685.69 rows=1 width=20) (actual time=816.500..816.500 rows=0 loops=1)
   ->  Sort  (cost=228185.69..230685.69 rows=1000000 width=20) (actual time=722.301..794.535 rows=1000000 loops=1)
         Sort Key: s_1.a, s_1.b
         Sort Method: external merge  Disk: 29360kB
         ->  Sort  (cost=116027.84..118527.84 rows=1000000 width=20) (actual time=227.718..310.436 rows=1000000 loops=1)
               Sort Key: s_1.a
               Sort Method: external merge  Disk: 29360kB
               ->  Seq Scan on s_1  (cost=0.00..16370.00 rows=1000000 width=20) (actual time=0.007..55.252 rows=1000000 loops=1)
 Planning time: 0.219 ms
 Execution time: 823.417 ms
(10 rows)

===== 318 [Wed Mar  7 02:27:25 CET 2018] scale:1000000 groups:1000 work_mem:64MB incremental:off max_workers:2 =====
SELECT * FROM (SELECT * FROM s_2 ORDER BY a, b) foo ORDER BY a, b, c
                                                           QUERY PLAN                                                            
---------------------------------------------------------------------------------------------------------------------------------
 Limit  (cost=240685.69..240685.69 rows=1 width=20) (actual time=785.196..785.196 rows=0 loops=1)
   ->  Sort  (cost=228185.69..230685.69 rows=1000000 width=20) (actual time=690.978..763.240 rows=1000000 loops=1)
         Sort Key: s_2.a, s_2.b, s_2.c
         Sort Method: external merge  Disk: 29360kB
         ->  Sort  (cost=116027.84..118527.84 rows=1000000 width=20) (actual time=243.661..326.397 rows=1000000 loops=1)
               Sort Key: s_2.a, s_2.b
               Sort Method: external merge  Disk: 29360kB
               ->  Seq Scan on s_2  (cost=0.00..16370.00 rows=1000000 width=20) (actual time=0.010..55.319 rows=1000000 loops=1)
 Planning time: 0.220 ms
 Execution time: 792.074 ms
(10 rows)

===== 319 [Wed Mar  7 02:27:29 CET 2018] scale:1000000 groups:1000 work_mem:64MB incremental:off max_workers:2 =====
SELECT * FROM (SELECT * FROM s_3 ORDER BY a, b, c) foo ORDER BY a, b, c, d
                                                           QUERY PLAN                                                            
---------------------------------------------------------------------------------------------------------------------------------
 Limit  (cost=240685.69..240685.69 rows=1 width=20) (actual time=670.470..670.470 rows=0 loops=1)
   ->  Sort  (cost=228185.69..230685.69 rows=1000000 width=20) (actual time=576.359..648.603 rows=1000000 loops=1)
         Sort Key: s_3.a, s_3.b, s_3.c, s_3.d
         Sort Method: external merge  Disk: 29360kB
         ->  Sort  (cost=116027.84..118527.84 rows=1000000 width=20) (actual time=246.840..328.326 rows=1000000 loops=1)
               Sort Key: s_3.a, s_3.b, s_3.c
               Sort Method: external merge  Disk: 29360kB
               ->  Seq Scan on s_3  (cost=0.00..16370.00 rows=1000000 width=20) (actual time=0.013..55.541 rows=1000000 loops=1)
 Planning time: 0.228 ms
 Execution time: 677.379 ms
(10 rows)

===== 320 [Wed Mar  7 02:27:32 CET 2018] scale:1000000 groups:1000 work_mem:64MB incremental:off max_workers:2 =====
SELECT * FROM (SELECT * FROM s_4 ORDER BY a, b, c, d) foo ORDER BY a, b, c, d, e
                                                           QUERY PLAN                                                            
---------------------------------------------------------------------------------------------------------------------------------
 Limit  (cost=240685.69..240685.69 rows=1 width=20) (actual time=576.731..576.731 rows=0 loops=1)
   ->  Sort  (cost=228185.69..230685.69 rows=1000000 width=20) (actual time=482.662..554.877 rows=1000000 loops=1)
         Sort Key: s_4.a, s_4.b, s_4.c, s_4.d, s_4.e
         Sort Method: external merge  Disk: 29360kB
         ->  Sort  (cost=116027.84..118527.84 rows=1000000 width=20) (actual time=246.607..328.088 rows=1000000 loops=1)
               Sort Key: s_4.a, s_4.b, s_4.c, s_4.d
               Sort Method: external merge  Disk: 29360kB
               ->  Seq Scan on s_4  (cost=0.00..16370.00 rows=1000000 width=20) (actual time=0.011..55.518 rows=1000000 loops=1)
 Planning time: 0.234 ms
 Execution time: 583.623 ms
(10 rows)

===== 321 [Wed Mar  7 02:27:35 CET 2018] scale:1000000 groups:1000 work_mem:128MB incremental:on max_workers:2 =====
SELECT * FROM (SELECT * FROM s_1 ORDER BY a) foo ORDER BY a, b
                                                           QUERY PLAN                                                            
---------------------------------------------------------------------------------------------------------------------------------
 Limit  (cost=205869.57..205869.57 rows=1 width=20) (actual time=544.048..544.048 rows=0 loops=1)
   ->  Incremental Sort  (cost=116090.10..195869.57 rows=1000000 width=20) (actual time=164.378..518.516 rows=1000000 loops=1)
         Sort Key: s_1.a, s_1.b
         Presorted Key: s_1.a
         Sort Method: quicksort  Memory: 135kB
         Sort Groups: 1001
         ->  Sort  (cost=116027.84..118527.84 rows=1000000 width=20) (actual time=164.179..199.765 rows=1000000 loops=1)
               Sort Key: s_1.a
               Sort Method: quicksort  Memory: 102702kB
               ->  Seq Scan on s_1  (cost=0.00..16370.00 rows=1000000 width=20) (actual time=0.007..55.389 rows=1000000 loops=1)
 Planning time: 0.225 ms
 Execution time: 548.404 ms
(12 rows)

===== 322 [Wed Mar  7 02:27:38 CET 2018] scale:1000000 groups:1000 work_mem:128MB incremental:on max_workers:2 =====
SELECT * FROM (SELECT * FROM s_2 ORDER BY a, b) foo ORDER BY a, b, c
                                                           QUERY PLAN                                                            
---------------------------------------------------------------------------------------------------------------------------------
 Limit  (cost=174637.48..174637.48 rows=1 width=20) (actual time=453.043..453.043 rows=0 loops=1)
   ->  Incremental Sort  (cost=116028.13..164637.48 rows=1000000 width=20) (actual time=181.384..427.572 rows=1000000 loops=1)
         Sort Key: s_2.a, s_2.b, s_2.c
         Presorted Key: s_2.a, s_2.b
         Sort Method: quicksort  Memory: 28kB
         Sort Groups: 30773
         ->  Sort  (cost=116027.84..118527.84 rows=1000000 width=20) (actual time=181.340..223.129 rows=1000000 loops=1)
               Sort Key: s_2.a, s_2.b
               Sort Method: quicksort  Memory: 102702kB
               ->  Seq Scan on s_2  (cost=0.00..16370.00 rows=1000000 width=20) (actual time=0.010..55.816 rows=1000000 loops=1)
 Planning time: 0.231 ms
 Execution time: 457.386 ms
(12 rows)

===== 323 [Wed Mar  7 02:27:40 CET 2018] scale:1000000 groups:1000 work_mem:128MB incremental:on max_workers:2 =====
SELECT * FROM (SELECT * FROM s_3 ORDER BY a, b, c) foo ORDER BY a, b, c, d
                                                           QUERY PLAN                                                            
---------------------------------------------------------------------------------------------------------------------------------
 Limit  (cost=174637.48..174637.48 rows=1 width=20) (actual time=395.924..395.924 rows=0 loops=1)
   ->  Incremental Sort  (cost=116028.13..164637.48 rows=1000000 width=20) (actual time=182.448..373.513 rows=1000000 loops=1)
         Sort Key: s_3.a, s_3.b, s_3.c, s_3.d
         Presorted Key: s_3.a, s_3.b, s_3.c
         Sort Method: quicksort  Memory: 27kB
         Sort Groups: 31250
         ->  Sort  (cost=116027.84..118527.84 rows=1000000 width=20) (actual time=182.407..224.515 rows=1000000 loops=1)
               Sort Key: s_3.a, s_3.b, s_3.c
               Sort Method: quicksort  Memory: 102702kB
               ->  Seq Scan on s_3  (cost=0.00..16370.00 rows=1000000 width=20) (actual time=0.013..55.534 rows=1000000 loops=1)
 Planning time: 0.240 ms
 Execution time: 400.273 ms
(12 rows)

===== 324 [Wed Mar  7 02:27:42 CET 2018] scale:1000000 groups:1000 work_mem:128MB incremental:on max_workers:2 =====
SELECT * FROM (SELECT * FROM s_4 ORDER BY a, b, c, d) foo ORDER BY a, b, c, d, e
                                                           QUERY PLAN                                                            
---------------------------------------------------------------------------------------------------------------------------------
 Limit  (cost=174637.48..174637.48 rows=1 width=20) (actual time=395.422..395.422 rows=0 loops=1)
   ->  Incremental Sort  (cost=116028.13..164637.48 rows=1000000 width=20) (actual time=182.766..373.030 rows=1000000 loops=1)
         Sort Key: s_4.a, s_4.b, s_4.c, s_4.d, s_4.e
         Presorted Key: s_4.a, s_4.b, s_4.c, s_4.d
         Sort Method: quicksort  Memory: 27kB
         Sort Groups: 31250
         ->  Sort  (cost=116027.84..118527.84 rows=1000000 width=20) (actual time=182.724..224.674 rows=1000000 loops=1)
               Sort Key: s_4.a, s_4.b, s_4.c, s_4.d
               Sort Method: quicksort  Memory: 102702kB
               ->  Seq Scan on s_4  (cost=0.00..16370.00 rows=1000000 width=20) (actual time=0.011..55.563 rows=1000000 loops=1)
 Planning time: 0.251 ms
 Execution time: 399.762 ms
(12 rows)

===== 325 [Wed Mar  7 02:27:43 CET 2018] scale:1000000 groups:1000 work_mem:128MB incremental:off max_workers:2 =====
SELECT * FROM (SELECT * FROM s_1 ORDER BY a) foo ORDER BY a, b
                                                           QUERY PLAN                                                            
---------------------------------------------------------------------------------------------------------------------------------
 Limit  (cost=240685.69..240685.69 rows=1 width=20) (actual time=639.547..639.547 rows=0 loops=1)
   ->  Sort  (cost=228185.69..230685.69 rows=1000000 width=20) (actual time=558.874..617.892 rows=1000000 loops=1)
         Sort Key: s_1.a, s_1.b
         Sort Method: quicksort  Memory: 102702kB
         ->  Sort  (cost=116027.84..118527.84 rows=1000000 width=20) (actual time=163.716..201.186 rows=1000000 loops=1)
               Sort Key: s_1.a
               Sort Method: quicksort  Memory: 102702kB
               ->  Seq Scan on s_1  (cost=0.00..16370.00 rows=1000000 width=20) (actual time=0.007..55.657 rows=1000000 loops=1)
 Planning time: 0.218 ms
 Execution time: 647.783 ms
(10 rows)

===== 326 [Wed Mar  7 02:27:47 CET 2018] scale:1000000 groups:1000 work_mem:128MB incremental:off max_workers:2 =====
SELECT * FROM (SELECT * FROM s_2 ORDER BY a, b) foo ORDER BY a, b, c
                                                           QUERY PLAN                                                            
---------------------------------------------------------------------------------------------------------------------------------
 Limit  (cost=240685.69..240685.69 rows=1 width=20) (actual time=604.491..604.491 rows=0 loops=1)
   ->  Sort  (cost=228185.69..230685.69 rows=1000000 width=20) (actual time=548.061..582.748 rows=1000000 loops=1)
         Sort Key: s_2.a, s_2.b, s_2.c
         Sort Method: quicksort  Memory: 102702kB
         ->  Sort  (cost=116027.84..118527.84 rows=1000000 width=20) (actual time=180.125..217.511 rows=1000000 loops=1)
               Sort Key: s_2.a, s_2.b
               Sort Method: quicksort  Memory: 102702kB
               ->  Seq Scan on s_2  (cost=0.00..16370.00 rows=1000000 width=20) (actual time=0.010..55.717 rows=1000000 loops=1)
 Planning time: 0.223 ms
 Execution time: 612.688 ms
(10 rows)

===== 327 [Wed Mar  7 02:27:50 CET 2018] scale:1000000 groups:1000 work_mem:128MB incremental:off max_workers:2 =====
SELECT * FROM (SELECT * FROM s_3 ORDER BY a, b, c) foo ORDER BY a, b, c, d
                                                           QUERY PLAN                                                            
---------------------------------------------------------------------------------------------------------------------------------
 Limit  (cost=240685.69..240685.69 rows=1 width=20) (actual time=493.361..493.361 rows=0 loops=1)
   ->  Sort  (cost=228185.69..230685.69 rows=1000000 width=20) (actual time=438.326..471.475 rows=1000000 loops=1)
         Sort Key: s_3.a, s_3.b, s_3.c, s_3.d
         Sort Method: quicksort  Memory: 102702kB
         ->  Sort  (cost=116027.84..118527.84 rows=1000000 width=20) (actual time=182.741..220.180 rows=1000000 loops=1)
               Sort Key: s_3.a, s_3.b, s_3.c
               Sort Method: quicksort  Memory: 102702kB
               ->  Seq Scan on s_3  (cost=0.00..16370.00 rows=1000000 width=20) (actual time=0.013..55.908 rows=1000000 loops=1)
 Planning time: 0.229 ms
 Execution time: 501.554 ms
(10 rows)

===== 328 [Wed Mar  7 02:27:52 CET 2018] scale:1000000 groups:1000 work_mem:128MB incremental:off max_workers:2 =====
SELECT * FROM (SELECT * FROM s_4 ORDER BY a, b, c, d) foo ORDER BY a, b, c, d, e
                                                           QUERY PLAN                                                            
---------------------------------------------------------------------------------------------------------------------------------
 Limit  (cost=240685.69..240685.69 rows=1 width=20) (actual time=397.143..397.143 rows=0 loops=1)
   ->  Sort  (cost=228185.69..230685.69 rows=1000000 width=20) (actual time=342.005..375.258 rows=1000000 loops=1)
         Sort Key: s_4.a, s_4.b, s_4.c, s_4.d, s_4.e
         Sort Method: quicksort  Memory: 102702kB
         ->  Sort  (cost=116027.84..118527.84 rows=1000000 width=20) (actual time=182.964..220.428 rows=1000000 loops=1)
               Sort Key: s_4.a, s_4.b, s_4.c, s_4.d
               Sort Method: quicksort  Memory: 102702kB
               ->  Seq Scan on s_4  (cost=0.00..16370.00 rows=1000000 width=20) (actual time=0.011..55.883 rows=1000000 loops=1)
 Planning time: 0.233 ms
 Execution time: 405.372 ms
(10 rows)

===== 329 [Wed Mar  7 02:27:54 CET 2018] scale:1000000 groups:1000 work_mem:256MB incremental:on max_workers:2 =====
SELECT * FROM (SELECT * FROM s_1 ORDER BY a) foo ORDER BY a, b
                                                           QUERY PLAN                                                            
---------------------------------------------------------------------------------------------------------------------------------
 Limit  (cost=205869.57..205869.57 rows=1 width=20) (actual time=544.510..544.510 rows=0 loops=1)
   ->  Incremental Sort  (cost=116090.10..195869.57 rows=1000000 width=20) (actual time=164.424..518.998 rows=1000000 loops=1)
         Sort Key: s_1.a, s_1.b
         Presorted Key: s_1.a
         Sort Method: quicksort  Memory: 135kB
         Sort Groups: 1001
         ->  Sort  (cost=116027.84..118527.84 rows=1000000 width=20) (actual time=164.220..199.786 rows=1000000 loops=1)
               Sort Key: s_1.a
               Sort Method: quicksort  Memory: 102702kB
               ->  Seq Scan on s_1  (cost=0.00..16370.00 rows=1000000 width=20) (actual time=0.007..55.419 rows=1000000 loops=1)
 Planning time: 0.223 ms
 Execution time: 548.869 ms
(12 rows)

===== 330 [Wed Mar  7 02:27:57 CET 2018] scale:1000000 groups:1000 work_mem:256MB incremental:on max_workers:2 =====
SELECT * FROM (SELECT * FROM s_2 ORDER BY a, b) foo ORDER BY a, b, c
                                                           QUERY PLAN                                                            
---------------------------------------------------------------------------------------------------------------------------------
 Limit  (cost=174637.48..174637.48 rows=1 width=20) (actual time=452.759..452.759 rows=0 loops=1)
   ->  Incremental Sort  (cost=116028.13..164637.48 rows=1000000 width=20) (actual time=181.154..427.290 rows=1000000 loops=1)
         Sort Key: s_2.a, s_2.b, s_2.c
         Presorted Key: s_2.a, s_2.b
         Sort Method: quicksort  Memory: 28kB
         Sort Groups: 30773
         ->  Sort  (cost=116027.84..118527.84 rows=1000000 width=20) (actual time=181.109..222.922 rows=1000000 loops=1)
               Sort Key: s_2.a, s_2.b
               Sort Method: quicksort  Memory: 102702kB
               ->  Seq Scan on s_2  (cost=0.00..16370.00 rows=1000000 width=20) (actual time=0.010..55.750 rows=1000000 loops=1)
 Planning time: 0.230 ms
 Execution time: 457.100 ms
(12 rows)

===== 331 [Wed Mar  7 02:27:59 CET 2018] scale:1000000 groups:1000 work_mem:256MB incremental:on max_workers:2 =====
SELECT * FROM (SELECT * FROM s_3 ORDER BY a, b, c) foo ORDER BY a, b, c, d
                                                           QUERY PLAN                                                            
---------------------------------------------------------------------------------------------------------------------------------
 Limit  (cost=174637.48..174637.48 rows=1 width=20) (actual time=396.300..396.300 rows=0 loops=1)
   ->  Incremental Sort  (cost=116028.13..164637.48 rows=1000000 width=20) (actual time=182.938..373.923 rows=1000000 loops=1)
         Sort Key: s_3.a, s_3.b, s_3.c, s_3.d
         Presorted Key: s_3.a, s_3.b, s_3.c
         Sort Method: quicksort  Memory: 27kB
         Sort Groups: 31250
         ->  Sort  (cost=116027.84..118527.84 rows=1000000 width=20) (actual time=182.895..225.000 rows=1000000 loops=1)
               Sort Key: s_3.a, s_3.b, s_3.c
               Sort Method: quicksort  Memory: 102702kB
               ->  Seq Scan on s_3  (cost=0.00..16370.00 rows=1000000 width=20) (actual time=0.013..55.556 rows=1000000 loops=1)
 Planning time: 0.244 ms
 Execution time: 400.665 ms
(12 rows)

===== 332 [Wed Mar  7 02:28:01 CET 2018] scale:1000000 groups:1000 work_mem:256MB incremental:on max_workers:2 =====
SELECT * FROM (SELECT * FROM s_4 ORDER BY a, b, c, d) foo ORDER BY a, b, c, d, e
                                                           QUERY PLAN                                                            
---------------------------------------------------------------------------------------------------------------------------------
 Limit  (cost=174637.48..174637.48 rows=1 width=20) (actual time=395.504..395.504 rows=0 loops=1)
   ->  Incremental Sort  (cost=116028.13..164637.48 rows=1000000 width=20) (actual time=182.768..373.091 rows=1000000 loops=1)
         Sort Key: s_4.a, s_4.b, s_4.c, s_4.d, s_4.e
         Presorted Key: s_4.a, s_4.b, s_4.c, s_4.d
         Sort Method: quicksort  Memory: 27kB
         Sort Groups: 31250
         ->  Sort  (cost=116027.84..118527.84 rows=1000000 width=20) (actual time=182.725..224.665 rows=1000000 loops=1)
               Sort Key: s_4.a, s_4.b, s_4.c, s_4.d
               Sort Method: quicksort  Memory: 102702kB
               ->  Seq Scan on s_4  (cost=0.00..16370.00 rows=1000000 width=20) (actual time=0.011..55.560 rows=1000000 loops=1)
 Planning time: 0.244 ms
 Execution time: 399.861 ms
(12 rows)

===== 333 [Wed Mar  7 02:28:02 CET 2018] scale:1000000 groups:1000 work_mem:256MB incremental:off max_workers:2 =====
SELECT * FROM (SELECT * FROM s_1 ORDER BY a) foo ORDER BY a, b
                                                           QUERY PLAN                                                            
---------------------------------------------------------------------------------------------------------------------------------
 Limit  (cost=240685.69..240685.69 rows=1 width=20) (actual time=638.795..638.795 rows=0 loops=1)
   ->  Sort  (cost=228185.69..230685.69 rows=1000000 width=20) (actual time=558.184..617.170 rows=1000000 loops=1)
         Sort Key: s_1.a, s_1.b
         Sort Method: quicksort  Memory: 102702kB
         ->  Sort  (cost=116027.84..118527.84 rows=1000000 width=20) (actual time=163.336..200.797 rows=1000000 loops=1)
               Sort Key: s_1.a
               Sort Method: quicksort  Memory: 102702kB
               ->  Seq Scan on s_1  (cost=0.00..16370.00 rows=1000000 width=20) (actual time=0.007..55.565 rows=1000000 loops=1)
 Planning time: 0.215 ms
 Execution time: 647.024 ms
(10 rows)

===== 334 [Wed Mar  7 02:28:06 CET 2018] scale:1000000 groups:1000 work_mem:256MB incremental:off max_workers:2 =====
SELECT * FROM (SELECT * FROM s_2 ORDER BY a, b) foo ORDER BY a, b, c
                                                           QUERY PLAN                                                            
---------------------------------------------------------------------------------------------------------------------------------
 Limit  (cost=240685.69..240685.69 rows=1 width=20) (actual time=604.364..604.364 rows=0 loops=1)
   ->  Sort  (cost=228185.69..230685.69 rows=1000000 width=20) (actual time=547.908..582.622 rows=1000000 loops=1)
         Sort Key: s_2.a, s_2.b, s_2.c
         Sort Method: quicksort  Memory: 102702kB
         ->  Sort  (cost=116027.84..118527.84 rows=1000000 width=20) (actual time=180.055..217.371 rows=1000000 loops=1)
               Sort Key: s_2.a, s_2.b
               Sort Method: quicksort  Memory: 102702kB
               ->  Seq Scan on s_2  (cost=0.00..16370.00 rows=1000000 width=20) (actual time=0.010..55.630 rows=1000000 loops=1)
 Planning time: 0.221 ms
 Execution time: 612.573 ms
(10 rows)

===== 335 [Wed Mar  7 02:28:09 CET 2018] scale:1000000 groups:1000 work_mem:256MB incremental:off max_workers:2 =====
SELECT * FROM (SELECT * FROM s_3 ORDER BY a, b, c) foo ORDER BY a, b, c, d
                                                           QUERY PLAN                                                            
---------------------------------------------------------------------------------------------------------------------------------
 Limit  (cost=240685.69..240685.69 rows=1 width=20) (actual time=493.624..493.624 rows=0 loops=1)
   ->  Sort  (cost=228185.69..230685.69 rows=1000000 width=20) (actual time=438.583..471.753 rows=1000000 loops=1)
         Sort Key: s_3.a, s_3.b, s_3.c, s_3.d
         Sort Method: quicksort  Memory: 102702kB
         ->  Sort  (cost=116027.84..118527.84 rows=1000000 width=20) (actual time=182.948..220.426 rows=1000000 loops=1)
               Sort Key: s_3.a, s_3.b, s_3.c
               Sort Method: quicksort  Memory: 102702kB
               ->  Seq Scan on s_3  (cost=0.00..16370.00 rows=1000000 width=20) (actual time=0.013..55.850 rows=1000000 loops=1)
 Planning time: 0.223 ms
 Execution time: 501.827 ms
(10 rows)

===== 336 [Wed Mar  7 02:28:11 CET 2018] scale:1000000 groups:1000 work_mem:256MB incremental:off max_workers:2 =====
SELECT * FROM (SELECT * FROM s_4 ORDER BY a, b, c, d) foo ORDER BY a, b, c, d, e
                                                           QUERY PLAN                                                            
---------------------------------------------------------------------------------------------------------------------------------
 Limit  (cost=240685.69..240685.69 rows=1 width=20) (actual time=397.163..397.163 rows=0 loops=1)
   ->  Sort  (cost=228185.69..230685.69 rows=1000000 width=20) (actual time=342.063..375.298 rows=1000000 loops=1)
         Sort Key: s_4.a, s_4.b, s_4.c, s_4.d, s_4.e
         Sort Method: quicksort  Memory: 102702kB
         ->  Sort  (cost=116027.84..118527.84 rows=1000000 width=20) (actual time=182.928..220.367 rows=1000000 loops=1)
               Sort Key: s_4.a, s_4.b, s_4.c, s_4.d
               Sort Method: quicksort  Memory: 102702kB
               ->  Seq Scan on s_4  (cost=0.00..16370.00 rows=1000000 width=20) (actual time=0.011..55.851 rows=1000000 loops=1)
 Planning time: 0.236 ms
 Execution time: 405.360 ms
(10 rows)

===== 337 [Wed Mar  7 02:28:20 CET 2018] scale:1000000 groups:10000 work_mem:4MB incremental:on max_workers:0 =====
SELECT * FROM (SELECT * FROM s_1 ORDER BY a) foo ORDER BY a, b
                                                           QUERY PLAN                                                            
---------------------------------------------------------------------------------------------------------------------------------
 Limit  (cost=209958.53..209958.53 rows=1 width=20) (actual time=599.965..599.965 rows=0 loops=1)
   ->  Incremental Sort  (cost=136542.42..199958.53 rows=1000000 width=20) (actual time=227.613..574.384 rows=1000000 loops=1)
         Sort Key: s_1.a, s_1.b
         Presorted Key: s_1.a
         Sort Method: quicksort  Memory: 36kB
         Sort Groups: 10001
         ->  Sort  (cost=136537.84..139037.84 rows=1000000 width=20) (actual time=227.563..323.691 rows=1000000 loops=1)
               Sort Key: s_1.a
               Sort Method: external merge  Disk: 29360kB
               ->  Seq Scan on s_1  (cost=0.00..16370.00 rows=1000000 width=20) (actual time=0.018..68.308 rows=1000000 loops=1)
 Planning time: 0.216 ms
 Execution time: 603.648 ms
(12 rows)

===== 338 [Wed Mar  7 02:28:23 CET 2018] scale:1000000 groups:10000 work_mem:4MB incremental:on max_workers:0 =====
SELECT * FROM (SELECT * FROM s_2 ORDER BY a, b) foo ORDER BY a, b, c
                                                           QUERY PLAN                                                            
---------------------------------------------------------------------------------------------------------------------------------
 Limit  (cost=195147.48..195147.48 rows=1 width=20) (actual time=485.710..485.710 rows=0 loops=1)
   ->  Incremental Sort  (cost=136538.13..185147.48 rows=1000000 width=20) (actual time=239.034..460.626 rows=1000000 loops=1)
         Sort Key: s_2.a, s_2.b, s_2.c
         Presorted Key: s_2.a, s_2.b
         Sort Method: quicksort  Memory: 27kB
         Sort Groups: 31245
         ->  Sort  (cost=136537.84..139037.84 rows=1000000 width=20) (actual time=238.992..338.308 rows=1000000 loops=1)
               Sort Key: s_2.a, s_2.b
               Sort Method: external merge  Disk: 29360kB
               ->  Seq Scan on s_2  (cost=0.00..16370.00 rows=1000000 width=20) (actual time=0.020..68.237 rows=1000000 loops=1)
 Planning time: 0.226 ms
 Execution time: 489.449 ms
(12 rows)

===== 339 [Wed Mar  7 02:28:25 CET 2018] scale:1000000 groups:10000 work_mem:4MB incremental:on max_workers:0 =====
SELECT * FROM (SELECT * FROM s_3 ORDER BY a, b, c) foo ORDER BY a, b, c, d
                                                           QUERY PLAN                                                            
---------------------------------------------------------------------------------------------------------------------------------
 Limit  (cost=195147.48..195147.48 rows=1 width=20) (actual time=493.174..493.174 rows=0 loops=1)
   ->  Incremental Sort  (cost=136538.13..185147.48 rows=1000000 width=20) (actual time=240.188..467.800 rows=1000000 loops=1)
         Sort Key: s_3.a, s_3.b, s_3.c, s_3.d
         Presorted Key: s_3.a, s_3.b, s_3.c
         Sort Method: quicksort  Memory: 27kB
         Sort Groups: 31250
         ->  Sort  (cost=136537.84..139037.84 rows=1000000 width=20) (actual time=240.144..338.997 rows=1000000 loops=1)
               Sort Key: s_3.a, s_3.b, s_3.c
               Sort Method: external merge  Disk: 29360kB
               ->  Seq Scan on s_3  (cost=0.00..16370.00 rows=1000000 width=20) (actual time=0.020..68.634 rows=1000000 loops=1)
 Planning time: 0.222 ms
 Execution time: 496.854 ms
(12 rows)

===== 340 [Wed Mar  7 02:28:27 CET 2018] scale:1000000 groups:10000 work_mem:4MB incremental:on max_workers:0 =====
SELECT * FROM (SELECT * FROM s_4 ORDER BY a, b, c, d) foo ORDER BY a, b, c, d, e
                                                           QUERY PLAN                                                            
---------------------------------------------------------------------------------------------------------------------------------
 Limit  (cost=195147.48..195147.48 rows=1 width=20) (actual time=480.849..480.849 rows=0 loops=1)
   ->  Incremental Sort  (cost=136538.13..185147.48 rows=1000000 width=20) (actual time=239.448..458.226 rows=1000000 loops=1)
         Sort Key: s_4.a, s_4.b, s_4.c, s_4.d, s_4.e
         Presorted Key: s_4.a, s_4.b, s_4.c, s_4.d
         Sort Method: quicksort  Memory: 27kB
         Sort Groups: 31250
         ->  Sort  (cost=136537.84..139037.84 rows=1000000 width=20) (actual time=239.404..338.055 rows=1000000 loops=1)
               Sort Key: s_4.a, s_4.b, s_4.c, s_4.d
               Sort Method: external merge  Disk: 29360kB
               ->  Seq Scan on s_4  (cost=0.00..16370.00 rows=1000000 width=20) (actual time=0.021..68.298 rows=1000000 loops=1)
 Planning time: 0.239 ms
 Execution time: 484.495 ms
(12 rows)

===== 341 [Wed Mar  7 02:28:30 CET 2018] scale:1000000 groups:10000 work_mem:4MB incremental:off max_workers:0 =====
SELECT * FROM (SELECT * FROM s_1 ORDER BY a) foo ORDER BY a, b
                                                           QUERY PLAN                                                            
---------------------------------------------------------------------------------------------------------------------------------
 Limit  (cost=281705.69..281705.69 rows=1 width=20) (actual time=756.888..756.888 rows=0 loops=1)
   ->  Sort  (cost=269205.69..271705.69 rows=1000000 width=20) (actual time=652.317..734.980 rows=1000000 loops=1)
         Sort Key: s_1.a, s_1.b
         Sort Method: external merge  Disk: 29360kB
         ->  Sort  (cost=136537.84..139037.84 rows=1000000 width=20) (actual time=213.674..310.491 rows=1000000 loops=1)
               Sort Key: s_1.a
               Sort Method: external merge  Disk: 29360kB
               ->  Seq Scan on s_1  (cost=0.00..16370.00 rows=1000000 width=20) (actual time=0.010..51.258 rows=1000000 loops=1)
 Planning time: 0.211 ms
 Execution time: 764.078 ms
(10 rows)

===== 342 [Wed Mar  7 02:28:34 CET 2018] scale:1000000 groups:10000 work_mem:4MB incremental:off max_workers:0 =====
SELECT * FROM (SELECT * FROM s_2 ORDER BY a, b) foo ORDER BY a, b, c
                                                           QUERY PLAN                                                            
---------------------------------------------------------------------------------------------------------------------------------
 Limit  (cost=281705.69..281705.69 rows=1 width=20) (actual time=668.747..668.747 rows=0 loops=1)
   ->  Sort  (cost=269205.69..271705.69 rows=1000000 width=20) (actual time=564.236..646.835 rows=1000000 loops=1)
         Sort Key: s_2.a, s_2.b, s_2.c
         Sort Method: external merge  Disk: 29360kB
         ->  Sort  (cost=136537.84..139037.84 rows=1000000 width=20) (actual time=225.490..322.419 rows=1000000 loops=1)
               Sort Key: s_2.a, s_2.b
               Sort Method: external merge  Disk: 29360kB
               ->  Seq Scan on s_2  (cost=0.00..16370.00 rows=1000000 width=20) (actual time=0.011..51.358 rows=1000000 loops=1)
 Planning time: 0.214 ms
 Execution time: 675.869 ms
(10 rows)

===== 343 [Wed Mar  7 02:28:37 CET 2018] scale:1000000 groups:10000 work_mem:4MB incremental:off max_workers:0 =====
SELECT * FROM (SELECT * FROM s_3 ORDER BY a, b, c) foo ORDER BY a, b, c, d
                                                           QUERY PLAN                                                            
---------------------------------------------------------------------------------------------------------------------------------
 Limit  (cost=281705.69..281705.69 rows=1 width=20) (actual time=589.344..589.344 rows=0 loops=1)
   ->  Sort  (cost=269205.69..271705.69 rows=1000000 width=20) (actual time=484.776..567.439 rows=1000000 loops=1)
         Sort Key: s_3.a, s_3.b, s_3.c, s_3.d
         Sort Method: external merge  Disk: 29360kB
         ->  Sort  (cost=136537.84..139037.84 rows=1000000 width=20) (actual time=225.421..322.315 rows=1000000 loops=1)
               Sort Key: s_3.a, s_3.b, s_3.c
               Sort Method: external merge  Disk: 29360kB
               ->  Seq Scan on s_3  (cost=0.00..16370.00 rows=1000000 width=20) (actual time=0.011..51.458 rows=1000000 loops=1)
 Planning time: 0.214 ms
 Execution time: 596.520 ms
(10 rows)

===== 344 [Wed Mar  7 02:28:40 CET 2018] scale:1000000 groups:10000 work_mem:4MB incremental:off max_workers:0 =====
SELECT * FROM (SELECT * FROM s_4 ORDER BY a, b, c, d) foo ORDER BY a, b, c, d, e
                                                           QUERY PLAN                                                            
---------------------------------------------------------------------------------------------------------------------------------
 Limit  (cost=281705.69..281705.69 rows=1 width=20) (actual time=583.389..583.389 rows=0 loops=1)
   ->  Sort  (cost=269205.69..271705.69 rows=1000000 width=20) (actual time=479.047..561.502 rows=1000000 loops=1)
         Sort Key: s_4.a, s_4.b, s_4.c, s_4.d, s_4.e
         Sort Method: external merge  Disk: 29360kB
         ->  Sort  (cost=136537.84..139037.84 rows=1000000 width=20) (actual time=226.463..319.521 rows=1000000 loops=1)
               Sort Key: s_4.a, s_4.b, s_4.c, s_4.d
               Sort Method: external merge  Disk: 29360kB
               ->  Seq Scan on s_4  (cost=0.00..16370.00 rows=1000000 width=20) (actual time=0.011..51.561 rows=1000000 loops=1)
 Planning time: 0.224 ms
 Execution time: 590.545 ms
(10 rows)

===== 345 [Wed Mar  7 02:28:43 CET 2018] scale:1000000 groups:10000 work_mem:8MB incremental:on max_workers:0 =====
SELECT * FROM (SELECT * FROM s_1 ORDER BY a) foo ORDER BY a, b
                                                           QUERY PLAN                                                            
---------------------------------------------------------------------------------------------------------------------------------
 Limit  (cost=209958.53..209958.53 rows=1 width=20) (actual time=552.346..552.346 rows=0 loops=1)
   ->  Incremental Sort  (cost=136542.42..199958.53 rows=1000000 width=20) (actual time=185.173..526.764 rows=1000000 loops=1)
         Sort Key: s_1.a, s_1.b
         Presorted Key: s_1.a
         Sort Method: quicksort  Memory: 36kB
         Sort Groups: 10001
         ->  Sort  (cost=136537.84..139037.84 rows=1000000 width=20) (actual time=185.124..278.353 rows=1000000 loops=1)
               Sort Key: s_1.a
               Sort Method: external merge  Disk: 29360kB
               ->  Seq Scan on s_1  (cost=0.00..16370.00 rows=1000000 width=20) (actual time=0.009..51.564 rows=1000000 loops=1)
 Planning time: 0.216 ms
 Execution time: 556.240 ms
(12 rows)

===== 346 [Wed Mar  7 02:28:46 CET 2018] scale:1000000 groups:10000 work_mem:8MB incremental:on max_workers:0 =====
SELECT * FROM (SELECT * FROM s_2 ORDER BY a, b) foo ORDER BY a, b, c
                                                           QUERY PLAN                                                            
---------------------------------------------------------------------------------------------------------------------------------
 Limit  (cost=195147.48..195147.48 rows=1 width=20) (actual time=441.671..441.671 rows=0 loops=1)
   ->  Incremental Sort  (cost=136538.13..185147.48 rows=1000000 width=20) (actual time=199.119..416.592 rows=1000000 loops=1)
         Sort Key: s_2.a, s_2.b, s_2.c
         Presorted Key: s_2.a, s_2.b
         Sort Method: quicksort  Memory: 27kB
         Sort Groups: 31245
         ->  Sort  (cost=136537.84..139037.84 rows=1000000 width=20) (actual time=199.074..295.617 rows=1000000 loops=1)
               Sort Key: s_2.a, s_2.b
               Sort Method: external merge  Disk: 29360kB
               ->  Seq Scan on s_2  (cost=0.00..16370.00 rows=1000000 width=20) (actual time=0.010..51.607 rows=1000000 loops=1)
 Planning time: 0.221 ms
 Execution time: 445.512 ms
(12 rows)

===== 347 [Wed Mar  7 02:28:48 CET 2018] scale:1000000 groups:10000 work_mem:8MB incremental:on max_workers:0 =====
SELECT * FROM (SELECT * FROM s_3 ORDER BY a, b, c) foo ORDER BY a, b, c, d
                                                           QUERY PLAN                                                            
---------------------------------------------------------------------------------------------------------------------------------
 Limit  (cost=195147.48..195147.48 rows=1 width=20) (actual time=453.098..453.098 rows=0 loops=1)
   ->  Incremental Sort  (cost=136538.13..185147.48 rows=1000000 width=20) (actual time=198.672..427.618 rows=1000000 loops=1)
         Sort Key: s_3.a, s_3.b, s_3.c, s_3.d
         Presorted Key: s_3.a, s_3.b, s_3.c
         Sort Method: quicksort  Memory: 27kB
         Sort Groups: 31250
         ->  Sort  (cost=136537.84..139037.84 rows=1000000 width=20) (actual time=198.628..295.525 rows=1000000 loops=1)
               Sort Key: s_3.a, s_3.b, s_3.c
               Sort Method: external merge  Disk: 29360kB
               ->  Seq Scan on s_3  (cost=0.00..16370.00 rows=1000000 width=20) (actual time=0.011..51.714 rows=1000000 loops=1)
 Planning time: 0.223 ms
 Execution time: 457.012 ms
(12 rows)

===== 348 [Wed Mar  7 02:28:50 CET 2018] scale:1000000 groups:10000 work_mem:8MB incremental:on max_workers:0 =====
SELECT * FROM (SELECT * FROM s_4 ORDER BY a, b, c, d) foo ORDER BY a, b, c, d, e
                                                           QUERY PLAN                                                            
---------------------------------------------------------------------------------------------------------------------------------
 Limit  (cost=195147.48..195147.48 rows=1 width=20) (actual time=438.189..438.189 rows=0 loops=1)
   ->  Incremental Sort  (cost=136538.13..185147.48 rows=1000000 width=20) (actual time=198.335..415.615 rows=1000000 loops=1)
         Sort Key: s_4.a, s_4.b, s_4.c, s_4.d, s_4.e
         Presorted Key: s_4.a, s_4.b, s_4.c, s_4.d
         Sort Method: quicksort  Memory: 27kB
         Sort Groups: 31250
         ->  Sort  (cost=136537.84..139037.84 rows=1000000 width=20) (actual time=198.292..295.013 rows=1000000 loops=1)
               Sort Key: s_4.a, s_4.b, s_4.c, s_4.d
               Sort Method: external merge  Disk: 29360kB
               ->  Seq Scan on s_4  (cost=0.00..16370.00 rows=1000000 width=20) (actual time=0.011..51.734 rows=1000000 loops=1)
 Planning time: 0.235 ms
 Execution time: 442.049 ms
(12 rows)

===== 349 [Wed Mar  7 02:28:52 CET 2018] scale:1000000 groups:10000 work_mem:8MB incremental:off max_workers:0 =====
SELECT * FROM (SELECT * FROM s_1 ORDER BY a) foo ORDER BY a, b
                                                           QUERY PLAN                                                            
---------------------------------------------------------------------------------------------------------------------------------
 Limit  (cost=281705.69..281705.69 rows=1 width=20) (actual time=704.514..704.514 rows=0 loops=1)
   ->  Sort  (cost=269205.69..271705.69 rows=1000000 width=20) (actual time=602.047..682.716 rows=1000000 loops=1)
         Sort Key: s_1.a, s_1.b
         Sort Method: external merge  Disk: 29360kB
         ->  Sort  (cost=136537.84..139037.84 rows=1000000 width=20) (actual time=184.569..275.081 rows=1000000 loops=1)
               Sort Key: s_1.a
               Sort Method: external merge  Disk: 29360kB
               ->  Seq Scan on s_1  (cost=0.00..16370.00 rows=1000000 width=20) (actual time=0.010..51.627 rows=1000000 loops=1)
 Planning time: 0.214 ms
 Execution time: 711.854 ms
(10 rows)

===== 350 [Wed Mar  7 02:28:55 CET 2018] scale:1000000 groups:10000 work_mem:8MB incremental:off max_workers:0 =====
SELECT * FROM (SELECT * FROM s_2 ORDER BY a, b) foo ORDER BY a, b, c
                                                           QUERY PLAN                                                            
---------------------------------------------------------------------------------------------------------------------------------
 Limit  (cost=281705.69..281705.69 rows=1 width=20) (actual time=606.445..606.445 rows=0 loops=1)
   ->  Sort  (cost=269205.69..271705.69 rows=1000000 width=20) (actual time=504.085..584.654 rows=1000000 loops=1)
         Sort Key: s_2.a, s_2.b, s_2.c
         Sort Method: external merge  Disk: 29360kB
         ->  Sort  (cost=136537.84..139037.84 rows=1000000 width=20) (actual time=197.432..287.920 rows=1000000 loops=1)
               Sort Key: s_2.a, s_2.b
               Sort Method: external merge  Disk: 29360kB
               ->  Seq Scan on s_2  (cost=0.00..16370.00 rows=1000000 width=20) (actual time=0.010..51.693 rows=1000000 loops=1)
 Planning time: 0.210 ms
 Execution time: 613.745 ms
(10 rows)

===== 351 [Wed Mar  7 02:28:58 CET 2018] scale:1000000 groups:10000 work_mem:8MB incremental:off max_workers:0 =====
SELECT * FROM (SELECT * FROM s_3 ORDER BY a, b, c) foo ORDER BY a, b, c, d
                                                           QUERY PLAN                                                            
---------------------------------------------------------------------------------------------------------------------------------
 Limit  (cost=281705.69..281705.69 rows=1 width=20) (actual time=519.317..519.317 rows=0 loops=1)
   ->  Sort  (cost=269205.69..271705.69 rows=1000000 width=20) (actual time=416.984..497.535 rows=1000000 loops=1)
         Sort Key: s_3.a, s_3.b, s_3.c, s_3.d
         Sort Method: external merge  Disk: 29360kB
         ->  Sort  (cost=136537.84..139037.84 rows=1000000 width=20) (actual time=197.906..288.374 rows=1000000 loops=1)
               Sort Key: s_3.a, s_3.b, s_3.c
               Sort Method: external merge  Disk: 29360kB
               ->  Seq Scan on s_3  (cost=0.00..16370.00 rows=1000000 width=20) (actual time=0.011..51.795 rows=1000000 loops=1)
 Planning time: 0.213 ms
 Execution time: 526.662 ms
(10 rows)

===== 352 [Wed Mar  7 02:29:01 CET 2018] scale:1000000 groups:10000 work_mem:8MB incremental:off max_workers:0 =====
SELECT * FROM (SELECT * FROM s_4 ORDER BY a, b, c, d) foo ORDER BY a, b, c, d, e
                                                           QUERY PLAN                                                            
---------------------------------------------------------------------------------------------------------------------------------
 Limit  (cost=281705.69..281705.69 rows=1 width=20) (actual time=522.855..522.855 rows=0 loops=1)
   ->  Sort  (cost=269205.69..271705.69 rows=1000000 width=20) (actual time=420.643..501.093 rows=1000000 loops=1)
         Sort Key: s_4.a, s_4.b, s_4.c, s_4.d, s_4.e
         Sort Method: external merge  Disk: 29360kB
         ->  Sort  (cost=136537.84..139037.84 rows=1000000 width=20) (actual time=198.080..289.605 rows=1000000 loops=1)
               Sort Key: s_4.a, s_4.b, s_4.c, s_4.d
               Sort Method: external merge  Disk: 29360kB
               ->  Seq Scan on s_4  (cost=0.00..16370.00 rows=1000000 width=20) (actual time=0.011..51.798 rows=1000000 loops=1)
 Planning time: 0.222 ms
 Execution time: 530.179 ms
(10 rows)

===== 353 [Wed Mar  7 02:29:04 CET 2018] scale:1000000 groups:10000 work_mem:16MB incremental:on max_workers:0 =====
SELECT * FROM (SELECT * FROM s_1 ORDER BY a) foo ORDER BY a, b
                                                           QUERY PLAN                                                            
---------------------------------------------------------------------------------------------------------------------------------
 Limit  (cost=209958.53..209958.53 rows=1 width=20) (actual time=559.482..559.482 rows=0 loops=1)
   ->  Incremental Sort  (cost=136542.42..199958.53 rows=1000000 width=20) (actual time=193.489..533.906 rows=1000000 loops=1)
         Sort Key: s_1.a, s_1.b
         Presorted Key: s_1.a
         Sort Method: quicksort  Memory: 36kB
         Sort Groups: 10001
         ->  Sort  (cost=136537.84..139037.84 rows=1000000 width=20) (actual time=193.438..285.272 rows=1000000 loops=1)
               Sort Key: s_1.a
               Sort Method: external merge  Disk: 29392kB
               ->  Seq Scan on s_1  (cost=0.00..16370.00 rows=1000000 width=20) (actual time=0.009..52.132 rows=1000000 loops=1)
 Planning time: 0.220 ms
 Execution time: 563.688 ms
(12 rows)

===== 354 [Wed Mar  7 02:29:06 CET 2018] scale:1000000 groups:10000 work_mem:16MB incremental:on max_workers:0 =====
SELECT * FROM (SELECT * FROM s_2 ORDER BY a, b) foo ORDER BY a, b, c
                                                           QUERY PLAN                                                            
---------------------------------------------------------------------------------------------------------------------------------
 Limit  (cost=195147.48..195147.48 rows=1 width=20) (actual time=447.627..447.627 rows=0 loops=1)
   ->  Incremental Sort  (cost=136538.13..185147.48 rows=1000000 width=20) (actual time=206.815..422.549 rows=1000000 loops=1)
         Sort Key: s_2.a, s_2.b, s_2.c
         Presorted Key: s_2.a, s_2.b
         Sort Method: quicksort  Memory: 27kB
         Sort Groups: 31245
         ->  Sort  (cost=136537.84..139037.84 rows=1000000 width=20) (actual time=206.773..301.753 rows=1000000 loops=1)
               Sort Key: s_2.a, s_2.b
               Sort Method: external merge  Disk: 29392kB
               ->  Seq Scan on s_2  (cost=0.00..16370.00 rows=1000000 width=20) (actual time=0.010..52.154 rows=1000000 loops=1)
 Planning time: 0.221 ms
 Execution time: 451.853 ms
(12 rows)

===== 355 [Wed Mar  7 02:29:08 CET 2018] scale:1000000 groups:10000 work_mem:16MB incremental:on max_workers:0 =====
SELECT * FROM (SELECT * FROM s_3 ORDER BY a, b, c) foo ORDER BY a, b, c, d
                                                           QUERY PLAN                                                            
---------------------------------------------------------------------------------------------------------------------------------
 Limit  (cost=195147.48..195147.48 rows=1 width=20) (actual time=457.663..457.663 rows=0 loops=1)
   ->  Incremental Sort  (cost=136538.13..185147.48 rows=1000000 width=20) (actual time=206.640..432.176 rows=1000000 loops=1)
         Sort Key: s_3.a, s_3.b, s_3.c, s_3.d
         Presorted Key: s_3.a, s_3.b, s_3.c
         Sort Method: quicksort  Memory: 27kB
         Sort Groups: 31250
         ->  Sort  (cost=136537.84..139037.84 rows=1000000 width=20) (actual time=206.596..301.418 rows=1000000 loops=1)
               Sort Key: s_3.a, s_3.b, s_3.c
               Sort Method: external merge  Disk: 29392kB
               ->  Seq Scan on s_3  (cost=0.00..16370.00 rows=1000000 width=20) (actual time=0.011..52.304 rows=1000000 loops=1)
 Planning time: 0.221 ms
 Execution time: 461.886 ms
(12 rows)

===== 356 [Wed Mar  7 02:29:10 CET 2018] scale:1000000 groups:10000 work_mem:16MB incremental:on max_workers:0 =====
SELECT * FROM (SELECT * FROM s_4 ORDER BY a, b, c, d) foo ORDER BY a, b, c, d, e
                                                           QUERY PLAN                                                            
---------------------------------------------------------------------------------------------------------------------------------
 Limit  (cost=195147.48..195147.48 rows=1 width=20) (actual time=445.320..445.320 rows=0 loops=1)
   ->  Incremental Sort  (cost=136538.13..185147.48 rows=1000000 width=20) (actual time=206.706..422.738 rows=1000000 loops=1)
         Sort Key: s_4.a, s_4.b, s_4.c, s_4.d, s_4.e
         Presorted Key: s_4.a, s_4.b, s_4.c, s_4.d
         Sort Method: quicksort  Memory: 27kB
         Sort Groups: 31250
         ->  Sort  (cost=136537.84..139037.84 rows=1000000 width=20) (actual time=206.663..301.930 rows=1000000 loops=1)
               Sort Key: s_4.a, s_4.b, s_4.c, s_4.d
               Sort Method: external merge  Disk: 29392kB
               ->  Seq Scan on s_4  (cost=0.00..16370.00 rows=1000000 width=20) (actual time=0.011..52.322 rows=1000000 loops=1)
 Planning time: 0.232 ms
 Execution time: 449.549 ms
(12 rows)

===== 357 [Wed Mar  7 02:29:13 CET 2018] scale:1000000 groups:10000 work_mem:16MB incremental:off max_workers:0 =====
SELECT * FROM (SELECT * FROM s_1 ORDER BY a) foo ORDER BY a, b
                                                           QUERY PLAN                                                            
---------------------------------------------------------------------------------------------------------------------------------
 Limit  (cost=281705.69..281705.69 rows=1 width=20) (actual time=727.506..727.506 rows=0 loops=1)
   ->  Sort  (cost=269205.69..271705.69 rows=1000000 width=20) (actual time=626.807..705.722 rows=1000000 loops=1)
         Sort Key: s_1.a, s_1.b
         Sort Method: external merge  Disk: 29392kB
         ->  Sort  (cost=136537.84..139037.84 rows=1000000 width=20) (actual time=192.675..282.150 rows=1000000 loops=1)
               Sort Key: s_1.a
               Sort Method: external merge  Disk: 29392kB
               ->  Seq Scan on s_1  (cost=0.00..16370.00 rows=1000000 width=20) (actual time=0.010..52.225 rows=1000000 loops=1)
 Planning time: 0.210 ms
 Execution time: 735.273 ms
(10 rows)

===== 358 [Wed Mar  7 02:29:16 CET 2018] scale:1000000 groups:10000 work_mem:16MB incremental:off max_workers:0 =====
SELECT * FROM (SELECT * FROM s_2 ORDER BY a, b) foo ORDER BY a, b, c
                                                           QUERY PLAN                                                            
---------------------------------------------------------------------------------------------------------------------------------
 Limit  (cost=281705.69..281705.69 rows=1 width=20) (actual time=625.629..625.629 rows=0 loops=1)
   ->  Sort  (cost=269205.69..271705.69 rows=1000000 width=20) (actual time=524.955..603.831 rows=1000000 loops=1)
         Sort Key: s_2.a, s_2.b, s_2.c
         Sort Method: external merge  Disk: 29392kB
         ->  Sort  (cost=136537.84..139037.84 rows=1000000 width=20) (actual time=205.894..295.358 rows=1000000 loops=1)
               Sort Key: s_2.a, s_2.b
               Sort Method: external merge  Disk: 29392kB
               ->  Seq Scan on s_2  (cost=0.00..16370.00 rows=1000000 width=20) (actual time=0.010..52.276 rows=1000000 loops=1)
 Planning time: 0.221 ms
 Execution time: 633.368 ms
(10 rows)

===== 359 [Wed Mar  7 02:29:20 CET 2018] scale:1000000 groups:10000 work_mem:16MB incremental:off max_workers:0 =====
SELECT * FROM (SELECT * FROM s_3 ORDER BY a, b, c) foo ORDER BY a, b, c, d
                                                           QUERY PLAN                                                            
---------------------------------------------------------------------------------------------------------------------------------
 Limit  (cost=281705.69..281705.69 rows=1 width=20) (actual time=531.442..531.442 rows=0 loops=1)
   ->  Sort  (cost=269205.69..271705.69 rows=1000000 width=20) (actual time=430.920..509.640 rows=1000000 loops=1)
         Sort Key: s_3.a, s_3.b, s_3.c, s_3.d
         Sort Method: external merge  Disk: 29392kB
         ->  Sort  (cost=136537.84..139037.84 rows=1000000 width=20) (actual time=206.301..295.793 rows=1000000 loops=1)
               Sort Key: s_3.a, s_3.b, s_3.c
               Sort Method: external merge  Disk: 29392kB
               ->  Seq Scan on s_3  (cost=0.00..16370.00 rows=1000000 width=20) (actual time=0.011..52.326 rows=1000000 loops=1)
 Planning time: 0.213 ms
 Execution time: 538.369 ms
(10 rows)

===== 360 [Wed Mar  7 02:29:22 CET 2018] scale:1000000 groups:10000 work_mem:16MB incremental:off max_workers:0 =====
SELECT * FROM (SELECT * FROM s_4 ORDER BY a, b, c, d) foo ORDER BY a, b, c, d, e
                                                           QUERY PLAN                                                            
---------------------------------------------------------------------------------------------------------------------------------
 Limit  (cost=281705.69..281705.69 rows=1 width=20) (actual time=532.283..532.283 rows=0 loops=1)
   ->  Sort  (cost=269205.69..271705.69 rows=1000000 width=20) (actual time=431.578..510.468 rows=1000000 loops=1)
         Sort Key: s_4.a, s_4.b, s_4.c, s_4.d, s_4.e
         Sort Method: external merge  Disk: 29392kB
         ->  Sort  (cost=136537.84..139037.84 rows=1000000 width=20) (actual time=206.707..296.235 rows=1000000 loops=1)
               Sort Key: s_4.a, s_4.b, s_4.c, s_4.d
               Sort Method: external merge  Disk: 29392kB
               ->  Seq Scan on s_4  (cost=0.00..16370.00 rows=1000000 width=20) (actual time=0.011..52.376 rows=1000000 loops=1)
 Planning time: 0.230 ms
 Execution time: 540.019 ms
(10 rows)

===== 361 [Wed Mar  7 02:29:25 CET 2018] scale:1000000 groups:10000 work_mem:32MB incremental:on max_workers:0 =====
SELECT * FROM (SELECT * FROM s_1 ORDER BY a) foo ORDER BY a, b
                                                           QUERY PLAN                                                            
---------------------------------------------------------------------------------------------------------------------------------
 Limit  (cost=209958.53..209958.53 rows=1 width=20) (actual time=559.916..559.916 rows=0 loops=1)
   ->  Incremental Sort  (cost=136542.42..199958.53 rows=1000000 width=20) (actual time=208.606..538.109 rows=1000000 loops=1)
         Sort Key: s_1.a, s_1.b
         Presorted Key: s_1.a
         Sort Method: quicksort  Memory: 36kB
         Sort Groups: 10001
         ->  Sort  (cost=136537.84..139037.84 rows=1000000 width=20) (actual time=208.554..298.226 rows=1000000 loops=1)
               Sort Key: s_1.a
               Sort Method: external merge  Disk: 29360kB
               ->  Seq Scan on s_1  (cost=0.00..16370.00 rows=1000000 width=20) (actual time=0.009..53.579 rows=1000000 loops=1)
 Planning time: 0.215 ms
 Execution time: 564.507 ms
(12 rows)

===== 362 [Wed Mar  7 02:29:28 CET 2018] scale:1000000 groups:10000 work_mem:32MB incremental:on max_workers:0 =====
SELECT * FROM (SELECT * FROM s_2 ORDER BY a, b) foo ORDER BY a, b, c
                                                           QUERY PLAN                                                            
---------------------------------------------------------------------------------------------------------------------------------
 Limit  (cost=195147.48..195147.48 rows=1 width=20) (actual time=453.485..453.485 rows=0 loops=1)
   ->  Incremental Sort  (cost=136538.13..185147.48 rows=1000000 width=20) (actual time=221.077..431.377 rows=1000000 loops=1)
         Sort Key: s_2.a, s_2.b, s_2.c
         Presorted Key: s_2.a, s_2.b
         Sort Method: quicksort  Memory: 27kB
         Sort Groups: 31245
         ->  Sort  (cost=136537.84..139037.84 rows=1000000 width=20) (actual time=221.034..313.703 rows=1000000 loops=1)
               Sort Key: s_2.a, s_2.b
               Sort Method: external merge  Disk: 29360kB
               ->  Seq Scan on s_2  (cost=0.00..16370.00 rows=1000000 width=20) (actual time=0.010..53.797 rows=1000000 loops=1)
 Planning time: 0.217 ms
 Execution time: 458.065 ms
(12 rows)

===== 363 [Wed Mar  7 02:29:30 CET 2018] scale:1000000 groups:10000 work_mem:32MB incremental:on max_workers:0 =====
SELECT * FROM (SELECT * FROM s_3 ORDER BY a, b, c) foo ORDER BY a, b, c, d
                                                           QUERY PLAN                                                            
---------------------------------------------------------------------------------------------------------------------------------
 Limit  (cost=195147.48..195147.48 rows=1 width=20) (actual time=454.809..454.809 rows=0 loops=1)
   ->  Incremental Sort  (cost=136538.13..185147.48 rows=1000000 width=20) (actual time=221.728..433.008 rows=1000000 loops=1)
         Sort Key: s_3.a, s_3.b, s_3.c, s_3.d
         Presorted Key: s_3.a, s_3.b, s_3.c
         Sort Method: quicksort  Memory: 27kB
         Sort Groups: 31250
         ->  Sort  (cost=136537.84..139037.84 rows=1000000 width=20) (actual time=221.683..313.804 rows=1000000 loops=1)
               Sort Key: s_3.a, s_3.b, s_3.c
               Sort Method: external merge  Disk: 29360kB
               ->  Seq Scan on s_3  (cost=0.00..16370.00 rows=1000000 width=20) (actual time=0.010..53.651 rows=1000000 loops=1)
 Planning time: 0.220 ms
 Execution time: 459.413 ms
(12 rows)

===== 364 [Wed Mar  7 02:29:32 CET 2018] scale:1000000 groups:10000 work_mem:32MB incremental:on max_workers:0 =====
SELECT * FROM (SELECT * FROM s_4 ORDER BY a, b, c, d) foo ORDER BY a, b, c, d, e
                                                           QUERY PLAN                                                            
---------------------------------------------------------------------------------------------------------------------------------
 Limit  (cost=195147.48..195147.48 rows=1 width=20) (actual time=453.944..453.944 rows=0 loops=1)
   ->  Incremental Sort  (cost=136538.13..185147.48 rows=1000000 width=20) (actual time=221.709..431.945 rows=1000000 loops=1)
         Sort Key: s_4.a, s_4.b, s_4.c, s_4.d, s_4.e
         Presorted Key: s_4.a, s_4.b, s_4.c, s_4.d
         Sort Method: quicksort  Memory: 27kB
         Sort Groups: 31250
         ->  Sort  (cost=136537.84..139037.84 rows=1000000 width=20) (actual time=221.664..313.768 rows=1000000 loops=1)
               Sort Key: s_4.a, s_4.b, s_4.c, s_4.d
               Sort Method: external merge  Disk: 29360kB
               ->  Seq Scan on s_4  (cost=0.00..16370.00 rows=1000000 width=20) (actual time=0.011..53.505 rows=1000000 loops=1)
 Planning time: 0.236 ms
 Execution time: 458.489 ms
(12 rows)

===== 365 [Wed Mar  7 02:29:34 CET 2018] scale:1000000 groups:10000 work_mem:32MB incremental:off max_workers:0 =====
SELECT * FROM (SELECT * FROM s_1 ORDER BY a) foo ORDER BY a, b
                                                           QUERY PLAN                                                            
---------------------------------------------------------------------------------------------------------------------------------
 Limit  (cost=281705.69..281705.69 rows=1 width=20) (actual time=755.562..755.562 rows=0 loops=1)
   ->  Sort  (cost=269205.69..271705.69 rows=1000000 width=20) (actual time=657.190..733.743 rows=1000000 loops=1)
         Sort Key: s_1.a, s_1.b
         Sort Method: external merge  Disk: 29360kB
         ->  Sort  (cost=136537.84..139037.84 rows=1000000 width=20) (actual time=208.212..294.250 rows=1000000 loops=1)
               Sort Key: s_1.a
               Sort Method: external merge  Disk: 29360kB
               ->  Seq Scan on s_1  (cost=0.00..16370.00 rows=1000000 width=20) (actual time=0.009..53.555 rows=1000000 loops=1)
 Planning time: 0.207 ms
 Execution time: 763.624 ms
(10 rows)

===== 366 [Wed Mar  7 02:29:38 CET 2018] scale:1000000 groups:10000 work_mem:32MB incremental:off max_workers:0 =====
SELECT * FROM (SELECT * FROM s_2 ORDER BY a, b) foo ORDER BY a, b, c
                                                           QUERY PLAN                                                            
---------------------------------------------------------------------------------------------------------------------------------
 Limit  (cost=281705.69..281705.69 rows=1 width=20) (actual time=650.006..650.006 rows=0 loops=1)
   ->  Sort  (cost=269205.69..271705.69 rows=1000000 width=20) (actual time=551.724..628.214 rows=1000000 loops=1)
         Sort Key: s_2.a, s_2.b, s_2.c
         Sort Method: external merge  Disk: 29360kB
         ->  Sort  (cost=136537.84..139037.84 rows=1000000 width=20) (actual time=220.732..306.776 rows=1000000 loops=1)
               Sort Key: s_2.a, s_2.b
               Sort Method: external merge  Disk: 29360kB
               ->  Seq Scan on s_2  (cost=0.00..16370.00 rows=1000000 width=20) (actual time=0.010..53.651 rows=1000000 loops=1)
 Planning time: 0.211 ms
 Execution time: 657.982 ms
(10 rows)

===== 367 [Wed Mar  7 02:29:42 CET 2018] scale:1000000 groups:10000 work_mem:32MB incremental:off max_workers:0 =====
SELECT * FROM (SELECT * FROM s_3 ORDER BY a, b, c) foo ORDER BY a, b, c, d
                                                           QUERY PLAN                                                            
---------------------------------------------------------------------------------------------------------------------------------
 Limit  (cost=281705.69..281705.69 rows=1 width=20) (actual time=551.543..551.543 rows=0 loops=1)
   ->  Sort  (cost=269205.69..271705.69 rows=1000000 width=20) (actual time=453.276..529.728 rows=1000000 loops=1)
         Sort Key: s_3.a, s_3.b, s_3.c, s_3.d
         Sort Method: external merge  Disk: 29360kB
         ->  Sort  (cost=136537.84..139037.84 rows=1000000 width=20) (actual time=220.985..307.016 rows=1000000 loops=1)
               Sort Key: s_3.a, s_3.b, s_3.c
               Sort Method: external merge  Disk: 29360kB
               ->  Seq Scan on s_3  (cost=0.00..16370.00 rows=1000000 width=20) (actual time=0.011..53.669 rows=1000000 loops=1)
 Planning time: 0.214 ms
 Execution time: 559.574 ms
(10 rows)

===== 368 [Wed Mar  7 02:29:44 CET 2018] scale:1000000 groups:10000 work_mem:32MB incremental:off max_workers:0 =====
SELECT * FROM (SELECT * FROM s_4 ORDER BY a, b, c, d) foo ORDER BY a, b, c, d, e
                                                           QUERY PLAN                                                            
---------------------------------------------------------------------------------------------------------------------------------
 Limit  (cost=281705.69..281705.69 rows=1 width=20) (actual time=557.394..557.394 rows=0 loops=1)
   ->  Sort  (cost=269205.69..271705.69 rows=1000000 width=20) (actual time=458.348..535.538 rows=1000000 loops=1)
         Sort Key: s_4.a, s_4.b, s_4.c, s_4.d, s_4.e
         Sort Method: external merge  Disk: 29360kB
         ->  Sort  (cost=136537.84..139037.84 rows=1000000 width=20) (actual time=221.657..309.170 rows=1000000 loops=1)
               Sort Key: s_4.a, s_4.b, s_4.c, s_4.d
               Sort Method: external merge  Disk: 29360kB
               ->  Seq Scan on s_4  (cost=0.00..16370.00 rows=1000000 width=20) (actual time=0.011..53.756 rows=1000000 loops=1)
 Planning time: 0.221 ms
 Execution time: 565.431 ms
(10 rows)

===== 369 [Wed Mar  7 02:29:47 CET 2018] scale:1000000 groups:10000 work_mem:64MB incremental:on max_workers:0 =====
SELECT * FROM (SELECT * FROM s_1 ORDER BY a) foo ORDER BY a, b
                                                           QUERY PLAN                                                            
---------------------------------------------------------------------------------------------------------------------------------
 Limit  (cost=189448.53..189448.53 rows=1 width=20) (actual time=576.431..576.431 rows=0 loops=1)
   ->  Incremental Sort  (cost=116032.42..179448.53 rows=1000000 width=20) (actual time=227.651..554.616 rows=1000000 loops=1)
         Sort Key: s_1.a, s_1.b
         Presorted Key: s_1.a
         Sort Method: quicksort  Memory: 36kB
         Sort Groups: 10001
         ->  Sort  (cost=116027.84..118527.84 rows=1000000 width=20) (actual time=227.594..311.284 rows=1000000 loops=1)
               Sort Key: s_1.a
               Sort Method: external merge  Disk: 29360kB
               ->  Seq Scan on s_1  (cost=0.00..16370.00 rows=1000000 width=20) (actual time=0.009..55.375 rows=1000000 loops=1)
 Planning time: 0.220 ms
 Execution time: 579.944 ms
(12 rows)

===== 370 [Wed Mar  7 02:29:50 CET 2018] scale:1000000 groups:10000 work_mem:64MB incremental:on max_workers:0 =====
SELECT * FROM (SELECT * FROM s_2 ORDER BY a, b) foo ORDER BY a, b, c
                                                           QUERY PLAN                                                            
---------------------------------------------------------------------------------------------------------------------------------
 Limit  (cost=174637.48..174637.48 rows=1 width=20) (actual time=470.878..470.878 rows=0 loops=1)
   ->  Incremental Sort  (cost=116028.13..164637.48 rows=1000000 width=20) (actual time=239.849..448.842 rows=1000000 loops=1)
         Sort Key: s_2.a, s_2.b, s_2.c
         Presorted Key: s_2.a, s_2.b
         Sort Method: quicksort  Memory: 27kB
         Sort Groups: 31245
         ->  Sort  (cost=116027.84..118527.84 rows=1000000 width=20) (actual time=239.804..327.187 rows=1000000 loops=1)
               Sort Key: s_2.a, s_2.b
               Sort Method: external merge  Disk: 29360kB
               ->  Seq Scan on s_2  (cost=0.00..16370.00 rows=1000000 width=20) (actual time=0.010..55.576 rows=1000000 loops=1)
 Planning time: 0.220 ms
 Execution time: 474.361 ms
(12 rows)

===== 371 [Wed Mar  7 02:29:52 CET 2018] scale:1000000 groups:10000 work_mem:64MB incremental:on max_workers:0 =====
SELECT * FROM (SELECT * FROM s_3 ORDER BY a, b, c) foo ORDER BY a, b, c, d
                                                           QUERY PLAN                                                            
---------------------------------------------------------------------------------------------------------------------------------
 Limit  (cost=174637.48..174637.48 rows=1 width=20) (actual time=466.658..466.658 rows=0 loops=1)
   ->  Incremental Sort  (cost=116028.13..164637.48 rows=1000000 width=20) (actual time=239.457..444.819 rows=1000000 loops=1)
         Sort Key: s_3.a, s_3.b, s_3.c, s_3.d
         Presorted Key: s_3.a, s_3.b, s_3.c
         Sort Method: quicksort  Memory: 27kB
         Sort Groups: 31250
         ->  Sort  (cost=116027.84..118527.84 rows=1000000 width=20) (actual time=239.411..325.715 rows=1000000 loops=1)
               Sort Key: s_3.a, s_3.b, s_3.c
               Sort Method: external merge  Disk: 29360kB
               ->  Seq Scan on s_3  (cost=0.00..16370.00 rows=1000000 width=20) (actual time=0.013..55.273 rows=1000000 loops=1)
 Planning time: 0.219 ms
 Execution time: 470.148 ms
(12 rows)

===== 372 [Wed Mar  7 02:29:54 CET 2018] scale:1000000 groups:10000 work_mem:64MB incremental:on max_workers:0 =====
SELECT * FROM (SELECT * FROM s_4 ORDER BY a, b, c, d) foo ORDER BY a, b, c, d, e
                                                           QUERY PLAN                                                            
---------------------------------------------------------------------------------------------------------------------------------
 Limit  (cost=174637.48..174637.48 rows=1 width=20) (actual time=464.407..464.407 rows=0 loops=1)
   ->  Incremental Sort  (cost=116028.13..164637.48 rows=1000000 width=20) (actual time=239.754..442.339 rows=1000000 loops=1)
         Sort Key: s_4.a, s_4.b, s_4.c, s_4.d, s_4.e
         Presorted Key: s_4.a, s_4.b, s_4.c, s_4.d
         Sort Method: quicksort  Memory: 27kB
         Sort Groups: 31250
         ->  Sort  (cost=116027.84..118527.84 rows=1000000 width=20) (actual time=239.708..325.620 rows=1000000 loops=1)
               Sort Key: s_4.a, s_4.b, s_4.c, s_4.d
               Sort Method: external merge  Disk: 29360kB
               ->  Seq Scan on s_4  (cost=0.00..16370.00 rows=1000000 width=20) (actual time=0.011..55.358 rows=1000000 loops=1)
 Planning time: 0.229 ms
 Execution time: 467.903 ms
(12 rows)

===== 373 [Wed Mar  7 02:29:57 CET 2018] scale:1000000 groups:10000 work_mem:64MB incremental:off max_workers:0 =====
SELECT * FROM (SELECT * FROM s_1 ORDER BY a) foo ORDER BY a, b
                                                           QUERY PLAN                                                            
---------------------------------------------------------------------------------------------------------------------------------
 Limit  (cost=240685.69..240685.69 rows=1 width=20) (actual time=778.587..778.587 rows=0 loops=1)
   ->  Sort  (cost=228185.69..230685.69 rows=1000000 width=20) (actual time=684.398..756.623 rows=1000000 loops=1)
         Sort Key: s_1.a, s_1.b
         Sort Method: external merge  Disk: 29360kB
         ->  Sort  (cost=116027.84..118527.84 rows=1000000 width=20) (actual time=226.574..309.296 rows=1000000 loops=1)
               Sort Key: s_1.a
               Sort Method: external merge  Disk: 29360kB
               ->  Seq Scan on s_1  (cost=0.00..16370.00 rows=1000000 width=20) (actual time=0.010..55.281 rows=1000000 loops=1)
 Planning time: 0.220 ms
 Execution time: 785.510 ms
(10 rows)

===== 374 [Wed Mar  7 02:30:01 CET 2018] scale:1000000 groups:10000 work_mem:64MB incremental:off max_workers:0 =====
SELECT * FROM (SELECT * FROM s_2 ORDER BY a, b) foo ORDER BY a, b, c
                                                           QUERY PLAN                                                            
---------------------------------------------------------------------------------------------------------------------------------
 Limit  (cost=240685.69..240685.69 rows=1 width=20) (actual time=675.716..675.716 rows=0 loops=1)
   ->  Sort  (cost=228185.69..230685.69 rows=1000000 width=20) (actual time=581.532..653.774 rows=1000000 loops=1)
         Sort Key: s_2.a, s_2.b, s_2.c
         Sort Method: external merge  Disk: 29360kB
         ->  Sort  (cost=116027.84..118527.84 rows=1000000 width=20) (actual time=239.822..322.614 rows=1000000 loops=1)
               Sort Key: s_2.a, s_2.b
               Sort Method: external merge  Disk: 29360kB
               ->  Seq Scan on s_2  (cost=0.00..16370.00 rows=1000000 width=20) (actual time=0.010..55.361 rows=1000000 loops=1)
 Planning time: 0.213 ms
 Execution time: 682.646 ms
(10 rows)

===== 375 [Wed Mar  7 02:30:04 CET 2018] scale:1000000 groups:10000 work_mem:64MB incremental:off max_workers:0 =====
SELECT * FROM (SELECT * FROM s_3 ORDER BY a, b, c) foo ORDER BY a, b, c, d
                                                           QUERY PLAN                                                            
---------------------------------------------------------------------------------------------------------------------------------
 Limit  (cost=240685.69..240685.69 rows=1 width=20) (actual time=569.913..569.913 rows=0 loops=1)
   ->  Sort  (cost=228185.69..230685.69 rows=1000000 width=20) (actual time=475.740..547.966 rows=1000000 loops=1)
         Sort Key: s_3.a, s_3.b, s_3.c, s_3.d
         Sort Method: external merge  Disk: 29360kB
         ->  Sort  (cost=116027.84..118527.84 rows=1000000 width=20) (actual time=239.672..322.466 rows=1000000 loops=1)
               Sort Key: s_3.a, s_3.b, s_3.c
               Sort Method: external merge  Disk: 29360kB
               ->  Seq Scan on s_3  (cost=0.00..16370.00 rows=1000000 width=20) (actual time=0.011..55.339 rows=1000000 loops=1)
 Planning time: 0.210 ms
 Execution time: 576.851 ms
(10 rows)

===== 376 [Wed Mar  7 02:30:07 CET 2018] scale:1000000 groups:10000 work_mem:64MB incremental:off max_workers:0 =====
SELECT * FROM (SELECT * FROM s_4 ORDER BY a, b, c, d) foo ORDER BY a, b, c, d, e
                                                           QUERY PLAN                                                            
---------------------------------------------------------------------------------------------------------------------------------
 Limit  (cost=240685.69..240685.69 rows=1 width=20) (actual time=565.982..565.982 rows=0 loops=1)
   ->  Sort  (cost=228185.69..230685.69 rows=1000000 width=20) (actual time=471.804..544.123 rows=1000000 loops=1)
         Sort Key: s_4.a, s_4.b, s_4.c, s_4.d, s_4.e
         Sort Method: external merge  Disk: 29360kB
         ->  Sort  (cost=116027.84..118527.84 rows=1000000 width=20) (actual time=241.184..322.696 rows=1000000 loops=1)
               Sort Key: s_4.a, s_4.b, s_4.c, s_4.d
               Sort Method: external merge  Disk: 29360kB
               ->  Seq Scan on s_4  (cost=0.00..16370.00 rows=1000000 width=20) (actual time=0.011..55.534 rows=1000000 loops=1)
 Planning time: 0.219 ms
 Execution time: 572.903 ms
(10 rows)

===== 377 [Wed Mar  7 02:30:10 CET 2018] scale:1000000 groups:10000 work_mem:128MB incremental:on max_workers:0 =====
SELECT * FROM (SELECT * FROM s_1 ORDER BY a) foo ORDER BY a, b
                                                           QUERY PLAN                                                            
---------------------------------------------------------------------------------------------------------------------------------
 Limit  (cost=189448.53..189448.53 rows=1 width=20) (actual time=470.814..470.814 rows=0 loops=1)
   ->  Incremental Sort  (cost=116032.42..179448.53 rows=1000000 width=20) (actual time=163.997..448.996 rows=1000000 loops=1)
         Sort Key: s_1.a, s_1.b
         Presorted Key: s_1.a
         Sort Method: quicksort  Memory: 36kB
         Sort Groups: 10001
         ->  Sort  (cost=116027.84..118527.84 rows=1000000 width=20) (actual time=163.929..201.503 rows=1000000 loops=1)
               Sort Key: s_1.a
               Sort Method: quicksort  Memory: 102702kB
               ->  Seq Scan on s_1  (cost=0.00..16370.00 rows=1000000 width=20) (actual time=0.010..55.755 rows=1000000 loops=1)
 Planning time: 0.215 ms
 Execution time: 475.162 ms
(12 rows)

===== 378 [Wed Mar  7 02:30:12 CET 2018] scale:1000000 groups:10000 work_mem:128MB incremental:on max_workers:0 =====
SELECT * FROM (SELECT * FROM s_2 ORDER BY a, b) foo ORDER BY a, b, c
                                                           QUERY PLAN                                                            
---------------------------------------------------------------------------------------------------------------------------------
 Limit  (cost=174637.48..174637.48 rows=1 width=20) (actual time=362.978..362.978 rows=0 loops=1)
   ->  Incremental Sort  (cost=116028.13..164637.48 rows=1000000 width=20) (actual time=175.990..341.214 rows=1000000 loops=1)
         Sort Key: s_2.a, s_2.b, s_2.c
         Presorted Key: s_2.a, s_2.b
         Sort Method: quicksort  Memory: 27kB
         Sort Groups: 31245
         ->  Sort  (cost=116027.84..118527.84 rows=1000000 width=20) (actual time=175.943..217.569 rows=1000000 loops=1)
               Sort Key: s_2.a, s_2.b
               Sort Method: quicksort  Memory: 102702kB
               ->  Seq Scan on s_2  (cost=0.00..16370.00 rows=1000000 width=20) (actual time=0.010..55.926 rows=1000000 loops=1)
 Planning time: 0.220 ms
 Execution time: 367.293 ms
(12 rows)

===== 379 [Wed Mar  7 02:30:14 CET 2018] scale:1000000 groups:10000 work_mem:128MB incremental:on max_workers:0 =====
SELECT * FROM (SELECT * FROM s_3 ORDER BY a, b, c) foo ORDER BY a, b, c, d
                                                           QUERY PLAN                                                            
---------------------------------------------------------------------------------------------------------------------------------
 Limit  (cost=174637.48..174637.48 rows=1 width=20) (actual time=366.974..366.974 rows=0 loops=1)
   ->  Incremental Sort  (cost=116028.13..164637.48 rows=1000000 width=20) (actual time=175.746..345.251 rows=1000000 loops=1)
         Sort Key: s_3.a, s_3.b, s_3.c, s_3.d
         Presorted Key: s_3.a, s_3.b, s_3.c
         Sort Method: quicksort  Memory: 27kB
         Sort Groups: 31250
         ->  Sort  (cost=116027.84..118527.84 rows=1000000 width=20) (actual time=175.697..215.983 rows=1000000 loops=1)
               Sort Key: s_3.a, s_3.b, s_3.c
               Sort Method: quicksort  Memory: 102702kB
               ->  Seq Scan on s_3  (cost=0.00..16370.00 rows=1000000 width=20) (actual time=0.011..55.631 rows=1000000 loops=1)
 Planning time: 0.224 ms
 Execution time: 371.308 ms
(12 rows)

===== 380 [Wed Mar  7 02:30:15 CET 2018] scale:1000000 groups:10000 work_mem:128MB incremental:on max_workers:0 =====
SELECT * FROM (SELECT * FROM s_4 ORDER BY a, b, c, d) foo ORDER BY a, b, c, d, e
                                                           QUERY PLAN                                                            
---------------------------------------------------------------------------------------------------------------------------------
 Limit  (cost=174637.48..174637.48 rows=1 width=20) (actual time=368.855..368.855 rows=0 loops=1)
   ->  Incremental Sort  (cost=116028.13..164637.48 rows=1000000 width=20) (actual time=176.470..347.155 rows=1000000 loops=1)
         Sort Key: s_4.a, s_4.b, s_4.c, s_4.d, s_4.e
         Presorted Key: s_4.a, s_4.b, s_4.c, s_4.d
         Sort Method: quicksort  Memory: 27kB
         Sort Groups: 31250
         ->  Sort  (cost=116027.84..118527.84 rows=1000000 width=20) (actual time=176.420..217.918 rows=1000000 loops=1)
               Sort Key: s_4.a, s_4.b, s_4.c, s_4.d
               Sort Method: quicksort  Memory: 102702kB
               ->  Seq Scan on s_4  (cost=0.00..16370.00 rows=1000000 width=20) (actual time=0.011..55.515 rows=1000000 loops=1)
 Planning time: 0.231 ms
 Execution time: 373.191 ms
(12 rows)

===== 381 [Wed Mar  7 02:30:17 CET 2018] scale:1000000 groups:10000 work_mem:128MB incremental:off max_workers:0 =====
SELECT * FROM (SELECT * FROM s_1 ORDER BY a) foo ORDER BY a, b
                                                           QUERY PLAN                                                            
---------------------------------------------------------------------------------------------------------------------------------
 Limit  (cost=240685.69..240685.69 rows=1 width=20) (actual time=608.020..608.020 rows=0 loops=1)
   ->  Sort  (cost=228185.69..230685.69 rows=1000000 width=20) (actual time=530.511..586.388 rows=1000000 loops=1)
         Sort Key: s_1.a, s_1.b
         Sort Method: quicksort  Memory: 102702kB
         ->  Sort  (cost=116027.84..118527.84 rows=1000000 width=20) (actual time=163.580..200.999 rows=1000000 loops=1)
               Sort Key: s_1.a
               Sort Method: quicksort  Memory: 102702kB
               ->  Seq Scan on s_1  (cost=0.00..16370.00 rows=1000000 width=20) (actual time=0.010..55.643 rows=1000000 loops=1)
 Planning time: 0.206 ms
 Execution time: 616.253 ms
(10 rows)

===== 382 [Wed Mar  7 02:30:20 CET 2018] scale:1000000 groups:10000 work_mem:128MB incremental:off max_workers:0 =====
SELECT * FROM (SELECT * FROM s_2 ORDER BY a, b) foo ORDER BY a, b, c
                                                           QUERY PLAN                                                            
---------------------------------------------------------------------------------------------------------------------------------
 Limit  (cost=240685.69..240685.69 rows=1 width=20) (actual time=497.729..497.729 rows=0 loops=1)
   ->  Sort  (cost=228185.69..230685.69 rows=1000000 width=20) (actual time=442.675..476.002 rows=1000000 loops=1)
         Sort Key: s_2.a, s_2.b, s_2.c
         Sort Method: quicksort  Memory: 102702kB
         ->  Sort  (cost=116027.84..118527.84 rows=1000000 width=20) (actual time=176.742..214.143 rows=1000000 loops=1)
               Sort Key: s_2.a, s_2.b
               Sort Method: quicksort  Memory: 102702kB
               ->  Seq Scan on s_2  (cost=0.00..16370.00 rows=1000000 width=20) (actual time=0.010..55.663 rows=1000000 loops=1)
 Planning time: 0.210 ms
 Execution time: 505.968 ms
(10 rows)

===== 383 [Wed Mar  7 02:30:23 CET 2018] scale:1000000 groups:10000 work_mem:128MB incremental:off max_workers:0 =====
SELECT * FROM (SELECT * FROM s_3 ORDER BY a, b, c) foo ORDER BY a, b, c, d
                                                           QUERY PLAN                                                            
---------------------------------------------------------------------------------------------------------------------------------
 Limit  (cost=240685.69..240685.69 rows=1 width=20) (actual time=384.422..384.422 rows=0 loops=1)
   ->  Sort  (cost=228185.69..230685.69 rows=1000000 width=20) (actual time=329.297..362.701 rows=1000000 loops=1)
         Sort Key: s_3.a, s_3.b, s_3.c, s_3.d
         Sort Method: quicksort  Memory: 102702kB
         ->  Sort  (cost=116027.84..118527.84 rows=1000000 width=20) (actual time=176.414..213.870 rows=1000000 loops=1)
               Sort Key: s_3.a, s_3.b, s_3.c
               Sort Method: quicksort  Memory: 102702kB
               ->  Seq Scan on s_3  (cost=0.00..16370.00 rows=1000000 width=20) (actual time=0.011..55.716 rows=1000000 loops=1)
 Planning time: 0.211 ms
 Execution time: 392.658 ms
(10 rows)

===== 384 [Wed Mar  7 02:30:24 CET 2018] scale:1000000 groups:10000 work_mem:128MB incremental:off max_workers:0 =====
SELECT * FROM (SELECT * FROM s_4 ORDER BY a, b, c, d) foo ORDER BY a, b, c, d, e
                                                           QUERY PLAN                                                            
---------------------------------------------------------------------------------------------------------------------------------
 Limit  (cost=240685.69..240685.69 rows=1 width=20) (actual time=384.887..384.887 rows=0 loops=1)
   ->  Sort  (cost=228185.69..230685.69 rows=1000000 width=20) (actual time=329.758..363.002 rows=1000000 loops=1)
         Sort Key: s_4.a, s_4.b, s_4.c, s_4.d, s_4.e
         Sort Method: quicksort  Memory: 102702kB
         ->  Sort  (cost=116027.84..118527.84 rows=1000000 width=20) (actual time=176.745..214.185 rows=1000000 loops=1)
               Sort Key: s_4.a, s_4.b, s_4.c, s_4.d
               Sort Method: quicksort  Memory: 102702kB
               ->  Seq Scan on s_4  (cost=0.00..16370.00 rows=1000000 width=20) (actual time=0.011..55.829 rows=1000000 loops=1)
 Planning time: 0.228 ms
 Execution time: 393.121 ms
(10 rows)

===== 385 [Wed Mar  7 02:30:26 CET 2018] scale:1000000 groups:10000 work_mem:256MB incremental:on max_workers:0 =====
SELECT * FROM (SELECT * FROM s_1 ORDER BY a) foo ORDER BY a, b
                                                           QUERY PLAN                                                            
---------------------------------------------------------------------------------------------------------------------------------
 Limit  (cost=189448.53..189448.53 rows=1 width=20) (actual time=470.933..470.933 rows=0 loops=1)
   ->  Incremental Sort  (cost=116032.42..179448.53 rows=1000000 width=20) (actual time=164.019..449.121 rows=1000000 loops=1)
         Sort Key: s_1.a, s_1.b
         Presorted Key: s_1.a
         Sort Method: quicksort  Memory: 36kB
         Sort Groups: 10001
         ->  Sort  (cost=116027.84..118527.84 rows=1000000 width=20) (actual time=163.965..201.504 rows=1000000 loops=1)
               Sort Key: s_1.a
               Sort Method: quicksort  Memory: 102702kB
               ->  Seq Scan on s_1  (cost=0.00..16370.00 rows=1000000 width=20) (actual time=0.009..55.737 rows=1000000 loops=1)
 Planning time: 0.217 ms
 Execution time: 475.261 ms
(12 rows)

===== 386 [Wed Mar  7 02:30:28 CET 2018] scale:1000000 groups:10000 work_mem:256MB incremental:on max_workers:0 =====
SELECT * FROM (SELECT * FROM s_2 ORDER BY a, b) foo ORDER BY a, b, c
                                                           QUERY PLAN                                                            
---------------------------------------------------------------------------------------------------------------------------------
 Limit  (cost=174637.48..174637.48 rows=1 width=20) (actual time=363.196..363.196 rows=0 loops=1)
   ->  Incremental Sort  (cost=116028.13..164637.48 rows=1000000 width=20) (actual time=176.239..341.420 rows=1000000 loops=1)
         Sort Key: s_2.a, s_2.b, s_2.c
         Presorted Key: s_2.a, s_2.b
         Sort Method: quicksort  Memory: 27kB
         Sort Groups: 31245
         ->  Sort  (cost=116027.84..118527.84 rows=1000000 width=20) (actual time=176.192..217.819 rows=1000000 loops=1)
               Sort Key: s_2.a, s_2.b
               Sort Method: quicksort  Memory: 102702kB
               ->  Seq Scan on s_2  (cost=0.00..16370.00 rows=1000000 width=20) (actual time=0.011..55.891 rows=1000000 loops=1)
 Planning time: 0.229 ms
 Execution time: 367.537 ms
(12 rows)

===== 387 [Wed Mar  7 02:30:30 CET 2018] scale:1000000 groups:10000 work_mem:256MB incremental:on max_workers:0 =====
SELECT * FROM (SELECT * FROM s_3 ORDER BY a, b, c) foo ORDER BY a, b, c, d
                                                           QUERY PLAN                                                            
---------------------------------------------------------------------------------------------------------------------------------
 Limit  (cost=174637.48..174637.48 rows=1 width=20) (actual time=367.039..367.039 rows=0 loops=1)
   ->  Incremental Sort  (cost=116028.13..164637.48 rows=1000000 width=20) (actual time=175.731..345.316 rows=1000000 loops=1)
         Sort Key: s_3.a, s_3.b, s_3.c, s_3.d
         Presorted Key: s_3.a, s_3.b, s_3.c
         Sort Method: quicksort  Memory: 27kB
         Sort Groups: 31250
         ->  Sort  (cost=116027.84..118527.84 rows=1000000 width=20) (actual time=175.683..215.996 rows=1000000 loops=1)
               Sort Key: s_3.a, s_3.b, s_3.c
               Sort Method: quicksort  Memory: 102702kB
               ->  Seq Scan on s_3  (cost=0.00..16370.00 rows=1000000 width=20) (actual time=0.011..55.581 rows=1000000 loops=1)
 Planning time: 0.225 ms
 Execution time: 371.386 ms
(12 rows)

===== 388 [Wed Mar  7 02:30:32 CET 2018] scale:1000000 groups:10000 work_mem:256MB incremental:on max_workers:0 =====
SELECT * FROM (SELECT * FROM s_4 ORDER BY a, b, c, d) foo ORDER BY a, b, c, d, e
                                                           QUERY PLAN                                                            
---------------------------------------------------------------------------------------------------------------------------------
 Limit  (cost=174637.48..174637.48 rows=1 width=20) (actual time=369.244..369.244 rows=0 loops=1)
   ->  Incremental Sort  (cost=116028.13..164637.48 rows=1000000 width=20) (actual time=176.853..347.519 rows=1000000 loops=1)
         Sort Key: s_4.a, s_4.b, s_4.c, s_4.d, s_4.e
         Presorted Key: s_4.a, s_4.b, s_4.c, s_4.d
         Sort Method: quicksort  Memory: 27kB
         Sort Groups: 31250
         ->  Sort  (cost=116027.84..118527.84 rows=1000000 width=20) (actual time=176.804..218.300 rows=1000000 loops=1)
               Sort Key: s_4.a, s_4.b, s_4.c, s_4.d
               Sort Method: quicksort  Memory: 102702kB
               ->  Seq Scan on s_4  (cost=0.00..16370.00 rows=1000000 width=20) (actual time=0.011..55.567 rows=1000000 loops=1)
 Planning time: 0.233 ms
 Execution time: 373.593 ms
(12 rows)

===== 389 [Wed Mar  7 02:30:33 CET 2018] scale:1000000 groups:10000 work_mem:256MB incremental:off max_workers:0 =====
SELECT * FROM (SELECT * FROM s_1 ORDER BY a) foo ORDER BY a, b
                                                           QUERY PLAN                                                            
---------------------------------------------------------------------------------------------------------------------------------
 Limit  (cost=240685.69..240685.69 rows=1 width=20) (actual time=607.782..607.782 rows=0 loops=1)
   ->  Sort  (cost=228185.69..230685.69 rows=1000000 width=20) (actual time=530.256..586.139 rows=1000000 loops=1)
         Sort Key: s_1.a, s_1.b
         Sort Method: quicksort  Memory: 102702kB
         ->  Sort  (cost=116027.84..118527.84 rows=1000000 width=20) (actual time=163.402..200.797 rows=1000000 loops=1)
               Sort Key: s_1.a
               Sort Method: quicksort  Memory: 102702kB
               ->  Seq Scan on s_1  (cost=0.00..16370.00 rows=1000000 width=20) (actual time=0.009..55.639 rows=1000000 loops=1)
 Planning time: 0.212 ms
 Execution time: 616.004 ms
(10 rows)

===== 390 [Wed Mar  7 02:30:36 CET 2018] scale:1000000 groups:10000 work_mem:256MB incremental:off max_workers:0 =====
SELECT * FROM (SELECT * FROM s_2 ORDER BY a, b) foo ORDER BY a, b, c
                                                           QUERY PLAN                                                            
---------------------------------------------------------------------------------------------------------------------------------
 Limit  (cost=240685.69..240685.69 rows=1 width=20) (actual time=497.192..497.192 rows=0 loops=1)
   ->  Sort  (cost=228185.69..230685.69 rows=1000000 width=20) (actual time=442.119..475.437 rows=1000000 loops=1)
         Sort Key: s_2.a, s_2.b, s_2.c
         Sort Method: quicksort  Memory: 102702kB
         ->  Sort  (cost=116027.84..118527.84 rows=1000000 width=20) (actual time=176.543..214.009 rows=1000000 loops=1)
               Sort Key: s_2.a, s_2.b
               Sort Method: quicksort  Memory: 102702kB
               ->  Seq Scan on s_2  (cost=0.00..16370.00 rows=1000000 width=20) (actual time=0.010..55.686 rows=1000000 loops=1)
 Planning time: 0.217 ms
 Execution time: 505.431 ms
(10 rows)

===== 391 [Wed Mar  7 02:30:39 CET 2018] scale:1000000 groups:10000 work_mem:256MB incremental:off max_workers:0 =====
SELECT * FROM (SELECT * FROM s_3 ORDER BY a, b, c) foo ORDER BY a, b, c, d
                                                           QUERY PLAN                                                            
---------------------------------------------------------------------------------------------------------------------------------
 Limit  (cost=240685.69..240685.69 rows=1 width=20) (actual time=384.751..384.751 rows=0 loops=1)
   ->  Sort  (cost=228185.69..230685.69 rows=1000000 width=20) (actual time=329.619..363.026 rows=1000000 loops=1)
         Sort Key: s_3.a, s_3.b, s_3.c, s_3.d
         Sort Method: quicksort  Memory: 102702kB
         ->  Sort  (cost=116027.84..118527.84 rows=1000000 width=20) (actual time=176.506..213.982 rows=1000000 loops=1)
               Sort Key: s_3.a, s_3.b, s_3.c
               Sort Method: quicksort  Memory: 102702kB
               ->  Seq Scan on s_3  (cost=0.00..16370.00 rows=1000000 width=20) (actual time=0.011..55.761 rows=1000000 loops=1)
 Planning time: 0.224 ms
 Execution time: 392.970 ms
(10 rows)

===== 392 [Wed Mar  7 02:30:41 CET 2018] scale:1000000 groups:10000 work_mem:256MB incremental:off max_workers:0 =====
SELECT * FROM (SELECT * FROM s_4 ORDER BY a, b, c, d) foo ORDER BY a, b, c, d, e
                                                           QUERY PLAN                                                            
---------------------------------------------------------------------------------------------------------------------------------
 Limit  (cost=240685.69..240685.69 rows=1 width=20) (actual time=384.909..384.909 rows=0 loops=1)
   ->  Sort  (cost=228185.69..230685.69 rows=1000000 width=20) (actual time=329.765..363.054 rows=1000000 loops=1)
         Sort Key: s_4.a, s_4.b, s_4.c, s_4.d, s_4.e
         Sort Method: quicksort  Memory: 102702kB
         ->  Sort  (cost=116027.84..118527.84 rows=1000000 width=20) (actual time=176.858..214.338 rows=1000000 loops=1)
               Sort Key: s_4.a, s_4.b, s_4.c, s_4.d
               Sort Method: quicksort  Memory: 102702kB
               ->  Seq Scan on s_4  (cost=0.00..16370.00 rows=1000000 width=20) (actual time=0.011..55.894 rows=1000000 loops=1)
 Planning time: 0.223 ms
 Execution time: 393.169 ms
(10 rows)

===== 393 [Wed Mar  7 02:30:42 CET 2018] scale:1000000 groups:10000 work_mem:4MB incremental:on max_workers:2 =====
SELECT * FROM (SELECT * FROM s_1 ORDER BY a) foo ORDER BY a, b
                                                           QUERY PLAN                                                            
---------------------------------------------------------------------------------------------------------------------------------
 Limit  (cost=209958.53..209958.53 rows=1 width=20) (actual time=578.430..578.430 rows=0 loops=1)
   ->  Incremental Sort  (cost=136542.42..199958.53 rows=1000000 width=20) (actual time=214.716..556.646 rows=1000000 loops=1)
         Sort Key: s_1.a, s_1.b
         Presorted Key: s_1.a
         Sort Method: quicksort  Memory: 36kB
         Sort Groups: 10001
         ->  Sort  (cost=136537.84..139037.84 rows=1000000 width=20) (actual time=214.661..311.831 rows=1000000 loops=1)
               Sort Key: s_1.a
               Sort Method: external merge  Disk: 29360kB
               ->  Seq Scan on s_1  (cost=0.00..16370.00 rows=1000000 width=20) (actual time=0.010..51.234 rows=1000000 loops=1)
 Planning time: 0.224 ms
 Execution time: 582.125 ms
(12 rows)

===== 394 [Wed Mar  7 02:30:45 CET 2018] scale:1000000 groups:10000 work_mem:4MB incremental:on max_workers:2 =====
SELECT * FROM (SELECT * FROM s_2 ORDER BY a, b) foo ORDER BY a, b, c
                                                           QUERY PLAN                                                            
---------------------------------------------------------------------------------------------------------------------------------
 Limit  (cost=195147.48..195147.48 rows=1 width=20) (actual time=470.213..470.213 rows=0 loops=1)
   ->  Incremental Sort  (cost=136538.13..185147.48 rows=1000000 width=20) (actual time=226.418..448.108 rows=1000000 loops=1)
         Sort Key: s_2.a, s_2.b, s_2.c
         Presorted Key: s_2.a, s_2.b
         Sort Method: quicksort  Memory: 27kB
         Sort Groups: 31245
         ->  Sort  (cost=136537.84..139037.84 rows=1000000 width=20) (actual time=226.372..326.351 rows=1000000 loops=1)
               Sort Key: s_2.a, s_2.b
               Sort Method: external merge  Disk: 29360kB
               ->  Seq Scan on s_2  (cost=0.00..16370.00 rows=1000000 width=20) (actual time=0.010..51.624 rows=1000000 loops=1)
 Planning time: 0.229 ms
 Execution time: 473.890 ms
(12 rows)

===== 395 [Wed Mar  7 02:30:47 CET 2018] scale:1000000 groups:10000 work_mem:4MB incremental:on max_workers:2 =====
SELECT * FROM (SELECT * FROM s_3 ORDER BY a, b, c) foo ORDER BY a, b, c, d
                                                           QUERY PLAN                                                            
---------------------------------------------------------------------------------------------------------------------------------
 Limit  (cost=195147.48..195147.48 rows=1 width=20) (actual time=466.480..466.480 rows=0 loops=1)
   ->  Incremental Sort  (cost=136538.13..185147.48 rows=1000000 width=20) (actual time=226.259..444.617 rows=1000000 loops=1)
         Sort Key: s_3.a, s_3.b, s_3.c, s_3.d
         Presorted Key: s_3.a, s_3.b, s_3.c
         Sort Method: quicksort  Memory: 27kB
         Sort Groups: 31250
         ->  Sort  (cost=136537.84..139037.84 rows=1000000 width=20) (actual time=226.212..324.564 rows=1000000 loops=1)
               Sort Key: s_3.a, s_3.b, s_3.c
               Sort Method: external merge  Disk: 29360kB
               ->  Seq Scan on s_3  (cost=0.00..16370.00 rows=1000000 width=20) (actual time=0.011..51.370 rows=1000000 loops=1)
 Planning time: 0.228 ms
 Execution time: 470.174 ms
(12 rows)

===== 396 [Wed Mar  7 02:30:50 CET 2018] scale:1000000 groups:10000 work_mem:4MB incremental:on max_workers:2 =====
SELECT * FROM (SELECT * FROM s_4 ORDER BY a, b, c, d) foo ORDER BY a, b, c, d, e
                                                           QUERY PLAN                                                            
---------------------------------------------------------------------------------------------------------------------------------
 Limit  (cost=195147.48..195147.48 rows=1 width=20) (actual time=463.774..463.774 rows=0 loops=1)
   ->  Incremental Sort  (cost=136538.13..185147.48 rows=1000000 width=20) (actual time=225.829..441.743 rows=1000000 loops=1)
         Sort Key: s_4.a, s_4.b, s_4.c, s_4.d, s_4.e
         Presorted Key: s_4.a, s_4.b, s_4.c, s_4.d
         Sort Method: quicksort  Memory: 27kB
         Sort Groups: 31250
         ->  Sort  (cost=136537.84..139037.84 rows=1000000 width=20) (actual time=225.784..324.092 rows=1000000 loops=1)
               Sort Key: s_4.a, s_4.b, s_4.c, s_4.d
               Sort Method: external merge  Disk: 29360kB
               ->  Seq Scan on s_4  (cost=0.00..16370.00 rows=1000000 width=20) (actual time=0.011..51.416 rows=1000000 loops=1)
 Planning time: 0.237 ms
 Execution time: 467.488 ms
(12 rows)

===== 397 [Wed Mar  7 02:30:52 CET 2018] scale:1000000 groups:10000 work_mem:4MB incremental:off max_workers:2 =====
SELECT * FROM (SELECT * FROM s_1 ORDER BY a) foo ORDER BY a, b
                                                           QUERY PLAN                                                            
---------------------------------------------------------------------------------------------------------------------------------
 Limit  (cost=281705.69..281705.69 rows=1 width=20) (actual time=757.800..757.800 rows=0 loops=1)
   ->  Sort  (cost=269205.69..271705.69 rows=1000000 width=20) (actual time=653.214..735.890 rows=1000000 loops=1)
         Sort Key: s_1.a, s_1.b
         Sort Method: external merge  Disk: 29360kB
         ->  Sort  (cost=136537.84..139037.84 rows=1000000 width=20) (actual time=213.704..310.472 rows=1000000 loops=1)
               Sort Key: s_1.a
               Sort Method: external merge  Disk: 29360kB
               ->  Seq Scan on s_1  (cost=0.00..16370.00 rows=1000000 width=20) (actual time=0.010..51.311 rows=1000000 loops=1)
 Planning time: 0.236 ms
 Execution time: 764.920 ms
(10 rows)

===== 398 [Wed Mar  7 02:30:56 CET 2018] scale:1000000 groups:10000 work_mem:4MB incremental:off max_workers:2 =====
SELECT * FROM (SELECT * FROM s_2 ORDER BY a, b) foo ORDER BY a, b, c
                                                           QUERY PLAN                                                            
---------------------------------------------------------------------------------------------------------------------------------
 Limit  (cost=281705.69..281705.69 rows=1 width=20) (actual time=668.620..668.620 rows=0 loops=1)
   ->  Sort  (cost=269205.69..271705.69 rows=1000000 width=20) (actual time=564.043..646.717 rows=1000000 loops=1)
         Sort Key: s_2.a, s_2.b, s_2.c
         Sort Method: external merge  Disk: 29360kB
         ->  Sort  (cost=136537.84..139037.84 rows=1000000 width=20) (actual time=225.332..322.377 rows=1000000 loops=1)
               Sort Key: s_2.a, s_2.b
               Sort Method: external merge  Disk: 29360kB
               ->  Seq Scan on s_2  (cost=0.00..16370.00 rows=1000000 width=20) (actual time=0.010..51.310 rows=1000000 loops=1)
 Planning time: 0.222 ms
 Execution time: 675.753 ms
(10 rows)

===== 399 [Wed Mar  7 02:30:59 CET 2018] scale:1000000 groups:10000 work_mem:4MB incremental:off max_workers:2 =====
SELECT * FROM (SELECT * FROM s_3 ORDER BY a, b, c) foo ORDER BY a, b, c, d
                                                           QUERY PLAN                                                            
---------------------------------------------------------------------------------------------------------------------------------
 Limit  (cost=281705.69..281705.69 rows=1 width=20) (actual time=582.613..582.613 rows=0 loops=1)
   ->  Sort  (cost=269205.69..271705.69 rows=1000000 width=20) (actual time=478.215..560.761 rows=1000000 loops=1)
         Sort Key: s_3.a, s_3.b, s_3.c, s_3.d
         Sort Method: external merge  Disk: 29360kB
         ->  Sort  (cost=136537.84..139037.84 rows=1000000 width=20) (actual time=226.152..319.177 rows=1000000 loops=1)
               Sort Key: s_3.a, s_3.b, s_3.c
               Sort Method: external merge  Disk: 29360kB
               ->  Seq Scan on s_3  (cost=0.00..16370.00 rows=1000000 width=20) (actual time=0.011..51.502 rows=1000000 loops=1)
 Planning time: 0.226 ms
 Execution time: 589.715 ms
(10 rows)

===== 400 [Wed Mar  7 02:31:02 CET 2018] scale:1000000 groups:10000 work_mem:4MB incremental:off max_workers:2 =====
SELECT * FROM (SELECT * FROM s_4 ORDER BY a, b, c, d) foo ORDER BY a, b, c, d, e
                                                           QUERY PLAN                                                            
---------------------------------------------------------------------------------------------------------------------------------
 Limit  (cost=281705.69..281705.69 rows=1 width=20) (actual time=582.305..582.305 rows=0 loops=1)
   ->  Sort  (cost=269205.69..271705.69 rows=1000000 width=20) (actual time=477.925..560.432 rows=1000000 loops=1)
         Sort Key: s_4.a, s_4.b, s_4.c, s_4.d, s_4.e
         Sort Method: external merge  Disk: 29360kB
         ->  Sort  (cost=136537.84..139037.84 rows=1000000 width=20) (actual time=225.646..318.659 rows=1000000 loops=1)
               Sort Key: s_4.a, s_4.b, s_4.c, s_4.d
               Sort Method: external merge  Disk: 29360kB
               ->  Seq Scan on s_4  (cost=0.00..16370.00 rows=1000000 width=20) (actual time=0.011..51.426 rows=1000000 loops=1)
 Planning time: 0.237 ms
 Execution time: 589.467 ms
(10 rows)

===== 401 [Wed Mar  7 02:31:05 CET 2018] scale:1000000 groups:10000 work_mem:8MB incremental:on max_workers:2 =====
SELECT * FROM (SELECT * FROM s_1 ORDER BY a) foo ORDER BY a, b
                                                           QUERY PLAN                                                            
---------------------------------------------------------------------------------------------------------------------------------
 Limit  (cost=209958.53..209958.53 rows=1 width=20) (actual time=552.813..552.813 rows=0 loops=1)
   ->  Incremental Sort  (cost=136542.42..199958.53 rows=1000000 width=20) (actual time=185.744..527.254 rows=1000000 loops=1)
         Sort Key: s_1.a, s_1.b
         Presorted Key: s_1.a
         Sort Method: quicksort  Memory: 36kB
         Sort Groups: 10001
         ->  Sort  (cost=136537.84..139037.84 rows=1000000 width=20) (actual time=185.693..278.925 rows=1000000 loops=1)
               Sort Key: s_1.a
               Sort Method: external merge  Disk: 29360kB
               ->  Seq Scan on s_1  (cost=0.00..16370.00 rows=1000000 width=20) (actual time=0.009..51.603 rows=1000000 loops=1)
 Planning time: 0.226 ms
 Execution time: 556.664 ms
(12 rows)

===== 402 [Wed Mar  7 02:31:08 CET 2018] scale:1000000 groups:10000 work_mem:8MB incremental:on max_workers:2 =====
SELECT * FROM (SELECT * FROM s_2 ORDER BY a, b) foo ORDER BY a, b, c
                                                           QUERY PLAN                                                            
---------------------------------------------------------------------------------------------------------------------------------
 Limit  (cost=195147.48..195147.48 rows=1 width=20) (actual time=441.290..441.290 rows=0 loops=1)
   ->  Incremental Sort  (cost=136538.13..185147.48 rows=1000000 width=20) (actual time=198.774..416.166 rows=1000000 loops=1)
         Sort Key: s_2.a, s_2.b, s_2.c
         Presorted Key: s_2.a, s_2.b
         Sort Method: quicksort  Memory: 27kB
         Sort Groups: 31245
         ->  Sort  (cost=136537.84..139037.84 rows=1000000 width=20) (actual time=198.731..295.259 rows=1000000 loops=1)
               Sort Key: s_2.a, s_2.b
               Sort Method: external merge  Disk: 29360kB
               ->  Seq Scan on s_2  (cost=0.00..16370.00 rows=1000000 width=20) (actual time=0.010..51.553 rows=1000000 loops=1)
 Planning time: 0.226 ms
 Execution time: 445.150 ms
(12 rows)

===== 403 [Wed Mar  7 02:31:10 CET 2018] scale:1000000 groups:10000 work_mem:8MB incremental:on max_workers:2 =====
SELECT * FROM (SELECT * FROM s_3 ORDER BY a, b, c) foo ORDER BY a, b, c, d
                                                           QUERY PLAN                                                            
---------------------------------------------------------------------------------------------------------------------------------
 Limit  (cost=195147.48..195147.48 rows=1 width=20) (actual time=438.150..438.150 rows=0 loops=1)
   ->  Incremental Sort  (cost=136538.13..185147.48 rows=1000000 width=20) (actual time=198.302..415.567 rows=1000000 loops=1)
         Sort Key: s_3.a, s_3.b, s_3.c, s_3.d
         Presorted Key: s_3.a, s_3.b, s_3.c
         Sort Method: quicksort  Memory: 27kB
         Sort Groups: 31250
         ->  Sort  (cost=136537.84..139037.84 rows=1000000 width=20) (actual time=198.257..294.985 rows=1000000 loops=1)
               Sort Key: s_3.a, s_3.b, s_3.c
               Sort Method: external merge  Disk: 29360kB
               ->  Seq Scan on s_3  (cost=0.00..16370.00 rows=1000000 width=20) (actual time=0.010..51.679 rows=1000000 loops=1)
 Planning time: 0.227 ms
 Execution time: 442.014 ms
(12 rows)

===== 404 [Wed Mar  7 02:31:12 CET 2018] scale:1000000 groups:10000 work_mem:8MB incremental:on max_workers:2 =====
SELECT * FROM (SELECT * FROM s_4 ORDER BY a, b, c, d) foo ORDER BY a, b, c, d, e
                                                           QUERY PLAN                                                            
---------------------------------------------------------------------------------------------------------------------------------
 Limit  (cost=195147.48..195147.48 rows=1 width=20) (actual time=438.306..438.306 rows=0 loops=1)
   ->  Incremental Sort  (cost=136538.13..185147.48 rows=1000000 width=20) (actual time=198.369..415.720 rows=1000000 loops=1)
         Sort Key: s_4.a, s_4.b, s_4.c, s_4.d, s_4.e
         Presorted Key: s_4.a, s_4.b, s_4.c, s_4.d
         Sort Method: quicksort  Memory: 27kB
         Sort Groups: 31250
         ->  Sort  (cost=136537.84..139037.84 rows=1000000 width=20) (actual time=198.325..294.979 rows=1000000 loops=1)
               Sort Key: s_4.a, s_4.b, s_4.c, s_4.d
               Sort Method: external merge  Disk: 29360kB
               ->  Seq Scan on s_4  (cost=0.00..16370.00 rows=1000000 width=20) (actual time=0.011..51.725 rows=1000000 loops=1)
 Planning time: 0.244 ms
 Execution time: 442.161 ms
(12 rows)

===== 405 [Wed Mar  7 02:31:14 CET 2018] scale:1000000 groups:10000 work_mem:8MB incremental:off max_workers:2 =====
SELECT * FROM (SELECT * FROM s_1 ORDER BY a) foo ORDER BY a, b
                                                           QUERY PLAN                                                            
---------------------------------------------------------------------------------------------------------------------------------
 Limit  (cost=281705.69..281705.69 rows=1 width=20) (actual time=704.289..704.289 rows=0 loops=1)
   ->  Sort  (cost=269205.69..271705.69 rows=1000000 width=20) (actual time=601.773..682.485 rows=1000000 loops=1)
         Sort Key: s_1.a, s_1.b
         Sort Method: external merge  Disk: 29360kB
         ->  Sort  (cost=136537.84..139037.84 rows=1000000 width=20) (actual time=184.516..275.008 rows=1000000 loops=1)
               Sort Key: s_1.a
               Sort Method: external merge  Disk: 29360kB
               ->  Seq Scan on s_1  (cost=0.00..16370.00 rows=1000000 width=20) (actual time=0.010..51.617 rows=1000000 loops=1)
 Planning time: 0.219 ms
 Execution time: 711.600 ms
(10 rows)

===== 406 [Wed Mar  7 02:31:18 CET 2018] scale:1000000 groups:10000 work_mem:8MB incremental:off max_workers:2 =====
SELECT * FROM (SELECT * FROM s_2 ORDER BY a, b) foo ORDER BY a, b, c
                                                           QUERY PLAN                                                            
---------------------------------------------------------------------------------------------------------------------------------
 Limit  (cost=281705.69..281705.69 rows=1 width=20) (actual time=606.882..606.882 rows=0 loops=1)
   ->  Sort  (cost=269205.69..271705.69 rows=1000000 width=20) (actual time=504.524..585.085 rows=1000000 loops=1)
         Sort Key: s_2.a, s_2.b, s_2.c
         Sort Method: external merge  Disk: 29360kB
         ->  Sort  (cost=136537.84..139037.84 rows=1000000 width=20) (actual time=197.790..288.347 rows=1000000 loops=1)
               Sort Key: s_2.a, s_2.b
               Sort Method: external merge  Disk: 29360kB
               ->  Seq Scan on s_2  (cost=0.00..16370.00 rows=1000000 width=20) (actual time=0.010..51.633 rows=1000000 loops=1)
 Planning time: 0.222 ms
 Execution time: 614.193 ms
(10 rows)

===== 407 [Wed Mar  7 02:31:21 CET 2018] scale:1000000 groups:10000 work_mem:8MB incremental:off max_workers:2 =====
SELECT * FROM (SELECT * FROM s_3 ORDER BY a, b, c) foo ORDER BY a, b, c, d
                                                           QUERY PLAN                                                            
---------------------------------------------------------------------------------------------------------------------------------
 Limit  (cost=281705.69..281705.69 rows=1 width=20) (actual time=523.076..523.076 rows=0 loops=1)
   ->  Sort  (cost=269205.69..271705.69 rows=1000000 width=20) (actual time=420.921..501.303 rows=1000000 loops=1)
         Sort Key: s_3.a, s_3.b, s_3.c, s_3.d
         Sort Method: external merge  Disk: 29360kB
         ->  Sort  (cost=136537.84..139037.84 rows=1000000 width=20) (actual time=198.267..289.809 rows=1000000 loops=1)
               Sort Key: s_3.a, s_3.b, s_3.c
               Sort Method: external merge  Disk: 29360kB
               ->  Seq Scan on s_3  (cost=0.00..16370.00 rows=1000000 width=20) (actual time=0.011..51.763 rows=1000000 loops=1)
 Planning time: 0.224 ms
 Execution time: 530.415 ms
(10 rows)

===== 408 [Wed Mar  7 02:31:23 CET 2018] scale:1000000 groups:10000 work_mem:8MB incremental:off max_workers:2 =====
SELECT * FROM (SELECT * FROM s_4 ORDER BY a, b, c, d) foo ORDER BY a, b, c, d, e
                                                           QUERY PLAN                                                            
---------------------------------------------------------------------------------------------------------------------------------
 Limit  (cost=281705.69..281705.69 rows=1 width=20) (actual time=522.756..522.756 rows=0 loops=1)
   ->  Sort  (cost=269205.69..271705.69 rows=1000000 width=20) (actual time=420.586..501.001 rows=1000000 loops=1)
         Sort Key: s_4.a, s_4.b, s_4.c, s_4.d, s_4.e
         Sort Method: external merge  Disk: 29360kB
         ->  Sort  (cost=136537.84..139037.84 rows=1000000 width=20) (actual time=198.002..289.488 rows=1000000 loops=1)
               Sort Key: s_4.a, s_4.b, s_4.c, s_4.d
               Sort Method: external merge  Disk: 29360kB
               ->  Seq Scan on s_4  (cost=0.00..16370.00 rows=1000000 width=20) (actual time=0.011..51.793 rows=1000000 loops=1)
 Planning time: 0.234 ms
 Execution time: 530.087 ms
(10 rows)

===== 409 [Wed Mar  7 02:31:26 CET 2018] scale:1000000 groups:10000 work_mem:16MB incremental:on max_workers:2 =====
SELECT * FROM (SELECT * FROM s_1 ORDER BY a) foo ORDER BY a, b
                                                           QUERY PLAN                                                            
---------------------------------------------------------------------------------------------------------------------------------
 Limit  (cost=209958.53..209958.53 rows=1 width=20) (actual time=559.514..559.514 rows=0 loops=1)
   ->  Incremental Sort  (cost=136542.42..199958.53 rows=1000000 width=20) (actual time=193.656..533.940 rows=1000000 loops=1)
         Sort Key: s_1.a, s_1.b
         Presorted Key: s_1.a
         Sort Method: quicksort  Memory: 36kB
         Sort Groups: 10001
         ->  Sort  (cost=136537.84..139037.84 rows=1000000 width=20) (actual time=193.602..285.330 rows=1000000 loops=1)
               Sort Key: s_1.a
               Sort Method: external merge  Disk: 29392kB
               ->  Seq Scan on s_1  (cost=0.00..16370.00 rows=1000000 width=20) (actual time=0.009..52.162 rows=1000000 loops=1)
 Planning time: 0.225 ms
 Execution time: 563.746 ms
(12 rows)

===== 410 [Wed Mar  7 02:31:29 CET 2018] scale:1000000 groups:10000 work_mem:16MB incremental:on max_workers:2 =====
SELECT * FROM (SELECT * FROM s_2 ORDER BY a, b) foo ORDER BY a, b, c
                                                           QUERY PLAN                                                            
---------------------------------------------------------------------------------------------------------------------------------
 Limit  (cost=195147.48..195147.48 rows=1 width=20) (actual time=452.779..452.779 rows=0 loops=1)
   ->  Incremental Sort  (cost=136538.13..185147.48 rows=1000000 width=20) (actual time=206.694..422.975 rows=1000000 loops=1)
         Sort Key: s_2.a, s_2.b, s_2.c
         Presorted Key: s_2.a, s_2.b
         Sort Method: quicksort  Memory: 27kB
         Sort Groups: 31245
         ->  Sort  (cost=136537.84..139037.84 rows=1000000 width=20) (actual time=206.651..301.592 rows=1000000 loops=1)
               Sort Key: s_2.a, s_2.b
               Sort Method: external merge  Disk: 29392kB
               ->  Seq Scan on s_2  (cost=0.00..16370.00 rows=1000000 width=20) (actual time=0.010..52.160 rows=1000000 loops=1)
 Planning time: 0.225 ms
 Execution time: 456.982 ms
(12 rows)

===== 411 [Wed Mar  7 02:31:31 CET 2018] scale:1000000 groups:10000 work_mem:16MB incremental:on max_workers:2 =====
SELECT * FROM (SELECT * FROM s_3 ORDER BY a, b, c) foo ORDER BY a, b, c, d
                                                           QUERY PLAN                                                            
---------------------------------------------------------------------------------------------------------------------------------
 Limit  (cost=195147.48..195147.48 rows=1 width=20) (actual time=444.830..444.830 rows=0 loops=1)
   ->  Incremental Sort  (cost=136538.13..185147.48 rows=1000000 width=20) (actual time=206.613..422.246 rows=1000000 loops=1)
         Sort Key: s_3.a, s_3.b, s_3.c, s_3.d
         Presorted Key: s_3.a, s_3.b, s_3.c
         Sort Method: quicksort  Memory: 27kB
         Sort Groups: 31250
         ->  Sort  (cost=136537.84..139037.84 rows=1000000 width=20) (actual time=206.568..301.651 rows=1000000 loops=1)
               Sort Key: s_3.a, s_3.b, s_3.c
               Sort Method: external merge  Disk: 29392kB
               ->  Seq Scan on s_3  (cost=0.00..16370.00 rows=1000000 width=20) (actual time=0.011..52.302 rows=1000000 loops=1)
 Planning time: 0.228 ms
 Execution time: 449.059 ms
(12 rows)

===== 412 [Wed Mar  7 02:31:33 CET 2018] scale:1000000 groups:10000 work_mem:16MB incremental:on max_workers:2 =====
SELECT * FROM (SELECT * FROM s_4 ORDER BY a, b, c, d) foo ORDER BY a, b, c, d, e
                                                           QUERY PLAN                                                            
---------------------------------------------------------------------------------------------------------------------------------
 Limit  (cost=195147.48..195147.48 rows=1 width=20) (actual time=444.855..444.855 rows=0 loops=1)
   ->  Incremental Sort  (cost=136538.13..185147.48 rows=1000000 width=20) (actual time=206.479..422.263 rows=1000000 loops=1)
         Sort Key: s_4.a, s_4.b, s_4.c, s_4.d, s_4.e
         Presorted Key: s_4.a, s_4.b, s_4.c, s_4.d
         Sort Method: quicksort  Memory: 27kB
         Sort Groups: 31250
         ->  Sort  (cost=136537.84..139037.84 rows=1000000 width=20) (actual time=206.434..301.548 rows=1000000 loops=1)
               Sort Key: s_4.a, s_4.b, s_4.c, s_4.d
               Sort Method: external merge  Disk: 29392kB
               ->  Seq Scan on s_4  (cost=0.00..16370.00 rows=1000000 width=20) (actual time=0.010..52.318 rows=1000000 loops=1)
 Planning time: 0.237 ms
 Execution time: 449.077 ms
(12 rows)

===== 413 [Wed Mar  7 02:31:35 CET 2018] scale:1000000 groups:10000 work_mem:16MB incremental:off max_workers:2 =====
SELECT * FROM (SELECT * FROM s_1 ORDER BY a) foo ORDER BY a, b
                                                           QUERY PLAN                                                            
---------------------------------------------------------------------------------------------------------------------------------
 Limit  (cost=281705.69..281705.69 rows=1 width=20) (actual time=727.798..727.798 rows=0 loops=1)
   ->  Sort  (cost=269205.69..271705.69 rows=1000000 width=20) (actual time=627.185..706.017 rows=1000000 loops=1)
         Sort Key: s_1.a, s_1.b
         Sort Method: external merge  Disk: 29392kB
         ->  Sort  (cost=136537.84..139037.84 rows=1000000 width=20) (actual time=192.653..282.175 rows=1000000 loops=1)
               Sort Key: s_1.a
               Sort Method: external merge  Disk: 29392kB
               ->  Seq Scan on s_1  (cost=0.00..16370.00 rows=1000000 width=20) (actual time=0.010..52.247 rows=1000000 loops=1)
 Planning time: 0.220 ms
 Execution time: 735.545 ms
(10 rows)

===== 414 [Wed Mar  7 02:31:39 CET 2018] scale:1000000 groups:10000 work_mem:16MB incremental:off max_workers:2 =====
SELECT * FROM (SELECT * FROM s_2 ORDER BY a, b) foo ORDER BY a, b, c
                                                           QUERY PLAN                                                            
---------------------------------------------------------------------------------------------------------------------------------
 Limit  (cost=281705.69..281705.69 rows=1 width=20) (actual time=625.482..625.482 rows=0 loops=1)
   ->  Sort  (cost=269205.69..271705.69 rows=1000000 width=20) (actual time=524.825..603.682 rows=1000000 loops=1)
         Sort Key: s_2.a, s_2.b, s_2.c
         Sort Method: external merge  Disk: 29392kB
         ->  Sort  (cost=136537.84..139037.84 rows=1000000 width=20) (actual time=205.678..295.211 rows=1000000 loops=1)
               Sort Key: s_2.a, s_2.b
               Sort Method: external merge  Disk: 29392kB
               ->  Seq Scan on s_2  (cost=0.00..16370.00 rows=1000000 width=20) (actual time=0.010..52.249 rows=1000000 loops=1)
 Planning time: 0.224 ms
 Execution time: 633.187 ms
(10 rows)

===== 415 [Wed Mar  7 02:31:42 CET 2018] scale:1000000 groups:10000 work_mem:16MB incremental:off max_workers:2 =====
SELECT * FROM (SELECT * FROM s_3 ORDER BY a, b, c) foo ORDER BY a, b, c, d
                                                           QUERY PLAN                                                            
---------------------------------------------------------------------------------------------------------------------------------
 Limit  (cost=281705.69..281705.69 rows=1 width=20) (actual time=531.290..531.290 rows=0 loops=1)
   ->  Sort  (cost=269205.69..271705.69 rows=1000000 width=20) (actual time=430.701..509.477 rows=1000000 loops=1)
         Sort Key: s_3.a, s_3.b, s_3.c, s_3.d
         Sort Method: external merge  Disk: 29392kB
         ->  Sort  (cost=136537.84..139037.84 rows=1000000 width=20) (actual time=206.212..295.674 rows=1000000 loops=1)
               Sort Key: s_3.a, s_3.b, s_3.c
               Sort Method: external merge  Disk: 29392kB
               ->  Seq Scan on s_3  (cost=0.00..16370.00 rows=1000000 width=20) (actual time=0.011..52.341 rows=1000000 loops=1)
 Planning time: 0.225 ms
 Execution time: 539.048 ms
(10 rows)

===== 416 [Wed Mar  7 02:31:44 CET 2018] scale:1000000 groups:10000 work_mem:16MB incremental:off max_workers:2 =====
SELECT * FROM (SELECT * FROM s_4 ORDER BY a, b, c, d) foo ORDER BY a, b, c, d, e
                                                           QUERY PLAN                                                            
---------------------------------------------------------------------------------------------------------------------------------
 Limit  (cost=281705.69..281705.69 rows=1 width=20) (actual time=532.211..532.211 rows=0 loops=1)
   ->  Sort  (cost=269205.69..271705.69 rows=1000000 width=20) (actual time=431.499..510.415 rows=1000000 loops=1)
         Sort Key: s_4.a, s_4.b, s_4.c, s_4.d, s_4.e
         Sort Method: external merge  Disk: 29392kB
         ->  Sort  (cost=136537.84..139037.84 rows=1000000 width=20) (actual time=206.559..296.006 rows=1000000 loops=1)
               Sort Key: s_4.a, s_4.b, s_4.c, s_4.d
               Sort Method: external merge  Disk: 29392kB
               ->  Seq Scan on s_4  (cost=0.00..16370.00 rows=1000000 width=20) (actual time=0.011..52.381 rows=1000000 loops=1)
 Planning time: 0.231 ms
 Execution time: 539.146 ms
(10 rows)

===== 417 [Wed Mar  7 02:31:47 CET 2018] scale:1000000 groups:10000 work_mem:32MB incremental:on max_workers:2 =====
SELECT * FROM (SELECT * FROM s_1 ORDER BY a) foo ORDER BY a, b
                                                           QUERY PLAN                                                            
---------------------------------------------------------------------------------------------------------------------------------
 Limit  (cost=209958.53..209958.53 rows=1 width=20) (actual time=559.797..559.797 rows=0 loops=1)
   ->  Incremental Sort  (cost=136542.42..199958.53 rows=1000000 width=20) (actual time=208.553..538.003 rows=1000000 loops=1)
         Sort Key: s_1.a, s_1.b
         Presorted Key: s_1.a
         Sort Method: quicksort  Memory: 36kB
         Sort Groups: 10001
         ->  Sort  (cost=136537.84..139037.84 rows=1000000 width=20) (actual time=208.503..298.054 rows=1000000 loops=1)
               Sort Key: s_1.a
               Sort Method: external merge  Disk: 29360kB
               ->  Seq Scan on s_1  (cost=0.00..16370.00 rows=1000000 width=20) (actual time=0.009..53.588 rows=1000000 loops=1)
 Planning time: 0.221 ms
 Execution time: 564.386 ms
(12 rows)

===== 418 [Wed Mar  7 02:31:50 CET 2018] scale:1000000 groups:10000 work_mem:32MB incremental:on max_workers:2 =====
SELECT * FROM (SELECT * FROM s_2 ORDER BY a, b) foo ORDER BY a, b, c
                                                           QUERY PLAN                                                            
---------------------------------------------------------------------------------------------------------------------------------
 Limit  (cost=195147.48..195147.48 rows=1 width=20) (actual time=453.808..453.808 rows=0 loops=1)
   ->  Incremental Sort  (cost=136538.13..185147.48 rows=1000000 width=20) (actual time=221.381..431.720 rows=1000000 loops=1)
         Sort Key: s_2.a, s_2.b, s_2.c
         Presorted Key: s_2.a, s_2.b
         Sort Method: quicksort  Memory: 27kB
         Sort Groups: 31245
         ->  Sort  (cost=136537.84..139037.84 rows=1000000 width=20) (actual time=221.337..313.998 rows=1000000 loops=1)
               Sort Key: s_2.a, s_2.b
               Sort Method: external merge  Disk: 29360kB
               ->  Seq Scan on s_2  (cost=0.00..16370.00 rows=1000000 width=20) (actual time=0.010..53.837 rows=1000000 loops=1)
 Planning time: 0.227 ms
 Execution time: 458.400 ms
(12 rows)

===== 419 [Wed Mar  7 02:31:52 CET 2018] scale:1000000 groups:10000 work_mem:32MB incremental:on max_workers:2 =====
SELECT * FROM (SELECT * FROM s_3 ORDER BY a, b, c) foo ORDER BY a, b, c, d
                                                           QUERY PLAN                                                            
---------------------------------------------------------------------------------------------------------------------------------
 Limit  (cost=195147.48..195147.48 rows=1 width=20) (actual time=456.063..456.063 rows=0 loops=1)
   ->  Incremental Sort  (cost=136538.13..185147.48 rows=1000000 width=20) (actual time=221.693..434.207 rows=1000000 loops=1)
         Sort Key: s_3.a, s_3.b, s_3.c, s_3.d
         Presorted Key: s_3.a, s_3.b, s_3.c
         Sort Method: quicksort  Memory: 27kB
         Sort Groups: 31250
         ->  Sort  (cost=136537.84..139037.84 rows=1000000 width=20) (actual time=221.647..313.740 rows=1000000 loops=1)
               Sort Key: s_3.a, s_3.b, s_3.c
               Sort Method: external merge  Disk: 29360kB
               ->  Seq Scan on s_3  (cost=0.00..16370.00 rows=1000000 width=20) (actual time=0.011..53.492 rows=1000000 loops=1)
 Planning time: 0.232 ms
 Execution time: 460.634 ms
(12 rows)

===== 420 [Wed Mar  7 02:31:54 CET 2018] scale:1000000 groups:10000 work_mem:32MB incremental:on max_workers:2 =====
SELECT * FROM (SELECT * FROM s_4 ORDER BY a, b, c, d) foo ORDER BY a, b, c, d, e
                                                           QUERY PLAN                                                            
---------------------------------------------------------------------------------------------------------------------------------
 Limit  (cost=195147.48..195147.48 rows=1 width=20) (actual time=455.011..455.011 rows=0 loops=1)
   ->  Incremental Sort  (cost=136538.13..185147.48 rows=1000000 width=20) (actual time=222.544..433.019 rows=1000000 loops=1)
         Sort Key: s_4.a, s_4.b, s_4.c, s_4.d, s_4.e
         Presorted Key: s_4.a, s_4.b, s_4.c, s_4.d
         Sort Method: quicksort  Memory: 27kB
         Sort Groups: 31250
         ->  Sort  (cost=136537.84..139037.84 rows=1000000 width=20) (actual time=222.500..314.734 rows=1000000 loops=1)
               Sort Key: s_4.a, s_4.b, s_4.c, s_4.d
               Sort Method: external merge  Disk: 29360kB
               ->  Seq Scan on s_4  (cost=0.00..16370.00 rows=1000000 width=20) (actual time=0.011..53.522 rows=1000000 loops=1)
 Planning time: 0.243 ms
 Execution time: 459.568 ms
(12 rows)

===== 421 [Wed Mar  7 02:31:56 CET 2018] scale:1000000 groups:10000 work_mem:32MB incremental:off max_workers:2 =====
SELECT * FROM (SELECT * FROM s_1 ORDER BY a) foo ORDER BY a, b
                                                           QUERY PLAN                                                            
---------------------------------------------------------------------------------------------------------------------------------
 Limit  (cost=281705.69..281705.69 rows=1 width=20) (actual time=754.098..754.098 rows=0 loops=1)
   ->  Sort  (cost=269205.69..271705.69 rows=1000000 width=20) (actual time=655.716..732.287 rows=1000000 loops=1)
         Sort Key: s_1.a, s_1.b
         Sort Method: external merge  Disk: 29360kB
         ->  Sort  (cost=136537.84..139037.84 rows=1000000 width=20) (actual time=207.830..293.920 rows=1000000 loops=1)
               Sort Key: s_1.a
               Sort Method: external merge  Disk: 29360kB
               ->  Seq Scan on s_1  (cost=0.00..16370.00 rows=1000000 width=20) (actual time=0.009..53.565 rows=1000000 loops=1)
 Planning time: 0.216 ms
 Execution time: 762.140 ms
(10 rows)

===== 422 [Wed Mar  7 02:32:00 CET 2018] scale:1000000 groups:10000 work_mem:32MB incremental:off max_workers:2 =====
SELECT * FROM (SELECT * FROM s_2 ORDER BY a, b) foo ORDER BY a, b, c
                                                           QUERY PLAN                                                            
---------------------------------------------------------------------------------------------------------------------------------
 Limit  (cost=281705.69..281705.69 rows=1 width=20) (actual time=650.290..650.290 rows=0 loops=1)
   ->  Sort  (cost=269205.69..271705.69 rows=1000000 width=20) (actual time=551.979..628.484 rows=1000000 loops=1)
         Sort Key: s_2.a, s_2.b, s_2.c
         Sort Method: external merge  Disk: 29360kB
         ->  Sort  (cost=136537.84..139037.84 rows=1000000 width=20) (actual time=220.733..306.824 rows=1000000 loops=1)
               Sort Key: s_2.a, s_2.b
               Sort Method: external merge  Disk: 29360kB
               ->  Seq Scan on s_2  (cost=0.00..16370.00 rows=1000000 width=20) (actual time=0.010..53.544 rows=1000000 loops=1)
 Planning time: 0.223 ms
 Execution time: 658.332 ms
(10 rows)

===== 423 [Wed Mar  7 02:32:04 CET 2018] scale:1000000 groups:10000 work_mem:32MB incremental:off max_workers:2 =====
SELECT * FROM (SELECT * FROM s_3 ORDER BY a, b, c) foo ORDER BY a, b, c, d
                                                           QUERY PLAN                                                            
---------------------------------------------------------------------------------------------------------------------------------
 Limit  (cost=281705.69..281705.69 rows=1 width=20) (actual time=555.727..555.727 rows=0 loops=1)
   ->  Sort  (cost=269205.69..271705.69 rows=1000000 width=20) (actual time=457.396..533.955 rows=1000000 loops=1)
         Sort Key: s_3.a, s_3.b, s_3.c, s_3.d
         Sort Method: external merge  Disk: 29360kB
         ->  Sort  (cost=136537.84..139037.84 rows=1000000 width=20) (actual time=221.495..308.984 rows=1000000 loops=1)
               Sort Key: s_3.a, s_3.b, s_3.c
               Sort Method: external merge  Disk: 29360kB
               ->  Seq Scan on s_3  (cost=0.00..16370.00 rows=1000000 width=20) (actual time=0.011..53.776 rows=1000000 loops=1)
 Planning time: 0.234 ms
 Execution time: 563.770 ms
(10 rows)

===== 424 [Wed Mar  7 02:32:06 CET 2018] scale:1000000 groups:10000 work_mem:32MB incremental:off max_workers:2 =====
SELECT * FROM (SELECT * FROM s_4 ORDER BY a, b, c, d) foo ORDER BY a, b, c, d, e
                                                           QUERY PLAN                                                            
---------------------------------------------------------------------------------------------------------------------------------
 Limit  (cost=281705.69..281705.69 rows=1 width=20) (actual time=556.097..556.097 rows=0 loops=1)
   ->  Sort  (cost=269205.69..271705.69 rows=1000000 width=20) (actual time=457.049..534.264 rows=1000000 loops=1)
         Sort Key: s_4.a, s_4.b, s_4.c, s_4.d, s_4.e
         Sort Method: external merge  Disk: 29360kB
         ->  Sort  (cost=136537.84..139037.84 rows=1000000 width=20) (actual time=221.033..308.513 rows=1000000 loops=1)
               Sort Key: s_4.a, s_4.b, s_4.c, s_4.d
               Sort Method: external merge  Disk: 29360kB
               ->  Seq Scan on s_4  (cost=0.00..16370.00 rows=1000000 width=20) (actual time=0.011..53.803 rows=1000000 loops=1)
 Planning time: 0.235 ms
 Execution time: 564.087 ms
(10 rows)

===== 425 [Wed Mar  7 02:32:09 CET 2018] scale:1000000 groups:10000 work_mem:64MB incremental:on max_workers:2 =====
SELECT * FROM (SELECT * FROM s_1 ORDER BY a) foo ORDER BY a, b
                                                           QUERY PLAN                                                            
---------------------------------------------------------------------------------------------------------------------------------
 Limit  (cost=189448.53..189448.53 rows=1 width=20) (actual time=593.510..593.510 rows=0 loops=1)
   ->  Incremental Sort  (cost=116032.42..179448.53 rows=1000000 width=20) (actual time=227.925..567.935 rows=1000000 loops=1)
         Sort Key: s_1.a, s_1.b
         Presorted Key: s_1.a
         Sort Method: quicksort  Memory: 36kB
         Sort Groups: 10001
         ->  Sort  (cost=116027.84..118527.84 rows=1000000 width=20) (actual time=227.868..313.492 rows=1000000 loops=1)
               Sort Key: s_1.a
               Sort Method: external merge  Disk: 29360kB
               ->  Seq Scan on s_1  (cost=0.00..16370.00 rows=1000000 width=20) (actual time=0.010..55.152 rows=1000000 loops=1)
 Planning time: 0.224 ms
 Execution time: 597.006 ms
(12 rows)

===== 426 [Wed Mar  7 02:32:12 CET 2018] scale:1000000 groups:10000 work_mem:64MB incremental:on max_workers:2 =====
SELECT * FROM (SELECT * FROM s_2 ORDER BY a, b) foo ORDER BY a, b, c
                                                           QUERY PLAN                                                            
---------------------------------------------------------------------------------------------------------------------------------
 Limit  (cost=174637.48..174637.48 rows=1 width=20) (actual time=480.947..480.947 rows=0 loops=1)
   ->  Incremental Sort  (cost=116028.13..164637.48 rows=1000000 width=20) (actual time=240.679..455.919 rows=1000000 loops=1)
         Sort Key: s_2.a, s_2.b, s_2.c
         Presorted Key: s_2.a, s_2.b
         Sort Method: quicksort  Memory: 27kB
         Sort Groups: 31245
         ->  Sort  (cost=116027.84..118527.84 rows=1000000 width=20) (actual time=240.636..327.657 rows=1000000 loops=1)
               Sort Key: s_2.a, s_2.b
               Sort Method: external merge  Disk: 29360kB
               ->  Seq Scan on s_2  (cost=0.00..16370.00 rows=1000000 width=20) (actual time=0.010..55.341 rows=1000000 loops=1)
 Planning time: 0.230 ms
 Execution time: 484.431 ms
(12 rows)

===== 427 [Wed Mar  7 02:32:14 CET 2018] scale:1000000 groups:10000 work_mem:64MB incremental:on max_workers:2 =====
SELECT * FROM (SELECT * FROM s_3 ORDER BY a, b, c) foo ORDER BY a, b, c, d
                                                           QUERY PLAN                                                            
---------------------------------------------------------------------------------------------------------------------------------
 Limit  (cost=174637.48..174637.48 rows=1 width=20) (actual time=473.084..473.084 rows=0 loops=1)
   ->  Incremental Sort  (cost=116028.13..164637.48 rows=1000000 width=20) (actual time=240.147..450.572 rows=1000000 loops=1)
         Sort Key: s_3.a, s_3.b, s_3.c, s_3.d
         Presorted Key: s_3.a, s_3.b, s_3.c
         Sort Method: quicksort  Memory: 27kB
         Sort Groups: 31250
         ->  Sort  (cost=116027.84..118527.84 rows=1000000 width=20) (actual time=240.102..326.665 rows=1000000 loops=1)
               Sort Key: s_3.a, s_3.b, s_3.c
               Sort Method: external merge  Disk: 29360kB
               ->  Seq Scan on s_3  (cost=0.00..16370.00 rows=1000000 width=20) (actual time=0.010..55.406 rows=1000000 loops=1)
 Planning time: 0.225 ms
 Execution time: 476.573 ms
(12 rows)

===== 428 [Wed Mar  7 02:32:17 CET 2018] scale:1000000 groups:10000 work_mem:64MB incremental:on max_workers:2 =====
SELECT * FROM (SELECT * FROM s_4 ORDER BY a, b, c, d) foo ORDER BY a, b, c, d, e
                                                           QUERY PLAN                                                            
---------------------------------------------------------------------------------------------------------------------------------
 Limit  (cost=174637.48..174637.48 rows=1 width=20) (actual time=473.224..473.224 rows=0 loops=1)
   ->  Incremental Sort  (cost=116028.13..164637.48 rows=1000000 width=20) (actual time=240.200..450.711 rows=1000000 loops=1)
         Sort Key: s_4.a, s_4.b, s_4.c, s_4.d, s_4.e
         Presorted Key: s_4.a, s_4.b, s_4.c, s_4.d
         Sort Method: quicksort  Memory: 27kB
         Sort Groups: 31250
         ->  Sort  (cost=116027.84..118527.84 rows=1000000 width=20) (actual time=240.155..326.849 rows=1000000 loops=1)
               Sort Key: s_4.a, s_4.b, s_4.c, s_4.d
               Sort Method: external merge  Disk: 29360kB
               ->  Seq Scan on s_4  (cost=0.00..16370.00 rows=1000000 width=20) (actual time=0.011..55.413 rows=1000000 loops=1)
 Planning time: 0.251 ms
 Execution time: 476.699 ms
(12 rows)

===== 429 [Wed Mar  7 02:32:19 CET 2018] scale:1000000 groups:10000 work_mem:64MB incremental:off max_workers:2 =====
SELECT * FROM (SELECT * FROM s_1 ORDER BY a) foo ORDER BY a, b
                                                           QUERY PLAN                                                            
---------------------------------------------------------------------------------------------------------------------------------
 Limit  (cost=240685.69..240685.69 rows=1 width=20) (actual time=780.547..780.547 rows=0 loops=1)
   ->  Sort  (cost=228185.69..230685.69 rows=1000000 width=20) (actual time=686.304..758.597 rows=1000000 loops=1)
         Sort Key: s_1.a, s_1.b
         Sort Method: external merge  Disk: 29360kB
         ->  Sort  (cost=116027.84..118527.84 rows=1000000 width=20) (actual time=227.485..310.252 rows=1000000 loops=1)
               Sort Key: s_1.a
               Sort Method: external merge  Disk: 29360kB
               ->  Seq Scan on s_1  (cost=0.00..16370.00 rows=1000000 width=20) (actual time=0.010..55.328 rows=1000000 loops=1)
 Planning time: 0.219 ms
 Execution time: 787.461 ms
(10 rows)

===== 430 [Wed Mar  7 02:32:23 CET 2018] scale:1000000 groups:10000 work_mem:64MB incremental:off max_workers:2 =====
SELECT * FROM (SELECT * FROM s_2 ORDER BY a, b) foo ORDER BY a, b, c
                                                           QUERY PLAN                                                            
---------------------------------------------------------------------------------------------------------------------------------
 Limit  (cost=240685.69..240685.69 rows=1 width=20) (actual time=675.825..675.825 rows=0 loops=1)
   ->  Sort  (cost=228185.69..230685.69 rows=1000000 width=20) (actual time=581.623..653.877 rows=1000000 loops=1)
         Sort Key: s_2.a, s_2.b, s_2.c
         Sort Method: external merge  Disk: 29360kB
         ->  Sort  (cost=116027.84..118527.84 rows=1000000 width=20) (actual time=239.700..322.478 rows=1000000 loops=1)
               Sort Key: s_2.a, s_2.b
               Sort Method: external merge  Disk: 29360kB
               ->  Seq Scan on s_2  (cost=0.00..16370.00 rows=1000000 width=20) (actual time=0.010..55.377 rows=1000000 loops=1)
 Planning time: 0.232 ms
 Execution time: 682.795 ms
(10 rows)

===== 431 [Wed Mar  7 02:32:26 CET 2018] scale:1000000 groups:10000 work_mem:64MB incremental:off max_workers:2 =====
SELECT * FROM (SELECT * FROM s_3 ORDER BY a, b, c) foo ORDER BY a, b, c, d
                                                           QUERY PLAN                                                            
---------------------------------------------------------------------------------------------------------------------------------
 Limit  (cost=240685.69..240685.69 rows=1 width=20) (actual time=565.291..565.291 rows=0 loops=1)
   ->  Sort  (cost=228185.69..230685.69 rows=1000000 width=20) (actual time=471.126..543.428 rows=1000000 loops=1)
         Sort Key: s_3.a, s_3.b, s_3.c, s_3.d
         Sort Method: external merge  Disk: 29360kB
         ->  Sort  (cost=116027.84..118527.84 rows=1000000 width=20) (actual time=240.909..322.413 rows=1000000 loops=1)
               Sort Key: s_3.a, s_3.b, s_3.c
               Sort Method: external merge  Disk: 29360kB
               ->  Seq Scan on s_3  (cost=0.00..16370.00 rows=1000000 width=20) (actual time=0.011..55.515 rows=1000000 loops=1)
 Planning time: 0.229 ms
 Execution time: 572.229 ms
(10 rows)

===== 432 [Wed Mar  7 02:32:29 CET 2018] scale:1000000 groups:10000 work_mem:64MB incremental:off max_workers:2 =====
SELECT * FROM (SELECT * FROM s_4 ORDER BY a, b, c, d) foo ORDER BY a, b, c, d, e
                                                           QUERY PLAN                                                            
---------------------------------------------------------------------------------------------------------------------------------
 Limit  (cost=240685.69..240685.69 rows=1 width=20) (actual time=564.451..564.451 rows=0 loops=1)
   ->  Sort  (cost=228185.69..230685.69 rows=1000000 width=20) (actual time=470.292..542.590 rows=1000000 loops=1)
         Sort Key: s_4.a, s_4.b, s_4.c, s_4.d, s_4.e
         Sort Method: external merge  Disk: 29360kB
         ->  Sort  (cost=116027.84..118527.84 rows=1000000 width=20) (actual time=240.347..321.844 rows=1000000 loops=1)
               Sort Key: s_4.a, s_4.b, s_4.c, s_4.d
               Sort Method: external merge  Disk: 29360kB
               ->  Seq Scan on s_4  (cost=0.00..16370.00 rows=1000000 width=20) (actual time=0.011..55.533 rows=1000000 loops=1)
 Planning time: 0.229 ms
 Execution time: 571.396 ms
(10 rows)

===== 433 [Wed Mar  7 02:32:32 CET 2018] scale:1000000 groups:10000 work_mem:128MB incremental:on max_workers:2 =====
SELECT * FROM (SELECT * FROM s_1 ORDER BY a) foo ORDER BY a, b
                                                           QUERY PLAN                                                            
---------------------------------------------------------------------------------------------------------------------------------
 Limit  (cost=189448.53..189448.53 rows=1 width=20) (actual time=484.371..484.371 rows=0 loops=1)
   ->  Incremental Sort  (cost=116032.42..179448.53 rows=1000000 width=20) (actual time=164.401..458.737 rows=1000000 loops=1)
         Sort Key: s_1.a, s_1.b
         Presorted Key: s_1.a
         Sort Method: quicksort  Memory: 36kB
         Sort Groups: 10001
         ->  Sort  (cost=116027.84..118527.84 rows=1000000 width=20) (actual time=164.348..201.976 rows=1000000 loops=1)
               Sort Key: s_1.a
               Sort Method: quicksort  Memory: 102702kB
               ->  Seq Scan on s_1  (cost=0.00..16370.00 rows=1000000 width=20) (actual time=0.010..55.413 rows=1000000 loops=1)
 Planning time: 0.222 ms
 Execution time: 488.694 ms
(12 rows)

===== 434 [Wed Mar  7 02:32:34 CET 2018] scale:1000000 groups:10000 work_mem:128MB incremental:on max_workers:2 =====
SELECT * FROM (SELECT * FROM s_2 ORDER BY a, b) foo ORDER BY a, b, c
                                                           QUERY PLAN                                                            
---------------------------------------------------------------------------------------------------------------------------------
 Limit  (cost=174637.48..174637.48 rows=1 width=20) (actual time=371.244..371.244 rows=0 loops=1)
   ->  Incremental Sort  (cost=116028.13..164637.48 rows=1000000 width=20) (actual time=177.546..346.128 rows=1000000 loops=1)
         Sort Key: s_2.a, s_2.b, s_2.c
         Presorted Key: s_2.a, s_2.b
         Sort Method: quicksort  Memory: 27kB
         Sort Groups: 31245
         ->  Sort  (cost=116027.84..118527.84 rows=1000000 width=20) (actual time=177.504..219.053 rows=1000000 loops=1)
               Sort Key: s_2.a, s_2.b
               Sort Method: quicksort  Memory: 102702kB
               ->  Seq Scan on s_2  (cost=0.00..16370.00 rows=1000000 width=20) (actual time=0.010..55.777 rows=1000000 loops=1)
 Planning time: 0.229 ms
 Execution time: 375.569 ms
(12 rows)

===== 435 [Wed Mar  7 02:32:36 CET 2018] scale:1000000 groups:10000 work_mem:128MB incremental:on max_workers:2 =====
SELECT * FROM (SELECT * FROM s_3 ORDER BY a, b, c) foo ORDER BY a, b, c, d
                                                           QUERY PLAN                                                            
---------------------------------------------------------------------------------------------------------------------------------
 Limit  (cost=174637.48..174637.48 rows=1 width=20) (actual time=383.104..383.104 rows=0 loops=1)
   ->  Incremental Sort  (cost=116028.13..164637.48 rows=1000000 width=20) (actual time=176.408..360.712 rows=1000000 loops=1)
         Sort Key: s_3.a, s_3.b, s_3.c, s_3.d
         Presorted Key: s_3.a, s_3.b, s_3.c
         Sort Method: quicksort  Memory: 27kB
         Sort Groups: 31250
         ->  Sort  (cost=116027.84..118527.84 rows=1000000 width=20) (actual time=176.365..218.355 rows=1000000 loops=1)
               Sort Key: s_3.a, s_3.b, s_3.c
               Sort Method: quicksort  Memory: 102702kB
               ->  Seq Scan on s_3  (cost=0.00..16370.00 rows=1000000 width=20) (actual time=0.011..55.503 rows=1000000 loops=1)
 Planning time: 0.221 ms
 Execution time: 387.430 ms
(12 rows)

===== 436 [Wed Mar  7 02:32:38 CET 2018] scale:1000000 groups:10000 work_mem:128MB incremental:on max_workers:2 =====
SELECT * FROM (SELECT * FROM s_4 ORDER BY a, b, c, d) foo ORDER BY a, b, c, d, e
                                                           QUERY PLAN                                                            
---------------------------------------------------------------------------------------------------------------------------------
 Limit  (cost=174637.48..174637.48 rows=1 width=20) (actual time=383.267..383.267 rows=0 loops=1)
   ->  Incremental Sort  (cost=116028.13..164637.48 rows=1000000 width=20) (actual time=176.457..360.869 rows=1000000 loops=1)
         Sort Key: s_4.a, s_4.b, s_4.c, s_4.d, s_4.e
         Presorted Key: s_4.a, s_4.b, s_4.c, s_4.d
         Sort Method: quicksort  Memory: 27kB
         Sort Groups: 31250
         ->  Sort  (cost=116027.84..118527.84 rows=1000000 width=20) (actual time=176.415..218.355 rows=1000000 loops=1)
               Sort Key: s_4.a, s_4.b, s_4.c, s_4.d
               Sort Method: quicksort  Memory: 102702kB
               ->  Seq Scan on s_4  (cost=0.00..16370.00 rows=1000000 width=20) (actual time=0.010..55.556 rows=1000000 loops=1)
 Planning time: 0.238 ms
 Execution time: 387.593 ms
(12 rows)

===== 437 [Wed Mar  7 02:32:39 CET 2018] scale:1000000 groups:10000 work_mem:128MB incremental:off max_workers:2 =====
SELECT * FROM (SELECT * FROM s_1 ORDER BY a) foo ORDER BY a, b
                                                           QUERY PLAN                                                            
---------------------------------------------------------------------------------------------------------------------------------
 Limit  (cost=240685.69..240685.69 rows=1 width=20) (actual time=608.448..608.448 rows=0 loops=1)
   ->  Sort  (cost=228185.69..230685.69 rows=1000000 width=20) (actual time=530.691..586.814 rows=1000000 loops=1)
         Sort Key: s_1.a, s_1.b
         Sort Method: quicksort  Memory: 102702kB
         ->  Sort  (cost=116027.84..118527.84 rows=1000000 width=20) (actual time=163.549..201.071 rows=1000000 loops=1)
               Sort Key: s_1.a
               Sort Method: quicksort  Memory: 102702kB
               ->  Seq Scan on s_1  (cost=0.00..16370.00 rows=1000000 width=20) (actual time=0.010..55.620 rows=1000000 loops=1)
 Planning time: 0.219 ms
 Execution time: 616.721 ms
(10 rows)

===== 438 [Wed Mar  7 02:32:42 CET 2018] scale:1000000 groups:10000 work_mem:128MB incremental:off max_workers:2 =====
SELECT * FROM (SELECT * FROM s_2 ORDER BY a, b) foo ORDER BY a, b, c
                                                           QUERY PLAN                                                            
---------------------------------------------------------------------------------------------------------------------------------
 Limit  (cost=240685.69..240685.69 rows=1 width=20) (actual time=497.261..497.261 rows=0 loops=1)
   ->  Sort  (cost=228185.69..230685.69 rows=1000000 width=20) (actual time=442.182..475.550 rows=1000000 loops=1)
         Sort Key: s_2.a, s_2.b, s_2.c
         Sort Method: quicksort  Memory: 102702kB
         ->  Sort  (cost=116027.84..118527.84 rows=1000000 width=20) (actual time=176.446..213.920 rows=1000000 loops=1)
               Sort Key: s_2.a, s_2.b
               Sort Method: quicksort  Memory: 102702kB
               ->  Seq Scan on s_2  (cost=0.00..16370.00 rows=1000000 width=20) (actual time=0.010..55.726 rows=1000000 loops=1)
 Planning time: 0.223 ms
 Execution time: 505.509 ms
(10 rows)

===== 439 [Wed Mar  7 02:32:45 CET 2018] scale:1000000 groups:10000 work_mem:128MB incremental:off max_workers:2 =====
SELECT * FROM (SELECT * FROM s_3 ORDER BY a, b, c) foo ORDER BY a, b, c, d
                                                           QUERY PLAN                                                            
---------------------------------------------------------------------------------------------------------------------------------
 Limit  (cost=240685.69..240685.69 rows=1 width=20) (actual time=384.757..384.757 rows=0 loops=1)
   ->  Sort  (cost=228185.69..230685.69 rows=1000000 width=20) (actual time=329.613..362.894 rows=1000000 loops=1)
         Sort Key: s_3.a, s_3.b, s_3.c, s_3.d
         Sort Method: quicksort  Memory: 102702kB
         ->  Sort  (cost=116027.84..118527.84 rows=1000000 width=20) (actual time=176.650..214.114 rows=1000000 loops=1)
               Sort Key: s_3.a, s_3.b, s_3.c
               Sort Method: quicksort  Memory: 102702kB
               ->  Seq Scan on s_3  (cost=0.00..16370.00 rows=1000000 width=20) (actual time=0.011..55.839 rows=1000000 loops=1)
 Planning time: 0.222 ms
 Execution time: 392.986 ms
(10 rows)

===== 440 [Wed Mar  7 02:32:47 CET 2018] scale:1000000 groups:10000 work_mem:128MB incremental:off max_workers:2 =====
SELECT * FROM (SELECT * FROM s_4 ORDER BY a, b, c, d) foo ORDER BY a, b, c, d, e
                                                           QUERY PLAN                                                            
---------------------------------------------------------------------------------------------------------------------------------
 Limit  (cost=240685.69..240685.69 rows=1 width=20) (actual time=385.263..385.263 rows=0 loops=1)
   ->  Sort  (cost=228185.69..230685.69 rows=1000000 width=20) (actual time=330.159..363.386 rows=1000000 loops=1)
         Sort Key: s_4.a, s_4.b, s_4.c, s_4.d, s_4.e
         Sort Method: quicksort  Memory: 102702kB
         ->  Sort  (cost=116027.84..118527.84 rows=1000000 width=20) (actual time=176.995..214.461 rows=1000000 loops=1)
               Sort Key: s_4.a, s_4.b, s_4.c, s_4.d
               Sort Method: quicksort  Memory: 102702kB
               ->  Seq Scan on s_4  (cost=0.00..16370.00 rows=1000000 width=20) (actual time=0.010..55.909 rows=1000000 loops=1)
 Planning time: 0.226 ms
 Execution time: 393.494 ms
(10 rows)

===== 441 [Wed Mar  7 02:32:48 CET 2018] scale:1000000 groups:10000 work_mem:256MB incremental:on max_workers:2 =====
SELECT * FROM (SELECT * FROM s_1 ORDER BY a) foo ORDER BY a, b
                                                           QUERY PLAN                                                            
---------------------------------------------------------------------------------------------------------------------------------
 Limit  (cost=189448.53..189448.53 rows=1 width=20) (actual time=483.930..483.930 rows=0 loops=1)
   ->  Incremental Sort  (cost=116032.42..179448.53 rows=1000000 width=20) (actual time=163.734..458.308 rows=1000000 loops=1)
         Sort Key: s_1.a, s_1.b
         Presorted Key: s_1.a
         Sort Method: quicksort  Memory: 36kB
         Sort Groups: 10001
         ->  Sort  (cost=116027.84..118527.84 rows=1000000 width=20) (actual time=163.680..201.299 rows=1000000 loops=1)
               Sort Key: s_1.a
               Sort Method: quicksort  Memory: 102702kB
               ->  Seq Scan on s_1  (cost=0.00..16370.00 rows=1000000 width=20) (actual time=0.009..55.410 rows=1000000 loops=1)
 Planning time: 0.223 ms
 Execution time: 488.246 ms
(12 rows)

===== 442 [Wed Mar  7 02:32:51 CET 2018] scale:1000000 groups:10000 work_mem:256MB incremental:on max_workers:2 =====
SELECT * FROM (SELECT * FROM s_2 ORDER BY a, b) foo ORDER BY a, b, c
                                                           QUERY PLAN                                                            
---------------------------------------------------------------------------------------------------------------------------------
 Limit  (cost=174637.48..174637.48 rows=1 width=20) (actual time=371.121..371.121 rows=0 loops=1)
   ->  Incremental Sort  (cost=116028.13..164637.48 rows=1000000 width=20) (actual time=177.243..346.016 rows=1000000 loops=1)
         Sort Key: s_2.a, s_2.b, s_2.c
         Presorted Key: s_2.a, s_2.b
         Sort Method: quicksort  Memory: 27kB
         Sort Groups: 31245
         ->  Sort  (cost=116027.84..118527.84 rows=1000000 width=20) (actual time=177.202..218.734 rows=1000000 loops=1)
               Sort Key: s_2.a, s_2.b
               Sort Method: quicksort  Memory: 102702kB
               ->  Seq Scan on s_2  (cost=0.00..16370.00 rows=1000000 width=20) (actual time=0.010..55.701 rows=1000000 loops=1)
 Planning time: 0.230 ms
 Execution time: 375.435 ms
(12 rows)

===== 443 [Wed Mar  7 02:32:52 CET 2018] scale:1000000 groups:10000 work_mem:256MB incremental:on max_workers:2 =====
SELECT * FROM (SELECT * FROM s_3 ORDER BY a, b, c) foo ORDER BY a, b, c, d
                                                           QUERY PLAN                                                            
---------------------------------------------------------------------------------------------------------------------------------
 Limit  (cost=174637.48..174637.48 rows=1 width=20) (actual time=383.289..383.289 rows=0 loops=1)
   ->  Incremental Sort  (cost=116028.13..164637.48 rows=1000000 width=20) (actual time=176.591..360.903 rows=1000000 loops=1)
         Sort Key: s_3.a, s_3.b, s_3.c, s_3.d
         Presorted Key: s_3.a, s_3.b, s_3.c
         Sort Method: quicksort  Memory: 27kB
         Sort Groups: 31250
         ->  Sort  (cost=116027.84..118527.84 rows=1000000 width=20) (actual time=176.549..218.540 rows=1000000 loops=1)
               Sort Key: s_3.a, s_3.b, s_3.c
               Sort Method: quicksort  Memory: 102702kB
               ->  Seq Scan on s_3  (cost=0.00..16370.00 rows=1000000 width=20) (actual time=0.011..55.547 rows=1000000 loops=1)
 Planning time: 0.235 ms
 Execution time: 387.625 ms
(12 rows)

===== 444 [Wed Mar  7 02:32:54 CET 2018] scale:1000000 groups:10000 work_mem:256MB incremental:on max_workers:2 =====
SELECT * FROM (SELECT * FROM s_4 ORDER BY a, b, c, d) foo ORDER BY a, b, c, d, e
                                                           QUERY PLAN                                                            
---------------------------------------------------------------------------------------------------------------------------------
 Limit  (cost=174637.48..174637.48 rows=1 width=20) (actual time=383.213..383.213 rows=0 loops=1)
   ->  Incremental Sort  (cost=116028.13..164637.48 rows=1000000 width=20) (actual time=176.476..360.821 rows=1000000 loops=1)
         Sort Key: s_4.a, s_4.b, s_4.c, s_4.d, s_4.e
         Presorted Key: s_4.a, s_4.b, s_4.c, s_4.d
         Sort Method: quicksort  Memory: 27kB
         Sort Groups: 31250
         ->  Sort  (cost=116027.84..118527.84 rows=1000000 width=20) (actual time=176.432..218.346 rows=1000000 loops=1)
               Sort Key: s_4.a, s_4.b, s_4.c, s_4.d
               Sort Method: quicksort  Memory: 102702kB
               ->  Seq Scan on s_4  (cost=0.00..16370.00 rows=1000000 width=20) (actual time=0.011..55.561 rows=1000000 loops=1)
 Planning time: 0.245 ms
 Execution time: 387.545 ms
(12 rows)

===== 445 [Wed Mar  7 02:32:55 CET 2018] scale:1000000 groups:10000 work_mem:256MB incremental:off max_workers:2 =====
SELECT * FROM (SELECT * FROM s_1 ORDER BY a) foo ORDER BY a, b
                                                           QUERY PLAN                                                            
---------------------------------------------------------------------------------------------------------------------------------
 Limit  (cost=240685.69..240685.69 rows=1 width=20) (actual time=608.668..608.668 rows=0 loops=1)
   ->  Sort  (cost=228185.69..230685.69 rows=1000000 width=20) (actual time=530.894..587.014 rows=1000000 loops=1)
         Sort Key: s_1.a, s_1.b
         Sort Method: quicksort  Memory: 102702kB
         ->  Sort  (cost=116027.84..118527.84 rows=1000000 width=20) (actual time=163.641..201.098 rows=1000000 loops=1)
               Sort Key: s_1.a
               Sort Method: quicksort  Memory: 102702kB
               ->  Seq Scan on s_1  (cost=0.00..16370.00 rows=1000000 width=20) (actual time=0.010..55.640 rows=1000000 loops=1)
 Planning time: 0.219 ms
 Execution time: 616.919 ms
(10 rows)

===== 446 [Wed Mar  7 02:32:59 CET 2018] scale:1000000 groups:10000 work_mem:256MB incremental:off max_workers:2 =====
SELECT * FROM (SELECT * FROM s_2 ORDER BY a, b) foo ORDER BY a, b, c
                                                           QUERY PLAN                                                            
---------------------------------------------------------------------------------------------------------------------------------
 Limit  (cost=240685.69..240685.69 rows=1 width=20) (actual time=497.241..497.241 rows=0 loops=1)
   ->  Sort  (cost=228185.69..230685.69 rows=1000000 width=20) (actual time=442.181..475.500 rows=1000000 loops=1)
         Sort Key: s_2.a, s_2.b, s_2.c
         Sort Method: quicksort  Memory: 102702kB
         ->  Sort  (cost=116027.84..118527.84 rows=1000000 width=20) (actual time=176.524..214.026 rows=1000000 loops=1)
               Sort Key: s_2.a, s_2.b
               Sort Method: quicksort  Memory: 102702kB
               ->  Seq Scan on s_2  (cost=0.00..16370.00 rows=1000000 width=20) (actual time=0.011..55.712 rows=1000000 loops=1)
 Planning time: 0.220 ms
 Execution time: 505.471 ms
(10 rows)

===== 447 [Wed Mar  7 02:33:01 CET 2018] scale:1000000 groups:10000 work_mem:256MB incremental:off max_workers:2 =====
SELECT * FROM (SELECT * FROM s_3 ORDER BY a, b, c) foo ORDER BY a, b, c, d
                                                           QUERY PLAN                                                            
---------------------------------------------------------------------------------------------------------------------------------
 Limit  (cost=240685.69..240685.69 rows=1 width=20) (actual time=384.715..384.715 rows=0 loops=1)
   ->  Sort  (cost=228185.69..230685.69 rows=1000000 width=20) (actual time=329.598..362.843 rows=1000000 loops=1)
         Sort Key: s_3.a, s_3.b, s_3.c, s_3.d
         Sort Method: quicksort  Memory: 102702kB
         ->  Sort  (cost=116027.84..118527.84 rows=1000000 width=20) (actual time=176.627..214.106 rows=1000000 loops=1)
               Sort Key: s_3.a, s_3.b, s_3.c
               Sort Method: quicksort  Memory: 102702kB
               ->  Seq Scan on s_3  (cost=0.00..16370.00 rows=1000000 width=20) (actual time=0.011..55.814 rows=1000000 loops=1)
 Planning time: 0.220 ms
 Execution time: 392.939 ms
(10 rows)

===== 448 [Wed Mar  7 02:33:03 CET 2018] scale:1000000 groups:10000 work_mem:256MB incremental:off max_workers:2 =====
SELECT * FROM (SELECT * FROM s_4 ORDER BY a, b, c, d) foo ORDER BY a, b, c, d, e
                                                           QUERY PLAN                                                            
---------------------------------------------------------------------------------------------------------------------------------
 Limit  (cost=240685.69..240685.69 rows=1 width=20) (actual time=385.425..385.425 rows=0 loops=1)
   ->  Sort  (cost=228185.69..230685.69 rows=1000000 width=20) (actual time=330.321..363.576 rows=1000000 loops=1)
         Sort Key: s_4.a, s_4.b, s_4.c, s_4.d, s_4.e
         Sort Method: quicksort  Memory: 102702kB
         ->  Sort  (cost=116027.84..118527.84 rows=1000000 width=20) (actual time=177.081..214.541 rows=1000000 loops=1)
               Sort Key: s_4.a, s_4.b, s_4.c, s_4.d
               Sort Method: quicksort  Memory: 102702kB
               ->  Seq Scan on s_4  (cost=0.00..16370.00 rows=1000000 width=20) (actual time=0.011..55.879 rows=1000000 loops=1)
 Planning time: 0.234 ms
 Execution time: 393.649 ms
(10 rows)

