===== 1 [Wed Mar  7 02:33:12 CET 2018] scale:1000000 groups:10 work_mem:4MB incremental:on max_workers:0 =====
SELECT * FROM (SELECT * FROM s_1 ORDER BY a) foo ORDER BY a, b LIMIT 10000
                                                              QUERY PLAN                                                               
---------------------------------------------------------------------------------------------------------------------------------------
 Limit  (cost=144443.62..144443.62 rows=1 width=20) (actual time=247.609..247.609 rows=0 loops=1)
   ->  Limit  (cost=144168.62..144343.62 rows=10000 width=20) (actual time=245.860..247.336 rows=10000 loops=1)
         ->  Incremental Sort  (cost=144168.62..161668.84 rows=1000000 width=20) (actual time=245.859..246.762 rows=10000 loops=1)
               Sort Key: s_1.a, s_1.b
               Presorted Key: s_1.a
               Sort Method: external merge  Disk: 1464kB
               Sort Groups: 1
               ->  Sort  (cost=136537.84..139037.84 rows=1000000 width=20) (actual time=228.730..233.557 rows=49794 loops=1)
                     Sort Key: s_1.a
                     Sort Method: external merge  Disk: 29360kB
                     ->  Seq Scan on s_1  (cost=0.00..16370.00 rows=1000000 width=20) (actual time=0.013..68.420 rows=1000000 loops=1)
 Planning time: 0.214 ms
 Execution time: 251.522 ms
(13 rows)

===== 2 [Wed Mar  7 02:33:13 CET 2018] scale:1000000 groups:10 work_mem:4MB incremental:on max_workers:0 =====
SELECT * FROM (SELECT * FROM s_2 ORDER BY a, b) foo ORDER BY a, b, c LIMIT 10000
                                                              QUERY PLAN                                                               
---------------------------------------------------------------------------------------------------------------------------------------
 Limit  (cost=137455.23..137455.23 rows=1 width=20) (actual time=248.638..248.638 rows=0 loops=1)
   ->  Limit  (cost=137178.86..137355.23 rows=10000 width=20) (actual time=244.566..248.363 rows=10000 loops=1)
         ->  Incremental Sort  (cost=137178.86..154815.90 rows=1000000 width=20) (actual time=244.566..247.816 rows=10000 loops=1)
               Sort Key: s_2.a, s_2.b, s_2.c
               Presorted Key: s_2.a, s_2.b
               Sort Method: quicksort  Memory: 589kB
               Sort Groups: 3
               ->  Sort  (cost=136537.84..139037.84 rows=1000000 width=20) (actual time=243.839..245.021 rows=12637 loops=1)
                     Sort Key: s_2.a, s_2.b
                     Sort Method: external merge  Disk: 29360kB
                     ->  Seq Scan on s_2  (cost=0.00..16370.00 rows=1000000 width=20) (actual time=0.021..68.611 rows=1000000 loops=1)
 Planning time: 0.215 ms
 Execution time: 252.369 ms
(13 rows)

===== 3 [Wed Mar  7 02:33:14 CET 2018] scale:1000000 groups:10 work_mem:4MB incremental:on max_workers:0 =====
SELECT * FROM (SELECT * FROM s_3 ORDER BY a, b, c) foo ORDER BY a, b, c, d LIMIT 10000
                                                              QUERY PLAN                                                               
---------------------------------------------------------------------------------------------------------------------------------------
 Limit  (cost=136863.96..136863.96 rows=1 width=20) (actual time=261.610..261.610 rows=0 loops=1)
   ->  Limit  (cost=136583.12..136763.96 rows=10000 width=20) (actual time=257.135..261.325 rows=10000 loops=1)
         ->  Incremental Sort  (cost=136583.12..154667.13 rows=1000000 width=20) (actual time=257.134..260.781 rows=10000 loops=1)
               Sort Key: s_3.a, s_3.b, s_3.c, s_3.d
               Presorted Key: s_3.a, s_3.b, s_3.c
               Sort Method: quicksort  Memory: 68kB
               Sort Groups: 28
               ->  Sort  (cost=136537.84..139037.84 rows=1000000 width=20) (actual time=257.053..258.068 rows=10392 loops=1)
                     Sort Key: s_3.a, s_3.b, s_3.c
                     Sort Method: external merge  Disk: 29360kB
                     ->  Seq Scan on s_3  (cost=0.00..16370.00 rows=1000000 width=20) (actual time=0.024..68.141 rows=1000000 loops=1)
 Planning time: 0.231 ms
 Execution time: 265.273 ms
(13 rows)

===== 4 [Wed Mar  7 02:33:16 CET 2018] scale:1000000 groups:10 work_mem:4MB incremental:on max_workers:0 =====
SELECT * FROM (SELECT * FROM s_4 ORDER BY a, b, c, d) foo ORDER BY a, b, c, d, e LIMIT 10000
                                                              QUERY PLAN                                                               
---------------------------------------------------------------------------------------------------------------------------------------
 Limit  (cost=136822.97..136822.97 rows=1 width=20) (actual time=268.666..268.666 rows=0 loops=1)
   ->  Limit  (cost=136540.78..136722.97 rows=10000 width=20) (actual time=263.933..268.381 rows=10000 loops=1)
         ->  Incremental Sort  (cost=136540.78..154760.35 rows=1000000 width=20) (actual time=263.932..267.836 rows=10000 loops=1)
               Sort Key: s_4.a, s_4.b, s_4.c, s_4.d, s_4.e
               Presorted Key: s_4.a, s_4.b, s_4.c, s_4.d
               Sort Method: quicksort  Memory: 30kB
               Sort Groups: 204
               ->  Sort  (cost=136537.84..139037.84 rows=1000000 width=20) (actual time=263.870..264.860 rows=10027 loops=1)
                     Sort Key: s_4.a, s_4.b, s_4.c, s_4.d
                     Sort Method: external merge  Disk: 29360kB
                     ->  Seq Scan on s_4  (cost=0.00..16370.00 rows=1000000 width=20) (actual time=0.020..68.068 rows=1000000 loops=1)
 Planning time: 0.232 ms
 Execution time: 272.324 ms
(13 rows)

===== 5 [Wed Mar  7 02:33:17 CET 2018] scale:1000000 groups:10 work_mem:4MB incremental:off max_workers:0 =====
SELECT * FROM (SELECT * FROM s_1 ORDER BY a) foo ORDER BY a, b LIMIT 10000
                                                              QUERY PLAN                                                               
---------------------------------------------------------------------------------------------------------------------------------------
 Limit  (cost=220601.40..220601.40 rows=1 width=20) (actual time=382.876..382.876 rows=0 loops=1)
   ->  Limit  (cost=220476.40..220501.40 rows=10000 width=20) (actual time=381.628..382.600 rows=10000 loops=1)
         ->  Sort  (cost=220476.40..222976.40 rows=1000000 width=20) (actual time=381.628..382.053 rows=10000 loops=1)
               Sort Key: s_1.a, s_1.b
               Sort Method: top-N heapsort  Memory: 2050kB
               ->  Sort  (cost=136537.84..139037.84 rows=1000000 width=20) (actual time=215.305..310.612 rows=1000000 loops=1)
                     Sort Key: s_1.a
                     Sort Method: external merge  Disk: 29360kB
                     ->  Seq Scan on s_1  (cost=0.00..16370.00 rows=1000000 width=20) (actual time=0.004..51.238 rows=1000000 loops=1)
 Planning time: 0.211 ms
 Execution time: 386.655 ms
(11 rows)

===== 6 [Wed Mar  7 02:33:19 CET 2018] scale:1000000 groups:10 work_mem:4MB incremental:off max_workers:0 =====
SELECT * FROM (SELECT * FROM s_2 ORDER BY a, b) foo ORDER BY a, b, c LIMIT 10000
                                                              QUERY PLAN                                                               
---------------------------------------------------------------------------------------------------------------------------------------
 Limit  (cost=220601.40..220601.40 rows=1 width=20) (actual time=399.704..399.704 rows=0 loops=1)
   ->  Limit  (cost=220476.40..220501.40 rows=10000 width=20) (actual time=398.469..399.432 rows=10000 loops=1)
         ->  Sort  (cost=220476.40..222976.40 rows=1000000 width=20) (actual time=398.468..398.887 rows=10000 loops=1)
               Sort Key: s_2.a, s_2.b, s_2.c
               Sort Method: top-N heapsort  Memory: 1679kB
               ->  Sort  (cost=136537.84..139037.84 rows=1000000 width=20) (actual time=229.825..329.732 rows=1000000 loops=1)
                     Sort Key: s_2.a, s_2.b
                     Sort Method: external merge  Disk: 29360kB
                     ->  Seq Scan on s_2  (cost=0.00..16370.00 rows=1000000 width=20) (actual time=0.010..51.314 rows=1000000 loops=1)
 Planning time: 0.214 ms
 Execution time: 403.510 ms
(11 rows)

===== 7 [Wed Mar  7 02:33:21 CET 2018] scale:1000000 groups:10 work_mem:4MB incremental:off max_workers:0 =====
SELECT * FROM (SELECT * FROM s_3 ORDER BY a, b, c) foo ORDER BY a, b, c, d LIMIT 10000
                                                              QUERY PLAN                                                               
---------------------------------------------------------------------------------------------------------------------------------------
 Limit  (cost=220601.40..220601.40 rows=1 width=20) (actual time=426.243..426.243 rows=0 loops=1)
   ->  Limit  (cost=220476.40..220501.40 rows=10000 width=20) (actual time=425.031..425.973 rows=10000 loops=1)
         ->  Sort  (cost=220476.40..222976.40 rows=1000000 width=20) (actual time=425.030..425.430 rows=10000 loops=1)
               Sort Key: s_3.a, s_3.b, s_3.c, s_3.d
               Sort Method: top-N heapsort  Memory: 1562kB
               ->  Sort  (cost=136537.84..139037.84 rows=1000000 width=20) (actual time=243.101..350.938 rows=1000000 loops=1)
                     Sort Key: s_3.a, s_3.b, s_3.c
                     Sort Method: external merge  Disk: 29360kB
                     ->  Seq Scan on s_3  (cost=0.00..16370.00 rows=1000000 width=20) (actual time=0.013..50.848 rows=1000000 loops=1)
 Planning time: 0.230 ms
 Execution time: 430.005 ms
(11 rows)

===== 8 [Wed Mar  7 02:33:23 CET 2018] scale:1000000 groups:10 work_mem:4MB incremental:off max_workers:0 =====
SELECT * FROM (SELECT * FROM s_4 ORDER BY a, b, c, d) foo ORDER BY a, b, c, d, e LIMIT 10000
                                                              QUERY PLAN                                                               
---------------------------------------------------------------------------------------------------------------------------------------
 Limit  (cost=220601.40..220601.40 rows=1 width=20) (actual time=434.513..434.513 rows=0 loops=1)
   ->  Limit  (cost=220476.40..220501.40 rows=10000 width=20) (actual time=433.292..434.238 rows=10000 loops=1)
         ->  Sort  (cost=220476.40..222976.40 rows=1000000 width=20) (actual time=433.291..433.691 rows=10000 loops=1)
               Sort Key: s_4.a, s_4.b, s_4.c, s_4.d, s_4.e
               Sort Method: top-N heapsort  Memory: 1551kB
               ->  Sort  (cost=136537.84..139037.84 rows=1000000 width=20) (actual time=250.340..358.198 rows=1000000 loops=1)
                     Sort Key: s_4.a, s_4.b, s_4.c, s_4.d
                     Sort Method: external merge  Disk: 29360kB
                     ->  Seq Scan on s_4  (cost=0.00..16370.00 rows=1000000 width=20) (actual time=0.010..50.888 rows=1000000 loops=1)
 Planning time: 0.230 ms
 Execution time: 438.312 ms
(11 rows)

===== 9 [Wed Mar  7 02:33:25 CET 2018] scale:1000000 groups:10 work_mem:8MB incremental:on max_workers:0 =====
SELECT * FROM (SELECT * FROM s_1 ORDER BY a) foo ORDER BY a, b LIMIT 10000
                                                              QUERY PLAN                                                               
---------------------------------------------------------------------------------------------------------------------------------------
 Limit  (cost=144443.62..144443.62 rows=1 width=20) (actual time=201.026..201.026 rows=0 loops=1)
   ->  Limit  (cost=144168.62..144343.62 rows=10000 width=20) (actual time=199.702..200.743 rows=10000 loops=1)
         ->  Incremental Sort  (cost=144168.62..161668.84 rows=1000000 width=20) (actual time=199.701..200.200 rows=10000 loops=1)
               Sort Key: s_1.a, s_1.b
               Presorted Key: s_1.a
               Sort Method: quicksort  Memory: 5427kB
               Sort Groups: 1
               ->  Sort  (cost=136537.84..139037.84 rows=1000000 width=20) (actual time=185.229..190.101 rows=49794 loops=1)
                     Sort Key: s_1.a
                     Sort Method: external merge  Disk: 29360kB
                     ->  Seq Scan on s_1  (cost=0.00..16370.00 rows=1000000 width=20) (actual time=0.004..51.732 rows=1000000 loops=1)
 Planning time: 0.217 ms
 Execution time: 205.189 ms
(13 rows)

===== 10 [Wed Mar  7 02:33:26 CET 2018] scale:1000000 groups:10 work_mem:8MB incremental:on max_workers:0 =====
SELECT * FROM (SELECT * FROM s_2 ORDER BY a, b) foo ORDER BY a, b, c LIMIT 10000
                                                              QUERY PLAN                                                               
---------------------------------------------------------------------------------------------------------------------------------------
 Limit  (cost=137455.23..137455.23 rows=1 width=20) (actual time=203.521..203.521 rows=0 loops=1)
   ->  Limit  (cost=137178.86..137355.23 rows=10000 width=20) (actual time=199.489..203.238 rows=10000 loops=1)
         ->  Incremental Sort  (cost=137178.86..154815.90 rows=1000000 width=20) (actual time=199.488..202.695 rows=10000 loops=1)
               Sort Key: s_2.a, s_2.b, s_2.c
               Presorted Key: s_2.a, s_2.b
               Sort Method: quicksort  Memory: 589kB
               Sort Groups: 3
               ->  Sort  (cost=136537.84..139037.84 rows=1000000 width=20) (actual time=198.666..199.816 rows=12637 loops=1)
                     Sort Key: s_2.a, s_2.b
                     Sort Method: external merge  Disk: 29360kB
                     ->  Seq Scan on s_2  (cost=0.00..16370.00 rows=1000000 width=20) (actual time=0.010..51.771 rows=1000000 loops=1)
 Planning time: 0.214 ms
 Execution time: 206.972 ms
(13 rows)

===== 11 [Wed Mar  7 02:33:27 CET 2018] scale:1000000 groups:10 work_mem:8MB incremental:on max_workers:0 =====
SELECT * FROM (SELECT * FROM s_3 ORDER BY a, b, c) foo ORDER BY a, b, c, d LIMIT 10000
                                                              QUERY PLAN                                                               
---------------------------------------------------------------------------------------------------------------------------------------
 Limit  (cost=136863.96..136863.96 rows=1 width=20) (actual time=215.752..215.752 rows=0 loops=1)
   ->  Limit  (cost=136583.12..136763.96 rows=10000 width=20) (actual time=211.350..215.478 rows=10000 loops=1)
         ->  Incremental Sort  (cost=136583.12..154667.13 rows=1000000 width=20) (actual time=211.350..214.931 rows=10000 loops=1)
               Sort Key: s_3.a, s_3.b, s_3.c, s_3.d
               Presorted Key: s_3.a, s_3.b, s_3.c
               Sort Method: quicksort  Memory: 68kB
               Sort Groups: 28
               ->  Sort  (cost=136537.84..139037.84 rows=1000000 width=20) (actual time=211.266..212.221 rows=10392 loops=1)
                     Sort Key: s_3.a, s_3.b, s_3.c
                     Sort Method: external merge  Disk: 29360kB
                     ->  Seq Scan on s_3  (cost=0.00..16370.00 rows=1000000 width=20) (actual time=0.013..51.520 rows=1000000 loops=1)
 Planning time: 0.234 ms
 Execution time: 219.243 ms
(13 rows)

===== 12 [Wed Mar  7 02:33:29 CET 2018] scale:1000000 groups:10 work_mem:8MB incremental:on max_workers:0 =====
SELECT * FROM (SELECT * FROM s_4 ORDER BY a, b, c, d) foo ORDER BY a, b, c, d, e LIMIT 10000
                                                              QUERY PLAN                                                               
---------------------------------------------------------------------------------------------------------------------------------------
 Limit  (cost=136822.97..136822.97 rows=1 width=20) (actual time=222.528..222.528 rows=0 loops=1)
   ->  Limit  (cost=136540.78..136722.97 rows=10000 width=20) (actual time=217.874..222.254 rows=10000 loops=1)
         ->  Incremental Sort  (cost=136540.78..154760.35 rows=1000000 width=20) (actual time=217.873..221.704 rows=10000 loops=1)
               Sort Key: s_4.a, s_4.b, s_4.c, s_4.d, s_4.e
               Presorted Key: s_4.a, s_4.b, s_4.c, s_4.d
               Sort Method: quicksort  Memory: 30kB
               Sort Groups: 204
               ->  Sort  (cost=136537.84..139037.84 rows=1000000 width=20) (actual time=217.811..218.740 rows=10027 loops=1)
                     Sort Key: s_4.a, s_4.b, s_4.c, s_4.d
                     Sort Method: external merge  Disk: 29360kB
                     ->  Seq Scan on s_4  (cost=0.00..16370.00 rows=1000000 width=20) (actual time=0.011..51.537 rows=1000000 loops=1)
 Planning time: 0.231 ms
 Execution time: 226.003 ms
(13 rows)

===== 13 [Wed Mar  7 02:33:30 CET 2018] scale:1000000 groups:10 work_mem:8MB incremental:off max_workers:0 =====
SELECT * FROM (SELECT * FROM s_1 ORDER BY a) foo ORDER BY a, b LIMIT 10000
                                                              QUERY PLAN                                                               
---------------------------------------------------------------------------------------------------------------------------------------
 Limit  (cost=220601.40..220601.40 rows=1 width=20) (actual time=351.696..351.696 rows=0 loops=1)
   ->  Limit  (cost=220476.40..220501.40 rows=10000 width=20) (actual time=350.448..351.421 rows=10000 loops=1)
         ->  Sort  (cost=220476.40..222976.40 rows=1000000 width=20) (actual time=350.447..350.873 rows=10000 loops=1)
               Sort Key: s_1.a, s_1.b
               Sort Method: top-N heapsort  Memory: 2050kB
               ->  Sort  (cost=136537.84..139037.84 rows=1000000 width=20) (actual time=185.002..279.068 rows=1000000 loops=1)
                     Sort Key: s_1.a
                     Sort Method: external merge  Disk: 29360kB
                     ->  Seq Scan on s_1  (cost=0.00..16370.00 rows=1000000 width=20) (actual time=0.004..51.593 rows=1000000 loops=1)
 Planning time: 0.210 ms
 Execution time: 355.691 ms
(11 rows)

===== 14 [Wed Mar  7 02:33:31 CET 2018] scale:1000000 groups:10 work_mem:8MB incremental:off max_workers:0 =====
SELECT * FROM (SELECT * FROM s_2 ORDER BY a, b) foo ORDER BY a, b, c LIMIT 10000
                                                              QUERY PLAN                                                               
---------------------------------------------------------------------------------------------------------------------------------------
 Limit  (cost=220601.40..220601.40 rows=1 width=20) (actual time=367.971..367.971 rows=0 loops=1)
   ->  Limit  (cost=220476.40..220501.40 rows=10000 width=20) (actual time=366.726..367.696 rows=10000 loops=1)
         ->  Sort  (cost=220476.40..222976.40 rows=1000000 width=20) (actual time=366.725..367.147 rows=10000 loops=1)
               Sort Key: s_2.a, s_2.b, s_2.c
               Sort Method: top-N heapsort  Memory: 1679kB
               ->  Sort  (cost=136537.84..139037.84 rows=1000000 width=20) (actual time=198.636..297.928 rows=1000000 loops=1)
                     Sort Key: s_2.a, s_2.b
                     Sort Method: external merge  Disk: 29360kB
                     ->  Seq Scan on s_2  (cost=0.00..16370.00 rows=1000000 width=20) (actual time=0.010..51.697 rows=1000000 loops=1)
 Planning time: 0.214 ms
 Execution time: 371.965 ms
(11 rows)

===== 15 [Wed Mar  7 02:33:33 CET 2018] scale:1000000 groups:10 work_mem:8MB incremental:off max_workers:0 =====
SELECT * FROM (SELECT * FROM s_3 ORDER BY a, b, c) foo ORDER BY a, b, c, d LIMIT 10000
                                                              QUERY PLAN                                                               
---------------------------------------------------------------------------------------------------------------------------------------
 Limit  (cost=220601.40..220601.40 rows=1 width=20) (actual time=393.269..393.269 rows=0 loops=1)
   ->  Limit  (cost=220476.40..220501.40 rows=10000 width=20) (actual time=392.047..392.991 rows=10000 loops=1)
         ->  Sort  (cost=220476.40..222976.40 rows=1000000 width=20) (actual time=392.047..392.447 rows=10000 loops=1)
               Sort Key: s_3.a, s_3.b, s_3.c, s_3.d
               Sort Method: top-N heapsort  Memory: 1562kB
               ->  Sort  (cost=136537.84..139037.84 rows=1000000 width=20) (actual time=211.025..317.856 rows=1000000 loops=1)
                     Sort Key: s_3.a, s_3.b, s_3.c
                     Sort Method: external merge  Disk: 29360kB
                     ->  Seq Scan on s_3  (cost=0.00..16370.00 rows=1000000 width=20) (actual time=0.013..51.156 rows=1000000 loops=1)
 Planning time: 0.230 ms
 Execution time: 397.286 ms
(11 rows)

===== 16 [Wed Mar  7 02:33:35 CET 2018] scale:1000000 groups:10 work_mem:8MB incremental:off max_workers:0 =====
SELECT * FROM (SELECT * FROM s_4 ORDER BY a, b, c, d) foo ORDER BY a, b, c, d, e LIMIT 10000
                                                              QUERY PLAN                                                               
---------------------------------------------------------------------------------------------------------------------------------------
 Limit  (cost=220601.40..220601.40 rows=1 width=20) (actual time=401.592..401.592 rows=0 loops=1)
   ->  Limit  (cost=220476.40..220501.40 rows=10000 width=20) (actual time=400.372..401.318 rows=10000 loops=1)
         ->  Sort  (cost=220476.40..222976.40 rows=1000000 width=20) (actual time=400.372..400.772 rows=10000 loops=1)
               Sort Key: s_4.a, s_4.b, s_4.c, s_4.d, s_4.e
               Sort Method: top-N heapsort  Memory: 1551kB
               ->  Sort  (cost=136537.84..139037.84 rows=1000000 width=20) (actual time=218.365..325.256 rows=1000000 loops=1)
                     Sort Key: s_4.a, s_4.b, s_4.c, s_4.d
                     Sort Method: external merge  Disk: 29360kB
                     ->  Seq Scan on s_4  (cost=0.00..16370.00 rows=1000000 width=20) (actual time=0.011..51.168 rows=1000000 loops=1)
 Planning time: 0.241 ms
 Execution time: 405.589 ms
(11 rows)

===== 17 [Wed Mar  7 02:33:37 CET 2018] scale:1000000 groups:10 work_mem:16MB incremental:on max_workers:0 =====
SELECT * FROM (SELECT * FROM s_1 ORDER BY a) foo ORDER BY a, b LIMIT 10000
                                                              QUERY PLAN                                                               
---------------------------------------------------------------------------------------------------------------------------------------
 Limit  (cost=144443.62..144443.62 rows=1 width=20) (actual time=208.387..208.387 rows=0 loops=1)
   ->  Limit  (cost=144168.62..144343.62 rows=10000 width=20) (actual time=207.077..208.104 rows=10000 loops=1)
         ->  Incremental Sort  (cost=144168.62..161668.84 rows=1000000 width=20) (actual time=207.076..207.560 rows=10000 loops=1)
               Sort Key: s_1.a, s_1.b
               Presorted Key: s_1.a
               Sort Method: quicksort  Memory: 5427kB
               Sort Groups: 1
               ->  Sort  (cost=136537.84..139037.84 rows=1000000 width=20) (actual time=193.111..197.673 rows=49794 loops=1)
                     Sort Key: s_1.a
                     Sort Method: external merge  Disk: 29392kB
                     ->  Seq Scan on s_1  (cost=0.00..16370.00 rows=1000000 width=20) (actual time=0.004..52.317 rows=1000000 loops=1)
 Planning time: 0.214 ms
 Execution time: 212.954 ms
(13 rows)

===== 18 [Wed Mar  7 02:33:38 CET 2018] scale:1000000 groups:10 work_mem:16MB incremental:on max_workers:0 =====
SELECT * FROM (SELECT * FROM s_2 ORDER BY a, b) foo ORDER BY a, b, c LIMIT 10000
                                                              QUERY PLAN                                                               
---------------------------------------------------------------------------------------------------------------------------------------
 Limit  (cost=137455.23..137455.23 rows=1 width=20) (actual time=211.919..211.919 rows=0 loops=1)
   ->  Limit  (cost=137178.86..137355.23 rows=10000 width=20) (actual time=207.904..211.633 rows=10000 loops=1)
         ->  Incremental Sort  (cost=137178.86..154815.90 rows=1000000 width=20) (actual time=207.903..211.088 rows=10000 loops=1)
               Sort Key: s_2.a, s_2.b, s_2.c
               Presorted Key: s_2.a, s_2.b
               Sort Method: quicksort  Memory: 589kB
               Sort Groups: 3
               ->  Sort  (cost=136537.84..139037.84 rows=1000000 width=20) (actual time=207.102..208.236 rows=12637 loops=1)
                     Sort Key: s_2.a, s_2.b
                     Sort Method: external merge  Disk: 29392kB
                     ->  Seq Scan on s_2  (cost=0.00..16370.00 rows=1000000 width=20) (actual time=0.010..52.380 rows=1000000 loops=1)
 Planning time: 0.216 ms
 Execution time: 216.170 ms
(13 rows)

===== 19 [Wed Mar  7 02:33:39 CET 2018] scale:1000000 groups:10 work_mem:16MB incremental:on max_workers:0 =====
SELECT * FROM (SELECT * FROM s_3 ORDER BY a, b, c) foo ORDER BY a, b, c, d LIMIT 10000
                                                              QUERY PLAN                                                               
---------------------------------------------------------------------------------------------------------------------------------------
 Limit  (cost=136863.96..136863.96 rows=1 width=20) (actual time=224.237..224.237 rows=0 loops=1)
   ->  Limit  (cost=136583.12..136763.96 rows=10000 width=20) (actual time=219.837..223.963 rows=10000 loops=1)
         ->  Incremental Sort  (cost=136583.12..154667.13 rows=1000000 width=20) (actual time=219.836..223.417 rows=10000 loops=1)
               Sort Key: s_3.a, s_3.b, s_3.c, s_3.d
               Presorted Key: s_3.a, s_3.b, s_3.c
               Sort Method: quicksort  Memory: 68kB
               Sort Groups: 28
               ->  Sort  (cost=136537.84..139037.84 rows=1000000 width=20) (actual time=219.752..220.717 rows=10392 loops=1)
                     Sort Key: s_3.a, s_3.b, s_3.c
                     Sort Method: external merge  Disk: 29392kB
                     ->  Seq Scan on s_3  (cost=0.00..16370.00 rows=1000000 width=20) (actual time=0.013..52.107 rows=1000000 loops=1)
 Planning time: 0.223 ms
 Execution time: 228.470 ms
(13 rows)

===== 20 [Wed Mar  7 02:33:41 CET 2018] scale:1000000 groups:10 work_mem:16MB incremental:on max_workers:0 =====
SELECT * FROM (SELECT * FROM s_4 ORDER BY a, b, c, d) foo ORDER BY a, b, c, d, e LIMIT 10000
                                                              QUERY PLAN                                                               
---------------------------------------------------------------------------------------------------------------------------------------
 Limit  (cost=136822.97..136822.97 rows=1 width=20) (actual time=231.754..231.754 rows=0 loops=1)
   ->  Limit  (cost=136540.78..136722.97 rows=10000 width=20) (actual time=227.102..231.482 rows=10000 loops=1)
         ->  Incremental Sort  (cost=136540.78..154760.35 rows=1000000 width=20) (actual time=227.101..230.933 rows=10000 loops=1)
               Sort Key: s_4.a, s_4.b, s_4.c, s_4.d, s_4.e
               Presorted Key: s_4.a, s_4.b, s_4.c, s_4.d
               Sort Method: quicksort  Memory: 30kB
               Sort Groups: 204
               ->  Sort  (cost=136537.84..139037.84 rows=1000000 width=20) (actual time=227.036..227.964 rows=10027 loops=1)
                     Sort Key: s_4.a, s_4.b, s_4.c, s_4.d
                     Sort Method: external merge  Disk: 29392kB
                     ->  Seq Scan on s_4  (cost=0.00..16370.00 rows=1000000 width=20) (actual time=0.011..52.169 rows=1000000 loops=1)
 Planning time: 0.231 ms
 Execution time: 235.962 ms
(13 rows)

===== 21 [Wed Mar  7 02:33:42 CET 2018] scale:1000000 groups:10 work_mem:16MB incremental:off max_workers:0 =====
SELECT * FROM (SELECT * FROM s_1 ORDER BY a) foo ORDER BY a, b LIMIT 10000
                                                              QUERY PLAN                                                               
---------------------------------------------------------------------------------------------------------------------------------------
 Limit  (cost=220601.40..220601.40 rows=1 width=20) (actual time=355.880..355.880 rows=0 loops=1)
   ->  Limit  (cost=220476.40..220501.40 rows=10000 width=20) (actual time=354.615..355.608 rows=10000 loops=1)
         ->  Sort  (cost=220476.40..222976.40 rows=1000000 width=20) (actual time=354.614..355.060 rows=10000 loops=1)
               Sort Key: s_1.a, s_1.b
               Sort Method: top-N heapsort  Memory: 2050kB
               ->  Sort  (cost=136537.84..139037.84 rows=1000000 width=20) (actual time=193.065..283.672 rows=1000000 loops=1)
                     Sort Key: s_1.a
                     Sort Method: external merge  Disk: 29392kB
                     ->  Seq Scan on s_1  (cost=0.00..16370.00 rows=1000000 width=20) (actual time=0.004..52.228 rows=1000000 loops=1)
 Planning time: 0.219 ms
 Execution time: 360.233 ms
(11 rows)

===== 22 [Wed Mar  7 02:33:44 CET 2018] scale:1000000 groups:10 work_mem:16MB incremental:off max_workers:0 =====
SELECT * FROM (SELECT * FROM s_2 ORDER BY a, b) foo ORDER BY a, b, c LIMIT 10000
                                                              QUERY PLAN                                                               
---------------------------------------------------------------------------------------------------------------------------------------
 Limit  (cost=220601.40..220601.40 rows=1 width=20) (actual time=369.770..369.770 rows=0 loops=1)
   ->  Limit  (cost=220476.40..220501.40 rows=10000 width=20) (actual time=368.525..369.495 rows=10000 loops=1)
         ->  Sort  (cost=220476.40..222976.40 rows=1000000 width=20) (actual time=368.525..368.946 rows=10000 loops=1)
               Sort Key: s_2.a, s_2.b, s_2.c
               Sort Method: top-N heapsort  Memory: 1679kB
               ->  Sort  (cost=136537.84..139037.84 rows=1000000 width=20) (actual time=206.891..299.839 rows=1000000 loops=1)
                     Sort Key: s_2.a, s_2.b
                     Sort Method: external merge  Disk: 29392kB
                     ->  Seq Scan on s_2  (cost=0.00..16370.00 rows=1000000 width=20) (actual time=0.010..52.246 rows=1000000 loops=1)
 Planning time: 0.218 ms
 Execution time: 374.112 ms
(11 rows)

===== 23 [Wed Mar  7 02:33:45 CET 2018] scale:1000000 groups:10 work_mem:16MB incremental:off max_workers:0 =====
SELECT * FROM (SELECT * FROM s_3 ORDER BY a, b, c) foo ORDER BY a, b, c, d LIMIT 10000
                                                              QUERY PLAN                                                               
---------------------------------------------------------------------------------------------------------------------------------------
 Limit  (cost=220601.40..220601.40 rows=1 width=20) (actual time=394.384..394.384 rows=0 loops=1)
   ->  Limit  (cost=220476.40..220501.40 rows=10000 width=20) (actual time=393.160..394.108 rows=10000 loops=1)
         ->  Sort  (cost=220476.40..222976.40 rows=1000000 width=20) (actual time=393.160..393.562 rows=10000 loops=1)
               Sort Key: s_3.a, s_3.b, s_3.c, s_3.d
               Sort Method: top-N heapsort  Memory: 1562kB
               ->  Sort  (cost=136537.84..139037.84 rows=1000000 width=20) (actual time=219.540..319.502 rows=1000000 loops=1)
                     Sort Key: s_3.a, s_3.b, s_3.c
                     Sort Method: external merge  Disk: 29392kB
                     ->  Seq Scan on s_3  (cost=0.00..16370.00 rows=1000000 width=20) (actual time=0.013..51.808 rows=1000000 loops=1)
 Planning time: 0.220 ms
 Execution time: 398.725 ms
(11 rows)

===== 24 [Wed Mar  7 02:33:47 CET 2018] scale:1000000 groups:10 work_mem:16MB incremental:off max_workers:0 =====
SELECT * FROM (SELECT * FROM s_4 ORDER BY a, b, c, d) foo ORDER BY a, b, c, d, e LIMIT 10000
                                                              QUERY PLAN                                                               
---------------------------------------------------------------------------------------------------------------------------------------
 Limit  (cost=220601.40..220601.40 rows=1 width=20) (actual time=402.260..402.260 rows=0 loops=1)
   ->  Limit  (cost=220476.40..220501.40 rows=10000 width=20) (actual time=401.041..401.982 rows=10000 loops=1)
         ->  Sort  (cost=220476.40..222976.40 rows=1000000 width=20) (actual time=401.040..401.439 rows=10000 loops=1)
               Sort Key: s_4.a, s_4.b, s_4.c, s_4.d, s_4.e
               Sort Method: top-N heapsort  Memory: 1551kB
               ->  Sort  (cost=136537.84..139037.84 rows=1000000 width=20) (actual time=226.576..326.459 rows=1000000 loops=1)
                     Sort Key: s_4.a, s_4.b, s_4.c, s_4.d
                     Sort Method: external merge  Disk: 29392kB
                     ->  Seq Scan on s_4  (cost=0.00..16370.00 rows=1000000 width=20) (actual time=0.011..51.773 rows=1000000 loops=1)
 Planning time: 0.228 ms
 Execution time: 406.572 ms
(11 rows)

===== 25 [Wed Mar  7 02:33:49 CET 2018] scale:1000000 groups:10 work_mem:32MB incremental:on max_workers:0 =====
SELECT * FROM (SELECT * FROM s_1 ORDER BY a) foo ORDER BY a, b LIMIT 10000
                                                              QUERY PLAN                                                               
---------------------------------------------------------------------------------------------------------------------------------------
 Limit  (cost=144443.62..144443.62 rows=1 width=20) (actual time=221.850..221.850 rows=0 loops=1)
   ->  Limit  (cost=144168.62..144343.62 rows=10000 width=20) (actual time=220.529..221.568 rows=10000 loops=1)
         ->  Incremental Sort  (cost=144168.62..161668.84 rows=1000000 width=20) (actual time=220.528..221.022 rows=10000 loops=1)
               Sort Key: s_1.a, s_1.b
               Presorted Key: s_1.a
               Sort Method: quicksort  Memory: 5427kB
               Sort Groups: 1
               ->  Sort  (cost=136537.84..139037.84 rows=1000000 width=20) (actual time=208.738..213.097 rows=49794 loops=1)
                     Sort Key: s_1.a
                     Sort Method: external merge  Disk: 29360kB
                     ->  Seq Scan on s_1  (cost=0.00..16370.00 rows=1000000 width=20) (actual time=0.004..53.747 rows=1000000 loops=1)
 Planning time: 0.214 ms
 Execution time: 226.898 ms
(13 rows)

===== 26 [Wed Mar  7 02:33:50 CET 2018] scale:1000000 groups:10 work_mem:32MB incremental:on max_workers:0 =====
SELECT * FROM (SELECT * FROM s_2 ORDER BY a, b) foo ORDER BY a, b, c LIMIT 10000
                                                              QUERY PLAN                                                               
---------------------------------------------------------------------------------------------------------------------------------------
 Limit  (cost=137455.23..137455.23 rows=1 width=20) (actual time=226.846..226.846 rows=0 loops=1)
   ->  Limit  (cost=137178.86..137355.23 rows=10000 width=20) (actual time=222.961..226.563 rows=10000 loops=1)
         ->  Incremental Sort  (cost=137178.86..154815.90 rows=1000000 width=20) (actual time=222.961..226.016 rows=10000 loops=1)
               Sort Key: s_2.a, s_2.b, s_2.c
               Presorted Key: s_2.a, s_2.b
               Sort Method: quicksort  Memory: 589kB
               Sort Groups: 3
               ->  Sort  (cost=136537.84..139037.84 rows=1000000 width=20) (actual time=222.236..223.347 rows=12637 loops=1)
                     Sort Key: s_2.a, s_2.b
                     Sort Method: external merge  Disk: 29360kB
                     ->  Seq Scan on s_2  (cost=0.00..16370.00 rows=1000000 width=20) (actual time=0.011..53.810 rows=1000000 loops=1)
 Planning time: 0.219 ms
 Execution time: 230.763 ms
(13 rows)

===== 27 [Wed Mar  7 02:33:52 CET 2018] scale:1000000 groups:10 work_mem:32MB incremental:on max_workers:0 =====
SELECT * FROM (SELECT * FROM s_3 ORDER BY a, b, c) foo ORDER BY a, b, c, d LIMIT 10000
                                                              QUERY PLAN                                                               
---------------------------------------------------------------------------------------------------------------------------------------
 Limit  (cost=136863.96..136863.96 rows=1 width=20) (actual time=239.884..239.884 rows=0 loops=1)
   ->  Limit  (cost=136583.12..136763.96 rows=10000 width=20) (actual time=235.492..239.610 rows=10000 loops=1)
         ->  Incremental Sort  (cost=136583.12..154667.13 rows=1000000 width=20) (actual time=235.492..239.065 rows=10000 loops=1)
               Sort Key: s_3.a, s_3.b, s_3.c, s_3.d
               Presorted Key: s_3.a, s_3.b, s_3.c
               Sort Method: quicksort  Memory: 68kB
               Sort Groups: 28
               ->  Sort  (cost=136537.84..139037.84 rows=1000000 width=20) (actual time=235.411..236.365 rows=10392 loops=1)
                     Sort Key: s_3.a, s_3.b, s_3.c
                     Sort Method: external merge  Disk: 29360kB
                     ->  Seq Scan on s_3  (cost=0.00..16370.00 rows=1000000 width=20) (actual time=0.014..53.612 rows=1000000 loops=1)
 Planning time: 0.238 ms
 Execution time: 243.811 ms
(13 rows)

===== 28 [Wed Mar  7 02:33:53 CET 2018] scale:1000000 groups:10 work_mem:32MB incremental:on max_workers:0 =====
SELECT * FROM (SELECT * FROM s_4 ORDER BY a, b, c, d) foo ORDER BY a, b, c, d, e LIMIT 10000
                                                              QUERY PLAN                                                               
---------------------------------------------------------------------------------------------------------------------------------------
 Limit  (cost=136822.97..136822.97 rows=1 width=20) (actual time=246.426..246.426 rows=0 loops=1)
   ->  Limit  (cost=136540.78..136722.97 rows=10000 width=20) (actual time=241.781..246.148 rows=10000 loops=1)
         ->  Incremental Sort  (cost=136540.78..154760.35 rows=1000000 width=20) (actual time=241.781..245.602 rows=10000 loops=1)
               Sort Key: s_4.a, s_4.b, s_4.c, s_4.d, s_4.e
               Presorted Key: s_4.a, s_4.b, s_4.c, s_4.d
               Sort Method: quicksort  Memory: 30kB
               Sort Groups: 204
               ->  Sort  (cost=136537.84..139037.84 rows=1000000 width=20) (actual time=241.716..242.642 rows=10027 loops=1)
                     Sort Key: s_4.a, s_4.b, s_4.c, s_4.d
                     Sort Method: external merge  Disk: 29360kB
                     ->  Seq Scan on s_4  (cost=0.00..16370.00 rows=1000000 width=20) (actual time=0.011..53.545 rows=1000000 loops=1)
 Planning time: 0.235 ms
 Execution time: 251.446 ms
(13 rows)

===== 29 [Wed Mar  7 02:33:54 CET 2018] scale:1000000 groups:10 work_mem:32MB incremental:off max_workers:0 =====
SELECT * FROM (SELECT * FROM s_1 ORDER BY a) foo ORDER BY a, b LIMIT 10000
                                                              QUERY PLAN                                                               
---------------------------------------------------------------------------------------------------------------------------------------
 Limit  (cost=220601.40..220601.40 rows=1 width=20) (actual time=368.825..368.825 rows=0 loops=1)
   ->  Limit  (cost=220476.40..220501.40 rows=10000 width=20) (actual time=367.573..368.550 rows=10000 loops=1)
         ->  Sort  (cost=220476.40..222976.40 rows=1000000 width=20) (actual time=367.572..367.999 rows=10000 loops=1)
               Sort Key: s_1.a, s_1.b
               Sort Method: top-N heapsort  Memory: 2050kB
               ->  Sort  (cost=136537.84..139037.84 rows=1000000 width=20) (actual time=209.144..297.127 rows=1000000 loops=1)
                     Sort Key: s_1.a
                     Sort Method: external merge  Disk: 29360kB
                     ->  Seq Scan on s_1  (cost=0.00..16370.00 rows=1000000 width=20) (actual time=0.004..53.411 rows=1000000 loops=1)
 Planning time: 0.212 ms
 Execution time: 373.415 ms
(11 rows)

===== 30 [Wed Mar  7 02:33:56 CET 2018] scale:1000000 groups:10 work_mem:32MB incremental:off max_workers:0 =====
SELECT * FROM (SELECT * FROM s_2 ORDER BY a, b) foo ORDER BY a, b, c LIMIT 10000
                                                              QUERY PLAN                                                               
---------------------------------------------------------------------------------------------------------------------------------------
 Limit  (cost=220601.40..220601.40 rows=1 width=20) (actual time=380.883..380.883 rows=0 loops=1)
   ->  Limit  (cost=220476.40..220501.40 rows=10000 width=20) (actual time=379.641..380.610 rows=10000 loops=1)
         ->  Sort  (cost=220476.40..222976.40 rows=1000000 width=20) (actual time=379.640..380.061 rows=10000 loops=1)
               Sort Key: s_2.a, s_2.b, s_2.c
               Sort Method: top-N heapsort  Memory: 1679kB
               ->  Sort  (cost=136537.84..139037.84 rows=1000000 width=20) (actual time=221.582..311.421 rows=1000000 loops=1)
                     Sort Key: s_2.a, s_2.b
                     Sort Method: external merge  Disk: 29360kB
                     ->  Seq Scan on s_2  (cost=0.00..16370.00 rows=1000000 width=20) (actual time=0.010..53.503 rows=1000000 loops=1)
 Planning time: 0.214 ms
 Execution time: 385.476 ms
(11 rows)

===== 31 [Wed Mar  7 02:33:58 CET 2018] scale:1000000 groups:10 work_mem:32MB incremental:off max_workers:0 =====
SELECT * FROM (SELECT * FROM s_3 ORDER BY a, b, c) foo ORDER BY a, b, c, d LIMIT 10000
                                                              QUERY PLAN                                                               
---------------------------------------------------------------------------------------------------------------------------------------
 Limit  (cost=220601.40..220601.40 rows=1 width=20) (actual time=407.366..407.366 rows=0 loops=1)
   ->  Limit  (cost=220476.40..220501.40 rows=10000 width=20) (actual time=406.151..407.093 rows=10000 loops=1)
         ->  Sort  (cost=220476.40..222976.40 rows=1000000 width=20) (actual time=406.150..406.552 rows=10000 loops=1)
               Sort Key: s_3.a, s_3.b, s_3.c, s_3.d
               Sort Method: top-N heapsort  Memory: 1562kB
               ->  Sort  (cost=136537.84..139037.84 rows=1000000 width=20) (actual time=234.630..331.348 rows=1000000 loops=1)
                     Sort Key: s_3.a, s_3.b, s_3.c
                     Sort Method: external merge  Disk: 29360kB
                     ->  Seq Scan on s_3  (cost=0.00..16370.00 rows=1000000 width=20) (actual time=0.013..53.153 rows=1000000 loops=1)
 Planning time: 0.231 ms
 Execution time: 411.943 ms
(11 rows)

===== 32 [Wed Mar  7 02:34:00 CET 2018] scale:1000000 groups:10 work_mem:32MB incremental:off max_workers:0 =====
SELECT * FROM (SELECT * FROM s_4 ORDER BY a, b, c, d) foo ORDER BY a, b, c, d, e LIMIT 10000
                                                              QUERY PLAN                                                               
---------------------------------------------------------------------------------------------------------------------------------------
 Limit  (cost=220601.40..220601.40 rows=1 width=20) (actual time=415.171..415.171 rows=0 loops=1)
   ->  Limit  (cost=220476.40..220501.40 rows=10000 width=20) (actual time=413.957..414.900 rows=10000 loops=1)
         ->  Sort  (cost=220476.40..222976.40 rows=1000000 width=20) (actual time=413.956..414.355 rows=10000 loops=1)
               Sort Key: s_4.a, s_4.b, s_4.c, s_4.d, s_4.e
               Sort Method: top-N heapsort  Memory: 1551kB
               ->  Sort  (cost=136537.84..139037.84 rows=1000000 width=20) (actual time=241.472..338.239 rows=1000000 loops=1)
                     Sort Key: s_4.a, s_4.b, s_4.c, s_4.d
                     Sort Method: external merge  Disk: 29360kB
                     ->  Seq Scan on s_4  (cost=0.00..16370.00 rows=1000000 width=20) (actual time=0.011..53.183 rows=1000000 loops=1)
 Planning time: 0.225 ms
 Execution time: 419.745 ms
(11 rows)

===== 33 [Wed Mar  7 02:34:02 CET 2018] scale:1000000 groups:10 work_mem:64MB incremental:on max_workers:0 =====
SELECT * FROM (SELECT * FROM s_1 ORDER BY a) foo ORDER BY a, b LIMIT 10000
                                                              QUERY PLAN                                                               
---------------------------------------------------------------------------------------------------------------------------------------
 Limit  (cost=123933.62..123933.62 rows=1 width=20) (actual time=240.715..240.715 rows=0 loops=1)
   ->  Limit  (cost=123658.62..123833.62 rows=10000 width=20) (actual time=239.394..240.441 rows=10000 loops=1)
         ->  Incremental Sort  (cost=123658.62..141158.84 rows=1000000 width=20) (actual time=239.393..239.892 rows=10000 loops=1)
               Sort Key: s_1.a, s_1.b
               Presorted Key: s_1.a
               Sort Method: quicksort  Memory: 5427kB
               Sort Groups: 1
               ->  Sort  (cost=116027.84..118527.84 rows=1000000 width=20) (actual time=227.890..231.920 rows=49794 loops=1)
                     Sort Key: s_1.a
                     Sort Method: external merge  Disk: 29360kB
                     ->  Seq Scan on s_1  (cost=0.00..16370.00 rows=1000000 width=20) (actual time=0.004..55.550 rows=1000000 loops=1)
 Planning time: 0.222 ms
 Execution time: 245.601 ms
(13 rows)

===== 34 [Wed Mar  7 02:34:03 CET 2018] scale:1000000 groups:10 work_mem:64MB incremental:on max_workers:0 =====
SELECT * FROM (SELECT * FROM s_2 ORDER BY a, b) foo ORDER BY a, b, c LIMIT 10000
                                                              QUERY PLAN                                                               
---------------------------------------------------------------------------------------------------------------------------------------
 Limit  (cost=116945.23..116945.23 rows=1 width=20) (actual time=249.286..249.286 rows=0 loops=1)
   ->  Limit  (cost=116668.86..116845.23 rows=10000 width=20) (actual time=245.452..249.013 rows=10000 loops=1)
         ->  Incremental Sort  (cost=116668.86..134305.90 rows=1000000 width=20) (actual time=245.452..248.462 rows=10000 loops=1)
               Sort Key: s_2.a, s_2.b, s_2.c
               Presorted Key: s_2.a, s_2.b
               Sort Method: quicksort  Memory: 589kB
               Sort Groups: 3
               ->  Sort  (cost=116027.84..118527.84 rows=1000000 width=20) (actual time=244.737..245.765 rows=12637 loops=1)
                     Sort Key: s_2.a, s_2.b
                     Sort Method: external merge  Disk: 29360kB
                     ->  Seq Scan on s_2  (cost=0.00..16370.00 rows=1000000 width=20) (actual time=0.011..59.517 rows=1000000 loops=1)
 Planning time: 0.215 ms
 Execution time: 254.100 ms
(13 rows)

===== 35 [Wed Mar  7 02:34:05 CET 2018] scale:1000000 groups:10 work_mem:64MB incremental:on max_workers:0 =====
SELECT * FROM (SELECT * FROM s_3 ORDER BY a, b, c) foo ORDER BY a, b, c, d LIMIT 10000
                                                              QUERY PLAN                                                               
---------------------------------------------------------------------------------------------------------------------------------------
 Limit  (cost=116353.96..116353.96 rows=1 width=20) (actual time=257.300..257.300 rows=0 loops=1)
   ->  Limit  (cost=116073.12..116253.96 rows=10000 width=20) (actual time=252.954..257.017 rows=10000 loops=1)
         ->  Incremental Sort  (cost=116073.12..134157.13 rows=1000000 width=20) (actual time=252.954..256.473 rows=10000 loops=1)
               Sort Key: s_3.a, s_3.b, s_3.c, s_3.d
               Presorted Key: s_3.a, s_3.b, s_3.c
               Sort Method: quicksort  Memory: 68kB
               Sort Groups: 28
               ->  Sort  (cost=116027.84..118527.84 rows=1000000 width=20) (actual time=252.872..253.748 rows=10392 loops=1)
                     Sort Key: s_3.a, s_3.b, s_3.c
                     Sort Method: external merge  Disk: 29360kB
                     ->  Seq Scan on s_3  (cost=0.00..16370.00 rows=1000000 width=20) (actual time=0.013..55.313 rows=1000000 loops=1)
 Planning time: 0.227 ms
 Execution time: 262.138 ms
(13 rows)

===== 36 [Wed Mar  7 02:34:06 CET 2018] scale:1000000 groups:10 work_mem:64MB incremental:on max_workers:0 =====
SELECT * FROM (SELECT * FROM s_4 ORDER BY a, b, c, d) foo ORDER BY a, b, c, d, e LIMIT 10000
                                                              QUERY PLAN                                                               
---------------------------------------------------------------------------------------------------------------------------------------
 Limit  (cost=116312.97..116312.97 rows=1 width=20) (actual time=264.894..264.894 rows=0 loops=1)
   ->  Limit  (cost=116030.78..116212.97 rows=10000 width=20) (actual time=260.305..264.605 rows=10000 loops=1)
         ->  Incremental Sort  (cost=116030.78..134250.35 rows=1000000 width=20) (actual time=260.304..264.060 rows=10000 loops=1)
               Sort Key: s_4.a, s_4.b, s_4.c, s_4.d, s_4.e
               Presorted Key: s_4.a, s_4.b, s_4.c, s_4.d
               Sort Method: quicksort  Memory: 30kB
               Sort Groups: 204
               ->  Sort  (cost=116027.84..118527.84 rows=1000000 width=20) (actual time=260.241..261.095 rows=10027 loops=1)
                     Sort Key: s_4.a, s_4.b, s_4.c, s_4.d
                     Sort Method: external merge  Disk: 29360kB
                     ->  Seq Scan on s_4  (cost=0.00..16370.00 rows=1000000 width=20) (actual time=0.011..55.323 rows=1000000 loops=1)
 Planning time: 0.231 ms
 Execution time: 269.675 ms
(13 rows)

===== 37 [Wed Mar  7 02:34:08 CET 2018] scale:1000000 groups:10 work_mem:64MB incremental:off max_workers:0 =====
SELECT * FROM (SELECT * FROM s_1 ORDER BY a) foo ORDER BY a, b LIMIT 10000
                                                              QUERY PLAN                                                               
---------------------------------------------------------------------------------------------------------------------------------------
 Limit  (cost=200091.40..200091.40 rows=1 width=20) (actual time=386.792..386.792 rows=0 loops=1)
   ->  Limit  (cost=199966.40..199991.40 rows=10000 width=20) (actual time=385.544..386.517 rows=10000 loops=1)
         ->  Sort  (cost=199966.40..202466.40 rows=1000000 width=20) (actual time=385.543..385.968 rows=10000 loops=1)
               Sort Key: s_1.a, s_1.b
               Sort Method: top-N heapsort  Memory: 2050kB
               ->  Sort  (cost=116027.84..118527.84 rows=1000000 width=20) (actual time=226.668..310.613 rows=1000000 loops=1)
                     Sort Key: s_1.a
                     Sort Method: external merge  Disk: 29360kB
                     ->  Seq Scan on s_1  (cost=0.00..16370.00 rows=1000000 width=20) (actual time=0.004..55.236 rows=1000000 loops=1)
 Planning time: 0.212 ms
 Execution time: 390.306 ms
(11 rows)

===== 38 [Wed Mar  7 02:34:09 CET 2018] scale:1000000 groups:10 work_mem:64MB incremental:off max_workers:0 =====
SELECT * FROM (SELECT * FROM s_2 ORDER BY a, b) foo ORDER BY a, b, c LIMIT 10000
                                                              QUERY PLAN                                                               
---------------------------------------------------------------------------------------------------------------------------------------
 Limit  (cost=200091.40..200091.40 rows=1 width=20) (actual time=392.422..392.422 rows=0 loops=1)
   ->  Limit  (cost=199966.40..199991.40 rows=10000 width=20) (actual time=391.176..392.146 rows=10000 loops=1)
         ->  Sort  (cost=199966.40..202466.40 rows=1000000 width=20) (actual time=391.176..391.598 rows=10000 loops=1)
               Sort Key: s_2.a, s_2.b, s_2.c
               Sort Method: top-N heapsort  Memory: 1679kB
               ->  Sort  (cost=116027.84..118527.84 rows=1000000 width=20) (actual time=240.246..323.103 rows=1000000 loops=1)
                     Sort Key: s_2.a, s_2.b
                     Sort Method: external merge  Disk: 29360kB
                     ->  Seq Scan on s_2  (cost=0.00..16370.00 rows=1000000 width=20) (actual time=0.010..55.349 rows=1000000 loops=1)
 Planning time: 0.214 ms
 Execution time: 395.888 ms
(11 rows)

===== 39 [Wed Mar  7 02:34:11 CET 2018] scale:1000000 groups:10 work_mem:64MB incremental:off max_workers:0 =====
SELECT * FROM (SELECT * FROM s_3 ORDER BY a, b, c) foo ORDER BY a, b, c, d LIMIT 10000
                                                              QUERY PLAN                                                               
---------------------------------------------------------------------------------------------------------------------------------------
 Limit  (cost=200091.40..200091.40 rows=1 width=20) (actual time=415.775..415.775 rows=0 loops=1)
   ->  Limit  (cost=199966.40..199991.40 rows=10000 width=20) (actual time=414.552..415.499 rows=10000 loops=1)
         ->  Sort  (cost=199966.40..202466.40 rows=1000000 width=20) (actual time=414.551..414.953 rows=10000 loops=1)
               Sort Key: s_3.a, s_3.b, s_3.c, s_3.d
               Sort Method: top-N heapsort  Memory: 1562kB
               ->  Sort  (cost=116027.84..118527.84 rows=1000000 width=20) (actual time=252.421..342.058 rows=1000000 loops=1)
                     Sort Key: s_3.a, s_3.b, s_3.c
                     Sort Method: external merge  Disk: 29360kB
                     ->  Seq Scan on s_3  (cost=0.00..16370.00 rows=1000000 width=20) (actual time=0.014..54.966 rows=1000000 loops=1)
 Planning time: 0.222 ms
 Execution time: 419.272 ms
(11 rows)

===== 40 [Wed Mar  7 02:34:14 CET 2018] scale:1000000 groups:10 work_mem:64MB incremental:off max_workers:0 =====
SELECT * FROM (SELECT * FROM s_4 ORDER BY a, b, c, d) foo ORDER BY a, b, c, d, e LIMIT 10000
                                                              QUERY PLAN                                                               
---------------------------------------------------------------------------------------------------------------------------------------
 Limit  (cost=200091.40..200091.40 rows=1 width=20) (actual time=423.549..423.549 rows=0 loops=1)
   ->  Limit  (cost=199966.40..199991.40 rows=10000 width=20) (actual time=422.329..423.272 rows=10000 loops=1)
         ->  Sort  (cost=199966.40..202466.40 rows=1000000 width=20) (actual time=422.328..422.729 rows=10000 loops=1)
               Sort Key: s_4.a, s_4.b, s_4.c, s_4.d, s_4.e
               Sort Method: top-N heapsort  Memory: 1551kB
               ->  Sort  (cost=116027.84..118527.84 rows=1000000 width=20) (actual time=259.357..348.980 rows=1000000 loops=1)
                     Sort Key: s_4.a, s_4.b, s_4.c, s_4.d
                     Sort Method: external merge  Disk: 29360kB
                     ->  Seq Scan on s_4  (cost=0.00..16370.00 rows=1000000 width=20) (actual time=0.011..55.012 rows=1000000 loops=1)
 Planning time: 0.235 ms
 Execution time: 427.011 ms
(11 rows)

===== 41 [Wed Mar  7 02:34:16 CET 2018] scale:1000000 groups:10 work_mem:128MB incremental:on max_workers:0 =====
SELECT * FROM (SELECT * FROM s_1 ORDER BY a) foo ORDER BY a, b LIMIT 10000
                                                              QUERY PLAN                                                               
---------------------------------------------------------------------------------------------------------------------------------------
 Limit  (cost=123933.62..123933.62 rows=1 width=20) (actual time=177.221..177.221 rows=0 loops=1)
   ->  Limit  (cost=123658.62..123833.62 rows=10000 width=20) (actual time=175.912..176.945 rows=10000 loops=1)
         ->  Incremental Sort  (cost=123658.62..141158.84 rows=1000000 width=20) (actual time=175.912..176.393 rows=10000 loops=1)
               Sort Key: s_1.a, s_1.b
               Presorted Key: s_1.a
               Sort Method: quicksort  Memory: 5427kB
               Sort Groups: 1
               ->  Sort  (cost=116027.84..118527.84 rows=1000000 width=20) (actual time=164.389..166.292 rows=49794 loops=1)
                     Sort Key: s_1.a
                     Sort Method: quicksort  Memory: 102702kB
                     ->  Seq Scan on s_1  (cost=0.00..16370.00 rows=1000000 width=20) (actual time=0.004..55.816 rows=1000000 loops=1)
 Planning time: 0.217 ms
 Execution time: 181.830 ms
(13 rows)

===== 42 [Wed Mar  7 02:34:17 CET 2018] scale:1000000 groups:10 work_mem:128MB incremental:on max_workers:0 =====
SELECT * FROM (SELECT * FROM s_2 ORDER BY a, b) foo ORDER BY a, b, c LIMIT 10000
                                                              QUERY PLAN                                                               
---------------------------------------------------------------------------------------------------------------------------------------
 Limit  (cost=116945.23..116945.23 rows=1 width=20) (actual time=181.764..181.764 rows=0 loops=1)
   ->  Limit  (cost=116668.86..116845.23 rows=10000 width=20) (actual time=178.178..181.489 rows=10000 loops=1)
         ->  Incremental Sort  (cost=116668.86..134305.90 rows=1000000 width=20) (actual time=178.177..180.938 rows=10000 loops=1)
               Sort Key: s_2.a, s_2.b, s_2.c
               Presorted Key: s_2.a, s_2.b
               Sort Method: quicksort  Memory: 589kB
               Sort Groups: 3
               ->  Sort  (cost=116027.84..118527.84 rows=1000000 width=20) (actual time=177.487..177.950 rows=12637 loops=1)
                     Sort Key: s_2.a, s_2.b
                     Sort Method: quicksort  Memory: 102702kB
                     ->  Seq Scan on s_2  (cost=0.00..16370.00 rows=1000000 width=20) (actual time=0.010..55.928 rows=1000000 loops=1)
 Planning time: 0.214 ms
 Execution time: 186.121 ms
(13 rows)

===== 43 [Wed Mar  7 02:34:18 CET 2018] scale:1000000 groups:10 work_mem:128MB incremental:on max_workers:0 =====
SELECT * FROM (SELECT * FROM s_3 ORDER BY a, b, c) foo ORDER BY a, b, c, d LIMIT 10000
                                                              QUERY PLAN                                                               
---------------------------------------------------------------------------------------------------------------------------------------
 Limit  (cost=116353.96..116353.96 rows=1 width=20) (actual time=192.588..192.588 rows=0 loops=1)
   ->  Limit  (cost=116073.12..116253.96 rows=10000 width=20) (actual time=188.638..192.304 rows=10000 loops=1)
         ->  Incremental Sort  (cost=116073.12..134157.13 rows=1000000 width=20) (actual time=188.637..191.758 rows=10000 loops=1)
               Sort Key: s_3.a, s_3.b, s_3.c, s_3.d
               Presorted Key: s_3.a, s_3.b, s_3.c
               Sort Method: quicksort  Memory: 68kB
               Sort Groups: 28
               ->  Sort  (cost=116027.84..118527.84 rows=1000000 width=20) (actual time=188.558..188.931 rows=10392 loops=1)
                     Sort Key: s_3.a, s_3.b, s_3.c
                     Sort Method: quicksort  Memory: 102702kB
                     ->  Seq Scan on s_3  (cost=0.00..16370.00 rows=1000000 width=20) (actual time=0.013..55.666 rows=1000000 loops=1)
 Planning time: 0.224 ms
 Execution time: 196.933 ms
(13 rows)

===== 44 [Wed Mar  7 02:34:19 CET 2018] scale:1000000 groups:10 work_mem:128MB incremental:on max_workers:0 =====
SELECT * FROM (SELECT * FROM s_4 ORDER BY a, b, c, d) foo ORDER BY a, b, c, d, e LIMIT 10000
                                                              QUERY PLAN                                                               
---------------------------------------------------------------------------------------------------------------------------------------
 Limit  (cost=116312.97..116312.97 rows=1 width=20) (actual time=200.162..200.162 rows=0 loops=1)
   ->  Limit  (cost=116030.78..116212.97 rows=10000 width=20) (actual time=195.941..199.877 rows=10000 loops=1)
         ->  Incremental Sort  (cost=116030.78..134250.35 rows=1000000 width=20) (actual time=195.940..199.330 rows=10000 loops=1)
               Sort Key: s_4.a, s_4.b, s_4.c, s_4.d, s_4.e
               Presorted Key: s_4.a, s_4.b, s_4.c, s_4.d
               Sort Method: quicksort  Memory: 30kB
               Sort Groups: 204
               ->  Sort  (cost=116027.84..118527.84 rows=1000000 width=20) (actual time=195.875..196.262 rows=10027 loops=1)
                     Sort Key: s_4.a, s_4.b, s_4.c, s_4.d
                     Sort Method: quicksort  Memory: 102702kB
                     ->  Seq Scan on s_4  (cost=0.00..16370.00 rows=1000000 width=20) (actual time=0.010..55.741 rows=1000000 loops=1)
 Planning time: 0.232 ms
 Execution time: 204.532 ms
(13 rows)

===== 45 [Wed Mar  7 02:34:20 CET 2018] scale:1000000 groups:10 work_mem:128MB incremental:off max_workers:0 =====
SELECT * FROM (SELECT * FROM s_1 ORDER BY a) foo ORDER BY a, b LIMIT 10000
                                                              QUERY PLAN                                                               
---------------------------------------------------------------------------------------------------------------------------------------
 Limit  (cost=200091.40..200091.40 rows=1 width=20) (actual time=278.101..278.101 rows=0 loops=1)
   ->  Limit  (cost=199966.40..199991.40 rows=10000 width=20) (actual time=276.851..277.826 rows=10000 loops=1)
         ->  Sort  (cost=199966.40..202466.40 rows=1000000 width=20) (actual time=276.850..277.275 rows=10000 loops=1)
               Sort Key: s_1.a, s_1.b
               Sort Method: top-N heapsort  Memory: 2050kB
               ->  Sort  (cost=116027.84..118527.84 rows=1000000 width=20) (actual time=163.602..198.756 rows=1000000 loops=1)
                     Sort Key: s_1.a
                     Sort Method: quicksort  Memory: 102702kB
                     ->  Seq Scan on s_1  (cost=0.00..16370.00 rows=1000000 width=20) (actual time=0.004..55.530 rows=1000000 loops=1)
 Planning time: 0.211 ms
 Execution time: 282.563 ms
(11 rows)

===== 46 [Wed Mar  7 02:34:21 CET 2018] scale:1000000 groups:10 work_mem:128MB incremental:off max_workers:0 =====
SELECT * FROM (SELECT * FROM s_2 ORDER BY a, b) foo ORDER BY a, b, c LIMIT 10000
                                                              QUERY PLAN                                                               
---------------------------------------------------------------------------------------------------------------------------------------
 Limit  (cost=200091.40..200091.40 rows=1 width=20) (actual time=288.924..288.924 rows=0 loops=1)
   ->  Limit  (cost=199966.40..199991.40 rows=10000 width=20) (actual time=287.680..288.651 rows=10000 loops=1)
         ->  Sort  (cost=199966.40..202466.40 rows=1000000 width=20) (actual time=287.679..288.102 rows=10000 loops=1)
               Sort Key: s_2.a, s_2.b, s_2.c
               Sort Method: top-N heapsort  Memory: 1679kB
               ->  Sort  (cost=116027.84..118527.84 rows=1000000 width=20) (actual time=176.930..212.054 rows=1000000 loops=1)
                     Sort Key: s_2.a, s_2.b
                     Sort Method: quicksort  Memory: 102702kB
                     ->  Seq Scan on s_2  (cost=0.00..16370.00 rows=1000000 width=20) (actual time=0.010..55.554 rows=1000000 loops=1)
 Planning time: 0.215 ms
 Execution time: 293.389 ms
(11 rows)

===== 47 [Wed Mar  7 02:34:22 CET 2018] scale:1000000 groups:10 work_mem:128MB incremental:off max_workers:0 =====
SELECT * FROM (SELECT * FROM s_3 ORDER BY a, b, c) foo ORDER BY a, b, c, d LIMIT 10000
                                                              QUERY PLAN                                                               
---------------------------------------------------------------------------------------------------------------------------------------
 Limit  (cost=200091.40..200091.40 rows=1 width=20) (actual time=305.150..305.150 rows=0 loops=1)
   ->  Limit  (cost=199966.40..199991.40 rows=10000 width=20) (actual time=303.930..304.875 rows=10000 loops=1)
         ->  Sort  (cost=199966.40..202466.40 rows=1000000 width=20) (actual time=303.930..304.331 rows=10000 loops=1)
               Sort Key: s_3.a, s_3.b, s_3.c, s_3.d
               Sort Method: top-N heapsort  Memory: 1562kB
               ->  Sort  (cost=116027.84..118527.84 rows=1000000 width=20) (actual time=188.014..223.296 rows=1000000 loops=1)
                     Sort Key: s_3.a, s_3.b, s_3.c
                     Sort Method: quicksort  Memory: 102702kB
                     ->  Seq Scan on s_3  (cost=0.00..16370.00 rows=1000000 width=20) (actual time=0.013..55.287 rows=1000000 loops=1)
 Planning time: 0.223 ms
 Execution time: 309.592 ms
(11 rows)

===== 48 [Wed Mar  7 02:34:24 CET 2018] scale:1000000 groups:10 work_mem:128MB incremental:off max_workers:0 =====
SELECT * FROM (SELECT * FROM s_4 ORDER BY a, b, c, d) foo ORDER BY a, b, c, d, e LIMIT 10000
                                                              QUERY PLAN                                                               
---------------------------------------------------------------------------------------------------------------------------------------
 Limit  (cost=200091.40..200091.40 rows=1 width=20) (actual time=313.586..313.586 rows=0 loops=1)
   ->  Limit  (cost=199966.40..199991.40 rows=10000 width=20) (actual time=312.367..313.308 rows=10000 loops=1)
         ->  Sort  (cost=199966.40..202466.40 rows=1000000 width=20) (actual time=312.366..312.765 rows=10000 loops=1)
               Sort Key: s_4.a, s_4.b, s_4.c, s_4.d, s_4.e
               Sort Method: top-N heapsort  Memory: 1551kB
               ->  Sort  (cost=116027.84..118527.84 rows=1000000 width=20) (actual time=195.543..230.852 rows=1000000 loops=1)
                     Sort Key: s_4.a, s_4.b, s_4.c, s_4.d
                     Sort Method: quicksort  Memory: 102702kB
                     ->  Seq Scan on s_4  (cost=0.00..16370.00 rows=1000000 width=20) (actual time=0.011..55.414 rows=1000000 loops=1)
 Planning time: 0.232 ms
 Execution time: 318.052 ms
(11 rows)

===== 49 [Wed Mar  7 02:34:25 CET 2018] scale:1000000 groups:10 work_mem:256MB incremental:on max_workers:0 =====
SELECT * FROM (SELECT * FROM s_1 ORDER BY a) foo ORDER BY a, b LIMIT 10000
                                                              QUERY PLAN                                                               
---------------------------------------------------------------------------------------------------------------------------------------
 Limit  (cost=123933.62..123933.62 rows=1 width=20) (actual time=177.099..177.099 rows=0 loops=1)
   ->  Limit  (cost=123658.62..123833.62 rows=10000 width=20) (actual time=175.794..176.825 rows=10000 loops=1)
         ->  Incremental Sort  (cost=123658.62..141158.84 rows=1000000 width=20) (actual time=175.794..176.277 rows=10000 loops=1)
               Sort Key: s_1.a, s_1.b
               Presorted Key: s_1.a
               Sort Method: quicksort  Memory: 5427kB
               Sort Groups: 1
               ->  Sort  (cost=116027.84..118527.84 rows=1000000 width=20) (actual time=164.291..166.186 rows=49794 loops=1)
                     Sort Key: s_1.a
                     Sort Method: quicksort  Memory: 102702kB
                     ->  Seq Scan on s_1  (cost=0.00..16370.00 rows=1000000 width=20) (actual time=0.004..55.833 rows=1000000 loops=1)
 Planning time: 0.216 ms
 Execution time: 181.686 ms
(13 rows)

===== 50 [Wed Mar  7 02:34:26 CET 2018] scale:1000000 groups:10 work_mem:256MB incremental:on max_workers:0 =====
SELECT * FROM (SELECT * FROM s_2 ORDER BY a, b) foo ORDER BY a, b, c LIMIT 10000
                                                              QUERY PLAN                                                               
---------------------------------------------------------------------------------------------------------------------------------------
 Limit  (cost=116945.23..116945.23 rows=1 width=20) (actual time=181.489..181.489 rows=0 loops=1)
   ->  Limit  (cost=116668.86..116845.23 rows=10000 width=20) (actual time=177.907..181.214 rows=10000 loops=1)
         ->  Incremental Sort  (cost=116668.86..134305.90 rows=1000000 width=20) (actual time=177.906..180.664 rows=10000 loops=1)
               Sort Key: s_2.a, s_2.b, s_2.c
               Presorted Key: s_2.a, s_2.b
               Sort Method: quicksort  Memory: 589kB
               Sort Groups: 3
               ->  Sort  (cost=116027.84..118527.84 rows=1000000 width=20) (actual time=177.217..177.680 rows=12637 loops=1)
                     Sort Key: s_2.a, s_2.b
                     Sort Method: quicksort  Memory: 102702kB
                     ->  Seq Scan on s_2  (cost=0.00..16370.00 rows=1000000 width=20) (actual time=0.010..55.870 rows=1000000 loops=1)
 Planning time: 0.215 ms
 Execution time: 185.853 ms
(13 rows)

===== 51 [Wed Mar  7 02:34:27 CET 2018] scale:1000000 groups:10 work_mem:256MB incremental:on max_workers:0 =====
SELECT * FROM (SELECT * FROM s_3 ORDER BY a, b, c) foo ORDER BY a, b, c, d LIMIT 10000
                                                              QUERY PLAN                                                               
---------------------------------------------------------------------------------------------------------------------------------------
 Limit  (cost=116353.96..116353.96 rows=1 width=20) (actual time=192.794..192.794 rows=0 loops=1)
   ->  Limit  (cost=116073.12..116253.96 rows=10000 width=20) (actual time=188.835..192.511 rows=10000 loops=1)
         ->  Incremental Sort  (cost=116073.12..134157.13 rows=1000000 width=20) (actual time=188.834..191.965 rows=10000 loops=1)
               Sort Key: s_3.a, s_3.b, s_3.c, s_3.d
               Presorted Key: s_3.a, s_3.b, s_3.c
               Sort Method: quicksort  Memory: 68kB
               Sort Groups: 28
               ->  Sort  (cost=116027.84..118527.84 rows=1000000 width=20) (actual time=188.748..189.121 rows=10392 loops=1)
                     Sort Key: s_3.a, s_3.b, s_3.c
                     Sort Method: quicksort  Memory: 102702kB
                     ->  Seq Scan on s_3  (cost=0.00..16370.00 rows=1000000 width=20) (actual time=0.013..55.677 rows=1000000 loops=1)
 Planning time: 0.229 ms
 Execution time: 197.158 ms
(13 rows)

===== 52 [Wed Mar  7 02:34:28 CET 2018] scale:1000000 groups:10 work_mem:256MB incremental:on max_workers:0 =====
SELECT * FROM (SELECT * FROM s_4 ORDER BY a, b, c, d) foo ORDER BY a, b, c, d, e LIMIT 10000
                                                              QUERY PLAN                                                               
---------------------------------------------------------------------------------------------------------------------------------------
 Limit  (cost=116312.97..116312.97 rows=1 width=20) (actual time=199.952..199.952 rows=0 loops=1)
   ->  Limit  (cost=116030.78..116212.97 rows=10000 width=20) (actual time=195.730..199.669 rows=10000 loops=1)
         ->  Incremental Sort  (cost=116030.78..134250.35 rows=1000000 width=20) (actual time=195.729..199.124 rows=10000 loops=1)
               Sort Key: s_4.a, s_4.b, s_4.c, s_4.d, s_4.e
               Presorted Key: s_4.a, s_4.b, s_4.c, s_4.d
               Sort Method: quicksort  Memory: 30kB
               Sort Groups: 204
               ->  Sort  (cost=116027.84..118527.84 rows=1000000 width=20) (actual time=195.665..196.057 rows=10027 loops=1)
                     Sort Key: s_4.a, s_4.b, s_4.c, s_4.d
                     Sort Method: quicksort  Memory: 102702kB
                     ->  Seq Scan on s_4  (cost=0.00..16370.00 rows=1000000 width=20) (actual time=0.011..55.713 rows=1000000 loops=1)
 Planning time: 0.232 ms
 Execution time: 204.321 ms
(13 rows)

===== 53 [Wed Mar  7 02:34:29 CET 2018] scale:1000000 groups:10 work_mem:256MB incremental:off max_workers:0 =====
SELECT * FROM (SELECT * FROM s_1 ORDER BY a) foo ORDER BY a, b LIMIT 10000
                                                              QUERY PLAN                                                               
---------------------------------------------------------------------------------------------------------------------------------------
 Limit  (cost=200091.40..200091.40 rows=1 width=20) (actual time=278.146..278.146 rows=0 loops=1)
   ->  Limit  (cost=199966.40..199991.40 rows=10000 width=20) (actual time=276.899..277.871 rows=10000 loops=1)
         ->  Sort  (cost=199966.40..202466.40 rows=1000000 width=20) (actual time=276.898..277.323 rows=10000 loops=1)
               Sort Key: s_1.a, s_1.b
               Sort Method: top-N heapsort  Memory: 2050kB
               ->  Sort  (cost=116027.84..118527.84 rows=1000000 width=20) (actual time=163.760..198.917 rows=1000000 loops=1)
                     Sort Key: s_1.a
                     Sort Method: quicksort  Memory: 102702kB
                     ->  Seq Scan on s_1  (cost=0.00..16370.00 rows=1000000 width=20) (actual time=0.004..55.496 rows=1000000 loops=1)
 Planning time: 0.210 ms
 Execution time: 282.594 ms
(11 rows)

===== 54 [Wed Mar  7 02:34:30 CET 2018] scale:1000000 groups:10 work_mem:256MB incremental:off max_workers:0 =====
SELECT * FROM (SELECT * FROM s_2 ORDER BY a, b) foo ORDER BY a, b, c LIMIT 10000
                                                              QUERY PLAN                                                               
---------------------------------------------------------------------------------------------------------------------------------------
 Limit  (cost=200091.40..200091.40 rows=1 width=20) (actual time=288.686..288.686 rows=0 loops=1)
   ->  Limit  (cost=199966.40..199991.40 rows=10000 width=20) (actual time=287.442..288.412 rows=10000 loops=1)
         ->  Sort  (cost=199966.40..202466.40 rows=1000000 width=20) (actual time=287.442..287.864 rows=10000 loops=1)
               Sort Key: s_2.a, s_2.b, s_2.c
               Sort Method: top-N heapsort  Memory: 1679kB
               ->  Sort  (cost=116027.84..118527.84 rows=1000000 width=20) (actual time=176.703..211.801 rows=1000000 loops=1)
                     Sort Key: s_2.a, s_2.b
                     Sort Method: quicksort  Memory: 102702kB
                     ->  Seq Scan on s_2  (cost=0.00..16370.00 rows=1000000 width=20) (actual time=0.010..55.506 rows=1000000 loops=1)
 Planning time: 0.227 ms
 Execution time: 293.127 ms
(11 rows)

===== 55 [Wed Mar  7 02:34:32 CET 2018] scale:1000000 groups:10 work_mem:256MB incremental:off max_workers:0 =====
SELECT * FROM (SELECT * FROM s_3 ORDER BY a, b, c) foo ORDER BY a, b, c, d LIMIT 10000
                                                              QUERY PLAN                                                               
---------------------------------------------------------------------------------------------------------------------------------------
 Limit  (cost=200091.40..200091.40 rows=1 width=20) (actual time=305.355..305.355 rows=0 loops=1)
   ->  Limit  (cost=199966.40..199991.40 rows=10000 width=20) (actual time=304.140..305.082 rows=10000 loops=1)
         ->  Sort  (cost=199966.40..202466.40 rows=1000000 width=20) (actual time=304.139..304.540 rows=10000 loops=1)
               Sort Key: s_3.a, s_3.b, s_3.c, s_3.d
               Sort Method: top-N heapsort  Memory: 1562kB
               ->  Sort  (cost=116027.84..118527.84 rows=1000000 width=20) (actual time=188.258..223.548 rows=1000000 loops=1)
                     Sort Key: s_3.a, s_3.b, s_3.c
                     Sort Method: quicksort  Memory: 102702kB
                     ->  Seq Scan on s_3  (cost=0.00..16370.00 rows=1000000 width=20) (actual time=0.014..55.300 rows=1000000 loops=1)
 Planning time: 0.228 ms
 Execution time: 309.818 ms
(11 rows)

===== 56 [Wed Mar  7 02:34:33 CET 2018] scale:1000000 groups:10 work_mem:256MB incremental:off max_workers:0 =====
SELECT * FROM (SELECT * FROM s_4 ORDER BY a, b, c, d) foo ORDER BY a, b, c, d, e LIMIT 10000
                                                              QUERY PLAN                                                               
---------------------------------------------------------------------------------------------------------------------------------------
 Limit  (cost=200091.40..200091.40 rows=1 width=20) (actual time=313.265..313.265 rows=0 loops=1)
   ->  Limit  (cost=199966.40..199991.40 rows=10000 width=20) (actual time=312.046..312.991 rows=10000 loops=1)
         ->  Sort  (cost=199966.40..202466.40 rows=1000000 width=20) (actual time=312.045..312.446 rows=10000 loops=1)
               Sort Key: s_4.a, s_4.b, s_4.c, s_4.d, s_4.e
               Sort Method: top-N heapsort  Memory: 1551kB
               ->  Sort  (cost=116027.84..118527.84 rows=1000000 width=20) (actual time=195.191..230.490 rows=1000000 loops=1)
                     Sort Key: s_4.a, s_4.b, s_4.c, s_4.d
                     Sort Method: quicksort  Memory: 102702kB
                     ->  Seq Scan on s_4  (cost=0.00..16370.00 rows=1000000 width=20) (actual time=0.011..55.357 rows=1000000 loops=1)
 Planning time: 0.232 ms
 Execution time: 317.717 ms
(11 rows)

===== 57 [Wed Mar  7 02:34:35 CET 2018] scale:1000000 groups:10 work_mem:4MB incremental:on max_workers:2 =====
SELECT * FROM (SELECT * FROM s_1 ORDER BY a) foo ORDER BY a, b LIMIT 10000
                                                                     QUERY PLAN                                                                     
----------------------------------------------------------------------------------------------------------------------------------------------------
 Limit  (cost=75494.02..75494.02 rows=1 width=20) (actual time=93.735..93.735 rows=0 loops=1)
   ->  Limit  (cost=75219.02..75394.02 rows=10000 width=20) (actual time=91.991..93.463 rows=10000 loops=1)
         ->  Incremental Sort  (cost=75219.02..92719.24 rows=1000000 width=20) (actual time=91.990..92.893 rows=10000 loops=1)
               Sort Key: s_1.a, s_1.b
               Presorted Key: s_1.a
               Sort Method: external merge  Disk: 1464kB
               Sort Groups: 1
               ->  Gather Merge  (cost=58976.50..156205.59 rows=833334 width=20) (actual time=70.997..79.474 rows=49794 loops=1)
                     Workers Planned: 2
                     Workers Launched: 2
                     ->  Sort  (cost=57976.48..59018.15 rows=416667 width=20) (actual time=69.327..70.971 rows=17248 loops=3)
                           Sort Key: s_1.a
                           Sort Method: external merge  Disk: 9784kB
                           Worker 0:  Sort Method: external merge  Disk: 9688kB
                           Worker 1:  Sort Method: external merge  Disk: 9896kB
                           ->  Parallel Seq Scan on s_1  (cost=0.00..10536.67 rows=416667 width=20) (actual time=0.007..19.065 rows=333333 loops=3)
 Planning time: 0.228 ms
 Execution time: 98.613 ms
(18 rows)

===== 58 [Wed Mar  7 02:34:35 CET 2018] scale:1000000 groups:10 work_mem:4MB incremental:on max_workers:2 =====
SELECT * FROM (SELECT * FROM s_2 ORDER BY a, b) foo ORDER BY a, b, c LIMIT 10000
                                                                     QUERY PLAN                                                                     
----------------------------------------------------------------------------------------------------------------------------------------------------
 Limit  (cost=60678.42..60678.42 rows=1 width=20) (actual time=82.786..82.786 rows=0 loops=1)
   ->  Limit  (cost=60400.41..60578.42 rows=10000 width=20) (actual time=77.572..82.510 rows=10000 loops=1)
         ->  Incremental Sort  (cost=60400.41..78201.85 rows=1000000 width=20) (actual time=77.571..81.962 rows=10000 loops=1)
               Sort Key: s_2.a, s_2.b, s_2.c
               Presorted Key: s_2.a, s_2.b
               Sort Method: quicksort  Memory: 589kB
               Sort Groups: 3
               ->  Gather Merge  (cost=58976.50..156205.59 rows=833334 width=20) (actual time=76.437..79.250 rows=12637 loops=1)
                     Workers Planned: 2
                     Workers Launched: 2
                     ->  Sort  (cost=57976.48..59018.15 rows=416667 width=20) (actual time=74.847..75.323 rows=4894 loops=3)
                           Sort Key: s_2.a, s_2.b
                           Sort Method: external merge  Disk: 9704kB
                           Worker 0:  Sort Method: external merge  Disk: 9824kB
                           Worker 1:  Sort Method: external merge  Disk: 9848kB
                           ->  Parallel Seq Scan on s_2  (cost=0.00..10536.67 rows=416667 width=20) (actual time=0.008..19.135 rows=333333 loops=3)
 Planning time: 0.233 ms
 Execution time: 87.213 ms
(18 rows)

===== 59 [Wed Mar  7 02:34:36 CET 2018] scale:1000000 groups:10 work_mem:4MB incremental:on max_workers:2 =====
SELECT * FROM (SELECT * FROM s_3 ORDER BY a, b, c) foo ORDER BY a, b, c, d LIMIT 10000
                                                                     QUERY PLAN                                                                     
----------------------------------------------------------------------------------------------------------------------------------------------------
 Limit  (cost=59382.56..59382.56 rows=1 width=20) (actual time=83.786..83.786 rows=0 loops=1)
   ->  Limit  (cost=59092.95..59282.56 rows=10000 width=20) (actual time=78.073..83.513 rows=10000 loops=1)
         ->  Incremental Sort  (cost=59092.95..78053.08 rows=1000000 width=20) (actual time=78.073..82.961 rows=10000 loops=1)
               Sort Key: s_3.a, s_3.b, s_3.c, s_3.d
               Presorted Key: s_3.a, s_3.b, s_3.c
               Sort Method: quicksort  Memory: 68kB
               Sort Groups: 28
               ->  Gather Merge  (cost=58976.50..156205.59 rows=833334 width=20) (actual time=77.987..80.421 rows=10392 loops=1)
                     Workers Planned: 2
                     Workers Launched: 2
                     ->  Sort  (cost=57976.48..59018.15 rows=416667 width=20) (actual time=76.435..76.849 rows=4244 loops=3)
                           Sort Key: s_3.a, s_3.b, s_3.c
                           Sort Method: external merge  Disk: 9728kB
                           Worker 0:  Sort Method: external merge  Disk: 9824kB
                           Worker 1:  Sort Method: external merge  Disk: 9816kB
                           ->  Parallel Seq Scan on s_3  (cost=0.00..10536.67 rows=416667 width=20) (actual time=0.011..19.151 rows=333333 loops=3)
 Planning time: 0.242 ms
 Execution time: 88.253 ms
(18 rows)

===== 60 [Wed Mar  7 02:34:36 CET 2018] scale:1000000 groups:10 work_mem:4MB incremental:on max_workers:2 =====
SELECT * FROM (SELECT * FROM s_4 ORDER BY a, b, c, d) foo ORDER BY a, b, c, d, e LIMIT 10000
                                                                     QUERY PLAN                                                                     
----------------------------------------------------------------------------------------------------------------------------------------------------
 Limit  (cost=59277.51..59277.51 rows=1 width=20) (actual time=86.164..86.164 rows=0 loops=1)
   ->  Limit  (cost=58985.91..59177.51 rows=10000 width=20) (actual time=80.156..85.888 rows=10000 loops=1)
         ->  Incremental Sort  (cost=58985.91..78146.31 rows=1000000 width=20) (actual time=80.156..85.338 rows=10000 loops=1)
               Sort Key: s_4.a, s_4.b, s_4.c, s_4.d, s_4.e
               Presorted Key: s_4.a, s_4.b, s_4.c, s_4.d
               Sort Method: quicksort  Memory: 30kB
               Sort Groups: 204
               ->  Gather Merge  (cost=58976.50..156205.59 rows=833334 width=20) (actual time=80.100..82.456 rows=10027 loops=1)
                     Workers Planned: 2
                     Workers Launched: 2
                     ->  Sort  (cost=57976.48..59018.15 rows=416667 width=20) (actual time=78.510..78.915 rows=4123 loops=3)
                           Sort Key: s_4.a, s_4.b, s_4.c, s_4.d
                           Sort Method: external merge  Disk: 9736kB
                           Worker 0:  Sort Method: external merge  Disk: 9792kB
                           Worker 1:  Sort Method: external merge  Disk: 9840kB
                           ->  Parallel Seq Scan on s_4  (cost=0.00..10536.67 rows=416667 width=20) (actual time=0.009..19.179 rows=333333 loops=3)
 Planning time: 0.253 ms
 Execution time: 90.684 ms
(18 rows)

===== 61 [Wed Mar  7 02:34:37 CET 2018] scale:1000000 groups:10 work_mem:4MB incremental:off max_workers:2 =====
SELECT * FROM (SELECT * FROM s_1 ORDER BY a) foo ORDER BY a, b LIMIT 10000
                                                              QUERY PLAN                                                               
---------------------------------------------------------------------------------------------------------------------------------------
 Limit  (cost=220601.40..220601.40 rows=1 width=20) (actual time=382.602..382.602 rows=0 loops=1)
   ->  Limit  (cost=220476.40..220501.40 rows=10000 width=20) (actual time=381.365..382.332 rows=10000 loops=1)
         ->  Sort  (cost=220476.40..222976.40 rows=1000000 width=20) (actual time=381.365..381.789 rows=10000 loops=1)
               Sort Key: s_1.a, s_1.b
               Sort Method: top-N heapsort  Memory: 2050kB
               ->  Sort  (cost=136537.84..139037.84 rows=1000000 width=20) (actual time=214.990..310.322 rows=1000000 loops=1)
                     Sort Key: s_1.a
                     Sort Method: external merge  Disk: 29360kB
                     ->  Seq Scan on s_1  (cost=0.00..16370.00 rows=1000000 width=20) (actual time=0.004..51.326 rows=1000000 loops=1)
 Planning time: 0.216 ms
 Execution time: 386.401 ms
(11 rows)

===== 62 [Wed Mar  7 02:34:39 CET 2018] scale:1000000 groups:10 work_mem:4MB incremental:off max_workers:2 =====
SELECT * FROM (SELECT * FROM s_2 ORDER BY a, b) foo ORDER BY a, b, c LIMIT 10000
                                                              QUERY PLAN                                                               
---------------------------------------------------------------------------------------------------------------------------------------
 Limit  (cost=220601.40..220601.40 rows=1 width=20) (actual time=418.653..418.653 rows=0 loops=1)
   ->  Limit  (cost=220476.40..220501.40 rows=10000 width=20) (actual time=417.419..418.380 rows=10000 loops=1)
         ->  Sort  (cost=220476.40..222976.40 rows=1000000 width=20) (actual time=417.419..417.838 rows=10000 loops=1)
               Sort Key: s_2.a, s_2.b, s_2.c
               Sort Method: top-N heapsort  Memory: 1679kB
               ->  Sort  (cost=136537.84..139037.84 rows=1000000 width=20) (actual time=235.976..343.455 rows=1000000 loops=1)
                     Sort Key: s_2.a, s_2.b
                     Sort Method: external merge  Disk: 29360kB
                     ->  Seq Scan on s_2  (cost=0.00..16370.00 rows=1000000 width=20) (actual time=0.010..50.806 rows=1000000 loops=1)
 Planning time: 0.222 ms
 Execution time: 422.477 ms
(11 rows)

===== 63 [Wed Mar  7 02:34:41 CET 2018] scale:1000000 groups:10 work_mem:4MB incremental:off max_workers:2 =====
SELECT * FROM (SELECT * FROM s_3 ORDER BY a, b, c) foo ORDER BY a, b, c, d LIMIT 10000
                                                              QUERY PLAN                                                               
---------------------------------------------------------------------------------------------------------------------------------------
 Limit  (cost=220601.40..220601.40 rows=1 width=20) (actual time=426.313..426.313 rows=0 loops=1)
   ->  Limit  (cost=220476.40..220501.40 rows=10000 width=20) (actual time=425.091..426.038 rows=10000 loops=1)
         ->  Sort  (cost=220476.40..222976.40 rows=1000000 width=20) (actual time=425.090..425.493 rows=10000 loops=1)
               Sort Key: s_3.a, s_3.b, s_3.c, s_3.d
               Sort Method: top-N heapsort  Memory: 1562kB
               ->  Sort  (cost=136537.84..139037.84 rows=1000000 width=20) (actual time=243.120..350.923 rows=1000000 loops=1)
                     Sort Key: s_3.a, s_3.b, s_3.c
                     Sort Method: external merge  Disk: 29360kB
                     ->  Seq Scan on s_3  (cost=0.00..16370.00 rows=1000000 width=20) (actual time=0.014..50.826 rows=1000000 loops=1)
 Planning time: 0.228 ms
 Execution time: 430.106 ms
(11 rows)

===== 64 [Wed Mar  7 02:34:43 CET 2018] scale:1000000 groups:10 work_mem:4MB incremental:off max_workers:2 =====
SELECT * FROM (SELECT * FROM s_4 ORDER BY a, b, c, d) foo ORDER BY a, b, c, d, e LIMIT 10000
                                                              QUERY PLAN                                                               
---------------------------------------------------------------------------------------------------------------------------------------
 Limit  (cost=220601.40..220601.40 rows=1 width=20) (actual time=434.532..434.532 rows=0 loops=1)
   ->  Limit  (cost=220476.40..220501.40 rows=10000 width=20) (actual time=433.296..434.262 rows=10000 loops=1)
         ->  Sort  (cost=220476.40..222976.40 rows=1000000 width=20) (actual time=433.295..433.717 rows=10000 loops=1)
               Sort Key: s_4.a, s_4.b, s_4.c, s_4.d, s_4.e
               Sort Method: top-N heapsort  Memory: 1551kB
               ->  Sort  (cost=136537.84..139037.84 rows=1000000 width=20) (actual time=250.378..358.249 rows=1000000 loops=1)
                     Sort Key: s_4.a, s_4.b, s_4.c, s_4.d
                     Sort Method: external merge  Disk: 29360kB
                     ->  Seq Scan on s_4  (cost=0.00..16370.00 rows=1000000 width=20) (actual time=0.011..50.864 rows=1000000 loops=1)
 Planning time: 0.238 ms
 Execution time: 438.366 ms
(11 rows)

===== 65 [Wed Mar  7 02:34:45 CET 2018] scale:1000000 groups:10 work_mem:8MB incremental:on max_workers:2 =====
SELECT * FROM (SELECT * FROM s_1 ORDER BY a) foo ORDER BY a, b LIMIT 10000
                                                                     QUERY PLAN                                                                     
----------------------------------------------------------------------------------------------------------------------------------------------------
 Limit  (cost=75494.02..75494.02 rows=1 width=20) (actual time=94.083..94.083 rows=0 loops=1)
   ->  Limit  (cost=75219.02..75394.02 rows=10000 width=20) (actual time=92.752..93.807 rows=10000 loops=1)
         ->  Incremental Sort  (cost=75219.02..92719.24 rows=1000000 width=20) (actual time=92.751..93.258 rows=10000 loops=1)
               Sort Key: s_1.a, s_1.b
               Presorted Key: s_1.a
               Sort Method: quicksort  Memory: 5427kB
               Sort Groups: 1
               ->  Gather Merge  (cost=58976.50..156205.59 rows=833334 width=20) (actual time=75.172..83.592 rows=49794 loops=1)
                     Workers Planned: 2
                     Workers Launched: 2
                     ->  Sort  (cost=57976.48..59018.15 rows=416667 width=20) (actual time=73.654..75.274 rows=17277 loops=3)
                           Sort Key: s_1.a
                           Sort Method: external merge  Disk: 9712kB
                           Worker 0:  Sort Method: external merge  Disk: 9856kB
                           Worker 1:  Sort Method: external merge  Disk: 9800kB
                           ->  Parallel Seq Scan on s_1  (cost=0.00..10536.67 rows=416667 width=20) (actual time=0.006..19.352 rows=333333 loops=3)
 Planning time: 0.231 ms
 Execution time: 99.376 ms
(18 rows)

===== 66 [Wed Mar  7 02:34:46 CET 2018] scale:1000000 groups:10 work_mem:8MB incremental:on max_workers:2 =====
SELECT * FROM (SELECT * FROM s_2 ORDER BY a, b) foo ORDER BY a, b, c LIMIT 10000
                                                                     QUERY PLAN                                                                     
----------------------------------------------------------------------------------------------------------------------------------------------------
 Limit  (cost=60678.42..60678.42 rows=1 width=20) (actual time=86.920..86.920 rows=0 loops=1)
   ->  Limit  (cost=60400.41..60578.42 rows=10000 width=20) (actual time=81.636..86.646 rows=10000 loops=1)
         ->  Incremental Sort  (cost=60400.41..78201.85 rows=1000000 width=20) (actual time=81.635..86.096 rows=10000 loops=1)
               Sort Key: s_2.a, s_2.b, s_2.c
               Presorted Key: s_2.a, s_2.b
               Sort Method: quicksort  Memory: 589kB
               Sort Groups: 3
               ->  Gather Merge  (cost=58976.50..156205.59 rows=833334 width=20) (actual time=80.493..83.295 rows=12637 loops=1)
                     Workers Planned: 2
                     Workers Launched: 2
                     ->  Sort  (cost=57976.48..59018.15 rows=416667 width=20) (actual time=78.889..79.369 rows=4887 loops=3)
                           Sort Key: s_2.a, s_2.b
                           Sort Method: external merge  Disk: 9688kB
                           Worker 0:  Sort Method: external merge  Disk: 9856kB
                           Worker 1:  Sort Method: external merge  Disk: 9824kB
                           ->  Parallel Seq Scan on s_2  (cost=0.00..10536.67 rows=416667 width=20) (actual time=0.009..19.415 rows=333333 loops=3)
 Planning time: 0.238 ms
 Execution time: 91.944 ms
(18 rows)

===== 67 [Wed Mar  7 02:34:46 CET 2018] scale:1000000 groups:10 work_mem:8MB incremental:on max_workers:2 =====
SELECT * FROM (SELECT * FROM s_3 ORDER BY a, b, c) foo ORDER BY a, b, c, d LIMIT 10000
                                                                     QUERY PLAN                                                                     
----------------------------------------------------------------------------------------------------------------------------------------------------
 Limit  (cost=59382.56..59382.56 rows=1 width=20) (actual time=87.975..87.975 rows=0 loops=1)
   ->  Limit  (cost=59092.95..59282.56 rows=10000 width=20) (actual time=82.263..87.700 rows=10000 loops=1)
         ->  Incremental Sort  (cost=59092.95..78053.08 rows=1000000 width=20) (actual time=82.263..87.150 rows=10000 loops=1)
               Sort Key: s_3.a, s_3.b, s_3.c, s_3.d
               Presorted Key: s_3.a, s_3.b, s_3.c
               Sort Method: quicksort  Memory: 68kB
               Sort Groups: 28
               ->  Gather Merge  (cost=58976.50..156205.59 rows=833334 width=20) (actual time=82.177..84.614 rows=10392 loops=1)
                     Workers Planned: 2
                     Workers Launched: 2
                     ->  Sort  (cost=57976.48..59018.15 rows=416667 width=20) (actual time=80.617..81.033 rows=4244 loops=3)
                           Sort Key: s_3.a, s_3.b, s_3.c
                           Sort Method: external merge  Disk: 9800kB
                           Worker 0:  Sort Method: external merge  Disk: 9744kB
                           Worker 1:  Sort Method: external merge  Disk: 9832kB
                           ->  Parallel Seq Scan on s_3  (cost=0.00..10536.67 rows=416667 width=20) (actual time=0.010..19.432 rows=333333 loops=3)
 Planning time: 0.239 ms
 Execution time: 92.972 ms
(18 rows)

===== 68 [Wed Mar  7 02:34:47 CET 2018] scale:1000000 groups:10 work_mem:8MB incremental:on max_workers:2 =====
SELECT * FROM (SELECT * FROM s_4 ORDER BY a, b, c, d) foo ORDER BY a, b, c, d, e LIMIT 10000
                                                                     QUERY PLAN                                                                     
----------------------------------------------------------------------------------------------------------------------------------------------------
 Limit  (cost=59277.51..59277.51 rows=1 width=20) (actual time=90.491..90.491 rows=0 loops=1)
   ->  Limit  (cost=58985.91..59177.51 rows=10000 width=20) (actual time=84.470..90.213 rows=10000 loops=1)
         ->  Incremental Sort  (cost=58985.91..78146.31 rows=1000000 width=20) (actual time=84.470..89.649 rows=10000 loops=1)
               Sort Key: s_4.a, s_4.b, s_4.c, s_4.d, s_4.e
               Presorted Key: s_4.a, s_4.b, s_4.c, s_4.d
               Sort Method: quicksort  Memory: 30kB
               Sort Groups: 204
               ->  Gather Merge  (cost=58976.50..156205.59 rows=833334 width=20) (actual time=84.416..86.784 rows=10027 loops=1)
                     Workers Planned: 2
                     Workers Launched: 2
                     ->  Sort  (cost=57976.48..59018.15 rows=416667 width=20) (actual time=82.897..83.307 rows=4128 loops=3)
                           Sort Key: s_4.a, s_4.b, s_4.c, s_4.d
                           Sort Method: external merge  Disk: 9776kB
                           Worker 0:  Sort Method: external merge  Disk: 9808kB
                           Worker 1:  Sort Method: external merge  Disk: 9784kB
                           ->  Parallel Seq Scan on s_4  (cost=0.00..10536.67 rows=416667 width=20) (actual time=0.010..19.436 rows=333333 loops=3)
 Planning time: 0.251 ms
 Execution time: 95.584 ms
(18 rows)

===== 69 [Wed Mar  7 02:34:47 CET 2018] scale:1000000 groups:10 work_mem:8MB incremental:off max_workers:2 =====
SELECT * FROM (SELECT * FROM s_1 ORDER BY a) foo ORDER BY a, b LIMIT 10000
                                                              QUERY PLAN                                                               
---------------------------------------------------------------------------------------------------------------------------------------
 Limit  (cost=220601.40..220601.40 rows=1 width=20) (actual time=351.890..351.890 rows=0 loops=1)
   ->  Limit  (cost=220476.40..220501.40 rows=10000 width=20) (actual time=350.640..351.614 rows=10000 loops=1)
         ->  Sort  (cost=220476.40..222976.40 rows=1000000 width=20) (actual time=350.639..351.065 rows=10000 loops=1)
               Sort Key: s_1.a, s_1.b
               Sort Method: top-N heapsort  Memory: 2050kB
               ->  Sort  (cost=136537.84..139037.84 rows=1000000 width=20) (actual time=185.229..279.254 rows=1000000 loops=1)
                     Sort Key: s_1.a
                     Sort Method: external merge  Disk: 29360kB
                     ->  Seq Scan on s_1  (cost=0.00..16370.00 rows=1000000 width=20) (actual time=0.004..51.666 rows=1000000 loops=1)
 Planning time: 0.215 ms
 Execution time: 355.867 ms
(11 rows)

===== 70 [Wed Mar  7 02:34:49 CET 2018] scale:1000000 groups:10 work_mem:8MB incremental:off max_workers:2 =====
SELECT * FROM (SELECT * FROM s_2 ORDER BY a, b) foo ORDER BY a, b, c LIMIT 10000
                                                              QUERY PLAN                                                               
---------------------------------------------------------------------------------------------------------------------------------------
 Limit  (cost=220601.40..220601.40 rows=1 width=20) (actual time=385.494..385.494 rows=0 loops=1)
   ->  Limit  (cost=220476.40..220501.40 rows=10000 width=20) (actual time=384.250..385.218 rows=10000 loops=1)
         ->  Sort  (cost=220476.40..222976.40 rows=1000000 width=20) (actual time=384.249..384.671 rows=10000 loops=1)
               Sort Key: s_2.a, s_2.b, s_2.c
               Sort Method: top-N heapsort  Memory: 1679kB
               ->  Sort  (cost=136537.84..139037.84 rows=1000000 width=20) (actual time=203.888..310.254 rows=1000000 loops=1)
                     Sort Key: s_2.a, s_2.b
                     Sort Method: external merge  Disk: 29360kB
                     ->  Seq Scan on s_2  (cost=0.00..16370.00 rows=1000000 width=20) (actual time=0.011..51.145 rows=1000000 loops=1)
 Planning time: 0.221 ms
 Execution time: 389.483 ms
(11 rows)

===== 71 [Wed Mar  7 02:34:51 CET 2018] scale:1000000 groups:10 work_mem:8MB incremental:off max_workers:2 =====
SELECT * FROM (SELECT * FROM s_3 ORDER BY a, b, c) foo ORDER BY a, b, c, d LIMIT 10000
                                                              QUERY PLAN                                                               
---------------------------------------------------------------------------------------------------------------------------------------
 Limit  (cost=220601.40..220601.40 rows=1 width=20) (actual time=393.434..393.434 rows=0 loops=1)
   ->  Limit  (cost=220476.40..220501.40 rows=10000 width=20) (actual time=392.225..393.167 rows=10000 loops=1)
         ->  Sort  (cost=220476.40..222976.40 rows=1000000 width=20) (actual time=392.224..392.627 rows=10000 loops=1)
               Sort Key: s_3.a, s_3.b, s_3.c, s_3.d
               Sort Method: top-N heapsort  Memory: 1562kB
               ->  Sort  (cost=136537.84..139037.84 rows=1000000 width=20) (actual time=211.170..318.053 rows=1000000 loops=1)
                     Sort Key: s_3.a, s_3.b, s_3.c
                     Sort Method: external merge  Disk: 29360kB
                     ->  Seq Scan on s_3  (cost=0.00..16370.00 rows=1000000 width=20) (actual time=0.015..51.185 rows=1000000 loops=1)
 Planning time: 0.230 ms
 Execution time: 397.399 ms
(11 rows)

===== 72 [Wed Mar  7 02:34:53 CET 2018] scale:1000000 groups:10 work_mem:8MB incremental:off max_workers:2 =====
SELECT * FROM (SELECT * FROM s_4 ORDER BY a, b, c, d) foo ORDER BY a, b, c, d, e LIMIT 10000
                                                              QUERY PLAN                                                               
---------------------------------------------------------------------------------------------------------------------------------------
 Limit  (cost=220601.40..220601.40 rows=1 width=20) (actual time=401.872..401.872 rows=0 loops=1)
   ->  Limit  (cost=220476.40..220501.40 rows=10000 width=20) (actual time=400.662..401.602 rows=10000 loops=1)
         ->  Sort  (cost=220476.40..222976.40 rows=1000000 width=20) (actual time=400.661..401.061 rows=10000 loops=1)
               Sort Key: s_4.a, s_4.b, s_4.c, s_4.d, s_4.e
               Sort Method: top-N heapsort  Memory: 1551kB
               ->  Sort  (cost=136537.84..139037.84 rows=1000000 width=20) (actual time=218.635..325.532 rows=1000000 loops=1)
                     Sort Key: s_4.a, s_4.b, s_4.c, s_4.d
                     Sort Method: external merge  Disk: 29360kB
                     ->  Seq Scan on s_4  (cost=0.00..16370.00 rows=1000000 width=20) (actual time=0.011..51.239 rows=1000000 loops=1)
 Planning time: 0.235 ms
 Execution time: 405.874 ms
(11 rows)

===== 73 [Wed Mar  7 02:34:55 CET 2018] scale:1000000 groups:10 work_mem:16MB incremental:on max_workers:2 =====
SELECT * FROM (SELECT * FROM s_1 ORDER BY a) foo ORDER BY a, b LIMIT 10000
                                                                     QUERY PLAN                                                                     
----------------------------------------------------------------------------------------------------------------------------------------------------
 Limit  (cost=75494.02..75494.02 rows=1 width=20) (actual time=100.082..100.082 rows=0 loops=1)
   ->  Limit  (cost=75219.02..75394.02 rows=10000 width=20) (actual time=98.792..99.806 rows=10000 loops=1)
         ->  Incremental Sort  (cost=75219.02..92719.24 rows=1000000 width=20) (actual time=98.791..99.256 rows=10000 loops=1)
               Sort Key: s_1.a, s_1.b
               Presorted Key: s_1.a
               Sort Method: quicksort  Memory: 5427kB
               Sort Groups: 1
               ->  Gather Merge  (cost=58976.50..156205.59 rows=833334 width=20) (actual time=81.680..90.068 rows=49794 loops=1)
                     Workers Planned: 2
                     Workers Launched: 2
                     ->  Sort  (cost=57976.48..59018.15 rows=416667 width=20) (actual time=79.995..81.617 rows=17284 loops=3)
                           Sort Key: s_1.a
                           Sort Method: external merge  Disk: 9640kB
                           Worker 0:  Sort Method: external merge  Disk: 9856kB
                           Worker 1:  Sort Method: external merge  Disk: 9896kB
                           ->  Parallel Seq Scan on s_1  (cost=0.00..10536.67 rows=416667 width=20) (actual time=0.007..20.025 rows=333333 loops=3)
 Planning time: 0.230 ms
 Execution time: 105.877 ms
(18 rows)

===== 74 [Wed Mar  7 02:34:55 CET 2018] scale:1000000 groups:10 work_mem:16MB incremental:on max_workers:2 =====
SELECT * FROM (SELECT * FROM s_2 ORDER BY a, b) foo ORDER BY a, b, c LIMIT 10000
                                                                     QUERY PLAN                                                                     
----------------------------------------------------------------------------------------------------------------------------------------------------
 Limit  (cost=60678.42..60678.42 rows=1 width=20) (actual time=92.828..92.828 rows=0 loops=1)
   ->  Limit  (cost=60400.41..60578.42 rows=10000 width=20) (actual time=87.724..92.553 rows=10000 loops=1)
         ->  Incremental Sort  (cost=60400.41..78201.85 rows=1000000 width=20) (actual time=87.724..92.004 rows=10000 loops=1)
               Sort Key: s_2.a, s_2.b, s_2.c
               Presorted Key: s_2.a, s_2.b
               Sort Method: quicksort  Memory: 589kB
               Sort Groups: 3
               ->  Gather Merge  (cost=58976.50..156205.59 rows=833334 width=20) (actual time=86.688..89.476 rows=12637 loops=1)
                     Workers Planned: 2
                     Workers Launched: 2
                     ->  Sort  (cost=57976.48..59018.15 rows=416667 width=20) (actual time=84.997..85.465 rows=4874 loops=3)
                           Sort Key: s_2.a, s_2.b
                           Sort Method: external merge  Disk: 9680kB
                           Worker 0:  Sort Method: external merge  Disk: 9872kB
                           Worker 1:  Sort Method: external merge  Disk: 9832kB
                           ->  Parallel Seq Scan on s_2  (cost=0.00..10536.67 rows=416667 width=20) (actual time=0.009..20.047 rows=333333 loops=3)
 Planning time: 0.232 ms
 Execution time: 98.365 ms
(18 rows)

===== 75 [Wed Mar  7 02:34:56 CET 2018] scale:1000000 groups:10 work_mem:16MB incremental:on max_workers:2 =====
SELECT * FROM (SELECT * FROM s_3 ORDER BY a, b, c) foo ORDER BY a, b, c, d LIMIT 10000
                                                                     QUERY PLAN                                                                     
----------------------------------------------------------------------------------------------------------------------------------------------------
 Limit  (cost=59382.56..59382.56 rows=1 width=20) (actual time=94.478..94.478 rows=0 loops=1)
   ->  Limit  (cost=59092.95..59282.56 rows=10000 width=20) (actual time=88.757..94.203 rows=10000 loops=1)
         ->  Incremental Sort  (cost=59092.95..78053.08 rows=1000000 width=20) (actual time=88.756..93.653 rows=10000 loops=1)
               Sort Key: s_3.a, s_3.b, s_3.c, s_3.d
               Presorted Key: s_3.a, s_3.b, s_3.c
               Sort Method: quicksort  Memory: 68kB
               Sort Groups: 28
               ->  Gather Merge  (cost=58976.50..156205.59 rows=833334 width=20) (actual time=88.666..91.102 rows=10392 loops=1)
                     Workers Planned: 2
                     Workers Launched: 2
                     ->  Sort  (cost=57976.48..59018.15 rows=416667 width=20) (actual time=86.976..87.391 rows=4245 loops=3)
                           Sort Key: s_3.a, s_3.b, s_3.c
                           Sort Method: external merge  Disk: 9696kB
                           Worker 0:  Sort Method: external merge  Disk: 9888kB
                           Worker 1:  Sort Method: external merge  Disk: 9800kB
                           ->  Parallel Seq Scan on s_3  (cost=0.00..10536.67 rows=416667 width=20) (actual time=0.010..20.079 rows=333333 loops=3)
 Planning time: 0.245 ms
 Execution time: 100.057 ms
(18 rows)

===== 76 [Wed Mar  7 02:34:57 CET 2018] scale:1000000 groups:10 work_mem:16MB incremental:on max_workers:2 =====
SELECT * FROM (SELECT * FROM s_4 ORDER BY a, b, c, d) foo ORDER BY a, b, c, d, e LIMIT 10000
                                                                     QUERY PLAN                                                                     
----------------------------------------------------------------------------------------------------------------------------------------------------
 Limit  (cost=59277.51..59277.51 rows=1 width=20) (actual time=96.982..96.982 rows=0 loops=1)
   ->  Limit  (cost=58985.91..59177.51 rows=10000 width=20) (actual time=90.967..96.698 rows=10000 loops=1)
         ->  Incremental Sort  (cost=58985.91..78146.31 rows=1000000 width=20) (actual time=90.967..96.145 rows=10000 loops=1)
               Sort Key: s_4.a, s_4.b, s_4.c, s_4.d, s_4.e
               Presorted Key: s_4.a, s_4.b, s_4.c, s_4.d
               Sort Method: quicksort  Memory: 30kB
               Sort Groups: 204
               ->  Gather Merge  (cost=58976.50..156205.59 rows=833334 width=20) (actual time=90.912..93.278 rows=10027 loops=1)
                     Workers Planned: 2
                     Workers Launched: 2
                     ->  Sort  (cost=57976.48..59018.15 rows=416667 width=20) (actual time=89.257..89.665 rows=4122 loops=3)
                           Sort Key: s_4.a, s_4.b, s_4.c, s_4.d
                           Sort Method: external merge  Disk: 9720kB
                           Worker 0:  Sort Method: external merge  Disk: 9840kB
                           Worker 1:  Sort Method: external merge  Disk: 9832kB
                           ->  Parallel Seq Scan on s_4  (cost=0.00..10536.67 rows=416667 width=20) (actual time=0.009..20.086 rows=333333 loops=3)
 Planning time: 0.247 ms
 Execution time: 102.582 ms
(18 rows)

===== 77 [Wed Mar  7 02:34:57 CET 2018] scale:1000000 groups:10 work_mem:16MB incremental:off max_workers:2 =====
SELECT * FROM (SELECT * FROM s_1 ORDER BY a) foo ORDER BY a, b LIMIT 10000
                                                              QUERY PLAN                                                               
---------------------------------------------------------------------------------------------------------------------------------------
 Limit  (cost=220601.40..220601.40 rows=1 width=20) (actual time=355.651..355.651 rows=0 loops=1)
   ->  Limit  (cost=220476.40..220501.40 rows=10000 width=20) (actual time=354.402..355.376 rows=10000 loops=1)
         ->  Sort  (cost=220476.40..222976.40 rows=1000000 width=20) (actual time=354.401..354.824 rows=10000 loops=1)
               Sort Key: s_1.a, s_1.b
               Sort Method: top-N heapsort  Memory: 2050kB
               ->  Sort  (cost=136537.84..139037.84 rows=1000000 width=20) (actual time=192.878..283.465 rows=1000000 loops=1)
                     Sort Key: s_1.a
                     Sort Method: external merge  Disk: 29392kB
                     ->  Seq Scan on s_1  (cost=0.00..16370.00 rows=1000000 width=20) (actual time=0.004..52.129 rows=1000000 loops=1)
 Planning time: 0.218 ms
 Execution time: 359.998 ms
(11 rows)

===== 78 [Wed Mar  7 02:34:59 CET 2018] scale:1000000 groups:10 work_mem:16MB incremental:off max_workers:2 =====
SELECT * FROM (SELECT * FROM s_2 ORDER BY a, b) foo ORDER BY a, b, c LIMIT 10000
                                                              QUERY PLAN                                                               
---------------------------------------------------------------------------------------------------------------------------------------
 Limit  (cost=220601.40..220601.40 rows=1 width=20) (actual time=386.476..386.476 rows=0 loops=1)
   ->  Limit  (cost=220476.40..220501.40 rows=10000 width=20) (actual time=385.243..386.206 rows=10000 loops=1)
         ->  Sort  (cost=220476.40..222976.40 rows=1000000 width=20) (actual time=385.242..385.664 rows=10000 loops=1)
               Sort Key: s_2.a, s_2.b, s_2.c
               Sort Method: top-N heapsort  Memory: 1679kB
               ->  Sort  (cost=136537.84..139037.84 rows=1000000 width=20) (actual time=212.111..311.767 rows=1000000 loops=1)
                     Sort Key: s_2.a, s_2.b
                     Sort Method: external merge  Disk: 29392kB
                     ->  Seq Scan on s_2  (cost=0.00..16370.00 rows=1000000 width=20) (actual time=0.010..51.720 rows=1000000 loops=1)
 Planning time: 0.219 ms
 Execution time: 390.815 ms
(11 rows)

===== 79 [Wed Mar  7 02:35:01 CET 2018] scale:1000000 groups:10 work_mem:16MB incremental:off max_workers:2 =====
SELECT * FROM (SELECT * FROM s_3 ORDER BY a, b, c) foo ORDER BY a, b, c, d LIMIT 10000
                                                              QUERY PLAN                                                               
---------------------------------------------------------------------------------------------------------------------------------------
 Limit  (cost=220601.40..220601.40 rows=1 width=20) (actual time=394.453..394.453 rows=0 loops=1)
   ->  Limit  (cost=220476.40..220501.40 rows=10000 width=20) (actual time=393.229..394.178 rows=10000 loops=1)
         ->  Sort  (cost=220476.40..222976.40 rows=1000000 width=20) (actual time=393.228..393.632 rows=10000 loops=1)
               Sort Key: s_3.a, s_3.b, s_3.c, s_3.d
               Sort Method: top-N heapsort  Memory: 1562kB
               ->  Sort  (cost=136537.84..139037.84 rows=1000000 width=20) (actual time=219.534..319.503 rows=1000000 loops=1)
                     Sort Key: s_3.a, s_3.b, s_3.c
                     Sort Method: external merge  Disk: 29392kB
                     ->  Seq Scan on s_3  (cost=0.00..16370.00 rows=1000000 width=20) (actual time=0.013..51.753 rows=1000000 loops=1)
 Planning time: 0.231 ms
 Execution time: 398.788 ms
(11 rows)

===== 80 [Wed Mar  7 02:35:03 CET 2018] scale:1000000 groups:10 work_mem:16MB incremental:off max_workers:2 =====
SELECT * FROM (SELECT * FROM s_4 ORDER BY a, b, c, d) foo ORDER BY a, b, c, d, e LIMIT 10000
                                                              QUERY PLAN                                                               
---------------------------------------------------------------------------------------------------------------------------------------
 Limit  (cost=220601.40..220601.40 rows=1 width=20) (actual time=402.233..402.233 rows=0 loops=1)
   ->  Limit  (cost=220476.40..220501.40 rows=10000 width=20) (actual time=401.013..401.958 rows=10000 loops=1)
         ->  Sort  (cost=220476.40..222976.40 rows=1000000 width=20) (actual time=401.012..401.412 rows=10000 loops=1)
               Sort Key: s_4.a, s_4.b, s_4.c, s_4.d, s_4.e
               Sort Method: top-N heapsort  Memory: 1551kB
               ->  Sort  (cost=136537.84..139037.84 rows=1000000 width=20) (actual time=226.462..326.443 rows=1000000 loops=1)
                     Sort Key: s_4.a, s_4.b, s_4.c, s_4.d
                     Sort Method: external merge  Disk: 29392kB
                     ->  Seq Scan on s_4  (cost=0.00..16370.00 rows=1000000 width=20) (actual time=0.011..51.828 rows=1000000 loops=1)
 Planning time: 0.234 ms
 Execution time: 406.560 ms
(11 rows)

===== 81 [Wed Mar  7 02:35:05 CET 2018] scale:1000000 groups:10 work_mem:32MB incremental:on max_workers:2 =====
SELECT * FROM (SELECT * FROM s_1 ORDER BY a) foo ORDER BY a, b LIMIT 10000
                                                                     QUERY PLAN                                                                     
----------------------------------------------------------------------------------------------------------------------------------------------------
 Limit  (cost=66947.02..66947.02 rows=1 width=20) (actual time=102.026..102.026 rows=0 loops=1)
   ->  Limit  (cost=66672.02..66847.02 rows=10000 width=20) (actual time=100.714..101.750 rows=10000 loops=1)
         ->  Incremental Sort  (cost=66672.02..84172.24 rows=1000000 width=20) (actual time=100.714..101.204 rows=10000 loops=1)
               Sort Key: s_1.a, s_1.b
               Presorted Key: s_1.a
               Sort Method: quicksort  Memory: 5427kB
               Sort Groups: 1
               ->  Gather Merge  (cost=50429.50..147658.59 rows=833334 width=20) (actual time=83.432..91.684 rows=49794 loops=1)
                     Workers Planned: 2
                     Workers Launched: 2
                     ->  Sort  (cost=49429.48..50471.15 rows=416667 width=20) (actual time=81.915..83.440 rows=17331 loops=3)
                           Sort Key: s_1.a
                           Sort Method: external merge  Disk: 9744kB
                           Worker 0:  Sort Method: external merge  Disk: 9808kB
                           Worker 1:  Sort Method: external merge  Disk: 9816kB
                           ->  Parallel Seq Scan on s_1  (cost=0.00..10536.67 rows=416667 width=20) (actual time=0.006..20.232 rows=333333 loops=3)
 Planning time: 0.228 ms
 Execution time: 107.427 ms
(18 rows)

===== 82 [Wed Mar  7 02:35:05 CET 2018] scale:1000000 groups:10 work_mem:32MB incremental:on max_workers:2 =====
SELECT * FROM (SELECT * FROM s_2 ORDER BY a, b) foo ORDER BY a, b, c LIMIT 10000
                                                                     QUERY PLAN                                                                     
----------------------------------------------------------------------------------------------------------------------------------------------------
 Limit  (cost=52131.42..52131.42 rows=1 width=20) (actual time=94.392..94.392 rows=0 loops=1)
   ->  Limit  (cost=51853.41..52031.42 rows=10000 width=20) (actual time=89.323..94.116 rows=10000 loops=1)
         ->  Incremental Sort  (cost=51853.41..69654.85 rows=1000000 width=20) (actual time=89.323..93.567 rows=10000 loops=1)
               Sort Key: s_2.a, s_2.b, s_2.c
               Presorted Key: s_2.a, s_2.b
               Sort Method: quicksort  Memory: 589kB
               Sort Groups: 3
               ->  Gather Merge  (cost=50429.50..147658.59 rows=833334 width=20) (actual time=88.300..90.998 rows=12637 loops=1)
                     Workers Planned: 2
                     Workers Launched: 2
                     ->  Sort  (cost=49429.48..50471.15 rows=416667 width=20) (actual time=86.646..87.090 rows=4913 loops=3)
                           Sort Key: s_2.a, s_2.b
                           Sort Method: external merge  Disk: 9688kB
                           Worker 0:  Sort Method: external merge  Disk: 9880kB
                           Worker 1:  Sort Method: external merge  Disk: 9808kB
                           ->  Parallel Seq Scan on s_2  (cost=0.00..10536.67 rows=416667 width=20) (actual time=0.009..20.241 rows=333333 loops=3)
 Planning time: 0.233 ms
 Execution time: 99.720 ms
(18 rows)

===== 83 [Wed Mar  7 02:35:06 CET 2018] scale:1000000 groups:10 work_mem:32MB incremental:on max_workers:2 =====
SELECT * FROM (SELECT * FROM s_3 ORDER BY a, b, c) foo ORDER BY a, b, c, d LIMIT 10000
                                                                     QUERY PLAN                                                                     
----------------------------------------------------------------------------------------------------------------------------------------------------
 Limit  (cost=50835.56..50835.56 rows=1 width=20) (actual time=96.175..96.175 rows=0 loops=1)
   ->  Limit  (cost=50545.95..50735.56 rows=10000 width=20) (actual time=90.520..95.903 rows=10000 loops=1)
         ->  Incremental Sort  (cost=50545.95..69506.08 rows=1000000 width=20) (actual time=90.519..95.343 rows=10000 loops=1)
               Sort Key: s_3.a, s_3.b, s_3.c, s_3.d
               Presorted Key: s_3.a, s_3.b, s_3.c
               Sort Method: quicksort  Memory: 68kB
               Sort Groups: 28
               ->  Gather Merge  (cost=50429.50..147658.59 rows=833334 width=20) (actual time=90.435..92.812 rows=10392 loops=1)
                     Workers Planned: 2
                     Workers Launched: 2
                     ->  Sort  (cost=49429.48..50471.15 rows=416667 width=20) (actual time=88.920..89.308 rows=4244 loops=3)
                           Sort Key: s_3.a, s_3.b, s_3.c
                           Sort Method: external merge  Disk: 9784kB
                           Worker 0:  Sort Method: external merge  Disk: 9792kB
                           Worker 1:  Sort Method: external merge  Disk: 9800kB
                           ->  Parallel Seq Scan on s_3  (cost=0.00..10536.67 rows=416667 width=20) (actual time=0.009..20.259 rows=333333 loops=3)
 Planning time: 0.244 ms
 Execution time: 101.606 ms
(18 rows)

===== 84 [Wed Mar  7 02:35:07 CET 2018] scale:1000000 groups:10 work_mem:32MB incremental:on max_workers:2 =====
SELECT * FROM (SELECT * FROM s_4 ORDER BY a, b, c, d) foo ORDER BY a, b, c, d, e LIMIT 10000
                                                                     QUERY PLAN                                                                     
----------------------------------------------------------------------------------------------------------------------------------------------------
 Limit  (cost=50730.51..50730.51 rows=1 width=20) (actual time=98.540..98.540 rows=0 loops=1)
   ->  Limit  (cost=50438.91..50630.51 rows=10000 width=20) (actual time=92.587..98.263 rows=10000 loops=1)
         ->  Incremental Sort  (cost=50438.91..69599.31 rows=1000000 width=20) (actual time=92.586..97.705 rows=10000 loops=1)
               Sort Key: s_4.a, s_4.b, s_4.c, s_4.d, s_4.e
               Presorted Key: s_4.a, s_4.b, s_4.c, s_4.d
               Sort Method: quicksort  Memory: 30kB
               Sort Groups: 204
               ->  Gather Merge  (cost=50429.50..147658.59 rows=833334 width=20) (actual time=92.532..94.836 rows=10027 loops=1)
                     Workers Planned: 2
                     Workers Launched: 2
                     ->  Sort  (cost=49429.48..50471.15 rows=416667 width=20) (actual time=90.976..91.357 rows=4122 loops=3)
                           Sort Key: s_4.a, s_4.b, s_4.c, s_4.d
                           Sort Method: external merge  Disk: 9768kB
                           Worker 0:  Sort Method: external merge  Disk: 9800kB
                           Worker 1:  Sort Method: external merge  Disk: 9808kB
                           ->  Parallel Seq Scan on s_4  (cost=0.00..10536.67 rows=416667 width=20) (actual time=0.009..20.272 rows=333333 loops=3)
 Planning time: 0.250 ms
 Execution time: 103.959 ms
(18 rows)

===== 85 [Wed Mar  7 02:35:07 CET 2018] scale:1000000 groups:10 work_mem:32MB incremental:off max_workers:2 =====
SELECT * FROM (SELECT * FROM s_1 ORDER BY a) foo ORDER BY a, b LIMIT 10000
                                                              QUERY PLAN                                                               
---------------------------------------------------------------------------------------------------------------------------------------
 Limit  (cost=220601.40..220601.40 rows=1 width=20) (actual time=369.266..369.266 rows=0 loops=1)
   ->  Limit  (cost=220476.40..220501.40 rows=10000 width=20) (actual time=368.015..368.991 rows=10000 loops=1)
         ->  Sort  (cost=220476.40..222976.40 rows=1000000 width=20) (actual time=368.015..368.441 rows=10000 loops=1)
               Sort Key: s_1.a, s_1.b
               Sort Method: top-N heapsort  Memory: 2050kB
               ->  Sort  (cost=136537.84..139037.84 rows=1000000 width=20) (actual time=209.468..297.556 rows=1000000 loops=1)
                     Sort Key: s_1.a
                     Sort Method: external merge  Disk: 29360kB
                     ->  Seq Scan on s_1  (cost=0.00..16370.00 rows=1000000 width=20) (actual time=0.004..53.402 rows=1000000 loops=1)
 Planning time: 0.214 ms
 Execution time: 373.878 ms
(11 rows)

===== 86 [Wed Mar  7 02:35:09 CET 2018] scale:1000000 groups:10 work_mem:32MB incremental:off max_workers:2 =====
SELECT * FROM (SELECT * FROM s_2 ORDER BY a, b) foo ORDER BY a, b, c LIMIT 10000
                                                              QUERY PLAN                                                               
---------------------------------------------------------------------------------------------------------------------------------------
 Limit  (cost=220601.40..220601.40 rows=1 width=20) (actual time=399.363..399.363 rows=0 loops=1)
   ->  Limit  (cost=220476.40..220501.40 rows=10000 width=20) (actual time=398.127..399.090 rows=10000 loops=1)
         ->  Sort  (cost=220476.40..222976.40 rows=1000000 width=20) (actual time=398.126..398.547 rows=10000 loops=1)
               Sort Key: s_2.a, s_2.b, s_2.c
               Sort Method: top-N heapsort  Memory: 1679kB
               ->  Sort  (cost=136537.84..139037.84 rows=1000000 width=20) (actual time=227.131..323.548 rows=1000000 loops=1)
                     Sort Key: s_2.a, s_2.b
                     Sort Method: external merge  Disk: 29360kB
                     ->  Seq Scan on s_2  (cost=0.00..16370.00 rows=1000000 width=20) (actual time=0.010..53.155 rows=1000000 loops=1)
 Planning time: 0.219 ms
 Execution time: 403.945 ms
(11 rows)

===== 87 [Wed Mar  7 02:35:11 CET 2018] scale:1000000 groups:10 work_mem:32MB incremental:off max_workers:2 =====
SELECT * FROM (SELECT * FROM s_3 ORDER BY a, b, c) foo ORDER BY a, b, c, d LIMIT 10000
                                                              QUERY PLAN                                                               
---------------------------------------------------------------------------------------------------------------------------------------
 Limit  (cost=220601.40..220601.40 rows=1 width=20) (actual time=407.072..407.072 rows=0 loops=1)
   ->  Limit  (cost=220476.40..220501.40 rows=10000 width=20) (actual time=405.850..406.798 rows=10000 loops=1)
         ->  Sort  (cost=220476.40..222976.40 rows=1000000 width=20) (actual time=405.850..406.252 rows=10000 loops=1)
               Sort Key: s_3.a, s_3.b, s_3.c, s_3.d
               Sort Method: top-N heapsort  Memory: 1562kB
               ->  Sort  (cost=136537.84..139037.84 rows=1000000 width=20) (actual time=234.267..331.025 rows=1000000 loops=1)
                     Sort Key: s_3.a, s_3.b, s_3.c
                     Sort Method: external merge  Disk: 29360kB
                     ->  Seq Scan on s_3  (cost=0.00..16370.00 rows=1000000 width=20) (actual time=0.013..53.170 rows=1000000 loops=1)
 Planning time: 0.232 ms
 Execution time: 411.664 ms
(11 rows)

===== 88 [Wed Mar  7 02:35:13 CET 2018] scale:1000000 groups:10 work_mem:32MB incremental:off max_workers:2 =====
SELECT * FROM (SELECT * FROM s_4 ORDER BY a, b, c, d) foo ORDER BY a, b, c, d, e LIMIT 10000
                                                              QUERY PLAN                                                               
---------------------------------------------------------------------------------------------------------------------------------------
 Limit  (cost=220601.40..220601.40 rows=1 width=20) (actual time=415.213..415.213 rows=0 loops=1)
   ->  Limit  (cost=220476.40..220501.40 rows=10000 width=20) (actual time=413.993..414.937 rows=10000 loops=1)
         ->  Sort  (cost=220476.40..222976.40 rows=1000000 width=20) (actual time=413.993..414.393 rows=10000 loops=1)
               Sort Key: s_4.a, s_4.b, s_4.c, s_4.d, s_4.e
               Sort Method: top-N heapsort  Memory: 1551kB
               ->  Sort  (cost=136537.84..139037.84 rows=1000000 width=20) (actual time=241.463..338.203 rows=1000000 loops=1)
                     Sort Key: s_4.a, s_4.b, s_4.c, s_4.d
                     Sort Method: external merge  Disk: 29360kB
                     ->  Seq Scan on s_4  (cost=0.00..16370.00 rows=1000000 width=20) (actual time=0.011..53.230 rows=1000000 loops=1)
 Planning time: 0.238 ms
 Execution time: 419.786 ms
(11 rows)

===== 89 [Wed Mar  7 02:35:15 CET 2018] scale:1000000 groups:10 work_mem:64MB incremental:on max_workers:2 =====
SELECT * FROM (SELECT * FROM s_1 ORDER BY a) foo ORDER BY a, b LIMIT 10000
                                                                     QUERY PLAN                                                                     
----------------------------------------------------------------------------------------------------------------------------------------------------
 Limit  (cost=66947.02..66947.02 rows=1 width=20) (actual time=76.509..76.509 rows=0 loops=1)
   ->  Limit  (cost=66672.02..66847.02 rows=10000 width=20) (actual time=75.191..76.238 rows=10000 loops=1)
         ->  Incremental Sort  (cost=66672.02..84172.24 rows=1000000 width=20) (actual time=75.190..75.693 rows=10000 loops=1)
               Sort Key: s_1.a, s_1.b
               Presorted Key: s_1.a
               Sort Method: quicksort  Memory: 5427kB
               Sort Groups: 1
               ->  Gather Merge  (cost=50429.50..147658.59 rows=833334 width=20) (actual time=58.894..66.067 rows=49794 loops=1)
                     Workers Planned: 2
                     Workers Launched: 2
                     ->  Sort  (cost=49429.48..50471.15 rows=416667 width=20) (actual time=57.400..58.174 rows=17330 loops=3)
                           Sort Key: s_1.a
                           Sort Method: quicksort  Memory: 38046kB
                           Worker 0:  Sort Method: quicksort  Memory: 38476kB
                           Worker 1:  Sort Method: quicksort  Memory: 38469kB
                           ->  Parallel Seq Scan on s_1  (cost=0.00..10536.67 rows=416667 width=20) (actual time=0.006..20.229 rows=333333 loops=3)
 Planning time: 0.233 ms
 Execution time: 81.727 ms
(18 rows)

===== 90 [Wed Mar  7 02:35:15 CET 2018] scale:1000000 groups:10 work_mem:64MB incremental:on max_workers:2 =====
SELECT * FROM (SELECT * FROM s_2 ORDER BY a, b) foo ORDER BY a, b, c LIMIT 10000
                                                                     QUERY PLAN                                                                     
----------------------------------------------------------------------------------------------------------------------------------------------------
 Limit  (cost=52131.42..52131.42 rows=1 width=20) (actual time=69.816..69.816 rows=0 loops=1)
   ->  Limit  (cost=51853.41..52031.42 rows=10000 width=20) (actual time=64.881..69.540 rows=10000 loops=1)
         ->  Incremental Sort  (cost=51853.41..69654.85 rows=1000000 width=20) (actual time=64.881..68.994 rows=10000 loops=1)
               Sort Key: s_2.a, s_2.b, s_2.c
               Presorted Key: s_2.a, s_2.b
               Sort Method: quicksort  Memory: 589kB
               Sort Groups: 3
               ->  Gather Merge  (cost=50429.50..147658.59 rows=833334 width=20) (actual time=63.891..66.124 rows=12637 loops=1)
                     Workers Planned: 2
                     Workers Launched: 2
                     ->  Sort  (cost=49429.48..50471.15 rows=416667 width=20) (actual time=62.357..62.592 rows=4964 loops=3)
                           Sort Key: s_2.a, s_2.b
                           Sort Method: quicksort  Memory: 38010kB
                           Worker 0:  Sort Method: quicksort  Memory: 38488kB
                           Worker 1:  Sort Method: quicksort  Memory: 38493kB
                           ->  Parallel Seq Scan on s_2  (cost=0.00..10536.67 rows=416667 width=20) (actual time=0.009..20.242 rows=333333 loops=3)
 Planning time: 0.236 ms
 Execution time: 74.835 ms
(18 rows)

===== 91 [Wed Mar  7 02:35:16 CET 2018] scale:1000000 groups:10 work_mem:64MB incremental:on max_workers:2 =====
SELECT * FROM (SELECT * FROM s_3 ORDER BY a, b, c) foo ORDER BY a, b, c, d LIMIT 10000
                                                                     QUERY PLAN                                                                     
----------------------------------------------------------------------------------------------------------------------------------------------------
 Limit  (cost=50835.56..50835.56 rows=1 width=20) (actual time=71.348..71.348 rows=0 loops=1)
   ->  Limit  (cost=50545.95..50735.56 rows=10000 width=20) (actual time=66.114..71.076 rows=10000 loops=1)
         ->  Incremental Sort  (cost=50545.95..69506.08 rows=1000000 width=20) (actual time=66.113..70.517 rows=10000 loops=1)
               Sort Key: s_3.a, s_3.b, s_3.c, s_3.d
               Presorted Key: s_3.a, s_3.b, s_3.c
               Sort Method: quicksort  Memory: 68kB
               Sort Groups: 28
               ->  Gather Merge  (cost=50429.50..147658.59 rows=833334 width=20) (actual time=66.026..67.890 rows=10392 loops=1)
                     Workers Planned: 2
                     Workers Launched: 2
                     ->  Sort  (cost=49429.48..50471.15 rows=416667 width=20) (actual time=64.202..64.394 rows=4244 loops=3)
                           Sort Key: s_3.a, s_3.b, s_3.c
                           Sort Method: quicksort  Memory: 38353kB
                           Worker 0:  Sort Method: quicksort  Memory: 38561kB
                           Worker 1:  Sort Method: quicksort  Memory: 38076kB
                           ->  Parallel Seq Scan on s_3  (cost=0.00..10536.67 rows=416667 width=20) (actual time=0.010..20.276 rows=333333 loops=3)
 Planning time: 0.240 ms
 Execution time: 76.170 ms
(18 rows)

===== 92 [Wed Mar  7 02:35:16 CET 2018] scale:1000000 groups:10 work_mem:64MB incremental:on max_workers:2 =====
SELECT * FROM (SELECT * FROM s_4 ORDER BY a, b, c, d) foo ORDER BY a, b, c, d, e LIMIT 10000
                                                                     QUERY PLAN                                                                     
----------------------------------------------------------------------------------------------------------------------------------------------------
 Limit  (cost=50730.51..50730.51 rows=1 width=20) (actual time=73.635..73.635 rows=0 loops=1)
   ->  Limit  (cost=50438.91..50630.51 rows=10000 width=20) (actual time=68.046..73.360 rows=10000 loops=1)
         ->  Incremental Sort  (cost=50438.91..69599.31 rows=1000000 width=20) (actual time=68.046..72.809 rows=10000 loops=1)
               Sort Key: s_4.a, s_4.b, s_4.c, s_4.d, s_4.e
               Presorted Key: s_4.a, s_4.b, s_4.c, s_4.d
               Sort Method: quicksort  Memory: 30kB
               Sort Groups: 204
               ->  Gather Merge  (cost=50429.50..147658.59 rows=833334 width=20) (actual time=67.993..69.843 rows=10027 loops=1)
                     Workers Planned: 2
                     Workers Launched: 2
                     ->  Sort  (cost=49429.48..50471.15 rows=416667 width=20) (actual time=66.399..66.597 rows=4122 loops=3)
                           Sort Key: s_4.a, s_4.b, s_4.c, s_4.d
                           Sort Method: quicksort  Memory: 38230kB
                           Worker 0:  Sort Method: quicksort  Memory: 38407kB
                           Worker 1:  Sort Method: quicksort  Memory: 38353kB
                           ->  Parallel Seq Scan on s_4  (cost=0.00..10536.67 rows=416667 width=20) (actual time=0.011..20.277 rows=333333 loops=3)
 Planning time: 0.251 ms
 Execution time: 78.687 ms
(18 rows)

===== 93 [Wed Mar  7 02:35:17 CET 2018] scale:1000000 groups:10 work_mem:64MB incremental:off max_workers:2 =====
SELECT * FROM (SELECT * FROM s_1 ORDER BY a) foo ORDER BY a, b LIMIT 10000
                                                              QUERY PLAN                                                               
---------------------------------------------------------------------------------------------------------------------------------------
 Limit  (cost=200091.40..200091.40 rows=1 width=20) (actual time=387.101..387.101 rows=0 loops=1)
   ->  Limit  (cost=199966.40..199991.40 rows=10000 width=20) (actual time=385.854..386.826 rows=10000 loops=1)
         ->  Sort  (cost=199966.40..202466.40 rows=1000000 width=20) (actual time=385.854..386.278 rows=10000 loops=1)
               Sort Key: s_1.a, s_1.b
               Sort Method: top-N heapsort  Memory: 2050kB
               ->  Sort  (cost=116027.84..118527.84 rows=1000000 width=20) (actual time=226.749..310.959 rows=1000000 loops=1)
                     Sort Key: s_1.a
                     Sort Method: external merge  Disk: 29360kB
                     ->  Seq Scan on s_1  (cost=0.00..16370.00 rows=1000000 width=20) (actual time=0.004..55.295 rows=1000000 loops=1)
 Planning time: 0.215 ms
 Execution time: 390.597 ms
(11 rows)

===== 94 [Wed Mar  7 02:35:19 CET 2018] scale:1000000 groups:10 work_mem:64MB incremental:off max_workers:2 =====
SELECT * FROM (SELECT * FROM s_2 ORDER BY a, b) foo ORDER BY a, b, c LIMIT 10000
                                                              QUERY PLAN                                                               
---------------------------------------------------------------------------------------------------------------------------------------
 Limit  (cost=200091.40..200091.40 rows=1 width=20) (actual time=408.243..408.243 rows=0 loops=1)
   ->  Limit  (cost=199966.40..199991.40 rows=10000 width=20) (actual time=407.006..407.971 rows=10000 loops=1)
         ->  Sort  (cost=199966.40..202466.40 rows=1000000 width=20) (actual time=407.005..407.428 rows=10000 loops=1)
               Sort Key: s_2.a, s_2.b, s_2.c
               Sort Method: top-N heapsort  Memory: 1679kB
               ->  Sort  (cost=116027.84..118527.84 rows=1000000 width=20) (actual time=245.378..334.808 rows=1000000 loops=1)
                     Sort Key: s_2.a, s_2.b
                     Sort Method: external merge  Disk: 29360kB
                     ->  Seq Scan on s_2  (cost=0.00..16370.00 rows=1000000 width=20) (actual time=0.010..54.898 rows=1000000 loops=1)
 Planning time: 0.216 ms
 Execution time: 411.730 ms
(11 rows)

===== 95 [Wed Mar  7 02:35:21 CET 2018] scale:1000000 groups:10 work_mem:64MB incremental:off max_workers:2 =====
SELECT * FROM (SELECT * FROM s_3 ORDER BY a, b, c) foo ORDER BY a, b, c, d LIMIT 10000
                                                              QUERY PLAN                                                               
---------------------------------------------------------------------------------------------------------------------------------------
 Limit  (cost=200091.40..200091.40 rows=1 width=20) (actual time=415.801..415.801 rows=0 loops=1)
   ->  Limit  (cost=199966.40..199991.40 rows=10000 width=20) (actual time=414.588..415.534 rows=10000 loops=1)
         ->  Sort  (cost=199966.40..202466.40 rows=1000000 width=20) (actual time=414.587..414.991 rows=10000 loops=1)
               Sort Key: s_3.a, s_3.b, s_3.c, s_3.d
               Sort Method: top-N heapsort  Memory: 1562kB
               ->  Sort  (cost=116027.84..118527.84 rows=1000000 width=20) (actual time=252.495..342.112 rows=1000000 loops=1)
                     Sort Key: s_3.a, s_3.b, s_3.c
                     Sort Method: external merge  Disk: 29360kB
                     ->  Seq Scan on s_3  (cost=0.00..16370.00 rows=1000000 width=20) (actual time=0.013..55.020 rows=1000000 loops=1)
 Planning time: 0.229 ms
 Execution time: 419.284 ms
(11 rows)

===== 96 [Wed Mar  7 02:35:23 CET 2018] scale:1000000 groups:10 work_mem:64MB incremental:off max_workers:2 =====
SELECT * FROM (SELECT * FROM s_4 ORDER BY a, b, c, d) foo ORDER BY a, b, c, d, e LIMIT 10000
                                                              QUERY PLAN                                                               
---------------------------------------------------------------------------------------------------------------------------------------
 Limit  (cost=200091.40..200091.40 rows=1 width=20) (actual time=423.664..423.664 rows=0 loops=1)
   ->  Limit  (cost=199966.40..199991.40 rows=10000 width=20) (actual time=422.450..423.392 rows=10000 loops=1)
         ->  Sort  (cost=199966.40..202466.40 rows=1000000 width=20) (actual time=422.449..422.851 rows=10000 loops=1)
               Sort Key: s_4.a, s_4.b, s_4.c, s_4.d, s_4.e
               Sort Method: top-N heapsort  Memory: 1551kB
               ->  Sort  (cost=116027.84..118527.84 rows=1000000 width=20) (actual time=259.458..349.123 rows=1000000 loops=1)
                     Sort Key: s_4.a, s_4.b, s_4.c, s_4.d
                     Sort Method: external merge  Disk: 29360kB
                     ->  Seq Scan on s_4  (cost=0.00..16370.00 rows=1000000 width=20) (actual time=0.011..55.000 rows=1000000 loops=1)
 Planning time: 0.234 ms
 Execution time: 427.163 ms
(11 rows)

===== 97 [Wed Mar  7 02:35:25 CET 2018] scale:1000000 groups:10 work_mem:128MB incremental:on max_workers:2 =====
SELECT * FROM (SELECT * FROM s_1 ORDER BY a) foo ORDER BY a, b LIMIT 10000
                                                                     QUERY PLAN                                                                     
----------------------------------------------------------------------------------------------------------------------------------------------------
 Limit  (cost=66947.02..66947.02 rows=1 width=20) (actual time=76.408..76.408 rows=0 loops=1)
   ->  Limit  (cost=66672.02..66847.02 rows=10000 width=20) (actual time=75.112..76.129 rows=10000 loops=1)
         ->  Incremental Sort  (cost=66672.02..84172.24 rows=1000000 width=20) (actual time=75.112..75.582 rows=10000 loops=1)
               Sort Key: s_1.a, s_1.b
               Presorted Key: s_1.a
               Sort Method: quicksort  Memory: 5427kB
               Sort Groups: 1
               ->  Gather Merge  (cost=50429.50..147658.59 rows=833334 width=20) (actual time=58.923..66.087 rows=49794 loops=1)
                     Workers Planned: 2
                     Workers Launched: 2
                     ->  Sort  (cost=49429.48..50471.15 rows=416667 width=20) (actual time=57.426..58.196 rows=17195 loops=3)
                           Sort Key: s_1.a
                           Sort Method: quicksort  Memory: 38113kB
                           Worker 0:  Sort Method: quicksort  Memory: 38439kB
                           Worker 1:  Sort Method: quicksort  Memory: 38439kB
                           ->  Parallel Seq Scan on s_1  (cost=0.00..10536.67 rows=416667 width=20) (actual time=0.006..20.225 rows=333333 loops=3)
 Planning time: 0.227 ms
 Execution time: 81.720 ms
(18 rows)

===== 98 [Wed Mar  7 02:35:25 CET 2018] scale:1000000 groups:10 work_mem:128MB incremental:on max_workers:2 =====
SELECT * FROM (SELECT * FROM s_2 ORDER BY a, b) foo ORDER BY a, b, c LIMIT 10000
                                                                     QUERY PLAN                                                                     
----------------------------------------------------------------------------------------------------------------------------------------------------
 Limit  (cost=52131.42..52131.42 rows=1 width=20) (actual time=69.751..69.751 rows=0 loops=1)
   ->  Limit  (cost=51853.41..52031.42 rows=10000 width=20) (actual time=64.809..69.469 rows=10000 loops=1)
         ->  Incremental Sort  (cost=51853.41..69654.85 rows=1000000 width=20) (actual time=64.808..68.923 rows=10000 loops=1)
               Sort Key: s_2.a, s_2.b, s_2.c
               Presorted Key: s_2.a, s_2.b
               Sort Method: quicksort  Memory: 589kB
               Sort Groups: 3
               ->  Gather Merge  (cost=50429.50..147658.59 rows=833334 width=20) (actual time=63.834..66.059 rows=12637 loops=1)
                     Workers Planned: 2
                     Workers Launched: 2
                     ->  Sort  (cost=49429.48..50471.15 rows=416667 width=20) (actual time=62.316..62.546 rows=4964 loops=3)
                           Sort Key: s_2.a, s_2.b
                           Sort Method: quicksort  Memory: 38046kB
                           Worker 0:  Sort Method: quicksort  Memory: 38456kB
                           Worker 1:  Sort Method: quicksort  Memory: 38488kB
                           ->  Parallel Seq Scan on s_2  (cost=0.00..10536.67 rows=416667 width=20) (actual time=0.009..20.262 rows=333333 loops=3)
 Planning time: 0.247 ms
 Execution time: 74.767 ms
(18 rows)

===== 99 [Wed Mar  7 02:35:26 CET 2018] scale:1000000 groups:10 work_mem:128MB incremental:on max_workers:2 =====
SELECT * FROM (SELECT * FROM s_3 ORDER BY a, b, c) foo ORDER BY a, b, c, d LIMIT 10000
                                                                     QUERY PLAN                                                                     
----------------------------------------------------------------------------------------------------------------------------------------------------
 Limit  (cost=50835.56..50835.56 rows=1 width=20) (actual time=70.975..70.975 rows=0 loops=1)
   ->  Limit  (cost=50545.95..50735.56 rows=10000 width=20) (actual time=65.720..70.704 rows=10000 loops=1)
         ->  Incremental Sort  (cost=50545.95..69506.08 rows=1000000 width=20) (actual time=65.719..70.154 rows=10000 loops=1)
               Sort Key: s_3.a, s_3.b, s_3.c, s_3.d
               Presorted Key: s_3.a, s_3.b, s_3.c
               Sort Method: quicksort  Memory: 68kB
               Sort Groups: 28
               ->  Gather Merge  (cost=50429.50..147658.59 rows=833334 width=20) (actual time=65.634..67.523 rows=10392 loops=1)
                     Workers Planned: 2
                     Workers Launched: 2
                     ->  Sort  (cost=49429.48..50471.15 rows=416667 width=20) (actual time=64.117..64.309 rows=4244 loops=3)
                           Sort Key: s_3.a, s_3.b, s_3.c
                           Sort Method: quicksort  Memory: 38236kB
                           Worker 0:  Sort Method: quicksort  Memory: 38377kB
                           Worker 1:  Sort Method: quicksort  Memory: 38377kB
                           ->  Parallel Seq Scan on s_3  (cost=0.00..10536.67 rows=416667 width=20) (actual time=0.011..20.250 rows=333333 loops=3)
 Planning time: 0.243 ms
 Execution time: 76.019 ms
(18 rows)

===== 100 [Wed Mar  7 02:35:26 CET 2018] scale:1000000 groups:10 work_mem:128MB incremental:on max_workers:2 =====
SELECT * FROM (SELECT * FROM s_4 ORDER BY a, b, c, d) foo ORDER BY a, b, c, d, e LIMIT 10000
                                                                     QUERY PLAN                                                                     
----------------------------------------------------------------------------------------------------------------------------------------------------
 Limit  (cost=50730.51..50730.51 rows=1 width=20) (actual time=73.667..73.667 rows=0 loops=1)
   ->  Limit  (cost=50438.91..50630.51 rows=10000 width=20) (actual time=68.077..73.392 rows=10000 loops=1)
         ->  Incremental Sort  (cost=50438.91..69599.31 rows=1000000 width=20) (actual time=68.076..72.840 rows=10000 loops=1)
               Sort Key: s_4.a, s_4.b, s_4.c, s_4.d, s_4.e
               Presorted Key: s_4.a, s_4.b, s_4.c, s_4.d
               Sort Method: quicksort  Memory: 30kB
               Sort Groups: 204
               ->  Gather Merge  (cost=50429.50..147658.59 rows=833334 width=20) (actual time=68.023..69.873 rows=10027 loops=1)
                     Workers Planned: 2
                     Workers Launched: 2
                     ->  Sort  (cost=49429.48..50471.15 rows=416667 width=20) (actual time=66.460..66.657 rows=4122 loops=3)
                           Sort Key: s_4.a, s_4.b, s_4.c, s_4.d
                           Sort Method: quicksort  Memory: 38243kB
                           Worker 0:  Sort Method: quicksort  Memory: 38383kB
                           Worker 1:  Sort Method: quicksort  Memory: 38365kB
                           ->  Parallel Seq Scan on s_4  (cost=0.00..10536.67 rows=416667 width=20) (actual time=0.009..20.290 rows=333333 loops=3)
 Planning time: 0.248 ms
 Execution time: 78.729 ms
(18 rows)

===== 101 [Wed Mar  7 02:35:27 CET 2018] scale:1000000 groups:10 work_mem:128MB incremental:off max_workers:2 =====
SELECT * FROM (SELECT * FROM s_1 ORDER BY a) foo ORDER BY a, b LIMIT 10000
                                                              QUERY PLAN                                                               
---------------------------------------------------------------------------------------------------------------------------------------
 Limit  (cost=200091.40..200091.40 rows=1 width=20) (actual time=277.728..277.728 rows=0 loops=1)
   ->  Limit  (cost=199966.40..199991.40 rows=10000 width=20) (actual time=276.482..277.453 rows=10000 loops=1)
         ->  Sort  (cost=199966.40..202466.40 rows=1000000 width=20) (actual time=276.481..276.904 rows=10000 loops=1)
               Sort Key: s_1.a, s_1.b
               Sort Method: top-N heapsort  Memory: 2050kB
               ->  Sort  (cost=116027.84..118527.84 rows=1000000 width=20) (actual time=163.292..198.428 rows=1000000 loops=1)
                     Sort Key: s_1.a
                     Sort Method: quicksort  Memory: 102702kB
                     ->  Seq Scan on s_1  (cost=0.00..16370.00 rows=1000000 width=20) (actual time=0.004..55.504 rows=1000000 loops=1)
 Planning time: 0.211 ms
 Execution time: 282.172 ms
(11 rows)

===== 102 [Wed Mar  7 02:35:28 CET 2018] scale:1000000 groups:10 work_mem:128MB incremental:off max_workers:2 =====
SELECT * FROM (SELECT * FROM s_2 ORDER BY a, b) foo ORDER BY a, b, c LIMIT 10000
                                                              QUERY PLAN                                                               
---------------------------------------------------------------------------------------------------------------------------------------
 Limit  (cost=200091.40..200091.40 rows=1 width=20) (actual time=297.700..297.700 rows=0 loops=1)
   ->  Limit  (cost=199966.40..199991.40 rows=10000 width=20) (actual time=296.459..297.424 rows=10000 loops=1)
         ->  Sort  (cost=199966.40..202466.40 rows=1000000 width=20) (actual time=296.458..296.877 rows=10000 loops=1)
               Sort Key: s_2.a, s_2.b, s_2.c
               Sort Method: top-N heapsort  Memory: 1679kB
               ->  Sort  (cost=116027.84..118527.84 rows=1000000 width=20) (actual time=180.764..216.042 rows=1000000 loops=1)
                     Sort Key: s_2.a, s_2.b
                     Sort Method: quicksort  Memory: 102702kB
                     ->  Seq Scan on s_2  (cost=0.00..16370.00 rows=1000000 width=20) (actual time=0.010..55.257 rows=1000000 loops=1)
 Planning time: 0.217 ms
 Execution time: 302.145 ms
(11 rows)

===== 103 [Wed Mar  7 02:35:29 CET 2018] scale:1000000 groups:10 work_mem:128MB incremental:off max_workers:2 =====
SELECT * FROM (SELECT * FROM s_3 ORDER BY a, b, c) foo ORDER BY a, b, c, d LIMIT 10000
                                                              QUERY PLAN                                                               
---------------------------------------------------------------------------------------------------------------------------------------
 Limit  (cost=200091.40..200091.40 rows=1 width=20) (actual time=305.229..305.229 rows=0 loops=1)
   ->  Limit  (cost=199966.40..199991.40 rows=10000 width=20) (actual time=304.009..304.957 rows=10000 loops=1)
         ->  Sort  (cost=199966.40..202466.40 rows=1000000 width=20) (actual time=304.008..304.409 rows=10000 loops=1)
               Sort Key: s_3.a, s_3.b, s_3.c, s_3.d
               Sort Method: top-N heapsort  Memory: 1562kB
               ->  Sort  (cost=116027.84..118527.84 rows=1000000 width=20) (actual time=188.107..223.415 rows=1000000 loops=1)
                     Sort Key: s_3.a, s_3.b, s_3.c
                     Sort Method: quicksort  Memory: 102702kB
                     ->  Seq Scan on s_3  (cost=0.00..16370.00 rows=1000000 width=20) (actual time=0.013..55.268 rows=1000000 loops=1)
 Planning time: 0.223 ms
 Execution time: 309.672 ms
(11 rows)

===== 104 [Wed Mar  7 02:35:31 CET 2018] scale:1000000 groups:10 work_mem:128MB incremental:off max_workers:2 =====
SELECT * FROM (SELECT * FROM s_4 ORDER BY a, b, c, d) foo ORDER BY a, b, c, d, e LIMIT 10000
                                                              QUERY PLAN                                                               
---------------------------------------------------------------------------------------------------------------------------------------
 Limit  (cost=200091.40..200091.40 rows=1 width=20) (actual time=313.033..313.033 rows=0 loops=1)
   ->  Limit  (cost=199966.40..199991.40 rows=10000 width=20) (actual time=311.816..312.759 rows=10000 loops=1)
         ->  Sort  (cost=199966.40..202466.40 rows=1000000 width=20) (actual time=311.815..312.213 rows=10000 loops=1)
               Sort Key: s_4.a, s_4.b, s_4.c, s_4.d, s_4.e
               Sort Method: top-N heapsort  Memory: 1551kB
               ->  Sort  (cost=116027.84..118527.84 rows=1000000 width=20) (actual time=195.070..230.341 rows=1000000 loops=1)
                     Sort Key: s_4.a, s_4.b, s_4.c, s_4.d
                     Sort Method: quicksort  Memory: 102702kB
                     ->  Seq Scan on s_4  (cost=0.00..16370.00 rows=1000000 width=20) (actual time=0.011..55.346 rows=1000000 loops=1)
 Planning time: 0.230 ms
 Execution time: 317.471 ms
(11 rows)

===== 105 [Wed Mar  7 02:35:32 CET 2018] scale:1000000 groups:10 work_mem:256MB incremental:on max_workers:2 =====
SELECT * FROM (SELECT * FROM s_1 ORDER BY a) foo ORDER BY a, b LIMIT 10000
                                                                     QUERY PLAN                                                                     
----------------------------------------------------------------------------------------------------------------------------------------------------
 Limit  (cost=66947.02..66947.02 rows=1 width=20) (actual time=76.491..76.491 rows=0 loops=1)
   ->  Limit  (cost=66672.02..66847.02 rows=10000 width=20) (actual time=75.172..76.215 rows=10000 loops=1)
         ->  Incremental Sort  (cost=66672.02..84172.24 rows=1000000 width=20) (actual time=75.171..75.667 rows=10000 loops=1)
               Sort Key: s_1.a, s_1.b
               Presorted Key: s_1.a
               Sort Method: quicksort  Memory: 5427kB
               Sort Groups: 1
               ->  Gather Merge  (cost=50429.50..147658.59 rows=833334 width=20) (actual time=58.886..66.060 rows=49794 loops=1)
                     Workers Planned: 2
                     Workers Launched: 2
                     ->  Sort  (cost=49429.48..50471.15 rows=416667 width=20) (actual time=57.422..58.200 rows=17330 loops=3)
                           Sort Key: s_1.a
                           Sort Method: quicksort  Memory: 38064kB
                           Worker 0:  Sort Method: quicksort  Memory: 38463kB
                           Worker 1:  Sort Method: quicksort  Memory: 38463kB
                           ->  Parallel Seq Scan on s_1  (cost=0.00..10536.67 rows=416667 width=20) (actual time=0.006..20.226 rows=333333 loops=3)
 Planning time: 0.229 ms
 Execution time: 81.749 ms
(18 rows)

===== 106 [Wed Mar  7 02:35:33 CET 2018] scale:1000000 groups:10 work_mem:256MB incremental:on max_workers:2 =====
SELECT * FROM (SELECT * FROM s_2 ORDER BY a, b) foo ORDER BY a, b, c LIMIT 10000
                                                                     QUERY PLAN                                                                     
----------------------------------------------------------------------------------------------------------------------------------------------------
 Limit  (cost=52131.42..52131.42 rows=1 width=20) (actual time=69.809..69.809 rows=0 loops=1)
   ->  Limit  (cost=51853.41..52031.42 rows=10000 width=20) (actual time=64.861..69.533 rows=10000 loops=1)
         ->  Incremental Sort  (cost=51853.41..69654.85 rows=1000000 width=20) (actual time=64.861..68.987 rows=10000 loops=1)
               Sort Key: s_2.a, s_2.b, s_2.c
               Presorted Key: s_2.a, s_2.b
               Sort Method: quicksort  Memory: 589kB
               Sort Groups: 3
               ->  Gather Merge  (cost=50429.50..147658.59 rows=833334 width=20) (actual time=63.865..66.110 rows=12637 loops=1)
                     Workers Planned: 2
                     Workers Launched: 2
                     ->  Sort  (cost=49429.48..50471.15 rows=416667 width=20) (actual time=62.295..62.528 rows=4919 loops=3)
                           Sort Key: s_2.a, s_2.b
                           Sort Method: quicksort  Memory: 38034kB
                           Worker 0:  Sort Method: quicksort  Memory: 38500kB
                           Worker 1:  Sort Method: quicksort  Memory: 38456kB
                           ->  Parallel Seq Scan on s_2  (cost=0.00..10536.67 rows=416667 width=20) (actual time=0.009..20.265 rows=333333 loops=3)
 Planning time: 0.231 ms
 Execution time: 74.881 ms
(18 rows)

===== 107 [Wed Mar  7 02:35:33 CET 2018] scale:1000000 groups:10 work_mem:256MB incremental:on max_workers:2 =====
SELECT * FROM (SELECT * FROM s_3 ORDER BY a, b, c) foo ORDER BY a, b, c, d LIMIT 10000
                                                                     QUERY PLAN                                                                     
----------------------------------------------------------------------------------------------------------------------------------------------------
 Limit  (cost=50835.56..50835.56 rows=1 width=20) (actual time=71.089..71.089 rows=0 loops=1)
   ->  Limit  (cost=50545.95..50735.56 rows=10000 width=20) (actual time=65.828..70.817 rows=10000 loops=1)
         ->  Incremental Sort  (cost=50545.95..69506.08 rows=1000000 width=20) (actual time=65.828..70.267 rows=10000 loops=1)
               Sort Key: s_3.a, s_3.b, s_3.c, s_3.d
               Presorted Key: s_3.a, s_3.b, s_3.c
               Sort Method: quicksort  Memory: 68kB
               Sort Groups: 28
               ->  Gather Merge  (cost=50429.50..147658.59 rows=833334 width=20) (actual time=65.747..67.645 rows=10392 loops=1)
                     Workers Planned: 2
                     Workers Launched: 2
                     ->  Sort  (cost=49429.48..50471.15 rows=416667 width=20) (actual time=64.259..64.450 rows=4244 loops=3)
                           Sort Key: s_3.a, s_3.b, s_3.c
                           Sort Method: quicksort  Memory: 38243kB
                           Worker 0:  Sort Method: quicksort  Memory: 38383kB
                           Worker 1:  Sort Method: quicksort  Memory: 38365kB
                           ->  Parallel Seq Scan on s_3  (cost=0.00..10536.67 rows=416667 width=20) (actual time=0.010..20.297 rows=333333 loops=3)
 Planning time: 0.241 ms
 Execution time: 76.233 ms
(18 rows)

===== 108 [Wed Mar  7 02:35:34 CET 2018] scale:1000000 groups:10 work_mem:256MB incremental:on max_workers:2 =====
SELECT * FROM (SELECT * FROM s_4 ORDER BY a, b, c, d) foo ORDER BY a, b, c, d, e LIMIT 10000
                                                                     QUERY PLAN                                                                     
----------------------------------------------------------------------------------------------------------------------------------------------------
 Limit  (cost=50730.51..50730.51 rows=1 width=20) (actual time=73.634..73.634 rows=0 loops=1)
   ->  Limit  (cost=50438.91..50630.51 rows=10000 width=20) (actual time=68.042..73.359 rows=10000 loops=1)
         ->  Incremental Sort  (cost=50438.91..69599.31 rows=1000000 width=20) (actual time=68.041..72.807 rows=10000 loops=1)
               Sort Key: s_4.a, s_4.b, s_4.c, s_4.d, s_4.e
               Presorted Key: s_4.a, s_4.b, s_4.c, s_4.d
               Sort Method: quicksort  Memory: 30kB
               Sort Groups: 204
               ->  Gather Merge  (cost=50429.50..147658.59 rows=833334 width=20) (actual time=67.989..69.841 rows=10027 loops=1)
                     Workers Planned: 2
                     Workers Launched: 2
                     ->  Sort  (cost=49429.48..50471.15 rows=416667 width=20) (actual time=66.415..66.614 rows=4122 loops=3)
                           Sort Key: s_4.a, s_4.b, s_4.c, s_4.d
                           Sort Method: quicksort  Memory: 38169kB
                           Worker 0:  Sort Method: quicksort  Memory: 38407kB
                           Worker 1:  Sort Method: quicksort  Memory: 38414kB
                           ->  Parallel Seq Scan on s_4  (cost=0.00..10536.67 rows=416667 width=20) (actual time=0.009..20.295 rows=333333 loops=3)
 Planning time: 0.250 ms
 Execution time: 78.676 ms
(18 rows)

===== 109 [Wed Mar  7 02:35:34 CET 2018] scale:1000000 groups:10 work_mem:256MB incremental:off max_workers:2 =====
SELECT * FROM (SELECT * FROM s_1 ORDER BY a) foo ORDER BY a, b LIMIT 10000
                                                              QUERY PLAN                                                               
---------------------------------------------------------------------------------------------------------------------------------------
 Limit  (cost=200091.40..200091.40 rows=1 width=20) (actual time=278.000..278.000 rows=0 loops=1)
   ->  Limit  (cost=199966.40..199991.40 rows=10000 width=20) (actual time=276.752..277.726 rows=10000 loops=1)
         ->  Sort  (cost=199966.40..202466.40 rows=1000000 width=20) (actual time=276.751..277.176 rows=10000 loops=1)
               Sort Key: s_1.a, s_1.b
               Sort Method: top-N heapsort  Memory: 2050kB
               ->  Sort  (cost=116027.84..118527.84 rows=1000000 width=20) (actual time=163.567..198.690 rows=1000000 loops=1)
                     Sort Key: s_1.a
                     Sort Method: quicksort  Memory: 102702kB
                     ->  Seq Scan on s_1  (cost=0.00..16370.00 rows=1000000 width=20) (actual time=0.004..55.475 rows=1000000 loops=1)
 Planning time: 0.215 ms
 Execution time: 282.449 ms
(11 rows)

===== 110 [Wed Mar  7 02:35:36 CET 2018] scale:1000000 groups:10 work_mem:256MB incremental:off max_workers:2 =====
SELECT * FROM (SELECT * FROM s_2 ORDER BY a, b) foo ORDER BY a, b, c LIMIT 10000
                                                              QUERY PLAN                                                               
---------------------------------------------------------------------------------------------------------------------------------------
 Limit  (cost=200091.40..200091.40 rows=1 width=20) (actual time=297.791..297.791 rows=0 loops=1)
   ->  Limit  (cost=199966.40..199991.40 rows=10000 width=20) (actual time=296.549..297.514 rows=10000 loops=1)
         ->  Sort  (cost=199966.40..202466.40 rows=1000000 width=20) (actual time=296.548..296.970 rows=10000 loops=1)
               Sort Key: s_2.a, s_2.b, s_2.c
               Sort Method: top-N heapsort  Memory: 1679kB
               ->  Sort  (cost=116027.84..118527.84 rows=1000000 width=20) (actual time=180.852..216.116 rows=1000000 loops=1)
                     Sort Key: s_2.a, s_2.b
                     Sort Method: quicksort  Memory: 102702kB
                     ->  Seq Scan on s_2  (cost=0.00..16370.00 rows=1000000 width=20) (actual time=0.010..55.294 rows=1000000 loops=1)
 Planning time: 0.220 ms
 Execution time: 302.220 ms
(11 rows)

===== 111 [Wed Mar  7 02:35:37 CET 2018] scale:1000000 groups:10 work_mem:256MB incremental:off max_workers:2 =====
SELECT * FROM (SELECT * FROM s_3 ORDER BY a, b, c) foo ORDER BY a, b, c, d LIMIT 10000
                                                              QUERY PLAN                                                               
---------------------------------------------------------------------------------------------------------------------------------------
 Limit  (cost=200091.40..200091.40 rows=1 width=20) (actual time=305.056..305.056 rows=0 loops=1)
   ->  Limit  (cost=199966.40..199991.40 rows=10000 width=20) (actual time=303.844..304.786 rows=10000 loops=1)
         ->  Sort  (cost=199966.40..202466.40 rows=1000000 width=20) (actual time=303.844..304.243 rows=10000 loops=1)
               Sort Key: s_3.a, s_3.b, s_3.c, s_3.d
               Sort Method: top-N heapsort  Memory: 1562kB
               ->  Sort  (cost=116027.84..118527.84 rows=1000000 width=20) (actual time=187.941..223.212 rows=1000000 loops=1)
                     Sort Key: s_3.a, s_3.b, s_3.c
                     Sort Method: quicksort  Memory: 102702kB
                     ->  Seq Scan on s_3  (cost=0.00..16370.00 rows=1000000 width=20) (actual time=0.013..55.310 rows=1000000 loops=1)
 Planning time: 0.224 ms
 Execution time: 309.489 ms
(11 rows)

===== 112 [Wed Mar  7 02:35:38 CET 2018] scale:1000000 groups:10 work_mem:256MB incremental:off max_workers:2 =====
SELECT * FROM (SELECT * FROM s_4 ORDER BY a, b, c, d) foo ORDER BY a, b, c, d, e LIMIT 10000
                                                              QUERY PLAN                                                               
---------------------------------------------------------------------------------------------------------------------------------------
 Limit  (cost=200091.40..200091.40 rows=1 width=20) (actual time=313.000..313.000 rows=0 loops=1)
   ->  Limit  (cost=199966.40..199991.40 rows=10000 width=20) (actual time=311.781..312.725 rows=10000 loops=1)
         ->  Sort  (cost=199966.40..202466.40 rows=1000000 width=20) (actual time=311.780..312.179 rows=10000 loops=1)
               Sort Key: s_4.a, s_4.b, s_4.c, s_4.d, s_4.e
               Sort Method: top-N heapsort  Memory: 1551kB
               ->  Sort  (cost=116027.84..118527.84 rows=1000000 width=20) (actual time=195.003..230.280 rows=1000000 loops=1)
                     Sort Key: s_4.a, s_4.b, s_4.c, s_4.d
                     Sort Method: quicksort  Memory: 102702kB
                     ->  Seq Scan on s_4  (cost=0.00..16370.00 rows=1000000 width=20) (actual time=0.010..55.377 rows=1000000 loops=1)
 Planning time: 0.232 ms
 Execution time: 317.446 ms
(11 rows)

===== 113 [Wed Mar  7 02:35:47 CET 2018] scale:1000000 groups:100 work_mem:4MB incremental:on max_workers:0 =====
SELECT * FROM (SELECT * FROM s_1 ORDER BY a) foo ORDER BY a, b LIMIT 10000
                                                              QUERY PLAN                                                               
---------------------------------------------------------------------------------------------------------------------------------------
 Limit  (cost=137593.80..137593.80 rows=1 width=20) (actual time=234.348..234.348 rows=0 loops=1)
   ->  Limit  (cost=137318.70..137493.80 rows=10000 width=20) (actual time=229.869..234.069 rows=10000 loops=1)
         ->  Incremental Sort  (cost=137318.70..154828.53 rows=1000000 width=20) (actual time=229.869..233.521 rows=10000 loops=1)
               Sort Key: s_1.a, s_1.b
               Presorted Key: s_1.a
               Sort Method: quicksort  Memory: 1174kB
               Sort Groups: 2
               ->  Sort  (cost=136537.84..139037.84 rows=1000000 width=20) (actual time=228.253..229.658 rows=15123 loops=1)
                     Sort Key: s_1.a
                     Sort Method: external merge  Disk: 29360kB
                     ->  Seq Scan on s_1  (cost=0.00..16370.00 rows=1000000 width=20) (actual time=0.013..68.411 rows=1000000 loops=1)
 Planning time: 0.229 ms
 Execution time: 238.029 ms
(13 rows)

===== 114 [Wed Mar  7 02:35:48 CET 2018] scale:1000000 groups:100 work_mem:4MB incremental:on max_workers:0 =====
SELECT * FROM (SELECT * FROM s_2 ORDER BY a, b) foo ORDER BY a, b, c LIMIT 10000
                                                              QUERY PLAN                                                               
---------------------------------------------------------------------------------------------------------------------------------------
 Limit  (cost=136823.86..136823.86 rows=1 width=20) (actual time=245.062..245.062 rows=0 loops=1)
   ->  Limit  (cost=136542.31..136723.86 rows=10000 width=20) (actual time=240.511..244.788 rows=10000 loops=1)
         ->  Incremental Sort  (cost=136542.31..154697.62 rows=1000000 width=20) (actual time=240.510..244.240 rows=10000 loops=1)
               Sort Key: s_2.a, s_2.b, s_2.c
               Presorted Key: s_2.a, s_2.b
               Sort Method: quicksort  Memory: 34kB
               Sort Groups: 150
               ->  Sort  (cost=136537.84..139037.84 rows=1000000 width=20) (actual time=240.444..241.416 rows=10073 loops=1)
                     Sort Key: s_2.a, s_2.b
                     Sort Method: external merge  Disk: 29360kB
                     ->  Seq Scan on s_2  (cost=0.00..16370.00 rows=1000000 width=20) (actual time=0.023..68.527 rows=1000000 loops=1)
 Planning time: 0.216 ms
 Execution time: 248.645 ms
(13 rows)

===== 115 [Wed Mar  7 02:35:50 CET 2018] scale:1000000 groups:100 work_mem:4MB incremental:on max_workers:0 =====
SELECT * FROM (SELECT * FROM s_3 ORDER BY a, b, c) foo ORDER BY a, b, c, d LIMIT 10000
                                                              QUERY PLAN                                                               
---------------------------------------------------------------------------------------------------------------------------------------
 Limit  (cost=136836.04..136836.04 rows=1 width=20) (actual time=261.024..261.024 rows=0 loops=1)
   ->  Limit  (cost=136538.13..136736.04 rows=10000 width=20) (actual time=256.992..260.741 rows=10000 loops=1)
         ->  Incremental Sort  (cost=136538.13..156328.94 rows=1000000 width=20) (actual time=256.992..260.196 rows=10000 loops=1)
               Sort Key: s_3.a, s_3.b, s_3.c, s_3.d
               Presorted Key: s_3.a, s_3.b, s_3.c
               Sort Method: quicksort  Memory: 27kB
               Sort Groups: 309
               ->  Sort  (cost=136537.84..139037.84 rows=1000000 width=20) (actual time=256.938..257.924 rows=10009 loops=1)
                     Sort Key: s_3.a, s_3.b, s_3.c
                     Sort Method: external merge  Disk: 29360kB
                     ->  Seq Scan on s_3  (cost=0.00..16370.00 rows=1000000 width=20) (actual time=0.023..68.407 rows=1000000 loops=1)
 Planning time: 0.224 ms
 Execution time: 264.694 ms
(13 rows)

===== 116 [Wed Mar  7 02:35:51 CET 2018] scale:1000000 groups:100 work_mem:4MB incremental:on max_workers:0 =====
SELECT * FROM (SELECT * FROM s_4 ORDER BY a, b, c, d) foo ORDER BY a, b, c, d, e LIMIT 10000
                                                              QUERY PLAN                                                               
---------------------------------------------------------------------------------------------------------------------------------------
 Limit  (cost=136836.04..136836.04 rows=1 width=20) (actual time=262.256..262.256 rows=0 loops=1)
   ->  Limit  (cost=136538.13..136736.04 rows=10000 width=20) (actual time=259.028..261.972 rows=10000 loops=1)
         ->  Incremental Sort  (cost=136538.13..156328.94 rows=1000000 width=20) (actual time=259.028..261.427 rows=10000 loops=1)
               Sort Key: s_4.a, s_4.b, s_4.c, s_4.d, s_4.e
               Presorted Key: s_4.a, s_4.b, s_4.c, s_4.d
               Sort Method: quicksort  Memory: 27kB
               Sort Groups: 313
               ->  Sort  (cost=136537.84..139037.84 rows=1000000 width=20) (actual time=258.975..259.961 rows=10018 loops=1)
                     Sort Key: s_4.a, s_4.b, s_4.c, s_4.d
                     Sort Method: external merge  Disk: 29360kB
                     ->  Seq Scan on s_4  (cost=0.00..16370.00 rows=1000000 width=20) (actual time=0.020..68.174 rows=1000000 loops=1)
 Planning time: 0.231 ms
 Execution time: 265.867 ms
(13 rows)

===== 117 [Wed Mar  7 02:35:52 CET 2018] scale:1000000 groups:100 work_mem:4MB incremental:off max_workers:0 =====
SELECT * FROM (SELECT * FROM s_1 ORDER BY a) foo ORDER BY a, b LIMIT 10000
                                                              QUERY PLAN                                                               
---------------------------------------------------------------------------------------------------------------------------------------
 Limit  (cost=220601.40..220601.40 rows=1 width=20) (actual time=376.846..376.846 rows=0 loops=1)
   ->  Limit  (cost=220476.40..220501.40 rows=10000 width=20) (actual time=375.595..376.571 rows=10000 loops=1)
         ->  Sort  (cost=220476.40..222976.40 rows=1000000 width=20) (actual time=375.594..376.024 rows=10000 loops=1)
               Sort Key: s_1.a, s_1.b
               Sort Method: top-N heapsort  Memory: 1821kB
               ->  Sort  (cost=136537.84..139037.84 rows=1000000 width=20) (actual time=214.332..308.214 rows=1000000 loops=1)
                     Sort Key: s_1.a
                     Sort Method: external merge  Disk: 29360kB
                     ->  Seq Scan on s_1  (cost=0.00..16370.00 rows=1000000 width=20) (actual time=0.004..51.289 rows=1000000 loops=1)
 Planning time: 0.210 ms
 Execution time: 380.690 ms
(11 rows)

===== 118 [Wed Mar  7 02:35:54 CET 2018] scale:1000000 groups:100 work_mem:4MB incremental:off max_workers:0 =====
SELECT * FROM (SELECT * FROM s_2 ORDER BY a, b) foo ORDER BY a, b, c LIMIT 10000
                                                              QUERY PLAN                                                               
---------------------------------------------------------------------------------------------------------------------------------------
 Limit  (cost=220601.40..220601.40 rows=1 width=20) (actual time=388.777..388.777 rows=0 loops=1)
   ->  Limit  (cost=220476.40..220501.40 rows=10000 width=20) (actual time=387.553..388.502 rows=10000 loops=1)
         ->  Sort  (cost=220476.40..222976.40 rows=1000000 width=20) (actual time=387.552..387.952 rows=10000 loops=1)
               Sort Key: s_2.a, s_2.b, s_2.c
               Sort Method: top-N heapsort  Memory: 1553kB
               ->  Sort  (cost=136537.84..139037.84 rows=1000000 width=20) (actual time=226.662..321.101 rows=1000000 loops=1)
                     Sort Key: s_2.a, s_2.b
                     Sort Method: external merge  Disk: 29360kB
                     ->  Seq Scan on s_2  (cost=0.00..16370.00 rows=1000000 width=20) (actual time=0.013..51.310 rows=1000000 loops=1)
 Planning time: 0.209 ms
 Execution time: 392.582 ms
(11 rows)

===== 119 [Wed Mar  7 02:35:56 CET 2018] scale:1000000 groups:100 work_mem:4MB incremental:off max_workers:0 =====
SELECT * FROM (SELECT * FROM s_3 ORDER BY a, b, c) foo ORDER BY a, b, c, d LIMIT 10000
                                                              QUERY PLAN                                                               
---------------------------------------------------------------------------------------------------------------------------------------
 Limit  (cost=220601.40..220601.40 rows=1 width=20) (actual time=419.296..419.296 rows=0 loops=1)
   ->  Limit  (cost=220476.40..220501.40 rows=10000 width=20) (actual time=418.086..419.018 rows=10000 loops=1)
         ->  Sort  (cost=220476.40..222976.40 rows=1000000 width=20) (actual time=418.085..418.473 rows=10000 loops=1)
               Sort Key: s_3.a, s_3.b, s_3.c, s_3.d
               Sort Method: top-N heapsort  Memory: 1550kB
               ->  Sort  (cost=136537.84..139037.84 rows=1000000 width=20) (actual time=243.561..345.369 rows=1000000 loops=1)
                     Sort Key: s_3.a, s_3.b, s_3.c
                     Sort Method: external merge  Disk: 29360kB
                     ->  Seq Scan on s_3  (cost=0.00..16370.00 rows=1000000 width=20) (actual time=0.013..50.841 rows=1000000 loops=1)
 Planning time: 0.216 ms
 Execution time: 423.069 ms
(11 rows)

===== 120 [Wed Mar  7 02:35:58 CET 2018] scale:1000000 groups:100 work_mem:4MB incremental:off max_workers:0 =====
SELECT * FROM (SELECT * FROM s_4 ORDER BY a, b, c, d) foo ORDER BY a, b, c, d, e LIMIT 10000
                                                              QUERY PLAN                                                               
---------------------------------------------------------------------------------------------------------------------------------------
 Limit  (cost=220601.40..220601.40 rows=1 width=20) (actual time=421.443..421.443 rows=0 loops=1)
   ->  Limit  (cost=220476.40..220501.40 rows=10000 width=20) (actual time=420.236..421.169 rows=10000 loops=1)
         ->  Sort  (cost=220476.40..222976.40 rows=1000000 width=20) (actual time=420.236..420.623 rows=10000 loops=1)
               Sort Key: s_4.a, s_4.b, s_4.c, s_4.d, s_4.e
               Sort Method: top-N heapsort  Memory: 1550kB
               ->  Sort  (cost=136537.84..139037.84 rows=1000000 width=20) (actual time=245.602..347.501 rows=1000000 loops=1)
                     Sort Key: s_4.a, s_4.b, s_4.c, s_4.d
                     Sort Method: external merge  Disk: 29360kB
                     ->  Seq Scan on s_4  (cost=0.00..16370.00 rows=1000000 width=20) (actual time=0.011..50.870 rows=1000000 loops=1)
 Planning time: 0.224 ms
 Execution time: 425.253 ms
(11 rows)

===== 121 [Wed Mar  7 02:36:00 CET 2018] scale:1000000 groups:100 work_mem:8MB incremental:on max_workers:0 =====
SELECT * FROM (SELECT * FROM s_1 ORDER BY a) foo ORDER BY a, b LIMIT 10000
                                                              QUERY PLAN                                                               
---------------------------------------------------------------------------------------------------------------------------------------
 Limit  (cost=137593.80..137593.80 rows=1 width=20) (actual time=191.522..191.522 rows=0 loops=1)
   ->  Limit  (cost=137318.70..137493.80 rows=10000 width=20) (actual time=187.110..191.245 rows=10000 loops=1)
         ->  Incremental Sort  (cost=137318.70..154828.53 rows=1000000 width=20) (actual time=187.110..190.698 rows=10000 loops=1)
               Sort Key: s_1.a, s_1.b
               Presorted Key: s_1.a
               Sort Method: quicksort  Memory: 1174kB
               Sort Groups: 2
               ->  Sort  (cost=136537.84..139037.84 rows=1000000 width=20) (actual time=185.386..186.754 rows=15123 loops=1)
                     Sort Key: s_1.a
                     Sort Method: external merge  Disk: 29360kB
                     ->  Seq Scan on s_1  (cost=0.00..16370.00 rows=1000000 width=20) (actual time=0.004..51.670 rows=1000000 loops=1)
 Planning time: 0.222 ms
 Execution time: 194.937 ms
(13 rows)

===== 122 [Wed Mar  7 02:36:01 CET 2018] scale:1000000 groups:100 work_mem:8MB incremental:on max_workers:0 =====
SELECT * FROM (SELECT * FROM s_2 ORDER BY a, b) foo ORDER BY a, b, c LIMIT 10000
                                                              QUERY PLAN                                                               
---------------------------------------------------------------------------------------------------------------------------------------
 Limit  (cost=136823.86..136823.86 rows=1 width=20) (actual time=203.804..203.804 rows=0 loops=1)
   ->  Limit  (cost=136542.31..136723.86 rows=10000 width=20) (actual time=199.306..203.531 rows=10000 loops=1)
         ->  Incremental Sort  (cost=136542.31..154697.62 rows=1000000 width=20) (actual time=199.305..202.982 rows=10000 loops=1)
               Sort Key: s_2.a, s_2.b, s_2.c
               Presorted Key: s_2.a, s_2.b
               Sort Method: quicksort  Memory: 34kB
               Sort Groups: 150
               ->  Sort  (cost=136537.84..139037.84 rows=1000000 width=20) (actual time=199.239..200.172 rows=10073 loops=1)
                     Sort Key: s_2.a, s_2.b
                     Sort Method: external merge  Disk: 29360kB
                     ->  Seq Scan on s_2  (cost=0.00..16370.00 rows=1000000 width=20) (actual time=0.013..51.815 rows=1000000 loops=1)
 Planning time: 0.218 ms
 Execution time: 207.281 ms
(13 rows)

===== 123 [Wed Mar  7 02:36:02 CET 2018] scale:1000000 groups:100 work_mem:8MB incremental:on max_workers:0 =====
SELECT * FROM (SELECT * FROM s_3 ORDER BY a, b, c) foo ORDER BY a, b, c, d LIMIT 10000
                                                              QUERY PLAN                                                               
---------------------------------------------------------------------------------------------------------------------------------------
 Limit  (cost=136836.04..136836.04 rows=1 width=20) (actual time=219.088..219.088 rows=0 loops=1)
   ->  Limit  (cost=136538.13..136736.04 rows=10000 width=20) (actual time=215.117..218.803 rows=10000 loops=1)
         ->  Incremental Sort  (cost=136538.13..156328.94 rows=1000000 width=20) (actual time=215.116..218.258 rows=10000 loops=1)
               Sort Key: s_3.a, s_3.b, s_3.c, s_3.d
               Presorted Key: s_3.a, s_3.b, s_3.c
               Sort Method: quicksort  Memory: 27kB
               Sort Groups: 309
               ->  Sort  (cost=136537.84..139037.84 rows=1000000 width=20) (actual time=215.053..215.979 rows=10009 loops=1)
                     Sort Key: s_3.a, s_3.b, s_3.c
                     Sort Method: external merge  Disk: 29360kB
                     ->  Seq Scan on s_3  (cost=0.00..16370.00 rows=1000000 width=20) (actual time=0.013..51.512 rows=1000000 loops=1)
 Planning time: 0.227 ms
 Execution time: 222.538 ms
(13 rows)

===== 124 [Wed Mar  7 02:36:04 CET 2018] scale:1000000 groups:100 work_mem:8MB incremental:on max_workers:0 =====
SELECT * FROM (SELECT * FROM s_4 ORDER BY a, b, c, d) foo ORDER BY a, b, c, d, e LIMIT 10000
                                                              QUERY PLAN                                                               
---------------------------------------------------------------------------------------------------------------------------------------
 Limit  (cost=136836.04..136836.04 rows=1 width=20) (actual time=220.333..220.333 rows=0 loops=1)
   ->  Limit  (cost=136538.13..136736.04 rows=10000 width=20) (actual time=217.163..220.050 rows=10000 loops=1)
         ->  Incremental Sort  (cost=136538.13..156328.94 rows=1000000 width=20) (actual time=217.162..219.502 rows=10000 loops=1)
               Sort Key: s_4.a, s_4.b, s_4.c, s_4.d, s_4.e
               Presorted Key: s_4.a, s_4.b, s_4.c, s_4.d
               Sort Method: quicksort  Memory: 27kB
               Sort Groups: 313
               ->  Sort  (cost=136537.84..139037.84 rows=1000000 width=20) (actual time=217.109..218.040 rows=10018 loops=1)
                     Sort Key: s_4.a, s_4.b, s_4.c, s_4.d
                     Sort Method: external merge  Disk: 29360kB
                     ->  Seq Scan on s_4  (cost=0.00..16370.00 rows=1000000 width=20) (actual time=0.011..51.521 rows=1000000 loops=1)
 Planning time: 0.232 ms
 Execution time: 223.842 ms
(13 rows)

===== 125 [Wed Mar  7 02:36:05 CET 2018] scale:1000000 groups:100 work_mem:8MB incremental:off max_workers:0 =====
SELECT * FROM (SELECT * FROM s_1 ORDER BY a) foo ORDER BY a, b LIMIT 10000
                                                              QUERY PLAN                                                               
---------------------------------------------------------------------------------------------------------------------------------------
 Limit  (cost=220601.40..220601.40 rows=1 width=20) (actual time=345.504..345.504 rows=0 loops=1)
   ->  Limit  (cost=220476.40..220501.40 rows=10000 width=20) (actual time=344.251..345.229 rows=10000 loops=1)
         ->  Sort  (cost=220476.40..222976.40 rows=1000000 width=20) (actual time=344.251..344.680 rows=10000 loops=1)
               Sort Key: s_1.a, s_1.b
               Sort Method: top-N heapsort  Memory: 1821kB
               ->  Sort  (cost=136537.84..139037.84 rows=1000000 width=20) (actual time=184.946..276.841 rows=1000000 loops=1)
                     Sort Key: s_1.a
                     Sort Method: external merge  Disk: 29360kB
                     ->  Seq Scan on s_1  (cost=0.00..16370.00 rows=1000000 width=20) (actual time=0.004..51.558 rows=1000000 loops=1)
 Planning time: 0.226 ms
 Execution time: 349.464 ms
(11 rows)

===== 126 [Wed Mar  7 02:36:06 CET 2018] scale:1000000 groups:100 work_mem:8MB incremental:off max_workers:0 =====
SELECT * FROM (SELECT * FROM s_2 ORDER BY a, b) foo ORDER BY a, b, c LIMIT 10000
                                                              QUERY PLAN                                                               
---------------------------------------------------------------------------------------------------------------------------------------
 Limit  (cost=220601.40..220601.40 rows=1 width=20) (actual time=358.456..358.456 rows=0 loops=1)
   ->  Limit  (cost=220476.40..220501.40 rows=10000 width=20) (actual time=357.235..358.181 rows=10000 loops=1)
         ->  Sort  (cost=220476.40..222976.40 rows=1000000 width=20) (actual time=357.234..357.633 rows=10000 loops=1)
               Sort Key: s_2.a, s_2.b, s_2.c
               Sort Method: top-N heapsort  Memory: 1553kB
               ->  Sort  (cost=136537.84..139037.84 rows=1000000 width=20) (actual time=198.300..290.671 rows=1000000 loops=1)
                     Sort Key: s_2.a, s_2.b
                     Sort Method: external merge  Disk: 29360kB
                     ->  Seq Scan on s_2  (cost=0.00..16370.00 rows=1000000 width=20) (actual time=0.013..51.645 rows=1000000 loops=1)
 Planning time: 0.208 ms
 Execution time: 362.367 ms
(11 rows)

===== 127 [Wed Mar  7 02:36:08 CET 2018] scale:1000000 groups:100 work_mem:8MB incremental:off max_workers:0 =====
SELECT * FROM (SELECT * FROM s_3 ORDER BY a, b, c) foo ORDER BY a, b, c, d LIMIT 10000
                                                              QUERY PLAN                                                               
---------------------------------------------------------------------------------------------------------------------------------------
 Limit  (cost=220601.40..220601.40 rows=1 width=20) (actual time=388.050..388.050 rows=0 loops=1)
   ->  Limit  (cost=220476.40..220501.40 rows=10000 width=20) (actual time=386.842..387.772 rows=10000 loops=1)
         ->  Sort  (cost=220476.40..222976.40 rows=1000000 width=20) (actual time=386.841..387.229 rows=10000 loops=1)
               Sort Key: s_3.a, s_3.b, s_3.c, s_3.d
               Sort Method: top-N heapsort  Memory: 1550kB
               ->  Sort  (cost=136537.84..139037.84 rows=1000000 width=20) (actual time=215.165..314.330 rows=1000000 loops=1)
                     Sort Key: s_3.a, s_3.b, s_3.c
                     Sort Method: external merge  Disk: 29360kB
                     ->  Seq Scan on s_3  (cost=0.00..16370.00 rows=1000000 width=20) (actual time=0.013..51.148 rows=1000000 loops=1)
 Planning time: 0.217 ms
 Execution time: 392.037 ms
(11 rows)

===== 128 [Wed Mar  7 02:36:10 CET 2018] scale:1000000 groups:100 work_mem:8MB incremental:off max_workers:0 =====
SELECT * FROM (SELECT * FROM s_4 ORDER BY a, b, c, d) foo ORDER BY a, b, c, d, e LIMIT 10000
                                                              QUERY PLAN                                                               
---------------------------------------------------------------------------------------------------------------------------------------
 Limit  (cost=220601.40..220601.40 rows=1 width=20) (actual time=389.938..389.938 rows=0 loops=1)
   ->  Limit  (cost=220476.40..220501.40 rows=10000 width=20) (actual time=388.737..389.668 rows=10000 loops=1)
         ->  Sort  (cost=220476.40..222976.40 rows=1000000 width=20) (actual time=388.737..389.125 rows=10000 loops=1)
               Sort Key: s_4.a, s_4.b, s_4.c, s_4.d, s_4.e
               Sort Method: top-N heapsort  Memory: 1550kB
               ->  Sort  (cost=136537.84..139037.84 rows=1000000 width=20) (actual time=216.952..316.279 rows=1000000 loops=1)
                     Sort Key: s_4.a, s_4.b, s_4.c, s_4.d
                     Sort Method: external merge  Disk: 29360kB
                     ->  Seq Scan on s_4  (cost=0.00..16370.00 rows=1000000 width=20) (actual time=0.011..51.178 rows=1000000 loops=1)
 Planning time: 0.235 ms
 Execution time: 393.898 ms
(11 rows)

===== 129 [Wed Mar  7 02:36:12 CET 2018] scale:1000000 groups:100 work_mem:16MB incremental:on max_workers:0 =====
SELECT * FROM (SELECT * FROM s_1 ORDER BY a) foo ORDER BY a, b LIMIT 10000
                                                              QUERY PLAN                                                               
---------------------------------------------------------------------------------------------------------------------------------------
 Limit  (cost=137593.80..137593.80 rows=1 width=20) (actual time=200.186..200.186 rows=0 loops=1)
   ->  Limit  (cost=137318.70..137493.80 rows=10000 width=20) (actual time=195.786..199.914 rows=10000 loops=1)
         ->  Incremental Sort  (cost=137318.70..154828.53 rows=1000000 width=20) (actual time=195.785..199.368 rows=10000 loops=1)
               Sort Key: s_1.a, s_1.b
               Presorted Key: s_1.a
               Sort Method: quicksort  Memory: 1174kB
               Sort Groups: 2
               ->  Sort  (cost=136537.84..139037.84 rows=1000000 width=20) (actual time=194.068..195.427 rows=15123 loops=1)
                     Sort Key: s_1.a
                     Sort Method: external merge  Disk: 29392kB
                     ->  Seq Scan on s_1  (cost=0.00..16370.00 rows=1000000 width=20) (actual time=0.004..52.291 rows=1000000 loops=1)
 Planning time: 0.211 ms
 Execution time: 204.429 ms
(13 rows)

===== 130 [Wed Mar  7 02:36:13 CET 2018] scale:1000000 groups:100 work_mem:16MB incremental:on max_workers:0 =====
SELECT * FROM (SELECT * FROM s_2 ORDER BY a, b) foo ORDER BY a, b, c LIMIT 10000
                                                              QUERY PLAN                                                               
---------------------------------------------------------------------------------------------------------------------------------------
 Limit  (cost=136823.86..136823.86 rows=1 width=20) (actual time=211.718..211.718 rows=0 loops=1)
   ->  Limit  (cost=136542.31..136723.86 rows=10000 width=20) (actual time=207.226..211.446 rows=10000 loops=1)
         ->  Incremental Sort  (cost=136542.31..154697.62 rows=1000000 width=20) (actual time=207.226..210.896 rows=10000 loops=1)
               Sort Key: s_2.a, s_2.b, s_2.c
               Presorted Key: s_2.a, s_2.b
               Sort Method: quicksort  Memory: 34kB
               Sort Groups: 150
               ->  Sort  (cost=136537.84..139037.84 rows=1000000 width=20) (actual time=207.160..208.087 rows=10073 loops=1)
                     Sort Key: s_2.a, s_2.b
                     Sort Method: external merge  Disk: 29392kB
                     ->  Seq Scan on s_2  (cost=0.00..16370.00 rows=1000000 width=20) (actual time=0.013..52.363 rows=1000000 loops=1)
 Planning time: 0.214 ms
 Execution time: 215.902 ms
(13 rows)

===== 131 [Wed Mar  7 02:36:14 CET 2018] scale:1000000 groups:100 work_mem:16MB incremental:on max_workers:0 =====
SELECT * FROM (SELECT * FROM s_3 ORDER BY a, b, c) foo ORDER BY a, b, c, d LIMIT 10000
                                                              QUERY PLAN                                                               
---------------------------------------------------------------------------------------------------------------------------------------
 Limit  (cost=136836.04..136836.04 rows=1 width=20) (actual time=227.145..227.145 rows=0 loops=1)
   ->  Limit  (cost=136538.13..136736.04 rows=10000 width=20) (actual time=223.174..226.862 rows=10000 loops=1)
         ->  Incremental Sort  (cost=136538.13..156328.94 rows=1000000 width=20) (actual time=223.174..226.314 rows=10000 loops=1)
               Sort Key: s_3.a, s_3.b, s_3.c, s_3.d
               Presorted Key: s_3.a, s_3.b, s_3.c
               Sort Method: quicksort  Memory: 27kB
               Sort Groups: 309
               ->  Sort  (cost=136537.84..139037.84 rows=1000000 width=20) (actual time=223.113..224.038 rows=10009 loops=1)
                     Sort Key: s_3.a, s_3.b, s_3.c
                     Sort Method: external merge  Disk: 29392kB
                     ->  Seq Scan on s_3  (cost=0.00..16370.00 rows=1000000 width=20) (actual time=0.013..52.067 rows=1000000 loops=1)
 Planning time: 0.223 ms
 Execution time: 231.342 ms
(13 rows)

===== 132 [Wed Mar  7 02:36:15 CET 2018] scale:1000000 groups:100 work_mem:16MB incremental:on max_workers:0 =====
SELECT * FROM (SELECT * FROM s_4 ORDER BY a, b, c, d) foo ORDER BY a, b, c, d, e LIMIT 10000
                                                              QUERY PLAN                                                               
---------------------------------------------------------------------------------------------------------------------------------------
 Limit  (cost=136836.04..136836.04 rows=1 width=20) (actual time=228.765..228.765 rows=0 loops=1)
   ->  Limit  (cost=136538.13..136736.04 rows=10000 width=20) (actual time=225.593..228.482 rows=10000 loops=1)
         ->  Incremental Sort  (cost=136538.13..156328.94 rows=1000000 width=20) (actual time=225.592..227.937 rows=10000 loops=1)
               Sort Key: s_4.a, s_4.b, s_4.c, s_4.d, s_4.e
               Presorted Key: s_4.a, s_4.b, s_4.c, s_4.d
               Sort Method: quicksort  Memory: 27kB
               Sort Groups: 313
               ->  Sort  (cost=136537.84..139037.84 rows=1000000 width=20) (actual time=225.539..226.470 rows=10018 loops=1)
                     Sort Key: s_4.a, s_4.b, s_4.c, s_4.d
                     Sort Method: external merge  Disk: 29392kB
                     ->  Seq Scan on s_4  (cost=0.00..16370.00 rows=1000000 width=20) (actual time=0.011..52.114 rows=1000000 loops=1)
 Planning time: 0.231 ms
 Execution time: 232.984 ms
(13 rows)

===== 133 [Wed Mar  7 02:36:16 CET 2018] scale:1000000 groups:100 work_mem:16MB incremental:off max_workers:0 =====
SELECT * FROM (SELECT * FROM s_1 ORDER BY a) foo ORDER BY a, b LIMIT 10000
                                                              QUERY PLAN                                                               
---------------------------------------------------------------------------------------------------------------------------------------
 Limit  (cost=220601.40..220601.40 rows=1 width=20) (actual time=352.189..352.189 rows=0 loops=1)
   ->  Limit  (cost=220476.40..220501.40 rows=10000 width=20) (actual time=350.940..351.916 rows=10000 loops=1)
         ->  Sort  (cost=220476.40..222976.40 rows=1000000 width=20) (actual time=350.939..351.367 rows=10000 loops=1)
               Sort Key: s_1.a, s_1.b
               Sort Method: top-N heapsort  Memory: 1821kB
               ->  Sort  (cost=136537.84..139037.84 rows=1000000 width=20) (actual time=193.214..283.490 rows=1000000 loops=1)
                     Sort Key: s_1.a
                     Sort Method: external merge  Disk: 29392kB
                     ->  Seq Scan on s_1  (cost=0.00..16370.00 rows=1000000 width=20) (actual time=0.004..52.189 rows=1000000 loops=1)
 Planning time: 0.210 ms
 Execution time: 356.483 ms
(11 rows)

===== 134 [Wed Mar  7 02:36:18 CET 2018] scale:1000000 groups:100 work_mem:16MB incremental:off max_workers:0 =====
SELECT * FROM (SELECT * FROM s_2 ORDER BY a, b) foo ORDER BY a, b, c LIMIT 10000
                                                              QUERY PLAN                                                               
---------------------------------------------------------------------------------------------------------------------------------------
 Limit  (cost=220601.40..220601.40 rows=1 width=20) (actual time=364.831..364.831 rows=0 loops=1)
   ->  Limit  (cost=220476.40..220501.40 rows=10000 width=20) (actual time=363.608..364.556 rows=10000 loops=1)
         ->  Sort  (cost=220476.40..222976.40 rows=1000000 width=20) (actual time=363.607..364.006 rows=10000 loops=1)
               Sort Key: s_2.a, s_2.b, s_2.c
               Sort Method: top-N heapsort  Memory: 1553kB
               ->  Sort  (cost=136537.84..139037.84 rows=1000000 width=20) (actual time=206.684..297.102 rows=1000000 loops=1)
                     Sort Key: s_2.a, s_2.b
                     Sort Method: external merge  Disk: 29392kB
                     ->  Seq Scan on s_2  (cost=0.00..16370.00 rows=1000000 width=20) (actual time=0.013..52.236 rows=1000000 loops=1)
 Planning time: 0.209 ms
 Execution time: 369.187 ms
(11 rows)

===== 135 [Wed Mar  7 02:36:20 CET 2018] scale:1000000 groups:100 work_mem:16MB incremental:off max_workers:0 =====
SELECT * FROM (SELECT * FROM s_3 ORDER BY a, b, c) foo ORDER BY a, b, c, d LIMIT 10000
                                                              QUERY PLAN                                                               
---------------------------------------------------------------------------------------------------------------------------------------
 Limit  (cost=220601.40..220601.40 rows=1 width=20) (actual time=394.280..394.280 rows=0 loops=1)
   ->  Limit  (cost=220476.40..220501.40 rows=10000 width=20) (actual time=393.070..394.003 rows=10000 loops=1)
         ->  Sort  (cost=220476.40..222976.40 rows=1000000 width=20) (actual time=393.069..393.460 rows=10000 loops=1)
               Sort Key: s_3.a, s_3.b, s_3.c, s_3.d
               Sort Method: top-N heapsort  Memory: 1550kB
               ->  Sort  (cost=136537.84..139037.84 rows=1000000 width=20) (actual time=223.689..320.865 rows=1000000 loops=1)
                     Sort Key: s_3.a, s_3.b, s_3.c
                     Sort Method: external merge  Disk: 29392kB
                     ->  Seq Scan on s_3  (cost=0.00..16370.00 rows=1000000 width=20) (actual time=0.013..51.756 rows=1000000 loops=1)
 Planning time: 0.216 ms
 Execution time: 398.580 ms
(11 rows)

===== 136 [Wed Mar  7 02:36:22 CET 2018] scale:1000000 groups:100 work_mem:16MB incremental:off max_workers:0 =====
SELECT * FROM (SELECT * FROM s_4 ORDER BY a, b, c, d) foo ORDER BY a, b, c, d, e LIMIT 10000
                                                              QUERY PLAN                                                               
---------------------------------------------------------------------------------------------------------------------------------------
 Limit  (cost=220601.40..220601.40 rows=1 width=20) (actual time=396.070..396.070 rows=0 loops=1)
   ->  Limit  (cost=220476.40..220501.40 rows=10000 width=20) (actual time=394.867..395.798 rows=10000 loops=1)
         ->  Sort  (cost=220476.40..222976.40 rows=1000000 width=20) (actual time=394.866..395.254 rows=10000 loops=1)
               Sort Key: s_4.a, s_4.b, s_4.c, s_4.d, s_4.e
               Sort Method: top-N heapsort  Memory: 1550kB
               ->  Sort  (cost=136537.84..139037.84 rows=1000000 width=20) (actual time=225.534..322.648 rows=1000000 loops=1)
                     Sort Key: s_4.a, s_4.b, s_4.c, s_4.d
                     Sort Method: external merge  Disk: 29392kB
                     ->  Seq Scan on s_4  (cost=0.00..16370.00 rows=1000000 width=20) (actual time=0.011..51.798 rows=1000000 loops=1)
 Planning time: 0.222 ms
 Execution time: 400.381 ms
(11 rows)

===== 137 [Wed Mar  7 02:36:24 CET 2018] scale:1000000 groups:100 work_mem:32MB incremental:on max_workers:0 =====
SELECT * FROM (SELECT * FROM s_1 ORDER BY a) foo ORDER BY a, b LIMIT 10000
                                                              QUERY PLAN                                                               
---------------------------------------------------------------------------------------------------------------------------------------
 Limit  (cost=137593.80..137593.80 rows=1 width=20) (actual time=215.638..215.638 rows=0 loops=1)
   ->  Limit  (cost=137318.70..137493.80 rows=10000 width=20) (actual time=211.428..215.360 rows=10000 loops=1)
         ->  Incremental Sort  (cost=137318.70..154828.53 rows=1000000 width=20) (actual time=211.428..214.812 rows=10000 loops=1)
               Sort Key: s_1.a, s_1.b
               Presorted Key: s_1.a
               Sort Method: quicksort  Memory: 1174kB
               Sort Groups: 2
               ->  Sort  (cost=136537.84..139037.84 rows=1000000 width=20) (actual time=209.904..211.231 rows=15123 loops=1)
                     Sort Key: s_1.a
                     Sort Method: external merge  Disk: 29360kB
                     ->  Seq Scan on s_1  (cost=0.00..16370.00 rows=1000000 width=20) (actual time=0.004..53.667 rows=1000000 loops=1)
 Planning time: 0.210 ms
 Execution time: 219.569 ms
(13 rows)

===== 138 [Wed Mar  7 02:36:25 CET 2018] scale:1000000 groups:100 work_mem:32MB incremental:on max_workers:0 =====
SELECT * FROM (SELECT * FROM s_2 ORDER BY a, b) foo ORDER BY a, b, c LIMIT 10000
                                                              QUERY PLAN                                                               
---------------------------------------------------------------------------------------------------------------------------------------
 Limit  (cost=136823.86..136823.86 rows=1 width=20) (actual time=227.225..227.225 rows=0 loops=1)
   ->  Limit  (cost=136542.31..136723.86 rows=10000 width=20) (actual time=222.722..226.952 rows=10000 loops=1)
         ->  Incremental Sort  (cost=136542.31..154697.62 rows=1000000 width=20) (actual time=222.721..226.403 rows=10000 loops=1)
               Sort Key: s_2.a, s_2.b, s_2.c
               Presorted Key: s_2.a, s_2.b
               Sort Method: quicksort  Memory: 34kB
               Sort Groups: 150
               ->  Sort  (cost=136537.84..139037.84 rows=1000000 width=20) (actual time=222.653..223.587 rows=10073 loops=1)
                     Sort Key: s_2.a, s_2.b
                     Sort Method: external merge  Disk: 29360kB
                     ->  Seq Scan on s_2  (cost=0.00..16370.00 rows=1000000 width=20) (actual time=0.013..53.793 rows=1000000 loops=1)
 Planning time: 0.216 ms
 Execution time: 232.202 ms
(13 rows)

===== 139 [Wed Mar  7 02:36:26 CET 2018] scale:1000000 groups:100 work_mem:32MB incremental:on max_workers:0 =====
SELECT * FROM (SELECT * FROM s_3 ORDER BY a, b, c) foo ORDER BY a, b, c, d LIMIT 10000
                                                              QUERY PLAN                                                               
---------------------------------------------------------------------------------------------------------------------------------------
 Limit  (cost=136836.04..136836.04 rows=1 width=20) (actual time=242.464..242.464 rows=0 loops=1)
   ->  Limit  (cost=136538.13..136736.04 rows=10000 width=20) (actual time=238.481..242.179 rows=10000 loops=1)
         ->  Incremental Sort  (cost=136538.13..156328.94 rows=1000000 width=20) (actual time=238.481..241.633 rows=10000 loops=1)
               Sort Key: s_3.a, s_3.b, s_3.c, s_3.d
               Presorted Key: s_3.a, s_3.b, s_3.c
               Sort Method: quicksort  Memory: 27kB
               Sort Groups: 309
               ->  Sort  (cost=136537.84..139037.84 rows=1000000 width=20) (actual time=238.427..239.358 rows=10009 loops=1)
                     Sort Key: s_3.a, s_3.b, s_3.c
                     Sort Method: external merge  Disk: 29360kB
                     ->  Seq Scan on s_3  (cost=0.00..16370.00 rows=1000000 width=20) (actual time=0.013..53.564 rows=1000000 loops=1)
 Planning time: 0.224 ms
 Execution time: 247.475 ms
(13 rows)

===== 140 [Wed Mar  7 02:36:28 CET 2018] scale:1000000 groups:100 work_mem:32MB incremental:on max_workers:0 =====
SELECT * FROM (SELECT * FROM s_4 ORDER BY a, b, c, d) foo ORDER BY a, b, c, d, e LIMIT 10000
                                                              QUERY PLAN                                                               
---------------------------------------------------------------------------------------------------------------------------------------
 Limit  (cost=136836.04..136836.04 rows=1 width=20) (actual time=243.650..243.650 rows=0 loops=1)
   ->  Limit  (cost=136538.13..136736.04 rows=10000 width=20) (actual time=240.471..243.367 rows=10000 loops=1)
         ->  Incremental Sort  (cost=136538.13..156328.94 rows=1000000 width=20) (actual time=240.470..242.822 rows=10000 loops=1)
               Sort Key: s_4.a, s_4.b, s_4.c, s_4.d, s_4.e
               Presorted Key: s_4.a, s_4.b, s_4.c, s_4.d
               Sort Method: quicksort  Memory: 27kB
               Sort Groups: 313
               ->  Sort  (cost=136537.84..139037.84 rows=1000000 width=20) (actual time=240.418..241.350 rows=10018 loops=1)
                     Sort Key: s_4.a, s_4.b, s_4.c, s_4.d
                     Sort Method: external merge  Disk: 29360kB
                     ->  Seq Scan on s_4  (cost=0.00..16370.00 rows=1000000 width=20) (actual time=0.011..53.522 rows=1000000 loops=1)
 Planning time: 0.232 ms
 Execution time: 248.658 ms
(13 rows)

===== 141 [Wed Mar  7 02:36:29 CET 2018] scale:1000000 groups:100 work_mem:32MB incremental:off max_workers:0 =====
SELECT * FROM (SELECT * FROM s_1 ORDER BY a) foo ORDER BY a, b LIMIT 10000
                                                              QUERY PLAN                                                               
---------------------------------------------------------------------------------------------------------------------------------------
 Limit  (cost=220601.40..220601.40 rows=1 width=20) (actual time=364.590..364.590 rows=0 loops=1)
   ->  Limit  (cost=220476.40..220501.40 rows=10000 width=20) (actual time=363.353..364.320 rows=10000 loops=1)
         ->  Sort  (cost=220476.40..222976.40 rows=1000000 width=20) (actual time=363.352..363.778 rows=10000 loops=1)
               Sort Key: s_1.a, s_1.b
               Sort Method: top-N heapsort  Memory: 1821kB
               ->  Sort  (cost=136537.84..139037.84 rows=1000000 width=20) (actual time=208.802..296.462 rows=1000000 loops=1)
                     Sort Key: s_1.a
                     Sort Method: external merge  Disk: 29360kB
                     ->  Seq Scan on s_1  (cost=0.00..16370.00 rows=1000000 width=20) (actual time=0.004..53.416 rows=1000000 loops=1)
 Planning time: 0.208 ms
 Execution time: 369.201 ms
(11 rows)

===== 142 [Wed Mar  7 02:36:31 CET 2018] scale:1000000 groups:100 work_mem:32MB incremental:off max_workers:0 =====
SELECT * FROM (SELECT * FROM s_2 ORDER BY a, b) foo ORDER BY a, b, c LIMIT 10000
                                                              QUERY PLAN                                                               
---------------------------------------------------------------------------------------------------------------------------------------
 Limit  (cost=220601.40..220601.40 rows=1 width=20) (actual time=377.132..377.132 rows=0 loops=1)
   ->  Limit  (cost=220476.40..220501.40 rows=10000 width=20) (actual time=375.920..376.866 rows=10000 loops=1)
         ->  Sort  (cost=220476.40..222976.40 rows=1000000 width=20) (actual time=375.919..376.319 rows=10000 loops=1)
               Sort Key: s_2.a, s_2.b, s_2.c
               Sort Method: top-N heapsort  Memory: 1553kB
               ->  Sort  (cost=136537.84..139037.84 rows=1000000 width=20) (actual time=222.257..309.965 rows=1000000 loops=1)
                     Sort Key: s_2.a, s_2.b
                     Sort Method: external merge  Disk: 29360kB
                     ->  Seq Scan on s_2  (cost=0.00..16370.00 rows=1000000 width=20) (actual time=0.013..53.444 rows=1000000 loops=1)
 Planning time: 0.225 ms
 Execution time: 381.692 ms
(11 rows)

===== 143 [Wed Mar  7 02:36:33 CET 2018] scale:1000000 groups:100 work_mem:32MB incremental:off max_workers:0 =====
SELECT * FROM (SELECT * FROM s_3 ORDER BY a, b, c) foo ORDER BY a, b, c, d LIMIT 10000
                                                              QUERY PLAN                                                               
---------------------------------------------------------------------------------------------------------------------------------------
 Limit  (cost=220601.40..220601.40 rows=1 width=20) (actual time=407.287..407.287 rows=0 loops=1)
   ->  Limit  (cost=220476.40..220501.40 rows=10000 width=20) (actual time=406.074..407.008 rows=10000 loops=1)
         ->  Sort  (cost=220476.40..222976.40 rows=1000000 width=20) (actual time=406.073..406.463 rows=10000 loops=1)
               Sort Key: s_3.a, s_3.b, s_3.c, s_3.d
               Sort Method: top-N heapsort  Memory: 1550kB
               ->  Sort  (cost=136537.84..139037.84 rows=1000000 width=20) (actual time=238.386..332.744 rows=1000000 loops=1)
                     Sort Key: s_3.a, s_3.b, s_3.c
                     Sort Method: external merge  Disk: 29360kB
                     ->  Seq Scan on s_3  (cost=0.00..16370.00 rows=1000000 width=20) (actual time=0.013..53.197 rows=1000000 loops=1)
 Planning time: 0.219 ms
 Execution time: 411.845 ms
(11 rows)

===== 144 [Wed Mar  7 02:36:35 CET 2018] scale:1000000 groups:100 work_mem:32MB incremental:off max_workers:0 =====
SELECT * FROM (SELECT * FROM s_4 ORDER BY a, b, c, d) foo ORDER BY a, b, c, d, e LIMIT 10000
                                                              QUERY PLAN                                                               
---------------------------------------------------------------------------------------------------------------------------------------
 Limit  (cost=220601.40..220601.40 rows=1 width=20) (actual time=408.953..408.953 rows=0 loops=1)
   ->  Limit  (cost=220476.40..220501.40 rows=10000 width=20) (actual time=407.744..408.676 rows=10000 loops=1)
         ->  Sort  (cost=220476.40..222976.40 rows=1000000 width=20) (actual time=407.743..408.133 rows=10000 loops=1)
               Sort Key: s_4.a, s_4.b, s_4.c, s_4.d, s_4.e
               Sort Method: top-N heapsort  Memory: 1550kB
               ->  Sort  (cost=136537.84..139037.84 rows=1000000 width=20) (actual time=240.154..334.473 rows=1000000 loops=1)
                     Sort Key: s_4.a, s_4.b, s_4.c, s_4.d
                     Sort Method: external merge  Disk: 29360kB
                     ->  Seq Scan on s_4  (cost=0.00..16370.00 rows=1000000 width=20) (actual time=0.011..53.224 rows=1000000 loops=1)
 Planning time: 0.225 ms
 Execution time: 413.527 ms
(11 rows)

===== 145 [Wed Mar  7 02:36:37 CET 2018] scale:1000000 groups:100 work_mem:64MB incremental:on max_workers:0 =====
SELECT * FROM (SELECT * FROM s_1 ORDER BY a) foo ORDER BY a, b LIMIT 10000
                                                              QUERY PLAN                                                               
---------------------------------------------------------------------------------------------------------------------------------------
 Limit  (cost=117083.80..117083.80 rows=1 width=20) (actual time=233.430..233.430 rows=0 loops=1)
   ->  Limit  (cost=116808.70..116983.80 rows=10000 width=20) (actual time=229.288..233.155 rows=10000 loops=1)
         ->  Incremental Sort  (cost=116808.70..134318.53 rows=1000000 width=20) (actual time=229.287..232.607 rows=10000 loops=1)
               Sort Key: s_1.a, s_1.b
               Presorted Key: s_1.a
               Sort Method: quicksort  Memory: 1174kB
               Sort Groups: 2
               ->  Sort  (cost=116027.84..118527.84 rows=1000000 width=20) (actual time=227.791..229.018 rows=15123 loops=1)
                     Sort Key: s_1.a
                     Sort Method: external merge  Disk: 29360kB
                     ->  Seq Scan on s_1  (cost=0.00..16370.00 rows=1000000 width=20) (actual time=0.004..55.577 rows=1000000 loops=1)
 Planning time: 0.211 ms
 Execution time: 238.255 ms
(13 rows)

===== 146 [Wed Mar  7 02:36:38 CET 2018] scale:1000000 groups:100 work_mem:64MB incremental:on max_workers:0 =====
SELECT * FROM (SELECT * FROM s_2 ORDER BY a, b) foo ORDER BY a, b, c LIMIT 10000
                                                              QUERY PLAN                                                               
---------------------------------------------------------------------------------------------------------------------------------------
 Limit  (cost=116313.86..116313.86 rows=1 width=20) (actual time=245.492..245.492 rows=0 loops=1)
   ->  Limit  (cost=116032.31..116213.86 rows=10000 width=20) (actual time=241.069..245.220 rows=10000 loops=1)
         ->  Incremental Sort  (cost=116032.31..134187.62 rows=1000000 width=20) (actual time=241.069..244.671 rows=10000 loops=1)
               Sort Key: s_2.a, s_2.b, s_2.c
               Presorted Key: s_2.a, s_2.b
               Sort Method: quicksort  Memory: 34kB
               Sort Groups: 150
               ->  Sort  (cost=116027.84..118527.84 rows=1000000 width=20) (actual time=241.002..241.866 rows=10073 loops=1)
                     Sort Key: s_2.a, s_2.b
                     Sort Method: external merge  Disk: 29360kB
                     ->  Seq Scan on s_2  (cost=0.00..16370.00 rows=1000000 width=20) (actual time=0.013..55.599 rows=1000000 loops=1)
 Planning time: 0.227 ms
 Execution time: 250.332 ms
(13 rows)

===== 147 [Wed Mar  7 02:36:39 CET 2018] scale:1000000 groups:100 work_mem:64MB incremental:on max_workers:0 =====
SELECT * FROM (SELECT * FROM s_3 ORDER BY a, b, c) foo ORDER BY a, b, c, d LIMIT 10000
                                                              QUERY PLAN                                                               
---------------------------------------------------------------------------------------------------------------------------------------
 Limit  (cost=116326.04..116326.04 rows=1 width=20) (actual time=260.990..260.990 rows=0 loops=1)
   ->  Limit  (cost=116028.13..116226.04 rows=10000 width=20) (actual time=257.082..260.707 rows=10000 loops=1)
         ->  Incremental Sort  (cost=116028.13..135818.94 rows=1000000 width=20) (actual time=257.082..260.162 rows=10000 loops=1)
               Sort Key: s_3.a, s_3.b, s_3.c, s_3.d
               Presorted Key: s_3.a, s_3.b, s_3.c
               Sort Method: quicksort  Memory: 27kB
               Sort Groups: 309
               ->  Sort  (cost=116027.84..118527.84 rows=1000000 width=20) (actual time=257.029..257.894 rows=10009 loops=1)
                     Sort Key: s_3.a, s_3.b, s_3.c
                     Sort Method: external merge  Disk: 29360kB
                     ->  Seq Scan on s_3  (cost=0.00..16370.00 rows=1000000 width=20) (actual time=0.013..55.345 rows=1000000 loops=1)
 Planning time: 0.225 ms
 Execution time: 265.829 ms
(13 rows)

===== 148 [Wed Mar  7 02:36:41 CET 2018] scale:1000000 groups:100 work_mem:64MB incremental:on max_workers:0 =====
SELECT * FROM (SELECT * FROM s_4 ORDER BY a, b, c, d) foo ORDER BY a, b, c, d, e LIMIT 10000
                                                              QUERY PLAN                                                               
---------------------------------------------------------------------------------------------------------------------------------------
 Limit  (cost=116326.04..116326.04 rows=1 width=20) (actual time=261.435..261.435 rows=0 loops=1)
   ->  Limit  (cost=116028.13..116226.04 rows=10000 width=20) (actual time=258.331..261.150 rows=10000 loops=1)
         ->  Incremental Sort  (cost=116028.13..135818.94 rows=1000000 width=20) (actual time=258.330..260.604 rows=10000 loops=1)
               Sort Key: s_4.a, s_4.b, s_4.c, s_4.d, s_4.e
               Presorted Key: s_4.a, s_4.b, s_4.c, s_4.d
               Sort Method: quicksort  Memory: 27kB
               Sort Groups: 313
               ->  Sort  (cost=116027.84..118527.84 rows=1000000 width=20) (actual time=258.275..259.143 rows=10018 loops=1)
                     Sort Key: s_4.a, s_4.b, s_4.c, s_4.d
                     Sort Method: external merge  Disk: 29360kB
                     ->  Seq Scan on s_4  (cost=0.00..16370.00 rows=1000000 width=20) (actual time=0.011..55.320 rows=1000000 loops=1)
 Planning time: 0.228 ms
 Execution time: 266.306 ms
(13 rows)

===== 149 [Wed Mar  7 02:36:42 CET 2018] scale:1000000 groups:100 work_mem:64MB incremental:off max_workers:0 =====
SELECT * FROM (SELECT * FROM s_1 ORDER BY a) foo ORDER BY a, b LIMIT 10000
                                                              QUERY PLAN                                                               
---------------------------------------------------------------------------------------------------------------------------------------
 Limit  (cost=200091.40..200091.40 rows=1 width=20) (actual time=376.547..376.547 rows=0 loops=1)
   ->  Limit  (cost=199966.40..199991.40 rows=10000 width=20) (actual time=375.304..376.276 rows=10000 loops=1)
         ->  Sort  (cost=199966.40..202466.40 rows=1000000 width=20) (actual time=375.303..375.732 rows=10000 loops=1)
               Sort Key: s_1.a, s_1.b
               Sort Method: top-N heapsort  Memory: 1821kB
               ->  Sort  (cost=116027.84..118527.84 rows=1000000 width=20) (actual time=226.549..308.446 rows=1000000 loops=1)
                     Sort Key: s_1.a
                     Sort Method: external merge  Disk: 29360kB
                     ->  Seq Scan on s_1  (cost=0.00..16370.00 rows=1000000 width=20) (actual time=0.004..55.255 rows=1000000 loops=1)
 Planning time: 0.218 ms
 Execution time: 380.062 ms
(11 rows)

===== 150 [Wed Mar  7 02:36:44 CET 2018] scale:1000000 groups:100 work_mem:64MB incremental:off max_workers:0 =====
SELECT * FROM (SELECT * FROM s_2 ORDER BY a, b) foo ORDER BY a, b, c LIMIT 10000
                                                              QUERY PLAN                                                               
---------------------------------------------------------------------------------------------------------------------------------------
 Limit  (cost=200091.40..200091.40 rows=1 width=20) (actual time=388.837..388.837 rows=0 loops=1)
   ->  Limit  (cost=199966.40..199991.40 rows=10000 width=20) (actual time=387.619..388.566 rows=10000 loops=1)
         ->  Sort  (cost=199966.40..202466.40 rows=1000000 width=20) (actual time=387.619..388.021 rows=10000 loops=1)
               Sort Key: s_2.a, s_2.b, s_2.c
               Sort Method: top-N heapsort  Memory: 1553kB
               ->  Sort  (cost=116027.84..118527.84 rows=1000000 width=20) (actual time=239.775..321.716 rows=1000000 loops=1)
                     Sort Key: s_2.a, s_2.b
                     Sort Method: external merge  Disk: 29360kB
                     ->  Seq Scan on s_2  (cost=0.00..16370.00 rows=1000000 width=20) (actual time=0.013..55.350 rows=1000000 loops=1)
 Planning time: 0.210 ms
 Execution time: 392.350 ms
(11 rows)

===== 151 [Wed Mar  7 02:36:46 CET 2018] scale:1000000 groups:100 work_mem:64MB incremental:off max_workers:0 =====
SELECT * FROM (SELECT * FROM s_3 ORDER BY a, b, c) foo ORDER BY a, b, c, d LIMIT 10000
                                                              QUERY PLAN                                                               
---------------------------------------------------------------------------------------------------------------------------------------
 Limit  (cost=200091.40..200091.40 rows=1 width=20) (actual time=417.508..417.508 rows=0 loops=1)
   ->  Limit  (cost=199966.40..199991.40 rows=10000 width=20) (actual time=416.306..417.237 rows=10000 loops=1)
         ->  Sort  (cost=199966.40..202466.40 rows=1000000 width=20) (actual time=416.305..416.693 rows=10000 loops=1)
               Sort Key: s_3.a, s_3.b, s_3.c, s_3.d
               Sort Method: top-N heapsort  Memory: 1550kB
               ->  Sort  (cost=116027.84..118527.84 rows=1000000 width=20) (actual time=256.503..345.281 rows=1000000 loops=1)
                     Sort Key: s_3.a, s_3.b, s_3.c
                     Sort Method: external merge  Disk: 29360kB
                     ->  Seq Scan on s_3  (cost=0.00..16370.00 rows=1000000 width=20) (actual time=0.013..54.963 rows=1000000 loops=1)
 Planning time: 0.216 ms
 Execution time: 421.001 ms
(11 rows)

===== 152 [Wed Mar  7 02:36:48 CET 2018] scale:1000000 groups:100 work_mem:64MB incremental:off max_workers:0 =====
SELECT * FROM (SELECT * FROM s_4 ORDER BY a, b, c, d) foo ORDER BY a, b, c, d, e LIMIT 10000
                                                              QUERY PLAN                                                               
---------------------------------------------------------------------------------------------------------------------------------------
 Limit  (cost=200091.40..200091.40 rows=1 width=20) (actual time=418.968..418.968 rows=0 loops=1)
   ->  Limit  (cost=199966.40..199991.40 rows=10000 width=20) (actual time=417.764..418.695 rows=10000 loops=1)
         ->  Sort  (cost=199966.40..202466.40 rows=1000000 width=20) (actual time=417.764..418.153 rows=10000 loops=1)
               Sort Key: s_4.a, s_4.b, s_4.c, s_4.d, s_4.e
               Sort Method: top-N heapsort  Memory: 1550kB
               ->  Sort  (cost=116027.84..118527.84 rows=1000000 width=20) (actual time=258.123..346.756 rows=1000000 loops=1)
                     Sort Key: s_4.a, s_4.b, s_4.c, s_4.d
                     Sort Method: external merge  Disk: 29360kB
                     ->  Seq Scan on s_4  (cost=0.00..16370.00 rows=1000000 width=20) (actual time=0.011..54.968 rows=1000000 loops=1)
 Planning time: 0.221 ms
 Execution time: 422.434 ms
(11 rows)

===== 153 [Wed Mar  7 02:36:50 CET 2018] scale:1000000 groups:100 work_mem:128MB incremental:on max_workers:0 =====
SELECT * FROM (SELECT * FROM s_1 ORDER BY a) foo ORDER BY a, b LIMIT 10000
                                                              QUERY PLAN                                                               
---------------------------------------------------------------------------------------------------------------------------------------
 Limit  (cost=117083.80..117083.80 rows=1 width=20) (actual time=169.994..169.994 rows=0 loops=1)
   ->  Limit  (cost=116808.70..116983.80 rows=10000 width=20) (actual time=165.936..169.720 rows=10000 loops=1)
         ->  Incremental Sort  (cost=116808.70..134318.53 rows=1000000 width=20) (actual time=165.935..169.171 rows=10000 loops=1)
               Sort Key: s_1.a, s_1.b
               Presorted Key: s_1.a
               Sort Method: quicksort  Memory: 1174kB
               Sort Groups: 2
               ->  Sort  (cost=116027.84..118527.84 rows=1000000 width=20) (actual time=164.460..165.020 rows=15123 loops=1)
                     Sort Key: s_1.a
                     Sort Method: quicksort  Memory: 102702kB
                     ->  Seq Scan on s_1  (cost=0.00..16370.00 rows=1000000 width=20) (actual time=0.004..55.873 rows=1000000 loops=1)
 Planning time: 0.212 ms
 Execution time: 174.411 ms
(13 rows)

===== 154 [Wed Mar  7 02:36:51 CET 2018] scale:1000000 groups:100 work_mem:128MB incremental:on max_workers:0 =====
SELECT * FROM (SELECT * FROM s_2 ORDER BY a, b) foo ORDER BY a, b, c LIMIT 10000
                                                              QUERY PLAN                                                               
---------------------------------------------------------------------------------------------------------------------------------------
 Limit  (cost=116313.86..116313.86 rows=1 width=20) (actual time=181.697..181.697 rows=0 loops=1)
   ->  Limit  (cost=116032.31..116213.86 rows=10000 width=20) (actual time=177.659..181.427 rows=10000 loops=1)
         ->  Incremental Sort  (cost=116032.31..134187.62 rows=1000000 width=20) (actual time=177.659..180.876 rows=10000 loops=1)
               Sort Key: s_2.a, s_2.b, s_2.c
               Presorted Key: s_2.a, s_2.b
               Sort Method: quicksort  Memory: 34kB
               Sort Groups: 150
               ->  Sort  (cost=116027.84..118527.84 rows=1000000 width=20) (actual time=177.592..177.991 rows=10073 loops=1)
                     Sort Key: s_2.a, s_2.b
                     Sort Method: quicksort  Memory: 102702kB
                     ->  Seq Scan on s_2  (cost=0.00..16370.00 rows=1000000 width=20) (actual time=0.013..55.933 rows=1000000 loops=1)
 Planning time: 0.213 ms
 Execution time: 186.064 ms
(13 rows)

===== 155 [Wed Mar  7 02:36:52 CET 2018] scale:1000000 groups:100 work_mem:128MB incremental:on max_workers:0 =====
SELECT * FROM (SELECT * FROM s_3 ORDER BY a, b, c) foo ORDER BY a, b, c, d LIMIT 10000
                                                              QUERY PLAN                                                               
---------------------------------------------------------------------------------------------------------------------------------------
 Limit  (cost=116326.04..116326.04 rows=1 width=20) (actual time=195.683..195.683 rows=0 loops=1)
   ->  Limit  (cost=116028.13..116226.04 rows=10000 width=20) (actual time=192.131..195.400 rows=10000 loops=1)
         ->  Incremental Sort  (cost=116028.13..135818.94 rows=1000000 width=20) (actual time=192.131..194.854 rows=10000 loops=1)
               Sort Key: s_3.a, s_3.b, s_3.c, s_3.d
               Presorted Key: s_3.a, s_3.b, s_3.c
               Sort Method: quicksort  Memory: 27kB
               Sort Groups: 309
               ->  Sort  (cost=116027.84..118527.84 rows=1000000 width=20) (actual time=192.076..192.483 rows=10009 loops=1)
                     Sort Key: s_3.a, s_3.b, s_3.c
                     Sort Method: quicksort  Memory: 102702kB
                     ->  Seq Scan on s_3  (cost=0.00..16370.00 rows=1000000 width=20) (actual time=0.013..55.655 rows=1000000 loops=1)
 Planning time: 0.232 ms
 Execution time: 200.068 ms
(13 rows)

===== 156 [Wed Mar  7 02:36:53 CET 2018] scale:1000000 groups:100 work_mem:128MB incremental:on max_workers:0 =====
SELECT * FROM (SELECT * FROM s_4 ORDER BY a, b, c, d) foo ORDER BY a, b, c, d, e LIMIT 10000
                                                              QUERY PLAN                                                               
---------------------------------------------------------------------------------------------------------------------------------------
 Limit  (cost=116326.04..116326.04 rows=1 width=20) (actual time=197.359..197.359 rows=0 loops=1)
   ->  Limit  (cost=116028.13..116226.04 rows=10000 width=20) (actual time=194.604..197.077 rows=10000 loops=1)
         ->  Incremental Sort  (cost=116028.13..135818.94 rows=1000000 width=20) (actual time=194.604..196.532 rows=10000 loops=1)
               Sort Key: s_4.a, s_4.b, s_4.c, s_4.d, s_4.e
               Presorted Key: s_4.a, s_4.b, s_4.c, s_4.d
               Sort Method: quicksort  Memory: 27kB
               Sort Groups: 313
               ->  Sort  (cost=116027.84..118527.84 rows=1000000 width=20) (actual time=194.552..194.958 rows=10018 loops=1)
                     Sort Key: s_4.a, s_4.b, s_4.c, s_4.d
                     Sort Method: quicksort  Memory: 102702kB
                     ->  Seq Scan on s_4  (cost=0.00..16370.00 rows=1000000 width=20) (actual time=0.011..55.711 rows=1000000 loops=1)
 Planning time: 0.234 ms
 Execution time: 201.731 ms
(13 rows)

===== 157 [Wed Mar  7 02:36:54 CET 2018] scale:1000000 groups:100 work_mem:128MB incremental:off max_workers:0 =====
SELECT * FROM (SELECT * FROM s_1 ORDER BY a) foo ORDER BY a, b LIMIT 10000
                                                              QUERY PLAN                                                               
---------------------------------------------------------------------------------------------------------------------------------------
 Limit  (cost=200091.40..200091.40 rows=1 width=20) (actual time=273.580..273.580 rows=0 loops=1)
   ->  Limit  (cost=199966.40..199991.40 rows=10000 width=20) (actual time=272.341..273.312 rows=10000 loops=1)
         ->  Sort  (cost=199966.40..202466.40 rows=1000000 width=20) (actual time=272.340..272.770 rows=10000 loops=1)
               Sort Key: s_1.a, s_1.b
               Sort Method: top-N heapsort  Memory: 1821kB
               ->  Sort  (cost=116027.84..118527.84 rows=1000000 width=20) (actual time=162.940..198.060 rows=1000000 loops=1)
                     Sort Key: s_1.a
                     Sort Method: quicksort  Memory: 102702kB
                     ->  Seq Scan on s_1  (cost=0.00..16370.00 rows=1000000 width=20) (actual time=0.004..55.426 rows=1000000 loops=1)
 Planning time: 0.212 ms
 Execution time: 278.024 ms
(11 rows)

===== 158 [Wed Mar  7 02:36:55 CET 2018] scale:1000000 groups:100 work_mem:128MB incremental:off max_workers:0 =====
SELECT * FROM (SELECT * FROM s_2 ORDER BY a, b) foo ORDER BY a, b, c LIMIT 10000
                                                              QUERY PLAN                                                               
---------------------------------------------------------------------------------------------------------------------------------------
 Limit  (cost=200091.40..200091.40 rows=1 width=20) (actual time=286.573..286.573 rows=0 loops=1)
   ->  Limit  (cost=199966.40..199991.40 rows=10000 width=20) (actual time=285.351..286.298 rows=10000 loops=1)
         ->  Sort  (cost=199966.40..202466.40 rows=1000000 width=20) (actual time=285.350..285.748 rows=10000 loops=1)
               Sort Key: s_2.a, s_2.b, s_2.c
               Sort Method: top-N heapsort  Memory: 1553kB
               ->  Sort  (cost=116027.84..118527.84 rows=1000000 width=20) (actual time=176.867..212.000 rows=1000000 loops=1)
                     Sort Key: s_2.a, s_2.b
                     Sort Method: quicksort  Memory: 102702kB
                     ->  Seq Scan on s_2  (cost=0.00..16370.00 rows=1000000 width=20) (actual time=0.013..55.587 rows=1000000 loops=1)
 Planning time: 0.211 ms
 Execution time: 291.028 ms
(11 rows)

===== 159 [Wed Mar  7 02:36:57 CET 2018] scale:1000000 groups:100 work_mem:128MB incremental:off max_workers:0 =====
SELECT * FROM (SELECT * FROM s_3 ORDER BY a, b, c) foo ORDER BY a, b, c, d LIMIT 10000
                                                              QUERY PLAN                                                               
---------------------------------------------------------------------------------------------------------------------------------------
 Limit  (cost=200091.40..200091.40 rows=1 width=20) (actual time=307.438..307.438 rows=0 loops=1)
   ->  Limit  (cost=199966.40..199991.40 rows=10000 width=20) (actual time=306.229..307.158 rows=10000 loops=1)
         ->  Sort  (cost=199966.40..202466.40 rows=1000000 width=20) (actual time=306.228..306.616 rows=10000 loops=1)
               Sort Key: s_3.a, s_3.b, s_3.c, s_3.d
               Sort Method: top-N heapsort  Memory: 1550kB
               ->  Sort  (cost=116027.84..118527.84 rows=1000000 width=20) (actual time=191.795..227.057 rows=1000000 loops=1)
                     Sort Key: s_3.a, s_3.b, s_3.c
                     Sort Method: quicksort  Memory: 102702kB
                     ->  Seq Scan on s_3  (cost=0.00..16370.00 rows=1000000 width=20) (actual time=0.013..55.318 rows=1000000 loops=1)
 Planning time: 0.216 ms
 Execution time: 311.878 ms
(11 rows)

===== 160 [Wed Mar  7 02:36:58 CET 2018] scale:1000000 groups:100 work_mem:128MB incremental:off max_workers:0 =====
SELECT * FROM (SELECT * FROM s_4 ORDER BY a, b, c, d) foo ORDER BY a, b, c, d, e LIMIT 10000
                                                              QUERY PLAN                                                               
---------------------------------------------------------------------------------------------------------------------------------------
 Limit  (cost=200091.40..200091.40 rows=1 width=20) (actual time=309.639..309.639 rows=0 loops=1)
   ->  Limit  (cost=199966.40..199991.40 rows=10000 width=20) (actual time=308.428..309.361 rows=10000 loops=1)
         ->  Sort  (cost=199966.40..202466.40 rows=1000000 width=20) (actual time=308.428..308.815 rows=10000 loops=1)
               Sort Key: s_4.a, s_4.b, s_4.c, s_4.d, s_4.e
               Sort Method: top-N heapsort  Memory: 1550kB
               ->  Sort  (cost=116027.84..118527.84 rows=1000000 width=20) (actual time=193.925..229.171 rows=1000000 loops=1)
                     Sort Key: s_4.a, s_4.b, s_4.c, s_4.d
                     Sort Method: quicksort  Memory: 102702kB
                     ->  Seq Scan on s_4  (cost=0.00..16370.00 rows=1000000 width=20) (actual time=0.011..55.327 rows=1000000 loops=1)
 Planning time: 0.224 ms
 Execution time: 314.087 ms
(11 rows)

===== 161 [Wed Mar  7 02:37:00 CET 2018] scale:1000000 groups:100 work_mem:256MB incremental:on max_workers:0 =====
SELECT * FROM (SELECT * FROM s_1 ORDER BY a) foo ORDER BY a, b LIMIT 10000
                                                              QUERY PLAN                                                               
---------------------------------------------------------------------------------------------------------------------------------------
 Limit  (cost=117083.80..117083.80 rows=1 width=20) (actual time=170.080..170.080 rows=0 loops=1)
   ->  Limit  (cost=116808.70..116983.80 rows=10000 width=20) (actual time=166.019..169.806 rows=10000 loops=1)
         ->  Incremental Sort  (cost=116808.70..134318.53 rows=1000000 width=20) (actual time=166.019..169.256 rows=10000 loops=1)
               Sort Key: s_1.a, s_1.b
               Presorted Key: s_1.a
               Sort Method: quicksort  Memory: 1174kB
               Sort Groups: 2
               ->  Sort  (cost=116027.84..118527.84 rows=1000000 width=20) (actual time=164.553..165.115 rows=15123 loops=1)
                     Sort Key: s_1.a
                     Sort Method: quicksort  Memory: 102702kB
                     ->  Seq Scan on s_1  (cost=0.00..16370.00 rows=1000000 width=20) (actual time=0.004..55.821 rows=1000000 loops=1)
 Planning time: 0.217 ms
 Execution time: 174.490 ms
(13 rows)

===== 162 [Wed Mar  7 02:37:00 CET 2018] scale:1000000 groups:100 work_mem:256MB incremental:on max_workers:0 =====
SELECT * FROM (SELECT * FROM s_2 ORDER BY a, b) foo ORDER BY a, b, c LIMIT 10000
                                                              QUERY PLAN                                                               
---------------------------------------------------------------------------------------------------------------------------------------
 Limit  (cost=116313.86..116313.86 rows=1 width=20) (actual time=181.849..181.849 rows=0 loops=1)
   ->  Limit  (cost=116032.31..116213.86 rows=10000 width=20) (actual time=177.803..181.577 rows=10000 loops=1)
         ->  Incremental Sort  (cost=116032.31..134187.62 rows=1000000 width=20) (actual time=177.803..181.024 rows=10000 loops=1)
               Sort Key: s_2.a, s_2.b, s_2.c
               Presorted Key: s_2.a, s_2.b
               Sort Method: quicksort  Memory: 34kB
               Sort Groups: 150
               ->  Sort  (cost=116027.84..118527.84 rows=1000000 width=20) (actual time=177.736..178.139 rows=10073 loops=1)
                     Sort Key: s_2.a, s_2.b
                     Sort Method: quicksort  Memory: 102702kB
                     ->  Seq Scan on s_2  (cost=0.00..16370.00 rows=1000000 width=20) (actual time=0.012..55.937 rows=1000000 loops=1)
 Planning time: 0.212 ms
 Execution time: 186.217 ms
(13 rows)

===== 163 [Wed Mar  7 02:37:01 CET 2018] scale:1000000 groups:100 work_mem:256MB incremental:on max_workers:0 =====
SELECT * FROM (SELECT * FROM s_3 ORDER BY a, b, c) foo ORDER BY a, b, c, d LIMIT 10000
                                                              QUERY PLAN                                                               
---------------------------------------------------------------------------------------------------------------------------------------
 Limit  (cost=116326.04..116326.04 rows=1 width=20) (actual time=195.733..195.733 rows=0 loops=1)
   ->  Limit  (cost=116028.13..116226.04 rows=10000 width=20) (actual time=192.176..195.450 rows=10000 loops=1)
         ->  Incremental Sort  (cost=116028.13..135818.94 rows=1000000 width=20) (actual time=192.176..194.904 rows=10000 loops=1)
               Sort Key: s_3.a, s_3.b, s_3.c, s_3.d
               Presorted Key: s_3.a, s_3.b, s_3.c
               Sort Method: quicksort  Memory: 27kB
               Sort Groups: 309
               ->  Sort  (cost=116027.84..118527.84 rows=1000000 width=20) (actual time=192.120..192.525 rows=10009 loops=1)
                     Sort Key: s_3.a, s_3.b, s_3.c
                     Sort Method: quicksort  Memory: 102702kB
                     ->  Seq Scan on s_3  (cost=0.00..16370.00 rows=1000000 width=20) (actual time=0.013..55.655 rows=1000000 loops=1)
 Planning time: 0.227 ms
 Execution time: 200.102 ms
(13 rows)

===== 164 [Wed Mar  7 02:37:02 CET 2018] scale:1000000 groups:100 work_mem:256MB incremental:on max_workers:0 =====
SELECT * FROM (SELECT * FROM s_4 ORDER BY a, b, c, d) foo ORDER BY a, b, c, d, e LIMIT 10000
                                                              QUERY PLAN                                                               
---------------------------------------------------------------------------------------------------------------------------------------
 Limit  (cost=116326.04..116326.04 rows=1 width=20) (actual time=197.237..197.237 rows=0 loops=1)
   ->  Limit  (cost=116028.13..116226.04 rows=10000 width=20) (actual time=194.487..196.955 rows=10000 loops=1)
         ->  Incremental Sort  (cost=116028.13..135818.94 rows=1000000 width=20) (actual time=194.486..196.410 rows=10000 loops=1)
               Sort Key: s_4.a, s_4.b, s_4.c, s_4.d, s_4.e
               Presorted Key: s_4.a, s_4.b, s_4.c, s_4.d
               Sort Method: quicksort  Memory: 27kB
               Sort Groups: 313
               ->  Sort  (cost=116027.84..118527.84 rows=1000000 width=20) (actual time=194.434..194.839 rows=10018 loops=1)
                     Sort Key: s_4.a, s_4.b, s_4.c, s_4.d
                     Sort Method: quicksort  Memory: 102702kB
                     ->  Seq Scan on s_4  (cost=0.00..16370.00 rows=1000000 width=20) (actual time=0.011..55.700 rows=1000000 loops=1)
 Planning time: 0.228 ms
 Execution time: 201.603 ms
(13 rows)

===== 165 [Wed Mar  7 02:37:03 CET 2018] scale:1000000 groups:100 work_mem:256MB incremental:off max_workers:0 =====
SELECT * FROM (SELECT * FROM s_1 ORDER BY a) foo ORDER BY a, b LIMIT 10000
                                                              QUERY PLAN                                                               
---------------------------------------------------------------------------------------------------------------------------------------
 Limit  (cost=200091.40..200091.40 rows=1 width=20) (actual time=274.362..274.362 rows=0 loops=1)
   ->  Limit  (cost=199966.40..199991.40 rows=10000 width=20) (actual time=273.107..274.086 rows=10000 loops=1)
         ->  Sort  (cost=199966.40..202466.40 rows=1000000 width=20) (actual time=273.107..273.537 rows=10000 loops=1)
               Sort Key: s_1.a, s_1.b
               Sort Method: top-N heapsort  Memory: 1821kB
               ->  Sort  (cost=116027.84..118527.84 rows=1000000 width=20) (actual time=163.570..198.701 rows=1000000 loops=1)
                     Sort Key: s_1.a
                     Sort Method: quicksort  Memory: 102702kB
                     ->  Seq Scan on s_1  (cost=0.00..16370.00 rows=1000000 width=20) (actual time=0.004..55.481 rows=1000000 loops=1)
 Planning time: 0.211 ms
 Execution time: 278.830 ms
(11 rows)

===== 166 [Wed Mar  7 02:37:05 CET 2018] scale:1000000 groups:100 work_mem:256MB incremental:off max_workers:0 =====
SELECT * FROM (SELECT * FROM s_2 ORDER BY a, b) foo ORDER BY a, b, c LIMIT 10000
                                                              QUERY PLAN                                                               
---------------------------------------------------------------------------------------------------------------------------------------
 Limit  (cost=200091.40..200091.40 rows=1 width=20) (actual time=286.408..286.408 rows=0 loops=1)
   ->  Limit  (cost=199966.40..199991.40 rows=10000 width=20) (actual time=285.190..286.134 rows=10000 loops=1)
         ->  Sort  (cost=199966.40..202466.40 rows=1000000 width=20) (actual time=285.190..285.591 rows=10000 loops=1)
               Sort Key: s_2.a, s_2.b, s_2.c
               Sort Method: top-N heapsort  Memory: 1553kB
               ->  Sort  (cost=116027.84..118527.84 rows=1000000 width=20) (actual time=176.598..211.709 rows=1000000 loops=1)
                     Sort Key: s_2.a, s_2.b
                     Sort Method: quicksort  Memory: 102702kB
                     ->  Seq Scan on s_2  (cost=0.00..16370.00 rows=1000000 width=20) (actual time=0.013..55.569 rows=1000000 loops=1)
 Planning time: 0.220 ms
 Execution time: 290.852 ms
(11 rows)

===== 167 [Wed Mar  7 02:37:06 CET 2018] scale:1000000 groups:100 work_mem:256MB incremental:off max_workers:0 =====
SELECT * FROM (SELECT * FROM s_3 ORDER BY a, b, c) foo ORDER BY a, b, c, d LIMIT 10000
                                                              QUERY PLAN                                                               
---------------------------------------------------------------------------------------------------------------------------------------
 Limit  (cost=200091.40..200091.40 rows=1 width=20) (actual time=307.245..307.245 rows=0 loops=1)
   ->  Limit  (cost=199966.40..199991.40 rows=10000 width=20) (actual time=306.039..306.972 rows=10000 loops=1)
         ->  Sort  (cost=199966.40..202466.40 rows=1000000 width=20) (actual time=306.038..306.425 rows=10000 loops=1)
               Sort Key: s_3.a, s_3.b, s_3.c, s_3.d
               Sort Method: top-N heapsort  Memory: 1550kB
               ->  Sort  (cost=116027.84..118527.84 rows=1000000 width=20) (actual time=191.608..226.868 rows=1000000 loops=1)
                     Sort Key: s_3.a, s_3.b, s_3.c
                     Sort Method: quicksort  Memory: 102702kB
                     ->  Seq Scan on s_3  (cost=0.00..16370.00 rows=1000000 width=20) (actual time=0.013..55.270 rows=1000000 loops=1)
 Planning time: 0.220 ms
 Execution time: 311.691 ms
(11 rows)

===== 168 [Wed Mar  7 02:37:08 CET 2018] scale:1000000 groups:100 work_mem:256MB incremental:off max_workers:0 =====
SELECT * FROM (SELECT * FROM s_4 ORDER BY a, b, c, d) foo ORDER BY a, b, c, d, e LIMIT 10000
                                                              QUERY PLAN                                                               
---------------------------------------------------------------------------------------------------------------------------------------
 Limit  (cost=200091.40..200091.40 rows=1 width=20) (actual time=309.769..309.769 rows=0 loops=1)
   ->  Limit  (cost=199966.40..199991.40 rows=10000 width=20) (actual time=308.561..309.494 rows=10000 loops=1)
         ->  Sort  (cost=199966.40..202466.40 rows=1000000 width=20) (actual time=308.560..308.949 rows=10000 loops=1)
               Sort Key: s_4.a, s_4.b, s_4.c, s_4.d, s_4.e
               Sort Method: top-N heapsort  Memory: 1550kB
               ->  Sort  (cost=116027.84..118527.84 rows=1000000 width=20) (actual time=194.004..229.283 rows=1000000 loops=1)
                     Sort Key: s_4.a, s_4.b, s_4.c, s_4.d
                     Sort Method: quicksort  Memory: 102702kB
                     ->  Seq Scan on s_4  (cost=0.00..16370.00 rows=1000000 width=20) (actual time=0.011..55.351 rows=1000000 loops=1)
 Planning time: 0.227 ms
 Execution time: 314.242 ms
(11 rows)

===== 169 [Wed Mar  7 02:37:09 CET 2018] scale:1000000 groups:100 work_mem:4MB incremental:on max_workers:2 =====
SELECT * FROM (SELECT * FROM s_1 ORDER BY a) foo ORDER BY a, b LIMIT 10000
                                                                     QUERY PLAN                                                                     
----------------------------------------------------------------------------------------------------------------------------------------------------
 Limit  (cost=60970.47..60970.47 rows=1 width=20) (actual time=78.394..78.394 rows=0 loops=1)
   ->  Limit  (cost=60695.27..60870.47 rows=10000 width=20) (actual time=73.089..78.118 rows=10000 loops=1)
         ->  Incremental Sort  (cost=60695.27..78214.48 rows=1000000 width=20) (actual time=73.089..77.572 rows=10000 loops=1)
               Sort Key: s_1.a, s_1.b
               Presorted Key: s_1.a
               Sort Method: quicksort  Memory: 1174kB
               Sort Groups: 2
               ->  Gather Merge  (cost=58976.50..156205.59 rows=833334 width=20) (actual time=70.842..73.704 rows=15123 loops=1)
                     Workers Planned: 2
                     Workers Launched: 2
                     ->  Sort  (cost=57976.48..59018.15 rows=416667 width=20) (actual time=69.235..69.787 rows=5765 loops=3)
                           Sort Key: s_1.a
                           Sort Method: external merge  Disk: 9664kB
                           Worker 0:  Sort Method: external merge  Disk: 9872kB
                           Worker 1:  Sort Method: external merge  Disk: 9832kB
                           ->  Parallel Seq Scan on s_1  (cost=0.00..10536.67 rows=416667 width=20) (actual time=0.007..19.135 rows=333333 loops=3)
 Planning time: 0.236 ms
 Execution time: 82.790 ms
(18 rows)

===== 170 [Wed Mar  7 02:37:10 CET 2018] scale:1000000 groups:100 work_mem:4MB incremental:on max_workers:2 =====
SELECT * FROM (SELECT * FROM s_2 ORDER BY a, b) foo ORDER BY a, b, c LIMIT 10000
                                                                     QUERY PLAN                                                                     
----------------------------------------------------------------------------------------------------------------------------------------------------
 Limit  (cost=59281.19..59281.19 rows=1 width=20) (actual time=82.044..82.044 rows=0 loops=1)
   ->  Limit  (cost=58990.26..59181.19 rows=10000 width=20) (actual time=76.350..81.767 rows=10000 loops=1)
         ->  Incremental Sort  (cost=58990.26..78083.57 rows=1000000 width=20) (actual time=76.350..81.218 rows=10000 loops=1)
               Sort Key: s_2.a, s_2.b, s_2.c
               Presorted Key: s_2.a, s_2.b
               Sort Method: quicksort  Memory: 34kB
               Sort Groups: 150
               ->  Gather Merge  (cost=58976.50..156205.59 rows=833334 width=20) (actual time=76.291..78.463 rows=10073 loops=1)
                     Workers Planned: 2
                     Workers Launched: 2
                     ->  Sort  (cost=57976.48..59018.15 rows=416667 width=20) (actual time=74.748..75.154 rows=4138 loops=3)
                           Sort Key: s_2.a, s_2.b
                           Sort Method: external merge  Disk: 9728kB
                           Worker 0:  Sort Method: external merge  Disk: 9808kB
                           Worker 1:  Sort Method: external merge  Disk: 9832kB
                           ->  Parallel Seq Scan on s_2  (cost=0.00..10536.67 rows=416667 width=20) (actual time=0.010..19.161 rows=333333 loops=3)
 Planning time: 0.229 ms
 Execution time: 86.513 ms
(18 rows)

===== 171 [Wed Mar  7 02:37:10 CET 2018] scale:1000000 groups:100 work_mem:4MB incremental:on max_workers:2 =====
SELECT * FROM (SELECT * FROM s_3 ORDER BY a, b, c) foo ORDER BY a, b, c, d LIMIT 10000
                                                                     QUERY PLAN                                                                     
----------------------------------------------------------------------------------------------------------------------------------------------------
 Limit  (cost=59285.11..59285.11 rows=1 width=20) (actual time=84.137..84.137 rows=0 loops=1)
   ->  Limit  (cost=58977.74..59185.11 rows=10000 width=20) (actual time=78.978..83.860 rows=10000 loops=1)
         ->  Incremental Sort  (cost=58977.74..79714.89 rows=1000000 width=20) (actual time=78.977..83.310 rows=10000 loops=1)
               Sort Key: s_3.a, s_3.b, s_3.c, s_3.d
               Presorted Key: s_3.a, s_3.b, s_3.c
               Sort Method: quicksort  Memory: 27kB
               Sort Groups: 309
               ->  Gather Merge  (cost=58976.50..156205.59 rows=833334 width=20) (actual time=78.931..81.096 rows=10009 loops=1)
                     Workers Planned: 2
                     Workers Launched: 2
                     ->  Sort  (cost=57976.48..59018.15 rows=416667 width=20) (actual time=77.393..77.801 rows=4116 loops=3)
                           Sort Key: s_3.a, s_3.b, s_3.c
                           Sort Method: external merge  Disk: 9752kB
                           Worker 0:  Sort Method: external merge  Disk: 9784kB
                           Worker 1:  Sort Method: external merge  Disk: 9832kB
                           ->  Parallel Seq Scan on s_3  (cost=0.00..10536.67 rows=416667 width=20) (actual time=0.010..19.158 rows=333333 loops=3)
 Planning time: 0.236 ms
 Execution time: 88.649 ms
(18 rows)

===== 172 [Wed Mar  7 02:37:11 CET 2018] scale:1000000 groups:100 work_mem:4MB incremental:on max_workers:2 =====
SELECT * FROM (SELECT * FROM s_4 ORDER BY a, b, c, d) foo ORDER BY a, b, c, d, e LIMIT 10000
                                                                     QUERY PLAN                                                                     
----------------------------------------------------------------------------------------------------------------------------------------------------
 Limit  (cost=59285.11..59285.11 rows=1 width=20) (actual time=84.025..84.025 rows=0 loops=1)
   ->  Limit  (cost=58977.74..59185.11 rows=10000 width=20) (actual time=79.674..83.747 rows=10000 loops=1)
         ->  Incremental Sort  (cost=58977.74..79714.89 rows=1000000 width=20) (actual time=79.673..83.195 rows=10000 loops=1)
               Sort Key: s_4.a, s_4.b, s_4.c, s_4.d, s_4.e
               Presorted Key: s_4.a, s_4.b, s_4.c, s_4.d
               Sort Method: quicksort  Memory: 27kB
               Sort Groups: 313
               ->  Gather Merge  (cost=58976.50..156205.59 rows=833334 width=20) (actual time=79.631..81.794 rows=10018 loops=1)
                     Workers Planned: 2
                     Workers Launched: 2
                     ->  Sort  (cost=57976.48..59018.15 rows=416667 width=20) (actual time=78.159..78.565 rows=4119 loops=3)
                           Sort Key: s_4.a, s_4.b, s_4.c, s_4.d
                           Sort Method: external merge  Disk: 9784kB
                           Worker 0:  Sort Method: external merge  Disk: 9800kB
                           Worker 1:  Sort Method: external merge  Disk: 9792kB
                           ->  Parallel Seq Scan on s_4  (cost=0.00..10536.67 rows=416667 width=20) (actual time=0.009..19.153 rows=333333 loops=3)
 Planning time: 0.254 ms
 Execution time: 88.558 ms
(18 rows)

===== 173 [Wed Mar  7 02:37:11 CET 2018] scale:1000000 groups:100 work_mem:4MB incremental:off max_workers:2 =====
SELECT * FROM (SELECT * FROM s_1 ORDER BY a) foo ORDER BY a, b LIMIT 10000
                                                              QUERY PLAN                                                               
---------------------------------------------------------------------------------------------------------------------------------------
 Limit  (cost=220601.40..220601.40 rows=1 width=20) (actual time=377.223..377.223 rows=0 loops=1)
   ->  Limit  (cost=220476.40..220501.40 rows=10000 width=20) (actual time=375.971..376.946 rows=10000 loops=1)
         ->  Sort  (cost=220476.40..222976.40 rows=1000000 width=20) (actual time=375.970..376.397 rows=10000 loops=1)
               Sort Key: s_1.a, s_1.b
               Sort Method: top-N heapsort  Memory: 1821kB
               ->  Sort  (cost=136537.84..139037.84 rows=1000000 width=20) (actual time=214.737..308.641 rows=1000000 loops=1)
                     Sort Key: s_1.a
                     Sort Method: external merge  Disk: 29360kB
                     ->  Seq Scan on s_1  (cost=0.00..16370.00 rows=1000000 width=20) (actual time=0.004..51.235 rows=1000000 loops=1)
 Planning time: 0.215 ms
 Execution time: 381.006 ms
(11 rows)

===== 174 [Wed Mar  7 02:37:13 CET 2018] scale:1000000 groups:100 work_mem:4MB incremental:off max_workers:2 =====
SELECT * FROM (SELECT * FROM s_2 ORDER BY a, b) foo ORDER BY a, b, c LIMIT 10000
                                                              QUERY PLAN                                                               
---------------------------------------------------------------------------------------------------------------------------------------
 Limit  (cost=220601.40..220601.40 rows=1 width=20) (actual time=407.097..407.097 rows=0 loops=1)
   ->  Limit  (cost=220476.40..220501.40 rows=10000 width=20) (actual time=405.880..406.823 rows=10000 loops=1)
         ->  Sort  (cost=220476.40..222976.40 rows=1000000 width=20) (actual time=405.879..406.279 rows=10000 loops=1)
               Sort Key: s_2.a, s_2.b, s_2.c
               Sort Method: top-N heapsort  Memory: 1553kB
               ->  Sort  (cost=136537.84..139037.84 rows=1000000 width=20) (actual time=232.369..334.281 rows=1000000 loops=1)
                     Sort Key: s_2.a, s_2.b
                     Sort Method: external merge  Disk: 29360kB
                     ->  Seq Scan on s_2  (cost=0.00..16370.00 rows=1000000 width=20) (actual time=0.013..50.753 rows=1000000 loops=1)
 Planning time: 0.220 ms
 Execution time: 410.878 ms
(11 rows)

===== 175 [Wed Mar  7 02:37:15 CET 2018] scale:1000000 groups:100 work_mem:4MB incremental:off max_workers:2 =====
SELECT * FROM (SELECT * FROM s_3 ORDER BY a, b, c) foo ORDER BY a, b, c, d LIMIT 10000
                                                              QUERY PLAN                                                               
---------------------------------------------------------------------------------------------------------------------------------------
 Limit  (cost=220601.40..220601.40 rows=1 width=20) (actual time=419.153..419.153 rows=0 loops=1)
   ->  Limit  (cost=220476.40..220501.40 rows=10000 width=20) (actual time=417.951..418.884 rows=10000 loops=1)
         ->  Sort  (cost=220476.40..222976.40 rows=1000000 width=20) (actual time=417.951..418.340 rows=10000 loops=1)
               Sort Key: s_3.a, s_3.b, s_3.c, s_3.d
               Sort Method: top-N heapsort  Memory: 1550kB
               ->  Sort  (cost=136537.84..139037.84 rows=1000000 width=20) (actual time=243.309..345.265 rows=1000000 loops=1)
                     Sort Key: s_3.a, s_3.b, s_3.c
                     Sort Method: external merge  Disk: 29360kB
                     ->  Seq Scan on s_3  (cost=0.00..16370.00 rows=1000000 width=20) (actual time=0.013..50.824 rows=1000000 loops=1)
 Planning time: 0.226 ms
 Execution time: 422.942 ms
(11 rows)

===== 176 [Wed Mar  7 02:37:17 CET 2018] scale:1000000 groups:100 work_mem:4MB incremental:off max_workers:2 =====
SELECT * FROM (SELECT * FROM s_4 ORDER BY a, b, c, d) foo ORDER BY a, b, c, d, e LIMIT 10000
                                                              QUERY PLAN                                                               
---------------------------------------------------------------------------------------------------------------------------------------
 Limit  (cost=220601.40..220601.40 rows=1 width=20) (actual time=420.870..420.870 rows=0 loops=1)
   ->  Limit  (cost=220476.40..220501.40 rows=10000 width=20) (actual time=419.666..420.598 rows=10000 loops=1)
         ->  Sort  (cost=220476.40..222976.40 rows=1000000 width=20) (actual time=419.666..420.054 rows=10000 loops=1)
               Sort Key: s_4.a, s_4.b, s_4.c, s_4.d, s_4.e
               Sort Method: top-N heapsort  Memory: 1550kB
               ->  Sort  (cost=136537.84..139037.84 rows=1000000 width=20) (actual time=245.160..346.932 rows=1000000 loops=1)
                     Sort Key: s_4.a, s_4.b, s_4.c, s_4.d
                     Sort Method: external merge  Disk: 29360kB
                     ->  Seq Scan on s_4  (cost=0.00..16370.00 rows=1000000 width=20) (actual time=0.011..50.838 rows=1000000 loops=1)
 Planning time: 0.231 ms
 Execution time: 424.660 ms
(11 rows)

===== 177 [Wed Mar  7 02:37:19 CET 2018] scale:1000000 groups:100 work_mem:8MB incremental:on max_workers:2 =====
SELECT * FROM (SELECT * FROM s_1 ORDER BY a) foo ORDER BY a, b LIMIT 10000
                                                                     QUERY PLAN                                                                     
----------------------------------------------------------------------------------------------------------------------------------------------------
 Limit  (cost=60970.47..60970.47 rows=1 width=20) (actual time=82.861..82.861 rows=0 loops=1)
   ->  Limit  (cost=60695.27..60870.47 rows=10000 width=20) (actual time=77.614..82.585 rows=10000 loops=1)
         ->  Incremental Sort  (cost=60695.27..78214.48 rows=1000000 width=20) (actual time=77.614..82.033 rows=10000 loops=1)
               Sort Key: s_1.a, s_1.b
               Presorted Key: s_1.a
               Sort Method: quicksort  Memory: 1174kB
               Sort Groups: 2
               ->  Gather Merge  (cost=58976.50..156205.59 rows=833334 width=20) (actual time=75.371..78.211 rows=15123 loops=1)
                     Workers Planned: 2
                     Workers Launched: 2
                     ->  Sort  (cost=57976.48..59018.15 rows=416667 width=20) (actual time=73.787..74.326 rows=5660 loops=3)
                           Sort Key: s_1.a
                           Sort Method: external merge  Disk: 9696kB
                           Worker 0:  Sort Method: external merge  Disk: 9832kB
                           Worker 1:  Sort Method: external merge  Disk: 9840kB
                           ->  Parallel Seq Scan on s_1  (cost=0.00..10536.67 rows=416667 width=20) (actual time=0.007..19.401 rows=333333 loops=3)
 Planning time: 0.231 ms
 Execution time: 87.928 ms
(18 rows)

===== 178 [Wed Mar  7 02:37:20 CET 2018] scale:1000000 groups:100 work_mem:8MB incremental:on max_workers:2 =====
SELECT * FROM (SELECT * FROM s_2 ORDER BY a, b) foo ORDER BY a, b, c LIMIT 10000
                                                                     QUERY PLAN                                                                     
----------------------------------------------------------------------------------------------------------------------------------------------------
 Limit  (cost=59281.19..59281.19 rows=1 width=20) (actual time=86.254..86.254 rows=0 loops=1)
   ->  Limit  (cost=58990.26..59181.19 rows=10000 width=20) (actual time=80.555..85.977 rows=10000 loops=1)
         ->  Incremental Sort  (cost=58990.26..78083.57 rows=1000000 width=20) (actual time=80.554..85.430 rows=10000 loops=1)
               Sort Key: s_2.a, s_2.b, s_2.c
               Presorted Key: s_2.a, s_2.b
               Sort Method: quicksort  Memory: 34kB
               Sort Groups: 150
               ->  Gather Merge  (cost=58976.50..156205.59 rows=833334 width=20) (actual time=80.493..82.674 rows=10073 loops=1)
                     Workers Planned: 2
                     Workers Launched: 2
                     ->  Sort  (cost=57976.48..59018.15 rows=416667 width=20) (actual time=78.852..79.267 rows=4138 loops=3)
                           Sort Key: s_2.a, s_2.b
                           Sort Method: external merge  Disk: 9728kB
                           Worker 0:  Sort Method: external merge  Disk: 9784kB
                           Worker 1:  Sort Method: external merge  Disk: 9856kB
                           ->  Parallel Seq Scan on s_2  (cost=0.00..10536.67 rows=416667 width=20) (actual time=0.010..19.423 rows=333333 loops=3)
 Planning time: 0.230 ms
 Execution time: 91.210 ms
(18 rows)

===== 179 [Wed Mar  7 02:37:20 CET 2018] scale:1000000 groups:100 work_mem:8MB incremental:on max_workers:2 =====
SELECT * FROM (SELECT * FROM s_3 ORDER BY a, b, c) foo ORDER BY a, b, c, d LIMIT 10000
                                                                     QUERY PLAN                                                                     
----------------------------------------------------------------------------------------------------------------------------------------------------
 Limit  (cost=59285.11..59285.11 rows=1 width=20) (actual time=88.650..88.650 rows=0 loops=1)
   ->  Limit  (cost=58977.74..59185.11 rows=10000 width=20) (actual time=83.491..88.375 rows=10000 loops=1)
         ->  Incremental Sort  (cost=58977.74..79714.89 rows=1000000 width=20) (actual time=83.491..87.823 rows=10000 loops=1)
               Sort Key: s_3.a, s_3.b, s_3.c, s_3.d
               Presorted Key: s_3.a, s_3.b, s_3.c
               Sort Method: quicksort  Memory: 27kB
               Sort Groups: 309
               ->  Gather Merge  (cost=58976.50..156205.59 rows=833334 width=20) (actual time=83.444..85.612 rows=10009 loops=1)
                     Workers Planned: 2
                     Workers Launched: 2
                     ->  Sort  (cost=57976.48..59018.15 rows=416667 width=20) (actual time=81.987..82.394 rows=4116 loops=3)
                           Sort Key: s_3.a, s_3.b, s_3.c
                           Sort Method: external merge  Disk: 9776kB
                           Worker 0:  Sort Method: external merge  Disk: 9800kB
                           Worker 1:  Sort Method: external merge  Disk: 9792kB
                           ->  Parallel Seq Scan on s_3  (cost=0.00..10536.67 rows=416667 width=20) (actual time=0.011..19.447 rows=333333 loops=3)
 Planning time: 0.240 ms
 Execution time: 93.689 ms
(18 rows)

===== 180 [Wed Mar  7 02:37:21 CET 2018] scale:1000000 groups:100 work_mem:8MB incremental:on max_workers:2 =====
SELECT * FROM (SELECT * FROM s_4 ORDER BY a, b, c, d) foo ORDER BY a, b, c, d, e LIMIT 10000
                                                                     QUERY PLAN                                                                     
----------------------------------------------------------------------------------------------------------------------------------------------------
 Limit  (cost=59285.11..59285.11 rows=1 width=20) (actual time=88.460..88.460 rows=0 loops=1)
   ->  Limit  (cost=58977.74..59185.11 rows=10000 width=20) (actual time=84.100..88.184 rows=10000 loops=1)
         ->  Incremental Sort  (cost=58977.74..79714.89 rows=1000000 width=20) (actual time=84.099..87.632 rows=10000 loops=1)
               Sort Key: s_4.a, s_4.b, s_4.c, s_4.d, s_4.e
               Presorted Key: s_4.a, s_4.b, s_4.c, s_4.d
               Sort Method: quicksort  Memory: 27kB
               Sort Groups: 313
               ->  Gather Merge  (cost=58976.50..156205.59 rows=833334 width=20) (actual time=84.057..86.231 rows=10018 loops=1)
                     Workers Planned: 2
                     Workers Launched: 2
                     ->  Sort  (cost=57976.48..59018.15 rows=416667 width=20) (actual time=82.572..82.983 rows=4119 loops=3)
                           Sort Key: s_4.a, s_4.b, s_4.c, s_4.d
                           Sort Method: external merge  Disk: 9752kB
                           Worker 0:  Sort Method: external merge  Disk: 9800kB
                           Worker 1:  Sort Method: external merge  Disk: 9816kB
                           ->  Parallel Seq Scan on s_4  (cost=0.00..10536.67 rows=416667 width=20) (actual time=0.010..19.462 rows=333333 loops=3)
 Planning time: 0.244 ms
 Execution time: 93.492 ms
(18 rows)

===== 181 [Wed Mar  7 02:37:21 CET 2018] scale:1000000 groups:100 work_mem:8MB incremental:off max_workers:2 =====
SELECT * FROM (SELECT * FROM s_1 ORDER BY a) foo ORDER BY a, b LIMIT 10000
                                                              QUERY PLAN                                                               
---------------------------------------------------------------------------------------------------------------------------------------
 Limit  (cost=220601.40..220601.40 rows=1 width=20) (actual time=345.298..345.298 rows=0 loops=1)
   ->  Limit  (cost=220476.40..220501.40 rows=10000 width=20) (actual time=344.050..345.025 rows=10000 loops=1)
         ->  Sort  (cost=220476.40..222976.40 rows=1000000 width=20) (actual time=344.049..344.477 rows=10000 loops=1)
               Sort Key: s_1.a, s_1.b
               Sort Method: top-N heapsort  Memory: 1821kB
               ->  Sort  (cost=136537.84..139037.84 rows=1000000 width=20) (actual time=184.707..276.579 rows=1000000 loops=1)
                     Sort Key: s_1.a
                     Sort Method: external merge  Disk: 29360kB
                     ->  Seq Scan on s_1  (cost=0.00..16370.00 rows=1000000 width=20) (actual time=0.004..51.594 rows=1000000 loops=1)
 Planning time: 0.226 ms
 Execution time: 349.247 ms
(11 rows)

===== 182 [Wed Mar  7 02:37:23 CET 2018] scale:1000000 groups:100 work_mem:8MB incremental:off max_workers:2 =====
SELECT * FROM (SELECT * FROM s_2 ORDER BY a, b) foo ORDER BY a, b, c LIMIT 10000
                                                              QUERY PLAN                                                               
---------------------------------------------------------------------------------------------------------------------------------------
 Limit  (cost=220601.40..220601.40 rows=1 width=20) (actual time=375.841..375.841 rows=0 loops=1)
   ->  Limit  (cost=220476.40..220501.40 rows=10000 width=20) (actual time=374.628..375.571 rows=10000 loops=1)
         ->  Sort  (cost=220476.40..222976.40 rows=1000000 width=20) (actual time=374.627..375.028 rows=10000 loops=1)
               Sort Key: s_2.a, s_2.b, s_2.c
               Sort Method: top-N heapsort  Memory: 1553kB
               ->  Sort  (cost=136537.84..139037.84 rows=1000000 width=20) (actual time=203.969..303.219 rows=1000000 loops=1)
                     Sort Key: s_2.a, s_2.b
                     Sort Method: external merge  Disk: 29360kB
                     ->  Seq Scan on s_2  (cost=0.00..16370.00 rows=1000000 width=20) (actual time=0.013..51.124 rows=1000000 loops=1)
 Planning time: 0.218 ms
 Execution time: 379.797 ms
(11 rows)

===== 183 [Wed Mar  7 02:37:25 CET 2018] scale:1000000 groups:100 work_mem:8MB incremental:off max_workers:2 =====
SELECT * FROM (SELECT * FROM s_3 ORDER BY a, b, c) foo ORDER BY a, b, c, d LIMIT 10000
                                                              QUERY PLAN                                                               
---------------------------------------------------------------------------------------------------------------------------------------
 Limit  (cost=220601.40..220601.40 rows=1 width=20) (actual time=387.948..387.948 rows=0 loops=1)
   ->  Limit  (cost=220476.40..220501.40 rows=10000 width=20) (actual time=386.743..387.677 rows=10000 loops=1)
         ->  Sort  (cost=220476.40..222976.40 rows=1000000 width=20) (actual time=386.743..387.130 rows=10000 loops=1)
               Sort Key: s_3.a, s_3.b, s_3.c, s_3.d
               Sort Method: top-N heapsort  Memory: 1550kB
               ->  Sort  (cost=136537.84..139037.84 rows=1000000 width=20) (actual time=214.871..314.217 rows=1000000 loops=1)
                     Sort Key: s_3.a, s_3.b, s_3.c
                     Sort Method: external merge  Disk: 29360kB
                     ->  Seq Scan on s_3  (cost=0.00..16370.00 rows=1000000 width=20) (actual time=0.013..51.220 rows=1000000 loops=1)
 Planning time: 0.223 ms
 Execution time: 391.918 ms
(11 rows)

===== 184 [Wed Mar  7 02:37:27 CET 2018] scale:1000000 groups:100 work_mem:8MB incremental:off max_workers:2 =====
SELECT * FROM (SELECT * FROM s_4 ORDER BY a, b, c, d) foo ORDER BY a, b, c, d, e LIMIT 10000
                                                              QUERY PLAN                                                               
---------------------------------------------------------------------------------------------------------------------------------------
 Limit  (cost=220601.40..220601.40 rows=1 width=20) (actual time=390.767..390.767 rows=0 loops=1)
   ->  Limit  (cost=220476.40..220501.40 rows=10000 width=20) (actual time=389.560..390.489 rows=10000 loops=1)
         ->  Sort  (cost=220476.40..222976.40 rows=1000000 width=20) (actual time=389.559..389.948 rows=10000 loops=1)
               Sort Key: s_4.a, s_4.b, s_4.c, s_4.d, s_4.e
               Sort Method: top-N heapsort  Memory: 1550kB
               ->  Sort  (cost=136537.84..139037.84 rows=1000000 width=20) (actual time=217.708..317.025 rows=1000000 loops=1)
                     Sort Key: s_4.a, s_4.b, s_4.c, s_4.d
                     Sort Method: external merge  Disk: 29360kB
                     ->  Seq Scan on s_4  (cost=0.00..16370.00 rows=1000000 width=20) (actual time=0.011..51.182 rows=1000000 loops=1)
 Planning time: 0.228 ms
 Execution time: 394.744 ms
(11 rows)

===== 185 [Wed Mar  7 02:37:28 CET 2018] scale:1000000 groups:100 work_mem:16MB incremental:on max_workers:2 =====
SELECT * FROM (SELECT * FROM s_1 ORDER BY a) foo ORDER BY a, b LIMIT 10000
                                                                     QUERY PLAN                                                                     
----------------------------------------------------------------------------------------------------------------------------------------------------
 Limit  (cost=60970.47..60970.47 rows=1 width=20) (actual time=90.129..90.129 rows=0 loops=1)
   ->  Limit  (cost=60695.27..60870.47 rows=10000 width=20) (actual time=85.029..89.852 rows=10000 loops=1)
         ->  Incremental Sort  (cost=60695.27..78214.48 rows=1000000 width=20) (actual time=85.029..89.303 rows=10000 loops=1)
               Sort Key: s_1.a, s_1.b
               Presorted Key: s_1.a
               Sort Method: quicksort  Memory: 1174kB
               Sort Groups: 2
               ->  Gather Merge  (cost=58976.50..156205.59 rows=833334 width=20) (actual time=82.998..85.848 rows=15123 loops=1)
                     Workers Planned: 2
                     Workers Launched: 2
                     ->  Sort  (cost=57976.48..59018.15 rows=416667 width=20) (actual time=80.294..80.842 rows=5772 loops=3)
                           Sort Key: s_1.a
                           Sort Method: external merge  Disk: 9872kB
                           Worker 0:  Sort Method: external merge  Disk: 9448kB
                           Worker 1:  Sort Method: external merge  Disk: 10064kB
                           ->  Parallel Seq Scan on s_1  (cost=0.00..10536.67 rows=416667 width=20) (actual time=0.007..19.972 rows=333333 loops=3)
 Planning time: 0.228 ms
 Execution time: 95.354 ms
(18 rows)

===== 186 [Wed Mar  7 02:37:29 CET 2018] scale:1000000 groups:100 work_mem:16MB incremental:on max_workers:2 =====
SELECT * FROM (SELECT * FROM s_2 ORDER BY a, b) foo ORDER BY a, b, c LIMIT 10000
                                                                     QUERY PLAN                                                                     
----------------------------------------------------------------------------------------------------------------------------------------------------
 Limit  (cost=59281.19..59281.19 rows=1 width=20) (actual time=92.529..92.529 rows=0 loops=1)
   ->  Limit  (cost=58990.26..59181.19 rows=10000 width=20) (actual time=86.836..92.241 rows=10000 loops=1)
         ->  Incremental Sort  (cost=58990.26..78083.57 rows=1000000 width=20) (actual time=86.835..91.693 rows=10000 loops=1)
               Sort Key: s_2.a, s_2.b, s_2.c
               Presorted Key: s_2.a, s_2.b
               Sort Method: quicksort  Memory: 34kB
               Sort Groups: 150
               ->  Gather Merge  (cost=58976.50..156205.59 rows=833334 width=20) (actual time=86.770..88.933 rows=10073 loops=1)
                     Workers Planned: 2
                     Workers Launched: 2
                     ->  Sort  (cost=57976.48..59018.15 rows=416667 width=20) (actual time=85.071..85.476 rows=4138 loops=3)
                           Sort Key: s_2.a, s_2.b
                           Sort Method: external merge  Disk: 9640kB
                           Worker 0:  Sort Method: external merge  Disk: 9856kB
                           Worker 1:  Sort Method: external merge  Disk: 9888kB
                           ->  Parallel Seq Scan on s_2  (cost=0.00..10536.67 rows=416667 width=20) (actual time=0.010..20.038 rows=333333 loops=3)
 Planning time: 0.240 ms
 Execution time: 98.102 ms
(18 rows)

===== 187 [Wed Mar  7 02:37:30 CET 2018] scale:1000000 groups:100 work_mem:16MB incremental:on max_workers:2 =====
SELECT * FROM (SELECT * FROM s_3 ORDER BY a, b, c) foo ORDER BY a, b, c, d LIMIT 10000
                                                                     QUERY PLAN                                                                     
----------------------------------------------------------------------------------------------------------------------------------------------------
 Limit  (cost=59285.11..59285.11 rows=1 width=20) (actual time=95.074..95.074 rows=0 loops=1)
   ->  Limit  (cost=58977.74..59185.11 rows=10000 width=20) (actual time=89.910..94.798 rows=10000 loops=1)
         ->  Incremental Sort  (cost=58977.74..79714.89 rows=1000000 width=20) (actual time=89.910..94.247 rows=10000 loops=1)
               Sort Key: s_3.a, s_3.b, s_3.c, s_3.d
               Presorted Key: s_3.a, s_3.b, s_3.c
               Sort Method: quicksort  Memory: 27kB
               Sort Groups: 309
               ->  Gather Merge  (cost=58976.50..156205.59 rows=833334 width=20) (actual time=89.858..92.027 rows=10009 loops=1)
                     Workers Planned: 2
                     Workers Launched: 2
                     ->  Sort  (cost=57976.48..59018.15 rows=416667 width=20) (actual time=88.278..88.686 rows=4116 loops=3)
                           Sort Key: s_3.a, s_3.b, s_3.c
                           Sort Method: external merge  Disk: 9704kB
                           Worker 0:  Sort Method: external merge  Disk: 9848kB
                           Worker 1:  Sort Method: external merge  Disk: 9824kB
                           ->  Parallel Seq Scan on s_3  (cost=0.00..10536.67 rows=416667 width=20) (actual time=0.011..20.071 rows=333333 loops=3)
 Planning time: 0.244 ms
 Execution time: 100.714 ms
(18 rows)

===== 188 [Wed Mar  7 02:37:30 CET 2018] scale:1000000 groups:100 work_mem:16MB incremental:on max_workers:2 =====
SELECT * FROM (SELECT * FROM s_4 ORDER BY a, b, c, d) foo ORDER BY a, b, c, d, e LIMIT 10000
                                                                     QUERY PLAN                                                                     
----------------------------------------------------------------------------------------------------------------------------------------------------
 Limit  (cost=59285.11..59285.11 rows=1 width=20) (actual time=94.797..94.797 rows=0 loops=1)
   ->  Limit  (cost=58977.74..59185.11 rows=10000 width=20) (actual time=90.431..94.522 rows=10000 loops=1)
         ->  Incremental Sort  (cost=58977.74..79714.89 rows=1000000 width=20) (actual time=90.430..93.968 rows=10000 loops=1)
               Sort Key: s_4.a, s_4.b, s_4.c, s_4.d, s_4.e
               Presorted Key: s_4.a, s_4.b, s_4.c, s_4.d
               Sort Method: quicksort  Memory: 27kB
               Sort Groups: 313
               ->  Gather Merge  (cost=58976.50..156205.59 rows=833334 width=20) (actual time=90.388..92.567 rows=10018 loops=1)
                     Workers Planned: 2
                     Workers Launched: 2
                     ->  Sort  (cost=57976.48..59018.15 rows=416667 width=20) (actual time=88.839..89.251 rows=4120 loops=3)
                           Sort Key: s_4.a, s_4.b, s_4.c, s_4.d
                           Sort Method: external merge  Disk: 9768kB
                           Worker 0:  Sort Method: external merge  Disk: 9776kB
                           Worker 1:  Sort Method: external merge  Disk: 9840kB
                           ->  Parallel Seq Scan on s_4  (cost=0.00..10536.67 rows=416667 width=20) (actual time=0.010..20.071 rows=333333 loops=3)
 Planning time: 0.246 ms
 Execution time: 100.396 ms
(18 rows)

===== 189 [Wed Mar  7 02:37:31 CET 2018] scale:1000000 groups:100 work_mem:16MB incremental:off max_workers:2 =====
SELECT * FROM (SELECT * FROM s_1 ORDER BY a) foo ORDER BY a, b LIMIT 10000
                                                              QUERY PLAN                                                               
---------------------------------------------------------------------------------------------------------------------------------------
 Limit  (cost=220601.40..220601.40 rows=1 width=20) (actual time=351.935..351.935 rows=0 loops=1)
   ->  Limit  (cost=220476.40..220501.40 rows=10000 width=20) (actual time=350.696..351.666 rows=10000 loops=1)
         ->  Sort  (cost=220476.40..222976.40 rows=1000000 width=20) (actual time=350.696..351.122 rows=10000 loops=1)
               Sort Key: s_1.a, s_1.b
               Sort Method: top-N heapsort  Memory: 1821kB
               ->  Sort  (cost=136537.84..139037.84 rows=1000000 width=20) (actual time=193.068..283.318 rows=1000000 loops=1)
                     Sort Key: s_1.a
                     Sort Method: external merge  Disk: 29392kB
                     ->  Seq Scan on s_1  (cost=0.00..16370.00 rows=1000000 width=20) (actual time=0.004..52.223 rows=1000000 loops=1)
 Planning time: 0.214 ms
 Execution time: 356.251 ms
(11 rows)

===== 190 [Wed Mar  7 02:37:33 CET 2018] scale:1000000 groups:100 work_mem:16MB incremental:off max_workers:2 =====
SELECT * FROM (SELECT * FROM s_2 ORDER BY a, b) foo ORDER BY a, b, c LIMIT 10000
                                                              QUERY PLAN                                                               
---------------------------------------------------------------------------------------------------------------------------------------
 Limit  (cost=220601.40..220601.40 rows=1 width=20) (actual time=381.959..381.959 rows=0 loops=1)
   ->  Limit  (cost=220476.40..220501.40 rows=10000 width=20) (actual time=380.737..381.683 rows=10000 loops=1)
         ->  Sort  (cost=220476.40..222976.40 rows=1000000 width=20) (actual time=380.736..381.138 rows=10000 loops=1)
               Sort Key: s_2.a, s_2.b, s_2.c
               Sort Method: top-N heapsort  Memory: 1553kB
               ->  Sort  (cost=136537.84..139037.84 rows=1000000 width=20) (actual time=212.374..309.562 rows=1000000 loops=1)
                     Sort Key: s_2.a, s_2.b
                     Sort Method: external merge  Disk: 29392kB
                     ->  Seq Scan on s_2  (cost=0.00..16370.00 rows=1000000 width=20) (actual time=0.013..51.696 rows=1000000 loops=1)
 Planning time: 0.225 ms
 Execution time: 386.294 ms
(11 rows)

===== 191 [Wed Mar  7 02:37:34 CET 2018] scale:1000000 groups:100 work_mem:16MB incremental:off max_workers:2 =====
SELECT * FROM (SELECT * FROM s_3 ORDER BY a, b, c) foo ORDER BY a, b, c, d LIMIT 10000
                                                              QUERY PLAN                                                               
---------------------------------------------------------------------------------------------------------------------------------------
 Limit  (cost=220601.40..220601.40 rows=1 width=20) (actual time=393.735..393.735 rows=0 loops=1)
   ->  Limit  (cost=220476.40..220501.40 rows=10000 width=20) (actual time=392.525..393.458 rows=10000 loops=1)
         ->  Sort  (cost=220476.40..222976.40 rows=1000000 width=20) (actual time=392.524..392.913 rows=10000 loops=1)
               Sort Key: s_3.a, s_3.b, s_3.c, s_3.d
               Sort Method: top-N heapsort  Memory: 1550kB
               ->  Sort  (cost=136537.84..139037.84 rows=1000000 width=20) (actual time=223.221..320.292 rows=1000000 loops=1)
                     Sort Key: s_3.a, s_3.b, s_3.c
                     Sort Method: external merge  Disk: 29392kB
                     ->  Seq Scan on s_3  (cost=0.00..16370.00 rows=1000000 width=20) (actual time=0.013..51.752 rows=1000000 loops=1)
 Planning time: 0.222 ms
 Execution time: 398.050 ms
(11 rows)

===== 192 [Wed Mar  7 02:37:36 CET 2018] scale:1000000 groups:100 work_mem:16MB incremental:off max_workers:2 =====
SELECT * FROM (SELECT * FROM s_4 ORDER BY a, b, c, d) foo ORDER BY a, b, c, d, e LIMIT 10000
                                                              QUERY PLAN                                                               
---------------------------------------------------------------------------------------------------------------------------------------
 Limit  (cost=220601.40..220601.40 rows=1 width=20) (actual time=395.887..395.887 rows=0 loops=1)
   ->  Limit  (cost=220476.40..220501.40 rows=10000 width=20) (actual time=394.678..395.611 rows=10000 loops=1)
         ->  Sort  (cost=220476.40..222976.40 rows=1000000 width=20) (actual time=394.678..395.067 rows=10000 loops=1)
               Sort Key: s_4.a, s_4.b, s_4.c, s_4.d, s_4.e
               Sort Method: top-N heapsort  Memory: 1550kB
               ->  Sort  (cost=136537.84..139037.84 rows=1000000 width=20) (actual time=225.490..322.426 rows=1000000 loops=1)
                     Sort Key: s_4.a, s_4.b, s_4.c, s_4.d
                     Sort Method: external merge  Disk: 29392kB
                     ->  Seq Scan on s_4  (cost=0.00..16370.00 rows=1000000 width=20) (actual time=0.011..51.798 rows=1000000 loops=1)
 Planning time: 0.228 ms
 Execution time: 400.216 ms
(11 rows)

===== 193 [Wed Mar  7 02:37:38 CET 2018] scale:1000000 groups:100 work_mem:32MB incremental:on max_workers:2 =====
SELECT * FROM (SELECT * FROM s_1 ORDER BY a) foo ORDER BY a, b LIMIT 10000
                                                                     QUERY PLAN                                                                     
----------------------------------------------------------------------------------------------------------------------------------------------------
 Limit  (cost=52423.47..52423.47 rows=1 width=20) (actual time=90.529..90.529 rows=0 loops=1)
   ->  Limit  (cost=52148.27..52323.47 rows=10000 width=20) (actual time=85.233..90.253 rows=10000 loops=1)
         ->  Incremental Sort  (cost=52148.27..69667.48 rows=1000000 width=20) (actual time=85.232..89.708 rows=10000 loops=1)
               Sort Key: s_1.a, s_1.b
               Presorted Key: s_1.a
               Sort Method: quicksort  Memory: 1174kB
               Sort Groups: 2
               ->  Gather Merge  (cost=50429.50..147658.59 rows=833334 width=20) (actual time=83.184..85.962 rows=15123 loops=1)
                     Workers Planned: 2
                     Workers Launched: 2
                     ->  Sort  (cost=49429.48..50471.15 rows=416667 width=20) (actual time=81.537..82.062 rows=5787 loops=3)
                           Sort Key: s_1.a
                           Sort Method: external merge  Disk: 9752kB
                           Worker 0:  Sort Method: external merge  Disk: 9704kB
                           Worker 1:  Sort Method: external merge  Disk: 9912kB
                           ->  Parallel Seq Scan on s_1  (cost=0.00..10536.67 rows=416667 width=20) (actual time=0.007..20.185 rows=333333 loops=3)
 Planning time: 0.233 ms
 Execution time: 95.693 ms
(18 rows)

===== 194 [Wed Mar  7 02:37:39 CET 2018] scale:1000000 groups:100 work_mem:32MB incremental:on max_workers:2 =====
SELECT * FROM (SELECT * FROM s_2 ORDER BY a, b) foo ORDER BY a, b, c LIMIT 10000
                                                                     QUERY PLAN                                                                     
----------------------------------------------------------------------------------------------------------------------------------------------------
 Limit  (cost=50734.19..50734.19 rows=1 width=20) (actual time=93.404..93.404 rows=0 loops=1)
   ->  Limit  (cost=50443.26..50634.19 rows=10000 width=20) (actual time=87.778..93.128 rows=10000 loops=1)
         ->  Incremental Sort  (cost=50443.26..69536.57 rows=1000000 width=20) (actual time=87.778..92.579 rows=10000 loops=1)
               Sort Key: s_2.a, s_2.b, s_2.c
               Presorted Key: s_2.a, s_2.b
               Sort Method: quicksort  Memory: 34kB
               Sort Groups: 150
               ->  Gather Merge  (cost=50429.50..147658.59 rows=833334 width=20) (actual time=87.713..89.820 rows=10073 loops=1)
                     Workers Planned: 2
                     Workers Launched: 2
                     ->  Sort  (cost=49429.48..50471.15 rows=416667 width=20) (actual time=86.124..86.505 rows=4138 loops=3)
                           Sort Key: s_2.a, s_2.b
                           Sort Method: external merge  Disk: 9712kB
                           Worker 0:  Sort Method: external merge  Disk: 9800kB
                           Worker 1:  Sort Method: external merge  Disk: 9864kB
                           ->  Parallel Seq Scan on s_2  (cost=0.00..10536.67 rows=416667 width=20) (actual time=0.010..20.210 rows=333333 loops=3)
 Planning time: 0.234 ms
 Execution time: 98.714 ms
(18 rows)

===== 195 [Wed Mar  7 02:37:39 CET 2018] scale:1000000 groups:100 work_mem:32MB incremental:on max_workers:2 =====
SELECT * FROM (SELECT * FROM s_3 ORDER BY a, b, c) foo ORDER BY a, b, c, d LIMIT 10000
                                                                     QUERY PLAN                                                                     
----------------------------------------------------------------------------------------------------------------------------------------------------
 Limit  (cost=50738.11..50738.11 rows=1 width=20) (actual time=96.338..96.338 rows=0 loops=1)
   ->  Limit  (cost=50430.74..50638.11 rows=10000 width=20) (actual time=91.227..96.063 rows=10000 loops=1)
         ->  Incremental Sort  (cost=50430.74..71167.89 rows=1000000 width=20) (actual time=91.226..95.511 rows=10000 loops=1)
               Sort Key: s_3.a, s_3.b, s_3.c, s_3.d
               Presorted Key: s_3.a, s_3.b, s_3.c
               Sort Method: quicksort  Memory: 27kB
               Sort Groups: 309
               ->  Gather Merge  (cost=50429.50..147658.59 rows=833334 width=20) (actual time=91.179..93.305 rows=10009 loops=1)
                     Workers Planned: 2
                     Workers Launched: 2
                     ->  Sort  (cost=49429.48..50471.15 rows=416667 width=20) (actual time=89.648..90.037 rows=4116 loops=3)
                           Sort Key: s_3.a, s_3.b, s_3.c
                           Sort Method: external merge  Disk: 9752kB
                           Worker 0:  Sort Method: external merge  Disk: 9832kB
                           Worker 1:  Sort Method: external merge  Disk: 9784kB
                           ->  Parallel Seq Scan on s_3  (cost=0.00..10536.67 rows=416667 width=20) (actual time=0.012..20.252 rows=333333 loops=3)
 Planning time: 0.241 ms
 Execution time: 101.692 ms
(18 rows)

===== 196 [Wed Mar  7 02:37:40 CET 2018] scale:1000000 groups:100 work_mem:32MB incremental:on max_workers:2 =====
SELECT * FROM (SELECT * FROM s_4 ORDER BY a, b, c, d) foo ORDER BY a, b, c, d, e LIMIT 10000
                                                                     QUERY PLAN                                                                     
----------------------------------------------------------------------------------------------------------------------------------------------------
 Limit  (cost=50738.11..50738.11 rows=1 width=20) (actual time=96.250..96.250 rows=0 loops=1)
   ->  Limit  (cost=50430.74..50638.11 rows=10000 width=20) (actual time=91.933..95.975 rows=10000 loops=1)
         ->  Incremental Sort  (cost=50430.74..71167.89 rows=1000000 width=20) (actual time=91.933..95.424 rows=10000 loops=1)
               Sort Key: s_4.a, s_4.b, s_4.c, s_4.d, s_4.e
               Presorted Key: s_4.a, s_4.b, s_4.c, s_4.d
               Sort Method: quicksort  Memory: 27kB
               Sort Groups: 313
               ->  Gather Merge  (cost=50429.50..147658.59 rows=833334 width=20) (actual time=91.880..94.008 rows=10018 loops=1)
                     Workers Planned: 2
                     Workers Launched: 2
                     ->  Sort  (cost=49429.48..50471.15 rows=416667 width=20) (actual time=90.206..90.600 rows=4120 loops=3)
                           Sort Key: s_4.a, s_4.b, s_4.c, s_4.d
                           Sort Method: external merge  Disk: 9696kB
                           Worker 0:  Sort Method: external merge  Disk: 9784kB
                           Worker 1:  Sort Method: external merge  Disk: 9888kB
                           ->  Parallel Seq Scan on s_4  (cost=0.00..10536.67 rows=416667 width=20) (actual time=0.010..20.260 rows=333333 loops=3)
 Planning time: 0.248 ms
 Execution time: 101.549 ms
(18 rows)

===== 197 [Wed Mar  7 02:37:41 CET 2018] scale:1000000 groups:100 work_mem:32MB incremental:off max_workers:2 =====
SELECT * FROM (SELECT * FROM s_1 ORDER BY a) foo ORDER BY a, b LIMIT 10000
                                                              QUERY PLAN                                                               
---------------------------------------------------------------------------------------------------------------------------------------
 Limit  (cost=220601.40..220601.40 rows=1 width=20) (actual time=363.998..363.998 rows=0 loops=1)
   ->  Limit  (cost=220476.40..220501.40 rows=10000 width=20) (actual time=362.748..363.724 rows=10000 loops=1)
         ->  Sort  (cost=220476.40..222976.40 rows=1000000 width=20) (actual time=362.748..363.176 rows=10000 loops=1)
               Sort Key: s_1.a, s_1.b
               Sort Method: top-N heapsort  Memory: 1821kB
               ->  Sort  (cost=136537.84..139037.84 rows=1000000 width=20) (actual time=208.297..295.835 rows=1000000 loops=1)
                     Sort Key: s_1.a
                     Sort Method: external merge  Disk: 29360kB
                     ->  Seq Scan on s_1  (cost=0.00..16370.00 rows=1000000 width=20) (actual time=0.004..53.414 rows=1000000 loops=1)
 Planning time: 0.211 ms
 Execution time: 368.566 ms
(11 rows)

===== 198 [Wed Mar  7 02:37:42 CET 2018] scale:1000000 groups:100 work_mem:32MB incremental:off max_workers:2 =====
SELECT * FROM (SELECT * FROM s_2 ORDER BY a, b) foo ORDER BY a, b, c LIMIT 10000
                                                              QUERY PLAN                                                               
---------------------------------------------------------------------------------------------------------------------------------------
 Limit  (cost=220601.40..220601.40 rows=1 width=20) (actual time=395.076..395.076 rows=0 loops=1)
   ->  Limit  (cost=220476.40..220501.40 rows=10000 width=20) (actual time=393.853..394.799 rows=10000 loops=1)
         ->  Sort  (cost=220476.40..222976.40 rows=1000000 width=20) (actual time=393.852..394.254 rows=10000 loops=1)
               Sort Key: s_2.a, s_2.b, s_2.c
               Sort Method: top-N heapsort  Memory: 1553kB
               ->  Sort  (cost=136537.84..139037.84 rows=1000000 width=20) (actual time=227.278..321.626 rows=1000000 loops=1)
                     Sort Key: s_2.a, s_2.b
                     Sort Method: external merge  Disk: 29360kB
                     ->  Seq Scan on s_2  (cost=0.00..16370.00 rows=1000000 width=20) (actual time=0.012..53.117 rows=1000000 loops=1)
 Planning time: 0.224 ms
 Execution time: 399.657 ms
(11 rows)

===== 199 [Wed Mar  7 02:37:44 CET 2018] scale:1000000 groups:100 work_mem:32MB incremental:off max_workers:2 =====
SELECT * FROM (SELECT * FROM s_3 ORDER BY a, b, c) foo ORDER BY a, b, c, d LIMIT 10000
                                                              QUERY PLAN                                                               
---------------------------------------------------------------------------------------------------------------------------------------
 Limit  (cost=220601.40..220601.40 rows=1 width=20) (actual time=407.079..407.079 rows=0 loops=1)
   ->  Limit  (cost=220476.40..220501.40 rows=10000 width=20) (actual time=405.870..406.800 rows=10000 loops=1)
         ->  Sort  (cost=220476.40..222976.40 rows=1000000 width=20) (actual time=405.869..406.258 rows=10000 loops=1)
               Sort Key: s_3.a, s_3.b, s_3.c, s_3.d
               Sort Method: top-N heapsort  Memory: 1550kB
               ->  Sort  (cost=136537.84..139037.84 rows=1000000 width=20) (actual time=238.358..332.581 rows=1000000 loops=1)
                     Sort Key: s_3.a, s_3.b, s_3.c
                     Sort Method: external merge  Disk: 29360kB
                     ->  Seq Scan on s_3  (cost=0.00..16370.00 rows=1000000 width=20) (actual time=0.013..53.166 rows=1000000 loops=1)
 Planning time: 0.222 ms
 Execution time: 411.659 ms
(11 rows)

===== 200 [Wed Mar  7 02:37:46 CET 2018] scale:1000000 groups:100 work_mem:32MB incremental:off max_workers:2 =====
SELECT * FROM (SELECT * FROM s_4 ORDER BY a, b, c, d) foo ORDER BY a, b, c, d, e LIMIT 10000
                                                              QUERY PLAN                                                               
---------------------------------------------------------------------------------------------------------------------------------------
 Limit  (cost=220601.40..220601.40 rows=1 width=20) (actual time=409.465..409.465 rows=0 loops=1)
   ->  Limit  (cost=220476.40..220501.40 rows=10000 width=20) (actual time=408.255..409.189 rows=10000 loops=1)
         ->  Sort  (cost=220476.40..222976.40 rows=1000000 width=20) (actual time=408.254..408.645 rows=10000 loops=1)
               Sort Key: s_4.a, s_4.b, s_4.c, s_4.d, s_4.e
               Sort Method: top-N heapsort  Memory: 1550kB
               ->  Sort  (cost=136537.84..139037.84 rows=1000000 width=20) (actual time=240.506..334.931 rows=1000000 loops=1)
                     Sort Key: s_4.a, s_4.b, s_4.c, s_4.d
                     Sort Method: external merge  Disk: 29360kB
                     ->  Seq Scan on s_4  (cost=0.00..16370.00 rows=1000000 width=20) (actual time=0.011..53.242 rows=1000000 loops=1)
 Planning time: 0.229 ms
 Execution time: 414.061 ms
(11 rows)

===== 201 [Wed Mar  7 02:37:48 CET 2018] scale:1000000 groups:100 work_mem:64MB incremental:on max_workers:2 =====
SELECT * FROM (SELECT * FROM s_1 ORDER BY a) foo ORDER BY a, b LIMIT 10000
                                                                     QUERY PLAN                                                                     
----------------------------------------------------------------------------------------------------------------------------------------------------
 Limit  (cost=52423.47..52423.47 rows=1 width=20) (actual time=66.182..66.182 rows=0 loops=1)
   ->  Limit  (cost=52148.27..52323.47 rows=10000 width=20) (actual time=61.188..65.907 rows=10000 loops=1)
         ->  Incremental Sort  (cost=52148.27..69667.48 rows=1000000 width=20) (actual time=61.188..65.356 rows=10000 loops=1)
               Sort Key: s_1.a, s_1.b
               Presorted Key: s_1.a
               Sort Method: quicksort  Memory: 1174kB
               Sort Groups: 2
               ->  Gather Merge  (cost=50429.50..147658.59 rows=833334 width=20) (actual time=59.179..61.416 rows=15123 loops=1)
                     Workers Planned: 2
                     Workers Launched: 2
                     ->  Sort  (cost=49429.48..50471.15 rows=416667 width=20) (actual time=57.695..57.956 rows=5696 loops=3)
                           Sort Key: s_1.a
                           Sort Method: quicksort  Memory: 38218kB
                           Worker 0:  Sort Method: quicksort  Memory: 38218kB
                           Worker 1:  Sort Method: quicksort  Memory: 38554kB
                           ->  Parallel Seq Scan on s_1  (cost=0.00..10536.67 rows=416667 width=20) (actual time=0.007..20.160 rows=333333 loops=3)
 Planning time: 0.229 ms
 Execution time: 71.024 ms
(18 rows)

===== 202 [Wed Mar  7 02:37:49 CET 2018] scale:1000000 groups:100 work_mem:64MB incremental:on max_workers:2 =====
SELECT * FROM (SELECT * FROM s_2 ORDER BY a, b) foo ORDER BY a, b, c LIMIT 10000
                                                                     QUERY PLAN                                                                     
----------------------------------------------------------------------------------------------------------------------------------------------------
 Limit  (cost=50734.19..50734.19 rows=1 width=20) (actual time=69.137..69.137 rows=0 loops=1)
   ->  Limit  (cost=50443.26..50634.19 rows=10000 width=20) (actual time=63.844..68.860 rows=10000 loops=1)
         ->  Incremental Sort  (cost=50443.26..69536.57 rows=1000000 width=20) (actual time=63.844..68.310 rows=10000 loops=1)
               Sort Key: s_2.a, s_2.b, s_2.c
               Presorted Key: s_2.a, s_2.b
               Sort Method: quicksort  Memory: 34kB
               Sort Groups: 150
               ->  Gather Merge  (cost=50429.50..147658.59 rows=833334 width=20) (actual time=63.785..65.447 rows=10073 loops=1)
                     Workers Planned: 2
                     Workers Launched: 2
                     ->  Sort  (cost=49429.48..50471.15 rows=416667 width=20) (actual time=62.238..62.435 rows=4138 loops=3)
                           Sort Key: s_2.a, s_2.b
                           Sort Method: quicksort  Memory: 38010kB
                           Worker 0:  Sort Method: quicksort  Memory: 38493kB
                           Worker 1:  Sort Method: quicksort  Memory: 38488kB
                           ->  Parallel Seq Scan on s_2  (cost=0.00..10536.67 rows=416667 width=20) (actual time=0.010..20.229 rows=333333 loops=3)
 Planning time: 0.232 ms
 Execution time: 74.169 ms
(18 rows)

===== 203 [Wed Mar  7 02:37:49 CET 2018] scale:1000000 groups:100 work_mem:64MB incremental:on max_workers:2 =====
SELECT * FROM (SELECT * FROM s_3 ORDER BY a, b, c) foo ORDER BY a, b, c, d LIMIT 10000
                                                                     QUERY PLAN                                                                     
----------------------------------------------------------------------------------------------------------------------------------------------------
 Limit  (cost=50738.11..50738.11 rows=1 width=20) (actual time=71.600..71.600 rows=0 loops=1)
   ->  Limit  (cost=50430.74..50638.11 rows=10000 width=20) (actual time=66.835..71.322 rows=10000 loops=1)
         ->  Incremental Sort  (cost=50430.74..71167.89 rows=1000000 width=20) (actual time=66.834..70.768 rows=10000 loops=1)
               Sort Key: s_3.a, s_3.b, s_3.c, s_3.d
               Presorted Key: s_3.a, s_3.b, s_3.c
               Sort Method: quicksort  Memory: 27kB
               Sort Groups: 309
               ->  Gather Merge  (cost=50429.50..147658.59 rows=833334 width=20) (actual time=66.789..68.456 rows=10009 loops=1)
                     Workers Planned: 2
                     Workers Launched: 2
                     ->  Sort  (cost=49429.48..50471.15 rows=416667 width=20) (actual time=65.336..65.540 rows=4116 loops=3)
                           Sort Key: s_3.a, s_3.b, s_3.c
                           Sort Method: quicksort  Memory: 38206kB
                           Worker 0:  Sort Method: quicksort  Memory: 38358kB
                           Worker 1:  Sort Method: quicksort  Memory: 38427kB
                           ->  Parallel Seq Scan on s_3  (cost=0.00..10536.67 rows=416667 width=20) (actual time=0.011..20.238 rows=333333 loops=3)
 Planning time: 0.236 ms
 Execution time: 76.642 ms
(18 rows)

===== 204 [Wed Mar  7 02:37:50 CET 2018] scale:1000000 groups:100 work_mem:64MB incremental:on max_workers:2 =====
SELECT * FROM (SELECT * FROM s_4 ORDER BY a, b, c, d) foo ORDER BY a, b, c, d, e LIMIT 10000
                                                                     QUERY PLAN                                                                     
----------------------------------------------------------------------------------------------------------------------------------------------------
 Limit  (cost=50738.11..50738.11 rows=1 width=20) (actual time=71.497..71.497 rows=0 loops=1)
   ->  Limit  (cost=50430.74..50638.11 rows=10000 width=20) (actual time=67.555..71.220 rows=10000 loops=1)
         ->  Incremental Sort  (cost=50430.74..71167.89 rows=1000000 width=20) (actual time=67.554..70.669 rows=10000 loops=1)
               Sort Key: s_4.a, s_4.b, s_4.c, s_4.d, s_4.e
               Presorted Key: s_4.a, s_4.b, s_4.c, s_4.d
               Sort Method: quicksort  Memory: 27kB
               Sort Groups: 313
               ->  Gather Merge  (cost=50429.50..147658.59 rows=833334 width=20) (actual time=67.503..69.166 rows=10018 loops=1)
                     Workers Planned: 2
                     Workers Launched: 2
                     ->  Sort  (cost=49429.48..50471.15 rows=416667 width=20) (actual time=66.022..66.225 rows=4119 loops=3)
                           Sort Key: s_4.a, s_4.b, s_4.c, s_4.d
                           Sort Method: quicksort  Memory: 38199kB
                           Worker 0:  Sort Method: quicksort  Memory: 38427kB
                           Worker 1:  Sort Method: quicksort  Memory: 38365kB
                           ->  Parallel Seq Scan on s_4  (cost=0.00..10536.67 rows=416667 width=20) (actual time=0.011..20.286 rows=333333 loops=3)
 Planning time: 0.248 ms
 Execution time: 76.690 ms
(18 rows)

===== 205 [Wed Mar  7 02:37:50 CET 2018] scale:1000000 groups:100 work_mem:64MB incremental:off max_workers:2 =====
SELECT * FROM (SELECT * FROM s_1 ORDER BY a) foo ORDER BY a, b LIMIT 10000
                                                              QUERY PLAN                                                               
---------------------------------------------------------------------------------------------------------------------------------------
 Limit  (cost=200091.40..200091.40 rows=1 width=20) (actual time=377.164..377.164 rows=0 loops=1)
   ->  Limit  (cost=199966.40..199991.40 rows=10000 width=20) (actual time=375.911..376.889 rows=10000 loops=1)
         ->  Sort  (cost=199966.40..202466.40 rows=1000000 width=20) (actual time=375.910..376.342 rows=10000 loops=1)
               Sort Key: s_1.a, s_1.b
               Sort Method: top-N heapsort  Memory: 1821kB
               ->  Sort  (cost=116027.84..118527.84 rows=1000000 width=20) (actual time=227.194..309.067 rows=1000000 loops=1)
                     Sort Key: s_1.a
                     Sort Method: external merge  Disk: 29360kB
                     ->  Seq Scan on s_1  (cost=0.00..16370.00 rows=1000000 width=20) (actual time=0.004..55.258 rows=1000000 loops=1)
 Planning time: 0.219 ms
 Execution time: 380.668 ms
(11 rows)

===== 206 [Wed Mar  7 02:37:52 CET 2018] scale:1000000 groups:100 work_mem:64MB incremental:off max_workers:2 =====
SELECT * FROM (SELECT * FROM s_2 ORDER BY a, b) foo ORDER BY a, b, c LIMIT 10000
                                                              QUERY PLAN                                                               
---------------------------------------------------------------------------------------------------------------------------------------
 Limit  (cost=200091.40..200091.40 rows=1 width=20) (actual time=405.716..405.716 rows=0 loops=1)
   ->  Limit  (cost=199966.40..199991.40 rows=10000 width=20) (actual time=404.496..405.446 rows=10000 loops=1)
         ->  Sort  (cost=199966.40..202466.40 rows=1000000 width=20) (actual time=404.496..404.899 rows=10000 loops=1)
               Sort Key: s_2.a, s_2.b, s_2.c
               Sort Method: top-N heapsort  Memory: 1553kB
               ->  Sort  (cost=116027.84..118527.84 rows=1000000 width=20) (actual time=245.864..334.590 rows=1000000 loops=1)
                     Sort Key: s_2.a, s_2.b
                     Sort Method: external merge  Disk: 29360kB
                     ->  Seq Scan on s_2  (cost=0.00..16370.00 rows=1000000 width=20) (actual time=0.012..54.949 rows=1000000 loops=1)
 Planning time: 0.216 ms
 Execution time: 409.218 ms
(11 rows)

===== 207 [Wed Mar  7 02:37:54 CET 2018] scale:1000000 groups:100 work_mem:64MB incremental:off max_workers:2 =====
SELECT * FROM (SELECT * FROM s_3 ORDER BY a, b, c) foo ORDER BY a, b, c, d LIMIT 10000
                                                              QUERY PLAN                                                               
---------------------------------------------------------------------------------------------------------------------------------------
 Limit  (cost=200091.40..200091.40 rows=1 width=20) (actual time=417.714..417.714 rows=0 loops=1)
   ->  Limit  (cost=199966.40..199991.40 rows=10000 width=20) (actual time=416.513..417.443 rows=10000 loops=1)
         ->  Sort  (cost=199966.40..202466.40 rows=1000000 width=20) (actual time=416.512..416.901 rows=10000 loops=1)
               Sort Key: s_3.a, s_3.b, s_3.c, s_3.d
               Sort Method: top-N heapsort  Memory: 1550kB
               ->  Sort  (cost=116027.84..118527.84 rows=1000000 width=20) (actual time=256.764..345.485 rows=1000000 loops=1)
                     Sort Key: s_3.a, s_3.b, s_3.c
                     Sort Method: external merge  Disk: 29360kB
                     ->  Seq Scan on s_3  (cost=0.00..16370.00 rows=1000000 width=20) (actual time=0.013..54.976 rows=1000000 loops=1)
 Planning time: 0.223 ms
 Execution time: 421.233 ms
(11 rows)

===== 208 [Wed Mar  7 02:37:56 CET 2018] scale:1000000 groups:100 work_mem:64MB incremental:off max_workers:2 =====
SELECT * FROM (SELECT * FROM s_4 ORDER BY a, b, c, d) foo ORDER BY a, b, c, d, e LIMIT 10000
                                                              QUERY PLAN                                                               
---------------------------------------------------------------------------------------------------------------------------------------
 Limit  (cost=200091.40..200091.40 rows=1 width=20) (actual time=419.852..419.852 rows=0 loops=1)
   ->  Limit  (cost=199966.40..199991.40 rows=10000 width=20) (actual time=418.646..419.577 rows=10000 loops=1)
         ->  Sort  (cost=199966.40..202466.40 rows=1000000 width=20) (actual time=418.645..419.034 rows=10000 loops=1)
               Sort Key: s_4.a, s_4.b, s_4.c, s_4.d, s_4.e
               Sort Method: top-N heapsort  Memory: 1550kB
               ->  Sort  (cost=116027.84..118527.84 rows=1000000 width=20) (actual time=258.680..347.640 rows=1000000 loops=1)
                     Sort Key: s_4.a, s_4.b, s_4.c, s_4.d
                     Sort Method: external merge  Disk: 29360kB
                     ->  Seq Scan on s_4  (cost=0.00..16370.00 rows=1000000 width=20) (actual time=0.015..54.975 rows=1000000 loops=1)
 Planning time: 0.231 ms
 Execution time: 423.371 ms
(11 rows)

===== 209 [Wed Mar  7 02:37:58 CET 2018] scale:1000000 groups:100 work_mem:128MB incremental:on max_workers:2 =====
SELECT * FROM (SELECT * FROM s_1 ORDER BY a) foo ORDER BY a, b LIMIT 10000
                                                                     QUERY PLAN                                                                     
----------------------------------------------------------------------------------------------------------------------------------------------------
 Limit  (cost=52423.47..52423.47 rows=1 width=20) (actual time=66.464..66.464 rows=0 loops=1)
   ->  Limit  (cost=52148.27..52323.47 rows=10000 width=20) (actual time=61.464..66.189 rows=10000 loops=1)
         ->  Incremental Sort  (cost=52148.27..69667.48 rows=1000000 width=20) (actual time=61.463..65.640 rows=10000 loops=1)
               Sort Key: s_1.a, s_1.b
               Presorted Key: s_1.a
               Sort Method: quicksort  Memory: 1174kB
               Sort Groups: 2
               ->  Gather Merge  (cost=50429.50..147658.59 rows=833334 width=20) (actual time=59.458..61.694 rows=15123 loops=1)
                     Workers Planned: 2
                     Workers Launched: 2
                     ->  Sort  (cost=49429.48..50471.15 rows=416667 width=20) (actual time=57.995..58.257 rows=5741 loops=3)
                           Sort Key: s_1.a
                           Sort Method: quicksort  Memory: 38243kB
                           Worker 0:  Sort Method: quicksort  Memory: 38346kB
                           Worker 1:  Sort Method: quicksort  Memory: 38402kB
                           ->  Parallel Seq Scan on s_1  (cost=0.00..10536.67 rows=416667 width=20) (actual time=0.008..20.158 rows=333333 loops=3)
 Planning time: 0.230 ms
 Execution time: 71.505 ms
(18 rows)

===== 210 [Wed Mar  7 02:37:59 CET 2018] scale:1000000 groups:100 work_mem:128MB incremental:on max_workers:2 =====
SELECT * FROM (SELECT * FROM s_2 ORDER BY a, b) foo ORDER BY a, b, c LIMIT 10000
                                                                     QUERY PLAN                                                                     
----------------------------------------------------------------------------------------------------------------------------------------------------
 Limit  (cost=50734.19..50734.19 rows=1 width=20) (actual time=69.267..69.267 rows=0 loops=1)
   ->  Limit  (cost=50443.26..50634.19 rows=10000 width=20) (actual time=63.969..68.990 rows=10000 loops=1)
         ->  Incremental Sort  (cost=50443.26..69536.57 rows=1000000 width=20) (actual time=63.969..68.442 rows=10000 loops=1)
               Sort Key: s_2.a, s_2.b, s_2.c
               Presorted Key: s_2.a, s_2.b
               Sort Method: quicksort  Memory: 34kB
               Sort Groups: 150
               ->  Gather Merge  (cost=50429.50..147658.59 rows=833334 width=20) (actual time=63.910..65.569 rows=10073 loops=1)
                     Workers Planned: 2
                     Workers Launched: 2
                     ->  Sort  (cost=49429.48..50471.15 rows=416667 width=20) (actual time=62.364..62.562 rows=4138 loops=3)
                           Sort Key: s_2.a, s_2.b
                           Sort Method: quicksort  Memory: 38015kB
                           Worker 0:  Sort Method: quicksort  Memory: 38512kB
                           Worker 1:  Sort Method: quicksort  Memory: 38463kB
                           ->  Parallel Seq Scan on s_2  (cost=0.00..10536.67 rows=416667 width=20) (actual time=0.010..20.265 rows=333333 loops=3)
 Planning time: 0.231 ms
 Execution time: 74.313 ms
(18 rows)

===== 211 [Wed Mar  7 02:37:59 CET 2018] scale:1000000 groups:100 work_mem:128MB incremental:on max_workers:2 =====
SELECT * FROM (SELECT * FROM s_3 ORDER BY a, b, c) foo ORDER BY a, b, c, d LIMIT 10000
                                                                     QUERY PLAN                                                                     
----------------------------------------------------------------------------------------------------------------------------------------------------
 Limit  (cost=50738.11..50738.11 rows=1 width=20) (actual time=71.608..71.608 rows=0 loops=1)
   ->  Limit  (cost=50430.74..50638.11 rows=10000 width=20) (actual time=66.849..71.332 rows=10000 loops=1)
         ->  Incremental Sort  (cost=50430.74..71167.89 rows=1000000 width=20) (actual time=66.848..70.779 rows=10000 loops=1)
               Sort Key: s_3.a, s_3.b, s_3.c, s_3.d
               Presorted Key: s_3.a, s_3.b, s_3.c
               Sort Method: quicksort  Memory: 27kB
               Sort Groups: 309
               ->  Gather Merge  (cost=50429.50..147658.59 rows=833334 width=20) (actual time=66.803..68.468 rows=10009 loops=1)
                     Workers Planned: 2
                     Workers Launched: 2
                     ->  Sort  (cost=49429.48..50471.15 rows=416667 width=20) (actual time=65.342..65.544 rows=4116 loops=3)
                           Sort Key: s_3.a, s_3.b, s_3.c
                           Sort Method: quicksort  Memory: 38243kB
                           Worker 0:  Sort Method: quicksort  Memory: 38341kB
                           Worker 1:  Sort Method: quicksort  Memory: 38407kB
                           ->  Parallel Seq Scan on s_3  (cost=0.00..10536.67 rows=416667 width=20) (actual time=0.014..20.283 rows=333333 loops=3)
 Planning time: 0.238 ms
 Execution time: 76.688 ms
(18 rows)

===== 212 [Wed Mar  7 02:37:59 CET 2018] scale:1000000 groups:100 work_mem:128MB incremental:on max_workers:2 =====
SELECT * FROM (SELECT * FROM s_4 ORDER BY a, b, c, d) foo ORDER BY a, b, c, d, e LIMIT 10000
                                                                     QUERY PLAN                                                                     
----------------------------------------------------------------------------------------------------------------------------------------------------
 Limit  (cost=50738.11..50738.11 rows=1 width=20) (actual time=71.455..71.455 rows=0 loops=1)
   ->  Limit  (cost=50430.74..50638.11 rows=10000 width=20) (actual time=67.508..71.180 rows=10000 loops=1)
         ->  Incremental Sort  (cost=50430.74..71167.89 rows=1000000 width=20) (actual time=67.508..70.630 rows=10000 loops=1)
               Sort Key: s_4.a, s_4.b, s_4.c, s_4.d, s_4.e
               Presorted Key: s_4.a, s_4.b, s_4.c, s_4.d
               Sort Method: quicksort  Memory: 27kB
               Sort Groups: 313
               ->  Gather Merge  (cost=50429.50..147658.59 rows=833334 width=20) (actual time=67.466..69.136 rows=10018 loops=1)
                     Workers Planned: 2
                     Workers Launched: 2
                     ->  Sort  (cost=49429.48..50471.15 rows=416667 width=20) (actual time=65.972..66.174 rows=4119 loops=3)
                           Sort Key: s_4.a, s_4.b, s_4.c, s_4.d
                           Sort Method: quicksort  Memory: 38218kB
                           Worker 0:  Sort Method: quicksort  Memory: 38402kB
                           Worker 1:  Sort Method: quicksort  Memory: 38370kB
                           ->  Parallel Seq Scan on s_4  (cost=0.00..10536.67 rows=416667 width=20) (actual time=0.010..20.283 rows=333333 loops=3)
 Planning time: 0.261 ms
 Execution time: 76.514 ms
(18 rows)

===== 213 [Wed Mar  7 02:38:00 CET 2018] scale:1000000 groups:100 work_mem:128MB incremental:off max_workers:2 =====
SELECT * FROM (SELECT * FROM s_1 ORDER BY a) foo ORDER BY a, b LIMIT 10000
                                                              QUERY PLAN                                                               
---------------------------------------------------------------------------------------------------------------------------------------
 Limit  (cost=200091.40..200091.40 rows=1 width=20) (actual time=274.031..274.031 rows=0 loops=1)
   ->  Limit  (cost=199966.40..199991.40 rows=10000 width=20) (actual time=272.793..273.759 rows=10000 loops=1)
         ->  Sort  (cost=199966.40..202466.40 rows=1000000 width=20) (actual time=272.792..273.218 rows=10000 loops=1)
               Sort Key: s_1.a, s_1.b
               Sort Method: top-N heapsort  Memory: 1821kB
               ->  Sort  (cost=116027.84..118527.84 rows=1000000 width=20) (actual time=163.351..198.518 rows=1000000 loops=1)
                     Sort Key: s_1.a
                     Sort Method: quicksort  Memory: 102702kB
                     ->  Seq Scan on s_1  (cost=0.00..16370.00 rows=1000000 width=20) (actual time=0.004..55.492 rows=1000000 loops=1)
 Planning time: 0.218 ms
 Execution time: 278.474 ms
(11 rows)

===== 214 [Wed Mar  7 02:38:01 CET 2018] scale:1000000 groups:100 work_mem:128MB incremental:off max_workers:2 =====
SELECT * FROM (SELECT * FROM s_2 ORDER BY a, b) foo ORDER BY a, b, c LIMIT 10000
                                                              QUERY PLAN                                                               
---------------------------------------------------------------------------------------------------------------------------------------
 Limit  (cost=200091.40..200091.40 rows=1 width=20) (actual time=295.355..295.355 rows=0 loops=1)
   ->  Limit  (cost=199966.40..199991.40 rows=10000 width=20) (actual time=294.133..295.076 rows=10000 loops=1)
         ->  Sort  (cost=199966.40..202466.40 rows=1000000 width=20) (actual time=294.132..294.534 rows=10000 loops=1)
               Sort Key: s_2.a, s_2.b, s_2.c
               Sort Method: top-N heapsort  Memory: 1553kB
               ->  Sort  (cost=116027.84..118527.84 rows=1000000 width=20) (actual time=180.668..215.969 rows=1000000 loops=1)
                     Sort Key: s_2.a, s_2.b
                     Sort Method: quicksort  Memory: 102702kB
                     ->  Seq Scan on s_2  (cost=0.00..16370.00 rows=1000000 width=20) (actual time=0.013..55.286 rows=1000000 loops=1)
 Planning time: 0.219 ms
 Execution time: 299.804 ms
(11 rows)

===== 215 [Wed Mar  7 02:38:03 CET 2018] scale:1000000 groups:100 work_mem:128MB incremental:off max_workers:2 =====
SELECT * FROM (SELECT * FROM s_3 ORDER BY a, b, c) foo ORDER BY a, b, c, d LIMIT 10000
                                                              QUERY PLAN                                                               
---------------------------------------------------------------------------------------------------------------------------------------
 Limit  (cost=200091.40..200091.40 rows=1 width=20) (actual time=307.620..307.620 rows=0 loops=1)
   ->  Limit  (cost=199966.40..199991.40 rows=10000 width=20) (actual time=306.412..307.344 rows=10000 loops=1)
         ->  Sort  (cost=199966.40..202466.40 rows=1000000 width=20) (actual time=306.411..306.803 rows=10000 loops=1)
               Sort Key: s_3.a, s_3.b, s_3.c, s_3.d
               Sort Method: top-N heapsort  Memory: 1550kB
               ->  Sort  (cost=116027.84..118527.84 rows=1000000 width=20) (actual time=191.900..227.167 rows=1000000 loops=1)
                     Sort Key: s_3.a, s_3.b, s_3.c
                     Sort Method: quicksort  Memory: 102702kB
                     ->  Seq Scan on s_3  (cost=0.00..16370.00 rows=1000000 width=20) (actual time=0.013..55.325 rows=1000000 loops=1)
 Planning time: 0.223 ms
 Execution time: 312.074 ms
(11 rows)

===== 216 [Wed Mar  7 02:38:04 CET 2018] scale:1000000 groups:100 work_mem:128MB incremental:off max_workers:2 =====
SELECT * FROM (SELECT * FROM s_4 ORDER BY a, b, c, d) foo ORDER BY a, b, c, d, e LIMIT 10000
                                                              QUERY PLAN                                                               
---------------------------------------------------------------------------------------------------------------------------------------
 Limit  (cost=200091.40..200091.40 rows=1 width=20) (actual time=309.873..309.873 rows=0 loops=1)
   ->  Limit  (cost=199966.40..199991.40 rows=10000 width=20) (actual time=308.663..309.599 rows=10000 loops=1)
         ->  Sort  (cost=199966.40..202466.40 rows=1000000 width=20) (actual time=308.662..309.053 rows=10000 loops=1)
               Sort Key: s_4.a, s_4.b, s_4.c, s_4.d, s_4.e
               Sort Method: top-N heapsort  Memory: 1550kB
               ->  Sort  (cost=116027.84..118527.84 rows=1000000 width=20) (actual time=194.163..229.432 rows=1000000 loops=1)
                     Sort Key: s_4.a, s_4.b, s_4.c, s_4.d
                     Sort Method: quicksort  Memory: 102702kB
                     ->  Seq Scan on s_4  (cost=0.00..16370.00 rows=1000000 width=20) (actual time=0.010..55.309 rows=1000000 loops=1)
 Planning time: 0.227 ms
 Execution time: 314.315 ms
(11 rows)

===== 217 [Wed Mar  7 02:38:06 CET 2018] scale:1000000 groups:100 work_mem:256MB incremental:on max_workers:2 =====
SELECT * FROM (SELECT * FROM s_1 ORDER BY a) foo ORDER BY a, b LIMIT 10000
                                                                     QUERY PLAN                                                                     
----------------------------------------------------------------------------------------------------------------------------------------------------
 Limit  (cost=52423.47..52423.47 rows=1 width=20) (actual time=66.190..66.190 rows=0 loops=1)
   ->  Limit  (cost=52148.27..52323.47 rows=10000 width=20) (actual time=61.139..65.914 rows=10000 loops=1)
         ->  Incremental Sort  (cost=52148.27..69667.48 rows=1000000 width=20) (actual time=61.139..65.369 rows=10000 loops=1)
               Sort Key: s_1.a, s_1.b
               Presorted Key: s_1.a
               Sort Method: quicksort  Memory: 1174kB
               Sort Groups: 2
               ->  Gather Merge  (cost=50429.50..147658.59 rows=833334 width=20) (actual time=59.123..61.353 rows=15123 loops=1)
                     Workers Planned: 2
                     Workers Launched: 2
                     ->  Sort  (cost=49429.48..50471.15 rows=416667 width=20) (actual time=57.699..57.962 rows=5787 loops=3)
                           Sort Key: s_1.a
                           Sort Method: quicksort  Memory: 38157kB
                           Worker 0:  Sort Method: quicksort  Memory: 38218kB
                           Worker 1:  Sort Method: quicksort  Memory: 38616kB
                           ->  Parallel Seq Scan on s_1  (cost=0.00..10536.67 rows=416667 width=20) (actual time=0.007..20.188 rows=333333 loops=3)
 Planning time: 0.241 ms
 Execution time: 70.968 ms
(18 rows)

===== 218 [Wed Mar  7 02:38:06 CET 2018] scale:1000000 groups:100 work_mem:256MB incremental:on max_workers:2 =====
SELECT * FROM (SELECT * FROM s_2 ORDER BY a, b) foo ORDER BY a, b, c LIMIT 10000
                                                                     QUERY PLAN                                                                     
----------------------------------------------------------------------------------------------------------------------------------------------------
 Limit  (cost=50734.19..50734.19 rows=1 width=20) (actual time=69.266..69.266 rows=0 loops=1)
   ->  Limit  (cost=50443.26..50634.19 rows=10000 width=20) (actual time=63.975..68.990 rows=10000 loops=1)
         ->  Incremental Sort  (cost=50443.26..69536.57 rows=1000000 width=20) (actual time=63.975..68.443 rows=10000 loops=1)
               Sort Key: s_2.a, s_2.b, s_2.c
               Presorted Key: s_2.a, s_2.b
               Sort Method: quicksort  Memory: 34kB
               Sort Groups: 150
               ->  Gather Merge  (cost=50429.50..147658.59 rows=833334 width=20) (actual time=63.915..65.583 rows=10073 loops=1)
                     Workers Planned: 2
                     Workers Launched: 2
                     ->  Sort  (cost=49429.48..50471.15 rows=416667 width=20) (actual time=62.359..62.560 rows=4138 loops=3)
                           Sort Key: s_2.a, s_2.b
                           Sort Method: quicksort  Memory: 38083kB
                           Worker 0:  Sort Method: quicksort  Memory: 38427kB
                           Worker 1:  Sort Method: quicksort  Memory: 38481kB
                           ->  Parallel Seq Scan on s_2  (cost=0.00..10536.67 rows=416667 width=20) (actual time=0.010..20.255 rows=333333 loops=3)
 Planning time: 0.237 ms
 Execution time: 74.199 ms
(18 rows)

===== 219 [Wed Mar  7 02:38:06 CET 2018] scale:1000000 groups:100 work_mem:256MB incremental:on max_workers:2 =====
SELECT * FROM (SELECT * FROM s_3 ORDER BY a, b, c) foo ORDER BY a, b, c, d LIMIT 10000
                                                                     QUERY PLAN                                                                     
----------------------------------------------------------------------------------------------------------------------------------------------------
 Limit  (cost=50738.11..50738.11 rows=1 width=20) (actual time=71.662..71.662 rows=0 loops=1)
   ->  Limit  (cost=50430.74..50638.11 rows=10000 width=20) (actual time=66.906..71.388 rows=10000 loops=1)
         ->  Incremental Sort  (cost=50430.74..71167.89 rows=1000000 width=20) (actual time=66.906..70.834 rows=10000 loops=1)
               Sort Key: s_3.a, s_3.b, s_3.c, s_3.d
               Presorted Key: s_3.a, s_3.b, s_3.c
               Sort Method: quicksort  Memory: 27kB
               Sort Groups: 309
               ->  Gather Merge  (cost=50429.50..147658.59 rows=833334 width=20) (actual time=66.861..68.535 rows=10009 loops=1)
                     Workers Planned: 2
                     Workers Launched: 2
                     ->  Sort  (cost=49429.48..50471.15 rows=416667 width=20) (actual time=65.337..65.539 rows=4116 loops=3)
                           Sort Key: s_3.a, s_3.b, s_3.c
                           Sort Method: quicksort  Memory: 38236kB
                           Worker 0:  Sort Method: quicksort  Memory: 38377kB
                           Worker 1:  Sort Method: quicksort  Memory: 38377kB
                           ->  Parallel Seq Scan on s_3  (cost=0.00..10536.67 rows=416667 width=20) (actual time=0.009..20.272 rows=333333 loops=3)
 Planning time: 0.236 ms
 Execution time: 76.876 ms
(18 rows)

===== 220 [Wed Mar  7 02:38:07 CET 2018] scale:1000000 groups:100 work_mem:256MB incremental:on max_workers:2 =====
SELECT * FROM (SELECT * FROM s_4 ORDER BY a, b, c, d) foo ORDER BY a, b, c, d, e LIMIT 10000
                                                                     QUERY PLAN                                                                     
----------------------------------------------------------------------------------------------------------------------------------------------------
 Limit  (cost=50738.11..50738.11 rows=1 width=20) (actual time=71.506..71.506 rows=0 loops=1)
   ->  Limit  (cost=50430.74..50638.11 rows=10000 width=20) (actual time=67.548..71.230 rows=10000 loops=1)
         ->  Incremental Sort  (cost=50430.74..71167.89 rows=1000000 width=20) (actual time=67.547..70.678 rows=10000 loops=1)
               Sort Key: s_4.a, s_4.b, s_4.c, s_4.d, s_4.e
               Presorted Key: s_4.a, s_4.b, s_4.c, s_4.d
               Sort Method: quicksort  Memory: 27kB
               Sort Groups: 313
               ->  Gather Merge  (cost=50429.50..147658.59 rows=833334 width=20) (actual time=67.507..69.171 rows=10018 loops=1)
                     Workers Planned: 2
                     Workers Launched: 2
                     ->  Sort  (cost=49429.48..50471.15 rows=416667 width=20) (actual time=65.985..66.188 rows=4119 loops=3)
                           Sort Key: s_4.a, s_4.b, s_4.c, s_4.d
                           Sort Method: quicksort  Memory: 38211kB
                           Worker 0:  Sort Method: quicksort  Memory: 38414kB
                           Worker 1:  Sort Method: quicksort  Memory: 38365kB
                           ->  Parallel Seq Scan on s_4  (cost=0.00..10536.67 rows=416667 width=20) (actual time=0.010..20.261 rows=333333 loops=3)
 Planning time: 0.257 ms
 Execution time: 76.521 ms
(18 rows)

===== 221 [Wed Mar  7 02:38:07 CET 2018] scale:1000000 groups:100 work_mem:256MB incremental:off max_workers:2 =====
SELECT * FROM (SELECT * FROM s_1 ORDER BY a) foo ORDER BY a, b LIMIT 10000
                                                              QUERY PLAN                                                               
---------------------------------------------------------------------------------------------------------------------------------------
 Limit  (cost=200091.40..200091.40 rows=1 width=20) (actual time=274.494..274.494 rows=0 loops=1)
   ->  Limit  (cost=199966.40..199991.40 rows=10000 width=20) (actual time=273.238..274.219 rows=10000 loops=1)
         ->  Sort  (cost=199966.40..202466.40 rows=1000000 width=20) (actual time=273.238..273.668 rows=10000 loops=1)
               Sort Key: s_1.a, s_1.b
               Sort Method: top-N heapsort  Memory: 1821kB
               ->  Sort  (cost=116027.84..118527.84 rows=1000000 width=20) (actual time=163.731..198.862 rows=1000000 loops=1)
                     Sort Key: s_1.a
                     Sort Method: quicksort  Memory: 102702kB
                     ->  Seq Scan on s_1  (cost=0.00..16370.00 rows=1000000 width=20) (actual time=0.004..55.495 rows=1000000 loops=1)
 Planning time: 0.215 ms
 Execution time: 278.953 ms
(11 rows)

===== 222 [Wed Mar  7 02:38:09 CET 2018] scale:1000000 groups:100 work_mem:256MB incremental:off max_workers:2 =====
SELECT * FROM (SELECT * FROM s_2 ORDER BY a, b) foo ORDER BY a, b, c LIMIT 10000
                                                              QUERY PLAN                                                               
---------------------------------------------------------------------------------------------------------------------------------------
 Limit  (cost=200091.40..200091.40 rows=1 width=20) (actual time=295.452..295.452 rows=0 loops=1)
   ->  Limit  (cost=199966.40..199991.40 rows=10000 width=20) (actual time=294.231..295.176 rows=10000 loops=1)
         ->  Sort  (cost=199966.40..202466.40 rows=1000000 width=20) (actual time=294.230..294.631 rows=10000 loops=1)
               Sort Key: s_2.a, s_2.b, s_2.c
               Sort Method: top-N heapsort  Memory: 1553kB
               ->  Sort  (cost=116027.84..118527.84 rows=1000000 width=20) (actual time=180.685..215.965 rows=1000000 loops=1)
                     Sort Key: s_2.a, s_2.b
                     Sort Method: quicksort  Memory: 102702kB
                     ->  Seq Scan on s_2  (cost=0.00..16370.00 rows=1000000 width=20) (actual time=0.013..55.259 rows=1000000 loops=1)
 Planning time: 0.219 ms
 Execution time: 299.895 ms
(11 rows)

===== 223 [Wed Mar  7 02:38:10 CET 2018] scale:1000000 groups:100 work_mem:256MB incremental:off max_workers:2 =====
SELECT * FROM (SELECT * FROM s_3 ORDER BY a, b, c) foo ORDER BY a, b, c, d LIMIT 10000
                                                              QUERY PLAN                                                               
---------------------------------------------------------------------------------------------------------------------------------------
 Limit  (cost=200091.40..200091.40 rows=1 width=20) (actual time=307.770..307.770 rows=0 loops=1)
   ->  Limit  (cost=199966.40..199991.40 rows=10000 width=20) (actual time=306.571..307.502 rows=10000 loops=1)
         ->  Sort  (cost=199966.40..202466.40 rows=1000000 width=20) (actual time=306.570..306.960 rows=10000 loops=1)
               Sort Key: s_3.a, s_3.b, s_3.c, s_3.d
               Sort Method: top-N heapsort  Memory: 1550kB
               ->  Sort  (cost=116027.84..118527.84 rows=1000000 width=20) (actual time=192.018..227.277 rows=1000000 loops=1)
                     Sort Key: s_3.a, s_3.b, s_3.c
                     Sort Method: quicksort  Memory: 102702kB
                     ->  Seq Scan on s_3  (cost=0.00..16370.00 rows=1000000 width=20) (actual time=0.013..55.358 rows=1000000 loops=1)
 Planning time: 0.220 ms
 Execution time: 312.223 ms
(11 rows)

===== 224 [Wed Mar  7 02:38:11 CET 2018] scale:1000000 groups:100 work_mem:256MB incremental:off max_workers:2 =====
SELECT * FROM (SELECT * FROM s_4 ORDER BY a, b, c, d) foo ORDER BY a, b, c, d, e LIMIT 10000
                                                              QUERY PLAN                                                               
---------------------------------------------------------------------------------------------------------------------------------------
 Limit  (cost=200091.40..200091.40 rows=1 width=20) (actual time=309.626..309.626 rows=0 loops=1)
   ->  Limit  (cost=199966.40..199991.40 rows=10000 width=20) (actual time=308.418..309.350 rows=10000 loops=1)
         ->  Sort  (cost=199966.40..202466.40 rows=1000000 width=20) (actual time=308.417..308.804 rows=10000 loops=1)
               Sort Key: s_4.a, s_4.b, s_4.c, s_4.d, s_4.e
               Sort Method: top-N heapsort  Memory: 1550kB
               ->  Sort  (cost=116027.84..118527.84 rows=1000000 width=20) (actual time=193.944..229.212 rows=1000000 loops=1)
                     Sort Key: s_4.a, s_4.b, s_4.c, s_4.d
                     Sort Method: quicksort  Memory: 102702kB
                     ->  Seq Scan on s_4  (cost=0.00..16370.00 rows=1000000 width=20) (actual time=0.011..55.304 rows=1000000 loops=1)
 Planning time: 0.227 ms
 Execution time: 314.062 ms
(11 rows)

===== 225 [Wed Mar  7 02:38:20 CET 2018] scale:1000000 groups:1000 work_mem:4MB incremental:on max_workers:0 =====
SELECT * FROM (SELECT * FROM s_1 ORDER BY a) foo ORDER BY a, b LIMIT 10000
                                                              QUERY PLAN                                                               
---------------------------------------------------------------------------------------------------------------------------------------
 Limit  (cost=136880.91..136880.91 rows=1 width=20) (actual time=233.710..233.710 rows=0 loops=1)
   ->  Limit  (cost=136600.10..136780.91 rows=10000 width=20) (actual time=228.892..233.435 rows=10000 loops=1)
         ->  Incremental Sort  (cost=136600.10..154681.08 rows=1000000 width=20) (actual time=228.891..232.886 rows=10000 loops=1)
               Sort Key: s_1.a, s_1.b
               Presorted Key: s_1.a
               Sort Method: quicksort  Memory: 131kB
               Sort Groups: 11
               ->  Sort  (cost=136537.84..139037.84 rows=1000000 width=20) (actual time=228.678..229.663 rows=10476 loops=1)
                     Sort Key: s_1.a
                     Sort Method: external merge  Disk: 29360kB
                     ->  Seq Scan on s_1  (cost=0.00..16370.00 rows=1000000 width=20) (actual time=0.018..68.566 rows=1000000 loops=1)
 Planning time: 0.216 ms
 Execution time: 237.413 ms
(13 rows)

===== 226 [Wed Mar  7 02:38:21 CET 2018] scale:1000000 groups:1000 work_mem:4MB incremental:on max_workers:0 =====
SELECT * FROM (SELECT * FROM s_2 ORDER BY a, b) foo ORDER BY a, b, c LIMIT 10000
                                                              QUERY PLAN                                                               
---------------------------------------------------------------------------------------------------------------------------------------
 Limit  (cost=136836.04..136836.04 rows=1 width=20) (actual time=247.255..247.255 rows=0 loops=1)
   ->  Limit  (cost=136538.13..136736.04 rows=10000 width=20) (actual time=243.503..246.981 rows=10000 loops=1)
         ->  Incremental Sort  (cost=136538.13..156328.94 rows=1000000 width=20) (actual time=243.502..246.429 rows=10000 loops=1)
               Sort Key: s_2.a, s_2.b, s_2.c
               Presorted Key: s_2.a, s_2.b
               Sort Method: quicksort  Memory: 27kB
               Sort Groups: 308
               ->  Sort  (cost=136537.84..139037.84 rows=1000000 width=20) (actual time=243.456..244.448 rows=10020 loops=1)
                     Sort Key: s_2.a, s_2.b
                     Sort Method: external merge  Disk: 29360kB
                     ->  Seq Scan on s_2  (cost=0.00..16370.00 rows=1000000 width=20) (actual time=0.020..68.556 rows=1000000 loops=1)
 Planning time: 0.215 ms
 Execution time: 250.963 ms
(13 rows)

===== 227 [Wed Mar  7 02:38:23 CET 2018] scale:1000000 groups:1000 work_mem:4MB incremental:on max_workers:0 =====
SELECT * FROM (SELECT * FROM s_3 ORDER BY a, b, c) foo ORDER BY a, b, c, d LIMIT 10000
                                                              QUERY PLAN                                                               
---------------------------------------------------------------------------------------------------------------------------------------
 Limit  (cost=136836.04..136836.04 rows=1 width=20) (actual time=253.969..253.969 rows=0 loops=1)
   ->  Limit  (cost=136538.13..136736.04 rows=10000 width=20) (actual time=250.840..253.687 rows=10000 loops=1)
         ->  Incremental Sort  (cost=136538.13..156328.94 rows=1000000 width=20) (actual time=250.840..253.142 rows=10000 loops=1)
               Sort Key: s_3.a, s_3.b, s_3.c, s_3.d
               Presorted Key: s_3.a, s_3.b, s_3.c
               Sort Method: quicksort  Memory: 27kB
               Sort Groups: 313
               ->  Sort  (cost=136537.84..139037.84 rows=1000000 width=20) (actual time=250.796..251.782 rows=10017 loops=1)
                     Sort Key: s_3.a, s_3.b, s_3.c
                     Sort Method: external merge  Disk: 29360kB
                     ->  Seq Scan on s_3  (cost=0.00..16370.00 rows=1000000 width=20) (actual time=0.023..68.213 rows=1000000 loops=1)
 Planning time: 0.215 ms
 Execution time: 257.635 ms
(13 rows)

===== 228 [Wed Mar  7 02:38:24 CET 2018] scale:1000000 groups:1000 work_mem:4MB incremental:on max_workers:0 =====
SELECT * FROM (SELECT * FROM s_4 ORDER BY a, b, c, d) foo ORDER BY a, b, c, d, e LIMIT 10000
                                                              QUERY PLAN                                                               
---------------------------------------------------------------------------------------------------------------------------------------
 Limit  (cost=136836.04..136836.04 rows=1 width=20) (actual time=254.175..254.175 rows=0 loops=1)
   ->  Limit  (cost=136538.13..136736.04 rows=10000 width=20) (actual time=251.039..253.896 rows=10000 loops=1)
         ->  Incremental Sort  (cost=136538.13..156328.94 rows=1000000 width=20) (actual time=251.038..253.346 rows=10000 loops=1)
               Sort Key: s_4.a, s_4.b, s_4.c, s_4.d, s_4.e
               Presorted Key: s_4.a, s_4.b, s_4.c, s_4.d
               Sort Method: quicksort  Memory: 27kB
               Sort Groups: 313
               ->  Sort  (cost=136537.84..139037.84 rows=1000000 width=20) (actual time=250.991..251.977 rows=10017 loops=1)
                     Sort Key: s_4.a, s_4.b, s_4.c, s_4.d
                     Sort Method: external merge  Disk: 29360kB
                     ->  Seq Scan on s_4  (cost=0.00..16370.00 rows=1000000 width=20) (actual time=0.021..68.058 rows=1000000 loops=1)
 Planning time: 0.226 ms
 Execution time: 257.832 ms
(13 rows)

===== 229 [Wed Mar  7 02:38:25 CET 2018] scale:1000000 groups:1000 work_mem:4MB incremental:off max_workers:0 =====
SELECT * FROM (SELECT * FROM s_1 ORDER BY a) foo ORDER BY a, b LIMIT 10000
                                                              QUERY PLAN                                                               
---------------------------------------------------------------------------------------------------------------------------------------
 Limit  (cost=220601.40..220601.40 rows=1 width=20) (actual time=374.021..374.021 rows=0 loops=1)
   ->  Limit  (cost=220476.40..220501.40 rows=10000 width=20) (actual time=372.796..373.746 rows=10000 loops=1)
         ->  Sort  (cost=220476.40..222976.40 rows=1000000 width=20) (actual time=372.796..373.197 rows=10000 loops=1)
               Sort Key: s_1.a, s_1.b
               Sort Method: top-N heapsort  Memory: 1575kB
               ->  Sort  (cost=136537.84..139037.84 rows=1000000 width=20) (actual time=213.995..307.743 rows=1000000 loops=1)
                     Sort Key: s_1.a
                     Sort Method: external merge  Disk: 29360kB
                     ->  Seq Scan on s_1  (cost=0.00..16370.00 rows=1000000 width=20) (actual time=0.010..51.167 rows=1000000 loops=1)
 Planning time: 0.204 ms
 Execution time: 377.860 ms
(11 rows)

===== 230 [Wed Mar  7 02:38:27 CET 2018] scale:1000000 groups:1000 work_mem:4MB incremental:off max_workers:0 =====
SELECT * FROM (SELECT * FROM s_2 ORDER BY a, b) foo ORDER BY a, b, c LIMIT 10000
                                                              QUERY PLAN                                                               
---------------------------------------------------------------------------------------------------------------------------------------
 Limit  (cost=220601.40..220601.40 rows=1 width=20) (actual time=390.312..390.312 rows=0 loops=1)
   ->  Limit  (cost=220476.40..220501.40 rows=10000 width=20) (actual time=389.108..390.042 rows=10000 loops=1)
         ->  Sort  (cost=220476.40..222976.40 rows=1000000 width=20) (actual time=389.108..389.497 rows=10000 loops=1)
               Sort Key: s_2.a, s_2.b, s_2.c
               Sort Method: top-N heapsort  Memory: 1550kB
               ->  Sort  (cost=136537.84..139037.84 rows=1000000 width=20) (actual time=229.645..323.471 rows=1000000 loops=1)
                     Sort Key: s_2.a, s_2.b
                     Sort Method: external merge  Disk: 29360kB
                     ->  Seq Scan on s_2  (cost=0.00..16370.00 rows=1000000 width=20) (actual time=0.010..51.326 rows=1000000 loops=1)
 Planning time: 0.219 ms
 Execution time: 394.160 ms
(11 rows)

===== 231 [Wed Mar  7 02:38:29 CET 2018] scale:1000000 groups:1000 work_mem:4MB incremental:off max_workers:0 =====
SELECT * FROM (SELECT * FROM s_3 ORDER BY a, b, c) foo ORDER BY a, b, c, d LIMIT 10000
                                                              QUERY PLAN                                                               
---------------------------------------------------------------------------------------------------------------------------------------
 Limit  (cost=220601.40..220601.40 rows=1 width=20) (actual time=411.039..411.039 rows=0 loops=1)
   ->  Limit  (cost=220476.40..220501.40 rows=10000 width=20) (actual time=409.834..410.766 rows=10000 loops=1)
         ->  Sort  (cost=220476.40..222976.40 rows=1000000 width=20) (actual time=409.833..410.221 rows=10000 loops=1)
               Sort Key: s_3.a, s_3.b, s_3.c, s_3.d
               Sort Method: top-N heapsort  Memory: 1550kB
               ->  Sort  (cost=136537.84..139037.84 rows=1000000 width=20) (actual time=237.772..338.976 rows=1000000 loops=1)
                     Sort Key: s_3.a, s_3.b, s_3.c
                     Sort Method: external merge  Disk: 29360kB
                     ->  Seq Scan on s_3  (cost=0.00..16370.00 rows=1000000 width=20) (actual time=0.014..50.781 rows=1000000 loops=1)
 Planning time: 0.211 ms
 Execution time: 414.879 ms
(11 rows)

===== 232 [Wed Mar  7 02:38:31 CET 2018] scale:1000000 groups:1000 work_mem:4MB incremental:off max_workers:0 =====
SELECT * FROM (SELECT * FROM s_4 ORDER BY a, b, c, d) foo ORDER BY a, b, c, d, e LIMIT 10000
                                                              QUERY PLAN                                                               
---------------------------------------------------------------------------------------------------------------------------------------
 Limit  (cost=220601.40..220601.40 rows=1 width=20) (actual time=411.106..411.106 rows=0 loops=1)
   ->  Limit  (cost=220476.40..220501.40 rows=10000 width=20) (actual time=409.896..410.830 rows=10000 loops=1)
         ->  Sort  (cost=220476.40..222976.40 rows=1000000 width=20) (actual time=409.896..410.287 rows=10000 loops=1)
               Sort Key: s_4.a, s_4.b, s_4.c, s_4.d, s_4.e
               Sort Method: top-N heapsort  Memory: 1550kB
               ->  Sort  (cost=136537.84..139037.84 rows=1000000 width=20) (actual time=237.788..338.964 rows=1000000 loops=1)
                     Sort Key: s_4.a, s_4.b, s_4.c, s_4.d
                     Sort Method: external merge  Disk: 29360kB
                     ->  Seq Scan on s_4  (cost=0.00..16370.00 rows=1000000 width=20) (actual time=0.011..50.904 rows=1000000 loops=1)
 Planning time: 0.219 ms
 Execution time: 414.955 ms
(11 rows)

===== 233 [Wed Mar  7 02:38:33 CET 2018] scale:1000000 groups:1000 work_mem:8MB incremental:on max_workers:0 =====
SELECT * FROM (SELECT * FROM s_1 ORDER BY a) foo ORDER BY a, b LIMIT 10000
                                                              QUERY PLAN                                                               
---------------------------------------------------------------------------------------------------------------------------------------
 Limit  (cost=136880.91..136880.91 rows=1 width=20) (actual time=190.638..190.638 rows=0 loops=1)
   ->  Limit  (cost=136600.10..136780.91 rows=10000 width=20) (actual time=185.879..190.371 rows=10000 loops=1)
         ->  Incremental Sort  (cost=136600.10..154681.08 rows=1000000 width=20) (actual time=185.878..189.827 rows=10000 loops=1)
               Sort Key: s_1.a, s_1.b
               Presorted Key: s_1.a
               Sort Method: quicksort  Memory: 131kB
               Sort Groups: 11
               ->  Sort  (cost=136537.84..139037.84 rows=1000000 width=20) (actual time=185.658..186.589 rows=10476 loops=1)
                     Sort Key: s_1.a
                     Sort Method: external merge  Disk: 29360kB
                     ->  Seq Scan on s_1  (cost=0.00..16370.00 rows=1000000 width=20) (actual time=0.010..51.693 rows=1000000 loops=1)
 Planning time: 0.211 ms
 Execution time: 194.179 ms
(13 rows)

===== 234 [Wed Mar  7 02:38:34 CET 2018] scale:1000000 groups:1000 work_mem:8MB incremental:on max_workers:0 =====
SELECT * FROM (SELECT * FROM s_2 ORDER BY a, b) foo ORDER BY a, b, c LIMIT 10000
                                                              QUERY PLAN                                                               
---------------------------------------------------------------------------------------------------------------------------------------
 Limit  (cost=136836.04..136836.04 rows=1 width=20) (actual time=206.333..206.333 rows=0 loops=1)
   ->  Limit  (cost=136538.13..136736.04 rows=10000 width=20) (actual time=202.631..206.057 rows=10000 loops=1)
         ->  Incremental Sort  (cost=136538.13..156328.94 rows=1000000 width=20) (actual time=202.630..205.503 rows=10000 loops=1)
               Sort Key: s_2.a, s_2.b, s_2.c
               Presorted Key: s_2.a, s_2.b
               Sort Method: quicksort  Memory: 27kB
               Sort Groups: 308
               ->  Sort  (cost=136537.84..139037.84 rows=1000000 width=20) (actual time=202.583..203.520 rows=10020 loops=1)
                     Sort Key: s_2.a, s_2.b
                     Sort Method: external merge  Disk: 29360kB
                     ->  Seq Scan on s_2  (cost=0.00..16370.00 rows=1000000 width=20) (actual time=0.010..51.756 rows=1000000 loops=1)
 Planning time: 0.216 ms
 Execution time: 209.828 ms
(13 rows)

===== 235 [Wed Mar  7 02:38:35 CET 2018] scale:1000000 groups:1000 work_mem:8MB incremental:on max_workers:0 =====
SELECT * FROM (SELECT * FROM s_3 ORDER BY a, b, c) foo ORDER BY a, b, c, d LIMIT 10000
                                                              QUERY PLAN                                                               
---------------------------------------------------------------------------------------------------------------------------------------
 Limit  (cost=136836.04..136836.04 rows=1 width=20) (actual time=213.516..213.516 rows=0 loops=1)
   ->  Limit  (cost=136538.13..136736.04 rows=10000 width=20) (actual time=210.444..213.233 rows=10000 loops=1)
         ->  Incremental Sort  (cost=136538.13..156328.94 rows=1000000 width=20) (actual time=210.444..212.687 rows=10000 loops=1)
               Sort Key: s_3.a, s_3.b, s_3.c, s_3.d
               Presorted Key: s_3.a, s_3.b, s_3.c
               Sort Method: quicksort  Memory: 27kB
               Sort Groups: 313
               ->  Sort  (cost=136537.84..139037.84 rows=1000000 width=20) (actual time=210.400..211.326 rows=10017 loops=1)
                     Sort Key: s_3.a, s_3.b, s_3.c
                     Sort Method: external merge  Disk: 29360kB
                     ->  Seq Scan on s_3  (cost=0.00..16370.00 rows=1000000 width=20) (actual time=0.015..51.500 rows=1000000 loops=1)
 Planning time: 0.217 ms
 Execution time: 217.019 ms
(13 rows)

===== 236 [Wed Mar  7 02:38:36 CET 2018] scale:1000000 groups:1000 work_mem:8MB incremental:on max_workers:0 =====
SELECT * FROM (SELECT * FROM s_4 ORDER BY a, b, c, d) foo ORDER BY a, b, c, d, e LIMIT 10000
                                                              QUERY PLAN                                                               
---------------------------------------------------------------------------------------------------------------------------------------
 Limit  (cost=136836.04..136836.04 rows=1 width=20) (actual time=212.777..212.777 rows=0 loops=1)
   ->  Limit  (cost=136538.13..136736.04 rows=10000 width=20) (actual time=209.696..212.493 rows=10000 loops=1)
         ->  Incremental Sort  (cost=136538.13..156328.94 rows=1000000 width=20) (actual time=209.695..211.944 rows=10000 loops=1)
               Sort Key: s_4.a, s_4.b, s_4.c, s_4.d, s_4.e
               Presorted Key: s_4.a, s_4.b, s_4.c, s_4.d
               Sort Method: quicksort  Memory: 27kB
               Sort Groups: 313
               ->  Sort  (cost=136537.84..139037.84 rows=1000000 width=20) (actual time=209.649..210.579 rows=10017 loops=1)
                     Sort Key: s_4.a, s_4.b, s_4.c, s_4.d
                     Sort Method: external merge  Disk: 29360kB
                     ->  Seq Scan on s_4  (cost=0.00..16370.00 rows=1000000 width=20) (actual time=0.015..51.520 rows=1000000 loops=1)
 Planning time: 0.224 ms
 Execution time: 216.291 ms
(13 rows)

===== 237 [Wed Mar  7 02:38:37 CET 2018] scale:1000000 groups:1000 work_mem:8MB incremental:off max_workers:0 =====
SELECT * FROM (SELECT * FROM s_1 ORDER BY a) foo ORDER BY a, b LIMIT 10000
                                                              QUERY PLAN                                                               
---------------------------------------------------------------------------------------------------------------------------------------
 Limit  (cost=220601.40..220601.40 rows=1 width=20) (actual time=343.342..343.342 rows=0 loops=1)
   ->  Limit  (cost=220476.40..220501.40 rows=10000 width=20) (actual time=342.116..343.067 rows=10000 loops=1)
         ->  Sort  (cost=220476.40..222976.40 rows=1000000 width=20) (actual time=342.115..342.516 rows=10000 loops=1)
               Sort Key: s_1.a, s_1.b
               Sort Method: top-N heapsort  Memory: 1575kB
               ->  Sort  (cost=136537.84..139037.84 rows=1000000 width=20) (actual time=185.152..276.943 rows=1000000 loops=1)
                     Sort Key: s_1.a
                     Sort Method: external merge  Disk: 29360kB
                     ->  Seq Scan on s_1  (cost=0.00..16370.00 rows=1000000 width=20) (actual time=0.010..51.661 rows=1000000 loops=1)
 Planning time: 0.201 ms
 Execution time: 347.350 ms
(11 rows)

===== 238 [Wed Mar  7 02:38:39 CET 2018] scale:1000000 groups:1000 work_mem:8MB incremental:off max_workers:0 =====
SELECT * FROM (SELECT * FROM s_2 ORDER BY a, b) foo ORDER BY a, b, c LIMIT 10000
                                                              QUERY PLAN                                                               
---------------------------------------------------------------------------------------------------------------------------------------
 Limit  (cost=220601.40..220601.40 rows=1 width=20) (actual time=360.718..360.718 rows=0 loops=1)
   ->  Limit  (cost=220476.40..220501.40 rows=10000 width=20) (actual time=359.518..360.450 rows=10000 loops=1)
         ->  Sort  (cost=220476.40..222976.40 rows=1000000 width=20) (actual time=359.517..359.907 rows=10000 loops=1)
               Sort Key: s_2.a, s_2.b, s_2.c
               Sort Method: top-N heapsort  Memory: 1550kB
               ->  Sort  (cost=136537.84..139037.84 rows=1000000 width=20) (actual time=201.874..293.784 rows=1000000 loops=1)
                     Sort Key: s_2.a, s_2.b
                     Sort Method: external merge  Disk: 29360kB
                     ->  Seq Scan on s_2  (cost=0.00..16370.00 rows=1000000 width=20) (actual time=0.010..51.661 rows=1000000 loops=1)
 Planning time: 0.207 ms
 Execution time: 364.699 ms
(11 rows)

===== 239 [Wed Mar  7 02:38:41 CET 2018] scale:1000000 groups:1000 work_mem:8MB incremental:off max_workers:0 =====
SELECT * FROM (SELECT * FROM s_3 ORDER BY a, b, c) foo ORDER BY a, b, c, d LIMIT 10000
                                                              QUERY PLAN                                                               
---------------------------------------------------------------------------------------------------------------------------------------
 Limit  (cost=220601.40..220601.40 rows=1 width=20) (actual time=380.416..380.416 rows=0 loops=1)
   ->  Limit  (cost=220476.40..220501.40 rows=10000 width=20) (actual time=379.210..380.142 rows=10000 loops=1)
         ->  Sort  (cost=220476.40..222976.40 rows=1000000 width=20) (actual time=379.210..379.600 rows=10000 loops=1)
               Sort Key: s_3.a, s_3.b, s_3.c, s_3.d
               Sort Method: top-N heapsort  Memory: 1550kB
               ->  Sort  (cost=136537.84..139037.84 rows=1000000 width=20) (actual time=209.829..308.565 rows=1000000 loops=1)
                     Sort Key: s_3.a, s_3.b, s_3.c
                     Sort Method: external merge  Disk: 29360kB
                     ->  Seq Scan on s_3  (cost=0.00..16370.00 rows=1000000 width=20) (actual time=0.013..51.204 rows=1000000 loops=1)
 Planning time: 0.218 ms
 Execution time: 384.390 ms
(11 rows)

===== 240 [Wed Mar  7 02:38:43 CET 2018] scale:1000000 groups:1000 work_mem:8MB incremental:off max_workers:0 =====
SELECT * FROM (SELECT * FROM s_4 ORDER BY a, b, c, d) foo ORDER BY a, b, c, d, e LIMIT 10000
                                                              QUERY PLAN                                                               
---------------------------------------------------------------------------------------------------------------------------------------
 Limit  (cost=220601.40..220601.40 rows=1 width=20) (actual time=380.747..380.747 rows=0 loops=1)
   ->  Limit  (cost=220476.40..220501.40 rows=10000 width=20) (actual time=379.538..380.469 rows=10000 loops=1)
         ->  Sort  (cost=220476.40..222976.40 rows=1000000 width=20) (actual time=379.537..379.925 rows=10000 loops=1)
               Sort Key: s_4.a, s_4.b, s_4.c, s_4.d, s_4.e
               Sort Method: top-N heapsort  Memory: 1550kB
               ->  Sort  (cost=136537.84..139037.84 rows=1000000 width=20) (actual time=210.202..308.934 rows=1000000 loops=1)
                     Sort Key: s_4.a, s_4.b, s_4.c, s_4.d
                     Sort Method: external merge  Disk: 29360kB
                     ->  Seq Scan on s_4  (cost=0.00..16370.00 rows=1000000 width=20) (actual time=0.011..51.210 rows=1000000 loops=1)
 Planning time: 0.216 ms
 Execution time: 384.747 ms
(11 rows)

===== 241 [Wed Mar  7 02:38:44 CET 2018] scale:1000000 groups:1000 work_mem:16MB incremental:on max_workers:0 =====
SELECT * FROM (SELECT * FROM s_1 ORDER BY a) foo ORDER BY a, b LIMIT 10000
                                                              QUERY PLAN                                                               
---------------------------------------------------------------------------------------------------------------------------------------
 Limit  (cost=136880.91..136880.91 rows=1 width=20) (actual time=198.053..198.053 rows=0 loops=1)
   ->  Limit  (cost=136600.10..136780.91 rows=10000 width=20) (actual time=193.290..197.768 rows=10000 loops=1)
         ->  Incremental Sort  (cost=136600.10..154681.08 rows=1000000 width=20) (actual time=193.290..197.225 rows=10000 loops=1)
               Sort Key: s_1.a, s_1.b
               Presorted Key: s_1.a
               Sort Method: quicksort  Memory: 131kB
               Sort Groups: 11
               ->  Sort  (cost=136537.84..139037.84 rows=1000000 width=20) (actual time=193.070..193.990 rows=10476 loops=1)
                     Sort Key: s_1.a
                     Sort Method: external merge  Disk: 29392kB
                     ->  Seq Scan on s_1  (cost=0.00..16370.00 rows=1000000 width=20) (actual time=0.010..52.369 rows=1000000 loops=1)
 Planning time: 0.211 ms
 Execution time: 202.366 ms
(13 rows)

===== 242 [Wed Mar  7 02:38:45 CET 2018] scale:1000000 groups:1000 work_mem:16MB incremental:on max_workers:0 =====
SELECT * FROM (SELECT * FROM s_2 ORDER BY a, b) foo ORDER BY a, b, c LIMIT 10000
                                                              QUERY PLAN                                                               
---------------------------------------------------------------------------------------------------------------------------------------
 Limit  (cost=136836.04..136836.04 rows=1 width=20) (actual time=213.539..213.539 rows=0 loops=1)
   ->  Limit  (cost=136538.13..136736.04 rows=10000 width=20) (actual time=209.843..213.258 rows=10000 loops=1)
         ->  Incremental Sort  (cost=136538.13..156328.94 rows=1000000 width=20) (actual time=209.842..212.711 rows=10000 loops=1)
               Sort Key: s_2.a, s_2.b, s_2.c
               Presorted Key: s_2.a, s_2.b
               Sort Method: quicksort  Memory: 27kB
               Sort Groups: 308
               ->  Sort  (cost=136537.84..139037.84 rows=1000000 width=20) (actual time=209.794..210.736 rows=10020 loops=1)
                     Sort Key: s_2.a, s_2.b
                     Sort Method: external merge  Disk: 29392kB
                     ->  Seq Scan on s_2  (cost=0.00..16370.00 rows=1000000 width=20) (actual time=0.010..52.396 rows=1000000 loops=1)
 Planning time: 0.216 ms
 Execution time: 217.754 ms
(13 rows)

===== 243 [Wed Mar  7 02:38:47 CET 2018] scale:1000000 groups:1000 work_mem:16MB incremental:on max_workers:0 =====
SELECT * FROM (SELECT * FROM s_3 ORDER BY a, b, c) foo ORDER BY a, b, c, d LIMIT 10000
                                                              QUERY PLAN                                                               
---------------------------------------------------------------------------------------------------------------------------------------
 Limit  (cost=136836.04..136836.04 rows=1 width=20) (actual time=221.227..221.227 rows=0 loops=1)
   ->  Limit  (cost=136538.13..136736.04 rows=10000 width=20) (actual time=218.165..220.951 rows=10000 loops=1)
         ->  Incremental Sort  (cost=136538.13..156328.94 rows=1000000 width=20) (actual time=218.164..220.406 rows=10000 loops=1)
               Sort Key: s_3.a, s_3.b, s_3.c, s_3.d
               Presorted Key: s_3.a, s_3.b, s_3.c
               Sort Method: quicksort  Memory: 27kB
               Sort Groups: 313
               ->  Sort  (cost=136537.84..139037.84 rows=1000000 width=20) (actual time=218.118..219.050 rows=10017 loops=1)
                     Sort Key: s_3.a, s_3.b, s_3.c
                     Sort Method: external merge  Disk: 29392kB
                     ->  Seq Scan on s_3  (cost=0.00..16370.00 rows=1000000 width=20) (actual time=0.014..52.134 rows=1000000 loops=1)
 Planning time: 0.220 ms
 Execution time: 225.451 ms
(13 rows)

===== 244 [Wed Mar  7 02:38:48 CET 2018] scale:1000000 groups:1000 work_mem:16MB incremental:on max_workers:0 =====
SELECT * FROM (SELECT * FROM s_4 ORDER BY a, b, c, d) foo ORDER BY a, b, c, d, e LIMIT 10000
                                                              QUERY PLAN                                                               
---------------------------------------------------------------------------------------------------------------------------------------
 Limit  (cost=136836.04..136836.04 rows=1 width=20) (actual time=221.002..221.002 rows=0 loops=1)
   ->  Limit  (cost=136538.13..136736.04 rows=10000 width=20) (actual time=217.940..220.728 rows=10000 loops=1)
         ->  Incremental Sort  (cost=136538.13..156328.94 rows=1000000 width=20) (actual time=217.940..220.181 rows=10000 loops=1)
               Sort Key: s_4.a, s_4.b, s_4.c, s_4.d, s_4.e
               Presorted Key: s_4.a, s_4.b, s_4.c, s_4.d
               Sort Method: quicksort  Memory: 27kB
               Sort Groups: 313
               ->  Sort  (cost=136537.84..139037.84 rows=1000000 width=20) (actual time=217.890..218.820 rows=10017 loops=1)
                     Sort Key: s_4.a, s_4.b, s_4.c, s_4.d
                     Sort Method: external merge  Disk: 29392kB
                     ->  Seq Scan on s_4  (cost=0.00..16370.00 rows=1000000 width=20) (actual time=0.011..52.156 rows=1000000 loops=1)
 Planning time: 0.226 ms
 Execution time: 225.220 ms
(13 rows)

===== 245 [Wed Mar  7 02:38:49 CET 2018] scale:1000000 groups:1000 work_mem:16MB incremental:off max_workers:0 =====
SELECT * FROM (SELECT * FROM s_1 ORDER BY a) foo ORDER BY a, b LIMIT 10000
                                                              QUERY PLAN                                                               
---------------------------------------------------------------------------------------------------------------------------------------
 Limit  (cost=220601.40..220601.40 rows=1 width=20) (actual time=349.701..349.701 rows=0 loops=1)
   ->  Limit  (cost=220476.40..220501.40 rows=10000 width=20) (actual time=348.487..349.430 rows=10000 loops=1)
         ->  Sort  (cost=220476.40..222976.40 rows=1000000 width=20) (actual time=348.486..348.886 rows=10000 loops=1)
               Sort Key: s_1.a, s_1.b
               Sort Method: top-N heapsort  Memory: 1575kB
               ->  Sort  (cost=136537.84..139037.84 rows=1000000 width=20) (actual time=193.288..283.394 rows=1000000 loops=1)
                     Sort Key: s_1.a
                     Sort Method: external merge  Disk: 29392kB
                     ->  Seq Scan on s_1  (cost=0.00..16370.00 rows=1000000 width=20) (actual time=0.010..52.189 rows=1000000 loops=1)
 Planning time: 0.204 ms
 Execution time: 354.029 ms
(11 rows)

===== 246 [Wed Mar  7 02:38:51 CET 2018] scale:1000000 groups:1000 work_mem:16MB incremental:off max_workers:0 =====
SELECT * FROM (SELECT * FROM s_2 ORDER BY a, b) foo ORDER BY a, b, c LIMIT 10000
                                                              QUERY PLAN                                                               
---------------------------------------------------------------------------------------------------------------------------------------
 Limit  (cost=220601.40..220601.40 rows=1 width=20) (actual time=366.693..366.693 rows=0 loops=1)
   ->  Limit  (cost=220476.40..220501.40 rows=10000 width=20) (actual time=365.481..366.418 rows=10000 loops=1)
         ->  Sort  (cost=220476.40..222976.40 rows=1000000 width=20) (actual time=365.480..365.868 rows=10000 loops=1)
               Sort Key: s_2.a, s_2.b, s_2.c
               Sort Method: top-N heapsort  Memory: 1550kB
               ->  Sort  (cost=136537.84..139037.84 rows=1000000 width=20) (actual time=209.554..299.707 rows=1000000 loops=1)
                     Sort Key: s_2.a, s_2.b
                     Sort Method: external merge  Disk: 29392kB
                     ->  Seq Scan on s_2  (cost=0.00..16370.00 rows=1000000 width=20) (actual time=0.011..52.234 rows=1000000 loops=1)
 Planning time: 0.207 ms
 Execution time: 371.006 ms
(11 rows)

===== 247 [Wed Mar  7 02:38:53 CET 2018] scale:1000000 groups:1000 work_mem:16MB incremental:off max_workers:0 =====
SELECT * FROM (SELECT * FROM s_3 ORDER BY a, b, c) foo ORDER BY a, b, c, d LIMIT 10000
                                                              QUERY PLAN                                                               
---------------------------------------------------------------------------------------------------------------------------------------
 Limit  (cost=220601.40..220601.40 rows=1 width=20) (actual time=386.588..386.588 rows=0 loops=1)
   ->  Limit  (cost=220476.40..220501.40 rows=10000 width=20) (actual time=385.381..386.311 rows=10000 loops=1)
         ->  Sort  (cost=220476.40..222976.40 rows=1000000 width=20) (actual time=385.380..385.768 rows=10000 loops=1)
               Sort Key: s_3.a, s_3.b, s_3.c, s_3.d
               Sort Method: top-N heapsort  Memory: 1550kB
               ->  Sort  (cost=136537.84..139037.84 rows=1000000 width=20) (actual time=218.032..314.959 rows=1000000 loops=1)
                     Sort Key: s_3.a, s_3.b, s_3.c
                     Sort Method: external merge  Disk: 29392kB
                     ->  Seq Scan on s_3  (cost=0.00..16370.00 rows=1000000 width=20) (actual time=0.013..51.796 rows=1000000 loops=1)
 Planning time: 0.215 ms
 Execution time: 390.910 ms
(11 rows)

===== 248 [Wed Mar  7 02:38:54 CET 2018] scale:1000000 groups:1000 work_mem:16MB incremental:off max_workers:0 =====
SELECT * FROM (SELECT * FROM s_4 ORDER BY a, b, c, d) foo ORDER BY a, b, c, d, e LIMIT 10000
                                                              QUERY PLAN                                                               
---------------------------------------------------------------------------------------------------------------------------------------
 Limit  (cost=220601.40..220601.40 rows=1 width=20) (actual time=386.347..386.347 rows=0 loops=1)
   ->  Limit  (cost=220476.40..220501.40 rows=10000 width=20) (actual time=385.141..386.072 rows=10000 loops=1)
         ->  Sort  (cost=220476.40..222976.40 rows=1000000 width=20) (actual time=385.141..385.530 rows=10000 loops=1)
               Sort Key: s_4.a, s_4.b, s_4.c, s_4.d, s_4.e
               Sort Method: top-N heapsort  Memory: 1550kB
               ->  Sort  (cost=136537.84..139037.84 rows=1000000 width=20) (actual time=217.766..314.712 rows=1000000 loops=1)
                     Sort Key: s_4.a, s_4.b, s_4.c, s_4.d
                     Sort Method: external merge  Disk: 29392kB
                     ->  Seq Scan on s_4  (cost=0.00..16370.00 rows=1000000 width=20) (actual time=0.011..51.766 rows=1000000 loops=1)
 Planning time: 0.217 ms
 Execution time: 390.660 ms
(11 rows)

===== 249 [Wed Mar  7 02:38:56 CET 2018] scale:1000000 groups:1000 work_mem:32MB incremental:on max_workers:0 =====
SELECT * FROM (SELECT * FROM s_1 ORDER BY a) foo ORDER BY a, b LIMIT 10000
                                                              QUERY PLAN                                                               
---------------------------------------------------------------------------------------------------------------------------------------
 Limit  (cost=136880.91..136880.91 rows=1 width=20) (actual time=213.793..213.793 rows=0 loops=1)
   ->  Limit  (cost=136600.10..136780.91 rows=10000 width=20) (actual time=209.035..213.518 rows=10000 loops=1)
         ->  Incremental Sort  (cost=136600.10..154681.08 rows=1000000 width=20) (actual time=209.034..212.968 rows=10000 loops=1)
               Sort Key: s_1.a, s_1.b
               Presorted Key: s_1.a
               Sort Method: quicksort  Memory: 131kB
               Sort Groups: 11
               ->  Sort  (cost=136537.84..139037.84 rows=1000000 width=20) (actual time=208.822..209.742 rows=10476 loops=1)
                     Sort Key: s_1.a
                     Sort Method: external merge  Disk: 29360kB
                     ->  Seq Scan on s_1  (cost=0.00..16370.00 rows=1000000 width=20) (actual time=0.010..53.669 rows=1000000 loops=1)
 Planning time: 0.211 ms
 Execution time: 217.679 ms
(13 rows)

===== 250 [Wed Mar  7 02:38:57 CET 2018] scale:1000000 groups:1000 work_mem:32MB incremental:on max_workers:0 =====
SELECT * FROM (SELECT * FROM s_2 ORDER BY a, b) foo ORDER BY a, b, c LIMIT 10000
                                                              QUERY PLAN                                                               
---------------------------------------------------------------------------------------------------------------------------------------
 Limit  (cost=136836.04..136836.04 rows=1 width=20) (actual time=228.434..228.434 rows=0 loops=1)
   ->  Limit  (cost=136538.13..136736.04 rows=10000 width=20) (actual time=224.721..228.160 rows=10000 loops=1)
         ->  Incremental Sort  (cost=136538.13..156328.94 rows=1000000 width=20) (actual time=224.721..227.609 rows=10000 loops=1)
               Sort Key: s_2.a, s_2.b, s_2.c
               Presorted Key: s_2.a, s_2.b
               Sort Method: quicksort  Memory: 27kB
               Sort Groups: 308
               ->  Sort  (cost=136537.84..139037.84 rows=1000000 width=20) (actual time=224.676..225.615 rows=10020 loops=1)
                     Sort Key: s_2.a, s_2.b
                     Sort Method: external merge  Disk: 29360kB
                     ->  Seq Scan on s_2  (cost=0.00..16370.00 rows=1000000 width=20) (actual time=0.010..53.803 rows=1000000 loops=1)
 Planning time: 0.220 ms
 Execution time: 233.397 ms
(13 rows)

===== 251 [Wed Mar  7 02:38:59 CET 2018] scale:1000000 groups:1000 work_mem:32MB incremental:on max_workers:0 =====
SELECT * FROM (SELECT * FROM s_3 ORDER BY a, b, c) foo ORDER BY a, b, c, d LIMIT 10000
                                                              QUERY PLAN                                                               
---------------------------------------------------------------------------------------------------------------------------------------
 Limit  (cost=136836.04..136836.04 rows=1 width=20) (actual time=236.044..236.044 rows=0 loops=1)
   ->  Limit  (cost=136538.13..136736.04 rows=10000 width=20) (actual time=232.955..235.759 rows=10000 loops=1)
         ->  Incremental Sort  (cost=136538.13..156328.94 rows=1000000 width=20) (actual time=232.954..235.214 rows=10000 loops=1)
               Sort Key: s_3.a, s_3.b, s_3.c, s_3.d
               Presorted Key: s_3.a, s_3.b, s_3.c
               Sort Method: quicksort  Memory: 27kB
               Sort Groups: 313
               ->  Sort  (cost=136537.84..139037.84 rows=1000000 width=20) (actual time=232.909..233.848 rows=10017 loops=1)
                     Sort Key: s_3.a, s_3.b, s_3.c
                     Sort Method: external merge  Disk: 29360kB
                     ->  Seq Scan on s_3  (cost=0.00..16370.00 rows=1000000 width=20) (actual time=0.014..53.571 rows=1000000 loops=1)
 Planning time: 0.229 ms
 Execution time: 241.040 ms
(13 rows)

===== 252 [Wed Mar  7 02:39:00 CET 2018] scale:1000000 groups:1000 work_mem:32MB incremental:on max_workers:0 =====
SELECT * FROM (SELECT * FROM s_4 ORDER BY a, b, c, d) foo ORDER BY a, b, c, d, e LIMIT 10000
                                                              QUERY PLAN                                                               
---------------------------------------------------------------------------------------------------------------------------------------
 Limit  (cost=136836.04..136836.04 rows=1 width=20) (actual time=235.962..235.962 rows=0 loops=1)
   ->  Limit  (cost=136538.13..136736.04 rows=10000 width=20) (actual time=232.880..235.682 rows=10000 loops=1)
         ->  Incremental Sort  (cost=136538.13..156328.94 rows=1000000 width=20) (actual time=232.880..235.137 rows=10000 loops=1)
               Sort Key: s_4.a, s_4.b, s_4.c, s_4.d, s_4.e
               Presorted Key: s_4.a, s_4.b, s_4.c, s_4.d
               Sort Method: quicksort  Memory: 27kB
               Sort Groups: 313
               ->  Sort  (cost=136537.84..139037.84 rows=1000000 width=20) (actual time=232.830..233.762 rows=10017 loops=1)
                     Sort Key: s_4.a, s_4.b, s_4.c, s_4.d
                     Sort Method: external merge  Disk: 29360kB
                     ->  Seq Scan on s_4  (cost=0.00..16370.00 rows=1000000 width=20) (actual time=0.011..53.515 rows=1000000 loops=1)
 Planning time: 0.227 ms
 Execution time: 240.952 ms
(13 rows)

===== 253 [Wed Mar  7 02:39:01 CET 2018] scale:1000000 groups:1000 work_mem:32MB incremental:off max_workers:0 =====
SELECT * FROM (SELECT * FROM s_1 ORDER BY a) foo ORDER BY a, b LIMIT 10000
                                                              QUERY PLAN                                                               
---------------------------------------------------------------------------------------------------------------------------------------
 Limit  (cost=220601.40..220601.40 rows=1 width=20) (actual time=361.143..361.143 rows=0 loops=1)
   ->  Limit  (cost=220476.40..220501.40 rows=10000 width=20) (actual time=359.917..360.868 rows=10000 loops=1)
         ->  Sort  (cost=220476.40..222976.40 rows=1000000 width=20) (actual time=359.916..360.319 rows=10000 loops=1)
               Sort Key: s_1.a, s_1.b
               Sort Method: top-N heapsort  Memory: 1575kB
               ->  Sort  (cost=136537.84..139037.84 rows=1000000 width=20) (actual time=207.871..295.317 rows=1000000 loops=1)
                     Sort Key: s_1.a
                     Sort Method: external merge  Disk: 29360kB
                     ->  Seq Scan on s_1  (cost=0.00..16370.00 rows=1000000 width=20) (actual time=0.010..53.414 rows=1000000 loops=1)
 Planning time: 0.205 ms
 Execution time: 365.717 ms
(11 rows)

===== 254 [Wed Mar  7 02:39:03 CET 2018] scale:1000000 groups:1000 work_mem:32MB incremental:off max_workers:0 =====
SELECT * FROM (SELECT * FROM s_2 ORDER BY a, b) foo ORDER BY a, b, c LIMIT 10000
                                                              QUERY PLAN                                                               
---------------------------------------------------------------------------------------------------------------------------------------
 Limit  (cost=220601.40..220601.40 rows=1 width=20) (actual time=379.277..379.277 rows=0 loops=1)
   ->  Limit  (cost=220476.40..220501.40 rows=10000 width=20) (actual time=378.072..379.006 rows=10000 loops=1)
         ->  Sort  (cost=220476.40..222976.40 rows=1000000 width=20) (actual time=378.071..378.459 rows=10000 loops=1)
               Sort Key: s_2.a, s_2.b, s_2.c
               Sort Method: top-N heapsort  Memory: 1550kB
               ->  Sort  (cost=136537.84..139037.84 rows=1000000 width=20) (actual time=225.390..312.866 rows=1000000 loops=1)
                     Sort Key: s_2.a, s_2.b
                     Sort Method: external merge  Disk: 29360kB
                     ->  Seq Scan on s_2  (cost=0.00..16370.00 rows=1000000 width=20) (actual time=0.010..53.530 rows=1000000 loops=1)
 Planning time: 0.209 ms
 Execution time: 383.853 ms
(11 rows)

===== 255 [Wed Mar  7 02:39:05 CET 2018] scale:1000000 groups:1000 work_mem:32MB incremental:off max_workers:0 =====
SELECT * FROM (SELECT * FROM s_3 ORDER BY a, b, c) foo ORDER BY a, b, c, d LIMIT 10000
                                                              QUERY PLAN                                                               
---------------------------------------------------------------------------------------------------------------------------------------
 Limit  (cost=220601.40..220601.40 rows=1 width=20) (actual time=399.440..399.440 rows=0 loops=1)
   ->  Limit  (cost=220476.40..220501.40 rows=10000 width=20) (actual time=398.239..399.170 rows=10000 loops=1)
         ->  Sort  (cost=220476.40..222976.40 rows=1000000 width=20) (actual time=398.238..398.628 rows=10000 loops=1)
               Sort Key: s_3.a, s_3.b, s_3.c, s_3.d
               Sort Method: top-N heapsort  Memory: 1550kB
               ->  Sort  (cost=136537.84..139037.84 rows=1000000 width=20) (actual time=232.602..326.728 rows=1000000 loops=1)
                     Sort Key: s_3.a, s_3.b, s_3.c
                     Sort Method: external merge  Disk: 29360kB
                     ->  Seq Scan on s_3  (cost=0.00..16370.00 rows=1000000 width=20) (actual time=0.014..53.240 rows=1000000 loops=1)
 Planning time: 0.215 ms
 Execution time: 404.027 ms
(11 rows)

===== 256 [Wed Mar  7 02:39:07 CET 2018] scale:1000000 groups:1000 work_mem:32MB incremental:off max_workers:0 =====
SELECT * FROM (SELECT * FROM s_4 ORDER BY a, b, c, d) foo ORDER BY a, b, c, d, e LIMIT 10000
                                                              QUERY PLAN                                                               
---------------------------------------------------------------------------------------------------------------------------------------
 Limit  (cost=220601.40..220601.40 rows=1 width=20) (actual time=399.174..399.174 rows=0 loops=1)
   ->  Limit  (cost=220476.40..220501.40 rows=10000 width=20) (actual time=397.962..398.896 rows=10000 loops=1)
         ->  Sort  (cost=220476.40..222976.40 rows=1000000 width=20) (actual time=397.961..398.351 rows=10000 loops=1)
               Sort Key: s_4.a, s_4.b, s_4.c, s_4.d, s_4.e
               Sort Method: top-N heapsort  Memory: 1550kB
               ->  Sort  (cost=136537.84..139037.84 rows=1000000 width=20) (actual time=232.384..326.446 rows=1000000 loops=1)
                     Sort Key: s_4.a, s_4.b, s_4.c, s_4.d
                     Sort Method: external merge  Disk: 29360kB
                     ->  Seq Scan on s_4  (cost=0.00..16370.00 rows=1000000 width=20) (actual time=0.011..53.178 rows=1000000 loops=1)
 Planning time: 0.218 ms
 Execution time: 403.721 ms
(11 rows)

===== 257 [Wed Mar  7 02:39:09 CET 2018] scale:1000000 groups:1000 work_mem:64MB incremental:on max_workers:0 =====
SELECT * FROM (SELECT * FROM s_1 ORDER BY a) foo ORDER BY a, b LIMIT 10000
                                                              QUERY PLAN                                                               
---------------------------------------------------------------------------------------------------------------------------------------
 Limit  (cost=116370.91..116370.91 rows=1 width=20) (actual time=230.007..230.007 rows=0 loops=1)
   ->  Limit  (cost=116090.10..116270.91 rows=10000 width=20) (actual time=225.318..229.724 rows=10000 loops=1)
         ->  Incremental Sort  (cost=116090.10..134171.08 rows=1000000 width=20) (actual time=225.318..229.179 rows=10000 loops=1)
               Sort Key: s_1.a, s_1.b
               Presorted Key: s_1.a
               Sort Method: quicksort  Memory: 131kB
               Sort Groups: 11
               ->  Sort  (cost=116027.84..118527.84 rows=1000000 width=20) (actual time=225.109..225.962 rows=10476 loops=1)
                     Sort Key: s_1.a
                     Sort Method: external merge  Disk: 29360kB
                     ->  Seq Scan on s_1  (cost=0.00..16370.00 rows=1000000 width=20) (actual time=0.010..55.611 rows=1000000 loops=1)
 Planning time: 0.217 ms
 Execution time: 234.657 ms
(13 rows)

===== 258 [Wed Mar  7 02:39:10 CET 2018] scale:1000000 groups:1000 work_mem:64MB incremental:on max_workers:0 =====
SELECT * FROM (SELECT * FROM s_2 ORDER BY a, b) foo ORDER BY a, b, c LIMIT 10000
                                                              QUERY PLAN                                                               
---------------------------------------------------------------------------------------------------------------------------------------
 Limit  (cost=116326.04..116326.04 rows=1 width=20) (actual time=246.087..246.087 rows=0 loops=1)
   ->  Limit  (cost=116028.13..116226.04 rows=10000 width=20) (actual time=242.460..245.804 rows=10000 loops=1)
         ->  Incremental Sort  (cost=116028.13..135818.94 rows=1000000 width=20) (actual time=242.460..245.257 rows=10000 loops=1)
               Sort Key: s_2.a, s_2.b, s_2.c
               Presorted Key: s_2.a, s_2.b
               Sort Method: quicksort  Memory: 27kB
               Sort Groups: 308
               ->  Sort  (cost=116027.84..118527.84 rows=1000000 width=20) (actual time=242.412..243.284 rows=10020 loops=1)
                     Sort Key: s_2.a, s_2.b
                     Sort Method: external merge  Disk: 29360kB
                     ->  Seq Scan on s_2  (cost=0.00..16370.00 rows=1000000 width=20) (actual time=0.010..55.643 rows=1000000 loops=1)
 Planning time: 0.216 ms
 Execution time: 250.749 ms
(13 rows)

===== 259 [Wed Mar  7 02:39:11 CET 2018] scale:1000000 groups:1000 work_mem:64MB incremental:on max_workers:0 =====
SELECT * FROM (SELECT * FROM s_3 ORDER BY a, b, c) foo ORDER BY a, b, c, d LIMIT 10000
                                                              QUERY PLAN                                                               
---------------------------------------------------------------------------------------------------------------------------------------
 Limit  (cost=116326.04..116326.04 rows=1 width=20) (actual time=253.105..253.105 rows=0 loops=1)
   ->  Limit  (cost=116028.13..116226.04 rows=10000 width=20) (actual time=250.096..252.832 rows=10000 loops=1)
         ->  Incremental Sort  (cost=116028.13..135818.94 rows=1000000 width=20) (actual time=250.096..252.282 rows=10000 loops=1)
               Sort Key: s_3.a, s_3.b, s_3.c, s_3.d
               Presorted Key: s_3.a, s_3.b, s_3.c
               Sort Method: quicksort  Memory: 27kB
               Sort Groups: 313
               ->  Sort  (cost=116027.84..118527.84 rows=1000000 width=20) (actual time=250.047..250.919 rows=10017 loops=1)
                     Sort Key: s_3.a, s_3.b, s_3.c
                     Sort Method: external merge  Disk: 29360kB
                     ->  Seq Scan on s_3  (cost=0.00..16370.00 rows=1000000 width=20) (actual time=0.013..55.410 rows=1000000 loops=1)
 Planning time: 0.221 ms
 Execution time: 257.768 ms
(13 rows)

===== 260 [Wed Mar  7 02:39:13 CET 2018] scale:1000000 groups:1000 work_mem:64MB incremental:on max_workers:0 =====
SELECT * FROM (SELECT * FROM s_4 ORDER BY a, b, c, d) foo ORDER BY a, b, c, d, e LIMIT 10000
                                                              QUERY PLAN                                                               
---------------------------------------------------------------------------------------------------------------------------------------
 Limit  (cost=116326.04..116326.04 rows=1 width=20) (actual time=253.610..253.610 rows=0 loops=1)
   ->  Limit  (cost=116028.13..116226.04 rows=10000 width=20) (actual time=250.606..253.334 rows=10000 loops=1)
         ->  Incremental Sort  (cost=116028.13..135818.94 rows=1000000 width=20) (actual time=250.606..252.789 rows=10000 loops=1)
               Sort Key: s_4.a, s_4.b, s_4.c, s_4.d, s_4.e
               Presorted Key: s_4.a, s_4.b, s_4.c, s_4.d
               Sort Method: quicksort  Memory: 27kB
               Sort Groups: 313
               ->  Sort  (cost=116027.84..118527.84 rows=1000000 width=20) (actual time=250.555..251.422 rows=10017 loops=1)
                     Sort Key: s_4.a, s_4.b, s_4.c, s_4.d
                     Sort Method: external merge  Disk: 29360kB
                     ->  Seq Scan on s_4  (cost=0.00..16370.00 rows=1000000 width=20) (actual time=0.011..55.431 rows=1000000 loops=1)
 Planning time: 0.232 ms
 Execution time: 258.281 ms
(13 rows)

===== 261 [Wed Mar  7 02:39:14 CET 2018] scale:1000000 groups:1000 work_mem:64MB incremental:off max_workers:0 =====
SELECT * FROM (SELECT * FROM s_1 ORDER BY a) foo ORDER BY a, b LIMIT 10000
                                                              QUERY PLAN                                                               
---------------------------------------------------------------------------------------------------------------------------------------
 Limit  (cost=200091.40..200091.40 rows=1 width=20) (actual time=373.336..373.336 rows=0 loops=1)
   ->  Limit  (cost=199966.40..199991.40 rows=10000 width=20) (actual time=372.112..373.061 rows=10000 loops=1)
         ->  Sort  (cost=199966.40..202466.40 rows=1000000 width=20) (actual time=372.112..372.512 rows=10000 loops=1)
               Sort Key: s_1.a, s_1.b
               Sort Method: top-N heapsort  Memory: 1575kB
               ->  Sort  (cost=116027.84..118527.84 rows=1000000 width=20) (actual time=225.757..307.560 rows=1000000 loops=1)
                     Sort Key: s_1.a
                     Sort Method: external merge  Disk: 29360kB
                     ->  Seq Scan on s_1  (cost=0.00..16370.00 rows=1000000 width=20) (actual time=0.010..55.211 rows=1000000 loops=1)
 Planning time: 0.202 ms
 Execution time: 376.838 ms
(11 rows)

===== 262 [Wed Mar  7 02:39:16 CET 2018] scale:1000000 groups:1000 work_mem:64MB incremental:off max_workers:0 =====
SELECT * FROM (SELECT * FROM s_2 ORDER BY a, b) foo ORDER BY a, b, c LIMIT 10000
                                                              QUERY PLAN                                                               
---------------------------------------------------------------------------------------------------------------------------------------
 Limit  (cost=200091.40..200091.40 rows=1 width=20) (actual time=390.296..390.296 rows=0 loops=1)
   ->  Limit  (cost=199966.40..199991.40 rows=10000 width=20) (actual time=389.093..390.025 rows=10000 loops=1)
         ->  Sort  (cost=199966.40..202466.40 rows=1000000 width=20) (actual time=389.092..389.479 rows=10000 loops=1)
               Sort Key: s_2.a, s_2.b, s_2.c
               Sort Method: top-N heapsort  Memory: 1550kB
               ->  Sort  (cost=116027.84..118527.84 rows=1000000 width=20) (actual time=242.033..323.870 rows=1000000 loops=1)
                     Sort Key: s_2.a, s_2.b
                     Sort Method: external merge  Disk: 29360kB
                     ->  Seq Scan on s_2  (cost=0.00..16370.00 rows=1000000 width=20) (actual time=0.010..55.305 rows=1000000 loops=1)
 Planning time: 0.210 ms
 Execution time: 393.787 ms
(11 rows)

===== 263 [Wed Mar  7 02:39:18 CET 2018] scale:1000000 groups:1000 work_mem:64MB incremental:off max_workers:0 =====
SELECT * FROM (SELECT * FROM s_3 ORDER BY a, b, c) foo ORDER BY a, b, c, d LIMIT 10000
                                                              QUERY PLAN                                                               
---------------------------------------------------------------------------------------------------------------------------------------
 Limit  (cost=200091.40..200091.40 rows=1 width=20) (actual time=408.898..408.898 rows=0 loops=1)
   ->  Limit  (cost=199966.40..199991.40 rows=10000 width=20) (actual time=407.689..408.624 rows=10000 loops=1)
         ->  Sort  (cost=199966.40..202466.40 rows=1000000 width=20) (actual time=407.688..408.077 rows=10000 loops=1)
               Sort Key: s_3.a, s_3.b, s_3.c, s_3.d
               Sort Method: top-N heapsort  Memory: 1550kB
               ->  Sort  (cost=116027.84..118527.84 rows=1000000 width=20) (actual time=249.759..338.529 rows=1000000 loops=1)
                     Sort Key: s_3.a, s_3.b, s_3.c
                     Sort Method: external merge  Disk: 29360kB
                     ->  Seq Scan on s_3  (cost=0.00..16370.00 rows=1000000 width=20) (actual time=0.014..54.940 rows=1000000 loops=1)
 Planning time: 0.221 ms
 Execution time: 412.389 ms
(11 rows)

===== 264 [Wed Mar  7 02:39:20 CET 2018] scale:1000000 groups:1000 work_mem:64MB incremental:off max_workers:0 =====
SELECT * FROM (SELECT * FROM s_4 ORDER BY a, b, c, d) foo ORDER BY a, b, c, d, e LIMIT 10000
                                                              QUERY PLAN                                                               
---------------------------------------------------------------------------------------------------------------------------------------
 Limit  (cost=200091.40..200091.40 rows=1 width=20) (actual time=409.068..409.068 rows=0 loops=1)
   ->  Limit  (cost=199966.40..199991.40 rows=10000 width=20) (actual time=407.867..408.797 rows=10000 loops=1)
         ->  Sort  (cost=199966.40..202466.40 rows=1000000 width=20) (actual time=407.866..408.255 rows=10000 loops=1)
               Sort Key: s_4.a, s_4.b, s_4.c, s_4.d, s_4.e
               Sort Method: top-N heapsort  Memory: 1550kB
               ->  Sort  (cost=116027.84..118527.84 rows=1000000 width=20) (actual time=249.973..338.652 rows=1000000 loops=1)
                     Sort Key: s_4.a, s_4.b, s_4.c, s_4.d
                     Sort Method: external merge  Disk: 29360kB
                     ->  Seq Scan on s_4  (cost=0.00..16370.00 rows=1000000 width=20) (actual time=0.010..54.996 rows=1000000 loops=1)
 Planning time: 0.217 ms
 Execution time: 412.566 ms
(11 rows)

===== 265 [Wed Mar  7 02:39:22 CET 2018] scale:1000000 groups:1000 work_mem:128MB incremental:on max_workers:0 =====
SELECT * FROM (SELECT * FROM s_1 ORDER BY a) foo ORDER BY a, b LIMIT 10000
                                                              QUERY PLAN                                                               
---------------------------------------------------------------------------------------------------------------------------------------
 Limit  (cost=116370.91..116370.91 rows=1 width=20) (actual time=167.776..167.776 rows=0 loops=1)
   ->  Limit  (cost=116090.10..116270.91 rows=10000 width=20) (actual time=163.437..167.503 rows=10000 loops=1)
         ->  Incremental Sort  (cost=116090.10..134171.08 rows=1000000 width=20) (actual time=163.436..166.954 rows=10000 loops=1)
               Sort Key: s_1.a, s_1.b
               Presorted Key: s_1.a
               Sort Method: quicksort  Memory: 131kB
               Sort Groups: 11
               ->  Sort  (cost=116027.84..118527.84 rows=1000000 width=20) (actual time=163.240..163.614 rows=10476 loops=1)
                     Sort Key: s_1.a
                     Sort Method: quicksort  Memory: 102702kB
                     ->  Seq Scan on s_1  (cost=0.00..16370.00 rows=1000000 width=20) (actual time=0.010..55.774 rows=1000000 loops=1)
 Planning time: 0.215 ms
 Execution time: 171.830 ms
(13 rows)

===== 266 [Wed Mar  7 02:39:23 CET 2018] scale:1000000 groups:1000 work_mem:128MB incremental:on max_workers:0 =====
SELECT * FROM (SELECT * FROM s_2 ORDER BY a, b) foo ORDER BY a, b, c LIMIT 10000
                                                              QUERY PLAN                                                               
---------------------------------------------------------------------------------------------------------------------------------------
 Limit  (cost=116326.04..116326.04 rows=1 width=20) (actual time=183.098..183.098 rows=0 loops=1)
   ->  Limit  (cost=116028.13..116226.04 rows=10000 width=20) (actual time=179.833..182.823 rows=10000 loops=1)
         ->  Incremental Sort  (cost=116028.13..135818.94 rows=1000000 width=20) (actual time=179.832..182.272 rows=10000 loops=1)
               Sort Key: s_2.a, s_2.b, s_2.c
               Presorted Key: s_2.a, s_2.b
               Sort Method: quicksort  Memory: 27kB
               Sort Groups: 308
               ->  Sort  (cost=116027.84..118527.84 rows=1000000 width=20) (actual time=179.781..180.212 rows=10020 loops=1)
                     Sort Key: s_2.a, s_2.b
                     Sort Method: quicksort  Memory: 102702kB
                     ->  Seq Scan on s_2  (cost=0.00..16370.00 rows=1000000 width=20) (actual time=0.010..55.830 rows=1000000 loops=1)
 Planning time: 0.215 ms
 Execution time: 187.160 ms
(13 rows)

===== 267 [Wed Mar  7 02:39:24 CET 2018] scale:1000000 groups:1000 work_mem:128MB incremental:on max_workers:0 =====
SELECT * FROM (SELECT * FROM s_3 ORDER BY a, b, c) foo ORDER BY a, b, c, d LIMIT 10000
                                                              QUERY PLAN                                                               
---------------------------------------------------------------------------------------------------------------------------------------
 Limit  (cost=116326.04..116326.04 rows=1 width=20) (actual time=189.414..189.414 rows=0 loops=1)
   ->  Limit  (cost=116028.13..116226.04 rows=10000 width=20) (actual time=186.757..189.129 rows=10000 loops=1)
         ->  Incremental Sort  (cost=116028.13..135818.94 rows=1000000 width=20) (actual time=186.756..188.584 rows=10000 loops=1)
               Sort Key: s_3.a, s_3.b, s_3.c, s_3.d
               Presorted Key: s_3.a, s_3.b, s_3.c
               Sort Method: quicksort  Memory: 27kB
               Sort Groups: 313
               ->  Sort  (cost=116027.84..118527.84 rows=1000000 width=20) (actual time=186.715..187.118 rows=10017 loops=1)
                     Sort Key: s_3.a, s_3.b, s_3.c
                     Sort Method: quicksort  Memory: 102702kB
                     ->  Seq Scan on s_3  (cost=0.00..16370.00 rows=1000000 width=20) (actual time=0.013..55.713 rows=1000000 loops=1)
 Planning time: 0.220 ms
 Execution time: 193.478 ms
(13 rows)

===== 268 [Wed Mar  7 02:39:25 CET 2018] scale:1000000 groups:1000 work_mem:128MB incremental:on max_workers:0 =====
SELECT * FROM (SELECT * FROM s_4 ORDER BY a, b, c, d) foo ORDER BY a, b, c, d, e LIMIT 10000
                                                              QUERY PLAN                                                               
---------------------------------------------------------------------------------------------------------------------------------------
 Limit  (cost=116326.04..116326.04 rows=1 width=20) (actual time=189.242..189.242 rows=0 loops=1)
   ->  Limit  (cost=116028.13..116226.04 rows=10000 width=20) (actual time=186.581..188.957 rows=10000 loops=1)
         ->  Incremental Sort  (cost=116028.13..135818.94 rows=1000000 width=20) (actual time=186.581..188.405 rows=10000 loops=1)
               Sort Key: s_4.a, s_4.b, s_4.c, s_4.d, s_4.e
               Presorted Key: s_4.a, s_4.b, s_4.c, s_4.d
               Sort Method: quicksort  Memory: 27kB
               Sort Groups: 313
               ->  Sort  (cost=116027.84..118527.84 rows=1000000 width=20) (actual time=186.535..186.938 rows=10017 loops=1)
                     Sort Key: s_4.a, s_4.b, s_4.c, s_4.d
                     Sort Method: quicksort  Memory: 102702kB
                     ->  Seq Scan on s_4  (cost=0.00..16370.00 rows=1000000 width=20) (actual time=0.011..55.687 rows=1000000 loops=1)
 Planning time: 0.231 ms
 Execution time: 193.298 ms
(13 rows)

===== 269 [Wed Mar  7 02:39:26 CET 2018] scale:1000000 groups:1000 work_mem:128MB incremental:off max_workers:0 =====
SELECT * FROM (SELECT * FROM s_1 ORDER BY a) foo ORDER BY a, b LIMIT 10000
                                                              QUERY PLAN                                                               
---------------------------------------------------------------------------------------------------------------------------------------
 Limit  (cost=200091.40..200091.40 rows=1 width=20) (actual time=271.300..271.300 rows=0 loops=1)
   ->  Limit  (cost=199966.40..199991.40 rows=10000 width=20) (actual time=270.076..271.024 rows=10000 loops=1)
         ->  Sort  (cost=199966.40..202466.40 rows=1000000 width=20) (actual time=270.076..270.476 rows=10000 loops=1)
               Sort Key: s_1.a, s_1.b
               Sort Method: top-N heapsort  Memory: 1575kB
               ->  Sort  (cost=116027.84..118527.84 rows=1000000 width=20) (actual time=162.849..197.944 rows=1000000 loops=1)
                     Sort Key: s_1.a
                     Sort Method: quicksort  Memory: 102702kB
                     ->  Seq Scan on s_1  (cost=0.00..16370.00 rows=1000000 width=20) (actual time=0.010..55.453 rows=1000000 loops=1)
 Planning time: 0.199 ms
 Execution time: 275.446 ms
(11 rows)

===== 270 [Wed Mar  7 02:39:27 CET 2018] scale:1000000 groups:1000 work_mem:128MB incremental:off max_workers:0 =====
SELECT * FROM (SELECT * FROM s_2 ORDER BY a, b) foo ORDER BY a, b, c LIMIT 10000
                                                              QUERY PLAN                                                               
---------------------------------------------------------------------------------------------------------------------------------------
 Limit  (cost=200091.40..200091.40 rows=1 width=20) (actual time=288.277..288.277 rows=0 loops=1)
   ->  Limit  (cost=199966.40..199991.40 rows=10000 width=20) (actual time=287.064..288.003 rows=10000 loops=1)
         ->  Sort  (cost=199966.40..202466.40 rows=1000000 width=20) (actual time=287.063..287.454 rows=10000 loops=1)
               Sort Key: s_2.a, s_2.b, s_2.c
               Sort Method: top-N heapsort  Memory: 1550kB
               ->  Sort  (cost=116027.84..118527.84 rows=1000000 width=20) (actual time=179.285..214.387 rows=1000000 loops=1)
                     Sort Key: s_2.a, s_2.b
                     Sort Method: quicksort  Memory: 102702kB
                     ->  Seq Scan on s_2  (cost=0.00..16370.00 rows=1000000 width=20) (actual time=0.010..55.475 rows=1000000 loops=1)
 Planning time: 0.210 ms
 Execution time: 292.416 ms
(11 rows)

===== 271 [Wed Mar  7 02:39:28 CET 2018] scale:1000000 groups:1000 work_mem:128MB incremental:off max_workers:0 =====
SELECT * FROM (SELECT * FROM s_3 ORDER BY a, b, c) foo ORDER BY a, b, c, d LIMIT 10000
                                                              QUERY PLAN                                                               
---------------------------------------------------------------------------------------------------------------------------------------
 Limit  (cost=200091.40..200091.40 rows=1 width=20) (actual time=299.888..299.888 rows=0 loops=1)
   ->  Limit  (cost=199966.40..199991.40 rows=10000 width=20) (actual time=298.681..299.615 rows=10000 loops=1)
         ->  Sort  (cost=199966.40..202466.40 rows=1000000 width=20) (actual time=298.680..299.068 rows=10000 loops=1)
               Sort Key: s_3.a, s_3.b, s_3.c, s_3.d
               Sort Method: top-N heapsort  Memory: 1550kB
               ->  Sort  (cost=116027.84..118527.84 rows=1000000 width=20) (actual time=185.944..221.217 rows=1000000 loops=1)
                     Sort Key: s_3.a, s_3.b, s_3.c
                     Sort Method: quicksort  Memory: 102702kB
                     ->  Seq Scan on s_3  (cost=0.00..16370.00 rows=1000000 width=20) (actual time=0.013..55.306 rows=1000000 loops=1)
 Planning time: 0.210 ms
 Execution time: 304.015 ms
(11 rows)

===== 272 [Wed Mar  7 02:39:30 CET 2018] scale:1000000 groups:1000 work_mem:128MB incremental:off max_workers:0 =====
SELECT * FROM (SELECT * FROM s_4 ORDER BY a, b, c, d) foo ORDER BY a, b, c, d, e LIMIT 10000
                                                              QUERY PLAN                                                               
---------------------------------------------------------------------------------------------------------------------------------------
 Limit  (cost=200091.40..200091.40 rows=1 width=20) (actual time=299.974..299.974 rows=0 loops=1)
   ->  Limit  (cost=199966.40..199991.40 rows=10000 width=20) (actual time=298.777..299.708 rows=10000 loops=1)
         ->  Sort  (cost=199966.40..202466.40 rows=1000000 width=20) (actual time=298.777..299.165 rows=10000 loops=1)
               Sort Key: s_4.a, s_4.b, s_4.c, s_4.d, s_4.e
               Sort Method: top-N heapsort  Memory: 1550kB
               ->  Sort  (cost=116027.84..118527.84 rows=1000000 width=20) (actual time=186.026..221.301 rows=1000000 loops=1)
                     Sort Key: s_4.a, s_4.b, s_4.c, s_4.d
                     Sort Method: quicksort  Memory: 102702kB
                     ->  Seq Scan on s_4  (cost=0.00..16370.00 rows=1000000 width=20) (actual time=0.011..55.318 rows=1000000 loops=1)
 Planning time: 0.220 ms
 Execution time: 304.117 ms
(11 rows)

===== 273 [Wed Mar  7 02:39:31 CET 2018] scale:1000000 groups:1000 work_mem:256MB incremental:on max_workers:0 =====
SELECT * FROM (SELECT * FROM s_1 ORDER BY a) foo ORDER BY a, b LIMIT 10000
                                                              QUERY PLAN                                                               
---------------------------------------------------------------------------------------------------------------------------------------
 Limit  (cost=116370.91..116370.91 rows=1 width=20) (actual time=168.073..168.073 rows=0 loops=1)
   ->  Limit  (cost=116090.10..116270.91 rows=10000 width=20) (actual time=163.729..167.800 rows=10000 loops=1)
         ->  Incremental Sort  (cost=116090.10..134171.08 rows=1000000 width=20) (actual time=163.729..167.250 rows=10000 loops=1)
               Sort Key: s_1.a, s_1.b
               Presorted Key: s_1.a
               Sort Method: quicksort  Memory: 131kB
               Sort Groups: 11
               ->  Sort  (cost=116027.84..118527.84 rows=1000000 width=20) (actual time=163.533..163.908 rows=10476 loops=1)
                     Sort Key: s_1.a
                     Sort Method: quicksort  Memory: 102702kB
                     ->  Seq Scan on s_1  (cost=0.00..16370.00 rows=1000000 width=20) (actual time=0.010..55.796 rows=1000000 loops=1)
 Planning time: 0.209 ms
 Execution time: 172.133 ms
(13 rows)

===== 274 [Wed Mar  7 02:39:32 CET 2018] scale:1000000 groups:1000 work_mem:256MB incremental:on max_workers:0 =====
SELECT * FROM (SELECT * FROM s_2 ORDER BY a, b) foo ORDER BY a, b, c LIMIT 10000
                                                              QUERY PLAN                                                               
---------------------------------------------------------------------------------------------------------------------------------------
 Limit  (cost=116326.04..116326.04 rows=1 width=20) (actual time=183.216..183.216 rows=0 loops=1)
   ->  Limit  (cost=116028.13..116226.04 rows=10000 width=20) (actual time=179.956..182.939 rows=10000 loops=1)
         ->  Incremental Sort  (cost=116028.13..135818.94 rows=1000000 width=20) (actual time=179.956..182.387 rows=10000 loops=1)
               Sort Key: s_2.a, s_2.b, s_2.c
               Presorted Key: s_2.a, s_2.b
               Sort Method: quicksort  Memory: 27kB
               Sort Groups: 308
               ->  Sort  (cost=116027.84..118527.84 rows=1000000 width=20) (actual time=179.912..180.339 rows=10020 loops=1)
                     Sort Key: s_2.a, s_2.b
                     Sort Method: quicksort  Memory: 102702kB
                     ->  Seq Scan on s_2  (cost=0.00..16370.00 rows=1000000 width=20) (actual time=0.010..55.859 rows=1000000 loops=1)
 Planning time: 0.225 ms
 Execution time: 187.271 ms
(13 rows)

===== 275 [Wed Mar  7 02:39:33 CET 2018] scale:1000000 groups:1000 work_mem:256MB incremental:on max_workers:0 =====
SELECT * FROM (SELECT * FROM s_3 ORDER BY a, b, c) foo ORDER BY a, b, c, d LIMIT 10000
                                                              QUERY PLAN                                                               
---------------------------------------------------------------------------------------------------------------------------------------
 Limit  (cost=116326.04..116326.04 rows=1 width=20) (actual time=188.994..188.994 rows=0 loops=1)
   ->  Limit  (cost=116028.13..116226.04 rows=10000 width=20) (actual time=186.341..188.710 rows=10000 loops=1)
         ->  Incremental Sort  (cost=116028.13..135818.94 rows=1000000 width=20) (actual time=186.340..188.161 rows=10000 loops=1)
               Sort Key: s_3.a, s_3.b, s_3.c, s_3.d
               Presorted Key: s_3.a, s_3.b, s_3.c
               Sort Method: quicksort  Memory: 27kB
               Sort Groups: 313
               ->  Sort  (cost=116027.84..118527.84 rows=1000000 width=20) (actual time=186.298..186.702 rows=10017 loops=1)
                     Sort Key: s_3.a, s_3.b, s_3.c
                     Sort Method: quicksort  Memory: 102702kB
                     ->  Seq Scan on s_3  (cost=0.00..16370.00 rows=1000000 width=20) (actual time=0.013..55.640 rows=1000000 loops=1)
 Planning time: 0.221 ms
 Execution time: 193.049 ms
(13 rows)

===== 276 [Wed Mar  7 02:39:34 CET 2018] scale:1000000 groups:1000 work_mem:256MB incremental:on max_workers:0 =====
SELECT * FROM (SELECT * FROM s_4 ORDER BY a, b, c, d) foo ORDER BY a, b, c, d, e LIMIT 10000
                                                              QUERY PLAN                                                               
---------------------------------------------------------------------------------------------------------------------------------------
 Limit  (cost=116326.04..116326.04 rows=1 width=20) (actual time=189.083..189.083 rows=0 loops=1)
   ->  Limit  (cost=116028.13..116226.04 rows=10000 width=20) (actual time=186.426..188.799 rows=10000 loops=1)
         ->  Incremental Sort  (cost=116028.13..135818.94 rows=1000000 width=20) (actual time=186.425..188.254 rows=10000 loops=1)
               Sort Key: s_4.a, s_4.b, s_4.c, s_4.d, s_4.e
               Presorted Key: s_4.a, s_4.b, s_4.c, s_4.d
               Sort Method: quicksort  Memory: 27kB
               Sort Groups: 313
               ->  Sort  (cost=116027.84..118527.84 rows=1000000 width=20) (actual time=186.379..186.782 rows=10017 loops=1)
                     Sort Key: s_4.a, s_4.b, s_4.c, s_4.d
                     Sort Method: quicksort  Memory: 102702kB
                     ->  Seq Scan on s_4  (cost=0.00..16370.00 rows=1000000 width=20) (actual time=0.012..55.688 rows=1000000 loops=1)
 Planning time: 0.228 ms
 Execution time: 193.152 ms
(13 rows)

===== 277 [Wed Mar  7 02:39:35 CET 2018] scale:1000000 groups:1000 work_mem:256MB incremental:off max_workers:0 =====
SELECT * FROM (SELECT * FROM s_1 ORDER BY a) foo ORDER BY a, b LIMIT 10000
                                                              QUERY PLAN                                                               
---------------------------------------------------------------------------------------------------------------------------------------
 Limit  (cost=200091.40..200091.40 rows=1 width=20) (actual time=271.026..271.026 rows=0 loops=1)
   ->  Limit  (cost=199966.40..199991.40 rows=10000 width=20) (actual time=269.802..270.751 rows=10000 loops=1)
         ->  Sort  (cost=199966.40..202466.40 rows=1000000 width=20) (actual time=269.801..270.202 rows=10000 loops=1)
               Sort Key: s_1.a, s_1.b
               Sort Method: top-N heapsort  Memory: 1575kB
               ->  Sort  (cost=116027.84..118527.84 rows=1000000 width=20) (actual time=162.569..197.696 rows=1000000 loops=1)
                     Sort Key: s_1.a
                     Sort Method: quicksort  Memory: 102702kB
                     ->  Seq Scan on s_1  (cost=0.00..16370.00 rows=1000000 width=20) (actual time=0.010..55.459 rows=1000000 loops=1)
 Planning time: 0.202 ms
 Execution time: 275.180 ms
(11 rows)

===== 278 [Wed Mar  7 02:39:36 CET 2018] scale:1000000 groups:1000 work_mem:256MB incremental:off max_workers:0 =====
SELECT * FROM (SELECT * FROM s_2 ORDER BY a, b) foo ORDER BY a, b, c LIMIT 10000
                                                              QUERY PLAN                                                               
---------------------------------------------------------------------------------------------------------------------------------------
 Limit  (cost=200091.40..200091.40 rows=1 width=20) (actual time=288.399..288.399 rows=0 loops=1)
   ->  Limit  (cost=199966.40..199991.40 rows=10000 width=20) (actual time=287.187..288.123 rows=10000 loops=1)
         ->  Sort  (cost=199966.40..202466.40 rows=1000000 width=20) (actual time=287.186..287.575 rows=10000 loops=1)
               Sort Key: s_2.a, s_2.b, s_2.c
               Sort Method: top-N heapsort  Memory: 1550kB
               ->  Sort  (cost=116027.84..118527.84 rows=1000000 width=20) (actual time=179.339..214.449 rows=1000000 loops=1)
                     Sort Key: s_2.a, s_2.b
                     Sort Method: quicksort  Memory: 102702kB
                     ->  Seq Scan on s_2  (cost=0.00..16370.00 rows=1000000 width=20) (actual time=0.010..55.499 rows=1000000 loops=1)
 Planning time: 0.210 ms
 Execution time: 292.542 ms
(11 rows)

===== 279 [Wed Mar  7 02:39:38 CET 2018] scale:1000000 groups:1000 work_mem:256MB incremental:off max_workers:0 =====
SELECT * FROM (SELECT * FROM s_3 ORDER BY a, b, c) foo ORDER BY a, b, c, d LIMIT 10000
                                                              QUERY PLAN                                                               
---------------------------------------------------------------------------------------------------------------------------------------
 Limit  (cost=200091.40..200091.40 rows=1 width=20) (actual time=299.736..299.736 rows=0 loops=1)
   ->  Limit  (cost=199966.40..199991.40 rows=10000 width=20) (actual time=298.529..299.459 rows=10000 loops=1)
         ->  Sort  (cost=199966.40..202466.40 rows=1000000 width=20) (actual time=298.529..298.916 rows=10000 loops=1)
               Sort Key: s_3.a, s_3.b, s_3.c, s_3.d
               Sort Method: top-N heapsort  Memory: 1550kB
               ->  Sort  (cost=116027.84..118527.84 rows=1000000 width=20) (actual time=185.834..221.077 rows=1000000 loops=1)
                     Sort Key: s_3.a, s_3.b, s_3.c
                     Sort Method: quicksort  Memory: 102702kB
                     ->  Seq Scan on s_3  (cost=0.00..16370.00 rows=1000000 width=20) (actual time=0.013..55.285 rows=1000000 loops=1)
 Planning time: 0.212 ms
 Execution time: 303.866 ms
(11 rows)

===== 280 [Wed Mar  7 02:39:39 CET 2018] scale:1000000 groups:1000 work_mem:256MB incremental:off max_workers:0 =====
SELECT * FROM (SELECT * FROM s_4 ORDER BY a, b, c, d) foo ORDER BY a, b, c, d, e LIMIT 10000
                                                              QUERY PLAN                                                               
---------------------------------------------------------------------------------------------------------------------------------------
 Limit  (cost=200091.40..200091.40 rows=1 width=20) (actual time=300.018..300.018 rows=0 loops=1)
   ->  Limit  (cost=199966.40..199991.40 rows=10000 width=20) (actual time=298.809..299.742 rows=10000 loops=1)
         ->  Sort  (cost=199966.40..202466.40 rows=1000000 width=20) (actual time=298.808..299.196 rows=10000 loops=1)
               Sort Key: s_4.a, s_4.b, s_4.c, s_4.d, s_4.e
               Sort Method: top-N heapsort  Memory: 1550kB
               ->  Sort  (cost=116027.84..118527.84 rows=1000000 width=20) (actual time=186.140..221.411 rows=1000000 loops=1)
                     Sort Key: s_4.a, s_4.b, s_4.c, s_4.d
                     Sort Method: quicksort  Memory: 102702kB
                     ->  Seq Scan on s_4  (cost=0.00..16370.00 rows=1000000 width=20) (actual time=0.010..55.287 rows=1000000 loops=1)
 Planning time: 0.220 ms
 Execution time: 304.151 ms
(11 rows)

===== 281 [Wed Mar  7 02:39:41 CET 2018] scale:1000000 groups:1000 work_mem:4MB incremental:on max_workers:2 =====
SELECT * FROM (SELECT * FROM s_1 ORDER BY a) foo ORDER BY a, b LIMIT 10000
                                                                     QUERY PLAN                                                                     
----------------------------------------------------------------------------------------------------------------------------------------------------
 Limit  (cost=59422.73..59422.73 rows=1 width=20) (actual time=76.610..76.610 rows=0 loops=1)
   ->  Limit  (cost=59133.40..59322.73 rows=10000 width=20) (actual time=70.817..76.337 rows=10000 loops=1)
         ->  Incremental Sort  (cost=59133.40..78067.03 rows=1000000 width=20) (actual time=70.816..75.790 rows=10000 loops=1)
               Sort Key: s_1.a, s_1.b
               Presorted Key: s_1.a
               Sort Method: quicksort  Memory: 131kB
               Sort Groups: 11
               ->  Gather Merge  (cost=58976.50..156205.59 rows=833334 width=20) (actual time=70.557..72.626 rows=10476 loops=1)
                     Workers Planned: 2
                     Workers Launched: 2
                     ->  Sort  (cost=57976.48..59018.15 rows=416667 width=20) (actual time=69.029..69.434 rows=4273 loops=3)
                           Sort Key: s_1.a
                           Sort Method: external merge  Disk: 9720kB
                           Worker 0:  Sort Method: external merge  Disk: 9800kB
                           Worker 1:  Sort Method: external merge  Disk: 9848kB
                           ->  Parallel Seq Scan on s_1  (cost=0.00..10536.67 rows=416667 width=20) (actual time=0.010..19.038 rows=333333 loops=3)
 Planning time: 0.231 ms
 Execution time: 81.036 ms
(18 rows)

===== 282 [Wed Mar  7 02:39:41 CET 2018] scale:1000000 groups:1000 work_mem:4MB incremental:on max_workers:2 =====
SELECT * FROM (SELECT * FROM s_2 ORDER BY a, b) foo ORDER BY a, b, c LIMIT 10000
                                                                     QUERY PLAN                                                                     
----------------------------------------------------------------------------------------------------------------------------------------------------
 Limit  (cost=59285.11..59285.11 rows=1 width=20) (actual time=82.019..82.019 rows=0 loops=1)
   ->  Limit  (cost=58977.74..59185.11 rows=10000 width=20) (actual time=77.078..81.744 rows=10000 loops=1)
         ->  Incremental Sort  (cost=58977.74..79714.89 rows=1000000 width=20) (actual time=77.078..81.192 rows=10000 loops=1)
               Sort Key: s_2.a, s_2.b, s_2.c
               Presorted Key: s_2.a, s_2.b
               Sort Method: quicksort  Memory: 27kB
               Sort Groups: 308
               ->  Gather Merge  (cost=58976.50..156205.59 rows=833334 width=20) (actual time=77.037..79.144 rows=10020 loops=1)
                     Workers Planned: 2
                     Workers Launched: 2
                     ->  Sort  (cost=57976.48..59018.15 rows=416667 width=20) (actual time=75.416..75.844 rows=4120 loops=3)
                           Sort Key: s_2.a, s_2.b
                           Sort Method: external merge  Disk: 9704kB
                           Worker 0:  Sort Method: external merge  Disk: 9824kB
                           Worker 1:  Sort Method: external merge  Disk: 9840kB
                           ->  Parallel Seq Scan on s_2  (cost=0.00..10536.67 rows=416667 width=20) (actual time=0.009..19.152 rows=333333 loops=3)
 Planning time: 0.229 ms
 Execution time: 86.529 ms
(18 rows)

===== 283 [Wed Mar  7 02:39:41 CET 2018] scale:1000000 groups:1000 work_mem:4MB incremental:on max_workers:2 =====
SELECT * FROM (SELECT * FROM s_3 ORDER BY a, b, c) foo ORDER BY a, b, c, d LIMIT 10000
                                                                     QUERY PLAN                                                                     
----------------------------------------------------------------------------------------------------------------------------------------------------
 Limit  (cost=59285.11..59285.11 rows=1 width=20) (actual time=81.464..81.464 rows=0 loops=1)
   ->  Limit  (cost=58977.74..59185.11 rows=10000 width=20) (actual time=77.336..81.187 rows=10000 loops=1)
         ->  Incremental Sort  (cost=58977.74..79714.89 rows=1000000 width=20) (actual time=77.335..80.634 rows=10000 loops=1)
               Sort Key: s_3.a, s_3.b, s_3.c, s_3.d
               Presorted Key: s_3.a, s_3.b, s_3.c
               Sort Method: quicksort  Memory: 27kB
               Sort Groups: 313
               ->  Gather Merge  (cost=58976.50..156205.59 rows=833334 width=20) (actual time=77.297..79.339 rows=10017 loops=1)
                     Workers Planned: 2
                     Workers Launched: 2
                     ->  Sort  (cost=57976.48..59018.15 rows=416667 width=20) (actual time=75.799..76.208 rows=4119 loops=3)
                           Sort Key: s_3.a, s_3.b, s_3.c
                           Sort Method: external merge  Disk: 9776kB
                           Worker 0:  Sort Method: external merge  Disk: 9784kB
                           Worker 1:  Sort Method: external merge  Disk: 9816kB
                           ->  Parallel Seq Scan on s_3  (cost=0.00..10536.67 rows=416667 width=20) (actual time=0.012..19.190 rows=333333 loops=3)
 Planning time: 0.234 ms
 Execution time: 85.982 ms
(18 rows)

===== 284 [Wed Mar  7 02:39:42 CET 2018] scale:1000000 groups:1000 work_mem:4MB incremental:on max_workers:2 =====
SELECT * FROM (SELECT * FROM s_4 ORDER BY a, b, c, d) foo ORDER BY a, b, c, d, e LIMIT 10000
                                                                     QUERY PLAN                                                                     
----------------------------------------------------------------------------------------------------------------------------------------------------
 Limit  (cost=59285.11..59285.11 rows=1 width=20) (actual time=81.616..81.616 rows=0 loops=1)
   ->  Limit  (cost=58977.74..59185.11 rows=10000 width=20) (actual time=77.485..81.340 rows=10000 loops=1)
         ->  Incremental Sort  (cost=58977.74..79714.89 rows=1000000 width=20) (actual time=77.484..80.790 rows=10000 loops=1)
               Sort Key: s_4.a, s_4.b, s_4.c, s_4.d, s_4.e
               Presorted Key: s_4.a, s_4.b, s_4.c, s_4.d
               Sort Method: quicksort  Memory: 27kB
               Sort Groups: 313
               ->  Gather Merge  (cost=58976.50..156205.59 rows=833334 width=20) (actual time=77.439..79.494 rows=10017 loops=1)
                     Workers Planned: 2
                     Workers Launched: 2
                     ->  Sort  (cost=57976.48..59018.15 rows=416667 width=20) (actual time=75.979..76.391 rows=4119 loops=3)
                           Sort Key: s_4.a, s_4.b, s_4.c, s_4.d
                           Sort Method: external merge  Disk: 9776kB
                           Worker 0:  Sort Method: external merge  Disk: 9792kB
                           Worker 1:  Sort Method: external merge  Disk: 9808kB
                           ->  Parallel Seq Scan on s_4  (cost=0.00..10536.67 rows=416667 width=20) (actual time=0.009..19.148 rows=333333 loops=3)
 Planning time: 0.245 ms
 Execution time: 86.158 ms
(18 rows)

===== 285 [Wed Mar  7 02:39:42 CET 2018] scale:1000000 groups:1000 work_mem:4MB incremental:off max_workers:2 =====
SELECT * FROM (SELECT * FROM s_1 ORDER BY a) foo ORDER BY a, b LIMIT 10000
                                                              QUERY PLAN                                                               
---------------------------------------------------------------------------------------------------------------------------------------
 Limit  (cost=220601.40..220601.40 rows=1 width=20) (actual time=374.597..374.597 rows=0 loops=1)
   ->  Limit  (cost=220476.40..220501.40 rows=10000 width=20) (actual time=373.373..374.323 rows=10000 loops=1)
         ->  Sort  (cost=220476.40..222976.40 rows=1000000 width=20) (actual time=373.372..373.774 rows=10000 loops=1)
               Sort Key: s_1.a, s_1.b
               Sort Method: top-N heapsort  Memory: 1575kB
               ->  Sort  (cost=136537.84..139037.84 rows=1000000 width=20) (actual time=214.513..308.362 rows=1000000 loops=1)
                     Sort Key: s_1.a
                     Sort Method: external merge  Disk: 29360kB
                     ->  Seq Scan on s_1  (cost=0.00..16370.00 rows=1000000 width=20) (actual time=0.010..51.298 rows=1000000 loops=1)
 Planning time: 0.210 ms
 Execution time: 378.412 ms
(11 rows)

===== 286 [Wed Mar  7 02:39:44 CET 2018] scale:1000000 groups:1000 work_mem:4MB incremental:off max_workers:2 =====
SELECT * FROM (SELECT * FROM s_2 ORDER BY a, b) foo ORDER BY a, b, c LIMIT 10000
                                                              QUERY PLAN                                                               
---------------------------------------------------------------------------------------------------------------------------------------
 Limit  (cost=220601.40..220601.40 rows=1 width=20) (actual time=409.297..409.297 rows=0 loops=1)
   ->  Limit  (cost=220476.40..220501.40 rows=10000 width=20) (actual time=408.089..409.021 rows=10000 loops=1)
         ->  Sort  (cost=220476.40..222976.40 rows=1000000 width=20) (actual time=408.089..408.477 rows=10000 loops=1)
               Sort Key: s_2.a, s_2.b, s_2.c
               Sort Method: top-N heapsort  Memory: 1550kB
               ->  Sort  (cost=136537.84..139037.84 rows=1000000 width=20) (actual time=235.972..337.192 rows=1000000 loops=1)
                     Sort Key: s_2.a, s_2.b
                     Sort Method: external merge  Disk: 29360kB
                     ->  Seq Scan on s_2  (cost=0.00..16370.00 rows=1000000 width=20) (actual time=0.010..50.845 rows=1000000 loops=1)
 Planning time: 0.218 ms
 Execution time: 413.135 ms
(11 rows)

===== 287 [Wed Mar  7 02:39:46 CET 2018] scale:1000000 groups:1000 work_mem:4MB incremental:off max_workers:2 =====
SELECT * FROM (SELECT * FROM s_3 ORDER BY a, b, c) foo ORDER BY a, b, c, d LIMIT 10000
                                                              QUERY PLAN                                                               
---------------------------------------------------------------------------------------------------------------------------------------
 Limit  (cost=220601.40..220601.40 rows=1 width=20) (actual time=411.260..411.260 rows=0 loops=1)
   ->  Limit  (cost=220476.40..220501.40 rows=10000 width=20) (actual time=410.036..410.982 rows=10000 loops=1)
         ->  Sort  (cost=220476.40..222976.40 rows=1000000 width=20) (actual time=410.035..410.422 rows=10000 loops=1)
               Sort Key: s_3.a, s_3.b, s_3.c, s_3.d
               Sort Method: top-N heapsort  Memory: 1550kB
               ->  Sort  (cost=136537.84..139037.84 rows=1000000 width=20) (actual time=237.961..339.094 rows=1000000 loops=1)
                     Sort Key: s_3.a, s_3.b, s_3.c
                     Sort Method: external merge  Disk: 29360kB
                     ->  Seq Scan on s_3  (cost=0.00..16370.00 rows=1000000 width=20) (actual time=0.013..50.837 rows=1000000 loops=1)
 Planning time: 0.224 ms
 Execution time: 415.083 ms
(11 rows)

===== 288 [Wed Mar  7 02:39:48 CET 2018] scale:1000000 groups:1000 work_mem:4MB incremental:off max_workers:2 =====
SELECT * FROM (SELECT * FROM s_4 ORDER BY a, b, c, d) foo ORDER BY a, b, c, d, e LIMIT 10000
                                                              QUERY PLAN                                                               
---------------------------------------------------------------------------------------------------------------------------------------
 Limit  (cost=220601.40..220601.40 rows=1 width=20) (actual time=411.343..411.343 rows=0 loops=1)
   ->  Limit  (cost=220476.40..220501.40 rows=10000 width=20) (actual time=410.130..411.066 rows=10000 loops=1)
         ->  Sort  (cost=220476.40..222976.40 rows=1000000 width=20) (actual time=410.129..410.519 rows=10000 loops=1)
               Sort Key: s_4.a, s_4.b, s_4.c, s_4.d, s_4.e
               Sort Method: top-N heapsort  Memory: 1550kB
               ->  Sort  (cost=136537.84..139037.84 rows=1000000 width=20) (actual time=237.967..339.261 rows=1000000 loops=1)
                     Sort Key: s_4.a, s_4.b, s_4.c, s_4.d
                     Sort Method: external merge  Disk: 29360kB
                     ->  Seq Scan on s_4  (cost=0.00..16370.00 rows=1000000 width=20) (actual time=0.011..50.863 rows=1000000 loops=1)
 Planning time: 0.225 ms
 Execution time: 415.193 ms
(11 rows)

===== 289 [Wed Mar  7 02:39:50 CET 2018] scale:1000000 groups:1000 work_mem:8MB incremental:on max_workers:2 =====
SELECT * FROM (SELECT * FROM s_1 ORDER BY a) foo ORDER BY a, b LIMIT 10000
                                                                     QUERY PLAN                                                                     
----------------------------------------------------------------------------------------------------------------------------------------------------
 Limit  (cost=59422.73..59422.73 rows=1 width=20) (actual time=81.330..81.330 rows=0 loops=1)
   ->  Limit  (cost=59133.40..59322.73 rows=10000 width=20) (actual time=75.539..81.054 rows=10000 loops=1)
         ->  Incremental Sort  (cost=59133.40..78067.03 rows=1000000 width=20) (actual time=75.538..80.507 rows=10000 loops=1)
               Sort Key: s_1.a, s_1.b
               Presorted Key: s_1.a
               Sort Method: quicksort  Memory: 131kB
               Sort Groups: 11
               ->  Gather Merge  (cost=58976.50..156205.59 rows=833334 width=20) (actual time=75.282..77.347 rows=10476 loops=1)
                     Workers Planned: 2
                     Workers Launched: 2
                     ->  Sort  (cost=57976.48..59018.15 rows=416667 width=20) (actual time=73.611..74.017 rows=4272 loops=3)
                           Sort Key: s_1.a
                           Sort Method: external merge  Disk: 9792kB
                           Worker 0:  Sort Method: external merge  Disk: 9688kB
                           Worker 1:  Sort Method: external merge  Disk: 9896kB
                           ->  Parallel Seq Scan on s_1  (cost=0.00..10536.67 rows=416667 width=20) (actual time=0.009..19.351 rows=333333 loops=3)
 Planning time: 0.224 ms
 Execution time: 86.266 ms
(18 rows)

===== 290 [Wed Mar  7 02:39:51 CET 2018] scale:1000000 groups:1000 work_mem:8MB incremental:on max_workers:2 =====
SELECT * FROM (SELECT * FROM s_2 ORDER BY a, b) foo ORDER BY a, b, c LIMIT 10000
                                                                     QUERY PLAN                                                                     
----------------------------------------------------------------------------------------------------------------------------------------------------
 Limit  (cost=59285.11..59285.11 rows=1 width=20) (actual time=85.877..85.877 rows=0 loops=1)
   ->  Limit  (cost=58977.74..59185.11 rows=10000 width=20) (actual time=81.070..85.599 rows=10000 loops=1)
         ->  Incremental Sort  (cost=58977.74..79714.89 rows=1000000 width=20) (actual time=81.069..85.051 rows=10000 loops=1)
               Sort Key: s_2.a, s_2.b, s_2.c
               Presorted Key: s_2.a, s_2.b
               Sort Method: quicksort  Memory: 27kB
               Sort Groups: 308
               ->  Gather Merge  (cost=58976.50..156205.59 rows=833334 width=20) (actual time=81.032..83.058 rows=10020 loops=1)
                     Workers Planned: 2
                     Workers Launched: 2
                     ->  Sort  (cost=57976.48..59018.15 rows=416667 width=20) (actual time=79.444..79.848 rows=4120 loops=3)
                           Sort Key: s_2.a, s_2.b
                           Sort Method: external merge  Disk: 9728kB
                           Worker 0:  Sort Method: external merge  Disk: 9824kB
                           Worker 1:  Sort Method: external merge  Disk: 9824kB
                           ->  Parallel Seq Scan on s_2  (cost=0.00..10536.67 rows=416667 width=20) (actual time=0.009..19.434 rows=333333 loops=3)
 Planning time: 0.229 ms
 Execution time: 90.893 ms
(18 rows)

===== 291 [Wed Mar  7 02:39:51 CET 2018] scale:1000000 groups:1000 work_mem:8MB incremental:on max_workers:2 =====
SELECT * FROM (SELECT * FROM s_3 ORDER BY a, b, c) foo ORDER BY a, b, c, d LIMIT 10000
                                                                     QUERY PLAN                                                                     
----------------------------------------------------------------------------------------------------------------------------------------------------
 Limit  (cost=59285.11..59285.11 rows=1 width=20) (actual time=85.866..85.866 rows=0 loops=1)
   ->  Limit  (cost=58977.74..59185.11 rows=10000 width=20) (actual time=81.737..85.591 rows=10000 loops=1)
         ->  Incremental Sort  (cost=58977.74..79714.89 rows=1000000 width=20) (actual time=81.737..85.039 rows=10000 loops=1)
               Sort Key: s_3.a, s_3.b, s_3.c, s_3.d
               Presorted Key: s_3.a, s_3.b, s_3.c
               Sort Method: quicksort  Memory: 27kB
               Sort Groups: 313
               ->  Gather Merge  (cost=58976.50..156205.59 rows=833334 width=20) (actual time=81.700..83.724 rows=10017 loops=1)
                     Workers Planned: 2
                     Workers Launched: 2
                     ->  Sort  (cost=57976.48..59018.15 rows=416667 width=20) (actual time=80.127..80.532 rows=4119 loops=3)
                           Sort Key: s_3.a, s_3.b, s_3.c
                           Sort Method: external merge  Disk: 9728kB
                           Worker 0:  Sort Method: external merge  Disk: 9808kB
                           Worker 1:  Sort Method: external merge  Disk: 9832kB
                           ->  Parallel Seq Scan on s_3  (cost=0.00..10536.67 rows=416667 width=20) (actual time=0.012..19.438 rows=333333 loops=3)
 Planning time: 0.233 ms
 Execution time: 90.932 ms
(18 rows)

===== 292 [Wed Mar  7 02:39:52 CET 2018] scale:1000000 groups:1000 work_mem:8MB incremental:on max_workers:2 =====
SELECT * FROM (SELECT * FROM s_4 ORDER BY a, b, c, d) foo ORDER BY a, b, c, d, e LIMIT 10000
                                                                     QUERY PLAN                                                                     
----------------------------------------------------------------------------------------------------------------------------------------------------
 Limit  (cost=59285.11..59285.11 rows=1 width=20) (actual time=85.954..85.954 rows=0 loops=1)
   ->  Limit  (cost=58977.74..59185.11 rows=10000 width=20) (actual time=81.833..85.678 rows=10000 loops=1)
         ->  Incremental Sort  (cost=58977.74..79714.89 rows=1000000 width=20) (actual time=81.832..85.123 rows=10000 loops=1)
               Sort Key: s_4.a, s_4.b, s_4.c, s_4.d, s_4.e
               Presorted Key: s_4.a, s_4.b, s_4.c, s_4.d
               Sort Method: quicksort  Memory: 27kB
               Sort Groups: 313
               ->  Gather Merge  (cost=58976.50..156205.59 rows=833334 width=20) (actual time=81.792..83.817 rows=10017 loops=1)
                     Workers Planned: 2
                     Workers Launched: 2
                     ->  Sort  (cost=57976.48..59018.15 rows=416667 width=20) (actual time=80.176..80.581 rows=4119 loops=3)
                           Sort Key: s_4.a, s_4.b, s_4.c, s_4.d
                           Sort Method: external merge  Disk: 9728kB
                           Worker 0:  Sort Method: external merge  Disk: 9848kB
                           Worker 1:  Sort Method: external merge  Disk: 9800kB
                           ->  Parallel Seq Scan on s_4  (cost=0.00..10536.67 rows=416667 width=20) (actual time=0.009..19.507 rows=333333 loops=3)
 Planning time: 0.245 ms
 Execution time: 91.026 ms
(18 rows)

===== 293 [Wed Mar  7 02:39:52 CET 2018] scale:1000000 groups:1000 work_mem:8MB incremental:off max_workers:2 =====
SELECT * FROM (SELECT * FROM s_1 ORDER BY a) foo ORDER BY a, b LIMIT 10000
                                                              QUERY PLAN                                                               
---------------------------------------------------------------------------------------------------------------------------------------
 Limit  (cost=220601.40..220601.40 rows=1 width=20) (actual time=343.076..343.076 rows=0 loops=1)
   ->  Limit  (cost=220476.40..220501.40 rows=10000 width=20) (actual time=341.850..342.801 rows=10000 loops=1)
         ->  Sort  (cost=220476.40..222976.40 rows=1000000 width=20) (actual time=341.850..342.253 rows=10000 loops=1)
               Sort Key: s_1.a, s_1.b
               Sort Method: top-N heapsort  Memory: 1575kB
               ->  Sort  (cost=136537.84..139037.84 rows=1000000 width=20) (actual time=184.864..276.730 rows=1000000 loops=1)
                     Sort Key: s_1.a
                     Sort Method: external merge  Disk: 29360kB
                     ->  Seq Scan on s_1  (cost=0.00..16370.00 rows=1000000 width=20) (actual time=0.010..51.655 rows=1000000 loops=1)
 Planning time: 0.209 ms
 Execution time: 347.093 ms
(11 rows)

===== 294 [Wed Mar  7 02:39:54 CET 2018] scale:1000000 groups:1000 work_mem:8MB incremental:off max_workers:2 =====
SELECT * FROM (SELECT * FROM s_2 ORDER BY a, b) foo ORDER BY a, b, c LIMIT 10000
                                                              QUERY PLAN                                                               
---------------------------------------------------------------------------------------------------------------------------------------
 Limit  (cost=220601.40..220601.40 rows=1 width=20) (actual time=377.948..377.948 rows=0 loops=1)
   ->  Limit  (cost=220476.40..220501.40 rows=10000 width=20) (actual time=376.740..377.670 rows=10000 loops=1)
         ->  Sort  (cost=220476.40..222976.40 rows=1000000 width=20) (actual time=376.739..377.126 rows=10000 loops=1)
               Sort Key: s_2.a, s_2.b, s_2.c
               Sort Method: top-N heapsort  Memory: 1550kB
               ->  Sort  (cost=136537.84..139037.84 rows=1000000 width=20) (actual time=207.333..306.101 rows=1000000 loops=1)
                     Sort Key: s_2.a, s_2.b
                     Sort Method: external merge  Disk: 29360kB
                     ->  Seq Scan on s_2  (cost=0.00..16370.00 rows=1000000 width=20) (actual time=0.010..51.192 rows=1000000 loops=1)
 Planning time: 0.215 ms
 Execution time: 381.956 ms
(11 rows)

===== 295 [Wed Mar  7 02:39:56 CET 2018] scale:1000000 groups:1000 work_mem:8MB incremental:off max_workers:2 =====
SELECT * FROM (SELECT * FROM s_3 ORDER BY a, b, c) foo ORDER BY a, b, c, d LIMIT 10000
                                                              QUERY PLAN                                                               
---------------------------------------------------------------------------------------------------------------------------------------
 Limit  (cost=220601.40..220601.40 rows=1 width=20) (actual time=380.388..380.388 rows=0 loops=1)
   ->  Limit  (cost=220476.40..220501.40 rows=10000 width=20) (actual time=379.183..380.114 rows=10000 loops=1)
         ->  Sort  (cost=220476.40..222976.40 rows=1000000 width=20) (actual time=379.182..379.571 rows=10000 loops=1)
               Sort Key: s_3.a, s_3.b, s_3.c, s_3.d
               Sort Method: top-N heapsort  Memory: 1550kB
               ->  Sort  (cost=136537.84..139037.84 rows=1000000 width=20) (actual time=209.748..308.545 rows=1000000 loops=1)
                     Sort Key: s_3.a, s_3.b, s_3.c
                     Sort Method: external merge  Disk: 29360kB
                     ->  Seq Scan on s_3  (cost=0.00..16370.00 rows=1000000 width=20) (actual time=0.013..51.193 rows=1000000 loops=1)
 Planning time: 0.220 ms
 Execution time: 384.385 ms
(11 rows)

===== 296 [Wed Mar  7 02:39:58 CET 2018] scale:1000000 groups:1000 work_mem:8MB incremental:off max_workers:2 =====
SELECT * FROM (SELECT * FROM s_4 ORDER BY a, b, c, d) foo ORDER BY a, b, c, d, e LIMIT 10000
                                                              QUERY PLAN                                                               
---------------------------------------------------------------------------------------------------------------------------------------
 Limit  (cost=220601.40..220601.40 rows=1 width=20) (actual time=380.484..380.484 rows=0 loops=1)
   ->  Limit  (cost=220476.40..220501.40 rows=10000 width=20) (actual time=379.283..380.215 rows=10000 loops=1)
         ->  Sort  (cost=220476.40..222976.40 rows=1000000 width=20) (actual time=379.283..379.672 rows=10000 loops=1)
               Sort Key: s_4.a, s_4.b, s_4.c, s_4.d, s_4.e
               Sort Method: top-N heapsort  Memory: 1550kB
               ->  Sort  (cost=136537.84..139037.84 rows=1000000 width=20) (actual time=209.904..308.682 rows=1000000 loops=1)
                     Sort Key: s_4.a, s_4.b, s_4.c, s_4.d
                     Sort Method: external merge  Disk: 29360kB
                     ->  Seq Scan on s_4  (cost=0.00..16370.00 rows=1000000 width=20) (actual time=0.011..51.225 rows=1000000 loops=1)
 Planning time: 0.225 ms
 Execution time: 384.479 ms
(11 rows)

===== 297 [Wed Mar  7 02:40:00 CET 2018] scale:1000000 groups:1000 work_mem:16MB incremental:on max_workers:2 =====
SELECT * FROM (SELECT * FROM s_1 ORDER BY a) foo ORDER BY a, b LIMIT 10000
                                                                     QUERY PLAN                                                                     
----------------------------------------------------------------------------------------------------------------------------------------------------
 Limit  (cost=59422.73..59422.73 rows=1 width=20) (actual time=87.390..87.390 rows=0 loops=1)
   ->  Limit  (cost=59133.40..59322.73 rows=10000 width=20) (actual time=81.589..87.113 rows=10000 loops=1)
         ->  Incremental Sort  (cost=59133.40..78067.03 rows=1000000 width=20) (actual time=81.589..86.562 rows=10000 loops=1)
               Sort Key: s_1.a, s_1.b
               Presorted Key: s_1.a
               Sort Method: quicksort  Memory: 131kB
               Sort Groups: 11
               ->  Gather Merge  (cost=58976.50..156205.59 rows=833334 width=20) (actual time=81.336..83.414 rows=10476 loops=1)
                     Workers Planned: 2
                     Workers Launched: 2
                     ->  Sort  (cost=57976.48..59018.15 rows=416667 width=20) (actual time=79.647..80.057 rows=4272 loops=3)
                           Sort Key: s_1.a
                           Sort Method: external merge  Disk: 9632kB
                           Worker 0:  Sort Method: external merge  Disk: 9872kB
                           Worker 1:  Sort Method: external merge  Disk: 9880kB
                           ->  Parallel Seq Scan on s_1  (cost=0.00..10536.67 rows=416667 width=20) (actual time=0.008..20.018 rows=333333 loops=3)
 Planning time: 0.227 ms
 Execution time: 92.872 ms
(18 rows)

===== 298 [Wed Mar  7 02:40:00 CET 2018] scale:1000000 groups:1000 work_mem:16MB incremental:on max_workers:2 =====
SELECT * FROM (SELECT * FROM s_2 ORDER BY a, b) foo ORDER BY a, b, c LIMIT 10000
                                                                     QUERY PLAN                                                                     
----------------------------------------------------------------------------------------------------------------------------------------------------
 Limit  (cost=59285.11..59285.11 rows=1 width=20) (actual time=92.023..92.023 rows=0 loops=1)
   ->  Limit  (cost=58977.74..59185.11 rows=10000 width=20) (actual time=87.202..91.747 rows=10000 loops=1)
         ->  Incremental Sort  (cost=58977.74..79714.89 rows=1000000 width=20) (actual time=87.201..91.199 rows=10000 loops=1)
               Sort Key: s_2.a, s_2.b, s_2.c
               Presorted Key: s_2.a, s_2.b
               Sort Method: quicksort  Memory: 27kB
               Sort Groups: 308
               ->  Gather Merge  (cost=58976.50..156205.59 rows=833334 width=20) (actual time=87.164..89.218 rows=10020 loops=1)
                     Workers Planned: 2
                     Workers Launched: 2
                     ->  Sort  (cost=57976.48..59018.15 rows=416667 width=20) (actual time=85.492..85.907 rows=4120 loops=3)
                           Sort Key: s_2.a, s_2.b
                           Sort Method: external merge  Disk: 9720kB
                           Worker 0:  Sort Method: external merge  Disk: 9872kB
                           Worker 1:  Sort Method: external merge  Disk: 9792kB
                           ->  Parallel Seq Scan on s_2  (cost=0.00..10536.67 rows=416667 width=20) (actual time=0.008..20.035 rows=333333 loops=3)
 Planning time: 0.226 ms
 Execution time: 97.576 ms
(18 rows)

===== 299 [Wed Mar  7 02:40:01 CET 2018] scale:1000000 groups:1000 work_mem:16MB incremental:on max_workers:2 =====
SELECT * FROM (SELECT * FROM s_3 ORDER BY a, b, c) foo ORDER BY a, b, c, d LIMIT 10000
                                                                     QUERY PLAN                                                                     
----------------------------------------------------------------------------------------------------------------------------------------------------
 Limit  (cost=59285.11..59285.11 rows=1 width=20) (actual time=91.956..91.956 rows=0 loops=1)
   ->  Limit  (cost=58977.74..59185.11 rows=10000 width=20) (actual time=87.820..91.680 rows=10000 loops=1)
         ->  Incremental Sort  (cost=58977.74..79714.89 rows=1000000 width=20) (actual time=87.819..91.128 rows=10000 loops=1)
               Sort Key: s_3.a, s_3.b, s_3.c, s_3.d
               Presorted Key: s_3.a, s_3.b, s_3.c
               Sort Method: quicksort  Memory: 27kB
               Sort Groups: 313
               ->  Gather Merge  (cost=58976.50..156205.59 rows=833334 width=20) (actual time=87.782..89.817 rows=10017 loops=1)
                     Workers Planned: 2
                     Workers Launched: 2
                     ->  Sort  (cost=57976.48..59018.15 rows=416667 width=20) (actual time=86.172..86.580 rows=4119 loops=3)
                           Sort Key: s_3.a, s_3.b, s_3.c
                           Sort Method: external merge  Disk: 9728kB
                           Worker 0:  Sort Method: external merge  Disk: 9800kB
                           Worker 1:  Sort Method: external merge  Disk: 9856kB
                           ->  Parallel Seq Scan on s_3  (cost=0.00..10536.67 rows=416667 width=20) (actual time=0.012..20.084 rows=333333 loops=3)
 Planning time: 0.231 ms
 Execution time: 97.498 ms
(18 rows)

===== 300 [Wed Mar  7 02:40:01 CET 2018] scale:1000000 groups:1000 work_mem:16MB incremental:on max_workers:2 =====
SELECT * FROM (SELECT * FROM s_4 ORDER BY a, b, c, d) foo ORDER BY a, b, c, d, e LIMIT 10000
                                                                     QUERY PLAN                                                                     
----------------------------------------------------------------------------------------------------------------------------------------------------
 Limit  (cost=59285.11..59285.11 rows=1 width=20) (actual time=91.891..91.891 rows=0 loops=1)
   ->  Limit  (cost=58977.74..59185.11 rows=10000 width=20) (actual time=87.754..91.616 rows=10000 loops=1)
         ->  Incremental Sort  (cost=58977.74..79714.89 rows=1000000 width=20) (actual time=87.754..91.061 rows=10000 loops=1)
               Sort Key: s_4.a, s_4.b, s_4.c, s_4.d, s_4.e
               Presorted Key: s_4.a, s_4.b, s_4.c, s_4.d
               Sort Method: quicksort  Memory: 27kB
               Sort Groups: 313
               ->  Gather Merge  (cost=58976.50..156205.59 rows=833334 width=20) (actual time=87.716..89.756 rows=10017 loops=1)
                     Workers Planned: 2
                     Workers Launched: 2
                     ->  Sort  (cost=57976.48..59018.15 rows=416667 width=20) (actual time=86.063..86.473 rows=4122 loops=3)
                           Sort Key: s_4.a, s_4.b, s_4.c, s_4.d
                           Sort Method: external merge  Disk: 9704kB
                           Worker 0:  Sort Method: external merge  Disk: 9848kB
                           Worker 1:  Sort Method: external merge  Disk: 9832kB
                           ->  Parallel Seq Scan on s_4  (cost=0.00..10536.67 rows=416667 width=20) (actual time=0.010..20.096 rows=333333 loops=3)
 Planning time: 0.243 ms
 Execution time: 97.453 ms
(18 rows)

===== 301 [Wed Mar  7 02:40:02 CET 2018] scale:1000000 groups:1000 work_mem:16MB incremental:off max_workers:2 =====
SELECT * FROM (SELECT * FROM s_1 ORDER BY a) foo ORDER BY a, b LIMIT 10000
                                                              QUERY PLAN                                                               
---------------------------------------------------------------------------------------------------------------------------------------
 Limit  (cost=220601.40..220601.40 rows=1 width=20) (actual time=349.290..349.290 rows=0 loops=1)
   ->  Limit  (cost=220476.40..220501.40 rows=10000 width=20) (actual time=348.070..349.019 rows=10000 loops=1)
         ->  Sort  (cost=220476.40..222976.40 rows=1000000 width=20) (actual time=348.069..348.473 rows=10000 loops=1)
               Sort Key: s_1.a, s_1.b
               Sort Method: top-N heapsort  Memory: 1575kB
               ->  Sort  (cost=136537.84..139037.84 rows=1000000 width=20) (actual time=192.893..282.943 rows=1000000 loops=1)
                     Sort Key: s_1.a
                     Sort Method: external merge  Disk: 29392kB
                     ->  Seq Scan on s_1  (cost=0.00..16370.00 rows=1000000 width=20) (actual time=0.010..52.164 rows=1000000 loops=1)
 Planning time: 0.207 ms
 Execution time: 353.627 ms
(11 rows)

===== 302 [Wed Mar  7 02:40:04 CET 2018] scale:1000000 groups:1000 work_mem:16MB incremental:off max_workers:2 =====
SELECT * FROM (SELECT * FROM s_2 ORDER BY a, b) foo ORDER BY a, b, c LIMIT 10000
                                                              QUERY PLAN                                                               
---------------------------------------------------------------------------------------------------------------------------------------
 Limit  (cost=220601.40..220601.40 rows=1 width=20) (actual time=383.783..383.783 rows=0 loops=1)
   ->  Limit  (cost=220476.40..220501.40 rows=10000 width=20) (actual time=382.575..383.505 rows=10000 loops=1)
         ->  Sort  (cost=220476.40..222976.40 rows=1000000 width=20) (actual time=382.574..382.964 rows=10000 loops=1)
               Sort Key: s_2.a, s_2.b, s_2.c
               Sort Method: top-N heapsort  Memory: 1550kB
               ->  Sort  (cost=136537.84..139037.84 rows=1000000 width=20) (actual time=215.329..312.182 rows=1000000 loops=1)
                     Sort Key: s_2.a, s_2.b
                     Sort Method: external merge  Disk: 29392kB
                     ->  Seq Scan on s_2  (cost=0.00..16370.00 rows=1000000 width=20) (actual time=0.010..51.705 rows=1000000 loops=1)
 Planning time: 0.220 ms
 Execution time: 388.123 ms
(11 rows)

===== 303 [Wed Mar  7 02:40:06 CET 2018] scale:1000000 groups:1000 work_mem:16MB incremental:off max_workers:2 =====
SELECT * FROM (SELECT * FROM s_3 ORDER BY a, b, c) foo ORDER BY a, b, c, d LIMIT 10000
                                                              QUERY PLAN                                                               
---------------------------------------------------------------------------------------------------------------------------------------
 Limit  (cost=220601.40..220601.40 rows=1 width=20) (actual time=386.507..386.507 rows=0 loops=1)
   ->  Limit  (cost=220476.40..220501.40 rows=10000 width=20) (actual time=385.299..386.230 rows=10000 loops=1)
         ->  Sort  (cost=220476.40..222976.40 rows=1000000 width=20) (actual time=385.298..385.687 rows=10000 loops=1)
               Sort Key: s_3.a, s_3.b, s_3.c, s_3.d
               Sort Method: top-N heapsort  Memory: 1550kB
               ->  Sort  (cost=136537.84..139037.84 rows=1000000 width=20) (actual time=218.000..314.888 rows=1000000 loops=1)
                     Sort Key: s_3.a, s_3.b, s_3.c
                     Sort Method: external merge  Disk: 29392kB
                     ->  Seq Scan on s_3  (cost=0.00..16370.00 rows=1000000 width=20) (actual time=0.013..51.767 rows=1000000 loops=1)
 Planning time: 0.217 ms
 Execution time: 390.848 ms
(11 rows)

===== 304 [Wed Mar  7 02:40:07 CET 2018] scale:1000000 groups:1000 work_mem:16MB incremental:off max_workers:2 =====
SELECT * FROM (SELECT * FROM s_4 ORDER BY a, b, c, d) foo ORDER BY a, b, c, d, e LIMIT 10000
                                                              QUERY PLAN                                                               
---------------------------------------------------------------------------------------------------------------------------------------
 Limit  (cost=220601.40..220601.40 rows=1 width=20) (actual time=386.512..386.512 rows=0 loops=1)
   ->  Limit  (cost=220476.40..220501.40 rows=10000 width=20) (actual time=385.303..386.236 rows=10000 loops=1)
         ->  Sort  (cost=220476.40..222976.40 rows=1000000 width=20) (actual time=385.303..385.690 rows=10000 loops=1)
               Sort Key: s_4.a, s_4.b, s_4.c, s_4.d, s_4.e
               Sort Method: top-N heapsort  Memory: 1550kB
               ->  Sort  (cost=136537.84..139037.84 rows=1000000 width=20) (actual time=218.061..314.931 rows=1000000 loops=1)
                     Sort Key: s_4.a, s_4.b, s_4.c, s_4.d
                     Sort Method: external merge  Disk: 29392kB
                     ->  Seq Scan on s_4  (cost=0.00..16370.00 rows=1000000 width=20) (actual time=0.011..51.811 rows=1000000 loops=1)
 Planning time: 0.228 ms
 Execution time: 390.864 ms
(11 rows)

===== 305 [Wed Mar  7 02:40:09 CET 2018] scale:1000000 groups:1000 work_mem:32MB incremental:on max_workers:2 =====
SELECT * FROM (SELECT * FROM s_1 ORDER BY a) foo ORDER BY a, b LIMIT 10000
                                                                     QUERY PLAN                                                                     
----------------------------------------------------------------------------------------------------------------------------------------------------
 Limit  (cost=50875.73..50875.73 rows=1 width=20) (actual time=88.801..88.801 rows=0 loops=1)
   ->  Limit  (cost=50586.40..50775.73 rows=10000 width=20) (actual time=83.031..88.524 rows=10000 loops=1)
         ->  Incremental Sort  (cost=50586.40..69520.03 rows=1000000 width=20) (actual time=83.031..87.975 rows=10000 loops=1)
               Sort Key: s_1.a, s_1.b
               Presorted Key: s_1.a
               Sort Method: quicksort  Memory: 131kB
               Sort Groups: 11
               ->  Gather Merge  (cost=50429.50..147658.59 rows=833334 width=20) (actual time=82.768..84.803 rows=10476 loops=1)
                     Workers Planned: 2
                     Workers Launched: 2
                     ->  Sort  (cost=49429.48..50471.15 rows=416667 width=20) (actual time=81.189..81.583 rows=4272 loops=3)
                           Sort Key: s_1.a
                           Sort Method: external merge  Disk: 9784kB
                           Worker 0:  Sort Method: external merge  Disk: 9720kB
                           Worker 1:  Sort Method: external merge  Disk: 9864kB
                           ->  Parallel Seq Scan on s_1  (cost=0.00..10536.67 rows=416667 width=20) (actual time=0.009..20.175 rows=333333 loops=3)
 Planning time: 0.236 ms
 Execution time: 94.010 ms
(18 rows)

===== 306 [Wed Mar  7 02:40:10 CET 2018] scale:1000000 groups:1000 work_mem:32MB incremental:on max_workers:2 =====
SELECT * FROM (SELECT * FROM s_2 ORDER BY a, b) foo ORDER BY a, b, c LIMIT 10000
                                                                     QUERY PLAN                                                                     
----------------------------------------------------------------------------------------------------------------------------------------------------
 Limit  (cost=50738.11..50738.11 rows=1 width=20) (actual time=93.025..93.025 rows=0 loops=1)
   ->  Limit  (cost=50430.74..50638.11 rows=10000 width=20) (actual time=88.260..92.748 rows=10000 loops=1)
         ->  Incremental Sort  (cost=50430.74..71167.89 rows=1000000 width=20) (actual time=88.260..92.199 rows=10000 loops=1)
               Sort Key: s_2.a, s_2.b, s_2.c
               Presorted Key: s_2.a, s_2.b
               Sort Method: quicksort  Memory: 27kB
               Sort Groups: 308
               ->  Gather Merge  (cost=50429.50..147658.59 rows=833334 width=20) (actual time=88.220..90.209 rows=10020 loops=1)
                     Workers Planned: 2
                     Workers Launched: 2
                     ->  Sort  (cost=49429.48..50471.15 rows=416667 width=20) (actual time=86.582..86.965 rows=4120 loops=3)
                           Sort Key: s_2.a, s_2.b
                           Sort Method: external merge  Disk: 9688kB
                           Worker 0:  Sort Method: external merge  Disk: 9848kB
                           Worker 1:  Sort Method: external merge  Disk: 9832kB
                           ->  Parallel Seq Scan on s_2  (cost=0.00..10536.67 rows=416667 width=20) (actual time=0.009..20.224 rows=333333 loops=3)
 Planning time: 0.233 ms
 Execution time: 98.391 ms
(18 rows)

===== 307 [Wed Mar  7 02:40:10 CET 2018] scale:1000000 groups:1000 work_mem:32MB incremental:on max_workers:2 =====
SELECT * FROM (SELECT * FROM s_3 ORDER BY a, b, c) foo ORDER BY a, b, c, d LIMIT 10000
                                                                     QUERY PLAN                                                                     
----------------------------------------------------------------------------------------------------------------------------------------------------
 Limit  (cost=50738.11..50738.11 rows=1 width=20) (actual time=93.354..93.354 rows=0 loops=1)
   ->  Limit  (cost=50430.74..50638.11 rows=10000 width=20) (actual time=89.284..93.078 rows=10000 loops=1)
         ->  Incremental Sort  (cost=50430.74..71167.89 rows=1000000 width=20) (actual time=89.284..92.525 rows=10000 loops=1)
               Sort Key: s_3.a, s_3.b, s_3.c, s_3.d
               Presorted Key: s_3.a, s_3.b, s_3.c
               Sort Method: quicksort  Memory: 27kB
               Sort Groups: 313
               ->  Gather Merge  (cost=50429.50..147658.59 rows=833334 width=20) (actual time=89.247..91.218 rows=10017 loops=1)
                     Workers Planned: 2
                     Workers Launched: 2
                     ->  Sort  (cost=49429.48..50471.15 rows=416667 width=20) (actual time=87.633..88.018 rows=4121 loops=3)
                           Sort Key: s_3.a, s_3.b, s_3.c
                           Sort Method: external merge  Disk: 9752kB
                           Worker 0:  Sort Method: external merge  Disk: 9760kB
                           Worker 1:  Sort Method: external merge  Disk: 9864kB
                           ->  Parallel Seq Scan on s_3  (cost=0.00..10536.67 rows=416667 width=20) (actual time=0.010..20.272 rows=333333 loops=3)
 Planning time: 0.237 ms
 Execution time: 98.699 ms
(18 rows)

===== 308 [Wed Mar  7 02:40:11 CET 2018] scale:1000000 groups:1000 work_mem:32MB incremental:on max_workers:2 =====
SELECT * FROM (SELECT * FROM s_4 ORDER BY a, b, c, d) foo ORDER BY a, b, c, d, e LIMIT 10000
                                                                     QUERY PLAN                                                                     
----------------------------------------------------------------------------------------------------------------------------------------------------
 Limit  (cost=50738.11..50738.11 rows=1 width=20) (actual time=93.353..93.353 rows=0 loops=1)
   ->  Limit  (cost=50430.74..50638.11 rows=10000 width=20) (actual time=89.279..93.078 rows=10000 loops=1)
         ->  Incremental Sort  (cost=50430.74..71167.89 rows=1000000 width=20) (actual time=89.279..92.527 rows=10000 loops=1)
               Sort Key: s_4.a, s_4.b, s_4.c, s_4.d, s_4.e
               Presorted Key: s_4.a, s_4.b, s_4.c, s_4.d
               Sort Method: quicksort  Memory: 27kB
               Sort Groups: 313
               ->  Gather Merge  (cost=50429.50..147658.59 rows=833334 width=20) (actual time=89.242..91.218 rows=10017 loops=1)
                     Workers Planned: 2
                     Workers Launched: 2
                     ->  Sort  (cost=49429.48..50471.15 rows=416667 width=20) (actual time=87.700..88.084 rows=4119 loops=3)
                           Sort Key: s_4.a, s_4.b, s_4.c, s_4.d
                           Sort Method: external merge  Disk: 9768kB
                           Worker 0:  Sort Method: external merge  Disk: 9784kB
                           Worker 1:  Sort Method: external merge  Disk: 9816kB
                           ->  Parallel Seq Scan on s_4  (cost=0.00..10536.67 rows=416667 width=20) (actual time=0.010..20.278 rows=333333 loops=3)
 Planning time: 0.243 ms
 Execution time: 98.780 ms
(18 rows)

===== 309 [Wed Mar  7 02:40:12 CET 2018] scale:1000000 groups:1000 work_mem:32MB incremental:off max_workers:2 =====
SELECT * FROM (SELECT * FROM s_1 ORDER BY a) foo ORDER BY a, b LIMIT 10000
                                                              QUERY PLAN                                                               
---------------------------------------------------------------------------------------------------------------------------------------
 Limit  (cost=220601.40..220601.40 rows=1 width=20) (actual time=361.060..361.060 rows=0 loops=1)
   ->  Limit  (cost=220476.40..220501.40 rows=10000 width=20) (actual time=359.837..360.785 rows=10000 loops=1)
         ->  Sort  (cost=220476.40..222976.40 rows=1000000 width=20) (actual time=359.837..360.236 rows=10000 loops=1)
               Sort Key: s_1.a, s_1.b
               Sort Method: top-N heapsort  Memory: 1575kB
               ->  Sort  (cost=136537.84..139037.84 rows=1000000 width=20) (actual time=207.655..295.216 rows=1000000 loops=1)
                     Sort Key: s_1.a
                     Sort Method: external merge  Disk: 29360kB
                     ->  Seq Scan on s_1  (cost=0.00..16370.00 rows=1000000 width=20) (actual time=0.010..53.410 rows=1000000 loops=1)
 Planning time: 0.210 ms
 Execution time: 365.618 ms
(11 rows)

===== 310 [Wed Mar  7 02:40:13 CET 2018] scale:1000000 groups:1000 work_mem:32MB incremental:off max_workers:2 =====
SELECT * FROM (SELECT * FROM s_2 ORDER BY a, b) foo ORDER BY a, b, c LIMIT 10000
                                                              QUERY PLAN                                                               
---------------------------------------------------------------------------------------------------------------------------------------
 Limit  (cost=220601.40..220601.40 rows=1 width=20) (actual time=396.382..396.382 rows=0 loops=1)
   ->  Limit  (cost=220476.40..220501.40 rows=10000 width=20) (actual time=395.172..396.105 rows=10000 loops=1)
         ->  Sort  (cost=220476.40..222976.40 rows=1000000 width=20) (actual time=395.172..395.563 rows=10000 loops=1)
               Sort Key: s_2.a, s_2.b, s_2.c
               Sort Method: top-N heapsort  Memory: 1550kB
               ->  Sort  (cost=136537.84..139037.84 rows=1000000 width=20) (actual time=229.633..323.661 rows=1000000 loops=1)
                     Sort Key: s_2.a, s_2.b
                     Sort Method: external merge  Disk: 29360kB
                     ->  Seq Scan on s_2  (cost=0.00..16370.00 rows=1000000 width=20) (actual time=0.010..53.133 rows=1000000 loops=1)
 Planning time: 0.224 ms
 Execution time: 400.948 ms
(11 rows)

===== 311 [Wed Mar  7 02:40:15 CET 2018] scale:1000000 groups:1000 work_mem:32MB incremental:off max_workers:2 =====
SELECT * FROM (SELECT * FROM s_3 ORDER BY a, b, c) foo ORDER BY a, b, c, d LIMIT 10000
                                                              QUERY PLAN                                                               
---------------------------------------------------------------------------------------------------------------------------------------
 Limit  (cost=220601.40..220601.40 rows=1 width=20) (actual time=399.267..399.267 rows=0 loops=1)
   ->  Limit  (cost=220476.40..220501.40 rows=10000 width=20) (actual time=398.053..398.991 rows=10000 loops=1)
         ->  Sort  (cost=220476.40..222976.40 rows=1000000 width=20) (actual time=398.052..398.442 rows=10000 loops=1)
               Sort Key: s_3.a, s_3.b, s_3.c, s_3.d
               Sort Method: top-N heapsort  Memory: 1550kB
               ->  Sort  (cost=136537.84..139037.84 rows=1000000 width=20) (actual time=232.518..326.551 rows=1000000 loops=1)
                     Sort Key: s_3.a, s_3.b, s_3.c
                     Sort Method: external merge  Disk: 29360kB
                     ->  Seq Scan on s_3  (cost=0.00..16370.00 rows=1000000 width=20) (actual time=0.014..53.206 rows=1000000 loops=1)
 Planning time: 0.221 ms
 Execution time: 403.810 ms
(11 rows)

===== 312 [Wed Mar  7 02:40:17 CET 2018] scale:1000000 groups:1000 work_mem:32MB incremental:off max_workers:2 =====
SELECT * FROM (SELECT * FROM s_4 ORDER BY a, b, c, d) foo ORDER BY a, b, c, d, e LIMIT 10000
                                                              QUERY PLAN                                                               
---------------------------------------------------------------------------------------------------------------------------------------
 Limit  (cost=220601.40..220601.40 rows=1 width=20) (actual time=399.512..399.512 rows=0 loops=1)
   ->  Limit  (cost=220476.40..220501.40 rows=10000 width=20) (actual time=398.303..399.237 rows=10000 loops=1)
         ->  Sort  (cost=220476.40..222976.40 rows=1000000 width=20) (actual time=398.302..398.692 rows=10000 loops=1)
               Sort Key: s_4.a, s_4.b, s_4.c, s_4.d, s_4.e
               Sort Method: top-N heapsort  Memory: 1550kB
               ->  Sort  (cost=136537.84..139037.84 rows=1000000 width=20) (actual time=232.528..326.762 rows=1000000 loops=1)
                     Sort Key: s_4.a, s_4.b, s_4.c, s_4.d
                     Sort Method: external merge  Disk: 29360kB
                     ->  Seq Scan on s_4  (cost=0.00..16370.00 rows=1000000 width=20) (actual time=0.011..53.240 rows=1000000 loops=1)
 Planning time: 0.226 ms
 Execution time: 404.076 ms
(11 rows)

===== 313 [Wed Mar  7 02:40:19 CET 2018] scale:1000000 groups:1000 work_mem:64MB incremental:on max_workers:2 =====
SELECT * FROM (SELECT * FROM s_1 ORDER BY a) foo ORDER BY a, b LIMIT 10000
                                                                     QUERY PLAN                                                                     
----------------------------------------------------------------------------------------------------------------------------------------------------
 Limit  (cost=50875.73..50875.73 rows=1 width=20) (actual time=64.496..64.496 rows=0 loops=1)
   ->  Limit  (cost=50586.40..50775.73 rows=10000 width=20) (actual time=59.125..64.219 rows=10000 loops=1)
         ->  Incremental Sort  (cost=50586.40..69520.03 rows=1000000 width=20) (actual time=59.124..63.672 rows=10000 loops=1)
               Sort Key: s_1.a, s_1.b
               Presorted Key: s_1.a
               Sort Method: quicksort  Memory: 131kB
               Sort Groups: 11
               ->  Gather Merge  (cost=50429.50..147658.59 rows=833334 width=20) (actual time=58.886..60.421 rows=10476 loops=1)
                     Workers Planned: 2
                     Workers Launched: 2
                     ->  Sort  (cost=49429.48..50471.15 rows=416667 width=20) (actual time=57.421..57.609 rows=4272 loops=3)
                           Sort Key: s_1.a
                           Sort Method: quicksort  Memory: 38144kB
                           Worker 0:  Sort Method: quicksort  Memory: 38223kB
                           Worker 1:  Sort Method: quicksort  Memory: 38623kB
                           ->  Parallel Seq Scan on s_1  (cost=0.00..10536.67 rows=416667 width=20) (actual time=0.009..20.150 rows=333333 loops=3)
 Planning time: 0.221 ms
 Execution time: 69.141 ms
(18 rows)

===== 314 [Wed Mar  7 02:40:20 CET 2018] scale:1000000 groups:1000 work_mem:64MB incremental:on max_workers:2 =====
SELECT * FROM (SELECT * FROM s_2 ORDER BY a, b) foo ORDER BY a, b, c LIMIT 10000
                                                                     QUERY PLAN                                                                     
----------------------------------------------------------------------------------------------------------------------------------------------------
 Limit  (cost=50738.11..50738.11 rows=1 width=20) (actual time=68.731..68.731 rows=0 loops=1)
   ->  Limit  (cost=50430.74..50638.11 rows=10000 width=20) (actual time=64.312..68.454 rows=10000 loops=1)
         ->  Incremental Sort  (cost=50430.74..71167.89 rows=1000000 width=20) (actual time=64.312..67.897 rows=10000 loops=1)
               Sort Key: s_2.a, s_2.b, s_2.c
               Presorted Key: s_2.a, s_2.b
               Sort Method: quicksort  Memory: 27kB
               Sort Groups: 308
               ->  Gather Merge  (cost=50429.50..147658.59 rows=833334 width=20) (actual time=64.277..65.807 rows=10020 loops=1)
                     Workers Planned: 2
                     Workers Launched: 2
                     ->  Sort  (cost=49429.48..50471.15 rows=416667 width=20) (actual time=62.777..62.984 rows=4120 loops=3)
                           Sort Key: s_2.a, s_2.b
                           Sort Method: quicksort  Memory: 37997kB
                           Worker 0:  Sort Method: quicksort  Memory: 38469kB
                           Worker 1:  Sort Method: quicksort  Memory: 38525kB
                           ->  Parallel Seq Scan on s_2  (cost=0.00..10536.67 rows=416667 width=20) (actual time=0.010..20.255 rows=333333 loops=3)
 Planning time: 0.225 ms
 Execution time: 73.627 ms
(18 rows)

===== 315 [Wed Mar  7 02:40:20 CET 2018] scale:1000000 groups:1000 work_mem:64MB incremental:on max_workers:2 =====
SELECT * FROM (SELECT * FROM s_3 ORDER BY a, b, c) foo ORDER BY a, b, c, d LIMIT 10000
                                                                     QUERY PLAN                                                                     
----------------------------------------------------------------------------------------------------------------------------------------------------
 Limit  (cost=50738.11..50738.11 rows=1 width=20) (actual time=68.710..68.710 rows=0 loops=1)
   ->  Limit  (cost=50430.74..50638.11 rows=10000 width=20) (actual time=64.987..68.432 rows=10000 loops=1)
         ->  Incremental Sort  (cost=50430.74..71167.89 rows=1000000 width=20) (actual time=64.987..67.878 rows=10000 loops=1)
               Sort Key: s_3.a, s_3.b, s_3.c, s_3.d
               Presorted Key: s_3.a, s_3.b, s_3.c
               Sort Method: quicksort  Memory: 27kB
               Sort Groups: 313
               ->  Gather Merge  (cost=50429.50..147658.59 rows=833334 width=20) (actual time=64.951..66.472 rows=10017 loops=1)
                     Workers Planned: 2
                     Workers Launched: 2
                     ->  Sort  (cost=49429.48..50471.15 rows=416667 width=20) (actual time=63.426..63.626 rows=4119 loops=3)
                           Sort Key: s_3.a, s_3.b, s_3.c
                           Sort Method: quicksort  Memory: 38150kB
                           Worker 0:  Sort Method: quicksort  Memory: 38390kB
                           Worker 1:  Sort Method: quicksort  Memory: 38451kB
                           ->  Parallel Seq Scan on s_3  (cost=0.00..10536.67 rows=416667 width=20) (actual time=0.011..20.285 rows=333333 loops=3)
 Planning time: 0.231 ms
 Execution time: 73.650 ms
(18 rows)

===== 316 [Wed Mar  7 02:40:20 CET 2018] scale:1000000 groups:1000 work_mem:64MB incremental:on max_workers:2 =====
SELECT * FROM (SELECT * FROM s_4 ORDER BY a, b, c, d) foo ORDER BY a, b, c, d, e LIMIT 10000
                                                                     QUERY PLAN                                                                     
----------------------------------------------------------------------------------------------------------------------------------------------------
 Limit  (cost=50738.11..50738.11 rows=1 width=20) (actual time=68.654..68.654 rows=0 loops=1)
   ->  Limit  (cost=50430.74..50638.11 rows=10000 width=20) (actual time=64.932..68.379 rows=10000 loops=1)
         ->  Incremental Sort  (cost=50430.74..71167.89 rows=1000000 width=20) (actual time=64.931..67.819 rows=10000 loops=1)
               Sort Key: s_4.a, s_4.b, s_4.c, s_4.d, s_4.e
               Presorted Key: s_4.a, s_4.b, s_4.c, s_4.d
               Sort Method: quicksort  Memory: 27kB
               Sort Groups: 313
               ->  Gather Merge  (cost=50429.50..147658.59 rows=833334 width=20) (actual time=64.895..66.420 rows=10017 loops=1)
                     Workers Planned: 2
                     Workers Launched: 2
                     ->  Sort  (cost=49429.48..50471.15 rows=416667 width=20) (actual time=63.381..63.583 rows=4119 loops=3)
                           Sort Key: s_4.a, s_4.b, s_4.c, s_4.d
                           Sort Method: quicksort  Memory: 38194kB
                           Worker 0:  Sort Method: quicksort  Memory: 38402kB
                           Worker 1:  Sort Method: quicksort  Memory: 38395kB
                           ->  Parallel Seq Scan on s_4  (cost=0.00..10536.67 rows=416667 width=20) (actual time=0.009..20.281 rows=333333 loops=3)
 Planning time: 0.243 ms
 Execution time: 73.558 ms
(18 rows)

===== 317 [Wed Mar  7 02:40:21 CET 2018] scale:1000000 groups:1000 work_mem:64MB incremental:off max_workers:2 =====
SELECT * FROM (SELECT * FROM s_1 ORDER BY a) foo ORDER BY a, b LIMIT 10000
                                                              QUERY PLAN                                                               
---------------------------------------------------------------------------------------------------------------------------------------
 Limit  (cost=200091.40..200091.40 rows=1 width=20) (actual time=373.486..373.486 rows=0 loops=1)
   ->  Limit  (cost=199966.40..199991.40 rows=10000 width=20) (actual time=372.270..373.218 rows=10000 loops=1)
         ->  Sort  (cost=199966.40..202466.40 rows=1000000 width=20) (actual time=372.270..372.672 rows=10000 loops=1)
               Sort Key: s_1.a, s_1.b
               Sort Method: top-N heapsort  Memory: 1575kB
               ->  Sort  (cost=116027.84..118527.84 rows=1000000 width=20) (actual time=226.006..307.748 rows=1000000 loops=1)
                     Sort Key: s_1.a
                     Sort Method: external merge  Disk: 29360kB
                     ->  Seq Scan on s_1  (cost=0.00..16370.00 rows=1000000 width=20) (actual time=0.010..55.266 rows=1000000 loops=1)
 Planning time: 0.208 ms
 Execution time: 376.984 ms
(11 rows)

===== 318 [Wed Mar  7 02:40:23 CET 2018] scale:1000000 groups:1000 work_mem:64MB incremental:off max_workers:2 =====
SELECT * FROM (SELECT * FROM s_2 ORDER BY a, b) foo ORDER BY a, b, c LIMIT 10000
                                                              QUERY PLAN                                                               
---------------------------------------------------------------------------------------------------------------------------------------
 Limit  (cost=200091.40..200091.40 rows=1 width=20) (actual time=406.518..406.518 rows=0 loops=1)
   ->  Limit  (cost=199966.40..199991.40 rows=10000 width=20) (actual time=405.318..406.249 rows=10000 loops=1)
         ->  Sort  (cost=199966.40..202466.40 rows=1000000 width=20) (actual time=405.318..405.707 rows=10000 loops=1)
               Sort Key: s_2.a, s_2.b, s_2.c
               Sort Method: top-N heapsort  Memory: 1550kB
               ->  Sort  (cost=116027.84..118527.84 rows=1000000 width=20) (actual time=247.520..336.191 rows=1000000 loops=1)
                     Sort Key: s_2.a, s_2.b
                     Sort Method: external merge  Disk: 29360kB
                     ->  Seq Scan on s_2  (cost=0.00..16370.00 rows=1000000 width=20) (actual time=0.010..54.873 rows=1000000 loops=1)
 Planning time: 0.217 ms
 Execution time: 410.021 ms
(11 rows)

===== 319 [Wed Mar  7 02:40:25 CET 2018] scale:1000000 groups:1000 work_mem:64MB incremental:off max_workers:2 =====
SELECT * FROM (SELECT * FROM s_3 ORDER BY a, b, c) foo ORDER BY a, b, c, d LIMIT 10000
                                                              QUERY PLAN                                                               
---------------------------------------------------------------------------------------------------------------------------------------
 Limit  (cost=200091.40..200091.40 rows=1 width=20) (actual time=409.010..409.010 rows=0 loops=1)
   ->  Limit  (cost=199966.40..199991.40 rows=10000 width=20) (actual time=407.813..408.744 rows=10000 loops=1)
         ->  Sort  (cost=199966.40..202466.40 rows=1000000 width=20) (actual time=407.812..408.203 rows=10000 loops=1)
               Sort Key: s_3.a, s_3.b, s_3.c, s_3.d
               Sort Method: top-N heapsort  Memory: 1550kB
               ->  Sort  (cost=116027.84..118527.84 rows=1000000 width=20) (actual time=249.993..338.658 rows=1000000 loops=1)
                     Sort Key: s_3.a, s_3.b, s_3.c
                     Sort Method: external merge  Disk: 29360kB
                     ->  Seq Scan on s_3  (cost=0.00..16370.00 rows=1000000 width=20) (actual time=0.014..54.982 rows=1000000 loops=1)
 Planning time: 0.223 ms
 Execution time: 412.523 ms
(11 rows)

===== 320 [Wed Mar  7 02:40:27 CET 2018] scale:1000000 groups:1000 work_mem:64MB incremental:off max_workers:2 =====
SELECT * FROM (SELECT * FROM s_4 ORDER BY a, b, c, d) foo ORDER BY a, b, c, d, e LIMIT 10000
                                                              QUERY PLAN                                                               
---------------------------------------------------------------------------------------------------------------------------------------
 Limit  (cost=200091.40..200091.40 rows=1 width=20) (actual time=408.481..408.481 rows=0 loops=1)
   ->  Limit  (cost=199966.40..199991.40 rows=10000 width=20) (actual time=407.276..408.207 rows=10000 loops=1)
         ->  Sort  (cost=199966.40..202466.40 rows=1000000 width=20) (actual time=407.275..407.664 rows=10000 loops=1)
               Sort Key: s_4.a, s_4.b, s_4.c, s_4.d, s_4.e
               Sort Method: top-N heapsort  Memory: 1550kB
               ->  Sort  (cost=116027.84..118527.84 rows=1000000 width=20) (actual time=249.532..338.098 rows=1000000 loops=1)
                     Sort Key: s_4.a, s_4.b, s_4.c, s_4.d
                     Sort Method: external merge  Disk: 29360kB
                     ->  Seq Scan on s_4  (cost=0.00..16370.00 rows=1000000 width=20) (actual time=0.011..54.983 rows=1000000 loops=1)
 Planning time: 0.227 ms
 Execution time: 411.970 ms
(11 rows)

===== 321 [Wed Mar  7 02:40:29 CET 2018] scale:1000000 groups:1000 work_mem:128MB incremental:on max_workers:2 =====
SELECT * FROM (SELECT * FROM s_1 ORDER BY a) foo ORDER BY a, b LIMIT 10000
                                                                     QUERY PLAN                                                                     
----------------------------------------------------------------------------------------------------------------------------------------------------
 Limit  (cost=50875.73..50875.73 rows=1 width=20) (actual time=64.395..64.395 rows=0 loops=1)
   ->  Limit  (cost=50586.40..50775.73 rows=10000 width=20) (actual time=59.004..64.118 rows=10000 loops=1)
         ->  Incremental Sort  (cost=50586.40..69520.03 rows=1000000 width=20) (actual time=59.004..63.569 rows=10000 loops=1)
               Sort Key: s_1.a, s_1.b
               Presorted Key: s_1.a
               Sort Method: quicksort  Memory: 131kB
               Sort Groups: 11
               ->  Gather Merge  (cost=50429.50..147658.59 rows=833334 width=20) (actual time=58.765..60.308 rows=10476 loops=1)
                     Workers Planned: 2
                     Workers Launched: 2
                     ->  Sort  (cost=49429.48..50471.15 rows=416667 width=20) (actual time=57.323..57.514 rows=4272 loops=3)
                           Sort Key: s_1.a
                           Sort Method: quicksort  Memory: 38218kB
                           Worker 0:  Sort Method: quicksort  Memory: 38206kB
                           Worker 1:  Sort Method: quicksort  Memory: 38567kB
                           ->  Parallel Seq Scan on s_1  (cost=0.00..10536.67 rows=416667 width=20) (actual time=0.009..20.179 rows=333333 loops=3)
 Planning time: 0.222 ms
 Execution time: 69.037 ms
(18 rows)

===== 322 [Wed Mar  7 02:40:29 CET 2018] scale:1000000 groups:1000 work_mem:128MB incremental:on max_workers:2 =====
SELECT * FROM (SELECT * FROM s_2 ORDER BY a, b) foo ORDER BY a, b, c LIMIT 10000
                                                                     QUERY PLAN                                                                     
----------------------------------------------------------------------------------------------------------------------------------------------------
 Limit  (cost=50738.11..50738.11 rows=1 width=20) (actual time=68.817..68.817 rows=0 loops=1)
   ->  Limit  (cost=50430.74..50638.11 rows=10000 width=20) (actual time=64.399..68.531 rows=10000 loops=1)
         ->  Incremental Sort  (cost=50430.74..71167.89 rows=1000000 width=20) (actual time=64.398..67.983 rows=10000 loops=1)
               Sort Key: s_2.a, s_2.b, s_2.c
               Presorted Key: s_2.a, s_2.b
               Sort Method: quicksort  Memory: 27kB
               Sort Groups: 308
               ->  Gather Merge  (cost=50429.50..147658.59 rows=833334 width=20) (actual time=64.362..65.891 rows=10020 loops=1)
                     Workers Planned: 2
                     Workers Launched: 2
                     ->  Sort  (cost=49429.48..50471.15 rows=416667 width=20) (actual time=62.863..63.068 rows=4120 loops=3)
                           Sort Key: s_2.a, s_2.b
                           Sort Method: quicksort  Memory: 38010kB
                           Worker 0:  Sort Method: quicksort  Memory: 38530kB
                           Worker 1:  Sort Method: quicksort  Memory: 38451kB
                           ->  Parallel Seq Scan on s_2  (cost=0.00..10536.67 rows=416667 width=20) (actual time=0.008..20.235 rows=333333 loops=3)
 Planning time: 0.232 ms
 Execution time: 73.681 ms
(18 rows)

===== 323 [Wed Mar  7 02:40:30 CET 2018] scale:1000000 groups:1000 work_mem:128MB incremental:on max_workers:2 =====
SELECT * FROM (SELECT * FROM s_3 ORDER BY a, b, c) foo ORDER BY a, b, c, d LIMIT 10000
                                                                     QUERY PLAN                                                                     
----------------------------------------------------------------------------------------------------------------------------------------------------
 Limit  (cost=50738.11..50738.11 rows=1 width=20) (actual time=68.712..68.712 rows=0 loops=1)
   ->  Limit  (cost=50430.74..50638.11 rows=10000 width=20) (actual time=64.993..68.437 rows=10000 loops=1)
         ->  Incremental Sort  (cost=50430.74..71167.89 rows=1000000 width=20) (actual time=64.992..67.885 rows=10000 loops=1)
               Sort Key: s_3.a, s_3.b, s_3.c, s_3.d
               Presorted Key: s_3.a, s_3.b, s_3.c
               Sort Method: quicksort  Memory: 27kB
               Sort Groups: 313
               ->  Gather Merge  (cost=50429.50..147658.59 rows=833334 width=20) (actual time=64.957..66.485 rows=10017 loops=1)
                     Workers Planned: 2
                     Workers Launched: 2
                     ->  Sort  (cost=49429.48..50471.15 rows=416667 width=20) (actual time=63.412..63.611 rows=4119 loops=3)
                           Sort Key: s_3.a, s_3.b, s_3.c
                           Sort Method: quicksort  Memory: 38223kB
                           Worker 0:  Sort Method: quicksort  Memory: 38341kB
                           Worker 1:  Sort Method: quicksort  Memory: 38427kB
                           ->  Parallel Seq Scan on s_3  (cost=0.00..10536.67 rows=416667 width=20) (actual time=0.010..20.260 rows=333333 loops=3)
 Planning time: 0.234 ms
 Execution time: 73.672 ms
(18 rows)

===== 324 [Wed Mar  7 02:40:30 CET 2018] scale:1000000 groups:1000 work_mem:128MB incremental:on max_workers:2 =====
SELECT * FROM (SELECT * FROM s_4 ORDER BY a, b, c, d) foo ORDER BY a, b, c, d, e LIMIT 10000
                                                                     QUERY PLAN                                                                     
----------------------------------------------------------------------------------------------------------------------------------------------------
 Limit  (cost=50738.11..50738.11 rows=1 width=20) (actual time=68.718..68.718 rows=0 loops=1)
   ->  Limit  (cost=50430.74..50638.11 rows=10000 width=20) (actual time=64.987..68.435 rows=10000 loops=1)
         ->  Incremental Sort  (cost=50430.74..71167.89 rows=1000000 width=20) (actual time=64.986..67.883 rows=10000 loops=1)
               Sort Key: s_4.a, s_4.b, s_4.c, s_4.d, s_4.e
               Presorted Key: s_4.a, s_4.b, s_4.c, s_4.d
               Sort Method: quicksort  Memory: 27kB
               Sort Groups: 313
               ->  Gather Merge  (cost=50429.50..147658.59 rows=833334 width=20) (actual time=64.951..66.484 rows=10017 loops=1)
                     Workers Planned: 2
                     Workers Launched: 2
                     ->  Sort  (cost=49429.48..50471.15 rows=416667 width=20) (actual time=63.427..63.629 rows=4119 loops=3)
                           Sort Key: s_4.a, s_4.b, s_4.c, s_4.d
                           Sort Method: quicksort  Memory: 38243kB
                           Worker 0:  Sort Method: quicksort  Memory: 38370kB
                           Worker 1:  Sort Method: quicksort  Memory: 38377kB
                           ->  Parallel Seq Scan on s_4  (cost=0.00..10536.67 rows=416667 width=20) (actual time=0.009..20.302 rows=333333 loops=3)
 Planning time: 0.246 ms
 Execution time: 73.650 ms
(18 rows)

===== 325 [Wed Mar  7 02:40:31 CET 2018] scale:1000000 groups:1000 work_mem:128MB incremental:off max_workers:2 =====
SELECT * FROM (SELECT * FROM s_1 ORDER BY a) foo ORDER BY a, b LIMIT 10000
                                                              QUERY PLAN                                                               
---------------------------------------------------------------------------------------------------------------------------------------
 Limit  (cost=200091.40..200091.40 rows=1 width=20) (actual time=270.945..270.945 rows=0 loops=1)
   ->  Limit  (cost=199966.40..199991.40 rows=10000 width=20) (actual time=269.720..270.667 rows=10000 loops=1)
         ->  Sort  (cost=199966.40..202466.40 rows=1000000 width=20) (actual time=269.719..270.119 rows=10000 loops=1)
               Sort Key: s_1.a, s_1.b
               Sort Method: top-N heapsort  Memory: 1575kB
               ->  Sort  (cost=116027.84..118527.84 rows=1000000 width=20) (actual time=162.525..197.624 rows=1000000 loops=1)
                     Sort Key: s_1.a
                     Sort Method: quicksort  Memory: 102702kB
                     ->  Seq Scan on s_1  (cost=0.00..16370.00 rows=1000000 width=20) (actual time=0.010..55.407 rows=1000000 loops=1)
 Planning time: 0.212 ms
 Execution time: 275.089 ms
(11 rows)

===== 326 [Wed Mar  7 02:40:32 CET 2018] scale:1000000 groups:1000 work_mem:128MB incremental:off max_workers:2 =====
SELECT * FROM (SELECT * FROM s_2 ORDER BY a, b) foo ORDER BY a, b, c LIMIT 10000
                                                              QUERY PLAN                                                               
---------------------------------------------------------------------------------------------------------------------------------------
 Limit  (cost=200091.40..200091.40 rows=1 width=20) (actual time=297.435..297.435 rows=0 loops=1)
   ->  Limit  (cost=199966.40..199991.40 rows=10000 width=20) (actual time=296.230..297.162 rows=10000 loops=1)
         ->  Sort  (cost=199966.40..202466.40 rows=1000000 width=20) (actual time=296.230..296.618 rows=10000 loops=1)
               Sort Key: s_2.a, s_2.b, s_2.c
               Sort Method: top-N heapsort  Memory: 1550kB
               ->  Sort  (cost=116027.84..118527.84 rows=1000000 width=20) (actual time=183.418..218.705 rows=1000000 loops=1)
                     Sort Key: s_2.a, s_2.b
                     Sort Method: quicksort  Memory: 102702kB
                     ->  Seq Scan on s_2  (cost=0.00..16370.00 rows=1000000 width=20) (actual time=0.011..55.271 rows=1000000 loops=1)
 Planning time: 0.218 ms
 Execution time: 301.582 ms
(11 rows)

===== 327 [Wed Mar  7 02:40:33 CET 2018] scale:1000000 groups:1000 work_mem:128MB incremental:off max_workers:2 =====
SELECT * FROM (SELECT * FROM s_3 ORDER BY a, b, c) foo ORDER BY a, b, c, d LIMIT 10000
                                                              QUERY PLAN                                                               
---------------------------------------------------------------------------------------------------------------------------------------
 Limit  (cost=200091.40..200091.40 rows=1 width=20) (actual time=299.764..299.764 rows=0 loops=1)
   ->  Limit  (cost=199966.40..199991.40 rows=10000 width=20) (actual time=298.555..299.489 rows=10000 loops=1)
         ->  Sort  (cost=199966.40..202466.40 rows=1000000 width=20) (actual time=298.555..298.943 rows=10000 loops=1)
               Sort Key: s_3.a, s_3.b, s_3.c, s_3.d
               Sort Method: top-N heapsort  Memory: 1550kB
               ->  Sort  (cost=116027.84..118527.84 rows=1000000 width=20) (actual time=185.800..221.047 rows=1000000 loops=1)
                     Sort Key: s_3.a, s_3.b, s_3.c
                     Sort Method: quicksort  Memory: 102702kB
                     ->  Seq Scan on s_3  (cost=0.00..16370.00 rows=1000000 width=20) (actual time=0.013..55.270 rows=1000000 loops=1)
 Planning time: 0.218 ms
 Execution time: 303.897 ms
(11 rows)

===== 328 [Wed Mar  7 02:40:35 CET 2018] scale:1000000 groups:1000 work_mem:128MB incremental:off max_workers:2 =====
SELECT * FROM (SELECT * FROM s_4 ORDER BY a, b, c, d) foo ORDER BY a, b, c, d, e LIMIT 10000
                                                              QUERY PLAN                                                               
---------------------------------------------------------------------------------------------------------------------------------------
 Limit  (cost=200091.40..200091.40 rows=1 width=20) (actual time=299.978..299.978 rows=0 loops=1)
   ->  Limit  (cost=199966.40..199991.40 rows=10000 width=20) (actual time=298.768..299.704 rows=10000 loops=1)
         ->  Sort  (cost=199966.40..202466.40 rows=1000000 width=20) (actual time=298.767..299.159 rows=10000 loops=1)
               Sort Key: s_4.a, s_4.b, s_4.c, s_4.d, s_4.e
               Sort Method: top-N heapsort  Memory: 1550kB
               ->  Sort  (cost=116027.84..118527.84 rows=1000000 width=20) (actual time=186.026..221.270 rows=1000000 loops=1)
                     Sort Key: s_4.a, s_4.b, s_4.c, s_4.d
                     Sort Method: quicksort  Memory: 102702kB
                     ->  Seq Scan on s_4  (cost=0.00..16370.00 rows=1000000 width=20) (actual time=0.011..55.275 rows=1000000 loops=1)
 Planning time: 0.234 ms
 Execution time: 304.111 ms
(11 rows)

===== 329 [Wed Mar  7 02:40:36 CET 2018] scale:1000000 groups:1000 work_mem:256MB incremental:on max_workers:2 =====
SELECT * FROM (SELECT * FROM s_1 ORDER BY a) foo ORDER BY a, b LIMIT 10000
                                                                     QUERY PLAN                                                                     
----------------------------------------------------------------------------------------------------------------------------------------------------
 Limit  (cost=50875.73..50875.73 rows=1 width=20) (actual time=64.272..64.272 rows=0 loops=1)
   ->  Limit  (cost=50586.40..50775.73 rows=10000 width=20) (actual time=58.883..63.993 rows=10000 loops=1)
         ->  Incremental Sort  (cost=50586.40..69520.03 rows=1000000 width=20) (actual time=58.882..63.446 rows=10000 loops=1)
               Sort Key: s_1.a, s_1.b
               Presorted Key: s_1.a
               Sort Method: quicksort  Memory: 131kB
               Sort Groups: 11
               ->  Gather Merge  (cost=50429.50..147658.59 rows=833334 width=20) (actual time=58.644..60.177 rows=10476 loops=1)
                     Workers Planned: 2
                     Workers Launched: 2
                     ->  Sort  (cost=49429.48..50471.15 rows=416667 width=20) (actual time=57.156..57.344 rows=4273 loops=3)
                           Sort Key: s_1.a
                           Sort Method: quicksort  Memory: 38132kB
                           Worker 0:  Sort Method: quicksort  Memory: 38420kB
                           Worker 1:  Sort Method: quicksort  Memory: 38439kB
                           ->  Parallel Seq Scan on s_1  (cost=0.00..10536.67 rows=416667 width=20) (actual time=0.009..20.209 rows=333333 loops=3)
 Planning time: 0.221 ms
 Execution time: 69.277 ms
(18 rows)

===== 330 [Wed Mar  7 02:40:36 CET 2018] scale:1000000 groups:1000 work_mem:256MB incremental:on max_workers:2 =====
SELECT * FROM (SELECT * FROM s_2 ORDER BY a, b) foo ORDER BY a, b, c LIMIT 10000
                                                                     QUERY PLAN                                                                     
----------------------------------------------------------------------------------------------------------------------------------------------------
 Limit  (cost=50738.11..50738.11 rows=1 width=20) (actual time=68.694..68.694 rows=0 loops=1)
   ->  Limit  (cost=50430.74..50638.11 rows=10000 width=20) (actual time=64.273..68.417 rows=10000 loops=1)
         ->  Incremental Sort  (cost=50430.74..71167.89 rows=1000000 width=20) (actual time=64.273..67.868 rows=10000 loops=1)
               Sort Key: s_2.a, s_2.b, s_2.c
               Presorted Key: s_2.a, s_2.b
               Sort Method: quicksort  Memory: 27kB
               Sort Groups: 308
               ->  Gather Merge  (cost=50429.50..147658.59 rows=833334 width=20) (actual time=64.237..65.770 rows=10020 loops=1)
                     Workers Planned: 2
                     Workers Launched: 2
                     ->  Sort  (cost=49429.48..50471.15 rows=416667 width=20) (actual time=62.747..62.953 rows=4120 loops=3)
                           Sort Key: s_2.a, s_2.b
                           Sort Method: quicksort  Memory: 38022kB
                           Worker 0:  Sort Method: quicksort  Memory: 38518kB
                           Worker 1:  Sort Method: quicksort  Memory: 38451kB
                           ->  Parallel Seq Scan on s_2  (cost=0.00..10536.67 rows=416667 width=20) (actual time=0.009..20.234 rows=333333 loops=3)
 Planning time: 0.235 ms
 Execution time: 73.522 ms
(18 rows)

===== 331 [Wed Mar  7 02:40:37 CET 2018] scale:1000000 groups:1000 work_mem:256MB incremental:on max_workers:2 =====
SELECT * FROM (SELECT * FROM s_3 ORDER BY a, b, c) foo ORDER BY a, b, c, d LIMIT 10000
                                                                     QUERY PLAN                                                                     
----------------------------------------------------------------------------------------------------------------------------------------------------
 Limit  (cost=50738.11..50738.11 rows=1 width=20) (actual time=68.744..68.744 rows=0 loops=1)
   ->  Limit  (cost=50430.74..50638.11 rows=10000 width=20) (actual time=65.025..68.467 rows=10000 loops=1)
         ->  Incremental Sort  (cost=50430.74..71167.89 rows=1000000 width=20) (actual time=65.024..67.916 rows=10000 loops=1)
               Sort Key: s_3.a, s_3.b, s_3.c, s_3.d
               Presorted Key: s_3.a, s_3.b, s_3.c
               Sort Method: quicksort  Memory: 27kB
               Sort Groups: 313
               ->  Gather Merge  (cost=50429.50..147658.59 rows=833334 width=20) (actual time=64.989..66.507 rows=10017 loops=1)
                     Workers Planned: 2
                     Workers Launched: 2
                     ->  Sort  (cost=49429.48..50471.15 rows=416667 width=20) (actual time=63.467..63.665 rows=4119 loops=3)
                           Sort Key: s_3.a, s_3.b, s_3.c
                           Sort Method: quicksort  Memory: 38186kB
                           Worker 0:  Sort Method: quicksort  Memory: 38414kB
                           Worker 1:  Sort Method: quicksort  Memory: 38390kB
                           ->  Parallel Seq Scan on s_3  (cost=0.00..10536.67 rows=416667 width=20) (actual time=0.010..20.280 rows=333333 loops=3)
 Planning time: 0.232 ms
 Execution time: 73.818 ms
(18 rows)

===== 332 [Wed Mar  7 02:40:37 CET 2018] scale:1000000 groups:1000 work_mem:256MB incremental:on max_workers:2 =====
SELECT * FROM (SELECT * FROM s_4 ORDER BY a, b, c, d) foo ORDER BY a, b, c, d, e LIMIT 10000
                                                                     QUERY PLAN                                                                     
----------------------------------------------------------------------------------------------------------------------------------------------------
 Limit  (cost=50738.11..50738.11 rows=1 width=20) (actual time=68.734..68.734 rows=0 loops=1)
   ->  Limit  (cost=50430.74..50638.11 rows=10000 width=20) (actual time=65.004..68.456 rows=10000 loops=1)
         ->  Incremental Sort  (cost=50430.74..71167.89 rows=1000000 width=20) (actual time=65.003..67.907 rows=10000 loops=1)
               Sort Key: s_4.a, s_4.b, s_4.c, s_4.d, s_4.e
               Presorted Key: s_4.a, s_4.b, s_4.c, s_4.d
               Sort Method: quicksort  Memory: 27kB
               Sort Groups: 313
               ->  Gather Merge  (cost=50429.50..147658.59 rows=833334 width=20) (actual time=64.968..66.504 rows=10017 loops=1)
                     Workers Planned: 2
                     Workers Launched: 2
                     ->  Sort  (cost=49429.48..50471.15 rows=416667 width=20) (actual time=63.453..63.654 rows=4119 loops=3)
                           Sort Key: s_4.a, s_4.b, s_4.c, s_4.d
                           Sort Method: quicksort  Memory: 38243kB
                           Worker 0:  Sort Method: quicksort  Memory: 38316kB
                           Worker 1:  Sort Method: quicksort  Memory: 38432kB
                           ->  Parallel Seq Scan on s_4  (cost=0.00..10536.67 rows=416667 width=20) (actual time=0.010..20.303 rows=333333 loops=3)
 Planning time: 0.236 ms
 Execution time: 73.706 ms
(18 rows)

===== 333 [Wed Mar  7 02:40:38 CET 2018] scale:1000000 groups:1000 work_mem:256MB incremental:off max_workers:2 =====
SELECT * FROM (SELECT * FROM s_1 ORDER BY a) foo ORDER BY a, b LIMIT 10000
                                                              QUERY PLAN                                                               
---------------------------------------------------------------------------------------------------------------------------------------
 Limit  (cost=200091.40..200091.40 rows=1 width=20) (actual time=271.064..271.064 rows=0 loops=1)
   ->  Limit  (cost=199966.40..199991.40 rows=10000 width=20) (actual time=269.838..270.789 rows=10000 loops=1)
         ->  Sort  (cost=199966.40..202466.40 rows=1000000 width=20) (actual time=269.837..270.239 rows=10000 loops=1)
               Sort Key: s_1.a, s_1.b
               Sort Method: top-N heapsort  Memory: 1575kB
               ->  Sort  (cost=116027.84..118527.84 rows=1000000 width=20) (actual time=162.616..197.716 rows=1000000 loops=1)
                     Sort Key: s_1.a
                     Sort Method: quicksort  Memory: 102702kB
                     ->  Seq Scan on s_1  (cost=0.00..16370.00 rows=1000000 width=20) (actual time=0.010..55.457 rows=1000000 loops=1)
 Planning time: 0.206 ms
 Execution time: 275.222 ms
(11 rows)

===== 334 [Wed Mar  7 02:40:39 CET 2018] scale:1000000 groups:1000 work_mem:256MB incremental:off max_workers:2 =====
SELECT * FROM (SELECT * FROM s_2 ORDER BY a, b) foo ORDER BY a, b, c LIMIT 10000
                                                              QUERY PLAN                                                               
---------------------------------------------------------------------------------------------------------------------------------------
 Limit  (cost=200091.40..200091.40 rows=1 width=20) (actual time=297.082..297.082 rows=0 loops=1)
   ->  Limit  (cost=199966.40..199991.40 rows=10000 width=20) (actual time=295.876..296.807 rows=10000 loops=1)
         ->  Sort  (cost=199966.40..202466.40 rows=1000000 width=20) (actual time=295.875..296.262 rows=10000 loops=1)
               Sort Key: s_2.a, s_2.b, s_2.c
               Sort Method: top-N heapsort  Memory: 1550kB
               ->  Sort  (cost=116027.84..118527.84 rows=1000000 width=20) (actual time=183.155..218.421 rows=1000000 loops=1)
                     Sort Key: s_2.a, s_2.b
                     Sort Method: quicksort  Memory: 102702kB
                     ->  Seq Scan on s_2  (cost=0.00..16370.00 rows=1000000 width=20) (actual time=0.010..55.210 rows=1000000 loops=1)
 Planning time: 0.215 ms
 Execution time: 301.223 ms
(11 rows)

===== 335 [Wed Mar  7 02:40:40 CET 2018] scale:1000000 groups:1000 work_mem:256MB incremental:off max_workers:2 =====
SELECT * FROM (SELECT * FROM s_3 ORDER BY a, b, c) foo ORDER BY a, b, c, d LIMIT 10000
                                                              QUERY PLAN                                                               
---------------------------------------------------------------------------------------------------------------------------------------
 Limit  (cost=200091.40..200091.40 rows=1 width=20) (actual time=300.132..300.132 rows=0 loops=1)
   ->  Limit  (cost=199966.40..199991.40 rows=10000 width=20) (actual time=298.924..299.853 rows=10000 loops=1)
         ->  Sort  (cost=199966.40..202466.40 rows=1000000 width=20) (actual time=298.923..299.310 rows=10000 loops=1)
               Sort Key: s_3.a, s_3.b, s_3.c, s_3.d
               Sort Method: top-N heapsort  Memory: 1550kB
               ->  Sort  (cost=116027.84..118527.84 rows=1000000 width=20) (actual time=186.205..221.457 rows=1000000 loops=1)
                     Sort Key: s_3.a, s_3.b, s_3.c
                     Sort Method: quicksort  Memory: 102702kB
                     ->  Seq Scan on s_3  (cost=0.00..16370.00 rows=1000000 width=20) (actual time=0.013..55.305 rows=1000000 loops=1)
 Planning time: 0.218 ms
 Execution time: 304.264 ms
(11 rows)

===== 336 [Wed Mar  7 02:40:42 CET 2018] scale:1000000 groups:1000 work_mem:256MB incremental:off max_workers:2 =====
SELECT * FROM (SELECT * FROM s_4 ORDER BY a, b, c, d) foo ORDER BY a, b, c, d, e LIMIT 10000
                                                              QUERY PLAN                                                               
---------------------------------------------------------------------------------------------------------------------------------------
 Limit  (cost=200091.40..200091.40 rows=1 width=20) (actual time=299.718..299.718 rows=0 loops=1)
   ->  Limit  (cost=199966.40..199991.40 rows=10000 width=20) (actual time=298.513..299.445 rows=10000 loops=1)
         ->  Sort  (cost=199966.40..202466.40 rows=1000000 width=20) (actual time=298.512..298.902 rows=10000 loops=1)
               Sort Key: s_4.a, s_4.b, s_4.c, s_4.d, s_4.e
               Sort Method: top-N heapsort  Memory: 1550kB
               ->  Sort  (cost=116027.84..118527.84 rows=1000000 width=20) (actual time=185.743..221.012 rows=1000000 loops=1)
                     Sort Key: s_4.a, s_4.b, s_4.c, s_4.d
                     Sort Method: quicksort  Memory: 102702kB
                     ->  Seq Scan on s_4  (cost=0.00..16370.00 rows=1000000 width=20) (actual time=0.011..55.289 rows=1000000 loops=1)
 Planning time: 0.228 ms
 Execution time: 303.848 ms
(11 rows)

===== 337 [Wed Mar  7 02:40:50 CET 2018] scale:1000000 groups:10000 work_mem:4MB incremental:on max_workers:0 =====
SELECT * FROM (SELECT * FROM s_1 ORDER BY a) foo ORDER BY a, b LIMIT 10000
                                                              QUERY PLAN                                                               
---------------------------------------------------------------------------------------------------------------------------------------
 Limit  (cost=136823.96..136823.96 rows=1 width=20) (actual time=232.197..232.197 rows=0 loops=1)
   ->  Limit  (cost=136542.44..136723.96 rows=10000 width=20) (actual time=227.958..231.922 rows=10000 loops=1)
         ->  Incremental Sort  (cost=136542.44..154694.32 rows=1000000 width=20) (actual time=227.958..231.373 rows=10000 loops=1)
               Sort Key: s_1.a, s_1.b
               Presorted Key: s_1.a
               Sort Method: quicksort  Memory: 34kB
               Sort Groups: 100
               ->  Sort  (cost=136537.84..139037.84 rows=1000000 width=20) (actual time=227.899..228.859 rows=10059 loops=1)
                     Sort Key: s_1.a
                     Sort Method: external merge  Disk: 29360kB
                     ->  Seq Scan on s_1  (cost=0.00..16370.00 rows=1000000 width=20) (actual time=0.016..68.382 rows=1000000 loops=1)
 Planning time: 0.223 ms
 Execution time: 235.854 ms
(13 rows)

===== 338 [Wed Mar  7 02:40:51 CET 2018] scale:1000000 groups:10000 work_mem:4MB incremental:on max_workers:0 =====
SELECT * FROM (SELECT * FROM s_2 ORDER BY a, b) foo ORDER BY a, b, c LIMIT 10000
                                                              QUERY PLAN                                                               
---------------------------------------------------------------------------------------------------------------------------------------
 Limit  (cost=136836.04..136836.04 rows=1 width=20) (actual time=242.634..242.634 rows=0 loops=1)
   ->  Limit  (cost=136538.13..136736.04 rows=10000 width=20) (actual time=239.577..242.360 rows=10000 loops=1)
         ->  Incremental Sort  (cost=136538.13..156328.94 rows=1000000 width=20) (actual time=239.576..241.811 rows=10000 loops=1)
               Sort Key: s_2.a, s_2.b, s_2.c
               Presorted Key: s_2.a, s_2.b
               Sort Method: quicksort  Memory: 27kB
               Sort Groups: 313
               ->  Sort  (cost=136537.84..139037.84 rows=1000000 width=20) (actual time=239.526..240.521 rows=10017 loops=1)
                     Sort Key: s_2.a, s_2.b
                     Sort Method: external merge  Disk: 29360kB
                     ->  Seq Scan on s_2  (cost=0.00..16370.00 rows=1000000 width=20) (actual time=0.021..68.402 rows=1000000 loops=1)
 Planning time: 0.229 ms
 Execution time: 246.270 ms
(13 rows)

===== 339 [Wed Mar  7 02:40:53 CET 2018] scale:1000000 groups:10000 work_mem:4MB incremental:on max_workers:0 =====
SELECT * FROM (SELECT * FROM s_3 ORDER BY a, b, c) foo ORDER BY a, b, c, d LIMIT 10000
                                                              QUERY PLAN                                                               
---------------------------------------------------------------------------------------------------------------------------------------
 Limit  (cost=136836.04..136836.04 rows=1 width=20) (actual time=248.321..248.321 rows=0 loops=1)
   ->  Limit  (cost=136538.13..136736.04 rows=10000 width=20) (actual time=245.249..248.039 rows=10000 loops=1)
         ->  Incremental Sort  (cost=136538.13..156328.94 rows=1000000 width=20) (actual time=245.248..247.494 rows=10000 loops=1)
               Sort Key: s_3.a, s_3.b, s_3.c, s_3.d
               Presorted Key: s_3.a, s_3.b, s_3.c
               Sort Method: quicksort  Memory: 27kB
               Sort Groups: 313
               ->  Sort  (cost=136537.84..139037.84 rows=1000000 width=20) (actual time=245.200..246.188 rows=10017 loops=1)
                     Sort Key: s_3.a, s_3.b, s_3.c
                     Sort Method: external merge  Disk: 29360kB
                     ->  Seq Scan on s_3  (cost=0.00..16370.00 rows=1000000 width=20) (actual time=0.021..68.253 rows=1000000 loops=1)
 Planning time: 0.225 ms
 Execution time: 251.968 ms
(13 rows)

===== 340 [Wed Mar  7 02:40:54 CET 2018] scale:1000000 groups:10000 work_mem:4MB incremental:on max_workers:0 =====
SELECT * FROM (SELECT * FROM s_4 ORDER BY a, b, c, d) foo ORDER BY a, b, c, d, e LIMIT 10000
                                                              QUERY PLAN                                                               
---------------------------------------------------------------------------------------------------------------------------------------
 Limit  (cost=136836.04..136836.04 rows=1 width=20) (actual time=248.292..248.292 rows=0 loops=1)
   ->  Limit  (cost=136538.13..136736.04 rows=10000 width=20) (actual time=245.217..248.013 rows=10000 loops=1)
         ->  Incremental Sort  (cost=136538.13..156328.94 rows=1000000 width=20) (actual time=245.216..247.464 rows=10000 loops=1)
               Sort Key: s_4.a, s_4.b, s_4.c, s_4.d, s_4.e
               Presorted Key: s_4.a, s_4.b, s_4.c, s_4.d
               Sort Method: quicksort  Memory: 27kB
               Sort Groups: 313
               ->  Sort  (cost=136537.84..139037.84 rows=1000000 width=20) (actual time=245.162..246.148 rows=10017 loops=1)
                     Sort Key: s_4.a, s_4.b, s_4.c, s_4.d
                     Sort Method: external merge  Disk: 29360kB
                     ->  Seq Scan on s_4  (cost=0.00..16370.00 rows=1000000 width=20) (actual time=0.021..68.106 rows=1000000 loops=1)
 Planning time: 0.234 ms
 Execution time: 251.957 ms
(13 rows)

===== 341 [Wed Mar  7 02:40:55 CET 2018] scale:1000000 groups:10000 work_mem:4MB incremental:off max_workers:0 =====
SELECT * FROM (SELECT * FROM s_1 ORDER BY a) foo ORDER BY a, b LIMIT 10000
                                                              QUERY PLAN                                                               
---------------------------------------------------------------------------------------------------------------------------------------
 Limit  (cost=220601.40..220601.40 rows=1 width=20) (actual time=373.499..373.499 rows=0 loops=1)
   ->  Limit  (cost=220476.40..220501.40 rows=10000 width=20) (actual time=372.278..373.225 rows=10000 loops=1)
         ->  Sort  (cost=220476.40..222976.40 rows=1000000 width=20) (actual time=372.277..372.678 rows=10000 loops=1)
               Sort Key: s_1.a, s_1.b
               Sort Method: top-N heapsort  Memory: 1553kB
               ->  Sort  (cost=136537.84..139037.84 rows=1000000 width=20) (actual time=213.942..307.715 rows=1000000 loops=1)
                     Sort Key: s_1.a
                     Sort Method: external merge  Disk: 29360kB
                     ->  Seq Scan on s_1  (cost=0.00..16370.00 rows=1000000 width=20) (actual time=0.007..51.174 rows=1000000 loops=1)
 Planning time: 0.229 ms
 Execution time: 377.280 ms
(11 rows)

===== 342 [Wed Mar  7 02:40:57 CET 2018] scale:1000000 groups:10000 work_mem:4MB incremental:off max_workers:0 =====
SELECT * FROM (SELECT * FROM s_2 ORDER BY a, b) foo ORDER BY a, b, c LIMIT 10000
                                                              QUERY PLAN                                                               
---------------------------------------------------------------------------------------------------------------------------------------
 Limit  (cost=220601.40..220601.40 rows=1 width=20) (actual time=386.027..386.027 rows=0 loops=1)
   ->  Limit  (cost=220476.40..220501.40 rows=10000 width=20) (actual time=384.816..385.751 rows=10000 loops=1)
         ->  Sort  (cost=220476.40..222976.40 rows=1000000 width=20) (actual time=384.815..385.206 rows=10000 loops=1)
               Sort Key: s_2.a, s_2.b, s_2.c
               Sort Method: top-N heapsort  Memory: 1550kB
               ->  Sort  (cost=136537.84..139037.84 rows=1000000 width=20) (actual time=225.759..319.526 rows=1000000 loops=1)
                     Sort Key: s_2.a, s_2.b
                     Sort Method: external merge  Disk: 29360kB
                     ->  Seq Scan on s_2  (cost=0.00..16370.00 rows=1000000 width=20) (actual time=0.013..51.232 rows=1000000 loops=1)
 Planning time: 0.223 ms
 Execution time: 389.815 ms
(11 rows)

===== 343 [Wed Mar  7 02:40:59 CET 2018] scale:1000000 groups:10000 work_mem:4MB incremental:off max_workers:0 =====
SELECT * FROM (SELECT * FROM s_3 ORDER BY a, b, c) foo ORDER BY a, b, c, d LIMIT 10000
                                                              QUERY PLAN                                                               
---------------------------------------------------------------------------------------------------------------------------------------
 Limit  (cost=220601.40..220601.40 rows=1 width=20) (actual time=404.491..404.491 rows=0 loops=1)
   ->  Limit  (cost=220476.40..220501.40 rows=10000 width=20) (actual time=403.288..404.219 rows=10000 loops=1)
         ->  Sort  (cost=220476.40..222976.40 rows=1000000 width=20) (actual time=403.287..403.675 rows=10000 loops=1)
               Sort Key: s_3.a, s_3.b, s_3.c, s_3.d
               Sort Method: top-N heapsort  Memory: 1550kB
               ->  Sort  (cost=136537.84..139037.84 rows=1000000 width=20) (actual time=231.797..332.868 rows=1000000 loops=1)
                     Sort Key: s_3.a, s_3.b, s_3.c
                     Sort Method: external merge  Disk: 29360kB
                     ->  Seq Scan on s_3  (cost=0.00..16370.00 rows=1000000 width=20) (actual time=0.012..50.810 rows=1000000 loops=1)
 Planning time: 0.230 ms
 Execution time: 408.270 ms
(11 rows)

===== 344 [Wed Mar  7 02:41:01 CET 2018] scale:1000000 groups:10000 work_mem:4MB incremental:off max_workers:0 =====
SELECT * FROM (SELECT * FROM s_4 ORDER BY a, b, c, d) foo ORDER BY a, b, c, d, e LIMIT 10000
                                                              QUERY PLAN                                                               
---------------------------------------------------------------------------------------------------------------------------------------
 Limit  (cost=220601.40..220601.40 rows=1 width=20) (actual time=404.362..404.362 rows=0 loops=1)
   ->  Limit  (cost=220476.40..220501.40 rows=10000 width=20) (actual time=403.162..404.092 rows=10000 loops=1)
         ->  Sort  (cost=220476.40..222976.40 rows=1000000 width=20) (actual time=403.161..403.549 rows=10000 loops=1)
               Sort Key: s_4.a, s_4.b, s_4.c, s_4.d, s_4.e
               Sort Method: top-N heapsort  Memory: 1550kB
               ->  Sort  (cost=136537.84..139037.84 rows=1000000 width=20) (actual time=231.570..332.697 rows=1000000 loops=1)
                     Sort Key: s_4.a, s_4.b, s_4.c, s_4.d
                     Sort Method: external merge  Disk: 29360kB
                     ->  Seq Scan on s_4  (cost=0.00..16370.00 rows=1000000 width=20) (actual time=0.011..50.791 rows=1000000 loops=1)
 Planning time: 0.227 ms
 Execution time: 408.170 ms
(11 rows)

===== 345 [Wed Mar  7 02:41:03 CET 2018] scale:1000000 groups:10000 work_mem:8MB incremental:on max_workers:0 =====
SELECT * FROM (SELECT * FROM s_1 ORDER BY a) foo ORDER BY a, b LIMIT 10000
                                                              QUERY PLAN                                                               
---------------------------------------------------------------------------------------------------------------------------------------
 Limit  (cost=136823.96..136823.96 rows=1 width=20) (actual time=189.950..189.950 rows=0 loops=1)
   ->  Limit  (cost=136542.44..136723.96 rows=10000 width=20) (actual time=185.752..189.679 rows=10000 loops=1)
         ->  Incremental Sort  (cost=136542.44..154694.32 rows=1000000 width=20) (actual time=185.751..189.130 rows=10000 loops=1)
               Sort Key: s_1.a, s_1.b
               Presorted Key: s_1.a
               Sort Method: quicksort  Memory: 34kB
               Sort Groups: 100
               ->  Sort  (cost=136537.84..139037.84 rows=1000000 width=20) (actual time=185.691..186.616 rows=10059 loops=1)
                     Sort Key: s_1.a
                     Sort Method: external merge  Disk: 29360kB
                     ->  Seq Scan on s_1  (cost=0.00..16370.00 rows=1000000 width=20) (actual time=0.007..51.674 rows=1000000 loops=1)
 Planning time: 0.234 ms
 Execution time: 193.429 ms
(13 rows)

===== 346 [Wed Mar  7 02:41:04 CET 2018] scale:1000000 groups:10000 work_mem:8MB incremental:on max_workers:0 =====
SELECT * FROM (SELECT * FROM s_2 ORDER BY a, b) foo ORDER BY a, b, c LIMIT 10000
                                                              QUERY PLAN                                                               
---------------------------------------------------------------------------------------------------------------------------------------
 Limit  (cost=136836.04..136836.04 rows=1 width=20) (actual time=201.577..201.577 rows=0 loops=1)
   ->  Limit  (cost=136538.13..136736.04 rows=10000 width=20) (actual time=198.577..201.310 rows=10000 loops=1)
         ->  Incremental Sort  (cost=136538.13..156328.94 rows=1000000 width=20) (actual time=198.577..200.762 rows=10000 loops=1)
               Sort Key: s_2.a, s_2.b, s_2.c
               Presorted Key: s_2.a, s_2.b
               Sort Method: quicksort  Memory: 27kB
               Sort Groups: 313
               ->  Sort  (cost=136537.84..139037.84 rows=1000000 width=20) (actual time=198.528..199.469 rows=10017 loops=1)
                     Sort Key: s_2.a, s_2.b
                     Sort Method: external merge  Disk: 29360kB
                     ->  Seq Scan on s_2  (cost=0.00..16370.00 rows=1000000 width=20) (actual time=0.010..51.748 rows=1000000 loops=1)
 Planning time: 0.227 ms
 Execution time: 205.051 ms
(13 rows)

===== 347 [Wed Mar  7 02:41:05 CET 2018] scale:1000000 groups:10000 work_mem:8MB incremental:on max_workers:0 =====
SELECT * FROM (SELECT * FROM s_3 ORDER BY a, b, c) foo ORDER BY a, b, c, d LIMIT 10000
                                                              QUERY PLAN                                                               
---------------------------------------------------------------------------------------------------------------------------------------
 Limit  (cost=136836.04..136836.04 rows=1 width=20) (actual time=206.729..206.729 rows=0 loops=1)
   ->  Limit  (cost=136538.13..136736.04 rows=10000 width=20) (actual time=203.717..206.447 rows=10000 loops=1)
         ->  Incremental Sort  (cost=136538.13..156328.94 rows=1000000 width=20) (actual time=203.717..205.902 rows=10000 loops=1)
               Sort Key: s_3.a, s_3.b, s_3.c, s_3.d
               Presorted Key: s_3.a, s_3.b, s_3.c
               Sort Method: quicksort  Memory: 27kB
               Sort Groups: 313
               ->  Sort  (cost=136537.84..139037.84 rows=1000000 width=20) (actual time=203.668..204.599 rows=10017 loops=1)
                     Sort Key: s_3.a, s_3.b, s_3.c
                     Sort Method: external merge  Disk: 29360kB
                     ->  Seq Scan on s_3  (cost=0.00..16370.00 rows=1000000 width=20) (actual time=0.011..51.452 rows=1000000 loops=1)
 Planning time: 0.231 ms
 Execution time: 210.216 ms
(13 rows)

===== 348 [Wed Mar  7 02:41:06 CET 2018] scale:1000000 groups:10000 work_mem:8MB incremental:on max_workers:0 =====
SELECT * FROM (SELECT * FROM s_4 ORDER BY a, b, c, d) foo ORDER BY a, b, c, d, e LIMIT 10000
                                                              QUERY PLAN                                                               
---------------------------------------------------------------------------------------------------------------------------------------
 Limit  (cost=136836.04..136836.04 rows=1 width=20) (actual time=206.823..206.823 rows=0 loops=1)
   ->  Limit  (cost=136538.13..136736.04 rows=10000 width=20) (actual time=203.811..206.541 rows=10000 loops=1)
         ->  Incremental Sort  (cost=136538.13..156328.94 rows=1000000 width=20) (actual time=203.811..205.996 rows=10000 loops=1)
               Sort Key: s_4.a, s_4.b, s_4.c, s_4.d, s_4.e
               Presorted Key: s_4.a, s_4.b, s_4.c, s_4.d
               Sort Method: quicksort  Memory: 27kB
               Sort Groups: 313
               ->  Sort  (cost=136537.84..139037.84 rows=1000000 width=20) (actual time=203.756..204.684 rows=10017 loops=1)
                     Sort Key: s_4.a, s_4.b, s_4.c, s_4.d
                     Sort Method: external merge  Disk: 29360kB
                     ->  Seq Scan on s_4  (cost=0.00..16370.00 rows=1000000 width=20) (actual time=0.011..51.570 rows=1000000 loops=1)
 Planning time: 0.235 ms
 Execution time: 210.328 ms
(13 rows)

===== 349 [Wed Mar  7 02:41:07 CET 2018] scale:1000000 groups:10000 work_mem:8MB incremental:off max_workers:0 =====
SELECT * FROM (SELECT * FROM s_1 ORDER BY a) foo ORDER BY a, b LIMIT 10000
                                                              QUERY PLAN                                                               
---------------------------------------------------------------------------------------------------------------------------------------
 Limit  (cost=220601.40..220601.40 rows=1 width=20) (actual time=342.848..342.848 rows=0 loops=1)
   ->  Limit  (cost=220476.40..220501.40 rows=10000 width=20) (actual time=341.623..342.574 rows=10000 loops=1)
         ->  Sort  (cost=220476.40..222976.40 rows=1000000 width=20) (actual time=341.622..342.024 rows=10000 loops=1)
               Sort Key: s_1.a, s_1.b
               Sort Method: top-N heapsort  Memory: 1553kB
               ->  Sort  (cost=136537.84..139037.84 rows=1000000 width=20) (actual time=185.194..276.996 rows=1000000 loops=1)
                     Sort Key: s_1.a
                     Sort Method: external merge  Disk: 29360kB
                     ->  Seq Scan on s_1  (cost=0.00..16370.00 rows=1000000 width=20) (actual time=0.007..51.620 rows=1000000 loops=1)
 Planning time: 0.226 ms
 Execution time: 346.810 ms
(11 rows)

===== 350 [Wed Mar  7 02:41:09 CET 2018] scale:1000000 groups:10000 work_mem:8MB incremental:off max_workers:0 =====
SELECT * FROM (SELECT * FROM s_2 ORDER BY a, b) foo ORDER BY a, b, c LIMIT 10000
                                                              QUERY PLAN                                                               
---------------------------------------------------------------------------------------------------------------------------------------
 Limit  (cost=220601.40..220601.40 rows=1 width=20) (actual time=356.473..356.473 rows=0 loops=1)
   ->  Limit  (cost=220476.40..220501.40 rows=10000 width=20) (actual time=355.274..356.207 rows=10000 loops=1)
         ->  Sort  (cost=220476.40..222976.40 rows=1000000 width=20) (actual time=355.273..355.665 rows=10000 loops=1)
               Sort Key: s_2.a, s_2.b, s_2.c
               Sort Method: top-N heapsort  Memory: 1550kB
               ->  Sort  (cost=136537.84..139037.84 rows=1000000 width=20) (actual time=198.073..289.881 rows=1000000 loops=1)
                     Sort Key: s_2.a, s_2.b
                     Sort Method: external merge  Disk: 29360kB
                     ->  Seq Scan on s_2  (cost=0.00..16370.00 rows=1000000 width=20) (actual time=0.013..51.676 rows=1000000 loops=1)
 Planning time: 0.225 ms
 Execution time: 360.463 ms
(11 rows)

===== 351 [Wed Mar  7 02:41:11 CET 2018] scale:1000000 groups:10000 work_mem:8MB incremental:off max_workers:0 =====
SELECT * FROM (SELECT * FROM s_3 ORDER BY a, b, c) foo ORDER BY a, b, c, d LIMIT 10000
                                                              QUERY PLAN                                                               
---------------------------------------------------------------------------------------------------------------------------------------
 Limit  (cost=220601.40..220601.40 rows=1 width=20) (actual time=374.268..374.268 rows=0 loops=1)
   ->  Limit  (cost=220476.40..220501.40 rows=10000 width=20) (actual time=373.058..373.994 rows=10000 loops=1)
         ->  Sort  (cost=220476.40..222976.40 rows=1000000 width=20) (actual time=373.058..373.445 rows=10000 loops=1)
               Sort Key: s_3.a, s_3.b, s_3.c, s_3.d
               Sort Method: top-N heapsort  Memory: 1550kB
               ->  Sort  (cost=136537.84..139037.84 rows=1000000 width=20) (actual time=203.985..302.720 rows=1000000 loops=1)
                     Sort Key: s_3.a, s_3.b, s_3.c
                     Sort Method: external merge  Disk: 29360kB
                     ->  Seq Scan on s_3  (cost=0.00..16370.00 rows=1000000 width=20) (actual time=0.011..51.181 rows=1000000 loops=1)
 Planning time: 0.219 ms
 Execution time: 378.266 ms
(11 rows)

===== 352 [Wed Mar  7 02:41:12 CET 2018] scale:1000000 groups:10000 work_mem:8MB incremental:off max_workers:0 =====
SELECT * FROM (SELECT * FROM s_4 ORDER BY a, b, c, d) foo ORDER BY a, b, c, d, e LIMIT 10000
                                                              QUERY PLAN                                                               
---------------------------------------------------------------------------------------------------------------------------------------
 Limit  (cost=220601.40..220601.40 rows=1 width=20) (actual time=373.840..373.840 rows=0 loops=1)
   ->  Limit  (cost=220476.40..220501.40 rows=10000 width=20) (actual time=372.634..373.563 rows=10000 loops=1)
         ->  Sort  (cost=220476.40..222976.40 rows=1000000 width=20) (actual time=372.633..373.019 rows=10000 loops=1)
               Sort Key: s_4.a, s_4.b, s_4.c, s_4.d, s_4.e
               Sort Method: top-N heapsort  Memory: 1550kB
               ->  Sort  (cost=136537.84..139037.84 rows=1000000 width=20) (actual time=203.582..302.327 rows=1000000 loops=1)
                     Sort Key: s_4.a, s_4.b, s_4.c, s_4.d
                     Sort Method: external merge  Disk: 29360kB
                     ->  Seq Scan on s_4  (cost=0.00..16370.00 rows=1000000 width=20) (actual time=0.011..51.167 rows=1000000 loops=1)
 Planning time: 0.226 ms
 Execution time: 377.799 ms
(11 rows)

===== 353 [Wed Mar  7 02:41:14 CET 2018] scale:1000000 groups:10000 work_mem:16MB incremental:on max_workers:0 =====
SELECT * FROM (SELECT * FROM s_1 ORDER BY a) foo ORDER BY a, b LIMIT 10000
                                                              QUERY PLAN                                                               
---------------------------------------------------------------------------------------------------------------------------------------
 Limit  (cost=136823.96..136823.96 rows=1 width=20) (actual time=198.352..198.352 rows=0 loops=1)
   ->  Limit  (cost=136542.44..136723.96 rows=10000 width=20) (actual time=194.157..198.075 rows=10000 loops=1)
         ->  Incremental Sort  (cost=136542.44..154694.32 rows=1000000 width=20) (actual time=194.156..197.527 rows=10000 loops=1)
               Sort Key: s_1.a, s_1.b
               Presorted Key: s_1.a
               Sort Method: quicksort  Memory: 34kB
               Sort Groups: 100
               ->  Sort  (cost=136537.84..139037.84 rows=1000000 width=20) (actual time=194.096..195.018 rows=10059 loops=1)
                     Sort Key: s_1.a
                     Sort Method: external merge  Disk: 29392kB
                     ->  Seq Scan on s_1  (cost=0.00..16370.00 rows=1000000 width=20) (actual time=0.007..52.294 rows=1000000 loops=1)
 Planning time: 0.215 ms
 Execution time: 202.546 ms
(13 rows)

===== 354 [Wed Mar  7 02:41:15 CET 2018] scale:1000000 groups:10000 work_mem:16MB incremental:on max_workers:0 =====
SELECT * FROM (SELECT * FROM s_2 ORDER BY a, b) foo ORDER BY a, b, c LIMIT 10000
                                                              QUERY PLAN                                                               
---------------------------------------------------------------------------------------------------------------------------------------
 Limit  (cost=136836.04..136836.04 rows=1 width=20) (actual time=209.932..209.932 rows=0 loops=1)
   ->  Limit  (cost=136538.13..136736.04 rows=10000 width=20) (actual time=206.920..209.657 rows=10000 loops=1)
         ->  Incremental Sort  (cost=136538.13..156328.94 rows=1000000 width=20) (actual time=206.920..209.108 rows=10000 loops=1)
               Sort Key: s_2.a, s_2.b, s_2.c
               Presorted Key: s_2.a, s_2.b
               Sort Method: quicksort  Memory: 27kB
               Sort Groups: 313
               ->  Sort  (cost=136537.84..139037.84 rows=1000000 width=20) (actual time=206.870..207.815 rows=10017 loops=1)
                     Sort Key: s_2.a, s_2.b
                     Sort Method: external merge  Disk: 29392kB
                     ->  Seq Scan on s_2  (cost=0.00..16370.00 rows=1000000 width=20) (actual time=0.010..52.361 rows=1000000 loops=1)
 Planning time: 0.232 ms
 Execution time: 214.144 ms
(13 rows)

===== 355 [Wed Mar  7 02:41:16 CET 2018] scale:1000000 groups:10000 work_mem:16MB incremental:on max_workers:0 =====
SELECT * FROM (SELECT * FROM s_3 ORDER BY a, b, c) foo ORDER BY a, b, c, d LIMIT 10000
                                                              QUERY PLAN                                                               
---------------------------------------------------------------------------------------------------------------------------------------
 Limit  (cost=136836.04..136836.04 rows=1 width=20) (actual time=215.454..215.454 rows=0 loops=1)
   ->  Limit  (cost=136538.13..136736.04 rows=10000 width=20) (actual time=212.437..215.172 rows=10000 loops=1)
         ->  Incremental Sort  (cost=136538.13..156328.94 rows=1000000 width=20) (actual time=212.437..214.625 rows=10000 loops=1)
               Sort Key: s_3.a, s_3.b, s_3.c, s_3.d
               Presorted Key: s_3.a, s_3.b, s_3.c
               Sort Method: quicksort  Memory: 27kB
               Sort Groups: 313
               ->  Sort  (cost=136537.84..139037.84 rows=1000000 width=20) (actual time=212.388..213.319 rows=10017 loops=1)
                     Sort Key: s_3.a, s_3.b, s_3.c
                     Sort Method: external merge  Disk: 29392kB
                     ->  Seq Scan on s_3  (cost=0.00..16370.00 rows=1000000 width=20) (actual time=0.011..52.115 rows=1000000 loops=1)
 Planning time: 0.228 ms
 Execution time: 219.651 ms
(13 rows)

===== 356 [Wed Mar  7 02:41:17 CET 2018] scale:1000000 groups:10000 work_mem:16MB incremental:on max_workers:0 =====
SELECT * FROM (SELECT * FROM s_4 ORDER BY a, b, c, d) foo ORDER BY a, b, c, d, e LIMIT 10000
                                                              QUERY PLAN                                                               
---------------------------------------------------------------------------------------------------------------------------------------
 Limit  (cost=136836.04..136836.04 rows=1 width=20) (actual time=215.156..215.156 rows=0 loops=1)
   ->  Limit  (cost=136538.13..136736.04 rows=10000 width=20) (actual time=212.138..214.872 rows=10000 loops=1)
         ->  Incremental Sort  (cost=136538.13..156328.94 rows=1000000 width=20) (actual time=212.137..214.326 rows=10000 loops=1)
               Sort Key: s_4.a, s_4.b, s_4.c, s_4.d, s_4.e
               Presorted Key: s_4.a, s_4.b, s_4.c, s_4.d
               Sort Method: quicksort  Memory: 27kB
               Sort Groups: 313
               ->  Sort  (cost=136537.84..139037.84 rows=1000000 width=20) (actual time=212.083..213.014 rows=10017 loops=1)
                     Sort Key: s_4.a, s_4.b, s_4.c, s_4.d
                     Sort Method: external merge  Disk: 29392kB
                     ->  Seq Scan on s_4  (cost=0.00..16370.00 rows=1000000 width=20) (actual time=0.011..52.096 rows=1000000 loops=1)
 Planning time: 0.233 ms
 Execution time: 219.362 ms
(13 rows)

===== 357 [Wed Mar  7 02:41:19 CET 2018] scale:1000000 groups:10000 work_mem:16MB incremental:off max_workers:0 =====
SELECT * FROM (SELECT * FROM s_1 ORDER BY a) foo ORDER BY a, b LIMIT 10000
                                                              QUERY PLAN                                                               
---------------------------------------------------------------------------------------------------------------------------------------
 Limit  (cost=220601.40..220601.40 rows=1 width=20) (actual time=348.907..348.907 rows=0 loops=1)
   ->  Limit  (cost=220476.40..220501.40 rows=10000 width=20) (actual time=347.685..348.632 rows=10000 loops=1)
         ->  Sort  (cost=220476.40..222976.40 rows=1000000 width=20) (actual time=347.684..348.083 rows=10000 loops=1)
               Sort Key: s_1.a, s_1.b
               Sort Method: top-N heapsort  Memory: 1553kB
               ->  Sort  (cost=136537.84..139037.84 rows=1000000 width=20) (actual time=192.849..283.023 rows=1000000 loops=1)
                     Sort Key: s_1.a
                     Sort Method: external merge  Disk: 29392kB
                     ->  Seq Scan on s_1  (cost=0.00..16370.00 rows=1000000 width=20) (actual time=0.007..52.171 rows=1000000 loops=1)
 Planning time: 0.213 ms
 Execution time: 353.251 ms
(11 rows)

===== 358 [Wed Mar  7 02:41:20 CET 2018] scale:1000000 groups:10000 work_mem:16MB incremental:off max_workers:0 =====
SELECT * FROM (SELECT * FROM s_2 ORDER BY a, b) foo ORDER BY a, b, c LIMIT 10000
                                                              QUERY PLAN                                                               
---------------------------------------------------------------------------------------------------------------------------------------
 Limit  (cost=220601.40..220601.40 rows=1 width=20) (actual time=363.272..363.272 rows=0 loops=1)
   ->  Limit  (cost=220476.40..220501.40 rows=10000 width=20) (actual time=362.059..362.997 rows=10000 loops=1)
         ->  Sort  (cost=220476.40..222976.40 rows=1000000 width=20) (actual time=362.058..362.451 rows=10000 loops=1)
               Sort Key: s_2.a, s_2.b, s_2.c
               Sort Method: top-N heapsort  Memory: 1550kB
               ->  Sort  (cost=136537.84..139037.84 rows=1000000 width=20) (actual time=206.495..296.690 rows=1000000 loops=1)
                     Sort Key: s_2.a, s_2.b
                     Sort Method: external merge  Disk: 29392kB
                     ->  Seq Scan on s_2  (cost=0.00..16370.00 rows=1000000 width=20) (actual time=0.013..52.259 rows=1000000 loops=1)
 Planning time: 0.224 ms
 Execution time: 367.587 ms
(11 rows)

===== 359 [Wed Mar  7 02:41:22 CET 2018] scale:1000000 groups:10000 work_mem:16MB incremental:off max_workers:0 =====
SELECT * FROM (SELECT * FROM s_3 ORDER BY a, b, c) foo ORDER BY a, b, c, d LIMIT 10000
                                                              QUERY PLAN                                                               
---------------------------------------------------------------------------------------------------------------------------------------
 Limit  (cost=220601.40..220601.40 rows=1 width=20) (actual time=380.102..380.102 rows=0 loops=1)
   ->  Limit  (cost=220476.40..220501.40 rows=10000 width=20) (actual time=378.892..379.825 rows=10000 loops=1)
         ->  Sort  (cost=220476.40..222976.40 rows=1000000 width=20) (actual time=378.891..379.280 rows=10000 loops=1)
               Sort Key: s_3.a, s_3.b, s_3.c, s_3.d
               Sort Method: top-N heapsort  Memory: 1550kB
               ->  Sort  (cost=136537.84..139037.84 rows=1000000 width=20) (actual time=211.995..308.888 rows=1000000 loops=1)
                     Sort Key: s_3.a, s_3.b, s_3.c
                     Sort Method: external merge  Disk: 29392kB
                     ->  Seq Scan on s_3  (cost=0.00..16370.00 rows=1000000 width=20) (actual time=0.011..51.762 rows=1000000 loops=1)
 Planning time: 0.218 ms
 Execution time: 384.441 ms
(11 rows)

===== 360 [Wed Mar  7 02:41:24 CET 2018] scale:1000000 groups:10000 work_mem:16MB incremental:off max_workers:0 =====
SELECT * FROM (SELECT * FROM s_4 ORDER BY a, b, c, d) foo ORDER BY a, b, c, d, e LIMIT 10000
                                                              QUERY PLAN                                                               
---------------------------------------------------------------------------------------------------------------------------------------
 Limit  (cost=220601.40..220601.40 rows=1 width=20) (actual time=379.912..379.912 rows=0 loops=1)
   ->  Limit  (cost=220476.40..220501.40 rows=10000 width=20) (actual time=378.707..379.639 rows=10000 loops=1)
         ->  Sort  (cost=220476.40..222976.40 rows=1000000 width=20) (actual time=378.707..379.096 rows=10000 loops=1)
               Sort Key: s_4.a, s_4.b, s_4.c, s_4.d, s_4.e
               Sort Method: top-N heapsort  Memory: 1550kB
               ->  Sort  (cost=136537.84..139037.84 rows=1000000 width=20) (actual time=211.840..308.740 rows=1000000 loops=1)
                     Sort Key: s_4.a, s_4.b, s_4.c, s_4.d
                     Sort Method: external merge  Disk: 29392kB
                     ->  Seq Scan on s_4  (cost=0.00..16370.00 rows=1000000 width=20) (actual time=0.011..51.771 rows=1000000 loops=1)
 Planning time: 0.228 ms
 Execution time: 384.265 ms
(11 rows)

===== 361 [Wed Mar  7 02:41:26 CET 2018] scale:1000000 groups:10000 work_mem:32MB incremental:on max_workers:0 =====
SELECT * FROM (SELECT * FROM s_1 ORDER BY a) foo ORDER BY a, b LIMIT 10000
                                                              QUERY PLAN                                                               
---------------------------------------------------------------------------------------------------------------------------------------
 Limit  (cost=136823.96..136823.96 rows=1 width=20) (actual time=214.007..214.007 rows=0 loops=1)
   ->  Limit  (cost=136542.44..136723.96 rows=10000 width=20) (actual time=209.811..213.730 rows=10000 loops=1)
         ->  Incremental Sort  (cost=136542.44..154694.32 rows=1000000 width=20) (actual time=209.810..213.184 rows=10000 loops=1)
               Sort Key: s_1.a, s_1.b
               Presorted Key: s_1.a
               Sort Method: quicksort  Memory: 34kB
               Sort Groups: 100
               ->  Sort  (cost=136537.84..139037.84 rows=1000000 width=20) (actual time=209.751..210.672 rows=10059 loops=1)
                     Sort Key: s_1.a
                     Sort Method: external merge  Disk: 29360kB
                     ->  Seq Scan on s_1  (cost=0.00..16370.00 rows=1000000 width=20) (actual time=0.007..53.653 rows=1000000 loops=1)
 Planning time: 0.217 ms
 Execution time: 218.971 ms
(13 rows)

===== 362 [Wed Mar  7 02:41:27 CET 2018] scale:1000000 groups:10000 work_mem:32MB incremental:on max_workers:0 =====
SELECT * FROM (SELECT * FROM s_2 ORDER BY a, b) foo ORDER BY a, b, c LIMIT 10000
                                                              QUERY PLAN                                                               
---------------------------------------------------------------------------------------------------------------------------------------
 Limit  (cost=136836.04..136836.04 rows=1 width=20) (actual time=224.452..224.452 rows=0 loops=1)
   ->  Limit  (cost=136538.13..136736.04 rows=10000 width=20) (actual time=221.428..224.178 rows=10000 loops=1)
         ->  Incremental Sort  (cost=136538.13..156328.94 rows=1000000 width=20) (actual time=221.428..223.631 rows=10000 loops=1)
               Sort Key: s_2.a, s_2.b, s_2.c
               Presorted Key: s_2.a, s_2.b
               Sort Method: quicksort  Memory: 27kB
               Sort Groups: 313
               ->  Sort  (cost=136537.84..139037.84 rows=1000000 width=20) (actual time=221.380..222.325 rows=10017 loops=1)
                     Sort Key: s_2.a, s_2.b
                     Sort Method: external merge  Disk: 29360kB
                     ->  Seq Scan on s_2  (cost=0.00..16370.00 rows=1000000 width=20) (actual time=0.010..53.750 rows=1000000 loops=1)
 Planning time: 0.226 ms
 Execution time: 229.427 ms
(13 rows)

===== 363 [Wed Mar  7 02:41:28 CET 2018] scale:1000000 groups:10000 work_mem:32MB incremental:on max_workers:0 =====
SELECT * FROM (SELECT * FROM s_3 ORDER BY a, b, c) foo ORDER BY a, b, c, d LIMIT 10000
                                                              QUERY PLAN                                                               
---------------------------------------------------------------------------------------------------------------------------------------
 Limit  (cost=136836.04..136836.04 rows=1 width=20) (actual time=229.878..229.878 rows=0 loops=1)
   ->  Limit  (cost=136538.13..136736.04 rows=10000 width=20) (actual time=226.854..229.595 rows=10000 loops=1)
         ->  Incremental Sort  (cost=136538.13..156328.94 rows=1000000 width=20) (actual time=226.854..229.051 rows=10000 loops=1)
               Sort Key: s_3.a, s_3.b, s_3.c, s_3.d
               Presorted Key: s_3.a, s_3.b, s_3.c
               Sort Method: quicksort  Memory: 27kB
               Sort Groups: 313
               ->  Sort  (cost=136537.84..139037.84 rows=1000000 width=20) (actual time=226.805..227.736 rows=10017 loops=1)
                     Sort Key: s_3.a, s_3.b, s_3.c
                     Sort Method: external merge  Disk: 29360kB
                     ->  Seq Scan on s_3  (cost=0.00..16370.00 rows=1000000 width=20) (actual time=0.011..53.513 rows=1000000 loops=1)
 Planning time: 0.228 ms
 Execution time: 234.853 ms
(13 rows)

===== 364 [Wed Mar  7 02:41:29 CET 2018] scale:1000000 groups:10000 work_mem:32MB incremental:on max_workers:0 =====
SELECT * FROM (SELECT * FROM s_4 ORDER BY a, b, c, d) foo ORDER BY a, b, c, d, e LIMIT 10000
                                                              QUERY PLAN                                                               
---------------------------------------------------------------------------------------------------------------------------------------
 Limit  (cost=136836.04..136836.04 rows=1 width=20) (actual time=230.041..230.041 rows=0 loops=1)
   ->  Limit  (cost=136538.13..136736.04 rows=10000 width=20) (actual time=227.015..229.755 rows=10000 loops=1)
         ->  Incremental Sort  (cost=136538.13..156328.94 rows=1000000 width=20) (actual time=227.014..229.209 rows=10000 loops=1)
               Sort Key: s_4.a, s_4.b, s_4.c, s_4.d, s_4.e
               Presorted Key: s_4.a, s_4.b, s_4.c, s_4.d
               Sort Method: quicksort  Memory: 27kB
               Sort Groups: 313
               ->  Sort  (cost=136537.84..139037.84 rows=1000000 width=20) (actual time=226.961..227.893 rows=10017 loops=1)
                     Sort Key: s_4.a, s_4.b, s_4.c, s_4.d
                     Sort Method: external merge  Disk: 29360kB
                     ->  Seq Scan on s_4  (cost=0.00..16370.00 rows=1000000 width=20) (actual time=0.011..53.522 rows=1000000 loops=1)
 Planning time: 0.233 ms
 Execution time: 235.024 ms
(13 rows)

===== 365 [Wed Mar  7 02:41:31 CET 2018] scale:1000000 groups:10000 work_mem:32MB incremental:off max_workers:0 =====
SELECT * FROM (SELECT * FROM s_1 ORDER BY a) foo ORDER BY a, b LIMIT 10000
                                                              QUERY PLAN                                                               
---------------------------------------------------------------------------------------------------------------------------------------
 Limit  (cost=220601.40..220601.40 rows=1 width=20) (actual time=361.119..361.119 rows=0 loops=1)
   ->  Limit  (cost=220476.40..220501.40 rows=10000 width=20) (actual time=359.895..360.844 rows=10000 loops=1)
         ->  Sort  (cost=220476.40..222976.40 rows=1000000 width=20) (actual time=359.894..360.294 rows=10000 loops=1)
               Sort Key: s_1.a, s_1.b
               Sort Method: top-N heapsort  Memory: 1553kB
               ->  Sort  (cost=136537.84..139037.84 rows=1000000 width=20) (actual time=208.270..295.791 rows=1000000 loops=1)
                     Sort Key: s_1.a
                     Sort Method: external merge  Disk: 29360kB
                     ->  Seq Scan on s_1  (cost=0.00..16370.00 rows=1000000 width=20) (actual time=0.007..53.415 rows=1000000 loops=1)
 Planning time: 0.218 ms
 Execution time: 365.678 ms
(11 rows)

===== 366 [Wed Mar  7 02:41:32 CET 2018] scale:1000000 groups:10000 work_mem:32MB incremental:off max_workers:0 =====
SELECT * FROM (SELECT * FROM s_2 ORDER BY a, b) foo ORDER BY a, b, c LIMIT 10000
                                                              QUERY PLAN                                                               
---------------------------------------------------------------------------------------------------------------------------------------
 Limit  (cost=220601.40..220601.40 rows=1 width=20) (actual time=374.936..374.936 rows=0 loops=1)
   ->  Limit  (cost=220476.40..220501.40 rows=10000 width=20) (actual time=373.725..374.661 rows=10000 loops=1)
         ->  Sort  (cost=220476.40..222976.40 rows=1000000 width=20) (actual time=373.725..374.114 rows=10000 loops=1)
               Sort Key: s_2.a, s_2.b, s_2.c
               Sort Method: top-N heapsort  Memory: 1550kB
               ->  Sort  (cost=136537.84..139037.84 rows=1000000 width=20) (actual time=221.306..308.933 rows=1000000 loops=1)
                     Sort Key: s_2.a, s_2.b
                     Sort Method: external merge  Disk: 29360kB
                     ->  Seq Scan on s_2  (cost=0.00..16370.00 rows=1000000 width=20) (actual time=0.013..53.453 rows=1000000 loops=1)
 Planning time: 0.221 ms
 Execution time: 379.493 ms
(11 rows)

===== 367 [Wed Mar  7 02:41:34 CET 2018] scale:1000000 groups:10000 work_mem:32MB incremental:off max_workers:0 =====
SELECT * FROM (SELECT * FROM s_3 ORDER BY a, b, c) foo ORDER BY a, b, c, d LIMIT 10000
                                                              QUERY PLAN                                                               
---------------------------------------------------------------------------------------------------------------------------------------
 Limit  (cost=220601.40..220601.40 rows=1 width=20) (actual time=393.250..393.250 rows=0 loops=1)
   ->  Limit  (cost=220476.40..220501.40 rows=10000 width=20) (actual time=392.039..392.976 rows=10000 loops=1)
         ->  Sort  (cost=220476.40..222976.40 rows=1000000 width=20) (actual time=392.038..392.430 rows=10000 loops=1)
               Sort Key: s_3.a, s_3.b, s_3.c, s_3.d
               Sort Method: top-N heapsort  Memory: 1550kB
               ->  Sort  (cost=136537.84..139037.84 rows=1000000 width=20) (actual time=226.890..320.954 rows=1000000 loops=1)
                     Sort Key: s_3.a, s_3.b, s_3.c
                     Sort Method: external merge  Disk: 29360kB
                     ->  Seq Scan on s_3  (cost=0.00..16370.00 rows=1000000 width=20) (actual time=0.011..53.211 rows=1000000 loops=1)
 Planning time: 0.221 ms
 Execution time: 397.832 ms
(11 rows)

===== 368 [Wed Mar  7 02:41:36 CET 2018] scale:1000000 groups:10000 work_mem:32MB incremental:off max_workers:0 =====
SELECT * FROM (SELECT * FROM s_4 ORDER BY a, b, c, d) foo ORDER BY a, b, c, d, e LIMIT 10000
                                                              QUERY PLAN                                                               
---------------------------------------------------------------------------------------------------------------------------------------
 Limit  (cost=220601.40..220601.40 rows=1 width=20) (actual time=393.074..393.074 rows=0 loops=1)
   ->  Limit  (cost=220476.40..220501.40 rows=10000 width=20) (actual time=391.866..392.800 rows=10000 loops=1)
         ->  Sort  (cost=220476.40..222976.40 rows=1000000 width=20) (actual time=391.865..392.256 rows=10000 loops=1)
               Sort Key: s_4.a, s_4.b, s_4.c, s_4.d, s_4.e
               Sort Method: top-N heapsort  Memory: 1550kB
               ->  Sort  (cost=136537.84..139037.84 rows=1000000 width=20) (actual time=226.626..320.738 rows=1000000 loops=1)
                     Sort Key: s_4.a, s_4.b, s_4.c, s_4.d
                     Sort Method: external merge  Disk: 29360kB
                     ->  Seq Scan on s_4  (cost=0.00..16370.00 rows=1000000 width=20) (actual time=0.011..53.229 rows=1000000 loops=1)
 Planning time: 0.230 ms
 Execution time: 397.646 ms
(11 rows)

===== 369 [Wed Mar  7 02:41:38 CET 2018] scale:1000000 groups:10000 work_mem:64MB incremental:on max_workers:0 =====
SELECT * FROM (SELECT * FROM s_1 ORDER BY a) foo ORDER BY a, b LIMIT 10000
                                                              QUERY PLAN                                                               
---------------------------------------------------------------------------------------------------------------------------------------
 Limit  (cost=116313.96..116313.96 rows=1 width=20) (actual time=230.061..230.061 rows=0 loops=1)
   ->  Limit  (cost=116032.44..116213.96 rows=10000 width=20) (actual time=225.945..229.778 rows=10000 loops=1)
         ->  Incremental Sort  (cost=116032.44..134184.32 rows=1000000 width=20) (actual time=225.944..229.232 rows=10000 loops=1)
               Sort Key: s_1.a, s_1.b
               Presorted Key: s_1.a
               Sort Method: quicksort  Memory: 34kB
               Sort Groups: 100
               ->  Sort  (cost=116027.84..118527.84 rows=1000000 width=20) (actual time=225.883..226.737 rows=10059 loops=1)
                     Sort Key: s_1.a
                     Sort Method: external merge  Disk: 29360kB
                     ->  Seq Scan on s_1  (cost=0.00..16370.00 rows=1000000 width=20) (actual time=0.007..55.558 rows=1000000 loops=1)
 Planning time: 0.223 ms
 Execution time: 234.753 ms
(13 rows)

===== 370 [Wed Mar  7 02:41:39 CET 2018] scale:1000000 groups:10000 work_mem:64MB incremental:on max_workers:0 =====
SELECT * FROM (SELECT * FROM s_2 ORDER BY a, b) foo ORDER BY a, b, c LIMIT 10000
                                                              QUERY PLAN                                                               
---------------------------------------------------------------------------------------------------------------------------------------
 Limit  (cost=116326.04..116326.04 rows=1 width=20) (actual time=241.496..241.496 rows=0 loops=1)
   ->  Limit  (cost=116028.13..116226.04 rows=10000 width=20) (actual time=238.546..241.212 rows=10000 loops=1)
         ->  Incremental Sort  (cost=116028.13..135818.94 rows=1000000 width=20) (actual time=238.545..240.663 rows=10000 loops=1)
               Sort Key: s_2.a, s_2.b, s_2.c
               Presorted Key: s_2.a, s_2.b
               Sort Method: quicksort  Memory: 27kB
               Sort Groups: 313
               ->  Sort  (cost=116027.84..118527.84 rows=1000000 width=20) (actual time=238.495..239.373 rows=10017 loops=1)
                     Sort Key: s_2.a, s_2.b
                     Sort Method: external merge  Disk: 29360kB
                     ->  Seq Scan on s_2  (cost=0.00..16370.00 rows=1000000 width=20) (actual time=0.010..55.645 rows=1000000 loops=1)
 Planning time: 0.233 ms
 Execution time: 246.158 ms
(13 rows)

===== 371 [Wed Mar  7 02:41:41 CET 2018] scale:1000000 groups:10000 work_mem:64MB incremental:on max_workers:0 =====
SELECT * FROM (SELECT * FROM s_3 ORDER BY a, b, c) foo ORDER BY a, b, c, d LIMIT 10000
                                                              QUERY PLAN                                                               
---------------------------------------------------------------------------------------------------------------------------------------
 Limit  (cost=116326.04..116326.04 rows=1 width=20) (actual time=247.955..247.955 rows=0 loops=1)
   ->  Limit  (cost=116028.13..116226.04 rows=10000 width=20) (actual time=245.009..247.679 rows=10000 loops=1)
         ->  Incremental Sort  (cost=116028.13..135818.94 rows=1000000 width=20) (actual time=245.008..247.134 rows=10000 loops=1)
               Sort Key: s_3.a, s_3.b, s_3.c, s_3.d
               Presorted Key: s_3.a, s_3.b, s_3.c
               Sort Method: quicksort  Memory: 27kB
               Sort Groups: 313
               ->  Sort  (cost=116027.84..118527.84 rows=1000000 width=20) (actual time=244.957..245.826 rows=10017 loops=1)
                     Sort Key: s_3.a, s_3.b, s_3.c
                     Sort Method: external merge  Disk: 29360kB
                     ->  Seq Scan on s_3  (cost=0.00..16370.00 rows=1000000 width=20) (actual time=0.010..55.372 rows=1000000 loops=1)
 Planning time: 0.233 ms
 Execution time: 252.627 ms
(13 rows)

===== 372 [Wed Mar  7 02:41:42 CET 2018] scale:1000000 groups:10000 work_mem:64MB incremental:on max_workers:0 =====
SELECT * FROM (SELECT * FROM s_4 ORDER BY a, b, c, d) foo ORDER BY a, b, c, d, e LIMIT 10000
                                                              QUERY PLAN                                                               
---------------------------------------------------------------------------------------------------------------------------------------
 Limit  (cost=116326.04..116326.04 rows=1 width=20) (actual time=247.896..247.896 rows=0 loops=1)
   ->  Limit  (cost=116028.13..116226.04 rows=10000 width=20) (actual time=244.948..247.621 rows=10000 loops=1)
         ->  Incremental Sort  (cost=116028.13..135818.94 rows=1000000 width=20) (actual time=244.947..247.076 rows=10000 loops=1)
               Sort Key: s_4.a, s_4.b, s_4.c, s_4.d, s_4.e
               Presorted Key: s_4.a, s_4.b, s_4.c, s_4.d
               Sort Method: quicksort  Memory: 27kB
               Sort Groups: 313
               ->  Sort  (cost=116027.84..118527.84 rows=1000000 width=20) (actual time=244.891..245.758 rows=10017 loops=1)
                     Sort Key: s_4.a, s_4.b, s_4.c, s_4.d
                     Sort Method: external merge  Disk: 29360kB
                     ->  Seq Scan on s_4  (cost=0.00..16370.00 rows=1000000 width=20) (actual time=0.011..55.359 rows=1000000 loops=1)
 Planning time: 0.233 ms
 Execution time: 252.581 ms
(13 rows)

===== 373 [Wed Mar  7 02:41:43 CET 2018] scale:1000000 groups:10000 work_mem:64MB incremental:off max_workers:0 =====
SELECT * FROM (SELECT * FROM s_1 ORDER BY a) foo ORDER BY a, b LIMIT 10000
                                                              QUERY PLAN                                                               
---------------------------------------------------------------------------------------------------------------------------------------
 Limit  (cost=200091.40..200091.40 rows=1 width=20) (actual time=372.904..372.904 rows=0 loops=1)
   ->  Limit  (cost=199966.40..199991.40 rows=10000 width=20) (actual time=371.681..372.631 rows=10000 loops=1)
         ->  Sort  (cost=199966.40..202466.40 rows=1000000 width=20) (actual time=371.681..372.083 rows=10000 loops=1)
               Sort Key: s_1.a, s_1.b
               Sort Method: top-N heapsort  Memory: 1553kB
               ->  Sort  (cost=116027.84..118527.84 rows=1000000 width=20) (actual time=225.882..307.654 rows=1000000 loops=1)
                     Sort Key: s_1.a
                     Sort Method: external merge  Disk: 29360kB
                     ->  Seq Scan on s_1  (cost=0.00..16370.00 rows=1000000 width=20) (actual time=0.007..55.225 rows=1000000 loops=1)
 Planning time: 0.218 ms
 Execution time: 376.345 ms
(11 rows)

===== 374 [Wed Mar  7 02:41:45 CET 2018] scale:1000000 groups:10000 work_mem:64MB incremental:off max_workers:0 =====
SELECT * FROM (SELECT * FROM s_2 ORDER BY a, b) foo ORDER BY a, b, c LIMIT 10000
                                                              QUERY PLAN                                                               
---------------------------------------------------------------------------------------------------------------------------------------
 Limit  (cost=200091.40..200091.40 rows=1 width=20) (actual time=386.992..386.992 rows=0 loops=1)
   ->  Limit  (cost=199966.40..199991.40 rows=10000 width=20) (actual time=385.782..386.719 rows=10000 loops=1)
         ->  Sort  (cost=199966.40..202466.40 rows=1000000 width=20) (actual time=385.782..386.170 rows=10000 loops=1)
               Sort Key: s_2.a, s_2.b, s_2.c
               Sort Method: top-N heapsort  Memory: 1550kB
               ->  Sort  (cost=116027.84..118527.84 rows=1000000 width=20) (actual time=239.158..321.025 rows=1000000 loops=1)
                     Sort Key: s_2.a, s_2.b
                     Sort Method: external merge  Disk: 29360kB
                     ->  Seq Scan on s_2  (cost=0.00..16370.00 rows=1000000 width=20) (actual time=0.013..55.291 rows=1000000 loops=1)
 Planning time: 0.221 ms
 Execution time: 390.447 ms
(11 rows)

===== 375 [Wed Mar  7 02:41:47 CET 2018] scale:1000000 groups:10000 work_mem:64MB incremental:off max_workers:0 =====
SELECT * FROM (SELECT * FROM s_3 ORDER BY a, b, c) foo ORDER BY a, b, c, d LIMIT 10000
                                                              QUERY PLAN                                                               
---------------------------------------------------------------------------------------------------------------------------------------
 Limit  (cost=200091.40..200091.40 rows=1 width=20) (actual time=402.897..402.897 rows=0 loops=1)
   ->  Limit  (cost=199966.40..199991.40 rows=10000 width=20) (actual time=401.687..402.620 rows=10000 loops=1)
         ->  Sort  (cost=199966.40..202466.40 rows=1000000 width=20) (actual time=401.686..402.075 rows=10000 loops=1)
               Sort Key: s_3.a, s_3.b, s_3.c, s_3.d
               Sort Method: top-N heapsort  Memory: 1550kB
               ->  Sort  (cost=116027.84..118527.84 rows=1000000 width=20) (actual time=244.319..332.936 rows=1000000 loops=1)
                     Sort Key: s_3.a, s_3.b, s_3.c
                     Sort Method: external merge  Disk: 29360kB
                     ->  Seq Scan on s_3  (cost=0.00..16370.00 rows=1000000 width=20) (actual time=0.011..54.949 rows=1000000 loops=1)
 Planning time: 0.220 ms
 Execution time: 406.354 ms
(11 rows)

===== 376 [Wed Mar  7 02:41:49 CET 2018] scale:1000000 groups:10000 work_mem:64MB incremental:off max_workers:0 =====
SELECT * FROM (SELECT * FROM s_4 ORDER BY a, b, c, d) foo ORDER BY a, b, c, d, e LIMIT 10000
                                                              QUERY PLAN                                                               
---------------------------------------------------------------------------------------------------------------------------------------
 Limit  (cost=200091.40..200091.40 rows=1 width=20) (actual time=403.120..403.120 rows=0 loops=1)
   ->  Limit  (cost=199966.40..199991.40 rows=10000 width=20) (actual time=401.912..402.844 rows=10000 loops=1)
         ->  Sort  (cost=199966.40..202466.40 rows=1000000 width=20) (actual time=401.911..402.300 rows=10000 loops=1)
               Sort Key: s_4.a, s_4.b, s_4.c, s_4.d, s_4.e
               Sort Method: top-N heapsort  Memory: 1550kB
               ->  Sort  (cost=116027.84..118527.84 rows=1000000 width=20) (actual time=244.353..333.109 rows=1000000 loops=1)
                     Sort Key: s_4.a, s_4.b, s_4.c, s_4.d
                     Sort Method: external merge  Disk: 29360kB
                     ->  Seq Scan on s_4  (cost=0.00..16370.00 rows=1000000 width=20) (actual time=0.011..54.992 rows=1000000 loops=1)
 Planning time: 0.230 ms
 Execution time: 406.590 ms
(11 rows)

===== 377 [Wed Mar  7 02:41:51 CET 2018] scale:1000000 groups:10000 work_mem:128MB incremental:on max_workers:0 =====
SELECT * FROM (SELECT * FROM s_1 ORDER BY a) foo ORDER BY a, b LIMIT 10000
                                                              QUERY PLAN                                                               
---------------------------------------------------------------------------------------------------------------------------------------
 Limit  (cost=116313.96..116313.96 rows=1 width=20) (actual time=166.952..166.952 rows=0 loops=1)
   ->  Limit  (cost=116032.44..116213.96 rows=10000 width=20) (actual time=163.225..166.670 rows=10000 loops=1)
         ->  Incremental Sort  (cost=116032.44..134184.32 rows=1000000 width=20) (actual time=163.224..166.125 rows=10000 loops=1)
               Sort Key: s_1.a, s_1.b
               Presorted Key: s_1.a
               Sort Method: quicksort  Memory: 34kB
               Sort Groups: 100
               ->  Sort  (cost=116027.84..118527.84 rows=1000000 width=20) (actual time=163.162..163.546 rows=10059 loops=1)
                     Sort Key: s_1.a
                     Sort Method: quicksort  Memory: 102702kB
                     ->  Seq Scan on s_1  (cost=0.00..16370.00 rows=1000000 width=20) (actual time=0.007..55.883 rows=1000000 loops=1)
 Planning time: 0.221 ms
 Execution time: 171.063 ms
(13 rows)

===== 378 [Wed Mar  7 02:41:52 CET 2018] scale:1000000 groups:10000 work_mem:128MB incremental:on max_workers:0 =====
SELECT * FROM (SELECT * FROM s_2 ORDER BY a, b) foo ORDER BY a, b, c LIMIT 10000
                                                              QUERY PLAN                                                               
---------------------------------------------------------------------------------------------------------------------------------------
 Limit  (cost=116326.04..116326.04 rows=1 width=20) (actual time=178.289..178.289 rows=0 loops=1)
   ->  Limit  (cost=116028.13..116226.04 rows=10000 width=20) (actual time=175.730..178.006 rows=10000 loops=1)
         ->  Incremental Sort  (cost=116028.13..135818.94 rows=1000000 width=20) (actual time=175.730..177.461 rows=10000 loops=1)
               Sort Key: s_2.a, s_2.b, s_2.c
               Presorted Key: s_2.a, s_2.b
               Sort Method: quicksort  Memory: 27kB
               Sort Groups: 313
               ->  Sort  (cost=116027.84..118527.84 rows=1000000 width=20) (actual time=175.676..176.103 rows=10017 loops=1)
                     Sort Key: s_2.a, s_2.b
                     Sort Method: quicksort  Memory: 102702kB
                     ->  Seq Scan on s_2  (cost=0.00..16370.00 rows=1000000 width=20) (actual time=0.010..55.935 rows=1000000 loops=1)
 Planning time: 0.231 ms
 Execution time: 182.403 ms
(13 rows)

===== 379 [Wed Mar  7 02:41:53 CET 2018] scale:1000000 groups:10000 work_mem:128MB incremental:on max_workers:0 =====
SELECT * FROM (SELECT * FROM s_3 ORDER BY a, b, c) foo ORDER BY a, b, c, d LIMIT 10000
                                                              QUERY PLAN                                                               
---------------------------------------------------------------------------------------------------------------------------------------
 Limit  (cost=116326.04..116326.04 rows=1 width=20) (actual time=183.099..183.099 rows=0 loops=1)
   ->  Limit  (cost=116028.13..116226.04 rows=10000 width=20) (actual time=180.520..182.823 rows=10000 loops=1)
         ->  Incremental Sort  (cost=116028.13..135818.94 rows=1000000 width=20) (actual time=180.520..182.277 rows=10000 loops=1)
               Sort Key: s_3.a, s_3.b, s_3.c, s_3.d
               Presorted Key: s_3.a, s_3.b, s_3.c
               Sort Method: quicksort  Memory: 27kB
               Sort Groups: 313
               ->  Sort  (cost=116027.84..118527.84 rows=1000000 width=20) (actual time=180.464..180.867 rows=10017 loops=1)
                     Sort Key: s_3.a, s_3.b, s_3.c
                     Sort Method: quicksort  Memory: 102702kB
                     ->  Seq Scan on s_3  (cost=0.00..16370.00 rows=1000000 width=20) (actual time=0.011..55.694 rows=1000000 loops=1)
 Planning time: 0.226 ms
 Execution time: 187.209 ms
(13 rows)

===== 380 [Wed Mar  7 02:41:54 CET 2018] scale:1000000 groups:10000 work_mem:128MB incremental:on max_workers:0 =====
SELECT * FROM (SELECT * FROM s_4 ORDER BY a, b, c, d) foo ORDER BY a, b, c, d, e LIMIT 10000
                                                              QUERY PLAN                                                               
---------------------------------------------------------------------------------------------------------------------------------------
 Limit  (cost=116326.04..116326.04 rows=1 width=20) (actual time=183.415..183.415 rows=0 loops=1)
   ->  Limit  (cost=116028.13..116226.04 rows=10000 width=20) (actual time=180.832..183.143 rows=10000 loops=1)
         ->  Incremental Sort  (cost=116028.13..135818.94 rows=1000000 width=20) (actual time=180.832..182.594 rows=10000 loops=1)
               Sort Key: s_4.a, s_4.b, s_4.c, s_4.d, s_4.e
               Presorted Key: s_4.a, s_4.b, s_4.c, s_4.d
               Sort Method: quicksort  Memory: 27kB
               Sort Groups: 313
               ->  Sort  (cost=116027.84..118527.84 rows=1000000 width=20) (actual time=180.773..181.175 rows=10017 loops=1)
                     Sort Key: s_4.a, s_4.b, s_4.c, s_4.d
                     Sort Method: quicksort  Memory: 102702kB
                     ->  Seq Scan on s_4  (cost=0.00..16370.00 rows=1000000 width=20) (actual time=0.011..55.716 rows=1000000 loops=1)
 Planning time: 0.229 ms
 Execution time: 187.557 ms
(13 rows)

===== 381 [Wed Mar  7 02:41:55 CET 2018] scale:1000000 groups:10000 work_mem:128MB incremental:off max_workers:0 =====
SELECT * FROM (SELECT * FROM s_1 ORDER BY a) foo ORDER BY a, b LIMIT 10000
                                                              QUERY PLAN                                                               
---------------------------------------------------------------------------------------------------------------------------------------
 Limit  (cost=200091.40..200091.40 rows=1 width=20) (actual time=270.525..270.525 rows=0 loops=1)
   ->  Limit  (cost=199966.40..199991.40 rows=10000 width=20) (actual time=269.310..270.258 rows=10000 loops=1)
         ->  Sort  (cost=199966.40..202466.40 rows=1000000 width=20) (actual time=269.309..269.711 rows=10000 loops=1)
               Sort Key: s_1.a, s_1.b
               Sort Method: top-N heapsort  Memory: 1553kB
               ->  Sort  (cost=116027.84..118527.84 rows=1000000 width=20) (actual time=162.590..197.685 rows=1000000 loops=1)
                     Sort Key: s_1.a
                     Sort Method: quicksort  Memory: 102702kB
                     ->  Seq Scan on s_1  (cost=0.00..16370.00 rows=1000000 width=20) (actual time=0.007..55.432 rows=1000000 loops=1)
 Planning time: 0.218 ms
 Execution time: 274.711 ms
(11 rows)

===== 382 [Wed Mar  7 02:41:56 CET 2018] scale:1000000 groups:10000 work_mem:128MB incremental:off max_workers:0 =====
SELECT * FROM (SELECT * FROM s_2 ORDER BY a, b) foo ORDER BY a, b, c LIMIT 10000
                                                              QUERY PLAN                                                               
---------------------------------------------------------------------------------------------------------------------------------------
 Limit  (cost=200091.40..200091.40 rows=1 width=20) (actual time=284.133..284.133 rows=0 loops=1)
   ->  Limit  (cost=199966.40..199991.40 rows=10000 width=20) (actual time=282.920..283.858 rows=10000 loops=1)
         ->  Sort  (cost=199966.40..202466.40 rows=1000000 width=20) (actual time=282.920..283.309 rows=10000 loops=1)
               Sort Key: s_2.a, s_2.b, s_2.c
               Sort Method: top-N heapsort  Memory: 1550kB
               ->  Sort  (cost=116027.84..118527.84 rows=1000000 width=20) (actual time=175.565..210.727 rows=1000000 loops=1)
                     Sort Key: s_2.a, s_2.b
                     Sort Method: quicksort  Memory: 102702kB
                     ->  Seq Scan on s_2  (cost=0.00..16370.00 rows=1000000 width=20) (actual time=0.013..55.429 rows=1000000 loops=1)
 Planning time: 0.220 ms
 Execution time: 288.329 ms
(11 rows)

===== 383 [Wed Mar  7 02:41:57 CET 2018] scale:1000000 groups:10000 work_mem:128MB incremental:off max_workers:0 =====
SELECT * FROM (SELECT * FROM s_3 ORDER BY a, b, c) foo ORDER BY a, b, c, d LIMIT 10000
                                                              QUERY PLAN                                                               
---------------------------------------------------------------------------------------------------------------------------------------
 Limit  (cost=200091.40..200091.40 rows=1 width=20) (actual time=293.302..293.302 rows=0 loops=1)
   ->  Limit  (cost=199966.40..199991.40 rows=10000 width=20) (actual time=292.093..293.026 rows=10000 loops=1)
         ->  Sort  (cost=199966.40..202466.40 rows=1000000 width=20) (actual time=292.093..292.482 rows=10000 loops=1)
               Sort Key: s_3.a, s_3.b, s_3.c, s_3.d
               Sort Method: top-N heapsort  Memory: 1550kB
               ->  Sort  (cost=116027.84..118527.84 rows=1000000 width=20) (actual time=179.750..215.022 rows=1000000 loops=1)
                     Sort Key: s_3.a, s_3.b, s_3.c
                     Sort Method: quicksort  Memory: 102702kB
                     ->  Seq Scan on s_3  (cost=0.00..16370.00 rows=1000000 width=20) (actual time=0.011..55.292 rows=1000000 loops=1)
 Planning time: 0.224 ms
 Execution time: 297.497 ms
(11 rows)

===== 384 [Wed Mar  7 02:41:59 CET 2018] scale:1000000 groups:10000 work_mem:128MB incremental:off max_workers:0 =====
SELECT * FROM (SELECT * FROM s_4 ORDER BY a, b, c, d) foo ORDER BY a, b, c, d, e LIMIT 10000
                                                              QUERY PLAN                                                               
---------------------------------------------------------------------------------------------------------------------------------------
 Limit  (cost=200091.40..200091.40 rows=1 width=20) (actual time=293.310..293.310 rows=0 loops=1)
   ->  Limit  (cost=199966.40..199991.40 rows=10000 width=20) (actual time=292.108..293.040 rows=10000 loops=1)
         ->  Sort  (cost=199966.40..202466.40 rows=1000000 width=20) (actual time=292.108..292.498 rows=10000 loops=1)
               Sort Key: s_4.a, s_4.b, s_4.c, s_4.d, s_4.e
               Sort Method: top-N heapsort  Memory: 1550kB
               ->  Sort  (cost=116027.84..118527.84 rows=1000000 width=20) (actual time=179.881..215.116 rows=1000000 loops=1)
                     Sort Key: s_4.a, s_4.b, s_4.c, s_4.d
                     Sort Method: quicksort  Memory: 102702kB
                     ->  Seq Scan on s_4  (cost=0.00..16370.00 rows=1000000 width=20) (actual time=0.011..55.325 rows=1000000 loops=1)
 Planning time: 0.224 ms
 Execution time: 297.508 ms
(11 rows)

===== 385 [Wed Mar  7 02:42:00 CET 2018] scale:1000000 groups:10000 work_mem:256MB incremental:on max_workers:0 =====
SELECT * FROM (SELECT * FROM s_1 ORDER BY a) foo ORDER BY a, b LIMIT 10000
                                                              QUERY PLAN                                                               
---------------------------------------------------------------------------------------------------------------------------------------
 Limit  (cost=116313.96..116313.96 rows=1 width=20) (actual time=167.502..167.502 rows=0 loops=1)
   ->  Limit  (cost=116032.44..116213.96 rows=10000 width=20) (actual time=163.763..167.232 rows=10000 loops=1)
         ->  Incremental Sort  (cost=116032.44..134184.32 rows=1000000 width=20) (actual time=163.762..166.680 rows=10000 loops=1)
               Sort Key: s_1.a, s_1.b
               Presorted Key: s_1.a
               Sort Method: quicksort  Memory: 34kB
               Sort Groups: 100
               ->  Sort  (cost=116027.84..118527.84 rows=1000000 width=20) (actual time=163.698..164.080 rows=10059 loops=1)
                     Sort Key: s_1.a
                     Sort Method: quicksort  Memory: 102702kB
                     ->  Seq Scan on s_1  (cost=0.00..16370.00 rows=1000000 width=20) (actual time=0.007..55.821 rows=1000000 loops=1)
 Planning time: 0.222 ms
 Execution time: 171.626 ms
(13 rows)

===== 386 [Wed Mar  7 02:42:01 CET 2018] scale:1000000 groups:10000 work_mem:256MB incremental:on max_workers:0 =====
SELECT * FROM (SELECT * FROM s_2 ORDER BY a, b) foo ORDER BY a, b, c LIMIT 10000
                                                              QUERY PLAN                                                               
---------------------------------------------------------------------------------------------------------------------------------------
 Limit  (cost=116326.04..116326.04 rows=1 width=20) (actual time=178.949..178.949 rows=0 loops=1)
   ->  Limit  (cost=116028.13..116226.04 rows=10000 width=20) (actual time=176.386..178.669 rows=10000 loops=1)
         ->  Incremental Sort  (cost=116028.13..135818.94 rows=1000000 width=20) (actual time=176.385..178.120 rows=10000 loops=1)
               Sort Key: s_2.a, s_2.b, s_2.c
               Presorted Key: s_2.a, s_2.b
               Sort Method: quicksort  Memory: 27kB
               Sort Groups: 313
               ->  Sort  (cost=116027.84..118527.84 rows=1000000 width=20) (actual time=176.339..176.763 rows=10017 loops=1)
                     Sort Key: s_2.a, s_2.b
                     Sort Method: quicksort  Memory: 102702kB
                     ->  Seq Scan on s_2  (cost=0.00..16370.00 rows=1000000 width=20) (actual time=0.012..55.884 rows=1000000 loops=1)
 Planning time: 0.235 ms
 Execution time: 183.069 ms
(13 rows)

===== 387 [Wed Mar  7 02:42:02 CET 2018] scale:1000000 groups:10000 work_mem:256MB incremental:on max_workers:0 =====
SELECT * FROM (SELECT * FROM s_3 ORDER BY a, b, c) foo ORDER BY a, b, c, d LIMIT 10000
                                                              QUERY PLAN                                                               
---------------------------------------------------------------------------------------------------------------------------------------
 Limit  (cost=116326.04..116326.04 rows=1 width=20) (actual time=182.821..182.821 rows=0 loops=1)
   ->  Limit  (cost=116028.13..116226.04 rows=10000 width=20) (actual time=180.220..182.536 rows=10000 loops=1)
         ->  Incremental Sort  (cost=116028.13..135818.94 rows=1000000 width=20) (actual time=180.220..181.992 rows=10000 loops=1)
               Sort Key: s_3.a, s_3.b, s_3.c, s_3.d
               Presorted Key: s_3.a, s_3.b, s_3.c
               Sort Method: quicksort  Memory: 27kB
               Sort Groups: 313
               ->  Sort  (cost=116027.84..118527.84 rows=1000000 width=20) (actual time=180.173..180.580 rows=10017 loops=1)
                     Sort Key: s_3.a, s_3.b, s_3.c
                     Sort Method: quicksort  Memory: 102702kB
                     ->  Seq Scan on s_3  (cost=0.00..16370.00 rows=1000000 width=20) (actual time=0.011..55.638 rows=1000000 loops=1)
 Planning time: 0.225 ms
 Execution time: 186.936 ms
(13 rows)

===== 388 [Wed Mar  7 02:42:03 CET 2018] scale:1000000 groups:10000 work_mem:256MB incremental:on max_workers:0 =====
SELECT * FROM (SELECT * FROM s_4 ORDER BY a, b, c, d) foo ORDER BY a, b, c, d, e LIMIT 10000
                                                              QUERY PLAN                                                               
---------------------------------------------------------------------------------------------------------------------------------------
 Limit  (cost=116326.04..116326.04 rows=1 width=20) (actual time=183.164..183.164 rows=0 loops=1)
   ->  Limit  (cost=116028.13..116226.04 rows=10000 width=20) (actual time=180.565..182.879 rows=10000 loops=1)
         ->  Incremental Sort  (cost=116028.13..135818.94 rows=1000000 width=20) (actual time=180.564..182.335 rows=10000 loops=1)
               Sort Key: s_4.a, s_4.b, s_4.c, s_4.d, s_4.e
               Presorted Key: s_4.a, s_4.b, s_4.c, s_4.d
               Sort Method: quicksort  Memory: 27kB
               Sort Groups: 313
               ->  Sort  (cost=116027.84..118527.84 rows=1000000 width=20) (actual time=180.510..180.913 rows=10017 loops=1)
                     Sort Key: s_4.a, s_4.b, s_4.c, s_4.d
                     Sort Method: quicksort  Memory: 102702kB
                     ->  Seq Scan on s_4  (cost=0.00..16370.00 rows=1000000 width=20) (actual time=0.011..55.672 rows=1000000 loops=1)
 Planning time: 0.243 ms
 Execution time: 187.284 ms
(13 rows)

===== 389 [Wed Mar  7 02:42:04 CET 2018] scale:1000000 groups:10000 work_mem:256MB incremental:off max_workers:0 =====
SELECT * FROM (SELECT * FROM s_1 ORDER BY a) foo ORDER BY a, b LIMIT 10000
                                                              QUERY PLAN                                                               
---------------------------------------------------------------------------------------------------------------------------------------
 Limit  (cost=200091.40..200091.40 rows=1 width=20) (actual time=270.819..270.819 rows=0 loops=1)
   ->  Limit  (cost=199966.40..199991.40 rows=10000 width=20) (actual time=269.606..270.549 rows=10000 loops=1)
         ->  Sort  (cost=199966.40..202466.40 rows=1000000 width=20) (actual time=269.606..270.006 rows=10000 loops=1)
               Sort Key: s_1.a, s_1.b
               Sort Method: top-N heapsort  Memory: 1553kB
               ->  Sort  (cost=116027.84..118527.84 rows=1000000 width=20) (actual time=162.932..198.057 rows=1000000 loops=1)
                     Sort Key: s_1.a
                     Sort Method: quicksort  Memory: 102702kB
                     ->  Seq Scan on s_1  (cost=0.00..16370.00 rows=1000000 width=20) (actual time=0.007..55.466 rows=1000000 loops=1)
 Planning time: 0.213 ms
 Execution time: 275.036 ms
(11 rows)

===== 390 [Wed Mar  7 02:42:05 CET 2018] scale:1000000 groups:10000 work_mem:256MB incremental:off max_workers:0 =====
SELECT * FROM (SELECT * FROM s_2 ORDER BY a, b) foo ORDER BY a, b, c LIMIT 10000
                                                              QUERY PLAN                                                               
---------------------------------------------------------------------------------------------------------------------------------------
 Limit  (cost=200091.40..200091.40 rows=1 width=20) (actual time=283.908..283.908 rows=0 loops=1)
   ->  Limit  (cost=199966.40..199991.40 rows=10000 width=20) (actual time=282.697..283.632 rows=10000 loops=1)
         ->  Sort  (cost=199966.40..202466.40 rows=1000000 width=20) (actual time=282.696..283.085 rows=10000 loops=1)
               Sort Key: s_2.a, s_2.b, s_2.c
               Sort Method: top-N heapsort  Memory: 1550kB
               ->  Sort  (cost=116027.84..118527.84 rows=1000000 width=20) (actual time=175.361..210.471 rows=1000000 loops=1)
                     Sort Key: s_2.a, s_2.b
                     Sort Method: quicksort  Memory: 102702kB
                     ->  Seq Scan on s_2  (cost=0.00..16370.00 rows=1000000 width=20) (actual time=0.013..55.455 rows=1000000 loops=1)
 Planning time: 0.223 ms
 Execution time: 288.105 ms
(11 rows)

===== 391 [Wed Mar  7 02:42:07 CET 2018] scale:1000000 groups:10000 work_mem:256MB incremental:off max_workers:0 =====
SELECT * FROM (SELECT * FROM s_3 ORDER BY a, b, c) foo ORDER BY a, b, c, d LIMIT 10000
                                                              QUERY PLAN                                                               
---------------------------------------------------------------------------------------------------------------------------------------
 Limit  (cost=200091.40..200091.40 rows=1 width=20) (actual time=293.256..293.256 rows=0 loops=1)
   ->  Limit  (cost=199966.40..199991.40 rows=10000 width=20) (actual time=292.046..292.978 rows=10000 loops=1)
         ->  Sort  (cost=199966.40..202466.40 rows=1000000 width=20) (actual time=292.046..292.436 rows=10000 loops=1)
               Sort Key: s_3.a, s_3.b, s_3.c, s_3.d
               Sort Method: top-N heapsort  Memory: 1550kB
               ->  Sort  (cost=116027.84..118527.84 rows=1000000 width=20) (actual time=179.741..215.014 rows=1000000 loops=1)
                     Sort Key: s_3.a, s_3.b, s_3.c
                     Sort Method: quicksort  Memory: 102702kB
                     ->  Seq Scan on s_3  (cost=0.00..16370.00 rows=1000000 width=20) (actual time=0.011..55.310 rows=1000000 loops=1)
 Planning time: 0.219 ms
 Execution time: 297.451 ms
(11 rows)

===== 392 [Wed Mar  7 02:42:08 CET 2018] scale:1000000 groups:10000 work_mem:256MB incremental:off max_workers:0 =====
SELECT * FROM (SELECT * FROM s_4 ORDER BY a, b, c, d) foo ORDER BY a, b, c, d, e LIMIT 10000
                                                              QUERY PLAN                                                               
---------------------------------------------------------------------------------------------------------------------------------------
 Limit  (cost=200091.40..200091.40 rows=1 width=20) (actual time=293.609..293.609 rows=0 loops=1)
   ->  Limit  (cost=199966.40..199991.40 rows=10000 width=20) (actual time=292.407..293.337 rows=10000 loops=1)
         ->  Sort  (cost=199966.40..202466.40 rows=1000000 width=20) (actual time=292.406..292.797 rows=10000 loops=1)
               Sort Key: s_4.a, s_4.b, s_4.c, s_4.d, s_4.e
               Sort Method: top-N heapsort  Memory: 1550kB
               ->  Sort  (cost=116027.84..118527.84 rows=1000000 width=20) (actual time=180.088..215.356 rows=1000000 loops=1)
                     Sort Key: s_4.a, s_4.b, s_4.c, s_4.d
                     Sort Method: quicksort  Memory: 102702kB
                     ->  Seq Scan on s_4  (cost=0.00..16370.00 rows=1000000 width=20) (actual time=0.010..55.338 rows=1000000 loops=1)
 Planning time: 0.228 ms
 Execution time: 297.800 ms
(11 rows)

===== 393 [Wed Mar  7 02:42:09 CET 2018] scale:1000000 groups:10000 work_mem:4MB incremental:on max_workers:2 =====
SELECT * FROM (SELECT * FROM s_1 ORDER BY a) foo ORDER BY a, b LIMIT 10000
                                                                     QUERY PLAN                                                                     
----------------------------------------------------------------------------------------------------------------------------------------------------
 Limit  (cost=59281.53..59281.53 rows=1 width=20) (actual time=76.094..76.094 rows=0 loops=1)
   ->  Limit  (cost=58990.63..59181.53 rows=10000 width=20) (actual time=70.882..75.817 rows=10000 loops=1)
         ->  Incremental Sort  (cost=58990.63..78080.27 rows=1000000 width=20) (actual time=70.881..75.269 rows=10000 loops=1)
               Sort Key: s_1.a, s_1.b
               Presorted Key: s_1.a
               Sort Method: quicksort  Memory: 34kB
               Sort Groups: 100
               ->  Gather Merge  (cost=58976.50..156205.59 rows=833334 width=20) (actual time=70.824..72.823 rows=10059 loops=1)
                     Workers Planned: 2
                     Workers Launched: 2
                     ->  Sort  (cost=57976.48..59018.15 rows=416667 width=20) (actual time=69.225..69.620 rows=4133 loops=3)
                           Sort Key: s_1.a
                           Sort Method: external merge  Disk: 9712kB
                           Worker 0:  Sort Method: external merge  Disk: 9832kB
                           Worker 1:  Sort Method: external merge  Disk: 9832kB
                           ->  Parallel Seq Scan on s_1  (cost=0.00..10536.67 rows=416667 width=20) (actual time=0.008..19.097 rows=333333 loops=3)
 Planning time: 0.236 ms
 Execution time: 80.485 ms
(18 rows)

===== 394 [Wed Mar  7 02:42:10 CET 2018] scale:1000000 groups:10000 work_mem:4MB incremental:on max_workers:2 =====
SELECT * FROM (SELECT * FROM s_2 ORDER BY a, b) foo ORDER BY a, b, c LIMIT 10000
                                                                     QUERY PLAN                                                                     
----------------------------------------------------------------------------------------------------------------------------------------------------
 Limit  (cost=59285.11..59285.11 rows=1 width=20) (actual time=80.404..80.404 rows=0 loops=1)
   ->  Limit  (cost=58977.74..59185.11 rows=10000 width=20) (actual time=76.281..80.128 rows=10000 loops=1)
         ->  Incremental Sort  (cost=58977.74..79714.89 rows=1000000 width=20) (actual time=76.281..79.570 rows=10000 loops=1)
               Sort Key: s_2.a, s_2.b, s_2.c
               Presorted Key: s_2.a, s_2.b
               Sort Method: quicksort  Memory: 27kB
               Sort Groups: 313
               ->  Gather Merge  (cost=58976.50..156205.59 rows=833334 width=20) (actual time=76.241..78.270 rows=10017 loops=1)
                     Workers Planned: 2
                     Workers Launched: 2
                     ->  Sort  (cost=57976.48..59018.15 rows=416667 width=20) (actual time=74.703..75.109 rows=4119 loops=3)
                           Sort Key: s_2.a, s_2.b
                           Sort Method: external merge  Disk: 9760kB
                           Worker 0:  Sort Method: external merge  Disk: 9832kB
                           Worker 1:  Sort Method: external merge  Disk: 9784kB
                           ->  Parallel Seq Scan on s_2  (cost=0.00..10536.67 rows=416667 width=20) (actual time=0.009..19.167 rows=333333 loops=3)
 Planning time: 0.241 ms
 Execution time: 84.863 ms
(18 rows)

===== 395 [Wed Mar  7 02:42:10 CET 2018] scale:1000000 groups:10000 work_mem:4MB incremental:on max_workers:2 =====
SELECT * FROM (SELECT * FROM s_3 ORDER BY a, b, c) foo ORDER BY a, b, c, d LIMIT 10000
                                                                     QUERY PLAN                                                                     
----------------------------------------------------------------------------------------------------------------------------------------------------
 Limit  (cost=59285.11..59285.11 rows=1 width=20) (actual time=80.222..80.222 rows=0 loops=1)
   ->  Limit  (cost=58977.74..59185.11 rows=10000 width=20) (actual time=76.159..79.948 rows=10000 loops=1)
         ->  Incremental Sort  (cost=58977.74..79714.89 rows=1000000 width=20) (actual time=76.159..79.397 rows=10000 loops=1)
               Sort Key: s_3.a, s_3.b, s_3.c, s_3.d
               Presorted Key: s_3.a, s_3.b, s_3.c
               Sort Method: quicksort  Memory: 27kB
               Sort Groups: 313
               ->  Gather Merge  (cost=58976.50..156205.59 rows=833334 width=20) (actual time=76.118..78.150 rows=10017 loops=1)
                     Workers Planned: 2
                     Workers Launched: 2
                     ->  Sort  (cost=57976.48..59018.15 rows=416667 width=20) (actual time=74.635..75.042 rows=4119 loops=3)
                           Sort Key: s_3.a, s_3.b, s_3.c
                           Sort Method: external merge  Disk: 9792kB
                           Worker 0:  Sort Method: external merge  Disk: 9792kB
                           Worker 1:  Sort Method: external merge  Disk: 9792kB
                           ->  Parallel Seq Scan on s_3  (cost=0.00..10536.67 rows=416667 width=20) (actual time=0.010..19.105 rows=333333 loops=3)
 Planning time: 0.241 ms
 Execution time: 84.741 ms
(18 rows)

===== 396 [Wed Mar  7 02:42:11 CET 2018] scale:1000000 groups:10000 work_mem:4MB incremental:on max_workers:2 =====
SELECT * FROM (SELECT * FROM s_4 ORDER BY a, b, c, d) foo ORDER BY a, b, c, d, e LIMIT 10000
                                                                     QUERY PLAN                                                                     
----------------------------------------------------------------------------------------------------------------------------------------------------
 Limit  (cost=59285.11..59285.11 rows=1 width=20) (actual time=80.401..80.401 rows=0 loops=1)
   ->  Limit  (cost=58977.74..59185.11 rows=10000 width=20) (actual time=76.325..80.126 rows=10000 loops=1)
         ->  Incremental Sort  (cost=58977.74..79714.89 rows=1000000 width=20) (actual time=76.325..79.576 rows=10000 loops=1)
               Sort Key: s_4.a, s_4.b, s_4.c, s_4.d, s_4.e
               Presorted Key: s_4.a, s_4.b, s_4.c, s_4.d
               Sort Method: quicksort  Memory: 27kB
               Sort Groups: 313
               ->  Gather Merge  (cost=58976.50..156205.59 rows=833334 width=20) (actual time=76.280..78.309 rows=10017 loops=1)
                     Workers Planned: 2
                     Workers Launched: 2
                     ->  Sort  (cost=57976.48..59018.15 rows=416667 width=20) (actual time=74.784..75.195 rows=4120 loops=3)
                           Sort Key: s_4.a, s_4.b, s_4.c, s_4.d
                           Sort Method: external merge  Disk: 9752kB
                           Worker 0:  Sort Method: external merge  Disk: 9800kB
                           Worker 1:  Sort Method: external merge  Disk: 9824kB
                           ->  Parallel Seq Scan on s_4  (cost=0.00..10536.67 rows=416667 width=20) (actual time=0.010..19.226 rows=333333 loops=3)
 Planning time: 0.245 ms
 Execution time: 84.920 ms
(18 rows)

===== 397 [Wed Mar  7 02:42:11 CET 2018] scale:1000000 groups:10000 work_mem:4MB incremental:off max_workers:2 =====
SELECT * FROM (SELECT * FROM s_1 ORDER BY a) foo ORDER BY a, b LIMIT 10000
                                                              QUERY PLAN                                                               
---------------------------------------------------------------------------------------------------------------------------------------
 Limit  (cost=220601.40..220601.40 rows=1 width=20) (actual time=373.593..373.593 rows=0 loops=1)
   ->  Limit  (cost=220476.40..220501.40 rows=10000 width=20) (actual time=372.370..373.319 rows=10000 loops=1)
         ->  Sort  (cost=220476.40..222976.40 rows=1000000 width=20) (actual time=372.369..372.771 rows=10000 loops=1)
               Sort Key: s_1.a, s_1.b
               Sort Method: top-N heapsort  Memory: 1553kB
               ->  Sort  (cost=136537.84..139037.84 rows=1000000 width=20) (actual time=214.166..307.855 rows=1000000 loops=1)
                     Sort Key: s_1.a
                     Sort Method: external merge  Disk: 29360kB
                     ->  Seq Scan on s_1  (cost=0.00..16370.00 rows=1000000 width=20) (actual time=0.007..51.306 rows=1000000 loops=1)
 Planning time: 0.223 ms
 Execution time: 377.397 ms
(11 rows)

===== 398 [Wed Mar  7 02:42:13 CET 2018] scale:1000000 groups:10000 work_mem:4MB incremental:off max_workers:2 =====
SELECT * FROM (SELECT * FROM s_2 ORDER BY a, b) foo ORDER BY a, b, c LIMIT 10000
                                                              QUERY PLAN                                                               
---------------------------------------------------------------------------------------------------------------------------------------
 Limit  (cost=220601.40..220601.40 rows=1 width=20) (actual time=404.555..404.555 rows=0 loops=1)
   ->  Limit  (cost=220476.40..220501.40 rows=10000 width=20) (actual time=403.345..404.276 rows=10000 loops=1)
         ->  Sort  (cost=220476.40..222976.40 rows=1000000 width=20) (actual time=403.345..403.734 rows=10000 loops=1)
               Sort Key: s_2.a, s_2.b, s_2.c
               Sort Method: top-N heapsort  Memory: 1550kB
               ->  Sort  (cost=136537.84..139037.84 rows=1000000 width=20) (actual time=231.710..332.873 rows=1000000 loops=1)
                     Sort Key: s_2.a, s_2.b
                     Sort Method: external merge  Disk: 29360kB
                     ->  Seq Scan on s_2  (cost=0.00..16370.00 rows=1000000 width=20) (actual time=0.013..50.697 rows=1000000 loops=1)
 Planning time: 0.228 ms
 Execution time: 408.362 ms
(11 rows)

===== 399 [Wed Mar  7 02:42:15 CET 2018] scale:1000000 groups:10000 work_mem:4MB incremental:off max_workers:2 =====
SELECT * FROM (SELECT * FROM s_3 ORDER BY a, b, c) foo ORDER BY a, b, c, d LIMIT 10000
                                                              QUERY PLAN                                                               
---------------------------------------------------------------------------------------------------------------------------------------
 Limit  (cost=220601.40..220601.40 rows=1 width=20) (actual time=404.384..404.384 rows=0 loops=1)
   ->  Limit  (cost=220476.40..220501.40 rows=10000 width=20) (actual time=403.171..404.105 rows=10000 loops=1)
         ->  Sort  (cost=220476.40..222976.40 rows=1000000 width=20) (actual time=403.171..403.563 rows=10000 loops=1)
               Sort Key: s_3.a, s_3.b, s_3.c, s_3.d
               Sort Method: top-N heapsort  Memory: 1550kB
               ->  Sort  (cost=136537.84..139037.84 rows=1000000 width=20) (actual time=231.475..332.625 rows=1000000 loops=1)
                     Sort Key: s_3.a, s_3.b, s_3.c
                     Sort Method: external merge  Disk: 29360kB
                     ->  Seq Scan on s_3  (cost=0.00..16370.00 rows=1000000 width=20) (actual time=0.011..50.777 rows=1000000 loops=1)
 Planning time: 0.229 ms
 Execution time: 408.187 ms
(11 rows)

===== 400 [Wed Mar  7 02:42:17 CET 2018] scale:1000000 groups:10000 work_mem:4MB incremental:off max_workers:2 =====
SELECT * FROM (SELECT * FROM s_4 ORDER BY a, b, c, d) foo ORDER BY a, b, c, d, e LIMIT 10000
                                                              QUERY PLAN                                                               
---------------------------------------------------------------------------------------------------------------------------------------
 Limit  (cost=220601.40..220601.40 rows=1 width=20) (actual time=404.558..404.558 rows=0 loops=1)
   ->  Limit  (cost=220476.40..220501.40 rows=10000 width=20) (actual time=403.354..404.289 rows=10000 loops=1)
         ->  Sort  (cost=220476.40..222976.40 rows=1000000 width=20) (actual time=403.354..403.745 rows=10000 loops=1)
               Sort Key: s_4.a, s_4.b, s_4.c, s_4.d, s_4.e
               Sort Method: top-N heapsort  Memory: 1550kB
               ->  Sort  (cost=136537.84..139037.84 rows=1000000 width=20) (actual time=231.809..332.925 rows=1000000 loops=1)
                     Sort Key: s_4.a, s_4.b, s_4.c, s_4.d
                     Sort Method: external merge  Disk: 29360kB
                     ->  Seq Scan on s_4  (cost=0.00..16370.00 rows=1000000 width=20) (actual time=0.011..50.797 rows=1000000 loops=1)
 Planning time: 0.234 ms
 Execution time: 408.353 ms
(11 rows)

===== 401 [Wed Mar  7 02:42:19 CET 2018] scale:1000000 groups:10000 work_mem:8MB incremental:on max_workers:2 =====
SELECT * FROM (SELECT * FROM s_1 ORDER BY a) foo ORDER BY a, b LIMIT 10000
                                                                     QUERY PLAN                                                                     
----------------------------------------------------------------------------------------------------------------------------------------------------
 Limit  (cost=59281.53..59281.53 rows=1 width=20) (actual time=80.709..80.709 rows=0 loops=1)
   ->  Limit  (cost=58990.63..59181.53 rows=10000 width=20) (actual time=75.485..80.432 rows=10000 loops=1)
         ->  Incremental Sort  (cost=58990.63..78080.27 rows=1000000 width=20) (actual time=75.484..79.884 rows=10000 loops=1)
               Sort Key: s_1.a, s_1.b
               Presorted Key: s_1.a
               Sort Method: quicksort  Memory: 34kB
               Sort Groups: 100
               ->  Gather Merge  (cost=58976.50..156205.59 rows=833334 width=20) (actual time=75.427..77.438 rows=10059 loops=1)
                     Workers Planned: 2
                     Workers Launched: 2
                     ->  Sort  (cost=57976.48..59018.15 rows=416667 width=20) (actual time=73.798..74.199 rows=4133 loops=3)
                           Sort Key: s_1.a
                           Sort Method: external merge  Disk: 9688kB
                           Worker 0:  Sort Method: external merge  Disk: 9872kB
                           Worker 1:  Sort Method: external merge  Disk: 9808kB
                           ->  Parallel Seq Scan on s_1  (cost=0.00..10536.67 rows=416667 width=20) (actual time=0.007..19.398 rows=333333 loops=3)
 Planning time: 0.242 ms
 Execution time: 85.658 ms
(18 rows)

===== 402 [Wed Mar  7 02:42:19 CET 2018] scale:1000000 groups:10000 work_mem:8MB incremental:on max_workers:2 =====
SELECT * FROM (SELECT * FROM s_2 ORDER BY a, b) foo ORDER BY a, b, c LIMIT 10000
                                                                     QUERY PLAN                                                                     
----------------------------------------------------------------------------------------------------------------------------------------------------
 Limit  (cost=59285.11..59285.11 rows=1 width=20) (actual time=84.629..84.629 rows=0 loops=1)
   ->  Limit  (cost=58977.74..59185.11 rows=10000 width=20) (actual time=80.502..84.353 rows=10000 loops=1)
         ->  Incremental Sort  (cost=58977.74..79714.89 rows=1000000 width=20) (actual time=80.501..83.806 rows=10000 loops=1)
               Sort Key: s_2.a, s_2.b, s_2.c
               Presorted Key: s_2.a, s_2.b
               Sort Method: quicksort  Memory: 27kB
               Sort Groups: 313
               ->  Gather Merge  (cost=58976.50..156205.59 rows=833334 width=20) (actual time=80.460..82.496 rows=10017 loops=1)
                     Workers Planned: 2
                     Workers Launched: 2
                     ->  Sort  (cost=57976.48..59018.15 rows=416667 width=20) (actual time=78.935..79.344 rows=4119 loops=3)
                           Sort Key: s_2.a, s_2.b
                           Sort Method: external merge  Disk: 9760kB
                           Worker 0:  Sort Method: external merge  Disk: 9808kB
                           Worker 1:  Sort Method: external merge  Disk: 9800kB
                           ->  Parallel Seq Scan on s_2  (cost=0.00..10536.67 rows=416667 width=20) (actual time=0.008..19.437 rows=333333 loops=3)
 Planning time: 0.241 ms
 Execution time: 89.652 ms
(18 rows)

===== 403 [Wed Mar  7 02:42:20 CET 2018] scale:1000000 groups:10000 work_mem:8MB incremental:on max_workers:2 =====
SELECT * FROM (SELECT * FROM s_3 ORDER BY a, b, c) foo ORDER BY a, b, c, d LIMIT 10000
                                                                     QUERY PLAN                                                                     
----------------------------------------------------------------------------------------------------------------------------------------------------
 Limit  (cost=59285.11..59285.11 rows=1 width=20) (actual time=84.428..84.428 rows=0 loops=1)
   ->  Limit  (cost=58977.74..59185.11 rows=10000 width=20) (actual time=80.355..84.153 rows=10000 loops=1)
         ->  Incremental Sort  (cost=58977.74..79714.89 rows=1000000 width=20) (actual time=80.354..83.602 rows=10000 loops=1)
               Sort Key: s_3.a, s_3.b, s_3.c, s_3.d
               Presorted Key: s_3.a, s_3.b, s_3.c
               Sort Method: quicksort  Memory: 27kB
               Sort Groups: 313
               ->  Gather Merge  (cost=58976.50..156205.59 rows=833334 width=20) (actual time=80.312..82.346 rows=10017 loops=1)
                     Workers Planned: 2
                     Workers Launched: 2
                     ->  Sort  (cost=57976.48..59018.15 rows=416667 width=20) (actual time=78.776..79.183 rows=4119 loops=3)
                           Sort Key: s_3.a, s_3.b, s_3.c
                           Sort Method: external merge  Disk: 9736kB
                           Worker 0:  Sort Method: external merge  Disk: 9816kB
                           Worker 1:  Sort Method: external merge  Disk: 9824kB
                           ->  Parallel Seq Scan on s_3  (cost=0.00..10536.67 rows=416667 width=20) (actual time=0.010..19.432 rows=333333 loops=3)
 Planning time: 0.250 ms
 Execution time: 89.455 ms
(18 rows)

===== 404 [Wed Mar  7 02:42:21 CET 2018] scale:1000000 groups:10000 work_mem:8MB incremental:on max_workers:2 =====
SELECT * FROM (SELECT * FROM s_4 ORDER BY a, b, c, d) foo ORDER BY a, b, c, d, e LIMIT 10000
                                                                     QUERY PLAN                                                                     
----------------------------------------------------------------------------------------------------------------------------------------------------
 Limit  (cost=59285.11..59285.11 rows=1 width=20) (actual time=84.424..84.424 rows=0 loops=1)
   ->  Limit  (cost=58977.74..59185.11 rows=10000 width=20) (actual time=80.359..84.150 rows=10000 loops=1)
         ->  Incremental Sort  (cost=58977.74..79714.89 rows=1000000 width=20) (actual time=80.359..83.599 rows=10000 loops=1)
               Sort Key: s_4.a, s_4.b, s_4.c, s_4.d, s_4.e
               Presorted Key: s_4.a, s_4.b, s_4.c, s_4.d
               Sort Method: quicksort  Memory: 27kB
               Sort Groups: 313
               ->  Gather Merge  (cost=58976.50..156205.59 rows=833334 width=20) (actual time=80.316..82.345 rows=10017 loops=1)
                     Workers Planned: 2
                     Workers Launched: 2
                     ->  Sort  (cost=57976.48..59018.15 rows=416667 width=20) (actual time=78.747..79.154 rows=4119 loops=3)
                           Sort Key: s_4.a, s_4.b, s_4.c, s_4.d
                           Sort Method: external merge  Disk: 9752kB
                           Worker 0:  Sort Method: external merge  Disk: 9808kB
                           Worker 1:  Sort Method: external merge  Disk: 9816kB
                           ->  Parallel Seq Scan on s_4  (cost=0.00..10536.67 rows=416667 width=20) (actual time=0.009..19.465 rows=333333 loops=3)
 Planning time: 0.251 ms
 Execution time: 89.482 ms
(18 rows)

===== 405 [Wed Mar  7 02:42:21 CET 2018] scale:1000000 groups:10000 work_mem:8MB incremental:off max_workers:2 =====
SELECT * FROM (SELECT * FROM s_1 ORDER BY a) foo ORDER BY a, b LIMIT 10000
                                                              QUERY PLAN                                                               
---------------------------------------------------------------------------------------------------------------------------------------
 Limit  (cost=220601.40..220601.40 rows=1 width=20) (actual time=342.532..342.532 rows=0 loops=1)
   ->  Limit  (cost=220476.40..220501.40 rows=10000 width=20) (actual time=341.307..342.256 rows=10000 loops=1)
         ->  Sort  (cost=220476.40..222976.40 rows=1000000 width=20) (actual time=341.306..341.708 rows=10000 loops=1)
               Sort Key: s_1.a, s_1.b
               Sort Method: top-N heapsort  Memory: 1553kB
               ->  Sort  (cost=136537.84..139037.84 rows=1000000 width=20) (actual time=184.884..276.644 rows=1000000 loops=1)
                     Sort Key: s_1.a
                     Sort Method: external merge  Disk: 29360kB
                     ->  Seq Scan on s_1  (cost=0.00..16370.00 rows=1000000 width=20) (actual time=0.007..51.585 rows=1000000 loops=1)
 Planning time: 0.218 ms
 Execution time: 346.518 ms
(11 rows)

===== 406 [Wed Mar  7 02:42:23 CET 2018] scale:1000000 groups:10000 work_mem:8MB incremental:off max_workers:2 =====
SELECT * FROM (SELECT * FROM s_2 ORDER BY a, b) foo ORDER BY a, b, c LIMIT 10000
                                                              QUERY PLAN                                                               
---------------------------------------------------------------------------------------------------------------------------------------
 Limit  (cost=220601.40..220601.40 rows=1 width=20) (actual time=373.742..373.742 rows=0 loops=1)
   ->  Limit  (cost=220476.40..220501.40 rows=10000 width=20) (actual time=372.540..373.471 rows=10000 loops=1)
         ->  Sort  (cost=220476.40..222976.40 rows=1000000 width=20) (actual time=372.539..372.928 rows=10000 loops=1)
               Sort Key: s_2.a, s_2.b, s_2.c
               Sort Method: top-N heapsort  Memory: 1550kB
               ->  Sort  (cost=136537.84..139037.84 rows=1000000 width=20) (actual time=203.465..302.243 rows=1000000 loops=1)
                     Sort Key: s_2.a, s_2.b
                     Sort Method: external merge  Disk: 29360kB
                     ->  Seq Scan on s_2  (cost=0.00..16370.00 rows=1000000 width=20) (actual time=0.013..51.094 rows=1000000 loops=1)
 Planning time: 0.229 ms
 Execution time: 377.729 ms
(11 rows)

===== 407 [Wed Mar  7 02:42:25 CET 2018] scale:1000000 groups:10000 work_mem:8MB incremental:off max_workers:2 =====
SELECT * FROM (SELECT * FROM s_3 ORDER BY a, b, c) foo ORDER BY a, b, c, d LIMIT 10000
                                                              QUERY PLAN                                                               
---------------------------------------------------------------------------------------------------------------------------------------
 Limit  (cost=220601.40..220601.40 rows=1 width=20) (actual time=373.623..373.623 rows=0 loops=1)
   ->  Limit  (cost=220476.40..220501.40 rows=10000 width=20) (actual time=372.415..373.348 rows=10000 loops=1)
         ->  Sort  (cost=220476.40..222976.40 rows=1000000 width=20) (actual time=372.415..372.802 rows=10000 loops=1)
               Sort Key: s_3.a, s_3.b, s_3.c, s_3.d
               Sort Method: top-N heapsort  Memory: 1550kB
               ->  Sort  (cost=136537.84..139037.84 rows=1000000 width=20) (actual time=203.445..302.123 rows=1000000 loops=1)
                     Sort Key: s_3.a, s_3.b, s_3.c
                     Sort Method: external merge  Disk: 29360kB
                     ->  Seq Scan on s_3  (cost=0.00..16370.00 rows=1000000 width=20) (actual time=0.011..51.141 rows=1000000 loops=1)
 Planning time: 0.230 ms
 Execution time: 377.595 ms
(11 rows)

===== 408 [Wed Mar  7 02:42:26 CET 2018] scale:1000000 groups:10000 work_mem:8MB incremental:off max_workers:2 =====
SELECT * FROM (SELECT * FROM s_4 ORDER BY a, b, c, d) foo ORDER BY a, b, c, d, e LIMIT 10000
                                                              QUERY PLAN                                                               
---------------------------------------------------------------------------------------------------------------------------------------
 Limit  (cost=220601.40..220601.40 rows=1 width=20) (actual time=373.754..373.754 rows=0 loops=1)
   ->  Limit  (cost=220476.40..220501.40 rows=10000 width=20) (actual time=372.544..373.478 rows=10000 loops=1)
         ->  Sort  (cost=220476.40..222976.40 rows=1000000 width=20) (actual time=372.544..372.934 rows=10000 loops=1)
               Sort Key: s_4.a, s_4.b, s_4.c, s_4.d, s_4.e
               Sort Method: top-N heapsort  Memory: 1550kB
               ->  Sort  (cost=136537.84..139037.84 rows=1000000 width=20) (actual time=203.489..302.261 rows=1000000 loops=1)
                     Sort Key: s_4.a, s_4.b, s_4.c, s_4.d
                     Sort Method: external merge  Disk: 29360kB
                     ->  Seq Scan on s_4  (cost=0.00..16370.00 rows=1000000 width=20) (actual time=0.010..51.189 rows=1000000 loops=1)
 Planning time: 0.234 ms
 Execution time: 377.735 ms
(11 rows)

===== 409 [Wed Mar  7 02:42:28 CET 2018] scale:1000000 groups:10000 work_mem:16MB incremental:on max_workers:2 =====
SELECT * FROM (SELECT * FROM s_1 ORDER BY a) foo ORDER BY a, b LIMIT 10000
                                                                     QUERY PLAN                                                                     
----------------------------------------------------------------------------------------------------------------------------------------------------
 Limit  (cost=59281.53..59281.53 rows=1 width=20) (actual time=86.846..86.846 rows=0 loops=1)
   ->  Limit  (cost=58990.63..59181.53 rows=10000 width=20) (actual time=81.641..86.574 rows=10000 loops=1)
         ->  Incremental Sort  (cost=58990.63..78080.27 rows=1000000 width=20) (actual time=81.640..86.027 rows=10000 loops=1)
               Sort Key: s_1.a, s_1.b
               Presorted Key: s_1.a
               Sort Method: quicksort  Memory: 34kB
               Sort Groups: 100
               ->  Gather Merge  (cost=58976.50..156205.59 rows=833334 width=20) (actual time=81.584..83.578 rows=10059 loops=1)
                     Workers Planned: 2
                     Workers Launched: 2
                     ->  Sort  (cost=57976.48..59018.15 rows=416667 width=20) (actual time=79.888..80.289 rows=4133 loops=3)
                           Sort Key: s_1.a
                           Sort Method: external merge  Disk: 9720kB
                           Worker 0:  Sort Method: external merge  Disk: 9712kB
                           Worker 1:  Sort Method: external merge  Disk: 9952kB
                           ->  Parallel Seq Scan on s_1  (cost=0.00..10536.67 rows=416667 width=20) (actual time=0.008..19.973 rows=333333 loops=3)
 Planning time: 0.236 ms
 Execution time: 92.336 ms
(18 rows)

===== 410 [Wed Mar  7 02:42:29 CET 2018] scale:1000000 groups:10000 work_mem:16MB incremental:on max_workers:2 =====
SELECT * FROM (SELECT * FROM s_2 ORDER BY a, b) foo ORDER BY a, b, c LIMIT 10000
                                                                     QUERY PLAN                                                                     
----------------------------------------------------------------------------------------------------------------------------------------------------
 Limit  (cost=59285.11..59285.11 rows=1 width=20) (actual time=90.478..90.478 rows=0 loops=1)
   ->  Limit  (cost=58977.74..59185.11 rows=10000 width=20) (actual time=86.348..90.201 rows=10000 loops=1)
         ->  Incremental Sort  (cost=58977.74..79714.89 rows=1000000 width=20) (actual time=86.347..89.654 rows=10000 loops=1)
               Sort Key: s_2.a, s_2.b, s_2.c
               Presorted Key: s_2.a, s_2.b
               Sort Method: quicksort  Memory: 27kB
               Sort Groups: 313
               ->  Gather Merge  (cost=58976.50..156205.59 rows=833334 width=20) (actual time=86.307..88.348 rows=10017 loops=1)
                     Workers Planned: 2
                     Workers Launched: 2
                     ->  Sort  (cost=57976.48..59018.15 rows=416667 width=20) (actual time=84.665..85.075 rows=4119 loops=3)
                           Sort Key: s_2.a, s_2.b
                           Sort Method: external merge  Disk: 9696kB
                           Worker 0:  Sort Method: external merge  Disk: 9872kB
                           Worker 1:  Sort Method: external merge  Disk: 9816kB
                           ->  Parallel Seq Scan on s_2  (cost=0.00..10536.67 rows=416667 width=20) (actual time=0.010..20.041 rows=333333 loops=3)
 Planning time: 0.239 ms
 Execution time: 96.014 ms
(18 rows)

===== 411 [Wed Mar  7 02:42:29 CET 2018] scale:1000000 groups:10000 work_mem:16MB incremental:on max_workers:2 =====
SELECT * FROM (SELECT * FROM s_3 ORDER BY a, b, c) foo ORDER BY a, b, c, d LIMIT 10000
                                                                     QUERY PLAN                                                                     
----------------------------------------------------------------------------------------------------------------------------------------------------
 Limit  (cost=59285.11..59285.11 rows=1 width=20) (actual time=90.335..90.335 rows=0 loops=1)
   ->  Limit  (cost=58977.74..59185.11 rows=10000 width=20) (actual time=86.261..90.054 rows=10000 loops=1)
         ->  Incremental Sort  (cost=58977.74..79714.89 rows=1000000 width=20) (actual time=86.260..89.503 rows=10000 loops=1)
               Sort Key: s_3.a, s_3.b, s_3.c, s_3.d
               Presorted Key: s_3.a, s_3.b, s_3.c
               Sort Method: quicksort  Memory: 27kB
               Sort Groups: 313
               ->  Gather Merge  (cost=58976.50..156205.59 rows=833334 width=20) (actual time=86.215..88.246 rows=10017 loops=1)
                     Workers Planned: 2
                     Workers Launched: 2
                     ->  Sort  (cost=57976.48..59018.15 rows=416667 width=20) (actual time=84.589..84.997 rows=4120 loops=3)
                           Sort Key: s_3.a, s_3.b, s_3.c
                           Sort Method: external merge  Disk: 9712kB
                           Worker 0:  Sort Method: external merge  Disk: 9816kB
                           Worker 1:  Sort Method: external merge  Disk: 9856kB
                           ->  Parallel Seq Scan on s_3  (cost=0.00..10536.67 rows=416667 width=20) (actual time=0.009..20.065 rows=333333 loops=3)
 Planning time: 0.245 ms
 Execution time: 95.934 ms
(18 rows)

===== 412 [Wed Mar  7 02:42:30 CET 2018] scale:1000000 groups:10000 work_mem:16MB incremental:on max_workers:2 =====
SELECT * FROM (SELECT * FROM s_4 ORDER BY a, b, c, d) foo ORDER BY a, b, c, d, e LIMIT 10000
                                                                     QUERY PLAN                                                                     
----------------------------------------------------------------------------------------------------------------------------------------------------
 Limit  (cost=59285.11..59285.11 rows=1 width=20) (actual time=90.263..90.263 rows=0 loops=1)
   ->  Limit  (cost=58977.74..59185.11 rows=10000 width=20) (actual time=86.180..89.987 rows=10000 loops=1)
         ->  Incremental Sort  (cost=58977.74..79714.89 rows=1000000 width=20) (actual time=86.179..89.437 rows=10000 loops=1)
               Sort Key: s_4.a, s_4.b, s_4.c, s_4.d, s_4.e
               Presorted Key: s_4.a, s_4.b, s_4.c, s_4.d
               Sort Method: quicksort  Memory: 27kB
               Sort Groups: 313
               ->  Gather Merge  (cost=58976.50..156205.59 rows=833334 width=20) (actual time=86.137..88.185 rows=10017 loops=1)
                     Workers Planned: 2
                     Workers Launched: 2
                     ->  Sort  (cost=57976.48..59018.15 rows=416667 width=20) (actual time=84.498..84.911 rows=4119 loops=3)
                           Sort Key: s_4.a, s_4.b, s_4.c, s_4.d
                           Sort Method: external merge  Disk: 9720kB
                           Worker 0:  Sort Method: external merge  Disk: 9808kB
                           Worker 1:  Sort Method: external merge  Disk: 9856kB
                           ->  Parallel Seq Scan on s_4  (cost=0.00..10536.67 rows=416667 width=20) (actual time=0.009..20.081 rows=333333 loops=3)
 Planning time: 0.249 ms
 Execution time: 95.869 ms
(18 rows)

===== 413 [Wed Mar  7 02:42:30 CET 2018] scale:1000000 groups:10000 work_mem:16MB incremental:off max_workers:2 =====
SELECT * FROM (SELECT * FROM s_1 ORDER BY a) foo ORDER BY a, b LIMIT 10000
                                                              QUERY PLAN                                                               
---------------------------------------------------------------------------------------------------------------------------------------
 Limit  (cost=220601.40..220601.40 rows=1 width=20) (actual time=349.270..349.270 rows=0 loops=1)
   ->  Limit  (cost=220476.40..220501.40 rows=10000 width=20) (actual time=348.047..348.995 rows=10000 loops=1)
         ->  Sort  (cost=220476.40..222976.40 rows=1000000 width=20) (actual time=348.046..348.446 rows=10000 loops=1)
               Sort Key: s_1.a, s_1.b
               Sort Method: top-N heapsort  Memory: 1553kB
               ->  Sort  (cost=136537.84..139037.84 rows=1000000 width=20) (actual time=193.187..283.410 rows=1000000 loops=1)
                     Sort Key: s_1.a
                     Sort Method: external merge  Disk: 29392kB
                     ->  Seq Scan on s_1  (cost=0.00..16370.00 rows=1000000 width=20) (actual time=0.007..52.196 rows=1000000 loops=1)
 Planning time: 0.227 ms
 Execution time: 353.585 ms
(11 rows)

===== 414 [Wed Mar  7 02:42:32 CET 2018] scale:1000000 groups:10000 work_mem:16MB incremental:off max_workers:2 =====
SELECT * FROM (SELECT * FROM s_2 ORDER BY a, b) foo ORDER BY a, b, c LIMIT 10000
                                                              QUERY PLAN                                                               
---------------------------------------------------------------------------------------------------------------------------------------
 Limit  (cost=220601.40..220601.40 rows=1 width=20) (actual time=379.822..379.822 rows=0 loops=1)
   ->  Limit  (cost=220476.40..220501.40 rows=10000 width=20) (actual time=378.615..379.549 rows=10000 loops=1)
         ->  Sort  (cost=220476.40..222976.40 rows=1000000 width=20) (actual time=378.615..379.002 rows=10000 loops=1)
               Sort Key: s_2.a, s_2.b, s_2.c
               Sort Method: top-N heapsort  Memory: 1550kB
               ->  Sort  (cost=136537.84..139037.84 rows=1000000 width=20) (actual time=211.733..308.629 rows=1000000 loops=1)
                     Sort Key: s_2.a, s_2.b
                     Sort Method: external merge  Disk: 29392kB
                     ->  Seq Scan on s_2  (cost=0.00..16370.00 rows=1000000 width=20) (actual time=0.013..51.707 rows=1000000 loops=1)
 Planning time: 0.227 ms
 Execution time: 384.162 ms
(11 rows)

===== 415 [Wed Mar  7 02:42:34 CET 2018] scale:1000000 groups:10000 work_mem:16MB incremental:off max_workers:2 =====
SELECT * FROM (SELECT * FROM s_3 ORDER BY a, b, c) foo ORDER BY a, b, c, d LIMIT 10000
                                                              QUERY PLAN                                                               
---------------------------------------------------------------------------------------------------------------------------------------
 Limit  (cost=220601.40..220601.40 rows=1 width=20) (actual time=379.923..379.923 rows=0 loops=1)
   ->  Limit  (cost=220476.40..220501.40 rows=10000 width=20) (actual time=378.720..379.653 rows=10000 loops=1)
         ->  Sort  (cost=220476.40..222976.40 rows=1000000 width=20) (actual time=378.719..379.112 rows=10000 loops=1)
               Sort Key: s_3.a, s_3.b, s_3.c, s_3.d
               Sort Method: top-N heapsort  Memory: 1550kB
               ->  Sort  (cost=136537.84..139037.84 rows=1000000 width=20) (actual time=211.789..308.745 rows=1000000 loops=1)
                     Sort Key: s_3.a, s_3.b, s_3.c
                     Sort Method: external merge  Disk: 29392kB
                     ->  Seq Scan on s_3  (cost=0.00..16370.00 rows=1000000 width=20) (actual time=0.011..51.741 rows=1000000 loops=1)
 Planning time: 0.223 ms
 Execution time: 384.259 ms
(11 rows)

===== 416 [Wed Mar  7 02:42:36 CET 2018] scale:1000000 groups:10000 work_mem:16MB incremental:off max_workers:2 =====
SELECT * FROM (SELECT * FROM s_4 ORDER BY a, b, c, d) foo ORDER BY a, b, c, d, e LIMIT 10000
                                                              QUERY PLAN                                                               
---------------------------------------------------------------------------------------------------------------------------------------
 Limit  (cost=220601.40..220601.40 rows=1 width=20) (actual time=380.093..380.093 rows=0 loops=1)
   ->  Limit  (cost=220476.40..220501.40 rows=10000 width=20) (actual time=378.890..379.824 rows=10000 loops=1)
         ->  Sort  (cost=220476.40..222976.40 rows=1000000 width=20) (actual time=378.889..379.280 rows=10000 loops=1)
               Sort Key: s_4.a, s_4.b, s_4.c, s_4.d, s_4.e
               Sort Method: top-N heapsort  Memory: 1550kB
               ->  Sort  (cost=136537.84..139037.84 rows=1000000 width=20) (actual time=211.918..308.884 rows=1000000 loops=1)
                     Sort Key: s_4.a, s_4.b, s_4.c, s_4.d
                     Sort Method: external merge  Disk: 29392kB
                     ->  Seq Scan on s_4  (cost=0.00..16370.00 rows=1000000 width=20) (actual time=0.011..51.766 rows=1000000 loops=1)
 Planning time: 0.233 ms
 Execution time: 384.418 ms
(11 rows)

===== 417 [Wed Mar  7 02:42:38 CET 2018] scale:1000000 groups:10000 work_mem:32MB incremental:on max_workers:2 =====
SELECT * FROM (SELECT * FROM s_1 ORDER BY a) foo ORDER BY a, b LIMIT 10000
                                                                     QUERY PLAN                                                                     
----------------------------------------------------------------------------------------------------------------------------------------------------
 Limit  (cost=50734.53..50734.53 rows=1 width=20) (actual time=88.218..88.218 rows=0 loops=1)
   ->  Limit  (cost=50443.63..50634.53 rows=10000 width=20) (actual time=82.988..87.941 rows=10000 loops=1)
         ->  Incremental Sort  (cost=50443.63..69533.27 rows=1000000 width=20) (actual time=82.987..87.394 rows=10000 loops=1)
               Sort Key: s_1.a, s_1.b
               Presorted Key: s_1.a
               Sort Method: quicksort  Memory: 34kB
               Sort Groups: 100
               ->  Gather Merge  (cost=50429.50..147658.59 rows=833334 width=20) (actual time=82.931..84.900 rows=10059 loops=1)
                     Workers Planned: 2
                     Workers Launched: 2
                     ->  Sort  (cost=49429.48..50471.15 rows=416667 width=20) (actual time=81.221..81.606 rows=4133 loops=3)
                           Sort Key: s_1.a
                           Sort Method: external merge  Disk: 9752kB
                           Worker 0:  Sort Method: external merge  Disk: 9712kB
                           Worker 1:  Sort Method: external merge  Disk: 9912kB
                           ->  Parallel Seq Scan on s_1  (cost=0.00..10536.67 rows=416667 width=20) (actual time=0.008..20.189 rows=333333 loops=3)
 Planning time: 0.235 ms
 Execution time: 93.456 ms
(18 rows)

===== 418 [Wed Mar  7 02:42:38 CET 2018] scale:1000000 groups:10000 work_mem:32MB incremental:on max_workers:2 =====
SELECT * FROM (SELECT * FROM s_2 ORDER BY a, b) foo ORDER BY a, b, c LIMIT 10000
                                                                     QUERY PLAN                                                                     
----------------------------------------------------------------------------------------------------------------------------------------------------
 Limit  (cost=50738.11..50738.11 rows=1 width=20) (actual time=91.580..91.580 rows=0 loops=1)
   ->  Limit  (cost=50430.74..50638.11 rows=10000 width=20) (actual time=87.529..91.304 rows=10000 loops=1)
         ->  Incremental Sort  (cost=50430.74..71167.89 rows=1000000 width=20) (actual time=87.528..90.752 rows=10000 loops=1)
               Sort Key: s_2.a, s_2.b, s_2.c
               Presorted Key: s_2.a, s_2.b
               Sort Method: quicksort  Memory: 27kB
               Sort Groups: 313
               ->  Gather Merge  (cost=50429.50..147658.59 rows=833334 width=20) (actual time=87.488..89.453 rows=10017 loops=1)
                     Workers Planned: 2
                     Workers Launched: 2
                     ->  Sort  (cost=49429.48..50471.15 rows=416667 width=20) (actual time=85.821..86.202 rows=4119 loops=3)
                           Sort Key: s_2.a, s_2.b
                           Sort Method: external merge  Disk: 9664kB
                           Worker 0:  Sort Method: external merge  Disk: 9832kB
                           Worker 1:  Sort Method: external merge  Disk: 9880kB
                           ->  Parallel Seq Scan on s_2  (cost=0.00..10536.67 rows=416667 width=20) (actual time=0.009..20.232 rows=333333 loops=3)
 Planning time: 0.242 ms
 Execution time: 96.850 ms
(18 rows)

===== 419 [Wed Mar  7 02:42:39 CET 2018] scale:1000000 groups:10000 work_mem:32MB incremental:on max_workers:2 =====
SELECT * FROM (SELECT * FROM s_3 ORDER BY a, b, c) foo ORDER BY a, b, c, d LIMIT 10000
                                                                     QUERY PLAN                                                                     
----------------------------------------------------------------------------------------------------------------------------------------------------
 Limit  (cost=50738.11..50738.11 rows=1 width=20) (actual time=91.825..91.825 rows=0 loops=1)
   ->  Limit  (cost=50430.74..50638.11 rows=10000 width=20) (actual time=87.806..91.548 rows=10000 loops=1)
         ->  Incremental Sort  (cost=50430.74..71167.89 rows=1000000 width=20) (actual time=87.806..90.997 rows=10000 loops=1)
               Sort Key: s_3.a, s_3.b, s_3.c, s_3.d
               Presorted Key: s_3.a, s_3.b, s_3.c
               Sort Method: quicksort  Memory: 27kB
               Sort Groups: 313
               ->  Gather Merge  (cost=50429.50..147658.59 rows=833334 width=20) (actual time=87.763..89.750 rows=10017 loops=1)
                     Workers Planned: 2
                     Workers Launched: 2
                     ->  Sort  (cost=49429.48..50471.15 rows=416667 width=20) (actual time=86.187..86.574 rows=4119 loops=3)
                           Sort Key: s_3.a, s_3.b, s_3.c
                           Sort Method: external merge  Disk: 9728kB
                           Worker 0:  Sort Method: external merge  Disk: 9792kB
                           Worker 1:  Sort Method: external merge  Disk: 9848kB
                           ->  Parallel Seq Scan on s_3  (cost=0.00..10536.67 rows=416667 width=20) (actual time=0.009..20.277 rows=333333 loops=3)
 Planning time: 0.239 ms
 Execution time: 97.186 ms
(18 rows)

===== 420 [Wed Mar  7 02:42:39 CET 2018] scale:1000000 groups:10000 work_mem:32MB incremental:on max_workers:2 =====
SELECT * FROM (SELECT * FROM s_4 ORDER BY a, b, c, d) foo ORDER BY a, b, c, d, e LIMIT 10000
                                                                     QUERY PLAN                                                                     
----------------------------------------------------------------------------------------------------------------------------------------------------
 Limit  (cost=50738.11..50738.11 rows=1 width=20) (actual time=91.828..91.828 rows=0 loops=1)
   ->  Limit  (cost=50430.74..50638.11 rows=10000 width=20) (actual time=87.820..91.551 rows=10000 loops=1)
         ->  Incremental Sort  (cost=50430.74..71167.89 rows=1000000 width=20) (actual time=87.819..91.001 rows=10000 loops=1)
               Sort Key: s_4.a, s_4.b, s_4.c, s_4.d, s_4.e
               Presorted Key: s_4.a, s_4.b, s_4.c, s_4.d
               Sort Method: quicksort  Memory: 27kB
               Sort Groups: 313
               ->  Gather Merge  (cost=50429.50..147658.59 rows=833334 width=20) (actual time=87.778..89.747 rows=10017 loops=1)
                     Workers Planned: 2
                     Workers Launched: 2
                     ->  Sort  (cost=49429.48..50471.15 rows=416667 width=20) (actual time=86.153..86.537 rows=4119 loops=3)
                           Sort Key: s_4.a, s_4.b, s_4.c, s_4.d
                           Sort Method: external merge  Disk: 9744kB
                           Worker 0:  Sort Method: external merge  Disk: 9848kB
                           Worker 1:  Sort Method: external merge  Disk: 9768kB
                           ->  Parallel Seq Scan on s_4  (cost=0.00..10536.67 rows=416667 width=20) (actual time=0.009..20.283 rows=333333 loops=3)
 Planning time: 0.249 ms
 Execution time: 97.216 ms
(18 rows)

===== 421 [Wed Mar  7 02:42:40 CET 2018] scale:1000000 groups:10000 work_mem:32MB incremental:off max_workers:2 =====
SELECT * FROM (SELECT * FROM s_1 ORDER BY a) foo ORDER BY a, b LIMIT 10000
                                                              QUERY PLAN                                                               
---------------------------------------------------------------------------------------------------------------------------------------
 Limit  (cost=220601.40..220601.40 rows=1 width=20) (actual time=361.397..361.397 rows=0 loops=1)
   ->  Limit  (cost=220476.40..220501.40 rows=10000 width=20) (actual time=360.184..361.128 rows=10000 loops=1)
         ->  Sort  (cost=220476.40..222976.40 rows=1000000 width=20) (actual time=360.183..360.584 rows=10000 loops=1)
               Sort Key: s_1.a, s_1.b
               Sort Method: top-N heapsort  Memory: 1553kB
               ->  Sort  (cost=136537.84..139037.84 rows=1000000 width=20) (actual time=208.577..296.114 rows=1000000 loops=1)
                     Sort Key: s_1.a
                     Sort Method: external merge  Disk: 29360kB
                     ->  Seq Scan on s_1  (cost=0.00..16370.00 rows=1000000 width=20) (actual time=0.007..53.417 rows=1000000 loops=1)
 Planning time: 0.221 ms
 Execution time: 365.972 ms
(11 rows)

===== 422 [Wed Mar  7 02:42:42 CET 2018] scale:1000000 groups:10000 work_mem:32MB incremental:off max_workers:2 =====
SELECT * FROM (SELECT * FROM s_2 ORDER BY a, b) foo ORDER BY a, b, c LIMIT 10000
                                                              QUERY PLAN                                                               
---------------------------------------------------------------------------------------------------------------------------------------
 Limit  (cost=220601.40..220601.40 rows=1 width=20) (actual time=393.127..393.127 rows=0 loops=1)
   ->  Limit  (cost=220476.40..220501.40 rows=10000 width=20) (actual time=391.918..392.851 rows=10000 loops=1)
         ->  Sort  (cost=220476.40..222976.40 rows=1000000 width=20) (actual time=391.917..392.306 rows=10000 loops=1)
               Sort Key: s_2.a, s_2.b, s_2.c
               Sort Method: top-N heapsort  Memory: 1550kB
               ->  Sort  (cost=136537.84..139037.84 rows=1000000 width=20) (actual time=226.678..320.811 rows=1000000 loops=1)
                     Sort Key: s_2.a, s_2.b
                     Sort Method: external merge  Disk: 29360kB
                     ->  Seq Scan on s_2  (cost=0.00..16370.00 rows=1000000 width=20) (actual time=0.013..53.119 rows=1000000 loops=1)
 Planning time: 0.229 ms
 Execution time: 397.709 ms
(11 rows)

===== 423 [Wed Mar  7 02:42:44 CET 2018] scale:1000000 groups:10000 work_mem:32MB incremental:off max_workers:2 =====
SELECT * FROM (SELECT * FROM s_3 ORDER BY a, b, c) foo ORDER BY a, b, c, d LIMIT 10000
                                                              QUERY PLAN                                                               
---------------------------------------------------------------------------------------------------------------------------------------
 Limit  (cost=220601.40..220601.40 rows=1 width=20) (actual time=392.638..392.638 rows=0 loops=1)
   ->  Limit  (cost=220476.40..220501.40 rows=10000 width=20) (actual time=391.427..392.362 rows=10000 loops=1)
         ->  Sort  (cost=220476.40..222976.40 rows=1000000 width=20) (actual time=391.426..391.818 rows=10000 loops=1)
               Sort Key: s_3.a, s_3.b, s_3.c, s_3.d
               Sort Method: top-N heapsort  Memory: 1550kB
               ->  Sort  (cost=136537.84..139037.84 rows=1000000 width=20) (actual time=226.348..320.328 rows=1000000 loops=1)
                     Sort Key: s_3.a, s_3.b, s_3.c
                     Sort Method: external merge  Disk: 29360kB
                     ->  Seq Scan on s_3  (cost=0.00..16370.00 rows=1000000 width=20) (actual time=0.011..53.158 rows=1000000 loops=1)
 Planning time: 0.224 ms
 Execution time: 397.195 ms
(11 rows)

===== 424 [Wed Mar  7 02:42:45 CET 2018] scale:1000000 groups:10000 work_mem:32MB incremental:off max_workers:2 =====
SELECT * FROM (SELECT * FROM s_4 ORDER BY a, b, c, d) foo ORDER BY a, b, c, d, e LIMIT 10000
                                                              QUERY PLAN                                                               
---------------------------------------------------------------------------------------------------------------------------------------
 Limit  (cost=220601.40..220601.40 rows=1 width=20) (actual time=392.943..392.943 rows=0 loops=1)
   ->  Limit  (cost=220476.40..220501.40 rows=10000 width=20) (actual time=391.735..392.667 rows=10000 loops=1)
         ->  Sort  (cost=220476.40..222976.40 rows=1000000 width=20) (actual time=391.735..392.122 rows=10000 loops=1)
               Sort Key: s_4.a, s_4.b, s_4.c, s_4.d, s_4.e
               Sort Method: top-N heapsort  Memory: 1550kB
               ->  Sort  (cost=136537.84..139037.84 rows=1000000 width=20) (actual time=226.636..320.680 rows=1000000 loops=1)
                     Sort Key: s_4.a, s_4.b, s_4.c, s_4.d
                     Sort Method: external merge  Disk: 29360kB
                     ->  Seq Scan on s_4  (cost=0.00..16370.00 rows=1000000 width=20) (actual time=0.011..53.215 rows=1000000 loops=1)
 Planning time: 0.232 ms
 Execution time: 397.513 ms
(11 rows)

===== 425 [Wed Mar  7 02:42:47 CET 2018] scale:1000000 groups:10000 work_mem:64MB incremental:on max_workers:2 =====
SELECT * FROM (SELECT * FROM s_1 ORDER BY a) foo ORDER BY a, b LIMIT 10000
                                                                     QUERY PLAN                                                                     
----------------------------------------------------------------------------------------------------------------------------------------------------
 Limit  (cost=50734.53..50734.53 rows=1 width=20) (actual time=63.529..63.529 rows=0 loops=1)
   ->  Limit  (cost=50443.63..50634.53 rows=10000 width=20) (actual time=58.717..63.252 rows=10000 loops=1)
         ->  Incremental Sort  (cost=50443.63..69533.27 rows=1000000 width=20) (actual time=58.716..62.702 rows=10000 loops=1)
               Sort Key: s_1.a, s_1.b
               Presorted Key: s_1.a
               Sort Method: quicksort  Memory: 34kB
               Sort Groups: 100
               ->  Gather Merge  (cost=50429.50..147658.59 rows=833334 width=20) (actual time=58.659..60.140 rows=10059 loops=1)
                     Workers Planned: 2
                     Workers Launched: 2
                     ->  Sort  (cost=49429.48..50471.15 rows=416667 width=20) (actual time=57.193..57.384 rows=4136 loops=3)
                           Sort Key: s_1.a
                           Sort Method: quicksort  Memory: 38064kB
                           Worker 0:  Sort Method: quicksort  Memory: 38463kB
                           Worker 1:  Sort Method: quicksort  Memory: 38463kB
                           ->  Parallel Seq Scan on s_1  (cost=0.00..10536.67 rows=416667 width=20) (actual time=0.008..20.244 rows=333333 loops=3)
 Planning time: 0.243 ms
 Execution time: 68.385 ms
(18 rows)

===== 426 [Wed Mar  7 02:42:48 CET 2018] scale:1000000 groups:10000 work_mem:64MB incremental:on max_workers:2 =====
SELECT * FROM (SELECT * FROM s_2 ORDER BY a, b) foo ORDER BY a, b, c LIMIT 10000
                                                                     QUERY PLAN                                                                     
----------------------------------------------------------------------------------------------------------------------------------------------------
 Limit  (cost=50738.11..50738.11 rows=1 width=20) (actual time=67.371..67.371 rows=0 loops=1)
   ->  Limit  (cost=50430.74..50638.11 rows=10000 width=20) (actual time=63.643..67.094 rows=10000 loops=1)
         ->  Incremental Sort  (cost=50430.74..71167.89 rows=1000000 width=20) (actual time=63.642..66.544 rows=10000 loops=1)
               Sort Key: s_2.a, s_2.b, s_2.c
               Presorted Key: s_2.a, s_2.b
               Sort Method: quicksort  Memory: 27kB
               Sort Groups: 313
               ->  Gather Merge  (cost=50429.50..147658.59 rows=833334 width=20) (actual time=63.604..65.141 rows=10017 loops=1)
                     Workers Planned: 2
                     Workers Launched: 2
                     ->  Sort  (cost=49429.48..50471.15 rows=416667 width=20) (actual time=62.023..62.228 rows=4119 loops=3)
                           Sort Key: s_2.a, s_2.b
                           Sort Method: quicksort  Memory: 38034kB
                           Worker 0:  Sort Method: quicksort  Memory: 38493kB
                           Worker 1:  Sort Method: quicksort  Memory: 38463kB
                           ->  Parallel Seq Scan on s_2  (cost=0.00..10536.67 rows=416667 width=20) (actual time=0.010..20.233 rows=333333 loops=3)
 Planning time: 0.244 ms
 Execution time: 72.258 ms
(18 rows)

===== 427 [Wed Mar  7 02:42:48 CET 2018] scale:1000000 groups:10000 work_mem:64MB incremental:on max_workers:2 =====
SELECT * FROM (SELECT * FROM s_3 ORDER BY a, b, c) foo ORDER BY a, b, c, d LIMIT 10000
                                                                     QUERY PLAN                                                                     
----------------------------------------------------------------------------------------------------------------------------------------------------
 Limit  (cost=50738.11..50738.11 rows=1 width=20) (actual time=67.120..67.120 rows=0 loops=1)
   ->  Limit  (cost=50430.74..50638.11 rows=10000 width=20) (actual time=63.476..66.845 rows=10000 loops=1)
         ->  Incremental Sort  (cost=50430.74..71167.89 rows=1000000 width=20) (actual time=63.476..66.295 rows=10000 loops=1)
               Sort Key: s_3.a, s_3.b, s_3.c, s_3.d
               Presorted Key: s_3.a, s_3.b, s_3.c
               Sort Method: quicksort  Memory: 27kB
               Sort Groups: 313
               ->  Gather Merge  (cost=50429.50..147658.59 rows=833334 width=20) (actual time=63.433..64.945 rows=10017 loops=1)
                     Workers Planned: 2
                     Workers Launched: 2
                     ->  Sort  (cost=49429.48..50471.15 rows=416667 width=20) (actual time=61.956..62.154 rows=4119 loops=3)
                           Sort Key: s_3.a, s_3.b, s_3.c
                           Sort Method: quicksort  Memory: 38181kB
                           Worker 0:  Sort Method: quicksort  Memory: 38407kB
                           Worker 1:  Sort Method: quicksort  Memory: 38402kB
                           ->  Parallel Seq Scan on s_3  (cost=0.00..10536.67 rows=416667 width=20) (actual time=0.010..20.249 rows=333333 loops=3)
 Planning time: 0.244 ms
 Execution time: 72.135 ms
(18 rows)

===== 428 [Wed Mar  7 02:42:49 CET 2018] scale:1000000 groups:10000 work_mem:64MB incremental:on max_workers:2 =====
SELECT * FROM (SELECT * FROM s_4 ORDER BY a, b, c, d) foo ORDER BY a, b, c, d, e LIMIT 10000
                                                                     QUERY PLAN                                                                     
----------------------------------------------------------------------------------------------------------------------------------------------------
 Limit  (cost=50738.11..50738.11 rows=1 width=20) (actual time=67.134..67.134 rows=0 loops=1)
   ->  Limit  (cost=50430.74..50638.11 rows=10000 width=20) (actual time=63.481..66.859 rows=10000 loops=1)
         ->  Incremental Sort  (cost=50430.74..71167.89 rows=1000000 width=20) (actual time=63.480..66.306 rows=10000 loops=1)
               Sort Key: s_4.a, s_4.b, s_4.c, s_4.d, s_4.e
               Presorted Key: s_4.a, s_4.b, s_4.c, s_4.d
               Sort Method: quicksort  Memory: 27kB
               Sort Groups: 313
               ->  Gather Merge  (cost=50429.50..147658.59 rows=833334 width=20) (actual time=63.439..64.956 rows=10017 loops=1)
                     Workers Planned: 2
                     Workers Launched: 2
                     ->  Sort  (cost=49429.48..50471.15 rows=416667 width=20) (actual time=61.953..62.152 rows=4119 loops=3)
                           Sort Key: s_4.a, s_4.b, s_4.c, s_4.d
                           Sort Method: quicksort  Memory: 38218kB
                           Worker 0:  Sort Method: quicksort  Memory: 38402kB
                           Worker 1:  Sort Method: quicksort  Memory: 38370kB
                           ->  Parallel Seq Scan on s_4  (cost=0.00..10536.67 rows=416667 width=20) (actual time=0.008..20.291 rows=333333 loops=3)
 Planning time: 0.249 ms
 Execution time: 72.077 ms
(18 rows)

===== 429 [Wed Mar  7 02:42:49 CET 2018] scale:1000000 groups:10000 work_mem:64MB incremental:off max_workers:2 =====
SELECT * FROM (SELECT * FROM s_1 ORDER BY a) foo ORDER BY a, b LIMIT 10000
                                                              QUERY PLAN                                                               
---------------------------------------------------------------------------------------------------------------------------------------
 Limit  (cost=200091.40..200091.40 rows=1 width=20) (actual time=372.723..372.723 rows=0 loops=1)
   ->  Limit  (cost=199966.40..199991.40 rows=10000 width=20) (actual time=371.500..372.448 rows=10000 loops=1)
         ->  Sort  (cost=199966.40..202466.40 rows=1000000 width=20) (actual time=371.499..371.898 rows=10000 loops=1)
               Sort Key: s_1.a, s_1.b
               Sort Method: top-N heapsort  Memory: 1553kB
               ->  Sort  (cost=116027.84..118527.84 rows=1000000 width=20) (actual time=225.775..307.501 rows=1000000 loops=1)
                     Sort Key: s_1.a
                     Sort Method: external merge  Disk: 29360kB
                     ->  Seq Scan on s_1  (cost=0.00..16370.00 rows=1000000 width=20) (actual time=0.007..55.218 rows=1000000 loops=1)
 Planning time: 0.220 ms
 Execution time: 376.185 ms
(11 rows)

===== 430 [Wed Mar  7 02:42:51 CET 2018] scale:1000000 groups:10000 work_mem:64MB incremental:off max_workers:2 =====
SELECT * FROM (SELECT * FROM s_2 ORDER BY a, b) foo ORDER BY a, b, c LIMIT 10000
                                                              QUERY PLAN                                                               
---------------------------------------------------------------------------------------------------------------------------------------
 Limit  (cost=200091.40..200091.40 rows=1 width=20) (actual time=402.423..402.423 rows=0 loops=1)
   ->  Limit  (cost=199966.40..199991.40 rows=10000 width=20) (actual time=401.213..402.148 rows=10000 loops=1)
         ->  Sort  (cost=199966.40..202466.40 rows=1000000 width=20) (actual time=401.213..401.603 rows=10000 loops=1)
               Sort Key: s_2.a, s_2.b, s_2.c
               Sort Method: top-N heapsort  Memory: 1550kB
               ->  Sort  (cost=116027.84..118527.84 rows=1000000 width=20) (actual time=243.928..332.449 rows=1000000 loops=1)
                     Sort Key: s_2.a, s_2.b
                     Sort Method: external merge  Disk: 29360kB
                     ->  Seq Scan on s_2  (cost=0.00..16370.00 rows=1000000 width=20) (actual time=0.012..54.872 rows=1000000 loops=1)
 Planning time: 0.231 ms
 Execution time: 405.889 ms
(11 rows)

===== 431 [Wed Mar  7 02:42:53 CET 2018] scale:1000000 groups:10000 work_mem:64MB incremental:off max_workers:2 =====
SELECT * FROM (SELECT * FROM s_3 ORDER BY a, b, c) foo ORDER BY a, b, c, d LIMIT 10000
                                                              QUERY PLAN                                                               
---------------------------------------------------------------------------------------------------------------------------------------
 Limit  (cost=200091.40..200091.40 rows=1 width=20) (actual time=402.525..402.525 rows=0 loops=1)
   ->  Limit  (cost=199966.40..199991.40 rows=10000 width=20) (actual time=401.318..402.251 rows=10000 loops=1)
         ->  Sort  (cost=199966.40..202466.40 rows=1000000 width=20) (actual time=401.317..401.709 rows=10000 loops=1)
               Sort Key: s_3.a, s_3.b, s_3.c, s_3.d
               Sort Method: top-N heapsort  Memory: 1550kB
               ->  Sort  (cost=116027.84..118527.84 rows=1000000 width=20) (actual time=243.843..332.579 rows=1000000 loops=1)
                     Sort Key: s_3.a, s_3.b, s_3.c
                     Sort Method: external merge  Disk: 29360kB
                     ->  Seq Scan on s_3  (cost=0.00..16370.00 rows=1000000 width=20) (actual time=0.011..54.945 rows=1000000 loops=1)
 Planning time: 0.227 ms
 Execution time: 406.000 ms
(11 rows)

===== 432 [Wed Mar  7 02:42:55 CET 2018] scale:1000000 groups:10000 work_mem:64MB incremental:off max_workers:2 =====
SELECT * FROM (SELECT * FROM s_4 ORDER BY a, b, c, d) foo ORDER BY a, b, c, d, e LIMIT 10000
                                                              QUERY PLAN                                                               
---------------------------------------------------------------------------------------------------------------------------------------
 Limit  (cost=200091.40..200091.40 rows=1 width=20) (actual time=402.781..402.781 rows=0 loops=1)
   ->  Limit  (cost=199966.40..199991.40 rows=10000 width=20) (actual time=401.577..402.508 rows=10000 loops=1)
         ->  Sort  (cost=199966.40..202466.40 rows=1000000 width=20) (actual time=401.577..401.965 rows=10000 loops=1)
               Sort Key: s_4.a, s_4.b, s_4.c, s_4.d, s_4.e
               Sort Method: top-N heapsort  Memory: 1550kB
               ->  Sort  (cost=116027.84..118527.84 rows=1000000 width=20) (actual time=244.116..332.778 rows=1000000 loops=1)
                     Sort Key: s_4.a, s_4.b, s_4.c, s_4.d
                     Sort Method: external merge  Disk: 29360kB
                     ->  Seq Scan on s_4  (cost=0.00..16370.00 rows=1000000 width=20) (actual time=0.011..54.999 rows=1000000 loops=1)
 Planning time: 0.244 ms
 Execution time: 406.244 ms
(11 rows)

===== 433 [Wed Mar  7 02:42:57 CET 2018] scale:1000000 groups:10000 work_mem:128MB incremental:on max_workers:2 =====
SELECT * FROM (SELECT * FROM s_1 ORDER BY a) foo ORDER BY a, b LIMIT 10000
                                                                     QUERY PLAN                                                                     
----------------------------------------------------------------------------------------------------------------------------------------------------
 Limit  (cost=50734.53..50734.53 rows=1 width=20) (actual time=63.587..63.587 rows=0 loops=1)
   ->  Limit  (cost=50443.63..50634.53 rows=10000 width=20) (actual time=58.774..63.309 rows=10000 loops=1)
         ->  Incremental Sort  (cost=50443.63..69533.27 rows=1000000 width=20) (actual time=58.773..62.762 rows=10000 loops=1)
               Sort Key: s_1.a, s_1.b
               Presorted Key: s_1.a
               Sort Method: quicksort  Memory: 34kB
               Sort Groups: 100
               ->  Gather Merge  (cost=50429.50..147658.59 rows=833334 width=20) (actual time=58.709..60.199 rows=10059 loops=1)
                     Workers Planned: 2
                     Workers Launched: 2
                     ->  Sort  (cost=49429.48..50471.15 rows=416667 width=20) (actual time=57.237..57.424 rows=4133 loops=3)
                           Sort Key: s_1.a
                           Sort Method: quicksort  Memory: 38064kB
                           Worker 0:  Sort Method: quicksort  Memory: 38427kB
                           Worker 1:  Sort Method: quicksort  Memory: 38500kB
                           ->  Parallel Seq Scan on s_1  (cost=0.00..10536.67 rows=416667 width=20) (actual time=0.007..20.238 rows=333333 loops=3)
 Planning time: 0.237 ms
 Execution time: 68.505 ms
(18 rows)

===== 434 [Wed Mar  7 02:42:57 CET 2018] scale:1000000 groups:10000 work_mem:128MB incremental:on max_workers:2 =====
SELECT * FROM (SELECT * FROM s_2 ORDER BY a, b) foo ORDER BY a, b, c LIMIT 10000
                                                                     QUERY PLAN                                                                     
----------------------------------------------------------------------------------------------------------------------------------------------------
 Limit  (cost=50738.11..50738.11 rows=1 width=20) (actual time=67.331..67.331 rows=0 loops=1)
   ->  Limit  (cost=50430.74..50638.11 rows=10000 width=20) (actual time=63.609..67.054 rows=10000 loops=1)
         ->  Incremental Sort  (cost=50430.74..71167.89 rows=1000000 width=20) (actual time=63.609..66.507 rows=10000 loops=1)
               Sort Key: s_2.a, s_2.b, s_2.c
               Presorted Key: s_2.a, s_2.b
               Sort Method: quicksort  Memory: 27kB
               Sort Groups: 313
               ->  Gather Merge  (cost=50429.50..147658.59 rows=833334 width=20) (actual time=63.570..65.103 rows=10017 loops=1)
                     Workers Planned: 2
                     Workers Launched: 2
                     ->  Sort  (cost=49429.48..50471.15 rows=416667 width=20) (actual time=61.984..62.185 rows=4119 loops=3)
                           Sort Key: s_2.a, s_2.b
                           Sort Method: quicksort  Memory: 38034kB
                           Worker 0:  Sort Method: quicksort  Memory: 38505kB
                           Worker 1:  Sort Method: quicksort  Memory: 38451kB
                           ->  Parallel Seq Scan on s_2  (cost=0.00..10536.67 rows=416667 width=20) (actual time=0.009..20.229 rows=333333 loops=3)
 Planning time: 0.245 ms
 Execution time: 72.252 ms
(18 rows)

===== 435 [Wed Mar  7 02:42:58 CET 2018] scale:1000000 groups:10000 work_mem:128MB incremental:on max_workers:2 =====
SELECT * FROM (SELECT * FROM s_3 ORDER BY a, b, c) foo ORDER BY a, b, c, d LIMIT 10000
                                                                     QUERY PLAN                                                                     
----------------------------------------------------------------------------------------------------------------------------------------------------
 Limit  (cost=50738.11..50738.11 rows=1 width=20) (actual time=67.189..67.189 rows=0 loops=1)
   ->  Limit  (cost=50430.74..50638.11 rows=10000 width=20) (actual time=63.534..66.913 rows=10000 loops=1)
         ->  Incremental Sort  (cost=50430.74..71167.89 rows=1000000 width=20) (actual time=63.534..66.353 rows=10000 loops=1)
               Sort Key: s_3.a, s_3.b, s_3.c, s_3.d
               Presorted Key: s_3.a, s_3.b, s_3.c
               Sort Method: quicksort  Memory: 27kB
               Sort Groups: 313
               ->  Gather Merge  (cost=50429.50..147658.59 rows=833334 width=20) (actual time=63.494..65.008 rows=10017 loops=1)
                     Workers Planned: 2
                     Workers Launched: 2
                     ->  Sort  (cost=49429.48..50471.15 rows=416667 width=20) (actual time=61.994..62.191 rows=4119 loops=3)
                           Sort Key: s_3.a, s_3.b, s_3.c
                           Sort Method: quicksort  Memory: 38279kB
                           Worker 0:  Sort Method: quicksort  Memory: 38365kB
                           Worker 1:  Sort Method: quicksort  Memory: 38346kB
                           ->  Parallel Seq Scan on s_3  (cost=0.00..10536.67 rows=416667 width=20) (actual time=0.009..20.293 rows=333333 loops=3)
 Planning time: 0.247 ms
 Execution time: 72.184 ms
(18 rows)

===== 436 [Wed Mar  7 02:42:58 CET 2018] scale:1000000 groups:10000 work_mem:128MB incremental:on max_workers:2 =====
SELECT * FROM (SELECT * FROM s_4 ORDER BY a, b, c, d) foo ORDER BY a, b, c, d, e LIMIT 10000
                                                                     QUERY PLAN                                                                     
----------------------------------------------------------------------------------------------------------------------------------------------------
 Limit  (cost=50738.11..50738.11 rows=1 width=20) (actual time=67.025..67.025 rows=0 loops=1)
   ->  Limit  (cost=50430.74..50638.11 rows=10000 width=20) (actual time=63.372..66.749 rows=10000 loops=1)
         ->  Incremental Sort  (cost=50430.74..71167.89 rows=1000000 width=20) (actual time=63.371..66.200 rows=10000 loops=1)
               Sort Key: s_4.a, s_4.b, s_4.c, s_4.d, s_4.e
               Presorted Key: s_4.a, s_4.b, s_4.c, s_4.d
               Sort Method: quicksort  Memory: 27kB
               Sort Groups: 313
               ->  Gather Merge  (cost=50429.50..147658.59 rows=833334 width=20) (actual time=63.331..64.857 rows=10017 loops=1)
                     Workers Planned: 2
                     Workers Launched: 2
                     ->  Sort  (cost=49429.48..50471.15 rows=416667 width=20) (actual time=61.873..62.072 rows=4119 loops=3)
                           Sort Key: s_4.a, s_4.b, s_4.c, s_4.d
                           Sort Method: quicksort  Memory: 38174kB
                           Worker 0:  Sort Method: quicksort  Memory: 38427kB
                           Worker 1:  Sort Method: quicksort  Memory: 38390kB
                           ->  Parallel Seq Scan on s_4  (cost=0.00..10536.67 rows=416667 width=20) (actual time=0.008..20.282 rows=333333 loops=3)
 Planning time: 0.251 ms
 Execution time: 71.958 ms
(18 rows)

===== 437 [Wed Mar  7 02:42:59 CET 2018] scale:1000000 groups:10000 work_mem:128MB incremental:off max_workers:2 =====
SELECT * FROM (SELECT * FROM s_1 ORDER BY a) foo ORDER BY a, b LIMIT 10000
                                                              QUERY PLAN                                                               
---------------------------------------------------------------------------------------------------------------------------------------
 Limit  (cost=200091.40..200091.40 rows=1 width=20) (actual time=270.335..270.335 rows=0 loops=1)
   ->  Limit  (cost=199966.40..199991.40 rows=10000 width=20) (actual time=269.110..270.060 rows=10000 loops=1)
         ->  Sort  (cost=199966.40..202466.40 rows=1000000 width=20) (actual time=269.109..269.512 rows=10000 loops=1)
               Sort Key: s_1.a, s_1.b
               Sort Method: top-N heapsort  Memory: 1553kB
               ->  Sort  (cost=116027.84..118527.84 rows=1000000 width=20) (actual time=162.467..197.542 rows=1000000 loops=1)
                     Sort Key: s_1.a
                     Sort Method: quicksort  Memory: 102702kB
                     ->  Seq Scan on s_1  (cost=0.00..16370.00 rows=1000000 width=20) (actual time=0.007..55.434 rows=1000000 loops=1)
 Planning time: 0.220 ms
 Execution time: 274.544 ms
(11 rows)

===== 438 [Wed Mar  7 02:43:00 CET 2018] scale:1000000 groups:10000 work_mem:128MB incremental:off max_workers:2 =====
SELECT * FROM (SELECT * FROM s_2 ORDER BY a, b) foo ORDER BY a, b, c LIMIT 10000
                                                              QUERY PLAN                                                               
---------------------------------------------------------------------------------------------------------------------------------------
 Limit  (cost=200091.40..200091.40 rows=1 width=20) (actual time=293.278..293.278 rows=0 loops=1)
   ->  Limit  (cost=199966.40..199991.40 rows=10000 width=20) (actual time=292.069..293.002 rows=10000 loops=1)
         ->  Sort  (cost=199966.40..202466.40 rows=1000000 width=20) (actual time=292.068..292.458 rows=10000 loops=1)
               Sort Key: s_2.a, s_2.b, s_2.c
               Sort Method: top-N heapsort  Memory: 1550kB
               ->  Sort  (cost=116027.84..118527.84 rows=1000000 width=20) (actual time=179.809..215.088 rows=1000000 loops=1)
                     Sort Key: s_2.a, s_2.b
                     Sort Method: quicksort  Memory: 102702kB
                     ->  Seq Scan on s_2  (cost=0.00..16370.00 rows=1000000 width=20) (actual time=0.013..55.234 rows=1000000 loops=1)
 Planning time: 0.230 ms
 Execution time: 297.474 ms
(11 rows)

===== 439 [Wed Mar  7 02:43:01 CET 2018] scale:1000000 groups:10000 work_mem:128MB incremental:off max_workers:2 =====
SELECT * FROM (SELECT * FROM s_3 ORDER BY a, b, c) foo ORDER BY a, b, c, d LIMIT 10000
                                                              QUERY PLAN                                                               
---------------------------------------------------------------------------------------------------------------------------------------
 Limit  (cost=200091.40..200091.40 rows=1 width=20) (actual time=293.449..293.449 rows=0 loops=1)
   ->  Limit  (cost=199966.40..199991.40 rows=10000 width=20) (actual time=292.239..293.173 rows=10000 loops=1)
         ->  Sort  (cost=199966.40..202466.40 rows=1000000 width=20) (actual time=292.238..292.625 rows=10000 loops=1)
               Sort Key: s_3.a, s_3.b, s_3.c, s_3.d
               Sort Method: top-N heapsort  Memory: 1550kB
               ->  Sort  (cost=116027.84..118527.84 rows=1000000 width=20) (actual time=179.976..215.238 rows=1000000 loops=1)
                     Sort Key: s_3.a, s_3.b, s_3.c
                     Sort Method: quicksort  Memory: 102702kB
                     ->  Seq Scan on s_3  (cost=0.00..16370.00 rows=1000000 width=20) (actual time=0.011..55.291 rows=1000000 loops=1)
 Planning time: 0.225 ms
 Execution time: 297.643 ms
(11 rows)

===== 440 [Wed Mar  7 02:43:03 CET 2018] scale:1000000 groups:10000 work_mem:128MB incremental:off max_workers:2 =====
SELECT * FROM (SELECT * FROM s_4 ORDER BY a, b, c, d) foo ORDER BY a, b, c, d, e LIMIT 10000
                                                              QUERY PLAN                                                               
---------------------------------------------------------------------------------------------------------------------------------------
 Limit  (cost=200091.40..200091.40 rows=1 width=20) (actual time=293.541..293.541 rows=0 loops=1)
   ->  Limit  (cost=199966.40..199991.40 rows=10000 width=20) (actual time=292.331..293.265 rows=10000 loops=1)
         ->  Sort  (cost=199966.40..202466.40 rows=1000000 width=20) (actual time=292.330..292.721 rows=10000 loops=1)
               Sort Key: s_4.a, s_4.b, s_4.c, s_4.d, s_4.e
               Sort Method: top-N heapsort  Memory: 1550kB
               ->  Sort  (cost=116027.84..118527.84 rows=1000000 width=20) (actual time=180.045..215.282 rows=1000000 loops=1)
                     Sort Key: s_4.a, s_4.b, s_4.c, s_4.d
                     Sort Method: quicksort  Memory: 102702kB
                     ->  Seq Scan on s_4  (cost=0.00..16370.00 rows=1000000 width=20) (actual time=0.011..55.289 rows=1000000 loops=1)
 Planning time: 0.236 ms
 Execution time: 297.733 ms
(11 rows)

===== 441 [Wed Mar  7 02:43:04 CET 2018] scale:1000000 groups:10000 work_mem:256MB incremental:on max_workers:2 =====
SELECT * FROM (SELECT * FROM s_1 ORDER BY a) foo ORDER BY a, b LIMIT 10000
                                                                     QUERY PLAN                                                                     
----------------------------------------------------------------------------------------------------------------------------------------------------
 Limit  (cost=50734.53..50734.53 rows=1 width=20) (actual time=63.448..63.448 rows=0 loops=1)
   ->  Limit  (cost=50443.63..50634.53 rows=10000 width=20) (actual time=58.642..63.168 rows=10000 loops=1)
         ->  Incremental Sort  (cost=50443.63..69533.27 rows=1000000 width=20) (actual time=58.641..62.621 rows=10000 loops=1)
               Sort Key: s_1.a, s_1.b
               Presorted Key: s_1.a
               Sort Method: quicksort  Memory: 34kB
               Sort Groups: 100
               ->  Gather Merge  (cost=50429.50..147658.59 rows=833334 width=20) (actual time=58.577..60.067 rows=10059 loops=1)
                     Workers Planned: 2
                     Workers Launched: 2
                     ->  Sort  (cost=49429.48..50471.15 rows=416667 width=20) (actual time=57.112..57.298 rows=4133 loops=3)
                           Sort Key: s_1.a
                           Sort Method: quicksort  Memory: 38064kB
                           Worker 0:  Sort Method: quicksort  Memory: 38476kB
                           Worker 1:  Sort Method: quicksort  Memory: 38451kB
                           ->  Parallel Seq Scan on s_1  (cost=0.00..10536.67 rows=416667 width=20) (actual time=0.008..20.208 rows=333333 loops=3)
 Planning time: 0.233 ms
 Execution time: 68.422 ms
(18 rows)

===== 442 [Wed Mar  7 02:43:04 CET 2018] scale:1000000 groups:10000 work_mem:256MB incremental:on max_workers:2 =====
SELECT * FROM (SELECT * FROM s_2 ORDER BY a, b) foo ORDER BY a, b, c LIMIT 10000
                                                                     QUERY PLAN                                                                     
----------------------------------------------------------------------------------------------------------------------------------------------------
 Limit  (cost=50738.11..50738.11 rows=1 width=20) (actual time=67.371..67.371 rows=0 loops=1)
   ->  Limit  (cost=50430.74..50638.11 rows=10000 width=20) (actual time=63.642..67.084 rows=10000 loops=1)
         ->  Incremental Sort  (cost=50430.74..71167.89 rows=1000000 width=20) (actual time=63.642..66.535 rows=10000 loops=1)
               Sort Key: s_2.a, s_2.b, s_2.c
               Presorted Key: s_2.a, s_2.b
               Sort Method: quicksort  Memory: 27kB
               Sort Groups: 313
               ->  Gather Merge  (cost=50429.50..147658.59 rows=833334 width=20) (actual time=63.603..65.132 rows=10017 loops=1)
                     Workers Planned: 2
                     Workers Launched: 2
                     ->  Sort  (cost=49429.48..50471.15 rows=416667 width=20) (actual time=62.067..62.269 rows=4119 loops=3)
                           Sort Key: s_2.a, s_2.b
                           Sort Method: quicksort  Memory: 38083kB
                           Worker 0:  Sort Method: quicksort  Memory: 38493kB
                           Worker 1:  Sort Method: quicksort  Memory: 38414kB
                           ->  Parallel Seq Scan on s_2  (cost=0.00..10536.67 rows=416667 width=20) (actual time=0.008..20.243 rows=333333 loops=3)
 Planning time: 0.244 ms
 Execution time: 72.316 ms
(18 rows)

===== 443 [Wed Mar  7 02:43:05 CET 2018] scale:1000000 groups:10000 work_mem:256MB incremental:on max_workers:2 =====
SELECT * FROM (SELECT * FROM s_3 ORDER BY a, b, c) foo ORDER BY a, b, c, d LIMIT 10000
                                                                     QUERY PLAN                                                                     
----------------------------------------------------------------------------------------------------------------------------------------------------
 Limit  (cost=50738.11..50738.11 rows=1 width=20) (actual time=67.075..67.075 rows=0 loops=1)
   ->  Limit  (cost=50430.74..50638.11 rows=10000 width=20) (actual time=63.418..66.798 rows=10000 loops=1)
         ->  Incremental Sort  (cost=50430.74..71167.89 rows=1000000 width=20) (actual time=63.418..66.246 rows=10000 loops=1)
               Sort Key: s_3.a, s_3.b, s_3.c, s_3.d
               Presorted Key: s_3.a, s_3.b, s_3.c
               Sort Method: quicksort  Memory: 27kB
               Sort Groups: 313
               ->  Gather Merge  (cost=50429.50..147658.59 rows=833334 width=20) (actual time=63.372..64.901 rows=10017 loops=1)
                     Workers Planned: 2
                     Workers Launched: 2
                     ->  Sort  (cost=49429.48..50471.15 rows=416667 width=20) (actual time=61.850..62.051 rows=4119 loops=3)
                           Sort Key: s_3.a, s_3.b, s_3.c
                           Sort Method: quicksort  Memory: 38181kB
                           Worker 0:  Sort Method: quicksort  Memory: 38414kB
                           Worker 1:  Sort Method: quicksort  Memory: 38395kB
                           ->  Parallel Seq Scan on s_3  (cost=0.00..10536.67 rows=416667 width=20) (actual time=0.009..20.237 rows=333333 loops=3)
 Planning time: 0.244 ms
 Execution time: 72.076 ms
(18 rows)

===== 444 [Wed Mar  7 02:43:05 CET 2018] scale:1000000 groups:10000 work_mem:256MB incremental:on max_workers:2 =====
SELECT * FROM (SELECT * FROM s_4 ORDER BY a, b, c, d) foo ORDER BY a, b, c, d, e LIMIT 10000
                                                                     QUERY PLAN                                                                     
----------------------------------------------------------------------------------------------------------------------------------------------------
 Limit  (cost=50738.11..50738.11 rows=1 width=20) (actual time=67.129..67.129 rows=0 loops=1)
   ->  Limit  (cost=50430.74..50638.11 rows=10000 width=20) (actual time=63.482..66.853 rows=10000 loops=1)
         ->  Incremental Sort  (cost=50430.74..71167.89 rows=1000000 width=20) (actual time=63.481..66.304 rows=10000 loops=1)
               Sort Key: s_4.a, s_4.b, s_4.c, s_4.d, s_4.e
               Presorted Key: s_4.a, s_4.b, s_4.c, s_4.d
               Sort Method: quicksort  Memory: 27kB
               Sort Groups: 313
               ->  Gather Merge  (cost=50429.50..147658.59 rows=833334 width=20) (actual time=63.440..64.959 rows=10017 loops=1)
                     Workers Planned: 2
                     Workers Launched: 2
                     ->  Sort  (cost=49429.48..50471.15 rows=416667 width=20) (actual time=61.908..62.106 rows=4119 loops=3)
                           Sort Key: s_4.a, s_4.b, s_4.c, s_4.d
                           Sort Method: quicksort  Memory: 38218kB
                           Worker 0:  Sort Method: quicksort  Memory: 38383kB
                           Worker 1:  Sort Method: quicksort  Memory: 38390kB
                           ->  Parallel Seq Scan on s_4  (cost=0.00..10536.67 rows=416667 width=20) (actual time=0.009..20.278 rows=333333 loops=3)
 Planning time: 0.249 ms
 Execution time: 71.991 ms
(18 rows)

===== 445 [Wed Mar  7 02:43:06 CET 2018] scale:1000000 groups:10000 work_mem:256MB incremental:off max_workers:2 =====
SELECT * FROM (SELECT * FROM s_1 ORDER BY a) foo ORDER BY a, b LIMIT 10000
                                                              QUERY PLAN                                                               
---------------------------------------------------------------------------------------------------------------------------------------
 Limit  (cost=200091.40..200091.40 rows=1 width=20) (actual time=270.482..270.482 rows=0 loops=1)
   ->  Limit  (cost=199966.40..199991.40 rows=10000 width=20) (actual time=269.255..270.207 rows=10000 loops=1)
         ->  Sort  (cost=199966.40..202466.40 rows=1000000 width=20) (actual time=269.255..269.656 rows=10000 loops=1)
               Sort Key: s_1.a, s_1.b
               Sort Method: top-N heapsort  Memory: 1553kB
               ->  Sort  (cost=116027.84..118527.84 rows=1000000 width=20) (actual time=162.620..197.698 rows=1000000 loops=1)
                     Sort Key: s_1.a
                     Sort Method: quicksort  Memory: 102702kB
                     ->  Seq Scan on s_1  (cost=0.00..16370.00 rows=1000000 width=20) (actual time=0.007..55.414 rows=1000000 loops=1)
 Planning time: 0.223 ms
 Execution time: 274.682 ms
(11 rows)

===== 446 [Wed Mar  7 02:43:07 CET 2018] scale:1000000 groups:10000 work_mem:256MB incremental:off max_workers:2 =====
SELECT * FROM (SELECT * FROM s_2 ORDER BY a, b) foo ORDER BY a, b, c LIMIT 10000
                                                              QUERY PLAN                                                               
---------------------------------------------------------------------------------------------------------------------------------------
 Limit  (cost=200091.40..200091.40 rows=1 width=20) (actual time=293.178..293.178 rows=0 loops=1)
   ->  Limit  (cost=199966.40..199991.40 rows=10000 width=20) (actual time=291.974..292.905 rows=10000 loops=1)
         ->  Sort  (cost=199966.40..202466.40 rows=1000000 width=20) (actual time=291.973..292.361 rows=10000 loops=1)
               Sort Key: s_2.a, s_2.b, s_2.c
               Sort Method: top-N heapsort  Memory: 1550kB
               ->  Sort  (cost=116027.84..118527.84 rows=1000000 width=20) (actual time=179.616..214.874 rows=1000000 loops=1)
                     Sort Key: s_2.a, s_2.b
                     Sort Method: quicksort  Memory: 102702kB
                     ->  Seq Scan on s_2  (cost=0.00..16370.00 rows=1000000 width=20) (actual time=0.013..55.226 rows=1000000 loops=1)
 Planning time: 0.228 ms
 Execution time: 297.377 ms
(11 rows)

===== 447 [Wed Mar  7 02:43:08 CET 2018] scale:1000000 groups:10000 work_mem:256MB incremental:off max_workers:2 =====
SELECT * FROM (SELECT * FROM s_3 ORDER BY a, b, c) foo ORDER BY a, b, c, d LIMIT 10000
                                                              QUERY PLAN                                                               
---------------------------------------------------------------------------------------------------------------------------------------
 Limit  (cost=200091.40..200091.40 rows=1 width=20) (actual time=293.218..293.218 rows=0 loops=1)
   ->  Limit  (cost=199966.40..199991.40 rows=10000 width=20) (actual time=292.008..292.941 rows=10000 loops=1)
         ->  Sort  (cost=199966.40..202466.40 rows=1000000 width=20) (actual time=292.007..292.398 rows=10000 loops=1)
               Sort Key: s_3.a, s_3.b, s_3.c, s_3.d
               Sort Method: top-N heapsort  Memory: 1550kB
               ->  Sort  (cost=116027.84..118527.84 rows=1000000 width=20) (actual time=179.721..215.000 rows=1000000 loops=1)
                     Sort Key: s_3.a, s_3.b, s_3.c
                     Sort Method: quicksort  Memory: 102702kB
                     ->  Seq Scan on s_3  (cost=0.00..16370.00 rows=1000000 width=20) (actual time=0.011..55.242 rows=1000000 loops=1)
 Planning time: 0.224 ms
 Execution time: 297.420 ms
(11 rows)

===== 448 [Wed Mar  7 02:43:10 CET 2018] scale:1000000 groups:10000 work_mem:256MB incremental:off max_workers:2 =====
SELECT * FROM (SELECT * FROM s_4 ORDER BY a, b, c, d) foo ORDER BY a, b, c, d, e LIMIT 10000
                                                              QUERY PLAN                                                               
---------------------------------------------------------------------------------------------------------------------------------------
 Limit  (cost=200091.40..200091.40 rows=1 width=20) (actual time=293.838..293.838 rows=0 loops=1)
   ->  Limit  (cost=199966.40..199991.40 rows=10000 width=20) (actual time=292.632..293.564 rows=10000 loops=1)
         ->  Sort  (cost=199966.40..202466.40 rows=1000000 width=20) (actual time=292.632..293.019 rows=10000 loops=1)
               Sort Key: s_4.a, s_4.b, s_4.c, s_4.d, s_4.e
               Sort Method: top-N heapsort  Memory: 1550kB
               ->  Sort  (cost=116027.84..118527.84 rows=1000000 width=20) (actual time=180.193..215.469 rows=1000000 loops=1)
                     Sort Key: s_4.a, s_4.b, s_4.c, s_4.d
                     Sort Method: quicksort  Memory: 102702kB
                     ->  Seq Scan on s_4  (cost=0.00..16370.00 rows=1000000 width=20) (actual time=0.017..55.320 rows=1000000 loops=1)
 Planning time: 0.232 ms
 Execution time: 298.047 ms
(11 rows)

