===== 1 [Wed Mar  7 01:59:25 CET 2018] scale:10000 groups:10 work_mem:4MB incremental:on max_workers:0 =====
SELECT * FROM s_1 ORDER BY a, b LIMIT 100
                                                                QUERY PLAN                                                                
------------------------------------------------------------------------------------------------------------------------------------------
 Limit  (cost=68.42..68.42 rows=1 width=20) (actual time=0.242..0.242 rows=0 loops=1)
   ->  Limit  (cost=65.67..67.42 rows=100 width=20) (actual time=0.229..0.238 rows=100 loops=1)
         ->  Incremental Sort  (cost=65.67..240.89 rows=10000 width=20) (actual time=0.228..0.232 rows=100 loops=1)
               Sort Key: s_1.a, s_1.b
               Presorted Key: s_1.a
               Sort Method: quicksort  Memory: 64kB
               Sort Groups: 1
               ->  Index Scan using s_1_a_idx on s_1  (cost=0.29..337.29 rows=10000 width=20) (actual time=0.022..0.090 rows=506 loops=1)
 Planning time: 0.262 ms
 Execution time: 0.275 ms
(10 rows)

===== 2 [Wed Mar  7 01:59:25 CET 2018] scale:10000 groups:10 work_mem:4MB incremental:on max_workers:0 =====
SELECT * FROM s_2 ORDER BY a, b, c LIMIT 100
                                                                 QUERY PLAN                                                                 
--------------------------------------------------------------------------------------------------------------------------------------------
 Limit  (cost=9.17..9.17 rows=1 width=20) (actual time=0.121..0.121 rows=0 loops=1)
   ->  Limit  (cost=6.39..8.17 rows=100 width=20) (actual time=0.093..0.117 rows=100 loops=1)
         ->  Incremental Sort  (cost=6.39..185.09 rows=10000 width=20) (actual time=0.092..0.111 rows=100 loops=1)
               Sort Key: s_2.a, s_2.b, s_2.c
               Presorted Key: s_2.a, s_2.b
               Sort Method: quicksort  Memory: 30kB
               Sort Groups: 2
               ->  Index Scan using s_2_a_b_idx on s_2  (cost=0.29..419.97 rows=10000 width=20) (actual time=0.024..0.036 rows=120 loops=1)
 Planning time: 0.268 ms
 Execution time: 0.144 ms
(10 rows)

===== 3 [Wed Mar  7 01:59:25 CET 2018] scale:10000 groups:10 work_mem:4MB incremental:on max_workers:0 =====
SELECT * FROM s_3 ORDER BY a, b, c, d LIMIT 100
                                                                  QUERY PLAN                                                                  
----------------------------------------------------------------------------------------------------------------------------------------------
 Limit  (cost=3.92..3.92 rows=1 width=20) (actual time=0.115..0.115 rows=0 loops=1)
   ->  Limit  (cost=0.91..2.92 rows=100 width=20) (actual time=0.080..0.112 rows=100 loops=1)
         ->  Incremental Sort  (cost=0.91..201.58 rows=10000 width=20) (actual time=0.080..0.106 rows=100 loops=1)
               Sort Key: s_3.a, s_3.b, s_3.c, s_3.d
               Presorted Key: s_3.a, s_3.b, s_3.c
               Sort Method: quicksort  Memory: 27kB
               Sort Groups: 3
               ->  Index Scan using s_3_a_b_c_idx on s_3  (cost=0.29..463.97 rows=10000 width=20) (actual time=0.022..0.033 rows=103 loops=1)
 Planning time: 0.272 ms
 Execution time: 0.138 ms
(10 rows)

===== 4 [Wed Mar  7 01:59:25 CET 2018] scale:10000 groups:10 work_mem:4MB incremental:on max_workers:0 =====
SELECT * FROM s_4 ORDER BY a, b, c, d, e LIMIT 100
                                                                   QUERY PLAN                                                                   
------------------------------------------------------------------------------------------------------------------------------------------------
 Limit  (cost=3.92..3.92 rows=1 width=20) (actual time=0.116..0.116 rows=0 loops=1)
   ->  Limit  (cost=0.91..2.92 rows=100 width=20) (actual time=0.072..0.113 rows=100 loops=1)
         ->  Incremental Sort  (cost=0.91..201.58 rows=10000 width=20) (actual time=0.072..0.107 rows=100 loops=1)
               Sort Key: s_4.a, s_4.b, s_4.c, s_4.d, s_4.e
               Presorted Key: s_4.a, s_4.b, s_4.c, s_4.d
               Sort Method: quicksort  Memory: 27kB
               Sort Groups: 4
               ->  Index Scan using s_4_a_b_c_d_idx on s_4  (cost=0.29..463.97 rows=10000 width=20) (actual time=0.019..0.032 rows=131 loops=1)
 Planning time: 0.269 ms
 Execution time: 0.143 ms
(10 rows)

===== 5 [Wed Mar  7 01:59:25 CET 2018] scale:10000 groups:10 work_mem:4MB incremental:off max_workers:0 =====
SELECT * FROM s_1 ORDER BY a, b LIMIT 100
                                                        QUERY PLAN                                                        
--------------------------------------------------------------------------------------------------------------------------
 Limit  (cost=547.44..547.44 rows=1 width=20) (actual time=1.319..1.319 rows=0 loops=1)
   ->  Limit  (cost=546.19..546.44 rows=100 width=20) (actual time=1.306..1.315 rows=100 loops=1)
         ->  Sort  (cost=546.19..571.19 rows=10000 width=20) (actual time=1.306..1.310 rows=100 loops=1)
               Sort Key: s_1.a, s_1.b
               Sort Method: top-N heapsort  Memory: 37kB
               ->  Seq Scan on s_1  (cost=0.00..164.00 rows=10000 width=20) (actual time=0.004..0.525 rows=10000 loops=1)
 Planning time: 0.271 ms
 Execution time: 1.342 ms
(8 rows)

===== 6 [Wed Mar  7 01:59:25 CET 2018] scale:10000 groups:10 work_mem:4MB incremental:off max_workers:0 =====
SELECT * FROM s_2 ORDER BY a, b, c LIMIT 100
                                                        QUERY PLAN                                                        
--------------------------------------------------------------------------------------------------------------------------
 Limit  (cost=547.44..547.44 rows=1 width=20) (actual time=1.322..1.322 rows=0 loops=1)
   ->  Limit  (cost=546.19..546.44 rows=100 width=20) (actual time=1.309..1.318 rows=100 loops=1)
         ->  Sort  (cost=546.19..571.19 rows=10000 width=20) (actual time=1.308..1.312 rows=100 loops=1)
               Sort Key: s_2.a, s_2.b, s_2.c
               Sort Method: top-N heapsort  Memory: 33kB
               ->  Seq Scan on s_2  (cost=0.00..164.00 rows=10000 width=20) (actual time=0.007..0.528 rows=10000 loops=1)
 Planning time: 0.254 ms
 Execution time: 1.344 ms
(8 rows)

===== 7 [Wed Mar  7 01:59:25 CET 2018] scale:10000 groups:10 work_mem:4MB incremental:off max_workers:0 =====
SELECT * FROM s_3 ORDER BY a, b, c, d LIMIT 100
                                                        QUERY PLAN                                                        
--------------------------------------------------------------------------------------------------------------------------
 Limit  (cost=547.44..547.44 rows=1 width=20) (actual time=1.440..1.440 rows=0 loops=1)
   ->  Limit  (cost=546.19..546.44 rows=100 width=20) (actual time=1.427..1.436 rows=100 loops=1)
         ->  Sort  (cost=546.19..571.19 rows=10000 width=20) (actual time=1.427..1.430 rows=100 loops=1)
               Sort Key: s_3.a, s_3.b, s_3.c, s_3.d
               Sort Method: top-N heapsort  Memory: 32kB
               ->  Seq Scan on s_3  (cost=0.00..164.00 rows=10000 width=20) (actual time=0.007..0.518 rows=10000 loops=1)
 Planning time: 0.258 ms
 Execution time: 1.462 ms
(8 rows)

===== 8 [Wed Mar  7 01:59:25 CET 2018] scale:10000 groups:10 work_mem:4MB incremental:off max_workers:0 =====
SELECT * FROM s_4 ORDER BY a, b, c, d, e LIMIT 100
                                                        QUERY PLAN                                                        
--------------------------------------------------------------------------------------------------------------------------
 Limit  (cost=547.44..547.44 rows=1 width=20) (actual time=1.326..1.326 rows=0 loops=1)
   ->  Limit  (cost=546.19..546.44 rows=100 width=20) (actual time=1.313..1.323 rows=100 loops=1)
         ->  Sort  (cost=546.19..571.19 rows=10000 width=20) (actual time=1.313..1.317 rows=100 loops=1)
               Sort Key: s_4.a, s_4.b, s_4.c, s_4.d, s_4.e
               Sort Method: top-N heapsort  Memory: 32kB
               ->  Seq Scan on s_4  (cost=0.00..164.00 rows=10000 width=20) (actual time=0.004..0.529 rows=10000 loops=1)
 Planning time: 0.255 ms
 Execution time: 1.349 ms
(8 rows)

===== 9 [Wed Mar  7 01:59:25 CET 2018] scale:10000 groups:10 work_mem:8MB incremental:on max_workers:0 =====
SELECT * FROM s_1 ORDER BY a, b LIMIT 100
                                                                QUERY PLAN                                                                
------------------------------------------------------------------------------------------------------------------------------------------
 Limit  (cost=68.42..68.42 rows=1 width=20) (actual time=0.225..0.225 rows=0 loops=1)
   ->  Limit  (cost=65.67..67.42 rows=100 width=20) (actual time=0.211..0.221 rows=100 loops=1)
         ->  Incremental Sort  (cost=65.67..240.89 rows=10000 width=20) (actual time=0.211..0.215 rows=100 loops=1)
               Sort Key: s_1.a, s_1.b
               Presorted Key: s_1.a
               Sort Method: quicksort  Memory: 64kB
               Sort Groups: 1
               ->  Index Scan using s_1_a_idx on s_1  (cost=0.29..337.29 rows=10000 width=20) (actual time=0.010..0.073 rows=506 loops=1)
 Planning time: 0.262 ms
 Execution time: 0.251 ms
(10 rows)

===== 10 [Wed Mar  7 01:59:25 CET 2018] scale:10000 groups:10 work_mem:8MB incremental:on max_workers:0 =====
SELECT * FROM s_2 ORDER BY a, b, c LIMIT 100
                                                                 QUERY PLAN                                                                 
--------------------------------------------------------------------------------------------------------------------------------------------
 Limit  (cost=9.17..9.17 rows=1 width=20) (actual time=0.106..0.106 rows=0 loops=1)
   ->  Limit  (cost=6.39..8.17 rows=100 width=20) (actual time=0.078..0.102 rows=100 loops=1)
         ->  Incremental Sort  (cost=6.39..185.09 rows=10000 width=20) (actual time=0.077..0.096 rows=100 loops=1)
               Sort Key: s_2.a, s_2.b, s_2.c
               Presorted Key: s_2.a, s_2.b
               Sort Method: quicksort  Memory: 30kB
               Sort Groups: 2
               ->  Index Scan using s_2_a_b_idx on s_2  (cost=0.29..419.97 rows=10000 width=20) (actual time=0.011..0.024 rows=120 loops=1)
 Planning time: 0.267 ms
 Execution time: 0.129 ms
(10 rows)

===== 11 [Wed Mar  7 01:59:25 CET 2018] scale:10000 groups:10 work_mem:8MB incremental:on max_workers:0 =====
SELECT * FROM s_3 ORDER BY a, b, c, d LIMIT 100
                                                                  QUERY PLAN                                                                  
----------------------------------------------------------------------------------------------------------------------------------------------
 Limit  (cost=3.92..3.92 rows=1 width=20) (actual time=0.096..0.096 rows=0 loops=1)
   ->  Limit  (cost=0.91..2.92 rows=100 width=20) (actual time=0.061..0.093 rows=100 loops=1)
         ->  Incremental Sort  (cost=0.91..201.58 rows=10000 width=20) (actual time=0.061..0.087 rows=100 loops=1)
               Sort Key: s_3.a, s_3.b, s_3.c, s_3.d
               Presorted Key: s_3.a, s_3.b, s_3.c
               Sort Method: quicksort  Memory: 27kB
               Sort Groups: 3
               ->  Index Scan using s_3_a_b_c_idx on s_3  (cost=0.29..463.97 rows=10000 width=20) (actual time=0.009..0.019 rows=103 loops=1)
 Planning time: 0.269 ms
 Execution time: 0.119 ms
(10 rows)

===== 12 [Wed Mar  7 01:59:25 CET 2018] scale:10000 groups:10 work_mem:8MB incremental:on max_workers:0 =====
SELECT * FROM s_4 ORDER BY a, b, c, d, e LIMIT 100
                                                                   QUERY PLAN                                                                   
------------------------------------------------------------------------------------------------------------------------------------------------
 Limit  (cost=3.92..3.92 rows=1 width=20) (actual time=0.103..0.103 rows=0 loops=1)
   ->  Limit  (cost=0.91..2.92 rows=100 width=20) (actual time=0.059..0.099 rows=100 loops=1)
         ->  Incremental Sort  (cost=0.91..201.58 rows=10000 width=20) (actual time=0.059..0.093 rows=100 loops=1)
               Sort Key: s_4.a, s_4.b, s_4.c, s_4.d, s_4.e
               Presorted Key: s_4.a, s_4.b, s_4.c, s_4.d
               Sort Method: quicksort  Memory: 27kB
               Sort Groups: 4
               ->  Index Scan using s_4_a_b_c_d_idx on s_4  (cost=0.29..463.97 rows=10000 width=20) (actual time=0.005..0.019 rows=131 loops=1)
 Planning time: 0.267 ms
 Execution time: 0.125 ms
(10 rows)

===== 13 [Wed Mar  7 01:59:26 CET 2018] scale:10000 groups:10 work_mem:8MB incremental:off max_workers:0 =====
SELECT * FROM s_1 ORDER BY a, b LIMIT 100
                                                        QUERY PLAN                                                        
--------------------------------------------------------------------------------------------------------------------------
 Limit  (cost=547.44..547.44 rows=1 width=20) (actual time=1.326..1.326 rows=0 loops=1)
   ->  Limit  (cost=546.19..546.44 rows=100 width=20) (actual time=1.313..1.323 rows=100 loops=1)
         ->  Sort  (cost=546.19..571.19 rows=10000 width=20) (actual time=1.313..1.317 rows=100 loops=1)
               Sort Key: s_1.a, s_1.b
               Sort Method: top-N heapsort  Memory: 37kB
               ->  Seq Scan on s_1  (cost=0.00..164.00 rows=10000 width=20) (actual time=0.004..0.529 rows=10000 loops=1)
 Planning time: 0.262 ms
 Execution time: 1.350 ms
(8 rows)

===== 14 [Wed Mar  7 01:59:26 CET 2018] scale:10000 groups:10 work_mem:8MB incremental:off max_workers:0 =====
SELECT * FROM s_2 ORDER BY a, b, c LIMIT 100
                                                        QUERY PLAN                                                        
--------------------------------------------------------------------------------------------------------------------------
 Limit  (cost=547.44..547.44 rows=1 width=20) (actual time=1.314..1.314 rows=0 loops=1)
   ->  Limit  (cost=546.19..546.44 rows=100 width=20) (actual time=1.302..1.311 rows=100 loops=1)
         ->  Sort  (cost=546.19..571.19 rows=10000 width=20) (actual time=1.301..1.305 rows=100 loops=1)
               Sort Key: s_2.a, s_2.b, s_2.c
               Sort Method: top-N heapsort  Memory: 33kB
               ->  Seq Scan on s_2  (cost=0.00..164.00 rows=10000 width=20) (actual time=0.007..0.529 rows=10000 loops=1)
 Planning time: 0.254 ms
 Execution time: 1.339 ms
(8 rows)

===== 15 [Wed Mar  7 01:59:26 CET 2018] scale:10000 groups:10 work_mem:8MB incremental:off max_workers:0 =====
SELECT * FROM s_3 ORDER BY a, b, c, d LIMIT 100
                                                        QUERY PLAN                                                        
--------------------------------------------------------------------------------------------------------------------------
 Limit  (cost=547.44..547.44 rows=1 width=20) (actual time=1.400..1.400 rows=0 loops=1)
   ->  Limit  (cost=546.19..546.44 rows=100 width=20) (actual time=1.387..1.397 rows=100 loops=1)
         ->  Sort  (cost=546.19..571.19 rows=10000 width=20) (actual time=1.387..1.391 rows=100 loops=1)
               Sort Key: s_3.a, s_3.b, s_3.c, s_3.d
               Sort Method: top-N heapsort  Memory: 32kB
               ->  Seq Scan on s_3  (cost=0.00..164.00 rows=10000 width=20) (actual time=0.007..0.518 rows=10000 loops=1)
 Planning time: 0.257 ms
 Execution time: 1.423 ms
(8 rows)

===== 16 [Wed Mar  7 01:59:26 CET 2018] scale:10000 groups:10 work_mem:8MB incremental:off max_workers:0 =====
SELECT * FROM s_4 ORDER BY a, b, c, d, e LIMIT 100
                                                        QUERY PLAN                                                        
--------------------------------------------------------------------------------------------------------------------------
 Limit  (cost=547.44..547.44 rows=1 width=20) (actual time=1.323..1.323 rows=0 loops=1)
   ->  Limit  (cost=546.19..546.44 rows=100 width=20) (actual time=1.310..1.320 rows=100 loops=1)
         ->  Sort  (cost=546.19..571.19 rows=10000 width=20) (actual time=1.310..1.314 rows=100 loops=1)
               Sort Key: s_4.a, s_4.b, s_4.c, s_4.d, s_4.e
               Sort Method: top-N heapsort  Memory: 32kB
               ->  Seq Scan on s_4  (cost=0.00..164.00 rows=10000 width=20) (actual time=0.004..0.525 rows=10000 loops=1)
 Planning time: 0.255 ms
 Execution time: 1.347 ms
(8 rows)

===== 17 [Wed Mar  7 01:59:26 CET 2018] scale:10000 groups:10 work_mem:16MB incremental:on max_workers:0 =====
SELECT * FROM s_1 ORDER BY a, b LIMIT 100
                                                                QUERY PLAN                                                                
------------------------------------------------------------------------------------------------------------------------------------------
 Limit  (cost=68.42..68.42 rows=1 width=20) (actual time=0.226..0.226 rows=0 loops=1)
   ->  Limit  (cost=65.67..67.42 rows=100 width=20) (actual time=0.213..0.222 rows=100 loops=1)
         ->  Incremental Sort  (cost=65.67..240.89 rows=10000 width=20) (actual time=0.212..0.216 rows=100 loops=1)
               Sort Key: s_1.a, s_1.b
               Presorted Key: s_1.a
               Sort Method: quicksort  Memory: 64kB
               Sort Groups: 1
               ->  Index Scan using s_1_a_idx on s_1  (cost=0.29..337.29 rows=10000 width=20) (actual time=0.010..0.074 rows=506 loops=1)
 Planning time: 0.256 ms
 Execution time: 0.252 ms
(10 rows)

===== 18 [Wed Mar  7 01:59:26 CET 2018] scale:10000 groups:10 work_mem:16MB incremental:on max_workers:0 =====
SELECT * FROM s_2 ORDER BY a, b, c LIMIT 100
                                                                 QUERY PLAN                                                                 
--------------------------------------------------------------------------------------------------------------------------------------------
 Limit  (cost=9.17..9.17 rows=1 width=20) (actual time=0.112..0.112 rows=0 loops=1)
   ->  Limit  (cost=6.39..8.17 rows=100 width=20) (actual time=0.084..0.109 rows=100 loops=1)
         ->  Incremental Sort  (cost=6.39..185.09 rows=10000 width=20) (actual time=0.084..0.103 rows=100 loops=1)
               Sort Key: s_2.a, s_2.b, s_2.c
               Presorted Key: s_2.a, s_2.b
               Sort Method: quicksort  Memory: 30kB
               Sort Groups: 2
               ->  Index Scan using s_2_a_b_idx on s_2  (cost=0.29..419.97 rows=10000 width=20) (actual time=0.012..0.025 rows=120 loops=1)
 Planning time: 0.267 ms
 Execution time: 0.135 ms
(10 rows)

===== 19 [Wed Mar  7 01:59:26 CET 2018] scale:10000 groups:10 work_mem:16MB incremental:on max_workers:0 =====
SELECT * FROM s_3 ORDER BY a, b, c, d LIMIT 100
                                                                  QUERY PLAN                                                                  
----------------------------------------------------------------------------------------------------------------------------------------------
 Limit  (cost=3.92..3.92 rows=1 width=20) (actual time=0.096..0.096 rows=0 loops=1)
   ->  Limit  (cost=0.91..2.92 rows=100 width=20) (actual time=0.061..0.092 rows=100 loops=1)
         ->  Incremental Sort  (cost=0.91..201.58 rows=10000 width=20) (actual time=0.061..0.087 rows=100 loops=1)
               Sort Key: s_3.a, s_3.b, s_3.c, s_3.d
               Presorted Key: s_3.a, s_3.b, s_3.c
               Sort Method: quicksort  Memory: 27kB
               Sort Groups: 3
               ->  Index Scan using s_3_a_b_c_idx on s_3  (cost=0.29..463.97 rows=10000 width=20) (actual time=0.009..0.019 rows=103 loops=1)
 Planning time: 0.272 ms
 Execution time: 0.119 ms
(10 rows)

===== 20 [Wed Mar  7 01:59:26 CET 2018] scale:10000 groups:10 work_mem:16MB incremental:on max_workers:0 =====
SELECT * FROM s_4 ORDER BY a, b, c, d, e LIMIT 100
                                                                   QUERY PLAN                                                                   
------------------------------------------------------------------------------------------------------------------------------------------------
 Limit  (cost=3.92..3.92 rows=1 width=20) (actual time=0.104..0.104 rows=0 loops=1)
   ->  Limit  (cost=0.91..2.92 rows=100 width=20) (actual time=0.060..0.100 rows=100 loops=1)
         ->  Incremental Sort  (cost=0.91..201.58 rows=10000 width=20) (actual time=0.059..0.094 rows=100 loops=1)
               Sort Key: s_4.a, s_4.b, s_4.c, s_4.d, s_4.e
               Presorted Key: s_4.a, s_4.b, s_4.c, s_4.d
               Sort Method: quicksort  Memory: 27kB
               Sort Groups: 4
               ->  Index Scan using s_4_a_b_c_d_idx on s_4  (cost=0.29..463.97 rows=10000 width=20) (actual time=0.005..0.019 rows=131 loops=1)
 Planning time: 0.269 ms
 Execution time: 0.126 ms
(10 rows)

===== 21 [Wed Mar  7 01:59:26 CET 2018] scale:10000 groups:10 work_mem:16MB incremental:off max_workers:0 =====
SELECT * FROM s_1 ORDER BY a, b LIMIT 100
                                                        QUERY PLAN                                                        
--------------------------------------------------------------------------------------------------------------------------
 Limit  (cost=547.44..547.44 rows=1 width=20) (actual time=1.327..1.327 rows=0 loops=1)
   ->  Limit  (cost=546.19..546.44 rows=100 width=20) (actual time=1.314..1.323 rows=100 loops=1)
         ->  Sort  (cost=546.19..571.19 rows=10000 width=20) (actual time=1.313..1.317 rows=100 loops=1)
               Sort Key: s_1.a, s_1.b
               Sort Method: top-N heapsort  Memory: 37kB
               ->  Seq Scan on s_1  (cost=0.00..164.00 rows=10000 width=20) (actual time=0.010..0.530 rows=10000 loops=1)
 Planning time: 0.259 ms
 Execution time: 1.349 ms
(8 rows)

===== 22 [Wed Mar  7 01:59:26 CET 2018] scale:10000 groups:10 work_mem:16MB incremental:off max_workers:0 =====
SELECT * FROM s_2 ORDER BY a, b, c LIMIT 100
                                                        QUERY PLAN                                                        
--------------------------------------------------------------------------------------------------------------------------
 Limit  (cost=547.44..547.44 rows=1 width=20) (actual time=1.314..1.314 rows=0 loops=1)
   ->  Limit  (cost=546.19..546.44 rows=100 width=20) (actual time=1.301..1.310 rows=100 loops=1)
         ->  Sort  (cost=546.19..571.19 rows=10000 width=20) (actual time=1.300..1.304 rows=100 loops=1)
               Sort Key: s_2.a, s_2.b, s_2.c
               Sort Method: top-N heapsort  Memory: 33kB
               ->  Seq Scan on s_2  (cost=0.00..164.00 rows=10000 width=20) (actual time=0.007..0.532 rows=10000 loops=1)
 Planning time: 0.258 ms
 Execution time: 1.336 ms
(8 rows)

===== 23 [Wed Mar  7 01:59:26 CET 2018] scale:10000 groups:10 work_mem:16MB incremental:off max_workers:0 =====
SELECT * FROM s_3 ORDER BY a, b, c, d LIMIT 100
                                                        QUERY PLAN                                                        
--------------------------------------------------------------------------------------------------------------------------
 Limit  (cost=547.44..547.44 rows=1 width=20) (actual time=1.414..1.414 rows=0 loops=1)
   ->  Limit  (cost=546.19..546.44 rows=100 width=20) (actual time=1.401..1.410 rows=100 loops=1)
         ->  Sort  (cost=546.19..571.19 rows=10000 width=20) (actual time=1.401..1.405 rows=100 loops=1)
               Sort Key: s_3.a, s_3.b, s_3.c, s_3.d
               Sort Method: top-N heapsort  Memory: 32kB
               ->  Seq Scan on s_3  (cost=0.00..164.00 rows=10000 width=20) (actual time=0.007..0.519 rows=10000 loops=1)
 Planning time: 0.262 ms
 Execution time: 1.437 ms
(8 rows)

===== 24 [Wed Mar  7 01:59:26 CET 2018] scale:10000 groups:10 work_mem:16MB incremental:off max_workers:0 =====
SELECT * FROM s_4 ORDER BY a, b, c, d, e LIMIT 100
                                                        QUERY PLAN                                                        
--------------------------------------------------------------------------------------------------------------------------
 Limit  (cost=547.44..547.44 rows=1 width=20) (actual time=1.326..1.326 rows=0 loops=1)
   ->  Limit  (cost=546.19..546.44 rows=100 width=20) (actual time=1.313..1.323 rows=100 loops=1)
         ->  Sort  (cost=546.19..571.19 rows=10000 width=20) (actual time=1.313..1.317 rows=100 loops=1)
               Sort Key: s_4.a, s_4.b, s_4.c, s_4.d, s_4.e
               Sort Method: top-N heapsort  Memory: 32kB
               ->  Seq Scan on s_4  (cost=0.00..164.00 rows=10000 width=20) (actual time=0.004..0.528 rows=10000 loops=1)
 Planning time: 0.261 ms
 Execution time: 1.348 ms
(8 rows)

===== 25 [Wed Mar  7 01:59:26 CET 2018] scale:10000 groups:10 work_mem:32MB incremental:on max_workers:0 =====
SELECT * FROM s_1 ORDER BY a, b LIMIT 100
                                                                QUERY PLAN                                                                
------------------------------------------------------------------------------------------------------------------------------------------
 Limit  (cost=68.42..68.42 rows=1 width=20) (actual time=0.222..0.222 rows=0 loops=1)
   ->  Limit  (cost=65.67..67.42 rows=100 width=20) (actual time=0.209..0.218 rows=100 loops=1)
         ->  Incremental Sort  (cost=65.67..240.89 rows=10000 width=20) (actual time=0.209..0.213 rows=100 loops=1)
               Sort Key: s_1.a, s_1.b
               Presorted Key: s_1.a
               Sort Method: quicksort  Memory: 64kB
               Sort Groups: 1
               ->  Index Scan using s_1_a_idx on s_1  (cost=0.29..337.29 rows=10000 width=20) (actual time=0.009..0.074 rows=506 loops=1)
 Planning time: 0.254 ms
 Execution time: 0.249 ms
(10 rows)

===== 26 [Wed Mar  7 01:59:26 CET 2018] scale:10000 groups:10 work_mem:32MB incremental:on max_workers:0 =====
SELECT * FROM s_2 ORDER BY a, b, c LIMIT 100
                                                                 QUERY PLAN                                                                 
--------------------------------------------------------------------------------------------------------------------------------------------
 Limit  (cost=9.17..9.17 rows=1 width=20) (actual time=0.107..0.107 rows=0 loops=1)
   ->  Limit  (cost=6.39..8.17 rows=100 width=20) (actual time=0.079..0.104 rows=100 loops=1)
         ->  Incremental Sort  (cost=6.39..185.09 rows=10000 width=20) (actual time=0.079..0.098 rows=100 loops=1)
               Sort Key: s_2.a, s_2.b, s_2.c
               Presorted Key: s_2.a, s_2.b
               Sort Method: quicksort  Memory: 30kB
               Sort Groups: 2
               ->  Index Scan using s_2_a_b_idx on s_2  (cost=0.29..419.97 rows=10000 width=20) (actual time=0.012..0.024 rows=120 loops=1)
 Planning time: 0.268 ms
 Execution time: 0.131 ms
(10 rows)

===== 27 [Wed Mar  7 01:59:27 CET 2018] scale:10000 groups:10 work_mem:32MB incremental:on max_workers:0 =====
SELECT * FROM s_3 ORDER BY a, b, c, d LIMIT 100
                                                                  QUERY PLAN                                                                  
----------------------------------------------------------------------------------------------------------------------------------------------
 Limit  (cost=3.92..3.92 rows=1 width=20) (actual time=0.097..0.097 rows=0 loops=1)
   ->  Limit  (cost=0.91..2.92 rows=100 width=20) (actual time=0.061..0.093 rows=100 loops=1)
         ->  Incremental Sort  (cost=0.91..201.58 rows=10000 width=20) (actual time=0.061..0.087 rows=100 loops=1)
               Sort Key: s_3.a, s_3.b, s_3.c, s_3.d
               Presorted Key: s_3.a, s_3.b, s_3.c
               Sort Method: quicksort  Memory: 27kB
               Sort Groups: 3
               ->  Index Scan using s_3_a_b_c_idx on s_3  (cost=0.29..463.97 rows=10000 width=20) (actual time=0.009..0.020 rows=103 loops=1)
 Planning time: 0.264 ms
 Execution time: 0.119 ms
(10 rows)

===== 28 [Wed Mar  7 01:59:27 CET 2018] scale:10000 groups:10 work_mem:32MB incremental:on max_workers:0 =====
SELECT * FROM s_4 ORDER BY a, b, c, d, e LIMIT 100
                                                                   QUERY PLAN                                                                   
------------------------------------------------------------------------------------------------------------------------------------------------
 Limit  (cost=3.92..3.92 rows=1 width=20) (actual time=0.103..0.103 rows=0 loops=1)
   ->  Limit  (cost=0.91..2.92 rows=100 width=20) (actual time=0.059..0.099 rows=100 loops=1)
         ->  Incremental Sort  (cost=0.91..201.58 rows=10000 width=20) (actual time=0.058..0.093 rows=100 loops=1)
               Sort Key: s_4.a, s_4.b, s_4.c, s_4.d, s_4.e
               Presorted Key: s_4.a, s_4.b, s_4.c, s_4.d
               Sort Method: quicksort  Memory: 27kB
               Sort Groups: 4
               ->  Index Scan using s_4_a_b_c_d_idx on s_4  (cost=0.29..463.97 rows=10000 width=20) (actual time=0.005..0.019 rows=131 loops=1)
 Planning time: 0.277 ms
 Execution time: 0.125 ms
(10 rows)

===== 29 [Wed Mar  7 01:59:27 CET 2018] scale:10000 groups:10 work_mem:32MB incremental:off max_workers:0 =====
SELECT * FROM s_1 ORDER BY a, b LIMIT 100
                                                        QUERY PLAN                                                        
--------------------------------------------------------------------------------------------------------------------------
 Limit  (cost=547.44..547.44 rows=1 width=20) (actual time=1.325..1.325 rows=0 loops=1)
   ->  Limit  (cost=546.19..546.44 rows=100 width=20) (actual time=1.312..1.321 rows=100 loops=1)
         ->  Sort  (cost=546.19..571.19 rows=10000 width=20) (actual time=1.312..1.315 rows=100 loops=1)
               Sort Key: s_1.a, s_1.b
               Sort Method: top-N heapsort  Memory: 37kB
               ->  Seq Scan on s_1  (cost=0.00..164.00 rows=10000 width=20) (actual time=0.004..0.529 rows=10000 loops=1)
 Planning time: 0.259 ms
 Execution time: 1.348 ms
(8 rows)

===== 30 [Wed Mar  7 01:59:27 CET 2018] scale:10000 groups:10 work_mem:32MB incremental:off max_workers:0 =====
SELECT * FROM s_2 ORDER BY a, b, c LIMIT 100
                                                        QUERY PLAN                                                        
--------------------------------------------------------------------------------------------------------------------------
 Limit  (cost=547.44..547.44 rows=1 width=20) (actual time=1.329..1.329 rows=0 loops=1)
   ->  Limit  (cost=546.19..546.44 rows=100 width=20) (actual time=1.316..1.325 rows=100 loops=1)
         ->  Sort  (cost=546.19..571.19 rows=10000 width=20) (actual time=1.316..1.319 rows=100 loops=1)
               Sort Key: s_2.a, s_2.b, s_2.c
               Sort Method: top-N heapsort  Memory: 33kB
               ->  Seq Scan on s_2  (cost=0.00..164.00 rows=10000 width=20) (actual time=0.008..0.535 rows=10000 loops=1)
 Planning time: 0.259 ms
 Execution time: 1.352 ms
(8 rows)

===== 31 [Wed Mar  7 01:59:27 CET 2018] scale:10000 groups:10 work_mem:32MB incremental:off max_workers:0 =====
SELECT * FROM s_3 ORDER BY a, b, c, d LIMIT 100
                                                        QUERY PLAN                                                        
--------------------------------------------------------------------------------------------------------------------------
 Limit  (cost=547.44..547.44 rows=1 width=20) (actual time=1.410..1.410 rows=0 loops=1)
   ->  Limit  (cost=546.19..546.44 rows=100 width=20) (actual time=1.397..1.407 rows=100 loops=1)
         ->  Sort  (cost=546.19..571.19 rows=10000 width=20) (actual time=1.397..1.401 rows=100 loops=1)
               Sort Key: s_3.a, s_3.b, s_3.c, s_3.d
               Sort Method: top-N heapsort  Memory: 32kB
               ->  Seq Scan on s_3  (cost=0.00..164.00 rows=10000 width=20) (actual time=0.007..0.519 rows=10000 loops=1)
 Planning time: 0.258 ms
 Execution time: 1.433 ms
(8 rows)

===== 32 [Wed Mar  7 01:59:27 CET 2018] scale:10000 groups:10 work_mem:32MB incremental:off max_workers:0 =====
SELECT * FROM s_4 ORDER BY a, b, c, d, e LIMIT 100
                                                        QUERY PLAN                                                        
--------------------------------------------------------------------------------------------------------------------------
 Limit  (cost=547.44..547.44 rows=1 width=20) (actual time=1.331..1.331 rows=0 loops=1)
   ->  Limit  (cost=546.19..546.44 rows=100 width=20) (actual time=1.318..1.327 rows=100 loops=1)
         ->  Sort  (cost=546.19..571.19 rows=10000 width=20) (actual time=1.317..1.321 rows=100 loops=1)
               Sort Key: s_4.a, s_4.b, s_4.c, s_4.d, s_4.e
               Sort Method: top-N heapsort  Memory: 32kB
               ->  Seq Scan on s_4  (cost=0.00..164.00 rows=10000 width=20) (actual time=0.004..0.527 rows=10000 loops=1)
 Planning time: 0.260 ms
 Execution time: 1.353 ms
(8 rows)

===== 33 [Wed Mar  7 01:59:27 CET 2018] scale:10000 groups:10 work_mem:64MB incremental:on max_workers:0 =====
SELECT * FROM s_1 ORDER BY a, b LIMIT 100
                                                                QUERY PLAN                                                                
------------------------------------------------------------------------------------------------------------------------------------------
 Limit  (cost=68.42..68.42 rows=1 width=20) (actual time=0.236..0.236 rows=0 loops=1)
   ->  Limit  (cost=65.67..67.42 rows=100 width=20) (actual time=0.222..0.232 rows=100 loops=1)
         ->  Incremental Sort  (cost=65.67..240.89 rows=10000 width=20) (actual time=0.222..0.226 rows=100 loops=1)
               Sort Key: s_1.a, s_1.b
               Presorted Key: s_1.a
               Sort Method: quicksort  Memory: 64kB
               Sort Groups: 1
               ->  Index Scan using s_1_a_idx on s_1  (cost=0.29..337.29 rows=10000 width=20) (actual time=0.009..0.082 rows=506 loops=1)
 Planning time: 0.255 ms
 Execution time: 0.262 ms
(10 rows)

===== 34 [Wed Mar  7 01:59:27 CET 2018] scale:10000 groups:10 work_mem:64MB incremental:on max_workers:0 =====
SELECT * FROM s_2 ORDER BY a, b, c LIMIT 100
                                                                 QUERY PLAN                                                                 
--------------------------------------------------------------------------------------------------------------------------------------------
 Limit  (cost=9.17..9.17 rows=1 width=20) (actual time=0.108..0.108 rows=0 loops=1)
   ->  Limit  (cost=6.39..8.17 rows=100 width=20) (actual time=0.079..0.104 rows=100 loops=1)
         ->  Incremental Sort  (cost=6.39..185.09 rows=10000 width=20) (actual time=0.079..0.098 rows=100 loops=1)
               Sort Key: s_2.a, s_2.b, s_2.c
               Presorted Key: s_2.a, s_2.b
               Sort Method: quicksort  Memory: 30kB
               Sort Groups: 2
               ->  Index Scan using s_2_a_b_idx on s_2  (cost=0.29..419.97 rows=10000 width=20) (actual time=0.012..0.024 rows=120 loops=1)
 Planning time: 0.267 ms
 Execution time: 0.131 ms
(10 rows)

===== 35 [Wed Mar  7 01:59:27 CET 2018] scale:10000 groups:10 work_mem:64MB incremental:on max_workers:0 =====
SELECT * FROM s_3 ORDER BY a, b, c, d LIMIT 100
                                                                  QUERY PLAN                                                                  
----------------------------------------------------------------------------------------------------------------------------------------------
 Limit  (cost=3.92..3.92 rows=1 width=20) (actual time=0.096..0.096 rows=0 loops=1)
   ->  Limit  (cost=0.91..2.92 rows=100 width=20) (actual time=0.061..0.092 rows=100 loops=1)
         ->  Incremental Sort  (cost=0.91..201.58 rows=10000 width=20) (actual time=0.061..0.086 rows=100 loops=1)
               Sort Key: s_3.a, s_3.b, s_3.c, s_3.d
               Presorted Key: s_3.a, s_3.b, s_3.c
               Sort Method: quicksort  Memory: 27kB
               Sort Groups: 3
               ->  Index Scan using s_3_a_b_c_idx on s_3  (cost=0.29..463.97 rows=10000 width=20) (actual time=0.008..0.019 rows=103 loops=1)
 Planning time: 0.279 ms
 Execution time: 0.118 ms
(10 rows)

===== 36 [Wed Mar  7 01:59:27 CET 2018] scale:10000 groups:10 work_mem:64MB incremental:on max_workers:0 =====
SELECT * FROM s_4 ORDER BY a, b, c, d, e LIMIT 100
                                                                   QUERY PLAN                                                                   
------------------------------------------------------------------------------------------------------------------------------------------------
 Limit  (cost=3.92..3.92 rows=1 width=20) (actual time=0.103..0.103 rows=0 loops=1)
   ->  Limit  (cost=0.91..2.92 rows=100 width=20) (actual time=0.059..0.099 rows=100 loops=1)
         ->  Incremental Sort  (cost=0.91..201.58 rows=10000 width=20) (actual time=0.058..0.093 rows=100 loops=1)
               Sort Key: s_4.a, s_4.b, s_4.c, s_4.d, s_4.e
               Presorted Key: s_4.a, s_4.b, s_4.c, s_4.d
               Sort Method: quicksort  Memory: 27kB
               Sort Groups: 4
               ->  Index Scan using s_4_a_b_c_d_idx on s_4  (cost=0.29..463.97 rows=10000 width=20) (actual time=0.005..0.019 rows=131 loops=1)
 Planning time: 0.266 ms
 Execution time: 0.128 ms
(10 rows)

===== 37 [Wed Mar  7 01:59:27 CET 2018] scale:10000 groups:10 work_mem:64MB incremental:off max_workers:0 =====
SELECT * FROM s_1 ORDER BY a, b LIMIT 100
                                                        QUERY PLAN                                                        
--------------------------------------------------------------------------------------------------------------------------
 Limit  (cost=547.44..547.44 rows=1 width=20) (actual time=1.331..1.331 rows=0 loops=1)
   ->  Limit  (cost=546.19..546.44 rows=100 width=20) (actual time=1.318..1.327 rows=100 loops=1)
         ->  Sort  (cost=546.19..571.19 rows=10000 width=20) (actual time=1.317..1.321 rows=100 loops=1)
               Sort Key: s_1.a, s_1.b
               Sort Method: top-N heapsort  Memory: 37kB
               ->  Seq Scan on s_1  (cost=0.00..164.00 rows=10000 width=20) (actual time=0.004..0.533 rows=10000 loops=1)
 Planning time: 0.258 ms
 Execution time: 1.356 ms
(8 rows)

===== 38 [Wed Mar  7 01:59:27 CET 2018] scale:10000 groups:10 work_mem:64MB incremental:off max_workers:0 =====
SELECT * FROM s_2 ORDER BY a, b, c LIMIT 100
                                                        QUERY PLAN                                                        
--------------------------------------------------------------------------------------------------------------------------
 Limit  (cost=547.44..547.44 rows=1 width=20) (actual time=1.322..1.322 rows=0 loops=1)
   ->  Limit  (cost=546.19..546.44 rows=100 width=20) (actual time=1.309..1.318 rows=100 loops=1)
         ->  Sort  (cost=546.19..571.19 rows=10000 width=20) (actual time=1.308..1.312 rows=100 loops=1)
               Sort Key: s_2.a, s_2.b, s_2.c
               Sort Method: top-N heapsort  Memory: 33kB
               ->  Seq Scan on s_2  (cost=0.00..164.00 rows=10000 width=20) (actual time=0.008..0.530 rows=10000 loops=1)
 Planning time: 0.260 ms
 Execution time: 1.344 ms
(8 rows)

===== 39 [Wed Mar  7 01:59:27 CET 2018] scale:10000 groups:10 work_mem:64MB incremental:off max_workers:0 =====
SELECT * FROM s_3 ORDER BY a, b, c, d LIMIT 100
                                                        QUERY PLAN                                                        
--------------------------------------------------------------------------------------------------------------------------
 Limit  (cost=547.44..547.44 rows=1 width=20) (actual time=1.396..1.396 rows=0 loops=1)
   ->  Limit  (cost=546.19..546.44 rows=100 width=20) (actual time=1.383..1.393 rows=100 loops=1)
         ->  Sort  (cost=546.19..571.19 rows=10000 width=20) (actual time=1.383..1.387 rows=100 loops=1)
               Sort Key: s_3.a, s_3.b, s_3.c, s_3.d
               Sort Method: top-N heapsort  Memory: 32kB
               ->  Seq Scan on s_3  (cost=0.00..164.00 rows=10000 width=20) (actual time=0.007..0.517 rows=10000 loops=1)
 Planning time: 0.265 ms
 Execution time: 1.420 ms
(8 rows)

===== 40 [Wed Mar  7 01:59:27 CET 2018] scale:10000 groups:10 work_mem:64MB incremental:off max_workers:0 =====
SELECT * FROM s_4 ORDER BY a, b, c, d, e LIMIT 100
                                                        QUERY PLAN                                                        
--------------------------------------------------------------------------------------------------------------------------
 Limit  (cost=547.44..547.44 rows=1 width=20) (actual time=1.321..1.321 rows=0 loops=1)
   ->  Limit  (cost=546.19..546.44 rows=100 width=20) (actual time=1.308..1.318 rows=100 loops=1)
         ->  Sort  (cost=546.19..571.19 rows=10000 width=20) (actual time=1.308..1.312 rows=100 loops=1)
               Sort Key: s_4.a, s_4.b, s_4.c, s_4.d, s_4.e
               Sort Method: top-N heapsort  Memory: 32kB
               ->  Seq Scan on s_4  (cost=0.00..164.00 rows=10000 width=20) (actual time=0.004..0.524 rows=10000 loops=1)
 Planning time: 0.252 ms
 Execution time: 1.344 ms
(8 rows)

===== 41 [Wed Mar  7 01:59:28 CET 2018] scale:10000 groups:10 work_mem:128MB incremental:on max_workers:0 =====
SELECT * FROM s_1 ORDER BY a, b LIMIT 100
                                                                QUERY PLAN                                                                
------------------------------------------------------------------------------------------------------------------------------------------
 Limit  (cost=68.42..68.42 rows=1 width=20) (actual time=0.231..0.231 rows=0 loops=1)
   ->  Limit  (cost=65.67..67.42 rows=100 width=20) (actual time=0.218..0.227 rows=100 loops=1)
         ->  Incremental Sort  (cost=65.67..240.89 rows=10000 width=20) (actual time=0.217..0.221 rows=100 loops=1)
               Sort Key: s_1.a, s_1.b
               Presorted Key: s_1.a
               Sort Method: quicksort  Memory: 64kB
               Sort Groups: 1
               ->  Index Scan using s_1_a_idx on s_1  (cost=0.29..337.29 rows=10000 width=20) (actual time=0.010..0.075 rows=506 loops=1)
 Planning time: 0.258 ms
 Execution time: 0.257 ms
(10 rows)

===== 42 [Wed Mar  7 01:59:28 CET 2018] scale:10000 groups:10 work_mem:128MB incremental:on max_workers:0 =====
SELECT * FROM s_2 ORDER BY a, b, c LIMIT 100
                                                                 QUERY PLAN                                                                 
--------------------------------------------------------------------------------------------------------------------------------------------
 Limit  (cost=9.17..9.17 rows=1 width=20) (actual time=0.107..0.107 rows=0 loops=1)
   ->  Limit  (cost=6.39..8.17 rows=100 width=20) (actual time=0.079..0.103 rows=100 loops=1)
         ->  Incremental Sort  (cost=6.39..185.09 rows=10000 width=20) (actual time=0.079..0.097 rows=100 loops=1)
               Sort Key: s_2.a, s_2.b, s_2.c
               Presorted Key: s_2.a, s_2.b
               Sort Method: quicksort  Memory: 30kB
               Sort Groups: 2
               ->  Index Scan using s_2_a_b_idx on s_2  (cost=0.29..419.97 rows=10000 width=20) (actual time=0.011..0.024 rows=120 loops=1)
 Planning time: 0.274 ms
 Execution time: 0.130 ms
(10 rows)

===== 43 [Wed Mar  7 01:59:28 CET 2018] scale:10000 groups:10 work_mem:128MB incremental:on max_workers:0 =====
SELECT * FROM s_3 ORDER BY a, b, c, d LIMIT 100
                                                                  QUERY PLAN                                                                  
----------------------------------------------------------------------------------------------------------------------------------------------
 Limit  (cost=3.92..3.92 rows=1 width=20) (actual time=0.097..0.097 rows=0 loops=1)
   ->  Limit  (cost=0.91..2.92 rows=100 width=20) (actual time=0.062..0.094 rows=100 loops=1)
         ->  Incremental Sort  (cost=0.91..201.58 rows=10000 width=20) (actual time=0.062..0.088 rows=100 loops=1)
               Sort Key: s_3.a, s_3.b, s_3.c, s_3.d
               Presorted Key: s_3.a, s_3.b, s_3.c
               Sort Method: quicksort  Memory: 27kB
               Sort Groups: 3
               ->  Index Scan using s_3_a_b_c_idx on s_3  (cost=0.29..463.97 rows=10000 width=20) (actual time=0.009..0.020 rows=103 loops=1)
 Planning time: 0.273 ms
 Execution time: 0.120 ms
(10 rows)

===== 44 [Wed Mar  7 01:59:28 CET 2018] scale:10000 groups:10 work_mem:128MB incremental:on max_workers:0 =====
SELECT * FROM s_4 ORDER BY a, b, c, d, e LIMIT 100
                                                                   QUERY PLAN                                                                   
------------------------------------------------------------------------------------------------------------------------------------------------
 Limit  (cost=3.92..3.92 rows=1 width=20) (actual time=0.102..0.102 rows=0 loops=1)
   ->  Limit  (cost=0.91..2.92 rows=100 width=20) (actual time=0.058..0.098 rows=100 loops=1)
         ->  Incremental Sort  (cost=0.91..201.58 rows=10000 width=20) (actual time=0.058..0.093 rows=100 loops=1)
               Sort Key: s_4.a, s_4.b, s_4.c, s_4.d, s_4.e
               Presorted Key: s_4.a, s_4.b, s_4.c, s_4.d
               Sort Method: quicksort  Memory: 27kB
               Sort Groups: 4
               ->  Index Scan using s_4_a_b_c_d_idx on s_4  (cost=0.29..463.97 rows=10000 width=20) (actual time=0.005..0.019 rows=131 loops=1)
 Planning time: 0.268 ms
 Execution time: 0.125 ms
(10 rows)

===== 45 [Wed Mar  7 01:59:28 CET 2018] scale:10000 groups:10 work_mem:128MB incremental:off max_workers:0 =====
SELECT * FROM s_1 ORDER BY a, b LIMIT 100
                                                        QUERY PLAN                                                        
--------------------------------------------------------------------------------------------------------------------------
 Limit  (cost=547.44..547.44 rows=1 width=20) (actual time=1.323..1.323 rows=0 loops=1)
   ->  Limit  (cost=546.19..546.44 rows=100 width=20) (actual time=1.311..1.320 rows=100 loops=1)
         ->  Sort  (cost=546.19..571.19 rows=10000 width=20) (actual time=1.310..1.314 rows=100 loops=1)
               Sort Key: s_1.a, s_1.b
               Sort Method: top-N heapsort  Memory: 37kB
               ->  Seq Scan on s_1  (cost=0.00..164.00 rows=10000 width=20) (actual time=0.004..0.524 rows=10000 loops=1)
 Planning time: 0.255 ms
 Execution time: 1.346 ms
(8 rows)

===== 46 [Wed Mar  7 01:59:28 CET 2018] scale:10000 groups:10 work_mem:128MB incremental:off max_workers:0 =====
SELECT * FROM s_2 ORDER BY a, b, c LIMIT 100
                                                        QUERY PLAN                                                        
--------------------------------------------------------------------------------------------------------------------------
 Limit  (cost=547.44..547.44 rows=1 width=20) (actual time=1.322..1.322 rows=0 loops=1)
   ->  Limit  (cost=546.19..546.44 rows=100 width=20) (actual time=1.309..1.318 rows=100 loops=1)
         ->  Sort  (cost=546.19..571.19 rows=10000 width=20) (actual time=1.308..1.312 rows=100 loops=1)
               Sort Key: s_2.a, s_2.b, s_2.c
               Sort Method: top-N heapsort  Memory: 33kB
               ->  Seq Scan on s_2  (cost=0.00..164.00 rows=10000 width=20) (actual time=0.008..0.529 rows=10000 loops=1)
 Planning time: 0.258 ms
 Execution time: 1.344 ms
(8 rows)

===== 47 [Wed Mar  7 01:59:28 CET 2018] scale:10000 groups:10 work_mem:128MB incremental:off max_workers:0 =====
SELECT * FROM s_3 ORDER BY a, b, c, d LIMIT 100
                                                        QUERY PLAN                                                        
--------------------------------------------------------------------------------------------------------------------------
 Limit  (cost=547.44..547.44 rows=1 width=20) (actual time=1.408..1.408 rows=0 loops=1)
   ->  Limit  (cost=546.19..546.44 rows=100 width=20) (actual time=1.395..1.404 rows=100 loops=1)
         ->  Sort  (cost=546.19..571.19 rows=10000 width=20) (actual time=1.395..1.398 rows=100 loops=1)
               Sort Key: s_3.a, s_3.b, s_3.c, s_3.d
               Sort Method: top-N heapsort  Memory: 32kB
               ->  Seq Scan on s_3  (cost=0.00..164.00 rows=10000 width=20) (actual time=0.007..0.525 rows=10000 loops=1)
 Planning time: 0.260 ms
 Execution time: 1.431 ms
(8 rows)

===== 48 [Wed Mar  7 01:59:28 CET 2018] scale:10000 groups:10 work_mem:128MB incremental:off max_workers:0 =====
SELECT * FROM s_4 ORDER BY a, b, c, d, e LIMIT 100
                                                        QUERY PLAN                                                        
--------------------------------------------------------------------------------------------------------------------------
 Limit  (cost=547.44..547.44 rows=1 width=20) (actual time=1.322..1.322 rows=0 loops=1)
   ->  Limit  (cost=546.19..546.44 rows=100 width=20) (actual time=1.309..1.319 rows=100 loops=1)
         ->  Sort  (cost=546.19..571.19 rows=10000 width=20) (actual time=1.309..1.313 rows=100 loops=1)
               Sort Key: s_4.a, s_4.b, s_4.c, s_4.d, s_4.e
               Sort Method: top-N heapsort  Memory: 32kB
               ->  Seq Scan on s_4  (cost=0.00..164.00 rows=10000 width=20) (actual time=0.004..0.526 rows=10000 loops=1)
 Planning time: 0.257 ms
 Execution time: 1.344 ms
(8 rows)

===== 49 [Wed Mar  7 01:59:28 CET 2018] scale:10000 groups:10 work_mem:256MB incremental:on max_workers:0 =====
SELECT * FROM s_1 ORDER BY a, b LIMIT 100
                                                                QUERY PLAN                                                                
------------------------------------------------------------------------------------------------------------------------------------------
 Limit  (cost=68.42..68.42 rows=1 width=20) (actual time=0.223..0.223 rows=0 loops=1)
   ->  Limit  (cost=65.67..67.42 rows=100 width=20) (actual time=0.210..0.219 rows=100 loops=1)
         ->  Incremental Sort  (cost=65.67..240.89 rows=10000 width=20) (actual time=0.209..0.213 rows=100 loops=1)
               Sort Key: s_1.a, s_1.b
               Presorted Key: s_1.a
               Sort Method: quicksort  Memory: 64kB
               Sort Groups: 1
               ->  Index Scan using s_1_a_idx on s_1  (cost=0.29..337.29 rows=10000 width=20) (actual time=0.009..0.074 rows=506 loops=1)
 Planning time: 0.254 ms
 Execution time: 0.249 ms
(10 rows)

===== 50 [Wed Mar  7 01:59:28 CET 2018] scale:10000 groups:10 work_mem:256MB incremental:on max_workers:0 =====
SELECT * FROM s_2 ORDER BY a, b, c LIMIT 100
                                                                 QUERY PLAN                                                                 
--------------------------------------------------------------------------------------------------------------------------------------------
 Limit  (cost=9.17..9.17 rows=1 width=20) (actual time=0.113..0.113 rows=0 loops=1)
   ->  Limit  (cost=6.39..8.17 rows=100 width=20) (actual time=0.084..0.109 rows=100 loops=1)
         ->  Incremental Sort  (cost=6.39..185.09 rows=10000 width=20) (actual time=0.084..0.103 rows=100 loops=1)
               Sort Key: s_2.a, s_2.b, s_2.c
               Presorted Key: s_2.a, s_2.b
               Sort Method: quicksort  Memory: 30kB
               Sort Groups: 2
               ->  Index Scan using s_2_a_b_idx on s_2  (cost=0.29..419.97 rows=10000 width=20) (actual time=0.012..0.024 rows=120 loops=1)
 Planning time: 0.268 ms
 Execution time: 0.136 ms
(10 rows)

===== 51 [Wed Mar  7 01:59:28 CET 2018] scale:10000 groups:10 work_mem:256MB incremental:on max_workers:0 =====
SELECT * FROM s_3 ORDER BY a, b, c, d LIMIT 100
                                                                  QUERY PLAN                                                                  
----------------------------------------------------------------------------------------------------------------------------------------------
 Limit  (cost=3.92..3.92 rows=1 width=20) (actual time=0.096..0.096 rows=0 loops=1)
   ->  Limit  (cost=0.91..2.92 rows=100 width=20) (actual time=0.061..0.093 rows=100 loops=1)
         ->  Incremental Sort  (cost=0.91..201.58 rows=10000 width=20) (actual time=0.061..0.087 rows=100 loops=1)
               Sort Key: s_3.a, s_3.b, s_3.c, s_3.d
               Presorted Key: s_3.a, s_3.b, s_3.c
               Sort Method: quicksort  Memory: 27kB
               Sort Groups: 3
               ->  Index Scan using s_3_a_b_c_idx on s_3  (cost=0.29..463.97 rows=10000 width=20) (actual time=0.008..0.019 rows=103 loops=1)
 Planning time: 0.273 ms
 Execution time: 0.119 ms
(10 rows)

===== 52 [Wed Mar  7 01:59:28 CET 2018] scale:10000 groups:10 work_mem:256MB incremental:on max_workers:0 =====
SELECT * FROM s_4 ORDER BY a, b, c, d, e LIMIT 100
                                                                   QUERY PLAN                                                                   
------------------------------------------------------------------------------------------------------------------------------------------------
 Limit  (cost=3.92..3.92 rows=1 width=20) (actual time=0.104..0.104 rows=0 loops=1)
   ->  Limit  (cost=0.91..2.92 rows=100 width=20) (actual time=0.060..0.100 rows=100 loops=1)
         ->  Incremental Sort  (cost=0.91..201.58 rows=10000 width=20) (actual time=0.060..0.094 rows=100 loops=1)
               Sort Key: s_4.a, s_4.b, s_4.c, s_4.d, s_4.e
               Presorted Key: s_4.a, s_4.b, s_4.c, s_4.d
               Sort Method: quicksort  Memory: 27kB
               Sort Groups: 4
               ->  Index Scan using s_4_a_b_c_d_idx on s_4  (cost=0.29..463.97 rows=10000 width=20) (actual time=0.005..0.019 rows=131 loops=1)
 Planning time: 0.270 ms
 Execution time: 0.126 ms
(10 rows)

===== 53 [Wed Mar  7 01:59:28 CET 2018] scale:10000 groups:10 work_mem:256MB incremental:off max_workers:0 =====
SELECT * FROM s_1 ORDER BY a, b LIMIT 100
                                                        QUERY PLAN                                                        
--------------------------------------------------------------------------------------------------------------------------
 Limit  (cost=547.44..547.44 rows=1 width=20) (actual time=1.321..1.321 rows=0 loops=1)
   ->  Limit  (cost=546.19..546.44 rows=100 width=20) (actual time=1.308..1.317 rows=100 loops=1)
         ->  Sort  (cost=546.19..571.19 rows=10000 width=20) (actual time=1.308..1.311 rows=100 loops=1)
               Sort Key: s_1.a, s_1.b
               Sort Method: top-N heapsort  Memory: 37kB
               ->  Seq Scan on s_1  (cost=0.00..164.00 rows=10000 width=20) (actual time=0.004..0.523 rows=10000 loops=1)
 Planning time: 0.264 ms
 Execution time: 1.346 ms
(8 rows)

===== 54 [Wed Mar  7 01:59:29 CET 2018] scale:10000 groups:10 work_mem:256MB incremental:off max_workers:0 =====
SELECT * FROM s_2 ORDER BY a, b, c LIMIT 100
                                                        QUERY PLAN                                                        
--------------------------------------------------------------------------------------------------------------------------
 Limit  (cost=547.44..547.44 rows=1 width=20) (actual time=1.319..1.319 rows=0 loops=1)
   ->  Limit  (cost=546.19..546.44 rows=100 width=20) (actual time=1.306..1.316 rows=100 loops=1)
         ->  Sort  (cost=546.19..571.19 rows=10000 width=20) (actual time=1.306..1.310 rows=100 loops=1)
               Sort Key: s_2.a, s_2.b, s_2.c
               Sort Method: top-N heapsort  Memory: 33kB
               ->  Seq Scan on s_2  (cost=0.00..164.00 rows=10000 width=20) (actual time=0.007..0.534 rows=10000 loops=1)
 Planning time: 0.250 ms
 Execution time: 1.343 ms
(8 rows)

===== 55 [Wed Mar  7 01:59:29 CET 2018] scale:10000 groups:10 work_mem:256MB incremental:off max_workers:0 =====
SELECT * FROM s_3 ORDER BY a, b, c, d LIMIT 100
                                                        QUERY PLAN                                                        
--------------------------------------------------------------------------------------------------------------------------
 Limit  (cost=547.44..547.44 rows=1 width=20) (actual time=1.405..1.405 rows=0 loops=1)
   ->  Limit  (cost=546.19..546.44 rows=100 width=20) (actual time=1.392..1.402 rows=100 loops=1)
         ->  Sort  (cost=546.19..571.19 rows=10000 width=20) (actual time=1.392..1.396 rows=100 loops=1)
               Sort Key: s_3.a, s_3.b, s_3.c, s_3.d
               Sort Method: top-N heapsort  Memory: 32kB
               ->  Seq Scan on s_3  (cost=0.00..164.00 rows=10000 width=20) (actual time=0.007..0.521 rows=10000 loops=1)
 Planning time: 0.260 ms
 Execution time: 1.427 ms
(8 rows)

===== 56 [Wed Mar  7 01:59:29 CET 2018] scale:10000 groups:10 work_mem:256MB incremental:off max_workers:0 =====
SELECT * FROM s_4 ORDER BY a, b, c, d, e LIMIT 100
                                                        QUERY PLAN                                                        
--------------------------------------------------------------------------------------------------------------------------
 Limit  (cost=547.44..547.44 rows=1 width=20) (actual time=1.324..1.324 rows=0 loops=1)
   ->  Limit  (cost=546.19..546.44 rows=100 width=20) (actual time=1.311..1.320 rows=100 loops=1)
         ->  Sort  (cost=546.19..571.19 rows=10000 width=20) (actual time=1.310..1.314 rows=100 loops=1)
               Sort Key: s_4.a, s_4.b, s_4.c, s_4.d, s_4.e
               Sort Method: top-N heapsort  Memory: 32kB
               ->  Seq Scan on s_4  (cost=0.00..164.00 rows=10000 width=20) (actual time=0.004..0.524 rows=10000 loops=1)
 Planning time: 0.257 ms
 Execution time: 1.346 ms
(8 rows)

===== 57 [Wed Mar  7 01:59:29 CET 2018] scale:10000 groups:10 work_mem:4MB incremental:on max_workers:2 =====
SELECT * FROM s_1 ORDER BY a, b LIMIT 100
                                                                QUERY PLAN                                                                
------------------------------------------------------------------------------------------------------------------------------------------
 Limit  (cost=68.42..68.42 rows=1 width=20) (actual time=0.226..0.226 rows=0 loops=1)
   ->  Limit  (cost=65.67..67.42 rows=100 width=20) (actual time=0.212..0.222 rows=100 loops=1)
         ->  Incremental Sort  (cost=65.67..240.89 rows=10000 width=20) (actual time=0.212..0.216 rows=100 loops=1)
               Sort Key: s_1.a, s_1.b
               Presorted Key: s_1.a
               Sort Method: quicksort  Memory: 64kB
               Sort Groups: 1
               ->  Index Scan using s_1_a_idx on s_1  (cost=0.29..337.29 rows=10000 width=20) (actual time=0.009..0.074 rows=506 loops=1)
 Planning time: 0.274 ms
 Execution time: 0.250 ms
(10 rows)

===== 58 [Wed Mar  7 01:59:29 CET 2018] scale:10000 groups:10 work_mem:4MB incremental:on max_workers:2 =====
SELECT * FROM s_2 ORDER BY a, b, c LIMIT 100
                                                                 QUERY PLAN                                                                 
--------------------------------------------------------------------------------------------------------------------------------------------
 Limit  (cost=9.17..9.17 rows=1 width=20) (actual time=0.106..0.106 rows=0 loops=1)
   ->  Limit  (cost=6.39..8.17 rows=100 width=20) (actual time=0.078..0.103 rows=100 loops=1)
         ->  Incremental Sort  (cost=6.39..185.09 rows=10000 width=20) (actual time=0.078..0.097 rows=100 loops=1)
               Sort Key: s_2.a, s_2.b, s_2.c
               Presorted Key: s_2.a, s_2.b
               Sort Method: quicksort  Memory: 30kB
               Sort Groups: 2
               ->  Index Scan using s_2_a_b_idx on s_2  (cost=0.29..419.97 rows=10000 width=20) (actual time=0.012..0.024 rows=120 loops=1)
 Planning time: 0.270 ms
 Execution time: 0.130 ms
(10 rows)

===== 59 [Wed Mar  7 01:59:29 CET 2018] scale:10000 groups:10 work_mem:4MB incremental:on max_workers:2 =====
SELECT * FROM s_3 ORDER BY a, b, c, d LIMIT 100
                                                                  QUERY PLAN                                                                  
----------------------------------------------------------------------------------------------------------------------------------------------
 Limit  (cost=3.92..3.92 rows=1 width=20) (actual time=0.103..0.103 rows=0 loops=1)
   ->  Limit  (cost=0.91..2.92 rows=100 width=20) (actual time=0.068..0.100 rows=100 loops=1)
         ->  Incremental Sort  (cost=0.91..201.58 rows=10000 width=20) (actual time=0.068..0.094 rows=100 loops=1)
               Sort Key: s_3.a, s_3.b, s_3.c, s_3.d
               Presorted Key: s_3.a, s_3.b, s_3.c
               Sort Method: quicksort  Memory: 27kB
               Sort Groups: 3
               ->  Index Scan using s_3_a_b_c_idx on s_3  (cost=0.29..463.97 rows=10000 width=20) (actual time=0.009..0.020 rows=103 loops=1)
 Planning time: 0.272 ms
 Execution time: 0.127 ms
(10 rows)

===== 60 [Wed Mar  7 01:59:29 CET 2018] scale:10000 groups:10 work_mem:4MB incremental:on max_workers:2 =====
SELECT * FROM s_4 ORDER BY a, b, c, d, e LIMIT 100
                                                                   QUERY PLAN                                                                   
------------------------------------------------------------------------------------------------------------------------------------------------
 Limit  (cost=3.92..3.92 rows=1 width=20) (actual time=0.102..0.102 rows=0 loops=1)
   ->  Limit  (cost=0.91..2.92 rows=100 width=20) (actual time=0.058..0.098 rows=100 loops=1)
         ->  Incremental Sort  (cost=0.91..201.58 rows=10000 width=20) (actual time=0.058..0.092 rows=100 loops=1)
               Sort Key: s_4.a, s_4.b, s_4.c, s_4.d, s_4.e
               Presorted Key: s_4.a, s_4.b, s_4.c, s_4.d
               Sort Method: quicksort  Memory: 27kB
               Sort Groups: 4
               ->  Index Scan using s_4_a_b_c_d_idx on s_4  (cost=0.29..463.97 rows=10000 width=20) (actual time=0.005..0.019 rows=131 loops=1)
 Planning time: 0.262 ms
 Execution time: 0.124 ms
(10 rows)

===== 61 [Wed Mar  7 01:59:29 CET 2018] scale:10000 groups:10 work_mem:4MB incremental:off max_workers:2 =====
SELECT * FROM s_1 ORDER BY a, b LIMIT 100
                                                        QUERY PLAN                                                        
--------------------------------------------------------------------------------------------------------------------------
 Limit  (cost=547.44..547.44 rows=1 width=20) (actual time=1.327..1.327 rows=0 loops=1)
   ->  Limit  (cost=546.19..546.44 rows=100 width=20) (actual time=1.314..1.323 rows=100 loops=1)
         ->  Sort  (cost=546.19..571.19 rows=10000 width=20) (actual time=1.313..1.317 rows=100 loops=1)
               Sort Key: s_1.a, s_1.b
               Sort Method: top-N heapsort  Memory: 37kB
               ->  Seq Scan on s_1  (cost=0.00..164.00 rows=10000 width=20) (actual time=0.004..0.525 rows=10000 loops=1)
 Planning time: 0.258 ms
 Execution time: 1.349 ms
(8 rows)

===== 62 [Wed Mar  7 01:59:29 CET 2018] scale:10000 groups:10 work_mem:4MB incremental:off max_workers:2 =====
SELECT * FROM s_2 ORDER BY a, b, c LIMIT 100
                                                        QUERY PLAN                                                        
--------------------------------------------------------------------------------------------------------------------------
 Limit  (cost=547.44..547.44 rows=1 width=20) (actual time=1.317..1.317 rows=0 loops=1)
   ->  Limit  (cost=546.19..546.44 rows=100 width=20) (actual time=1.304..1.313 rows=100 loops=1)
         ->  Sort  (cost=546.19..571.19 rows=10000 width=20) (actual time=1.304..1.307 rows=100 loops=1)
               Sort Key: s_2.a, s_2.b, s_2.c
               Sort Method: top-N heapsort  Memory: 33kB
               ->  Seq Scan on s_2  (cost=0.00..164.00 rows=10000 width=20) (actual time=0.007..0.533 rows=10000 loops=1)
 Planning time: 0.264 ms
 Execution time: 1.343 ms
(8 rows)

===== 63 [Wed Mar  7 01:59:29 CET 2018] scale:10000 groups:10 work_mem:4MB incremental:off max_workers:2 =====
SELECT * FROM s_3 ORDER BY a, b, c, d LIMIT 100
                                                        QUERY PLAN                                                        
--------------------------------------------------------------------------------------------------------------------------
 Limit  (cost=547.44..547.44 rows=1 width=20) (actual time=1.389..1.389 rows=0 loops=1)
   ->  Limit  (cost=546.19..546.44 rows=100 width=20) (actual time=1.376..1.386 rows=100 loops=1)
         ->  Sort  (cost=546.19..571.19 rows=10000 width=20) (actual time=1.376..1.380 rows=100 loops=1)
               Sort Key: s_3.a, s_3.b, s_3.c, s_3.d
               Sort Method: top-N heapsort  Memory: 32kB
               ->  Seq Scan on s_3  (cost=0.00..164.00 rows=10000 width=20) (actual time=0.007..0.520 rows=10000 loops=1)
 Planning time: 0.270 ms
 Execution time: 1.412 ms
(8 rows)

===== 64 [Wed Mar  7 01:59:29 CET 2018] scale:10000 groups:10 work_mem:4MB incremental:off max_workers:2 =====
SELECT * FROM s_4 ORDER BY a, b, c, d, e LIMIT 100
                                                        QUERY PLAN                                                        
--------------------------------------------------------------------------------------------------------------------------
 Limit  (cost=547.44..547.44 rows=1 width=20) (actual time=1.324..1.324 rows=0 loops=1)
   ->  Limit  (cost=546.19..546.44 rows=100 width=20) (actual time=1.311..1.321 rows=100 loops=1)
         ->  Sort  (cost=546.19..571.19 rows=10000 width=20) (actual time=1.311..1.315 rows=100 loops=1)
               Sort Key: s_4.a, s_4.b, s_4.c, s_4.d, s_4.e
               Sort Method: top-N heapsort  Memory: 32kB
               ->  Seq Scan on s_4  (cost=0.00..164.00 rows=10000 width=20) (actual time=0.004..0.533 rows=10000 loops=1)
 Planning time: 0.255 ms
 Execution time: 1.347 ms
(8 rows)

===== 65 [Wed Mar  7 01:59:29 CET 2018] scale:10000 groups:10 work_mem:8MB incremental:on max_workers:2 =====
SELECT * FROM s_1 ORDER BY a, b LIMIT 100
                                                                QUERY PLAN                                                                
------------------------------------------------------------------------------------------------------------------------------------------
 Limit  (cost=68.42..68.42 rows=1 width=20) (actual time=0.231..0.231 rows=0 loops=1)
   ->  Limit  (cost=65.67..67.42 rows=100 width=20) (actual time=0.217..0.227 rows=100 loops=1)
         ->  Incremental Sort  (cost=65.67..240.89 rows=10000 width=20) (actual time=0.217..0.221 rows=100 loops=1)
               Sort Key: s_1.a, s_1.b
               Presorted Key: s_1.a
               Sort Method: quicksort  Memory: 64kB
               Sort Groups: 1
               ->  Index Scan using s_1_a_idx on s_1  (cost=0.29..337.29 rows=10000 width=20) (actual time=0.009..0.078 rows=506 loops=1)
 Planning time: 0.262 ms
 Execution time: 0.256 ms
(10 rows)

===== 66 [Wed Mar  7 01:59:29 CET 2018] scale:10000 groups:10 work_mem:8MB incremental:on max_workers:2 =====
SELECT * FROM s_2 ORDER BY a, b, c LIMIT 100
                                                                 QUERY PLAN                                                                 
--------------------------------------------------------------------------------------------------------------------------------------------
 Limit  (cost=9.17..9.17 rows=1 width=20) (actual time=0.110..0.110 rows=0 loops=1)
   ->  Limit  (cost=6.39..8.17 rows=100 width=20) (actual time=0.081..0.106 rows=100 loops=1)
         ->  Incremental Sort  (cost=6.39..185.09 rows=10000 width=20) (actual time=0.081..0.100 rows=100 loops=1)
               Sort Key: s_2.a, s_2.b, s_2.c
               Presorted Key: s_2.a, s_2.b
               Sort Method: quicksort  Memory: 30kB
               Sort Groups: 2
               ->  Index Scan using s_2_a_b_idx on s_2  (cost=0.29..419.97 rows=10000 width=20) (actual time=0.012..0.025 rows=120 loops=1)
 Planning time: 0.269 ms
 Execution time: 0.133 ms
(10 rows)

===== 67 [Wed Mar  7 01:59:29 CET 2018] scale:10000 groups:10 work_mem:8MB incremental:on max_workers:2 =====
SELECT * FROM s_3 ORDER BY a, b, c, d LIMIT 100
                                                                  QUERY PLAN                                                                  
----------------------------------------------------------------------------------------------------------------------------------------------
 Limit  (cost=3.92..3.92 rows=1 width=20) (actual time=0.096..0.096 rows=0 loops=1)
   ->  Limit  (cost=0.91..2.92 rows=100 width=20) (actual time=0.061..0.092 rows=100 loops=1)
         ->  Incremental Sort  (cost=0.91..201.58 rows=10000 width=20) (actual time=0.061..0.087 rows=100 loops=1)
               Sort Key: s_3.a, s_3.b, s_3.c, s_3.d
               Presorted Key: s_3.a, s_3.b, s_3.c
               Sort Method: quicksort  Memory: 27kB
               Sort Groups: 3
               ->  Index Scan using s_3_a_b_c_idx on s_3  (cost=0.29..463.97 rows=10000 width=20) (actual time=0.009..0.019 rows=103 loops=1)
 Planning time: 0.273 ms
 Execution time: 0.119 ms
(10 rows)

===== 68 [Wed Mar  7 01:59:30 CET 2018] scale:10000 groups:10 work_mem:8MB incremental:on max_workers:2 =====
SELECT * FROM s_4 ORDER BY a, b, c, d, e LIMIT 100
                                                                   QUERY PLAN                                                                   
------------------------------------------------------------------------------------------------------------------------------------------------
 Limit  (cost=3.92..3.92 rows=1 width=20) (actual time=0.104..0.104 rows=0 loops=1)
   ->  Limit  (cost=0.91..2.92 rows=100 width=20) (actual time=0.060..0.100 rows=100 loops=1)
         ->  Incremental Sort  (cost=0.91..201.58 rows=10000 width=20) (actual time=0.060..0.094 rows=100 loops=1)
               Sort Key: s_4.a, s_4.b, s_4.c, s_4.d, s_4.e
               Presorted Key: s_4.a, s_4.b, s_4.c, s_4.d
               Sort Method: quicksort  Memory: 27kB
               Sort Groups: 4
               ->  Index Scan using s_4_a_b_c_d_idx on s_4  (cost=0.29..463.97 rows=10000 width=20) (actual time=0.005..0.019 rows=131 loops=1)
 Planning time: 0.279 ms
 Execution time: 0.127 ms
(10 rows)

===== 69 [Wed Mar  7 01:59:30 CET 2018] scale:10000 groups:10 work_mem:8MB incremental:off max_workers:2 =====
SELECT * FROM s_1 ORDER BY a, b LIMIT 100
                                                        QUERY PLAN                                                        
--------------------------------------------------------------------------------------------------------------------------
 Limit  (cost=547.44..547.44 rows=1 width=20) (actual time=1.326..1.326 rows=0 loops=1)
   ->  Limit  (cost=546.19..546.44 rows=100 width=20) (actual time=1.313..1.323 rows=100 loops=1)
         ->  Sort  (cost=546.19..571.19 rows=10000 width=20) (actual time=1.313..1.316 rows=100 loops=1)
               Sort Key: s_1.a, s_1.b
               Sort Method: top-N heapsort  Memory: 37kB
               ->  Seq Scan on s_1  (cost=0.00..164.00 rows=10000 width=20) (actual time=0.004..0.528 rows=10000 loops=1)
 Planning time: 0.258 ms
 Execution time: 1.354 ms
(8 rows)

===== 70 [Wed Mar  7 01:59:30 CET 2018] scale:10000 groups:10 work_mem:8MB incremental:off max_workers:2 =====
SELECT * FROM s_2 ORDER BY a, b, c LIMIT 100
                                                        QUERY PLAN                                                        
--------------------------------------------------------------------------------------------------------------------------
 Limit  (cost=547.44..547.44 rows=1 width=20) (actual time=1.315..1.315 rows=0 loops=1)
   ->  Limit  (cost=546.19..546.44 rows=100 width=20) (actual time=1.302..1.311 rows=100 loops=1)
         ->  Sort  (cost=546.19..571.19 rows=10000 width=20) (actual time=1.301..1.305 rows=100 loops=1)
               Sort Key: s_2.a, s_2.b, s_2.c
               Sort Method: top-N heapsort  Memory: 33kB
               ->  Seq Scan on s_2  (cost=0.00..164.00 rows=10000 width=20) (actual time=0.007..0.533 rows=10000 loops=1)
 Planning time: 0.257 ms
 Execution time: 1.337 ms
(8 rows)

===== 71 [Wed Mar  7 01:59:30 CET 2018] scale:10000 groups:10 work_mem:8MB incremental:off max_workers:2 =====
SELECT * FROM s_3 ORDER BY a, b, c, d LIMIT 100
                                                        QUERY PLAN                                                        
--------------------------------------------------------------------------------------------------------------------------
 Limit  (cost=547.44..547.44 rows=1 width=20) (actual time=1.404..1.404 rows=0 loops=1)
   ->  Limit  (cost=546.19..546.44 rows=100 width=20) (actual time=1.391..1.401 rows=100 loops=1)
         ->  Sort  (cost=546.19..571.19 rows=10000 width=20) (actual time=1.391..1.395 rows=100 loops=1)
               Sort Key: s_3.a, s_3.b, s_3.c, s_3.d
               Sort Method: top-N heapsort  Memory: 32kB
               ->  Seq Scan on s_3  (cost=0.00..164.00 rows=10000 width=20) (actual time=0.007..0.519 rows=10000 loops=1)
 Planning time: 0.270 ms
 Execution time: 1.427 ms
(8 rows)

===== 72 [Wed Mar  7 01:59:30 CET 2018] scale:10000 groups:10 work_mem:8MB incremental:off max_workers:2 =====
SELECT * FROM s_4 ORDER BY a, b, c, d, e LIMIT 100
                                                        QUERY PLAN                                                        
--------------------------------------------------------------------------------------------------------------------------
 Limit  (cost=547.44..547.44 rows=1 width=20) (actual time=1.325..1.325 rows=0 loops=1)
   ->  Limit  (cost=546.19..546.44 rows=100 width=20) (actual time=1.312..1.321 rows=100 loops=1)
         ->  Sort  (cost=546.19..571.19 rows=10000 width=20) (actual time=1.311..1.315 rows=100 loops=1)
               Sort Key: s_4.a, s_4.b, s_4.c, s_4.d, s_4.e
               Sort Method: top-N heapsort  Memory: 32kB
               ->  Seq Scan on s_4  (cost=0.00..164.00 rows=10000 width=20) (actual time=0.004..0.523 rows=10000 loops=1)
 Planning time: 0.256 ms
 Execution time: 1.347 ms
(8 rows)

===== 73 [Wed Mar  7 01:59:30 CET 2018] scale:10000 groups:10 work_mem:16MB incremental:on max_workers:2 =====
SELECT * FROM s_1 ORDER BY a, b LIMIT 100
                                                                QUERY PLAN                                                                
------------------------------------------------------------------------------------------------------------------------------------------
 Limit  (cost=68.42..68.42 rows=1 width=20) (actual time=0.225..0.225 rows=0 loops=1)
   ->  Limit  (cost=65.67..67.42 rows=100 width=20) (actual time=0.212..0.221 rows=100 loops=1)
         ->  Incremental Sort  (cost=65.67..240.89 rows=10000 width=20) (actual time=0.212..0.216 rows=100 loops=1)
               Sort Key: s_1.a, s_1.b
               Presorted Key: s_1.a
               Sort Method: quicksort  Memory: 64kB
               Sort Groups: 1
               ->  Index Scan using s_1_a_idx on s_1  (cost=0.29..337.29 rows=10000 width=20) (actual time=0.010..0.074 rows=506 loops=1)
 Planning time: 0.267 ms
 Execution time: 0.251 ms
(10 rows)

===== 74 [Wed Mar  7 01:59:30 CET 2018] scale:10000 groups:10 work_mem:16MB incremental:on max_workers:2 =====
SELECT * FROM s_2 ORDER BY a, b, c LIMIT 100
                                                                 QUERY PLAN                                                                 
--------------------------------------------------------------------------------------------------------------------------------------------
 Limit  (cost=9.17..9.17 rows=1 width=20) (actual time=0.107..0.107 rows=0 loops=1)
   ->  Limit  (cost=6.39..8.17 rows=100 width=20) (actual time=0.079..0.103 rows=100 loops=1)
         ->  Incremental Sort  (cost=6.39..185.09 rows=10000 width=20) (actual time=0.079..0.098 rows=100 loops=1)
               Sort Key: s_2.a, s_2.b, s_2.c
               Presorted Key: s_2.a, s_2.b
               Sort Method: quicksort  Memory: 30kB
               Sort Groups: 2
               ->  Index Scan using s_2_a_b_idx on s_2  (cost=0.29..419.97 rows=10000 width=20) (actual time=0.012..0.024 rows=120 loops=1)
 Planning time: 0.281 ms
 Execution time: 0.130 ms
(10 rows)

===== 75 [Wed Mar  7 01:59:30 CET 2018] scale:10000 groups:10 work_mem:16MB incremental:on max_workers:2 =====
SELECT * FROM s_3 ORDER BY a, b, c, d LIMIT 100
                                                                  QUERY PLAN                                                                  
----------------------------------------------------------------------------------------------------------------------------------------------
 Limit  (cost=3.92..3.92 rows=1 width=20) (actual time=0.097..0.097 rows=0 loops=1)
   ->  Limit  (cost=0.91..2.92 rows=100 width=20) (actual time=0.062..0.094 rows=100 loops=1)
         ->  Incremental Sort  (cost=0.91..201.58 rows=10000 width=20) (actual time=0.062..0.088 rows=100 loops=1)
               Sort Key: s_3.a, s_3.b, s_3.c, s_3.d
               Presorted Key: s_3.a, s_3.b, s_3.c
               Sort Method: quicksort  Memory: 27kB
               Sort Groups: 3
               ->  Index Scan using s_3_a_b_c_idx on s_3  (cost=0.29..463.97 rows=10000 width=20) (actual time=0.009..0.019 rows=103 loops=1)
 Planning time: 0.281 ms
 Execution time: 0.120 ms
(10 rows)

===== 76 [Wed Mar  7 01:59:30 CET 2018] scale:10000 groups:10 work_mem:16MB incremental:on max_workers:2 =====
SELECT * FROM s_4 ORDER BY a, b, c, d, e LIMIT 100
                                                                   QUERY PLAN                                                                   
------------------------------------------------------------------------------------------------------------------------------------------------
 Limit  (cost=3.92..3.92 rows=1 width=20) (actual time=0.114..0.114 rows=0 loops=1)
   ->  Limit  (cost=0.91..2.92 rows=100 width=20) (actual time=0.070..0.111 rows=100 loops=1)
         ->  Incremental Sort  (cost=0.91..201.58 rows=10000 width=20) (actual time=0.070..0.105 rows=100 loops=1)
               Sort Key: s_4.a, s_4.b, s_4.c, s_4.d, s_4.e
               Presorted Key: s_4.a, s_4.b, s_4.c, s_4.d
               Sort Method: quicksort  Memory: 27kB
               Sort Groups: 4
               ->  Index Scan using s_4_a_b_c_d_idx on s_4  (cost=0.29..463.97 rows=10000 width=20) (actual time=0.005..0.019 rows=131 loops=1)
 Planning time: 0.270 ms
 Execution time: 0.137 ms
(10 rows)

===== 77 [Wed Mar  7 01:59:30 CET 2018] scale:10000 groups:10 work_mem:16MB incremental:off max_workers:2 =====
SELECT * FROM s_1 ORDER BY a, b LIMIT 100
                                                        QUERY PLAN                                                        
--------------------------------------------------------------------------------------------------------------------------
 Limit  (cost=547.44..547.44 rows=1 width=20) (actual time=1.326..1.326 rows=0 loops=1)
   ->  Limit  (cost=546.19..546.44 rows=100 width=20) (actual time=1.313..1.322 rows=100 loops=1)
         ->  Sort  (cost=546.19..571.19 rows=10000 width=20) (actual time=1.312..1.316 rows=100 loops=1)
               Sort Key: s_1.a, s_1.b
               Sort Method: top-N heapsort  Memory: 37kB
               ->  Seq Scan on s_1  (cost=0.00..164.00 rows=10000 width=20) (actual time=0.004..0.526 rows=10000 loops=1)
 Planning time: 0.257 ms
 Execution time: 1.348 ms
(8 rows)

===== 78 [Wed Mar  7 01:59:30 CET 2018] scale:10000 groups:10 work_mem:16MB incremental:off max_workers:2 =====
SELECT * FROM s_2 ORDER BY a, b, c LIMIT 100
                                                        QUERY PLAN                                                        
--------------------------------------------------------------------------------------------------------------------------
 Limit  (cost=547.44..547.44 rows=1 width=20) (actual time=1.326..1.326 rows=0 loops=1)
   ->  Limit  (cost=546.19..546.44 rows=100 width=20) (actual time=1.313..1.322 rows=100 loops=1)
         ->  Sort  (cost=546.19..571.19 rows=10000 width=20) (actual time=1.313..1.316 rows=100 loops=1)
               Sort Key: s_2.a, s_2.b, s_2.c
               Sort Method: top-N heapsort  Memory: 33kB
               ->  Seq Scan on s_2  (cost=0.00..164.00 rows=10000 width=20) (actual time=0.007..0.530 rows=10000 loops=1)
 Planning time: 0.259 ms
 Execution time: 1.348 ms
(8 rows)

===== 79 [Wed Mar  7 01:59:30 CET 2018] scale:10000 groups:10 work_mem:16MB incremental:off max_workers:2 =====
SELECT * FROM s_3 ORDER BY a, b, c, d LIMIT 100
                                                        QUERY PLAN                                                        
--------------------------------------------------------------------------------------------------------------------------
 Limit  (cost=547.44..547.44 rows=1 width=20) (actual time=1.401..1.401 rows=0 loops=1)
   ->  Limit  (cost=546.19..546.44 rows=100 width=20) (actual time=1.388..1.397 rows=100 loops=1)
         ->  Sort  (cost=546.19..571.19 rows=10000 width=20) (actual time=1.388..1.392 rows=100 loops=1)
               Sort Key: s_3.a, s_3.b, s_3.c, s_3.d
               Sort Method: top-N heapsort  Memory: 32kB
               ->  Seq Scan on s_3  (cost=0.00..164.00 rows=10000 width=20) (actual time=0.007..0.517 rows=10000 loops=1)
 Planning time: 0.261 ms
 Execution time: 1.423 ms
(8 rows)

===== 80 [Wed Mar  7 01:59:30 CET 2018] scale:10000 groups:10 work_mem:16MB incremental:off max_workers:2 =====
SELECT * FROM s_4 ORDER BY a, b, c, d, e LIMIT 100
                                                        QUERY PLAN                                                        
--------------------------------------------------------------------------------------------------------------------------
 Limit  (cost=547.44..547.44 rows=1 width=20) (actual time=1.329..1.329 rows=0 loops=1)
   ->  Limit  (cost=546.19..546.44 rows=100 width=20) (actual time=1.316..1.325 rows=100 loops=1)
         ->  Sort  (cost=546.19..571.19 rows=10000 width=20) (actual time=1.315..1.319 rows=100 loops=1)
               Sort Key: s_4.a, s_4.b, s_4.c, s_4.d, s_4.e
               Sort Method: top-N heapsort  Memory: 32kB
               ->  Seq Scan on s_4  (cost=0.00..164.00 rows=10000 width=20) (actual time=0.004..0.535 rows=10000 loops=1)
 Planning time: 0.257 ms
 Execution time: 1.352 ms
(8 rows)

===== 81 [Wed Mar  7 01:59:30 CET 2018] scale:10000 groups:10 work_mem:32MB incremental:on max_workers:2 =====
SELECT * FROM s_1 ORDER BY a, b LIMIT 100
                                                                QUERY PLAN                                                                
------------------------------------------------------------------------------------------------------------------------------------------
 Limit  (cost=68.42..68.42 rows=1 width=20) (actual time=0.226..0.226 rows=0 loops=1)
   ->  Limit  (cost=65.67..67.42 rows=100 width=20) (actual time=0.213..0.222 rows=100 loops=1)
         ->  Incremental Sort  (cost=65.67..240.89 rows=10000 width=20) (actual time=0.213..0.217 rows=100 loops=1)
               Sort Key: s_1.a, s_1.b
               Presorted Key: s_1.a
               Sort Method: quicksort  Memory: 64kB
               Sort Groups: 1
               ->  Index Scan using s_1_a_idx on s_1  (cost=0.29..337.29 rows=10000 width=20) (actual time=0.009..0.074 rows=506 loops=1)
 Planning time: 0.273 ms
 Execution time: 0.252 ms
(10 rows)

===== 82 [Wed Mar  7 01:59:31 CET 2018] scale:10000 groups:10 work_mem:32MB incremental:on max_workers:2 =====
SELECT * FROM s_2 ORDER BY a, b, c LIMIT 100
                                                                 QUERY PLAN                                                                 
--------------------------------------------------------------------------------------------------------------------------------------------
 Limit  (cost=9.17..9.17 rows=1 width=20) (actual time=0.108..0.108 rows=0 loops=1)
   ->  Limit  (cost=6.39..8.17 rows=100 width=20) (actual time=0.080..0.104 rows=100 loops=1)
         ->  Incremental Sort  (cost=6.39..185.09 rows=10000 width=20) (actual time=0.080..0.098 rows=100 loops=1)
               Sort Key: s_2.a, s_2.b, s_2.c
               Presorted Key: s_2.a, s_2.b
               Sort Method: quicksort  Memory: 30kB
               Sort Groups: 2
               ->  Index Scan using s_2_a_b_idx on s_2  (cost=0.29..419.97 rows=10000 width=20) (actual time=0.012..0.024 rows=120 loops=1)
 Planning time: 0.278 ms
 Execution time: 0.133 ms
(10 rows)

===== 83 [Wed Mar  7 01:59:31 CET 2018] scale:10000 groups:10 work_mem:32MB incremental:on max_workers:2 =====
SELECT * FROM s_3 ORDER BY a, b, c, d LIMIT 100
                                                                  QUERY PLAN                                                                  
----------------------------------------------------------------------------------------------------------------------------------------------
 Limit  (cost=3.92..3.92 rows=1 width=20) (actual time=0.097..0.097 rows=0 loops=1)
   ->  Limit  (cost=0.91..2.92 rows=100 width=20) (actual time=0.062..0.094 rows=100 loops=1)
         ->  Incremental Sort  (cost=0.91..201.58 rows=10000 width=20) (actual time=0.062..0.088 rows=100 loops=1)
               Sort Key: s_3.a, s_3.b, s_3.c, s_3.d
               Presorted Key: s_3.a, s_3.b, s_3.c
               Sort Method: quicksort  Memory: 27kB
               Sort Groups: 3
               ->  Index Scan using s_3_a_b_c_idx on s_3  (cost=0.29..463.97 rows=10000 width=20) (actual time=0.009..0.019 rows=103 loops=1)
 Planning time: 0.272 ms
 Execution time: 0.120 ms
(10 rows)

===== 84 [Wed Mar  7 01:59:31 CET 2018] scale:10000 groups:10 work_mem:32MB incremental:on max_workers:2 =====
SELECT * FROM s_4 ORDER BY a, b, c, d, e LIMIT 100
                                                                   QUERY PLAN                                                                   
------------------------------------------------------------------------------------------------------------------------------------------------
 Limit  (cost=3.92..3.92 rows=1 width=20) (actual time=0.105..0.105 rows=0 loops=1)
   ->  Limit  (cost=0.91..2.92 rows=100 width=20) (actual time=0.061..0.101 rows=100 loops=1)
         ->  Incremental Sort  (cost=0.91..201.58 rows=10000 width=20) (actual time=0.061..0.096 rows=100 loops=1)
               Sort Key: s_4.a, s_4.b, s_4.c, s_4.d, s_4.e
               Presorted Key: s_4.a, s_4.b, s_4.c, s_4.d
               Sort Method: quicksort  Memory: 27kB
               Sort Groups: 4
               ->  Index Scan using s_4_a_b_c_d_idx on s_4  (cost=0.29..463.97 rows=10000 width=20) (actual time=0.005..0.019 rows=131 loops=1)
 Planning time: 0.272 ms
 Execution time: 0.128 ms
(10 rows)

===== 85 [Wed Mar  7 01:59:31 CET 2018] scale:10000 groups:10 work_mem:32MB incremental:off max_workers:2 =====
SELECT * FROM s_1 ORDER BY a, b LIMIT 100
                                                        QUERY PLAN                                                        
--------------------------------------------------------------------------------------------------------------------------
 Limit  (cost=547.44..547.44 rows=1 width=20) (actual time=1.326..1.326 rows=0 loops=1)
   ->  Limit  (cost=546.19..546.44 rows=100 width=20) (actual time=1.313..1.322 rows=100 loops=1)
         ->  Sort  (cost=546.19..571.19 rows=10000 width=20) (actual time=1.312..1.316 rows=100 loops=1)
               Sort Key: s_1.a, s_1.b
               Sort Method: top-N heapsort  Memory: 37kB
               ->  Seq Scan on s_1  (cost=0.00..164.00 rows=10000 width=20) (actual time=0.004..0.532 rows=10000 loops=1)
 Planning time: 0.257 ms
 Execution time: 1.349 ms
(8 rows)

===== 86 [Wed Mar  7 01:59:31 CET 2018] scale:10000 groups:10 work_mem:32MB incremental:off max_workers:2 =====
SELECT * FROM s_2 ORDER BY a, b, c LIMIT 100
                                                        QUERY PLAN                                                        
--------------------------------------------------------------------------------------------------------------------------
 Limit  (cost=547.44..547.44 rows=1 width=20) (actual time=1.322..1.322 rows=0 loops=1)
   ->  Limit  (cost=546.19..546.44 rows=100 width=20) (actual time=1.309..1.319 rows=100 loops=1)
         ->  Sort  (cost=546.19..571.19 rows=10000 width=20) (actual time=1.309..1.313 rows=100 loops=1)
               Sort Key: s_2.a, s_2.b, s_2.c
               Sort Method: top-N heapsort  Memory: 33kB
               ->  Seq Scan on s_2  (cost=0.00..164.00 rows=10000 width=20) (actual time=0.008..0.538 rows=10000 loops=1)
 Planning time: 0.262 ms
 Execution time: 1.345 ms
(8 rows)

===== 87 [Wed Mar  7 01:59:31 CET 2018] scale:10000 groups:10 work_mem:32MB incremental:off max_workers:2 =====
SELECT * FROM s_3 ORDER BY a, b, c, d LIMIT 100
                                                        QUERY PLAN                                                        
--------------------------------------------------------------------------------------------------------------------------
 Limit  (cost=547.44..547.44 rows=1 width=20) (actual time=1.403..1.403 rows=0 loops=1)
   ->  Limit  (cost=546.19..546.44 rows=100 width=20) (actual time=1.390..1.400 rows=100 loops=1)
         ->  Sort  (cost=546.19..571.19 rows=10000 width=20) (actual time=1.390..1.394 rows=100 loops=1)
               Sort Key: s_3.a, s_3.b, s_3.c, s_3.d
               Sort Method: top-N heapsort  Memory: 32kB
               ->  Seq Scan on s_3  (cost=0.00..164.00 rows=10000 width=20) (actual time=0.007..0.517 rows=10000 loops=1)
 Planning time: 0.261 ms
 Execution time: 1.427 ms
(8 rows)

===== 88 [Wed Mar  7 01:59:31 CET 2018] scale:10000 groups:10 work_mem:32MB incremental:off max_workers:2 =====
SELECT * FROM s_4 ORDER BY a, b, c, d, e LIMIT 100
                                                        QUERY PLAN                                                        
--------------------------------------------------------------------------------------------------------------------------
 Limit  (cost=547.44..547.44 rows=1 width=20) (actual time=1.319..1.319 rows=0 loops=1)
   ->  Limit  (cost=546.19..546.44 rows=100 width=20) (actual time=1.306..1.316 rows=100 loops=1)
         ->  Sort  (cost=546.19..571.19 rows=10000 width=20) (actual time=1.306..1.310 rows=100 loops=1)
               Sort Key: s_4.a, s_4.b, s_4.c, s_4.d, s_4.e
               Sort Method: top-N heapsort  Memory: 32kB
               ->  Seq Scan on s_4  (cost=0.00..164.00 rows=10000 width=20) (actual time=0.004..0.523 rows=10000 loops=1)
 Planning time: 0.265 ms
 Execution time: 1.342 ms
(8 rows)

===== 89 [Wed Mar  7 01:59:31 CET 2018] scale:10000 groups:10 work_mem:64MB incremental:on max_workers:2 =====
SELECT * FROM s_1 ORDER BY a, b LIMIT 100
                                                                QUERY PLAN                                                                
------------------------------------------------------------------------------------------------------------------------------------------
 Limit  (cost=68.42..68.42 rows=1 width=20) (actual time=0.224..0.224 rows=0 loops=1)
   ->  Limit  (cost=65.67..67.42 rows=100 width=20) (actual time=0.211..0.220 rows=100 loops=1)
         ->  Incremental Sort  (cost=65.67..240.89 rows=10000 width=20) (actual time=0.210..0.214 rows=100 loops=1)
               Sort Key: s_1.a, s_1.b
               Presorted Key: s_1.a
               Sort Method: quicksort  Memory: 64kB
               Sort Groups: 1
               ->  Index Scan using s_1_a_idx on s_1  (cost=0.29..337.29 rows=10000 width=20) (actual time=0.009..0.074 rows=506 loops=1)
 Planning time: 0.260 ms
 Execution time: 0.250 ms
(10 rows)

===== 90 [Wed Mar  7 01:59:31 CET 2018] scale:10000 groups:10 work_mem:64MB incremental:on max_workers:2 =====
SELECT * FROM s_2 ORDER BY a, b, c LIMIT 100
                                                                 QUERY PLAN                                                                 
--------------------------------------------------------------------------------------------------------------------------------------------
 Limit  (cost=9.17..9.17 rows=1 width=20) (actual time=0.110..0.110 rows=0 loops=1)
   ->  Limit  (cost=6.39..8.17 rows=100 width=20) (actual time=0.082..0.106 rows=100 loops=1)
         ->  Incremental Sort  (cost=6.39..185.09 rows=10000 width=20) (actual time=0.082..0.100 rows=100 loops=1)
               Sort Key: s_2.a, s_2.b, s_2.c
               Presorted Key: s_2.a, s_2.b
               Sort Method: quicksort  Memory: 30kB
               Sort Groups: 2
               ->  Index Scan using s_2_a_b_idx on s_2  (cost=0.29..419.97 rows=10000 width=20) (actual time=0.012..0.024 rows=120 loops=1)
 Planning time: 0.270 ms
 Execution time: 0.133 ms
(10 rows)

===== 91 [Wed Mar  7 01:59:31 CET 2018] scale:10000 groups:10 work_mem:64MB incremental:on max_workers:2 =====
SELECT * FROM s_3 ORDER BY a, b, c, d LIMIT 100
                                                                  QUERY PLAN                                                                  
----------------------------------------------------------------------------------------------------------------------------------------------
 Limit  (cost=3.92..3.92 rows=1 width=20) (actual time=0.100..0.100 rows=0 loops=1)
   ->  Limit  (cost=0.91..2.92 rows=100 width=20) (actual time=0.061..0.097 rows=100 loops=1)
         ->  Incremental Sort  (cost=0.91..201.58 rows=10000 width=20) (actual time=0.061..0.087 rows=100 loops=1)
               Sort Key: s_3.a, s_3.b, s_3.c, s_3.d
               Presorted Key: s_3.a, s_3.b, s_3.c
               Sort Method: quicksort  Memory: 27kB
               Sort Groups: 3
               ->  Index Scan using s_3_a_b_c_idx on s_3  (cost=0.29..463.97 rows=10000 width=20) (actual time=0.009..0.019 rows=103 loops=1)
 Planning time: 0.274 ms
 Execution time: 0.124 ms
(10 rows)

===== 92 [Wed Mar  7 01:59:31 CET 2018] scale:10000 groups:10 work_mem:64MB incremental:on max_workers:2 =====
SELECT * FROM s_4 ORDER BY a, b, c, d, e LIMIT 100
                                                                   QUERY PLAN                                                                   
------------------------------------------------------------------------------------------------------------------------------------------------
 Limit  (cost=3.92..3.92 rows=1 width=20) (actual time=0.105..0.105 rows=0 loops=1)
   ->  Limit  (cost=0.91..2.92 rows=100 width=20) (actual time=0.061..0.101 rows=100 loops=1)
         ->  Incremental Sort  (cost=0.91..201.58 rows=10000 width=20) (actual time=0.060..0.095 rows=100 loops=1)
               Sort Key: s_4.a, s_4.b, s_4.c, s_4.d, s_4.e
               Presorted Key: s_4.a, s_4.b, s_4.c, s_4.d
               Sort Method: quicksort  Memory: 27kB
               Sort Groups: 4
               ->  Index Scan using s_4_a_b_c_d_idx on s_4  (cost=0.29..463.97 rows=10000 width=20) (actual time=0.005..0.019 rows=131 loops=1)
 Planning time: 0.275 ms
 Execution time: 0.127 ms
(10 rows)

===== 93 [Wed Mar  7 01:59:31 CET 2018] scale:10000 groups:10 work_mem:64MB incremental:off max_workers:2 =====
SELECT * FROM s_1 ORDER BY a, b LIMIT 100
                                                        QUERY PLAN                                                        
--------------------------------------------------------------------------------------------------------------------------
 Limit  (cost=547.44..547.44 rows=1 width=20) (actual time=1.329..1.329 rows=0 loops=1)
   ->  Limit  (cost=546.19..546.44 rows=100 width=20) (actual time=1.316..1.325 rows=100 loops=1)
         ->  Sort  (cost=546.19..571.19 rows=10000 width=20) (actual time=1.315..1.319 rows=100 loops=1)
               Sort Key: s_1.a, s_1.b
               Sort Method: top-N heapsort  Memory: 37kB
               ->  Seq Scan on s_1  (cost=0.00..164.00 rows=10000 width=20) (actual time=0.004..0.527 rows=10000 loops=1)
 Planning time: 0.258 ms
 Execution time: 1.351 ms
(8 rows)

===== 94 [Wed Mar  7 01:59:31 CET 2018] scale:10000 groups:10 work_mem:64MB incremental:off max_workers:2 =====
SELECT * FROM s_2 ORDER BY a, b, c LIMIT 100
                                                        QUERY PLAN                                                        
--------------------------------------------------------------------------------------------------------------------------
 Limit  (cost=547.44..547.44 rows=1 width=20) (actual time=1.314..1.314 rows=0 loops=1)
   ->  Limit  (cost=546.19..546.44 rows=100 width=20) (actual time=1.302..1.311 rows=100 loops=1)
         ->  Sort  (cost=546.19..571.19 rows=10000 width=20) (actual time=1.301..1.305 rows=100 loops=1)
               Sort Key: s_2.a, s_2.b, s_2.c
               Sort Method: top-N heapsort  Memory: 33kB
               ->  Seq Scan on s_2  (cost=0.00..164.00 rows=10000 width=20) (actual time=0.007..0.531 rows=10000 loops=1)
 Planning time: 0.258 ms
 Execution time: 1.337 ms
(8 rows)

===== 95 [Wed Mar  7 01:59:31 CET 2018] scale:10000 groups:10 work_mem:64MB incremental:off max_workers:2 =====
SELECT * FROM s_3 ORDER BY a, b, c, d LIMIT 100
                                                        QUERY PLAN                                                        
--------------------------------------------------------------------------------------------------------------------------
 Limit  (cost=547.44..547.44 rows=1 width=20) (actual time=1.405..1.405 rows=0 loops=1)
   ->  Limit  (cost=546.19..546.44 rows=100 width=20) (actual time=1.392..1.401 rows=100 loops=1)
         ->  Sort  (cost=546.19..571.19 rows=10000 width=20) (actual time=1.391..1.395 rows=100 loops=1)
               Sort Key: s_3.a, s_3.b, s_3.c, s_3.d
               Sort Method: top-N heapsort  Memory: 32kB
               ->  Seq Scan on s_3  (cost=0.00..164.00 rows=10000 width=20) (actual time=0.007..0.521 rows=10000 loops=1)
 Planning time: 0.264 ms
 Execution time: 1.427 ms
(8 rows)

===== 96 [Wed Mar  7 01:59:32 CET 2018] scale:10000 groups:10 work_mem:64MB incremental:off max_workers:2 =====
SELECT * FROM s_4 ORDER BY a, b, c, d, e LIMIT 100
                                                        QUERY PLAN                                                        
--------------------------------------------------------------------------------------------------------------------------
 Limit  (cost=547.44..547.44 rows=1 width=20) (actual time=1.321..1.321 rows=0 loops=1)
   ->  Limit  (cost=546.19..546.44 rows=100 width=20) (actual time=1.308..1.317 rows=100 loops=1)
         ->  Sort  (cost=546.19..571.19 rows=10000 width=20) (actual time=1.307..1.311 rows=100 loops=1)
               Sort Key: s_4.a, s_4.b, s_4.c, s_4.d, s_4.e
               Sort Method: top-N heapsort  Memory: 32kB
               ->  Seq Scan on s_4  (cost=0.00..164.00 rows=10000 width=20) (actual time=0.004..0.525 rows=10000 loops=1)
 Planning time: 0.253 ms
 Execution time: 1.343 ms
(8 rows)

===== 97 [Wed Mar  7 01:59:32 CET 2018] scale:10000 groups:10 work_mem:128MB incremental:on max_workers:2 =====
SELECT * FROM s_1 ORDER BY a, b LIMIT 100
                                                                QUERY PLAN                                                                
------------------------------------------------------------------------------------------------------------------------------------------
 Limit  (cost=68.42..68.42 rows=1 width=20) (actual time=0.227..0.227 rows=0 loops=1)
   ->  Limit  (cost=65.67..67.42 rows=100 width=20) (actual time=0.213..0.223 rows=100 loops=1)
         ->  Incremental Sort  (cost=65.67..240.89 rows=10000 width=20) (actual time=0.213..0.217 rows=100 loops=1)
               Sort Key: s_1.a, s_1.b
               Presorted Key: s_1.a
               Sort Method: quicksort  Memory: 64kB
               Sort Groups: 1
               ->  Index Scan using s_1_a_idx on s_1  (cost=0.29..337.29 rows=10000 width=20) (actual time=0.009..0.074 rows=506 loops=1)
 Planning time: 0.263 ms
 Execution time: 0.252 ms
(10 rows)

===== 98 [Wed Mar  7 01:59:32 CET 2018] scale:10000 groups:10 work_mem:128MB incremental:on max_workers:2 =====
SELECT * FROM s_2 ORDER BY a, b, c LIMIT 100
                                                                 QUERY PLAN                                                                 
--------------------------------------------------------------------------------------------------------------------------------------------
 Limit  (cost=9.17..9.17 rows=1 width=20) (actual time=0.109..0.109 rows=0 loops=1)
   ->  Limit  (cost=6.39..8.17 rows=100 width=20) (actual time=0.081..0.106 rows=100 loops=1)
         ->  Incremental Sort  (cost=6.39..185.09 rows=10000 width=20) (actual time=0.081..0.100 rows=100 loops=1)
               Sort Key: s_2.a, s_2.b, s_2.c
               Presorted Key: s_2.a, s_2.b
               Sort Method: quicksort  Memory: 30kB
               Sort Groups: 2
               ->  Index Scan using s_2_a_b_idx on s_2  (cost=0.29..419.97 rows=10000 width=20) (actual time=0.011..0.024 rows=120 loops=1)
 Planning time: 0.278 ms
 Execution time: 0.133 ms
(10 rows)

===== 99 [Wed Mar  7 01:59:32 CET 2018] scale:10000 groups:10 work_mem:128MB incremental:on max_workers:2 =====
SELECT * FROM s_3 ORDER BY a, b, c, d LIMIT 100
                                                                  QUERY PLAN                                                                  
----------------------------------------------------------------------------------------------------------------------------------------------
 Limit  (cost=3.92..3.92 rows=1 width=20) (actual time=0.096..0.096 rows=0 loops=1)
   ->  Limit  (cost=0.91..2.92 rows=100 width=20) (actual time=0.061..0.093 rows=100 loops=1)
         ->  Incremental Sort  (cost=0.91..201.58 rows=10000 width=20) (actual time=0.061..0.087 rows=100 loops=1)
               Sort Key: s_3.a, s_3.b, s_3.c, s_3.d
               Presorted Key: s_3.a, s_3.b, s_3.c
               Sort Method: quicksort  Memory: 27kB
               Sort Groups: 3
               ->  Index Scan using s_3_a_b_c_idx on s_3  (cost=0.29..463.97 rows=10000 width=20) (actual time=0.009..0.019 rows=103 loops=1)
 Planning time: 0.272 ms
 Execution time: 0.119 ms
(10 rows)

===== 100 [Wed Mar  7 01:59:32 CET 2018] scale:10000 groups:10 work_mem:128MB incremental:on max_workers:2 =====
SELECT * FROM s_4 ORDER BY a, b, c, d, e LIMIT 100
                                                                   QUERY PLAN                                                                   
------------------------------------------------------------------------------------------------------------------------------------------------
 Limit  (cost=3.92..3.92 rows=1 width=20) (actual time=0.110..0.110 rows=0 loops=1)
   ->  Limit  (cost=0.91..2.92 rows=100 width=20) (actual time=0.059..0.107 rows=100 loops=1)
         ->  Incremental Sort  (cost=0.91..201.58 rows=10000 width=20) (actual time=0.059..0.101 rows=100 loops=1)
               Sort Key: s_4.a, s_4.b, s_4.c, s_4.d, s_4.e
               Presorted Key: s_4.a, s_4.b, s_4.c, s_4.d
               Sort Method: quicksort  Memory: 27kB
               Sort Groups: 4
               ->  Index Scan using s_4_a_b_c_d_idx on s_4  (cost=0.29..463.97 rows=10000 width=20) (actual time=0.005..0.026 rows=131 loops=1)
 Planning time: 0.273 ms
 Execution time: 0.133 ms
(10 rows)

===== 101 [Wed Mar  7 01:59:32 CET 2018] scale:10000 groups:10 work_mem:128MB incremental:off max_workers:2 =====
SELECT * FROM s_1 ORDER BY a, b LIMIT 100
                                                        QUERY PLAN                                                        
--------------------------------------------------------------------------------------------------------------------------
 Limit  (cost=547.44..547.44 rows=1 width=20) (actual time=1.322..1.322 rows=0 loops=1)
   ->  Limit  (cost=546.19..546.44 rows=100 width=20) (actual time=1.309..1.318 rows=100 loops=1)
         ->  Sort  (cost=546.19..571.19 rows=10000 width=20) (actual time=1.308..1.312 rows=100 loops=1)
               Sort Key: s_1.a, s_1.b
               Sort Method: top-N heapsort  Memory: 37kB
               ->  Seq Scan on s_1  (cost=0.00..164.00 rows=10000 width=20) (actual time=0.004..0.530 rows=10000 loops=1)
 Planning time: 0.256 ms
 Execution time: 1.344 ms
(8 rows)

===== 102 [Wed Mar  7 01:59:32 CET 2018] scale:10000 groups:10 work_mem:128MB incremental:off max_workers:2 =====
SELECT * FROM s_2 ORDER BY a, b, c LIMIT 100
                                                        QUERY PLAN                                                        
--------------------------------------------------------------------------------------------------------------------------
 Limit  (cost=547.44..547.44 rows=1 width=20) (actual time=1.323..1.323 rows=0 loops=1)
   ->  Limit  (cost=546.19..546.44 rows=100 width=20) (actual time=1.310..1.320 rows=100 loops=1)
         ->  Sort  (cost=546.19..571.19 rows=10000 width=20) (actual time=1.310..1.314 rows=100 loops=1)
               Sort Key: s_2.a, s_2.b, s_2.c
               Sort Method: top-N heapsort  Memory: 33kB
               ->  Seq Scan on s_2  (cost=0.00..164.00 rows=10000 width=20) (actual time=0.007..0.528 rows=10000 loops=1)
 Planning time: 0.260 ms
 Execution time: 1.346 ms
(8 rows)

===== 103 [Wed Mar  7 01:59:32 CET 2018] scale:10000 groups:10 work_mem:128MB incremental:off max_workers:2 =====
SELECT * FROM s_3 ORDER BY a, b, c, d LIMIT 100
                                                        QUERY PLAN                                                        
--------------------------------------------------------------------------------------------------------------------------
 Limit  (cost=547.44..547.44 rows=1 width=20) (actual time=1.394..1.394 rows=0 loops=1)
   ->  Limit  (cost=546.19..546.44 rows=100 width=20) (actual time=1.381..1.390 rows=100 loops=1)
         ->  Sort  (cost=546.19..571.19 rows=10000 width=20) (actual time=1.380..1.384 rows=100 loops=1)
               Sort Key: s_3.a, s_3.b, s_3.c, s_3.d
               Sort Method: top-N heapsort  Memory: 32kB
               ->  Seq Scan on s_3  (cost=0.00..164.00 rows=10000 width=20) (actual time=0.007..0.522 rows=10000 loops=1)
 Planning time: 0.260 ms
 Execution time: 1.416 ms
(8 rows)

===== 104 [Wed Mar  7 01:59:32 CET 2018] scale:10000 groups:10 work_mem:128MB incremental:off max_workers:2 =====
SELECT * FROM s_4 ORDER BY a, b, c, d, e LIMIT 100
                                                        QUERY PLAN                                                        
--------------------------------------------------------------------------------------------------------------------------
 Limit  (cost=547.44..547.44 rows=1 width=20) (actual time=1.326..1.326 rows=0 loops=1)
   ->  Limit  (cost=546.19..546.44 rows=100 width=20) (actual time=1.313..1.323 rows=100 loops=1)
         ->  Sort  (cost=546.19..571.19 rows=10000 width=20) (actual time=1.313..1.317 rows=100 loops=1)
               Sort Key: s_4.a, s_4.b, s_4.c, s_4.d, s_4.e
               Sort Method: top-N heapsort  Memory: 32kB
               ->  Seq Scan on s_4  (cost=0.00..164.00 rows=10000 width=20) (actual time=0.004..0.531 rows=10000 loops=1)
 Planning time: 0.259 ms
 Execution time: 1.349 ms
(8 rows)

===== 105 [Wed Mar  7 01:59:32 CET 2018] scale:10000 groups:10 work_mem:256MB incremental:on max_workers:2 =====
SELECT * FROM s_1 ORDER BY a, b LIMIT 100
                                                                QUERY PLAN                                                                
------------------------------------------------------------------------------------------------------------------------------------------
 Limit  (cost=68.42..68.42 rows=1 width=20) (actual time=0.225..0.225 rows=0 loops=1)
   ->  Limit  (cost=65.67..67.42 rows=100 width=20) (actual time=0.212..0.222 rows=100 loops=1)
         ->  Incremental Sort  (cost=65.67..240.89 rows=10000 width=20) (actual time=0.212..0.216 rows=100 loops=1)
               Sort Key: s_1.a, s_1.b
               Presorted Key: s_1.a
               Sort Method: quicksort  Memory: 64kB
               Sort Groups: 1
               ->  Index Scan using s_1_a_idx on s_1  (cost=0.29..337.29 rows=10000 width=20) (actual time=0.010..0.074 rows=506 loops=1)
 Planning time: 0.261 ms
 Execution time: 0.251 ms
(10 rows)

===== 106 [Wed Mar  7 01:59:32 CET 2018] scale:10000 groups:10 work_mem:256MB incremental:on max_workers:2 =====
SELECT * FROM s_2 ORDER BY a, b, c LIMIT 100
                                                                 QUERY PLAN                                                                 
--------------------------------------------------------------------------------------------------------------------------------------------
 Limit  (cost=9.17..9.17 rows=1 width=20) (actual time=0.114..0.114 rows=0 loops=1)
   ->  Limit  (cost=6.39..8.17 rows=100 width=20) (actual time=0.085..0.110 rows=100 loops=1)
         ->  Incremental Sort  (cost=6.39..185.09 rows=10000 width=20) (actual time=0.085..0.104 rows=100 loops=1)
               Sort Key: s_2.a, s_2.b, s_2.c
               Presorted Key: s_2.a, s_2.b
               Sort Method: quicksort  Memory: 30kB
               Sort Groups: 2
               ->  Index Scan using s_2_a_b_idx on s_2  (cost=0.29..419.97 rows=10000 width=20) (actual time=0.012..0.029 rows=120 loops=1)
 Planning time: 0.271 ms
 Execution time: 0.137 ms
(10 rows)

===== 107 [Wed Mar  7 01:59:32 CET 2018] scale:10000 groups:10 work_mem:256MB incremental:on max_workers:2 =====
SELECT * FROM s_3 ORDER BY a, b, c, d LIMIT 100
                                                                  QUERY PLAN                                                                  
----------------------------------------------------------------------------------------------------------------------------------------------
 Limit  (cost=3.92..3.92 rows=1 width=20) (actual time=0.096..0.096 rows=0 loops=1)
   ->  Limit  (cost=0.91..2.92 rows=100 width=20) (actual time=0.061..0.092 rows=100 loops=1)
         ->  Incremental Sort  (cost=0.91..201.58 rows=10000 width=20) (actual time=0.061..0.086 rows=100 loops=1)
               Sort Key: s_3.a, s_3.b, s_3.c, s_3.d
               Presorted Key: s_3.a, s_3.b, s_3.c
               Sort Method: quicksort  Memory: 27kB
               Sort Groups: 3
               ->  Index Scan using s_3_a_b_c_idx on s_3  (cost=0.29..463.97 rows=10000 width=20) (actual time=0.008..0.019 rows=103 loops=1)
 Planning time: 0.282 ms
 Execution time: 0.118 ms
(10 rows)

===== 108 [Wed Mar  7 01:59:32 CET 2018] scale:10000 groups:10 work_mem:256MB incremental:on max_workers:2 =====
SELECT * FROM s_4 ORDER BY a, b, c, d, e LIMIT 100
                                                                   QUERY PLAN                                                                   
------------------------------------------------------------------------------------------------------------------------------------------------
 Limit  (cost=3.92..3.92 rows=1 width=20) (actual time=0.103..0.103 rows=0 loops=1)
   ->  Limit  (cost=0.91..2.92 rows=100 width=20) (actual time=0.060..0.100 rows=100 loops=1)
         ->  Incremental Sort  (cost=0.91..201.58 rows=10000 width=20) (actual time=0.060..0.094 rows=100 loops=1)
               Sort Key: s_4.a, s_4.b, s_4.c, s_4.d, s_4.e
               Presorted Key: s_4.a, s_4.b, s_4.c, s_4.d
               Sort Method: quicksort  Memory: 27kB
               Sort Groups: 4
               ->  Index Scan using s_4_a_b_c_d_idx on s_4  (cost=0.29..463.97 rows=10000 width=20) (actual time=0.005..0.019 rows=131 loops=1)
 Planning time: 0.267 ms
 Execution time: 0.126 ms
(10 rows)

===== 109 [Wed Mar  7 01:59:33 CET 2018] scale:10000 groups:10 work_mem:256MB incremental:off max_workers:2 =====
SELECT * FROM s_1 ORDER BY a, b LIMIT 100
                                                        QUERY PLAN                                                        
--------------------------------------------------------------------------------------------------------------------------
 Limit  (cost=547.44..547.44 rows=1 width=20) (actual time=1.323..1.323 rows=0 loops=1)
   ->  Limit  (cost=546.19..546.44 rows=100 width=20) (actual time=1.310..1.319 rows=100 loops=1)
         ->  Sort  (cost=546.19..571.19 rows=10000 width=20) (actual time=1.309..1.313 rows=100 loops=1)
               Sort Key: s_1.a, s_1.b
               Sort Method: top-N heapsort  Memory: 37kB
               ->  Seq Scan on s_1  (cost=0.00..164.00 rows=10000 width=20) (actual time=0.004..0.527 rows=10000 loops=1)
 Planning time: 0.261 ms
 Execution time: 1.346 ms
(8 rows)

===== 110 [Wed Mar  7 01:59:33 CET 2018] scale:10000 groups:10 work_mem:256MB incremental:off max_workers:2 =====
SELECT * FROM s_2 ORDER BY a, b, c LIMIT 100
                                                        QUERY PLAN                                                        
--------------------------------------------------------------------------------------------------------------------------
 Limit  (cost=547.44..547.44 rows=1 width=20) (actual time=1.317..1.317 rows=0 loops=1)
   ->  Limit  (cost=546.19..546.44 rows=100 width=20) (actual time=1.304..1.313 rows=100 loops=1)
         ->  Sort  (cost=546.19..571.19 rows=10000 width=20) (actual time=1.304..1.308 rows=100 loops=1)
               Sort Key: s_2.a, s_2.b, s_2.c
               Sort Method: top-N heapsort  Memory: 33kB
               ->  Seq Scan on s_2  (cost=0.00..164.00 rows=10000 width=20) (actual time=0.007..0.531 rows=10000 loops=1)
 Planning time: 0.258 ms
 Execution time: 1.340 ms
(8 rows)

===== 111 [Wed Mar  7 01:59:33 CET 2018] scale:10000 groups:10 work_mem:256MB incremental:off max_workers:2 =====
SELECT * FROM s_3 ORDER BY a, b, c, d LIMIT 100
                                                        QUERY PLAN                                                        
--------------------------------------------------------------------------------------------------------------------------
 Limit  (cost=547.44..547.44 rows=1 width=20) (actual time=1.400..1.400 rows=0 loops=1)
   ->  Limit  (cost=546.19..546.44 rows=100 width=20) (actual time=1.387..1.397 rows=100 loops=1)
         ->  Sort  (cost=546.19..571.19 rows=10000 width=20) (actual time=1.387..1.391 rows=100 loops=1)
               Sort Key: s_3.a, s_3.b, s_3.c, s_3.d
               Sort Method: top-N heapsort  Memory: 32kB
               ->  Seq Scan on s_3  (cost=0.00..164.00 rows=10000 width=20) (actual time=0.007..0.519 rows=10000 loops=1)
 Planning time: 0.259 ms
 Execution time: 1.425 ms
(8 rows)

===== 112 [Wed Mar  7 01:59:33 CET 2018] scale:10000 groups:10 work_mem:256MB incremental:off max_workers:2 =====
SELECT * FROM s_4 ORDER BY a, b, c, d, e LIMIT 100
                                                        QUERY PLAN                                                        
--------------------------------------------------------------------------------------------------------------------------
 Limit  (cost=547.44..547.44 rows=1 width=20) (actual time=1.323..1.323 rows=0 loops=1)
   ->  Limit  (cost=546.19..546.44 rows=100 width=20) (actual time=1.310..1.319 rows=100 loops=1)
         ->  Sort  (cost=546.19..571.19 rows=10000 width=20) (actual time=1.309..1.313 rows=100 loops=1)
               Sort Key: s_4.a, s_4.b, s_4.c, s_4.d, s_4.e
               Sort Method: top-N heapsort  Memory: 32kB
               ->  Seq Scan on s_4  (cost=0.00..164.00 rows=10000 width=20) (actual time=0.004..0.523 rows=10000 loops=1)
 Planning time: 0.267 ms
 Execution time: 1.345 ms
(8 rows)

===== 113 [Wed Mar  7 01:59:34 CET 2018] scale:10000 groups:100 work_mem:4MB incremental:on max_workers:0 =====
SELECT * FROM s_1 ORDER BY a, b LIMIT 100
                                                                QUERY PLAN                                                                
------------------------------------------------------------------------------------------------------------------------------------------
 Limit  (cost=9.67..9.67 rows=1 width=20) (actual time=0.120..0.120 rows=0 loops=1)
   ->  Limit  (cost=6.90..8.67 rows=100 width=20) (actual time=0.076..0.116 rows=100 loops=1)
         ->  Incremental Sort  (cost=6.90..183.99 rows=10000 width=20) (actual time=0.076..0.110 rows=100 loops=1)
               Sort Key: s_1.a, s_1.b
               Presorted Key: s_1.a
               Sort Method: quicksort  Memory: 32kB
               Sort Groups: 2
               ->  Index Scan using s_1_a_idx on s_1  (cost=0.29..337.29 rows=10000 width=20) (actual time=0.019..0.036 rows=156 loops=1)
 Planning time: 0.264 ms
 Execution time: 0.146 ms
(10 rows)

===== 114 [Wed Mar  7 01:59:34 CET 2018] scale:10000 groups:100 work_mem:4MB incremental:on max_workers:0 =====
SELECT * FROM s_2 ORDER BY a, b, c LIMIT 100
                                                                 QUERY PLAN                                                                 
--------------------------------------------------------------------------------------------------------------------------------------------
 Limit  (cost=3.87..3.87 rows=1 width=20) (actual time=0.114..0.114 rows=0 loops=1)
   ->  Limit  (cost=0.87..2.87 rows=100 width=20) (actual time=0.075..0.110 rows=100 loops=1)
         ->  Incremental Sort  (cost=0.87..201.14 rows=10000 width=20) (actual time=0.075..0.104 rows=100 loops=1)
               Sort Key: s_2.a, s_2.b, s_2.c
               Presorted Key: s_2.a, s_2.b
               Sort Method: quicksort  Memory: 27kB
               Sort Groups: 4
               ->  Index Scan using s_2_a_b_idx on s_2  (cost=0.29..419.97 rows=10000 width=20) (actual time=0.025..0.038 rows=130 loops=1)
 Planning time: 0.270 ms
 Execution time: 0.137 ms
(10 rows)

===== 115 [Wed Mar  7 01:59:34 CET 2018] scale:10000 groups:100 work_mem:4MB incremental:on max_workers:0 =====
SELECT * FROM s_3 ORDER BY a, b, c, d LIMIT 100
                                                                  QUERY PLAN                                                                  
----------------------------------------------------------------------------------------------------------------------------------------------
 Limit  (cost=3.92..3.92 rows=1 width=20) (actual time=0.103..0.103 rows=0 loops=1)
   ->  Limit  (cost=0.91..2.92 rows=100 width=20) (actual time=0.070..0.100 rows=100 loops=1)
         ->  Incremental Sort  (cost=0.91..201.58 rows=10000 width=20) (actual time=0.070..0.094 rows=100 loops=1)
               Sort Key: s_3.a, s_3.b, s_3.c, s_3.d
               Presorted Key: s_3.a, s_3.b, s_3.c
               Sort Method: quicksort  Memory: 27kB
               Sort Groups: 4
               ->  Index Scan using s_3_a_b_c_idx on s_3  (cost=0.29..463.97 rows=10000 width=20) (actual time=0.022..0.035 rows=129 loops=1)
 Planning time: 0.276 ms
 Execution time: 0.126 ms
(10 rows)

===== 116 [Wed Mar  7 01:59:34 CET 2018] scale:10000 groups:100 work_mem:4MB incremental:on max_workers:0 =====
SELECT * FROM s_4 ORDER BY a, b, c, d, e LIMIT 100
                                                                   QUERY PLAN                                                                   
------------------------------------------------------------------------------------------------------------------------------------------------
 Limit  (cost=3.92..3.92 rows=1 width=20) (actual time=0.097..0.097 rows=0 loops=1)
   ->  Limit  (cost=0.91..2.92 rows=100 width=20) (actual time=0.065..0.094 rows=100 loops=1)
         ->  Incremental Sort  (cost=0.91..201.58 rows=10000 width=20) (actual time=0.064..0.088 rows=100 loops=1)
               Sort Key: s_4.a, s_4.b, s_4.c, s_4.d, s_4.e
               Presorted Key: s_4.a, s_4.b, s_4.c, s_4.d
               Sort Method: quicksort  Memory: 27kB
               Sort Groups: 4
               ->  Index Scan using s_4_a_b_c_d_idx on s_4  (cost=0.29..463.97 rows=10000 width=20) (actual time=0.018..0.031 rows=129 loops=1)
 Planning time: 0.273 ms
 Execution time: 0.121 ms
(10 rows)

===== 117 [Wed Mar  7 01:59:34 CET 2018] scale:10000 groups:100 work_mem:4MB incremental:off max_workers:0 =====
SELECT * FROM s_1 ORDER BY a, b LIMIT 100
                                                        QUERY PLAN                                                        
--------------------------------------------------------------------------------------------------------------------------
 Limit  (cost=547.44..547.44 rows=1 width=20) (actual time=1.292..1.292 rows=0 loops=1)
   ->  Limit  (cost=546.19..546.44 rows=100 width=20) (actual time=1.279..1.289 rows=100 loops=1)
         ->  Sort  (cost=546.19..571.19 rows=10000 width=20) (actual time=1.279..1.283 rows=100 loops=1)
               Sort Key: s_1.a, s_1.b
               Sort Method: top-N heapsort  Memory: 35kB
               ->  Seq Scan on s_1  (cost=0.00..164.00 rows=10000 width=20) (actual time=0.004..0.521 rows=10000 loops=1)
 Planning time: 0.251 ms
 Execution time: 1.315 ms
(8 rows)

===== 118 [Wed Mar  7 01:59:34 CET 2018] scale:10000 groups:100 work_mem:4MB incremental:off max_workers:0 =====
SELECT * FROM s_2 ORDER BY a, b, c LIMIT 100
                                                        QUERY PLAN                                                        
--------------------------------------------------------------------------------------------------------------------------
 Limit  (cost=547.44..547.44 rows=1 width=20) (actual time=1.296..1.296 rows=0 loops=1)
   ->  Limit  (cost=546.19..546.44 rows=100 width=20) (actual time=1.283..1.292 rows=100 loops=1)
         ->  Sort  (cost=546.19..571.19 rows=10000 width=20) (actual time=1.283..1.287 rows=100 loops=1)
               Sort Key: s_2.a, s_2.b, s_2.c
               Sort Method: top-N heapsort  Memory: 32kB
               ->  Seq Scan on s_2  (cost=0.00..164.00 rows=10000 width=20) (actual time=0.007..0.521 rows=10000 loops=1)
 Planning time: 0.256 ms
 Execution time: 1.318 ms
(8 rows)

===== 119 [Wed Mar  7 01:59:34 CET 2018] scale:10000 groups:100 work_mem:4MB incremental:off max_workers:0 =====
SELECT * FROM s_3 ORDER BY a, b, c, d LIMIT 100
                                                        QUERY PLAN                                                        
--------------------------------------------------------------------------------------------------------------------------
 Limit  (cost=547.44..547.44 rows=1 width=20) (actual time=1.372..1.372 rows=0 loops=1)
   ->  Limit  (cost=546.19..546.44 rows=100 width=20) (actual time=1.359..1.368 rows=100 loops=1)
         ->  Sort  (cost=546.19..571.19 rows=10000 width=20) (actual time=1.359..1.363 rows=100 loops=1)
               Sort Key: s_3.a, s_3.b, s_3.c, s_3.d
               Sort Method: top-N heapsort  Memory: 32kB
               ->  Seq Scan on s_3  (cost=0.00..164.00 rows=10000 width=20) (actual time=0.007..0.514 rows=10000 loops=1)
 Planning time: 0.258 ms
 Execution time: 1.395 ms
(8 rows)

===== 120 [Wed Mar  7 01:59:34 CET 2018] scale:10000 groups:100 work_mem:4MB incremental:off max_workers:0 =====
SELECT * FROM s_4 ORDER BY a, b, c, d, e LIMIT 100
                                                        QUERY PLAN                                                        
--------------------------------------------------------------------------------------------------------------------------
 Limit  (cost=547.44..547.44 rows=1 width=20) (actual time=1.303..1.303 rows=0 loops=1)
   ->  Limit  (cost=546.19..546.44 rows=100 width=20) (actual time=1.290..1.300 rows=100 loops=1)
         ->  Sort  (cost=546.19..571.19 rows=10000 width=20) (actual time=1.290..1.294 rows=100 loops=1)
               Sort Key: s_4.a, s_4.b, s_4.c, s_4.d, s_4.e
               Sort Method: top-N heapsort  Memory: 32kB
               ->  Seq Scan on s_4  (cost=0.00..164.00 rows=10000 width=20) (actual time=0.004..0.518 rows=10000 loops=1)
 Planning time: 0.256 ms
 Execution time: 1.326 ms
(8 rows)

===== 121 [Wed Mar  7 01:59:34 CET 2018] scale:10000 groups:100 work_mem:8MB incremental:on max_workers:0 =====
SELECT * FROM s_1 ORDER BY a, b LIMIT 100
                                                                QUERY PLAN                                                                
------------------------------------------------------------------------------------------------------------------------------------------
 Limit  (cost=9.67..9.67 rows=1 width=20) (actual time=0.107..0.107 rows=0 loops=1)
   ->  Limit  (cost=6.90..8.67 rows=100 width=20) (actual time=0.062..0.103 rows=100 loops=1)
         ->  Incremental Sort  (cost=6.90..183.99 rows=10000 width=20) (actual time=0.062..0.097 rows=100 loops=1)
               Sort Key: s_1.a, s_1.b
               Presorted Key: s_1.a
               Sort Method: quicksort  Memory: 32kB
               Sort Groups: 2
               ->  Index Scan using s_1_a_idx on s_1  (cost=0.29..337.29 rows=10000 width=20) (actual time=0.006..0.023 rows=156 loops=1)
 Planning time: 0.260 ms
 Execution time: 0.131 ms
(10 rows)

===== 122 [Wed Mar  7 01:59:34 CET 2018] scale:10000 groups:100 work_mem:8MB incremental:on max_workers:0 =====
SELECT * FROM s_2 ORDER BY a, b, c LIMIT 100
                                                                 QUERY PLAN                                                                 
--------------------------------------------------------------------------------------------------------------------------------------------
 Limit  (cost=3.87..3.87 rows=1 width=20) (actual time=0.093..0.093 rows=0 loops=1)
   ->  Limit  (cost=0.87..2.87 rows=100 width=20) (actual time=0.054..0.090 rows=100 loops=1)
         ->  Incremental Sort  (cost=0.87..201.14 rows=10000 width=20) (actual time=0.054..0.084 rows=100 loops=1)
               Sort Key: s_2.a, s_2.b, s_2.c
               Presorted Key: s_2.a, s_2.b
               Sort Method: quicksort  Memory: 27kB
               Sort Groups: 4
               ->  Index Scan using s_2_a_b_idx on s_2  (cost=0.29..419.97 rows=10000 width=20) (actual time=0.012..0.025 rows=130 loops=1)
 Planning time: 0.269 ms
 Execution time: 0.116 ms
(10 rows)

===== 123 [Wed Mar  7 01:59:34 CET 2018] scale:10000 groups:100 work_mem:8MB incremental:on max_workers:0 =====
SELECT * FROM s_3 ORDER BY a, b, c, d LIMIT 100
                                                                  QUERY PLAN                                                                  
----------------------------------------------------------------------------------------------------------------------------------------------
 Limit  (cost=3.92..3.92 rows=1 width=20) (actual time=0.092..0.092 rows=0 loops=1)
   ->  Limit  (cost=0.91..2.92 rows=100 width=20) (actual time=0.059..0.088 rows=100 loops=1)
         ->  Incremental Sort  (cost=0.91..201.58 rows=10000 width=20) (actual time=0.059..0.082 rows=100 loops=1)
               Sort Key: s_3.a, s_3.b, s_3.c, s_3.d
               Presorted Key: s_3.a, s_3.b, s_3.c
               Sort Method: quicksort  Memory: 27kB
               Sort Groups: 4
               ->  Index Scan using s_3_a_b_c_idx on s_3  (cost=0.29..463.97 rows=10000 width=20) (actual time=0.009..0.023 rows=129 loops=1)
 Planning time: 0.277 ms
 Execution time: 0.115 ms
(10 rows)

===== 124 [Wed Mar  7 01:59:34 CET 2018] scale:10000 groups:100 work_mem:8MB incremental:on max_workers:0 =====
SELECT * FROM s_4 ORDER BY a, b, c, d, e LIMIT 100
                                                                   QUERY PLAN                                                                   
------------------------------------------------------------------------------------------------------------------------------------------------
 Limit  (cost=3.92..3.92 rows=1 width=20) (actual time=0.084..0.084 rows=0 loops=1)
   ->  Limit  (cost=0.91..2.92 rows=100 width=20) (actual time=0.051..0.080 rows=100 loops=1)
         ->  Incremental Sort  (cost=0.91..201.58 rows=10000 width=20) (actual time=0.050..0.074 rows=100 loops=1)
               Sort Key: s_4.a, s_4.b, s_4.c, s_4.d, s_4.e
               Presorted Key: s_4.a, s_4.b, s_4.c, s_4.d
               Sort Method: quicksort  Memory: 27kB
               Sort Groups: 4
               ->  Index Scan using s_4_a_b_c_d_idx on s_4  (cost=0.29..463.97 rows=10000 width=20) (actual time=0.005..0.018 rows=129 loops=1)
 Planning time: 0.268 ms
 Execution time: 0.107 ms
(10 rows)

===== 125 [Wed Mar  7 01:59:34 CET 2018] scale:10000 groups:100 work_mem:8MB incremental:off max_workers:0 =====
SELECT * FROM s_1 ORDER BY a, b LIMIT 100
                                                        QUERY PLAN                                                        
--------------------------------------------------------------------------------------------------------------------------
 Limit  (cost=547.44..547.44 rows=1 width=20) (actual time=1.292..1.292 rows=0 loops=1)
   ->  Limit  (cost=546.19..546.44 rows=100 width=20) (actual time=1.279..1.289 rows=100 loops=1)
         ->  Sort  (cost=546.19..571.19 rows=10000 width=20) (actual time=1.279..1.283 rows=100 loops=1)
               Sort Key: s_1.a, s_1.b
               Sort Method: top-N heapsort  Memory: 35kB
               ->  Seq Scan on s_1  (cost=0.00..164.00 rows=10000 width=20) (actual time=0.004..0.527 rows=10000 loops=1)
 Planning time: 0.248 ms
 Execution time: 1.316 ms
(8 rows)

===== 126 [Wed Mar  7 01:59:34 CET 2018] scale:10000 groups:100 work_mem:8MB incremental:off max_workers:0 =====
SELECT * FROM s_2 ORDER BY a, b, c LIMIT 100
                                                        QUERY PLAN                                                        
--------------------------------------------------------------------------------------------------------------------------
 Limit  (cost=547.44..547.44 rows=1 width=20) (actual time=1.298..1.298 rows=0 loops=1)
   ->  Limit  (cost=546.19..546.44 rows=100 width=20) (actual time=1.285..1.295 rows=100 loops=1)
         ->  Sort  (cost=546.19..571.19 rows=10000 width=20) (actual time=1.285..1.289 rows=100 loops=1)
               Sort Key: s_2.a, s_2.b, s_2.c
               Sort Method: top-N heapsort  Memory: 32kB
               ->  Seq Scan on s_2  (cost=0.00..164.00 rows=10000 width=20) (actual time=0.007..0.524 rows=10000 loops=1)
 Planning time: 0.260 ms
 Execution time: 1.321 ms
(8 rows)

===== 127 [Wed Mar  7 01:59:35 CET 2018] scale:10000 groups:100 work_mem:8MB incremental:off max_workers:0 =====
SELECT * FROM s_3 ORDER BY a, b, c, d LIMIT 100
                                                        QUERY PLAN                                                        
--------------------------------------------------------------------------------------------------------------------------
 Limit  (cost=547.44..547.44 rows=1 width=20) (actual time=1.383..1.383 rows=0 loops=1)
   ->  Limit  (cost=546.19..546.44 rows=100 width=20) (actual time=1.370..1.379 rows=100 loops=1)
         ->  Sort  (cost=546.19..571.19 rows=10000 width=20) (actual time=1.370..1.373 rows=100 loops=1)
               Sort Key: s_3.a, s_3.b, s_3.c, s_3.d
               Sort Method: top-N heapsort  Memory: 32kB
               ->  Seq Scan on s_3  (cost=0.00..164.00 rows=10000 width=20) (actual time=0.007..0.515 rows=10000 loops=1)
 Planning time: 0.259 ms
 Execution time: 1.405 ms
(8 rows)

===== 128 [Wed Mar  7 01:59:35 CET 2018] scale:10000 groups:100 work_mem:8MB incremental:off max_workers:0 =====
SELECT * FROM s_4 ORDER BY a, b, c, d, e LIMIT 100
                                                        QUERY PLAN                                                        
--------------------------------------------------------------------------------------------------------------------------
 Limit  (cost=547.44..547.44 rows=1 width=20) (actual time=1.296..1.296 rows=0 loops=1)
   ->  Limit  (cost=546.19..546.44 rows=100 width=20) (actual time=1.283..1.292 rows=100 loops=1)
         ->  Sort  (cost=546.19..571.19 rows=10000 width=20) (actual time=1.282..1.286 rows=100 loops=1)
               Sort Key: s_4.a, s_4.b, s_4.c, s_4.d, s_4.e
               Sort Method: top-N heapsort  Memory: 32kB
               ->  Seq Scan on s_4  (cost=0.00..164.00 rows=10000 width=20) (actual time=0.004..0.522 rows=10000 loops=1)
 Planning time: 0.256 ms
 Execution time: 1.318 ms
(8 rows)

===== 129 [Wed Mar  7 01:59:35 CET 2018] scale:10000 groups:100 work_mem:16MB incremental:on max_workers:0 =====
SELECT * FROM s_1 ORDER BY a, b LIMIT 100
                                                                QUERY PLAN                                                                
------------------------------------------------------------------------------------------------------------------------------------------
 Limit  (cost=9.67..9.67 rows=1 width=20) (actual time=0.105..0.105 rows=0 loops=1)
   ->  Limit  (cost=6.90..8.67 rows=100 width=20) (actual time=0.060..0.102 rows=100 loops=1)
         ->  Incremental Sort  (cost=6.90..183.99 rows=10000 width=20) (actual time=0.060..0.096 rows=100 loops=1)
               Sort Key: s_1.a, s_1.b
               Presorted Key: s_1.a
               Sort Method: quicksort  Memory: 32kB
               Sort Groups: 2
               ->  Index Scan using s_1_a_idx on s_1  (cost=0.29..337.29 rows=10000 width=20) (actual time=0.006..0.022 rows=156 loops=1)
 Planning time: 0.263 ms
 Execution time: 0.130 ms
(10 rows)

===== 130 [Wed Mar  7 01:59:35 CET 2018] scale:10000 groups:100 work_mem:16MB incremental:on max_workers:0 =====
SELECT * FROM s_2 ORDER BY a, b, c LIMIT 100
                                                                 QUERY PLAN                                                                 
--------------------------------------------------------------------------------------------------------------------------------------------
 Limit  (cost=3.87..3.87 rows=1 width=20) (actual time=0.095..0.095 rows=0 loops=1)
   ->  Limit  (cost=0.87..2.87 rows=100 width=20) (actual time=0.056..0.091 rows=100 loops=1)
         ->  Incremental Sort  (cost=0.87..201.14 rows=10000 width=20) (actual time=0.056..0.085 rows=100 loops=1)
               Sort Key: s_2.a, s_2.b, s_2.c
               Presorted Key: s_2.a, s_2.b
               Sort Method: quicksort  Memory: 27kB
               Sort Groups: 4
               ->  Index Scan using s_2_a_b_idx on s_2  (cost=0.29..419.97 rows=10000 width=20) (actual time=0.012..0.025 rows=130 loops=1)
 Planning time: 0.271 ms
 Execution time: 0.118 ms
(10 rows)

===== 131 [Wed Mar  7 01:59:35 CET 2018] scale:10000 groups:100 work_mem:16MB incremental:on max_workers:0 =====
SELECT * FROM s_3 ORDER BY a, b, c, d LIMIT 100
                                                                  QUERY PLAN                                                                  
----------------------------------------------------------------------------------------------------------------------------------------------
 Limit  (cost=3.92..3.92 rows=1 width=20) (actual time=0.092..0.092 rows=0 loops=1)
   ->  Limit  (cost=0.91..2.92 rows=100 width=20) (actual time=0.058..0.088 rows=100 loops=1)
         ->  Incremental Sort  (cost=0.91..201.58 rows=10000 width=20) (actual time=0.058..0.082 rows=100 loops=1)
               Sort Key: s_3.a, s_3.b, s_3.c, s_3.d
               Presorted Key: s_3.a, s_3.b, s_3.c
               Sort Method: quicksort  Memory: 27kB
               Sort Groups: 4
               ->  Index Scan using s_3_a_b_c_idx on s_3  (cost=0.29..463.97 rows=10000 width=20) (actual time=0.009..0.023 rows=129 loops=1)
 Planning time: 0.270 ms
 Execution time: 0.114 ms
(10 rows)

===== 132 [Wed Mar  7 01:59:35 CET 2018] scale:10000 groups:100 work_mem:16MB incremental:on max_workers:0 =====
SELECT * FROM s_4 ORDER BY a, b, c, d, e LIMIT 100
                                                                   QUERY PLAN                                                                   
------------------------------------------------------------------------------------------------------------------------------------------------
 Limit  (cost=3.92..3.92 rows=1 width=20) (actual time=0.086..0.086 rows=0 loops=1)
   ->  Limit  (cost=0.91..2.92 rows=100 width=20) (actual time=0.053..0.082 rows=100 loops=1)
         ->  Incremental Sort  (cost=0.91..201.58 rows=10000 width=20) (actual time=0.053..0.076 rows=100 loops=1)
               Sort Key: s_4.a, s_4.b, s_4.c, s_4.d, s_4.e
               Presorted Key: s_4.a, s_4.b, s_4.c, s_4.d
               Sort Method: quicksort  Memory: 27kB
               Sort Groups: 4
               ->  Index Scan using s_4_a_b_c_d_idx on s_4  (cost=0.29..463.97 rows=10000 width=20) (actual time=0.005..0.019 rows=129 loops=1)
 Planning time: 0.267 ms
 Execution time: 0.108 ms
(10 rows)

===== 133 [Wed Mar  7 01:59:35 CET 2018] scale:10000 groups:100 work_mem:16MB incremental:off max_workers:0 =====
SELECT * FROM s_1 ORDER BY a, b LIMIT 100
                                                        QUERY PLAN                                                        
--------------------------------------------------------------------------------------------------------------------------
 Limit  (cost=547.44..547.44 rows=1 width=20) (actual time=1.286..1.286 rows=0 loops=1)
   ->  Limit  (cost=546.19..546.44 rows=100 width=20) (actual time=1.273..1.282 rows=100 loops=1)
         ->  Sort  (cost=546.19..571.19 rows=10000 width=20) (actual time=1.272..1.276 rows=100 loops=1)
               Sort Key: s_1.a, s_1.b
               Sort Method: top-N heapsort  Memory: 35kB
               ->  Seq Scan on s_1  (cost=0.00..164.00 rows=10000 width=20) (actual time=0.004..0.517 rows=10000 loops=1)
 Planning time: 0.252 ms
 Execution time: 1.308 ms
(8 rows)

===== 134 [Wed Mar  7 01:59:35 CET 2018] scale:10000 groups:100 work_mem:16MB incremental:off max_workers:0 =====
SELECT * FROM s_2 ORDER BY a, b, c LIMIT 100
                                                        QUERY PLAN                                                        
--------------------------------------------------------------------------------------------------------------------------
 Limit  (cost=547.44..547.44 rows=1 width=20) (actual time=1.297..1.297 rows=0 loops=1)
   ->  Limit  (cost=546.19..546.44 rows=100 width=20) (actual time=1.284..1.293 rows=100 loops=1)
         ->  Sort  (cost=546.19..571.19 rows=10000 width=20) (actual time=1.284..1.287 rows=100 loops=1)
               Sort Key: s_2.a, s_2.b, s_2.c
               Sort Method: top-N heapsort  Memory: 32kB
               ->  Seq Scan on s_2  (cost=0.00..164.00 rows=10000 width=20) (actual time=0.007..0.520 rows=10000 loops=1)
 Planning time: 0.262 ms
 Execution time: 1.320 ms
(8 rows)

===== 135 [Wed Mar  7 01:59:35 CET 2018] scale:10000 groups:100 work_mem:16MB incremental:off max_workers:0 =====
SELECT * FROM s_3 ORDER BY a, b, c, d LIMIT 100
                                                        QUERY PLAN                                                        
--------------------------------------------------------------------------------------------------------------------------
 Limit  (cost=547.44..547.44 rows=1 width=20) (actual time=1.378..1.378 rows=0 loops=1)
   ->  Limit  (cost=546.19..546.44 rows=100 width=20) (actual time=1.365..1.375 rows=100 loops=1)
         ->  Sort  (cost=546.19..571.19 rows=10000 width=20) (actual time=1.365..1.369 rows=100 loops=1)
               Sort Key: s_3.a, s_3.b, s_3.c, s_3.d
               Sort Method: top-N heapsort  Memory: 32kB
               ->  Seq Scan on s_3  (cost=0.00..164.00 rows=10000 width=20) (actual time=0.007..0.517 rows=10000 loops=1)
 Planning time: 0.259 ms
 Execution time: 1.401 ms
(8 rows)

===== 136 [Wed Mar  7 01:59:35 CET 2018] scale:10000 groups:100 work_mem:16MB incremental:off max_workers:0 =====
SELECT * FROM s_4 ORDER BY a, b, c, d, e LIMIT 100
                                                        QUERY PLAN                                                        
--------------------------------------------------------------------------------------------------------------------------
 Limit  (cost=547.44..547.44 rows=1 width=20) (actual time=1.303..1.303 rows=0 loops=1)
   ->  Limit  (cost=546.19..546.44 rows=100 width=20) (actual time=1.290..1.299 rows=100 loops=1)
         ->  Sort  (cost=546.19..571.19 rows=10000 width=20) (actual time=1.290..1.293 rows=100 loops=1)
               Sort Key: s_4.a, s_4.b, s_4.c, s_4.d, s_4.e
               Sort Method: top-N heapsort  Memory: 32kB
               ->  Seq Scan on s_4  (cost=0.00..164.00 rows=10000 width=20) (actual time=0.004..0.518 rows=10000 loops=1)
 Planning time: 0.256 ms
 Execution time: 1.325 ms
(8 rows)

===== 137 [Wed Mar  7 01:59:35 CET 2018] scale:10000 groups:100 work_mem:32MB incremental:on max_workers:0 =====
SELECT * FROM s_1 ORDER BY a, b LIMIT 100
                                                                QUERY PLAN                                                                
------------------------------------------------------------------------------------------------------------------------------------------
 Limit  (cost=9.67..9.67 rows=1 width=20) (actual time=0.107..0.107 rows=0 loops=1)
   ->  Limit  (cost=6.90..8.67 rows=100 width=20) (actual time=0.062..0.103 rows=100 loops=1)
         ->  Incremental Sort  (cost=6.90..183.99 rows=10000 width=20) (actual time=0.062..0.097 rows=100 loops=1)
               Sort Key: s_1.a, s_1.b
               Presorted Key: s_1.a
               Sort Method: quicksort  Memory: 32kB
               Sort Groups: 2
               ->  Index Scan using s_1_a_idx on s_1  (cost=0.29..337.29 rows=10000 width=20) (actual time=0.006..0.022 rows=156 loops=1)
 Planning time: 0.262 ms
 Execution time: 0.134 ms
(10 rows)

===== 138 [Wed Mar  7 01:59:35 CET 2018] scale:10000 groups:100 work_mem:32MB incremental:on max_workers:0 =====
SELECT * FROM s_2 ORDER BY a, b, c LIMIT 100
                                                                 QUERY PLAN                                                                 
--------------------------------------------------------------------------------------------------------------------------------------------
 Limit  (cost=3.87..3.87 rows=1 width=20) (actual time=0.093..0.093 rows=0 loops=1)
   ->  Limit  (cost=0.87..2.87 rows=100 width=20) (actual time=0.054..0.090 rows=100 loops=1)
         ->  Incremental Sort  (cost=0.87..201.14 rows=10000 width=20) (actual time=0.054..0.084 rows=100 loops=1)
               Sort Key: s_2.a, s_2.b, s_2.c
               Presorted Key: s_2.a, s_2.b
               Sort Method: quicksort  Memory: 27kB
               Sort Groups: 4
               ->  Index Scan using s_2_a_b_idx on s_2  (cost=0.29..419.97 rows=10000 width=20) (actual time=0.012..0.025 rows=130 loops=1)
 Planning time: 0.269 ms
 Execution time: 0.121 ms
(10 rows)

===== 139 [Wed Mar  7 01:59:35 CET 2018] scale:10000 groups:100 work_mem:32MB incremental:on max_workers:0 =====
SELECT * FROM s_3 ORDER BY a, b, c, d LIMIT 100
                                                                  QUERY PLAN                                                                  
----------------------------------------------------------------------------------------------------------------------------------------------
 Limit  (cost=3.92..3.92 rows=1 width=20) (actual time=0.092..0.092 rows=0 loops=1)
   ->  Limit  (cost=0.91..2.92 rows=100 width=20) (actual time=0.058..0.088 rows=100 loops=1)
         ->  Incremental Sort  (cost=0.91..201.58 rows=10000 width=20) (actual time=0.058..0.082 rows=100 loops=1)
               Sort Key: s_3.a, s_3.b, s_3.c, s_3.d
               Presorted Key: s_3.a, s_3.b, s_3.c
               Sort Method: quicksort  Memory: 27kB
               Sort Groups: 4
               ->  Index Scan using s_3_a_b_c_idx on s_3  (cost=0.29..463.97 rows=10000 width=20) (actual time=0.009..0.022 rows=129 loops=1)
 Planning time: 0.277 ms
 Execution time: 0.114 ms
(10 rows)

===== 140 [Wed Mar  7 01:59:35 CET 2018] scale:10000 groups:100 work_mem:32MB incremental:on max_workers:0 =====
SELECT * FROM s_4 ORDER BY a, b, c, d, e LIMIT 100
                                                                   QUERY PLAN                                                                   
------------------------------------------------------------------------------------------------------------------------------------------------
 Limit  (cost=3.92..3.92 rows=1 width=20) (actual time=0.083..0.083 rows=0 loops=1)
   ->  Limit  (cost=0.91..2.92 rows=100 width=20) (actual time=0.051..0.080 rows=100 loops=1)
         ->  Incremental Sort  (cost=0.91..201.58 rows=10000 width=20) (actual time=0.050..0.074 rows=100 loops=1)
               Sort Key: s_4.a, s_4.b, s_4.c, s_4.d, s_4.e
               Presorted Key: s_4.a, s_4.b, s_4.c, s_4.d
               Sort Method: quicksort  Memory: 27kB
               Sort Groups: 4
               ->  Index Scan using s_4_a_b_c_d_idx on s_4  (cost=0.29..463.97 rows=10000 width=20) (actual time=0.005..0.018 rows=129 loops=1)
 Planning time: 0.274 ms
 Execution time: 0.106 ms
(10 rows)

===== 141 [Wed Mar  7 01:59:36 CET 2018] scale:10000 groups:100 work_mem:32MB incremental:off max_workers:0 =====
SELECT * FROM s_1 ORDER BY a, b LIMIT 100
                                                        QUERY PLAN                                                        
--------------------------------------------------------------------------------------------------------------------------
 Limit  (cost=547.44..547.44 rows=1 width=20) (actual time=1.289..1.289 rows=0 loops=1)
   ->  Limit  (cost=546.19..546.44 rows=100 width=20) (actual time=1.276..1.286 rows=100 loops=1)
         ->  Sort  (cost=546.19..571.19 rows=10000 width=20) (actual time=1.276..1.280 rows=100 loops=1)
               Sort Key: s_1.a, s_1.b
               Sort Method: top-N heapsort  Memory: 35kB
               ->  Seq Scan on s_1  (cost=0.00..164.00 rows=10000 width=20) (actual time=0.004..0.520 rows=10000 loops=1)
 Planning time: 0.254 ms
 Execution time: 1.319 ms
(8 rows)

===== 142 [Wed Mar  7 01:59:36 CET 2018] scale:10000 groups:100 work_mem:32MB incremental:off max_workers:0 =====
SELECT * FROM s_2 ORDER BY a, b, c LIMIT 100
                                                        QUERY PLAN                                                        
--------------------------------------------------------------------------------------------------------------------------
 Limit  (cost=547.44..547.44 rows=1 width=20) (actual time=1.289..1.289 rows=0 loops=1)
   ->  Limit  (cost=546.19..546.44 rows=100 width=20) (actual time=1.276..1.285 rows=100 loops=1)
         ->  Sort  (cost=546.19..571.19 rows=10000 width=20) (actual time=1.276..1.279 rows=100 loops=1)
               Sort Key: s_2.a, s_2.b, s_2.c
               Sort Method: top-N heapsort  Memory: 32kB
               ->  Seq Scan on s_2  (cost=0.00..164.00 rows=10000 width=20) (actual time=0.008..0.518 rows=10000 loops=1)
 Planning time: 0.266 ms
 Execution time: 1.311 ms
(8 rows)

===== 143 [Wed Mar  7 01:59:36 CET 2018] scale:10000 groups:100 work_mem:32MB incremental:off max_workers:0 =====
SELECT * FROM s_3 ORDER BY a, b, c, d LIMIT 100
                                                        QUERY PLAN                                                        
--------------------------------------------------------------------------------------------------------------------------
 Limit  (cost=547.44..547.44 rows=1 width=20) (actual time=1.378..1.378 rows=0 loops=1)
   ->  Limit  (cost=546.19..546.44 rows=100 width=20) (actual time=1.365..1.375 rows=100 loops=1)
         ->  Sort  (cost=546.19..571.19 rows=10000 width=20) (actual time=1.365..1.369 rows=100 loops=1)
               Sort Key: s_3.a, s_3.b, s_3.c, s_3.d
               Sort Method: top-N heapsort  Memory: 32kB
               ->  Seq Scan on s_3  (cost=0.00..164.00 rows=10000 width=20) (actual time=0.007..0.511 rows=10000 loops=1)
 Planning time: 0.261 ms
 Execution time: 1.402 ms
(8 rows)

===== 144 [Wed Mar  7 01:59:36 CET 2018] scale:10000 groups:100 work_mem:32MB incremental:off max_workers:0 =====
SELECT * FROM s_4 ORDER BY a, b, c, d, e LIMIT 100
                                                        QUERY PLAN                                                        
--------------------------------------------------------------------------------------------------------------------------
 Limit  (cost=547.44..547.44 rows=1 width=20) (actual time=1.291..1.291 rows=0 loops=1)
   ->  Limit  (cost=546.19..546.44 rows=100 width=20) (actual time=1.278..1.288 rows=100 loops=1)
         ->  Sort  (cost=546.19..571.19 rows=10000 width=20) (actual time=1.278..1.282 rows=100 loops=1)
               Sort Key: s_4.a, s_4.b, s_4.c, s_4.d, s_4.e
               Sort Method: top-N heapsort  Memory: 32kB
               ->  Seq Scan on s_4  (cost=0.00..164.00 rows=10000 width=20) (actual time=0.004..0.517 rows=10000 loops=1)
 Planning time: 0.257 ms
 Execution time: 1.320 ms
(8 rows)

===== 145 [Wed Mar  7 01:59:36 CET 2018] scale:10000 groups:100 work_mem:64MB incremental:on max_workers:0 =====
SELECT * FROM s_1 ORDER BY a, b LIMIT 100
                                                                QUERY PLAN                                                                
------------------------------------------------------------------------------------------------------------------------------------------
 Limit  (cost=9.67..9.67 rows=1 width=20) (actual time=0.107..0.107 rows=0 loops=1)
   ->  Limit  (cost=6.90..8.67 rows=100 width=20) (actual time=0.063..0.103 rows=100 loops=1)
         ->  Incremental Sort  (cost=6.90..183.99 rows=10000 width=20) (actual time=0.062..0.097 rows=100 loops=1)
               Sort Key: s_1.a, s_1.b
               Presorted Key: s_1.a
               Sort Method: quicksort  Memory: 32kB
               Sort Groups: 2
               ->  Index Scan using s_1_a_idx on s_1  (cost=0.29..337.29 rows=10000 width=20) (actual time=0.006..0.022 rows=156 loops=1)
 Planning time: 0.271 ms
 Execution time: 0.133 ms
(10 rows)

===== 146 [Wed Mar  7 01:59:36 CET 2018] scale:10000 groups:100 work_mem:64MB incremental:on max_workers:0 =====
SELECT * FROM s_2 ORDER BY a, b, c LIMIT 100
                                                                 QUERY PLAN                                                                 
--------------------------------------------------------------------------------------------------------------------------------------------
 Limit  (cost=3.87..3.87 rows=1 width=20) (actual time=0.094..0.094 rows=0 loops=1)
   ->  Limit  (cost=0.87..2.87 rows=100 width=20) (actual time=0.055..0.090 rows=100 loops=1)
         ->  Incremental Sort  (cost=0.87..201.14 rows=10000 width=20) (actual time=0.055..0.084 rows=100 loops=1)
               Sort Key: s_2.a, s_2.b, s_2.c
               Presorted Key: s_2.a, s_2.b
               Sort Method: quicksort  Memory: 27kB
               Sort Groups: 4
               ->  Index Scan using s_2_a_b_idx on s_2  (cost=0.29..419.97 rows=10000 width=20) (actual time=0.012..0.025 rows=130 loops=1)
 Planning time: 0.272 ms
 Execution time: 0.117 ms
(10 rows)

===== 147 [Wed Mar  7 01:59:36 CET 2018] scale:10000 groups:100 work_mem:64MB incremental:on max_workers:0 =====
SELECT * FROM s_3 ORDER BY a, b, c, d LIMIT 100
                                                                  QUERY PLAN                                                                  
----------------------------------------------------------------------------------------------------------------------------------------------
 Limit  (cost=3.92..3.92 rows=1 width=20) (actual time=0.089..0.089 rows=0 loops=1)
   ->  Limit  (cost=0.91..2.92 rows=100 width=20) (actual time=0.056..0.086 rows=100 loops=1)
         ->  Incremental Sort  (cost=0.91..201.58 rows=10000 width=20) (actual time=0.056..0.080 rows=100 loops=1)
               Sort Key: s_3.a, s_3.b, s_3.c, s_3.d
               Presorted Key: s_3.a, s_3.b, s_3.c
               Sort Method: quicksort  Memory: 27kB
               Sort Groups: 4
               ->  Index Scan using s_3_a_b_c_idx on s_3  (cost=0.29..463.97 rows=10000 width=20) (actual time=0.009..0.022 rows=129 loops=1)
 Planning time: 0.272 ms
 Execution time: 0.112 ms
(10 rows)

===== 148 [Wed Mar  7 01:59:36 CET 2018] scale:10000 groups:100 work_mem:64MB incremental:on max_workers:0 =====
SELECT * FROM s_4 ORDER BY a, b, c, d, e LIMIT 100
                                                                   QUERY PLAN                                                                   
------------------------------------------------------------------------------------------------------------------------------------------------
 Limit  (cost=3.92..3.92 rows=1 width=20) (actual time=0.083..0.083 rows=0 loops=1)
   ->  Limit  (cost=0.91..2.92 rows=100 width=20) (actual time=0.050..0.079 rows=100 loops=1)
         ->  Incremental Sort  (cost=0.91..201.58 rows=10000 width=20) (actual time=0.050..0.073 rows=100 loops=1)
               Sort Key: s_4.a, s_4.b, s_4.c, s_4.d, s_4.e
               Presorted Key: s_4.a, s_4.b, s_4.c, s_4.d
               Sort Method: quicksort  Memory: 27kB
               Sort Groups: 4
               ->  Index Scan using s_4_a_b_c_d_idx on s_4  (cost=0.29..463.97 rows=10000 width=20) (actual time=0.005..0.018 rows=129 loops=1)
 Planning time: 0.266 ms
 Execution time: 0.107 ms
(10 rows)

===== 149 [Wed Mar  7 01:59:36 CET 2018] scale:10000 groups:100 work_mem:64MB incremental:off max_workers:0 =====
SELECT * FROM s_1 ORDER BY a, b LIMIT 100
                                                        QUERY PLAN                                                        
--------------------------------------------------------------------------------------------------------------------------
 Limit  (cost=547.44..547.44 rows=1 width=20) (actual time=1.294..1.294 rows=0 loops=1)
   ->  Limit  (cost=546.19..546.44 rows=100 width=20) (actual time=1.281..1.290 rows=100 loops=1)
         ->  Sort  (cost=546.19..571.19 rows=10000 width=20) (actual time=1.281..1.284 rows=100 loops=1)
               Sort Key: s_1.a, s_1.b
               Sort Method: top-N heapsort  Memory: 35kB
               ->  Seq Scan on s_1  (cost=0.00..164.00 rows=10000 width=20) (actual time=0.004..0.521 rows=10000 loops=1)
 Planning time: 0.254 ms
 Execution time: 1.316 ms
(8 rows)

===== 150 [Wed Mar  7 01:59:36 CET 2018] scale:10000 groups:100 work_mem:64MB incremental:off max_workers:0 =====
SELECT * FROM s_2 ORDER BY a, b, c LIMIT 100
                                                        QUERY PLAN                                                        
--------------------------------------------------------------------------------------------------------------------------
 Limit  (cost=547.44..547.44 rows=1 width=20) (actual time=1.290..1.290 rows=0 loops=1)
   ->  Limit  (cost=546.19..546.44 rows=100 width=20) (actual time=1.277..1.287 rows=100 loops=1)
         ->  Sort  (cost=546.19..571.19 rows=10000 width=20) (actual time=1.277..1.281 rows=100 loops=1)
               Sort Key: s_2.a, s_2.b, s_2.c
               Sort Method: top-N heapsort  Memory: 32kB
               ->  Seq Scan on s_2  (cost=0.00..164.00 rows=10000 width=20) (actual time=0.007..0.522 rows=10000 loops=1)
 Planning time: 0.258 ms
 Execution time: 1.313 ms
(8 rows)

===== 151 [Wed Mar  7 01:59:36 CET 2018] scale:10000 groups:100 work_mem:64MB incremental:off max_workers:0 =====
SELECT * FROM s_3 ORDER BY a, b, c, d LIMIT 100
                                                        QUERY PLAN                                                        
--------------------------------------------------------------------------------------------------------------------------
 Limit  (cost=547.44..547.44 rows=1 width=20) (actual time=1.391..1.391 rows=0 loops=1)
   ->  Limit  (cost=546.19..546.44 rows=100 width=20) (actual time=1.378..1.388 rows=100 loops=1)
         ->  Sort  (cost=546.19..571.19 rows=10000 width=20) (actual time=1.378..1.382 rows=100 loops=1)
               Sort Key: s_3.a, s_3.b, s_3.c, s_3.d
               Sort Method: top-N heapsort  Memory: 32kB
               ->  Seq Scan on s_3  (cost=0.00..164.00 rows=10000 width=20) (actual time=0.007..0.520 rows=10000 loops=1)
 Planning time: 0.258 ms
 Execution time: 1.414 ms
(8 rows)

===== 152 [Wed Mar  7 01:59:36 CET 2018] scale:10000 groups:100 work_mem:64MB incremental:off max_workers:0 =====
SELECT * FROM s_4 ORDER BY a, b, c, d, e LIMIT 100
                                                        QUERY PLAN                                                        
--------------------------------------------------------------------------------------------------------------------------
 Limit  (cost=547.44..547.44 rows=1 width=20) (actual time=1.295..1.295 rows=0 loops=1)
   ->  Limit  (cost=546.19..546.44 rows=100 width=20) (actual time=1.282..1.292 rows=100 loops=1)
         ->  Sort  (cost=546.19..571.19 rows=10000 width=20) (actual time=1.282..1.286 rows=100 loops=1)
               Sort Key: s_4.a, s_4.b, s_4.c, s_4.d, s_4.e
               Sort Method: top-N heapsort  Memory: 32kB
               ->  Seq Scan on s_4  (cost=0.00..164.00 rows=10000 width=20) (actual time=0.004..0.517 rows=10000 loops=1)
 Planning time: 0.255 ms
 Execution time: 1.317 ms
(8 rows)

===== 153 [Wed Mar  7 01:59:36 CET 2018] scale:10000 groups:100 work_mem:128MB incremental:on max_workers:0 =====
SELECT * FROM s_1 ORDER BY a, b LIMIT 100
                                                                QUERY PLAN                                                                
------------------------------------------------------------------------------------------------------------------------------------------
 Limit  (cost=9.67..9.67 rows=1 width=20) (actual time=0.106..0.106 rows=0 loops=1)
   ->  Limit  (cost=6.90..8.67 rows=100 width=20) (actual time=0.062..0.102 rows=100 loops=1)
         ->  Incremental Sort  (cost=6.90..183.99 rows=10000 width=20) (actual time=0.061..0.096 rows=100 loops=1)
               Sort Key: s_1.a, s_1.b
               Presorted Key: s_1.a
               Sort Method: quicksort  Memory: 32kB
               Sort Groups: 2
               ->  Index Scan using s_1_a_idx on s_1  (cost=0.29..337.29 rows=10000 width=20) (actual time=0.006..0.022 rows=156 loops=1)
 Planning time: 0.255 ms
 Execution time: 0.130 ms
(10 rows)

===== 154 [Wed Mar  7 01:59:37 CET 2018] scale:10000 groups:100 work_mem:128MB incremental:on max_workers:0 =====
SELECT * FROM s_2 ORDER BY a, b, c LIMIT 100
                                                                 QUERY PLAN                                                                 
--------------------------------------------------------------------------------------------------------------------------------------------
 Limit  (cost=3.87..3.87 rows=1 width=20) (actual time=0.093..0.093 rows=0 loops=1)
   ->  Limit  (cost=0.87..2.87 rows=100 width=20) (actual time=0.054..0.089 rows=100 loops=1)
         ->  Incremental Sort  (cost=0.87..201.14 rows=10000 width=20) (actual time=0.054..0.083 rows=100 loops=1)
               Sort Key: s_2.a, s_2.b, s_2.c
               Presorted Key: s_2.a, s_2.b
               Sort Method: quicksort  Memory: 27kB
               Sort Groups: 4
               ->  Index Scan using s_2_a_b_idx on s_2  (cost=0.29..419.97 rows=10000 width=20) (actual time=0.012..0.025 rows=130 loops=1)
 Planning time: 0.270 ms
 Execution time: 0.116 ms
(10 rows)

===== 155 [Wed Mar  7 01:59:37 CET 2018] scale:10000 groups:100 work_mem:128MB incremental:on max_workers:0 =====
SELECT * FROM s_3 ORDER BY a, b, c, d LIMIT 100
                                                                  QUERY PLAN                                                                  
----------------------------------------------------------------------------------------------------------------------------------------------
 Limit  (cost=3.92..3.92 rows=1 width=20) (actual time=0.090..0.090 rows=0 loops=1)
   ->  Limit  (cost=0.91..2.92 rows=100 width=20) (actual time=0.057..0.086 rows=100 loops=1)
         ->  Incremental Sort  (cost=0.91..201.58 rows=10000 width=20) (actual time=0.056..0.080 rows=100 loops=1)
               Sort Key: s_3.a, s_3.b, s_3.c, s_3.d
               Presorted Key: s_3.a, s_3.b, s_3.c
               Sort Method: quicksort  Memory: 27kB
               Sort Groups: 4
               ->  Index Scan using s_3_a_b_c_idx on s_3  (cost=0.29..463.97 rows=10000 width=20) (actual time=0.009..0.022 rows=129 loops=1)
 Planning time: 0.267 ms
 Execution time: 0.112 ms
(10 rows)

===== 156 [Wed Mar  7 01:59:37 CET 2018] scale:10000 groups:100 work_mem:128MB incremental:on max_workers:0 =====
SELECT * FROM s_4 ORDER BY a, b, c, d, e LIMIT 100
                                                                   QUERY PLAN                                                                   
------------------------------------------------------------------------------------------------------------------------------------------------
 Limit  (cost=3.92..3.92 rows=1 width=20) (actual time=0.084..0.084 rows=0 loops=1)
   ->  Limit  (cost=0.91..2.92 rows=100 width=20) (actual time=0.051..0.080 rows=100 loops=1)
         ->  Incremental Sort  (cost=0.91..201.58 rows=10000 width=20) (actual time=0.051..0.074 rows=100 loops=1)
               Sort Key: s_4.a, s_4.b, s_4.c, s_4.d, s_4.e
               Presorted Key: s_4.a, s_4.b, s_4.c, s_4.d
               Sort Method: quicksort  Memory: 27kB
               Sort Groups: 4
               ->  Index Scan using s_4_a_b_c_d_idx on s_4  (cost=0.29..463.97 rows=10000 width=20) (actual time=0.005..0.018 rows=129 loops=1)
 Planning time: 0.266 ms
 Execution time: 0.108 ms
(10 rows)

===== 157 [Wed Mar  7 01:59:37 CET 2018] scale:10000 groups:100 work_mem:128MB incremental:off max_workers:0 =====
SELECT * FROM s_1 ORDER BY a, b LIMIT 100
                                                        QUERY PLAN                                                        
--------------------------------------------------------------------------------------------------------------------------
 Limit  (cost=547.44..547.44 rows=1 width=20) (actual time=1.294..1.294 rows=0 loops=1)
   ->  Limit  (cost=546.19..546.44 rows=100 width=20) (actual time=1.281..1.290 rows=100 loops=1)
         ->  Sort  (cost=546.19..571.19 rows=10000 width=20) (actual time=1.281..1.285 rows=100 loops=1)
               Sort Key: s_1.a, s_1.b
               Sort Method: top-N heapsort  Memory: 35kB
               ->  Seq Scan on s_1  (cost=0.00..164.00 rows=10000 width=20) (actual time=0.004..0.527 rows=10000 loops=1)
 Planning time: 0.254 ms
 Execution time: 1.317 ms
(8 rows)

===== 158 [Wed Mar  7 01:59:37 CET 2018] scale:10000 groups:100 work_mem:128MB incremental:off max_workers:0 =====
SELECT * FROM s_2 ORDER BY a, b, c LIMIT 100
                                                        QUERY PLAN                                                        
--------------------------------------------------------------------------------------------------------------------------
 Limit  (cost=547.44..547.44 rows=1 width=20) (actual time=1.293..1.293 rows=0 loops=1)
   ->  Limit  (cost=546.19..546.44 rows=100 width=20) (actual time=1.280..1.289 rows=100 loops=1)
         ->  Sort  (cost=546.19..571.19 rows=10000 width=20) (actual time=1.280..1.283 rows=100 loops=1)
               Sort Key: s_2.a, s_2.b, s_2.c
               Sort Method: top-N heapsort  Memory: 32kB
               ->  Seq Scan on s_2  (cost=0.00..164.00 rows=10000 width=20) (actual time=0.007..0.516 rows=10000 loops=1)
 Planning time: 0.259 ms
 Execution time: 1.315 ms
(8 rows)

===== 159 [Wed Mar  7 01:59:37 CET 2018] scale:10000 groups:100 work_mem:128MB incremental:off max_workers:0 =====
SELECT * FROM s_3 ORDER BY a, b, c, d LIMIT 100
                                                        QUERY PLAN                                                        
--------------------------------------------------------------------------------------------------------------------------
 Limit  (cost=547.44..547.44 rows=1 width=20) (actual time=1.374..1.374 rows=0 loops=1)
   ->  Limit  (cost=546.19..546.44 rows=100 width=20) (actual time=1.361..1.370 rows=100 loops=1)
         ->  Sort  (cost=546.19..571.19 rows=10000 width=20) (actual time=1.360..1.364 rows=100 loops=1)
               Sort Key: s_3.a, s_3.b, s_3.c, s_3.d
               Sort Method: top-N heapsort  Memory: 32kB
               ->  Seq Scan on s_3  (cost=0.00..164.00 rows=10000 width=20) (actual time=0.007..0.510 rows=10000 loops=1)
 Planning time: 0.256 ms
 Execution time: 1.396 ms
(8 rows)

===== 160 [Wed Mar  7 01:59:37 CET 2018] scale:10000 groups:100 work_mem:128MB incremental:off max_workers:0 =====
SELECT * FROM s_4 ORDER BY a, b, c, d, e LIMIT 100
                                                        QUERY PLAN                                                        
--------------------------------------------------------------------------------------------------------------------------
 Limit  (cost=547.44..547.44 rows=1 width=20) (actual time=1.302..1.302 rows=0 loops=1)
   ->  Limit  (cost=546.19..546.44 rows=100 width=20) (actual time=1.288..1.298 rows=100 loops=1)
         ->  Sort  (cost=546.19..571.19 rows=10000 width=20) (actual time=1.288..1.292 rows=100 loops=1)
               Sort Key: s_4.a, s_4.b, s_4.c, s_4.d, s_4.e
               Sort Method: top-N heapsort  Memory: 32kB
               ->  Seq Scan on s_4  (cost=0.00..164.00 rows=10000 width=20) (actual time=0.004..0.519 rows=10000 loops=1)
 Planning time: 0.253 ms
 Execution time: 1.325 ms
(8 rows)

===== 161 [Wed Mar  7 01:59:37 CET 2018] scale:10000 groups:100 work_mem:256MB incremental:on max_workers:0 =====
SELECT * FROM s_1 ORDER BY a, b LIMIT 100
                                                                QUERY PLAN                                                                
------------------------------------------------------------------------------------------------------------------------------------------
 Limit  (cost=9.67..9.67 rows=1 width=20) (actual time=0.109..0.109 rows=0 loops=1)
   ->  Limit  (cost=6.90..8.67 rows=100 width=20) (actual time=0.065..0.105 rows=100 loops=1)
         ->  Incremental Sort  (cost=6.90..183.99 rows=10000 width=20) (actual time=0.065..0.099 rows=100 loops=1)
               Sort Key: s_1.a, s_1.b
               Presorted Key: s_1.a
               Sort Method: quicksort  Memory: 32kB
               Sort Groups: 2
               ->  Index Scan using s_1_a_idx on s_1  (cost=0.29..337.29 rows=10000 width=20) (actual time=0.006..0.022 rows=156 loops=1)
 Planning time: 0.257 ms
 Execution time: 0.134 ms
(10 rows)

===== 162 [Wed Mar  7 01:59:37 CET 2018] scale:10000 groups:100 work_mem:256MB incremental:on max_workers:0 =====
SELECT * FROM s_2 ORDER BY a, b, c LIMIT 100
                                                                 QUERY PLAN                                                                 
--------------------------------------------------------------------------------------------------------------------------------------------
 Limit  (cost=3.87..3.87 rows=1 width=20) (actual time=0.093..0.093 rows=0 loops=1)
   ->  Limit  (cost=0.87..2.87 rows=100 width=20) (actual time=0.054..0.089 rows=100 loops=1)
         ->  Incremental Sort  (cost=0.87..201.14 rows=10000 width=20) (actual time=0.054..0.083 rows=100 loops=1)
               Sort Key: s_2.a, s_2.b, s_2.c
               Presorted Key: s_2.a, s_2.b
               Sort Method: quicksort  Memory: 27kB
               Sort Groups: 4
               ->  Index Scan using s_2_a_b_idx on s_2  (cost=0.29..419.97 rows=10000 width=20) (actual time=0.012..0.025 rows=130 loops=1)
 Planning time: 0.269 ms
 Execution time: 0.116 ms
(10 rows)

===== 163 [Wed Mar  7 01:59:37 CET 2018] scale:10000 groups:100 work_mem:256MB incremental:on max_workers:0 =====
SELECT * FROM s_3 ORDER BY a, b, c, d LIMIT 100
                                                                  QUERY PLAN                                                                  
----------------------------------------------------------------------------------------------------------------------------------------------
 Limit  (cost=3.92..3.92 rows=1 width=20) (actual time=0.090..0.090 rows=0 loops=1)
   ->  Limit  (cost=0.91..2.92 rows=100 width=20) (actual time=0.057..0.086 rows=100 loops=1)
         ->  Incremental Sort  (cost=0.91..201.58 rows=10000 width=20) (actual time=0.057..0.080 rows=100 loops=1)
               Sort Key: s_3.a, s_3.b, s_3.c, s_3.d
               Presorted Key: s_3.a, s_3.b, s_3.c
               Sort Method: quicksort  Memory: 27kB
               Sort Groups: 4
               ->  Index Scan using s_3_a_b_c_idx on s_3  (cost=0.29..463.97 rows=10000 width=20) (actual time=0.009..0.022 rows=129 loops=1)
 Planning time: 0.270 ms
 Execution time: 0.113 ms
(10 rows)

===== 164 [Wed Mar  7 01:59:37 CET 2018] scale:10000 groups:100 work_mem:256MB incremental:on max_workers:0 =====
SELECT * FROM s_4 ORDER BY a, b, c, d, e LIMIT 100
                                                                   QUERY PLAN                                                                   
------------------------------------------------------------------------------------------------------------------------------------------------
 Limit  (cost=3.92..3.92 rows=1 width=20) (actual time=0.083..0.083 rows=0 loops=1)
   ->  Limit  (cost=0.91..2.92 rows=100 width=20) (actual time=0.051..0.080 rows=100 loops=1)
         ->  Incremental Sort  (cost=0.91..201.58 rows=10000 width=20) (actual time=0.050..0.074 rows=100 loops=1)
               Sort Key: s_4.a, s_4.b, s_4.c, s_4.d, s_4.e
               Presorted Key: s_4.a, s_4.b, s_4.c, s_4.d
               Sort Method: quicksort  Memory: 27kB
               Sort Groups: 4
               ->  Index Scan using s_4_a_b_c_d_idx on s_4  (cost=0.29..463.97 rows=10000 width=20) (actual time=0.005..0.018 rows=129 loops=1)
 Planning time: 0.276 ms
 Execution time: 0.107 ms
(10 rows)

===== 165 [Wed Mar  7 01:59:37 CET 2018] scale:10000 groups:100 work_mem:256MB incremental:off max_workers:0 =====
SELECT * FROM s_1 ORDER BY a, b LIMIT 100
                                                        QUERY PLAN                                                        
--------------------------------------------------------------------------------------------------------------------------
 Limit  (cost=547.44..547.44 rows=1 width=20) (actual time=1.298..1.298 rows=0 loops=1)
   ->  Limit  (cost=546.19..546.44 rows=100 width=20) (actual time=1.285..1.294 rows=100 loops=1)
         ->  Sort  (cost=546.19..571.19 rows=10000 width=20) (actual time=1.285..1.288 rows=100 loops=1)
               Sort Key: s_1.a, s_1.b
               Sort Method: top-N heapsort  Memory: 35kB
               ->  Seq Scan on s_1  (cost=0.00..164.00 rows=10000 width=20) (actual time=0.004..0.526 rows=10000 loops=1)
 Planning time: 0.253 ms
 Execution time: 1.320 ms
(8 rows)

===== 166 [Wed Mar  7 01:59:37 CET 2018] scale:10000 groups:100 work_mem:256MB incremental:off max_workers:0 =====
SELECT * FROM s_2 ORDER BY a, b, c LIMIT 100
                                                        QUERY PLAN                                                        
--------------------------------------------------------------------------------------------------------------------------
 Limit  (cost=547.44..547.44 rows=1 width=20) (actual time=1.293..1.293 rows=0 loops=1)
   ->  Limit  (cost=546.19..546.44 rows=100 width=20) (actual time=1.280..1.290 rows=100 loops=1)
         ->  Sort  (cost=546.19..571.19 rows=10000 width=20) (actual time=1.280..1.284 rows=100 loops=1)
               Sort Key: s_2.a, s_2.b, s_2.c
               Sort Method: top-N heapsort  Memory: 32kB
               ->  Seq Scan on s_2  (cost=0.00..164.00 rows=10000 width=20) (actual time=0.007..0.523 rows=10000 loops=1)
 Planning time: 0.255 ms
 Execution time: 1.316 ms
(8 rows)

===== 167 [Wed Mar  7 01:59:37 CET 2018] scale:10000 groups:100 work_mem:256MB incremental:off max_workers:0 =====
SELECT * FROM s_3 ORDER BY a, b, c, d LIMIT 100
                                                        QUERY PLAN                                                        
--------------------------------------------------------------------------------------------------------------------------
 Limit  (cost=547.44..547.44 rows=1 width=20) (actual time=1.375..1.375 rows=0 loops=1)
   ->  Limit  (cost=546.19..546.44 rows=100 width=20) (actual time=1.362..1.372 rows=100 loops=1)
         ->  Sort  (cost=546.19..571.19 rows=10000 width=20) (actual time=1.362..1.366 rows=100 loops=1)
               Sort Key: s_3.a, s_3.b, s_3.c, s_3.d
               Sort Method: top-N heapsort  Memory: 32kB
               ->  Seq Scan on s_3  (cost=0.00..164.00 rows=10000 width=20) (actual time=0.007..0.511 rows=10000 loops=1)
 Planning time: 0.256 ms
 Execution time: 1.399 ms
(8 rows)

===== 168 [Wed Mar  7 01:59:38 CET 2018] scale:10000 groups:100 work_mem:256MB incremental:off max_workers:0 =====
SELECT * FROM s_4 ORDER BY a, b, c, d, e LIMIT 100
                                                        QUERY PLAN                                                        
--------------------------------------------------------------------------------------------------------------------------
 Limit  (cost=547.44..547.44 rows=1 width=20) (actual time=1.304..1.304 rows=0 loops=1)
   ->  Limit  (cost=546.19..546.44 rows=100 width=20) (actual time=1.290..1.300 rows=100 loops=1)
         ->  Sort  (cost=546.19..571.19 rows=10000 width=20) (actual time=1.290..1.294 rows=100 loops=1)
               Sort Key: s_4.a, s_4.b, s_4.c, s_4.d, s_4.e
               Sort Method: top-N heapsort  Memory: 32kB
               ->  Seq Scan on s_4  (cost=0.00..164.00 rows=10000 width=20) (actual time=0.004..0.521 rows=10000 loops=1)
 Planning time: 0.255 ms
 Execution time: 1.326 ms
(8 rows)

===== 169 [Wed Mar  7 01:59:38 CET 2018] scale:10000 groups:100 work_mem:4MB incremental:on max_workers:2 =====
SELECT * FROM s_1 ORDER BY a, b LIMIT 100
                                                                QUERY PLAN                                                                
------------------------------------------------------------------------------------------------------------------------------------------
 Limit  (cost=9.67..9.67 rows=1 width=20) (actual time=0.107..0.107 rows=0 loops=1)
   ->  Limit  (cost=6.90..8.67 rows=100 width=20) (actual time=0.063..0.103 rows=100 loops=1)
         ->  Incremental Sort  (cost=6.90..183.99 rows=10000 width=20) (actual time=0.062..0.097 rows=100 loops=1)
               Sort Key: s_1.a, s_1.b
               Presorted Key: s_1.a
               Sort Method: quicksort  Memory: 32kB
               Sort Groups: 2
               ->  Index Scan using s_1_a_idx on s_1  (cost=0.29..337.29 rows=10000 width=20) (actual time=0.006..0.023 rows=156 loops=1)
 Planning time: 0.259 ms
 Execution time: 0.132 ms
(10 rows)

===== 170 [Wed Mar  7 01:59:38 CET 2018] scale:10000 groups:100 work_mem:4MB incremental:on max_workers:2 =====
SELECT * FROM s_2 ORDER BY a, b, c LIMIT 100
                                                                 QUERY PLAN                                                                 
--------------------------------------------------------------------------------------------------------------------------------------------
 Limit  (cost=3.87..3.87 rows=1 width=20) (actual time=0.093..0.093 rows=0 loops=1)
   ->  Limit  (cost=0.87..2.87 rows=100 width=20) (actual time=0.054..0.089 rows=100 loops=1)
         ->  Incremental Sort  (cost=0.87..201.14 rows=10000 width=20) (actual time=0.054..0.083 rows=100 loops=1)
               Sort Key: s_2.a, s_2.b, s_2.c
               Presorted Key: s_2.a, s_2.b
               Sort Method: quicksort  Memory: 27kB
               Sort Groups: 4
               ->  Index Scan using s_2_a_b_idx on s_2  (cost=0.29..419.97 rows=10000 width=20) (actual time=0.012..0.025 rows=130 loops=1)
 Planning time: 0.267 ms
 Execution time: 0.115 ms
(10 rows)

===== 171 [Wed Mar  7 01:59:38 CET 2018] scale:10000 groups:100 work_mem:4MB incremental:on max_workers:2 =====
SELECT * FROM s_3 ORDER BY a, b, c, d LIMIT 100
                                                                  QUERY PLAN                                                                  
----------------------------------------------------------------------------------------------------------------------------------------------
 Limit  (cost=3.92..3.92 rows=1 width=20) (actual time=0.091..0.091 rows=0 loops=1)
   ->  Limit  (cost=0.91..2.92 rows=100 width=20) (actual time=0.058..0.087 rows=100 loops=1)
         ->  Incremental Sort  (cost=0.91..201.58 rows=10000 width=20) (actual time=0.057..0.081 rows=100 loops=1)
               Sort Key: s_3.a, s_3.b, s_3.c, s_3.d
               Presorted Key: s_3.a, s_3.b, s_3.c
               Sort Method: quicksort  Memory: 27kB
               Sort Groups: 4
               ->  Index Scan using s_3_a_b_c_idx on s_3  (cost=0.29..463.97 rows=10000 width=20) (actual time=0.009..0.022 rows=129 loops=1)
 Planning time: 0.269 ms
 Execution time: 0.113 ms
(10 rows)

===== 172 [Wed Mar  7 01:59:38 CET 2018] scale:10000 groups:100 work_mem:4MB incremental:on max_workers:2 =====
SELECT * FROM s_4 ORDER BY a, b, c, d, e LIMIT 100
                                                                   QUERY PLAN                                                                   
------------------------------------------------------------------------------------------------------------------------------------------------
 Limit  (cost=3.92..3.92 rows=1 width=20) (actual time=0.085..0.085 rows=0 loops=1)
   ->  Limit  (cost=0.91..2.92 rows=100 width=20) (actual time=0.052..0.081 rows=100 loops=1)
         ->  Incremental Sort  (cost=0.91..201.58 rows=10000 width=20) (actual time=0.052..0.075 rows=100 loops=1)
               Sort Key: s_4.a, s_4.b, s_4.c, s_4.d, s_4.e
               Presorted Key: s_4.a, s_4.b, s_4.c, s_4.d
               Sort Method: quicksort  Memory: 27kB
               Sort Groups: 4
               ->  Index Scan using s_4_a_b_c_d_idx on s_4  (cost=0.29..463.97 rows=10000 width=20) (actual time=0.005..0.018 rows=129 loops=1)
 Planning time: 0.278 ms
 Execution time: 0.108 ms
(10 rows)

===== 173 [Wed Mar  7 01:59:38 CET 2018] scale:10000 groups:100 work_mem:4MB incremental:off max_workers:2 =====
SELECT * FROM s_1 ORDER BY a, b LIMIT 100
                                                        QUERY PLAN                                                        
--------------------------------------------------------------------------------------------------------------------------
 Limit  (cost=547.44..547.44 rows=1 width=20) (actual time=1.293..1.293 rows=0 loops=1)
   ->  Limit  (cost=546.19..546.44 rows=100 width=20) (actual time=1.280..1.289 rows=100 loops=1)
         ->  Sort  (cost=546.19..571.19 rows=10000 width=20) (actual time=1.279..1.283 rows=100 loops=1)
               Sort Key: s_1.a, s_1.b
               Sort Method: top-N heapsort  Memory: 35kB
               ->  Seq Scan on s_1  (cost=0.00..164.00 rows=10000 width=20) (actual time=0.004..0.517 rows=10000 loops=1)
 Planning time: 0.252 ms
 Execution time: 1.315 ms
(8 rows)

===== 174 [Wed Mar  7 01:59:38 CET 2018] scale:10000 groups:100 work_mem:4MB incremental:off max_workers:2 =====
SELECT * FROM s_2 ORDER BY a, b, c LIMIT 100
                                                        QUERY PLAN                                                        
--------------------------------------------------------------------------------------------------------------------------
 Limit  (cost=547.44..547.44 rows=1 width=20) (actual time=1.287..1.287 rows=0 loops=1)
   ->  Limit  (cost=546.19..546.44 rows=100 width=20) (actual time=1.274..1.283 rows=100 loops=1)
         ->  Sort  (cost=546.19..571.19 rows=10000 width=20) (actual time=1.274..1.278 rows=100 loops=1)
               Sort Key: s_2.a, s_2.b, s_2.c
               Sort Method: top-N heapsort  Memory: 32kB
               ->  Seq Scan on s_2  (cost=0.00..164.00 rows=10000 width=20) (actual time=0.007..0.518 rows=10000 loops=1)
 Planning time: 0.257 ms
 Execution time: 1.309 ms
(8 rows)

===== 175 [Wed Mar  7 01:59:38 CET 2018] scale:10000 groups:100 work_mem:4MB incremental:off max_workers:2 =====
SELECT * FROM s_3 ORDER BY a, b, c, d LIMIT 100
                                                        QUERY PLAN                                                        
--------------------------------------------------------------------------------------------------------------------------
 Limit  (cost=547.44..547.44 rows=1 width=20) (actual time=1.366..1.366 rows=0 loops=1)
   ->  Limit  (cost=546.19..546.44 rows=100 width=20) (actual time=1.353..1.363 rows=100 loops=1)
         ->  Sort  (cost=546.19..571.19 rows=10000 width=20) (actual time=1.353..1.357 rows=100 loops=1)
               Sort Key: s_3.a, s_3.b, s_3.c, s_3.d
               Sort Method: top-N heapsort  Memory: 32kB
               ->  Seq Scan on s_3  (cost=0.00..164.00 rows=10000 width=20) (actual time=0.007..0.514 rows=10000 loops=1)
 Planning time: 0.260 ms
 Execution time: 1.399 ms
(8 rows)

===== 176 [Wed Mar  7 01:59:38 CET 2018] scale:10000 groups:100 work_mem:4MB incremental:off max_workers:2 =====
SELECT * FROM s_4 ORDER BY a, b, c, d, e LIMIT 100
                                                        QUERY PLAN                                                        
--------------------------------------------------------------------------------------------------------------------------
 Limit  (cost=547.44..547.44 rows=1 width=20) (actual time=1.301..1.301 rows=0 loops=1)
   ->  Limit  (cost=546.19..546.44 rows=100 width=20) (actual time=1.288..1.297 rows=100 loops=1)
         ->  Sort  (cost=546.19..571.19 rows=10000 width=20) (actual time=1.288..1.291 rows=100 loops=1)
               Sort Key: s_4.a, s_4.b, s_4.c, s_4.d, s_4.e
               Sort Method: top-N heapsort  Memory: 32kB
               ->  Seq Scan on s_4  (cost=0.00..164.00 rows=10000 width=20) (actual time=0.004..0.518 rows=10000 loops=1)
 Planning time: 0.258 ms
 Execution time: 1.323 ms
(8 rows)

===== 177 [Wed Mar  7 01:59:38 CET 2018] scale:10000 groups:100 work_mem:8MB incremental:on max_workers:2 =====
SELECT * FROM s_1 ORDER BY a, b LIMIT 100
                                                                QUERY PLAN                                                                
------------------------------------------------------------------------------------------------------------------------------------------
 Limit  (cost=9.67..9.67 rows=1 width=20) (actual time=0.109..0.109 rows=0 loops=1)
   ->  Limit  (cost=6.90..8.67 rows=100 width=20) (actual time=0.065..0.105 rows=100 loops=1)
         ->  Incremental Sort  (cost=6.90..183.99 rows=10000 width=20) (actual time=0.065..0.100 rows=100 loops=1)
               Sort Key: s_1.a, s_1.b
               Presorted Key: s_1.a
               Sort Method: quicksort  Memory: 32kB
               Sort Groups: 2
               ->  Index Scan using s_1_a_idx on s_1  (cost=0.29..337.29 rows=10000 width=20) (actual time=0.006..0.023 rows=156 loops=1)
 Planning time: 0.258 ms
 Execution time: 0.134 ms
(10 rows)

===== 178 [Wed Mar  7 01:59:38 CET 2018] scale:10000 groups:100 work_mem:8MB incremental:on max_workers:2 =====
SELECT * FROM s_2 ORDER BY a, b, c LIMIT 100
                                                                 QUERY PLAN                                                                 
--------------------------------------------------------------------------------------------------------------------------------------------
 Limit  (cost=3.87..3.87 rows=1 width=20) (actual time=0.098..0.098 rows=0 loops=1)
   ->  Limit  (cost=0.87..2.87 rows=100 width=20) (actual time=0.054..0.094 rows=100 loops=1)
         ->  Incremental Sort  (cost=0.87..201.14 rows=10000 width=20) (actual time=0.054..0.089 rows=100 loops=1)
               Sort Key: s_2.a, s_2.b, s_2.c
               Presorted Key: s_2.a, s_2.b
               Sort Method: quicksort  Memory: 27kB
               Sort Groups: 4
               ->  Index Scan using s_2_a_b_idx on s_2  (cost=0.29..419.97 rows=10000 width=20) (actual time=0.012..0.025 rows=130 loops=1)
 Planning time: 0.273 ms
 Execution time: 0.122 ms
(10 rows)

===== 179 [Wed Mar  7 01:59:38 CET 2018] scale:10000 groups:100 work_mem:8MB incremental:on max_workers:2 =====
SELECT * FROM s_3 ORDER BY a, b, c, d LIMIT 100
                                                                  QUERY PLAN                                                                  
----------------------------------------------------------------------------------------------------------------------------------------------
 Limit  (cost=3.92..3.92 rows=1 width=20) (actual time=0.090..0.090 rows=0 loops=1)
   ->  Limit  (cost=0.91..2.92 rows=100 width=20) (actual time=0.057..0.087 rows=100 loops=1)
         ->  Incremental Sort  (cost=0.91..201.58 rows=10000 width=20) (actual time=0.057..0.081 rows=100 loops=1)
               Sort Key: s_3.a, s_3.b, s_3.c, s_3.d
               Presorted Key: s_3.a, s_3.b, s_3.c
               Sort Method: quicksort  Memory: 27kB
               Sort Groups: 4
               ->  Index Scan using s_3_a_b_c_idx on s_3  (cost=0.29..463.97 rows=10000 width=20) (actual time=0.009..0.022 rows=129 loops=1)
 Planning time: 0.279 ms
 Execution time: 0.113 ms
(10 rows)

===== 180 [Wed Mar  7 01:59:38 CET 2018] scale:10000 groups:100 work_mem:8MB incremental:on max_workers:2 =====
SELECT * FROM s_4 ORDER BY a, b, c, d, e LIMIT 100
                                                                   QUERY PLAN                                                                   
------------------------------------------------------------------------------------------------------------------------------------------------
 Limit  (cost=3.92..3.92 rows=1 width=20) (actual time=0.086..0.086 rows=0 loops=1)
   ->  Limit  (cost=0.91..2.92 rows=100 width=20) (actual time=0.053..0.082 rows=100 loops=1)
         ->  Incremental Sort  (cost=0.91..201.58 rows=10000 width=20) (actual time=0.053..0.076 rows=100 loops=1)
               Sort Key: s_4.a, s_4.b, s_4.c, s_4.d, s_4.e
               Presorted Key: s_4.a, s_4.b, s_4.c, s_4.d
               Sort Method: quicksort  Memory: 27kB
               Sort Groups: 4
               ->  Index Scan using s_4_a_b_c_d_idx on s_4  (cost=0.29..463.97 rows=10000 width=20) (actual time=0.005..0.018 rows=129 loops=1)
 Planning time: 0.277 ms
 Execution time: 0.108 ms
(10 rows)

===== 181 [Wed Mar  7 01:59:38 CET 2018] scale:10000 groups:100 work_mem:8MB incremental:off max_workers:2 =====
SELECT * FROM s_1 ORDER BY a, b LIMIT 100
                                                        QUERY PLAN                                                        
--------------------------------------------------------------------------------------------------------------------------
 Limit  (cost=547.44..547.44 rows=1 width=20) (actual time=1.288..1.288 rows=0 loops=1)
   ->  Limit  (cost=546.19..546.44 rows=100 width=20) (actual time=1.275..1.284 rows=100 loops=1)
         ->  Sort  (cost=546.19..571.19 rows=10000 width=20) (actual time=1.275..1.278 rows=100 loops=1)
               Sort Key: s_1.a, s_1.b
               Sort Method: top-N heapsort  Memory: 35kB
               ->  Seq Scan on s_1  (cost=0.00..164.00 rows=10000 width=20) (actual time=0.004..0.516 rows=10000 loops=1)
 Planning time: 0.268 ms
 Execution time: 1.310 ms
(8 rows)

===== 182 [Wed Mar  7 01:59:39 CET 2018] scale:10000 groups:100 work_mem:8MB incremental:off max_workers:2 =====
SELECT * FROM s_2 ORDER BY a, b, c LIMIT 100
                                                        QUERY PLAN                                                        
--------------------------------------------------------------------------------------------------------------------------
 Limit  (cost=547.44..547.44 rows=1 width=20) (actual time=1.294..1.294 rows=0 loops=1)
   ->  Limit  (cost=546.19..546.44 rows=100 width=20) (actual time=1.281..1.291 rows=100 loops=1)
         ->  Sort  (cost=546.19..571.19 rows=10000 width=20) (actual time=1.281..1.285 rows=100 loops=1)
               Sort Key: s_2.a, s_2.b, s_2.c
               Sort Method: top-N heapsort  Memory: 32kB
               ->  Seq Scan on s_2  (cost=0.00..164.00 rows=10000 width=20) (actual time=0.007..0.518 rows=10000 loops=1)
 Planning time: 0.258 ms
 Execution time: 1.318 ms
(8 rows)

===== 183 [Wed Mar  7 01:59:39 CET 2018] scale:10000 groups:100 work_mem:8MB incremental:off max_workers:2 =====
SELECT * FROM s_3 ORDER BY a, b, c, d LIMIT 100
                                                        QUERY PLAN                                                        
--------------------------------------------------------------------------------------------------------------------------
 Limit  (cost=547.44..547.44 rows=1 width=20) (actual time=1.422..1.422 rows=0 loops=1)
   ->  Limit  (cost=546.19..546.44 rows=100 width=20) (actual time=1.409..1.418 rows=100 loops=1)
         ->  Sort  (cost=546.19..571.19 rows=10000 width=20) (actual time=1.408..1.412 rows=100 loops=1)
               Sort Key: s_3.a, s_3.b, s_3.c, s_3.d
               Sort Method: top-N heapsort  Memory: 32kB
               ->  Seq Scan on s_3  (cost=0.00..164.00 rows=10000 width=20) (actual time=0.007..0.517 rows=10000 loops=1)
 Planning time: 0.261 ms
 Execution time: 1.444 ms
(8 rows)

===== 184 [Wed Mar  7 01:59:39 CET 2018] scale:10000 groups:100 work_mem:8MB incremental:off max_workers:2 =====
SELECT * FROM s_4 ORDER BY a, b, c, d, e LIMIT 100
                                                        QUERY PLAN                                                        
--------------------------------------------------------------------------------------------------------------------------
 Limit  (cost=547.44..547.44 rows=1 width=20) (actual time=1.290..1.290 rows=0 loops=1)
   ->  Limit  (cost=546.19..546.44 rows=100 width=20) (actual time=1.276..1.286 rows=100 loops=1)
         ->  Sort  (cost=546.19..571.19 rows=10000 width=20) (actual time=1.276..1.280 rows=100 loops=1)
               Sort Key: s_4.a, s_4.b, s_4.c, s_4.d, s_4.e
               Sort Method: top-N heapsort  Memory: 32kB
               ->  Seq Scan on s_4  (cost=0.00..164.00 rows=10000 width=20) (actual time=0.004..0.516 rows=10000 loops=1)
 Planning time: 0.257 ms
 Execution time: 1.311 ms
(8 rows)

===== 185 [Wed Mar  7 01:59:39 CET 2018] scale:10000 groups:100 work_mem:16MB incremental:on max_workers:2 =====
SELECT * FROM s_1 ORDER BY a, b LIMIT 100
                                                                QUERY PLAN                                                                
------------------------------------------------------------------------------------------------------------------------------------------
 Limit  (cost=9.67..9.67 rows=1 width=20) (actual time=0.106..0.106 rows=0 loops=1)
   ->  Limit  (cost=6.90..8.67 rows=100 width=20) (actual time=0.062..0.103 rows=100 loops=1)
         ->  Incremental Sort  (cost=6.90..183.99 rows=10000 width=20) (actual time=0.062..0.097 rows=100 loops=1)
               Sort Key: s_1.a, s_1.b
               Presorted Key: s_1.a
               Sort Method: quicksort  Memory: 32kB
               Sort Groups: 2
               ->  Index Scan using s_1_a_idx on s_1  (cost=0.29..337.29 rows=10000 width=20) (actual time=0.005..0.022 rows=156 loops=1)
 Planning time: 0.261 ms
 Execution time: 0.133 ms
(10 rows)

===== 186 [Wed Mar  7 01:59:39 CET 2018] scale:10000 groups:100 work_mem:16MB incremental:on max_workers:2 =====
SELECT * FROM s_2 ORDER BY a, b, c LIMIT 100
                                                                 QUERY PLAN                                                                 
--------------------------------------------------------------------------------------------------------------------------------------------
 Limit  (cost=3.87..3.87 rows=1 width=20) (actual time=0.095..0.095 rows=0 loops=1)
   ->  Limit  (cost=0.87..2.87 rows=100 width=20) (actual time=0.056..0.091 rows=100 loops=1)
         ->  Incremental Sort  (cost=0.87..201.14 rows=10000 width=20) (actual time=0.056..0.085 rows=100 loops=1)
               Sort Key: s_2.a, s_2.b, s_2.c
               Presorted Key: s_2.a, s_2.b
               Sort Method: quicksort  Memory: 27kB
               Sort Groups: 4
               ->  Index Scan using s_2_a_b_idx on s_2  (cost=0.29..419.97 rows=10000 width=20) (actual time=0.012..0.025 rows=130 loops=1)
 Planning time: 0.266 ms
 Execution time: 0.118 ms
(10 rows)

===== 187 [Wed Mar  7 01:59:39 CET 2018] scale:10000 groups:100 work_mem:16MB incremental:on max_workers:2 =====
SELECT * FROM s_3 ORDER BY a, b, c, d LIMIT 100
                                                                  QUERY PLAN                                                                  
----------------------------------------------------------------------------------------------------------------------------------------------
 Limit  (cost=3.92..3.92 rows=1 width=20) (actual time=0.102..0.102 rows=0 loops=1)
   ->  Limit  (cost=0.91..2.92 rows=100 width=20) (actual time=0.068..0.098 rows=100 loops=1)
         ->  Incremental Sort  (cost=0.91..201.58 rows=10000 width=20) (actual time=0.067..0.092 rows=100 loops=1)
               Sort Key: s_3.a, s_3.b, s_3.c, s_3.d
               Presorted Key: s_3.a, s_3.b, s_3.c
               Sort Method: quicksort  Memory: 27kB
               Sort Groups: 4
               ->  Index Scan using s_3_a_b_c_idx on s_3  (cost=0.29..463.97 rows=10000 width=20) (actual time=0.009..0.023 rows=129 loops=1)
 Planning time: 0.270 ms
 Execution time: 0.124 ms
(10 rows)

===== 188 [Wed Mar  7 01:59:39 CET 2018] scale:10000 groups:100 work_mem:16MB incremental:on max_workers:2 =====
SELECT * FROM s_4 ORDER BY a, b, c, d, e LIMIT 100
                                                                   QUERY PLAN                                                                   
------------------------------------------------------------------------------------------------------------------------------------------------
 Limit  (cost=3.92..3.92 rows=1 width=20) (actual time=0.083..0.083 rows=0 loops=1)
   ->  Limit  (cost=0.91..2.92 rows=100 width=20) (actual time=0.050..0.079 rows=100 loops=1)
         ->  Incremental Sort  (cost=0.91..201.58 rows=10000 width=20) (actual time=0.050..0.074 rows=100 loops=1)
               Sort Key: s_4.a, s_4.b, s_4.c, s_4.d, s_4.e
               Presorted Key: s_4.a, s_4.b, s_4.c, s_4.d
               Sort Method: quicksort  Memory: 27kB
               Sort Groups: 4
               ->  Index Scan using s_4_a_b_c_d_idx on s_4  (cost=0.29..463.97 rows=10000 width=20) (actual time=0.005..0.018 rows=129 loops=1)
 Planning time: 0.271 ms
 Execution time: 0.106 ms
(10 rows)

===== 189 [Wed Mar  7 01:59:39 CET 2018] scale:10000 groups:100 work_mem:16MB incremental:off max_workers:2 =====
SELECT * FROM s_1 ORDER BY a, b LIMIT 100
                                                        QUERY PLAN                                                        
--------------------------------------------------------------------------------------------------------------------------
 Limit  (cost=547.44..547.44 rows=1 width=20) (actual time=1.287..1.287 rows=0 loops=1)
   ->  Limit  (cost=546.19..546.44 rows=100 width=20) (actual time=1.274..1.283 rows=100 loops=1)
         ->  Sort  (cost=546.19..571.19 rows=10000 width=20) (actual time=1.273..1.277 rows=100 loops=1)
               Sort Key: s_1.a, s_1.b
               Sort Method: top-N heapsort  Memory: 35kB
               ->  Seq Scan on s_1  (cost=0.00..164.00 rows=10000 width=20) (actual time=0.004..0.516 rows=10000 loops=1)
 Planning time: 0.254 ms
 Execution time: 1.311 ms
(8 rows)

===== 190 [Wed Mar  7 01:59:39 CET 2018] scale:10000 groups:100 work_mem:16MB incremental:off max_workers:2 =====
SELECT * FROM s_2 ORDER BY a, b, c LIMIT 100
                                                        QUERY PLAN                                                        
--------------------------------------------------------------------------------------------------------------------------
 Limit  (cost=547.44..547.44 rows=1 width=20) (actual time=1.301..1.301 rows=0 loops=1)
   ->  Limit  (cost=546.19..546.44 rows=100 width=20) (actual time=1.288..1.297 rows=100 loops=1)
         ->  Sort  (cost=546.19..571.19 rows=10000 width=20) (actual time=1.288..1.292 rows=100 loops=1)
               Sort Key: s_2.a, s_2.b, s_2.c
               Sort Method: top-N heapsort  Memory: 32kB
               ->  Seq Scan on s_2  (cost=0.00..164.00 rows=10000 width=20) (actual time=0.007..0.520 rows=10000 loops=1)
 Planning time: 0.262 ms
 Execution time: 1.323 ms
(8 rows)

===== 191 [Wed Mar  7 01:59:39 CET 2018] scale:10000 groups:100 work_mem:16MB incremental:off max_workers:2 =====
SELECT * FROM s_3 ORDER BY a, b, c, d LIMIT 100
                                                        QUERY PLAN                                                        
--------------------------------------------------------------------------------------------------------------------------
 Limit  (cost=547.44..547.44 rows=1 width=20) (actual time=1.369..1.369 rows=0 loops=1)
   ->  Limit  (cost=546.19..546.44 rows=100 width=20) (actual time=1.356..1.365 rows=100 loops=1)
         ->  Sort  (cost=546.19..571.19 rows=10000 width=20) (actual time=1.355..1.359 rows=100 loops=1)
               Sort Key: s_3.a, s_3.b, s_3.c, s_3.d
               Sort Method: top-N heapsort  Memory: 32kB
               ->  Seq Scan on s_3  (cost=0.00..164.00 rows=10000 width=20) (actual time=0.007..0.516 rows=10000 loops=1)
 Planning time: 0.259 ms
 Execution time: 1.391 ms
(8 rows)

===== 192 [Wed Mar  7 01:59:39 CET 2018] scale:10000 groups:100 work_mem:16MB incremental:off max_workers:2 =====
SELECT * FROM s_4 ORDER BY a, b, c, d, e LIMIT 100
                                                        QUERY PLAN                                                        
--------------------------------------------------------------------------------------------------------------------------
 Limit  (cost=547.44..547.44 rows=1 width=20) (actual time=1.295..1.295 rows=0 loops=1)
   ->  Limit  (cost=546.19..546.44 rows=100 width=20) (actual time=1.281..1.291 rows=100 loops=1)
         ->  Sort  (cost=546.19..571.19 rows=10000 width=20) (actual time=1.281..1.285 rows=100 loops=1)
               Sort Key: s_4.a, s_4.b, s_4.c, s_4.d, s_4.e
               Sort Method: top-N heapsort  Memory: 32kB
               ->  Seq Scan on s_4  (cost=0.00..164.00 rows=10000 width=20) (actual time=0.004..0.523 rows=10000 loops=1)
 Planning time: 0.257 ms
 Execution time: 1.318 ms
(8 rows)

===== 193 [Wed Mar  7 01:59:39 CET 2018] scale:10000 groups:100 work_mem:32MB incremental:on max_workers:2 =====
SELECT * FROM s_1 ORDER BY a, b LIMIT 100
                                                                QUERY PLAN                                                                
------------------------------------------------------------------------------------------------------------------------------------------
 Limit  (cost=9.67..9.67 rows=1 width=20) (actual time=0.106..0.106 rows=0 loops=1)
   ->  Limit  (cost=6.90..8.67 rows=100 width=20) (actual time=0.062..0.102 rows=100 loops=1)
         ->  Incremental Sort  (cost=6.90..183.99 rows=10000 width=20) (actual time=0.061..0.096 rows=100 loops=1)
               Sort Key: s_1.a, s_1.b
               Presorted Key: s_1.a
               Sort Method: quicksort  Memory: 32kB
               Sort Groups: 2
               ->  Index Scan using s_1_a_idx on s_1  (cost=0.29..337.29 rows=10000 width=20) (actual time=0.006..0.023 rows=156 loops=1)
 Planning time: 0.259 ms
 Execution time: 0.131 ms
(10 rows)

===== 194 [Wed Mar  7 01:59:39 CET 2018] scale:10000 groups:100 work_mem:32MB incremental:on max_workers:2 =====
SELECT * FROM s_2 ORDER BY a, b, c LIMIT 100
                                                                 QUERY PLAN                                                                 
--------------------------------------------------------------------------------------------------------------------------------------------
 Limit  (cost=3.87..3.87 rows=1 width=20) (actual time=0.093..0.093 rows=0 loops=1)
   ->  Limit  (cost=0.87..2.87 rows=100 width=20) (actual time=0.054..0.089 rows=100 loops=1)
         ->  Incremental Sort  (cost=0.87..201.14 rows=10000 width=20) (actual time=0.054..0.083 rows=100 loops=1)
               Sort Key: s_2.a, s_2.b, s_2.c
               Presorted Key: s_2.a, s_2.b
               Sort Method: quicksort  Memory: 27kB
               Sort Groups: 4
               ->  Index Scan using s_2_a_b_idx on s_2  (cost=0.29..419.97 rows=10000 width=20) (actual time=0.011..0.025 rows=130 loops=1)
 Planning time: 0.270 ms
 Execution time: 0.117 ms
(10 rows)

===== 195 [Wed Mar  7 01:59:39 CET 2018] scale:10000 groups:100 work_mem:32MB incremental:on max_workers:2 =====
SELECT * FROM s_3 ORDER BY a, b, c, d LIMIT 100
                                                                  QUERY PLAN                                                                  
----------------------------------------------------------------------------------------------------------------------------------------------
 Limit  (cost=3.92..3.92 rows=1 width=20) (actual time=0.089..0.089 rows=0 loops=1)
   ->  Limit  (cost=0.91..2.92 rows=100 width=20) (actual time=0.056..0.086 rows=100 loops=1)
         ->  Incremental Sort  (cost=0.91..201.58 rows=10000 width=20) (actual time=0.056..0.080 rows=100 loops=1)
               Sort Key: s_3.a, s_3.b, s_3.c, s_3.d
               Presorted Key: s_3.a, s_3.b, s_3.c
               Sort Method: quicksort  Memory: 27kB
               Sort Groups: 4
               ->  Index Scan using s_3_a_b_c_idx on s_3  (cost=0.29..463.97 rows=10000 width=20) (actual time=0.009..0.022 rows=129 loops=1)
 Planning time: 0.278 ms
 Execution time: 0.112 ms
(10 rows)

===== 196 [Wed Mar  7 01:59:40 CET 2018] scale:10000 groups:100 work_mem:32MB incremental:on max_workers:2 =====
SELECT * FROM s_4 ORDER BY a, b, c, d, e LIMIT 100
                                                                   QUERY PLAN                                                                   
------------------------------------------------------------------------------------------------------------------------------------------------
 Limit  (cost=3.92..3.92 rows=1 width=20) (actual time=0.083..0.083 rows=0 loops=1)
   ->  Limit  (cost=0.91..2.92 rows=100 width=20) (actual time=0.050..0.080 rows=100 loops=1)
         ->  Incremental Sort  (cost=0.91..201.58 rows=10000 width=20) (actual time=0.050..0.074 rows=100 loops=1)
               Sort Key: s_4.a, s_4.b, s_4.c, s_4.d, s_4.e
               Presorted Key: s_4.a, s_4.b, s_4.c, s_4.d
               Sort Method: quicksort  Memory: 27kB
               Sort Groups: 4
               ->  Index Scan using s_4_a_b_c_d_idx on s_4  (cost=0.29..463.97 rows=10000 width=20) (actual time=0.005..0.018 rows=129 loops=1)
 Planning time: 0.268 ms
 Execution time: 0.107 ms
(10 rows)

===== 197 [Wed Mar  7 01:59:40 CET 2018] scale:10000 groups:100 work_mem:32MB incremental:off max_workers:2 =====
SELECT * FROM s_1 ORDER BY a, b LIMIT 100
                                                        QUERY PLAN                                                        
--------------------------------------------------------------------------------------------------------------------------
 Limit  (cost=547.44..547.44 rows=1 width=20) (actual time=1.294..1.294 rows=0 loops=1)
   ->  Limit  (cost=546.19..546.44 rows=100 width=20) (actual time=1.281..1.290 rows=100 loops=1)
         ->  Sort  (cost=546.19..571.19 rows=10000 width=20) (actual time=1.280..1.284 rows=100 loops=1)
               Sort Key: s_1.a, s_1.b
               Sort Method: top-N heapsort  Memory: 35kB
               ->  Seq Scan on s_1  (cost=0.00..164.00 rows=10000 width=20) (actual time=0.004..0.525 rows=10000 loops=1)
 Planning time: 0.257 ms
 Execution time: 1.316 ms
(8 rows)

===== 198 [Wed Mar  7 01:59:40 CET 2018] scale:10000 groups:100 work_mem:32MB incremental:off max_workers:2 =====
SELECT * FROM s_2 ORDER BY a, b, c LIMIT 100
                                                        QUERY PLAN                                                        
--------------------------------------------------------------------------------------------------------------------------
 Limit  (cost=547.44..547.44 rows=1 width=20) (actual time=1.299..1.299 rows=0 loops=1)
   ->  Limit  (cost=546.19..546.44 rows=100 width=20) (actual time=1.286..1.296 rows=100 loops=1)
         ->  Sort  (cost=546.19..571.19 rows=10000 width=20) (actual time=1.286..1.290 rows=100 loops=1)
               Sort Key: s_2.a, s_2.b, s_2.c
               Sort Method: top-N heapsort  Memory: 32kB
               ->  Seq Scan on s_2  (cost=0.00..164.00 rows=10000 width=20) (actual time=0.007..0.523 rows=10000 loops=1)
 Planning time: 0.260 ms
 Execution time: 1.322 ms
(8 rows)

===== 199 [Wed Mar  7 01:59:40 CET 2018] scale:10000 groups:100 work_mem:32MB incremental:off max_workers:2 =====
SELECT * FROM s_3 ORDER BY a, b, c, d LIMIT 100
                                                        QUERY PLAN                                                        
--------------------------------------------------------------------------------------------------------------------------
 Limit  (cost=547.44..547.44 rows=1 width=20) (actual time=1.401..1.401 rows=0 loops=1)
   ->  Limit  (cost=546.19..546.44 rows=100 width=20) (actual time=1.388..1.398 rows=100 loops=1)
         ->  Sort  (cost=546.19..571.19 rows=10000 width=20) (actual time=1.388..1.392 rows=100 loops=1)
               Sort Key: s_3.a, s_3.b, s_3.c, s_3.d
               Sort Method: top-N heapsort  Memory: 32kB
               ->  Seq Scan on s_3  (cost=0.00..164.00 rows=10000 width=20) (actual time=0.007..0.521 rows=10000 loops=1)
 Planning time: 0.261 ms
 Execution time: 1.425 ms
(8 rows)

===== 200 [Wed Mar  7 01:59:40 CET 2018] scale:10000 groups:100 work_mem:32MB incremental:off max_workers:2 =====
SELECT * FROM s_4 ORDER BY a, b, c, d, e LIMIT 100
                                                        QUERY PLAN                                                        
--------------------------------------------------------------------------------------------------------------------------
 Limit  (cost=547.44..547.44 rows=1 width=20) (actual time=1.300..1.300 rows=0 loops=1)
   ->  Limit  (cost=546.19..546.44 rows=100 width=20) (actual time=1.287..1.296 rows=100 loops=1)
         ->  Sort  (cost=546.19..571.19 rows=10000 width=20) (actual time=1.287..1.291 rows=100 loops=1)
               Sort Key: s_4.a, s_4.b, s_4.c, s_4.d, s_4.e
               Sort Method: top-N heapsort  Memory: 32kB
               ->  Seq Scan on s_4  (cost=0.00..164.00 rows=10000 width=20) (actual time=0.004..0.517 rows=10000 loops=1)
 Planning time: 0.256 ms
 Execution time: 1.323 ms
(8 rows)

===== 201 [Wed Mar  7 01:59:40 CET 2018] scale:10000 groups:100 work_mem:64MB incremental:on max_workers:2 =====
SELECT * FROM s_1 ORDER BY a, b LIMIT 100
                                                                QUERY PLAN                                                                
------------------------------------------------------------------------------------------------------------------------------------------
 Limit  (cost=9.67..9.67 rows=1 width=20) (actual time=0.107..0.107 rows=0 loops=1)
   ->  Limit  (cost=6.90..8.67 rows=100 width=20) (actual time=0.062..0.103 rows=100 loops=1)
         ->  Incremental Sort  (cost=6.90..183.99 rows=10000 width=20) (actual time=0.062..0.097 rows=100 loops=1)
               Sort Key: s_1.a, s_1.b
               Presorted Key: s_1.a
               Sort Method: quicksort  Memory: 32kB
               Sort Groups: 2
               ->  Index Scan using s_1_a_idx on s_1  (cost=0.29..337.29 rows=10000 width=20) (actual time=0.006..0.022 rows=156 loops=1)
 Planning time: 0.269 ms
 Execution time: 0.133 ms
(10 rows)

===== 202 [Wed Mar  7 01:59:40 CET 2018] scale:10000 groups:100 work_mem:64MB incremental:on max_workers:2 =====
SELECT * FROM s_2 ORDER BY a, b, c LIMIT 100
                                                                 QUERY PLAN                                                                 
--------------------------------------------------------------------------------------------------------------------------------------------
 Limit  (cost=3.87..3.87 rows=1 width=20) (actual time=0.093..0.093 rows=0 loops=1)
   ->  Limit  (cost=0.87..2.87 rows=100 width=20) (actual time=0.054..0.089 rows=100 loops=1)
         ->  Incremental Sort  (cost=0.87..201.14 rows=10000 width=20) (actual time=0.054..0.083 rows=100 loops=1)
               Sort Key: s_2.a, s_2.b, s_2.c
               Presorted Key: s_2.a, s_2.b
               Sort Method: quicksort  Memory: 27kB
               Sort Groups: 4
               ->  Index Scan using s_2_a_b_idx on s_2  (cost=0.29..419.97 rows=10000 width=20) (actual time=0.012..0.025 rows=130 loops=1)
 Planning time: 0.272 ms
 Execution time: 0.117 ms
(10 rows)

===== 203 [Wed Mar  7 01:59:40 CET 2018] scale:10000 groups:100 work_mem:64MB incremental:on max_workers:2 =====
SELECT * FROM s_3 ORDER BY a, b, c, d LIMIT 100
                                                                  QUERY PLAN                                                                  
----------------------------------------------------------------------------------------------------------------------------------------------
 Limit  (cost=3.92..3.92 rows=1 width=20) (actual time=0.091..0.091 rows=0 loops=1)
   ->  Limit  (cost=0.91..2.92 rows=100 width=20) (actual time=0.057..0.087 rows=100 loops=1)
         ->  Incremental Sort  (cost=0.91..201.58 rows=10000 width=20) (actual time=0.057..0.081 rows=100 loops=1)
               Sort Key: s_3.a, s_3.b, s_3.c, s_3.d
               Presorted Key: s_3.a, s_3.b, s_3.c
               Sort Method: quicksort  Memory: 27kB
               Sort Groups: 4
               ->  Index Scan using s_3_a_b_c_idx on s_3  (cost=0.29..463.97 rows=10000 width=20) (actual time=0.009..0.022 rows=129 loops=1)
 Planning time: 0.282 ms
 Execution time: 0.113 ms
(10 rows)

===== 204 [Wed Mar  7 01:59:40 CET 2018] scale:10000 groups:100 work_mem:64MB incremental:on max_workers:2 =====
SELECT * FROM s_4 ORDER BY a, b, c, d, e LIMIT 100
                                                                   QUERY PLAN                                                                   
------------------------------------------------------------------------------------------------------------------------------------------------
 Limit  (cost=3.92..3.92 rows=1 width=20) (actual time=0.084..0.084 rows=0 loops=1)
   ->  Limit  (cost=0.91..2.92 rows=100 width=20) (actual time=0.051..0.081 rows=100 loops=1)
         ->  Incremental Sort  (cost=0.91..201.58 rows=10000 width=20) (actual time=0.051..0.075 rows=100 loops=1)
               Sort Key: s_4.a, s_4.b, s_4.c, s_4.d, s_4.e
               Presorted Key: s_4.a, s_4.b, s_4.c, s_4.d
               Sort Method: quicksort  Memory: 27kB
               Sort Groups: 4
               ->  Index Scan using s_4_a_b_c_d_idx on s_4  (cost=0.29..463.97 rows=10000 width=20) (actual time=0.005..0.018 rows=129 loops=1)
 Planning time: 0.271 ms
 Execution time: 0.106 ms
(10 rows)

===== 205 [Wed Mar  7 01:59:40 CET 2018] scale:10000 groups:100 work_mem:64MB incremental:off max_workers:2 =====
SELECT * FROM s_1 ORDER BY a, b LIMIT 100
                                                        QUERY PLAN                                                        
--------------------------------------------------------------------------------------------------------------------------
 Limit  (cost=547.44..547.44 rows=1 width=20) (actual time=1.297..1.297 rows=0 loops=1)
   ->  Limit  (cost=546.19..546.44 rows=100 width=20) (actual time=1.284..1.294 rows=100 loops=1)
         ->  Sort  (cost=546.19..571.19 rows=10000 width=20) (actual time=1.284..1.288 rows=100 loops=1)
               Sort Key: s_1.a, s_1.b
               Sort Method: top-N heapsort  Memory: 35kB
               ->  Seq Scan on s_1  (cost=0.00..164.00 rows=10000 width=20) (actual time=0.004..0.524 rows=10000 loops=1)
 Planning time: 0.255 ms
 Execution time: 1.320 ms
(8 rows)

===== 206 [Wed Mar  7 01:59:40 CET 2018] scale:10000 groups:100 work_mem:64MB incremental:off max_workers:2 =====
SELECT * FROM s_2 ORDER BY a, b, c LIMIT 100
                                                        QUERY PLAN                                                        
--------------------------------------------------------------------------------------------------------------------------
 Limit  (cost=547.44..547.44 rows=1 width=20) (actual time=1.296..1.296 rows=0 loops=1)
   ->  Limit  (cost=546.19..546.44 rows=100 width=20) (actual time=1.283..1.292 rows=100 loops=1)
         ->  Sort  (cost=546.19..571.19 rows=10000 width=20) (actual time=1.283..1.286 rows=100 loops=1)
               Sort Key: s_2.a, s_2.b, s_2.c
               Sort Method: top-N heapsort  Memory: 32kB
               ->  Seq Scan on s_2  (cost=0.00..164.00 rows=10000 width=20) (actual time=0.007..0.519 rows=10000 loops=1)
 Planning time: 0.269 ms
 Execution time: 1.319 ms
(8 rows)

===== 207 [Wed Mar  7 01:59:40 CET 2018] scale:10000 groups:100 work_mem:64MB incremental:off max_workers:2 =====
SELECT * FROM s_3 ORDER BY a, b, c, d LIMIT 100
                                                        QUERY PLAN                                                        
--------------------------------------------------------------------------------------------------------------------------
 Limit  (cost=547.44..547.44 rows=1 width=20) (actual time=1.402..1.402 rows=0 loops=1)
   ->  Limit  (cost=546.19..546.44 rows=100 width=20) (actual time=1.389..1.399 rows=100 loops=1)
         ->  Sort  (cost=546.19..571.19 rows=10000 width=20) (actual time=1.389..1.393 rows=100 loops=1)
               Sort Key: s_3.a, s_3.b, s_3.c, s_3.d
               Sort Method: top-N heapsort  Memory: 32kB
               ->  Seq Scan on s_3  (cost=0.00..164.00 rows=10000 width=20) (actual time=0.007..0.518 rows=10000 loops=1)
 Planning time: 0.259 ms
 Execution time: 1.429 ms
(8 rows)

===== 208 [Wed Mar  7 01:59:40 CET 2018] scale:10000 groups:100 work_mem:64MB incremental:off max_workers:2 =====
SELECT * FROM s_4 ORDER BY a, b, c, d, e LIMIT 100
                                                        QUERY PLAN                                                        
--------------------------------------------------------------------------------------------------------------------------
 Limit  (cost=547.44..547.44 rows=1 width=20) (actual time=1.298..1.298 rows=0 loops=1)
   ->  Limit  (cost=546.19..546.44 rows=100 width=20) (actual time=1.285..1.295 rows=100 loops=1)
         ->  Sort  (cost=546.19..571.19 rows=10000 width=20) (actual time=1.285..1.289 rows=100 loops=1)
               Sort Key: s_4.a, s_4.b, s_4.c, s_4.d, s_4.e
               Sort Method: top-N heapsort  Memory: 32kB
               ->  Seq Scan on s_4  (cost=0.00..164.00 rows=10000 width=20) (actual time=0.004..0.520 rows=10000 loops=1)
 Planning time: 0.257 ms
 Execution time: 1.320 ms
(8 rows)

===== 209 [Wed Mar  7 01:59:41 CET 2018] scale:10000 groups:100 work_mem:128MB incremental:on max_workers:2 =====
SELECT * FROM s_1 ORDER BY a, b LIMIT 100
                                                                QUERY PLAN                                                                
------------------------------------------------------------------------------------------------------------------------------------------
 Limit  (cost=9.67..9.67 rows=1 width=20) (actual time=0.109..0.109 rows=0 loops=1)
   ->  Limit  (cost=6.90..8.67 rows=100 width=20) (actual time=0.065..0.106 rows=100 loops=1)
         ->  Incremental Sort  (cost=6.90..183.99 rows=10000 width=20) (actual time=0.065..0.100 rows=100 loops=1)
               Sort Key: s_1.a, s_1.b
               Presorted Key: s_1.a
               Sort Method: quicksort  Memory: 32kB
               Sort Groups: 2
               ->  Index Scan using s_1_a_idx on s_1  (cost=0.29..337.29 rows=10000 width=20) (actual time=0.006..0.023 rows=156 loops=1)
 Planning time: 0.259 ms
 Execution time: 0.134 ms
(10 rows)

===== 210 [Wed Mar  7 01:59:41 CET 2018] scale:10000 groups:100 work_mem:128MB incremental:on max_workers:2 =====
SELECT * FROM s_2 ORDER BY a, b, c LIMIT 100
                                                                 QUERY PLAN                                                                 
--------------------------------------------------------------------------------------------------------------------------------------------
 Limit  (cost=3.87..3.87 rows=1 width=20) (actual time=0.094..0.094 rows=0 loops=1)
   ->  Limit  (cost=0.87..2.87 rows=100 width=20) (actual time=0.055..0.090 rows=100 loops=1)
         ->  Incremental Sort  (cost=0.87..201.14 rows=10000 width=20) (actual time=0.054..0.084 rows=100 loops=1)
               Sort Key: s_2.a, s_2.b, s_2.c
               Presorted Key: s_2.a, s_2.b
               Sort Method: quicksort  Memory: 27kB
               Sort Groups: 4
               ->  Index Scan using s_2_a_b_idx on s_2  (cost=0.29..419.97 rows=10000 width=20) (actual time=0.012..0.025 rows=130 loops=1)
 Planning time: 0.276 ms
 Execution time: 0.117 ms
(10 rows)

===== 211 [Wed Mar  7 01:59:41 CET 2018] scale:10000 groups:100 work_mem:128MB incremental:on max_workers:2 =====
SELECT * FROM s_3 ORDER BY a, b, c, d LIMIT 100
                                                                  QUERY PLAN                                                                  
----------------------------------------------------------------------------------------------------------------------------------------------
 Limit  (cost=3.92..3.92 rows=1 width=20) (actual time=0.090..0.090 rows=0 loops=1)
   ->  Limit  (cost=0.91..2.92 rows=100 width=20) (actual time=0.057..0.086 rows=100 loops=1)
         ->  Incremental Sort  (cost=0.91..201.58 rows=10000 width=20) (actual time=0.057..0.081 rows=100 loops=1)
               Sort Key: s_3.a, s_3.b, s_3.c, s_3.d
               Presorted Key: s_3.a, s_3.b, s_3.c
               Sort Method: quicksort  Memory: 27kB
               Sort Groups: 4
               ->  Index Scan using s_3_a_b_c_idx on s_3  (cost=0.29..463.97 rows=10000 width=20) (actual time=0.009..0.022 rows=129 loops=1)
 Planning time: 0.271 ms
 Execution time: 0.112 ms
(10 rows)

===== 212 [Wed Mar  7 01:59:41 CET 2018] scale:10000 groups:100 work_mem:128MB incremental:on max_workers:2 =====
SELECT * FROM s_4 ORDER BY a, b, c, d, e LIMIT 100
                                                                   QUERY PLAN                                                                   
------------------------------------------------------------------------------------------------------------------------------------------------
 Limit  (cost=3.92..3.92 rows=1 width=20) (actual time=0.084..0.084 rows=0 loops=1)
   ->  Limit  (cost=0.91..2.92 rows=100 width=20) (actual time=0.051..0.080 rows=100 loops=1)
         ->  Incremental Sort  (cost=0.91..201.58 rows=10000 width=20) (actual time=0.051..0.074 rows=100 loops=1)
               Sort Key: s_4.a, s_4.b, s_4.c, s_4.d, s_4.e
               Presorted Key: s_4.a, s_4.b, s_4.c, s_4.d
               Sort Method: quicksort  Memory: 27kB
               Sort Groups: 4
               ->  Index Scan using s_4_a_b_c_d_idx on s_4  (cost=0.29..463.97 rows=10000 width=20) (actual time=0.005..0.018 rows=129 loops=1)
 Planning time: 0.272 ms
 Execution time: 0.107 ms
(10 rows)

===== 213 [Wed Mar  7 01:59:41 CET 2018] scale:10000 groups:100 work_mem:128MB incremental:off max_workers:2 =====
SELECT * FROM s_1 ORDER BY a, b LIMIT 100
                                                        QUERY PLAN                                                        
--------------------------------------------------------------------------------------------------------------------------
 Limit  (cost=547.44..547.44 rows=1 width=20) (actual time=1.292..1.292 rows=0 loops=1)
   ->  Limit  (cost=546.19..546.44 rows=100 width=20) (actual time=1.279..1.289 rows=100 loops=1)
         ->  Sort  (cost=546.19..571.19 rows=10000 width=20) (actual time=1.279..1.283 rows=100 loops=1)
               Sort Key: s_1.a, s_1.b
               Sort Method: top-N heapsort  Memory: 35kB
               ->  Seq Scan on s_1  (cost=0.00..164.00 rows=10000 width=20) (actual time=0.004..0.518 rows=10000 loops=1)
 Planning time: 0.255 ms
 Execution time: 1.315 ms
(8 rows)

===== 214 [Wed Mar  7 01:59:41 CET 2018] scale:10000 groups:100 work_mem:128MB incremental:off max_workers:2 =====
SELECT * FROM s_2 ORDER BY a, b, c LIMIT 100
                                                        QUERY PLAN                                                        
--------------------------------------------------------------------------------------------------------------------------
 Limit  (cost=547.44..547.44 rows=1 width=20) (actual time=1.302..1.302 rows=0 loops=1)
   ->  Limit  (cost=546.19..546.44 rows=100 width=20) (actual time=1.289..1.299 rows=100 loops=1)
         ->  Sort  (cost=546.19..571.19 rows=10000 width=20) (actual time=1.289..1.293 rows=100 loops=1)
               Sort Key: s_2.a, s_2.b, s_2.c
               Sort Method: top-N heapsort  Memory: 32kB
               ->  Seq Scan on s_2  (cost=0.00..164.00 rows=10000 width=20) (actual time=0.007..0.520 rows=10000 loops=1)
 Planning time: 0.260 ms
 Execution time: 1.325 ms
(8 rows)

===== 215 [Wed Mar  7 01:59:41 CET 2018] scale:10000 groups:100 work_mem:128MB incremental:off max_workers:2 =====
SELECT * FROM s_3 ORDER BY a, b, c, d LIMIT 100
                                                        QUERY PLAN                                                        
--------------------------------------------------------------------------------------------------------------------------
 Limit  (cost=547.44..547.44 rows=1 width=20) (actual time=1.386..1.386 rows=0 loops=1)
   ->  Limit  (cost=546.19..546.44 rows=100 width=20) (actual time=1.373..1.382 rows=100 loops=1)
         ->  Sort  (cost=546.19..571.19 rows=10000 width=20) (actual time=1.373..1.377 rows=100 loops=1)
               Sort Key: s_3.a, s_3.b, s_3.c, s_3.d
               Sort Method: top-N heapsort  Memory: 32kB
               ->  Seq Scan on s_3  (cost=0.00..164.00 rows=10000 width=20) (actual time=0.007..0.517 rows=10000 loops=1)
 Planning time: 0.262 ms
 Execution time: 1.408 ms
(8 rows)

===== 216 [Wed Mar  7 01:59:41 CET 2018] scale:10000 groups:100 work_mem:128MB incremental:off max_workers:2 =====
SELECT * FROM s_4 ORDER BY a, b, c, d, e LIMIT 100
                                                        QUERY PLAN                                                        
--------------------------------------------------------------------------------------------------------------------------
 Limit  (cost=547.44..547.44 rows=1 width=20) (actual time=1.295..1.295 rows=0 loops=1)
   ->  Limit  (cost=546.19..546.44 rows=100 width=20) (actual time=1.282..1.292 rows=100 loops=1)
         ->  Sort  (cost=546.19..571.19 rows=10000 width=20) (actual time=1.282..1.286 rows=100 loops=1)
               Sort Key: s_4.a, s_4.b, s_4.c, s_4.d, s_4.e
               Sort Method: top-N heapsort  Memory: 32kB
               ->  Seq Scan on s_4  (cost=0.00..164.00 rows=10000 width=20) (actual time=0.004..0.518 rows=10000 loops=1)
 Planning time: 0.258 ms
 Execution time: 1.317 ms
(8 rows)

===== 217 [Wed Mar  7 01:59:41 CET 2018] scale:10000 groups:100 work_mem:256MB incremental:on max_workers:2 =====
SELECT * FROM s_1 ORDER BY a, b LIMIT 100
                                                                QUERY PLAN                                                                
------------------------------------------------------------------------------------------------------------------------------------------
 Limit  (cost=9.67..9.67 rows=1 width=20) (actual time=0.107..0.107 rows=0 loops=1)
   ->  Limit  (cost=6.90..8.67 rows=100 width=20) (actual time=0.062..0.103 rows=100 loops=1)
         ->  Incremental Sort  (cost=6.90..183.99 rows=10000 width=20) (actual time=0.062..0.097 rows=100 loops=1)
               Sort Key: s_1.a, s_1.b
               Presorted Key: s_1.a
               Sort Method: quicksort  Memory: 32kB
               Sort Groups: 2
               ->  Index Scan using s_1_a_idx on s_1  (cost=0.29..337.29 rows=10000 width=20) (actual time=0.006..0.022 rows=156 loops=1)
 Planning time: 0.261 ms
 Execution time: 0.132 ms
(10 rows)

===== 218 [Wed Mar  7 01:59:41 CET 2018] scale:10000 groups:100 work_mem:256MB incremental:on max_workers:2 =====
SELECT * FROM s_2 ORDER BY a, b, c LIMIT 100
                                                                 QUERY PLAN                                                                 
--------------------------------------------------------------------------------------------------------------------------------------------
 Limit  (cost=3.87..3.87 rows=1 width=20) (actual time=0.093..0.093 rows=0 loops=1)
   ->  Limit  (cost=0.87..2.87 rows=100 width=20) (actual time=0.054..0.089 rows=100 loops=1)
         ->  Incremental Sort  (cost=0.87..201.14 rows=10000 width=20) (actual time=0.054..0.084 rows=100 loops=1)
               Sort Key: s_2.a, s_2.b, s_2.c
               Presorted Key: s_2.a, s_2.b
               Sort Method: quicksort  Memory: 27kB
               Sort Groups: 4
               ->  Index Scan using s_2_a_b_idx on s_2  (cost=0.29..419.97 rows=10000 width=20) (actual time=0.012..0.025 rows=130 loops=1)
 Planning time: 0.278 ms
 Execution time: 0.117 ms
(10 rows)

===== 219 [Wed Mar  7 01:59:41 CET 2018] scale:10000 groups:100 work_mem:256MB incremental:on max_workers:2 =====
SELECT * FROM s_3 ORDER BY a, b, c, d LIMIT 100
                                                                  QUERY PLAN                                                                  
----------------------------------------------------------------------------------------------------------------------------------------------
 Limit  (cost=3.92..3.92 rows=1 width=20) (actual time=0.089..0.089 rows=0 loops=1)
   ->  Limit  (cost=0.91..2.92 rows=100 width=20) (actual time=0.056..0.086 rows=100 loops=1)
         ->  Incremental Sort  (cost=0.91..201.58 rows=10000 width=20) (actual time=0.056..0.080 rows=100 loops=1)
               Sort Key: s_3.a, s_3.b, s_3.c, s_3.d
               Presorted Key: s_3.a, s_3.b, s_3.c
               Sort Method: quicksort  Memory: 27kB
               Sort Groups: 4
               ->  Index Scan using s_3_a_b_c_idx on s_3  (cost=0.29..463.97 rows=10000 width=20) (actual time=0.009..0.022 rows=129 loops=1)
 Planning time: 0.265 ms
 Execution time: 0.112 ms
(10 rows)

===== 220 [Wed Mar  7 01:59:41 CET 2018] scale:10000 groups:100 work_mem:256MB incremental:on max_workers:2 =====
SELECT * FROM s_4 ORDER BY a, b, c, d, e LIMIT 100
                                                                   QUERY PLAN                                                                   
------------------------------------------------------------------------------------------------------------------------------------------------
 Limit  (cost=3.92..3.92 rows=1 width=20) (actual time=0.084..0.084 rows=0 loops=1)
   ->  Limit  (cost=0.91..2.92 rows=100 width=20) (actual time=0.052..0.081 rows=100 loops=1)
         ->  Incremental Sort  (cost=0.91..201.58 rows=10000 width=20) (actual time=0.052..0.075 rows=100 loops=1)
               Sort Key: s_4.a, s_4.b, s_4.c, s_4.d, s_4.e
               Presorted Key: s_4.a, s_4.b, s_4.c, s_4.d
               Sort Method: quicksort  Memory: 27kB
               Sort Groups: 4
               ->  Index Scan using s_4_a_b_c_d_idx on s_4  (cost=0.29..463.97 rows=10000 width=20) (actual time=0.005..0.018 rows=129 loops=1)
 Planning time: 0.273 ms
 Execution time: 0.107 ms
(10 rows)

===== 221 [Wed Mar  7 01:59:41 CET 2018] scale:10000 groups:100 work_mem:256MB incremental:off max_workers:2 =====
SELECT * FROM s_1 ORDER BY a, b LIMIT 100
                                                        QUERY PLAN                                                        
--------------------------------------------------------------------------------------------------------------------------
 Limit  (cost=547.44..547.44 rows=1 width=20) (actual time=1.292..1.292 rows=0 loops=1)
   ->  Limit  (cost=546.19..546.44 rows=100 width=20) (actual time=1.279..1.288 rows=100 loops=1)
         ->  Sort  (cost=546.19..571.19 rows=10000 width=20) (actual time=1.278..1.282 rows=100 loops=1)
               Sort Key: s_1.a, s_1.b
               Sort Method: top-N heapsort  Memory: 35kB
               ->  Seq Scan on s_1  (cost=0.00..164.00 rows=10000 width=20) (actual time=0.004..0.519 rows=10000 loops=1)
 Planning time: 0.257 ms
 Execution time: 1.313 ms
(8 rows)

===== 222 [Wed Mar  7 01:59:41 CET 2018] scale:10000 groups:100 work_mem:256MB incremental:off max_workers:2 =====
SELECT * FROM s_2 ORDER BY a, b, c LIMIT 100
                                                        QUERY PLAN                                                        
--------------------------------------------------------------------------------------------------------------------------
 Limit  (cost=547.44..547.44 rows=1 width=20) (actual time=1.290..1.290 rows=0 loops=1)
   ->  Limit  (cost=546.19..546.44 rows=100 width=20) (actual time=1.277..1.286 rows=100 loops=1)
         ->  Sort  (cost=546.19..571.19 rows=10000 width=20) (actual time=1.277..1.281 rows=100 loops=1)
               Sort Key: s_2.a, s_2.b, s_2.c
               Sort Method: top-N heapsort  Memory: 32kB
               ->  Seq Scan on s_2  (cost=0.00..164.00 rows=10000 width=20) (actual time=0.007..0.518 rows=10000 loops=1)
 Planning time: 0.258 ms
 Execution time: 1.312 ms
(8 rows)

===== 223 [Wed Mar  7 01:59:42 CET 2018] scale:10000 groups:100 work_mem:256MB incremental:off max_workers:2 =====
SELECT * FROM s_3 ORDER BY a, b, c, d LIMIT 100
                                                        QUERY PLAN                                                        
--------------------------------------------------------------------------------------------------------------------------
 Limit  (cost=547.44..547.44 rows=1 width=20) (actual time=1.376..1.376 rows=0 loops=1)
   ->  Limit  (cost=546.19..546.44 rows=100 width=20) (actual time=1.363..1.372 rows=100 loops=1)
         ->  Sort  (cost=546.19..571.19 rows=10000 width=20) (actual time=1.363..1.367 rows=100 loops=1)
               Sort Key: s_3.a, s_3.b, s_3.c, s_3.d
               Sort Method: top-N heapsort  Memory: 32kB
               ->  Seq Scan on s_3  (cost=0.00..164.00 rows=10000 width=20) (actual time=0.007..0.517 rows=10000 loops=1)
 Planning time: 0.261 ms
 Execution time: 1.398 ms
(8 rows)

===== 224 [Wed Mar  7 01:59:42 CET 2018] scale:10000 groups:100 work_mem:256MB incremental:off max_workers:2 =====
SELECT * FROM s_4 ORDER BY a, b, c, d, e LIMIT 100
                                                        QUERY PLAN                                                        
--------------------------------------------------------------------------------------------------------------------------
 Limit  (cost=547.44..547.44 rows=1 width=20) (actual time=1.297..1.297 rows=0 loops=1)
   ->  Limit  (cost=546.19..546.44 rows=100 width=20) (actual time=1.284..1.294 rows=100 loops=1)
         ->  Sort  (cost=546.19..571.19 rows=10000 width=20) (actual time=1.284..1.288 rows=100 loops=1)
               Sort Key: s_4.a, s_4.b, s_4.c, s_4.d, s_4.e
               Sort Method: top-N heapsort  Memory: 32kB
               ->  Seq Scan on s_4  (cost=0.00..164.00 rows=10000 width=20) (actual time=0.004..0.525 rows=10000 loops=1)
 Planning time: 0.263 ms
 Execution time: 1.319 ms
(8 rows)

===== 225 [Wed Mar  7 01:59:42 CET 2018] scale:10000 groups:1000 work_mem:4MB incremental:on max_workers:0 =====
SELECT * FROM s_1 ORDER BY a, b LIMIT 100
                                                                QUERY PLAN                                                                
------------------------------------------------------------------------------------------------------------------------------------------
 Limit  (cost=3.78..3.78 rows=1 width=20) (actual time=0.104..0.104 rows=0 loops=1)
   ->  Limit  (cost=0.79..2.78 rows=100 width=20) (actual time=0.069..0.100 rows=100 loops=1)
         ->  Incremental Sort  (cost=0.79..200.34 rows=10000 width=20) (actual time=0.069..0.094 rows=100 loops=1)
               Sort Key: s_1.a, s_1.b
               Presorted Key: s_1.a
               Sort Method: quicksort  Memory: 28kB
               Sort Groups: 3
               ->  Index Scan using s_1_a_idx on s_1  (cost=0.29..337.29 rows=10000 width=20) (actual time=0.024..0.036 rows=111 loops=1)
 Planning time: 0.271 ms
 Execution time: 0.127 ms
(10 rows)

===== 226 [Wed Mar  7 01:59:43 CET 2018] scale:10000 groups:1000 work_mem:4MB incremental:on max_workers:0 =====
SELECT * FROM s_2 ORDER BY a, b, c LIMIT 100
                                                                 QUERY PLAN                                                                 
--------------------------------------------------------------------------------------------------------------------------------------------
 Limit  (cost=3.87..3.87 rows=1 width=20) (actual time=0.098..0.098 rows=0 loops=1)
   ->  Limit  (cost=0.87..2.87 rows=100 width=20) (actual time=0.066..0.095 rows=100 loops=1)
         ->  Incremental Sort  (cost=0.87..201.16 rows=10000 width=20) (actual time=0.066..0.089 rows=100 loops=1)
               Sort Key: s_2.a, s_2.b, s_2.c
               Presorted Key: s_2.a, s_2.b
               Sort Method: quicksort  Memory: 27kB
               Sort Groups: 4
               ->  Index Scan using s_2_a_b_idx on s_2  (cost=0.29..419.97 rows=10000 width=20) (actual time=0.022..0.036 rows=129 loops=1)
 Planning time: 0.290 ms
 Execution time: 0.121 ms
(10 rows)

===== 227 [Wed Mar  7 01:59:43 CET 2018] scale:10000 groups:1000 work_mem:4MB incremental:on max_workers:0 =====
SELECT * FROM s_3 ORDER BY a, b, c, d LIMIT 100
                                                                  QUERY PLAN                                                                  
----------------------------------------------------------------------------------------------------------------------------------------------
 Limit  (cost=3.92..3.92 rows=1 width=20) (actual time=0.100..0.100 rows=0 loops=1)
   ->  Limit  (cost=0.91..2.92 rows=100 width=20) (actual time=0.067..0.096 rows=100 loops=1)
         ->  Incremental Sort  (cost=0.91..201.60 rows=10000 width=20) (actual time=0.066..0.090 rows=100 loops=1)
               Sort Key: s_3.a, s_3.b, s_3.c, s_3.d
               Presorted Key: s_3.a, s_3.b, s_3.c
               Sort Method: quicksort  Memory: 27kB
               Sort Groups: 4
               ->  Index Scan using s_3_a_b_c_idx on s_3  (cost=0.29..463.97 rows=10000 width=20) (actual time=0.022..0.035 rows=129 loops=1)
 Planning time: 0.278 ms
 Execution time: 0.130 ms
(10 rows)

===== 228 [Wed Mar  7 01:59:43 CET 2018] scale:10000 groups:1000 work_mem:4MB incremental:on max_workers:0 =====
SELECT * FROM s_4 ORDER BY a, b, c, d, e LIMIT 100
                                                                   QUERY PLAN                                                                   
------------------------------------------------------------------------------------------------------------------------------------------------
 Limit  (cost=3.92..3.92 rows=1 width=20) (actual time=0.109..0.109 rows=0 loops=1)
   ->  Limit  (cost=0.91..2.92 rows=100 width=20) (actual time=0.077..0.105 rows=100 loops=1)
         ->  Incremental Sort  (cost=0.91..201.60 rows=10000 width=20) (actual time=0.077..0.100 rows=100 loops=1)
               Sort Key: s_4.a, s_4.b, s_4.c, s_4.d, s_4.e
               Presorted Key: s_4.a, s_4.b, s_4.c, s_4.d
               Sort Method: quicksort  Memory: 27kB
               Sort Groups: 4
               ->  Index Scan using s_4_a_b_c_d_idx on s_4  (cost=0.29..463.97 rows=10000 width=20) (actual time=0.029..0.043 rows=129 loops=1)
 Planning time: 0.282 ms
 Execution time: 0.132 ms
(10 rows)

===== 229 [Wed Mar  7 01:59:43 CET 2018] scale:10000 groups:1000 work_mem:4MB incremental:off max_workers:0 =====
SELECT * FROM s_1 ORDER BY a, b LIMIT 100
                                                        QUERY PLAN                                                        
--------------------------------------------------------------------------------------------------------------------------
 Limit  (cost=547.44..547.44 rows=1 width=20) (actual time=1.290..1.290 rows=0 loops=1)
   ->  Limit  (cost=546.19..546.44 rows=100 width=20) (actual time=1.277..1.286 rows=100 loops=1)
         ->  Sort  (cost=546.19..571.19 rows=10000 width=20) (actual time=1.277..1.281 rows=100 loops=1)
               Sort Key: s_1.a, s_1.b
               Sort Method: top-N heapsort  Memory: 33kB
               ->  Seq Scan on s_1  (cost=0.00..164.00 rows=10000 width=20) (actual time=0.004..0.529 rows=10000 loops=1)
 Planning time: 0.257 ms
 Execution time: 1.313 ms
(8 rows)

===== 230 [Wed Mar  7 01:59:43 CET 2018] scale:10000 groups:1000 work_mem:4MB incremental:off max_workers:0 =====
SELECT * FROM s_2 ORDER BY a, b, c LIMIT 100
                                                        QUERY PLAN                                                        
--------------------------------------------------------------------------------------------------------------------------
 Limit  (cost=547.44..547.44 rows=1 width=20) (actual time=1.295..1.295 rows=0 loops=1)
   ->  Limit  (cost=546.19..546.44 rows=100 width=20) (actual time=1.282..1.292 rows=100 loops=1)
         ->  Sort  (cost=546.19..571.19 rows=10000 width=20) (actual time=1.282..1.286 rows=100 loops=1)
               Sort Key: s_2.a, s_2.b, s_2.c
               Sort Method: top-N heapsort  Memory: 32kB
               ->  Seq Scan on s_2  (cost=0.00..164.00 rows=10000 width=20) (actual time=0.007..0.531 rows=10000 loops=1)
 Planning time: 0.269 ms
 Execution time: 1.318 ms
(8 rows)

===== 231 [Wed Mar  7 01:59:43 CET 2018] scale:10000 groups:1000 work_mem:4MB incremental:off max_workers:0 =====
SELECT * FROM s_3 ORDER BY a, b, c, d LIMIT 100
                                                        QUERY PLAN                                                        
--------------------------------------------------------------------------------------------------------------------------
 Limit  (cost=547.44..547.44 rows=1 width=20) (actual time=1.383..1.383 rows=0 loops=1)
   ->  Limit  (cost=546.19..546.44 rows=100 width=20) (actual time=1.370..1.379 rows=100 loops=1)
         ->  Sort  (cost=546.19..571.19 rows=10000 width=20) (actual time=1.370..1.374 rows=100 loops=1)
               Sort Key: s_3.a, s_3.b, s_3.c, s_3.d
               Sort Method: top-N heapsort  Memory: 32kB
               ->  Seq Scan on s_3  (cost=0.00..164.00 rows=10000 width=20) (actual time=0.007..0.523 rows=10000 loops=1)
 Planning time: 0.269 ms
 Execution time: 1.406 ms
(8 rows)

===== 232 [Wed Mar  7 01:59:43 CET 2018] scale:10000 groups:1000 work_mem:4MB incremental:off max_workers:0 =====
SELECT * FROM s_4 ORDER BY a, b, c, d, e LIMIT 100
                                                        QUERY PLAN                                                        
--------------------------------------------------------------------------------------------------------------------------
 Limit  (cost=547.44..547.44 rows=1 width=20) (actual time=1.293..1.293 rows=0 loops=1)
   ->  Limit  (cost=546.19..546.44 rows=100 width=20) (actual time=1.280..1.289 rows=100 loops=1)
         ->  Sort  (cost=546.19..571.19 rows=10000 width=20) (actual time=1.280..1.283 rows=100 loops=1)
               Sort Key: s_4.a, s_4.b, s_4.c, s_4.d, s_4.e
               Sort Method: top-N heapsort  Memory: 32kB
               ->  Seq Scan on s_4  (cost=0.00..164.00 rows=10000 width=20) (actual time=0.007..0.517 rows=10000 loops=1)
 Planning time: 0.260 ms
 Execution time: 1.315 ms
(8 rows)

===== 233 [Wed Mar  7 01:59:43 CET 2018] scale:10000 groups:1000 work_mem:8MB incremental:on max_workers:0 =====
SELECT * FROM s_1 ORDER BY a, b LIMIT 100
                                                                QUERY PLAN                                                                
------------------------------------------------------------------------------------------------------------------------------------------
 Limit  (cost=3.78..3.78 rows=1 width=20) (actual time=0.092..0.092 rows=0 loops=1)
   ->  Limit  (cost=0.79..2.78 rows=100 width=20) (actual time=0.057..0.089 rows=100 loops=1)
         ->  Incremental Sort  (cost=0.79..200.34 rows=10000 width=20) (actual time=0.057..0.083 rows=100 loops=1)
               Sort Key: s_1.a, s_1.b
               Presorted Key: s_1.a
               Sort Method: quicksort  Memory: 28kB
               Sort Groups: 3
               ->  Index Scan using s_1_a_idx on s_1  (cost=0.29..337.29 rows=10000 width=20) (actual time=0.012..0.024 rows=111 loops=1)
 Planning time: 0.269 ms
 Execution time: 0.115 ms
(10 rows)

===== 234 [Wed Mar  7 01:59:43 CET 2018] scale:10000 groups:1000 work_mem:8MB incremental:on max_workers:0 =====
SELECT * FROM s_2 ORDER BY a, b, c LIMIT 100
                                                                 QUERY PLAN                                                                 
--------------------------------------------------------------------------------------------------------------------------------------------
 Limit  (cost=3.87..3.87 rows=1 width=20) (actual time=0.083..0.083 rows=0 loops=1)
   ->  Limit  (cost=0.87..2.87 rows=100 width=20) (actual time=0.052..0.079 rows=100 loops=1)
         ->  Incremental Sort  (cost=0.87..201.16 rows=10000 width=20) (actual time=0.051..0.073 rows=100 loops=1)
               Sort Key: s_2.a, s_2.b, s_2.c
               Presorted Key: s_2.a, s_2.b
               Sort Method: quicksort  Memory: 27kB
               Sort Groups: 4
               ->  Index Scan using s_2_a_b_idx on s_2  (cost=0.29..419.97 rows=10000 width=20) (actual time=0.009..0.022 rows=129 loops=1)
 Planning time: 0.281 ms
 Execution time: 0.106 ms
(10 rows)

===== 235 [Wed Mar  7 01:59:43 CET 2018] scale:10000 groups:1000 work_mem:8MB incremental:on max_workers:0 =====
SELECT * FROM s_3 ORDER BY a, b, c, d LIMIT 100
                                                                  QUERY PLAN                                                                  
----------------------------------------------------------------------------------------------------------------------------------------------
 Limit  (cost=3.92..3.92 rows=1 width=20) (actual time=0.087..0.087 rows=0 loops=1)
   ->  Limit  (cost=0.91..2.92 rows=100 width=20) (actual time=0.054..0.083 rows=100 loops=1)
         ->  Incremental Sort  (cost=0.91..201.60 rows=10000 width=20) (actual time=0.054..0.077 rows=100 loops=1)
               Sort Key: s_3.a, s_3.b, s_3.c, s_3.d
               Presorted Key: s_3.a, s_3.b, s_3.c
               Sort Method: quicksort  Memory: 27kB
               Sort Groups: 4
               ->  Index Scan using s_3_a_b_c_idx on s_3  (cost=0.29..463.97 rows=10000 width=20) (actual time=0.009..0.022 rows=129 loops=1)
 Planning time: 0.283 ms
 Execution time: 0.112 ms
(10 rows)

===== 236 [Wed Mar  7 01:59:43 CET 2018] scale:10000 groups:1000 work_mem:8MB incremental:on max_workers:0 =====
SELECT * FROM s_4 ORDER BY a, b, c, d, e LIMIT 100
                                                                   QUERY PLAN                                                                   
------------------------------------------------------------------------------------------------------------------------------------------------
 Limit  (cost=3.92..3.92 rows=1 width=20) (actual time=0.096..0.096 rows=0 loops=1)
   ->  Limit  (cost=0.91..2.92 rows=100 width=20) (actual time=0.064..0.092 rows=100 loops=1)
         ->  Incremental Sort  (cost=0.91..201.60 rows=10000 width=20) (actual time=0.064..0.086 rows=100 loops=1)
               Sort Key: s_4.a, s_4.b, s_4.c, s_4.d, s_4.e
               Presorted Key: s_4.a, s_4.b, s_4.c, s_4.d
               Sort Method: quicksort  Memory: 27kB
               Sort Groups: 4
               ->  Index Scan using s_4_a_b_c_d_idx on s_4  (cost=0.29..463.97 rows=10000 width=20) (actual time=0.017..0.031 rows=129 loops=1)
 Planning time: 0.269 ms
 Execution time: 0.119 ms
(10 rows)

===== 237 [Wed Mar  7 01:59:43 CET 2018] scale:10000 groups:1000 work_mem:8MB incremental:off max_workers:0 =====
SELECT * FROM s_1 ORDER BY a, b LIMIT 100
                                                        QUERY PLAN                                                        
--------------------------------------------------------------------------------------------------------------------------
 Limit  (cost=547.44..547.44 rows=1 width=20) (actual time=1.288..1.288 rows=0 loops=1)
   ->  Limit  (cost=546.19..546.44 rows=100 width=20) (actual time=1.275..1.284 rows=100 loops=1)
         ->  Sort  (cost=546.19..571.19 rows=10000 width=20) (actual time=1.275..1.278 rows=100 loops=1)
               Sort Key: s_1.a, s_1.b
               Sort Method: top-N heapsort  Memory: 33kB
               ->  Seq Scan on s_1  (cost=0.00..164.00 rows=10000 width=20) (actual time=0.004..0.524 rows=10000 loops=1)
 Planning time: 0.261 ms
 Execution time: 1.311 ms
(8 rows)

===== 238 [Wed Mar  7 01:59:43 CET 2018] scale:10000 groups:1000 work_mem:8MB incremental:off max_workers:0 =====
SELECT * FROM s_2 ORDER BY a, b, c LIMIT 100
                                                        QUERY PLAN                                                        
--------------------------------------------------------------------------------------------------------------------------
 Limit  (cost=547.44..547.44 rows=1 width=20) (actual time=1.294..1.294 rows=0 loops=1)
   ->  Limit  (cost=546.19..546.44 rows=100 width=20) (actual time=1.281..1.290 rows=100 loops=1)
         ->  Sort  (cost=546.19..571.19 rows=10000 width=20) (actual time=1.280..1.284 rows=100 loops=1)
               Sort Key: s_2.a, s_2.b, s_2.c
               Sort Method: top-N heapsort  Memory: 32kB
               ->  Seq Scan on s_2  (cost=0.00..164.00 rows=10000 width=20) (actual time=0.007..0.528 rows=10000 loops=1)
 Planning time: 0.270 ms
 Execution time: 1.317 ms
(8 rows)

===== 239 [Wed Mar  7 01:59:43 CET 2018] scale:10000 groups:1000 work_mem:8MB incremental:off max_workers:0 =====
SELECT * FROM s_3 ORDER BY a, b, c, d LIMIT 100
                                                        QUERY PLAN                                                        
--------------------------------------------------------------------------------------------------------------------------
 Limit  (cost=547.44..547.44 rows=1 width=20) (actual time=1.375..1.375 rows=0 loops=1)
   ->  Limit  (cost=546.19..546.44 rows=100 width=20) (actual time=1.362..1.372 rows=100 loops=1)
         ->  Sort  (cost=546.19..571.19 rows=10000 width=20) (actual time=1.362..1.366 rows=100 loops=1)
               Sort Key: s_3.a, s_3.b, s_3.c, s_3.d
               Sort Method: top-N heapsort  Memory: 32kB
               ->  Seq Scan on s_3  (cost=0.00..164.00 rows=10000 width=20) (actual time=0.007..0.521 rows=10000 loops=1)
 Planning time: 0.269 ms
 Execution time: 1.398 ms
(8 rows)

===== 240 [Wed Mar  7 01:59:44 CET 2018] scale:10000 groups:1000 work_mem:8MB incremental:off max_workers:0 =====
SELECT * FROM s_4 ORDER BY a, b, c, d, e LIMIT 100
                                                        QUERY PLAN                                                        
--------------------------------------------------------------------------------------------------------------------------
 Limit  (cost=547.44..547.44 rows=1 width=20) (actual time=1.291..1.291 rows=0 loops=1)
   ->  Limit  (cost=546.19..546.44 rows=100 width=20) (actual time=1.278..1.288 rows=100 loops=1)
         ->  Sort  (cost=546.19..571.19 rows=10000 width=20) (actual time=1.278..1.282 rows=100 loops=1)
               Sort Key: s_4.a, s_4.b, s_4.c, s_4.d, s_4.e
               Sort Method: top-N heapsort  Memory: 32kB
               ->  Seq Scan on s_4  (cost=0.00..164.00 rows=10000 width=20) (actual time=0.007..0.518 rows=10000 loops=1)
 Planning time: 0.259 ms
 Execution time: 1.313 ms
(8 rows)

===== 241 [Wed Mar  7 01:59:44 CET 2018] scale:10000 groups:1000 work_mem:16MB incremental:on max_workers:0 =====
SELECT * FROM s_1 ORDER BY a, b LIMIT 100
                                                                QUERY PLAN                                                                
------------------------------------------------------------------------------------------------------------------------------------------
 Limit  (cost=3.78..3.78 rows=1 width=20) (actual time=0.094..0.094 rows=0 loops=1)
   ->  Limit  (cost=0.79..2.78 rows=100 width=20) (actual time=0.059..0.090 rows=100 loops=1)
         ->  Incremental Sort  (cost=0.79..200.34 rows=10000 width=20) (actual time=0.059..0.084 rows=100 loops=1)
               Sort Key: s_1.a, s_1.b
               Presorted Key: s_1.a
               Sort Method: quicksort  Memory: 28kB
               Sort Groups: 3
               ->  Index Scan using s_1_a_idx on s_1  (cost=0.29..337.29 rows=10000 width=20) (actual time=0.012..0.024 rows=111 loops=1)
 Planning time: 0.261 ms
 Execution time: 0.119 ms
(10 rows)

===== 242 [Wed Mar  7 01:59:44 CET 2018] scale:10000 groups:1000 work_mem:16MB incremental:on max_workers:0 =====
SELECT * FROM s_2 ORDER BY a, b, c LIMIT 100
                                                                 QUERY PLAN                                                                 
--------------------------------------------------------------------------------------------------------------------------------------------
 Limit  (cost=3.87..3.87 rows=1 width=20) (actual time=0.081..0.081 rows=0 loops=1)
   ->  Limit  (cost=0.87..2.87 rows=100 width=20) (actual time=0.049..0.077 rows=100 loops=1)
         ->  Incremental Sort  (cost=0.87..201.16 rows=10000 width=20) (actual time=0.049..0.071 rows=100 loops=1)
               Sort Key: s_2.a, s_2.b, s_2.c
               Presorted Key: s_2.a, s_2.b
               Sort Method: quicksort  Memory: 27kB
               Sort Groups: 4
               ->  Index Scan using s_2_a_b_idx on s_2  (cost=0.29..419.97 rows=10000 width=20) (actual time=0.009..0.023 rows=129 loops=1)
 Planning time: 0.280 ms
 Execution time: 0.104 ms
(10 rows)

===== 243 [Wed Mar  7 01:59:44 CET 2018] scale:10000 groups:1000 work_mem:16MB incremental:on max_workers:0 =====
SELECT * FROM s_3 ORDER BY a, b, c, d LIMIT 100
                                                                  QUERY PLAN                                                                  
----------------------------------------------------------------------------------------------------------------------------------------------
 Limit  (cost=3.92..3.92 rows=1 width=20) (actual time=0.087..0.087 rows=0 loops=1)
   ->  Limit  (cost=0.91..2.92 rows=100 width=20) (actual time=0.054..0.083 rows=100 loops=1)
         ->  Incremental Sort  (cost=0.91..201.60 rows=10000 width=20) (actual time=0.054..0.077 rows=100 loops=1)
               Sort Key: s_3.a, s_3.b, s_3.c, s_3.d
               Presorted Key: s_3.a, s_3.b, s_3.c
               Sort Method: quicksort  Memory: 27kB
               Sort Groups: 4
               ->  Index Scan using s_3_a_b_c_idx on s_3  (cost=0.29..463.97 rows=10000 width=20) (actual time=0.009..0.023 rows=129 loops=1)
 Planning time: 0.274 ms
 Execution time: 0.113 ms
(10 rows)

===== 244 [Wed Mar  7 01:59:44 CET 2018] scale:10000 groups:1000 work_mem:16MB incremental:on max_workers:0 =====
SELECT * FROM s_4 ORDER BY a, b, c, d, e LIMIT 100
                                                                   QUERY PLAN                                                                   
------------------------------------------------------------------------------------------------------------------------------------------------
 Limit  (cost=3.92..3.92 rows=1 width=20) (actual time=0.093..0.093 rows=0 loops=1)
   ->  Limit  (cost=0.91..2.92 rows=100 width=20) (actual time=0.061..0.089 rows=100 loops=1)
         ->  Incremental Sort  (cost=0.91..201.60 rows=10000 width=20) (actual time=0.061..0.084 rows=100 loops=1)
               Sort Key: s_4.a, s_4.b, s_4.c, s_4.d, s_4.e
               Presorted Key: s_4.a, s_4.b, s_4.c, s_4.d
               Sort Method: quicksort  Memory: 27kB
               Sort Groups: 4
               ->  Index Scan using s_4_a_b_c_d_idx on s_4  (cost=0.29..463.97 rows=10000 width=20) (actual time=0.017..0.030 rows=129 loops=1)
 Planning time: 0.271 ms
 Execution time: 0.116 ms
(10 rows)

===== 245 [Wed Mar  7 01:59:44 CET 2018] scale:10000 groups:1000 work_mem:16MB incremental:off max_workers:0 =====
SELECT * FROM s_1 ORDER BY a, b LIMIT 100
                                                        QUERY PLAN                                                        
--------------------------------------------------------------------------------------------------------------------------
 Limit  (cost=547.44..547.44 rows=1 width=20) (actual time=1.295..1.295 rows=0 loops=1)
   ->  Limit  (cost=546.19..546.44 rows=100 width=20) (actual time=1.282..1.291 rows=100 loops=1)
         ->  Sort  (cost=546.19..571.19 rows=10000 width=20) (actual time=1.282..1.285 rows=100 loops=1)
               Sort Key: s_1.a, s_1.b
               Sort Method: top-N heapsort  Memory: 33kB
               ->  Seq Scan on s_1  (cost=0.00..164.00 rows=10000 width=20) (actual time=0.004..0.529 rows=10000 loops=1)
 Planning time: 0.258 ms
 Execution time: 1.317 ms
(8 rows)

===== 246 [Wed Mar  7 01:59:44 CET 2018] scale:10000 groups:1000 work_mem:16MB incremental:off max_workers:0 =====
SELECT * FROM s_2 ORDER BY a, b, c LIMIT 100
                                                        QUERY PLAN                                                        
--------------------------------------------------------------------------------------------------------------------------
 Limit  (cost=547.44..547.44 rows=1 width=20) (actual time=1.291..1.291 rows=0 loops=1)
   ->  Limit  (cost=546.19..546.44 rows=100 width=20) (actual time=1.278..1.288 rows=100 loops=1)
         ->  Sort  (cost=546.19..571.19 rows=10000 width=20) (actual time=1.278..1.282 rows=100 loops=1)
               Sort Key: s_2.a, s_2.b, s_2.c
               Sort Method: top-N heapsort  Memory: 32kB
               ->  Seq Scan on s_2  (cost=0.00..164.00 rows=10000 width=20) (actual time=0.007..0.528 rows=10000 loops=1)
 Planning time: 0.277 ms
 Execution time: 1.314 ms
(8 rows)

===== 247 [Wed Mar  7 01:59:44 CET 2018] scale:10000 groups:1000 work_mem:16MB incremental:off max_workers:0 =====
SELECT * FROM s_3 ORDER BY a, b, c, d LIMIT 100
                                                        QUERY PLAN                                                        
--------------------------------------------------------------------------------------------------------------------------
 Limit  (cost=547.44..547.44 rows=1 width=20) (actual time=1.380..1.380 rows=0 loops=1)
   ->  Limit  (cost=546.19..546.44 rows=100 width=20) (actual time=1.367..1.377 rows=100 loops=1)
         ->  Sort  (cost=546.19..571.19 rows=10000 width=20) (actual time=1.367..1.371 rows=100 loops=1)
               Sort Key: s_3.a, s_3.b, s_3.c, s_3.d
               Sort Method: top-N heapsort  Memory: 32kB
               ->  Seq Scan on s_3  (cost=0.00..164.00 rows=10000 width=20) (actual time=0.007..0.522 rows=10000 loops=1)
 Planning time: 0.263 ms
 Execution time: 1.403 ms
(8 rows)

===== 248 [Wed Mar  7 01:59:44 CET 2018] scale:10000 groups:1000 work_mem:16MB incremental:off max_workers:0 =====
SELECT * FROM s_4 ORDER BY a, b, c, d, e LIMIT 100
                                                        QUERY PLAN                                                        
--------------------------------------------------------------------------------------------------------------------------
 Limit  (cost=547.44..547.44 rows=1 width=20) (actual time=1.285..1.285 rows=0 loops=1)
   ->  Limit  (cost=546.19..546.44 rows=100 width=20) (actual time=1.272..1.282 rows=100 loops=1)
         ->  Sort  (cost=546.19..571.19 rows=10000 width=20) (actual time=1.272..1.276 rows=100 loops=1)
               Sort Key: s_4.a, s_4.b, s_4.c, s_4.d, s_4.e
               Sort Method: top-N heapsort  Memory: 32kB
               ->  Seq Scan on s_4  (cost=0.00..164.00 rows=10000 width=20) (actual time=0.007..0.514 rows=10000 loops=1)
 Planning time: 0.256 ms
 Execution time: 1.308 ms
(8 rows)

===== 249 [Wed Mar  7 01:59:44 CET 2018] scale:10000 groups:1000 work_mem:32MB incremental:on max_workers:0 =====
SELECT * FROM s_1 ORDER BY a, b LIMIT 100
                                                                QUERY PLAN                                                                
------------------------------------------------------------------------------------------------------------------------------------------
 Limit  (cost=3.78..3.78 rows=1 width=20) (actual time=0.096..0.096 rows=0 loops=1)
   ->  Limit  (cost=0.79..2.78 rows=100 width=20) (actual time=0.061..0.092 rows=100 loops=1)
         ->  Incremental Sort  (cost=0.79..200.34 rows=10000 width=20) (actual time=0.061..0.086 rows=100 loops=1)
               Sort Key: s_1.a, s_1.b
               Presorted Key: s_1.a
               Sort Method: quicksort  Memory: 28kB
               Sort Groups: 3
               ->  Index Scan using s_1_a_idx on s_1  (cost=0.29..337.29 rows=10000 width=20) (actual time=0.012..0.024 rows=111 loops=1)
 Planning time: 0.269 ms
 Execution time: 0.121 ms
(10 rows)

===== 250 [Wed Mar  7 01:59:44 CET 2018] scale:10000 groups:1000 work_mem:32MB incremental:on max_workers:0 =====
SELECT * FROM s_2 ORDER BY a, b, c LIMIT 100
                                                                 QUERY PLAN                                                                 
--------------------------------------------------------------------------------------------------------------------------------------------
 Limit  (cost=3.87..3.87 rows=1 width=20) (actual time=0.082..0.082 rows=0 loops=1)
   ->  Limit  (cost=0.87..2.87 rows=100 width=20) (actual time=0.050..0.078 rows=100 loops=1)
         ->  Incremental Sort  (cost=0.87..201.16 rows=10000 width=20) (actual time=0.050..0.072 rows=100 loops=1)
               Sort Key: s_2.a, s_2.b, s_2.c
               Presorted Key: s_2.a, s_2.b
               Sort Method: quicksort  Memory: 27kB
               Sort Groups: 4
               ->  Index Scan using s_2_a_b_idx on s_2  (cost=0.29..419.97 rows=10000 width=20) (actual time=0.009..0.023 rows=129 loops=1)
 Planning time: 0.277 ms
 Execution time: 0.107 ms
(10 rows)

===== 251 [Wed Mar  7 01:59:44 CET 2018] scale:10000 groups:1000 work_mem:32MB incremental:on max_workers:0 =====
SELECT * FROM s_3 ORDER BY a, b, c, d LIMIT 100
                                                                  QUERY PLAN                                                                  
----------------------------------------------------------------------------------------------------------------------------------------------
 Limit  (cost=3.92..3.92 rows=1 width=20) (actual time=0.088..0.088 rows=0 loops=1)
   ->  Limit  (cost=0.91..2.92 rows=100 width=20) (actual time=0.055..0.084 rows=100 loops=1)
         ->  Incremental Sort  (cost=0.91..201.60 rows=10000 width=20) (actual time=0.055..0.078 rows=100 loops=1)
               Sort Key: s_3.a, s_3.b, s_3.c, s_3.d
               Presorted Key: s_3.a, s_3.b, s_3.c
               Sort Method: quicksort  Memory: 27kB
               Sort Groups: 4
               ->  Index Scan using s_3_a_b_c_idx on s_3  (cost=0.29..463.97 rows=10000 width=20) (actual time=0.009..0.022 rows=129 loops=1)
 Planning time: 0.272 ms
 Execution time: 0.110 ms
(10 rows)

===== 252 [Wed Mar  7 01:59:44 CET 2018] scale:10000 groups:1000 work_mem:32MB incremental:on max_workers:0 =====
SELECT * FROM s_4 ORDER BY a, b, c, d, e LIMIT 100
                                                                   QUERY PLAN                                                                   
------------------------------------------------------------------------------------------------------------------------------------------------
 Limit  (cost=3.92..3.92 rows=1 width=20) (actual time=0.094..0.094 rows=0 loops=1)
   ->  Limit  (cost=0.91..2.92 rows=100 width=20) (actual time=0.062..0.091 rows=100 loops=1)
         ->  Incremental Sort  (cost=0.91..201.60 rows=10000 width=20) (actual time=0.062..0.085 rows=100 loops=1)
               Sort Key: s_4.a, s_4.b, s_4.c, s_4.d, s_4.e
               Presorted Key: s_4.a, s_4.b, s_4.c, s_4.d
               Sort Method: quicksort  Memory: 27kB
               Sort Groups: 4
               ->  Index Scan using s_4_a_b_c_d_idx on s_4  (cost=0.29..463.97 rows=10000 width=20) (actual time=0.017..0.030 rows=129 loops=1)
 Planning time: 0.285 ms
 Execution time: 0.117 ms
(10 rows)

===== 253 [Wed Mar  7 01:59:44 CET 2018] scale:10000 groups:1000 work_mem:32MB incremental:off max_workers:0 =====
SELECT * FROM s_1 ORDER BY a, b LIMIT 100
                                                        QUERY PLAN                                                        
--------------------------------------------------------------------------------------------------------------------------
 Limit  (cost=547.44..547.44 rows=1 width=20) (actual time=1.283..1.283 rows=0 loops=1)
   ->  Limit  (cost=546.19..546.44 rows=100 width=20) (actual time=1.270..1.279 rows=100 loops=1)
         ->  Sort  (cost=546.19..571.19 rows=10000 width=20) (actual time=1.270..1.274 rows=100 loops=1)
               Sort Key: s_1.a, s_1.b
               Sort Method: top-N heapsort  Memory: 33kB
               ->  Seq Scan on s_1  (cost=0.00..164.00 rows=10000 width=20) (actual time=0.004..0.525 rows=10000 loops=1)
 Planning time: 0.257 ms
 Execution time: 1.306 ms
(8 rows)

===== 254 [Wed Mar  7 01:59:45 CET 2018] scale:10000 groups:1000 work_mem:32MB incremental:off max_workers:0 =====
SELECT * FROM s_2 ORDER BY a, b, c LIMIT 100
                                                        QUERY PLAN                                                        
--------------------------------------------------------------------------------------------------------------------------
 Limit  (cost=547.44..547.44 rows=1 width=20) (actual time=1.288..1.288 rows=0 loops=1)
   ->  Limit  (cost=546.19..546.44 rows=100 width=20) (actual time=1.275..1.284 rows=100 loops=1)
         ->  Sort  (cost=546.19..571.19 rows=10000 width=20) (actual time=1.275..1.278 rows=100 loops=1)
               Sort Key: s_2.a, s_2.b, s_2.c
               Sort Method: top-N heapsort  Memory: 32kB
               ->  Seq Scan on s_2  (cost=0.00..164.00 rows=10000 width=20) (actual time=0.007..0.521 rows=10000 loops=1)
 Planning time: 0.267 ms
 Execution time: 1.311 ms
(8 rows)

===== 255 [Wed Mar  7 01:59:45 CET 2018] scale:10000 groups:1000 work_mem:32MB incremental:off max_workers:0 =====
SELECT * FROM s_3 ORDER BY a, b, c, d LIMIT 100
                                                        QUERY PLAN                                                        
--------------------------------------------------------------------------------------------------------------------------
 Limit  (cost=547.44..547.44 rows=1 width=20) (actual time=1.559..1.559 rows=0 loops=1)
   ->  Limit  (cost=546.19..546.44 rows=100 width=20) (actual time=1.546..1.556 rows=100 loops=1)
         ->  Sort  (cost=546.19..571.19 rows=10000 width=20) (actual time=1.546..1.550 rows=100 loops=1)
               Sort Key: s_3.a, s_3.b, s_3.c, s_3.d
               Sort Method: top-N heapsort  Memory: 32kB
               ->  Seq Scan on s_3  (cost=0.00..164.00 rows=10000 width=20) (actual time=0.007..0.524 rows=10000 loops=1)
 Planning time: 0.263 ms
 Execution time: 1.582 ms
(8 rows)

===== 256 [Wed Mar  7 01:59:45 CET 2018] scale:10000 groups:1000 work_mem:32MB incremental:off max_workers:0 =====
SELECT * FROM s_4 ORDER BY a, b, c, d, e LIMIT 100
                                                        QUERY PLAN                                                        
--------------------------------------------------------------------------------------------------------------------------
 Limit  (cost=547.44..547.44 rows=1 width=20) (actual time=1.288..1.288 rows=0 loops=1)
   ->  Limit  (cost=546.19..546.44 rows=100 width=20) (actual time=1.274..1.284 rows=100 loops=1)
         ->  Sort  (cost=546.19..571.19 rows=10000 width=20) (actual time=1.274..1.278 rows=100 loops=1)
               Sort Key: s_4.a, s_4.b, s_4.c, s_4.d, s_4.e
               Sort Method: top-N heapsort  Memory: 32kB
               ->  Seq Scan on s_4  (cost=0.00..164.00 rows=10000 width=20) (actual time=0.007..0.514 rows=10000 loops=1)
 Planning time: 0.260 ms
 Execution time: 1.309 ms
(8 rows)

===== 257 [Wed Mar  7 01:59:45 CET 2018] scale:10000 groups:1000 work_mem:64MB incremental:on max_workers:0 =====
SELECT * FROM s_1 ORDER BY a, b LIMIT 100
                                                                QUERY PLAN                                                                
------------------------------------------------------------------------------------------------------------------------------------------
 Limit  (cost=3.78..3.78 rows=1 width=20) (actual time=0.089..0.089 rows=0 loops=1)
   ->  Limit  (cost=0.79..2.78 rows=100 width=20) (actual time=0.055..0.086 rows=100 loops=1)
         ->  Incremental Sort  (cost=0.79..200.34 rows=10000 width=20) (actual time=0.054..0.080 rows=100 loops=1)
               Sort Key: s_1.a, s_1.b
               Presorted Key: s_1.a
               Sort Method: quicksort  Memory: 28kB
               Sort Groups: 3
               ->  Index Scan using s_1_a_idx on s_1  (cost=0.29..337.29 rows=10000 width=20) (actual time=0.012..0.023 rows=111 loops=1)
 Planning time: 0.267 ms
 Execution time: 0.112 ms
(10 rows)

===== 258 [Wed Mar  7 01:59:45 CET 2018] scale:10000 groups:1000 work_mem:64MB incremental:on max_workers:0 =====
SELECT * FROM s_2 ORDER BY a, b, c LIMIT 100
                                                                 QUERY PLAN                                                                 
--------------------------------------------------------------------------------------------------------------------------------------------
 Limit  (cost=3.87..3.87 rows=1 width=20) (actual time=0.084..0.084 rows=0 loops=1)
   ->  Limit  (cost=0.87..2.87 rows=100 width=20) (actual time=0.052..0.080 rows=100 loops=1)
         ->  Incremental Sort  (cost=0.87..201.16 rows=10000 width=20) (actual time=0.052..0.074 rows=100 loops=1)
               Sort Key: s_2.a, s_2.b, s_2.c
               Presorted Key: s_2.a, s_2.b
               Sort Method: quicksort  Memory: 27kB
               Sort Groups: 4
               ->  Index Scan using s_2_a_b_idx on s_2  (cost=0.29..419.97 rows=10000 width=20) (actual time=0.009..0.023 rows=129 loops=1)
 Planning time: 0.278 ms
 Execution time: 0.111 ms
(10 rows)

===== 259 [Wed Mar  7 01:59:45 CET 2018] scale:10000 groups:1000 work_mem:64MB incremental:on max_workers:0 =====
SELECT * FROM s_3 ORDER BY a, b, c, d LIMIT 100
                                                                  QUERY PLAN                                                                  
----------------------------------------------------------------------------------------------------------------------------------------------
 Limit  (cost=3.92..3.92 rows=1 width=20) (actual time=0.087..0.087 rows=0 loops=1)
   ->  Limit  (cost=0.91..2.92 rows=100 width=20) (actual time=0.054..0.083 rows=100 loops=1)
         ->  Incremental Sort  (cost=0.91..201.60 rows=10000 width=20) (actual time=0.054..0.077 rows=100 loops=1)
               Sort Key: s_3.a, s_3.b, s_3.c, s_3.d
               Presorted Key: s_3.a, s_3.b, s_3.c
               Sort Method: quicksort  Memory: 27kB
               Sort Groups: 4
               ->  Index Scan using s_3_a_b_c_idx on s_3  (cost=0.29..463.97 rows=10000 width=20) (actual time=0.009..0.022 rows=129 loops=1)
 Planning time: 0.279 ms
 Execution time: 0.110 ms
(10 rows)

===== 260 [Wed Mar  7 01:59:45 CET 2018] scale:10000 groups:1000 work_mem:64MB incremental:on max_workers:0 =====
SELECT * FROM s_4 ORDER BY a, b, c, d, e LIMIT 100
                                                                   QUERY PLAN                                                                   
------------------------------------------------------------------------------------------------------------------------------------------------
 Limit  (cost=3.92..3.92 rows=1 width=20) (actual time=0.095..0.095 rows=0 loops=1)
   ->  Limit  (cost=0.91..2.92 rows=100 width=20) (actual time=0.063..0.092 rows=100 loops=1)
         ->  Incremental Sort  (cost=0.91..201.60 rows=10000 width=20) (actual time=0.063..0.086 rows=100 loops=1)
               Sort Key: s_4.a, s_4.b, s_4.c, s_4.d, s_4.e
               Presorted Key: s_4.a, s_4.b, s_4.c, s_4.d
               Sort Method: quicksort  Memory: 27kB
               Sort Groups: 4
               ->  Index Scan using s_4_a_b_c_d_idx on s_4  (cost=0.29..463.97 rows=10000 width=20) (actual time=0.017..0.031 rows=129 loops=1)
 Planning time: 0.269 ms
 Execution time: 0.119 ms
(10 rows)

===== 261 [Wed Mar  7 01:59:45 CET 2018] scale:10000 groups:1000 work_mem:64MB incremental:off max_workers:0 =====
SELECT * FROM s_1 ORDER BY a, b LIMIT 100
                                                        QUERY PLAN                                                        
--------------------------------------------------------------------------------------------------------------------------
 Limit  (cost=547.44..547.44 rows=1 width=20) (actual time=1.289..1.289 rows=0 loops=1)
   ->  Limit  (cost=546.19..546.44 rows=100 width=20) (actual time=1.276..1.285 rows=100 loops=1)
         ->  Sort  (cost=546.19..571.19 rows=10000 width=20) (actual time=1.276..1.279 rows=100 loops=1)
               Sort Key: s_1.a, s_1.b
               Sort Method: top-N heapsort  Memory: 33kB
               ->  Seq Scan on s_1  (cost=0.00..164.00 rows=10000 width=20) (actual time=0.004..0.527 rows=10000 loops=1)
 Planning time: 0.272 ms
 Execution time: 1.311 ms
(8 rows)

===== 262 [Wed Mar  7 01:59:45 CET 2018] scale:10000 groups:1000 work_mem:64MB incremental:off max_workers:0 =====
SELECT * FROM s_2 ORDER BY a, b, c LIMIT 100
                                                        QUERY PLAN                                                        
--------------------------------------------------------------------------------------------------------------------------
 Limit  (cost=547.44..547.44 rows=1 width=20) (actual time=1.293..1.293 rows=0 loops=1)
   ->  Limit  (cost=546.19..546.44 rows=100 width=20) (actual time=1.280..1.289 rows=100 loops=1)
         ->  Sort  (cost=546.19..571.19 rows=10000 width=20) (actual time=1.280..1.283 rows=100 loops=1)
               Sort Key: s_2.a, s_2.b, s_2.c
               Sort Method: top-N heapsort  Memory: 32kB
               ->  Seq Scan on s_2  (cost=0.00..164.00 rows=10000 width=20) (actual time=0.007..0.525 rows=10000 loops=1)
 Planning time: 0.270 ms
 Execution time: 1.317 ms
(8 rows)

===== 263 [Wed Mar  7 01:59:45 CET 2018] scale:10000 groups:1000 work_mem:64MB incremental:off max_workers:0 =====
SELECT * FROM s_3 ORDER BY a, b, c, d LIMIT 100
                                                        QUERY PLAN                                                        
--------------------------------------------------------------------------------------------------------------------------
 Limit  (cost=547.44..547.44 rows=1 width=20) (actual time=1.378..1.378 rows=0 loops=1)
   ->  Limit  (cost=546.19..546.44 rows=100 width=20) (actual time=1.365..1.374 rows=100 loops=1)
         ->  Sort  (cost=546.19..571.19 rows=10000 width=20) (actual time=1.364..1.368 rows=100 loops=1)
               Sort Key: s_3.a, s_3.b, s_3.c, s_3.d
               Sort Method: top-N heapsort  Memory: 32kB
               ->  Seq Scan on s_3  (cost=0.00..164.00 rows=10000 width=20) (actual time=0.007..0.526 rows=10000 loops=1)
 Planning time: 0.263 ms
 Execution time: 1.400 ms
(8 rows)

===== 264 [Wed Mar  7 01:59:45 CET 2018] scale:10000 groups:1000 work_mem:64MB incremental:off max_workers:0 =====
SELECT * FROM s_4 ORDER BY a, b, c, d, e LIMIT 100
                                                        QUERY PLAN                                                        
--------------------------------------------------------------------------------------------------------------------------
 Limit  (cost=547.44..547.44 rows=1 width=20) (actual time=1.284..1.284 rows=0 loops=1)
   ->  Limit  (cost=546.19..546.44 rows=100 width=20) (actual time=1.271..1.280 rows=100 loops=1)
         ->  Sort  (cost=546.19..571.19 rows=10000 width=20) (actual time=1.271..1.274 rows=100 loops=1)
               Sort Key: s_4.a, s_4.b, s_4.c, s_4.d, s_4.e
               Sort Method: top-N heapsort  Memory: 32kB
               ->  Seq Scan on s_4  (cost=0.00..164.00 rows=10000 width=20) (actual time=0.007..0.514 rows=10000 loops=1)
 Planning time: 0.263 ms
 Execution time: 1.306 ms
(8 rows)

===== 265 [Wed Mar  7 01:59:45 CET 2018] scale:10000 groups:1000 work_mem:128MB incremental:on max_workers:0 =====
SELECT * FROM s_1 ORDER BY a, b LIMIT 100
                                                                QUERY PLAN                                                                
------------------------------------------------------------------------------------------------------------------------------------------
 Limit  (cost=3.78..3.78 rows=1 width=20) (actual time=0.094..0.094 rows=0 loops=1)
   ->  Limit  (cost=0.79..2.78 rows=100 width=20) (actual time=0.060..0.091 rows=100 loops=1)
         ->  Incremental Sort  (cost=0.79..200.34 rows=10000 width=20) (actual time=0.059..0.085 rows=100 loops=1)
               Sort Key: s_1.a, s_1.b
               Presorted Key: s_1.a
               Sort Method: quicksort  Memory: 28kB
               Sort Groups: 3
               ->  Index Scan using s_1_a_idx on s_1  (cost=0.29..337.29 rows=10000 width=20) (actual time=0.011..0.024 rows=111 loops=1)
 Planning time: 0.264 ms
 Execution time: 0.125 ms
(10 rows)

===== 266 [Wed Mar  7 01:59:45 CET 2018] scale:10000 groups:1000 work_mem:128MB incremental:on max_workers:0 =====
SELECT * FROM s_2 ORDER BY a, b, c LIMIT 100
                                                                 QUERY PLAN                                                                 
--------------------------------------------------------------------------------------------------------------------------------------------
 Limit  (cost=3.87..3.87 rows=1 width=20) (actual time=0.083..0.083 rows=0 loops=1)
   ->  Limit  (cost=0.87..2.87 rows=100 width=20) (actual time=0.051..0.079 rows=100 loops=1)
         ->  Incremental Sort  (cost=0.87..201.16 rows=10000 width=20) (actual time=0.050..0.073 rows=100 loops=1)
               Sort Key: s_2.a, s_2.b, s_2.c
               Presorted Key: s_2.a, s_2.b
               Sort Method: quicksort  Memory: 27kB
               Sort Groups: 4
               ->  Index Scan using s_2_a_b_idx on s_2  (cost=0.29..419.97 rows=10000 width=20) (actual time=0.009..0.022 rows=129 loops=1)
 Planning time: 0.283 ms
 Execution time: 0.106 ms
(10 rows)

===== 267 [Wed Mar  7 01:59:45 CET 2018] scale:10000 groups:1000 work_mem:128MB incremental:on max_workers:0 =====
SELECT * FROM s_3 ORDER BY a, b, c, d LIMIT 100
                                                                  QUERY PLAN                                                                  
----------------------------------------------------------------------------------------------------------------------------------------------
 Limit  (cost=3.92..3.92 rows=1 width=20) (actual time=0.086..0.086 rows=0 loops=1)
   ->  Limit  (cost=0.91..2.92 rows=100 width=20) (actual time=0.053..0.082 rows=100 loops=1)
         ->  Incremental Sort  (cost=0.91..201.60 rows=10000 width=20) (actual time=0.053..0.076 rows=100 loops=1)
               Sort Key: s_3.a, s_3.b, s_3.c, s_3.d
               Presorted Key: s_3.a, s_3.b, s_3.c
               Sort Method: quicksort  Memory: 27kB
               Sort Groups: 4
               ->  Index Scan using s_3_a_b_c_idx on s_3  (cost=0.29..463.97 rows=10000 width=20) (actual time=0.009..0.023 rows=129 loops=1)
 Planning time: 0.271 ms
 Execution time: 0.108 ms
(10 rows)

===== 268 [Wed Mar  7 01:59:46 CET 2018] scale:10000 groups:1000 work_mem:128MB incremental:on max_workers:0 =====
SELECT * FROM s_4 ORDER BY a, b, c, d, e LIMIT 100
                                                                   QUERY PLAN                                                                   
------------------------------------------------------------------------------------------------------------------------------------------------
 Limit  (cost=3.92..3.92 rows=1 width=20) (actual time=0.093..0.093 rows=0 loops=1)
   ->  Limit  (cost=0.91..2.92 rows=100 width=20) (actual time=0.061..0.090 rows=100 loops=1)
         ->  Incremental Sort  (cost=0.91..201.60 rows=10000 width=20) (actual time=0.061..0.084 rows=100 loops=1)
               Sort Key: s_4.a, s_4.b, s_4.c, s_4.d, s_4.e
               Presorted Key: s_4.a, s_4.b, s_4.c, s_4.d
               Sort Method: quicksort  Memory: 27kB
               Sort Groups: 4
               ->  Index Scan using s_4_a_b_c_d_idx on s_4  (cost=0.29..463.97 rows=10000 width=20) (actual time=0.017..0.030 rows=129 loops=1)
 Planning time: 0.276 ms
 Execution time: 0.116 ms
(10 rows)

===== 269 [Wed Mar  7 01:59:46 CET 2018] scale:10000 groups:1000 work_mem:128MB incremental:off max_workers:0 =====
SELECT * FROM s_1 ORDER BY a, b LIMIT 100
                                                        QUERY PLAN                                                        
--------------------------------------------------------------------------------------------------------------------------
 Limit  (cost=547.44..547.44 rows=1 width=20) (actual time=1.284..1.284 rows=0 loops=1)
   ->  Limit  (cost=546.19..546.44 rows=100 width=20) (actual time=1.271..1.280 rows=100 loops=1)
         ->  Sort  (cost=546.19..571.19 rows=10000 width=20) (actual time=1.271..1.275 rows=100 loops=1)
               Sort Key: s_1.a, s_1.b
               Sort Method: top-N heapsort  Memory: 33kB
               ->  Seq Scan on s_1  (cost=0.00..164.00 rows=10000 width=20) (actual time=0.004..0.522 rows=10000 loops=1)
 Planning time: 0.268 ms
 Execution time: 1.307 ms
(8 rows)

===== 270 [Wed Mar  7 01:59:46 CET 2018] scale:10000 groups:1000 work_mem:128MB incremental:off max_workers:0 =====
SELECT * FROM s_2 ORDER BY a, b, c LIMIT 100
                                                        QUERY PLAN                                                        
--------------------------------------------------------------------------------------------------------------------------
 Limit  (cost=547.44..547.44 rows=1 width=20) (actual time=1.291..1.291 rows=0 loops=1)
   ->  Limit  (cost=546.19..546.44 rows=100 width=20) (actual time=1.278..1.287 rows=100 loops=1)
         ->  Sort  (cost=546.19..571.19 rows=10000 width=20) (actual time=1.277..1.281 rows=100 loops=1)
               Sort Key: s_2.a, s_2.b, s_2.c
               Sort Method: top-N heapsort  Memory: 32kB
               ->  Seq Scan on s_2  (cost=0.00..164.00 rows=10000 width=20) (actual time=0.007..0.522 rows=10000 loops=1)
 Planning time: 0.268 ms
 Execution time: 1.314 ms
(8 rows)

===== 271 [Wed Mar  7 01:59:46 CET 2018] scale:10000 groups:1000 work_mem:128MB incremental:off max_workers:0 =====
SELECT * FROM s_3 ORDER BY a, b, c, d LIMIT 100
                                                        QUERY PLAN                                                        
--------------------------------------------------------------------------------------------------------------------------
 Limit  (cost=547.44..547.44 rows=1 width=20) (actual time=1.365..1.365 rows=0 loops=1)
   ->  Limit  (cost=546.19..546.44 rows=100 width=20) (actual time=1.352..1.361 rows=100 loops=1)
         ->  Sort  (cost=546.19..571.19 rows=10000 width=20) (actual time=1.351..1.355 rows=100 loops=1)
               Sort Key: s_3.a, s_3.b, s_3.c, s_3.d
               Sort Method: top-N heapsort  Memory: 32kB
               ->  Seq Scan on s_3  (cost=0.00..164.00 rows=10000 width=20) (actual time=0.007..0.523 rows=10000 loops=1)
 Planning time: 0.260 ms
 Execution time: 1.387 ms
(8 rows)

===== 272 [Wed Mar  7 01:59:46 CET 2018] scale:10000 groups:1000 work_mem:128MB incremental:off max_workers:0 =====
SELECT * FROM s_4 ORDER BY a, b, c, d, e LIMIT 100
                                                        QUERY PLAN                                                        
--------------------------------------------------------------------------------------------------------------------------
 Limit  (cost=547.44..547.44 rows=1 width=20) (actual time=1.282..1.282 rows=0 loops=1)
   ->  Limit  (cost=546.19..546.44 rows=100 width=20) (actual time=1.269..1.278 rows=100 loops=1)
         ->  Sort  (cost=546.19..571.19 rows=10000 width=20) (actual time=1.269..1.272 rows=100 loops=1)
               Sort Key: s_4.a, s_4.b, s_4.c, s_4.d, s_4.e
               Sort Method: top-N heapsort  Memory: 32kB
               ->  Seq Scan on s_4  (cost=0.00..164.00 rows=10000 width=20) (actual time=0.007..0.513 rows=10000 loops=1)
 Planning time: 0.264 ms
 Execution time: 1.304 ms
(8 rows)

===== 273 [Wed Mar  7 01:59:46 CET 2018] scale:10000 groups:1000 work_mem:256MB incremental:on max_workers:0 =====
SELECT * FROM s_1 ORDER BY a, b LIMIT 100
                                                                QUERY PLAN                                                                
------------------------------------------------------------------------------------------------------------------------------------------
 Limit  (cost=3.78..3.78 rows=1 width=20) (actual time=0.094..0.094 rows=0 loops=1)
   ->  Limit  (cost=0.79..2.78 rows=100 width=20) (actual time=0.059..0.090 rows=100 loops=1)
         ->  Incremental Sort  (cost=0.79..200.34 rows=10000 width=20) (actual time=0.058..0.084 rows=100 loops=1)
               Sort Key: s_1.a, s_1.b
               Presorted Key: s_1.a
               Sort Method: quicksort  Memory: 28kB
               Sort Groups: 3
               ->  Index Scan using s_1_a_idx on s_1  (cost=0.29..337.29 rows=10000 width=20) (actual time=0.012..0.024 rows=111 loops=1)
 Planning time: 0.269 ms
 Execution time: 0.119 ms
(10 rows)

===== 274 [Wed Mar  7 01:59:46 CET 2018] scale:10000 groups:1000 work_mem:256MB incremental:on max_workers:0 =====
SELECT * FROM s_2 ORDER BY a, b, c LIMIT 100
                                                                 QUERY PLAN                                                                 
--------------------------------------------------------------------------------------------------------------------------------------------
 Limit  (cost=3.87..3.87 rows=1 width=20) (actual time=0.082..0.082 rows=0 loops=1)
   ->  Limit  (cost=0.87..2.87 rows=100 width=20) (actual time=0.051..0.079 rows=100 loops=1)
         ->  Incremental Sort  (cost=0.87..201.16 rows=10000 width=20) (actual time=0.050..0.073 rows=100 loops=1)
               Sort Key: s_2.a, s_2.b, s_2.c
               Presorted Key: s_2.a, s_2.b
               Sort Method: quicksort  Memory: 27kB
               Sort Groups: 4
               ->  Index Scan using s_2_a_b_idx on s_2  (cost=0.29..419.97 rows=10000 width=20) (actual time=0.009..0.022 rows=129 loops=1)
 Planning time: 0.285 ms
 Execution time: 0.106 ms
(10 rows)

===== 275 [Wed Mar  7 01:59:46 CET 2018] scale:10000 groups:1000 work_mem:256MB incremental:on max_workers:0 =====
SELECT * FROM s_3 ORDER BY a, b, c, d LIMIT 100
                                                                  QUERY PLAN                                                                  
----------------------------------------------------------------------------------------------------------------------------------------------
 Limit  (cost=3.92..3.92 rows=1 width=20) (actual time=0.086..0.086 rows=0 loops=1)
   ->  Limit  (cost=0.91..2.92 rows=100 width=20) (actual time=0.053..0.082 rows=100 loops=1)
         ->  Incremental Sort  (cost=0.91..201.60 rows=10000 width=20) (actual time=0.052..0.076 rows=100 loops=1)
               Sort Key: s_3.a, s_3.b, s_3.c, s_3.d
               Presorted Key: s_3.a, s_3.b, s_3.c
               Sort Method: quicksort  Memory: 27kB
               Sort Groups: 4
               ->  Index Scan using s_3_a_b_c_idx on s_3  (cost=0.29..463.97 rows=10000 width=20) (actual time=0.009..0.022 rows=129 loops=1)
 Planning time: 0.271 ms
 Execution time: 0.117 ms
(10 rows)

===== 276 [Wed Mar  7 01:59:46 CET 2018] scale:10000 groups:1000 work_mem:256MB incremental:on max_workers:0 =====
SELECT * FROM s_4 ORDER BY a, b, c, d, e LIMIT 100
                                                                   QUERY PLAN                                                                   
------------------------------------------------------------------------------------------------------------------------------------------------
 Limit  (cost=3.92..3.92 rows=1 width=20) (actual time=0.094..0.094 rows=0 loops=1)
   ->  Limit  (cost=0.91..2.92 rows=100 width=20) (actual time=0.062..0.091 rows=100 loops=1)
         ->  Incremental Sort  (cost=0.91..201.60 rows=10000 width=20) (actual time=0.062..0.085 rows=100 loops=1)
               Sort Key: s_4.a, s_4.b, s_4.c, s_4.d, s_4.e
               Presorted Key: s_4.a, s_4.b, s_4.c, s_4.d
               Sort Method: quicksort  Memory: 27kB
               Sort Groups: 4
               ->  Index Scan using s_4_a_b_c_d_idx on s_4  (cost=0.29..463.97 rows=10000 width=20) (actual time=0.018..0.031 rows=129 loops=1)
 Planning time: 0.283 ms
 Execution time: 0.117 ms
(10 rows)

===== 277 [Wed Mar  7 01:59:46 CET 2018] scale:10000 groups:1000 work_mem:256MB incremental:off max_workers:0 =====
SELECT * FROM s_1 ORDER BY a, b LIMIT 100
                                                        QUERY PLAN                                                        
--------------------------------------------------------------------------------------------------------------------------
 Limit  (cost=547.44..547.44 rows=1 width=20) (actual time=1.285..1.285 rows=0 loops=1)
   ->  Limit  (cost=546.19..546.44 rows=100 width=20) (actual time=1.272..1.282 rows=100 loops=1)
         ->  Sort  (cost=546.19..571.19 rows=10000 width=20) (actual time=1.272..1.276 rows=100 loops=1)
               Sort Key: s_1.a, s_1.b
               Sort Method: top-N heapsort  Memory: 33kB
               ->  Seq Scan on s_1  (cost=0.00..164.00 rows=10000 width=20) (actual time=0.004..0.524 rows=10000 loops=1)
 Planning time: 0.268 ms
 Execution time: 1.308 ms
(8 rows)

===== 278 [Wed Mar  7 01:59:46 CET 2018] scale:10000 groups:1000 work_mem:256MB incremental:off max_workers:0 =====
SELECT * FROM s_2 ORDER BY a, b, c LIMIT 100
                                                        QUERY PLAN                                                        
--------------------------------------------------------------------------------------------------------------------------
 Limit  (cost=547.44..547.44 rows=1 width=20) (actual time=1.289..1.289 rows=0 loops=1)
   ->  Limit  (cost=546.19..546.44 rows=100 width=20) (actual time=1.276..1.285 rows=100 loops=1)
         ->  Sort  (cost=546.19..571.19 rows=10000 width=20) (actual time=1.275..1.279 rows=100 loops=1)
               Sort Key: s_2.a, s_2.b, s_2.c
               Sort Method: top-N heapsort  Memory: 32kB
               ->  Seq Scan on s_2  (cost=0.00..164.00 rows=10000 width=20) (actual time=0.008..0.522 rows=10000 loops=1)
 Planning time: 0.265 ms
 Execution time: 1.312 ms
(8 rows)

===== 279 [Wed Mar  7 01:59:46 CET 2018] scale:10000 groups:1000 work_mem:256MB incremental:off max_workers:0 =====
SELECT * FROM s_3 ORDER BY a, b, c, d LIMIT 100
                                                        QUERY PLAN                                                        
--------------------------------------------------------------------------------------------------------------------------
 Limit  (cost=547.44..547.44 rows=1 width=20) (actual time=1.402..1.402 rows=0 loops=1)
   ->  Limit  (cost=546.19..546.44 rows=100 width=20) (actual time=1.389..1.398 rows=100 loops=1)
         ->  Sort  (cost=546.19..571.19 rows=10000 width=20) (actual time=1.388..1.392 rows=100 loops=1)
               Sort Key: s_3.a, s_3.b, s_3.c, s_3.d
               Sort Method: top-N heapsort  Memory: 32kB
               ->  Seq Scan on s_3  (cost=0.00..164.00 rows=10000 width=20) (actual time=0.007..0.521 rows=10000 loops=1)
 Planning time: 0.262 ms
 Execution time: 1.425 ms
(8 rows)

===== 280 [Wed Mar  7 01:59:46 CET 2018] scale:10000 groups:1000 work_mem:256MB incremental:off max_workers:0 =====
SELECT * FROM s_4 ORDER BY a, b, c, d, e LIMIT 100
                                                        QUERY PLAN                                                        
--------------------------------------------------------------------------------------------------------------------------
 Limit  (cost=547.44..547.44 rows=1 width=20) (actual time=1.284..1.284 rows=0 loops=1)
   ->  Limit  (cost=546.19..546.44 rows=100 width=20) (actual time=1.271..1.280 rows=100 loops=1)
         ->  Sort  (cost=546.19..571.19 rows=10000 width=20) (actual time=1.270..1.274 rows=100 loops=1)
               Sort Key: s_4.a, s_4.b, s_4.c, s_4.d, s_4.e
               Sort Method: top-N heapsort  Memory: 32kB
               ->  Seq Scan on s_4  (cost=0.00..164.00 rows=10000 width=20) (actual time=0.007..0.519 rows=10000 loops=1)
 Planning time: 0.260 ms
 Execution time: 1.306 ms
(8 rows)

===== 281 [Wed Mar  7 01:59:47 CET 2018] scale:10000 groups:1000 work_mem:4MB incremental:on max_workers:2 =====
SELECT * FROM s_1 ORDER BY a, b LIMIT 100
                                                                QUERY PLAN                                                                
------------------------------------------------------------------------------------------------------------------------------------------
 Limit  (cost=3.78..3.78 rows=1 width=20) (actual time=0.094..0.094 rows=0 loops=1)
   ->  Limit  (cost=0.79..2.78 rows=100 width=20) (actual time=0.059..0.090 rows=100 loops=1)
         ->  Incremental Sort  (cost=0.79..200.34 rows=10000 width=20) (actual time=0.059..0.084 rows=100 loops=1)
               Sort Key: s_1.a, s_1.b
               Presorted Key: s_1.a
               Sort Method: quicksort  Memory: 28kB
               Sort Groups: 3
               ->  Index Scan using s_1_a_idx on s_1  (cost=0.29..337.29 rows=10000 width=20) (actual time=0.012..0.024 rows=111 loops=1)
 Planning time: 0.269 ms
 Execution time: 0.119 ms
(10 rows)

===== 282 [Wed Mar  7 01:59:47 CET 2018] scale:10000 groups:1000 work_mem:4MB incremental:on max_workers:2 =====
SELECT * FROM s_2 ORDER BY a, b, c LIMIT 100
                                                                 QUERY PLAN                                                                 
--------------------------------------------------------------------------------------------------------------------------------------------
 Limit  (cost=3.87..3.87 rows=1 width=20) (actual time=0.081..0.081 rows=0 loops=1)
   ->  Limit  (cost=0.87..2.87 rows=100 width=20) (actual time=0.049..0.078 rows=100 loops=1)
         ->  Incremental Sort  (cost=0.87..201.16 rows=10000 width=20) (actual time=0.049..0.072 rows=100 loops=1)
               Sort Key: s_2.a, s_2.b, s_2.c
               Presorted Key: s_2.a, s_2.b
               Sort Method: quicksort  Memory: 27kB
               Sort Groups: 4
               ->  Index Scan using s_2_a_b_idx on s_2  (cost=0.29..419.97 rows=10000 width=20) (actual time=0.009..0.022 rows=129 loops=1)
 Planning time: 0.282 ms
 Execution time: 0.104 ms
(10 rows)

===== 283 [Wed Mar  7 01:59:47 CET 2018] scale:10000 groups:1000 work_mem:4MB incremental:on max_workers:2 =====
SELECT * FROM s_3 ORDER BY a, b, c, d LIMIT 100
                                                                  QUERY PLAN                                                                  
----------------------------------------------------------------------------------------------------------------------------------------------
 Limit  (cost=3.92..3.92 rows=1 width=20) (actual time=0.088..0.088 rows=0 loops=1)
   ->  Limit  (cost=0.91..2.92 rows=100 width=20) (actual time=0.055..0.084 rows=100 loops=1)
         ->  Incremental Sort  (cost=0.91..201.60 rows=10000 width=20) (actual time=0.055..0.078 rows=100 loops=1)
               Sort Key: s_3.a, s_3.b, s_3.c, s_3.d
               Presorted Key: s_3.a, s_3.b, s_3.c
               Sort Method: quicksort  Memory: 27kB
               Sort Groups: 4
               ->  Index Scan using s_3_a_b_c_idx on s_3  (cost=0.29..463.97 rows=10000 width=20) (actual time=0.009..0.022 rows=129 loops=1)
 Planning time: 0.288 ms
 Execution time: 0.110 ms
(10 rows)

===== 284 [Wed Mar  7 01:59:47 CET 2018] scale:10000 groups:1000 work_mem:4MB incremental:on max_workers:2 =====
SELECT * FROM s_4 ORDER BY a, b, c, d, e LIMIT 100
                                                                   QUERY PLAN                                                                   
------------------------------------------------------------------------------------------------------------------------------------------------
 Limit  (cost=3.92..3.92 rows=1 width=20) (actual time=0.102..0.102 rows=0 loops=1)
   ->  Limit  (cost=0.91..2.92 rows=100 width=20) (actual time=0.061..0.098 rows=100 loops=1)
         ->  Incremental Sort  (cost=0.91..201.60 rows=10000 width=20) (actual time=0.061..0.092 rows=100 loops=1)
               Sort Key: s_4.a, s_4.b, s_4.c, s_4.d, s_4.e
               Presorted Key: s_4.a, s_4.b, s_4.c, s_4.d
               Sort Method: quicksort  Memory: 27kB
               Sort Groups: 4
               ->  Index Scan using s_4_a_b_c_d_idx on s_4  (cost=0.29..463.97 rows=10000 width=20) (actual time=0.017..0.031 rows=129 loops=1)
 Planning time: 0.273 ms
 Execution time: 0.125 ms
(10 rows)

===== 285 [Wed Mar  7 01:59:47 CET 2018] scale:10000 groups:1000 work_mem:4MB incremental:off max_workers:2 =====
SELECT * FROM s_1 ORDER BY a, b LIMIT 100
                                                        QUERY PLAN                                                        
--------------------------------------------------------------------------------------------------------------------------
 Limit  (cost=547.44..547.44 rows=1 width=20) (actual time=1.292..1.292 rows=0 loops=1)
   ->  Limit  (cost=546.19..546.44 rows=100 width=20) (actual time=1.279..1.289 rows=100 loops=1)
         ->  Sort  (cost=546.19..571.19 rows=10000 width=20) (actual time=1.279..1.283 rows=100 loops=1)
               Sort Key: s_1.a, s_1.b
               Sort Method: top-N heapsort  Memory: 33kB
               ->  Seq Scan on s_1  (cost=0.00..164.00 rows=10000 width=20) (actual time=0.004..0.533 rows=10000 loops=1)
 Planning time: 0.260 ms
 Execution time: 1.317 ms
(8 rows)

===== 286 [Wed Mar  7 01:59:47 CET 2018] scale:10000 groups:1000 work_mem:4MB incremental:off max_workers:2 =====
SELECT * FROM s_2 ORDER BY a, b, c LIMIT 100
                                                        QUERY PLAN                                                        
--------------------------------------------------------------------------------------------------------------------------
 Limit  (cost=547.44..547.44 rows=1 width=20) (actual time=1.291..1.291 rows=0 loops=1)
   ->  Limit  (cost=546.19..546.44 rows=100 width=20) (actual time=1.278..1.287 rows=100 loops=1)
         ->  Sort  (cost=546.19..571.19 rows=10000 width=20) (actual time=1.277..1.281 rows=100 loops=1)
               Sort Key: s_2.a, s_2.b, s_2.c
               Sort Method: top-N heapsort  Memory: 32kB
               ->  Seq Scan on s_2  (cost=0.00..164.00 rows=10000 width=20) (actual time=0.007..0.521 rows=10000 loops=1)
 Planning time: 0.272 ms
 Execution time: 1.313 ms
(8 rows)

===== 287 [Wed Mar  7 01:59:47 CET 2018] scale:10000 groups:1000 work_mem:4MB incremental:off max_workers:2 =====
SELECT * FROM s_3 ORDER BY a, b, c, d LIMIT 100
                                                        QUERY PLAN                                                        
--------------------------------------------------------------------------------------------------------------------------
 Limit  (cost=547.44..547.44 rows=1 width=20) (actual time=1.385..1.385 rows=0 loops=1)
   ->  Limit  (cost=546.19..546.44 rows=100 width=20) (actual time=1.372..1.382 rows=100 loops=1)
         ->  Sort  (cost=546.19..571.19 rows=10000 width=20) (actual time=1.372..1.376 rows=100 loops=1)
               Sort Key: s_3.a, s_3.b, s_3.c, s_3.d
               Sort Method: top-N heapsort  Memory: 32kB
               ->  Seq Scan on s_3  (cost=0.00..164.00 rows=10000 width=20) (actual time=0.007..0.528 rows=10000 loops=1)
 Planning time: 0.267 ms
 Execution time: 1.408 ms
(8 rows)

===== 288 [Wed Mar  7 01:59:47 CET 2018] scale:10000 groups:1000 work_mem:4MB incremental:off max_workers:2 =====
SELECT * FROM s_4 ORDER BY a, b, c, d, e LIMIT 100
                                                        QUERY PLAN                                                        
--------------------------------------------------------------------------------------------------------------------------
 Limit  (cost=547.44..547.44 rows=1 width=20) (actual time=1.286..1.286 rows=0 loops=1)
   ->  Limit  (cost=546.19..546.44 rows=100 width=20) (actual time=1.273..1.282 rows=100 loops=1)
         ->  Sort  (cost=546.19..571.19 rows=10000 width=20) (actual time=1.273..1.276 rows=100 loops=1)
               Sort Key: s_4.a, s_4.b, s_4.c, s_4.d, s_4.e
               Sort Method: top-N heapsort  Memory: 32kB
               ->  Seq Scan on s_4  (cost=0.00..164.00 rows=10000 width=20) (actual time=0.007..0.515 rows=10000 loops=1)
 Planning time: 0.258 ms
 Execution time: 1.308 ms
(8 rows)

===== 289 [Wed Mar  7 01:59:47 CET 2018] scale:10000 groups:1000 work_mem:8MB incremental:on max_workers:2 =====
SELECT * FROM s_1 ORDER BY a, b LIMIT 100
                                                                QUERY PLAN                                                                
------------------------------------------------------------------------------------------------------------------------------------------
 Limit  (cost=3.78..3.78 rows=1 width=20) (actual time=0.102..0.102 rows=0 loops=1)
   ->  Limit  (cost=0.79..2.78 rows=100 width=20) (actual time=0.059..0.098 rows=100 loops=1)
         ->  Incremental Sort  (cost=0.79..200.34 rows=10000 width=20) (actual time=0.059..0.092 rows=100 loops=1)
               Sort Key: s_1.a, s_1.b
               Presorted Key: s_1.a
               Sort Method: quicksort  Memory: 28kB
               Sort Groups: 3
               ->  Index Scan using s_1_a_idx on s_1  (cost=0.29..337.29 rows=10000 width=20) (actual time=0.012..0.031 rows=111 loops=1)
 Planning time: 0.267 ms
 Execution time: 0.127 ms
(10 rows)

===== 290 [Wed Mar  7 01:59:47 CET 2018] scale:10000 groups:1000 work_mem:8MB incremental:on max_workers:2 =====
SELECT * FROM s_2 ORDER BY a, b, c LIMIT 100
                                                                 QUERY PLAN                                                                 
--------------------------------------------------------------------------------------------------------------------------------------------
 Limit  (cost=3.87..3.87 rows=1 width=20) (actual time=0.081..0.081 rows=0 loops=1)
   ->  Limit  (cost=0.87..2.87 rows=100 width=20) (actual time=0.049..0.077 rows=100 loops=1)
         ->  Incremental Sort  (cost=0.87..201.16 rows=10000 width=20) (actual time=0.049..0.071 rows=100 loops=1)
               Sort Key: s_2.a, s_2.b, s_2.c
               Presorted Key: s_2.a, s_2.b
               Sort Method: quicksort  Memory: 27kB
               Sort Groups: 4
               ->  Index Scan using s_2_a_b_idx on s_2  (cost=0.29..419.97 rows=10000 width=20) (actual time=0.009..0.022 rows=129 loops=1)
 Planning time: 0.286 ms
 Execution time: 0.104 ms
(10 rows)

===== 291 [Wed Mar  7 01:59:47 CET 2018] scale:10000 groups:1000 work_mem:8MB incremental:on max_workers:2 =====
SELECT * FROM s_3 ORDER BY a, b, c, d LIMIT 100
                                                                  QUERY PLAN                                                                  
----------------------------------------------------------------------------------------------------------------------------------------------
 Limit  (cost=3.92..3.92 rows=1 width=20) (actual time=0.089..0.089 rows=0 loops=1)
   ->  Limit  (cost=0.91..2.92 rows=100 width=20) (actual time=0.056..0.085 rows=100 loops=1)
         ->  Incremental Sort  (cost=0.91..201.60 rows=10000 width=20) (actual time=0.056..0.079 rows=100 loops=1)
               Sort Key: s_3.a, s_3.b, s_3.c, s_3.d
               Presorted Key: s_3.a, s_3.b, s_3.c
               Sort Method: quicksort  Memory: 27kB
               Sort Groups: 4
               ->  Index Scan using s_3_a_b_c_idx on s_3  (cost=0.29..463.97 rows=10000 width=20) (actual time=0.009..0.022 rows=129 loops=1)
 Planning time: 0.284 ms
 Execution time: 0.112 ms
(10 rows)

===== 292 [Wed Mar  7 01:59:47 CET 2018] scale:10000 groups:1000 work_mem:8MB incremental:on max_workers:2 =====
SELECT * FROM s_4 ORDER BY a, b, c, d, e LIMIT 100
                                                                   QUERY PLAN                                                                   
------------------------------------------------------------------------------------------------------------------------------------------------
 Limit  (cost=3.92..3.92 rows=1 width=20) (actual time=0.097..0.097 rows=0 loops=1)
   ->  Limit  (cost=0.91..2.92 rows=100 width=20) (actual time=0.064..0.093 rows=100 loops=1)
         ->  Incremental Sort  (cost=0.91..201.60 rows=10000 width=20) (actual time=0.064..0.087 rows=100 loops=1)
               Sort Key: s_4.a, s_4.b, s_4.c, s_4.d, s_4.e
               Presorted Key: s_4.a, s_4.b, s_4.c, s_4.d
               Sort Method: quicksort  Memory: 27kB
               Sort Groups: 4
               ->  Index Scan using s_4_a_b_c_d_idx on s_4  (cost=0.29..463.97 rows=10000 width=20) (actual time=0.017..0.030 rows=129 loops=1)
 Planning time: 0.273 ms
 Execution time: 0.120 ms
(10 rows)

===== 293 [Wed Mar  7 01:59:47 CET 2018] scale:10000 groups:1000 work_mem:8MB incremental:off max_workers:2 =====
SELECT * FROM s_1 ORDER BY a, b LIMIT 100
                                                        QUERY PLAN                                                        
--------------------------------------------------------------------------------------------------------------------------
 Limit  (cost=547.44..547.44 rows=1 width=20) (actual time=1.291..1.291 rows=0 loops=1)
   ->  Limit  (cost=546.19..546.44 rows=100 width=20) (actual time=1.278..1.287 rows=100 loops=1)
         ->  Sort  (cost=546.19..571.19 rows=10000 width=20) (actual time=1.278..1.282 rows=100 loops=1)
               Sort Key: s_1.a, s_1.b
               Sort Method: top-N heapsort  Memory: 33kB
               ->  Seq Scan on s_1  (cost=0.00..164.00 rows=10000 width=20) (actual time=0.004..0.523 rows=10000 loops=1)
 Planning time: 0.259 ms
 Execution time: 1.314 ms
(8 rows)

===== 294 [Wed Mar  7 01:59:47 CET 2018] scale:10000 groups:1000 work_mem:8MB incremental:off max_workers:2 =====
SELECT * FROM s_2 ORDER BY a, b, c LIMIT 100
                                                        QUERY PLAN                                                        
--------------------------------------------------------------------------------------------------------------------------
 Limit  (cost=547.44..547.44 rows=1 width=20) (actual time=1.292..1.292 rows=0 loops=1)
   ->  Limit  (cost=546.19..546.44 rows=100 width=20) (actual time=1.279..1.289 rows=100 loops=1)
         ->  Sort  (cost=546.19..571.19 rows=10000 width=20) (actual time=1.279..1.283 rows=100 loops=1)
               Sort Key: s_2.a, s_2.b, s_2.c
               Sort Method: top-N heapsort  Memory: 32kB
               ->  Seq Scan on s_2  (cost=0.00..164.00 rows=10000 width=20) (actual time=0.007..0.531 rows=10000 loops=1)
 Planning time: 0.273 ms
 Execution time: 1.315 ms
(8 rows)

===== 295 [Wed Mar  7 01:59:48 CET 2018] scale:10000 groups:1000 work_mem:8MB incremental:off max_workers:2 =====
SELECT * FROM s_3 ORDER BY a, b, c, d LIMIT 100
                                                        QUERY PLAN                                                        
--------------------------------------------------------------------------------------------------------------------------
 Limit  (cost=547.44..547.44 rows=1 width=20) (actual time=1.396..1.396 rows=0 loops=1)
   ->  Limit  (cost=546.19..546.44 rows=100 width=20) (actual time=1.383..1.393 rows=100 loops=1)
         ->  Sort  (cost=546.19..571.19 rows=10000 width=20) (actual time=1.383..1.387 rows=100 loops=1)
               Sort Key: s_3.a, s_3.b, s_3.c, s_3.d
               Sort Method: top-N heapsort  Memory: 32kB
               ->  Seq Scan on s_3  (cost=0.00..164.00 rows=10000 width=20) (actual time=0.007..0.518 rows=10000 loops=1)
 Planning time: 0.260 ms
 Execution time: 1.420 ms
(8 rows)

===== 296 [Wed Mar  7 01:59:48 CET 2018] scale:10000 groups:1000 work_mem:8MB incremental:off max_workers:2 =====
SELECT * FROM s_4 ORDER BY a, b, c, d, e LIMIT 100
                                                        QUERY PLAN                                                        
--------------------------------------------------------------------------------------------------------------------------
 Limit  (cost=547.44..547.44 rows=1 width=20) (actual time=1.292..1.292 rows=0 loops=1)
   ->  Limit  (cost=546.19..546.44 rows=100 width=20) (actual time=1.279..1.289 rows=100 loops=1)
         ->  Sort  (cost=546.19..571.19 rows=10000 width=20) (actual time=1.279..1.283 rows=100 loops=1)
               Sort Key: s_4.a, s_4.b, s_4.c, s_4.d, s_4.e
               Sort Method: top-N heapsort  Memory: 32kB
               ->  Seq Scan on s_4  (cost=0.00..164.00 rows=10000 width=20) (actual time=0.007..0.519 rows=10000 loops=1)
 Planning time: 0.260 ms
 Execution time: 1.314 ms
(8 rows)

===== 297 [Wed Mar  7 01:59:48 CET 2018] scale:10000 groups:1000 work_mem:16MB incremental:on max_workers:2 =====
SELECT * FROM s_1 ORDER BY a, b LIMIT 100
                                                                QUERY PLAN                                                                
------------------------------------------------------------------------------------------------------------------------------------------
 Limit  (cost=3.78..3.78 rows=1 width=20) (actual time=0.094..0.094 rows=0 loops=1)
   ->  Limit  (cost=0.79..2.78 rows=100 width=20) (actual time=0.059..0.091 rows=100 loops=1)
         ->  Incremental Sort  (cost=0.79..200.34 rows=10000 width=20) (actual time=0.059..0.085 rows=100 loops=1)
               Sort Key: s_1.a, s_1.b
               Presorted Key: s_1.a
               Sort Method: quicksort  Memory: 28kB
               Sort Groups: 3
               ->  Index Scan using s_1_a_idx on s_1  (cost=0.29..337.29 rows=10000 width=20) (actual time=0.012..0.024 rows=111 loops=1)
 Planning time: 0.273 ms
 Execution time: 0.120 ms
(10 rows)

===== 298 [Wed Mar  7 01:59:48 CET 2018] scale:10000 groups:1000 work_mem:16MB incremental:on max_workers:2 =====
SELECT * FROM s_2 ORDER BY a, b, c LIMIT 100
                                                                 QUERY PLAN                                                                 
--------------------------------------------------------------------------------------------------------------------------------------------
 Limit  (cost=3.87..3.87 rows=1 width=20) (actual time=0.081..0.081 rows=0 loops=1)
   ->  Limit  (cost=0.87..2.87 rows=100 width=20) (actual time=0.049..0.077 rows=100 loops=1)
         ->  Incremental Sort  (cost=0.87..201.16 rows=10000 width=20) (actual time=0.049..0.072 rows=100 loops=1)
               Sort Key: s_2.a, s_2.b, s_2.c
               Presorted Key: s_2.a, s_2.b
               Sort Method: quicksort  Memory: 27kB
               Sort Groups: 4
               ->  Index Scan using s_2_a_b_idx on s_2  (cost=0.29..419.97 rows=10000 width=20) (actual time=0.009..0.022 rows=129 loops=1)
 Planning time: 0.290 ms
 Execution time: 0.104 ms
(10 rows)

===== 299 [Wed Mar  7 01:59:48 CET 2018] scale:10000 groups:1000 work_mem:16MB incremental:on max_workers:2 =====
SELECT * FROM s_3 ORDER BY a, b, c, d LIMIT 100
                                                                  QUERY PLAN                                                                  
----------------------------------------------------------------------------------------------------------------------------------------------
 Limit  (cost=3.92..3.92 rows=1 width=20) (actual time=0.086..0.086 rows=0 loops=1)
   ->  Limit  (cost=0.91..2.92 rows=100 width=20) (actual time=0.053..0.082 rows=100 loops=1)
         ->  Incremental Sort  (cost=0.91..201.60 rows=10000 width=20) (actual time=0.053..0.076 rows=100 loops=1)
               Sort Key: s_3.a, s_3.b, s_3.c, s_3.d
               Presorted Key: s_3.a, s_3.b, s_3.c
               Sort Method: quicksort  Memory: 27kB
               Sort Groups: 4
               ->  Index Scan using s_3_a_b_c_idx on s_3  (cost=0.29..463.97 rows=10000 width=20) (actual time=0.009..0.022 rows=129 loops=1)
 Planning time: 0.278 ms
 Execution time: 0.109 ms
(10 rows)

===== 300 [Wed Mar  7 01:59:48 CET 2018] scale:10000 groups:1000 work_mem:16MB incremental:on max_workers:2 =====
SELECT * FROM s_4 ORDER BY a, b, c, d, e LIMIT 100
                                                                   QUERY PLAN                                                                   
------------------------------------------------------------------------------------------------------------------------------------------------
 Limit  (cost=3.92..3.92 rows=1 width=20) (actual time=0.094..0.094 rows=0 loops=1)
   ->  Limit  (cost=0.91..2.92 rows=100 width=20) (actual time=0.061..0.090 rows=100 loops=1)
         ->  Incremental Sort  (cost=0.91..201.60 rows=10000 width=20) (actual time=0.061..0.084 rows=100 loops=1)
               Sort Key: s_4.a, s_4.b, s_4.c, s_4.d, s_4.e
               Presorted Key: s_4.a, s_4.b, s_4.c, s_4.d
               Sort Method: quicksort  Memory: 27kB
               Sort Groups: 4
               ->  Index Scan using s_4_a_b_c_d_idx on s_4  (cost=0.29..463.97 rows=10000 width=20) (actual time=0.017..0.030 rows=129 loops=1)
 Planning time: 0.275 ms
 Execution time: 0.116 ms
(10 rows)

===== 301 [Wed Mar  7 01:59:48 CET 2018] scale:10000 groups:1000 work_mem:16MB incremental:off max_workers:2 =====
SELECT * FROM s_1 ORDER BY a, b LIMIT 100
                                                        QUERY PLAN                                                        
--------------------------------------------------------------------------------------------------------------------------
 Limit  (cost=547.44..547.44 rows=1 width=20) (actual time=1.292..1.292 rows=0 loops=1)
   ->  Limit  (cost=546.19..546.44 rows=100 width=20) (actual time=1.279..1.288 rows=100 loops=1)
         ->  Sort  (cost=546.19..571.19 rows=10000 width=20) (actual time=1.278..1.282 rows=100 loops=1)
               Sort Key: s_1.a, s_1.b
               Sort Method: top-N heapsort  Memory: 33kB
               ->  Seq Scan on s_1  (cost=0.00..164.00 rows=10000 width=20) (actual time=0.004..0.525 rows=10000 loops=1)
 Planning time: 0.257 ms
 Execution time: 1.315 ms
(8 rows)

===== 302 [Wed Mar  7 01:59:48 CET 2018] scale:10000 groups:1000 work_mem:16MB incremental:off max_workers:2 =====
SELECT * FROM s_2 ORDER BY a, b, c LIMIT 100
                                                        QUERY PLAN                                                        
--------------------------------------------------------------------------------------------------------------------------
 Limit  (cost=547.44..547.44 rows=1 width=20) (actual time=1.283..1.283 rows=0 loops=1)
   ->  Limit  (cost=546.19..546.44 rows=100 width=20) (actual time=1.270..1.279 rows=100 loops=1)
         ->  Sort  (cost=546.19..571.19 rows=10000 width=20) (actual time=1.270..1.273 rows=100 loops=1)
               Sort Key: s_2.a, s_2.b, s_2.c
               Sort Method: top-N heapsort  Memory: 32kB
               ->  Seq Scan on s_2  (cost=0.00..164.00 rows=10000 width=20) (actual time=0.007..0.523 rows=10000 loops=1)
 Planning time: 0.282 ms
 Execution time: 1.306 ms
(8 rows)

===== 303 [Wed Mar  7 01:59:48 CET 2018] scale:10000 groups:1000 work_mem:16MB incremental:off max_workers:2 =====
SELECT * FROM s_3 ORDER BY a, b, c, d LIMIT 100
                                                        QUERY PLAN                                                        
--------------------------------------------------------------------------------------------------------------------------
 Limit  (cost=547.44..547.44 rows=1 width=20) (actual time=1.379..1.379 rows=0 loops=1)
   ->  Limit  (cost=546.19..546.44 rows=100 width=20) (actual time=1.366..1.376 rows=100 loops=1)
         ->  Sort  (cost=546.19..571.19 rows=10000 width=20) (actual time=1.366..1.370 rows=100 loops=1)
               Sort Key: s_3.a, s_3.b, s_3.c, s_3.d
               Sort Method: top-N heapsort  Memory: 32kB
               ->  Seq Scan on s_3  (cost=0.00..164.00 rows=10000 width=20) (actual time=0.007..0.517 rows=10000 loops=1)
 Planning time: 0.264 ms
 Execution time: 1.404 ms
(8 rows)

===== 304 [Wed Mar  7 01:59:48 CET 2018] scale:10000 groups:1000 work_mem:16MB incremental:off max_workers:2 =====
SELECT * FROM s_4 ORDER BY a, b, c, d, e LIMIT 100
                                                        QUERY PLAN                                                        
--------------------------------------------------------------------------------------------------------------------------
 Limit  (cost=547.44..547.44 rows=1 width=20) (actual time=1.297..1.297 rows=0 loops=1)
   ->  Limit  (cost=546.19..546.44 rows=100 width=20) (actual time=1.284..1.294 rows=100 loops=1)
         ->  Sort  (cost=546.19..571.19 rows=10000 width=20) (actual time=1.284..1.288 rows=100 loops=1)
               Sort Key: s_4.a, s_4.b, s_4.c, s_4.d, s_4.e
               Sort Method: top-N heapsort  Memory: 32kB
               ->  Seq Scan on s_4  (cost=0.00..164.00 rows=10000 width=20) (actual time=0.007..0.525 rows=10000 loops=1)
 Planning time: 0.261 ms
 Execution time: 1.321 ms
(8 rows)

===== 305 [Wed Mar  7 01:59:48 CET 2018] scale:10000 groups:1000 work_mem:32MB incremental:on max_workers:2 =====
SELECT * FROM s_1 ORDER BY a, b LIMIT 100
                                                                QUERY PLAN                                                                
------------------------------------------------------------------------------------------------------------------------------------------
 Limit  (cost=3.78..3.78 rows=1 width=20) (actual time=0.100..0.100 rows=0 loops=1)
   ->  Limit  (cost=0.79..2.78 rows=100 width=20) (actual time=0.065..0.096 rows=100 loops=1)
         ->  Incremental Sort  (cost=0.79..200.34 rows=10000 width=20) (actual time=0.064..0.090 rows=100 loops=1)
               Sort Key: s_1.a, s_1.b
               Presorted Key: s_1.a
               Sort Method: quicksort  Memory: 28kB
               Sort Groups: 3
               ->  Index Scan using s_1_a_idx on s_1  (cost=0.29..337.29 rows=10000 width=20) (actual time=0.019..0.030 rows=111 loops=1)
 Planning time: 0.276 ms
 Execution time: 0.123 ms
(10 rows)

===== 306 [Wed Mar  7 01:59:48 CET 2018] scale:10000 groups:1000 work_mem:32MB incremental:on max_workers:2 =====
SELECT * FROM s_2 ORDER BY a, b, c LIMIT 100
                                                                 QUERY PLAN                                                                 
--------------------------------------------------------------------------------------------------------------------------------------------
 Limit  (cost=3.87..3.87 rows=1 width=20) (actual time=0.084..0.084 rows=0 loops=1)
   ->  Limit  (cost=0.87..2.87 rows=100 width=20) (actual time=0.052..0.080 rows=100 loops=1)
         ->  Incremental Sort  (cost=0.87..201.16 rows=10000 width=20) (actual time=0.052..0.074 rows=100 loops=1)
               Sort Key: s_2.a, s_2.b, s_2.c
               Presorted Key: s_2.a, s_2.b
               Sort Method: quicksort  Memory: 27kB
               Sort Groups: 4
               ->  Index Scan using s_2_a_b_idx on s_2  (cost=0.29..419.97 rows=10000 width=20) (actual time=0.009..0.022 rows=129 loops=1)
 Planning time: 0.283 ms
 Execution time: 0.107 ms
(10 rows)

===== 307 [Wed Mar  7 01:59:48 CET 2018] scale:10000 groups:1000 work_mem:32MB incremental:on max_workers:2 =====
SELECT * FROM s_3 ORDER BY a, b, c, d LIMIT 100
                                                                  QUERY PLAN                                                                  
----------------------------------------------------------------------------------------------------------------------------------------------
 Limit  (cost=3.92..3.92 rows=1 width=20) (actual time=0.085..0.085 rows=0 loops=1)
   ->  Limit  (cost=0.91..2.92 rows=100 width=20) (actual time=0.053..0.082 rows=100 loops=1)
         ->  Incremental Sort  (cost=0.91..201.60 rows=10000 width=20) (actual time=0.052..0.076 rows=100 loops=1)
               Sort Key: s_3.a, s_3.b, s_3.c, s_3.d
               Presorted Key: s_3.a, s_3.b, s_3.c
               Sort Method: quicksort  Memory: 27kB
               Sort Groups: 4
               ->  Index Scan using s_3_a_b_c_idx on s_3  (cost=0.29..463.97 rows=10000 width=20) (actual time=0.009..0.022 rows=129 loops=1)
 Planning time: 0.285 ms
 Execution time: 0.108 ms
(10 rows)

===== 308 [Wed Mar  7 01:59:48 CET 2018] scale:10000 groups:1000 work_mem:32MB incremental:on max_workers:2 =====
SELECT * FROM s_4 ORDER BY a, b, c, d, e LIMIT 100
                                                                   QUERY PLAN                                                                   
------------------------------------------------------------------------------------------------------------------------------------------------
 Limit  (cost=3.92..3.92 rows=1 width=20) (actual time=0.096..0.096 rows=0 loops=1)
   ->  Limit  (cost=0.91..2.92 rows=100 width=20) (actual time=0.064..0.092 rows=100 loops=1)
         ->  Incremental Sort  (cost=0.91..201.60 rows=10000 width=20) (actual time=0.064..0.087 rows=100 loops=1)
               Sort Key: s_4.a, s_4.b, s_4.c, s_4.d, s_4.e
               Presorted Key: s_4.a, s_4.b, s_4.c, s_4.d
               Sort Method: quicksort  Memory: 27kB
               Sort Groups: 4
               ->  Index Scan using s_4_a_b_c_d_idx on s_4  (cost=0.29..463.97 rows=10000 width=20) (actual time=0.017..0.031 rows=129 loops=1)
 Planning time: 0.285 ms
 Execution time: 0.119 ms
(10 rows)

===== 309 [Wed Mar  7 01:59:49 CET 2018] scale:10000 groups:1000 work_mem:32MB incremental:off max_workers:2 =====
SELECT * FROM s_1 ORDER BY a, b LIMIT 100
                                                        QUERY PLAN                                                        
--------------------------------------------------------------------------------------------------------------------------
 Limit  (cost=547.44..547.44 rows=1 width=20) (actual time=1.288..1.288 rows=0 loops=1)
   ->  Limit  (cost=546.19..546.44 rows=100 width=20) (actual time=1.275..1.285 rows=100 loops=1)
         ->  Sort  (cost=546.19..571.19 rows=10000 width=20) (actual time=1.275..1.279 rows=100 loops=1)
               Sort Key: s_1.a, s_1.b
               Sort Method: top-N heapsort  Memory: 33kB
               ->  Seq Scan on s_1  (cost=0.00..164.00 rows=10000 width=20) (actual time=0.004..0.523 rows=10000 loops=1)
 Planning time: 0.274 ms
 Execution time: 1.311 ms
(8 rows)

===== 310 [Wed Mar  7 01:59:49 CET 2018] scale:10000 groups:1000 work_mem:32MB incremental:off max_workers:2 =====
SELECT * FROM s_2 ORDER BY a, b, c LIMIT 100
                                                        QUERY PLAN                                                        
--------------------------------------------------------------------------------------------------------------------------
 Limit  (cost=547.44..547.44 rows=1 width=20) (actual time=1.293..1.293 rows=0 loops=1)
   ->  Limit  (cost=546.19..546.44 rows=100 width=20) (actual time=1.280..1.289 rows=100 loops=1)
         ->  Sort  (cost=546.19..571.19 rows=10000 width=20) (actual time=1.280..1.283 rows=100 loops=1)
               Sort Key: s_2.a, s_2.b, s_2.c
               Sort Method: top-N heapsort  Memory: 32kB
               ->  Seq Scan on s_2  (cost=0.00..164.00 rows=10000 width=20) (actual time=0.007..0.532 rows=10000 loops=1)
 Planning time: 0.271 ms
 Execution time: 1.316 ms
(8 rows)

===== 311 [Wed Mar  7 01:59:49 CET 2018] scale:10000 groups:1000 work_mem:32MB incremental:off max_workers:2 =====
SELECT * FROM s_3 ORDER BY a, b, c, d LIMIT 100
                                                        QUERY PLAN                                                        
--------------------------------------------------------------------------------------------------------------------------
 Limit  (cost=547.44..547.44 rows=1 width=20) (actual time=1.379..1.379 rows=0 loops=1)
   ->  Limit  (cost=546.19..546.44 rows=100 width=20) (actual time=1.366..1.375 rows=100 loops=1)
         ->  Sort  (cost=546.19..571.19 rows=10000 width=20) (actual time=1.365..1.369 rows=100 loops=1)
               Sort Key: s_3.a, s_3.b, s_3.c, s_3.d
               Sort Method: top-N heapsort  Memory: 32kB
               ->  Seq Scan on s_3  (cost=0.00..164.00 rows=10000 width=20) (actual time=0.007..0.519 rows=10000 loops=1)
 Planning time: 0.266 ms
 Execution time: 1.402 ms
(8 rows)

===== 312 [Wed Mar  7 01:59:49 CET 2018] scale:10000 groups:1000 work_mem:32MB incremental:off max_workers:2 =====
SELECT * FROM s_4 ORDER BY a, b, c, d, e LIMIT 100
                                                        QUERY PLAN                                                        
--------------------------------------------------------------------------------------------------------------------------
 Limit  (cost=547.44..547.44 rows=1 width=20) (actual time=1.297..1.297 rows=0 loops=1)
   ->  Limit  (cost=546.19..546.44 rows=100 width=20) (actual time=1.283..1.293 rows=100 loops=1)
         ->  Sort  (cost=546.19..571.19 rows=10000 width=20) (actual time=1.283..1.287 rows=100 loops=1)
               Sort Key: s_4.a, s_4.b, s_4.c, s_4.d, s_4.e
               Sort Method: top-N heapsort  Memory: 32kB
               ->  Seq Scan on s_4  (cost=0.00..164.00 rows=10000 width=20) (actual time=0.007..0.520 rows=10000 loops=1)
 Planning time: 0.261 ms
 Execution time: 1.319 ms
(8 rows)

===== 313 [Wed Mar  7 01:59:49 CET 2018] scale:10000 groups:1000 work_mem:64MB incremental:on max_workers:2 =====
SELECT * FROM s_1 ORDER BY a, b LIMIT 100
                                                                QUERY PLAN                                                                
------------------------------------------------------------------------------------------------------------------------------------------
 Limit  (cost=3.78..3.78 rows=1 width=20) (actual time=0.095..0.095 rows=0 loops=1)
   ->  Limit  (cost=0.79..2.78 rows=100 width=20) (actual time=0.060..0.091 rows=100 loops=1)
         ->  Incremental Sort  (cost=0.79..200.34 rows=10000 width=20) (actual time=0.060..0.085 rows=100 loops=1)
               Sort Key: s_1.a, s_1.b
               Presorted Key: s_1.a
               Sort Method: quicksort  Memory: 28kB
               Sort Groups: 3
               ->  Index Scan using s_1_a_idx on s_1  (cost=0.29..337.29 rows=10000 width=20) (actual time=0.012..0.024 rows=111 loops=1)
 Planning time: 0.264 ms
 Execution time: 0.127 ms
(10 rows)

===== 314 [Wed Mar  7 01:59:49 CET 2018] scale:10000 groups:1000 work_mem:64MB incremental:on max_workers:2 =====
SELECT * FROM s_2 ORDER BY a, b, c LIMIT 100
                                                                 QUERY PLAN                                                                 
--------------------------------------------------------------------------------------------------------------------------------------------
 Limit  (cost=3.87..3.87 rows=1 width=20) (actual time=0.081..0.081 rows=0 loops=1)
   ->  Limit  (cost=0.87..2.87 rows=100 width=20) (actual time=0.049..0.077 rows=100 loops=1)
         ->  Incremental Sort  (cost=0.87..201.16 rows=10000 width=20) (actual time=0.049..0.071 rows=100 loops=1)
               Sort Key: s_2.a, s_2.b, s_2.c
               Presorted Key: s_2.a, s_2.b
               Sort Method: quicksort  Memory: 27kB
               Sort Groups: 4
               ->  Index Scan using s_2_a_b_idx on s_2  (cost=0.29..419.97 rows=10000 width=20) (actual time=0.009..0.022 rows=129 loops=1)
 Planning time: 0.281 ms
 Execution time: 0.104 ms
(10 rows)

===== 315 [Wed Mar  7 01:59:49 CET 2018] scale:10000 groups:1000 work_mem:64MB incremental:on max_workers:2 =====
SELECT * FROM s_3 ORDER BY a, b, c, d LIMIT 100
                                                                  QUERY PLAN                                                                  
----------------------------------------------------------------------------------------------------------------------------------------------
 Limit  (cost=3.92..3.92 rows=1 width=20) (actual time=0.087..0.087 rows=0 loops=1)
   ->  Limit  (cost=0.91..2.92 rows=100 width=20) (actual time=0.054..0.083 rows=100 loops=1)
         ->  Incremental Sort  (cost=0.91..201.60 rows=10000 width=20) (actual time=0.053..0.077 rows=100 loops=1)
               Sort Key: s_3.a, s_3.b, s_3.c, s_3.d
               Presorted Key: s_3.a, s_3.b, s_3.c
               Sort Method: quicksort  Memory: 27kB
               Sort Groups: 4
               ->  Index Scan using s_3_a_b_c_idx on s_3  (cost=0.29..463.97 rows=10000 width=20) (actual time=0.009..0.023 rows=129 loops=1)
 Planning time: 0.286 ms
 Execution time: 0.109 ms
(10 rows)

===== 316 [Wed Mar  7 01:59:49 CET 2018] scale:10000 groups:1000 work_mem:64MB incremental:on max_workers:2 =====
SELECT * FROM s_4 ORDER BY a, b, c, d, e LIMIT 100
                                                                   QUERY PLAN                                                                   
------------------------------------------------------------------------------------------------------------------------------------------------
 Limit  (cost=3.92..3.92 rows=1 width=20) (actual time=0.095..0.095 rows=0 loops=1)
   ->  Limit  (cost=0.91..2.92 rows=100 width=20) (actual time=0.063..0.091 rows=100 loops=1)
         ->  Incremental Sort  (cost=0.91..201.60 rows=10000 width=20) (actual time=0.062..0.085 rows=100 loops=1)
               Sort Key: s_4.a, s_4.b, s_4.c, s_4.d, s_4.e
               Presorted Key: s_4.a, s_4.b, s_4.c, s_4.d
               Sort Method: quicksort  Memory: 27kB
               Sort Groups: 4
               ->  Index Scan using s_4_a_b_c_d_idx on s_4  (cost=0.29..463.97 rows=10000 width=20) (actual time=0.017..0.030 rows=129 loops=1)
 Planning time: 0.269 ms
 Execution time: 0.117 ms
(10 rows)

===== 317 [Wed Mar  7 01:59:49 CET 2018] scale:10000 groups:1000 work_mem:64MB incremental:off max_workers:2 =====
SELECT * FROM s_1 ORDER BY a, b LIMIT 100
                                                        QUERY PLAN                                                        
--------------------------------------------------------------------------------------------------------------------------
 Limit  (cost=547.44..547.44 rows=1 width=20) (actual time=1.289..1.289 rows=0 loops=1)
   ->  Limit  (cost=546.19..546.44 rows=100 width=20) (actual time=1.276..1.285 rows=100 loops=1)
         ->  Sort  (cost=546.19..571.19 rows=10000 width=20) (actual time=1.276..1.279 rows=100 loops=1)
               Sort Key: s_1.a, s_1.b
               Sort Method: top-N heapsort  Memory: 33kB
               ->  Seq Scan on s_1  (cost=0.00..164.00 rows=10000 width=20) (actual time=0.004..0.525 rows=10000 loops=1)
 Planning time: 0.266 ms
 Execution time: 1.312 ms
(8 rows)

===== 318 [Wed Mar  7 01:59:49 CET 2018] scale:10000 groups:1000 work_mem:64MB incremental:off max_workers:2 =====
SELECT * FROM s_2 ORDER BY a, b, c LIMIT 100
                                                        QUERY PLAN                                                        
--------------------------------------------------------------------------------------------------------------------------
 Limit  (cost=547.44..547.44 rows=1 width=20) (actual time=1.286..1.286 rows=0 loops=1)
   ->  Limit  (cost=546.19..546.44 rows=100 width=20) (actual time=1.273..1.282 rows=100 loops=1)
         ->  Sort  (cost=546.19..571.19 rows=10000 width=20) (actual time=1.273..1.277 rows=100 loops=1)
               Sort Key: s_2.a, s_2.b, s_2.c
               Sort Method: top-N heapsort  Memory: 32kB
               ->  Seq Scan on s_2  (cost=0.00..164.00 rows=10000 width=20) (actual time=0.007..0.521 rows=10000 loops=1)
 Planning time: 0.269 ms
 Execution time: 1.309 ms
(8 rows)

===== 319 [Wed Mar  7 01:59:49 CET 2018] scale:10000 groups:1000 work_mem:64MB incremental:off max_workers:2 =====
SELECT * FROM s_3 ORDER BY a, b, c, d LIMIT 100
                                                        QUERY PLAN                                                        
--------------------------------------------------------------------------------------------------------------------------
 Limit  (cost=547.44..547.44 rows=1 width=20) (actual time=1.413..1.413 rows=0 loops=1)
   ->  Limit  (cost=546.19..546.44 rows=100 width=20) (actual time=1.400..1.410 rows=100 loops=1)
         ->  Sort  (cost=546.19..571.19 rows=10000 width=20) (actual time=1.400..1.404 rows=100 loops=1)
               Sort Key: s_3.a, s_3.b, s_3.c, s_3.d
               Sort Method: top-N heapsort  Memory: 32kB
               ->  Seq Scan on s_3  (cost=0.00..164.00 rows=10000 width=20) (actual time=0.007..0.520 rows=10000 loops=1)
 Planning time: 0.264 ms
 Execution time: 1.436 ms
(8 rows)

===== 320 [Wed Mar  7 01:59:49 CET 2018] scale:10000 groups:1000 work_mem:64MB incremental:off max_workers:2 =====
SELECT * FROM s_4 ORDER BY a, b, c, d, e LIMIT 100
                                                        QUERY PLAN                                                        
--------------------------------------------------------------------------------------------------------------------------
 Limit  (cost=547.44..547.44 rows=1 width=20) (actual time=1.294..1.294 rows=0 loops=1)
   ->  Limit  (cost=546.19..546.44 rows=100 width=20) (actual time=1.280..1.290 rows=100 loops=1)
         ->  Sort  (cost=546.19..571.19 rows=10000 width=20) (actual time=1.280..1.284 rows=100 loops=1)
               Sort Key: s_4.a, s_4.b, s_4.c, s_4.d, s_4.e
               Sort Method: top-N heapsort  Memory: 32kB
               ->  Seq Scan on s_4  (cost=0.00..164.00 rows=10000 width=20) (actual time=0.007..0.520 rows=10000 loops=1)
 Planning time: 0.261 ms
 Execution time: 1.315 ms
(8 rows)

===== 321 [Wed Mar  7 01:59:49 CET 2018] scale:10000 groups:1000 work_mem:128MB incremental:on max_workers:2 =====
SELECT * FROM s_1 ORDER BY a, b LIMIT 100
                                                                QUERY PLAN                                                                
------------------------------------------------------------------------------------------------------------------------------------------
 Limit  (cost=3.78..3.78 rows=1 width=20) (actual time=0.089..0.089 rows=0 loops=1)
   ->  Limit  (cost=0.79..2.78 rows=100 width=20) (actual time=0.054..0.085 rows=100 loops=1)
         ->  Incremental Sort  (cost=0.79..200.34 rows=10000 width=20) (actual time=0.054..0.079 rows=100 loops=1)
               Sort Key: s_1.a, s_1.b
               Presorted Key: s_1.a
               Sort Method: quicksort  Memory: 28kB
               Sort Groups: 3
               ->  Index Scan using s_1_a_idx on s_1  (cost=0.29..337.29 rows=10000 width=20) (actual time=0.012..0.023 rows=111 loops=1)
 Planning time: 0.276 ms
 Execution time: 0.112 ms
(10 rows)

===== 322 [Wed Mar  7 01:59:49 CET 2018] scale:10000 groups:1000 work_mem:128MB incremental:on max_workers:2 =====
SELECT * FROM s_2 ORDER BY a, b, c LIMIT 100
                                                                 QUERY PLAN                                                                 
--------------------------------------------------------------------------------------------------------------------------------------------
 Limit  (cost=3.87..3.87 rows=1 width=20) (actual time=0.086..0.086 rows=0 loops=1)
   ->  Limit  (cost=0.87..2.87 rows=100 width=20) (actual time=0.054..0.082 rows=100 loops=1)
         ->  Incremental Sort  (cost=0.87..201.16 rows=10000 width=20) (actual time=0.053..0.076 rows=100 loops=1)
               Sort Key: s_2.a, s_2.b, s_2.c
               Presorted Key: s_2.a, s_2.b
               Sort Method: quicksort  Memory: 27kB
               Sort Groups: 4
               ->  Index Scan using s_2_a_b_idx on s_2  (cost=0.29..419.97 rows=10000 width=20) (actual time=0.009..0.023 rows=129 loops=1)
 Planning time: 0.285 ms
 Execution time: 0.109 ms
(10 rows)

===== 323 [Wed Mar  7 01:59:50 CET 2018] scale:10000 groups:1000 work_mem:128MB incremental:on max_workers:2 =====
SELECT * FROM s_3 ORDER BY a, b, c, d LIMIT 100
                                                                  QUERY PLAN                                                                  
----------------------------------------------------------------------------------------------------------------------------------------------
 Limit  (cost=3.92..3.92 rows=1 width=20) (actual time=0.086..0.086 rows=0 loops=1)
   ->  Limit  (cost=0.91..2.92 rows=100 width=20) (actual time=0.053..0.082 rows=100 loops=1)
         ->  Incremental Sort  (cost=0.91..201.60 rows=10000 width=20) (actual time=0.053..0.076 rows=100 loops=1)
               Sort Key: s_3.a, s_3.b, s_3.c, s_3.d
               Presorted Key: s_3.a, s_3.b, s_3.c
               Sort Method: quicksort  Memory: 27kB
               Sort Groups: 4
               ->  Index Scan using s_3_a_b_c_idx on s_3  (cost=0.29..463.97 rows=10000 width=20) (actual time=0.009..0.022 rows=129 loops=1)
 Planning time: 0.288 ms
 Execution time: 0.109 ms
(10 rows)

===== 324 [Wed Mar  7 01:59:50 CET 2018] scale:10000 groups:1000 work_mem:128MB incremental:on max_workers:2 =====
SELECT * FROM s_4 ORDER BY a, b, c, d, e LIMIT 100
                                                                   QUERY PLAN                                                                   
------------------------------------------------------------------------------------------------------------------------------------------------
 Limit  (cost=3.92..3.92 rows=1 width=20) (actual time=0.095..0.095 rows=0 loops=1)
   ->  Limit  (cost=0.91..2.92 rows=100 width=20) (actual time=0.063..0.091 rows=100 loops=1)
         ->  Incremental Sort  (cost=0.91..201.60 rows=10000 width=20) (actual time=0.063..0.085 rows=100 loops=1)
               Sort Key: s_4.a, s_4.b, s_4.c, s_4.d, s_4.e
               Presorted Key: s_4.a, s_4.b, s_4.c, s_4.d
               Sort Method: quicksort  Memory: 27kB
               Sort Groups: 4
               ->  Index Scan using s_4_a_b_c_d_idx on s_4  (cost=0.29..463.97 rows=10000 width=20) (actual time=0.017..0.031 rows=129 loops=1)
 Planning time: 0.279 ms
 Execution time: 0.117 ms
(10 rows)

===== 325 [Wed Mar  7 01:59:50 CET 2018] scale:10000 groups:1000 work_mem:128MB incremental:off max_workers:2 =====
SELECT * FROM s_1 ORDER BY a, b LIMIT 100
                                                        QUERY PLAN                                                        
--------------------------------------------------------------------------------------------------------------------------
 Limit  (cost=547.44..547.44 rows=1 width=20) (actual time=1.290..1.290 rows=0 loops=1)
   ->  Limit  (cost=546.19..546.44 rows=100 width=20) (actual time=1.277..1.287 rows=100 loops=1)
         ->  Sort  (cost=546.19..571.19 rows=10000 width=20) (actual time=1.277..1.281 rows=100 loops=1)
               Sort Key: s_1.a, s_1.b
               Sort Method: top-N heapsort  Memory: 33kB
               ->  Seq Scan on s_1  (cost=0.00..164.00 rows=10000 width=20) (actual time=0.004..0.529 rows=10000 loops=1)
 Planning time: 0.261 ms
 Execution time: 1.313 ms
(8 rows)

===== 326 [Wed Mar  7 01:59:50 CET 2018] scale:10000 groups:1000 work_mem:128MB incremental:off max_workers:2 =====
SELECT * FROM s_2 ORDER BY a, b, c LIMIT 100
                                                        QUERY PLAN                                                        
--------------------------------------------------------------------------------------------------------------------------
 Limit  (cost=547.44..547.44 rows=1 width=20) (actual time=1.294..1.294 rows=0 loops=1)
   ->  Limit  (cost=546.19..546.44 rows=100 width=20) (actual time=1.281..1.290 rows=100 loops=1)
         ->  Sort  (cost=546.19..571.19 rows=10000 width=20) (actual time=1.281..1.284 rows=100 loops=1)
               Sort Key: s_2.a, s_2.b, s_2.c
               Sort Method: top-N heapsort  Memory: 32kB
               ->  Seq Scan on s_2  (cost=0.00..164.00 rows=10000 width=20) (actual time=0.007..0.522 rows=10000 loops=1)
 Planning time: 0.268 ms
 Execution time: 1.317 ms
(8 rows)

===== 327 [Wed Mar  7 01:59:50 CET 2018] scale:10000 groups:1000 work_mem:128MB incremental:off max_workers:2 =====
SELECT * FROM s_3 ORDER BY a, b, c, d LIMIT 100
                                                        QUERY PLAN                                                        
--------------------------------------------------------------------------------------------------------------------------
 Limit  (cost=547.44..547.44 rows=1 width=20) (actual time=1.385..1.385 rows=0 loops=1)
   ->  Limit  (cost=546.19..546.44 rows=100 width=20) (actual time=1.372..1.381 rows=100 loops=1)
         ->  Sort  (cost=546.19..571.19 rows=10000 width=20) (actual time=1.372..1.375 rows=100 loops=1)
               Sort Key: s_3.a, s_3.b, s_3.c, s_3.d
               Sort Method: top-N heapsort  Memory: 32kB
               ->  Seq Scan on s_3  (cost=0.00..164.00 rows=10000 width=20) (actual time=0.007..0.523 rows=10000 loops=1)
 Planning time: 0.264 ms
 Execution time: 1.407 ms
(8 rows)

===== 328 [Wed Mar  7 01:59:50 CET 2018] scale:10000 groups:1000 work_mem:128MB incremental:off max_workers:2 =====
SELECT * FROM s_4 ORDER BY a, b, c, d, e LIMIT 100
                                                        QUERY PLAN                                                        
--------------------------------------------------------------------------------------------------------------------------
 Limit  (cost=547.44..547.44 rows=1 width=20) (actual time=1.283..1.283 rows=0 loops=1)
   ->  Limit  (cost=546.19..546.44 rows=100 width=20) (actual time=1.270..1.280 rows=100 loops=1)
         ->  Sort  (cost=546.19..571.19 rows=10000 width=20) (actual time=1.270..1.274 rows=100 loops=1)
               Sort Key: s_4.a, s_4.b, s_4.c, s_4.d, s_4.e
               Sort Method: top-N heapsort  Memory: 32kB
               ->  Seq Scan on s_4  (cost=0.00..164.00 rows=10000 width=20) (actual time=0.007..0.515 rows=10000 loops=1)
 Planning time: 0.270 ms
 Execution time: 1.305 ms
(8 rows)

===== 329 [Wed Mar  7 01:59:50 CET 2018] scale:10000 groups:1000 work_mem:256MB incremental:on max_workers:2 =====
SELECT * FROM s_1 ORDER BY a, b LIMIT 100
                                                                QUERY PLAN                                                                
------------------------------------------------------------------------------------------------------------------------------------------
 Limit  (cost=3.78..3.78 rows=1 width=20) (actual time=0.094..0.094 rows=0 loops=1)
   ->  Limit  (cost=0.79..2.78 rows=100 width=20) (actual time=0.059..0.090 rows=100 loops=1)
         ->  Incremental Sort  (cost=0.79..200.34 rows=10000 width=20) (actual time=0.059..0.085 rows=100 loops=1)
               Sort Key: s_1.a, s_1.b
               Presorted Key: s_1.a
               Sort Method: quicksort  Memory: 28kB
               Sort Groups: 3
               ->  Index Scan using s_1_a_idx on s_1  (cost=0.29..337.29 rows=10000 width=20) (actual time=0.012..0.024 rows=111 loops=1)
 Planning time: 0.271 ms
 Execution time: 0.120 ms
(10 rows)

===== 330 [Wed Mar  7 01:59:50 CET 2018] scale:10000 groups:1000 work_mem:256MB incremental:on max_workers:2 =====
SELECT * FROM s_2 ORDER BY a, b, c LIMIT 100
                                                                 QUERY PLAN                                                                 
--------------------------------------------------------------------------------------------------------------------------------------------
 Limit  (cost=3.87..3.87 rows=1 width=20) (actual time=0.082..0.082 rows=0 loops=1)
   ->  Limit  (cost=0.87..2.87 rows=100 width=20) (actual time=0.050..0.078 rows=100 loops=1)
         ->  Incremental Sort  (cost=0.87..201.16 rows=10000 width=20) (actual time=0.049..0.072 rows=100 loops=1)
               Sort Key: s_2.a, s_2.b, s_2.c
               Presorted Key: s_2.a, s_2.b
               Sort Method: quicksort  Memory: 27kB
               Sort Groups: 4
               ->  Index Scan using s_2_a_b_idx on s_2  (cost=0.29..419.97 rows=10000 width=20) (actual time=0.009..0.022 rows=129 loops=1)
 Planning time: 0.280 ms
 Execution time: 0.105 ms
(10 rows)

===== 331 [Wed Mar  7 01:59:50 CET 2018] scale:10000 groups:1000 work_mem:256MB incremental:on max_workers:2 =====
SELECT * FROM s_3 ORDER BY a, b, c, d LIMIT 100
                                                                  QUERY PLAN                                                                  
----------------------------------------------------------------------------------------------------------------------------------------------
 Limit  (cost=3.92..3.92 rows=1 width=20) (actual time=0.089..0.089 rows=0 loops=1)
   ->  Limit  (cost=0.91..2.92 rows=100 width=20) (actual time=0.056..0.085 rows=100 loops=1)
         ->  Incremental Sort  (cost=0.91..201.60 rows=10000 width=20) (actual time=0.056..0.079 rows=100 loops=1)
               Sort Key: s_3.a, s_3.b, s_3.c, s_3.d
               Presorted Key: s_3.a, s_3.b, s_3.c
               Sort Method: quicksort  Memory: 27kB
               Sort Groups: 4
               ->  Index Scan using s_3_a_b_c_idx on s_3  (cost=0.29..463.97 rows=10000 width=20) (actual time=0.009..0.022 rows=129 loops=1)
 Planning time: 0.275 ms
 Execution time: 0.118 ms
(10 rows)

===== 332 [Wed Mar  7 01:59:50 CET 2018] scale:10000 groups:1000 work_mem:256MB incremental:on max_workers:2 =====
SELECT * FROM s_4 ORDER BY a, b, c, d, e LIMIT 100
                                                                   QUERY PLAN                                                                   
------------------------------------------------------------------------------------------------------------------------------------------------
 Limit  (cost=3.92..3.92 rows=1 width=20) (actual time=0.093..0.093 rows=0 loops=1)
   ->  Limit  (cost=0.91..2.92 rows=100 width=20) (actual time=0.061..0.089 rows=100 loops=1)
         ->  Incremental Sort  (cost=0.91..201.60 rows=10000 width=20) (actual time=0.061..0.084 rows=100 loops=1)
               Sort Key: s_4.a, s_4.b, s_4.c, s_4.d, s_4.e
               Presorted Key: s_4.a, s_4.b, s_4.c, s_4.d
               Sort Method: quicksort  Memory: 27kB
               Sort Groups: 4
               ->  Index Scan using s_4_a_b_c_d_idx on s_4  (cost=0.29..463.97 rows=10000 width=20) (actual time=0.016..0.030 rows=129 loops=1)
 Planning time: 0.281 ms
 Execution time: 0.116 ms
(10 rows)

===== 333 [Wed Mar  7 01:59:50 CET 2018] scale:10000 groups:1000 work_mem:256MB incremental:off max_workers:2 =====
SELECT * FROM s_1 ORDER BY a, b LIMIT 100
                                                        QUERY PLAN                                                        
--------------------------------------------------------------------------------------------------------------------------
 Limit  (cost=547.44..547.44 rows=1 width=20) (actual time=1.295..1.295 rows=0 loops=1)
   ->  Limit  (cost=546.19..546.44 rows=100 width=20) (actual time=1.282..1.291 rows=100 loops=1)
         ->  Sort  (cost=546.19..571.19 rows=10000 width=20) (actual time=1.282..1.285 rows=100 loops=1)
               Sort Key: s_1.a, s_1.b
               Sort Method: top-N heapsort  Memory: 33kB
               ->  Seq Scan on s_1  (cost=0.00..164.00 rows=10000 width=20) (actual time=0.004..0.534 rows=10000 loops=1)
 Planning time: 0.266 ms
 Execution time: 1.318 ms
(8 rows)

===== 334 [Wed Mar  7 01:59:50 CET 2018] scale:10000 groups:1000 work_mem:256MB incremental:off max_workers:2 =====
SELECT * FROM s_2 ORDER BY a, b, c LIMIT 100
                                                        QUERY PLAN                                                        
--------------------------------------------------------------------------------------------------------------------------
 Limit  (cost=547.44..547.44 rows=1 width=20) (actual time=1.293..1.293 rows=0 loops=1)
   ->  Limit  (cost=546.19..546.44 rows=100 width=20) (actual time=1.280..1.289 rows=100 loops=1)
         ->  Sort  (cost=546.19..571.19 rows=10000 width=20) (actual time=1.279..1.283 rows=100 loops=1)
               Sort Key: s_2.a, s_2.b, s_2.c
               Sort Method: top-N heapsort  Memory: 32kB
               ->  Seq Scan on s_2  (cost=0.00..164.00 rows=10000 width=20) (actual time=0.007..0.524 rows=10000 loops=1)
 Planning time: 0.275 ms
 Execution time: 1.316 ms
(8 rows)

===== 335 [Wed Mar  7 01:59:50 CET 2018] scale:10000 groups:1000 work_mem:256MB incremental:off max_workers:2 =====
SELECT * FROM s_3 ORDER BY a, b, c, d LIMIT 100
                                                        QUERY PLAN                                                        
--------------------------------------------------------------------------------------------------------------------------
 Limit  (cost=547.44..547.44 rows=1 width=20) (actual time=1.368..1.368 rows=0 loops=1)
   ->  Limit  (cost=546.19..546.44 rows=100 width=20) (actual time=1.355..1.364 rows=100 loops=1)
         ->  Sort  (cost=546.19..571.19 rows=10000 width=20) (actual time=1.355..1.358 rows=100 loops=1)
               Sort Key: s_3.a, s_3.b, s_3.c, s_3.d
               Sort Method: top-N heapsort  Memory: 32kB
               ->  Seq Scan on s_3  (cost=0.00..164.00 rows=10000 width=20) (actual time=0.007..0.516 rows=10000 loops=1)
 Planning time: 0.264 ms
 Execution time: 1.391 ms
(8 rows)

===== 336 [Wed Mar  7 01:59:51 CET 2018] scale:10000 groups:1000 work_mem:256MB incremental:off max_workers:2 =====
SELECT * FROM s_4 ORDER BY a, b, c, d, e LIMIT 100
                                                        QUERY PLAN                                                        
--------------------------------------------------------------------------------------------------------------------------
 Limit  (cost=547.44..547.44 rows=1 width=20) (actual time=1.287..1.287 rows=0 loops=1)
   ->  Limit  (cost=546.19..546.44 rows=100 width=20) (actual time=1.274..1.284 rows=100 loops=1)
         ->  Sort  (cost=546.19..571.19 rows=10000 width=20) (actual time=1.274..1.278 rows=100 loops=1)
               Sort Key: s_4.a, s_4.b, s_4.c, s_4.d, s_4.e
               Sort Method: top-N heapsort  Memory: 32kB
               ->  Seq Scan on s_4  (cost=0.00..164.00 rows=10000 width=20) (actual time=0.007..0.516 rows=10000 loops=1)
 Planning time: 0.258 ms
 Execution time: 1.309 ms
(8 rows)

===== 337 [Wed Mar  7 01:59:51 CET 2018] scale:10000 groups:10000 work_mem:4MB incremental:on max_workers:0 =====
SELECT * FROM s_1 ORDER BY a, b LIMIT 100
                                                                QUERY PLAN                                                                
------------------------------------------------------------------------------------------------------------------------------------------
 Limit  (cost=4.39..4.39 rows=1 width=20) (actual time=0.100..0.100 rows=0 loops=1)
   ->  Limit  (cost=0.35..3.39 rows=100 width=20) (actual time=0.063..0.096 rows=100 loops=1)
         ->  Incremental Sort  (cost=0.35..304.95 rows=10000 width=20) (actual time=0.063..0.090 rows=100 loops=1)
               Sort Key: s_1.a, s_1.b
               Presorted Key: s_1.a
               Sort Method: quicksort  Memory: 27kB
               Sort Groups: 4
               ->  Index Scan using s_1_a_idx on s_1  (cost=0.29..337.29 rows=10000 width=20) (actual time=0.021..0.034 rows=130 loops=1)
 Planning time: 0.277 ms
 Execution time: 0.123 ms
(10 rows)

===== 338 [Wed Mar  7 01:59:51 CET 2018] scale:10000 groups:10000 work_mem:4MB incremental:on max_workers:0 =====
SELECT * FROM s_2 ORDER BY a, b, c LIMIT 100
                                                                 QUERY PLAN                                                                 
--------------------------------------------------------------------------------------------------------------------------------------------
 Limit  (cost=4.42..4.42 rows=1 width=20) (actual time=0.102..0.102 rows=0 loops=1)
   ->  Limit  (cost=0.36..3.42 rows=100 width=20) (actual time=0.070..0.098 rows=100 loops=1)
         ->  Incremental Sort  (cost=0.36..306.52 rows=10000 width=20) (actual time=0.070..0.092 rows=100 loops=1)
               Sort Key: s_2.a, s_2.b, s_2.c
               Presorted Key: s_2.a, s_2.b
               Sort Method: quicksort  Memory: 27kB
               Sort Groups: 4
               ->  Index Scan using s_2_a_b_idx on s_2  (cost=0.29..419.97 rows=10000 width=20) (actual time=0.028..0.041 rows=129 loops=1)
 Planning time: 0.285 ms
 Execution time: 0.127 ms
(10 rows)

===== 339 [Wed Mar  7 01:59:51 CET 2018] scale:10000 groups:10000 work_mem:4MB incremental:on max_workers:0 =====
SELECT * FROM s_3 ORDER BY a, b, c, d LIMIT 100
                                                                  QUERY PLAN                                                                  
----------------------------------------------------------------------------------------------------------------------------------------------
 Limit  (cost=4.43..4.43 rows=1 width=20) (actual time=0.102..0.102 rows=0 loops=1)
   ->  Limit  (cost=0.37..3.43 rows=100 width=20) (actual time=0.069..0.098 rows=100 loops=1)
         ->  Incremental Sort  (cost=0.37..306.96 rows=10000 width=20) (actual time=0.069..0.092 rows=100 loops=1)
               Sort Key: s_3.a, s_3.b, s_3.c, s_3.d
               Presorted Key: s_3.a, s_3.b, s_3.c
               Sort Method: quicksort  Memory: 27kB
               Sort Groups: 4
               ->  Index Scan using s_3_a_b_c_idx on s_3  (cost=0.29..463.97 rows=10000 width=20) (actual time=0.025..0.038 rows=129 loops=1)
 Planning time: 0.289 ms
 Execution time: 0.124 ms
(10 rows)

===== 340 [Wed Mar  7 01:59:52 CET 2018] scale:10000 groups:10000 work_mem:4MB incremental:on max_workers:0 =====
SELECT * FROM s_4 ORDER BY a, b, c, d, e LIMIT 100
                                                                   QUERY PLAN                                                                   
------------------------------------------------------------------------------------------------------------------------------------------------
 Limit  (cost=4.43..4.43 rows=1 width=20) (actual time=0.107..0.107 rows=0 loops=1)
   ->  Limit  (cost=0.37..3.43 rows=100 width=20) (actual time=0.075..0.103 rows=100 loops=1)
         ->  Incremental Sort  (cost=0.37..306.96 rows=10000 width=20) (actual time=0.074..0.097 rows=100 loops=1)
               Sort Key: s_4.a, s_4.b, s_4.c, s_4.d, s_4.e
               Presorted Key: s_4.a, s_4.b, s_4.c, s_4.d
               Sort Method: quicksort  Memory: 27kB
               Sort Groups: 4
               ->  Index Scan using s_4_a_b_c_d_idx on s_4  (cost=0.29..463.97 rows=10000 width=20) (actual time=0.024..0.038 rows=129 loops=1)
 Planning time: 0.277 ms
 Execution time: 0.130 ms
(10 rows)

===== 341 [Wed Mar  7 01:59:52 CET 2018] scale:10000 groups:10000 work_mem:4MB incremental:off max_workers:0 =====
SELECT * FROM s_1 ORDER BY a, b LIMIT 100
                                                        QUERY PLAN                                                        
--------------------------------------------------------------------------------------------------------------------------
 Limit  (cost=547.44..547.44 rows=1 width=20) (actual time=1.283..1.283 rows=0 loops=1)
   ->  Limit  (cost=546.19..546.44 rows=100 width=20) (actual time=1.270..1.279 rows=100 loops=1)
         ->  Sort  (cost=546.19..571.19 rows=10000 width=20) (actual time=1.269..1.273 rows=100 loops=1)
               Sort Key: s_1.a, s_1.b
               Sort Method: top-N heapsort  Memory: 32kB
               ->  Seq Scan on s_1  (cost=0.00..164.00 rows=10000 width=20) (actual time=0.004..0.519 rows=10000 loops=1)
 Planning time: 0.258 ms
 Execution time: 1.305 ms
(8 rows)

===== 342 [Wed Mar  7 01:59:52 CET 2018] scale:10000 groups:10000 work_mem:4MB incremental:off max_workers:0 =====
SELECT * FROM s_2 ORDER BY a, b, c LIMIT 100
                                                        QUERY PLAN                                                        
--------------------------------------------------------------------------------------------------------------------------
 Limit  (cost=547.44..547.44 rows=1 width=20) (actual time=1.287..1.287 rows=0 loops=1)
   ->  Limit  (cost=546.19..546.44 rows=100 width=20) (actual time=1.274..1.283 rows=100 loops=1)
         ->  Sort  (cost=546.19..571.19 rows=10000 width=20) (actual time=1.273..1.277 rows=100 loops=1)
               Sort Key: s_2.a, s_2.b, s_2.c
               Sort Method: top-N heapsort  Memory: 32kB
               ->  Seq Scan on s_2  (cost=0.00..164.00 rows=10000 width=20) (actual time=0.007..0.522 rows=10000 loops=1)
 Planning time: 0.273 ms
 Execution time: 1.310 ms
(8 rows)

===== 343 [Wed Mar  7 01:59:52 CET 2018] scale:10000 groups:10000 work_mem:4MB incremental:off max_workers:0 =====
SELECT * FROM s_3 ORDER BY a, b, c, d LIMIT 100
                                                        QUERY PLAN                                                        
--------------------------------------------------------------------------------------------------------------------------
 Limit  (cost=547.44..547.44 rows=1 width=20) (actual time=1.391..1.391 rows=0 loops=1)
   ->  Limit  (cost=546.19..546.44 rows=100 width=20) (actual time=1.378..1.387 rows=100 loops=1)
         ->  Sort  (cost=546.19..571.19 rows=10000 width=20) (actual time=1.378..1.382 rows=100 loops=1)
               Sort Key: s_3.a, s_3.b, s_3.c, s_3.d
               Sort Method: top-N heapsort  Memory: 32kB
               ->  Seq Scan on s_3  (cost=0.00..164.00 rows=10000 width=20) (actual time=0.007..0.510 rows=10000 loops=1)
 Planning time: 0.264 ms
 Execution time: 1.414 ms
(8 rows)

===== 344 [Wed Mar  7 01:59:52 CET 2018] scale:10000 groups:10000 work_mem:4MB incremental:off max_workers:0 =====
SELECT * FROM s_4 ORDER BY a, b, c, d, e LIMIT 100
                                                        QUERY PLAN                                                        
--------------------------------------------------------------------------------------------------------------------------
 Limit  (cost=547.44..547.44 rows=1 width=20) (actual time=1.289..1.289 rows=0 loops=1)
   ->  Limit  (cost=546.19..546.44 rows=100 width=20) (actual time=1.276..1.285 rows=100 loops=1)
         ->  Sort  (cost=546.19..571.19 rows=10000 width=20) (actual time=1.276..1.279 rows=100 loops=1)
               Sort Key: s_4.a, s_4.b, s_4.c, s_4.d, s_4.e
               Sort Method: top-N heapsort  Memory: 32kB
               ->  Seq Scan on s_4  (cost=0.00..164.00 rows=10000 width=20) (actual time=0.004..0.516 rows=10000 loops=1)
 Planning time: 0.263 ms
 Execution time: 1.311 ms
(8 rows)

===== 345 [Wed Mar  7 01:59:52 CET 2018] scale:10000 groups:10000 work_mem:8MB incremental:on max_workers:0 =====
SELECT * FROM s_1 ORDER BY a, b LIMIT 100
                                                                QUERY PLAN                                                                
------------------------------------------------------------------------------------------------------------------------------------------
 Limit  (cost=4.39..4.39 rows=1 width=20) (actual time=0.094..0.094 rows=0 loops=1)
   ->  Limit  (cost=0.35..3.39 rows=100 width=20) (actual time=0.057..0.090 rows=100 loops=1)
         ->  Incremental Sort  (cost=0.35..304.95 rows=10000 width=20) (actual time=0.057..0.084 rows=100 loops=1)
               Sort Key: s_1.a, s_1.b
               Presorted Key: s_1.a
               Sort Method: quicksort  Memory: 27kB
               Sort Groups: 4
               ->  Index Scan using s_1_a_idx on s_1  (cost=0.29..337.29 rows=10000 width=20) (actual time=0.009..0.023 rows=130 loops=1)
 Planning time: 0.271 ms
 Execution time: 0.119 ms
(10 rows)

===== 346 [Wed Mar  7 01:59:52 CET 2018] scale:10000 groups:10000 work_mem:8MB incremental:on max_workers:0 =====
SELECT * FROM s_2 ORDER BY a, b, c LIMIT 100
                                                                 QUERY PLAN                                                                 
--------------------------------------------------------------------------------------------------------------------------------------------
 Limit  (cost=4.42..4.42 rows=1 width=20) (actual time=0.086..0.086 rows=0 loops=1)
   ->  Limit  (cost=0.36..3.42 rows=100 width=20) (actual time=0.054..0.082 rows=100 loops=1)
         ->  Incremental Sort  (cost=0.36..306.52 rows=10000 width=20) (actual time=0.054..0.076 rows=100 loops=1)
               Sort Key: s_2.a, s_2.b, s_2.c
               Presorted Key: s_2.a, s_2.b
               Sort Method: quicksort  Memory: 27kB
               Sort Groups: 4
               ->  Index Scan using s_2_a_b_idx on s_2  (cost=0.29..419.97 rows=10000 width=20) (actual time=0.014..0.027 rows=129 loops=1)
 Planning time: 0.283 ms
 Execution time: 0.109 ms
(10 rows)

===== 347 [Wed Mar  7 01:59:52 CET 2018] scale:10000 groups:10000 work_mem:8MB incremental:on max_workers:0 =====
SELECT * FROM s_3 ORDER BY a, b, c, d LIMIT 100
                                                                  QUERY PLAN                                                                  
----------------------------------------------------------------------------------------------------------------------------------------------
 Limit  (cost=4.43..4.43 rows=1 width=20) (actual time=0.088..0.088 rows=0 loops=1)
   ->  Limit  (cost=0.37..3.43 rows=100 width=20) (actual time=0.056..0.085 rows=100 loops=1)
         ->  Incremental Sort  (cost=0.37..306.96 rows=10000 width=20) (actual time=0.056..0.079 rows=100 loops=1)
               Sort Key: s_3.a, s_3.b, s_3.c, s_3.d
               Presorted Key: s_3.a, s_3.b, s_3.c
               Sort Method: quicksort  Memory: 27kB
               Sort Groups: 4
               ->  Index Scan using s_3_a_b_c_idx on s_3  (cost=0.29..463.97 rows=10000 width=20) (actual time=0.011..0.025 rows=129 loops=1)
 Planning time: 0.277 ms
 Execution time: 0.111 ms
(10 rows)

===== 348 [Wed Mar  7 01:59:52 CET 2018] scale:10000 groups:10000 work_mem:8MB incremental:on max_workers:0 =====
SELECT * FROM s_4 ORDER BY a, b, c, d, e LIMIT 100
                                                                   QUERY PLAN                                                                   
------------------------------------------------------------------------------------------------------------------------------------------------
 Limit  (cost=4.43..4.43 rows=1 width=20) (actual time=0.087..0.087 rows=0 loops=1)
   ->  Limit  (cost=0.37..3.43 rows=100 width=20) (actual time=0.055..0.083 rows=100 loops=1)
         ->  Incremental Sort  (cost=0.37..306.96 rows=10000 width=20) (actual time=0.054..0.077 rows=100 loops=1)
               Sort Key: s_4.a, s_4.b, s_4.c, s_4.d, s_4.e
               Presorted Key: s_4.a, s_4.b, s_4.c, s_4.d
               Sort Method: quicksort  Memory: 27kB
               Sort Groups: 4
               ->  Index Scan using s_4_a_b_c_d_idx on s_4  (cost=0.29..463.97 rows=10000 width=20) (actual time=0.011..0.024 rows=129 loops=1)
 Planning time: 0.274 ms
 Execution time: 0.109 ms
(10 rows)

===== 349 [Wed Mar  7 01:59:52 CET 2018] scale:10000 groups:10000 work_mem:8MB incremental:off max_workers:0 =====
SELECT * FROM s_1 ORDER BY a, b LIMIT 100
                                                        QUERY PLAN                                                        
--------------------------------------------------------------------------------------------------------------------------
 Limit  (cost=547.44..547.44 rows=1 width=20) (actual time=1.278..1.278 rows=0 loops=1)
   ->  Limit  (cost=546.19..546.44 rows=100 width=20) (actual time=1.265..1.274 rows=100 loops=1)
         ->  Sort  (cost=546.19..571.19 rows=10000 width=20) (actual time=1.264..1.268 rows=100 loops=1)
               Sort Key: s_1.a, s_1.b
               Sort Method: top-N heapsort  Memory: 32kB
               ->  Seq Scan on s_1  (cost=0.00..164.00 rows=10000 width=20) (actual time=0.004..0.515 rows=10000 loops=1)
 Planning time: 0.256 ms
 Execution time: 1.303 ms
(8 rows)

===== 350 [Wed Mar  7 01:59:52 CET 2018] scale:10000 groups:10000 work_mem:8MB incremental:off max_workers:0 =====
SELECT * FROM s_2 ORDER BY a, b, c LIMIT 100
                                                        QUERY PLAN                                                        
--------------------------------------------------------------------------------------------------------------------------
 Limit  (cost=547.44..547.44 rows=1 width=20) (actual time=1.287..1.287 rows=0 loops=1)
   ->  Limit  (cost=546.19..546.44 rows=100 width=20) (actual time=1.275..1.284 rows=100 loops=1)
         ->  Sort  (cost=546.19..571.19 rows=10000 width=20) (actual time=1.274..1.278 rows=100 loops=1)
               Sort Key: s_2.a, s_2.b, s_2.c
               Sort Method: top-N heapsort  Memory: 32kB
               ->  Seq Scan on s_2  (cost=0.00..164.00 rows=10000 width=20) (actual time=0.007..0.518 rows=10000 loops=1)
 Planning time: 0.272 ms
 Execution time: 1.310 ms
(8 rows)

===== 351 [Wed Mar  7 01:59:52 CET 2018] scale:10000 groups:10000 work_mem:8MB incremental:off max_workers:0 =====
SELECT * FROM s_3 ORDER BY a, b, c, d LIMIT 100
                                                        QUERY PLAN                                                        
--------------------------------------------------------------------------------------------------------------------------
 Limit  (cost=547.44..547.44 rows=1 width=20) (actual time=1.364..1.364 rows=0 loops=1)
   ->  Limit  (cost=546.19..546.44 rows=100 width=20) (actual time=1.351..1.361 rows=100 loops=1)
         ->  Sort  (cost=546.19..571.19 rows=10000 width=20) (actual time=1.351..1.355 rows=100 loops=1)
               Sort Key: s_3.a, s_3.b, s_3.c, s_3.d
               Sort Method: top-N heapsort  Memory: 32kB
               ->  Seq Scan on s_3  (cost=0.00..164.00 rows=10000 width=20) (actual time=0.007..0.512 rows=10000 loops=1)
 Planning time: 0.271 ms
 Execution time: 1.387 ms
(8 rows)

===== 352 [Wed Mar  7 01:59:52 CET 2018] scale:10000 groups:10000 work_mem:8MB incremental:off max_workers:0 =====
SELECT * FROM s_4 ORDER BY a, b, c, d, e LIMIT 100
                                                        QUERY PLAN                                                        
--------------------------------------------------------------------------------------------------------------------------
 Limit  (cost=547.44..547.44 rows=1 width=20) (actual time=1.288..1.288 rows=0 loops=1)
   ->  Limit  (cost=546.19..546.44 rows=100 width=20) (actual time=1.275..1.284 rows=100 loops=1)
         ->  Sort  (cost=546.19..571.19 rows=10000 width=20) (actual time=1.274..1.278 rows=100 loops=1)
               Sort Key: s_4.a, s_4.b, s_4.c, s_4.d, s_4.e
               Sort Method: top-N heapsort  Memory: 32kB
               ->  Seq Scan on s_4  (cost=0.00..164.00 rows=10000 width=20) (actual time=0.004..0.519 rows=10000 loops=1)
 Planning time: 0.262 ms
 Execution time: 1.310 ms
(8 rows)

===== 353 [Wed Mar  7 01:59:52 CET 2018] scale:10000 groups:10000 work_mem:16MB incremental:on max_workers:0 =====
SELECT * FROM s_1 ORDER BY a, b LIMIT 100
                                                                QUERY PLAN                                                                
------------------------------------------------------------------------------------------------------------------------------------------
 Limit  (cost=4.39..4.39 rows=1 width=20) (actual time=0.092..0.092 rows=0 loops=1)
   ->  Limit  (cost=0.35..3.39 rows=100 width=20) (actual time=0.056..0.089 rows=100 loops=1)
         ->  Incremental Sort  (cost=0.35..304.95 rows=10000 width=20) (actual time=0.055..0.083 rows=100 loops=1)
               Sort Key: s_1.a, s_1.b
               Presorted Key: s_1.a
               Sort Method: quicksort  Memory: 27kB
               Sort Groups: 4
               ->  Index Scan using s_1_a_idx on s_1  (cost=0.29..337.29 rows=10000 width=20) (actual time=0.009..0.023 rows=130 loops=1)
 Planning time: 0.272 ms
 Execution time: 0.118 ms
(10 rows)

===== 354 [Wed Mar  7 01:59:53 CET 2018] scale:10000 groups:10000 work_mem:16MB incremental:on max_workers:0 =====
SELECT * FROM s_2 ORDER BY a, b, c LIMIT 100
                                                                 QUERY PLAN                                                                 
--------------------------------------------------------------------------------------------------------------------------------------------
 Limit  (cost=4.42..4.42 rows=1 width=20) (actual time=0.091..0.091 rows=0 loops=1)
   ->  Limit  (cost=0.36..3.42 rows=100 width=20) (actual time=0.060..0.088 rows=100 loops=1)
         ->  Incremental Sort  (cost=0.36..306.52 rows=10000 width=20) (actual time=0.060..0.082 rows=100 loops=1)
               Sort Key: s_2.a, s_2.b, s_2.c
               Presorted Key: s_2.a, s_2.b
               Sort Method: quicksort  Memory: 27kB
               Sort Groups: 4
               ->  Index Scan using s_2_a_b_idx on s_2  (cost=0.29..419.97 rows=10000 width=20) (actual time=0.015..0.028 rows=129 loops=1)
 Planning time: 0.281 ms
 Execution time: 0.115 ms
(10 rows)

===== 355 [Wed Mar  7 01:59:53 CET 2018] scale:10000 groups:10000 work_mem:16MB incremental:on max_workers:0 =====
SELECT * FROM s_3 ORDER BY a, b, c, d LIMIT 100
                                                                  QUERY PLAN                                                                  
----------------------------------------------------------------------------------------------------------------------------------------------
 Limit  (cost=4.43..4.43 rows=1 width=20) (actual time=0.090..0.090 rows=0 loops=1)
   ->  Limit  (cost=0.37..3.43 rows=100 width=20) (actual time=0.058..0.087 rows=100 loops=1)
         ->  Incremental Sort  (cost=0.37..306.96 rows=10000 width=20) (actual time=0.058..0.081 rows=100 loops=1)
               Sort Key: s_3.a, s_3.b, s_3.c, s_3.d
               Presorted Key: s_3.a, s_3.b, s_3.c
               Sort Method: quicksort  Memory: 27kB
               Sort Groups: 4
               ->  Index Scan using s_3_a_b_c_idx on s_3  (cost=0.29..463.97 rows=10000 width=20) (actual time=0.011..0.025 rows=129 loops=1)
 Planning time: 0.279 ms
 Execution time: 0.114 ms
(10 rows)

===== 356 [Wed Mar  7 01:59:53 CET 2018] scale:10000 groups:10000 work_mem:16MB incremental:on max_workers:0 =====
SELECT * FROM s_4 ORDER BY a, b, c, d, e LIMIT 100
                                                                   QUERY PLAN                                                                   
------------------------------------------------------------------------------------------------------------------------------------------------
 Limit  (cost=4.43..4.43 rows=1 width=20) (actual time=0.086..0.086 rows=0 loops=1)
   ->  Limit  (cost=0.37..3.43 rows=100 width=20) (actual time=0.055..0.083 rows=100 loops=1)
         ->  Incremental Sort  (cost=0.37..306.96 rows=10000 width=20) (actual time=0.054..0.077 rows=100 loops=1)
               Sort Key: s_4.a, s_4.b, s_4.c, s_4.d, s_4.e
               Presorted Key: s_4.a, s_4.b, s_4.c, s_4.d
               Sort Method: quicksort  Memory: 27kB
               Sort Groups: 4
               ->  Index Scan using s_4_a_b_c_d_idx on s_4  (cost=0.29..463.97 rows=10000 width=20) (actual time=0.011..0.024 rows=129 loops=1)
 Planning time: 0.273 ms
 Execution time: 0.109 ms
(10 rows)

===== 357 [Wed Mar  7 01:59:53 CET 2018] scale:10000 groups:10000 work_mem:16MB incremental:off max_workers:0 =====
SELECT * FROM s_1 ORDER BY a, b LIMIT 100
                                                        QUERY PLAN                                                        
--------------------------------------------------------------------------------------------------------------------------
 Limit  (cost=547.44..547.44 rows=1 width=20) (actual time=1.278..1.278 rows=0 loops=1)
   ->  Limit  (cost=546.19..546.44 rows=100 width=20) (actual time=1.265..1.275 rows=100 loops=1)
         ->  Sort  (cost=546.19..571.19 rows=10000 width=20) (actual time=1.265..1.269 rows=100 loops=1)
               Sort Key: s_1.a, s_1.b
               Sort Method: top-N heapsort  Memory: 32kB
               ->  Seq Scan on s_1  (cost=0.00..164.00 rows=10000 width=20) (actual time=0.004..0.521 rows=10000 loops=1)
 Planning time: 0.271 ms
 Execution time: 1.301 ms
(8 rows)

===== 358 [Wed Mar  7 01:59:53 CET 2018] scale:10000 groups:10000 work_mem:16MB incremental:off max_workers:0 =====
SELECT * FROM s_2 ORDER BY a, b, c LIMIT 100
                                                        QUERY PLAN                                                        
--------------------------------------------------------------------------------------------------------------------------
 Limit  (cost=547.44..547.44 rows=1 width=20) (actual time=1.285..1.285 rows=0 loops=1)
   ->  Limit  (cost=546.19..546.44 rows=100 width=20) (actual time=1.272..1.282 rows=100 loops=1)
         ->  Sort  (cost=546.19..571.19 rows=10000 width=20) (actual time=1.272..1.276 rows=100 loops=1)
               Sort Key: s_2.a, s_2.b, s_2.c
               Sort Method: top-N heapsort  Memory: 32kB
               ->  Seq Scan on s_2  (cost=0.00..164.00 rows=10000 width=20) (actual time=0.007..0.520 rows=10000 loops=1)
 Planning time: 0.276 ms
 Execution time: 1.309 ms
(8 rows)

===== 359 [Wed Mar  7 01:59:53 CET 2018] scale:10000 groups:10000 work_mem:16MB incremental:off max_workers:0 =====
SELECT * FROM s_3 ORDER BY a, b, c, d LIMIT 100
                                                        QUERY PLAN                                                        
--------------------------------------------------------------------------------------------------------------------------
 Limit  (cost=547.44..547.44 rows=1 width=20) (actual time=1.370..1.370 rows=0 loops=1)
   ->  Limit  (cost=546.19..546.44 rows=100 width=20) (actual time=1.357..1.366 rows=100 loops=1)
         ->  Sort  (cost=546.19..571.19 rows=10000 width=20) (actual time=1.356..1.360 rows=100 loops=1)
               Sort Key: s_3.a, s_3.b, s_3.c, s_3.d
               Sort Method: top-N heapsort  Memory: 32kB
               ->  Seq Scan on s_3  (cost=0.00..164.00 rows=10000 width=20) (actual time=0.007..0.513 rows=10000 loops=1)
 Planning time: 0.266 ms
 Execution time: 1.392 ms
(8 rows)

===== 360 [Wed Mar  7 01:59:53 CET 2018] scale:10000 groups:10000 work_mem:16MB incremental:off max_workers:0 =====
SELECT * FROM s_4 ORDER BY a, b, c, d, e LIMIT 100
                                                        QUERY PLAN                                                        
--------------------------------------------------------------------------------------------------------------------------
 Limit  (cost=547.44..547.44 rows=1 width=20) (actual time=1.288..1.288 rows=0 loops=1)
   ->  Limit  (cost=546.19..546.44 rows=100 width=20) (actual time=1.275..1.284 rows=100 loops=1)
         ->  Sort  (cost=546.19..571.19 rows=10000 width=20) (actual time=1.274..1.278 rows=100 loops=1)
               Sort Key: s_4.a, s_4.b, s_4.c, s_4.d, s_4.e
               Sort Method: top-N heapsort  Memory: 32kB
               ->  Seq Scan on s_4  (cost=0.00..164.00 rows=10000 width=20) (actual time=0.004..0.517 rows=10000 loops=1)
 Planning time: 0.261 ms
 Execution time: 1.310 ms
(8 rows)

===== 361 [Wed Mar  7 01:59:53 CET 2018] scale:10000 groups:10000 work_mem:32MB incremental:on max_workers:0 =====
SELECT * FROM s_1 ORDER BY a, b LIMIT 100
                                                                QUERY PLAN                                                                
------------------------------------------------------------------------------------------------------------------------------------------
 Limit  (cost=4.39..4.39 rows=1 width=20) (actual time=0.094..0.094 rows=0 loops=1)
   ->  Limit  (cost=0.35..3.39 rows=100 width=20) (actual time=0.057..0.090 rows=100 loops=1)
         ->  Incremental Sort  (cost=0.35..304.95 rows=10000 width=20) (actual time=0.057..0.084 rows=100 loops=1)
               Sort Key: s_1.a, s_1.b
               Presorted Key: s_1.a
               Sort Method: quicksort  Memory: 27kB
               Sort Groups: 4
               ->  Index Scan using s_1_a_idx on s_1  (cost=0.29..337.29 rows=10000 width=20) (actual time=0.009..0.023 rows=130 loops=1)
 Planning time: 0.264 ms
 Execution time: 0.119 ms
(10 rows)

===== 362 [Wed Mar  7 01:59:53 CET 2018] scale:10000 groups:10000 work_mem:32MB incremental:on max_workers:0 =====
SELECT * FROM s_2 ORDER BY a, b, c LIMIT 100
                                                                 QUERY PLAN                                                                 
--------------------------------------------------------------------------------------------------------------------------------------------
 Limit  (cost=4.42..4.42 rows=1 width=20) (actual time=0.086..0.086 rows=0 loops=1)
   ->  Limit  (cost=0.36..3.42 rows=100 width=20) (actual time=0.055..0.083 rows=100 loops=1)
         ->  Incremental Sort  (cost=0.36..306.52 rows=10000 width=20) (actual time=0.055..0.077 rows=100 loops=1)
               Sort Key: s_2.a, s_2.b, s_2.c
               Presorted Key: s_2.a, s_2.b
               Sort Method: quicksort  Memory: 27kB
               Sort Groups: 4
               ->  Index Scan using s_2_a_b_idx on s_2  (cost=0.29..419.97 rows=10000 width=20) (actual time=0.015..0.028 rows=129 loops=1)
 Planning time: 0.280 ms
 Execution time: 0.110 ms
(10 rows)

===== 363 [Wed Mar  7 01:59:53 CET 2018] scale:10000 groups:10000 work_mem:32MB incremental:on max_workers:0 =====
SELECT * FROM s_3 ORDER BY a, b, c, d LIMIT 100
                                                                  QUERY PLAN                                                                  
----------------------------------------------------------------------------------------------------------------------------------------------
 Limit  (cost=4.43..4.43 rows=1 width=20) (actual time=0.088..0.088 rows=0 loops=1)
   ->  Limit  (cost=0.37..3.43 rows=100 width=20) (actual time=0.055..0.084 rows=100 loops=1)
         ->  Incremental Sort  (cost=0.37..306.96 rows=10000 width=20) (actual time=0.055..0.078 rows=100 loops=1)
               Sort Key: s_3.a, s_3.b, s_3.c, s_3.d
               Presorted Key: s_3.a, s_3.b, s_3.c
               Sort Method: quicksort  Memory: 27kB
               Sort Groups: 4
               ->  Index Scan using s_3_a_b_c_idx on s_3  (cost=0.29..463.97 rows=10000 width=20) (actual time=0.011..0.025 rows=129 loops=1)
 Planning time: 0.286 ms
 Execution time: 0.110 ms
(10 rows)

===== 364 [Wed Mar  7 01:59:53 CET 2018] scale:10000 groups:10000 work_mem:32MB incremental:on max_workers:0 =====
SELECT * FROM s_4 ORDER BY a, b, c, d, e LIMIT 100
                                                                   QUERY PLAN                                                                   
------------------------------------------------------------------------------------------------------------------------------------------------
 Limit  (cost=4.43..4.43 rows=1 width=20) (actual time=0.087..0.087 rows=0 loops=1)
   ->  Limit  (cost=0.37..3.43 rows=100 width=20) (actual time=0.054..0.083 rows=100 loops=1)
         ->  Incremental Sort  (cost=0.37..306.96 rows=10000 width=20) (actual time=0.054..0.077 rows=100 loops=1)
               Sort Key: s_4.a, s_4.b, s_4.c, s_4.d, s_4.e
               Presorted Key: s_4.a, s_4.b, s_4.c, s_4.d
               Sort Method: quicksort  Memory: 27kB
               Sort Groups: 4
               ->  Index Scan using s_4_a_b_c_d_idx on s_4  (cost=0.29..463.97 rows=10000 width=20) (actual time=0.011..0.025 rows=129 loops=1)
 Planning time: 0.276 ms
 Execution time: 0.109 ms
(10 rows)

===== 365 [Wed Mar  7 01:59:53 CET 2018] scale:10000 groups:10000 work_mem:32MB incremental:off max_workers:0 =====
SELECT * FROM s_1 ORDER BY a, b LIMIT 100
                                                        QUERY PLAN                                                        
--------------------------------------------------------------------------------------------------------------------------
 Limit  (cost=547.44..547.44 rows=1 width=20) (actual time=1.288..1.288 rows=0 loops=1)
   ->  Limit  (cost=546.19..546.44 rows=100 width=20) (actual time=1.275..1.284 rows=100 loops=1)
         ->  Sort  (cost=546.19..571.19 rows=10000 width=20) (actual time=1.275..1.278 rows=100 loops=1)
               Sort Key: s_1.a, s_1.b
               Sort Method: top-N heapsort  Memory: 32kB
               ->  Seq Scan on s_1  (cost=0.00..164.00 rows=10000 width=20) (actual time=0.004..0.534 rows=10000 loops=1)
 Planning time: 0.261 ms
 Execution time: 1.314 ms
(8 rows)

===== 366 [Wed Mar  7 01:59:53 CET 2018] scale:10000 groups:10000 work_mem:32MB incremental:off max_workers:0 =====
SELECT * FROM s_2 ORDER BY a, b, c LIMIT 100
                                                        QUERY PLAN                                                        
--------------------------------------------------------------------------------------------------------------------------
 Limit  (cost=547.44..547.44 rows=1 width=20) (actual time=1.289..1.289 rows=0 loops=1)
   ->  Limit  (cost=546.19..546.44 rows=100 width=20) (actual time=1.276..1.286 rows=100 loops=1)
         ->  Sort  (cost=546.19..571.19 rows=10000 width=20) (actual time=1.276..1.280 rows=100 loops=1)
               Sort Key: s_2.a, s_2.b, s_2.c
               Sort Method: top-N heapsort  Memory: 32kB
               ->  Seq Scan on s_2  (cost=0.00..164.00 rows=10000 width=20) (actual time=0.007..0.530 rows=10000 loops=1)
 Planning time: 0.270 ms
 Execution time: 1.313 ms
(8 rows)

===== 367 [Wed Mar  7 01:59:53 CET 2018] scale:10000 groups:10000 work_mem:32MB incremental:off max_workers:0 =====
SELECT * FROM s_3 ORDER BY a, b, c, d LIMIT 100
                                                        QUERY PLAN                                                        
--------------------------------------------------------------------------------------------------------------------------
 Limit  (cost=547.44..547.44 rows=1 width=20) (actual time=1.440..1.440 rows=0 loops=1)
   ->  Limit  (cost=546.19..546.44 rows=100 width=20) (actual time=1.427..1.436 rows=100 loops=1)
         ->  Sort  (cost=546.19..571.19 rows=10000 width=20) (actual time=1.427..1.431 rows=100 loops=1)
               Sort Key: s_3.a, s_3.b, s_3.c, s_3.d
               Sort Method: top-N heapsort  Memory: 32kB
               ->  Seq Scan on s_3  (cost=0.00..164.00 rows=10000 width=20) (actual time=0.007..0.510 rows=10000 loops=1)
 Planning time: 0.265 ms
 Execution time: 1.465 ms
(8 rows)

===== 368 [Wed Mar  7 01:59:54 CET 2018] scale:10000 groups:10000 work_mem:32MB incremental:off max_workers:0 =====
SELECT * FROM s_4 ORDER BY a, b, c, d, e LIMIT 100
                                                        QUERY PLAN                                                        
--------------------------------------------------------------------------------------------------------------------------
 Limit  (cost=547.44..547.44 rows=1 width=20) (actual time=1.287..1.287 rows=0 loops=1)
   ->  Limit  (cost=546.19..546.44 rows=100 width=20) (actual time=1.274..1.284 rows=100 loops=1)
         ->  Sort  (cost=546.19..571.19 rows=10000 width=20) (actual time=1.274..1.278 rows=100 loops=1)
               Sort Key: s_4.a, s_4.b, s_4.c, s_4.d, s_4.e
               Sort Method: top-N heapsort  Memory: 32kB
               ->  Seq Scan on s_4  (cost=0.00..164.00 rows=10000 width=20) (actual time=0.004..0.521 rows=10000 loops=1)
 Planning time: 0.261 ms
 Execution time: 1.310 ms
(8 rows)

===== 369 [Wed Mar  7 01:59:54 CET 2018] scale:10000 groups:10000 work_mem:64MB incremental:on max_workers:0 =====
SELECT * FROM s_1 ORDER BY a, b LIMIT 100
                                                                QUERY PLAN                                                                
------------------------------------------------------------------------------------------------------------------------------------------
 Limit  (cost=4.39..4.39 rows=1 width=20) (actual time=0.092..0.092 rows=0 loops=1)
   ->  Limit  (cost=0.35..3.39 rows=100 width=20) (actual time=0.055..0.088 rows=100 loops=1)
         ->  Incremental Sort  (cost=0.35..304.95 rows=10000 width=20) (actual time=0.055..0.082 rows=100 loops=1)
               Sort Key: s_1.a, s_1.b
               Presorted Key: s_1.a
               Sort Method: quicksort  Memory: 27kB
               Sort Groups: 4
               ->  Index Scan using s_1_a_idx on s_1  (cost=0.29..337.29 rows=10000 width=20) (actual time=0.009..0.023 rows=130 loops=1)
 Planning time: 0.271 ms
 Execution time: 0.117 ms
(10 rows)

===== 370 [Wed Mar  7 01:59:54 CET 2018] scale:10000 groups:10000 work_mem:64MB incremental:on max_workers:0 =====
SELECT * FROM s_2 ORDER BY a, b, c LIMIT 100
                                                                 QUERY PLAN                                                                 
--------------------------------------------------------------------------------------------------------------------------------------------
 Limit  (cost=4.42..4.42 rows=1 width=20) (actual time=0.087..0.087 rows=0 loops=1)
   ->  Limit  (cost=0.36..3.42 rows=100 width=20) (actual time=0.055..0.083 rows=100 loops=1)
         ->  Incremental Sort  (cost=0.36..306.52 rows=10000 width=20) (actual time=0.055..0.077 rows=100 loops=1)
               Sort Key: s_2.a, s_2.b, s_2.c
               Presorted Key: s_2.a, s_2.b
               Sort Method: quicksort  Memory: 27kB
               Sort Groups: 4
               ->  Index Scan using s_2_a_b_idx on s_2  (cost=0.29..419.97 rows=10000 width=20) (actual time=0.014..0.027 rows=129 loops=1)
 Planning time: 0.291 ms
 Execution time: 0.110 ms
(10 rows)

===== 371 [Wed Mar  7 01:59:54 CET 2018] scale:10000 groups:10000 work_mem:64MB incremental:on max_workers:0 =====
SELECT * FROM s_3 ORDER BY a, b, c, d LIMIT 100
                                                                  QUERY PLAN                                                                  
----------------------------------------------------------------------------------------------------------------------------------------------
 Limit  (cost=4.43..4.43 rows=1 width=20) (actual time=0.088..0.088 rows=0 loops=1)
   ->  Limit  (cost=0.37..3.43 rows=100 width=20) (actual time=0.055..0.084 rows=100 loops=1)
         ->  Incremental Sort  (cost=0.37..306.96 rows=10000 width=20) (actual time=0.055..0.078 rows=100 loops=1)
               Sort Key: s_3.a, s_3.b, s_3.c, s_3.d
               Presorted Key: s_3.a, s_3.b, s_3.c
               Sort Method: quicksort  Memory: 27kB
               Sort Groups: 4
               ->  Index Scan using s_3_a_b_c_idx on s_3  (cost=0.29..463.97 rows=10000 width=20) (actual time=0.011..0.025 rows=129 loops=1)
 Planning time: 0.284 ms
 Execution time: 0.111 ms
(10 rows)

===== 372 [Wed Mar  7 01:59:54 CET 2018] scale:10000 groups:10000 work_mem:64MB incremental:on max_workers:0 =====
SELECT * FROM s_4 ORDER BY a, b, c, d, e LIMIT 100
                                                                   QUERY PLAN                                                                   
------------------------------------------------------------------------------------------------------------------------------------------------
 Limit  (cost=4.43..4.43 rows=1 width=20) (actual time=0.087..0.087 rows=0 loops=1)
   ->  Limit  (cost=0.37..3.43 rows=100 width=20) (actual time=0.055..0.083 rows=100 loops=1)
         ->  Incremental Sort  (cost=0.37..306.96 rows=10000 width=20) (actual time=0.055..0.077 rows=100 loops=1)
               Sort Key: s_4.a, s_4.b, s_4.c, s_4.d, s_4.e
               Presorted Key: s_4.a, s_4.b, s_4.c, s_4.d
               Sort Method: quicksort  Memory: 27kB
               Sort Groups: 4
               ->  Index Scan using s_4_a_b_c_d_idx on s_4  (cost=0.29..463.97 rows=10000 width=20) (actual time=0.011..0.025 rows=129 loops=1)
 Planning time: 0.277 ms
 Execution time: 0.111 ms
(10 rows)

===== 373 [Wed Mar  7 01:59:54 CET 2018] scale:10000 groups:10000 work_mem:64MB incremental:off max_workers:0 =====
SELECT * FROM s_1 ORDER BY a, b LIMIT 100
                                                        QUERY PLAN                                                        
--------------------------------------------------------------------------------------------------------------------------
 Limit  (cost=547.44..547.44 rows=1 width=20) (actual time=1.277..1.277 rows=0 loops=1)
   ->  Limit  (cost=546.19..546.44 rows=100 width=20) (actual time=1.264..1.273 rows=100 loops=1)
         ->  Sort  (cost=546.19..571.19 rows=10000 width=20) (actual time=1.263..1.267 rows=100 loops=1)
               Sort Key: s_1.a, s_1.b
               Sort Method: top-N heapsort  Memory: 32kB
               ->  Seq Scan on s_1  (cost=0.00..164.00 rows=10000 width=20) (actual time=0.004..0.521 rows=10000 loops=1)
 Planning time: 0.264 ms
 Execution time: 1.299 ms
(8 rows)

===== 374 [Wed Mar  7 01:59:54 CET 2018] scale:10000 groups:10000 work_mem:64MB incremental:off max_workers:0 =====
SELECT * FROM s_2 ORDER BY a, b, c LIMIT 100
                                                        QUERY PLAN                                                        
--------------------------------------------------------------------------------------------------------------------------
 Limit  (cost=547.44..547.44 rows=1 width=20) (actual time=1.280..1.280 rows=0 loops=1)
   ->  Limit  (cost=546.19..546.44 rows=100 width=20) (actual time=1.267..1.276 rows=100 loops=1)
         ->  Sort  (cost=546.19..571.19 rows=10000 width=20) (actual time=1.267..1.270 rows=100 loops=1)
               Sort Key: s_2.a, s_2.b, s_2.c
               Sort Method: top-N heapsort  Memory: 32kB
               ->  Seq Scan on s_2  (cost=0.00..164.00 rows=10000 width=20) (actual time=0.007..0.523 rows=10000 loops=1)
 Planning time: 0.270 ms
 Execution time: 1.303 ms
(8 rows)

===== 375 [Wed Mar  7 01:59:54 CET 2018] scale:10000 groups:10000 work_mem:64MB incremental:off max_workers:0 =====
SELECT * FROM s_3 ORDER BY a, b, c, d LIMIT 100
                                                        QUERY PLAN                                                        
--------------------------------------------------------------------------------------------------------------------------
 Limit  (cost=547.44..547.44 rows=1 width=20) (actual time=1.370..1.370 rows=0 loops=1)
   ->  Limit  (cost=546.19..546.44 rows=100 width=20) (actual time=1.357..1.366 rows=100 loops=1)
         ->  Sort  (cost=546.19..571.19 rows=10000 width=20) (actual time=1.356..1.360 rows=100 loops=1)
               Sort Key: s_3.a, s_3.b, s_3.c, s_3.d
               Sort Method: top-N heapsort  Memory: 32kB
               ->  Seq Scan on s_3  (cost=0.00..164.00 rows=10000 width=20) (actual time=0.007..0.509 rows=10000 loops=1)
 Planning time: 0.265 ms
 Execution time: 1.393 ms
(8 rows)

===== 376 [Wed Mar  7 01:59:54 CET 2018] scale:10000 groups:10000 work_mem:64MB incremental:off max_workers:0 =====
SELECT * FROM s_4 ORDER BY a, b, c, d, e LIMIT 100
                                                        QUERY PLAN                                                        
--------------------------------------------------------------------------------------------------------------------------
 Limit  (cost=547.44..547.44 rows=1 width=20) (actual time=1.295..1.295 rows=0 loops=1)
   ->  Limit  (cost=546.19..546.44 rows=100 width=20) (actual time=1.281..1.291 rows=100 loops=1)
         ->  Sort  (cost=546.19..571.19 rows=10000 width=20) (actual time=1.281..1.285 rows=100 loops=1)
               Sort Key: s_4.a, s_4.b, s_4.c, s_4.d, s_4.e
               Sort Method: top-N heapsort  Memory: 32kB
               ->  Seq Scan on s_4  (cost=0.00..164.00 rows=10000 width=20) (actual time=0.004..0.526 rows=10000 loops=1)
 Planning time: 0.261 ms
 Execution time: 1.318 ms
(8 rows)

===== 377 [Wed Mar  7 01:59:54 CET 2018] scale:10000 groups:10000 work_mem:128MB incremental:on max_workers:0 =====
SELECT * FROM s_1 ORDER BY a, b LIMIT 100
                                                                QUERY PLAN                                                                
------------------------------------------------------------------------------------------------------------------------------------------
 Limit  (cost=4.39..4.39 rows=1 width=20) (actual time=0.094..0.094 rows=0 loops=1)
   ->  Limit  (cost=0.35..3.39 rows=100 width=20) (actual time=0.057..0.090 rows=100 loops=1)
         ->  Incremental Sort  (cost=0.35..304.95 rows=10000 width=20) (actual time=0.057..0.084 rows=100 loops=1)
               Sort Key: s_1.a, s_1.b
               Presorted Key: s_1.a
               Sort Method: quicksort  Memory: 27kB
               Sort Groups: 4
               ->  Index Scan using s_1_a_idx on s_1  (cost=0.29..337.29 rows=10000 width=20) (actual time=0.009..0.023 rows=130 loops=1)
 Planning time: 0.268 ms
 Execution time: 0.119 ms
(10 rows)

===== 378 [Wed Mar  7 01:59:54 CET 2018] scale:10000 groups:10000 work_mem:128MB incremental:on max_workers:0 =====
SELECT * FROM s_2 ORDER BY a, b, c LIMIT 100
                                                                 QUERY PLAN                                                                 
--------------------------------------------------------------------------------------------------------------------------------------------
 Limit  (cost=4.42..4.42 rows=1 width=20) (actual time=0.086..0.086 rows=0 loops=1)
   ->  Limit  (cost=0.36..3.42 rows=100 width=20) (actual time=0.055..0.083 rows=100 loops=1)
         ->  Incremental Sort  (cost=0.36..306.52 rows=10000 width=20) (actual time=0.054..0.077 rows=100 loops=1)
               Sort Key: s_2.a, s_2.b, s_2.c
               Presorted Key: s_2.a, s_2.b
               Sort Method: quicksort  Memory: 27kB
               Sort Groups: 4
               ->  Index Scan using s_2_a_b_idx on s_2  (cost=0.29..419.97 rows=10000 width=20) (actual time=0.014..0.027 rows=129 loops=1)
 Planning time: 0.279 ms
 Execution time: 0.110 ms
(10 rows)

===== 379 [Wed Mar  7 01:59:54 CET 2018] scale:10000 groups:10000 work_mem:128MB incremental:on max_workers:0 =====
SELECT * FROM s_3 ORDER BY a, b, c, d LIMIT 100
                                                                  QUERY PLAN                                                                  
----------------------------------------------------------------------------------------------------------------------------------------------
 Limit  (cost=4.43..4.43 rows=1 width=20) (actual time=0.088..0.088 rows=0 loops=1)
   ->  Limit  (cost=0.37..3.43 rows=100 width=20) (actual time=0.056..0.085 rows=100 loops=1)
         ->  Incremental Sort  (cost=0.37..306.96 rows=10000 width=20) (actual time=0.056..0.079 rows=100 loops=1)
               Sort Key: s_3.a, s_3.b, s_3.c, s_3.d
               Presorted Key: s_3.a, s_3.b, s_3.c
               Sort Method: quicksort  Memory: 27kB
               Sort Groups: 4
               ->  Index Scan using s_3_a_b_c_idx on s_3  (cost=0.29..463.97 rows=10000 width=20) (actual time=0.011..0.025 rows=129 loops=1)
 Planning time: 0.283 ms
 Execution time: 0.111 ms
(10 rows)

===== 380 [Wed Mar  7 01:59:54 CET 2018] scale:10000 groups:10000 work_mem:128MB incremental:on max_workers:0 =====
SELECT * FROM s_4 ORDER BY a, b, c, d, e LIMIT 100
                                                                   QUERY PLAN                                                                   
------------------------------------------------------------------------------------------------------------------------------------------------
 Limit  (cost=4.43..4.43 rows=1 width=20) (actual time=0.087..0.087 rows=0 loops=1)
   ->  Limit  (cost=0.37..3.43 rows=100 width=20) (actual time=0.055..0.083 rows=100 loops=1)
         ->  Incremental Sort  (cost=0.37..306.96 rows=10000 width=20) (actual time=0.054..0.077 rows=100 loops=1)
               Sort Key: s_4.a, s_4.b, s_4.c, s_4.d, s_4.e
               Presorted Key: s_4.a, s_4.b, s_4.c, s_4.d
               Sort Method: quicksort  Memory: 27kB
               Sort Groups: 4
               ->  Index Scan using s_4_a_b_c_d_idx on s_4  (cost=0.29..463.97 rows=10000 width=20) (actual time=0.011..0.024 rows=129 loops=1)
 Planning time: 0.270 ms
 Execution time: 0.109 ms
(10 rows)

===== 381 [Wed Mar  7 01:59:55 CET 2018] scale:10000 groups:10000 work_mem:128MB incremental:off max_workers:0 =====
SELECT * FROM s_1 ORDER BY a, b LIMIT 100
                                                        QUERY PLAN                                                        
--------------------------------------------------------------------------------------------------------------------------
 Limit  (cost=547.44..547.44 rows=1 width=20) (actual time=1.274..1.274 rows=0 loops=1)
   ->  Limit  (cost=546.19..546.44 rows=100 width=20) (actual time=1.260..1.270 rows=100 loops=1)
         ->  Sort  (cost=546.19..571.19 rows=10000 width=20) (actual time=1.260..1.264 rows=100 loops=1)
               Sort Key: s_1.a, s_1.b
               Sort Method: top-N heapsort  Memory: 32kB
               ->  Seq Scan on s_1  (cost=0.00..164.00 rows=10000 width=20) (actual time=0.004..0.517 rows=10000 loops=1)
 Planning time: 0.258 ms
 Execution time: 1.296 ms
(8 rows)

===== 382 [Wed Mar  7 01:59:55 CET 2018] scale:10000 groups:10000 work_mem:128MB incremental:off max_workers:0 =====
SELECT * FROM s_2 ORDER BY a, b, c LIMIT 100
                                                        QUERY PLAN                                                        
--------------------------------------------------------------------------------------------------------------------------
 Limit  (cost=547.44..547.44 rows=1 width=20) (actual time=1.279..1.279 rows=0 loops=1)
   ->  Limit  (cost=546.19..546.44 rows=100 width=20) (actual time=1.266..1.275 rows=100 loops=1)
         ->  Sort  (cost=546.19..571.19 rows=10000 width=20) (actual time=1.266..1.270 rows=100 loops=1)
               Sort Key: s_2.a, s_2.b, s_2.c
               Sort Method: top-N heapsort  Memory: 32kB
               ->  Seq Scan on s_2  (cost=0.00..164.00 rows=10000 width=20) (actual time=0.007..0.520 rows=10000 loops=1)
 Planning time: 0.276 ms
 Execution time: 1.302 ms
(8 rows)

===== 383 [Wed Mar  7 01:59:55 CET 2018] scale:10000 groups:10000 work_mem:128MB incremental:off max_workers:0 =====
SELECT * FROM s_3 ORDER BY a, b, c, d LIMIT 100
                                                        QUERY PLAN                                                        
--------------------------------------------------------------------------------------------------------------------------
 Limit  (cost=547.44..547.44 rows=1 width=20) (actual time=1.368..1.368 rows=0 loops=1)
   ->  Limit  (cost=546.19..546.44 rows=100 width=20) (actual time=1.355..1.365 rows=100 loops=1)
         ->  Sort  (cost=546.19..571.19 rows=10000 width=20) (actual time=1.355..1.359 rows=100 loops=1)
               Sort Key: s_3.a, s_3.b, s_3.c, s_3.d
               Sort Method: top-N heapsort  Memory: 32kB
               ->  Seq Scan on s_3  (cost=0.00..164.00 rows=10000 width=20) (actual time=0.007..0.514 rows=10000 loops=1)
 Planning time: 0.260 ms
 Execution time: 1.391 ms
(8 rows)

===== 384 [Wed Mar  7 01:59:55 CET 2018] scale:10000 groups:10000 work_mem:128MB incremental:off max_workers:0 =====
SELECT * FROM s_4 ORDER BY a, b, c, d, e LIMIT 100
                                                        QUERY PLAN                                                        
--------------------------------------------------------------------------------------------------------------------------
 Limit  (cost=547.44..547.44 rows=1 width=20) (actual time=1.291..1.291 rows=0 loops=1)
   ->  Limit  (cost=546.19..546.44 rows=100 width=20) (actual time=1.277..1.287 rows=100 loops=1)
         ->  Sort  (cost=546.19..571.19 rows=10000 width=20) (actual time=1.277..1.281 rows=100 loops=1)
               Sort Key: s_4.a, s_4.b, s_4.c, s_4.d, s_4.e
               Sort Method: top-N heapsort  Memory: 32kB
               ->  Seq Scan on s_4  (cost=0.00..164.00 rows=10000 width=20) (actual time=0.004..0.526 rows=10000 loops=1)
 Planning time: 0.263 ms
 Execution time: 1.313 ms
(8 rows)

===== 385 [Wed Mar  7 01:59:55 CET 2018] scale:10000 groups:10000 work_mem:256MB incremental:on max_workers:0 =====
SELECT * FROM s_1 ORDER BY a, b LIMIT 100
                                                                QUERY PLAN                                                                
------------------------------------------------------------------------------------------------------------------------------------------
 Limit  (cost=4.39..4.39 rows=1 width=20) (actual time=0.094..0.094 rows=0 loops=1)
   ->  Limit  (cost=0.35..3.39 rows=100 width=20) (actual time=0.057..0.091 rows=100 loops=1)
         ->  Incremental Sort  (cost=0.35..304.95 rows=10000 width=20) (actual time=0.057..0.085 rows=100 loops=1)
               Sort Key: s_1.a, s_1.b
               Presorted Key: s_1.a
               Sort Method: quicksort  Memory: 27kB
               Sort Groups: 4
               ->  Index Scan using s_1_a_idx on s_1  (cost=0.29..337.29 rows=10000 width=20) (actual time=0.009..0.023 rows=130 loops=1)
 Planning time: 0.264 ms
 Execution time: 0.120 ms
(10 rows)

===== 386 [Wed Mar  7 01:59:55 CET 2018] scale:10000 groups:10000 work_mem:256MB incremental:on max_workers:0 =====
SELECT * FROM s_2 ORDER BY a, b, c LIMIT 100
                                                                 QUERY PLAN                                                                 
--------------------------------------------------------------------------------------------------------------------------------------------
 Limit  (cost=4.42..4.42 rows=1 width=20) (actual time=0.086..0.086 rows=0 loops=1)
   ->  Limit  (cost=0.36..3.42 rows=100 width=20) (actual time=0.055..0.083 rows=100 loops=1)
         ->  Incremental Sort  (cost=0.36..306.52 rows=10000 width=20) (actual time=0.054..0.077 rows=100 loops=1)
               Sort Key: s_2.a, s_2.b, s_2.c
               Presorted Key: s_2.a, s_2.b
               Sort Method: quicksort  Memory: 27kB
               Sort Groups: 4
               ->  Index Scan using s_2_a_b_idx on s_2  (cost=0.29..419.97 rows=10000 width=20) (actual time=0.014..0.027 rows=129 loops=1)
 Planning time: 0.287 ms
 Execution time: 0.109 ms
(10 rows)

===== 387 [Wed Mar  7 01:59:55 CET 2018] scale:10000 groups:10000 work_mem:256MB incremental:on max_workers:0 =====
SELECT * FROM s_3 ORDER BY a, b, c, d LIMIT 100
                                                                  QUERY PLAN                                                                  
----------------------------------------------------------------------------------------------------------------------------------------------
 Limit  (cost=4.43..4.43 rows=1 width=20) (actual time=0.089..0.089 rows=0 loops=1)
   ->  Limit  (cost=0.37..3.43 rows=100 width=20) (actual time=0.056..0.085 rows=100 loops=1)
         ->  Incremental Sort  (cost=0.37..306.96 rows=10000 width=20) (actual time=0.056..0.079 rows=100 loops=1)
               Sort Key: s_3.a, s_3.b, s_3.c, s_3.d
               Presorted Key: s_3.a, s_3.b, s_3.c
               Sort Method: quicksort  Memory: 27kB
               Sort Groups: 4
               ->  Index Scan using s_3_a_b_c_idx on s_3  (cost=0.29..463.97 rows=10000 width=20) (actual time=0.011..0.024 rows=129 loops=1)
 Planning time: 0.276 ms
 Execution time: 0.118 ms
(10 rows)

===== 388 [Wed Mar  7 01:59:55 CET 2018] scale:10000 groups:10000 work_mem:256MB incremental:on max_workers:0 =====
SELECT * FROM s_4 ORDER BY a, b, c, d, e LIMIT 100
                                                                   QUERY PLAN                                                                   
------------------------------------------------------------------------------------------------------------------------------------------------
 Limit  (cost=4.43..4.43 rows=1 width=20) (actual time=0.087..0.087 rows=0 loops=1)
   ->  Limit  (cost=0.37..3.43 rows=100 width=20) (actual time=0.055..0.083 rows=100 loops=1)
         ->  Incremental Sort  (cost=0.37..306.96 rows=10000 width=20) (actual time=0.055..0.077 rows=100 loops=1)
               Sort Key: s_4.a, s_4.b, s_4.c, s_4.d, s_4.e
               Presorted Key: s_4.a, s_4.b, s_4.c, s_4.d
               Sort Method: quicksort  Memory: 27kB
               Sort Groups: 4
               ->  Index Scan using s_4_a_b_c_d_idx on s_4  (cost=0.29..463.97 rows=10000 width=20) (actual time=0.011..0.024 rows=129 loops=1)
 Planning time: 0.274 ms
 Execution time: 0.110 ms
(10 rows)

===== 389 [Wed Mar  7 01:59:55 CET 2018] scale:10000 groups:10000 work_mem:256MB incremental:off max_workers:0 =====
SELECT * FROM s_1 ORDER BY a, b LIMIT 100
                                                        QUERY PLAN                                                        
--------------------------------------------------------------------------------------------------------------------------
 Limit  (cost=547.44..547.44 rows=1 width=20) (actual time=1.276..1.276 rows=0 loops=1)
   ->  Limit  (cost=546.19..546.44 rows=100 width=20) (actual time=1.263..1.273 rows=100 loops=1)
         ->  Sort  (cost=546.19..571.19 rows=10000 width=20) (actual time=1.263..1.267 rows=100 loops=1)
               Sort Key: s_1.a, s_1.b
               Sort Method: top-N heapsort  Memory: 32kB
               ->  Seq Scan on s_1  (cost=0.00..164.00 rows=10000 width=20) (actual time=0.004..0.516 rows=10000 loops=1)
 Planning time: 0.272 ms
 Execution time: 1.300 ms
(8 rows)

===== 390 [Wed Mar  7 01:59:55 CET 2018] scale:10000 groups:10000 work_mem:256MB incremental:off max_workers:0 =====
SELECT * FROM s_2 ORDER BY a, b, c LIMIT 100
                                                        QUERY PLAN                                                        
--------------------------------------------------------------------------------------------------------------------------
 Limit  (cost=547.44..547.44 rows=1 width=20) (actual time=1.285..1.285 rows=0 loops=1)
   ->  Limit  (cost=546.19..546.44 rows=100 width=20) (actual time=1.272..1.281 rows=100 loops=1)
         ->  Sort  (cost=546.19..571.19 rows=10000 width=20) (actual time=1.271..1.275 rows=100 loops=1)
               Sort Key: s_2.a, s_2.b, s_2.c
               Sort Method: top-N heapsort  Memory: 32kB
               ->  Seq Scan on s_2  (cost=0.00..164.00 rows=10000 width=20) (actual time=0.007..0.521 rows=10000 loops=1)
 Planning time: 0.271 ms
 Execution time: 1.308 ms
(8 rows)

===== 391 [Wed Mar  7 01:59:55 CET 2018] scale:10000 groups:10000 work_mem:256MB incremental:off max_workers:0 =====
SELECT * FROM s_3 ORDER BY a, b, c, d LIMIT 100
                                                        QUERY PLAN                                                        
--------------------------------------------------------------------------------------------------------------------------
 Limit  (cost=547.44..547.44 rows=1 width=20) (actual time=1.352..1.352 rows=0 loops=1)
   ->  Limit  (cost=546.19..546.44 rows=100 width=20) (actual time=1.339..1.349 rows=100 loops=1)
         ->  Sort  (cost=546.19..571.19 rows=10000 width=20) (actual time=1.339..1.343 rows=100 loops=1)
               Sort Key: s_3.a, s_3.b, s_3.c, s_3.d
               Sort Method: top-N heapsort  Memory: 32kB
               ->  Seq Scan on s_3  (cost=0.00..164.00 rows=10000 width=20) (actual time=0.007..0.508 rows=10000 loops=1)
 Planning time: 0.268 ms
 Execution time: 1.375 ms
(8 rows)

===== 392 [Wed Mar  7 01:59:55 CET 2018] scale:10000 groups:10000 work_mem:256MB incremental:off max_workers:0 =====
SELECT * FROM s_4 ORDER BY a, b, c, d, e LIMIT 100
                                                        QUERY PLAN                                                        
--------------------------------------------------------------------------------------------------------------------------
 Limit  (cost=547.44..547.44 rows=1 width=20) (actual time=1.277..1.277 rows=0 loops=1)
   ->  Limit  (cost=546.19..546.44 rows=100 width=20) (actual time=1.264..1.273 rows=100 loops=1)
         ->  Sort  (cost=546.19..571.19 rows=10000 width=20) (actual time=1.264..1.267 rows=100 loops=1)
               Sort Key: s_4.a, s_4.b, s_4.c, s_4.d, s_4.e
               Sort Method: top-N heapsort  Memory: 32kB
               ->  Seq Scan on s_4  (cost=0.00..164.00 rows=10000 width=20) (actual time=0.004..0.514 rows=10000 loops=1)
 Planning time: 0.270 ms
 Execution time: 1.299 ms
(8 rows)

===== 393 [Wed Mar  7 01:59:55 CET 2018] scale:10000 groups:10000 work_mem:4MB incremental:on max_workers:2 =====
SELECT * FROM s_1 ORDER BY a, b LIMIT 100
                                                                QUERY PLAN                                                                
------------------------------------------------------------------------------------------------------------------------------------------
 Limit  (cost=4.39..4.39 rows=1 width=20) (actual time=0.092..0.092 rows=0 loops=1)
   ->  Limit  (cost=0.35..3.39 rows=100 width=20) (actual time=0.055..0.088 rows=100 loops=1)
         ->  Incremental Sort  (cost=0.35..304.95 rows=10000 width=20) (actual time=0.055..0.082 rows=100 loops=1)
               Sort Key: s_1.a, s_1.b
               Presorted Key: s_1.a
               Sort Method: quicksort  Memory: 27kB
               Sort Groups: 4
               ->  Index Scan using s_1_a_idx on s_1  (cost=0.29..337.29 rows=10000 width=20) (actual time=0.009..0.023 rows=130 loops=1)
 Planning time: 0.283 ms
 Execution time: 0.118 ms
(10 rows)

===== 394 [Wed Mar  7 01:59:55 CET 2018] scale:10000 groups:10000 work_mem:4MB incremental:on max_workers:2 =====
SELECT * FROM s_2 ORDER BY a, b, c LIMIT 100
                                                                 QUERY PLAN                                                                 
--------------------------------------------------------------------------------------------------------------------------------------------
 Limit  (cost=4.42..4.42 rows=1 width=20) (actual time=0.086..0.086 rows=0 loops=1)
   ->  Limit  (cost=0.36..3.42 rows=100 width=20) (actual time=0.054..0.082 rows=100 loops=1)
         ->  Incremental Sort  (cost=0.36..306.52 rows=10000 width=20) (actual time=0.054..0.076 rows=100 loops=1)
               Sort Key: s_2.a, s_2.b, s_2.c
               Presorted Key: s_2.a, s_2.b
               Sort Method: quicksort  Memory: 27kB
               Sort Groups: 4
               ->  Index Scan using s_2_a_b_idx on s_2  (cost=0.29..419.97 rows=10000 width=20) (actual time=0.014..0.027 rows=129 loops=1)
 Planning time: 0.287 ms
 Execution time: 0.109 ms
(10 rows)

===== 395 [Wed Mar  7 01:59:56 CET 2018] scale:10000 groups:10000 work_mem:4MB incremental:on max_workers:2 =====
SELECT * FROM s_3 ORDER BY a, b, c, d LIMIT 100
                                                                  QUERY PLAN                                                                  
----------------------------------------------------------------------------------------------------------------------------------------------
 Limit  (cost=4.43..4.43 rows=1 width=20) (actual time=0.095..0.095 rows=0 loops=1)
   ->  Limit  (cost=0.37..3.43 rows=100 width=20) (actual time=0.057..0.091 rows=100 loops=1)
         ->  Incremental Sort  (cost=0.37..306.96 rows=10000 width=20) (actual time=0.056..0.085 rows=100 loops=1)
               Sort Key: s_3.a, s_3.b, s_3.c, s_3.d
               Presorted Key: s_3.a, s_3.b, s_3.c
               Sort Method: quicksort  Memory: 27kB
               Sort Groups: 4
               ->  Index Scan using s_3_a_b_c_idx on s_3  (cost=0.29..463.97 rows=10000 width=20) (actual time=0.011..0.030 rows=129 loops=1)
 Planning time: 0.279 ms
 Execution time: 0.118 ms
(10 rows)

===== 396 [Wed Mar  7 01:59:56 CET 2018] scale:10000 groups:10000 work_mem:4MB incremental:on max_workers:2 =====
SELECT * FROM s_4 ORDER BY a, b, c, d, e LIMIT 100
                                                                   QUERY PLAN                                                                   
------------------------------------------------------------------------------------------------------------------------------------------------
 Limit  (cost=4.43..4.43 rows=1 width=20) (actual time=0.087..0.087 rows=0 loops=1)
   ->  Limit  (cost=0.37..3.43 rows=100 width=20) (actual time=0.055..0.083 rows=100 loops=1)
         ->  Incremental Sort  (cost=0.37..306.96 rows=10000 width=20) (actual time=0.054..0.077 rows=100 loops=1)
               Sort Key: s_4.a, s_4.b, s_4.c, s_4.d, s_4.e
               Presorted Key: s_4.a, s_4.b, s_4.c, s_4.d
               Sort Method: quicksort  Memory: 27kB
               Sort Groups: 4
               ->  Index Scan using s_4_a_b_c_d_idx on s_4  (cost=0.29..463.97 rows=10000 width=20) (actual time=0.011..0.024 rows=129 loops=1)
 Planning time: 0.284 ms
 Execution time: 0.109 ms
(10 rows)

===== 397 [Wed Mar  7 01:59:56 CET 2018] scale:10000 groups:10000 work_mem:4MB incremental:off max_workers:2 =====
SELECT * FROM s_1 ORDER BY a, b LIMIT 100
                                                        QUERY PLAN                                                        
--------------------------------------------------------------------------------------------------------------------------
 Limit  (cost=547.44..547.44 rows=1 width=20) (actual time=1.273..1.273 rows=0 loops=1)
   ->  Limit  (cost=546.19..546.44 rows=100 width=20) (actual time=1.260..1.269 rows=100 loops=1)
         ->  Sort  (cost=546.19..571.19 rows=10000 width=20) (actual time=1.260..1.263 rows=100 loops=1)
               Sort Key: s_1.a, s_1.b
               Sort Method: top-N heapsort  Memory: 32kB
               ->  Seq Scan on s_1  (cost=0.00..164.00 rows=10000 width=20) (actual time=0.004..0.519 rows=10000 loops=1)
 Planning time: 0.272 ms
 Execution time: 1.296 ms
(8 rows)

===== 398 [Wed Mar  7 01:59:56 CET 2018] scale:10000 groups:10000 work_mem:4MB incremental:off max_workers:2 =====
SELECT * FROM s_2 ORDER BY a, b, c LIMIT 100
                                                        QUERY PLAN                                                        
--------------------------------------------------------------------------------------------------------------------------
 Limit  (cost=547.44..547.44 rows=1 width=20) (actual time=1.285..1.285 rows=0 loops=1)
   ->  Limit  (cost=546.19..546.44 rows=100 width=20) (actual time=1.272..1.282 rows=100 loops=1)
         ->  Sort  (cost=546.19..571.19 rows=10000 width=20) (actual time=1.272..1.276 rows=100 loops=1)
               Sort Key: s_2.a, s_2.b, s_2.c
               Sort Method: top-N heapsort  Memory: 32kB
               ->  Seq Scan on s_2  (cost=0.00..164.00 rows=10000 width=20) (actual time=0.008..0.518 rows=10000 loops=1)
 Planning time: 0.275 ms
 Execution time: 1.309 ms
(8 rows)

===== 399 [Wed Mar  7 01:59:56 CET 2018] scale:10000 groups:10000 work_mem:4MB incremental:off max_workers:2 =====
SELECT * FROM s_3 ORDER BY a, b, c, d LIMIT 100
                                                        QUERY PLAN                                                        
--------------------------------------------------------------------------------------------------------------------------
 Limit  (cost=547.44..547.44 rows=1 width=20) (actual time=1.391..1.391 rows=0 loops=1)
   ->  Limit  (cost=546.19..546.44 rows=100 width=20) (actual time=1.378..1.388 rows=100 loops=1)
         ->  Sort  (cost=546.19..571.19 rows=10000 width=20) (actual time=1.378..1.382 rows=100 loops=1)
               Sort Key: s_3.a, s_3.b, s_3.c, s_3.d
               Sort Method: top-N heapsort  Memory: 32kB
               ->  Seq Scan on s_3  (cost=0.00..164.00 rows=10000 width=20) (actual time=0.007..0.512 rows=10000 loops=1)
 Planning time: 0.275 ms
 Execution time: 1.414 ms
(8 rows)

===== 400 [Wed Mar  7 01:59:56 CET 2018] scale:10000 groups:10000 work_mem:4MB incremental:off max_workers:2 =====
SELECT * FROM s_4 ORDER BY a, b, c, d, e LIMIT 100
                                                        QUERY PLAN                                                        
--------------------------------------------------------------------------------------------------------------------------
 Limit  (cost=547.44..547.44 rows=1 width=20) (actual time=1.288..1.288 rows=0 loops=1)
   ->  Limit  (cost=546.19..546.44 rows=100 width=20) (actual time=1.275..1.285 rows=100 loops=1)
         ->  Sort  (cost=546.19..571.19 rows=10000 width=20) (actual time=1.275..1.279 rows=100 loops=1)
               Sort Key: s_4.a, s_4.b, s_4.c, s_4.d, s_4.e
               Sort Method: top-N heapsort  Memory: 32kB
               ->  Seq Scan on s_4  (cost=0.00..164.00 rows=10000 width=20) (actual time=0.004..0.519 rows=10000 loops=1)
 Planning time: 0.264 ms
 Execution time: 1.311 ms
(8 rows)

===== 401 [Wed Mar  7 01:59:56 CET 2018] scale:10000 groups:10000 work_mem:8MB incremental:on max_workers:2 =====
SELECT * FROM s_1 ORDER BY a, b LIMIT 100
                                                                QUERY PLAN                                                                
------------------------------------------------------------------------------------------------------------------------------------------
 Limit  (cost=4.39..4.39 rows=1 width=20) (actual time=0.087..0.087 rows=0 loops=1)
   ->  Limit  (cost=0.35..3.39 rows=100 width=20) (actual time=0.051..0.083 rows=100 loops=1)
         ->  Incremental Sort  (cost=0.35..304.95 rows=10000 width=20) (actual time=0.050..0.077 rows=100 loops=1)
               Sort Key: s_1.a, s_1.b
               Presorted Key: s_1.a
               Sort Method: quicksort  Memory: 27kB
               Sort Groups: 4
               ->  Index Scan using s_1_a_idx on s_1  (cost=0.29..337.29 rows=10000 width=20) (actual time=0.009..0.023 rows=130 loops=1)
 Planning time: 0.279 ms
 Execution time: 0.110 ms
(10 rows)

===== 402 [Wed Mar  7 01:59:56 CET 2018] scale:10000 groups:10000 work_mem:8MB incremental:on max_workers:2 =====
SELECT * FROM s_2 ORDER BY a, b, c LIMIT 100
                                                                 QUERY PLAN                                                                 
--------------------------------------------------------------------------------------------------------------------------------------------
 Limit  (cost=4.42..4.42 rows=1 width=20) (actual time=0.088..0.088 rows=0 loops=1)
   ->  Limit  (cost=0.36..3.42 rows=100 width=20) (actual time=0.056..0.084 rows=100 loops=1)
         ->  Incremental Sort  (cost=0.36..306.52 rows=10000 width=20) (actual time=0.056..0.078 rows=100 loops=1)
               Sort Key: s_2.a, s_2.b, s_2.c
               Presorted Key: s_2.a, s_2.b
               Sort Method: quicksort  Memory: 27kB
               Sort Groups: 4
               ->  Index Scan using s_2_a_b_idx on s_2  (cost=0.29..419.97 rows=10000 width=20) (actual time=0.014..0.027 rows=129 loops=1)
 Planning time: 0.289 ms
 Execution time: 0.111 ms
(10 rows)

===== 403 [Wed Mar  7 01:59:56 CET 2018] scale:10000 groups:10000 work_mem:8MB incremental:on max_workers:2 =====
SELECT * FROM s_3 ORDER BY a, b, c, d LIMIT 100
                                                                  QUERY PLAN                                                                  
----------------------------------------------------------------------------------------------------------------------------------------------
 Limit  (cost=4.43..4.43 rows=1 width=20) (actual time=0.088..0.088 rows=0 loops=1)
   ->  Limit  (cost=0.37..3.43 rows=100 width=20) (actual time=0.056..0.084 rows=100 loops=1)
         ->  Incremental Sort  (cost=0.37..306.96 rows=10000 width=20) (actual time=0.055..0.078 rows=100 loops=1)
               Sort Key: s_3.a, s_3.b, s_3.c, s_3.d
               Presorted Key: s_3.a, s_3.b, s_3.c
               Sort Method: quicksort  Memory: 27kB
               Sort Groups: 4
               ->  Index Scan using s_3_a_b_c_idx on s_3  (cost=0.29..463.97 rows=10000 width=20) (actual time=0.011..0.025 rows=129 loops=1)
 Planning time: 0.286 ms
 Execution time: 0.111 ms
(10 rows)

===== 404 [Wed Mar  7 01:59:56 CET 2018] scale:10000 groups:10000 work_mem:8MB incremental:on max_workers:2 =====
SELECT * FROM s_4 ORDER BY a, b, c, d, e LIMIT 100
                                                                   QUERY PLAN                                                                   
------------------------------------------------------------------------------------------------------------------------------------------------
 Limit  (cost=4.43..4.43 rows=1 width=20) (actual time=0.089..0.089 rows=0 loops=1)
   ->  Limit  (cost=0.37..3.43 rows=100 width=20) (actual time=0.057..0.085 rows=100 loops=1)
         ->  Incremental Sort  (cost=0.37..306.96 rows=10000 width=20) (actual time=0.057..0.079 rows=100 loops=1)
               Sort Key: s_4.a, s_4.b, s_4.c, s_4.d, s_4.e
               Presorted Key: s_4.a, s_4.b, s_4.c, s_4.d
               Sort Method: quicksort  Memory: 27kB
               Sort Groups: 4
               ->  Index Scan using s_4_a_b_c_d_idx on s_4  (cost=0.29..463.97 rows=10000 width=20) (actual time=0.012..0.025 rows=129 loops=1)
 Planning time: 0.274 ms
 Execution time: 0.112 ms
(10 rows)

===== 405 [Wed Mar  7 01:59:56 CET 2018] scale:10000 groups:10000 work_mem:8MB incremental:off max_workers:2 =====
SELECT * FROM s_1 ORDER BY a, b LIMIT 100
                                                        QUERY PLAN                                                        
--------------------------------------------------------------------------------------------------------------------------
 Limit  (cost=547.44..547.44 rows=1 width=20) (actual time=1.281..1.281 rows=0 loops=1)
   ->  Limit  (cost=546.19..546.44 rows=100 width=20) (actual time=1.268..1.278 rows=100 loops=1)
         ->  Sort  (cost=546.19..571.19 rows=10000 width=20) (actual time=1.267..1.271 rows=100 loops=1)
               Sort Key: s_1.a, s_1.b
               Sort Method: top-N heapsort  Memory: 32kB
               ->  Seq Scan on s_1  (cost=0.00..164.00 rows=10000 width=20) (actual time=0.004..0.519 rows=10000 loops=1)
 Planning time: 0.272 ms
 Execution time: 1.304 ms
(8 rows)

===== 406 [Wed Mar  7 01:59:56 CET 2018] scale:10000 groups:10000 work_mem:8MB incremental:off max_workers:2 =====
SELECT * FROM s_2 ORDER BY a, b, c LIMIT 100
                                                        QUERY PLAN                                                        
--------------------------------------------------------------------------------------------------------------------------
 Limit  (cost=547.44..547.44 rows=1 width=20) (actual time=1.279..1.279 rows=0 loops=1)
   ->  Limit  (cost=546.19..546.44 rows=100 width=20) (actual time=1.266..1.275 rows=100 loops=1)
         ->  Sort  (cost=546.19..571.19 rows=10000 width=20) (actual time=1.266..1.269 rows=100 loops=1)
               Sort Key: s_2.a, s_2.b, s_2.c
               Sort Method: top-N heapsort  Memory: 32kB
               ->  Seq Scan on s_2  (cost=0.00..164.00 rows=10000 width=20) (actual time=0.007..0.517 rows=10000 loops=1)
 Planning time: 0.274 ms
 Execution time: 1.302 ms
(8 rows)

===== 407 [Wed Mar  7 01:59:56 CET 2018] scale:10000 groups:10000 work_mem:8MB incremental:off max_workers:2 =====
SELECT * FROM s_3 ORDER BY a, b, c, d LIMIT 100
                                                        QUERY PLAN                                                        
--------------------------------------------------------------------------------------------------------------------------
 Limit  (cost=547.44..547.44 rows=1 width=20) (actual time=1.397..1.397 rows=0 loops=1)
   ->  Limit  (cost=546.19..546.44 rows=100 width=20) (actual time=1.384..1.393 rows=100 loops=1)
         ->  Sort  (cost=546.19..571.19 rows=10000 width=20) (actual time=1.383..1.387 rows=100 loops=1)
               Sort Key: s_3.a, s_3.b, s_3.c, s_3.d
               Sort Method: top-N heapsort  Memory: 32kB
               ->  Seq Scan on s_3  (cost=0.00..164.00 rows=10000 width=20) (actual time=0.007..0.510 rows=10000 loops=1)
 Planning time: 0.268 ms
 Execution time: 1.419 ms
(8 rows)

===== 408 [Wed Mar  7 01:59:56 CET 2018] scale:10000 groups:10000 work_mem:8MB incremental:off max_workers:2 =====
SELECT * FROM s_4 ORDER BY a, b, c, d, e LIMIT 100
                                                        QUERY PLAN                                                        
--------------------------------------------------------------------------------------------------------------------------
 Limit  (cost=547.44..547.44 rows=1 width=20) (actual time=1.289..1.289 rows=0 loops=1)
   ->  Limit  (cost=546.19..546.44 rows=100 width=20) (actual time=1.276..1.285 rows=100 loops=1)
         ->  Sort  (cost=546.19..571.19 rows=10000 width=20) (actual time=1.276..1.279 rows=100 loops=1)
               Sort Key: s_4.a, s_4.b, s_4.c, s_4.d, s_4.e
               Sort Method: top-N heapsort  Memory: 32kB
               ->  Seq Scan on s_4  (cost=0.00..164.00 rows=10000 width=20) (actual time=0.004..0.526 rows=10000 loops=1)
 Planning time: 0.266 ms
 Execution time: 1.310 ms
(8 rows)

===== 409 [Wed Mar  7 01:59:57 CET 2018] scale:10000 groups:10000 work_mem:16MB incremental:on max_workers:2 =====
SELECT * FROM s_1 ORDER BY a, b LIMIT 100
                                                                QUERY PLAN                                                                
------------------------------------------------------------------------------------------------------------------------------------------
 Limit  (cost=4.39..4.39 rows=1 width=20) (actual time=0.091..0.091 rows=0 loops=1)
   ->  Limit  (cost=0.35..3.39 rows=100 width=20) (actual time=0.054..0.088 rows=100 loops=1)
         ->  Incremental Sort  (cost=0.35..304.95 rows=10000 width=20) (actual time=0.054..0.082 rows=100 loops=1)
               Sort Key: s_1.a, s_1.b
               Presorted Key: s_1.a
               Sort Method: quicksort  Memory: 27kB
               Sort Groups: 4
               ->  Index Scan using s_1_a_idx on s_1  (cost=0.29..337.29 rows=10000 width=20) (actual time=0.009..0.023 rows=130 loops=1)
 Planning time: 0.266 ms
 Execution time: 0.116 ms
(10 rows)

===== 410 [Wed Mar  7 01:59:57 CET 2018] scale:10000 groups:10000 work_mem:16MB incremental:on max_workers:2 =====
SELECT * FROM s_2 ORDER BY a, b, c LIMIT 100
                                                                 QUERY PLAN                                                                 
--------------------------------------------------------------------------------------------------------------------------------------------
 Limit  (cost=4.42..4.42 rows=1 width=20) (actual time=0.086..0.086 rows=0 loops=1)
   ->  Limit  (cost=0.36..3.42 rows=100 width=20) (actual time=0.054..0.082 rows=100 loops=1)
         ->  Incremental Sort  (cost=0.36..306.52 rows=10000 width=20) (actual time=0.054..0.076 rows=100 loops=1)
               Sort Key: s_2.a, s_2.b, s_2.c
               Presorted Key: s_2.a, s_2.b
               Sort Method: quicksort  Memory: 27kB
               Sort Groups: 4
               ->  Index Scan using s_2_a_b_idx on s_2  (cost=0.29..419.97 rows=10000 width=20) (actual time=0.015..0.028 rows=129 loops=1)
 Planning time: 0.279 ms
 Execution time: 0.110 ms
(10 rows)

===== 411 [Wed Mar  7 01:59:57 CET 2018] scale:10000 groups:10000 work_mem:16MB incremental:on max_workers:2 =====
SELECT * FROM s_3 ORDER BY a, b, c, d LIMIT 100
                                                                  QUERY PLAN                                                                  
----------------------------------------------------------------------------------------------------------------------------------------------
 Limit  (cost=4.43..4.43 rows=1 width=20) (actual time=0.094..0.094 rows=0 loops=1)
   ->  Limit  (cost=0.37..3.43 rows=100 width=20) (actual time=0.060..0.090 rows=100 loops=1)
         ->  Incremental Sort  (cost=0.37..306.96 rows=10000 width=20) (actual time=0.060..0.084 rows=100 loops=1)
               Sort Key: s_3.a, s_3.b, s_3.c, s_3.d
               Presorted Key: s_3.a, s_3.b, s_3.c
               Sort Method: quicksort  Memory: 27kB
               Sort Groups: 4
               ->  Index Scan using s_3_a_b_c_idx on s_3  (cost=0.29..463.97 rows=10000 width=20) (actual time=0.012..0.026 rows=129 loops=1)
 Planning time: 0.283 ms
 Execution time: 0.117 ms
(10 rows)

===== 412 [Wed Mar  7 01:59:57 CET 2018] scale:10000 groups:10000 work_mem:16MB incremental:on max_workers:2 =====
SELECT * FROM s_4 ORDER BY a, b, c, d, e LIMIT 100
                                                                   QUERY PLAN                                                                   
------------------------------------------------------------------------------------------------------------------------------------------------
 Limit  (cost=4.43..4.43 rows=1 width=20) (actual time=0.087..0.087 rows=0 loops=1)
   ->  Limit  (cost=0.37..3.43 rows=100 width=20) (actual time=0.055..0.084 rows=100 loops=1)
         ->  Incremental Sort  (cost=0.37..306.96 rows=10000 width=20) (actual time=0.055..0.078 rows=100 loops=1)
               Sort Key: s_4.a, s_4.b, s_4.c, s_4.d, s_4.e
               Presorted Key: s_4.a, s_4.b, s_4.c, s_4.d
               Sort Method: quicksort  Memory: 27kB
               Sort Groups: 4
               ->  Index Scan using s_4_a_b_c_d_idx on s_4  (cost=0.29..463.97 rows=10000 width=20) (actual time=0.011..0.024 rows=129 loops=1)
 Planning time: 0.279 ms
 Execution time: 0.110 ms
(10 rows)

===== 413 [Wed Mar  7 01:59:57 CET 2018] scale:10000 groups:10000 work_mem:16MB incremental:off max_workers:2 =====
SELECT * FROM s_1 ORDER BY a, b LIMIT 100
                                                        QUERY PLAN                                                        
--------------------------------------------------------------------------------------------------------------------------
 Limit  (cost=547.44..547.44 rows=1 width=20) (actual time=1.285..1.285 rows=0 loops=1)
   ->  Limit  (cost=546.19..546.44 rows=100 width=20) (actual time=1.272..1.281 rows=100 loops=1)
         ->  Sort  (cost=546.19..571.19 rows=10000 width=20) (actual time=1.272..1.275 rows=100 loops=1)
               Sort Key: s_1.a, s_1.b
               Sort Method: top-N heapsort  Memory: 32kB
               ->  Seq Scan on s_1  (cost=0.00..164.00 rows=10000 width=20) (actual time=0.004..0.520 rows=10000 loops=1)
 Planning time: 0.260 ms
 Execution time: 1.309 ms
(8 rows)

===== 414 [Wed Mar  7 01:59:57 CET 2018] scale:10000 groups:10000 work_mem:16MB incremental:off max_workers:2 =====
SELECT * FROM s_2 ORDER BY a, b, c LIMIT 100
                                                        QUERY PLAN                                                        
--------------------------------------------------------------------------------------------------------------------------
 Limit  (cost=547.44..547.44 rows=1 width=20) (actual time=1.289..1.289 rows=0 loops=1)
   ->  Limit  (cost=546.19..546.44 rows=100 width=20) (actual time=1.276..1.285 rows=100 loops=1)
         ->  Sort  (cost=546.19..571.19 rows=10000 width=20) (actual time=1.275..1.279 rows=100 loops=1)
               Sort Key: s_2.a, s_2.b, s_2.c
               Sort Method: top-N heapsort  Memory: 32kB
               ->  Seq Scan on s_2  (cost=0.00..164.00 rows=10000 width=20) (actual time=0.007..0.519 rows=10000 loops=1)
 Planning time: 0.272 ms
 Execution time: 1.311 ms
(8 rows)

===== 415 [Wed Mar  7 01:59:57 CET 2018] scale:10000 groups:10000 work_mem:16MB incremental:off max_workers:2 =====
SELECT * FROM s_3 ORDER BY a, b, c, d LIMIT 100
                                                        QUERY PLAN                                                        
--------------------------------------------------------------------------------------------------------------------------
 Limit  (cost=547.44..547.44 rows=1 width=20) (actual time=1.374..1.374 rows=0 loops=1)
   ->  Limit  (cost=546.19..546.44 rows=100 width=20) (actual time=1.361..1.370 rows=100 loops=1)
         ->  Sort  (cost=546.19..571.19 rows=10000 width=20) (actual time=1.360..1.364 rows=100 loops=1)
               Sort Key: s_3.a, s_3.b, s_3.c, s_3.d
               Sort Method: top-N heapsort  Memory: 32kB
               ->  Seq Scan on s_3  (cost=0.00..164.00 rows=10000 width=20) (actual time=0.007..0.508 rows=10000 loops=1)
 Planning time: 0.269 ms
 Execution time: 1.397 ms
(8 rows)

===== 416 [Wed Mar  7 01:59:57 CET 2018] scale:10000 groups:10000 work_mem:16MB incremental:off max_workers:2 =====
SELECT * FROM s_4 ORDER BY a, b, c, d, e LIMIT 100
                                                        QUERY PLAN                                                        
--------------------------------------------------------------------------------------------------------------------------
 Limit  (cost=547.44..547.44 rows=1 width=20) (actual time=1.284..1.284 rows=0 loops=1)
   ->  Limit  (cost=546.19..546.44 rows=100 width=20) (actual time=1.271..1.280 rows=100 loops=1)
         ->  Sort  (cost=546.19..571.19 rows=10000 width=20) (actual time=1.270..1.274 rows=100 loops=1)
               Sort Key: s_4.a, s_4.b, s_4.c, s_4.d, s_4.e
               Sort Method: top-N heapsort  Memory: 32kB
               ->  Seq Scan on s_4  (cost=0.00..164.00 rows=10000 width=20) (actual time=0.004..0.515 rows=10000 loops=1)
 Planning time: 0.264 ms
 Execution time: 1.307 ms
(8 rows)

===== 417 [Wed Mar  7 01:59:57 CET 2018] scale:10000 groups:10000 work_mem:32MB incremental:on max_workers:2 =====
SELECT * FROM s_1 ORDER BY a, b LIMIT 100
                                                                QUERY PLAN                                                                
------------------------------------------------------------------------------------------------------------------------------------------
 Limit  (cost=4.39..4.39 rows=1 width=20) (actual time=0.092..0.092 rows=0 loops=1)
   ->  Limit  (cost=0.35..3.39 rows=100 width=20) (actual time=0.055..0.088 rows=100 loops=1)
         ->  Incremental Sort  (cost=0.35..304.95 rows=10000 width=20) (actual time=0.055..0.082 rows=100 loops=1)
               Sort Key: s_1.a, s_1.b
               Presorted Key: s_1.a
               Sort Method: quicksort  Memory: 27kB
               Sort Groups: 4
               ->  Index Scan using s_1_a_idx on s_1  (cost=0.29..337.29 rows=10000 width=20) (actual time=0.009..0.023 rows=130 loops=1)
 Planning time: 0.269 ms
 Execution time: 0.118 ms
(10 rows)

===== 418 [Wed Mar  7 01:59:57 CET 2018] scale:10000 groups:10000 work_mem:32MB incremental:on max_workers:2 =====
SELECT * FROM s_2 ORDER BY a, b, c LIMIT 100
                                                                 QUERY PLAN                                                                 
--------------------------------------------------------------------------------------------------------------------------------------------
 Limit  (cost=4.42..4.42 rows=1 width=20) (actual time=0.087..0.087 rows=0 loops=1)
   ->  Limit  (cost=0.36..3.42 rows=100 width=20) (actual time=0.055..0.083 rows=100 loops=1)
         ->  Incremental Sort  (cost=0.36..306.52 rows=10000 width=20) (actual time=0.055..0.077 rows=100 loops=1)
               Sort Key: s_2.a, s_2.b, s_2.c
               Presorted Key: s_2.a, s_2.b
               Sort Method: quicksort  Memory: 27kB
               Sort Groups: 4
               ->  Index Scan using s_2_a_b_idx on s_2  (cost=0.29..419.97 rows=10000 width=20) (actual time=0.015..0.028 rows=129 loops=1)
 Planning time: 0.290 ms
 Execution time: 0.110 ms
(10 rows)

===== 419 [Wed Mar  7 01:59:57 CET 2018] scale:10000 groups:10000 work_mem:32MB incremental:on max_workers:2 =====
SELECT * FROM s_3 ORDER BY a, b, c, d LIMIT 100
                                                                  QUERY PLAN                                                                  
----------------------------------------------------------------------------------------------------------------------------------------------
 Limit  (cost=4.43..4.43 rows=1 width=20) (actual time=0.088..0.088 rows=0 loops=1)
   ->  Limit  (cost=0.37..3.43 rows=100 width=20) (actual time=0.055..0.084 rows=100 loops=1)
         ->  Incremental Sort  (cost=0.37..306.96 rows=10000 width=20) (actual time=0.055..0.078 rows=100 loops=1)
               Sort Key: s_3.a, s_3.b, s_3.c, s_3.d
               Presorted Key: s_3.a, s_3.b, s_3.c
               Sort Method: quicksort  Memory: 27kB
               Sort Groups: 4
               ->  Index Scan using s_3_a_b_c_idx on s_3  (cost=0.29..463.97 rows=10000 width=20) (actual time=0.011..0.025 rows=129 loops=1)
 Planning time: 0.281 ms
 Execution time: 0.110 ms
(10 rows)

===== 420 [Wed Mar  7 01:59:57 CET 2018] scale:10000 groups:10000 work_mem:32MB incremental:on max_workers:2 =====
SELECT * FROM s_4 ORDER BY a, b, c, d, e LIMIT 100
                                                                   QUERY PLAN                                                                   
------------------------------------------------------------------------------------------------------------------------------------------------
 Limit  (cost=4.43..4.43 rows=1 width=20) (actual time=0.095..0.095 rows=0 loops=1)
   ->  Limit  (cost=0.37..3.43 rows=100 width=20) (actual time=0.063..0.091 rows=100 loops=1)
         ->  Incremental Sort  (cost=0.37..306.96 rows=10000 width=20) (actual time=0.063..0.086 rows=100 loops=1)
               Sort Key: s_4.a, s_4.b, s_4.c, s_4.d, s_4.e
               Presorted Key: s_4.a, s_4.b, s_4.c, s_4.d
               Sort Method: quicksort  Memory: 27kB
               Sort Groups: 4
               ->  Index Scan using s_4_a_b_c_d_idx on s_4  (cost=0.29..463.97 rows=10000 width=20) (actual time=0.011..0.025 rows=129 loops=1)
 Planning time: 0.278 ms
 Execution time: 0.118 ms
(10 rows)

===== 421 [Wed Mar  7 01:59:57 CET 2018] scale:10000 groups:10000 work_mem:32MB incremental:off max_workers:2 =====
SELECT * FROM s_1 ORDER BY a, b LIMIT 100
                                                        QUERY PLAN                                                        
--------------------------------------------------------------------------------------------------------------------------
 Limit  (cost=547.44..547.44 rows=1 width=20) (actual time=1.278..1.278 rows=0 loops=1)
   ->  Limit  (cost=546.19..546.44 rows=100 width=20) (actual time=1.265..1.275 rows=100 loops=1)
         ->  Sort  (cost=546.19..571.19 rows=10000 width=20) (actual time=1.265..1.269 rows=100 loops=1)
               Sort Key: s_1.a, s_1.b
               Sort Method: top-N heapsort  Memory: 32kB
               ->  Seq Scan on s_1  (cost=0.00..164.00 rows=10000 width=20) (actual time=0.004..0.524 rows=10000 loops=1)
 Planning time: 0.263 ms
 Execution time: 1.301 ms
(8 rows)

===== 422 [Wed Mar  7 01:59:58 CET 2018] scale:10000 groups:10000 work_mem:32MB incremental:off max_workers:2 =====
SELECT * FROM s_2 ORDER BY a, b, c LIMIT 100
                                                        QUERY PLAN                                                        
--------------------------------------------------------------------------------------------------------------------------
 Limit  (cost=547.44..547.44 rows=1 width=20) (actual time=1.283..1.283 rows=0 loops=1)
   ->  Limit  (cost=546.19..546.44 rows=100 width=20) (actual time=1.270..1.280 rows=100 loops=1)
         ->  Sort  (cost=546.19..571.19 rows=10000 width=20) (actual time=1.270..1.274 rows=100 loops=1)
               Sort Key: s_2.a, s_2.b, s_2.c
               Sort Method: top-N heapsort  Memory: 32kB
               ->  Seq Scan on s_2  (cost=0.00..164.00 rows=10000 width=20) (actual time=0.007..0.519 rows=10000 loops=1)
 Planning time: 0.275 ms
 Execution time: 1.306 ms
(8 rows)

===== 423 [Wed Mar  7 01:59:58 CET 2018] scale:10000 groups:10000 work_mem:32MB incremental:off max_workers:2 =====
SELECT * FROM s_3 ORDER BY a, b, c, d LIMIT 100
                                                        QUERY PLAN                                                        
--------------------------------------------------------------------------------------------------------------------------
 Limit  (cost=547.44..547.44 rows=1 width=20) (actual time=1.390..1.390 rows=0 loops=1)
   ->  Limit  (cost=546.19..546.44 rows=100 width=20) (actual time=1.377..1.386 rows=100 loops=1)
         ->  Sort  (cost=546.19..571.19 rows=10000 width=20) (actual time=1.377..1.380 rows=100 loops=1)
               Sort Key: s_3.a, s_3.b, s_3.c, s_3.d
               Sort Method: top-N heapsort  Memory: 32kB
               ->  Seq Scan on s_3  (cost=0.00..164.00 rows=10000 width=20) (actual time=0.007..0.508 rows=10000 loops=1)
 Planning time: 0.267 ms
 Execution time: 1.412 ms
(8 rows)

===== 424 [Wed Mar  7 01:59:58 CET 2018] scale:10000 groups:10000 work_mem:32MB incremental:off max_workers:2 =====
SELECT * FROM s_4 ORDER BY a, b, c, d, e LIMIT 100
                                                        QUERY PLAN                                                        
--------------------------------------------------------------------------------------------------------------------------
 Limit  (cost=547.44..547.44 rows=1 width=20) (actual time=1.288..1.288 rows=0 loops=1)
   ->  Limit  (cost=546.19..546.44 rows=100 width=20) (actual time=1.275..1.284 rows=100 loops=1)
         ->  Sort  (cost=546.19..571.19 rows=10000 width=20) (actual time=1.275..1.278 rows=100 loops=1)
               Sort Key: s_4.a, s_4.b, s_4.c, s_4.d, s_4.e
               Sort Method: top-N heapsort  Memory: 32kB
               ->  Seq Scan on s_4  (cost=0.00..164.00 rows=10000 width=20) (actual time=0.004..0.523 rows=10000 loops=1)
 Planning time: 0.265 ms
 Execution time: 1.310 ms
(8 rows)

===== 425 [Wed Mar  7 01:59:58 CET 2018] scale:10000 groups:10000 work_mem:64MB incremental:on max_workers:2 =====
SELECT * FROM s_1 ORDER BY a, b LIMIT 100
                                                                QUERY PLAN                                                                
------------------------------------------------------------------------------------------------------------------------------------------
 Limit  (cost=4.39..4.39 rows=1 width=20) (actual time=0.091..0.091 rows=0 loops=1)
   ->  Limit  (cost=0.35..3.39 rows=100 width=20) (actual time=0.055..0.087 rows=100 loops=1)
         ->  Incremental Sort  (cost=0.35..304.95 rows=10000 width=20) (actual time=0.054..0.082 rows=100 loops=1)
               Sort Key: s_1.a, s_1.b
               Presorted Key: s_1.a
               Sort Method: quicksort  Memory: 27kB
               Sort Groups: 4
               ->  Index Scan using s_1_a_idx on s_1  (cost=0.29..337.29 rows=10000 width=20) (actual time=0.009..0.023 rows=130 loops=1)
 Planning time: 0.267 ms
 Execution time: 0.117 ms
(10 rows)

===== 426 [Wed Mar  7 01:59:58 CET 2018] scale:10000 groups:10000 work_mem:64MB incremental:on max_workers:2 =====
SELECT * FROM s_2 ORDER BY a, b, c LIMIT 100
                                                                 QUERY PLAN                                                                 
--------------------------------------------------------------------------------------------------------------------------------------------
 Limit  (cost=4.42..4.42 rows=1 width=20) (actual time=0.086..0.086 rows=0 loops=1)
   ->  Limit  (cost=0.36..3.42 rows=100 width=20) (actual time=0.054..0.082 rows=100 loops=1)
         ->  Incremental Sort  (cost=0.36..306.52 rows=10000 width=20) (actual time=0.054..0.076 rows=100 loops=1)
               Sort Key: s_2.a, s_2.b, s_2.c
               Presorted Key: s_2.a, s_2.b
               Sort Method: quicksort  Memory: 27kB
               Sort Groups: 4
               ->  Index Scan using s_2_a_b_idx on s_2  (cost=0.29..419.97 rows=10000 width=20) (actual time=0.014..0.028 rows=129 loops=1)
 Planning time: 0.283 ms
 Execution time: 0.109 ms
(10 rows)

===== 427 [Wed Mar  7 01:59:58 CET 2018] scale:10000 groups:10000 work_mem:64MB incremental:on max_workers:2 =====
SELECT * FROM s_3 ORDER BY a, b, c, d LIMIT 100
                                                                  QUERY PLAN                                                                  
----------------------------------------------------------------------------------------------------------------------------------------------
 Limit  (cost=4.43..4.43 rows=1 width=20) (actual time=0.089..0.089 rows=0 loops=1)
   ->  Limit  (cost=0.37..3.43 rows=100 width=20) (actual time=0.056..0.085 rows=100 loops=1)
         ->  Incremental Sort  (cost=0.37..306.96 rows=10000 width=20) (actual time=0.056..0.079 rows=100 loops=1)
               Sort Key: s_3.a, s_3.b, s_3.c, s_3.d
               Presorted Key: s_3.a, s_3.b, s_3.c
               Sort Method: quicksort  Memory: 27kB
               Sort Groups: 4
               ->  Index Scan using s_3_a_b_c_idx on s_3  (cost=0.29..463.97 rows=10000 width=20) (actual time=0.011..0.025 rows=129 loops=1)
 Planning time: 0.285 ms
 Execution time: 0.113 ms
(10 rows)

===== 428 [Wed Mar  7 01:59:58 CET 2018] scale:10000 groups:10000 work_mem:64MB incremental:on max_workers:2 =====
SELECT * FROM s_4 ORDER BY a, b, c, d, e LIMIT 100
                                                                   QUERY PLAN                                                                   
------------------------------------------------------------------------------------------------------------------------------------------------
 Limit  (cost=4.43..4.43 rows=1 width=20) (actual time=0.086..0.086 rows=0 loops=1)
   ->  Limit  (cost=0.37..3.43 rows=100 width=20) (actual time=0.054..0.082 rows=100 loops=1)
         ->  Incremental Sort  (cost=0.37..306.96 rows=10000 width=20) (actual time=0.053..0.076 rows=100 loops=1)
               Sort Key: s_4.a, s_4.b, s_4.c, s_4.d, s_4.e
               Presorted Key: s_4.a, s_4.b, s_4.c, s_4.d
               Sort Method: quicksort  Memory: 27kB
               Sort Groups: 4
               ->  Index Scan using s_4_a_b_c_d_idx on s_4  (cost=0.29..463.97 rows=10000 width=20) (actual time=0.011..0.024 rows=129 loops=1)
 Planning time: 0.277 ms
 Execution time: 0.108 ms
(10 rows)

===== 429 [Wed Mar  7 01:59:58 CET 2018] scale:10000 groups:10000 work_mem:64MB incremental:off max_workers:2 =====
SELECT * FROM s_1 ORDER BY a, b LIMIT 100
                                                        QUERY PLAN                                                        
--------------------------------------------------------------------------------------------------------------------------
 Limit  (cost=547.44..547.44 rows=1 width=20) (actual time=1.277..1.277 rows=0 loops=1)
   ->  Limit  (cost=546.19..546.44 rows=100 width=20) (actual time=1.264..1.274 rows=100 loops=1)
         ->  Sort  (cost=546.19..571.19 rows=10000 width=20) (actual time=1.263..1.267 rows=100 loops=1)
               Sort Key: s_1.a, s_1.b
               Sort Method: top-N heapsort  Memory: 32kB
               ->  Seq Scan on s_1  (cost=0.00..164.00 rows=10000 width=20) (actual time=0.004..0.516 rows=10000 loops=1)
 Planning time: 0.263 ms
 Execution time: 1.300 ms
(8 rows)

===== 430 [Wed Mar  7 01:59:58 CET 2018] scale:10000 groups:10000 work_mem:64MB incremental:off max_workers:2 =====
SELECT * FROM s_2 ORDER BY a, b, c LIMIT 100
                                                        QUERY PLAN                                                        
--------------------------------------------------------------------------------------------------------------------------
 Limit  (cost=547.44..547.44 rows=1 width=20) (actual time=1.291..1.291 rows=0 loops=1)
   ->  Limit  (cost=546.19..546.44 rows=100 width=20) (actual time=1.278..1.287 rows=100 loops=1)
         ->  Sort  (cost=546.19..571.19 rows=10000 width=20) (actual time=1.278..1.282 rows=100 loops=1)
               Sort Key: s_2.a, s_2.b, s_2.c
               Sort Method: top-N heapsort  Memory: 32kB
               ->  Seq Scan on s_2  (cost=0.00..164.00 rows=10000 width=20) (actual time=0.007..0.527 rows=10000 loops=1)
 Planning time: 0.273 ms
 Execution time: 1.314 ms
(8 rows)

===== 431 [Wed Mar  7 01:59:58 CET 2018] scale:10000 groups:10000 work_mem:64MB incremental:off max_workers:2 =====
SELECT * FROM s_3 ORDER BY a, b, c, d LIMIT 100
                                                        QUERY PLAN                                                        
--------------------------------------------------------------------------------------------------------------------------
 Limit  (cost=547.44..547.44 rows=1 width=20) (actual time=1.351..1.351 rows=0 loops=1)
   ->  Limit  (cost=546.19..546.44 rows=100 width=20) (actual time=1.338..1.347 rows=100 loops=1)
         ->  Sort  (cost=546.19..571.19 rows=10000 width=20) (actual time=1.337..1.341 rows=100 loops=1)
               Sort Key: s_3.a, s_3.b, s_3.c, s_3.d
               Sort Method: top-N heapsort  Memory: 32kB
               ->  Seq Scan on s_3  (cost=0.00..164.00 rows=10000 width=20) (actual time=0.007..0.508 rows=10000 loops=1)
 Planning time: 0.269 ms
 Execution time: 1.379 ms
(8 rows)

===== 432 [Wed Mar  7 01:59:58 CET 2018] scale:10000 groups:10000 work_mem:64MB incremental:off max_workers:2 =====
SELECT * FROM s_4 ORDER BY a, b, c, d, e LIMIT 100
                                                        QUERY PLAN                                                        
--------------------------------------------------------------------------------------------------------------------------
 Limit  (cost=547.44..547.44 rows=1 width=20) (actual time=1.286..1.286 rows=0 loops=1)
   ->  Limit  (cost=546.19..546.44 rows=100 width=20) (actual time=1.273..1.283 rows=100 loops=1)
         ->  Sort  (cost=546.19..571.19 rows=10000 width=20) (actual time=1.273..1.277 rows=100 loops=1)
               Sort Key: s_4.a, s_4.b, s_4.c, s_4.d, s_4.e
               Sort Method: top-N heapsort  Memory: 32kB
               ->  Seq Scan on s_4  (cost=0.00..164.00 rows=10000 width=20) (actual time=0.004..0.519 rows=10000 loops=1)
 Planning time: 0.264 ms
 Execution time: 1.310 ms
(8 rows)

===== 433 [Wed Mar  7 01:59:58 CET 2018] scale:10000 groups:10000 work_mem:128MB incremental:on max_workers:2 =====
SELECT * FROM s_1 ORDER BY a, b LIMIT 100
                                                                QUERY PLAN                                                                
------------------------------------------------------------------------------------------------------------------------------------------
 Limit  (cost=4.39..4.39 rows=1 width=20) (actual time=0.103..0.103 rows=0 loops=1)
   ->  Limit  (cost=0.35..3.39 rows=100 width=20) (actual time=0.066..0.099 rows=100 loops=1)
         ->  Incremental Sort  (cost=0.35..304.95 rows=10000 width=20) (actual time=0.066..0.093 rows=100 loops=1)
               Sort Key: s_1.a, s_1.b
               Presorted Key: s_1.a
               Sort Method: quicksort  Memory: 27kB
               Sort Groups: 4
               ->  Index Scan using s_1_a_idx on s_1  (cost=0.29..337.29 rows=10000 width=20) (actual time=0.009..0.023 rows=130 loops=1)
 Planning time: 0.272 ms
 Execution time: 0.128 ms
(10 rows)

===== 434 [Wed Mar  7 01:59:58 CET 2018] scale:10000 groups:10000 work_mem:128MB incremental:on max_workers:2 =====
SELECT * FROM s_2 ORDER BY a, b, c LIMIT 100
                                                                 QUERY PLAN                                                                 
--------------------------------------------------------------------------------------------------------------------------------------------
 Limit  (cost=4.42..4.42 rows=1 width=20) (actual time=0.086..0.086 rows=0 loops=1)
   ->  Limit  (cost=0.36..3.42 rows=100 width=20) (actual time=0.054..0.082 rows=100 loops=1)
         ->  Incremental Sort  (cost=0.36..306.52 rows=10000 width=20) (actual time=0.054..0.077 rows=100 loops=1)
               Sort Key: s_2.a, s_2.b, s_2.c
               Presorted Key: s_2.a, s_2.b
               Sort Method: quicksort  Memory: 27kB
               Sort Groups: 4
               ->  Index Scan using s_2_a_b_idx on s_2  (cost=0.29..419.97 rows=10000 width=20) (actual time=0.014..0.028 rows=129 loops=1)
 Planning time: 0.289 ms
 Execution time: 0.109 ms
(10 rows)

===== 435 [Wed Mar  7 01:59:58 CET 2018] scale:10000 groups:10000 work_mem:128MB incremental:on max_workers:2 =====
SELECT * FROM s_3 ORDER BY a, b, c, d LIMIT 100
                                                                  QUERY PLAN                                                                  
----------------------------------------------------------------------------------------------------------------------------------------------
 Limit  (cost=4.43..4.43 rows=1 width=20) (actual time=0.088..0.088 rows=0 loops=1)
   ->  Limit  (cost=0.37..3.43 rows=100 width=20) (actual time=0.055..0.084 rows=100 loops=1)
         ->  Incremental Sort  (cost=0.37..306.96 rows=10000 width=20) (actual time=0.055..0.078 rows=100 loops=1)
               Sort Key: s_3.a, s_3.b, s_3.c, s_3.d
               Presorted Key: s_3.a, s_3.b, s_3.c
               Sort Method: quicksort  Memory: 27kB
               Sort Groups: 4
               ->  Index Scan using s_3_a_b_c_idx on s_3  (cost=0.29..463.97 rows=10000 width=20) (actual time=0.011..0.025 rows=129 loops=1)
 Planning time: 0.277 ms
 Execution time: 0.110 ms
(10 rows)

===== 436 [Wed Mar  7 01:59:59 CET 2018] scale:10000 groups:10000 work_mem:128MB incremental:on max_workers:2 =====
SELECT * FROM s_4 ORDER BY a, b, c, d, e LIMIT 100
                                                                   QUERY PLAN                                                                   
------------------------------------------------------------------------------------------------------------------------------------------------
 Limit  (cost=4.43..4.43 rows=1 width=20) (actual time=0.087..0.087 rows=0 loops=1)
   ->  Limit  (cost=0.37..3.43 rows=100 width=20) (actual time=0.055..0.083 rows=100 loops=1)
         ->  Incremental Sort  (cost=0.37..306.96 rows=10000 width=20) (actual time=0.055..0.078 rows=100 loops=1)
               Sort Key: s_4.a, s_4.b, s_4.c, s_4.d, s_4.e
               Presorted Key: s_4.a, s_4.b, s_4.c, s_4.d
               Sort Method: quicksort  Memory: 27kB
               Sort Groups: 4
               ->  Index Scan using s_4_a_b_c_d_idx on s_4  (cost=0.29..463.97 rows=10000 width=20) (actual time=0.011..0.024 rows=129 loops=1)
 Planning time: 0.284 ms
 Execution time: 0.109 ms
(10 rows)

===== 437 [Wed Mar  7 01:59:59 CET 2018] scale:10000 groups:10000 work_mem:128MB incremental:off max_workers:2 =====
SELECT * FROM s_1 ORDER BY a, b LIMIT 100
                                                        QUERY PLAN                                                        
--------------------------------------------------------------------------------------------------------------------------
 Limit  (cost=547.44..547.44 rows=1 width=20) (actual time=1.279..1.279 rows=0 loops=1)
   ->  Limit  (cost=546.19..546.44 rows=100 width=20) (actual time=1.266..1.276 rows=100 loops=1)
         ->  Sort  (cost=546.19..571.19 rows=10000 width=20) (actual time=1.266..1.270 rows=100 loops=1)
               Sort Key: s_1.a, s_1.b
               Sort Method: top-N heapsort  Memory: 32kB
               ->  Seq Scan on s_1  (cost=0.00..164.00 rows=10000 width=20) (actual time=0.004..0.525 rows=10000 loops=1)
 Planning time: 0.269 ms
 Execution time: 1.302 ms
(8 rows)

===== 438 [Wed Mar  7 01:59:59 CET 2018] scale:10000 groups:10000 work_mem:128MB incremental:off max_workers:2 =====
SELECT * FROM s_2 ORDER BY a, b, c LIMIT 100
                                                        QUERY PLAN                                                        
--------------------------------------------------------------------------------------------------------------------------
 Limit  (cost=547.44..547.44 rows=1 width=20) (actual time=1.283..1.283 rows=0 loops=1)
   ->  Limit  (cost=546.19..546.44 rows=100 width=20) (actual time=1.270..1.280 rows=100 loops=1)
         ->  Sort  (cost=546.19..571.19 rows=10000 width=20) (actual time=1.270..1.274 rows=100 loops=1)
               Sort Key: s_2.a, s_2.b, s_2.c
               Sort Method: top-N heapsort  Memory: 32kB
               ->  Seq Scan on s_2  (cost=0.00..164.00 rows=10000 width=20) (actual time=0.007..0.517 rows=10000 loops=1)
 Planning time: 0.276 ms
 Execution time: 1.306 ms
(8 rows)

===== 439 [Wed Mar  7 01:59:59 CET 2018] scale:10000 groups:10000 work_mem:128MB incremental:off max_workers:2 =====
SELECT * FROM s_3 ORDER BY a, b, c, d LIMIT 100
                                                        QUERY PLAN                                                        
--------------------------------------------------------------------------------------------------------------------------
 Limit  (cost=547.44..547.44 rows=1 width=20) (actual time=1.381..1.381 rows=0 loops=1)
   ->  Limit  (cost=546.19..546.44 rows=100 width=20) (actual time=1.367..1.377 rows=100 loops=1)
         ->  Sort  (cost=546.19..571.19 rows=10000 width=20) (actual time=1.367..1.371 rows=100 loops=1)
               Sort Key: s_3.a, s_3.b, s_3.c, s_3.d
               Sort Method: top-N heapsort  Memory: 32kB
               ->  Seq Scan on s_3  (cost=0.00..164.00 rows=10000 width=20) (actual time=0.007..0.508 rows=10000 loops=1)
 Planning time: 0.267 ms
 Execution time: 1.404 ms
(8 rows)

===== 440 [Wed Mar  7 01:59:59 CET 2018] scale:10000 groups:10000 work_mem:128MB incremental:off max_workers:2 =====
SELECT * FROM s_4 ORDER BY a, b, c, d, e LIMIT 100
                                                        QUERY PLAN                                                        
--------------------------------------------------------------------------------------------------------------------------
 Limit  (cost=547.44..547.44 rows=1 width=20) (actual time=1.279..1.279 rows=0 loops=1)
   ->  Limit  (cost=546.19..546.44 rows=100 width=20) (actual time=1.265..1.275 rows=100 loops=1)
         ->  Sort  (cost=546.19..571.19 rows=10000 width=20) (actual time=1.265..1.269 rows=100 loops=1)
               Sort Key: s_4.a, s_4.b, s_4.c, s_4.d, s_4.e
               Sort Method: top-N heapsort  Memory: 32kB
               ->  Seq Scan on s_4  (cost=0.00..164.00 rows=10000 width=20) (actual time=0.004..0.516 rows=10000 loops=1)
 Planning time: 0.262 ms
 Execution time: 1.301 ms
(8 rows)

===== 441 [Wed Mar  7 01:59:59 CET 2018] scale:10000 groups:10000 work_mem:256MB incremental:on max_workers:2 =====
SELECT * FROM s_1 ORDER BY a, b LIMIT 100
                                                                QUERY PLAN                                                                
------------------------------------------------------------------------------------------------------------------------------------------
 Limit  (cost=4.39..4.39 rows=1 width=20) (actual time=0.094..0.094 rows=0 loops=1)
   ->  Limit  (cost=0.35..3.39 rows=100 width=20) (actual time=0.058..0.090 rows=100 loops=1)
         ->  Incremental Sort  (cost=0.35..304.95 rows=10000 width=20) (actual time=0.057..0.084 rows=100 loops=1)
               Sort Key: s_1.a, s_1.b
               Presorted Key: s_1.a
               Sort Method: quicksort  Memory: 27kB
               Sort Groups: 4
               ->  Index Scan using s_1_a_idx on s_1  (cost=0.29..337.29 rows=10000 width=20) (actual time=0.009..0.023 rows=130 loops=1)
 Planning time: 0.272 ms
 Execution time: 0.119 ms
(10 rows)

===== 442 [Wed Mar  7 01:59:59 CET 2018] scale:10000 groups:10000 work_mem:256MB incremental:on max_workers:2 =====
SELECT * FROM s_2 ORDER BY a, b, c LIMIT 100
                                                                 QUERY PLAN                                                                 
--------------------------------------------------------------------------------------------------------------------------------------------
 Limit  (cost=4.42..4.42 rows=1 width=20) (actual time=0.089..0.089 rows=0 loops=1)
   ->  Limit  (cost=0.36..3.42 rows=100 width=20) (actual time=0.057..0.085 rows=100 loops=1)
         ->  Incremental Sort  (cost=0.36..306.52 rows=10000 width=20) (actual time=0.057..0.079 rows=100 loops=1)
               Sort Key: s_2.a, s_2.b, s_2.c
               Presorted Key: s_2.a, s_2.b
               Sort Method: quicksort  Memory: 27kB
               Sort Groups: 4
               ->  Index Scan using s_2_a_b_idx on s_2  (cost=0.29..419.97 rows=10000 width=20) (actual time=0.014..0.028 rows=129 loops=1)
 Planning time: 0.284 ms
 Execution time: 0.113 ms
(10 rows)

===== 443 [Wed Mar  7 01:59:59 CET 2018] scale:10000 groups:10000 work_mem:256MB incremental:on max_workers:2 =====
SELECT * FROM s_3 ORDER BY a, b, c, d LIMIT 100
                                                                  QUERY PLAN                                                                  
----------------------------------------------------------------------------------------------------------------------------------------------
 Limit  (cost=4.43..4.43 rows=1 width=20) (actual time=0.087..0.087 rows=0 loops=1)
   ->  Limit  (cost=0.37..3.43 rows=100 width=20) (actual time=0.054..0.083 rows=100 loops=1)
         ->  Incremental Sort  (cost=0.37..306.96 rows=10000 width=20) (actual time=0.054..0.077 rows=100 loops=1)
               Sort Key: s_3.a, s_3.b, s_3.c, s_3.d
               Presorted Key: s_3.a, s_3.b, s_3.c
               Sort Method: quicksort  Memory: 27kB
               Sort Groups: 4
               ->  Index Scan using s_3_a_b_c_idx on s_3  (cost=0.29..463.97 rows=10000 width=20) (actual time=0.011..0.025 rows=129 loops=1)
 Planning time: 0.280 ms
 Execution time: 0.109 ms
(10 rows)

===== 444 [Wed Mar  7 01:59:59 CET 2018] scale:10000 groups:10000 work_mem:256MB incremental:on max_workers:2 =====
SELECT * FROM s_4 ORDER BY a, b, c, d, e LIMIT 100
                                                                   QUERY PLAN                                                                   
------------------------------------------------------------------------------------------------------------------------------------------------
 Limit  (cost=4.43..4.43 rows=1 width=20) (actual time=0.086..0.086 rows=0 loops=1)
   ->  Limit  (cost=0.37..3.43 rows=100 width=20) (actual time=0.054..0.082 rows=100 loops=1)
         ->  Incremental Sort  (cost=0.37..306.96 rows=10000 width=20) (actual time=0.054..0.076 rows=100 loops=1)
               Sort Key: s_4.a, s_4.b, s_4.c, s_4.d, s_4.e
               Presorted Key: s_4.a, s_4.b, s_4.c, s_4.d
               Sort Method: quicksort  Memory: 27kB
               Sort Groups: 4
               ->  Index Scan using s_4_a_b_c_d_idx on s_4  (cost=0.29..463.97 rows=10000 width=20) (actual time=0.011..0.024 rows=129 loops=1)
 Planning time: 0.275 ms
 Execution time: 0.109 ms
(10 rows)

===== 445 [Wed Mar  7 01:59:59 CET 2018] scale:10000 groups:10000 work_mem:256MB incremental:off max_workers:2 =====
SELECT * FROM s_1 ORDER BY a, b LIMIT 100
                                                        QUERY PLAN                                                        
--------------------------------------------------------------------------------------------------------------------------
 Limit  (cost=547.44..547.44 rows=1 width=20) (actual time=1.278..1.278 rows=0 loops=1)
   ->  Limit  (cost=546.19..546.44 rows=100 width=20) (actual time=1.265..1.274 rows=100 loops=1)
         ->  Sort  (cost=546.19..571.19 rows=10000 width=20) (actual time=1.264..1.268 rows=100 loops=1)
               Sort Key: s_1.a, s_1.b
               Sort Method: top-N heapsort  Memory: 32kB
               ->  Seq Scan on s_1  (cost=0.00..164.00 rows=10000 width=20) (actual time=0.004..0.520 rows=10000 loops=1)
 Planning time: 0.278 ms
 Execution time: 1.301 ms
(8 rows)

===== 446 [Wed Mar  7 01:59:59 CET 2018] scale:10000 groups:10000 work_mem:256MB incremental:off max_workers:2 =====
SELECT * FROM s_2 ORDER BY a, b, c LIMIT 100
                                                        QUERY PLAN                                                        
--------------------------------------------------------------------------------------------------------------------------
 Limit  (cost=547.44..547.44 rows=1 width=20) (actual time=1.290..1.290 rows=0 loops=1)
   ->  Limit  (cost=546.19..546.44 rows=100 width=20) (actual time=1.277..1.287 rows=100 loops=1)
         ->  Sort  (cost=546.19..571.19 rows=10000 width=20) (actual time=1.277..1.281 rows=100 loops=1)
               Sort Key: s_2.a, s_2.b, s_2.c
               Sort Method: top-N heapsort  Memory: 32kB
               ->  Seq Scan on s_2  (cost=0.00..164.00 rows=10000 width=20) (actual time=0.007..0.521 rows=10000 loops=1)
 Planning time: 0.275 ms
 Execution time: 1.313 ms
(8 rows)

===== 447 [Wed Mar  7 01:59:59 CET 2018] scale:10000 groups:10000 work_mem:256MB incremental:off max_workers:2 =====
SELECT * FROM s_3 ORDER BY a, b, c, d LIMIT 100
                                                        QUERY PLAN                                                        
--------------------------------------------------------------------------------------------------------------------------
 Limit  (cost=547.44..547.44 rows=1 width=20) (actual time=1.468..1.468 rows=0 loops=1)
   ->  Limit  (cost=546.19..546.44 rows=100 width=20) (actual time=1.455..1.464 rows=100 loops=1)
         ->  Sort  (cost=546.19..571.19 rows=10000 width=20) (actual time=1.455..1.459 rows=100 loops=1)
               Sort Key: s_3.a, s_3.b, s_3.c, s_3.d
               Sort Method: top-N heapsort  Memory: 32kB
               ->  Seq Scan on s_3  (cost=0.00..164.00 rows=10000 width=20) (actual time=0.007..0.514 rows=10000 loops=1)
 Planning time: 0.269 ms
 Execution time: 1.491 ms
(8 rows)

===== 448 [Wed Mar  7 01:59:59 CET 2018] scale:10000 groups:10000 work_mem:256MB incremental:off max_workers:2 =====
SELECT * FROM s_4 ORDER BY a, b, c, d, e LIMIT 100
                                                        QUERY PLAN                                                        
--------------------------------------------------------------------------------------------------------------------------
 Limit  (cost=547.44..547.44 rows=1 width=20) (actual time=1.281..1.281 rows=0 loops=1)
   ->  Limit  (cost=546.19..546.44 rows=100 width=20) (actual time=1.268..1.278 rows=100 loops=1)
         ->  Sort  (cost=546.19..571.19 rows=10000 width=20) (actual time=1.268..1.272 rows=100 loops=1)
               Sort Key: s_4.a, s_4.b, s_4.c, s_4.d, s_4.e
               Sort Method: top-N heapsort  Memory: 32kB
               ->  Seq Scan on s_4  (cost=0.00..164.00 rows=10000 width=20) (actual time=0.004..0.521 rows=10000 loops=1)
 Planning time: 0.263 ms
 Execution time: 1.304 ms
(8 rows)

