===== 1 [Wed Mar  7 01:58:44 CET 2018] scale:10000 groups:10 work_mem:4MB incremental:on max_workers:0 =====
SELECT * FROM s_1 ORDER BY a, b
                                                     QUERY PLAN                                                     
--------------------------------------------------------------------------------------------------------------------
 Limit  (cost=953.39..953.39 rows=1 width=20) (actual time=3.103..3.103 rows=0 loops=1)
   ->  Sort  (cost=828.39..853.39 rows=10000 width=20) (actual time=2.550..2.884 rows=10000 loops=1)
         Sort Key: s_1.a, s_1.b
         Sort Method: quicksort  Memory: 1166kB
         ->  Seq Scan on s_1  (cost=0.00..164.00 rows=10000 width=20) (actual time=0.004..0.581 rows=10000 loops=1)
 Planning time: 0.249 ms
 Execution time: 3.172 ms
(7 rows)

===== 2 [Wed Mar  7 01:58:44 CET 2018] scale:10000 groups:10 work_mem:4MB incremental:on max_workers:0 =====
SELECT * FROM s_2 ORDER BY a, b, c
                                                     QUERY PLAN                                                     
--------------------------------------------------------------------------------------------------------------------
 Limit  (cost=953.39..953.39 rows=1 width=20) (actual time=4.007..4.007 rows=0 loops=1)
   ->  Sort  (cost=828.39..853.39 rows=10000 width=20) (actual time=3.451..3.787 rows=10000 loops=1)
         Sort Key: s_2.a, s_2.b, s_2.c
         Sort Method: quicksort  Memory: 1166kB
         ->  Seq Scan on s_2  (cost=0.00..164.00 rows=10000 width=20) (actual time=0.007..0.587 rows=10000 loops=1)
 Planning time: 0.264 ms
 Execution time: 4.063 ms
(7 rows)

===== 3 [Wed Mar  7 01:58:44 CET 2018] scale:10000 groups:10 work_mem:4MB incremental:on max_workers:0 =====
SELECT * FROM s_3 ORDER BY a, b, c, d
                                                                QUERY PLAN                                                                
------------------------------------------------------------------------------------------------------------------------------------------
 Limit  (cost=925.07..925.07 rows=1 width=20) (actual time=4.253..4.253 rows=0 loops=1)
   ->  Incremental Sort  (cost=0.91..825.07 rows=10000 width=20) (actual time=0.075..4.035 rows=10000 loops=1)
         Sort Key: s_3.a, s_3.b, s_3.c, s_3.d
         Presorted Key: s_3.a, s_3.b, s_3.c
         Sort Method: quicksort  Memory: 28kB
         Sort Groups: 276
         ->  Index Scan using s_3_a_b_c_idx on s_3  (cost=0.29..463.97 rows=10000 width=20) (actual time=0.021..1.384 rows=10000 loops=1)
 Planning time: 0.269 ms
 Execution time: 4.273 ms
(9 rows)

===== 4 [Wed Mar  7 01:58:44 CET 2018] scale:10000 groups:10 work_mem:4MB incremental:on max_workers:0 =====
SELECT * FROM s_4 ORDER BY a, b, c, d, e
                                                                 QUERY PLAN                                                                 
--------------------------------------------------------------------------------------------------------------------------------------------
 Limit  (cost=925.07..925.07 rows=1 width=20) (actual time=4.068..4.068 rows=0 loops=1)
   ->  Incremental Sort  (cost=0.91..825.07 rows=10000 width=20) (actual time=0.079..3.848 rows=10000 loops=1)
         Sort Key: s_4.a, s_4.b, s_4.c, s_4.d, s_4.e
         Presorted Key: s_4.a, s_4.b, s_4.c, s_4.d
         Sort Method: quicksort  Memory: 27kB
         Sort Groups: 309
         ->  Index Scan using s_4_a_b_c_d_idx on s_4  (cost=0.29..463.97 rows=10000 width=20) (actual time=0.022..1.314 rows=10000 loops=1)
 Planning time: 0.266 ms
 Execution time: 4.087 ms
(9 rows)

===== 5 [Wed Mar  7 01:58:44 CET 2018] scale:10000 groups:10 work_mem:4MB incremental:off max_workers:0 =====
SELECT * FROM s_1 ORDER BY a, b
                                                     QUERY PLAN                                                     
--------------------------------------------------------------------------------------------------------------------
 Limit  (cost=953.39..953.39 rows=1 width=20) (actual time=3.105..3.105 rows=0 loops=1)
   ->  Sort  (cost=828.39..853.39 rows=10000 width=20) (actual time=2.551..2.888 rows=10000 loops=1)
         Sort Key: s_1.a, s_1.b
         Sort Method: quicksort  Memory: 1166kB
         ->  Seq Scan on s_1  (cost=0.00..164.00 rows=10000 width=20) (actual time=0.004..0.588 rows=10000 loops=1)
 Planning time: 0.246 ms
 Execution time: 3.161 ms
(7 rows)

===== 6 [Wed Mar  7 01:58:44 CET 2018] scale:10000 groups:10 work_mem:4MB incremental:off max_workers:0 =====
SELECT * FROM s_2 ORDER BY a, b, c
                                                     QUERY PLAN                                                     
--------------------------------------------------------------------------------------------------------------------
 Limit  (cost=953.39..953.39 rows=1 width=20) (actual time=4.000..4.000 rows=0 loops=1)
   ->  Sort  (cost=828.39..853.39 rows=10000 width=20) (actual time=3.454..3.783 rows=10000 loops=1)
         Sort Key: s_2.a, s_2.b, s_2.c
         Sort Method: quicksort  Memory: 1166kB
         ->  Seq Scan on s_2  (cost=0.00..164.00 rows=10000 width=20) (actual time=0.007..0.580 rows=10000 loops=1)
 Planning time: 0.254 ms
 Execution time: 4.056 ms
(7 rows)

===== 7 [Wed Mar  7 01:58:44 CET 2018] scale:10000 groups:10 work_mem:4MB incremental:off max_workers:0 =====
SELECT * FROM s_3 ORDER BY a, b, c, d
                                                     QUERY PLAN                                                     
--------------------------------------------------------------------------------------------------------------------
 Limit  (cost=953.39..953.39 rows=1 width=20) (actual time=4.831..4.831 rows=0 loops=1)
   ->  Sort  (cost=828.39..853.39 rows=10000 width=20) (actual time=4.284..4.614 rows=10000 loops=1)
         Sort Key: s_3.a, s_3.b, s_3.c, s_3.d
         Sort Method: quicksort  Memory: 1166kB
         ->  Seq Scan on s_3  (cost=0.00..164.00 rows=10000 width=20) (actual time=0.007..0.577 rows=10000 loops=1)
 Planning time: 0.268 ms
 Execution time: 4.890 ms
(7 rows)

===== 8 [Wed Mar  7 01:58:44 CET 2018] scale:10000 groups:10 work_mem:4MB incremental:off max_workers:0 =====
SELECT * FROM s_4 ORDER BY a, b, c, d, e
                                                     QUERY PLAN                                                     
--------------------------------------------------------------------------------------------------------------------
 Limit  (cost=953.39..953.39 rows=1 width=20) (actual time=4.793..4.793 rows=0 loops=1)
   ->  Sort  (cost=828.39..853.39 rows=10000 width=20) (actual time=4.255..4.576 rows=10000 loops=1)
         Sort Key: s_4.a, s_4.b, s_4.c, s_4.d, s_4.e
         Sort Method: quicksort  Memory: 1166kB
         ->  Seq Scan on s_4  (cost=0.00..164.00 rows=10000 width=20) (actual time=0.004..0.582 rows=10000 loops=1)
 Planning time: 0.258 ms
 Execution time: 4.848 ms
(7 rows)

===== 9 [Wed Mar  7 01:58:44 CET 2018] scale:10000 groups:10 work_mem:8MB incremental:on max_workers:0 =====
SELECT * FROM s_1 ORDER BY a, b
                                                     QUERY PLAN                                                     
--------------------------------------------------------------------------------------------------------------------
 Limit  (cost=953.39..953.39 rows=1 width=20) (actual time=3.108..3.108 rows=0 loops=1)
   ->  Sort  (cost=828.39..853.39 rows=10000 width=20) (actual time=2.552..2.891 rows=10000 loops=1)
         Sort Key: s_1.a, s_1.b
         Sort Method: quicksort  Memory: 1166kB
         ->  Seq Scan on s_1  (cost=0.00..164.00 rows=10000 width=20) (actual time=0.004..0.581 rows=10000 loops=1)
 Planning time: 0.249 ms
 Execution time: 3.167 ms
(7 rows)

===== 10 [Wed Mar  7 01:58:44 CET 2018] scale:10000 groups:10 work_mem:8MB incremental:on max_workers:0 =====
SELECT * FROM s_2 ORDER BY a, b, c
                                                     QUERY PLAN                                                     
--------------------------------------------------------------------------------------------------------------------
 Limit  (cost=953.39..953.39 rows=1 width=20) (actual time=4.005..4.005 rows=0 loops=1)
   ->  Sort  (cost=828.39..853.39 rows=10000 width=20) (actual time=3.457..3.789 rows=10000 loops=1)
         Sort Key: s_2.a, s_2.b, s_2.c
         Sort Method: quicksort  Memory: 1166kB
         ->  Seq Scan on s_2  (cost=0.00..164.00 rows=10000 width=20) (actual time=0.008..0.584 rows=10000 loops=1)
 Planning time: 0.265 ms
 Execution time: 4.062 ms
(7 rows)

===== 11 [Wed Mar  7 01:58:44 CET 2018] scale:10000 groups:10 work_mem:8MB incremental:on max_workers:0 =====
SELECT * FROM s_3 ORDER BY a, b, c, d
                                                                QUERY PLAN                                                                
------------------------------------------------------------------------------------------------------------------------------------------
 Limit  (cost=925.07..925.07 rows=1 width=20) (actual time=4.065..4.065 rows=0 loops=1)
   ->  Incremental Sort  (cost=0.91..825.07 rows=10000 width=20) (actual time=0.063..3.845 rows=10000 loops=1)
         Sort Key: s_3.a, s_3.b, s_3.c, s_3.d
         Presorted Key: s_3.a, s_3.b, s_3.c
         Sort Method: quicksort  Memory: 28kB
         Sort Groups: 276
         ->  Index Scan using s_3_a_b_c_idx on s_3  (cost=0.29..463.97 rows=10000 width=20) (actual time=0.009..1.206 rows=10000 loops=1)
 Planning time: 0.268 ms
 Execution time: 4.084 ms
(9 rows)

===== 12 [Wed Mar  7 01:58:45 CET 2018] scale:10000 groups:10 work_mem:8MB incremental:on max_workers:0 =====
SELECT * FROM s_4 ORDER BY a, b, c, d, e
                                                                 QUERY PLAN                                                                 
--------------------------------------------------------------------------------------------------------------------------------------------
 Limit  (cost=925.07..925.07 rows=1 width=20) (actual time=3.959..3.959 rows=0 loops=1)
   ->  Incremental Sort  (cost=0.91..825.07 rows=10000 width=20) (actual time=0.060..3.740 rows=10000 loops=1)
         Sort Key: s_4.a, s_4.b, s_4.c, s_4.d, s_4.e
         Presorted Key: s_4.a, s_4.b, s_4.c, s_4.d
         Sort Method: quicksort  Memory: 27kB
         Sort Groups: 309
         ->  Index Scan using s_4_a_b_c_d_idx on s_4  (cost=0.29..463.97 rows=10000 width=20) (actual time=0.009..1.220 rows=10000 loops=1)
 Planning time: 0.264 ms
 Execution time: 3.979 ms
(9 rows)

===== 13 [Wed Mar  7 01:58:45 CET 2018] scale:10000 groups:10 work_mem:8MB incremental:off max_workers:0 =====
SELECT * FROM s_1 ORDER BY a, b
                                                     QUERY PLAN                                                     
--------------------------------------------------------------------------------------------------------------------
 Limit  (cost=953.39..953.39 rows=1 width=20) (actual time=3.091..3.091 rows=0 loops=1)
   ->  Sort  (cost=828.39..853.39 rows=10000 width=20) (actual time=2.545..2.873 rows=10000 loops=1)
         Sort Key: s_1.a, s_1.b
         Sort Method: quicksort  Memory: 1166kB
         ->  Seq Scan on s_1  (cost=0.00..164.00 rows=10000 width=20) (actual time=0.004..0.589 rows=10000 loops=1)
 Planning time: 0.246 ms
 Execution time: 3.149 ms
(7 rows)

===== 14 [Wed Mar  7 01:58:45 CET 2018] scale:10000 groups:10 work_mem:8MB incremental:off max_workers:0 =====
SELECT * FROM s_2 ORDER BY a, b, c
                                                     QUERY PLAN                                                     
--------------------------------------------------------------------------------------------------------------------
 Limit  (cost=953.39..953.39 rows=1 width=20) (actual time=3.998..3.998 rows=0 loops=1)
   ->  Sort  (cost=828.39..853.39 rows=10000 width=20) (actual time=3.446..3.782 rows=10000 loops=1)
         Sort Key: s_2.a, s_2.b, s_2.c
         Sort Method: quicksort  Memory: 1166kB
         ->  Seq Scan on s_2  (cost=0.00..164.00 rows=10000 width=20) (actual time=0.007..0.588 rows=10000 loops=1)
 Planning time: 0.258 ms
 Execution time: 4.056 ms
(7 rows)

===== 15 [Wed Mar  7 01:58:45 CET 2018] scale:10000 groups:10 work_mem:8MB incremental:off max_workers:0 =====
SELECT * FROM s_3 ORDER BY a, b, c, d
                                                     QUERY PLAN                                                     
--------------------------------------------------------------------------------------------------------------------
 Limit  (cost=953.39..953.39 rows=1 width=20) (actual time=4.825..4.825 rows=0 loops=1)
   ->  Sort  (cost=828.39..853.39 rows=10000 width=20) (actual time=4.278..4.609 rows=10000 loops=1)
         Sort Key: s_3.a, s_3.b, s_3.c, s_3.d
         Sort Method: quicksort  Memory: 1166kB
         ->  Seq Scan on s_3  (cost=0.00..164.00 rows=10000 width=20) (actual time=0.007..0.584 rows=10000 loops=1)
 Planning time: 0.256 ms
 Execution time: 4.880 ms
(7 rows)

===== 16 [Wed Mar  7 01:58:45 CET 2018] scale:10000 groups:10 work_mem:8MB incremental:off max_workers:0 =====
SELECT * FROM s_4 ORDER BY a, b, c, d, e
                                                     QUERY PLAN                                                     
--------------------------------------------------------------------------------------------------------------------
 Limit  (cost=953.39..953.39 rows=1 width=20) (actual time=4.793..4.793 rows=0 loops=1)
   ->  Sort  (cost=828.39..853.39 rows=10000 width=20) (actual time=4.255..4.575 rows=10000 loops=1)
         Sort Key: s_4.a, s_4.b, s_4.c, s_4.d, s_4.e
         Sort Method: quicksort  Memory: 1166kB
         ->  Seq Scan on s_4  (cost=0.00..164.00 rows=10000 width=20) (actual time=0.004..0.577 rows=10000 loops=1)
 Planning time: 0.251 ms
 Execution time: 4.849 ms
(7 rows)

===== 17 [Wed Mar  7 01:58:45 CET 2018] scale:10000 groups:10 work_mem:16MB incremental:on max_workers:0 =====
SELECT * FROM s_1 ORDER BY a, b
                                                     QUERY PLAN                                                     
--------------------------------------------------------------------------------------------------------------------
 Limit  (cost=953.39..953.39 rows=1 width=20) (actual time=3.111..3.111 rows=0 loops=1)
   ->  Sort  (cost=828.39..853.39 rows=10000 width=20) (actual time=2.560..2.893 rows=10000 loops=1)
         Sort Key: s_1.a, s_1.b
         Sort Method: quicksort  Memory: 1166kB
         ->  Seq Scan on s_1  (cost=0.00..164.00 rows=10000 width=20) (actual time=0.004..0.577 rows=10000 loops=1)
 Planning time: 0.248 ms
 Execution time: 3.171 ms
(7 rows)

===== 18 [Wed Mar  7 01:58:45 CET 2018] scale:10000 groups:10 work_mem:16MB incremental:on max_workers:0 =====
SELECT * FROM s_2 ORDER BY a, b, c
                                                     QUERY PLAN                                                     
--------------------------------------------------------------------------------------------------------------------
 Limit  (cost=953.39..953.39 rows=1 width=20) (actual time=4.002..4.002 rows=0 loops=1)
   ->  Sort  (cost=828.39..853.39 rows=10000 width=20) (actual time=3.449..3.785 rows=10000 loops=1)
         Sort Key: s_2.a, s_2.b, s_2.c
         Sort Method: quicksort  Memory: 1166kB
         ->  Seq Scan on s_2  (cost=0.00..164.00 rows=10000 width=20) (actual time=0.007..0.588 rows=10000 loops=1)
 Planning time: 0.263 ms
 Execution time: 4.060 ms
(7 rows)

===== 19 [Wed Mar  7 01:58:45 CET 2018] scale:10000 groups:10 work_mem:16MB incremental:on max_workers:0 =====
SELECT * FROM s_3 ORDER BY a, b, c, d
                                                                QUERY PLAN                                                                
------------------------------------------------------------------------------------------------------------------------------------------
 Limit  (cost=925.07..925.07 rows=1 width=20) (actual time=4.061..4.061 rows=0 loops=1)
   ->  Incremental Sort  (cost=0.91..825.07 rows=10000 width=20) (actual time=0.063..3.843 rows=10000 loops=1)
         Sort Key: s_3.a, s_3.b, s_3.c, s_3.d
         Presorted Key: s_3.a, s_3.b, s_3.c
         Sort Method: quicksort  Memory: 28kB
         Sort Groups: 276
         ->  Index Scan using s_3_a_b_c_idx on s_3  (cost=0.29..463.97 rows=10000 width=20) (actual time=0.009..1.210 rows=10000 loops=1)
 Planning time: 0.266 ms
 Execution time: 4.080 ms
(9 rows)

===== 20 [Wed Mar  7 01:58:45 CET 2018] scale:10000 groups:10 work_mem:16MB incremental:on max_workers:0 =====
SELECT * FROM s_4 ORDER BY a, b, c, d, e
                                                                 QUERY PLAN                                                                 
--------------------------------------------------------------------------------------------------------------------------------------------
 Limit  (cost=925.07..925.07 rows=1 width=20) (actual time=3.960..3.960 rows=0 loops=1)
   ->  Incremental Sort  (cost=0.91..825.07 rows=10000 width=20) (actual time=0.061..3.740 rows=10000 loops=1)
         Sort Key: s_4.a, s_4.b, s_4.c, s_4.d, s_4.e
         Presorted Key: s_4.a, s_4.b, s_4.c, s_4.d
         Sort Method: quicksort  Memory: 27kB
         Sort Groups: 309
         ->  Index Scan using s_4_a_b_c_d_idx on s_4  (cost=0.29..463.97 rows=10000 width=20) (actual time=0.009..1.209 rows=10000 loops=1)
 Planning time: 0.272 ms
 Execution time: 3.979 ms
(9 rows)

===== 21 [Wed Mar  7 01:58:45 CET 2018] scale:10000 groups:10 work_mem:16MB incremental:off max_workers:0 =====
SELECT * FROM s_1 ORDER BY a, b
                                                     QUERY PLAN                                                     
--------------------------------------------------------------------------------------------------------------------
 Limit  (cost=953.39..953.39 rows=1 width=20) (actual time=3.103..3.103 rows=0 loops=1)
   ->  Sort  (cost=828.39..853.39 rows=10000 width=20) (actual time=2.544..2.883 rows=10000 loops=1)
         Sort Key: s_1.a, s_1.b
         Sort Method: quicksort  Memory: 1166kB
         ->  Seq Scan on s_1  (cost=0.00..164.00 rows=10000 width=20) (actual time=0.004..0.581 rows=10000 loops=1)
 Planning time: 0.237 ms
 Execution time: 3.159 ms
(7 rows)

===== 22 [Wed Mar  7 01:58:45 CET 2018] scale:10000 groups:10 work_mem:16MB incremental:off max_workers:0 =====
SELECT * FROM s_2 ORDER BY a, b, c
                                                     QUERY PLAN                                                     
--------------------------------------------------------------------------------------------------------------------
 Limit  (cost=953.39..953.39 rows=1 width=20) (actual time=4.010..4.010 rows=0 loops=1)
   ->  Sort  (cost=828.39..853.39 rows=10000 width=20) (actual time=3.453..3.792 rows=10000 loops=1)
         Sort Key: s_2.a, s_2.b, s_2.c
         Sort Method: quicksort  Memory: 1166kB
         ->  Seq Scan on s_2  (cost=0.00..164.00 rows=10000 width=20) (actual time=0.007..0.580 rows=10000 loops=1)
 Planning time: 0.264 ms
 Execution time: 4.067 ms
(7 rows)

===== 23 [Wed Mar  7 01:58:46 CET 2018] scale:10000 groups:10 work_mem:16MB incremental:off max_workers:0 =====
SELECT * FROM s_3 ORDER BY a, b, c, d
                                                     QUERY PLAN                                                     
--------------------------------------------------------------------------------------------------------------------
 Limit  (cost=953.39..953.39 rows=1 width=20) (actual time=4.830..4.830 rows=0 loops=1)
   ->  Sort  (cost=828.39..853.39 rows=10000 width=20) (actual time=4.286..4.614 rows=10000 loops=1)
         Sort Key: s_3.a, s_3.b, s_3.c, s_3.d
         Sort Method: quicksort  Memory: 1166kB
         ->  Seq Scan on s_3  (cost=0.00..164.00 rows=10000 width=20) (actual time=0.007..0.581 rows=10000 loops=1)
 Planning time: 0.260 ms
 Execution time: 4.887 ms
(7 rows)

===== 24 [Wed Mar  7 01:58:46 CET 2018] scale:10000 groups:10 work_mem:16MB incremental:off max_workers:0 =====
SELECT * FROM s_4 ORDER BY a, b, c, d, e
                                                     QUERY PLAN                                                     
--------------------------------------------------------------------------------------------------------------------
 Limit  (cost=953.39..953.39 rows=1 width=20) (actual time=4.796..4.796 rows=0 loops=1)
   ->  Sort  (cost=828.39..853.39 rows=10000 width=20) (actual time=4.257..4.579 rows=10000 loops=1)
         Sort Key: s_4.a, s_4.b, s_4.c, s_4.d, s_4.e
         Sort Method: quicksort  Memory: 1166kB
         ->  Seq Scan on s_4  (cost=0.00..164.00 rows=10000 width=20) (actual time=0.004..0.577 rows=10000 loops=1)
 Planning time: 0.251 ms
 Execution time: 4.852 ms
(7 rows)

===== 25 [Wed Mar  7 01:58:46 CET 2018] scale:10000 groups:10 work_mem:32MB incremental:on max_workers:0 =====
SELECT * FROM s_1 ORDER BY a, b
                                                     QUERY PLAN                                                     
--------------------------------------------------------------------------------------------------------------------
 Limit  (cost=953.39..953.39 rows=1 width=20) (actual time=3.108..3.108 rows=0 loops=1)
   ->  Sort  (cost=828.39..853.39 rows=10000 width=20) (actual time=2.553..2.891 rows=10000 loops=1)
         Sort Key: s_1.a, s_1.b
         Sort Method: quicksort  Memory: 1166kB
         ->  Seq Scan on s_1  (cost=0.00..164.00 rows=10000 width=20) (actual time=0.004..0.578 rows=10000 loops=1)
 Planning time: 0.250 ms
 Execution time: 3.169 ms
(7 rows)

===== 26 [Wed Mar  7 01:58:46 CET 2018] scale:10000 groups:10 work_mem:32MB incremental:on max_workers:0 =====
SELECT * FROM s_2 ORDER BY a, b, c
                                                     QUERY PLAN                                                     
--------------------------------------------------------------------------------------------------------------------
 Limit  (cost=953.39..953.39 rows=1 width=20) (actual time=3.997..3.997 rows=0 loops=1)
   ->  Sort  (cost=828.39..853.39 rows=10000 width=20) (actual time=3.445..3.780 rows=10000 loops=1)
         Sort Key: s_2.a, s_2.b, s_2.c
         Sort Method: quicksort  Memory: 1166kB
         ->  Seq Scan on s_2  (cost=0.00..164.00 rows=10000 width=20) (actual time=0.007..0.580 rows=10000 loops=1)
 Planning time: 0.274 ms
 Execution time: 4.053 ms
(7 rows)

===== 27 [Wed Mar  7 01:58:46 CET 2018] scale:10000 groups:10 work_mem:32MB incremental:on max_workers:0 =====
SELECT * FROM s_3 ORDER BY a, b, c, d
                                                                QUERY PLAN                                                                
------------------------------------------------------------------------------------------------------------------------------------------
 Limit  (cost=925.07..925.07 rows=1 width=20) (actual time=4.068..4.068 rows=0 loops=1)
   ->  Incremental Sort  (cost=0.91..825.07 rows=10000 width=20) (actual time=0.071..3.850 rows=10000 loops=1)
         Sort Key: s_3.a, s_3.b, s_3.c, s_3.d
         Presorted Key: s_3.a, s_3.b, s_3.c
         Sort Method: quicksort  Memory: 28kB
         Sort Groups: 276
         ->  Index Scan using s_3_a_b_c_idx on s_3  (cost=0.29..463.97 rows=10000 width=20) (actual time=0.020..1.226 rows=10000 loops=1)
 Planning time: 0.271 ms
 Execution time: 4.087 ms
(9 rows)

===== 28 [Wed Mar  7 01:58:46 CET 2018] scale:10000 groups:10 work_mem:32MB incremental:on max_workers:0 =====
SELECT * FROM s_4 ORDER BY a, b, c, d, e
                                                                 QUERY PLAN                                                                 
--------------------------------------------------------------------------------------------------------------------------------------------
 Limit  (cost=925.07..925.07 rows=1 width=20) (actual time=3.963..3.963 rows=0 loops=1)
   ->  Incremental Sort  (cost=0.91..825.07 rows=10000 width=20) (actual time=0.062..3.744 rows=10000 loops=1)
         Sort Key: s_4.a, s_4.b, s_4.c, s_4.d, s_4.e
         Presorted Key: s_4.a, s_4.b, s_4.c, s_4.d
         Sort Method: quicksort  Memory: 27kB
         Sort Groups: 309
         ->  Index Scan using s_4_a_b_c_d_idx on s_4  (cost=0.29..463.97 rows=10000 width=20) (actual time=0.008..1.221 rows=10000 loops=1)
 Planning time: 0.262 ms
 Execution time: 3.983 ms
(9 rows)

===== 29 [Wed Mar  7 01:58:46 CET 2018] scale:10000 groups:10 work_mem:32MB incremental:off max_workers:0 =====
SELECT * FROM s_1 ORDER BY a, b
                                                     QUERY PLAN                                                     
--------------------------------------------------------------------------------------------------------------------
 Limit  (cost=953.39..953.39 rows=1 width=20) (actual time=3.109..3.109 rows=0 loops=1)
   ->  Sort  (cost=828.39..853.39 rows=10000 width=20) (actual time=2.547..2.888 rows=10000 loops=1)
         Sort Key: s_1.a, s_1.b
         Sort Method: quicksort  Memory: 1166kB
         ->  Seq Scan on s_1  (cost=0.00..164.00 rows=10000 width=20) (actual time=0.004..0.581 rows=10000 loops=1)
 Planning time: 0.240 ms
 Execution time: 3.166 ms
(7 rows)

===== 30 [Wed Mar  7 01:58:46 CET 2018] scale:10000 groups:10 work_mem:32MB incremental:off max_workers:0 =====
SELECT * FROM s_2 ORDER BY a, b, c
                                                     QUERY PLAN                                                     
--------------------------------------------------------------------------------------------------------------------
 Limit  (cost=953.39..953.39 rows=1 width=20) (actual time=4.007..4.007 rows=0 loops=1)
   ->  Sort  (cost=828.39..853.39 rows=10000 width=20) (actual time=3.453..3.789 rows=10000 loops=1)
         Sort Key: s_2.a, s_2.b, s_2.c
         Sort Method: quicksort  Memory: 1166kB
         ->  Seq Scan on s_2  (cost=0.00..164.00 rows=10000 width=20) (actual time=0.007..0.584 rows=10000 loops=1)
 Planning time: 0.254 ms
 Execution time: 4.062 ms
(7 rows)

===== 31 [Wed Mar  7 01:58:46 CET 2018] scale:10000 groups:10 work_mem:32MB incremental:off max_workers:0 =====
SELECT * FROM s_3 ORDER BY a, b, c, d
                                                     QUERY PLAN                                                     
--------------------------------------------------------------------------------------------------------------------
 Limit  (cost=953.39..953.39 rows=1 width=20) (actual time=4.832..4.832 rows=0 loops=1)
   ->  Sort  (cost=828.39..853.39 rows=10000 width=20) (actual time=4.284..4.615 rows=10000 loops=1)
         Sort Key: s_3.a, s_3.b, s_3.c, s_3.d
         Sort Method: quicksort  Memory: 1166kB
         ->  Seq Scan on s_3  (cost=0.00..164.00 rows=10000 width=20) (actual time=0.008..0.578 rows=10000 loops=1)
 Planning time: 0.270 ms
 Execution time: 4.889 ms
(7 rows)

===== 32 [Wed Mar  7 01:58:46 CET 2018] scale:10000 groups:10 work_mem:32MB incremental:off max_workers:0 =====
SELECT * FROM s_4 ORDER BY a, b, c, d, e
                                                     QUERY PLAN                                                     
--------------------------------------------------------------------------------------------------------------------
 Limit  (cost=953.39..953.39 rows=1 width=20) (actual time=4.789..4.789 rows=0 loops=1)
   ->  Sort  (cost=828.39..853.39 rows=10000 width=20) (actual time=4.255..4.573 rows=10000 loops=1)
         Sort Key: s_4.a, s_4.b, s_4.c, s_4.d, s_4.e
         Sort Method: quicksort  Memory: 1166kB
         ->  Seq Scan on s_4  (cost=0.00..164.00 rows=10000 width=20) (actual time=0.004..0.577 rows=10000 loops=1)
 Planning time: 0.258 ms
 Execution time: 4.846 ms
(7 rows)

===== 33 [Wed Mar  7 01:58:46 CET 2018] scale:10000 groups:10 work_mem:64MB incremental:on max_workers:0 =====
SELECT * FROM s_1 ORDER BY a, b
                                                     QUERY PLAN                                                     
--------------------------------------------------------------------------------------------------------------------
 Limit  (cost=953.39..953.39 rows=1 width=20) (actual time=3.102..3.102 rows=0 loops=1)
   ->  Sort  (cost=828.39..853.39 rows=10000 width=20) (actual time=2.550..2.884 rows=10000 loops=1)
         Sort Key: s_1.a, s_1.b
         Sort Method: quicksort  Memory: 1166kB
         ->  Seq Scan on s_1  (cost=0.00..164.00 rows=10000 width=20) (actual time=0.004..0.581 rows=10000 loops=1)
 Planning time: 0.247 ms
 Execution time: 3.161 ms
(7 rows)

===== 34 [Wed Mar  7 01:58:47 CET 2018] scale:10000 groups:10 work_mem:64MB incremental:on max_workers:0 =====
SELECT * FROM s_2 ORDER BY a, b, c
                                                     QUERY PLAN                                                     
--------------------------------------------------------------------------------------------------------------------
 Limit  (cost=953.39..953.39 rows=1 width=20) (actual time=3.999..3.999 rows=0 loops=1)
   ->  Sort  (cost=828.39..853.39 rows=10000 width=20) (actual time=3.445..3.777 rows=10000 loops=1)
         Sort Key: s_2.a, s_2.b, s_2.c
         Sort Method: quicksort  Memory: 1166kB
         ->  Seq Scan on s_2  (cost=0.00..164.00 rows=10000 width=20) (actual time=0.008..0.583 rows=10000 loops=1)
 Planning time: 0.264 ms
 Execution time: 4.055 ms
(7 rows)

===== 35 [Wed Mar  7 01:58:47 CET 2018] scale:10000 groups:10 work_mem:64MB incremental:on max_workers:0 =====
SELECT * FROM s_3 ORDER BY a, b, c, d
                                                                QUERY PLAN                                                                
------------------------------------------------------------------------------------------------------------------------------------------
 Limit  (cost=925.07..925.07 rows=1 width=20) (actual time=4.062..4.062 rows=0 loops=1)
   ->  Incremental Sort  (cost=0.91..825.07 rows=10000 width=20) (actual time=0.060..3.844 rows=10000 loops=1)
         Sort Key: s_3.a, s_3.b, s_3.c, s_3.d
         Presorted Key: s_3.a, s_3.b, s_3.c
         Sort Method: quicksort  Memory: 28kB
         Sort Groups: 276
         ->  Index Scan using s_3_a_b_c_idx on s_3  (cost=0.29..463.97 rows=10000 width=20) (actual time=0.008..1.215 rows=10000 loops=1)
 Planning time: 0.271 ms
 Execution time: 4.082 ms
(9 rows)

===== 36 [Wed Mar  7 01:58:47 CET 2018] scale:10000 groups:10 work_mem:64MB incremental:on max_workers:0 =====
SELECT * FROM s_4 ORDER BY a, b, c, d, e
                                                                 QUERY PLAN                                                                 
--------------------------------------------------------------------------------------------------------------------------------------------
 Limit  (cost=925.07..925.07 rows=1 width=20) (actual time=3.958..3.958 rows=0 loops=1)
   ->  Incremental Sort  (cost=0.91..825.07 rows=10000 width=20) (actual time=0.060..3.739 rows=10000 loops=1)
         Sort Key: s_4.a, s_4.b, s_4.c, s_4.d, s_4.e
         Presorted Key: s_4.a, s_4.b, s_4.c, s_4.d
         Sort Method: quicksort  Memory: 27kB
         Sort Groups: 309
         ->  Index Scan using s_4_a_b_c_d_idx on s_4  (cost=0.29..463.97 rows=10000 width=20) (actual time=0.008..1.211 rows=10000 loops=1)
 Planning time: 0.269 ms
 Execution time: 3.977 ms
(9 rows)

===== 37 [Wed Mar  7 01:58:47 CET 2018] scale:10000 groups:10 work_mem:64MB incremental:off max_workers:0 =====
SELECT * FROM s_1 ORDER BY a, b
                                                     QUERY PLAN                                                     
--------------------------------------------------------------------------------------------------------------------
 Limit  (cost=953.39..953.39 rows=1 width=20) (actual time=3.088..3.088 rows=0 loops=1)
   ->  Sort  (cost=828.39..853.39 rows=10000 width=20) (actual time=2.535..2.869 rows=10000 loops=1)
         Sort Key: s_1.a, s_1.b
         Sort Method: quicksort  Memory: 1166kB
         ->  Seq Scan on s_1  (cost=0.00..164.00 rows=10000 width=20) (actual time=0.004..0.582 rows=10000 loops=1)
 Planning time: 0.243 ms
 Execution time: 3.144 ms
(7 rows)

===== 38 [Wed Mar  7 01:58:47 CET 2018] scale:10000 groups:10 work_mem:64MB incremental:off max_workers:0 =====
SELECT * FROM s_2 ORDER BY a, b, c
                                                     QUERY PLAN                                                     
--------------------------------------------------------------------------------------------------------------------
 Limit  (cost=953.39..953.39 rows=1 width=20) (actual time=4.005..4.005 rows=0 loops=1)
   ->  Sort  (cost=828.39..853.39 rows=10000 width=20) (actual time=3.461..3.788 rows=10000 loops=1)
         Sort Key: s_2.a, s_2.b, s_2.c
         Sort Method: quicksort  Memory: 1166kB
         ->  Seq Scan on s_2  (cost=0.00..164.00 rows=10000 width=20) (actual time=0.008..0.585 rows=10000 loops=1)
 Planning time: 0.256 ms
 Execution time: 4.062 ms
(7 rows)

===== 39 [Wed Mar  7 01:58:47 CET 2018] scale:10000 groups:10 work_mem:64MB incremental:off max_workers:0 =====
SELECT * FROM s_3 ORDER BY a, b, c, d
                                                     QUERY PLAN                                                     
--------------------------------------------------------------------------------------------------------------------
 Limit  (cost=953.39..953.39 rows=1 width=20) (actual time=4.832..4.832 rows=0 loops=1)
   ->  Sort  (cost=828.39..853.39 rows=10000 width=20) (actual time=4.284..4.614 rows=10000 loops=1)
         Sort Key: s_3.a, s_3.b, s_3.c, s_3.d
         Sort Method: quicksort  Memory: 1166kB
         ->  Seq Scan on s_3  (cost=0.00..164.00 rows=10000 width=20) (actual time=0.007..0.581 rows=10000 loops=1)
 Planning time: 0.260 ms
 Execution time: 4.889 ms
(7 rows)

===== 40 [Wed Mar  7 01:58:47 CET 2018] scale:10000 groups:10 work_mem:64MB incremental:off max_workers:0 =====
SELECT * FROM s_4 ORDER BY a, b, c, d, e
                                                     QUERY PLAN                                                     
--------------------------------------------------------------------------------------------------------------------
 Limit  (cost=953.39..953.39 rows=1 width=20) (actual time=4.803..4.803 rows=0 loops=1)
   ->  Sort  (cost=828.39..853.39 rows=10000 width=20) (actual time=4.265..4.586 rows=10000 loops=1)
         Sort Key: s_4.a, s_4.b, s_4.c, s_4.d, s_4.e
         Sort Method: quicksort  Memory: 1166kB
         ->  Seq Scan on s_4  (cost=0.00..164.00 rows=10000 width=20) (actual time=0.004..0.581 rows=10000 loops=1)
 Planning time: 0.255 ms
 Execution time: 4.860 ms
(7 rows)

===== 41 [Wed Mar  7 01:58:47 CET 2018] scale:10000 groups:10 work_mem:128MB incremental:on max_workers:0 =====
SELECT * FROM s_1 ORDER BY a, b
                                                     QUERY PLAN                                                     
--------------------------------------------------------------------------------------------------------------------
 Limit  (cost=953.39..953.39 rows=1 width=20) (actual time=3.113..3.113 rows=0 loops=1)
   ->  Sort  (cost=828.39..853.39 rows=10000 width=20) (actual time=2.555..2.891 rows=10000 loops=1)
         Sort Key: s_1.a, s_1.b
         Sort Method: quicksort  Memory: 1166kB
         ->  Seq Scan on s_1  (cost=0.00..164.00 rows=10000 width=20) (actual time=0.004..0.591 rows=10000 loops=1)
 Planning time: 0.251 ms
 Execution time: 3.170 ms
(7 rows)

===== 42 [Wed Mar  7 01:58:47 CET 2018] scale:10000 groups:10 work_mem:128MB incremental:on max_workers:0 =====
SELECT * FROM s_2 ORDER BY a, b, c
                                                     QUERY PLAN                                                     
--------------------------------------------------------------------------------------------------------------------
 Limit  (cost=953.39..953.39 rows=1 width=20) (actual time=3.998..3.998 rows=0 loops=1)
   ->  Sort  (cost=828.39..853.39 rows=10000 width=20) (actual time=3.445..3.782 rows=10000 loops=1)
         Sort Key: s_2.a, s_2.b, s_2.c
         Sort Method: quicksort  Memory: 1166kB
         ->  Seq Scan on s_2  (cost=0.00..164.00 rows=10000 width=20) (actual time=0.007..0.583 rows=10000 loops=1)
 Planning time: 0.263 ms
 Execution time: 4.055 ms
(7 rows)

===== 43 [Wed Mar  7 01:58:47 CET 2018] scale:10000 groups:10 work_mem:128MB incremental:on max_workers:0 =====
SELECT * FROM s_3 ORDER BY a, b, c, d
                                                                QUERY PLAN                                                                
------------------------------------------------------------------------------------------------------------------------------------------
 Limit  (cost=925.07..925.07 rows=1 width=20) (actual time=4.056..4.056 rows=0 loops=1)
   ->  Incremental Sort  (cost=0.91..825.07 rows=10000 width=20) (actual time=0.061..3.839 rows=10000 loops=1)
         Sort Key: s_3.a, s_3.b, s_3.c, s_3.d
         Presorted Key: s_3.a, s_3.b, s_3.c
         Sort Method: quicksort  Memory: 28kB
         Sort Groups: 276
         ->  Index Scan using s_3_a_b_c_idx on s_3  (cost=0.29..463.97 rows=10000 width=20) (actual time=0.009..1.205 rows=10000 loops=1)
 Planning time: 0.274 ms
 Execution time: 4.077 ms
(9 rows)

===== 44 [Wed Mar  7 01:58:47 CET 2018] scale:10000 groups:10 work_mem:128MB incremental:on max_workers:0 =====
SELECT * FROM s_4 ORDER BY a, b, c, d, e
                                                                 QUERY PLAN                                                                 
--------------------------------------------------------------------------------------------------------------------------------------------
 Limit  (cost=925.07..925.07 rows=1 width=20) (actual time=3.962..3.962 rows=0 loops=1)
   ->  Incremental Sort  (cost=0.91..825.07 rows=10000 width=20) (actual time=0.062..3.742 rows=10000 loops=1)
         Sort Key: s_4.a, s_4.b, s_4.c, s_4.d, s_4.e
         Presorted Key: s_4.a, s_4.b, s_4.c, s_4.d
         Sort Method: quicksort  Memory: 27kB
         Sort Groups: 309
         ->  Index Scan using s_4_a_b_c_d_idx on s_4  (cost=0.29..463.97 rows=10000 width=20) (actual time=0.009..1.219 rows=10000 loops=1)
 Planning time: 0.263 ms
 Execution time: 3.981 ms
(9 rows)

===== 45 [Wed Mar  7 01:58:48 CET 2018] scale:10000 groups:10 work_mem:128MB incremental:off max_workers:0 =====
SELECT * FROM s_1 ORDER BY a, b
                                                     QUERY PLAN                                                     
--------------------------------------------------------------------------------------------------------------------
 Limit  (cost=953.39..953.39 rows=1 width=20) (actual time=3.111..3.111 rows=0 loops=1)
   ->  Sort  (cost=828.39..853.39 rows=10000 width=20) (actual time=2.551..2.888 rows=10000 loops=1)
         Sort Key: s_1.a, s_1.b
         Sort Method: quicksort  Memory: 1166kB
         ->  Seq Scan on s_1  (cost=0.00..164.00 rows=10000 width=20) (actual time=0.004..0.579 rows=10000 loops=1)
 Planning time: 0.244 ms
 Execution time: 3.167 ms
(7 rows)

===== 46 [Wed Mar  7 01:58:48 CET 2018] scale:10000 groups:10 work_mem:128MB incremental:off max_workers:0 =====
SELECT * FROM s_2 ORDER BY a, b, c
                                                     QUERY PLAN                                                     
--------------------------------------------------------------------------------------------------------------------
 Limit  (cost=953.39..953.39 rows=1 width=20) (actual time=4.009..4.009 rows=0 loops=1)
   ->  Sort  (cost=828.39..853.39 rows=10000 width=20) (actual time=3.454..3.792 rows=10000 loops=1)
         Sort Key: s_2.a, s_2.b, s_2.c
         Sort Method: quicksort  Memory: 1166kB
         ->  Seq Scan on s_2  (cost=0.00..164.00 rows=10000 width=20) (actual time=0.007..0.579 rows=10000 loops=1)
 Planning time: 0.256 ms
 Execution time: 4.066 ms
(7 rows)

===== 47 [Wed Mar  7 01:58:48 CET 2018] scale:10000 groups:10 work_mem:128MB incremental:off max_workers:0 =====
SELECT * FROM s_3 ORDER BY a, b, c, d
                                                     QUERY PLAN                                                     
--------------------------------------------------------------------------------------------------------------------
 Limit  (cost=953.39..953.39 rows=1 width=20) (actual time=4.838..4.838 rows=0 loops=1)
   ->  Sort  (cost=828.39..853.39 rows=10000 width=20) (actual time=4.294..4.621 rows=10000 loops=1)
         Sort Key: s_3.a, s_3.b, s_3.c, s_3.d
         Sort Method: quicksort  Memory: 1166kB
         ->  Seq Scan on s_3  (cost=0.00..164.00 rows=10000 width=20) (actual time=0.007..0.581 rows=10000 loops=1)
 Planning time: 0.265 ms
 Execution time: 4.894 ms
(7 rows)

===== 48 [Wed Mar  7 01:58:48 CET 2018] scale:10000 groups:10 work_mem:128MB incremental:off max_workers:0 =====
SELECT * FROM s_4 ORDER BY a, b, c, d, e
                                                     QUERY PLAN                                                     
--------------------------------------------------------------------------------------------------------------------
 Limit  (cost=953.39..953.39 rows=1 width=20) (actual time=4.791..4.791 rows=0 loops=1)
   ->  Sort  (cost=828.39..853.39 rows=10000 width=20) (actual time=4.252..4.575 rows=10000 loops=1)
         Sort Key: s_4.a, s_4.b, s_4.c, s_4.d, s_4.e
         Sort Method: quicksort  Memory: 1166kB
         ->  Seq Scan on s_4  (cost=0.00..164.00 rows=10000 width=20) (actual time=0.004..0.586 rows=10000 loops=1)
 Planning time: 0.252 ms
 Execution time: 4.848 ms
(7 rows)

===== 49 [Wed Mar  7 01:58:48 CET 2018] scale:10000 groups:10 work_mem:256MB incremental:on max_workers:0 =====
SELECT * FROM s_1 ORDER BY a, b
                                                     QUERY PLAN                                                     
--------------------------------------------------------------------------------------------------------------------
 Limit  (cost=953.39..953.39 rows=1 width=20) (actual time=3.110..3.110 rows=0 loops=1)
   ->  Sort  (cost=828.39..853.39 rows=10000 width=20) (actual time=2.557..2.890 rows=10000 loops=1)
         Sort Key: s_1.a, s_1.b
         Sort Method: quicksort  Memory: 1166kB
         ->  Seq Scan on s_1  (cost=0.00..164.00 rows=10000 width=20) (actual time=0.004..0.582 rows=10000 loops=1)
 Planning time: 0.264 ms
 Execution time: 3.168 ms
(7 rows)

===== 50 [Wed Mar  7 01:58:48 CET 2018] scale:10000 groups:10 work_mem:256MB incremental:on max_workers:0 =====
SELECT * FROM s_2 ORDER BY a, b, c
                                                     QUERY PLAN                                                     
--------------------------------------------------------------------------------------------------------------------
 Limit  (cost=953.39..953.39 rows=1 width=20) (actual time=4.005..4.005 rows=0 loops=1)
   ->  Sort  (cost=828.39..853.39 rows=10000 width=20) (actual time=3.450..3.789 rows=10000 loops=1)
         Sort Key: s_2.a, s_2.b, s_2.c
         Sort Method: quicksort  Memory: 1166kB
         ->  Seq Scan on s_2  (cost=0.00..164.00 rows=10000 width=20) (actual time=0.007..0.582 rows=10000 loops=1)
 Planning time: 0.272 ms
 Execution time: 4.062 ms
(7 rows)

===== 51 [Wed Mar  7 01:58:48 CET 2018] scale:10000 groups:10 work_mem:256MB incremental:on max_workers:0 =====
SELECT * FROM s_3 ORDER BY a, b, c, d
                                                                QUERY PLAN                                                                
------------------------------------------------------------------------------------------------------------------------------------------
 Limit  (cost=925.07..925.07 rows=1 width=20) (actual time=4.065..4.065 rows=0 loops=1)
   ->  Incremental Sort  (cost=0.91..825.07 rows=10000 width=20) (actual time=0.062..3.848 rows=10000 loops=1)
         Sort Key: s_3.a, s_3.b, s_3.c, s_3.d
         Presorted Key: s_3.a, s_3.b, s_3.c
         Sort Method: quicksort  Memory: 28kB
         Sort Groups: 276
         ->  Index Scan using s_3_a_b_c_idx on s_3  (cost=0.29..463.97 rows=10000 width=20) (actual time=0.009..1.221 rows=10000 loops=1)
 Planning time: 0.273 ms
 Execution time: 4.085 ms
(9 rows)

===== 52 [Wed Mar  7 01:58:48 CET 2018] scale:10000 groups:10 work_mem:256MB incremental:on max_workers:0 =====
SELECT * FROM s_4 ORDER BY a, b, c, d, e
                                                                 QUERY PLAN                                                                 
--------------------------------------------------------------------------------------------------------------------------------------------
 Limit  (cost=925.07..925.07 rows=1 width=20) (actual time=3.956..3.956 rows=0 loops=1)
   ->  Incremental Sort  (cost=0.91..825.07 rows=10000 width=20) (actual time=0.061..3.737 rows=10000 loops=1)
         Sort Key: s_4.a, s_4.b, s_4.c, s_4.d, s_4.e
         Presorted Key: s_4.a, s_4.b, s_4.c, s_4.d
         Sort Method: quicksort  Memory: 27kB
         Sort Groups: 309
         ->  Index Scan using s_4_a_b_c_d_idx on s_4  (cost=0.29..463.97 rows=10000 width=20) (actual time=0.008..1.210 rows=10000 loops=1)
 Planning time: 0.262 ms
 Execution time: 3.976 ms
(9 rows)

===== 53 [Wed Mar  7 01:58:48 CET 2018] scale:10000 groups:10 work_mem:256MB incremental:off max_workers:0 =====
SELECT * FROM s_1 ORDER BY a, b
                                                     QUERY PLAN                                                     
--------------------------------------------------------------------------------------------------------------------
 Limit  (cost=953.39..953.39 rows=1 width=20) (actual time=3.101..3.101 rows=0 loops=1)
   ->  Sort  (cost=828.39..853.39 rows=10000 width=20) (actual time=2.545..2.880 rows=10000 loops=1)
         Sort Key: s_1.a, s_1.b
         Sort Method: quicksort  Memory: 1166kB
         ->  Seq Scan on s_1  (cost=0.00..164.00 rows=10000 width=20) (actual time=0.004..0.580 rows=10000 loops=1)
 Planning time: 0.251 ms
 Execution time: 3.158 ms
(7 rows)

===== 54 [Wed Mar  7 01:58:48 CET 2018] scale:10000 groups:10 work_mem:256MB incremental:off max_workers:0 =====
SELECT * FROM s_2 ORDER BY a, b, c
                                                     QUERY PLAN                                                     
--------------------------------------------------------------------------------------------------------------------
 Limit  (cost=953.39..953.39 rows=1 width=20) (actual time=3.996..3.996 rows=0 loops=1)
   ->  Sort  (cost=828.39..853.39 rows=10000 width=20) (actual time=3.447..3.779 rows=10000 loops=1)
         Sort Key: s_2.a, s_2.b, s_2.c
         Sort Method: quicksort  Memory: 1166kB
         ->  Seq Scan on s_2  (cost=0.00..164.00 rows=10000 width=20) (actual time=0.008..0.580 rows=10000 loops=1)
 Planning time: 0.264 ms
 Execution time: 4.052 ms
(7 rows)

===== 55 [Wed Mar  7 01:58:48 CET 2018] scale:10000 groups:10 work_mem:256MB incremental:off max_workers:0 =====
SELECT * FROM s_3 ORDER BY a, b, c, d
                                                     QUERY PLAN                                                     
--------------------------------------------------------------------------------------------------------------------
 Limit  (cost=953.39..953.39 rows=1 width=20) (actual time=4.835..4.835 rows=0 loops=1)
   ->  Sort  (cost=828.39..853.39 rows=10000 width=20) (actual time=4.282..4.613 rows=10000 loops=1)
         Sort Key: s_3.a, s_3.b, s_3.c, s_3.d
         Sort Method: quicksort  Memory: 1166kB
         ->  Seq Scan on s_3  (cost=0.00..164.00 rows=10000 width=20) (actual time=0.007..0.575 rows=10000 loops=1)
 Planning time: 0.260 ms
 Execution time: 4.890 ms
(7 rows)

===== 56 [Wed Mar  7 01:58:48 CET 2018] scale:10000 groups:10 work_mem:256MB incremental:off max_workers:0 =====
SELECT * FROM s_4 ORDER BY a, b, c, d, e
                                                     QUERY PLAN                                                     
--------------------------------------------------------------------------------------------------------------------
 Limit  (cost=953.39..953.39 rows=1 width=20) (actual time=4.792..4.792 rows=0 loops=1)
   ->  Sort  (cost=828.39..853.39 rows=10000 width=20) (actual time=4.253..4.575 rows=10000 loops=1)
         Sort Key: s_4.a, s_4.b, s_4.c, s_4.d, s_4.e
         Sort Method: quicksort  Memory: 1166kB
         ->  Seq Scan on s_4  (cost=0.00..164.00 rows=10000 width=20) (actual time=0.004..0.582 rows=10000 loops=1)
 Planning time: 0.248 ms
 Execution time: 4.848 ms
(7 rows)

===== 57 [Wed Mar  7 01:58:49 CET 2018] scale:10000 groups:10 work_mem:4MB incremental:on max_workers:2 =====
SELECT * FROM s_1 ORDER BY a, b
                                                     QUERY PLAN                                                     
--------------------------------------------------------------------------------------------------------------------
 Limit  (cost=953.39..953.39 rows=1 width=20) (actual time=3.115..3.115 rows=0 loops=1)
   ->  Sort  (cost=828.39..853.39 rows=10000 width=20) (actual time=2.556..2.895 rows=10000 loops=1)
         Sort Key: s_1.a, s_1.b
         Sort Method: quicksort  Memory: 1166kB
         ->  Seq Scan on s_1  (cost=0.00..164.00 rows=10000 width=20) (actual time=0.004..0.589 rows=10000 loops=1)
 Planning time: 0.254 ms
 Execution time: 3.174 ms
(7 rows)

===== 58 [Wed Mar  7 01:58:49 CET 2018] scale:10000 groups:10 work_mem:4MB incremental:on max_workers:2 =====
SELECT * FROM s_2 ORDER BY a, b, c
                                                     QUERY PLAN                                                     
--------------------------------------------------------------------------------------------------------------------
 Limit  (cost=953.39..953.39 rows=1 width=20) (actual time=4.011..4.011 rows=0 loops=1)
   ->  Sort  (cost=828.39..853.39 rows=10000 width=20) (actual time=3.465..3.795 rows=10000 loops=1)
         Sort Key: s_2.a, s_2.b, s_2.c
         Sort Method: quicksort  Memory: 1166kB
         ->  Seq Scan on s_2  (cost=0.00..164.00 rows=10000 width=20) (actual time=0.007..0.584 rows=10000 loops=1)
 Planning time: 0.267 ms
 Execution time: 4.067 ms
(7 rows)

===== 59 [Wed Mar  7 01:58:49 CET 2018] scale:10000 groups:10 work_mem:4MB incremental:on max_workers:2 =====
SELECT * FROM s_3 ORDER BY a, b, c, d
                                                                QUERY PLAN                                                                
------------------------------------------------------------------------------------------------------------------------------------------
 Limit  (cost=925.07..925.07 rows=1 width=20) (actual time=4.062..4.062 rows=0 loops=1)
   ->  Incremental Sort  (cost=0.91..825.07 rows=10000 width=20) (actual time=0.060..3.845 rows=10000 loops=1)
         Sort Key: s_3.a, s_3.b, s_3.c, s_3.d
         Presorted Key: s_3.a, s_3.b, s_3.c
         Sort Method: quicksort  Memory: 28kB
         Sort Groups: 276
         ->  Index Scan using s_3_a_b_c_idx on s_3  (cost=0.29..463.97 rows=10000 width=20) (actual time=0.009..1.210 rows=10000 loops=1)
 Planning time: 0.284 ms
 Execution time: 4.082 ms
(9 rows)

===== 60 [Wed Mar  7 01:58:49 CET 2018] scale:10000 groups:10 work_mem:4MB incremental:on max_workers:2 =====
SELECT * FROM s_4 ORDER BY a, b, c, d, e
                                                                 QUERY PLAN                                                                 
--------------------------------------------------------------------------------------------------------------------------------------------
 Limit  (cost=925.07..925.07 rows=1 width=20) (actual time=3.952..3.952 rows=0 loops=1)
   ->  Incremental Sort  (cost=0.91..825.07 rows=10000 width=20) (actual time=0.060..3.732 rows=10000 loops=1)
         Sort Key: s_4.a, s_4.b, s_4.c, s_4.d, s_4.e
         Presorted Key: s_4.a, s_4.b, s_4.c, s_4.d
         Sort Method: quicksort  Memory: 27kB
         Sort Groups: 309
         ->  Index Scan using s_4_a_b_c_d_idx on s_4  (cost=0.29..463.97 rows=10000 width=20) (actual time=0.008..1.212 rows=10000 loops=1)
 Planning time: 0.272 ms
 Execution time: 3.971 ms
(9 rows)

===== 61 [Wed Mar  7 01:58:49 CET 2018] scale:10000 groups:10 work_mem:4MB incremental:off max_workers:2 =====
SELECT * FROM s_1 ORDER BY a, b
                                                     QUERY PLAN                                                     
--------------------------------------------------------------------------------------------------------------------
 Limit  (cost=953.39..953.39 rows=1 width=20) (actual time=3.099..3.099 rows=0 loops=1)
   ->  Sort  (cost=828.39..853.39 rows=10000 width=20) (actual time=2.546..2.881 rows=10000 loops=1)
         Sort Key: s_1.a, s_1.b
         Sort Method: quicksort  Memory: 1166kB
         ->  Seq Scan on s_1  (cost=0.00..164.00 rows=10000 width=20) (actual time=0.004..0.590 rows=10000 loops=1)
 Planning time: 0.245 ms
 Execution time: 3.154 ms
(7 rows)

===== 62 [Wed Mar  7 01:58:49 CET 2018] scale:10000 groups:10 work_mem:4MB incremental:off max_workers:2 =====
SELECT * FROM s_2 ORDER BY a, b, c
                                                     QUERY PLAN                                                     
--------------------------------------------------------------------------------------------------------------------
 Limit  (cost=953.39..953.39 rows=1 width=20) (actual time=4.012..4.012 rows=0 loops=1)
   ->  Sort  (cost=828.39..853.39 rows=10000 width=20) (actual time=3.458..3.795 rows=10000 loops=1)
         Sort Key: s_2.a, s_2.b, s_2.c
         Sort Method: quicksort  Memory: 1166kB
         ->  Seq Scan on s_2  (cost=0.00..164.00 rows=10000 width=20) (actual time=0.007..0.580 rows=10000 loops=1)
 Planning time: 0.252 ms
 Execution time: 4.068 ms
(7 rows)

===== 63 [Wed Mar  7 01:58:49 CET 2018] scale:10000 groups:10 work_mem:4MB incremental:off max_workers:2 =====
SELECT * FROM s_3 ORDER BY a, b, c, d
                                                     QUERY PLAN                                                     
--------------------------------------------------------------------------------------------------------------------
 Limit  (cost=953.39..953.39 rows=1 width=20) (actual time=4.831..4.831 rows=0 loops=1)
   ->  Sort  (cost=828.39..853.39 rows=10000 width=20) (actual time=4.287..4.615 rows=10000 loops=1)
         Sort Key: s_3.a, s_3.b, s_3.c, s_3.d
         Sort Method: quicksort  Memory: 1166kB
         ->  Seq Scan on s_3  (cost=0.00..164.00 rows=10000 width=20) (actual time=0.007..0.582 rows=10000 loops=1)
 Planning time: 0.264 ms
 Execution time: 4.888 ms
(7 rows)

===== 64 [Wed Mar  7 01:58:49 CET 2018] scale:10000 groups:10 work_mem:4MB incremental:off max_workers:2 =====
SELECT * FROM s_4 ORDER BY a, b, c, d, e
                                                     QUERY PLAN                                                     
--------------------------------------------------------------------------------------------------------------------
 Limit  (cost=953.39..953.39 rows=1 width=20) (actual time=4.789..4.789 rows=0 loops=1)
   ->  Sort  (cost=828.39..853.39 rows=10000 width=20) (actual time=4.256..4.572 rows=10000 loops=1)
         Sort Key: s_4.a, s_4.b, s_4.c, s_4.d, s_4.e
         Sort Method: quicksort  Memory: 1166kB
         ->  Seq Scan on s_4  (cost=0.00..164.00 rows=10000 width=20) (actual time=0.004..0.581 rows=10000 loops=1)
 Planning time: 0.260 ms
 Execution time: 4.846 ms
(7 rows)

===== 65 [Wed Mar  7 01:58:49 CET 2018] scale:10000 groups:10 work_mem:8MB incremental:on max_workers:2 =====
SELECT * FROM s_1 ORDER BY a, b
                                                     QUERY PLAN                                                     
--------------------------------------------------------------------------------------------------------------------
 Limit  (cost=953.39..953.39 rows=1 width=20) (actual time=3.108..3.108 rows=0 loops=1)
   ->  Sort  (cost=828.39..853.39 rows=10000 width=20) (actual time=2.551..2.891 rows=10000 loops=1)
         Sort Key: s_1.a, s_1.b
         Sort Method: quicksort  Memory: 1166kB
         ->  Seq Scan on s_1  (cost=0.00..164.00 rows=10000 width=20) (actual time=0.004..0.577 rows=10000 loops=1)
 Planning time: 0.252 ms
 Execution time: 3.168 ms
(7 rows)

===== 66 [Wed Mar  7 01:58:49 CET 2018] scale:10000 groups:10 work_mem:8MB incremental:on max_workers:2 =====
SELECT * FROM s_2 ORDER BY a, b, c
                                                     QUERY PLAN                                                     
--------------------------------------------------------------------------------------------------------------------
 Limit  (cost=953.39..953.39 rows=1 width=20) (actual time=4.008..4.008 rows=0 loops=1)
   ->  Sort  (cost=828.39..853.39 rows=10000 width=20) (actual time=3.460..3.792 rows=10000 loops=1)
         Sort Key: s_2.a, s_2.b, s_2.c
         Sort Method: quicksort  Memory: 1166kB
         ->  Seq Scan on s_2  (cost=0.00..164.00 rows=10000 width=20) (actual time=0.007..0.591 rows=10000 loops=1)
 Planning time: 0.270 ms
 Execution time: 4.067 ms
(7 rows)

===== 67 [Wed Mar  7 01:58:49 CET 2018] scale:10000 groups:10 work_mem:8MB incremental:on max_workers:2 =====
SELECT * FROM s_3 ORDER BY a, b, c, d
                                                                QUERY PLAN                                                                
------------------------------------------------------------------------------------------------------------------------------------------
 Limit  (cost=925.07..925.07 rows=1 width=20) (actual time=4.061..4.061 rows=0 loops=1)
   ->  Incremental Sort  (cost=0.91..825.07 rows=10000 width=20) (actual time=0.061..3.843 rows=10000 loops=1)
         Sort Key: s_3.a, s_3.b, s_3.c, s_3.d
         Presorted Key: s_3.a, s_3.b, s_3.c
         Sort Method: quicksort  Memory: 28kB
         Sort Groups: 276
         ->  Index Scan using s_3_a_b_c_idx on s_3  (cost=0.29..463.97 rows=10000 width=20) (actual time=0.008..1.206 rows=10000 loops=1)
 Planning time: 0.270 ms
 Execution time: 4.080 ms
(9 rows)

===== 68 [Wed Mar  7 01:58:50 CET 2018] scale:10000 groups:10 work_mem:8MB incremental:on max_workers:2 =====
SELECT * FROM s_4 ORDER BY a, b, c, d, e
                                                                 QUERY PLAN                                                                 
--------------------------------------------------------------------------------------------------------------------------------------------
 Limit  (cost=925.07..925.07 rows=1 width=20) (actual time=3.955..3.955 rows=0 loops=1)
   ->  Incremental Sort  (cost=0.91..825.07 rows=10000 width=20) (actual time=0.060..3.733 rows=10000 loops=1)
         Sort Key: s_4.a, s_4.b, s_4.c, s_4.d, s_4.e
         Presorted Key: s_4.a, s_4.b, s_4.c, s_4.d
         Sort Method: quicksort  Memory: 27kB
         Sort Groups: 309
         ->  Index Scan using s_4_a_b_c_d_idx on s_4  (cost=0.29..463.97 rows=10000 width=20) (actual time=0.008..1.215 rows=10000 loops=1)
 Planning time: 0.261 ms
 Execution time: 3.975 ms
(9 rows)

===== 69 [Wed Mar  7 01:58:50 CET 2018] scale:10000 groups:10 work_mem:8MB incremental:off max_workers:2 =====
SELECT * FROM s_1 ORDER BY a, b
                                                     QUERY PLAN                                                     
--------------------------------------------------------------------------------------------------------------------
 Limit  (cost=953.39..953.39 rows=1 width=20) (actual time=3.095..3.095 rows=0 loops=1)
   ->  Sort  (cost=828.39..853.39 rows=10000 width=20) (actual time=2.549..2.877 rows=10000 loops=1)
         Sort Key: s_1.a, s_1.b
         Sort Method: quicksort  Memory: 1166kB
         ->  Seq Scan on s_1  (cost=0.00..164.00 rows=10000 width=20) (actual time=0.004..0.581 rows=10000 loops=1)
 Planning time: 0.247 ms
 Execution time: 3.151 ms
(7 rows)

===== 70 [Wed Mar  7 01:58:50 CET 2018] scale:10000 groups:10 work_mem:8MB incremental:off max_workers:2 =====
SELECT * FROM s_2 ORDER BY a, b, c
                                                     QUERY PLAN                                                     
--------------------------------------------------------------------------------------------------------------------
 Limit  (cost=953.39..953.39 rows=1 width=20) (actual time=4.010..4.010 rows=0 loops=1)
   ->  Sort  (cost=828.39..853.39 rows=10000 width=20) (actual time=3.447..3.784 rows=10000 loops=1)
         Sort Key: s_2.a, s_2.b, s_2.c
         Sort Method: quicksort  Memory: 1166kB
         ->  Seq Scan on s_2  (cost=0.00..164.00 rows=10000 width=20) (actual time=0.007..0.584 rows=10000 loops=1)
 Planning time: 0.265 ms
 Execution time: 4.069 ms
(7 rows)

===== 71 [Wed Mar  7 01:58:50 CET 2018] scale:10000 groups:10 work_mem:8MB incremental:off max_workers:2 =====
SELECT * FROM s_3 ORDER BY a, b, c, d
                                                     QUERY PLAN                                                     
--------------------------------------------------------------------------------------------------------------------
 Limit  (cost=953.39..953.39 rows=1 width=20) (actual time=4.829..4.829 rows=0 loops=1)
   ->  Sort  (cost=828.39..853.39 rows=10000 width=20) (actual time=4.282..4.611 rows=10000 loops=1)
         Sort Key: s_3.a, s_3.b, s_3.c, s_3.d
         Sort Method: quicksort  Memory: 1166kB
         ->  Seq Scan on s_3  (cost=0.00..164.00 rows=10000 width=20) (actual time=0.007..0.584 rows=10000 loops=1)
 Planning time: 0.257 ms
 Execution time: 4.885 ms
(7 rows)

===== 72 [Wed Mar  7 01:58:50 CET 2018] scale:10000 groups:10 work_mem:8MB incremental:off max_workers:2 =====
SELECT * FROM s_4 ORDER BY a, b, c, d, e
                                                     QUERY PLAN                                                     
--------------------------------------------------------------------------------------------------------------------
 Limit  (cost=953.39..953.39 rows=1 width=20) (actual time=4.793..4.793 rows=0 loops=1)
   ->  Sort  (cost=828.39..853.39 rows=10000 width=20) (actual time=4.260..4.577 rows=10000 loops=1)
         Sort Key: s_4.a, s_4.b, s_4.c, s_4.d, s_4.e
         Sort Method: quicksort  Memory: 1166kB
         ->  Seq Scan on s_4  (cost=0.00..164.00 rows=10000 width=20) (actual time=0.010..0.586 rows=10000 loops=1)
 Planning time: 0.253 ms
 Execution time: 4.849 ms
(7 rows)

===== 73 [Wed Mar  7 01:58:50 CET 2018] scale:10000 groups:10 work_mem:16MB incremental:on max_workers:2 =====
SELECT * FROM s_1 ORDER BY a, b
                                                     QUERY PLAN                                                     
--------------------------------------------------------------------------------------------------------------------
 Limit  (cost=953.39..953.39 rows=1 width=20) (actual time=3.106..3.106 rows=0 loops=1)
   ->  Sort  (cost=828.39..853.39 rows=10000 width=20) (actual time=2.551..2.889 rows=10000 loops=1)
         Sort Key: s_1.a, s_1.b
         Sort Method: quicksort  Memory: 1166kB
         ->  Seq Scan on s_1  (cost=0.00..164.00 rows=10000 width=20) (actual time=0.004..0.580 rows=10000 loops=1)
 Planning time: 0.257 ms
 Execution time: 3.167 ms
(7 rows)

===== 74 [Wed Mar  7 01:58:50 CET 2018] scale:10000 groups:10 work_mem:16MB incremental:on max_workers:2 =====
SELECT * FROM s_2 ORDER BY a, b, c
                                                     QUERY PLAN                                                     
--------------------------------------------------------------------------------------------------------------------
 Limit  (cost=953.39..953.39 rows=1 width=20) (actual time=4.002..4.002 rows=0 loops=1)
   ->  Sort  (cost=828.39..853.39 rows=10000 width=20) (actual time=3.451..3.785 rows=10000 loops=1)
         Sort Key: s_2.a, s_2.b, s_2.c
         Sort Method: quicksort  Memory: 1166kB
         ->  Seq Scan on s_2  (cost=0.00..164.00 rows=10000 width=20) (actual time=0.007..0.582 rows=10000 loops=1)
 Planning time: 0.268 ms
 Execution time: 4.060 ms
(7 rows)

===== 75 [Wed Mar  7 01:58:50 CET 2018] scale:10000 groups:10 work_mem:16MB incremental:on max_workers:2 =====
SELECT * FROM s_3 ORDER BY a, b, c, d
                                                                QUERY PLAN                                                                
------------------------------------------------------------------------------------------------------------------------------------------
 Limit  (cost=925.07..925.07 rows=1 width=20) (actual time=4.059..4.059 rows=0 loops=1)
   ->  Incremental Sort  (cost=0.91..825.07 rows=10000 width=20) (actual time=0.061..3.841 rows=10000 loops=1)
         Sort Key: s_3.a, s_3.b, s_3.c, s_3.d
         Presorted Key: s_3.a, s_3.b, s_3.c
         Sort Method: quicksort  Memory: 28kB
         Sort Groups: 276
         ->  Index Scan using s_3_a_b_c_idx on s_3  (cost=0.29..463.97 rows=10000 width=20) (actual time=0.009..1.209 rows=10000 loops=1)
 Planning time: 0.277 ms
 Execution time: 4.078 ms
(9 rows)

===== 76 [Wed Mar  7 01:58:50 CET 2018] scale:10000 groups:10 work_mem:16MB incremental:on max_workers:2 =====
SELECT * FROM s_4 ORDER BY a, b, c, d, e
                                                                 QUERY PLAN                                                                 
--------------------------------------------------------------------------------------------------------------------------------------------
 Limit  (cost=925.07..925.07 rows=1 width=20) (actual time=3.959..3.959 rows=0 loops=1)
   ->  Incremental Sort  (cost=0.91..825.07 rows=10000 width=20) (actual time=0.061..3.740 rows=10000 loops=1)
         Sort Key: s_4.a, s_4.b, s_4.c, s_4.d, s_4.e
         Presorted Key: s_4.a, s_4.b, s_4.c, s_4.d
         Sort Method: quicksort  Memory: 27kB
         Sort Groups: 309
         ->  Index Scan using s_4_a_b_c_d_idx on s_4  (cost=0.29..463.97 rows=10000 width=20) (actual time=0.008..1.213 rows=10000 loops=1)
 Planning time: 0.269 ms
 Execution time: 3.978 ms
(9 rows)

===== 77 [Wed Mar  7 01:58:50 CET 2018] scale:10000 groups:10 work_mem:16MB incremental:off max_workers:2 =====
SELECT * FROM s_1 ORDER BY a, b
                                                     QUERY PLAN                                                     
--------------------------------------------------------------------------------------------------------------------
 Limit  (cost=953.39..953.39 rows=1 width=20) (actual time=3.102..3.102 rows=0 loops=1)
   ->  Sort  (cost=828.39..853.39 rows=10000 width=20) (actual time=2.545..2.884 rows=10000 loops=1)
         Sort Key: s_1.a, s_1.b
         Sort Method: quicksort  Memory: 1166kB
         ->  Seq Scan on s_1  (cost=0.00..164.00 rows=10000 width=20) (actual time=0.004..0.580 rows=10000 loops=1)
 Planning time: 0.243 ms
 Execution time: 3.158 ms
(7 rows)

===== 78 [Wed Mar  7 01:58:50 CET 2018] scale:10000 groups:10 work_mem:16MB incremental:off max_workers:2 =====
SELECT * FROM s_2 ORDER BY a, b, c
                                                     QUERY PLAN                                                     
--------------------------------------------------------------------------------------------------------------------
 Limit  (cost=953.39..953.39 rows=1 width=20) (actual time=4.007..4.007 rows=0 loops=1)
   ->  Sort  (cost=828.39..853.39 rows=10000 width=20) (actual time=3.457..3.789 rows=10000 loops=1)
         Sort Key: s_2.a, s_2.b, s_2.c
         Sort Method: quicksort  Memory: 1166kB
         ->  Seq Scan on s_2  (cost=0.00..164.00 rows=10000 width=20) (actual time=0.007..0.587 rows=10000 loops=1)
 Planning time: 0.256 ms
 Execution time: 4.064 ms
(7 rows)

===== 79 [Wed Mar  7 01:58:51 CET 2018] scale:10000 groups:10 work_mem:16MB incremental:off max_workers:2 =====
SELECT * FROM s_3 ORDER BY a, b, c, d
                                                     QUERY PLAN                                                     
--------------------------------------------------------------------------------------------------------------------
 Limit  (cost=953.39..953.39 rows=1 width=20) (actual time=4.833..4.833 rows=0 loops=1)
   ->  Sort  (cost=828.39..853.39 rows=10000 width=20) (actual time=4.286..4.617 rows=10000 loops=1)
         Sort Key: s_3.a, s_3.b, s_3.c, s_3.d
         Sort Method: quicksort  Memory: 1166kB
         ->  Seq Scan on s_3  (cost=0.00..164.00 rows=10000 width=20) (actual time=0.007..0.581 rows=10000 loops=1)
 Planning time: 0.270 ms
 Execution time: 4.895 ms
(7 rows)

===== 80 [Wed Mar  7 01:58:51 CET 2018] scale:10000 groups:10 work_mem:16MB incremental:off max_workers:2 =====
SELECT * FROM s_4 ORDER BY a, b, c, d, e
                                                     QUERY PLAN                                                     
--------------------------------------------------------------------------------------------------------------------
 Limit  (cost=953.39..953.39 rows=1 width=20) (actual time=4.797..4.797 rows=0 loops=1)
   ->  Sort  (cost=828.39..853.39 rows=10000 width=20) (actual time=4.265..4.580 rows=10000 loops=1)
         Sort Key: s_4.a, s_4.b, s_4.c, s_4.d, s_4.e
         Sort Method: quicksort  Memory: 1166kB
         ->  Seq Scan on s_4  (cost=0.00..164.00 rows=10000 width=20) (actual time=0.004..0.588 rows=10000 loops=1)
 Planning time: 0.253 ms
 Execution time: 4.853 ms
(7 rows)

===== 81 [Wed Mar  7 01:58:51 CET 2018] scale:10000 groups:10 work_mem:32MB incremental:on max_workers:2 =====
SELECT * FROM s_1 ORDER BY a, b
                                                     QUERY PLAN                                                     
--------------------------------------------------------------------------------------------------------------------
 Limit  (cost=953.39..953.39 rows=1 width=20) (actual time=3.108..3.108 rows=0 loops=1)
   ->  Sort  (cost=828.39..853.39 rows=10000 width=20) (actual time=2.557..2.892 rows=10000 loops=1)
         Sort Key: s_1.a, s_1.b
         Sort Method: quicksort  Memory: 1166kB
         ->  Seq Scan on s_1  (cost=0.00..164.00 rows=10000 width=20) (actual time=0.004..0.577 rows=10000 loops=1)
 Planning time: 0.256 ms
 Execution time: 3.167 ms
(7 rows)

===== 82 [Wed Mar  7 01:58:51 CET 2018] scale:10000 groups:10 work_mem:32MB incremental:on max_workers:2 =====
SELECT * FROM s_2 ORDER BY a, b, c
                                                     QUERY PLAN                                                     
--------------------------------------------------------------------------------------------------------------------
 Limit  (cost=953.39..953.39 rows=1 width=20) (actual time=4.007..4.007 rows=0 loops=1)
   ->  Sort  (cost=828.39..853.39 rows=10000 width=20) (actual time=3.452..3.787 rows=10000 loops=1)
         Sort Key: s_2.a, s_2.b, s_2.c
         Sort Method: quicksort  Memory: 1166kB
         ->  Seq Scan on s_2  (cost=0.00..164.00 rows=10000 width=20) (actual time=0.007..0.586 rows=10000 loops=1)
 Planning time: 0.265 ms
 Execution time: 4.062 ms
(7 rows)

===== 83 [Wed Mar  7 01:58:51 CET 2018] scale:10000 groups:10 work_mem:32MB incremental:on max_workers:2 =====
SELECT * FROM s_3 ORDER BY a, b, c, d
                                                                QUERY PLAN                                                                
------------------------------------------------------------------------------------------------------------------------------------------
 Limit  (cost=925.07..925.07 rows=1 width=20) (actual time=4.059..4.059 rows=0 loops=1)
   ->  Incremental Sort  (cost=0.91..825.07 rows=10000 width=20) (actual time=0.061..3.841 rows=10000 loops=1)
         Sort Key: s_3.a, s_3.b, s_3.c, s_3.d
         Presorted Key: s_3.a, s_3.b, s_3.c
         Sort Method: quicksort  Memory: 28kB
         Sort Groups: 276
         ->  Index Scan using s_3_a_b_c_idx on s_3  (cost=0.29..463.97 rows=10000 width=20) (actual time=0.009..1.211 rows=10000 loops=1)
 Planning time: 0.272 ms
 Execution time: 4.078 ms
(9 rows)

===== 84 [Wed Mar  7 01:58:51 CET 2018] scale:10000 groups:10 work_mem:32MB incremental:on max_workers:2 =====
SELECT * FROM s_4 ORDER BY a, b, c, d, e
                                                                 QUERY PLAN                                                                 
--------------------------------------------------------------------------------------------------------------------------------------------
 Limit  (cost=925.07..925.07 rows=1 width=20) (actual time=3.959..3.959 rows=0 loops=1)
   ->  Incremental Sort  (cost=0.91..825.07 rows=10000 width=20) (actual time=0.061..3.739 rows=10000 loops=1)
         Sort Key: s_4.a, s_4.b, s_4.c, s_4.d, s_4.e
         Presorted Key: s_4.a, s_4.b, s_4.c, s_4.d
         Sort Method: quicksort  Memory: 27kB
         Sort Groups: 309
         ->  Index Scan using s_4_a_b_c_d_idx on s_4  (cost=0.29..463.97 rows=10000 width=20) (actual time=0.008..1.217 rows=10000 loops=1)
 Planning time: 0.265 ms
 Execution time: 3.978 ms
(9 rows)

===== 85 [Wed Mar  7 01:58:51 CET 2018] scale:10000 groups:10 work_mem:32MB incremental:off max_workers:2 =====
SELECT * FROM s_1 ORDER BY a, b
                                                     QUERY PLAN                                                     
--------------------------------------------------------------------------------------------------------------------
 Limit  (cost=953.39..953.39 rows=1 width=20) (actual time=3.096..3.096 rows=0 loops=1)
   ->  Sort  (cost=828.39..853.39 rows=10000 width=20) (actual time=2.546..2.878 rows=10000 loops=1)
         Sort Key: s_1.a, s_1.b
         Sort Method: quicksort  Memory: 1166kB
         ->  Seq Scan on s_1  (cost=0.00..164.00 rows=10000 width=20) (actual time=0.004..0.586 rows=10000 loops=1)
 Planning time: 0.246 ms
 Execution time: 3.152 ms
(7 rows)

===== 86 [Wed Mar  7 01:58:51 CET 2018] scale:10000 groups:10 work_mem:32MB incremental:off max_workers:2 =====
SELECT * FROM s_2 ORDER BY a, b, c
                                                     QUERY PLAN                                                     
--------------------------------------------------------------------------------------------------------------------
 Limit  (cost=953.39..953.39 rows=1 width=20) (actual time=4.001..4.001 rows=0 loops=1)
   ->  Sort  (cost=828.39..853.39 rows=10000 width=20) (actual time=3.454..3.784 rows=10000 loops=1)
         Sort Key: s_2.a, s_2.b, s_2.c
         Sort Method: quicksort  Memory: 1166kB
         ->  Seq Scan on s_2  (cost=0.00..164.00 rows=10000 width=20) (actual time=0.007..0.585 rows=10000 loops=1)
 Planning time: 0.255 ms
 Execution time: 4.058 ms
(7 rows)

===== 87 [Wed Mar  7 01:58:51 CET 2018] scale:10000 groups:10 work_mem:32MB incremental:off max_workers:2 =====
SELECT * FROM s_3 ORDER BY a, b, c, d
                                                     QUERY PLAN                                                     
--------------------------------------------------------------------------------------------------------------------
 Limit  (cost=953.39..953.39 rows=1 width=20) (actual time=4.840..4.840 rows=0 loops=1)
   ->  Sort  (cost=828.39..853.39 rows=10000 width=20) (actual time=4.291..4.623 rows=10000 loops=1)
         Sort Key: s_3.a, s_3.b, s_3.c, s_3.d
         Sort Method: quicksort  Memory: 1166kB
         ->  Seq Scan on s_3  (cost=0.00..164.00 rows=10000 width=20) (actual time=0.007..0.578 rows=10000 loops=1)
 Planning time: 0.263 ms
 Execution time: 4.895 ms
(7 rows)

===== 88 [Wed Mar  7 01:58:51 CET 2018] scale:10000 groups:10 work_mem:32MB incremental:off max_workers:2 =====
SELECT * FROM s_4 ORDER BY a, b, c, d, e
                                                     QUERY PLAN                                                     
--------------------------------------------------------------------------------------------------------------------
 Limit  (cost=953.39..953.39 rows=1 width=20) (actual time=4.800..4.800 rows=0 loops=1)
   ->  Sort  (cost=828.39..853.39 rows=10000 width=20) (actual time=4.260..4.581 rows=10000 loops=1)
         Sort Key: s_4.a, s_4.b, s_4.c, s_4.d, s_4.e
         Sort Method: quicksort  Memory: 1166kB
         ->  Seq Scan on s_4  (cost=0.00..164.00 rows=10000 width=20) (actual time=0.004..0.581 rows=10000 loops=1)
 Planning time: 0.252 ms
 Execution time: 4.855 ms
(7 rows)

===== 89 [Wed Mar  7 01:58:51 CET 2018] scale:10000 groups:10 work_mem:64MB incremental:on max_workers:2 =====
SELECT * FROM s_1 ORDER BY a, b
                                                     QUERY PLAN                                                     
--------------------------------------------------------------------------------------------------------------------
 Limit  (cost=953.39..953.39 rows=1 width=20) (actual time=3.109..3.109 rows=0 loops=1)
   ->  Sort  (cost=828.39..853.39 rows=10000 width=20) (actual time=2.554..2.892 rows=10000 loops=1)
         Sort Key: s_1.a, s_1.b
         Sort Method: quicksort  Memory: 1166kB
         ->  Seq Scan on s_1  (cost=0.00..164.00 rows=10000 width=20) (actual time=0.004..0.576 rows=10000 loops=1)
 Planning time: 0.260 ms
 Execution time: 3.172 ms
(7 rows)

===== 90 [Wed Mar  7 01:58:52 CET 2018] scale:10000 groups:10 work_mem:64MB incremental:on max_workers:2 =====
SELECT * FROM s_2 ORDER BY a, b, c
                                                     QUERY PLAN                                                     
--------------------------------------------------------------------------------------------------------------------
 Limit  (cost=953.39..953.39 rows=1 width=20) (actual time=3.993..3.993 rows=0 loops=1)
   ->  Sort  (cost=828.39..853.39 rows=10000 width=20) (actual time=3.446..3.776 rows=10000 loops=1)
         Sort Key: s_2.a, s_2.b, s_2.c
         Sort Method: quicksort  Memory: 1166kB
         ->  Seq Scan on s_2  (cost=0.00..164.00 rows=10000 width=20) (actual time=0.007..0.588 rows=10000 loops=1)
 Planning time: 0.268 ms
 Execution time: 4.050 ms
(7 rows)

===== 91 [Wed Mar  7 01:58:52 CET 2018] scale:10000 groups:10 work_mem:64MB incremental:on max_workers:2 =====
SELECT * FROM s_3 ORDER BY a, b, c, d
                                                                QUERY PLAN                                                                
------------------------------------------------------------------------------------------------------------------------------------------
 Limit  (cost=925.07..925.07 rows=1 width=20) (actual time=4.069..4.069 rows=0 loops=1)
   ->  Incremental Sort  (cost=0.91..825.07 rows=10000 width=20) (actual time=0.069..3.851 rows=10000 loops=1)
         Sort Key: s_3.a, s_3.b, s_3.c, s_3.d
         Presorted Key: s_3.a, s_3.b, s_3.c
         Sort Method: quicksort  Memory: 28kB
         Sort Groups: 276
         ->  Index Scan using s_3_a_b_c_idx on s_3  (cost=0.29..463.97 rows=10000 width=20) (actual time=0.009..1.214 rows=10000 loops=1)
 Planning time: 0.277 ms
 Execution time: 4.089 ms
(9 rows)

===== 92 [Wed Mar  7 01:58:52 CET 2018] scale:10000 groups:10 work_mem:64MB incremental:on max_workers:2 =====
SELECT * FROM s_4 ORDER BY a, b, c, d, e
                                                                 QUERY PLAN                                                                 
--------------------------------------------------------------------------------------------------------------------------------------------
 Limit  (cost=925.07..925.07 rows=1 width=20) (actual time=3.960..3.960 rows=0 loops=1)
   ->  Incremental Sort  (cost=0.91..825.07 rows=10000 width=20) (actual time=0.060..3.741 rows=10000 loops=1)
         Sort Key: s_4.a, s_4.b, s_4.c, s_4.d, s_4.e
         Presorted Key: s_4.a, s_4.b, s_4.c, s_4.d
         Sort Method: quicksort  Memory: 27kB
         Sort Groups: 309
         ->  Index Scan using s_4_a_b_c_d_idx on s_4  (cost=0.29..463.97 rows=10000 width=20) (actual time=0.008..1.224 rows=10000 loops=1)
 Planning time: 0.267 ms
 Execution time: 3.979 ms
(9 rows)

===== 93 [Wed Mar  7 01:58:52 CET 2018] scale:10000 groups:10 work_mem:64MB incremental:off max_workers:2 =====
SELECT * FROM s_1 ORDER BY a, b
                                                     QUERY PLAN                                                     
--------------------------------------------------------------------------------------------------------------------
 Limit  (cost=953.39..953.39 rows=1 width=20) (actual time=3.108..3.108 rows=0 loops=1)
   ->  Sort  (cost=828.39..853.39 rows=10000 width=20) (actual time=2.547..2.887 rows=10000 loops=1)
         Sort Key: s_1.a, s_1.b
         Sort Method: quicksort  Memory: 1166kB
         ->  Seq Scan on s_1  (cost=0.00..164.00 rows=10000 width=20) (actual time=0.004..0.589 rows=10000 loops=1)
 Planning time: 0.242 ms
 Execution time: 3.163 ms
(7 rows)

===== 94 [Wed Mar  7 01:58:52 CET 2018] scale:10000 groups:10 work_mem:64MB incremental:off max_workers:2 =====
SELECT * FROM s_2 ORDER BY a, b, c
                                                     QUERY PLAN                                                     
--------------------------------------------------------------------------------------------------------------------
 Limit  (cost=953.39..953.39 rows=1 width=20) (actual time=3.996..3.996 rows=0 loops=1)
   ->  Sort  (cost=828.39..853.39 rows=10000 width=20) (actual time=3.450..3.779 rows=10000 loops=1)
         Sort Key: s_2.a, s_2.b, s_2.c
         Sort Method: quicksort  Memory: 1166kB
         ->  Seq Scan on s_2  (cost=0.00..164.00 rows=10000 width=20) (actual time=0.007..0.583 rows=10000 loops=1)
 Planning time: 0.258 ms
 Execution time: 4.053 ms
(7 rows)

===== 95 [Wed Mar  7 01:58:52 CET 2018] scale:10000 groups:10 work_mem:64MB incremental:off max_workers:2 =====
SELECT * FROM s_3 ORDER BY a, b, c, d
                                                     QUERY PLAN                                                     
--------------------------------------------------------------------------------------------------------------------
 Limit  (cost=953.39..953.39 rows=1 width=20) (actual time=4.834..4.834 rows=0 loops=1)
   ->  Sort  (cost=828.39..853.39 rows=10000 width=20) (actual time=4.287..4.618 rows=10000 loops=1)
         Sort Key: s_3.a, s_3.b, s_3.c, s_3.d
         Sort Method: quicksort  Memory: 1166kB
         ->  Seq Scan on s_3  (cost=0.00..164.00 rows=10000 width=20) (actual time=0.007..0.576 rows=10000 loops=1)
 Planning time: 0.260 ms
 Execution time: 4.891 ms
(7 rows)

===== 96 [Wed Mar  7 01:58:52 CET 2018] scale:10000 groups:10 work_mem:64MB incremental:off max_workers:2 =====
SELECT * FROM s_4 ORDER BY a, b, c, d, e
                                                     QUERY PLAN                                                     
--------------------------------------------------------------------------------------------------------------------
 Limit  (cost=953.39..953.39 rows=1 width=20) (actual time=4.795..4.795 rows=0 loops=1)
   ->  Sort  (cost=828.39..853.39 rows=10000 width=20) (actual time=4.258..4.577 rows=10000 loops=1)
         Sort Key: s_4.a, s_4.b, s_4.c, s_4.d, s_4.e
         Sort Method: quicksort  Memory: 1166kB
         ->  Seq Scan on s_4  (cost=0.00..164.00 rows=10000 width=20) (actual time=0.004..0.578 rows=10000 loops=1)
 Planning time: 0.253 ms
 Execution time: 4.851 ms
(7 rows)

===== 97 [Wed Mar  7 01:58:52 CET 2018] scale:10000 groups:10 work_mem:128MB incremental:on max_workers:2 =====
SELECT * FROM s_1 ORDER BY a, b
                                                     QUERY PLAN                                                     
--------------------------------------------------------------------------------------------------------------------
 Limit  (cost=953.39..953.39 rows=1 width=20) (actual time=3.113..3.113 rows=0 loops=1)
   ->  Sort  (cost=828.39..853.39 rows=10000 width=20) (actual time=2.562..2.896 rows=10000 loops=1)
         Sort Key: s_1.a, s_1.b
         Sort Method: quicksort  Memory: 1166kB
         ->  Seq Scan on s_1  (cost=0.00..164.00 rows=10000 width=20) (actual time=0.004..0.591 rows=10000 loops=1)
 Planning time: 0.251 ms
 Execution time: 3.172 ms
(7 rows)

===== 98 [Wed Mar  7 01:58:52 CET 2018] scale:10000 groups:10 work_mem:128MB incremental:on max_workers:2 =====
SELECT * FROM s_2 ORDER BY a, b, c
                                                     QUERY PLAN                                                     
--------------------------------------------------------------------------------------------------------------------
 Limit  (cost=953.39..953.39 rows=1 width=20) (actual time=4.011..4.011 rows=0 loops=1)
   ->  Sort  (cost=828.39..853.39 rows=10000 width=20) (actual time=3.456..3.794 rows=10000 loops=1)
         Sort Key: s_2.a, s_2.b, s_2.c
         Sort Method: quicksort  Memory: 1166kB
         ->  Seq Scan on s_2  (cost=0.00..164.00 rows=10000 width=20) (actual time=0.008..0.587 rows=10000 loops=1)
 Planning time: 0.267 ms
 Execution time: 4.068 ms
(7 rows)

===== 99 [Wed Mar  7 01:58:52 CET 2018] scale:10000 groups:10 work_mem:128MB incremental:on max_workers:2 =====
SELECT * FROM s_3 ORDER BY a, b, c, d
                                                                QUERY PLAN                                                                
------------------------------------------------------------------------------------------------------------------------------------------
 Limit  (cost=925.07..925.07 rows=1 width=20) (actual time=4.063..4.063 rows=0 loops=1)
   ->  Incremental Sort  (cost=0.91..825.07 rows=10000 width=20) (actual time=0.064..3.845 rows=10000 loops=1)
         Sort Key: s_3.a, s_3.b, s_3.c, s_3.d
         Presorted Key: s_3.a, s_3.b, s_3.c
         Sort Method: quicksort  Memory: 28kB
         Sort Groups: 276
         ->  Index Scan using s_3_a_b_c_idx on s_3  (cost=0.29..463.97 rows=10000 width=20) (actual time=0.009..1.210 rows=10000 loops=1)
 Planning time: 0.280 ms
 Execution time: 4.083 ms
(9 rows)

===== 100 [Wed Mar  7 01:58:52 CET 2018] scale:10000 groups:10 work_mem:128MB incremental:on max_workers:2 =====
SELECT * FROM s_4 ORDER BY a, b, c, d, e
                                                                 QUERY PLAN                                                                 
--------------------------------------------------------------------------------------------------------------------------------------------
 Limit  (cost=925.07..925.07 rows=1 width=20) (actual time=3.955..3.955 rows=0 loops=1)
   ->  Incremental Sort  (cost=0.91..825.07 rows=10000 width=20) (actual time=0.061..3.735 rows=10000 loops=1)
         Sort Key: s_4.a, s_4.b, s_4.c, s_4.d, s_4.e
         Presorted Key: s_4.a, s_4.b, s_4.c, s_4.d
         Sort Method: quicksort  Memory: 27kB
         Sort Groups: 309
         ->  Index Scan using s_4_a_b_c_d_idx on s_4  (cost=0.29..463.97 rows=10000 width=20) (actual time=0.008..1.211 rows=10000 loops=1)
 Planning time: 0.268 ms
 Execution time: 3.974 ms
(9 rows)

===== 101 [Wed Mar  7 01:58:53 CET 2018] scale:10000 groups:10 work_mem:128MB incremental:off max_workers:2 =====
SELECT * FROM s_1 ORDER BY a, b
                                                     QUERY PLAN                                                     
--------------------------------------------------------------------------------------------------------------------
 Limit  (cost=953.39..953.39 rows=1 width=20) (actual time=3.092..3.092 rows=0 loops=1)
   ->  Sort  (cost=828.39..853.39 rows=10000 width=20) (actual time=2.546..2.874 rows=10000 loops=1)
         Sort Key: s_1.a, s_1.b
         Sort Method: quicksort  Memory: 1166kB
         ->  Seq Scan on s_1  (cost=0.00..164.00 rows=10000 width=20) (actual time=0.004..0.580 rows=10000 loops=1)
 Planning time: 0.245 ms
 Execution time: 3.151 ms
(7 rows)

===== 102 [Wed Mar  7 01:58:53 CET 2018] scale:10000 groups:10 work_mem:128MB incremental:off max_workers:2 =====
SELECT * FROM s_2 ORDER BY a, b, c
                                                     QUERY PLAN                                                     
--------------------------------------------------------------------------------------------------------------------
 Limit  (cost=953.39..953.39 rows=1 width=20) (actual time=4.008..4.008 rows=0 loops=1)
   ->  Sort  (cost=828.39..853.39 rows=10000 width=20) (actual time=3.451..3.787 rows=10000 loops=1)
         Sort Key: s_2.a, s_2.b, s_2.c
         Sort Method: quicksort  Memory: 1166kB
         ->  Seq Scan on s_2  (cost=0.00..164.00 rows=10000 width=20) (actual time=0.007..0.579 rows=10000 loops=1)
 Planning time: 0.255 ms
 Execution time: 4.066 ms
(7 rows)

===== 103 [Wed Mar  7 01:58:53 CET 2018] scale:10000 groups:10 work_mem:128MB incremental:off max_workers:2 =====
SELECT * FROM s_3 ORDER BY a, b, c, d
                                                     QUERY PLAN                                                     
--------------------------------------------------------------------------------------------------------------------
 Limit  (cost=953.39..953.39 rows=1 width=20) (actual time=4.841..4.841 rows=0 loops=1)
   ->  Sort  (cost=828.39..853.39 rows=10000 width=20) (actual time=4.293..4.625 rows=10000 loops=1)
         Sort Key: s_3.a, s_3.b, s_3.c, s_3.d
         Sort Method: quicksort  Memory: 1166kB
         ->  Seq Scan on s_3  (cost=0.00..164.00 rows=10000 width=20) (actual time=0.007..0.582 rows=10000 loops=1)
 Planning time: 0.260 ms
 Execution time: 4.898 ms
(7 rows)

===== 104 [Wed Mar  7 01:58:53 CET 2018] scale:10000 groups:10 work_mem:128MB incremental:off max_workers:2 =====
SELECT * FROM s_4 ORDER BY a, b, c, d, e
                                                     QUERY PLAN                                                     
--------------------------------------------------------------------------------------------------------------------
 Limit  (cost=953.39..953.39 rows=1 width=20) (actual time=4.796..4.796 rows=0 loops=1)
   ->  Sort  (cost=828.39..853.39 rows=10000 width=20) (actual time=4.257..4.579 rows=10000 loops=1)
         Sort Key: s_4.a, s_4.b, s_4.c, s_4.d, s_4.e
         Sort Method: quicksort  Memory: 1166kB
         ->  Seq Scan on s_4  (cost=0.00..164.00 rows=10000 width=20) (actual time=0.004..0.581 rows=10000 loops=1)
 Planning time: 0.255 ms
 Execution time: 4.850 ms
(7 rows)

===== 105 [Wed Mar  7 01:58:53 CET 2018] scale:10000 groups:10 work_mem:256MB incremental:on max_workers:2 =====
SELECT * FROM s_1 ORDER BY a, b
                                                     QUERY PLAN                                                     
--------------------------------------------------------------------------------------------------------------------
 Limit  (cost=953.39..953.39 rows=1 width=20) (actual time=3.104..3.104 rows=0 loops=1)
   ->  Sort  (cost=828.39..853.39 rows=10000 width=20) (actual time=2.551..2.887 rows=10000 loops=1)
         Sort Key: s_1.a, s_1.b
         Sort Method: quicksort  Memory: 1166kB
         ->  Seq Scan on s_1  (cost=0.00..164.00 rows=10000 width=20) (actual time=0.004..0.581 rows=10000 loops=1)
 Planning time: 0.265 ms
 Execution time: 3.163 ms
(7 rows)

===== 106 [Wed Mar  7 01:58:53 CET 2018] scale:10000 groups:10 work_mem:256MB incremental:on max_workers:2 =====
SELECT * FROM s_2 ORDER BY a, b, c
                                                     QUERY PLAN                                                     
--------------------------------------------------------------------------------------------------------------------
 Limit  (cost=953.39..953.39 rows=1 width=20) (actual time=3.999..3.999 rows=0 loops=1)
   ->  Sort  (cost=828.39..853.39 rows=10000 width=20) (actual time=3.445..3.782 rows=10000 loops=1)
         Sort Key: s_2.a, s_2.b, s_2.c
         Sort Method: quicksort  Memory: 1166kB
         ->  Seq Scan on s_2  (cost=0.00..164.00 rows=10000 width=20) (actual time=0.007..0.587 rows=10000 loops=1)
 Planning time: 0.265 ms
 Execution time: 4.055 ms
(7 rows)

===== 107 [Wed Mar  7 01:58:53 CET 2018] scale:10000 groups:10 work_mem:256MB incremental:on max_workers:2 =====
SELECT * FROM s_3 ORDER BY a, b, c, d
                                                                QUERY PLAN                                                                
------------------------------------------------------------------------------------------------------------------------------------------
 Limit  (cost=925.07..925.07 rows=1 width=20) (actual time=4.062..4.062 rows=0 loops=1)
   ->  Incremental Sort  (cost=0.91..825.07 rows=10000 width=20) (actual time=0.063..3.845 rows=10000 loops=1)
         Sort Key: s_3.a, s_3.b, s_3.c, s_3.d
         Presorted Key: s_3.a, s_3.b, s_3.c
         Sort Method: quicksort  Memory: 28kB
         Sort Groups: 276
         ->  Index Scan using s_3_a_b_c_idx on s_3  (cost=0.29..463.97 rows=10000 width=20) (actual time=0.009..1.211 rows=10000 loops=1)
 Planning time: 0.271 ms
 Execution time: 4.081 ms
(9 rows)

===== 108 [Wed Mar  7 01:58:53 CET 2018] scale:10000 groups:10 work_mem:256MB incremental:on max_workers:2 =====
SELECT * FROM s_4 ORDER BY a, b, c, d, e
                                                                 QUERY PLAN                                                                 
--------------------------------------------------------------------------------------------------------------------------------------------
 Limit  (cost=925.07..925.07 rows=1 width=20) (actual time=3.952..3.952 rows=0 loops=1)
   ->  Incremental Sort  (cost=0.91..825.07 rows=10000 width=20) (actual time=0.062..3.732 rows=10000 loops=1)
         Sort Key: s_4.a, s_4.b, s_4.c, s_4.d, s_4.e
         Presorted Key: s_4.a, s_4.b, s_4.c, s_4.d
         Sort Method: quicksort  Memory: 27kB
         Sort Groups: 309
         ->  Index Scan using s_4_a_b_c_d_idx on s_4  (cost=0.29..463.97 rows=10000 width=20) (actual time=0.008..1.206 rows=10000 loops=1)
 Planning time: 0.272 ms
 Execution time: 3.972 ms
(9 rows)

===== 109 [Wed Mar  7 01:58:53 CET 2018] scale:10000 groups:10 work_mem:256MB incremental:off max_workers:2 =====
SELECT * FROM s_1 ORDER BY a, b
                                                     QUERY PLAN                                                     
--------------------------------------------------------------------------------------------------------------------
 Limit  (cost=953.39..953.39 rows=1 width=20) (actual time=3.103..3.103 rows=0 loops=1)
   ->  Sort  (cost=828.39..853.39 rows=10000 width=20) (actual time=2.546..2.886 rows=10000 loops=1)
         Sort Key: s_1.a, s_1.b
         Sort Method: quicksort  Memory: 1166kB
         ->  Seq Scan on s_1  (cost=0.00..164.00 rows=10000 width=20) (actual time=0.004..0.580 rows=10000 loops=1)
 Planning time: 0.259 ms
 Execution time: 3.160 ms
(7 rows)

===== 110 [Wed Mar  7 01:58:53 CET 2018] scale:10000 groups:10 work_mem:256MB incremental:off max_workers:2 =====
SELECT * FROM s_2 ORDER BY a, b, c
                                                     QUERY PLAN                                                     
--------------------------------------------------------------------------------------------------------------------
 Limit  (cost=953.39..953.39 rows=1 width=20) (actual time=4.008..4.008 rows=0 loops=1)
   ->  Sort  (cost=828.39..853.39 rows=10000 width=20) (actual time=3.459..3.791 rows=10000 loops=1)
         Sort Key: s_2.a, s_2.b, s_2.c
         Sort Method: quicksort  Memory: 1166kB
         ->  Seq Scan on s_2  (cost=0.00..164.00 rows=10000 width=20) (actual time=0.007..0.586 rows=10000 loops=1)
 Planning time: 0.258 ms
 Execution time: 4.065 ms
(7 rows)

===== 111 [Wed Mar  7 01:58:53 CET 2018] scale:10000 groups:10 work_mem:256MB incremental:off max_workers:2 =====
SELECT * FROM s_3 ORDER BY a, b, c, d
                                                     QUERY PLAN                                                     
--------------------------------------------------------------------------------------------------------------------
 Limit  (cost=953.39..953.39 rows=1 width=20) (actual time=4.838..4.838 rows=0 loops=1)
   ->  Sort  (cost=828.39..853.39 rows=10000 width=20) (actual time=4.289..4.621 rows=10000 loops=1)
         Sort Key: s_3.a, s_3.b, s_3.c, s_3.d
         Sort Method: quicksort  Memory: 1166kB
         ->  Seq Scan on s_3  (cost=0.00..164.00 rows=10000 width=20) (actual time=0.007..0.577 rows=10000 loops=1)
 Planning time: 0.264 ms
 Execution time: 4.894 ms
(7 rows)

===== 112 [Wed Mar  7 01:58:54 CET 2018] scale:10000 groups:10 work_mem:256MB incremental:off max_workers:2 =====
SELECT * FROM s_4 ORDER BY a, b, c, d, e
                                                     QUERY PLAN                                                     
--------------------------------------------------------------------------------------------------------------------
 Limit  (cost=953.39..953.39 rows=1 width=20) (actual time=4.795..4.795 rows=0 loops=1)
   ->  Sort  (cost=828.39..853.39 rows=10000 width=20) (actual time=4.255..4.575 rows=10000 loops=1)
         Sort Key: s_4.a, s_4.b, s_4.c, s_4.d, s_4.e
         Sort Method: quicksort  Memory: 1166kB
         ->  Seq Scan on s_4  (cost=0.00..164.00 rows=10000 width=20) (actual time=0.004..0.585 rows=10000 loops=1)
 Planning time: 0.249 ms
 Execution time: 4.850 ms
(7 rows)

===== 113 [Wed Mar  7 01:58:54 CET 2018] scale:10000 groups:100 work_mem:4MB incremental:on max_workers:0 =====
SELECT * FROM s_1 ORDER BY a, b
                                                              QUERY PLAN                                                              
--------------------------------------------------------------------------------------------------------------------------------------
 Limit  (cost=945.78..945.78 rows=1 width=20) (actual time=4.072..4.072 rows=0 loops=1)
   ->  Incremental Sort  (cost=6.90..845.78 rows=10000 width=20) (actual time=0.073..3.850 rows=10000 loops=1)
         Sort Key: s_1.a, s_1.b
         Presorted Key: s_1.a
         Sort Method: quicksort  Memory: 35kB
         Sort Groups: 101
         ->  Index Scan using s_1_a_idx on s_1  (cost=0.29..337.29 rows=10000 width=20) (actual time=0.019..1.335 rows=10000 loops=1)
 Planning time: 0.263 ms
 Execution time: 4.095 ms
(9 rows)

===== 114 [Wed Mar  7 01:58:54 CET 2018] scale:10000 groups:100 work_mem:4MB incremental:on max_workers:0 =====
SELECT * FROM s_2 ORDER BY a, b, c
                                                               QUERY PLAN                                                               
----------------------------------------------------------------------------------------------------------------------------------------
 Limit  (cost=881.07..881.07 rows=1 width=20) (actual time=3.548..3.548 rows=0 loops=1)
   ->  Incremental Sort  (cost=0.87..781.07 rows=10000 width=20) (actual time=0.076..3.329 rows=10000 loops=1)
         Sort Key: s_2.a, s_2.b, s_2.c
         Presorted Key: s_2.a, s_2.b
         Sort Method: quicksort  Memory: 27kB
         Sort Groups: 308
         ->  Index Scan using s_2_a_b_idx on s_2  (cost=0.29..419.97 rows=10000 width=20) (actual time=0.034..1.339 rows=10000 loops=1)
 Planning time: 0.262 ms
 Execution time: 3.569 ms
(9 rows)

===== 115 [Wed Mar  7 01:58:55 CET 2018] scale:10000 groups:100 work_mem:4MB incremental:on max_workers:0 =====
SELECT * FROM s_3 ORDER BY a, b, c, d
                                                                QUERY PLAN                                                                
------------------------------------------------------------------------------------------------------------------------------------------
 Limit  (cost=925.07..925.07 rows=1 width=20) (actual time=2.994..2.994 rows=0 loops=1)
   ->  Incremental Sort  (cost=0.91..825.07 rows=10000 width=20) (actual time=0.068..2.774 rows=10000 loops=1)
         Sort Key: s_3.a, s_3.b, s_3.c, s_3.d
         Presorted Key: s_3.a, s_3.b, s_3.c
         Sort Method: quicksort  Memory: 27kB
         Sort Groups: 313
         ->  Index Scan using s_3_a_b_c_idx on s_3  (cost=0.29..463.97 rows=10000 width=20) (actual time=0.027..1.392 rows=10000 loops=1)
 Planning time: 0.267 ms
 Execution time: 3.014 ms
(9 rows)

===== 116 [Wed Mar  7 01:58:55 CET 2018] scale:10000 groups:100 work_mem:4MB incremental:on max_workers:0 =====
SELECT * FROM s_4 ORDER BY a, b, c, d, e
                                                                 QUERY PLAN                                                                 
--------------------------------------------------------------------------------------------------------------------------------------------
 Limit  (cost=925.07..925.07 rows=1 width=20) (actual time=2.854..2.854 rows=0 loops=1)
   ->  Incremental Sort  (cost=0.91..825.07 rows=10000 width=20) (actual time=0.060..2.633 rows=10000 loops=1)
         Sort Key: s_4.a, s_4.b, s_4.c, s_4.d, s_4.e
         Presorted Key: s_4.a, s_4.b, s_4.c, s_4.d
         Sort Method: quicksort  Memory: 27kB
         Sort Groups: 313
         ->  Index Scan using s_4_a_b_c_d_idx on s_4  (cost=0.29..463.97 rows=10000 width=20) (actual time=0.019..1.298 rows=10000 loops=1)
 Planning time: 0.261 ms
 Execution time: 2.873 ms
(9 rows)

===== 117 [Wed Mar  7 01:58:55 CET 2018] scale:10000 groups:100 work_mem:4MB incremental:off max_workers:0 =====
SELECT * FROM s_1 ORDER BY a, b
                                                     QUERY PLAN                                                     
--------------------------------------------------------------------------------------------------------------------
 Limit  (cost=953.39..953.39 rows=1 width=20) (actual time=3.928..3.928 rows=0 loops=1)
   ->  Sort  (cost=828.39..853.39 rows=10000 width=20) (actual time=3.375..3.709 rows=10000 loops=1)
         Sort Key: s_1.a, s_1.b
         Sort Method: quicksort  Memory: 1166kB
         ->  Seq Scan on s_1  (cost=0.00..164.00 rows=10000 width=20) (actual time=0.004..0.582 rows=10000 loops=1)
 Planning time: 0.238 ms
 Execution time: 3.985 ms
(7 rows)

===== 118 [Wed Mar  7 01:58:55 CET 2018] scale:10000 groups:100 work_mem:4MB incremental:off max_workers:0 =====
SELECT * FROM s_2 ORDER BY a, b, c
                                                     QUERY PLAN                                                     
--------------------------------------------------------------------------------------------------------------------
 Limit  (cost=953.39..953.39 rows=1 width=20) (actual time=3.851..3.851 rows=0 loops=1)
   ->  Sort  (cost=828.39..853.39 rows=10000 width=20) (actual time=3.312..3.633 rows=10000 loops=1)
         Sort Key: s_2.a, s_2.b, s_2.c
         Sort Method: quicksort  Memory: 1166kB
         ->  Seq Scan on s_2  (cost=0.00..164.00 rows=10000 width=20) (actual time=0.007..0.578 rows=10000 loops=1)
 Planning time: 0.259 ms
 Execution time: 3.907 ms
(7 rows)

===== 119 [Wed Mar  7 01:58:55 CET 2018] scale:10000 groups:100 work_mem:4MB incremental:off max_workers:0 =====
SELECT * FROM s_3 ORDER BY a, b, c, d
                                                     QUERY PLAN                                                     
--------------------------------------------------------------------------------------------------------------------
 Limit  (cost=953.39..953.39 rows=1 width=20) (actual time=3.207..3.207 rows=0 loops=1)
   ->  Sort  (cost=828.39..853.39 rows=10000 width=20) (actual time=2.671..2.987 rows=10000 loops=1)
         Sort Key: s_3.a, s_3.b, s_3.c, s_3.d
         Sort Method: quicksort  Memory: 1166kB
         ->  Seq Scan on s_3  (cost=0.00..164.00 rows=10000 width=20) (actual time=0.009..0.576 rows=10000 loops=1)
 Planning time: 0.253 ms
 Execution time: 3.262 ms
(7 rows)

===== 120 [Wed Mar  7 01:58:55 CET 2018] scale:10000 groups:100 work_mem:4MB incremental:off max_workers:0 =====
SELECT * FROM s_4 ORDER BY a, b, c, d, e
                                                     QUERY PLAN                                                     
--------------------------------------------------------------------------------------------------------------------
 Limit  (cost=953.39..953.39 rows=1 width=20) (actual time=2.417..2.417 rows=0 loops=1)
   ->  Sort  (cost=828.39..853.39 rows=10000 width=20) (actual time=1.881..2.196 rows=10000 loops=1)
         Sort Key: s_4.a, s_4.b, s_4.c, s_4.d, s_4.e
         Sort Method: quicksort  Memory: 1166kB
         ->  Seq Scan on s_4  (cost=0.00..164.00 rows=10000 width=20) (actual time=0.004..0.585 rows=10000 loops=1)
 Planning time: 0.245 ms
 Execution time: 2.472 ms
(7 rows)

===== 121 [Wed Mar  7 01:58:55 CET 2018] scale:10000 groups:100 work_mem:8MB incremental:on max_workers:0 =====
SELECT * FROM s_1 ORDER BY a, b
                                                              QUERY PLAN                                                              
--------------------------------------------------------------------------------------------------------------------------------------
 Limit  (cost=945.78..945.78 rows=1 width=20) (actual time=3.925..3.925 rows=0 loops=1)
   ->  Incremental Sort  (cost=6.90..845.78 rows=10000 width=20) (actual time=0.061..3.704 rows=10000 loops=1)
         Sort Key: s_1.a, s_1.b
         Presorted Key: s_1.a
         Sort Method: quicksort  Memory: 35kB
         Sort Groups: 101
         ->  Index Scan using s_1_a_idx on s_1  (cost=0.29..337.29 rows=10000 width=20) (actual time=0.006..1.206 rows=10000 loops=1)
 Planning time: 0.243 ms
 Execution time: 3.948 ms
(9 rows)

===== 122 [Wed Mar  7 01:58:55 CET 2018] scale:10000 groups:100 work_mem:8MB incremental:on max_workers:0 =====
SELECT * FROM s_2 ORDER BY a, b, c
                                                               QUERY PLAN                                                               
----------------------------------------------------------------------------------------------------------------------------------------
 Limit  (cost=881.07..881.07 rows=1 width=20) (actual time=3.408..3.408 rows=0 loops=1)
   ->  Incremental Sort  (cost=0.87..781.07 rows=10000 width=20) (actual time=0.058..3.189 rows=10000 loops=1)
         Sort Key: s_2.a, s_2.b, s_2.c
         Presorted Key: s_2.a, s_2.b
         Sort Method: quicksort  Memory: 27kB
         Sort Groups: 308
         ->  Index Scan using s_2_a_b_idx on s_2  (cost=0.29..419.97 rows=10000 width=20) (actual time=0.015..1.204 rows=10000 loops=1)
 Planning time: 0.265 ms
 Execution time: 3.428 ms
(9 rows)

===== 123 [Wed Mar  7 01:58:55 CET 2018] scale:10000 groups:100 work_mem:8MB incremental:on max_workers:0 =====
SELECT * FROM s_3 ORDER BY a, b, c, d
                                                                QUERY PLAN                                                                
------------------------------------------------------------------------------------------------------------------------------------------
 Limit  (cost=925.07..925.07 rows=1 width=20) (actual time=2.785..2.785 rows=0 loops=1)
   ->  Incremental Sort  (cost=0.91..825.07 rows=10000 width=20) (actual time=0.055..2.567 rows=10000 loops=1)
         Sort Key: s_3.a, s_3.b, s_3.c, s_3.d
         Presorted Key: s_3.a, s_3.b, s_3.c
         Sort Method: quicksort  Memory: 27kB
         Sort Groups: 313
         ->  Index Scan using s_3_a_b_c_idx on s_3  (cost=0.29..463.97 rows=10000 width=20) (actual time=0.014..1.214 rows=10000 loops=1)
 Planning time: 0.269 ms
 Execution time: 2.805 ms
(9 rows)

===== 124 [Wed Mar  7 01:58:55 CET 2018] scale:10000 groups:100 work_mem:8MB incremental:on max_workers:0 =====
SELECT * FROM s_4 ORDER BY a, b, c, d, e
                                                                 QUERY PLAN                                                                 
--------------------------------------------------------------------------------------------------------------------------------------------
 Limit  (cost=925.07..925.07 rows=1 width=20) (actual time=2.763..2.763 rows=0 loops=1)
   ->  Incremental Sort  (cost=0.91..825.07 rows=10000 width=20) (actual time=0.046..2.542 rows=10000 loops=1)
         Sort Key: s_4.a, s_4.b, s_4.c, s_4.d, s_4.e
         Presorted Key: s_4.a, s_4.b, s_4.c, s_4.d
         Sort Method: quicksort  Memory: 27kB
         Sort Groups: 313
         ->  Index Scan using s_4_a_b_c_d_idx on s_4  (cost=0.29..463.97 rows=10000 width=20) (actual time=0.005..1.214 rows=10000 loops=1)
 Planning time: 0.259 ms
 Execution time: 2.783 ms
(9 rows)

===== 125 [Wed Mar  7 01:58:55 CET 2018] scale:10000 groups:100 work_mem:8MB incremental:off max_workers:0 =====
SELECT * FROM s_1 ORDER BY a, b
                                                     QUERY PLAN                                                     
--------------------------------------------------------------------------------------------------------------------
 Limit  (cost=953.39..953.39 rows=1 width=20) (actual time=3.921..3.921 rows=0 loops=1)
   ->  Sort  (cost=828.39..853.39 rows=10000 width=20) (actual time=3.368..3.701 rows=10000 loops=1)
         Sort Key: s_1.a, s_1.b
         Sort Method: quicksort  Memory: 1166kB
         ->  Seq Scan on s_1  (cost=0.00..164.00 rows=10000 width=20) (actual time=0.004..0.577 rows=10000 loops=1)
 Planning time: 0.246 ms
 Execution time: 3.979 ms
(7 rows)

===== 126 [Wed Mar  7 01:58:55 CET 2018] scale:10000 groups:100 work_mem:8MB incremental:off max_workers:0 =====
SELECT * FROM s_2 ORDER BY a, b, c
                                                     QUERY PLAN                                                     
--------------------------------------------------------------------------------------------------------------------
 Limit  (cost=953.39..953.39 rows=1 width=20) (actual time=3.839..3.839 rows=0 loops=1)
   ->  Sort  (cost=828.39..853.39 rows=10000 width=20) (actual time=3.303..3.621 rows=10000 loops=1)
         Sort Key: s_2.a, s_2.b, s_2.c
         Sort Method: quicksort  Memory: 1166kB
         ->  Seq Scan on s_2  (cost=0.00..164.00 rows=10000 width=20) (actual time=0.007..0.580 rows=10000 loops=1)
 Planning time: 0.248 ms
 Execution time: 3.895 ms
(7 rows)

===== 127 [Wed Mar  7 01:58:56 CET 2018] scale:10000 groups:100 work_mem:8MB incremental:off max_workers:0 =====
SELECT * FROM s_3 ORDER BY a, b, c, d
                                                     QUERY PLAN                                                     
--------------------------------------------------------------------------------------------------------------------
 Limit  (cost=953.39..953.39 rows=1 width=20) (actual time=3.212..3.212 rows=0 loops=1)
   ->  Sort  (cost=828.39..853.39 rows=10000 width=20) (actual time=2.673..2.991 rows=10000 loops=1)
         Sort Key: s_3.a, s_3.b, s_3.c, s_3.d
         Sort Method: quicksort  Memory: 1166kB
         ->  Seq Scan on s_3  (cost=0.00..164.00 rows=10000 width=20) (actual time=0.009..0.571 rows=10000 loops=1)
 Planning time: 0.254 ms
 Execution time: 3.268 ms
(7 rows)

===== 128 [Wed Mar  7 01:58:56 CET 2018] scale:10000 groups:100 work_mem:8MB incremental:off max_workers:0 =====
SELECT * FROM s_4 ORDER BY a, b, c, d, e
                                                     QUERY PLAN                                                     
--------------------------------------------------------------------------------------------------------------------
 Limit  (cost=953.39..953.39 rows=1 width=20) (actual time=2.419..2.419 rows=0 loops=1)
   ->  Sort  (cost=828.39..853.39 rows=10000 width=20) (actual time=1.881..2.200 rows=10000 loops=1)
         Sort Key: s_4.a, s_4.b, s_4.c, s_4.d, s_4.e
         Sort Method: quicksort  Memory: 1166kB
         ->  Seq Scan on s_4  (cost=0.00..164.00 rows=10000 width=20) (actual time=0.004..0.576 rows=10000 loops=1)
 Planning time: 0.252 ms
 Execution time: 2.475 ms
(7 rows)

===== 129 [Wed Mar  7 01:58:56 CET 2018] scale:10000 groups:100 work_mem:16MB incremental:on max_workers:0 =====
SELECT * FROM s_1 ORDER BY a, b
                                                              QUERY PLAN                                                              
--------------------------------------------------------------------------------------------------------------------------------------
 Limit  (cost=945.78..945.78 rows=1 width=20) (actual time=3.928..3.928 rows=0 loops=1)
   ->  Incremental Sort  (cost=6.90..845.78 rows=10000 width=20) (actual time=0.066..3.702 rows=10000 loops=1)
         Sort Key: s_1.a, s_1.b
         Presorted Key: s_1.a
         Sort Method: quicksort  Memory: 35kB
         Sort Groups: 101
         ->  Index Scan using s_1_a_idx on s_1  (cost=0.29..337.29 rows=10000 width=20) (actual time=0.006..1.203 rows=10000 loops=1)
 Planning time: 0.247 ms
 Execution time: 3.950 ms
(9 rows)

===== 130 [Wed Mar  7 01:58:56 CET 2018] scale:10000 groups:100 work_mem:16MB incremental:on max_workers:0 =====
SELECT * FROM s_2 ORDER BY a, b, c
                                                               QUERY PLAN                                                               
----------------------------------------------------------------------------------------------------------------------------------------
 Limit  (cost=881.07..881.07 rows=1 width=20) (actual time=3.402..3.402 rows=0 loops=1)
   ->  Incremental Sort  (cost=0.87..781.07 rows=10000 width=20) (actual time=0.056..3.183 rows=10000 loops=1)
         Sort Key: s_2.a, s_2.b, s_2.c
         Presorted Key: s_2.a, s_2.b
         Sort Method: quicksort  Memory: 27kB
         Sort Groups: 308
         ->  Index Scan using s_2_a_b_idx on s_2  (cost=0.29..419.97 rows=10000 width=20) (actual time=0.015..1.205 rows=10000 loops=1)
 Planning time: 0.269 ms
 Execution time: 3.421 ms
(9 rows)

===== 131 [Wed Mar  7 01:58:56 CET 2018] scale:10000 groups:100 work_mem:16MB incremental:on max_workers:0 =====
SELECT * FROM s_3 ORDER BY a, b, c, d
                                                                QUERY PLAN                                                                
------------------------------------------------------------------------------------------------------------------------------------------
 Limit  (cost=925.07..925.07 rows=1 width=20) (actual time=2.793..2.793 rows=0 loops=1)
   ->  Incremental Sort  (cost=0.91..825.07 rows=10000 width=20) (actual time=0.058..2.575 rows=10000 loops=1)
         Sort Key: s_3.a, s_3.b, s_3.c, s_3.d
         Presorted Key: s_3.a, s_3.b, s_3.c
         Sort Method: quicksort  Memory: 27kB
         Sort Groups: 313
         ->  Index Scan using s_3_a_b_c_idx on s_3  (cost=0.29..463.97 rows=10000 width=20) (actual time=0.014..1.210 rows=10000 loops=1)
 Planning time: 0.261 ms
 Execution time: 2.813 ms
(9 rows)

===== 132 [Wed Mar  7 01:58:56 CET 2018] scale:10000 groups:100 work_mem:16MB incremental:on max_workers:0 =====
SELECT * FROM s_4 ORDER BY a, b, c, d, e
                                                                 QUERY PLAN                                                                 
--------------------------------------------------------------------------------------------------------------------------------------------
 Limit  (cost=925.07..925.07 rows=1 width=20) (actual time=2.763..2.763 rows=0 loops=1)
   ->  Incremental Sort  (cost=0.91..825.07 rows=10000 width=20) (actual time=0.048..2.538 rows=10000 loops=1)
         Sort Key: s_4.a, s_4.b, s_4.c, s_4.d, s_4.e
         Presorted Key: s_4.a, s_4.b, s_4.c, s_4.d
         Sort Method: quicksort  Memory: 27kB
         Sort Groups: 313
         ->  Index Scan using s_4_a_b_c_d_idx on s_4  (cost=0.29..463.97 rows=10000 width=20) (actual time=0.005..1.217 rows=10000 loops=1)
 Planning time: 0.255 ms
 Execution time: 2.783 ms
(9 rows)

===== 133 [Wed Mar  7 01:58:56 CET 2018] scale:10000 groups:100 work_mem:16MB incremental:off max_workers:0 =====
SELECT * FROM s_1 ORDER BY a, b
                                                     QUERY PLAN                                                     
--------------------------------------------------------------------------------------------------------------------
 Limit  (cost=953.39..953.39 rows=1 width=20) (actual time=3.921..3.921 rows=0 loops=1)
   ->  Sort  (cost=828.39..853.39 rows=10000 width=20) (actual time=3.371..3.704 rows=10000 loops=1)
         Sort Key: s_1.a, s_1.b
         Sort Method: quicksort  Memory: 1166kB
         ->  Seq Scan on s_1  (cost=0.00..164.00 rows=10000 width=20) (actual time=0.004..0.580 rows=10000 loops=1)
 Planning time: 0.242 ms
 Execution time: 3.980 ms
(7 rows)

===== 134 [Wed Mar  7 01:58:56 CET 2018] scale:10000 groups:100 work_mem:16MB incremental:off max_workers:0 =====
SELECT * FROM s_2 ORDER BY a, b, c
                                                     QUERY PLAN                                                     
--------------------------------------------------------------------------------------------------------------------
 Limit  (cost=953.39..953.39 rows=1 width=20) (actual time=3.845..3.845 rows=0 loops=1)
   ->  Sort  (cost=828.39..853.39 rows=10000 width=20) (actual time=3.313..3.629 rows=10000 loops=1)
         Sort Key: s_2.a, s_2.b, s_2.c
         Sort Method: quicksort  Memory: 1166kB
         ->  Seq Scan on s_2  (cost=0.00..164.00 rows=10000 width=20) (actual time=0.008..0.585 rows=10000 loops=1)
 Planning time: 0.251 ms
 Execution time: 3.900 ms
(7 rows)

===== 135 [Wed Mar  7 01:58:56 CET 2018] scale:10000 groups:100 work_mem:16MB incremental:off max_workers:0 =====
SELECT * FROM s_3 ORDER BY a, b, c, d
                                                     QUERY PLAN                                                     
--------------------------------------------------------------------------------------------------------------------
 Limit  (cost=953.39..953.39 rows=1 width=20) (actual time=3.211..3.211 rows=0 loops=1)
   ->  Sort  (cost=828.39..853.39 rows=10000 width=20) (actual time=2.676..2.994 rows=10000 loops=1)
         Sort Key: s_3.a, s_3.b, s_3.c, s_3.d
         Sort Method: quicksort  Memory: 1166kB
         ->  Seq Scan on s_3  (cost=0.00..164.00 rows=10000 width=20) (actual time=0.009..0.571 rows=10000 loops=1)
 Planning time: 0.253 ms
 Execution time: 3.267 ms
(7 rows)

===== 136 [Wed Mar  7 01:58:56 CET 2018] scale:10000 groups:100 work_mem:16MB incremental:off max_workers:0 =====
SELECT * FROM s_4 ORDER BY a, b, c, d, e
                                                     QUERY PLAN                                                     
--------------------------------------------------------------------------------------------------------------------
 Limit  (cost=953.39..953.39 rows=1 width=20) (actual time=2.412..2.412 rows=0 loops=1)
   ->  Sort  (cost=828.39..853.39 rows=10000 width=20) (actual time=1.882..2.194 rows=10000 loops=1)
         Sort Key: s_4.a, s_4.b, s_4.c, s_4.d, s_4.e
         Sort Method: quicksort  Memory: 1166kB
         ->  Seq Scan on s_4  (cost=0.00..164.00 rows=10000 width=20) (actual time=0.004..0.574 rows=10000 loops=1)
 Planning time: 0.249 ms
 Execution time: 2.469 ms
(7 rows)

===== 137 [Wed Mar  7 01:58:56 CET 2018] scale:10000 groups:100 work_mem:32MB incremental:on max_workers:0 =====
SELECT * FROM s_1 ORDER BY a, b
                                                              QUERY PLAN                                                              
--------------------------------------------------------------------------------------------------------------------------------------
 Limit  (cost=945.78..945.78 rows=1 width=20) (actual time=3.931..3.931 rows=0 loops=1)
   ->  Incremental Sort  (cost=6.90..845.78 rows=10000 width=20) (actual time=0.070..3.709 rows=10000 loops=1)
         Sort Key: s_1.a, s_1.b
         Presorted Key: s_1.a
         Sort Method: quicksort  Memory: 35kB
         Sort Groups: 101
         ->  Index Scan using s_1_a_idx on s_1  (cost=0.29..337.29 rows=10000 width=20) (actual time=0.006..1.209 rows=10000 loops=1)
 Planning time: 0.248 ms
 Execution time: 3.953 ms
(9 rows)

===== 138 [Wed Mar  7 01:58:57 CET 2018] scale:10000 groups:100 work_mem:32MB incremental:on max_workers:0 =====
SELECT * FROM s_2 ORDER BY a, b, c
                                                               QUERY PLAN                                                               
----------------------------------------------------------------------------------------------------------------------------------------
 Limit  (cost=881.07..881.07 rows=1 width=20) (actual time=3.405..3.405 rows=0 loops=1)
   ->  Incremental Sort  (cost=0.87..781.07 rows=10000 width=20) (actual time=0.056..3.186 rows=10000 loops=1)
         Sort Key: s_2.a, s_2.b, s_2.c
         Presorted Key: s_2.a, s_2.b
         Sort Method: quicksort  Memory: 27kB
         Sort Groups: 308
         ->  Index Scan using s_2_a_b_idx on s_2  (cost=0.29..419.97 rows=10000 width=20) (actual time=0.014..1.200 rows=10000 loops=1)
 Planning time: 0.268 ms
 Execution time: 3.425 ms
(9 rows)

===== 139 [Wed Mar  7 01:58:57 CET 2018] scale:10000 groups:100 work_mem:32MB incremental:on max_workers:0 =====
SELECT * FROM s_3 ORDER BY a, b, c, d
                                                                QUERY PLAN                                                                
------------------------------------------------------------------------------------------------------------------------------------------
 Limit  (cost=925.07..925.07 rows=1 width=20) (actual time=2.789..2.789 rows=0 loops=1)
   ->  Incremental Sort  (cost=0.91..825.07 rows=10000 width=20) (actual time=0.057..2.570 rows=10000 loops=1)
         Sort Key: s_3.a, s_3.b, s_3.c, s_3.d
         Presorted Key: s_3.a, s_3.b, s_3.c
         Sort Method: quicksort  Memory: 27kB
         Sort Groups: 313
         ->  Index Scan using s_3_a_b_c_idx on s_3  (cost=0.29..463.97 rows=10000 width=20) (actual time=0.015..1.213 rows=10000 loops=1)
 Planning time: 0.263 ms
 Execution time: 2.808 ms
(9 rows)

===== 140 [Wed Mar  7 01:58:57 CET 2018] scale:10000 groups:100 work_mem:32MB incremental:on max_workers:0 =====
SELECT * FROM s_4 ORDER BY a, b, c, d, e
                                                                 QUERY PLAN                                                                 
--------------------------------------------------------------------------------------------------------------------------------------------
 Limit  (cost=925.07..925.07 rows=1 width=20) (actual time=2.759..2.759 rows=0 loops=1)
   ->  Incremental Sort  (cost=0.91..825.07 rows=10000 width=20) (actual time=0.046..2.538 rows=10000 loops=1)
         Sort Key: s_4.a, s_4.b, s_4.c, s_4.d, s_4.e
         Presorted Key: s_4.a, s_4.b, s_4.c, s_4.d
         Sort Method: quicksort  Memory: 27kB
         Sort Groups: 313
         ->  Index Scan using s_4_a_b_c_d_idx on s_4  (cost=0.29..463.97 rows=10000 width=20) (actual time=0.005..1.220 rows=10000 loops=1)
 Planning time: 0.262 ms
 Execution time: 2.778 ms
(9 rows)

===== 141 [Wed Mar  7 01:58:57 CET 2018] scale:10000 groups:100 work_mem:32MB incremental:off max_workers:0 =====
SELECT * FROM s_1 ORDER BY a, b
                                                     QUERY PLAN                                                     
--------------------------------------------------------------------------------------------------------------------
 Limit  (cost=953.39..953.39 rows=1 width=20) (actual time=3.927..3.927 rows=0 loops=1)
   ->  Sort  (cost=828.39..853.39 rows=10000 width=20) (actual time=3.379..3.710 rows=10000 loops=1)
         Sort Key: s_1.a, s_1.b
         Sort Method: quicksort  Memory: 1166kB
         ->  Seq Scan on s_1  (cost=0.00..164.00 rows=10000 width=20) (actual time=0.004..0.577 rows=10000 loops=1)
 Planning time: 0.240 ms
 Execution time: 3.984 ms
(7 rows)

===== 142 [Wed Mar  7 01:58:57 CET 2018] scale:10000 groups:100 work_mem:32MB incremental:off max_workers:0 =====
SELECT * FROM s_2 ORDER BY a, b, c
                                                     QUERY PLAN                                                     
--------------------------------------------------------------------------------------------------------------------
 Limit  (cost=953.39..953.39 rows=1 width=20) (actual time=3.839..3.839 rows=0 loops=1)
   ->  Sort  (cost=828.39..853.39 rows=10000 width=20) (actual time=3.307..3.623 rows=10000 loops=1)
         Sort Key: s_2.a, s_2.b, s_2.c
         Sort Method: quicksort  Memory: 1166kB
         ->  Seq Scan on s_2  (cost=0.00..164.00 rows=10000 width=20) (actual time=0.007..0.578 rows=10000 loops=1)
 Planning time: 0.251 ms
 Execution time: 3.894 ms
(7 rows)

===== 143 [Wed Mar  7 01:58:57 CET 2018] scale:10000 groups:100 work_mem:32MB incremental:off max_workers:0 =====
SELECT * FROM s_3 ORDER BY a, b, c, d
                                                     QUERY PLAN                                                     
--------------------------------------------------------------------------------------------------------------------
 Limit  (cost=953.39..953.39 rows=1 width=20) (actual time=3.207..3.207 rows=0 loops=1)
   ->  Sort  (cost=828.39..853.39 rows=10000 width=20) (actual time=2.672..2.989 rows=10000 loops=1)
         Sort Key: s_3.a, s_3.b, s_3.c, s_3.d
         Sort Method: quicksort  Memory: 1166kB
         ->  Seq Scan on s_3  (cost=0.00..164.00 rows=10000 width=20) (actual time=0.010..0.581 rows=10000 loops=1)
 Planning time: 0.249 ms
 Execution time: 3.263 ms
(7 rows)

===== 144 [Wed Mar  7 01:58:57 CET 2018] scale:10000 groups:100 work_mem:32MB incremental:off max_workers:0 =====
SELECT * FROM s_4 ORDER BY a, b, c, d, e
                                                     QUERY PLAN                                                     
--------------------------------------------------------------------------------------------------------------------
 Limit  (cost=953.39..953.39 rows=1 width=20) (actual time=2.425..2.425 rows=0 loops=1)
   ->  Sort  (cost=828.39..853.39 rows=10000 width=20) (actual time=1.887..2.205 rows=10000 loops=1)
         Sort Key: s_4.a, s_4.b, s_4.c, s_4.d, s_4.e
         Sort Method: quicksort  Memory: 1166kB
         ->  Seq Scan on s_4  (cost=0.00..164.00 rows=10000 width=20) (actual time=0.004..0.580 rows=10000 loops=1)
 Planning time: 0.249 ms
 Execution time: 2.482 ms
(7 rows)

===== 145 [Wed Mar  7 01:58:57 CET 2018] scale:10000 groups:100 work_mem:64MB incremental:on max_workers:0 =====
SELECT * FROM s_1 ORDER BY a, b
                                                              QUERY PLAN                                                              
--------------------------------------------------------------------------------------------------------------------------------------
 Limit  (cost=945.78..945.78 rows=1 width=20) (actual time=3.928..3.928 rows=0 loops=1)
   ->  Incremental Sort  (cost=6.90..845.78 rows=10000 width=20) (actual time=0.060..3.707 rows=10000 loops=1)
         Sort Key: s_1.a, s_1.b
         Presorted Key: s_1.a
         Sort Method: quicksort  Memory: 35kB
         Sort Groups: 101
         ->  Index Scan using s_1_a_idx on s_1  (cost=0.29..337.29 rows=10000 width=20) (actual time=0.006..1.212 rows=10000 loops=1)
 Planning time: 0.247 ms
 Execution time: 3.951 ms
(9 rows)

===== 146 [Wed Mar  7 01:58:57 CET 2018] scale:10000 groups:100 work_mem:64MB incremental:on max_workers:0 =====
SELECT * FROM s_2 ORDER BY a, b, c
                                                               QUERY PLAN                                                               
----------------------------------------------------------------------------------------------------------------------------------------
 Limit  (cost=881.07..881.07 rows=1 width=20) (actual time=3.409..3.409 rows=0 loops=1)
   ->  Incremental Sort  (cost=0.87..781.07 rows=10000 width=20) (actual time=0.056..3.190 rows=10000 loops=1)
         Sort Key: s_2.a, s_2.b, s_2.c
         Presorted Key: s_2.a, s_2.b
         Sort Method: quicksort  Memory: 27kB
         Sort Groups: 308
         ->  Index Scan using s_2_a_b_idx on s_2  (cost=0.29..419.97 rows=10000 width=20) (actual time=0.015..1.206 rows=10000 loops=1)
 Planning time: 0.260 ms
 Execution time: 3.429 ms
(9 rows)

===== 147 [Wed Mar  7 01:58:57 CET 2018] scale:10000 groups:100 work_mem:64MB incremental:on max_workers:0 =====
SELECT * FROM s_3 ORDER BY a, b, c, d
                                                                QUERY PLAN                                                                
------------------------------------------------------------------------------------------------------------------------------------------
 Limit  (cost=925.07..925.07 rows=1 width=20) (actual time=2.785..2.785 rows=0 loops=1)
   ->  Incremental Sort  (cost=0.91..825.07 rows=10000 width=20) (actual time=0.056..2.567 rows=10000 loops=1)
         Sort Key: s_3.a, s_3.b, s_3.c, s_3.d
         Presorted Key: s_3.a, s_3.b, s_3.c
         Sort Method: quicksort  Memory: 27kB
         Sort Groups: 313
         ->  Index Scan using s_3_a_b_c_idx on s_3  (cost=0.29..463.97 rows=10000 width=20) (actual time=0.015..1.207 rows=10000 loops=1)
 Planning time: 0.270 ms
 Execution time: 2.804 ms
(9 rows)

===== 148 [Wed Mar  7 01:58:57 CET 2018] scale:10000 groups:100 work_mem:64MB incremental:on max_workers:0 =====
SELECT * FROM s_4 ORDER BY a, b, c, d, e
                                                                 QUERY PLAN                                                                 
--------------------------------------------------------------------------------------------------------------------------------------------
 Limit  (cost=925.07..925.07 rows=1 width=20) (actual time=2.764..2.764 rows=0 loops=1)
   ->  Incremental Sort  (cost=0.91..825.07 rows=10000 width=20) (actual time=0.047..2.543 rows=10000 loops=1)
         Sort Key: s_4.a, s_4.b, s_4.c, s_4.d, s_4.e
         Presorted Key: s_4.a, s_4.b, s_4.c, s_4.d
         Sort Method: quicksort  Memory: 27kB
         Sort Groups: 313
         ->  Index Scan using s_4_a_b_c_d_idx on s_4  (cost=0.29..463.97 rows=10000 width=20) (actual time=0.005..1.221 rows=10000 loops=1)
 Planning time: 0.258 ms
 Execution time: 2.782 ms
(9 rows)

===== 149 [Wed Mar  7 01:58:57 CET 2018] scale:10000 groups:100 work_mem:64MB incremental:off max_workers:0 =====
SELECT * FROM s_1 ORDER BY a, b
                                                     QUERY PLAN                                                     
--------------------------------------------------------------------------------------------------------------------
 Limit  (cost=953.39..953.39 rows=1 width=20) (actual time=3.934..3.934 rows=0 loops=1)
   ->  Sort  (cost=828.39..853.39 rows=10000 width=20) (actual time=3.388..3.716 rows=10000 loops=1)
         Sort Key: s_1.a, s_1.b
         Sort Method: quicksort  Memory: 1166kB
         ->  Seq Scan on s_1  (cost=0.00..164.00 rows=10000 width=20) (actual time=0.004..0.577 rows=10000 loops=1)
 Planning time: 0.238 ms
 Execution time: 3.990 ms
(7 rows)

===== 150 [Wed Mar  7 01:58:58 CET 2018] scale:10000 groups:100 work_mem:64MB incremental:off max_workers:0 =====
SELECT * FROM s_2 ORDER BY a, b, c
                                                     QUERY PLAN                                                     
--------------------------------------------------------------------------------------------------------------------
 Limit  (cost=953.39..953.39 rows=1 width=20) (actual time=3.858..3.858 rows=0 loops=1)
   ->  Sort  (cost=828.39..853.39 rows=10000 width=20) (actual time=3.322..3.642 rows=10000 loops=1)
         Sort Key: s_2.a, s_2.b, s_2.c
         Sort Method: quicksort  Memory: 1166kB
         ->  Seq Scan on s_2  (cost=0.00..164.00 rows=10000 width=20) (actual time=0.007..0.580 rows=10000 loops=1)
 Planning time: 0.248 ms
 Execution time: 3.915 ms
(7 rows)

===== 151 [Wed Mar  7 01:58:58 CET 2018] scale:10000 groups:100 work_mem:64MB incremental:off max_workers:0 =====
SELECT * FROM s_3 ORDER BY a, b, c, d
                                                     QUERY PLAN                                                     
--------------------------------------------------------------------------------------------------------------------
 Limit  (cost=953.39..953.39 rows=1 width=20) (actual time=3.213..3.213 rows=0 loops=1)
   ->  Sort  (cost=828.39..853.39 rows=10000 width=20) (actual time=2.673..2.995 rows=10000 loops=1)
         Sort Key: s_3.a, s_3.b, s_3.c, s_3.d
         Sort Method: quicksort  Memory: 1166kB
         ->  Seq Scan on s_3  (cost=0.00..164.00 rows=10000 width=20) (actual time=0.010..0.583 rows=10000 loops=1)
 Planning time: 0.254 ms
 Execution time: 3.270 ms
(7 rows)

===== 152 [Wed Mar  7 01:58:58 CET 2018] scale:10000 groups:100 work_mem:64MB incremental:off max_workers:0 =====
SELECT * FROM s_4 ORDER BY a, b, c, d, e
                                                     QUERY PLAN                                                     
--------------------------------------------------------------------------------------------------------------------
 Limit  (cost=953.39..953.39 rows=1 width=20) (actual time=2.419..2.419 rows=0 loops=1)
   ->  Sort  (cost=828.39..853.39 rows=10000 width=20) (actual time=1.887..2.199 rows=10000 loops=1)
         Sort Key: s_4.a, s_4.b, s_4.c, s_4.d, s_4.e
         Sort Method: quicksort  Memory: 1166kB
         ->  Seq Scan on s_4  (cost=0.00..164.00 rows=10000 width=20) (actual time=0.004..0.577 rows=10000 loops=1)
 Planning time: 0.246 ms
 Execution time: 2.476 ms
(7 rows)

===== 153 [Wed Mar  7 01:58:58 CET 2018] scale:10000 groups:100 work_mem:128MB incremental:on max_workers:0 =====
SELECT * FROM s_1 ORDER BY a, b
                                                              QUERY PLAN                                                              
--------------------------------------------------------------------------------------------------------------------------------------
 Limit  (cost=945.78..945.78 rows=1 width=20) (actual time=3.917..3.917 rows=0 loops=1)
   ->  Incremental Sort  (cost=6.90..845.78 rows=10000 width=20) (actual time=0.059..3.695 rows=10000 loops=1)
         Sort Key: s_1.a, s_1.b
         Presorted Key: s_1.a
         Sort Method: quicksort  Memory: 35kB
         Sort Groups: 101
         ->  Index Scan using s_1_a_idx on s_1  (cost=0.29..337.29 rows=10000 width=20) (actual time=0.006..1.202 rows=10000 loops=1)
 Planning time: 0.247 ms
 Execution time: 3.949 ms
(9 rows)

===== 154 [Wed Mar  7 01:58:58 CET 2018] scale:10000 groups:100 work_mem:128MB incremental:on max_workers:0 =====
SELECT * FROM s_2 ORDER BY a, b, c
                                                               QUERY PLAN                                                               
----------------------------------------------------------------------------------------------------------------------------------------
 Limit  (cost=881.07..881.07 rows=1 width=20) (actual time=3.403..3.403 rows=0 loops=1)
   ->  Incremental Sort  (cost=0.87..781.07 rows=10000 width=20) (actual time=0.057..3.183 rows=10000 loops=1)
         Sort Key: s_2.a, s_2.b, s_2.c
         Presorted Key: s_2.a, s_2.b
         Sort Method: quicksort  Memory: 27kB
         Sort Groups: 308
         ->  Index Scan using s_2_a_b_idx on s_2  (cost=0.29..419.97 rows=10000 width=20) (actual time=0.015..1.201 rows=10000 loops=1)
 Planning time: 0.260 ms
 Execution time: 3.422 ms
(9 rows)

===== 155 [Wed Mar  7 01:58:58 CET 2018] scale:10000 groups:100 work_mem:128MB incremental:on max_workers:0 =====
SELECT * FROM s_3 ORDER BY a, b, c, d
                                                                QUERY PLAN                                                                
------------------------------------------------------------------------------------------------------------------------------------------
 Limit  (cost=925.07..925.07 rows=1 width=20) (actual time=2.796..2.796 rows=0 loops=1)
   ->  Incremental Sort  (cost=0.91..825.07 rows=10000 width=20) (actual time=0.057..2.573 rows=10000 loops=1)
         Sort Key: s_3.a, s_3.b, s_3.c, s_3.d
         Presorted Key: s_3.a, s_3.b, s_3.c
         Sort Method: quicksort  Memory: 27kB
         Sort Groups: 313
         ->  Index Scan using s_3_a_b_c_idx on s_3  (cost=0.29..463.97 rows=10000 width=20) (actual time=0.015..1.205 rows=10000 loops=1)
 Planning time: 0.261 ms
 Execution time: 2.815 ms
(9 rows)

===== 156 [Wed Mar  7 01:58:58 CET 2018] scale:10000 groups:100 work_mem:128MB incremental:on max_workers:0 =====
SELECT * FROM s_4 ORDER BY a, b, c, d, e
                                                                 QUERY PLAN                                                                 
--------------------------------------------------------------------------------------------------------------------------------------------
 Limit  (cost=925.07..925.07 rows=1 width=20) (actual time=2.762..2.762 rows=0 loops=1)
   ->  Incremental Sort  (cost=0.91..825.07 rows=10000 width=20) (actual time=0.047..2.540 rows=10000 loops=1)
         Sort Key: s_4.a, s_4.b, s_4.c, s_4.d, s_4.e
         Presorted Key: s_4.a, s_4.b, s_4.c, s_4.d
         Sort Method: quicksort  Memory: 27kB
         Sort Groups: 313
         ->  Index Scan using s_4_a_b_c_d_idx on s_4  (cost=0.29..463.97 rows=10000 width=20) (actual time=0.005..1.216 rows=10000 loops=1)
 Planning time: 0.259 ms
 Execution time: 2.782 ms
(9 rows)

===== 157 [Wed Mar  7 01:58:58 CET 2018] scale:10000 groups:100 work_mem:128MB incremental:off max_workers:0 =====
SELECT * FROM s_1 ORDER BY a, b
                                                     QUERY PLAN                                                     
--------------------------------------------------------------------------------------------------------------------
 Limit  (cost=953.39..953.39 rows=1 width=20) (actual time=3.930..3.930 rows=0 loops=1)
   ->  Sort  (cost=828.39..853.39 rows=10000 width=20) (actual time=3.374..3.714 rows=10000 loops=1)
         Sort Key: s_1.a, s_1.b
         Sort Method: quicksort  Memory: 1166kB
         ->  Seq Scan on s_1  (cost=0.00..164.00 rows=10000 width=20) (actual time=0.004..0.584 rows=10000 loops=1)
 Planning time: 0.239 ms
 Execution time: 3.987 ms
(7 rows)

===== 158 [Wed Mar  7 01:58:58 CET 2018] scale:10000 groups:100 work_mem:128MB incremental:off max_workers:0 =====
SELECT * FROM s_2 ORDER BY a, b, c
                                                     QUERY PLAN                                                     
--------------------------------------------------------------------------------------------------------------------
 Limit  (cost=953.39..953.39 rows=1 width=20) (actual time=3.843..3.843 rows=0 loops=1)
   ->  Sort  (cost=828.39..853.39 rows=10000 width=20) (actual time=3.308..3.627 rows=10000 loops=1)
         Sort Key: s_2.a, s_2.b, s_2.c
         Sort Method: quicksort  Memory: 1166kB
         ->  Seq Scan on s_2  (cost=0.00..164.00 rows=10000 width=20) (actual time=0.007..0.580 rows=10000 loops=1)
 Planning time: 0.255 ms
 Execution time: 3.899 ms
(7 rows)

===== 159 [Wed Mar  7 01:58:58 CET 2018] scale:10000 groups:100 work_mem:128MB incremental:off max_workers:0 =====
SELECT * FROM s_3 ORDER BY a, b, c, d
                                                     QUERY PLAN                                                     
--------------------------------------------------------------------------------------------------------------------
 Limit  (cost=953.39..953.39 rows=1 width=20) (actual time=3.203..3.203 rows=0 loops=1)
   ->  Sort  (cost=828.39..853.39 rows=10000 width=20) (actual time=2.667..2.987 rows=10000 loops=1)
         Sort Key: s_3.a, s_3.b, s_3.c, s_3.d
         Sort Method: quicksort  Memory: 1166kB
         ->  Seq Scan on s_3  (cost=0.00..164.00 rows=10000 width=20) (actual time=0.010..0.575 rows=10000 loops=1)
 Planning time: 0.252 ms
 Execution time: 3.259 ms
(7 rows)

===== 160 [Wed Mar  7 01:58:58 CET 2018] scale:10000 groups:100 work_mem:128MB incremental:off max_workers:0 =====
SELECT * FROM s_4 ORDER BY a, b, c, d, e
                                                     QUERY PLAN                                                     
--------------------------------------------------------------------------------------------------------------------
 Limit  (cost=953.39..953.39 rows=1 width=20) (actual time=2.411..2.411 rows=0 loops=1)
   ->  Sort  (cost=828.39..853.39 rows=10000 width=20) (actual time=1.878..2.192 rows=10000 loops=1)
         Sort Key: s_4.a, s_4.b, s_4.c, s_4.d, s_4.e
         Sort Method: quicksort  Memory: 1166kB
         ->  Seq Scan on s_4  (cost=0.00..164.00 rows=10000 width=20) (actual time=0.004..0.577 rows=10000 loops=1)
 Planning time: 0.246 ms
 Execution time: 2.467 ms
(7 rows)

===== 161 [Wed Mar  7 01:58:58 CET 2018] scale:10000 groups:100 work_mem:256MB incremental:on max_workers:0 =====
SELECT * FROM s_1 ORDER BY a, b
                                                              QUERY PLAN                                                              
--------------------------------------------------------------------------------------------------------------------------------------
 Limit  (cost=945.78..945.78 rows=1 width=20) (actual time=3.922..3.922 rows=0 loops=1)
   ->  Incremental Sort  (cost=6.90..845.78 rows=10000 width=20) (actual time=0.059..3.700 rows=10000 loops=1)
         Sort Key: s_1.a, s_1.b
         Presorted Key: s_1.a
         Sort Method: quicksort  Memory: 35kB
         Sort Groups: 101
         ->  Index Scan using s_1_a_idx on s_1  (cost=0.29..337.29 rows=10000 width=20) (actual time=0.006..1.204 rows=10000 loops=1)
 Planning time: 0.248 ms
 Execution time: 3.944 ms
(9 rows)

===== 162 [Wed Mar  7 01:58:59 CET 2018] scale:10000 groups:100 work_mem:256MB incremental:on max_workers:0 =====
SELECT * FROM s_2 ORDER BY a, b, c
                                                               QUERY PLAN                                                               
----------------------------------------------------------------------------------------------------------------------------------------
 Limit  (cost=881.07..881.07 rows=1 width=20) (actual time=3.404..3.404 rows=0 loops=1)
   ->  Incremental Sort  (cost=0.87..781.07 rows=10000 width=20) (actual time=0.058..3.180 rows=10000 loops=1)
         Sort Key: s_2.a, s_2.b, s_2.c
         Presorted Key: s_2.a, s_2.b
         Sort Method: quicksort  Memory: 27kB
         Sort Groups: 308
         ->  Index Scan using s_2_a_b_idx on s_2  (cost=0.29..419.97 rows=10000 width=20) (actual time=0.015..1.202 rows=10000 loops=1)
 Planning time: 0.262 ms
 Execution time: 3.427 ms
(9 rows)

===== 163 [Wed Mar  7 01:58:59 CET 2018] scale:10000 groups:100 work_mem:256MB incremental:on max_workers:0 =====
SELECT * FROM s_3 ORDER BY a, b, c, d
                                                                QUERY PLAN                                                                
------------------------------------------------------------------------------------------------------------------------------------------
 Limit  (cost=925.07..925.07 rows=1 width=20) (actual time=2.785..2.785 rows=0 loops=1)
   ->  Incremental Sort  (cost=0.91..825.07 rows=10000 width=20) (actual time=0.055..2.566 rows=10000 loops=1)
         Sort Key: s_3.a, s_3.b, s_3.c, s_3.d
         Presorted Key: s_3.a, s_3.b, s_3.c
         Sort Method: quicksort  Memory: 27kB
         Sort Groups: 313
         ->  Index Scan using s_3_a_b_c_idx on s_3  (cost=0.29..463.97 rows=10000 width=20) (actual time=0.014..1.211 rows=10000 loops=1)
 Planning time: 0.266 ms
 Execution time: 2.804 ms
(9 rows)

===== 164 [Wed Mar  7 01:58:59 CET 2018] scale:10000 groups:100 work_mem:256MB incremental:on max_workers:0 =====
SELECT * FROM s_4 ORDER BY a, b, c, d, e
                                                                 QUERY PLAN                                                                 
--------------------------------------------------------------------------------------------------------------------------------------------
 Limit  (cost=925.07..925.07 rows=1 width=20) (actual time=2.762..2.762 rows=0 loops=1)
   ->  Incremental Sort  (cost=0.91..825.07 rows=10000 width=20) (actual time=0.052..2.539 rows=10000 loops=1)
         Sort Key: s_4.a, s_4.b, s_4.c, s_4.d, s_4.e
         Presorted Key: s_4.a, s_4.b, s_4.c, s_4.d
         Sort Method: quicksort  Memory: 27kB
         Sort Groups: 313
         ->  Index Scan using s_4_a_b_c_d_idx on s_4  (cost=0.29..463.97 rows=10000 width=20) (actual time=0.005..1.218 rows=10000 loops=1)
 Planning time: 0.260 ms
 Execution time: 2.782 ms
(9 rows)

===== 165 [Wed Mar  7 01:58:59 CET 2018] scale:10000 groups:100 work_mem:256MB incremental:off max_workers:0 =====
SELECT * FROM s_1 ORDER BY a, b
                                                     QUERY PLAN                                                     
--------------------------------------------------------------------------------------------------------------------
 Limit  (cost=953.39..953.39 rows=1 width=20) (actual time=3.927..3.927 rows=0 loops=1)
   ->  Sort  (cost=828.39..853.39 rows=10000 width=20) (actual time=3.375..3.707 rows=10000 loops=1)
         Sort Key: s_1.a, s_1.b
         Sort Method: quicksort  Memory: 1166kB
         ->  Seq Scan on s_1  (cost=0.00..164.00 rows=10000 width=20) (actual time=0.004..0.576 rows=10000 loops=1)
 Planning time: 0.240 ms
 Execution time: 3.987 ms
(7 rows)

===== 166 [Wed Mar  7 01:58:59 CET 2018] scale:10000 groups:100 work_mem:256MB incremental:off max_workers:0 =====
SELECT * FROM s_2 ORDER BY a, b, c
                                                     QUERY PLAN                                                     
--------------------------------------------------------------------------------------------------------------------
 Limit  (cost=953.39..953.39 rows=1 width=20) (actual time=3.851..3.851 rows=0 loops=1)
   ->  Sort  (cost=828.39..853.39 rows=10000 width=20) (actual time=3.318..3.634 rows=10000 loops=1)
         Sort Key: s_2.a, s_2.b, s_2.c
         Sort Method: quicksort  Memory: 1166kB
         ->  Seq Scan on s_2  (cost=0.00..164.00 rows=10000 width=20) (actual time=0.007..0.584 rows=10000 loops=1)
 Planning time: 0.249 ms
 Execution time: 3.907 ms
(7 rows)

===== 167 [Wed Mar  7 01:58:59 CET 2018] scale:10000 groups:100 work_mem:256MB incremental:off max_workers:0 =====
SELECT * FROM s_3 ORDER BY a, b, c, d
                                                     QUERY PLAN                                                     
--------------------------------------------------------------------------------------------------------------------
 Limit  (cost=953.39..953.39 rows=1 width=20) (actual time=3.209..3.209 rows=0 loops=1)
   ->  Sort  (cost=828.39..853.39 rows=10000 width=20) (actual time=2.672..2.992 rows=10000 loops=1)
         Sort Key: s_3.a, s_3.b, s_3.c, s_3.d
         Sort Method: quicksort  Memory: 1166kB
         ->  Seq Scan on s_3  (cost=0.00..164.00 rows=10000 width=20) (actual time=0.010..0.572 rows=10000 loops=1)
 Planning time: 0.255 ms
 Execution time: 3.263 ms
(7 rows)

===== 168 [Wed Mar  7 01:58:59 CET 2018] scale:10000 groups:100 work_mem:256MB incremental:off max_workers:0 =====
SELECT * FROM s_4 ORDER BY a, b, c, d, e
                                                     QUERY PLAN                                                     
--------------------------------------------------------------------------------------------------------------------
 Limit  (cost=953.39..953.39 rows=1 width=20) (actual time=2.413..2.413 rows=0 loops=1)
   ->  Sort  (cost=828.39..853.39 rows=10000 width=20) (actual time=1.883..2.195 rows=10000 loops=1)
         Sort Key: s_4.a, s_4.b, s_4.c, s_4.d, s_4.e
         Sort Method: quicksort  Memory: 1166kB
         ->  Seq Scan on s_4  (cost=0.00..164.00 rows=10000 width=20) (actual time=0.004..0.573 rows=10000 loops=1)
 Planning time: 0.252 ms
 Execution time: 2.469 ms
(7 rows)

===== 169 [Wed Mar  7 01:58:59 CET 2018] scale:10000 groups:100 work_mem:4MB incremental:on max_workers:2 =====
SELECT * FROM s_1 ORDER BY a, b
                                                              QUERY PLAN                                                              
--------------------------------------------------------------------------------------------------------------------------------------
 Limit  (cost=945.78..945.78 rows=1 width=20) (actual time=3.926..3.926 rows=0 loops=1)
   ->  Incremental Sort  (cost=6.90..845.78 rows=10000 width=20) (actual time=0.059..3.704 rows=10000 loops=1)
         Sort Key: s_1.a, s_1.b
         Presorted Key: s_1.a
         Sort Method: quicksort  Memory: 35kB
         Sort Groups: 101
         ->  Index Scan using s_1_a_idx on s_1  (cost=0.29..337.29 rows=10000 width=20) (actual time=0.006..1.214 rows=10000 loops=1)
 Planning time: 0.254 ms
 Execution time: 3.949 ms
(9 rows)

===== 170 [Wed Mar  7 01:58:59 CET 2018] scale:10000 groups:100 work_mem:4MB incremental:on max_workers:2 =====
SELECT * FROM s_2 ORDER BY a, b, c
                                                               QUERY PLAN                                                               
----------------------------------------------------------------------------------------------------------------------------------------
 Limit  (cost=881.07..881.07 rows=1 width=20) (actual time=3.409..3.409 rows=0 loops=1)
   ->  Incremental Sort  (cost=0.87..781.07 rows=10000 width=20) (actual time=0.058..3.190 rows=10000 loops=1)
         Sort Key: s_2.a, s_2.b, s_2.c
         Presorted Key: s_2.a, s_2.b
         Sort Method: quicksort  Memory: 27kB
         Sort Groups: 308
         ->  Index Scan using s_2_a_b_idx on s_2  (cost=0.29..419.97 rows=10000 width=20) (actual time=0.014..1.212 rows=10000 loops=1)
 Planning time: 0.263 ms
 Execution time: 3.428 ms
(9 rows)

===== 171 [Wed Mar  7 01:58:59 CET 2018] scale:10000 groups:100 work_mem:4MB incremental:on max_workers:2 =====
SELECT * FROM s_3 ORDER BY a, b, c, d
                                                                QUERY PLAN                                                                
------------------------------------------------------------------------------------------------------------------------------------------
 Limit  (cost=925.07..925.07 rows=1 width=20) (actual time=2.790..2.790 rows=0 loops=1)
   ->  Incremental Sort  (cost=0.91..825.07 rows=10000 width=20) (actual time=0.056..2.571 rows=10000 loops=1)
         Sort Key: s_3.a, s_3.b, s_3.c, s_3.d
         Presorted Key: s_3.a, s_3.b, s_3.c
         Sort Method: quicksort  Memory: 27kB
         Sort Groups: 313
         ->  Index Scan using s_3_a_b_c_idx on s_3  (cost=0.29..463.97 rows=10000 width=20) (actual time=0.015..1.207 rows=10000 loops=1)
 Planning time: 0.270 ms
 Execution time: 2.809 ms
(9 rows)

===== 172 [Wed Mar  7 01:58:59 CET 2018] scale:10000 groups:100 work_mem:4MB incremental:on max_workers:2 =====
SELECT * FROM s_4 ORDER BY a, b, c, d, e
                                                                 QUERY PLAN                                                                 
--------------------------------------------------------------------------------------------------------------------------------------------
 Limit  (cost=925.07..925.07 rows=1 width=20) (actual time=2.762..2.762 rows=0 loops=1)
   ->  Incremental Sort  (cost=0.91..825.07 rows=10000 width=20) (actual time=0.046..2.537 rows=10000 loops=1)
         Sort Key: s_4.a, s_4.b, s_4.c, s_4.d, s_4.e
         Presorted Key: s_4.a, s_4.b, s_4.c, s_4.d
         Sort Method: quicksort  Memory: 27kB
         Sort Groups: 313
         ->  Index Scan using s_4_a_b_c_d_idx on s_4  (cost=0.29..463.97 rows=10000 width=20) (actual time=0.005..1.218 rows=10000 loops=1)
 Planning time: 0.264 ms
 Execution time: 2.782 ms
(9 rows)

===== 173 [Wed Mar  7 01:59:00 CET 2018] scale:10000 groups:100 work_mem:4MB incremental:off max_workers:2 =====
SELECT * FROM s_1 ORDER BY a, b
                                                     QUERY PLAN                                                     
--------------------------------------------------------------------------------------------------------------------
 Limit  (cost=953.39..953.39 rows=1 width=20) (actual time=3.927..3.927 rows=0 loops=1)
   ->  Sort  (cost=828.39..853.39 rows=10000 width=20) (actual time=3.377..3.708 rows=10000 loops=1)
         Sort Key: s_1.a, s_1.b
         Sort Method: quicksort  Memory: 1166kB
         ->  Seq Scan on s_1  (cost=0.00..164.00 rows=10000 width=20) (actual time=0.004..0.576 rows=10000 loops=1)
 Planning time: 0.245 ms
 Execution time: 3.983 ms
(7 rows)

===== 174 [Wed Mar  7 01:59:00 CET 2018] scale:10000 groups:100 work_mem:4MB incremental:off max_workers:2 =====
SELECT * FROM s_2 ORDER BY a, b, c
                                                     QUERY PLAN                                                     
--------------------------------------------------------------------------------------------------------------------
 Limit  (cost=953.39..953.39 rows=1 width=20) (actual time=3.858..3.858 rows=0 loops=1)
   ->  Sort  (cost=828.39..853.39 rows=10000 width=20) (actual time=3.319..3.640 rows=10000 loops=1)
         Sort Key: s_2.a, s_2.b, s_2.c
         Sort Method: quicksort  Memory: 1166kB
         ->  Seq Scan on s_2  (cost=0.00..164.00 rows=10000 width=20) (actual time=0.007..0.577 rows=10000 loops=1)
 Planning time: 0.253 ms
 Execution time: 3.914 ms
(7 rows)

===== 175 [Wed Mar  7 01:59:00 CET 2018] scale:10000 groups:100 work_mem:4MB incremental:off max_workers:2 =====
SELECT * FROM s_3 ORDER BY a, b, c, d
                                                     QUERY PLAN                                                     
--------------------------------------------------------------------------------------------------------------------
 Limit  (cost=953.39..953.39 rows=1 width=20) (actual time=3.207..3.207 rows=0 loops=1)
   ->  Sort  (cost=828.39..853.39 rows=10000 width=20) (actual time=2.668..2.990 rows=10000 loops=1)
         Sort Key: s_3.a, s_3.b, s_3.c, s_3.d
         Sort Method: quicksort  Memory: 1166kB
         ->  Seq Scan on s_3  (cost=0.00..164.00 rows=10000 width=20) (actual time=0.010..0.572 rows=10000 loops=1)
 Planning time: 0.257 ms
 Execution time: 3.263 ms
(7 rows)

===== 176 [Wed Mar  7 01:59:00 CET 2018] scale:10000 groups:100 work_mem:4MB incremental:off max_workers:2 =====
SELECT * FROM s_4 ORDER BY a, b, c, d, e
                                                     QUERY PLAN                                                     
--------------------------------------------------------------------------------------------------------------------
 Limit  (cost=953.39..953.39 rows=1 width=20) (actual time=2.412..2.412 rows=0 loops=1)
   ->  Sort  (cost=828.39..853.39 rows=10000 width=20) (actual time=1.882..2.194 rows=10000 loops=1)
         Sort Key: s_4.a, s_4.b, s_4.c, s_4.d, s_4.e
         Sort Method: quicksort  Memory: 1166kB
         ->  Seq Scan on s_4  (cost=0.00..164.00 rows=10000 width=20) (actual time=0.004..0.578 rows=10000 loops=1)
 Planning time: 0.256 ms
 Execution time: 2.468 ms
(7 rows)

===== 177 [Wed Mar  7 01:59:00 CET 2018] scale:10000 groups:100 work_mem:8MB incremental:on max_workers:2 =====
SELECT * FROM s_1 ORDER BY a, b
                                                              QUERY PLAN                                                              
--------------------------------------------------------------------------------------------------------------------------------------
 Limit  (cost=945.78..945.78 rows=1 width=20) (actual time=3.923..3.923 rows=0 loops=1)
   ->  Incremental Sort  (cost=6.90..845.78 rows=10000 width=20) (actual time=0.059..3.702 rows=10000 loops=1)
         Sort Key: s_1.a, s_1.b
         Presorted Key: s_1.a
         Sort Method: quicksort  Memory: 35kB
         Sort Groups: 101
         ->  Index Scan using s_1_a_idx on s_1  (cost=0.29..337.29 rows=10000 width=20) (actual time=0.006..1.213 rows=10000 loops=1)
 Planning time: 0.253 ms
 Execution time: 3.946 ms
(9 rows)

===== 178 [Wed Mar  7 01:59:00 CET 2018] scale:10000 groups:100 work_mem:8MB incremental:on max_workers:2 =====
SELECT * FROM s_2 ORDER BY a, b, c
                                                               QUERY PLAN                                                               
----------------------------------------------------------------------------------------------------------------------------------------
 Limit  (cost=881.07..881.07 rows=1 width=20) (actual time=3.401..3.401 rows=0 loops=1)
   ->  Incremental Sort  (cost=0.87..781.07 rows=10000 width=20) (actual time=0.055..3.182 rows=10000 loops=1)
         Sort Key: s_2.a, s_2.b, s_2.c
         Presorted Key: s_2.a, s_2.b
         Sort Method: quicksort  Memory: 27kB
         Sort Groups: 308
         ->  Index Scan using s_2_a_b_idx on s_2  (cost=0.29..419.97 rows=10000 width=20) (actual time=0.014..1.198 rows=10000 loops=1)
 Planning time: 0.269 ms
 Execution time: 3.421 ms
(9 rows)

===== 179 [Wed Mar  7 01:59:00 CET 2018] scale:10000 groups:100 work_mem:8MB incremental:on max_workers:2 =====
SELECT * FROM s_3 ORDER BY a, b, c, d
                                                                QUERY PLAN                                                                
------------------------------------------------------------------------------------------------------------------------------------------
 Limit  (cost=925.07..925.07 rows=1 width=20) (actual time=2.797..2.797 rows=0 loops=1)
   ->  Incremental Sort  (cost=0.91..825.07 rows=10000 width=20) (actual time=0.056..2.579 rows=10000 loops=1)
         Sort Key: s_3.a, s_3.b, s_3.c, s_3.d
         Presorted Key: s_3.a, s_3.b, s_3.c
         Sort Method: quicksort  Memory: 27kB
         Sort Groups: 313
         ->  Index Scan using s_3_a_b_c_idx on s_3  (cost=0.29..463.97 rows=10000 width=20) (actual time=0.014..1.214 rows=10000 loops=1)
 Planning time: 0.266 ms
 Execution time: 2.816 ms
(9 rows)

===== 180 [Wed Mar  7 01:59:00 CET 2018] scale:10000 groups:100 work_mem:8MB incremental:on max_workers:2 =====
SELECT * FROM s_4 ORDER BY a, b, c, d, e
                                                                 QUERY PLAN                                                                 
--------------------------------------------------------------------------------------------------------------------------------------------
 Limit  (cost=925.07..925.07 rows=1 width=20) (actual time=2.767..2.767 rows=0 loops=1)
   ->  Incremental Sort  (cost=0.91..825.07 rows=10000 width=20) (actual time=0.049..2.543 rows=10000 loops=1)
         Sort Key: s_4.a, s_4.b, s_4.c, s_4.d, s_4.e
         Presorted Key: s_4.a, s_4.b, s_4.c, s_4.d
         Sort Method: quicksort  Memory: 27kB
         Sort Groups: 313
         ->  Index Scan using s_4_a_b_c_d_idx on s_4  (cost=0.29..463.97 rows=10000 width=20) (actual time=0.005..1.218 rows=10000 loops=1)
 Planning time: 0.261 ms
 Execution time: 2.786 ms
(9 rows)

===== 181 [Wed Mar  7 01:59:00 CET 2018] scale:10000 groups:100 work_mem:8MB incremental:off max_workers:2 =====
SELECT * FROM s_1 ORDER BY a, b
                                                     QUERY PLAN                                                     
--------------------------------------------------------------------------------------------------------------------
 Limit  (cost=953.39..953.39 rows=1 width=20) (actual time=3.926..3.926 rows=0 loops=1)
   ->  Sort  (cost=828.39..853.39 rows=10000 width=20) (actual time=3.373..3.706 rows=10000 loops=1)
         Sort Key: s_1.a, s_1.b
         Sort Method: quicksort  Memory: 1166kB
         ->  Seq Scan on s_1  (cost=0.00..164.00 rows=10000 width=20) (actual time=0.004..0.581 rows=10000 loops=1)
 Planning time: 0.252 ms
 Execution time: 3.982 ms
(7 rows)

===== 182 [Wed Mar  7 01:59:00 CET 2018] scale:10000 groups:100 work_mem:8MB incremental:off max_workers:2 =====
SELECT * FROM s_2 ORDER BY a, b, c
                                                     QUERY PLAN                                                     
--------------------------------------------------------------------------------------------------------------------
 Limit  (cost=953.39..953.39 rows=1 width=20) (actual time=3.841..3.841 rows=0 loops=1)
   ->  Sort  (cost=828.39..853.39 rows=10000 width=20) (actual time=3.308..3.625 rows=10000 loops=1)
         Sort Key: s_2.a, s_2.b, s_2.c
         Sort Method: quicksort  Memory: 1166kB
         ->  Seq Scan on s_2  (cost=0.00..164.00 rows=10000 width=20) (actual time=0.007..0.577 rows=10000 loops=1)
 Planning time: 0.251 ms
 Execution time: 3.897 ms
(7 rows)

===== 183 [Wed Mar  7 01:59:00 CET 2018] scale:10000 groups:100 work_mem:8MB incremental:off max_workers:2 =====
SELECT * FROM s_3 ORDER BY a, b, c, d
                                                     QUERY PLAN                                                     
--------------------------------------------------------------------------------------------------------------------
 Limit  (cost=953.39..953.39 rows=1 width=20) (actual time=3.211..3.211 rows=0 loops=1)
   ->  Sort  (cost=828.39..853.39 rows=10000 width=20) (actual time=2.672..2.993 rows=10000 loops=1)
         Sort Key: s_3.a, s_3.b, s_3.c, s_3.d
         Sort Method: quicksort  Memory: 1166kB
         ->  Seq Scan on s_3  (cost=0.00..164.00 rows=10000 width=20) (actual time=0.009..0.571 rows=10000 loops=1)
 Planning time: 0.256 ms
 Execution time: 3.268 ms
(7 rows)

===== 184 [Wed Mar  7 01:59:00 CET 2018] scale:10000 groups:100 work_mem:8MB incremental:off max_workers:2 =====
SELECT * FROM s_4 ORDER BY a, b, c, d, e
                                                     QUERY PLAN                                                     
--------------------------------------------------------------------------------------------------------------------
 Limit  (cost=953.39..953.39 rows=1 width=20) (actual time=2.412..2.412 rows=0 loops=1)
   ->  Sort  (cost=828.39..853.39 rows=10000 width=20) (actual time=1.879..2.193 rows=10000 loops=1)
         Sort Key: s_4.a, s_4.b, s_4.c, s_4.d, s_4.e
         Sort Method: quicksort  Memory: 1166kB
         ->  Seq Scan on s_4  (cost=0.00..164.00 rows=10000 width=20) (actual time=0.004..0.574 rows=10000 loops=1)
 Planning time: 0.248 ms
 Execution time: 2.468 ms
(7 rows)

===== 185 [Wed Mar  7 01:59:01 CET 2018] scale:10000 groups:100 work_mem:16MB incremental:on max_workers:2 =====
SELECT * FROM s_1 ORDER BY a, b
                                                              QUERY PLAN                                                              
--------------------------------------------------------------------------------------------------------------------------------------
 Limit  (cost=945.78..945.78 rows=1 width=20) (actual time=3.930..3.930 rows=0 loops=1)
   ->  Incremental Sort  (cost=6.90..845.78 rows=10000 width=20) (actual time=0.060..3.709 rows=10000 loops=1)
         Sort Key: s_1.a, s_1.b
         Presorted Key: s_1.a
         Sort Method: quicksort  Memory: 35kB
         Sort Groups: 101
         ->  Index Scan using s_1_a_idx on s_1  (cost=0.29..337.29 rows=10000 width=20) (actual time=0.006..1.206 rows=10000 loops=1)
 Planning time: 0.249 ms
 Execution time: 3.952 ms
(9 rows)

===== 186 [Wed Mar  7 01:59:01 CET 2018] scale:10000 groups:100 work_mem:16MB incremental:on max_workers:2 =====
SELECT * FROM s_2 ORDER BY a, b, c
                                                               QUERY PLAN                                                               
----------------------------------------------------------------------------------------------------------------------------------------
 Limit  (cost=881.07..881.07 rows=1 width=20) (actual time=3.404..3.404 rows=0 loops=1)
   ->  Incremental Sort  (cost=0.87..781.07 rows=10000 width=20) (actual time=0.057..3.185 rows=10000 loops=1)
         Sort Key: s_2.a, s_2.b, s_2.c
         Presorted Key: s_2.a, s_2.b
         Sort Method: quicksort  Memory: 27kB
         Sort Groups: 308
         ->  Index Scan using s_2_a_b_idx on s_2  (cost=0.29..419.97 rows=10000 width=20) (actual time=0.015..1.206 rows=10000 loops=1)
 Planning time: 0.262 ms
 Execution time: 3.424 ms
(9 rows)

===== 187 [Wed Mar  7 01:59:01 CET 2018] scale:10000 groups:100 work_mem:16MB incremental:on max_workers:2 =====
SELECT * FROM s_3 ORDER BY a, b, c, d
                                                                QUERY PLAN                                                                
------------------------------------------------------------------------------------------------------------------------------------------
 Limit  (cost=925.07..925.07 rows=1 width=20) (actual time=2.792..2.792 rows=0 loops=1)
   ->  Incremental Sort  (cost=0.91..825.07 rows=10000 width=20) (actual time=0.058..2.574 rows=10000 loops=1)
         Sort Key: s_3.a, s_3.b, s_3.c, s_3.d
         Presorted Key: s_3.a, s_3.b, s_3.c
         Sort Method: quicksort  Memory: 27kB
         Sort Groups: 313
         ->  Index Scan using s_3_a_b_c_idx on s_3  (cost=0.29..463.97 rows=10000 width=20) (actual time=0.015..1.207 rows=10000 loops=1)
 Planning time: 0.271 ms
 Execution time: 2.812 ms
(9 rows)

===== 188 [Wed Mar  7 01:59:01 CET 2018] scale:10000 groups:100 work_mem:16MB incremental:on max_workers:2 =====
SELECT * FROM s_4 ORDER BY a, b, c, d, e
                                                                 QUERY PLAN                                                                 
--------------------------------------------------------------------------------------------------------------------------------------------
 Limit  (cost=925.07..925.07 rows=1 width=20) (actual time=2.750..2.750 rows=0 loops=1)
   ->  Incremental Sort  (cost=0.91..825.07 rows=10000 width=20) (actual time=0.046..2.529 rows=10000 loops=1)
         Sort Key: s_4.a, s_4.b, s_4.c, s_4.d, s_4.e
         Presorted Key: s_4.a, s_4.b, s_4.c, s_4.d
         Sort Method: quicksort  Memory: 27kB
         Sort Groups: 313
         ->  Index Scan using s_4_a_b_c_d_idx on s_4  (cost=0.29..463.97 rows=10000 width=20) (actual time=0.005..1.213 rows=10000 loops=1)
 Planning time: 0.273 ms
 Execution time: 2.770 ms
(9 rows)

===== 189 [Wed Mar  7 01:59:01 CET 2018] scale:10000 groups:100 work_mem:16MB incremental:off max_workers:2 =====
SELECT * FROM s_1 ORDER BY a, b
                                                     QUERY PLAN                                                     
--------------------------------------------------------------------------------------------------------------------
 Limit  (cost=953.39..953.39 rows=1 width=20) (actual time=3.925..3.925 rows=0 loops=1)
   ->  Sort  (cost=828.39..853.39 rows=10000 width=20) (actual time=3.374..3.708 rows=10000 loops=1)
         Sort Key: s_1.a, s_1.b
         Sort Method: quicksort  Memory: 1166kB
         ->  Seq Scan on s_1  (cost=0.00..164.00 rows=10000 width=20) (actual time=0.004..0.576 rows=10000 loops=1)
 Planning time: 0.239 ms
 Execution time: 3.981 ms
(7 rows)

===== 190 [Wed Mar  7 01:59:01 CET 2018] scale:10000 groups:100 work_mem:16MB incremental:off max_workers:2 =====
SELECT * FROM s_2 ORDER BY a, b, c
                                                     QUERY PLAN                                                     
--------------------------------------------------------------------------------------------------------------------
 Limit  (cost=953.39..953.39 rows=1 width=20) (actual time=3.844..3.844 rows=0 loops=1)
   ->  Sort  (cost=828.39..853.39 rows=10000 width=20) (actual time=3.308..3.626 rows=10000 loops=1)
         Sort Key: s_2.a, s_2.b, s_2.c
         Sort Method: quicksort  Memory: 1166kB
         ->  Seq Scan on s_2  (cost=0.00..164.00 rows=10000 width=20) (actual time=0.007..0.577 rows=10000 loops=1)
 Planning time: 0.252 ms
 Execution time: 3.901 ms
(7 rows)

===== 191 [Wed Mar  7 01:59:01 CET 2018] scale:10000 groups:100 work_mem:16MB incremental:off max_workers:2 =====
SELECT * FROM s_3 ORDER BY a, b, c, d
                                                     QUERY PLAN                                                     
--------------------------------------------------------------------------------------------------------------------
 Limit  (cost=953.39..953.39 rows=1 width=20) (actual time=3.204..3.204 rows=0 loops=1)
   ->  Sort  (cost=828.39..853.39 rows=10000 width=20) (actual time=2.668..2.987 rows=10000 loops=1)
         Sort Key: s_3.a, s_3.b, s_3.c, s_3.d
         Sort Method: quicksort  Memory: 1166kB
         ->  Seq Scan on s_3  (cost=0.00..164.00 rows=10000 width=20) (actual time=0.009..0.578 rows=10000 loops=1)
 Planning time: 0.253 ms
 Execution time: 3.258 ms
(7 rows)

===== 192 [Wed Mar  7 01:59:01 CET 2018] scale:10000 groups:100 work_mem:16MB incremental:off max_workers:2 =====
SELECT * FROM s_4 ORDER BY a, b, c, d, e
                                                     QUERY PLAN                                                     
--------------------------------------------------------------------------------------------------------------------
 Limit  (cost=953.39..953.39 rows=1 width=20) (actual time=2.417..2.417 rows=0 loops=1)
   ->  Sort  (cost=828.39..853.39 rows=10000 width=20) (actual time=1.882..2.196 rows=10000 loops=1)
         Sort Key: s_4.a, s_4.b, s_4.c, s_4.d, s_4.e
         Sort Method: quicksort  Memory: 1166kB
         ->  Seq Scan on s_4  (cost=0.00..164.00 rows=10000 width=20) (actual time=0.004..0.577 rows=10000 loops=1)
 Planning time: 0.250 ms
 Execution time: 2.473 ms
(7 rows)

===== 193 [Wed Mar  7 01:59:01 CET 2018] scale:10000 groups:100 work_mem:32MB incremental:on max_workers:2 =====
SELECT * FROM s_1 ORDER BY a, b
                                                              QUERY PLAN                                                              
--------------------------------------------------------------------------------------------------------------------------------------
 Limit  (cost=945.78..945.78 rows=1 width=20) (actual time=3.928..3.928 rows=0 loops=1)
   ->  Incremental Sort  (cost=6.90..845.78 rows=10000 width=20) (actual time=0.060..3.706 rows=10000 loops=1)
         Sort Key: s_1.a, s_1.b
         Presorted Key: s_1.a
         Sort Method: quicksort  Memory: 35kB
         Sort Groups: 101
         ->  Index Scan using s_1_a_idx on s_1  (cost=0.29..337.29 rows=10000 width=20) (actual time=0.006..1.205 rows=10000 loops=1)
 Planning time: 0.246 ms
 Execution time: 3.950 ms
(9 rows)

===== 194 [Wed Mar  7 01:59:01 CET 2018] scale:10000 groups:100 work_mem:32MB incremental:on max_workers:2 =====
SELECT * FROM s_2 ORDER BY a, b, c
                                                               QUERY PLAN                                                               
----------------------------------------------------------------------------------------------------------------------------------------
 Limit  (cost=881.07..881.07 rows=1 width=20) (actual time=3.403..3.403 rows=0 loops=1)
   ->  Incremental Sort  (cost=0.87..781.07 rows=10000 width=20) (actual time=0.058..3.184 rows=10000 loops=1)
         Sort Key: s_2.a, s_2.b, s_2.c
         Presorted Key: s_2.a, s_2.b
         Sort Method: quicksort  Memory: 27kB
         Sort Groups: 308
         ->  Index Scan using s_2_a_b_idx on s_2  (cost=0.29..419.97 rows=10000 width=20) (actual time=0.014..1.203 rows=10000 loops=1)
 Planning time: 0.271 ms
 Execution time: 3.423 ms
(9 rows)

===== 195 [Wed Mar  7 01:59:01 CET 2018] scale:10000 groups:100 work_mem:32MB incremental:on max_workers:2 =====
SELECT * FROM s_3 ORDER BY a, b, c, d
                                                                QUERY PLAN                                                                
------------------------------------------------------------------------------------------------------------------------------------------
 Limit  (cost=925.07..925.07 rows=1 width=20) (actual time=2.785..2.785 rows=0 loops=1)
   ->  Incremental Sort  (cost=0.91..825.07 rows=10000 width=20) (actual time=0.055..2.566 rows=10000 loops=1)
         Sort Key: s_3.a, s_3.b, s_3.c, s_3.d
         Presorted Key: s_3.a, s_3.b, s_3.c
         Sort Method: quicksort  Memory: 27kB
         Sort Groups: 313
         ->  Index Scan using s_3_a_b_c_idx on s_3  (cost=0.29..463.97 rows=10000 width=20) (actual time=0.014..1.204 rows=10000 loops=1)
 Planning time: 0.273 ms
 Execution time: 2.804 ms
(9 rows)

===== 196 [Wed Mar  7 01:59:01 CET 2018] scale:10000 groups:100 work_mem:32MB incremental:on max_workers:2 =====
SELECT * FROM s_4 ORDER BY a, b, c, d, e
                                                                 QUERY PLAN                                                                 
--------------------------------------------------------------------------------------------------------------------------------------------
 Limit  (cost=925.07..925.07 rows=1 width=20) (actual time=2.751..2.751 rows=0 loops=1)
   ->  Incremental Sort  (cost=0.91..825.07 rows=10000 width=20) (actual time=0.046..2.530 rows=10000 loops=1)
         Sort Key: s_4.a, s_4.b, s_4.c, s_4.d, s_4.e
         Presorted Key: s_4.a, s_4.b, s_4.c, s_4.d
         Sort Method: quicksort  Memory: 27kB
         Sort Groups: 313
         ->  Index Scan using s_4_a_b_c_d_idx on s_4  (cost=0.29..463.97 rows=10000 width=20) (actual time=0.005..1.216 rows=10000 loops=1)
 Planning time: 0.267 ms
 Execution time: 2.772 ms
(9 rows)

===== 197 [Wed Mar  7 01:59:02 CET 2018] scale:10000 groups:100 work_mem:32MB incremental:off max_workers:2 =====
SELECT * FROM s_1 ORDER BY a, b
                                                     QUERY PLAN                                                     
--------------------------------------------------------------------------------------------------------------------
 Limit  (cost=953.39..953.39 rows=1 width=20) (actual time=3.926..3.926 rows=0 loops=1)
   ->  Sort  (cost=828.39..853.39 rows=10000 width=20) (actual time=3.379..3.710 rows=10000 loops=1)
         Sort Key: s_1.a, s_1.b
         Sort Method: quicksort  Memory: 1166kB
         ->  Seq Scan on s_1  (cost=0.00..164.00 rows=10000 width=20) (actual time=0.004..0.578 rows=10000 loops=1)
 Planning time: 0.240 ms
 Execution time: 3.985 ms
(7 rows)

===== 198 [Wed Mar  7 01:59:02 CET 2018] scale:10000 groups:100 work_mem:32MB incremental:off max_workers:2 =====
SELECT * FROM s_2 ORDER BY a, b, c
                                                     QUERY PLAN                                                     
--------------------------------------------------------------------------------------------------------------------
 Limit  (cost=953.39..953.39 rows=1 width=20) (actual time=3.848..3.848 rows=0 loops=1)
   ->  Sort  (cost=828.39..853.39 rows=10000 width=20) (actual time=3.309..3.631 rows=10000 loops=1)
         Sort Key: s_2.a, s_2.b, s_2.c
         Sort Method: quicksort  Memory: 1166kB
         ->  Seq Scan on s_2  (cost=0.00..164.00 rows=10000 width=20) (actual time=0.007..0.586 rows=10000 loops=1)
 Planning time: 0.261 ms
 Execution time: 3.908 ms
(7 rows)

===== 199 [Wed Mar  7 01:59:02 CET 2018] scale:10000 groups:100 work_mem:32MB incremental:off max_workers:2 =====
SELECT * FROM s_3 ORDER BY a, b, c, d
                                                     QUERY PLAN                                                     
--------------------------------------------------------------------------------------------------------------------
 Limit  (cost=953.39..953.39 rows=1 width=20) (actual time=3.202..3.202 rows=0 loops=1)
   ->  Sort  (cost=828.39..853.39 rows=10000 width=20) (actual time=2.663..2.985 rows=10000 loops=1)
         Sort Key: s_3.a, s_3.b, s_3.c, s_3.d
         Sort Method: quicksort  Memory: 1166kB
         ->  Seq Scan on s_3  (cost=0.00..164.00 rows=10000 width=20) (actual time=0.009..0.571 rows=10000 loops=1)
 Planning time: 0.255 ms
 Execution time: 3.259 ms
(7 rows)

===== 200 [Wed Mar  7 01:59:02 CET 2018] scale:10000 groups:100 work_mem:32MB incremental:off max_workers:2 =====
SELECT * FROM s_4 ORDER BY a, b, c, d, e
                                                     QUERY PLAN                                                     
--------------------------------------------------------------------------------------------------------------------
 Limit  (cost=953.39..953.39 rows=1 width=20) (actual time=2.404..2.404 rows=0 loops=1)
   ->  Sort  (cost=828.39..853.39 rows=10000 width=20) (actual time=1.878..2.187 rows=10000 loops=1)
         Sort Key: s_4.a, s_4.b, s_4.c, s_4.d, s_4.e
         Sort Method: quicksort  Memory: 1166kB
         ->  Seq Scan on s_4  (cost=0.00..164.00 rows=10000 width=20) (actual time=0.004..0.574 rows=10000 loops=1)
 Planning time: 0.248 ms
 Execution time: 2.458 ms
(7 rows)

===== 201 [Wed Mar  7 01:59:02 CET 2018] scale:10000 groups:100 work_mem:64MB incremental:on max_workers:2 =====
SELECT * FROM s_1 ORDER BY a, b
                                                              QUERY PLAN                                                              
--------------------------------------------------------------------------------------------------------------------------------------
 Limit  (cost=945.78..945.78 rows=1 width=20) (actual time=3.921..3.921 rows=0 loops=1)
   ->  Incremental Sort  (cost=6.90..845.78 rows=10000 width=20) (actual time=0.059..3.701 rows=10000 loops=1)
         Sort Key: s_1.a, s_1.b
         Presorted Key: s_1.a
         Sort Method: quicksort  Memory: 35kB
         Sort Groups: 101
         ->  Index Scan using s_1_a_idx on s_1  (cost=0.29..337.29 rows=10000 width=20) (actual time=0.006..1.205 rows=10000 loops=1)
 Planning time: 0.249 ms
 Execution time: 3.944 ms
(9 rows)

===== 202 [Wed Mar  7 01:59:02 CET 2018] scale:10000 groups:100 work_mem:64MB incremental:on max_workers:2 =====
SELECT * FROM s_2 ORDER BY a, b, c
                                                               QUERY PLAN                                                               
----------------------------------------------------------------------------------------------------------------------------------------
 Limit  (cost=881.07..881.07 rows=1 width=20) (actual time=3.404..3.404 rows=0 loops=1)
   ->  Incremental Sort  (cost=0.87..781.07 rows=10000 width=20) (actual time=0.056..3.185 rows=10000 loops=1)
         Sort Key: s_2.a, s_2.b, s_2.c
         Presorted Key: s_2.a, s_2.b
         Sort Method: quicksort  Memory: 27kB
         Sort Groups: 308
         ->  Index Scan using s_2_a_b_idx on s_2  (cost=0.29..419.97 rows=10000 width=20) (actual time=0.014..1.210 rows=10000 loops=1)
 Planning time: 0.262 ms
 Execution time: 3.424 ms
(9 rows)

===== 203 [Wed Mar  7 01:59:02 CET 2018] scale:10000 groups:100 work_mem:64MB incremental:on max_workers:2 =====
SELECT * FROM s_3 ORDER BY a, b, c, d
                                                                QUERY PLAN                                                                
------------------------------------------------------------------------------------------------------------------------------------------
 Limit  (cost=925.07..925.07 rows=1 width=20) (actual time=2.786..2.786 rows=0 loops=1)
   ->  Incremental Sort  (cost=0.91..825.07 rows=10000 width=20) (actual time=0.058..2.568 rows=10000 loops=1)
         Sort Key: s_3.a, s_3.b, s_3.c, s_3.d
         Presorted Key: s_3.a, s_3.b, s_3.c
         Sort Method: quicksort  Memory: 27kB
         Sort Groups: 313
         ->  Index Scan using s_3_a_b_c_idx on s_3  (cost=0.29..463.97 rows=10000 width=20) (actual time=0.014..1.202 rows=10000 loops=1)
 Planning time: 0.272 ms
 Execution time: 2.805 ms
(9 rows)

===== 204 [Wed Mar  7 01:59:02 CET 2018] scale:10000 groups:100 work_mem:64MB incremental:on max_workers:2 =====
SELECT * FROM s_4 ORDER BY a, b, c, d, e
                                                                 QUERY PLAN                                                                 
--------------------------------------------------------------------------------------------------------------------------------------------
 Limit  (cost=925.07..925.07 rows=1 width=20) (actual time=2.755..2.755 rows=0 loops=1)
   ->  Incremental Sort  (cost=0.91..825.07 rows=10000 width=20) (actual time=0.045..2.534 rows=10000 loops=1)
         Sort Key: s_4.a, s_4.b, s_4.c, s_4.d, s_4.e
         Presorted Key: s_4.a, s_4.b, s_4.c, s_4.d
         Sort Method: quicksort  Memory: 27kB
         Sort Groups: 313
         ->  Index Scan using s_4_a_b_c_d_idx on s_4  (cost=0.29..463.97 rows=10000 width=20) (actual time=0.005..1.208 rows=10000 loops=1)
 Planning time: 0.260 ms
 Execution time: 2.775 ms
(9 rows)

===== 205 [Wed Mar  7 01:59:02 CET 2018] scale:10000 groups:100 work_mem:64MB incremental:off max_workers:2 =====
SELECT * FROM s_1 ORDER BY a, b
                                                     QUERY PLAN                                                     
--------------------------------------------------------------------------------------------------------------------
 Limit  (cost=953.39..953.39 rows=1 width=20) (actual time=3.930..3.930 rows=0 loops=1)
   ->  Sort  (cost=828.39..853.39 rows=10000 width=20) (actual time=3.377..3.712 rows=10000 loops=1)
         Sort Key: s_1.a, s_1.b
         Sort Method: quicksort  Memory: 1166kB
         ->  Seq Scan on s_1  (cost=0.00..164.00 rows=10000 width=20) (actual time=0.004..0.586 rows=10000 loops=1)
 Planning time: 0.238 ms
 Execution time: 3.985 ms
(7 rows)

===== 206 [Wed Mar  7 01:59:02 CET 2018] scale:10000 groups:100 work_mem:64MB incremental:off max_workers:2 =====
SELECT * FROM s_2 ORDER BY a, b, c
                                                     QUERY PLAN                                                     
--------------------------------------------------------------------------------------------------------------------
 Limit  (cost=953.39..953.39 rows=1 width=20) (actual time=3.836..3.836 rows=0 loops=1)
   ->  Sort  (cost=828.39..853.39 rows=10000 width=20) (actual time=3.299..3.618 rows=10000 loops=1)
         Sort Key: s_2.a, s_2.b, s_2.c
         Sort Method: quicksort  Memory: 1166kB
         ->  Seq Scan on s_2  (cost=0.00..164.00 rows=10000 width=20) (actual time=0.007..0.579 rows=10000 loops=1)
 Planning time: 0.251 ms
 Execution time: 3.892 ms
(7 rows)

===== 207 [Wed Mar  7 01:59:02 CET 2018] scale:10000 groups:100 work_mem:64MB incremental:off max_workers:2 =====
SELECT * FROM s_3 ORDER BY a, b, c, d
                                                     QUERY PLAN                                                     
--------------------------------------------------------------------------------------------------------------------
 Limit  (cost=953.39..953.39 rows=1 width=20) (actual time=3.206..3.206 rows=0 loops=1)
   ->  Sort  (cost=828.39..853.39 rows=10000 width=20) (actual time=2.664..2.991 rows=10000 loops=1)
         Sort Key: s_3.a, s_3.b, s_3.c, s_3.d
         Sort Method: quicksort  Memory: 1166kB
         ->  Seq Scan on s_3  (cost=0.00..164.00 rows=10000 width=20) (actual time=0.009..0.571 rows=10000 loops=1)
 Planning time: 0.261 ms
 Execution time: 3.264 ms
(7 rows)

===== 208 [Wed Mar  7 01:59:02 CET 2018] scale:10000 groups:100 work_mem:64MB incremental:off max_workers:2 =====
SELECT * FROM s_4 ORDER BY a, b, c, d, e
                                                     QUERY PLAN                                                     
--------------------------------------------------------------------------------------------------------------------
 Limit  (cost=953.39..953.39 rows=1 width=20) (actual time=2.419..2.419 rows=0 loops=1)
   ->  Sort  (cost=828.39..853.39 rows=10000 width=20) (actual time=1.884..2.198 rows=10000 loops=1)
         Sort Key: s_4.a, s_4.b, s_4.c, s_4.d, s_4.e
         Sort Method: quicksort  Memory: 1166kB
         ->  Seq Scan on s_4  (cost=0.00..164.00 rows=10000 width=20) (actual time=0.004..0.577 rows=10000 loops=1)
 Planning time: 0.247 ms
 Execution time: 2.474 ms
(7 rows)

===== 209 [Wed Mar  7 01:59:03 CET 2018] scale:10000 groups:100 work_mem:128MB incremental:on max_workers:2 =====
SELECT * FROM s_1 ORDER BY a, b
                                                              QUERY PLAN                                                              
--------------------------------------------------------------------------------------------------------------------------------------
 Limit  (cost=945.78..945.78 rows=1 width=20) (actual time=3.925..3.925 rows=0 loops=1)
   ->  Incremental Sort  (cost=6.90..845.78 rows=10000 width=20) (actual time=0.062..3.704 rows=10000 loops=1)
         Sort Key: s_1.a, s_1.b
         Presorted Key: s_1.a
         Sort Method: quicksort  Memory: 35kB
         Sort Groups: 101
         ->  Index Scan using s_1_a_idx on s_1  (cost=0.29..337.29 rows=10000 width=20) (actual time=0.006..1.210 rows=10000 loops=1)
 Planning time: 0.251 ms
 Execution time: 3.948 ms
(9 rows)

===== 210 [Wed Mar  7 01:59:03 CET 2018] scale:10000 groups:100 work_mem:128MB incremental:on max_workers:2 =====
SELECT * FROM s_2 ORDER BY a, b, c
                                                               QUERY PLAN                                                               
----------------------------------------------------------------------------------------------------------------------------------------
 Limit  (cost=881.07..881.07 rows=1 width=20) (actual time=3.407..3.407 rows=0 loops=1)
   ->  Incremental Sort  (cost=0.87..781.07 rows=10000 width=20) (actual time=0.056..3.188 rows=10000 loops=1)
         Sort Key: s_2.a, s_2.b, s_2.c
         Presorted Key: s_2.a, s_2.b
         Sort Method: quicksort  Memory: 27kB
         Sort Groups: 308
         ->  Index Scan using s_2_a_b_idx on s_2  (cost=0.29..419.97 rows=10000 width=20) (actual time=0.014..1.202 rows=10000 loops=1)
 Planning time: 0.263 ms
 Execution time: 3.426 ms
(9 rows)

===== 211 [Wed Mar  7 01:59:03 CET 2018] scale:10000 groups:100 work_mem:128MB incremental:on max_workers:2 =====
SELECT * FROM s_3 ORDER BY a, b, c, d
                                                                QUERY PLAN                                                                
------------------------------------------------------------------------------------------------------------------------------------------
 Limit  (cost=925.07..925.07 rows=1 width=20) (actual time=2.789..2.789 rows=0 loops=1)
   ->  Incremental Sort  (cost=0.91..825.07 rows=10000 width=20) (actual time=0.056..2.568 rows=10000 loops=1)
         Sort Key: s_3.a, s_3.b, s_3.c, s_3.d
         Presorted Key: s_3.a, s_3.b, s_3.c
         Sort Method: quicksort  Memory: 27kB
         Sort Groups: 313
         ->  Index Scan using s_3_a_b_c_idx on s_3  (cost=0.29..463.97 rows=10000 width=20) (actual time=0.015..1.205 rows=10000 loops=1)
 Planning time: 0.267 ms
 Execution time: 2.809 ms
(9 rows)

===== 212 [Wed Mar  7 01:59:03 CET 2018] scale:10000 groups:100 work_mem:128MB incremental:on max_workers:2 =====
SELECT * FROM s_4 ORDER BY a, b, c, d, e
                                                                 QUERY PLAN                                                                 
--------------------------------------------------------------------------------------------------------------------------------------------
 Limit  (cost=925.07..925.07 rows=1 width=20) (actual time=2.757..2.757 rows=0 loops=1)
   ->  Incremental Sort  (cost=0.91..825.07 rows=10000 width=20) (actual time=0.046..2.536 rows=10000 loops=1)
         Sort Key: s_4.a, s_4.b, s_4.c, s_4.d, s_4.e
         Presorted Key: s_4.a, s_4.b, s_4.c, s_4.d
         Sort Method: quicksort  Memory: 27kB
         Sort Groups: 313
         ->  Index Scan using s_4_a_b_c_d_idx on s_4  (cost=0.29..463.97 rows=10000 width=20) (actual time=0.005..1.220 rows=10000 loops=1)
 Planning time: 0.259 ms
 Execution time: 2.776 ms
(9 rows)

===== 213 [Wed Mar  7 01:59:03 CET 2018] scale:10000 groups:100 work_mem:128MB incremental:off max_workers:2 =====
SELECT * FROM s_1 ORDER BY a, b
                                                     QUERY PLAN                                                     
--------------------------------------------------------------------------------------------------------------------
 Limit  (cost=953.39..953.39 rows=1 width=20) (actual time=3.927..3.927 rows=0 loops=1)
   ->  Sort  (cost=828.39..853.39 rows=10000 width=20) (actual time=3.375..3.710 rows=10000 loops=1)
         Sort Key: s_1.a, s_1.b
         Sort Method: quicksort  Memory: 1166kB
         ->  Seq Scan on s_1  (cost=0.00..164.00 rows=10000 width=20) (actual time=0.004..0.579 rows=10000 loops=1)
 Planning time: 0.246 ms
 Execution time: 3.984 ms
(7 rows)

===== 214 [Wed Mar  7 01:59:03 CET 2018] scale:10000 groups:100 work_mem:128MB incremental:off max_workers:2 =====
SELECT * FROM s_2 ORDER BY a, b, c
                                                     QUERY PLAN                                                     
--------------------------------------------------------------------------------------------------------------------
 Limit  (cost=953.39..953.39 rows=1 width=20) (actual time=3.855..3.855 rows=0 loops=1)
   ->  Sort  (cost=828.39..853.39 rows=10000 width=20) (actual time=3.320..3.637 rows=10000 loops=1)
         Sort Key: s_2.a, s_2.b, s_2.c
         Sort Method: quicksort  Memory: 1166kB
         ->  Seq Scan on s_2  (cost=0.00..164.00 rows=10000 width=20) (actual time=0.007..0.583 rows=10000 loops=1)
 Planning time: 0.254 ms
 Execution time: 3.910 ms
(7 rows)

===== 215 [Wed Mar  7 01:59:03 CET 2018] scale:10000 groups:100 work_mem:128MB incremental:off max_workers:2 =====
SELECT * FROM s_3 ORDER BY a, b, c, d
                                                     QUERY PLAN                                                     
--------------------------------------------------------------------------------------------------------------------
 Limit  (cost=953.39..953.39 rows=1 width=20) (actual time=3.210..3.210 rows=0 loops=1)
   ->  Sort  (cost=828.39..853.39 rows=10000 width=20) (actual time=2.670..2.988 rows=10000 loops=1)
         Sort Key: s_3.a, s_3.b, s_3.c, s_3.d
         Sort Method: quicksort  Memory: 1166kB
         ->  Seq Scan on s_3  (cost=0.00..164.00 rows=10000 width=20) (actual time=0.010..0.571 rows=10000 loops=1)
 Planning time: 0.255 ms
 Execution time: 3.265 ms
(7 rows)

===== 216 [Wed Mar  7 01:59:03 CET 2018] scale:10000 groups:100 work_mem:128MB incremental:off max_workers:2 =====
SELECT * FROM s_4 ORDER BY a, b, c, d, e
                                                     QUERY PLAN                                                     
--------------------------------------------------------------------------------------------------------------------
 Limit  (cost=953.39..953.39 rows=1 width=20) (actual time=2.415..2.415 rows=0 loops=1)
   ->  Sort  (cost=828.39..853.39 rows=10000 width=20) (actual time=1.880..2.195 rows=10000 loops=1)
         Sort Key: s_4.a, s_4.b, s_4.c, s_4.d, s_4.e
         Sort Method: quicksort  Memory: 1166kB
         ->  Seq Scan on s_4  (cost=0.00..164.00 rows=10000 width=20) (actual time=0.004..0.578 rows=10000 loops=1)
 Planning time: 0.249 ms
 Execution time: 2.469 ms
(7 rows)

===== 217 [Wed Mar  7 01:59:03 CET 2018] scale:10000 groups:100 work_mem:256MB incremental:on max_workers:2 =====
SELECT * FROM s_1 ORDER BY a, b
                                                              QUERY PLAN                                                              
--------------------------------------------------------------------------------------------------------------------------------------
 Limit  (cost=945.78..945.78 rows=1 width=20) (actual time=3.925..3.925 rows=0 loops=1)
   ->  Incremental Sort  (cost=6.90..845.78 rows=10000 width=20) (actual time=0.065..3.704 rows=10000 loops=1)
         Sort Key: s_1.a, s_1.b
         Presorted Key: s_1.a
         Sort Method: quicksort  Memory: 35kB
         Sort Groups: 101
         ->  Index Scan using s_1_a_idx on s_1  (cost=0.29..337.29 rows=10000 width=20) (actual time=0.006..1.206 rows=10000 loops=1)
 Planning time: 0.250 ms
 Execution time: 3.947 ms
(9 rows)

===== 218 [Wed Mar  7 01:59:03 CET 2018] scale:10000 groups:100 work_mem:256MB incremental:on max_workers:2 =====
SELECT * FROM s_2 ORDER BY a, b, c
                                                               QUERY PLAN                                                               
----------------------------------------------------------------------------------------------------------------------------------------
 Limit  (cost=881.07..881.07 rows=1 width=20) (actual time=3.414..3.414 rows=0 loops=1)
   ->  Incremental Sort  (cost=0.87..781.07 rows=10000 width=20) (actual time=0.057..3.185 rows=10000 loops=1)
         Sort Key: s_2.a, s_2.b, s_2.c
         Presorted Key: s_2.a, s_2.b
         Sort Method: quicksort  Memory: 27kB
         Sort Groups: 308
         ->  Index Scan using s_2_a_b_idx on s_2  (cost=0.29..419.97 rows=10000 width=20) (actual time=0.014..1.210 rows=10000 loops=1)
 Planning time: 0.263 ms
 Execution time: 3.433 ms
(9 rows)

===== 219 [Wed Mar  7 01:59:03 CET 2018] scale:10000 groups:100 work_mem:256MB incremental:on max_workers:2 =====
SELECT * FROM s_3 ORDER BY a, b, c, d
                                                                QUERY PLAN                                                                
------------------------------------------------------------------------------------------------------------------------------------------
 Limit  (cost=925.07..925.07 rows=1 width=20) (actual time=2.786..2.786 rows=0 loops=1)
   ->  Incremental Sort  (cost=0.91..825.07 rows=10000 width=20) (actual time=0.056..2.567 rows=10000 loops=1)
         Sort Key: s_3.a, s_3.b, s_3.c, s_3.d
         Presorted Key: s_3.a, s_3.b, s_3.c
         Sort Method: quicksort  Memory: 27kB
         Sort Groups: 313
         ->  Index Scan using s_3_a_b_c_idx on s_3  (cost=0.29..463.97 rows=10000 width=20) (actual time=0.014..1.207 rows=10000 loops=1)
 Planning time: 0.275 ms
 Execution time: 2.805 ms
(9 rows)

===== 220 [Wed Mar  7 01:59:04 CET 2018] scale:10000 groups:100 work_mem:256MB incremental:on max_workers:2 =====
SELECT * FROM s_4 ORDER BY a, b, c, d, e
                                                                 QUERY PLAN                                                                 
--------------------------------------------------------------------------------------------------------------------------------------------
 Limit  (cost=925.07..925.07 rows=1 width=20) (actual time=2.757..2.757 rows=0 loops=1)
   ->  Incremental Sort  (cost=0.91..825.07 rows=10000 width=20) (actual time=0.048..2.537 rows=10000 loops=1)
         Sort Key: s_4.a, s_4.b, s_4.c, s_4.d, s_4.e
         Presorted Key: s_4.a, s_4.b, s_4.c, s_4.d
         Sort Method: quicksort  Memory: 27kB
         Sort Groups: 313
         ->  Index Scan using s_4_a_b_c_d_idx on s_4  (cost=0.29..463.97 rows=10000 width=20) (actual time=0.005..1.217 rows=10000 loops=1)
 Planning time: 0.259 ms
 Execution time: 2.777 ms
(9 rows)

===== 221 [Wed Mar  7 01:59:04 CET 2018] scale:10000 groups:100 work_mem:256MB incremental:off max_workers:2 =====
SELECT * FROM s_1 ORDER BY a, b
                                                     QUERY PLAN                                                     
--------------------------------------------------------------------------------------------------------------------
 Limit  (cost=953.39..953.39 rows=1 width=20) (actual time=3.925..3.925 rows=0 loops=1)
   ->  Sort  (cost=828.39..853.39 rows=10000 width=20) (actual time=3.376..3.708 rows=10000 loops=1)
         Sort Key: s_1.a, s_1.b
         Sort Method: quicksort  Memory: 1166kB
         ->  Seq Scan on s_1  (cost=0.00..164.00 rows=10000 width=20) (actual time=0.004..0.581 rows=10000 loops=1)
 Planning time: 0.240 ms
 Execution time: 3.981 ms
(7 rows)

===== 222 [Wed Mar  7 01:59:04 CET 2018] scale:10000 groups:100 work_mem:256MB incremental:off max_workers:2 =====
SELECT * FROM s_2 ORDER BY a, b, c
                                                     QUERY PLAN                                                     
--------------------------------------------------------------------------------------------------------------------
 Limit  (cost=953.39..953.39 rows=1 width=20) (actual time=3.842..3.842 rows=0 loops=1)
   ->  Sort  (cost=828.39..853.39 rows=10000 width=20) (actual time=3.309..3.625 rows=10000 loops=1)
         Sort Key: s_2.a, s_2.b, s_2.c
         Sort Method: quicksort  Memory: 1166kB
         ->  Seq Scan on s_2  (cost=0.00..164.00 rows=10000 width=20) (actual time=0.007..0.580 rows=10000 loops=1)
 Planning time: 0.250 ms
 Execution time: 3.900 ms
(7 rows)

===== 223 [Wed Mar  7 01:59:04 CET 2018] scale:10000 groups:100 work_mem:256MB incremental:off max_workers:2 =====
SELECT * FROM s_3 ORDER BY a, b, c, d
                                                     QUERY PLAN                                                     
--------------------------------------------------------------------------------------------------------------------
 Limit  (cost=953.39..953.39 rows=1 width=20) (actual time=3.199..3.199 rows=0 loops=1)
   ->  Sort  (cost=828.39..853.39 rows=10000 width=20) (actual time=2.665..2.980 rows=10000 loops=1)
         Sort Key: s_3.a, s_3.b, s_3.c, s_3.d
         Sort Method: quicksort  Memory: 1166kB
         ->  Seq Scan on s_3  (cost=0.00..164.00 rows=10000 width=20) (actual time=0.009..0.570 rows=10000 loops=1)
 Planning time: 0.254 ms
 Execution time: 3.257 ms
(7 rows)

===== 224 [Wed Mar  7 01:59:04 CET 2018] scale:10000 groups:100 work_mem:256MB incremental:off max_workers:2 =====
SELECT * FROM s_4 ORDER BY a, b, c, d, e
                                                     QUERY PLAN                                                     
--------------------------------------------------------------------------------------------------------------------
 Limit  (cost=953.39..953.39 rows=1 width=20) (actual time=2.420..2.420 rows=0 loops=1)
   ->  Sort  (cost=828.39..853.39 rows=10000 width=20) (actual time=1.880..2.196 rows=10000 loops=1)
         Sort Key: s_4.a, s_4.b, s_4.c, s_4.d, s_4.e
         Sort Method: quicksort  Memory: 1166kB
         ->  Seq Scan on s_4  (cost=0.00..164.00 rows=10000 width=20) (actual time=0.004..0.577 rows=10000 loops=1)
 Planning time: 0.246 ms
 Execution time: 2.476 ms
(7 rows)

===== 225 [Wed Mar  7 01:59:05 CET 2018] scale:10000 groups:1000 work_mem:4MB incremental:on max_workers:0 =====
SELECT * FROM s_1 ORDER BY a, b
                                                              QUERY PLAN                                                              
--------------------------------------------------------------------------------------------------------------------------------------
 Limit  (cost=798.33..798.33 rows=1 width=20) (actual time=3.565..3.565 rows=0 loops=1)
   ->  Incremental Sort  (cost=0.79..698.33 rows=10000 width=20) (actual time=0.073..3.341 rows=10000 loops=1)
         Sort Key: s_1.a, s_1.b
         Presorted Key: s_1.a
         Sort Method: quicksort  Memory: 28kB
         Sort Groups: 273
         ->  Index Scan using s_1_a_idx on s_1  (cost=0.29..337.29 rows=10000 width=20) (actual time=0.021..1.329 rows=10000 loops=1)
 Planning time: 0.258 ms
 Execution time: 3.590 ms
(9 rows)

===== 226 [Wed Mar  7 01:59:05 CET 2018] scale:10000 groups:1000 work_mem:4MB incremental:on max_workers:0 =====
SELECT * FROM s_2 ORDER BY a, b, c
                                                               QUERY PLAN                                                               
----------------------------------------------------------------------------------------------------------------------------------------
 Limit  (cost=881.02..881.02 rows=1 width=20) (actual time=2.826..2.826 rows=0 loops=1)
   ->  Incremental Sort  (cost=0.87..781.02 rows=10000 width=20) (actual time=0.062..2.602 rows=10000 loops=1)
         Sort Key: s_2.a, s_2.b, s_2.c
         Presorted Key: s_2.a, s_2.b
         Sort Method: quicksort  Memory: 27kB
         Sort Groups: 313
         ->  Index Scan using s_2_a_b_idx on s_2  (cost=0.29..419.97 rows=10000 width=20) (actual time=0.022..1.309 rows=10000 loops=1)
 Planning time: 0.276 ms
 Execution time: 2.847 ms
(9 rows)

===== 227 [Wed Mar  7 01:59:05 CET 2018] scale:10000 groups:1000 work_mem:4MB incremental:on max_workers:0 =====
SELECT * FROM s_3 ORDER BY a, b, c, d
                                                                QUERY PLAN                                                                
------------------------------------------------------------------------------------------------------------------------------------------
 Limit  (cost=925.02..925.02 rows=1 width=20) (actual time=2.880..2.880 rows=0 loops=1)
   ->  Incremental Sort  (cost=0.91..825.02 rows=10000 width=20) (actual time=0.064..2.661 rows=10000 loops=1)
         Sort Key: s_3.a, s_3.b, s_3.c, s_3.d
         Presorted Key: s_3.a, s_3.b, s_3.c
         Sort Method: quicksort  Memory: 27kB
         Sort Groups: 313
         ->  Index Scan using s_3_a_b_c_idx on s_3  (cost=0.29..463.97 rows=10000 width=20) (actual time=0.022..1.367 rows=10000 loops=1)
 Planning time: 0.278 ms
 Execution time: 2.900 ms
(9 rows)

===== 228 [Wed Mar  7 01:59:05 CET 2018] scale:10000 groups:1000 work_mem:4MB incremental:on max_workers:0 =====
SELECT * FROM s_4 ORDER BY a, b, c, d, e
                                                                 QUERY PLAN                                                                 
--------------------------------------------------------------------------------------------------------------------------------------------
 Limit  (cost=925.02..925.02 rows=1 width=20) (actual time=2.780..2.780 rows=0 loops=1)
   ->  Incremental Sort  (cost=0.91..825.02 rows=10000 width=20) (actual time=0.068..2.559 rows=10000 loops=1)
         Sort Key: s_4.a, s_4.b, s_4.c, s_4.d, s_4.e
         Presorted Key: s_4.a, s_4.b, s_4.c, s_4.d
         Sort Method: quicksort  Memory: 27kB
         Sort Groups: 313
         ->  Index Scan using s_4_a_b_c_d_idx on s_4  (cost=0.29..463.97 rows=10000 width=20) (actual time=0.019..1.290 rows=10000 loops=1)
 Planning time: 0.264 ms
 Execution time: 2.800 ms
(9 rows)

===== 229 [Wed Mar  7 01:59:05 CET 2018] scale:10000 groups:1000 work_mem:4MB incremental:off max_workers:0 =====
SELECT * FROM s_1 ORDER BY a, b
                                                     QUERY PLAN                                                     
--------------------------------------------------------------------------------------------------------------------
 Limit  (cost=953.39..953.39 rows=1 width=20) (actual time=3.568..3.568 rows=0 loops=1)
   ->  Sort  (cost=828.39..853.39 rows=10000 width=20) (actual time=3.029..3.350 rows=10000 loops=1)
         Sort Key: s_1.a, s_1.b
         Sort Method: quicksort  Memory: 1166kB
         ->  Seq Scan on s_1  (cost=0.00..164.00 rows=10000 width=20) (actual time=0.004..0.565 rows=10000 loops=1)
 Planning time: 0.252 ms
 Execution time: 3.624 ms
(7 rows)

===== 230 [Wed Mar  7 01:59:05 CET 2018] scale:10000 groups:1000 work_mem:4MB incremental:off max_workers:0 =====
SELECT * FROM s_2 ORDER BY a, b, c
                                                     QUERY PLAN                                                     
--------------------------------------------------------------------------------------------------------------------
 Limit  (cost=953.39..953.39 rows=1 width=20) (actual time=2.989..2.989 rows=0 loops=1)
   ->  Sort  (cost=828.39..853.39 rows=10000 width=20) (actual time=2.454..2.771 rows=10000 loops=1)
         Sort Key: s_2.a, s_2.b, s_2.c
         Sort Method: quicksort  Memory: 1166kB
         ->  Seq Scan on s_2  (cost=0.00..164.00 rows=10000 width=20) (actual time=0.007..0.563 rows=10000 loops=1)
 Planning time: 0.262 ms
 Execution time: 3.045 ms
(7 rows)

===== 231 [Wed Mar  7 01:59:05 CET 2018] scale:10000 groups:1000 work_mem:4MB incremental:off max_workers:0 =====
SELECT * FROM s_3 ORDER BY a, b, c, d
                                                     QUERY PLAN                                                     
--------------------------------------------------------------------------------------------------------------------
 Limit  (cost=953.39..953.39 rows=1 width=20) (actual time=2.371..2.371 rows=0 loops=1)
   ->  Sort  (cost=828.39..853.39 rows=10000 width=20) (actual time=1.834..2.155 rows=10000 loops=1)
         Sort Key: s_3.a, s_3.b, s_3.c, s_3.d
         Sort Method: quicksort  Memory: 1166kB
         ->  Seq Scan on s_3  (cost=0.00..164.00 rows=10000 width=20) (actual time=0.007..0.572 rows=10000 loops=1)
 Planning time: 0.258 ms
 Execution time: 2.428 ms
(7 rows)

===== 232 [Wed Mar  7 01:59:05 CET 2018] scale:10000 groups:1000 work_mem:4MB incremental:off max_workers:0 =====
SELECT * FROM s_4 ORDER BY a, b, c, d, e
                                                     QUERY PLAN                                                     
--------------------------------------------------------------------------------------------------------------------
 Limit  (cost=953.39..953.39 rows=1 width=20) (actual time=2.338..2.338 rows=0 loops=1)
   ->  Sort  (cost=828.39..853.39 rows=10000 width=20) (actual time=1.808..2.121 rows=10000 loops=1)
         Sort Key: s_4.a, s_4.b, s_4.c, s_4.d, s_4.e
         Sort Method: quicksort  Memory: 1166kB
         ->  Seq Scan on s_4  (cost=0.00..164.00 rows=10000 width=20) (actual time=0.004..0.562 rows=10000 loops=1)
 Planning time: 0.253 ms
 Execution time: 2.395 ms
(7 rows)

===== 233 [Wed Mar  7 01:59:05 CET 2018] scale:10000 groups:1000 work_mem:8MB incremental:on max_workers:0 =====
SELECT * FROM s_1 ORDER BY a, b
                                                              QUERY PLAN                                                              
--------------------------------------------------------------------------------------------------------------------------------------
 Limit  (cost=798.33..798.33 rows=1 width=20) (actual time=3.402..3.402 rows=0 loops=1)
   ->  Incremental Sort  (cost=0.79..698.33 rows=10000 width=20) (actual time=0.060..3.182 rows=10000 loops=1)
         Sort Key: s_1.a, s_1.b
         Presorted Key: s_1.a
         Sort Method: quicksort  Memory: 28kB
         Sort Groups: 273
         ->  Index Scan using s_1_a_idx on s_1  (cost=0.29..337.29 rows=10000 width=20) (actual time=0.009..1.181 rows=10000 loops=1)
 Planning time: 0.257 ms
 Execution time: 3.425 ms
(9 rows)

===== 234 [Wed Mar  7 01:59:05 CET 2018] scale:10000 groups:1000 work_mem:8MB incremental:on max_workers:0 =====
SELECT * FROM s_2 ORDER BY a, b, c
                                                               QUERY PLAN                                                               
----------------------------------------------------------------------------------------------------------------------------------------
 Limit  (cost=881.02..881.02 rows=1 width=20) (actual time=2.682..2.682 rows=0 loops=1)
   ->  Incremental Sort  (cost=0.87..781.02 rows=10000 width=20) (actual time=0.048..2.463 rows=10000 loops=1)
         Sort Key: s_2.a, s_2.b, s_2.c
         Presorted Key: s_2.a, s_2.b
         Sort Method: quicksort  Memory: 27kB
         Sort Groups: 313
         ->  Index Scan using s_2_a_b_idx on s_2  (cost=0.29..419.97 rows=10000 width=20) (actual time=0.009..1.179 rows=10000 loops=1)
 Planning time: 0.266 ms
 Execution time: 2.702 ms
(9 rows)

===== 235 [Wed Mar  7 01:59:06 CET 2018] scale:10000 groups:1000 work_mem:8MB incremental:on max_workers:0 =====
SELECT * FROM s_3 ORDER BY a, b, c, d
                                                                QUERY PLAN                                                                
------------------------------------------------------------------------------------------------------------------------------------------
 Limit  (cost=925.02..925.02 rows=1 width=20) (actual time=2.684..2.684 rows=0 loops=1)
   ->  Incremental Sort  (cost=0.91..825.02 rows=10000 width=20) (actual time=0.051..2.466 rows=10000 loops=1)
         Sort Key: s_3.a, s_3.b, s_3.c, s_3.d
         Presorted Key: s_3.a, s_3.b, s_3.c
         Sort Method: quicksort  Memory: 27kB
         Sort Groups: 313
         ->  Index Scan using s_3_a_b_c_idx on s_3  (cost=0.29..463.97 rows=10000 width=20) (actual time=0.009..1.200 rows=10000 loops=1)
 Planning time: 0.267 ms
 Execution time: 2.704 ms
(9 rows)

===== 236 [Wed Mar  7 01:59:06 CET 2018] scale:10000 groups:1000 work_mem:8MB incremental:on max_workers:0 =====
SELECT * FROM s_4 ORDER BY a, b, c, d, e
                                                                 QUERY PLAN                                                                 
--------------------------------------------------------------------------------------------------------------------------------------------
 Limit  (cost=925.02..925.02 rows=1 width=20) (actual time=2.665..2.665 rows=0 loops=1)
   ->  Incremental Sort  (cost=0.91..825.02 rows=10000 width=20) (actual time=0.048..2.441 rows=10000 loops=1)
         Sort Key: s_4.a, s_4.b, s_4.c, s_4.d, s_4.e
         Presorted Key: s_4.a, s_4.b, s_4.c, s_4.d
         Sort Method: quicksort  Memory: 27kB
         Sort Groups: 313
         ->  Index Scan using s_4_a_b_c_d_idx on s_4  (cost=0.29..463.97 rows=10000 width=20) (actual time=0.005..1.191 rows=10000 loops=1)
 Planning time: 0.269 ms
 Execution time: 2.684 ms
(9 rows)

===== 237 [Wed Mar  7 01:59:06 CET 2018] scale:10000 groups:1000 work_mem:8MB incremental:off max_workers:0 =====
SELECT * FROM s_1 ORDER BY a, b
                                                     QUERY PLAN                                                     
--------------------------------------------------------------------------------------------------------------------
 Limit  (cost=953.39..953.39 rows=1 width=20) (actual time=3.570..3.570 rows=0 loops=1)
   ->  Sort  (cost=828.39..853.39 rows=10000 width=20) (actual time=3.033..3.351 rows=10000 loops=1)
         Sort Key: s_1.a, s_1.b
         Sort Method: quicksort  Memory: 1166kB
         ->  Seq Scan on s_1  (cost=0.00..164.00 rows=10000 width=20) (actual time=0.004..0.564 rows=10000 loops=1)
 Planning time: 0.253 ms
 Execution time: 3.626 ms
(7 rows)

===== 238 [Wed Mar  7 01:59:06 CET 2018] scale:10000 groups:1000 work_mem:8MB incremental:off max_workers:0 =====
SELECT * FROM s_2 ORDER BY a, b, c
                                                     QUERY PLAN                                                     
--------------------------------------------------------------------------------------------------------------------
 Limit  (cost=953.39..953.39 rows=1 width=20) (actual time=2.994..2.994 rows=0 loops=1)
   ->  Sort  (cost=828.39..853.39 rows=10000 width=20) (actual time=2.459..2.777 rows=10000 loops=1)
         Sort Key: s_2.a, s_2.b, s_2.c
         Sort Method: quicksort  Memory: 1166kB
         ->  Seq Scan on s_2  (cost=0.00..164.00 rows=10000 width=20) (actual time=0.007..0.570 rows=10000 loops=1)
 Planning time: 0.264 ms
 Execution time: 3.054 ms
(7 rows)

===== 239 [Wed Mar  7 01:59:06 CET 2018] scale:10000 groups:1000 work_mem:8MB incremental:off max_workers:0 =====
SELECT * FROM s_3 ORDER BY a, b, c, d
                                                     QUERY PLAN                                                     
--------------------------------------------------------------------------------------------------------------------
 Limit  (cost=953.39..953.39 rows=1 width=20) (actual time=2.363..2.363 rows=0 loops=1)
   ->  Sort  (cost=828.39..853.39 rows=10000 width=20) (actual time=1.829..2.145 rows=10000 loops=1)
         Sort Key: s_3.a, s_3.b, s_3.c, s_3.d
         Sort Method: quicksort  Memory: 1166kB
         ->  Seq Scan on s_3  (cost=0.00..164.00 rows=10000 width=20) (actual time=0.007..0.564 rows=10000 loops=1)
 Planning time: 0.251 ms
 Execution time: 2.420 ms
(7 rows)

===== 240 [Wed Mar  7 01:59:06 CET 2018] scale:10000 groups:1000 work_mem:8MB incremental:off max_workers:0 =====
SELECT * FROM s_4 ORDER BY a, b, c, d, e
                                                     QUERY PLAN                                                     
--------------------------------------------------------------------------------------------------------------------
 Limit  (cost=953.39..953.39 rows=1 width=20) (actual time=2.349..2.349 rows=0 loops=1)
   ->  Sort  (cost=828.39..853.39 rows=10000 width=20) (actual time=1.811..2.126 rows=10000 loops=1)
         Sort Key: s_4.a, s_4.b, s_4.c, s_4.d, s_4.e
         Sort Method: quicksort  Memory: 1166kB
         ->  Seq Scan on s_4  (cost=0.00..164.00 rows=10000 width=20) (actual time=0.004..0.568 rows=10000 loops=1)
 Planning time: 0.254 ms
 Execution time: 2.406 ms
(7 rows)

===== 241 [Wed Mar  7 01:59:06 CET 2018] scale:10000 groups:1000 work_mem:16MB incremental:on max_workers:0 =====
SELECT * FROM s_1 ORDER BY a, b
                                                              QUERY PLAN                                                              
--------------------------------------------------------------------------------------------------------------------------------------
 Limit  (cost=798.33..798.33 rows=1 width=20) (actual time=3.409..3.409 rows=0 loops=1)
   ->  Incremental Sort  (cost=0.79..698.33 rows=10000 width=20) (actual time=0.062..3.189 rows=10000 loops=1)
         Sort Key: s_1.a, s_1.b
         Presorted Key: s_1.a
         Sort Method: quicksort  Memory: 28kB
         Sort Groups: 273
         ->  Index Scan using s_1_a_idx on s_1  (cost=0.29..337.29 rows=10000 width=20) (actual time=0.009..1.193 rows=10000 loops=1)
 Planning time: 0.253 ms
 Execution time: 3.432 ms
(9 rows)

===== 242 [Wed Mar  7 01:59:06 CET 2018] scale:10000 groups:1000 work_mem:16MB incremental:on max_workers:0 =====
SELECT * FROM s_2 ORDER BY a, b, c
                                                               QUERY PLAN                                                               
----------------------------------------------------------------------------------------------------------------------------------------
 Limit  (cost=881.02..881.02 rows=1 width=20) (actual time=2.688..2.688 rows=0 loops=1)
   ->  Incremental Sort  (cost=0.87..781.02 rows=10000 width=20) (actual time=0.049..2.470 rows=10000 loops=1)
         Sort Key: s_2.a, s_2.b, s_2.c
         Presorted Key: s_2.a, s_2.b
         Sort Method: quicksort  Memory: 27kB
         Sort Groups: 313
         ->  Index Scan using s_2_a_b_idx on s_2  (cost=0.29..419.97 rows=10000 width=20) (actual time=0.009..1.189 rows=10000 loops=1)
 Planning time: 0.271 ms
 Execution time: 2.709 ms
(9 rows)

===== 243 [Wed Mar  7 01:59:06 CET 2018] scale:10000 groups:1000 work_mem:16MB incremental:on max_workers:0 =====
SELECT * FROM s_3 ORDER BY a, b, c, d
                                                                QUERY PLAN                                                                
------------------------------------------------------------------------------------------------------------------------------------------
 Limit  (cost=925.02..925.02 rows=1 width=20) (actual time=2.683..2.683 rows=0 loops=1)
   ->  Incremental Sort  (cost=0.91..825.02 rows=10000 width=20) (actual time=0.052..2.465 rows=10000 loops=1)
         Sort Key: s_3.a, s_3.b, s_3.c, s_3.d
         Presorted Key: s_3.a, s_3.b, s_3.c
         Sort Method: quicksort  Memory: 27kB
         Sort Groups: 313
         ->  Index Scan using s_3_a_b_c_idx on s_3  (cost=0.29..463.97 rows=10000 width=20) (actual time=0.009..1.191 rows=10000 loops=1)
 Planning time: 0.268 ms
 Execution time: 2.711 ms
(9 rows)

===== 244 [Wed Mar  7 01:59:06 CET 2018] scale:10000 groups:1000 work_mem:16MB incremental:on max_workers:0 =====
SELECT * FROM s_4 ORDER BY a, b, c, d, e
                                                                 QUERY PLAN                                                                 
--------------------------------------------------------------------------------------------------------------------------------------------
 Limit  (cost=925.02..925.02 rows=1 width=20) (actual time=2.675..2.675 rows=0 loops=1)
   ->  Incremental Sort  (cost=0.91..825.02 rows=10000 width=20) (actual time=0.047..2.454 rows=10000 loops=1)
         Sort Key: s_4.a, s_4.b, s_4.c, s_4.d, s_4.e
         Presorted Key: s_4.a, s_4.b, s_4.c, s_4.d
         Sort Method: quicksort  Memory: 27kB
         Sort Groups: 313
         ->  Index Scan using s_4_a_b_c_d_idx on s_4  (cost=0.29..463.97 rows=10000 width=20) (actual time=0.005..1.199 rows=10000 loops=1)
 Planning time: 0.263 ms
 Execution time: 2.694 ms
(9 rows)

===== 245 [Wed Mar  7 01:59:06 CET 2018] scale:10000 groups:1000 work_mem:16MB incremental:off max_workers:0 =====
SELECT * FROM s_1 ORDER BY a, b
                                                     QUERY PLAN                                                     
--------------------------------------------------------------------------------------------------------------------
 Limit  (cost=953.39..953.39 rows=1 width=20) (actual time=3.559..3.559 rows=0 loops=1)
   ->  Sort  (cost=828.39..853.39 rows=10000 width=20) (actual time=3.022..3.340 rows=10000 loops=1)
         Sort Key: s_1.a, s_1.b
         Sort Method: quicksort  Memory: 1166kB
         ->  Seq Scan on s_1  (cost=0.00..164.00 rows=10000 width=20) (actual time=0.004..0.562 rows=10000 loops=1)
 Planning time: 0.246 ms
 Execution time: 3.614 ms
(7 rows)

===== 246 [Wed Mar  7 01:59:06 CET 2018] scale:10000 groups:1000 work_mem:16MB incremental:off max_workers:0 =====
SELECT * FROM s_2 ORDER BY a, b, c
                                                     QUERY PLAN                                                     
--------------------------------------------------------------------------------------------------------------------
 Limit  (cost=953.39..953.39 rows=1 width=20) (actual time=2.988..2.988 rows=0 loops=1)
   ->  Sort  (cost=828.39..853.39 rows=10000 width=20) (actual time=2.448..2.770 rows=10000 loops=1)
         Sort Key: s_2.a, s_2.b, s_2.c
         Sort Method: quicksort  Memory: 1166kB
         ->  Seq Scan on s_2  (cost=0.00..164.00 rows=10000 width=20) (actual time=0.007..0.562 rows=10000 loops=1)
 Planning time: 0.267 ms
 Execution time: 3.044 ms
(7 rows)

===== 247 [Wed Mar  7 01:59:07 CET 2018] scale:10000 groups:1000 work_mem:16MB incremental:off max_workers:0 =====
SELECT * FROM s_3 ORDER BY a, b, c, d
                                                     QUERY PLAN                                                     
--------------------------------------------------------------------------------------------------------------------
 Limit  (cost=953.39..953.39 rows=1 width=20) (actual time=2.364..2.364 rows=0 loops=1)
   ->  Sort  (cost=828.39..853.39 rows=10000 width=20) (actual time=1.831..2.147 rows=10000 loops=1)
         Sort Key: s_3.a, s_3.b, s_3.c, s_3.d
         Sort Method: quicksort  Memory: 1166kB
         ->  Seq Scan on s_3  (cost=0.00..164.00 rows=10000 width=20) (actual time=0.007..0.574 rows=10000 loops=1)
 Planning time: 0.254 ms
 Execution time: 2.424 ms
(7 rows)

===== 248 [Wed Mar  7 01:59:07 CET 2018] scale:10000 groups:1000 work_mem:16MB incremental:off max_workers:0 =====
SELECT * FROM s_4 ORDER BY a, b, c, d, e
                                                     QUERY PLAN                                                     
--------------------------------------------------------------------------------------------------------------------
 Limit  (cost=953.39..953.39 rows=1 width=20) (actual time=2.350..2.350 rows=0 loops=1)
   ->  Sort  (cost=828.39..853.39 rows=10000 width=20) (actual time=1.810..2.125 rows=10000 loops=1)
         Sort Key: s_4.a, s_4.b, s_4.c, s_4.d, s_4.e
         Sort Method: quicksort  Memory: 1166kB
         ->  Seq Scan on s_4  (cost=0.00..164.00 rows=10000 width=20) (actual time=0.004..0.566 rows=10000 loops=1)
 Planning time: 0.250 ms
 Execution time: 2.407 ms
(7 rows)

===== 249 [Wed Mar  7 01:59:07 CET 2018] scale:10000 groups:1000 work_mem:32MB incremental:on max_workers:0 =====
SELECT * FROM s_1 ORDER BY a, b
                                                              QUERY PLAN                                                              
--------------------------------------------------------------------------------------------------------------------------------------
 Limit  (cost=798.33..798.33 rows=1 width=20) (actual time=3.401..3.401 rows=0 loops=1)
   ->  Incremental Sort  (cost=0.79..698.33 rows=10000 width=20) (actual time=0.060..3.181 rows=10000 loops=1)
         Sort Key: s_1.a, s_1.b
         Presorted Key: s_1.a
         Sort Method: quicksort  Memory: 28kB
         Sort Groups: 273
         ->  Index Scan using s_1_a_idx on s_1  (cost=0.29..337.29 rows=10000 width=20) (actual time=0.009..1.183 rows=10000 loops=1)
 Planning time: 0.262 ms
 Execution time: 3.425 ms
(9 rows)

===== 250 [Wed Mar  7 01:59:07 CET 2018] scale:10000 groups:1000 work_mem:32MB incremental:on max_workers:0 =====
SELECT * FROM s_2 ORDER BY a, b, c
                                                               QUERY PLAN                                                               
----------------------------------------------------------------------------------------------------------------------------------------
 Limit  (cost=881.02..881.02 rows=1 width=20) (actual time=2.722..2.722 rows=0 loops=1)
   ->  Incremental Sort  (cost=0.87..781.02 rows=10000 width=20) (actual time=0.048..2.503 rows=10000 loops=1)
         Sort Key: s_2.a, s_2.b, s_2.c
         Presorted Key: s_2.a, s_2.b
         Sort Method: quicksort  Memory: 27kB
         Sort Groups: 313
         ->  Index Scan using s_2_a_b_idx on s_2  (cost=0.29..419.97 rows=10000 width=20) (actual time=0.009..1.220 rows=10000 loops=1)
 Planning time: 0.281 ms
 Execution time: 2.742 ms
(9 rows)

===== 251 [Wed Mar  7 01:59:07 CET 2018] scale:10000 groups:1000 work_mem:32MB incremental:on max_workers:0 =====
SELECT * FROM s_3 ORDER BY a, b, c, d
                                                                QUERY PLAN                                                                
------------------------------------------------------------------------------------------------------------------------------------------
 Limit  (cost=925.02..925.02 rows=1 width=20) (actual time=2.694..2.694 rows=0 loops=1)
   ->  Incremental Sort  (cost=0.91..825.02 rows=10000 width=20) (actual time=0.051..2.476 rows=10000 loops=1)
         Sort Key: s_3.a, s_3.b, s_3.c, s_3.d
         Presorted Key: s_3.a, s_3.b, s_3.c
         Sort Method: quicksort  Memory: 27kB
         Sort Groups: 313
         ->  Index Scan using s_3_a_b_c_idx on s_3  (cost=0.29..463.97 rows=10000 width=20) (actual time=0.009..1.206 rows=10000 loops=1)
 Planning time: 0.265 ms
 Execution time: 2.714 ms
(9 rows)

===== 252 [Wed Mar  7 01:59:07 CET 2018] scale:10000 groups:1000 work_mem:32MB incremental:on max_workers:0 =====
SELECT * FROM s_4 ORDER BY a, b, c, d, e
                                                                 QUERY PLAN                                                                 
--------------------------------------------------------------------------------------------------------------------------------------------
 Limit  (cost=925.02..925.02 rows=1 width=20) (actual time=2.671..2.671 rows=0 loops=1)
   ->  Incremental Sort  (cost=0.91..825.02 rows=10000 width=20) (actual time=0.047..2.450 rows=10000 loops=1)
         Sort Key: s_4.a, s_4.b, s_4.c, s_4.d, s_4.e
         Presorted Key: s_4.a, s_4.b, s_4.c, s_4.d
         Sort Method: quicksort  Memory: 27kB
         Sort Groups: 313
         ->  Index Scan using s_4_a_b_c_d_idx on s_4  (cost=0.29..463.97 rows=10000 width=20) (actual time=0.005..1.193 rows=10000 loops=1)
 Planning time: 0.261 ms
 Execution time: 2.690 ms
(9 rows)

===== 253 [Wed Mar  7 01:59:07 CET 2018] scale:10000 groups:1000 work_mem:32MB incremental:off max_workers:0 =====
SELECT * FROM s_1 ORDER BY a, b
                                                     QUERY PLAN                                                     
--------------------------------------------------------------------------------------------------------------------
 Limit  (cost=953.39..953.39 rows=1 width=20) (actual time=3.573..3.573 rows=0 loops=1)
   ->  Sort  (cost=828.39..853.39 rows=10000 width=20) (actual time=3.030..3.355 rows=10000 loops=1)
         Sort Key: s_1.a, s_1.b
         Sort Method: quicksort  Memory: 1166kB
         ->  Seq Scan on s_1  (cost=0.00..164.00 rows=10000 width=20) (actual time=0.004..0.570 rows=10000 loops=1)
 Planning time: 0.251 ms
 Execution time: 3.630 ms
(7 rows)

===== 254 [Wed Mar  7 01:59:07 CET 2018] scale:10000 groups:1000 work_mem:32MB incremental:off max_workers:0 =====
SELECT * FROM s_2 ORDER BY a, b, c
                                                     QUERY PLAN                                                     
--------------------------------------------------------------------------------------------------------------------
 Limit  (cost=953.39..953.39 rows=1 width=20) (actual time=2.991..2.991 rows=0 loops=1)
   ->  Sort  (cost=828.39..853.39 rows=10000 width=20) (actual time=2.456..2.774 rows=10000 loops=1)
         Sort Key: s_2.a, s_2.b, s_2.c
         Sort Method: quicksort  Memory: 1166kB
         ->  Seq Scan on s_2  (cost=0.00..164.00 rows=10000 width=20) (actual time=0.007..0.570 rows=10000 loops=1)
 Planning time: 0.258 ms
 Execution time: 3.047 ms
(7 rows)

===== 255 [Wed Mar  7 01:59:07 CET 2018] scale:10000 groups:1000 work_mem:32MB incremental:off max_workers:0 =====
SELECT * FROM s_3 ORDER BY a, b, c, d
                                                     QUERY PLAN                                                     
--------------------------------------------------------------------------------------------------------------------
 Limit  (cost=953.39..953.39 rows=1 width=20) (actual time=2.375..2.375 rows=0 loops=1)
   ->  Sort  (cost=828.39..853.39 rows=10000 width=20) (actual time=1.837..2.153 rows=10000 loops=1)
         Sort Key: s_3.a, s_3.b, s_3.c, s_3.d
         Sort Method: quicksort  Memory: 1166kB
         ->  Seq Scan on s_3  (cost=0.00..164.00 rows=10000 width=20) (actual time=0.007..0.569 rows=10000 loops=1)
 Planning time: 0.256 ms
 Execution time: 2.431 ms
(7 rows)

===== 256 [Wed Mar  7 01:59:07 CET 2018] scale:10000 groups:1000 work_mem:32MB incremental:off max_workers:0 =====
SELECT * FROM s_4 ORDER BY a, b, c, d, e
                                                     QUERY PLAN                                                     
--------------------------------------------------------------------------------------------------------------------
 Limit  (cost=953.39..953.39 rows=1 width=20) (actual time=2.345..2.345 rows=0 loops=1)
   ->  Sort  (cost=828.39..853.39 rows=10000 width=20) (actual time=1.812..2.127 rows=10000 loops=1)
         Sort Key: s_4.a, s_4.b, s_4.c, s_4.d, s_4.e
         Sort Method: quicksort  Memory: 1166kB
         ->  Seq Scan on s_4  (cost=0.00..164.00 rows=10000 width=20) (actual time=0.004..0.563 rows=10000 loops=1)
 Planning time: 0.257 ms
 Execution time: 2.401 ms
(7 rows)

===== 257 [Wed Mar  7 01:59:07 CET 2018] scale:10000 groups:1000 work_mem:64MB incremental:on max_workers:0 =====
SELECT * FROM s_1 ORDER BY a, b
                                                              QUERY PLAN                                                              
--------------------------------------------------------------------------------------------------------------------------------------
 Limit  (cost=798.33..798.33 rows=1 width=20) (actual time=3.407..3.407 rows=0 loops=1)
   ->  Incremental Sort  (cost=0.79..698.33 rows=10000 width=20) (actual time=0.061..3.187 rows=10000 loops=1)
         Sort Key: s_1.a, s_1.b
         Presorted Key: s_1.a
         Sort Method: quicksort  Memory: 28kB
         Sort Groups: 273
         ->  Index Scan using s_1_a_idx on s_1  (cost=0.29..337.29 rows=10000 width=20) (actual time=0.009..1.186 rows=10000 loops=1)
 Planning time: 0.251 ms
 Execution time: 3.429 ms
(9 rows)

===== 258 [Wed Mar  7 01:59:07 CET 2018] scale:10000 groups:1000 work_mem:64MB incremental:on max_workers:0 =====
SELECT * FROM s_2 ORDER BY a, b, c
                                                               QUERY PLAN                                                               
----------------------------------------------------------------------------------------------------------------------------------------
 Limit  (cost=881.02..881.02 rows=1 width=20) (actual time=2.690..2.690 rows=0 loops=1)
   ->  Incremental Sort  (cost=0.87..781.02 rows=10000 width=20) (actual time=0.050..2.471 rows=10000 loops=1)
         Sort Key: s_2.a, s_2.b, s_2.c
         Presorted Key: s_2.a, s_2.b
         Sort Method: quicksort  Memory: 27kB
         Sort Groups: 313
         ->  Index Scan using s_2_a_b_idx on s_2  (cost=0.29..419.97 rows=10000 width=20) (actual time=0.009..1.180 rows=10000 loops=1)
 Planning time: 0.268 ms
 Execution time: 2.709 ms
(9 rows)

===== 259 [Wed Mar  7 01:59:08 CET 2018] scale:10000 groups:1000 work_mem:64MB incremental:on max_workers:0 =====
SELECT * FROM s_3 ORDER BY a, b, c, d
                                                                QUERY PLAN                                                                
------------------------------------------------------------------------------------------------------------------------------------------
 Limit  (cost=925.02..925.02 rows=1 width=20) (actual time=2.687..2.687 rows=0 loops=1)
   ->  Incremental Sort  (cost=0.91..825.02 rows=10000 width=20) (actual time=0.051..2.468 rows=10000 loops=1)
         Sort Key: s_3.a, s_3.b, s_3.c, s_3.d
         Presorted Key: s_3.a, s_3.b, s_3.c
         Sort Method: quicksort  Memory: 27kB
         Sort Groups: 313
         ->  Index Scan using s_3_a_b_c_idx on s_3  (cost=0.29..463.97 rows=10000 width=20) (actual time=0.009..1.194 rows=10000 loops=1)
 Planning time: 0.274 ms
 Execution time: 2.706 ms
(9 rows)

===== 260 [Wed Mar  7 01:59:08 CET 2018] scale:10000 groups:1000 work_mem:64MB incremental:on max_workers:0 =====
SELECT * FROM s_4 ORDER BY a, b, c, d, e
                                                                 QUERY PLAN                                                                 
--------------------------------------------------------------------------------------------------------------------------------------------
 Limit  (cost=925.02..925.02 rows=1 width=20) (actual time=2.670..2.670 rows=0 loops=1)
   ->  Incremental Sort  (cost=0.91..825.02 rows=10000 width=20) (actual time=0.048..2.449 rows=10000 loops=1)
         Sort Key: s_4.a, s_4.b, s_4.c, s_4.d, s_4.e
         Presorted Key: s_4.a, s_4.b, s_4.c, s_4.d
         Sort Method: quicksort  Memory: 27kB
         Sort Groups: 313
         ->  Index Scan using s_4_a_b_c_d_idx on s_4  (cost=0.29..463.97 rows=10000 width=20) (actual time=0.005..1.192 rows=10000 loops=1)
 Planning time: 0.269 ms
 Execution time: 2.690 ms
(9 rows)

===== 261 [Wed Mar  7 01:59:08 CET 2018] scale:10000 groups:1000 work_mem:64MB incremental:off max_workers:0 =====
SELECT * FROM s_1 ORDER BY a, b
                                                     QUERY PLAN                                                     
--------------------------------------------------------------------------------------------------------------------
 Limit  (cost=953.39..953.39 rows=1 width=20) (actual time=3.575..3.575 rows=0 loops=1)
   ->  Sort  (cost=828.39..853.39 rows=10000 width=20) (actual time=3.031..3.359 rows=10000 loops=1)
         Sort Key: s_1.a, s_1.b
         Sort Method: quicksort  Memory: 1166kB
         ->  Seq Scan on s_1  (cost=0.00..164.00 rows=10000 width=20) (actual time=0.004..0.574 rows=10000 loops=1)
 Planning time: 0.250 ms
 Execution time: 3.632 ms
(7 rows)

===== 262 [Wed Mar  7 01:59:08 CET 2018] scale:10000 groups:1000 work_mem:64MB incremental:off max_workers:0 =====
SELECT * FROM s_2 ORDER BY a, b, c
                                                     QUERY PLAN                                                     
--------------------------------------------------------------------------------------------------------------------
 Limit  (cost=953.39..953.39 rows=1 width=20) (actual time=2.986..2.986 rows=0 loops=1)
   ->  Sort  (cost=828.39..853.39 rows=10000 width=20) (actual time=2.451..2.768 rows=10000 loops=1)
         Sort Key: s_2.a, s_2.b, s_2.c
         Sort Method: quicksort  Memory: 1166kB
         ->  Seq Scan on s_2  (cost=0.00..164.00 rows=10000 width=20) (actual time=0.007..0.569 rows=10000 loops=1)
 Planning time: 0.258 ms
 Execution time: 3.044 ms
(7 rows)

===== 263 [Wed Mar  7 01:59:08 CET 2018] scale:10000 groups:1000 work_mem:64MB incremental:off max_workers:0 =====
SELECT * FROM s_3 ORDER BY a, b, c, d
                                                     QUERY PLAN                                                     
--------------------------------------------------------------------------------------------------------------------
 Limit  (cost=953.39..953.39 rows=1 width=20) (actual time=2.370..2.370 rows=0 loops=1)
   ->  Sort  (cost=828.39..853.39 rows=10000 width=20) (actual time=1.832..2.151 rows=10000 loops=1)
         Sort Key: s_3.a, s_3.b, s_3.c, s_3.d
         Sort Method: quicksort  Memory: 1166kB
         ->  Seq Scan on s_3  (cost=0.00..164.00 rows=10000 width=20) (actual time=0.007..0.570 rows=10000 loops=1)
 Planning time: 0.254 ms
 Execution time: 2.426 ms
(7 rows)

===== 264 [Wed Mar  7 01:59:08 CET 2018] scale:10000 groups:1000 work_mem:64MB incremental:off max_workers:0 =====
SELECT * FROM s_4 ORDER BY a, b, c, d, e
                                                     QUERY PLAN                                                     
--------------------------------------------------------------------------------------------------------------------
 Limit  (cost=953.39..953.39 rows=1 width=20) (actual time=2.349..2.349 rows=0 loops=1)
   ->  Sort  (cost=828.39..853.39 rows=10000 width=20) (actual time=1.812..2.129 rows=10000 loops=1)
         Sort Key: s_4.a, s_4.b, s_4.c, s_4.d, s_4.e
         Sort Method: quicksort  Memory: 1166kB
         ->  Seq Scan on s_4  (cost=0.00..164.00 rows=10000 width=20) (actual time=0.004..0.573 rows=10000 loops=1)
 Planning time: 0.252 ms
 Execution time: 2.407 ms
(7 rows)

===== 265 [Wed Mar  7 01:59:08 CET 2018] scale:10000 groups:1000 work_mem:128MB incremental:on max_workers:0 =====
SELECT * FROM s_1 ORDER BY a, b
                                                              QUERY PLAN                                                              
--------------------------------------------------------------------------------------------------------------------------------------
 Limit  (cost=798.33..798.33 rows=1 width=20) (actual time=3.408..3.408 rows=0 loops=1)
   ->  Incremental Sort  (cost=0.79..698.33 rows=10000 width=20) (actual time=0.060..3.187 rows=10000 loops=1)
         Sort Key: s_1.a, s_1.b
         Presorted Key: s_1.a
         Sort Method: quicksort  Memory: 28kB
         Sort Groups: 273
         ->  Index Scan using s_1_a_idx on s_1  (cost=0.29..337.29 rows=10000 width=20) (actual time=0.009..1.192 rows=10000 loops=1)
 Planning time: 0.251 ms
 Execution time: 3.432 ms
(9 rows)

===== 266 [Wed Mar  7 01:59:08 CET 2018] scale:10000 groups:1000 work_mem:128MB incremental:on max_workers:0 =====
SELECT * FROM s_2 ORDER BY a, b, c
                                                               QUERY PLAN                                                               
----------------------------------------------------------------------------------------------------------------------------------------
 Limit  (cost=881.02..881.02 rows=1 width=20) (actual time=2.687..2.687 rows=0 loops=1)
   ->  Incremental Sort  (cost=0.87..781.02 rows=10000 width=20) (actual time=0.048..2.464 rows=10000 loops=1)
         Sort Key: s_2.a, s_2.b, s_2.c
         Presorted Key: s_2.a, s_2.b
         Sort Method: quicksort  Memory: 27kB
         Sort Groups: 313
         ->  Index Scan using s_2_a_b_idx on s_2  (cost=0.29..419.97 rows=10000 width=20) (actual time=0.009..1.182 rows=10000 loops=1)
 Planning time: 0.269 ms
 Execution time: 2.707 ms
(9 rows)

===== 267 [Wed Mar  7 01:59:08 CET 2018] scale:10000 groups:1000 work_mem:128MB incremental:on max_workers:0 =====
SELECT * FROM s_3 ORDER BY a, b, c, d
                                                                QUERY PLAN                                                                
------------------------------------------------------------------------------------------------------------------------------------------
 Limit  (cost=925.02..925.02 rows=1 width=20) (actual time=2.692..2.692 rows=0 loops=1)
   ->  Incremental Sort  (cost=0.91..825.02 rows=10000 width=20) (actual time=0.051..2.474 rows=10000 loops=1)
         Sort Key: s_3.a, s_3.b, s_3.c, s_3.d
         Presorted Key: s_3.a, s_3.b, s_3.c
         Sort Method: quicksort  Memory: 27kB
         Sort Groups: 313
         ->  Index Scan using s_3_a_b_c_idx on s_3  (cost=0.29..463.97 rows=10000 width=20) (actual time=0.009..1.197 rows=10000 loops=1)
 Planning time: 0.267 ms
 Execution time: 2.712 ms
(9 rows)

===== 268 [Wed Mar  7 01:59:08 CET 2018] scale:10000 groups:1000 work_mem:128MB incremental:on max_workers:0 =====
SELECT * FROM s_4 ORDER BY a, b, c, d, e
                                                                 QUERY PLAN                                                                 
--------------------------------------------------------------------------------------------------------------------------------------------
 Limit  (cost=925.02..925.02 rows=1 width=20) (actual time=2.671..2.671 rows=0 loops=1)
   ->  Incremental Sort  (cost=0.91..825.02 rows=10000 width=20) (actual time=0.049..2.450 rows=10000 loops=1)
         Sort Key: s_4.a, s_4.b, s_4.c, s_4.d, s_4.e
         Presorted Key: s_4.a, s_4.b, s_4.c, s_4.d
         Sort Method: quicksort  Memory: 27kB
         Sort Groups: 313
         ->  Index Scan using s_4_a_b_c_d_idx on s_4  (cost=0.29..463.97 rows=10000 width=20) (actual time=0.005..1.197 rows=10000 loops=1)
 Planning time: 0.268 ms
 Execution time: 2.693 ms
(9 rows)

===== 269 [Wed Mar  7 01:59:08 CET 2018] scale:10000 groups:1000 work_mem:128MB incremental:off max_workers:0 =====
SELECT * FROM s_1 ORDER BY a, b
                                                     QUERY PLAN                                                     
--------------------------------------------------------------------------------------------------------------------
 Limit  (cost=953.39..953.39 rows=1 width=20) (actual time=3.563..3.563 rows=0 loops=1)
   ->  Sort  (cost=828.39..853.39 rows=10000 width=20) (actual time=3.026..3.344 rows=10000 loops=1)
         Sort Key: s_1.a, s_1.b
         Sort Method: quicksort  Memory: 1166kB
         ->  Seq Scan on s_1  (cost=0.00..164.00 rows=10000 width=20) (actual time=0.004..0.562 rows=10000 loops=1)
 Planning time: 0.243 ms
 Execution time: 3.619 ms
(7 rows)

===== 270 [Wed Mar  7 01:59:08 CET 2018] scale:10000 groups:1000 work_mem:128MB incremental:off max_workers:0 =====
SELECT * FROM s_2 ORDER BY a, b, c
                                                     QUERY PLAN                                                     
--------------------------------------------------------------------------------------------------------------------
 Limit  (cost=953.39..953.39 rows=1 width=20) (actual time=2.990..2.990 rows=0 loops=1)
   ->  Sort  (cost=828.39..853.39 rows=10000 width=20) (actual time=2.452..2.769 rows=10000 loops=1)
         Sort Key: s_2.a, s_2.b, s_2.c
         Sort Method: quicksort  Memory: 1166kB
         ->  Seq Scan on s_2  (cost=0.00..164.00 rows=10000 width=20) (actual time=0.007..0.563 rows=10000 loops=1)
 Planning time: 0.269 ms
 Execution time: 3.046 ms
(7 rows)

===== 271 [Wed Mar  7 01:59:09 CET 2018] scale:10000 groups:1000 work_mem:128MB incremental:off max_workers:0 =====
SELECT * FROM s_3 ORDER BY a, b, c, d
                                                     QUERY PLAN                                                     
--------------------------------------------------------------------------------------------------------------------
 Limit  (cost=953.39..953.39 rows=1 width=20) (actual time=2.369..2.369 rows=0 loops=1)
   ->  Sort  (cost=828.39..853.39 rows=10000 width=20) (actual time=1.829..2.153 rows=10000 loops=1)
         Sort Key: s_3.a, s_3.b, s_3.c, s_3.d
         Sort Method: quicksort  Memory: 1166kB
         ->  Seq Scan on s_3  (cost=0.00..164.00 rows=10000 width=20) (actual time=0.007..0.565 rows=10000 loops=1)
 Planning time: 0.252 ms
 Execution time: 2.425 ms
(7 rows)

===== 272 [Wed Mar  7 01:59:09 CET 2018] scale:10000 groups:1000 work_mem:128MB incremental:off max_workers:0 =====
SELECT * FROM s_4 ORDER BY a, b, c, d, e
                                                     QUERY PLAN                                                     
--------------------------------------------------------------------------------------------------------------------
 Limit  (cost=953.39..953.39 rows=1 width=20) (actual time=2.339..2.339 rows=0 loops=1)
   ->  Sort  (cost=828.39..853.39 rows=10000 width=20) (actual time=1.804..2.117 rows=10000 loops=1)
         Sort Key: s_4.a, s_4.b, s_4.c, s_4.d, s_4.e
         Sort Method: quicksort  Memory: 1166kB
         ->  Seq Scan on s_4  (cost=0.00..164.00 rows=10000 width=20) (actual time=0.004..0.568 rows=10000 loops=1)
 Planning time: 0.249 ms
 Execution time: 2.394 ms
(7 rows)

===== 273 [Wed Mar  7 01:59:09 CET 2018] scale:10000 groups:1000 work_mem:256MB incremental:on max_workers:0 =====
SELECT * FROM s_1 ORDER BY a, b
                                                              QUERY PLAN                                                              
--------------------------------------------------------------------------------------------------------------------------------------
 Limit  (cost=798.33..798.33 rows=1 width=20) (actual time=3.410..3.410 rows=0 loops=1)
   ->  Incremental Sort  (cost=0.79..698.33 rows=10000 width=20) (actual time=0.061..3.186 rows=10000 loops=1)
         Sort Key: s_1.a, s_1.b
         Presorted Key: s_1.a
         Sort Method: quicksort  Memory: 28kB
         Sort Groups: 273
         ->  Index Scan using s_1_a_idx on s_1  (cost=0.29..337.29 rows=10000 width=20) (actual time=0.009..1.192 rows=10000 loops=1)
 Planning time: 0.254 ms
 Execution time: 3.432 ms
(9 rows)

===== 274 [Wed Mar  7 01:59:09 CET 2018] scale:10000 groups:1000 work_mem:256MB incremental:on max_workers:0 =====
SELECT * FROM s_2 ORDER BY a, b, c
                                                               QUERY PLAN                                                               
----------------------------------------------------------------------------------------------------------------------------------------
 Limit  (cost=881.02..881.02 rows=1 width=20) (actual time=2.692..2.692 rows=0 loops=1)
   ->  Incremental Sort  (cost=0.87..781.02 rows=10000 width=20) (actual time=0.051..2.467 rows=10000 loops=1)
         Sort Key: s_2.a, s_2.b, s_2.c
         Presorted Key: s_2.a, s_2.b
         Sort Method: quicksort  Memory: 27kB
         Sort Groups: 313
         ->  Index Scan using s_2_a_b_idx on s_2  (cost=0.29..419.97 rows=10000 width=20) (actual time=0.009..1.180 rows=10000 loops=1)
 Planning time: 0.268 ms
 Execution time: 2.711 ms
(9 rows)

===== 275 [Wed Mar  7 01:59:09 CET 2018] scale:10000 groups:1000 work_mem:256MB incremental:on max_workers:0 =====
SELECT * FROM s_3 ORDER BY a, b, c, d
                                                                QUERY PLAN                                                                
------------------------------------------------------------------------------------------------------------------------------------------
 Limit  (cost=925.02..925.02 rows=1 width=20) (actual time=2.690..2.690 rows=0 loops=1)
   ->  Incremental Sort  (cost=0.91..825.02 rows=10000 width=20) (actual time=0.051..2.471 rows=10000 loops=1)
         Sort Key: s_3.a, s_3.b, s_3.c, s_3.d
         Presorted Key: s_3.a, s_3.b, s_3.c
         Sort Method: quicksort  Memory: 27kB
         Sort Groups: 313
         ->  Index Scan using s_3_a_b_c_idx on s_3  (cost=0.29..463.97 rows=10000 width=20) (actual time=0.009..1.204 rows=10000 loops=1)
 Planning time: 0.267 ms
 Execution time: 2.709 ms
(9 rows)

===== 276 [Wed Mar  7 01:59:09 CET 2018] scale:10000 groups:1000 work_mem:256MB incremental:on max_workers:0 =====
SELECT * FROM s_4 ORDER BY a, b, c, d, e
                                                                 QUERY PLAN                                                                 
--------------------------------------------------------------------------------------------------------------------------------------------
 Limit  (cost=925.02..925.02 rows=1 width=20) (actual time=2.673..2.673 rows=0 loops=1)
   ->  Incremental Sort  (cost=0.91..825.02 rows=10000 width=20) (actual time=0.049..2.445 rows=10000 loops=1)
         Sort Key: s_4.a, s_4.b, s_4.c, s_4.d, s_4.e
         Presorted Key: s_4.a, s_4.b, s_4.c, s_4.d
         Sort Method: quicksort  Memory: 27kB
         Sort Groups: 313
         ->  Index Scan using s_4_a_b_c_d_idx on s_4  (cost=0.29..463.97 rows=10000 width=20) (actual time=0.005..1.192 rows=10000 loops=1)
 Planning time: 0.260 ms
 Execution time: 2.693 ms
(9 rows)

===== 277 [Wed Mar  7 01:59:09 CET 2018] scale:10000 groups:1000 work_mem:256MB incremental:off max_workers:0 =====
SELECT * FROM s_1 ORDER BY a, b
                                                     QUERY PLAN                                                     
--------------------------------------------------------------------------------------------------------------------
 Limit  (cost=953.39..953.39 rows=1 width=20) (actual time=3.577..3.577 rows=0 loops=1)
   ->  Sort  (cost=828.39..853.39 rows=10000 width=20) (actual time=3.036..3.356 rows=10000 loops=1)
         Sort Key: s_1.a, s_1.b
         Sort Method: quicksort  Memory: 1166kB
         ->  Seq Scan on s_1  (cost=0.00..164.00 rows=10000 width=20) (actual time=0.004..0.563 rows=10000 loops=1)
 Planning time: 0.248 ms
 Execution time: 3.634 ms
(7 rows)

===== 278 [Wed Mar  7 01:59:09 CET 2018] scale:10000 groups:1000 work_mem:256MB incremental:off max_workers:0 =====
SELECT * FROM s_2 ORDER BY a, b, c
                                                     QUERY PLAN                                                     
--------------------------------------------------------------------------------------------------------------------
 Limit  (cost=953.39..953.39 rows=1 width=20) (actual time=2.985..2.985 rows=0 loops=1)
   ->  Sort  (cost=828.39..853.39 rows=10000 width=20) (actual time=2.452..2.768 rows=10000 loops=1)
         Sort Key: s_2.a, s_2.b, s_2.c
         Sort Method: quicksort  Memory: 1166kB
         ->  Seq Scan on s_2  (cost=0.00..164.00 rows=10000 width=20) (actual time=0.007..0.564 rows=10000 loops=1)
 Planning time: 0.261 ms
 Execution time: 3.041 ms
(7 rows)

===== 279 [Wed Mar  7 01:59:09 CET 2018] scale:10000 groups:1000 work_mem:256MB incremental:off max_workers:0 =====
SELECT * FROM s_3 ORDER BY a, b, c, d
                                                     QUERY PLAN                                                     
--------------------------------------------------------------------------------------------------------------------
 Limit  (cost=953.39..953.39 rows=1 width=20) (actual time=2.369..2.369 rows=0 loops=1)
   ->  Sort  (cost=828.39..853.39 rows=10000 width=20) (actual time=1.828..2.151 rows=10000 loops=1)
         Sort Key: s_3.a, s_3.b, s_3.c, s_3.d
         Sort Method: quicksort  Memory: 1166kB
         ->  Seq Scan on s_3  (cost=0.00..164.00 rows=10000 width=20) (actual time=0.007..0.566 rows=10000 loops=1)
 Planning time: 0.255 ms
 Execution time: 2.425 ms
(7 rows)

===== 280 [Wed Mar  7 01:59:09 CET 2018] scale:10000 groups:1000 work_mem:256MB incremental:off max_workers:0 =====
SELECT * FROM s_4 ORDER BY a, b, c, d, e
                                                     QUERY PLAN                                                     
--------------------------------------------------------------------------------------------------------------------
 Limit  (cost=953.39..953.39 rows=1 width=20) (actual time=2.345..2.345 rows=0 loops=1)
   ->  Sort  (cost=828.39..853.39 rows=10000 width=20) (actual time=1.812..2.126 rows=10000 loops=1)
         Sort Key: s_4.a, s_4.b, s_4.c, s_4.d, s_4.e
         Sort Method: quicksort  Memory: 1166kB
         ->  Seq Scan on s_4  (cost=0.00..164.00 rows=10000 width=20) (actual time=0.004..0.568 rows=10000 loops=1)
 Planning time: 0.254 ms
 Execution time: 2.398 ms
(7 rows)

===== 281 [Wed Mar  7 01:59:09 CET 2018] scale:10000 groups:1000 work_mem:4MB incremental:on max_workers:2 =====
SELECT * FROM s_1 ORDER BY a, b
                                                              QUERY PLAN                                                              
--------------------------------------------------------------------------------------------------------------------------------------
 Limit  (cost=798.33..798.33 rows=1 width=20) (actual time=3.412..3.412 rows=0 loops=1)
   ->  Incremental Sort  (cost=0.79..698.33 rows=10000 width=20) (actual time=0.060..3.186 rows=10000 loops=1)
         Sort Key: s_1.a, s_1.b
         Presorted Key: s_1.a
         Sort Method: quicksort  Memory: 28kB
         Sort Groups: 273
         ->  Index Scan using s_1_a_idx on s_1  (cost=0.29..337.29 rows=10000 width=20) (actual time=0.009..1.190 rows=10000 loops=1)
 Planning time: 0.261 ms
 Execution time: 3.435 ms
(9 rows)

===== 282 [Wed Mar  7 01:59:09 CET 2018] scale:10000 groups:1000 work_mem:4MB incremental:on max_workers:2 =====
SELECT * FROM s_2 ORDER BY a, b, c
                                                               QUERY PLAN                                                               
----------------------------------------------------------------------------------------------------------------------------------------
 Limit  (cost=881.02..881.02 rows=1 width=20) (actual time=2.684..2.684 rows=0 loops=1)
   ->  Incremental Sort  (cost=0.87..781.02 rows=10000 width=20) (actual time=0.049..2.466 rows=10000 loops=1)
         Sort Key: s_2.a, s_2.b, s_2.c
         Presorted Key: s_2.a, s_2.b
         Sort Method: quicksort  Memory: 27kB
         Sort Groups: 313
         ->  Index Scan using s_2_a_b_idx on s_2  (cost=0.29..419.97 rows=10000 width=20) (actual time=0.009..1.185 rows=10000 loops=1)
 Planning time: 0.273 ms
 Execution time: 2.704 ms
(9 rows)

===== 283 [Wed Mar  7 01:59:10 CET 2018] scale:10000 groups:1000 work_mem:4MB incremental:on max_workers:2 =====
SELECT * FROM s_3 ORDER BY a, b, c, d
                                                                QUERY PLAN                                                                
------------------------------------------------------------------------------------------------------------------------------------------
 Limit  (cost=925.02..925.02 rows=1 width=20) (actual time=2.687..2.687 rows=0 loops=1)
   ->  Incremental Sort  (cost=0.91..825.02 rows=10000 width=20) (actual time=0.051..2.468 rows=10000 loops=1)
         Sort Key: s_3.a, s_3.b, s_3.c, s_3.d
         Presorted Key: s_3.a, s_3.b, s_3.c
         Sort Method: quicksort  Memory: 27kB
         Sort Groups: 313
         ->  Index Scan using s_3_a_b_c_idx on s_3  (cost=0.29..463.97 rows=10000 width=20) (actual time=0.009..1.191 rows=10000 loops=1)
 Planning time: 0.268 ms
 Execution time: 2.706 ms
(9 rows)

===== 284 [Wed Mar  7 01:59:10 CET 2018] scale:10000 groups:1000 work_mem:4MB incremental:on max_workers:2 =====
SELECT * FROM s_4 ORDER BY a, b, c, d, e
                                                                 QUERY PLAN                                                                 
--------------------------------------------------------------------------------------------------------------------------------------------
 Limit  (cost=925.02..925.02 rows=1 width=20) (actual time=2.680..2.680 rows=0 loops=1)
   ->  Incremental Sort  (cost=0.91..825.02 rows=10000 width=20) (actual time=0.049..2.459 rows=10000 loops=1)
         Sort Key: s_4.a, s_4.b, s_4.c, s_4.d, s_4.e
         Presorted Key: s_4.a, s_4.b, s_4.c, s_4.d
         Sort Method: quicksort  Memory: 27kB
         Sort Groups: 313
         ->  Index Scan using s_4_a_b_c_d_idx on s_4  (cost=0.29..463.97 rows=10000 width=20) (actual time=0.005..1.194 rows=10000 loops=1)
 Planning time: 0.268 ms
 Execution time: 2.699 ms
(9 rows)

===== 285 [Wed Mar  7 01:59:10 CET 2018] scale:10000 groups:1000 work_mem:4MB incremental:off max_workers:2 =====
SELECT * FROM s_1 ORDER BY a, b
                                                     QUERY PLAN                                                     
--------------------------------------------------------------------------------------------------------------------
 Limit  (cost=953.39..953.39 rows=1 width=20) (actual time=3.570..3.570 rows=0 loops=1)
   ->  Sort  (cost=828.39..853.39 rows=10000 width=20) (actual time=3.034..3.352 rows=10000 loops=1)
         Sort Key: s_1.a, s_1.b
         Sort Method: quicksort  Memory: 1166kB
         ->  Seq Scan on s_1  (cost=0.00..164.00 rows=10000 width=20) (actual time=0.004..0.563 rows=10000 loops=1)
 Planning time: 0.251 ms
 Execution time: 3.627 ms
(7 rows)

===== 286 [Wed Mar  7 01:59:10 CET 2018] scale:10000 groups:1000 work_mem:4MB incremental:off max_workers:2 =====
SELECT * FROM s_2 ORDER BY a, b, c
                                                     QUERY PLAN                                                     
--------------------------------------------------------------------------------------------------------------------
 Limit  (cost=953.39..953.39 rows=1 width=20) (actual time=2.982..2.982 rows=0 loops=1)
   ->  Sort  (cost=828.39..853.39 rows=10000 width=20) (actual time=2.447..2.765 rows=10000 loops=1)
         Sort Key: s_2.a, s_2.b, s_2.c
         Sort Method: quicksort  Memory: 1166kB
         ->  Seq Scan on s_2  (cost=0.00..164.00 rows=10000 width=20) (actual time=0.007..0.572 rows=10000 loops=1)
 Planning time: 0.262 ms
 Execution time: 3.037 ms
(7 rows)

===== 287 [Wed Mar  7 01:59:10 CET 2018] scale:10000 groups:1000 work_mem:4MB incremental:off max_workers:2 =====
SELECT * FROM s_3 ORDER BY a, b, c, d
                                                     QUERY PLAN                                                     
--------------------------------------------------------------------------------------------------------------------
 Limit  (cost=953.39..953.39 rows=1 width=20) (actual time=2.370..2.370 rows=0 loops=1)
   ->  Sort  (cost=828.39..853.39 rows=10000 width=20) (actual time=1.829..2.150 rows=10000 loops=1)
         Sort Key: s_3.a, s_3.b, s_3.c, s_3.d
         Sort Method: quicksort  Memory: 1166kB
         ->  Seq Scan on s_3  (cost=0.00..164.00 rows=10000 width=20) (actual time=0.007..0.568 rows=10000 loops=1)
 Planning time: 0.262 ms
 Execution time: 2.429 ms
(7 rows)

===== 288 [Wed Mar  7 01:59:10 CET 2018] scale:10000 groups:1000 work_mem:4MB incremental:off max_workers:2 =====
SELECT * FROM s_4 ORDER BY a, b, c, d, e
                                                     QUERY PLAN                                                     
--------------------------------------------------------------------------------------------------------------------
 Limit  (cost=953.39..953.39 rows=1 width=20) (actual time=2.343..2.343 rows=0 loops=1)
   ->  Sort  (cost=828.39..853.39 rows=10000 width=20) (actual time=1.806..2.122 rows=10000 loops=1)
         Sort Key: s_4.a, s_4.b, s_4.c, s_4.d, s_4.e
         Sort Method: quicksort  Memory: 1166kB
         ->  Seq Scan on s_4  (cost=0.00..164.00 rows=10000 width=20) (actual time=0.004..0.563 rows=10000 loops=1)
 Planning time: 0.262 ms
 Execution time: 2.399 ms
(7 rows)

===== 289 [Wed Mar  7 01:59:10 CET 2018] scale:10000 groups:1000 work_mem:8MB incremental:on max_workers:2 =====
SELECT * FROM s_1 ORDER BY a, b
                                                              QUERY PLAN                                                              
--------------------------------------------------------------------------------------------------------------------------------------
 Limit  (cost=798.33..798.33 rows=1 width=20) (actual time=3.405..3.405 rows=0 loops=1)
   ->  Incremental Sort  (cost=0.79..698.33 rows=10000 width=20) (actual time=0.060..3.185 rows=10000 loops=1)
         Sort Key: s_1.a, s_1.b
         Presorted Key: s_1.a
         Sort Method: quicksort  Memory: 28kB
         Sort Groups: 273
         ->  Index Scan using s_1_a_idx on s_1  (cost=0.29..337.29 rows=10000 width=20) (actual time=0.009..1.191 rows=10000 loops=1)
 Planning time: 0.274 ms
 Execution time: 3.428 ms
(9 rows)

===== 290 [Wed Mar  7 01:59:10 CET 2018] scale:10000 groups:1000 work_mem:8MB incremental:on max_workers:2 =====
SELECT * FROM s_2 ORDER BY a, b, c
                                                               QUERY PLAN                                                               
----------------------------------------------------------------------------------------------------------------------------------------
 Limit  (cost=881.02..881.02 rows=1 width=20) (actual time=2.688..2.688 rows=0 loops=1)
   ->  Incremental Sort  (cost=0.87..781.02 rows=10000 width=20) (actual time=0.050..2.464 rows=10000 loops=1)
         Sort Key: s_2.a, s_2.b, s_2.c
         Presorted Key: s_2.a, s_2.b
         Sort Method: quicksort  Memory: 27kB
         Sort Groups: 313
         ->  Index Scan using s_2_a_b_idx on s_2  (cost=0.29..419.97 rows=10000 width=20) (actual time=0.009..1.185 rows=10000 loops=1)
 Planning time: 0.273 ms
 Execution time: 2.708 ms
(9 rows)

===== 291 [Wed Mar  7 01:59:10 CET 2018] scale:10000 groups:1000 work_mem:8MB incremental:on max_workers:2 =====
SELECT * FROM s_3 ORDER BY a, b, c, d
                                                                QUERY PLAN                                                                
------------------------------------------------------------------------------------------------------------------------------------------
 Limit  (cost=925.02..925.02 rows=1 width=20) (actual time=2.683..2.683 rows=0 loops=1)
   ->  Incremental Sort  (cost=0.91..825.02 rows=10000 width=20) (actual time=0.056..2.465 rows=10000 loops=1)
         Sort Key: s_3.a, s_3.b, s_3.c, s_3.d
         Presorted Key: s_3.a, s_3.b, s_3.c
         Sort Method: quicksort  Memory: 27kB
         Sort Groups: 313
         ->  Index Scan using s_3_a_b_c_idx on s_3  (cost=0.29..463.97 rows=10000 width=20) (actual time=0.009..1.190 rows=10000 loops=1)
 Planning time: 0.267 ms
 Execution time: 2.702 ms
(9 rows)

===== 292 [Wed Mar  7 01:59:10 CET 2018] scale:10000 groups:1000 work_mem:8MB incremental:on max_workers:2 =====
SELECT * FROM s_4 ORDER BY a, b, c, d, e
                                                                 QUERY PLAN                                                                 
--------------------------------------------------------------------------------------------------------------------------------------------
 Limit  (cost=925.02..925.02 rows=1 width=20) (actual time=2.672..2.672 rows=0 loops=1)
   ->  Incremental Sort  (cost=0.91..825.02 rows=10000 width=20) (actual time=0.047..2.448 rows=10000 loops=1)
         Sort Key: s_4.a, s_4.b, s_4.c, s_4.d, s_4.e
         Presorted Key: s_4.a, s_4.b, s_4.c, s_4.d
         Sort Method: quicksort  Memory: 27kB
         Sort Groups: 313
         ->  Index Scan using s_4_a_b_c_d_idx on s_4  (cost=0.29..463.97 rows=10000 width=20) (actual time=0.005..1.198 rows=10000 loops=1)
 Planning time: 0.264 ms
 Execution time: 2.691 ms
(9 rows)

===== 293 [Wed Mar  7 01:59:10 CET 2018] scale:10000 groups:1000 work_mem:8MB incremental:off max_workers:2 =====
SELECT * FROM s_1 ORDER BY a, b
                                                     QUERY PLAN                                                     
--------------------------------------------------------------------------------------------------------------------
 Limit  (cost=953.39..953.39 rows=1 width=20) (actual time=3.580..3.580 rows=0 loops=1)
   ->  Sort  (cost=828.39..853.39 rows=10000 width=20) (actual time=3.034..3.359 rows=10000 loops=1)
         Sort Key: s_1.a, s_1.b
         Sort Method: quicksort  Memory: 1166kB
         ->  Seq Scan on s_1  (cost=0.00..164.00 rows=10000 width=20) (actual time=0.004..0.564 rows=10000 loops=1)
 Planning time: 0.251 ms
 Execution time: 3.636 ms
(7 rows)

===== 294 [Wed Mar  7 01:59:10 CET 2018] scale:10000 groups:1000 work_mem:8MB incremental:off max_workers:2 =====
SELECT * FROM s_2 ORDER BY a, b, c
                                                     QUERY PLAN                                                     
--------------------------------------------------------------------------------------------------------------------
 Limit  (cost=953.39..953.39 rows=1 width=20) (actual time=2.992..2.992 rows=0 loops=1)
   ->  Sort  (cost=828.39..853.39 rows=10000 width=20) (actual time=2.456..2.775 rows=10000 loops=1)
         Sort Key: s_2.a, s_2.b, s_2.c
         Sort Method: quicksort  Memory: 1166kB
         ->  Seq Scan on s_2  (cost=0.00..164.00 rows=10000 width=20) (actual time=0.007..0.568 rows=10000 loops=1)
 Planning time: 0.263 ms
 Execution time: 3.049 ms
(7 rows)

===== 295 [Wed Mar  7 01:59:11 CET 2018] scale:10000 groups:1000 work_mem:8MB incremental:off max_workers:2 =====
SELECT * FROM s_3 ORDER BY a, b, c, d
                                                     QUERY PLAN                                                     
--------------------------------------------------------------------------------------------------------------------
 Limit  (cost=953.39..953.39 rows=1 width=20) (actual time=2.370..2.370 rows=0 loops=1)
   ->  Sort  (cost=828.39..853.39 rows=10000 width=20) (actual time=1.831..2.149 rows=10000 loops=1)
         Sort Key: s_3.a, s_3.b, s_3.c, s_3.d
         Sort Method: quicksort  Memory: 1166kB
         ->  Seq Scan on s_3  (cost=0.00..164.00 rows=10000 width=20) (actual time=0.007..0.567 rows=10000 loops=1)
 Planning time: 0.264 ms
 Execution time: 2.428 ms
(7 rows)

===== 296 [Wed Mar  7 01:59:11 CET 2018] scale:10000 groups:1000 work_mem:8MB incremental:off max_workers:2 =====
SELECT * FROM s_4 ORDER BY a, b, c, d, e
                                                     QUERY PLAN                                                     
--------------------------------------------------------------------------------------------------------------------
 Limit  (cost=953.39..953.39 rows=1 width=20) (actual time=2.341..2.341 rows=0 loops=1)
   ->  Sort  (cost=828.39..853.39 rows=10000 width=20) (actual time=1.806..2.124 rows=10000 loops=1)
         Sort Key: s_4.a, s_4.b, s_4.c, s_4.d, s_4.e
         Sort Method: quicksort  Memory: 1166kB
         ->  Seq Scan on s_4  (cost=0.00..164.00 rows=10000 width=20) (actual time=0.004..0.563 rows=10000 loops=1)
 Planning time: 0.263 ms
 Execution time: 2.398 ms
(7 rows)

===== 297 [Wed Mar  7 01:59:11 CET 2018] scale:10000 groups:1000 work_mem:16MB incremental:on max_workers:2 =====
SELECT * FROM s_1 ORDER BY a, b
                                                              QUERY PLAN                                                              
--------------------------------------------------------------------------------------------------------------------------------------
 Limit  (cost=798.33..798.33 rows=1 width=20) (actual time=3.406..3.406 rows=0 loops=1)
   ->  Incremental Sort  (cost=0.79..698.33 rows=10000 width=20) (actual time=0.060..3.186 rows=10000 loops=1)
         Sort Key: s_1.a, s_1.b
         Presorted Key: s_1.a
         Sort Method: quicksort  Memory: 28kB
         Sort Groups: 273
         ->  Index Scan using s_1_a_idx on s_1  (cost=0.29..337.29 rows=10000 width=20) (actual time=0.009..1.183 rows=10000 loops=1)
 Planning time: 0.261 ms
 Execution time: 3.430 ms
(9 rows)

===== 298 [Wed Mar  7 01:59:11 CET 2018] scale:10000 groups:1000 work_mem:16MB incremental:on max_workers:2 =====
SELECT * FROM s_2 ORDER BY a, b, c
                                                               QUERY PLAN                                                               
----------------------------------------------------------------------------------------------------------------------------------------
 Limit  (cost=881.02..881.02 rows=1 width=20) (actual time=2.685..2.685 rows=0 loops=1)
   ->  Incremental Sort  (cost=0.87..781.02 rows=10000 width=20) (actual time=0.048..2.466 rows=10000 loops=1)
         Sort Key: s_2.a, s_2.b, s_2.c
         Presorted Key: s_2.a, s_2.b
         Sort Method: quicksort  Memory: 27kB
         Sort Groups: 313
         ->  Index Scan using s_2_a_b_idx on s_2  (cost=0.29..419.97 rows=10000 width=20) (actual time=0.009..1.184 rows=10000 loops=1)
 Planning time: 0.273 ms
 Execution time: 2.705 ms
(9 rows)

===== 299 [Wed Mar  7 01:59:11 CET 2018] scale:10000 groups:1000 work_mem:16MB incremental:on max_workers:2 =====
SELECT * FROM s_3 ORDER BY a, b, c, d
                                                                QUERY PLAN                                                                
------------------------------------------------------------------------------------------------------------------------------------------
 Limit  (cost=925.02..925.02 rows=1 width=20) (actual time=2.690..2.690 rows=0 loops=1)
   ->  Incremental Sort  (cost=0.91..825.02 rows=10000 width=20) (actual time=0.051..2.472 rows=10000 loops=1)
         Sort Key: s_3.a, s_3.b, s_3.c, s_3.d
         Presorted Key: s_3.a, s_3.b, s_3.c
         Sort Method: quicksort  Memory: 27kB
         Sort Groups: 313
         ->  Index Scan using s_3_a_b_c_idx on s_3  (cost=0.29..463.97 rows=10000 width=20) (actual time=0.008..1.200 rows=10000 loops=1)
 Planning time: 0.267 ms
 Execution time: 2.711 ms
(9 rows)

===== 300 [Wed Mar  7 01:59:11 CET 2018] scale:10000 groups:1000 work_mem:16MB incremental:on max_workers:2 =====
SELECT * FROM s_4 ORDER BY a, b, c, d, e
                                                                 QUERY PLAN                                                                 
--------------------------------------------------------------------------------------------------------------------------------------------
 Limit  (cost=925.02..925.02 rows=1 width=20) (actual time=2.674..2.674 rows=0 loops=1)
   ->  Incremental Sort  (cost=0.91..825.02 rows=10000 width=20) (actual time=0.048..2.453 rows=10000 loops=1)
         Sort Key: s_4.a, s_4.b, s_4.c, s_4.d, s_4.e
         Presorted Key: s_4.a, s_4.b, s_4.c, s_4.d
         Sort Method: quicksort  Memory: 27kB
         Sort Groups: 313
         ->  Index Scan using s_4_a_b_c_d_idx on s_4  (cost=0.29..463.97 rows=10000 width=20) (actual time=0.005..1.197 rows=10000 loops=1)
 Planning time: 0.266 ms
 Execution time: 2.693 ms
(9 rows)

===== 301 [Wed Mar  7 01:59:11 CET 2018] scale:10000 groups:1000 work_mem:16MB incremental:off max_workers:2 =====
SELECT * FROM s_1 ORDER BY a, b
                                                     QUERY PLAN                                                     
--------------------------------------------------------------------------------------------------------------------
 Limit  (cost=953.39..953.39 rows=1 width=20) (actual time=3.573..3.573 rows=0 loops=1)
   ->  Sort  (cost=828.39..853.39 rows=10000 width=20) (actual time=3.030..3.356 rows=10000 loops=1)
         Sort Key: s_1.a, s_1.b
         Sort Method: quicksort  Memory: 1166kB
         ->  Seq Scan on s_1  (cost=0.00..164.00 rows=10000 width=20) (actual time=0.004..0.572 rows=10000 loops=1)
 Planning time: 0.250 ms
 Execution time: 3.630 ms
(7 rows)

===== 302 [Wed Mar  7 01:59:11 CET 2018] scale:10000 groups:1000 work_mem:16MB incremental:off max_workers:2 =====
SELECT * FROM s_2 ORDER BY a, b, c
                                                     QUERY PLAN                                                     
--------------------------------------------------------------------------------------------------------------------
 Limit  (cost=953.39..953.39 rows=1 width=20) (actual time=2.991..2.991 rows=0 loops=1)
   ->  Sort  (cost=828.39..853.39 rows=10000 width=20) (actual time=2.456..2.773 rows=10000 loops=1)
         Sort Key: s_2.a, s_2.b, s_2.c
         Sort Method: quicksort  Memory: 1166kB
         ->  Seq Scan on s_2  (cost=0.00..164.00 rows=10000 width=20) (actual time=0.007..0.564 rows=10000 loops=1)
 Planning time: 0.264 ms
 Execution time: 3.045 ms
(7 rows)

===== 303 [Wed Mar  7 01:59:11 CET 2018] scale:10000 groups:1000 work_mem:16MB incremental:off max_workers:2 =====
SELECT * FROM s_3 ORDER BY a, b, c, d
                                                     QUERY PLAN                                                     
--------------------------------------------------------------------------------------------------------------------
 Limit  (cost=953.39..953.39 rows=1 width=20) (actual time=2.364..2.364 rows=0 loops=1)
   ->  Sort  (cost=828.39..853.39 rows=10000 width=20) (actual time=1.826..2.144 rows=10000 loops=1)
         Sort Key: s_3.a, s_3.b, s_3.c, s_3.d
         Sort Method: quicksort  Memory: 1166kB
         ->  Seq Scan on s_3  (cost=0.00..164.00 rows=10000 width=20) (actual time=0.007..0.563 rows=10000 loops=1)
 Planning time: 0.268 ms
 Execution time: 2.423 ms
(7 rows)

===== 304 [Wed Mar  7 01:59:11 CET 2018] scale:10000 groups:1000 work_mem:16MB incremental:off max_workers:2 =====
SELECT * FROM s_4 ORDER BY a, b, c, d, e
                                                     QUERY PLAN                                                     
--------------------------------------------------------------------------------------------------------------------
 Limit  (cost=953.39..953.39 rows=1 width=20) (actual time=2.346..2.346 rows=0 loops=1)
   ->  Sort  (cost=828.39..853.39 rows=10000 width=20) (actual time=1.810..2.128 rows=10000 loops=1)
         Sort Key: s_4.a, s_4.b, s_4.c, s_4.d, s_4.e
         Sort Method: quicksort  Memory: 1166kB
         ->  Seq Scan on s_4  (cost=0.00..164.00 rows=10000 width=20) (actual time=0.004..0.564 rows=10000 loops=1)
 Planning time: 0.254 ms
 Execution time: 2.406 ms
(7 rows)

===== 305 [Wed Mar  7 01:59:11 CET 2018] scale:10000 groups:1000 work_mem:32MB incremental:on max_workers:2 =====
SELECT * FROM s_1 ORDER BY a, b
                                                              QUERY PLAN                                                              
--------------------------------------------------------------------------------------------------------------------------------------
 Limit  (cost=798.33..798.33 rows=1 width=20) (actual time=3.405..3.405 rows=0 loops=1)
   ->  Incremental Sort  (cost=0.79..698.33 rows=10000 width=20) (actual time=0.062..3.185 rows=10000 loops=1)
         Sort Key: s_1.a, s_1.b
         Presorted Key: s_1.a
         Sort Method: quicksort  Memory: 28kB
         Sort Groups: 273
         ->  Index Scan using s_1_a_idx on s_1  (cost=0.29..337.29 rows=10000 width=20) (actual time=0.009..1.191 rows=10000 loops=1)
 Planning time: 0.257 ms
 Execution time: 3.428 ms
(9 rows)

===== 306 [Wed Mar  7 01:59:11 CET 2018] scale:10000 groups:1000 work_mem:32MB incremental:on max_workers:2 =====
SELECT * FROM s_2 ORDER BY a, b, c
                                                               QUERY PLAN                                                               
----------------------------------------------------------------------------------------------------------------------------------------
 Limit  (cost=881.02..881.02 rows=1 width=20) (actual time=2.678..2.678 rows=0 loops=1)
   ->  Incremental Sort  (cost=0.87..781.02 rows=10000 width=20) (actual time=0.049..2.459 rows=10000 loops=1)
         Sort Key: s_2.a, s_2.b, s_2.c
         Presorted Key: s_2.a, s_2.b
         Sort Method: quicksort  Memory: 27kB
         Sort Groups: 313
         ->  Index Scan using s_2_a_b_idx on s_2  (cost=0.29..419.97 rows=10000 width=20) (actual time=0.009..1.174 rows=10000 loops=1)
 Planning time: 0.279 ms
 Execution time: 2.697 ms
(9 rows)

===== 307 [Wed Mar  7 01:59:12 CET 2018] scale:10000 groups:1000 work_mem:32MB incremental:on max_workers:2 =====
SELECT * FROM s_3 ORDER BY a, b, c, d
                                                                QUERY PLAN                                                                
------------------------------------------------------------------------------------------------------------------------------------------
 Limit  (cost=925.02..925.02 rows=1 width=20) (actual time=2.690..2.690 rows=0 loops=1)
   ->  Incremental Sort  (cost=0.91..825.02 rows=10000 width=20) (actual time=0.058..2.472 rows=10000 loops=1)
         Sort Key: s_3.a, s_3.b, s_3.c, s_3.d
         Presorted Key: s_3.a, s_3.b, s_3.c
         Sort Method: quicksort  Memory: 27kB
         Sort Groups: 313
         ->  Index Scan using s_3_a_b_c_idx on s_3  (cost=0.29..463.97 rows=10000 width=20) (actual time=0.009..1.197 rows=10000 loops=1)
 Planning time: 0.269 ms
 Execution time: 2.711 ms
(9 rows)

===== 308 [Wed Mar  7 01:59:12 CET 2018] scale:10000 groups:1000 work_mem:32MB incremental:on max_workers:2 =====
SELECT * FROM s_4 ORDER BY a, b, c, d, e
                                                                 QUERY PLAN                                                                 
--------------------------------------------------------------------------------------------------------------------------------------------
 Limit  (cost=925.02..925.02 rows=1 width=20) (actual time=2.680..2.680 rows=0 loops=1)
   ->  Incremental Sort  (cost=0.91..825.02 rows=10000 width=20) (actual time=0.050..2.456 rows=10000 loops=1)
         Sort Key: s_4.a, s_4.b, s_4.c, s_4.d, s_4.e
         Presorted Key: s_4.a, s_4.b, s_4.c, s_4.d
         Sort Method: quicksort  Memory: 27kB
         Sort Groups: 313
         ->  Index Scan using s_4_a_b_c_d_idx on s_4  (cost=0.29..463.97 rows=10000 width=20) (actual time=0.005..1.199 rows=10000 loops=1)
 Planning time: 0.265 ms
 Execution time: 2.699 ms
(9 rows)

===== 309 [Wed Mar  7 01:59:12 CET 2018] scale:10000 groups:1000 work_mem:32MB incremental:off max_workers:2 =====
SELECT * FROM s_1 ORDER BY a, b
                                                     QUERY PLAN                                                     
--------------------------------------------------------------------------------------------------------------------
 Limit  (cost=953.39..953.39 rows=1 width=20) (actual time=3.566..3.566 rows=0 loops=1)
   ->  Sort  (cost=828.39..853.39 rows=10000 width=20) (actual time=3.030..3.348 rows=10000 loops=1)
         Sort Key: s_1.a, s_1.b
         Sort Method: quicksort  Memory: 1166kB
         ->  Seq Scan on s_1  (cost=0.00..164.00 rows=10000 width=20) (actual time=0.004..0.563 rows=10000 loops=1)
 Planning time: 0.255 ms
 Execution time: 3.623 ms
(7 rows)

===== 310 [Wed Mar  7 01:59:12 CET 2018] scale:10000 groups:1000 work_mem:32MB incremental:off max_workers:2 =====
SELECT * FROM s_2 ORDER BY a, b, c
                                                     QUERY PLAN                                                     
--------------------------------------------------------------------------------------------------------------------
 Limit  (cost=953.39..953.39 rows=1 width=20) (actual time=2.986..2.986 rows=0 loops=1)
   ->  Sort  (cost=828.39..853.39 rows=10000 width=20) (actual time=2.449..2.769 rows=10000 loops=1)
         Sort Key: s_2.a, s_2.b, s_2.c
         Sort Method: quicksort  Memory: 1166kB
         ->  Seq Scan on s_2  (cost=0.00..164.00 rows=10000 width=20) (actual time=0.007..0.567 rows=10000 loops=1)
 Planning time: 0.269 ms
 Execution time: 3.042 ms
(7 rows)

===== 311 [Wed Mar  7 01:59:12 CET 2018] scale:10000 groups:1000 work_mem:32MB incremental:off max_workers:2 =====
SELECT * FROM s_3 ORDER BY a, b, c, d
                                                     QUERY PLAN                                                     
--------------------------------------------------------------------------------------------------------------------
 Limit  (cost=953.39..953.39 rows=1 width=20) (actual time=2.368..2.368 rows=0 loops=1)
   ->  Sort  (cost=828.39..853.39 rows=10000 width=20) (actual time=1.831..2.149 rows=10000 loops=1)
         Sort Key: s_3.a, s_3.b, s_3.c, s_3.d
         Sort Method: quicksort  Memory: 1166kB
         ->  Seq Scan on s_3  (cost=0.00..164.00 rows=10000 width=20) (actual time=0.007..0.562 rows=10000 loops=1)
 Planning time: 0.254 ms
 Execution time: 2.424 ms
(7 rows)

===== 312 [Wed Mar  7 01:59:12 CET 2018] scale:10000 groups:1000 work_mem:32MB incremental:off max_workers:2 =====
SELECT * FROM s_4 ORDER BY a, b, c, d, e
                                                     QUERY PLAN                                                     
--------------------------------------------------------------------------------------------------------------------
 Limit  (cost=953.39..953.39 rows=1 width=20) (actual time=2.343..2.343 rows=0 loops=1)
   ->  Sort  (cost=828.39..853.39 rows=10000 width=20) (actual time=1.807..2.122 rows=10000 loops=1)
         Sort Key: s_4.a, s_4.b, s_4.c, s_4.d, s_4.e
         Sort Method: quicksort  Memory: 1166kB
         ->  Seq Scan on s_4  (cost=0.00..164.00 rows=10000 width=20) (actual time=0.004..0.572 rows=10000 loops=1)
 Planning time: 0.254 ms
 Execution time: 2.400 ms
(7 rows)

===== 313 [Wed Mar  7 01:59:12 CET 2018] scale:10000 groups:1000 work_mem:64MB incremental:on max_workers:2 =====
SELECT * FROM s_1 ORDER BY a, b
                                                              QUERY PLAN                                                              
--------------------------------------------------------------------------------------------------------------------------------------
 Limit  (cost=798.33..798.33 rows=1 width=20) (actual time=3.403..3.403 rows=0 loops=1)
   ->  Incremental Sort  (cost=0.79..698.33 rows=10000 width=20) (actual time=0.061..3.183 rows=10000 loops=1)
         Sort Key: s_1.a, s_1.b
         Presorted Key: s_1.a
         Sort Method: quicksort  Memory: 28kB
         Sort Groups: 273
         ->  Index Scan using s_1_a_idx on s_1  (cost=0.29..337.29 rows=10000 width=20) (actual time=0.009..1.188 rows=10000 loops=1)
 Planning time: 0.257 ms
 Execution time: 3.425 ms
(9 rows)

===== 314 [Wed Mar  7 01:59:12 CET 2018] scale:10000 groups:1000 work_mem:64MB incremental:on max_workers:2 =====
SELECT * FROM s_2 ORDER BY a, b, c
                                                               QUERY PLAN                                                               
----------------------------------------------------------------------------------------------------------------------------------------
 Limit  (cost=881.02..881.02 rows=1 width=20) (actual time=2.684..2.684 rows=0 loops=1)
   ->  Incremental Sort  (cost=0.87..781.02 rows=10000 width=20) (actual time=0.050..2.465 rows=10000 loops=1)
         Sort Key: s_2.a, s_2.b, s_2.c
         Presorted Key: s_2.a, s_2.b
         Sort Method: quicksort  Memory: 27kB
         Sort Groups: 313
         ->  Index Scan using s_2_a_b_idx on s_2  (cost=0.29..419.97 rows=10000 width=20) (actual time=0.009..1.184 rows=10000 loops=1)
 Planning time: 0.278 ms
 Execution time: 2.704 ms
(9 rows)

===== 315 [Wed Mar  7 01:59:12 CET 2018] scale:10000 groups:1000 work_mem:64MB incremental:on max_workers:2 =====
SELECT * FROM s_3 ORDER BY a, b, c, d
                                                                QUERY PLAN                                                                
------------------------------------------------------------------------------------------------------------------------------------------
 Limit  (cost=925.02..925.02 rows=1 width=20) (actual time=2.689..2.689 rows=0 loops=1)
   ->  Incremental Sort  (cost=0.91..825.02 rows=10000 width=20) (actual time=0.051..2.461 rows=10000 loops=1)
         Sort Key: s_3.a, s_3.b, s_3.c, s_3.d
         Presorted Key: s_3.a, s_3.b, s_3.c
         Sort Method: quicksort  Memory: 27kB
         Sort Groups: 313
         ->  Index Scan using s_3_a_b_c_idx on s_3  (cost=0.29..463.97 rows=10000 width=20) (actual time=0.009..1.192 rows=10000 loops=1)
 Planning time: 0.267 ms
 Execution time: 2.709 ms
(9 rows)

===== 316 [Wed Mar  7 01:59:12 CET 2018] scale:10000 groups:1000 work_mem:64MB incremental:on max_workers:2 =====
SELECT * FROM s_4 ORDER BY a, b, c, d, e
                                                                 QUERY PLAN                                                                 
--------------------------------------------------------------------------------------------------------------------------------------------
 Limit  (cost=925.02..925.02 rows=1 width=20) (actual time=2.678..2.678 rows=0 loops=1)
   ->  Incremental Sort  (cost=0.91..825.02 rows=10000 width=20) (actual time=0.050..2.457 rows=10000 loops=1)
         Sort Key: s_4.a, s_4.b, s_4.c, s_4.d, s_4.e
         Presorted Key: s_4.a, s_4.b, s_4.c, s_4.d
         Sort Method: quicksort  Memory: 27kB
         Sort Groups: 313
         ->  Index Scan using s_4_a_b_c_d_idx on s_4  (cost=0.29..463.97 rows=10000 width=20) (actual time=0.005..1.200 rows=10000 loops=1)
 Planning time: 0.269 ms
 Execution time: 2.698 ms
(9 rows)

===== 317 [Wed Mar  7 01:59:12 CET 2018] scale:10000 groups:1000 work_mem:64MB incremental:off max_workers:2 =====
SELECT * FROM s_1 ORDER BY a, b
                                                     QUERY PLAN                                                     
--------------------------------------------------------------------------------------------------------------------
 Limit  (cost=953.39..953.39 rows=1 width=20) (actual time=3.572..3.572 rows=0 loops=1)
   ->  Sort  (cost=828.39..853.39 rows=10000 width=20) (actual time=3.033..3.357 rows=10000 loops=1)
         Sort Key: s_1.a, s_1.b
         Sort Method: quicksort  Memory: 1166kB
         ->  Seq Scan on s_1  (cost=0.00..164.00 rows=10000 width=20) (actual time=0.004..0.563 rows=10000 loops=1)
 Planning time: 0.255 ms
 Execution time: 3.629 ms
(7 rows)

===== 318 [Wed Mar  7 01:59:12 CET 2018] scale:10000 groups:1000 work_mem:64MB incremental:off max_workers:2 =====
SELECT * FROM s_2 ORDER BY a, b, c
                                                     QUERY PLAN                                                     
--------------------------------------------------------------------------------------------------------------------
 Limit  (cost=953.39..953.39 rows=1 width=20) (actual time=2.987..2.987 rows=0 loops=1)
   ->  Sort  (cost=828.39..853.39 rows=10000 width=20) (actual time=2.451..2.770 rows=10000 loops=1)
         Sort Key: s_2.a, s_2.b, s_2.c
         Sort Method: quicksort  Memory: 1166kB
         ->  Seq Scan on s_2  (cost=0.00..164.00 rows=10000 width=20) (actual time=0.007..0.566 rows=10000 loops=1)
 Planning time: 0.257 ms
 Execution time: 3.043 ms
(7 rows)

===== 319 [Wed Mar  7 01:59:13 CET 2018] scale:10000 groups:1000 work_mem:64MB incremental:off max_workers:2 =====
SELECT * FROM s_3 ORDER BY a, b, c, d
                                                     QUERY PLAN                                                     
--------------------------------------------------------------------------------------------------------------------
 Limit  (cost=953.39..953.39 rows=1 width=20) (actual time=2.373..2.373 rows=0 loops=1)
   ->  Sort  (cost=828.39..853.39 rows=10000 width=20) (actual time=1.837..2.152 rows=10000 loops=1)
         Sort Key: s_3.a, s_3.b, s_3.c, s_3.d
         Sort Method: quicksort  Memory: 1166kB
         ->  Seq Scan on s_3  (cost=0.00..164.00 rows=10000 width=20) (actual time=0.007..0.567 rows=10000 loops=1)
 Planning time: 0.255 ms
 Execution time: 2.429 ms
(7 rows)

===== 320 [Wed Mar  7 01:59:13 CET 2018] scale:10000 groups:1000 work_mem:64MB incremental:off max_workers:2 =====
SELECT * FROM s_4 ORDER BY a, b, c, d, e
                                                     QUERY PLAN                                                     
--------------------------------------------------------------------------------------------------------------------
 Limit  (cost=953.39..953.39 rows=1 width=20) (actual time=2.337..2.337 rows=0 loops=1)
   ->  Sort  (cost=828.39..853.39 rows=10000 width=20) (actual time=1.803..2.117 rows=10000 loops=1)
         Sort Key: s_4.a, s_4.b, s_4.c, s_4.d, s_4.e
         Sort Method: quicksort  Memory: 1166kB
         ->  Seq Scan on s_4  (cost=0.00..164.00 rows=10000 width=20) (actual time=0.004..0.566 rows=10000 loops=1)
 Planning time: 0.254 ms
 Execution time: 2.393 ms
(7 rows)

===== 321 [Wed Mar  7 01:59:13 CET 2018] scale:10000 groups:1000 work_mem:128MB incremental:on max_workers:2 =====
SELECT * FROM s_1 ORDER BY a, b
                                                              QUERY PLAN                                                              
--------------------------------------------------------------------------------------------------------------------------------------
 Limit  (cost=798.33..798.33 rows=1 width=20) (actual time=3.410..3.410 rows=0 loops=1)
   ->  Incremental Sort  (cost=0.79..698.33 rows=10000 width=20) (actual time=0.063..3.190 rows=10000 loops=1)
         Sort Key: s_1.a, s_1.b
         Presorted Key: s_1.a
         Sort Method: quicksort  Memory: 28kB
         Sort Groups: 273
         ->  Index Scan using s_1_a_idx on s_1  (cost=0.29..337.29 rows=10000 width=20) (actual time=0.009..1.189 rows=10000 loops=1)
 Planning time: 0.257 ms
 Execution time: 3.433 ms
(9 rows)

===== 322 [Wed Mar  7 01:59:13 CET 2018] scale:10000 groups:1000 work_mem:128MB incremental:on max_workers:2 =====
SELECT * FROM s_2 ORDER BY a, b, c
                                                               QUERY PLAN                                                               
----------------------------------------------------------------------------------------------------------------------------------------
 Limit  (cost=881.02..881.02 rows=1 width=20) (actual time=2.685..2.685 rows=0 loops=1)
   ->  Incremental Sort  (cost=0.87..781.02 rows=10000 width=20) (actual time=0.051..2.466 rows=10000 loops=1)
         Sort Key: s_2.a, s_2.b, s_2.c
         Presorted Key: s_2.a, s_2.b
         Sort Method: quicksort  Memory: 27kB
         Sort Groups: 313
         ->  Index Scan using s_2_a_b_idx on s_2  (cost=0.29..419.97 rows=10000 width=20) (actual time=0.009..1.178 rows=10000 loops=1)
 Planning time: 0.273 ms
 Execution time: 2.705 ms
(9 rows)

===== 323 [Wed Mar  7 01:59:13 CET 2018] scale:10000 groups:1000 work_mem:128MB incremental:on max_workers:2 =====
SELECT * FROM s_3 ORDER BY a, b, c, d
                                                                QUERY PLAN                                                                
------------------------------------------------------------------------------------------------------------------------------------------
 Limit  (cost=925.02..925.02 rows=1 width=20) (actual time=2.688..2.688 rows=0 loops=1)
   ->  Incremental Sort  (cost=0.91..825.02 rows=10000 width=20) (actual time=0.052..2.470 rows=10000 loops=1)
         Sort Key: s_3.a, s_3.b, s_3.c, s_3.d
         Presorted Key: s_3.a, s_3.b, s_3.c
         Sort Method: quicksort  Memory: 27kB
         Sort Groups: 313
         ->  Index Scan using s_3_a_b_c_idx on s_3  (cost=0.29..463.97 rows=10000 width=20) (actual time=0.008..1.197 rows=10000 loops=1)
 Planning time: 0.267 ms
 Execution time: 2.710 ms
(9 rows)

===== 324 [Wed Mar  7 01:59:13 CET 2018] scale:10000 groups:1000 work_mem:128MB incremental:on max_workers:2 =====
SELECT * FROM s_4 ORDER BY a, b, c, d, e
                                                                 QUERY PLAN                                                                 
--------------------------------------------------------------------------------------------------------------------------------------------
 Limit  (cost=925.02..925.02 rows=1 width=20) (actual time=2.676..2.676 rows=0 loops=1)
   ->  Incremental Sort  (cost=0.91..825.02 rows=10000 width=20) (actual time=0.049..2.456 rows=10000 loops=1)
         Sort Key: s_4.a, s_4.b, s_4.c, s_4.d, s_4.e
         Presorted Key: s_4.a, s_4.b, s_4.c, s_4.d
         Sort Method: quicksort  Memory: 27kB
         Sort Groups: 313
         ->  Index Scan using s_4_a_b_c_d_idx on s_4  (cost=0.29..463.97 rows=10000 width=20) (actual time=0.005..1.193 rows=10000 loops=1)
 Planning time: 0.262 ms
 Execution time: 2.696 ms
(9 rows)

===== 325 [Wed Mar  7 01:59:13 CET 2018] scale:10000 groups:1000 work_mem:128MB incremental:off max_workers:2 =====
SELECT * FROM s_1 ORDER BY a, b
                                                     QUERY PLAN                                                     
--------------------------------------------------------------------------------------------------------------------
 Limit  (cost=953.39..953.39 rows=1 width=20) (actual time=3.578..3.578 rows=0 loops=1)
   ->  Sort  (cost=828.39..853.39 rows=10000 width=20) (actual time=3.036..3.359 rows=10000 loops=1)
         Sort Key: s_1.a, s_1.b
         Sort Method: quicksort  Memory: 1166kB
         ->  Seq Scan on s_1  (cost=0.00..164.00 rows=10000 width=20) (actual time=0.004..0.569 rows=10000 loops=1)
 Planning time: 0.251 ms
 Execution time: 3.635 ms
(7 rows)

===== 326 [Wed Mar  7 01:59:13 CET 2018] scale:10000 groups:1000 work_mem:128MB incremental:off max_workers:2 =====
SELECT * FROM s_2 ORDER BY a, b, c
                                                     QUERY PLAN                                                     
--------------------------------------------------------------------------------------------------------------------
 Limit  (cost=953.39..953.39 rows=1 width=20) (actual time=2.991..2.991 rows=0 loops=1)
   ->  Sort  (cost=828.39..853.39 rows=10000 width=20) (actual time=2.458..2.774 rows=10000 loops=1)
         Sort Key: s_2.a, s_2.b, s_2.c
         Sort Method: quicksort  Memory: 1166kB
         ->  Seq Scan on s_2  (cost=0.00..164.00 rows=10000 width=20) (actual time=0.007..0.569 rows=10000 loops=1)
 Planning time: 0.263 ms
 Execution time: 3.047 ms
(7 rows)

===== 327 [Wed Mar  7 01:59:13 CET 2018] scale:10000 groups:1000 work_mem:128MB incremental:off max_workers:2 =====
SELECT * FROM s_3 ORDER BY a, b, c, d
                                                     QUERY PLAN                                                     
--------------------------------------------------------------------------------------------------------------------
 Limit  (cost=953.39..953.39 rows=1 width=20) (actual time=2.365..2.365 rows=0 loops=1)
   ->  Sort  (cost=828.39..853.39 rows=10000 width=20) (actual time=1.828..2.148 rows=10000 loops=1)
         Sort Key: s_3.a, s_3.b, s_3.c, s_3.d
         Sort Method: quicksort  Memory: 1166kB
         ->  Seq Scan on s_3  (cost=0.00..164.00 rows=10000 width=20) (actual time=0.007..0.566 rows=10000 loops=1)
 Planning time: 0.257 ms
 Execution time: 2.420 ms
(7 rows)

===== 328 [Wed Mar  7 01:59:13 CET 2018] scale:10000 groups:1000 work_mem:128MB incremental:off max_workers:2 =====
SELECT * FROM s_4 ORDER BY a, b, c, d, e
                                                     QUERY PLAN                                                     
--------------------------------------------------------------------------------------------------------------------
 Limit  (cost=953.39..953.39 rows=1 width=20) (actual time=2.332..2.332 rows=0 loops=1)
   ->  Sort  (cost=828.39..853.39 rows=10000 width=20) (actual time=1.802..2.114 rows=10000 loops=1)
         Sort Key: s_4.a, s_4.b, s_4.c, s_4.d, s_4.e
         Sort Method: quicksort  Memory: 1166kB
         ->  Seq Scan on s_4  (cost=0.00..164.00 rows=10000 width=20) (actual time=0.004..0.569 rows=10000 loops=1)
 Planning time: 0.260 ms
 Execution time: 2.389 ms
(7 rows)

===== 329 [Wed Mar  7 01:59:13 CET 2018] scale:10000 groups:1000 work_mem:256MB incremental:on max_workers:2 =====
SELECT * FROM s_1 ORDER BY a, b
                                                              QUERY PLAN                                                              
--------------------------------------------------------------------------------------------------------------------------------------
 Limit  (cost=798.33..798.33 rows=1 width=20) (actual time=3.404..3.404 rows=0 loops=1)
   ->  Incremental Sort  (cost=0.79..698.33 rows=10000 width=20) (actual time=0.062..3.184 rows=10000 loops=1)
         Sort Key: s_1.a, s_1.b
         Presorted Key: s_1.a
         Sort Method: quicksort  Memory: 28kB
         Sort Groups: 273
         ->  Index Scan using s_1_a_idx on s_1  (cost=0.29..337.29 rows=10000 width=20) (actual time=0.009..1.188 rows=10000 loops=1)
 Planning time: 0.267 ms
 Execution time: 3.427 ms
(9 rows)

===== 330 [Wed Mar  7 01:59:13 CET 2018] scale:10000 groups:1000 work_mem:256MB incremental:on max_workers:2 =====
SELECT * FROM s_2 ORDER BY a, b, c
                                                               QUERY PLAN                                                               
----------------------------------------------------------------------------------------------------------------------------------------
 Limit  (cost=881.02..881.02 rows=1 width=20) (actual time=2.686..2.686 rows=0 loops=1)
   ->  Incremental Sort  (cost=0.87..781.02 rows=10000 width=20) (actual time=0.050..2.467 rows=10000 loops=1)
         Sort Key: s_2.a, s_2.b, s_2.c
         Presorted Key: s_2.a, s_2.b
         Sort Method: quicksort  Memory: 27kB
         Sort Groups: 313
         ->  Index Scan using s_2_a_b_idx on s_2  (cost=0.29..419.97 rows=10000 width=20) (actual time=0.009..1.185 rows=10000 loops=1)
 Planning time: 0.279 ms
 Execution time: 2.706 ms
(9 rows)

===== 331 [Wed Mar  7 01:59:13 CET 2018] scale:10000 groups:1000 work_mem:256MB incremental:on max_workers:2 =====
SELECT * FROM s_3 ORDER BY a, b, c, d
                                                                QUERY PLAN                                                                
------------------------------------------------------------------------------------------------------------------------------------------
 Limit  (cost=925.02..925.02 rows=1 width=20) (actual time=2.685..2.685 rows=0 loops=1)
   ->  Incremental Sort  (cost=0.91..825.02 rows=10000 width=20) (actual time=0.051..2.467 rows=10000 loops=1)
         Sort Key: s_3.a, s_3.b, s_3.c, s_3.d
         Presorted Key: s_3.a, s_3.b, s_3.c
         Sort Method: quicksort  Memory: 27kB
         Sort Groups: 313
         ->  Index Scan using s_3_a_b_c_idx on s_3  (cost=0.29..463.97 rows=10000 width=20) (actual time=0.009..1.190 rows=10000 loops=1)
 Planning time: 0.266 ms
 Execution time: 2.705 ms
(9 rows)

===== 332 [Wed Mar  7 01:59:14 CET 2018] scale:10000 groups:1000 work_mem:256MB incremental:on max_workers:2 =====
SELECT * FROM s_4 ORDER BY a, b, c, d, e
                                                                 QUERY PLAN                                                                 
--------------------------------------------------------------------------------------------------------------------------------------------
 Limit  (cost=925.02..925.02 rows=1 width=20) (actual time=2.679..2.679 rows=0 loops=1)
   ->  Incremental Sort  (cost=0.91..825.02 rows=10000 width=20) (actual time=0.048..2.458 rows=10000 loops=1)
         Sort Key: s_4.a, s_4.b, s_4.c, s_4.d, s_4.e
         Presorted Key: s_4.a, s_4.b, s_4.c, s_4.d
         Sort Method: quicksort  Memory: 27kB
         Sort Groups: 313
         ->  Index Scan using s_4_a_b_c_d_idx on s_4  (cost=0.29..463.97 rows=10000 width=20) (actual time=0.005..1.197 rows=10000 loops=1)
 Planning time: 0.265 ms
 Execution time: 2.698 ms
(9 rows)

===== 333 [Wed Mar  7 01:59:14 CET 2018] scale:10000 groups:1000 work_mem:256MB incremental:off max_workers:2 =====
SELECT * FROM s_1 ORDER BY a, b
                                                     QUERY PLAN                                                     
--------------------------------------------------------------------------------------------------------------------
 Limit  (cost=953.39..953.39 rows=1 width=20) (actual time=3.569..3.569 rows=0 loops=1)
   ->  Sort  (cost=828.39..853.39 rows=10000 width=20) (actual time=3.028..3.350 rows=10000 loops=1)
         Sort Key: s_1.a, s_1.b
         Sort Method: quicksort  Memory: 1166kB
         ->  Seq Scan on s_1  (cost=0.00..164.00 rows=10000 width=20) (actual time=0.004..0.564 rows=10000 loops=1)
 Planning time: 0.252 ms
 Execution time: 3.625 ms
(7 rows)

===== 334 [Wed Mar  7 01:59:14 CET 2018] scale:10000 groups:1000 work_mem:256MB incremental:off max_workers:2 =====
SELECT * FROM s_2 ORDER BY a, b, c
                                                     QUERY PLAN                                                     
--------------------------------------------------------------------------------------------------------------------
 Limit  (cost=953.39..953.39 rows=1 width=20) (actual time=3.007..3.007 rows=0 loops=1)
   ->  Sort  (cost=828.39..853.39 rows=10000 width=20) (actual time=2.473..2.790 rows=10000 loops=1)
         Sort Key: s_2.a, s_2.b, s_2.c
         Sort Method: quicksort  Memory: 1166kB
         ->  Seq Scan on s_2  (cost=0.00..164.00 rows=10000 width=20) (actual time=0.025..0.583 rows=10000 loops=1)
 Planning time: 0.265 ms
 Execution time: 3.063 ms
(7 rows)

===== 335 [Wed Mar  7 01:59:14 CET 2018] scale:10000 groups:1000 work_mem:256MB incremental:off max_workers:2 =====
SELECT * FROM s_3 ORDER BY a, b, c, d
                                                     QUERY PLAN                                                     
--------------------------------------------------------------------------------------------------------------------
 Limit  (cost=953.39..953.39 rows=1 width=20) (actual time=2.365..2.365 rows=0 loops=1)
   ->  Sort  (cost=828.39..853.39 rows=10000 width=20) (actual time=1.832..2.146 rows=10000 loops=1)
         Sort Key: s_3.a, s_3.b, s_3.c, s_3.d
         Sort Method: quicksort  Memory: 1166kB
         ->  Seq Scan on s_3  (cost=0.00..164.00 rows=10000 width=20) (actual time=0.007..0.567 rows=10000 loops=1)
 Planning time: 0.256 ms
 Execution time: 2.423 ms
(7 rows)

===== 336 [Wed Mar  7 01:59:14 CET 2018] scale:10000 groups:1000 work_mem:256MB incremental:off max_workers:2 =====
SELECT * FROM s_4 ORDER BY a, b, c, d, e
                                                     QUERY PLAN                                                     
--------------------------------------------------------------------------------------------------------------------
 Limit  (cost=953.39..953.39 rows=1 width=20) (actual time=2.340..2.340 rows=0 loops=1)
   ->  Sort  (cost=828.39..853.39 rows=10000 width=20) (actual time=1.807..2.121 rows=10000 loops=1)
         Sort Key: s_4.a, s_4.b, s_4.c, s_4.d, s_4.e
         Sort Method: quicksort  Memory: 1166kB
         ->  Seq Scan on s_4  (cost=0.00..164.00 rows=10000 width=20) (actual time=0.004..0.562 rows=10000 loops=1)
 Planning time: 0.254 ms
 Execution time: 2.397 ms
(7 rows)

===== 337 [Wed Mar  7 01:59:15 CET 2018] scale:10000 groups:10000 work_mem:4MB incremental:on max_workers:0 =====
SELECT * FROM s_1 ORDER BY a, b
                                                              QUERY PLAN                                                              
--------------------------------------------------------------------------------------------------------------------------------------
 Limit  (cost=788.35..788.35 rows=1 width=20) (actual time=3.123..3.123 rows=0 loops=1)
   ->  Incremental Sort  (cost=0.35..688.35 rows=10000 width=20) (actual time=0.064..2.904 rows=10000 loops=1)
         Sort Key: s_1.a, s_1.b
         Presorted Key: s_1.a
         Sort Method: quicksort  Memory: 27kB
         Sort Groups: 308
         ->  Index Scan using s_1_a_idx on s_1  (cost=0.29..337.29 rows=10000 width=20) (actual time=0.022..1.307 rows=10000 loops=1)
 Planning time: 0.252 ms
 Execution time: 3.142 ms
(9 rows)

===== 338 [Wed Mar  7 01:59:15 CET 2018] scale:10000 groups:10000 work_mem:4MB incremental:on max_workers:0 =====
SELECT * FROM s_2 ORDER BY a, b, c
                                                               QUERY PLAN                                                               
----------------------------------------------------------------------------------------------------------------------------------------
 Limit  (cost=872.09..872.09 rows=1 width=20) (actual time=2.805..2.805 rows=0 loops=1)
   ->  Incremental Sort  (cost=0.36..772.09 rows=10000 width=20) (actual time=0.065..2.582 rows=10000 loops=1)
         Sort Key: s_2.a, s_2.b, s_2.c
         Presorted Key: s_2.a, s_2.b
         Sort Method: quicksort  Memory: 27kB
         Sort Groups: 313
         ->  Index Scan using s_2_a_b_idx on s_2  (cost=0.29..419.97 rows=10000 width=20) (actual time=0.023..1.330 rows=10000 loops=1)
 Planning time: 0.270 ms
 Execution time: 2.824 ms
(9 rows)

===== 339 [Wed Mar  7 01:59:15 CET 2018] scale:10000 groups:10000 work_mem:4MB incremental:on max_workers:0 =====
SELECT * FROM s_3 ORDER BY a, b, c, d
                                                                QUERY PLAN                                                                
------------------------------------------------------------------------------------------------------------------------------------------
 Limit  (cost=916.09..916.09 rows=1 width=20) (actual time=2.866..2.866 rows=0 loops=1)
   ->  Incremental Sort  (cost=0.37..816.09 rows=10000 width=20) (actual time=0.067..2.645 rows=10000 loops=1)
         Sort Key: s_3.a, s_3.b, s_3.c, s_3.d
         Presorted Key: s_3.a, s_3.b, s_3.c
         Sort Method: quicksort  Memory: 27kB
         Sort Groups: 313
         ->  Index Scan using s_3_a_b_c_idx on s_3  (cost=0.29..463.97 rows=10000 width=20) (actual time=0.022..1.378 rows=10000 loops=1)
 Planning time: 0.259 ms
 Execution time: 2.884 ms
(9 rows)

===== 340 [Wed Mar  7 01:59:15 CET 2018] scale:10000 groups:10000 work_mem:4MB incremental:on max_workers:0 =====
SELECT * FROM s_4 ORDER BY a, b, c, d, e
                                                                 QUERY PLAN                                                                 
--------------------------------------------------------------------------------------------------------------------------------------------
 Limit  (cost=916.09..916.09 rows=1 width=20) (actual time=2.747..2.747 rows=0 loops=1)
   ->  Incremental Sort  (cost=0.37..816.09 rows=10000 width=20) (actual time=0.065..2.529 rows=10000 loops=1)
         Sort Key: s_4.a, s_4.b, s_4.c, s_4.d, s_4.e
         Presorted Key: s_4.a, s_4.b, s_4.c, s_4.d
         Sort Method: quicksort  Memory: 27kB
         Sort Groups: 313
         ->  Index Scan using s_4_a_b_c_d_idx on s_4  (cost=0.29..463.97 rows=10000 width=20) (actual time=0.019..1.292 rows=10000 loops=1)
 Planning time: 0.257 ms
 Execution time: 2.767 ms
(9 rows)

===== 341 [Wed Mar  7 01:59:15 CET 2018] scale:10000 groups:10000 work_mem:4MB incremental:off max_workers:0 =====
SELECT * FROM s_1 ORDER BY a, b
                                                     QUERY PLAN                                                     
--------------------------------------------------------------------------------------------------------------------
 Limit  (cost=953.39..953.39 rows=1 width=20) (actual time=3.253..3.253 rows=0 loops=1)
   ->  Sort  (cost=828.39..853.39 rows=10000 width=20) (actual time=2.711..3.036 rows=10000 loops=1)
         Sort Key: s_1.a, s_1.b
         Sort Method: quicksort  Memory: 1166kB
         ->  Seq Scan on s_1  (cost=0.00..164.00 rows=10000 width=20) (actual time=0.004..0.579 rows=10000 loops=1)
 Planning time: 0.241 ms
 Execution time: 3.309 ms
(7 rows)

===== 342 [Wed Mar  7 01:59:15 CET 2018] scale:10000 groups:10000 work_mem:4MB incremental:off max_workers:0 =====
SELECT * FROM s_2 ORDER BY a, b, c
                                                     QUERY PLAN                                                     
--------------------------------------------------------------------------------------------------------------------
 Limit  (cost=953.39..953.39 rows=1 width=20) (actual time=2.330..2.330 rows=0 loops=1)
   ->  Sort  (cost=828.39..853.39 rows=10000 width=20) (actual time=1.792..2.109 rows=10000 loops=1)
         Sort Key: s_2.a, s_2.b, s_2.c
         Sort Method: quicksort  Memory: 1166kB
         ->  Seq Scan on s_2  (cost=0.00..164.00 rows=10000 width=20) (actual time=0.007..0.569 rows=10000 loops=1)
 Planning time: 0.260 ms
 Execution time: 2.384 ms
(7 rows)

===== 343 [Wed Mar  7 01:59:15 CET 2018] scale:10000 groups:10000 work_mem:4MB incremental:off max_workers:0 =====
SELECT * FROM s_3 ORDER BY a, b, c, d
                                                     QUERY PLAN                                                     
--------------------------------------------------------------------------------------------------------------------
 Limit  (cost=953.39..953.39 rows=1 width=20) (actual time=2.342..2.342 rows=0 loops=1)
   ->  Sort  (cost=828.39..853.39 rows=10000 width=20) (actual time=1.802..2.125 rows=10000 loops=1)
         Sort Key: s_3.a, s_3.b, s_3.c, s_3.d
         Sort Method: quicksort  Memory: 1166kB
         ->  Seq Scan on s_3  (cost=0.00..164.00 rows=10000 width=20) (actual time=0.007..0.575 rows=10000 loops=1)
 Planning time: 0.262 ms
 Execution time: 2.397 ms
(7 rows)

===== 344 [Wed Mar  7 01:59:15 CET 2018] scale:10000 groups:10000 work_mem:4MB incremental:off max_workers:0 =====
SELECT * FROM s_4 ORDER BY a, b, c, d, e
                                                     QUERY PLAN                                                     
--------------------------------------------------------------------------------------------------------------------
 Limit  (cost=953.39..953.39 rows=1 width=20) (actual time=2.332..2.332 rows=0 loops=1)
   ->  Sort  (cost=828.39..853.39 rows=10000 width=20) (actual time=1.795..2.113 rows=10000 loops=1)
         Sort Key: s_4.a, s_4.b, s_4.c, s_4.d, s_4.e
         Sort Method: quicksort  Memory: 1166kB
         ->  Seq Scan on s_4  (cost=0.00..164.00 rows=10000 width=20) (actual time=0.004..0.572 rows=10000 loops=1)
 Planning time: 0.250 ms
 Execution time: 2.386 ms
(7 rows)

===== 345 [Wed Mar  7 01:59:15 CET 2018] scale:10000 groups:10000 work_mem:8MB incremental:on max_workers:0 =====
SELECT * FROM s_1 ORDER BY a, b
                                                              QUERY PLAN                                                              
--------------------------------------------------------------------------------------------------------------------------------------
 Limit  (cost=788.35..788.35 rows=1 width=20) (actual time=3.069..3.069 rows=0 loops=1)
   ->  Incremental Sort  (cost=0.35..688.35 rows=10000 width=20) (actual time=0.055..2.848 rows=10000 loops=1)
         Sort Key: s_1.a, s_1.b
         Presorted Key: s_1.a
         Sort Method: quicksort  Memory: 27kB
         Sort Groups: 308
         ->  Index Scan using s_1_a_idx on s_1  (cost=0.29..337.29 rows=10000 width=20) (actual time=0.009..1.194 rows=10000 loops=1)
 Planning time: 0.249 ms
 Execution time: 3.091 ms
(9 rows)

===== 346 [Wed Mar  7 01:59:15 CET 2018] scale:10000 groups:10000 work_mem:8MB incremental:on max_workers:0 =====
SELECT * FROM s_2 ORDER BY a, b, c
                                                               QUERY PLAN                                                               
----------------------------------------------------------------------------------------------------------------------------------------
 Limit  (cost=872.09..872.09 rows=1 width=20) (actual time=2.641..2.641 rows=0 loops=1)
   ->  Incremental Sort  (cost=0.36..772.09 rows=10000 width=20) (actual time=0.053..2.422 rows=10000 loops=1)
         Sort Key: s_2.a, s_2.b, s_2.c
         Presorted Key: s_2.a, s_2.b
         Sort Method: quicksort  Memory: 27kB
         Sort Groups: 313
         ->  Index Scan using s_2_a_b_idx on s_2  (cost=0.29..419.97 rows=10000 width=20) (actual time=0.009..1.190 rows=10000 loops=1)
 Planning time: 0.263 ms
 Execution time: 2.661 ms
(9 rows)

===== 347 [Wed Mar  7 01:59:16 CET 2018] scale:10000 groups:10000 work_mem:8MB incremental:on max_workers:0 =====
SELECT * FROM s_3 ORDER BY a, b, c, d
                                                                QUERY PLAN                                                                
------------------------------------------------------------------------------------------------------------------------------------------
 Limit  (cost=916.09..916.09 rows=1 width=20) (actual time=2.667..2.667 rows=0 loops=1)
   ->  Incremental Sort  (cost=0.37..816.09 rows=10000 width=20) (actual time=0.054..2.448 rows=10000 loops=1)
         Sort Key: s_3.a, s_3.b, s_3.c, s_3.d
         Presorted Key: s_3.a, s_3.b, s_3.c
         Sort Method: quicksort  Memory: 27kB
         Sort Groups: 313
         ->  Index Scan using s_3_a_b_c_idx on s_3  (cost=0.29..463.97 rows=10000 width=20) (actual time=0.009..1.196 rows=10000 loops=1)
 Planning time: 0.264 ms
 Execution time: 2.690 ms
(9 rows)

===== 348 [Wed Mar  7 01:59:16 CET 2018] scale:10000 groups:10000 work_mem:8MB incremental:on max_workers:0 =====
SELECT * FROM s_4 ORDER BY a, b, c, d, e
                                                                 QUERY PLAN                                                                 
--------------------------------------------------------------------------------------------------------------------------------------------
 Limit  (cost=916.09..916.09 rows=1 width=20) (actual time=2.660..2.660 rows=0 loops=1)
   ->  Incremental Sort  (cost=0.37..816.09 rows=10000 width=20) (actual time=0.050..2.439 rows=10000 loops=1)
         Sort Key: s_4.a, s_4.b, s_4.c, s_4.d, s_4.e
         Presorted Key: s_4.a, s_4.b, s_4.c, s_4.d
         Sort Method: quicksort  Memory: 27kB
         Sort Groups: 313
         ->  Index Scan using s_4_a_b_c_d_idx on s_4  (cost=0.29..463.97 rows=10000 width=20) (actual time=0.005..1.198 rows=10000 loops=1)
 Planning time: 0.262 ms
 Execution time: 2.679 ms
(9 rows)

===== 349 [Wed Mar  7 01:59:16 CET 2018] scale:10000 groups:10000 work_mem:8MB incremental:off max_workers:0 =====
SELECT * FROM s_1 ORDER BY a, b
                                                     QUERY PLAN                                                     
--------------------------------------------------------------------------------------------------------------------
 Limit  (cost=953.39..953.39 rows=1 width=20) (actual time=3.247..3.247 rows=0 loops=1)
   ->  Sort  (cost=828.39..853.39 rows=10000 width=20) (actual time=2.707..3.028 rows=10000 loops=1)
         Sort Key: s_1.a, s_1.b
         Sort Method: quicksort  Memory: 1166kB
         ->  Seq Scan on s_1  (cost=0.00..164.00 rows=10000 width=20) (actual time=0.004..0.573 rows=10000 loops=1)
 Planning time: 0.256 ms
 Execution time: 3.304 ms
(7 rows)

===== 350 [Wed Mar  7 01:59:16 CET 2018] scale:10000 groups:10000 work_mem:8MB incremental:off max_workers:0 =====
SELECT * FROM s_2 ORDER BY a, b, c
                                                     QUERY PLAN                                                     
--------------------------------------------------------------------------------------------------------------------
 Limit  (cost=953.39..953.39 rows=1 width=20) (actual time=2.340..2.340 rows=0 loops=1)
   ->  Sort  (cost=828.39..853.39 rows=10000 width=20) (actual time=1.801..2.123 rows=10000 loops=1)
         Sort Key: s_2.a, s_2.b, s_2.c
         Sort Method: quicksort  Memory: 1166kB
         ->  Seq Scan on s_2  (cost=0.00..164.00 rows=10000 width=20) (actual time=0.007..0.575 rows=10000 loops=1)
 Planning time: 0.252 ms
 Execution time: 2.397 ms
(7 rows)

===== 351 [Wed Mar  7 01:59:16 CET 2018] scale:10000 groups:10000 work_mem:8MB incremental:off max_workers:0 =====
SELECT * FROM s_3 ORDER BY a, b, c, d
                                                     QUERY PLAN                                                     
--------------------------------------------------------------------------------------------------------------------
 Limit  (cost=953.39..953.39 rows=1 width=20) (actual time=2.349..2.349 rows=0 loops=1)
   ->  Sort  (cost=828.39..853.39 rows=10000 width=20) (actual time=1.814..2.128 rows=10000 loops=1)
         Sort Key: s_3.a, s_3.b, s_3.c, s_3.d
         Sort Method: quicksort  Memory: 1166kB
         ->  Seq Scan on s_3  (cost=0.00..164.00 rows=10000 width=20) (actual time=0.007..0.581 rows=10000 loops=1)
 Planning time: 0.253 ms
 Execution time: 2.405 ms
(7 rows)

===== 352 [Wed Mar  7 01:59:16 CET 2018] scale:10000 groups:10000 work_mem:8MB incremental:off max_workers:0 =====
SELECT * FROM s_4 ORDER BY a, b, c, d, e
                                                     QUERY PLAN                                                     
--------------------------------------------------------------------------------------------------------------------
 Limit  (cost=953.39..953.39 rows=1 width=20) (actual time=2.325..2.325 rows=0 loops=1)
   ->  Sort  (cost=828.39..853.39 rows=10000 width=20) (actual time=1.792..2.106 rows=10000 loops=1)
         Sort Key: s_4.a, s_4.b, s_4.c, s_4.d, s_4.e
         Sort Method: quicksort  Memory: 1166kB
         ->  Seq Scan on s_4  (cost=0.00..164.00 rows=10000 width=20) (actual time=0.004..0.579 rows=10000 loops=1)
 Planning time: 0.245 ms
 Execution time: 2.379 ms
(7 rows)

===== 353 [Wed Mar  7 01:59:16 CET 2018] scale:10000 groups:10000 work_mem:16MB incremental:on max_workers:0 =====
SELECT * FROM s_1 ORDER BY a, b
                                                              QUERY PLAN                                                              
--------------------------------------------------------------------------------------------------------------------------------------
 Limit  (cost=788.35..788.35 rows=1 width=20) (actual time=3.069..3.069 rows=0 loops=1)
   ->  Incremental Sort  (cost=0.35..688.35 rows=10000 width=20) (actual time=0.056..2.848 rows=10000 loops=1)
         Sort Key: s_1.a, s_1.b
         Presorted Key: s_1.a
         Sort Method: quicksort  Memory: 27kB
         Sort Groups: 308
         ->  Index Scan using s_1_a_idx on s_1  (cost=0.29..337.29 rows=10000 width=20) (actual time=0.009..1.197 rows=10000 loops=1)
 Planning time: 0.249 ms
 Execution time: 3.091 ms
(9 rows)

===== 354 [Wed Mar  7 01:59:16 CET 2018] scale:10000 groups:10000 work_mem:16MB incremental:on max_workers:0 =====
SELECT * FROM s_2 ORDER BY a, b, c
                                                               QUERY PLAN                                                               
----------------------------------------------------------------------------------------------------------------------------------------
 Limit  (cost=872.09..872.09 rows=1 width=20) (actual time=2.643..2.643 rows=0 loops=1)
   ->  Incremental Sort  (cost=0.36..772.09 rows=10000 width=20) (actual time=0.056..2.424 rows=10000 loops=1)
         Sort Key: s_2.a, s_2.b, s_2.c
         Presorted Key: s_2.a, s_2.b
         Sort Method: quicksort  Memory: 27kB
         Sort Groups: 313
         ->  Index Scan using s_2_a_b_idx on s_2  (cost=0.29..419.97 rows=10000 width=20) (actual time=0.009..1.188 rows=10000 loops=1)
 Planning time: 0.263 ms
 Execution time: 2.663 ms
(9 rows)

===== 355 [Wed Mar  7 01:59:16 CET 2018] scale:10000 groups:10000 work_mem:16MB incremental:on max_workers:0 =====
SELECT * FROM s_3 ORDER BY a, b, c, d
                                                                QUERY PLAN                                                                
------------------------------------------------------------------------------------------------------------------------------------------
 Limit  (cost=916.09..916.09 rows=1 width=20) (actual time=2.670..2.670 rows=0 loops=1)
   ->  Incremental Sort  (cost=0.37..816.09 rows=10000 width=20) (actual time=0.055..2.451 rows=10000 loops=1)
         Sort Key: s_3.a, s_3.b, s_3.c, s_3.d
         Presorted Key: s_3.a, s_3.b, s_3.c
         Sort Method: quicksort  Memory: 27kB
         Sort Groups: 313
         ->  Index Scan using s_3_a_b_c_idx on s_3  (cost=0.29..463.97 rows=10000 width=20) (actual time=0.009..1.196 rows=10000 loops=1)
 Planning time: 0.260 ms
 Execution time: 2.694 ms
(9 rows)

===== 356 [Wed Mar  7 01:59:16 CET 2018] scale:10000 groups:10000 work_mem:16MB incremental:on max_workers:0 =====
SELECT * FROM s_4 ORDER BY a, b, c, d, e
                                                                 QUERY PLAN                                                                 
--------------------------------------------------------------------------------------------------------------------------------------------
 Limit  (cost=916.09..916.09 rows=1 width=20) (actual time=2.661..2.661 rows=0 loops=1)
   ->  Incremental Sort  (cost=0.37..816.09 rows=10000 width=20) (actual time=0.052..2.440 rows=10000 loops=1)
         Sort Key: s_4.a, s_4.b, s_4.c, s_4.d, s_4.e
         Presorted Key: s_4.a, s_4.b, s_4.c, s_4.d
         Sort Method: quicksort  Memory: 27kB
         Sort Groups: 313
         ->  Index Scan using s_4_a_b_c_d_idx on s_4  (cost=0.29..463.97 rows=10000 width=20) (actual time=0.005..1.201 rows=10000 loops=1)
 Planning time: 0.255 ms
 Execution time: 2.679 ms
(9 rows)

===== 357 [Wed Mar  7 01:59:16 CET 2018] scale:10000 groups:10000 work_mem:16MB incremental:off max_workers:0 =====
SELECT * FROM s_1 ORDER BY a, b
                                                     QUERY PLAN                                                     
--------------------------------------------------------------------------------------------------------------------
 Limit  (cost=953.39..953.39 rows=1 width=20) (actual time=3.248..3.248 rows=0 loops=1)
   ->  Sort  (cost=828.39..853.39 rows=10000 width=20) (actual time=2.710..3.031 rows=10000 loops=1)
         Sort Key: s_1.a, s_1.b
         Sort Method: quicksort  Memory: 1166kB
         ->  Seq Scan on s_1  (cost=0.00..164.00 rows=10000 width=20) (actual time=0.004..0.572 rows=10000 loops=1)
 Planning time: 0.242 ms
 Execution time: 3.303 ms
(7 rows)

===== 358 [Wed Mar  7 01:59:16 CET 2018] scale:10000 groups:10000 work_mem:16MB incremental:off max_workers:0 =====
SELECT * FROM s_2 ORDER BY a, b, c
                                                     QUERY PLAN                                                     
--------------------------------------------------------------------------------------------------------------------
 Limit  (cost=953.39..953.39 rows=1 width=20) (actual time=2.345..2.345 rows=0 loops=1)
   ->  Sort  (cost=828.39..853.39 rows=10000 width=20) (actual time=1.807..2.125 rows=10000 loops=1)
         Sort Key: s_2.a, s_2.b, s_2.c
         Sort Method: quicksort  Memory: 1166kB
         ->  Seq Scan on s_2  (cost=0.00..164.00 rows=10000 width=20) (actual time=0.007..0.580 rows=10000 loops=1)
 Planning time: 0.254 ms
 Execution time: 2.401 ms
(7 rows)

===== 359 [Wed Mar  7 01:59:17 CET 2018] scale:10000 groups:10000 work_mem:16MB incremental:off max_workers:0 =====
SELECT * FROM s_3 ORDER BY a, b, c, d
                                                     QUERY PLAN                                                     
--------------------------------------------------------------------------------------------------------------------
 Limit  (cost=953.39..953.39 rows=1 width=20) (actual time=2.347..2.347 rows=0 loops=1)
   ->  Sort  (cost=828.39..853.39 rows=10000 width=20) (actual time=1.807..2.124 rows=10000 loops=1)
         Sort Key: s_3.a, s_3.b, s_3.c, s_3.d
         Sort Method: quicksort  Memory: 1166kB
         ->  Seq Scan on s_3  (cost=0.00..164.00 rows=10000 width=20) (actual time=0.007..0.574 rows=10000 loops=1)
 Planning time: 0.260 ms
 Execution time: 2.403 ms
(7 rows)

===== 360 [Wed Mar  7 01:59:17 CET 2018] scale:10000 groups:10000 work_mem:16MB incremental:off max_workers:0 =====
SELECT * FROM s_4 ORDER BY a, b, c, d, e
                                                     QUERY PLAN                                                     
--------------------------------------------------------------------------------------------------------------------
 Limit  (cost=953.39..953.39 rows=1 width=20) (actual time=2.318..2.318 rows=0 loops=1)
   ->  Sort  (cost=828.39..853.39 rows=10000 width=20) (actual time=1.788..2.100 rows=10000 loops=1)
         Sort Key: s_4.a, s_4.b, s_4.c, s_4.d, s_4.e
         Sort Method: quicksort  Memory: 1166kB
         ->  Seq Scan on s_4  (cost=0.00..164.00 rows=10000 width=20) (actual time=0.004..0.572 rows=10000 loops=1)
 Planning time: 0.252 ms
 Execution time: 2.373 ms
(7 rows)

===== 361 [Wed Mar  7 01:59:17 CET 2018] scale:10000 groups:10000 work_mem:32MB incremental:on max_workers:0 =====
SELECT * FROM s_1 ORDER BY a, b
                                                              QUERY PLAN                                                              
--------------------------------------------------------------------------------------------------------------------------------------
 Limit  (cost=788.35..788.35 rows=1 width=20) (actual time=3.066..3.066 rows=0 loops=1)
   ->  Incremental Sort  (cost=0.35..688.35 rows=10000 width=20) (actual time=0.056..2.845 rows=10000 loops=1)
         Sort Key: s_1.a, s_1.b
         Presorted Key: s_1.a
         Sort Method: quicksort  Memory: 27kB
         Sort Groups: 308
         ->  Index Scan using s_1_a_idx on s_1  (cost=0.29..337.29 rows=10000 width=20) (actual time=0.009..1.196 rows=10000 loops=1)
 Planning time: 0.250 ms
 Execution time: 3.089 ms
(9 rows)

===== 362 [Wed Mar  7 01:59:17 CET 2018] scale:10000 groups:10000 work_mem:32MB incremental:on max_workers:0 =====
SELECT * FROM s_2 ORDER BY a, b, c
                                                               QUERY PLAN                                                               
----------------------------------------------------------------------------------------------------------------------------------------
 Limit  (cost=872.09..872.09 rows=1 width=20) (actual time=2.645..2.645 rows=0 loops=1)
   ->  Incremental Sort  (cost=0.36..772.09 rows=10000 width=20) (actual time=0.051..2.426 rows=10000 loops=1)
         Sort Key: s_2.a, s_2.b, s_2.c
         Presorted Key: s_2.a, s_2.b
         Sort Method: quicksort  Memory: 27kB
         Sort Groups: 313
         ->  Index Scan using s_2_a_b_idx on s_2  (cost=0.29..419.97 rows=10000 width=20) (actual time=0.009..1.194 rows=10000 loops=1)
 Planning time: 0.264 ms
 Execution time: 2.665 ms
(9 rows)

===== 363 [Wed Mar  7 01:59:17 CET 2018] scale:10000 groups:10000 work_mem:32MB incremental:on max_workers:0 =====
SELECT * FROM s_3 ORDER BY a, b, c, d
                                                                QUERY PLAN                                                                
------------------------------------------------------------------------------------------------------------------------------------------
 Limit  (cost=916.09..916.09 rows=1 width=20) (actual time=2.684..2.684 rows=0 loops=1)
   ->  Incremental Sort  (cost=0.37..816.09 rows=10000 width=20) (actual time=0.056..2.466 rows=10000 loops=1)
         Sort Key: s_3.a, s_3.b, s_3.c, s_3.d
         Presorted Key: s_3.a, s_3.b, s_3.c
         Sort Method: quicksort  Memory: 27kB
         Sort Groups: 313
         ->  Index Scan using s_3_a_b_c_idx on s_3  (cost=0.29..463.97 rows=10000 width=20) (actual time=0.009..1.196 rows=10000 loops=1)
 Planning time: 0.262 ms
 Execution time: 2.703 ms
(9 rows)

===== 364 [Wed Mar  7 01:59:17 CET 2018] scale:10000 groups:10000 work_mem:32MB incremental:on max_workers:0 =====
SELECT * FROM s_4 ORDER BY a, b, c, d, e
                                                                 QUERY PLAN                                                                 
--------------------------------------------------------------------------------------------------------------------------------------------
 Limit  (cost=916.09..916.09 rows=1 width=20) (actual time=2.657..2.657 rows=0 loops=1)
   ->  Incremental Sort  (cost=0.37..816.09 rows=10000 width=20) (actual time=0.051..2.436 rows=10000 loops=1)
         Sort Key: s_4.a, s_4.b, s_4.c, s_4.d, s_4.e
         Presorted Key: s_4.a, s_4.b, s_4.c, s_4.d
         Sort Method: quicksort  Memory: 27kB
         Sort Groups: 313
         ->  Index Scan using s_4_a_b_c_d_idx on s_4  (cost=0.29..463.97 rows=10000 width=20) (actual time=0.005..1.199 rows=10000 loops=1)
 Planning time: 0.261 ms
 Execution time: 2.676 ms
(9 rows)

===== 365 [Wed Mar  7 01:59:17 CET 2018] scale:10000 groups:10000 work_mem:32MB incremental:off max_workers:0 =====
SELECT * FROM s_1 ORDER BY a, b
                                                     QUERY PLAN                                                     
--------------------------------------------------------------------------------------------------------------------
 Limit  (cost=953.39..953.39 rows=1 width=20) (actual time=3.251..3.251 rows=0 loops=1)
   ->  Sort  (cost=828.39..853.39 rows=10000 width=20) (actual time=2.713..3.034 rows=10000 loops=1)
         Sort Key: s_1.a, s_1.b
         Sort Method: quicksort  Memory: 1166kB
         ->  Seq Scan on s_1  (cost=0.00..164.00 rows=10000 width=20) (actual time=0.004..0.576 rows=10000 loops=1)
 Planning time: 0.246 ms
 Execution time: 3.309 ms
(7 rows)

===== 366 [Wed Mar  7 01:59:17 CET 2018] scale:10000 groups:10000 work_mem:32MB incremental:off max_workers:0 =====
SELECT * FROM s_2 ORDER BY a, b, c
                                                     QUERY PLAN                                                     
--------------------------------------------------------------------------------------------------------------------
 Limit  (cost=953.39..953.39 rows=1 width=20) (actual time=2.333..2.333 rows=0 loops=1)
   ->  Sort  (cost=828.39..853.39 rows=10000 width=20) (actual time=1.802..2.116 rows=10000 loops=1)
         Sort Key: s_2.a, s_2.b, s_2.c
         Sort Method: quicksort  Memory: 1166kB
         ->  Seq Scan on s_2  (cost=0.00..164.00 rows=10000 width=20) (actual time=0.007..0.578 rows=10000 loops=1)
 Planning time: 0.248 ms
 Execution time: 2.390 ms
(7 rows)

===== 367 [Wed Mar  7 01:59:17 CET 2018] scale:10000 groups:10000 work_mem:32MB incremental:off max_workers:0 =====
SELECT * FROM s_3 ORDER BY a, b, c, d
                                                     QUERY PLAN                                                     
--------------------------------------------------------------------------------------------------------------------
 Limit  (cost=953.39..953.39 rows=1 width=20) (actual time=2.353..2.353 rows=0 loops=1)
   ->  Sort  (cost=828.39..853.39 rows=10000 width=20) (actual time=1.813..2.133 rows=10000 loops=1)
         Sort Key: s_3.a, s_3.b, s_3.c, s_3.d
         Sort Method: quicksort  Memory: 1166kB
         ->  Seq Scan on s_3  (cost=0.00..164.00 rows=10000 width=20) (actual time=0.007..0.577 rows=10000 loops=1)
 Planning time: 0.249 ms
 Execution time: 2.409 ms
(7 rows)

===== 368 [Wed Mar  7 01:59:17 CET 2018] scale:10000 groups:10000 work_mem:32MB incremental:off max_workers:0 =====
SELECT * FROM s_4 ORDER BY a, b, c, d, e
                                                     QUERY PLAN                                                     
--------------------------------------------------------------------------------------------------------------------
 Limit  (cost=953.39..953.39 rows=1 width=20) (actual time=2.322..2.322 rows=0 loops=1)
   ->  Sort  (cost=828.39..853.39 rows=10000 width=20) (actual time=1.789..2.104 rows=10000 loops=1)
         Sort Key: s_4.a, s_4.b, s_4.c, s_4.d, s_4.e
         Sort Method: quicksort  Memory: 1166kB
         ->  Seq Scan on s_4  (cost=0.00..164.00 rows=10000 width=20) (actual time=0.004..0.572 rows=10000 loops=1)
 Planning time: 0.244 ms
 Execution time: 2.380 ms
(7 rows)

===== 369 [Wed Mar  7 01:59:17 CET 2018] scale:10000 groups:10000 work_mem:64MB incremental:on max_workers:0 =====
SELECT * FROM s_1 ORDER BY a, b
                                                              QUERY PLAN                                                              
--------------------------------------------------------------------------------------------------------------------------------------
 Limit  (cost=788.35..788.35 rows=1 width=20) (actual time=3.075..3.075 rows=0 loops=1)
   ->  Incremental Sort  (cost=0.35..688.35 rows=10000 width=20) (actual time=0.058..2.855 rows=10000 loops=1)
         Sort Key: s_1.a, s_1.b
         Presorted Key: s_1.a
         Sort Method: quicksort  Memory: 27kB
         Sort Groups: 308
         ->  Index Scan using s_1_a_idx on s_1  (cost=0.29..337.29 rows=10000 width=20) (actual time=0.009..1.192 rows=10000 loops=1)
 Planning time: 0.250 ms
 Execution time: 3.098 ms
(9 rows)

===== 370 [Wed Mar  7 01:59:17 CET 2018] scale:10000 groups:10000 work_mem:64MB incremental:on max_workers:0 =====
SELECT * FROM s_2 ORDER BY a, b, c
                                                               QUERY PLAN                                                               
----------------------------------------------------------------------------------------------------------------------------------------
 Limit  (cost=872.09..872.09 rows=1 width=20) (actual time=2.636..2.636 rows=0 loops=1)
   ->  Incremental Sort  (cost=0.36..772.09 rows=10000 width=20) (actual time=0.051..2.417 rows=10000 loops=1)
         Sort Key: s_2.a, s_2.b, s_2.c
         Presorted Key: s_2.a, s_2.b
         Sort Method: quicksort  Memory: 27kB
         Sort Groups: 313
         ->  Index Scan using s_2_a_b_idx on s_2  (cost=0.29..419.97 rows=10000 width=20) (actual time=0.009..1.187 rows=10000 loops=1)
 Planning time: 0.265 ms
 Execution time: 2.656 ms
(9 rows)

===== 371 [Wed Mar  7 01:59:18 CET 2018] scale:10000 groups:10000 work_mem:64MB incremental:on max_workers:0 =====
SELECT * FROM s_3 ORDER BY a, b, c, d
                                                                QUERY PLAN                                                                
------------------------------------------------------------------------------------------------------------------------------------------
 Limit  (cost=916.09..916.09 rows=1 width=20) (actual time=2.675..2.675 rows=0 loops=1)
   ->  Incremental Sort  (cost=0.37..816.09 rows=10000 width=20) (actual time=0.055..2.457 rows=10000 loops=1)
         Sort Key: s_3.a, s_3.b, s_3.c, s_3.d
         Presorted Key: s_3.a, s_3.b, s_3.c
         Sort Method: quicksort  Memory: 27kB
         Sort Groups: 313
         ->  Index Scan using s_3_a_b_c_idx on s_3  (cost=0.29..463.97 rows=10000 width=20) (actual time=0.009..1.205 rows=10000 loops=1)
 Planning time: 0.259 ms
 Execution time: 2.695 ms
(9 rows)

===== 372 [Wed Mar  7 01:59:18 CET 2018] scale:10000 groups:10000 work_mem:64MB incremental:on max_workers:0 =====
SELECT * FROM s_4 ORDER BY a, b, c, d, e
                                                                 QUERY PLAN                                                                 
--------------------------------------------------------------------------------------------------------------------------------------------
 Limit  (cost=916.09..916.09 rows=1 width=20) (actual time=2.666..2.666 rows=0 loops=1)
   ->  Incremental Sort  (cost=0.37..816.09 rows=10000 width=20) (actual time=0.052..2.441 rows=10000 loops=1)
         Sort Key: s_4.a, s_4.b, s_4.c, s_4.d, s_4.e
         Presorted Key: s_4.a, s_4.b, s_4.c, s_4.d
         Sort Method: quicksort  Memory: 27kB
         Sort Groups: 313
         ->  Index Scan using s_4_a_b_c_d_idx on s_4  (cost=0.29..463.97 rows=10000 width=20) (actual time=0.005..1.199 rows=10000 loops=1)
 Planning time: 0.259 ms
 Execution time: 2.685 ms
(9 rows)

===== 373 [Wed Mar  7 01:59:18 CET 2018] scale:10000 groups:10000 work_mem:64MB incremental:off max_workers:0 =====
SELECT * FROM s_1 ORDER BY a, b
                                                     QUERY PLAN                                                     
--------------------------------------------------------------------------------------------------------------------
 Limit  (cost=953.39..953.39 rows=1 width=20) (actual time=3.250..3.250 rows=0 loops=1)
   ->  Sort  (cost=828.39..853.39 rows=10000 width=20) (actual time=2.708..3.031 rows=10000 loops=1)
         Sort Key: s_1.a, s_1.b
         Sort Method: quicksort  Memory: 1166kB
         ->  Seq Scan on s_1  (cost=0.00..164.00 rows=10000 width=20) (actual time=0.004..0.571 rows=10000 loops=1)
 Planning time: 0.247 ms
 Execution time: 3.307 ms
(7 rows)

===== 374 [Wed Mar  7 01:59:18 CET 2018] scale:10000 groups:10000 work_mem:64MB incremental:off max_workers:0 =====
SELECT * FROM s_2 ORDER BY a, b, c
                                                     QUERY PLAN                                                     
--------------------------------------------------------------------------------------------------------------------
 Limit  (cost=953.39..953.39 rows=1 width=20) (actual time=2.334..2.334 rows=0 loops=1)
   ->  Sort  (cost=828.39..853.39 rows=10000 width=20) (actual time=1.799..2.116 rows=10000 loops=1)
         Sort Key: s_2.a, s_2.b, s_2.c
         Sort Method: quicksort  Memory: 1166kB
         ->  Seq Scan on s_2  (cost=0.00..164.00 rows=10000 width=20) (actual time=0.007..0.574 rows=10000 loops=1)
 Planning time: 0.263 ms
 Execution time: 2.390 ms
(7 rows)

===== 375 [Wed Mar  7 01:59:18 CET 2018] scale:10000 groups:10000 work_mem:64MB incremental:off max_workers:0 =====
SELECT * FROM s_3 ORDER BY a, b, c, d
                                                     QUERY PLAN                                                     
--------------------------------------------------------------------------------------------------------------------
 Limit  (cost=953.39..953.39 rows=1 width=20) (actual time=2.353..2.353 rows=0 loops=1)
   ->  Sort  (cost=828.39..853.39 rows=10000 width=20) (actual time=1.811..2.135 rows=10000 loops=1)
         Sort Key: s_3.a, s_3.b, s_3.c, s_3.d
         Sort Method: quicksort  Memory: 1166kB
         ->  Seq Scan on s_3  (cost=0.00..164.00 rows=10000 width=20) (actual time=0.007..0.571 rows=10000 loops=1)
 Planning time: 0.251 ms
 Execution time: 2.414 ms
(7 rows)

===== 376 [Wed Mar  7 01:59:18 CET 2018] scale:10000 groups:10000 work_mem:64MB incremental:off max_workers:0 =====
SELECT * FROM s_4 ORDER BY a, b, c, d, e
                                                     QUERY PLAN                                                     
--------------------------------------------------------------------------------------------------------------------
 Limit  (cost=953.39..953.39 rows=1 width=20) (actual time=2.333..2.333 rows=0 loops=1)
   ->  Sort  (cost=828.39..853.39 rows=10000 width=20) (actual time=1.798..2.115 rows=10000 loops=1)
         Sort Key: s_4.a, s_4.b, s_4.c, s_4.d, s_4.e
         Sort Method: quicksort  Memory: 1166kB
         ->  Seq Scan on s_4  (cost=0.00..164.00 rows=10000 width=20) (actual time=0.004..0.578 rows=10000 loops=1)
 Planning time: 0.248 ms
 Execution time: 2.388 ms
(7 rows)

===== 377 [Wed Mar  7 01:59:18 CET 2018] scale:10000 groups:10000 work_mem:128MB incremental:on max_workers:0 =====
SELECT * FROM s_1 ORDER BY a, b
                                                              QUERY PLAN                                                              
--------------------------------------------------------------------------------------------------------------------------------------
 Limit  (cost=788.35..788.35 rows=1 width=20) (actual time=3.072..3.072 rows=0 loops=1)
   ->  Incremental Sort  (cost=0.35..688.35 rows=10000 width=20) (actual time=0.054..2.851 rows=10000 loops=1)
         Sort Key: s_1.a, s_1.b
         Presorted Key: s_1.a
         Sort Method: quicksort  Memory: 27kB
         Sort Groups: 308
         ->  Index Scan using s_1_a_idx on s_1  (cost=0.29..337.29 rows=10000 width=20) (actual time=0.009..1.195 rows=10000 loops=1)
 Planning time: 0.249 ms
 Execution time: 3.094 ms
(9 rows)

===== 378 [Wed Mar  7 01:59:18 CET 2018] scale:10000 groups:10000 work_mem:128MB incremental:on max_workers:0 =====
SELECT * FROM s_2 ORDER BY a, b, c
                                                               QUERY PLAN                                                               
----------------------------------------------------------------------------------------------------------------------------------------
 Limit  (cost=872.09..872.09 rows=1 width=20) (actual time=2.641..2.641 rows=0 loops=1)
   ->  Incremental Sort  (cost=0.36..772.09 rows=10000 width=20) (actual time=0.051..2.422 rows=10000 loops=1)
         Sort Key: s_2.a, s_2.b, s_2.c
         Presorted Key: s_2.a, s_2.b
         Sort Method: quicksort  Memory: 27kB
         Sort Groups: 313
         ->  Index Scan using s_2_a_b_idx on s_2  (cost=0.29..419.97 rows=10000 width=20) (actual time=0.009..1.187 rows=10000 loops=1)
 Planning time: 0.263 ms
 Execution time: 2.660 ms
(9 rows)

===== 379 [Wed Mar  7 01:59:18 CET 2018] scale:10000 groups:10000 work_mem:128MB incremental:on max_workers:0 =====
SELECT * FROM s_3 ORDER BY a, b, c, d
                                                                QUERY PLAN                                                                
------------------------------------------------------------------------------------------------------------------------------------------
 Limit  (cost=916.09..916.09 rows=1 width=20) (actual time=2.677..2.677 rows=0 loops=1)
   ->  Incremental Sort  (cost=0.37..816.09 rows=10000 width=20) (actual time=0.053..2.458 rows=10000 loops=1)
         Sort Key: s_3.a, s_3.b, s_3.c, s_3.d
         Presorted Key: s_3.a, s_3.b, s_3.c
         Sort Method: quicksort  Memory: 27kB
         Sort Groups: 313
         ->  Index Scan using s_3_a_b_c_idx on s_3  (cost=0.29..463.97 rows=10000 width=20) (actual time=0.009..1.202 rows=10000 loops=1)
 Planning time: 0.261 ms
 Execution time: 2.696 ms
(9 rows)

===== 380 [Wed Mar  7 01:59:18 CET 2018] scale:10000 groups:10000 work_mem:128MB incremental:on max_workers:0 =====
SELECT * FROM s_4 ORDER BY a, b, c, d, e
                                                                 QUERY PLAN                                                                 
--------------------------------------------------------------------------------------------------------------------------------------------
 Limit  (cost=916.09..916.09 rows=1 width=20) (actual time=2.659..2.659 rows=0 loops=1)
   ->  Incremental Sort  (cost=0.37..816.09 rows=10000 width=20) (actual time=0.050..2.433 rows=10000 loops=1)
         Sort Key: s_4.a, s_4.b, s_4.c, s_4.d, s_4.e
         Presorted Key: s_4.a, s_4.b, s_4.c, s_4.d
         Sort Method: quicksort  Memory: 27kB
         Sort Groups: 313
         ->  Index Scan using s_4_a_b_c_d_idx on s_4  (cost=0.29..463.97 rows=10000 width=20) (actual time=0.005..1.194 rows=10000 loops=1)
 Planning time: 0.258 ms
 Execution time: 2.678 ms
(9 rows)

===== 381 [Wed Mar  7 01:59:18 CET 2018] scale:10000 groups:10000 work_mem:128MB incremental:off max_workers:0 =====
SELECT * FROM s_1 ORDER BY a, b
                                                     QUERY PLAN                                                     
--------------------------------------------------------------------------------------------------------------------
 Limit  (cost=953.39..953.39 rows=1 width=20) (actual time=3.256..3.256 rows=0 loops=1)
   ->  Sort  (cost=828.39..853.39 rows=10000 width=20) (actual time=2.713..3.036 rows=10000 loops=1)
         Sort Key: s_1.a, s_1.b
         Sort Method: quicksort  Memory: 1166kB
         ->  Seq Scan on s_1  (cost=0.00..164.00 rows=10000 width=20) (actual time=0.004..0.572 rows=10000 loops=1)
 Planning time: 0.243 ms
 Execution time: 3.312 ms
(7 rows)

===== 382 [Wed Mar  7 01:59:18 CET 2018] scale:10000 groups:10000 work_mem:128MB incremental:off max_workers:0 =====
SELECT * FROM s_2 ORDER BY a, b, c
                                                     QUERY PLAN                                                     
--------------------------------------------------------------------------------------------------------------------
 Limit  (cost=953.39..953.39 rows=1 width=20) (actual time=2.337..2.337 rows=0 loops=1)
   ->  Sort  (cost=828.39..853.39 rows=10000 width=20) (actual time=1.797..2.114 rows=10000 loops=1)
         Sort Key: s_2.a, s_2.b, s_2.c
         Sort Method: quicksort  Memory: 1166kB
         ->  Seq Scan on s_2  (cost=0.00..164.00 rows=10000 width=20) (actual time=0.007..0.569 rows=10000 loops=1)
 Planning time: 0.252 ms
 Execution time: 2.399 ms
(7 rows)

===== 383 [Wed Mar  7 01:59:19 CET 2018] scale:10000 groups:10000 work_mem:128MB incremental:off max_workers:0 =====
SELECT * FROM s_3 ORDER BY a, b, c, d
                                                     QUERY PLAN                                                     
--------------------------------------------------------------------------------------------------------------------
 Limit  (cost=953.39..953.39 rows=1 width=20) (actual time=2.349..2.349 rows=0 loops=1)
   ->  Sort  (cost=828.39..853.39 rows=10000 width=20) (actual time=1.814..2.128 rows=10000 loops=1)
         Sort Key: s_3.a, s_3.b, s_3.c, s_3.d
         Sort Method: quicksort  Memory: 1166kB
         ->  Seq Scan on s_3  (cost=0.00..164.00 rows=10000 width=20) (actual time=0.007..0.576 rows=10000 loops=1)
 Planning time: 0.248 ms
 Execution time: 2.408 ms
(7 rows)

===== 384 [Wed Mar  7 01:59:19 CET 2018] scale:10000 groups:10000 work_mem:128MB incremental:off max_workers:0 =====
SELECT * FROM s_4 ORDER BY a, b, c, d, e
                                                     QUERY PLAN                                                     
--------------------------------------------------------------------------------------------------------------------
 Limit  (cost=953.39..953.39 rows=1 width=20) (actual time=2.325..2.325 rows=0 loops=1)
   ->  Sort  (cost=828.39..853.39 rows=10000 width=20) (actual time=1.792..2.106 rows=10000 loops=1)
         Sort Key: s_4.a, s_4.b, s_4.c, s_4.d, s_4.e
         Sort Method: quicksort  Memory: 1166kB
         ->  Seq Scan on s_4  (cost=0.00..164.00 rows=10000 width=20) (actual time=0.004..0.572 rows=10000 loops=1)
 Planning time: 0.243 ms
 Execution time: 2.382 ms
(7 rows)

===== 385 [Wed Mar  7 01:59:19 CET 2018] scale:10000 groups:10000 work_mem:256MB incremental:on max_workers:0 =====
SELECT * FROM s_1 ORDER BY a, b
                                                              QUERY PLAN                                                              
--------------------------------------------------------------------------------------------------------------------------------------
 Limit  (cost=788.35..788.35 rows=1 width=20) (actual time=3.066..3.066 rows=0 loops=1)
   ->  Incremental Sort  (cost=0.35..688.35 rows=10000 width=20) (actual time=0.054..2.845 rows=10000 loops=1)
         Sort Key: s_1.a, s_1.b
         Presorted Key: s_1.a
         Sort Method: quicksort  Memory: 27kB
         Sort Groups: 308
         ->  Index Scan using s_1_a_idx on s_1  (cost=0.29..337.29 rows=10000 width=20) (actual time=0.009..1.189 rows=10000 loops=1)
 Planning time: 0.247 ms
 Execution time: 3.088 ms
(9 rows)

===== 386 [Wed Mar  7 01:59:19 CET 2018] scale:10000 groups:10000 work_mem:256MB incremental:on max_workers:0 =====
SELECT * FROM s_2 ORDER BY a, b, c
                                                               QUERY PLAN                                                               
----------------------------------------------------------------------------------------------------------------------------------------
 Limit  (cost=872.09..872.09 rows=1 width=20) (actual time=2.638..2.638 rows=0 loops=1)
   ->  Incremental Sort  (cost=0.36..772.09 rows=10000 width=20) (actual time=0.051..2.419 rows=10000 loops=1)
         Sort Key: s_2.a, s_2.b, s_2.c
         Presorted Key: s_2.a, s_2.b
         Sort Method: quicksort  Memory: 27kB
         Sort Groups: 313
         ->  Index Scan using s_2_a_b_idx on s_2  (cost=0.29..419.97 rows=10000 width=20) (actual time=0.009..1.194 rows=10000 loops=1)
 Planning time: 0.266 ms
 Execution time: 2.657 ms
(9 rows)

===== 387 [Wed Mar  7 01:59:19 CET 2018] scale:10000 groups:10000 work_mem:256MB incremental:on max_workers:0 =====
SELECT * FROM s_3 ORDER BY a, b, c, d
                                                                QUERY PLAN                                                                
------------------------------------------------------------------------------------------------------------------------------------------
 Limit  (cost=916.09..916.09 rows=1 width=20) (actual time=2.676..2.676 rows=0 loops=1)
   ->  Incremental Sort  (cost=0.37..816.09 rows=10000 width=20) (actual time=0.053..2.457 rows=10000 loops=1)
         Sort Key: s_3.a, s_3.b, s_3.c, s_3.d
         Presorted Key: s_3.a, s_3.b, s_3.c
         Sort Method: quicksort  Memory: 27kB
         Sort Groups: 313
         ->  Index Scan using s_3_a_b_c_idx on s_3  (cost=0.29..463.97 rows=10000 width=20) (actual time=0.008..1.194 rows=10000 loops=1)
 Planning time: 0.263 ms
 Execution time: 2.696 ms
(9 rows)

===== 388 [Wed Mar  7 01:59:19 CET 2018] scale:10000 groups:10000 work_mem:256MB incremental:on max_workers:0 =====
SELECT * FROM s_4 ORDER BY a, b, c, d, e
                                                                 QUERY PLAN                                                                 
--------------------------------------------------------------------------------------------------------------------------------------------
 Limit  (cost=916.09..916.09 rows=1 width=20) (actual time=2.666..2.666 rows=0 loops=1)
   ->  Incremental Sort  (cost=0.37..816.09 rows=10000 width=20) (actual time=0.050..2.445 rows=10000 loops=1)
         Sort Key: s_4.a, s_4.b, s_4.c, s_4.d, s_4.e
         Presorted Key: s_4.a, s_4.b, s_4.c, s_4.d
         Sort Method: quicksort  Memory: 27kB
         Sort Groups: 313
         ->  Index Scan using s_4_a_b_c_d_idx on s_4  (cost=0.29..463.97 rows=10000 width=20) (actual time=0.005..1.197 rows=10000 loops=1)
 Planning time: 0.261 ms
 Execution time: 2.685 ms
(9 rows)

===== 389 [Wed Mar  7 01:59:19 CET 2018] scale:10000 groups:10000 work_mem:256MB incremental:off max_workers:0 =====
SELECT * FROM s_1 ORDER BY a, b
                                                     QUERY PLAN                                                     
--------------------------------------------------------------------------------------------------------------------
 Limit  (cost=953.39..953.39 rows=1 width=20) (actual time=3.245..3.245 rows=0 loops=1)
   ->  Sort  (cost=828.39..853.39 rows=10000 width=20) (actual time=2.705..3.026 rows=10000 loops=1)
         Sort Key: s_1.a, s_1.b
         Sort Method: quicksort  Memory: 1166kB
         ->  Seq Scan on s_1  (cost=0.00..164.00 rows=10000 width=20) (actual time=0.004..0.570 rows=10000 loops=1)
 Planning time: 0.251 ms
 Execution time: 3.299 ms
(7 rows)

===== 390 [Wed Mar  7 01:59:19 CET 2018] scale:10000 groups:10000 work_mem:256MB incremental:off max_workers:0 =====
SELECT * FROM s_2 ORDER BY a, b, c
                                                     QUERY PLAN                                                     
--------------------------------------------------------------------------------------------------------------------
 Limit  (cost=953.39..953.39 rows=1 width=20) (actual time=2.341..2.341 rows=0 loops=1)
   ->  Sort  (cost=828.39..853.39 rows=10000 width=20) (actual time=1.801..2.124 rows=10000 loops=1)
         Sort Key: s_2.a, s_2.b, s_2.c
         Sort Method: quicksort  Memory: 1166kB
         ->  Seq Scan on s_2  (cost=0.00..164.00 rows=10000 width=20) (actual time=0.007..0.568 rows=10000 loops=1)
 Planning time: 0.255 ms
 Execution time: 2.398 ms
(7 rows)

===== 391 [Wed Mar  7 01:59:19 CET 2018] scale:10000 groups:10000 work_mem:256MB incremental:off max_workers:0 =====
SELECT * FROM s_3 ORDER BY a, b, c, d
                                                     QUERY PLAN                                                     
--------------------------------------------------------------------------------------------------------------------
 Limit  (cost=953.39..953.39 rows=1 width=20) (actual time=2.355..2.355 rows=0 loops=1)
   ->  Sort  (cost=828.39..853.39 rows=10000 width=20) (actual time=1.822..2.137 rows=10000 loops=1)
         Sort Key: s_3.a, s_3.b, s_3.c, s_3.d
         Sort Method: quicksort  Memory: 1166kB
         ->  Seq Scan on s_3  (cost=0.00..164.00 rows=10000 width=20) (actual time=0.007..0.570 rows=10000 loops=1)
 Planning time: 0.256 ms
 Execution time: 2.410 ms
(7 rows)

===== 392 [Wed Mar  7 01:59:19 CET 2018] scale:10000 groups:10000 work_mem:256MB incremental:off max_workers:0 =====
SELECT * FROM s_4 ORDER BY a, b, c, d, e
                                                     QUERY PLAN                                                     
--------------------------------------------------------------------------------------------------------------------
 Limit  (cost=953.39..953.39 rows=1 width=20) (actual time=2.318..2.318 rows=0 loops=1)
   ->  Sort  (cost=828.39..853.39 rows=10000 width=20) (actual time=1.781..2.095 rows=10000 loops=1)
         Sort Key: s_4.a, s_4.b, s_4.c, s_4.d, s_4.e
         Sort Method: quicksort  Memory: 1166kB
         ->  Seq Scan on s_4  (cost=0.00..164.00 rows=10000 width=20) (actual time=0.004..0.572 rows=10000 loops=1)
 Planning time: 0.256 ms
 Execution time: 2.373 ms
(7 rows)

===== 393 [Wed Mar  7 01:59:19 CET 2018] scale:10000 groups:10000 work_mem:4MB incremental:on max_workers:2 =====
SELECT * FROM s_1 ORDER BY a, b
                                                              QUERY PLAN                                                              
--------------------------------------------------------------------------------------------------------------------------------------
 Limit  (cost=788.35..788.35 rows=1 width=20) (actual time=3.073..3.073 rows=0 loops=1)
   ->  Incremental Sort  (cost=0.35..688.35 rows=10000 width=20) (actual time=0.054..2.852 rows=10000 loops=1)
         Sort Key: s_1.a, s_1.b
         Presorted Key: s_1.a
         Sort Method: quicksort  Memory: 27kB
         Sort Groups: 308
         ->  Index Scan using s_1_a_idx on s_1  (cost=0.29..337.29 rows=10000 width=20) (actual time=0.009..1.192 rows=10000 loops=1)
 Planning time: 0.249 ms
 Execution time: 3.095 ms
(9 rows)

===== 394 [Wed Mar  7 01:59:19 CET 2018] scale:10000 groups:10000 work_mem:4MB incremental:on max_workers:2 =====
SELECT * FROM s_2 ORDER BY a, b, c
                                                               QUERY PLAN                                                               
----------------------------------------------------------------------------------------------------------------------------------------
 Limit  (cost=872.09..872.09 rows=1 width=20) (actual time=2.646..2.646 rows=0 loops=1)
   ->  Incremental Sort  (cost=0.36..772.09 rows=10000 width=20) (actual time=0.053..2.427 rows=10000 loops=1)
         Sort Key: s_2.a, s_2.b, s_2.c
         Presorted Key: s_2.a, s_2.b
         Sort Method: quicksort  Memory: 27kB
         Sort Groups: 313
         ->  Index Scan using s_2_a_b_idx on s_2  (cost=0.29..419.97 rows=10000 width=20) (actual time=0.009..1.191 rows=10000 loops=1)
 Planning time: 0.268 ms
 Execution time: 2.666 ms
(9 rows)

===== 395 [Wed Mar  7 01:59:19 CET 2018] scale:10000 groups:10000 work_mem:4MB incremental:on max_workers:2 =====
SELECT * FROM s_3 ORDER BY a, b, c, d
                                                                QUERY PLAN                                                                
------------------------------------------------------------------------------------------------------------------------------------------
 Limit  (cost=916.09..916.09 rows=1 width=20) (actual time=2.671..2.671 rows=0 loops=1)
   ->  Incremental Sort  (cost=0.37..816.09 rows=10000 width=20) (actual time=0.055..2.445 rows=10000 loops=1)
         Sort Key: s_3.a, s_3.b, s_3.c, s_3.d
         Presorted Key: s_3.a, s_3.b, s_3.c
         Sort Method: quicksort  Memory: 27kB
         Sort Groups: 313
         ->  Index Scan using s_3_a_b_c_idx on s_3  (cost=0.29..463.97 rows=10000 width=20) (actual time=0.009..1.195 rows=10000 loops=1)
 Planning time: 0.271 ms
 Execution time: 2.691 ms
(9 rows)

===== 396 [Wed Mar  7 01:59:20 CET 2018] scale:10000 groups:10000 work_mem:4MB incremental:on max_workers:2 =====
SELECT * FROM s_4 ORDER BY a, b, c, d, e
                                                                 QUERY PLAN                                                                 
--------------------------------------------------------------------------------------------------------------------------------------------
 Limit  (cost=916.09..916.09 rows=1 width=20) (actual time=2.658..2.658 rows=0 loops=1)
   ->  Incremental Sort  (cost=0.37..816.09 rows=10000 width=20) (actual time=0.050..2.437 rows=10000 loops=1)
         Sort Key: s_4.a, s_4.b, s_4.c, s_4.d, s_4.e
         Presorted Key: s_4.a, s_4.b, s_4.c, s_4.d
         Sort Method: quicksort  Memory: 27kB
         Sort Groups: 313
         ->  Index Scan using s_4_a_b_c_d_idx on s_4  (cost=0.29..463.97 rows=10000 width=20) (actual time=0.005..1.201 rows=10000 loops=1)
 Planning time: 0.258 ms
 Execution time: 2.677 ms
(9 rows)

===== 397 [Wed Mar  7 01:59:20 CET 2018] scale:10000 groups:10000 work_mem:4MB incremental:off max_workers:2 =====
SELECT * FROM s_1 ORDER BY a, b
                                                     QUERY PLAN                                                     
--------------------------------------------------------------------------------------------------------------------
 Limit  (cost=953.39..953.39 rows=1 width=20) (actual time=3.243..3.243 rows=0 loops=1)
   ->  Sort  (cost=828.39..853.39 rows=10000 width=20) (actual time=2.707..3.027 rows=10000 loops=1)
         Sort Key: s_1.a, s_1.b
         Sort Method: quicksort  Memory: 1166kB
         ->  Seq Scan on s_1  (cost=0.00..164.00 rows=10000 width=20) (actual time=0.004..0.584 rows=10000 loops=1)
 Planning time: 0.244 ms
 Execution time: 3.300 ms
(7 rows)

===== 398 [Wed Mar  7 01:59:20 CET 2018] scale:10000 groups:10000 work_mem:4MB incremental:off max_workers:2 =====
SELECT * FROM s_2 ORDER BY a, b, c
                                                     QUERY PLAN                                                     
--------------------------------------------------------------------------------------------------------------------
 Limit  (cost=953.39..953.39 rows=1 width=20) (actual time=2.336..2.336 rows=0 loops=1)
   ->  Sort  (cost=828.39..853.39 rows=10000 width=20) (actual time=1.799..2.119 rows=10000 loops=1)
         Sort Key: s_2.a, s_2.b, s_2.c
         Sort Method: quicksort  Memory: 1166kB
         ->  Seq Scan on s_2  (cost=0.00..164.00 rows=10000 width=20) (actual time=0.007..0.568 rows=10000 loops=1)
 Planning time: 0.255 ms
 Execution time: 2.392 ms
(7 rows)

===== 399 [Wed Mar  7 01:59:20 CET 2018] scale:10000 groups:10000 work_mem:4MB incremental:off max_workers:2 =====
SELECT * FROM s_3 ORDER BY a, b, c, d
                                                     QUERY PLAN                                                     
--------------------------------------------------------------------------------------------------------------------
 Limit  (cost=953.39..953.39 rows=1 width=20) (actual time=2.351..2.351 rows=0 loops=1)
   ->  Sort  (cost=828.39..853.39 rows=10000 width=20) (actual time=1.811..2.127 rows=10000 loops=1)
         Sort Key: s_3.a, s_3.b, s_3.c, s_3.d
         Sort Method: quicksort  Memory: 1166kB
         ->  Seq Scan on s_3  (cost=0.00..164.00 rows=10000 width=20) (actual time=0.007..0.576 rows=10000 loops=1)
 Planning time: 0.253 ms
 Execution time: 2.407 ms
(7 rows)

===== 400 [Wed Mar  7 01:59:20 CET 2018] scale:10000 groups:10000 work_mem:4MB incremental:off max_workers:2 =====
SELECT * FROM s_4 ORDER BY a, b, c, d, e
                                                     QUERY PLAN                                                     
--------------------------------------------------------------------------------------------------------------------
 Limit  (cost=953.39..953.39 rows=1 width=20) (actual time=2.324..2.324 rows=0 loops=1)
   ->  Sort  (cost=828.39..853.39 rows=10000 width=20) (actual time=1.788..2.107 rows=10000 loops=1)
         Sort Key: s_4.a, s_4.b, s_4.c, s_4.d, s_4.e
         Sort Method: quicksort  Memory: 1166kB
         ->  Seq Scan on s_4  (cost=0.00..164.00 rows=10000 width=20) (actual time=0.004..0.570 rows=10000 loops=1)
 Planning time: 0.250 ms
 Execution time: 2.382 ms
(7 rows)

===== 401 [Wed Mar  7 01:59:20 CET 2018] scale:10000 groups:10000 work_mem:8MB incremental:on max_workers:2 =====
SELECT * FROM s_1 ORDER BY a, b
                                                              QUERY PLAN                                                              
--------------------------------------------------------------------------------------------------------------------------------------
 Limit  (cost=788.35..788.35 rows=1 width=20) (actual time=3.069..3.069 rows=0 loops=1)
   ->  Incremental Sort  (cost=0.35..688.35 rows=10000 width=20) (actual time=0.054..2.848 rows=10000 loops=1)
         Sort Key: s_1.a, s_1.b
         Presorted Key: s_1.a
         Sort Method: quicksort  Memory: 27kB
         Sort Groups: 308
         ->  Index Scan using s_1_a_idx on s_1  (cost=0.29..337.29 rows=10000 width=20) (actual time=0.009..1.198 rows=10000 loops=1)
 Planning time: 0.251 ms
 Execution time: 3.091 ms
(9 rows)

===== 402 [Wed Mar  7 01:59:20 CET 2018] scale:10000 groups:10000 work_mem:8MB incremental:on max_workers:2 =====
SELECT * FROM s_2 ORDER BY a, b, c
                                                               QUERY PLAN                                                               
----------------------------------------------------------------------------------------------------------------------------------------
 Limit  (cost=872.09..872.09 rows=1 width=20) (actual time=2.637..2.637 rows=0 loops=1)
   ->  Incremental Sort  (cost=0.36..772.09 rows=10000 width=20) (actual time=0.052..2.418 rows=10000 loops=1)
         Sort Key: s_2.a, s_2.b, s_2.c
         Presorted Key: s_2.a, s_2.b
         Sort Method: quicksort  Memory: 27kB
         Sort Groups: 313
         ->  Index Scan using s_2_a_b_idx on s_2  (cost=0.29..419.97 rows=10000 width=20) (actual time=0.009..1.187 rows=10000 loops=1)
 Planning time: 0.265 ms
 Execution time: 2.657 ms
(9 rows)

===== 403 [Wed Mar  7 01:59:20 CET 2018] scale:10000 groups:10000 work_mem:8MB incremental:on max_workers:2 =====
SELECT * FROM s_3 ORDER BY a, b, c, d
                                                                QUERY PLAN                                                                
------------------------------------------------------------------------------------------------------------------------------------------
 Limit  (cost=916.09..916.09 rows=1 width=20) (actual time=2.673..2.673 rows=0 loops=1)
   ->  Incremental Sort  (cost=0.37..816.09 rows=10000 width=20) (actual time=0.053..2.454 rows=10000 loops=1)
         Sort Key: s_3.a, s_3.b, s_3.c, s_3.d
         Presorted Key: s_3.a, s_3.b, s_3.c
         Sort Method: quicksort  Memory: 27kB
         Sort Groups: 313
         ->  Index Scan using s_3_a_b_c_idx on s_3  (cost=0.29..463.97 rows=10000 width=20) (actual time=0.009..1.199 rows=10000 loops=1)
 Planning time: 0.263 ms
 Execution time: 2.692 ms
(9 rows)

===== 404 [Wed Mar  7 01:59:20 CET 2018] scale:10000 groups:10000 work_mem:8MB incremental:on max_workers:2 =====
SELECT * FROM s_4 ORDER BY a, b, c, d, e
                                                                 QUERY PLAN                                                                 
--------------------------------------------------------------------------------------------------------------------------------------------
 Limit  (cost=916.09..916.09 rows=1 width=20) (actual time=2.664..2.664 rows=0 loops=1)
   ->  Incremental Sort  (cost=0.37..816.09 rows=10000 width=20) (actual time=0.049..2.443 rows=10000 loops=1)
         Sort Key: s_4.a, s_4.b, s_4.c, s_4.d, s_4.e
         Presorted Key: s_4.a, s_4.b, s_4.c, s_4.d
         Sort Method: quicksort  Memory: 27kB
         Sort Groups: 313
         ->  Index Scan using s_4_a_b_c_d_idx on s_4  (cost=0.29..463.97 rows=10000 width=20) (actual time=0.005..1.207 rows=10000 loops=1)
 Planning time: 0.263 ms
 Execution time: 2.682 ms
(9 rows)

===== 405 [Wed Mar  7 01:59:20 CET 2018] scale:10000 groups:10000 work_mem:8MB incremental:off max_workers:2 =====
SELECT * FROM s_1 ORDER BY a, b
                                                     QUERY PLAN                                                     
--------------------------------------------------------------------------------------------------------------------
 Limit  (cost=953.39..953.39 rows=1 width=20) (actual time=3.239..3.239 rows=0 loops=1)
   ->  Sort  (cost=828.39..853.39 rows=10000 width=20) (actual time=2.705..3.021 rows=10000 loops=1)
         Sort Key: s_1.a, s_1.b
         Sort Method: quicksort  Memory: 1166kB
         ->  Seq Scan on s_1  (cost=0.00..164.00 rows=10000 width=20) (actual time=0.004..0.572 rows=10000 loops=1)
 Planning time: 0.246 ms
 Execution time: 3.293 ms
(7 rows)

===== 406 [Wed Mar  7 01:59:20 CET 2018] scale:10000 groups:10000 work_mem:8MB incremental:off max_workers:2 =====
SELECT * FROM s_2 ORDER BY a, b, c
                                                     QUERY PLAN                                                     
--------------------------------------------------------------------------------------------------------------------
 Limit  (cost=953.39..953.39 rows=1 width=20) (actual time=2.337..2.337 rows=0 loops=1)
   ->  Sort  (cost=828.39..853.39 rows=10000 width=20) (actual time=1.805..2.120 rows=10000 loops=1)
         Sort Key: s_2.a, s_2.b, s_2.c
         Sort Method: quicksort  Memory: 1166kB
         ->  Seq Scan on s_2  (cost=0.00..164.00 rows=10000 width=20) (actual time=0.007..0.569 rows=10000 loops=1)
 Planning time: 0.255 ms
 Execution time: 2.394 ms
(7 rows)

===== 407 [Wed Mar  7 01:59:20 CET 2018] scale:10000 groups:10000 work_mem:8MB incremental:off max_workers:2 =====
SELECT * FROM s_3 ORDER BY a, b, c, d
                                                     QUERY PLAN                                                     
--------------------------------------------------------------------------------------------------------------------
 Limit  (cost=953.39..953.39 rows=1 width=20) (actual time=2.348..2.348 rows=0 loops=1)
   ->  Sort  (cost=828.39..853.39 rows=10000 width=20) (actual time=1.814..2.131 rows=10000 loops=1)
         Sort Key: s_3.a, s_3.b, s_3.c, s_3.d
         Sort Method: quicksort  Memory: 1166kB
         ->  Seq Scan on s_3  (cost=0.00..164.00 rows=10000 width=20) (actual time=0.007..0.571 rows=10000 loops=1)
 Planning time: 0.248 ms
 Execution time: 2.403 ms
(7 rows)

===== 408 [Wed Mar  7 01:59:21 CET 2018] scale:10000 groups:10000 work_mem:8MB incremental:off max_workers:2 =====
SELECT * FROM s_4 ORDER BY a, b, c, d, e
                                                     QUERY PLAN                                                     
--------------------------------------------------------------------------------------------------------------------
 Limit  (cost=953.39..953.39 rows=1 width=20) (actual time=2.329..2.329 rows=0 loops=1)
   ->  Sort  (cost=828.39..853.39 rows=10000 width=20) (actual time=1.791..2.110 rows=10000 loops=1)
         Sort Key: s_4.a, s_4.b, s_4.c, s_4.d, s_4.e
         Sort Method: quicksort  Memory: 1166kB
         ->  Seq Scan on s_4  (cost=0.00..164.00 rows=10000 width=20) (actual time=0.004..0.571 rows=10000 loops=1)
 Planning time: 0.253 ms
 Execution time: 2.385 ms
(7 rows)

===== 409 [Wed Mar  7 01:59:21 CET 2018] scale:10000 groups:10000 work_mem:16MB incremental:on max_workers:2 =====
SELECT * FROM s_1 ORDER BY a, b
                                                              QUERY PLAN                                                              
--------------------------------------------------------------------------------------------------------------------------------------
 Limit  (cost=788.35..788.35 rows=1 width=20) (actual time=3.074..3.074 rows=0 loops=1)
   ->  Incremental Sort  (cost=0.35..688.35 rows=10000 width=20) (actual time=0.053..2.853 rows=10000 loops=1)
         Sort Key: s_1.a, s_1.b
         Presorted Key: s_1.a
         Sort Method: quicksort  Memory: 27kB
         Sort Groups: 308
         ->  Index Scan using s_1_a_idx on s_1  (cost=0.29..337.29 rows=10000 width=20) (actual time=0.009..1.208 rows=10000 loops=1)
 Planning time: 0.251 ms
 Execution time: 3.096 ms
(9 rows)

===== 410 [Wed Mar  7 01:59:21 CET 2018] scale:10000 groups:10000 work_mem:16MB incremental:on max_workers:2 =====
SELECT * FROM s_2 ORDER BY a, b, c
                                                               QUERY PLAN                                                               
----------------------------------------------------------------------------------------------------------------------------------------
 Limit  (cost=872.09..872.09 rows=1 width=20) (actual time=2.637..2.637 rows=0 loops=1)
   ->  Incremental Sort  (cost=0.36..772.09 rows=10000 width=20) (actual time=0.051..2.419 rows=10000 loops=1)
         Sort Key: s_2.a, s_2.b, s_2.c
         Presorted Key: s_2.a, s_2.b
         Sort Method: quicksort  Memory: 27kB
         Sort Groups: 313
         ->  Index Scan using s_2_a_b_idx on s_2  (cost=0.29..419.97 rows=10000 width=20) (actual time=0.009..1.188 rows=10000 loops=1)
 Planning time: 0.273 ms
 Execution time: 2.656 ms
(9 rows)

===== 411 [Wed Mar  7 01:59:21 CET 2018] scale:10000 groups:10000 work_mem:16MB incremental:on max_workers:2 =====
SELECT * FROM s_3 ORDER BY a, b, c, d
                                                                QUERY PLAN                                                                
------------------------------------------------------------------------------------------------------------------------------------------
 Limit  (cost=916.09..916.09 rows=1 width=20) (actual time=2.716..2.716 rows=0 loops=1)
   ->  Incremental Sort  (cost=0.37..816.09 rows=10000 width=20) (actual time=0.054..2.498 rows=10000 loops=1)
         Sort Key: s_3.a, s_3.b, s_3.c, s_3.d
         Presorted Key: s_3.a, s_3.b, s_3.c
         Sort Method: quicksort  Memory: 27kB
         Sort Groups: 313
         ->  Index Scan using s_3_a_b_c_idx on s_3  (cost=0.29..463.97 rows=10000 width=20) (actual time=0.009..1.241 rows=10000 loops=1)
 Planning time: 0.267 ms
 Execution time: 2.735 ms
(9 rows)

===== 412 [Wed Mar  7 01:59:21 CET 2018] scale:10000 groups:10000 work_mem:16MB incremental:on max_workers:2 =====
SELECT * FROM s_4 ORDER BY a, b, c, d, e
                                                                 QUERY PLAN                                                                 
--------------------------------------------------------------------------------------------------------------------------------------------
 Limit  (cost=916.09..916.09 rows=1 width=20) (actual time=2.663..2.663 rows=0 loops=1)
   ->  Incremental Sort  (cost=0.37..816.09 rows=10000 width=20) (actual time=0.051..2.442 rows=10000 loops=1)
         Sort Key: s_4.a, s_4.b, s_4.c, s_4.d, s_4.e
         Presorted Key: s_4.a, s_4.b, s_4.c, s_4.d
         Sort Method: quicksort  Memory: 27kB
         Sort Groups: 313
         ->  Index Scan using s_4_a_b_c_d_idx on s_4  (cost=0.29..463.97 rows=10000 width=20) (actual time=0.005..1.195 rows=10000 loops=1)
 Planning time: 0.257 ms
 Execution time: 2.681 ms
(9 rows)

===== 413 [Wed Mar  7 01:59:21 CET 2018] scale:10000 groups:10000 work_mem:16MB incremental:off max_workers:2 =====
SELECT * FROM s_1 ORDER BY a, b
                                                     QUERY PLAN                                                     
--------------------------------------------------------------------------------------------------------------------
 Limit  (cost=953.39..953.39 rows=1 width=20) (actual time=3.251..3.251 rows=0 loops=1)
   ->  Sort  (cost=828.39..853.39 rows=10000 width=20) (actual time=2.713..3.035 rows=10000 loops=1)
         Sort Key: s_1.a, s_1.b
         Sort Method: quicksort  Memory: 1166kB
         ->  Seq Scan on s_1  (cost=0.00..164.00 rows=10000 width=20) (actual time=0.004..0.572 rows=10000 loops=1)
 Planning time: 0.242 ms
 Execution time: 3.306 ms
(7 rows)

===== 414 [Wed Mar  7 01:59:21 CET 2018] scale:10000 groups:10000 work_mem:16MB incremental:off max_workers:2 =====
SELECT * FROM s_2 ORDER BY a, b, c
                                                     QUERY PLAN                                                     
--------------------------------------------------------------------------------------------------------------------
 Limit  (cost=953.39..953.39 rows=1 width=20) (actual time=2.339..2.339 rows=0 loops=1)
   ->  Sort  (cost=828.39..853.39 rows=10000 width=20) (actual time=1.799..2.115 rows=10000 loops=1)
         Sort Key: s_2.a, s_2.b, s_2.c
         Sort Method: quicksort  Memory: 1166kB
         ->  Seq Scan on s_2  (cost=0.00..164.00 rows=10000 width=20) (actual time=0.007..0.569 rows=10000 loops=1)
 Planning time: 0.264 ms
 Execution time: 2.394 ms
(7 rows)

===== 415 [Wed Mar  7 01:59:21 CET 2018] scale:10000 groups:10000 work_mem:16MB incremental:off max_workers:2 =====
SELECT * FROM s_3 ORDER BY a, b, c, d
                                                     QUERY PLAN                                                     
--------------------------------------------------------------------------------------------------------------------
 Limit  (cost=953.39..953.39 rows=1 width=20) (actual time=2.341..2.341 rows=0 loops=1)
   ->  Sort  (cost=828.39..853.39 rows=10000 width=20) (actual time=1.807..2.123 rows=10000 loops=1)
         Sort Key: s_3.a, s_3.b, s_3.c, s_3.d
         Sort Method: quicksort  Memory: 1166kB
         ->  Seq Scan on s_3  (cost=0.00..164.00 rows=10000 width=20) (actual time=0.007..0.572 rows=10000 loops=1)
 Planning time: 0.250 ms
 Execution time: 2.396 ms
(7 rows)

===== 416 [Wed Mar  7 01:59:21 CET 2018] scale:10000 groups:10000 work_mem:16MB incremental:off max_workers:2 =====
SELECT * FROM s_4 ORDER BY a, b, c, d, e
                                                     QUERY PLAN                                                     
--------------------------------------------------------------------------------------------------------------------
 Limit  (cost=953.39..953.39 rows=1 width=20) (actual time=2.324..2.324 rows=0 loops=1)
   ->  Sort  (cost=828.39..853.39 rows=10000 width=20) (actual time=1.787..2.105 rows=10000 loops=1)
         Sort Key: s_4.a, s_4.b, s_4.c, s_4.d, s_4.e
         Sort Method: quicksort  Memory: 1166kB
         ->  Seq Scan on s_4  (cost=0.00..164.00 rows=10000 width=20) (actual time=0.004..0.575 rows=10000 loops=1)
 Planning time: 0.255 ms
 Execution time: 2.381 ms
(7 rows)

===== 417 [Wed Mar  7 01:59:21 CET 2018] scale:10000 groups:10000 work_mem:32MB incremental:on max_workers:2 =====
SELECT * FROM s_1 ORDER BY a, b
                                                              QUERY PLAN                                                              
--------------------------------------------------------------------------------------------------------------------------------------
 Limit  (cost=788.35..788.35 rows=1 width=20) (actual time=3.070..3.070 rows=0 loops=1)
   ->  Incremental Sort  (cost=0.35..688.35 rows=10000 width=20) (actual time=0.058..2.849 rows=10000 loops=1)
         Sort Key: s_1.a, s_1.b
         Presorted Key: s_1.a
         Sort Method: quicksort  Memory: 27kB
         Sort Groups: 308
         ->  Index Scan using s_1_a_idx on s_1  (cost=0.29..337.29 rows=10000 width=20) (actual time=0.009..1.195 rows=10000 loops=1)
 Planning time: 0.257 ms
 Execution time: 3.092 ms
(9 rows)

===== 418 [Wed Mar  7 01:59:21 CET 2018] scale:10000 groups:10000 work_mem:32MB incremental:on max_workers:2 =====
SELECT * FROM s_2 ORDER BY a, b, c
                                                               QUERY PLAN                                                               
----------------------------------------------------------------------------------------------------------------------------------------
 Limit  (cost=872.09..872.09 rows=1 width=20) (actual time=2.643..2.643 rows=0 loops=1)
   ->  Incremental Sort  (cost=0.36..772.09 rows=10000 width=20) (actual time=0.052..2.425 rows=10000 loops=1)
         Sort Key: s_2.a, s_2.b, s_2.c
         Presorted Key: s_2.a, s_2.b
         Sort Method: quicksort  Memory: 27kB
         Sort Groups: 313
         ->  Index Scan using s_2_a_b_idx on s_2  (cost=0.29..419.97 rows=10000 width=20) (actual time=0.009..1.191 rows=10000 loops=1)
 Planning time: 0.267 ms
 Execution time: 2.665 ms
(9 rows)

===== 419 [Wed Mar  7 01:59:21 CET 2018] scale:10000 groups:10000 work_mem:32MB incremental:on max_workers:2 =====
SELECT * FROM s_3 ORDER BY a, b, c, d
                                                                QUERY PLAN                                                                
------------------------------------------------------------------------------------------------------------------------------------------
 Limit  (cost=916.09..916.09 rows=1 width=20) (actual time=2.675..2.675 rows=0 loops=1)
   ->  Incremental Sort  (cost=0.37..816.09 rows=10000 width=20) (actual time=0.054..2.456 rows=10000 loops=1)
         Sort Key: s_3.a, s_3.b, s_3.c, s_3.d
         Presorted Key: s_3.a, s_3.b, s_3.c
         Sort Method: quicksort  Memory: 27kB
         Sort Groups: 313
         ->  Index Scan using s_3_a_b_c_idx on s_3  (cost=0.29..463.97 rows=10000 width=20) (actual time=0.009..1.204 rows=10000 loops=1)
 Planning time: 0.264 ms
 Execution time: 2.696 ms
(9 rows)

===== 420 [Wed Mar  7 01:59:22 CET 2018] scale:10000 groups:10000 work_mem:32MB incremental:on max_workers:2 =====
SELECT * FROM s_4 ORDER BY a, b, c, d, e
                                                                 QUERY PLAN                                                                 
--------------------------------------------------------------------------------------------------------------------------------------------
 Limit  (cost=916.09..916.09 rows=1 width=20) (actual time=2.660..2.660 rows=0 loops=1)
   ->  Incremental Sort  (cost=0.37..816.09 rows=10000 width=20) (actual time=0.050..2.439 rows=10000 loops=1)
         Sort Key: s_4.a, s_4.b, s_4.c, s_4.d, s_4.e
         Presorted Key: s_4.a, s_4.b, s_4.c, s_4.d
         Sort Method: quicksort  Memory: 27kB
         Sort Groups: 313
         ->  Index Scan using s_4_a_b_c_d_idx on s_4  (cost=0.29..463.97 rows=10000 width=20) (actual time=0.005..1.205 rows=10000 loops=1)
 Planning time: 0.268 ms
 Execution time: 2.679 ms
(9 rows)

===== 421 [Wed Mar  7 01:59:22 CET 2018] scale:10000 groups:10000 work_mem:32MB incremental:off max_workers:2 =====
SELECT * FROM s_1 ORDER BY a, b
                                                     QUERY PLAN                                                     
--------------------------------------------------------------------------------------------------------------------
 Limit  (cost=953.39..953.39 rows=1 width=20) (actual time=3.245..3.245 rows=0 loops=1)
   ->  Sort  (cost=828.39..853.39 rows=10000 width=20) (actual time=2.708..3.029 rows=10000 loops=1)
         Sort Key: s_1.a, s_1.b
         Sort Method: quicksort  Memory: 1166kB
         ->  Seq Scan on s_1  (cost=0.00..164.00 rows=10000 width=20) (actual time=0.004..0.571 rows=10000 loops=1)
 Planning time: 0.245 ms
 Execution time: 3.303 ms
(7 rows)

===== 422 [Wed Mar  7 01:59:22 CET 2018] scale:10000 groups:10000 work_mem:32MB incremental:off max_workers:2 =====
SELECT * FROM s_2 ORDER BY a, b, c
                                                     QUERY PLAN                                                     
--------------------------------------------------------------------------------------------------------------------
 Limit  (cost=953.39..953.39 rows=1 width=20) (actual time=2.338..2.338 rows=0 loops=1)
   ->  Sort  (cost=828.39..853.39 rows=10000 width=20) (actual time=1.802..2.121 rows=10000 loops=1)
         Sort Key: s_2.a, s_2.b, s_2.c
         Sort Method: quicksort  Memory: 1166kB
         ->  Seq Scan on s_2  (cost=0.00..164.00 rows=10000 width=20) (actual time=0.007..0.574 rows=10000 loops=1)
 Planning time: 0.254 ms
 Execution time: 2.400 ms
(7 rows)

===== 423 [Wed Mar  7 01:59:22 CET 2018] scale:10000 groups:10000 work_mem:32MB incremental:off max_workers:2 =====
SELECT * FROM s_3 ORDER BY a, b, c, d
                                                     QUERY PLAN                                                     
--------------------------------------------------------------------------------------------------------------------
 Limit  (cost=953.39..953.39 rows=1 width=20) (actual time=2.349..2.349 rows=0 loops=1)
   ->  Sort  (cost=828.39..853.39 rows=10000 width=20) (actual time=1.814..2.128 rows=10000 loops=1)
         Sort Key: s_3.a, s_3.b, s_3.c, s_3.d
         Sort Method: quicksort  Memory: 1166kB
         ->  Seq Scan on s_3  (cost=0.00..164.00 rows=10000 width=20) (actual time=0.007..0.571 rows=10000 loops=1)
 Planning time: 0.250 ms
 Execution time: 2.408 ms
(7 rows)

===== 424 [Wed Mar  7 01:59:22 CET 2018] scale:10000 groups:10000 work_mem:32MB incremental:off max_workers:2 =====
SELECT * FROM s_4 ORDER BY a, b, c, d, e
                                                     QUERY PLAN                                                     
--------------------------------------------------------------------------------------------------------------------
 Limit  (cost=953.39..953.39 rows=1 width=20) (actual time=2.323..2.323 rows=0 loops=1)
   ->  Sort  (cost=828.39..853.39 rows=10000 width=20) (actual time=1.782..2.098 rows=10000 loops=1)
         Sort Key: s_4.a, s_4.b, s_4.c, s_4.d, s_4.e
         Sort Method: quicksort  Memory: 1166kB
         ->  Seq Scan on s_4  (cost=0.00..164.00 rows=10000 width=20) (actual time=0.004..0.571 rows=10000 loops=1)
 Planning time: 0.256 ms
 Execution time: 2.379 ms
(7 rows)

===== 425 [Wed Mar  7 01:59:22 CET 2018] scale:10000 groups:10000 work_mem:64MB incremental:on max_workers:2 =====
SELECT * FROM s_1 ORDER BY a, b
                                                              QUERY PLAN                                                              
--------------------------------------------------------------------------------------------------------------------------------------
 Limit  (cost=788.35..788.35 rows=1 width=20) (actual time=3.065..3.065 rows=0 loops=1)
   ->  Incremental Sort  (cost=0.35..688.35 rows=10000 width=20) (actual time=0.054..2.844 rows=10000 loops=1)
         Sort Key: s_1.a, s_1.b
         Presorted Key: s_1.a
         Sort Method: quicksort  Memory: 27kB
         Sort Groups: 308
         ->  Index Scan using s_1_a_idx on s_1  (cost=0.29..337.29 rows=10000 width=20) (actual time=0.009..1.189 rows=10000 loops=1)
 Planning time: 0.266 ms
 Execution time: 3.088 ms
(9 rows)

===== 426 [Wed Mar  7 01:59:22 CET 2018] scale:10000 groups:10000 work_mem:64MB incremental:on max_workers:2 =====
SELECT * FROM s_2 ORDER BY a, b, c
                                                               QUERY PLAN                                                               
----------------------------------------------------------------------------------------------------------------------------------------
 Limit  (cost=872.09..872.09 rows=1 width=20) (actual time=2.639..2.639 rows=0 loops=1)
   ->  Incremental Sort  (cost=0.36..772.09 rows=10000 width=20) (actual time=0.051..2.416 rows=10000 loops=1)
         Sort Key: s_2.a, s_2.b, s_2.c
         Presorted Key: s_2.a, s_2.b
         Sort Method: quicksort  Memory: 27kB
         Sort Groups: 313
         ->  Index Scan using s_2_a_b_idx on s_2  (cost=0.29..419.97 rows=10000 width=20) (actual time=0.009..1.189 rows=10000 loops=1)
 Planning time: 0.263 ms
 Execution time: 2.658 ms
(9 rows)

===== 427 [Wed Mar  7 01:59:22 CET 2018] scale:10000 groups:10000 work_mem:64MB incremental:on max_workers:2 =====
SELECT * FROM s_3 ORDER BY a, b, c, d
                                                                QUERY PLAN                                                                
------------------------------------------------------------------------------------------------------------------------------------------
 Limit  (cost=916.09..916.09 rows=1 width=20) (actual time=2.667..2.667 rows=0 loops=1)
   ->  Incremental Sort  (cost=0.37..816.09 rows=10000 width=20) (actual time=0.055..2.446 rows=10000 loops=1)
         Sort Key: s_3.a, s_3.b, s_3.c, s_3.d
         Presorted Key: s_3.a, s_3.b, s_3.c
         Sort Method: quicksort  Memory: 27kB
         Sort Groups: 313
         ->  Index Scan using s_3_a_b_c_idx on s_3  (cost=0.29..463.97 rows=10000 width=20) (actual time=0.009..1.193 rows=10000 loops=1)
 Planning time: 0.276 ms
 Execution time: 2.686 ms
(9 rows)

===== 428 [Wed Mar  7 01:59:22 CET 2018] scale:10000 groups:10000 work_mem:64MB incremental:on max_workers:2 =====
SELECT * FROM s_4 ORDER BY a, b, c, d, e
                                                                 QUERY PLAN                                                                 
--------------------------------------------------------------------------------------------------------------------------------------------
 Limit  (cost=916.09..916.09 rows=1 width=20) (actual time=2.663..2.663 rows=0 loops=1)
   ->  Incremental Sort  (cost=0.37..816.09 rows=10000 width=20) (actual time=0.051..2.437 rows=10000 loops=1)
         Sort Key: s_4.a, s_4.b, s_4.c, s_4.d, s_4.e
         Presorted Key: s_4.a, s_4.b, s_4.c, s_4.d
         Sort Method: quicksort  Memory: 27kB
         Sort Groups: 313
         ->  Index Scan using s_4_a_b_c_d_idx on s_4  (cost=0.29..463.97 rows=10000 width=20) (actual time=0.005..1.203 rows=10000 loops=1)
 Planning time: 0.259 ms
 Execution time: 2.682 ms
(9 rows)

===== 429 [Wed Mar  7 01:59:22 CET 2018] scale:10000 groups:10000 work_mem:64MB incremental:off max_workers:2 =====
SELECT * FROM s_1 ORDER BY a, b
                                                     QUERY PLAN                                                     
--------------------------------------------------------------------------------------------------------------------
 Limit  (cost=953.39..953.39 rows=1 width=20) (actual time=3.268..3.268 rows=0 loops=1)
   ->  Sort  (cost=828.39..853.39 rows=10000 width=20) (actual time=2.735..3.050 rows=10000 loops=1)
         Sort Key: s_1.a, s_1.b
         Sort Method: quicksort  Memory: 1166kB
         ->  Seq Scan on s_1  (cost=0.00..164.00 rows=10000 width=20) (actual time=0.004..0.573 rows=10000 loops=1)
 Planning time: 0.243 ms
 Execution time: 3.323 ms
(7 rows)

===== 430 [Wed Mar  7 01:59:22 CET 2018] scale:10000 groups:10000 work_mem:64MB incremental:off max_workers:2 =====
SELECT * FROM s_2 ORDER BY a, b, c
                                                     QUERY PLAN                                                     
--------------------------------------------------------------------------------------------------------------------
 Limit  (cost=953.39..953.39 rows=1 width=20) (actual time=2.342..2.342 rows=0 loops=1)
   ->  Sort  (cost=828.39..853.39 rows=10000 width=20) (actual time=1.806..2.126 rows=10000 loops=1)
         Sort Key: s_2.a, s_2.b, s_2.c
         Sort Method: quicksort  Memory: 1166kB
         ->  Seq Scan on s_2  (cost=0.00..164.00 rows=10000 width=20) (actual time=0.007..0.568 rows=10000 loops=1)
 Planning time: 0.250 ms
 Execution time: 2.396 ms
(7 rows)

===== 431 [Wed Mar  7 01:59:22 CET 2018] scale:10000 groups:10000 work_mem:64MB incremental:off max_workers:2 =====
SELECT * FROM s_3 ORDER BY a, b, c, d
                                                     QUERY PLAN                                                     
--------------------------------------------------------------------------------------------------------------------
 Limit  (cost=953.39..953.39 rows=1 width=20) (actual time=2.344..2.344 rows=0 loops=1)
   ->  Sort  (cost=828.39..853.39 rows=10000 width=20) (actual time=1.805..2.125 rows=10000 loops=1)
         Sort Key: s_3.a, s_3.b, s_3.c, s_3.d
         Sort Method: quicksort  Memory: 1166kB
         ->  Seq Scan on s_3  (cost=0.00..164.00 rows=10000 width=20) (actual time=0.007..0.570 rows=10000 loops=1)
 Planning time: 0.258 ms
 Execution time: 2.400 ms
(7 rows)

===== 432 [Wed Mar  7 01:59:23 CET 2018] scale:10000 groups:10000 work_mem:64MB incremental:off max_workers:2 =====
SELECT * FROM s_4 ORDER BY a, b, c, d, e
                                                     QUERY PLAN                                                     
--------------------------------------------------------------------------------------------------------------------
 Limit  (cost=953.39..953.39 rows=1 width=20) (actual time=2.333..2.333 rows=0 loops=1)
   ->  Sort  (cost=828.39..853.39 rows=10000 width=20) (actual time=1.795..2.113 rows=10000 loops=1)
         Sort Key: s_4.a, s_4.b, s_4.c, s_4.d, s_4.e
         Sort Method: quicksort  Memory: 1166kB
         ->  Seq Scan on s_4  (cost=0.00..164.00 rows=10000 width=20) (actual time=0.004..0.573 rows=10000 loops=1)
 Planning time: 0.249 ms
 Execution time: 2.391 ms
(7 rows)

===== 433 [Wed Mar  7 01:59:23 CET 2018] scale:10000 groups:10000 work_mem:128MB incremental:on max_workers:2 =====
SELECT * FROM s_1 ORDER BY a, b
                                                              QUERY PLAN                                                              
--------------------------------------------------------------------------------------------------------------------------------------
 Limit  (cost=788.35..788.35 rows=1 width=20) (actual time=2.977..2.977 rows=0 loops=1)
   ->  Incremental Sort  (cost=0.35..688.35 rows=10000 width=20) (actual time=0.054..2.758 rows=10000 loops=1)
         Sort Key: s_1.a, s_1.b
         Presorted Key: s_1.a
         Sort Method: quicksort  Memory: 27kB
         Sort Groups: 308
         ->  Index Scan using s_1_a_idx on s_1  (cost=0.29..337.29 rows=10000 width=20) (actual time=0.009..1.172 rows=10000 loops=1)
 Planning time: 0.258 ms
 Execution time: 2.996 ms
(9 rows)

===== 434 [Wed Mar  7 01:59:23 CET 2018] scale:10000 groups:10000 work_mem:128MB incremental:on max_workers:2 =====
SELECT * FROM s_2 ORDER BY a, b, c
                                                               QUERY PLAN                                                               
----------------------------------------------------------------------------------------------------------------------------------------
 Limit  (cost=872.09..872.09 rows=1 width=20) (actual time=2.664..2.664 rows=0 loops=1)
   ->  Incremental Sort  (cost=0.36..772.09 rows=10000 width=20) (actual time=0.051..2.441 rows=10000 loops=1)
         Sort Key: s_2.a, s_2.b, s_2.c
         Presorted Key: s_2.a, s_2.b
         Sort Method: quicksort  Memory: 27kB
         Sort Groups: 313
         ->  Index Scan using s_2_a_b_idx on s_2  (cost=0.29..419.97 rows=10000 width=20) (actual time=0.009..1.196 rows=10000 loops=1)
 Planning time: 0.268 ms
 Execution time: 2.683 ms
(9 rows)

===== 435 [Wed Mar  7 01:59:23 CET 2018] scale:10000 groups:10000 work_mem:128MB incremental:on max_workers:2 =====
SELECT * FROM s_3 ORDER BY a, b, c, d
                                                                QUERY PLAN                                                                
------------------------------------------------------------------------------------------------------------------------------------------
 Limit  (cost=916.09..916.09 rows=1 width=20) (actual time=2.671..2.671 rows=0 loops=1)
   ->  Incremental Sort  (cost=0.37..816.09 rows=10000 width=20) (actual time=0.054..2.450 rows=10000 loops=1)
         Sort Key: s_3.a, s_3.b, s_3.c, s_3.d
         Presorted Key: s_3.a, s_3.b, s_3.c
         Sort Method: quicksort  Memory: 27kB
         Sort Groups: 313
         ->  Index Scan using s_3_a_b_c_idx on s_3  (cost=0.29..463.97 rows=10000 width=20) (actual time=0.009..1.190 rows=10000 loops=1)
 Planning time: 0.262 ms
 Execution time: 2.691 ms
(9 rows)

===== 436 [Wed Mar  7 01:59:23 CET 2018] scale:10000 groups:10000 work_mem:128MB incremental:on max_workers:2 =====
SELECT * FROM s_4 ORDER BY a, b, c, d, e
                                                                 QUERY PLAN                                                                 
--------------------------------------------------------------------------------------------------------------------------------------------
 Limit  (cost=916.09..916.09 rows=1 width=20) (actual time=2.640..2.640 rows=0 loops=1)
   ->  Incremental Sort  (cost=0.37..816.09 rows=10000 width=20) (actual time=0.054..2.422 rows=10000 loops=1)
         Sort Key: s_4.a, s_4.b, s_4.c, s_4.d, s_4.e
         Presorted Key: s_4.a, s_4.b, s_4.c, s_4.d
         Sort Method: quicksort  Memory: 27kB
         Sort Groups: 313
         ->  Index Scan using s_4_a_b_c_d_idx on s_4  (cost=0.29..463.97 rows=10000 width=20) (actual time=0.005..1.194 rows=10000 loops=1)
 Planning time: 0.261 ms
 Execution time: 2.659 ms
(9 rows)

===== 437 [Wed Mar  7 01:59:23 CET 2018] scale:10000 groups:10000 work_mem:128MB incremental:off max_workers:2 =====
SELECT * FROM s_1 ORDER BY a, b
                                                     QUERY PLAN                                                     
--------------------------------------------------------------------------------------------------------------------
 Limit  (cost=953.39..953.39 rows=1 width=20) (actual time=3.243..3.243 rows=0 loops=1)
   ->  Sort  (cost=828.39..853.39 rows=10000 width=20) (actual time=2.701..3.023 rows=10000 loops=1)
         Sort Key: s_1.a, s_1.b
         Sort Method: quicksort  Memory: 1166kB
         ->  Seq Scan on s_1  (cost=0.00..164.00 rows=10000 width=20) (actual time=0.004..0.571 rows=10000 loops=1)
 Planning time: 0.245 ms
 Execution time: 3.304 ms
(7 rows)

===== 438 [Wed Mar  7 01:59:23 CET 2018] scale:10000 groups:10000 work_mem:128MB incremental:off max_workers:2 =====
SELECT * FROM s_2 ORDER BY a, b, c
                                                     QUERY PLAN                                                     
--------------------------------------------------------------------------------------------------------------------
 Limit  (cost=953.39..953.39 rows=1 width=20) (actual time=2.345..2.345 rows=0 loops=1)
   ->  Sort  (cost=828.39..853.39 rows=10000 width=20) (actual time=1.806..2.126 rows=10000 loops=1)
         Sort Key: s_2.a, s_2.b, s_2.c
         Sort Method: quicksort  Memory: 1166kB
         ->  Seq Scan on s_2  (cost=0.00..164.00 rows=10000 width=20) (actual time=0.007..0.568 rows=10000 loops=1)
 Planning time: 0.254 ms
 Execution time: 2.401 ms
(7 rows)

===== 439 [Wed Mar  7 01:59:23 CET 2018] scale:10000 groups:10000 work_mem:128MB incremental:off max_workers:2 =====
SELECT * FROM s_3 ORDER BY a, b, c, d
                                                     QUERY PLAN                                                     
--------------------------------------------------------------------------------------------------------------------
 Limit  (cost=953.39..953.39 rows=1 width=20) (actual time=2.341..2.341 rows=0 loops=1)
   ->  Sort  (cost=828.39..853.39 rows=10000 width=20) (actual time=1.808..2.124 rows=10000 loops=1)
         Sort Key: s_3.a, s_3.b, s_3.c, s_3.d
         Sort Method: quicksort  Memory: 1166kB
         ->  Seq Scan on s_3  (cost=0.00..164.00 rows=10000 width=20) (actual time=0.007..0.571 rows=10000 loops=1)
 Planning time: 0.250 ms
 Execution time: 2.398 ms
(7 rows)

===== 440 [Wed Mar  7 01:59:23 CET 2018] scale:10000 groups:10000 work_mem:128MB incremental:off max_workers:2 =====
SELECT * FROM s_4 ORDER BY a, b, c, d, e
                                                     QUERY PLAN                                                     
--------------------------------------------------------------------------------------------------------------------
 Limit  (cost=953.39..953.39 rows=1 width=20) (actual time=2.328..2.328 rows=0 loops=1)
   ->  Sort  (cost=828.39..853.39 rows=10000 width=20) (actual time=1.792..2.107 rows=10000 loops=1)
         Sort Key: s_4.a, s_4.b, s_4.c, s_4.d, s_4.e
         Sort Method: quicksort  Memory: 1166kB
         ->  Seq Scan on s_4  (cost=0.00..164.00 rows=10000 width=20) (actual time=0.004..0.573 rows=10000 loops=1)
 Planning time: 0.250 ms
 Execution time: 2.383 ms
(7 rows)

===== 441 [Wed Mar  7 01:59:23 CET 2018] scale:10000 groups:10000 work_mem:256MB incremental:on max_workers:2 =====
SELECT * FROM s_1 ORDER BY a, b
                                                              QUERY PLAN                                                              
--------------------------------------------------------------------------------------------------------------------------------------
 Limit  (cost=788.35..788.35 rows=1 width=20) (actual time=3.067..3.067 rows=0 loops=1)
   ->  Incremental Sort  (cost=0.35..688.35 rows=10000 width=20) (actual time=0.056..2.847 rows=10000 loops=1)
         Sort Key: s_1.a, s_1.b
         Presorted Key: s_1.a
         Sort Method: quicksort  Memory: 27kB
         Sort Groups: 308
         ->  Index Scan using s_1_a_idx on s_1  (cost=0.29..337.29 rows=10000 width=20) (actual time=0.009..1.199 rows=10000 loops=1)
 Planning time: 0.250 ms
 Execution time: 3.090 ms
(9 rows)

===== 442 [Wed Mar  7 01:59:23 CET 2018] scale:10000 groups:10000 work_mem:256MB incremental:on max_workers:2 =====
SELECT * FROM s_2 ORDER BY a, b, c
                                                               QUERY PLAN                                                               
----------------------------------------------------------------------------------------------------------------------------------------
 Limit  (cost=872.09..872.09 rows=1 width=20) (actual time=2.642..2.642 rows=0 loops=1)
   ->  Incremental Sort  (cost=0.36..772.09 rows=10000 width=20) (actual time=0.051..2.423 rows=10000 loops=1)
         Sort Key: s_2.a, s_2.b, s_2.c
         Presorted Key: s_2.a, s_2.b
         Sort Method: quicksort  Memory: 27kB
         Sort Groups: 313
         ->  Index Scan using s_2_a_b_idx on s_2  (cost=0.29..419.97 rows=10000 width=20) (actual time=0.009..1.194 rows=10000 loops=1)
 Planning time: 0.265 ms
 Execution time: 2.661 ms
(9 rows)

===== 443 [Wed Mar  7 01:59:23 CET 2018] scale:10000 groups:10000 work_mem:256MB incremental:on max_workers:2 =====
SELECT * FROM s_3 ORDER BY a, b, c, d
                                                                QUERY PLAN                                                                
------------------------------------------------------------------------------------------------------------------------------------------
 Limit  (cost=916.09..916.09 rows=1 width=20) (actual time=2.678..2.678 rows=0 loops=1)
   ->  Incremental Sort  (cost=0.37..816.09 rows=10000 width=20) (actual time=0.054..2.459 rows=10000 loops=1)
         Sort Key: s_3.a, s_3.b, s_3.c, s_3.d
         Presorted Key: s_3.a, s_3.b, s_3.c
         Sort Method: quicksort  Memory: 27kB
         Sort Groups: 313
         ->  Index Scan using s_3_a_b_c_idx on s_3  (cost=0.29..463.97 rows=10000 width=20) (actual time=0.009..1.203 rows=10000 loops=1)
 Planning time: 0.264 ms
 Execution time: 2.697 ms
(9 rows)

===== 444 [Wed Mar  7 01:59:23 CET 2018] scale:10000 groups:10000 work_mem:256MB incremental:on max_workers:2 =====
SELECT * FROM s_4 ORDER BY a, b, c, d, e
                                                                 QUERY PLAN                                                                 
--------------------------------------------------------------------------------------------------------------------------------------------
 Limit  (cost=916.09..916.09 rows=1 width=20) (actual time=2.660..2.660 rows=0 loops=1)
   ->  Incremental Sort  (cost=0.37..816.09 rows=10000 width=20) (actual time=0.050..2.439 rows=10000 loops=1)
         Sort Key: s_4.a, s_4.b, s_4.c, s_4.d, s_4.e
         Presorted Key: s_4.a, s_4.b, s_4.c, s_4.d
         Sort Method: quicksort  Memory: 27kB
         Sort Groups: 313
         ->  Index Scan using s_4_a_b_c_d_idx on s_4  (cost=0.29..463.97 rows=10000 width=20) (actual time=0.005..1.206 rows=10000 loops=1)
 Planning time: 0.263 ms
 Execution time: 2.679 ms
(9 rows)

===== 445 [Wed Mar  7 01:59:24 CET 2018] scale:10000 groups:10000 work_mem:256MB incremental:off max_workers:2 =====
SELECT * FROM s_1 ORDER BY a, b
                                                     QUERY PLAN                                                     
--------------------------------------------------------------------------------------------------------------------
 Limit  (cost=953.39..953.39 rows=1 width=20) (actual time=3.250..3.250 rows=0 loops=1)
   ->  Sort  (cost=828.39..853.39 rows=10000 width=20) (actual time=2.713..3.034 rows=10000 loops=1)
         Sort Key: s_1.a, s_1.b
         Sort Method: quicksort  Memory: 1166kB
         ->  Seq Scan on s_1  (cost=0.00..164.00 rows=10000 width=20) (actual time=0.004..0.583 rows=10000 loops=1)
 Planning time: 0.246 ms
 Execution time: 3.306 ms
(7 rows)

===== 446 [Wed Mar  7 01:59:24 CET 2018] scale:10000 groups:10000 work_mem:256MB incremental:off max_workers:2 =====
SELECT * FROM s_2 ORDER BY a, b, c
                                                     QUERY PLAN                                                     
--------------------------------------------------------------------------------------------------------------------
 Limit  (cost=953.39..953.39 rows=1 width=20) (actual time=2.341..2.341 rows=0 loops=1)
   ->  Sort  (cost=828.39..853.39 rows=10000 width=20) (actual time=1.805..2.121 rows=10000 loops=1)
         Sort Key: s_2.a, s_2.b, s_2.c
         Sort Method: quicksort  Memory: 1166kB
         ->  Seq Scan on s_2  (cost=0.00..164.00 rows=10000 width=20) (actual time=0.007..0.574 rows=10000 loops=1)
 Planning time: 0.255 ms
 Execution time: 2.395 ms
(7 rows)

===== 447 [Wed Mar  7 01:59:24 CET 2018] scale:10000 groups:10000 work_mem:256MB incremental:off max_workers:2 =====
SELECT * FROM s_3 ORDER BY a, b, c, d
                                                     QUERY PLAN                                                     
--------------------------------------------------------------------------------------------------------------------
 Limit  (cost=953.39..953.39 rows=1 width=20) (actual time=2.342..2.342 rows=0 loops=1)
   ->  Sort  (cost=828.39..853.39 rows=10000 width=20) (actual time=1.807..2.122 rows=10000 loops=1)
         Sort Key: s_3.a, s_3.b, s_3.c, s_3.d
         Sort Method: quicksort  Memory: 1166kB
         ->  Seq Scan on s_3  (cost=0.00..164.00 rows=10000 width=20) (actual time=0.007..0.570 rows=10000 loops=1)
 Planning time: 0.251 ms
 Execution time: 2.398 ms
(7 rows)

===== 448 [Wed Mar  7 01:59:24 CET 2018] scale:10000 groups:10000 work_mem:256MB incremental:off max_workers:2 =====
SELECT * FROM s_4 ORDER BY a, b, c, d, e
                                                     QUERY PLAN                                                     
--------------------------------------------------------------------------------------------------------------------
 Limit  (cost=953.39..953.39 rows=1 width=20) (actual time=2.329..2.329 rows=0 loops=1)
   ->  Sort  (cost=828.39..853.39 rows=10000 width=20) (actual time=1.787..2.110 rows=10000 loops=1)
         Sort Key: s_4.a, s_4.b, s_4.c, s_4.d, s_4.e
         Sort Method: quicksort  Memory: 1166kB
         ->  Seq Scan on s_4  (cost=0.00..164.00 rows=10000 width=20) (actual time=0.004..0.571 rows=10000 loops=1)
 Planning time: 0.250 ms
 Execution time: 2.385 ms
(7 rows)

