===== 1 [Wed Mar  7 02:00:00 CET 2018] scale:10000 groups:10 work_mem:4MB incremental:on max_workers:0 =====
SELECT * FROM s_1 ORDER BY a, b
                                                     QUERY PLAN                                                     
--------------------------------------------------------------------------------------------------------------------
 Limit  (cost=953.39..953.39 rows=1 width=20) (actual time=3.082..3.082 rows=0 loops=1)
   ->  Sort  (cost=828.39..853.39 rows=10000 width=20) (actual time=2.530..2.866 rows=10000 loops=1)
         Sort Key: s_1.a, s_1.b
         Sort Method: quicksort  Memory: 1166kB
         ->  Seq Scan on s_1  (cost=0.00..164.00 rows=10000 width=20) (actual time=0.004..0.565 rows=10000 loops=1)
 Planning time: 0.267 ms
 Execution time: 3.139 ms
(7 rows)

===== 2 [Wed Mar  7 02:00:00 CET 2018] scale:10000 groups:10 work_mem:4MB incremental:on max_workers:0 =====
SELECT * FROM s_2 ORDER BY a, b, c
                                                                    QUERY PLAN                                                                     
---------------------------------------------------------------------------------------------------------------------------------------------------
 Limit  (cost=954.15..954.15 rows=1 width=20) (actual time=4.265..4.265 rows=0 loops=1)
   ->  Incremental Sort  (cost=5.88..854.15 rows=10000 width=20) (actual time=0.101..4.047 rows=10000 loops=1)
         Sort Key: s_2.a, s_2.b, s_2.c
         Presorted Key: s_2.a, s_2.b
         Sort Method: quicksort  Memory: 34kB
         Sort Groups: 118
         ->  Index Only Scan using s_2_a_b_e_d_c_idx on s_2  (cost=0.29..358.29 rows=10000 width=20) (actual time=0.036..1.506 rows=10000 loops=1)
               Heap Fetches: 0
 Planning time: 0.264 ms
 Execution time: 4.287 ms
(10 rows)

===== 3 [Wed Mar  7 02:00:00 CET 2018] scale:10000 groups:10 work_mem:4MB incremental:on max_workers:0 =====
SELECT * FROM s_3 ORDER BY a, b, c, d
                                                                    QUERY PLAN                                                                     
---------------------------------------------------------------------------------------------------------------------------------------------------
 Limit  (cost=819.38..819.38 rows=1 width=20) (actual time=4.746..4.746 rows=0 loops=1)
   ->  Incremental Sort  (cost=0.81..719.38 rows=10000 width=20) (actual time=0.086..4.527 rows=10000 loops=1)
         Sort Key: s_3.a, s_3.b, s_3.c, s_3.d
         Presorted Key: s_3.a, s_3.b, s_3.c
         Sort Method: quicksort  Memory: 28kB
         Sort Groups: 276
         ->  Index Only Scan using s_3_a_b_c_e_d_idx on s_3  (cost=0.29..358.29 rows=10000 width=20) (actual time=0.033..1.499 rows=10000 loops=1)
               Heap Fetches: 0
 Planning time: 0.260 ms
 Execution time: 4.767 ms
(10 rows)

===== 4 [Wed Mar  7 02:00:00 CET 2018] scale:10000 groups:10 work_mem:4MB incremental:off max_workers:0 =====
SELECT * FROM s_1 ORDER BY a, b
                                                     QUERY PLAN                                                     
--------------------------------------------------------------------------------------------------------------------
 Limit  (cost=953.39..953.39 rows=1 width=20) (actual time=3.071..3.071 rows=0 loops=1)
   ->  Sort  (cost=828.39..853.39 rows=10000 width=20) (actual time=2.525..2.853 rows=10000 loops=1)
         Sort Key: s_1.a, s_1.b
         Sort Method: quicksort  Memory: 1166kB
         ->  Seq Scan on s_1  (cost=0.00..164.00 rows=10000 width=20) (actual time=0.004..0.568 rows=10000 loops=1)
 Planning time: 0.260 ms
 Execution time: 3.126 ms
(7 rows)

===== 5 [Wed Mar  7 02:00:01 CET 2018] scale:10000 groups:10 work_mem:4MB incremental:off max_workers:0 =====
SELECT * FROM s_2 ORDER BY a, b, c
                                                     QUERY PLAN                                                     
--------------------------------------------------------------------------------------------------------------------
 Limit  (cost=953.39..953.39 rows=1 width=20) (actual time=3.990..3.990 rows=0 loops=1)
   ->  Sort  (cost=828.39..853.39 rows=10000 width=20) (actual time=3.436..3.773 rows=10000 loops=1)
         Sort Key: s_2.a, s_2.b, s_2.c
         Sort Method: quicksort  Memory: 1166kB
         ->  Seq Scan on s_2  (cost=0.00..164.00 rows=10000 width=20) (actual time=0.010..0.576 rows=10000 loops=1)
 Planning time: 0.259 ms
 Execution time: 4.050 ms
(7 rows)

===== 6 [Wed Mar  7 02:00:01 CET 2018] scale:10000 groups:10 work_mem:4MB incremental:off max_workers:0 =====
SELECT * FROM s_3 ORDER BY a, b, c, d
                                                     QUERY PLAN                                                     
--------------------------------------------------------------------------------------------------------------------
 Limit  (cost=953.39..953.39 rows=1 width=20) (actual time=4.806..4.806 rows=0 loops=1)
   ->  Sort  (cost=828.39..853.39 rows=10000 width=20) (actual time=4.261..4.587 rows=10000 loops=1)
         Sort Key: s_3.a, s_3.b, s_3.c, s_3.d
         Sort Method: quicksort  Memory: 1166kB
         ->  Seq Scan on s_3  (cost=0.00..164.00 rows=10000 width=20) (actual time=0.007..0.579 rows=10000 loops=1)
 Planning time: 0.259 ms
 Execution time: 4.864 ms
(7 rows)

===== 7 [Wed Mar  7 02:00:01 CET 2018] scale:10000 groups:10 work_mem:8MB incremental:on max_workers:0 =====
SELECT * FROM s_1 ORDER BY a, b
                                                     QUERY PLAN                                                     
--------------------------------------------------------------------------------------------------------------------
 Limit  (cost=953.39..953.39 rows=1 width=20) (actual time=3.087..3.087 rows=0 loops=1)
   ->  Sort  (cost=828.39..853.39 rows=10000 width=20) (actual time=2.521..2.864 rows=10000 loops=1)
         Sort Key: s_1.a, s_1.b
         Sort Method: quicksort  Memory: 1166kB
         ->  Seq Scan on s_1  (cost=0.00..164.00 rows=10000 width=20) (actual time=0.004..0.566 rows=10000 loops=1)
 Planning time: 0.275 ms
 Execution time: 3.141 ms
(7 rows)

===== 8 [Wed Mar  7 02:00:01 CET 2018] scale:10000 groups:10 work_mem:8MB incremental:on max_workers:0 =====
SELECT * FROM s_2 ORDER BY a, b, c
                                                                    QUERY PLAN                                                                     
---------------------------------------------------------------------------------------------------------------------------------------------------
 Limit  (cost=954.15..954.15 rows=1 width=20) (actual time=4.009..4.009 rows=0 loops=1)
   ->  Incremental Sort  (cost=5.88..854.15 rows=10000 width=20) (actual time=0.088..3.791 rows=10000 loops=1)
         Sort Key: s_2.a, s_2.b, s_2.c
         Presorted Key: s_2.a, s_2.b
         Sort Method: quicksort  Memory: 34kB
         Sort Groups: 118
         ->  Index Only Scan using s_2_a_b_e_d_c_idx on s_2  (cost=0.29..358.29 rows=10000 width=20) (actual time=0.023..1.283 rows=10000 loops=1)
               Heap Fetches: 0
 Planning time: 0.262 ms
 Execution time: 4.030 ms
(10 rows)

===== 9 [Wed Mar  7 02:00:01 CET 2018] scale:10000 groups:10 work_mem:8MB incremental:on max_workers:0 =====
SELECT * FROM s_3 ORDER BY a, b, c, d
                                                                    QUERY PLAN                                                                     
---------------------------------------------------------------------------------------------------------------------------------------------------
 Limit  (cost=819.38..819.38 rows=1 width=20) (actual time=4.495..4.495 rows=0 loops=1)
   ->  Incremental Sort  (cost=0.81..719.38 rows=10000 width=20) (actual time=0.072..4.277 rows=10000 loops=1)
         Sort Key: s_3.a, s_3.b, s_3.c, s_3.d
         Presorted Key: s_3.a, s_3.b, s_3.c
         Sort Method: quicksort  Memory: 28kB
         Sort Groups: 276
         ->  Index Only Scan using s_3_a_b_c_e_d_idx on s_3  (cost=0.29..358.29 rows=10000 width=20) (actual time=0.020..1.277 rows=10000 loops=1)
               Heap Fetches: 0
 Planning time: 0.267 ms
 Execution time: 4.519 ms
(10 rows)

===== 10 [Wed Mar  7 02:00:01 CET 2018] scale:10000 groups:10 work_mem:8MB incremental:off max_workers:0 =====
SELECT * FROM s_1 ORDER BY a, b
                                                     QUERY PLAN                                                     
--------------------------------------------------------------------------------------------------------------------
 Limit  (cost=953.39..953.39 rows=1 width=20) (actual time=3.086..3.086 rows=0 loops=1)
   ->  Sort  (cost=828.39..853.39 rows=10000 width=20) (actual time=2.520..2.870 rows=10000 loops=1)
         Sort Key: s_1.a, s_1.b
         Sort Method: quicksort  Memory: 1166kB
         ->  Seq Scan on s_1  (cost=0.00..164.00 rows=10000 width=20) (actual time=0.004..0.568 rows=10000 loops=1)
 Planning time: 0.265 ms
 Execution time: 3.143 ms
(7 rows)

===== 11 [Wed Mar  7 02:00:01 CET 2018] scale:10000 groups:10 work_mem:8MB incremental:off max_workers:0 =====
SELECT * FROM s_2 ORDER BY a, b, c
                                                     QUERY PLAN                                                     
--------------------------------------------------------------------------------------------------------------------
 Limit  (cost=953.39..953.39 rows=1 width=20) (actual time=3.989..3.989 rows=0 loops=1)
   ->  Sort  (cost=828.39..853.39 rows=10000 width=20) (actual time=3.436..3.772 rows=10000 loops=1)
         Sort Key: s_2.a, s_2.b, s_2.c
         Sort Method: quicksort  Memory: 1166kB
         ->  Seq Scan on s_2  (cost=0.00..164.00 rows=10000 width=20) (actual time=0.010..0.573 rows=10000 loops=1)
 Planning time: 0.263 ms
 Execution time: 4.046 ms
(7 rows)

===== 12 [Wed Mar  7 02:00:01 CET 2018] scale:10000 groups:10 work_mem:8MB incremental:off max_workers:0 =====
SELECT * FROM s_3 ORDER BY a, b, c, d
                                                     QUERY PLAN                                                     
--------------------------------------------------------------------------------------------------------------------
 Limit  (cost=953.39..953.39 rows=1 width=20) (actual time=4.804..4.804 rows=0 loops=1)
   ->  Sort  (cost=828.39..853.39 rows=10000 width=20) (actual time=4.256..4.584 rows=10000 loops=1)
         Sort Key: s_3.a, s_3.b, s_3.c, s_3.d
         Sort Method: quicksort  Memory: 1166kB
         ->  Seq Scan on s_3  (cost=0.00..164.00 rows=10000 width=20) (actual time=0.007..0.571 rows=10000 loops=1)
 Planning time: 0.253 ms
 Execution time: 4.861 ms
(7 rows)

===== 13 [Wed Mar  7 02:00:01 CET 2018] scale:10000 groups:10 work_mem:16MB incremental:on max_workers:0 =====
SELECT * FROM s_1 ORDER BY a, b
                                                     QUERY PLAN                                                     
--------------------------------------------------------------------------------------------------------------------
 Limit  (cost=953.39..953.39 rows=1 width=20) (actual time=3.088..3.088 rows=0 loops=1)
   ->  Sort  (cost=828.39..853.39 rows=10000 width=20) (actual time=2.529..2.868 rows=10000 loops=1)
         Sort Key: s_1.a, s_1.b
         Sort Method: quicksort  Memory: 1166kB
         ->  Seq Scan on s_1  (cost=0.00..164.00 rows=10000 width=20) (actual time=0.004..0.566 rows=10000 loops=1)
 Planning time: 0.259 ms
 Execution time: 3.145 ms
(7 rows)

===== 14 [Wed Mar  7 02:00:01 CET 2018] scale:10000 groups:10 work_mem:16MB incremental:on max_workers:0 =====
SELECT * FROM s_2 ORDER BY a, b, c
                                                                    QUERY PLAN                                                                     
---------------------------------------------------------------------------------------------------------------------------------------------------
 Limit  (cost=954.15..954.15 rows=1 width=20) (actual time=4.014..4.014 rows=0 loops=1)
   ->  Incremental Sort  (cost=5.88..854.15 rows=10000 width=20) (actual time=0.087..3.797 rows=10000 loops=1)
         Sort Key: s_2.a, s_2.b, s_2.c
         Presorted Key: s_2.a, s_2.b
         Sort Method: quicksort  Memory: 34kB
         Sort Groups: 118
         ->  Index Only Scan using s_2_a_b_e_d_c_idx on s_2  (cost=0.29..358.29 rows=10000 width=20) (actual time=0.023..1.273 rows=10000 loops=1)
               Heap Fetches: 0
 Planning time: 0.265 ms
 Execution time: 4.036 ms
(10 rows)

===== 15 [Wed Mar  7 02:00:02 CET 2018] scale:10000 groups:10 work_mem:16MB incremental:on max_workers:0 =====
SELECT * FROM s_3 ORDER BY a, b, c, d
                                                                    QUERY PLAN                                                                     
---------------------------------------------------------------------------------------------------------------------------------------------------
 Limit  (cost=819.38..819.38 rows=1 width=20) (actual time=4.496..4.496 rows=0 loops=1)
   ->  Incremental Sort  (cost=0.81..719.38 rows=10000 width=20) (actual time=0.074..4.277 rows=10000 loops=1)
         Sort Key: s_3.a, s_3.b, s_3.c, s_3.d
         Presorted Key: s_3.a, s_3.b, s_3.c
         Sort Method: quicksort  Memory: 28kB
         Sort Groups: 276
         ->  Index Only Scan using s_3_a_b_c_e_d_idx on s_3  (cost=0.29..358.29 rows=10000 width=20) (actual time=0.020..1.280 rows=10000 loops=1)
               Heap Fetches: 0
 Planning time: 0.259 ms
 Execution time: 4.518 ms
(10 rows)

===== 16 [Wed Mar  7 02:00:02 CET 2018] scale:10000 groups:10 work_mem:16MB incremental:off max_workers:0 =====
SELECT * FROM s_1 ORDER BY a, b
                                                     QUERY PLAN                                                     
--------------------------------------------------------------------------------------------------------------------
 Limit  (cost=953.39..953.39 rows=1 width=20) (actual time=3.077..3.077 rows=0 loops=1)
   ->  Sort  (cost=828.39..853.39 rows=10000 width=20) (actual time=2.526..2.859 rows=10000 loops=1)
         Sort Key: s_1.a, s_1.b
         Sort Method: quicksort  Memory: 1166kB
         ->  Seq Scan on s_1  (cost=0.00..164.00 rows=10000 width=20) (actual time=0.004..0.574 rows=10000 loops=1)
 Planning time: 0.258 ms
 Execution time: 3.134 ms
(7 rows)

===== 17 [Wed Mar  7 02:00:02 CET 2018] scale:10000 groups:10 work_mem:16MB incremental:off max_workers:0 =====
SELECT * FROM s_2 ORDER BY a, b, c
                                                     QUERY PLAN                                                     
--------------------------------------------------------------------------------------------------------------------
 Limit  (cost=953.39..953.39 rows=1 width=20) (actual time=3.983..3.983 rows=0 loops=1)
   ->  Sort  (cost=828.39..853.39 rows=10000 width=20) (actual time=3.425..3.766 rows=10000 loops=1)
         Sort Key: s_2.a, s_2.b, s_2.c
         Sort Method: quicksort  Memory: 1166kB
         ->  Seq Scan on s_2  (cost=0.00..164.00 rows=10000 width=20) (actual time=0.010..0.571 rows=10000 loops=1)
 Planning time: 0.265 ms
 Execution time: 4.040 ms
(7 rows)

===== 18 [Wed Mar  7 02:00:02 CET 2018] scale:10000 groups:10 work_mem:16MB incremental:off max_workers:0 =====
SELECT * FROM s_3 ORDER BY a, b, c, d
                                                     QUERY PLAN                                                     
--------------------------------------------------------------------------------------------------------------------
 Limit  (cost=953.39..953.39 rows=1 width=20) (actual time=4.792..4.792 rows=0 loops=1)
   ->  Sort  (cost=828.39..853.39 rows=10000 width=20) (actual time=4.248..4.574 rows=10000 loops=1)
         Sort Key: s_3.a, s_3.b, s_3.c, s_3.d
         Sort Method: quicksort  Memory: 1166kB
         ->  Seq Scan on s_3  (cost=0.00..164.00 rows=10000 width=20) (actual time=0.007..0.576 rows=10000 loops=1)
 Planning time: 0.255 ms
 Execution time: 4.848 ms
(7 rows)

===== 19 [Wed Mar  7 02:00:02 CET 2018] scale:10000 groups:10 work_mem:32MB incremental:on max_workers:0 =====
SELECT * FROM s_1 ORDER BY a, b
                                                     QUERY PLAN                                                     
--------------------------------------------------------------------------------------------------------------------
 Limit  (cost=953.39..953.39 rows=1 width=20) (actual time=3.074..3.074 rows=0 loops=1)
   ->  Sort  (cost=828.39..853.39 rows=10000 width=20) (actual time=2.517..2.858 rows=10000 loops=1)
         Sort Key: s_1.a, s_1.b
         Sort Method: quicksort  Memory: 1166kB
         ->  Seq Scan on s_1  (cost=0.00..164.00 rows=10000 width=20) (actual time=0.004..0.564 rows=10000 loops=1)
 Planning time: 0.264 ms
 Execution time: 3.131 ms
(7 rows)

===== 20 [Wed Mar  7 02:00:02 CET 2018] scale:10000 groups:10 work_mem:32MB incremental:on max_workers:0 =====
SELECT * FROM s_2 ORDER BY a, b, c
                                                                    QUERY PLAN                                                                     
---------------------------------------------------------------------------------------------------------------------------------------------------
 Limit  (cost=954.15..954.15 rows=1 width=20) (actual time=4.010..4.010 rows=0 loops=1)
   ->  Incremental Sort  (cost=5.88..854.15 rows=10000 width=20) (actual time=0.086..3.792 rows=10000 loops=1)
         Sort Key: s_2.a, s_2.b, s_2.c
         Presorted Key: s_2.a, s_2.b
         Sort Method: quicksort  Memory: 34kB
         Sort Groups: 118
         ->  Index Only Scan using s_2_a_b_e_d_c_idx on s_2  (cost=0.29..358.29 rows=10000 width=20) (actual time=0.023..1.279 rows=10000 loops=1)
               Heap Fetches: 0
 Planning time: 0.264 ms
 Execution time: 4.034 ms
(10 rows)

===== 21 [Wed Mar  7 02:00:02 CET 2018] scale:10000 groups:10 work_mem:32MB incremental:on max_workers:0 =====
SELECT * FROM s_3 ORDER BY a, b, c, d
                                                                    QUERY PLAN                                                                     
---------------------------------------------------------------------------------------------------------------------------------------------------
 Limit  (cost=819.38..819.38 rows=1 width=20) (actual time=4.489..4.489 rows=0 loops=1)
   ->  Incremental Sort  (cost=0.81..719.38 rows=10000 width=20) (actual time=0.074..4.271 rows=10000 loops=1)
         Sort Key: s_3.a, s_3.b, s_3.c, s_3.d
         Presorted Key: s_3.a, s_3.b, s_3.c
         Sort Method: quicksort  Memory: 28kB
         Sort Groups: 276
         ->  Index Only Scan using s_3_a_b_c_e_d_idx on s_3  (cost=0.29..358.29 rows=10000 width=20) (actual time=0.020..1.272 rows=10000 loops=1)
               Heap Fetches: 0
 Planning time: 0.269 ms
 Execution time: 4.511 ms
(10 rows)

===== 22 [Wed Mar  7 02:00:02 CET 2018] scale:10000 groups:10 work_mem:32MB incremental:off max_workers:0 =====
SELECT * FROM s_1 ORDER BY a, b
                                                     QUERY PLAN                                                     
--------------------------------------------------------------------------------------------------------------------
 Limit  (cost=953.39..953.39 rows=1 width=20) (actual time=3.069..3.069 rows=0 loops=1)
   ->  Sort  (cost=828.39..853.39 rows=10000 width=20) (actual time=2.526..2.851 rows=10000 loops=1)
         Sort Key: s_1.a, s_1.b
         Sort Method: quicksort  Memory: 1166kB
         ->  Seq Scan on s_1  (cost=0.00..164.00 rows=10000 width=20) (actual time=0.004..0.574 rows=10000 loops=1)
 Planning time: 0.265 ms
 Execution time: 3.129 ms
(7 rows)

===== 23 [Wed Mar  7 02:00:02 CET 2018] scale:10000 groups:10 work_mem:32MB incremental:off max_workers:0 =====
SELECT * FROM s_2 ORDER BY a, b, c
                                                     QUERY PLAN                                                     
--------------------------------------------------------------------------------------------------------------------
 Limit  (cost=953.39..953.39 rows=1 width=20) (actual time=3.978..3.978 rows=0 loops=1)
   ->  Sort  (cost=828.39..853.39 rows=10000 width=20) (actual time=3.424..3.761 rows=10000 loops=1)
         Sort Key: s_2.a, s_2.b, s_2.c
         Sort Method: quicksort  Memory: 1166kB
         ->  Seq Scan on s_2  (cost=0.00..164.00 rows=10000 width=20) (actual time=0.010..0.576 rows=10000 loops=1)
 Planning time: 0.255 ms
 Execution time: 4.033 ms
(7 rows)

===== 24 [Wed Mar  7 02:00:02 CET 2018] scale:10000 groups:10 work_mem:32MB incremental:off max_workers:0 =====
SELECT * FROM s_3 ORDER BY a, b, c, d
                                                     QUERY PLAN                                                     
--------------------------------------------------------------------------------------------------------------------
 Limit  (cost=953.39..953.39 rows=1 width=20) (actual time=4.792..4.792 rows=0 loops=1)
   ->  Sort  (cost=828.39..853.39 rows=10000 width=20) (actual time=4.254..4.575 rows=10000 loops=1)
         Sort Key: s_3.a, s_3.b, s_3.c, s_3.d
         Sort Method: quicksort  Memory: 1166kB
         ->  Seq Scan on s_3  (cost=0.00..164.00 rows=10000 width=20) (actual time=0.007..0.572 rows=10000 loops=1)
 Planning time: 0.256 ms
 Execution time: 4.849 ms
(7 rows)

===== 25 [Wed Mar  7 02:00:02 CET 2018] scale:10000 groups:10 work_mem:64MB incremental:on max_workers:0 =====
SELECT * FROM s_1 ORDER BY a, b
                                                     QUERY PLAN                                                     
--------------------------------------------------------------------------------------------------------------------
 Limit  (cost=953.39..953.39 rows=1 width=20) (actual time=3.103..3.103 rows=0 loops=1)
   ->  Sort  (cost=828.39..853.39 rows=10000 width=20) (actual time=2.531..2.885 rows=10000 loops=1)
         Sort Key: s_1.a, s_1.b
         Sort Method: quicksort  Memory: 1166kB
         ->  Seq Scan on s_1  (cost=0.00..164.00 rows=10000 width=20) (actual time=0.004..0.570 rows=10000 loops=1)
 Planning time: 0.261 ms
 Execution time: 3.161 ms
(7 rows)

===== 26 [Wed Mar  7 02:00:03 CET 2018] scale:10000 groups:10 work_mem:64MB incremental:on max_workers:0 =====
SELECT * FROM s_2 ORDER BY a, b, c
                                                                    QUERY PLAN                                                                     
---------------------------------------------------------------------------------------------------------------------------------------------------
 Limit  (cost=954.15..954.15 rows=1 width=20) (actual time=4.017..4.017 rows=0 loops=1)
   ->  Incremental Sort  (cost=5.88..854.15 rows=10000 width=20) (actual time=0.094..3.800 rows=10000 loops=1)
         Sort Key: s_2.a, s_2.b, s_2.c
         Presorted Key: s_2.a, s_2.b
         Sort Method: quicksort  Memory: 34kB
         Sort Groups: 118
         ->  Index Only Scan using s_2_a_b_e_d_c_idx on s_2  (cost=0.29..358.29 rows=10000 width=20) (actual time=0.023..1.279 rows=10000 loops=1)
               Heap Fetches: 0
 Planning time: 0.264 ms
 Execution time: 4.039 ms
(10 rows)

===== 27 [Wed Mar  7 02:00:03 CET 2018] scale:10000 groups:10 work_mem:64MB incremental:on max_workers:0 =====
SELECT * FROM s_3 ORDER BY a, b, c, d
                                                                    QUERY PLAN                                                                     
---------------------------------------------------------------------------------------------------------------------------------------------------
 Limit  (cost=819.38..819.38 rows=1 width=20) (actual time=4.499..4.499 rows=0 loops=1)
   ->  Incremental Sort  (cost=0.81..719.38 rows=10000 width=20) (actual time=0.073..4.280 rows=10000 loops=1)
         Sort Key: s_3.a, s_3.b, s_3.c, s_3.d
         Presorted Key: s_3.a, s_3.b, s_3.c
         Sort Method: quicksort  Memory: 28kB
         Sort Groups: 276
         ->  Index Only Scan using s_3_a_b_c_e_d_idx on s_3  (cost=0.29..358.29 rows=10000 width=20) (actual time=0.020..1.286 rows=10000 loops=1)
               Heap Fetches: 0
 Planning time: 0.260 ms
 Execution time: 4.520 ms
(10 rows)

===== 28 [Wed Mar  7 02:00:03 CET 2018] scale:10000 groups:10 work_mem:64MB incremental:off max_workers:0 =====
SELECT * FROM s_1 ORDER BY a, b
                                                     QUERY PLAN                                                     
--------------------------------------------------------------------------------------------------------------------
 Limit  (cost=953.39..953.39 rows=1 width=20) (actual time=3.069..3.069 rows=0 loops=1)
   ->  Sort  (cost=828.39..853.39 rows=10000 width=20) (actual time=2.524..2.851 rows=10000 loops=1)
         Sort Key: s_1.a, s_1.b
         Sort Method: quicksort  Memory: 1166kB
         ->  Seq Scan on s_1  (cost=0.00..164.00 rows=10000 width=20) (actual time=0.004..0.567 rows=10000 loops=1)
 Planning time: 0.260 ms
 Execution time: 3.130 ms
(7 rows)

===== 29 [Wed Mar  7 02:00:03 CET 2018] scale:10000 groups:10 work_mem:64MB incremental:off max_workers:0 =====
SELECT * FROM s_2 ORDER BY a, b, c
                                                     QUERY PLAN                                                     
--------------------------------------------------------------------------------------------------------------------
 Limit  (cost=953.39..953.39 rows=1 width=20) (actual time=3.983..3.983 rows=0 loops=1)
   ->  Sort  (cost=828.39..853.39 rows=10000 width=20) (actual time=3.431..3.766 rows=10000 loops=1)
         Sort Key: s_2.a, s_2.b, s_2.c
         Sort Method: quicksort  Memory: 1166kB
         ->  Seq Scan on s_2  (cost=0.00..164.00 rows=10000 width=20) (actual time=0.009..0.577 rows=10000 loops=1)
 Planning time: 0.261 ms
 Execution time: 4.040 ms
(7 rows)

===== 30 [Wed Mar  7 02:00:03 CET 2018] scale:10000 groups:10 work_mem:64MB incremental:off max_workers:0 =====
SELECT * FROM s_3 ORDER BY a, b, c, d
                                                     QUERY PLAN                                                     
--------------------------------------------------------------------------------------------------------------------
 Limit  (cost=953.39..953.39 rows=1 width=20) (actual time=4.791..4.791 rows=0 loops=1)
   ->  Sort  (cost=828.39..853.39 rows=10000 width=20) (actual time=4.254..4.574 rows=10000 loops=1)
         Sort Key: s_3.a, s_3.b, s_3.c, s_3.d
         Sort Method: quicksort  Memory: 1166kB
         ->  Seq Scan on s_3  (cost=0.00..164.00 rows=10000 width=20) (actual time=0.007..0.575 rows=10000 loops=1)
 Planning time: 0.260 ms
 Execution time: 4.848 ms
(7 rows)

===== 31 [Wed Mar  7 02:00:03 CET 2018] scale:10000 groups:10 work_mem:128MB incremental:on max_workers:0 =====
SELECT * FROM s_1 ORDER BY a, b
                                                     QUERY PLAN                                                     
--------------------------------------------------------------------------------------------------------------------
 Limit  (cost=953.39..953.39 rows=1 width=20) (actual time=3.090..3.090 rows=0 loops=1)
   ->  Sort  (cost=828.39..853.39 rows=10000 width=20) (actual time=2.524..2.868 rows=10000 loops=1)
         Sort Key: s_1.a, s_1.b
         Sort Method: quicksort  Memory: 1166kB
         ->  Seq Scan on s_1  (cost=0.00..164.00 rows=10000 width=20) (actual time=0.004..0.569 rows=10000 loops=1)
 Planning time: 0.258 ms
 Execution time: 3.146 ms
(7 rows)

===== 32 [Wed Mar  7 02:00:03 CET 2018] scale:10000 groups:10 work_mem:128MB incremental:on max_workers:0 =====
SELECT * FROM s_2 ORDER BY a, b, c
                                                                    QUERY PLAN                                                                     
---------------------------------------------------------------------------------------------------------------------------------------------------
 Limit  (cost=954.15..954.15 rows=1 width=20) (actual time=4.010..4.010 rows=0 loops=1)
   ->  Incremental Sort  (cost=5.88..854.15 rows=10000 width=20) (actual time=0.088..3.792 rows=10000 loops=1)
         Sort Key: s_2.a, s_2.b, s_2.c
         Presorted Key: s_2.a, s_2.b
         Sort Method: quicksort  Memory: 34kB
         Sort Groups: 118
         ->  Index Only Scan using s_2_a_b_e_d_c_idx on s_2  (cost=0.29..358.29 rows=10000 width=20) (actual time=0.023..1.272 rows=10000 loops=1)
               Heap Fetches: 0
 Planning time: 0.262 ms
 Execution time: 4.031 ms
(10 rows)

===== 33 [Wed Mar  7 02:00:03 CET 2018] scale:10000 groups:10 work_mem:128MB incremental:on max_workers:0 =====
SELECT * FROM s_3 ORDER BY a, b, c, d
                                                                    QUERY PLAN                                                                     
---------------------------------------------------------------------------------------------------------------------------------------------------
 Limit  (cost=819.38..819.38 rows=1 width=20) (actual time=4.493..4.493 rows=0 loops=1)
   ->  Incremental Sort  (cost=0.81..719.38 rows=10000 width=20) (actual time=0.073..4.275 rows=10000 loops=1)
         Sort Key: s_3.a, s_3.b, s_3.c, s_3.d
         Presorted Key: s_3.a, s_3.b, s_3.c
         Sort Method: quicksort  Memory: 28kB
         Sort Groups: 276
         ->  Index Only Scan using s_3_a_b_c_e_d_idx on s_3  (cost=0.29..358.29 rows=10000 width=20) (actual time=0.020..1.281 rows=10000 loops=1)
               Heap Fetches: 0
 Planning time: 0.258 ms
 Execution time: 4.515 ms
(10 rows)

===== 34 [Wed Mar  7 02:00:03 CET 2018] scale:10000 groups:10 work_mem:128MB incremental:off max_workers:0 =====
SELECT * FROM s_1 ORDER BY a, b
                                                     QUERY PLAN                                                     
--------------------------------------------------------------------------------------------------------------------
 Limit  (cost=953.39..953.39 rows=1 width=20) (actual time=3.066..3.066 rows=0 loops=1)
   ->  Sort  (cost=828.39..853.39 rows=10000 width=20) (actual time=2.521..2.848 rows=10000 loops=1)
         Sort Key: s_1.a, s_1.b
         Sort Method: quicksort  Memory: 1166kB
         ->  Seq Scan on s_1  (cost=0.00..164.00 rows=10000 width=20) (actual time=0.004..0.571 rows=10000 loops=1)
 Planning time: 0.253 ms
 Execution time: 3.122 ms
(7 rows)

===== 35 [Wed Mar  7 02:00:03 CET 2018] scale:10000 groups:10 work_mem:128MB incremental:off max_workers:0 =====
SELECT * FROM s_2 ORDER BY a, b, c
                                                     QUERY PLAN                                                     
--------------------------------------------------------------------------------------------------------------------
 Limit  (cost=953.39..953.39 rows=1 width=20) (actual time=3.984..3.984 rows=0 loops=1)
   ->  Sort  (cost=828.39..853.39 rows=10000 width=20) (actual time=3.433..3.767 rows=10000 loops=1)
         Sort Key: s_2.a, s_2.b, s_2.c
         Sort Method: quicksort  Memory: 1166kB
         ->  Seq Scan on s_2  (cost=0.00..164.00 rows=10000 width=20) (actual time=0.010..0.580 rows=10000 loops=1)
 Planning time: 0.260 ms
 Execution time: 4.041 ms
(7 rows)

===== 36 [Wed Mar  7 02:00:03 CET 2018] scale:10000 groups:10 work_mem:128MB incremental:off max_workers:0 =====
SELECT * FROM s_3 ORDER BY a, b, c, d
                                                     QUERY PLAN                                                     
--------------------------------------------------------------------------------------------------------------------
 Limit  (cost=953.39..953.39 rows=1 width=20) (actual time=4.794..4.794 rows=0 loops=1)
   ->  Sort  (cost=828.39..853.39 rows=10000 width=20) (actual time=4.253..4.577 rows=10000 loops=1)
         Sort Key: s_3.a, s_3.b, s_3.c, s_3.d
         Sort Method: quicksort  Memory: 1166kB
         ->  Seq Scan on s_3  (cost=0.00..164.00 rows=10000 width=20) (actual time=0.007..0.576 rows=10000 loops=1)
 Planning time: 0.258 ms
 Execution time: 4.852 ms
(7 rows)

===== 37 [Wed Mar  7 02:00:04 CET 2018] scale:10000 groups:10 work_mem:256MB incremental:on max_workers:0 =====
SELECT * FROM s_1 ORDER BY a, b
                                                     QUERY PLAN                                                     
--------------------------------------------------------------------------------------------------------------------
 Limit  (cost=953.39..953.39 rows=1 width=20) (actual time=3.067..3.067 rows=0 loops=1)
   ->  Sort  (cost=828.39..853.39 rows=10000 width=20) (actual time=2.525..2.850 rows=10000 loops=1)
         Sort Key: s_1.a, s_1.b
         Sort Method: quicksort  Memory: 1166kB
         ->  Seq Scan on s_1  (cost=0.00..164.00 rows=10000 width=20) (actual time=0.004..0.571 rows=10000 loops=1)
 Planning time: 0.262 ms
 Execution time: 3.123 ms
(7 rows)

===== 38 [Wed Mar  7 02:00:04 CET 2018] scale:10000 groups:10 work_mem:256MB incremental:on max_workers:0 =====
SELECT * FROM s_2 ORDER BY a, b, c
                                                                    QUERY PLAN                                                                     
---------------------------------------------------------------------------------------------------------------------------------------------------
 Limit  (cost=954.15..954.15 rows=1 width=20) (actual time=3.995..3.995 rows=0 loops=1)
   ->  Incremental Sort  (cost=5.88..854.15 rows=10000 width=20) (actual time=0.091..3.776 rows=10000 loops=1)
         Sort Key: s_2.a, s_2.b, s_2.c
         Presorted Key: s_2.a, s_2.b
         Sort Method: quicksort  Memory: 34kB
         Sort Groups: 118
         ->  Index Only Scan using s_2_a_b_e_d_c_idx on s_2  (cost=0.29..358.29 rows=10000 width=20) (actual time=0.025..1.286 rows=10000 loops=1)
               Heap Fetches: 0
 Planning time: 0.271 ms
 Execution time: 4.017 ms
(10 rows)

===== 39 [Wed Mar  7 02:00:04 CET 2018] scale:10000 groups:10 work_mem:256MB incremental:on max_workers:0 =====
SELECT * FROM s_3 ORDER BY a, b, c, d
                                                                    QUERY PLAN                                                                     
---------------------------------------------------------------------------------------------------------------------------------------------------
 Limit  (cost=819.38..819.38 rows=1 width=20) (actual time=4.470..4.470 rows=0 loops=1)
   ->  Incremental Sort  (cost=0.81..719.38 rows=10000 width=20) (actual time=0.075..4.252 rows=10000 loops=1)
         Sort Key: s_3.a, s_3.b, s_3.c, s_3.d
         Presorted Key: s_3.a, s_3.b, s_3.c
         Sort Method: quicksort  Memory: 28kB
         Sort Groups: 276
         ->  Index Only Scan using s_3_a_b_c_e_d_idx on s_3  (cost=0.29..358.29 rows=10000 width=20) (actual time=0.021..1.271 rows=10000 loops=1)
               Heap Fetches: 0
 Planning time: 0.267 ms
 Execution time: 4.492 ms
(10 rows)

===== 40 [Wed Mar  7 02:00:04 CET 2018] scale:10000 groups:10 work_mem:256MB incremental:off max_workers:0 =====
SELECT * FROM s_1 ORDER BY a, b
                                                     QUERY PLAN                                                     
--------------------------------------------------------------------------------------------------------------------
 Limit  (cost=953.39..953.39 rows=1 width=20) (actual time=3.073..3.073 rows=0 loops=1)
   ->  Sort  (cost=828.39..853.39 rows=10000 width=20) (actual time=2.528..2.855 rows=10000 loops=1)
         Sort Key: s_1.a, s_1.b
         Sort Method: quicksort  Memory: 1166kB
         ->  Seq Scan on s_1  (cost=0.00..164.00 rows=10000 width=20) (actual time=0.004..0.571 rows=10000 loops=1)
 Planning time: 0.263 ms
 Execution time: 3.129 ms
(7 rows)

===== 41 [Wed Mar  7 02:00:04 CET 2018] scale:10000 groups:10 work_mem:256MB incremental:off max_workers:0 =====
SELECT * FROM s_2 ORDER BY a, b, c
                                                     QUERY PLAN                                                     
--------------------------------------------------------------------------------------------------------------------
 Limit  (cost=953.39..953.39 rows=1 width=20) (actual time=3.980..3.980 rows=0 loops=1)
   ->  Sort  (cost=828.39..853.39 rows=10000 width=20) (actual time=3.432..3.762 rows=10000 loops=1)
         Sort Key: s_2.a, s_2.b, s_2.c
         Sort Method: quicksort  Memory: 1166kB
         ->  Seq Scan on s_2  (cost=0.00..164.00 rows=10000 width=20) (actual time=0.010..0.578 rows=10000 loops=1)
 Planning time: 0.259 ms
 Execution time: 4.037 ms
(7 rows)

===== 42 [Wed Mar  7 02:00:04 CET 2018] scale:10000 groups:10 work_mem:256MB incremental:off max_workers:0 =====
SELECT * FROM s_3 ORDER BY a, b, c, d
                                                     QUERY PLAN                                                     
--------------------------------------------------------------------------------------------------------------------
 Limit  (cost=953.39..953.39 rows=1 width=20) (actual time=4.793..4.793 rows=0 loops=1)
   ->  Sort  (cost=828.39..853.39 rows=10000 width=20) (actual time=4.247..4.576 rows=10000 loops=1)
         Sort Key: s_3.a, s_3.b, s_3.c, s_3.d
         Sort Method: quicksort  Memory: 1166kB
         ->  Seq Scan on s_3  (cost=0.00..164.00 rows=10000 width=20) (actual time=0.007..0.579 rows=10000 loops=1)
 Planning time: 0.254 ms
 Execution time: 4.849 ms
(7 rows)

===== 43 [Wed Mar  7 02:00:04 CET 2018] scale:10000 groups:10 work_mem:4MB incremental:on max_workers:2 =====
SELECT * FROM s_1 ORDER BY a, b
                                                     QUERY PLAN                                                     
--------------------------------------------------------------------------------------------------------------------
 Limit  (cost=953.39..953.39 rows=1 width=20) (actual time=3.087..3.087 rows=0 loops=1)
   ->  Sort  (cost=828.39..853.39 rows=10000 width=20) (actual time=2.533..2.871 rows=10000 loops=1)
         Sort Key: s_1.a, s_1.b
         Sort Method: quicksort  Memory: 1166kB
         ->  Seq Scan on s_1  (cost=0.00..164.00 rows=10000 width=20) (actual time=0.004..0.578 rows=10000 loops=1)
 Planning time: 0.262 ms
 Execution time: 3.143 ms
(7 rows)

===== 44 [Wed Mar  7 02:00:04 CET 2018] scale:10000 groups:10 work_mem:4MB incremental:on max_workers:2 =====
SELECT * FROM s_2 ORDER BY a, b, c
                                                                    QUERY PLAN                                                                     
---------------------------------------------------------------------------------------------------------------------------------------------------
 Limit  (cost=954.15..954.15 rows=1 width=20) (actual time=4.012..4.012 rows=0 loops=1)
   ->  Incremental Sort  (cost=5.88..854.15 rows=10000 width=20) (actual time=0.088..3.794 rows=10000 loops=1)
         Sort Key: s_2.a, s_2.b, s_2.c
         Presorted Key: s_2.a, s_2.b
         Sort Method: quicksort  Memory: 34kB
         Sort Groups: 118
         ->  Index Only Scan using s_2_a_b_e_d_c_idx on s_2  (cost=0.29..358.29 rows=10000 width=20) (actual time=0.024..1.276 rows=10000 loops=1)
               Heap Fetches: 0
 Planning time: 0.272 ms
 Execution time: 4.033 ms
(10 rows)

===== 45 [Wed Mar  7 02:00:04 CET 2018] scale:10000 groups:10 work_mem:4MB incremental:on max_workers:2 =====
SELECT * FROM s_3 ORDER BY a, b, c, d
                                                                    QUERY PLAN                                                                     
---------------------------------------------------------------------------------------------------------------------------------------------------
 Limit  (cost=819.38..819.38 rows=1 width=20) (actual time=4.494..4.494 rows=0 loops=1)
   ->  Incremental Sort  (cost=0.81..719.38 rows=10000 width=20) (actual time=0.073..4.276 rows=10000 loops=1)
         Sort Key: s_3.a, s_3.b, s_3.c, s_3.d
         Presorted Key: s_3.a, s_3.b, s_3.c
         Sort Method: quicksort  Memory: 28kB
         Sort Groups: 276
         ->  Index Only Scan using s_3_a_b_c_e_d_idx on s_3  (cost=0.29..358.29 rows=10000 width=20) (actual time=0.020..1.276 rows=10000 loops=1)
               Heap Fetches: 0
 Planning time: 0.272 ms
 Execution time: 4.515 ms
(10 rows)

===== 46 [Wed Mar  7 02:00:04 CET 2018] scale:10000 groups:10 work_mem:4MB incremental:off max_workers:2 =====
SELECT * FROM s_1 ORDER BY a, b
                                                     QUERY PLAN                                                     
--------------------------------------------------------------------------------------------------------------------
 Limit  (cost=953.39..953.39 rows=1 width=20) (actual time=3.070..3.070 rows=0 loops=1)
   ->  Sort  (cost=828.39..853.39 rows=10000 width=20) (actual time=2.519..2.852 rows=10000 loops=1)
         Sort Key: s_1.a, s_1.b
         Sort Method: quicksort  Memory: 1166kB
         ->  Seq Scan on s_1  (cost=0.00..164.00 rows=10000 width=20) (actual time=0.004..0.569 rows=10000 loops=1)
 Planning time: 0.261 ms
 Execution time: 3.130 ms
(7 rows)

===== 47 [Wed Mar  7 02:00:05 CET 2018] scale:10000 groups:10 work_mem:4MB incremental:off max_workers:2 =====
SELECT * FROM s_2 ORDER BY a, b, c
                                                     QUERY PLAN                                                     
--------------------------------------------------------------------------------------------------------------------
 Limit  (cost=953.39..953.39 rows=1 width=20) (actual time=3.982..3.982 rows=0 loops=1)
   ->  Sort  (cost=828.39..853.39 rows=10000 width=20) (actual time=3.428..3.765 rows=10000 loops=1)
         Sort Key: s_2.a, s_2.b, s_2.c
         Sort Method: quicksort  Memory: 1166kB
         ->  Seq Scan on s_2  (cost=0.00..164.00 rows=10000 width=20) (actual time=0.010..0.577 rows=10000 loops=1)
 Planning time: 0.259 ms
 Execution time: 4.038 ms
(7 rows)

===== 48 [Wed Mar  7 02:00:05 CET 2018] scale:10000 groups:10 work_mem:4MB incremental:off max_workers:2 =====
SELECT * FROM s_3 ORDER BY a, b, c, d
                                                     QUERY PLAN                                                     
--------------------------------------------------------------------------------------------------------------------
 Limit  (cost=953.39..953.39 rows=1 width=20) (actual time=4.797..4.797 rows=0 loops=1)
   ->  Sort  (cost=828.39..853.39 rows=10000 width=20) (actual time=4.253..4.577 rows=10000 loops=1)
         Sort Key: s_3.a, s_3.b, s_3.c, s_3.d
         Sort Method: quicksort  Memory: 1166kB
         ->  Seq Scan on s_3  (cost=0.00..164.00 rows=10000 width=20) (actual time=0.007..0.574 rows=10000 loops=1)
 Planning time: 0.267 ms
 Execution time: 4.854 ms
(7 rows)

===== 49 [Wed Mar  7 02:00:05 CET 2018] scale:10000 groups:10 work_mem:8MB incremental:on max_workers:2 =====
SELECT * FROM s_1 ORDER BY a, b
                                                     QUERY PLAN                                                     
--------------------------------------------------------------------------------------------------------------------
 Limit  (cost=953.39..953.39 rows=1 width=20) (actual time=3.082..3.082 rows=0 loops=1)
   ->  Sort  (cost=828.39..853.39 rows=10000 width=20) (actual time=2.524..2.863 rows=10000 loops=1)
         Sort Key: s_1.a, s_1.b
         Sort Method: quicksort  Memory: 1166kB
         ->  Seq Scan on s_1  (cost=0.00..164.00 rows=10000 width=20) (actual time=0.004..0.565 rows=10000 loops=1)
 Planning time: 0.278 ms
 Execution time: 3.141 ms
(7 rows)

===== 50 [Wed Mar  7 02:00:05 CET 2018] scale:10000 groups:10 work_mem:8MB incremental:on max_workers:2 =====
SELECT * FROM s_2 ORDER BY a, b, c
                                                                    QUERY PLAN                                                                     
---------------------------------------------------------------------------------------------------------------------------------------------------
 Limit  (cost=954.15..954.15 rows=1 width=20) (actual time=4.007..4.007 rows=0 loops=1)
   ->  Incremental Sort  (cost=5.88..854.15 rows=10000 width=20) (actual time=0.085..3.789 rows=10000 loops=1)
         Sort Key: s_2.a, s_2.b, s_2.c
         Presorted Key: s_2.a, s_2.b
         Sort Method: quicksort  Memory: 34kB
         Sort Groups: 118
         ->  Index Only Scan using s_2_a_b_e_d_c_idx on s_2  (cost=0.29..358.29 rows=10000 width=20) (actual time=0.022..1.274 rows=10000 loops=1)
               Heap Fetches: 0
 Planning time: 0.263 ms
 Execution time: 4.029 ms
(10 rows)

===== 51 [Wed Mar  7 02:00:05 CET 2018] scale:10000 groups:10 work_mem:8MB incremental:on max_workers:2 =====
SELECT * FROM s_3 ORDER BY a, b, c, d
                                                                    QUERY PLAN                                                                     
---------------------------------------------------------------------------------------------------------------------------------------------------
 Limit  (cost=819.38..819.38 rows=1 width=20) (actual time=4.508..4.508 rows=0 loops=1)
   ->  Incremental Sort  (cost=0.81..719.38 rows=10000 width=20) (actual time=0.071..4.286 rows=10000 loops=1)
         Sort Key: s_3.a, s_3.b, s_3.c, s_3.d
         Presorted Key: s_3.a, s_3.b, s_3.c
         Sort Method: quicksort  Memory: 28kB
         Sort Groups: 276
         ->  Index Only Scan using s_3_a_b_c_e_d_idx on s_3  (cost=0.29..358.29 rows=10000 width=20) (actual time=0.020..1.285 rows=10000 loops=1)
               Heap Fetches: 0
 Planning time: 0.261 ms
 Execution time: 4.530 ms
(10 rows)

===== 52 [Wed Mar  7 02:00:05 CET 2018] scale:10000 groups:10 work_mem:8MB incremental:off max_workers:2 =====
SELECT * FROM s_1 ORDER BY a, b
                                                     QUERY PLAN                                                     
--------------------------------------------------------------------------------------------------------------------
 Limit  (cost=953.39..953.39 rows=1 width=20) (actual time=3.078..3.078 rows=0 loops=1)
   ->  Sort  (cost=828.39..853.39 rows=10000 width=20) (actual time=2.531..2.860 rows=10000 loops=1)
         Sort Key: s_1.a, s_1.b
         Sort Method: quicksort  Memory: 1166kB
         ->  Seq Scan on s_1  (cost=0.00..164.00 rows=10000 width=20) (actual time=0.004..0.569 rows=10000 loops=1)
 Planning time: 0.263 ms
 Execution time: 3.135 ms
(7 rows)

===== 53 [Wed Mar  7 02:00:05 CET 2018] scale:10000 groups:10 work_mem:8MB incremental:off max_workers:2 =====
SELECT * FROM s_2 ORDER BY a, b, c
                                                     QUERY PLAN                                                     
--------------------------------------------------------------------------------------------------------------------
 Limit  (cost=953.39..953.39 rows=1 width=20) (actual time=3.985..3.985 rows=0 loops=1)
   ->  Sort  (cost=828.39..853.39 rows=10000 width=20) (actual time=3.430..3.768 rows=10000 loops=1)
         Sort Key: s_2.a, s_2.b, s_2.c
         Sort Method: quicksort  Memory: 1166kB
         ->  Seq Scan on s_2  (cost=0.00..164.00 rows=10000 width=20) (actual time=0.010..0.572 rows=10000 loops=1)
 Planning time: 0.273 ms
 Execution time: 4.041 ms
(7 rows)

===== 54 [Wed Mar  7 02:00:05 CET 2018] scale:10000 groups:10 work_mem:8MB incremental:off max_workers:2 =====
SELECT * FROM s_3 ORDER BY a, b, c, d
                                                     QUERY PLAN                                                     
--------------------------------------------------------------------------------------------------------------------
 Limit  (cost=953.39..953.39 rows=1 width=20) (actual time=4.797..4.797 rows=0 loops=1)
   ->  Sort  (cost=828.39..853.39 rows=10000 width=20) (actual time=4.251..4.580 rows=10000 loops=1)
         Sort Key: s_3.a, s_3.b, s_3.c, s_3.d
         Sort Method: quicksort  Memory: 1166kB
         ->  Seq Scan on s_3  (cost=0.00..164.00 rows=10000 width=20) (actual time=0.007..0.580 rows=10000 loops=1)
 Planning time: 0.258 ms
 Execution time: 4.853 ms
(7 rows)

===== 55 [Wed Mar  7 02:00:05 CET 2018] scale:10000 groups:10 work_mem:16MB incremental:on max_workers:2 =====
SELECT * FROM s_1 ORDER BY a, b
                                                     QUERY PLAN                                                     
--------------------------------------------------------------------------------------------------------------------
 Limit  (cost=953.39..953.39 rows=1 width=20) (actual time=3.081..3.081 rows=0 loops=1)
   ->  Sort  (cost=828.39..853.39 rows=10000 width=20) (actual time=2.527..2.864 rows=10000 loops=1)
         Sort Key: s_1.a, s_1.b
         Sort Method: quicksort  Memory: 1166kB
         ->  Seq Scan on s_1  (cost=0.00..164.00 rows=10000 width=20) (actual time=0.004..0.571 rows=10000 loops=1)
 Planning time: 0.258 ms
 Execution time: 3.138 ms
(7 rows)

===== 56 [Wed Mar  7 02:00:05 CET 2018] scale:10000 groups:10 work_mem:16MB incremental:on max_workers:2 =====
SELECT * FROM s_2 ORDER BY a, b, c
                                                                    QUERY PLAN                                                                     
---------------------------------------------------------------------------------------------------------------------------------------------------
 Limit  (cost=954.15..954.15 rows=1 width=20) (actual time=4.014..4.014 rows=0 loops=1)
   ->  Incremental Sort  (cost=5.88..854.15 rows=10000 width=20) (actual time=0.086..3.796 rows=10000 loops=1)
         Sort Key: s_2.a, s_2.b, s_2.c
         Presorted Key: s_2.a, s_2.b
         Sort Method: quicksort  Memory: 34kB
         Sort Groups: 118
         ->  Index Only Scan using s_2_a_b_e_d_c_idx on s_2  (cost=0.29..358.29 rows=10000 width=20) (actual time=0.022..1.279 rows=10000 loops=1)
               Heap Fetches: 0
 Planning time: 0.268 ms
 Execution time: 4.036 ms
(10 rows)

===== 57 [Wed Mar  7 02:00:05 CET 2018] scale:10000 groups:10 work_mem:16MB incremental:on max_workers:2 =====
SELECT * FROM s_3 ORDER BY a, b, c, d
                                                                    QUERY PLAN                                                                     
---------------------------------------------------------------------------------------------------------------------------------------------------
 Limit  (cost=819.38..819.38 rows=1 width=20) (actual time=4.489..4.489 rows=0 loops=1)
   ->  Incremental Sort  (cost=0.81..719.38 rows=10000 width=20) (actual time=0.072..4.271 rows=10000 loops=1)
         Sort Key: s_3.a, s_3.b, s_3.c, s_3.d
         Presorted Key: s_3.a, s_3.b, s_3.c
         Sort Method: quicksort  Memory: 28kB
         Sort Groups: 276
         ->  Index Only Scan using s_3_a_b_c_e_d_idx on s_3  (cost=0.29..358.29 rows=10000 width=20) (actual time=0.020..1.270 rows=10000 loops=1)
               Heap Fetches: 0
 Planning time: 0.263 ms
 Execution time: 4.511 ms
(10 rows)

===== 58 [Wed Mar  7 02:00:06 CET 2018] scale:10000 groups:10 work_mem:16MB incremental:off max_workers:2 =====
SELECT * FROM s_1 ORDER BY a, b
                                                     QUERY PLAN                                                     
--------------------------------------------------------------------------------------------------------------------
 Limit  (cost=953.39..953.39 rows=1 width=20) (actual time=3.070..3.070 rows=0 loops=1)
   ->  Sort  (cost=828.39..853.39 rows=10000 width=20) (actual time=2.520..2.854 rows=10000 loops=1)
         Sort Key: s_1.a, s_1.b
         Sort Method: quicksort  Memory: 1166kB
         ->  Seq Scan on s_1  (cost=0.00..164.00 rows=10000 width=20) (actual time=0.004..0.568 rows=10000 loops=1)
 Planning time: 0.257 ms
 Execution time: 3.126 ms
(7 rows)

===== 59 [Wed Mar  7 02:00:06 CET 2018] scale:10000 groups:10 work_mem:16MB incremental:off max_workers:2 =====
SELECT * FROM s_2 ORDER BY a, b, c
                                                     QUERY PLAN                                                     
--------------------------------------------------------------------------------------------------------------------
 Limit  (cost=953.39..953.39 rows=1 width=20) (actual time=3.982..3.982 rows=0 loops=1)
   ->  Sort  (cost=828.39..853.39 rows=10000 width=20) (actual time=3.425..3.765 rows=10000 loops=1)
         Sort Key: s_2.a, s_2.b, s_2.c
         Sort Method: quicksort  Memory: 1166kB
         ->  Seq Scan on s_2  (cost=0.00..164.00 rows=10000 width=20) (actual time=0.010..0.575 rows=10000 loops=1)
 Planning time: 0.268 ms
 Execution time: 4.040 ms
(7 rows)

===== 60 [Wed Mar  7 02:00:06 CET 2018] scale:10000 groups:10 work_mem:16MB incremental:off max_workers:2 =====
SELECT * FROM s_3 ORDER BY a, b, c, d
                                                     QUERY PLAN                                                     
--------------------------------------------------------------------------------------------------------------------
 Limit  (cost=953.39..953.39 rows=1 width=20) (actual time=4.793..4.793 rows=0 loops=1)
   ->  Sort  (cost=828.39..853.39 rows=10000 width=20) (actual time=4.251..4.575 rows=10000 loops=1)
         Sort Key: s_3.a, s_3.b, s_3.c, s_3.d
         Sort Method: quicksort  Memory: 1166kB
         ->  Seq Scan on s_3  (cost=0.00..164.00 rows=10000 width=20) (actual time=0.007..0.572 rows=10000 loops=1)
 Planning time: 0.262 ms
 Execution time: 4.850 ms
(7 rows)

===== 61 [Wed Mar  7 02:00:06 CET 2018] scale:10000 groups:10 work_mem:32MB incremental:on max_workers:2 =====
SELECT * FROM s_1 ORDER BY a, b
                                                     QUERY PLAN                                                     
--------------------------------------------------------------------------------------------------------------------
 Limit  (cost=953.39..953.39 rows=1 width=20) (actual time=3.087..3.087 rows=0 loops=1)
   ->  Sort  (cost=828.39..853.39 rows=10000 width=20) (actual time=2.534..2.871 rows=10000 loops=1)
         Sort Key: s_1.a, s_1.b
         Sort Method: quicksort  Memory: 1166kB
         ->  Seq Scan on s_1  (cost=0.00..164.00 rows=10000 width=20) (actual time=0.004..0.567 rows=10000 loops=1)
 Planning time: 0.264 ms
 Execution time: 3.144 ms
(7 rows)

===== 62 [Wed Mar  7 02:00:06 CET 2018] scale:10000 groups:10 work_mem:32MB incremental:on max_workers:2 =====
SELECT * FROM s_2 ORDER BY a, b, c
                                                                    QUERY PLAN                                                                     
---------------------------------------------------------------------------------------------------------------------------------------------------
 Limit  (cost=954.15..954.15 rows=1 width=20) (actual time=4.011..4.011 rows=0 loops=1)
   ->  Incremental Sort  (cost=5.88..854.15 rows=10000 width=20) (actual time=0.087..3.792 rows=10000 loops=1)
         Sort Key: s_2.a, s_2.b, s_2.c
         Presorted Key: s_2.a, s_2.b
         Sort Method: quicksort  Memory: 34kB
         Sort Groups: 118
         ->  Index Only Scan using s_2_a_b_e_d_c_idx on s_2  (cost=0.29..358.29 rows=10000 width=20) (actual time=0.023..1.277 rows=10000 loops=1)
               Heap Fetches: 0
 Planning time: 0.272 ms
 Execution time: 4.032 ms
(10 rows)

===== 63 [Wed Mar  7 02:00:06 CET 2018] scale:10000 groups:10 work_mem:32MB incremental:on max_workers:2 =====
SELECT * FROM s_3 ORDER BY a, b, c, d
                                                                    QUERY PLAN                                                                     
---------------------------------------------------------------------------------------------------------------------------------------------------
 Limit  (cost=819.38..819.38 rows=1 width=20) (actual time=4.499..4.499 rows=0 loops=1)
   ->  Incremental Sort  (cost=0.81..719.38 rows=10000 width=20) (actual time=0.073..4.280 rows=10000 loops=1)
         Sort Key: s_3.a, s_3.b, s_3.c, s_3.d
         Presorted Key: s_3.a, s_3.b, s_3.c
         Sort Method: quicksort  Memory: 28kB
         Sort Groups: 276
         ->  Index Only Scan using s_3_a_b_c_e_d_idx on s_3  (cost=0.29..358.29 rows=10000 width=20) (actual time=0.020..1.274 rows=10000 loops=1)
               Heap Fetches: 0
 Planning time: 0.266 ms
 Execution time: 4.521 ms
(10 rows)

===== 64 [Wed Mar  7 02:00:06 CET 2018] scale:10000 groups:10 work_mem:32MB incremental:off max_workers:2 =====
SELECT * FROM s_1 ORDER BY a, b
                                                     QUERY PLAN                                                     
--------------------------------------------------------------------------------------------------------------------
 Limit  (cost=953.39..953.39 rows=1 width=20) (actual time=3.066..3.066 rows=0 loops=1)
   ->  Sort  (cost=828.39..853.39 rows=10000 width=20) (actual time=2.516..2.849 rows=10000 loops=1)
         Sort Key: s_1.a, s_1.b
         Sort Method: quicksort  Memory: 1166kB
         ->  Seq Scan on s_1  (cost=0.00..164.00 rows=10000 width=20) (actual time=0.004..0.570 rows=10000 loops=1)
 Planning time: 0.276 ms
 Execution time: 3.122 ms
(7 rows)

===== 65 [Wed Mar  7 02:00:06 CET 2018] scale:10000 groups:10 work_mem:32MB incremental:off max_workers:2 =====
SELECT * FROM s_2 ORDER BY a, b, c
                                                     QUERY PLAN                                                     
--------------------------------------------------------------------------------------------------------------------
 Limit  (cost=953.39..953.39 rows=1 width=20) (actual time=3.987..3.987 rows=0 loops=1)
   ->  Sort  (cost=828.39..853.39 rows=10000 width=20) (actual time=3.431..3.770 rows=10000 loops=1)
         Sort Key: s_2.a, s_2.b, s_2.c
         Sort Method: quicksort  Memory: 1166kB
         ->  Seq Scan on s_2  (cost=0.00..164.00 rows=10000 width=20) (actual time=0.010..0.577 rows=10000 loops=1)
 Planning time: 0.258 ms
 Execution time: 4.043 ms
(7 rows)

===== 66 [Wed Mar  7 02:00:06 CET 2018] scale:10000 groups:10 work_mem:32MB incremental:off max_workers:2 =====
SELECT * FROM s_3 ORDER BY a, b, c, d
                                                     QUERY PLAN                                                     
--------------------------------------------------------------------------------------------------------------------
 Limit  (cost=953.39..953.39 rows=1 width=20) (actual time=4.793..4.793 rows=0 loops=1)
   ->  Sort  (cost=828.39..853.39 rows=10000 width=20) (actual time=4.246..4.573 rows=10000 loops=1)
         Sort Key: s_3.a, s_3.b, s_3.c, s_3.d
         Sort Method: quicksort  Memory: 1166kB
         ->  Seq Scan on s_3  (cost=0.00..164.00 rows=10000 width=20) (actual time=0.007..0.574 rows=10000 loops=1)
 Planning time: 0.258 ms
 Execution time: 4.849 ms
(7 rows)

===== 67 [Wed Mar  7 02:00:06 CET 2018] scale:10000 groups:10 work_mem:64MB incremental:on max_workers:2 =====
SELECT * FROM s_1 ORDER BY a, b
                                                     QUERY PLAN                                                     
--------------------------------------------------------------------------------------------------------------------
 Limit  (cost=953.39..953.39 rows=1 width=20) (actual time=3.079..3.079 rows=0 loops=1)
   ->  Sort  (cost=828.39..853.39 rows=10000 width=20) (actual time=2.527..2.863 rows=10000 loops=1)
         Sort Key: s_1.a, s_1.b
         Sort Method: quicksort  Memory: 1166kB
         ->  Seq Scan on s_1  (cost=0.00..164.00 rows=10000 width=20) (actual time=0.004..0.572 rows=10000 loops=1)
 Planning time: 0.263 ms
 Execution time: 3.136 ms
(7 rows)

===== 68 [Wed Mar  7 02:00:07 CET 2018] scale:10000 groups:10 work_mem:64MB incremental:on max_workers:2 =====
SELECT * FROM s_2 ORDER BY a, b, c
                                                                    QUERY PLAN                                                                     
---------------------------------------------------------------------------------------------------------------------------------------------------
 Limit  (cost=954.15..954.15 rows=1 width=20) (actual time=4.009..4.009 rows=0 loops=1)
   ->  Incremental Sort  (cost=5.88..854.15 rows=10000 width=20) (actual time=0.087..3.791 rows=10000 loops=1)
         Sort Key: s_2.a, s_2.b, s_2.c
         Presorted Key: s_2.a, s_2.b
         Sort Method: quicksort  Memory: 34kB
         Sort Groups: 118
         ->  Index Only Scan using s_2_a_b_e_d_c_idx on s_2  (cost=0.29..358.29 rows=10000 width=20) (actual time=0.023..1.276 rows=10000 loops=1)
               Heap Fetches: 0
 Planning time: 0.265 ms
 Execution time: 4.031 ms
(10 rows)

===== 69 [Wed Mar  7 02:00:07 CET 2018] scale:10000 groups:10 work_mem:64MB incremental:on max_workers:2 =====
SELECT * FROM s_3 ORDER BY a, b, c, d
                                                                    QUERY PLAN                                                                     
---------------------------------------------------------------------------------------------------------------------------------------------------
 Limit  (cost=819.38..819.38 rows=1 width=20) (actual time=4.498..4.498 rows=0 loops=1)
   ->  Incremental Sort  (cost=0.81..719.38 rows=10000 width=20) (actual time=0.072..4.274 rows=10000 loops=1)
         Sort Key: s_3.a, s_3.b, s_3.c, s_3.d
         Presorted Key: s_3.a, s_3.b, s_3.c
         Sort Method: quicksort  Memory: 28kB
         Sort Groups: 276
         ->  Index Only Scan using s_3_a_b_c_e_d_idx on s_3  (cost=0.29..358.29 rows=10000 width=20) (actual time=0.020..1.279 rows=10000 loops=1)
               Heap Fetches: 0
 Planning time: 0.266 ms
 Execution time: 4.519 ms
(10 rows)

===== 70 [Wed Mar  7 02:00:07 CET 2018] scale:10000 groups:10 work_mem:64MB incremental:off max_workers:2 =====
SELECT * FROM s_1 ORDER BY a, b
                                                     QUERY PLAN                                                     
--------------------------------------------------------------------------------------------------------------------
 Limit  (cost=953.39..953.39 rows=1 width=20) (actual time=3.075..3.075 rows=0 loops=1)
   ->  Sort  (cost=828.39..853.39 rows=10000 width=20) (actual time=2.526..2.855 rows=10000 loops=1)
         Sort Key: s_1.a, s_1.b
         Sort Method: quicksort  Memory: 1166kB
         ->  Seq Scan on s_1  (cost=0.00..164.00 rows=10000 width=20) (actual time=0.004..0.567 rows=10000 loops=1)
 Planning time: 0.263 ms
 Execution time: 3.131 ms
(7 rows)

===== 71 [Wed Mar  7 02:00:07 CET 2018] scale:10000 groups:10 work_mem:64MB incremental:off max_workers:2 =====
SELECT * FROM s_2 ORDER BY a, b, c
                                                     QUERY PLAN                                                     
--------------------------------------------------------------------------------------------------------------------
 Limit  (cost=953.39..953.39 rows=1 width=20) (actual time=3.983..3.983 rows=0 loops=1)
   ->  Sort  (cost=828.39..853.39 rows=10000 width=20) (actual time=3.435..3.765 rows=10000 loops=1)
         Sort Key: s_2.a, s_2.b, s_2.c
         Sort Method: quicksort  Memory: 1166kB
         ->  Seq Scan on s_2  (cost=0.00..164.00 rows=10000 width=20) (actual time=0.009..0.578 rows=10000 loops=1)
 Planning time: 0.265 ms
 Execution time: 4.040 ms
(7 rows)

===== 72 [Wed Mar  7 02:00:07 CET 2018] scale:10000 groups:10 work_mem:64MB incremental:off max_workers:2 =====
SELECT * FROM s_3 ORDER BY a, b, c, d
                                                     QUERY PLAN                                                     
--------------------------------------------------------------------------------------------------------------------
 Limit  (cost=953.39..953.39 rows=1 width=20) (actual time=4.804..4.804 rows=0 loops=1)
   ->  Sort  (cost=828.39..853.39 rows=10000 width=20) (actual time=4.258..4.586 rows=10000 loops=1)
         Sort Key: s_3.a, s_3.b, s_3.c, s_3.d
         Sort Method: quicksort  Memory: 1166kB
         ->  Seq Scan on s_3  (cost=0.00..164.00 rows=10000 width=20) (actual time=0.007..0.577 rows=10000 loops=1)
 Planning time: 0.262 ms
 Execution time: 4.860 ms
(7 rows)

===== 73 [Wed Mar  7 02:00:07 CET 2018] scale:10000 groups:10 work_mem:128MB incremental:on max_workers:2 =====
SELECT * FROM s_1 ORDER BY a, b
                                                     QUERY PLAN                                                     
--------------------------------------------------------------------------------------------------------------------
 Limit  (cost=953.39..953.39 rows=1 width=20) (actual time=3.085..3.085 rows=0 loops=1)
   ->  Sort  (cost=828.39..853.39 rows=10000 width=20) (actual time=2.527..2.869 rows=10000 loops=1)
         Sort Key: s_1.a, s_1.b
         Sort Method: quicksort  Memory: 1166kB
         ->  Seq Scan on s_1  (cost=0.00..164.00 rows=10000 width=20) (actual time=0.004..0.576 rows=10000 loops=1)
 Planning time: 0.258 ms
 Execution time: 3.142 ms
(7 rows)

===== 74 [Wed Mar  7 02:00:07 CET 2018] scale:10000 groups:10 work_mem:128MB incremental:on max_workers:2 =====
SELECT * FROM s_2 ORDER BY a, b, c
                                                                    QUERY PLAN                                                                     
---------------------------------------------------------------------------------------------------------------------------------------------------
 Limit  (cost=954.15..954.15 rows=1 width=20) (actual time=4.010..4.010 rows=0 loops=1)
   ->  Incremental Sort  (cost=5.88..854.15 rows=10000 width=20) (actual time=0.086..3.792 rows=10000 loops=1)
         Sort Key: s_2.a, s_2.b, s_2.c
         Presorted Key: s_2.a, s_2.b
         Sort Method: quicksort  Memory: 34kB
         Sort Groups: 118
         ->  Index Only Scan using s_2_a_b_e_d_c_idx on s_2  (cost=0.29..358.29 rows=10000 width=20) (actual time=0.022..1.279 rows=10000 loops=1)
               Heap Fetches: 0
 Planning time: 0.264 ms
 Execution time: 4.031 ms
(10 rows)

===== 75 [Wed Mar  7 02:00:07 CET 2018] scale:10000 groups:10 work_mem:128MB incremental:on max_workers:2 =====
SELECT * FROM s_3 ORDER BY a, b, c, d
                                                                    QUERY PLAN                                                                     
---------------------------------------------------------------------------------------------------------------------------------------------------
 Limit  (cost=819.38..819.38 rows=1 width=20) (actual time=4.500..4.500 rows=0 loops=1)
   ->  Incremental Sort  (cost=0.81..719.38 rows=10000 width=20) (actual time=0.072..4.279 rows=10000 loops=1)
         Sort Key: s_3.a, s_3.b, s_3.c, s_3.d
         Presorted Key: s_3.a, s_3.b, s_3.c
         Sort Method: quicksort  Memory: 28kB
         Sort Groups: 276
         ->  Index Only Scan using s_3_a_b_c_e_d_idx on s_3  (cost=0.29..358.29 rows=10000 width=20) (actual time=0.020..1.273 rows=10000 loops=1)
               Heap Fetches: 0
 Planning time: 0.263 ms
 Execution time: 4.521 ms
(10 rows)

===== 76 [Wed Mar  7 02:00:07 CET 2018] scale:10000 groups:10 work_mem:128MB incremental:off max_workers:2 =====
SELECT * FROM s_1 ORDER BY a, b
                                                     QUERY PLAN                                                     
--------------------------------------------------------------------------------------------------------------------
 Limit  (cost=953.39..953.39 rows=1 width=20) (actual time=3.076..3.076 rows=0 loops=1)
   ->  Sort  (cost=828.39..853.39 rows=10000 width=20) (actual time=2.521..2.859 rows=10000 loops=1)
         Sort Key: s_1.a, s_1.b
         Sort Method: quicksort  Memory: 1166kB
         ->  Seq Scan on s_1  (cost=0.00..164.00 rows=10000 width=20) (actual time=0.004..0.573 rows=10000 loops=1)
 Planning time: 0.267 ms
 Execution time: 3.134 ms
(7 rows)

===== 77 [Wed Mar  7 02:00:07 CET 2018] scale:10000 groups:10 work_mem:128MB incremental:off max_workers:2 =====
SELECT * FROM s_2 ORDER BY a, b, c
                                                     QUERY PLAN                                                     
--------------------------------------------------------------------------------------------------------------------
 Limit  (cost=953.39..953.39 rows=1 width=20) (actual time=3.988..3.988 rows=0 loops=1)
   ->  Sort  (cost=828.39..853.39 rows=10000 width=20) (actual time=3.435..3.769 rows=10000 loops=1)
         Sort Key: s_2.a, s_2.b, s_2.c
         Sort Method: quicksort  Memory: 1166kB
         ->  Seq Scan on s_2  (cost=0.00..164.00 rows=10000 width=20) (actual time=0.010..0.581 rows=10000 loops=1)
 Planning time: 0.260 ms
 Execution time: 4.046 ms
(7 rows)

===== 78 [Wed Mar  7 02:00:07 CET 2018] scale:10000 groups:10 work_mem:128MB incremental:off max_workers:2 =====
SELECT * FROM s_3 ORDER BY a, b, c, d
                                                     QUERY PLAN                                                     
--------------------------------------------------------------------------------------------------------------------
 Limit  (cost=953.39..953.39 rows=1 width=20) (actual time=4.795..4.795 rows=0 loops=1)
   ->  Sort  (cost=828.39..853.39 rows=10000 width=20) (actual time=4.249..4.577 rows=10000 loops=1)
         Sort Key: s_3.a, s_3.b, s_3.c, s_3.d
         Sort Method: quicksort  Memory: 1166kB
         ->  Seq Scan on s_3  (cost=0.00..164.00 rows=10000 width=20) (actual time=0.007..0.572 rows=10000 loops=1)
 Planning time: 0.269 ms
 Execution time: 4.854 ms
(7 rows)

===== 79 [Wed Mar  7 02:00:08 CET 2018] scale:10000 groups:10 work_mem:256MB incremental:on max_workers:2 =====
SELECT * FROM s_1 ORDER BY a, b
                                                     QUERY PLAN                                                     
--------------------------------------------------------------------------------------------------------------------
 Limit  (cost=953.39..953.39 rows=1 width=20) (actual time=3.078..3.078 rows=0 loops=1)
   ->  Sort  (cost=828.39..853.39 rows=10000 width=20) (actual time=2.522..2.862 rows=10000 loops=1)
         Sort Key: s_1.a, s_1.b
         Sort Method: quicksort  Memory: 1166kB
         ->  Seq Scan on s_1  (cost=0.00..164.00 rows=10000 width=20) (actual time=0.004..0.565 rows=10000 loops=1)
 Planning time: 0.271 ms
 Execution time: 3.135 ms
(7 rows)

===== 80 [Wed Mar  7 02:00:08 CET 2018] scale:10000 groups:10 work_mem:256MB incremental:on max_workers:2 =====
SELECT * FROM s_2 ORDER BY a, b, c
                                                                    QUERY PLAN                                                                     
---------------------------------------------------------------------------------------------------------------------------------------------------
 Limit  (cost=954.15..954.15 rows=1 width=20) (actual time=4.007..4.007 rows=0 loops=1)
   ->  Incremental Sort  (cost=5.88..854.15 rows=10000 width=20) (actual time=0.087..3.789 rows=10000 loops=1)
         Sort Key: s_2.a, s_2.b, s_2.c
         Presorted Key: s_2.a, s_2.b
         Sort Method: quicksort  Memory: 34kB
         Sort Groups: 118
         ->  Index Only Scan using s_2_a_b_e_d_c_idx on s_2  (cost=0.29..358.29 rows=10000 width=20) (actual time=0.023..1.276 rows=10000 loops=1)
               Heap Fetches: 0
 Planning time: 0.261 ms
 Execution time: 4.028 ms
(10 rows)

===== 81 [Wed Mar  7 02:00:08 CET 2018] scale:10000 groups:10 work_mem:256MB incremental:on max_workers:2 =====
SELECT * FROM s_3 ORDER BY a, b, c, d
                                                                    QUERY PLAN                                                                     
---------------------------------------------------------------------------------------------------------------------------------------------------
 Limit  (cost=819.38..819.38 rows=1 width=20) (actual time=4.499..4.499 rows=0 loops=1)
   ->  Incremental Sort  (cost=0.81..719.38 rows=10000 width=20) (actual time=0.073..4.281 rows=10000 loops=1)
         Sort Key: s_3.a, s_3.b, s_3.c, s_3.d
         Presorted Key: s_3.a, s_3.b, s_3.c
         Sort Method: quicksort  Memory: 28kB
         Sort Groups: 276
         ->  Index Only Scan using s_3_a_b_c_e_d_idx on s_3  (cost=0.29..358.29 rows=10000 width=20) (actual time=0.020..1.271 rows=10000 loops=1)
               Heap Fetches: 0
 Planning time: 0.259 ms
 Execution time: 4.521 ms
(10 rows)

===== 82 [Wed Mar  7 02:00:08 CET 2018] scale:10000 groups:10 work_mem:256MB incremental:off max_workers:2 =====
SELECT * FROM s_1 ORDER BY a, b
                                                     QUERY PLAN                                                     
--------------------------------------------------------------------------------------------------------------------
 Limit  (cost=953.39..953.39 rows=1 width=20) (actual time=3.073..3.073 rows=0 loops=1)
   ->  Sort  (cost=828.39..853.39 rows=10000 width=20) (actual time=2.524..2.857 rows=10000 loops=1)
         Sort Key: s_1.a, s_1.b
         Sort Method: quicksort  Memory: 1166kB
         ->  Seq Scan on s_1  (cost=0.00..164.00 rows=10000 width=20) (actual time=0.004..0.568 rows=10000 loops=1)
 Planning time: 0.260 ms
 Execution time: 3.129 ms
(7 rows)

===== 83 [Wed Mar  7 02:00:08 CET 2018] scale:10000 groups:10 work_mem:256MB incremental:off max_workers:2 =====
SELECT * FROM s_2 ORDER BY a, b, c
                                                     QUERY PLAN                                                     
--------------------------------------------------------------------------------------------------------------------
 Limit  (cost=953.39..953.39 rows=1 width=20) (actual time=3.989..3.989 rows=0 loops=1)
   ->  Sort  (cost=828.39..853.39 rows=10000 width=20) (actual time=3.437..3.772 rows=10000 loops=1)
         Sort Key: s_2.a, s_2.b, s_2.c
         Sort Method: quicksort  Memory: 1166kB
         ->  Seq Scan on s_2  (cost=0.00..164.00 rows=10000 width=20) (actual time=0.010..0.578 rows=10000 loops=1)
 Planning time: 0.264 ms
 Execution time: 4.045 ms
(7 rows)

===== 84 [Wed Mar  7 02:00:08 CET 2018] scale:10000 groups:10 work_mem:256MB incremental:off max_workers:2 =====
SELECT * FROM s_3 ORDER BY a, b, c, d
                                                     QUERY PLAN                                                     
--------------------------------------------------------------------------------------------------------------------
 Limit  (cost=953.39..953.39 rows=1 width=20) (actual time=4.792..4.792 rows=0 loops=1)
   ->  Sort  (cost=828.39..853.39 rows=10000 width=20) (actual time=4.247..4.572 rows=10000 loops=1)
         Sort Key: s_3.a, s_3.b, s_3.c, s_3.d
         Sort Method: quicksort  Memory: 1166kB
         ->  Seq Scan on s_3  (cost=0.00..164.00 rows=10000 width=20) (actual time=0.007..0.572 rows=10000 loops=1)
 Planning time: 0.258 ms
 Execution time: 4.848 ms
(7 rows)

===== 85 [Wed Mar  7 02:00:09 CET 2018] scale:10000 groups:100 work_mem:4MB incremental:on max_workers:0 =====
SELECT * FROM s_1 ORDER BY a, b
                                                     QUERY PLAN                                                     
--------------------------------------------------------------------------------------------------------------------
 Limit  (cost=953.39..953.39 rows=1 width=20) (actual time=3.920..3.920 rows=0 loops=1)
   ->  Sort  (cost=828.39..853.39 rows=10000 width=20) (actual time=3.360..3.703 rows=10000 loops=1)
         Sort Key: s_1.a, s_1.b
         Sort Method: quicksort  Memory: 1166kB
         ->  Seq Scan on s_1  (cost=0.00..164.00 rows=10000 width=20) (actual time=0.004..0.562 rows=10000 loops=1)
 Planning time: 0.277 ms
 Execution time: 3.976 ms
(7 rows)

===== 86 [Wed Mar  7 02:00:09 CET 2018] scale:10000 groups:100 work_mem:4MB incremental:on max_workers:0 =====
SELECT * FROM s_2 ORDER BY a, b, c
                                                                    QUERY PLAN                                                                     
---------------------------------------------------------------------------------------------------------------------------------------------------
 Limit  (cost=819.38..819.38 rows=1 width=20) (actual time=4.072..4.072 rows=0 loops=1)
   ->  Incremental Sort  (cost=0.81..719.38 rows=10000 width=20) (actual time=0.087..3.853 rows=10000 loops=1)
         Sort Key: s_2.a, s_2.b, s_2.c
         Presorted Key: s_2.a, s_2.b
         Sort Method: quicksort  Memory: 27kB
         Sort Groups: 308
         ->  Index Only Scan using s_2_a_b_e_d_c_idx on s_2  (cost=0.29..358.29 rows=10000 width=20) (actual time=0.033..1.489 rows=10000 loops=1)
               Heap Fetches: 0
 Planning time: 0.272 ms
 Execution time: 4.094 ms
(10 rows)

===== 87 [Wed Mar  7 02:00:09 CET 2018] scale:10000 groups:100 work_mem:4MB incremental:on max_workers:0 =====
SELECT * FROM s_3 ORDER BY a, b, c, d
                                                                    QUERY PLAN                                                                     
---------------------------------------------------------------------------------------------------------------------------------------------------
 Limit  (cost=819.38..819.38 rows=1 width=20) (actual time=3.452..3.452 rows=0 loops=1)
   ->  Incremental Sort  (cost=0.81..719.38 rows=10000 width=20) (actual time=0.076..3.232 rows=10000 loops=1)
         Sort Key: s_3.a, s_3.b, s_3.c, s_3.d
         Presorted Key: s_3.a, s_3.b, s_3.c
         Sort Method: quicksort  Memory: 27kB
         Sort Groups: 313
         ->  Index Only Scan using s_3_a_b_c_e_d_idx on s_3  (cost=0.29..358.29 rows=10000 width=20) (actual time=0.033..1.493 rows=10000 loops=1)
               Heap Fetches: 0
 Planning time: 0.275 ms
 Execution time: 3.474 ms
(10 rows)

===== 88 [Wed Mar  7 02:00:09 CET 2018] scale:10000 groups:100 work_mem:4MB incremental:off max_workers:0 =====
SELECT * FROM s_1 ORDER BY a, b
                                                     QUERY PLAN                                                     
--------------------------------------------------------------------------------------------------------------------
 Limit  (cost=953.39..953.39 rows=1 width=20) (actual time=3.910..3.910 rows=0 loops=1)
   ->  Sort  (cost=828.39..853.39 rows=10000 width=20) (actual time=3.362..3.695 rows=10000 loops=1)
         Sort Key: s_1.a, s_1.b
         Sort Method: quicksort  Memory: 1166kB
         ->  Seq Scan on s_1  (cost=0.00..164.00 rows=10000 width=20) (actual time=0.004..0.571 rows=10000 loops=1)
 Planning time: 0.268 ms
 Execution time: 3.967 ms
(7 rows)

===== 89 [Wed Mar  7 02:00:09 CET 2018] scale:10000 groups:100 work_mem:4MB incremental:off max_workers:0 =====
SELECT * FROM s_2 ORDER BY a, b, c
                                                     QUERY PLAN                                                     
--------------------------------------------------------------------------------------------------------------------
 Limit  (cost=953.39..953.39 rows=1 width=20) (actual time=3.830..3.830 rows=0 loops=1)
   ->  Sort  (cost=828.39..853.39 rows=10000 width=20) (actual time=3.293..3.613 rows=10000 loops=1)
         Sort Key: s_2.a, s_2.b, s_2.c
         Sort Method: quicksort  Memory: 1166kB
         ->  Seq Scan on s_2  (cost=0.00..164.00 rows=10000 width=20) (actual time=0.007..0.572 rows=10000 loops=1)
 Planning time: 0.267 ms
 Execution time: 3.887 ms
(7 rows)

===== 90 [Wed Mar  7 02:00:09 CET 2018] scale:10000 groups:100 work_mem:4MB incremental:off max_workers:0 =====
SELECT * FROM s_3 ORDER BY a, b, c, d
                                                     QUERY PLAN                                                     
--------------------------------------------------------------------------------------------------------------------
 Limit  (cost=953.39..953.39 rows=1 width=20) (actual time=3.174..3.174 rows=0 loops=1)
   ->  Sort  (cost=828.39..853.39 rows=10000 width=20) (actual time=2.642..2.956 rows=10000 loops=1)
         Sort Key: s_3.a, s_3.b, s_3.c, s_3.d
         Sort Method: quicksort  Memory: 1166kB
         ->  Seq Scan on s_3  (cost=0.00..164.00 rows=10000 width=20) (actual time=0.007..0.565 rows=10000 loops=1)
 Planning time: 0.266 ms
 Execution time: 3.231 ms
(7 rows)

===== 91 [Wed Mar  7 02:00:09 CET 2018] scale:10000 groups:100 work_mem:8MB incremental:on max_workers:0 =====
SELECT * FROM s_1 ORDER BY a, b
                                                     QUERY PLAN                                                     
--------------------------------------------------------------------------------------------------------------------
 Limit  (cost=953.39..953.39 rows=1 width=20) (actual time=3.922..3.922 rows=0 loops=1)
   ->  Sort  (cost=828.39..853.39 rows=10000 width=20) (actual time=3.363..3.705 rows=10000 loops=1)
         Sort Key: s_1.a, s_1.b
         Sort Method: quicksort  Memory: 1166kB
         ->  Seq Scan on s_1  (cost=0.00..164.00 rows=10000 width=20) (actual time=0.004..0.562 rows=10000 loops=1)
 Planning time: 0.284 ms
 Execution time: 3.978 ms
(7 rows)

===== 92 [Wed Mar  7 02:00:10 CET 2018] scale:10000 groups:100 work_mem:8MB incremental:on max_workers:0 =====
SELECT * FROM s_2 ORDER BY a, b, c
                                                                    QUERY PLAN                                                                     
---------------------------------------------------------------------------------------------------------------------------------------------------
 Limit  (cost=819.38..819.38 rows=1 width=20) (actual time=3.821..3.821 rows=0 loops=1)
   ->  Incremental Sort  (cost=0.81..719.38 rows=10000 width=20) (actual time=0.064..3.602 rows=10000 loops=1)
         Sort Key: s_2.a, s_2.b, s_2.c
         Presorted Key: s_2.a, s_2.b
         Sort Method: quicksort  Memory: 27kB
         Sort Groups: 308
         ->  Index Only Scan using s_2_a_b_e_d_c_idx on s_2  (cost=0.29..358.29 rows=10000 width=20) (actual time=0.020..1.271 rows=10000 loops=1)
               Heap Fetches: 0
 Planning time: 0.273 ms
 Execution time: 3.842 ms
(10 rows)

===== 93 [Wed Mar  7 02:00:10 CET 2018] scale:10000 groups:100 work_mem:8MB incremental:on max_workers:0 =====
SELECT * FROM s_3 ORDER BY a, b, c, d
                                                                    QUERY PLAN                                                                     
---------------------------------------------------------------------------------------------------------------------------------------------------
 Limit  (cost=819.38..819.38 rows=1 width=20) (actual time=3.207..3.207 rows=0 loops=1)
   ->  Incremental Sort  (cost=0.81..719.38 rows=10000 width=20) (actual time=0.064..2.988 rows=10000 loops=1)
         Sort Key: s_3.a, s_3.b, s_3.c, s_3.d
         Presorted Key: s_3.a, s_3.b, s_3.c
         Sort Method: quicksort  Memory: 27kB
         Sort Groups: 313
         ->  Index Only Scan using s_3_a_b_c_e_d_idx on s_3  (cost=0.29..358.29 rows=10000 width=20) (actual time=0.020..1.266 rows=10000 loops=1)
               Heap Fetches: 0
 Planning time: 0.270 ms
 Execution time: 3.229 ms
(10 rows)

===== 94 [Wed Mar  7 02:00:10 CET 2018] scale:10000 groups:100 work_mem:8MB incremental:off max_workers:0 =====
SELECT * FROM s_1 ORDER BY a, b
                                                     QUERY PLAN                                                     
--------------------------------------------------------------------------------------------------------------------
 Limit  (cost=953.39..953.39 rows=1 width=20) (actual time=3.919..3.919 rows=0 loops=1)
   ->  Sort  (cost=828.39..853.39 rows=10000 width=20) (actual time=3.363..3.700 rows=10000 loops=1)
         Sort Key: s_1.a, s_1.b
         Sort Method: quicksort  Memory: 1166kB
         ->  Seq Scan on s_1  (cost=0.00..164.00 rows=10000 width=20) (actual time=0.004..0.566 rows=10000 loops=1)
 Planning time: 0.268 ms
 Execution time: 3.975 ms
(7 rows)

===== 95 [Wed Mar  7 02:00:10 CET 2018] scale:10000 groups:100 work_mem:8MB incremental:off max_workers:0 =====
SELECT * FROM s_2 ORDER BY a, b, c
                                                     QUERY PLAN                                                     
--------------------------------------------------------------------------------------------------------------------
 Limit  (cost=953.39..953.39 rows=1 width=20) (actual time=3.822..3.822 rows=0 loops=1)
   ->  Sort  (cost=828.39..853.39 rows=10000 width=20) (actual time=3.282..3.605 rows=10000 loops=1)
         Sort Key: s_2.a, s_2.b, s_2.c
         Sort Method: quicksort  Memory: 1166kB
         ->  Seq Scan on s_2  (cost=0.00..164.00 rows=10000 width=20) (actual time=0.007..0.571 rows=10000 loops=1)
 Planning time: 0.268 ms
 Execution time: 3.878 ms
(7 rows)

===== 96 [Wed Mar  7 02:00:10 CET 2018] scale:10000 groups:100 work_mem:8MB incremental:off max_workers:0 =====
SELECT * FROM s_3 ORDER BY a, b, c, d
                                                     QUERY PLAN                                                     
--------------------------------------------------------------------------------------------------------------------
 Limit  (cost=953.39..953.39 rows=1 width=20) (actual time=3.176..3.176 rows=0 loops=1)
   ->  Sort  (cost=828.39..853.39 rows=10000 width=20) (actual time=2.639..2.958 rows=10000 loops=1)
         Sort Key: s_3.a, s_3.b, s_3.c, s_3.d
         Sort Method: quicksort  Memory: 1166kB
         ->  Seq Scan on s_3  (cost=0.00..164.00 rows=10000 width=20) (actual time=0.007..0.570 rows=10000 loops=1)
 Planning time: 0.268 ms
 Execution time: 3.230 ms
(7 rows)

===== 97 [Wed Mar  7 02:00:10 CET 2018] scale:10000 groups:100 work_mem:16MB incremental:on max_workers:0 =====
SELECT * FROM s_1 ORDER BY a, b
                                                     QUERY PLAN                                                     
--------------------------------------------------------------------------------------------------------------------
 Limit  (cost=953.39..953.39 rows=1 width=20) (actual time=3.917..3.917 rows=0 loops=1)
   ->  Sort  (cost=828.39..853.39 rows=10000 width=20) (actual time=3.361..3.701 rows=10000 loops=1)
         Sort Key: s_1.a, s_1.b
         Sort Method: quicksort  Memory: 1166kB
         ->  Seq Scan on s_1  (cost=0.00..164.00 rows=10000 width=20) (actual time=0.004..0.563 rows=10000 loops=1)
 Planning time: 0.268 ms
 Execution time: 3.972 ms
(7 rows)

===== 98 [Wed Mar  7 02:00:10 CET 2018] scale:10000 groups:100 work_mem:16MB incremental:on max_workers:0 =====
SELECT * FROM s_2 ORDER BY a, b, c
                                                                    QUERY PLAN                                                                     
---------------------------------------------------------------------------------------------------------------------------------------------------
 Limit  (cost=819.38..819.38 rows=1 width=20) (actual time=3.829..3.829 rows=0 loops=1)
   ->  Incremental Sort  (cost=0.81..719.38 rows=10000 width=20) (actual time=0.068..3.609 rows=10000 loops=1)
         Sort Key: s_2.a, s_2.b, s_2.c
         Presorted Key: s_2.a, s_2.b
         Sort Method: quicksort  Memory: 27kB
         Sort Groups: 308
         ->  Index Only Scan using s_2_a_b_e_d_c_idx on s_2  (cost=0.29..358.29 rows=10000 width=20) (actual time=0.020..1.264 rows=10000 loops=1)
               Heap Fetches: 0
 Planning time: 0.273 ms
 Execution time: 3.851 ms
(10 rows)

===== 99 [Wed Mar  7 02:00:10 CET 2018] scale:10000 groups:100 work_mem:16MB incremental:on max_workers:0 =====
SELECT * FROM s_3 ORDER BY a, b, c, d
                                                                    QUERY PLAN                                                                     
---------------------------------------------------------------------------------------------------------------------------------------------------
 Limit  (cost=819.38..819.38 rows=1 width=20) (actual time=3.198..3.198 rows=0 loops=1)
   ->  Incremental Sort  (cost=0.81..719.38 rows=10000 width=20) (actual time=0.063..2.975 rows=10000 loops=1)
         Sort Key: s_3.a, s_3.b, s_3.c, s_3.d
         Presorted Key: s_3.a, s_3.b, s_3.c
         Sort Method: quicksort  Memory: 27kB
         Sort Groups: 313
         ->  Index Only Scan using s_3_a_b_c_e_d_idx on s_3  (cost=0.29..358.29 rows=10000 width=20) (actual time=0.020..1.263 rows=10000 loops=1)
               Heap Fetches: 0
 Planning time: 0.271 ms
 Execution time: 3.222 ms
(10 rows)

===== 100 [Wed Mar  7 02:00:10 CET 2018] scale:10000 groups:100 work_mem:16MB incremental:off max_workers:0 =====
SELECT * FROM s_1 ORDER BY a, b
                                                     QUERY PLAN                                                     
--------------------------------------------------------------------------------------------------------------------
 Limit  (cost=953.39..953.39 rows=1 width=20) (actual time=3.917..3.917 rows=0 loops=1)
   ->  Sort  (cost=828.39..853.39 rows=10000 width=20) (actual time=3.364..3.700 rows=10000 loops=1)
         Sort Key: s_1.a, s_1.b
         Sort Method: quicksort  Memory: 1166kB
         ->  Seq Scan on s_1  (cost=0.00..164.00 rows=10000 width=20) (actual time=0.004..0.569 rows=10000 loops=1)
 Planning time: 0.269 ms
 Execution time: 3.973 ms
(7 rows)

===== 101 [Wed Mar  7 02:00:10 CET 2018] scale:10000 groups:100 work_mem:16MB incremental:off max_workers:0 =====
SELECT * FROM s_2 ORDER BY a, b, c
                                                     QUERY PLAN                                                     
--------------------------------------------------------------------------------------------------------------------
 Limit  (cost=953.39..953.39 rows=1 width=20) (actual time=3.825..3.825 rows=0 loops=1)
   ->  Sort  (cost=828.39..853.39 rows=10000 width=20) (actual time=3.291..3.608 rows=10000 loops=1)
         Sort Key: s_2.a, s_2.b, s_2.c
         Sort Method: quicksort  Memory: 1166kB
         ->  Seq Scan on s_2  (cost=0.00..164.00 rows=10000 width=20) (actual time=0.007..0.567 rows=10000 loops=1)
 Planning time: 0.267 ms
 Execution time: 3.882 ms
(7 rows)

===== 102 [Wed Mar  7 02:00:10 CET 2018] scale:10000 groups:100 work_mem:16MB incremental:off max_workers:0 =====
SELECT * FROM s_3 ORDER BY a, b, c, d
                                                     QUERY PLAN                                                     
--------------------------------------------------------------------------------------------------------------------
 Limit  (cost=953.39..953.39 rows=1 width=20) (actual time=3.180..3.180 rows=0 loops=1)
   ->  Sort  (cost=828.39..853.39 rows=10000 width=20) (actual time=2.644..2.962 rows=10000 loops=1)
         Sort Key: s_3.a, s_3.b, s_3.c, s_3.d
         Sort Method: quicksort  Memory: 1166kB
         ->  Seq Scan on s_3  (cost=0.00..164.00 rows=10000 width=20) (actual time=0.007..0.567 rows=10000 loops=1)
 Planning time: 0.269 ms
 Execution time: 3.237 ms
(7 rows)

===== 103 [Wed Mar  7 02:00:11 CET 2018] scale:10000 groups:100 work_mem:32MB incremental:on max_workers:0 =====
SELECT * FROM s_1 ORDER BY a, b
                                                     QUERY PLAN                                                     
--------------------------------------------------------------------------------------------------------------------
 Limit  (cost=953.39..953.39 rows=1 width=20) (actual time=3.914..3.914 rows=0 loops=1)
   ->  Sort  (cost=828.39..853.39 rows=10000 width=20) (actual time=3.355..3.697 rows=10000 loops=1)
         Sort Key: s_1.a, s_1.b
         Sort Method: quicksort  Memory: 1166kB
         ->  Seq Scan on s_1  (cost=0.00..164.00 rows=10000 width=20) (actual time=0.004..0.561 rows=10000 loops=1)
 Planning time: 0.267 ms
 Execution time: 3.971 ms
(7 rows)

===== 104 [Wed Mar  7 02:00:11 CET 2018] scale:10000 groups:100 work_mem:32MB incremental:on max_workers:0 =====
SELECT * FROM s_2 ORDER BY a, b, c
                                                                    QUERY PLAN                                                                     
---------------------------------------------------------------------------------------------------------------------------------------------------
 Limit  (cost=819.38..819.38 rows=1 width=20) (actual time=3.815..3.815 rows=0 loops=1)
   ->  Incremental Sort  (cost=0.81..719.38 rows=10000 width=20) (actual time=0.064..3.597 rows=10000 loops=1)
         Sort Key: s_2.a, s_2.b, s_2.c
         Presorted Key: s_2.a, s_2.b
         Sort Method: quicksort  Memory: 27kB
         Sort Groups: 308
         ->  Index Only Scan using s_2_a_b_e_d_c_idx on s_2  (cost=0.29..358.29 rows=10000 width=20) (actual time=0.020..1.274 rows=10000 loops=1)
               Heap Fetches: 0
 Planning time: 0.282 ms
 Execution time: 3.837 ms
(10 rows)

===== 105 [Wed Mar  7 02:00:11 CET 2018] scale:10000 groups:100 work_mem:32MB incremental:on max_workers:0 =====
SELECT * FROM s_3 ORDER BY a, b, c, d
                                                                    QUERY PLAN                                                                     
---------------------------------------------------------------------------------------------------------------------------------------------------
 Limit  (cost=819.38..819.38 rows=1 width=20) (actual time=3.197..3.197 rows=0 loops=1)
   ->  Incremental Sort  (cost=0.81..719.38 rows=10000 width=20) (actual time=0.063..2.978 rows=10000 loops=1)
         Sort Key: s_3.a, s_3.b, s_3.c, s_3.d
         Presorted Key: s_3.a, s_3.b, s_3.c
         Sort Method: quicksort  Memory: 27kB
         Sort Groups: 313
         ->  Index Only Scan using s_3_a_b_c_e_d_idx on s_3  (cost=0.29..358.29 rows=10000 width=20) (actual time=0.020..1.269 rows=10000 loops=1)
               Heap Fetches: 0
 Planning time: 0.271 ms
 Execution time: 3.221 ms
(10 rows)

===== 106 [Wed Mar  7 02:00:11 CET 2018] scale:10000 groups:100 work_mem:32MB incremental:off max_workers:0 =====
SELECT * FROM s_1 ORDER BY a, b
                                                     QUERY PLAN                                                     
--------------------------------------------------------------------------------------------------------------------
 Limit  (cost=953.39..953.39 rows=1 width=20) (actual time=3.912..3.912 rows=0 loops=1)
   ->  Sort  (cost=828.39..853.39 rows=10000 width=20) (actual time=3.362..3.692 rows=10000 loops=1)
         Sort Key: s_1.a, s_1.b
         Sort Method: quicksort  Memory: 1166kB
         ->  Seq Scan on s_1  (cost=0.00..164.00 rows=10000 width=20) (actual time=0.004..0.575 rows=10000 loops=1)
 Planning time: 0.274 ms
 Execution time: 3.968 ms
(7 rows)

===== 107 [Wed Mar  7 02:00:11 CET 2018] scale:10000 groups:100 work_mem:32MB incremental:off max_workers:0 =====
SELECT * FROM s_2 ORDER BY a, b, c
                                                     QUERY PLAN                                                     
--------------------------------------------------------------------------------------------------------------------
 Limit  (cost=953.39..953.39 rows=1 width=20) (actual time=3.826..3.826 rows=0 loops=1)
   ->  Sort  (cost=828.39..853.39 rows=10000 width=20) (actual time=3.289..3.610 rows=10000 loops=1)
         Sort Key: s_2.a, s_2.b, s_2.c
         Sort Method: quicksort  Memory: 1166kB
         ->  Seq Scan on s_2  (cost=0.00..164.00 rows=10000 width=20) (actual time=0.007..0.572 rows=10000 loops=1)
 Planning time: 0.272 ms
 Execution time: 3.883 ms
(7 rows)

===== 108 [Wed Mar  7 02:00:11 CET 2018] scale:10000 groups:100 work_mem:32MB incremental:off max_workers:0 =====
SELECT * FROM s_3 ORDER BY a, b, c, d
                                                     QUERY PLAN                                                     
--------------------------------------------------------------------------------------------------------------------
 Limit  (cost=953.39..953.39 rows=1 width=20) (actual time=3.173..3.173 rows=0 loops=1)
   ->  Sort  (cost=828.39..853.39 rows=10000 width=20) (actual time=2.640..2.957 rows=10000 loops=1)
         Sort Key: s_3.a, s_3.b, s_3.c, s_3.d
         Sort Method: quicksort  Memory: 1166kB
         ->  Seq Scan on s_3  (cost=0.00..164.00 rows=10000 width=20) (actual time=0.007..0.573 rows=10000 loops=1)
 Planning time: 0.275 ms
 Execution time: 3.230 ms
(7 rows)

===== 109 [Wed Mar  7 02:00:11 CET 2018] scale:10000 groups:100 work_mem:64MB incremental:on max_workers:0 =====
SELECT * FROM s_1 ORDER BY a, b
                                                     QUERY PLAN                                                     
--------------------------------------------------------------------------------------------------------------------
 Limit  (cost=953.39..953.39 rows=1 width=20) (actual time=3.920..3.920 rows=0 loops=1)
   ->  Sort  (cost=828.39..853.39 rows=10000 width=20) (actual time=3.366..3.701 rows=10000 loops=1)
         Sort Key: s_1.a, s_1.b
         Sort Method: quicksort  Memory: 1166kB
         ->  Seq Scan on s_1  (cost=0.00..164.00 rows=10000 width=20) (actual time=0.004..0.568 rows=10000 loops=1)
 Planning time: 0.265 ms
 Execution time: 3.977 ms
(7 rows)

===== 110 [Wed Mar  7 02:00:11 CET 2018] scale:10000 groups:100 work_mem:64MB incremental:on max_workers:0 =====
SELECT * FROM s_2 ORDER BY a, b, c
                                                                    QUERY PLAN                                                                     
---------------------------------------------------------------------------------------------------------------------------------------------------
 Limit  (cost=819.38..819.38 rows=1 width=20) (actual time=3.780..3.780 rows=0 loops=1)
   ->  Incremental Sort  (cost=0.81..719.38 rows=10000 width=20) (actual time=0.072..3.560 rows=10000 loops=1)
         Sort Key: s_2.a, s_2.b, s_2.c
         Presorted Key: s_2.a, s_2.b
         Sort Method: quicksort  Memory: 27kB
         Sort Groups: 308
         ->  Index Only Scan using s_2_a_b_e_d_c_idx on s_2  (cost=0.29..358.29 rows=10000 width=20) (actual time=0.026..1.271 rows=10000 loops=1)
               Heap Fetches: 0
 Planning time: 0.273 ms
 Execution time: 3.802 ms
(10 rows)

===== 111 [Wed Mar  7 02:00:11 CET 2018] scale:10000 groups:100 work_mem:64MB incremental:on max_workers:0 =====
SELECT * FROM s_3 ORDER BY a, b, c, d
                                                                    QUERY PLAN                                                                     
---------------------------------------------------------------------------------------------------------------------------------------------------
 Limit  (cost=819.38..819.38 rows=1 width=20) (actual time=3.199..3.199 rows=0 loops=1)
   ->  Incremental Sort  (cost=0.81..719.38 rows=10000 width=20) (actual time=0.067..2.981 rows=10000 loops=1)
         Sort Key: s_3.a, s_3.b, s_3.c, s_3.d
         Presorted Key: s_3.a, s_3.b, s_3.c
         Sort Method: quicksort  Memory: 27kB
         Sort Groups: 313
         ->  Index Only Scan using s_3_a_b_c_e_d_idx on s_3  (cost=0.29..358.29 rows=10000 width=20) (actual time=0.023..1.268 rows=10000 loops=1)
               Heap Fetches: 0
 Planning time: 0.270 ms
 Execution time: 3.221 ms
(10 rows)

===== 112 [Wed Mar  7 02:00:11 CET 2018] scale:10000 groups:100 work_mem:64MB incremental:off max_workers:0 =====
SELECT * FROM s_1 ORDER BY a, b
                                                     QUERY PLAN                                                     
--------------------------------------------------------------------------------------------------------------------
 Limit  (cost=953.39..953.39 rows=1 width=20) (actual time=3.906..3.906 rows=0 loops=1)
   ->  Sort  (cost=828.39..853.39 rows=10000 width=20) (actual time=3.361..3.689 rows=10000 loops=1)
         Sort Key: s_1.a, s_1.b
         Sort Method: quicksort  Memory: 1166kB
         ->  Seq Scan on s_1  (cost=0.00..164.00 rows=10000 width=20) (actual time=0.004..0.566 rows=10000 loops=1)
 Planning time: 0.285 ms
 Execution time: 3.967 ms
(7 rows)

===== 113 [Wed Mar  7 02:00:11 CET 2018] scale:10000 groups:100 work_mem:64MB incremental:off max_workers:0 =====
SELECT * FROM s_2 ORDER BY a, b, c
                                                     QUERY PLAN                                                     
--------------------------------------------------------------------------------------------------------------------
 Limit  (cost=953.39..953.39 rows=1 width=20) (actual time=3.827..3.827 rows=0 loops=1)
   ->  Sort  (cost=828.39..853.39 rows=10000 width=20) (actual time=3.294..3.609 rows=10000 loops=1)
         Sort Key: s_2.a, s_2.b, s_2.c
         Sort Method: quicksort  Memory: 1166kB
         ->  Seq Scan on s_2  (cost=0.00..164.00 rows=10000 width=20) (actual time=0.007..0.573 rows=10000 loops=1)
 Planning time: 0.269 ms
 Execution time: 3.884 ms
(7 rows)

===== 114 [Wed Mar  7 02:00:12 CET 2018] scale:10000 groups:100 work_mem:64MB incremental:off max_workers:0 =====
SELECT * FROM s_3 ORDER BY a, b, c, d
                                                     QUERY PLAN                                                     
--------------------------------------------------------------------------------------------------------------------
 Limit  (cost=953.39..953.39 rows=1 width=20) (actual time=3.172..3.172 rows=0 loops=1)
   ->  Sort  (cost=828.39..853.39 rows=10000 width=20) (actual time=2.635..2.952 rows=10000 loops=1)
         Sort Key: s_3.a, s_3.b, s_3.c, s_3.d
         Sort Method: quicksort  Memory: 1166kB
         ->  Seq Scan on s_3  (cost=0.00..164.00 rows=10000 width=20) (actual time=0.007..0.565 rows=10000 loops=1)
 Planning time: 0.273 ms
 Execution time: 3.229 ms
(7 rows)

===== 115 [Wed Mar  7 02:00:12 CET 2018] scale:10000 groups:100 work_mem:128MB incremental:on max_workers:0 =====
SELECT * FROM s_1 ORDER BY a, b
                                                     QUERY PLAN                                                     
--------------------------------------------------------------------------------------------------------------------
 Limit  (cost=953.39..953.39 rows=1 width=20) (actual time=3.921..3.921 rows=0 loops=1)
   ->  Sort  (cost=828.39..853.39 rows=10000 width=20) (actual time=3.361..3.705 rows=10000 loops=1)
         Sort Key: s_1.a, s_1.b
         Sort Method: quicksort  Memory: 1166kB
         ->  Seq Scan on s_1  (cost=0.00..164.00 rows=10000 width=20) (actual time=0.004..0.562 rows=10000 loops=1)
 Planning time: 0.268 ms
 Execution time: 3.977 ms
(7 rows)

===== 116 [Wed Mar  7 02:00:12 CET 2018] scale:10000 groups:100 work_mem:128MB incremental:on max_workers:0 =====
SELECT * FROM s_2 ORDER BY a, b, c
                                                                    QUERY PLAN                                                                     
---------------------------------------------------------------------------------------------------------------------------------------------------
 Limit  (cost=819.38..819.38 rows=1 width=20) (actual time=3.815..3.815 rows=0 loops=1)
   ->  Incremental Sort  (cost=0.81..719.38 rows=10000 width=20) (actual time=0.065..3.598 rows=10000 loops=1)
         Sort Key: s_2.a, s_2.b, s_2.c
         Presorted Key: s_2.a, s_2.b
         Sort Method: quicksort  Memory: 27kB
         Sort Groups: 308
         ->  Index Only Scan using s_2_a_b_e_d_c_idx on s_2  (cost=0.29..358.29 rows=10000 width=20) (actual time=0.021..1.265 rows=10000 loops=1)
               Heap Fetches: 0
 Planning time: 0.271 ms
 Execution time: 3.842 ms
(10 rows)

===== 117 [Wed Mar  7 02:00:12 CET 2018] scale:10000 groups:100 work_mem:128MB incremental:on max_workers:0 =====
SELECT * FROM s_3 ORDER BY a, b, c, d
                                                                    QUERY PLAN                                                                     
---------------------------------------------------------------------------------------------------------------------------------------------------
 Limit  (cost=819.38..819.38 rows=1 width=20) (actual time=3.200..3.200 rows=0 loops=1)
   ->  Incremental Sort  (cost=0.81..719.38 rows=10000 width=20) (actual time=0.063..2.981 rows=10000 loops=1)
         Sort Key: s_3.a, s_3.b, s_3.c, s_3.d
         Presorted Key: s_3.a, s_3.b, s_3.c
         Sort Method: quicksort  Memory: 27kB
         Sort Groups: 313
         ->  Index Only Scan using s_3_a_b_c_e_d_idx on s_3  (cost=0.29..358.29 rows=10000 width=20) (actual time=0.020..1.272 rows=10000 loops=1)
               Heap Fetches: 0
 Planning time: 0.273 ms
 Execution time: 3.223 ms
(10 rows)

===== 118 [Wed Mar  7 02:00:12 CET 2018] scale:10000 groups:100 work_mem:128MB incremental:off max_workers:0 =====
SELECT * FROM s_1 ORDER BY a, b
                                                     QUERY PLAN                                                     
--------------------------------------------------------------------------------------------------------------------
 Limit  (cost=953.39..953.39 rows=1 width=20) (actual time=3.911..3.911 rows=0 loops=1)
   ->  Sort  (cost=828.39..853.39 rows=10000 width=20) (actual time=3.355..3.694 rows=10000 loops=1)
         Sort Key: s_1.a, s_1.b
         Sort Method: quicksort  Memory: 1166kB
         ->  Seq Scan on s_1  (cost=0.00..164.00 rows=10000 width=20) (actual time=0.004..0.562 rows=10000 loops=1)
 Planning time: 0.270 ms
 Execution time: 3.970 ms
(7 rows)

===== 119 [Wed Mar  7 02:00:12 CET 2018] scale:10000 groups:100 work_mem:128MB incremental:off max_workers:0 =====
SELECT * FROM s_2 ORDER BY a, b, c
                                                     QUERY PLAN                                                     
--------------------------------------------------------------------------------------------------------------------
 Limit  (cost=953.39..953.39 rows=1 width=20) (actual time=3.826..3.826 rows=0 loops=1)
   ->  Sort  (cost=828.39..853.39 rows=10000 width=20) (actual time=3.291..3.608 rows=10000 loops=1)
         Sort Key: s_2.a, s_2.b, s_2.c
         Sort Method: quicksort  Memory: 1166kB
         ->  Seq Scan on s_2  (cost=0.00..164.00 rows=10000 width=20) (actual time=0.007..0.567 rows=10000 loops=1)
 Planning time: 0.275 ms
 Execution time: 3.884 ms
(7 rows)

===== 120 [Wed Mar  7 02:00:12 CET 2018] scale:10000 groups:100 work_mem:128MB incremental:off max_workers:0 =====
SELECT * FROM s_3 ORDER BY a, b, c, d
                                                     QUERY PLAN                                                     
--------------------------------------------------------------------------------------------------------------------
 Limit  (cost=953.39..953.39 rows=1 width=20) (actual time=3.169..3.169 rows=0 loops=1)
   ->  Sort  (cost=828.39..853.39 rows=10000 width=20) (actual time=2.640..2.953 rows=10000 loops=1)
         Sort Key: s_3.a, s_3.b, s_3.c, s_3.d
         Sort Method: quicksort  Memory: 1166kB
         ->  Seq Scan on s_3  (cost=0.00..164.00 rows=10000 width=20) (actual time=0.007..0.570 rows=10000 loops=1)
 Planning time: 0.272 ms
 Execution time: 3.227 ms
(7 rows)

===== 121 [Wed Mar  7 02:00:12 CET 2018] scale:10000 groups:100 work_mem:256MB incremental:on max_workers:0 =====
SELECT * FROM s_1 ORDER BY a, b
                                                     QUERY PLAN                                                     
--------------------------------------------------------------------------------------------------------------------
 Limit  (cost=953.39..953.39 rows=1 width=20) (actual time=3.922..3.922 rows=0 loops=1)
   ->  Sort  (cost=828.39..853.39 rows=10000 width=20) (actual time=3.365..3.706 rows=10000 loops=1)
         Sort Key: s_1.a, s_1.b
         Sort Method: quicksort  Memory: 1166kB
         ->  Seq Scan on s_1  (cost=0.00..164.00 rows=10000 width=20) (actual time=0.004..0.563 rows=10000 loops=1)
 Planning time: 0.276 ms
 Execution time: 3.984 ms
(7 rows)

===== 122 [Wed Mar  7 02:00:12 CET 2018] scale:10000 groups:100 work_mem:256MB incremental:on max_workers:0 =====
SELECT * FROM s_2 ORDER BY a, b, c
                                                                    QUERY PLAN                                                                     
---------------------------------------------------------------------------------------------------------------------------------------------------
 Limit  (cost=819.38..819.38 rows=1 width=20) (actual time=3.822..3.822 rows=0 loops=1)
   ->  Incremental Sort  (cost=0.81..719.38 rows=10000 width=20) (actual time=0.063..3.598 rows=10000 loops=1)
         Sort Key: s_2.a, s_2.b, s_2.c
         Presorted Key: s_2.a, s_2.b
         Sort Method: quicksort  Memory: 27kB
         Sort Groups: 308
         ->  Index Only Scan using s_2_a_b_e_d_c_idx on s_2  (cost=0.29..358.29 rows=10000 width=20) (actual time=0.020..1.270 rows=10000 loops=1)
               Heap Fetches: 0
 Planning time: 0.272 ms
 Execution time: 3.844 ms
(10 rows)

===== 123 [Wed Mar  7 02:00:12 CET 2018] scale:10000 groups:100 work_mem:256MB incremental:on max_workers:0 =====
SELECT * FROM s_3 ORDER BY a, b, c, d
                                                                    QUERY PLAN                                                                     
---------------------------------------------------------------------------------------------------------------------------------------------------
 Limit  (cost=819.38..819.38 rows=1 width=20) (actual time=3.203..3.203 rows=0 loops=1)
   ->  Incremental Sort  (cost=0.81..719.38 rows=10000 width=20) (actual time=0.062..2.984 rows=10000 loops=1)
         Sort Key: s_3.a, s_3.b, s_3.c, s_3.d
         Presorted Key: s_3.a, s_3.b, s_3.c
         Sort Method: quicksort  Memory: 27kB
         Sort Groups: 313
         ->  Index Only Scan using s_3_a_b_c_e_d_idx on s_3  (cost=0.29..358.29 rows=10000 width=20) (actual time=0.020..1.262 rows=10000 loops=1)
               Heap Fetches: 0
 Planning time: 0.270 ms
 Execution time: 3.225 ms
(10 rows)

===== 124 [Wed Mar  7 02:00:12 CET 2018] scale:10000 groups:100 work_mem:256MB incremental:off max_workers:0 =====
SELECT * FROM s_1 ORDER BY a, b
                                                     QUERY PLAN                                                     
--------------------------------------------------------------------------------------------------------------------
 Limit  (cost=953.39..953.39 rows=1 width=20) (actual time=3.912..3.912 rows=0 loops=1)
   ->  Sort  (cost=828.39..853.39 rows=10000 width=20) (actual time=3.361..3.695 rows=10000 loops=1)
         Sort Key: s_1.a, s_1.b
         Sort Method: quicksort  Memory: 1166kB
         ->  Seq Scan on s_1  (cost=0.00..164.00 rows=10000 width=20) (actual time=0.004..0.569 rows=10000 loops=1)
 Planning time: 0.267 ms
 Execution time: 3.969 ms
(7 rows)

===== 125 [Wed Mar  7 02:00:13 CET 2018] scale:10000 groups:100 work_mem:256MB incremental:off max_workers:0 =====
SELECT * FROM s_2 ORDER BY a, b, c
                                                     QUERY PLAN                                                     
--------------------------------------------------------------------------------------------------------------------
 Limit  (cost=953.39..953.39 rows=1 width=20) (actual time=3.820..3.820 rows=0 loops=1)
   ->  Sort  (cost=828.39..853.39 rows=10000 width=20) (actual time=3.283..3.603 rows=10000 loops=1)
         Sort Key: s_2.a, s_2.b, s_2.c
         Sort Method: quicksort  Memory: 1166kB
         ->  Seq Scan on s_2  (cost=0.00..164.00 rows=10000 width=20) (actual time=0.007..0.567 rows=10000 loops=1)
 Planning time: 0.277 ms
 Execution time: 3.877 ms
(7 rows)

===== 126 [Wed Mar  7 02:00:13 CET 2018] scale:10000 groups:100 work_mem:256MB incremental:off max_workers:0 =====
SELECT * FROM s_3 ORDER BY a, b, c, d
                                                     QUERY PLAN                                                     
--------------------------------------------------------------------------------------------------------------------
 Limit  (cost=953.39..953.39 rows=1 width=20) (actual time=3.171..3.171 rows=0 loops=1)
   ->  Sort  (cost=828.39..853.39 rows=10000 width=20) (actual time=2.641..2.954 rows=10000 loops=1)
         Sort Key: s_3.a, s_3.b, s_3.c, s_3.d
         Sort Method: quicksort  Memory: 1166kB
         ->  Seq Scan on s_3  (cost=0.00..164.00 rows=10000 width=20) (actual time=0.007..0.565 rows=10000 loops=1)
 Planning time: 0.265 ms
 Execution time: 3.228 ms
(7 rows)

===== 127 [Wed Mar  7 02:00:13 CET 2018] scale:10000 groups:100 work_mem:4MB incremental:on max_workers:2 =====
SELECT * FROM s_1 ORDER BY a, b
                                                     QUERY PLAN                                                     
--------------------------------------------------------------------------------------------------------------------
 Limit  (cost=953.39..953.39 rows=1 width=20) (actual time=3.921..3.921 rows=0 loops=1)
   ->  Sort  (cost=828.39..853.39 rows=10000 width=20) (actual time=3.360..3.705 rows=10000 loops=1)
         Sort Key: s_1.a, s_1.b
         Sort Method: quicksort  Memory: 1166kB
         ->  Seq Scan on s_1  (cost=0.00..164.00 rows=10000 width=20) (actual time=0.004..0.562 rows=10000 loops=1)
 Planning time: 0.295 ms
 Execution time: 3.979 ms
(7 rows)

===== 128 [Wed Mar  7 02:00:13 CET 2018] scale:10000 groups:100 work_mem:4MB incremental:on max_workers:2 =====
SELECT * FROM s_2 ORDER BY a, b, c
                                                                    QUERY PLAN                                                                     
---------------------------------------------------------------------------------------------------------------------------------------------------
 Limit  (cost=819.38..819.38 rows=1 width=20) (actual time=3.822..3.822 rows=0 loops=1)
   ->  Incremental Sort  (cost=0.81..719.38 rows=10000 width=20) (actual time=0.063..3.604 rows=10000 loops=1)
         Sort Key: s_2.a, s_2.b, s_2.c
         Presorted Key: s_2.a, s_2.b
         Sort Method: quicksort  Memory: 27kB
         Sort Groups: 308
         ->  Index Only Scan using s_2_a_b_e_d_c_idx on s_2  (cost=0.29..358.29 rows=10000 width=20) (actual time=0.020..1.267 rows=10000 loops=1)
               Heap Fetches: 0
 Planning time: 0.275 ms
 Execution time: 3.844 ms
(10 rows)

===== 129 [Wed Mar  7 02:00:13 CET 2018] scale:10000 groups:100 work_mem:4MB incremental:on max_workers:2 =====
SELECT * FROM s_3 ORDER BY a, b, c, d
                                                                    QUERY PLAN                                                                     
---------------------------------------------------------------------------------------------------------------------------------------------------
 Limit  (cost=819.38..819.38 rows=1 width=20) (actual time=3.207..3.207 rows=0 loops=1)
   ->  Incremental Sort  (cost=0.81..719.38 rows=10000 width=20) (actual time=0.063..2.988 rows=10000 loops=1)
         Sort Key: s_3.a, s_3.b, s_3.c, s_3.d
         Presorted Key: s_3.a, s_3.b, s_3.c
         Sort Method: quicksort  Memory: 27kB
         Sort Groups: 313
         ->  Index Only Scan using s_3_a_b_c_e_d_idx on s_3  (cost=0.29..358.29 rows=10000 width=20) (actual time=0.020..1.270 rows=10000 loops=1)
               Heap Fetches: 0
 Planning time: 0.278 ms
 Execution time: 3.229 ms
(10 rows)

===== 130 [Wed Mar  7 02:00:13 CET 2018] scale:10000 groups:100 work_mem:4MB incremental:off max_workers:2 =====
SELECT * FROM s_1 ORDER BY a, b
                                                     QUERY PLAN                                                     
--------------------------------------------------------------------------------------------------------------------
 Limit  (cost=953.39..953.39 rows=1 width=20) (actual time=3.927..3.927 rows=0 loops=1)
   ->  Sort  (cost=828.39..853.39 rows=10000 width=20) (actual time=3.370..3.709 rows=10000 loops=1)
         Sort Key: s_1.a, s_1.b
         Sort Method: quicksort  Memory: 1166kB
         ->  Seq Scan on s_1  (cost=0.00..164.00 rows=10000 width=20) (actual time=0.004..0.579 rows=10000 loops=1)
 Planning time: 0.268 ms
 Execution time: 3.984 ms
(7 rows)

===== 131 [Wed Mar  7 02:00:13 CET 2018] scale:10000 groups:100 work_mem:4MB incremental:off max_workers:2 =====
SELECT * FROM s_2 ORDER BY a, b, c
                                                     QUERY PLAN                                                     
--------------------------------------------------------------------------------------------------------------------
 Limit  (cost=953.39..953.39 rows=1 width=20) (actual time=3.823..3.823 rows=0 loops=1)
   ->  Sort  (cost=828.39..853.39 rows=10000 width=20) (actual time=3.283..3.607 rows=10000 loops=1)
         Sort Key: s_2.a, s_2.b, s_2.c
         Sort Method: quicksort  Memory: 1166kB
         ->  Seq Scan on s_2  (cost=0.00..164.00 rows=10000 width=20) (actual time=0.007..0.568 rows=10000 loops=1)
 Planning time: 0.269 ms
 Execution time: 3.881 ms
(7 rows)

===== 132 [Wed Mar  7 02:00:13 CET 2018] scale:10000 groups:100 work_mem:4MB incremental:off max_workers:2 =====
SELECT * FROM s_3 ORDER BY a, b, c, d
                                                     QUERY PLAN                                                     
--------------------------------------------------------------------------------------------------------------------
 Limit  (cost=953.39..953.39 rows=1 width=20) (actual time=3.170..3.170 rows=0 loops=1)
   ->  Sort  (cost=828.39..853.39 rows=10000 width=20) (actual time=2.642..2.953 rows=10000 loops=1)
         Sort Key: s_3.a, s_3.b, s_3.c, s_3.d
         Sort Method: quicksort  Memory: 1166kB
         ->  Seq Scan on s_3  (cost=0.00..164.00 rows=10000 width=20) (actual time=0.007..0.566 rows=10000 loops=1)
 Planning time: 0.269 ms
 Execution time: 3.227 ms
(7 rows)

===== 133 [Wed Mar  7 02:00:13 CET 2018] scale:10000 groups:100 work_mem:8MB incremental:on max_workers:2 =====
SELECT * FROM s_1 ORDER BY a, b
                                                     QUERY PLAN                                                     
--------------------------------------------------------------------------------------------------------------------
 Limit  (cost=953.39..953.39 rows=1 width=20) (actual time=3.915..3.915 rows=0 loops=1)
   ->  Sort  (cost=828.39..853.39 rows=10000 width=20) (actual time=3.360..3.699 rows=10000 loops=1)
         Sort Key: s_1.a, s_1.b
         Sort Method: quicksort  Memory: 1166kB
         ->  Seq Scan on s_1  (cost=0.00..164.00 rows=10000 width=20) (actual time=0.004..0.561 rows=10000 loops=1)
 Planning time: 0.280 ms
 Execution time: 3.975 ms
(7 rows)

===== 134 [Wed Mar  7 02:00:13 CET 2018] scale:10000 groups:100 work_mem:8MB incremental:on max_workers:2 =====
SELECT * FROM s_2 ORDER BY a, b, c
                                                                    QUERY PLAN                                                                     
---------------------------------------------------------------------------------------------------------------------------------------------------
 Limit  (cost=819.38..819.38 rows=1 width=20) (actual time=3.825..3.825 rows=0 loops=1)
   ->  Incremental Sort  (cost=0.81..719.38 rows=10000 width=20) (actual time=0.065..3.607 rows=10000 loops=1)
         Sort Key: s_2.a, s_2.b, s_2.c
         Presorted Key: s_2.a, s_2.b
         Sort Method: quicksort  Memory: 27kB
         Sort Groups: 308
         ->  Index Only Scan using s_2_a_b_e_d_c_idx on s_2  (cost=0.29..358.29 rows=10000 width=20) (actual time=0.021..1.274 rows=10000 loops=1)
               Heap Fetches: 0
 Planning time: 0.274 ms
 Execution time: 3.846 ms
(10 rows)

===== 135 [Wed Mar  7 02:00:13 CET 2018] scale:10000 groups:100 work_mem:8MB incremental:on max_workers:2 =====
SELECT * FROM s_3 ORDER BY a, b, c, d
                                                                    QUERY PLAN                                                                     
---------------------------------------------------------------------------------------------------------------------------------------------------
 Limit  (cost=819.38..819.38 rows=1 width=20) (actual time=3.198..3.198 rows=0 loops=1)
   ->  Incremental Sort  (cost=0.81..719.38 rows=10000 width=20) (actual time=0.063..2.979 rows=10000 loops=1)
         Sort Key: s_3.a, s_3.b, s_3.c, s_3.d
         Presorted Key: s_3.a, s_3.b, s_3.c
         Sort Method: quicksort  Memory: 27kB
         Sort Groups: 313
         ->  Index Only Scan using s_3_a_b_c_e_d_idx on s_3  (cost=0.29..358.29 rows=10000 width=20) (actual time=0.020..1.263 rows=10000 loops=1)
               Heap Fetches: 0
 Planning time: 0.279 ms
 Execution time: 3.221 ms
(10 rows)

===== 136 [Wed Mar  7 02:00:14 CET 2018] scale:10000 groups:100 work_mem:8MB incremental:off max_workers:2 =====
SELECT * FROM s_1 ORDER BY a, b
                                                     QUERY PLAN                                                     
--------------------------------------------------------------------------------------------------------------------
 Limit  (cost=953.39..953.39 rows=1 width=20) (actual time=3.910..3.910 rows=0 loops=1)
   ->  Sort  (cost=828.39..853.39 rows=10000 width=20) (actual time=3.362..3.694 rows=10000 loops=1)
         Sort Key: s_1.a, s_1.b
         Sort Method: quicksort  Memory: 1166kB
         ->  Seq Scan on s_1  (cost=0.00..164.00 rows=10000 width=20) (actual time=0.004..0.570 rows=10000 loops=1)
 Planning time: 0.272 ms
 Execution time: 3.967 ms
(7 rows)

===== 137 [Wed Mar  7 02:00:14 CET 2018] scale:10000 groups:100 work_mem:8MB incremental:off max_workers:2 =====
SELECT * FROM s_2 ORDER BY a, b, c
                                                     QUERY PLAN                                                     
--------------------------------------------------------------------------------------------------------------------
 Limit  (cost=953.39..953.39 rows=1 width=20) (actual time=3.825..3.825 rows=0 loops=1)
   ->  Sort  (cost=828.39..853.39 rows=10000 width=20) (actual time=3.284..3.606 rows=10000 loops=1)
         Sort Key: s_2.a, s_2.b, s_2.c
         Sort Method: quicksort  Memory: 1166kB
         ->  Seq Scan on s_2  (cost=0.00..164.00 rows=10000 width=20) (actual time=0.007..0.575 rows=10000 loops=1)
 Planning time: 0.267 ms
 Execution time: 3.882 ms
(7 rows)

===== 138 [Wed Mar  7 02:00:14 CET 2018] scale:10000 groups:100 work_mem:8MB incremental:off max_workers:2 =====
SELECT * FROM s_3 ORDER BY a, b, c, d
                                                     QUERY PLAN                                                     
--------------------------------------------------------------------------------------------------------------------
 Limit  (cost=953.39..953.39 rows=1 width=20) (actual time=3.176..3.176 rows=0 loops=1)
   ->  Sort  (cost=828.39..853.39 rows=10000 width=20) (actual time=2.641..2.956 rows=10000 loops=1)
         Sort Key: s_3.a, s_3.b, s_3.c, s_3.d
         Sort Method: quicksort  Memory: 1166kB
         ->  Seq Scan on s_3  (cost=0.00..164.00 rows=10000 width=20) (actual time=0.007..0.568 rows=10000 loops=1)
 Planning time: 0.272 ms
 Execution time: 3.232 ms
(7 rows)

===== 139 [Wed Mar  7 02:00:14 CET 2018] scale:10000 groups:100 work_mem:16MB incremental:on max_workers:2 =====
SELECT * FROM s_1 ORDER BY a, b
                                                     QUERY PLAN                                                     
--------------------------------------------------------------------------------------------------------------------
 Limit  (cost=953.39..953.39 rows=1 width=20) (actual time=3.921..3.921 rows=0 loops=1)
   ->  Sort  (cost=828.39..853.39 rows=10000 width=20) (actual time=3.362..3.703 rows=10000 loops=1)
         Sort Key: s_1.a, s_1.b
         Sort Method: quicksort  Memory: 1166kB
         ->  Seq Scan on s_1  (cost=0.00..164.00 rows=10000 width=20) (actual time=0.004..0.562 rows=10000 loops=1)
 Planning time: 0.271 ms
 Execution time: 3.977 ms
(7 rows)

===== 140 [Wed Mar  7 02:00:14 CET 2018] scale:10000 groups:100 work_mem:16MB incremental:on max_workers:2 =====
SELECT * FROM s_2 ORDER BY a, b, c
                                                                    QUERY PLAN                                                                     
---------------------------------------------------------------------------------------------------------------------------------------------------
 Limit  (cost=819.38..819.38 rows=1 width=20) (actual time=3.822..3.822 rows=0 loops=1)
   ->  Incremental Sort  (cost=0.81..719.38 rows=10000 width=20) (actual time=0.063..3.600 rows=10000 loops=1)
         Sort Key: s_2.a, s_2.b, s_2.c
         Presorted Key: s_2.a, s_2.b
         Sort Method: quicksort  Memory: 27kB
         Sort Groups: 308
         ->  Index Only Scan using s_2_a_b_e_d_c_idx on s_2  (cost=0.29..358.29 rows=10000 width=20) (actual time=0.020..1.272 rows=10000 loops=1)
               Heap Fetches: 0
 Planning time: 0.274 ms
 Execution time: 3.844 ms
(10 rows)

===== 141 [Wed Mar  7 02:00:14 CET 2018] scale:10000 groups:100 work_mem:16MB incremental:on max_workers:2 =====
SELECT * FROM s_3 ORDER BY a, b, c, d
                                                                    QUERY PLAN                                                                     
---------------------------------------------------------------------------------------------------------------------------------------------------
 Limit  (cost=819.38..819.38 rows=1 width=20) (actual time=3.206..3.206 rows=0 loops=1)
   ->  Incremental Sort  (cost=0.81..719.38 rows=10000 width=20) (actual time=0.064..2.987 rows=10000 loops=1)
         Sort Key: s_3.a, s_3.b, s_3.c, s_3.d
         Presorted Key: s_3.a, s_3.b, s_3.c
         Sort Method: quicksort  Memory: 27kB
         Sort Groups: 313
         ->  Index Only Scan using s_3_a_b_c_e_d_idx on s_3  (cost=0.29..358.29 rows=10000 width=20) (actual time=0.021..1.267 rows=10000 loops=1)
               Heap Fetches: 0
 Planning time: 0.286 ms
 Execution time: 3.228 ms
(10 rows)

===== 142 [Wed Mar  7 02:00:14 CET 2018] scale:10000 groups:100 work_mem:16MB incremental:off max_workers:2 =====
SELECT * FROM s_1 ORDER BY a, b
                                                     QUERY PLAN                                                     
--------------------------------------------------------------------------------------------------------------------
 Limit  (cost=953.39..953.39 rows=1 width=20) (actual time=3.918..3.918 rows=0 loops=1)
   ->  Sort  (cost=828.39..853.39 rows=10000 width=20) (actual time=3.362..3.702 rows=10000 loops=1)
         Sort Key: s_1.a, s_1.b
         Sort Method: quicksort  Memory: 1166kB
         ->  Seq Scan on s_1  (cost=0.00..164.00 rows=10000 width=20) (actual time=0.004..0.570 rows=10000 loops=1)
 Planning time: 0.272 ms
 Execution time: 3.977 ms
(7 rows)

===== 143 [Wed Mar  7 02:00:14 CET 2018] scale:10000 groups:100 work_mem:16MB incremental:off max_workers:2 =====
SELECT * FROM s_2 ORDER BY a, b, c
                                                     QUERY PLAN                                                     
--------------------------------------------------------------------------------------------------------------------
 Limit  (cost=953.39..953.39 rows=1 width=20) (actual time=3.835..3.835 rows=0 loops=1)
   ->  Sort  (cost=828.39..853.39 rows=10000 width=20) (actual time=3.293..3.618 rows=10000 loops=1)
         Sort Key: s_2.a, s_2.b, s_2.c
         Sort Method: quicksort  Memory: 1166kB
         ->  Seq Scan on s_2  (cost=0.00..164.00 rows=10000 width=20) (actual time=0.007..0.568 rows=10000 loops=1)
 Planning time: 0.271 ms
 Execution time: 3.891 ms
(7 rows)

===== 144 [Wed Mar  7 02:00:14 CET 2018] scale:10000 groups:100 work_mem:16MB incremental:off max_workers:2 =====
SELECT * FROM s_3 ORDER BY a, b, c, d
                                                     QUERY PLAN                                                     
--------------------------------------------------------------------------------------------------------------------
 Limit  (cost=953.39..953.39 rows=1 width=20) (actual time=3.184..3.184 rows=0 loops=1)
   ->  Sort  (cost=828.39..853.39 rows=10000 width=20) (actual time=2.645..2.964 rows=10000 loops=1)
         Sort Key: s_3.a, s_3.b, s_3.c, s_3.d
         Sort Method: quicksort  Memory: 1166kB
         ->  Seq Scan on s_3  (cost=0.00..164.00 rows=10000 width=20) (actual time=0.007..0.571 rows=10000 loops=1)
 Planning time: 0.270 ms
 Execution time: 3.240 ms
(7 rows)

===== 145 [Wed Mar  7 02:00:14 CET 2018] scale:10000 groups:100 work_mem:32MB incremental:on max_workers:2 =====
SELECT * FROM s_1 ORDER BY a, b
                                                     QUERY PLAN                                                     
--------------------------------------------------------------------------------------------------------------------
 Limit  (cost=953.39..953.39 rows=1 width=20) (actual time=3.920..3.920 rows=0 loops=1)
   ->  Sort  (cost=828.39..853.39 rows=10000 width=20) (actual time=3.370..3.704 rows=10000 loops=1)
         Sort Key: s_1.a, s_1.b
         Sort Method: quicksort  Memory: 1166kB
         ->  Seq Scan on s_1  (cost=0.00..164.00 rows=10000 width=20) (actual time=0.004..0.566 rows=10000 loops=1)
 Planning time: 0.268 ms
 Execution time: 3.976 ms
(7 rows)

===== 146 [Wed Mar  7 02:00:15 CET 2018] scale:10000 groups:100 work_mem:32MB incremental:on max_workers:2 =====
SELECT * FROM s_2 ORDER BY a, b, c
                                                                    QUERY PLAN                                                                     
---------------------------------------------------------------------------------------------------------------------------------------------------
 Limit  (cost=819.38..819.38 rows=1 width=20) (actual time=3.783..3.783 rows=0 loops=1)
   ->  Incremental Sort  (cost=0.81..719.38 rows=10000 width=20) (actual time=0.069..3.563 rows=10000 loops=1)
         Sort Key: s_2.a, s_2.b, s_2.c
         Presorted Key: s_2.a, s_2.b
         Sort Method: quicksort  Memory: 27kB
         Sort Groups: 308
         ->  Index Only Scan using s_2_a_b_e_d_c_idx on s_2  (cost=0.29..358.29 rows=10000 width=20) (actual time=0.023..1.273 rows=10000 loops=1)
               Heap Fetches: 0
 Planning time: 0.280 ms
 Execution time: 3.805 ms
(10 rows)

===== 147 [Wed Mar  7 02:00:15 CET 2018] scale:10000 groups:100 work_mem:32MB incremental:on max_workers:2 =====
SELECT * FROM s_3 ORDER BY a, b, c, d
                                                                    QUERY PLAN                                                                     
---------------------------------------------------------------------------------------------------------------------------------------------------
 Limit  (cost=819.38..819.38 rows=1 width=20) (actual time=3.199..3.199 rows=0 loops=1)
   ->  Incremental Sort  (cost=0.81..719.38 rows=10000 width=20) (actual time=0.066..2.978 rows=10000 loops=1)
         Sort Key: s_3.a, s_3.b, s_3.c, s_3.d
         Presorted Key: s_3.a, s_3.b, s_3.c
         Sort Method: quicksort  Memory: 27kB
         Sort Groups: 313
         ->  Index Only Scan using s_3_a_b_c_e_d_idx on s_3  (cost=0.29..358.29 rows=10000 width=20) (actual time=0.021..1.267 rows=10000 loops=1)
               Heap Fetches: 0
 Planning time: 0.275 ms
 Execution time: 3.221 ms
(10 rows)

===== 148 [Wed Mar  7 02:00:15 CET 2018] scale:10000 groups:100 work_mem:32MB incremental:off max_workers:2 =====
SELECT * FROM s_1 ORDER BY a, b
                                                     QUERY PLAN                                                     
--------------------------------------------------------------------------------------------------------------------
 Limit  (cost=953.39..953.39 rows=1 width=20) (actual time=3.915..3.915 rows=0 loops=1)
   ->  Sort  (cost=828.39..853.39 rows=10000 width=20) (actual time=3.361..3.696 rows=10000 loops=1)
         Sort Key: s_1.a, s_1.b
         Sort Method: quicksort  Memory: 1166kB
         ->  Seq Scan on s_1  (cost=0.00..164.00 rows=10000 width=20) (actual time=0.004..0.564 rows=10000 loops=1)
 Planning time: 0.282 ms
 Execution time: 3.972 ms
(7 rows)

===== 149 [Wed Mar  7 02:00:15 CET 2018] scale:10000 groups:100 work_mem:32MB incremental:off max_workers:2 =====
SELECT * FROM s_2 ORDER BY a, b, c
                                                     QUERY PLAN                                                     
--------------------------------------------------------------------------------------------------------------------
 Limit  (cost=953.39..953.39 rows=1 width=20) (actual time=3.839..3.839 rows=0 loops=1)
   ->  Sort  (cost=828.39..853.39 rows=10000 width=20) (actual time=3.305..3.622 rows=10000 loops=1)
         Sort Key: s_2.a, s_2.b, s_2.c
         Sort Method: quicksort  Memory: 1166kB
         ->  Seq Scan on s_2  (cost=0.00..164.00 rows=10000 width=20) (actual time=0.007..0.566 rows=10000 loops=1)
 Planning time: 0.271 ms
 Execution time: 3.900 ms
(7 rows)

===== 150 [Wed Mar  7 02:00:15 CET 2018] scale:10000 groups:100 work_mem:32MB incremental:off max_workers:2 =====
SELECT * FROM s_3 ORDER BY a, b, c, d
                                                     QUERY PLAN                                                     
--------------------------------------------------------------------------------------------------------------------
 Limit  (cost=953.39..953.39 rows=1 width=20) (actual time=3.175..3.175 rows=0 loops=1)
   ->  Sort  (cost=828.39..853.39 rows=10000 width=20) (actual time=2.635..2.959 rows=10000 loops=1)
         Sort Key: s_3.a, s_3.b, s_3.c, s_3.d
         Sort Method: quicksort  Memory: 1166kB
         ->  Seq Scan on s_3  (cost=0.00..164.00 rows=10000 width=20) (actual time=0.007..0.566 rows=10000 loops=1)
 Planning time: 0.273 ms
 Execution time: 3.232 ms
(7 rows)

===== 151 [Wed Mar  7 02:00:15 CET 2018] scale:10000 groups:100 work_mem:64MB incremental:on max_workers:2 =====
SELECT * FROM s_1 ORDER BY a, b
                                                     QUERY PLAN                                                     
--------------------------------------------------------------------------------------------------------------------
 Limit  (cost=953.39..953.39 rows=1 width=20) (actual time=3.920..3.920 rows=0 loops=1)
   ->  Sort  (cost=828.39..853.39 rows=10000 width=20) (actual time=3.360..3.704 rows=10000 loops=1)
         Sort Key: s_1.a, s_1.b
         Sort Method: quicksort  Memory: 1166kB
         ->  Seq Scan on s_1  (cost=0.00..164.00 rows=10000 width=20) (actual time=0.004..0.567 rows=10000 loops=1)
 Planning time: 0.273 ms
 Execution time: 3.977 ms
(7 rows)

===== 152 [Wed Mar  7 02:00:15 CET 2018] scale:10000 groups:100 work_mem:64MB incremental:on max_workers:2 =====
SELECT * FROM s_2 ORDER BY a, b, c
                                                                    QUERY PLAN                                                                     
---------------------------------------------------------------------------------------------------------------------------------------------------
 Limit  (cost=819.38..819.38 rows=1 width=20) (actual time=3.823..3.823 rows=0 loops=1)
   ->  Incremental Sort  (cost=0.81..719.38 rows=10000 width=20) (actual time=0.065..3.601 rows=10000 loops=1)
         Sort Key: s_2.a, s_2.b, s_2.c
         Presorted Key: s_2.a, s_2.b
         Sort Method: quicksort  Memory: 27kB
         Sort Groups: 308
         ->  Index Only Scan using s_2_a_b_e_d_c_idx on s_2  (cost=0.29..358.29 rows=10000 width=20) (actual time=0.021..1.266 rows=10000 loops=1)
               Heap Fetches: 0
 Planning time: 0.275 ms
 Execution time: 3.845 ms
(10 rows)

===== 153 [Wed Mar  7 02:00:15 CET 2018] scale:10000 groups:100 work_mem:64MB incremental:on max_workers:2 =====
SELECT * FROM s_3 ORDER BY a, b, c, d
                                                                    QUERY PLAN                                                                     
---------------------------------------------------------------------------------------------------------------------------------------------------
 Limit  (cost=819.38..819.38 rows=1 width=20) (actual time=3.206..3.206 rows=0 loops=1)
   ->  Incremental Sort  (cost=0.81..719.38 rows=10000 width=20) (actual time=0.063..2.987 rows=10000 loops=1)
         Sort Key: s_3.a, s_3.b, s_3.c, s_3.d
         Presorted Key: s_3.a, s_3.b, s_3.c
         Sort Method: quicksort  Memory: 27kB
         Sort Groups: 313
         ->  Index Only Scan using s_3_a_b_c_e_d_idx on s_3  (cost=0.29..358.29 rows=10000 width=20) (actual time=0.020..1.269 rows=10000 loops=1)
               Heap Fetches: 0
 Planning time: 0.272 ms
 Execution time: 3.228 ms
(10 rows)

===== 154 [Wed Mar  7 02:00:15 CET 2018] scale:10000 groups:100 work_mem:64MB incremental:off max_workers:2 =====
SELECT * FROM s_1 ORDER BY a, b
                                                     QUERY PLAN                                                     
--------------------------------------------------------------------------------------------------------------------
 Limit  (cost=953.39..953.39 rows=1 width=20) (actual time=3.910..3.910 rows=0 loops=1)
   ->  Sort  (cost=828.39..853.39 rows=10000 width=20) (actual time=3.360..3.693 rows=10000 loops=1)
         Sort Key: s_1.a, s_1.b
         Sort Method: quicksort  Memory: 1166kB
         ->  Seq Scan on s_1  (cost=0.00..164.00 rows=10000 width=20) (actual time=0.004..0.566 rows=10000 loops=1)
 Planning time: 0.272 ms
 Execution time: 3.966 ms
(7 rows)

===== 155 [Wed Mar  7 02:00:15 CET 2018] scale:10000 groups:100 work_mem:64MB incremental:off max_workers:2 =====
SELECT * FROM s_2 ORDER BY a, b, c
                                                     QUERY PLAN                                                     
--------------------------------------------------------------------------------------------------------------------
 Limit  (cost=953.39..953.39 rows=1 width=20) (actual time=3.834..3.834 rows=0 loops=1)
   ->  Sort  (cost=828.39..853.39 rows=10000 width=20) (actual time=3.296..3.617 rows=10000 loops=1)
         Sort Key: s_2.a, s_2.b, s_2.c
         Sort Method: quicksort  Memory: 1166kB
         ->  Seq Scan on s_2  (cost=0.00..164.00 rows=10000 width=20) (actual time=0.007..0.577 rows=10000 loops=1)
 Planning time: 0.272 ms
 Execution time: 3.890 ms
(7 rows)

===== 156 [Wed Mar  7 02:00:15 CET 2018] scale:10000 groups:100 work_mem:64MB incremental:off max_workers:2 =====
SELECT * FROM s_3 ORDER BY a, b, c, d
                                                     QUERY PLAN                                                     
--------------------------------------------------------------------------------------------------------------------
 Limit  (cost=953.39..953.39 rows=1 width=20) (actual time=3.174..3.174 rows=0 loops=1)
   ->  Sort  (cost=828.39..853.39 rows=10000 width=20) (actual time=2.642..2.956 rows=10000 loops=1)
         Sort Key: s_3.a, s_3.b, s_3.c, s_3.d
         Sort Method: quicksort  Memory: 1166kB
         ->  Seq Scan on s_3  (cost=0.00..164.00 rows=10000 width=20) (actual time=0.007..0.571 rows=10000 loops=1)
 Planning time: 0.273 ms
 Execution time: 3.232 ms
(7 rows)

===== 157 [Wed Mar  7 02:00:16 CET 2018] scale:10000 groups:100 work_mem:128MB incremental:on max_workers:2 =====
SELECT * FROM s_1 ORDER BY a, b
                                                     QUERY PLAN                                                     
--------------------------------------------------------------------------------------------------------------------
 Limit  (cost=953.39..953.39 rows=1 width=20) (actual time=3.924..3.924 rows=0 loops=1)
   ->  Sort  (cost=828.39..853.39 rows=10000 width=20) (actual time=3.364..3.706 rows=10000 loops=1)
         Sort Key: s_1.a, s_1.b
         Sort Method: quicksort  Memory: 1166kB
         ->  Seq Scan on s_1  (cost=0.00..164.00 rows=10000 width=20) (actual time=0.004..0.562 rows=10000 loops=1)
 Planning time: 0.265 ms
 Execution time: 3.981 ms
(7 rows)

===== 158 [Wed Mar  7 02:00:16 CET 2018] scale:10000 groups:100 work_mem:128MB incremental:on max_workers:2 =====
SELECT * FROM s_2 ORDER BY a, b, c
                                                                    QUERY PLAN                                                                     
---------------------------------------------------------------------------------------------------------------------------------------------------
 Limit  (cost=819.38..819.38 rows=1 width=20) (actual time=3.823..3.823 rows=0 loops=1)
   ->  Incremental Sort  (cost=0.81..719.38 rows=10000 width=20) (actual time=0.063..3.605 rows=10000 loops=1)
         Sort Key: s_2.a, s_2.b, s_2.c
         Presorted Key: s_2.a, s_2.b
         Sort Method: quicksort  Memory: 27kB
         Sort Groups: 308
         ->  Index Only Scan using s_2_a_b_e_d_c_idx on s_2  (cost=0.29..358.29 rows=10000 width=20) (actual time=0.020..1.267 rows=10000 loops=1)
               Heap Fetches: 0
 Planning time: 0.277 ms
 Execution time: 3.845 ms
(10 rows)

===== 159 [Wed Mar  7 02:00:16 CET 2018] scale:10000 groups:100 work_mem:128MB incremental:on max_workers:2 =====
SELECT * FROM s_3 ORDER BY a, b, c, d
                                                                    QUERY PLAN                                                                     
---------------------------------------------------------------------------------------------------------------------------------------------------
 Limit  (cost=819.38..819.38 rows=1 width=20) (actual time=3.208..3.208 rows=0 loops=1)
   ->  Incremental Sort  (cost=0.81..719.38 rows=10000 width=20) (actual time=0.063..2.989 rows=10000 loops=1)
         Sort Key: s_3.a, s_3.b, s_3.c, s_3.d
         Presorted Key: s_3.a, s_3.b, s_3.c
         Sort Method: quicksort  Memory: 27kB
         Sort Groups: 313
         ->  Index Only Scan using s_3_a_b_c_e_d_idx on s_3  (cost=0.29..358.29 rows=10000 width=20) (actual time=0.020..1.268 rows=10000 loops=1)
               Heap Fetches: 0
 Planning time: 0.285 ms
 Execution time: 3.230 ms
(10 rows)

===== 160 [Wed Mar  7 02:00:16 CET 2018] scale:10000 groups:100 work_mem:128MB incremental:off max_workers:2 =====
SELECT * FROM s_1 ORDER BY a, b
                                                     QUERY PLAN                                                     
--------------------------------------------------------------------------------------------------------------------
 Limit  (cost=953.39..953.39 rows=1 width=20) (actual time=3.913..3.913 rows=0 loops=1)
   ->  Sort  (cost=828.39..853.39 rows=10000 width=20) (actual time=3.359..3.696 rows=10000 loops=1)
         Sort Key: s_1.a, s_1.b
         Sort Method: quicksort  Memory: 1166kB
         ->  Seq Scan on s_1  (cost=0.00..164.00 rows=10000 width=20) (actual time=0.004..0.567 rows=10000 loops=1)
 Planning time: 0.267 ms
 Execution time: 3.969 ms
(7 rows)

===== 161 [Wed Mar  7 02:00:16 CET 2018] scale:10000 groups:100 work_mem:128MB incremental:off max_workers:2 =====
SELECT * FROM s_2 ORDER BY a, b, c
                                                     QUERY PLAN                                                     
--------------------------------------------------------------------------------------------------------------------
 Limit  (cost=953.39..953.39 rows=1 width=20) (actual time=3.838..3.838 rows=0 loops=1)
   ->  Sort  (cost=828.39..853.39 rows=10000 width=20) (actual time=3.302..3.621 rows=10000 loops=1)
         Sort Key: s_2.a, s_2.b, s_2.c
         Sort Method: quicksort  Memory: 1166kB
         ->  Seq Scan on s_2  (cost=0.00..164.00 rows=10000 width=20) (actual time=0.007..0.567 rows=10000 loops=1)
 Planning time: 0.273 ms
 Execution time: 3.898 ms
(7 rows)

===== 162 [Wed Mar  7 02:00:16 CET 2018] scale:10000 groups:100 work_mem:128MB incremental:off max_workers:2 =====
SELECT * FROM s_3 ORDER BY a, b, c, d
                                                     QUERY PLAN                                                     
--------------------------------------------------------------------------------------------------------------------
 Limit  (cost=953.39..953.39 rows=1 width=20) (actual time=3.172..3.172 rows=0 loops=1)
   ->  Sort  (cost=828.39..853.39 rows=10000 width=20) (actual time=2.640..2.955 rows=10000 loops=1)
         Sort Key: s_3.a, s_3.b, s_3.c, s_3.d
         Sort Method: quicksort  Memory: 1166kB
         ->  Seq Scan on s_3  (cost=0.00..164.00 rows=10000 width=20) (actual time=0.007..0.570 rows=10000 loops=1)
 Planning time: 0.270 ms
 Execution time: 3.229 ms
(7 rows)

===== 163 [Wed Mar  7 02:00:16 CET 2018] scale:10000 groups:100 work_mem:256MB incremental:on max_workers:2 =====
SELECT * FROM s_1 ORDER BY a, b
                                                     QUERY PLAN                                                     
--------------------------------------------------------------------------------------------------------------------
 Limit  (cost=953.39..953.39 rows=1 width=20) (actual time=3.918..3.918 rows=0 loops=1)
   ->  Sort  (cost=828.39..853.39 rows=10000 width=20) (actual time=3.358..3.702 rows=10000 loops=1)
         Sort Key: s_1.a, s_1.b
         Sort Method: quicksort  Memory: 1166kB
         ->  Seq Scan on s_1  (cost=0.00..164.00 rows=10000 width=20) (actual time=0.004..0.565 rows=10000 loops=1)
 Planning time: 0.273 ms
 Execution time: 3.978 ms
(7 rows)

===== 164 [Wed Mar  7 02:00:16 CET 2018] scale:10000 groups:100 work_mem:256MB incremental:on max_workers:2 =====
SELECT * FROM s_2 ORDER BY a, b, c
                                                                    QUERY PLAN                                                                     
---------------------------------------------------------------------------------------------------------------------------------------------------
 Limit  (cost=819.38..819.38 rows=1 width=20) (actual time=3.821..3.821 rows=0 loops=1)
   ->  Incremental Sort  (cost=0.81..719.38 rows=10000 width=20) (actual time=0.063..3.602 rows=10000 loops=1)
         Sort Key: s_2.a, s_2.b, s_2.c
         Presorted Key: s_2.a, s_2.b
         Sort Method: quicksort  Memory: 27kB
         Sort Groups: 308
         ->  Index Only Scan using s_2_a_b_e_d_c_idx on s_2  (cost=0.29..358.29 rows=10000 width=20) (actual time=0.020..1.268 rows=10000 loops=1)
               Heap Fetches: 0
 Planning time: 0.273 ms
 Execution time: 3.844 ms
(10 rows)

===== 165 [Wed Mar  7 02:00:16 CET 2018] scale:10000 groups:100 work_mem:256MB incremental:on max_workers:2 =====
SELECT * FROM s_3 ORDER BY a, b, c, d
                                                                    QUERY PLAN                                                                     
---------------------------------------------------------------------------------------------------------------------------------------------------
 Limit  (cost=819.38..819.38 rows=1 width=20) (actual time=3.204..3.204 rows=0 loops=1)
   ->  Incremental Sort  (cost=0.81..719.38 rows=10000 width=20) (actual time=0.063..2.986 rows=10000 loops=1)
         Sort Key: s_3.a, s_3.b, s_3.c, s_3.d
         Presorted Key: s_3.a, s_3.b, s_3.c
         Sort Method: quicksort  Memory: 27kB
         Sort Groups: 313
         ->  Index Only Scan using s_3_a_b_c_e_d_idx on s_3  (cost=0.29..358.29 rows=10000 width=20) (actual time=0.020..1.271 rows=10000 loops=1)
               Heap Fetches: 0
 Planning time: 0.274 ms
 Execution time: 3.226 ms
(10 rows)

===== 166 [Wed Mar  7 02:00:16 CET 2018] scale:10000 groups:100 work_mem:256MB incremental:off max_workers:2 =====
SELECT * FROM s_1 ORDER BY a, b
                                                     QUERY PLAN                                                     
--------------------------------------------------------------------------------------------------------------------
 Limit  (cost=953.39..953.39 rows=1 width=20) (actual time=3.915..3.915 rows=0 loops=1)
   ->  Sort  (cost=828.39..853.39 rows=10000 width=20) (actual time=3.369..3.696 rows=10000 loops=1)
         Sort Key: s_1.a, s_1.b
         Sort Method: quicksort  Memory: 1166kB
         ->  Seq Scan on s_1  (cost=0.00..164.00 rows=10000 width=20) (actual time=0.004..0.564 rows=10000 loops=1)
 Planning time: 0.269 ms
 Execution time: 3.971 ms
(7 rows)

===== 167 [Wed Mar  7 02:00:16 CET 2018] scale:10000 groups:100 work_mem:256MB incremental:off max_workers:2 =====
SELECT * FROM s_2 ORDER BY a, b, c
                                                     QUERY PLAN                                                     
--------------------------------------------------------------------------------------------------------------------
 Limit  (cost=953.39..953.39 rows=1 width=20) (actual time=3.833..3.833 rows=0 loops=1)
   ->  Sort  (cost=828.39..853.39 rows=10000 width=20) (actual time=3.295..3.615 rows=10000 loops=1)
         Sort Key: s_2.a, s_2.b, s_2.c
         Sort Method: quicksort  Memory: 1166kB
         ->  Seq Scan on s_2  (cost=0.00..164.00 rows=10000 width=20) (actual time=0.007..0.574 rows=10000 loops=1)
 Planning time: 0.271 ms
 Execution time: 3.889 ms
(7 rows)

===== 168 [Wed Mar  7 02:00:17 CET 2018] scale:10000 groups:100 work_mem:256MB incremental:off max_workers:2 =====
SELECT * FROM s_3 ORDER BY a, b, c, d
                                                     QUERY PLAN                                                     
--------------------------------------------------------------------------------------------------------------------
 Limit  (cost=953.39..953.39 rows=1 width=20) (actual time=3.167..3.167 rows=0 loops=1)
   ->  Sort  (cost=828.39..853.39 rows=10000 width=20) (actual time=2.637..2.950 rows=10000 loops=1)
         Sort Key: s_3.a, s_3.b, s_3.c, s_3.d
         Sort Method: quicksort  Memory: 1166kB
         ->  Seq Scan on s_3  (cost=0.00..164.00 rows=10000 width=20) (actual time=0.007..0.571 rows=10000 loops=1)
 Planning time: 0.272 ms
 Execution time: 3.223 ms
(7 rows)

===== 169 [Wed Mar  7 02:00:17 CET 2018] scale:10000 groups:1000 work_mem:4MB incremental:on max_workers:0 =====
SELECT * FROM s_1 ORDER BY a, b
                                                                    QUERY PLAN                                                                     
---------------------------------------------------------------------------------------------------------------------------------------------------
 Limit  (cost=819.33..819.33 rows=1 width=20) (actual time=3.999..3.999 rows=0 loops=1)
   ->  Incremental Sort  (cost=0.81..719.33 rows=10000 width=20) (actual time=0.085..3.778 rows=10000 loops=1)
         Sort Key: s_1.a, s_1.b
         Presorted Key: s_1.a
         Sort Method: quicksort  Memory: 28kB
         Sort Groups: 273
         ->  Index Only Scan using s_1_a_e_d_c_b_idx on s_1  (cost=0.29..358.29 rows=10000 width=20) (actual time=0.035..1.506 rows=10000 loops=1)
               Heap Fetches: 0
 Planning time: 0.270 ms
 Execution time: 4.021 ms
(10 rows)

===== 170 [Wed Mar  7 02:00:17 CET 2018] scale:10000 groups:1000 work_mem:4MB incremental:on max_workers:0 =====
SELECT * FROM s_2 ORDER BY a, b, c
                                                                    QUERY PLAN                                                                     
---------------------------------------------------------------------------------------------------------------------------------------------------
 Limit  (cost=819.33..819.33 rows=1 width=20) (actual time=3.341..3.341 rows=0 loops=1)
   ->  Incremental Sort  (cost=0.81..719.33 rows=10000 width=20) (actual time=0.082..3.121 rows=10000 loops=1)
         Sort Key: s_2.a, s_2.b, s_2.c
         Presorted Key: s_2.a, s_2.b
         Sort Method: quicksort  Memory: 27kB
         Sort Groups: 313
         ->  Index Only Scan using s_2_a_b_e_d_c_idx on s_2  (cost=0.29..358.29 rows=10000 width=20) (actual time=0.037..1.494 rows=10000 loops=1)
               Heap Fetches: 0
 Planning time: 0.280 ms
 Execution time: 3.363 ms
(10 rows)

===== 171 [Wed Mar  7 02:00:18 CET 2018] scale:10000 groups:1000 work_mem:4MB incremental:on max_workers:0 =====
SELECT * FROM s_3 ORDER BY a, b, c, d
                                                                    QUERY PLAN                                                                     
---------------------------------------------------------------------------------------------------------------------------------------------------
 Limit  (cost=819.33..819.33 rows=1 width=20) (actual time=3.325..3.325 rows=0 loops=1)
   ->  Incremental Sort  (cost=0.81..719.33 rows=10000 width=20) (actual time=0.080..3.105 rows=10000 loops=1)
         Sort Key: s_3.a, s_3.b, s_3.c, s_3.d
         Presorted Key: s_3.a, s_3.b, s_3.c
         Sort Method: quicksort  Memory: 27kB
         Sort Groups: 313
         ->  Index Only Scan using s_3_a_b_c_e_d_idx on s_3  (cost=0.29..358.29 rows=10000 width=20) (actual time=0.034..1.484 rows=10000 loops=1)
               Heap Fetches: 0
 Planning time: 0.279 ms
 Execution time: 3.348 ms
(10 rows)

===== 172 [Wed Mar  7 02:00:18 CET 2018] scale:10000 groups:1000 work_mem:4MB incremental:off max_workers:0 =====
SELECT * FROM s_1 ORDER BY a, b
                                                     QUERY PLAN                                                     
--------------------------------------------------------------------------------------------------------------------
 Limit  (cost=953.39..953.39 rows=1 width=20) (actual time=3.576..3.576 rows=0 loops=1)
   ->  Sort  (cost=828.39..853.39 rows=10000 width=20) (actual time=3.036..3.359 rows=10000 loops=1)
         Sort Key: s_1.a, s_1.b
         Sort Method: quicksort  Memory: 1166kB
         ->  Seq Scan on s_1  (cost=0.00..164.00 rows=10000 width=20) (actual time=0.004..0.577 rows=10000 loops=1)
 Planning time: 0.264 ms
 Execution time: 3.632 ms
(7 rows)

===== 173 [Wed Mar  7 02:00:18 CET 2018] scale:10000 groups:1000 work_mem:4MB incremental:off max_workers:0 =====
SELECT * FROM s_2 ORDER BY a, b, c
                                                     QUERY PLAN                                                     
--------------------------------------------------------------------------------------------------------------------
 Limit  (cost=953.39..953.39 rows=1 width=20) (actual time=2.968..2.968 rows=0 loops=1)
   ->  Sort  (cost=828.39..853.39 rows=10000 width=20) (actual time=2.430..2.750 rows=10000 loops=1)
         Sort Key: s_2.a, s_2.b, s_2.c
         Sort Method: quicksort  Memory: 1166kB
         ->  Seq Scan on s_2  (cost=0.00..164.00 rows=10000 width=20) (actual time=0.010..0.573 rows=10000 loops=1)
 Planning time: 0.276 ms
 Execution time: 3.025 ms
(7 rows)

===== 174 [Wed Mar  7 02:00:18 CET 2018] scale:10000 groups:1000 work_mem:4MB incremental:off max_workers:0 =====
SELECT * FROM s_3 ORDER BY a, b, c, d
                                                     QUERY PLAN                                                     
--------------------------------------------------------------------------------------------------------------------
 Limit  (cost=953.39..953.39 rows=1 width=20) (actual time=2.361..2.361 rows=0 loops=1)
   ->  Sort  (cost=828.39..853.39 rows=10000 width=20) (actual time=1.823..2.143 rows=10000 loops=1)
         Sort Key: s_3.a, s_3.b, s_3.c, s_3.d
         Sort Method: quicksort  Memory: 1166kB
         ->  Seq Scan on s_3  (cost=0.00..164.00 rows=10000 width=20) (actual time=0.007..0.579 rows=10000 loops=1)
 Planning time: 0.280 ms
 Execution time: 2.418 ms
(7 rows)

===== 175 [Wed Mar  7 02:00:18 CET 2018] scale:10000 groups:1000 work_mem:8MB incremental:on max_workers:0 =====
SELECT * FROM s_1 ORDER BY a, b
                                                                    QUERY PLAN                                                                     
---------------------------------------------------------------------------------------------------------------------------------------------------
 Limit  (cost=819.33..819.33 rows=1 width=20) (actual time=3.791..3.791 rows=0 loops=1)
   ->  Incremental Sort  (cost=0.81..719.33 rows=10000 width=20) (actual time=0.073..3.573 rows=10000 loops=1)
         Sort Key: s_1.a, s_1.b
         Presorted Key: s_1.a
         Sort Method: quicksort  Memory: 28kB
         Sort Groups: 273
         ->  Index Only Scan using s_1_a_e_d_c_b_idx on s_1  (cost=0.29..358.29 rows=10000 width=20) (actual time=0.021..1.276 rows=10000 loops=1)
               Heap Fetches: 0
 Planning time: 0.267 ms
 Execution time: 3.813 ms
(10 rows)

===== 176 [Wed Mar  7 02:00:18 CET 2018] scale:10000 groups:1000 work_mem:8MB incremental:on max_workers:0 =====
SELECT * FROM s_2 ORDER BY a, b, c
                                                                    QUERY PLAN                                                                     
---------------------------------------------------------------------------------------------------------------------------------------------------
 Limit  (cost=819.33..819.33 rows=1 width=20) (actual time=3.123..3.123 rows=0 loops=1)
   ->  Incremental Sort  (cost=0.81..719.33 rows=10000 width=20) (actual time=0.067..2.903 rows=10000 loops=1)
         Sort Key: s_2.a, s_2.b, s_2.c
         Presorted Key: s_2.a, s_2.b
         Sort Method: quicksort  Memory: 27kB
         Sort Groups: 313
         ->  Index Only Scan using s_2_a_b_e_d_c_idx on s_2  (cost=0.29..358.29 rows=10000 width=20) (actual time=0.023..1.278 rows=10000 loops=1)
               Heap Fetches: 0
 Planning time: 0.276 ms
 Execution time: 3.145 ms
(10 rows)

===== 177 [Wed Mar  7 02:00:18 CET 2018] scale:10000 groups:1000 work_mem:8MB incremental:on max_workers:0 =====
SELECT * FROM s_3 ORDER BY a, b, c, d
                                                                    QUERY PLAN                                                                     
---------------------------------------------------------------------------------------------------------------------------------------------------
 Limit  (cost=819.33..819.33 rows=1 width=20) (actual time=3.105..3.105 rows=0 loops=1)
   ->  Incremental Sort  (cost=0.81..719.33 rows=10000 width=20) (actual time=0.064..2.886 rows=10000 loops=1)
         Sort Key: s_3.a, s_3.b, s_3.c, s_3.d
         Presorted Key: s_3.a, s_3.b, s_3.c
         Sort Method: quicksort  Memory: 27kB
         Sort Groups: 313
         ->  Index Only Scan using s_3_a_b_c_e_d_idx on s_3  (cost=0.29..358.29 rows=10000 width=20) (actual time=0.020..1.276 rows=10000 loops=1)
               Heap Fetches: 0
 Planning time: 0.279 ms
 Execution time: 3.127 ms
(10 rows)

===== 178 [Wed Mar  7 02:00:18 CET 2018] scale:10000 groups:1000 work_mem:8MB incremental:off max_workers:0 =====
SELECT * FROM s_1 ORDER BY a, b
                                                     QUERY PLAN                                                     
--------------------------------------------------------------------------------------------------------------------
 Limit  (cost=953.39..953.39 rows=1 width=20) (actual time=3.574..3.574 rows=0 loops=1)
   ->  Sort  (cost=828.39..853.39 rows=10000 width=20) (actual time=3.035..3.357 rows=10000 loops=1)
         Sort Key: s_1.a, s_1.b
         Sort Method: quicksort  Memory: 1166kB
         ->  Seq Scan on s_1  (cost=0.00..164.00 rows=10000 width=20) (actual time=0.004..0.581 rows=10000 loops=1)
 Planning time: 0.258 ms
 Execution time: 3.630 ms
(7 rows)

===== 179 [Wed Mar  7 02:00:18 CET 2018] scale:10000 groups:1000 work_mem:8MB incremental:off max_workers:0 =====
SELECT * FROM s_2 ORDER BY a, b, c
                                                     QUERY PLAN                                                     
--------------------------------------------------------------------------------------------------------------------
 Limit  (cost=953.39..953.39 rows=1 width=20) (actual time=2.964..2.964 rows=0 loops=1)
   ->  Sort  (cost=828.39..853.39 rows=10000 width=20) (actual time=2.431..2.746 rows=10000 loops=1)
         Sort Key: s_2.a, s_2.b, s_2.c
         Sort Method: quicksort  Memory: 1166kB
         ->  Seq Scan on s_2  (cost=0.00..164.00 rows=10000 width=20) (actual time=0.010..0.576 rows=10000 loops=1)
 Planning time: 0.275 ms
 Execution time: 3.021 ms
(7 rows)

===== 180 [Wed Mar  7 02:00:18 CET 2018] scale:10000 groups:1000 work_mem:8MB incremental:off max_workers:0 =====
SELECT * FROM s_3 ORDER BY a, b, c, d
                                                     QUERY PLAN                                                     
--------------------------------------------------------------------------------------------------------------------
 Limit  (cost=953.39..953.39 rows=1 width=20) (actual time=2.359..2.359 rows=0 loops=1)
   ->  Sort  (cost=828.39..853.39 rows=10000 width=20) (actual time=1.824..2.141 rows=10000 loops=1)
         Sort Key: s_3.a, s_3.b, s_3.c, s_3.d
         Sort Method: quicksort  Memory: 1166kB
         ->  Seq Scan on s_3  (cost=0.00..164.00 rows=10000 width=20) (actual time=0.007..0.585 rows=10000 loops=1)
 Planning time: 0.273 ms
 Execution time: 2.417 ms
(7 rows)

===== 181 [Wed Mar  7 02:00:18 CET 2018] scale:10000 groups:1000 work_mem:16MB incremental:on max_workers:0 =====
SELECT * FROM s_1 ORDER BY a, b
                                                                    QUERY PLAN                                                                     
---------------------------------------------------------------------------------------------------------------------------------------------------
 Limit  (cost=819.33..819.33 rows=1 width=20) (actual time=3.754..3.754 rows=0 loops=1)
   ->  Incremental Sort  (cost=0.81..719.33 rows=10000 width=20) (actual time=0.072..3.533 rows=10000 loops=1)
         Sort Key: s_1.a, s_1.b
         Presorted Key: s_1.a
         Sort Method: quicksort  Memory: 28kB
         Sort Groups: 273
         ->  Index Only Scan using s_1_a_e_d_c_b_idx on s_1  (cost=0.29..358.29 rows=10000 width=20) (actual time=0.022..1.282 rows=10000 loops=1)
               Heap Fetches: 0
 Planning time: 0.262 ms
 Execution time: 3.775 ms
(10 rows)

===== 182 [Wed Mar  7 02:00:19 CET 2018] scale:10000 groups:1000 work_mem:16MB incremental:on max_workers:0 =====
SELECT * FROM s_2 ORDER BY a, b, c
                                                                    QUERY PLAN                                                                     
---------------------------------------------------------------------------------------------------------------------------------------------------
 Limit  (cost=819.33..819.33 rows=1 width=20) (actual time=3.093..3.093 rows=0 loops=1)
   ->  Incremental Sort  (cost=0.81..719.33 rows=10000 width=20) (actual time=0.068..2.875 rows=10000 loops=1)
         Sort Key: s_2.a, s_2.b, s_2.c
         Presorted Key: s_2.a, s_2.b
         Sort Method: quicksort  Memory: 27kB
         Sort Groups: 313
         ->  Index Only Scan using s_2_a_b_e_d_c_idx on s_2  (cost=0.29..358.29 rows=10000 width=20) (actual time=0.025..1.282 rows=10000 loops=1)
               Heap Fetches: 0
 Planning time: 0.276 ms
 Execution time: 3.115 ms
(10 rows)

===== 183 [Wed Mar  7 02:00:19 CET 2018] scale:10000 groups:1000 work_mem:16MB incremental:on max_workers:0 =====
SELECT * FROM s_3 ORDER BY a, b, c, d
                                                                    QUERY PLAN                                                                     
---------------------------------------------------------------------------------------------------------------------------------------------------
 Limit  (cost=819.33..819.33 rows=1 width=20) (actual time=3.098..3.098 rows=0 loops=1)
   ->  Incremental Sort  (cost=0.81..719.33 rows=10000 width=20) (actual time=0.069..2.879 rows=10000 loops=1)
         Sort Key: s_3.a, s_3.b, s_3.c, s_3.d
         Presorted Key: s_3.a, s_3.b, s_3.c
         Sort Method: quicksort  Memory: 27kB
         Sort Groups: 313
         ->  Index Only Scan using s_3_a_b_c_e_d_idx on s_3  (cost=0.29..358.29 rows=10000 width=20) (actual time=0.021..1.269 rows=10000 loops=1)
               Heap Fetches: 0
 Planning time: 0.272 ms
 Execution time: 3.120 ms
(10 rows)

===== 184 [Wed Mar  7 02:00:19 CET 2018] scale:10000 groups:1000 work_mem:16MB incremental:off max_workers:0 =====
SELECT * FROM s_1 ORDER BY a, b
                                                     QUERY PLAN                                                     
--------------------------------------------------------------------------------------------------------------------
 Limit  (cost=953.39..953.39 rows=1 width=20) (actual time=3.576..3.576 rows=0 loops=1)
   ->  Sort  (cost=828.39..853.39 rows=10000 width=20) (actual time=3.035..3.357 rows=10000 loops=1)
         Sort Key: s_1.a, s_1.b
         Sort Method: quicksort  Memory: 1166kB
         ->  Seq Scan on s_1  (cost=0.00..164.00 rows=10000 width=20) (actual time=0.004..0.580 rows=10000 loops=1)
 Planning time: 0.261 ms
 Execution time: 3.633 ms
(7 rows)

===== 185 [Wed Mar  7 02:00:19 CET 2018] scale:10000 groups:1000 work_mem:16MB incremental:off max_workers:0 =====
SELECT * FROM s_2 ORDER BY a, b, c
                                                     QUERY PLAN                                                     
--------------------------------------------------------------------------------------------------------------------
 Limit  (cost=953.39..953.39 rows=1 width=20) (actual time=2.966..2.966 rows=0 loops=1)
   ->  Sort  (cost=828.39..853.39 rows=10000 width=20) (actual time=2.432..2.747 rows=10000 loops=1)
         Sort Key: s_2.a, s_2.b, s_2.c
         Sort Method: quicksort  Memory: 1166kB
         ->  Seq Scan on s_2  (cost=0.00..164.00 rows=10000 width=20) (actual time=0.010..0.580 rows=10000 loops=1)
 Planning time: 0.273 ms
 Execution time: 3.021 ms
(7 rows)

===== 186 [Wed Mar  7 02:00:19 CET 2018] scale:10000 groups:1000 work_mem:16MB incremental:off max_workers:0 =====
SELECT * FROM s_3 ORDER BY a, b, c, d
                                                     QUERY PLAN                                                     
--------------------------------------------------------------------------------------------------------------------
 Limit  (cost=953.39..953.39 rows=1 width=20) (actual time=2.348..2.348 rows=0 loops=1)
   ->  Sort  (cost=828.39..853.39 rows=10000 width=20) (actual time=1.817..2.132 rows=10000 loops=1)
         Sort Key: s_3.a, s_3.b, s_3.c, s_3.d
         Sort Method: quicksort  Memory: 1166kB
         ->  Seq Scan on s_3  (cost=0.00..164.00 rows=10000 width=20) (actual time=0.007..0.581 rows=10000 loops=1)
 Planning time: 0.267 ms
 Execution time: 2.405 ms
(7 rows)

===== 187 [Wed Mar  7 02:00:19 CET 2018] scale:10000 groups:1000 work_mem:32MB incremental:on max_workers:0 =====
SELECT * FROM s_1 ORDER BY a, b
                                                                    QUERY PLAN                                                                     
---------------------------------------------------------------------------------------------------------------------------------------------------
 Limit  (cost=819.33..819.33 rows=1 width=20) (actual time=3.793..3.793 rows=0 loops=1)
   ->  Incremental Sort  (cost=0.81..719.33 rows=10000 width=20) (actual time=0.073..3.572 rows=10000 loops=1)
         Sort Key: s_1.a, s_1.b
         Presorted Key: s_1.a
         Sort Method: quicksort  Memory: 28kB
         Sort Groups: 273
         ->  Index Only Scan using s_1_a_e_d_c_b_idx on s_1  (cost=0.29..358.29 rows=10000 width=20) (actual time=0.021..1.273 rows=10000 loops=1)
               Heap Fetches: 0
 Planning time: 0.259 ms
 Execution time: 3.814 ms
(10 rows)

===== 188 [Wed Mar  7 02:00:19 CET 2018] scale:10000 groups:1000 work_mem:32MB incremental:on max_workers:0 =====
SELECT * FROM s_2 ORDER BY a, b, c
                                                                    QUERY PLAN                                                                     
---------------------------------------------------------------------------------------------------------------------------------------------------
 Limit  (cost=819.33..819.33 rows=1 width=20) (actual time=3.121..3.121 rows=0 loops=1)
   ->  Incremental Sort  (cost=0.81..719.33 rows=10000 width=20) (actual time=0.070..2.902 rows=10000 loops=1)
         Sort Key: s_2.a, s_2.b, s_2.c
         Presorted Key: s_2.a, s_2.b
         Sort Method: quicksort  Memory: 27kB
         Sort Groups: 313
         ->  Index Only Scan using s_2_a_b_e_d_c_idx on s_2  (cost=0.29..358.29 rows=10000 width=20) (actual time=0.023..1.273 rows=10000 loops=1)
               Heap Fetches: 0
 Planning time: 0.281 ms
 Execution time: 3.144 ms
(10 rows)

===== 189 [Wed Mar  7 02:00:19 CET 2018] scale:10000 groups:1000 work_mem:32MB incremental:on max_workers:0 =====
SELECT * FROM s_3 ORDER BY a, b, c, d
                                                                    QUERY PLAN                                                                     
---------------------------------------------------------------------------------------------------------------------------------------------------
 Limit  (cost=819.33..819.33 rows=1 width=20) (actual time=3.102..3.102 rows=0 loops=1)
   ->  Incremental Sort  (cost=0.81..719.33 rows=10000 width=20) (actual time=0.065..2.883 rows=10000 loops=1)
         Sort Key: s_3.a, s_3.b, s_3.c, s_3.d
         Presorted Key: s_3.a, s_3.b, s_3.c
         Sort Method: quicksort  Memory: 27kB
         Sort Groups: 313
         ->  Index Only Scan using s_3_a_b_c_e_d_idx on s_3  (cost=0.29..358.29 rows=10000 width=20) (actual time=0.021..1.276 rows=10000 loops=1)
               Heap Fetches: 0
 Planning time: 0.284 ms
 Execution time: 3.124 ms
(10 rows)

===== 190 [Wed Mar  7 02:00:19 CET 2018] scale:10000 groups:1000 work_mem:32MB incremental:off max_workers:0 =====
SELECT * FROM s_1 ORDER BY a, b
                                                     QUERY PLAN                                                     
--------------------------------------------------------------------------------------------------------------------
 Limit  (cost=953.39..953.39 rows=1 width=20) (actual time=3.575..3.575 rows=0 loops=1)
   ->  Sort  (cost=828.39..853.39 rows=10000 width=20) (actual time=3.039..3.356 rows=10000 loops=1)
         Sort Key: s_1.a, s_1.b
         Sort Method: quicksort  Memory: 1166kB
         ->  Seq Scan on s_1  (cost=0.00..164.00 rows=10000 width=20) (actual time=0.004..0.577 rows=10000 loops=1)
 Planning time: 0.278 ms
 Execution time: 3.632 ms
(7 rows)

===== 191 [Wed Mar  7 02:00:19 CET 2018] scale:10000 groups:1000 work_mem:32MB incremental:off max_workers:0 =====
SELECT * FROM s_2 ORDER BY a, b, c
                                                     QUERY PLAN                                                     
--------------------------------------------------------------------------------------------------------------------
 Limit  (cost=953.39..953.39 rows=1 width=20) (actual time=2.966..2.966 rows=0 loops=1)
   ->  Sort  (cost=828.39..853.39 rows=10000 width=20) (actual time=2.437..2.748 rows=10000 loops=1)
         Sort Key: s_2.a, s_2.b, s_2.c
         Sort Method: quicksort  Memory: 1166kB
         ->  Seq Scan on s_2  (cost=0.00..164.00 rows=10000 width=20) (actual time=0.010..0.578 rows=10000 loops=1)
 Planning time: 0.274 ms
 Execution time: 3.023 ms
(7 rows)

===== 192 [Wed Mar  7 02:00:19 CET 2018] scale:10000 groups:1000 work_mem:32MB incremental:off max_workers:0 =====
SELECT * FROM s_3 ORDER BY a, b, c, d
                                                     QUERY PLAN                                                     
--------------------------------------------------------------------------------------------------------------------
 Limit  (cost=953.39..953.39 rows=1 width=20) (actual time=2.344..2.344 rows=0 loops=1)
   ->  Sort  (cost=828.39..853.39 rows=10000 width=20) (actual time=1.814..2.126 rows=10000 loops=1)
         Sort Key: s_3.a, s_3.b, s_3.c, s_3.d
         Sort Method: quicksort  Memory: 1166kB
         ->  Seq Scan on s_3  (cost=0.00..164.00 rows=10000 width=20) (actual time=0.007..0.574 rows=10000 loops=1)
 Planning time: 0.275 ms
 Execution time: 2.400 ms
(7 rows)

===== 193 [Wed Mar  7 02:00:20 CET 2018] scale:10000 groups:1000 work_mem:64MB incremental:on max_workers:0 =====
SELECT * FROM s_1 ORDER BY a, b
                                                                    QUERY PLAN                                                                     
---------------------------------------------------------------------------------------------------------------------------------------------------
 Limit  (cost=819.33..819.33 rows=1 width=20) (actual time=3.788..3.788 rows=0 loops=1)
   ->  Incremental Sort  (cost=0.81..719.33 rows=10000 width=20) (actual time=0.071..3.567 rows=10000 loops=1)
         Sort Key: s_1.a, s_1.b
         Presorted Key: s_1.a
         Sort Method: quicksort  Memory: 28kB
         Sort Groups: 273
         ->  Index Only Scan using s_1_a_e_d_c_b_idx on s_1  (cost=0.29..358.29 rows=10000 width=20) (actual time=0.021..1.280 rows=10000 loops=1)
               Heap Fetches: 0
 Planning time: 0.262 ms
 Execution time: 3.810 ms
(10 rows)

===== 194 [Wed Mar  7 02:00:20 CET 2018] scale:10000 groups:1000 work_mem:64MB incremental:on max_workers:0 =====
SELECT * FROM s_2 ORDER BY a, b, c
                                                                    QUERY PLAN                                                                     
---------------------------------------------------------------------------------------------------------------------------------------------------
 Limit  (cost=819.33..819.33 rows=1 width=20) (actual time=3.124..3.124 rows=0 loops=1)
   ->  Incremental Sort  (cost=0.81..719.33 rows=10000 width=20) (actual time=0.070..2.904 rows=10000 loops=1)
         Sort Key: s_2.a, s_2.b, s_2.c
         Presorted Key: s_2.a, s_2.b
         Sort Method: quicksort  Memory: 27kB
         Sort Groups: 313
         ->  Index Only Scan using s_2_a_b_e_d_c_idx on s_2  (cost=0.29..358.29 rows=10000 width=20) (actual time=0.028..1.281 rows=10000 loops=1)
               Heap Fetches: 0
 Planning time: 0.276 ms
 Execution time: 3.146 ms
(10 rows)

===== 195 [Wed Mar  7 02:00:20 CET 2018] scale:10000 groups:1000 work_mem:64MB incremental:on max_workers:0 =====
SELECT * FROM s_3 ORDER BY a, b, c, d
                                                                    QUERY PLAN                                                                     
---------------------------------------------------------------------------------------------------------------------------------------------------
 Limit  (cost=819.33..819.33 rows=1 width=20) (actual time=3.106..3.106 rows=0 loops=1)
   ->  Incremental Sort  (cost=0.81..719.33 rows=10000 width=20) (actual time=0.065..2.888 rows=10000 loops=1)
         Sort Key: s_3.a, s_3.b, s_3.c, s_3.d
         Presorted Key: s_3.a, s_3.b, s_3.c
         Sort Method: quicksort  Memory: 27kB
         Sort Groups: 313
         ->  Index Only Scan using s_3_a_b_c_e_d_idx on s_3  (cost=0.29..358.29 rows=10000 width=20) (actual time=0.020..1.282 rows=10000 loops=1)
               Heap Fetches: 0
 Planning time: 0.281 ms
 Execution time: 3.128 ms
(10 rows)

===== 196 [Wed Mar  7 02:00:20 CET 2018] scale:10000 groups:1000 work_mem:64MB incremental:off max_workers:0 =====
SELECT * FROM s_1 ORDER BY a, b
                                                     QUERY PLAN                                                     
--------------------------------------------------------------------------------------------------------------------
 Limit  (cost=953.39..953.39 rows=1 width=20) (actual time=3.580..3.580 rows=0 loops=1)
   ->  Sort  (cost=828.39..853.39 rows=10000 width=20) (actual time=3.040..3.361 rows=10000 loops=1)
         Sort Key: s_1.a, s_1.b
         Sort Method: quicksort  Memory: 1166kB
         ->  Seq Scan on s_1  (cost=0.00..164.00 rows=10000 width=20) (actual time=0.004..0.580 rows=10000 loops=1)
 Planning time: 0.262 ms
 Execution time: 3.636 ms
(7 rows)

===== 197 [Wed Mar  7 02:00:20 CET 2018] scale:10000 groups:1000 work_mem:64MB incremental:off max_workers:0 =====
SELECT * FROM s_2 ORDER BY a, b, c
                                                     QUERY PLAN                                                     
--------------------------------------------------------------------------------------------------------------------
 Limit  (cost=953.39..953.39 rows=1 width=20) (actual time=2.963..2.963 rows=0 loops=1)
   ->  Sort  (cost=828.39..853.39 rows=10000 width=20) (actual time=2.429..2.747 rows=10000 loops=1)
         Sort Key: s_2.a, s_2.b, s_2.c
         Sort Method: quicksort  Memory: 1166kB
         ->  Seq Scan on s_2  (cost=0.00..164.00 rows=10000 width=20) (actual time=0.010..0.580 rows=10000 loops=1)
 Planning time: 0.278 ms
 Execution time: 3.020 ms
(7 rows)

===== 198 [Wed Mar  7 02:00:20 CET 2018] scale:10000 groups:1000 work_mem:64MB incremental:off max_workers:0 =====
SELECT * FROM s_3 ORDER BY a, b, c, d
                                                     QUERY PLAN                                                     
--------------------------------------------------------------------------------------------------------------------
 Limit  (cost=953.39..953.39 rows=1 width=20) (actual time=2.354..2.354 rows=0 loops=1)
   ->  Sort  (cost=828.39..853.39 rows=10000 width=20) (actual time=1.823..2.136 rows=10000 loops=1)
         Sort Key: s_3.a, s_3.b, s_3.c, s_3.d
         Sort Method: quicksort  Memory: 1166kB
         ->  Seq Scan on s_3  (cost=0.00..164.00 rows=10000 width=20) (actual time=0.007..0.575 rows=10000 loops=1)
 Planning time: 0.275 ms
 Execution time: 2.411 ms
(7 rows)

===== 199 [Wed Mar  7 02:00:20 CET 2018] scale:10000 groups:1000 work_mem:128MB incremental:on max_workers:0 =====
SELECT * FROM s_1 ORDER BY a, b
                                                                    QUERY PLAN                                                                     
---------------------------------------------------------------------------------------------------------------------------------------------------
 Limit  (cost=819.33..819.33 rows=1 width=20) (actual time=3.782..3.782 rows=0 loops=1)
   ->  Incremental Sort  (cost=0.81..719.33 rows=10000 width=20) (actual time=0.070..3.562 rows=10000 loops=1)
         Sort Key: s_1.a, s_1.b
         Presorted Key: s_1.a
         Sort Method: quicksort  Memory: 28kB
         Sort Groups: 273
         ->  Index Only Scan using s_1_a_e_d_c_b_idx on s_1  (cost=0.29..358.29 rows=10000 width=20) (actual time=0.021..1.280 rows=10000 loops=1)
               Heap Fetches: 0
 Planning time: 0.275 ms
 Execution time: 3.804 ms
(10 rows)

===== 200 [Wed Mar  7 02:00:20 CET 2018] scale:10000 groups:1000 work_mem:128MB incremental:on max_workers:0 =====
SELECT * FROM s_2 ORDER BY a, b, c
                                                                    QUERY PLAN                                                                     
---------------------------------------------------------------------------------------------------------------------------------------------------
 Limit  (cost=819.33..819.33 rows=1 width=20) (actual time=3.121..3.121 rows=0 loops=1)
   ->  Incremental Sort  (cost=0.81..719.33 rows=10000 width=20) (actual time=0.065..2.901 rows=10000 loops=1)
         Sort Key: s_2.a, s_2.b, s_2.c
         Presorted Key: s_2.a, s_2.b
         Sort Method: quicksort  Memory: 27kB
         Sort Groups: 313
         ->  Index Only Scan using s_2_a_b_e_d_c_idx on s_2  (cost=0.29..358.29 rows=10000 width=20) (actual time=0.023..1.274 rows=10000 loops=1)
               Heap Fetches: 0
 Planning time: 0.275 ms
 Execution time: 3.142 ms
(10 rows)

===== 201 [Wed Mar  7 02:00:20 CET 2018] scale:10000 groups:1000 work_mem:128MB incremental:on max_workers:0 =====
SELECT * FROM s_3 ORDER BY a, b, c, d
                                                                    QUERY PLAN                                                                     
---------------------------------------------------------------------------------------------------------------------------------------------------
 Limit  (cost=819.33..819.33 rows=1 width=20) (actual time=3.106..3.106 rows=0 loops=1)
   ->  Incremental Sort  (cost=0.81..719.33 rows=10000 width=20) (actual time=0.066..2.883 rows=10000 loops=1)
         Sort Key: s_3.a, s_3.b, s_3.c, s_3.d
         Presorted Key: s_3.a, s_3.b, s_3.c
         Sort Method: quicksort  Memory: 27kB
         Sort Groups: 313
         ->  Index Only Scan using s_3_a_b_c_e_d_idx on s_3  (cost=0.29..358.29 rows=10000 width=20) (actual time=0.020..1.279 rows=10000 loops=1)
               Heap Fetches: 0
 Planning time: 0.276 ms
 Execution time: 3.128 ms
(10 rows)

===== 202 [Wed Mar  7 02:00:20 CET 2018] scale:10000 groups:1000 work_mem:128MB incremental:off max_workers:0 =====
SELECT * FROM s_1 ORDER BY a, b
                                                     QUERY PLAN                                                     
--------------------------------------------------------------------------------------------------------------------
 Limit  (cost=953.39..953.39 rows=1 width=20) (actual time=3.577..3.577 rows=0 loops=1)
   ->  Sort  (cost=828.39..853.39 rows=10000 width=20) (actual time=3.038..3.360 rows=10000 loops=1)
         Sort Key: s_1.a, s_1.b
         Sort Method: quicksort  Memory: 1166kB
         ->  Seq Scan on s_1  (cost=0.00..164.00 rows=10000 width=20) (actual time=0.004..0.577 rows=10000 loops=1)
 Planning time: 0.263 ms
 Execution time: 3.634 ms
(7 rows)

===== 203 [Wed Mar  7 02:00:20 CET 2018] scale:10000 groups:1000 work_mem:128MB incremental:off max_workers:0 =====
SELECT * FROM s_2 ORDER BY a, b, c
                                                     QUERY PLAN                                                     
--------------------------------------------------------------------------------------------------------------------
 Limit  (cost=953.39..953.39 rows=1 width=20) (actual time=2.967..2.967 rows=0 loops=1)
   ->  Sort  (cost=828.39..853.39 rows=10000 width=20) (actual time=2.434..2.750 rows=10000 loops=1)
         Sort Key: s_2.a, s_2.b, s_2.c
         Sort Method: quicksort  Memory: 1166kB
         ->  Seq Scan on s_2  (cost=0.00..164.00 rows=10000 width=20) (actual time=0.010..0.574 rows=10000 loops=1)
 Planning time: 0.270 ms
 Execution time: 3.024 ms
(7 rows)

===== 204 [Wed Mar  7 02:00:21 CET 2018] scale:10000 groups:1000 work_mem:128MB incremental:off max_workers:0 =====
SELECT * FROM s_3 ORDER BY a, b, c, d
                                                     QUERY PLAN                                                     
--------------------------------------------------------------------------------------------------------------------
 Limit  (cost=953.39..953.39 rows=1 width=20) (actual time=2.358..2.358 rows=0 loops=1)
   ->  Sort  (cost=828.39..853.39 rows=10000 width=20) (actual time=1.823..2.137 rows=10000 loops=1)
         Sort Key: s_3.a, s_3.b, s_3.c, s_3.d
         Sort Method: quicksort  Memory: 1166kB
         ->  Seq Scan on s_3  (cost=0.00..164.00 rows=10000 width=20) (actual time=0.007..0.580 rows=10000 loops=1)
 Planning time: 0.270 ms
 Execution time: 2.415 ms
(7 rows)

===== 205 [Wed Mar  7 02:00:21 CET 2018] scale:10000 groups:1000 work_mem:256MB incremental:on max_workers:0 =====
SELECT * FROM s_1 ORDER BY a, b
                                                                    QUERY PLAN                                                                     
---------------------------------------------------------------------------------------------------------------------------------------------------
 Limit  (cost=819.33..819.33 rows=1 width=20) (actual time=3.799..3.799 rows=0 loops=1)
   ->  Incremental Sort  (cost=0.81..719.33 rows=10000 width=20) (actual time=0.074..3.580 rows=10000 loops=1)
         Sort Key: s_1.a, s_1.b
         Presorted Key: s_1.a
         Sort Method: quicksort  Memory: 28kB
         Sort Groups: 273
         ->  Index Only Scan using s_1_a_e_d_c_b_idx on s_1  (cost=0.29..358.29 rows=10000 width=20) (actual time=0.021..1.285 rows=10000 loops=1)
               Heap Fetches: 0
 Planning time: 0.263 ms
 Execution time: 3.820 ms
(10 rows)

===== 206 [Wed Mar  7 02:00:21 CET 2018] scale:10000 groups:1000 work_mem:256MB incremental:on max_workers:0 =====
SELECT * FROM s_2 ORDER BY a, b, c
                                                                    QUERY PLAN                                                                     
---------------------------------------------------------------------------------------------------------------------------------------------------
 Limit  (cost=819.33..819.33 rows=1 width=20) (actual time=3.115..3.115 rows=0 loops=1)
   ->  Incremental Sort  (cost=0.81..719.33 rows=10000 width=20) (actual time=0.065..2.895 rows=10000 loops=1)
         Sort Key: s_2.a, s_2.b, s_2.c
         Presorted Key: s_2.a, s_2.b
         Sort Method: quicksort  Memory: 27kB
         Sort Groups: 313
         ->  Index Only Scan using s_2_a_b_e_d_c_idx on s_2  (cost=0.29..358.29 rows=10000 width=20) (actual time=0.023..1.270 rows=10000 loops=1)
               Heap Fetches: 0
 Planning time: 0.277 ms
 Execution time: 3.137 ms
(10 rows)

===== 207 [Wed Mar  7 02:00:21 CET 2018] scale:10000 groups:1000 work_mem:256MB incremental:on max_workers:0 =====
SELECT * FROM s_3 ORDER BY a, b, c, d
                                                                    QUERY PLAN                                                                     
---------------------------------------------------------------------------------------------------------------------------------------------------
 Limit  (cost=819.33..819.33 rows=1 width=20) (actual time=3.103..3.103 rows=0 loops=1)
   ->  Incremental Sort  (cost=0.81..719.33 rows=10000 width=20) (actual time=0.064..2.884 rows=10000 loops=1)
         Sort Key: s_3.a, s_3.b, s_3.c, s_3.d
         Presorted Key: s_3.a, s_3.b, s_3.c
         Sort Method: quicksort  Memory: 27kB
         Sort Groups: 313
         ->  Index Only Scan using s_3_a_b_c_e_d_idx on s_3  (cost=0.29..358.29 rows=10000 width=20) (actual time=0.020..1.278 rows=10000 loops=1)
               Heap Fetches: 0
 Planning time: 0.280 ms
 Execution time: 3.125 ms
(10 rows)

===== 208 [Wed Mar  7 02:00:21 CET 2018] scale:10000 groups:1000 work_mem:256MB incremental:off max_workers:0 =====
SELECT * FROM s_1 ORDER BY a, b
                                                     QUERY PLAN                                                     
--------------------------------------------------------------------------------------------------------------------
 Limit  (cost=953.39..953.39 rows=1 width=20) (actual time=3.571..3.571 rows=0 loops=1)
   ->  Sort  (cost=828.39..853.39 rows=10000 width=20) (actual time=3.036..3.353 rows=10000 loops=1)
         Sort Key: s_1.a, s_1.b
         Sort Method: quicksort  Memory: 1166kB
         ->  Seq Scan on s_1  (cost=0.00..164.00 rows=10000 width=20) (actual time=0.004..0.577 rows=10000 loops=1)
 Planning time: 0.273 ms
 Execution time: 3.627 ms
(7 rows)

===== 209 [Wed Mar  7 02:00:21 CET 2018] scale:10000 groups:1000 work_mem:256MB incremental:off max_workers:0 =====
SELECT * FROM s_2 ORDER BY a, b, c
                                                     QUERY PLAN                                                     
--------------------------------------------------------------------------------------------------------------------
 Limit  (cost=953.39..953.39 rows=1 width=20) (actual time=2.957..2.957 rows=0 loops=1)
   ->  Sort  (cost=828.39..853.39 rows=10000 width=20) (actual time=2.427..2.741 rows=10000 loops=1)
         Sort Key: s_2.a, s_2.b, s_2.c
         Sort Method: quicksort  Memory: 1166kB
         ->  Seq Scan on s_2  (cost=0.00..164.00 rows=10000 width=20) (actual time=0.010..0.575 rows=10000 loops=1)
 Planning time: 0.276 ms
 Execution time: 3.022 ms
(7 rows)

===== 210 [Wed Mar  7 02:00:21 CET 2018] scale:10000 groups:1000 work_mem:256MB incremental:off max_workers:0 =====
SELECT * FROM s_3 ORDER BY a, b, c, d
                                                     QUERY PLAN                                                     
--------------------------------------------------------------------------------------------------------------------
 Limit  (cost=953.39..953.39 rows=1 width=20) (actual time=2.352..2.352 rows=0 loops=1)
   ->  Sort  (cost=828.39..853.39 rows=10000 width=20) (actual time=1.812..2.128 rows=10000 loops=1)
         Sort Key: s_3.a, s_3.b, s_3.c, s_3.d
         Sort Method: quicksort  Memory: 1166kB
         ->  Seq Scan on s_3  (cost=0.00..164.00 rows=10000 width=20) (actual time=0.007..0.579 rows=10000 loops=1)
 Planning time: 0.276 ms
 Execution time: 2.409 ms
(7 rows)

===== 211 [Wed Mar  7 02:00:21 CET 2018] scale:10000 groups:1000 work_mem:4MB incremental:on max_workers:2 =====
SELECT * FROM s_1 ORDER BY a, b
                                                                    QUERY PLAN                                                                     
---------------------------------------------------------------------------------------------------------------------------------------------------
 Limit  (cost=819.33..819.33 rows=1 width=20) (actual time=3.791..3.791 rows=0 loops=1)
   ->  Incremental Sort  (cost=0.81..719.33 rows=10000 width=20) (actual time=0.072..3.573 rows=10000 loops=1)
         Sort Key: s_1.a, s_1.b
         Presorted Key: s_1.a
         Sort Method: quicksort  Memory: 28kB
         Sort Groups: 273
         ->  Index Only Scan using s_1_a_e_d_c_b_idx on s_1  (cost=0.29..358.29 rows=10000 width=20) (actual time=0.021..1.279 rows=10000 loops=1)
               Heap Fetches: 0
 Planning time: 0.264 ms
 Execution time: 3.813 ms
(10 rows)

===== 212 [Wed Mar  7 02:00:21 CET 2018] scale:10000 groups:1000 work_mem:4MB incremental:on max_workers:2 =====
SELECT * FROM s_2 ORDER BY a, b, c
                                                                    QUERY PLAN                                                                     
---------------------------------------------------------------------------------------------------------------------------------------------------
 Limit  (cost=819.33..819.33 rows=1 width=20) (actual time=3.120..3.120 rows=0 loops=1)
   ->  Incremental Sort  (cost=0.81..719.33 rows=10000 width=20) (actual time=0.068..2.900 rows=10000 loops=1)
         Sort Key: s_2.a, s_2.b, s_2.c
         Presorted Key: s_2.a, s_2.b
         Sort Method: quicksort  Memory: 27kB
         Sort Groups: 313
         ->  Index Only Scan using s_2_a_b_e_d_c_idx on s_2  (cost=0.29..358.29 rows=10000 width=20) (actual time=0.023..1.272 rows=10000 loops=1)
               Heap Fetches: 0
 Planning time: 0.277 ms
 Execution time: 3.142 ms
(10 rows)

===== 213 [Wed Mar  7 02:00:21 CET 2018] scale:10000 groups:1000 work_mem:4MB incremental:on max_workers:2 =====
SELECT * FROM s_3 ORDER BY a, b, c, d
                                                                    QUERY PLAN                                                                     
---------------------------------------------------------------------------------------------------------------------------------------------------
 Limit  (cost=819.33..819.33 rows=1 width=20) (actual time=3.102..3.102 rows=0 loops=1)
   ->  Incremental Sort  (cost=0.81..719.33 rows=10000 width=20) (actual time=0.065..2.883 rows=10000 loops=1)
         Sort Key: s_3.a, s_3.b, s_3.c, s_3.d
         Presorted Key: s_3.a, s_3.b, s_3.c
         Sort Method: quicksort  Memory: 27kB
         Sort Groups: 313
         ->  Index Only Scan using s_3_a_b_c_e_d_idx on s_3  (cost=0.29..358.29 rows=10000 width=20) (actual time=0.020..1.273 rows=10000 loops=1)
               Heap Fetches: 0
 Planning time: 0.274 ms
 Execution time: 3.125 ms
(10 rows)

===== 214 [Wed Mar  7 02:00:21 CET 2018] scale:10000 groups:1000 work_mem:4MB incremental:off max_workers:2 =====
SELECT * FROM s_1 ORDER BY a, b
                                                     QUERY PLAN                                                     
--------------------------------------------------------------------------------------------------------------------
 Limit  (cost=953.39..953.39 rows=1 width=20) (actual time=3.594..3.594 rows=0 loops=1)
   ->  Sort  (cost=828.39..853.39 rows=10000 width=20) (actual time=3.050..3.378 rows=10000 loops=1)
         Sort Key: s_1.a, s_1.b
         Sort Method: quicksort  Memory: 1166kB
         ->  Seq Scan on s_1  (cost=0.00..164.00 rows=10000 width=20) (actual time=0.004..0.591 rows=10000 loops=1)
 Planning time: 0.261 ms
 Execution time: 3.651 ms
(7 rows)

===== 215 [Wed Mar  7 02:00:22 CET 2018] scale:10000 groups:1000 work_mem:4MB incremental:off max_workers:2 =====
SELECT * FROM s_2 ORDER BY a, b, c
                                                     QUERY PLAN                                                     
--------------------------------------------------------------------------------------------------------------------
 Limit  (cost=953.39..953.39 rows=1 width=20) (actual time=2.966..2.966 rows=0 loops=1)
   ->  Sort  (cost=828.39..853.39 rows=10000 width=20) (actual time=2.436..2.750 rows=10000 loops=1)
         Sort Key: s_2.a, s_2.b, s_2.c
         Sort Method: quicksort  Memory: 1166kB
         ->  Seq Scan on s_2  (cost=0.00..164.00 rows=10000 width=20) (actual time=0.010..0.576 rows=10000 loops=1)
 Planning time: 0.275 ms
 Execution time: 3.023 ms
(7 rows)

===== 216 [Wed Mar  7 02:00:22 CET 2018] scale:10000 groups:1000 work_mem:4MB incremental:off max_workers:2 =====
SELECT * FROM s_3 ORDER BY a, b, c, d
                                                     QUERY PLAN                                                     
--------------------------------------------------------------------------------------------------------------------
 Limit  (cost=953.39..953.39 rows=1 width=20) (actual time=2.353..2.353 rows=0 loops=1)
   ->  Sort  (cost=828.39..853.39 rows=10000 width=20) (actual time=1.823..2.136 rows=10000 loops=1)
         Sort Key: s_3.a, s_3.b, s_3.c, s_3.d
         Sort Method: quicksort  Memory: 1166kB
         ->  Seq Scan on s_3  (cost=0.00..164.00 rows=10000 width=20) (actual time=0.007..0.576 rows=10000 loops=1)
 Planning time: 0.278 ms
 Execution time: 2.410 ms
(7 rows)

===== 217 [Wed Mar  7 02:00:22 CET 2018] scale:10000 groups:1000 work_mem:8MB incremental:on max_workers:2 =====
SELECT * FROM s_1 ORDER BY a, b
                                                                    QUERY PLAN                                                                     
---------------------------------------------------------------------------------------------------------------------------------------------------
 Limit  (cost=819.33..819.33 rows=1 width=20) (actual time=3.787..3.787 rows=0 loops=1)
   ->  Incremental Sort  (cost=0.81..719.33 rows=10000 width=20) (actual time=0.078..3.568 rows=10000 loops=1)
         Sort Key: s_1.a, s_1.b
         Presorted Key: s_1.a
         Sort Method: quicksort  Memory: 28kB
         Sort Groups: 273
         ->  Index Only Scan using s_1_a_e_d_c_b_idx on s_1  (cost=0.29..358.29 rows=10000 width=20) (actual time=0.021..1.277 rows=10000 loops=1)
               Heap Fetches: 0
 Planning time: 0.267 ms
 Execution time: 3.809 ms
(10 rows)

===== 218 [Wed Mar  7 02:00:22 CET 2018] scale:10000 groups:1000 work_mem:8MB incremental:on max_workers:2 =====
SELECT * FROM s_2 ORDER BY a, b, c
                                                                    QUERY PLAN                                                                     
---------------------------------------------------------------------------------------------------------------------------------------------------
 Limit  (cost=819.33..819.33 rows=1 width=20) (actual time=3.120..3.120 rows=0 loops=1)
   ->  Incremental Sort  (cost=0.81..719.33 rows=10000 width=20) (actual time=0.073..2.900 rows=10000 loops=1)
         Sort Key: s_2.a, s_2.b, s_2.c
         Presorted Key: s_2.a, s_2.b
         Sort Method: quicksort  Memory: 27kB
         Sort Groups: 313
         ->  Index Only Scan using s_2_a_b_e_d_c_idx on s_2  (cost=0.29..358.29 rows=10000 width=20) (actual time=0.023..1.272 rows=10000 loops=1)
               Heap Fetches: 0
 Planning time: 0.279 ms
 Execution time: 3.141 ms
(10 rows)

===== 219 [Wed Mar  7 02:00:22 CET 2018] scale:10000 groups:1000 work_mem:8MB incremental:on max_workers:2 =====
SELECT * FROM s_3 ORDER BY a, b, c, d
                                                                    QUERY PLAN                                                                     
---------------------------------------------------------------------------------------------------------------------------------------------------
 Limit  (cost=819.33..819.33 rows=1 width=20) (actual time=3.105..3.105 rows=0 loops=1)
   ->  Incremental Sort  (cost=0.81..719.33 rows=10000 width=20) (actual time=0.065..2.885 rows=10000 loops=1)
         Sort Key: s_3.a, s_3.b, s_3.c, s_3.d
         Presorted Key: s_3.a, s_3.b, s_3.c
         Sort Method: quicksort  Memory: 27kB
         Sort Groups: 313
         ->  Index Only Scan using s_3_a_b_c_e_d_idx on s_3  (cost=0.29..358.29 rows=10000 width=20) (actual time=0.020..1.285 rows=10000 loops=1)
               Heap Fetches: 0
 Planning time: 0.273 ms
 Execution time: 3.127 ms
(10 rows)

===== 220 [Wed Mar  7 02:00:22 CET 2018] scale:10000 groups:1000 work_mem:8MB incremental:off max_workers:2 =====
SELECT * FROM s_1 ORDER BY a, b
                                                     QUERY PLAN                                                     
--------------------------------------------------------------------------------------------------------------------
 Limit  (cost=953.39..953.39 rows=1 width=20) (actual time=3.577..3.577 rows=0 loops=1)
   ->  Sort  (cost=828.39..853.39 rows=10000 width=20) (actual time=3.038..3.359 rows=10000 loops=1)
         Sort Key: s_1.a, s_1.b
         Sort Method: quicksort  Memory: 1166kB
         ->  Seq Scan on s_1  (cost=0.00..164.00 rows=10000 width=20) (actual time=0.004..0.581 rows=10000 loops=1)
 Planning time: 0.267 ms
 Execution time: 3.634 ms
(7 rows)

===== 221 [Wed Mar  7 02:00:22 CET 2018] scale:10000 groups:1000 work_mem:8MB incremental:off max_workers:2 =====
SELECT * FROM s_2 ORDER BY a, b, c
                                                     QUERY PLAN                                                     
--------------------------------------------------------------------------------------------------------------------
 Limit  (cost=953.39..953.39 rows=1 width=20) (actual time=2.968..2.968 rows=0 loops=1)
   ->  Sort  (cost=828.39..853.39 rows=10000 width=20) (actual time=2.431..2.749 rows=10000 loops=1)
         Sort Key: s_2.a, s_2.b, s_2.c
         Sort Method: quicksort  Memory: 1166kB
         ->  Seq Scan on s_2  (cost=0.00..164.00 rows=10000 width=20) (actual time=0.010..0.576 rows=10000 loops=1)
 Planning time: 0.281 ms
 Execution time: 3.024 ms
(7 rows)

===== 222 [Wed Mar  7 02:00:22 CET 2018] scale:10000 groups:1000 work_mem:8MB incremental:off max_workers:2 =====
SELECT * FROM s_3 ORDER BY a, b, c, d
                                                     QUERY PLAN                                                     
--------------------------------------------------------------------------------------------------------------------
 Limit  (cost=953.39..953.39 rows=1 width=20) (actual time=2.362..2.362 rows=0 loops=1)
   ->  Sort  (cost=828.39..853.39 rows=10000 width=20) (actual time=1.826..2.144 rows=10000 loops=1)
         Sort Key: s_3.a, s_3.b, s_3.c, s_3.d
         Sort Method: quicksort  Memory: 1166kB
         ->  Seq Scan on s_3  (cost=0.00..164.00 rows=10000 width=20) (actual time=0.007..0.582 rows=10000 loops=1)
 Planning time: 0.271 ms
 Execution time: 2.418 ms
(7 rows)

===== 223 [Wed Mar  7 02:00:22 CET 2018] scale:10000 groups:1000 work_mem:16MB incremental:on max_workers:2 =====
SELECT * FROM s_1 ORDER BY a, b
                                                                    QUERY PLAN                                                                     
---------------------------------------------------------------------------------------------------------------------------------------------------
 Limit  (cost=819.33..819.33 rows=1 width=20) (actual time=3.793..3.793 rows=0 loops=1)
   ->  Incremental Sort  (cost=0.81..719.33 rows=10000 width=20) (actual time=0.073..3.575 rows=10000 loops=1)
         Sort Key: s_1.a, s_1.b
         Presorted Key: s_1.a
         Sort Method: quicksort  Memory: 28kB
         Sort Groups: 273
         ->  Index Only Scan using s_1_a_e_d_c_b_idx on s_1  (cost=0.29..358.29 rows=10000 width=20) (actual time=0.021..1.280 rows=10000 loops=1)
               Heap Fetches: 0
 Planning time: 0.270 ms
 Execution time: 3.814 ms
(10 rows)

===== 224 [Wed Mar  7 02:00:22 CET 2018] scale:10000 groups:1000 work_mem:16MB incremental:on max_workers:2 =====
SELECT * FROM s_2 ORDER BY a, b, c
                                                                    QUERY PLAN                                                                     
---------------------------------------------------------------------------------------------------------------------------------------------------
 Limit  (cost=819.33..819.33 rows=1 width=20) (actual time=3.129..3.129 rows=0 loops=1)
   ->  Incremental Sort  (cost=0.81..719.33 rows=10000 width=20) (actual time=0.065..2.899 rows=10000 loops=1)
         Sort Key: s_2.a, s_2.b, s_2.c
         Presorted Key: s_2.a, s_2.b
         Sort Method: quicksort  Memory: 27kB
         Sort Groups: 313
         ->  Index Only Scan using s_2_a_b_e_d_c_idx on s_2  (cost=0.29..358.29 rows=10000 width=20) (actual time=0.023..1.276 rows=10000 loops=1)
               Heap Fetches: 0
 Planning time: 0.282 ms
 Execution time: 3.151 ms
(10 rows)

===== 225 [Wed Mar  7 02:00:22 CET 2018] scale:10000 groups:1000 work_mem:16MB incremental:on max_workers:2 =====
SELECT * FROM s_3 ORDER BY a, b, c, d
                                                                    QUERY PLAN                                                                     
---------------------------------------------------------------------------------------------------------------------------------------------------
 Limit  (cost=819.33..819.33 rows=1 width=20) (actual time=3.108..3.108 rows=0 loops=1)
   ->  Incremental Sort  (cost=0.81..719.33 rows=10000 width=20) (actual time=0.065..2.889 rows=10000 loops=1)
         Sort Key: s_3.a, s_3.b, s_3.c, s_3.d
         Presorted Key: s_3.a, s_3.b, s_3.c
         Sort Method: quicksort  Memory: 27kB
         Sort Groups: 313
         ->  Index Only Scan using s_3_a_b_c_e_d_idx on s_3  (cost=0.29..358.29 rows=10000 width=20) (actual time=0.020..1.279 rows=10000 loops=1)
               Heap Fetches: 0
 Planning time: 0.274 ms
 Execution time: 3.129 ms
(10 rows)

===== 226 [Wed Mar  7 02:00:23 CET 2018] scale:10000 groups:1000 work_mem:16MB incremental:off max_workers:2 =====
SELECT * FROM s_1 ORDER BY a, b
                                                     QUERY PLAN                                                     
--------------------------------------------------------------------------------------------------------------------
 Limit  (cost=953.39..953.39 rows=1 width=20) (actual time=3.580..3.580 rows=0 loops=1)
   ->  Sort  (cost=828.39..853.39 rows=10000 width=20) (actual time=3.038..3.360 rows=10000 loops=1)
         Sort Key: s_1.a, s_1.b
         Sort Method: quicksort  Memory: 1166kB
         ->  Seq Scan on s_1  (cost=0.00..164.00 rows=10000 width=20) (actual time=0.004..0.579 rows=10000 loops=1)
 Planning time: 0.266 ms
 Execution time: 3.639 ms
(7 rows)

===== 227 [Wed Mar  7 02:00:23 CET 2018] scale:10000 groups:1000 work_mem:16MB incremental:off max_workers:2 =====
SELECT * FROM s_2 ORDER BY a, b, c
                                                     QUERY PLAN                                                     
--------------------------------------------------------------------------------------------------------------------
 Limit  (cost=953.39..953.39 rows=1 width=20) (actual time=2.965..2.965 rows=0 loops=1)
   ->  Sort  (cost=828.39..853.39 rows=10000 width=20) (actual time=2.432..2.743 rows=10000 loops=1)
         Sort Key: s_2.a, s_2.b, s_2.c
         Sort Method: quicksort  Memory: 1166kB
         ->  Seq Scan on s_2  (cost=0.00..164.00 rows=10000 width=20) (actual time=0.010..0.573 rows=10000 loops=1)
 Planning time: 0.279 ms
 Execution time: 3.024 ms
(7 rows)

===== 228 [Wed Mar  7 02:00:23 CET 2018] scale:10000 groups:1000 work_mem:16MB incremental:off max_workers:2 =====
SELECT * FROM s_3 ORDER BY a, b, c, d
                                                     QUERY PLAN                                                     
--------------------------------------------------------------------------------------------------------------------
 Limit  (cost=953.39..953.39 rows=1 width=20) (actual time=2.352..2.352 rows=0 loops=1)
   ->  Sort  (cost=828.39..853.39 rows=10000 width=20) (actual time=1.819..2.133 rows=10000 loops=1)
         Sort Key: s_3.a, s_3.b, s_3.c, s_3.d
         Sort Method: quicksort  Memory: 1166kB
         ->  Seq Scan on s_3  (cost=0.00..164.00 rows=10000 width=20) (actual time=0.007..0.574 rows=10000 loops=1)
 Planning time: 0.271 ms
 Execution time: 2.412 ms
(7 rows)

===== 229 [Wed Mar  7 02:00:23 CET 2018] scale:10000 groups:1000 work_mem:32MB incremental:on max_workers:2 =====
SELECT * FROM s_1 ORDER BY a, b
                                                                    QUERY PLAN                                                                     
---------------------------------------------------------------------------------------------------------------------------------------------------
 Limit  (cost=819.33..819.33 rows=1 width=20) (actual time=3.790..3.790 rows=0 loops=1)
   ->  Incremental Sort  (cost=0.81..719.33 rows=10000 width=20) (actual time=0.077..3.572 rows=10000 loops=1)
         Sort Key: s_1.a, s_1.b
         Presorted Key: s_1.a
         Sort Method: quicksort  Memory: 28kB
         Sort Groups: 273
         ->  Index Only Scan using s_1_a_e_d_c_b_idx on s_1  (cost=0.29..358.29 rows=10000 width=20) (actual time=0.023..1.282 rows=10000 loops=1)
               Heap Fetches: 0
 Planning time: 0.270 ms
 Execution time: 3.811 ms
(10 rows)

===== 230 [Wed Mar  7 02:00:23 CET 2018] scale:10000 groups:1000 work_mem:32MB incremental:on max_workers:2 =====
SELECT * FROM s_2 ORDER BY a, b, c
                                                                    QUERY PLAN                                                                     
---------------------------------------------------------------------------------------------------------------------------------------------------
 Limit  (cost=819.33..819.33 rows=1 width=20) (actual time=3.122..3.122 rows=0 loops=1)
   ->  Incremental Sort  (cost=0.81..719.33 rows=10000 width=20) (actual time=0.066..2.902 rows=10000 loops=1)
         Sort Key: s_2.a, s_2.b, s_2.c
         Presorted Key: s_2.a, s_2.b
         Sort Method: quicksort  Memory: 27kB
         Sort Groups: 313
         ->  Index Only Scan using s_2_a_b_e_d_c_idx on s_2  (cost=0.29..358.29 rows=10000 width=20) (actual time=0.023..1.279 rows=10000 loops=1)
               Heap Fetches: 0
 Planning time: 0.282 ms
 Execution time: 3.147 ms
(10 rows)

===== 231 [Wed Mar  7 02:00:23 CET 2018] scale:10000 groups:1000 work_mem:32MB incremental:on max_workers:2 =====
SELECT * FROM s_3 ORDER BY a, b, c, d
                                                                    QUERY PLAN                                                                     
---------------------------------------------------------------------------------------------------------------------------------------------------
 Limit  (cost=819.33..819.33 rows=1 width=20) (actual time=3.100..3.100 rows=0 loops=1)
   ->  Incremental Sort  (cost=0.81..719.33 rows=10000 width=20) (actual time=0.064..2.880 rows=10000 loops=1)
         Sort Key: s_3.a, s_3.b, s_3.c, s_3.d
         Presorted Key: s_3.a, s_3.b, s_3.c
         Sort Method: quicksort  Memory: 27kB
         Sort Groups: 313
         ->  Index Only Scan using s_3_a_b_c_e_d_idx on s_3  (cost=0.29..358.29 rows=10000 width=20) (actual time=0.020..1.279 rows=10000 loops=1)
               Heap Fetches: 0
 Planning time: 0.274 ms
 Execution time: 3.122 ms
(10 rows)

===== 232 [Wed Mar  7 02:00:23 CET 2018] scale:10000 groups:1000 work_mem:32MB incremental:off max_workers:2 =====
SELECT * FROM s_1 ORDER BY a, b
                                                     QUERY PLAN                                                     
--------------------------------------------------------------------------------------------------------------------
 Limit  (cost=953.39..953.39 rows=1 width=20) (actual time=3.581..3.581 rows=0 loops=1)
   ->  Sort  (cost=828.39..853.39 rows=10000 width=20) (actual time=3.041..3.361 rows=10000 loops=1)
         Sort Key: s_1.a, s_1.b
         Sort Method: quicksort  Memory: 1166kB
         ->  Seq Scan on s_1  (cost=0.00..164.00 rows=10000 width=20) (actual time=0.004..0.577 rows=10000 loops=1)
 Planning time: 0.267 ms
 Execution time: 3.638 ms
(7 rows)

===== 233 [Wed Mar  7 02:00:23 CET 2018] scale:10000 groups:1000 work_mem:32MB incremental:off max_workers:2 =====
SELECT * FROM s_2 ORDER BY a, b, c
                                                     QUERY PLAN                                                     
--------------------------------------------------------------------------------------------------------------------
 Limit  (cost=953.39..953.39 rows=1 width=20) (actual time=2.968..2.968 rows=0 loops=1)
   ->  Sort  (cost=828.39..853.39 rows=10000 width=20) (actual time=2.437..2.751 rows=10000 loops=1)
         Sort Key: s_2.a, s_2.b, s_2.c
         Sort Method: quicksort  Memory: 1166kB
         ->  Seq Scan on s_2  (cost=0.00..164.00 rows=10000 width=20) (actual time=0.010..0.574 rows=10000 loops=1)
 Planning time: 0.276 ms
 Execution time: 3.025 ms
(7 rows)

===== 234 [Wed Mar  7 02:00:23 CET 2018] scale:10000 groups:1000 work_mem:32MB incremental:off max_workers:2 =====
SELECT * FROM s_3 ORDER BY a, b, c, d
                                                     QUERY PLAN                                                     
--------------------------------------------------------------------------------------------------------------------
 Limit  (cost=953.39..953.39 rows=1 width=20) (actual time=2.353..2.353 rows=0 loops=1)
   ->  Sort  (cost=828.39..853.39 rows=10000 width=20) (actual time=1.813..2.128 rows=10000 loops=1)
         Sort Key: s_3.a, s_3.b, s_3.c, s_3.d
         Sort Method: quicksort  Memory: 1166kB
         ->  Seq Scan on s_3  (cost=0.00..164.00 rows=10000 width=20) (actual time=0.007..0.577 rows=10000 loops=1)
 Planning time: 0.280 ms
 Execution time: 2.410 ms
(7 rows)

===== 235 [Wed Mar  7 02:00:23 CET 2018] scale:10000 groups:1000 work_mem:64MB incremental:on max_workers:2 =====
SELECT * FROM s_1 ORDER BY a, b
                                                                    QUERY PLAN                                                                     
---------------------------------------------------------------------------------------------------------------------------------------------------
 Limit  (cost=819.33..819.33 rows=1 width=20) (actual time=3.791..3.791 rows=0 loops=1)
   ->  Incremental Sort  (cost=0.81..719.33 rows=10000 width=20) (actual time=0.072..3.570 rows=10000 loops=1)
         Sort Key: s_1.a, s_1.b
         Presorted Key: s_1.a
         Sort Method: quicksort  Memory: 28kB
         Sort Groups: 273
         ->  Index Only Scan using s_1_a_e_d_c_b_idx on s_1  (cost=0.29..358.29 rows=10000 width=20) (actual time=0.023..1.281 rows=10000 loops=1)
               Heap Fetches: 0
 Planning time: 0.263 ms
 Execution time: 3.812 ms
(10 rows)

===== 236 [Wed Mar  7 02:00:23 CET 2018] scale:10000 groups:1000 work_mem:64MB incremental:on max_workers:2 =====
SELECT * FROM s_2 ORDER BY a, b, c
                                                                    QUERY PLAN                                                                     
---------------------------------------------------------------------------------------------------------------------------------------------------
 Limit  (cost=819.33..819.33 rows=1 width=20) (actual time=3.113..3.113 rows=0 loops=1)
   ->  Incremental Sort  (cost=0.81..719.33 rows=10000 width=20) (actual time=0.066..2.894 rows=10000 loops=1)
         Sort Key: s_2.a, s_2.b, s_2.c
         Presorted Key: s_2.a, s_2.b
         Sort Method: quicksort  Memory: 27kB
         Sort Groups: 313
         ->  Index Only Scan using s_2_a_b_e_d_c_idx on s_2  (cost=0.29..358.29 rows=10000 width=20) (actual time=0.023..1.276 rows=10000 loops=1)
               Heap Fetches: 0
 Planning time: 0.276 ms
 Execution time: 3.135 ms
(10 rows)

===== 237 [Wed Mar  7 02:00:23 CET 2018] scale:10000 groups:1000 work_mem:64MB incremental:on max_workers:2 =====
SELECT * FROM s_3 ORDER BY a, b, c, d
                                                                    QUERY PLAN                                                                     
---------------------------------------------------------------------------------------------------------------------------------------------------
 Limit  (cost=819.33..819.33 rows=1 width=20) (actual time=3.101..3.101 rows=0 loops=1)
   ->  Incremental Sort  (cost=0.81..719.33 rows=10000 width=20) (actual time=0.064..2.882 rows=10000 loops=1)
         Sort Key: s_3.a, s_3.b, s_3.c, s_3.d
         Presorted Key: s_3.a, s_3.b, s_3.c
         Sort Method: quicksort  Memory: 27kB
         Sort Groups: 313
         ->  Index Only Scan using s_3_a_b_c_e_d_idx on s_3  (cost=0.29..358.29 rows=10000 width=20) (actual time=0.020..1.274 rows=10000 loops=1)
               Heap Fetches: 0
 Planning time: 0.271 ms
 Execution time: 3.123 ms
(10 rows)

===== 238 [Wed Mar  7 02:00:24 CET 2018] scale:10000 groups:1000 work_mem:64MB incremental:off max_workers:2 =====
SELECT * FROM s_1 ORDER BY a, b
                                                     QUERY PLAN                                                     
--------------------------------------------------------------------------------------------------------------------
 Limit  (cost=953.39..953.39 rows=1 width=20) (actual time=3.574..3.574 rows=0 loops=1)
   ->  Sort  (cost=828.39..853.39 rows=10000 width=20) (actual time=3.032..3.355 rows=10000 loops=1)
         Sort Key: s_1.a, s_1.b
         Sort Method: quicksort  Memory: 1166kB
         ->  Seq Scan on s_1  (cost=0.00..164.00 rows=10000 width=20) (actual time=0.004..0.582 rows=10000 loops=1)
 Planning time: 0.265 ms
 Execution time: 3.631 ms
(7 rows)

===== 239 [Wed Mar  7 02:00:24 CET 2018] scale:10000 groups:1000 work_mem:64MB incremental:off max_workers:2 =====
SELECT * FROM s_2 ORDER BY a, b, c
                                                     QUERY PLAN                                                     
--------------------------------------------------------------------------------------------------------------------
 Limit  (cost=953.39..953.39 rows=1 width=20) (actual time=2.966..2.966 rows=0 loops=1)
   ->  Sort  (cost=828.39..853.39 rows=10000 width=20) (actual time=2.435..2.750 rows=10000 loops=1)
         Sort Key: s_2.a, s_2.b, s_2.c
         Sort Method: quicksort  Memory: 1166kB
         ->  Seq Scan on s_2  (cost=0.00..164.00 rows=10000 width=20) (actual time=0.014..0.577 rows=10000 loops=1)
 Planning time: 0.278 ms
 Execution time: 3.027 ms
(7 rows)

===== 240 [Wed Mar  7 02:00:24 CET 2018] scale:10000 groups:1000 work_mem:64MB incremental:off max_workers:2 =====
SELECT * FROM s_3 ORDER BY a, b, c, d
                                                     QUERY PLAN                                                     
--------------------------------------------------------------------------------------------------------------------
 Limit  (cost=953.39..953.39 rows=1 width=20) (actual time=2.366..2.366 rows=0 loops=1)
   ->  Sort  (cost=828.39..853.39 rows=10000 width=20) (actual time=1.828..2.145 rows=10000 loops=1)
         Sort Key: s_3.a, s_3.b, s_3.c, s_3.d
         Sort Method: quicksort  Memory: 1166kB
         ->  Seq Scan on s_3  (cost=0.00..164.00 rows=10000 width=20) (actual time=0.007..0.575 rows=10000 loops=1)
 Planning time: 0.270 ms
 Execution time: 2.424 ms
(7 rows)

===== 241 [Wed Mar  7 02:00:24 CET 2018] scale:10000 groups:1000 work_mem:128MB incremental:on max_workers:2 =====
SELECT * FROM s_1 ORDER BY a, b
                                                                    QUERY PLAN                                                                     
---------------------------------------------------------------------------------------------------------------------------------------------------
 Limit  (cost=819.33..819.33 rows=1 width=20) (actual time=3.787..3.787 rows=0 loops=1)
   ->  Incremental Sort  (cost=0.81..719.33 rows=10000 width=20) (actual time=0.070..3.566 rows=10000 loops=1)
         Sort Key: s_1.a, s_1.b
         Presorted Key: s_1.a
         Sort Method: quicksort  Memory: 28kB
         Sort Groups: 273
         ->  Index Only Scan using s_1_a_e_d_c_b_idx on s_1  (cost=0.29..358.29 rows=10000 width=20) (actual time=0.021..1.275 rows=10000 loops=1)
               Heap Fetches: 0
 Planning time: 0.274 ms
 Execution time: 3.809 ms
(10 rows)

===== 242 [Wed Mar  7 02:00:24 CET 2018] scale:10000 groups:1000 work_mem:128MB incremental:on max_workers:2 =====
SELECT * FROM s_2 ORDER BY a, b, c
                                                                    QUERY PLAN                                                                     
---------------------------------------------------------------------------------------------------------------------------------------------------
 Limit  (cost=819.33..819.33 rows=1 width=20) (actual time=3.121..3.121 rows=0 loops=1)
   ->  Incremental Sort  (cost=0.81..719.33 rows=10000 width=20) (actual time=0.068..2.901 rows=10000 loops=1)
         Sort Key: s_2.a, s_2.b, s_2.c
         Presorted Key: s_2.a, s_2.b
         Sort Method: quicksort  Memory: 27kB
         Sort Groups: 313
         ->  Index Only Scan using s_2_a_b_e_d_c_idx on s_2  (cost=0.29..358.29 rows=10000 width=20) (actual time=0.023..1.279 rows=10000 loops=1)
               Heap Fetches: 0
 Planning time: 0.282 ms
 Execution time: 3.142 ms
(10 rows)

===== 243 [Wed Mar  7 02:00:24 CET 2018] scale:10000 groups:1000 work_mem:128MB incremental:on max_workers:2 =====
SELECT * FROM s_3 ORDER BY a, b, c, d
                                                                    QUERY PLAN                                                                     
---------------------------------------------------------------------------------------------------------------------------------------------------
 Limit  (cost=819.33..819.33 rows=1 width=20) (actual time=3.104..3.104 rows=0 loops=1)
   ->  Incremental Sort  (cost=0.81..719.33 rows=10000 width=20) (actual time=0.067..2.885 rows=10000 loops=1)
         Sort Key: s_3.a, s_3.b, s_3.c, s_3.d
         Presorted Key: s_3.a, s_3.b, s_3.c
         Sort Method: quicksort  Memory: 27kB
         Sort Groups: 313
         ->  Index Only Scan using s_3_a_b_c_e_d_idx on s_3  (cost=0.29..358.29 rows=10000 width=20) (actual time=0.020..1.281 rows=10000 loops=1)
               Heap Fetches: 0
 Planning time: 0.277 ms
 Execution time: 3.126 ms
(10 rows)

===== 244 [Wed Mar  7 02:00:24 CET 2018] scale:10000 groups:1000 work_mem:128MB incremental:off max_workers:2 =====
SELECT * FROM s_1 ORDER BY a, b
                                                     QUERY PLAN                                                     
--------------------------------------------------------------------------------------------------------------------
 Limit  (cost=953.39..953.39 rows=1 width=20) (actual time=3.576..3.576 rows=0 loops=1)
   ->  Sort  (cost=828.39..853.39 rows=10000 width=20) (actual time=3.038..3.359 rows=10000 loops=1)
         Sort Key: s_1.a, s_1.b
         Sort Method: quicksort  Memory: 1166kB
         ->  Seq Scan on s_1  (cost=0.00..164.00 rows=10000 width=20) (actual time=0.004..0.585 rows=10000 loops=1)
 Planning time: 0.266 ms
 Execution time: 3.633 ms
(7 rows)

===== 245 [Wed Mar  7 02:00:24 CET 2018] scale:10000 groups:1000 work_mem:128MB incremental:off max_workers:2 =====
SELECT * FROM s_2 ORDER BY a, b, c
                                                     QUERY PLAN                                                     
--------------------------------------------------------------------------------------------------------------------
 Limit  (cost=953.39..953.39 rows=1 width=20) (actual time=2.970..2.970 rows=0 loops=1)
   ->  Sort  (cost=828.39..853.39 rows=10000 width=20) (actual time=2.439..2.753 rows=10000 loops=1)
         Sort Key: s_2.a, s_2.b, s_2.c
         Sort Method: quicksort  Memory: 1166kB
         ->  Seq Scan on s_2  (cost=0.00..164.00 rows=10000 width=20) (actual time=0.010..0.583 rows=10000 loops=1)
 Planning time: 0.274 ms
 Execution time: 3.026 ms
(7 rows)

===== 246 [Wed Mar  7 02:00:24 CET 2018] scale:10000 groups:1000 work_mem:128MB incremental:off max_workers:2 =====
SELECT * FROM s_3 ORDER BY a, b, c, d
                                                     QUERY PLAN                                                     
--------------------------------------------------------------------------------------------------------------------
 Limit  (cost=953.39..953.39 rows=1 width=20) (actual time=2.361..2.361 rows=0 loops=1)
   ->  Sort  (cost=828.39..853.39 rows=10000 width=20) (actual time=1.826..2.141 rows=10000 loops=1)
         Sort Key: s_3.a, s_3.b, s_3.c, s_3.d
         Sort Method: quicksort  Memory: 1166kB
         ->  Seq Scan on s_3  (cost=0.00..164.00 rows=10000 width=20) (actual time=0.007..0.581 rows=10000 loops=1)
 Planning time: 0.283 ms
 Execution time: 2.425 ms
(7 rows)

===== 247 [Wed Mar  7 02:00:24 CET 2018] scale:10000 groups:1000 work_mem:256MB incremental:on max_workers:2 =====
SELECT * FROM s_1 ORDER BY a, b
                                                                    QUERY PLAN                                                                     
---------------------------------------------------------------------------------------------------------------------------------------------------
 Limit  (cost=819.33..819.33 rows=1 width=20) (actual time=3.785..3.785 rows=0 loops=1)
   ->  Incremental Sort  (cost=0.81..719.33 rows=10000 width=20) (actual time=0.070..3.566 rows=10000 loops=1)
         Sort Key: s_1.a, s_1.b
         Presorted Key: s_1.a
         Sort Method: quicksort  Memory: 28kB
         Sort Groups: 273
         ->  Index Only Scan using s_1_a_e_d_c_b_idx on s_1  (cost=0.29..358.29 rows=10000 width=20) (actual time=0.021..1.281 rows=10000 loops=1)
               Heap Fetches: 0
 Planning time: 0.273 ms
 Execution time: 3.806 ms
(10 rows)

===== 248 [Wed Mar  7 02:00:24 CET 2018] scale:10000 groups:1000 work_mem:256MB incremental:on max_workers:2 =====
SELECT * FROM s_2 ORDER BY a, b, c
                                                                    QUERY PLAN                                                                     
---------------------------------------------------------------------------------------------------------------------------------------------------
 Limit  (cost=819.33..819.33 rows=1 width=20) (actual time=3.116..3.116 rows=0 loops=1)
   ->  Incremental Sort  (cost=0.81..719.33 rows=10000 width=20) (actual time=0.065..2.896 rows=10000 loops=1)
         Sort Key: s_2.a, s_2.b, s_2.c
         Presorted Key: s_2.a, s_2.b
         Sort Method: quicksort  Memory: 27kB
         Sort Groups: 313
         ->  Index Only Scan using s_2_a_b_e_d_c_idx on s_2  (cost=0.29..358.29 rows=10000 width=20) (actual time=0.023..1.274 rows=10000 loops=1)
               Heap Fetches: 0
 Planning time: 0.277 ms
 Execution time: 3.138 ms
(10 rows)

===== 249 [Wed Mar  7 02:00:25 CET 2018] scale:10000 groups:1000 work_mem:256MB incremental:on max_workers:2 =====
SELECT * FROM s_3 ORDER BY a, b, c, d
                                                                    QUERY PLAN                                                                     
---------------------------------------------------------------------------------------------------------------------------------------------------
 Limit  (cost=819.33..819.33 rows=1 width=20) (actual time=3.122..3.122 rows=0 loops=1)
   ->  Incremental Sort  (cost=0.81..719.33 rows=10000 width=20) (actual time=0.066..2.897 rows=10000 loops=1)
         Sort Key: s_3.a, s_3.b, s_3.c, s_3.d
         Presorted Key: s_3.a, s_3.b, s_3.c
         Sort Method: quicksort  Memory: 27kB
         Sort Groups: 313
         ->  Index Only Scan using s_3_a_b_c_e_d_idx on s_3  (cost=0.29..358.29 rows=10000 width=20) (actual time=0.020..1.277 rows=10000 loops=1)
               Heap Fetches: 0
 Planning time: 0.273 ms
 Execution time: 3.143 ms
(10 rows)

===== 250 [Wed Mar  7 02:00:25 CET 2018] scale:10000 groups:1000 work_mem:256MB incremental:off max_workers:2 =====
SELECT * FROM s_1 ORDER BY a, b
                                                     QUERY PLAN                                                     
--------------------------------------------------------------------------------------------------------------------
 Limit  (cost=953.39..953.39 rows=1 width=20) (actual time=3.585..3.585 rows=0 loops=1)
   ->  Sort  (cost=828.39..853.39 rows=10000 width=20) (actual time=3.038..3.365 rows=10000 loops=1)
         Sort Key: s_1.a, s_1.b
         Sort Method: quicksort  Memory: 1166kB
         ->  Seq Scan on s_1  (cost=0.00..164.00 rows=10000 width=20) (actual time=0.004..0.580 rows=10000 loops=1)
 Planning time: 0.270 ms
 Execution time: 3.641 ms
(7 rows)

===== 251 [Wed Mar  7 02:00:25 CET 2018] scale:10000 groups:1000 work_mem:256MB incremental:off max_workers:2 =====
SELECT * FROM s_2 ORDER BY a, b, c
                                                     QUERY PLAN                                                     
--------------------------------------------------------------------------------------------------------------------
 Limit  (cost=953.39..953.39 rows=1 width=20) (actual time=2.969..2.969 rows=0 loops=1)
   ->  Sort  (cost=828.39..853.39 rows=10000 width=20) (actual time=2.435..2.749 rows=10000 loops=1)
         Sort Key: s_2.a, s_2.b, s_2.c
         Sort Method: quicksort  Memory: 1166kB
         ->  Seq Scan on s_2  (cost=0.00..164.00 rows=10000 width=20) (actual time=0.010..0.576 rows=10000 loops=1)
 Planning time: 0.274 ms
 Execution time: 3.024 ms
(7 rows)

===== 252 [Wed Mar  7 02:00:25 CET 2018] scale:10000 groups:1000 work_mem:256MB incremental:off max_workers:2 =====
SELECT * FROM s_3 ORDER BY a, b, c, d
                                                     QUERY PLAN                                                     
--------------------------------------------------------------------------------------------------------------------
 Limit  (cost=953.39..953.39 rows=1 width=20) (actual time=2.352..2.352 rows=0 loops=1)
   ->  Sort  (cost=828.39..853.39 rows=10000 width=20) (actual time=1.821..2.132 rows=10000 loops=1)
         Sort Key: s_3.a, s_3.b, s_3.c, s_3.d
         Sort Method: quicksort  Memory: 1166kB
         ->  Seq Scan on s_3  (cost=0.00..164.00 rows=10000 width=20) (actual time=0.007..0.574 rows=10000 loops=1)
 Planning time: 0.272 ms
 Execution time: 2.410 ms
(7 rows)

===== 253 [Wed Mar  7 02:00:26 CET 2018] scale:10000 groups:10000 work_mem:4MB incremental:on max_workers:0 =====
SELECT * FROM s_1 ORDER BY a, b
                                                                    QUERY PLAN                                                                     
---------------------------------------------------------------------------------------------------------------------------------------------------
 Limit  (cost=810.91..810.91 rows=1 width=20) (actual time=3.646..3.646 rows=0 loops=1)
   ->  Incremental Sort  (cost=0.35..710.91 rows=10000 width=20) (actual time=0.085..3.423 rows=10000 loops=1)
         Sort Key: s_1.a, s_1.b
         Presorted Key: s_1.a
         Sort Method: quicksort  Memory: 27kB
         Sort Groups: 309
         ->  Index Only Scan using s_1_a_e_d_c_b_idx on s_1  (cost=0.29..358.29 rows=10000 width=20) (actual time=0.038..1.494 rows=10000 loops=1)
               Heap Fetches: 0
 Planning time: 0.271 ms
 Execution time: 3.667 ms
(10 rows)

===== 254 [Wed Mar  7 02:00:26 CET 2018] scale:10000 groups:10000 work_mem:4MB incremental:on max_workers:0 =====
SELECT * FROM s_2 ORDER BY a, b, c
                                                                    QUERY PLAN                                                                     
---------------------------------------------------------------------------------------------------------------------------------------------------
 Limit  (cost=810.91..810.91 rows=1 width=20) (actual time=3.295..3.295 rows=0 loops=1)
   ->  Incremental Sort  (cost=0.35..710.91 rows=10000 width=20) (actual time=0.079..3.075 rows=10000 loops=1)
         Sort Key: s_2.a, s_2.b, s_2.c
         Presorted Key: s_2.a, s_2.b
         Sort Method: quicksort  Memory: 27kB
         Sort Groups: 313
         ->  Index Only Scan using s_2_a_b_e_d_c_idx on s_2  (cost=0.29..358.29 rows=10000 width=20) (actual time=0.035..1.506 rows=10000 loops=1)
               Heap Fetches: 0
 Planning time: 0.274 ms
 Execution time: 3.318 ms
(10 rows)

===== 255 [Wed Mar  7 02:00:26 CET 2018] scale:10000 groups:10000 work_mem:4MB incremental:on max_workers:0 =====
SELECT * FROM s_3 ORDER BY a, b, c, d
                                                                    QUERY PLAN                                                                     
---------------------------------------------------------------------------------------------------------------------------------------------------
 Limit  (cost=810.91..810.91 rows=1 width=20) (actual time=3.297..3.297 rows=0 loops=1)
   ->  Incremental Sort  (cost=0.35..710.91 rows=10000 width=20) (actual time=0.079..3.075 rows=10000 loops=1)
         Sort Key: s_3.a, s_3.b, s_3.c, s_3.d
         Presorted Key: s_3.a, s_3.b, s_3.c
         Sort Method: quicksort  Memory: 27kB
         Sort Groups: 313
         ->  Index Only Scan using s_3_a_b_c_e_d_idx on s_3  (cost=0.29..358.29 rows=10000 width=20) (actual time=0.033..1.482 rows=10000 loops=1)
               Heap Fetches: 0
 Planning time: 0.274 ms
 Execution time: 3.319 ms
(10 rows)

===== 256 [Wed Mar  7 02:00:26 CET 2018] scale:10000 groups:10000 work_mem:4MB incremental:off max_workers:0 =====
SELECT * FROM s_1 ORDER BY a, b
                                                     QUERY PLAN                                                     
--------------------------------------------------------------------------------------------------------------------
 Limit  (cost=953.39..953.39 rows=1 width=20) (actual time=3.235..3.235 rows=0 loops=1)
   ->  Sort  (cost=828.39..853.39 rows=10000 width=20) (actual time=2.694..3.018 rows=10000 loops=1)
         Sort Key: s_1.a, s_1.b
         Sort Method: quicksort  Memory: 1166kB
         ->  Seq Scan on s_1  (cost=0.00..164.00 rows=10000 width=20) (actual time=0.004..0.570 rows=10000 loops=1)
 Planning time: 0.263 ms
 Execution time: 3.291 ms
(7 rows)

===== 257 [Wed Mar  7 02:00:26 CET 2018] scale:10000 groups:10000 work_mem:4MB incremental:off max_workers:0 =====
SELECT * FROM s_2 ORDER BY a, b, c
                                                     QUERY PLAN                                                     
--------------------------------------------------------------------------------------------------------------------
 Limit  (cost=953.39..953.39 rows=1 width=20) (actual time=2.331..2.331 rows=0 loops=1)
   ->  Sort  (cost=828.39..853.39 rows=10000 width=20) (actual time=1.801..2.112 rows=10000 loops=1)
         Sort Key: s_2.a, s_2.b, s_2.c
         Sort Method: quicksort  Memory: 1166kB
         ->  Seq Scan on s_2  (cost=0.00..164.00 rows=10000 width=20) (actual time=0.010..0.572 rows=10000 loops=1)
 Planning time: 0.275 ms
 Execution time: 2.386 ms
(7 rows)

===== 258 [Wed Mar  7 02:00:26 CET 2018] scale:10000 groups:10000 work_mem:4MB incremental:off max_workers:0 =====
SELECT * FROM s_3 ORDER BY a, b, c, d
                                                     QUERY PLAN                                                     
--------------------------------------------------------------------------------------------------------------------
 Limit  (cost=953.39..953.39 rows=1 width=20) (actual time=2.318..2.318 rows=0 loops=1)
   ->  Sort  (cost=828.39..853.39 rows=10000 width=20) (actual time=1.781..2.101 rows=10000 loops=1)
         Sort Key: s_3.a, s_3.b, s_3.c, s_3.d
         Sort Method: quicksort  Memory: 1166kB
         ->  Seq Scan on s_3  (cost=0.00..164.00 rows=10000 width=20) (actual time=0.007..0.572 rows=10000 loops=1)
 Planning time: 0.283 ms
 Execution time: 2.374 ms
(7 rows)

===== 259 [Wed Mar  7 02:00:26 CET 2018] scale:10000 groups:10000 work_mem:8MB incremental:on max_workers:0 =====
SELECT * FROM s_1 ORDER BY a, b
                                                                    QUERY PLAN                                                                     
---------------------------------------------------------------------------------------------------------------------------------------------------
 Limit  (cost=810.91..810.91 rows=1 width=20) (actual time=3.448..3.448 rows=0 loops=1)
   ->  Incremental Sort  (cost=0.35..710.91 rows=10000 width=20) (actual time=0.080..3.230 rows=10000 loops=1)
         Sort Key: s_1.a, s_1.b
         Presorted Key: s_1.a
         Sort Method: quicksort  Memory: 27kB
         Sort Groups: 309
         ->  Index Only Scan using s_1_a_e_d_c_b_idx on s_1  (cost=0.29..358.29 rows=10000 width=20) (actual time=0.024..1.272 rows=10000 loops=1)
               Heap Fetches: 0
 Planning time: 0.267 ms
 Execution time: 3.470 ms
(10 rows)

===== 260 [Wed Mar  7 02:00:26 CET 2018] scale:10000 groups:10000 work_mem:8MB incremental:on max_workers:0 =====
SELECT * FROM s_2 ORDER BY a, b, c
                                                                    QUERY PLAN                                                                     
---------------------------------------------------------------------------------------------------------------------------------------------------
 Limit  (cost=810.91..810.91 rows=1 width=20) (actual time=3.070..3.070 rows=0 loops=1)
   ->  Incremental Sort  (cost=0.35..710.91 rows=10000 width=20) (actual time=0.063..2.850 rows=10000 loops=1)
         Sort Key: s_2.a, s_2.b, s_2.c
         Presorted Key: s_2.a, s_2.b
         Sort Method: quicksort  Memory: 27kB
         Sort Groups: 313
         ->  Index Only Scan using s_2_a_b_e_d_c_idx on s_2  (cost=0.29..358.29 rows=10000 width=20) (actual time=0.020..1.277 rows=10000 loops=1)
               Heap Fetches: 0
 Planning time: 0.271 ms
 Execution time: 3.092 ms
(10 rows)

===== 261 [Wed Mar  7 02:00:26 CET 2018] scale:10000 groups:10000 work_mem:8MB incremental:on max_workers:0 =====
SELECT * FROM s_3 ORDER BY a, b, c, d
                                                                    QUERY PLAN                                                                     
---------------------------------------------------------------------------------------------------------------------------------------------------
 Limit  (cost=810.91..810.91 rows=1 width=20) (actual time=3.075..3.075 rows=0 loops=1)
   ->  Incremental Sort  (cost=0.35..710.91 rows=10000 width=20) (actual time=0.064..2.852 rows=10000 loops=1)
         Sort Key: s_3.a, s_3.b, s_3.c, s_3.d
         Presorted Key: s_3.a, s_3.b, s_3.c
         Sort Method: quicksort  Memory: 27kB
         Sort Groups: 313
         ->  Index Only Scan using s_3_a_b_c_e_d_idx on s_3  (cost=0.29..358.29 rows=10000 width=20) (actual time=0.020..1.271 rows=10000 loops=1)
               Heap Fetches: 0
 Planning time: 0.275 ms
 Execution time: 3.098 ms
(10 rows)

===== 262 [Wed Mar  7 02:00:26 CET 2018] scale:10000 groups:10000 work_mem:8MB incremental:off max_workers:0 =====
SELECT * FROM s_1 ORDER BY a, b
                                                     QUERY PLAN                                                     
--------------------------------------------------------------------------------------------------------------------
 Limit  (cost=953.39..953.39 rows=1 width=20) (actual time=3.234..3.234 rows=0 loops=1)
   ->  Sort  (cost=828.39..853.39 rows=10000 width=20) (actual time=2.693..3.015 rows=10000 loops=1)
         Sort Key: s_1.a, s_1.b
         Sort Method: quicksort  Memory: 1166kB
         ->  Seq Scan on s_1  (cost=0.00..164.00 rows=10000 width=20) (actual time=0.004..0.569 rows=10000 loops=1)
 Planning time: 0.270 ms
 Execution time: 3.290 ms
(7 rows)

===== 263 [Wed Mar  7 02:00:27 CET 2018] scale:10000 groups:10000 work_mem:8MB incremental:off max_workers:0 =====
SELECT * FROM s_2 ORDER BY a, b, c
                                                     QUERY PLAN                                                     
--------------------------------------------------------------------------------------------------------------------
 Limit  (cost=953.39..953.39 rows=1 width=20) (actual time=2.334..2.334 rows=0 loops=1)
   ->  Sort  (cost=828.39..853.39 rows=10000 width=20) (actual time=1.802..2.116 rows=10000 loops=1)
         Sort Key: s_2.a, s_2.b, s_2.c
         Sort Method: quicksort  Memory: 1166kB
         ->  Seq Scan on s_2  (cost=0.00..164.00 rows=10000 width=20) (actual time=0.010..0.580 rows=10000 loops=1)
 Planning time: 0.267 ms
 Execution time: 2.388 ms
(7 rows)

===== 264 [Wed Mar  7 02:00:27 CET 2018] scale:10000 groups:10000 work_mem:8MB incremental:off max_workers:0 =====
SELECT * FROM s_3 ORDER BY a, b, c, d
                                                     QUERY PLAN                                                     
--------------------------------------------------------------------------------------------------------------------
 Limit  (cost=953.39..953.39 rows=1 width=20) (actual time=2.322..2.322 rows=0 loops=1)
   ->  Sort  (cost=828.39..853.39 rows=10000 width=20) (actual time=1.792..2.104 rows=10000 loops=1)
         Sort Key: s_3.a, s_3.b, s_3.c, s_3.d
         Sort Method: quicksort  Memory: 1166kB
         ->  Seq Scan on s_3  (cost=0.00..164.00 rows=10000 width=20) (actual time=0.007..0.568 rows=10000 loops=1)
 Planning time: 0.279 ms
 Execution time: 2.379 ms
(7 rows)

===== 265 [Wed Mar  7 02:00:27 CET 2018] scale:10000 groups:10000 work_mem:16MB incremental:on max_workers:0 =====
SELECT * FROM s_1 ORDER BY a, b
                                                                    QUERY PLAN                                                                     
---------------------------------------------------------------------------------------------------------------------------------------------------
 Limit  (cost=810.91..810.91 rows=1 width=20) (actual time=3.449..3.449 rows=0 loops=1)
   ->  Incremental Sort  (cost=0.35..710.91 rows=10000 width=20) (actual time=0.071..3.228 rows=10000 loops=1)
         Sort Key: s_1.a, s_1.b
         Presorted Key: s_1.a
         Sort Method: quicksort  Memory: 27kB
         Sort Groups: 309
         ->  Index Only Scan using s_1_a_e_d_c_b_idx on s_1  (cost=0.29..358.29 rows=10000 width=20) (actual time=0.024..1.273 rows=10000 loops=1)
               Heap Fetches: 0
 Planning time: 0.270 ms
 Execution time: 3.471 ms
(10 rows)

===== 266 [Wed Mar  7 02:00:27 CET 2018] scale:10000 groups:10000 work_mem:16MB incremental:on max_workers:0 =====
SELECT * FROM s_2 ORDER BY a, b, c
                                                                    QUERY PLAN                                                                     
---------------------------------------------------------------------------------------------------------------------------------------------------
 Limit  (cost=810.91..810.91 rows=1 width=20) (actual time=3.069..3.069 rows=0 loops=1)
   ->  Incremental Sort  (cost=0.35..710.91 rows=10000 width=20) (actual time=0.063..2.843 rows=10000 loops=1)
         Sort Key: s_2.a, s_2.b, s_2.c
         Presorted Key: s_2.a, s_2.b
         Sort Method: quicksort  Memory: 27kB
         Sort Groups: 313
         ->  Index Only Scan using s_2_a_b_e_d_c_idx on s_2  (cost=0.29..358.29 rows=10000 width=20) (actual time=0.020..1.271 rows=10000 loops=1)
               Heap Fetches: 0
 Planning time: 0.269 ms
 Execution time: 3.090 ms
(10 rows)

===== 267 [Wed Mar  7 02:00:27 CET 2018] scale:10000 groups:10000 work_mem:16MB incremental:on max_workers:0 =====
SELECT * FROM s_3 ORDER BY a, b, c, d
                                                                    QUERY PLAN                                                                     
---------------------------------------------------------------------------------------------------------------------------------------------------
 Limit  (cost=810.91..810.91 rows=1 width=20) (actual time=3.079..3.079 rows=0 loops=1)
   ->  Incremental Sort  (cost=0.35..710.91 rows=10000 width=20) (actual time=0.065..2.861 rows=10000 loops=1)
         Sort Key: s_3.a, s_3.b, s_3.c, s_3.d
         Presorted Key: s_3.a, s_3.b, s_3.c
         Sort Method: quicksort  Memory: 27kB
         Sort Groups: 313
         ->  Index Only Scan using s_3_a_b_c_e_d_idx on s_3  (cost=0.29..358.29 rows=10000 width=20) (actual time=0.020..1.271 rows=10000 loops=1)
               Heap Fetches: 0
 Planning time: 0.271 ms
 Execution time: 3.101 ms
(10 rows)

===== 268 [Wed Mar  7 02:00:27 CET 2018] scale:10000 groups:10000 work_mem:16MB incremental:off max_workers:0 =====
SELECT * FROM s_1 ORDER BY a, b
                                                     QUERY PLAN                                                     
--------------------------------------------------------------------------------------------------------------------
 Limit  (cost=953.39..953.39 rows=1 width=20) (actual time=3.240..3.240 rows=0 loops=1)
   ->  Sort  (cost=828.39..853.39 rows=10000 width=20) (actual time=2.698..3.021 rows=10000 loops=1)
         Sort Key: s_1.a, s_1.b
         Sort Method: quicksort  Memory: 1166kB
         ->  Seq Scan on s_1  (cost=0.00..164.00 rows=10000 width=20) (actual time=0.004..0.570 rows=10000 loops=1)
 Planning time: 0.273 ms
 Execution time: 3.295 ms
(7 rows)

===== 269 [Wed Mar  7 02:00:27 CET 2018] scale:10000 groups:10000 work_mem:16MB incremental:off max_workers:0 =====
SELECT * FROM s_2 ORDER BY a, b, c
                                                     QUERY PLAN                                                     
--------------------------------------------------------------------------------------------------------------------
 Limit  (cost=953.39..953.39 rows=1 width=20) (actual time=2.331..2.331 rows=0 loops=1)
   ->  Sort  (cost=828.39..853.39 rows=10000 width=20) (actual time=1.797..2.108 rows=10000 loops=1)
         Sort Key: s_2.a, s_2.b, s_2.c
         Sort Method: quicksort  Memory: 1166kB
         ->  Seq Scan on s_2  (cost=0.00..164.00 rows=10000 width=20) (actual time=0.010..0.577 rows=10000 loops=1)
 Planning time: 0.277 ms
 Execution time: 2.387 ms
(7 rows)

===== 270 [Wed Mar  7 02:00:27 CET 2018] scale:10000 groups:10000 work_mem:16MB incremental:off max_workers:0 =====
SELECT * FROM s_3 ORDER BY a, b, c, d
                                                     QUERY PLAN                                                     
--------------------------------------------------------------------------------------------------------------------
 Limit  (cost=953.39..953.39 rows=1 width=20) (actual time=2.315..2.315 rows=0 loops=1)
   ->  Sort  (cost=828.39..853.39 rows=10000 width=20) (actual time=1.781..2.098 rows=10000 loops=1)
         Sort Key: s_3.a, s_3.b, s_3.c, s_3.d
         Sort Method: quicksort  Memory: 1166kB
         ->  Seq Scan on s_3  (cost=0.00..164.00 rows=10000 width=20) (actual time=0.007..0.575 rows=10000 loops=1)
 Planning time: 0.278 ms
 Execution time: 2.374 ms
(7 rows)

===== 271 [Wed Mar  7 02:00:27 CET 2018] scale:10000 groups:10000 work_mem:32MB incremental:on max_workers:0 =====
SELECT * FROM s_1 ORDER BY a, b
                                                                    QUERY PLAN                                                                     
---------------------------------------------------------------------------------------------------------------------------------------------------
 Limit  (cost=810.91..810.91 rows=1 width=20) (actual time=3.445..3.445 rows=0 loops=1)
   ->  Incremental Sort  (cost=0.35..710.91 rows=10000 width=20) (actual time=0.068..3.227 rows=10000 loops=1)
         Sort Key: s_1.a, s_1.b
         Presorted Key: s_1.a
         Sort Method: quicksort  Memory: 27kB
         Sort Groups: 309
         ->  Index Only Scan using s_1_a_e_d_c_b_idx on s_1  (cost=0.29..358.29 rows=10000 width=20) (actual time=0.023..1.283 rows=10000 loops=1)
               Heap Fetches: 0
 Planning time: 0.267 ms
 Execution time: 3.467 ms
(10 rows)

===== 272 [Wed Mar  7 02:00:27 CET 2018] scale:10000 groups:10000 work_mem:32MB incremental:on max_workers:0 =====
SELECT * FROM s_2 ORDER BY a, b, c
                                                                    QUERY PLAN                                                                     
---------------------------------------------------------------------------------------------------------------------------------------------------
 Limit  (cost=810.91..810.91 rows=1 width=20) (actual time=3.070..3.070 rows=0 loops=1)
   ->  Incremental Sort  (cost=0.35..710.91 rows=10000 width=20) (actual time=0.063..2.850 rows=10000 loops=1)
         Sort Key: s_2.a, s_2.b, s_2.c
         Presorted Key: s_2.a, s_2.b
         Sort Method: quicksort  Memory: 27kB
         Sort Groups: 313
         ->  Index Only Scan using s_2_a_b_e_d_c_idx on s_2  (cost=0.29..358.29 rows=10000 width=20) (actual time=0.020..1.275 rows=10000 loops=1)
               Heap Fetches: 0
 Planning time: 0.278 ms
 Execution time: 3.091 ms
(10 rows)

===== 273 [Wed Mar  7 02:00:27 CET 2018] scale:10000 groups:10000 work_mem:32MB incremental:on max_workers:0 =====
SELECT * FROM s_3 ORDER BY a, b, c, d
                                                                    QUERY PLAN                                                                     
---------------------------------------------------------------------------------------------------------------------------------------------------
 Limit  (cost=810.91..810.91 rows=1 width=20) (actual time=3.079..3.079 rows=0 loops=1)
   ->  Incremental Sort  (cost=0.35..710.91 rows=10000 width=20) (actual time=0.065..2.860 rows=10000 loops=1)
         Sort Key: s_3.a, s_3.b, s_3.c, s_3.d
         Presorted Key: s_3.a, s_3.b, s_3.c
         Sort Method: quicksort  Memory: 27kB
         Sort Groups: 313
         ->  Index Only Scan using s_3_a_b_c_e_d_idx on s_3  (cost=0.29..358.29 rows=10000 width=20) (actual time=0.020..1.267 rows=10000 loops=1)
               Heap Fetches: 0
 Planning time: 0.272 ms
 Execution time: 3.103 ms
(10 rows)

===== 274 [Wed Mar  7 02:00:28 CET 2018] scale:10000 groups:10000 work_mem:32MB incremental:off max_workers:0 =====
SELECT * FROM s_1 ORDER BY a, b
                                                     QUERY PLAN                                                     
--------------------------------------------------------------------------------------------------------------------
 Limit  (cost=953.39..953.39 rows=1 width=20) (actual time=3.233..3.233 rows=0 loops=1)
   ->  Sort  (cost=828.39..853.39 rows=10000 width=20) (actual time=2.689..3.010 rows=10000 loops=1)
         Sort Key: s_1.a, s_1.b
         Sort Method: quicksort  Memory: 1166kB
         ->  Seq Scan on s_1  (cost=0.00..164.00 rows=10000 width=20) (actual time=0.004..0.571 rows=10000 loops=1)
 Planning time: 0.273 ms
 Execution time: 3.289 ms
(7 rows)

===== 275 [Wed Mar  7 02:00:28 CET 2018] scale:10000 groups:10000 work_mem:32MB incremental:off max_workers:0 =====
SELECT * FROM s_2 ORDER BY a, b, c
                                                     QUERY PLAN                                                     
--------------------------------------------------------------------------------------------------------------------
 Limit  (cost=953.39..953.39 rows=1 width=20) (actual time=2.324..2.324 rows=0 loops=1)
   ->  Sort  (cost=828.39..853.39 rows=10000 width=20) (actual time=1.798..2.106 rows=10000 loops=1)
         Sort Key: s_2.a, s_2.b, s_2.c
         Sort Method: quicksort  Memory: 1166kB
         ->  Seq Scan on s_2  (cost=0.00..164.00 rows=10000 width=20) (actual time=0.010..0.572 rows=10000 loops=1)
 Planning time: 0.265 ms
 Execution time: 2.382 ms
(7 rows)

===== 276 [Wed Mar  7 02:00:28 CET 2018] scale:10000 groups:10000 work_mem:32MB incremental:off max_workers:0 =====
SELECT * FROM s_3 ORDER BY a, b, c, d
                                                     QUERY PLAN                                                     
--------------------------------------------------------------------------------------------------------------------
 Limit  (cost=953.39..953.39 rows=1 width=20) (actual time=2.324..2.324 rows=0 loops=1)
   ->  Sort  (cost=828.39..853.39 rows=10000 width=20) (actual time=1.786..2.105 rows=10000 loops=1)
         Sort Key: s_3.a, s_3.b, s_3.c, s_3.d
         Sort Method: quicksort  Memory: 1166kB
         ->  Seq Scan on s_3  (cost=0.00..164.00 rows=10000 width=20) (actual time=0.007..0.572 rows=10000 loops=1)
 Planning time: 0.272 ms
 Execution time: 2.379 ms
(7 rows)

===== 277 [Wed Mar  7 02:00:28 CET 2018] scale:10000 groups:10000 work_mem:64MB incremental:on max_workers:0 =====
SELECT * FROM s_1 ORDER BY a, b
                                                                    QUERY PLAN                                                                     
---------------------------------------------------------------------------------------------------------------------------------------------------
 Limit  (cost=810.91..810.91 rows=1 width=20) (actual time=3.453..3.453 rows=0 loops=1)
   ->  Incremental Sort  (cost=0.35..710.91 rows=10000 width=20) (actual time=0.069..3.234 rows=10000 loops=1)
         Sort Key: s_1.a, s_1.b
         Presorted Key: s_1.a
         Sort Method: quicksort  Memory: 27kB
         Sort Groups: 309
         ->  Index Only Scan using s_1_a_e_d_c_b_idx on s_1  (cost=0.29..358.29 rows=10000 width=20) (actual time=0.024..1.290 rows=10000 loops=1)
               Heap Fetches: 0
 Planning time: 0.267 ms
 Execution time: 3.476 ms
(10 rows)

===== 278 [Wed Mar  7 02:00:28 CET 2018] scale:10000 groups:10000 work_mem:64MB incremental:on max_workers:0 =====
SELECT * FROM s_2 ORDER BY a, b, c
                                                                    QUERY PLAN                                                                     
---------------------------------------------------------------------------------------------------------------------------------------------------
 Limit  (cost=810.91..810.91 rows=1 width=20) (actual time=3.070..3.070 rows=0 loops=1)
   ->  Incremental Sort  (cost=0.35..710.91 rows=10000 width=20) (actual time=0.063..2.850 rows=10000 loops=1)
         Sort Key: s_2.a, s_2.b, s_2.c
         Presorted Key: s_2.a, s_2.b
         Sort Method: quicksort  Memory: 27kB
         Sort Groups: 313
         ->  Index Only Scan using s_2_a_b_e_d_c_idx on s_2  (cost=0.29..358.29 rows=10000 width=20) (actual time=0.020..1.274 rows=10000 loops=1)
               Heap Fetches: 0
 Planning time: 0.270 ms
 Execution time: 3.091 ms
(10 rows)

===== 279 [Wed Mar  7 02:00:28 CET 2018] scale:10000 groups:10000 work_mem:64MB incremental:on max_workers:0 =====
SELECT * FROM s_3 ORDER BY a, b, c, d
                                                                    QUERY PLAN                                                                     
---------------------------------------------------------------------------------------------------------------------------------------------------
 Limit  (cost=810.91..810.91 rows=1 width=20) (actual time=3.074..3.074 rows=0 loops=1)
   ->  Incremental Sort  (cost=0.35..710.91 rows=10000 width=20) (actual time=0.065..2.855 rows=10000 loops=1)
         Sort Key: s_3.a, s_3.b, s_3.c, s_3.d
         Presorted Key: s_3.a, s_3.b, s_3.c
         Sort Method: quicksort  Memory: 27kB
         Sort Groups: 313
         ->  Index Only Scan using s_3_a_b_c_e_d_idx on s_3  (cost=0.29..358.29 rows=10000 width=20) (actual time=0.020..1.268 rows=10000 loops=1)
               Heap Fetches: 0
 Planning time: 0.283 ms
 Execution time: 3.096 ms
(10 rows)

===== 280 [Wed Mar  7 02:00:28 CET 2018] scale:10000 groups:10000 work_mem:64MB incremental:off max_workers:0 =====
SELECT * FROM s_1 ORDER BY a, b
                                                     QUERY PLAN                                                     
--------------------------------------------------------------------------------------------------------------------
 Limit  (cost=953.39..953.39 rows=1 width=20) (actual time=3.234..3.234 rows=0 loops=1)
   ->  Sort  (cost=828.39..853.39 rows=10000 width=20) (actual time=2.700..3.016 rows=10000 loops=1)
         Sort Key: s_1.a, s_1.b
         Sort Method: quicksort  Memory: 1166kB
         ->  Seq Scan on s_1  (cost=0.00..164.00 rows=10000 width=20) (actual time=0.004..0.584 rows=10000 loops=1)
 Planning time: 0.268 ms
 Execution time: 3.290 ms
(7 rows)

===== 281 [Wed Mar  7 02:00:28 CET 2018] scale:10000 groups:10000 work_mem:64MB incremental:off max_workers:0 =====
SELECT * FROM s_2 ORDER BY a, b, c
                                                     QUERY PLAN                                                     
--------------------------------------------------------------------------------------------------------------------
 Limit  (cost=953.39..953.39 rows=1 width=20) (actual time=2.325..2.325 rows=0 loops=1)
   ->  Sort  (cost=828.39..853.39 rows=10000 width=20) (actual time=1.791..2.108 rows=10000 loops=1)
         Sort Key: s_2.a, s_2.b, s_2.c
         Sort Method: quicksort  Memory: 1166kB
         ->  Seq Scan on s_2  (cost=0.00..164.00 rows=10000 width=20) (actual time=0.010..0.572 rows=10000 loops=1)
 Planning time: 0.280 ms
 Execution time: 2.382 ms
(7 rows)

===== 282 [Wed Mar  7 02:00:28 CET 2018] scale:10000 groups:10000 work_mem:64MB incremental:off max_workers:0 =====
SELECT * FROM s_3 ORDER BY a, b, c, d
                                                     QUERY PLAN                                                     
--------------------------------------------------------------------------------------------------------------------
 Limit  (cost=953.39..953.39 rows=1 width=20) (actual time=2.318..2.318 rows=0 loops=1)
   ->  Sort  (cost=828.39..853.39 rows=10000 width=20) (actual time=1.780..2.100 rows=10000 loops=1)
         Sort Key: s_3.a, s_3.b, s_3.c, s_3.d
         Sort Method: quicksort  Memory: 1166kB
         ->  Seq Scan on s_3  (cost=0.00..164.00 rows=10000 width=20) (actual time=0.007..0.571 rows=10000 loops=1)
 Planning time: 0.280 ms
 Execution time: 2.374 ms
(7 rows)

===== 283 [Wed Mar  7 02:00:28 CET 2018] scale:10000 groups:10000 work_mem:128MB incremental:on max_workers:0 =====
SELECT * FROM s_1 ORDER BY a, b
                                                                    QUERY PLAN                                                                     
---------------------------------------------------------------------------------------------------------------------------------------------------
 Limit  (cost=810.91..810.91 rows=1 width=20) (actual time=3.448..3.448 rows=0 loops=1)
   ->  Incremental Sort  (cost=0.35..710.91 rows=10000 width=20) (actual time=0.077..3.230 rows=10000 loops=1)
         Sort Key: s_1.a, s_1.b
         Presorted Key: s_1.a
         Sort Method: quicksort  Memory: 27kB
         Sort Groups: 309
         ->  Index Only Scan using s_1_a_e_d_c_b_idx on s_1  (cost=0.29..358.29 rows=10000 width=20) (actual time=0.031..1.278 rows=10000 loops=1)
               Heap Fetches: 0
 Planning time: 0.269 ms
 Execution time: 3.471 ms
(10 rows)

===== 284 [Wed Mar  7 02:00:28 CET 2018] scale:10000 groups:10000 work_mem:128MB incremental:on max_workers:0 =====
SELECT * FROM s_2 ORDER BY a, b, c
                                                                    QUERY PLAN                                                                     
---------------------------------------------------------------------------------------------------------------------------------------------------
 Limit  (cost=810.91..810.91 rows=1 width=20) (actual time=3.068..3.068 rows=0 loops=1)
   ->  Incremental Sort  (cost=0.35..710.91 rows=10000 width=20) (actual time=0.064..2.848 rows=10000 loops=1)
         Sort Key: s_2.a, s_2.b, s_2.c
         Presorted Key: s_2.a, s_2.b
         Sort Method: quicksort  Memory: 27kB
         Sort Groups: 313
         ->  Index Only Scan using s_2_a_b_e_d_c_idx on s_2  (cost=0.29..358.29 rows=10000 width=20) (actual time=0.020..1.276 rows=10000 loops=1)
               Heap Fetches: 0
 Planning time: 0.272 ms
 Execution time: 3.094 ms
(10 rows)

===== 285 [Wed Mar  7 02:00:28 CET 2018] scale:10000 groups:10000 work_mem:128MB incremental:on max_workers:0 =====
SELECT * FROM s_3 ORDER BY a, b, c, d
                                                                    QUERY PLAN                                                                     
---------------------------------------------------------------------------------------------------------------------------------------------------
 Limit  (cost=810.91..810.91 rows=1 width=20) (actual time=3.081..3.081 rows=0 loops=1)
   ->  Incremental Sort  (cost=0.35..710.91 rows=10000 width=20) (actual time=0.064..2.862 rows=10000 loops=1)
         Sort Key: s_3.a, s_3.b, s_3.c, s_3.d
         Presorted Key: s_3.a, s_3.b, s_3.c
         Sort Method: quicksort  Memory: 27kB
         Sort Groups: 313
         ->  Index Only Scan using s_3_a_b_c_e_d_idx on s_3  (cost=0.29..358.29 rows=10000 width=20) (actual time=0.020..1.278 rows=10000 loops=1)
               Heap Fetches: 0
 Planning time: 0.273 ms
 Execution time: 3.102 ms
(10 rows)

===== 286 [Wed Mar  7 02:00:29 CET 2018] scale:10000 groups:10000 work_mem:128MB incremental:off max_workers:0 =====
SELECT * FROM s_1 ORDER BY a, b
                                                     QUERY PLAN                                                     
--------------------------------------------------------------------------------------------------------------------
 Limit  (cost=953.39..953.39 rows=1 width=20) (actual time=3.237..3.237 rows=0 loops=1)
   ->  Sort  (cost=828.39..853.39 rows=10000 width=20) (actual time=2.696..3.020 rows=10000 loops=1)
         Sort Key: s_1.a, s_1.b
         Sort Method: quicksort  Memory: 1166kB
         ->  Seq Scan on s_1  (cost=0.00..164.00 rows=10000 width=20) (actual time=0.004..0.570 rows=10000 loops=1)
 Planning time: 0.264 ms
 Execution time: 3.294 ms
(7 rows)

===== 287 [Wed Mar  7 02:00:29 CET 2018] scale:10000 groups:10000 work_mem:128MB incremental:off max_workers:0 =====
SELECT * FROM s_2 ORDER BY a, b, c
                                                     QUERY PLAN                                                     
--------------------------------------------------------------------------------------------------------------------
 Limit  (cost=953.39..953.39 rows=1 width=20) (actual time=2.329..2.329 rows=0 loops=1)
   ->  Sort  (cost=828.39..853.39 rows=10000 width=20) (actual time=1.798..2.112 rows=10000 loops=1)
         Sort Key: s_2.a, s_2.b, s_2.c
         Sort Method: quicksort  Memory: 1166kB
         ->  Seq Scan on s_2  (cost=0.00..164.00 rows=10000 width=20) (actual time=0.010..0.578 rows=10000 loops=1)
 Planning time: 0.263 ms
 Execution time: 2.385 ms
(7 rows)

===== 288 [Wed Mar  7 02:00:29 CET 2018] scale:10000 groups:10000 work_mem:128MB incremental:off max_workers:0 =====
SELECT * FROM s_3 ORDER BY a, b, c, d
                                                     QUERY PLAN                                                     
--------------------------------------------------------------------------------------------------------------------
 Limit  (cost=953.39..953.39 rows=1 width=20) (actual time=2.318..2.318 rows=0 loops=1)
   ->  Sort  (cost=828.39..853.39 rows=10000 width=20) (actual time=1.783..2.097 rows=10000 loops=1)
         Sort Key: s_3.a, s_3.b, s_3.c, s_3.d
         Sort Method: quicksort  Memory: 1166kB
         ->  Seq Scan on s_3  (cost=0.00..164.00 rows=10000 width=20) (actual time=0.007..0.572 rows=10000 loops=1)
 Planning time: 0.268 ms
 Execution time: 2.379 ms
(7 rows)

===== 289 [Wed Mar  7 02:00:29 CET 2018] scale:10000 groups:10000 work_mem:256MB incremental:on max_workers:0 =====
SELECT * FROM s_1 ORDER BY a, b
                                                                    QUERY PLAN                                                                     
---------------------------------------------------------------------------------------------------------------------------------------------------
 Limit  (cost=810.91..810.91 rows=1 width=20) (actual time=3.411..3.411 rows=0 loops=1)
   ->  Incremental Sort  (cost=0.35..710.91 rows=10000 width=20) (actual time=0.072..3.191 rows=10000 loops=1)
         Sort Key: s_1.a, s_1.b
         Presorted Key: s_1.a
         Sort Method: quicksort  Memory: 27kB
         Sort Groups: 309
         ->  Index Only Scan using s_1_a_e_d_c_b_idx on s_1  (cost=0.29..358.29 rows=10000 width=20) (actual time=0.026..1.271 rows=10000 loops=1)
               Heap Fetches: 0
 Planning time: 0.266 ms
 Execution time: 3.432 ms
(10 rows)

===== 290 [Wed Mar  7 02:00:29 CET 2018] scale:10000 groups:10000 work_mem:256MB incremental:on max_workers:0 =====
SELECT * FROM s_2 ORDER BY a, b, c
                                                                    QUERY PLAN                                                                     
---------------------------------------------------------------------------------------------------------------------------------------------------
 Limit  (cost=810.91..810.91 rows=1 width=20) (actual time=3.048..3.048 rows=0 loops=1)
   ->  Incremental Sort  (cost=0.35..710.91 rows=10000 width=20) (actual time=0.066..2.830 rows=10000 loops=1)
         Sort Key: s_2.a, s_2.b, s_2.c
         Presorted Key: s_2.a, s_2.b
         Sort Method: quicksort  Memory: 27kB
         Sort Groups: 313
         ->  Index Only Scan using s_2_a_b_e_d_c_idx on s_2  (cost=0.29..358.29 rows=10000 width=20) (actual time=0.022..1.282 rows=10000 loops=1)
               Heap Fetches: 0
 Planning time: 0.279 ms
 Execution time: 3.069 ms
(10 rows)

===== 291 [Wed Mar  7 02:00:29 CET 2018] scale:10000 groups:10000 work_mem:256MB incremental:on max_workers:0 =====
SELECT * FROM s_3 ORDER BY a, b, c, d
                                                                    QUERY PLAN                                                                     
---------------------------------------------------------------------------------------------------------------------------------------------------
 Limit  (cost=810.91..810.91 rows=1 width=20) (actual time=3.067..3.067 rows=0 loops=1)
   ->  Incremental Sort  (cost=0.35..710.91 rows=10000 width=20) (actual time=0.068..2.848 rows=10000 loops=1)
         Sort Key: s_3.a, s_3.b, s_3.c, s_3.d
         Presorted Key: s_3.a, s_3.b, s_3.c
         Sort Method: quicksort  Memory: 27kB
         Sort Groups: 313
         ->  Index Only Scan using s_3_a_b_c_e_d_idx on s_3  (cost=0.29..358.29 rows=10000 width=20) (actual time=0.021..1.263 rows=10000 loops=1)
               Heap Fetches: 0
 Planning time: 0.277 ms
 Execution time: 3.089 ms
(10 rows)

===== 292 [Wed Mar  7 02:00:29 CET 2018] scale:10000 groups:10000 work_mem:256MB incremental:off max_workers:0 =====
SELECT * FROM s_1 ORDER BY a, b
                                                     QUERY PLAN                                                     
--------------------------------------------------------------------------------------------------------------------
 Limit  (cost=953.39..953.39 rows=1 width=20) (actual time=3.234..3.234 rows=0 loops=1)
   ->  Sort  (cost=828.39..853.39 rows=10000 width=20) (actual time=2.697..3.016 rows=10000 loops=1)
         Sort Key: s_1.a, s_1.b
         Sort Method: quicksort  Memory: 1166kB
         ->  Seq Scan on s_1  (cost=0.00..164.00 rows=10000 width=20) (actual time=0.004..0.571 rows=10000 loops=1)
 Planning time: 0.260 ms
 Execution time: 3.290 ms
(7 rows)

===== 293 [Wed Mar  7 02:00:29 CET 2018] scale:10000 groups:10000 work_mem:256MB incremental:off max_workers:0 =====
SELECT * FROM s_2 ORDER BY a, b, c
                                                     QUERY PLAN                                                     
--------------------------------------------------------------------------------------------------------------------
 Limit  (cost=953.39..953.39 rows=1 width=20) (actual time=2.329..2.329 rows=0 loops=1)
   ->  Sort  (cost=828.39..853.39 rows=10000 width=20) (actual time=1.797..2.111 rows=10000 loops=1)
         Sort Key: s_2.a, s_2.b, s_2.c
         Sort Method: quicksort  Memory: 1166kB
         ->  Seq Scan on s_2  (cost=0.00..164.00 rows=10000 width=20) (actual time=0.010..0.578 rows=10000 loops=1)
 Planning time: 0.268 ms
 Execution time: 2.386 ms
(7 rows)

===== 294 [Wed Mar  7 02:00:29 CET 2018] scale:10000 groups:10000 work_mem:256MB incremental:off max_workers:0 =====
SELECT * FROM s_3 ORDER BY a, b, c, d
                                                     QUERY PLAN                                                     
--------------------------------------------------------------------------------------------------------------------
 Limit  (cost=953.39..953.39 rows=1 width=20) (actual time=2.326..2.326 rows=0 loops=1)
   ->  Sort  (cost=828.39..853.39 rows=10000 width=20) (actual time=1.789..2.107 rows=10000 loops=1)
         Sort Key: s_3.a, s_3.b, s_3.c, s_3.d
         Sort Method: quicksort  Memory: 1166kB
         ->  Seq Scan on s_3  (cost=0.00..164.00 rows=10000 width=20) (actual time=0.007..0.574 rows=10000 loops=1)
 Planning time: 0.268 ms
 Execution time: 2.382 ms
(7 rows)

===== 295 [Wed Mar  7 02:00:29 CET 2018] scale:10000 groups:10000 work_mem:4MB incremental:on max_workers:2 =====
SELECT * FROM s_1 ORDER BY a, b
                                                                    QUERY PLAN                                                                     
---------------------------------------------------------------------------------------------------------------------------------------------------
 Limit  (cost=810.91..810.91 rows=1 width=20) (actual time=3.443..3.443 rows=0 loops=1)
   ->  Incremental Sort  (cost=0.35..710.91 rows=10000 width=20) (actual time=0.071..3.225 rows=10000 loops=1)
         Sort Key: s_1.a, s_1.b
         Presorted Key: s_1.a
         Sort Method: quicksort  Memory: 27kB
         Sort Groups: 309
         ->  Index Only Scan using s_1_a_e_d_c_b_idx on s_1  (cost=0.29..358.29 rows=10000 width=20) (actual time=0.026..1.279 rows=10000 loops=1)
               Heap Fetches: 0
 Planning time: 0.269 ms
 Execution time: 3.464 ms
(10 rows)

===== 296 [Wed Mar  7 02:00:29 CET 2018] scale:10000 groups:10000 work_mem:4MB incremental:on max_workers:2 =====
SELECT * FROM s_2 ORDER BY a, b, c
                                                                    QUERY PLAN                                                                     
---------------------------------------------------------------------------------------------------------------------------------------------------
 Limit  (cost=810.91..810.91 rows=1 width=20) (actual time=3.065..3.065 rows=0 loops=1)
   ->  Incremental Sort  (cost=0.35..710.91 rows=10000 width=20) (actual time=0.062..2.846 rows=10000 loops=1)
         Sort Key: s_2.a, s_2.b, s_2.c
         Presorted Key: s_2.a, s_2.b
         Sort Method: quicksort  Memory: 27kB
         Sort Groups: 313
         ->  Index Only Scan using s_2_a_b_e_d_c_idx on s_2  (cost=0.29..358.29 rows=10000 width=20) (actual time=0.020..1.280 rows=10000 loops=1)
               Heap Fetches: 0
 Planning time: 0.274 ms
 Execution time: 3.089 ms
(10 rows)

===== 297 [Wed Mar  7 02:00:30 CET 2018] scale:10000 groups:10000 work_mem:4MB incremental:on max_workers:2 =====
SELECT * FROM s_3 ORDER BY a, b, c, d
                                                                    QUERY PLAN                                                                     
---------------------------------------------------------------------------------------------------------------------------------------------------
 Limit  (cost=810.91..810.91 rows=1 width=20) (actual time=3.079..3.079 rows=0 loops=1)
   ->  Incremental Sort  (cost=0.35..710.91 rows=10000 width=20) (actual time=0.064..2.860 rows=10000 loops=1)
         Sort Key: s_3.a, s_3.b, s_3.c, s_3.d
         Presorted Key: s_3.a, s_3.b, s_3.c
         Sort Method: quicksort  Memory: 27kB
         Sort Groups: 313
         ->  Index Only Scan using s_3_a_b_c_e_d_idx on s_3  (cost=0.29..358.29 rows=10000 width=20) (actual time=0.020..1.279 rows=10000 loops=1)
               Heap Fetches: 0
 Planning time: 0.277 ms
 Execution time: 3.101 ms
(10 rows)

===== 298 [Wed Mar  7 02:00:30 CET 2018] scale:10000 groups:10000 work_mem:4MB incremental:off max_workers:2 =====
SELECT * FROM s_1 ORDER BY a, b
                                                     QUERY PLAN                                                     
--------------------------------------------------------------------------------------------------------------------
 Limit  (cost=953.39..953.39 rows=1 width=20) (actual time=3.241..3.241 rows=0 loops=1)
   ->  Sort  (cost=828.39..853.39 rows=10000 width=20) (actual time=2.704..3.025 rows=10000 loops=1)
         Sort Key: s_1.a, s_1.b
         Sort Method: quicksort  Memory: 1166kB
         ->  Seq Scan on s_1  (cost=0.00..164.00 rows=10000 width=20) (actual time=0.004..0.570 rows=10000 loops=1)
 Planning time: 0.272 ms
 Execution time: 3.296 ms
(7 rows)

===== 299 [Wed Mar  7 02:00:30 CET 2018] scale:10000 groups:10000 work_mem:4MB incremental:off max_workers:2 =====
SELECT * FROM s_2 ORDER BY a, b, c
                                                     QUERY PLAN                                                     
--------------------------------------------------------------------------------------------------------------------
 Limit  (cost=953.39..953.39 rows=1 width=20) (actual time=2.329..2.329 rows=0 loops=1)
   ->  Sort  (cost=828.39..853.39 rows=10000 width=20) (actual time=1.799..2.110 rows=10000 loops=1)
         Sort Key: s_2.a, s_2.b, s_2.c
         Sort Method: quicksort  Memory: 1166kB
         ->  Seq Scan on s_2  (cost=0.00..164.00 rows=10000 width=20) (actual time=0.010..0.573 rows=10000 loops=1)
 Planning time: 0.267 ms
 Execution time: 2.384 ms
(7 rows)

===== 300 [Wed Mar  7 02:00:30 CET 2018] scale:10000 groups:10000 work_mem:4MB incremental:off max_workers:2 =====
SELECT * FROM s_3 ORDER BY a, b, c, d
                                                     QUERY PLAN                                                     
--------------------------------------------------------------------------------------------------------------------
 Limit  (cost=953.39..953.39 rows=1 width=20) (actual time=2.318..2.318 rows=0 loops=1)
   ->  Sort  (cost=828.39..853.39 rows=10000 width=20) (actual time=1.782..2.101 rows=10000 loops=1)
         Sort Key: s_3.a, s_3.b, s_3.c, s_3.d
         Sort Method: quicksort  Memory: 1166kB
         ->  Seq Scan on s_3  (cost=0.00..164.00 rows=10000 width=20) (actual time=0.007..0.568 rows=10000 loops=1)
 Planning time: 0.270 ms
 Execution time: 2.376 ms
(7 rows)

===== 301 [Wed Mar  7 02:00:30 CET 2018] scale:10000 groups:10000 work_mem:8MB incremental:on max_workers:2 =====
SELECT * FROM s_1 ORDER BY a, b
                                                                    QUERY PLAN                                                                     
---------------------------------------------------------------------------------------------------------------------------------------------------
 Limit  (cost=810.91..810.91 rows=1 width=20) (actual time=3.442..3.442 rows=0 loops=1)
   ->  Incremental Sort  (cost=0.35..710.91 rows=10000 width=20) (actual time=0.077..3.223 rows=10000 loops=1)
         Sort Key: s_1.a, s_1.b
         Presorted Key: s_1.a
         Sort Method: quicksort  Memory: 27kB
         Sort Groups: 309
         ->  Index Only Scan using s_1_a_e_d_c_b_idx on s_1  (cost=0.29..358.29 rows=10000 width=20) (actual time=0.033..1.282 rows=10000 loops=1)
               Heap Fetches: 0
 Planning time: 0.268 ms
 Execution time: 3.464 ms
(10 rows)

===== 302 [Wed Mar  7 02:00:30 CET 2018] scale:10000 groups:10000 work_mem:8MB incremental:on max_workers:2 =====
SELECT * FROM s_2 ORDER BY a, b, c
                                                                    QUERY PLAN                                                                     
---------------------------------------------------------------------------------------------------------------------------------------------------
 Limit  (cost=810.91..810.91 rows=1 width=20) (actual time=3.066..3.066 rows=0 loops=1)
   ->  Incremental Sort  (cost=0.35..710.91 rows=10000 width=20) (actual time=0.062..2.847 rows=10000 loops=1)
         Sort Key: s_2.a, s_2.b, s_2.c
         Presorted Key: s_2.a, s_2.b
         Sort Method: quicksort  Memory: 27kB
         Sort Groups: 313
         ->  Index Only Scan using s_2_a_b_e_d_c_idx on s_2  (cost=0.29..358.29 rows=10000 width=20) (actual time=0.020..1.276 rows=10000 loops=1)
               Heap Fetches: 0
 Planning time: 0.281 ms
 Execution time: 3.089 ms
(10 rows)

===== 303 [Wed Mar  7 02:00:30 CET 2018] scale:10000 groups:10000 work_mem:8MB incremental:on max_workers:2 =====
SELECT * FROM s_3 ORDER BY a, b, c, d
                                                                    QUERY PLAN                                                                     
---------------------------------------------------------------------------------------------------------------------------------------------------
 Limit  (cost=810.91..810.91 rows=1 width=20) (actual time=3.079..3.079 rows=0 loops=1)
   ->  Incremental Sort  (cost=0.35..710.91 rows=10000 width=20) (actual time=0.064..2.860 rows=10000 loops=1)
         Sort Key: s_3.a, s_3.b, s_3.c, s_3.d
         Presorted Key: s_3.a, s_3.b, s_3.c
         Sort Method: quicksort  Memory: 27kB
         Sort Groups: 313
         ->  Index Only Scan using s_3_a_b_c_e_d_idx on s_3  (cost=0.29..358.29 rows=10000 width=20) (actual time=0.019..1.267 rows=10000 loops=1)
               Heap Fetches: 0
 Planning time: 0.277 ms
 Execution time: 3.100 ms
(10 rows)

===== 304 [Wed Mar  7 02:00:30 CET 2018] scale:10000 groups:10000 work_mem:8MB incremental:off max_workers:2 =====
SELECT * FROM s_1 ORDER BY a, b
                                                     QUERY PLAN                                                     
--------------------------------------------------------------------------------------------------------------------
 Limit  (cost=953.39..953.39 rows=1 width=20) (actual time=3.233..3.233 rows=0 loops=1)
   ->  Sort  (cost=828.39..853.39 rows=10000 width=20) (actual time=2.693..3.016 rows=10000 loops=1)
         Sort Key: s_1.a, s_1.b
         Sort Method: quicksort  Memory: 1166kB
         ->  Seq Scan on s_1  (cost=0.00..164.00 rows=10000 width=20) (actual time=0.004..0.571 rows=10000 loops=1)
 Planning time: 0.276 ms
 Execution time: 3.288 ms
(7 rows)

===== 305 [Wed Mar  7 02:00:30 CET 2018] scale:10000 groups:10000 work_mem:8MB incremental:off max_workers:2 =====
SELECT * FROM s_2 ORDER BY a, b, c
                                                     QUERY PLAN                                                     
--------------------------------------------------------------------------------------------------------------------
 Limit  (cost=953.39..953.39 rows=1 width=20) (actual time=2.323..2.323 rows=0 loops=1)
   ->  Sort  (cost=828.39..853.39 rows=10000 width=20) (actual time=1.797..2.106 rows=10000 loops=1)
         Sort Key: s_2.a, s_2.b, s_2.c
         Sort Method: quicksort  Memory: 1166kB
         ->  Seq Scan on s_2  (cost=0.00..164.00 rows=10000 width=20) (actual time=0.010..0.578 rows=10000 loops=1)
 Planning time: 0.265 ms
 Execution time: 2.379 ms
(7 rows)

===== 306 [Wed Mar  7 02:00:30 CET 2018] scale:10000 groups:10000 work_mem:8MB incremental:off max_workers:2 =====
SELECT * FROM s_3 ORDER BY a, b, c, d
                                                     QUERY PLAN                                                     
--------------------------------------------------------------------------------------------------------------------
 Limit  (cost=953.39..953.39 rows=1 width=20) (actual time=2.318..2.318 rows=0 loops=1)
   ->  Sort  (cost=828.39..853.39 rows=10000 width=20) (actual time=1.788..2.100 rows=10000 loops=1)
         Sort Key: s_3.a, s_3.b, s_3.c, s_3.d
         Sort Method: quicksort  Memory: 1166kB
         ->  Seq Scan on s_3  (cost=0.00..164.00 rows=10000 width=20) (actual time=0.007..0.568 rows=10000 loops=1)
 Planning time: 0.275 ms
 Execution time: 2.374 ms
(7 rows)

===== 307 [Wed Mar  7 02:00:30 CET 2018] scale:10000 groups:10000 work_mem:16MB incremental:on max_workers:2 =====
SELECT * FROM s_1 ORDER BY a, b
                                                                    QUERY PLAN                                                                     
---------------------------------------------------------------------------------------------------------------------------------------------------
 Limit  (cost=810.91..810.91 rows=1 width=20) (actual time=3.439..3.439 rows=0 loops=1)
   ->  Incremental Sort  (cost=0.35..710.91 rows=10000 width=20) (actual time=0.068..3.217 rows=10000 loops=1)
         Sort Key: s_1.a, s_1.b
         Presorted Key: s_1.a
         Sort Method: quicksort  Memory: 27kB
         Sort Groups: 309
         ->  Index Only Scan using s_1_a_e_d_c_b_idx on s_1  (cost=0.29..358.29 rows=10000 width=20) (actual time=0.024..1.275 rows=10000 loops=1)
               Heap Fetches: 0
 Planning time: 0.268 ms
 Execution time: 3.460 ms
(10 rows)

===== 308 [Wed Mar  7 02:00:31 CET 2018] scale:10000 groups:10000 work_mem:16MB incremental:on max_workers:2 =====
SELECT * FROM s_2 ORDER BY a, b, c
                                                                    QUERY PLAN                                                                     
---------------------------------------------------------------------------------------------------------------------------------------------------
 Limit  (cost=810.91..810.91 rows=1 width=20) (actual time=3.068..3.068 rows=0 loops=1)
   ->  Incremental Sort  (cost=0.35..710.91 rows=10000 width=20) (actual time=0.062..2.849 rows=10000 loops=1)
         Sort Key: s_2.a, s_2.b, s_2.c
         Presorted Key: s_2.a, s_2.b
         Sort Method: quicksort  Memory: 27kB
         Sort Groups: 313
         ->  Index Only Scan using s_2_a_b_e_d_c_idx on s_2  (cost=0.29..358.29 rows=10000 width=20) (actual time=0.020..1.273 rows=10000 loops=1)
               Heap Fetches: 0
 Planning time: 0.274 ms
 Execution time: 3.091 ms
(10 rows)

===== 309 [Wed Mar  7 02:00:31 CET 2018] scale:10000 groups:10000 work_mem:16MB incremental:on max_workers:2 =====
SELECT * FROM s_3 ORDER BY a, b, c, d
                                                                    QUERY PLAN                                                                     
---------------------------------------------------------------------------------------------------------------------------------------------------
 Limit  (cost=810.91..810.91 rows=1 width=20) (actual time=3.078..3.078 rows=0 loops=1)
   ->  Incremental Sort  (cost=0.35..710.91 rows=10000 width=20) (actual time=0.064..2.853 rows=10000 loops=1)
         Sort Key: s_3.a, s_3.b, s_3.c, s_3.d
         Presorted Key: s_3.a, s_3.b, s_3.c
         Sort Method: quicksort  Memory: 27kB
         Sort Groups: 313
         ->  Index Only Scan using s_3_a_b_c_e_d_idx on s_3  (cost=0.29..358.29 rows=10000 width=20) (actual time=0.020..1.268 rows=10000 loops=1)
               Heap Fetches: 0
 Planning time: 0.277 ms
 Execution time: 3.099 ms
(10 rows)

===== 310 [Wed Mar  7 02:00:31 CET 2018] scale:10000 groups:10000 work_mem:16MB incremental:off max_workers:2 =====
SELECT * FROM s_1 ORDER BY a, b
                                                     QUERY PLAN                                                     
--------------------------------------------------------------------------------------------------------------------
 Limit  (cost=953.39..953.39 rows=1 width=20) (actual time=3.232..3.232 rows=0 loops=1)
   ->  Sort  (cost=828.39..853.39 rows=10000 width=20) (actual time=2.695..3.016 rows=10000 loops=1)
         Sort Key: s_1.a, s_1.b
         Sort Method: quicksort  Memory: 1166kB
         ->  Seq Scan on s_1  (cost=0.00..164.00 rows=10000 width=20) (actual time=0.004..0.572 rows=10000 loops=1)
 Planning time: 0.270 ms
 Execution time: 3.291 ms
(7 rows)

===== 311 [Wed Mar  7 02:00:31 CET 2018] scale:10000 groups:10000 work_mem:16MB incremental:off max_workers:2 =====
SELECT * FROM s_2 ORDER BY a, b, c
                                                     QUERY PLAN                                                     
--------------------------------------------------------------------------------------------------------------------
 Limit  (cost=953.39..953.39 rows=1 width=20) (actual time=2.326..2.326 rows=0 loops=1)
   ->  Sort  (cost=828.39..853.39 rows=10000 width=20) (actual time=1.793..2.109 rows=10000 loops=1)
         Sort Key: s_2.a, s_2.b, s_2.c
         Sort Method: quicksort  Memory: 1166kB
         ->  Seq Scan on s_2  (cost=0.00..164.00 rows=10000 width=20) (actual time=0.010..0.572 rows=10000 loops=1)
 Planning time: 0.276 ms
 Execution time: 2.383 ms
(7 rows)

===== 312 [Wed Mar  7 02:00:31 CET 2018] scale:10000 groups:10000 work_mem:16MB incremental:off max_workers:2 =====
SELECT * FROM s_3 ORDER BY a, b, c, d
                                                     QUERY PLAN                                                     
--------------------------------------------------------------------------------------------------------------------
 Limit  (cost=953.39..953.39 rows=1 width=20) (actual time=2.316..2.316 rows=0 loops=1)
   ->  Sort  (cost=828.39..853.39 rows=10000 width=20) (actual time=1.786..2.098 rows=10000 loops=1)
         Sort Key: s_3.a, s_3.b, s_3.c, s_3.d
         Sort Method: quicksort  Memory: 1166kB
         ->  Seq Scan on s_3  (cost=0.00..164.00 rows=10000 width=20) (actual time=0.007..0.569 rows=10000 loops=1)
 Planning time: 0.286 ms
 Execution time: 2.371 ms
(7 rows)

===== 313 [Wed Mar  7 02:00:31 CET 2018] scale:10000 groups:10000 work_mem:32MB incremental:on max_workers:2 =====
SELECT * FROM s_1 ORDER BY a, b
                                                                    QUERY PLAN                                                                     
---------------------------------------------------------------------------------------------------------------------------------------------------
 Limit  (cost=810.91..810.91 rows=1 width=20) (actual time=3.445..3.445 rows=0 loops=1)
   ->  Incremental Sort  (cost=0.35..710.91 rows=10000 width=20) (actual time=0.070..3.219 rows=10000 loops=1)
         Sort Key: s_1.a, s_1.b
         Presorted Key: s_1.a
         Sort Method: quicksort  Memory: 27kB
         Sort Groups: 309
         ->  Index Only Scan using s_1_a_e_d_c_b_idx on s_1  (cost=0.29..358.29 rows=10000 width=20) (actual time=0.023..1.276 rows=10000 loops=1)
               Heap Fetches: 0
 Planning time: 0.269 ms
 Execution time: 3.466 ms
(10 rows)

===== 314 [Wed Mar  7 02:00:31 CET 2018] scale:10000 groups:10000 work_mem:32MB incremental:on max_workers:2 =====
SELECT * FROM s_2 ORDER BY a, b, c
                                                                    QUERY PLAN                                                                     
---------------------------------------------------------------------------------------------------------------------------------------------------
 Limit  (cost=810.91..810.91 rows=1 width=20) (actual time=3.068..3.068 rows=0 loops=1)
   ->  Incremental Sort  (cost=0.35..710.91 rows=10000 width=20) (actual time=0.062..2.849 rows=10000 loops=1)
         Sort Key: s_2.a, s_2.b, s_2.c
         Presorted Key: s_2.a, s_2.b
         Sort Method: quicksort  Memory: 27kB
         Sort Groups: 313
         ->  Index Only Scan using s_2_a_b_e_d_c_idx on s_2  (cost=0.29..358.29 rows=10000 width=20) (actual time=0.020..1.272 rows=10000 loops=1)
               Heap Fetches: 0
 Planning time: 0.277 ms
 Execution time: 3.094 ms
(10 rows)

===== 315 [Wed Mar  7 02:00:31 CET 2018] scale:10000 groups:10000 work_mem:32MB incremental:on max_workers:2 =====
SELECT * FROM s_3 ORDER BY a, b, c, d
                                                                    QUERY PLAN                                                                     
---------------------------------------------------------------------------------------------------------------------------------------------------
 Limit  (cost=810.91..810.91 rows=1 width=20) (actual time=3.084..3.084 rows=0 loops=1)
   ->  Incremental Sort  (cost=0.35..710.91 rows=10000 width=20) (actual time=0.066..2.865 rows=10000 loops=1)
         Sort Key: s_3.a, s_3.b, s_3.c, s_3.d
         Presorted Key: s_3.a, s_3.b, s_3.c
         Sort Method: quicksort  Memory: 27kB
         Sort Groups: 313
         ->  Index Only Scan using s_3_a_b_c_e_d_idx on s_3  (cost=0.29..358.29 rows=10000 width=20) (actual time=0.020..1.276 rows=10000 loops=1)
               Heap Fetches: 0
 Planning time: 0.280 ms
 Execution time: 3.106 ms
(10 rows)

===== 316 [Wed Mar  7 02:00:31 CET 2018] scale:10000 groups:10000 work_mem:32MB incremental:off max_workers:2 =====
SELECT * FROM s_1 ORDER BY a, b
                                                     QUERY PLAN                                                     
--------------------------------------------------------------------------------------------------------------------
 Limit  (cost=953.39..953.39 rows=1 width=20) (actual time=3.242..3.242 rows=0 loops=1)
   ->  Sort  (cost=828.39..853.39 rows=10000 width=20) (actual time=2.700..3.022 rows=10000 loops=1)
         Sort Key: s_1.a, s_1.b
         Sort Method: quicksort  Memory: 1166kB
         ->  Seq Scan on s_1  (cost=0.00..164.00 rows=10000 width=20) (actual time=0.004..0.571 rows=10000 loops=1)
 Planning time: 0.269 ms
 Execution time: 3.298 ms
(7 rows)

===== 317 [Wed Mar  7 02:00:31 CET 2018] scale:10000 groups:10000 work_mem:32MB incremental:off max_workers:2 =====
SELECT * FROM s_2 ORDER BY a, b, c
                                                     QUERY PLAN                                                     
--------------------------------------------------------------------------------------------------------------------
 Limit  (cost=953.39..953.39 rows=1 width=20) (actual time=2.336..2.336 rows=0 loops=1)
   ->  Sort  (cost=828.39..853.39 rows=10000 width=20) (actual time=1.799..2.120 rows=10000 loops=1)
         Sort Key: s_2.a, s_2.b, s_2.c
         Sort Method: quicksort  Memory: 1166kB
         ->  Seq Scan on s_2  (cost=0.00..164.00 rows=10000 width=20) (actual time=0.015..0.577 rows=10000 loops=1)
 Planning time: 0.271 ms
 Execution time: 2.392 ms
(7 rows)

===== 318 [Wed Mar  7 02:00:31 CET 2018] scale:10000 groups:10000 work_mem:32MB incremental:off max_workers:2 =====
SELECT * FROM s_3 ORDER BY a, b, c, d
                                                     QUERY PLAN                                                     
--------------------------------------------------------------------------------------------------------------------
 Limit  (cost=953.39..953.39 rows=1 width=20) (actual time=2.316..2.316 rows=0 loops=1)
   ->  Sort  (cost=828.39..853.39 rows=10000 width=20) (actual time=1.783..2.097 rows=10000 loops=1)
         Sort Key: s_3.a, s_3.b, s_3.c, s_3.d
         Sort Method: quicksort  Memory: 1166kB
         ->  Seq Scan on s_3  (cost=0.00..164.00 rows=10000 width=20) (actual time=0.007..0.571 rows=10000 loops=1)
 Planning time: 0.274 ms
 Execution time: 2.371 ms
(7 rows)

===== 319 [Wed Mar  7 02:00:31 CET 2018] scale:10000 groups:10000 work_mem:64MB incremental:on max_workers:2 =====
SELECT * FROM s_1 ORDER BY a, b
                                                                    QUERY PLAN                                                                     
---------------------------------------------------------------------------------------------------------------------------------------------------
 Limit  (cost=810.91..810.91 rows=1 width=20) (actual time=3.443..3.443 rows=0 loops=1)
   ->  Incremental Sort  (cost=0.35..710.91 rows=10000 width=20) (actual time=0.069..3.225 rows=10000 loops=1)
         Sort Key: s_1.a, s_1.b
         Presorted Key: s_1.a
         Sort Method: quicksort  Memory: 27kB
         Sort Groups: 309
         ->  Index Only Scan using s_1_a_e_d_c_b_idx on s_1  (cost=0.29..358.29 rows=10000 width=20) (actual time=0.024..1.283 rows=10000 loops=1)
               Heap Fetches: 0
 Planning time: 0.266 ms
 Execution time: 3.466 ms
(10 rows)

===== 320 [Wed Mar  7 02:00:32 CET 2018] scale:10000 groups:10000 work_mem:64MB incremental:on max_workers:2 =====
SELECT * FROM s_2 ORDER BY a, b, c
                                                                    QUERY PLAN                                                                     
---------------------------------------------------------------------------------------------------------------------------------------------------
 Limit  (cost=810.91..810.91 rows=1 width=20) (actual time=3.069..3.069 rows=0 loops=1)
   ->  Incremental Sort  (cost=0.35..710.91 rows=10000 width=20) (actual time=0.062..2.850 rows=10000 loops=1)
         Sort Key: s_2.a, s_2.b, s_2.c
         Presorted Key: s_2.a, s_2.b
         Sort Method: quicksort  Memory: 27kB
         Sort Groups: 313
         ->  Index Only Scan using s_2_a_b_e_d_c_idx on s_2  (cost=0.29..358.29 rows=10000 width=20) (actual time=0.020..1.276 rows=10000 loops=1)
               Heap Fetches: 0
 Planning time: 0.281 ms
 Execution time: 3.091 ms
(10 rows)

===== 321 [Wed Mar  7 02:00:32 CET 2018] scale:10000 groups:10000 work_mem:64MB incremental:on max_workers:2 =====
SELECT * FROM s_3 ORDER BY a, b, c, d
                                                                    QUERY PLAN                                                                     
---------------------------------------------------------------------------------------------------------------------------------------------------
 Limit  (cost=810.91..810.91 rows=1 width=20) (actual time=3.069..3.069 rows=0 loops=1)
   ->  Incremental Sort  (cost=0.35..710.91 rows=10000 width=20) (actual time=0.064..2.850 rows=10000 loops=1)
         Sort Key: s_3.a, s_3.b, s_3.c, s_3.d
         Presorted Key: s_3.a, s_3.b, s_3.c
         Sort Method: quicksort  Memory: 27kB
         Sort Groups: 313
         ->  Index Only Scan using s_3_a_b_c_e_d_idx on s_3  (cost=0.29..358.29 rows=10000 width=20) (actual time=0.020..1.266 rows=10000 loops=1)
               Heap Fetches: 0
 Planning time: 0.274 ms
 Execution time: 3.091 ms
(10 rows)

===== 322 [Wed Mar  7 02:00:32 CET 2018] scale:10000 groups:10000 work_mem:64MB incremental:off max_workers:2 =====
SELECT * FROM s_1 ORDER BY a, b
                                                     QUERY PLAN                                                     
--------------------------------------------------------------------------------------------------------------------
 Limit  (cost=953.39..953.39 rows=1 width=20) (actual time=3.236..3.236 rows=0 loops=1)
   ->  Sort  (cost=828.39..853.39 rows=10000 width=20) (actual time=2.695..3.019 rows=10000 loops=1)
         Sort Key: s_1.a, s_1.b
         Sort Method: quicksort  Memory: 1166kB
         ->  Seq Scan on s_1  (cost=0.00..164.00 rows=10000 width=20) (actual time=0.004..0.580 rows=10000 loops=1)
 Planning time: 0.269 ms
 Execution time: 3.294 ms
(7 rows)

===== 323 [Wed Mar  7 02:00:32 CET 2018] scale:10000 groups:10000 work_mem:64MB incremental:off max_workers:2 =====
SELECT * FROM s_2 ORDER BY a, b, c
                                                     QUERY PLAN                                                     
--------------------------------------------------------------------------------------------------------------------
 Limit  (cost=953.39..953.39 rows=1 width=20) (actual time=2.332..2.332 rows=0 loops=1)
   ->  Sort  (cost=828.39..853.39 rows=10000 width=20) (actual time=1.796..2.115 rows=10000 loops=1)
         Sort Key: s_2.a, s_2.b, s_2.c
         Sort Method: quicksort  Memory: 1166kB
         ->  Seq Scan on s_2  (cost=0.00..164.00 rows=10000 width=20) (actual time=0.010..0.576 rows=10000 loops=1)
 Planning time: 0.268 ms
 Execution time: 2.388 ms
(7 rows)

===== 324 [Wed Mar  7 02:00:32 CET 2018] scale:10000 groups:10000 work_mem:64MB incremental:off max_workers:2 =====
SELECT * FROM s_3 ORDER BY a, b, c, d
                                                     QUERY PLAN                                                     
--------------------------------------------------------------------------------------------------------------------
 Limit  (cost=953.39..953.39 rows=1 width=20) (actual time=2.313..2.313 rows=0 loops=1)
   ->  Sort  (cost=828.39..853.39 rows=10000 width=20) (actual time=1.780..2.095 rows=10000 loops=1)
         Sort Key: s_3.a, s_3.b, s_3.c, s_3.d
         Sort Method: quicksort  Memory: 1166kB
         ->  Seq Scan on s_3  (cost=0.00..164.00 rows=10000 width=20) (actual time=0.007..0.571 rows=10000 loops=1)
 Planning time: 0.270 ms
 Execution time: 2.376 ms
(7 rows)

===== 325 [Wed Mar  7 02:00:32 CET 2018] scale:10000 groups:10000 work_mem:128MB incremental:on max_workers:2 =====
SELECT * FROM s_1 ORDER BY a, b
                                                                    QUERY PLAN                                                                     
---------------------------------------------------------------------------------------------------------------------------------------------------
 Limit  (cost=810.91..810.91 rows=1 width=20) (actual time=3.404..3.404 rows=0 loops=1)
   ->  Incremental Sort  (cost=0.35..710.91 rows=10000 width=20) (actual time=0.070..3.180 rows=10000 loops=1)
         Sort Key: s_1.a, s_1.b
         Presorted Key: s_1.a
         Sort Method: quicksort  Memory: 27kB
         Sort Groups: 309
         ->  Index Only Scan using s_1_a_e_d_c_b_idx on s_1  (cost=0.29..358.29 rows=10000 width=20) (actual time=0.024..1.272 rows=10000 loops=1)
               Heap Fetches: 0
 Planning time: 0.264 ms
 Execution time: 3.426 ms
(10 rows)

===== 326 [Wed Mar  7 02:00:32 CET 2018] scale:10000 groups:10000 work_mem:128MB incremental:on max_workers:2 =====
SELECT * FROM s_2 ORDER BY a, b, c
                                                                    QUERY PLAN                                                                     
---------------------------------------------------------------------------------------------------------------------------------------------------
 Limit  (cost=810.91..810.91 rows=1 width=20) (actual time=3.047..3.047 rows=0 loops=1)
   ->  Incremental Sort  (cost=0.35..710.91 rows=10000 width=20) (actual time=0.065..2.829 rows=10000 loops=1)
         Sort Key: s_2.a, s_2.b, s_2.c
         Presorted Key: s_2.a, s_2.b
         Sort Method: quicksort  Memory: 27kB
         Sort Groups: 313
         ->  Index Only Scan using s_2_a_b_e_d_c_idx on s_2  (cost=0.29..358.29 rows=10000 width=20) (actual time=0.022..1.282 rows=10000 loops=1)
               Heap Fetches: 0
 Planning time: 0.274 ms
 Execution time: 3.074 ms
(10 rows)

===== 327 [Wed Mar  7 02:00:32 CET 2018] scale:10000 groups:10000 work_mem:128MB incremental:on max_workers:2 =====
SELECT * FROM s_3 ORDER BY a, b, c, d
                                                                    QUERY PLAN                                                                     
---------------------------------------------------------------------------------------------------------------------------------------------------
 Limit  (cost=810.91..810.91 rows=1 width=20) (actual time=3.062..3.062 rows=0 loops=1)
   ->  Incremental Sort  (cost=0.35..710.91 rows=10000 width=20) (actual time=0.068..2.844 rows=10000 loops=1)
         Sort Key: s_3.a, s_3.b, s_3.c, s_3.d
         Presorted Key: s_3.a, s_3.b, s_3.c
         Sort Method: quicksort  Memory: 27kB
         Sort Groups: 313
         ->  Index Only Scan using s_3_a_b_c_e_d_idx on s_3  (cost=0.29..358.29 rows=10000 width=20) (actual time=0.021..1.267 rows=10000 loops=1)
               Heap Fetches: 0
 Planning time: 0.278 ms
 Execution time: 3.084 ms
(10 rows)

===== 328 [Wed Mar  7 02:00:32 CET 2018] scale:10000 groups:10000 work_mem:128MB incremental:off max_workers:2 =====
SELECT * FROM s_1 ORDER BY a, b
                                                     QUERY PLAN                                                     
--------------------------------------------------------------------------------------------------------------------
 Limit  (cost=953.39..953.39 rows=1 width=20) (actual time=3.231..3.231 rows=0 loops=1)
   ->  Sort  (cost=828.39..853.39 rows=10000 width=20) (actual time=2.694..3.015 rows=10000 loops=1)
         Sort Key: s_1.a, s_1.b
         Sort Method: quicksort  Memory: 1166kB
         ->  Seq Scan on s_1  (cost=0.00..164.00 rows=10000 width=20) (actual time=0.004..0.570 rows=10000 loops=1)
 Planning time: 0.263 ms
 Execution time: 3.287 ms
(7 rows)

===== 329 [Wed Mar  7 02:00:32 CET 2018] scale:10000 groups:10000 work_mem:128MB incremental:off max_workers:2 =====
SELECT * FROM s_2 ORDER BY a, b, c
                                                     QUERY PLAN                                                     
--------------------------------------------------------------------------------------------------------------------
 Limit  (cost=953.39..953.39 rows=1 width=20) (actual time=2.337..2.337 rows=0 loops=1)
   ->  Sort  (cost=828.39..853.39 rows=10000 width=20) (actual time=1.801..2.116 rows=10000 loops=1)
         Sort Key: s_2.a, s_2.b, s_2.c
         Sort Method: quicksort  Memory: 1166kB
         ->  Seq Scan on s_2  (cost=0.00..164.00 rows=10000 width=20) (actual time=0.009..0.573 rows=10000 loops=1)
 Planning time: 0.269 ms
 Execution time: 2.394 ms
(7 rows)

===== 330 [Wed Mar  7 02:00:32 CET 2018] scale:10000 groups:10000 work_mem:128MB incremental:off max_workers:2 =====
SELECT * FROM s_3 ORDER BY a, b, c, d
                                                     QUERY PLAN                                                     
--------------------------------------------------------------------------------------------------------------------
 Limit  (cost=953.39..953.39 rows=1 width=20) (actual time=2.325..2.325 rows=0 loops=1)
   ->  Sort  (cost=828.39..853.39 rows=10000 width=20) (actual time=1.787..2.106 rows=10000 loops=1)
         Sort Key: s_3.a, s_3.b, s_3.c, s_3.d
         Sort Method: quicksort  Memory: 1166kB
         ->  Seq Scan on s_3  (cost=0.00..164.00 rows=10000 width=20) (actual time=0.007..0.569 rows=10000 loops=1)
 Planning time: 0.273 ms
 Execution time: 2.382 ms
(7 rows)

===== 331 [Wed Mar  7 02:00:33 CET 2018] scale:10000 groups:10000 work_mem:256MB incremental:on max_workers:2 =====
SELECT * FROM s_1 ORDER BY a, b
                                                                    QUERY PLAN                                                                     
---------------------------------------------------------------------------------------------------------------------------------------------------
 Limit  (cost=810.91..810.91 rows=1 width=20) (actual time=3.445..3.445 rows=0 loops=1)
   ->  Incremental Sort  (cost=0.35..710.91 rows=10000 width=20) (actual time=0.069..3.226 rows=10000 loops=1)
         Sort Key: s_1.a, s_1.b
         Presorted Key: s_1.a
         Sort Method: quicksort  Memory: 27kB
         Sort Groups: 309
         ->  Index Only Scan using s_1_a_e_d_c_b_idx on s_1  (cost=0.29..358.29 rows=10000 width=20) (actual time=0.025..1.275 rows=10000 loops=1)
               Heap Fetches: 0
 Planning time: 0.272 ms
 Execution time: 3.466 ms
(10 rows)

===== 332 [Wed Mar  7 02:00:33 CET 2018] scale:10000 groups:10000 work_mem:256MB incremental:on max_workers:2 =====
SELECT * FROM s_2 ORDER BY a, b, c
                                                                    QUERY PLAN                                                                     
---------------------------------------------------------------------------------------------------------------------------------------------------
 Limit  (cost=810.91..810.91 rows=1 width=20) (actual time=3.069..3.069 rows=0 loops=1)
   ->  Incremental Sort  (cost=0.35..710.91 rows=10000 width=20) (actual time=0.063..2.849 rows=10000 loops=1)
         Sort Key: s_2.a, s_2.b, s_2.c
         Presorted Key: s_2.a, s_2.b
         Sort Method: quicksort  Memory: 27kB
         Sort Groups: 313
         ->  Index Only Scan using s_2_a_b_e_d_c_idx on s_2  (cost=0.29..358.29 rows=10000 width=20) (actual time=0.020..1.273 rows=10000 loops=1)
               Heap Fetches: 0
 Planning time: 0.277 ms
 Execution time: 3.091 ms
(10 rows)

===== 333 [Wed Mar  7 02:00:33 CET 2018] scale:10000 groups:10000 work_mem:256MB incremental:on max_workers:2 =====
SELECT * FROM s_3 ORDER BY a, b, c, d
                                                                    QUERY PLAN                                                                     
---------------------------------------------------------------------------------------------------------------------------------------------------
 Limit  (cost=810.91..810.91 rows=1 width=20) (actual time=3.075..3.075 rows=0 loops=1)
   ->  Incremental Sort  (cost=0.35..710.91 rows=10000 width=20) (actual time=0.064..2.856 rows=10000 loops=1)
         Sort Key: s_3.a, s_3.b, s_3.c, s_3.d
         Presorted Key: s_3.a, s_3.b, s_3.c
         Sort Method: quicksort  Memory: 27kB
         Sort Groups: 313
         ->  Index Only Scan using s_3_a_b_c_e_d_idx on s_3  (cost=0.29..358.29 rows=10000 width=20) (actual time=0.020..1.275 rows=10000 loops=1)
               Heap Fetches: 0
 Planning time: 0.281 ms
 Execution time: 3.096 ms
(10 rows)

===== 334 [Wed Mar  7 02:00:33 CET 2018] scale:10000 groups:10000 work_mem:256MB incremental:off max_workers:2 =====
SELECT * FROM s_1 ORDER BY a, b
                                                     QUERY PLAN                                                     
--------------------------------------------------------------------------------------------------------------------
 Limit  (cost=953.39..953.39 rows=1 width=20) (actual time=3.231..3.231 rows=0 loops=1)
   ->  Sort  (cost=828.39..853.39 rows=10000 width=20) (actual time=2.693..3.014 rows=10000 loops=1)
         Sort Key: s_1.a, s_1.b
         Sort Method: quicksort  Memory: 1166kB
         ->  Seq Scan on s_1  (cost=0.00..164.00 rows=10000 width=20) (actual time=0.004..0.572 rows=10000 loops=1)
 Planning time: 0.264 ms
 Execution time: 3.289 ms
(7 rows)

===== 335 [Wed Mar  7 02:00:33 CET 2018] scale:10000 groups:10000 work_mem:256MB incremental:off max_workers:2 =====
SELECT * FROM s_2 ORDER BY a, b, c
                                                     QUERY PLAN                                                     
--------------------------------------------------------------------------------------------------------------------
 Limit  (cost=953.39..953.39 rows=1 width=20) (actual time=2.329..2.329 rows=0 loops=1)
   ->  Sort  (cost=828.39..853.39 rows=10000 width=20) (actual time=1.800..2.109 rows=10000 loops=1)
         Sort Key: s_2.a, s_2.b, s_2.c
         Sort Method: quicksort  Memory: 1166kB
         ->  Seq Scan on s_2  (cost=0.00..164.00 rows=10000 width=20) (actual time=0.010..0.575 rows=10000 loops=1)
 Planning time: 0.272 ms
 Execution time: 2.386 ms
(7 rows)

===== 336 [Wed Mar  7 02:00:33 CET 2018] scale:10000 groups:10000 work_mem:256MB incremental:off max_workers:2 =====
SELECT * FROM s_3 ORDER BY a, b, c, d
                                                     QUERY PLAN                                                     
--------------------------------------------------------------------------------------------------------------------
 Limit  (cost=953.39..953.39 rows=1 width=20) (actual time=2.317..2.317 rows=0 loops=1)
   ->  Sort  (cost=828.39..853.39 rows=10000 width=20) (actual time=1.784..2.098 rows=10000 loops=1)
         Sort Key: s_3.a, s_3.b, s_3.c, s_3.d
         Sort Method: quicksort  Memory: 1166kB
         ->  Seq Scan on s_3  (cost=0.00..164.00 rows=10000 width=20) (actual time=0.007..0.572 rows=10000 loops=1)
 Planning time: 0.270 ms
 Execution time: 2.372 ms
(7 rows)

