===== 1 [Wed Mar  7 02:00:34 CET 2018] scale:10000 groups:10 work_mem:4MB incremental:on max_workers:0 =====
SELECT * FROM s_1 ORDER BY a, b LIMIT 100
                                                                      QUERY PLAN                                                                       
-------------------------------------------------------------------------------------------------------------------------------------------------------
 Limit  (cost=70.33..70.33 rows=1 width=20) (actual time=0.274..0.274 rows=0 loops=1)
   ->  Limit  (cost=67.58..69.33 rows=100 width=20) (actual time=0.261..0.271 rows=100 loops=1)
         ->  Incremental Sort  (cost=67.58..242.80 rows=10000 width=20) (actual time=0.261..0.265 rows=100 loops=1)
               Sort Key: s_1.a, s_1.b
               Presorted Key: s_1.a
               Sort Method: quicksort  Memory: 66kB
               Sort Groups: 1
               ->  Index Only Scan using s_1_a_e_d_c_b_idx on s_1  (cost=0.29..358.29 rows=10000 width=20) (actual time=0.037..0.112 rows=526 loops=1)
                     Heap Fetches: 0
 Planning time: 0.265 ms
 Execution time: 0.300 ms
(11 rows)

===== 2 [Wed Mar  7 02:00:34 CET 2018] scale:10000 groups:10 work_mem:4MB incremental:on max_workers:0 =====
SELECT * FROM s_2 ORDER BY a, b, c LIMIT 100
                                                                      QUERY PLAN                                                                       
-------------------------------------------------------------------------------------------------------------------------------------------------------
 Limit  (cost=8.66..8.66 rows=1 width=20) (actual time=0.129..0.129 rows=0 loops=1)
   ->  Limit  (cost=5.88..7.66 rows=100 width=20) (actual time=0.097..0.126 rows=100 loops=1)
         ->  Incremental Sort  (cost=5.88..184.47 rows=10000 width=20) (actual time=0.097..0.120 rows=100 loops=1)
               Sort Key: s_2.a, s_2.b, s_2.c
               Presorted Key: s_2.a, s_2.b
               Sort Method: quicksort  Memory: 30kB
               Sort Groups: 2
               ->  Index Only Scan using s_2_a_b_e_d_c_idx on s_2  (cost=0.29..358.29 rows=10000 width=20) (actual time=0.034..0.048 rows=130 loops=1)
                     Heap Fetches: 0
 Planning time: 0.258 ms
 Execution time: 0.154 ms
(11 rows)

===== 3 [Wed Mar  7 02:00:34 CET 2018] scale:10000 groups:10 work_mem:4MB incremental:on max_workers:0 =====
SELECT * FROM s_3 ORDER BY a, b, c, d LIMIT 100
                                                                      QUERY PLAN                                                                       
-------------------------------------------------------------------------------------------------------------------------------------------------------
 Limit  (cost=3.81..3.81 rows=1 width=20) (actual time=0.125..0.125 rows=0 loops=1)
   ->  Limit  (cost=0.81..2.81 rows=100 width=20) (actual time=0.088..0.121 rows=100 loops=1)
         ->  Incremental Sort  (cost=0.81..200.53 rows=10000 width=20) (actual time=0.088..0.115 rows=100 loops=1)
               Sort Key: s_3.a, s_3.b, s_3.c, s_3.d
               Presorted Key: s_3.a, s_3.b, s_3.c
               Sort Method: quicksort  Memory: 28kB
               Sort Groups: 3
               ->  Index Only Scan using s_3_a_b_c_e_d_idx on s_3  (cost=0.29..358.29 rows=10000 width=20) (actual time=0.035..0.047 rows=106 loops=1)
                     Heap Fetches: 0
 Planning time: 0.269 ms
 Execution time: 0.150 ms
(11 rows)

===== 4 [Wed Mar  7 02:00:34 CET 2018] scale:10000 groups:10 work_mem:4MB incremental:off max_workers:0 =====
SELECT * FROM s_1 ORDER BY a, b LIMIT 100
                                                        QUERY PLAN                                                        
--------------------------------------------------------------------------------------------------------------------------
 Limit  (cost=547.44..547.44 rows=1 width=20) (actual time=1.319..1.319 rows=0 loops=1)
   ->  Limit  (cost=546.19..546.44 rows=100 width=20) (actual time=1.306..1.315 rows=100 loops=1)
         ->  Sort  (cost=546.19..571.19 rows=10000 width=20) (actual time=1.305..1.309 rows=100 loops=1)
               Sort Key: s_1.a, s_1.b
               Sort Method: top-N heapsort  Memory: 38kB
               ->  Seq Scan on s_1  (cost=0.00..164.00 rows=10000 width=20) (actual time=0.004..0.522 rows=10000 loops=1)
 Planning time: 0.257 ms
 Execution time: 1.341 ms
(8 rows)

===== 5 [Wed Mar  7 02:00:34 CET 2018] scale:10000 groups:10 work_mem:4MB incremental:off max_workers:0 =====
SELECT * FROM s_2 ORDER BY a, b, c LIMIT 100
                                                        QUERY PLAN                                                        
--------------------------------------------------------------------------------------------------------------------------
 Limit  (cost=547.44..547.44 rows=1 width=20) (actual time=1.309..1.309 rows=0 loops=1)
   ->  Limit  (cost=546.19..546.44 rows=100 width=20) (actual time=1.296..1.305 rows=100 loops=1)
         ->  Sort  (cost=546.19..571.19 rows=10000 width=20) (actual time=1.296..1.300 rows=100 loops=1)
               Sort Key: s_2.a, s_2.b, s_2.c
               Sort Method: top-N heapsort  Memory: 34kB
               ->  Seq Scan on s_2  (cost=0.00..164.00 rows=10000 width=20) (actual time=0.007..0.515 rows=10000 loops=1)
 Planning time: 0.258 ms
 Execution time: 1.331 ms
(8 rows)

===== 6 [Wed Mar  7 02:00:34 CET 2018] scale:10000 groups:10 work_mem:4MB incremental:off max_workers:0 =====
SELECT * FROM s_3 ORDER BY a, b, c, d LIMIT 100
                                                        QUERY PLAN                                                        
--------------------------------------------------------------------------------------------------------------------------
 Limit  (cost=547.44..547.44 rows=1 width=20) (actual time=1.316..1.316 rows=0 loops=1)
   ->  Limit  (cost=546.19..546.44 rows=100 width=20) (actual time=1.303..1.312 rows=100 loops=1)
         ->  Sort  (cost=546.19..571.19 rows=10000 width=20) (actual time=1.302..1.306 rows=100 loops=1)
               Sort Key: s_3.a, s_3.b, s_3.c, s_3.d
               Sort Method: top-N heapsort  Memory: 32kB
               ->  Seq Scan on s_3  (cost=0.00..164.00 rows=10000 width=20) (actual time=0.007..0.519 rows=10000 loops=1)
 Planning time: 0.264 ms
 Execution time: 1.338 ms
(8 rows)

===== 7 [Wed Mar  7 02:00:34 CET 2018] scale:10000 groups:10 work_mem:8MB incremental:on max_workers:0 =====
SELECT * FROM s_1 ORDER BY a, b LIMIT 100
                                                                      QUERY PLAN                                                                       
-------------------------------------------------------------------------------------------------------------------------------------------------------
 Limit  (cost=70.33..70.33 rows=1 width=20) (actual time=0.250..0.250 rows=0 loops=1)
   ->  Limit  (cost=67.58..69.33 rows=100 width=20) (actual time=0.237..0.247 rows=100 loops=1)
         ->  Incremental Sort  (cost=67.58..242.80 rows=10000 width=20) (actual time=0.237..0.241 rows=100 loops=1)
               Sort Key: s_1.a, s_1.b
               Presorted Key: s_1.a
               Sort Method: quicksort  Memory: 66kB
               Sort Groups: 1
               ->  Index Only Scan using s_1_a_e_d_c_b_idx on s_1  (cost=0.29..358.29 rows=10000 width=20) (actual time=0.026..0.091 rows=526 loops=1)
                     Heap Fetches: 0
 Planning time: 0.258 ms
 Execution time: 0.276 ms
(11 rows)

===== 8 [Wed Mar  7 02:00:34 CET 2018] scale:10000 groups:10 work_mem:8MB incremental:on max_workers:0 =====
SELECT * FROM s_2 ORDER BY a, b, c LIMIT 100
                                                                      QUERY PLAN                                                                       
-------------------------------------------------------------------------------------------------------------------------------------------------------
 Limit  (cost=8.66..8.66 rows=1 width=20) (actual time=0.121..0.121 rows=0 loops=1)
   ->  Limit  (cost=5.88..7.66 rows=100 width=20) (actual time=0.089..0.117 rows=100 loops=1)
         ->  Incremental Sort  (cost=5.88..184.47 rows=10000 width=20) (actual time=0.089..0.111 rows=100 loops=1)
               Sort Key: s_2.a, s_2.b, s_2.c
               Presorted Key: s_2.a, s_2.b
               Sort Method: quicksort  Memory: 30kB
               Sort Groups: 2
               ->  Index Only Scan using s_2_a_b_e_d_c_idx on s_2  (cost=0.29..358.29 rows=10000 width=20) (actual time=0.021..0.039 rows=130 loops=1)
                     Heap Fetches: 0
 Planning time: 0.262 ms
 Execution time: 0.145 ms
(11 rows)

===== 9 [Wed Mar  7 02:00:34 CET 2018] scale:10000 groups:10 work_mem:8MB incremental:on max_workers:0 =====
SELECT * FROM s_3 ORDER BY a, b, c, d LIMIT 100
                                                                      QUERY PLAN                                                                       
-------------------------------------------------------------------------------------------------------------------------------------------------------
 Limit  (cost=3.81..3.81 rows=1 width=20) (actual time=0.113..0.113 rows=0 loops=1)
   ->  Limit  (cost=0.81..2.81 rows=100 width=20) (actual time=0.076..0.109 rows=100 loops=1)
         ->  Incremental Sort  (cost=0.81..200.53 rows=10000 width=20) (actual time=0.076..0.103 rows=100 loops=1)
               Sort Key: s_3.a, s_3.b, s_3.c, s_3.d
               Presorted Key: s_3.a, s_3.b, s_3.c
               Sort Method: quicksort  Memory: 28kB
               Sort Groups: 3
               ->  Index Only Scan using s_3_a_b_c_e_d_idx on s_3  (cost=0.29..358.29 rows=10000 width=20) (actual time=0.023..0.034 rows=106 loops=1)
                     Heap Fetches: 0
 Planning time: 0.266 ms
 Execution time: 0.142 ms
(11 rows)

===== 10 [Wed Mar  7 02:00:35 CET 2018] scale:10000 groups:10 work_mem:8MB incremental:off max_workers:0 =====
SELECT * FROM s_1 ORDER BY a, b LIMIT 100
                                                        QUERY PLAN                                                        
--------------------------------------------------------------------------------------------------------------------------
 Limit  (cost=547.44..547.44 rows=1 width=20) (actual time=1.317..1.317 rows=0 loops=1)
   ->  Limit  (cost=546.19..546.44 rows=100 width=20) (actual time=1.304..1.313 rows=100 loops=1)
         ->  Sort  (cost=546.19..571.19 rows=10000 width=20) (actual time=1.304..1.307 rows=100 loops=1)
               Sort Key: s_1.a, s_1.b
               Sort Method: top-N heapsort  Memory: 38kB
               ->  Seq Scan on s_1  (cost=0.00..164.00 rows=10000 width=20) (actual time=0.004..0.518 rows=10000 loops=1)
 Planning time: 0.252 ms
 Execution time: 1.347 ms
(8 rows)

===== 11 [Wed Mar  7 02:00:35 CET 2018] scale:10000 groups:10 work_mem:8MB incremental:off max_workers:0 =====
SELECT * FROM s_2 ORDER BY a, b, c LIMIT 100
                                                        QUERY PLAN                                                        
--------------------------------------------------------------------------------------------------------------------------
 Limit  (cost=547.44..547.44 rows=1 width=20) (actual time=1.305..1.305 rows=0 loops=1)
   ->  Limit  (cost=546.19..546.44 rows=100 width=20) (actual time=1.292..1.302 rows=100 loops=1)
         ->  Sort  (cost=546.19..571.19 rows=10000 width=20) (actual time=1.292..1.296 rows=100 loops=1)
               Sort Key: s_2.a, s_2.b, s_2.c
               Sort Method: top-N heapsort  Memory: 34kB
               ->  Seq Scan on s_2  (cost=0.00..164.00 rows=10000 width=20) (actual time=0.007..0.520 rows=10000 loops=1)
 Planning time: 0.256 ms
 Execution time: 1.328 ms
(8 rows)

===== 12 [Wed Mar  7 02:00:35 CET 2018] scale:10000 groups:10 work_mem:8MB incremental:off max_workers:0 =====
SELECT * FROM s_3 ORDER BY a, b, c, d LIMIT 100
                                                        QUERY PLAN                                                        
--------------------------------------------------------------------------------------------------------------------------
 Limit  (cost=547.44..547.44 rows=1 width=20) (actual time=1.319..1.319 rows=0 loops=1)
   ->  Limit  (cost=546.19..546.44 rows=100 width=20) (actual time=1.306..1.315 rows=100 loops=1)
         ->  Sort  (cost=546.19..571.19 rows=10000 width=20) (actual time=1.306..1.309 rows=100 loops=1)
               Sort Key: s_3.a, s_3.b, s_3.c, s_3.d
               Sort Method: top-N heapsort  Memory: 32kB
               ->  Seq Scan on s_3  (cost=0.00..164.00 rows=10000 width=20) (actual time=0.007..0.519 rows=10000 loops=1)
 Planning time: 0.256 ms
 Execution time: 1.341 ms
(8 rows)

===== 13 [Wed Mar  7 02:00:35 CET 2018] scale:10000 groups:10 work_mem:16MB incremental:on max_workers:0 =====
SELECT * FROM s_1 ORDER BY a, b LIMIT 100
                                                                      QUERY PLAN                                                                       
-------------------------------------------------------------------------------------------------------------------------------------------------------
 Limit  (cost=70.33..70.33 rows=1 width=20) (actual time=0.255..0.255 rows=0 loops=1)
   ->  Limit  (cost=67.58..69.33 rows=100 width=20) (actual time=0.242..0.251 rows=100 loops=1)
         ->  Incremental Sort  (cost=67.58..242.80 rows=10000 width=20) (actual time=0.241..0.246 rows=100 loops=1)
               Sort Key: s_1.a, s_1.b
               Presorted Key: s_1.a
               Sort Method: quicksort  Memory: 66kB
               Sort Groups: 1
               ->  Index Only Scan using s_1_a_e_d_c_b_idx on s_1  (cost=0.29..358.29 rows=10000 width=20) (actual time=0.023..0.089 rows=526 loops=1)
                     Heap Fetches: 0
 Planning time: 0.258 ms
 Execution time: 0.280 ms
(11 rows)

===== 14 [Wed Mar  7 02:00:35 CET 2018] scale:10000 groups:10 work_mem:16MB incremental:on max_workers:0 =====
SELECT * FROM s_2 ORDER BY a, b, c LIMIT 100
                                                                      QUERY PLAN                                                                       
-------------------------------------------------------------------------------------------------------------------------------------------------------
 Limit  (cost=8.66..8.66 rows=1 width=20) (actual time=0.121..0.121 rows=0 loops=1)
   ->  Limit  (cost=5.88..7.66 rows=100 width=20) (actual time=0.089..0.117 rows=100 loops=1)
         ->  Incremental Sort  (cost=5.88..184.47 rows=10000 width=20) (actual time=0.089..0.111 rows=100 loops=1)
               Sort Key: s_2.a, s_2.b, s_2.c
               Presorted Key: s_2.a, s_2.b
               Sort Method: quicksort  Memory: 30kB
               Sort Groups: 2
               ->  Index Only Scan using s_2_a_b_e_d_c_idx on s_2  (cost=0.29..358.29 rows=10000 width=20) (actual time=0.021..0.035 rows=130 loops=1)
                     Heap Fetches: 0
 Planning time: 0.261 ms
 Execution time: 0.146 ms
(11 rows)

===== 15 [Wed Mar  7 02:00:35 CET 2018] scale:10000 groups:10 work_mem:16MB incremental:on max_workers:0 =====
SELECT * FROM s_3 ORDER BY a, b, c, d LIMIT 100
                                                                      QUERY PLAN                                                                       
-------------------------------------------------------------------------------------------------------------------------------------------------------
 Limit  (cost=3.81..3.81 rows=1 width=20) (actual time=0.114..0.114 rows=0 loops=1)
   ->  Limit  (cost=0.81..2.81 rows=100 width=20) (actual time=0.077..0.110 rows=100 loops=1)
         ->  Incremental Sort  (cost=0.81..200.53 rows=10000 width=20) (actual time=0.077..0.104 rows=100 loops=1)
               Sort Key: s_3.a, s_3.b, s_3.c, s_3.d
               Presorted Key: s_3.a, s_3.b, s_3.c
               Sort Method: quicksort  Memory: 28kB
               Sort Groups: 3
               ->  Index Only Scan using s_3_a_b_c_e_d_idx on s_3  (cost=0.29..358.29 rows=10000 width=20) (actual time=0.023..0.034 rows=106 loops=1)
                     Heap Fetches: 0
 Planning time: 0.278 ms
 Execution time: 0.139 ms
(11 rows)

===== 16 [Wed Mar  7 02:00:35 CET 2018] scale:10000 groups:10 work_mem:16MB incremental:off max_workers:0 =====
SELECT * FROM s_1 ORDER BY a, b LIMIT 100
                                                        QUERY PLAN                                                        
--------------------------------------------------------------------------------------------------------------------------
 Limit  (cost=547.44..547.44 rows=1 width=20) (actual time=1.321..1.321 rows=0 loops=1)
   ->  Limit  (cost=546.19..546.44 rows=100 width=20) (actual time=1.308..1.317 rows=100 loops=1)
         ->  Sort  (cost=546.19..571.19 rows=10000 width=20) (actual time=1.308..1.311 rows=100 loops=1)
               Sort Key: s_1.a, s_1.b
               Sort Method: top-N heapsort  Memory: 38kB
               ->  Seq Scan on s_1  (cost=0.00..164.00 rows=10000 width=20) (actual time=0.004..0.522 rows=10000 loops=1)
 Planning time: 0.246 ms
 Execution time: 1.343 ms
(8 rows)

===== 17 [Wed Mar  7 02:00:35 CET 2018] scale:10000 groups:10 work_mem:16MB incremental:off max_workers:0 =====
SELECT * FROM s_2 ORDER BY a, b, c LIMIT 100
                                                        QUERY PLAN                                                        
--------------------------------------------------------------------------------------------------------------------------
 Limit  (cost=547.44..547.44 rows=1 width=20) (actual time=1.304..1.304 rows=0 loops=1)
   ->  Limit  (cost=546.19..546.44 rows=100 width=20) (actual time=1.291..1.301 rows=100 loops=1)
         ->  Sort  (cost=546.19..571.19 rows=10000 width=20) (actual time=1.291..1.295 rows=100 loops=1)
               Sort Key: s_2.a, s_2.b, s_2.c
               Sort Method: top-N heapsort  Memory: 34kB
               ->  Seq Scan on s_2  (cost=0.00..164.00 rows=10000 width=20) (actual time=0.007..0.513 rows=10000 loops=1)
 Planning time: 0.261 ms
 Execution time: 1.327 ms
(8 rows)

===== 18 [Wed Mar  7 02:00:35 CET 2018] scale:10000 groups:10 work_mem:16MB incremental:off max_workers:0 =====
SELECT * FROM s_3 ORDER BY a, b, c, d LIMIT 100
                                                        QUERY PLAN                                                        
--------------------------------------------------------------------------------------------------------------------------
 Limit  (cost=547.44..547.44 rows=1 width=20) (actual time=1.306..1.306 rows=0 loops=1)
   ->  Limit  (cost=546.19..546.44 rows=100 width=20) (actual time=1.293..1.303 rows=100 loops=1)
         ->  Sort  (cost=546.19..571.19 rows=10000 width=20) (actual time=1.293..1.297 rows=100 loops=1)
               Sort Key: s_3.a, s_3.b, s_3.c, s_3.d
               Sort Method: top-N heapsort  Memory: 32kB
               ->  Seq Scan on s_3  (cost=0.00..164.00 rows=10000 width=20) (actual time=0.007..0.513 rows=10000 loops=1)
 Planning time: 0.261 ms
 Execution time: 1.329 ms
(8 rows)

===== 19 [Wed Mar  7 02:00:35 CET 2018] scale:10000 groups:10 work_mem:32MB incremental:on max_workers:0 =====
SELECT * FROM s_1 ORDER BY a, b LIMIT 100
                                                                      QUERY PLAN                                                                       
-------------------------------------------------------------------------------------------------------------------------------------------------------
 Limit  (cost=70.33..70.33 rows=1 width=20) (actual time=0.248..0.248 rows=0 loops=1)
   ->  Limit  (cost=67.58..69.33 rows=100 width=20) (actual time=0.235..0.244 rows=100 loops=1)
         ->  Incremental Sort  (cost=67.58..242.80 rows=10000 width=20) (actual time=0.234..0.238 rows=100 loops=1)
               Sort Key: s_1.a, s_1.b
               Presorted Key: s_1.a
               Sort Method: quicksort  Memory: 66kB
               Sort Groups: 1
               ->  Index Only Scan using s_1_a_e_d_c_b_idx on s_1  (cost=0.29..358.29 rows=10000 width=20) (actual time=0.023..0.089 rows=526 loops=1)
                     Heap Fetches: 0
 Planning time: 0.259 ms
 Execution time: 0.273 ms
(11 rows)

===== 20 [Wed Mar  7 02:00:35 CET 2018] scale:10000 groups:10 work_mem:32MB incremental:on max_workers:0 =====
SELECT * FROM s_2 ORDER BY a, b, c LIMIT 100
                                                                      QUERY PLAN                                                                       
-------------------------------------------------------------------------------------------------------------------------------------------------------
 Limit  (cost=8.66..8.66 rows=1 width=20) (actual time=0.116..0.116 rows=0 loops=1)
   ->  Limit  (cost=5.88..7.66 rows=100 width=20) (actual time=0.084..0.112 rows=100 loops=1)
         ->  Incremental Sort  (cost=5.88..184.47 rows=10000 width=20) (actual time=0.084..0.106 rows=100 loops=1)
               Sort Key: s_2.a, s_2.b, s_2.c
               Presorted Key: s_2.a, s_2.b
               Sort Method: quicksort  Memory: 30kB
               Sort Groups: 2
               ->  Index Only Scan using s_2_a_b_e_d_c_idx on s_2  (cost=0.29..358.29 rows=10000 width=20) (actual time=0.021..0.035 rows=130 loops=1)
                     Heap Fetches: 0
 Planning time: 0.263 ms
 Execution time: 0.142 ms
(11 rows)

===== 21 [Wed Mar  7 02:00:35 CET 2018] scale:10000 groups:10 work_mem:32MB incremental:on max_workers:0 =====
SELECT * FROM s_3 ORDER BY a, b, c, d LIMIT 100
                                                                      QUERY PLAN                                                                       
-------------------------------------------------------------------------------------------------------------------------------------------------------
 Limit  (cost=3.81..3.81 rows=1 width=20) (actual time=0.119..0.119 rows=0 loops=1)
   ->  Limit  (cost=0.81..2.81 rows=100 width=20) (actual time=0.082..0.116 rows=100 loops=1)
         ->  Incremental Sort  (cost=0.81..200.53 rows=10000 width=20) (actual time=0.082..0.110 rows=100 loops=1)
               Sort Key: s_3.a, s_3.b, s_3.c, s_3.d
               Presorted Key: s_3.a, s_3.b, s_3.c
               Sort Method: quicksort  Memory: 28kB
               Sort Groups: 3
               ->  Index Only Scan using s_3_a_b_c_e_d_idx on s_3  (cost=0.29..358.29 rows=10000 width=20) (actual time=0.023..0.034 rows=106 loops=1)
                     Heap Fetches: 0
 Planning time: 0.269 ms
 Execution time: 0.143 ms
(11 rows)

===== 22 [Wed Mar  7 02:00:35 CET 2018] scale:10000 groups:10 work_mem:32MB incremental:off max_workers:0 =====
SELECT * FROM s_1 ORDER BY a, b LIMIT 100
                                                        QUERY PLAN                                                        
--------------------------------------------------------------------------------------------------------------------------
 Limit  (cost=547.44..547.44 rows=1 width=20) (actual time=1.321..1.321 rows=0 loops=1)
   ->  Limit  (cost=546.19..546.44 rows=100 width=20) (actual time=1.308..1.318 rows=100 loops=1)
         ->  Sort  (cost=546.19..571.19 rows=10000 width=20) (actual time=1.308..1.312 rows=100 loops=1)
               Sort Key: s_1.a, s_1.b
               Sort Method: top-N heapsort  Memory: 38kB
               ->  Seq Scan on s_1  (cost=0.00..164.00 rows=10000 width=20) (actual time=0.004..0.515 rows=10000 loops=1)
 Planning time: 0.249 ms
 Execution time: 1.344 ms
(8 rows)

===== 23 [Wed Mar  7 02:00:36 CET 2018] scale:10000 groups:10 work_mem:32MB incremental:off max_workers:0 =====
SELECT * FROM s_2 ORDER BY a, b, c LIMIT 100
                                                        QUERY PLAN                                                        
--------------------------------------------------------------------------------------------------------------------------
 Limit  (cost=547.44..547.44 rows=1 width=20) (actual time=1.307..1.307 rows=0 loops=1)
   ->  Limit  (cost=546.19..546.44 rows=100 width=20) (actual time=1.294..1.303 rows=100 loops=1)
         ->  Sort  (cost=546.19..571.19 rows=10000 width=20) (actual time=1.293..1.297 rows=100 loops=1)
               Sort Key: s_2.a, s_2.b, s_2.c
               Sort Method: top-N heapsort  Memory: 34kB
               ->  Seq Scan on s_2  (cost=0.00..164.00 rows=10000 width=20) (actual time=0.007..0.515 rows=10000 loops=1)
 Planning time: 0.256 ms
 Execution time: 1.330 ms
(8 rows)

===== 24 [Wed Mar  7 02:00:36 CET 2018] scale:10000 groups:10 work_mem:32MB incremental:off max_workers:0 =====
SELECT * FROM s_3 ORDER BY a, b, c, d LIMIT 100
                                                        QUERY PLAN                                                        
--------------------------------------------------------------------------------------------------------------------------
 Limit  (cost=547.44..547.44 rows=1 width=20) (actual time=1.312..1.312 rows=0 loops=1)
   ->  Limit  (cost=546.19..546.44 rows=100 width=20) (actual time=1.299..1.308 rows=100 loops=1)
         ->  Sort  (cost=546.19..571.19 rows=10000 width=20) (actual time=1.299..1.302 rows=100 loops=1)
               Sort Key: s_3.a, s_3.b, s_3.c, s_3.d
               Sort Method: top-N heapsort  Memory: 32kB
               ->  Seq Scan on s_3  (cost=0.00..164.00 rows=10000 width=20) (actual time=0.008..0.516 rows=10000 loops=1)
 Planning time: 0.261 ms
 Execution time: 1.334 ms
(8 rows)

===== 25 [Wed Mar  7 02:00:36 CET 2018] scale:10000 groups:10 work_mem:64MB incremental:on max_workers:0 =====
SELECT * FROM s_1 ORDER BY a, b LIMIT 100
                                                                      QUERY PLAN                                                                       
-------------------------------------------------------------------------------------------------------------------------------------------------------
 Limit  (cost=70.33..70.33 rows=1 width=20) (actual time=0.250..0.250 rows=0 loops=1)
   ->  Limit  (cost=67.58..69.33 rows=100 width=20) (actual time=0.237..0.247 rows=100 loops=1)
         ->  Incremental Sort  (cost=67.58..242.80 rows=10000 width=20) (actual time=0.237..0.241 rows=100 loops=1)
               Sort Key: s_1.a, s_1.b
               Presorted Key: s_1.a
               Sort Method: quicksort  Memory: 66kB
               Sort Groups: 1
               ->  Index Only Scan using s_1_a_e_d_c_b_idx on s_1  (cost=0.29..358.29 rows=10000 width=20) (actual time=0.023..0.089 rows=526 loops=1)
                     Heap Fetches: 0
 Planning time: 0.263 ms
 Execution time: 0.276 ms
(11 rows)

===== 26 [Wed Mar  7 02:00:36 CET 2018] scale:10000 groups:10 work_mem:64MB incremental:on max_workers:0 =====
SELECT * FROM s_2 ORDER BY a, b, c LIMIT 100
                                                                      QUERY PLAN                                                                       
-------------------------------------------------------------------------------------------------------------------------------------------------------
 Limit  (cost=8.66..8.66 rows=1 width=20) (actual time=0.117..0.117 rows=0 loops=1)
   ->  Limit  (cost=5.88..7.66 rows=100 width=20) (actual time=0.085..0.114 rows=100 loops=1)
         ->  Incremental Sort  (cost=5.88..184.47 rows=10000 width=20) (actual time=0.085..0.107 rows=100 loops=1)
               Sort Key: s_2.a, s_2.b, s_2.c
               Presorted Key: s_2.a, s_2.b
               Sort Method: quicksort  Memory: 30kB
               Sort Groups: 2
               ->  Index Only Scan using s_2_a_b_e_d_c_idx on s_2  (cost=0.29..358.29 rows=10000 width=20) (actual time=0.022..0.036 rows=130 loops=1)
                     Heap Fetches: 0
 Planning time: 0.259 ms
 Execution time: 0.142 ms
(11 rows)

===== 27 [Wed Mar  7 02:00:36 CET 2018] scale:10000 groups:10 work_mem:64MB incremental:on max_workers:0 =====
SELECT * FROM s_3 ORDER BY a, b, c, d LIMIT 100
                                                                      QUERY PLAN                                                                       
-------------------------------------------------------------------------------------------------------------------------------------------------------
 Limit  (cost=3.81..3.81 rows=1 width=20) (actual time=0.111..0.111 rows=0 loops=1)
   ->  Limit  (cost=0.81..2.81 rows=100 width=20) (actual time=0.075..0.108 rows=100 loops=1)
         ->  Incremental Sort  (cost=0.81..200.53 rows=10000 width=20) (actual time=0.075..0.102 rows=100 loops=1)
               Sort Key: s_3.a, s_3.b, s_3.c, s_3.d
               Presorted Key: s_3.a, s_3.b, s_3.c
               Sort Method: quicksort  Memory: 28kB
               Sort Groups: 3
               ->  Index Only Scan using s_3_a_b_c_e_d_idx on s_3  (cost=0.29..358.29 rows=10000 width=20) (actual time=0.022..0.034 rows=106 loops=1)
                     Heap Fetches: 0
 Planning time: 0.267 ms
 Execution time: 0.136 ms
(11 rows)

===== 28 [Wed Mar  7 02:00:36 CET 2018] scale:10000 groups:10 work_mem:64MB incremental:off max_workers:0 =====
SELECT * FROM s_1 ORDER BY a, b LIMIT 100
                                                        QUERY PLAN                                                        
--------------------------------------------------------------------------------------------------------------------------
 Limit  (cost=547.44..547.44 rows=1 width=20) (actual time=1.319..1.319 rows=0 loops=1)
   ->  Limit  (cost=546.19..546.44 rows=100 width=20) (actual time=1.306..1.315 rows=100 loops=1)
         ->  Sort  (cost=546.19..571.19 rows=10000 width=20) (actual time=1.305..1.309 rows=100 loops=1)
               Sort Key: s_1.a, s_1.b
               Sort Method: top-N heapsort  Memory: 38kB
               ->  Seq Scan on s_1  (cost=0.00..164.00 rows=10000 width=20) (actual time=0.004..0.518 rows=10000 loops=1)
 Planning time: 0.251 ms
 Execution time: 1.341 ms
(8 rows)

===== 29 [Wed Mar  7 02:00:36 CET 2018] scale:10000 groups:10 work_mem:64MB incremental:off max_workers:0 =====
SELECT * FROM s_2 ORDER BY a, b, c LIMIT 100
                                                        QUERY PLAN                                                        
--------------------------------------------------------------------------------------------------------------------------
 Limit  (cost=547.44..547.44 rows=1 width=20) (actual time=1.305..1.305 rows=0 loops=1)
   ->  Limit  (cost=546.19..546.44 rows=100 width=20) (actual time=1.292..1.301 rows=100 loops=1)
         ->  Sort  (cost=546.19..571.19 rows=10000 width=20) (actual time=1.291..1.295 rows=100 loops=1)
               Sort Key: s_2.a, s_2.b, s_2.c
               Sort Method: top-N heapsort  Memory: 34kB
               ->  Seq Scan on s_2  (cost=0.00..164.00 rows=10000 width=20) (actual time=0.007..0.515 rows=10000 loops=1)
 Planning time: 0.255 ms
 Execution time: 1.327 ms
(8 rows)

===== 30 [Wed Mar  7 02:00:36 CET 2018] scale:10000 groups:10 work_mem:64MB incremental:off max_workers:0 =====
SELECT * FROM s_3 ORDER BY a, b, c, d LIMIT 100
                                                        QUERY PLAN                                                        
--------------------------------------------------------------------------------------------------------------------------
 Limit  (cost=547.44..547.44 rows=1 width=20) (actual time=1.315..1.315 rows=0 loops=1)
   ->  Limit  (cost=546.19..546.44 rows=100 width=20) (actual time=1.302..1.312 rows=100 loops=1)
         ->  Sort  (cost=546.19..571.19 rows=10000 width=20) (actual time=1.302..1.306 rows=100 loops=1)
               Sort Key: s_3.a, s_3.b, s_3.c, s_3.d
               Sort Method: top-N heapsort  Memory: 32kB
               ->  Seq Scan on s_3  (cost=0.00..164.00 rows=10000 width=20) (actual time=0.007..0.514 rows=10000 loops=1)
 Planning time: 0.262 ms
 Execution time: 1.338 ms
(8 rows)

===== 31 [Wed Mar  7 02:00:36 CET 2018] scale:10000 groups:10 work_mem:128MB incremental:on max_workers:0 =====
SELECT * FROM s_1 ORDER BY a, b LIMIT 100
                                                                      QUERY PLAN                                                                       
-------------------------------------------------------------------------------------------------------------------------------------------------------
 Limit  (cost=70.33..70.33 rows=1 width=20) (actual time=0.251..0.251 rows=0 loops=1)
   ->  Limit  (cost=67.58..69.33 rows=100 width=20) (actual time=0.237..0.247 rows=100 loops=1)
         ->  Incremental Sort  (cost=67.58..242.80 rows=10000 width=20) (actual time=0.237..0.241 rows=100 loops=1)
               Sort Key: s_1.a, s_1.b
               Presorted Key: s_1.a
               Sort Method: quicksort  Memory: 66kB
               Sort Groups: 1
               ->  Index Only Scan using s_1_a_e_d_c_b_idx on s_1  (cost=0.29..358.29 rows=10000 width=20) (actual time=0.024..0.090 rows=526 loops=1)
                     Heap Fetches: 0
 Planning time: 0.257 ms
 Execution time: 0.276 ms
(11 rows)

===== 32 [Wed Mar  7 02:00:36 CET 2018] scale:10000 groups:10 work_mem:128MB incremental:on max_workers:0 =====
SELECT * FROM s_2 ORDER BY a, b, c LIMIT 100
                                                                      QUERY PLAN                                                                       
-------------------------------------------------------------------------------------------------------------------------------------------------------
 Limit  (cost=8.66..8.66 rows=1 width=20) (actual time=0.117..0.117 rows=0 loops=1)
   ->  Limit  (cost=5.88..7.66 rows=100 width=20) (actual time=0.085..0.113 rows=100 loops=1)
         ->  Incremental Sort  (cost=5.88..184.47 rows=10000 width=20) (actual time=0.085..0.107 rows=100 loops=1)
               Sort Key: s_2.a, s_2.b, s_2.c
               Presorted Key: s_2.a, s_2.b
               Sort Method: quicksort  Memory: 30kB
               Sort Groups: 2
               ->  Index Only Scan using s_2_a_b_e_d_c_idx on s_2  (cost=0.29..358.29 rows=10000 width=20) (actual time=0.021..0.035 rows=130 loops=1)
                     Heap Fetches: 0
 Planning time: 0.256 ms
 Execution time: 0.142 ms
(11 rows)

===== 33 [Wed Mar  7 02:00:36 CET 2018] scale:10000 groups:10 work_mem:128MB incremental:on max_workers:0 =====
SELECT * FROM s_3 ORDER BY a, b, c, d LIMIT 100
                                                                      QUERY PLAN                                                                       
-------------------------------------------------------------------------------------------------------------------------------------------------------
 Limit  (cost=3.81..3.81 rows=1 width=20) (actual time=0.112..0.112 rows=0 loops=1)
   ->  Limit  (cost=0.81..2.81 rows=100 width=20) (actual time=0.076..0.109 rows=100 loops=1)
         ->  Incremental Sort  (cost=0.81..200.53 rows=10000 width=20) (actual time=0.075..0.103 rows=100 loops=1)
               Sort Key: s_3.a, s_3.b, s_3.c, s_3.d
               Presorted Key: s_3.a, s_3.b, s_3.c
               Sort Method: quicksort  Memory: 28kB
               Sort Groups: 3
               ->  Index Only Scan using s_3_a_b_c_e_d_idx on s_3  (cost=0.29..358.29 rows=10000 width=20) (actual time=0.023..0.034 rows=106 loops=1)
                     Heap Fetches: 0
 Planning time: 0.264 ms
 Execution time: 0.137 ms
(11 rows)

===== 34 [Wed Mar  7 02:00:36 CET 2018] scale:10000 groups:10 work_mem:128MB incremental:off max_workers:0 =====
SELECT * FROM s_1 ORDER BY a, b LIMIT 100
                                                        QUERY PLAN                                                        
--------------------------------------------------------------------------------------------------------------------------
 Limit  (cost=547.44..547.44 rows=1 width=20) (actual time=1.318..1.318 rows=0 loops=1)
   ->  Limit  (cost=546.19..546.44 rows=100 width=20) (actual time=1.305..1.314 rows=100 loops=1)
         ->  Sort  (cost=546.19..571.19 rows=10000 width=20) (actual time=1.305..1.308 rows=100 loops=1)
               Sort Key: s_1.a, s_1.b
               Sort Method: top-N heapsort  Memory: 38kB
               ->  Seq Scan on s_1  (cost=0.00..164.00 rows=10000 width=20) (actual time=0.004..0.518 rows=10000 loops=1)
 Planning time: 0.263 ms
 Execution time: 1.341 ms
(8 rows)

===== 35 [Wed Mar  7 02:00:36 CET 2018] scale:10000 groups:10 work_mem:128MB incremental:off max_workers:0 =====
SELECT * FROM s_2 ORDER BY a, b, c LIMIT 100
                                                        QUERY PLAN                                                        
--------------------------------------------------------------------------------------------------------------------------
 Limit  (cost=547.44..547.44 rows=1 width=20) (actual time=1.300..1.300 rows=0 loops=1)
   ->  Limit  (cost=546.19..546.44 rows=100 width=20) (actual time=1.287..1.296 rows=100 loops=1)
         ->  Sort  (cost=546.19..571.19 rows=10000 width=20) (actual time=1.287..1.291 rows=100 loops=1)
               Sort Key: s_2.a, s_2.b, s_2.c
               Sort Method: top-N heapsort  Memory: 34kB
               ->  Seq Scan on s_2  (cost=0.00..164.00 rows=10000 width=20) (actual time=0.007..0.513 rows=10000 loops=1)
 Planning time: 0.256 ms
 Execution time: 1.323 ms
(8 rows)

===== 36 [Wed Mar  7 02:00:37 CET 2018] scale:10000 groups:10 work_mem:128MB incremental:off max_workers:0 =====
SELECT * FROM s_3 ORDER BY a, b, c, d LIMIT 100
                                                        QUERY PLAN                                                        
--------------------------------------------------------------------------------------------------------------------------
 Limit  (cost=547.44..547.44 rows=1 width=20) (actual time=1.318..1.318 rows=0 loops=1)
   ->  Limit  (cost=546.19..546.44 rows=100 width=20) (actual time=1.305..1.315 rows=100 loops=1)
         ->  Sort  (cost=546.19..571.19 rows=10000 width=20) (actual time=1.305..1.309 rows=100 loops=1)
               Sort Key: s_3.a, s_3.b, s_3.c, s_3.d
               Sort Method: top-N heapsort  Memory: 32kB
               ->  Seq Scan on s_3  (cost=0.00..164.00 rows=10000 width=20) (actual time=0.007..0.519 rows=10000 loops=1)
 Planning time: 0.262 ms
 Execution time: 1.340 ms
(8 rows)

===== 37 [Wed Mar  7 02:00:37 CET 2018] scale:10000 groups:10 work_mem:256MB incremental:on max_workers:0 =====
SELECT * FROM s_1 ORDER BY a, b LIMIT 100
                                                                      QUERY PLAN                                                                       
-------------------------------------------------------------------------------------------------------------------------------------------------------
 Limit  (cost=70.33..70.33 rows=1 width=20) (actual time=0.250..0.250 rows=0 loops=1)
   ->  Limit  (cost=67.58..69.33 rows=100 width=20) (actual time=0.237..0.247 rows=100 loops=1)
         ->  Incremental Sort  (cost=67.58..242.80 rows=10000 width=20) (actual time=0.237..0.241 rows=100 loops=1)
               Sort Key: s_1.a, s_1.b
               Presorted Key: s_1.a
               Sort Method: quicksort  Memory: 66kB
               Sort Groups: 1
               ->  Index Only Scan using s_1_a_e_d_c_b_idx on s_1  (cost=0.29..358.29 rows=10000 width=20) (actual time=0.024..0.089 rows=526 loops=1)
                     Heap Fetches: 0
 Planning time: 0.255 ms
 Execution time: 0.276 ms
(11 rows)

===== 38 [Wed Mar  7 02:00:37 CET 2018] scale:10000 groups:10 work_mem:256MB incremental:on max_workers:0 =====
SELECT * FROM s_2 ORDER BY a, b, c LIMIT 100
                                                                      QUERY PLAN                                                                       
-------------------------------------------------------------------------------------------------------------------------------------------------------
 Limit  (cost=8.66..8.66 rows=1 width=20) (actual time=0.117..0.117 rows=0 loops=1)
   ->  Limit  (cost=5.88..7.66 rows=100 width=20) (actual time=0.085..0.113 rows=100 loops=1)
         ->  Incremental Sort  (cost=5.88..184.47 rows=10000 width=20) (actual time=0.085..0.107 rows=100 loops=1)
               Sort Key: s_2.a, s_2.b, s_2.c
               Presorted Key: s_2.a, s_2.b
               Sort Method: quicksort  Memory: 30kB
               Sort Groups: 2
               ->  Index Only Scan using s_2_a_b_e_d_c_idx on s_2  (cost=0.29..358.29 rows=10000 width=20) (actual time=0.021..0.034 rows=130 loops=1)
                     Heap Fetches: 0
 Planning time: 0.253 ms
 Execution time: 0.141 ms
(11 rows)

===== 39 [Wed Mar  7 02:00:37 CET 2018] scale:10000 groups:10 work_mem:256MB incremental:on max_workers:0 =====
SELECT * FROM s_3 ORDER BY a, b, c, d LIMIT 100
                                                                      QUERY PLAN                                                                       
-------------------------------------------------------------------------------------------------------------------------------------------------------
 Limit  (cost=3.81..3.81 rows=1 width=20) (actual time=0.113..0.113 rows=0 loops=1)
   ->  Limit  (cost=0.81..2.81 rows=100 width=20) (actual time=0.077..0.110 rows=100 loops=1)
         ->  Incremental Sort  (cost=0.81..200.53 rows=10000 width=20) (actual time=0.077..0.104 rows=100 loops=1)
               Sort Key: s_3.a, s_3.b, s_3.c, s_3.d
               Presorted Key: s_3.a, s_3.b, s_3.c
               Sort Method: quicksort  Memory: 28kB
               Sort Groups: 3
               ->  Index Only Scan using s_3_a_b_c_e_d_idx on s_3  (cost=0.29..358.29 rows=10000 width=20) (actual time=0.022..0.034 rows=106 loops=1)
                     Heap Fetches: 0
 Planning time: 0.262 ms
 Execution time: 0.138 ms
(11 rows)

===== 40 [Wed Mar  7 02:00:37 CET 2018] scale:10000 groups:10 work_mem:256MB incremental:off max_workers:0 =====
SELECT * FROM s_1 ORDER BY a, b LIMIT 100
                                                        QUERY PLAN                                                        
--------------------------------------------------------------------------------------------------------------------------
 Limit  (cost=547.44..547.44 rows=1 width=20) (actual time=1.325..1.325 rows=0 loops=1)
   ->  Limit  (cost=546.19..546.44 rows=100 width=20) (actual time=1.313..1.322 rows=100 loops=1)
         ->  Sort  (cost=546.19..571.19 rows=10000 width=20) (actual time=1.312..1.316 rows=100 loops=1)
               Sort Key: s_1.a, s_1.b
               Sort Method: top-N heapsort  Memory: 38kB
               ->  Seq Scan on s_1  (cost=0.00..164.00 rows=10000 width=20) (actual time=0.004..0.517 rows=10000 loops=1)
 Planning time: 0.251 ms
 Execution time: 1.348 ms
(8 rows)

===== 41 [Wed Mar  7 02:00:37 CET 2018] scale:10000 groups:10 work_mem:256MB incremental:off max_workers:0 =====
SELECT * FROM s_2 ORDER BY a, b, c LIMIT 100
                                                        QUERY PLAN                                                        
--------------------------------------------------------------------------------------------------------------------------
 Limit  (cost=547.44..547.44 rows=1 width=20) (actual time=1.304..1.304 rows=0 loops=1)
   ->  Limit  (cost=546.19..546.44 rows=100 width=20) (actual time=1.290..1.300 rows=100 loops=1)
         ->  Sort  (cost=546.19..571.19 rows=10000 width=20) (actual time=1.290..1.294 rows=100 loops=1)
               Sort Key: s_2.a, s_2.b, s_2.c
               Sort Method: top-N heapsort  Memory: 34kB
               ->  Seq Scan on s_2  (cost=0.00..164.00 rows=10000 width=20) (actual time=0.007..0.513 rows=10000 loops=1)
 Planning time: 0.258 ms
 Execution time: 1.326 ms
(8 rows)

===== 42 [Wed Mar  7 02:00:37 CET 2018] scale:10000 groups:10 work_mem:256MB incremental:off max_workers:0 =====
SELECT * FROM s_3 ORDER BY a, b, c, d LIMIT 100
                                                        QUERY PLAN                                                        
--------------------------------------------------------------------------------------------------------------------------
 Limit  (cost=547.44..547.44 rows=1 width=20) (actual time=1.315..1.315 rows=0 loops=1)
   ->  Limit  (cost=546.19..546.44 rows=100 width=20) (actual time=1.302..1.311 rows=100 loops=1)
         ->  Sort  (cost=546.19..571.19 rows=10000 width=20) (actual time=1.302..1.305 rows=100 loops=1)
               Sort Key: s_3.a, s_3.b, s_3.c, s_3.d
               Sort Method: top-N heapsort  Memory: 32kB
               ->  Seq Scan on s_3  (cost=0.00..164.00 rows=10000 width=20) (actual time=0.007..0.515 rows=10000 loops=1)
 Planning time: 0.269 ms
 Execution time: 1.337 ms
(8 rows)

===== 43 [Wed Mar  7 02:00:37 CET 2018] scale:10000 groups:10 work_mem:4MB incremental:on max_workers:2 =====
SELECT * FROM s_1 ORDER BY a, b LIMIT 100
                                                                      QUERY PLAN                                                                       
-------------------------------------------------------------------------------------------------------------------------------------------------------
 Limit  (cost=70.33..70.33 rows=1 width=20) (actual time=0.250..0.250 rows=0 loops=1)
   ->  Limit  (cost=67.58..69.33 rows=100 width=20) (actual time=0.237..0.247 rows=100 loops=1)
         ->  Incremental Sort  (cost=67.58..242.80 rows=10000 width=20) (actual time=0.237..0.241 rows=100 loops=1)
               Sort Key: s_1.a, s_1.b
               Presorted Key: s_1.a
               Sort Method: quicksort  Memory: 66kB
               Sort Groups: 1
               ->  Index Only Scan using s_1_a_e_d_c_b_idx on s_1  (cost=0.29..358.29 rows=10000 width=20) (actual time=0.023..0.089 rows=526 loops=1)
                     Heap Fetches: 0
 Planning time: 0.269 ms
 Execution time: 0.276 ms
(11 rows)

===== 44 [Wed Mar  7 02:00:37 CET 2018] scale:10000 groups:10 work_mem:4MB incremental:on max_workers:2 =====
SELECT * FROM s_2 ORDER BY a, b, c LIMIT 100
                                                                      QUERY PLAN                                                                       
-------------------------------------------------------------------------------------------------------------------------------------------------------
 Limit  (cost=8.66..8.66 rows=1 width=20) (actual time=0.116..0.116 rows=0 loops=1)
   ->  Limit  (cost=5.88..7.66 rows=100 width=20) (actual time=0.084..0.112 rows=100 loops=1)
         ->  Incremental Sort  (cost=5.88..184.47 rows=10000 width=20) (actual time=0.084..0.107 rows=100 loops=1)
               Sort Key: s_2.a, s_2.b, s_2.c
               Presorted Key: s_2.a, s_2.b
               Sort Method: quicksort  Memory: 30kB
               Sort Groups: 2
               ->  Index Only Scan using s_2_a_b_e_d_c_idx on s_2  (cost=0.29..358.29 rows=10000 width=20) (actual time=0.021..0.035 rows=130 loops=1)
                     Heap Fetches: 0
 Planning time: 0.260 ms
 Execution time: 0.141 ms
(11 rows)

===== 45 [Wed Mar  7 02:00:37 CET 2018] scale:10000 groups:10 work_mem:4MB incremental:on max_workers:2 =====
SELECT * FROM s_3 ORDER BY a, b, c, d LIMIT 100
                                                                      QUERY PLAN                                                                       
-------------------------------------------------------------------------------------------------------------------------------------------------------
 Limit  (cost=3.81..3.81 rows=1 width=20) (actual time=0.120..0.120 rows=0 loops=1)
   ->  Limit  (cost=0.81..2.81 rows=100 width=20) (actual time=0.077..0.110 rows=100 loops=1)
         ->  Incremental Sort  (cost=0.81..200.53 rows=10000 width=20) (actual time=0.076..0.104 rows=100 loops=1)
               Sort Key: s_3.a, s_3.b, s_3.c, s_3.d
               Presorted Key: s_3.a, s_3.b, s_3.c
               Sort Method: quicksort  Memory: 28kB
               Sort Groups: 3
               ->  Index Only Scan using s_3_a_b_c_e_d_idx on s_3  (cost=0.29..358.29 rows=10000 width=20) (actual time=0.023..0.034 rows=106 loops=1)
                     Heap Fetches: 0
 Planning time: 0.262 ms
 Execution time: 0.144 ms
(11 rows)

===== 46 [Wed Mar  7 02:00:37 CET 2018] scale:10000 groups:10 work_mem:4MB incremental:off max_workers:2 =====
SELECT * FROM s_1 ORDER BY a, b LIMIT 100
                                                        QUERY PLAN                                                        
--------------------------------------------------------------------------------------------------------------------------
 Limit  (cost=547.44..547.44 rows=1 width=20) (actual time=1.315..1.315 rows=0 loops=1)
   ->  Limit  (cost=546.19..546.44 rows=100 width=20) (actual time=1.302..1.312 rows=100 loops=1)
         ->  Sort  (cost=546.19..571.19 rows=10000 width=20) (actual time=1.302..1.306 rows=100 loops=1)
               Sort Key: s_1.a, s_1.b
               Sort Method: top-N heapsort  Memory: 38kB
               ->  Seq Scan on s_1  (cost=0.00..164.00 rows=10000 width=20) (actual time=0.004..0.515 rows=10000 loops=1)
 Planning time: 0.255 ms
 Execution time: 1.338 ms
(8 rows)

===== 47 [Wed Mar  7 02:00:37 CET 2018] scale:10000 groups:10 work_mem:4MB incremental:off max_workers:2 =====
SELECT * FROM s_2 ORDER BY a, b, c LIMIT 100
                                                        QUERY PLAN                                                        
--------------------------------------------------------------------------------------------------------------------------
 Limit  (cost=547.44..547.44 rows=1 width=20) (actual time=1.303..1.303 rows=0 loops=1)
   ->  Limit  (cost=546.19..546.44 rows=100 width=20) (actual time=1.290..1.299 rows=100 loops=1)
         ->  Sort  (cost=546.19..571.19 rows=10000 width=20) (actual time=1.289..1.293 rows=100 loops=1)
               Sort Key: s_2.a, s_2.b, s_2.c
               Sort Method: top-N heapsort  Memory: 34kB
               ->  Seq Scan on s_2  (cost=0.00..164.00 rows=10000 width=20) (actual time=0.007..0.515 rows=10000 loops=1)
 Planning time: 0.269 ms
 Execution time: 1.326 ms
(8 rows)

===== 48 [Wed Mar  7 02:00:37 CET 2018] scale:10000 groups:10 work_mem:4MB incremental:off max_workers:2 =====
SELECT * FROM s_3 ORDER BY a, b, c, d LIMIT 100
                                                        QUERY PLAN                                                        
--------------------------------------------------------------------------------------------------------------------------
 Limit  (cost=547.44..547.44 rows=1 width=20) (actual time=1.323..1.323 rows=0 loops=1)
   ->  Limit  (cost=546.19..546.44 rows=100 width=20) (actual time=1.310..1.319 rows=100 loops=1)
         ->  Sort  (cost=546.19..571.19 rows=10000 width=20) (actual time=1.310..1.313 rows=100 loops=1)
               Sort Key: s_3.a, s_3.b, s_3.c, s_3.d
               Sort Method: top-N heapsort  Memory: 32kB
               ->  Seq Scan on s_3  (cost=0.00..164.00 rows=10000 width=20) (actual time=0.007..0.517 rows=10000 loops=1)
 Planning time: 0.262 ms
 Execution time: 1.345 ms
(8 rows)

===== 49 [Wed Mar  7 02:00:38 CET 2018] scale:10000 groups:10 work_mem:8MB incremental:on max_workers:2 =====
SELECT * FROM s_1 ORDER BY a, b LIMIT 100
                                                                      QUERY PLAN                                                                       
-------------------------------------------------------------------------------------------------------------------------------------------------------
 Limit  (cost=70.33..70.33 rows=1 width=20) (actual time=0.249..0.249 rows=0 loops=1)
   ->  Limit  (cost=67.58..69.33 rows=100 width=20) (actual time=0.236..0.245 rows=100 loops=1)
         ->  Incremental Sort  (cost=67.58..242.80 rows=10000 width=20) (actual time=0.235..0.240 rows=100 loops=1)
               Sort Key: s_1.a, s_1.b
               Presorted Key: s_1.a
               Sort Method: quicksort  Memory: 66kB
               Sort Groups: 1
               ->  Index Only Scan using s_1_a_e_d_c_b_idx on s_1  (cost=0.29..358.29 rows=10000 width=20) (actual time=0.023..0.089 rows=526 loops=1)
                     Heap Fetches: 0
 Planning time: 0.263 ms
 Execution time: 0.274 ms
(11 rows)

===== 50 [Wed Mar  7 02:00:38 CET 2018] scale:10000 groups:10 work_mem:8MB incremental:on max_workers:2 =====
SELECT * FROM s_2 ORDER BY a, b, c LIMIT 100
                                                                      QUERY PLAN                                                                       
-------------------------------------------------------------------------------------------------------------------------------------------------------
 Limit  (cost=8.66..8.66 rows=1 width=20) (actual time=0.121..0.121 rows=0 loops=1)
   ->  Limit  (cost=5.88..7.66 rows=100 width=20) (actual time=0.089..0.117 rows=100 loops=1)
         ->  Incremental Sort  (cost=5.88..184.47 rows=10000 width=20) (actual time=0.089..0.111 rows=100 loops=1)
               Sort Key: s_2.a, s_2.b, s_2.c
               Presorted Key: s_2.a, s_2.b
               Sort Method: quicksort  Memory: 30kB
               Sort Groups: 2
               ->  Index Only Scan using s_2_a_b_e_d_c_idx on s_2  (cost=0.29..358.29 rows=10000 width=20) (actual time=0.021..0.035 rows=130 loops=1)
                     Heap Fetches: 0
 Planning time: 0.263 ms
 Execution time: 0.145 ms
(11 rows)

===== 51 [Wed Mar  7 02:00:38 CET 2018] scale:10000 groups:10 work_mem:8MB incremental:on max_workers:2 =====
SELECT * FROM s_3 ORDER BY a, b, c, d LIMIT 100
                                                                      QUERY PLAN                                                                       
-------------------------------------------------------------------------------------------------------------------------------------------------------
 Limit  (cost=3.81..3.81 rows=1 width=20) (actual time=0.111..0.111 rows=0 loops=1)
   ->  Limit  (cost=0.81..2.81 rows=100 width=20) (actual time=0.075..0.108 rows=100 loops=1)
         ->  Incremental Sort  (cost=0.81..200.53 rows=10000 width=20) (actual time=0.074..0.102 rows=100 loops=1)
               Sort Key: s_3.a, s_3.b, s_3.c, s_3.d
               Presorted Key: s_3.a, s_3.b, s_3.c
               Sort Method: quicksort  Memory: 28kB
               Sort Groups: 3
               ->  Index Only Scan using s_3_a_b_c_e_d_idx on s_3  (cost=0.29..358.29 rows=10000 width=20) (actual time=0.022..0.033 rows=106 loops=1)
                     Heap Fetches: 0
 Planning time: 0.266 ms
 Execution time: 0.136 ms
(11 rows)

===== 52 [Wed Mar  7 02:00:38 CET 2018] scale:10000 groups:10 work_mem:8MB incremental:off max_workers:2 =====
SELECT * FROM s_1 ORDER BY a, b LIMIT 100
                                                        QUERY PLAN                                                        
--------------------------------------------------------------------------------------------------------------------------
 Limit  (cost=547.44..547.44 rows=1 width=20) (actual time=1.317..1.317 rows=0 loops=1)
   ->  Limit  (cost=546.19..546.44 rows=100 width=20) (actual time=1.304..1.313 rows=100 loops=1)
         ->  Sort  (cost=546.19..571.19 rows=10000 width=20) (actual time=1.303..1.307 rows=100 loops=1)
               Sort Key: s_1.a, s_1.b
               Sort Method: top-N heapsort  Memory: 38kB
               ->  Seq Scan on s_1  (cost=0.00..164.00 rows=10000 width=20) (actual time=0.004..0.519 rows=10000 loops=1)
 Planning time: 0.262 ms
 Execution time: 1.340 ms
(8 rows)

===== 53 [Wed Mar  7 02:00:38 CET 2018] scale:10000 groups:10 work_mem:8MB incremental:off max_workers:2 =====
SELECT * FROM s_2 ORDER BY a, b, c LIMIT 100
                                                        QUERY PLAN                                                        
--------------------------------------------------------------------------------------------------------------------------
 Limit  (cost=547.44..547.44 rows=1 width=20) (actual time=1.306..1.306 rows=0 loops=1)
   ->  Limit  (cost=546.19..546.44 rows=100 width=20) (actual time=1.293..1.303 rows=100 loops=1)
         ->  Sort  (cost=546.19..571.19 rows=10000 width=20) (actual time=1.293..1.297 rows=100 loops=1)
               Sort Key: s_2.a, s_2.b, s_2.c
               Sort Method: top-N heapsort  Memory: 34kB
               ->  Seq Scan on s_2  (cost=0.00..164.00 rows=10000 width=20) (actual time=0.008..0.519 rows=10000 loops=1)
 Planning time: 0.261 ms
 Execution time: 1.329 ms
(8 rows)

===== 54 [Wed Mar  7 02:00:38 CET 2018] scale:10000 groups:10 work_mem:8MB incremental:off max_workers:2 =====
SELECT * FROM s_3 ORDER BY a, b, c, d LIMIT 100
                                                        QUERY PLAN                                                        
--------------------------------------------------------------------------------------------------------------------------
 Limit  (cost=547.44..547.44 rows=1 width=20) (actual time=1.314..1.314 rows=0 loops=1)
   ->  Limit  (cost=546.19..546.44 rows=100 width=20) (actual time=1.301..1.310 rows=100 loops=1)
         ->  Sort  (cost=546.19..571.19 rows=10000 width=20) (actual time=1.300..1.304 rows=100 loops=1)
               Sort Key: s_3.a, s_3.b, s_3.c, s_3.d
               Sort Method: top-N heapsort  Memory: 32kB
               ->  Seq Scan on s_3  (cost=0.00..164.00 rows=10000 width=20) (actual time=0.007..0.513 rows=10000 loops=1)
 Planning time: 0.265 ms
 Execution time: 1.337 ms
(8 rows)

===== 55 [Wed Mar  7 02:00:38 CET 2018] scale:10000 groups:10 work_mem:16MB incremental:on max_workers:2 =====
SELECT * FROM s_1 ORDER BY a, b LIMIT 100
                                                                      QUERY PLAN                                                                       
-------------------------------------------------------------------------------------------------------------------------------------------------------
 Limit  (cost=70.33..70.33 rows=1 width=20) (actual time=0.248..0.248 rows=0 loops=1)
   ->  Limit  (cost=67.58..69.33 rows=100 width=20) (actual time=0.235..0.245 rows=100 loops=1)
         ->  Incremental Sort  (cost=67.58..242.80 rows=10000 width=20) (actual time=0.235..0.239 rows=100 loops=1)
               Sort Key: s_1.a, s_1.b
               Presorted Key: s_1.a
               Sort Method: quicksort  Memory: 66kB
               Sort Groups: 1
               ->  Index Only Scan using s_1_a_e_d_c_b_idx on s_1  (cost=0.29..358.29 rows=10000 width=20) (actual time=0.023..0.089 rows=526 loops=1)
                     Heap Fetches: 0
 Planning time: 0.258 ms
 Execution time: 0.274 ms
(11 rows)

===== 56 [Wed Mar  7 02:00:38 CET 2018] scale:10000 groups:10 work_mem:16MB incremental:on max_workers:2 =====
SELECT * FROM s_2 ORDER BY a, b, c LIMIT 100
                                                                      QUERY PLAN                                                                       
-------------------------------------------------------------------------------------------------------------------------------------------------------
 Limit  (cost=8.66..8.66 rows=1 width=20) (actual time=0.128..0.128 rows=0 loops=1)
   ->  Limit  (cost=5.88..7.66 rows=100 width=20) (actual time=0.096..0.125 rows=100 loops=1)
         ->  Incremental Sort  (cost=5.88..184.47 rows=10000 width=20) (actual time=0.096..0.119 rows=100 loops=1)
               Sort Key: s_2.a, s_2.b, s_2.c
               Presorted Key: s_2.a, s_2.b
               Sort Method: quicksort  Memory: 30kB
               Sort Groups: 2
               ->  Index Only Scan using s_2_a_b_e_d_c_idx on s_2  (cost=0.29..358.29 rows=10000 width=20) (actual time=0.024..0.037 rows=130 loops=1)
                     Heap Fetches: 0
 Planning time: 0.267 ms
 Execution time: 0.154 ms
(11 rows)

===== 57 [Wed Mar  7 02:00:38 CET 2018] scale:10000 groups:10 work_mem:16MB incremental:on max_workers:2 =====
SELECT * FROM s_3 ORDER BY a, b, c, d LIMIT 100
                                                                      QUERY PLAN                                                                       
-------------------------------------------------------------------------------------------------------------------------------------------------------
 Limit  (cost=3.81..3.81 rows=1 width=20) (actual time=0.113..0.113 rows=0 loops=1)
   ->  Limit  (cost=0.81..2.81 rows=100 width=20) (actual time=0.076..0.109 rows=100 loops=1)
         ->  Incremental Sort  (cost=0.81..200.53 rows=10000 width=20) (actual time=0.076..0.104 rows=100 loops=1)
               Sort Key: s_3.a, s_3.b, s_3.c, s_3.d
               Presorted Key: s_3.a, s_3.b, s_3.c
               Sort Method: quicksort  Memory: 28kB
               Sort Groups: 3
               ->  Index Only Scan using s_3_a_b_c_e_d_idx on s_3  (cost=0.29..358.29 rows=10000 width=20) (actual time=0.022..0.034 rows=106 loops=1)
                     Heap Fetches: 0
 Planning time: 0.266 ms
 Execution time: 0.137 ms
(11 rows)

===== 58 [Wed Mar  7 02:00:38 CET 2018] scale:10000 groups:10 work_mem:16MB incremental:off max_workers:2 =====
SELECT * FROM s_1 ORDER BY a, b LIMIT 100
                                                        QUERY PLAN                                                        
--------------------------------------------------------------------------------------------------------------------------
 Limit  (cost=547.44..547.44 rows=1 width=20) (actual time=1.316..1.316 rows=0 loops=1)
   ->  Limit  (cost=546.19..546.44 rows=100 width=20) (actual time=1.303..1.313 rows=100 loops=1)
         ->  Sort  (cost=546.19..571.19 rows=10000 width=20) (actual time=1.303..1.307 rows=100 loops=1)
               Sort Key: s_1.a, s_1.b
               Sort Method: top-N heapsort  Memory: 38kB
               ->  Seq Scan on s_1  (cost=0.00..164.00 rows=10000 width=20) (actual time=0.004..0.515 rows=10000 loops=1)
 Planning time: 0.267 ms
 Execution time: 1.338 ms
(8 rows)

===== 59 [Wed Mar  7 02:00:38 CET 2018] scale:10000 groups:10 work_mem:16MB incremental:off max_workers:2 =====
SELECT * FROM s_2 ORDER BY a, b, c LIMIT 100
                                                        QUERY PLAN                                                        
--------------------------------------------------------------------------------------------------------------------------
 Limit  (cost=547.44..547.44 rows=1 width=20) (actual time=1.311..1.311 rows=0 loops=1)
   ->  Limit  (cost=546.19..546.44 rows=100 width=20) (actual time=1.298..1.307 rows=100 loops=1)
         ->  Sort  (cost=546.19..571.19 rows=10000 width=20) (actual time=1.297..1.301 rows=100 loops=1)
               Sort Key: s_2.a, s_2.b, s_2.c
               Sort Method: top-N heapsort  Memory: 34kB
               ->  Seq Scan on s_2  (cost=0.00..164.00 rows=10000 width=20) (actual time=0.008..0.516 rows=10000 loops=1)
 Planning time: 0.261 ms
 Execution time: 1.333 ms
(8 rows)

===== 60 [Wed Mar  7 02:00:38 CET 2018] scale:10000 groups:10 work_mem:16MB incremental:off max_workers:2 =====
SELECT * FROM s_3 ORDER BY a, b, c, d LIMIT 100
                                                        QUERY PLAN                                                        
--------------------------------------------------------------------------------------------------------------------------
 Limit  (cost=547.44..547.44 rows=1 width=20) (actual time=1.308..1.308 rows=0 loops=1)
   ->  Limit  (cost=546.19..546.44 rows=100 width=20) (actual time=1.295..1.304 rows=100 loops=1)
         ->  Sort  (cost=546.19..571.19 rows=10000 width=20) (actual time=1.295..1.298 rows=100 loops=1)
               Sort Key: s_3.a, s_3.b, s_3.c, s_3.d
               Sort Method: top-N heapsort  Memory: 32kB
               ->  Seq Scan on s_3  (cost=0.00..164.00 rows=10000 width=20) (actual time=0.007..0.512 rows=10000 loops=1)
 Planning time: 0.259 ms
 Execution time: 1.331 ms
(8 rows)

===== 61 [Wed Mar  7 02:00:38 CET 2018] scale:10000 groups:10 work_mem:32MB incremental:on max_workers:2 =====
SELECT * FROM s_1 ORDER BY a, b LIMIT 100
                                                                      QUERY PLAN                                                                       
-------------------------------------------------------------------------------------------------------------------------------------------------------
 Limit  (cost=70.33..70.33 rows=1 width=20) (actual time=0.264..0.264 rows=0 loops=1)
   ->  Limit  (cost=67.58..69.33 rows=100 width=20) (actual time=0.251..0.261 rows=100 loops=1)
         ->  Incremental Sort  (cost=67.58..242.80 rows=10000 width=20) (actual time=0.251..0.255 rows=100 loops=1)
               Sort Key: s_1.a, s_1.b
               Presorted Key: s_1.a
               Sort Method: quicksort  Memory: 66kB
               Sort Groups: 1
               ->  Index Only Scan using s_1_a_e_d_c_b_idx on s_1  (cost=0.29..358.29 rows=10000 width=20) (actual time=0.024..0.090 rows=526 loops=1)
                     Heap Fetches: 0
 Planning time: 0.267 ms
 Execution time: 0.290 ms
(11 rows)

===== 62 [Wed Mar  7 02:00:39 CET 2018] scale:10000 groups:10 work_mem:32MB incremental:on max_workers:2 =====
SELECT * FROM s_2 ORDER BY a, b, c LIMIT 100
                                                                      QUERY PLAN                                                                       
-------------------------------------------------------------------------------------------------------------------------------------------------------
 Limit  (cost=8.66..8.66 rows=1 width=20) (actual time=0.117..0.117 rows=0 loops=1)
   ->  Limit  (cost=5.88..7.66 rows=100 width=20) (actual time=0.085..0.113 rows=100 loops=1)
         ->  Incremental Sort  (cost=5.88..184.47 rows=10000 width=20) (actual time=0.085..0.107 rows=100 loops=1)
               Sort Key: s_2.a, s_2.b, s_2.c
               Presorted Key: s_2.a, s_2.b
               Sort Method: quicksort  Memory: 30kB
               Sort Groups: 2
               ->  Index Only Scan using s_2_a_b_e_d_c_idx on s_2  (cost=0.29..358.29 rows=10000 width=20) (actual time=0.021..0.034 rows=130 loops=1)
                     Heap Fetches: 0
 Planning time: 0.261 ms
 Execution time: 0.141 ms
(11 rows)

===== 63 [Wed Mar  7 02:00:39 CET 2018] scale:10000 groups:10 work_mem:32MB incremental:on max_workers:2 =====
SELECT * FROM s_3 ORDER BY a, b, c, d LIMIT 100
                                                                      QUERY PLAN                                                                       
-------------------------------------------------------------------------------------------------------------------------------------------------------
 Limit  (cost=3.81..3.81 rows=1 width=20) (actual time=0.114..0.114 rows=0 loops=1)
   ->  Limit  (cost=0.81..2.81 rows=100 width=20) (actual time=0.078..0.111 rows=100 loops=1)
         ->  Incremental Sort  (cost=0.81..200.53 rows=10000 width=20) (actual time=0.077..0.105 rows=100 loops=1)
               Sort Key: s_3.a, s_3.b, s_3.c, s_3.d
               Presorted Key: s_3.a, s_3.b, s_3.c
               Sort Method: quicksort  Memory: 28kB
               Sort Groups: 3
               ->  Index Only Scan using s_3_a_b_c_e_d_idx on s_3  (cost=0.29..358.29 rows=10000 width=20) (actual time=0.024..0.035 rows=106 loops=1)
                     Heap Fetches: 0
 Planning time: 0.278 ms
 Execution time: 0.139 ms
(11 rows)

===== 64 [Wed Mar  7 02:00:39 CET 2018] scale:10000 groups:10 work_mem:32MB incremental:off max_workers:2 =====
SELECT * FROM s_1 ORDER BY a, b LIMIT 100
                                                        QUERY PLAN                                                        
--------------------------------------------------------------------------------------------------------------------------
 Limit  (cost=547.44..547.44 rows=1 width=20) (actual time=1.314..1.314 rows=0 loops=1)
   ->  Limit  (cost=546.19..546.44 rows=100 width=20) (actual time=1.301..1.310 rows=100 loops=1)
         ->  Sort  (cost=546.19..571.19 rows=10000 width=20) (actual time=1.300..1.304 rows=100 loops=1)
               Sort Key: s_1.a, s_1.b
               Sort Method: top-N heapsort  Memory: 38kB
               ->  Seq Scan on s_1  (cost=0.00..164.00 rows=10000 width=20) (actual time=0.004..0.518 rows=10000 loops=1)
 Planning time: 0.257 ms
 Execution time: 1.344 ms
(8 rows)

===== 65 [Wed Mar  7 02:00:39 CET 2018] scale:10000 groups:10 work_mem:32MB incremental:off max_workers:2 =====
SELECT * FROM s_2 ORDER BY a, b, c LIMIT 100
                                                        QUERY PLAN                                                        
--------------------------------------------------------------------------------------------------------------------------
 Limit  (cost=547.44..547.44 rows=1 width=20) (actual time=1.307..1.307 rows=0 loops=1)
   ->  Limit  (cost=546.19..546.44 rows=100 width=20) (actual time=1.294..1.303 rows=100 loops=1)
         ->  Sort  (cost=546.19..571.19 rows=10000 width=20) (actual time=1.294..1.298 rows=100 loops=1)
               Sort Key: s_2.a, s_2.b, s_2.c
               Sort Method: top-N heapsort  Memory: 34kB
               ->  Seq Scan on s_2  (cost=0.00..164.00 rows=10000 width=20) (actual time=0.007..0.515 rows=10000 loops=1)
 Planning time: 0.258 ms
 Execution time: 1.330 ms
(8 rows)

===== 66 [Wed Mar  7 02:00:39 CET 2018] scale:10000 groups:10 work_mem:32MB incremental:off max_workers:2 =====
SELECT * FROM s_3 ORDER BY a, b, c, d LIMIT 100
                                                        QUERY PLAN                                                        
--------------------------------------------------------------------------------------------------------------------------
 Limit  (cost=547.44..547.44 rows=1 width=20) (actual time=1.317..1.317 rows=0 loops=1)
   ->  Limit  (cost=546.19..546.44 rows=100 width=20) (actual time=1.304..1.314 rows=100 loops=1)
         ->  Sort  (cost=546.19..571.19 rows=10000 width=20) (actual time=1.304..1.308 rows=100 loops=1)
               Sort Key: s_3.a, s_3.b, s_3.c, s_3.d
               Sort Method: top-N heapsort  Memory: 32kB
               ->  Seq Scan on s_3  (cost=0.00..164.00 rows=10000 width=20) (actual time=0.007..0.513 rows=10000 loops=1)
 Planning time: 0.262 ms
 Execution time: 1.339 ms
(8 rows)

===== 67 [Wed Mar  7 02:00:39 CET 2018] scale:10000 groups:10 work_mem:64MB incremental:on max_workers:2 =====
SELECT * FROM s_1 ORDER BY a, b LIMIT 100
                                                                      QUERY PLAN                                                                       
-------------------------------------------------------------------------------------------------------------------------------------------------------
 Limit  (cost=70.33..70.33 rows=1 width=20) (actual time=0.252..0.252 rows=0 loops=1)
   ->  Limit  (cost=67.58..69.33 rows=100 width=20) (actual time=0.238..0.248 rows=100 loops=1)
         ->  Incremental Sort  (cost=67.58..242.80 rows=10000 width=20) (actual time=0.238..0.242 rows=100 loops=1)
               Sort Key: s_1.a, s_1.b
               Presorted Key: s_1.a
               Sort Method: quicksort  Memory: 66kB
               Sort Groups: 1
               ->  Index Only Scan using s_1_a_e_d_c_b_idx on s_1  (cost=0.29..358.29 rows=10000 width=20) (actual time=0.024..0.090 rows=526 loops=1)
                     Heap Fetches: 0
 Planning time: 0.268 ms
 Execution time: 0.278 ms
(11 rows)

===== 68 [Wed Mar  7 02:00:39 CET 2018] scale:10000 groups:10 work_mem:64MB incremental:on max_workers:2 =====
SELECT * FROM s_2 ORDER BY a, b, c LIMIT 100
                                                                      QUERY PLAN                                                                       
-------------------------------------------------------------------------------------------------------------------------------------------------------
 Limit  (cost=8.66..8.66 rows=1 width=20) (actual time=0.116..0.116 rows=0 loops=1)
   ->  Limit  (cost=5.88..7.66 rows=100 width=20) (actual time=0.084..0.113 rows=100 loops=1)
         ->  Incremental Sort  (cost=5.88..184.47 rows=10000 width=20) (actual time=0.084..0.106 rows=100 loops=1)
               Sort Key: s_2.a, s_2.b, s_2.c
               Presorted Key: s_2.a, s_2.b
               Sort Method: quicksort  Memory: 30kB
               Sort Groups: 2
               ->  Index Only Scan using s_2_a_b_e_d_c_idx on s_2  (cost=0.29..358.29 rows=10000 width=20) (actual time=0.021..0.035 rows=130 loops=1)
                     Heap Fetches: 0
 Planning time: 0.261 ms
 Execution time: 0.142 ms
(11 rows)

===== 69 [Wed Mar  7 02:00:39 CET 2018] scale:10000 groups:10 work_mem:64MB incremental:on max_workers:2 =====
SELECT * FROM s_3 ORDER BY a, b, c, d LIMIT 100
                                                                      QUERY PLAN                                                                       
-------------------------------------------------------------------------------------------------------------------------------------------------------
 Limit  (cost=3.81..3.81 rows=1 width=20) (actual time=0.115..0.115 rows=0 loops=1)
   ->  Limit  (cost=0.81..2.81 rows=100 width=20) (actual time=0.078..0.111 rows=100 loops=1)
         ->  Incremental Sort  (cost=0.81..200.53 rows=10000 width=20) (actual time=0.078..0.106 rows=100 loops=1)
               Sort Key: s_3.a, s_3.b, s_3.c, s_3.d
               Presorted Key: s_3.a, s_3.b, s_3.c
               Sort Method: quicksort  Memory: 28kB
               Sort Groups: 3
               ->  Index Only Scan using s_3_a_b_c_e_d_idx on s_3  (cost=0.29..358.29 rows=10000 width=20) (actual time=0.022..0.034 rows=106 loops=1)
                     Heap Fetches: 0
 Planning time: 0.263 ms
 Execution time: 0.139 ms
(11 rows)

===== 70 [Wed Mar  7 02:00:39 CET 2018] scale:10000 groups:10 work_mem:64MB incremental:off max_workers:2 =====
SELECT * FROM s_1 ORDER BY a, b LIMIT 100
                                                        QUERY PLAN                                                        
--------------------------------------------------------------------------------------------------------------------------
 Limit  (cost=547.44..547.44 rows=1 width=20) (actual time=1.317..1.317 rows=0 loops=1)
   ->  Limit  (cost=546.19..546.44 rows=100 width=20) (actual time=1.304..1.314 rows=100 loops=1)
         ->  Sort  (cost=546.19..571.19 rows=10000 width=20) (actual time=1.304..1.308 rows=100 loops=1)
               Sort Key: s_1.a, s_1.b
               Sort Method: top-N heapsort  Memory: 38kB
               ->  Seq Scan on s_1  (cost=0.00..164.00 rows=10000 width=20) (actual time=0.004..0.514 rows=10000 loops=1)
 Planning time: 0.261 ms
 Execution time: 1.340 ms
(8 rows)

===== 71 [Wed Mar  7 02:00:39 CET 2018] scale:10000 groups:10 work_mem:64MB incremental:off max_workers:2 =====
SELECT * FROM s_2 ORDER BY a, b, c LIMIT 100
                                                        QUERY PLAN                                                        
--------------------------------------------------------------------------------------------------------------------------
 Limit  (cost=547.44..547.44 rows=1 width=20) (actual time=1.303..1.303 rows=0 loops=1)
   ->  Limit  (cost=546.19..546.44 rows=100 width=20) (actual time=1.290..1.299 rows=100 loops=1)
         ->  Sort  (cost=546.19..571.19 rows=10000 width=20) (actual time=1.289..1.293 rows=100 loops=1)
               Sort Key: s_2.a, s_2.b, s_2.c
               Sort Method: top-N heapsort  Memory: 34kB
               ->  Seq Scan on s_2  (cost=0.00..164.00 rows=10000 width=20) (actual time=0.007..0.514 rows=10000 loops=1)
 Planning time: 0.267 ms
 Execution time: 1.325 ms
(8 rows)

===== 72 [Wed Mar  7 02:00:39 CET 2018] scale:10000 groups:10 work_mem:64MB incremental:off max_workers:2 =====
SELECT * FROM s_3 ORDER BY a, b, c, d LIMIT 100
                                                        QUERY PLAN                                                        
--------------------------------------------------------------------------------------------------------------------------
 Limit  (cost=547.44..547.44 rows=1 width=20) (actual time=1.310..1.310 rows=0 loops=1)
   ->  Limit  (cost=546.19..546.44 rows=100 width=20) (actual time=1.297..1.306 rows=100 loops=1)
         ->  Sort  (cost=546.19..571.19 rows=10000 width=20) (actual time=1.297..1.300 rows=100 loops=1)
               Sort Key: s_3.a, s_3.b, s_3.c, s_3.d
               Sort Method: top-N heapsort  Memory: 32kB
               ->  Seq Scan on s_3  (cost=0.00..164.00 rows=10000 width=20) (actual time=0.007..0.513 rows=10000 loops=1)
 Planning time: 0.264 ms
 Execution time: 1.336 ms
(8 rows)

===== 73 [Wed Mar  7 02:00:39 CET 2018] scale:10000 groups:10 work_mem:128MB incremental:on max_workers:2 =====
SELECT * FROM s_1 ORDER BY a, b LIMIT 100
                                                                      QUERY PLAN                                                                       
-------------------------------------------------------------------------------------------------------------------------------------------------------
 Limit  (cost=70.33..70.33 rows=1 width=20) (actual time=0.250..0.250 rows=0 loops=1)
   ->  Limit  (cost=67.58..69.33 rows=100 width=20) (actual time=0.237..0.247 rows=100 loops=1)
         ->  Incremental Sort  (cost=67.58..242.80 rows=10000 width=20) (actual time=0.237..0.241 rows=100 loops=1)
               Sort Key: s_1.a, s_1.b
               Presorted Key: s_1.a
               Sort Method: quicksort  Memory: 66kB
               Sort Groups: 1
               ->  Index Only Scan using s_1_a_e_d_c_b_idx on s_1  (cost=0.29..358.29 rows=10000 width=20) (actual time=0.024..0.090 rows=526 loops=1)
                     Heap Fetches: 0
 Planning time: 0.259 ms
 Execution time: 0.275 ms
(11 rows)

===== 74 [Wed Mar  7 02:00:40 CET 2018] scale:10000 groups:10 work_mem:128MB incremental:on max_workers:2 =====
SELECT * FROM s_2 ORDER BY a, b, c LIMIT 100
                                                                      QUERY PLAN                                                                       
-------------------------------------------------------------------------------------------------------------------------------------------------------
 Limit  (cost=8.66..8.66 rows=1 width=20) (actual time=0.116..0.116 rows=0 loops=1)
   ->  Limit  (cost=5.88..7.66 rows=100 width=20) (actual time=0.084..0.112 rows=100 loops=1)
         ->  Incremental Sort  (cost=5.88..184.47 rows=10000 width=20) (actual time=0.084..0.106 rows=100 loops=1)
               Sort Key: s_2.a, s_2.b, s_2.c
               Presorted Key: s_2.a, s_2.b
               Sort Method: quicksort  Memory: 30kB
               Sort Groups: 2
               ->  Index Only Scan using s_2_a_b_e_d_c_idx on s_2  (cost=0.29..358.29 rows=10000 width=20) (actual time=0.021..0.035 rows=130 loops=1)
                     Heap Fetches: 0
 Planning time: 0.259 ms
 Execution time: 0.141 ms
(11 rows)

===== 75 [Wed Mar  7 02:00:40 CET 2018] scale:10000 groups:10 work_mem:128MB incremental:on max_workers:2 =====
SELECT * FROM s_3 ORDER BY a, b, c, d LIMIT 100
                                                                      QUERY PLAN                                                                       
-------------------------------------------------------------------------------------------------------------------------------------------------------
 Limit  (cost=3.81..3.81 rows=1 width=20) (actual time=0.111..0.111 rows=0 loops=1)
   ->  Limit  (cost=0.81..2.81 rows=100 width=20) (actual time=0.074..0.107 rows=100 loops=1)
         ->  Incremental Sort  (cost=0.81..200.53 rows=10000 width=20) (actual time=0.074..0.101 rows=100 loops=1)
               Sort Key: s_3.a, s_3.b, s_3.c, s_3.d
               Presorted Key: s_3.a, s_3.b, s_3.c
               Sort Method: quicksort  Memory: 28kB
               Sort Groups: 3
               ->  Index Only Scan using s_3_a_b_c_e_d_idx on s_3  (cost=0.29..358.29 rows=10000 width=20) (actual time=0.022..0.033 rows=106 loops=1)
                     Heap Fetches: 0
 Planning time: 0.268 ms
 Execution time: 0.136 ms
(11 rows)

===== 76 [Wed Mar  7 02:00:40 CET 2018] scale:10000 groups:10 work_mem:128MB incremental:off max_workers:2 =====
SELECT * FROM s_1 ORDER BY a, b LIMIT 100
                                                        QUERY PLAN                                                        
--------------------------------------------------------------------------------------------------------------------------
 Limit  (cost=547.44..547.44 rows=1 width=20) (actual time=1.316..1.316 rows=0 loops=1)
   ->  Limit  (cost=546.19..546.44 rows=100 width=20) (actual time=1.304..1.313 rows=100 loops=1)
         ->  Sort  (cost=546.19..571.19 rows=10000 width=20) (actual time=1.303..1.307 rows=100 loops=1)
               Sort Key: s_1.a, s_1.b
               Sort Method: top-N heapsort  Memory: 38kB
               ->  Seq Scan on s_1  (cost=0.00..164.00 rows=10000 width=20) (actual time=0.004..0.514 rows=10000 loops=1)
 Planning time: 0.257 ms
 Execution time: 1.340 ms
(8 rows)

===== 77 [Wed Mar  7 02:00:40 CET 2018] scale:10000 groups:10 work_mem:128MB incremental:off max_workers:2 =====
SELECT * FROM s_2 ORDER BY a, b, c LIMIT 100
                                                        QUERY PLAN                                                        
--------------------------------------------------------------------------------------------------------------------------
 Limit  (cost=547.44..547.44 rows=1 width=20) (actual time=1.308..1.308 rows=0 loops=1)
   ->  Limit  (cost=546.19..546.44 rows=100 width=20) (actual time=1.295..1.304 rows=100 loops=1)
         ->  Sort  (cost=546.19..571.19 rows=10000 width=20) (actual time=1.294..1.298 rows=100 loops=1)
               Sort Key: s_2.a, s_2.b, s_2.c
               Sort Method: top-N heapsort  Memory: 34kB
               ->  Seq Scan on s_2  (cost=0.00..164.00 rows=10000 width=20) (actual time=0.007..0.514 rows=10000 loops=1)
 Planning time: 0.263 ms
 Execution time: 1.331 ms
(8 rows)

===== 78 [Wed Mar  7 02:00:40 CET 2018] scale:10000 groups:10 work_mem:128MB incremental:off max_workers:2 =====
SELECT * FROM s_3 ORDER BY a, b, c, d LIMIT 100
                                                        QUERY PLAN                                                        
--------------------------------------------------------------------------------------------------------------------------
 Limit  (cost=547.44..547.44 rows=1 width=20) (actual time=1.310..1.310 rows=0 loops=1)
   ->  Limit  (cost=546.19..546.44 rows=100 width=20) (actual time=1.297..1.307 rows=100 loops=1)
         ->  Sort  (cost=546.19..571.19 rows=10000 width=20) (actual time=1.297..1.301 rows=100 loops=1)
               Sort Key: s_3.a, s_3.b, s_3.c, s_3.d
               Sort Method: top-N heapsort  Memory: 32kB
               ->  Seq Scan on s_3  (cost=0.00..164.00 rows=10000 width=20) (actual time=0.007..0.513 rows=10000 loops=1)
 Planning time: 0.259 ms
 Execution time: 1.333 ms
(8 rows)

===== 79 [Wed Mar  7 02:00:40 CET 2018] scale:10000 groups:10 work_mem:256MB incremental:on max_workers:2 =====
SELECT * FROM s_1 ORDER BY a, b LIMIT 100
                                                                      QUERY PLAN                                                                       
-------------------------------------------------------------------------------------------------------------------------------------------------------
 Limit  (cost=70.33..70.33 rows=1 width=20) (actual time=0.250..0.250 rows=0 loops=1)
   ->  Limit  (cost=67.58..69.33 rows=100 width=20) (actual time=0.237..0.247 rows=100 loops=1)
         ->  Incremental Sort  (cost=67.58..242.80 rows=10000 width=20) (actual time=0.237..0.241 rows=100 loops=1)
               Sort Key: s_1.a, s_1.b
               Presorted Key: s_1.a
               Sort Method: quicksort  Memory: 66kB
               Sort Groups: 1
               ->  Index Only Scan using s_1_a_e_d_c_b_idx on s_1  (cost=0.29..358.29 rows=10000 width=20) (actual time=0.024..0.090 rows=526 loops=1)
                     Heap Fetches: 0
 Planning time: 0.261 ms
 Execution time: 0.276 ms
(11 rows)

===== 80 [Wed Mar  7 02:00:40 CET 2018] scale:10000 groups:10 work_mem:256MB incremental:on max_workers:2 =====
SELECT * FROM s_2 ORDER BY a, b, c LIMIT 100
                                                                      QUERY PLAN                                                                       
-------------------------------------------------------------------------------------------------------------------------------------------------------
 Limit  (cost=8.66..8.66 rows=1 width=20) (actual time=0.123..0.123 rows=0 loops=1)
   ->  Limit  (cost=5.88..7.66 rows=100 width=20) (actual time=0.091..0.119 rows=100 loops=1)
         ->  Incremental Sort  (cost=5.88..184.47 rows=10000 width=20) (actual time=0.090..0.113 rows=100 loops=1)
               Sort Key: s_2.a, s_2.b, s_2.c
               Presorted Key: s_2.a, s_2.b
               Sort Method: quicksort  Memory: 30kB
               Sort Groups: 2
               ->  Index Only Scan using s_2_a_b_e_d_c_idx on s_2  (cost=0.29..358.29 rows=10000 width=20) (actual time=0.021..0.035 rows=130 loops=1)
                     Heap Fetches: 0
 Planning time: 0.264 ms
 Execution time: 0.148 ms
(11 rows)

===== 81 [Wed Mar  7 02:00:40 CET 2018] scale:10000 groups:10 work_mem:256MB incremental:on max_workers:2 =====
SELECT * FROM s_3 ORDER BY a, b, c, d LIMIT 100
                                                                      QUERY PLAN                                                                       
-------------------------------------------------------------------------------------------------------------------------------------------------------
 Limit  (cost=3.81..3.81 rows=1 width=20) (actual time=0.115..0.115 rows=0 loops=1)
   ->  Limit  (cost=0.81..2.81 rows=100 width=20) (actual time=0.078..0.111 rows=100 loops=1)
         ->  Incremental Sort  (cost=0.81..200.53 rows=10000 width=20) (actual time=0.078..0.105 rows=100 loops=1)
               Sort Key: s_3.a, s_3.b, s_3.c, s_3.d
               Presorted Key: s_3.a, s_3.b, s_3.c
               Sort Method: quicksort  Memory: 28kB
               Sort Groups: 3
               ->  Index Only Scan using s_3_a_b_c_e_d_idx on s_3  (cost=0.29..358.29 rows=10000 width=20) (actual time=0.023..0.034 rows=106 loops=1)
                     Heap Fetches: 0
 Planning time: 0.270 ms
 Execution time: 0.140 ms
(11 rows)

===== 82 [Wed Mar  7 02:00:40 CET 2018] scale:10000 groups:10 work_mem:256MB incremental:off max_workers:2 =====
SELECT * FROM s_1 ORDER BY a, b LIMIT 100
                                                        QUERY PLAN                                                        
--------------------------------------------------------------------------------------------------------------------------
 Limit  (cost=547.44..547.44 rows=1 width=20) (actual time=1.319..1.319 rows=0 loops=1)
   ->  Limit  (cost=546.19..546.44 rows=100 width=20) (actual time=1.306..1.316 rows=100 loops=1)
         ->  Sort  (cost=546.19..571.19 rows=10000 width=20) (actual time=1.306..1.310 rows=100 loops=1)
               Sort Key: s_1.a, s_1.b
               Sort Method: top-N heapsort  Memory: 38kB
               ->  Seq Scan on s_1  (cost=0.00..164.00 rows=10000 width=20) (actual time=0.004..0.521 rows=10000 loops=1)
 Planning time: 0.257 ms
 Execution time: 1.342 ms
(8 rows)

===== 83 [Wed Mar  7 02:00:40 CET 2018] scale:10000 groups:10 work_mem:256MB incremental:off max_workers:2 =====
SELECT * FROM s_2 ORDER BY a, b, c LIMIT 100
                                                        QUERY PLAN                                                        
--------------------------------------------------------------------------------------------------------------------------
 Limit  (cost=547.44..547.44 rows=1 width=20) (actual time=1.313..1.313 rows=0 loops=1)
   ->  Limit  (cost=546.19..546.44 rows=100 width=20) (actual time=1.299..1.309 rows=100 loops=1)
         ->  Sort  (cost=546.19..571.19 rows=10000 width=20) (actual time=1.299..1.303 rows=100 loops=1)
               Sort Key: s_2.a, s_2.b, s_2.c
               Sort Method: top-N heapsort  Memory: 34kB
               ->  Seq Scan on s_2  (cost=0.00..164.00 rows=10000 width=20) (actual time=0.007..0.522 rows=10000 loops=1)
 Planning time: 0.265 ms
 Execution time: 1.335 ms
(8 rows)

===== 84 [Wed Mar  7 02:00:40 CET 2018] scale:10000 groups:10 work_mem:256MB incremental:off max_workers:2 =====
SELECT * FROM s_3 ORDER BY a, b, c, d LIMIT 100
                                                        QUERY PLAN                                                        
--------------------------------------------------------------------------------------------------------------------------
 Limit  (cost=547.44..547.44 rows=1 width=20) (actual time=1.321..1.321 rows=0 loops=1)
   ->  Limit  (cost=546.19..546.44 rows=100 width=20) (actual time=1.309..1.318 rows=100 loops=1)
         ->  Sort  (cost=546.19..571.19 rows=10000 width=20) (actual time=1.308..1.312 rows=100 loops=1)
               Sort Key: s_3.a, s_3.b, s_3.c, s_3.d
               Sort Method: top-N heapsort  Memory: 32kB
               ->  Seq Scan on s_3  (cost=0.00..164.00 rows=10000 width=20) (actual time=0.007..0.516 rows=10000 loops=1)
 Planning time: 0.262 ms
 Execution time: 1.344 ms
(8 rows)

===== 85 [Wed Mar  7 02:00:41 CET 2018] scale:10000 groups:100 work_mem:4MB incremental:on max_workers:0 =====
SELECT * FROM s_1 ORDER BY a, b LIMIT 100
                                                                      QUERY PLAN                                                                       
-------------------------------------------------------------------------------------------------------------------------------------------------------
 Limit  (cost=9.88..9.88 rows=1 width=20) (actual time=0.151..0.151 rows=0 loops=1)
   ->  Limit  (cost=7.11..8.88 rows=100 width=20) (actual time=0.104..0.147 rows=100 loops=1)
         ->  Incremental Sort  (cost=7.11..184.20 rows=10000 width=20) (actual time=0.103..0.141 rows=100 loops=1)
               Sort Key: s_1.a, s_1.b
               Presorted Key: s_1.a
               Sort Method: quicksort  Memory: 32kB
               Sort Groups: 2
               ->  Index Only Scan using s_1_a_e_d_c_b_idx on s_1  (cost=0.29..358.29 rows=10000 width=20) (actual time=0.034..0.050 rows=149 loops=1)
                     Heap Fetches: 0
 Planning time: 0.268 ms
 Execution time: 0.176 ms
(11 rows)

===== 86 [Wed Mar  7 02:00:41 CET 2018] scale:10000 groups:100 work_mem:4MB incremental:on max_workers:0 =====
SELECT * FROM s_2 ORDER BY a, b, c LIMIT 100
                                                                      QUERY PLAN                                                                       
-------------------------------------------------------------------------------------------------------------------------------------------------------
 Limit  (cost=3.81..3.81 rows=1 width=20) (actual time=0.128..0.128 rows=0 loops=1)
   ->  Limit  (cost=0.81..2.81 rows=100 width=20) (actual time=0.085..0.125 rows=100 loops=1)
         ->  Incremental Sort  (cost=0.81..200.53 rows=10000 width=20) (actual time=0.084..0.119 rows=100 loops=1)
               Sort Key: s_2.a, s_2.b, s_2.c
               Presorted Key: s_2.a, s_2.b
               Sort Method: quicksort  Memory: 27kB
               Sort Groups: 4
               ->  Index Only Scan using s_2_a_b_e_d_c_idx on s_2  (cost=0.29..358.29 rows=10000 width=20) (actual time=0.035..0.049 rows=132 loops=1)
                     Heap Fetches: 0
 Planning time: 0.272 ms
 Execution time: 0.155 ms
(11 rows)

===== 87 [Wed Mar  7 02:00:41 CET 2018] scale:10000 groups:100 work_mem:4MB incremental:on max_workers:0 =====
SELECT * FROM s_3 ORDER BY a, b, c, d LIMIT 100
                                                                      QUERY PLAN                                                                       
-------------------------------------------------------------------------------------------------------------------------------------------------------
 Limit  (cost=3.81..3.81 rows=1 width=20) (actual time=0.115..0.115 rows=0 loops=1)
   ->  Limit  (cost=0.81..2.81 rows=100 width=20) (actual time=0.079..0.111 rows=100 loops=1)
         ->  Incremental Sort  (cost=0.81..200.53 rows=10000 width=20) (actual time=0.079..0.105 rows=100 loops=1)
               Sort Key: s_3.a, s_3.b, s_3.c, s_3.d
               Presorted Key: s_3.a, s_3.b, s_3.c
               Sort Method: quicksort  Memory: 27kB
               Sort Groups: 4
               ->  Index Only Scan using s_3_a_b_c_e_d_idx on s_3  (cost=0.29..358.29 rows=10000 width=20) (actual time=0.033..0.046 rows=129 loops=1)
                     Heap Fetches: 0
 Planning time: 0.275 ms
 Execution time: 0.140 ms
(11 rows)

===== 88 [Wed Mar  7 02:00:41 CET 2018] scale:10000 groups:100 work_mem:4MB incremental:off max_workers:0 =====
SELECT * FROM s_1 ORDER BY a, b LIMIT 100
                                                        QUERY PLAN                                                        
--------------------------------------------------------------------------------------------------------------------------
 Limit  (cost=547.44..547.44 rows=1 width=20) (actual time=1.314..1.314 rows=0 loops=1)
   ->  Limit  (cost=546.19..546.44 rows=100 width=20) (actual time=1.301..1.311 rows=100 loops=1)
         ->  Sort  (cost=546.19..571.19 rows=10000 width=20) (actual time=1.301..1.305 rows=100 loops=1)
               Sort Key: s_1.a, s_1.b
               Sort Method: top-N heapsort  Memory: 35kB
               ->  Seq Scan on s_1  (cost=0.00..164.00 rows=10000 width=20) (actual time=0.004..0.540 rows=10000 loops=1)
 Planning time: 0.264 ms
 Execution time: 1.337 ms
(8 rows)

===== 89 [Wed Mar  7 02:00:41 CET 2018] scale:10000 groups:100 work_mem:4MB incremental:off max_workers:0 =====
SELECT * FROM s_2 ORDER BY a, b, c LIMIT 100
                                                        QUERY PLAN                                                        
--------------------------------------------------------------------------------------------------------------------------
 Limit  (cost=547.44..547.44 rows=1 width=20) (actual time=1.304..1.304 rows=0 loops=1)
   ->  Limit  (cost=546.19..546.44 rows=100 width=20) (actual time=1.291..1.300 rows=100 loops=1)
         ->  Sort  (cost=546.19..571.19 rows=10000 width=20) (actual time=1.291..1.294 rows=100 loops=1)
               Sort Key: s_2.a, s_2.b, s_2.c
               Sort Method: top-N heapsort  Memory: 32kB
               ->  Seq Scan on s_2  (cost=0.00..164.00 rows=10000 width=20) (actual time=0.007..0.532 rows=10000 loops=1)
 Planning time: 0.277 ms
 Execution time: 1.326 ms
(8 rows)

===== 90 [Wed Mar  7 02:00:41 CET 2018] scale:10000 groups:100 work_mem:4MB incremental:off max_workers:0 =====
SELECT * FROM s_3 ORDER BY a, b, c, d LIMIT 100
                                                        QUERY PLAN                                                        
--------------------------------------------------------------------------------------------------------------------------
 Limit  (cost=547.44..547.44 rows=1 width=20) (actual time=1.309..1.309 rows=0 loops=1)
   ->  Limit  (cost=546.19..546.44 rows=100 width=20) (actual time=1.295..1.305 rows=100 loops=1)
         ->  Sort  (cost=546.19..571.19 rows=10000 width=20) (actual time=1.295..1.299 rows=100 loops=1)
               Sort Key: s_3.a, s_3.b, s_3.c, s_3.d
               Sort Method: top-N heapsort  Memory: 32kB
               ->  Seq Scan on s_3  (cost=0.00..164.00 rows=10000 width=20) (actual time=0.007..0.528 rows=10000 loops=1)
 Planning time: 0.267 ms
 Execution time: 1.331 ms
(8 rows)

===== 91 [Wed Mar  7 02:00:42 CET 2018] scale:10000 groups:100 work_mem:8MB incremental:on max_workers:0 =====
SELECT * FROM s_1 ORDER BY a, b LIMIT 100
                                                                      QUERY PLAN                                                                       
-------------------------------------------------------------------------------------------------------------------------------------------------------
 Limit  (cost=9.88..9.88 rows=1 width=20) (actual time=0.134..0.134 rows=0 loops=1)
   ->  Limit  (cost=7.11..8.88 rows=100 width=20) (actual time=0.087..0.130 rows=100 loops=1)
         ->  Incremental Sort  (cost=7.11..184.20 rows=10000 width=20) (actual time=0.087..0.124 rows=100 loops=1)
               Sort Key: s_1.a, s_1.b
               Presorted Key: s_1.a
               Sort Method: quicksort  Memory: 32kB
               Sort Groups: 2
               ->  Index Only Scan using s_1_a_e_d_c_b_idx on s_1  (cost=0.29..358.29 rows=10000 width=20) (actual time=0.021..0.037 rows=149 loops=1)
                     Heap Fetches: 0
 Planning time: 0.268 ms
 Execution time: 0.159 ms
(11 rows)

===== 92 [Wed Mar  7 02:00:42 CET 2018] scale:10000 groups:100 work_mem:8MB incremental:on max_workers:0 =====
SELECT * FROM s_2 ORDER BY a, b, c LIMIT 100
                                                                      QUERY PLAN                                                                       
-------------------------------------------------------------------------------------------------------------------------------------------------------
 Limit  (cost=3.81..3.81 rows=1 width=20) (actual time=0.115..0.115 rows=0 loops=1)
   ->  Limit  (cost=0.81..2.81 rows=100 width=20) (actual time=0.071..0.111 rows=100 loops=1)
         ->  Incremental Sort  (cost=0.81..200.53 rows=10000 width=20) (actual time=0.071..0.105 rows=100 loops=1)
               Sort Key: s_2.a, s_2.b, s_2.c
               Presorted Key: s_2.a, s_2.b
               Sort Method: quicksort  Memory: 27kB
               Sort Groups: 4
               ->  Index Only Scan using s_2_a_b_e_d_c_idx on s_2  (cost=0.29..358.29 rows=10000 width=20) (actual time=0.022..0.036 rows=132 loops=1)
                     Heap Fetches: 0
 Planning time: 0.278 ms
 Execution time: 0.139 ms
(11 rows)

===== 93 [Wed Mar  7 02:00:42 CET 2018] scale:10000 groups:100 work_mem:8MB incremental:on max_workers:0 =====
SELECT * FROM s_3 ORDER BY a, b, c, d LIMIT 100
                                                                      QUERY PLAN                                                                       
-------------------------------------------------------------------------------------------------------------------------------------------------------
 Limit  (cost=3.81..3.81 rows=1 width=20) (actual time=0.102..0.102 rows=0 loops=1)
   ->  Limit  (cost=0.81..2.81 rows=100 width=20) (actual time=0.066..0.098 rows=100 loops=1)
         ->  Incremental Sort  (cost=0.81..200.53 rows=10000 width=20) (actual time=0.065..0.092 rows=100 loops=1)
               Sort Key: s_3.a, s_3.b, s_3.c, s_3.d
               Presorted Key: s_3.a, s_3.b, s_3.c
               Sort Method: quicksort  Memory: 27kB
               Sort Groups: 4
               ->  Index Only Scan using s_3_a_b_c_e_d_idx on s_3  (cost=0.29..358.29 rows=10000 width=20) (actual time=0.020..0.033 rows=129 loops=1)
                     Heap Fetches: 0
 Planning time: 0.275 ms
 Execution time: 0.126 ms
(11 rows)

===== 94 [Wed Mar  7 02:00:42 CET 2018] scale:10000 groups:100 work_mem:8MB incremental:off max_workers:0 =====
SELECT * FROM s_1 ORDER BY a, b LIMIT 100
                                                        QUERY PLAN                                                        
--------------------------------------------------------------------------------------------------------------------------
 Limit  (cost=547.44..547.44 rows=1 width=20) (actual time=1.313..1.313 rows=0 loops=1)
   ->  Limit  (cost=546.19..546.44 rows=100 width=20) (actual time=1.300..1.309 rows=100 loops=1)
         ->  Sort  (cost=546.19..571.19 rows=10000 width=20) (actual time=1.300..1.303 rows=100 loops=1)
               Sort Key: s_1.a, s_1.b
               Sort Method: top-N heapsort  Memory: 35kB
               ->  Seq Scan on s_1  (cost=0.00..164.00 rows=10000 width=20) (actual time=0.004..0.533 rows=10000 loops=1)
 Planning time: 0.270 ms
 Execution time: 1.336 ms
(8 rows)

===== 95 [Wed Mar  7 02:00:42 CET 2018] scale:10000 groups:100 work_mem:8MB incremental:off max_workers:0 =====
SELECT * FROM s_2 ORDER BY a, b, c LIMIT 100
                                                        QUERY PLAN                                                        
--------------------------------------------------------------------------------------------------------------------------
 Limit  (cost=547.44..547.44 rows=1 width=20) (actual time=1.309..1.309 rows=0 loops=1)
   ->  Limit  (cost=546.19..546.44 rows=100 width=20) (actual time=1.296..1.305 rows=100 loops=1)
         ->  Sort  (cost=546.19..571.19 rows=10000 width=20) (actual time=1.296..1.299 rows=100 loops=1)
               Sort Key: s_2.a, s_2.b, s_2.c
               Sort Method: top-N heapsort  Memory: 32kB
               ->  Seq Scan on s_2  (cost=0.00..164.00 rows=10000 width=20) (actual time=0.007..0.535 rows=10000 loops=1)
 Planning time: 0.265 ms
 Execution time: 1.332 ms
(8 rows)

===== 96 [Wed Mar  7 02:00:42 CET 2018] scale:10000 groups:100 work_mem:8MB incremental:off max_workers:0 =====
SELECT * FROM s_3 ORDER BY a, b, c, d LIMIT 100
                                                        QUERY PLAN                                                        
--------------------------------------------------------------------------------------------------------------------------
 Limit  (cost=547.44..547.44 rows=1 width=20) (actual time=1.308..1.308 rows=0 loops=1)
   ->  Limit  (cost=546.19..546.44 rows=100 width=20) (actual time=1.295..1.304 rows=100 loops=1)
         ->  Sort  (cost=546.19..571.19 rows=10000 width=20) (actual time=1.295..1.299 rows=100 loops=1)
               Sort Key: s_3.a, s_3.b, s_3.c, s_3.d
               Sort Method: top-N heapsort  Memory: 32kB
               ->  Seq Scan on s_3  (cost=0.00..164.00 rows=10000 width=20) (actual time=0.007..0.526 rows=10000 loops=1)
 Planning time: 0.269 ms
 Execution time: 1.331 ms
(8 rows)

===== 97 [Wed Mar  7 02:00:42 CET 2018] scale:10000 groups:100 work_mem:16MB incremental:on max_workers:0 =====
SELECT * FROM s_1 ORDER BY a, b LIMIT 100
                                                                      QUERY PLAN                                                                       
-------------------------------------------------------------------------------------------------------------------------------------------------------
 Limit  (cost=9.88..9.88 rows=1 width=20) (actual time=0.133..0.133 rows=0 loops=1)
   ->  Limit  (cost=7.11..8.88 rows=100 width=20) (actual time=0.084..0.129 rows=100 loops=1)
         ->  Incremental Sort  (cost=7.11..184.20 rows=10000 width=20) (actual time=0.084..0.123 rows=100 loops=1)
               Sort Key: s_1.a, s_1.b
               Presorted Key: s_1.a
               Sort Method: quicksort  Memory: 32kB
               Sort Groups: 2
               ->  Index Only Scan using s_1_a_e_d_c_b_idx on s_1  (cost=0.29..358.29 rows=10000 width=20) (actual time=0.022..0.038 rows=149 loops=1)
                     Heap Fetches: 0
 Planning time: 0.266 ms
 Execution time: 0.158 ms
(11 rows)

===== 98 [Wed Mar  7 02:00:42 CET 2018] scale:10000 groups:100 work_mem:16MB incremental:on max_workers:0 =====
SELECT * FROM s_2 ORDER BY a, b, c LIMIT 100
                                                                      QUERY PLAN                                                                       
-------------------------------------------------------------------------------------------------------------------------------------------------------
 Limit  (cost=3.81..3.81 rows=1 width=20) (actual time=0.116..0.116 rows=0 loops=1)
   ->  Limit  (cost=0.81..2.81 rows=100 width=20) (actual time=0.073..0.113 rows=100 loops=1)
         ->  Incremental Sort  (cost=0.81..200.53 rows=10000 width=20) (actual time=0.072..0.107 rows=100 loops=1)
               Sort Key: s_2.a, s_2.b, s_2.c
               Presorted Key: s_2.a, s_2.b
               Sort Method: quicksort  Memory: 27kB
               Sort Groups: 4
               ->  Index Only Scan using s_2_a_b_e_d_c_idx on s_2  (cost=0.29..358.29 rows=10000 width=20) (actual time=0.022..0.036 rows=132 loops=1)
                     Heap Fetches: 0
 Planning time: 0.284 ms
 Execution time: 0.141 ms
(11 rows)

===== 99 [Wed Mar  7 02:00:42 CET 2018] scale:10000 groups:100 work_mem:16MB incremental:on max_workers:0 =====
SELECT * FROM s_3 ORDER BY a, b, c, d LIMIT 100
                                                                      QUERY PLAN                                                                       
-------------------------------------------------------------------------------------------------------------------------------------------------------
 Limit  (cost=3.81..3.81 rows=1 width=20) (actual time=0.104..0.104 rows=0 loops=1)
   ->  Limit  (cost=0.81..2.81 rows=100 width=20) (actual time=0.068..0.101 rows=100 loops=1)
         ->  Incremental Sort  (cost=0.81..200.53 rows=10000 width=20) (actual time=0.068..0.095 rows=100 loops=1)
               Sort Key: s_3.a, s_3.b, s_3.c, s_3.d
               Presorted Key: s_3.a, s_3.b, s_3.c
               Sort Method: quicksort  Memory: 27kB
               Sort Groups: 4
               ->  Index Only Scan using s_3_a_b_c_e_d_idx on s_3  (cost=0.29..358.29 rows=10000 width=20) (actual time=0.021..0.034 rows=129 loops=1)
                     Heap Fetches: 0
 Planning time: 0.283 ms
 Execution time: 0.129 ms
(11 rows)

===== 100 [Wed Mar  7 02:00:42 CET 2018] scale:10000 groups:100 work_mem:16MB incremental:off max_workers:0 =====
SELECT * FROM s_1 ORDER BY a, b LIMIT 100
                                                        QUERY PLAN                                                        
--------------------------------------------------------------------------------------------------------------------------
 Limit  (cost=547.44..547.44 rows=1 width=20) (actual time=1.310..1.310 rows=0 loops=1)
   ->  Limit  (cost=546.19..546.44 rows=100 width=20) (actual time=1.297..1.306 rows=100 loops=1)
         ->  Sort  (cost=546.19..571.19 rows=10000 width=20) (actual time=1.297..1.301 rows=100 loops=1)
               Sort Key: s_1.a, s_1.b
               Sort Method: top-N heapsort  Memory: 35kB
               ->  Seq Scan on s_1  (cost=0.00..164.00 rows=10000 width=20) (actual time=0.004..0.536 rows=10000 loops=1)
 Planning time: 0.264 ms
 Execution time: 1.333 ms
(8 rows)

===== 101 [Wed Mar  7 02:00:42 CET 2018] scale:10000 groups:100 work_mem:16MB incremental:off max_workers:0 =====
SELECT * FROM s_2 ORDER BY a, b, c LIMIT 100
                                                        QUERY PLAN                                                        
--------------------------------------------------------------------------------------------------------------------------
 Limit  (cost=547.44..547.44 rows=1 width=20) (actual time=1.313..1.313 rows=0 loops=1)
   ->  Limit  (cost=546.19..546.44 rows=100 width=20) (actual time=1.300..1.309 rows=100 loops=1)
         ->  Sort  (cost=546.19..571.19 rows=10000 width=20) (actual time=1.300..1.304 rows=100 loops=1)
               Sort Key: s_2.a, s_2.b, s_2.c
               Sort Method: top-N heapsort  Memory: 32kB
               ->  Seq Scan on s_2  (cost=0.00..164.00 rows=10000 width=20) (actual time=0.007..0.531 rows=10000 loops=1)
 Planning time: 0.271 ms
 Execution time: 1.336 ms
(8 rows)

===== 102 [Wed Mar  7 02:00:42 CET 2018] scale:10000 groups:100 work_mem:16MB incremental:off max_workers:0 =====
SELECT * FROM s_3 ORDER BY a, b, c, d LIMIT 100
                                                        QUERY PLAN                                                        
--------------------------------------------------------------------------------------------------------------------------
 Limit  (cost=547.44..547.44 rows=1 width=20) (actual time=1.311..1.311 rows=0 loops=1)
   ->  Limit  (cost=546.19..546.44 rows=100 width=20) (actual time=1.298..1.308 rows=100 loops=1)
         ->  Sort  (cost=546.19..571.19 rows=10000 width=20) (actual time=1.298..1.302 rows=100 loops=1)
               Sort Key: s_3.a, s_3.b, s_3.c, s_3.d
               Sort Method: top-N heapsort  Memory: 32kB
               ->  Seq Scan on s_3  (cost=0.00..164.00 rows=10000 width=20) (actual time=0.007..0.530 rows=10000 loops=1)
 Planning time: 0.266 ms
 Execution time: 1.335 ms
(8 rows)

===== 103 [Wed Mar  7 02:00:42 CET 2018] scale:10000 groups:100 work_mem:32MB incremental:on max_workers:0 =====
SELECT * FROM s_1 ORDER BY a, b LIMIT 100
                                                                      QUERY PLAN                                                                       
-------------------------------------------------------------------------------------------------------------------------------------------------------
 Limit  (cost=9.88..9.88 rows=1 width=20) (actual time=0.130..0.130 rows=0 loops=1)
   ->  Limit  (cost=7.11..8.88 rows=100 width=20) (actual time=0.077..0.121 rows=100 loops=1)
         ->  Incremental Sort  (cost=7.11..184.20 rows=10000 width=20) (actual time=0.077..0.115 rows=100 loops=1)
               Sort Key: s_1.a, s_1.b
               Presorted Key: s_1.a
               Sort Method: quicksort  Memory: 32kB
               Sort Groups: 2
               ->  Index Only Scan using s_1_a_e_d_c_b_idx on s_1  (cost=0.29..358.29 rows=10000 width=20) (actual time=0.021..0.037 rows=149 loops=1)
                     Heap Fetches: 0
 Planning time: 0.268 ms
 Execution time: 0.155 ms
(11 rows)

===== 104 [Wed Mar  7 02:00:43 CET 2018] scale:10000 groups:100 work_mem:32MB incremental:on max_workers:0 =====
SELECT * FROM s_2 ORDER BY a, b, c LIMIT 100
                                                                      QUERY PLAN                                                                       
-------------------------------------------------------------------------------------------------------------------------------------------------------
 Limit  (cost=3.81..3.81 rows=1 width=20) (actual time=0.116..0.116 rows=0 loops=1)
   ->  Limit  (cost=0.81..2.81 rows=100 width=20) (actual time=0.072..0.112 rows=100 loops=1)
         ->  Incremental Sort  (cost=0.81..200.53 rows=10000 width=20) (actual time=0.072..0.106 rows=100 loops=1)
               Sort Key: s_2.a, s_2.b, s_2.c
               Presorted Key: s_2.a, s_2.b
               Sort Method: quicksort  Memory: 27kB
               Sort Groups: 4
               ->  Index Only Scan using s_2_a_b_e_d_c_idx on s_2  (cost=0.29..358.29 rows=10000 width=20) (actual time=0.022..0.036 rows=132 loops=1)
                     Heap Fetches: 0
 Planning time: 0.279 ms
 Execution time: 0.140 ms
(11 rows)

===== 105 [Wed Mar  7 02:00:43 CET 2018] scale:10000 groups:100 work_mem:32MB incremental:on max_workers:0 =====
SELECT * FROM s_3 ORDER BY a, b, c, d LIMIT 100
                                                                      QUERY PLAN                                                                       
-------------------------------------------------------------------------------------------------------------------------------------------------------
 Limit  (cost=3.81..3.81 rows=1 width=20) (actual time=0.101..0.101 rows=0 loops=1)
   ->  Limit  (cost=0.81..2.81 rows=100 width=20) (actual time=0.066..0.098 rows=100 loops=1)
         ->  Incremental Sort  (cost=0.81..200.53 rows=10000 width=20) (actual time=0.065..0.092 rows=100 loops=1)
               Sort Key: s_3.a, s_3.b, s_3.c, s_3.d
               Presorted Key: s_3.a, s_3.b, s_3.c
               Sort Method: quicksort  Memory: 27kB
               Sort Groups: 4
               ->  Index Only Scan using s_3_a_b_c_e_d_idx on s_3  (cost=0.29..358.29 rows=10000 width=20) (actual time=0.020..0.033 rows=129 loops=1)
                     Heap Fetches: 0
 Planning time: 0.283 ms
 Execution time: 0.126 ms
(11 rows)

===== 106 [Wed Mar  7 02:00:43 CET 2018] scale:10000 groups:100 work_mem:32MB incremental:off max_workers:0 =====
SELECT * FROM s_1 ORDER BY a, b LIMIT 100
                                                        QUERY PLAN                                                        
--------------------------------------------------------------------------------------------------------------------------
 Limit  (cost=547.44..547.44 rows=1 width=20) (actual time=1.305..1.305 rows=0 loops=1)
   ->  Limit  (cost=546.19..546.44 rows=100 width=20) (actual time=1.292..1.302 rows=100 loops=1)
         ->  Sort  (cost=546.19..571.19 rows=10000 width=20) (actual time=1.292..1.296 rows=100 loops=1)
               Sort Key: s_1.a, s_1.b
               Sort Method: top-N heapsort  Memory: 35kB
               ->  Seq Scan on s_1  (cost=0.00..164.00 rows=10000 width=20) (actual time=0.004..0.532 rows=10000 loops=1)
 Planning time: 0.267 ms
 Execution time: 1.342 ms
(8 rows)

===== 107 [Wed Mar  7 02:00:43 CET 2018] scale:10000 groups:100 work_mem:32MB incremental:off max_workers:0 =====
SELECT * FROM s_2 ORDER BY a, b, c LIMIT 100
                                                        QUERY PLAN                                                        
--------------------------------------------------------------------------------------------------------------------------
 Limit  (cost=547.44..547.44 rows=1 width=20) (actual time=1.300..1.300 rows=0 loops=1)
   ->  Limit  (cost=546.19..546.44 rows=100 width=20) (actual time=1.287..1.296 rows=100 loops=1)
         ->  Sort  (cost=546.19..571.19 rows=10000 width=20) (actual time=1.287..1.290 rows=100 loops=1)
               Sort Key: s_2.a, s_2.b, s_2.c
               Sort Method: top-N heapsort  Memory: 32kB
               ->  Seq Scan on s_2  (cost=0.00..164.00 rows=10000 width=20) (actual time=0.007..0.531 rows=10000 loops=1)
 Planning time: 0.267 ms
 Execution time: 1.322 ms
(8 rows)

===== 108 [Wed Mar  7 02:00:43 CET 2018] scale:10000 groups:100 work_mem:32MB incremental:off max_workers:0 =====
SELECT * FROM s_3 ORDER BY a, b, c, d LIMIT 100
                                                        QUERY PLAN                                                        
--------------------------------------------------------------------------------------------------------------------------
 Limit  (cost=547.44..547.44 rows=1 width=20) (actual time=1.309..1.309 rows=0 loops=1)
   ->  Limit  (cost=546.19..546.44 rows=100 width=20) (actual time=1.296..1.305 rows=100 loops=1)
         ->  Sort  (cost=546.19..571.19 rows=10000 width=20) (actual time=1.295..1.299 rows=100 loops=1)
               Sort Key: s_3.a, s_3.b, s_3.c, s_3.d
               Sort Method: top-N heapsort  Memory: 32kB
               ->  Seq Scan on s_3  (cost=0.00..164.00 rows=10000 width=20) (actual time=0.007..0.531 rows=10000 loops=1)
 Planning time: 0.269 ms
 Execution time: 1.331 ms
(8 rows)

===== 109 [Wed Mar  7 02:00:43 CET 2018] scale:10000 groups:100 work_mem:64MB incremental:on max_workers:0 =====
SELECT * FROM s_1 ORDER BY a, b LIMIT 100
                                                                      QUERY PLAN                                                                       
-------------------------------------------------------------------------------------------------------------------------------------------------------
 Limit  (cost=9.88..9.88 rows=1 width=20) (actual time=0.128..0.128 rows=0 loops=1)
   ->  Limit  (cost=7.11..8.88 rows=100 width=20) (actual time=0.079..0.124 rows=100 loops=1)
         ->  Incremental Sort  (cost=7.11..184.20 rows=10000 width=20) (actual time=0.079..0.118 rows=100 loops=1)
               Sort Key: s_1.a, s_1.b
               Presorted Key: s_1.a
               Sort Method: quicksort  Memory: 32kB
               Sort Groups: 2
               ->  Index Only Scan using s_1_a_e_d_c_b_idx on s_1  (cost=0.29..358.29 rows=10000 width=20) (actual time=0.022..0.038 rows=149 loops=1)
                     Heap Fetches: 0
 Planning time: 0.282 ms
 Execution time: 0.155 ms
(11 rows)

===== 110 [Wed Mar  7 02:00:43 CET 2018] scale:10000 groups:100 work_mem:64MB incremental:on max_workers:0 =====
SELECT * FROM s_2 ORDER BY a, b, c LIMIT 100
                                                                      QUERY PLAN                                                                       
-------------------------------------------------------------------------------------------------------------------------------------------------------
 Limit  (cost=3.81..3.81 rows=1 width=20) (actual time=0.115..0.115 rows=0 loops=1)
   ->  Limit  (cost=0.81..2.81 rows=100 width=20) (actual time=0.071..0.111 rows=100 loops=1)
         ->  Incremental Sort  (cost=0.81..200.53 rows=10000 width=20) (actual time=0.071..0.105 rows=100 loops=1)
               Sort Key: s_2.a, s_2.b, s_2.c
               Presorted Key: s_2.a, s_2.b
               Sort Method: quicksort  Memory: 27kB
               Sort Groups: 4
               ->  Index Only Scan using s_2_a_b_e_d_c_idx on s_2  (cost=0.29..358.29 rows=10000 width=20) (actual time=0.022..0.035 rows=132 loops=1)
                     Heap Fetches: 0
 Planning time: 0.272 ms
 Execution time: 0.139 ms
(11 rows)

===== 111 [Wed Mar  7 02:00:43 CET 2018] scale:10000 groups:100 work_mem:64MB incremental:on max_workers:0 =====
SELECT * FROM s_3 ORDER BY a, b, c, d LIMIT 100
                                                                      QUERY PLAN                                                                       
-------------------------------------------------------------------------------------------------------------------------------------------------------
 Limit  (cost=3.81..3.81 rows=1 width=20) (actual time=0.112..0.112 rows=0 loops=1)
   ->  Limit  (cost=0.81..2.81 rows=100 width=20) (actual time=0.076..0.109 rows=100 loops=1)
         ->  Incremental Sort  (cost=0.81..200.53 rows=10000 width=20) (actual time=0.076..0.103 rows=100 loops=1)
               Sort Key: s_3.a, s_3.b, s_3.c, s_3.d
               Presorted Key: s_3.a, s_3.b, s_3.c
               Sort Method: quicksort  Memory: 27kB
               Sort Groups: 4
               ->  Index Only Scan using s_3_a_b_c_e_d_idx on s_3  (cost=0.29..358.29 rows=10000 width=20) (actual time=0.021..0.035 rows=129 loops=1)
                     Heap Fetches: 0
 Planning time: 0.275 ms
 Execution time: 0.137 ms
(11 rows)

===== 112 [Wed Mar  7 02:00:43 CET 2018] scale:10000 groups:100 work_mem:64MB incremental:off max_workers:0 =====
SELECT * FROM s_1 ORDER BY a, b LIMIT 100
                                                        QUERY PLAN                                                        
--------------------------------------------------------------------------------------------------------------------------
 Limit  (cost=547.44..547.44 rows=1 width=20) (actual time=1.304..1.304 rows=0 loops=1)
   ->  Limit  (cost=546.19..546.44 rows=100 width=20) (actual time=1.291..1.301 rows=100 loops=1)
         ->  Sort  (cost=546.19..571.19 rows=10000 width=20) (actual time=1.291..1.295 rows=100 loops=1)
               Sort Key: s_1.a, s_1.b
               Sort Method: top-N heapsort  Memory: 35kB
               ->  Seq Scan on s_1  (cost=0.00..164.00 rows=10000 width=20) (actual time=0.004..0.533 rows=10000 loops=1)
 Planning time: 0.264 ms
 Execution time: 1.336 ms
(8 rows)

===== 113 [Wed Mar  7 02:00:43 CET 2018] scale:10000 groups:100 work_mem:64MB incremental:off max_workers:0 =====
SELECT * FROM s_2 ORDER BY a, b, c LIMIT 100
                                                        QUERY PLAN                                                        
--------------------------------------------------------------------------------------------------------------------------
 Limit  (cost=547.44..547.44 rows=1 width=20) (actual time=1.306..1.306 rows=0 loops=1)
   ->  Limit  (cost=546.19..546.44 rows=100 width=20) (actual time=1.293..1.302 rows=100 loops=1)
         ->  Sort  (cost=546.19..571.19 rows=10000 width=20) (actual time=1.293..1.296 rows=100 loops=1)
               Sort Key: s_2.a, s_2.b, s_2.c
               Sort Method: top-N heapsort  Memory: 32kB
               ->  Seq Scan on s_2  (cost=0.00..164.00 rows=10000 width=20) (actual time=0.008..0.536 rows=10000 loops=1)
 Planning time: 0.269 ms
 Execution time: 1.328 ms
(8 rows)

===== 114 [Wed Mar  7 02:00:43 CET 2018] scale:10000 groups:100 work_mem:64MB incremental:off max_workers:0 =====
SELECT * FROM s_3 ORDER BY a, b, c, d LIMIT 100
                                                        QUERY PLAN                                                        
--------------------------------------------------------------------------------------------------------------------------
 Limit  (cost=547.44..547.44 rows=1 width=20) (actual time=1.304..1.304 rows=0 loops=1)
   ->  Limit  (cost=546.19..546.44 rows=100 width=20) (actual time=1.291..1.301 rows=100 loops=1)
         ->  Sort  (cost=546.19..571.19 rows=10000 width=20) (actual time=1.291..1.295 rows=100 loops=1)
               Sort Key: s_3.a, s_3.b, s_3.c, s_3.d
               Sort Method: top-N heapsort  Memory: 32kB
               ->  Seq Scan on s_3  (cost=0.00..164.00 rows=10000 width=20) (actual time=0.007..0.525 rows=10000 loops=1)
 Planning time: 0.265 ms
 Execution time: 1.327 ms
(8 rows)

===== 115 [Wed Mar  7 02:00:43 CET 2018] scale:10000 groups:100 work_mem:128MB incremental:on max_workers:0 =====
SELECT * FROM s_1 ORDER BY a, b LIMIT 100
                                                                      QUERY PLAN                                                                       
-------------------------------------------------------------------------------------------------------------------------------------------------------
 Limit  (cost=9.88..9.88 rows=1 width=20) (actual time=0.123..0.123 rows=0 loops=1)
   ->  Limit  (cost=7.11..8.88 rows=100 width=20) (actual time=0.076..0.119 rows=100 loops=1)
         ->  Incremental Sort  (cost=7.11..184.20 rows=10000 width=20) (actual time=0.076..0.113 rows=100 loops=1)
               Sort Key: s_1.a, s_1.b
               Presorted Key: s_1.a
               Sort Method: quicksort  Memory: 32kB
               Sort Groups: 2
               ->  Index Only Scan using s_1_a_e_d_c_b_idx on s_1  (cost=0.29..358.29 rows=10000 width=20) (actual time=0.021..0.036 rows=149 loops=1)
                     Heap Fetches: 0
 Planning time: 0.273 ms
 Execution time: 0.148 ms
(11 rows)

===== 116 [Wed Mar  7 02:00:43 CET 2018] scale:10000 groups:100 work_mem:128MB incremental:on max_workers:0 =====
SELECT * FROM s_2 ORDER BY a, b, c LIMIT 100
                                                                      QUERY PLAN                                                                       
-------------------------------------------------------------------------------------------------------------------------------------------------------
 Limit  (cost=3.81..3.81 rows=1 width=20) (actual time=0.115..0.115 rows=0 loops=1)
   ->  Limit  (cost=0.81..2.81 rows=100 width=20) (actual time=0.072..0.112 rows=100 loops=1)
         ->  Incremental Sort  (cost=0.81..200.53 rows=10000 width=20) (actual time=0.071..0.106 rows=100 loops=1)
               Sort Key: s_2.a, s_2.b, s_2.c
               Presorted Key: s_2.a, s_2.b
               Sort Method: quicksort  Memory: 27kB
               Sort Groups: 4
               ->  Index Only Scan using s_2_a_b_e_d_c_idx on s_2  (cost=0.29..358.29 rows=10000 width=20) (actual time=0.022..0.036 rows=132 loops=1)
                     Heap Fetches: 0
 Planning time: 0.269 ms
 Execution time: 0.140 ms
(11 rows)

===== 117 [Wed Mar  7 02:00:44 CET 2018] scale:10000 groups:100 work_mem:128MB incremental:on max_workers:0 =====
SELECT * FROM s_3 ORDER BY a, b, c, d LIMIT 100
                                                                      QUERY PLAN                                                                       
-------------------------------------------------------------------------------------------------------------------------------------------------------
 Limit  (cost=3.81..3.81 rows=1 width=20) (actual time=0.103..0.103 rows=0 loops=1)
   ->  Limit  (cost=0.81..2.81 rows=100 width=20) (actual time=0.066..0.099 rows=100 loops=1)
         ->  Incremental Sort  (cost=0.81..200.53 rows=10000 width=20) (actual time=0.066..0.093 rows=100 loops=1)
               Sort Key: s_3.a, s_3.b, s_3.c, s_3.d
               Presorted Key: s_3.a, s_3.b, s_3.c
               Sort Method: quicksort  Memory: 27kB
               Sort Groups: 4
               ->  Index Only Scan using s_3_a_b_c_e_d_idx on s_3  (cost=0.29..358.29 rows=10000 width=20) (actual time=0.020..0.033 rows=129 loops=1)
                     Heap Fetches: 0
 Planning time: 0.273 ms
 Execution time: 0.130 ms
(11 rows)

===== 118 [Wed Mar  7 02:00:44 CET 2018] scale:10000 groups:100 work_mem:128MB incremental:off max_workers:0 =====
SELECT * FROM s_1 ORDER BY a, b LIMIT 100
                                                        QUERY PLAN                                                        
--------------------------------------------------------------------------------------------------------------------------
 Limit  (cost=547.44..547.44 rows=1 width=20) (actual time=1.310..1.310 rows=0 loops=1)
   ->  Limit  (cost=546.19..546.44 rows=100 width=20) (actual time=1.297..1.307 rows=100 loops=1)
         ->  Sort  (cost=546.19..571.19 rows=10000 width=20) (actual time=1.297..1.301 rows=100 loops=1)
               Sort Key: s_1.a, s_1.b
               Sort Method: top-N heapsort  Memory: 35kB
               ->  Seq Scan on s_1  (cost=0.00..164.00 rows=10000 width=20) (actual time=0.004..0.532 rows=10000 loops=1)
 Planning time: 0.264 ms
 Execution time: 1.333 ms
(8 rows)

===== 119 [Wed Mar  7 02:00:44 CET 2018] scale:10000 groups:100 work_mem:128MB incremental:off max_workers:0 =====
SELECT * FROM s_2 ORDER BY a, b, c LIMIT 100
                                                        QUERY PLAN                                                        
--------------------------------------------------------------------------------------------------------------------------
 Limit  (cost=547.44..547.44 rows=1 width=20) (actual time=1.304..1.304 rows=0 loops=1)
   ->  Limit  (cost=546.19..546.44 rows=100 width=20) (actual time=1.291..1.301 rows=100 loops=1)
         ->  Sort  (cost=546.19..571.19 rows=10000 width=20) (actual time=1.291..1.295 rows=100 loops=1)
               Sort Key: s_2.a, s_2.b, s_2.c
               Sort Method: top-N heapsort  Memory: 32kB
               ->  Seq Scan on s_2  (cost=0.00..164.00 rows=10000 width=20) (actual time=0.007..0.533 rows=10000 loops=1)
 Planning time: 0.266 ms
 Execution time: 1.327 ms
(8 rows)

===== 120 [Wed Mar  7 02:00:44 CET 2018] scale:10000 groups:100 work_mem:128MB incremental:off max_workers:0 =====
SELECT * FROM s_3 ORDER BY a, b, c, d LIMIT 100
                                                        QUERY PLAN                                                        
--------------------------------------------------------------------------------------------------------------------------
 Limit  (cost=547.44..547.44 rows=1 width=20) (actual time=1.315..1.315 rows=0 loops=1)
   ->  Limit  (cost=546.19..546.44 rows=100 width=20) (actual time=1.302..1.312 rows=100 loops=1)
         ->  Sort  (cost=546.19..571.19 rows=10000 width=20) (actual time=1.302..1.306 rows=100 loops=1)
               Sort Key: s_3.a, s_3.b, s_3.c, s_3.d
               Sort Method: top-N heapsort  Memory: 32kB
               ->  Seq Scan on s_3  (cost=0.00..164.00 rows=10000 width=20) (actual time=0.007..0.537 rows=10000 loops=1)
 Planning time: 0.269 ms
 Execution time: 1.337 ms
(8 rows)

===== 121 [Wed Mar  7 02:00:44 CET 2018] scale:10000 groups:100 work_mem:256MB incremental:on max_workers:0 =====
SELECT * FROM s_1 ORDER BY a, b LIMIT 100
                                                                      QUERY PLAN                                                                       
-------------------------------------------------------------------------------------------------------------------------------------------------------
 Limit  (cost=9.88..9.88 rows=1 width=20) (actual time=0.124..0.124 rows=0 loops=1)
   ->  Limit  (cost=7.11..8.88 rows=100 width=20) (actual time=0.077..0.121 rows=100 loops=1)
         ->  Incremental Sort  (cost=7.11..184.20 rows=10000 width=20) (actual time=0.077..0.115 rows=100 loops=1)
               Sort Key: s_1.a, s_1.b
               Presorted Key: s_1.a
               Sort Method: quicksort  Memory: 32kB
               Sort Groups: 2
               ->  Index Only Scan using s_1_a_e_d_c_b_idx on s_1  (cost=0.29..358.29 rows=10000 width=20) (actual time=0.021..0.037 rows=149 loops=1)
                     Heap Fetches: 0
 Planning time: 0.282 ms
 Execution time: 0.150 ms
(11 rows)

===== 122 [Wed Mar  7 02:00:44 CET 2018] scale:10000 groups:100 work_mem:256MB incremental:on max_workers:0 =====
SELECT * FROM s_2 ORDER BY a, b, c LIMIT 100
                                                                      QUERY PLAN                                                                       
-------------------------------------------------------------------------------------------------------------------------------------------------------
 Limit  (cost=3.81..3.81 rows=1 width=20) (actual time=0.116..0.116 rows=0 loops=1)
   ->  Limit  (cost=0.81..2.81 rows=100 width=20) (actual time=0.072..0.112 rows=100 loops=1)
         ->  Incremental Sort  (cost=0.81..200.53 rows=10000 width=20) (actual time=0.072..0.107 rows=100 loops=1)
               Sort Key: s_2.a, s_2.b, s_2.c
               Presorted Key: s_2.a, s_2.b
               Sort Method: quicksort  Memory: 27kB
               Sort Groups: 4
               ->  Index Only Scan using s_2_a_b_e_d_c_idx on s_2  (cost=0.29..358.29 rows=10000 width=20) (actual time=0.022..0.036 rows=132 loops=1)
                     Heap Fetches: 0
 Planning time: 0.272 ms
 Execution time: 0.141 ms
(11 rows)

===== 123 [Wed Mar  7 02:00:44 CET 2018] scale:10000 groups:100 work_mem:256MB incremental:on max_workers:0 =====
SELECT * FROM s_3 ORDER BY a, b, c, d LIMIT 100
                                                                      QUERY PLAN                                                                       
-------------------------------------------------------------------------------------------------------------------------------------------------------
 Limit  (cost=3.81..3.81 rows=1 width=20) (actual time=0.102..0.102 rows=0 loops=1)
   ->  Limit  (cost=0.81..2.81 rows=100 width=20) (actual time=0.066..0.099 rows=100 loops=1)
         ->  Incremental Sort  (cost=0.81..200.53 rows=10000 width=20) (actual time=0.066..0.093 rows=100 loops=1)
               Sort Key: s_3.a, s_3.b, s_3.c, s_3.d
               Presorted Key: s_3.a, s_3.b, s_3.c
               Sort Method: quicksort  Memory: 27kB
               Sort Groups: 4
               ->  Index Only Scan using s_3_a_b_c_e_d_idx on s_3  (cost=0.29..358.29 rows=10000 width=20) (actual time=0.020..0.033 rows=129 loops=1)
                     Heap Fetches: 0
 Planning time: 0.285 ms
 Execution time: 0.128 ms
(11 rows)

===== 124 [Wed Mar  7 02:00:44 CET 2018] scale:10000 groups:100 work_mem:256MB incremental:off max_workers:0 =====
SELECT * FROM s_1 ORDER BY a, b LIMIT 100
                                                        QUERY PLAN                                                        
--------------------------------------------------------------------------------------------------------------------------
 Limit  (cost=547.44..547.44 rows=1 width=20) (actual time=1.315..1.315 rows=0 loops=1)
   ->  Limit  (cost=546.19..546.44 rows=100 width=20) (actual time=1.302..1.311 rows=100 loops=1)
         ->  Sort  (cost=546.19..571.19 rows=10000 width=20) (actual time=1.301..1.305 rows=100 loops=1)
               Sort Key: s_1.a, s_1.b
               Sort Method: top-N heapsort  Memory: 35kB
               ->  Seq Scan on s_1  (cost=0.00..164.00 rows=10000 width=20) (actual time=0.004..0.534 rows=10000 loops=1)
 Planning time: 0.261 ms
 Execution time: 1.337 ms
(8 rows)

===== 125 [Wed Mar  7 02:00:44 CET 2018] scale:10000 groups:100 work_mem:256MB incremental:off max_workers:0 =====
SELECT * FROM s_2 ORDER BY a, b, c LIMIT 100
                                                        QUERY PLAN                                                        
--------------------------------------------------------------------------------------------------------------------------
 Limit  (cost=547.44..547.44 rows=1 width=20) (actual time=1.309..1.309 rows=0 loops=1)
   ->  Limit  (cost=546.19..546.44 rows=100 width=20) (actual time=1.296..1.305 rows=100 loops=1)
         ->  Sort  (cost=546.19..571.19 rows=10000 width=20) (actual time=1.296..1.299 rows=100 loops=1)
               Sort Key: s_2.a, s_2.b, s_2.c
               Sort Method: top-N heapsort  Memory: 32kB
               ->  Seq Scan on s_2  (cost=0.00..164.00 rows=10000 width=20) (actual time=0.007..0.539 rows=10000 loops=1)
 Planning time: 0.273 ms
 Execution time: 1.331 ms
(8 rows)

===== 126 [Wed Mar  7 02:00:44 CET 2018] scale:10000 groups:100 work_mem:256MB incremental:off max_workers:0 =====
SELECT * FROM s_3 ORDER BY a, b, c, d LIMIT 100
                                                        QUERY PLAN                                                        
--------------------------------------------------------------------------------------------------------------------------
 Limit  (cost=547.44..547.44 rows=1 width=20) (actual time=1.305..1.305 rows=0 loops=1)
   ->  Limit  (cost=546.19..546.44 rows=100 width=20) (actual time=1.292..1.302 rows=100 loops=1)
         ->  Sort  (cost=546.19..571.19 rows=10000 width=20) (actual time=1.292..1.296 rows=100 loops=1)
               Sort Key: s_3.a, s_3.b, s_3.c, s_3.d
               Sort Method: top-N heapsort  Memory: 32kB
               ->  Seq Scan on s_3  (cost=0.00..164.00 rows=10000 width=20) (actual time=0.007..0.530 rows=10000 loops=1)
 Planning time: 0.277 ms
 Execution time: 1.327 ms
(8 rows)

===== 127 [Wed Mar  7 02:00:44 CET 2018] scale:10000 groups:100 work_mem:4MB incremental:on max_workers:2 =====
SELECT * FROM s_1 ORDER BY a, b LIMIT 100
                                                                      QUERY PLAN                                                                       
-------------------------------------------------------------------------------------------------------------------------------------------------------
 Limit  (cost=9.88..9.88 rows=1 width=20) (actual time=0.135..0.135 rows=0 loops=1)
   ->  Limit  (cost=7.11..8.88 rows=100 width=20) (actual time=0.078..0.131 rows=100 loops=1)
         ->  Incremental Sort  (cost=7.11..184.20 rows=10000 width=20) (actual time=0.078..0.125 rows=100 loops=1)
               Sort Key: s_1.a, s_1.b
               Presorted Key: s_1.a
               Sort Method: quicksort  Memory: 32kB
               Sort Groups: 2
               ->  Index Only Scan using s_1_a_e_d_c_b_idx on s_1  (cost=0.29..358.29 rows=10000 width=20) (actual time=0.022..0.038 rows=149 loops=1)
                     Heap Fetches: 0
 Planning time: 0.270 ms
 Execution time: 0.161 ms
(11 rows)

===== 128 [Wed Mar  7 02:00:44 CET 2018] scale:10000 groups:100 work_mem:4MB incremental:on max_workers:2 =====
SELECT * FROM s_2 ORDER BY a, b, c LIMIT 100
                                                                      QUERY PLAN                                                                       
-------------------------------------------------------------------------------------------------------------------------------------------------------
 Limit  (cost=3.81..3.81 rows=1 width=20) (actual time=0.114..0.114 rows=0 loops=1)
   ->  Limit  (cost=0.81..2.81 rows=100 width=20) (actual time=0.070..0.110 rows=100 loops=1)
         ->  Incremental Sort  (cost=0.81..200.53 rows=10000 width=20) (actual time=0.069..0.104 rows=100 loops=1)
               Sort Key: s_2.a, s_2.b, s_2.c
               Presorted Key: s_2.a, s_2.b
               Sort Method: quicksort  Memory: 27kB
               Sort Groups: 4
               ->  Index Only Scan using s_2_a_b_e_d_c_idx on s_2  (cost=0.29..358.29 rows=10000 width=20) (actual time=0.021..0.035 rows=132 loops=1)
                     Heap Fetches: 0
 Planning time: 0.276 ms
 Execution time: 0.140 ms
(11 rows)

===== 129 [Wed Mar  7 02:00:44 CET 2018] scale:10000 groups:100 work_mem:4MB incremental:on max_workers:2 =====
SELECT * FROM s_3 ORDER BY a, b, c, d LIMIT 100
                                                                      QUERY PLAN                                                                       
-------------------------------------------------------------------------------------------------------------------------------------------------------
 Limit  (cost=3.81..3.81 rows=1 width=20) (actual time=0.105..0.105 rows=0 loops=1)
   ->  Limit  (cost=0.81..2.81 rows=100 width=20) (actual time=0.069..0.101 rows=100 loops=1)
         ->  Incremental Sort  (cost=0.81..200.53 rows=10000 width=20) (actual time=0.069..0.096 rows=100 loops=1)
               Sort Key: s_3.a, s_3.b, s_3.c, s_3.d
               Presorted Key: s_3.a, s_3.b, s_3.c
               Sort Method: quicksort  Memory: 27kB
               Sort Groups: 4
               ->  Index Only Scan using s_3_a_b_c_e_d_idx on s_3  (cost=0.29..358.29 rows=10000 width=20) (actual time=0.021..0.035 rows=129 loops=1)
                     Heap Fetches: 0
 Planning time: 0.282 ms
 Execution time: 0.131 ms
(11 rows)

===== 130 [Wed Mar  7 02:00:45 CET 2018] scale:10000 groups:100 work_mem:4MB incremental:off max_workers:2 =====
SELECT * FROM s_1 ORDER BY a, b LIMIT 100
                                                        QUERY PLAN                                                        
--------------------------------------------------------------------------------------------------------------------------
 Limit  (cost=547.44..547.44 rows=1 width=20) (actual time=1.308..1.308 rows=0 loops=1)
   ->  Limit  (cost=546.19..546.44 rows=100 width=20) (actual time=1.295..1.304 rows=100 loops=1)
         ->  Sort  (cost=546.19..571.19 rows=10000 width=20) (actual time=1.294..1.298 rows=100 loops=1)
               Sort Key: s_1.a, s_1.b
               Sort Method: top-N heapsort  Memory: 35kB
               ->  Seq Scan on s_1  (cost=0.00..164.00 rows=10000 width=20) (actual time=0.004..0.533 rows=10000 loops=1)
 Planning time: 0.269 ms
 Execution time: 1.341 ms
(8 rows)

===== 131 [Wed Mar  7 02:00:45 CET 2018] scale:10000 groups:100 work_mem:4MB incremental:off max_workers:2 =====
SELECT * FROM s_2 ORDER BY a, b, c LIMIT 100
                                                        QUERY PLAN                                                        
--------------------------------------------------------------------------------------------------------------------------
 Limit  (cost=547.44..547.44 rows=1 width=20) (actual time=1.299..1.299 rows=0 loops=1)
   ->  Limit  (cost=546.19..546.44 rows=100 width=20) (actual time=1.286..1.295 rows=100 loops=1)
         ->  Sort  (cost=546.19..571.19 rows=10000 width=20) (actual time=1.286..1.290 rows=100 loops=1)
               Sort Key: s_2.a, s_2.b, s_2.c
               Sort Method: top-N heapsort  Memory: 32kB
               ->  Seq Scan on s_2  (cost=0.00..164.00 rows=10000 width=20) (actual time=0.007..0.533 rows=10000 loops=1)
 Planning time: 0.271 ms
 Execution time: 1.322 ms
(8 rows)

===== 132 [Wed Mar  7 02:00:45 CET 2018] scale:10000 groups:100 work_mem:4MB incremental:off max_workers:2 =====
SELECT * FROM s_3 ORDER BY a, b, c, d LIMIT 100
                                                        QUERY PLAN                                                        
--------------------------------------------------------------------------------------------------------------------------
 Limit  (cost=547.44..547.44 rows=1 width=20) (actual time=1.314..1.314 rows=0 loops=1)
   ->  Limit  (cost=546.19..546.44 rows=100 width=20) (actual time=1.301..1.310 rows=100 loops=1)
         ->  Sort  (cost=546.19..571.19 rows=10000 width=20) (actual time=1.301..1.304 rows=100 loops=1)
               Sort Key: s_3.a, s_3.b, s_3.c, s_3.d
               Sort Method: top-N heapsort  Memory: 32kB
               ->  Seq Scan on s_3  (cost=0.00..164.00 rows=10000 width=20) (actual time=0.007..0.526 rows=10000 loops=1)
 Planning time: 0.268 ms
 Execution time: 1.337 ms
(8 rows)

===== 133 [Wed Mar  7 02:00:45 CET 2018] scale:10000 groups:100 work_mem:8MB incremental:on max_workers:2 =====
SELECT * FROM s_1 ORDER BY a, b LIMIT 100
                                                                      QUERY PLAN                                                                       
-------------------------------------------------------------------------------------------------------------------------------------------------------
 Limit  (cost=9.88..9.88 rows=1 width=20) (actual time=0.124..0.124 rows=0 loops=1)
   ->  Limit  (cost=7.11..8.88 rows=100 width=20) (actual time=0.078..0.121 rows=100 loops=1)
         ->  Incremental Sort  (cost=7.11..184.20 rows=10000 width=20) (actual time=0.077..0.115 rows=100 loops=1)
               Sort Key: s_1.a, s_1.b
               Presorted Key: s_1.a
               Sort Method: quicksort  Memory: 32kB
               Sort Groups: 2
               ->  Index Only Scan using s_1_a_e_d_c_b_idx on s_1  (cost=0.29..358.29 rows=10000 width=20) (actual time=0.021..0.037 rows=149 loops=1)
                     Heap Fetches: 0
 Planning time: 0.269 ms
 Execution time: 0.152 ms
(11 rows)

===== 134 [Wed Mar  7 02:00:45 CET 2018] scale:10000 groups:100 work_mem:8MB incremental:on max_workers:2 =====
SELECT * FROM s_2 ORDER BY a, b, c LIMIT 100
                                                                      QUERY PLAN                                                                       
-------------------------------------------------------------------------------------------------------------------------------------------------------
 Limit  (cost=3.81..3.81 rows=1 width=20) (actual time=0.118..0.118 rows=0 loops=1)
   ->  Limit  (cost=0.81..2.81 rows=100 width=20) (actual time=0.074..0.114 rows=100 loops=1)
         ->  Incremental Sort  (cost=0.81..200.53 rows=10000 width=20) (actual time=0.074..0.108 rows=100 loops=1)
               Sort Key: s_2.a, s_2.b, s_2.c
               Presorted Key: s_2.a, s_2.b
               Sort Method: quicksort  Memory: 27kB
               Sort Groups: 4
               ->  Index Only Scan using s_2_a_b_e_d_c_idx on s_2  (cost=0.29..358.29 rows=10000 width=20) (actual time=0.022..0.036 rows=132 loops=1)
                     Heap Fetches: 0
 Planning time: 0.270 ms
 Execution time: 0.143 ms
(11 rows)

===== 135 [Wed Mar  7 02:00:45 CET 2018] scale:10000 groups:100 work_mem:8MB incremental:on max_workers:2 =====
SELECT * FROM s_3 ORDER BY a, b, c, d LIMIT 100
                                                                      QUERY PLAN                                                                       
-------------------------------------------------------------------------------------------------------------------------------------------------------
 Limit  (cost=3.81..3.81 rows=1 width=20) (actual time=0.104..0.104 rows=0 loops=1)
   ->  Limit  (cost=0.81..2.81 rows=100 width=20) (actual time=0.068..0.101 rows=100 loops=1)
         ->  Incremental Sort  (cost=0.81..200.53 rows=10000 width=20) (actual time=0.068..0.095 rows=100 loops=1)
               Sort Key: s_3.a, s_3.b, s_3.c, s_3.d
               Presorted Key: s_3.a, s_3.b, s_3.c
               Sort Method: quicksort  Memory: 27kB
               Sort Groups: 4
               ->  Index Only Scan using s_3_a_b_c_e_d_idx on s_3  (cost=0.29..358.29 rows=10000 width=20) (actual time=0.020..0.033 rows=129 loops=1)
                     Heap Fetches: 0
 Planning time: 0.276 ms
 Execution time: 0.129 ms
(11 rows)

===== 136 [Wed Mar  7 02:00:45 CET 2018] scale:10000 groups:100 work_mem:8MB incremental:off max_workers:2 =====
SELECT * FROM s_1 ORDER BY a, b LIMIT 100
                                                        QUERY PLAN                                                        
--------------------------------------------------------------------------------------------------------------------------
 Limit  (cost=547.44..547.44 rows=1 width=20) (actual time=1.308..1.308 rows=0 loops=1)
   ->  Limit  (cost=546.19..546.44 rows=100 width=20) (actual time=1.295..1.304 rows=100 loops=1)
         ->  Sort  (cost=546.19..571.19 rows=10000 width=20) (actual time=1.294..1.298 rows=100 loops=1)
               Sort Key: s_1.a, s_1.b
               Sort Method: top-N heapsort  Memory: 35kB
               ->  Seq Scan on s_1  (cost=0.00..164.00 rows=10000 width=20) (actual time=0.004..0.536 rows=10000 loops=1)
 Planning time: 0.259 ms
 Execution time: 1.332 ms
(8 rows)

===== 137 [Wed Mar  7 02:00:45 CET 2018] scale:10000 groups:100 work_mem:8MB incremental:off max_workers:2 =====
SELECT * FROM s_2 ORDER BY a, b, c LIMIT 100
                                                        QUERY PLAN                                                        
--------------------------------------------------------------------------------------------------------------------------
 Limit  (cost=547.44..547.44 rows=1 width=20) (actual time=1.306..1.306 rows=0 loops=1)
   ->  Limit  (cost=546.19..546.44 rows=100 width=20) (actual time=1.293..1.302 rows=100 loops=1)
         ->  Sort  (cost=546.19..571.19 rows=10000 width=20) (actual time=1.292..1.296 rows=100 loops=1)
               Sort Key: s_2.a, s_2.b, s_2.c
               Sort Method: top-N heapsort  Memory: 32kB
               ->  Seq Scan on s_2  (cost=0.00..164.00 rows=10000 width=20) (actual time=0.007..0.531 rows=10000 loops=1)
 Planning time: 0.281 ms
 Execution time: 1.328 ms
(8 rows)

===== 138 [Wed Mar  7 02:00:45 CET 2018] scale:10000 groups:100 work_mem:8MB incremental:off max_workers:2 =====
SELECT * FROM s_3 ORDER BY a, b, c, d LIMIT 100
                                                        QUERY PLAN                                                        
--------------------------------------------------------------------------------------------------------------------------
 Limit  (cost=547.44..547.44 rows=1 width=20) (actual time=1.316..1.316 rows=0 loops=1)
   ->  Limit  (cost=546.19..546.44 rows=100 width=20) (actual time=1.303..1.312 rows=100 loops=1)
         ->  Sort  (cost=546.19..571.19 rows=10000 width=20) (actual time=1.303..1.307 rows=100 loops=1)
               Sort Key: s_3.a, s_3.b, s_3.c, s_3.d
               Sort Method: top-N heapsort  Memory: 32kB
               ->  Seq Scan on s_3  (cost=0.00..164.00 rows=10000 width=20) (actual time=0.007..0.528 rows=10000 loops=1)
 Planning time: 0.273 ms
 Execution time: 1.339 ms
(8 rows)

===== 139 [Wed Mar  7 02:00:45 CET 2018] scale:10000 groups:100 work_mem:16MB incremental:on max_workers:2 =====
SELECT * FROM s_1 ORDER BY a, b LIMIT 100
                                                                      QUERY PLAN                                                                       
-------------------------------------------------------------------------------------------------------------------------------------------------------
 Limit  (cost=9.88..9.88 rows=1 width=20) (actual time=0.132..0.132 rows=0 loops=1)
   ->  Limit  (cost=7.11..8.88 rows=100 width=20) (actual time=0.083..0.128 rows=100 loops=1)
         ->  Incremental Sort  (cost=7.11..184.20 rows=10000 width=20) (actual time=0.083..0.122 rows=100 loops=1)
               Sort Key: s_1.a, s_1.b
               Presorted Key: s_1.a
               Sort Method: quicksort  Memory: 32kB
               Sort Groups: 2
               ->  Index Only Scan using s_1_a_e_d_c_b_idx on s_1  (cost=0.29..358.29 rows=10000 width=20) (actual time=0.022..0.038 rows=149 loops=1)
                     Heap Fetches: 0
 Planning time: 0.272 ms
 Execution time: 0.157 ms
(11 rows)

===== 140 [Wed Mar  7 02:00:45 CET 2018] scale:10000 groups:100 work_mem:16MB incremental:on max_workers:2 =====
SELECT * FROM s_2 ORDER BY a, b, c LIMIT 100
                                                                      QUERY PLAN                                                                       
-------------------------------------------------------------------------------------------------------------------------------------------------------
 Limit  (cost=3.81..3.81 rows=1 width=20) (actual time=0.115..0.115 rows=0 loops=1)
   ->  Limit  (cost=0.81..2.81 rows=100 width=20) (actual time=0.071..0.112 rows=100 loops=1)
         ->  Incremental Sort  (cost=0.81..200.53 rows=10000 width=20) (actual time=0.071..0.106 rows=100 loops=1)
               Sort Key: s_2.a, s_2.b, s_2.c
               Presorted Key: s_2.a, s_2.b
               Sort Method: quicksort  Memory: 27kB
               Sort Groups: 4
               ->  Index Only Scan using s_2_a_b_e_d_c_idx on s_2  (cost=0.29..358.29 rows=10000 width=20) (actual time=0.022..0.036 rows=132 loops=1)
                     Heap Fetches: 0
 Planning time: 0.274 ms
 Execution time: 0.140 ms
(11 rows)

===== 141 [Wed Mar  7 02:00:45 CET 2018] scale:10000 groups:100 work_mem:16MB incremental:on max_workers:2 =====
SELECT * FROM s_3 ORDER BY a, b, c, d LIMIT 100
                                                                      QUERY PLAN                                                                       
-------------------------------------------------------------------------------------------------------------------------------------------------------
 Limit  (cost=3.81..3.81 rows=1 width=20) (actual time=0.106..0.106 rows=0 loops=1)
   ->  Limit  (cost=0.81..2.81 rows=100 width=20) (actual time=0.070..0.102 rows=100 loops=1)
         ->  Incremental Sort  (cost=0.81..200.53 rows=10000 width=20) (actual time=0.070..0.096 rows=100 loops=1)
               Sort Key: s_3.a, s_3.b, s_3.c, s_3.d
               Presorted Key: s_3.a, s_3.b, s_3.c
               Sort Method: quicksort  Memory: 27kB
               Sort Groups: 4
               ->  Index Only Scan using s_3_a_b_c_e_d_idx on s_3  (cost=0.29..358.29 rows=10000 width=20) (actual time=0.021..0.034 rows=129 loops=1)
                     Heap Fetches: 0
 Planning time: 0.274 ms
 Execution time: 0.135 ms
(11 rows)

===== 142 [Wed Mar  7 02:00:46 CET 2018] scale:10000 groups:100 work_mem:16MB incremental:off max_workers:2 =====
SELECT * FROM s_1 ORDER BY a, b LIMIT 100
                                                        QUERY PLAN                                                        
--------------------------------------------------------------------------------------------------------------------------
 Limit  (cost=547.44..547.44 rows=1 width=20) (actual time=1.314..1.314 rows=0 loops=1)
   ->  Limit  (cost=546.19..546.44 rows=100 width=20) (actual time=1.302..1.311 rows=100 loops=1)
         ->  Sort  (cost=546.19..571.19 rows=10000 width=20) (actual time=1.301..1.305 rows=100 loops=1)
               Sort Key: s_1.a, s_1.b
               Sort Method: top-N heapsort  Memory: 35kB
               ->  Seq Scan on s_1  (cost=0.00..164.00 rows=10000 width=20) (actual time=0.004..0.532 rows=10000 loops=1)
 Planning time: 0.269 ms
 Execution time: 1.338 ms
(8 rows)

===== 143 [Wed Mar  7 02:00:46 CET 2018] scale:10000 groups:100 work_mem:16MB incremental:off max_workers:2 =====
SELECT * FROM s_2 ORDER BY a, b, c LIMIT 100
                                                        QUERY PLAN                                                        
--------------------------------------------------------------------------------------------------------------------------
 Limit  (cost=547.44..547.44 rows=1 width=20) (actual time=1.303..1.303 rows=0 loops=1)
   ->  Limit  (cost=546.19..546.44 rows=100 width=20) (actual time=1.290..1.299 rows=100 loops=1)
         ->  Sort  (cost=546.19..571.19 rows=10000 width=20) (actual time=1.290..1.293 rows=100 loops=1)
               Sort Key: s_2.a, s_2.b, s_2.c
               Sort Method: top-N heapsort  Memory: 32kB
               ->  Seq Scan on s_2  (cost=0.00..164.00 rows=10000 width=20) (actual time=0.007..0.530 rows=10000 loops=1)
 Planning time: 0.266 ms
 Execution time: 1.325 ms
(8 rows)

===== 144 [Wed Mar  7 02:00:46 CET 2018] scale:10000 groups:100 work_mem:16MB incremental:off max_workers:2 =====
SELECT * FROM s_3 ORDER BY a, b, c, d LIMIT 100
                                                        QUERY PLAN                                                        
--------------------------------------------------------------------------------------------------------------------------
 Limit  (cost=547.44..547.44 rows=1 width=20) (actual time=1.309..1.309 rows=0 loops=1)
   ->  Limit  (cost=546.19..546.44 rows=100 width=20) (actual time=1.296..1.305 rows=100 loops=1)
         ->  Sort  (cost=546.19..571.19 rows=10000 width=20) (actual time=1.295..1.299 rows=100 loops=1)
               Sort Key: s_3.a, s_3.b, s_3.c, s_3.d
               Sort Method: top-N heapsort  Memory: 32kB
               ->  Seq Scan on s_3  (cost=0.00..164.00 rows=10000 width=20) (actual time=0.007..0.527 rows=10000 loops=1)
 Planning time: 0.271 ms
 Execution time: 1.336 ms
(8 rows)

===== 145 [Wed Mar  7 02:00:46 CET 2018] scale:10000 groups:100 work_mem:32MB incremental:on max_workers:2 =====
SELECT * FROM s_1 ORDER BY a, b LIMIT 100
                                                                      QUERY PLAN                                                                       
-------------------------------------------------------------------------------------------------------------------------------------------------------
 Limit  (cost=9.88..9.88 rows=1 width=20) (actual time=0.124..0.124 rows=0 loops=1)
   ->  Limit  (cost=7.11..8.88 rows=100 width=20) (actual time=0.077..0.120 rows=100 loops=1)
         ->  Incremental Sort  (cost=7.11..184.20 rows=10000 width=20) (actual time=0.077..0.114 rows=100 loops=1)
               Sort Key: s_1.a, s_1.b
               Presorted Key: s_1.a
               Sort Method: quicksort  Memory: 32kB
               Sort Groups: 2
               ->  Index Only Scan using s_1_a_e_d_c_b_idx on s_1  (cost=0.29..358.29 rows=10000 width=20) (actual time=0.021..0.037 rows=149 loops=1)
                     Heap Fetches: 0
 Planning time: 0.269 ms
 Execution time: 0.161 ms
(11 rows)

===== 146 [Wed Mar  7 02:00:46 CET 2018] scale:10000 groups:100 work_mem:32MB incremental:on max_workers:2 =====
SELECT * FROM s_2 ORDER BY a, b, c LIMIT 100
                                                                      QUERY PLAN                                                                       
-------------------------------------------------------------------------------------------------------------------------------------------------------
 Limit  (cost=3.81..3.81 rows=1 width=20) (actual time=0.116..0.116 rows=0 loops=1)
   ->  Limit  (cost=0.81..2.81 rows=100 width=20) (actual time=0.073..0.113 rows=100 loops=1)
         ->  Incremental Sort  (cost=0.81..200.53 rows=10000 width=20) (actual time=0.072..0.107 rows=100 loops=1)
               Sort Key: s_2.a, s_2.b, s_2.c
               Presorted Key: s_2.a, s_2.b
               Sort Method: quicksort  Memory: 27kB
               Sort Groups: 4
               ->  Index Only Scan using s_2_a_b_e_d_c_idx on s_2  (cost=0.29..358.29 rows=10000 width=20) (actual time=0.022..0.036 rows=132 loops=1)
                     Heap Fetches: 0
 Planning time: 0.279 ms
 Execution time: 0.141 ms
(11 rows)

===== 147 [Wed Mar  7 02:00:46 CET 2018] scale:10000 groups:100 work_mem:32MB incremental:on max_workers:2 =====
SELECT * FROM s_3 ORDER BY a, b, c, d LIMIT 100
                                                                      QUERY PLAN                                                                       
-------------------------------------------------------------------------------------------------------------------------------------------------------
 Limit  (cost=3.81..3.81 rows=1 width=20) (actual time=0.103..0.103 rows=0 loops=1)
   ->  Limit  (cost=0.81..2.81 rows=100 width=20) (actual time=0.066..0.099 rows=100 loops=1)
         ->  Incremental Sort  (cost=0.81..200.53 rows=10000 width=20) (actual time=0.066..0.093 rows=100 loops=1)
               Sort Key: s_3.a, s_3.b, s_3.c, s_3.d
               Presorted Key: s_3.a, s_3.b, s_3.c
               Sort Method: quicksort  Memory: 27kB
               Sort Groups: 4
               ->  Index Only Scan using s_3_a_b_c_e_d_idx on s_3  (cost=0.29..358.29 rows=10000 width=20) (actual time=0.020..0.033 rows=129 loops=1)
                     Heap Fetches: 0
 Planning time: 0.284 ms
 Execution time: 0.128 ms
(11 rows)

===== 148 [Wed Mar  7 02:00:46 CET 2018] scale:10000 groups:100 work_mem:32MB incremental:off max_workers:2 =====
SELECT * FROM s_1 ORDER BY a, b LIMIT 100
                                                        QUERY PLAN                                                        
--------------------------------------------------------------------------------------------------------------------------
 Limit  (cost=547.44..547.44 rows=1 width=20) (actual time=1.311..1.311 rows=0 loops=1)
   ->  Limit  (cost=546.19..546.44 rows=100 width=20) (actual time=1.298..1.308 rows=100 loops=1)
         ->  Sort  (cost=546.19..571.19 rows=10000 width=20) (actual time=1.298..1.302 rows=100 loops=1)
               Sort Key: s_1.a, s_1.b
               Sort Method: top-N heapsort  Memory: 35kB
               ->  Seq Scan on s_1  (cost=0.00..164.00 rows=10000 width=20) (actual time=0.004..0.536 rows=10000 loops=1)
 Planning time: 0.272 ms
 Execution time: 1.334 ms
(8 rows)

===== 149 [Wed Mar  7 02:00:46 CET 2018] scale:10000 groups:100 work_mem:32MB incremental:off max_workers:2 =====
SELECT * FROM s_2 ORDER BY a, b, c LIMIT 100
                                                        QUERY PLAN                                                        
--------------------------------------------------------------------------------------------------------------------------
 Limit  (cost=547.44..547.44 rows=1 width=20) (actual time=1.303..1.303 rows=0 loops=1)
   ->  Limit  (cost=546.19..546.44 rows=100 width=20) (actual time=1.291..1.300 rows=100 loops=1)
         ->  Sort  (cost=546.19..571.19 rows=10000 width=20) (actual time=1.290..1.294 rows=100 loops=1)
               Sort Key: s_2.a, s_2.b, s_2.c
               Sort Method: top-N heapsort  Memory: 32kB
               ->  Seq Scan on s_2  (cost=0.00..164.00 rows=10000 width=20) (actual time=0.007..0.536 rows=10000 loops=1)
 Planning time: 0.268 ms
 Execution time: 1.326 ms
(8 rows)

===== 150 [Wed Mar  7 02:00:46 CET 2018] scale:10000 groups:100 work_mem:32MB incremental:off max_workers:2 =====
SELECT * FROM s_3 ORDER BY a, b, c, d LIMIT 100
                                                        QUERY PLAN                                                        
--------------------------------------------------------------------------------------------------------------------------
 Limit  (cost=547.44..547.44 rows=1 width=20) (actual time=1.308..1.308 rows=0 loops=1)
   ->  Limit  (cost=546.19..546.44 rows=100 width=20) (actual time=1.295..1.304 rows=100 loops=1)
         ->  Sort  (cost=546.19..571.19 rows=10000 width=20) (actual time=1.295..1.298 rows=100 loops=1)
               Sort Key: s_3.a, s_3.b, s_3.c, s_3.d
               Sort Method: top-N heapsort  Memory: 32kB
               ->  Seq Scan on s_3  (cost=0.00..164.00 rows=10000 width=20) (actual time=0.007..0.526 rows=10000 loops=1)
 Planning time: 0.275 ms
 Execution time: 1.331 ms
(8 rows)

===== 151 [Wed Mar  7 02:00:46 CET 2018] scale:10000 groups:100 work_mem:64MB incremental:on max_workers:2 =====
SELECT * FROM s_1 ORDER BY a, b LIMIT 100
                                                                      QUERY PLAN                                                                       
-------------------------------------------------------------------------------------------------------------------------------------------------------
 Limit  (cost=9.88..9.88 rows=1 width=20) (actual time=0.128..0.128 rows=0 loops=1)
   ->  Limit  (cost=7.11..8.88 rows=100 width=20) (actual time=0.082..0.125 rows=100 loops=1)
         ->  Incremental Sort  (cost=7.11..184.20 rows=10000 width=20) (actual time=0.081..0.119 rows=100 loops=1)
               Sort Key: s_1.a, s_1.b
               Presorted Key: s_1.a
               Sort Method: quicksort  Memory: 32kB
               Sort Groups: 2
               ->  Index Only Scan using s_1_a_e_d_c_b_idx on s_1  (cost=0.29..358.29 rows=10000 width=20) (actual time=0.021..0.036 rows=149 loops=1)
                     Heap Fetches: 0
 Planning time: 0.270 ms
 Execution time: 0.154 ms
(11 rows)

===== 152 [Wed Mar  7 02:00:46 CET 2018] scale:10000 groups:100 work_mem:64MB incremental:on max_workers:2 =====
SELECT * FROM s_2 ORDER BY a, b, c LIMIT 100
                                                                      QUERY PLAN                                                                       
-------------------------------------------------------------------------------------------------------------------------------------------------------
 Limit  (cost=3.81..3.81 rows=1 width=20) (actual time=0.114..0.114 rows=0 loops=1)
   ->  Limit  (cost=0.81..2.81 rows=100 width=20) (actual time=0.070..0.110 rows=100 loops=1)
         ->  Incremental Sort  (cost=0.81..200.53 rows=10000 width=20) (actual time=0.070..0.104 rows=100 loops=1)
               Sort Key: s_2.a, s_2.b, s_2.c
               Presorted Key: s_2.a, s_2.b
               Sort Method: quicksort  Memory: 27kB
               Sort Groups: 4
               ->  Index Only Scan using s_2_a_b_e_d_c_idx on s_2  (cost=0.29..358.29 rows=10000 width=20) (actual time=0.022..0.035 rows=132 loops=1)
                     Heap Fetches: 0
 Planning time: 0.273 ms
 Execution time: 0.138 ms
(11 rows)

===== 153 [Wed Mar  7 02:00:46 CET 2018] scale:10000 groups:100 work_mem:64MB incremental:on max_workers:2 =====
SELECT * FROM s_3 ORDER BY a, b, c, d LIMIT 100
                                                                      QUERY PLAN                                                                       
-------------------------------------------------------------------------------------------------------------------------------------------------------
 Limit  (cost=3.81..3.81 rows=1 width=20) (actual time=0.102..0.102 rows=0 loops=1)
   ->  Limit  (cost=0.81..2.81 rows=100 width=20) (actual time=0.066..0.098 rows=100 loops=1)
         ->  Incremental Sort  (cost=0.81..200.53 rows=10000 width=20) (actual time=0.065..0.092 rows=100 loops=1)
               Sort Key: s_3.a, s_3.b, s_3.c, s_3.d
               Presorted Key: s_3.a, s_3.b, s_3.c
               Sort Method: quicksort  Memory: 27kB
               Sort Groups: 4
               ->  Index Only Scan using s_3_a_b_c_e_d_idx on s_3  (cost=0.29..358.29 rows=10000 width=20) (actual time=0.020..0.033 rows=129 loops=1)
                     Heap Fetches: 0
 Planning time: 0.274 ms
 Execution time: 0.129 ms
(11 rows)

===== 154 [Wed Mar  7 02:00:46 CET 2018] scale:10000 groups:100 work_mem:64MB incremental:off max_workers:2 =====
SELECT * FROM s_1 ORDER BY a, b LIMIT 100
                                                        QUERY PLAN                                                        
--------------------------------------------------------------------------------------------------------------------------
 Limit  (cost=547.44..547.44 rows=1 width=20) (actual time=1.308..1.308 rows=0 loops=1)
   ->  Limit  (cost=546.19..546.44 rows=100 width=20) (actual time=1.295..1.305 rows=100 loops=1)
         ->  Sort  (cost=546.19..571.19 rows=10000 width=20) (actual time=1.295..1.299 rows=100 loops=1)
               Sort Key: s_1.a, s_1.b
               Sort Method: top-N heapsort  Memory: 35kB
               ->  Seq Scan on s_1  (cost=0.00..164.00 rows=10000 width=20) (actual time=0.004..0.533 rows=10000 loops=1)
 Planning time: 0.263 ms
 Execution time: 1.331 ms
(8 rows)

===== 155 [Wed Mar  7 02:00:47 CET 2018] scale:10000 groups:100 work_mem:64MB incremental:off max_workers:2 =====
SELECT * FROM s_2 ORDER BY a, b, c LIMIT 100
                                                        QUERY PLAN                                                        
--------------------------------------------------------------------------------------------------------------------------
 Limit  (cost=547.44..547.44 rows=1 width=20) (actual time=1.305..1.305 rows=0 loops=1)
   ->  Limit  (cost=546.19..546.44 rows=100 width=20) (actual time=1.292..1.301 rows=100 loops=1)
         ->  Sort  (cost=546.19..571.19 rows=10000 width=20) (actual time=1.292..1.295 rows=100 loops=1)
               Sort Key: s_2.a, s_2.b, s_2.c
               Sort Method: top-N heapsort  Memory: 32kB
               ->  Seq Scan on s_2  (cost=0.00..164.00 rows=10000 width=20) (actual time=0.007..0.530 rows=10000 loops=1)
 Planning time: 0.269 ms
 Execution time: 1.327 ms
(8 rows)

===== 156 [Wed Mar  7 02:00:47 CET 2018] scale:10000 groups:100 work_mem:64MB incremental:off max_workers:2 =====
SELECT * FROM s_3 ORDER BY a, b, c, d LIMIT 100
                                                        QUERY PLAN                                                        
--------------------------------------------------------------------------------------------------------------------------
 Limit  (cost=547.44..547.44 rows=1 width=20) (actual time=1.314..1.314 rows=0 loops=1)
   ->  Limit  (cost=546.19..546.44 rows=100 width=20) (actual time=1.301..1.310 rows=100 loops=1)
         ->  Sort  (cost=546.19..571.19 rows=10000 width=20) (actual time=1.301..1.304 rows=100 loops=1)
               Sort Key: s_3.a, s_3.b, s_3.c, s_3.d
               Sort Method: top-N heapsort  Memory: 32kB
               ->  Seq Scan on s_3  (cost=0.00..164.00 rows=10000 width=20) (actual time=0.007..0.527 rows=10000 loops=1)
 Planning time: 0.273 ms
 Execution time: 1.337 ms
(8 rows)

===== 157 [Wed Mar  7 02:00:47 CET 2018] scale:10000 groups:100 work_mem:128MB incremental:on max_workers:2 =====
SELECT * FROM s_1 ORDER BY a, b LIMIT 100
                                                                      QUERY PLAN                                                                       
-------------------------------------------------------------------------------------------------------------------------------------------------------
 Limit  (cost=9.88..9.88 rows=1 width=20) (actual time=0.137..0.137 rows=0 loops=1)
   ->  Limit  (cost=7.11..8.88 rows=100 width=20) (actual time=0.090..0.133 rows=100 loops=1)
         ->  Incremental Sort  (cost=7.11..184.20 rows=10000 width=20) (actual time=0.090..0.127 rows=100 loops=1)
               Sort Key: s_1.a, s_1.b
               Presorted Key: s_1.a
               Sort Method: quicksort  Memory: 32kB
               Sort Groups: 2
               ->  Index Only Scan using s_1_a_e_d_c_b_idx on s_1  (cost=0.29..358.29 rows=10000 width=20) (actual time=0.021..0.037 rows=149 loops=1)
                     Heap Fetches: 0
 Planning time: 0.272 ms
 Execution time: 0.162 ms
(11 rows)

===== 158 [Wed Mar  7 02:00:47 CET 2018] scale:10000 groups:100 work_mem:128MB incremental:on max_workers:2 =====
SELECT * FROM s_2 ORDER BY a, b, c LIMIT 100
                                                                      QUERY PLAN                                                                       
-------------------------------------------------------------------------------------------------------------------------------------------------------
 Limit  (cost=3.81..3.81 rows=1 width=20) (actual time=0.116..0.116 rows=0 loops=1)
   ->  Limit  (cost=0.81..2.81 rows=100 width=20) (actual time=0.072..0.112 rows=100 loops=1)
         ->  Incremental Sort  (cost=0.81..200.53 rows=10000 width=20) (actual time=0.072..0.106 rows=100 loops=1)
               Sort Key: s_2.a, s_2.b, s_2.c
               Presorted Key: s_2.a, s_2.b
               Sort Method: quicksort  Memory: 27kB
               Sort Groups: 4
               ->  Index Only Scan using s_2_a_b_e_d_c_idx on s_2  (cost=0.29..358.29 rows=10000 width=20) (actual time=0.022..0.036 rows=132 loops=1)
                     Heap Fetches: 0
 Planning time: 0.280 ms
 Execution time: 0.141 ms
(11 rows)

===== 159 [Wed Mar  7 02:00:47 CET 2018] scale:10000 groups:100 work_mem:128MB incremental:on max_workers:2 =====
SELECT * FROM s_3 ORDER BY a, b, c, d LIMIT 100
                                                                      QUERY PLAN                                                                       
-------------------------------------------------------------------------------------------------------------------------------------------------------
 Limit  (cost=3.81..3.81 rows=1 width=20) (actual time=0.101..0.101 rows=0 loops=1)
   ->  Limit  (cost=0.81..2.81 rows=100 width=20) (actual time=0.065..0.098 rows=100 loops=1)
         ->  Incremental Sort  (cost=0.81..200.53 rows=10000 width=20) (actual time=0.065..0.092 rows=100 loops=1)
               Sort Key: s_3.a, s_3.b, s_3.c, s_3.d
               Presorted Key: s_3.a, s_3.b, s_3.c
               Sort Method: quicksort  Memory: 27kB
               Sort Groups: 4
               ->  Index Only Scan using s_3_a_b_c_e_d_idx on s_3  (cost=0.29..358.29 rows=10000 width=20) (actual time=0.020..0.033 rows=129 loops=1)
                     Heap Fetches: 0
 Planning time: 0.274 ms
 Execution time: 0.127 ms
(11 rows)

===== 160 [Wed Mar  7 02:00:47 CET 2018] scale:10000 groups:100 work_mem:128MB incremental:off max_workers:2 =====
SELECT * FROM s_1 ORDER BY a, b LIMIT 100
                                                        QUERY PLAN                                                        
--------------------------------------------------------------------------------------------------------------------------
 Limit  (cost=547.44..547.44 rows=1 width=20) (actual time=1.309..1.309 rows=0 loops=1)
   ->  Limit  (cost=546.19..546.44 rows=100 width=20) (actual time=1.296..1.306 rows=100 loops=1)
         ->  Sort  (cost=546.19..571.19 rows=10000 width=20) (actual time=1.296..1.300 rows=100 loops=1)
               Sort Key: s_1.a, s_1.b
               Sort Method: top-N heapsort  Memory: 35kB
               ->  Seq Scan on s_1  (cost=0.00..164.00 rows=10000 width=20) (actual time=0.004..0.532 rows=10000 loops=1)
 Planning time: 0.269 ms
 Execution time: 1.333 ms
(8 rows)

===== 161 [Wed Mar  7 02:00:47 CET 2018] scale:10000 groups:100 work_mem:128MB incremental:off max_workers:2 =====
SELECT * FROM s_2 ORDER BY a, b, c LIMIT 100
                                                        QUERY PLAN                                                        
--------------------------------------------------------------------------------------------------------------------------
 Limit  (cost=547.44..547.44 rows=1 width=20) (actual time=1.310..1.310 rows=0 loops=1)
   ->  Limit  (cost=546.19..546.44 rows=100 width=20) (actual time=1.297..1.306 rows=100 loops=1)
         ->  Sort  (cost=546.19..571.19 rows=10000 width=20) (actual time=1.297..1.300 rows=100 loops=1)
               Sort Key: s_2.a, s_2.b, s_2.c
               Sort Method: top-N heapsort  Memory: 32kB
               ->  Seq Scan on s_2  (cost=0.00..164.00 rows=10000 width=20) (actual time=0.007..0.537 rows=10000 loops=1)
 Planning time: 0.264 ms
 Execution time: 1.332 ms
(8 rows)

===== 162 [Wed Mar  7 02:00:47 CET 2018] scale:10000 groups:100 work_mem:128MB incremental:off max_workers:2 =====
SELECT * FROM s_3 ORDER BY a, b, c, d LIMIT 100
                                                        QUERY PLAN                                                        
--------------------------------------------------------------------------------------------------------------------------
 Limit  (cost=547.44..547.44 rows=1 width=20) (actual time=1.315..1.315 rows=0 loops=1)
   ->  Limit  (cost=546.19..546.44 rows=100 width=20) (actual time=1.303..1.312 rows=100 loops=1)
         ->  Sort  (cost=546.19..571.19 rows=10000 width=20) (actual time=1.302..1.306 rows=100 loops=1)
               Sort Key: s_3.a, s_3.b, s_3.c, s_3.d
               Sort Method: top-N heapsort  Memory: 32kB
               ->  Seq Scan on s_3  (cost=0.00..164.00 rows=10000 width=20) (actual time=0.007..0.537 rows=10000 loops=1)
 Planning time: 0.274 ms
 Execution time: 1.340 ms
(8 rows)

===== 163 [Wed Mar  7 02:00:47 CET 2018] scale:10000 groups:100 work_mem:256MB incremental:on max_workers:2 =====
SELECT * FROM s_1 ORDER BY a, b LIMIT 100
                                                                      QUERY PLAN                                                                       
-------------------------------------------------------------------------------------------------------------------------------------------------------
 Limit  (cost=9.88..9.88 rows=1 width=20) (actual time=0.123..0.123 rows=0 loops=1)
   ->  Limit  (cost=7.11..8.88 rows=100 width=20) (actual time=0.076..0.119 rows=100 loops=1)
         ->  Incremental Sort  (cost=7.11..184.20 rows=10000 width=20) (actual time=0.076..0.113 rows=100 loops=1)
               Sort Key: s_1.a, s_1.b
               Presorted Key: s_1.a
               Sort Method: quicksort  Memory: 32kB
               Sort Groups: 2
               ->  Index Only Scan using s_1_a_e_d_c_b_idx on s_1  (cost=0.29..358.29 rows=10000 width=20) (actual time=0.021..0.036 rows=149 loops=1)
                     Heap Fetches: 0
 Planning time: 0.269 ms
 Execution time: 0.150 ms
(11 rows)

===== 164 [Wed Mar  7 02:00:47 CET 2018] scale:10000 groups:100 work_mem:256MB incremental:on max_workers:2 =====
SELECT * FROM s_2 ORDER BY a, b, c LIMIT 100
                                                                      QUERY PLAN                                                                       
-------------------------------------------------------------------------------------------------------------------------------------------------------
 Limit  (cost=3.81..3.81 rows=1 width=20) (actual time=0.115..0.115 rows=0 loops=1)
   ->  Limit  (cost=0.81..2.81 rows=100 width=20) (actual time=0.071..0.112 rows=100 loops=1)
         ->  Incremental Sort  (cost=0.81..200.53 rows=10000 width=20) (actual time=0.071..0.106 rows=100 loops=1)
               Sort Key: s_2.a, s_2.b, s_2.c
               Presorted Key: s_2.a, s_2.b
               Sort Method: quicksort  Memory: 27kB
               Sort Groups: 4
               ->  Index Only Scan using s_2_a_b_e_d_c_idx on s_2  (cost=0.29..358.29 rows=10000 width=20) (actual time=0.022..0.036 rows=132 loops=1)
                     Heap Fetches: 0
 Planning time: 0.277 ms
 Execution time: 0.147 ms
(11 rows)

===== 165 [Wed Mar  7 02:00:47 CET 2018] scale:10000 groups:100 work_mem:256MB incremental:on max_workers:2 =====
SELECT * FROM s_3 ORDER BY a, b, c, d LIMIT 100
                                                                      QUERY PLAN                                                                       
-------------------------------------------------------------------------------------------------------------------------------------------------------
 Limit  (cost=3.81..3.81 rows=1 width=20) (actual time=0.102..0.102 rows=0 loops=1)
   ->  Limit  (cost=0.81..2.81 rows=100 width=20) (actual time=0.066..0.098 rows=100 loops=1)
         ->  Incremental Sort  (cost=0.81..200.53 rows=10000 width=20) (actual time=0.065..0.092 rows=100 loops=1)
               Sort Key: s_3.a, s_3.b, s_3.c, s_3.d
               Presorted Key: s_3.a, s_3.b, s_3.c
               Sort Method: quicksort  Memory: 27kB
               Sort Groups: 4
               ->  Index Only Scan using s_3_a_b_c_e_d_idx on s_3  (cost=0.29..358.29 rows=10000 width=20) (actual time=0.020..0.033 rows=129 loops=1)
                     Heap Fetches: 0
 Planning time: 0.280 ms
 Execution time: 0.126 ms
(11 rows)

===== 166 [Wed Mar  7 02:00:47 CET 2018] scale:10000 groups:100 work_mem:256MB incremental:off max_workers:2 =====
SELECT * FROM s_1 ORDER BY a, b LIMIT 100
                                                        QUERY PLAN                                                        
--------------------------------------------------------------------------------------------------------------------------
 Limit  (cost=547.44..547.44 rows=1 width=20) (actual time=1.304..1.304 rows=0 loops=1)
   ->  Limit  (cost=546.19..546.44 rows=100 width=20) (actual time=1.291..1.300 rows=100 loops=1)
         ->  Sort  (cost=546.19..571.19 rows=10000 width=20) (actual time=1.291..1.295 rows=100 loops=1)
               Sort Key: s_1.a, s_1.b
               Sort Method: top-N heapsort  Memory: 35kB
               ->  Seq Scan on s_1  (cost=0.00..164.00 rows=10000 width=20) (actual time=0.004..0.532 rows=10000 loops=1)
 Planning time: 0.261 ms
 Execution time: 1.326 ms
(8 rows)

===== 167 [Wed Mar  7 02:00:47 CET 2018] scale:10000 groups:100 work_mem:256MB incremental:off max_workers:2 =====
SELECT * FROM s_2 ORDER BY a, b, c LIMIT 100
                                                        QUERY PLAN                                                        
--------------------------------------------------------------------------------------------------------------------------
 Limit  (cost=547.44..547.44 rows=1 width=20) (actual time=1.308..1.308 rows=0 loops=1)
   ->  Limit  (cost=546.19..546.44 rows=100 width=20) (actual time=1.295..1.305 rows=100 loops=1)
         ->  Sort  (cost=546.19..571.19 rows=10000 width=20) (actual time=1.295..1.298 rows=100 loops=1)
               Sort Key: s_2.a, s_2.b, s_2.c
               Sort Method: top-N heapsort  Memory: 32kB
               ->  Seq Scan on s_2  (cost=0.00..164.00 rows=10000 width=20) (actual time=0.007..0.531 rows=10000 loops=1)
 Planning time: 0.266 ms
 Execution time: 1.330 ms
(8 rows)

===== 168 [Wed Mar  7 02:00:48 CET 2018] scale:10000 groups:100 work_mem:256MB incremental:off max_workers:2 =====
SELECT * FROM s_3 ORDER BY a, b, c, d LIMIT 100
                                                        QUERY PLAN                                                        
--------------------------------------------------------------------------------------------------------------------------
 Limit  (cost=547.44..547.44 rows=1 width=20) (actual time=1.305..1.305 rows=0 loops=1)
   ->  Limit  (cost=546.19..546.44 rows=100 width=20) (actual time=1.292..1.302 rows=100 loops=1)
         ->  Sort  (cost=546.19..571.19 rows=10000 width=20) (actual time=1.292..1.296 rows=100 loops=1)
               Sort Key: s_3.a, s_3.b, s_3.c, s_3.d
               Sort Method: top-N heapsort  Memory: 32kB
               ->  Seq Scan on s_3  (cost=0.00..164.00 rows=10000 width=20) (actual time=0.007..0.530 rows=10000 loops=1)
 Planning time: 0.269 ms
 Execution time: 1.328 ms
(8 rows)

===== 169 [Wed Mar  7 02:00:48 CET 2018] scale:10000 groups:1000 work_mem:4MB incremental:on max_workers:0 =====
SELECT * FROM s_1 ORDER BY a, b LIMIT 100
                                                                      QUERY PLAN                                                                       
-------------------------------------------------------------------------------------------------------------------------------------------------------
 Limit  (cost=3.81..3.81 rows=1 width=20) (actual time=0.129..0.129 rows=0 loops=1)
   ->  Limit  (cost=0.81..2.81 rows=100 width=20) (actual time=0.093..0.126 rows=100 loops=1)
         ->  Incremental Sort  (cost=0.81..200.55 rows=10000 width=20) (actual time=0.093..0.120 rows=100 loops=1)
               Sort Key: s_1.a, s_1.b
               Presorted Key: s_1.a
               Sort Method: quicksort  Memory: 28kB
               Sort Groups: 3
               ->  Index Only Scan using s_1_a_e_d_c_b_idx on s_1  (cost=0.29..358.29 rows=10000 width=20) (actual time=0.034..0.045 rows=111 loops=1)
                     Heap Fetches: 0
 Planning time: 0.283 ms
 Execution time: 0.157 ms
(11 rows)

===== 170 [Wed Mar  7 02:00:48 CET 2018] scale:10000 groups:1000 work_mem:4MB incremental:on max_workers:0 =====
SELECT * FROM s_2 ORDER BY a, b, c LIMIT 100
                                                                      QUERY PLAN                                                                       
-------------------------------------------------------------------------------------------------------------------------------------------------------
 Limit  (cost=3.81..3.81 rows=1 width=20) (actual time=0.125..0.125 rows=0 loops=1)
   ->  Limit  (cost=0.81..2.81 rows=100 width=20) (actual time=0.090..0.121 rows=100 loops=1)
         ->  Incremental Sort  (cost=0.81..200.55 rows=10000 width=20) (actual time=0.089..0.115 rows=100 loops=1)
               Sort Key: s_2.a, s_2.b, s_2.c
               Presorted Key: s_2.a, s_2.b
               Sort Method: quicksort  Memory: 27kB
               Sort Groups: 4
               ->  Index Only Scan using s_2_a_b_e_d_c_idx on s_2  (cost=0.29..358.29 rows=10000 width=20) (actual time=0.034..0.048 rows=129 loops=1)
                     Heap Fetches: 0
 Planning time: 0.281 ms
 Execution time: 0.157 ms
(11 rows)

===== 171 [Wed Mar  7 02:00:48 CET 2018] scale:10000 groups:1000 work_mem:4MB incremental:on max_workers:0 =====
SELECT * FROM s_3 ORDER BY a, b, c, d LIMIT 100
                                                                      QUERY PLAN                                                                       
-------------------------------------------------------------------------------------------------------------------------------------------------------
 Limit  (cost=3.81..3.81 rows=1 width=20) (actual time=0.126..0.126 rows=0 loops=1)
   ->  Limit  (cost=0.81..2.81 rows=100 width=20) (actual time=0.091..0.122 rows=100 loops=1)
         ->  Incremental Sort  (cost=0.81..200.55 rows=10000 width=20) (actual time=0.090..0.116 rows=100 loops=1)
               Sort Key: s_3.a, s_3.b, s_3.c, s_3.d
               Presorted Key: s_3.a, s_3.b, s_3.c
               Sort Method: quicksort  Memory: 27kB
               Sort Groups: 4
               ->  Index Only Scan using s_3_a_b_c_e_d_idx on s_3  (cost=0.29..358.29 rows=10000 width=20) (actual time=0.038..0.051 rows=129 loops=1)
                     Heap Fetches: 0
 Planning time: 0.281 ms
 Execution time: 0.152 ms
(11 rows)

===== 172 [Wed Mar  7 02:00:49 CET 2018] scale:10000 groups:1000 work_mem:4MB incremental:off max_workers:0 =====
SELECT * FROM s_1 ORDER BY a, b LIMIT 100
                                                        QUERY PLAN                                                        
--------------------------------------------------------------------------------------------------------------------------
 Limit  (cost=547.44..547.44 rows=1 width=20) (actual time=1.290..1.290 rows=0 loops=1)
   ->  Limit  (cost=546.19..546.44 rows=100 width=20) (actual time=1.277..1.287 rows=100 loops=1)
         ->  Sort  (cost=546.19..571.19 rows=10000 width=20) (actual time=1.277..1.280 rows=100 loops=1)
               Sort Key: s_1.a, s_1.b
               Sort Method: top-N heapsort  Memory: 33kB
               ->  Seq Scan on s_1  (cost=0.00..164.00 rows=10000 width=20) (actual time=0.004..0.527 rows=10000 loops=1)
 Planning time: 0.268 ms
 Execution time: 1.313 ms
(8 rows)

===== 173 [Wed Mar  7 02:00:49 CET 2018] scale:10000 groups:1000 work_mem:4MB incremental:off max_workers:0 =====
SELECT * FROM s_2 ORDER BY a, b, c LIMIT 100
                                                        QUERY PLAN                                                        
--------------------------------------------------------------------------------------------------------------------------
 Limit  (cost=547.44..547.44 rows=1 width=20) (actual time=1.292..1.292 rows=0 loops=1)
   ->  Limit  (cost=546.19..546.44 rows=100 width=20) (actual time=1.279..1.289 rows=100 loops=1)
         ->  Sort  (cost=546.19..571.19 rows=10000 width=20) (actual time=1.279..1.283 rows=100 loops=1)
               Sort Key: s_2.a, s_2.b, s_2.c
               Sort Method: top-N heapsort  Memory: 32kB
               ->  Seq Scan on s_2  (cost=0.00..164.00 rows=10000 width=20) (actual time=0.007..0.521 rows=10000 loops=1)
 Planning time: 0.277 ms
 Execution time: 1.315 ms
(8 rows)

===== 174 [Wed Mar  7 02:00:49 CET 2018] scale:10000 groups:1000 work_mem:4MB incremental:off max_workers:0 =====
SELECT * FROM s_3 ORDER BY a, b, c, d LIMIT 100
                                                        QUERY PLAN                                                        
--------------------------------------------------------------------------------------------------------------------------
 Limit  (cost=547.44..547.44 rows=1 width=20) (actual time=1.297..1.297 rows=0 loops=1)
   ->  Limit  (cost=546.19..546.44 rows=100 width=20) (actual time=1.284..1.293 rows=100 loops=1)
         ->  Sort  (cost=546.19..571.19 rows=10000 width=20) (actual time=1.284..1.288 rows=100 loops=1)
               Sort Key: s_3.a, s_3.b, s_3.c, s_3.d
               Sort Method: top-N heapsort  Memory: 32kB
               ->  Seq Scan on s_3  (cost=0.00..164.00 rows=10000 width=20) (actual time=0.010..0.527 rows=10000 loops=1)
 Planning time: 0.270 ms
 Execution time: 1.319 ms
(8 rows)

===== 175 [Wed Mar  7 02:00:49 CET 2018] scale:10000 groups:1000 work_mem:8MB incremental:on max_workers:0 =====
SELECT * FROM s_1 ORDER BY a, b LIMIT 100
                                                                      QUERY PLAN                                                                       
-------------------------------------------------------------------------------------------------------------------------------------------------------
 Limit  (cost=3.81..3.81 rows=1 width=20) (actual time=0.123..0.123 rows=0 loops=1)
   ->  Limit  (cost=0.81..2.81 rows=100 width=20) (actual time=0.082..0.119 rows=100 loops=1)
         ->  Incremental Sort  (cost=0.81..200.55 rows=10000 width=20) (actual time=0.082..0.113 rows=100 loops=1)
               Sort Key: s_1.a, s_1.b
               Presorted Key: s_1.a
               Sort Method: quicksort  Memory: 28kB
               Sort Groups: 3
               ->  Index Only Scan using s_1_a_e_d_c_b_idx on s_1  (cost=0.29..358.29 rows=10000 width=20) (actual time=0.021..0.032 rows=111 loops=1)
                     Heap Fetches: 0
 Planning time: 0.281 ms
 Execution time: 0.149 ms
(11 rows)

===== 176 [Wed Mar  7 02:00:49 CET 2018] scale:10000 groups:1000 work_mem:8MB incremental:on max_workers:0 =====
SELECT * FROM s_2 ORDER BY a, b, c LIMIT 100
                                                                      QUERY PLAN                                                                       
-------------------------------------------------------------------------------------------------------------------------------------------------------
 Limit  (cost=3.81..3.81 rows=1 width=20) (actual time=0.111..0.111 rows=0 loops=1)
   ->  Limit  (cost=0.81..2.81 rows=100 width=20) (actual time=0.076..0.108 rows=100 loops=1)
         ->  Incremental Sort  (cost=0.81..200.55 rows=10000 width=20) (actual time=0.076..0.102 rows=100 loops=1)
               Sort Key: s_2.a, s_2.b, s_2.c
               Presorted Key: s_2.a, s_2.b
               Sort Method: quicksort  Memory: 27kB
               Sort Groups: 4
               ->  Index Only Scan using s_2_a_b_e_d_c_idx on s_2  (cost=0.29..358.29 rows=10000 width=20) (actual time=0.021..0.035 rows=129 loops=1)
                     Heap Fetches: 0
 Planning time: 0.281 ms
 Execution time: 0.137 ms
(11 rows)

===== 177 [Wed Mar  7 02:00:49 CET 2018] scale:10000 groups:1000 work_mem:8MB incremental:on max_workers:0 =====
SELECT * FROM s_3 ORDER BY a, b, c, d LIMIT 100
                                                                      QUERY PLAN                                                                       
-------------------------------------------------------------------------------------------------------------------------------------------------------
 Limit  (cost=3.81..3.81 rows=1 width=20) (actual time=0.114..0.114 rows=0 loops=1)
   ->  Limit  (cost=0.81..2.81 rows=100 width=20) (actual time=0.079..0.110 rows=100 loops=1)
         ->  Incremental Sort  (cost=0.81..200.55 rows=10000 width=20) (actual time=0.078..0.104 rows=100 loops=1)
               Sort Key: s_3.a, s_3.b, s_3.c, s_3.d
               Presorted Key: s_3.a, s_3.b, s_3.c
               Sort Method: quicksort  Memory: 27kB
               Sort Groups: 4
               ->  Index Only Scan using s_3_a_b_c_e_d_idx on s_3  (cost=0.29..358.29 rows=10000 width=20) (actual time=0.025..0.038 rows=129 loops=1)
                     Heap Fetches: 0
 Planning time: 0.278 ms
 Execution time: 0.138 ms
(11 rows)

===== 178 [Wed Mar  7 02:00:49 CET 2018] scale:10000 groups:1000 work_mem:8MB incremental:off max_workers:0 =====
SELECT * FROM s_1 ORDER BY a, b LIMIT 100
                                                        QUERY PLAN                                                        
--------------------------------------------------------------------------------------------------------------------------
 Limit  (cost=547.44..547.44 rows=1 width=20) (actual time=1.290..1.290 rows=0 loops=1)
   ->  Limit  (cost=546.19..546.44 rows=100 width=20) (actual time=1.277..1.286 rows=100 loops=1)
         ->  Sort  (cost=546.19..571.19 rows=10000 width=20) (actual time=1.277..1.280 rows=100 loops=1)
               Sort Key: s_1.a, s_1.b
               Sort Method: top-N heapsort  Memory: 33kB
               ->  Seq Scan on s_1  (cost=0.00..164.00 rows=10000 width=20) (actual time=0.004..0.526 rows=10000 loops=1)
 Planning time: 0.273 ms
 Execution time: 1.313 ms
(8 rows)

===== 179 [Wed Mar  7 02:00:49 CET 2018] scale:10000 groups:1000 work_mem:8MB incremental:off max_workers:0 =====
SELECT * FROM s_2 ORDER BY a, b, c LIMIT 100
                                                        QUERY PLAN                                                        
--------------------------------------------------------------------------------------------------------------------------
 Limit  (cost=547.44..547.44 rows=1 width=20) (actual time=1.286..1.286 rows=0 loops=1)
   ->  Limit  (cost=546.19..546.44 rows=100 width=20) (actual time=1.273..1.283 rows=100 loops=1)
         ->  Sort  (cost=546.19..571.19 rows=10000 width=20) (actual time=1.273..1.277 rows=100 loops=1)
               Sort Key: s_2.a, s_2.b, s_2.c
               Sort Method: top-N heapsort  Memory: 32kB
               ->  Seq Scan on s_2  (cost=0.00..164.00 rows=10000 width=20) (actual time=0.007..0.525 rows=10000 loops=1)
 Planning time: 0.288 ms
 Execution time: 1.309 ms
(8 rows)

===== 180 [Wed Mar  7 02:00:49 CET 2018] scale:10000 groups:1000 work_mem:8MB incremental:off max_workers:0 =====
SELECT * FROM s_3 ORDER BY a, b, c, d LIMIT 100
                                                        QUERY PLAN                                                        
--------------------------------------------------------------------------------------------------------------------------
 Limit  (cost=547.44..547.44 rows=1 width=20) (actual time=1.290..1.290 rows=0 loops=1)
   ->  Limit  (cost=546.19..546.44 rows=100 width=20) (actual time=1.277..1.286 rows=100 loops=1)
         ->  Sort  (cost=546.19..571.19 rows=10000 width=20) (actual time=1.277..1.281 rows=100 loops=1)
               Sort Key: s_3.a, s_3.b, s_3.c, s_3.d
               Sort Method: top-N heapsort  Memory: 32kB
               ->  Seq Scan on s_3  (cost=0.00..164.00 rows=10000 width=20) (actual time=0.010..0.522 rows=10000 loops=1)
 Planning time: 0.269 ms
 Execution time: 1.313 ms
(8 rows)

===== 181 [Wed Mar  7 02:00:49 CET 2018] scale:10000 groups:1000 work_mem:16MB incremental:on max_workers:0 =====
SELECT * FROM s_1 ORDER BY a, b LIMIT 100
                                                                      QUERY PLAN                                                                       
-------------------------------------------------------------------------------------------------------------------------------------------------------
 Limit  (cost=3.81..3.81 rows=1 width=20) (actual time=0.117..0.117 rows=0 loops=1)
   ->  Limit  (cost=0.81..2.81 rows=100 width=20) (actual time=0.081..0.114 rows=100 loops=1)
         ->  Incremental Sort  (cost=0.81..200.55 rows=10000 width=20) (actual time=0.081..0.108 rows=100 loops=1)
               Sort Key: s_1.a, s_1.b
               Presorted Key: s_1.a
               Sort Method: quicksort  Memory: 28kB
               Sort Groups: 3
               ->  Index Only Scan using s_1_a_e_d_c_b_idx on s_1  (cost=0.29..358.29 rows=10000 width=20) (actual time=0.021..0.033 rows=111 loops=1)
                     Heap Fetches: 0
 Planning time: 0.274 ms
 Execution time: 0.144 ms
(11 rows)

===== 182 [Wed Mar  7 02:00:49 CET 2018] scale:10000 groups:1000 work_mem:16MB incremental:on max_workers:0 =====
SELECT * FROM s_2 ORDER BY a, b, c LIMIT 100
                                                                      QUERY PLAN                                                                       
-------------------------------------------------------------------------------------------------------------------------------------------------------
 Limit  (cost=3.81..3.81 rows=1 width=20) (actual time=0.111..0.111 rows=0 loops=1)
   ->  Limit  (cost=0.81..2.81 rows=100 width=20) (actual time=0.076..0.107 rows=100 loops=1)
         ->  Incremental Sort  (cost=0.81..200.55 rows=10000 width=20) (actual time=0.075..0.101 rows=100 loops=1)
               Sort Key: s_2.a, s_2.b, s_2.c
               Presorted Key: s_2.a, s_2.b
               Sort Method: quicksort  Memory: 27kB
               Sort Groups: 4
               ->  Index Only Scan using s_2_a_b_e_d_c_idx on s_2  (cost=0.29..358.29 rows=10000 width=20) (actual time=0.021..0.035 rows=129 loops=1)
                     Heap Fetches: 0
 Planning time: 0.288 ms
 Execution time: 0.136 ms
(11 rows)

===== 183 [Wed Mar  7 02:00:49 CET 2018] scale:10000 groups:1000 work_mem:16MB incremental:on max_workers:0 =====
SELECT * FROM s_3 ORDER BY a, b, c, d LIMIT 100
                                                                      QUERY PLAN                                                                       
-------------------------------------------------------------------------------------------------------------------------------------------------------
 Limit  (cost=3.81..3.81 rows=1 width=20) (actual time=0.122..0.122 rows=0 loops=1)
   ->  Limit  (cost=0.81..2.81 rows=100 width=20) (actual time=0.086..0.118 rows=100 loops=1)
         ->  Incremental Sort  (cost=0.81..200.55 rows=10000 width=20) (actual time=0.086..0.112 rows=100 loops=1)
               Sort Key: s_3.a, s_3.b, s_3.c, s_3.d
               Presorted Key: s_3.a, s_3.b, s_3.c
               Sort Method: quicksort  Memory: 27kB
               Sort Groups: 4
               ->  Index Only Scan using s_3_a_b_c_e_d_idx on s_3  (cost=0.29..358.29 rows=10000 width=20) (actual time=0.033..0.047 rows=129 loops=1)
                     Heap Fetches: 0
 Planning time: 0.277 ms
 Execution time: 0.147 ms
(11 rows)

===== 184 [Wed Mar  7 02:00:50 CET 2018] scale:10000 groups:1000 work_mem:16MB incremental:off max_workers:0 =====
SELECT * FROM s_1 ORDER BY a, b LIMIT 100
                                                        QUERY PLAN                                                        
--------------------------------------------------------------------------------------------------------------------------
 Limit  (cost=547.44..547.44 rows=1 width=20) (actual time=1.286..1.286 rows=0 loops=1)
   ->  Limit  (cost=546.19..546.44 rows=100 width=20) (actual time=1.273..1.282 rows=100 loops=1)
         ->  Sort  (cost=546.19..571.19 rows=10000 width=20) (actual time=1.272..1.276 rows=100 loops=1)
               Sort Key: s_1.a, s_1.b
               Sort Method: top-N heapsort  Memory: 33kB
               ->  Seq Scan on s_1  (cost=0.00..164.00 rows=10000 width=20) (actual time=0.004..0.525 rows=10000 loops=1)
 Planning time: 0.280 ms
 Execution time: 1.310 ms
(8 rows)

===== 185 [Wed Mar  7 02:00:50 CET 2018] scale:10000 groups:1000 work_mem:16MB incremental:off max_workers:0 =====
SELECT * FROM s_2 ORDER BY a, b, c LIMIT 100
                                                        QUERY PLAN                                                        
--------------------------------------------------------------------------------------------------------------------------
 Limit  (cost=547.44..547.44 rows=1 width=20) (actual time=1.296..1.296 rows=0 loops=1)
   ->  Limit  (cost=546.19..546.44 rows=100 width=20) (actual time=1.283..1.292 rows=100 loops=1)
         ->  Sort  (cost=546.19..571.19 rows=10000 width=20) (actual time=1.283..1.286 rows=100 loops=1)
               Sort Key: s_2.a, s_2.b, s_2.c
               Sort Method: top-N heapsort  Memory: 32kB
               ->  Seq Scan on s_2  (cost=0.00..164.00 rows=10000 width=20) (actual time=0.007..0.524 rows=10000 loops=1)
 Planning time: 0.277 ms
 Execution time: 1.319 ms
(8 rows)

===== 186 [Wed Mar  7 02:00:50 CET 2018] scale:10000 groups:1000 work_mem:16MB incremental:off max_workers:0 =====
SELECT * FROM s_3 ORDER BY a, b, c, d LIMIT 100
                                                        QUERY PLAN                                                        
--------------------------------------------------------------------------------------------------------------------------
 Limit  (cost=547.44..547.44 rows=1 width=20) (actual time=1.295..1.295 rows=0 loops=1)
   ->  Limit  (cost=546.19..546.44 rows=100 width=20) (actual time=1.282..1.291 rows=100 loops=1)
         ->  Sort  (cost=546.19..571.19 rows=10000 width=20) (actual time=1.282..1.286 rows=100 loops=1)
               Sort Key: s_3.a, s_3.b, s_3.c, s_3.d
               Sort Method: top-N heapsort  Memory: 32kB
               ->  Seq Scan on s_3  (cost=0.00..164.00 rows=10000 width=20) (actual time=0.010..0.525 rows=10000 loops=1)
 Planning time: 0.276 ms
 Execution time: 1.319 ms
(8 rows)

===== 187 [Wed Mar  7 02:00:50 CET 2018] scale:10000 groups:1000 work_mem:32MB incremental:on max_workers:0 =====
SELECT * FROM s_1 ORDER BY a, b LIMIT 100
                                                                      QUERY PLAN                                                                       
-------------------------------------------------------------------------------------------------------------------------------------------------------
 Limit  (cost=3.81..3.81 rows=1 width=20) (actual time=0.129..0.129 rows=0 loops=1)
   ->  Limit  (cost=0.81..2.81 rows=100 width=20) (actual time=0.093..0.125 rows=100 loops=1)
         ->  Incremental Sort  (cost=0.81..200.55 rows=10000 width=20) (actual time=0.092..0.119 rows=100 loops=1)
               Sort Key: s_1.a, s_1.b
               Presorted Key: s_1.a
               Sort Method: quicksort  Memory: 28kB
               Sort Groups: 3
               ->  Index Only Scan using s_1_a_e_d_c_b_idx on s_1  (cost=0.29..358.29 rows=10000 width=20) (actual time=0.021..0.043 rows=111 loops=1)
                     Heap Fetches: 0
 Planning time: 0.278 ms
 Execution time: 0.155 ms
(11 rows)

===== 188 [Wed Mar  7 02:00:50 CET 2018] scale:10000 groups:1000 work_mem:32MB incremental:on max_workers:0 =====
SELECT * FROM s_2 ORDER BY a, b, c LIMIT 100
                                                                      QUERY PLAN                                                                       
-------------------------------------------------------------------------------------------------------------------------------------------------------
 Limit  (cost=3.81..3.81 rows=1 width=20) (actual time=0.111..0.111 rows=0 loops=1)
   ->  Limit  (cost=0.81..2.81 rows=100 width=20) (actual time=0.076..0.107 rows=100 loops=1)
         ->  Incremental Sort  (cost=0.81..200.55 rows=10000 width=20) (actual time=0.075..0.101 rows=100 loops=1)
               Sort Key: s_2.a, s_2.b, s_2.c
               Presorted Key: s_2.a, s_2.b
               Sort Method: quicksort  Memory: 27kB
               Sort Groups: 4
               ->  Index Only Scan using s_2_a_b_e_d_c_idx on s_2  (cost=0.29..358.29 rows=10000 width=20) (actual time=0.021..0.035 rows=129 loops=1)
                     Heap Fetches: 0
 Planning time: 0.288 ms
 Execution time: 0.136 ms
(11 rows)

===== 189 [Wed Mar  7 02:00:50 CET 2018] scale:10000 groups:1000 work_mem:32MB incremental:on max_workers:0 =====
SELECT * FROM s_3 ORDER BY a, b, c, d LIMIT 100
                                                                      QUERY PLAN                                                                       
-------------------------------------------------------------------------------------------------------------------------------------------------------
 Limit  (cost=3.81..3.81 rows=1 width=20) (actual time=0.113..0.113 rows=0 loops=1)
   ->  Limit  (cost=0.81..2.81 rows=100 width=20) (actual time=0.078..0.109 rows=100 loops=1)
         ->  Incremental Sort  (cost=0.81..200.55 rows=10000 width=20) (actual time=0.077..0.103 rows=100 loops=1)
               Sort Key: s_3.a, s_3.b, s_3.c, s_3.d
               Presorted Key: s_3.a, s_3.b, s_3.c
               Sort Method: quicksort  Memory: 27kB
               Sort Groups: 4
               ->  Index Only Scan using s_3_a_b_c_e_d_idx on s_3  (cost=0.29..358.29 rows=10000 width=20) (actual time=0.025..0.039 rows=129 loops=1)
                     Heap Fetches: 0
 Planning time: 0.281 ms
 Execution time: 0.137 ms
(11 rows)

===== 190 [Wed Mar  7 02:00:50 CET 2018] scale:10000 groups:1000 work_mem:32MB incremental:off max_workers:0 =====
SELECT * FROM s_1 ORDER BY a, b LIMIT 100
                                                        QUERY PLAN                                                        
--------------------------------------------------------------------------------------------------------------------------
 Limit  (cost=547.44..547.44 rows=1 width=20) (actual time=1.292..1.292 rows=0 loops=1)
   ->  Limit  (cost=546.19..546.44 rows=100 width=20) (actual time=1.279..1.288 rows=100 loops=1)
         ->  Sort  (cost=546.19..571.19 rows=10000 width=20) (actual time=1.279..1.282 rows=100 loops=1)
               Sort Key: s_1.a, s_1.b
               Sort Method: top-N heapsort  Memory: 33kB
               ->  Seq Scan on s_1  (cost=0.00..164.00 rows=10000 width=20) (actual time=0.004..0.525 rows=10000 loops=1)
 Planning time: 0.269 ms
 Execution time: 1.314 ms
(8 rows)

===== 191 [Wed Mar  7 02:00:50 CET 2018] scale:10000 groups:1000 work_mem:32MB incremental:off max_workers:0 =====
SELECT * FROM s_2 ORDER BY a, b, c LIMIT 100
                                                        QUERY PLAN                                                        
--------------------------------------------------------------------------------------------------------------------------
 Limit  (cost=547.44..547.44 rows=1 width=20) (actual time=1.287..1.287 rows=0 loops=1)
   ->  Limit  (cost=546.19..546.44 rows=100 width=20) (actual time=1.274..1.283 rows=100 loops=1)
         ->  Sort  (cost=546.19..571.19 rows=10000 width=20) (actual time=1.273..1.277 rows=100 loops=1)
               Sort Key: s_2.a, s_2.b, s_2.c
               Sort Method: top-N heapsort  Memory: 32kB
               ->  Seq Scan on s_2  (cost=0.00..164.00 rows=10000 width=20) (actual time=0.007..0.520 rows=10000 loops=1)
 Planning time: 0.273 ms
 Execution time: 1.309 ms
(8 rows)

===== 192 [Wed Mar  7 02:00:50 CET 2018] scale:10000 groups:1000 work_mem:32MB incremental:off max_workers:0 =====
SELECT * FROM s_3 ORDER BY a, b, c, d LIMIT 100
                                                        QUERY PLAN                                                        
--------------------------------------------------------------------------------------------------------------------------
 Limit  (cost=547.44..547.44 rows=1 width=20) (actual time=1.302..1.302 rows=0 loops=1)
   ->  Limit  (cost=546.19..546.44 rows=100 width=20) (actual time=1.289..1.298 rows=100 loops=1)
         ->  Sort  (cost=546.19..571.19 rows=10000 width=20) (actual time=1.289..1.292 rows=100 loops=1)
               Sort Key: s_3.a, s_3.b, s_3.c, s_3.d
               Sort Method: top-N heapsort  Memory: 32kB
               ->  Seq Scan on s_3  (cost=0.00..164.00 rows=10000 width=20) (actual time=0.010..0.526 rows=10000 loops=1)
 Planning time: 0.272 ms
 Execution time: 1.324 ms
(8 rows)

===== 193 [Wed Mar  7 02:00:50 CET 2018] scale:10000 groups:1000 work_mem:64MB incremental:on max_workers:0 =====
SELECT * FROM s_1 ORDER BY a, b LIMIT 100
                                                                      QUERY PLAN                                                                       
-------------------------------------------------------------------------------------------------------------------------------------------------------
 Limit  (cost=3.81..3.81 rows=1 width=20) (actual time=0.118..0.118 rows=0 loops=1)
   ->  Limit  (cost=0.81..2.81 rows=100 width=20) (actual time=0.082..0.115 rows=100 loops=1)
         ->  Incremental Sort  (cost=0.81..200.55 rows=10000 width=20) (actual time=0.082..0.109 rows=100 loops=1)
               Sort Key: s_1.a, s_1.b
               Presorted Key: s_1.a
               Sort Method: quicksort  Memory: 28kB
               Sort Groups: 3
               ->  Index Only Scan using s_1_a_e_d_c_b_idx on s_1  (cost=0.29..358.29 rows=10000 width=20) (actual time=0.023..0.034 rows=111 loops=1)
                     Heap Fetches: 0
 Planning time: 0.277 ms
 Execution time: 0.144 ms
(11 rows)

===== 194 [Wed Mar  7 02:00:50 CET 2018] scale:10000 groups:1000 work_mem:64MB incremental:on max_workers:0 =====
SELECT * FROM s_2 ORDER BY a, b, c LIMIT 100
                                                                      QUERY PLAN                                                                       
-------------------------------------------------------------------------------------------------------------------------------------------------------
 Limit  (cost=3.81..3.81 rows=1 width=20) (actual time=0.116..0.116 rows=0 loops=1)
   ->  Limit  (cost=0.81..2.81 rows=100 width=20) (actual time=0.081..0.113 rows=100 loops=1)
         ->  Incremental Sort  (cost=0.81..200.55 rows=10000 width=20) (actual time=0.081..0.107 rows=100 loops=1)
               Sort Key: s_2.a, s_2.b, s_2.c
               Presorted Key: s_2.a, s_2.b
               Sort Method: quicksort  Memory: 27kB
               Sort Groups: 4
               ->  Index Only Scan using s_2_a_b_e_d_c_idx on s_2  (cost=0.29..358.29 rows=10000 width=20) (actual time=0.021..0.034 rows=129 loops=1)
                     Heap Fetches: 0
 Planning time: 0.281 ms
 Execution time: 0.141 ms
(11 rows)

===== 195 [Wed Mar  7 02:00:50 CET 2018] scale:10000 groups:1000 work_mem:64MB incremental:on max_workers:0 =====
SELECT * FROM s_3 ORDER BY a, b, c, d LIMIT 100
                                                                      QUERY PLAN                                                                       
-------------------------------------------------------------------------------------------------------------------------------------------------------
 Limit  (cost=3.81..3.81 rows=1 width=20) (actual time=0.119..0.119 rows=0 loops=1)
   ->  Limit  (cost=0.81..2.81 rows=100 width=20) (actual time=0.078..0.116 rows=100 loops=1)
         ->  Incremental Sort  (cost=0.81..200.55 rows=10000 width=20) (actual time=0.078..0.110 rows=100 loops=1)
               Sort Key: s_3.a, s_3.b, s_3.c, s_3.d
               Presorted Key: s_3.a, s_3.b, s_3.c
               Sort Method: quicksort  Memory: 27kB
               Sort Groups: 4
               ->  Index Only Scan using s_3_a_b_c_e_d_idx on s_3  (cost=0.29..358.29 rows=10000 width=20) (actual time=0.025..0.044 rows=129 loops=1)
                     Heap Fetches: 0
 Planning time: 0.277 ms
 Execution time: 0.145 ms
(11 rows)

===== 196 [Wed Mar  7 02:00:50 CET 2018] scale:10000 groups:1000 work_mem:64MB incremental:off max_workers:0 =====
SELECT * FROM s_1 ORDER BY a, b LIMIT 100
                                                        QUERY PLAN                                                        
--------------------------------------------------------------------------------------------------------------------------
 Limit  (cost=547.44..547.44 rows=1 width=20) (actual time=1.292..1.292 rows=0 loops=1)
   ->  Limit  (cost=546.19..546.44 rows=100 width=20) (actual time=1.279..1.288 rows=100 loops=1)
         ->  Sort  (cost=546.19..571.19 rows=10000 width=20) (actual time=1.278..1.282 rows=100 loops=1)
               Sort Key: s_1.a, s_1.b
               Sort Method: top-N heapsort  Memory: 33kB
               ->  Seq Scan on s_1  (cost=0.00..164.00 rows=10000 width=20) (actual time=0.004..0.531 rows=10000 loops=1)
 Planning time: 0.262 ms
 Execution time: 1.316 ms
(8 rows)

===== 197 [Wed Mar  7 02:00:51 CET 2018] scale:10000 groups:1000 work_mem:64MB incremental:off max_workers:0 =====
SELECT * FROM s_2 ORDER BY a, b, c LIMIT 100
                                                        QUERY PLAN                                                        
--------------------------------------------------------------------------------------------------------------------------
 Limit  (cost=547.44..547.44 rows=1 width=20) (actual time=1.296..1.296 rows=0 loops=1)
   ->  Limit  (cost=546.19..546.44 rows=100 width=20) (actual time=1.283..1.292 rows=100 loops=1)
         ->  Sort  (cost=546.19..571.19 rows=10000 width=20) (actual time=1.282..1.286 rows=100 loops=1)
               Sort Key: s_2.a, s_2.b, s_2.c
               Sort Method: top-N heapsort  Memory: 32kB
               ->  Seq Scan on s_2  (cost=0.00..164.00 rows=10000 width=20) (actual time=0.007..0.526 rows=10000 loops=1)
 Planning time: 0.283 ms
 Execution time: 1.319 ms
(8 rows)

===== 198 [Wed Mar  7 02:00:51 CET 2018] scale:10000 groups:1000 work_mem:64MB incremental:off max_workers:0 =====
SELECT * FROM s_3 ORDER BY a, b, c, d LIMIT 100
                                                        QUERY PLAN                                                        
--------------------------------------------------------------------------------------------------------------------------
 Limit  (cost=547.44..547.44 rows=1 width=20) (actual time=1.304..1.304 rows=0 loops=1)
   ->  Limit  (cost=546.19..546.44 rows=100 width=20) (actual time=1.291..1.300 rows=100 loops=1)
         ->  Sort  (cost=546.19..571.19 rows=10000 width=20) (actual time=1.290..1.294 rows=100 loops=1)
               Sort Key: s_3.a, s_3.b, s_3.c, s_3.d
               Sort Method: top-N heapsort  Memory: 32kB
               ->  Seq Scan on s_3  (cost=0.00..164.00 rows=10000 width=20) (actual time=0.010..0.527 rows=10000 loops=1)
 Planning time: 0.270 ms
 Execution time: 1.326 ms
(8 rows)

===== 199 [Wed Mar  7 02:00:51 CET 2018] scale:10000 groups:1000 work_mem:128MB incremental:on max_workers:0 =====
SELECT * FROM s_1 ORDER BY a, b LIMIT 100
                                                                      QUERY PLAN                                                                       
-------------------------------------------------------------------------------------------------------------------------------------------------------
 Limit  (cost=3.81..3.81 rows=1 width=20) (actual time=0.123..0.123 rows=0 loops=1)
   ->  Limit  (cost=0.81..2.81 rows=100 width=20) (actual time=0.080..0.119 rows=100 loops=1)
         ->  Incremental Sort  (cost=0.81..200.55 rows=10000 width=20) (actual time=0.080..0.114 rows=100 loops=1)
               Sort Key: s_1.a, s_1.b
               Presorted Key: s_1.a
               Sort Method: quicksort  Memory: 28kB
               Sort Groups: 3
               ->  Index Only Scan using s_1_a_e_d_c_b_idx on s_1  (cost=0.29..358.29 rows=10000 width=20) (actual time=0.021..0.039 rows=111 loops=1)
                     Heap Fetches: 0
 Planning time: 0.277 ms
 Execution time: 0.149 ms
(11 rows)

===== 200 [Wed Mar  7 02:00:51 CET 2018] scale:10000 groups:1000 work_mem:128MB incremental:on max_workers:0 =====
SELECT * FROM s_2 ORDER BY a, b, c LIMIT 100
                                                                      QUERY PLAN                                                                       
-------------------------------------------------------------------------------------------------------------------------------------------------------
 Limit  (cost=3.81..3.81 rows=1 width=20) (actual time=0.115..0.115 rows=0 loops=1)
   ->  Limit  (cost=0.81..2.81 rows=100 width=20) (actual time=0.075..0.108 rows=100 loops=1)
         ->  Incremental Sort  (cost=0.81..200.55 rows=10000 width=20) (actual time=0.075..0.102 rows=100 loops=1)
               Sort Key: s_2.a, s_2.b, s_2.c
               Presorted Key: s_2.a, s_2.b
               Sort Method: quicksort  Memory: 27kB
               Sort Groups: 4
               ->  Index Only Scan using s_2_a_b_e_d_c_idx on s_2  (cost=0.29..358.29 rows=10000 width=20) (actual time=0.021..0.035 rows=129 loops=1)
                     Heap Fetches: 0
 Planning time: 0.277 ms
 Execution time: 0.142 ms
(11 rows)

===== 201 [Wed Mar  7 02:00:51 CET 2018] scale:10000 groups:1000 work_mem:128MB incremental:on max_workers:0 =====
SELECT * FROM s_3 ORDER BY a, b, c, d LIMIT 100
                                                                      QUERY PLAN                                                                       
-------------------------------------------------------------------------------------------------------------------------------------------------------
 Limit  (cost=3.81..3.81 rows=1 width=20) (actual time=0.113..0.113 rows=0 loops=1)
   ->  Limit  (cost=0.81..2.81 rows=100 width=20) (actual time=0.078..0.110 rows=100 loops=1)
         ->  Incremental Sort  (cost=0.81..200.55 rows=10000 width=20) (actual time=0.077..0.104 rows=100 loops=1)
               Sort Key: s_3.a, s_3.b, s_3.c, s_3.d
               Presorted Key: s_3.a, s_3.b, s_3.c
               Sort Method: quicksort  Memory: 27kB
               Sort Groups: 4
               ->  Index Only Scan using s_3_a_b_c_e_d_idx on s_3  (cost=0.29..358.29 rows=10000 width=20) (actual time=0.025..0.039 rows=129 loops=1)
                     Heap Fetches: 0
 Planning time: 0.276 ms
 Execution time: 0.137 ms
(11 rows)

===== 202 [Wed Mar  7 02:00:51 CET 2018] scale:10000 groups:1000 work_mem:128MB incremental:off max_workers:0 =====
SELECT * FROM s_1 ORDER BY a, b LIMIT 100
                                                        QUERY PLAN                                                        
--------------------------------------------------------------------------------------------------------------------------
 Limit  (cost=547.44..547.44 rows=1 width=20) (actual time=1.294..1.294 rows=0 loops=1)
   ->  Limit  (cost=546.19..546.44 rows=100 width=20) (actual time=1.281..1.291 rows=100 loops=1)
         ->  Sort  (cost=546.19..571.19 rows=10000 width=20) (actual time=1.281..1.285 rows=100 loops=1)
               Sort Key: s_1.a, s_1.b
               Sort Method: top-N heapsort  Memory: 33kB
               ->  Seq Scan on s_1  (cost=0.00..164.00 rows=10000 width=20) (actual time=0.004..0.525 rows=10000 loops=1)
 Planning time: 0.268 ms
 Execution time: 1.318 ms
(8 rows)

===== 203 [Wed Mar  7 02:00:51 CET 2018] scale:10000 groups:1000 work_mem:128MB incremental:off max_workers:0 =====
SELECT * FROM s_2 ORDER BY a, b, c LIMIT 100
                                                        QUERY PLAN                                                        
--------------------------------------------------------------------------------------------------------------------------
 Limit  (cost=547.44..547.44 rows=1 width=20) (actual time=1.289..1.289 rows=0 loops=1)
   ->  Limit  (cost=546.19..546.44 rows=100 width=20) (actual time=1.276..1.286 rows=100 loops=1)
         ->  Sort  (cost=546.19..571.19 rows=10000 width=20) (actual time=1.276..1.280 rows=100 loops=1)
               Sort Key: s_2.a, s_2.b, s_2.c
               Sort Method: top-N heapsort  Memory: 32kB
               ->  Seq Scan on s_2  (cost=0.00..164.00 rows=10000 width=20) (actual time=0.007..0.521 rows=10000 loops=1)
 Planning time: 0.274 ms
 Execution time: 1.314 ms
(8 rows)

===== 204 [Wed Mar  7 02:00:51 CET 2018] scale:10000 groups:1000 work_mem:128MB incremental:off max_workers:0 =====
SELECT * FROM s_3 ORDER BY a, b, c, d LIMIT 100
                                                        QUERY PLAN                                                        
--------------------------------------------------------------------------------------------------------------------------
 Limit  (cost=547.44..547.44 rows=1 width=20) (actual time=1.294..1.294 rows=0 loops=1)
   ->  Limit  (cost=546.19..546.44 rows=100 width=20) (actual time=1.281..1.290 rows=100 loops=1)
         ->  Sort  (cost=546.19..571.19 rows=10000 width=20) (actual time=1.280..1.284 rows=100 loops=1)
               Sort Key: s_3.a, s_3.b, s_3.c, s_3.d
               Sort Method: top-N heapsort  Memory: 32kB
               ->  Seq Scan on s_3  (cost=0.00..164.00 rows=10000 width=20) (actual time=0.009..0.521 rows=10000 loops=1)
 Planning time: 0.270 ms
 Execution time: 1.325 ms
(8 rows)

===== 205 [Wed Mar  7 02:00:51 CET 2018] scale:10000 groups:1000 work_mem:256MB incremental:on max_workers:0 =====
SELECT * FROM s_1 ORDER BY a, b LIMIT 100
                                                                      QUERY PLAN                                                                       
-------------------------------------------------------------------------------------------------------------------------------------------------------
 Limit  (cost=3.81..3.81 rows=1 width=20) (actual time=0.126..0.126 rows=0 loops=1)
   ->  Limit  (cost=0.81..2.81 rows=100 width=20) (actual time=0.090..0.123 rows=100 loops=1)
         ->  Incremental Sort  (cost=0.81..200.55 rows=10000 width=20) (actual time=0.090..0.117 rows=100 loops=1)
               Sort Key: s_1.a, s_1.b
               Presorted Key: s_1.a
               Sort Method: quicksort  Memory: 28kB
               Sort Groups: 3
               ->  Index Only Scan using s_1_a_e_d_c_b_idx on s_1  (cost=0.29..358.29 rows=10000 width=20) (actual time=0.022..0.033 rows=111 loops=1)
                     Heap Fetches: 0
 Planning time: 0.275 ms
 Execution time: 0.152 ms
(11 rows)

===== 206 [Wed Mar  7 02:00:51 CET 2018] scale:10000 groups:1000 work_mem:256MB incremental:on max_workers:0 =====
SELECT * FROM s_2 ORDER BY a, b, c LIMIT 100
                                                                      QUERY PLAN                                                                       
-------------------------------------------------------------------------------------------------------------------------------------------------------
 Limit  (cost=3.81..3.81 rows=1 width=20) (actual time=0.113..0.113 rows=0 loops=1)
   ->  Limit  (cost=0.81..2.81 rows=100 width=20) (actual time=0.077..0.109 rows=100 loops=1)
         ->  Incremental Sort  (cost=0.81..200.55 rows=10000 width=20) (actual time=0.077..0.103 rows=100 loops=1)
               Sort Key: s_2.a, s_2.b, s_2.c
               Presorted Key: s_2.a, s_2.b
               Sort Method: quicksort  Memory: 27kB
               Sort Groups: 4
               ->  Index Only Scan using s_2_a_b_e_d_c_idx on s_2  (cost=0.29..358.29 rows=10000 width=20) (actual time=0.021..0.035 rows=129 loops=1)
                     Heap Fetches: 0
 Planning time: 0.281 ms
 Execution time: 0.138 ms
(11 rows)

===== 207 [Wed Mar  7 02:00:51 CET 2018] scale:10000 groups:1000 work_mem:256MB incremental:on max_workers:0 =====
SELECT * FROM s_3 ORDER BY a, b, c, d LIMIT 100
                                                                      QUERY PLAN                                                                       
-------------------------------------------------------------------------------------------------------------------------------------------------------
 Limit  (cost=3.81..3.81 rows=1 width=20) (actual time=0.115..0.115 rows=0 loops=1)
   ->  Limit  (cost=0.81..2.81 rows=100 width=20) (actual time=0.080..0.112 rows=100 loops=1)
         ->  Incremental Sort  (cost=0.81..200.55 rows=10000 width=20) (actual time=0.080..0.106 rows=100 loops=1)
               Sort Key: s_3.a, s_3.b, s_3.c, s_3.d
               Presorted Key: s_3.a, s_3.b, s_3.c
               Sort Method: quicksort  Memory: 27kB
               Sort Groups: 4
               ->  Index Only Scan using s_3_a_b_c_e_d_idx on s_3  (cost=0.29..358.29 rows=10000 width=20) (actual time=0.026..0.040 rows=129 loops=1)
                     Heap Fetches: 0
 Planning time: 0.284 ms
 Execution time: 0.140 ms
(11 rows)

===== 208 [Wed Mar  7 02:00:51 CET 2018] scale:10000 groups:1000 work_mem:256MB incremental:off max_workers:0 =====
SELECT * FROM s_1 ORDER BY a, b LIMIT 100
                                                        QUERY PLAN                                                        
--------------------------------------------------------------------------------------------------------------------------
 Limit  (cost=547.44..547.44 rows=1 width=20) (actual time=1.291..1.291 rows=0 loops=1)
   ->  Limit  (cost=546.19..546.44 rows=100 width=20) (actual time=1.278..1.288 rows=100 loops=1)
         ->  Sort  (cost=546.19..571.19 rows=10000 width=20) (actual time=1.278..1.282 rows=100 loops=1)
               Sort Key: s_1.a, s_1.b
               Sort Method: top-N heapsort  Memory: 33kB
               ->  Seq Scan on s_1  (cost=0.00..164.00 rows=10000 width=20) (actual time=0.004..0.528 rows=10000 loops=1)
 Planning time: 0.271 ms
 Execution time: 1.315 ms
(8 rows)

===== 209 [Wed Mar  7 02:00:51 CET 2018] scale:10000 groups:1000 work_mem:256MB incremental:off max_workers:0 =====
SELECT * FROM s_2 ORDER BY a, b, c LIMIT 100
                                                        QUERY PLAN                                                        
--------------------------------------------------------------------------------------------------------------------------
 Limit  (cost=547.44..547.44 rows=1 width=20) (actual time=1.289..1.289 rows=0 loops=1)
   ->  Limit  (cost=546.19..546.44 rows=100 width=20) (actual time=1.276..1.286 rows=100 loops=1)
         ->  Sort  (cost=546.19..571.19 rows=10000 width=20) (actual time=1.276..1.280 rows=100 loops=1)
               Sort Key: s_2.a, s_2.b, s_2.c
               Sort Method: top-N heapsort  Memory: 32kB
               ->  Seq Scan on s_2  (cost=0.00..164.00 rows=10000 width=20) (actual time=0.007..0.521 rows=10000 loops=1)
 Planning time: 0.271 ms
 Execution time: 1.312 ms
(8 rows)

===== 210 [Wed Mar  7 02:00:52 CET 2018] scale:10000 groups:1000 work_mem:256MB incremental:off max_workers:0 =====
SELECT * FROM s_3 ORDER BY a, b, c, d LIMIT 100
                                                        QUERY PLAN                                                        
--------------------------------------------------------------------------------------------------------------------------
 Limit  (cost=547.44..547.44 rows=1 width=20) (actual time=1.295..1.295 rows=0 loops=1)
   ->  Limit  (cost=546.19..546.44 rows=100 width=20) (actual time=1.282..1.292 rows=100 loops=1)
         ->  Sort  (cost=546.19..571.19 rows=10000 width=20) (actual time=1.282..1.286 rows=100 loops=1)
               Sort Key: s_3.a, s_3.b, s_3.c, s_3.d
               Sort Method: top-N heapsort  Memory: 32kB
               ->  Seq Scan on s_3  (cost=0.00..164.00 rows=10000 width=20) (actual time=0.010..0.526 rows=10000 loops=1)
 Planning time: 0.268 ms
 Execution time: 1.318 ms
(8 rows)

===== 211 [Wed Mar  7 02:00:52 CET 2018] scale:10000 groups:1000 work_mem:4MB incremental:on max_workers:2 =====
SELECT * FROM s_1 ORDER BY a, b LIMIT 100
                                                                      QUERY PLAN                                                                       
-------------------------------------------------------------------------------------------------------------------------------------------------------
 Limit  (cost=3.81..3.81 rows=1 width=20) (actual time=0.119..0.119 rows=0 loops=1)
   ->  Limit  (cost=0.81..2.81 rows=100 width=20) (actual time=0.083..0.116 rows=100 loops=1)
         ->  Incremental Sort  (cost=0.81..200.55 rows=10000 width=20) (actual time=0.083..0.110 rows=100 loops=1)
               Sort Key: s_1.a, s_1.b
               Presorted Key: s_1.a
               Sort Method: quicksort  Memory: 28kB
               Sort Groups: 3
               ->  Index Only Scan using s_1_a_e_d_c_b_idx on s_1  (cost=0.29..358.29 rows=10000 width=20) (actual time=0.021..0.033 rows=111 loops=1)
                     Heap Fetches: 0
 Planning time: 0.282 ms
 Execution time: 0.145 ms
(11 rows)

===== 212 [Wed Mar  7 02:00:52 CET 2018] scale:10000 groups:1000 work_mem:4MB incremental:on max_workers:2 =====
SELECT * FROM s_2 ORDER BY a, b, c LIMIT 100
                                                                      QUERY PLAN                                                                       
-------------------------------------------------------------------------------------------------------------------------------------------------------
 Limit  (cost=3.81..3.81 rows=1 width=20) (actual time=0.110..0.110 rows=0 loops=1)
   ->  Limit  (cost=0.81..2.81 rows=100 width=20) (actual time=0.075..0.106 rows=100 loops=1)
         ->  Incremental Sort  (cost=0.81..200.55 rows=10000 width=20) (actual time=0.075..0.101 rows=100 loops=1)
               Sort Key: s_2.a, s_2.b, s_2.c
               Presorted Key: s_2.a, s_2.b
               Sort Method: quicksort  Memory: 27kB
               Sort Groups: 4
               ->  Index Only Scan using s_2_a_b_e_d_c_idx on s_2  (cost=0.29..358.29 rows=10000 width=20) (actual time=0.021..0.035 rows=129 loops=1)
                     Heap Fetches: 0
 Planning time: 0.291 ms
 Execution time: 0.135 ms
(11 rows)

===== 213 [Wed Mar  7 02:00:52 CET 2018] scale:10000 groups:1000 work_mem:4MB incremental:on max_workers:2 =====
SELECT * FROM s_3 ORDER BY a, b, c, d LIMIT 100
                                                                      QUERY PLAN                                                                       
-------------------------------------------------------------------------------------------------------------------------------------------------------
 Limit  (cost=3.81..3.81 rows=1 width=20) (actual time=0.117..0.117 rows=0 loops=1)
   ->  Limit  (cost=0.81..2.81 rows=100 width=20) (actual time=0.082..0.113 rows=100 loops=1)
         ->  Incremental Sort  (cost=0.81..200.55 rows=10000 width=20) (actual time=0.081..0.107 rows=100 loops=1)
               Sort Key: s_3.a, s_3.b, s_3.c, s_3.d
               Presorted Key: s_3.a, s_3.b, s_3.c
               Sort Method: quicksort  Memory: 27kB
               Sort Groups: 4
               ->  Index Only Scan using s_3_a_b_c_e_d_idx on s_3  (cost=0.29..358.29 rows=10000 width=20) (actual time=0.030..0.043 rows=129 loops=1)
                     Heap Fetches: 0
 Planning time: 0.280 ms
 Execution time: 0.141 ms
(11 rows)

===== 214 [Wed Mar  7 02:00:52 CET 2018] scale:10000 groups:1000 work_mem:4MB incremental:off max_workers:2 =====
SELECT * FROM s_1 ORDER BY a, b LIMIT 100
                                                        QUERY PLAN                                                        
--------------------------------------------------------------------------------------------------------------------------
 Limit  (cost=547.44..547.44 rows=1 width=20) (actual time=1.288..1.288 rows=0 loops=1)
   ->  Limit  (cost=546.19..546.44 rows=100 width=20) (actual time=1.275..1.284 rows=100 loops=1)
         ->  Sort  (cost=546.19..571.19 rows=10000 width=20) (actual time=1.275..1.278 rows=100 loops=1)
               Sort Key: s_1.a, s_1.b
               Sort Method: top-N heapsort  Memory: 33kB
               ->  Seq Scan on s_1  (cost=0.00..164.00 rows=10000 width=20) (actual time=0.004..0.528 rows=10000 loops=1)
 Planning time: 0.270 ms
 Execution time: 1.311 ms
(8 rows)

===== 215 [Wed Mar  7 02:00:52 CET 2018] scale:10000 groups:1000 work_mem:4MB incremental:off max_workers:2 =====
SELECT * FROM s_2 ORDER BY a, b, c LIMIT 100
                                                        QUERY PLAN                                                        
--------------------------------------------------------------------------------------------------------------------------
 Limit  (cost=547.44..547.44 rows=1 width=20) (actual time=1.295..1.295 rows=0 loops=1)
   ->  Limit  (cost=546.19..546.44 rows=100 width=20) (actual time=1.282..1.292 rows=100 loops=1)
         ->  Sort  (cost=546.19..571.19 rows=10000 width=20) (actual time=1.282..1.286 rows=100 loops=1)
               Sort Key: s_2.a, s_2.b, s_2.c
               Sort Method: top-N heapsort  Memory: 32kB
               ->  Seq Scan on s_2  (cost=0.00..164.00 rows=10000 width=20) (actual time=0.008..0.527 rows=10000 loops=1)
 Planning time: 0.282 ms
 Execution time: 1.318 ms
(8 rows)

===== 216 [Wed Mar  7 02:00:52 CET 2018] scale:10000 groups:1000 work_mem:4MB incremental:off max_workers:2 =====
SELECT * FROM s_3 ORDER BY a, b, c, d LIMIT 100
                                                        QUERY PLAN                                                        
--------------------------------------------------------------------------------------------------------------------------
 Limit  (cost=547.44..547.44 rows=1 width=20) (actual time=1.304..1.304 rows=0 loops=1)
   ->  Limit  (cost=546.19..546.44 rows=100 width=20) (actual time=1.291..1.300 rows=100 loops=1)
         ->  Sort  (cost=546.19..571.19 rows=10000 width=20) (actual time=1.291..1.294 rows=100 loops=1)
               Sort Key: s_3.a, s_3.b, s_3.c, s_3.d
               Sort Method: top-N heapsort  Memory: 32kB
               ->  Seq Scan on s_3  (cost=0.00..164.00 rows=10000 width=20) (actual time=0.010..0.528 rows=10000 loops=1)
 Planning time: 0.274 ms
 Execution time: 1.327 ms
(8 rows)

===== 217 [Wed Mar  7 02:00:52 CET 2018] scale:10000 groups:1000 work_mem:8MB incremental:on max_workers:2 =====
SELECT * FROM s_1 ORDER BY a, b LIMIT 100
                                                                      QUERY PLAN                                                                       
-------------------------------------------------------------------------------------------------------------------------------------------------------
 Limit  (cost=3.81..3.81 rows=1 width=20) (actual time=0.116..0.116 rows=0 loops=1)
   ->  Limit  (cost=0.81..2.81 rows=100 width=20) (actual time=0.080..0.112 rows=100 loops=1)
         ->  Incremental Sort  (cost=0.81..200.55 rows=10000 width=20) (actual time=0.079..0.106 rows=100 loops=1)
               Sort Key: s_1.a, s_1.b
               Presorted Key: s_1.a
               Sort Method: quicksort  Memory: 28kB
               Sort Groups: 3
               ->  Index Only Scan using s_1_a_e_d_c_b_idx on s_1  (cost=0.29..358.29 rows=10000 width=20) (actual time=0.020..0.032 rows=111 loops=1)
                     Heap Fetches: 0
 Planning time: 0.272 ms
 Execution time: 0.141 ms
(11 rows)

===== 218 [Wed Mar  7 02:00:52 CET 2018] scale:10000 groups:1000 work_mem:8MB incremental:on max_workers:2 =====
SELECT * FROM s_2 ORDER BY a, b, c LIMIT 100
                                                                      QUERY PLAN                                                                       
-------------------------------------------------------------------------------------------------------------------------------------------------------
 Limit  (cost=3.81..3.81 rows=1 width=20) (actual time=0.109..0.109 rows=0 loops=1)
   ->  Limit  (cost=0.81..2.81 rows=100 width=20) (actual time=0.075..0.106 rows=100 loops=1)
         ->  Incremental Sort  (cost=0.81..200.55 rows=10000 width=20) (actual time=0.074..0.100 rows=100 loops=1)
               Sort Key: s_2.a, s_2.b, s_2.c
               Presorted Key: s_2.a, s_2.b
               Sort Method: quicksort  Memory: 27kB
               Sort Groups: 4
               ->  Index Only Scan using s_2_a_b_e_d_c_idx on s_2  (cost=0.29..358.29 rows=10000 width=20) (actual time=0.021..0.034 rows=129 loops=1)
                     Heap Fetches: 0
 Planning time: 0.283 ms
 Execution time: 0.134 ms
(11 rows)

===== 219 [Wed Mar  7 02:00:52 CET 2018] scale:10000 groups:1000 work_mem:8MB incremental:on max_workers:2 =====
SELECT * FROM s_3 ORDER BY a, b, c, d LIMIT 100
                                                                      QUERY PLAN                                                                       
-------------------------------------------------------------------------------------------------------------------------------------------------------
 Limit  (cost=3.81..3.81 rows=1 width=20) (actual time=0.115..0.115 rows=0 loops=1)
   ->  Limit  (cost=0.81..2.81 rows=100 width=20) (actual time=0.080..0.111 rows=100 loops=1)
         ->  Incremental Sort  (cost=0.81..200.55 rows=10000 width=20) (actual time=0.079..0.105 rows=100 loops=1)
               Sort Key: s_3.a, s_3.b, s_3.c, s_3.d
               Presorted Key: s_3.a, s_3.b, s_3.c
               Sort Method: quicksort  Memory: 27kB
               Sort Groups: 4
               ->  Index Only Scan using s_3_a_b_c_e_d_idx on s_3  (cost=0.29..358.29 rows=10000 width=20) (actual time=0.025..0.039 rows=129 loops=1)
                     Heap Fetches: 0
 Planning time: 0.289 ms
 Execution time: 0.140 ms
(11 rows)

===== 220 [Wed Mar  7 02:00:52 CET 2018] scale:10000 groups:1000 work_mem:8MB incremental:off max_workers:2 =====
SELECT * FROM s_1 ORDER BY a, b LIMIT 100
                                                        QUERY PLAN                                                        
--------------------------------------------------------------------------------------------------------------------------
 Limit  (cost=547.44..547.44 rows=1 width=20) (actual time=1.291..1.291 rows=0 loops=1)
   ->  Limit  (cost=546.19..546.44 rows=100 width=20) (actual time=1.278..1.287 rows=100 loops=1)
         ->  Sort  (cost=546.19..571.19 rows=10000 width=20) (actual time=1.277..1.281 rows=100 loops=1)
               Sort Key: s_1.a, s_1.b
               Sort Method: top-N heapsort  Memory: 33kB
               ->  Seq Scan on s_1  (cost=0.00..164.00 rows=10000 width=20) (actual time=0.004..0.526 rows=10000 loops=1)
 Planning time: 0.278 ms
 Execution time: 1.314 ms
(8 rows)

===== 221 [Wed Mar  7 02:00:52 CET 2018] scale:10000 groups:1000 work_mem:8MB incremental:off max_workers:2 =====
SELECT * FROM s_2 ORDER BY a, b, c LIMIT 100
                                                        QUERY PLAN                                                        
--------------------------------------------------------------------------------------------------------------------------
 Limit  (cost=547.44..547.44 rows=1 width=20) (actual time=1.292..1.292 rows=0 loops=1)
   ->  Limit  (cost=546.19..546.44 rows=100 width=20) (actual time=1.279..1.289 rows=100 loops=1)
         ->  Sort  (cost=546.19..571.19 rows=10000 width=20) (actual time=1.279..1.283 rows=100 loops=1)
               Sort Key: s_2.a, s_2.b, s_2.c
               Sort Method: top-N heapsort  Memory: 32kB
               ->  Seq Scan on s_2  (cost=0.00..164.00 rows=10000 width=20) (actual time=0.007..0.530 rows=10000 loops=1)
 Planning time: 0.274 ms
 Execution time: 1.315 ms
(8 rows)

===== 222 [Wed Mar  7 02:00:52 CET 2018] scale:10000 groups:1000 work_mem:8MB incremental:off max_workers:2 =====
SELECT * FROM s_3 ORDER BY a, b, c, d LIMIT 100
                                                        QUERY PLAN                                                        
--------------------------------------------------------------------------------------------------------------------------
 Limit  (cost=547.44..547.44 rows=1 width=20) (actual time=1.302..1.302 rows=0 loops=1)
   ->  Limit  (cost=546.19..546.44 rows=100 width=20) (actual time=1.289..1.299 rows=100 loops=1)
         ->  Sort  (cost=546.19..571.19 rows=10000 width=20) (actual time=1.289..1.293 rows=100 loops=1)
               Sort Key: s_3.a, s_3.b, s_3.c, s_3.d
               Sort Method: top-N heapsort  Memory: 32kB
               ->  Seq Scan on s_3  (cost=0.00..164.00 rows=10000 width=20) (actual time=0.010..0.530 rows=10000 loops=1)
 Planning time: 0.274 ms
 Execution time: 1.324 ms
(8 rows)

===== 223 [Wed Mar  7 02:00:53 CET 2018] scale:10000 groups:1000 work_mem:16MB incremental:on max_workers:2 =====
SELECT * FROM s_1 ORDER BY a, b LIMIT 100
                                                                      QUERY PLAN                                                                       
-------------------------------------------------------------------------------------------------------------------------------------------------------
 Limit  (cost=3.81..3.81 rows=1 width=20) (actual time=0.149..0.149 rows=0 loops=1)
   ->  Limit  (cost=0.81..2.81 rows=100 width=20) (actual time=0.113..0.145 rows=100 loops=1)
         ->  Incremental Sort  (cost=0.81..200.55 rows=10000 width=20) (actual time=0.112..0.139 rows=100 loops=1)
               Sort Key: s_1.a, s_1.b
               Presorted Key: s_1.a
               Sort Method: quicksort  Memory: 28kB
               Sort Groups: 3
               ->  Index Only Scan using s_1_a_e_d_c_b_idx on s_1  (cost=0.29..358.29 rows=10000 width=20) (actual time=0.053..0.065 rows=111 loops=1)
                     Heap Fetches: 0
 Planning time: 0.280 ms
 Execution time: 0.175 ms
(11 rows)

===== 224 [Wed Mar  7 02:00:53 CET 2018] scale:10000 groups:1000 work_mem:16MB incremental:on max_workers:2 =====
SELECT * FROM s_2 ORDER BY a, b, c LIMIT 100
                                                                      QUERY PLAN                                                                       
-------------------------------------------------------------------------------------------------------------------------------------------------------
 Limit  (cost=3.81..3.81 rows=1 width=20) (actual time=0.114..0.114 rows=0 loops=1)
   ->  Limit  (cost=0.81..2.81 rows=100 width=20) (actual time=0.079..0.110 rows=100 loops=1)
         ->  Incremental Sort  (cost=0.81..200.55 rows=10000 width=20) (actual time=0.079..0.105 rows=100 loops=1)
               Sort Key: s_2.a, s_2.b, s_2.c
               Presorted Key: s_2.a, s_2.b
               Sort Method: quicksort  Memory: 27kB
               Sort Groups: 4
               ->  Index Only Scan using s_2_a_b_e_d_c_idx on s_2  (cost=0.29..358.29 rows=10000 width=20) (actual time=0.021..0.035 rows=129 loops=1)
                     Heap Fetches: 0
 Planning time: 0.284 ms
 Execution time: 0.139 ms
(11 rows)

===== 225 [Wed Mar  7 02:00:53 CET 2018] scale:10000 groups:1000 work_mem:16MB incremental:on max_workers:2 =====
SELECT * FROM s_3 ORDER BY a, b, c, d LIMIT 100
                                                                      QUERY PLAN                                                                       
-------------------------------------------------------------------------------------------------------------------------------------------------------
 Limit  (cost=3.81..3.81 rows=1 width=20) (actual time=0.114..0.114 rows=0 loops=1)
   ->  Limit  (cost=0.81..2.81 rows=100 width=20) (actual time=0.079..0.111 rows=100 loops=1)
         ->  Incremental Sort  (cost=0.81..200.55 rows=10000 width=20) (actual time=0.079..0.105 rows=100 loops=1)
               Sort Key: s_3.a, s_3.b, s_3.c, s_3.d
               Presorted Key: s_3.a, s_3.b, s_3.c
               Sort Method: quicksort  Memory: 27kB
               Sort Groups: 4
               ->  Index Only Scan using s_3_a_b_c_e_d_idx on s_3  (cost=0.29..358.29 rows=10000 width=20) (actual time=0.026..0.039 rows=129 loops=1)
                     Heap Fetches: 0
 Planning time: 0.281 ms
 Execution time: 0.139 ms
(11 rows)

===== 226 [Wed Mar  7 02:00:53 CET 2018] scale:10000 groups:1000 work_mem:16MB incremental:off max_workers:2 =====
SELECT * FROM s_1 ORDER BY a, b LIMIT 100
                                                        QUERY PLAN                                                        
--------------------------------------------------------------------------------------------------------------------------
 Limit  (cost=547.44..547.44 rows=1 width=20) (actual time=1.296..1.296 rows=0 loops=1)
   ->  Limit  (cost=546.19..546.44 rows=100 width=20) (actual time=1.283..1.293 rows=100 loops=1)
         ->  Sort  (cost=546.19..571.19 rows=10000 width=20) (actual time=1.283..1.287 rows=100 loops=1)
               Sort Key: s_1.a, s_1.b
               Sort Method: top-N heapsort  Memory: 33kB
               ->  Seq Scan on s_1  (cost=0.00..164.00 rows=10000 width=20) (actual time=0.004..0.527 rows=10000 loops=1)
 Planning time: 0.276 ms
 Execution time: 1.319 ms
(8 rows)

===== 227 [Wed Mar  7 02:00:53 CET 2018] scale:10000 groups:1000 work_mem:16MB incremental:off max_workers:2 =====
SELECT * FROM s_2 ORDER BY a, b, c LIMIT 100
                                                        QUERY PLAN                                                        
--------------------------------------------------------------------------------------------------------------------------
 Limit  (cost=547.44..547.44 rows=1 width=20) (actual time=1.291..1.291 rows=0 loops=1)
   ->  Limit  (cost=546.19..546.44 rows=100 width=20) (actual time=1.278..1.287 rows=100 loops=1)
         ->  Sort  (cost=546.19..571.19 rows=10000 width=20) (actual time=1.278..1.281 rows=100 loops=1)
               Sort Key: s_2.a, s_2.b, s_2.c
               Sort Method: top-N heapsort  Memory: 32kB
               ->  Seq Scan on s_2  (cost=0.00..164.00 rows=10000 width=20) (actual time=0.007..0.524 rows=10000 loops=1)
 Planning time: 0.282 ms
 Execution time: 1.314 ms
(8 rows)

===== 228 [Wed Mar  7 02:00:53 CET 2018] scale:10000 groups:1000 work_mem:16MB incremental:off max_workers:2 =====
SELECT * FROM s_3 ORDER BY a, b, c, d LIMIT 100
                                                        QUERY PLAN                                                        
--------------------------------------------------------------------------------------------------------------------------
 Limit  (cost=547.44..547.44 rows=1 width=20) (actual time=1.300..1.300 rows=0 loops=1)
   ->  Limit  (cost=546.19..546.44 rows=100 width=20) (actual time=1.287..1.297 rows=100 loops=1)
         ->  Sort  (cost=546.19..571.19 rows=10000 width=20) (actual time=1.287..1.291 rows=100 loops=1)
               Sort Key: s_3.a, s_3.b, s_3.c, s_3.d
               Sort Method: top-N heapsort  Memory: 32kB
               ->  Seq Scan on s_3  (cost=0.00..164.00 rows=10000 width=20) (actual time=0.010..0.522 rows=10000 loops=1)
 Planning time: 0.273 ms
 Execution time: 1.322 ms
(8 rows)

===== 229 [Wed Mar  7 02:00:53 CET 2018] scale:10000 groups:1000 work_mem:32MB incremental:on max_workers:2 =====
SELECT * FROM s_1 ORDER BY a, b LIMIT 100
                                                                      QUERY PLAN                                                                       
-------------------------------------------------------------------------------------------------------------------------------------------------------
 Limit  (cost=3.81..3.81 rows=1 width=20) (actual time=0.116..0.116 rows=0 loops=1)
   ->  Limit  (cost=0.81..2.81 rows=100 width=20) (actual time=0.079..0.112 rows=100 loops=1)
         ->  Incremental Sort  (cost=0.81..200.55 rows=10000 width=20) (actual time=0.079..0.106 rows=100 loops=1)
               Sort Key: s_1.a, s_1.b
               Presorted Key: s_1.a
               Sort Method: quicksort  Memory: 28kB
               Sort Groups: 3
               ->  Index Only Scan using s_1_a_e_d_c_b_idx on s_1  (cost=0.29..358.29 rows=10000 width=20) (actual time=0.021..0.032 rows=111 loops=1)
                     Heap Fetches: 0
 Planning time: 0.275 ms
 Execution time: 0.142 ms
(11 rows)

===== 230 [Wed Mar  7 02:00:53 CET 2018] scale:10000 groups:1000 work_mem:32MB incremental:on max_workers:2 =====
SELECT * FROM s_2 ORDER BY a, b, c LIMIT 100
                                                                      QUERY PLAN                                                                       
-------------------------------------------------------------------------------------------------------------------------------------------------------
 Limit  (cost=3.81..3.81 rows=1 width=20) (actual time=0.110..0.110 rows=0 loops=1)
   ->  Limit  (cost=0.81..2.81 rows=100 width=20) (actual time=0.075..0.107 rows=100 loops=1)
         ->  Incremental Sort  (cost=0.81..200.55 rows=10000 width=20) (actual time=0.075..0.101 rows=100 loops=1)
               Sort Key: s_2.a, s_2.b, s_2.c
               Presorted Key: s_2.a, s_2.b
               Sort Method: quicksort  Memory: 27kB
               Sort Groups: 4
               ->  Index Only Scan using s_2_a_b_e_d_c_idx on s_2  (cost=0.29..358.29 rows=10000 width=20) (actual time=0.021..0.035 rows=129 loops=1)
                     Heap Fetches: 0
 Planning time: 0.283 ms
 Execution time: 0.135 ms
(11 rows)

===== 231 [Wed Mar  7 02:00:53 CET 2018] scale:10000 groups:1000 work_mem:32MB incremental:on max_workers:2 =====
SELECT * FROM s_3 ORDER BY a, b, c, d LIMIT 100
                                                                      QUERY PLAN                                                                       
-------------------------------------------------------------------------------------------------------------------------------------------------------
 Limit  (cost=3.81..3.81 rows=1 width=20) (actual time=0.113..0.113 rows=0 loops=1)
   ->  Limit  (cost=0.81..2.81 rows=100 width=20) (actual time=0.077..0.109 rows=100 loops=1)
         ->  Incremental Sort  (cost=0.81..200.55 rows=10000 width=20) (actual time=0.077..0.103 rows=100 loops=1)
               Sort Key: s_3.a, s_3.b, s_3.c, s_3.d
               Presorted Key: s_3.a, s_3.b, s_3.c
               Sort Method: quicksort  Memory: 27kB
               Sort Groups: 4
               ->  Index Only Scan using s_3_a_b_c_e_d_idx on s_3  (cost=0.29..358.29 rows=10000 width=20) (actual time=0.025..0.039 rows=129 loops=1)
                     Heap Fetches: 0
 Planning time: 0.287 ms
 Execution time: 0.137 ms
(11 rows)

===== 232 [Wed Mar  7 02:00:53 CET 2018] scale:10000 groups:1000 work_mem:32MB incremental:off max_workers:2 =====
SELECT * FROM s_1 ORDER BY a, b LIMIT 100
                                                        QUERY PLAN                                                        
--------------------------------------------------------------------------------------------------------------------------
 Limit  (cost=547.44..547.44 rows=1 width=20) (actual time=1.291..1.291 rows=0 loops=1)
   ->  Limit  (cost=546.19..546.44 rows=100 width=20) (actual time=1.278..1.288 rows=100 loops=1)
         ->  Sort  (cost=546.19..571.19 rows=10000 width=20) (actual time=1.278..1.282 rows=100 loops=1)
               Sort Key: s_1.a, s_1.b
               Sort Method: top-N heapsort  Memory: 33kB
               ->  Seq Scan on s_1  (cost=0.00..164.00 rows=10000 width=20) (actual time=0.004..0.525 rows=10000 loops=1)
 Planning time: 0.275 ms
 Execution time: 1.314 ms
(8 rows)

===== 233 [Wed Mar  7 02:00:53 CET 2018] scale:10000 groups:1000 work_mem:32MB incremental:off max_workers:2 =====
SELECT * FROM s_2 ORDER BY a, b, c LIMIT 100
                                                        QUERY PLAN                                                        
--------------------------------------------------------------------------------------------------------------------------
 Limit  (cost=547.44..547.44 rows=1 width=20) (actual time=1.296..1.296 rows=0 loops=1)
   ->  Limit  (cost=546.19..546.44 rows=100 width=20) (actual time=1.283..1.293 rows=100 loops=1)
         ->  Sort  (cost=546.19..571.19 rows=10000 width=20) (actual time=1.283..1.287 rows=100 loops=1)
               Sort Key: s_2.a, s_2.b, s_2.c
               Sort Method: top-N heapsort  Memory: 32kB
               ->  Seq Scan on s_2  (cost=0.00..164.00 rows=10000 width=20) (actual time=0.007..0.527 rows=10000 loops=1)
 Planning time: 0.279 ms
 Execution time: 1.319 ms
(8 rows)

===== 234 [Wed Mar  7 02:00:53 CET 2018] scale:10000 groups:1000 work_mem:32MB incremental:off max_workers:2 =====
SELECT * FROM s_3 ORDER BY a, b, c, d LIMIT 100
                                                        QUERY PLAN                                                        
--------------------------------------------------------------------------------------------------------------------------
 Limit  (cost=547.44..547.44 rows=1 width=20) (actual time=1.303..1.303 rows=0 loops=1)
   ->  Limit  (cost=546.19..546.44 rows=100 width=20) (actual time=1.290..1.299 rows=100 loops=1)
         ->  Sort  (cost=546.19..571.19 rows=10000 width=20) (actual time=1.290..1.293 rows=100 loops=1)
               Sort Key: s_3.a, s_3.b, s_3.c, s_3.d
               Sort Method: top-N heapsort  Memory: 32kB
               ->  Seq Scan on s_3  (cost=0.00..164.00 rows=10000 width=20) (actual time=0.010..0.530 rows=10000 loops=1)
 Planning time: 0.274 ms
 Execution time: 1.325 ms
(8 rows)

===== 235 [Wed Mar  7 02:00:54 CET 2018] scale:10000 groups:1000 work_mem:64MB incremental:on max_workers:2 =====
SELECT * FROM s_1 ORDER BY a, b LIMIT 100
                                                                      QUERY PLAN                                                                       
-------------------------------------------------------------------------------------------------------------------------------------------------------
 Limit  (cost=3.81..3.81 rows=1 width=20) (actual time=0.119..0.119 rows=0 loops=1)
   ->  Limit  (cost=0.81..2.81 rows=100 width=20) (actual time=0.083..0.116 rows=100 loops=1)
         ->  Incremental Sort  (cost=0.81..200.55 rows=10000 width=20) (actual time=0.083..0.110 rows=100 loops=1)
               Sort Key: s_1.a, s_1.b
               Presorted Key: s_1.a
               Sort Method: quicksort  Memory: 28kB
               Sort Groups: 3
               ->  Index Only Scan using s_1_a_e_d_c_b_idx on s_1  (cost=0.29..358.29 rows=10000 width=20) (actual time=0.021..0.033 rows=111 loops=1)
                     Heap Fetches: 0
 Planning time: 0.291 ms
 Execution time: 0.145 ms
(11 rows)

===== 236 [Wed Mar  7 02:00:54 CET 2018] scale:10000 groups:1000 work_mem:64MB incremental:on max_workers:2 =====
SELECT * FROM s_2 ORDER BY a, b, c LIMIT 100
                                                                      QUERY PLAN                                                                       
-------------------------------------------------------------------------------------------------------------------------------------------------------
 Limit  (cost=3.81..3.81 rows=1 width=20) (actual time=0.110..0.110 rows=0 loops=1)
   ->  Limit  (cost=0.81..2.81 rows=100 width=20) (actual time=0.075..0.106 rows=100 loops=1)
         ->  Incremental Sort  (cost=0.81..200.55 rows=10000 width=20) (actual time=0.074..0.100 rows=100 loops=1)
               Sort Key: s_2.a, s_2.b, s_2.c
               Presorted Key: s_2.a, s_2.b
               Sort Method: quicksort  Memory: 27kB
               Sort Groups: 4
               ->  Index Only Scan using s_2_a_b_e_d_c_idx on s_2  (cost=0.29..358.29 rows=10000 width=20) (actual time=0.021..0.035 rows=129 loops=1)
                     Heap Fetches: 0
 Planning time: 0.282 ms
 Execution time: 0.135 ms
(11 rows)

===== 237 [Wed Mar  7 02:00:54 CET 2018] scale:10000 groups:1000 work_mem:64MB incremental:on max_workers:2 =====
SELECT * FROM s_3 ORDER BY a, b, c, d LIMIT 100
                                                                      QUERY PLAN                                                                       
-------------------------------------------------------------------------------------------------------------------------------------------------------
 Limit  (cost=3.81..3.81 rows=1 width=20) (actual time=0.113..0.113 rows=0 loops=1)
   ->  Limit  (cost=0.81..2.81 rows=100 width=20) (actual time=0.078..0.110 rows=100 loops=1)
         ->  Incremental Sort  (cost=0.81..200.55 rows=10000 width=20) (actual time=0.077..0.104 rows=100 loops=1)
               Sort Key: s_3.a, s_3.b, s_3.c, s_3.d
               Presorted Key: s_3.a, s_3.b, s_3.c
               Sort Method: quicksort  Memory: 27kB
               Sort Groups: 4
               ->  Index Only Scan using s_3_a_b_c_e_d_idx on s_3  (cost=0.29..358.29 rows=10000 width=20) (actual time=0.025..0.039 rows=129 loops=1)
                     Heap Fetches: 0
 Planning time: 0.277 ms
 Execution time: 0.138 ms
(11 rows)

===== 238 [Wed Mar  7 02:00:54 CET 2018] scale:10000 groups:1000 work_mem:64MB incremental:off max_workers:2 =====
SELECT * FROM s_1 ORDER BY a, b LIMIT 100
                                                        QUERY PLAN                                                        
--------------------------------------------------------------------------------------------------------------------------
 Limit  (cost=547.44..547.44 rows=1 width=20) (actual time=1.292..1.292 rows=0 loops=1)
   ->  Limit  (cost=546.19..546.44 rows=100 width=20) (actual time=1.279..1.288 rows=100 loops=1)
         ->  Sort  (cost=546.19..571.19 rows=10000 width=20) (actual time=1.279..1.283 rows=100 loops=1)
               Sort Key: s_1.a, s_1.b
               Sort Method: top-N heapsort  Memory: 33kB
               ->  Seq Scan on s_1  (cost=0.00..164.00 rows=10000 width=20) (actual time=0.004..0.531 rows=10000 loops=1)
 Planning time: 0.273 ms
 Execution time: 1.315 ms
(8 rows)

===== 239 [Wed Mar  7 02:00:54 CET 2018] scale:10000 groups:1000 work_mem:64MB incremental:off max_workers:2 =====
SELECT * FROM s_2 ORDER BY a, b, c LIMIT 100
                                                        QUERY PLAN                                                        
--------------------------------------------------------------------------------------------------------------------------
 Limit  (cost=547.44..547.44 rows=1 width=20) (actual time=1.289..1.289 rows=0 loops=1)
   ->  Limit  (cost=546.19..546.44 rows=100 width=20) (actual time=1.276..1.286 rows=100 loops=1)
         ->  Sort  (cost=546.19..571.19 rows=10000 width=20) (actual time=1.276..1.280 rows=100 loops=1)
               Sort Key: s_2.a, s_2.b, s_2.c
               Sort Method: top-N heapsort  Memory: 32kB
               ->  Seq Scan on s_2  (cost=0.00..164.00 rows=10000 width=20) (actual time=0.008..0.520 rows=10000 loops=1)
 Planning time: 0.281 ms
 Execution time: 1.318 ms
(8 rows)

===== 240 [Wed Mar  7 02:00:54 CET 2018] scale:10000 groups:1000 work_mem:64MB incremental:off max_workers:2 =====
SELECT * FROM s_3 ORDER BY a, b, c, d LIMIT 100
                                                        QUERY PLAN                                                        
--------------------------------------------------------------------------------------------------------------------------
 Limit  (cost=547.44..547.44 rows=1 width=20) (actual time=1.297..1.297 rows=0 loops=1)
   ->  Limit  (cost=546.19..546.44 rows=100 width=20) (actual time=1.284..1.294 rows=100 loops=1)
         ->  Sort  (cost=546.19..571.19 rows=10000 width=20) (actual time=1.284..1.288 rows=100 loops=1)
               Sort Key: s_3.a, s_3.b, s_3.c, s_3.d
               Sort Method: top-N heapsort  Memory: 32kB
               ->  Seq Scan on s_3  (cost=0.00..164.00 rows=10000 width=20) (actual time=0.010..0.522 rows=10000 loops=1)
 Planning time: 0.273 ms
 Execution time: 1.321 ms
(8 rows)

===== 241 [Wed Mar  7 02:00:54 CET 2018] scale:10000 groups:1000 work_mem:128MB incremental:on max_workers:2 =====
SELECT * FROM s_1 ORDER BY a, b LIMIT 100
                                                                      QUERY PLAN                                                                       
-------------------------------------------------------------------------------------------------------------------------------------------------------
 Limit  (cost=3.81..3.81 rows=1 width=20) (actual time=0.118..0.118 rows=0 loops=1)
   ->  Limit  (cost=0.81..2.81 rows=100 width=20) (actual time=0.082..0.114 rows=100 loops=1)
         ->  Incremental Sort  (cost=0.81..200.55 rows=10000 width=20) (actual time=0.082..0.108 rows=100 loops=1)
               Sort Key: s_1.a, s_1.b
               Presorted Key: s_1.a
               Sort Method: quicksort  Memory: 28kB
               Sort Groups: 3
               ->  Index Only Scan using s_1_a_e_d_c_b_idx on s_1  (cost=0.29..358.29 rows=10000 width=20) (actual time=0.021..0.033 rows=111 loops=1)
                     Heap Fetches: 0
 Planning time: 0.273 ms
 Execution time: 0.143 ms
(11 rows)

===== 242 [Wed Mar  7 02:00:54 CET 2018] scale:10000 groups:1000 work_mem:128MB incremental:on max_workers:2 =====
SELECT * FROM s_2 ORDER BY a, b, c LIMIT 100
                                                                      QUERY PLAN                                                                       
-------------------------------------------------------------------------------------------------------------------------------------------------------
 Limit  (cost=3.81..3.81 rows=1 width=20) (actual time=0.111..0.111 rows=0 loops=1)
   ->  Limit  (cost=0.81..2.81 rows=100 width=20) (actual time=0.076..0.108 rows=100 loops=1)
         ->  Incremental Sort  (cost=0.81..200.55 rows=10000 width=20) (actual time=0.076..0.102 rows=100 loops=1)
               Sort Key: s_2.a, s_2.b, s_2.c
               Presorted Key: s_2.a, s_2.b
               Sort Method: quicksort  Memory: 27kB
               Sort Groups: 4
               ->  Index Only Scan using s_2_a_b_e_d_c_idx on s_2  (cost=0.29..358.29 rows=10000 width=20) (actual time=0.021..0.035 rows=129 loops=1)
                     Heap Fetches: 0
 Planning time: 0.288 ms
 Execution time: 0.136 ms
(11 rows)

===== 243 [Wed Mar  7 02:00:54 CET 2018] scale:10000 groups:1000 work_mem:128MB incremental:on max_workers:2 =====
SELECT * FROM s_3 ORDER BY a, b, c, d LIMIT 100
                                                                      QUERY PLAN                                                                       
-------------------------------------------------------------------------------------------------------------------------------------------------------
 Limit  (cost=3.81..3.81 rows=1 width=20) (actual time=0.114..0.114 rows=0 loops=1)
   ->  Limit  (cost=0.81..2.81 rows=100 width=20) (actual time=0.078..0.110 rows=100 loops=1)
         ->  Incremental Sort  (cost=0.81..200.55 rows=10000 width=20) (actual time=0.078..0.104 rows=100 loops=1)
               Sort Key: s_3.a, s_3.b, s_3.c, s_3.d
               Presorted Key: s_3.a, s_3.b, s_3.c
               Sort Method: quicksort  Memory: 27kB
               Sort Groups: 4
               ->  Index Only Scan using s_3_a_b_c_e_d_idx on s_3  (cost=0.29..358.29 rows=10000 width=20) (actual time=0.025..0.038 rows=129 loops=1)
                     Heap Fetches: 0
 Planning time: 0.276 ms
 Execution time: 0.138 ms
(11 rows)

===== 244 [Wed Mar  7 02:00:54 CET 2018] scale:10000 groups:1000 work_mem:128MB incremental:off max_workers:2 =====
SELECT * FROM s_1 ORDER BY a, b LIMIT 100
                                                        QUERY PLAN                                                        
--------------------------------------------------------------------------------------------------------------------------
 Limit  (cost=547.44..547.44 rows=1 width=20) (actual time=1.295..1.295 rows=0 loops=1)
   ->  Limit  (cost=546.19..546.44 rows=100 width=20) (actual time=1.282..1.291 rows=100 loops=1)
         ->  Sort  (cost=546.19..571.19 rows=10000 width=20) (actual time=1.282..1.285 rows=100 loops=1)
               Sort Key: s_1.a, s_1.b
               Sort Method: top-N heapsort  Memory: 33kB
               ->  Seq Scan on s_1  (cost=0.00..164.00 rows=10000 width=20) (actual time=0.004..0.526 rows=10000 loops=1)
 Planning time: 0.271 ms
 Execution time: 1.318 ms
(8 rows)

===== 245 [Wed Mar  7 02:00:54 CET 2018] scale:10000 groups:1000 work_mem:128MB incremental:off max_workers:2 =====
SELECT * FROM s_2 ORDER BY a, b, c LIMIT 100
                                                        QUERY PLAN                                                        
--------------------------------------------------------------------------------------------------------------------------
 Limit  (cost=547.44..547.44 rows=1 width=20) (actual time=1.288..1.288 rows=0 loops=1)
   ->  Limit  (cost=546.19..546.44 rows=100 width=20) (actual time=1.275..1.284 rows=100 loops=1)
         ->  Sort  (cost=546.19..571.19 rows=10000 width=20) (actual time=1.274..1.278 rows=100 loops=1)
               Sort Key: s_2.a, s_2.b, s_2.c
               Sort Method: top-N heapsort  Memory: 32kB
               ->  Seq Scan on s_2  (cost=0.00..164.00 rows=10000 width=20) (actual time=0.007..0.521 rows=10000 loops=1)
 Planning time: 0.286 ms
 Execution time: 1.311 ms
(8 rows)

===== 246 [Wed Mar  7 02:00:54 CET 2018] scale:10000 groups:1000 work_mem:128MB incremental:off max_workers:2 =====
SELECT * FROM s_3 ORDER BY a, b, c, d LIMIT 100
                                                        QUERY PLAN                                                        
--------------------------------------------------------------------------------------------------------------------------
 Limit  (cost=547.44..547.44 rows=1 width=20) (actual time=1.295..1.295 rows=0 loops=1)
   ->  Limit  (cost=546.19..546.44 rows=100 width=20) (actual time=1.282..1.291 rows=100 loops=1)
         ->  Sort  (cost=546.19..571.19 rows=10000 width=20) (actual time=1.282..1.285 rows=100 loops=1)
               Sort Key: s_3.a, s_3.b, s_3.c, s_3.d
               Sort Method: top-N heapsort  Memory: 32kB
               ->  Seq Scan on s_3  (cost=0.00..164.00 rows=10000 width=20) (actual time=0.010..0.522 rows=10000 loops=1)
 Planning time: 0.274 ms
 Execution time: 1.317 ms
(8 rows)

===== 247 [Wed Mar  7 02:00:54 CET 2018] scale:10000 groups:1000 work_mem:256MB incremental:on max_workers:2 =====
SELECT * FROM s_1 ORDER BY a, b LIMIT 100
                                                                      QUERY PLAN                                                                       
-------------------------------------------------------------------------------------------------------------------------------------------------------
 Limit  (cost=3.81..3.81 rows=1 width=20) (actual time=0.117..0.117 rows=0 loops=1)
   ->  Limit  (cost=0.81..2.81 rows=100 width=20) (actual time=0.081..0.114 rows=100 loops=1)
         ->  Incremental Sort  (cost=0.81..200.55 rows=10000 width=20) (actual time=0.081..0.108 rows=100 loops=1)
               Sort Key: s_1.a, s_1.b
               Presorted Key: s_1.a
               Sort Method: quicksort  Memory: 28kB
               Sort Groups: 3
               ->  Index Only Scan using s_1_a_e_d_c_b_idx on s_1  (cost=0.29..358.29 rows=10000 width=20) (actual time=0.022..0.034 rows=111 loops=1)
                     Heap Fetches: 0
 Planning time: 0.277 ms
 Execution time: 0.142 ms
(11 rows)

===== 248 [Wed Mar  7 02:00:55 CET 2018] scale:10000 groups:1000 work_mem:256MB incremental:on max_workers:2 =====
SELECT * FROM s_2 ORDER BY a, b, c LIMIT 100
                                                                      QUERY PLAN                                                                       
-------------------------------------------------------------------------------------------------------------------------------------------------------
 Limit  (cost=3.81..3.81 rows=1 width=20) (actual time=0.113..0.113 rows=0 loops=1)
   ->  Limit  (cost=0.81..2.81 rows=100 width=20) (actual time=0.078..0.110 rows=100 loops=1)
         ->  Incremental Sort  (cost=0.81..200.55 rows=10000 width=20) (actual time=0.077..0.103 rows=100 loops=1)
               Sort Key: s_2.a, s_2.b, s_2.c
               Presorted Key: s_2.a, s_2.b
               Sort Method: quicksort  Memory: 27kB
               Sort Groups: 4
               ->  Index Only Scan using s_2_a_b_e_d_c_idx on s_2  (cost=0.29..358.29 rows=10000 width=20) (actual time=0.021..0.035 rows=129 loops=1)
                     Heap Fetches: 0
 Planning time: 0.280 ms
 Execution time: 0.138 ms
(11 rows)

===== 249 [Wed Mar  7 02:00:55 CET 2018] scale:10000 groups:1000 work_mem:256MB incremental:on max_workers:2 =====
SELECT * FROM s_3 ORDER BY a, b, c, d LIMIT 100
                                                                      QUERY PLAN                                                                       
-------------------------------------------------------------------------------------------------------------------------------------------------------
 Limit  (cost=3.81..3.81 rows=1 width=20) (actual time=0.120..0.120 rows=0 loops=1)
   ->  Limit  (cost=0.81..2.81 rows=100 width=20) (actual time=0.079..0.117 rows=100 loops=1)
         ->  Incremental Sort  (cost=0.81..200.55 rows=10000 width=20) (actual time=0.079..0.111 rows=100 loops=1)
               Sort Key: s_3.a, s_3.b, s_3.c, s_3.d
               Presorted Key: s_3.a, s_3.b, s_3.c
               Sort Method: quicksort  Memory: 27kB
               Sort Groups: 4
               ->  Index Only Scan using s_3_a_b_c_e_d_idx on s_3  (cost=0.29..358.29 rows=10000 width=20) (actual time=0.026..0.044 rows=129 loops=1)
                     Heap Fetches: 0
 Planning time: 0.277 ms
 Execution time: 0.145 ms
(11 rows)

===== 250 [Wed Mar  7 02:00:55 CET 2018] scale:10000 groups:1000 work_mem:256MB incremental:off max_workers:2 =====
SELECT * FROM s_1 ORDER BY a, b LIMIT 100
                                                        QUERY PLAN                                                        
--------------------------------------------------------------------------------------------------------------------------
 Limit  (cost=547.44..547.44 rows=1 width=20) (actual time=1.300..1.300 rows=0 loops=1)
   ->  Limit  (cost=546.19..546.44 rows=100 width=20) (actual time=1.287..1.297 rows=100 loops=1)
         ->  Sort  (cost=546.19..571.19 rows=10000 width=20) (actual time=1.287..1.291 rows=100 loops=1)
               Sort Key: s_1.a, s_1.b
               Sort Method: top-N heapsort  Memory: 33kB
               ->  Seq Scan on s_1  (cost=0.00..164.00 rows=10000 width=20) (actual time=0.004..0.532 rows=10000 loops=1)
 Planning time: 0.271 ms
 Execution time: 1.323 ms
(8 rows)

===== 251 [Wed Mar  7 02:00:55 CET 2018] scale:10000 groups:1000 work_mem:256MB incremental:off max_workers:2 =====
SELECT * FROM s_2 ORDER BY a, b, c LIMIT 100
                                                        QUERY PLAN                                                        
--------------------------------------------------------------------------------------------------------------------------
 Limit  (cost=547.44..547.44 rows=1 width=20) (actual time=1.330..1.330 rows=0 loops=1)
   ->  Limit  (cost=546.19..546.44 rows=100 width=20) (actual time=1.317..1.327 rows=100 loops=1)
         ->  Sort  (cost=546.19..571.19 rows=10000 width=20) (actual time=1.317..1.321 rows=100 loops=1)
               Sort Key: s_2.a, s_2.b, s_2.c
               Sort Method: top-N heapsort  Memory: 32kB
               ->  Seq Scan on s_2  (cost=0.00..164.00 rows=10000 width=20) (actual time=0.007..0.523 rows=10000 loops=1)
 Planning time: 0.280 ms
 Execution time: 1.354 ms
(8 rows)

===== 252 [Wed Mar  7 02:00:55 CET 2018] scale:10000 groups:1000 work_mem:256MB incremental:off max_workers:2 =====
SELECT * FROM s_3 ORDER BY a, b, c, d LIMIT 100
                                                        QUERY PLAN                                                        
--------------------------------------------------------------------------------------------------------------------------
 Limit  (cost=547.44..547.44 rows=1 width=20) (actual time=1.301..1.301 rows=0 loops=1)
   ->  Limit  (cost=546.19..546.44 rows=100 width=20) (actual time=1.288..1.297 rows=100 loops=1)
         ->  Sort  (cost=546.19..571.19 rows=10000 width=20) (actual time=1.288..1.291 rows=100 loops=1)
               Sort Key: s_3.a, s_3.b, s_3.c, s_3.d
               Sort Method: top-N heapsort  Memory: 32kB
               ->  Seq Scan on s_3  (cost=0.00..164.00 rows=10000 width=20) (actual time=0.010..0.528 rows=10000 loops=1)
 Planning time: 0.274 ms
 Execution time: 1.323 ms
(8 rows)

===== 253 [Wed Mar  7 02:00:56 CET 2018] scale:10000 groups:10000 work_mem:4MB incremental:on max_workers:0 =====
SELECT * FROM s_1 ORDER BY a, b LIMIT 100
                                                                      QUERY PLAN                                                                       
-------------------------------------------------------------------------------------------------------------------------------------------------------
 Limit  (cost=4.40..4.40 rows=1 width=20) (actual time=0.125..0.125 rows=0 loops=1)
   ->  Limit  (cost=0.35..3.40 rows=100 width=20) (actual time=0.083..0.121 rows=100 loops=1)
         ->  Incremental Sort  (cost=0.35..305.12 rows=10000 width=20) (actual time=0.083..0.116 rows=100 loops=1)
               Sort Key: s_1.a, s_1.b
               Presorted Key: s_1.a
               Sort Method: quicksort  Memory: 27kB
               Sort Groups: 4
               ->  Index Only Scan using s_1_a_e_d_c_b_idx on s_1  (cost=0.29..358.29 rows=10000 width=20) (actual time=0.035..0.049 rows=132 loops=1)
                     Heap Fetches: 0
 Planning time: 0.278 ms
 Execution time: 0.151 ms
(11 rows)

===== 254 [Wed Mar  7 02:00:56 CET 2018] scale:10000 groups:10000 work_mem:4MB incremental:on max_workers:0 =====
SELECT * FROM s_2 ORDER BY a, b, c LIMIT 100
                                                                      QUERY PLAN                                                                       
-------------------------------------------------------------------------------------------------------------------------------------------------------
 Limit  (cost=4.40..4.40 rows=1 width=20) (actual time=0.119..0.119 rows=0 loops=1)
   ->  Limit  (cost=0.35..3.40 rows=100 width=20) (actual time=0.084..0.116 rows=100 loops=1)
         ->  Incremental Sort  (cost=0.35..305.44 rows=10000 width=20) (actual time=0.084..0.109 rows=100 loops=1)
               Sort Key: s_2.a, s_2.b, s_2.c
               Presorted Key: s_2.a, s_2.b
               Sort Method: quicksort  Memory: 27kB
               Sort Groups: 4
               ->  Index Only Scan using s_2_a_b_e_d_c_idx on s_2  (cost=0.29..358.29 rows=10000 width=20) (actual time=0.034..0.048 rows=129 loops=1)
                     Heap Fetches: 0
 Planning time: 0.279 ms
 Execution time: 0.144 ms
(11 rows)

===== 255 [Wed Mar  7 02:00:56 CET 2018] scale:10000 groups:10000 work_mem:4MB incremental:on max_workers:0 =====
SELECT * FROM s_3 ORDER BY a, b, c, d LIMIT 100
                                                                      QUERY PLAN                                                                       
-------------------------------------------------------------------------------------------------------------------------------------------------------
 Limit  (cost=4.41..4.41 rows=1 width=20) (actual time=0.117..0.117 rows=0 loops=1)
   ->  Limit  (cost=0.35..3.41 rows=100 width=20) (actual time=0.081..0.113 rows=100 loops=1)
         ->  Incremental Sort  (cost=0.35..306.28 rows=10000 width=20) (actual time=0.081..0.107 rows=100 loops=1)
               Sort Key: s_3.a, s_3.b, s_3.c, s_3.d
               Presorted Key: s_3.a, s_3.b, s_3.c
               Sort Method: quicksort  Memory: 27kB
               Sort Groups: 4
               ->  Index Only Scan using s_3_a_b_c_e_d_idx on s_3  (cost=0.29..358.29 rows=10000 width=20) (actual time=0.034..0.048 rows=129 loops=1)
                     Heap Fetches: 0
 Planning time: 0.282 ms
 Execution time: 0.142 ms
(11 rows)

===== 256 [Wed Mar  7 02:00:56 CET 2018] scale:10000 groups:10000 work_mem:4MB incremental:off max_workers:0 =====
SELECT * FROM s_1 ORDER BY a, b LIMIT 100
                                                        QUERY PLAN                                                        
--------------------------------------------------------------------------------------------------------------------------
 Limit  (cost=547.44..547.44 rows=1 width=20) (actual time=1.289..1.289 rows=0 loops=1)
   ->  Limit  (cost=546.19..546.44 rows=100 width=20) (actual time=1.276..1.286 rows=100 loops=1)
         ->  Sort  (cost=546.19..571.19 rows=10000 width=20) (actual time=1.276..1.280 rows=100 loops=1)
               Sort Key: s_1.a, s_1.b
               Sort Method: top-N heapsort  Memory: 32kB
               ->  Seq Scan on s_1  (cost=0.00..164.00 rows=10000 width=20) (actual time=0.004..0.526 rows=10000 loops=1)
 Planning time: 0.272 ms
 Execution time: 1.312 ms
(8 rows)

===== 257 [Wed Mar  7 02:00:56 CET 2018] scale:10000 groups:10000 work_mem:4MB incremental:off max_workers:0 =====
SELECT * FROM s_2 ORDER BY a, b, c LIMIT 100
                                                        QUERY PLAN                                                        
--------------------------------------------------------------------------------------------------------------------------
 Limit  (cost=547.44..547.44 rows=1 width=20) (actual time=1.296..1.296 rows=0 loops=1)
   ->  Limit  (cost=546.19..546.44 rows=100 width=20) (actual time=1.283..1.292 rows=100 loops=1)
         ->  Sort  (cost=546.19..571.19 rows=10000 width=20) (actual time=1.282..1.286 rows=100 loops=1)
               Sort Key: s_2.a, s_2.b, s_2.c
               Sort Method: top-N heapsort  Memory: 32kB
               ->  Seq Scan on s_2  (cost=0.00..164.00 rows=10000 width=20) (actual time=0.007..0.524 rows=10000 loops=1)
 Planning time: 0.274 ms
 Execution time: 1.319 ms
(8 rows)

===== 258 [Wed Mar  7 02:00:56 CET 2018] scale:10000 groups:10000 work_mem:4MB incremental:off max_workers:0 =====
SELECT * FROM s_3 ORDER BY a, b, c, d LIMIT 100
                                                        QUERY PLAN                                                        
--------------------------------------------------------------------------------------------------------------------------
 Limit  (cost=547.44..547.44 rows=1 width=20) (actual time=1.291..1.291 rows=0 loops=1)
   ->  Limit  (cost=546.19..546.44 rows=100 width=20) (actual time=1.278..1.287 rows=100 loops=1)
         ->  Sort  (cost=546.19..571.19 rows=10000 width=20) (actual time=1.278..1.281 rows=100 loops=1)
               Sort Key: s_3.a, s_3.b, s_3.c, s_3.d
               Sort Method: top-N heapsort  Memory: 32kB
               ->  Seq Scan on s_3  (cost=0.00..164.00 rows=10000 width=20) (actual time=0.007..0.526 rows=10000 loops=1)
 Planning time: 0.284 ms
 Execution time: 1.316 ms
(8 rows)

===== 259 [Wed Mar  7 02:00:56 CET 2018] scale:10000 groups:10000 work_mem:8MB incremental:on max_workers:0 =====
SELECT * FROM s_1 ORDER BY a, b LIMIT 100
                                                                      QUERY PLAN                                                                       
-------------------------------------------------------------------------------------------------------------------------------------------------------
 Limit  (cost=4.40..4.40 rows=1 width=20) (actual time=0.111..0.111 rows=0 loops=1)
   ->  Limit  (cost=0.35..3.40 rows=100 width=20) (actual time=0.069..0.107 rows=100 loops=1)
         ->  Incremental Sort  (cost=0.35..305.12 rows=10000 width=20) (actual time=0.069..0.101 rows=100 loops=1)
               Sort Key: s_1.a, s_1.b
               Presorted Key: s_1.a
               Sort Method: quicksort  Memory: 27kB
               Sort Groups: 4
               ->  Index Only Scan using s_1_a_e_d_c_b_idx on s_1  (cost=0.29..358.29 rows=10000 width=20) (actual time=0.021..0.035 rows=132 loops=1)
                     Heap Fetches: 0
 Planning time: 0.274 ms
 Execution time: 0.136 ms
(11 rows)

===== 260 [Wed Mar  7 02:00:56 CET 2018] scale:10000 groups:10000 work_mem:8MB incremental:on max_workers:0 =====
SELECT * FROM s_2 ORDER BY a, b, c LIMIT 100
                                                                      QUERY PLAN                                                                       
-------------------------------------------------------------------------------------------------------------------------------------------------------
 Limit  (cost=4.40..4.40 rows=1 width=20) (actual time=0.105..0.105 rows=0 loops=1)
   ->  Limit  (cost=0.35..3.40 rows=100 width=20) (actual time=0.070..0.101 rows=100 loops=1)
         ->  Incremental Sort  (cost=0.35..305.44 rows=10000 width=20) (actual time=0.070..0.095 rows=100 loops=1)
               Sort Key: s_2.a, s_2.b, s_2.c
               Presorted Key: s_2.a, s_2.b
               Sort Method: quicksort  Memory: 27kB
               Sort Groups: 4
               ->  Index Only Scan using s_2_a_b_e_d_c_idx on s_2  (cost=0.29..358.29 rows=10000 width=20) (actual time=0.021..0.035 rows=129 loops=1)
                     Heap Fetches: 0
 Planning time: 0.277 ms
 Execution time: 0.130 ms
(11 rows)

===== 261 [Wed Mar  7 02:00:56 CET 2018] scale:10000 groups:10000 work_mem:8MB incremental:on max_workers:0 =====
SELECT * FROM s_3 ORDER BY a, b, c, d LIMIT 100
                                                                      QUERY PLAN                                                                       
-------------------------------------------------------------------------------------------------------------------------------------------------------
 Limit  (cost=4.41..4.41 rows=1 width=20) (actual time=0.105..0.105 rows=0 loops=1)
   ->  Limit  (cost=0.35..3.41 rows=100 width=20) (actual time=0.070..0.101 rows=100 loops=1)
         ->  Incremental Sort  (cost=0.35..306.28 rows=10000 width=20) (actual time=0.069..0.095 rows=100 loops=1)
               Sort Key: s_3.a, s_3.b, s_3.c, s_3.d
               Presorted Key: s_3.a, s_3.b, s_3.c
               Sort Method: quicksort  Memory: 27kB
               Sort Groups: 4
               ->  Index Only Scan using s_3_a_b_c_e_d_idx on s_3  (cost=0.29..358.29 rows=10000 width=20) (actual time=0.022..0.035 rows=129 loops=1)
                     Heap Fetches: 0
 Planning time: 0.273 ms
 Execution time: 0.131 ms
(11 rows)

===== 262 [Wed Mar  7 02:00:56 CET 2018] scale:10000 groups:10000 work_mem:8MB incremental:off max_workers:0 =====
SELECT * FROM s_1 ORDER BY a, b LIMIT 100
                                                        QUERY PLAN                                                        
--------------------------------------------------------------------------------------------------------------------------
 Limit  (cost=547.44..547.44 rows=1 width=20) (actual time=1.290..1.290 rows=0 loops=1)
   ->  Limit  (cost=546.19..546.44 rows=100 width=20) (actual time=1.277..1.286 rows=100 loops=1)
         ->  Sort  (cost=546.19..571.19 rows=10000 width=20) (actual time=1.277..1.281 rows=100 loops=1)
               Sort Key: s_1.a, s_1.b
               Sort Method: top-N heapsort  Memory: 32kB
               ->  Seq Scan on s_1  (cost=0.00..164.00 rows=10000 width=20) (actual time=0.004..0.526 rows=10000 loops=1)
 Planning time: 0.278 ms
 Execution time: 1.314 ms
(8 rows)

===== 263 [Wed Mar  7 02:00:56 CET 2018] scale:10000 groups:10000 work_mem:8MB incremental:off max_workers:0 =====
SELECT * FROM s_2 ORDER BY a, b, c LIMIT 100
                                                        QUERY PLAN                                                        
--------------------------------------------------------------------------------------------------------------------------
 Limit  (cost=547.44..547.44 rows=1 width=20) (actual time=1.287..1.287 rows=0 loops=1)
   ->  Limit  (cost=546.19..546.44 rows=100 width=20) (actual time=1.274..1.284 rows=100 loops=1)
         ->  Sort  (cost=546.19..571.19 rows=10000 width=20) (actual time=1.274..1.278 rows=100 loops=1)
               Sort Key: s_2.a, s_2.b, s_2.c
               Sort Method: top-N heapsort  Memory: 32kB
               ->  Seq Scan on s_2  (cost=0.00..164.00 rows=10000 width=20) (actual time=0.007..0.525 rows=10000 loops=1)
 Planning time: 0.272 ms
 Execution time: 1.310 ms
(8 rows)

===== 264 [Wed Mar  7 02:00:56 CET 2018] scale:10000 groups:10000 work_mem:8MB incremental:off max_workers:0 =====
SELECT * FROM s_3 ORDER BY a, b, c, d LIMIT 100
                                                        QUERY PLAN                                                        
--------------------------------------------------------------------------------------------------------------------------
 Limit  (cost=547.44..547.44 rows=1 width=20) (actual time=1.291..1.291 rows=0 loops=1)
   ->  Limit  (cost=546.19..546.44 rows=100 width=20) (actual time=1.278..1.287 rows=100 loops=1)
         ->  Sort  (cost=546.19..571.19 rows=10000 width=20) (actual time=1.277..1.281 rows=100 loops=1)
               Sort Key: s_3.a, s_3.b, s_3.c, s_3.d
               Sort Method: top-N heapsort  Memory: 32kB
               ->  Seq Scan on s_3  (cost=0.00..164.00 rows=10000 width=20) (actual time=0.007..0.528 rows=10000 loops=1)
 Planning time: 0.267 ms
 Execution time: 1.313 ms
(8 rows)

===== 265 [Wed Mar  7 02:00:57 CET 2018] scale:10000 groups:10000 work_mem:16MB incremental:on max_workers:0 =====
SELECT * FROM s_1 ORDER BY a, b LIMIT 100
                                                                      QUERY PLAN                                                                       
-------------------------------------------------------------------------------------------------------------------------------------------------------
 Limit  (cost=4.40..4.40 rows=1 width=20) (actual time=0.116..0.116 rows=0 loops=1)
   ->  Limit  (cost=0.35..3.40 rows=100 width=20) (actual time=0.075..0.113 rows=100 loops=1)
         ->  Incremental Sort  (cost=0.35..305.12 rows=10000 width=20) (actual time=0.074..0.107 rows=100 loops=1)
               Sort Key: s_1.a, s_1.b
               Presorted Key: s_1.a
               Sort Method: quicksort  Memory: 27kB
               Sort Groups: 4
               ->  Index Only Scan using s_1_a_e_d_c_b_idx on s_1  (cost=0.29..358.29 rows=10000 width=20) (actual time=0.021..0.035 rows=132 loops=1)
                     Heap Fetches: 0
 Planning time: 0.270 ms
 Execution time: 0.142 ms
(11 rows)

===== 266 [Wed Mar  7 02:00:57 CET 2018] scale:10000 groups:10000 work_mem:16MB incremental:on max_workers:0 =====
SELECT * FROM s_2 ORDER BY a, b, c LIMIT 100
                                                                      QUERY PLAN                                                                       
-------------------------------------------------------------------------------------------------------------------------------------------------------
 Limit  (cost=4.40..4.40 rows=1 width=20) (actual time=0.104..0.104 rows=0 loops=1)
   ->  Limit  (cost=0.35..3.40 rows=100 width=20) (actual time=0.069..0.100 rows=100 loops=1)
         ->  Incremental Sort  (cost=0.35..305.44 rows=10000 width=20) (actual time=0.069..0.094 rows=100 loops=1)
               Sort Key: s_2.a, s_2.b, s_2.c
               Presorted Key: s_2.a, s_2.b
               Sort Method: quicksort  Memory: 27kB
               Sort Groups: 4
               ->  Index Only Scan using s_2_a_b_e_d_c_idx on s_2  (cost=0.29..358.29 rows=10000 width=20) (actual time=0.021..0.034 rows=129 loops=1)
                     Heap Fetches: 0
 Planning time: 0.280 ms
 Execution time: 0.129 ms
(11 rows)

===== 267 [Wed Mar  7 02:00:57 CET 2018] scale:10000 groups:10000 work_mem:16MB incremental:on max_workers:0 =====
SELECT * FROM s_3 ORDER BY a, b, c, d LIMIT 100
                                                                      QUERY PLAN                                                                       
-------------------------------------------------------------------------------------------------------------------------------------------------------
 Limit  (cost=4.41..4.41 rows=1 width=20) (actual time=0.105..0.105 rows=0 loops=1)
   ->  Limit  (cost=0.35..3.41 rows=100 width=20) (actual time=0.069..0.101 rows=100 loops=1)
         ->  Incremental Sort  (cost=0.35..306.28 rows=10000 width=20) (actual time=0.069..0.095 rows=100 loops=1)
               Sort Key: s_3.a, s_3.b, s_3.c, s_3.d
               Presorted Key: s_3.a, s_3.b, s_3.c
               Sort Method: quicksort  Memory: 27kB
               Sort Groups: 4
               ->  Index Only Scan using s_3_a_b_c_e_d_idx on s_3  (cost=0.29..358.29 rows=10000 width=20) (actual time=0.022..0.036 rows=129 loops=1)
                     Heap Fetches: 0
 Planning time: 0.274 ms
 Execution time: 0.129 ms
(11 rows)

===== 268 [Wed Mar  7 02:00:57 CET 2018] scale:10000 groups:10000 work_mem:16MB incremental:off max_workers:0 =====
SELECT * FROM s_1 ORDER BY a, b LIMIT 100
                                                        QUERY PLAN                                                        
--------------------------------------------------------------------------------------------------------------------------
 Limit  (cost=547.44..547.44 rows=1 width=20) (actual time=1.291..1.291 rows=0 loops=1)
   ->  Limit  (cost=546.19..546.44 rows=100 width=20) (actual time=1.278..1.287 rows=100 loops=1)
         ->  Sort  (cost=546.19..571.19 rows=10000 width=20) (actual time=1.277..1.281 rows=100 loops=1)
               Sort Key: s_1.a, s_1.b
               Sort Method: top-N heapsort  Memory: 32kB
               ->  Seq Scan on s_1  (cost=0.00..164.00 rows=10000 width=20) (actual time=0.004..0.533 rows=10000 loops=1)
 Planning time: 0.270 ms
 Execution time: 1.314 ms
(8 rows)

===== 269 [Wed Mar  7 02:00:57 CET 2018] scale:10000 groups:10000 work_mem:16MB incremental:off max_workers:0 =====
SELECT * FROM s_2 ORDER BY a, b, c LIMIT 100
                                                        QUERY PLAN                                                        
--------------------------------------------------------------------------------------------------------------------------
 Limit  (cost=547.44..547.44 rows=1 width=20) (actual time=1.283..1.283 rows=0 loops=1)
   ->  Limit  (cost=546.19..546.44 rows=100 width=20) (actual time=1.270..1.279 rows=100 loops=1)
         ->  Sort  (cost=546.19..571.19 rows=10000 width=20) (actual time=1.270..1.274 rows=100 loops=1)
               Sort Key: s_2.a, s_2.b, s_2.c
               Sort Method: top-N heapsort  Memory: 32kB
               ->  Seq Scan on s_2  (cost=0.00..164.00 rows=10000 width=20) (actual time=0.007..0.523 rows=10000 loops=1)
 Planning time: 0.271 ms
 Execution time: 1.305 ms
(8 rows)

===== 270 [Wed Mar  7 02:00:57 CET 2018] scale:10000 groups:10000 work_mem:16MB incremental:off max_workers:0 =====
SELECT * FROM s_3 ORDER BY a, b, c, d LIMIT 100
                                                        QUERY PLAN                                                        
--------------------------------------------------------------------------------------------------------------------------
 Limit  (cost=547.44..547.44 rows=1 width=20) (actual time=1.286..1.286 rows=0 loops=1)
   ->  Limit  (cost=546.19..546.44 rows=100 width=20) (actual time=1.273..1.283 rows=100 loops=1)
         ->  Sort  (cost=546.19..571.19 rows=10000 width=20) (actual time=1.273..1.277 rows=100 loops=1)
               Sort Key: s_3.a, s_3.b, s_3.c, s_3.d
               Sort Method: top-N heapsort  Memory: 32kB
               ->  Seq Scan on s_3  (cost=0.00..164.00 rows=10000 width=20) (actual time=0.007..0.521 rows=10000 loops=1)
 Planning time: 0.265 ms
 Execution time: 1.310 ms
(8 rows)

===== 271 [Wed Mar  7 02:00:57 CET 2018] scale:10000 groups:10000 work_mem:32MB incremental:on max_workers:0 =====
SELECT * FROM s_1 ORDER BY a, b LIMIT 100
                                                                      QUERY PLAN                                                                       
-------------------------------------------------------------------------------------------------------------------------------------------------------
 Limit  (cost=4.40..4.40 rows=1 width=20) (actual time=0.110..0.110 rows=0 loops=1)
   ->  Limit  (cost=0.35..3.40 rows=100 width=20) (actual time=0.068..0.107 rows=100 loops=1)
         ->  Incremental Sort  (cost=0.35..305.12 rows=10000 width=20) (actual time=0.068..0.101 rows=100 loops=1)
               Sort Key: s_1.a, s_1.b
               Presorted Key: s_1.a
               Sort Method: quicksort  Memory: 27kB
               Sort Groups: 4
               ->  Index Only Scan using s_1_a_e_d_c_b_idx on s_1  (cost=0.29..358.29 rows=10000 width=20) (actual time=0.021..0.034 rows=132 loops=1)
                     Heap Fetches: 0
 Planning time: 0.273 ms
 Execution time: 0.135 ms
(11 rows)

===== 272 [Wed Mar  7 02:00:57 CET 2018] scale:10000 groups:10000 work_mem:32MB incremental:on max_workers:0 =====
SELECT * FROM s_2 ORDER BY a, b, c LIMIT 100
                                                                      QUERY PLAN                                                                       
-------------------------------------------------------------------------------------------------------------------------------------------------------
 Limit  (cost=4.40..4.40 rows=1 width=20) (actual time=0.105..0.105 rows=0 loops=1)
   ->  Limit  (cost=0.35..3.40 rows=100 width=20) (actual time=0.070..0.102 rows=100 loops=1)
         ->  Incremental Sort  (cost=0.35..305.44 rows=10000 width=20) (actual time=0.070..0.096 rows=100 loops=1)
               Sort Key: s_2.a, s_2.b, s_2.c
               Presorted Key: s_2.a, s_2.b
               Sort Method: quicksort  Memory: 27kB
               Sort Groups: 4
               ->  Index Only Scan using s_2_a_b_e_d_c_idx on s_2  (cost=0.29..358.29 rows=10000 width=20) (actual time=0.021..0.035 rows=129 loops=1)
                     Heap Fetches: 0
 Planning time: 0.269 ms
 Execution time: 0.130 ms
(11 rows)

===== 273 [Wed Mar  7 02:00:57 CET 2018] scale:10000 groups:10000 work_mem:32MB incremental:on max_workers:0 =====
SELECT * FROM s_3 ORDER BY a, b, c, d LIMIT 100
                                                                      QUERY PLAN                                                                       
-------------------------------------------------------------------------------------------------------------------------------------------------------
 Limit  (cost=4.41..4.41 rows=1 width=20) (actual time=0.105..0.105 rows=0 loops=1)
   ->  Limit  (cost=0.35..3.41 rows=100 width=20) (actual time=0.070..0.102 rows=100 loops=1)
         ->  Incremental Sort  (cost=0.35..306.28 rows=10000 width=20) (actual time=0.070..0.096 rows=100 loops=1)
               Sort Key: s_3.a, s_3.b, s_3.c, s_3.d
               Presorted Key: s_3.a, s_3.b, s_3.c
               Sort Method: quicksort  Memory: 27kB
               Sort Groups: 4
               ->  Index Only Scan using s_3_a_b_c_e_d_idx on s_3  (cost=0.29..358.29 rows=10000 width=20) (actual time=0.023..0.036 rows=129 loops=1)
                     Heap Fetches: 0
 Planning time: 0.271 ms
 Execution time: 0.130 ms
(11 rows)

===== 274 [Wed Mar  7 02:00:57 CET 2018] scale:10000 groups:10000 work_mem:32MB incremental:off max_workers:0 =====
SELECT * FROM s_1 ORDER BY a, b LIMIT 100
                                                        QUERY PLAN                                                        
--------------------------------------------------------------------------------------------------------------------------
 Limit  (cost=547.44..547.44 rows=1 width=20) (actual time=1.291..1.291 rows=0 loops=1)
   ->  Limit  (cost=546.19..546.44 rows=100 width=20) (actual time=1.278..1.288 rows=100 loops=1)
         ->  Sort  (cost=546.19..571.19 rows=10000 width=20) (actual time=1.278..1.282 rows=100 loops=1)
               Sort Key: s_1.a, s_1.b
               Sort Method: top-N heapsort  Memory: 32kB
               ->  Seq Scan on s_1  (cost=0.00..164.00 rows=10000 width=20) (actual time=0.004..0.526 rows=10000 loops=1)
 Planning time: 0.262 ms
 Execution time: 1.314 ms
(8 rows)

===== 275 [Wed Mar  7 02:00:57 CET 2018] scale:10000 groups:10000 work_mem:32MB incremental:off max_workers:0 =====
SELECT * FROM s_2 ORDER BY a, b, c LIMIT 100
                                                        QUERY PLAN                                                        
--------------------------------------------------------------------------------------------------------------------------
 Limit  (cost=547.44..547.44 rows=1 width=20) (actual time=1.285..1.285 rows=0 loops=1)
   ->  Limit  (cost=546.19..546.44 rows=100 width=20) (actual time=1.272..1.281 rows=100 loops=1)
         ->  Sort  (cost=546.19..571.19 rows=10000 width=20) (actual time=1.272..1.275 rows=100 loops=1)
               Sort Key: s_2.a, s_2.b, s_2.c
               Sort Method: top-N heapsort  Memory: 32kB
               ->  Seq Scan on s_2  (cost=0.00..164.00 rows=10000 width=20) (actual time=0.007..0.528 rows=10000 loops=1)
 Planning time: 0.286 ms
 Execution time: 1.308 ms
(8 rows)

===== 276 [Wed Mar  7 02:00:57 CET 2018] scale:10000 groups:10000 work_mem:32MB incremental:off max_workers:0 =====
SELECT * FROM s_3 ORDER BY a, b, c, d LIMIT 100
                                                        QUERY PLAN                                                        
--------------------------------------------------------------------------------------------------------------------------
 Limit  (cost=547.44..547.44 rows=1 width=20) (actual time=1.302..1.302 rows=0 loops=1)
   ->  Limit  (cost=546.19..546.44 rows=100 width=20) (actual time=1.289..1.298 rows=100 loops=1)
         ->  Sort  (cost=546.19..571.19 rows=10000 width=20) (actual time=1.289..1.292 rows=100 loops=1)
               Sort Key: s_3.a, s_3.b, s_3.c, s_3.d
               Sort Method: top-N heapsort  Memory: 32kB
               ->  Seq Scan on s_3  (cost=0.00..164.00 rows=10000 width=20) (actual time=0.007..0.535 rows=10000 loops=1)
 Planning time: 0.271 ms
 Execution time: 1.324 ms
(8 rows)

===== 277 [Wed Mar  7 02:00:57 CET 2018] scale:10000 groups:10000 work_mem:64MB incremental:on max_workers:0 =====
SELECT * FROM s_1 ORDER BY a, b LIMIT 100
                                                                      QUERY PLAN                                                                       
-------------------------------------------------------------------------------------------------------------------------------------------------------
 Limit  (cost=4.40..4.40 rows=1 width=20) (actual time=0.114..0.114 rows=0 loops=1)
   ->  Limit  (cost=0.35..3.40 rows=100 width=20) (actual time=0.074..0.110 rows=100 loops=1)
         ->  Incremental Sort  (cost=0.35..305.12 rows=10000 width=20) (actual time=0.074..0.104 rows=100 loops=1)
               Sort Key: s_1.a, s_1.b
               Presorted Key: s_1.a
               Sort Method: quicksort  Memory: 27kB
               Sort Groups: 4
               ->  Index Only Scan using s_1_a_e_d_c_b_idx on s_1  (cost=0.29..358.29 rows=10000 width=20) (actual time=0.021..0.035 rows=132 loops=1)
                     Heap Fetches: 0
 Planning time: 0.272 ms
 Execution time: 0.140 ms
(11 rows)

===== 278 [Wed Mar  7 02:00:58 CET 2018] scale:10000 groups:10000 work_mem:64MB incremental:on max_workers:0 =====
SELECT * FROM s_2 ORDER BY a, b, c LIMIT 100
                                                                      QUERY PLAN                                                                       
-------------------------------------------------------------------------------------------------------------------------------------------------------
 Limit  (cost=4.40..4.40 rows=1 width=20) (actual time=0.106..0.106 rows=0 loops=1)
   ->  Limit  (cost=0.35..3.40 rows=100 width=20) (actual time=0.071..0.102 rows=100 loops=1)
         ->  Incremental Sort  (cost=0.35..305.44 rows=10000 width=20) (actual time=0.071..0.096 rows=100 loops=1)
               Sort Key: s_2.a, s_2.b, s_2.c
               Presorted Key: s_2.a, s_2.b
               Sort Method: quicksort  Memory: 27kB
               Sort Groups: 4
               ->  Index Only Scan using s_2_a_b_e_d_c_idx on s_2  (cost=0.29..358.29 rows=10000 width=20) (actual time=0.021..0.035 rows=129 loops=1)
                     Heap Fetches: 0
 Planning time: 0.273 ms
 Execution time: 0.131 ms
(11 rows)

===== 279 [Wed Mar  7 02:00:58 CET 2018] scale:10000 groups:10000 work_mem:64MB incremental:on max_workers:0 =====
SELECT * FROM s_3 ORDER BY a, b, c, d LIMIT 100
                                                                      QUERY PLAN                                                                       
-------------------------------------------------------------------------------------------------------------------------------------------------------
 Limit  (cost=4.41..4.41 rows=1 width=20) (actual time=0.107..0.107 rows=0 loops=1)
   ->  Limit  (cost=0.35..3.41 rows=100 width=20) (actual time=0.072..0.103 rows=100 loops=1)
         ->  Incremental Sort  (cost=0.35..306.28 rows=10000 width=20) (actual time=0.072..0.097 rows=100 loops=1)
               Sort Key: s_3.a, s_3.b, s_3.c, s_3.d
               Presorted Key: s_3.a, s_3.b, s_3.c
               Sort Method: quicksort  Memory: 27kB
               Sort Groups: 4
               ->  Index Only Scan using s_3_a_b_c_e_d_idx on s_3  (cost=0.29..358.29 rows=10000 width=20) (actual time=0.023..0.037 rows=129 loops=1)
                     Heap Fetches: 0
 Planning time: 0.274 ms
 Execution time: 0.131 ms
(11 rows)

===== 280 [Wed Mar  7 02:00:58 CET 2018] scale:10000 groups:10000 work_mem:64MB incremental:off max_workers:0 =====
SELECT * FROM s_1 ORDER BY a, b LIMIT 100
                                                        QUERY PLAN                                                        
--------------------------------------------------------------------------------------------------------------------------
 Limit  (cost=547.44..547.44 rows=1 width=20) (actual time=1.282..1.282 rows=0 loops=1)
   ->  Limit  (cost=546.19..546.44 rows=100 width=20) (actual time=1.268..1.278 rows=100 loops=1)
         ->  Sort  (cost=546.19..571.19 rows=10000 width=20) (actual time=1.268..1.272 rows=100 loops=1)
               Sort Key: s_1.a, s_1.b
               Sort Method: top-N heapsort  Memory: 32kB
               ->  Seq Scan on s_1  (cost=0.00..164.00 rows=10000 width=20) (actual time=0.004..0.523 rows=10000 loops=1)
 Planning time: 0.276 ms
 Execution time: 1.304 ms
(8 rows)

===== 281 [Wed Mar  7 02:00:58 CET 2018] scale:10000 groups:10000 work_mem:64MB incremental:off max_workers:0 =====
SELECT * FROM s_2 ORDER BY a, b, c LIMIT 100
                                                        QUERY PLAN                                                        
--------------------------------------------------------------------------------------------------------------------------
 Limit  (cost=547.44..547.44 rows=1 width=20) (actual time=1.286..1.286 rows=0 loops=1)
   ->  Limit  (cost=546.19..546.44 rows=100 width=20) (actual time=1.273..1.283 rows=100 loops=1)
         ->  Sort  (cost=546.19..571.19 rows=10000 width=20) (actual time=1.273..1.277 rows=100 loops=1)
               Sort Key: s_2.a, s_2.b, s_2.c
               Sort Method: top-N heapsort  Memory: 32kB
               ->  Seq Scan on s_2  (cost=0.00..164.00 rows=10000 width=20) (actual time=0.007..0.528 rows=10000 loops=1)
 Planning time: 0.272 ms
 Execution time: 1.310 ms
(8 rows)

===== 282 [Wed Mar  7 02:00:58 CET 2018] scale:10000 groups:10000 work_mem:64MB incremental:off max_workers:0 =====
SELECT * FROM s_3 ORDER BY a, b, c, d LIMIT 100
                                                        QUERY PLAN                                                        
--------------------------------------------------------------------------------------------------------------------------
 Limit  (cost=547.44..547.44 rows=1 width=20) (actual time=1.291..1.291 rows=0 loops=1)
   ->  Limit  (cost=546.19..546.44 rows=100 width=20) (actual time=1.278..1.287 rows=100 loops=1)
         ->  Sort  (cost=546.19..571.19 rows=10000 width=20) (actual time=1.278..1.281 rows=100 loops=1)
               Sort Key: s_3.a, s_3.b, s_3.c, s_3.d
               Sort Method: top-N heapsort  Memory: 32kB
               ->  Seq Scan on s_3  (cost=0.00..164.00 rows=10000 width=20) (actual time=0.007..0.526 rows=10000 loops=1)
 Planning time: 0.275 ms
 Execution time: 1.313 ms
(8 rows)

===== 283 [Wed Mar  7 02:00:58 CET 2018] scale:10000 groups:10000 work_mem:128MB incremental:on max_workers:0 =====
SELECT * FROM s_1 ORDER BY a, b LIMIT 100
                                                                      QUERY PLAN                                                                       
-------------------------------------------------------------------------------------------------------------------------------------------------------
 Limit  (cost=4.40..4.40 rows=1 width=20) (actual time=0.110..0.110 rows=0 loops=1)
   ->  Limit  (cost=0.35..3.40 rows=100 width=20) (actual time=0.069..0.107 rows=100 loops=1)
         ->  Incremental Sort  (cost=0.35..305.12 rows=10000 width=20) (actual time=0.068..0.101 rows=100 loops=1)
               Sort Key: s_1.a, s_1.b
               Presorted Key: s_1.a
               Sort Method: quicksort  Memory: 27kB
               Sort Groups: 4
               ->  Index Only Scan using s_1_a_e_d_c_b_idx on s_1  (cost=0.29..358.29 rows=10000 width=20) (actual time=0.021..0.035 rows=132 loops=1)
                     Heap Fetches: 0
 Planning time: 0.275 ms
 Execution time: 0.135 ms
(11 rows)

===== 284 [Wed Mar  7 02:00:58 CET 2018] scale:10000 groups:10000 work_mem:128MB incremental:on max_workers:0 =====
SELECT * FROM s_2 ORDER BY a, b, c LIMIT 100
                                                                      QUERY PLAN                                                                       
-------------------------------------------------------------------------------------------------------------------------------------------------------
 Limit  (cost=4.40..4.40 rows=1 width=20) (actual time=0.110..0.110 rows=0 loops=1)
   ->  Limit  (cost=0.35..3.40 rows=100 width=20) (actual time=0.070..0.107 rows=100 loops=1)
         ->  Incremental Sort  (cost=0.35..305.44 rows=10000 width=20) (actual time=0.069..0.096 rows=100 loops=1)
               Sort Key: s_2.a, s_2.b, s_2.c
               Presorted Key: s_2.a, s_2.b
               Sort Method: quicksort  Memory: 27kB
               Sort Groups: 4
               ->  Index Only Scan using s_2_a_b_e_d_c_idx on s_2  (cost=0.29..358.29 rows=10000 width=20) (actual time=0.021..0.035 rows=129 loops=1)
                     Heap Fetches: 0
 Planning time: 0.273 ms
 Execution time: 0.137 ms
(11 rows)

===== 285 [Wed Mar  7 02:00:58 CET 2018] scale:10000 groups:10000 work_mem:128MB incremental:on max_workers:0 =====
SELECT * FROM s_3 ORDER BY a, b, c, d LIMIT 100
                                                                      QUERY PLAN                                                                       
-------------------------------------------------------------------------------------------------------------------------------------------------------
 Limit  (cost=4.41..4.41 rows=1 width=20) (actual time=0.105..0.105 rows=0 loops=1)
   ->  Limit  (cost=0.35..3.41 rows=100 width=20) (actual time=0.070..0.101 rows=100 loops=1)
         ->  Incremental Sort  (cost=0.35..306.28 rows=10000 width=20) (actual time=0.069..0.095 rows=100 loops=1)
               Sort Key: s_3.a, s_3.b, s_3.c, s_3.d
               Presorted Key: s_3.a, s_3.b, s_3.c
               Sort Method: quicksort  Memory: 27kB
               Sort Groups: 4
               ->  Index Only Scan using s_3_a_b_c_e_d_idx on s_3  (cost=0.29..358.29 rows=10000 width=20) (actual time=0.022..0.036 rows=129 loops=1)
                     Heap Fetches: 0
 Planning time: 0.273 ms
 Execution time: 0.129 ms
(11 rows)

===== 286 [Wed Mar  7 02:00:58 CET 2018] scale:10000 groups:10000 work_mem:128MB incremental:off max_workers:0 =====
SELECT * FROM s_1 ORDER BY a, b LIMIT 100
                                                        QUERY PLAN                                                        
--------------------------------------------------------------------------------------------------------------------------
 Limit  (cost=547.44..547.44 rows=1 width=20) (actual time=1.290..1.290 rows=0 loops=1)
   ->  Limit  (cost=546.19..546.44 rows=100 width=20) (actual time=1.274..1.286 rows=100 loops=1)
         ->  Sort  (cost=546.19..571.19 rows=10000 width=20) (actual time=1.274..1.280 rows=100 loops=1)
               Sort Key: s_1.a, s_1.b
               Sort Method: top-N heapsort  Memory: 32kB
               ->  Seq Scan on s_1  (cost=0.00..164.00 rows=10000 width=20) (actual time=0.004..0.526 rows=10000 loops=1)
 Planning time: 0.267 ms
 Execution time: 1.313 ms
(8 rows)

===== 287 [Wed Mar  7 02:00:58 CET 2018] scale:10000 groups:10000 work_mem:128MB incremental:off max_workers:0 =====
SELECT * FROM s_2 ORDER BY a, b, c LIMIT 100
                                                        QUERY PLAN                                                        
--------------------------------------------------------------------------------------------------------------------------
 Limit  (cost=547.44..547.44 rows=1 width=20) (actual time=1.287..1.287 rows=0 loops=1)
   ->  Limit  (cost=546.19..546.44 rows=100 width=20) (actual time=1.274..1.283 rows=100 loops=1)
         ->  Sort  (cost=546.19..571.19 rows=10000 width=20) (actual time=1.273..1.277 rows=100 loops=1)
               Sort Key: s_2.a, s_2.b, s_2.c
               Sort Method: top-N heapsort  Memory: 32kB
               ->  Seq Scan on s_2  (cost=0.00..164.00 rows=10000 width=20) (actual time=0.007..0.530 rows=10000 loops=1)
 Planning time: 0.269 ms
 Execution time: 1.309 ms
(8 rows)

===== 288 [Wed Mar  7 02:00:58 CET 2018] scale:10000 groups:10000 work_mem:128MB incremental:off max_workers:0 =====
SELECT * FROM s_3 ORDER BY a, b, c, d LIMIT 100
                                                        QUERY PLAN                                                        
--------------------------------------------------------------------------------------------------------------------------
 Limit  (cost=547.44..547.44 rows=1 width=20) (actual time=1.286..1.286 rows=0 loops=1)
   ->  Limit  (cost=546.19..546.44 rows=100 width=20) (actual time=1.273..1.282 rows=100 loops=1)
         ->  Sort  (cost=546.19..571.19 rows=10000 width=20) (actual time=1.273..1.276 rows=100 loops=1)
               Sort Key: s_3.a, s_3.b, s_3.c, s_3.d
               Sort Method: top-N heapsort  Memory: 32kB
               ->  Seq Scan on s_3  (cost=0.00..164.00 rows=10000 width=20) (actual time=0.007..0.520 rows=10000 loops=1)
 Planning time: 0.270 ms
 Execution time: 1.308 ms
(8 rows)

===== 289 [Wed Mar  7 02:00:58 CET 2018] scale:10000 groups:10000 work_mem:256MB incremental:on max_workers:0 =====
SELECT * FROM s_1 ORDER BY a, b LIMIT 100
                                                                      QUERY PLAN                                                                       
-------------------------------------------------------------------------------------------------------------------------------------------------------
 Limit  (cost=4.40..4.40 rows=1 width=20) (actual time=0.110..0.110 rows=0 loops=1)
   ->  Limit  (cost=0.35..3.40 rows=100 width=20) (actual time=0.068..0.107 rows=100 loops=1)
         ->  Incremental Sort  (cost=0.35..305.12 rows=10000 width=20) (actual time=0.068..0.101 rows=100 loops=1)
               Sort Key: s_1.a, s_1.b
               Presorted Key: s_1.a
               Sort Method: quicksort  Memory: 27kB
               Sort Groups: 4
               ->  Index Only Scan using s_1_a_e_d_c_b_idx on s_1  (cost=0.29..358.29 rows=10000 width=20) (actual time=0.021..0.035 rows=132 loops=1)
                     Heap Fetches: 0
 Planning time: 0.280 ms
 Execution time: 0.136 ms
(11 rows)

===== 290 [Wed Mar  7 02:00:59 CET 2018] scale:10000 groups:10000 work_mem:256MB incremental:on max_workers:0 =====
SELECT * FROM s_2 ORDER BY a, b, c LIMIT 100
                                                                      QUERY PLAN                                                                       
-------------------------------------------------------------------------------------------------------------------------------------------------------
 Limit  (cost=4.40..4.40 rows=1 width=20) (actual time=0.104..0.104 rows=0 loops=1)
   ->  Limit  (cost=0.35..3.40 rows=100 width=20) (actual time=0.070..0.101 rows=100 loops=1)
         ->  Incremental Sort  (cost=0.35..305.44 rows=10000 width=20) (actual time=0.069..0.095 rows=100 loops=1)
               Sort Key: s_2.a, s_2.b, s_2.c
               Presorted Key: s_2.a, s_2.b
               Sort Method: quicksort  Memory: 27kB
               Sort Groups: 4
               ->  Index Only Scan using s_2_a_b_e_d_c_idx on s_2  (cost=0.29..358.29 rows=10000 width=20) (actual time=0.021..0.035 rows=129 loops=1)
                     Heap Fetches: 0
 Planning time: 0.274 ms
 Execution time: 0.130 ms
(11 rows)

===== 291 [Wed Mar  7 02:00:59 CET 2018] scale:10000 groups:10000 work_mem:256MB incremental:on max_workers:0 =====
SELECT * FROM s_3 ORDER BY a, b, c, d LIMIT 100
                                                                      QUERY PLAN                                                                       
-------------------------------------------------------------------------------------------------------------------------------------------------------
 Limit  (cost=4.41..4.41 rows=1 width=20) (actual time=0.105..0.105 rows=0 loops=1)
   ->  Limit  (cost=0.35..3.41 rows=100 width=20) (actual time=0.070..0.102 rows=100 loops=1)
         ->  Incremental Sort  (cost=0.35..306.28 rows=10000 width=20) (actual time=0.070..0.096 rows=100 loops=1)
               Sort Key: s_3.a, s_3.b, s_3.c, s_3.d
               Presorted Key: s_3.a, s_3.b, s_3.c
               Sort Method: quicksort  Memory: 27kB
               Sort Groups: 4
               ->  Index Only Scan using s_3_a_b_c_e_d_idx on s_3  (cost=0.29..358.29 rows=10000 width=20) (actual time=0.023..0.036 rows=129 loops=1)
                     Heap Fetches: 0
 Planning time: 0.282 ms
 Execution time: 0.131 ms
(11 rows)

===== 292 [Wed Mar  7 02:00:59 CET 2018] scale:10000 groups:10000 work_mem:256MB incremental:off max_workers:0 =====
SELECT * FROM s_1 ORDER BY a, b LIMIT 100
                                                        QUERY PLAN                                                        
--------------------------------------------------------------------------------------------------------------------------
 Limit  (cost=547.44..547.44 rows=1 width=20) (actual time=1.291..1.291 rows=0 loops=1)
   ->  Limit  (cost=546.19..546.44 rows=100 width=20) (actual time=1.278..1.287 rows=100 loops=1)
         ->  Sort  (cost=546.19..571.19 rows=10000 width=20) (actual time=1.278..1.281 rows=100 loops=1)
               Sort Key: s_1.a, s_1.b
               Sort Method: top-N heapsort  Memory: 32kB
               ->  Seq Scan on s_1  (cost=0.00..164.00 rows=10000 width=20) (actual time=0.004..0.536 rows=10000 loops=1)
 Planning time: 0.272 ms
 Execution time: 1.314 ms
(8 rows)

===== 293 [Wed Mar  7 02:00:59 CET 2018] scale:10000 groups:10000 work_mem:256MB incremental:off max_workers:0 =====
SELECT * FROM s_2 ORDER BY a, b, c LIMIT 100
                                                        QUERY PLAN                                                        
--------------------------------------------------------------------------------------------------------------------------
 Limit  (cost=547.44..547.44 rows=1 width=20) (actual time=1.299..1.299 rows=0 loops=1)
   ->  Limit  (cost=546.19..546.44 rows=100 width=20) (actual time=1.286..1.296 rows=100 loops=1)
         ->  Sort  (cost=546.19..571.19 rows=10000 width=20) (actual time=1.286..1.290 rows=100 loops=1)
               Sort Key: s_2.a, s_2.b, s_2.c
               Sort Method: top-N heapsort  Memory: 32kB
               ->  Seq Scan on s_2  (cost=0.00..164.00 rows=10000 width=20) (actual time=0.008..0.529 rows=10000 loops=1)
 Planning time: 0.272 ms
 Execution time: 1.321 ms
(8 rows)

===== 294 [Wed Mar  7 02:00:59 CET 2018] scale:10000 groups:10000 work_mem:256MB incremental:off max_workers:0 =====
SELECT * FROM s_3 ORDER BY a, b, c, d LIMIT 100
                                                        QUERY PLAN                                                        
--------------------------------------------------------------------------------------------------------------------------
 Limit  (cost=547.44..547.44 rows=1 width=20) (actual time=1.295..1.295 rows=0 loops=1)
   ->  Limit  (cost=546.19..546.44 rows=100 width=20) (actual time=1.282..1.291 rows=100 loops=1)
         ->  Sort  (cost=546.19..571.19 rows=10000 width=20) (actual time=1.281..1.285 rows=100 loops=1)
               Sort Key: s_3.a, s_3.b, s_3.c, s_3.d
               Sort Method: top-N heapsort  Memory: 32kB
               ->  Seq Scan on s_3  (cost=0.00..164.00 rows=10000 width=20) (actual time=0.007..0.525 rows=10000 loops=1)
 Planning time: 0.269 ms
 Execution time: 1.318 ms
(8 rows)

===== 295 [Wed Mar  7 02:00:59 CET 2018] scale:10000 groups:10000 work_mem:4MB incremental:on max_workers:2 =====
SELECT * FROM s_1 ORDER BY a, b LIMIT 100
                                                                      QUERY PLAN                                                                       
-------------------------------------------------------------------------------------------------------------------------------------------------------
 Limit  (cost=4.40..4.40 rows=1 width=20) (actual time=0.113..0.113 rows=0 loops=1)
   ->  Limit  (cost=0.35..3.40 rows=100 width=20) (actual time=0.071..0.109 rows=100 loops=1)
         ->  Incremental Sort  (cost=0.35..305.12 rows=10000 width=20) (actual time=0.071..0.103 rows=100 loops=1)
               Sort Key: s_1.a, s_1.b
               Presorted Key: s_1.a
               Sort Method: quicksort  Memory: 27kB
               Sort Groups: 4
               ->  Index Only Scan using s_1_a_e_d_c_b_idx on s_1  (cost=0.29..358.29 rows=10000 width=20) (actual time=0.021..0.035 rows=132 loops=1)
                     Heap Fetches: 0
 Planning time: 0.279 ms
 Execution time: 0.138 ms
(11 rows)

===== 296 [Wed Mar  7 02:00:59 CET 2018] scale:10000 groups:10000 work_mem:4MB incremental:on max_workers:2 =====
SELECT * FROM s_2 ORDER BY a, b, c LIMIT 100
                                                                      QUERY PLAN                                                                       
-------------------------------------------------------------------------------------------------------------------------------------------------------
 Limit  (cost=4.40..4.40 rows=1 width=20) (actual time=0.105..0.105 rows=0 loops=1)
   ->  Limit  (cost=0.35..3.40 rows=100 width=20) (actual time=0.070..0.102 rows=100 loops=1)
         ->  Incremental Sort  (cost=0.35..305.44 rows=10000 width=20) (actual time=0.070..0.096 rows=100 loops=1)
               Sort Key: s_2.a, s_2.b, s_2.c
               Presorted Key: s_2.a, s_2.b
               Sort Method: quicksort  Memory: 27kB
               Sort Groups: 4
               ->  Index Only Scan using s_2_a_b_e_d_c_idx on s_2  (cost=0.29..358.29 rows=10000 width=20) (actual time=0.021..0.034 rows=129 loops=1)
                     Heap Fetches: 0
 Planning time: 0.281 ms
 Execution time: 0.130 ms
(11 rows)

===== 297 [Wed Mar  7 02:00:59 CET 2018] scale:10000 groups:10000 work_mem:4MB incremental:on max_workers:2 =====
SELECT * FROM s_3 ORDER BY a, b, c, d LIMIT 100
                                                                      QUERY PLAN                                                                       
-------------------------------------------------------------------------------------------------------------------------------------------------------
 Limit  (cost=4.41..4.41 rows=1 width=20) (actual time=0.104..0.104 rows=0 loops=1)
   ->  Limit  (cost=0.35..3.41 rows=100 width=20) (actual time=0.069..0.101 rows=100 loops=1)
         ->  Incremental Sort  (cost=0.35..306.28 rows=10000 width=20) (actual time=0.069..0.095 rows=100 loops=1)
               Sort Key: s_3.a, s_3.b, s_3.c, s_3.d
               Presorted Key: s_3.a, s_3.b, s_3.c
               Sort Method: quicksort  Memory: 27kB
               Sort Groups: 4
               ->  Index Only Scan using s_3_a_b_c_e_d_idx on s_3  (cost=0.29..358.29 rows=10000 width=20) (actual time=0.022..0.035 rows=129 loops=1)
                     Heap Fetches: 0
 Planning time: 0.276 ms
 Execution time: 0.129 ms
(11 rows)

===== 298 [Wed Mar  7 02:00:59 CET 2018] scale:10000 groups:10000 work_mem:4MB incremental:off max_workers:2 =====
SELECT * FROM s_1 ORDER BY a, b LIMIT 100
                                                        QUERY PLAN                                                        
--------------------------------------------------------------------------------------------------------------------------
 Limit  (cost=547.44..547.44 rows=1 width=20) (actual time=1.284..1.284 rows=0 loops=1)
   ->  Limit  (cost=546.19..546.44 rows=100 width=20) (actual time=1.271..1.281 rows=100 loops=1)
         ->  Sort  (cost=546.19..571.19 rows=10000 width=20) (actual time=1.271..1.275 rows=100 loops=1)
               Sort Key: s_1.a, s_1.b
               Sort Method: top-N heapsort  Memory: 32kB
               ->  Seq Scan on s_1  (cost=0.00..164.00 rows=10000 width=20) (actual time=0.004..0.525 rows=10000 loops=1)
 Planning time: 0.271 ms
 Execution time: 1.308 ms
(8 rows)

===== 299 [Wed Mar  7 02:00:59 CET 2018] scale:10000 groups:10000 work_mem:4MB incremental:off max_workers:2 =====
SELECT * FROM s_2 ORDER BY a, b, c LIMIT 100
                                                        QUERY PLAN                                                        
--------------------------------------------------------------------------------------------------------------------------
 Limit  (cost=547.44..547.44 rows=1 width=20) (actual time=1.293..1.293 rows=0 loops=1)
   ->  Limit  (cost=546.19..546.44 rows=100 width=20) (actual time=1.280..1.289 rows=100 loops=1)
         ->  Sort  (cost=546.19..571.19 rows=10000 width=20) (actual time=1.280..1.284 rows=100 loops=1)
               Sort Key: s_2.a, s_2.b, s_2.c
               Sort Method: top-N heapsort  Memory: 32kB
               ->  Seq Scan on s_2  (cost=0.00..164.00 rows=10000 width=20) (actual time=0.007..0.530 rows=10000 loops=1)
 Planning time: 0.269 ms
 Execution time: 1.317 ms
(8 rows)

===== 300 [Wed Mar  7 02:00:59 CET 2018] scale:10000 groups:10000 work_mem:4MB incremental:off max_workers:2 =====
SELECT * FROM s_3 ORDER BY a, b, c, d LIMIT 100
                                                        QUERY PLAN                                                        
--------------------------------------------------------------------------------------------------------------------------
 Limit  (cost=547.44..547.44 rows=1 width=20) (actual time=1.287..1.287 rows=0 loops=1)
   ->  Limit  (cost=546.19..546.44 rows=100 width=20) (actual time=1.274..1.284 rows=100 loops=1)
         ->  Sort  (cost=546.19..571.19 rows=10000 width=20) (actual time=1.274..1.278 rows=100 loops=1)
               Sort Key: s_3.a, s_3.b, s_3.c, s_3.d
               Sort Method: top-N heapsort  Memory: 32kB
               ->  Seq Scan on s_3  (cost=0.00..164.00 rows=10000 width=20) (actual time=0.007..0.520 rows=10000 loops=1)
 Planning time: 0.271 ms
 Execution time: 1.310 ms
(8 rows)

===== 301 [Wed Mar  7 02:00:59 CET 2018] scale:10000 groups:10000 work_mem:8MB incremental:on max_workers:2 =====
SELECT * FROM s_1 ORDER BY a, b LIMIT 100
                                                                      QUERY PLAN                                                                       
-------------------------------------------------------------------------------------------------------------------------------------------------------
 Limit  (cost=4.40..4.40 rows=1 width=20) (actual time=0.110..0.110 rows=0 loops=1)
   ->  Limit  (cost=0.35..3.40 rows=100 width=20) (actual time=0.069..0.107 rows=100 loops=1)
         ->  Incremental Sort  (cost=0.35..305.12 rows=10000 width=20) (actual time=0.068..0.101 rows=100 loops=1)
               Sort Key: s_1.a, s_1.b
               Presorted Key: s_1.a
               Sort Method: quicksort  Memory: 27kB
               Sort Groups: 4
               ->  Index Only Scan using s_1_a_e_d_c_b_idx on s_1  (cost=0.29..358.29 rows=10000 width=20) (actual time=0.021..0.035 rows=132 loops=1)
                     Heap Fetches: 0
 Planning time: 0.276 ms
 Execution time: 0.136 ms
(11 rows)

===== 302 [Wed Mar  7 02:00:59 CET 2018] scale:10000 groups:10000 work_mem:8MB incremental:on max_workers:2 =====
SELECT * FROM s_2 ORDER BY a, b, c LIMIT 100
                                                                      QUERY PLAN                                                                       
-------------------------------------------------------------------------------------------------------------------------------------------------------
 Limit  (cost=4.40..4.40 rows=1 width=20) (actual time=0.104..0.104 rows=0 loops=1)
   ->  Limit  (cost=0.35..3.40 rows=100 width=20) (actual time=0.069..0.101 rows=100 loops=1)
         ->  Incremental Sort  (cost=0.35..305.44 rows=10000 width=20) (actual time=0.069..0.095 rows=100 loops=1)
               Sort Key: s_2.a, s_2.b, s_2.c
               Presorted Key: s_2.a, s_2.b
               Sort Method: quicksort  Memory: 27kB
               Sort Groups: 4
               ->  Index Only Scan using s_2_a_b_e_d_c_idx on s_2  (cost=0.29..358.29 rows=10000 width=20) (actual time=0.021..0.035 rows=129 loops=1)
                     Heap Fetches: 0
 Planning time: 0.284 ms
 Execution time: 0.131 ms
(11 rows)

===== 303 [Wed Mar  7 02:01:00 CET 2018] scale:10000 groups:10000 work_mem:8MB incremental:on max_workers:2 =====
SELECT * FROM s_3 ORDER BY a, b, c, d LIMIT 100
                                                                      QUERY PLAN                                                                       
-------------------------------------------------------------------------------------------------------------------------------------------------------
 Limit  (cost=4.41..4.41 rows=1 width=20) (actual time=0.104..0.104 rows=0 loops=1)
   ->  Limit  (cost=0.35..3.41 rows=100 width=20) (actual time=0.069..0.101 rows=100 loops=1)
         ->  Incremental Sort  (cost=0.35..306.28 rows=10000 width=20) (actual time=0.069..0.095 rows=100 loops=1)
               Sort Key: s_3.a, s_3.b, s_3.c, s_3.d
               Presorted Key: s_3.a, s_3.b, s_3.c
               Sort Method: quicksort  Memory: 27kB
               Sort Groups: 4
               ->  Index Only Scan using s_3_a_b_c_e_d_idx on s_3  (cost=0.29..358.29 rows=10000 width=20) (actual time=0.022..0.035 rows=129 loops=1)
                     Heap Fetches: 0
 Planning time: 0.274 ms
 Execution time: 0.128 ms
(11 rows)

===== 304 [Wed Mar  7 02:01:00 CET 2018] scale:10000 groups:10000 work_mem:8MB incremental:off max_workers:2 =====
SELECT * FROM s_1 ORDER BY a, b LIMIT 100
                                                        QUERY PLAN                                                        
--------------------------------------------------------------------------------------------------------------------------
 Limit  (cost=547.44..547.44 rows=1 width=20) (actual time=1.285..1.285 rows=0 loops=1)
   ->  Limit  (cost=546.19..546.44 rows=100 width=20) (actual time=1.272..1.282 rows=100 loops=1)
         ->  Sort  (cost=546.19..571.19 rows=10000 width=20) (actual time=1.272..1.276 rows=100 loops=1)
               Sort Key: s_1.a, s_1.b
               Sort Method: top-N heapsort  Memory: 32kB
               ->  Seq Scan on s_1  (cost=0.00..164.00 rows=10000 width=20) (actual time=0.004..0.525 rows=10000 loops=1)
 Planning time: 0.274 ms
 Execution time: 1.308 ms
(8 rows)

===== 305 [Wed Mar  7 02:01:00 CET 2018] scale:10000 groups:10000 work_mem:8MB incremental:off max_workers:2 =====
SELECT * FROM s_2 ORDER BY a, b, c LIMIT 100
                                                        QUERY PLAN                                                        
--------------------------------------------------------------------------------------------------------------------------
 Limit  (cost=547.44..547.44 rows=1 width=20) (actual time=1.288..1.288 rows=0 loops=1)
   ->  Limit  (cost=546.19..546.44 rows=100 width=20) (actual time=1.275..1.285 rows=100 loops=1)
         ->  Sort  (cost=546.19..571.19 rows=10000 width=20) (actual time=1.275..1.279 rows=100 loops=1)
               Sort Key: s_2.a, s_2.b, s_2.c
               Sort Method: top-N heapsort  Memory: 32kB
               ->  Seq Scan on s_2  (cost=0.00..164.00 rows=10000 width=20) (actual time=0.007..0.530 rows=10000 loops=1)
 Planning time: 0.270 ms
 Execution time: 1.311 ms
(8 rows)

===== 306 [Wed Mar  7 02:01:00 CET 2018] scale:10000 groups:10000 work_mem:8MB incremental:off max_workers:2 =====
SELECT * FROM s_3 ORDER BY a, b, c, d LIMIT 100
                                                        QUERY PLAN                                                        
--------------------------------------------------------------------------------------------------------------------------
 Limit  (cost=547.44..547.44 rows=1 width=20) (actual time=1.290..1.290 rows=0 loops=1)
   ->  Limit  (cost=546.19..546.44 rows=100 width=20) (actual time=1.277..1.286 rows=100 loops=1)
         ->  Sort  (cost=546.19..571.19 rows=10000 width=20) (actual time=1.277..1.280 rows=100 loops=1)
               Sort Key: s_3.a, s_3.b, s_3.c, s_3.d
               Sort Method: top-N heapsort  Memory: 32kB
               ->  Seq Scan on s_3  (cost=0.00..164.00 rows=10000 width=20) (actual time=0.007..0.525 rows=10000 loops=1)
 Planning time: 0.269 ms
 Execution time: 1.312 ms
(8 rows)

===== 307 [Wed Mar  7 02:01:00 CET 2018] scale:10000 groups:10000 work_mem:16MB incremental:on max_workers:2 =====
SELECT * FROM s_1 ORDER BY a, b LIMIT 100
                                                                      QUERY PLAN                                                                       
-------------------------------------------------------------------------------------------------------------------------------------------------------
 Limit  (cost=4.40..4.40 rows=1 width=20) (actual time=0.111..0.111 rows=0 loops=1)
   ->  Limit  (cost=0.35..3.40 rows=100 width=20) (actual time=0.069..0.108 rows=100 loops=1)
         ->  Incremental Sort  (cost=0.35..305.12 rows=10000 width=20) (actual time=0.069..0.102 rows=100 loops=1)
               Sort Key: s_1.a, s_1.b
               Presorted Key: s_1.a
               Sort Method: quicksort  Memory: 27kB
               Sort Groups: 4
               ->  Index Only Scan using s_1_a_e_d_c_b_idx on s_1  (cost=0.29..358.29 rows=10000 width=20) (actual time=0.021..0.035 rows=132 loops=1)
                     Heap Fetches: 0
 Planning time: 0.285 ms
 Execution time: 0.139 ms
(11 rows)

===== 308 [Wed Mar  7 02:01:00 CET 2018] scale:10000 groups:10000 work_mem:16MB incremental:on max_workers:2 =====
SELECT * FROM s_2 ORDER BY a, b, c LIMIT 100
                                                                      QUERY PLAN                                                                       
-------------------------------------------------------------------------------------------------------------------------------------------------------
 Limit  (cost=4.40..4.40 rows=1 width=20) (actual time=0.106..0.106 rows=0 loops=1)
   ->  Limit  (cost=0.35..3.40 rows=100 width=20) (actual time=0.071..0.102 rows=100 loops=1)
         ->  Incremental Sort  (cost=0.35..305.44 rows=10000 width=20) (actual time=0.071..0.096 rows=100 loops=1)
               Sort Key: s_2.a, s_2.b, s_2.c
               Presorted Key: s_2.a, s_2.b
               Sort Method: quicksort  Memory: 27kB
               Sort Groups: 4
               ->  Index Only Scan using s_2_a_b_e_d_c_idx on s_2  (cost=0.29..358.29 rows=10000 width=20) (actual time=0.021..0.034 rows=129 loops=1)
                     Heap Fetches: 0
 Planning time: 0.281 ms
 Execution time: 0.130 ms
(11 rows)

===== 309 [Wed Mar  7 02:01:00 CET 2018] scale:10000 groups:10000 work_mem:16MB incremental:on max_workers:2 =====
SELECT * FROM s_3 ORDER BY a, b, c, d LIMIT 100
                                                                      QUERY PLAN                                                                       
-------------------------------------------------------------------------------------------------------------------------------------------------------
 Limit  (cost=4.41..4.41 rows=1 width=20) (actual time=0.104..0.104 rows=0 loops=1)
   ->  Limit  (cost=0.35..3.41 rows=100 width=20) (actual time=0.069..0.101 rows=100 loops=1)
         ->  Incremental Sort  (cost=0.35..306.28 rows=10000 width=20) (actual time=0.069..0.095 rows=100 loops=1)
               Sort Key: s_3.a, s_3.b, s_3.c, s_3.d
               Presorted Key: s_3.a, s_3.b, s_3.c
               Sort Method: quicksort  Memory: 27kB
               Sort Groups: 4
               ->  Index Only Scan using s_3_a_b_c_e_d_idx on s_3  (cost=0.29..358.29 rows=10000 width=20) (actual time=0.022..0.036 rows=129 loops=1)
                     Heap Fetches: 0
 Planning time: 0.277 ms
 Execution time: 0.136 ms
(11 rows)

===== 310 [Wed Mar  7 02:01:00 CET 2018] scale:10000 groups:10000 work_mem:16MB incremental:off max_workers:2 =====
SELECT * FROM s_1 ORDER BY a, b LIMIT 100
                                                        QUERY PLAN                                                        
--------------------------------------------------------------------------------------------------------------------------
 Limit  (cost=547.44..547.44 rows=1 width=20) (actual time=1.278..1.278 rows=0 loops=1)
   ->  Limit  (cost=546.19..546.44 rows=100 width=20) (actual time=1.265..1.275 rows=100 loops=1)
         ->  Sort  (cost=546.19..571.19 rows=10000 width=20) (actual time=1.265..1.269 rows=100 loops=1)
               Sort Key: s_1.a, s_1.b
               Sort Method: top-N heapsort  Memory: 32kB
               ->  Seq Scan on s_1  (cost=0.00..164.00 rows=10000 width=20) (actual time=0.004..0.522 rows=10000 loops=1)
 Planning time: 0.270 ms
 Execution time: 1.303 ms
(8 rows)

===== 311 [Wed Mar  7 02:01:00 CET 2018] scale:10000 groups:10000 work_mem:16MB incremental:off max_workers:2 =====
SELECT * FROM s_2 ORDER BY a, b, c LIMIT 100
                                                        QUERY PLAN                                                        
--------------------------------------------------------------------------------------------------------------------------
 Limit  (cost=547.44..547.44 rows=1 width=20) (actual time=1.296..1.296 rows=0 loops=1)
   ->  Limit  (cost=546.19..546.44 rows=100 width=20) (actual time=1.283..1.292 rows=100 loops=1)
         ->  Sort  (cost=546.19..571.19 rows=10000 width=20) (actual time=1.283..1.286 rows=100 loops=1)
               Sort Key: s_2.a, s_2.b, s_2.c
               Sort Method: top-N heapsort  Memory: 32kB
               ->  Seq Scan on s_2  (cost=0.00..164.00 rows=10000 width=20) (actual time=0.007..0.535 rows=10000 loops=1)
 Planning time: 0.271 ms
 Execution time: 1.320 ms
(8 rows)

===== 312 [Wed Mar  7 02:01:00 CET 2018] scale:10000 groups:10000 work_mem:16MB incremental:off max_workers:2 =====
SELECT * FROM s_3 ORDER BY a, b, c, d LIMIT 100
                                                        QUERY PLAN                                                        
--------------------------------------------------------------------------------------------------------------------------
 Limit  (cost=547.44..547.44 rows=1 width=20) (actual time=1.287..1.287 rows=0 loops=1)
   ->  Limit  (cost=546.19..546.44 rows=100 width=20) (actual time=1.274..1.283 rows=100 loops=1)
         ->  Sort  (cost=546.19..571.19 rows=10000 width=20) (actual time=1.273..1.277 rows=100 loops=1)
               Sort Key: s_3.a, s_3.b, s_3.c, s_3.d
               Sort Method: top-N heapsort  Memory: 32kB
               ->  Seq Scan on s_3  (cost=0.00..164.00 rows=10000 width=20) (actual time=0.007..0.520 rows=10000 loops=1)
 Planning time: 0.278 ms
 Execution time: 1.309 ms
(8 rows)

===== 313 [Wed Mar  7 02:01:00 CET 2018] scale:10000 groups:10000 work_mem:32MB incremental:on max_workers:2 =====
SELECT * FROM s_1 ORDER BY a, b LIMIT 100
                                                                      QUERY PLAN                                                                       
-------------------------------------------------------------------------------------------------------------------------------------------------------
 Limit  (cost=4.40..4.40 rows=1 width=20) (actual time=0.113..0.113 rows=0 loops=1)
   ->  Limit  (cost=0.35..3.40 rows=100 width=20) (actual time=0.071..0.110 rows=100 loops=1)
         ->  Incremental Sort  (cost=0.35..305.12 rows=10000 width=20) (actual time=0.071..0.103 rows=100 loops=1)
               Sort Key: s_1.a, s_1.b
               Presorted Key: s_1.a
               Sort Method: quicksort  Memory: 27kB
               Sort Groups: 4
               ->  Index Only Scan using s_1_a_e_d_c_b_idx on s_1  (cost=0.29..358.29 rows=10000 width=20) (actual time=0.023..0.037 rows=132 loops=1)
                     Heap Fetches: 0
 Planning time: 0.278 ms
 Execution time: 0.138 ms
(11 rows)

===== 314 [Wed Mar  7 02:01:00 CET 2018] scale:10000 groups:10000 work_mem:32MB incremental:on max_workers:2 =====
SELECT * FROM s_2 ORDER BY a, b, c LIMIT 100
                                                                      QUERY PLAN                                                                       
-------------------------------------------------------------------------------------------------------------------------------------------------------
 Limit  (cost=4.40..4.40 rows=1 width=20) (actual time=0.104..0.104 rows=0 loops=1)
   ->  Limit  (cost=0.35..3.40 rows=100 width=20) (actual time=0.069..0.101 rows=100 loops=1)
         ->  Incremental Sort  (cost=0.35..305.44 rows=10000 width=20) (actual time=0.069..0.095 rows=100 loops=1)
               Sort Key: s_2.a, s_2.b, s_2.c
               Presorted Key: s_2.a, s_2.b
               Sort Method: quicksort  Memory: 27kB
               Sort Groups: 4
               ->  Index Only Scan using s_2_a_b_e_d_c_idx on s_2  (cost=0.29..358.29 rows=10000 width=20) (actual time=0.021..0.034 rows=129 loops=1)
                     Heap Fetches: 0
 Planning time: 0.275 ms
 Execution time: 0.129 ms
(11 rows)

===== 315 [Wed Mar  7 02:01:00 CET 2018] scale:10000 groups:10000 work_mem:32MB incremental:on max_workers:2 =====
SELECT * FROM s_3 ORDER BY a, b, c, d LIMIT 100
                                                                      QUERY PLAN                                                                       
-------------------------------------------------------------------------------------------------------------------------------------------------------
 Limit  (cost=4.41..4.41 rows=1 width=20) (actual time=0.106..0.106 rows=0 loops=1)
   ->  Limit  (cost=0.35..3.41 rows=100 width=20) (actual time=0.070..0.102 rows=100 loops=1)
         ->  Incremental Sort  (cost=0.35..306.28 rows=10000 width=20) (actual time=0.070..0.096 rows=100 loops=1)
               Sort Key: s_3.a, s_3.b, s_3.c, s_3.d
               Presorted Key: s_3.a, s_3.b, s_3.c
               Sort Method: quicksort  Memory: 27kB
               Sort Groups: 4
               ->  Index Only Scan using s_3_a_b_c_e_d_idx on s_3  (cost=0.29..358.29 rows=10000 width=20) (actual time=0.023..0.036 rows=129 loops=1)
                     Heap Fetches: 0
 Planning time: 0.274 ms
 Execution time: 0.130 ms
(11 rows)

===== 316 [Wed Mar  7 02:01:01 CET 2018] scale:10000 groups:10000 work_mem:32MB incremental:off max_workers:2 =====
SELECT * FROM s_1 ORDER BY a, b LIMIT 100
                                                        QUERY PLAN                                                        
--------------------------------------------------------------------------------------------------------------------------
 Limit  (cost=547.44..547.44 rows=1 width=20) (actual time=1.284..1.284 rows=0 loops=1)
   ->  Limit  (cost=546.19..546.44 rows=100 width=20) (actual time=1.271..1.280 rows=100 loops=1)
         ->  Sort  (cost=546.19..571.19 rows=10000 width=20) (actual time=1.271..1.274 rows=100 loops=1)
               Sort Key: s_1.a, s_1.b
               Sort Method: top-N heapsort  Memory: 32kB
               ->  Seq Scan on s_1  (cost=0.00..164.00 rows=10000 width=20) (actual time=0.004..0.531 rows=10000 loops=1)
 Planning time: 0.269 ms
 Execution time: 1.306 ms
(8 rows)

===== 317 [Wed Mar  7 02:01:01 CET 2018] scale:10000 groups:10000 work_mem:32MB incremental:off max_workers:2 =====
SELECT * FROM s_2 ORDER BY a, b, c LIMIT 100
                                                        QUERY PLAN                                                        
--------------------------------------------------------------------------------------------------------------------------
 Limit  (cost=547.44..547.44 rows=1 width=20) (actual time=1.286..1.286 rows=0 loops=1)
   ->  Limit  (cost=546.19..546.44 rows=100 width=20) (actual time=1.273..1.283 rows=100 loops=1)
         ->  Sort  (cost=546.19..571.19 rows=10000 width=20) (actual time=1.273..1.277 rows=100 loops=1)
               Sort Key: s_2.a, s_2.b, s_2.c
               Sort Method: top-N heapsort  Memory: 32kB
               ->  Seq Scan on s_2  (cost=0.00..164.00 rows=10000 width=20) (actual time=0.007..0.523 rows=10000 loops=1)
 Planning time: 0.267 ms
 Execution time: 1.309 ms
(8 rows)

===== 318 [Wed Mar  7 02:01:01 CET 2018] scale:10000 groups:10000 work_mem:32MB incremental:off max_workers:2 =====
SELECT * FROM s_3 ORDER BY a, b, c, d LIMIT 100
                                                        QUERY PLAN                                                        
--------------------------------------------------------------------------------------------------------------------------
 Limit  (cost=547.44..547.44 rows=1 width=20) (actual time=1.293..1.293 rows=0 loops=1)
   ->  Limit  (cost=546.19..546.44 rows=100 width=20) (actual time=1.280..1.289 rows=100 loops=1)
         ->  Sort  (cost=546.19..571.19 rows=10000 width=20) (actual time=1.280..1.283 rows=100 loops=1)
               Sort Key: s_3.a, s_3.b, s_3.c, s_3.d
               Sort Method: top-N heapsort  Memory: 32kB
               ->  Seq Scan on s_3  (cost=0.00..164.00 rows=10000 width=20) (actual time=0.007..0.532 rows=10000 loops=1)
 Planning time: 0.272 ms
 Execution time: 1.315 ms
(8 rows)

===== 319 [Wed Mar  7 02:01:01 CET 2018] scale:10000 groups:10000 work_mem:64MB incremental:on max_workers:2 =====
SELECT * FROM s_1 ORDER BY a, b LIMIT 100
                                                                      QUERY PLAN                                                                       
-------------------------------------------------------------------------------------------------------------------------------------------------------
 Limit  (cost=4.40..4.40 rows=1 width=20) (actual time=0.109..0.109 rows=0 loops=1)
   ->  Limit  (cost=0.35..3.40 rows=100 width=20) (actual time=0.068..0.106 rows=100 loops=1)
         ->  Incremental Sort  (cost=0.35..305.12 rows=10000 width=20) (actual time=0.068..0.100 rows=100 loops=1)
               Sort Key: s_1.a, s_1.b
               Presorted Key: s_1.a
               Sort Method: quicksort  Memory: 27kB
               Sort Groups: 4
               ->  Index Only Scan using s_1_a_e_d_c_b_idx on s_1  (cost=0.29..358.29 rows=10000 width=20) (actual time=0.021..0.034 rows=132 loops=1)
                     Heap Fetches: 0
 Planning time: 0.271 ms
 Execution time: 0.135 ms
(11 rows)

===== 320 [Wed Mar  7 02:01:01 CET 2018] scale:10000 groups:10000 work_mem:64MB incremental:on max_workers:2 =====
SELECT * FROM s_2 ORDER BY a, b, c LIMIT 100
                                                                      QUERY PLAN                                                                       
-------------------------------------------------------------------------------------------------------------------------------------------------------
 Limit  (cost=4.40..4.40 rows=1 width=20) (actual time=0.109..0.109 rows=0 loops=1)
   ->  Limit  (cost=0.35..3.40 rows=100 width=20) (actual time=0.074..0.106 rows=100 loops=1)
         ->  Incremental Sort  (cost=0.35..305.44 rows=10000 width=20) (actual time=0.074..0.100 rows=100 loops=1)
               Sort Key: s_2.a, s_2.b, s_2.c
               Presorted Key: s_2.a, s_2.b
               Sort Method: quicksort  Memory: 27kB
               Sort Groups: 4
               ->  Index Only Scan using s_2_a_b_e_d_c_idx on s_2  (cost=0.29..358.29 rows=10000 width=20) (actual time=0.021..0.035 rows=129 loops=1)
                     Heap Fetches: 0
 Planning time: 0.274 ms
 Execution time: 0.134 ms
(11 rows)

===== 321 [Wed Mar  7 02:01:01 CET 2018] scale:10000 groups:10000 work_mem:64MB incremental:on max_workers:2 =====
SELECT * FROM s_3 ORDER BY a, b, c, d LIMIT 100
                                                                      QUERY PLAN                                                                       
-------------------------------------------------------------------------------------------------------------------------------------------------------
 Limit  (cost=4.41..4.41 rows=1 width=20) (actual time=0.104..0.104 rows=0 loops=1)
   ->  Limit  (cost=0.35..3.41 rows=100 width=20) (actual time=0.069..0.101 rows=100 loops=1)
         ->  Incremental Sort  (cost=0.35..306.28 rows=10000 width=20) (actual time=0.069..0.095 rows=100 loops=1)
               Sort Key: s_3.a, s_3.b, s_3.c, s_3.d
               Presorted Key: s_3.a, s_3.b, s_3.c
               Sort Method: quicksort  Memory: 27kB
               Sort Groups: 4
               ->  Index Only Scan using s_3_a_b_c_e_d_idx on s_3  (cost=0.29..358.29 rows=10000 width=20) (actual time=0.022..0.035 rows=129 loops=1)
                     Heap Fetches: 0
 Planning time: 0.285 ms
 Execution time: 0.129 ms
(11 rows)

===== 322 [Wed Mar  7 02:01:01 CET 2018] scale:10000 groups:10000 work_mem:64MB incremental:off max_workers:2 =====
SELECT * FROM s_1 ORDER BY a, b LIMIT 100
                                                        QUERY PLAN                                                        
--------------------------------------------------------------------------------------------------------------------------
 Limit  (cost=547.44..547.44 rows=1 width=20) (actual time=1.292..1.292 rows=0 loops=1)
   ->  Limit  (cost=546.19..546.44 rows=100 width=20) (actual time=1.279..1.288 rows=100 loops=1)
         ->  Sort  (cost=546.19..571.19 rows=10000 width=20) (actual time=1.278..1.282 rows=100 loops=1)
               Sort Key: s_1.a, s_1.b
               Sort Method: top-N heapsort  Memory: 32kB
               ->  Seq Scan on s_1  (cost=0.00..164.00 rows=10000 width=20) (actual time=0.004..0.529 rows=10000 loops=1)
 Planning time: 0.269 ms
 Execution time: 1.315 ms
(8 rows)

===== 323 [Wed Mar  7 02:01:01 CET 2018] scale:10000 groups:10000 work_mem:64MB incremental:off max_workers:2 =====
SELECT * FROM s_2 ORDER BY a, b, c LIMIT 100
                                                        QUERY PLAN                                                        
--------------------------------------------------------------------------------------------------------------------------
 Limit  (cost=547.44..547.44 rows=1 width=20) (actual time=1.291..1.291 rows=0 loops=1)
   ->  Limit  (cost=546.19..546.44 rows=100 width=20) (actual time=1.278..1.287 rows=100 loops=1)
         ->  Sort  (cost=546.19..571.19 rows=10000 width=20) (actual time=1.277..1.281 rows=100 loops=1)
               Sort Key: s_2.a, s_2.b, s_2.c
               Sort Method: top-N heapsort  Memory: 32kB
               ->  Seq Scan on s_2  (cost=0.00..164.00 rows=10000 width=20) (actual time=0.007..0.525 rows=10000 loops=1)
 Planning time: 0.273 ms
 Execution time: 1.314 ms
(8 rows)

===== 324 [Wed Mar  7 02:01:01 CET 2018] scale:10000 groups:10000 work_mem:64MB incremental:off max_workers:2 =====
SELECT * FROM s_3 ORDER BY a, b, c, d LIMIT 100
                                                        QUERY PLAN                                                        
--------------------------------------------------------------------------------------------------------------------------
 Limit  (cost=547.44..547.44 rows=1 width=20) (actual time=1.289..1.289 rows=0 loops=1)
   ->  Limit  (cost=546.19..546.44 rows=100 width=20) (actual time=1.276..1.286 rows=100 loops=1)
         ->  Sort  (cost=546.19..571.19 rows=10000 width=20) (actual time=1.276..1.280 rows=100 loops=1)
               Sort Key: s_3.a, s_3.b, s_3.c, s_3.d
               Sort Method: top-N heapsort  Memory: 32kB
               ->  Seq Scan on s_3  (cost=0.00..164.00 rows=10000 width=20) (actual time=0.007..0.520 rows=10000 loops=1)
 Planning time: 0.272 ms
 Execution time: 1.312 ms
(8 rows)

===== 325 [Wed Mar  7 02:01:01 CET 2018] scale:10000 groups:10000 work_mem:128MB incremental:on max_workers:2 =====
SELECT * FROM s_1 ORDER BY a, b LIMIT 100
                                                                      QUERY PLAN                                                                       
-------------------------------------------------------------------------------------------------------------------------------------------------------
 Limit  (cost=4.40..4.40 rows=1 width=20) (actual time=0.110..0.110 rows=0 loops=1)
   ->  Limit  (cost=0.35..3.40 rows=100 width=20) (actual time=0.069..0.107 rows=100 loops=1)
         ->  Incremental Sort  (cost=0.35..305.12 rows=10000 width=20) (actual time=0.068..0.101 rows=100 loops=1)
               Sort Key: s_1.a, s_1.b
               Presorted Key: s_1.a
               Sort Method: quicksort  Memory: 27kB
               Sort Groups: 4
               ->  Index Only Scan using s_1_a_e_d_c_b_idx on s_1  (cost=0.29..358.29 rows=10000 width=20) (actual time=0.021..0.035 rows=132 loops=1)
                     Heap Fetches: 0
 Planning time: 0.282 ms
 Execution time: 0.136 ms
(11 rows)

===== 326 [Wed Mar  7 02:01:01 CET 2018] scale:10000 groups:10000 work_mem:128MB incremental:on max_workers:2 =====
SELECT * FROM s_2 ORDER BY a, b, c LIMIT 100
                                                                      QUERY PLAN                                                                       
-------------------------------------------------------------------------------------------------------------------------------------------------------
 Limit  (cost=4.40..4.40 rows=1 width=20) (actual time=0.105..0.105 rows=0 loops=1)
   ->  Limit  (cost=0.35..3.40 rows=100 width=20) (actual time=0.070..0.101 rows=100 loops=1)
         ->  Incremental Sort  (cost=0.35..305.44 rows=10000 width=20) (actual time=0.070..0.095 rows=100 loops=1)
               Sort Key: s_2.a, s_2.b, s_2.c
               Presorted Key: s_2.a, s_2.b
               Sort Method: quicksort  Memory: 27kB
               Sort Groups: 4
               ->  Index Only Scan using s_2_a_b_e_d_c_idx on s_2  (cost=0.29..358.29 rows=10000 width=20) (actual time=0.021..0.034 rows=129 loops=1)
                     Heap Fetches: 0
 Planning time: 0.274 ms
 Execution time: 0.131 ms
(11 rows)

===== 327 [Wed Mar  7 02:01:01 CET 2018] scale:10000 groups:10000 work_mem:128MB incremental:on max_workers:2 =====
SELECT * FROM s_3 ORDER BY a, b, c, d LIMIT 100
                                                                      QUERY PLAN                                                                       
-------------------------------------------------------------------------------------------------------------------------------------------------------
 Limit  (cost=4.41..4.41 rows=1 width=20) (actual time=0.105..0.105 rows=0 loops=1)
   ->  Limit  (cost=0.35..3.41 rows=100 width=20) (actual time=0.070..0.101 rows=100 loops=1)
         ->  Incremental Sort  (cost=0.35..306.28 rows=10000 width=20) (actual time=0.069..0.095 rows=100 loops=1)
               Sort Key: s_3.a, s_3.b, s_3.c, s_3.d
               Presorted Key: s_3.a, s_3.b, s_3.c
               Sort Method: quicksort  Memory: 27kB
               Sort Groups: 4
               ->  Index Only Scan using s_3_a_b_c_e_d_idx on s_3  (cost=0.29..358.29 rows=10000 width=20) (actual time=0.022..0.036 rows=129 loops=1)
                     Heap Fetches: 0
 Planning time: 0.283 ms
 Execution time: 0.129 ms
(11 rows)

===== 328 [Wed Mar  7 02:01:01 CET 2018] scale:10000 groups:10000 work_mem:128MB incremental:off max_workers:2 =====
SELECT * FROM s_1 ORDER BY a, b LIMIT 100
                                                        QUERY PLAN                                                        
--------------------------------------------------------------------------------------------------------------------------
 Limit  (cost=547.44..547.44 rows=1 width=20) (actual time=1.284..1.284 rows=0 loops=1)
   ->  Limit  (cost=546.19..546.44 rows=100 width=20) (actual time=1.271..1.280 rows=100 loops=1)
         ->  Sort  (cost=546.19..571.19 rows=10000 width=20) (actual time=1.270..1.274 rows=100 loops=1)
               Sort Key: s_1.a, s_1.b
               Sort Method: top-N heapsort  Memory: 32kB
               ->  Seq Scan on s_1  (cost=0.00..164.00 rows=10000 width=20) (actual time=0.004..0.528 rows=10000 loops=1)
 Planning time: 0.272 ms
 Execution time: 1.306 ms
(8 rows)

===== 329 [Wed Mar  7 02:01:02 CET 2018] scale:10000 groups:10000 work_mem:128MB incremental:off max_workers:2 =====
SELECT * FROM s_2 ORDER BY a, b, c LIMIT 100
                                                        QUERY PLAN                                                        
--------------------------------------------------------------------------------------------------------------------------
 Limit  (cost=547.44..547.44 rows=1 width=20) (actual time=1.299..1.299 rows=0 loops=1)
   ->  Limit  (cost=546.19..546.44 rows=100 width=20) (actual time=1.286..1.296 rows=100 loops=1)
         ->  Sort  (cost=546.19..571.19 rows=10000 width=20) (actual time=1.286..1.290 rows=100 loops=1)
               Sort Key: s_2.a, s_2.b, s_2.c
               Sort Method: top-N heapsort  Memory: 32kB
               ->  Seq Scan on s_2  (cost=0.00..164.00 rows=10000 width=20) (actual time=0.007..0.528 rows=10000 loops=1)
 Planning time: 0.273 ms
 Execution time: 1.322 ms
(8 rows)

===== 330 [Wed Mar  7 02:01:02 CET 2018] scale:10000 groups:10000 work_mem:128MB incremental:off max_workers:2 =====
SELECT * FROM s_3 ORDER BY a, b, c, d LIMIT 100
                                                        QUERY PLAN                                                        
--------------------------------------------------------------------------------------------------------------------------
 Limit  (cost=547.44..547.44 rows=1 width=20) (actual time=1.299..1.299 rows=0 loops=1)
   ->  Limit  (cost=546.19..546.44 rows=100 width=20) (actual time=1.286..1.295 rows=100 loops=1)
         ->  Sort  (cost=546.19..571.19 rows=10000 width=20) (actual time=1.286..1.289 rows=100 loops=1)
               Sort Key: s_3.a, s_3.b, s_3.c, s_3.d
               Sort Method: top-N heapsort  Memory: 32kB
               ->  Seq Scan on s_3  (cost=0.00..164.00 rows=10000 width=20) (actual time=0.007..0.523 rows=10000 loops=1)
 Planning time: 0.269 ms
 Execution time: 1.322 ms
(8 rows)

===== 331 [Wed Mar  7 02:01:02 CET 2018] scale:10000 groups:10000 work_mem:256MB incremental:on max_workers:2 =====
SELECT * FROM s_1 ORDER BY a, b LIMIT 100
                                                                      QUERY PLAN                                                                       
-------------------------------------------------------------------------------------------------------------------------------------------------------
 Limit  (cost=4.40..4.40 rows=1 width=20) (actual time=0.110..0.110 rows=0 loops=1)
   ->  Limit  (cost=0.35..3.40 rows=100 width=20) (actual time=0.068..0.106 rows=100 loops=1)
         ->  Incremental Sort  (cost=0.35..305.12 rows=10000 width=20) (actual time=0.068..0.100 rows=100 loops=1)
               Sort Key: s_1.a, s_1.b
               Presorted Key: s_1.a
               Sort Method: quicksort  Memory: 27kB
               Sort Groups: 4
               ->  Index Only Scan using s_1_a_e_d_c_b_idx on s_1  (cost=0.29..358.29 rows=10000 width=20) (actual time=0.021..0.035 rows=132 loops=1)
                     Heap Fetches: 0
 Planning time: 0.271 ms
 Execution time: 0.135 ms
(11 rows)

===== 332 [Wed Mar  7 02:01:02 CET 2018] scale:10000 groups:10000 work_mem:256MB incremental:on max_workers:2 =====
SELECT * FROM s_2 ORDER BY a, b, c LIMIT 100
                                                                      QUERY PLAN                                                                       
-------------------------------------------------------------------------------------------------------------------------------------------------------
 Limit  (cost=4.40..4.40 rows=1 width=20) (actual time=0.109..0.109 rows=0 loops=1)
   ->  Limit  (cost=0.35..3.40 rows=100 width=20) (actual time=0.074..0.105 rows=100 loops=1)
         ->  Incremental Sort  (cost=0.35..305.44 rows=10000 width=20) (actual time=0.074..0.099 rows=100 loops=1)
               Sort Key: s_2.a, s_2.b, s_2.c
               Presorted Key: s_2.a, s_2.b
               Sort Method: quicksort  Memory: 27kB
               Sort Groups: 4
               ->  Index Only Scan using s_2_a_b_e_d_c_idx on s_2  (cost=0.29..358.29 rows=10000 width=20) (actual time=0.021..0.034 rows=129 loops=1)
                     Heap Fetches: 0
 Planning time: 0.276 ms
 Execution time: 0.134 ms
(11 rows)

===== 333 [Wed Mar  7 02:01:02 CET 2018] scale:10000 groups:10000 work_mem:256MB incremental:on max_workers:2 =====
SELECT * FROM s_3 ORDER BY a, b, c, d LIMIT 100
                                                                      QUERY PLAN                                                                       
-------------------------------------------------------------------------------------------------------------------------------------------------------
 Limit  (cost=4.41..4.41 rows=1 width=20) (actual time=0.105..0.105 rows=0 loops=1)
   ->  Limit  (cost=0.35..3.41 rows=100 width=20) (actual time=0.069..0.101 rows=100 loops=1)
         ->  Incremental Sort  (cost=0.35..306.28 rows=10000 width=20) (actual time=0.069..0.095 rows=100 loops=1)
               Sort Key: s_3.a, s_3.b, s_3.c, s_3.d
               Presorted Key: s_3.a, s_3.b, s_3.c
               Sort Method: quicksort  Memory: 27kB
               Sort Groups: 4
               ->  Index Only Scan using s_3_a_b_c_e_d_idx on s_3  (cost=0.29..358.29 rows=10000 width=20) (actual time=0.022..0.035 rows=129 loops=1)
                     Heap Fetches: 0
 Planning time: 0.281 ms
 Execution time: 0.129 ms
(11 rows)

===== 334 [Wed Mar  7 02:01:02 CET 2018] scale:10000 groups:10000 work_mem:256MB incremental:off max_workers:2 =====
SELECT * FROM s_1 ORDER BY a, b LIMIT 100
                                                        QUERY PLAN                                                        
--------------------------------------------------------------------------------------------------------------------------
 Limit  (cost=547.44..547.44 rows=1 width=20) (actual time=1.285..1.285 rows=0 loops=1)
   ->  Limit  (cost=546.19..546.44 rows=100 width=20) (actual time=1.272..1.281 rows=100 loops=1)
         ->  Sort  (cost=546.19..571.19 rows=10000 width=20) (actual time=1.271..1.275 rows=100 loops=1)
               Sort Key: s_1.a, s_1.b
               Sort Method: top-N heapsort  Memory: 32kB
               ->  Seq Scan on s_1  (cost=0.00..164.00 rows=10000 width=20) (actual time=0.004..0.529 rows=10000 loops=1)
 Planning time: 0.276 ms
 Execution time: 1.308 ms
(8 rows)

===== 335 [Wed Mar  7 02:01:02 CET 2018] scale:10000 groups:10000 work_mem:256MB incremental:off max_workers:2 =====
SELECT * FROM s_2 ORDER BY a, b, c LIMIT 100
                                                        QUERY PLAN                                                        
--------------------------------------------------------------------------------------------------------------------------
 Limit  (cost=547.44..547.44 rows=1 width=20) (actual time=1.294..1.294 rows=0 loops=1)
   ->  Limit  (cost=546.19..546.44 rows=100 width=20) (actual time=1.281..1.290 rows=100 loops=1)
         ->  Sort  (cost=546.19..571.19 rows=10000 width=20) (actual time=1.280..1.284 rows=100 loops=1)
               Sort Key: s_2.a, s_2.b, s_2.c
               Sort Method: top-N heapsort  Memory: 32kB
               ->  Seq Scan on s_2  (cost=0.00..164.00 rows=10000 width=20) (actual time=0.007..0.531 rows=10000 loops=1)
 Planning time: 0.272 ms
 Execution time: 1.318 ms
(8 rows)

===== 336 [Wed Mar  7 02:01:02 CET 2018] scale:10000 groups:10000 work_mem:256MB incremental:off max_workers:2 =====
SELECT * FROM s_3 ORDER BY a, b, c, d LIMIT 100
                                                        QUERY PLAN                                                        
--------------------------------------------------------------------------------------------------------------------------
 Limit  (cost=547.44..547.44 rows=1 width=20) (actual time=1.290..1.290 rows=0 loops=1)
   ->  Limit  (cost=546.19..546.44 rows=100 width=20) (actual time=1.276..1.286 rows=100 loops=1)
         ->  Sort  (cost=546.19..571.19 rows=10000 width=20) (actual time=1.276..1.280 rows=100 loops=1)
               Sort Key: s_3.a, s_3.b, s_3.c, s_3.d
               Sort Method: top-N heapsort  Memory: 32kB
               ->  Seq Scan on s_3  (cost=0.00..164.00 rows=10000 width=20) (actual time=0.007..0.526 rows=10000 loops=1)
 Planning time: 0.267 ms
 Execution time: 1.313 ms
(8 rows)

