===== 1 [Wed Mar  7 01:58:04 CET 2018] scale:10000 groups:10 work_mem:4MB incremental:on max_workers:0 =====
SELECT * FROM (SELECT * FROM s_1 ORDER BY a) foo ORDER BY a, b LIMIT 100
                                                           QUERY PLAN                                                           
--------------------------------------------------------------------------------------------------------------------------------
 Limit  (cost=877.25..877.25 rows=1 width=20) (actual time=1.875..1.875 rows=0 loops=1)
   ->  Limit  (cost=874.49..876.25 rows=100 width=20) (actual time=1.862..1.872 rows=100 loops=1)
         ->  Incremental Sort  (cost=874.49..1049.71 rows=10000 width=20) (actual time=1.862..1.866 rows=100 loops=1)
               Sort Key: s_1.a, s_1.b
               Presorted Key: s_1.a
               Sort Method: quicksort  Memory: 62kB
               Sort Groups: 1
               ->  Sort  (cost=828.39..853.39 rows=10000 width=20) (actual time=1.730..1.747 rows=481 loops=1)
                     Sort Key: s_1.a
                     Sort Method: quicksort  Memory: 1166kB
                     ->  Seq Scan on s_1  (cost=0.00..164.00 rows=10000 width=20) (actual time=0.004..0.589 rows=10000 loops=1)
 Planning time: 0.211 ms
 Execution time: 1.940 ms
(13 rows)

===== 2 [Wed Mar  7 01:58:04 CET 2018] scale:10000 groups:10 work_mem:4MB incremental:on max_workers:0 =====
SELECT * FROM (SELECT * FROM s_2 ORDER BY a, b) foo ORDER BY a, b, c LIMIT 100
                                                           QUERY PLAN                                                           
--------------------------------------------------------------------------------------------------------------------------------
 Limit  (cost=834.83..834.83 rows=1 width=20) (actual time=1.918..1.918 rows=0 loops=1)
   ->  Limit  (cost=832.05..833.83 rows=100 width=20) (actual time=1.882..1.915 rows=100 loops=1)
         ->  Incremental Sort  (cost=832.05..1010.24 rows=10000 width=20) (actual time=1.882..1.909 rows=100 loops=1)
               Sort Key: s_2.a, s_2.b, s_2.c
               Presorted Key: s_2.a, s_2.b
               Sort Method: quicksort  Memory: 28kB
               Sort Groups: 3
               ->  Sort  (cost=828.39..853.39 rows=10000 width=20) (actual time=1.835..1.841 rows=133 loops=1)
                     Sort Key: s_2.a, s_2.b
                     Sort Method: quicksort  Memory: 1166kB
                     ->  Seq Scan on s_2  (cost=0.00..164.00 rows=10000 width=20) (actual time=0.007..0.577 rows=10000 loops=1)
 Planning time: 0.211 ms
 Execution time: 1.980 ms
(13 rows)

===== 3 [Wed Mar  7 01:58:04 CET 2018] scale:10000 groups:10 work_mem:4MB incremental:on max_workers:0 =====
SELECT * FROM (SELECT * FROM s_3 ORDER BY a, b, c) foo ORDER BY a, b, c, d LIMIT 100
                                                           QUERY PLAN                                                           
--------------------------------------------------------------------------------------------------------------------------------
 Limit  (cost=831.65..831.65 rows=1 width=20) (actual time=2.034..2.034 rows=0 loops=1)
   ->  Limit  (cost=828.68..830.65 rows=100 width=20) (actual time=2.000..2.030 rows=100 loops=1)
         ->  Incremental Sort  (cost=828.68..1026.30 rows=10000 width=20) (actual time=2.000..2.024 rows=100 loops=1)
               Sort Key: s_3.a, s_3.b, s_3.c, s_3.d
               Presorted Key: s_3.a, s_3.b, s_3.c
               Sort Method: quicksort  Memory: 27kB
               Sort Groups: 3
               ->  Sort  (cost=828.39..853.39 rows=10000 width=20) (actual time=1.956..1.960 rows=105 loops=1)
                     Sort Key: s_3.a, s_3.b, s_3.c
                     Sort Method: quicksort  Memory: 1166kB
                     ->  Seq Scan on s_3  (cost=0.00..164.00 rows=10000 width=20) (actual time=0.008..0.575 rows=10000 loops=1)
 Planning time: 0.225 ms
 Execution time: 2.096 ms
(13 rows)

===== 4 [Wed Mar  7 01:58:04 CET 2018] scale:10000 groups:10 work_mem:4MB incremental:on max_workers:0 =====
SELECT * FROM (SELECT * FROM s_4 ORDER BY a, b, c, d) foo ORDER BY a, b, c, d, e LIMIT 100
                                                           QUERY PLAN                                                           
--------------------------------------------------------------------------------------------------------------------------------
 Limit  (cost=831.65..831.65 rows=1 width=20) (actual time=2.139..2.139 rows=0 loops=1)
   ->  Limit  (cost=828.68..830.65 rows=100 width=20) (actual time=2.100..2.135 rows=100 loops=1)
         ->  Incremental Sort  (cost=828.68..1026.30 rows=10000 width=20) (actual time=2.100..2.129 rows=100 loops=1)
               Sort Key: s_4.a, s_4.b, s_4.c, s_4.d, s_4.e
               Presorted Key: s_4.a, s_4.b, s_4.c, s_4.d
               Sort Method: quicksort  Memory: 27kB
               Sort Groups: 4
               ->  Sort  (cost=828.39..853.39 rows=10000 width=20) (actual time=2.045..2.051 rows=131 loops=1)
                     Sort Key: s_4.a, s_4.b, s_4.c, s_4.d
                     Sort Method: quicksort  Memory: 1166kB
                     ->  Seq Scan on s_4  (cost=0.00..164.00 rows=10000 width=20) (actual time=0.004..0.574 rows=10000 loops=1)
 Planning time: 0.225 ms
 Execution time: 2.200 ms
(13 rows)

===== 5 [Wed Mar  7 01:58:05 CET 2018] scale:10000 groups:10 work_mem:4MB incremental:off max_workers:0 =====
SELECT * FROM (SELECT * FROM s_1 ORDER BY a) foo ORDER BY a, b LIMIT 100
                                                           QUERY PLAN                                                           
--------------------------------------------------------------------------------------------------------------------------------
 Limit  (cost=1336.83..1336.83 rows=1 width=20) (actual time=2.811..2.811 rows=0 loops=1)
   ->  Limit  (cost=1335.58..1335.83 rows=100 width=20) (actual time=2.798..2.808 rows=100 loops=1)
         ->  Sort  (cost=1335.58..1360.58 rows=10000 width=20) (actual time=2.798..2.801 rows=100 loops=1)
               Sort Key: s_1.a, s_1.b
               Sort Method: top-N heapsort  Memory: 37kB
               ->  Sort  (cost=828.39..853.39 rows=10000 width=20) (actual time=1.721..2.063 rows=10000 loops=1)
                     Sort Key: s_1.a
                     Sort Method: quicksort  Memory: 1166kB
                     ->  Seq Scan on s_1  (cost=0.00..164.00 rows=10000 width=20) (actual time=0.004..0.587 rows=10000 loops=1)
 Planning time: 0.199 ms
 Execution time: 2.875 ms
(11 rows)

===== 6 [Wed Mar  7 01:58:05 CET 2018] scale:10000 groups:10 work_mem:4MB incremental:off max_workers:0 =====
SELECT * FROM (SELECT * FROM s_2 ORDER BY a, b) foo ORDER BY a, b, c LIMIT 100
                                                           QUERY PLAN                                                           
--------------------------------------------------------------------------------------------------------------------------------
 Limit  (cost=1336.83..1336.83 rows=1 width=20) (actual time=2.916..2.916 rows=0 loops=1)
   ->  Limit  (cost=1335.58..1335.83 rows=100 width=20) (actual time=2.903..2.913 rows=100 loops=1)
         ->  Sort  (cost=1335.58..1360.58 rows=10000 width=20) (actual time=2.903..2.907 rows=100 loops=1)
               Sort Key: s_2.a, s_2.b, s_2.c
               Sort Method: top-N heapsort  Memory: 34kB
               ->  Sort  (cost=828.39..853.39 rows=10000 width=20) (actual time=1.836..2.170 rows=10000 loops=1)
                     Sort Key: s_2.a, s_2.b
                     Sort Method: quicksort  Memory: 1166kB
                     ->  Seq Scan on s_2  (cost=0.00..164.00 rows=10000 width=20) (actual time=0.007..0.580 rows=10000 loops=1)
 Planning time: 0.204 ms
 Execution time: 2.979 ms
(11 rows)

===== 7 [Wed Mar  7 01:58:05 CET 2018] scale:10000 groups:10 work_mem:4MB incremental:off max_workers:0 =====
SELECT * FROM (SELECT * FROM s_3 ORDER BY a, b, c) foo ORDER BY a, b, c, d LIMIT 100
                                                           QUERY PLAN                                                           
--------------------------------------------------------------------------------------------------------------------------------
 Limit  (cost=1336.83..1336.83 rows=1 width=20) (actual time=3.080..3.080 rows=0 loops=1)
   ->  Limit  (cost=1335.58..1335.83 rows=100 width=20) (actual time=3.067..3.077 rows=100 loops=1)
         ->  Sort  (cost=1335.58..1360.58 rows=10000 width=20) (actual time=3.067..3.071 rows=100 loops=1)
               Sort Key: s_3.a, s_3.b, s_3.c, s_3.d
               Sort Method: top-N heapsort  Memory: 32kB
               ->  Sort  (cost=828.39..853.39 rows=10000 width=20) (actual time=1.955..2.294 rows=10000 loops=1)
                     Sort Key: s_3.a, s_3.b, s_3.c
                     Sort Method: quicksort  Memory: 1166kB
                     ->  Seq Scan on s_3  (cost=0.00..164.00 rows=10000 width=20) (actual time=0.007..0.571 rows=10000 loops=1)
 Planning time: 0.216 ms
 Execution time: 3.143 ms
(11 rows)

===== 8 [Wed Mar  7 01:58:05 CET 2018] scale:10000 groups:10 work_mem:4MB incremental:off max_workers:0 =====
SELECT * FROM (SELECT * FROM s_4 ORDER BY a, b, c, d) foo ORDER BY a, b, c, d, e LIMIT 100
                                                           QUERY PLAN                                                           
--------------------------------------------------------------------------------------------------------------------------------
 Limit  (cost=1336.83..1336.83 rows=1 width=20) (actual time=3.199..3.199 rows=0 loops=1)
   ->  Limit  (cost=1335.58..1335.83 rows=100 width=20) (actual time=3.186..3.196 rows=100 loops=1)
         ->  Sort  (cost=1335.58..1360.58 rows=10000 width=20) (actual time=3.186..3.190 rows=100 loops=1)
               Sort Key: s_4.a, s_4.b, s_4.c, s_4.d, s_4.e
               Sort Method: top-N heapsort  Memory: 32kB
               ->  Sort  (cost=828.39..853.39 rows=10000 width=20) (actual time=2.046..2.390 rows=10000 loops=1)
                     Sort Key: s_4.a, s_4.b, s_4.c, s_4.d
                     Sort Method: quicksort  Memory: 1166kB
                     ->  Seq Scan on s_4  (cost=0.00..164.00 rows=10000 width=20) (actual time=0.004..0.580 rows=10000 loops=1)
 Planning time: 0.220 ms
 Execution time: 3.262 ms
(11 rows)

===== 9 [Wed Mar  7 01:58:05 CET 2018] scale:10000 groups:10 work_mem:8MB incremental:on max_workers:0 =====
SELECT * FROM (SELECT * FROM s_1 ORDER BY a) foo ORDER BY a, b LIMIT 100
                                                           QUERY PLAN                                                           
--------------------------------------------------------------------------------------------------------------------------------
 Limit  (cost=877.25..877.25 rows=1 width=20) (actual time=1.864..1.864 rows=0 loops=1)
   ->  Limit  (cost=874.49..876.25 rows=100 width=20) (actual time=1.851..1.860 rows=100 loops=1)
         ->  Incremental Sort  (cost=874.49..1049.71 rows=10000 width=20) (actual time=1.850..1.854 rows=100 loops=1)
               Sort Key: s_1.a, s_1.b
               Presorted Key: s_1.a
               Sort Method: quicksort  Memory: 62kB
               Sort Groups: 1
               ->  Sort  (cost=828.39..853.39 rows=10000 width=20) (actual time=1.716..1.733 rows=481 loops=1)
                     Sort Key: s_1.a
                     Sort Method: quicksort  Memory: 1166kB
                     ->  Seq Scan on s_1  (cost=0.00..164.00 rows=10000 width=20) (actual time=0.004..0.583 rows=10000 loops=1)
 Planning time: 0.206 ms
 Execution time: 1.927 ms
(13 rows)

===== 10 [Wed Mar  7 01:58:05 CET 2018] scale:10000 groups:10 work_mem:8MB incremental:on max_workers:0 =====
SELECT * FROM (SELECT * FROM s_2 ORDER BY a, b) foo ORDER BY a, b, c LIMIT 100
                                                           QUERY PLAN                                                           
--------------------------------------------------------------------------------------------------------------------------------
 Limit  (cost=834.83..834.83 rows=1 width=20) (actual time=1.915..1.915 rows=0 loops=1)
   ->  Limit  (cost=832.05..833.83 rows=100 width=20) (actual time=1.879..1.911 rows=100 loops=1)
         ->  Incremental Sort  (cost=832.05..1010.24 rows=10000 width=20) (actual time=1.879..1.906 rows=100 loops=1)
               Sort Key: s_2.a, s_2.b, s_2.c
               Presorted Key: s_2.a, s_2.b
               Sort Method: quicksort  Memory: 28kB
               Sort Groups: 3
               ->  Sort  (cost=828.39..853.39 rows=10000 width=20) (actual time=1.831..1.836 rows=133 loops=1)
                     Sort Key: s_2.a, s_2.b
                     Sort Method: quicksort  Memory: 1166kB
                     ->  Seq Scan on s_2  (cost=0.00..164.00 rows=10000 width=20) (actual time=0.007..0.578 rows=10000 loops=1)
 Planning time: 0.209 ms
 Execution time: 1.977 ms
(13 rows)

===== 11 [Wed Mar  7 01:58:05 CET 2018] scale:10000 groups:10 work_mem:8MB incremental:on max_workers:0 =====
SELECT * FROM (SELECT * FROM s_3 ORDER BY a, b, c) foo ORDER BY a, b, c, d LIMIT 100
                                                           QUERY PLAN                                                           
--------------------------------------------------------------------------------------------------------------------------------
 Limit  (cost=831.65..831.65 rows=1 width=20) (actual time=2.040..2.040 rows=0 loops=1)
   ->  Limit  (cost=828.68..830.65 rows=100 width=20) (actual time=2.007..2.036 rows=100 loops=1)
         ->  Incremental Sort  (cost=828.68..1026.30 rows=10000 width=20) (actual time=2.006..2.030 rows=100 loops=1)
               Sort Key: s_3.a, s_3.b, s_3.c, s_3.d
               Presorted Key: s_3.a, s_3.b, s_3.c
               Sort Method: quicksort  Memory: 27kB
               Sort Groups: 3
               ->  Sort  (cost=828.39..853.39 rows=10000 width=20) (actual time=1.961..1.965 rows=105 loops=1)
                     Sort Key: s_3.a, s_3.b, s_3.c
                     Sort Method: quicksort  Memory: 1166kB
                     ->  Seq Scan on s_3  (cost=0.00..164.00 rows=10000 width=20) (actual time=0.008..0.574 rows=10000 loops=1)
 Planning time: 0.228 ms
 Execution time: 2.102 ms
(13 rows)

===== 12 [Wed Mar  7 01:58:05 CET 2018] scale:10000 groups:10 work_mem:8MB incremental:on max_workers:0 =====
SELECT * FROM (SELECT * FROM s_4 ORDER BY a, b, c, d) foo ORDER BY a, b, c, d, e LIMIT 100
                                                           QUERY PLAN                                                           
--------------------------------------------------------------------------------------------------------------------------------
 Limit  (cost=831.65..831.65 rows=1 width=20) (actual time=2.142..2.142 rows=0 loops=1)
   ->  Limit  (cost=828.68..830.65 rows=100 width=20) (actual time=2.103..2.138 rows=100 loops=1)
         ->  Incremental Sort  (cost=828.68..1026.30 rows=10000 width=20) (actual time=2.103..2.132 rows=100 loops=1)
               Sort Key: s_4.a, s_4.b, s_4.c, s_4.d, s_4.e
               Presorted Key: s_4.a, s_4.b, s_4.c, s_4.d
               Sort Method: quicksort  Memory: 27kB
               Sort Groups: 4
               ->  Sort  (cost=828.39..853.39 rows=10000 width=20) (actual time=2.051..2.056 rows=131 loops=1)
                     Sort Key: s_4.a, s_4.b, s_4.c, s_4.d
                     Sort Method: quicksort  Memory: 1166kB
                     ->  Seq Scan on s_4  (cost=0.00..164.00 rows=10000 width=20) (actual time=0.004..0.582 rows=10000 loops=1)
 Planning time: 0.224 ms
 Execution time: 2.204 ms
(13 rows)

===== 13 [Wed Mar  7 01:58:05 CET 2018] scale:10000 groups:10 work_mem:8MB incremental:off max_workers:0 =====
SELECT * FROM (SELECT * FROM s_1 ORDER BY a) foo ORDER BY a, b LIMIT 100
                                                           QUERY PLAN                                                           
--------------------------------------------------------------------------------------------------------------------------------
 Limit  (cost=1336.83..1336.83 rows=1 width=20) (actual time=2.812..2.812 rows=0 loops=1)
   ->  Limit  (cost=1335.58..1335.83 rows=100 width=20) (actual time=2.799..2.808 rows=100 loops=1)
         ->  Sort  (cost=1335.58..1360.58 rows=10000 width=20) (actual time=2.798..2.802 rows=100 loops=1)
               Sort Key: s_1.a, s_1.b
               Sort Method: top-N heapsort  Memory: 37kB
               ->  Sort  (cost=828.39..853.39 rows=10000 width=20) (actual time=1.722..2.060 rows=10000 loops=1)
                     Sort Key: s_1.a
                     Sort Method: quicksort  Memory: 1166kB
                     ->  Seq Scan on s_1  (cost=0.00..164.00 rows=10000 width=20) (actual time=0.004..0.577 rows=10000 loops=1)
 Planning time: 0.205 ms
 Execution time: 2.873 ms
(11 rows)

===== 14 [Wed Mar  7 01:58:05 CET 2018] scale:10000 groups:10 work_mem:8MB incremental:off max_workers:0 =====
SELECT * FROM (SELECT * FROM s_2 ORDER BY a, b) foo ORDER BY a, b, c LIMIT 100
                                                           QUERY PLAN                                                           
--------------------------------------------------------------------------------------------------------------------------------
 Limit  (cost=1336.83..1336.83 rows=1 width=20) (actual time=2.907..2.907 rows=0 loops=1)
   ->  Limit  (cost=1335.58..1335.83 rows=100 width=20) (actual time=2.894..2.903 rows=100 loops=1)
         ->  Sort  (cost=1335.58..1360.58 rows=10000 width=20) (actual time=2.893..2.897 rows=100 loops=1)
               Sort Key: s_2.a, s_2.b, s_2.c
               Sort Method: top-N heapsort  Memory: 34kB
               ->  Sort  (cost=828.39..853.39 rows=10000 width=20) (actual time=1.824..2.158 rows=10000 loops=1)
                     Sort Key: s_2.a, s_2.b
                     Sort Method: quicksort  Memory: 1166kB
                     ->  Seq Scan on s_2  (cost=0.00..164.00 rows=10000 width=20) (actual time=0.007..0.577 rows=10000 loops=1)
 Planning time: 0.211 ms
 Execution time: 2.968 ms
(11 rows)

===== 15 [Wed Mar  7 01:58:05 CET 2018] scale:10000 groups:10 work_mem:8MB incremental:off max_workers:0 =====
SELECT * FROM (SELECT * FROM s_3 ORDER BY a, b, c) foo ORDER BY a, b, c, d LIMIT 100
                                                           QUERY PLAN                                                           
--------------------------------------------------------------------------------------------------------------------------------
 Limit  (cost=1336.83..1336.83 rows=1 width=20) (actual time=3.100..3.100 rows=0 loops=1)
   ->  Limit  (cost=1335.58..1335.83 rows=100 width=20) (actual time=3.087..3.097 rows=100 loops=1)
         ->  Sort  (cost=1335.58..1360.58 rows=10000 width=20) (actual time=3.087..3.091 rows=100 loops=1)
               Sort Key: s_3.a, s_3.b, s_3.c, s_3.d
               Sort Method: top-N heapsort  Memory: 32kB
               ->  Sort  (cost=828.39..853.39 rows=10000 width=20) (actual time=1.952..2.297 rows=10000 loops=1)
                     Sort Key: s_3.a, s_3.b, s_3.c
                     Sort Method: quicksort  Memory: 1166kB
                     ->  Seq Scan on s_3  (cost=0.00..164.00 rows=10000 width=20) (actual time=0.007..0.567 rows=10000 loops=1)
 Planning time: 0.214 ms
 Execution time: 3.162 ms
(11 rows)

===== 16 [Wed Mar  7 01:58:05 CET 2018] scale:10000 groups:10 work_mem:8MB incremental:off max_workers:0 =====
SELECT * FROM (SELECT * FROM s_4 ORDER BY a, b, c, d) foo ORDER BY a, b, c, d, e LIMIT 100
                                                           QUERY PLAN                                                           
--------------------------------------------------------------------------------------------------------------------------------
 Limit  (cost=1336.83..1336.83 rows=1 width=20) (actual time=3.201..3.201 rows=0 loops=1)
   ->  Limit  (cost=1335.58..1335.83 rows=100 width=20) (actual time=3.188..3.197 rows=100 loops=1)
         ->  Sort  (cost=1335.58..1360.58 rows=10000 width=20) (actual time=3.187..3.191 rows=100 loops=1)
               Sort Key: s_4.a, s_4.b, s_4.c, s_4.d, s_4.e
               Sort Method: top-N heapsort  Memory: 32kB
               ->  Sort  (cost=828.39..853.39 rows=10000 width=20) (actual time=2.046..2.386 rows=10000 loops=1)
                     Sort Key: s_4.a, s_4.b, s_4.c, s_4.d
                     Sort Method: quicksort  Memory: 1166kB
                     ->  Seq Scan on s_4  (cost=0.00..164.00 rows=10000 width=20) (actual time=0.004..0.573 rows=10000 loops=1)
 Planning time: 0.213 ms
 Execution time: 3.262 ms
(11 rows)

===== 17 [Wed Mar  7 01:58:06 CET 2018] scale:10000 groups:10 work_mem:16MB incremental:on max_workers:0 =====
SELECT * FROM (SELECT * FROM s_1 ORDER BY a) foo ORDER BY a, b LIMIT 100
                                                           QUERY PLAN                                                           
--------------------------------------------------------------------------------------------------------------------------------
 Limit  (cost=877.25..877.25 rows=1 width=20) (actual time=1.858..1.858 rows=0 loops=1)
   ->  Limit  (cost=874.49..876.25 rows=100 width=20) (actual time=1.845..1.855 rows=100 loops=1)
         ->  Incremental Sort  (cost=874.49..1049.71 rows=10000 width=20) (actual time=1.845..1.848 rows=100 loops=1)
               Sort Key: s_1.a, s_1.b
               Presorted Key: s_1.a
               Sort Method: quicksort  Memory: 62kB
               Sort Groups: 1
               ->  Sort  (cost=828.39..853.39 rows=10000 width=20) (actual time=1.712..1.729 rows=481 loops=1)
                     Sort Key: s_1.a
                     Sort Method: quicksort  Memory: 1166kB
                     ->  Seq Scan on s_1  (cost=0.00..164.00 rows=10000 width=20) (actual time=0.004..0.578 rows=10000 loops=1)
 Planning time: 0.213 ms
 Execution time: 1.921 ms
(13 rows)

===== 18 [Wed Mar  7 01:58:06 CET 2018] scale:10000 groups:10 work_mem:16MB incremental:on max_workers:0 =====
SELECT * FROM (SELECT * FROM s_2 ORDER BY a, b) foo ORDER BY a, b, c LIMIT 100
                                                           QUERY PLAN                                                           
--------------------------------------------------------------------------------------------------------------------------------
 Limit  (cost=834.83..834.83 rows=1 width=20) (actual time=1.919..1.919 rows=0 loops=1)
   ->  Limit  (cost=832.05..833.83 rows=100 width=20) (actual time=1.883..1.915 rows=100 loops=1)
         ->  Incremental Sort  (cost=832.05..1010.24 rows=10000 width=20) (actual time=1.883..1.909 rows=100 loops=1)
               Sort Key: s_2.a, s_2.b, s_2.c
               Presorted Key: s_2.a, s_2.b
               Sort Method: quicksort  Memory: 28kB
               Sort Groups: 3
               ->  Sort  (cost=828.39..853.39 rows=10000 width=20) (actual time=1.836..1.841 rows=133 loops=1)
                     Sort Key: s_2.a, s_2.b
                     Sort Method: quicksort  Memory: 1166kB
                     ->  Seq Scan on s_2  (cost=0.00..164.00 rows=10000 width=20) (actual time=0.007..0.580 rows=10000 loops=1)
 Planning time: 0.212 ms
 Execution time: 1.982 ms
(13 rows)

===== 19 [Wed Mar  7 01:58:06 CET 2018] scale:10000 groups:10 work_mem:16MB incremental:on max_workers:0 =====
SELECT * FROM (SELECT * FROM s_3 ORDER BY a, b, c) foo ORDER BY a, b, c, d LIMIT 100
                                                           QUERY PLAN                                                           
--------------------------------------------------------------------------------------------------------------------------------
 Limit  (cost=831.65..831.65 rows=1 width=20) (actual time=2.042..2.042 rows=0 loops=1)
   ->  Limit  (cost=828.68..830.65 rows=100 width=20) (actual time=2.008..2.038 rows=100 loops=1)
         ->  Incremental Sort  (cost=828.68..1026.30 rows=10000 width=20) (actual time=2.008..2.032 rows=100 loops=1)
               Sort Key: s_3.a, s_3.b, s_3.c, s_3.d
               Presorted Key: s_3.a, s_3.b, s_3.c
               Sort Method: quicksort  Memory: 27kB
               Sort Groups: 3
               ->  Sort  (cost=828.39..853.39 rows=10000 width=20) (actual time=1.963..1.967 rows=105 loops=1)
                     Sort Key: s_3.a, s_3.b, s_3.c
                     Sort Method: quicksort  Memory: 1166kB
                     ->  Seq Scan on s_3  (cost=0.00..164.00 rows=10000 width=20) (actual time=0.008..0.572 rows=10000 loops=1)
 Planning time: 0.224 ms
 Execution time: 2.108 ms
(13 rows)

===== 20 [Wed Mar  7 01:58:06 CET 2018] scale:10000 groups:10 work_mem:16MB incremental:on max_workers:0 =====
SELECT * FROM (SELECT * FROM s_4 ORDER BY a, b, c, d) foo ORDER BY a, b, c, d, e LIMIT 100
                                                           QUERY PLAN                                                           
--------------------------------------------------------------------------------------------------------------------------------
 Limit  (cost=831.65..831.65 rows=1 width=20) (actual time=2.141..2.141 rows=0 loops=1)
   ->  Limit  (cost=828.68..830.65 rows=100 width=20) (actual time=2.102..2.137 rows=100 loops=1)
         ->  Incremental Sort  (cost=828.68..1026.30 rows=10000 width=20) (actual time=2.102..2.131 rows=100 loops=1)
               Sort Key: s_4.a, s_4.b, s_4.c, s_4.d, s_4.e
               Presorted Key: s_4.a, s_4.b, s_4.c, s_4.d
               Sort Method: quicksort  Memory: 27kB
               Sort Groups: 4
               ->  Sort  (cost=828.39..853.39 rows=10000 width=20) (actual time=2.042..2.047 rows=131 loops=1)
                     Sort Key: s_4.a, s_4.b, s_4.c, s_4.d
                     Sort Method: quicksort  Memory: 1166kB
                     ->  Seq Scan on s_4  (cost=0.00..164.00 rows=10000 width=20) (actual time=0.004..0.575 rows=10000 loops=1)
 Planning time: 0.227 ms
 Execution time: 2.203 ms
(13 rows)

===== 21 [Wed Mar  7 01:58:06 CET 2018] scale:10000 groups:10 work_mem:16MB incremental:off max_workers:0 =====
SELECT * FROM (SELECT * FROM s_1 ORDER BY a) foo ORDER BY a, b LIMIT 100
                                                           QUERY PLAN                                                           
--------------------------------------------------------------------------------------------------------------------------------
 Limit  (cost=1336.83..1336.83 rows=1 width=20) (actual time=2.804..2.804 rows=0 loops=1)
   ->  Limit  (cost=1335.58..1335.83 rows=100 width=20) (actual time=2.791..2.801 rows=100 loops=1)
         ->  Sort  (cost=1335.58..1360.58 rows=10000 width=20) (actual time=2.791..2.794 rows=100 loops=1)
               Sort Key: s_1.a, s_1.b
               Sort Method: top-N heapsort  Memory: 37kB
               ->  Sort  (cost=828.39..853.39 rows=10000 width=20) (actual time=1.713..2.054 rows=10000 loops=1)
                     Sort Key: s_1.a
                     Sort Method: quicksort  Memory: 1166kB
                     ->  Seq Scan on s_1  (cost=0.00..164.00 rows=10000 width=20) (actual time=0.004..0.583 rows=10000 loops=1)
 Planning time: 0.209 ms
 Execution time: 2.866 ms
(11 rows)

===== 22 [Wed Mar  7 01:58:06 CET 2018] scale:10000 groups:10 work_mem:16MB incremental:off max_workers:0 =====
SELECT * FROM (SELECT * FROM s_2 ORDER BY a, b) foo ORDER BY a, b, c LIMIT 100
                                                           QUERY PLAN                                                           
--------------------------------------------------------------------------------------------------------------------------------
 Limit  (cost=1336.83..1336.83 rows=1 width=20) (actual time=2.909..2.909 rows=0 loops=1)
   ->  Limit  (cost=1335.58..1335.83 rows=100 width=20) (actual time=2.896..2.905 rows=100 loops=1)
         ->  Sort  (cost=1335.58..1360.58 rows=10000 width=20) (actual time=2.896..2.899 rows=100 loops=1)
               Sort Key: s_2.a, s_2.b, s_2.c
               Sort Method: top-N heapsort  Memory: 34kB
               ->  Sort  (cost=828.39..853.39 rows=10000 width=20) (actual time=1.832..2.167 rows=10000 loops=1)
                     Sort Key: s_2.a, s_2.b
                     Sort Method: quicksort  Memory: 1166kB
                     ->  Seq Scan on s_2  (cost=0.00..164.00 rows=10000 width=20) (actual time=0.008..0.582 rows=10000 loops=1)
 Planning time: 0.207 ms
 Execution time: 2.972 ms
(11 rows)

===== 23 [Wed Mar  7 01:58:06 CET 2018] scale:10000 groups:10 work_mem:16MB incremental:off max_workers:0 =====
SELECT * FROM (SELECT * FROM s_3 ORDER BY a, b, c) foo ORDER BY a, b, c, d LIMIT 100
                                                           QUERY PLAN                                                           
--------------------------------------------------------------------------------------------------------------------------------
 Limit  (cost=1336.83..1336.83 rows=1 width=20) (actual time=3.080..3.080 rows=0 loops=1)
   ->  Limit  (cost=1335.58..1335.83 rows=100 width=20) (actual time=3.067..3.076 rows=100 loops=1)
         ->  Sort  (cost=1335.58..1360.58 rows=10000 width=20) (actual time=3.066..3.070 rows=100 loops=1)
               Sort Key: s_3.a, s_3.b, s_3.c, s_3.d
               Sort Method: top-N heapsort  Memory: 32kB
               ->  Sort  (cost=828.39..853.39 rows=10000 width=20) (actual time=1.954..2.292 rows=10000 loops=1)
                     Sort Key: s_3.a, s_3.b, s_3.c
                     Sort Method: quicksort  Memory: 1166kB
                     ->  Seq Scan on s_3  (cost=0.00..164.00 rows=10000 width=20) (actual time=0.008..0.570 rows=10000 loops=1)
 Planning time: 0.220 ms
 Execution time: 3.144 ms
(11 rows)

===== 24 [Wed Mar  7 01:58:06 CET 2018] scale:10000 groups:10 work_mem:16MB incremental:off max_workers:0 =====
SELECT * FROM (SELECT * FROM s_4 ORDER BY a, b, c, d) foo ORDER BY a, b, c, d, e LIMIT 100
                                                           QUERY PLAN                                                           
--------------------------------------------------------------------------------------------------------------------------------
 Limit  (cost=1336.83..1336.83 rows=1 width=20) (actual time=3.181..3.181 rows=0 loops=1)
   ->  Limit  (cost=1335.58..1335.83 rows=100 width=20) (actual time=3.168..3.177 rows=100 loops=1)
         ->  Sort  (cost=1335.58..1360.58 rows=10000 width=20) (actual time=3.168..3.172 rows=100 loops=1)
               Sort Key: s_4.a, s_4.b, s_4.c, s_4.d, s_4.e
               Sort Method: top-N heapsort  Memory: 32kB
               ->  Sort  (cost=828.39..853.39 rows=10000 width=20) (actual time=2.043..2.382 rows=10000 loops=1)
                     Sort Key: s_4.a, s_4.b, s_4.c, s_4.d
                     Sort Method: quicksort  Memory: 1166kB
                     ->  Seq Scan on s_4  (cost=0.00..164.00 rows=10000 width=20) (actual time=0.004..0.578 rows=10000 loops=1)
 Planning time: 0.216 ms
 Execution time: 3.243 ms
(11 rows)

===== 25 [Wed Mar  7 01:58:06 CET 2018] scale:10000 groups:10 work_mem:32MB incremental:on max_workers:0 =====
SELECT * FROM (SELECT * FROM s_1 ORDER BY a) foo ORDER BY a, b LIMIT 100
                                                           QUERY PLAN                                                           
--------------------------------------------------------------------------------------------------------------------------------
 Limit  (cost=877.25..877.25 rows=1 width=20) (actual time=1.868..1.868 rows=0 loops=1)
   ->  Limit  (cost=874.49..876.25 rows=100 width=20) (actual time=1.854..1.864 rows=100 loops=1)
         ->  Incremental Sort  (cost=874.49..1049.71 rows=10000 width=20) (actual time=1.854..1.858 rows=100 loops=1)
               Sort Key: s_1.a, s_1.b
               Presorted Key: s_1.a
               Sort Method: quicksort  Memory: 62kB
               Sort Groups: 1
               ->  Sort  (cost=828.39..853.39 rows=10000 width=20) (actual time=1.722..1.739 rows=481 loops=1)
                     Sort Key: s_1.a
                     Sort Method: quicksort  Memory: 1166kB
                     ->  Seq Scan on s_1  (cost=0.00..164.00 rows=10000 width=20) (actual time=0.004..0.577 rows=10000 loops=1)
 Planning time: 0.212 ms
 Execution time: 1.930 ms
(13 rows)

===== 26 [Wed Mar  7 01:58:06 CET 2018] scale:10000 groups:10 work_mem:32MB incremental:on max_workers:0 =====
SELECT * FROM (SELECT * FROM s_2 ORDER BY a, b) foo ORDER BY a, b, c LIMIT 100
                                                           QUERY PLAN                                                           
--------------------------------------------------------------------------------------------------------------------------------
 Limit  (cost=834.83..834.83 rows=1 width=20) (actual time=1.917..1.917 rows=0 loops=1)
   ->  Limit  (cost=832.05..833.83 rows=100 width=20) (actual time=1.881..1.914 rows=100 loops=1)
         ->  Incremental Sort  (cost=832.05..1010.24 rows=10000 width=20) (actual time=1.881..1.908 rows=100 loops=1)
               Sort Key: s_2.a, s_2.b, s_2.c
               Presorted Key: s_2.a, s_2.b
               Sort Method: quicksort  Memory: 28kB
               Sort Groups: 3
               ->  Sort  (cost=828.39..853.39 rows=10000 width=20) (actual time=1.833..1.838 rows=133 loops=1)
                     Sort Key: s_2.a, s_2.b
                     Sort Method: quicksort  Memory: 1166kB
                     ->  Seq Scan on s_2  (cost=0.00..164.00 rows=10000 width=20) (actual time=0.007..0.576 rows=10000 loops=1)
 Planning time: 0.214 ms
 Execution time: 1.979 ms
(13 rows)

===== 27 [Wed Mar  7 01:58:06 CET 2018] scale:10000 groups:10 work_mem:32MB incremental:on max_workers:0 =====
SELECT * FROM (SELECT * FROM s_3 ORDER BY a, b, c) foo ORDER BY a, b, c, d LIMIT 100
                                                           QUERY PLAN                                                           
--------------------------------------------------------------------------------------------------------------------------------
 Limit  (cost=831.65..831.65 rows=1 width=20) (actual time=2.037..2.037 rows=0 loops=1)
   ->  Limit  (cost=828.68..830.65 rows=100 width=20) (actual time=2.000..2.033 rows=100 loops=1)
         ->  Incremental Sort  (cost=828.68..1026.30 rows=10000 width=20) (actual time=2.000..2.027 rows=100 loops=1)
               Sort Key: s_3.a, s_3.b, s_3.c, s_3.d
               Presorted Key: s_3.a, s_3.b, s_3.c
               Sort Method: quicksort  Memory: 27kB
               Sort Groups: 3
               ->  Sort  (cost=828.39..853.39 rows=10000 width=20) (actual time=1.955..1.959 rows=105 loops=1)
                     Sort Key: s_3.a, s_3.b, s_3.c
                     Sort Method: quicksort  Memory: 1166kB
                     ->  Seq Scan on s_3  (cost=0.00..164.00 rows=10000 width=20) (actual time=0.008..0.572 rows=10000 loops=1)
 Planning time: 0.223 ms
 Execution time: 2.098 ms
(13 rows)

===== 28 [Wed Mar  7 01:58:06 CET 2018] scale:10000 groups:10 work_mem:32MB incremental:on max_workers:0 =====
SELECT * FROM (SELECT * FROM s_4 ORDER BY a, b, c, d) foo ORDER BY a, b, c, d, e LIMIT 100
                                                           QUERY PLAN                                                           
--------------------------------------------------------------------------------------------------------------------------------
 Limit  (cost=831.65..831.65 rows=1 width=20) (actual time=2.144..2.144 rows=0 loops=1)
   ->  Limit  (cost=828.68..830.65 rows=100 width=20) (actual time=2.105..2.140 rows=100 loops=1)
         ->  Incremental Sort  (cost=828.68..1026.30 rows=10000 width=20) (actual time=2.105..2.134 rows=100 loops=1)
               Sort Key: s_4.a, s_4.b, s_4.c, s_4.d, s_4.e
               Presorted Key: s_4.a, s_4.b, s_4.c, s_4.d
               Sort Method: quicksort  Memory: 27kB
               Sort Groups: 4
               ->  Sort  (cost=828.39..853.39 rows=10000 width=20) (actual time=2.051..2.056 rows=131 loops=1)
                     Sort Key: s_4.a, s_4.b, s_4.c, s_4.d
                     Sort Method: quicksort  Memory: 1166kB
                     ->  Seq Scan on s_4  (cost=0.00..164.00 rows=10000 width=20) (actual time=0.004..0.578 rows=10000 loops=1)
 Planning time: 0.232 ms
 Execution time: 2.206 ms
(13 rows)

===== 29 [Wed Mar  7 01:58:07 CET 2018] scale:10000 groups:10 work_mem:32MB incremental:off max_workers:0 =====
SELECT * FROM (SELECT * FROM s_1 ORDER BY a) foo ORDER BY a, b LIMIT 100
                                                           QUERY PLAN                                                           
--------------------------------------------------------------------------------------------------------------------------------
 Limit  (cost=1336.83..1336.83 rows=1 width=20) (actual time=2.808..2.808 rows=0 loops=1)
   ->  Limit  (cost=1335.58..1335.83 rows=100 width=20) (actual time=2.795..2.804 rows=100 loops=1)
         ->  Sort  (cost=1335.58..1360.58 rows=10000 width=20) (actual time=2.794..2.798 rows=100 loops=1)
               Sort Key: s_1.a, s_1.b
               Sort Method: top-N heapsort  Memory: 37kB
               ->  Sort  (cost=828.39..853.39 rows=10000 width=20) (actual time=1.718..2.056 rows=10000 loops=1)
                     Sort Key: s_1.a
                     Sort Method: quicksort  Memory: 1166kB
                     ->  Seq Scan on s_1  (cost=0.00..164.00 rows=10000 width=20) (actual time=0.004..0.584 rows=10000 loops=1)
 Planning time: 0.205 ms
 Execution time: 2.870 ms
(11 rows)

===== 30 [Wed Mar  7 01:58:07 CET 2018] scale:10000 groups:10 work_mem:32MB incremental:off max_workers:0 =====
SELECT * FROM (SELECT * FROM s_2 ORDER BY a, b) foo ORDER BY a, b, c LIMIT 100
                                                           QUERY PLAN                                                           
--------------------------------------------------------------------------------------------------------------------------------
 Limit  (cost=1336.83..1336.83 rows=1 width=20) (actual time=2.915..2.915 rows=0 loops=1)
   ->  Limit  (cost=1335.58..1335.83 rows=100 width=20) (actual time=2.901..2.911 rows=100 loops=1)
         ->  Sort  (cost=1335.58..1360.58 rows=10000 width=20) (actual time=2.901..2.905 rows=100 loops=1)
               Sort Key: s_2.a, s_2.b, s_2.c
               Sort Method: top-N heapsort  Memory: 34kB
               ->  Sort  (cost=828.39..853.39 rows=10000 width=20) (actual time=1.836..2.174 rows=10000 loops=1)
                     Sort Key: s_2.a, s_2.b
                     Sort Method: quicksort  Memory: 1166kB
                     ->  Seq Scan on s_2  (cost=0.00..164.00 rows=10000 width=20) (actual time=0.007..0.578 rows=10000 loops=1)
 Planning time: 0.204 ms
 Execution time: 2.976 ms
(11 rows)

===== 31 [Wed Mar  7 01:58:07 CET 2018] scale:10000 groups:10 work_mem:32MB incremental:off max_workers:0 =====
SELECT * FROM (SELECT * FROM s_3 ORDER BY a, b, c) foo ORDER BY a, b, c, d LIMIT 100
                                                           QUERY PLAN                                                           
--------------------------------------------------------------------------------------------------------------------------------
 Limit  (cost=1336.83..1336.83 rows=1 width=20) (actual time=3.095..3.095 rows=0 loops=1)
   ->  Limit  (cost=1335.58..1335.83 rows=100 width=20) (actual time=3.082..3.091 rows=100 loops=1)
         ->  Sort  (cost=1335.58..1360.58 rows=10000 width=20) (actual time=3.082..3.085 rows=100 loops=1)
               Sort Key: s_3.a, s_3.b, s_3.c, s_3.d
               Sort Method: top-N heapsort  Memory: 32kB
               ->  Sort  (cost=828.39..853.39 rows=10000 width=20) (actual time=1.953..2.294 rows=10000 loops=1)
                     Sort Key: s_3.a, s_3.b, s_3.c
                     Sort Method: quicksort  Memory: 1166kB
                     ->  Seq Scan on s_3  (cost=0.00..164.00 rows=10000 width=20) (actual time=0.007..0.568 rows=10000 loops=1)
 Planning time: 0.218 ms
 Execution time: 3.158 ms
(11 rows)

===== 32 [Wed Mar  7 01:58:07 CET 2018] scale:10000 groups:10 work_mem:32MB incremental:off max_workers:0 =====
SELECT * FROM (SELECT * FROM s_4 ORDER BY a, b, c, d) foo ORDER BY a, b, c, d, e LIMIT 100
                                                           QUERY PLAN                                                           
--------------------------------------------------------------------------------------------------------------------------------
 Limit  (cost=1336.83..1336.83 rows=1 width=20) (actual time=3.200..3.200 rows=0 loops=1)
   ->  Limit  (cost=1335.58..1335.83 rows=100 width=20) (actual time=3.187..3.197 rows=100 loops=1)
         ->  Sort  (cost=1335.58..1360.58 rows=10000 width=20) (actual time=3.187..3.191 rows=100 loops=1)
               Sort Key: s_4.a, s_4.b, s_4.c, s_4.d, s_4.e
               Sort Method: top-N heapsort  Memory: 32kB
               ->  Sort  (cost=828.39..853.39 rows=10000 width=20) (actual time=2.045..2.391 rows=10000 loops=1)
                     Sort Key: s_4.a, s_4.b, s_4.c, s_4.d
                     Sort Method: quicksort  Memory: 1166kB
                     ->  Seq Scan on s_4  (cost=0.00..164.00 rows=10000 width=20) (actual time=0.004..0.574 rows=10000 loops=1)
 Planning time: 0.217 ms
 Execution time: 3.261 ms
(11 rows)

===== 33 [Wed Mar  7 01:58:07 CET 2018] scale:10000 groups:10 work_mem:64MB incremental:on max_workers:0 =====
SELECT * FROM (SELECT * FROM s_1 ORDER BY a) foo ORDER BY a, b LIMIT 100
                                                           QUERY PLAN                                                           
--------------------------------------------------------------------------------------------------------------------------------
 Limit  (cost=877.25..877.25 rows=1 width=20) (actual time=1.867..1.867 rows=0 loops=1)
   ->  Limit  (cost=874.49..876.25 rows=100 width=20) (actual time=1.854..1.863 rows=100 loops=1)
         ->  Incremental Sort  (cost=874.49..1049.71 rows=10000 width=20) (actual time=1.853..1.857 rows=100 loops=1)
               Sort Key: s_1.a, s_1.b
               Presorted Key: s_1.a
               Sort Method: quicksort  Memory: 62kB
               Sort Groups: 1
               ->  Sort  (cost=828.39..853.39 rows=10000 width=20) (actual time=1.721..1.737 rows=481 loops=1)
                     Sort Key: s_1.a
                     Sort Method: quicksort  Memory: 1166kB
                     ->  Seq Scan on s_1  (cost=0.00..164.00 rows=10000 width=20) (actual time=0.004..0.588 rows=10000 loops=1)
 Planning time: 0.211 ms
 Execution time: 1.927 ms
(13 rows)

===== 34 [Wed Mar  7 01:58:07 CET 2018] scale:10000 groups:10 work_mem:64MB incremental:on max_workers:0 =====
SELECT * FROM (SELECT * FROM s_2 ORDER BY a, b) foo ORDER BY a, b, c LIMIT 100
                                                           QUERY PLAN                                                           
--------------------------------------------------------------------------------------------------------------------------------
 Limit  (cost=834.83..834.83 rows=1 width=20) (actual time=1.923..1.923 rows=0 loops=1)
   ->  Limit  (cost=832.05..833.83 rows=100 width=20) (actual time=1.887..1.919 rows=100 loops=1)
         ->  Incremental Sort  (cost=832.05..1010.24 rows=10000 width=20) (actual time=1.886..1.913 rows=100 loops=1)
               Sort Key: s_2.a, s_2.b, s_2.c
               Presorted Key: s_2.a, s_2.b
               Sort Method: quicksort  Memory: 28kB
               Sort Groups: 3
               ->  Sort  (cost=828.39..853.39 rows=10000 width=20) (actual time=1.840..1.845 rows=133 loops=1)
                     Sort Key: s_2.a, s_2.b
                     Sort Method: quicksort  Memory: 1166kB
                     ->  Seq Scan on s_2  (cost=0.00..164.00 rows=10000 width=20) (actual time=0.007..0.585 rows=10000 loops=1)
 Planning time: 0.213 ms
 Execution time: 1.984 ms
(13 rows)

===== 35 [Wed Mar  7 01:58:07 CET 2018] scale:10000 groups:10 work_mem:64MB incremental:on max_workers:0 =====
SELECT * FROM (SELECT * FROM s_3 ORDER BY a, b, c) foo ORDER BY a, b, c, d LIMIT 100
                                                           QUERY PLAN                                                           
--------------------------------------------------------------------------------------------------------------------------------
 Limit  (cost=831.65..831.65 rows=1 width=20) (actual time=2.043..2.043 rows=0 loops=1)
   ->  Limit  (cost=828.68..830.65 rows=100 width=20) (actual time=2.003..2.034 rows=100 loops=1)
         ->  Incremental Sort  (cost=828.68..1026.30 rows=10000 width=20) (actual time=2.003..2.028 rows=100 loops=1)
               Sort Key: s_3.a, s_3.b, s_3.c, s_3.d
               Presorted Key: s_3.a, s_3.b, s_3.c
               Sort Method: quicksort  Memory: 27kB
               Sort Groups: 3
               ->  Sort  (cost=828.39..853.39 rows=10000 width=20) (actual time=1.952..1.957 rows=105 loops=1)
                     Sort Key: s_3.a, s_3.b, s_3.c
                     Sort Method: quicksort  Memory: 1166kB
                     ->  Seq Scan on s_3  (cost=0.00..164.00 rows=10000 width=20) (actual time=0.007..0.570 rows=10000 loops=1)
 Planning time: 0.225 ms
 Execution time: 2.104 ms
(13 rows)

===== 36 [Wed Mar  7 01:58:07 CET 2018] scale:10000 groups:10 work_mem:64MB incremental:on max_workers:0 =====
SELECT * FROM (SELECT * FROM s_4 ORDER BY a, b, c, d) foo ORDER BY a, b, c, d, e LIMIT 100
                                                           QUERY PLAN                                                           
--------------------------------------------------------------------------------------------------------------------------------
 Limit  (cost=831.65..831.65 rows=1 width=20) (actual time=2.137..2.137 rows=0 loops=1)
   ->  Limit  (cost=828.68..830.65 rows=100 width=20) (actual time=2.099..2.134 rows=100 loops=1)
         ->  Incremental Sort  (cost=828.68..1026.30 rows=10000 width=20) (actual time=2.099..2.128 rows=100 loops=1)
               Sort Key: s_4.a, s_4.b, s_4.c, s_4.d, s_4.e
               Presorted Key: s_4.a, s_4.b, s_4.c, s_4.d
               Sort Method: quicksort  Memory: 27kB
               Sort Groups: 4
               ->  Sort  (cost=828.39..853.39 rows=10000 width=20) (actual time=2.044..2.050 rows=131 loops=1)
                     Sort Key: s_4.a, s_4.b, s_4.c, s_4.d
                     Sort Method: quicksort  Memory: 1166kB
                     ->  Seq Scan on s_4  (cost=0.00..164.00 rows=10000 width=20) (actual time=0.004..0.573 rows=10000 loops=1)
 Planning time: 0.231 ms
 Execution time: 2.199 ms
(13 rows)

===== 37 [Wed Mar  7 01:58:07 CET 2018] scale:10000 groups:10 work_mem:64MB incremental:off max_workers:0 =====
SELECT * FROM (SELECT * FROM s_1 ORDER BY a) foo ORDER BY a, b LIMIT 100
                                                           QUERY PLAN                                                           
--------------------------------------------------------------------------------------------------------------------------------
 Limit  (cost=1336.83..1336.83 rows=1 width=20) (actual time=2.804..2.804 rows=0 loops=1)
   ->  Limit  (cost=1335.58..1335.83 rows=100 width=20) (actual time=2.791..2.801 rows=100 loops=1)
         ->  Sort  (cost=1335.58..1360.58 rows=10000 width=20) (actual time=2.791..2.795 rows=100 loops=1)
               Sort Key: s_1.a, s_1.b
               Sort Method: top-N heapsort  Memory: 37kB
               ->  Sort  (cost=828.39..853.39 rows=10000 width=20) (actual time=1.716..2.054 rows=10000 loops=1)
                     Sort Key: s_1.a
                     Sort Method: quicksort  Memory: 1166kB
                     ->  Seq Scan on s_1  (cost=0.00..164.00 rows=10000 width=20) (actual time=0.004..0.577 rows=10000 loops=1)
 Planning time: 0.204 ms
 Execution time: 2.867 ms
(11 rows)

===== 38 [Wed Mar  7 01:58:07 CET 2018] scale:10000 groups:10 work_mem:64MB incremental:off max_workers:0 =====
SELECT * FROM (SELECT * FROM s_2 ORDER BY a, b) foo ORDER BY a, b, c LIMIT 100
                                                           QUERY PLAN                                                           
--------------------------------------------------------------------------------------------------------------------------------
 Limit  (cost=1336.83..1336.83 rows=1 width=20) (actual time=2.912..2.912 rows=0 loops=1)
   ->  Limit  (cost=1335.58..1335.83 rows=100 width=20) (actual time=2.898..2.908 rows=100 loops=1)
         ->  Sort  (cost=1335.58..1360.58 rows=10000 width=20) (actual time=2.898..2.902 rows=100 loops=1)
               Sort Key: s_2.a, s_2.b, s_2.c
               Sort Method: top-N heapsort  Memory: 34kB
               ->  Sort  (cost=828.39..853.39 rows=10000 width=20) (actual time=1.834..2.168 rows=10000 loops=1)
                     Sort Key: s_2.a, s_2.b
                     Sort Method: quicksort  Memory: 1166kB
                     ->  Seq Scan on s_2  (cost=0.00..164.00 rows=10000 width=20) (actual time=0.007..0.577 rows=10000 loops=1)
 Planning time: 0.205 ms
 Execution time: 2.973 ms
(11 rows)

===== 39 [Wed Mar  7 01:58:07 CET 2018] scale:10000 groups:10 work_mem:64MB incremental:off max_workers:0 =====
SELECT * FROM (SELECT * FROM s_3 ORDER BY a, b, c) foo ORDER BY a, b, c, d LIMIT 100
                                                           QUERY PLAN                                                           
--------------------------------------------------------------------------------------------------------------------------------
 Limit  (cost=1336.83..1336.83 rows=1 width=20) (actual time=3.090..3.090 rows=0 loops=1)
   ->  Limit  (cost=1335.58..1335.83 rows=100 width=20) (actual time=3.077..3.087 rows=100 loops=1)
         ->  Sort  (cost=1335.58..1360.58 rows=10000 width=20) (actual time=3.077..3.081 rows=100 loops=1)
               Sort Key: s_3.a, s_3.b, s_3.c, s_3.d
               Sort Method: top-N heapsort  Memory: 32kB
               ->  Sort  (cost=828.39..853.39 rows=10000 width=20) (actual time=1.943..2.282 rows=10000 loops=1)
                     Sort Key: s_3.a, s_3.b, s_3.c
                     Sort Method: quicksort  Memory: 1166kB
                     ->  Seq Scan on s_3  (cost=0.00..164.00 rows=10000 width=20) (actual time=0.007..0.569 rows=10000 loops=1)
 Planning time: 0.215 ms
 Execution time: 3.156 ms
(11 rows)

===== 40 [Wed Mar  7 01:58:07 CET 2018] scale:10000 groups:10 work_mem:64MB incremental:off max_workers:0 =====
SELECT * FROM (SELECT * FROM s_4 ORDER BY a, b, c, d) foo ORDER BY a, b, c, d, e LIMIT 100
                                                           QUERY PLAN                                                           
--------------------------------------------------------------------------------------------------------------------------------
 Limit  (cost=1336.83..1336.83 rows=1 width=20) (actual time=3.188..3.188 rows=0 loops=1)
   ->  Limit  (cost=1335.58..1335.83 rows=100 width=20) (actual time=3.175..3.184 rows=100 loops=1)
         ->  Sort  (cost=1335.58..1360.58 rows=10000 width=20) (actual time=3.175..3.179 rows=100 loops=1)
               Sort Key: s_4.a, s_4.b, s_4.c, s_4.d, s_4.e
               Sort Method: top-N heapsort  Memory: 32kB
               ->  Sort  (cost=828.39..853.39 rows=10000 width=20) (actual time=2.048..2.388 rows=10000 loops=1)
                     Sort Key: s_4.a, s_4.b, s_4.c, s_4.d
                     Sort Method: quicksort  Memory: 1166kB
                     ->  Seq Scan on s_4  (cost=0.00..164.00 rows=10000 width=20) (actual time=0.008..0.584 rows=10000 loops=1)
 Planning time: 0.220 ms
 Execution time: 3.249 ms
(11 rows)

===== 41 [Wed Mar  7 01:58:08 CET 2018] scale:10000 groups:10 work_mem:128MB incremental:on max_workers:0 =====
SELECT * FROM (SELECT * FROM s_1 ORDER BY a) foo ORDER BY a, b LIMIT 100
                                                           QUERY PLAN                                                           
--------------------------------------------------------------------------------------------------------------------------------
 Limit  (cost=877.25..877.25 rows=1 width=20) (actual time=1.870..1.870 rows=0 loops=1)
   ->  Limit  (cost=874.49..876.25 rows=100 width=20) (actual time=1.857..1.867 rows=100 loops=1)
         ->  Incremental Sort  (cost=874.49..1049.71 rows=10000 width=20) (actual time=1.857..1.861 rows=100 loops=1)
               Sort Key: s_1.a, s_1.b
               Presorted Key: s_1.a
               Sort Method: quicksort  Memory: 62kB
               Sort Groups: 1
               ->  Sort  (cost=828.39..853.39 rows=10000 width=20) (actual time=1.725..1.742 rows=481 loops=1)
                     Sort Key: s_1.a
                     Sort Method: quicksort  Memory: 1166kB
                     ->  Seq Scan on s_1  (cost=0.00..164.00 rows=10000 width=20) (actual time=0.004..0.587 rows=10000 loops=1)
 Planning time: 0.210 ms
 Execution time: 1.933 ms
(13 rows)

===== 42 [Wed Mar  7 01:58:08 CET 2018] scale:10000 groups:10 work_mem:128MB incremental:on max_workers:0 =====
SELECT * FROM (SELECT * FROM s_2 ORDER BY a, b) foo ORDER BY a, b, c LIMIT 100
                                                           QUERY PLAN                                                           
--------------------------------------------------------------------------------------------------------------------------------
 Limit  (cost=834.83..834.83 rows=1 width=20) (actual time=1.923..1.923 rows=0 loops=1)
   ->  Limit  (cost=832.05..833.83 rows=100 width=20) (actual time=1.887..1.920 rows=100 loops=1)
         ->  Incremental Sort  (cost=832.05..1010.24 rows=10000 width=20) (actual time=1.887..1.914 rows=100 loops=1)
               Sort Key: s_2.a, s_2.b, s_2.c
               Presorted Key: s_2.a, s_2.b
               Sort Method: quicksort  Memory: 28kB
               Sort Groups: 3
               ->  Sort  (cost=828.39..853.39 rows=10000 width=20) (actual time=1.840..1.845 rows=133 loops=1)
                     Sort Key: s_2.a, s_2.b
                     Sort Method: quicksort  Memory: 1166kB
                     ->  Seq Scan on s_2  (cost=0.00..164.00 rows=10000 width=20) (actual time=0.008..0.579 rows=10000 loops=1)
 Planning time: 0.215 ms
 Execution time: 1.986 ms
(13 rows)

===== 43 [Wed Mar  7 01:58:08 CET 2018] scale:10000 groups:10 work_mem:128MB incremental:on max_workers:0 =====
SELECT * FROM (SELECT * FROM s_3 ORDER BY a, b, c) foo ORDER BY a, b, c, d LIMIT 100
                                                           QUERY PLAN                                                           
--------------------------------------------------------------------------------------------------------------------------------
 Limit  (cost=831.65..831.65 rows=1 width=20) (actual time=2.042..2.042 rows=0 loops=1)
   ->  Limit  (cost=828.68..830.65 rows=100 width=20) (actual time=2.009..2.039 rows=100 loops=1)
         ->  Incremental Sort  (cost=828.68..1026.30 rows=10000 width=20) (actual time=2.008..2.033 rows=100 loops=1)
               Sort Key: s_3.a, s_3.b, s_3.c, s_3.d
               Presorted Key: s_3.a, s_3.b, s_3.c
               Sort Method: quicksort  Memory: 27kB
               Sort Groups: 3
               ->  Sort  (cost=828.39..853.39 rows=10000 width=20) (actual time=1.963..1.967 rows=105 loops=1)
                     Sort Key: s_3.a, s_3.b, s_3.c
                     Sort Method: quicksort  Memory: 1166kB
                     ->  Seq Scan on s_3  (cost=0.00..164.00 rows=10000 width=20) (actual time=0.008..0.571 rows=10000 loops=1)
 Planning time: 0.235 ms
 Execution time: 2.106 ms
(13 rows)

===== 44 [Wed Mar  7 01:58:08 CET 2018] scale:10000 groups:10 work_mem:128MB incremental:on max_workers:0 =====
SELECT * FROM (SELECT * FROM s_4 ORDER BY a, b, c, d) foo ORDER BY a, b, c, d, e LIMIT 100
                                                           QUERY PLAN                                                           
--------------------------------------------------------------------------------------------------------------------------------
 Limit  (cost=831.65..831.65 rows=1 width=20) (actual time=2.148..2.148 rows=0 loops=1)
   ->  Limit  (cost=828.68..830.65 rows=100 width=20) (actual time=2.109..2.144 rows=100 loops=1)
         ->  Incremental Sort  (cost=828.68..1026.30 rows=10000 width=20) (actual time=2.109..2.138 rows=100 loops=1)
               Sort Key: s_4.a, s_4.b, s_4.c, s_4.d, s_4.e
               Presorted Key: s_4.a, s_4.b, s_4.c, s_4.d
               Sort Method: quicksort  Memory: 27kB
               Sort Groups: 4
               ->  Sort  (cost=828.39..853.39 rows=10000 width=20) (actual time=2.052..2.058 rows=131 loops=1)
                     Sort Key: s_4.a, s_4.b, s_4.c, s_4.d
                     Sort Method: quicksort  Memory: 1166kB
                     ->  Seq Scan on s_4  (cost=0.00..164.00 rows=10000 width=20) (actual time=0.004..0.575 rows=10000 loops=1)
 Planning time: 0.227 ms
 Execution time: 2.209 ms
(13 rows)

===== 45 [Wed Mar  7 01:58:08 CET 2018] scale:10000 groups:10 work_mem:128MB incremental:off max_workers:0 =====
SELECT * FROM (SELECT * FROM s_1 ORDER BY a) foo ORDER BY a, b LIMIT 100
                                                           QUERY PLAN                                                           
--------------------------------------------------------------------------------------------------------------------------------
 Limit  (cost=1336.83..1336.83 rows=1 width=20) (actual time=2.805..2.805 rows=0 loops=1)
   ->  Limit  (cost=1335.58..1335.83 rows=100 width=20) (actual time=2.792..2.801 rows=100 loops=1)
         ->  Sort  (cost=1335.58..1360.58 rows=10000 width=20) (actual time=2.791..2.795 rows=100 loops=1)
               Sort Key: s_1.a, s_1.b
               Sort Method: top-N heapsort  Memory: 37kB
               ->  Sort  (cost=828.39..853.39 rows=10000 width=20) (actual time=1.715..2.056 rows=10000 loops=1)
                     Sort Key: s_1.a
                     Sort Method: quicksort  Memory: 1166kB
                     ->  Seq Scan on s_1  (cost=0.00..164.00 rows=10000 width=20) (actual time=0.004..0.576 rows=10000 loops=1)
 Planning time: 0.205 ms
 Execution time: 2.871 ms
(11 rows)

===== 46 [Wed Mar  7 01:58:08 CET 2018] scale:10000 groups:10 work_mem:128MB incremental:off max_workers:0 =====
SELECT * FROM (SELECT * FROM s_2 ORDER BY a, b) foo ORDER BY a, b, c LIMIT 100
                                                           QUERY PLAN                                                           
--------------------------------------------------------------------------------------------------------------------------------
 Limit  (cost=1336.83..1336.83 rows=1 width=20) (actual time=2.920..2.920 rows=0 loops=1)
   ->  Limit  (cost=1335.58..1335.83 rows=100 width=20) (actual time=2.907..2.916 rows=100 loops=1)
         ->  Sort  (cost=1335.58..1360.58 rows=10000 width=20) (actual time=2.906..2.910 rows=100 loops=1)
               Sort Key: s_2.a, s_2.b, s_2.c
               Sort Method: top-N heapsort  Memory: 34kB
               ->  Sort  (cost=828.39..853.39 rows=10000 width=20) (actual time=1.837..2.174 rows=10000 loops=1)
                     Sort Key: s_2.a, s_2.b
                     Sort Method: quicksort  Memory: 1166kB
                     ->  Seq Scan on s_2  (cost=0.00..164.00 rows=10000 width=20) (actual time=0.008..0.577 rows=10000 loops=1)
 Planning time: 0.214 ms
 Execution time: 2.983 ms
(11 rows)

===== 47 [Wed Mar  7 01:58:08 CET 2018] scale:10000 groups:10 work_mem:128MB incremental:off max_workers:0 =====
SELECT * FROM (SELECT * FROM s_3 ORDER BY a, b, c) foo ORDER BY a, b, c, d LIMIT 100
                                                           QUERY PLAN                                                           
--------------------------------------------------------------------------------------------------------------------------------
 Limit  (cost=1336.83..1336.83 rows=1 width=20) (actual time=3.100..3.100 rows=0 loops=1)
   ->  Limit  (cost=1335.58..1335.83 rows=100 width=20) (actual time=3.087..3.097 rows=100 loops=1)
         ->  Sort  (cost=1335.58..1360.58 rows=10000 width=20) (actual time=3.087..3.091 rows=100 loops=1)
               Sort Key: s_3.a, s_3.b, s_3.c, s_3.d
               Sort Method: top-N heapsort  Memory: 32kB
               ->  Sort  (cost=828.39..853.39 rows=10000 width=20) (actual time=1.962..2.304 rows=10000 loops=1)
                     Sort Key: s_3.a, s_3.b, s_3.c
                     Sort Method: quicksort  Memory: 1166kB
                     ->  Seq Scan on s_3  (cost=0.00..164.00 rows=10000 width=20) (actual time=0.008..0.569 rows=10000 loops=1)
 Planning time: 0.217 ms
 Execution time: 3.164 ms
(11 rows)

===== 48 [Wed Mar  7 01:58:08 CET 2018] scale:10000 groups:10 work_mem:128MB incremental:off max_workers:0 =====
SELECT * FROM (SELECT * FROM s_4 ORDER BY a, b, c, d) foo ORDER BY a, b, c, d, e LIMIT 100
                                                           QUERY PLAN                                                           
--------------------------------------------------------------------------------------------------------------------------------
 Limit  (cost=1336.83..1336.83 rows=1 width=20) (actual time=3.176..3.176 rows=0 loops=1)
   ->  Limit  (cost=1335.58..1335.83 rows=100 width=20) (actual time=3.163..3.173 rows=100 loops=1)
         ->  Sort  (cost=1335.58..1360.58 rows=10000 width=20) (actual time=3.163..3.167 rows=100 loops=1)
               Sort Key: s_4.a, s_4.b, s_4.c, s_4.d, s_4.e
               Sort Method: top-N heapsort  Memory: 32kB
               ->  Sort  (cost=828.39..853.39 rows=10000 width=20) (actual time=2.043..2.387 rows=10000 loops=1)
                     Sort Key: s_4.a, s_4.b, s_4.c, s_4.d
                     Sort Method: quicksort  Memory: 1166kB
                     ->  Seq Scan on s_4  (cost=0.00..164.00 rows=10000 width=20) (actual time=0.004..0.579 rows=10000 loops=1)
 Planning time: 0.215 ms
 Execution time: 3.237 ms
(11 rows)

===== 49 [Wed Mar  7 01:58:08 CET 2018] scale:10000 groups:10 work_mem:256MB incremental:on max_workers:0 =====
SELECT * FROM (SELECT * FROM s_1 ORDER BY a) foo ORDER BY a, b LIMIT 100
                                                           QUERY PLAN                                                           
--------------------------------------------------------------------------------------------------------------------------------
 Limit  (cost=877.25..877.25 rows=1 width=20) (actual time=1.865..1.865 rows=0 loops=1)
   ->  Limit  (cost=874.49..876.25 rows=100 width=20) (actual time=1.852..1.862 rows=100 loops=1)
         ->  Incremental Sort  (cost=874.49..1049.71 rows=10000 width=20) (actual time=1.852..1.856 rows=100 loops=1)
               Sort Key: s_1.a, s_1.b
               Presorted Key: s_1.a
               Sort Method: quicksort  Memory: 62kB
               Sort Groups: 1
               ->  Sort  (cost=828.39..853.39 rows=10000 width=20) (actual time=1.720..1.737 rows=481 loops=1)
                     Sort Key: s_1.a
                     Sort Method: quicksort  Memory: 1166kB
                     ->  Seq Scan on s_1  (cost=0.00..164.00 rows=10000 width=20) (actual time=0.004..0.577 rows=10000 loops=1)
 Planning time: 0.206 ms
 Execution time: 1.931 ms
(13 rows)

===== 50 [Wed Mar  7 01:58:08 CET 2018] scale:10000 groups:10 work_mem:256MB incremental:on max_workers:0 =====
SELECT * FROM (SELECT * FROM s_2 ORDER BY a, b) foo ORDER BY a, b, c LIMIT 100
                                                           QUERY PLAN                                                           
--------------------------------------------------------------------------------------------------------------------------------
 Limit  (cost=834.83..834.83 rows=1 width=20) (actual time=1.920..1.920 rows=0 loops=1)
   ->  Limit  (cost=832.05..833.83 rows=100 width=20) (actual time=1.885..1.917 rows=100 loops=1)
         ->  Incremental Sort  (cost=832.05..1010.24 rows=10000 width=20) (actual time=1.884..1.911 rows=100 loops=1)
               Sort Key: s_2.a, s_2.b, s_2.c
               Presorted Key: s_2.a, s_2.b
               Sort Method: quicksort  Memory: 28kB
               Sort Groups: 3
               ->  Sort  (cost=828.39..853.39 rows=10000 width=20) (actual time=1.837..1.842 rows=133 loops=1)
                     Sort Key: s_2.a, s_2.b
                     Sort Method: quicksort  Memory: 1166kB
                     ->  Seq Scan on s_2  (cost=0.00..164.00 rows=10000 width=20) (actual time=0.007..0.579 rows=10000 loops=1)
 Planning time: 0.215 ms
 Execution time: 1.983 ms
(13 rows)

===== 51 [Wed Mar  7 01:58:08 CET 2018] scale:10000 groups:10 work_mem:256MB incremental:on max_workers:0 =====
SELECT * FROM (SELECT * FROM s_3 ORDER BY a, b, c) foo ORDER BY a, b, c, d LIMIT 100
                                                           QUERY PLAN                                                           
--------------------------------------------------------------------------------------------------------------------------------
 Limit  (cost=831.65..831.65 rows=1 width=20) (actual time=2.037..2.037 rows=0 loops=1)
   ->  Limit  (cost=828.68..830.65 rows=100 width=20) (actual time=2.003..2.033 rows=100 loops=1)
         ->  Incremental Sort  (cost=828.68..1026.30 rows=10000 width=20) (actual time=2.003..2.027 rows=100 loops=1)
               Sort Key: s_3.a, s_3.b, s_3.c, s_3.d
               Presorted Key: s_3.a, s_3.b, s_3.c
               Sort Method: quicksort  Memory: 27kB
               Sort Groups: 3
               ->  Sort  (cost=828.39..853.39 rows=10000 width=20) (actual time=1.958..1.962 rows=105 loops=1)
                     Sort Key: s_3.a, s_3.b, s_3.c
                     Sort Method: quicksort  Memory: 1166kB
                     ->  Seq Scan on s_3  (cost=0.00..164.00 rows=10000 width=20) (actual time=0.007..0.571 rows=10000 loops=1)
 Planning time: 0.226 ms
 Execution time: 2.099 ms
(13 rows)

===== 52 [Wed Mar  7 01:58:08 CET 2018] scale:10000 groups:10 work_mem:256MB incremental:on max_workers:0 =====
SELECT * FROM (SELECT * FROM s_4 ORDER BY a, b, c, d) foo ORDER BY a, b, c, d, e LIMIT 100
                                                           QUERY PLAN                                                           
--------------------------------------------------------------------------------------------------------------------------------
 Limit  (cost=831.65..831.65 rows=1 width=20) (actual time=2.136..2.136 rows=0 loops=1)
   ->  Limit  (cost=828.68..830.65 rows=100 width=20) (actual time=2.097..2.132 rows=100 loops=1)
         ->  Incremental Sort  (cost=828.68..1026.30 rows=10000 width=20) (actual time=2.097..2.126 rows=100 loops=1)
               Sort Key: s_4.a, s_4.b, s_4.c, s_4.d, s_4.e
               Presorted Key: s_4.a, s_4.b, s_4.c, s_4.d
               Sort Method: quicksort  Memory: 27kB
               Sort Groups: 4
               ->  Sort  (cost=828.39..853.39 rows=10000 width=20) (actual time=2.045..2.050 rows=131 loops=1)
                     Sort Key: s_4.a, s_4.b, s_4.c, s_4.d
                     Sort Method: quicksort  Memory: 1166kB
                     ->  Seq Scan on s_4  (cost=0.00..164.00 rows=10000 width=20) (actual time=0.004..0.574 rows=10000 loops=1)
 Planning time: 0.226 ms
 Execution time: 2.195 ms
(13 rows)

===== 53 [Wed Mar  7 01:58:08 CET 2018] scale:10000 groups:10 work_mem:256MB incremental:off max_workers:0 =====
SELECT * FROM (SELECT * FROM s_1 ORDER BY a) foo ORDER BY a, b LIMIT 100
                                                           QUERY PLAN                                                           
--------------------------------------------------------------------------------------------------------------------------------
 Limit  (cost=1336.83..1336.83 rows=1 width=20) (actual time=2.809..2.809 rows=0 loops=1)
   ->  Limit  (cost=1335.58..1335.83 rows=100 width=20) (actual time=2.796..2.806 rows=100 loops=1)
         ->  Sort  (cost=1335.58..1360.58 rows=10000 width=20) (actual time=2.796..2.800 rows=100 loops=1)
               Sort Key: s_1.a, s_1.b
               Sort Method: top-N heapsort  Memory: 37kB
               ->  Sort  (cost=828.39..853.39 rows=10000 width=20) (actual time=1.718..2.056 rows=10000 loops=1)
                     Sort Key: s_1.a
                     Sort Method: quicksort  Memory: 1166kB
                     ->  Seq Scan on s_1  (cost=0.00..164.00 rows=10000 width=20) (actual time=0.004..0.577 rows=10000 loops=1)
 Planning time: 0.201 ms
 Execution time: 2.871 ms
(11 rows)

===== 54 [Wed Mar  7 01:58:09 CET 2018] scale:10000 groups:10 work_mem:256MB incremental:off max_workers:0 =====
SELECT * FROM (SELECT * FROM s_2 ORDER BY a, b) foo ORDER BY a, b, c LIMIT 100
                                                           QUERY PLAN                                                           
--------------------------------------------------------------------------------------------------------------------------------
 Limit  (cost=1336.83..1336.83 rows=1 width=20) (actual time=2.909..2.909 rows=0 loops=1)
   ->  Limit  (cost=1335.58..1335.83 rows=100 width=20) (actual time=2.895..2.905 rows=100 loops=1)
         ->  Sort  (cost=1335.58..1360.58 rows=10000 width=20) (actual time=2.895..2.899 rows=100 loops=1)
               Sort Key: s_2.a, s_2.b, s_2.c
               Sort Method: top-N heapsort  Memory: 34kB
               ->  Sort  (cost=828.39..853.39 rows=10000 width=20) (actual time=1.831..2.166 rows=10000 loops=1)
                     Sort Key: s_2.a, s_2.b
                     Sort Method: quicksort  Memory: 1166kB
                     ->  Seq Scan on s_2  (cost=0.00..164.00 rows=10000 width=20) (actual time=0.007..0.578 rows=10000 loops=1)
 Planning time: 0.204 ms
 Execution time: 2.970 ms
(11 rows)

===== 55 [Wed Mar  7 01:58:09 CET 2018] scale:10000 groups:10 work_mem:256MB incremental:off max_workers:0 =====
SELECT * FROM (SELECT * FROM s_3 ORDER BY a, b, c) foo ORDER BY a, b, c, d LIMIT 100
                                                           QUERY PLAN                                                           
--------------------------------------------------------------------------------------------------------------------------------
 Limit  (cost=1336.83..1336.83 rows=1 width=20) (actual time=3.092..3.092 rows=0 loops=1)
   ->  Limit  (cost=1335.58..1335.83 rows=100 width=20) (actual time=3.079..3.088 rows=100 loops=1)
         ->  Sort  (cost=1335.58..1360.58 rows=10000 width=20) (actual time=3.078..3.082 rows=100 loops=1)
               Sort Key: s_3.a, s_3.b, s_3.c, s_3.d
               Sort Method: top-N heapsort  Memory: 32kB
               ->  Sort  (cost=828.39..853.39 rows=10000 width=20) (actual time=1.956..2.299 rows=10000 loops=1)
                     Sort Key: s_3.a, s_3.b, s_3.c
                     Sort Method: quicksort  Memory: 1166kB
                     ->  Seq Scan on s_3  (cost=0.00..164.00 rows=10000 width=20) (actual time=0.007..0.572 rows=10000 loops=1)
 Planning time: 0.229 ms
 Execution time: 3.154 ms
(11 rows)

===== 56 [Wed Mar  7 01:58:09 CET 2018] scale:10000 groups:10 work_mem:256MB incremental:off max_workers:0 =====
SELECT * FROM (SELECT * FROM s_4 ORDER BY a, b, c, d) foo ORDER BY a, b, c, d, e LIMIT 100
                                                           QUERY PLAN                                                           
--------------------------------------------------------------------------------------------------------------------------------
 Limit  (cost=1336.83..1336.83 rows=1 width=20) (actual time=3.181..3.181 rows=0 loops=1)
   ->  Limit  (cost=1335.58..1335.83 rows=100 width=20) (actual time=3.168..3.178 rows=100 loops=1)
         ->  Sort  (cost=1335.58..1360.58 rows=10000 width=20) (actual time=3.168..3.172 rows=100 loops=1)
               Sort Key: s_4.a, s_4.b, s_4.c, s_4.d, s_4.e
               Sort Method: top-N heapsort  Memory: 32kB
               ->  Sort  (cost=828.39..853.39 rows=10000 width=20) (actual time=2.040..2.380 rows=10000 loops=1)
                     Sort Key: s_4.a, s_4.b, s_4.c, s_4.d
                     Sort Method: quicksort  Memory: 1166kB
                     ->  Seq Scan on s_4  (cost=0.00..164.00 rows=10000 width=20) (actual time=0.004..0.572 rows=10000 loops=1)
 Planning time: 0.226 ms
 Execution time: 3.243 ms
(11 rows)

===== 57 [Wed Mar  7 01:58:09 CET 2018] scale:10000 groups:10 work_mem:4MB incremental:on max_workers:2 =====
SELECT * FROM (SELECT * FROM s_1 ORDER BY a) foo ORDER BY a, b LIMIT 100
                                                           QUERY PLAN                                                           
--------------------------------------------------------------------------------------------------------------------------------
 Limit  (cost=877.25..877.25 rows=1 width=20) (actual time=1.874..1.874 rows=0 loops=1)
   ->  Limit  (cost=874.49..876.25 rows=100 width=20) (actual time=1.861..1.870 rows=100 loops=1)
         ->  Incremental Sort  (cost=874.49..1049.71 rows=10000 width=20) (actual time=1.860..1.864 rows=100 loops=1)
               Sort Key: s_1.a, s_1.b
               Presorted Key: s_1.a
               Sort Method: quicksort  Memory: 62kB
               Sort Groups: 1
               ->  Sort  (cost=828.39..853.39 rows=10000 width=20) (actual time=1.727..1.744 rows=481 loops=1)
                     Sort Key: s_1.a
                     Sort Method: quicksort  Memory: 1166kB
                     ->  Seq Scan on s_1  (cost=0.00..164.00 rows=10000 width=20) (actual time=0.004..0.583 rows=10000 loops=1)
 Planning time: 0.213 ms
 Execution time: 1.935 ms
(13 rows)

===== 58 [Wed Mar  7 01:58:09 CET 2018] scale:10000 groups:10 work_mem:4MB incremental:on max_workers:2 =====
SELECT * FROM (SELECT * FROM s_2 ORDER BY a, b) foo ORDER BY a, b, c LIMIT 100
                                                           QUERY PLAN                                                           
--------------------------------------------------------------------------------------------------------------------------------
 Limit  (cost=834.83..834.83 rows=1 width=20) (actual time=1.916..1.916 rows=0 loops=1)
   ->  Limit  (cost=832.05..833.83 rows=100 width=20) (actual time=1.880..1.912 rows=100 loops=1)
         ->  Incremental Sort  (cost=832.05..1010.24 rows=10000 width=20) (actual time=1.880..1.907 rows=100 loops=1)
               Sort Key: s_2.a, s_2.b, s_2.c
               Presorted Key: s_2.a, s_2.b
               Sort Method: quicksort  Memory: 28kB
               Sort Groups: 3
               ->  Sort  (cost=828.39..853.39 rows=10000 width=20) (actual time=1.833..1.838 rows=133 loops=1)
                     Sort Key: s_2.a, s_2.b
                     Sort Method: quicksort  Memory: 1166kB
                     ->  Seq Scan on s_2  (cost=0.00..164.00 rows=10000 width=20) (actual time=0.007..0.583 rows=10000 loops=1)
 Planning time: 0.215 ms
 Execution time: 1.977 ms
(13 rows)

===== 59 [Wed Mar  7 01:58:09 CET 2018] scale:10000 groups:10 work_mem:4MB incremental:on max_workers:2 =====
SELECT * FROM (SELECT * FROM s_3 ORDER BY a, b, c) foo ORDER BY a, b, c, d LIMIT 100
                                                           QUERY PLAN                                                           
--------------------------------------------------------------------------------------------------------------------------------
 Limit  (cost=831.65..831.65 rows=1 width=20) (actual time=2.041..2.041 rows=0 loops=1)
   ->  Limit  (cost=828.68..830.65 rows=100 width=20) (actual time=2.007..2.037 rows=100 loops=1)
         ->  Incremental Sort  (cost=828.68..1026.30 rows=10000 width=20) (actual time=2.007..2.031 rows=100 loops=1)
               Sort Key: s_3.a, s_3.b, s_3.c, s_3.d
               Presorted Key: s_3.a, s_3.b, s_3.c
               Sort Method: quicksort  Memory: 27kB
               Sort Groups: 3
               ->  Sort  (cost=828.39..853.39 rows=10000 width=20) (actual time=1.962..1.966 rows=105 loops=1)
                     Sort Key: s_3.a, s_3.b, s_3.c
                     Sort Method: quicksort  Memory: 1166kB
                     ->  Seq Scan on s_3  (cost=0.00..164.00 rows=10000 width=20) (actual time=0.007..0.583 rows=10000 loops=1)
 Planning time: 0.229 ms
 Execution time: 2.104 ms
(13 rows)

===== 60 [Wed Mar  7 01:58:09 CET 2018] scale:10000 groups:10 work_mem:4MB incremental:on max_workers:2 =====
SELECT * FROM (SELECT * FROM s_4 ORDER BY a, b, c, d) foo ORDER BY a, b, c, d, e LIMIT 100
                                                           QUERY PLAN                                                           
--------------------------------------------------------------------------------------------------------------------------------
 Limit  (cost=831.65..831.65 rows=1 width=20) (actual time=2.143..2.143 rows=0 loops=1)
   ->  Limit  (cost=828.68..830.65 rows=100 width=20) (actual time=2.102..2.140 rows=100 loops=1)
         ->  Incremental Sort  (cost=828.68..1026.30 rows=10000 width=20) (actual time=2.102..2.131 rows=100 loops=1)
               Sort Key: s_4.a, s_4.b, s_4.c, s_4.d, s_4.e
               Presorted Key: s_4.a, s_4.b, s_4.c, s_4.d
               Sort Method: quicksort  Memory: 27kB
               Sort Groups: 4
               ->  Sort  (cost=828.39..853.39 rows=10000 width=20) (actual time=2.049..2.054 rows=131 loops=1)
                     Sort Key: s_4.a, s_4.b, s_4.c, s_4.d
                     Sort Method: quicksort  Memory: 1166kB
                     ->  Seq Scan on s_4  (cost=0.00..164.00 rows=10000 width=20) (actual time=0.004..0.580 rows=10000 loops=1)
 Planning time: 0.229 ms
 Execution time: 2.203 ms
(13 rows)

===== 61 [Wed Mar  7 01:58:09 CET 2018] scale:10000 groups:10 work_mem:4MB incremental:off max_workers:2 =====
SELECT * FROM (SELECT * FROM s_1 ORDER BY a) foo ORDER BY a, b LIMIT 100
                                                           QUERY PLAN                                                           
--------------------------------------------------------------------------------------------------------------------------------
 Limit  (cost=1336.83..1336.83 rows=1 width=20) (actual time=2.801..2.801 rows=0 loops=1)
   ->  Limit  (cost=1335.58..1335.83 rows=100 width=20) (actual time=2.788..2.797 rows=100 loops=1)
         ->  Sort  (cost=1335.58..1360.58 rows=10000 width=20) (actual time=2.787..2.791 rows=100 loops=1)
               Sort Key: s_1.a, s_1.b
               Sort Method: top-N heapsort  Memory: 37kB
               ->  Sort  (cost=828.39..853.39 rows=10000 width=20) (actual time=1.711..2.051 rows=10000 loops=1)
                     Sort Key: s_1.a
                     Sort Method: quicksort  Memory: 1166kB
                     ->  Seq Scan on s_1  (cost=0.00..164.00 rows=10000 width=20) (actual time=0.004..0.581 rows=10000 loops=1)
 Planning time: 0.203 ms
 Execution time: 2.863 ms
(11 rows)

===== 62 [Wed Mar  7 01:58:09 CET 2018] scale:10000 groups:10 work_mem:4MB incremental:off max_workers:2 =====
SELECT * FROM (SELECT * FROM s_2 ORDER BY a, b) foo ORDER BY a, b, c LIMIT 100
                                                           QUERY PLAN                                                           
--------------------------------------------------------------------------------------------------------------------------------
 Limit  (cost=1336.83..1336.83 rows=1 width=20) (actual time=2.897..2.897 rows=0 loops=1)
   ->  Limit  (cost=1335.58..1335.83 rows=100 width=20) (actual time=2.884..2.894 rows=100 loops=1)
         ->  Sort  (cost=1335.58..1360.58 rows=10000 width=20) (actual time=2.884..2.888 rows=100 loops=1)
               Sort Key: s_2.a, s_2.b, s_2.c
               Sort Method: top-N heapsort  Memory: 34kB
               ->  Sort  (cost=828.39..853.39 rows=10000 width=20) (actual time=1.821..2.158 rows=10000 loops=1)
                     Sort Key: s_2.a, s_2.b
                     Sort Method: quicksort  Memory: 1166kB
                     ->  Seq Scan on s_2  (cost=0.00..164.00 rows=10000 width=20) (actual time=0.008..0.577 rows=10000 loops=1)
 Planning time: 0.214 ms
 Execution time: 2.959 ms
(11 rows)

===== 63 [Wed Mar  7 01:58:09 CET 2018] scale:10000 groups:10 work_mem:4MB incremental:off max_workers:2 =====
SELECT * FROM (SELECT * FROM s_3 ORDER BY a, b, c) foo ORDER BY a, b, c, d LIMIT 100
                                                           QUERY PLAN                                                           
--------------------------------------------------------------------------------------------------------------------------------
 Limit  (cost=1336.83..1336.83 rows=1 width=20) (actual time=3.104..3.104 rows=0 loops=1)
   ->  Limit  (cost=1335.58..1335.83 rows=100 width=20) (actual time=3.091..3.101 rows=100 loops=1)
         ->  Sort  (cost=1335.58..1360.58 rows=10000 width=20) (actual time=3.091..3.095 rows=100 loops=1)
               Sort Key: s_3.a, s_3.b, s_3.c, s_3.d
               Sort Method: top-N heapsort  Memory: 32kB
               ->  Sort  (cost=828.39..853.39 rows=10000 width=20) (actual time=1.956..2.302 rows=10000 loops=1)
                     Sort Key: s_3.a, s_3.b, s_3.c
                     Sort Method: quicksort  Memory: 1166kB
                     ->  Seq Scan on s_3  (cost=0.00..164.00 rows=10000 width=20) (actual time=0.008..0.568 rows=10000 loops=1)
 Planning time: 0.221 ms
 Execution time: 3.168 ms
(11 rows)

===== 64 [Wed Mar  7 01:58:09 CET 2018] scale:10000 groups:10 work_mem:4MB incremental:off max_workers:2 =====
SELECT * FROM (SELECT * FROM s_4 ORDER BY a, b, c, d) foo ORDER BY a, b, c, d, e LIMIT 100
                                                           QUERY PLAN                                                           
--------------------------------------------------------------------------------------------------------------------------------
 Limit  (cost=1336.83..1336.83 rows=1 width=20) (actual time=3.182..3.182 rows=0 loops=1)
   ->  Limit  (cost=1335.58..1335.83 rows=100 width=20) (actual time=3.169..3.178 rows=100 loops=1)
         ->  Sort  (cost=1335.58..1360.58 rows=10000 width=20) (actual time=3.169..3.172 rows=100 loops=1)
               Sort Key: s_4.a, s_4.b, s_4.c, s_4.d, s_4.e
               Sort Method: top-N heapsort  Memory: 32kB
               ->  Sort  (cost=828.39..853.39 rows=10000 width=20) (actual time=2.042..2.382 rows=10000 loops=1)
                     Sort Key: s_4.a, s_4.b, s_4.c, s_4.d
                     Sort Method: quicksort  Memory: 1166kB
                     ->  Seq Scan on s_4  (cost=0.00..164.00 rows=10000 width=20) (actual time=0.004..0.576 rows=10000 loops=1)
 Planning time: 0.217 ms
 Execution time: 3.244 ms
(11 rows)

===== 65 [Wed Mar  7 01:58:09 CET 2018] scale:10000 groups:10 work_mem:8MB incremental:on max_workers:2 =====
SELECT * FROM (SELECT * FROM s_1 ORDER BY a) foo ORDER BY a, b LIMIT 100
                                                           QUERY PLAN                                                           
--------------------------------------------------------------------------------------------------------------------------------
 Limit  (cost=877.25..877.25 rows=1 width=20) (actual time=1.865..1.865 rows=0 loops=1)
   ->  Limit  (cost=874.49..876.25 rows=100 width=20) (actual time=1.852..1.862 rows=100 loops=1)
         ->  Incremental Sort  (cost=874.49..1049.71 rows=10000 width=20) (actual time=1.852..1.856 rows=100 loops=1)
               Sort Key: s_1.a, s_1.b
               Presorted Key: s_1.a
               Sort Method: quicksort  Memory: 62kB
               Sort Groups: 1
               ->  Sort  (cost=828.39..853.39 rows=10000 width=20) (actual time=1.719..1.736 rows=481 loops=1)
                     Sort Key: s_1.a
                     Sort Method: quicksort  Memory: 1166kB
                     ->  Seq Scan on s_1  (cost=0.00..164.00 rows=10000 width=20) (actual time=0.004..0.578 rows=10000 loops=1)
 Planning time: 0.210 ms
 Execution time: 1.926 ms
(13 rows)

===== 66 [Wed Mar  7 01:58:10 CET 2018] scale:10000 groups:10 work_mem:8MB incremental:on max_workers:2 =====
SELECT * FROM (SELECT * FROM s_2 ORDER BY a, b) foo ORDER BY a, b, c LIMIT 100
                                                           QUERY PLAN                                                           
--------------------------------------------------------------------------------------------------------------------------------
 Limit  (cost=834.83..834.83 rows=1 width=20) (actual time=1.921..1.921 rows=0 loops=1)
   ->  Limit  (cost=832.05..833.83 rows=100 width=20) (actual time=1.886..1.918 rows=100 loops=1)
         ->  Incremental Sort  (cost=832.05..1010.24 rows=10000 width=20) (actual time=1.885..1.912 rows=100 loops=1)
               Sort Key: s_2.a, s_2.b, s_2.c
               Presorted Key: s_2.a, s_2.b
               Sort Method: quicksort  Memory: 28kB
               Sort Groups: 3
               ->  Sort  (cost=828.39..853.39 rows=10000 width=20) (actual time=1.838..1.843 rows=133 loops=1)
                     Sort Key: s_2.a, s_2.b
                     Sort Method: quicksort  Memory: 1166kB
                     ->  Seq Scan on s_2  (cost=0.00..164.00 rows=10000 width=20) (actual time=0.007..0.579 rows=10000 loops=1)
 Planning time: 0.214 ms
 Execution time: 1.983 ms
(13 rows)

===== 67 [Wed Mar  7 01:58:10 CET 2018] scale:10000 groups:10 work_mem:8MB incremental:on max_workers:2 =====
SELECT * FROM (SELECT * FROM s_3 ORDER BY a, b, c) foo ORDER BY a, b, c, d LIMIT 100
                                                           QUERY PLAN                                                           
--------------------------------------------------------------------------------------------------------------------------------
 Limit  (cost=831.65..831.65 rows=1 width=20) (actual time=2.031..2.031 rows=0 loops=1)
   ->  Limit  (cost=828.68..830.65 rows=100 width=20) (actual time=1.998..2.028 rows=100 loops=1)
         ->  Incremental Sort  (cost=828.68..1026.30 rows=10000 width=20) (actual time=1.998..2.022 rows=100 loops=1)
               Sort Key: s_3.a, s_3.b, s_3.c, s_3.d
               Presorted Key: s_3.a, s_3.b, s_3.c
               Sort Method: quicksort  Memory: 27kB
               Sort Groups: 3
               ->  Sort  (cost=828.39..853.39 rows=10000 width=20) (actual time=1.952..1.956 rows=105 loops=1)
                     Sort Key: s_3.a, s_3.b, s_3.c
                     Sort Method: quicksort  Memory: 1166kB
                     ->  Seq Scan on s_3  (cost=0.00..164.00 rows=10000 width=20) (actual time=0.007..0.571 rows=10000 loops=1)
 Planning time: 0.224 ms
 Execution time: 2.093 ms
(13 rows)

===== 68 [Wed Mar  7 01:58:10 CET 2018] scale:10000 groups:10 work_mem:8MB incremental:on max_workers:2 =====
SELECT * FROM (SELECT * FROM s_4 ORDER BY a, b, c, d) foo ORDER BY a, b, c, d, e LIMIT 100
                                                           QUERY PLAN                                                           
--------------------------------------------------------------------------------------------------------------------------------
 Limit  (cost=831.65..831.65 rows=1 width=20) (actual time=2.142..2.142 rows=0 loops=1)
   ->  Limit  (cost=828.68..830.65 rows=100 width=20) (actual time=2.104..2.138 rows=100 loops=1)
         ->  Incremental Sort  (cost=828.68..1026.30 rows=10000 width=20) (actual time=2.103..2.133 rows=100 loops=1)
               Sort Key: s_4.a, s_4.b, s_4.c, s_4.d, s_4.e
               Presorted Key: s_4.a, s_4.b, s_4.c, s_4.d
               Sort Method: quicksort  Memory: 27kB
               Sort Groups: 4
               ->  Sort  (cost=828.39..853.39 rows=10000 width=20) (actual time=2.050..2.055 rows=131 loops=1)
                     Sort Key: s_4.a, s_4.b, s_4.c, s_4.d
                     Sort Method: quicksort  Memory: 1166kB
                     ->  Seq Scan on s_4  (cost=0.00..164.00 rows=10000 width=20) (actual time=0.004..0.577 rows=10000 loops=1)
 Planning time: 0.231 ms
 Execution time: 2.203 ms
(13 rows)

===== 69 [Wed Mar  7 01:58:10 CET 2018] scale:10000 groups:10 work_mem:8MB incremental:off max_workers:2 =====
SELECT * FROM (SELECT * FROM s_1 ORDER BY a) foo ORDER BY a, b LIMIT 100
                                                           QUERY PLAN                                                           
--------------------------------------------------------------------------------------------------------------------------------
 Limit  (cost=1336.83..1336.83 rows=1 width=20) (actual time=2.815..2.815 rows=0 loops=1)
   ->  Limit  (cost=1335.58..1335.83 rows=100 width=20) (actual time=2.802..2.811 rows=100 loops=1)
         ->  Sort  (cost=1335.58..1360.58 rows=10000 width=20) (actual time=2.801..2.805 rows=100 loops=1)
               Sort Key: s_1.a, s_1.b
               Sort Method: top-N heapsort  Memory: 37kB
               ->  Sort  (cost=828.39..853.39 rows=10000 width=20) (actual time=1.724..2.062 rows=10000 loops=1)
                     Sort Key: s_1.a
                     Sort Method: quicksort  Memory: 1166kB
                     ->  Seq Scan on s_1  (cost=0.00..164.00 rows=10000 width=20) (actual time=0.004..0.578 rows=10000 loops=1)
 Planning time: 0.206 ms
 Execution time: 2.877 ms
(11 rows)

===== 70 [Wed Mar  7 01:58:10 CET 2018] scale:10000 groups:10 work_mem:8MB incremental:off max_workers:2 =====
SELECT * FROM (SELECT * FROM s_2 ORDER BY a, b) foo ORDER BY a, b, c LIMIT 100
                                                           QUERY PLAN                                                           
--------------------------------------------------------------------------------------------------------------------------------
 Limit  (cost=1336.83..1336.83 rows=1 width=20) (actual time=2.908..2.908 rows=0 loops=1)
   ->  Limit  (cost=1335.58..1335.83 rows=100 width=20) (actual time=2.895..2.905 rows=100 loops=1)
         ->  Sort  (cost=1335.58..1360.58 rows=10000 width=20) (actual time=2.895..2.899 rows=100 loops=1)
               Sort Key: s_2.a, s_2.b, s_2.c
               Sort Method: top-N heapsort  Memory: 34kB
               ->  Sort  (cost=828.39..853.39 rows=10000 width=20) (actual time=1.834..2.169 rows=10000 loops=1)
                     Sort Key: s_2.a, s_2.b
                     Sort Method: quicksort  Memory: 1166kB
                     ->  Seq Scan on s_2  (cost=0.00..164.00 rows=10000 width=20) (actual time=0.007..0.578 rows=10000 loops=1)
 Planning time: 0.206 ms
 Execution time: 2.972 ms
(11 rows)

===== 71 [Wed Mar  7 01:58:10 CET 2018] scale:10000 groups:10 work_mem:8MB incremental:off max_workers:2 =====
SELECT * FROM (SELECT * FROM s_3 ORDER BY a, b, c) foo ORDER BY a, b, c, d LIMIT 100
                                                           QUERY PLAN                                                           
--------------------------------------------------------------------------------------------------------------------------------
 Limit  (cost=1336.83..1336.83 rows=1 width=20) (actual time=3.105..3.105 rows=0 loops=1)
   ->  Limit  (cost=1335.58..1335.83 rows=100 width=20) (actual time=3.092..3.101 rows=100 loops=1)
         ->  Sort  (cost=1335.58..1360.58 rows=10000 width=20) (actual time=3.091..3.095 rows=100 loops=1)
               Sort Key: s_3.a, s_3.b, s_3.c, s_3.d
               Sort Method: top-N heapsort  Memory: 32kB
               ->  Sort  (cost=828.39..853.39 rows=10000 width=20) (actual time=1.953..2.298 rows=10000 loops=1)
                     Sort Key: s_3.a, s_3.b, s_3.c
                     Sort Method: quicksort  Memory: 1166kB
                     ->  Seq Scan on s_3  (cost=0.00..164.00 rows=10000 width=20) (actual time=0.008..0.567 rows=10000 loops=1)
 Planning time: 0.218 ms
 Execution time: 3.171 ms
(11 rows)

===== 72 [Wed Mar  7 01:58:10 CET 2018] scale:10000 groups:10 work_mem:8MB incremental:off max_workers:2 =====
SELECT * FROM (SELECT * FROM s_4 ORDER BY a, b, c, d) foo ORDER BY a, b, c, d, e LIMIT 100
                                                           QUERY PLAN                                                           
--------------------------------------------------------------------------------------------------------------------------------
 Limit  (cost=1336.83..1336.83 rows=1 width=20) (actual time=3.188..3.188 rows=0 loops=1)
   ->  Limit  (cost=1335.58..1335.83 rows=100 width=20) (actual time=3.175..3.184 rows=100 loops=1)
         ->  Sort  (cost=1335.58..1360.58 rows=10000 width=20) (actual time=3.175..3.178 rows=100 loops=1)
               Sort Key: s_4.a, s_4.b, s_4.c, s_4.d, s_4.e
               Sort Method: top-N heapsort  Memory: 32kB
               ->  Sort  (cost=828.39..853.39 rows=10000 width=20) (actual time=2.047..2.387 rows=10000 loops=1)
                     Sort Key: s_4.a, s_4.b, s_4.c, s_4.d
                     Sort Method: quicksort  Memory: 1166kB
                     ->  Seq Scan on s_4  (cost=0.00..164.00 rows=10000 width=20) (actual time=0.004..0.574 rows=10000 loops=1)
 Planning time: 0.237 ms
 Execution time: 3.253 ms
(11 rows)

===== 73 [Wed Mar  7 01:58:10 CET 2018] scale:10000 groups:10 work_mem:16MB incremental:on max_workers:2 =====
SELECT * FROM (SELECT * FROM s_1 ORDER BY a) foo ORDER BY a, b LIMIT 100
                                                           QUERY PLAN                                                           
--------------------------------------------------------------------------------------------------------------------------------
 Limit  (cost=877.25..877.25 rows=1 width=20) (actual time=1.867..1.867 rows=0 loops=1)
   ->  Limit  (cost=874.49..876.25 rows=100 width=20) (actual time=1.854..1.863 rows=100 loops=1)
         ->  Incremental Sort  (cost=874.49..1049.71 rows=10000 width=20) (actual time=1.853..1.857 rows=100 loops=1)
               Sort Key: s_1.a, s_1.b
               Presorted Key: s_1.a
               Sort Method: quicksort  Memory: 62kB
               Sort Groups: 1
               ->  Sort  (cost=828.39..853.39 rows=10000 width=20) (actual time=1.721..1.738 rows=481 loops=1)
                     Sort Key: s_1.a
                     Sort Method: quicksort  Memory: 1166kB
                     ->  Seq Scan on s_1  (cost=0.00..164.00 rows=10000 width=20) (actual time=0.004..0.587 rows=10000 loops=1)
 Planning time: 0.212 ms
 Execution time: 1.927 ms
(13 rows)

===== 74 [Wed Mar  7 01:58:10 CET 2018] scale:10000 groups:10 work_mem:16MB incremental:on max_workers:2 =====
SELECT * FROM (SELECT * FROM s_2 ORDER BY a, b) foo ORDER BY a, b, c LIMIT 100
                                                           QUERY PLAN                                                           
--------------------------------------------------------------------------------------------------------------------------------
 Limit  (cost=834.83..834.83 rows=1 width=20) (actual time=1.919..1.919 rows=0 loops=1)
   ->  Limit  (cost=832.05..833.83 rows=100 width=20) (actual time=1.883..1.915 rows=100 loops=1)
         ->  Incremental Sort  (cost=832.05..1010.24 rows=10000 width=20) (actual time=1.883..1.909 rows=100 loops=1)
               Sort Key: s_2.a, s_2.b, s_2.c
               Presorted Key: s_2.a, s_2.b
               Sort Method: quicksort  Memory: 28kB
               Sort Groups: 3
               ->  Sort  (cost=828.39..853.39 rows=10000 width=20) (actual time=1.835..1.841 rows=133 loops=1)
                     Sort Key: s_2.a, s_2.b
                     Sort Method: quicksort  Memory: 1166kB
                     ->  Seq Scan on s_2  (cost=0.00..164.00 rows=10000 width=20) (actual time=0.008..0.583 rows=10000 loops=1)
 Planning time: 0.213 ms
 Execution time: 1.981 ms
(13 rows)

===== 75 [Wed Mar  7 01:58:10 CET 2018] scale:10000 groups:10 work_mem:16MB incremental:on max_workers:2 =====
SELECT * FROM (SELECT * FROM s_3 ORDER BY a, b, c) foo ORDER BY a, b, c, d LIMIT 100
                                                           QUERY PLAN                                                           
--------------------------------------------------------------------------------------------------------------------------------
 Limit  (cost=831.65..831.65 rows=1 width=20) (actual time=2.032..2.032 rows=0 loops=1)
   ->  Limit  (cost=828.68..830.65 rows=100 width=20) (actual time=1.999..2.029 rows=100 loops=1)
         ->  Incremental Sort  (cost=828.68..1026.30 rows=10000 width=20) (actual time=1.999..2.023 rows=100 loops=1)
               Sort Key: s_3.a, s_3.b, s_3.c, s_3.d
               Presorted Key: s_3.a, s_3.b, s_3.c
               Sort Method: quicksort  Memory: 27kB
               Sort Groups: 3
               ->  Sort  (cost=828.39..853.39 rows=10000 width=20) (actual time=1.953..1.957 rows=105 loops=1)
                     Sort Key: s_3.a, s_3.b, s_3.c
                     Sort Method: quicksort  Memory: 1166kB
                     ->  Seq Scan on s_3  (cost=0.00..164.00 rows=10000 width=20) (actual time=0.008..0.571 rows=10000 loops=1)
 Planning time: 0.234 ms
 Execution time: 2.097 ms
(13 rows)

===== 76 [Wed Mar  7 01:58:10 CET 2018] scale:10000 groups:10 work_mem:16MB incremental:on max_workers:2 =====
SELECT * FROM (SELECT * FROM s_4 ORDER BY a, b, c, d) foo ORDER BY a, b, c, d, e LIMIT 100
                                                           QUERY PLAN                                                           
--------------------------------------------------------------------------------------------------------------------------------
 Limit  (cost=831.65..831.65 rows=1 width=20) (actual time=2.143..2.143 rows=0 loops=1)
   ->  Limit  (cost=828.68..830.65 rows=100 width=20) (actual time=2.105..2.139 rows=100 loops=1)
         ->  Incremental Sort  (cost=828.68..1026.30 rows=10000 width=20) (actual time=2.104..2.133 rows=100 loops=1)
               Sort Key: s_4.a, s_4.b, s_4.c, s_4.d, s_4.e
               Presorted Key: s_4.a, s_4.b, s_4.c, s_4.d
               Sort Method: quicksort  Memory: 27kB
               Sort Groups: 4
               ->  Sort  (cost=828.39..853.39 rows=10000 width=20) (actual time=2.051..2.056 rows=131 loops=1)
                     Sort Key: s_4.a, s_4.b, s_4.c, s_4.d
                     Sort Method: quicksort  Memory: 1166kB
                     ->  Seq Scan on s_4  (cost=0.00..164.00 rows=10000 width=20) (actual time=0.004..0.576 rows=10000 loops=1)
 Planning time: 0.233 ms
 Execution time: 2.205 ms
(13 rows)

===== 77 [Wed Mar  7 01:58:10 CET 2018] scale:10000 groups:10 work_mem:16MB incremental:off max_workers:2 =====
SELECT * FROM (SELECT * FROM s_1 ORDER BY a) foo ORDER BY a, b LIMIT 100
                                                           QUERY PLAN                                                           
--------------------------------------------------------------------------------------------------------------------------------
 Limit  (cost=1336.83..1336.83 rows=1 width=20) (actual time=2.812..2.812 rows=0 loops=1)
   ->  Limit  (cost=1335.58..1335.83 rows=100 width=20) (actual time=2.799..2.809 rows=100 loops=1)
         ->  Sort  (cost=1335.58..1360.58 rows=10000 width=20) (actual time=2.799..2.803 rows=100 loops=1)
               Sort Key: s_1.a, s_1.b
               Sort Method: top-N heapsort  Memory: 37kB
               ->  Sort  (cost=828.39..853.39 rows=10000 width=20) (actual time=1.722..2.060 rows=10000 loops=1)
                     Sort Key: s_1.a
                     Sort Method: quicksort  Memory: 1166kB
                     ->  Seq Scan on s_1  (cost=0.00..164.00 rows=10000 width=20) (actual time=0.004..0.579 rows=10000 loops=1)
 Planning time: 0.210 ms
 Execution time: 2.873 ms
(11 rows)

===== 78 [Wed Mar  7 01:58:11 CET 2018] scale:10000 groups:10 work_mem:16MB incremental:off max_workers:2 =====
SELECT * FROM (SELECT * FROM s_2 ORDER BY a, b) foo ORDER BY a, b, c LIMIT 100
                                                           QUERY PLAN                                                           
--------------------------------------------------------------------------------------------------------------------------------
 Limit  (cost=1336.83..1336.83 rows=1 width=20) (actual time=2.917..2.917 rows=0 loops=1)
   ->  Limit  (cost=1335.58..1335.83 rows=100 width=20) (actual time=2.904..2.913 rows=100 loops=1)
         ->  Sort  (cost=1335.58..1360.58 rows=10000 width=20) (actual time=2.904..2.907 rows=100 loops=1)
               Sort Key: s_2.a, s_2.b, s_2.c
               Sort Method: top-N heapsort  Memory: 34kB
               ->  Sort  (cost=828.39..853.39 rows=10000 width=20) (actual time=1.837..2.177 rows=10000 loops=1)
                     Sort Key: s_2.a, s_2.b
                     Sort Method: quicksort  Memory: 1166kB
                     ->  Seq Scan on s_2  (cost=0.00..164.00 rows=10000 width=20) (actual time=0.007..0.579 rows=10000 loops=1)
 Planning time: 0.209 ms
 Execution time: 2.980 ms
(11 rows)

===== 79 [Wed Mar  7 01:58:11 CET 2018] scale:10000 groups:10 work_mem:16MB incremental:off max_workers:2 =====
SELECT * FROM (SELECT * FROM s_3 ORDER BY a, b, c) foo ORDER BY a, b, c, d LIMIT 100
                                                           QUERY PLAN                                                           
--------------------------------------------------------------------------------------------------------------------------------
 Limit  (cost=1336.83..1336.83 rows=1 width=20) (actual time=3.091..3.091 rows=0 loops=1)
   ->  Limit  (cost=1335.58..1335.83 rows=100 width=20) (actual time=3.078..3.087 rows=100 loops=1)
         ->  Sort  (cost=1335.58..1360.58 rows=10000 width=20) (actual time=3.077..3.081 rows=100 loops=1)
               Sort Key: s_3.a, s_3.b, s_3.c, s_3.d
               Sort Method: top-N heapsort  Memory: 32kB
               ->  Sort  (cost=828.39..853.39 rows=10000 width=20) (actual time=1.956..2.294 rows=10000 loops=1)
                     Sort Key: s_3.a, s_3.b, s_3.c
                     Sort Method: quicksort  Memory: 1166kB
                     ->  Seq Scan on s_3  (cost=0.00..164.00 rows=10000 width=20) (actual time=0.008..0.568 rows=10000 loops=1)
 Planning time: 0.222 ms
 Execution time: 3.152 ms
(11 rows)

===== 80 [Wed Mar  7 01:58:11 CET 2018] scale:10000 groups:10 work_mem:16MB incremental:off max_workers:2 =====
SELECT * FROM (SELECT * FROM s_4 ORDER BY a, b, c, d) foo ORDER BY a, b, c, d, e LIMIT 100
                                                           QUERY PLAN                                                           
--------------------------------------------------------------------------------------------------------------------------------
 Limit  (cost=1336.83..1336.83 rows=1 width=20) (actual time=3.196..3.196 rows=0 loops=1)
   ->  Limit  (cost=1335.58..1335.83 rows=100 width=20) (actual time=3.183..3.192 rows=100 loops=1)
         ->  Sort  (cost=1335.58..1360.58 rows=10000 width=20) (actual time=3.183..3.186 rows=100 loops=1)
               Sort Key: s_4.a, s_4.b, s_4.c, s_4.d, s_4.e
               Sort Method: top-N heapsort  Memory: 32kB
               ->  Sort  (cost=828.39..853.39 rows=10000 width=20) (actual time=2.047..2.388 rows=10000 loops=1)
                     Sort Key: s_4.a, s_4.b, s_4.c, s_4.d
                     Sort Method: quicksort  Memory: 1166kB
                     ->  Seq Scan on s_4  (cost=0.00..164.00 rows=10000 width=20) (actual time=0.004..0.577 rows=10000 loops=1)
 Planning time: 0.224 ms
 Execution time: 3.258 ms
(11 rows)

===== 81 [Wed Mar  7 01:58:11 CET 2018] scale:10000 groups:10 work_mem:32MB incremental:on max_workers:2 =====
SELECT * FROM (SELECT * FROM s_1 ORDER BY a) foo ORDER BY a, b LIMIT 100
                                                           QUERY PLAN                                                           
--------------------------------------------------------------------------------------------------------------------------------
 Limit  (cost=877.25..877.25 rows=1 width=20) (actual time=1.865..1.865 rows=0 loops=1)
   ->  Limit  (cost=874.49..876.25 rows=100 width=20) (actual time=1.852..1.861 rows=100 loops=1)
         ->  Incremental Sort  (cost=874.49..1049.71 rows=10000 width=20) (actual time=1.852..1.856 rows=100 loops=1)
               Sort Key: s_1.a, s_1.b
               Presorted Key: s_1.a
               Sort Method: quicksort  Memory: 62kB
               Sort Groups: 1
               ->  Sort  (cost=828.39..853.39 rows=10000 width=20) (actual time=1.717..1.734 rows=481 loops=1)
                     Sort Key: s_1.a
                     Sort Method: quicksort  Memory: 1166kB
                     ->  Seq Scan on s_1  (cost=0.00..164.00 rows=10000 width=20) (actual time=0.004..0.578 rows=10000 loops=1)
 Planning time: 0.211 ms
 Execution time: 1.927 ms
(13 rows)

===== 82 [Wed Mar  7 01:58:11 CET 2018] scale:10000 groups:10 work_mem:32MB incremental:on max_workers:2 =====
SELECT * FROM (SELECT * FROM s_2 ORDER BY a, b) foo ORDER BY a, b, c LIMIT 100
                                                           QUERY PLAN                                                           
--------------------------------------------------------------------------------------------------------------------------------
 Limit  (cost=834.83..834.83 rows=1 width=20) (actual time=1.922..1.922 rows=0 loops=1)
   ->  Limit  (cost=832.05..833.83 rows=100 width=20) (actual time=1.882..1.918 rows=100 loops=1)
         ->  Incremental Sort  (cost=832.05..1010.24 rows=10000 width=20) (actual time=1.882..1.912 rows=100 loops=1)
               Sort Key: s_2.a, s_2.b, s_2.c
               Presorted Key: s_2.a, s_2.b
               Sort Method: quicksort  Memory: 28kB
               Sort Groups: 3
               ->  Sort  (cost=828.39..853.39 rows=10000 width=20) (actual time=1.834..1.839 rows=133 loops=1)
                     Sort Key: s_2.a, s_2.b
                     Sort Method: quicksort  Memory: 1166kB
                     ->  Seq Scan on s_2  (cost=0.00..164.00 rows=10000 width=20) (actual time=0.008..0.579 rows=10000 loops=1)
 Planning time: 0.224 ms
 Execution time: 1.984 ms
(13 rows)

===== 83 [Wed Mar  7 01:58:11 CET 2018] scale:10000 groups:10 work_mem:32MB incremental:on max_workers:2 =====
SELECT * FROM (SELECT * FROM s_3 ORDER BY a, b, c) foo ORDER BY a, b, c, d LIMIT 100
                                                           QUERY PLAN                                                           
--------------------------------------------------------------------------------------------------------------------------------
 Limit  (cost=831.65..831.65 rows=1 width=20) (actual time=2.040..2.040 rows=0 loops=1)
   ->  Limit  (cost=828.68..830.65 rows=100 width=20) (actual time=2.007..2.037 rows=100 loops=1)
         ->  Incremental Sort  (cost=828.68..1026.30 rows=10000 width=20) (actual time=2.006..2.031 rows=100 loops=1)
               Sort Key: s_3.a, s_3.b, s_3.c, s_3.d
               Presorted Key: s_3.a, s_3.b, s_3.c
               Sort Method: quicksort  Memory: 27kB
               Sort Groups: 3
               ->  Sort  (cost=828.39..853.39 rows=10000 width=20) (actual time=1.961..1.965 rows=105 loops=1)
                     Sort Key: s_3.a, s_3.b, s_3.c
                     Sort Method: quicksort  Memory: 1166kB
                     ->  Seq Scan on s_3  (cost=0.00..164.00 rows=10000 width=20) (actual time=0.008..0.576 rows=10000 loops=1)
 Planning time: 0.230 ms
 Execution time: 2.103 ms
(13 rows)

===== 84 [Wed Mar  7 01:58:11 CET 2018] scale:10000 groups:10 work_mem:32MB incremental:on max_workers:2 =====
SELECT * FROM (SELECT * FROM s_4 ORDER BY a, b, c, d) foo ORDER BY a, b, c, d, e LIMIT 100
                                                           QUERY PLAN                                                           
--------------------------------------------------------------------------------------------------------------------------------
 Limit  (cost=831.65..831.65 rows=1 width=20) (actual time=2.133..2.133 rows=0 loops=1)
   ->  Limit  (cost=828.68..830.65 rows=100 width=20) (actual time=2.095..2.130 rows=100 loops=1)
         ->  Incremental Sort  (cost=828.68..1026.30 rows=10000 width=20) (actual time=2.095..2.124 rows=100 loops=1)
               Sort Key: s_4.a, s_4.b, s_4.c, s_4.d, s_4.e
               Presorted Key: s_4.a, s_4.b, s_4.c, s_4.d
               Sort Method: quicksort  Memory: 27kB
               Sort Groups: 4
               ->  Sort  (cost=828.39..853.39 rows=10000 width=20) (actual time=2.041..2.046 rows=131 loops=1)
                     Sort Key: s_4.a, s_4.b, s_4.c, s_4.d
                     Sort Method: quicksort  Memory: 1166kB
                     ->  Seq Scan on s_4  (cost=0.00..164.00 rows=10000 width=20) (actual time=0.004..0.575 rows=10000 loops=1)
 Planning time: 0.226 ms
 Execution time: 2.195 ms
(13 rows)

===== 85 [Wed Mar  7 01:58:11 CET 2018] scale:10000 groups:10 work_mem:32MB incremental:off max_workers:2 =====
SELECT * FROM (SELECT * FROM s_1 ORDER BY a) foo ORDER BY a, b LIMIT 100
                                                           QUERY PLAN                                                           
--------------------------------------------------------------------------------------------------------------------------------
 Limit  (cost=1336.83..1336.83 rows=1 width=20) (actual time=2.807..2.807 rows=0 loops=1)
   ->  Limit  (cost=1335.58..1335.83 rows=100 width=20) (actual time=2.794..2.804 rows=100 loops=1)
         ->  Sort  (cost=1335.58..1360.58 rows=10000 width=20) (actual time=2.794..2.798 rows=100 loops=1)
               Sort Key: s_1.a, s_1.b
               Sort Method: top-N heapsort  Memory: 37kB
               ->  Sort  (cost=828.39..853.39 rows=10000 width=20) (actual time=1.719..2.060 rows=10000 loops=1)
                     Sort Key: s_1.a
                     Sort Method: quicksort  Memory: 1166kB
                     ->  Seq Scan on s_1  (cost=0.00..164.00 rows=10000 width=20) (actual time=0.004..0.585 rows=10000 loops=1)
 Planning time: 0.211 ms
 Execution time: 2.869 ms
(11 rows)

===== 86 [Wed Mar  7 01:58:11 CET 2018] scale:10000 groups:10 work_mem:32MB incremental:off max_workers:2 =====
SELECT * FROM (SELECT * FROM s_2 ORDER BY a, b) foo ORDER BY a, b, c LIMIT 100
                                                           QUERY PLAN                                                           
--------------------------------------------------------------------------------------------------------------------------------
 Limit  (cost=1336.83..1336.83 rows=1 width=20) (actual time=2.912..2.912 rows=0 loops=1)
   ->  Limit  (cost=1335.58..1335.83 rows=100 width=20) (actual time=2.899..2.908 rows=100 loops=1)
         ->  Sort  (cost=1335.58..1360.58 rows=10000 width=20) (actual time=2.898..2.902 rows=100 loops=1)
               Sort Key: s_2.a, s_2.b, s_2.c
               Sort Method: top-N heapsort  Memory: 34kB
               ->  Sort  (cost=828.39..853.39 rows=10000 width=20) (actual time=1.833..2.168 rows=10000 loops=1)
                     Sort Key: s_2.a, s_2.b
                     Sort Method: quicksort  Memory: 1166kB
                     ->  Seq Scan on s_2  (cost=0.00..164.00 rows=10000 width=20) (actual time=0.008..0.584 rows=10000 loops=1)
 Planning time: 0.207 ms
 Execution time: 2.974 ms
(11 rows)

===== 87 [Wed Mar  7 01:58:11 CET 2018] scale:10000 groups:10 work_mem:32MB incremental:off max_workers:2 =====
SELECT * FROM (SELECT * FROM s_3 ORDER BY a, b, c) foo ORDER BY a, b, c, d LIMIT 100
                                                           QUERY PLAN                                                           
--------------------------------------------------------------------------------------------------------------------------------
 Limit  (cost=1336.83..1336.83 rows=1 width=20) (actual time=3.083..3.083 rows=0 loops=1)
   ->  Limit  (cost=1335.58..1335.83 rows=100 width=20) (actual time=3.070..3.079 rows=100 loops=1)
         ->  Sort  (cost=1335.58..1360.58 rows=10000 width=20) (actual time=3.070..3.074 rows=100 loops=1)
               Sort Key: s_3.a, s_3.b, s_3.c, s_3.d
               Sort Method: top-N heapsort  Memory: 32kB
               ->  Sort  (cost=828.39..853.39 rows=10000 width=20) (actual time=1.946..2.288 rows=10000 loops=1)
                     Sort Key: s_3.a, s_3.b, s_3.c
                     Sort Method: quicksort  Memory: 1166kB
                     ->  Seq Scan on s_3  (cost=0.00..164.00 rows=10000 width=20) (actual time=0.007..0.568 rows=10000 loops=1)
 Planning time: 0.219 ms
 Execution time: 3.146 ms
(11 rows)

===== 88 [Wed Mar  7 01:58:11 CET 2018] scale:10000 groups:10 work_mem:32MB incremental:off max_workers:2 =====
SELECT * FROM (SELECT * FROM s_4 ORDER BY a, b, c, d) foo ORDER BY a, b, c, d, e LIMIT 100
                                                           QUERY PLAN                                                           
--------------------------------------------------------------------------------------------------------------------------------
 Limit  (cost=1336.83..1336.83 rows=1 width=20) (actual time=3.181..3.181 rows=0 loops=1)
   ->  Limit  (cost=1335.58..1335.83 rows=100 width=20) (actual time=3.168..3.178 rows=100 loops=1)
         ->  Sort  (cost=1335.58..1360.58 rows=10000 width=20) (actual time=3.168..3.172 rows=100 loops=1)
               Sort Key: s_4.a, s_4.b, s_4.c, s_4.d, s_4.e
               Sort Method: top-N heapsort  Memory: 32kB
               ->  Sort  (cost=828.39..853.39 rows=10000 width=20) (actual time=2.050..2.393 rows=10000 loops=1)
                     Sort Key: s_4.a, s_4.b, s_4.c, s_4.d
                     Sort Method: quicksort  Memory: 1166kB
                     ->  Seq Scan on s_4  (cost=0.00..164.00 rows=10000 width=20) (actual time=0.004..0.577 rows=10000 loops=1)
 Planning time: 0.225 ms
 Execution time: 3.242 ms
(11 rows)

===== 89 [Wed Mar  7 01:58:11 CET 2018] scale:10000 groups:10 work_mem:64MB incremental:on max_workers:2 =====
SELECT * FROM (SELECT * FROM s_1 ORDER BY a) foo ORDER BY a, b LIMIT 100
                                                           QUERY PLAN                                                           
--------------------------------------------------------------------------------------------------------------------------------
 Limit  (cost=877.25..877.25 rows=1 width=20) (actual time=1.872..1.872 rows=0 loops=1)
   ->  Limit  (cost=874.49..876.25 rows=100 width=20) (actual time=1.859..1.869 rows=100 loops=1)
         ->  Incremental Sort  (cost=874.49..1049.71 rows=10000 width=20) (actual time=1.859..1.863 rows=100 loops=1)
               Sort Key: s_1.a, s_1.b
               Presorted Key: s_1.a
               Sort Method: quicksort  Memory: 62kB
               Sort Groups: 1
               ->  Sort  (cost=828.39..853.39 rows=10000 width=20) (actual time=1.726..1.743 rows=481 loops=1)
                     Sort Key: s_1.a
                     Sort Method: quicksort  Memory: 1166kB
                     ->  Seq Scan on s_1  (cost=0.00..164.00 rows=10000 width=20) (actual time=0.004..0.583 rows=10000 loops=1)
 Planning time: 0.216 ms
 Execution time: 1.934 ms
(13 rows)

===== 90 [Wed Mar  7 01:58:12 CET 2018] scale:10000 groups:10 work_mem:64MB incremental:on max_workers:2 =====
SELECT * FROM (SELECT * FROM s_2 ORDER BY a, b) foo ORDER BY a, b, c LIMIT 100
                                                           QUERY PLAN                                                           
--------------------------------------------------------------------------------------------------------------------------------
 Limit  (cost=834.83..834.83 rows=1 width=20) (actual time=1.920..1.920 rows=0 loops=1)
   ->  Limit  (cost=832.05..833.83 rows=100 width=20) (actual time=1.885..1.917 rows=100 loops=1)
         ->  Incremental Sort  (cost=832.05..1010.24 rows=10000 width=20) (actual time=1.884..1.911 rows=100 loops=1)
               Sort Key: s_2.a, s_2.b, s_2.c
               Presorted Key: s_2.a, s_2.b
               Sort Method: quicksort  Memory: 28kB
               Sort Groups: 3
               ->  Sort  (cost=828.39..853.39 rows=10000 width=20) (actual time=1.831..1.836 rows=133 loops=1)
                     Sort Key: s_2.a, s_2.b
                     Sort Method: quicksort  Memory: 1166kB
                     ->  Seq Scan on s_2  (cost=0.00..164.00 rows=10000 width=20) (actual time=0.008..0.580 rows=10000 loops=1)
 Planning time: 0.217 ms
 Execution time: 1.982 ms
(13 rows)

===== 91 [Wed Mar  7 01:58:12 CET 2018] scale:10000 groups:10 work_mem:64MB incremental:on max_workers:2 =====
SELECT * FROM (SELECT * FROM s_3 ORDER BY a, b, c) foo ORDER BY a, b, c, d LIMIT 100
                                                           QUERY PLAN                                                           
--------------------------------------------------------------------------------------------------------------------------------
 Limit  (cost=831.65..831.65 rows=1 width=20) (actual time=2.035..2.035 rows=0 loops=1)
   ->  Limit  (cost=828.68..830.65 rows=100 width=20) (actual time=2.002..2.032 rows=100 loops=1)
         ->  Incremental Sort  (cost=828.68..1026.30 rows=10000 width=20) (actual time=2.001..2.026 rows=100 loops=1)
               Sort Key: s_3.a, s_3.b, s_3.c, s_3.d
               Presorted Key: s_3.a, s_3.b, s_3.c
               Sort Method: quicksort  Memory: 27kB
               Sort Groups: 3
               ->  Sort  (cost=828.39..853.39 rows=10000 width=20) (actual time=1.956..1.960 rows=105 loops=1)
                     Sort Key: s_3.a, s_3.b, s_3.c
                     Sort Method: quicksort  Memory: 1166kB
                     ->  Seq Scan on s_3  (cost=0.00..164.00 rows=10000 width=20) (actual time=0.007..0.570 rows=10000 loops=1)
 Planning time: 0.226 ms
 Execution time: 2.097 ms
(13 rows)

===== 92 [Wed Mar  7 01:58:12 CET 2018] scale:10000 groups:10 work_mem:64MB incremental:on max_workers:2 =====
SELECT * FROM (SELECT * FROM s_4 ORDER BY a, b, c, d) foo ORDER BY a, b, c, d, e LIMIT 100
                                                           QUERY PLAN                                                           
--------------------------------------------------------------------------------------------------------------------------------
 Limit  (cost=831.65..831.65 rows=1 width=20) (actual time=2.143..2.143 rows=0 loops=1)
   ->  Limit  (cost=828.68..830.65 rows=100 width=20) (actual time=2.104..2.139 rows=100 loops=1)
         ->  Incremental Sort  (cost=828.68..1026.30 rows=10000 width=20) (actual time=2.104..2.133 rows=100 loops=1)
               Sort Key: s_4.a, s_4.b, s_4.c, s_4.d, s_4.e
               Presorted Key: s_4.a, s_4.b, s_4.c, s_4.d
               Sort Method: quicksort  Memory: 27kB
               Sort Groups: 4
               ->  Sort  (cost=828.39..853.39 rows=10000 width=20) (actual time=2.051..2.057 rows=131 loops=1)
                     Sort Key: s_4.a, s_4.b, s_4.c, s_4.d
                     Sort Method: quicksort  Memory: 1166kB
                     ->  Seq Scan on s_4  (cost=0.00..164.00 rows=10000 width=20) (actual time=0.004..0.574 rows=10000 loops=1)
 Planning time: 0.230 ms
 Execution time: 2.205 ms
(13 rows)

===== 93 [Wed Mar  7 01:58:12 CET 2018] scale:10000 groups:10 work_mem:64MB incremental:off max_workers:2 =====
SELECT * FROM (SELECT * FROM s_1 ORDER BY a) foo ORDER BY a, b LIMIT 100
                                                           QUERY PLAN                                                           
--------------------------------------------------------------------------------------------------------------------------------
 Limit  (cost=1336.83..1336.83 rows=1 width=20) (actual time=2.802..2.802 rows=0 loops=1)
   ->  Limit  (cost=1335.58..1335.83 rows=100 width=20) (actual time=2.789..2.799 rows=100 loops=1)
         ->  Sort  (cost=1335.58..1360.58 rows=10000 width=20) (actual time=2.789..2.793 rows=100 loops=1)
               Sort Key: s_1.a, s_1.b
               Sort Method: top-N heapsort  Memory: 37kB
               ->  Sort  (cost=828.39..853.39 rows=10000 width=20) (actual time=1.709..2.055 rows=10000 loops=1)
                     Sort Key: s_1.a
                     Sort Method: quicksort  Memory: 1166kB
                     ->  Seq Scan on s_1  (cost=0.00..164.00 rows=10000 width=20) (actual time=0.004..0.576 rows=10000 loops=1)
 Planning time: 0.207 ms
 Execution time: 2.874 ms
(11 rows)

===== 94 [Wed Mar  7 01:58:12 CET 2018] scale:10000 groups:10 work_mem:64MB incremental:off max_workers:2 =====
SELECT * FROM (SELECT * FROM s_2 ORDER BY a, b) foo ORDER BY a, b, c LIMIT 100
                                                           QUERY PLAN                                                           
--------------------------------------------------------------------------------------------------------------------------------
 Limit  (cost=1336.83..1336.83 rows=1 width=20) (actual time=2.914..2.914 rows=0 loops=1)
   ->  Limit  (cost=1335.58..1335.83 rows=100 width=20) (actual time=2.901..2.910 rows=100 loops=1)
         ->  Sort  (cost=1335.58..1360.58 rows=10000 width=20) (actual time=2.900..2.904 rows=100 loops=1)
               Sort Key: s_2.a, s_2.b, s_2.c
               Sort Method: top-N heapsort  Memory: 34kB
               ->  Sort  (cost=828.39..853.39 rows=10000 width=20) (actual time=1.835..2.170 rows=10000 loops=1)
                     Sort Key: s_2.a, s_2.b
                     Sort Method: quicksort  Memory: 1166kB
                     ->  Seq Scan on s_2  (cost=0.00..164.00 rows=10000 width=20) (actual time=0.008..0.576 rows=10000 loops=1)
 Planning time: 0.210 ms
 Execution time: 2.975 ms
(11 rows)

===== 95 [Wed Mar  7 01:58:12 CET 2018] scale:10000 groups:10 work_mem:64MB incremental:off max_workers:2 =====
SELECT * FROM (SELECT * FROM s_3 ORDER BY a, b, c) foo ORDER BY a, b, c, d LIMIT 100
                                                           QUERY PLAN                                                           
--------------------------------------------------------------------------------------------------------------------------------
 Limit  (cost=1336.83..1336.83 rows=1 width=20) (actual time=3.086..3.086 rows=0 loops=1)
   ->  Limit  (cost=1335.58..1335.83 rows=100 width=20) (actual time=3.073..3.082 rows=100 loops=1)
         ->  Sort  (cost=1335.58..1360.58 rows=10000 width=20) (actual time=3.073..3.076 rows=100 loops=1)
               Sort Key: s_3.a, s_3.b, s_3.c, s_3.d
               Sort Method: top-N heapsort  Memory: 32kB
               ->  Sort  (cost=828.39..853.39 rows=10000 width=20) (actual time=1.954..2.295 rows=10000 loops=1)
                     Sort Key: s_3.a, s_3.b, s_3.c
                     Sort Method: quicksort  Memory: 1166kB
                     ->  Seq Scan on s_3  (cost=0.00..164.00 rows=10000 width=20) (actual time=0.008..0.573 rows=10000 loops=1)
 Planning time: 0.221 ms
 Execution time: 3.147 ms
(11 rows)

===== 96 [Wed Mar  7 01:58:12 CET 2018] scale:10000 groups:10 work_mem:64MB incremental:off max_workers:2 =====
SELECT * FROM (SELECT * FROM s_4 ORDER BY a, b, c, d) foo ORDER BY a, b, c, d, e LIMIT 100
                                                           QUERY PLAN                                                           
--------------------------------------------------------------------------------------------------------------------------------
 Limit  (cost=1336.83..1336.83 rows=1 width=20) (actual time=3.202..3.202 rows=0 loops=1)
   ->  Limit  (cost=1335.58..1335.83 rows=100 width=20) (actual time=3.189..3.198 rows=100 loops=1)
         ->  Sort  (cost=1335.58..1360.58 rows=10000 width=20) (actual time=3.189..3.192 rows=100 loops=1)
               Sort Key: s_4.a, s_4.b, s_4.c, s_4.d, s_4.e
               Sort Method: top-N heapsort  Memory: 32kB
               ->  Sort  (cost=828.39..853.39 rows=10000 width=20) (actual time=2.044..2.385 rows=10000 loops=1)
                     Sort Key: s_4.a, s_4.b, s_4.c, s_4.d
                     Sort Method: quicksort  Memory: 1166kB
                     ->  Seq Scan on s_4  (cost=0.00..164.00 rows=10000 width=20) (actual time=0.004..0.575 rows=10000 loops=1)
 Planning time: 0.221 ms
 Execution time: 3.265 ms
(11 rows)

===== 97 [Wed Mar  7 01:58:12 CET 2018] scale:10000 groups:10 work_mem:128MB incremental:on max_workers:2 =====
SELECT * FROM (SELECT * FROM s_1 ORDER BY a) foo ORDER BY a, b LIMIT 100
                                                           QUERY PLAN                                                           
--------------------------------------------------------------------------------------------------------------------------------
 Limit  (cost=877.25..877.25 rows=1 width=20) (actual time=1.870..1.870 rows=0 loops=1)
   ->  Limit  (cost=874.49..876.25 rows=100 width=20) (actual time=1.856..1.866 rows=100 loops=1)
         ->  Incremental Sort  (cost=874.49..1049.71 rows=10000 width=20) (actual time=1.856..1.860 rows=100 loops=1)
               Sort Key: s_1.a, s_1.b
               Presorted Key: s_1.a
               Sort Method: quicksort  Memory: 62kB
               Sort Groups: 1
               ->  Sort  (cost=828.39..853.39 rows=10000 width=20) (actual time=1.722..1.739 rows=481 loops=1)
                     Sort Key: s_1.a
                     Sort Method: quicksort  Memory: 1166kB
                     ->  Seq Scan on s_1  (cost=0.00..164.00 rows=10000 width=20) (actual time=0.004..0.587 rows=10000 loops=1)
 Planning time: 0.215 ms
 Execution time: 1.934 ms
(13 rows)

===== 98 [Wed Mar  7 01:58:12 CET 2018] scale:10000 groups:10 work_mem:128MB incremental:on max_workers:2 =====
SELECT * FROM (SELECT * FROM s_2 ORDER BY a, b) foo ORDER BY a, b, c LIMIT 100
                                                           QUERY PLAN                                                           
--------------------------------------------------------------------------------------------------------------------------------
 Limit  (cost=834.83..834.83 rows=1 width=20) (actual time=1.920..1.920 rows=0 loops=1)
   ->  Limit  (cost=832.05..833.83 rows=100 width=20) (actual time=1.884..1.916 rows=100 loops=1)
         ->  Incremental Sort  (cost=832.05..1010.24 rows=10000 width=20) (actual time=1.884..1.910 rows=100 loops=1)
               Sort Key: s_2.a, s_2.b, s_2.c
               Presorted Key: s_2.a, s_2.b
               Sort Method: quicksort  Memory: 28kB
               Sort Groups: 3
               ->  Sort  (cost=828.39..853.39 rows=10000 width=20) (actual time=1.837..1.843 rows=133 loops=1)
                     Sort Key: s_2.a, s_2.b
                     Sort Method: quicksort  Memory: 1166kB
                     ->  Seq Scan on s_2  (cost=0.00..164.00 rows=10000 width=20) (actual time=0.008..0.579 rows=10000 loops=1)
 Planning time: 0.217 ms
 Execution time: 1.982 ms
(13 rows)

===== 99 [Wed Mar  7 01:58:12 CET 2018] scale:10000 groups:10 work_mem:128MB incremental:on max_workers:2 =====
SELECT * FROM (SELECT * FROM s_3 ORDER BY a, b, c) foo ORDER BY a, b, c, d LIMIT 100
                                                           QUERY PLAN                                                           
--------------------------------------------------------------------------------------------------------------------------------
 Limit  (cost=831.65..831.65 rows=1 width=20) (actual time=2.034..2.034 rows=0 loops=1)
   ->  Limit  (cost=828.68..830.65 rows=100 width=20) (actual time=2.001..2.030 rows=100 loops=1)
         ->  Incremental Sort  (cost=828.68..1026.30 rows=10000 width=20) (actual time=2.000..2.024 rows=100 loops=1)
               Sort Key: s_3.a, s_3.b, s_3.c, s_3.d
               Presorted Key: s_3.a, s_3.b, s_3.c
               Sort Method: quicksort  Memory: 27kB
               Sort Groups: 3
               ->  Sort  (cost=828.39..853.39 rows=10000 width=20) (actual time=1.956..1.960 rows=105 loops=1)
                     Sort Key: s_3.a, s_3.b, s_3.c
                     Sort Method: quicksort  Memory: 1166kB
                     ->  Seq Scan on s_3  (cost=0.00..164.00 rows=10000 width=20) (actual time=0.008..0.571 rows=10000 loops=1)
 Planning time: 0.229 ms
 Execution time: 2.099 ms
(13 rows)

===== 100 [Wed Mar  7 01:58:12 CET 2018] scale:10000 groups:10 work_mem:128MB incremental:on max_workers:2 =====
SELECT * FROM (SELECT * FROM s_4 ORDER BY a, b, c, d) foo ORDER BY a, b, c, d, e LIMIT 100
                                                           QUERY PLAN                                                           
--------------------------------------------------------------------------------------------------------------------------------
 Limit  (cost=831.65..831.65 rows=1 width=20) (actual time=2.135..2.135 rows=0 loops=1)
   ->  Limit  (cost=828.68..830.65 rows=100 width=20) (actual time=2.097..2.131 rows=100 loops=1)
         ->  Incremental Sort  (cost=828.68..1026.30 rows=10000 width=20) (actual time=2.096..2.125 rows=100 loops=1)
               Sort Key: s_4.a, s_4.b, s_4.c, s_4.d, s_4.e
               Presorted Key: s_4.a, s_4.b, s_4.c, s_4.d
               Sort Method: quicksort  Memory: 27kB
               Sort Groups: 4
               ->  Sort  (cost=828.39..853.39 rows=10000 width=20) (actual time=2.044..2.049 rows=131 loops=1)
                     Sort Key: s_4.a, s_4.b, s_4.c, s_4.d
                     Sort Method: quicksort  Memory: 1166kB
                     ->  Seq Scan on s_4  (cost=0.00..164.00 rows=10000 width=20) (actual time=0.004..0.581 rows=10000 loops=1)
 Planning time: 0.237 ms
 Execution time: 2.197 ms
(13 rows)

===== 101 [Wed Mar  7 01:58:12 CET 2018] scale:10000 groups:10 work_mem:128MB incremental:off max_workers:2 =====
SELECT * FROM (SELECT * FROM s_1 ORDER BY a) foo ORDER BY a, b LIMIT 100
                                                           QUERY PLAN                                                           
--------------------------------------------------------------------------------------------------------------------------------
 Limit  (cost=1336.83..1336.83 rows=1 width=20) (actual time=2.806..2.806 rows=0 loops=1)
   ->  Limit  (cost=1335.58..1335.83 rows=100 width=20) (actual time=2.793..2.802 rows=100 loops=1)
         ->  Sort  (cost=1335.58..1360.58 rows=10000 width=20) (actual time=2.793..2.797 rows=100 loops=1)
               Sort Key: s_1.a, s_1.b
               Sort Method: top-N heapsort  Memory: 37kB
               ->  Sort  (cost=828.39..853.39 rows=10000 width=20) (actual time=1.714..2.052 rows=10000 loops=1)
                     Sort Key: s_1.a
                     Sort Method: quicksort  Memory: 1166kB
                     ->  Seq Scan on s_1  (cost=0.00..164.00 rows=10000 width=20) (actual time=0.004..0.583 rows=10000 loops=1)
 Planning time: 0.205 ms
 Execution time: 2.868 ms
(11 rows)

===== 102 [Wed Mar  7 01:58:12 CET 2018] scale:10000 groups:10 work_mem:128MB incremental:off max_workers:2 =====
SELECT * FROM (SELECT * FROM s_2 ORDER BY a, b) foo ORDER BY a, b, c LIMIT 100
                                                           QUERY PLAN                                                           
--------------------------------------------------------------------------------------------------------------------------------
 Limit  (cost=1336.83..1336.83 rows=1 width=20) (actual time=2.908..2.908 rows=0 loops=1)
   ->  Limit  (cost=1335.58..1335.83 rows=100 width=20) (actual time=2.895..2.905 rows=100 loops=1)
         ->  Sort  (cost=1335.58..1360.58 rows=10000 width=20) (actual time=2.895..2.899 rows=100 loops=1)
               Sort Key: s_2.a, s_2.b, s_2.c
               Sort Method: top-N heapsort  Memory: 34kB
               ->  Sort  (cost=828.39..853.39 rows=10000 width=20) (actual time=1.831..2.166 rows=10000 loops=1)
                     Sort Key: s_2.a, s_2.b
                     Sort Method: quicksort  Memory: 1166kB
                     ->  Seq Scan on s_2  (cost=0.00..164.00 rows=10000 width=20) (actual time=0.008..0.581 rows=10000 loops=1)
 Planning time: 0.207 ms
 Execution time: 2.971 ms
(11 rows)

===== 103 [Wed Mar  7 01:58:13 CET 2018] scale:10000 groups:10 work_mem:128MB incremental:off max_workers:2 =====
SELECT * FROM (SELECT * FROM s_3 ORDER BY a, b, c) foo ORDER BY a, b, c, d LIMIT 100
                                                           QUERY PLAN                                                           
--------------------------------------------------------------------------------------------------------------------------------
 Limit  (cost=1336.83..1336.83 rows=1 width=20) (actual time=3.084..3.084 rows=0 loops=1)
   ->  Limit  (cost=1335.58..1335.83 rows=100 width=20) (actual time=3.071..3.080 rows=100 loops=1)
         ->  Sort  (cost=1335.58..1360.58 rows=10000 width=20) (actual time=3.071..3.075 rows=100 loops=1)
               Sort Key: s_3.a, s_3.b, s_3.c, s_3.d
               Sort Method: top-N heapsort  Memory: 32kB
               ->  Sort  (cost=828.39..853.39 rows=10000 width=20) (actual time=1.944..2.283 rows=10000 loops=1)
                     Sort Key: s_3.a, s_3.b, s_3.c
                     Sort Method: quicksort  Memory: 1166kB
                     ->  Seq Scan on s_3  (cost=0.00..164.00 rows=10000 width=20) (actual time=0.008..0.568 rows=10000 loops=1)
 Planning time: 0.219 ms
 Execution time: 3.151 ms
(11 rows)

===== 104 [Wed Mar  7 01:58:13 CET 2018] scale:10000 groups:10 work_mem:128MB incremental:off max_workers:2 =====
SELECT * FROM (SELECT * FROM s_4 ORDER BY a, b, c, d) foo ORDER BY a, b, c, d, e LIMIT 100
                                                           QUERY PLAN                                                           
--------------------------------------------------------------------------------------------------------------------------------
 Limit  (cost=1336.83..1336.83 rows=1 width=20) (actual time=3.185..3.185 rows=0 loops=1)
   ->  Limit  (cost=1335.58..1335.83 rows=100 width=20) (actual time=3.172..3.182 rows=100 loops=1)
         ->  Sort  (cost=1335.58..1360.58 rows=10000 width=20) (actual time=3.172..3.176 rows=100 loops=1)
               Sort Key: s_4.a, s_4.b, s_4.c, s_4.d, s_4.e
               Sort Method: top-N heapsort  Memory: 32kB
               ->  Sort  (cost=828.39..853.39 rows=10000 width=20) (actual time=2.042..2.381 rows=10000 loops=1)
                     Sort Key: s_4.a, s_4.b, s_4.c, s_4.d
                     Sort Method: quicksort  Memory: 1166kB
                     ->  Seq Scan on s_4  (cost=0.00..164.00 rows=10000 width=20) (actual time=0.004..0.574 rows=10000 loops=1)
 Planning time: 0.218 ms
 Execution time: 3.246 ms
(11 rows)

===== 105 [Wed Mar  7 01:58:13 CET 2018] scale:10000 groups:10 work_mem:256MB incremental:on max_workers:2 =====
SELECT * FROM (SELECT * FROM s_1 ORDER BY a) foo ORDER BY a, b LIMIT 100
                                                           QUERY PLAN                                                           
--------------------------------------------------------------------------------------------------------------------------------
 Limit  (cost=877.25..877.25 rows=1 width=20) (actual time=1.867..1.867 rows=0 loops=1)
   ->  Limit  (cost=874.49..876.25 rows=100 width=20) (actual time=1.854..1.864 rows=100 loops=1)
         ->  Incremental Sort  (cost=874.49..1049.71 rows=10000 width=20) (actual time=1.854..1.858 rows=100 loops=1)
               Sort Key: s_1.a, s_1.b
               Presorted Key: s_1.a
               Sort Method: quicksort  Memory: 62kB
               Sort Groups: 1
               ->  Sort  (cost=828.39..853.39 rows=10000 width=20) (actual time=1.712..1.728 rows=481 loops=1)
                     Sort Key: s_1.a
                     Sort Method: quicksort  Memory: 1166kB
                     ->  Seq Scan on s_1  (cost=0.00..164.00 rows=10000 width=20) (actual time=0.004..0.577 rows=10000 loops=1)
 Planning time: 0.211 ms
 Execution time: 1.929 ms
(13 rows)

===== 106 [Wed Mar  7 01:58:13 CET 2018] scale:10000 groups:10 work_mem:256MB incremental:on max_workers:2 =====
SELECT * FROM (SELECT * FROM s_2 ORDER BY a, b) foo ORDER BY a, b, c LIMIT 100
                                                           QUERY PLAN                                                           
--------------------------------------------------------------------------------------------------------------------------------
 Limit  (cost=834.83..834.83 rows=1 width=20) (actual time=1.932..1.932 rows=0 loops=1)
   ->  Limit  (cost=832.05..833.83 rows=100 width=20) (actual time=1.896..1.928 rows=100 loops=1)
         ->  Incremental Sort  (cost=832.05..1010.24 rows=10000 width=20) (actual time=1.896..1.922 rows=100 loops=1)
               Sort Key: s_2.a, s_2.b, s_2.c
               Presorted Key: s_2.a, s_2.b
               Sort Method: quicksort  Memory: 28kB
               Sort Groups: 3
               ->  Sort  (cost=828.39..853.39 rows=10000 width=20) (actual time=1.846..1.851 rows=133 loops=1)
                     Sort Key: s_2.a, s_2.b
                     Sort Method: quicksort  Memory: 1166kB
                     ->  Seq Scan on s_2  (cost=0.00..164.00 rows=10000 width=20) (actual time=0.008..0.595 rows=10000 loops=1)
 Planning time: 0.215 ms
 Execution time: 1.994 ms
(13 rows)

===== 107 [Wed Mar  7 01:58:13 CET 2018] scale:10000 groups:10 work_mem:256MB incremental:on max_workers:2 =====
SELECT * FROM (SELECT * FROM s_3 ORDER BY a, b, c) foo ORDER BY a, b, c, d LIMIT 100
                                                           QUERY PLAN                                                           
--------------------------------------------------------------------------------------------------------------------------------
 Limit  (cost=831.65..831.65 rows=1 width=20) (actual time=2.035..2.035 rows=0 loops=1)
   ->  Limit  (cost=828.68..830.65 rows=100 width=20) (actual time=2.001..2.031 rows=100 loops=1)
         ->  Incremental Sort  (cost=828.68..1026.30 rows=10000 width=20) (actual time=2.001..2.025 rows=100 loops=1)
               Sort Key: s_3.a, s_3.b, s_3.c, s_3.d
               Presorted Key: s_3.a, s_3.b, s_3.c
               Sort Method: quicksort  Memory: 27kB
               Sort Groups: 3
               ->  Sort  (cost=828.39..853.39 rows=10000 width=20) (actual time=1.956..1.960 rows=105 loops=1)
                     Sort Key: s_3.a, s_3.b, s_3.c
                     Sort Method: quicksort  Memory: 1166kB
                     ->  Seq Scan on s_3  (cost=0.00..164.00 rows=10000 width=20) (actual time=0.008..0.576 rows=10000 loops=1)
 Planning time: 0.226 ms
 Execution time: 2.097 ms
(13 rows)

===== 108 [Wed Mar  7 01:58:13 CET 2018] scale:10000 groups:10 work_mem:256MB incremental:on max_workers:2 =====
SELECT * FROM (SELECT * FROM s_4 ORDER BY a, b, c, d) foo ORDER BY a, b, c, d, e LIMIT 100
                                                           QUERY PLAN                                                           
--------------------------------------------------------------------------------------------------------------------------------
 Limit  (cost=831.65..831.65 rows=1 width=20) (actual time=2.144..2.144 rows=0 loops=1)
   ->  Limit  (cost=828.68..830.65 rows=100 width=20) (actual time=2.105..2.140 rows=100 loops=1)
         ->  Incremental Sort  (cost=828.68..1026.30 rows=10000 width=20) (actual time=2.105..2.134 rows=100 loops=1)
               Sort Key: s_4.a, s_4.b, s_4.c, s_4.d, s_4.e
               Presorted Key: s_4.a, s_4.b, s_4.c, s_4.d
               Sort Method: quicksort  Memory: 27kB
               Sort Groups: 4
               ->  Sort  (cost=828.39..853.39 rows=10000 width=20) (actual time=2.052..2.057 rows=131 loops=1)
                     Sort Key: s_4.a, s_4.b, s_4.c, s_4.d
                     Sort Method: quicksort  Memory: 1166kB
                     ->  Seq Scan on s_4  (cost=0.00..164.00 rows=10000 width=20) (actual time=0.004..0.575 rows=10000 loops=1)
 Planning time: 0.228 ms
 Execution time: 2.206 ms
(13 rows)

===== 109 [Wed Mar  7 01:58:13 CET 2018] scale:10000 groups:10 work_mem:256MB incremental:off max_workers:2 =====
SELECT * FROM (SELECT * FROM s_1 ORDER BY a) foo ORDER BY a, b LIMIT 100
                                                           QUERY PLAN                                                           
--------------------------------------------------------------------------------------------------------------------------------
 Limit  (cost=1336.83..1336.83 rows=1 width=20) (actual time=2.808..2.808 rows=0 loops=1)
   ->  Limit  (cost=1335.58..1335.83 rows=100 width=20) (actual time=2.795..2.804 rows=100 loops=1)
         ->  Sort  (cost=1335.58..1360.58 rows=10000 width=20) (actual time=2.795..2.798 rows=100 loops=1)
               Sort Key: s_1.a, s_1.b
               Sort Method: top-N heapsort  Memory: 37kB
               ->  Sort  (cost=828.39..853.39 rows=10000 width=20) (actual time=1.717..2.056 rows=10000 loops=1)
                     Sort Key: s_1.a
                     Sort Method: quicksort  Memory: 1166kB
                     ->  Seq Scan on s_1  (cost=0.00..164.00 rows=10000 width=20) (actual time=0.004..0.576 rows=10000 loops=1)
 Planning time: 0.207 ms
 Execution time: 2.871 ms
(11 rows)

===== 110 [Wed Mar  7 01:58:13 CET 2018] scale:10000 groups:10 work_mem:256MB incremental:off max_workers:2 =====
SELECT * FROM (SELECT * FROM s_2 ORDER BY a, b) foo ORDER BY a, b, c LIMIT 100
                                                           QUERY PLAN                                                           
--------------------------------------------------------------------------------------------------------------------------------
 Limit  (cost=1336.83..1336.83 rows=1 width=20) (actual time=2.908..2.908 rows=0 loops=1)
   ->  Limit  (cost=1335.58..1335.83 rows=100 width=20) (actual time=2.895..2.904 rows=100 loops=1)
         ->  Sort  (cost=1335.58..1360.58 rows=10000 width=20) (actual time=2.894..2.898 rows=100 loops=1)
               Sort Key: s_2.a, s_2.b, s_2.c
               Sort Method: top-N heapsort  Memory: 34kB
               ->  Sort  (cost=828.39..853.39 rows=10000 width=20) (actual time=1.829..2.166 rows=10000 loops=1)
                     Sort Key: s_2.a, s_2.b
                     Sort Method: quicksort  Memory: 1166kB
                     ->  Seq Scan on s_2  (cost=0.00..164.00 rows=10000 width=20) (actual time=0.008..0.576 rows=10000 loops=1)
 Planning time: 0.205 ms
 Execution time: 2.969 ms
(11 rows)

===== 111 [Wed Mar  7 01:58:13 CET 2018] scale:10000 groups:10 work_mem:256MB incremental:off max_workers:2 =====
SELECT * FROM (SELECT * FROM s_3 ORDER BY a, b, c) foo ORDER BY a, b, c, d LIMIT 100
                                                           QUERY PLAN                                                           
--------------------------------------------------------------------------------------------------------------------------------
 Limit  (cost=1336.83..1336.83 rows=1 width=20) (actual time=3.083..3.083 rows=0 loops=1)
   ->  Limit  (cost=1335.58..1335.83 rows=100 width=20) (actual time=3.070..3.080 rows=100 loops=1)
         ->  Sort  (cost=1335.58..1360.58 rows=10000 width=20) (actual time=3.070..3.074 rows=100 loops=1)
               Sort Key: s_3.a, s_3.b, s_3.c, s_3.d
               Sort Method: top-N heapsort  Memory: 32kB
               ->  Sort  (cost=828.39..853.39 rows=10000 width=20) (actual time=1.955..2.295 rows=10000 loops=1)
                     Sort Key: s_3.a, s_3.b, s_3.c
                     Sort Method: quicksort  Memory: 1166kB
                     ->  Seq Scan on s_3  (cost=0.00..164.00 rows=10000 width=20) (actual time=0.008..0.568 rows=10000 loops=1)
 Planning time: 0.220 ms
 Execution time: 3.146 ms
(11 rows)

===== 112 [Wed Mar  7 01:58:13 CET 2018] scale:10000 groups:10 work_mem:256MB incremental:off max_workers:2 =====
SELECT * FROM (SELECT * FROM s_4 ORDER BY a, b, c, d) foo ORDER BY a, b, c, d, e LIMIT 100
                                                           QUERY PLAN                                                           
--------------------------------------------------------------------------------------------------------------------------------
 Limit  (cost=1336.83..1336.83 rows=1 width=20) (actual time=3.185..3.185 rows=0 loops=1)
   ->  Limit  (cost=1335.58..1335.83 rows=100 width=20) (actual time=3.172..3.182 rows=100 loops=1)
         ->  Sort  (cost=1335.58..1360.58 rows=10000 width=20) (actual time=3.172..3.176 rows=100 loops=1)
               Sort Key: s_4.a, s_4.b, s_4.c, s_4.d, s_4.e
               Sort Method: top-N heapsort  Memory: 32kB
               ->  Sort  (cost=828.39..853.39 rows=10000 width=20) (actual time=2.038..2.379 rows=10000 loops=1)
                     Sort Key: s_4.a, s_4.b, s_4.c, s_4.d
                     Sort Method: quicksort  Memory: 1166kB
                     ->  Seq Scan on s_4  (cost=0.00..164.00 rows=10000 width=20) (actual time=0.004..0.577 rows=10000 loops=1)
 Planning time: 0.222 ms
 Execution time: 3.255 ms
(11 rows)

===== 113 [Wed Mar  7 01:58:14 CET 2018] scale:10000 groups:100 work_mem:4MB incremental:on max_workers:0 =====
SELECT * FROM (SELECT * FROM s_1 ORDER BY a) foo ORDER BY a, b LIMIT 100
                                                           QUERY PLAN                                                           
--------------------------------------------------------------------------------------------------------------------------------
 Limit  (cost=835.68..835.68 rows=1 width=20) (actual time=1.810..1.810 rows=0 loops=1)
   ->  Limit  (cost=832.91..834.68 rows=100 width=20) (actual time=1.771..1.806 rows=100 loops=1)
         ->  Incremental Sort  (cost=832.91..1009.97 rows=10000 width=20) (actual time=1.771..1.800 rows=100 loops=1)
               Sort Key: s_1.a, s_1.b
               Presorted Key: s_1.a
               Sort Method: quicksort  Memory: 32kB
               Sort Groups: 2
               ->  Sort  (cost=828.39..853.39 rows=10000 width=20) (actual time=1.722..1.728 rows=150 loops=1)
                     Sort Key: s_1.a
                     Sort Method: quicksort  Memory: 1166kB
                     ->  Seq Scan on s_1  (cost=0.00..164.00 rows=10000 width=20) (actual time=0.007..0.574 rows=10000 loops=1)
 Planning time: 0.215 ms
 Execution time: 1.871 ms
(13 rows)

===== 114 [Wed Mar  7 01:58:14 CET 2018] scale:10000 groups:100 work_mem:4MB incremental:on max_workers:0 =====
SELECT * FROM (SELECT * FROM s_2 ORDER BY a, b) foo ORDER BY a, b, c LIMIT 100
                                                           QUERY PLAN                                                           
--------------------------------------------------------------------------------------------------------------------------------
 Limit  (cost=831.65..831.65 rows=1 width=20) (actual time=1.945..1.945 rows=0 loops=1)
   ->  Limit  (cost=828.68..830.65 rows=100 width=20) (actual time=1.909..1.942 rows=100 loops=1)
         ->  Incremental Sort  (cost=828.68..1026.30 rows=10000 width=20) (actual time=1.908..1.936 rows=100 loops=1)
               Sort Key: s_2.a, s_2.b, s_2.c
               Presorted Key: s_2.a, s_2.b
               Sort Method: quicksort  Memory: 27kB
               Sort Groups: 4
               ->  Sort  (cost=828.39..853.39 rows=10000 width=20) (actual time=1.868..1.873 rows=131 loops=1)
                     Sort Key: s_2.a, s_2.b
                     Sort Method: quicksort  Memory: 1166kB
                     ->  Seq Scan on s_2  (cost=0.00..164.00 rows=10000 width=20) (actual time=0.007..0.578 rows=10000 loops=1)
 Planning time: 0.212 ms
 Execution time: 2.009 ms
(13 rows)

===== 115 [Wed Mar  7 01:58:14 CET 2018] scale:10000 groups:100 work_mem:4MB incremental:on max_workers:0 =====
SELECT * FROM (SELECT * FROM s_3 ORDER BY a, b, c) foo ORDER BY a, b, c, d LIMIT 100
                                                           QUERY PLAN                                                           
--------------------------------------------------------------------------------------------------------------------------------
 Limit  (cost=831.65..831.65 rows=1 width=20) (actual time=2.010..2.010 rows=0 loops=1)
   ->  Limit  (cost=828.68..830.65 rows=100 width=20) (actual time=1.982..2.006 rows=100 loops=1)
         ->  Incremental Sort  (cost=828.68..1026.30 rows=10000 width=20) (actual time=1.982..2.000 rows=100 loops=1)
               Sort Key: s_3.a, s_3.b, s_3.c, s_3.d
               Presorted Key: s_3.a, s_3.b, s_3.c
               Sort Method: quicksort  Memory: 27kB
               Sort Groups: 4
               ->  Sort  (cost=828.39..853.39 rows=10000 width=20) (actual time=1.942..1.947 rows=129 loops=1)
                     Sort Key: s_3.a, s_3.b, s_3.c
                     Sort Method: quicksort  Memory: 1166kB
                     ->  Seq Scan on s_3  (cost=0.00..164.00 rows=10000 width=20) (actual time=0.007..0.578 rows=10000 loops=1)
 Planning time: 0.212 ms
 Execution time: 2.072 ms
(13 rows)

===== 116 [Wed Mar  7 01:58:14 CET 2018] scale:10000 groups:100 work_mem:4MB incremental:on max_workers:0 =====
SELECT * FROM (SELECT * FROM s_4 ORDER BY a, b, c, d) foo ORDER BY a, b, c, d, e LIMIT 100
                                                           QUERY PLAN                                                           
--------------------------------------------------------------------------------------------------------------------------------
 Limit  (cost=831.65..831.65 rows=1 width=20) (actual time=1.996..1.996 rows=0 loops=1)
   ->  Limit  (cost=828.68..830.65 rows=100 width=20) (actual time=1.969..1.992 rows=100 loops=1)
         ->  Incremental Sort  (cost=828.68..1026.30 rows=10000 width=20) (actual time=1.968..1.986 rows=100 loops=1)
               Sort Key: s_4.a, s_4.b, s_4.c, s_4.d, s_4.e
               Presorted Key: s_4.a, s_4.b, s_4.c, s_4.d
               Sort Method: quicksort  Memory: 27kB
               Sort Groups: 4
               ->  Sort  (cost=828.39..853.39 rows=10000 width=20) (actual time=1.924..1.929 rows=129 loops=1)
                     Sort Key: s_4.a, s_4.b, s_4.c, s_4.d
                     Sort Method: quicksort  Memory: 1166kB
                     ->  Seq Scan on s_4  (cost=0.00..164.00 rows=10000 width=20) (actual time=0.004..0.575 rows=10000 loops=1)
 Planning time: 0.228 ms
 Execution time: 2.057 ms
(13 rows)

===== 117 [Wed Mar  7 01:58:14 CET 2018] scale:10000 groups:100 work_mem:4MB incremental:off max_workers:0 =====
SELECT * FROM (SELECT * FROM s_1 ORDER BY a) foo ORDER BY a, b LIMIT 100
                                                           QUERY PLAN                                                           
--------------------------------------------------------------------------------------------------------------------------------
 Limit  (cost=1336.83..1336.83 rows=1 width=20) (actual time=2.770..2.770 rows=0 loops=1)
   ->  Limit  (cost=1335.58..1335.83 rows=100 width=20) (actual time=2.758..2.767 rows=100 loops=1)
         ->  Sort  (cost=1335.58..1360.58 rows=10000 width=20) (actual time=2.757..2.761 rows=100 loops=1)
               Sort Key: s_1.a, s_1.b
               Sort Method: top-N heapsort  Memory: 35kB
               ->  Sort  (cost=828.39..853.39 rows=10000 width=20) (actual time=1.700..2.035 rows=10000 loops=1)
                     Sort Key: s_1.a
                     Sort Method: quicksort  Memory: 1166kB
                     ->  Seq Scan on s_1  (cost=0.00..164.00 rows=10000 width=20) (actual time=0.007..0.576 rows=10000 loops=1)
 Planning time: 0.208 ms
 Execution time: 2.834 ms
(11 rows)

===== 118 [Wed Mar  7 01:58:15 CET 2018] scale:10000 groups:100 work_mem:4MB incremental:off max_workers:0 =====
SELECT * FROM (SELECT * FROM s_2 ORDER BY a, b) foo ORDER BY a, b, c LIMIT 100
                                                           QUERY PLAN                                                           
--------------------------------------------------------------------------------------------------------------------------------
 Limit  (cost=1336.83..1336.83 rows=1 width=20) (actual time=2.939..2.939 rows=0 loops=1)
   ->  Limit  (cost=1335.58..1335.83 rows=100 width=20) (actual time=2.926..2.935 rows=100 loops=1)
         ->  Sort  (cost=1335.58..1360.58 rows=10000 width=20) (actual time=2.925..2.929 rows=100 loops=1)
               Sort Key: s_2.a, s_2.b, s_2.c
               Sort Method: top-N heapsort  Memory: 32kB
               ->  Sort  (cost=828.39..853.39 rows=10000 width=20) (actual time=1.869..2.213 rows=10000 loops=1)
                     Sort Key: s_2.a, s_2.b
                     Sort Method: quicksort  Memory: 1166kB
                     ->  Seq Scan on s_2  (cost=0.00..164.00 rows=10000 width=20) (actual time=0.008..0.580 rows=10000 loops=1)
 Planning time: 0.219 ms
 Execution time: 3.004 ms
(11 rows)

===== 119 [Wed Mar  7 01:58:15 CET 2018] scale:10000 groups:100 work_mem:4MB incremental:off max_workers:0 =====
SELECT * FROM (SELECT * FROM s_3 ORDER BY a, b, c) foo ORDER BY a, b, c, d LIMIT 100
                                                           QUERY PLAN                                                           
--------------------------------------------------------------------------------------------------------------------------------
 Limit  (cost=1336.83..1336.83 rows=1 width=20) (actual time=3.055..3.055 rows=0 loops=1)
   ->  Limit  (cost=1335.58..1335.83 rows=100 width=20) (actual time=3.042..3.052 rows=100 loops=1)
         ->  Sort  (cost=1335.58..1360.58 rows=10000 width=20) (actual time=3.042..3.046 rows=100 loops=1)
               Sort Key: s_3.a, s_3.b, s_3.c, s_3.d
               Sort Method: top-N heapsort  Memory: 32kB
               ->  Sort  (cost=828.39..853.39 rows=10000 width=20) (actual time=1.934..2.274 rows=10000 loops=1)
                     Sort Key: s_3.a, s_3.b, s_3.c
                     Sort Method: quicksort  Memory: 1166kB
                     ->  Seq Scan on s_3  (cost=0.00..164.00 rows=10000 width=20) (actual time=0.008..0.582 rows=10000 loops=1)
 Planning time: 0.209 ms
 Execution time: 3.116 ms
(11 rows)

===== 120 [Wed Mar  7 01:58:15 CET 2018] scale:10000 groups:100 work_mem:4MB incremental:off max_workers:0 =====
SELECT * FROM (SELECT * FROM s_4 ORDER BY a, b, c, d) foo ORDER BY a, b, c, d, e LIMIT 100
                                                           QUERY PLAN                                                           
--------------------------------------------------------------------------------------------------------------------------------
 Limit  (cost=1336.83..1336.83 rows=1 width=20) (actual time=3.050..3.050 rows=0 loops=1)
   ->  Limit  (cost=1335.58..1335.83 rows=100 width=20) (actual time=3.036..3.046 rows=100 loops=1)
         ->  Sort  (cost=1335.58..1360.58 rows=10000 width=20) (actual time=3.036..3.040 rows=100 loops=1)
               Sort Key: s_4.a, s_4.b, s_4.c, s_4.d, s_4.e
               Sort Method: top-N heapsort  Memory: 32kB
               ->  Sort  (cost=828.39..853.39 rows=10000 width=20) (actual time=1.931..2.275 rows=10000 loops=1)
                     Sort Key: s_4.a, s_4.b, s_4.c, s_4.d
                     Sort Method: quicksort  Memory: 1166kB
                     ->  Seq Scan on s_4  (cost=0.00..164.00 rows=10000 width=20) (actual time=0.004..0.569 rows=10000 loops=1)
 Planning time: 0.222 ms
 Execution time: 3.115 ms
(11 rows)

===== 121 [Wed Mar  7 01:58:15 CET 2018] scale:10000 groups:100 work_mem:8MB incremental:on max_workers:0 =====
SELECT * FROM (SELECT * FROM s_1 ORDER BY a) foo ORDER BY a, b LIMIT 100
                                                           QUERY PLAN                                                           
--------------------------------------------------------------------------------------------------------------------------------
 Limit  (cost=835.68..835.68 rows=1 width=20) (actual time=1.805..1.805 rows=0 loops=1)
   ->  Limit  (cost=832.91..834.68 rows=100 width=20) (actual time=1.766..1.801 rows=100 loops=1)
         ->  Incremental Sort  (cost=832.91..1009.97 rows=10000 width=20) (actual time=1.766..1.795 rows=100 loops=1)
               Sort Key: s_1.a, s_1.b
               Presorted Key: s_1.a
               Sort Method: quicksort  Memory: 32kB
               Sort Groups: 2
               ->  Sort  (cost=828.39..853.39 rows=10000 width=20) (actual time=1.718..1.723 rows=150 loops=1)
                     Sort Key: s_1.a
                     Sort Method: quicksort  Memory: 1166kB
                     ->  Seq Scan on s_1  (cost=0.00..164.00 rows=10000 width=20) (actual time=0.007..0.577 rows=10000 loops=1)
 Planning time: 0.212 ms
 Execution time: 1.866 ms
(13 rows)

===== 122 [Wed Mar  7 01:58:15 CET 2018] scale:10000 groups:100 work_mem:8MB incremental:on max_workers:0 =====
SELECT * FROM (SELECT * FROM s_2 ORDER BY a, b) foo ORDER BY a, b, c LIMIT 100
                                                           QUERY PLAN                                                           
--------------------------------------------------------------------------------------------------------------------------------
 Limit  (cost=831.65..831.65 rows=1 width=20) (actual time=1.944..1.944 rows=0 loops=1)
   ->  Limit  (cost=828.68..830.65 rows=100 width=20) (actual time=1.907..1.940 rows=100 loops=1)
         ->  Incremental Sort  (cost=828.68..1026.30 rows=10000 width=20) (actual time=1.907..1.934 rows=100 loops=1)
               Sort Key: s_2.a, s_2.b, s_2.c
               Presorted Key: s_2.a, s_2.b
               Sort Method: quicksort  Memory: 27kB
               Sort Groups: 4
               ->  Sort  (cost=828.39..853.39 rows=10000 width=20) (actual time=1.866..1.871 rows=131 loops=1)
                     Sort Key: s_2.a, s_2.b
                     Sort Method: quicksort  Memory: 1166kB
                     ->  Seq Scan on s_2  (cost=0.00..164.00 rows=10000 width=20) (actual time=0.007..0.579 rows=10000 loops=1)
 Planning time: 0.211 ms
 Execution time: 2.006 ms
(13 rows)

===== 123 [Wed Mar  7 01:58:15 CET 2018] scale:10000 groups:100 work_mem:8MB incremental:on max_workers:0 =====
SELECT * FROM (SELECT * FROM s_3 ORDER BY a, b, c) foo ORDER BY a, b, c, d LIMIT 100
                                                           QUERY PLAN                                                           
--------------------------------------------------------------------------------------------------------------------------------
 Limit  (cost=831.65..831.65 rows=1 width=20) (actual time=2.005..2.005 rows=0 loops=1)
   ->  Limit  (cost=828.68..830.65 rows=100 width=20) (actual time=1.977..2.001 rows=100 loops=1)
         ->  Incremental Sort  (cost=828.68..1026.30 rows=10000 width=20) (actual time=1.977..1.995 rows=100 loops=1)
               Sort Key: s_3.a, s_3.b, s_3.c, s_3.d
               Presorted Key: s_3.a, s_3.b, s_3.c
               Sort Method: quicksort  Memory: 27kB
               Sort Groups: 4
               ->  Sort  (cost=828.39..853.39 rows=10000 width=20) (actual time=1.936..1.941 rows=129 loops=1)
                     Sort Key: s_3.a, s_3.b, s_3.c
                     Sort Method: quicksort  Memory: 1166kB
                     ->  Seq Scan on s_3  (cost=0.00..164.00 rows=10000 width=20) (actual time=0.008..0.574 rows=10000 loops=1)
 Planning time: 0.213 ms
 Execution time: 2.068 ms
(13 rows)

===== 124 [Wed Mar  7 01:58:15 CET 2018] scale:10000 groups:100 work_mem:8MB incremental:on max_workers:0 =====
SELECT * FROM (SELECT * FROM s_4 ORDER BY a, b, c, d) foo ORDER BY a, b, c, d, e LIMIT 100
                                                           QUERY PLAN                                                           
--------------------------------------------------------------------------------------------------------------------------------
 Limit  (cost=831.65..831.65 rows=1 width=20) (actual time=1.997..1.997 rows=0 loops=1)
   ->  Limit  (cost=828.68..830.65 rows=100 width=20) (actual time=1.970..1.993 rows=100 loops=1)
         ->  Incremental Sort  (cost=828.68..1026.30 rows=10000 width=20) (actual time=1.969..1.987 rows=100 loops=1)
               Sort Key: s_4.a, s_4.b, s_4.c, s_4.d, s_4.e
               Presorted Key: s_4.a, s_4.b, s_4.c, s_4.d
               Sort Method: quicksort  Memory: 27kB
               Sort Groups: 4
               ->  Sort  (cost=828.39..853.39 rows=10000 width=20) (actual time=1.926..1.931 rows=129 loops=1)
                     Sort Key: s_4.a, s_4.b, s_4.c, s_4.d
                     Sort Method: quicksort  Memory: 1166kB
                     ->  Seq Scan on s_4  (cost=0.00..164.00 rows=10000 width=20) (actual time=0.004..0.570 rows=10000 loops=1)
 Planning time: 0.225 ms
 Execution time: 2.057 ms
(13 rows)

===== 125 [Wed Mar  7 01:58:15 CET 2018] scale:10000 groups:100 work_mem:8MB incremental:off max_workers:0 =====
SELECT * FROM (SELECT * FROM s_1 ORDER BY a) foo ORDER BY a, b LIMIT 100
                                                           QUERY PLAN                                                           
--------------------------------------------------------------------------------------------------------------------------------
 Limit  (cost=1336.83..1336.83 rows=1 width=20) (actual time=2.777..2.777 rows=0 loops=1)
   ->  Limit  (cost=1335.58..1335.83 rows=100 width=20) (actual time=2.764..2.774 rows=100 loops=1)
         ->  Sort  (cost=1335.58..1360.58 rows=10000 width=20) (actual time=2.764..2.768 rows=100 loops=1)
               Sort Key: s_1.a, s_1.b
               Sort Method: top-N heapsort  Memory: 35kB
               ->  Sort  (cost=828.39..853.39 rows=10000 width=20) (actual time=1.714..2.051 rows=10000 loops=1)
                     Sort Key: s_1.a
                     Sort Method: quicksort  Memory: 1166kB
                     ->  Seq Scan on s_1  (cost=0.00..164.00 rows=10000 width=20) (actual time=0.007..0.581 rows=10000 loops=1)
 Planning time: 0.207 ms
 Execution time: 2.839 ms
(11 rows)

===== 126 [Wed Mar  7 01:58:15 CET 2018] scale:10000 groups:100 work_mem:8MB incremental:off max_workers:0 =====
SELECT * FROM (SELECT * FROM s_2 ORDER BY a, b) foo ORDER BY a, b, c LIMIT 100
                                                           QUERY PLAN                                                           
--------------------------------------------------------------------------------------------------------------------------------
 Limit  (cost=1336.83..1336.83 rows=1 width=20) (actual time=2.934..2.934 rows=0 loops=1)
   ->  Limit  (cost=1335.58..1335.83 rows=100 width=20) (actual time=2.921..2.930 rows=100 loops=1)
         ->  Sort  (cost=1335.58..1360.58 rows=10000 width=20) (actual time=2.921..2.925 rows=100 loops=1)
               Sort Key: s_2.a, s_2.b, s_2.c
               Sort Method: top-N heapsort  Memory: 32kB
               ->  Sort  (cost=828.39..853.39 rows=10000 width=20) (actual time=1.870..2.205 rows=10000 loops=1)
                     Sort Key: s_2.a, s_2.b
                     Sort Method: quicksort  Memory: 1166kB
                     ->  Seq Scan on s_2  (cost=0.00..164.00 rows=10000 width=20) (actual time=0.007..0.575 rows=10000 loops=1)
 Planning time: 0.210 ms
 Execution time: 2.997 ms
(11 rows)

===== 127 [Wed Mar  7 01:58:15 CET 2018] scale:10000 groups:100 work_mem:8MB incremental:off max_workers:0 =====
SELECT * FROM (SELECT * FROM s_3 ORDER BY a, b, c) foo ORDER BY a, b, c, d LIMIT 100
                                                           QUERY PLAN                                                           
--------------------------------------------------------------------------------------------------------------------------------
 Limit  (cost=1336.83..1336.83 rows=1 width=20) (actual time=3.046..3.046 rows=0 loops=1)
   ->  Limit  (cost=1335.58..1335.83 rows=100 width=20) (actual time=3.031..3.040 rows=100 loops=1)
         ->  Sort  (cost=1335.58..1360.58 rows=10000 width=20) (actual time=3.030..3.034 rows=100 loops=1)
               Sort Key: s_3.a, s_3.b, s_3.c, s_3.d
               Sort Method: top-N heapsort  Memory: 32kB
               ->  Sort  (cost=828.39..853.39 rows=10000 width=20) (actual time=1.931..2.271 rows=10000 loops=1)
                     Sort Key: s_3.a, s_3.b, s_3.c
                     Sort Method: quicksort  Memory: 1166kB
                     ->  Seq Scan on s_3  (cost=0.00..164.00 rows=10000 width=20) (actual time=0.008..0.577 rows=10000 loops=1)
 Planning time: 0.210 ms
 Execution time: 3.109 ms
(11 rows)

===== 128 [Wed Mar  7 01:58:15 CET 2018] scale:10000 groups:100 work_mem:8MB incremental:off max_workers:0 =====
SELECT * FROM (SELECT * FROM s_4 ORDER BY a, b, c, d) foo ORDER BY a, b, c, d, e LIMIT 100
                                                           QUERY PLAN                                                           
--------------------------------------------------------------------------------------------------------------------------------
 Limit  (cost=1336.83..1336.83 rows=1 width=20) (actual time=3.046..3.046 rows=0 loops=1)
   ->  Limit  (cost=1335.58..1335.83 rows=100 width=20) (actual time=3.033..3.042 rows=100 loops=1)
         ->  Sort  (cost=1335.58..1360.58 rows=10000 width=20) (actual time=3.033..3.036 rows=100 loops=1)
               Sort Key: s_4.a, s_4.b, s_4.c, s_4.d, s_4.e
               Sort Method: top-N heapsort  Memory: 32kB
               ->  Sort  (cost=828.39..853.39 rows=10000 width=20) (actual time=1.922..2.265 rows=10000 loops=1)
                     Sort Key: s_4.a, s_4.b, s_4.c, s_4.d
                     Sort Method: quicksort  Memory: 1166kB
                     ->  Seq Scan on s_4  (cost=0.00..164.00 rows=10000 width=20) (actual time=0.004..0.576 rows=10000 loops=1)
 Planning time: 0.221 ms
 Execution time: 3.110 ms
(11 rows)

===== 129 [Wed Mar  7 01:58:15 CET 2018] scale:10000 groups:100 work_mem:16MB incremental:on max_workers:0 =====
SELECT * FROM (SELECT * FROM s_1 ORDER BY a) foo ORDER BY a, b LIMIT 100
                                                           QUERY PLAN                                                           
--------------------------------------------------------------------------------------------------------------------------------
 Limit  (cost=835.68..835.68 rows=1 width=20) (actual time=1.802..1.802 rows=0 loops=1)
   ->  Limit  (cost=832.91..834.68 rows=100 width=20) (actual time=1.763..1.798 rows=100 loops=1)
         ->  Incremental Sort  (cost=832.91..1009.97 rows=10000 width=20) (actual time=1.763..1.792 rows=100 loops=1)
               Sort Key: s_1.a, s_1.b
               Presorted Key: s_1.a
               Sort Method: quicksort  Memory: 32kB
               Sort Groups: 2
               ->  Sort  (cost=828.39..853.39 rows=10000 width=20) (actual time=1.713..1.718 rows=150 loops=1)
                     Sort Key: s_1.a
                     Sort Method: quicksort  Memory: 1166kB
                     ->  Seq Scan on s_1  (cost=0.00..164.00 rows=10000 width=20) (actual time=0.007..0.577 rows=10000 loops=1)
 Planning time: 0.207 ms
 Execution time: 1.865 ms
(13 rows)

===== 130 [Wed Mar  7 01:58:15 CET 2018] scale:10000 groups:100 work_mem:16MB incremental:on max_workers:0 =====
SELECT * FROM (SELECT * FROM s_2 ORDER BY a, b) foo ORDER BY a, b, c LIMIT 100
                                                           QUERY PLAN                                                           
--------------------------------------------------------------------------------------------------------------------------------
 Limit  (cost=831.65..831.65 rows=1 width=20) (actual time=1.943..1.943 rows=0 loops=1)
   ->  Limit  (cost=828.68..830.65 rows=100 width=20) (actual time=1.906..1.939 rows=100 loops=1)
         ->  Incremental Sort  (cost=828.68..1026.30 rows=10000 width=20) (actual time=1.906..1.933 rows=100 loops=1)
               Sort Key: s_2.a, s_2.b, s_2.c
               Presorted Key: s_2.a, s_2.b
               Sort Method: quicksort  Memory: 27kB
               Sort Groups: 4
               ->  Sort  (cost=828.39..853.39 rows=10000 width=20) (actual time=1.861..1.866 rows=131 loops=1)
                     Sort Key: s_2.a, s_2.b
                     Sort Method: quicksort  Memory: 1166kB
                     ->  Seq Scan on s_2  (cost=0.00..164.00 rows=10000 width=20) (actual time=0.008..0.582 rows=10000 loops=1)
 Planning time: 0.216 ms
 Execution time: 2.005 ms
(13 rows)

===== 131 [Wed Mar  7 01:58:16 CET 2018] scale:10000 groups:100 work_mem:16MB incremental:on max_workers:0 =====
SELECT * FROM (SELECT * FROM s_3 ORDER BY a, b, c) foo ORDER BY a, b, c, d LIMIT 100
                                                           QUERY PLAN                                                           
--------------------------------------------------------------------------------------------------------------------------------
 Limit  (cost=831.65..831.65 rows=1 width=20) (actual time=2.005..2.005 rows=0 loops=1)
   ->  Limit  (cost=828.68..830.65 rows=100 width=20) (actual time=1.977..2.001 rows=100 loops=1)
         ->  Incremental Sort  (cost=828.68..1026.30 rows=10000 width=20) (actual time=1.977..1.995 rows=100 loops=1)
               Sort Key: s_3.a, s_3.b, s_3.c, s_3.d
               Presorted Key: s_3.a, s_3.b, s_3.c
               Sort Method: quicksort  Memory: 27kB
               Sort Groups: 4
               ->  Sort  (cost=828.39..853.39 rows=10000 width=20) (actual time=1.937..1.942 rows=129 loops=1)
                     Sort Key: s_3.a, s_3.b, s_3.c
                     Sort Method: quicksort  Memory: 1166kB
                     ->  Seq Scan on s_3  (cost=0.00..164.00 rows=10000 width=20) (actual time=0.007..0.574 rows=10000 loops=1)
 Planning time: 0.215 ms
 Execution time: 2.068 ms
(13 rows)

===== 132 [Wed Mar  7 01:58:16 CET 2018] scale:10000 groups:100 work_mem:16MB incremental:on max_workers:0 =====
SELECT * FROM (SELECT * FROM s_4 ORDER BY a, b, c, d) foo ORDER BY a, b, c, d, e LIMIT 100
                                                           QUERY PLAN                                                           
--------------------------------------------------------------------------------------------------------------------------------
 Limit  (cost=831.65..831.65 rows=1 width=20) (actual time=2.003..2.003 rows=0 loops=1)
   ->  Limit  (cost=828.68..830.65 rows=100 width=20) (actual time=1.976..2.000 rows=100 loops=1)
         ->  Incremental Sort  (cost=828.68..1026.30 rows=10000 width=20) (actual time=1.976..1.994 rows=100 loops=1)
               Sort Key: s_4.a, s_4.b, s_4.c, s_4.d, s_4.e
               Presorted Key: s_4.a, s_4.b, s_4.c, s_4.d
               Sort Method: quicksort  Memory: 27kB
               Sort Groups: 4
               ->  Sort  (cost=828.39..853.39 rows=10000 width=20) (actual time=1.931..1.936 rows=129 loops=1)
                     Sort Key: s_4.a, s_4.b, s_4.c, s_4.d
                     Sort Method: quicksort  Memory: 1166kB
                     ->  Seq Scan on s_4  (cost=0.00..164.00 rows=10000 width=20) (actual time=0.004..0.570 rows=10000 loops=1)
 Planning time: 0.227 ms
 Execution time: 2.063 ms
(13 rows)

===== 133 [Wed Mar  7 01:58:16 CET 2018] scale:10000 groups:100 work_mem:16MB incremental:off max_workers:0 =====
SELECT * FROM (SELECT * FROM s_1 ORDER BY a) foo ORDER BY a, b LIMIT 100
                                                           QUERY PLAN                                                           
--------------------------------------------------------------------------------------------------------------------------------
 Limit  (cost=1336.83..1336.83 rows=1 width=20) (actual time=2.774..2.774 rows=0 loops=1)
   ->  Limit  (cost=1335.58..1335.83 rows=100 width=20) (actual time=2.761..2.770 rows=100 loops=1)
         ->  Sort  (cost=1335.58..1360.58 rows=10000 width=20) (actual time=2.761..2.765 rows=100 loops=1)
               Sort Key: s_1.a, s_1.b
               Sort Method: top-N heapsort  Memory: 35kB
               ->  Sort  (cost=828.39..853.39 rows=10000 width=20) (actual time=1.709..2.044 rows=10000 loops=1)
                     Sort Key: s_1.a
                     Sort Method: quicksort  Memory: 1166kB
                     ->  Seq Scan on s_1  (cost=0.00..164.00 rows=10000 width=20) (actual time=0.007..0.583 rows=10000 loops=1)
 Planning time: 0.203 ms
 Execution time: 2.838 ms
(11 rows)

===== 134 [Wed Mar  7 01:58:16 CET 2018] scale:10000 groups:100 work_mem:16MB incremental:off max_workers:0 =====
SELECT * FROM (SELECT * FROM s_2 ORDER BY a, b) foo ORDER BY a, b, c LIMIT 100
                                                           QUERY PLAN                                                           
--------------------------------------------------------------------------------------------------------------------------------
 Limit  (cost=1336.83..1336.83 rows=1 width=20) (actual time=2.931..2.931 rows=0 loops=1)
   ->  Limit  (cost=1335.58..1335.83 rows=100 width=20) (actual time=2.918..2.927 rows=100 loops=1)
         ->  Sort  (cost=1335.58..1360.58 rows=10000 width=20) (actual time=2.917..2.921 rows=100 loops=1)
               Sort Key: s_2.a, s_2.b, s_2.c
               Sort Method: top-N heapsort  Memory: 32kB
               ->  Sort  (cost=828.39..853.39 rows=10000 width=20) (actual time=1.867..2.205 rows=10000 loops=1)
                     Sort Key: s_2.a, s_2.b
                     Sort Method: quicksort  Memory: 1166kB
                     ->  Seq Scan on s_2  (cost=0.00..164.00 rows=10000 width=20) (actual time=0.007..0.581 rows=10000 loops=1)
 Planning time: 0.206 ms
 Execution time: 2.992 ms
(11 rows)

===== 135 [Wed Mar  7 01:58:16 CET 2018] scale:10000 groups:100 work_mem:16MB incremental:off max_workers:0 =====
SELECT * FROM (SELECT * FROM s_3 ORDER BY a, b, c) foo ORDER BY a, b, c, d LIMIT 100
                                                           QUERY PLAN                                                           
--------------------------------------------------------------------------------------------------------------------------------
 Limit  (cost=1336.83..1336.83 rows=1 width=20) (actual time=3.060..3.060 rows=0 loops=1)
   ->  Limit  (cost=1335.58..1335.83 rows=100 width=20) (actual time=3.047..3.056 rows=100 loops=1)
         ->  Sort  (cost=1335.58..1360.58 rows=10000 width=20) (actual time=3.047..3.051 rows=100 loops=1)
               Sort Key: s_3.a, s_3.b, s_3.c, s_3.d
               Sort Method: top-N heapsort  Memory: 32kB
               ->  Sort  (cost=828.39..853.39 rows=10000 width=20) (actual time=1.940..2.283 rows=10000 loops=1)
                     Sort Key: s_3.a, s_3.b, s_3.c
                     Sort Method: quicksort  Memory: 1166kB
                     ->  Seq Scan on s_3  (cost=0.00..164.00 rows=10000 width=20) (actual time=0.007..0.575 rows=10000 loops=1)
 Planning time: 0.209 ms
 Execution time: 3.121 ms
(11 rows)

===== 136 [Wed Mar  7 01:58:16 CET 2018] scale:10000 groups:100 work_mem:16MB incremental:off max_workers:0 =====
SELECT * FROM (SELECT * FROM s_4 ORDER BY a, b, c, d) foo ORDER BY a, b, c, d, e LIMIT 100
                                                           QUERY PLAN                                                           
--------------------------------------------------------------------------------------------------------------------------------
 Limit  (cost=1336.83..1336.83 rows=1 width=20) (actual time=3.046..3.046 rows=0 loops=1)
   ->  Limit  (cost=1335.58..1335.83 rows=100 width=20) (actual time=3.033..3.042 rows=100 loops=1)
         ->  Sort  (cost=1335.58..1360.58 rows=10000 width=20) (actual time=3.033..3.037 rows=100 loops=1)
               Sort Key: s_4.a, s_4.b, s_4.c, s_4.d, s_4.e
               Sort Method: top-N heapsort  Memory: 32kB
               ->  Sort  (cost=828.39..853.39 rows=10000 width=20) (actual time=1.917..2.262 rows=10000 loops=1)
                     Sort Key: s_4.a, s_4.b, s_4.c, s_4.d
                     Sort Method: quicksort  Memory: 1166kB
                     ->  Seq Scan on s_4  (cost=0.00..164.00 rows=10000 width=20) (actual time=0.004..0.566 rows=10000 loops=1)
 Planning time: 0.223 ms
 Execution time: 3.109 ms
(11 rows)

===== 137 [Wed Mar  7 01:58:16 CET 2018] scale:10000 groups:100 work_mem:32MB incremental:on max_workers:0 =====
SELECT * FROM (SELECT * FROM s_1 ORDER BY a) foo ORDER BY a, b LIMIT 100
                                                           QUERY PLAN                                                           
--------------------------------------------------------------------------------------------------------------------------------
 Limit  (cost=835.68..835.68 rows=1 width=20) (actual time=1.806..1.806 rows=0 loops=1)
   ->  Limit  (cost=832.91..834.68 rows=100 width=20) (actual time=1.768..1.803 rows=100 loops=1)
         ->  Incremental Sort  (cost=832.91..1009.97 rows=10000 width=20) (actual time=1.767..1.797 rows=100 loops=1)
               Sort Key: s_1.a, s_1.b
               Presorted Key: s_1.a
               Sort Method: quicksort  Memory: 32kB
               Sort Groups: 2
               ->  Sort  (cost=828.39..853.39 rows=10000 width=20) (actual time=1.719..1.725 rows=150 loops=1)
                     Sort Key: s_1.a
                     Sort Method: quicksort  Memory: 1166kB
                     ->  Seq Scan on s_1  (cost=0.00..164.00 rows=10000 width=20) (actual time=0.007..0.580 rows=10000 loops=1)
 Planning time: 0.212 ms
 Execution time: 1.870 ms
(13 rows)

===== 138 [Wed Mar  7 01:58:16 CET 2018] scale:10000 groups:100 work_mem:32MB incremental:on max_workers:0 =====
SELECT * FROM (SELECT * FROM s_2 ORDER BY a, b) foo ORDER BY a, b, c LIMIT 100
                                                           QUERY PLAN                                                           
--------------------------------------------------------------------------------------------------------------------------------
 Limit  (cost=831.65..831.65 rows=1 width=20) (actual time=1.944..1.944 rows=0 loops=1)
   ->  Limit  (cost=828.68..830.65 rows=100 width=20) (actual time=1.908..1.940 rows=100 loops=1)
         ->  Incremental Sort  (cost=828.68..1026.30 rows=10000 width=20) (actual time=1.907..1.935 rows=100 loops=1)
               Sort Key: s_2.a, s_2.b, s_2.c
               Presorted Key: s_2.a, s_2.b
               Sort Method: quicksort  Memory: 27kB
               Sort Groups: 4
               ->  Sort  (cost=828.39..853.39 rows=10000 width=20) (actual time=1.865..1.870 rows=131 loops=1)
                     Sort Key: s_2.a, s_2.b
                     Sort Method: quicksort  Memory: 1166kB
                     ->  Seq Scan on s_2  (cost=0.00..164.00 rows=10000 width=20) (actual time=0.007..0.582 rows=10000 loops=1)
 Planning time: 0.212 ms
 Execution time: 2.006 ms
(13 rows)

===== 139 [Wed Mar  7 01:58:16 CET 2018] scale:10000 groups:100 work_mem:32MB incremental:on max_workers:0 =====
SELECT * FROM (SELECT * FROM s_3 ORDER BY a, b, c) foo ORDER BY a, b, c, d LIMIT 100
                                                           QUERY PLAN                                                           
--------------------------------------------------------------------------------------------------------------------------------
 Limit  (cost=831.65..831.65 rows=1 width=20) (actual time=2.009..2.009 rows=0 loops=1)
   ->  Limit  (cost=828.68..830.65 rows=100 width=20) (actual time=1.981..2.005 rows=100 loops=1)
         ->  Incremental Sort  (cost=828.68..1026.30 rows=10000 width=20) (actual time=1.981..1.999 rows=100 loops=1)
               Sort Key: s_3.a, s_3.b, s_3.c, s_3.d
               Presorted Key: s_3.a, s_3.b, s_3.c
               Sort Method: quicksort  Memory: 27kB
               Sort Groups: 4
               ->  Sort  (cost=828.39..853.39 rows=10000 width=20) (actual time=1.939..1.944 rows=129 loops=1)
                     Sort Key: s_3.a, s_3.b, s_3.c
                     Sort Method: quicksort  Memory: 1166kB
                     ->  Seq Scan on s_3  (cost=0.00..164.00 rows=10000 width=20) (actual time=0.007..0.573 rows=10000 loops=1)
 Planning time: 0.215 ms
 Execution time: 2.070 ms
(13 rows)

===== 140 [Wed Mar  7 01:58:16 CET 2018] scale:10000 groups:100 work_mem:32MB incremental:on max_workers:0 =====
SELECT * FROM (SELECT * FROM s_4 ORDER BY a, b, c, d) foo ORDER BY a, b, c, d, e LIMIT 100
                                                           QUERY PLAN                                                           
--------------------------------------------------------------------------------------------------------------------------------
 Limit  (cost=831.65..831.65 rows=1 width=20) (actual time=1.999..1.999 rows=0 loops=1)
   ->  Limit  (cost=828.68..830.65 rows=100 width=20) (actual time=1.972..1.996 rows=100 loops=1)
         ->  Incremental Sort  (cost=828.68..1026.30 rows=10000 width=20) (actual time=1.972..1.990 rows=100 loops=1)
               Sort Key: s_4.a, s_4.b, s_4.c, s_4.d, s_4.e
               Presorted Key: s_4.a, s_4.b, s_4.c, s_4.d
               Sort Method: quicksort  Memory: 27kB
               Sort Groups: 4
               ->  Sort  (cost=828.39..853.39 rows=10000 width=20) (actual time=1.919..1.924 rows=129 loops=1)
                     Sort Key: s_4.a, s_4.b, s_4.c, s_4.d
                     Sort Method: quicksort  Memory: 1166kB
                     ->  Seq Scan on s_4  (cost=0.00..164.00 rows=10000 width=20) (actual time=0.004..0.567 rows=10000 loops=1)
 Planning time: 0.224 ms
 Execution time: 2.061 ms
(13 rows)

===== 141 [Wed Mar  7 01:58:16 CET 2018] scale:10000 groups:100 work_mem:32MB incremental:off max_workers:0 =====
SELECT * FROM (SELECT * FROM s_1 ORDER BY a) foo ORDER BY a, b LIMIT 100
                                                           QUERY PLAN                                                           
--------------------------------------------------------------------------------------------------------------------------------
 Limit  (cost=1336.83..1336.83 rows=1 width=20) (actual time=2.784..2.784 rows=0 loops=1)
   ->  Limit  (cost=1335.58..1335.83 rows=100 width=20) (actual time=2.771..2.780 rows=100 loops=1)
         ->  Sort  (cost=1335.58..1360.58 rows=10000 width=20) (actual time=2.770..2.774 rows=100 loops=1)
               Sort Key: s_1.a, s_1.b
               Sort Method: top-N heapsort  Memory: 35kB
               ->  Sort  (cost=828.39..853.39 rows=10000 width=20) (actual time=1.713..2.048 rows=10000 loops=1)
                     Sort Key: s_1.a
                     Sort Method: quicksort  Memory: 1166kB
                     ->  Seq Scan on s_1  (cost=0.00..164.00 rows=10000 width=20) (actual time=0.007..0.573 rows=10000 loops=1)
 Planning time: 0.206 ms
 Execution time: 2.846 ms
(11 rows)

===== 142 [Wed Mar  7 01:58:16 CET 2018] scale:10000 groups:100 work_mem:32MB incremental:off max_workers:0 =====
SELECT * FROM (SELECT * FROM s_2 ORDER BY a, b) foo ORDER BY a, b, c LIMIT 100
                                                           QUERY PLAN                                                           
--------------------------------------------------------------------------------------------------------------------------------
 Limit  (cost=1336.83..1336.83 rows=1 width=20) (actual time=2.932..2.932 rows=0 loops=1)
   ->  Limit  (cost=1335.58..1335.83 rows=100 width=20) (actual time=2.919..2.929 rows=100 loops=1)
         ->  Sort  (cost=1335.58..1360.58 rows=10000 width=20) (actual time=2.919..2.923 rows=100 loops=1)
               Sort Key: s_2.a, s_2.b, s_2.c
               Sort Method: top-N heapsort  Memory: 32kB
               ->  Sort  (cost=828.39..853.39 rows=10000 width=20) (actual time=1.869..2.209 rows=10000 loops=1)
                     Sort Key: s_2.a, s_2.b
                     Sort Method: quicksort  Memory: 1166kB
                     ->  Seq Scan on s_2  (cost=0.00..164.00 rows=10000 width=20) (actual time=0.008..0.581 rows=10000 loops=1)
 Planning time: 0.205 ms
 Execution time: 2.993 ms
(11 rows)

===== 143 [Wed Mar  7 01:58:17 CET 2018] scale:10000 groups:100 work_mem:32MB incremental:off max_workers:0 =====
SELECT * FROM (SELECT * FROM s_3 ORDER BY a, b, c) foo ORDER BY a, b, c, d LIMIT 100
                                                           QUERY PLAN                                                           
--------------------------------------------------------------------------------------------------------------------------------
 Limit  (cost=1336.83..1336.83 rows=1 width=20) (actual time=3.049..3.049 rows=0 loops=1)
   ->  Limit  (cost=1335.58..1335.83 rows=100 width=20) (actual time=3.036..3.046 rows=100 loops=1)
         ->  Sort  (cost=1335.58..1360.58 rows=10000 width=20) (actual time=3.036..3.040 rows=100 loops=1)
               Sort Key: s_3.a, s_3.b, s_3.c, s_3.d
               Sort Method: top-N heapsort  Memory: 32kB
               ->  Sort  (cost=828.39..853.39 rows=10000 width=20) (actual time=1.939..2.280 rows=10000 loops=1)
                     Sort Key: s_3.a, s_3.b, s_3.c
                     Sort Method: quicksort  Memory: 1166kB
                     ->  Seq Scan on s_3  (cost=0.00..164.00 rows=10000 width=20) (actual time=0.007..0.574 rows=10000 loops=1)
 Planning time: 0.207 ms
 Execution time: 3.110 ms
(11 rows)

===== 144 [Wed Mar  7 01:58:17 CET 2018] scale:10000 groups:100 work_mem:32MB incremental:off max_workers:0 =====
SELECT * FROM (SELECT * FROM s_4 ORDER BY a, b, c, d) foo ORDER BY a, b, c, d, e LIMIT 100
                                                           QUERY PLAN                                                           
--------------------------------------------------------------------------------------------------------------------------------
 Limit  (cost=1336.83..1336.83 rows=1 width=20) (actual time=3.049..3.049 rows=0 loops=1)
   ->  Limit  (cost=1335.58..1335.83 rows=100 width=20) (actual time=3.036..3.045 rows=100 loops=1)
         ->  Sort  (cost=1335.58..1360.58 rows=10000 width=20) (actual time=3.035..3.039 rows=100 loops=1)
               Sort Key: s_4.a, s_4.b, s_4.c, s_4.d, s_4.e
               Sort Method: top-N heapsort  Memory: 32kB
               ->  Sort  (cost=828.39..853.39 rows=10000 width=20) (actual time=1.925..2.268 rows=10000 loops=1)
                     Sort Key: s_4.a, s_4.b, s_4.c, s_4.d
                     Sort Method: quicksort  Memory: 1166kB
                     ->  Seq Scan on s_4  (cost=0.00..164.00 rows=10000 width=20) (actual time=0.004..0.569 rows=10000 loops=1)
 Planning time: 0.219 ms
 Execution time: 3.110 ms
(11 rows)

===== 145 [Wed Mar  7 01:58:17 CET 2018] scale:10000 groups:100 work_mem:64MB incremental:on max_workers:0 =====
SELECT * FROM (SELECT * FROM s_1 ORDER BY a) foo ORDER BY a, b LIMIT 100
                                                           QUERY PLAN                                                           
--------------------------------------------------------------------------------------------------------------------------------
 Limit  (cost=835.68..835.68 rows=1 width=20) (actual time=1.797..1.797 rows=0 loops=1)
   ->  Limit  (cost=832.91..834.68 rows=100 width=20) (actual time=1.758..1.793 rows=100 loops=1)
         ->  Incremental Sort  (cost=832.91..1009.97 rows=10000 width=20) (actual time=1.758..1.787 rows=100 loops=1)
               Sort Key: s_1.a, s_1.b
               Presorted Key: s_1.a
               Sort Method: quicksort  Memory: 32kB
               Sort Groups: 2
               ->  Sort  (cost=828.39..853.39 rows=10000 width=20) (actual time=1.709..1.715 rows=150 loops=1)
                     Sort Key: s_1.a
                     Sort Method: quicksort  Memory: 1166kB
                     ->  Seq Scan on s_1  (cost=0.00..164.00 rows=10000 width=20) (actual time=0.007..0.573 rows=10000 loops=1)
 Planning time: 0.218 ms
 Execution time: 1.869 ms
(13 rows)

===== 146 [Wed Mar  7 01:58:17 CET 2018] scale:10000 groups:100 work_mem:64MB incremental:on max_workers:0 =====
SELECT * FROM (SELECT * FROM s_2 ORDER BY a, b) foo ORDER BY a, b, c LIMIT 100
                                                           QUERY PLAN                                                           
--------------------------------------------------------------------------------------------------------------------------------
 Limit  (cost=831.65..831.65 rows=1 width=20) (actual time=1.955..1.955 rows=0 loops=1)
   ->  Limit  (cost=828.68..830.65 rows=100 width=20) (actual time=1.916..1.951 rows=100 loops=1)
         ->  Incremental Sort  (cost=828.68..1026.30 rows=10000 width=20) (actual time=1.916..1.945 rows=100 loops=1)
               Sort Key: s_2.a, s_2.b, s_2.c
               Presorted Key: s_2.a, s_2.b
               Sort Method: quicksort  Memory: 27kB
               Sort Groups: 4
               ->  Sort  (cost=828.39..853.39 rows=10000 width=20) (actual time=1.875..1.880 rows=131 loops=1)
                     Sort Key: s_2.a, s_2.b
                     Sort Method: quicksort  Memory: 1166kB
                     ->  Seq Scan on s_2  (cost=0.00..164.00 rows=10000 width=20) (actual time=0.007..0.578 rows=10000 loops=1)
 Planning time: 0.212 ms
 Execution time: 2.018 ms
(13 rows)

===== 147 [Wed Mar  7 01:58:17 CET 2018] scale:10000 groups:100 work_mem:64MB incremental:on max_workers:0 =====
SELECT * FROM (SELECT * FROM s_3 ORDER BY a, b, c) foo ORDER BY a, b, c, d LIMIT 100
                                                           QUERY PLAN                                                           
--------------------------------------------------------------------------------------------------------------------------------
 Limit  (cost=831.65..831.65 rows=1 width=20) (actual time=2.005..2.005 rows=0 loops=1)
   ->  Limit  (cost=828.68..830.65 rows=100 width=20) (actual time=1.977..2.001 rows=100 loops=1)
         ->  Incremental Sort  (cost=828.68..1026.30 rows=10000 width=20) (actual time=1.977..1.995 rows=100 loops=1)
               Sort Key: s_3.a, s_3.b, s_3.c, s_3.d
               Presorted Key: s_3.a, s_3.b, s_3.c
               Sort Method: quicksort  Memory: 27kB
               Sort Groups: 4
               ->  Sort  (cost=828.39..853.39 rows=10000 width=20) (actual time=1.937..1.942 rows=129 loops=1)
                     Sort Key: s_3.a, s_3.b, s_3.c
                     Sort Method: quicksort  Memory: 1166kB
                     ->  Seq Scan on s_3  (cost=0.00..164.00 rows=10000 width=20) (actual time=0.008..0.586 rows=10000 loops=1)
 Planning time: 0.215 ms
 Execution time: 2.067 ms
(13 rows)

===== 148 [Wed Mar  7 01:58:17 CET 2018] scale:10000 groups:100 work_mem:64MB incremental:on max_workers:0 =====
SELECT * FROM (SELECT * FROM s_4 ORDER BY a, b, c, d) foo ORDER BY a, b, c, d, e LIMIT 100
                                                           QUERY PLAN                                                           
--------------------------------------------------------------------------------------------------------------------------------
 Limit  (cost=831.65..831.65 rows=1 width=20) (actual time=2.008..2.008 rows=0 loops=1)
   ->  Limit  (cost=828.68..830.65 rows=100 width=20) (actual time=1.980..2.004 rows=100 loops=1)
         ->  Incremental Sort  (cost=828.68..1026.30 rows=10000 width=20) (actual time=1.980..1.998 rows=100 loops=1)
               Sort Key: s_4.a, s_4.b, s_4.c, s_4.d, s_4.e
               Presorted Key: s_4.a, s_4.b, s_4.c, s_4.d
               Sort Method: quicksort  Memory: 27kB
               Sort Groups: 4
               ->  Sort  (cost=828.39..853.39 rows=10000 width=20) (actual time=1.936..1.941 rows=129 loops=1)
                     Sort Key: s_4.a, s_4.b, s_4.c, s_4.d
                     Sort Method: quicksort  Memory: 1166kB
                     ->  Seq Scan on s_4  (cost=0.00..164.00 rows=10000 width=20) (actual time=0.004..0.583 rows=10000 loops=1)
 Planning time: 0.228 ms
 Execution time: 2.071 ms
(13 rows)

===== 149 [Wed Mar  7 01:58:17 CET 2018] scale:10000 groups:100 work_mem:64MB incremental:off max_workers:0 =====
SELECT * FROM (SELECT * FROM s_1 ORDER BY a) foo ORDER BY a, b LIMIT 100
                                                           QUERY PLAN                                                           
--------------------------------------------------------------------------------------------------------------------------------
 Limit  (cost=1336.83..1336.83 rows=1 width=20) (actual time=2.773..2.773 rows=0 loops=1)
   ->  Limit  (cost=1335.58..1335.83 rows=100 width=20) (actual time=2.760..2.769 rows=100 loops=1)
         ->  Sort  (cost=1335.58..1360.58 rows=10000 width=20) (actual time=2.759..2.763 rows=100 loops=1)
               Sort Key: s_1.a, s_1.b
               Sort Method: top-N heapsort  Memory: 35kB
               ->  Sort  (cost=828.39..853.39 rows=10000 width=20) (actual time=1.706..2.041 rows=10000 loops=1)
                     Sort Key: s_1.a
                     Sort Method: quicksort  Memory: 1166kB
                     ->  Seq Scan on s_1  (cost=0.00..164.00 rows=10000 width=20) (actual time=0.007..0.576 rows=10000 loops=1)
 Planning time: 0.203 ms
 Execution time: 2.837 ms
(11 rows)

===== 150 [Wed Mar  7 01:58:17 CET 2018] scale:10000 groups:100 work_mem:64MB incremental:off max_workers:0 =====
SELECT * FROM (SELECT * FROM s_2 ORDER BY a, b) foo ORDER BY a, b, c LIMIT 100
                                                           QUERY PLAN                                                           
--------------------------------------------------------------------------------------------------------------------------------
 Limit  (cost=1336.83..1336.83 rows=1 width=20) (actual time=2.938..2.938 rows=0 loops=1)
   ->  Limit  (cost=1335.58..1335.83 rows=100 width=20) (actual time=2.925..2.935 rows=100 loops=1)
         ->  Sort  (cost=1335.58..1360.58 rows=10000 width=20) (actual time=2.925..2.929 rows=100 loops=1)
               Sort Key: s_2.a, s_2.b, s_2.c
               Sort Method: top-N heapsort  Memory: 32kB
               ->  Sort  (cost=828.39..853.39 rows=10000 width=20) (actual time=1.870..2.210 rows=10000 loops=1)
                     Sort Key: s_2.a, s_2.b
                     Sort Method: quicksort  Memory: 1166kB
                     ->  Seq Scan on s_2  (cost=0.00..164.00 rows=10000 width=20) (actual time=0.008..0.576 rows=10000 loops=1)
 Planning time: 0.209 ms
 Execution time: 3.001 ms
(11 rows)

===== 151 [Wed Mar  7 01:58:17 CET 2018] scale:10000 groups:100 work_mem:64MB incremental:off max_workers:0 =====
SELECT * FROM (SELECT * FROM s_3 ORDER BY a, b, c) foo ORDER BY a, b, c, d LIMIT 100
                                                           QUERY PLAN                                                           
--------------------------------------------------------------------------------------------------------------------------------
 Limit  (cost=1336.83..1336.83 rows=1 width=20) (actual time=3.046..3.046 rows=0 loops=1)
   ->  Limit  (cost=1335.58..1335.83 rows=100 width=20) (actual time=3.033..3.042 rows=100 loops=1)
         ->  Sort  (cost=1335.58..1360.58 rows=10000 width=20) (actual time=3.033..3.037 rows=100 loops=1)
               Sort Key: s_3.a, s_3.b, s_3.c, s_3.d
               Sort Method: top-N heapsort  Memory: 32kB
               ->  Sort  (cost=828.39..853.39 rows=10000 width=20) (actual time=1.928..2.268 rows=10000 loops=1)
                     Sort Key: s_3.a, s_3.b, s_3.c
                     Sort Method: quicksort  Memory: 1166kB
                     ->  Seq Scan on s_3  (cost=0.00..164.00 rows=10000 width=20) (actual time=0.008..0.578 rows=10000 loops=1)
 Planning time: 0.206 ms
 Execution time: 3.107 ms
(11 rows)

===== 152 [Wed Mar  7 01:58:17 CET 2018] scale:10000 groups:100 work_mem:64MB incremental:off max_workers:0 =====
SELECT * FROM (SELECT * FROM s_4 ORDER BY a, b, c, d) foo ORDER BY a, b, c, d, e LIMIT 100
                                                           QUERY PLAN                                                           
--------------------------------------------------------------------------------------------------------------------------------
 Limit  (cost=1336.83..1336.83 rows=1 width=20) (actual time=3.046..3.046 rows=0 loops=1)
   ->  Limit  (cost=1335.58..1335.83 rows=100 width=20) (actual time=3.034..3.043 rows=100 loops=1)
         ->  Sort  (cost=1335.58..1360.58 rows=10000 width=20) (actual time=3.033..3.037 rows=100 loops=1)
               Sort Key: s_4.a, s_4.b, s_4.c, s_4.d, s_4.e
               Sort Method: top-N heapsort  Memory: 32kB
               ->  Sort  (cost=828.39..853.39 rows=10000 width=20) (actual time=1.923..2.264 rows=10000 loops=1)
                     Sort Key: s_4.a, s_4.b, s_4.c, s_4.d
                     Sort Method: quicksort  Memory: 1166kB
                     ->  Seq Scan on s_4  (cost=0.00..164.00 rows=10000 width=20) (actual time=0.004..0.568 rows=10000 loops=1)
 Planning time: 0.225 ms
 Execution time: 3.107 ms
(11 rows)

===== 153 [Wed Mar  7 01:58:17 CET 2018] scale:10000 groups:100 work_mem:128MB incremental:on max_workers:0 =====
SELECT * FROM (SELECT * FROM s_1 ORDER BY a) foo ORDER BY a, b LIMIT 100
                                                           QUERY PLAN                                                           
--------------------------------------------------------------------------------------------------------------------------------
 Limit  (cost=835.68..835.68 rows=1 width=20) (actual time=1.801..1.801 rows=0 loops=1)
   ->  Limit  (cost=832.91..834.68 rows=100 width=20) (actual time=1.762..1.797 rows=100 loops=1)
         ->  Incremental Sort  (cost=832.91..1009.97 rows=10000 width=20) (actual time=1.762..1.791 rows=100 loops=1)
               Sort Key: s_1.a, s_1.b
               Presorted Key: s_1.a
               Sort Method: quicksort  Memory: 32kB
               Sort Groups: 2
               ->  Sort  (cost=828.39..853.39 rows=10000 width=20) (actual time=1.703..1.709 rows=150 loops=1)
                     Sort Key: s_1.a
                     Sort Method: quicksort  Memory: 1166kB
                     ->  Seq Scan on s_1  (cost=0.00..164.00 rows=10000 width=20) (actual time=0.007..0.572 rows=10000 loops=1)
 Planning time: 0.211 ms
 Execution time: 1.862 ms
(13 rows)

===== 154 [Wed Mar  7 01:58:17 CET 2018] scale:10000 groups:100 work_mem:128MB incremental:on max_workers:0 =====
SELECT * FROM (SELECT * FROM s_2 ORDER BY a, b) foo ORDER BY a, b, c LIMIT 100
                                                           QUERY PLAN                                                           
--------------------------------------------------------------------------------------------------------------------------------
 Limit  (cost=831.65..831.65 rows=1 width=20) (actual time=1.944..1.944 rows=0 loops=1)
   ->  Limit  (cost=828.68..830.65 rows=100 width=20) (actual time=1.901..1.940 rows=100 loops=1)
         ->  Incremental Sort  (cost=828.68..1026.30 rows=10000 width=20) (actual time=1.901..1.934 rows=100 loops=1)
               Sort Key: s_2.a, s_2.b, s_2.c
               Presorted Key: s_2.a, s_2.b
               Sort Method: quicksort  Memory: 27kB
               Sort Groups: 4
               ->  Sort  (cost=828.39..853.39 rows=10000 width=20) (actual time=1.859..1.865 rows=131 loops=1)
                     Sort Key: s_2.a, s_2.b
                     Sort Method: quicksort  Memory: 1166kB
                     ->  Seq Scan on s_2  (cost=0.00..164.00 rows=10000 width=20) (actual time=0.008..0.576 rows=10000 loops=1)
 Planning time: 0.221 ms
 Execution time: 2.008 ms
(13 rows)

===== 155 [Wed Mar  7 01:58:18 CET 2018] scale:10000 groups:100 work_mem:128MB incremental:on max_workers:0 =====
SELECT * FROM (SELECT * FROM s_3 ORDER BY a, b, c) foo ORDER BY a, b, c, d LIMIT 100
                                                           QUERY PLAN                                                           
--------------------------------------------------------------------------------------------------------------------------------
 Limit  (cost=831.65..831.65 rows=1 width=20) (actual time=2.006..2.006 rows=0 loops=1)
   ->  Limit  (cost=828.68..830.65 rows=100 width=20) (actual time=1.979..2.003 rows=100 loops=1)
         ->  Incremental Sort  (cost=828.68..1026.30 rows=10000 width=20) (actual time=1.979..1.997 rows=100 loops=1)
               Sort Key: s_3.a, s_3.b, s_3.c, s_3.d
               Presorted Key: s_3.a, s_3.b, s_3.c
               Sort Method: quicksort  Memory: 27kB
               Sort Groups: 4
               ->  Sort  (cost=828.39..853.39 rows=10000 width=20) (actual time=1.939..1.944 rows=129 loops=1)
                     Sort Key: s_3.a, s_3.b, s_3.c
                     Sort Method: quicksort  Memory: 1166kB
                     ->  Seq Scan on s_3  (cost=0.00..164.00 rows=10000 width=20) (actual time=0.007..0.574 rows=10000 loops=1)
 Planning time: 0.217 ms
 Execution time: 2.068 ms
(13 rows)

===== 156 [Wed Mar  7 01:58:18 CET 2018] scale:10000 groups:100 work_mem:128MB incremental:on max_workers:0 =====
SELECT * FROM (SELECT * FROM s_4 ORDER BY a, b, c, d) foo ORDER BY a, b, c, d, e LIMIT 100
                                                           QUERY PLAN                                                           
--------------------------------------------------------------------------------------------------------------------------------
 Limit  (cost=831.65..831.65 rows=1 width=20) (actual time=2.002..2.002 rows=0 loops=1)
   ->  Limit  (cost=828.68..830.65 rows=100 width=20) (actual time=1.974..1.998 rows=100 loops=1)
         ->  Incremental Sort  (cost=828.68..1026.30 rows=10000 width=20) (actual time=1.974..1.992 rows=100 loops=1)
               Sort Key: s_4.a, s_4.b, s_4.c, s_4.d, s_4.e
               Presorted Key: s_4.a, s_4.b, s_4.c, s_4.d
               Sort Method: quicksort  Memory: 27kB
               Sort Groups: 4
               ->  Sort  (cost=828.39..853.39 rows=10000 width=20) (actual time=1.930..1.935 rows=129 loops=1)
                     Sort Key: s_4.a, s_4.b, s_4.c, s_4.d
                     Sort Method: quicksort  Memory: 1166kB
                     ->  Seq Scan on s_4  (cost=0.00..164.00 rows=10000 width=20) (actual time=0.004..0.575 rows=10000 loops=1)
 Planning time: 0.226 ms
 Execution time: 2.063 ms
(13 rows)

===== 157 [Wed Mar  7 01:58:18 CET 2018] scale:10000 groups:100 work_mem:128MB incremental:off max_workers:0 =====
SELECT * FROM (SELECT * FROM s_1 ORDER BY a) foo ORDER BY a, b LIMIT 100
                                                           QUERY PLAN                                                           
--------------------------------------------------------------------------------------------------------------------------------
 Limit  (cost=1336.83..1336.83 rows=1 width=20) (actual time=2.772..2.772 rows=0 loops=1)
   ->  Limit  (cost=1335.58..1335.83 rows=100 width=20) (actual time=2.759..2.769 rows=100 loops=1)
         ->  Sort  (cost=1335.58..1360.58 rows=10000 width=20) (actual time=2.759..2.763 rows=100 loops=1)
               Sort Key: s_1.a, s_1.b
               Sort Method: top-N heapsort  Memory: 35kB
               ->  Sort  (cost=828.39..853.39 rows=10000 width=20) (actual time=1.704..2.044 rows=10000 loops=1)
                     Sort Key: s_1.a
                     Sort Method: quicksort  Memory: 1166kB
                     ->  Seq Scan on s_1  (cost=0.00..164.00 rows=10000 width=20) (actual time=0.007..0.573 rows=10000 loops=1)
 Planning time: 0.205 ms
 Execution time: 2.836 ms
(11 rows)

===== 158 [Wed Mar  7 01:58:18 CET 2018] scale:10000 groups:100 work_mem:128MB incremental:off max_workers:0 =====
SELECT * FROM (SELECT * FROM s_2 ORDER BY a, b) foo ORDER BY a, b, c LIMIT 100
                                                           QUERY PLAN                                                           
--------------------------------------------------------------------------------------------------------------------------------
 Limit  (cost=1336.83..1336.83 rows=1 width=20) (actual time=2.926..2.926 rows=0 loops=1)
   ->  Limit  (cost=1335.58..1335.83 rows=100 width=20) (actual time=2.913..2.922 rows=100 loops=1)
         ->  Sort  (cost=1335.58..1360.58 rows=10000 width=20) (actual time=2.912..2.916 rows=100 loops=1)
               Sort Key: s_2.a, s_2.b, s_2.c
               Sort Method: top-N heapsort  Memory: 32kB
               ->  Sort  (cost=828.39..853.39 rows=10000 width=20) (actual time=1.864..2.199 rows=10000 loops=1)
                     Sort Key: s_2.a, s_2.b
                     Sort Method: quicksort  Memory: 1166kB
                     ->  Seq Scan on s_2  (cost=0.00..164.00 rows=10000 width=20) (actual time=0.008..0.574 rows=10000 loops=1)
 Planning time: 0.210 ms
 Execution time: 2.988 ms
(11 rows)

===== 159 [Wed Mar  7 01:58:18 CET 2018] scale:10000 groups:100 work_mem:128MB incremental:off max_workers:0 =====
SELECT * FROM (SELECT * FROM s_3 ORDER BY a, b, c) foo ORDER BY a, b, c, d LIMIT 100
                                                           QUERY PLAN                                                           
--------------------------------------------------------------------------------------------------------------------------------
 Limit  (cost=1336.83..1336.83 rows=1 width=20) (actual time=3.048..3.048 rows=0 loops=1)
   ->  Limit  (cost=1335.58..1335.83 rows=100 width=20) (actual time=3.035..3.045 rows=100 loops=1)
         ->  Sort  (cost=1335.58..1360.58 rows=10000 width=20) (actual time=3.035..3.039 rows=100 loops=1)
               Sort Key: s_3.a, s_3.b, s_3.c, s_3.d
               Sort Method: top-N heapsort  Memory: 32kB
               ->  Sort  (cost=828.39..853.39 rows=10000 width=20) (actual time=1.932..2.273 rows=10000 loops=1)
                     Sort Key: s_3.a, s_3.b, s_3.c
                     Sort Method: quicksort  Memory: 1166kB
                     ->  Seq Scan on s_3  (cost=0.00..164.00 rows=10000 width=20) (actual time=0.008..0.579 rows=10000 loops=1)
 Planning time: 0.211 ms
 Execution time: 3.110 ms
(11 rows)

===== 160 [Wed Mar  7 01:58:18 CET 2018] scale:10000 groups:100 work_mem:128MB incremental:off max_workers:0 =====
SELECT * FROM (SELECT * FROM s_4 ORDER BY a, b, c, d) foo ORDER BY a, b, c, d, e LIMIT 100
                                                           QUERY PLAN                                                           
--------------------------------------------------------------------------------------------------------------------------------
 Limit  (cost=1336.83..1336.83 rows=1 width=20) (actual time=3.058..3.058 rows=0 loops=1)
   ->  Limit  (cost=1335.58..1335.83 rows=100 width=20) (actual time=3.042..3.054 rows=100 loops=1)
         ->  Sort  (cost=1335.58..1360.58 rows=10000 width=20) (actual time=3.041..3.045 rows=100 loops=1)
               Sort Key: s_4.a, s_4.b, s_4.c, s_4.d, s_4.e
               Sort Method: top-N heapsort  Memory: 32kB
               ->  Sort  (cost=828.39..853.39 rows=10000 width=20) (actual time=1.931..2.274 rows=10000 loops=1)
                     Sort Key: s_4.a, s_4.b, s_4.c, s_4.d
                     Sort Method: quicksort  Memory: 1166kB
                     ->  Seq Scan on s_4  (cost=0.00..164.00 rows=10000 width=20) (actual time=0.004..0.572 rows=10000 loops=1)
 Planning time: 0.217 ms
 Execution time: 3.119 ms
(11 rows)

===== 161 [Wed Mar  7 01:58:18 CET 2018] scale:10000 groups:100 work_mem:256MB incremental:on max_workers:0 =====
SELECT * FROM (SELECT * FROM s_1 ORDER BY a) foo ORDER BY a, b LIMIT 100
                                                           QUERY PLAN                                                           
--------------------------------------------------------------------------------------------------------------------------------
 Limit  (cost=835.68..835.68 rows=1 width=20) (actual time=1.796..1.796 rows=0 loops=1)
   ->  Limit  (cost=832.91..834.68 rows=100 width=20) (actual time=1.758..1.793 rows=100 loops=1)
         ->  Incremental Sort  (cost=832.91..1009.97 rows=10000 width=20) (actual time=1.757..1.787 rows=100 loops=1)
               Sort Key: s_1.a, s_1.b
               Presorted Key: s_1.a
               Sort Method: quicksort  Memory: 32kB
               Sort Groups: 2
               ->  Sort  (cost=828.39..853.39 rows=10000 width=20) (actual time=1.704..1.710 rows=150 loops=1)
                     Sort Key: s_1.a
                     Sort Method: quicksort  Memory: 1166kB
                     ->  Seq Scan on s_1  (cost=0.00..164.00 rows=10000 width=20) (actual time=0.007..0.572 rows=10000 loops=1)
 Planning time: 0.216 ms
 Execution time: 1.858 ms
(13 rows)

===== 162 [Wed Mar  7 01:58:18 CET 2018] scale:10000 groups:100 work_mem:256MB incremental:on max_workers:0 =====
SELECT * FROM (SELECT * FROM s_2 ORDER BY a, b) foo ORDER BY a, b, c LIMIT 100
                                                           QUERY PLAN                                                           
--------------------------------------------------------------------------------------------------------------------------------
 Limit  (cost=831.65..831.65 rows=1 width=20) (actual time=1.951..1.951 rows=0 loops=1)
   ->  Limit  (cost=828.68..830.65 rows=100 width=20) (actual time=1.912..1.947 rows=100 loops=1)
         ->  Incremental Sort  (cost=828.68..1026.30 rows=10000 width=20) (actual time=1.912..1.942 rows=100 loops=1)
               Sort Key: s_2.a, s_2.b, s_2.c
               Presorted Key: s_2.a, s_2.b
               Sort Method: quicksort  Memory: 27kB
               Sort Groups: 4
               ->  Sort  (cost=828.39..853.39 rows=10000 width=20) (actual time=1.871..1.876 rows=131 loops=1)
                     Sort Key: s_2.a, s_2.b
                     Sort Method: quicksort  Memory: 1166kB
                     ->  Seq Scan on s_2  (cost=0.00..164.00 rows=10000 width=20) (actual time=0.008..0.581 rows=10000 loops=1)
 Planning time: 0.214 ms
 Execution time: 2.013 ms
(13 rows)

===== 163 [Wed Mar  7 01:58:18 CET 2018] scale:10000 groups:100 work_mem:256MB incremental:on max_workers:0 =====
SELECT * FROM (SELECT * FROM s_3 ORDER BY a, b, c) foo ORDER BY a, b, c, d LIMIT 100
                                                           QUERY PLAN                                                           
--------------------------------------------------------------------------------------------------------------------------------
 Limit  (cost=831.65..831.65 rows=1 width=20) (actual time=2.001..2.001 rows=0 loops=1)
   ->  Limit  (cost=828.68..830.65 rows=100 width=20) (actual time=1.974..1.998 rows=100 loops=1)
         ->  Incremental Sort  (cost=828.68..1026.30 rows=10000 width=20) (actual time=1.974..1.992 rows=100 loops=1)
               Sort Key: s_3.a, s_3.b, s_3.c, s_3.d
               Presorted Key: s_3.a, s_3.b, s_3.c
               Sort Method: quicksort  Memory: 27kB
               Sort Groups: 4
               ->  Sort  (cost=828.39..853.39 rows=10000 width=20) (actual time=1.933..1.938 rows=129 loops=1)
                     Sort Key: s_3.a, s_3.b, s_3.c
                     Sort Method: quicksort  Memory: 1166kB
                     ->  Seq Scan on s_3  (cost=0.00..164.00 rows=10000 width=20) (actual time=0.007..0.583 rows=10000 loops=1)
 Planning time: 0.217 ms
 Execution time: 2.064 ms
(13 rows)

===== 164 [Wed Mar  7 01:58:18 CET 2018] scale:10000 groups:100 work_mem:256MB incremental:on max_workers:0 =====
SELECT * FROM (SELECT * FROM s_4 ORDER BY a, b, c, d) foo ORDER BY a, b, c, d, e LIMIT 100
                                                           QUERY PLAN                                                           
--------------------------------------------------------------------------------------------------------------------------------
 Limit  (cost=831.65..831.65 rows=1 width=20) (actual time=2.006..2.006 rows=0 loops=1)
   ->  Limit  (cost=828.68..830.65 rows=100 width=20) (actual time=1.979..2.003 rows=100 loops=1)
         ->  Incremental Sort  (cost=828.68..1026.30 rows=10000 width=20) (actual time=1.978..1.997 rows=100 loops=1)
               Sort Key: s_4.a, s_4.b, s_4.c, s_4.d, s_4.e
               Presorted Key: s_4.a, s_4.b, s_4.c, s_4.d
               Sort Method: quicksort  Memory: 27kB
               Sort Groups: 4
               ->  Sort  (cost=828.39..853.39 rows=10000 width=20) (actual time=1.933..1.938 rows=129 loops=1)
                     Sort Key: s_4.a, s_4.b, s_4.c, s_4.d
                     Sort Method: quicksort  Memory: 1166kB
                     ->  Seq Scan on s_4  (cost=0.00..164.00 rows=10000 width=20) (actual time=0.004..0.569 rows=10000 loops=1)
 Planning time: 0.225 ms
 Execution time: 2.069 ms
(13 rows)

===== 165 [Wed Mar  7 01:58:18 CET 2018] scale:10000 groups:100 work_mem:256MB incremental:off max_workers:0 =====
SELECT * FROM (SELECT * FROM s_1 ORDER BY a) foo ORDER BY a, b LIMIT 100
                                                           QUERY PLAN                                                           
--------------------------------------------------------------------------------------------------------------------------------
 Limit  (cost=1336.83..1336.83 rows=1 width=20) (actual time=2.782..2.782 rows=0 loops=1)
   ->  Limit  (cost=1335.58..1335.83 rows=100 width=20) (actual time=2.769..2.778 rows=100 loops=1)
         ->  Sort  (cost=1335.58..1360.58 rows=10000 width=20) (actual time=2.768..2.772 rows=100 loops=1)
               Sort Key: s_1.a, s_1.b
               Sort Method: top-N heapsort  Memory: 35kB
               ->  Sort  (cost=828.39..853.39 rows=10000 width=20) (actual time=1.715..2.049 rows=10000 loops=1)
                     Sort Key: s_1.a
                     Sort Method: quicksort  Memory: 1166kB
                     ->  Seq Scan on s_1  (cost=0.00..164.00 rows=10000 width=20) (actual time=0.007..0.575 rows=10000 loops=1)
 Planning time: 0.205 ms
 Execution time: 2.843 ms
(11 rows)

===== 166 [Wed Mar  7 01:58:18 CET 2018] scale:10000 groups:100 work_mem:256MB incremental:off max_workers:0 =====
SELECT * FROM (SELECT * FROM s_2 ORDER BY a, b) foo ORDER BY a, b, c LIMIT 100
                                                           QUERY PLAN                                                           
--------------------------------------------------------------------------------------------------------------------------------
 Limit  (cost=1336.83..1336.83 rows=1 width=20) (actual time=2.926..2.926 rows=0 loops=1)
   ->  Limit  (cost=1335.58..1335.83 rows=100 width=20) (actual time=2.912..2.922 rows=100 loops=1)
         ->  Sort  (cost=1335.58..1360.58 rows=10000 width=20) (actual time=2.912..2.916 rows=100 loops=1)
               Sort Key: s_2.a, s_2.b, s_2.c
               Sort Method: top-N heapsort  Memory: 32kB
               ->  Sort  (cost=828.39..853.39 rows=10000 width=20) (actual time=1.861..2.196 rows=10000 loops=1)
                     Sort Key: s_2.a, s_2.b
                     Sort Method: quicksort  Memory: 1166kB
                     ->  Seq Scan on s_2  (cost=0.00..164.00 rows=10000 width=20) (actual time=0.008..0.575 rows=10000 loops=1)
 Planning time: 0.210 ms
 Execution time: 2.987 ms
(11 rows)

===== 167 [Wed Mar  7 01:58:18 CET 2018] scale:10000 groups:100 work_mem:256MB incremental:off max_workers:0 =====
SELECT * FROM (SELECT * FROM s_3 ORDER BY a, b, c) foo ORDER BY a, b, c, d LIMIT 100
                                                           QUERY PLAN                                                           
--------------------------------------------------------------------------------------------------------------------------------
 Limit  (cost=1336.83..1336.83 rows=1 width=20) (actual time=3.060..3.060 rows=0 loops=1)
   ->  Limit  (cost=1335.58..1335.83 rows=100 width=20) (actual time=3.047..3.056 rows=100 loops=1)
         ->  Sort  (cost=1335.58..1360.58 rows=10000 width=20) (actual time=3.046..3.050 rows=100 loops=1)
               Sort Key: s_3.a, s_3.b, s_3.c, s_3.d
               Sort Method: top-N heapsort  Memory: 32kB
               ->  Sort  (cost=828.39..853.39 rows=10000 width=20) (actual time=1.937..2.276 rows=10000 loops=1)
                     Sort Key: s_3.a, s_3.b, s_3.c
                     Sort Method: quicksort  Memory: 1166kB
                     ->  Seq Scan on s_3  (cost=0.00..164.00 rows=10000 width=20) (actual time=0.008..0.578 rows=10000 loops=1)
 Planning time: 0.216 ms
 Execution time: 3.122 ms
(11 rows)

===== 168 [Wed Mar  7 01:58:19 CET 2018] scale:10000 groups:100 work_mem:256MB incremental:off max_workers:0 =====
SELECT * FROM (SELECT * FROM s_4 ORDER BY a, b, c, d) foo ORDER BY a, b, c, d, e LIMIT 100
                                                           QUERY PLAN                                                           
--------------------------------------------------------------------------------------------------------------------------------
 Limit  (cost=1336.83..1336.83 rows=1 width=20) (actual time=3.042..3.042 rows=0 loops=1)
   ->  Limit  (cost=1335.58..1335.83 rows=100 width=20) (actual time=3.029..3.038 rows=100 loops=1)
         ->  Sort  (cost=1335.58..1360.58 rows=10000 width=20) (actual time=3.028..3.032 rows=100 loops=1)
               Sort Key: s_4.a, s_4.b, s_4.c, s_4.d, s_4.e
               Sort Method: top-N heapsort  Memory: 32kB
               ->  Sort  (cost=828.39..853.39 rows=10000 width=20) (actual time=1.923..2.265 rows=10000 loops=1)
                     Sort Key: s_4.a, s_4.b, s_4.c, s_4.d
                     Sort Method: quicksort  Memory: 1166kB
                     ->  Seq Scan on s_4  (cost=0.00..164.00 rows=10000 width=20) (actual time=0.004..0.568 rows=10000 loops=1)
 Planning time: 0.222 ms
 Execution time: 3.102 ms
(11 rows)

===== 169 [Wed Mar  7 01:58:19 CET 2018] scale:10000 groups:100 work_mem:4MB incremental:on max_workers:2 =====
SELECT * FROM (SELECT * FROM s_1 ORDER BY a) foo ORDER BY a, b LIMIT 100
                                                           QUERY PLAN                                                           
--------------------------------------------------------------------------------------------------------------------------------
 Limit  (cost=835.68..835.68 rows=1 width=20) (actual time=1.801..1.801 rows=0 loops=1)
   ->  Limit  (cost=832.91..834.68 rows=100 width=20) (actual time=1.763..1.798 rows=100 loops=1)
         ->  Incremental Sort  (cost=832.91..1009.97 rows=10000 width=20) (actual time=1.763..1.792 rows=100 loops=1)
               Sort Key: s_1.a, s_1.b
               Presorted Key: s_1.a
               Sort Method: quicksort  Memory: 32kB
               Sort Groups: 2
               ->  Sort  (cost=828.39..853.39 rows=10000 width=20) (actual time=1.711..1.716 rows=150 loops=1)
                     Sort Key: s_1.a
                     Sort Method: quicksort  Memory: 1166kB
                     ->  Seq Scan on s_1  (cost=0.00..164.00 rows=10000 width=20) (actual time=0.007..0.575 rows=10000 loops=1)
 Planning time: 0.213 ms
 Execution time: 1.864 ms
(13 rows)

===== 170 [Wed Mar  7 01:58:19 CET 2018] scale:10000 groups:100 work_mem:4MB incremental:on max_workers:2 =====
SELECT * FROM (SELECT * FROM s_2 ORDER BY a, b) foo ORDER BY a, b, c LIMIT 100
                                                           QUERY PLAN                                                           
--------------------------------------------------------------------------------------------------------------------------------
 Limit  (cost=831.65..831.65 rows=1 width=20) (actual time=1.945..1.945 rows=0 loops=1)
   ->  Limit  (cost=828.68..830.65 rows=100 width=20) (actual time=1.908..1.941 rows=100 loops=1)
         ->  Incremental Sort  (cost=828.68..1026.30 rows=10000 width=20) (actual time=1.908..1.935 rows=100 loops=1)
               Sort Key: s_2.a, s_2.b, s_2.c
               Presorted Key: s_2.a, s_2.b
               Sort Method: quicksort  Memory: 27kB
               Sort Groups: 4
               ->  Sort  (cost=828.39..853.39 rows=10000 width=20) (actual time=1.867..1.872 rows=131 loops=1)
                     Sort Key: s_2.a, s_2.b
                     Sort Method: quicksort  Memory: 1166kB
                     ->  Seq Scan on s_2  (cost=0.00..164.00 rows=10000 width=20) (actual time=0.007..0.579 rows=10000 loops=1)
 Planning time: 0.225 ms
 Execution time: 2.010 ms
(13 rows)

===== 171 [Wed Mar  7 01:58:19 CET 2018] scale:10000 groups:100 work_mem:4MB incremental:on max_workers:2 =====
SELECT * FROM (SELECT * FROM s_3 ORDER BY a, b, c) foo ORDER BY a, b, c, d LIMIT 100
                                                           QUERY PLAN                                                           
--------------------------------------------------------------------------------------------------------------------------------
 Limit  (cost=831.65..831.65 rows=1 width=20) (actual time=2.006..2.006 rows=0 loops=1)
   ->  Limit  (cost=828.68..830.65 rows=100 width=20) (actual time=1.978..2.002 rows=100 loops=1)
         ->  Incremental Sort  (cost=828.68..1026.30 rows=10000 width=20) (actual time=1.978..1.996 rows=100 loops=1)
               Sort Key: s_3.a, s_3.b, s_3.c, s_3.d
               Presorted Key: s_3.a, s_3.b, s_3.c
               Sort Method: quicksort  Memory: 27kB
               Sort Groups: 4
               ->  Sort  (cost=828.39..853.39 rows=10000 width=20) (actual time=1.938..1.943 rows=129 loops=1)
                     Sort Key: s_3.a, s_3.b, s_3.c
                     Sort Method: quicksort  Memory: 1166kB
                     ->  Seq Scan on s_3  (cost=0.00..164.00 rows=10000 width=20) (actual time=0.007..0.575 rows=10000 loops=1)
 Planning time: 0.218 ms
 Execution time: 2.067 ms
(13 rows)

===== 172 [Wed Mar  7 01:58:19 CET 2018] scale:10000 groups:100 work_mem:4MB incremental:on max_workers:2 =====
SELECT * FROM (SELECT * FROM s_4 ORDER BY a, b, c, d) foo ORDER BY a, b, c, d, e LIMIT 100
                                                           QUERY PLAN                                                           
--------------------------------------------------------------------------------------------------------------------------------
 Limit  (cost=831.65..831.65 rows=1 width=20) (actual time=2.004..2.004 rows=0 loops=1)
   ->  Limit  (cost=828.68..830.65 rows=100 width=20) (actual time=1.977..2.001 rows=100 loops=1)
         ->  Incremental Sort  (cost=828.68..1026.30 rows=10000 width=20) (actual time=1.977..1.995 rows=100 loops=1)
               Sort Key: s_4.a, s_4.b, s_4.c, s_4.d, s_4.e
               Presorted Key: s_4.a, s_4.b, s_4.c, s_4.d
               Sort Method: quicksort  Memory: 27kB
               Sort Groups: 4
               ->  Sort  (cost=828.39..853.39 rows=10000 width=20) (actual time=1.931..1.937 rows=129 loops=1)
                     Sort Key: s_4.a, s_4.b, s_4.c, s_4.d
                     Sort Method: quicksort  Memory: 1166kB
                     ->  Seq Scan on s_4  (cost=0.00..164.00 rows=10000 width=20) (actual time=0.004..0.569 rows=10000 loops=1)
 Planning time: 0.234 ms
 Execution time: 2.066 ms
(13 rows)

===== 173 [Wed Mar  7 01:58:19 CET 2018] scale:10000 groups:100 work_mem:4MB incremental:off max_workers:2 =====
SELECT * FROM (SELECT * FROM s_1 ORDER BY a) foo ORDER BY a, b LIMIT 100
                                                           QUERY PLAN                                                           
--------------------------------------------------------------------------------------------------------------------------------
 Limit  (cost=1336.83..1336.83 rows=1 width=20) (actual time=2.775..2.775 rows=0 loops=1)
   ->  Limit  (cost=1335.58..1335.83 rows=100 width=20) (actual time=2.762..2.772 rows=100 loops=1)
         ->  Sort  (cost=1335.58..1360.58 rows=10000 width=20) (actual time=2.762..2.766 rows=100 loops=1)
               Sort Key: s_1.a, s_1.b
               Sort Method: top-N heapsort  Memory: 35kB
               ->  Sort  (cost=828.39..853.39 rows=10000 width=20) (actual time=1.708..2.043 rows=10000 loops=1)
                     Sort Key: s_1.a
                     Sort Method: quicksort  Memory: 1166kB
                     ->  Seq Scan on s_1  (cost=0.00..164.00 rows=10000 width=20) (actual time=0.007..0.572 rows=10000 loops=1)
 Planning time: 0.206 ms
 Execution time: 2.837 ms
(11 rows)

===== 174 [Wed Mar  7 01:58:19 CET 2018] scale:10000 groups:100 work_mem:4MB incremental:off max_workers:2 =====
SELECT * FROM (SELECT * FROM s_2 ORDER BY a, b) foo ORDER BY a, b, c LIMIT 100
                                                           QUERY PLAN                                                           
--------------------------------------------------------------------------------------------------------------------------------
 Limit  (cost=1336.83..1336.83 rows=1 width=20) (actual time=2.925..2.925 rows=0 loops=1)
   ->  Limit  (cost=1335.58..1335.83 rows=100 width=20) (actual time=2.912..2.921 rows=100 loops=1)
         ->  Sort  (cost=1335.58..1360.58 rows=10000 width=20) (actual time=2.912..2.916 rows=100 loops=1)
               Sort Key: s_2.a, s_2.b, s_2.c
               Sort Method: top-N heapsort  Memory: 32kB
               ->  Sort  (cost=828.39..853.39 rows=10000 width=20) (actual time=1.862..2.202 rows=10000 loops=1)
                     Sort Key: s_2.a, s_2.b
                     Sort Method: quicksort  Memory: 1166kB
                     ->  Seq Scan on s_2  (cost=0.00..164.00 rows=10000 width=20) (actual time=0.007..0.576 rows=10000 loops=1)
 Planning time: 0.209 ms
 Execution time: 2.987 ms
(11 rows)

===== 175 [Wed Mar  7 01:58:19 CET 2018] scale:10000 groups:100 work_mem:4MB incremental:off max_workers:2 =====
SELECT * FROM (SELECT * FROM s_3 ORDER BY a, b, c) foo ORDER BY a, b, c, d LIMIT 100
                                                           QUERY PLAN                                                           
--------------------------------------------------------------------------------------------------------------------------------
 Limit  (cost=1336.83..1336.83 rows=1 width=20) (actual time=3.056..3.056 rows=0 loops=1)
   ->  Limit  (cost=1335.58..1335.83 rows=100 width=20) (actual time=3.043..3.052 rows=100 loops=1)
         ->  Sort  (cost=1335.58..1360.58 rows=10000 width=20) (actual time=3.043..3.046 rows=100 loops=1)
               Sort Key: s_3.a, s_3.b, s_3.c, s_3.d
               Sort Method: top-N heapsort  Memory: 32kB
               ->  Sort  (cost=828.39..853.39 rows=10000 width=20) (actual time=1.937..2.281 rows=10000 loops=1)
                     Sort Key: s_3.a, s_3.b, s_3.c
                     Sort Method: quicksort  Memory: 1166kB
                     ->  Seq Scan on s_3  (cost=0.00..164.00 rows=10000 width=20) (actual time=0.008..0.582 rows=10000 loops=1)
 Planning time: 0.209 ms
 Execution time: 3.119 ms
(11 rows)

===== 176 [Wed Mar  7 01:58:19 CET 2018] scale:10000 groups:100 work_mem:4MB incremental:off max_workers:2 =====
SELECT * FROM (SELECT * FROM s_4 ORDER BY a, b, c, d) foo ORDER BY a, b, c, d, e LIMIT 100
                                                           QUERY PLAN                                                           
--------------------------------------------------------------------------------------------------------------------------------
 Limit  (cost=1336.83..1336.83 rows=1 width=20) (actual time=3.060..3.060 rows=0 loops=1)
   ->  Limit  (cost=1335.58..1335.83 rows=100 width=20) (actual time=3.047..3.056 rows=100 loops=1)
         ->  Sort  (cost=1335.58..1360.58 rows=10000 width=20) (actual time=3.047..3.051 rows=100 loops=1)
               Sort Key: s_4.a, s_4.b, s_4.c, s_4.d, s_4.e
               Sort Method: top-N heapsort  Memory: 32kB
               ->  Sort  (cost=828.39..853.39 rows=10000 width=20) (actual time=1.922..2.269 rows=10000 loops=1)
                     Sort Key: s_4.a, s_4.b, s_4.c, s_4.d
                     Sort Method: quicksort  Memory: 1166kB
                     ->  Seq Scan on s_4  (cost=0.00..164.00 rows=10000 width=20) (actual time=0.004..0.571 rows=10000 loops=1)
 Planning time: 0.218 ms
 Execution time: 3.122 ms
(11 rows)

===== 177 [Wed Mar  7 01:58:19 CET 2018] scale:10000 groups:100 work_mem:8MB incremental:on max_workers:2 =====
SELECT * FROM (SELECT * FROM s_1 ORDER BY a) foo ORDER BY a, b LIMIT 100
                                                           QUERY PLAN                                                           
--------------------------------------------------------------------------------------------------------------------------------
 Limit  (cost=835.68..835.68 rows=1 width=20) (actual time=1.801..1.801 rows=0 loops=1)
   ->  Limit  (cost=832.91..834.68 rows=100 width=20) (actual time=1.757..1.797 rows=100 loops=1)
         ->  Incremental Sort  (cost=832.91..1009.97 rows=10000 width=20) (actual time=1.757..1.791 rows=100 loops=1)
               Sort Key: s_1.a, s_1.b
               Presorted Key: s_1.a
               Sort Method: quicksort  Memory: 32kB
               Sort Groups: 2
               ->  Sort  (cost=828.39..853.39 rows=10000 width=20) (actual time=1.708..1.714 rows=150 loops=1)
                     Sort Key: s_1.a
                     Sort Method: quicksort  Memory: 1166kB
                     ->  Seq Scan on s_1  (cost=0.00..164.00 rows=10000 width=20) (actual time=0.007..0.574 rows=10000 loops=1)
 Planning time: 0.226 ms
 Execution time: 1.862 ms
(13 rows)

===== 178 [Wed Mar  7 01:58:19 CET 2018] scale:10000 groups:100 work_mem:8MB incremental:on max_workers:2 =====
SELECT * FROM (SELECT * FROM s_2 ORDER BY a, b) foo ORDER BY a, b, c LIMIT 100
                                                           QUERY PLAN                                                           
--------------------------------------------------------------------------------------------------------------------------------
 Limit  (cost=831.65..831.65 rows=1 width=20) (actual time=1.944..1.944 rows=0 loops=1)
   ->  Limit  (cost=828.68..830.65 rows=100 width=20) (actual time=1.907..1.940 rows=100 loops=1)
         ->  Incremental Sort  (cost=828.68..1026.30 rows=10000 width=20) (actual time=1.907..1.934 rows=100 loops=1)
               Sort Key: s_2.a, s_2.b, s_2.c
               Presorted Key: s_2.a, s_2.b
               Sort Method: quicksort  Memory: 27kB
               Sort Groups: 4
               ->  Sort  (cost=828.39..853.39 rows=10000 width=20) (actual time=1.866..1.871 rows=131 loops=1)
                     Sort Key: s_2.a, s_2.b
                     Sort Method: quicksort  Memory: 1166kB
                     ->  Seq Scan on s_2  (cost=0.00..164.00 rows=10000 width=20) (actual time=0.007..0.587 rows=10000 loops=1)
 Planning time: 0.214 ms
 Execution time: 2.008 ms
(13 rows)

===== 179 [Wed Mar  7 01:58:19 CET 2018] scale:10000 groups:100 work_mem:8MB incremental:on max_workers:2 =====
SELECT * FROM (SELECT * FROM s_3 ORDER BY a, b, c) foo ORDER BY a, b, c, d LIMIT 100
                                                           QUERY PLAN                                                           
--------------------------------------------------------------------------------------------------------------------------------
 Limit  (cost=831.65..831.65 rows=1 width=20) (actual time=2.006..2.006 rows=0 loops=1)
   ->  Limit  (cost=828.68..830.65 rows=100 width=20) (actual time=1.978..2.002 rows=100 loops=1)
         ->  Incremental Sort  (cost=828.68..1026.30 rows=10000 width=20) (actual time=1.978..1.996 rows=100 loops=1)
               Sort Key: s_3.a, s_3.b, s_3.c, s_3.d
               Presorted Key: s_3.a, s_3.b, s_3.c
               Sort Method: quicksort  Memory: 27kB
               Sort Groups: 4
               ->  Sort  (cost=828.39..853.39 rows=10000 width=20) (actual time=1.938..1.943 rows=129 loops=1)
                     Sort Key: s_3.a, s_3.b, s_3.c
                     Sort Method: quicksort  Memory: 1166kB
                     ->  Seq Scan on s_3  (cost=0.00..164.00 rows=10000 width=20) (actual time=0.007..0.574 rows=10000 loops=1)
 Planning time: 0.216 ms
 Execution time: 2.068 ms
(13 rows)

===== 180 [Wed Mar  7 01:58:20 CET 2018] scale:10000 groups:100 work_mem:8MB incremental:on max_workers:2 =====
SELECT * FROM (SELECT * FROM s_4 ORDER BY a, b, c, d) foo ORDER BY a, b, c, d, e LIMIT 100
                                                           QUERY PLAN                                                           
--------------------------------------------------------------------------------------------------------------------------------
 Limit  (cost=831.65..831.65 rows=1 width=20) (actual time=1.996..1.996 rows=0 loops=1)
   ->  Limit  (cost=828.68..830.65 rows=100 width=20) (actual time=1.969..1.993 rows=100 loops=1)
         ->  Incremental Sort  (cost=828.68..1026.30 rows=10000 width=20) (actual time=1.968..1.987 rows=100 loops=1)
               Sort Key: s_4.a, s_4.b, s_4.c, s_4.d, s_4.e
               Presorted Key: s_4.a, s_4.b, s_4.c, s_4.d
               Sort Method: quicksort  Memory: 27kB
               Sort Groups: 4
               ->  Sort  (cost=828.39..853.39 rows=10000 width=20) (actual time=1.924..1.929 rows=129 loops=1)
                     Sort Key: s_4.a, s_4.b, s_4.c, s_4.d
                     Sort Method: quicksort  Memory: 1166kB
                     ->  Seq Scan on s_4  (cost=0.00..164.00 rows=10000 width=20) (actual time=0.004..0.568 rows=10000 loops=1)
 Planning time: 0.228 ms
 Execution time: 2.058 ms
(13 rows)

===== 181 [Wed Mar  7 01:58:20 CET 2018] scale:10000 groups:100 work_mem:8MB incremental:off max_workers:2 =====
SELECT * FROM (SELECT * FROM s_1 ORDER BY a) foo ORDER BY a, b LIMIT 100
                                                           QUERY PLAN                                                           
--------------------------------------------------------------------------------------------------------------------------------
 Limit  (cost=1336.83..1336.83 rows=1 width=20) (actual time=2.778..2.778 rows=0 loops=1)
   ->  Limit  (cost=1335.58..1335.83 rows=100 width=20) (actual time=2.765..2.775 rows=100 loops=1)
         ->  Sort  (cost=1335.58..1360.58 rows=10000 width=20) (actual time=2.765..2.769 rows=100 loops=1)
               Sort Key: s_1.a, s_1.b
               Sort Method: top-N heapsort  Memory: 35kB
               ->  Sort  (cost=828.39..853.39 rows=10000 width=20) (actual time=1.713..2.048 rows=10000 loops=1)
                     Sort Key: s_1.a
                     Sort Method: quicksort  Memory: 1166kB
                     ->  Seq Scan on s_1  (cost=0.00..164.00 rows=10000 width=20) (actual time=0.007..0.583 rows=10000 loops=1)
 Planning time: 0.211 ms
 Execution time: 2.841 ms
(11 rows)

===== 182 [Wed Mar  7 01:58:20 CET 2018] scale:10000 groups:100 work_mem:8MB incremental:off max_workers:2 =====
SELECT * FROM (SELECT * FROM s_2 ORDER BY a, b) foo ORDER BY a, b, c LIMIT 100
                                                           QUERY PLAN                                                           
--------------------------------------------------------------------------------------------------------------------------------
 Limit  (cost=1336.83..1336.83 rows=1 width=20) (actual time=2.926..2.926 rows=0 loops=1)
   ->  Limit  (cost=1335.58..1335.83 rows=100 width=20) (actual time=2.913..2.922 rows=100 loops=1)
         ->  Sort  (cost=1335.58..1360.58 rows=10000 width=20) (actual time=2.912..2.916 rows=100 loops=1)
               Sort Key: s_2.a, s_2.b, s_2.c
               Sort Method: top-N heapsort  Memory: 32kB
               ->  Sort  (cost=828.39..853.39 rows=10000 width=20) (actual time=1.861..2.201 rows=10000 loops=1)
                     Sort Key: s_2.a, s_2.b
                     Sort Method: quicksort  Memory: 1166kB
                     ->  Seq Scan on s_2  (cost=0.00..164.00 rows=10000 width=20) (actual time=0.008..0.575 rows=10000 loops=1)
 Planning time: 0.212 ms
 Execution time: 2.988 ms
(11 rows)

===== 183 [Wed Mar  7 01:58:20 CET 2018] scale:10000 groups:100 work_mem:8MB incremental:off max_workers:2 =====
SELECT * FROM (SELECT * FROM s_3 ORDER BY a, b, c) foo ORDER BY a, b, c, d LIMIT 100
                                                           QUERY PLAN                                                           
--------------------------------------------------------------------------------------------------------------------------------
 Limit  (cost=1336.83..1336.83 rows=1 width=20) (actual time=3.057..3.057 rows=0 loops=1)
   ->  Limit  (cost=1335.58..1335.83 rows=100 width=20) (actual time=3.044..3.053 rows=100 loops=1)
         ->  Sort  (cost=1335.58..1360.58 rows=10000 width=20) (actual time=3.044..3.047 rows=100 loops=1)
               Sort Key: s_3.a, s_3.b, s_3.c, s_3.d
               Sort Method: top-N heapsort  Memory: 32kB
               ->  Sort  (cost=828.39..853.39 rows=10000 width=20) (actual time=1.930..2.271 rows=10000 loops=1)
                     Sort Key: s_3.a, s_3.b, s_3.c
                     Sort Method: quicksort  Memory: 1166kB
                     ->  Seq Scan on s_3  (cost=0.00..164.00 rows=10000 width=20) (actual time=0.008..0.575 rows=10000 loops=1)
 Planning time: 0.211 ms
 Execution time: 3.119 ms
(11 rows)

===== 184 [Wed Mar  7 01:58:20 CET 2018] scale:10000 groups:100 work_mem:8MB incremental:off max_workers:2 =====
SELECT * FROM (SELECT * FROM s_4 ORDER BY a, b, c, d) foo ORDER BY a, b, c, d, e LIMIT 100
                                                           QUERY PLAN                                                           
--------------------------------------------------------------------------------------------------------------------------------
 Limit  (cost=1336.83..1336.83 rows=1 width=20) (actual time=3.042..3.042 rows=0 loops=1)
   ->  Limit  (cost=1335.58..1335.83 rows=100 width=20) (actual time=3.029..3.038 rows=100 loops=1)
         ->  Sort  (cost=1335.58..1360.58 rows=10000 width=20) (actual time=3.028..3.032 rows=100 loops=1)
               Sort Key: s_4.a, s_4.b, s_4.c, s_4.d, s_4.e
               Sort Method: top-N heapsort  Memory: 32kB
               ->  Sort  (cost=828.39..853.39 rows=10000 width=20) (actual time=1.921..2.266 rows=10000 loops=1)
                     Sort Key: s_4.a, s_4.b, s_4.c, s_4.d
                     Sort Method: quicksort  Memory: 1166kB
                     ->  Seq Scan on s_4  (cost=0.00..164.00 rows=10000 width=20) (actual time=0.004..0.568 rows=10000 loops=1)
 Planning time: 0.221 ms
 Execution time: 3.108 ms
(11 rows)

===== 185 [Wed Mar  7 01:58:20 CET 2018] scale:10000 groups:100 work_mem:16MB incremental:on max_workers:2 =====
SELECT * FROM (SELECT * FROM s_1 ORDER BY a) foo ORDER BY a, b LIMIT 100
                                                           QUERY PLAN                                                           
--------------------------------------------------------------------------------------------------------------------------------
 Limit  (cost=835.68..835.68 rows=1 width=20) (actual time=1.810..1.810 rows=0 loops=1)
   ->  Limit  (cost=832.91..834.68 rows=100 width=20) (actual time=1.772..1.807 rows=100 loops=1)
         ->  Incremental Sort  (cost=832.91..1009.97 rows=10000 width=20) (actual time=1.771..1.800 rows=100 loops=1)
               Sort Key: s_1.a, s_1.b
               Presorted Key: s_1.a
               Sort Method: quicksort  Memory: 32kB
               Sort Groups: 2
               ->  Sort  (cost=828.39..853.39 rows=10000 width=20) (actual time=1.722..1.728 rows=150 loops=1)
                     Sort Key: s_1.a
                     Sort Method: quicksort  Memory: 1166kB
                     ->  Seq Scan on s_1  (cost=0.00..164.00 rows=10000 width=20) (actual time=0.007..0.587 rows=10000 loops=1)
 Planning time: 0.216 ms
 Execution time: 1.870 ms
(13 rows)

===== 186 [Wed Mar  7 01:58:20 CET 2018] scale:10000 groups:100 work_mem:16MB incremental:on max_workers:2 =====
SELECT * FROM (SELECT * FROM s_2 ORDER BY a, b) foo ORDER BY a, b, c LIMIT 100
                                                           QUERY PLAN                                                           
--------------------------------------------------------------------------------------------------------------------------------
 Limit  (cost=831.65..831.65 rows=1 width=20) (actual time=1.940..1.940 rows=0 loops=1)
   ->  Limit  (cost=828.68..830.65 rows=100 width=20) (actual time=1.904..1.937 rows=100 loops=1)
         ->  Incremental Sort  (cost=828.68..1026.30 rows=10000 width=20) (actual time=1.903..1.931 rows=100 loops=1)
               Sort Key: s_2.a, s_2.b, s_2.c
               Presorted Key: s_2.a, s_2.b
               Sort Method: quicksort  Memory: 27kB
               Sort Groups: 4
               ->  Sort  (cost=828.39..853.39 rows=10000 width=20) (actual time=1.862..1.867 rows=131 loops=1)
                     Sort Key: s_2.a, s_2.b
                     Sort Method: quicksort  Memory: 1166kB
                     ->  Seq Scan on s_2  (cost=0.00..164.00 rows=10000 width=20) (actual time=0.007..0.574 rows=10000 loops=1)
 Planning time: 0.217 ms
 Execution time: 2.002 ms
(13 rows)

===== 187 [Wed Mar  7 01:58:20 CET 2018] scale:10000 groups:100 work_mem:16MB incremental:on max_workers:2 =====
SELECT * FROM (SELECT * FROM s_3 ORDER BY a, b, c) foo ORDER BY a, b, c, d LIMIT 100
                                                           QUERY PLAN                                                           
--------------------------------------------------------------------------------------------------------------------------------
 Limit  (cost=831.65..831.65 rows=1 width=20) (actual time=2.009..2.009 rows=0 loops=1)
   ->  Limit  (cost=828.68..830.65 rows=100 width=20) (actual time=1.982..2.005 rows=100 loops=1)
         ->  Incremental Sort  (cost=828.68..1026.30 rows=10000 width=20) (actual time=1.981..1.999 rows=100 loops=1)
               Sort Key: s_3.a, s_3.b, s_3.c, s_3.d
               Presorted Key: s_3.a, s_3.b, s_3.c
               Sort Method: quicksort  Memory: 27kB
               Sort Groups: 4
               ->  Sort  (cost=828.39..853.39 rows=10000 width=20) (actual time=1.932..1.938 rows=129 loops=1)
                     Sort Key: s_3.a, s_3.b, s_3.c
                     Sort Method: quicksort  Memory: 1166kB
                     ->  Seq Scan on s_3  (cost=0.00..164.00 rows=10000 width=20) (actual time=0.008..0.577 rows=10000 loops=1)
 Planning time: 0.217 ms
 Execution time: 2.072 ms
(13 rows)

===== 188 [Wed Mar  7 01:58:20 CET 2018] scale:10000 groups:100 work_mem:16MB incremental:on max_workers:2 =====
SELECT * FROM (SELECT * FROM s_4 ORDER BY a, b, c, d) foo ORDER BY a, b, c, d, e LIMIT 100
                                                           QUERY PLAN                                                           
--------------------------------------------------------------------------------------------------------------------------------
 Limit  (cost=831.65..831.65 rows=1 width=20) (actual time=2.001..2.001 rows=0 loops=1)
   ->  Limit  (cost=828.68..830.65 rows=100 width=20) (actual time=1.973..1.997 rows=100 loops=1)
         ->  Incremental Sort  (cost=828.68..1026.30 rows=10000 width=20) (actual time=1.973..1.991 rows=100 loops=1)
               Sort Key: s_4.a, s_4.b, s_4.c, s_4.d, s_4.e
               Presorted Key: s_4.a, s_4.b, s_4.c, s_4.d
               Sort Method: quicksort  Memory: 27kB
               Sort Groups: 4
               ->  Sort  (cost=828.39..853.39 rows=10000 width=20) (actual time=1.929..1.934 rows=129 loops=1)
                     Sort Key: s_4.a, s_4.b, s_4.c, s_4.d
                     Sort Method: quicksort  Memory: 1166kB
                     ->  Seq Scan on s_4  (cost=0.00..164.00 rows=10000 width=20) (actual time=0.004..0.576 rows=10000 loops=1)
 Planning time: 0.230 ms
 Execution time: 2.063 ms
(13 rows)

===== 189 [Wed Mar  7 01:58:20 CET 2018] scale:10000 groups:100 work_mem:16MB incremental:off max_workers:2 =====
SELECT * FROM (SELECT * FROM s_1 ORDER BY a) foo ORDER BY a, b LIMIT 100
                                                           QUERY PLAN                                                           
--------------------------------------------------------------------------------------------------------------------------------
 Limit  (cost=1336.83..1336.83 rows=1 width=20) (actual time=2.781..2.781 rows=0 loops=1)
   ->  Limit  (cost=1335.58..1335.83 rows=100 width=20) (actual time=2.767..2.777 rows=100 loops=1)
         ->  Sort  (cost=1335.58..1360.58 rows=10000 width=20) (actual time=2.767..2.771 rows=100 loops=1)
               Sort Key: s_1.a, s_1.b
               Sort Method: top-N heapsort  Memory: 35kB
               ->  Sort  (cost=828.39..853.39 rows=10000 width=20) (actual time=1.714..2.052 rows=10000 loops=1)
                     Sort Key: s_1.a
                     Sort Method: quicksort  Memory: 1166kB
                     ->  Seq Scan on s_1  (cost=0.00..164.00 rows=10000 width=20) (actual time=0.007..0.580 rows=10000 loops=1)
 Planning time: 0.211 ms
 Execution time: 2.845 ms
(11 rows)

===== 190 [Wed Mar  7 01:58:20 CET 2018] scale:10000 groups:100 work_mem:16MB incremental:off max_workers:2 =====
SELECT * FROM (SELECT * FROM s_2 ORDER BY a, b) foo ORDER BY a, b, c LIMIT 100
                                                           QUERY PLAN                                                           
--------------------------------------------------------------------------------------------------------------------------------
 Limit  (cost=1336.83..1336.83 rows=1 width=20) (actual time=2.936..2.936 rows=0 loops=1)
   ->  Limit  (cost=1335.58..1335.83 rows=100 width=20) (actual time=2.923..2.933 rows=100 loops=1)
         ->  Sort  (cost=1335.58..1360.58 rows=10000 width=20) (actual time=2.923..2.927 rows=100 loops=1)
               Sort Key: s_2.a, s_2.b, s_2.c
               Sort Method: top-N heapsort  Memory: 32kB
               ->  Sort  (cost=828.39..853.39 rows=10000 width=20) (actual time=1.874..2.209 rows=10000 loops=1)
                     Sort Key: s_2.a, s_2.b
                     Sort Method: quicksort  Memory: 1166kB
                     ->  Seq Scan on s_2  (cost=0.00..164.00 rows=10000 width=20) (actual time=0.007..0.575 rows=10000 loops=1)
 Planning time: 0.212 ms
 Execution time: 2.998 ms
(11 rows)

===== 191 [Wed Mar  7 01:58:20 CET 2018] scale:10000 groups:100 work_mem:16MB incremental:off max_workers:2 =====
SELECT * FROM (SELECT * FROM s_3 ORDER BY a, b, c) foo ORDER BY a, b, c, d LIMIT 100
                                                           QUERY PLAN                                                           
--------------------------------------------------------------------------------------------------------------------------------
 Limit  (cost=1336.83..1336.83 rows=1 width=20) (actual time=3.054..3.054 rows=0 loops=1)
   ->  Limit  (cost=1335.58..1335.83 rows=100 width=20) (actual time=3.041..3.050 rows=100 loops=1)
         ->  Sort  (cost=1335.58..1360.58 rows=10000 width=20) (actual time=3.040..3.044 rows=100 loops=1)
               Sort Key: s_3.a, s_3.b, s_3.c, s_3.d
               Sort Method: top-N heapsort  Memory: 32kB
               ->  Sort  (cost=828.39..853.39 rows=10000 width=20) (actual time=1.938..2.279 rows=10000 loops=1)
                     Sort Key: s_3.a, s_3.b, s_3.c
                     Sort Method: quicksort  Memory: 1166kB
                     ->  Seq Scan on s_3  (cost=0.00..164.00 rows=10000 width=20) (actual time=0.008..0.574 rows=10000 loops=1)
 Planning time: 0.214 ms
 Execution time: 3.116 ms
(11 rows)

===== 192 [Wed Mar  7 01:58:21 CET 2018] scale:10000 groups:100 work_mem:16MB incremental:off max_workers:2 =====
SELECT * FROM (SELECT * FROM s_4 ORDER BY a, b, c, d) foo ORDER BY a, b, c, d, e LIMIT 100
                                                           QUERY PLAN                                                           
--------------------------------------------------------------------------------------------------------------------------------
 Limit  (cost=1336.83..1336.83 rows=1 width=20) (actual time=3.046..3.046 rows=0 loops=1)
   ->  Limit  (cost=1335.58..1335.83 rows=100 width=20) (actual time=3.033..3.042 rows=100 loops=1)
         ->  Sort  (cost=1335.58..1360.58 rows=10000 width=20) (actual time=3.032..3.036 rows=100 loops=1)
               Sort Key: s_4.a, s_4.b, s_4.c, s_4.d, s_4.e
               Sort Method: top-N heapsort  Memory: 32kB
               ->  Sort  (cost=828.39..853.39 rows=10000 width=20) (actual time=1.929..2.269 rows=10000 loops=1)
                     Sort Key: s_4.a, s_4.b, s_4.c, s_4.d
                     Sort Method: quicksort  Memory: 1166kB
                     ->  Seq Scan on s_4  (cost=0.00..164.00 rows=10000 width=20) (actual time=0.004..0.569 rows=10000 loops=1)
 Planning time: 0.223 ms
 Execution time: 3.108 ms
(11 rows)

===== 193 [Wed Mar  7 01:58:21 CET 2018] scale:10000 groups:100 work_mem:32MB incremental:on max_workers:2 =====
SELECT * FROM (SELECT * FROM s_1 ORDER BY a) foo ORDER BY a, b LIMIT 100
                                                           QUERY PLAN                                                           
--------------------------------------------------------------------------------------------------------------------------------
 Limit  (cost=835.68..835.68 rows=1 width=20) (actual time=1.799..1.799 rows=0 loops=1)
   ->  Limit  (cost=832.91..834.68 rows=100 width=20) (actual time=1.760..1.795 rows=100 loops=1)
         ->  Incremental Sort  (cost=832.91..1009.97 rows=10000 width=20) (actual time=1.760..1.789 rows=100 loops=1)
               Sort Key: s_1.a, s_1.b
               Presorted Key: s_1.a
               Sort Method: quicksort  Memory: 32kB
               Sort Groups: 2
               ->  Sort  (cost=828.39..853.39 rows=10000 width=20) (actual time=1.709..1.714 rows=150 loops=1)
                     Sort Key: s_1.a
                     Sort Method: quicksort  Memory: 1166kB
                     ->  Seq Scan on s_1  (cost=0.00..164.00 rows=10000 width=20) (actual time=0.007..0.572 rows=10000 loops=1)
 Planning time: 0.213 ms
 Execution time: 1.861 ms
(13 rows)

===== 194 [Wed Mar  7 01:58:21 CET 2018] scale:10000 groups:100 work_mem:32MB incremental:on max_workers:2 =====
SELECT * FROM (SELECT * FROM s_2 ORDER BY a, b) foo ORDER BY a, b, c LIMIT 100
                                                           QUERY PLAN                                                           
--------------------------------------------------------------------------------------------------------------------------------
 Limit  (cost=831.65..831.65 rows=1 width=20) (actual time=1.943..1.943 rows=0 loops=1)
   ->  Limit  (cost=828.68..830.65 rows=100 width=20) (actual time=1.906..1.939 rows=100 loops=1)
         ->  Incremental Sort  (cost=828.68..1026.30 rows=10000 width=20) (actual time=1.906..1.933 rows=100 loops=1)
               Sort Key: s_2.a, s_2.b, s_2.c
               Presorted Key: s_2.a, s_2.b
               Sort Method: quicksort  Memory: 27kB
               Sort Groups: 4
               ->  Sort  (cost=828.39..853.39 rows=10000 width=20) (actual time=1.865..1.870 rows=131 loops=1)
                     Sort Key: s_2.a, s_2.b
                     Sort Method: quicksort  Memory: 1166kB
                     ->  Seq Scan on s_2  (cost=0.00..164.00 rows=10000 width=20) (actual time=0.008..0.582 rows=10000 loops=1)
 Planning time: 0.216 ms
 Execution time: 2.007 ms
(13 rows)

===== 195 [Wed Mar  7 01:58:21 CET 2018] scale:10000 groups:100 work_mem:32MB incremental:on max_workers:2 =====
SELECT * FROM (SELECT * FROM s_3 ORDER BY a, b, c) foo ORDER BY a, b, c, d LIMIT 100
                                                           QUERY PLAN                                                           
--------------------------------------------------------------------------------------------------------------------------------
 Limit  (cost=831.65..831.65 rows=1 width=20) (actual time=2.001..2.001 rows=0 loops=1)
   ->  Limit  (cost=828.68..830.65 rows=100 width=20) (actual time=1.974..1.997 rows=100 loops=1)
         ->  Incremental Sort  (cost=828.68..1026.30 rows=10000 width=20) (actual time=1.973..1.992 rows=100 loops=1)
               Sort Key: s_3.a, s_3.b, s_3.c, s_3.d
               Presorted Key: s_3.a, s_3.b, s_3.c
               Sort Method: quicksort  Memory: 27kB
               Sort Groups: 4
               ->  Sort  (cost=828.39..853.39 rows=10000 width=20) (actual time=1.932..1.937 rows=129 loops=1)
                     Sort Key: s_3.a, s_3.b, s_3.c
                     Sort Method: quicksort  Memory: 1166kB
                     ->  Seq Scan on s_3  (cost=0.00..164.00 rows=10000 width=20) (actual time=0.008..0.581 rows=10000 loops=1)
 Planning time: 0.216 ms
 Execution time: 2.064 ms
(13 rows)

===== 196 [Wed Mar  7 01:58:21 CET 2018] scale:10000 groups:100 work_mem:32MB incremental:on max_workers:2 =====
SELECT * FROM (SELECT * FROM s_4 ORDER BY a, b, c, d) foo ORDER BY a, b, c, d, e LIMIT 100
                                                           QUERY PLAN                                                           
--------------------------------------------------------------------------------------------------------------------------------
 Limit  (cost=831.65..831.65 rows=1 width=20) (actual time=2.005..2.005 rows=0 loops=1)
   ->  Limit  (cost=828.68..830.65 rows=100 width=20) (actual time=1.977..2.001 rows=100 loops=1)
         ->  Incremental Sort  (cost=828.68..1026.30 rows=10000 width=20) (actual time=1.977..1.995 rows=100 loops=1)
               Sort Key: s_4.a, s_4.b, s_4.c, s_4.d, s_4.e
               Presorted Key: s_4.a, s_4.b, s_4.c, s_4.d
               Sort Method: quicksort  Memory: 27kB
               Sort Groups: 4
               ->  Sort  (cost=828.39..853.39 rows=10000 width=20) (actual time=1.931..1.937 rows=129 loops=1)
                     Sort Key: s_4.a, s_4.b, s_4.c, s_4.d
                     Sort Method: quicksort  Memory: 1166kB
                     ->  Seq Scan on s_4  (cost=0.00..164.00 rows=10000 width=20) (actual time=0.004..0.574 rows=10000 loops=1)
 Planning time: 0.227 ms
 Execution time: 2.066 ms
(13 rows)

===== 197 [Wed Mar  7 01:58:21 CET 2018] scale:10000 groups:100 work_mem:32MB incremental:off max_workers:2 =====
SELECT * FROM (SELECT * FROM s_1 ORDER BY a) foo ORDER BY a, b LIMIT 100
                                                           QUERY PLAN                                                           
--------------------------------------------------------------------------------------------------------------------------------
 Limit  (cost=1336.83..1336.83 rows=1 width=20) (actual time=2.776..2.776 rows=0 loops=1)
   ->  Limit  (cost=1335.58..1335.83 rows=100 width=20) (actual time=2.763..2.772 rows=100 loops=1)
         ->  Sort  (cost=1335.58..1360.58 rows=10000 width=20) (actual time=2.763..2.766 rows=100 loops=1)
               Sort Key: s_1.a, s_1.b
               Sort Method: top-N heapsort  Memory: 35kB
               ->  Sort  (cost=828.39..853.39 rows=10000 width=20) (actual time=1.705..2.040 rows=10000 loops=1)
                     Sort Key: s_1.a
                     Sort Method: quicksort  Memory: 1166kB
                     ->  Seq Scan on s_1  (cost=0.00..164.00 rows=10000 width=20) (actual time=0.007..0.575 rows=10000 loops=1)
 Planning time: 0.206 ms
 Execution time: 2.838 ms
(11 rows)

===== 198 [Wed Mar  7 01:58:21 CET 2018] scale:10000 groups:100 work_mem:32MB incremental:off max_workers:2 =====
SELECT * FROM (SELECT * FROM s_2 ORDER BY a, b) foo ORDER BY a, b, c LIMIT 100
                                                           QUERY PLAN                                                           
--------------------------------------------------------------------------------------------------------------------------------
 Limit  (cost=1336.83..1336.83 rows=1 width=20) (actual time=2.929..2.929 rows=0 loops=1)
   ->  Limit  (cost=1335.58..1335.83 rows=100 width=20) (actual time=2.911..2.921 rows=100 loops=1)
         ->  Sort  (cost=1335.58..1360.58 rows=10000 width=20) (actual time=2.911..2.915 rows=100 loops=1)
               Sort Key: s_2.a, s_2.b, s_2.c
               Sort Method: top-N heapsort  Memory: 32kB
               ->  Sort  (cost=828.39..853.39 rows=10000 width=20) (actual time=1.862..2.196 rows=10000 loops=1)
                     Sort Key: s_2.a, s_2.b
                     Sort Method: quicksort  Memory: 1166kB
                     ->  Seq Scan on s_2  (cost=0.00..164.00 rows=10000 width=20) (actual time=0.008..0.574 rows=10000 loops=1)
 Planning time: 0.215 ms
 Execution time: 2.991 ms
(11 rows)

===== 199 [Wed Mar  7 01:58:21 CET 2018] scale:10000 groups:100 work_mem:32MB incremental:off max_workers:2 =====
SELECT * FROM (SELECT * FROM s_3 ORDER BY a, b, c) foo ORDER BY a, b, c, d LIMIT 100
                                                           QUERY PLAN                                                           
--------------------------------------------------------------------------------------------------------------------------------
 Limit  (cost=1336.83..1336.83 rows=1 width=20) (actual time=3.054..3.054 rows=0 loops=1)
   ->  Limit  (cost=1335.58..1335.83 rows=100 width=20) (actual time=3.041..3.051 rows=100 loops=1)
         ->  Sort  (cost=1335.58..1360.58 rows=10000 width=20) (actual time=3.041..3.045 rows=100 loops=1)
               Sort Key: s_3.a, s_3.b, s_3.c, s_3.d
               Sort Method: top-N heapsort  Memory: 32kB
               ->  Sort  (cost=828.39..853.39 rows=10000 width=20) (actual time=1.930..2.271 rows=10000 loops=1)
                     Sort Key: s_3.a, s_3.b, s_3.c
                     Sort Method: quicksort  Memory: 1166kB
                     ->  Seq Scan on s_3  (cost=0.00..164.00 rows=10000 width=20) (actual time=0.008..0.573 rows=10000 loops=1)
 Planning time: 0.210 ms
 Execution time: 3.117 ms
(11 rows)

===== 200 [Wed Mar  7 01:58:21 CET 2018] scale:10000 groups:100 work_mem:32MB incremental:off max_workers:2 =====
SELECT * FROM (SELECT * FROM s_4 ORDER BY a, b, c, d) foo ORDER BY a, b, c, d, e LIMIT 100
                                                           QUERY PLAN                                                           
--------------------------------------------------------------------------------------------------------------------------------
 Limit  (cost=1336.83..1336.83 rows=1 width=20) (actual time=3.072..3.072 rows=0 loops=1)
   ->  Limit  (cost=1335.58..1335.83 rows=100 width=20) (actual time=3.059..3.068 rows=100 loops=1)
         ->  Sort  (cost=1335.58..1360.58 rows=10000 width=20) (actual time=3.059..3.063 rows=100 loops=1)
               Sort Key: s_4.a, s_4.b, s_4.c, s_4.d, s_4.e
               Sort Method: top-N heapsort  Memory: 32kB
               ->  Sort  (cost=828.39..853.39 rows=10000 width=20) (actual time=1.927..2.270 rows=10000 loops=1)
                     Sort Key: s_4.a, s_4.b, s_4.c, s_4.d
                     Sort Method: quicksort  Memory: 1166kB
                     ->  Seq Scan on s_4  (cost=0.00..164.00 rows=10000 width=20) (actual time=0.004..0.569 rows=10000 loops=1)
 Planning time: 0.226 ms
 Execution time: 3.134 ms
(11 rows)

===== 201 [Wed Mar  7 01:58:21 CET 2018] scale:10000 groups:100 work_mem:64MB incremental:on max_workers:2 =====
SELECT * FROM (SELECT * FROM s_1 ORDER BY a) foo ORDER BY a, b LIMIT 100
                                                           QUERY PLAN                                                           
--------------------------------------------------------------------------------------------------------------------------------
 Limit  (cost=835.68..835.68 rows=1 width=20) (actual time=1.810..1.810 rows=0 loops=1)
   ->  Limit  (cost=832.91..834.68 rows=100 width=20) (actual time=1.772..1.806 rows=100 loops=1)
         ->  Incremental Sort  (cost=832.91..1009.97 rows=10000 width=20) (actual time=1.772..1.801 rows=100 loops=1)
               Sort Key: s_1.a, s_1.b
               Presorted Key: s_1.a
               Sort Method: quicksort  Memory: 32kB
               Sort Groups: 2
               ->  Sort  (cost=828.39..853.39 rows=10000 width=20) (actual time=1.722..1.728 rows=150 loops=1)
                     Sort Key: s_1.a
                     Sort Method: quicksort  Memory: 1166kB
                     ->  Seq Scan on s_1  (cost=0.00..164.00 rows=10000 width=20) (actual time=0.007..0.583 rows=10000 loops=1)
 Planning time: 0.216 ms
 Execution time: 1.871 ms
(13 rows)

===== 202 [Wed Mar  7 01:58:21 CET 2018] scale:10000 groups:100 work_mem:64MB incremental:on max_workers:2 =====
SELECT * FROM (SELECT * FROM s_2 ORDER BY a, b) foo ORDER BY a, b, c LIMIT 100
                                                           QUERY PLAN                                                           
--------------------------------------------------------------------------------------------------------------------------------
 Limit  (cost=831.65..831.65 rows=1 width=20) (actual time=1.950..1.950 rows=0 loops=1)
   ->  Limit  (cost=828.68..830.65 rows=100 width=20) (actual time=1.913..1.946 rows=100 loops=1)
         ->  Incremental Sort  (cost=828.68..1026.30 rows=10000 width=20) (actual time=1.913..1.940 rows=100 loops=1)
               Sort Key: s_2.a, s_2.b, s_2.c
               Presorted Key: s_2.a, s_2.b
               Sort Method: quicksort  Memory: 27kB
               Sort Groups: 4
               ->  Sort  (cost=828.39..853.39 rows=10000 width=20) (actual time=1.872..1.878 rows=131 loops=1)
                     Sort Key: s_2.a, s_2.b
                     Sort Method: quicksort  Memory: 1166kB
                     ->  Seq Scan on s_2  (cost=0.00..164.00 rows=10000 width=20) (actual time=0.008..0.575 rows=10000 loops=1)
 Planning time: 0.220 ms
 Execution time: 2.011 ms
(13 rows)

===== 203 [Wed Mar  7 01:58:21 CET 2018] scale:10000 groups:100 work_mem:64MB incremental:on max_workers:2 =====
SELECT * FROM (SELECT * FROM s_3 ORDER BY a, b, c) foo ORDER BY a, b, c, d LIMIT 100
                                                           QUERY PLAN                                                           
--------------------------------------------------------------------------------------------------------------------------------
 Limit  (cost=831.65..831.65 rows=1 width=20) (actual time=2.007..2.007 rows=0 loops=1)
   ->  Limit  (cost=828.68..830.65 rows=100 width=20) (actual time=1.979..2.003 rows=100 loops=1)
         ->  Incremental Sort  (cost=828.68..1026.30 rows=10000 width=20) (actual time=1.979..1.997 rows=100 loops=1)
               Sort Key: s_3.a, s_3.b, s_3.c, s_3.d
               Presorted Key: s_3.a, s_3.b, s_3.c
               Sort Method: quicksort  Memory: 27kB
               Sort Groups: 4
               ->  Sort  (cost=828.39..853.39 rows=10000 width=20) (actual time=1.939..1.944 rows=129 loops=1)
                     Sort Key: s_3.a, s_3.b, s_3.c
                     Sort Method: quicksort  Memory: 1166kB
                     ->  Seq Scan on s_3  (cost=0.00..164.00 rows=10000 width=20) (actual time=0.007..0.582 rows=10000 loops=1)
 Planning time: 0.220 ms
 Execution time: 2.069 ms
(13 rows)

===== 204 [Wed Mar  7 01:58:22 CET 2018] scale:10000 groups:100 work_mem:64MB incremental:on max_workers:2 =====
SELECT * FROM (SELECT * FROM s_4 ORDER BY a, b, c, d) foo ORDER BY a, b, c, d, e LIMIT 100
                                                           QUERY PLAN                                                           
--------------------------------------------------------------------------------------------------------------------------------
 Limit  (cost=831.65..831.65 rows=1 width=20) (actual time=2.003..2.003 rows=0 loops=1)
   ->  Limit  (cost=828.68..830.65 rows=100 width=20) (actual time=1.976..1.999 rows=100 loops=1)
         ->  Incremental Sort  (cost=828.68..1026.30 rows=10000 width=20) (actual time=1.975..1.994 rows=100 loops=1)
               Sort Key: s_4.a, s_4.b, s_4.c, s_4.d, s_4.e
               Presorted Key: s_4.a, s_4.b, s_4.c, s_4.d
               Sort Method: quicksort  Memory: 27kB
               Sort Groups: 4
               ->  Sort  (cost=828.39..853.39 rows=10000 width=20) (actual time=1.930..1.935 rows=129 loops=1)
                     Sort Key: s_4.a, s_4.b, s_4.c, s_4.d
                     Sort Method: quicksort  Memory: 1166kB
                     ->  Seq Scan on s_4  (cost=0.00..164.00 rows=10000 width=20) (actual time=0.004..0.568 rows=10000 loops=1)
 Planning time: 0.230 ms
 Execution time: 2.066 ms
(13 rows)

===== 205 [Wed Mar  7 01:58:22 CET 2018] scale:10000 groups:100 work_mem:64MB incremental:off max_workers:2 =====
SELECT * FROM (SELECT * FROM s_1 ORDER BY a) foo ORDER BY a, b LIMIT 100
                                                           QUERY PLAN                                                           
--------------------------------------------------------------------------------------------------------------------------------
 Limit  (cost=1336.83..1336.83 rows=1 width=20) (actual time=2.777..2.777 rows=0 loops=1)
   ->  Limit  (cost=1335.58..1335.83 rows=100 width=20) (actual time=2.764..2.774 rows=100 loops=1)
         ->  Sort  (cost=1335.58..1360.58 rows=10000 width=20) (actual time=2.764..2.768 rows=100 loops=1)
               Sort Key: s_1.a, s_1.b
               Sort Method: top-N heapsort  Memory: 35kB
               ->  Sort  (cost=828.39..853.39 rows=10000 width=20) (actual time=1.711..2.049 rows=10000 loops=1)
                     Sort Key: s_1.a
                     Sort Method: quicksort  Memory: 1166kB
                     ->  Seq Scan on s_1  (cost=0.00..164.00 rows=10000 width=20) (actual time=0.007..0.573 rows=10000 loops=1)
 Planning time: 0.209 ms
 Execution time: 2.839 ms
(11 rows)

===== 206 [Wed Mar  7 01:58:22 CET 2018] scale:10000 groups:100 work_mem:64MB incremental:off max_workers:2 =====
SELECT * FROM (SELECT * FROM s_2 ORDER BY a, b) foo ORDER BY a, b, c LIMIT 100
                                                           QUERY PLAN                                                           
--------------------------------------------------------------------------------------------------------------------------------
 Limit  (cost=1336.83..1336.83 rows=1 width=20) (actual time=2.923..2.923 rows=0 loops=1)
   ->  Limit  (cost=1335.58..1335.83 rows=100 width=20) (actual time=2.910..2.920 rows=100 loops=1)
         ->  Sort  (cost=1335.58..1360.58 rows=10000 width=20) (actual time=2.910..2.914 rows=100 loops=1)
               Sort Key: s_2.a, s_2.b, s_2.c
               Sort Method: top-N heapsort  Memory: 32kB
               ->  Sort  (cost=828.39..853.39 rows=10000 width=20) (actual time=1.860..2.199 rows=10000 loops=1)
                     Sort Key: s_2.a, s_2.b
                     Sort Method: quicksort  Memory: 1166kB
                     ->  Seq Scan on s_2  (cost=0.00..164.00 rows=10000 width=20) (actual time=0.007..0.581 rows=10000 loops=1)
 Planning time: 0.208 ms
 Execution time: 2.985 ms
(11 rows)

===== 207 [Wed Mar  7 01:58:22 CET 2018] scale:10000 groups:100 work_mem:64MB incremental:off max_workers:2 =====
SELECT * FROM (SELECT * FROM s_3 ORDER BY a, b, c) foo ORDER BY a, b, c, d LIMIT 100
                                                           QUERY PLAN                                                           
--------------------------------------------------------------------------------------------------------------------------------
 Limit  (cost=1336.83..1336.83 rows=1 width=20) (actual time=3.060..3.060 rows=0 loops=1)
   ->  Limit  (cost=1335.58..1335.83 rows=100 width=20) (actual time=3.047..3.056 rows=100 loops=1)
         ->  Sort  (cost=1335.58..1360.58 rows=10000 width=20) (actual time=3.047..3.050 rows=100 loops=1)
               Sort Key: s_3.a, s_3.b, s_3.c, s_3.d
               Sort Method: top-N heapsort  Memory: 32kB
               ->  Sort  (cost=828.39..853.39 rows=10000 width=20) (actual time=1.936..2.279 rows=10000 loops=1)
                     Sort Key: s_3.a, s_3.b, s_3.c
                     Sort Method: quicksort  Memory: 1166kB
                     ->  Seq Scan on s_3  (cost=0.00..164.00 rows=10000 width=20) (actual time=0.008..0.574 rows=10000 loops=1)
 Planning time: 0.211 ms
 Execution time: 3.124 ms
(11 rows)

===== 208 [Wed Mar  7 01:58:22 CET 2018] scale:10000 groups:100 work_mem:64MB incremental:off max_workers:2 =====
SELECT * FROM (SELECT * FROM s_4 ORDER BY a, b, c, d) foo ORDER BY a, b, c, d, e LIMIT 100
                                                           QUERY PLAN                                                           
--------------------------------------------------------------------------------------------------------------------------------
 Limit  (cost=1336.83..1336.83 rows=1 width=20) (actual time=3.053..3.053 rows=0 loops=1)
   ->  Limit  (cost=1335.58..1335.83 rows=100 width=20) (actual time=3.040..3.050 rows=100 loops=1)
         ->  Sort  (cost=1335.58..1360.58 rows=10000 width=20) (actual time=3.040..3.044 rows=100 loops=1)
               Sort Key: s_4.a, s_4.b, s_4.c, s_4.d, s_4.e
               Sort Method: top-N heapsort  Memory: 32kB
               ->  Sort  (cost=828.39..853.39 rows=10000 width=20) (actual time=1.920..2.261 rows=10000 loops=1)
                     Sort Key: s_4.a, s_4.b, s_4.c, s_4.d
                     Sort Method: quicksort  Memory: 1166kB
                     ->  Seq Scan on s_4  (cost=0.00..164.00 rows=10000 width=20) (actual time=0.004..0.568 rows=10000 loops=1)
 Planning time: 0.222 ms
 Execution time: 3.115 ms
(11 rows)

===== 209 [Wed Mar  7 01:58:22 CET 2018] scale:10000 groups:100 work_mem:128MB incremental:on max_workers:2 =====
SELECT * FROM (SELECT * FROM s_1 ORDER BY a) foo ORDER BY a, b LIMIT 100
                                                           QUERY PLAN                                                           
--------------------------------------------------------------------------------------------------------------------------------
 Limit  (cost=835.68..835.68 rows=1 width=20) (actual time=1.799..1.799 rows=0 loops=1)
   ->  Limit  (cost=832.91..834.68 rows=100 width=20) (actual time=1.761..1.796 rows=100 loops=1)
         ->  Incremental Sort  (cost=832.91..1009.97 rows=10000 width=20) (actual time=1.760..1.790 rows=100 loops=1)
               Sort Key: s_1.a, s_1.b
               Presorted Key: s_1.a
               Sort Method: quicksort  Memory: 32kB
               Sort Groups: 2
               ->  Sort  (cost=828.39..853.39 rows=10000 width=20) (actual time=1.711..1.716 rows=150 loops=1)
                     Sort Key: s_1.a
                     Sort Method: quicksort  Memory: 1166kB
                     ->  Seq Scan on s_1  (cost=0.00..164.00 rows=10000 width=20) (actual time=0.007..0.573 rows=10000 loops=1)
 Planning time: 0.213 ms
 Execution time: 1.860 ms
(13 rows)

===== 210 [Wed Mar  7 01:58:22 CET 2018] scale:10000 groups:100 work_mem:128MB incremental:on max_workers:2 =====
SELECT * FROM (SELECT * FROM s_2 ORDER BY a, b) foo ORDER BY a, b, c LIMIT 100
                                                           QUERY PLAN                                                           
--------------------------------------------------------------------------------------------------------------------------------
 Limit  (cost=831.65..831.65 rows=1 width=20) (actual time=1.949..1.949 rows=0 loops=1)
   ->  Limit  (cost=828.68..830.65 rows=100 width=20) (actual time=1.910..1.945 rows=100 loops=1)
         ->  Incremental Sort  (cost=828.68..1026.30 rows=10000 width=20) (actual time=1.910..1.939 rows=100 loops=1)
               Sort Key: s_2.a, s_2.b, s_2.c
               Presorted Key: s_2.a, s_2.b
               Sort Method: quicksort  Memory: 27kB
               Sort Groups: 4
               ->  Sort  (cost=828.39..853.39 rows=10000 width=20) (actual time=1.869..1.874 rows=131 loops=1)
                     Sort Key: s_2.a, s_2.b
                     Sort Method: quicksort  Memory: 1166kB
                     ->  Seq Scan on s_2  (cost=0.00..164.00 rows=10000 width=20) (actual time=0.008..0.577 rows=10000 loops=1)
 Planning time: 0.217 ms
 Execution time: 2.010 ms
(13 rows)

===== 211 [Wed Mar  7 01:58:22 CET 2018] scale:10000 groups:100 work_mem:128MB incremental:on max_workers:2 =====
SELECT * FROM (SELECT * FROM s_3 ORDER BY a, b, c) foo ORDER BY a, b, c, d LIMIT 100
                                                           QUERY PLAN                                                           
--------------------------------------------------------------------------------------------------------------------------------
 Limit  (cost=831.65..831.65 rows=1 width=20) (actual time=2.004..2.004 rows=0 loops=1)
   ->  Limit  (cost=828.68..830.65 rows=100 width=20) (actual time=1.976..2.000 rows=100 loops=1)
         ->  Incremental Sort  (cost=828.68..1026.30 rows=10000 width=20) (actual time=1.976..1.994 rows=100 loops=1)
               Sort Key: s_3.a, s_3.b, s_3.c, s_3.d
               Presorted Key: s_3.a, s_3.b, s_3.c
               Sort Method: quicksort  Memory: 27kB
               Sort Groups: 4
               ->  Sort  (cost=828.39..853.39 rows=10000 width=20) (actual time=1.936..1.941 rows=129 loops=1)
                     Sort Key: s_3.a, s_3.b, s_3.c
                     Sort Method: quicksort  Memory: 1166kB
                     ->  Seq Scan on s_3  (cost=0.00..164.00 rows=10000 width=20) (actual time=0.008..0.574 rows=10000 loops=1)
 Planning time: 0.220 ms
 Execution time: 2.066 ms
(13 rows)

===== 212 [Wed Mar  7 01:58:22 CET 2018] scale:10000 groups:100 work_mem:128MB incremental:on max_workers:2 =====
SELECT * FROM (SELECT * FROM s_4 ORDER BY a, b, c, d) foo ORDER BY a, b, c, d, e LIMIT 100
                                                           QUERY PLAN                                                           
--------------------------------------------------------------------------------------------------------------------------------
 Limit  (cost=831.65..831.65 rows=1 width=20) (actual time=1.998..1.998 rows=0 loops=1)
   ->  Limit  (cost=828.68..830.65 rows=100 width=20) (actual time=1.971..1.995 rows=100 loops=1)
         ->  Incremental Sort  (cost=828.68..1026.30 rows=10000 width=20) (actual time=1.971..1.989 rows=100 loops=1)
               Sort Key: s_4.a, s_4.b, s_4.c, s_4.d, s_4.e
               Presorted Key: s_4.a, s_4.b, s_4.c, s_4.d
               Sort Method: quicksort  Memory: 27kB
               Sort Groups: 4
               ->  Sort  (cost=828.39..853.39 rows=10000 width=20) (actual time=1.927..1.932 rows=129 loops=1)
                     Sort Key: s_4.a, s_4.b, s_4.c, s_4.d
                     Sort Method: quicksort  Memory: 1166kB
                     ->  Seq Scan on s_4  (cost=0.00..164.00 rows=10000 width=20) (actual time=0.004..0.573 rows=10000 loops=1)
 Planning time: 0.226 ms
 Execution time: 2.060 ms
(13 rows)

===== 213 [Wed Mar  7 01:58:22 CET 2018] scale:10000 groups:100 work_mem:128MB incremental:off max_workers:2 =====
SELECT * FROM (SELECT * FROM s_1 ORDER BY a) foo ORDER BY a, b LIMIT 100
                                                           QUERY PLAN                                                           
--------------------------------------------------------------------------------------------------------------------------------
 Limit  (cost=1336.83..1336.83 rows=1 width=20) (actual time=2.781..2.781 rows=0 loops=1)
   ->  Limit  (cost=1335.58..1335.83 rows=100 width=20) (actual time=2.768..2.778 rows=100 loops=1)
         ->  Sort  (cost=1335.58..1360.58 rows=10000 width=20) (actual time=2.768..2.772 rows=100 loops=1)
               Sort Key: s_1.a, s_1.b
               Sort Method: top-N heapsort  Memory: 35kB
               ->  Sort  (cost=828.39..853.39 rows=10000 width=20) (actual time=1.705..2.042 rows=10000 loops=1)
                     Sort Key: s_1.a
                     Sort Method: quicksort  Memory: 1166kB
                     ->  Seq Scan on s_1  (cost=0.00..164.00 rows=10000 width=20) (actual time=0.007..0.574 rows=10000 loops=1)
 Planning time: 0.210 ms
 Execution time: 2.845 ms
(11 rows)

===== 214 [Wed Mar  7 01:58:22 CET 2018] scale:10000 groups:100 work_mem:128MB incremental:off max_workers:2 =====
SELECT * FROM (SELECT * FROM s_2 ORDER BY a, b) foo ORDER BY a, b, c LIMIT 100
                                                           QUERY PLAN                                                           
--------------------------------------------------------------------------------------------------------------------------------
 Limit  (cost=1336.83..1336.83 rows=1 width=20) (actual time=2.932..2.932 rows=0 loops=1)
   ->  Limit  (cost=1335.58..1335.83 rows=100 width=20) (actual time=2.919..2.928 rows=100 loops=1)
         ->  Sort  (cost=1335.58..1360.58 rows=10000 width=20) (actual time=2.919..2.922 rows=100 loops=1)
               Sort Key: s_2.a, s_2.b, s_2.c
               Sort Method: top-N heapsort  Memory: 32kB
               ->  Sort  (cost=828.39..853.39 rows=10000 width=20) (actual time=1.868..2.206 rows=10000 loops=1)
                     Sort Key: s_2.a, s_2.b
                     Sort Method: quicksort  Memory: 1166kB
                     ->  Seq Scan on s_2  (cost=0.00..164.00 rows=10000 width=20) (actual time=0.008..0.576 rows=10000 loops=1)
 Planning time: 0.210 ms
 Execution time: 2.993 ms
(11 rows)

===== 215 [Wed Mar  7 01:58:22 CET 2018] scale:10000 groups:100 work_mem:128MB incremental:off max_workers:2 =====
SELECT * FROM (SELECT * FROM s_3 ORDER BY a, b, c) foo ORDER BY a, b, c, d LIMIT 100
                                                           QUERY PLAN                                                           
--------------------------------------------------------------------------------------------------------------------------------
 Limit  (cost=1336.83..1336.83 rows=1 width=20) (actual time=3.064..3.064 rows=0 loops=1)
   ->  Limit  (cost=1335.58..1335.83 rows=100 width=20) (actual time=3.051..3.060 rows=100 loops=1)
         ->  Sort  (cost=1335.58..1360.58 rows=10000 width=20) (actual time=3.051..3.055 rows=100 loops=1)
               Sort Key: s_3.a, s_3.b, s_3.c, s_3.d
               Sort Method: top-N heapsort  Memory: 32kB
               ->  Sort  (cost=828.39..853.39 rows=10000 width=20) (actual time=1.935..2.278 rows=10000 loops=1)
                     Sort Key: s_3.a, s_3.b, s_3.c
                     Sort Method: quicksort  Memory: 1166kB
                     ->  Seq Scan on s_3  (cost=0.00..164.00 rows=10000 width=20) (actual time=0.008..0.574 rows=10000 loops=1)
 Planning time: 0.211 ms
 Execution time: 3.128 ms
(11 rows)

===== 216 [Wed Mar  7 01:58:22 CET 2018] scale:10000 groups:100 work_mem:128MB incremental:off max_workers:2 =====
SELECT * FROM (SELECT * FROM s_4 ORDER BY a, b, c, d) foo ORDER BY a, b, c, d, e LIMIT 100
                                                           QUERY PLAN                                                           
--------------------------------------------------------------------------------------------------------------------------------
 Limit  (cost=1336.83..1336.83 rows=1 width=20) (actual time=3.053..3.053 rows=0 loops=1)
   ->  Limit  (cost=1335.58..1335.83 rows=100 width=20) (actual time=3.040..3.049 rows=100 loops=1)
         ->  Sort  (cost=1335.58..1360.58 rows=10000 width=20) (actual time=3.039..3.043 rows=100 loops=1)
               Sort Key: s_4.a, s_4.b, s_4.c, s_4.d, s_4.e
               Sort Method: top-N heapsort  Memory: 32kB
               ->  Sort  (cost=828.39..853.39 rows=10000 width=20) (actual time=1.926..2.266 rows=10000 loops=1)
                     Sort Key: s_4.a, s_4.b, s_4.c, s_4.d
                     Sort Method: quicksort  Memory: 1166kB
                     ->  Seq Scan on s_4  (cost=0.00..164.00 rows=10000 width=20) (actual time=0.004..0.571 rows=10000 loops=1)
 Planning time: 0.229 ms
 Execution time: 3.115 ms
(11 rows)

===== 217 [Wed Mar  7 01:58:23 CET 2018] scale:10000 groups:100 work_mem:256MB incremental:on max_workers:2 =====
SELECT * FROM (SELECT * FROM s_1 ORDER BY a) foo ORDER BY a, b LIMIT 100
                                                           QUERY PLAN                                                           
--------------------------------------------------------------------------------------------------------------------------------
 Limit  (cost=835.68..835.68 rows=1 width=20) (actual time=1.805..1.805 rows=0 loops=1)
   ->  Limit  (cost=832.91..834.68 rows=100 width=20) (actual time=1.766..1.801 rows=100 loops=1)
         ->  Incremental Sort  (cost=832.91..1009.97 rows=10000 width=20) (actual time=1.766..1.795 rows=100 loops=1)
               Sort Key: s_1.a, s_1.b
               Presorted Key: s_1.a
               Sort Method: quicksort  Memory: 32kB
               Sort Groups: 2
               ->  Sort  (cost=828.39..853.39 rows=10000 width=20) (actual time=1.718..1.723 rows=150 loops=1)
                     Sort Key: s_1.a
                     Sort Method: quicksort  Memory: 1166kB
                     ->  Seq Scan on s_1  (cost=0.00..164.00 rows=10000 width=20) (actual time=0.007..0.581 rows=10000 loops=1)
 Planning time: 0.221 ms
 Execution time: 1.870 ms
(13 rows)

===== 218 [Wed Mar  7 01:58:23 CET 2018] scale:10000 groups:100 work_mem:256MB incremental:on max_workers:2 =====
SELECT * FROM (SELECT * FROM s_2 ORDER BY a, b) foo ORDER BY a, b, c LIMIT 100
                                                           QUERY PLAN                                                           
--------------------------------------------------------------------------------------------------------------------------------
 Limit  (cost=831.65..831.65 rows=1 width=20) (actual time=1.945..1.945 rows=0 loops=1)
   ->  Limit  (cost=828.68..830.65 rows=100 width=20) (actual time=1.908..1.942 rows=100 loops=1)
         ->  Incremental Sort  (cost=828.68..1026.30 rows=10000 width=20) (actual time=1.908..1.936 rows=100 loops=1)
               Sort Key: s_2.a, s_2.b, s_2.c
               Presorted Key: s_2.a, s_2.b
               Sort Method: quicksort  Memory: 27kB
               Sort Groups: 4
               ->  Sort  (cost=828.39..853.39 rows=10000 width=20) (actual time=1.868..1.873 rows=131 loops=1)
                     Sort Key: s_2.a, s_2.b
                     Sort Method: quicksort  Memory: 1166kB
                     ->  Seq Scan on s_2  (cost=0.00..164.00 rows=10000 width=20) (actual time=0.007..0.584 rows=10000 loops=1)
 Planning time: 0.215 ms
 Execution time: 2.007 ms
(13 rows)

===== 219 [Wed Mar  7 01:58:23 CET 2018] scale:10000 groups:100 work_mem:256MB incremental:on max_workers:2 =====
SELECT * FROM (SELECT * FROM s_3 ORDER BY a, b, c) foo ORDER BY a, b, c, d LIMIT 100
                                                           QUERY PLAN                                                           
--------------------------------------------------------------------------------------------------------------------------------
 Limit  (cost=831.65..831.65 rows=1 width=20) (actual time=2.005..2.005 rows=0 loops=1)
   ->  Limit  (cost=828.68..830.65 rows=100 width=20) (actual time=1.978..2.002 rows=100 loops=1)
         ->  Incremental Sort  (cost=828.68..1026.30 rows=10000 width=20) (actual time=1.977..1.996 rows=100 loops=1)
               Sort Key: s_3.a, s_3.b, s_3.c, s_3.d
               Presorted Key: s_3.a, s_3.b, s_3.c
               Sort Method: quicksort  Memory: 27kB
               Sort Groups: 4
               ->  Sort  (cost=828.39..853.39 rows=10000 width=20) (actual time=1.935..1.940 rows=129 loops=1)
                     Sort Key: s_3.a, s_3.b, s_3.c
                     Sort Method: quicksort  Memory: 1166kB
                     ->  Seq Scan on s_3  (cost=0.00..164.00 rows=10000 width=20) (actual time=0.007..0.573 rows=10000 loops=1)
 Planning time: 0.221 ms
 Execution time: 2.067 ms
(13 rows)

===== 220 [Wed Mar  7 01:58:23 CET 2018] scale:10000 groups:100 work_mem:256MB incremental:on max_workers:2 =====
SELECT * FROM (SELECT * FROM s_4 ORDER BY a, b, c, d) foo ORDER BY a, b, c, d, e LIMIT 100
                                                           QUERY PLAN                                                           
--------------------------------------------------------------------------------------------------------------------------------
 Limit  (cost=831.65..831.65 rows=1 width=20) (actual time=2.004..2.004 rows=0 loops=1)
   ->  Limit  (cost=828.68..830.65 rows=100 width=20) (actual time=1.976..2.000 rows=100 loops=1)
         ->  Incremental Sort  (cost=828.68..1026.30 rows=10000 width=20) (actual time=1.976..1.994 rows=100 loops=1)
               Sort Key: s_4.a, s_4.b, s_4.c, s_4.d, s_4.e
               Presorted Key: s_4.a, s_4.b, s_4.c, s_4.d
               Sort Method: quicksort  Memory: 27kB
               Sort Groups: 4
               ->  Sort  (cost=828.39..853.39 rows=10000 width=20) (actual time=1.932..1.937 rows=129 loops=1)
                     Sort Key: s_4.a, s_4.b, s_4.c, s_4.d
                     Sort Method: quicksort  Memory: 1166kB
                     ->  Seq Scan on s_4  (cost=0.00..164.00 rows=10000 width=20) (actual time=0.004..0.569 rows=10000 loops=1)
 Planning time: 0.236 ms
 Execution time: 2.064 ms
(13 rows)

===== 221 [Wed Mar  7 01:58:23 CET 2018] scale:10000 groups:100 work_mem:256MB incremental:off max_workers:2 =====
SELECT * FROM (SELECT * FROM s_1 ORDER BY a) foo ORDER BY a, b LIMIT 100
                                                           QUERY PLAN                                                           
--------------------------------------------------------------------------------------------------------------------------------
 Limit  (cost=1336.83..1336.83 rows=1 width=20) (actual time=2.780..2.780 rows=0 loops=1)
   ->  Limit  (cost=1335.58..1335.83 rows=100 width=20) (actual time=2.767..2.777 rows=100 loops=1)
         ->  Sort  (cost=1335.58..1360.58 rows=10000 width=20) (actual time=2.766..2.770 rows=100 loops=1)
               Sort Key: s_1.a, s_1.b
               Sort Method: top-N heapsort  Memory: 35kB
               ->  Sort  (cost=828.39..853.39 rows=10000 width=20) (actual time=1.711..2.045 rows=10000 loops=1)
                     Sort Key: s_1.a
                     Sort Method: quicksort  Memory: 1166kB
                     ->  Seq Scan on s_1  (cost=0.00..164.00 rows=10000 width=20) (actual time=0.007..0.580 rows=10000 loops=1)
 Planning time: 0.210 ms
 Execution time: 2.843 ms
(11 rows)

===== 222 [Wed Mar  7 01:58:23 CET 2018] scale:10000 groups:100 work_mem:256MB incremental:off max_workers:2 =====
SELECT * FROM (SELECT * FROM s_2 ORDER BY a, b) foo ORDER BY a, b, c LIMIT 100
                                                           QUERY PLAN                                                           
--------------------------------------------------------------------------------------------------------------------------------
 Limit  (cost=1336.83..1336.83 rows=1 width=20) (actual time=2.932..2.932 rows=0 loops=1)
   ->  Limit  (cost=1335.58..1335.83 rows=100 width=20) (actual time=2.920..2.929 rows=100 loops=1)
         ->  Sort  (cost=1335.58..1360.58 rows=10000 width=20) (actual time=2.919..2.923 rows=100 loops=1)
               Sort Key: s_2.a, s_2.b, s_2.c
               Sort Method: top-N heapsort  Memory: 32kB
               ->  Sort  (cost=828.39..853.39 rows=10000 width=20) (actual time=1.866..2.207 rows=10000 loops=1)
                     Sort Key: s_2.a, s_2.b
                     Sort Method: quicksort  Memory: 1166kB
                     ->  Seq Scan on s_2  (cost=0.00..164.00 rows=10000 width=20) (actual time=0.008..0.580 rows=10000 loops=1)
 Planning time: 0.210 ms
 Execution time: 2.996 ms
(11 rows)

===== 223 [Wed Mar  7 01:58:23 CET 2018] scale:10000 groups:100 work_mem:256MB incremental:off max_workers:2 =====
SELECT * FROM (SELECT * FROM s_3 ORDER BY a, b, c) foo ORDER BY a, b, c, d LIMIT 100
                                                           QUERY PLAN                                                           
--------------------------------------------------------------------------------------------------------------------------------
 Limit  (cost=1336.83..1336.83 rows=1 width=20) (actual time=3.050..3.050 rows=0 loops=1)
   ->  Limit  (cost=1335.58..1335.83 rows=100 width=20) (actual time=3.037..3.047 rows=100 loops=1)
         ->  Sort  (cost=1335.58..1360.58 rows=10000 width=20) (actual time=3.037..3.041 rows=100 loops=1)
               Sort Key: s_3.a, s_3.b, s_3.c, s_3.d
               Sort Method: top-N heapsort  Memory: 32kB
               ->  Sort  (cost=828.39..853.39 rows=10000 width=20) (actual time=1.938..2.279 rows=10000 loops=1)
                     Sort Key: s_3.a, s_3.b, s_3.c
                     Sort Method: quicksort  Memory: 1166kB
                     ->  Seq Scan on s_3  (cost=0.00..164.00 rows=10000 width=20) (actual time=0.007..0.579 rows=10000 loops=1)
 Planning time: 0.212 ms
 Execution time: 3.114 ms
(11 rows)

===== 224 [Wed Mar  7 01:58:23 CET 2018] scale:10000 groups:100 work_mem:256MB incremental:off max_workers:2 =====
SELECT * FROM (SELECT * FROM s_4 ORDER BY a, b, c, d) foo ORDER BY a, b, c, d, e LIMIT 100
                                                           QUERY PLAN                                                           
--------------------------------------------------------------------------------------------------------------------------------
 Limit  (cost=1336.83..1336.83 rows=1 width=20) (actual time=3.057..3.057 rows=0 loops=1)
   ->  Limit  (cost=1335.58..1335.83 rows=100 width=20) (actual time=3.044..3.053 rows=100 loops=1)
         ->  Sort  (cost=1335.58..1360.58 rows=10000 width=20) (actual time=3.044..3.048 rows=100 loops=1)
               Sort Key: s_4.a, s_4.b, s_4.c, s_4.d, s_4.e
               Sort Method: top-N heapsort  Memory: 32kB
               ->  Sort  (cost=828.39..853.39 rows=10000 width=20) (actual time=1.931..2.272 rows=10000 loops=1)
                     Sort Key: s_4.a, s_4.b, s_4.c, s_4.d
                     Sort Method: quicksort  Memory: 1166kB
                     ->  Seq Scan on s_4  (cost=0.00..164.00 rows=10000 width=20) (actual time=0.004..0.572 rows=10000 loops=1)
 Planning time: 0.220 ms
 Execution time: 3.119 ms
(11 rows)

===== 225 [Wed Mar  7 01:58:24 CET 2018] scale:10000 groups:1000 work_mem:4MB incremental:on max_workers:0 =====
SELECT * FROM (SELECT * FROM s_1 ORDER BY a) foo ORDER BY a, b LIMIT 100
                                                           QUERY PLAN                                                           
--------------------------------------------------------------------------------------------------------------------------------
 Limit  (cost=831.65..831.65 rows=1 width=20) (actual time=1.789..1.789 rows=0 loops=1)
   ->  Limit  (cost=828.68..830.65 rows=100 width=20) (actual time=1.760..1.785 rows=100 loops=1)
         ->  Incremental Sort  (cost=828.68..1026.32 rows=10000 width=20) (actual time=1.760..1.779 rows=100 loops=1)
               Sort Key: s_1.a, s_1.b
               Presorted Key: s_1.a
               Sort Method: quicksort  Memory: 27kB
               Sort Groups: 3
               ->  Sort  (cost=828.39..853.39 rows=10000 width=20) (actual time=1.716..1.720 rows=108 loops=1)
                     Sort Key: s_1.a
                     Sort Method: quicksort  Memory: 1166kB
                     ->  Seq Scan on s_1  (cost=0.00..164.00 rows=10000 width=20) (actual time=0.004..0.579 rows=10000 loops=1)
 Planning time: 0.221 ms
 Execution time: 1.858 ms
(13 rows)

===== 226 [Wed Mar  7 01:58:24 CET 2018] scale:10000 groups:1000 work_mem:4MB incremental:on max_workers:0 =====
SELECT * FROM (SELECT * FROM s_2 ORDER BY a, b) foo ORDER BY a, b, c LIMIT 100
                                                           QUERY PLAN                                                           
--------------------------------------------------------------------------------------------------------------------------------
 Limit  (cost=831.65..831.65 rows=1 width=20) (actual time=1.908..1.908 rows=0 loops=1)
   ->  Limit  (cost=828.68..830.65 rows=100 width=20) (actual time=1.879..1.904 rows=100 loops=1)
         ->  Incremental Sort  (cost=828.68..1026.32 rows=10000 width=20) (actual time=1.879..1.898 rows=100 loops=1)
               Sort Key: s_2.a, s_2.b, s_2.c
               Presorted Key: s_2.a, s_2.b
               Sort Method: quicksort  Memory: 27kB
               Sort Groups: 4
               ->  Sort  (cost=828.39..853.39 rows=10000 width=20) (actual time=1.839..1.844 rows=129 loops=1)
                     Sort Key: s_2.a, s_2.b
                     Sort Method: quicksort  Memory: 1166kB
                     ->  Seq Scan on s_2  (cost=0.00..164.00 rows=10000 width=20) (actual time=0.008..0.586 rows=10000 loops=1)
 Planning time: 0.221 ms
 Execution time: 1.971 ms
(13 rows)

===== 227 [Wed Mar  7 01:58:24 CET 2018] scale:10000 groups:1000 work_mem:4MB incremental:on max_workers:0 =====
SELECT * FROM (SELECT * FROM s_3 ORDER BY a, b, c) foo ORDER BY a, b, c, d LIMIT 100
                                                           QUERY PLAN                                                           
--------------------------------------------------------------------------------------------------------------------------------
 Limit  (cost=831.65..831.65 rows=1 width=20) (actual time=1.948..1.948 rows=0 loops=1)
   ->  Limit  (cost=828.68..830.65 rows=100 width=20) (actual time=1.921..1.944 rows=100 loops=1)
         ->  Incremental Sort  (cost=828.68..1026.32 rows=10000 width=20) (actual time=1.920..1.938 rows=100 loops=1)
               Sort Key: s_3.a, s_3.b, s_3.c, s_3.d
               Presorted Key: s_3.a, s_3.b, s_3.c
               Sort Method: quicksort  Memory: 27kB
               Sort Groups: 4
               ->  Sort  (cost=828.39..853.39 rows=10000 width=20) (actual time=1.882..1.887 rows=129 loops=1)
                     Sort Key: s_3.a, s_3.b, s_3.c
                     Sort Method: quicksort  Memory: 1166kB
                     ->  Seq Scan on s_3  (cost=0.00..164.00 rows=10000 width=20) (actual time=0.008..0.578 rows=10000 loops=1)
 Planning time: 0.234 ms
 Execution time: 2.009 ms
(13 rows)

===== 228 [Wed Mar  7 01:58:24 CET 2018] scale:10000 groups:1000 work_mem:4MB incremental:on max_workers:0 =====
SELECT * FROM (SELECT * FROM s_4 ORDER BY a, b, c, d) foo ORDER BY a, b, c, d, e LIMIT 100
                                                           QUERY PLAN                                                           
--------------------------------------------------------------------------------------------------------------------------------
 Limit  (cost=831.65..831.65 rows=1 width=20) (actual time=1.944..1.944 rows=0 loops=1)
   ->  Limit  (cost=828.68..830.65 rows=100 width=20) (actual time=1.917..1.940 rows=100 loops=1)
         ->  Incremental Sort  (cost=828.68..1026.32 rows=10000 width=20) (actual time=1.917..1.935 rows=100 loops=1)
               Sort Key: s_4.a, s_4.b, s_4.c, s_4.d, s_4.e
               Presorted Key: s_4.a, s_4.b, s_4.c, s_4.d
               Sort Method: quicksort  Memory: 27kB
               Sort Groups: 4
               ->  Sort  (cost=828.39..853.39 rows=10000 width=20) (actual time=1.874..1.879 rows=129 loops=1)
                     Sort Key: s_4.a, s_4.b, s_4.c, s_4.d
                     Sort Method: quicksort  Memory: 1166kB
                     ->  Seq Scan on s_4  (cost=0.00..164.00 rows=10000 width=20) (actual time=0.004..0.584 rows=10000 loops=1)
 Planning time: 0.235 ms
 Execution time: 2.007 ms
(13 rows)

===== 229 [Wed Mar  7 01:58:24 CET 2018] scale:10000 groups:1000 work_mem:4MB incremental:off max_workers:0 =====
SELECT * FROM (SELECT * FROM s_1 ORDER BY a) foo ORDER BY a, b LIMIT 100
                                                           QUERY PLAN                                                           
--------------------------------------------------------------------------------------------------------------------------------
 Limit  (cost=1336.83..1336.83 rows=1 width=20) (actual time=2.776..2.776 rows=0 loops=1)
   ->  Limit  (cost=1335.58..1335.83 rows=100 width=20) (actual time=2.763..2.772 rows=100 loops=1)
         ->  Sort  (cost=1335.58..1360.58 rows=10000 width=20) (actual time=2.763..2.766 rows=100 loops=1)
               Sort Key: s_1.a, s_1.b
               Sort Method: top-N heapsort  Memory: 32kB
               ->  Sort  (cost=828.39..853.39 rows=10000 width=20) (actual time=1.716..2.051 rows=10000 loops=1)
                     Sort Key: s_1.a
                     Sort Method: quicksort  Memory: 1166kB
                     ->  Seq Scan on s_1  (cost=0.00..164.00 rows=10000 width=20) (actual time=0.004..0.576 rows=10000 loops=1)
 Planning time: 0.220 ms
 Execution time: 2.838 ms
(11 rows)

===== 230 [Wed Mar  7 01:58:24 CET 2018] scale:10000 groups:1000 work_mem:4MB incremental:off max_workers:0 =====
SELECT * FROM (SELECT * FROM s_2 ORDER BY a, b) foo ORDER BY a, b, c LIMIT 100
                                                           QUERY PLAN                                                           
--------------------------------------------------------------------------------------------------------------------------------
 Limit  (cost=1336.83..1336.83 rows=1 width=20) (actual time=2.894..2.894 rows=0 loops=1)
   ->  Limit  (cost=1335.58..1335.83 rows=100 width=20) (actual time=2.881..2.891 rows=100 loops=1)
         ->  Sort  (cost=1335.58..1360.58 rows=10000 width=20) (actual time=2.881..2.885 rows=100 loops=1)
               Sort Key: s_2.a, s_2.b, s_2.c
               Sort Method: top-N heapsort  Memory: 32kB
               ->  Sort  (cost=828.39..853.39 rows=10000 width=20) (actual time=1.834..2.169 rows=10000 loops=1)
                     Sort Key: s_2.a, s_2.b
                     Sort Method: quicksort  Memory: 1166kB
                     ->  Seq Scan on s_2  (cost=0.00..164.00 rows=10000 width=20) (actual time=0.008..0.586 rows=10000 loops=1)
 Planning time: 0.217 ms
 Execution time: 2.957 ms
(11 rows)

===== 231 [Wed Mar  7 01:58:24 CET 2018] scale:10000 groups:1000 work_mem:4MB incremental:off max_workers:0 =====
SELECT * FROM (SELECT * FROM s_3 ORDER BY a, b, c) foo ORDER BY a, b, c, d LIMIT 100
                                                           QUERY PLAN                                                           
--------------------------------------------------------------------------------------------------------------------------------
 Limit  (cost=1336.83..1336.83 rows=1 width=20) (actual time=2.976..2.976 rows=0 loops=1)
   ->  Limit  (cost=1335.58..1335.83 rows=100 width=20) (actual time=2.963..2.972 rows=100 loops=1)
         ->  Sort  (cost=1335.58..1360.58 rows=10000 width=20) (actual time=2.962..2.966 rows=100 loops=1)
               Sort Key: s_3.a, s_3.b, s_3.c, s_3.d
               Sort Method: top-N heapsort  Memory: 32kB
               ->  Sort  (cost=828.39..853.39 rows=10000 width=20) (actual time=1.867..2.208 rows=10000 loops=1)
                     Sort Key: s_3.a, s_3.b, s_3.c
                     Sort Method: quicksort  Memory: 1166kB
                     ->  Seq Scan on s_3  (cost=0.00..164.00 rows=10000 width=20) (actual time=0.008..0.574 rows=10000 loops=1)
 Planning time: 0.220 ms
 Execution time: 3.038 ms
(11 rows)

===== 232 [Wed Mar  7 01:58:24 CET 2018] scale:10000 groups:1000 work_mem:4MB incremental:off max_workers:0 =====
SELECT * FROM (SELECT * FROM s_4 ORDER BY a, b, c, d) foo ORDER BY a, b, c, d, e LIMIT 100
                                                           QUERY PLAN                                                           
--------------------------------------------------------------------------------------------------------------------------------
 Limit  (cost=1336.83..1336.83 rows=1 width=20) (actual time=2.975..2.975 rows=0 loops=1)
   ->  Limit  (cost=1335.58..1335.83 rows=100 width=20) (actual time=2.962..2.971 rows=100 loops=1)
         ->  Sort  (cost=1335.58..1360.58 rows=10000 width=20) (actual time=2.962..2.965 rows=100 loops=1)
               Sort Key: s_4.a, s_4.b, s_4.c, s_4.d, s_4.e
               Sort Method: top-N heapsort  Memory: 32kB
               ->  Sort  (cost=828.39..853.39 rows=10000 width=20) (actual time=1.864..2.204 rows=10000 loops=1)
                     Sort Key: s_4.a, s_4.b, s_4.c, s_4.d
                     Sort Method: quicksort  Memory: 1166kB
                     ->  Seq Scan on s_4  (cost=0.00..164.00 rows=10000 width=20) (actual time=0.004..0.578 rows=10000 loops=1)
 Planning time: 0.233 ms
 Execution time: 3.035 ms
(11 rows)

===== 233 [Wed Mar  7 01:58:25 CET 2018] scale:10000 groups:1000 work_mem:8MB incremental:on max_workers:0 =====
SELECT * FROM (SELECT * FROM s_1 ORDER BY a) foo ORDER BY a, b LIMIT 100
                                                           QUERY PLAN                                                           
--------------------------------------------------------------------------------------------------------------------------------
 Limit  (cost=831.65..831.65 rows=1 width=20) (actual time=1.798..1.798 rows=0 loops=1)
   ->  Limit  (cost=828.68..830.65 rows=100 width=20) (actual time=1.769..1.794 rows=100 loops=1)
         ->  Incremental Sort  (cost=828.68..1026.32 rows=10000 width=20) (actual time=1.769..1.788 rows=100 loops=1)
               Sort Key: s_1.a, s_1.b
               Presorted Key: s_1.a
               Sort Method: quicksort  Memory: 27kB
               Sort Groups: 3
               ->  Sort  (cost=828.39..853.39 rows=10000 width=20) (actual time=1.726..1.730 rows=108 loops=1)
                     Sort Key: s_1.a
                     Sort Method: quicksort  Memory: 1166kB
                     ->  Seq Scan on s_1  (cost=0.00..164.00 rows=10000 width=20) (actual time=0.004..0.582 rows=10000 loops=1)
 Planning time: 0.223 ms
 Execution time: 1.858 ms
(13 rows)

===== 234 [Wed Mar  7 01:58:25 CET 2018] scale:10000 groups:1000 work_mem:8MB incremental:on max_workers:0 =====
SELECT * FROM (SELECT * FROM s_2 ORDER BY a, b) foo ORDER BY a, b, c LIMIT 100
                                                           QUERY PLAN                                                           
--------------------------------------------------------------------------------------------------------------------------------
 Limit  (cost=831.65..831.65 rows=1 width=20) (actual time=1.911..1.911 rows=0 loops=1)
   ->  Limit  (cost=828.68..830.65 rows=100 width=20) (actual time=1.882..1.908 rows=100 loops=1)
         ->  Incremental Sort  (cost=828.68..1026.32 rows=10000 width=20) (actual time=1.882..1.902 rows=100 loops=1)
               Sort Key: s_2.a, s_2.b, s_2.c
               Presorted Key: s_2.a, s_2.b
               Sort Method: quicksort  Memory: 27kB
               Sort Groups: 4
               ->  Sort  (cost=828.39..853.39 rows=10000 width=20) (actual time=1.843..1.848 rows=129 loops=1)
                     Sort Key: s_2.a, s_2.b
                     Sort Method: quicksort  Memory: 1166kB
                     ->  Seq Scan on s_2  (cost=0.00..164.00 rows=10000 width=20) (actual time=0.008..0.592 rows=10000 loops=1)
 Planning time: 0.220 ms
 Execution time: 1.973 ms
(13 rows)

===== 235 [Wed Mar  7 01:58:25 CET 2018] scale:10000 groups:1000 work_mem:8MB incremental:on max_workers:0 =====
SELECT * FROM (SELECT * FROM s_3 ORDER BY a, b, c) foo ORDER BY a, b, c, d LIMIT 100
                                                           QUERY PLAN                                                           
--------------------------------------------------------------------------------------------------------------------------------
 Limit  (cost=831.65..831.65 rows=1 width=20) (actual time=1.943..1.943 rows=0 loops=1)
   ->  Limit  (cost=828.68..830.65 rows=100 width=20) (actual time=1.916..1.939 rows=100 loops=1)
         ->  Incremental Sort  (cost=828.68..1026.32 rows=10000 width=20) (actual time=1.915..1.933 rows=100 loops=1)
               Sort Key: s_3.a, s_3.b, s_3.c, s_3.d
               Presorted Key: s_3.a, s_3.b, s_3.c
               Sort Method: quicksort  Memory: 27kB
               Sort Groups: 4
               ->  Sort  (cost=828.39..853.39 rows=10000 width=20) (actual time=1.877..1.882 rows=129 loops=1)
                     Sort Key: s_3.a, s_3.b, s_3.c
                     Sort Method: quicksort  Memory: 1166kB
                     ->  Seq Scan on s_3  (cost=0.00..164.00 rows=10000 width=20) (actual time=0.008..0.588 rows=10000 loops=1)
 Planning time: 0.226 ms
 Execution time: 2.005 ms
(13 rows)

===== 236 [Wed Mar  7 01:58:25 CET 2018] scale:10000 groups:1000 work_mem:8MB incremental:on max_workers:0 =====
SELECT * FROM (SELECT * FROM s_4 ORDER BY a, b, c, d) foo ORDER BY a, b, c, d, e LIMIT 100
                                                           QUERY PLAN                                                           
--------------------------------------------------------------------------------------------------------------------------------
 Limit  (cost=831.65..831.65 rows=1 width=20) (actual time=1.943..1.943 rows=0 loops=1)
   ->  Limit  (cost=828.68..830.65 rows=100 width=20) (actual time=1.912..1.939 rows=100 loops=1)
         ->  Incremental Sort  (cost=828.68..1026.32 rows=10000 width=20) (actual time=1.911..1.933 rows=100 loops=1)
               Sort Key: s_4.a, s_4.b, s_4.c, s_4.d, s_4.e
               Presorted Key: s_4.a, s_4.b, s_4.c, s_4.d
               Sort Method: quicksort  Memory: 27kB
               Sort Groups: 4
               ->  Sort  (cost=828.39..853.39 rows=10000 width=20) (actual time=1.868..1.873 rows=129 loops=1)
                     Sort Key: s_4.a, s_4.b, s_4.c, s_4.d
                     Sort Method: quicksort  Memory: 1166kB
                     ->  Seq Scan on s_4  (cost=0.00..164.00 rows=10000 width=20) (actual time=0.004..0.577 rows=10000 loops=1)
 Planning time: 0.240 ms
 Execution time: 2.004 ms
(13 rows)

===== 237 [Wed Mar  7 01:58:25 CET 2018] scale:10000 groups:1000 work_mem:8MB incremental:off max_workers:0 =====
SELECT * FROM (SELECT * FROM s_1 ORDER BY a) foo ORDER BY a, b LIMIT 100
                                                           QUERY PLAN                                                           
--------------------------------------------------------------------------------------------------------------------------------
 Limit  (cost=1336.83..1336.83 rows=1 width=20) (actual time=2.771..2.771 rows=0 loops=1)
   ->  Limit  (cost=1335.58..1335.83 rows=100 width=20) (actual time=2.758..2.768 rows=100 loops=1)
         ->  Sort  (cost=1335.58..1360.58 rows=10000 width=20) (actual time=2.758..2.762 rows=100 loops=1)
               Sort Key: s_1.a, s_1.b
               Sort Method: top-N heapsort  Memory: 32kB
               ->  Sort  (cost=828.39..853.39 rows=10000 width=20) (actual time=1.714..2.049 rows=10000 loops=1)
                     Sort Key: s_1.a
                     Sort Method: quicksort  Memory: 1166kB
                     ->  Seq Scan on s_1  (cost=0.00..164.00 rows=10000 width=20) (actual time=0.004..0.581 rows=10000 loops=1)
 Planning time: 0.216 ms
 Execution time: 2.834 ms
(11 rows)

===== 238 [Wed Mar  7 01:58:25 CET 2018] scale:10000 groups:1000 work_mem:8MB incremental:off max_workers:0 =====
SELECT * FROM (SELECT * FROM s_2 ORDER BY a, b) foo ORDER BY a, b, c LIMIT 100
                                                           QUERY PLAN                                                           
--------------------------------------------------------------------------------------------------------------------------------
 Limit  (cost=1336.83..1336.83 rows=1 width=20) (actual time=2.889..2.889 rows=0 loops=1)
   ->  Limit  (cost=1335.58..1335.83 rows=100 width=20) (actual time=2.876..2.885 rows=100 loops=1)
         ->  Sort  (cost=1335.58..1360.58 rows=10000 width=20) (actual time=2.875..2.879 rows=100 loops=1)
               Sort Key: s_2.a, s_2.b, s_2.c
               Sort Method: top-N heapsort  Memory: 32kB
               ->  Sort  (cost=828.39..853.39 rows=10000 width=20) (actual time=1.832..2.171 rows=10000 loops=1)
                     Sort Key: s_2.a, s_2.b
                     Sort Method: quicksort  Memory: 1166kB
                     ->  Seq Scan on s_2  (cost=0.00..164.00 rows=10000 width=20) (actual time=0.007..0.582 rows=10000 loops=1)
 Planning time: 0.214 ms
 Execution time: 2.949 ms
(11 rows)

===== 239 [Wed Mar  7 01:58:25 CET 2018] scale:10000 groups:1000 work_mem:8MB incremental:off max_workers:0 =====
SELECT * FROM (SELECT * FROM s_3 ORDER BY a, b, c) foo ORDER BY a, b, c, d LIMIT 100
                                                           QUERY PLAN                                                           
--------------------------------------------------------------------------------------------------------------------------------
 Limit  (cost=1336.83..1336.83 rows=1 width=20) (actual time=2.984..2.984 rows=0 loops=1)
   ->  Limit  (cost=1335.58..1335.83 rows=100 width=20) (actual time=2.971..2.981 rows=100 loops=1)
         ->  Sort  (cost=1335.58..1360.58 rows=10000 width=20) (actual time=2.971..2.975 rows=100 loops=1)
               Sort Key: s_3.a, s_3.b, s_3.c, s_3.d
               Sort Method: top-N heapsort  Memory: 32kB
               ->  Sort  (cost=828.39..853.39 rows=10000 width=20) (actual time=1.871..2.211 rows=10000 loops=1)
                     Sort Key: s_3.a, s_3.b, s_3.c
                     Sort Method: quicksort  Memory: 1166kB
                     ->  Seq Scan on s_3  (cost=0.00..164.00 rows=10000 width=20) (actual time=0.008..0.577 rows=10000 loops=1)
 Planning time: 0.215 ms
 Execution time: 3.047 ms
(11 rows)

===== 240 [Wed Mar  7 01:58:25 CET 2018] scale:10000 groups:1000 work_mem:8MB incremental:off max_workers:0 =====
SELECT * FROM (SELECT * FROM s_4 ORDER BY a, b, c, d) foo ORDER BY a, b, c, d, e LIMIT 100
                                                           QUERY PLAN                                                           
--------------------------------------------------------------------------------------------------------------------------------
 Limit  (cost=1336.83..1336.83 rows=1 width=20) (actual time=2.973..2.973 rows=0 loops=1)
   ->  Limit  (cost=1335.58..1335.83 rows=100 width=20) (actual time=2.960..2.969 rows=100 loops=1)
         ->  Sort  (cost=1335.58..1360.58 rows=10000 width=20) (actual time=2.960..2.963 rows=100 loops=1)
               Sort Key: s_4.a, s_4.b, s_4.c, s_4.d, s_4.e
               Sort Method: top-N heapsort  Memory: 32kB
               ->  Sort  (cost=828.39..853.39 rows=10000 width=20) (actual time=1.862..2.202 rows=10000 loops=1)
                     Sort Key: s_4.a, s_4.b, s_4.c, s_4.d
                     Sort Method: quicksort  Memory: 1166kB
                     ->  Seq Scan on s_4  (cost=0.00..164.00 rows=10000 width=20) (actual time=0.004..0.576 rows=10000 loops=1)
 Planning time: 0.227 ms
 Execution time: 3.034 ms
(11 rows)

===== 241 [Wed Mar  7 01:58:25 CET 2018] scale:10000 groups:1000 work_mem:16MB incremental:on max_workers:0 =====
SELECT * FROM (SELECT * FROM s_1 ORDER BY a) foo ORDER BY a, b LIMIT 100
                                                           QUERY PLAN                                                           
--------------------------------------------------------------------------------------------------------------------------------
 Limit  (cost=831.65..831.65 rows=1 width=20) (actual time=1.800..1.800 rows=0 loops=1)
   ->  Limit  (cost=828.68..830.65 rows=100 width=20) (actual time=1.772..1.797 rows=100 loops=1)
         ->  Incremental Sort  (cost=828.68..1026.32 rows=10000 width=20) (actual time=1.772..1.791 rows=100 loops=1)
               Sort Key: s_1.a, s_1.b
               Presorted Key: s_1.a
               Sort Method: quicksort  Memory: 27kB
               Sort Groups: 3
               ->  Sort  (cost=828.39..853.39 rows=10000 width=20) (actual time=1.729..1.733 rows=108 loops=1)
                     Sort Key: s_1.a
                     Sort Method: quicksort  Memory: 1166kB
                     ->  Seq Scan on s_1  (cost=0.00..164.00 rows=10000 width=20) (actual time=0.004..0.590 rows=10000 loops=1)
 Planning time: 0.225 ms
 Execution time: 1.860 ms
(13 rows)

===== 242 [Wed Mar  7 01:58:25 CET 2018] scale:10000 groups:1000 work_mem:16MB incremental:on max_workers:0 =====
SELECT * FROM (SELECT * FROM s_2 ORDER BY a, b) foo ORDER BY a, b, c LIMIT 100
                                                           QUERY PLAN                                                           
--------------------------------------------------------------------------------------------------------------------------------
 Limit  (cost=831.65..831.65 rows=1 width=20) (actual time=1.911..1.911 rows=0 loops=1)
   ->  Limit  (cost=828.68..830.65 rows=100 width=20) (actual time=1.882..1.908 rows=100 loops=1)
         ->  Incremental Sort  (cost=828.68..1026.32 rows=10000 width=20) (actual time=1.882..1.902 rows=100 loops=1)
               Sort Key: s_2.a, s_2.b, s_2.c
               Presorted Key: s_2.a, s_2.b
               Sort Method: quicksort  Memory: 27kB
               Sort Groups: 4
               ->  Sort  (cost=828.39..853.39 rows=10000 width=20) (actual time=1.841..1.846 rows=129 loops=1)
                     Sort Key: s_2.a, s_2.b
                     Sort Method: quicksort  Memory: 1166kB
                     ->  Seq Scan on s_2  (cost=0.00..164.00 rows=10000 width=20) (actual time=0.007..0.585 rows=10000 loops=1)
 Planning time: 0.219 ms
 Execution time: 1.974 ms
(13 rows)

===== 243 [Wed Mar  7 01:58:25 CET 2018] scale:10000 groups:1000 work_mem:16MB incremental:on max_workers:0 =====
SELECT * FROM (SELECT * FROM s_3 ORDER BY a, b, c) foo ORDER BY a, b, c, d LIMIT 100
                                                           QUERY PLAN                                                           
--------------------------------------------------------------------------------------------------------------------------------
 Limit  (cost=831.65..831.65 rows=1 width=20) (actual time=1.943..1.943 rows=0 loops=1)
   ->  Limit  (cost=828.68..830.65 rows=100 width=20) (actual time=1.916..1.939 rows=100 loops=1)
         ->  Incremental Sort  (cost=828.68..1026.32 rows=10000 width=20) (actual time=1.915..1.933 rows=100 loops=1)
               Sort Key: s_3.a, s_3.b, s_3.c, s_3.d
               Presorted Key: s_3.a, s_3.b, s_3.c
               Sort Method: quicksort  Memory: 27kB
               Sort Groups: 4
               ->  Sort  (cost=828.39..853.39 rows=10000 width=20) (actual time=1.876..1.881 rows=129 loops=1)
                     Sort Key: s_3.a, s_3.b, s_3.c
                     Sort Method: quicksort  Memory: 1166kB
                     ->  Seq Scan on s_3  (cost=0.00..164.00 rows=10000 width=20) (actual time=0.008..0.577 rows=10000 loops=1)
 Planning time: 0.228 ms
 Execution time: 2.005 ms
(13 rows)

===== 244 [Wed Mar  7 01:58:25 CET 2018] scale:10000 groups:1000 work_mem:16MB incremental:on max_workers:0 =====
SELECT * FROM (SELECT * FROM s_4 ORDER BY a, b, c, d) foo ORDER BY a, b, c, d, e LIMIT 100
                                                           QUERY PLAN                                                           
--------------------------------------------------------------------------------------------------------------------------------
 Limit  (cost=831.65..831.65 rows=1 width=20) (actual time=1.944..1.944 rows=0 loops=1)
   ->  Limit  (cost=828.68..830.65 rows=100 width=20) (actual time=1.916..1.940 rows=100 loops=1)
         ->  Incremental Sort  (cost=828.68..1026.32 rows=10000 width=20) (actual time=1.916..1.934 rows=100 loops=1)
               Sort Key: s_4.a, s_4.b, s_4.c, s_4.d, s_4.e
               Presorted Key: s_4.a, s_4.b, s_4.c, s_4.d
               Sort Method: quicksort  Memory: 27kB
               Sort Groups: 4
               ->  Sort  (cost=828.39..853.39 rows=10000 width=20) (actual time=1.873..1.878 rows=129 loops=1)
                     Sort Key: s_4.a, s_4.b, s_4.c, s_4.d
                     Sort Method: quicksort  Memory: 1166kB
                     ->  Seq Scan on s_4  (cost=0.00..164.00 rows=10000 width=20) (actual time=0.004..0.584 rows=10000 loops=1)
 Planning time: 0.236 ms
 Execution time: 2.005 ms
(13 rows)

===== 245 [Wed Mar  7 01:58:26 CET 2018] scale:10000 groups:1000 work_mem:16MB incremental:off max_workers:0 =====
SELECT * FROM (SELECT * FROM s_1 ORDER BY a) foo ORDER BY a, b LIMIT 100
                                                           QUERY PLAN                                                           
--------------------------------------------------------------------------------------------------------------------------------
 Limit  (cost=1336.83..1336.83 rows=1 width=20) (actual time=2.771..2.771 rows=0 loops=1)
   ->  Limit  (cost=1335.58..1335.83 rows=100 width=20) (actual time=2.758..2.767 rows=100 loops=1)
         ->  Sort  (cost=1335.58..1360.58 rows=10000 width=20) (actual time=2.757..2.761 rows=100 loops=1)
               Sort Key: s_1.a, s_1.b
               Sort Method: top-N heapsort  Memory: 32kB
               ->  Sort  (cost=828.39..853.39 rows=10000 width=20) (actual time=1.714..2.049 rows=10000 loops=1)
                     Sort Key: s_1.a
                     Sort Method: quicksort  Memory: 1166kB
                     ->  Seq Scan on s_1  (cost=0.00..164.00 rows=10000 width=20) (actual time=0.004..0.582 rows=10000 loops=1)
 Planning time: 0.215 ms
 Execution time: 2.831 ms
(11 rows)

===== 246 [Wed Mar  7 01:58:26 CET 2018] scale:10000 groups:1000 work_mem:16MB incremental:off max_workers:0 =====
SELECT * FROM (SELECT * FROM s_2 ORDER BY a, b) foo ORDER BY a, b, c LIMIT 100
                                                           QUERY PLAN                                                           
--------------------------------------------------------------------------------------------------------------------------------
 Limit  (cost=1336.83..1336.83 rows=1 width=20) (actual time=2.889..2.889 rows=0 loops=1)
   ->  Limit  (cost=1335.58..1335.83 rows=100 width=20) (actual time=2.876..2.885 rows=100 loops=1)
         ->  Sort  (cost=1335.58..1360.58 rows=10000 width=20) (actual time=2.876..2.880 rows=100 loops=1)
               Sort Key: s_2.a, s_2.b, s_2.c
               Sort Method: top-N heapsort  Memory: 32kB
               ->  Sort  (cost=828.39..853.39 rows=10000 width=20) (actual time=1.835..2.169 rows=10000 loops=1)
                     Sort Key: s_2.a, s_2.b
                     Sort Method: quicksort  Memory: 1166kB
                     ->  Seq Scan on s_2  (cost=0.00..164.00 rows=10000 width=20) (actual time=0.008..0.585 rows=10000 loops=1)
 Planning time: 0.219 ms
 Execution time: 2.951 ms
(11 rows)

===== 247 [Wed Mar  7 01:58:26 CET 2018] scale:10000 groups:1000 work_mem:16MB incremental:off max_workers:0 =====
SELECT * FROM (SELECT * FROM s_3 ORDER BY a, b, c) foo ORDER BY a, b, c, d LIMIT 100
                                                           QUERY PLAN                                                           
--------------------------------------------------------------------------------------------------------------------------------
 Limit  (cost=1336.83..1336.83 rows=1 width=20) (actual time=3.010..3.010 rows=0 loops=1)
   ->  Limit  (cost=1335.58..1335.83 rows=100 width=20) (actual time=2.997..3.007 rows=100 loops=1)
         ->  Sort  (cost=1335.58..1360.58 rows=10000 width=20) (actual time=2.997..3.001 rows=100 loops=1)
               Sort Key: s_3.a, s_3.b, s_3.c, s_3.d
               Sort Method: top-N heapsort  Memory: 32kB
               ->  Sort  (cost=828.39..853.39 rows=10000 width=20) (actual time=1.876..2.219 rows=10000 loops=1)
                     Sort Key: s_3.a, s_3.b, s_3.c
                     Sort Method: quicksort  Memory: 1166kB
                     ->  Seq Scan on s_3  (cost=0.00..164.00 rows=10000 width=20) (actual time=0.008..0.574 rows=10000 loops=1)
 Planning time: 0.217 ms
 Execution time: 3.072 ms
(11 rows)

===== 248 [Wed Mar  7 01:58:26 CET 2018] scale:10000 groups:1000 work_mem:16MB incremental:off max_workers:0 =====
SELECT * FROM (SELECT * FROM s_4 ORDER BY a, b, c, d) foo ORDER BY a, b, c, d, e LIMIT 100
                                                           QUERY PLAN                                                           
--------------------------------------------------------------------------------------------------------------------------------
 Limit  (cost=1336.83..1336.83 rows=1 width=20) (actual time=2.985..2.985 rows=0 loops=1)
   ->  Limit  (cost=1335.58..1335.83 rows=100 width=20) (actual time=2.971..2.981 rows=100 loops=1)
         ->  Sort  (cost=1335.58..1360.58 rows=10000 width=20) (actual time=2.971..2.975 rows=100 loops=1)
               Sort Key: s_4.a, s_4.b, s_4.c, s_4.d, s_4.e
               Sort Method: top-N heapsort  Memory: 32kB
               ->  Sort  (cost=828.39..853.39 rows=10000 width=20) (actual time=1.859..2.199 rows=10000 loops=1)
                     Sort Key: s_4.a, s_4.b, s_4.c, s_4.d
                     Sort Method: quicksort  Memory: 1166kB
                     ->  Seq Scan on s_4  (cost=0.00..164.00 rows=10000 width=20) (actual time=0.004..0.570 rows=10000 loops=1)
 Planning time: 0.235 ms
 Execution time: 3.047 ms
(11 rows)

===== 249 [Wed Mar  7 01:58:26 CET 2018] scale:10000 groups:1000 work_mem:32MB incremental:on max_workers:0 =====
SELECT * FROM (SELECT * FROM s_1 ORDER BY a) foo ORDER BY a, b LIMIT 100
                                                           QUERY PLAN                                                           
--------------------------------------------------------------------------------------------------------------------------------
 Limit  (cost=831.65..831.65 rows=1 width=20) (actual time=1.792..1.792 rows=0 loops=1)
   ->  Limit  (cost=828.68..830.65 rows=100 width=20) (actual time=1.764..1.789 rows=100 loops=1)
         ->  Incremental Sort  (cost=828.68..1026.32 rows=10000 width=20) (actual time=1.764..1.783 rows=100 loops=1)
               Sort Key: s_1.a, s_1.b
               Presorted Key: s_1.a
               Sort Method: quicksort  Memory: 27kB
               Sort Groups: 3
               ->  Sort  (cost=828.39..853.39 rows=10000 width=20) (actual time=1.721..1.725 rows=108 loops=1)
                     Sort Key: s_1.a
                     Sort Method: quicksort  Memory: 1166kB
                     ->  Seq Scan on s_1  (cost=0.00..164.00 rows=10000 width=20) (actual time=0.004..0.581 rows=10000 loops=1)
 Planning time: 0.231 ms
 Execution time: 1.863 ms
(13 rows)

===== 250 [Wed Mar  7 01:58:26 CET 2018] scale:10000 groups:1000 work_mem:32MB incremental:on max_workers:0 =====
SELECT * FROM (SELECT * FROM s_2 ORDER BY a, b) foo ORDER BY a, b, c LIMIT 100
                                                           QUERY PLAN                                                           
--------------------------------------------------------------------------------------------------------------------------------
 Limit  (cost=831.65..831.65 rows=1 width=20) (actual time=1.905..1.905 rows=0 loops=1)
   ->  Limit  (cost=828.68..830.65 rows=100 width=20) (actual time=1.876..1.902 rows=100 loops=1)
         ->  Incremental Sort  (cost=828.68..1026.32 rows=10000 width=20) (actual time=1.876..1.895 rows=100 loops=1)
               Sort Key: s_2.a, s_2.b, s_2.c
               Presorted Key: s_2.a, s_2.b
               Sort Method: quicksort  Memory: 27kB
               Sort Groups: 4
               ->  Sort  (cost=828.39..853.39 rows=10000 width=20) (actual time=1.836..1.841 rows=129 loops=1)
                     Sort Key: s_2.a, s_2.b
                     Sort Method: quicksort  Memory: 1166kB
                     ->  Seq Scan on s_2  (cost=0.00..164.00 rows=10000 width=20) (actual time=0.008..0.584 rows=10000 loops=1)
 Planning time: 0.222 ms
 Execution time: 1.966 ms
(13 rows)

===== 251 [Wed Mar  7 01:58:26 CET 2018] scale:10000 groups:1000 work_mem:32MB incremental:on max_workers:0 =====
SELECT * FROM (SELECT * FROM s_3 ORDER BY a, b, c) foo ORDER BY a, b, c, d LIMIT 100
                                                           QUERY PLAN                                                           
--------------------------------------------------------------------------------------------------------------------------------
 Limit  (cost=831.65..831.65 rows=1 width=20) (actual time=1.949..1.949 rows=0 loops=1)
   ->  Limit  (cost=828.68..830.65 rows=100 width=20) (actual time=1.921..1.945 rows=100 loops=1)
         ->  Incremental Sort  (cost=828.68..1026.32 rows=10000 width=20) (actual time=1.921..1.939 rows=100 loops=1)
               Sort Key: s_3.a, s_3.b, s_3.c, s_3.d
               Presorted Key: s_3.a, s_3.b, s_3.c
               Sort Method: quicksort  Memory: 27kB
               Sort Groups: 4
               ->  Sort  (cost=828.39..853.39 rows=10000 width=20) (actual time=1.881..1.886 rows=129 loops=1)
                     Sort Key: s_3.a, s_3.b, s_3.c
                     Sort Method: quicksort  Memory: 1166kB
                     ->  Seq Scan on s_3  (cost=0.00..164.00 rows=10000 width=20) (actual time=0.008..0.579 rows=10000 loops=1)
 Planning time: 0.224 ms
 Execution time: 2.011 ms
(13 rows)

===== 252 [Wed Mar  7 01:58:26 CET 2018] scale:10000 groups:1000 work_mem:32MB incremental:on max_workers:0 =====
SELECT * FROM (SELECT * FROM s_4 ORDER BY a, b, c, d) foo ORDER BY a, b, c, d, e LIMIT 100
                                                           QUERY PLAN                                                           
--------------------------------------------------------------------------------------------------------------------------------
 Limit  (cost=831.65..831.65 rows=1 width=20) (actual time=1.953..1.953 rows=0 loops=1)
   ->  Limit  (cost=828.68..830.65 rows=100 width=20) (actual time=1.926..1.950 rows=100 loops=1)
         ->  Incremental Sort  (cost=828.68..1026.32 rows=10000 width=20) (actual time=1.926..1.944 rows=100 loops=1)
               Sort Key: s_4.a, s_4.b, s_4.c, s_4.d, s_4.e
               Presorted Key: s_4.a, s_4.b, s_4.c, s_4.d
               Sort Method: quicksort  Memory: 27kB
               Sort Groups: 4
               ->  Sort  (cost=828.39..853.39 rows=10000 width=20) (actual time=1.883..1.888 rows=129 loops=1)
                     Sort Key: s_4.a, s_4.b, s_4.c, s_4.d
                     Sort Method: quicksort  Memory: 1166kB
                     ->  Seq Scan on s_4  (cost=0.00..164.00 rows=10000 width=20) (actual time=0.004..0.586 rows=10000 loops=1)
 Planning time: 0.236 ms
 Execution time: 2.013 ms
(13 rows)

===== 253 [Wed Mar  7 01:58:26 CET 2018] scale:10000 groups:1000 work_mem:32MB incremental:off max_workers:0 =====
SELECT * FROM (SELECT * FROM s_1 ORDER BY a) foo ORDER BY a, b LIMIT 100
                                                           QUERY PLAN                                                           
--------------------------------------------------------------------------------------------------------------------------------
 Limit  (cost=1336.83..1336.83 rows=1 width=20) (actual time=2.771..2.771 rows=0 loops=1)
   ->  Limit  (cost=1335.58..1335.83 rows=100 width=20) (actual time=2.758..2.767 rows=100 loops=1)
         ->  Sort  (cost=1335.58..1360.58 rows=10000 width=20) (actual time=2.757..2.761 rows=100 loops=1)
               Sort Key: s_1.a, s_1.b
               Sort Method: top-N heapsort  Memory: 32kB
               ->  Sort  (cost=828.39..853.39 rows=10000 width=20) (actual time=1.710..2.044 rows=10000 loops=1)
                     Sort Key: s_1.a
                     Sort Method: quicksort  Memory: 1166kB
                     ->  Seq Scan on s_1  (cost=0.00..164.00 rows=10000 width=20) (actual time=0.004..0.579 rows=10000 loops=1)
 Planning time: 0.218 ms
 Execution time: 2.843 ms
(11 rows)

===== 254 [Wed Mar  7 01:58:26 CET 2018] scale:10000 groups:1000 work_mem:32MB incremental:off max_workers:0 =====
SELECT * FROM (SELECT * FROM s_2 ORDER BY a, b) foo ORDER BY a, b, c LIMIT 100
                                                           QUERY PLAN                                                           
--------------------------------------------------------------------------------------------------------------------------------
 Limit  (cost=1336.83..1336.83 rows=1 width=20) (actual time=2.896..2.896 rows=0 loops=1)
   ->  Limit  (cost=1335.58..1335.83 rows=100 width=20) (actual time=2.883..2.893 rows=100 loops=1)
         ->  Sort  (cost=1335.58..1360.58 rows=10000 width=20) (actual time=2.883..2.886 rows=100 loops=1)
               Sort Key: s_2.a, s_2.b, s_2.c
               Sort Method: top-N heapsort  Memory: 32kB
               ->  Sort  (cost=828.39..853.39 rows=10000 width=20) (actual time=1.838..2.173 rows=10000 loops=1)
                     Sort Key: s_2.a, s_2.b
                     Sort Method: quicksort  Memory: 1166kB
                     ->  Seq Scan on s_2  (cost=0.00..164.00 rows=10000 width=20) (actual time=0.007..0.590 rows=10000 loops=1)
 Planning time: 0.216 ms
 Execution time: 2.958 ms
(11 rows)

===== 255 [Wed Mar  7 01:58:26 CET 2018] scale:10000 groups:1000 work_mem:32MB incremental:off max_workers:0 =====
SELECT * FROM (SELECT * FROM s_3 ORDER BY a, b, c) foo ORDER BY a, b, c, d LIMIT 100
                                                           QUERY PLAN                                                           
--------------------------------------------------------------------------------------------------------------------------------
 Limit  (cost=1336.83..1336.83 rows=1 width=20) (actual time=2.994..2.994 rows=0 loops=1)
   ->  Limit  (cost=1335.58..1335.83 rows=100 width=20) (actual time=2.981..2.991 rows=100 loops=1)
         ->  Sort  (cost=1335.58..1360.58 rows=10000 width=20) (actual time=2.981..2.985 rows=100 loops=1)
               Sort Key: s_3.a, s_3.b, s_3.c, s_3.d
               Sort Method: top-N heapsort  Memory: 32kB
               ->  Sort  (cost=828.39..853.39 rows=10000 width=20) (actual time=1.873..2.215 rows=10000 loops=1)
                     Sort Key: s_3.a, s_3.b, s_3.c
                     Sort Method: quicksort  Memory: 1166kB
                     ->  Seq Scan on s_3  (cost=0.00..164.00 rows=10000 width=20) (actual time=0.008..0.578 rows=10000 loops=1)
 Planning time: 0.220 ms
 Execution time: 3.056 ms
(11 rows)

===== 256 [Wed Mar  7 01:58:26 CET 2018] scale:10000 groups:1000 work_mem:32MB incremental:off max_workers:0 =====
SELECT * FROM (SELECT * FROM s_4 ORDER BY a, b, c, d) foo ORDER BY a, b, c, d, e LIMIT 100
                                                           QUERY PLAN                                                           
--------------------------------------------------------------------------------------------------------------------------------
 Limit  (cost=1336.83..1336.83 rows=1 width=20) (actual time=2.972..2.972 rows=0 loops=1)
   ->  Limit  (cost=1335.58..1335.83 rows=100 width=20) (actual time=2.959..2.968 rows=100 loops=1)
         ->  Sort  (cost=1335.58..1360.58 rows=10000 width=20) (actual time=2.959..2.963 rows=100 loops=1)
               Sort Key: s_4.a, s_4.b, s_4.c, s_4.d, s_4.e
               Sort Method: top-N heapsort  Memory: 32kB
               ->  Sort  (cost=828.39..853.39 rows=10000 width=20) (actual time=1.860..2.199 rows=10000 loops=1)
                     Sort Key: s_4.a, s_4.b, s_4.c, s_4.d
                     Sort Method: quicksort  Memory: 1166kB
                     ->  Seq Scan on s_4  (cost=0.00..164.00 rows=10000 width=20) (actual time=0.004..0.574 rows=10000 loops=1)
 Planning time: 0.237 ms
 Execution time: 3.034 ms
(11 rows)

===== 257 [Wed Mar  7 01:58:27 CET 2018] scale:10000 groups:1000 work_mem:64MB incremental:on max_workers:0 =====
SELECT * FROM (SELECT * FROM s_1 ORDER BY a) foo ORDER BY a, b LIMIT 100
                                                           QUERY PLAN                                                           
--------------------------------------------------------------------------------------------------------------------------------
 Limit  (cost=831.65..831.65 rows=1 width=20) (actual time=1.801..1.801 rows=0 loops=1)
   ->  Limit  (cost=828.68..830.65 rows=100 width=20) (actual time=1.773..1.797 rows=100 loops=1)
         ->  Incremental Sort  (cost=828.68..1026.32 rows=10000 width=20) (actual time=1.772..1.791 rows=100 loops=1)
               Sort Key: s_1.a, s_1.b
               Presorted Key: s_1.a
               Sort Method: quicksort  Memory: 27kB
               Sort Groups: 3
               ->  Sort  (cost=828.39..853.39 rows=10000 width=20) (actual time=1.728..1.732 rows=108 loops=1)
                     Sort Key: s_1.a
                     Sort Method: quicksort  Memory: 1166kB
                     ->  Seq Scan on s_1  (cost=0.00..164.00 rows=10000 width=20) (actual time=0.004..0.585 rows=10000 loops=1)
 Planning time: 0.227 ms
 Execution time: 1.863 ms
(13 rows)

===== 258 [Wed Mar  7 01:58:27 CET 2018] scale:10000 groups:1000 work_mem:64MB incremental:on max_workers:0 =====
SELECT * FROM (SELECT * FROM s_2 ORDER BY a, b) foo ORDER BY a, b, c LIMIT 100
                                                           QUERY PLAN                                                           
--------------------------------------------------------------------------------------------------------------------------------
 Limit  (cost=831.65..831.65 rows=1 width=20) (actual time=1.913..1.913 rows=0 loops=1)
   ->  Limit  (cost=828.68..830.65 rows=100 width=20) (actual time=1.884..1.909 rows=100 loops=1)
         ->  Incremental Sort  (cost=828.68..1026.32 rows=10000 width=20) (actual time=1.884..1.903 rows=100 loops=1)
               Sort Key: s_2.a, s_2.b, s_2.c
               Presorted Key: s_2.a, s_2.b
               Sort Method: quicksort  Memory: 27kB
               Sort Groups: 4
               ->  Sort  (cost=828.39..853.39 rows=10000 width=20) (actual time=1.845..1.850 rows=129 loops=1)
                     Sort Key: s_2.a, s_2.b
                     Sort Method: quicksort  Memory: 1166kB
                     ->  Seq Scan on s_2  (cost=0.00..164.00 rows=10000 width=20) (actual time=0.008..0.589 rows=10000 loops=1)
 Planning time: 0.223 ms
 Execution time: 1.975 ms
(13 rows)

===== 259 [Wed Mar  7 01:58:27 CET 2018] scale:10000 groups:1000 work_mem:64MB incremental:on max_workers:0 =====
SELECT * FROM (SELECT * FROM s_3 ORDER BY a, b, c) foo ORDER BY a, b, c, d LIMIT 100
                                                           QUERY PLAN                                                           
--------------------------------------------------------------------------------------------------------------------------------
 Limit  (cost=831.65..831.65 rows=1 width=20) (actual time=1.945..1.945 rows=0 loops=1)
   ->  Limit  (cost=828.68..830.65 rows=100 width=20) (actual time=1.918..1.942 rows=100 loops=1)
         ->  Incremental Sort  (cost=828.68..1026.32 rows=10000 width=20) (actual time=1.918..1.935 rows=100 loops=1)
               Sort Key: s_3.a, s_3.b, s_3.c, s_3.d
               Presorted Key: s_3.a, s_3.b, s_3.c
               Sort Method: quicksort  Memory: 27kB
               Sort Groups: 4
               ->  Sort  (cost=828.39..853.39 rows=10000 width=20) (actual time=1.880..1.885 rows=129 loops=1)
                     Sort Key: s_3.a, s_3.b, s_3.c
                     Sort Method: quicksort  Memory: 1166kB
                     ->  Seq Scan on s_3  (cost=0.00..164.00 rows=10000 width=20) (actual time=0.008..0.577 rows=10000 loops=1)
 Planning time: 0.225 ms
 Execution time: 2.008 ms
(13 rows)

===== 260 [Wed Mar  7 01:58:27 CET 2018] scale:10000 groups:1000 work_mem:64MB incremental:on max_workers:0 =====
SELECT * FROM (SELECT * FROM s_4 ORDER BY a, b, c, d) foo ORDER BY a, b, c, d, e LIMIT 100
                                                           QUERY PLAN                                                           
--------------------------------------------------------------------------------------------------------------------------------
 Limit  (cost=831.65..831.65 rows=1 width=20) (actual time=1.941..1.941 rows=0 loops=1)
   ->  Limit  (cost=828.68..830.65 rows=100 width=20) (actual time=1.914..1.937 rows=100 loops=1)
         ->  Incremental Sort  (cost=828.68..1026.32 rows=10000 width=20) (actual time=1.913..1.931 rows=100 loops=1)
               Sort Key: s_4.a, s_4.b, s_4.c, s_4.d, s_4.e
               Presorted Key: s_4.a, s_4.b, s_4.c, s_4.d
               Sort Method: quicksort  Memory: 27kB
               Sort Groups: 4
               ->  Sort  (cost=828.39..853.39 rows=10000 width=20) (actual time=1.870..1.875 rows=129 loops=1)
                     Sort Key: s_4.a, s_4.b, s_4.c, s_4.d
                     Sort Method: quicksort  Memory: 1166kB
                     ->  Seq Scan on s_4  (cost=0.00..164.00 rows=10000 width=20) (actual time=0.004..0.579 rows=10000 loops=1)
 Planning time: 0.237 ms
 Execution time: 2.002 ms
(13 rows)

===== 261 [Wed Mar  7 01:58:27 CET 2018] scale:10000 groups:1000 work_mem:64MB incremental:off max_workers:0 =====
SELECT * FROM (SELECT * FROM s_1 ORDER BY a) foo ORDER BY a, b LIMIT 100
                                                           QUERY PLAN                                                           
--------------------------------------------------------------------------------------------------------------------------------
 Limit  (cost=1336.83..1336.83 rows=1 width=20) (actual time=2.776..2.776 rows=0 loops=1)
   ->  Limit  (cost=1335.58..1335.83 rows=100 width=20) (actual time=2.763..2.772 rows=100 loops=1)
         ->  Sort  (cost=1335.58..1360.58 rows=10000 width=20) (actual time=2.763..2.767 rows=100 loops=1)
               Sort Key: s_1.a, s_1.b
               Sort Method: top-N heapsort  Memory: 32kB
               ->  Sort  (cost=828.39..853.39 rows=10000 width=20) (actual time=1.717..2.052 rows=10000 loops=1)
                     Sort Key: s_1.a
                     Sort Method: quicksort  Memory: 1166kB
                     ->  Seq Scan on s_1  (cost=0.00..164.00 rows=10000 width=20) (actual time=0.004..0.582 rows=10000 loops=1)
 Planning time: 0.220 ms
 Execution time: 2.839 ms
(11 rows)

===== 262 [Wed Mar  7 01:58:27 CET 2018] scale:10000 groups:1000 work_mem:64MB incremental:off max_workers:0 =====
SELECT * FROM (SELECT * FROM s_2 ORDER BY a, b) foo ORDER BY a, b, c LIMIT 100
                                                           QUERY PLAN                                                           
--------------------------------------------------------------------------------------------------------------------------------
 Limit  (cost=1336.83..1336.83 rows=1 width=20) (actual time=2.890..2.890 rows=0 loops=1)
   ->  Limit  (cost=1335.58..1335.83 rows=100 width=20) (actual time=2.877..2.887 rows=100 loops=1)
         ->  Sort  (cost=1335.58..1360.58 rows=10000 width=20) (actual time=2.877..2.881 rows=100 loops=1)
               Sort Key: s_2.a, s_2.b, s_2.c
               Sort Method: top-N heapsort  Memory: 32kB
               ->  Sort  (cost=828.39..853.39 rows=10000 width=20) (actual time=1.832..2.171 rows=10000 loops=1)
                     Sort Key: s_2.a, s_2.b
                     Sort Method: quicksort  Memory: 1166kB
                     ->  Seq Scan on s_2  (cost=0.00..164.00 rows=10000 width=20) (actual time=0.007..0.582 rows=10000 loops=1)
 Planning time: 0.214 ms
 Execution time: 2.954 ms
(11 rows)

===== 263 [Wed Mar  7 01:58:27 CET 2018] scale:10000 groups:1000 work_mem:64MB incremental:off max_workers:0 =====
SELECT * FROM (SELECT * FROM s_3 ORDER BY a, b, c) foo ORDER BY a, b, c, d LIMIT 100
                                                           QUERY PLAN                                                           
--------------------------------------------------------------------------------------------------------------------------------
 Limit  (cost=1336.83..1336.83 rows=1 width=20) (actual time=2.992..2.992 rows=0 loops=1)
   ->  Limit  (cost=1335.58..1335.83 rows=100 width=20) (actual time=2.979..2.989 rows=100 loops=1)
         ->  Sort  (cost=1335.58..1360.58 rows=10000 width=20) (actual time=2.979..2.983 rows=100 loops=1)
               Sort Key: s_3.a, s_3.b, s_3.c, s_3.d
               Sort Method: top-N heapsort  Memory: 32kB
               ->  Sort  (cost=828.39..853.39 rows=10000 width=20) (actual time=1.871..2.212 rows=10000 loops=1)
                     Sort Key: s_3.a, s_3.b, s_3.c
                     Sort Method: quicksort  Memory: 1166kB
                     ->  Seq Scan on s_3  (cost=0.00..164.00 rows=10000 width=20) (actual time=0.008..0.574 rows=10000 loops=1)
 Planning time: 0.220 ms
 Execution time: 3.055 ms
(11 rows)

===== 264 [Wed Mar  7 01:58:27 CET 2018] scale:10000 groups:1000 work_mem:64MB incremental:off max_workers:0 =====
SELECT * FROM (SELECT * FROM s_4 ORDER BY a, b, c, d) foo ORDER BY a, b, c, d, e LIMIT 100
                                                           QUERY PLAN                                                           
--------------------------------------------------------------------------------------------------------------------------------
 Limit  (cost=1336.83..1336.83 rows=1 width=20) (actual time=2.989..2.989 rows=0 loops=1)
   ->  Limit  (cost=1335.58..1335.83 rows=100 width=20) (actual time=2.976..2.985 rows=100 loops=1)
         ->  Sort  (cost=1335.58..1360.58 rows=10000 width=20) (actual time=2.976..2.980 rows=100 loops=1)
               Sort Key: s_4.a, s_4.b, s_4.c, s_4.d, s_4.e
               Sort Method: top-N heapsort  Memory: 32kB
               ->  Sort  (cost=828.39..853.39 rows=10000 width=20) (actual time=1.869..2.210 rows=10000 loops=1)
                     Sort Key: s_4.a, s_4.b, s_4.c, s_4.d
                     Sort Method: quicksort  Memory: 1166kB
                     ->  Seq Scan on s_4  (cost=0.00..164.00 rows=10000 width=20) (actual time=0.004..0.573 rows=10000 loops=1)
 Planning time: 0.235 ms
 Execution time: 3.049 ms
(11 rows)

===== 265 [Wed Mar  7 01:58:27 CET 2018] scale:10000 groups:1000 work_mem:128MB incremental:on max_workers:0 =====
SELECT * FROM (SELECT * FROM s_1 ORDER BY a) foo ORDER BY a, b LIMIT 100
                                                           QUERY PLAN                                                           
--------------------------------------------------------------------------------------------------------------------------------
 Limit  (cost=831.65..831.65 rows=1 width=20) (actual time=1.802..1.802 rows=0 loops=1)
   ->  Limit  (cost=828.68..830.65 rows=100 width=20) (actual time=1.774..1.798 rows=100 loops=1)
         ->  Incremental Sort  (cost=828.68..1026.32 rows=10000 width=20) (actual time=1.773..1.792 rows=100 loops=1)
               Sort Key: s_1.a, s_1.b
               Presorted Key: s_1.a
               Sort Method: quicksort  Memory: 27kB
               Sort Groups: 3
               ->  Sort  (cost=828.39..853.39 rows=10000 width=20) (actual time=1.730..1.734 rows=108 loops=1)
                     Sort Key: s_1.a
                     Sort Method: quicksort  Memory: 1166kB
                     ->  Seq Scan on s_1  (cost=0.00..164.00 rows=10000 width=20) (actual time=0.004..0.581 rows=10000 loops=1)
 Planning time: 0.224 ms
 Execution time: 1.864 ms
(13 rows)

===== 266 [Wed Mar  7 01:58:27 CET 2018] scale:10000 groups:1000 work_mem:128MB incremental:on max_workers:0 =====
SELECT * FROM (SELECT * FROM s_2 ORDER BY a, b) foo ORDER BY a, b, c LIMIT 100
                                                           QUERY PLAN                                                           
--------------------------------------------------------------------------------------------------------------------------------
 Limit  (cost=831.65..831.65 rows=1 width=20) (actual time=1.911..1.911 rows=0 loops=1)
   ->  Limit  (cost=828.68..830.65 rows=100 width=20) (actual time=1.882..1.907 rows=100 loops=1)
         ->  Incremental Sort  (cost=828.68..1026.32 rows=10000 width=20) (actual time=1.881..1.901 rows=100 loops=1)
               Sort Key: s_2.a, s_2.b, s_2.c
               Presorted Key: s_2.a, s_2.b
               Sort Method: quicksort  Memory: 27kB
               Sort Groups: 4
               ->  Sort  (cost=828.39..853.39 rows=10000 width=20) (actual time=1.842..1.847 rows=129 loops=1)
                     Sort Key: s_2.a, s_2.b
                     Sort Method: quicksort  Memory: 1166kB
                     ->  Seq Scan on s_2  (cost=0.00..164.00 rows=10000 width=20) (actual time=0.008..0.589 rows=10000 loops=1)
 Planning time: 0.226 ms
 Execution time: 1.973 ms
(13 rows)

===== 267 [Wed Mar  7 01:58:27 CET 2018] scale:10000 groups:1000 work_mem:128MB incremental:on max_workers:0 =====
SELECT * FROM (SELECT * FROM s_3 ORDER BY a, b, c) foo ORDER BY a, b, c, d LIMIT 100
                                                           QUERY PLAN                                                           
--------------------------------------------------------------------------------------------------------------------------------
 Limit  (cost=831.65..831.65 rows=1 width=20) (actual time=1.946..1.946 rows=0 loops=1)
   ->  Limit  (cost=828.68..830.65 rows=100 width=20) (actual time=1.919..1.943 rows=100 loops=1)
         ->  Incremental Sort  (cost=828.68..1026.32 rows=10000 width=20) (actual time=1.919..1.937 rows=100 loops=1)
               Sort Key: s_3.a, s_3.b, s_3.c, s_3.d
               Presorted Key: s_3.a, s_3.b, s_3.c
               Sort Method: quicksort  Memory: 27kB
               Sort Groups: 4
               ->  Sort  (cost=828.39..853.39 rows=10000 width=20) (actual time=1.881..1.886 rows=129 loops=1)
                     Sort Key: s_3.a, s_3.b, s_3.c
                     Sort Method: quicksort  Memory: 1166kB
                     ->  Seq Scan on s_3  (cost=0.00..164.00 rows=10000 width=20) (actual time=0.008..0.583 rows=10000 loops=1)
 Planning time: 0.226 ms
 Execution time: 2.009 ms
(13 rows)

===== 268 [Wed Mar  7 01:58:27 CET 2018] scale:10000 groups:1000 work_mem:128MB incremental:on max_workers:0 =====
SELECT * FROM (SELECT * FROM s_4 ORDER BY a, b, c, d) foo ORDER BY a, b, c, d, e LIMIT 100
                                                           QUERY PLAN                                                           
--------------------------------------------------------------------------------------------------------------------------------
 Limit  (cost=831.65..831.65 rows=1 width=20) (actual time=1.943..1.943 rows=0 loops=1)
   ->  Limit  (cost=828.68..830.65 rows=100 width=20) (actual time=1.916..1.939 rows=100 loops=1)
         ->  Incremental Sort  (cost=828.68..1026.32 rows=10000 width=20) (actual time=1.916..1.933 rows=100 loops=1)
               Sort Key: s_4.a, s_4.b, s_4.c, s_4.d, s_4.e
               Presorted Key: s_4.a, s_4.b, s_4.c, s_4.d
               Sort Method: quicksort  Memory: 27kB
               Sort Groups: 4
               ->  Sort  (cost=828.39..853.39 rows=10000 width=20) (actual time=1.873..1.878 rows=129 loops=1)
                     Sort Key: s_4.a, s_4.b, s_4.c, s_4.d
                     Sort Method: quicksort  Memory: 1166kB
                     ->  Seq Scan on s_4  (cost=0.00..164.00 rows=10000 width=20) (actual time=0.004..0.575 rows=10000 loops=1)
 Planning time: 0.236 ms
 Execution time: 2.004 ms
(13 rows)

===== 269 [Wed Mar  7 01:58:28 CET 2018] scale:10000 groups:1000 work_mem:128MB incremental:off max_workers:0 =====
SELECT * FROM (SELECT * FROM s_1 ORDER BY a) foo ORDER BY a, b LIMIT 100
                                                           QUERY PLAN                                                           
--------------------------------------------------------------------------------------------------------------------------------
 Limit  (cost=1336.83..1336.83 rows=1 width=20) (actual time=2.777..2.777 rows=0 loops=1)
   ->  Limit  (cost=1335.58..1335.83 rows=100 width=20) (actual time=2.764..2.774 rows=100 loops=1)
         ->  Sort  (cost=1335.58..1360.58 rows=10000 width=20) (actual time=2.764..2.768 rows=100 loops=1)
               Sort Key: s_1.a, s_1.b
               Sort Method: top-N heapsort  Memory: 32kB
               ->  Sort  (cost=828.39..853.39 rows=10000 width=20) (actual time=1.710..2.044 rows=10000 loops=1)
                     Sort Key: s_1.a
                     Sort Method: quicksort  Memory: 1166kB
                     ->  Seq Scan on s_1  (cost=0.00..164.00 rows=10000 width=20) (actual time=0.004..0.575 rows=10000 loops=1)
 Planning time: 0.218 ms
 Execution time: 2.841 ms
(11 rows)

===== 270 [Wed Mar  7 01:58:28 CET 2018] scale:10000 groups:1000 work_mem:128MB incremental:off max_workers:0 =====
SELECT * FROM (SELECT * FROM s_2 ORDER BY a, b) foo ORDER BY a, b, c LIMIT 100
                                                           QUERY PLAN                                                           
--------------------------------------------------------------------------------------------------------------------------------
 Limit  (cost=1336.83..1336.83 rows=1 width=20) (actual time=2.890..2.890 rows=0 loops=1)
   ->  Limit  (cost=1335.58..1335.83 rows=100 width=20) (actual time=2.877..2.887 rows=100 loops=1)
         ->  Sort  (cost=1335.58..1360.58 rows=10000 width=20) (actual time=2.877..2.881 rows=100 loops=1)
               Sort Key: s_2.a, s_2.b, s_2.c
               Sort Method: top-N heapsort  Memory: 32kB
               ->  Sort  (cost=828.39..853.39 rows=10000 width=20) (actual time=1.831..2.166 rows=10000 loops=1)
                     Sort Key: s_2.a, s_2.b
                     Sort Method: quicksort  Memory: 1166kB
                     ->  Seq Scan on s_2  (cost=0.00..164.00 rows=10000 width=20) (actual time=0.008..0.581 rows=10000 loops=1)
 Planning time: 0.216 ms
 Execution time: 2.953 ms
(11 rows)

===== 271 [Wed Mar  7 01:58:28 CET 2018] scale:10000 groups:1000 work_mem:128MB incremental:off max_workers:0 =====
SELECT * FROM (SELECT * FROM s_3 ORDER BY a, b, c) foo ORDER BY a, b, c, d LIMIT 100
                                                           QUERY PLAN                                                           
--------------------------------------------------------------------------------------------------------------------------------
 Limit  (cost=1336.83..1336.83 rows=1 width=20) (actual time=2.995..2.995 rows=0 loops=1)
   ->  Limit  (cost=1335.58..1335.83 rows=100 width=20) (actual time=2.982..2.991 rows=100 loops=1)
         ->  Sort  (cost=1335.58..1360.58 rows=10000 width=20) (actual time=2.982..2.986 rows=100 loops=1)
               Sort Key: s_3.a, s_3.b, s_3.c, s_3.d
               Sort Method: top-N heapsort  Memory: 32kB
               ->  Sort  (cost=828.39..853.39 rows=10000 width=20) (actual time=1.872..2.213 rows=10000 loops=1)
                     Sort Key: s_3.a, s_3.b, s_3.c
                     Sort Method: quicksort  Memory: 1166kB
                     ->  Seq Scan on s_3  (cost=0.00..164.00 rows=10000 width=20) (actual time=0.008..0.580 rows=10000 loops=1)
 Planning time: 0.221 ms
 Execution time: 3.056 ms
(11 rows)

===== 272 [Wed Mar  7 01:58:28 CET 2018] scale:10000 groups:1000 work_mem:128MB incremental:off max_workers:0 =====
SELECT * FROM (SELECT * FROM s_4 ORDER BY a, b, c, d) foo ORDER BY a, b, c, d, e LIMIT 100
                                                           QUERY PLAN                                                           
--------------------------------------------------------------------------------------------------------------------------------
 Limit  (cost=1336.83..1336.83 rows=1 width=20) (actual time=2.976..2.976 rows=0 loops=1)
   ->  Limit  (cost=1335.58..1335.83 rows=100 width=20) (actual time=2.963..2.972 rows=100 loops=1)
         ->  Sort  (cost=1335.58..1360.58 rows=10000 width=20) (actual time=2.963..2.966 rows=100 loops=1)
               Sort Key: s_4.a, s_4.b, s_4.c, s_4.d, s_4.e
               Sort Method: top-N heapsort  Memory: 32kB
               ->  Sort  (cost=828.39..853.39 rows=10000 width=20) (actual time=1.865..2.208 rows=10000 loops=1)
                     Sort Key: s_4.a, s_4.b, s_4.c, s_4.d
                     Sort Method: quicksort  Memory: 1166kB
                     ->  Seq Scan on s_4  (cost=0.00..164.00 rows=10000 width=20) (actual time=0.004..0.572 rows=10000 loops=1)
 Planning time: 0.229 ms
 Execution time: 3.039 ms
(11 rows)

===== 273 [Wed Mar  7 01:58:28 CET 2018] scale:10000 groups:1000 work_mem:256MB incremental:on max_workers:0 =====
SELECT * FROM (SELECT * FROM s_1 ORDER BY a) foo ORDER BY a, b LIMIT 100
                                                           QUERY PLAN                                                           
--------------------------------------------------------------------------------------------------------------------------------
 Limit  (cost=831.65..831.65 rows=1 width=20) (actual time=1.796..1.796 rows=0 loops=1)
   ->  Limit  (cost=828.68..830.65 rows=100 width=20) (actual time=1.768..1.793 rows=100 loops=1)
         ->  Incremental Sort  (cost=828.68..1026.32 rows=10000 width=20) (actual time=1.768..1.787 rows=100 loops=1)
               Sort Key: s_1.a, s_1.b
               Presorted Key: s_1.a
               Sort Method: quicksort  Memory: 27kB
               Sort Groups: 3
               ->  Sort  (cost=828.39..853.39 rows=10000 width=20) (actual time=1.724..1.729 rows=108 loops=1)
                     Sort Key: s_1.a
                     Sort Method: quicksort  Memory: 1166kB
                     ->  Seq Scan on s_1  (cost=0.00..164.00 rows=10000 width=20) (actual time=0.004..0.584 rows=10000 loops=1)
 Planning time: 0.226 ms
 Execution time: 1.860 ms
(13 rows)

===== 274 [Wed Mar  7 01:58:28 CET 2018] scale:10000 groups:1000 work_mem:256MB incremental:on max_workers:0 =====
SELECT * FROM (SELECT * FROM s_2 ORDER BY a, b) foo ORDER BY a, b, c LIMIT 100
                                                           QUERY PLAN                                                           
--------------------------------------------------------------------------------------------------------------------------------
 Limit  (cost=831.65..831.65 rows=1 width=20) (actual time=1.903..1.903 rows=0 loops=1)
   ->  Limit  (cost=828.68..830.65 rows=100 width=20) (actual time=1.873..1.899 rows=100 loops=1)
         ->  Incremental Sort  (cost=828.68..1026.32 rows=10000 width=20) (actual time=1.873..1.893 rows=100 loops=1)
               Sort Key: s_2.a, s_2.b, s_2.c
               Presorted Key: s_2.a, s_2.b
               Sort Method: quicksort  Memory: 27kB
               Sort Groups: 4
               ->  Sort  (cost=828.39..853.39 rows=10000 width=20) (actual time=1.834..1.839 rows=129 loops=1)
                     Sort Key: s_2.a, s_2.b
                     Sort Method: quicksort  Memory: 1166kB
                     ->  Seq Scan on s_2  (cost=0.00..164.00 rows=10000 width=20) (actual time=0.007..0.585 rows=10000 loops=1)
 Planning time: 0.230 ms
 Execution time: 1.966 ms
(13 rows)

===== 275 [Wed Mar  7 01:58:28 CET 2018] scale:10000 groups:1000 work_mem:256MB incremental:on max_workers:0 =====
SELECT * FROM (SELECT * FROM s_3 ORDER BY a, b, c) foo ORDER BY a, b, c, d LIMIT 100
                                                           QUERY PLAN                                                           
--------------------------------------------------------------------------------------------------------------------------------
 Limit  (cost=831.65..831.65 rows=1 width=20) (actual time=1.939..1.939 rows=0 loops=1)
   ->  Limit  (cost=828.68..830.65 rows=100 width=20) (actual time=1.912..1.935 rows=100 loops=1)
         ->  Incremental Sort  (cost=828.68..1026.32 rows=10000 width=20) (actual time=1.912..1.929 rows=100 loops=1)
               Sort Key: s_3.a, s_3.b, s_3.c, s_3.d
               Presorted Key: s_3.a, s_3.b, s_3.c
               Sort Method: quicksort  Memory: 27kB
               Sort Groups: 4
               ->  Sort  (cost=828.39..853.39 rows=10000 width=20) (actual time=1.874..1.879 rows=129 loops=1)
                     Sort Key: s_3.a, s_3.b, s_3.c
                     Sort Method: quicksort  Memory: 1166kB
                     ->  Seq Scan on s_3  (cost=0.00..164.00 rows=10000 width=20) (actual time=0.008..0.579 rows=10000 loops=1)
 Planning time: 0.226 ms
 Execution time: 2.002 ms
(13 rows)

===== 276 [Wed Mar  7 01:58:28 CET 2018] scale:10000 groups:1000 work_mem:256MB incremental:on max_workers:0 =====
SELECT * FROM (SELECT * FROM s_4 ORDER BY a, b, c, d) foo ORDER BY a, b, c, d, e LIMIT 100
                                                           QUERY PLAN                                                           
--------------------------------------------------------------------------------------------------------------------------------
 Limit  (cost=831.65..831.65 rows=1 width=20) (actual time=1.945..1.945 rows=0 loops=1)
   ->  Limit  (cost=828.68..830.65 rows=100 width=20) (actual time=1.918..1.941 rows=100 loops=1)
         ->  Incremental Sort  (cost=828.68..1026.32 rows=10000 width=20) (actual time=1.918..1.935 rows=100 loops=1)
               Sort Key: s_4.a, s_4.b, s_4.c, s_4.d, s_4.e
               Presorted Key: s_4.a, s_4.b, s_4.c, s_4.d
               Sort Method: quicksort  Memory: 27kB
               Sort Groups: 4
               ->  Sort  (cost=828.39..853.39 rows=10000 width=20) (actual time=1.871..1.876 rows=129 loops=1)
                     Sort Key: s_4.a, s_4.b, s_4.c, s_4.d
                     Sort Method: quicksort  Memory: 1166kB
                     ->  Seq Scan on s_4  (cost=0.00..164.00 rows=10000 width=20) (actual time=0.004..0.573 rows=10000 loops=1)
 Planning time: 0.242 ms
 Execution time: 2.007 ms
(13 rows)

===== 277 [Wed Mar  7 01:58:28 CET 2018] scale:10000 groups:1000 work_mem:256MB incremental:off max_workers:0 =====
SELECT * FROM (SELECT * FROM s_1 ORDER BY a) foo ORDER BY a, b LIMIT 100
                                                           QUERY PLAN                                                           
--------------------------------------------------------------------------------------------------------------------------------
 Limit  (cost=1336.83..1336.83 rows=1 width=20) (actual time=2.778..2.778 rows=0 loops=1)
   ->  Limit  (cost=1335.58..1335.83 rows=100 width=20) (actual time=2.765..2.774 rows=100 loops=1)
         ->  Sort  (cost=1335.58..1360.58 rows=10000 width=20) (actual time=2.764..2.768 rows=100 loops=1)
               Sort Key: s_1.a, s_1.b
               Sort Method: top-N heapsort  Memory: 32kB
               ->  Sort  (cost=828.39..853.39 rows=10000 width=20) (actual time=1.720..2.059 rows=10000 loops=1)
                     Sort Key: s_1.a
                     Sort Method: quicksort  Memory: 1166kB
                     ->  Seq Scan on s_1  (cost=0.00..164.00 rows=10000 width=20) (actual time=0.004..0.584 rows=10000 loops=1)
 Planning time: 0.218 ms
 Execution time: 2.840 ms
(11 rows)

===== 278 [Wed Mar  7 01:58:28 CET 2018] scale:10000 groups:1000 work_mem:256MB incremental:off max_workers:0 =====
SELECT * FROM (SELECT * FROM s_2 ORDER BY a, b) foo ORDER BY a, b, c LIMIT 100
                                                           QUERY PLAN                                                           
--------------------------------------------------------------------------------------------------------------------------------
 Limit  (cost=1336.83..1336.83 rows=1 width=20) (actual time=2.891..2.891 rows=0 loops=1)
   ->  Limit  (cost=1335.58..1335.83 rows=100 width=20) (actual time=2.877..2.887 rows=100 loops=1)
         ->  Sort  (cost=1335.58..1360.58 rows=10000 width=20) (actual time=2.877..2.881 rows=100 loops=1)
               Sort Key: s_2.a, s_2.b, s_2.c
               Sort Method: top-N heapsort  Memory: 32kB
               ->  Sort  (cost=828.39..853.39 rows=10000 width=20) (actual time=1.834..2.169 rows=10000 loops=1)
                     Sort Key: s_2.a, s_2.b
                     Sort Method: quicksort  Memory: 1166kB
                     ->  Seq Scan on s_2  (cost=0.00..164.00 rows=10000 width=20) (actual time=0.008..0.582 rows=10000 loops=1)
 Planning time: 0.218 ms
 Execution time: 2.952 ms
(11 rows)

===== 279 [Wed Mar  7 01:58:28 CET 2018] scale:10000 groups:1000 work_mem:256MB incremental:off max_workers:0 =====
SELECT * FROM (SELECT * FROM s_3 ORDER BY a, b, c) foo ORDER BY a, b, c, d LIMIT 100
                                                           QUERY PLAN                                                           
--------------------------------------------------------------------------------------------------------------------------------
 Limit  (cost=1336.83..1336.83 rows=1 width=20) (actual time=2.985..2.985 rows=0 loops=1)
   ->  Limit  (cost=1335.58..1335.83 rows=100 width=20) (actual time=2.972..2.981 rows=100 loops=1)
         ->  Sort  (cost=1335.58..1360.58 rows=10000 width=20) (actual time=2.971..2.975 rows=100 loops=1)
               Sort Key: s_3.a, s_3.b, s_3.c, s_3.d
               Sort Method: top-N heapsort  Memory: 32kB
               ->  Sort  (cost=828.39..853.39 rows=10000 width=20) (actual time=1.868..2.211 rows=10000 loops=1)
                     Sort Key: s_3.a, s_3.b, s_3.c
                     Sort Method: quicksort  Memory: 1166kB
                     ->  Seq Scan on s_3  (cost=0.00..164.00 rows=10000 width=20) (actual time=0.008..0.574 rows=10000 loops=1)
 Planning time: 0.217 ms
 Execution time: 3.049 ms
(11 rows)

===== 280 [Wed Mar  7 01:58:28 CET 2018] scale:10000 groups:1000 work_mem:256MB incremental:off max_workers:0 =====
SELECT * FROM (SELECT * FROM s_4 ORDER BY a, b, c, d) foo ORDER BY a, b, c, d, e LIMIT 100
                                                           QUERY PLAN                                                           
--------------------------------------------------------------------------------------------------------------------------------
 Limit  (cost=1336.83..1336.83 rows=1 width=20) (actual time=2.994..2.994 rows=0 loops=1)
   ->  Limit  (cost=1335.58..1335.83 rows=100 width=20) (actual time=2.981..2.991 rows=100 loops=1)
         ->  Sort  (cost=1335.58..1360.58 rows=10000 width=20) (actual time=2.981..2.985 rows=100 loops=1)
               Sort Key: s_4.a, s_4.b, s_4.c, s_4.d, s_4.e
               Sort Method: top-N heapsort  Memory: 32kB
               ->  Sort  (cost=828.39..853.39 rows=10000 width=20) (actual time=1.865..2.207 rows=10000 loops=1)
                     Sort Key: s_4.a, s_4.b, s_4.c, s_4.d
                     Sort Method: quicksort  Memory: 1166kB
                     ->  Seq Scan on s_4  (cost=0.00..164.00 rows=10000 width=20) (actual time=0.004..0.571 rows=10000 loops=1)
 Planning time: 0.234 ms
 Execution time: 3.056 ms
(11 rows)

===== 281 [Wed Mar  7 01:58:28 CET 2018] scale:10000 groups:1000 work_mem:4MB incremental:on max_workers:2 =====
SELECT * FROM (SELECT * FROM s_1 ORDER BY a) foo ORDER BY a, b LIMIT 100
                                                           QUERY PLAN                                                           
--------------------------------------------------------------------------------------------------------------------------------
 Limit  (cost=831.65..831.65 rows=1 width=20) (actual time=1.790..1.790 rows=0 loops=1)
   ->  Limit  (cost=828.68..830.65 rows=100 width=20) (actual time=1.762..1.787 rows=100 loops=1)
         ->  Incremental Sort  (cost=828.68..1026.32 rows=10000 width=20) (actual time=1.762..1.781 rows=100 loops=1)
               Sort Key: s_1.a, s_1.b
               Presorted Key: s_1.a
               Sort Method: quicksort  Memory: 27kB
               Sort Groups: 3
               ->  Sort  (cost=828.39..853.39 rows=10000 width=20) (actual time=1.717..1.722 rows=108 loops=1)
                     Sort Key: s_1.a
                     Sort Method: quicksort  Memory: 1166kB
                     ->  Seq Scan on s_1  (cost=0.00..164.00 rows=10000 width=20) (actual time=0.004..0.584 rows=10000 loops=1)
 Planning time: 0.226 ms
 Execution time: 1.862 ms
(13 rows)

===== 282 [Wed Mar  7 01:58:29 CET 2018] scale:10000 groups:1000 work_mem:4MB incremental:on max_workers:2 =====
SELECT * FROM (SELECT * FROM s_2 ORDER BY a, b) foo ORDER BY a, b, c LIMIT 100
                                                           QUERY PLAN                                                           
--------------------------------------------------------------------------------------------------------------------------------
 Limit  (cost=831.65..831.65 rows=1 width=20) (actual time=1.912..1.912 rows=0 loops=1)
   ->  Limit  (cost=828.68..830.65 rows=100 width=20) (actual time=1.883..1.908 rows=100 loops=1)
         ->  Incremental Sort  (cost=828.68..1026.32 rows=10000 width=20) (actual time=1.883..1.903 rows=100 loops=1)
               Sort Key: s_2.a, s_2.b, s_2.c
               Presorted Key: s_2.a, s_2.b
               Sort Method: quicksort  Memory: 27kB
               Sort Groups: 4
               ->  Sort  (cost=828.39..853.39 rows=10000 width=20) (actual time=1.843..1.848 rows=129 loops=1)
                     Sort Key: s_2.a, s_2.b
                     Sort Method: quicksort  Memory: 1166kB
                     ->  Seq Scan on s_2  (cost=0.00..164.00 rows=10000 width=20) (actual time=0.007..0.586 rows=10000 loops=1)
 Planning time: 0.226 ms
 Execution time: 1.974 ms
(13 rows)

===== 283 [Wed Mar  7 01:58:29 CET 2018] scale:10000 groups:1000 work_mem:4MB incremental:on max_workers:2 =====
SELECT * FROM (SELECT * FROM s_3 ORDER BY a, b, c) foo ORDER BY a, b, c, d LIMIT 100
                                                           QUERY PLAN                                                           
--------------------------------------------------------------------------------------------------------------------------------
 Limit  (cost=831.65..831.65 rows=1 width=20) (actual time=1.944..1.944 rows=0 loops=1)
   ->  Limit  (cost=828.68..830.65 rows=100 width=20) (actual time=1.917..1.940 rows=100 loops=1)
         ->  Incremental Sort  (cost=828.68..1026.32 rows=10000 width=20) (actual time=1.917..1.935 rows=100 loops=1)
               Sort Key: s_3.a, s_3.b, s_3.c, s_3.d
               Presorted Key: s_3.a, s_3.b, s_3.c
               Sort Method: quicksort  Memory: 27kB
               Sort Groups: 4
               ->  Sort  (cost=828.39..853.39 rows=10000 width=20) (actual time=1.878..1.883 rows=129 loops=1)
                     Sort Key: s_3.a, s_3.b, s_3.c
                     Sort Method: quicksort  Memory: 1166kB
                     ->  Seq Scan on s_3  (cost=0.00..164.00 rows=10000 width=20) (actual time=0.008..0.581 rows=10000 loops=1)
 Planning time: 0.231 ms
 Execution time: 2.006 ms
(13 rows)

===== 284 [Wed Mar  7 01:58:29 CET 2018] scale:10000 groups:1000 work_mem:4MB incremental:on max_workers:2 =====
SELECT * FROM (SELECT * FROM s_4 ORDER BY a, b, c, d) foo ORDER BY a, b, c, d, e LIMIT 100
                                                           QUERY PLAN                                                           
--------------------------------------------------------------------------------------------------------------------------------
 Limit  (cost=831.65..831.65 rows=1 width=20) (actual time=1.947..1.947 rows=0 loops=1)
   ->  Limit  (cost=828.68..830.65 rows=100 width=20) (actual time=1.920..1.943 rows=100 loops=1)
         ->  Incremental Sort  (cost=828.68..1026.32 rows=10000 width=20) (actual time=1.919..1.937 rows=100 loops=1)
               Sort Key: s_4.a, s_4.b, s_4.c, s_4.d, s_4.e
               Presorted Key: s_4.a, s_4.b, s_4.c, s_4.d
               Sort Method: quicksort  Memory: 27kB
               Sort Groups: 4
               ->  Sort  (cost=828.39..853.39 rows=10000 width=20) (actual time=1.876..1.881 rows=129 loops=1)
                     Sort Key: s_4.a, s_4.b, s_4.c, s_4.d
                     Sort Method: quicksort  Memory: 1166kB
                     ->  Seq Scan on s_4  (cost=0.00..164.00 rows=10000 width=20) (actual time=0.004..0.583 rows=10000 loops=1)
 Planning time: 0.238 ms
 Execution time: 2.007 ms
(13 rows)

===== 285 [Wed Mar  7 01:58:29 CET 2018] scale:10000 groups:1000 work_mem:4MB incremental:off max_workers:2 =====
SELECT * FROM (SELECT * FROM s_1 ORDER BY a) foo ORDER BY a, b LIMIT 100
                                                           QUERY PLAN                                                           
--------------------------------------------------------------------------------------------------------------------------------
 Limit  (cost=1336.83..1336.83 rows=1 width=20) (actual time=2.786..2.786 rows=0 loops=1)
   ->  Limit  (cost=1335.58..1335.83 rows=100 width=20) (actual time=2.773..2.783 rows=100 loops=1)
         ->  Sort  (cost=1335.58..1360.58 rows=10000 width=20) (actual time=2.773..2.777 rows=100 loops=1)
               Sort Key: s_1.a, s_1.b
               Sort Method: top-N heapsort  Memory: 32kB
               ->  Sort  (cost=828.39..853.39 rows=10000 width=20) (actual time=1.727..2.067 rows=10000 loops=1)
                     Sort Key: s_1.a
                     Sort Method: quicksort  Memory: 1166kB
                     ->  Seq Scan on s_1  (cost=0.00..164.00 rows=10000 width=20) (actual time=0.004..0.577 rows=10000 loops=1)
 Planning time: 0.218 ms
 Execution time: 2.850 ms
(11 rows)

===== 286 [Wed Mar  7 01:58:29 CET 2018] scale:10000 groups:1000 work_mem:4MB incremental:off max_workers:2 =====
SELECT * FROM (SELECT * FROM s_2 ORDER BY a, b) foo ORDER BY a, b, c LIMIT 100
                                                           QUERY PLAN                                                           
--------------------------------------------------------------------------------------------------------------------------------
 Limit  (cost=1336.83..1336.83 rows=1 width=20) (actual time=2.893..2.893 rows=0 loops=1)
   ->  Limit  (cost=1335.58..1335.83 rows=100 width=20) (actual time=2.880..2.889 rows=100 loops=1)
         ->  Sort  (cost=1335.58..1360.58 rows=10000 width=20) (actual time=2.880..2.884 rows=100 loops=1)
               Sort Key: s_2.a, s_2.b, s_2.c
               Sort Method: top-N heapsort  Memory: 32kB
               ->  Sort  (cost=828.39..853.39 rows=10000 width=20) (actual time=1.835..2.169 rows=10000 loops=1)
                     Sort Key: s_2.a, s_2.b
                     Sort Method: quicksort  Memory: 1166kB
                     ->  Seq Scan on s_2  (cost=0.00..164.00 rows=10000 width=20) (actual time=0.008..0.585 rows=10000 loops=1)
 Planning time: 0.217 ms
 Execution time: 2.955 ms
(11 rows)

===== 287 [Wed Mar  7 01:58:29 CET 2018] scale:10000 groups:1000 work_mem:4MB incremental:off max_workers:2 =====
SELECT * FROM (SELECT * FROM s_3 ORDER BY a, b, c) foo ORDER BY a, b, c, d LIMIT 100
                                                           QUERY PLAN                                                           
--------------------------------------------------------------------------------------------------------------------------------
 Limit  (cost=1336.83..1336.83 rows=1 width=20) (actual time=2.987..2.987 rows=0 loops=1)
   ->  Limit  (cost=1335.58..1335.83 rows=100 width=20) (actual time=2.974..2.983 rows=100 loops=1)
         ->  Sort  (cost=1335.58..1360.58 rows=10000 width=20) (actual time=2.974..2.977 rows=100 loops=1)
               Sort Key: s_3.a, s_3.b, s_3.c, s_3.d
               Sort Method: top-N heapsort  Memory: 32kB
               ->  Sort  (cost=828.39..853.39 rows=10000 width=20) (actual time=1.871..2.209 rows=10000 loops=1)
                     Sort Key: s_3.a, s_3.b, s_3.c
                     Sort Method: quicksort  Memory: 1166kB
                     ->  Seq Scan on s_3  (cost=0.00..164.00 rows=10000 width=20) (actual time=0.008..0.583 rows=10000 loops=1)
 Planning time: 0.217 ms
 Execution time: 3.048 ms
(11 rows)

===== 288 [Wed Mar  7 01:58:29 CET 2018] scale:10000 groups:1000 work_mem:4MB incremental:off max_workers:2 =====
SELECT * FROM (SELECT * FROM s_4 ORDER BY a, b, c, d) foo ORDER BY a, b, c, d, e LIMIT 100
                                                           QUERY PLAN                                                           
--------------------------------------------------------------------------------------------------------------------------------
 Limit  (cost=1336.83..1336.83 rows=1 width=20) (actual time=3.006..3.006 rows=0 loops=1)
   ->  Limit  (cost=1335.58..1335.83 rows=100 width=20) (actual time=2.993..3.002 rows=100 loops=1)
         ->  Sort  (cost=1335.58..1360.58 rows=10000 width=20) (actual time=2.993..2.996 rows=100 loops=1)
               Sort Key: s_4.a, s_4.b, s_4.c, s_4.d, s_4.e
               Sort Method: top-N heapsort  Memory: 32kB
               ->  Sort  (cost=828.39..853.39 rows=10000 width=20) (actual time=1.872..2.214 rows=10000 loops=1)
                     Sort Key: s_4.a, s_4.b, s_4.c, s_4.d
                     Sort Method: quicksort  Memory: 1166kB
                     ->  Seq Scan on s_4  (cost=0.00..164.00 rows=10000 width=20) (actual time=0.004..0.572 rows=10000 loops=1)
 Planning time: 0.232 ms
 Execution time: 3.067 ms
(11 rows)

===== 289 [Wed Mar  7 01:58:29 CET 2018] scale:10000 groups:1000 work_mem:8MB incremental:on max_workers:2 =====
SELECT * FROM (SELECT * FROM s_1 ORDER BY a) foo ORDER BY a, b LIMIT 100
                                                           QUERY PLAN                                                           
--------------------------------------------------------------------------------------------------------------------------------
 Limit  (cost=831.65..831.65 rows=1 width=20) (actual time=1.797..1.797 rows=0 loops=1)
   ->  Limit  (cost=828.68..830.65 rows=100 width=20) (actual time=1.769..1.794 rows=100 loops=1)
         ->  Incremental Sort  (cost=828.68..1026.32 rows=10000 width=20) (actual time=1.769..1.788 rows=100 loops=1)
               Sort Key: s_1.a, s_1.b
               Presorted Key: s_1.a
               Sort Method: quicksort  Memory: 27kB
               Sort Groups: 3
               ->  Sort  (cost=828.39..853.39 rows=10000 width=20) (actual time=1.724..1.729 rows=108 loops=1)
                     Sort Key: s_1.a
                     Sort Method: quicksort  Memory: 1166kB
                     ->  Seq Scan on s_1  (cost=0.00..164.00 rows=10000 width=20) (actual time=0.004..0.584 rows=10000 loops=1)
 Planning time: 0.221 ms
 Execution time: 1.860 ms
(13 rows)

===== 290 [Wed Mar  7 01:58:29 CET 2018] scale:10000 groups:1000 work_mem:8MB incremental:on max_workers:2 =====
SELECT * FROM (SELECT * FROM s_2 ORDER BY a, b) foo ORDER BY a, b, c LIMIT 100
                                                           QUERY PLAN                                                           
--------------------------------------------------------------------------------------------------------------------------------
 Limit  (cost=831.65..831.65 rows=1 width=20) (actual time=1.910..1.910 rows=0 loops=1)
   ->  Limit  (cost=828.68..830.65 rows=100 width=20) (actual time=1.881..1.907 rows=100 loops=1)
         ->  Incremental Sort  (cost=828.68..1026.32 rows=10000 width=20) (actual time=1.880..1.901 rows=100 loops=1)
               Sort Key: s_2.a, s_2.b, s_2.c
               Presorted Key: s_2.a, s_2.b
               Sort Method: quicksort  Memory: 27kB
               Sort Groups: 4
               ->  Sort  (cost=828.39..853.39 rows=10000 width=20) (actual time=1.835..1.840 rows=129 loops=1)
                     Sort Key: s_2.a, s_2.b
                     Sort Method: quicksort  Memory: 1166kB
                     ->  Seq Scan on s_2  (cost=0.00..164.00 rows=10000 width=20) (actual time=0.008..0.586 rows=10000 loops=1)
 Planning time: 0.235 ms
 Execution time: 1.973 ms
(13 rows)

===== 291 [Wed Mar  7 01:58:29 CET 2018] scale:10000 groups:1000 work_mem:8MB incremental:on max_workers:2 =====
SELECT * FROM (SELECT * FROM s_3 ORDER BY a, b, c) foo ORDER BY a, b, c, d LIMIT 100
                                                           QUERY PLAN                                                           
--------------------------------------------------------------------------------------------------------------------------------
 Limit  (cost=831.65..831.65 rows=1 width=20) (actual time=1.943..1.943 rows=0 loops=1)
   ->  Limit  (cost=828.68..830.65 rows=100 width=20) (actual time=1.916..1.939 rows=100 loops=1)
         ->  Incremental Sort  (cost=828.68..1026.32 rows=10000 width=20) (actual time=1.915..1.933 rows=100 loops=1)
               Sort Key: s_3.a, s_3.b, s_3.c, s_3.d
               Presorted Key: s_3.a, s_3.b, s_3.c
               Sort Method: quicksort  Memory: 27kB
               Sort Groups: 4
               ->  Sort  (cost=828.39..853.39 rows=10000 width=20) (actual time=1.877..1.882 rows=129 loops=1)
                     Sort Key: s_3.a, s_3.b, s_3.c
                     Sort Method: quicksort  Memory: 1166kB
                     ->  Seq Scan on s_3  (cost=0.00..164.00 rows=10000 width=20) (actual time=0.007..0.578 rows=10000 loops=1)
 Planning time: 0.230 ms
 Execution time: 2.003 ms
(13 rows)

===== 292 [Wed Mar  7 01:58:29 CET 2018] scale:10000 groups:1000 work_mem:8MB incremental:on max_workers:2 =====
SELECT * FROM (SELECT * FROM s_4 ORDER BY a, b, c, d) foo ORDER BY a, b, c, d, e LIMIT 100
                                                           QUERY PLAN                                                           
--------------------------------------------------------------------------------------------------------------------------------
 Limit  (cost=831.65..831.65 rows=1 width=20) (actual time=1.941..1.941 rows=0 loops=1)
   ->  Limit  (cost=828.68..830.65 rows=100 width=20) (actual time=1.914..1.938 rows=100 loops=1)
         ->  Incremental Sort  (cost=828.68..1026.32 rows=10000 width=20) (actual time=1.914..1.932 rows=100 loops=1)
               Sort Key: s_4.a, s_4.b, s_4.c, s_4.d, s_4.e
               Presorted Key: s_4.a, s_4.b, s_4.c, s_4.d
               Sort Method: quicksort  Memory: 27kB
               Sort Groups: 4
               ->  Sort  (cost=828.39..853.39 rows=10000 width=20) (actual time=1.870..1.875 rows=129 loops=1)
                     Sort Key: s_4.a, s_4.b, s_4.c, s_4.d
                     Sort Method: quicksort  Memory: 1166kB
                     ->  Seq Scan on s_4  (cost=0.00..164.00 rows=10000 width=20) (actual time=0.004..0.579 rows=10000 loops=1)
 Planning time: 0.238 ms
 Execution time: 2.002 ms
(13 rows)

===== 293 [Wed Mar  7 01:58:29 CET 2018] scale:10000 groups:1000 work_mem:8MB incremental:off max_workers:2 =====
SELECT * FROM (SELECT * FROM s_1 ORDER BY a) foo ORDER BY a, b LIMIT 100
                                                           QUERY PLAN                                                           
--------------------------------------------------------------------------------------------------------------------------------
 Limit  (cost=1336.83..1336.83 rows=1 width=20) (actual time=2.777..2.777 rows=0 loops=1)
   ->  Limit  (cost=1335.58..1335.83 rows=100 width=20) (actual time=2.764..2.774 rows=100 loops=1)
         ->  Sort  (cost=1335.58..1360.58 rows=10000 width=20) (actual time=2.764..2.767 rows=100 loops=1)
               Sort Key: s_1.a, s_1.b
               Sort Method: top-N heapsort  Memory: 32kB
               ->  Sort  (cost=828.39..853.39 rows=10000 width=20) (actual time=1.717..2.053 rows=10000 loops=1)
                     Sort Key: s_1.a
                     Sort Method: quicksort  Memory: 1166kB
                     ->  Seq Scan on s_1  (cost=0.00..164.00 rows=10000 width=20) (actual time=0.004..0.582 rows=10000 loops=1)
 Planning time: 0.220 ms
 Execution time: 2.839 ms
(11 rows)

===== 294 [Wed Mar  7 01:58:30 CET 2018] scale:10000 groups:1000 work_mem:8MB incremental:off max_workers:2 =====
SELECT * FROM (SELECT * FROM s_2 ORDER BY a, b) foo ORDER BY a, b, c LIMIT 100
                                                           QUERY PLAN                                                           
--------------------------------------------------------------------------------------------------------------------------------
 Limit  (cost=1336.83..1336.83 rows=1 width=20) (actual time=2.892..2.892 rows=0 loops=1)
   ->  Limit  (cost=1335.58..1335.83 rows=100 width=20) (actual time=2.879..2.888 rows=100 loops=1)
         ->  Sort  (cost=1335.58..1360.58 rows=10000 width=20) (actual time=2.878..2.882 rows=100 loops=1)
               Sort Key: s_2.a, s_2.b, s_2.c
               Sort Method: top-N heapsort  Memory: 32kB
               ->  Sort  (cost=828.39..853.39 rows=10000 width=20) (actual time=1.832..2.167 rows=10000 loops=1)
                     Sort Key: s_2.a, s_2.b
                     Sort Method: quicksort  Memory: 1166kB
                     ->  Seq Scan on s_2  (cost=0.00..164.00 rows=10000 width=20) (actual time=0.007..0.585 rows=10000 loops=1)
 Planning time: 0.218 ms
 Execution time: 2.954 ms
(11 rows)

===== 295 [Wed Mar  7 01:58:30 CET 2018] scale:10000 groups:1000 work_mem:8MB incremental:off max_workers:2 =====
SELECT * FROM (SELECT * FROM s_3 ORDER BY a, b, c) foo ORDER BY a, b, c, d LIMIT 100
                                                           QUERY PLAN                                                           
--------------------------------------------------------------------------------------------------------------------------------
 Limit  (cost=1336.83..1336.83 rows=1 width=20) (actual time=2.994..2.994 rows=0 loops=1)
   ->  Limit  (cost=1335.58..1335.83 rows=100 width=20) (actual time=2.981..2.991 rows=100 loops=1)
         ->  Sort  (cost=1335.58..1360.58 rows=10000 width=20) (actual time=2.981..2.985 rows=100 loops=1)
               Sort Key: s_3.a, s_3.b, s_3.c, s_3.d
               Sort Method: top-N heapsort  Memory: 32kB
               ->  Sort  (cost=828.39..853.39 rows=10000 width=20) (actual time=1.871..2.214 rows=10000 loops=1)
                     Sort Key: s_3.a, s_3.b, s_3.c
                     Sort Method: quicksort  Memory: 1166kB
                     ->  Seq Scan on s_3  (cost=0.00..164.00 rows=10000 width=20) (actual time=0.008..0.574 rows=10000 loops=1)
 Planning time: 0.223 ms
 Execution time: 3.056 ms
(11 rows)

===== 296 [Wed Mar  7 01:58:30 CET 2018] scale:10000 groups:1000 work_mem:8MB incremental:off max_workers:2 =====
SELECT * FROM (SELECT * FROM s_4 ORDER BY a, b, c, d) foo ORDER BY a, b, c, d, e LIMIT 100
                                                           QUERY PLAN                                                           
--------------------------------------------------------------------------------------------------------------------------------
 Limit  (cost=1336.83..1336.83 rows=1 width=20) (actual time=2.979..2.979 rows=0 loops=1)
   ->  Limit  (cost=1335.58..1335.83 rows=100 width=20) (actual time=2.966..2.976 rows=100 loops=1)
         ->  Sort  (cost=1335.58..1360.58 rows=10000 width=20) (actual time=2.966..2.970 rows=100 loops=1)
               Sort Key: s_4.a, s_4.b, s_4.c, s_4.d, s_4.e
               Sort Method: top-N heapsort  Memory: 32kB
               ->  Sort  (cost=828.39..853.39 rows=10000 width=20) (actual time=1.866..2.209 rows=10000 loops=1)
                     Sort Key: s_4.a, s_4.b, s_4.c, s_4.d
                     Sort Method: quicksort  Memory: 1166kB
                     ->  Seq Scan on s_4  (cost=0.00..164.00 rows=10000 width=20) (actual time=0.004..0.573 rows=10000 loops=1)
 Planning time: 0.232 ms
 Execution time: 3.041 ms
(11 rows)

===== 297 [Wed Mar  7 01:58:30 CET 2018] scale:10000 groups:1000 work_mem:16MB incremental:on max_workers:2 =====
SELECT * FROM (SELECT * FROM s_1 ORDER BY a) foo ORDER BY a, b LIMIT 100
                                                           QUERY PLAN                                                           
--------------------------------------------------------------------------------------------------------------------------------
 Limit  (cost=831.65..831.65 rows=1 width=20) (actual time=1.804..1.804 rows=0 loops=1)
   ->  Limit  (cost=828.68..830.65 rows=100 width=20) (actual time=1.776..1.801 rows=100 loops=1)
         ->  Incremental Sort  (cost=828.68..1026.32 rows=10000 width=20) (actual time=1.776..1.795 rows=100 loops=1)
               Sort Key: s_1.a, s_1.b
               Presorted Key: s_1.a
               Sort Method: quicksort  Memory: 27kB
               Sort Groups: 3
               ->  Sort  (cost=828.39..853.39 rows=10000 width=20) (actual time=1.733..1.737 rows=108 loops=1)
                     Sort Key: s_1.a
                     Sort Method: quicksort  Memory: 1166kB
                     ->  Seq Scan on s_1  (cost=0.00..164.00 rows=10000 width=20) (actual time=0.004..0.585 rows=10000 loops=1)
 Planning time: 0.227 ms
 Execution time: 1.867 ms
(13 rows)

===== 298 [Wed Mar  7 01:58:30 CET 2018] scale:10000 groups:1000 work_mem:16MB incremental:on max_workers:2 =====
SELECT * FROM (SELECT * FROM s_2 ORDER BY a, b) foo ORDER BY a, b, c LIMIT 100
                                                           QUERY PLAN                                                           
--------------------------------------------------------------------------------------------------------------------------------
 Limit  (cost=831.65..831.65 rows=1 width=20) (actual time=1.907..1.907 rows=0 loops=1)
   ->  Limit  (cost=828.68..830.65 rows=100 width=20) (actual time=1.878..1.904 rows=100 loops=1)
         ->  Incremental Sort  (cost=828.68..1026.32 rows=10000 width=20) (actual time=1.878..1.898 rows=100 loops=1)
               Sort Key: s_2.a, s_2.b, s_2.c
               Presorted Key: s_2.a, s_2.b
               Sort Method: quicksort  Memory: 27kB
               Sort Groups: 4
               ->  Sort  (cost=828.39..853.39 rows=10000 width=20) (actual time=1.838..1.844 rows=129 loops=1)
                     Sort Key: s_2.a, s_2.b
                     Sort Method: quicksort  Memory: 1166kB
                     ->  Seq Scan on s_2  (cost=0.00..164.00 rows=10000 width=20) (actual time=0.007..0.590 rows=10000 loops=1)
 Planning time: 0.224 ms
 Execution time: 1.970 ms
(13 rows)

===== 299 [Wed Mar  7 01:58:30 CET 2018] scale:10000 groups:1000 work_mem:16MB incremental:on max_workers:2 =====
SELECT * FROM (SELECT * FROM s_3 ORDER BY a, b, c) foo ORDER BY a, b, c, d LIMIT 100
                                                           QUERY PLAN                                                           
--------------------------------------------------------------------------------------------------------------------------------
 Limit  (cost=831.65..831.65 rows=1 width=20) (actual time=1.944..1.944 rows=0 loops=1)
   ->  Limit  (cost=828.68..830.65 rows=100 width=20) (actual time=1.917..1.941 rows=100 loops=1)
         ->  Incremental Sort  (cost=828.68..1026.32 rows=10000 width=20) (actual time=1.917..1.935 rows=100 loops=1)
               Sort Key: s_3.a, s_3.b, s_3.c, s_3.d
               Presorted Key: s_3.a, s_3.b, s_3.c
               Sort Method: quicksort  Memory: 27kB
               Sort Groups: 4
               ->  Sort  (cost=828.39..853.39 rows=10000 width=20) (actual time=1.877..1.882 rows=129 loops=1)
                     Sort Key: s_3.a, s_3.b, s_3.c
                     Sort Method: quicksort  Memory: 1166kB
                     ->  Seq Scan on s_3  (cost=0.00..164.00 rows=10000 width=20) (actual time=0.007..0.577 rows=10000 loops=1)
 Planning time: 0.226 ms
 Execution time: 2.006 ms
(13 rows)

===== 300 [Wed Mar  7 01:58:30 CET 2018] scale:10000 groups:1000 work_mem:16MB incremental:on max_workers:2 =====
SELECT * FROM (SELECT * FROM s_4 ORDER BY a, b, c, d) foo ORDER BY a, b, c, d, e LIMIT 100
                                                           QUERY PLAN                                                           
--------------------------------------------------------------------------------------------------------------------------------
 Limit  (cost=831.65..831.65 rows=1 width=20) (actual time=1.941..1.941 rows=0 loops=1)
   ->  Limit  (cost=828.68..830.65 rows=100 width=20) (actual time=1.914..1.937 rows=100 loops=1)
         ->  Incremental Sort  (cost=828.68..1026.32 rows=10000 width=20) (actual time=1.914..1.931 rows=100 loops=1)
               Sort Key: s_4.a, s_4.b, s_4.c, s_4.d, s_4.e
               Presorted Key: s_4.a, s_4.b, s_4.c, s_4.d
               Sort Method: quicksort  Memory: 27kB
               Sort Groups: 4
               ->  Sort  (cost=828.39..853.39 rows=10000 width=20) (actual time=1.871..1.876 rows=129 loops=1)
                     Sort Key: s_4.a, s_4.b, s_4.c, s_4.d
                     Sort Method: quicksort  Memory: 1166kB
                     ->  Seq Scan on s_4  (cost=0.00..164.00 rows=10000 width=20) (actual time=0.004..0.575 rows=10000 loops=1)
 Planning time: 0.236 ms
 Execution time: 2.004 ms
(13 rows)

===== 301 [Wed Mar  7 01:58:30 CET 2018] scale:10000 groups:1000 work_mem:16MB incremental:off max_workers:2 =====
SELECT * FROM (SELECT * FROM s_1 ORDER BY a) foo ORDER BY a, b LIMIT 100
                                                           QUERY PLAN                                                           
--------------------------------------------------------------------------------------------------------------------------------
 Limit  (cost=1336.83..1336.83 rows=1 width=20) (actual time=2.778..2.778 rows=0 loops=1)
   ->  Limit  (cost=1335.58..1335.83 rows=100 width=20) (actual time=2.765..2.775 rows=100 loops=1)
         ->  Sort  (cost=1335.58..1360.58 rows=10000 width=20) (actual time=2.764..2.768 rows=100 loops=1)
               Sort Key: s_1.a, s_1.b
               Sort Method: top-N heapsort  Memory: 32kB
               ->  Sort  (cost=828.39..853.39 rows=10000 width=20) (actual time=1.722..2.060 rows=10000 loops=1)
                     Sort Key: s_1.a
                     Sort Method: quicksort  Memory: 1166kB
                     ->  Seq Scan on s_1  (cost=0.00..164.00 rows=10000 width=20) (actual time=0.004..0.585 rows=10000 loops=1)
 Planning time: 0.219 ms
 Execution time: 2.838 ms
(11 rows)

===== 302 [Wed Mar  7 01:58:30 CET 2018] scale:10000 groups:1000 work_mem:16MB incremental:off max_workers:2 =====
SELECT * FROM (SELECT * FROM s_2 ORDER BY a, b) foo ORDER BY a, b, c LIMIT 100
                                                           QUERY PLAN                                                           
--------------------------------------------------------------------------------------------------------------------------------
 Limit  (cost=1336.83..1336.83 rows=1 width=20) (actual time=2.889..2.889 rows=0 loops=1)
   ->  Limit  (cost=1335.58..1335.83 rows=100 width=20) (actual time=2.876..2.885 rows=100 loops=1)
         ->  Sort  (cost=1335.58..1360.58 rows=10000 width=20) (actual time=2.876..2.880 rows=100 loops=1)
               Sort Key: s_2.a, s_2.b, s_2.c
               Sort Method: top-N heapsort  Memory: 32kB
               ->  Sort  (cost=828.39..853.39 rows=10000 width=20) (actual time=1.833..2.171 rows=10000 loops=1)
                     Sort Key: s_2.a, s_2.b
                     Sort Method: quicksort  Memory: 1166kB
                     ->  Seq Scan on s_2  (cost=0.00..164.00 rows=10000 width=20) (actual time=0.007..0.590 rows=10000 loops=1)
 Planning time: 0.219 ms
 Execution time: 2.953 ms
(11 rows)

===== 303 [Wed Mar  7 01:58:30 CET 2018] scale:10000 groups:1000 work_mem:16MB incremental:off max_workers:2 =====
SELECT * FROM (SELECT * FROM s_3 ORDER BY a, b, c) foo ORDER BY a, b, c, d LIMIT 100
                                                           QUERY PLAN                                                           
--------------------------------------------------------------------------------------------------------------------------------
 Limit  (cost=1336.83..1336.83 rows=1 width=20) (actual time=2.975..2.975 rows=0 loops=1)
   ->  Limit  (cost=1335.58..1335.83 rows=100 width=20) (actual time=2.962..2.972 rows=100 loops=1)
         ->  Sort  (cost=1335.58..1360.58 rows=10000 width=20) (actual time=2.962..2.966 rows=100 loops=1)
               Sort Key: s_3.a, s_3.b, s_3.c, s_3.d
               Sort Method: top-N heapsort  Memory: 32kB
               ->  Sort  (cost=828.39..853.39 rows=10000 width=20) (actual time=1.872..2.216 rows=10000 loops=1)
                     Sort Key: s_3.a, s_3.b, s_3.c
                     Sort Method: quicksort  Memory: 1166kB
                     ->  Seq Scan on s_3  (cost=0.00..164.00 rows=10000 width=20) (actual time=0.008..0.575 rows=10000 loops=1)
 Planning time: 0.222 ms
 Execution time: 3.038 ms
(11 rows)

===== 304 [Wed Mar  7 01:58:30 CET 2018] scale:10000 groups:1000 work_mem:16MB incremental:off max_workers:2 =====
SELECT * FROM (SELECT * FROM s_4 ORDER BY a, b, c, d) foo ORDER BY a, b, c, d, e LIMIT 100
                                                           QUERY PLAN                                                           
--------------------------------------------------------------------------------------------------------------------------------
 Limit  (cost=1336.83..1336.83 rows=1 width=20) (actual time=2.990..2.990 rows=0 loops=1)
   ->  Limit  (cost=1335.58..1335.83 rows=100 width=20) (actual time=2.977..2.986 rows=100 loops=1)
         ->  Sort  (cost=1335.58..1360.58 rows=10000 width=20) (actual time=2.976..2.980 rows=100 loops=1)
               Sort Key: s_4.a, s_4.b, s_4.c, s_4.d, s_4.e
               Sort Method: top-N heapsort  Memory: 32kB
               ->  Sort  (cost=828.39..853.39 rows=10000 width=20) (actual time=1.870..2.211 rows=10000 loops=1)
                     Sort Key: s_4.a, s_4.b, s_4.c, s_4.d
                     Sort Method: quicksort  Memory: 1166kB
                     ->  Seq Scan on s_4  (cost=0.00..164.00 rows=10000 width=20) (actual time=0.004..0.570 rows=10000 loops=1)
 Planning time: 0.237 ms
 Execution time: 3.050 ms
(11 rows)

===== 305 [Wed Mar  7 01:58:30 CET 2018] scale:10000 groups:1000 work_mem:32MB incremental:on max_workers:2 =====
SELECT * FROM (SELECT * FROM s_1 ORDER BY a) foo ORDER BY a, b LIMIT 100
                                                           QUERY PLAN                                                           
--------------------------------------------------------------------------------------------------------------------------------
 Limit  (cost=831.65..831.65 rows=1 width=20) (actual time=1.800..1.800 rows=0 loops=1)
   ->  Limit  (cost=828.68..830.65 rows=100 width=20) (actual time=1.772..1.796 rows=100 loops=1)
         ->  Incremental Sort  (cost=828.68..1026.32 rows=10000 width=20) (actual time=1.771..1.790 rows=100 loops=1)
               Sort Key: s_1.a, s_1.b
               Presorted Key: s_1.a
               Sort Method: quicksort  Memory: 27kB
               Sort Groups: 3
               ->  Sort  (cost=828.39..853.39 rows=10000 width=20) (actual time=1.728..1.733 rows=108 loops=1)
                     Sort Key: s_1.a
                     Sort Method: quicksort  Memory: 1166kB
                     ->  Seq Scan on s_1  (cost=0.00..164.00 rows=10000 width=20) (actual time=0.004..0.589 rows=10000 loops=1)
 Planning time: 0.227 ms
 Execution time: 1.861 ms
(13 rows)

===== 306 [Wed Mar  7 01:58:31 CET 2018] scale:10000 groups:1000 work_mem:32MB incremental:on max_workers:2 =====
SELECT * FROM (SELECT * FROM s_2 ORDER BY a, b) foo ORDER BY a, b, c LIMIT 100
                                                           QUERY PLAN                                                           
--------------------------------------------------------------------------------------------------------------------------------
 Limit  (cost=831.65..831.65 rows=1 width=20) (actual time=1.907..1.907 rows=0 loops=1)
   ->  Limit  (cost=828.68..830.65 rows=100 width=20) (actual time=1.878..1.903 rows=100 loops=1)
         ->  Incremental Sort  (cost=828.68..1026.32 rows=10000 width=20) (actual time=1.878..1.898 rows=100 loops=1)
               Sort Key: s_2.a, s_2.b, s_2.c
               Presorted Key: s_2.a, s_2.b
               Sort Method: quicksort  Memory: 27kB
               Sort Groups: 4
               ->  Sort  (cost=828.39..853.39 rows=10000 width=20) (actual time=1.838..1.844 rows=129 loops=1)
                     Sort Key: s_2.a, s_2.b
                     Sort Method: quicksort  Memory: 1166kB
                     ->  Seq Scan on s_2  (cost=0.00..164.00 rows=10000 width=20) (actual time=0.008..0.586 rows=10000 loops=1)
 Planning time: 0.225 ms
 Execution time: 1.969 ms
(13 rows)

===== 307 [Wed Mar  7 01:58:31 CET 2018] scale:10000 groups:1000 work_mem:32MB incremental:on max_workers:2 =====
SELECT * FROM (SELECT * FROM s_3 ORDER BY a, b, c) foo ORDER BY a, b, c, d LIMIT 100
                                                           QUERY PLAN                                                           
--------------------------------------------------------------------------------------------------------------------------------
 Limit  (cost=831.65..831.65 rows=1 width=20) (actual time=1.950..1.950 rows=0 loops=1)
   ->  Limit  (cost=828.68..830.65 rows=100 width=20) (actual time=1.923..1.946 rows=100 loops=1)
         ->  Incremental Sort  (cost=828.68..1026.32 rows=10000 width=20) (actual time=1.923..1.940 rows=100 loops=1)
               Sort Key: s_3.a, s_3.b, s_3.c, s_3.d
               Presorted Key: s_3.a, s_3.b, s_3.c
               Sort Method: quicksort  Memory: 27kB
               Sort Groups: 4
               ->  Sort  (cost=828.39..853.39 rows=10000 width=20) (actual time=1.884..1.889 rows=129 loops=1)
                     Sort Key: s_3.a, s_3.b, s_3.c
                     Sort Method: quicksort  Memory: 1166kB
                     ->  Seq Scan on s_3  (cost=0.00..164.00 rows=10000 width=20) (actual time=0.008..0.582 rows=10000 loops=1)
 Planning time: 0.231 ms
 Execution time: 2.012 ms
(13 rows)

===== 308 [Wed Mar  7 01:58:31 CET 2018] scale:10000 groups:1000 work_mem:32MB incremental:on max_workers:2 =====
SELECT * FROM (SELECT * FROM s_4 ORDER BY a, b, c, d) foo ORDER BY a, b, c, d, e LIMIT 100
                                                           QUERY PLAN                                                           
--------------------------------------------------------------------------------------------------------------------------------
 Limit  (cost=831.65..831.65 rows=1 width=20) (actual time=1.942..1.942 rows=0 loops=1)
   ->  Limit  (cost=828.68..830.65 rows=100 width=20) (actual time=1.915..1.938 rows=100 loops=1)
         ->  Incremental Sort  (cost=828.68..1026.32 rows=10000 width=20) (actual time=1.914..1.932 rows=100 loops=1)
               Sort Key: s_4.a, s_4.b, s_4.c, s_4.d, s_4.e
               Presorted Key: s_4.a, s_4.b, s_4.c, s_4.d
               Sort Method: quicksort  Memory: 27kB
               Sort Groups: 4
               ->  Sort  (cost=828.39..853.39 rows=10000 width=20) (actual time=1.872..1.877 rows=129 loops=1)
                     Sort Key: s_4.a, s_4.b, s_4.c, s_4.d
                     Sort Method: quicksort  Memory: 1166kB
                     ->  Seq Scan on s_4  (cost=0.00..164.00 rows=10000 width=20) (actual time=0.004..0.577 rows=10000 loops=1)
 Planning time: 0.239 ms
 Execution time: 2.002 ms
(13 rows)

===== 309 [Wed Mar  7 01:58:31 CET 2018] scale:10000 groups:1000 work_mem:32MB incremental:off max_workers:2 =====
SELECT * FROM (SELECT * FROM s_1 ORDER BY a) foo ORDER BY a, b LIMIT 100
                                                           QUERY PLAN                                                           
--------------------------------------------------------------------------------------------------------------------------------
 Limit  (cost=1336.83..1336.83 rows=1 width=20) (actual time=2.777..2.777 rows=0 loops=1)
   ->  Limit  (cost=1335.58..1335.83 rows=100 width=20) (actual time=2.764..2.773 rows=100 loops=1)
         ->  Sort  (cost=1335.58..1360.58 rows=10000 width=20) (actual time=2.764..2.768 rows=100 loops=1)
               Sort Key: s_1.a, s_1.b
               Sort Method: top-N heapsort  Memory: 32kB
               ->  Sort  (cost=828.39..853.39 rows=10000 width=20) (actual time=1.718..2.054 rows=10000 loops=1)
                     Sort Key: s_1.a
                     Sort Method: quicksort  Memory: 1166kB
                     ->  Seq Scan on s_1  (cost=0.00..164.00 rows=10000 width=20) (actual time=0.004..0.582 rows=10000 loops=1)
 Planning time: 0.221 ms
 Execution time: 2.839 ms
(11 rows)

===== 310 [Wed Mar  7 01:58:31 CET 2018] scale:10000 groups:1000 work_mem:32MB incremental:off max_workers:2 =====
SELECT * FROM (SELECT * FROM s_2 ORDER BY a, b) foo ORDER BY a, b, c LIMIT 100
                                                           QUERY PLAN                                                           
--------------------------------------------------------------------------------------------------------------------------------
 Limit  (cost=1336.83..1336.83 rows=1 width=20) (actual time=2.892..2.892 rows=0 loops=1)
   ->  Limit  (cost=1335.58..1335.83 rows=100 width=20) (actual time=2.879..2.888 rows=100 loops=1)
         ->  Sort  (cost=1335.58..1360.58 rows=10000 width=20) (actual time=2.879..2.882 rows=100 loops=1)
               Sort Key: s_2.a, s_2.b, s_2.c
               Sort Method: top-N heapsort  Memory: 32kB
               ->  Sort  (cost=828.39..853.39 rows=10000 width=20) (actual time=1.835..2.170 rows=10000 loops=1)
                     Sort Key: s_2.a, s_2.b
                     Sort Method: quicksort  Memory: 1166kB
                     ->  Seq Scan on s_2  (cost=0.00..164.00 rows=10000 width=20) (actual time=0.008..0.586 rows=10000 loops=1)
 Planning time: 0.218 ms
 Execution time: 2.953 ms
(11 rows)

===== 311 [Wed Mar  7 01:58:31 CET 2018] scale:10000 groups:1000 work_mem:32MB incremental:off max_workers:2 =====
SELECT * FROM (SELECT * FROM s_3 ORDER BY a, b, c) foo ORDER BY a, b, c, d LIMIT 100
                                                           QUERY PLAN                                                           
--------------------------------------------------------------------------------------------------------------------------------
 Limit  (cost=1336.83..1336.83 rows=1 width=20) (actual time=2.986..2.986 rows=0 loops=1)
   ->  Limit  (cost=1335.58..1335.83 rows=100 width=20) (actual time=2.973..2.983 rows=100 loops=1)
         ->  Sort  (cost=1335.58..1360.58 rows=10000 width=20) (actual time=2.973..2.977 rows=100 loops=1)
               Sort Key: s_3.a, s_3.b, s_3.c, s_3.d
               Sort Method: top-N heapsort  Memory: 32kB
               ->  Sort  (cost=828.39..853.39 rows=10000 width=20) (actual time=1.870..2.211 rows=10000 loops=1)
                     Sort Key: s_3.a, s_3.b, s_3.c
                     Sort Method: quicksort  Memory: 1166kB
                     ->  Seq Scan on s_3  (cost=0.00..164.00 rows=10000 width=20) (actual time=0.008..0.575 rows=10000 loops=1)
 Planning time: 0.234 ms
 Execution time: 3.049 ms
(11 rows)

===== 312 [Wed Mar  7 01:58:31 CET 2018] scale:10000 groups:1000 work_mem:32MB incremental:off max_workers:2 =====
SELECT * FROM (SELECT * FROM s_4 ORDER BY a, b, c, d) foo ORDER BY a, b, c, d, e LIMIT 100
                                                           QUERY PLAN                                                           
--------------------------------------------------------------------------------------------------------------------------------
 Limit  (cost=1336.83..1336.83 rows=1 width=20) (actual time=2.998..2.998 rows=0 loops=1)
   ->  Limit  (cost=1335.58..1335.83 rows=100 width=20) (actual time=2.984..2.994 rows=100 loops=1)
         ->  Sort  (cost=1335.58..1360.58 rows=10000 width=20) (actual time=2.984..2.988 rows=100 loops=1)
               Sort Key: s_4.a, s_4.b, s_4.c, s_4.d, s_4.e
               Sort Method: top-N heapsort  Memory: 32kB
               ->  Sort  (cost=828.39..853.39 rows=10000 width=20) (actual time=1.860..2.202 rows=10000 loops=1)
                     Sort Key: s_4.a, s_4.b, s_4.c, s_4.d
                     Sort Method: quicksort  Memory: 1166kB
                     ->  Seq Scan on s_4  (cost=0.00..164.00 rows=10000 width=20) (actual time=0.004..0.574 rows=10000 loops=1)
 Planning time: 0.235 ms
 Execution time: 3.060 ms
(11 rows)

===== 313 [Wed Mar  7 01:58:31 CET 2018] scale:10000 groups:1000 work_mem:64MB incremental:on max_workers:2 =====
SELECT * FROM (SELECT * FROM s_1 ORDER BY a) foo ORDER BY a, b LIMIT 100
                                                           QUERY PLAN                                                           
--------------------------------------------------------------------------------------------------------------------------------
 Limit  (cost=831.65..831.65 rows=1 width=20) (actual time=1.803..1.803 rows=0 loops=1)
   ->  Limit  (cost=828.68..830.65 rows=100 width=20) (actual time=1.775..1.799 rows=100 loops=1)
         ->  Incremental Sort  (cost=828.68..1026.32 rows=10000 width=20) (actual time=1.775..1.794 rows=100 loops=1)
               Sort Key: s_1.a, s_1.b
               Presorted Key: s_1.a
               Sort Method: quicksort  Memory: 27kB
               Sort Groups: 3
               ->  Sort  (cost=828.39..853.39 rows=10000 width=20) (actual time=1.727..1.731 rows=108 loops=1)
                     Sort Key: s_1.a
                     Sort Method: quicksort  Memory: 1166kB
                     ->  Seq Scan on s_1  (cost=0.00..164.00 rows=10000 width=20) (actual time=0.004..0.581 rows=10000 loops=1)
 Planning time: 0.227 ms
 Execution time: 1.863 ms
(13 rows)

===== 314 [Wed Mar  7 01:58:31 CET 2018] scale:10000 groups:1000 work_mem:64MB incremental:on max_workers:2 =====
SELECT * FROM (SELECT * FROM s_2 ORDER BY a, b) foo ORDER BY a, b, c LIMIT 100
                                                           QUERY PLAN                                                           
--------------------------------------------------------------------------------------------------------------------------------
 Limit  (cost=831.65..831.65 rows=1 width=20) (actual time=1.901..1.901 rows=0 loops=1)
   ->  Limit  (cost=828.68..830.65 rows=100 width=20) (actual time=1.872..1.897 rows=100 loops=1)
         ->  Incremental Sort  (cost=828.68..1026.32 rows=10000 width=20) (actual time=1.872..1.891 rows=100 loops=1)
               Sort Key: s_2.a, s_2.b, s_2.c
               Presorted Key: s_2.a, s_2.b
               Sort Method: quicksort  Memory: 27kB
               Sort Groups: 4
               ->  Sort  (cost=828.39..853.39 rows=10000 width=20) (actual time=1.832..1.838 rows=129 loops=1)
                     Sort Key: s_2.a, s_2.b
                     Sort Method: quicksort  Memory: 1166kB
                     ->  Seq Scan on s_2  (cost=0.00..164.00 rows=10000 width=20) (actual time=0.007..0.585 rows=10000 loops=1)
 Planning time: 0.229 ms
 Execution time: 1.965 ms
(13 rows)

===== 315 [Wed Mar  7 01:58:31 CET 2018] scale:10000 groups:1000 work_mem:64MB incremental:on max_workers:2 =====
SELECT * FROM (SELECT * FROM s_3 ORDER BY a, b, c) foo ORDER BY a, b, c, d LIMIT 100
                                                           QUERY PLAN                                                           
--------------------------------------------------------------------------------------------------------------------------------
 Limit  (cost=831.65..831.65 rows=1 width=20) (actual time=1.948..1.948 rows=0 loops=1)
   ->  Limit  (cost=828.68..830.65 rows=100 width=20) (actual time=1.921..1.944 rows=100 loops=1)
         ->  Incremental Sort  (cost=828.68..1026.32 rows=10000 width=20) (actual time=1.921..1.938 rows=100 loops=1)
               Sort Key: s_3.a, s_3.b, s_3.c, s_3.d
               Presorted Key: s_3.a, s_3.b, s_3.c
               Sort Method: quicksort  Memory: 27kB
               Sort Groups: 4
               ->  Sort  (cost=828.39..853.39 rows=10000 width=20) (actual time=1.881..1.886 rows=129 loops=1)
                     Sort Key: s_3.a, s_3.b, s_3.c
                     Sort Method: quicksort  Memory: 1166kB
                     ->  Seq Scan on s_3  (cost=0.00..164.00 rows=10000 width=20) (actual time=0.008..0.578 rows=10000 loops=1)
 Planning time: 0.229 ms
 Execution time: 2.011 ms
(13 rows)

===== 316 [Wed Mar  7 01:58:31 CET 2018] scale:10000 groups:1000 work_mem:64MB incremental:on max_workers:2 =====
SELECT * FROM (SELECT * FROM s_4 ORDER BY a, b, c, d) foo ORDER BY a, b, c, d, e LIMIT 100
                                                           QUERY PLAN                                                           
--------------------------------------------------------------------------------------------------------------------------------
 Limit  (cost=831.65..831.65 rows=1 width=20) (actual time=1.941..1.941 rows=0 loops=1)
   ->  Limit  (cost=828.68..830.65 rows=100 width=20) (actual time=1.914..1.938 rows=100 loops=1)
         ->  Incremental Sort  (cost=828.68..1026.32 rows=10000 width=20) (actual time=1.914..1.931 rows=100 loops=1)
               Sort Key: s_4.a, s_4.b, s_4.c, s_4.d, s_4.e
               Presorted Key: s_4.a, s_4.b, s_4.c, s_4.d
               Sort Method: quicksort  Memory: 27kB
               Sort Groups: 4
               ->  Sort  (cost=828.39..853.39 rows=10000 width=20) (actual time=1.871..1.876 rows=129 loops=1)
                     Sort Key: s_4.a, s_4.b, s_4.c, s_4.d
                     Sort Method: quicksort  Memory: 1166kB
                     ->  Seq Scan on s_4  (cost=0.00..164.00 rows=10000 width=20) (actual time=0.004..0.581 rows=10000 loops=1)
 Planning time: 0.235 ms
 Execution time: 2.002 ms
(13 rows)

===== 317 [Wed Mar  7 01:58:31 CET 2018] scale:10000 groups:1000 work_mem:64MB incremental:off max_workers:2 =====
SELECT * FROM (SELECT * FROM s_1 ORDER BY a) foo ORDER BY a, b LIMIT 100
                                                           QUERY PLAN                                                           
--------------------------------------------------------------------------------------------------------------------------------
 Limit  (cost=1336.83..1336.83 rows=1 width=20) (actual time=2.781..2.781 rows=0 loops=1)
   ->  Limit  (cost=1335.58..1335.83 rows=100 width=20) (actual time=2.768..2.777 rows=100 loops=1)
         ->  Sort  (cost=1335.58..1360.58 rows=10000 width=20) (actual time=2.767..2.771 rows=100 loops=1)
               Sort Key: s_1.a, s_1.b
               Sort Method: top-N heapsort  Memory: 32kB
               ->  Sort  (cost=828.39..853.39 rows=10000 width=20) (actual time=1.720..2.059 rows=10000 loops=1)
                     Sort Key: s_1.a
                     Sort Method: quicksort  Memory: 1166kB
                     ->  Seq Scan on s_1  (cost=0.00..164.00 rows=10000 width=20) (actual time=0.004..0.580 rows=10000 loops=1)
 Planning time: 0.221 ms
 Execution time: 2.843 ms
(11 rows)

===== 318 [Wed Mar  7 01:58:31 CET 2018] scale:10000 groups:1000 work_mem:64MB incremental:off max_workers:2 =====
SELECT * FROM (SELECT * FROM s_2 ORDER BY a, b) foo ORDER BY a, b, c LIMIT 100
                                                           QUERY PLAN                                                           
--------------------------------------------------------------------------------------------------------------------------------
 Limit  (cost=1336.83..1336.83 rows=1 width=20) (actual time=2.896..2.896 rows=0 loops=1)
   ->  Limit  (cost=1335.58..1335.83 rows=100 width=20) (actual time=2.883..2.892 rows=100 loops=1)
         ->  Sort  (cost=1335.58..1360.58 rows=10000 width=20) (actual time=2.883..2.886 rows=100 loops=1)
               Sort Key: s_2.a, s_2.b, s_2.c
               Sort Method: top-N heapsort  Memory: 32kB
               ->  Sort  (cost=828.39..853.39 rows=10000 width=20) (actual time=1.840..2.179 rows=10000 loops=1)
                     Sort Key: s_2.a, s_2.b
                     Sort Method: quicksort  Memory: 1166kB
                     ->  Seq Scan on s_2  (cost=0.00..164.00 rows=10000 width=20) (actual time=0.007..0.582 rows=10000 loops=1)
 Planning time: 0.221 ms
 Execution time: 2.959 ms
(11 rows)

===== 319 [Wed Mar  7 01:58:32 CET 2018] scale:10000 groups:1000 work_mem:64MB incremental:off max_workers:2 =====
SELECT * FROM (SELECT * FROM s_3 ORDER BY a, b, c) foo ORDER BY a, b, c, d LIMIT 100
                                                           QUERY PLAN                                                           
--------------------------------------------------------------------------------------------------------------------------------
 Limit  (cost=1336.83..1336.83 rows=1 width=20) (actual time=2.972..2.972 rows=0 loops=1)
   ->  Limit  (cost=1335.58..1335.83 rows=100 width=20) (actual time=2.960..2.969 rows=100 loops=1)
         ->  Sort  (cost=1335.58..1360.58 rows=10000 width=20) (actual time=2.959..2.963 rows=100 loops=1)
               Sort Key: s_3.a, s_3.b, s_3.c, s_3.d
               Sort Method: top-N heapsort  Memory: 32kB
               ->  Sort  (cost=828.39..853.39 rows=10000 width=20) (actual time=1.873..2.211 rows=10000 loops=1)
                     Sort Key: s_3.a, s_3.b, s_3.c
                     Sort Method: quicksort  Memory: 1166kB
                     ->  Seq Scan on s_3  (cost=0.00..164.00 rows=10000 width=20) (actual time=0.007..0.574 rows=10000 loops=1)
 Planning time: 0.222 ms
 Execution time: 3.034 ms
(11 rows)

===== 320 [Wed Mar  7 01:58:32 CET 2018] scale:10000 groups:1000 work_mem:64MB incremental:off max_workers:2 =====
SELECT * FROM (SELECT * FROM s_4 ORDER BY a, b, c, d) foo ORDER BY a, b, c, d, e LIMIT 100
                                                           QUERY PLAN                                                           
--------------------------------------------------------------------------------------------------------------------------------
 Limit  (cost=1336.83..1336.83 rows=1 width=20) (actual time=2.982..2.982 rows=0 loops=1)
   ->  Limit  (cost=1335.58..1335.83 rows=100 width=20) (actual time=2.969..2.978 rows=100 loops=1)
         ->  Sort  (cost=1335.58..1360.58 rows=10000 width=20) (actual time=2.968..2.972 rows=100 loops=1)
               Sort Key: s_4.a, s_4.b, s_4.c, s_4.d, s_4.e
               Sort Method: top-N heapsort  Memory: 32kB
               ->  Sort  (cost=828.39..853.39 rows=10000 width=20) (actual time=1.861..2.206 rows=10000 loops=1)
                     Sort Key: s_4.a, s_4.b, s_4.c, s_4.d
                     Sort Method: quicksort  Memory: 1166kB
                     ->  Seq Scan on s_4  (cost=0.00..164.00 rows=10000 width=20) (actual time=0.004..0.570 rows=10000 loops=1)
 Planning time: 0.238 ms
 Execution time: 3.045 ms
(11 rows)

===== 321 [Wed Mar  7 01:58:32 CET 2018] scale:10000 groups:1000 work_mem:128MB incremental:on max_workers:2 =====
SELECT * FROM (SELECT * FROM s_1 ORDER BY a) foo ORDER BY a, b LIMIT 100
                                                           QUERY PLAN                                                           
--------------------------------------------------------------------------------------------------------------------------------
 Limit  (cost=831.65..831.65 rows=1 width=20) (actual time=1.795..1.795 rows=0 loops=1)
   ->  Limit  (cost=828.68..830.65 rows=100 width=20) (actual time=1.767..1.791 rows=100 loops=1)
         ->  Incremental Sort  (cost=828.68..1026.32 rows=10000 width=20) (actual time=1.766..1.785 rows=100 loops=1)
               Sort Key: s_1.a, s_1.b
               Presorted Key: s_1.a
               Sort Method: quicksort  Memory: 27kB
               Sort Groups: 3
               ->  Sort  (cost=828.39..853.39 rows=10000 width=20) (actual time=1.723..1.727 rows=108 loops=1)
                     Sort Key: s_1.a
                     Sort Method: quicksort  Memory: 1166kB
                     ->  Seq Scan on s_1  (cost=0.00..164.00 rows=10000 width=20) (actual time=0.004..0.580 rows=10000 loops=1)
 Planning time: 0.235 ms
 Execution time: 1.859 ms
(13 rows)

===== 322 [Wed Mar  7 01:58:32 CET 2018] scale:10000 groups:1000 work_mem:128MB incremental:on max_workers:2 =====
SELECT * FROM (SELECT * FROM s_2 ORDER BY a, b) foo ORDER BY a, b, c LIMIT 100
                                                           QUERY PLAN                                                           
--------------------------------------------------------------------------------------------------------------------------------
 Limit  (cost=831.65..831.65 rows=1 width=20) (actual time=1.906..1.906 rows=0 loops=1)
   ->  Limit  (cost=828.68..830.65 rows=100 width=20) (actual time=1.877..1.903 rows=100 loops=1)
         ->  Incremental Sort  (cost=828.68..1026.32 rows=10000 width=20) (actual time=1.877..1.897 rows=100 loops=1)
               Sort Key: s_2.a, s_2.b, s_2.c
               Presorted Key: s_2.a, s_2.b
               Sort Method: quicksort  Memory: 27kB
               Sort Groups: 4
               ->  Sort  (cost=828.39..853.39 rows=10000 width=20) (actual time=1.837..1.842 rows=129 loops=1)
                     Sort Key: s_2.a, s_2.b
                     Sort Method: quicksort  Memory: 1166kB
                     ->  Seq Scan on s_2  (cost=0.00..164.00 rows=10000 width=20) (actual time=0.008..0.586 rows=10000 loops=1)
 Planning time: 0.227 ms
 Execution time: 1.968 ms
(13 rows)

===== 323 [Wed Mar  7 01:58:32 CET 2018] scale:10000 groups:1000 work_mem:128MB incremental:on max_workers:2 =====
SELECT * FROM (SELECT * FROM s_3 ORDER BY a, b, c) foo ORDER BY a, b, c, d LIMIT 100
                                                           QUERY PLAN                                                           
--------------------------------------------------------------------------------------------------------------------------------
 Limit  (cost=831.65..831.65 rows=1 width=20) (actual time=1.947..1.947 rows=0 loops=1)
   ->  Limit  (cost=828.68..830.65 rows=100 width=20) (actual time=1.920..1.944 rows=100 loops=1)
         ->  Incremental Sort  (cost=828.68..1026.32 rows=10000 width=20) (actual time=1.920..1.938 rows=100 loops=1)
               Sort Key: s_3.a, s_3.b, s_3.c, s_3.d
               Presorted Key: s_3.a, s_3.b, s_3.c
               Sort Method: quicksort  Memory: 27kB
               Sort Groups: 4
               ->  Sort  (cost=828.39..853.39 rows=10000 width=20) (actual time=1.881..1.886 rows=129 loops=1)
                     Sort Key: s_3.a, s_3.b, s_3.c
                     Sort Method: quicksort  Memory: 1166kB
                     ->  Seq Scan on s_3  (cost=0.00..164.00 rows=10000 width=20) (actual time=0.008..0.578 rows=10000 loops=1)
 Planning time: 0.231 ms
 Execution time: 2.009 ms
(13 rows)

===== 324 [Wed Mar  7 01:58:32 CET 2018] scale:10000 groups:1000 work_mem:128MB incremental:on max_workers:2 =====
SELECT * FROM (SELECT * FROM s_4 ORDER BY a, b, c, d) foo ORDER BY a, b, c, d, e LIMIT 100
                                                           QUERY PLAN                                                           
--------------------------------------------------------------------------------------------------------------------------------
 Limit  (cost=831.65..831.65 rows=1 width=20) (actual time=1.949..1.949 rows=0 loops=1)
   ->  Limit  (cost=828.68..830.65 rows=100 width=20) (actual time=1.922..1.945 rows=100 loops=1)
         ->  Incremental Sort  (cost=828.68..1026.32 rows=10000 width=20) (actual time=1.922..1.939 rows=100 loops=1)
               Sort Key: s_4.a, s_4.b, s_4.c, s_4.d, s_4.e
               Presorted Key: s_4.a, s_4.b, s_4.c, s_4.d
               Sort Method: quicksort  Memory: 27kB
               Sort Groups: 4
               ->  Sort  (cost=828.39..853.39 rows=10000 width=20) (actual time=1.878..1.883 rows=129 loops=1)
                     Sort Key: s_4.a, s_4.b, s_4.c, s_4.d
                     Sort Method: quicksort  Memory: 1166kB
                     ->  Seq Scan on s_4  (cost=0.00..164.00 rows=10000 width=20) (actual time=0.004..0.575 rows=10000 loops=1)
 Planning time: 0.236 ms
 Execution time: 2.011 ms
(13 rows)

===== 325 [Wed Mar  7 01:58:32 CET 2018] scale:10000 groups:1000 work_mem:128MB incremental:off max_workers:2 =====
SELECT * FROM (SELECT * FROM s_1 ORDER BY a) foo ORDER BY a, b LIMIT 100
                                                           QUERY PLAN                                                           
--------------------------------------------------------------------------------------------------------------------------------
 Limit  (cost=1336.83..1336.83 rows=1 width=20) (actual time=2.779..2.779 rows=0 loops=1)
   ->  Limit  (cost=1335.58..1335.83 rows=100 width=20) (actual time=2.766..2.775 rows=100 loops=1)
         ->  Sort  (cost=1335.58..1360.58 rows=10000 width=20) (actual time=2.766..2.770 rows=100 loops=1)
               Sort Key: s_1.a, s_1.b
               Sort Method: top-N heapsort  Memory: 32kB
               ->  Sort  (cost=828.39..853.39 rows=10000 width=20) (actual time=1.719..2.054 rows=10000 loops=1)
                     Sort Key: s_1.a
                     Sort Method: quicksort  Memory: 1166kB
                     ->  Seq Scan on s_1  (cost=0.00..164.00 rows=10000 width=20) (actual time=0.004..0.581 rows=10000 loops=1)
 Planning time: 0.222 ms
 Execution time: 2.841 ms
(11 rows)

===== 326 [Wed Mar  7 01:58:32 CET 2018] scale:10000 groups:1000 work_mem:128MB incremental:off max_workers:2 =====
SELECT * FROM (SELECT * FROM s_2 ORDER BY a, b) foo ORDER BY a, b, c LIMIT 100
                                                           QUERY PLAN                                                           
--------------------------------------------------------------------------------------------------------------------------------
 Limit  (cost=1336.83..1336.83 rows=1 width=20) (actual time=2.893..2.893 rows=0 loops=1)
   ->  Limit  (cost=1335.58..1335.83 rows=100 width=20) (actual time=2.880..2.890 rows=100 loops=1)
         ->  Sort  (cost=1335.58..1360.58 rows=10000 width=20) (actual time=2.880..2.884 rows=100 loops=1)
               Sort Key: s_2.a, s_2.b, s_2.c
               Sort Method: top-N heapsort  Memory: 32kB
               ->  Sort  (cost=828.39..853.39 rows=10000 width=20) (actual time=1.836..2.174 rows=10000 loops=1)
                     Sort Key: s_2.a, s_2.b
                     Sort Method: quicksort  Memory: 1166kB
                     ->  Seq Scan on s_2  (cost=0.00..164.00 rows=10000 width=20) (actual time=0.008..0.582 rows=10000 loops=1)
 Planning time: 0.219 ms
 Execution time: 2.956 ms
(11 rows)

===== 327 [Wed Mar  7 01:58:32 CET 2018] scale:10000 groups:1000 work_mem:128MB incremental:off max_workers:2 =====
SELECT * FROM (SELECT * FROM s_3 ORDER BY a, b, c) foo ORDER BY a, b, c, d LIMIT 100
                                                           QUERY PLAN                                                           
--------------------------------------------------------------------------------------------------------------------------------
 Limit  (cost=1336.83..1336.83 rows=1 width=20) (actual time=2.983..2.983 rows=0 loops=1)
   ->  Limit  (cost=1335.58..1335.83 rows=100 width=20) (actual time=2.970..2.979 rows=100 loops=1)
         ->  Sort  (cost=1335.58..1360.58 rows=10000 width=20) (actual time=2.969..2.973 rows=100 loops=1)
               Sort Key: s_3.a, s_3.b, s_3.c, s_3.d
               Sort Method: top-N heapsort  Memory: 32kB
               ->  Sort  (cost=828.39..853.39 rows=10000 width=20) (actual time=1.876..2.215 rows=10000 loops=1)
                     Sort Key: s_3.a, s_3.b, s_3.c
                     Sort Method: quicksort  Memory: 1166kB
                     ->  Seq Scan on s_3  (cost=0.00..164.00 rows=10000 width=20) (actual time=0.008..0.576 rows=10000 loops=1)
 Planning time: 0.223 ms
 Execution time: 3.043 ms
(11 rows)

===== 328 [Wed Mar  7 01:58:32 CET 2018] scale:10000 groups:1000 work_mem:128MB incremental:off max_workers:2 =====
SELECT * FROM (SELECT * FROM s_4 ORDER BY a, b, c, d) foo ORDER BY a, b, c, d, e LIMIT 100
                                                           QUERY PLAN                                                           
--------------------------------------------------------------------------------------------------------------------------------
 Limit  (cost=1336.83..1336.83 rows=1 width=20) (actual time=2.980..2.980 rows=0 loops=1)
   ->  Limit  (cost=1335.58..1335.83 rows=100 width=20) (actual time=2.967..2.976 rows=100 loops=1)
         ->  Sort  (cost=1335.58..1360.58 rows=10000 width=20) (actual time=2.967..2.971 rows=100 loops=1)
               Sort Key: s_4.a, s_4.b, s_4.c, s_4.d, s_4.e
               Sort Method: top-N heapsort  Memory: 32kB
               ->  Sort  (cost=828.39..853.39 rows=10000 width=20) (actual time=1.867..2.207 rows=10000 loops=1)
                     Sort Key: s_4.a, s_4.b, s_4.c, s_4.d
                     Sort Method: quicksort  Memory: 1166kB
                     ->  Seq Scan on s_4  (cost=0.00..164.00 rows=10000 width=20) (actual time=0.004..0.571 rows=10000 loops=1)
 Planning time: 0.232 ms
 Execution time: 3.042 ms
(11 rows)

===== 329 [Wed Mar  7 01:58:32 CET 2018] scale:10000 groups:1000 work_mem:256MB incremental:on max_workers:2 =====
SELECT * FROM (SELECT * FROM s_1 ORDER BY a) foo ORDER BY a, b LIMIT 100
                                                           QUERY PLAN                                                           
--------------------------------------------------------------------------------------------------------------------------------
 Limit  (cost=831.65..831.65 rows=1 width=20) (actual time=1.794..1.794 rows=0 loops=1)
   ->  Limit  (cost=828.68..830.65 rows=100 width=20) (actual time=1.766..1.790 rows=100 loops=1)
         ->  Incremental Sort  (cost=828.68..1026.32 rows=10000 width=20) (actual time=1.766..1.785 rows=100 loops=1)
               Sort Key: s_1.a, s_1.b
               Presorted Key: s_1.a
               Sort Method: quicksort  Memory: 27kB
               Sort Groups: 3
               ->  Sort  (cost=828.39..853.39 rows=10000 width=20) (actual time=1.720..1.725 rows=108 loops=1)
                     Sort Key: s_1.a
                     Sort Method: quicksort  Memory: 1166kB
                     ->  Seq Scan on s_1  (cost=0.00..164.00 rows=10000 width=20) (actual time=0.004..0.580 rows=10000 loops=1)
 Planning time: 0.228 ms
 Execution time: 1.856 ms
(13 rows)

===== 330 [Wed Mar  7 01:58:32 CET 2018] scale:10000 groups:1000 work_mem:256MB incremental:on max_workers:2 =====
SELECT * FROM (SELECT * FROM s_2 ORDER BY a, b) foo ORDER BY a, b, c LIMIT 100
                                                           QUERY PLAN                                                           
--------------------------------------------------------------------------------------------------------------------------------
 Limit  (cost=831.65..831.65 rows=1 width=20) (actual time=1.908..1.908 rows=0 loops=1)
   ->  Limit  (cost=828.68..830.65 rows=100 width=20) (actual time=1.879..1.905 rows=100 loops=1)
         ->  Incremental Sort  (cost=828.68..1026.32 rows=10000 width=20) (actual time=1.879..1.899 rows=100 loops=1)
               Sort Key: s_2.a, s_2.b, s_2.c
               Presorted Key: s_2.a, s_2.b
               Sort Method: quicksort  Memory: 27kB
               Sort Groups: 4
               ->  Sort  (cost=828.39..853.39 rows=10000 width=20) (actual time=1.839..1.844 rows=129 loops=1)
                     Sort Key: s_2.a, s_2.b
                     Sort Method: quicksort  Memory: 1166kB
                     ->  Seq Scan on s_2  (cost=0.00..164.00 rows=10000 width=20) (actual time=0.007..0.586 rows=10000 loops=1)
 Planning time: 0.224 ms
 Execution time: 1.969 ms
(13 rows)

===== 331 [Wed Mar  7 01:58:33 CET 2018] scale:10000 groups:1000 work_mem:256MB incremental:on max_workers:2 =====
SELECT * FROM (SELECT * FROM s_3 ORDER BY a, b, c) foo ORDER BY a, b, c, d LIMIT 100
                                                           QUERY PLAN                                                           
--------------------------------------------------------------------------------------------------------------------------------
 Limit  (cost=831.65..831.65 rows=1 width=20) (actual time=1.943..1.943 rows=0 loops=1)
   ->  Limit  (cost=828.68..830.65 rows=100 width=20) (actual time=1.916..1.939 rows=100 loops=1)
         ->  Incremental Sort  (cost=828.68..1026.32 rows=10000 width=20) (actual time=1.916..1.933 rows=100 loops=1)
               Sort Key: s_3.a, s_3.b, s_3.c, s_3.d
               Presorted Key: s_3.a, s_3.b, s_3.c
               Sort Method: quicksort  Memory: 27kB
               Sort Groups: 4
               ->  Sort  (cost=828.39..853.39 rows=10000 width=20) (actual time=1.877..1.882 rows=129 loops=1)
                     Sort Key: s_3.a, s_3.b, s_3.c
                     Sort Method: quicksort  Memory: 1166kB
                     ->  Seq Scan on s_3  (cost=0.00..164.00 rows=10000 width=20) (actual time=0.008..0.583 rows=10000 loops=1)
 Planning time: 0.231 ms
 Execution time: 2.008 ms
(13 rows)

===== 332 [Wed Mar  7 01:58:33 CET 2018] scale:10000 groups:1000 work_mem:256MB incremental:on max_workers:2 =====
SELECT * FROM (SELECT * FROM s_4 ORDER BY a, b, c, d) foo ORDER BY a, b, c, d, e LIMIT 100
                                                           QUERY PLAN                                                           
--------------------------------------------------------------------------------------------------------------------------------
 Limit  (cost=831.65..831.65 rows=1 width=20) (actual time=1.949..1.949 rows=0 loops=1)
   ->  Limit  (cost=828.68..830.65 rows=100 width=20) (actual time=1.922..1.945 rows=100 loops=1)
         ->  Incremental Sort  (cost=828.68..1026.32 rows=10000 width=20) (actual time=1.922..1.939 rows=100 loops=1)
               Sort Key: s_4.a, s_4.b, s_4.c, s_4.d, s_4.e
               Presorted Key: s_4.a, s_4.b, s_4.c, s_4.d
               Sort Method: quicksort  Memory: 27kB
               Sort Groups: 4
               ->  Sort  (cost=828.39..853.39 rows=10000 width=20) (actual time=1.868..1.873 rows=129 loops=1)
                     Sort Key: s_4.a, s_4.b, s_4.c, s_4.d
                     Sort Method: quicksort  Memory: 1166kB
                     ->  Seq Scan on s_4  (cost=0.00..164.00 rows=10000 width=20) (actual time=0.004..0.577 rows=10000 loops=1)
 Planning time: 0.239 ms
 Execution time: 2.014 ms
(13 rows)

===== 333 [Wed Mar  7 01:58:33 CET 2018] scale:10000 groups:1000 work_mem:256MB incremental:off max_workers:2 =====
SELECT * FROM (SELECT * FROM s_1 ORDER BY a) foo ORDER BY a, b LIMIT 100
                                                           QUERY PLAN                                                           
--------------------------------------------------------------------------------------------------------------------------------
 Limit  (cost=1336.83..1336.83 rows=1 width=20) (actual time=2.780..2.780 rows=0 loops=1)
   ->  Limit  (cost=1335.58..1335.83 rows=100 width=20) (actual time=2.767..2.777 rows=100 loops=1)
         ->  Sort  (cost=1335.58..1360.58 rows=10000 width=20) (actual time=2.767..2.771 rows=100 loops=1)
               Sort Key: s_1.a, s_1.b
               Sort Method: top-N heapsort  Memory: 32kB
               ->  Sort  (cost=828.39..853.39 rows=10000 width=20) (actual time=1.717..2.052 rows=10000 loops=1)
                     Sort Key: s_1.a
                     Sort Method: quicksort  Memory: 1166kB
                     ->  Seq Scan on s_1  (cost=0.00..164.00 rows=10000 width=20) (actual time=0.004..0.579 rows=10000 loops=1)
 Planning time: 0.227 ms
 Execution time: 2.841 ms
(11 rows)

===== 334 [Wed Mar  7 01:58:33 CET 2018] scale:10000 groups:1000 work_mem:256MB incremental:off max_workers:2 =====
SELECT * FROM (SELECT * FROM s_2 ORDER BY a, b) foo ORDER BY a, b, c LIMIT 100
                                                           QUERY PLAN                                                           
--------------------------------------------------------------------------------------------------------------------------------
 Limit  (cost=1336.83..1336.83 rows=1 width=20) (actual time=2.886..2.886 rows=0 loops=1)
   ->  Limit  (cost=1335.58..1335.83 rows=100 width=20) (actual time=2.873..2.883 rows=100 loops=1)
         ->  Sort  (cost=1335.58..1360.58 rows=10000 width=20) (actual time=2.873..2.877 rows=100 loops=1)
               Sort Key: s_2.a, s_2.b, s_2.c
               Sort Method: top-N heapsort  Memory: 32kB
               ->  Sort  (cost=828.39..853.39 rows=10000 width=20) (actual time=1.830..2.164 rows=10000 loops=1)
                     Sort Key: s_2.a, s_2.b
                     Sort Method: quicksort  Memory: 1166kB
                     ->  Seq Scan on s_2  (cost=0.00..164.00 rows=10000 width=20) (actual time=0.008..0.584 rows=10000 loops=1)
 Planning time: 0.220 ms
 Execution time: 2.947 ms
(11 rows)

===== 335 [Wed Mar  7 01:58:33 CET 2018] scale:10000 groups:1000 work_mem:256MB incremental:off max_workers:2 =====
SELECT * FROM (SELECT * FROM s_3 ORDER BY a, b, c) foo ORDER BY a, b, c, d LIMIT 100
                                                           QUERY PLAN                                                           
--------------------------------------------------------------------------------------------------------------------------------
 Limit  (cost=1336.83..1336.83 rows=1 width=20) (actual time=2.973..2.973 rows=0 loops=1)
   ->  Limit  (cost=1335.58..1335.83 rows=100 width=20) (actual time=2.960..2.969 rows=100 loops=1)
         ->  Sort  (cost=1335.58..1360.58 rows=10000 width=20) (actual time=2.959..2.963 rows=100 loops=1)
               Sort Key: s_3.a, s_3.b, s_3.c, s_3.d
               Sort Method: top-N heapsort  Memory: 32kB
               ->  Sort  (cost=828.39..853.39 rows=10000 width=20) (actual time=1.869..2.208 rows=10000 loops=1)
                     Sort Key: s_3.a, s_3.b, s_3.c
                     Sort Method: quicksort  Memory: 1166kB
                     ->  Seq Scan on s_3  (cost=0.00..164.00 rows=10000 width=20) (actual time=0.007..0.573 rows=10000 loops=1)
 Planning time: 0.220 ms
 Execution time: 3.034 ms
(11 rows)

===== 336 [Wed Mar  7 01:58:33 CET 2018] scale:10000 groups:1000 work_mem:256MB incremental:off max_workers:2 =====
SELECT * FROM (SELECT * FROM s_4 ORDER BY a, b, c, d) foo ORDER BY a, b, c, d, e LIMIT 100
                                                           QUERY PLAN                                                           
--------------------------------------------------------------------------------------------------------------------------------
 Limit  (cost=1336.83..1336.83 rows=1 width=20) (actual time=2.987..2.987 rows=0 loops=1)
   ->  Limit  (cost=1335.58..1335.83 rows=100 width=20) (actual time=2.974..2.983 rows=100 loops=1)
         ->  Sort  (cost=1335.58..1360.58 rows=10000 width=20) (actual time=2.974..2.978 rows=100 loops=1)
               Sort Key: s_4.a, s_4.b, s_4.c, s_4.d, s_4.e
               Sort Method: top-N heapsort  Memory: 32kB
               ->  Sort  (cost=828.39..853.39 rows=10000 width=20) (actual time=1.871..2.213 rows=10000 loops=1)
                     Sort Key: s_4.a, s_4.b, s_4.c, s_4.d
                     Sort Method: quicksort  Memory: 1166kB
                     ->  Seq Scan on s_4  (cost=0.00..164.00 rows=10000 width=20) (actual time=0.004..0.571 rows=10000 loops=1)
 Planning time: 0.238 ms
 Execution time: 3.048 ms
(11 rows)

===== 337 [Wed Mar  7 01:58:34 CET 2018] scale:10000 groups:10000 work_mem:4MB incremental:on max_workers:0 =====
SELECT * FROM (SELECT * FROM s_1 ORDER BY a) foo ORDER BY a, b LIMIT 100
                                                           QUERY PLAN                                                           
--------------------------------------------------------------------------------------------------------------------------------
 Limit  (cost=832.44..832.44 rows=1 width=20) (actual time=1.789..1.789 rows=0 loops=1)
   ->  Limit  (cost=828.41..831.44 rows=100 width=20) (actual time=1.756..1.786 rows=100 loops=1)
         ->  Incremental Sort  (cost=828.41..1131.46 rows=10000 width=20) (actual time=1.756..1.780 rows=100 loops=1)
               Sort Key: s_1.a, s_1.b
               Presorted Key: s_1.a
               Sort Method: quicksort  Memory: 27kB
               Sort Groups: 4
               ->  Sort  (cost=828.39..853.39 rows=10000 width=20) (actual time=1.717..1.722 rows=132 loops=1)
                     Sort Key: s_1.a
                     Sort Method: quicksort  Memory: 1166kB
                     ->  Seq Scan on s_1  (cost=0.00..164.00 rows=10000 width=20) (actual time=0.004..0.580 rows=10000 loops=1)
 Planning time: 0.231 ms
 Execution time: 1.851 ms
(13 rows)

===== 338 [Wed Mar  7 01:58:34 CET 2018] scale:10000 groups:10000 work_mem:4MB incremental:on max_workers:0 =====
SELECT * FROM (SELECT * FROM s_2 ORDER BY a, b) foo ORDER BY a, b, c LIMIT 100
                                                           QUERY PLAN                                                           
--------------------------------------------------------------------------------------------------------------------------------
 Limit  (cost=832.45..832.45 rows=1 width=20) (actual time=1.863..1.863 rows=0 loops=1)
   ->  Limit  (cost=828.41..831.45 rows=100 width=20) (actual time=1.837..1.860 rows=100 loops=1)
         ->  Incremental Sort  (cost=828.41..1132.02 rows=10000 width=20) (actual time=1.837..1.854 rows=100 loops=1)
               Sort Key: s_2.a, s_2.b, s_2.c
               Presorted Key: s_2.a, s_2.b
               Sort Method: quicksort  Memory: 27kB
               Sort Groups: 4
               ->  Sort  (cost=828.39..853.39 rows=10000 width=20) (actual time=1.799..1.805 rows=129 loops=1)
                     Sort Key: s_2.a, s_2.b
                     Sort Method: quicksort  Memory: 1166kB
                     ->  Seq Scan on s_2  (cost=0.00..164.00 rows=10000 width=20) (actual time=0.008..0.581 rows=10000 loops=1)
 Planning time: 0.232 ms
 Execution time: 1.931 ms
(13 rows)

===== 339 [Wed Mar  7 01:58:34 CET 2018] scale:10000 groups:10000 work_mem:4MB incremental:on max_workers:0 =====
SELECT * FROM (SELECT * FROM s_3 ORDER BY a, b, c) foo ORDER BY a, b, c, d LIMIT 100
                                                           QUERY PLAN                                                           
--------------------------------------------------------------------------------------------------------------------------------
 Limit  (cost=832.45..832.45 rows=1 width=20) (actual time=1.911..1.911 rows=0 loops=1)
   ->  Limit  (cost=828.41..831.45 rows=100 width=20) (actual time=1.884..1.908 rows=100 loops=1)
         ->  Incremental Sort  (cost=828.41..1132.28 rows=10000 width=20) (actual time=1.884..1.902 rows=100 loops=1)
               Sort Key: s_3.a, s_3.b, s_3.c, s_3.d
               Presorted Key: s_3.a, s_3.b, s_3.c
               Sort Method: quicksort  Memory: 27kB
               Sort Groups: 4
               ->  Sort  (cost=828.39..853.39 rows=10000 width=20) (actual time=1.846..1.851 rows=129 loops=1)
                     Sort Key: s_3.a, s_3.b, s_3.c
                     Sort Method: quicksort  Memory: 1166kB
                     ->  Seq Scan on s_3  (cost=0.00..164.00 rows=10000 width=20) (actual time=0.007..0.581 rows=10000 loops=1)
 Planning time: 0.221 ms
 Execution time: 1.975 ms
(13 rows)

===== 340 [Wed Mar  7 01:58:34 CET 2018] scale:10000 groups:10000 work_mem:4MB incremental:on max_workers:0 =====
SELECT * FROM (SELECT * FROM s_4 ORDER BY a, b, c, d) foo ORDER BY a, b, c, d, e LIMIT 100
                                                           QUERY PLAN                                                           
--------------------------------------------------------------------------------------------------------------------------------
 Limit  (cost=832.45..832.45 rows=1 width=20) (actual time=1.917..1.917 rows=0 loops=1)
   ->  Limit  (cost=828.41..831.45 rows=100 width=20) (actual time=1.890..1.913 rows=100 loops=1)
         ->  Incremental Sort  (cost=828.41..1132.28 rows=10000 width=20) (actual time=1.890..1.907 rows=100 loops=1)
               Sort Key: s_4.a, s_4.b, s_4.c, s_4.d, s_4.e
               Presorted Key: s_4.a, s_4.b, s_4.c, s_4.d
               Sort Method: quicksort  Memory: 27kB
               Sort Groups: 4
               ->  Sort  (cost=828.39..853.39 rows=10000 width=20) (actual time=1.847..1.852 rows=129 loops=1)
                     Sort Key: s_4.a, s_4.b, s_4.c, s_4.d
                     Sort Method: quicksort  Memory: 1166kB
                     ->  Seq Scan on s_4  (cost=0.00..164.00 rows=10000 width=20) (actual time=0.004..0.571 rows=10000 loops=1)
 Planning time: 0.231 ms
 Execution time: 1.979 ms
(13 rows)

===== 341 [Wed Mar  7 01:58:34 CET 2018] scale:10000 groups:10000 work_mem:4MB incremental:off max_workers:0 =====
SELECT * FROM (SELECT * FROM s_1 ORDER BY a) foo ORDER BY a, b LIMIT 100
                                                           QUERY PLAN                                                           
--------------------------------------------------------------------------------------------------------------------------------
 Limit  (cost=1336.83..1336.83 rows=1 width=20) (actual time=2.777..2.777 rows=0 loops=1)
   ->  Limit  (cost=1335.58..1335.83 rows=100 width=20) (actual time=2.764..2.774 rows=100 loops=1)
         ->  Sort  (cost=1335.58..1360.58 rows=10000 width=20) (actual time=2.764..2.768 rows=100 loops=1)
               Sort Key: s_1.a, s_1.b
               Sort Method: top-N heapsort  Memory: 32kB
               ->  Sort  (cost=828.39..853.39 rows=10000 width=20) (actual time=1.719..2.054 rows=10000 loops=1)
                     Sort Key: s_1.a
                     Sort Method: quicksort  Memory: 1166kB
                     ->  Seq Scan on s_1  (cost=0.00..164.00 rows=10000 width=20) (actual time=0.004..0.587 rows=10000 loops=1)
 Planning time: 0.215 ms
 Execution time: 2.840 ms
(11 rows)

===== 342 [Wed Mar  7 01:58:34 CET 2018] scale:10000 groups:10000 work_mem:4MB incremental:off max_workers:0 =====
SELECT * FROM (SELECT * FROM s_2 ORDER BY a, b) foo ORDER BY a, b, c LIMIT 100
                                                           QUERY PLAN                                                           
--------------------------------------------------------------------------------------------------------------------------------
 Limit  (cost=1336.83..1336.83 rows=1 width=20) (actual time=2.857..2.857 rows=0 loops=1)
   ->  Limit  (cost=1335.58..1335.83 rows=100 width=20) (actual time=2.844..2.854 rows=100 loops=1)
         ->  Sort  (cost=1335.58..1360.58 rows=10000 width=20) (actual time=2.844..2.848 rows=100 loops=1)
               Sort Key: s_2.a, s_2.b, s_2.c
               Sort Method: top-N heapsort  Memory: 32kB
               ->  Sort  (cost=828.39..853.39 rows=10000 width=20) (actual time=1.804..2.139 rows=10000 loops=1)
                     Sort Key: s_2.a, s_2.b
                     Sort Method: quicksort  Memory: 1166kB
                     ->  Seq Scan on s_2  (cost=0.00..164.00 rows=10000 width=20) (actual time=0.007..0.578 rows=10000 loops=1)
 Planning time: 0.216 ms
 Execution time: 2.919 ms
(11 rows)

===== 343 [Wed Mar  7 01:58:34 CET 2018] scale:10000 groups:10000 work_mem:4MB incremental:off max_workers:0 =====
SELECT * FROM (SELECT * FROM s_3 ORDER BY a, b, c) foo ORDER BY a, b, c, d LIMIT 100
                                                           QUERY PLAN                                                           
--------------------------------------------------------------------------------------------------------------------------------
 Limit  (cost=1336.83..1336.83 rows=1 width=20) (actual time=2.946..2.946 rows=0 loops=1)
   ->  Limit  (cost=1335.58..1335.83 rows=100 width=20) (actual time=2.933..2.942 rows=100 loops=1)
         ->  Sort  (cost=1335.58..1360.58 rows=10000 width=20) (actual time=2.933..2.936 rows=100 loops=1)
               Sort Key: s_3.a, s_3.b, s_3.c, s_3.d
               Sort Method: top-N heapsort  Memory: 32kB
               ->  Sort  (cost=828.39..853.39 rows=10000 width=20) (actual time=1.844..2.183 rows=10000 loops=1)
                     Sort Key: s_3.a, s_3.b, s_3.c
                     Sort Method: quicksort  Memory: 1166kB
                     ->  Seq Scan on s_3  (cost=0.00..164.00 rows=10000 width=20) (actual time=0.008..0.576 rows=10000 loops=1)
 Planning time: 0.215 ms
 Execution time: 3.009 ms
(11 rows)

===== 344 [Wed Mar  7 01:58:34 CET 2018] scale:10000 groups:10000 work_mem:4MB incremental:off max_workers:0 =====
SELECT * FROM (SELECT * FROM s_4 ORDER BY a, b, c, d) foo ORDER BY a, b, c, d, e LIMIT 100
                                                           QUERY PLAN                                                           
--------------------------------------------------------------------------------------------------------------------------------
 Limit  (cost=1336.83..1336.83 rows=1 width=20) (actual time=2.950..2.950 rows=0 loops=1)
   ->  Limit  (cost=1335.58..1335.83 rows=100 width=20) (actual time=2.937..2.946 rows=100 loops=1)
         ->  Sort  (cost=1335.58..1360.58 rows=10000 width=20) (actual time=2.936..2.940 rows=100 loops=1)
               Sort Key: s_4.a, s_4.b, s_4.c, s_4.d, s_4.e
               Sort Method: top-N heapsort  Memory: 32kB
               ->  Sort  (cost=828.39..853.39 rows=10000 width=20) (actual time=1.832..2.174 rows=10000 loops=1)
                     Sort Key: s_4.a, s_4.b, s_4.c, s_4.d
                     Sort Method: quicksort  Memory: 1166kB
                     ->  Seq Scan on s_4  (cost=0.00..164.00 rows=10000 width=20) (actual time=0.004..0.568 rows=10000 loops=1)
 Planning time: 0.220 ms
 Execution time: 3.012 ms
(11 rows)

===== 345 [Wed Mar  7 01:58:34 CET 2018] scale:10000 groups:10000 work_mem:8MB incremental:on max_workers:0 =====
SELECT * FROM (SELECT * FROM s_1 ORDER BY a) foo ORDER BY a, b LIMIT 100
                                                           QUERY PLAN                                                           
--------------------------------------------------------------------------------------------------------------------------------
 Limit  (cost=832.44..832.44 rows=1 width=20) (actual time=1.791..1.791 rows=0 loops=1)
   ->  Limit  (cost=828.41..831.44 rows=100 width=20) (actual time=1.758..1.788 rows=100 loops=1)
         ->  Incremental Sort  (cost=828.41..1131.46 rows=10000 width=20) (actual time=1.758..1.782 rows=100 loops=1)
               Sort Key: s_1.a, s_1.b
               Presorted Key: s_1.a
               Sort Method: quicksort  Memory: 27kB
               Sort Groups: 4
               ->  Sort  (cost=828.39..853.39 rows=10000 width=20) (actual time=1.719..1.725 rows=132 loops=1)
                     Sort Key: s_1.a
                     Sort Method: quicksort  Memory: 1166kB
                     ->  Seq Scan on s_1  (cost=0.00..164.00 rows=10000 width=20) (actual time=0.004..0.583 rows=10000 loops=1)
 Planning time: 0.234 ms
 Execution time: 1.852 ms
(13 rows)

===== 346 [Wed Mar  7 01:58:34 CET 2018] scale:10000 groups:10000 work_mem:8MB incremental:on max_workers:0 =====
SELECT * FROM (SELECT * FROM s_2 ORDER BY a, b) foo ORDER BY a, b, c LIMIT 100
                                                           QUERY PLAN                                                           
--------------------------------------------------------------------------------------------------------------------------------
 Limit  (cost=832.45..832.45 rows=1 width=20) (actual time=1.877..1.877 rows=0 loops=1)
   ->  Limit  (cost=828.41..831.45 rows=100 width=20) (actual time=1.851..1.873 rows=100 loops=1)
         ->  Incremental Sort  (cost=828.41..1132.02 rows=10000 width=20) (actual time=1.851..1.867 rows=100 loops=1)
               Sort Key: s_2.a, s_2.b, s_2.c
               Presorted Key: s_2.a, s_2.b
               Sort Method: quicksort  Memory: 27kB
               Sort Groups: 4
               ->  Sort  (cost=828.39..853.39 rows=10000 width=20) (actual time=1.813..1.818 rows=129 loops=1)
                     Sort Key: s_2.a, s_2.b
                     Sort Method: quicksort  Memory: 1166kB
                     ->  Seq Scan on s_2  (cost=0.00..164.00 rows=10000 width=20) (actual time=0.007..0.588 rows=10000 loops=1)
 Planning time: 0.225 ms
 Execution time: 1.939 ms
(13 rows)

===== 347 [Wed Mar  7 01:58:35 CET 2018] scale:10000 groups:10000 work_mem:8MB incremental:on max_workers:0 =====
SELECT * FROM (SELECT * FROM s_3 ORDER BY a, b, c) foo ORDER BY a, b, c, d LIMIT 100
                                                           QUERY PLAN                                                           
--------------------------------------------------------------------------------------------------------------------------------
 Limit  (cost=832.45..832.45 rows=1 width=20) (actual time=1.920..1.920 rows=0 loops=1)
   ->  Limit  (cost=828.41..831.45 rows=100 width=20) (actual time=1.893..1.916 rows=100 loops=1)
         ->  Incremental Sort  (cost=828.41..1132.28 rows=10000 width=20) (actual time=1.893..1.910 rows=100 loops=1)
               Sort Key: s_3.a, s_3.b, s_3.c, s_3.d
               Presorted Key: s_3.a, s_3.b, s_3.c
               Sort Method: quicksort  Memory: 27kB
               Sort Groups: 4
               ->  Sort  (cost=828.39..853.39 rows=10000 width=20) (actual time=1.854..1.859 rows=129 loops=1)
                     Sort Key: s_3.a, s_3.b, s_3.c
                     Sort Method: quicksort  Memory: 1166kB
                     ->  Seq Scan on s_3  (cost=0.00..164.00 rows=10000 width=20) (actual time=0.007..0.583 rows=10000 loops=1)
 Planning time: 0.224 ms
 Execution time: 1.982 ms
(13 rows)

===== 348 [Wed Mar  7 01:58:35 CET 2018] scale:10000 groups:10000 work_mem:8MB incremental:on max_workers:0 =====
SELECT * FROM (SELECT * FROM s_4 ORDER BY a, b, c, d) foo ORDER BY a, b, c, d, e LIMIT 100
                                                           QUERY PLAN                                                           
--------------------------------------------------------------------------------------------------------------------------------
 Limit  (cost=832.45..832.45 rows=1 width=20) (actual time=1.913..1.913 rows=0 loops=1)
   ->  Limit  (cost=828.41..831.45 rows=100 width=20) (actual time=1.886..1.909 rows=100 loops=1)
         ->  Incremental Sort  (cost=828.41..1132.28 rows=10000 width=20) (actual time=1.885..1.903 rows=100 loops=1)
               Sort Key: s_4.a, s_4.b, s_4.c, s_4.d, s_4.e
               Presorted Key: s_4.a, s_4.b, s_4.c, s_4.d
               Sort Method: quicksort  Memory: 27kB
               Sort Groups: 4
               ->  Sort  (cost=828.39..853.39 rows=10000 width=20) (actual time=1.843..1.848 rows=129 loops=1)
                     Sort Key: s_4.a, s_4.b, s_4.c, s_4.d
                     Sort Method: quicksort  Memory: 1166kB
                     ->  Seq Scan on s_4  (cost=0.00..164.00 rows=10000 width=20) (actual time=0.004..0.571 rows=10000 loops=1)
 Planning time: 0.232 ms
 Execution time: 1.973 ms
(13 rows)

===== 349 [Wed Mar  7 01:58:35 CET 2018] scale:10000 groups:10000 work_mem:8MB incremental:off max_workers:0 =====
SELECT * FROM (SELECT * FROM s_1 ORDER BY a) foo ORDER BY a, b LIMIT 100
                                                           QUERY PLAN                                                           
--------------------------------------------------------------------------------------------------------------------------------
 Limit  (cost=1336.83..1336.83 rows=1 width=20) (actual time=2.767..2.767 rows=0 loops=1)
   ->  Limit  (cost=1335.58..1335.83 rows=100 width=20) (actual time=2.753..2.763 rows=100 loops=1)
         ->  Sort  (cost=1335.58..1360.58 rows=10000 width=20) (actual time=2.753..2.757 rows=100 loops=1)
               Sort Key: s_1.a, s_1.b
               Sort Method: top-N heapsort  Memory: 32kB
               ->  Sort  (cost=828.39..853.39 rows=10000 width=20) (actual time=1.715..2.050 rows=10000 loops=1)
                     Sort Key: s_1.a
                     Sort Method: quicksort  Memory: 1166kB
                     ->  Seq Scan on s_1  (cost=0.00..164.00 rows=10000 width=20) (actual time=0.004..0.579 rows=10000 loops=1)
 Planning time: 0.222 ms
 Execution time: 2.830 ms
(11 rows)

===== 350 [Wed Mar  7 01:58:35 CET 2018] scale:10000 groups:10000 work_mem:8MB incremental:off max_workers:0 =====
SELECT * FROM (SELECT * FROM s_2 ORDER BY a, b) foo ORDER BY a, b, c LIMIT 100
                                                           QUERY PLAN                                                           
--------------------------------------------------------------------------------------------------------------------------------
 Limit  (cost=1336.83..1336.83 rows=1 width=20) (actual time=2.848..2.848 rows=0 loops=1)
   ->  Limit  (cost=1335.58..1335.83 rows=100 width=20) (actual time=2.835..2.845 rows=100 loops=1)
         ->  Sort  (cost=1335.58..1360.58 rows=10000 width=20) (actual time=2.835..2.839 rows=100 loops=1)
               Sort Key: s_2.a, s_2.b, s_2.c
               Sort Method: top-N heapsort  Memory: 32kB
               ->  Sort  (cost=828.39..853.39 rows=10000 width=20) (actual time=1.794..2.129 rows=10000 loops=1)
                     Sort Key: s_2.a, s_2.b
                     Sort Method: quicksort  Memory: 1166kB
                     ->  Seq Scan on s_2  (cost=0.00..164.00 rows=10000 width=20) (actual time=0.007..0.582 rows=10000 loops=1)
 Planning time: 0.216 ms
 Execution time: 2.910 ms
(11 rows)

===== 351 [Wed Mar  7 01:58:35 CET 2018] scale:10000 groups:10000 work_mem:8MB incremental:off max_workers:0 =====
SELECT * FROM (SELECT * FROM s_3 ORDER BY a, b, c) foo ORDER BY a, b, c, d LIMIT 100
                                                           QUERY PLAN                                                           
--------------------------------------------------------------------------------------------------------------------------------
 Limit  (cost=1336.83..1336.83 rows=1 width=20) (actual time=2.951..2.951 rows=0 loops=1)
   ->  Limit  (cost=1335.58..1335.83 rows=100 width=20) (actual time=2.938..2.947 rows=100 loops=1)
         ->  Sort  (cost=1335.58..1360.58 rows=10000 width=20) (actual time=2.938..2.942 rows=100 loops=1)
               Sort Key: s_3.a, s_3.b, s_3.c, s_3.d
               Sort Method: top-N heapsort  Memory: 32kB
               ->  Sort  (cost=828.39..853.39 rows=10000 width=20) (actual time=1.845..2.186 rows=10000 loops=1)
                     Sort Key: s_3.a, s_3.b, s_3.c
                     Sort Method: quicksort  Memory: 1166kB
                     ->  Seq Scan on s_3  (cost=0.00..164.00 rows=10000 width=20) (actual time=0.012..0.579 rows=10000 loops=1)
 Planning time: 0.220 ms
 Execution time: 3.016 ms
(11 rows)

===== 352 [Wed Mar  7 01:58:35 CET 2018] scale:10000 groups:10000 work_mem:8MB incremental:off max_workers:0 =====
SELECT * FROM (SELECT * FROM s_4 ORDER BY a, b, c, d) foo ORDER BY a, b, c, d, e LIMIT 100
                                                           QUERY PLAN                                                           
--------------------------------------------------------------------------------------------------------------------------------
 Limit  (cost=1336.83..1336.83 rows=1 width=20) (actual time=2.950..2.950 rows=0 loops=1)
   ->  Limit  (cost=1335.58..1335.83 rows=100 width=20) (actual time=2.937..2.946 rows=100 loops=1)
         ->  Sort  (cost=1335.58..1360.58 rows=10000 width=20) (actual time=2.937..2.940 rows=100 loops=1)
               Sort Key: s_4.a, s_4.b, s_4.c, s_4.d, s_4.e
               Sort Method: top-N heapsort  Memory: 32kB
               ->  Sort  (cost=828.39..853.39 rows=10000 width=20) (actual time=1.837..2.180 rows=10000 loops=1)
                     Sort Key: s_4.a, s_4.b, s_4.c, s_4.d
                     Sort Method: quicksort  Memory: 1166kB
                     ->  Seq Scan on s_4  (cost=0.00..164.00 rows=10000 width=20) (actual time=0.004..0.573 rows=10000 loops=1)
 Planning time: 0.222 ms
 Execution time: 3.012 ms
(11 rows)

===== 353 [Wed Mar  7 01:58:35 CET 2018] scale:10000 groups:10000 work_mem:16MB incremental:on max_workers:0 =====
SELECT * FROM (SELECT * FROM s_1 ORDER BY a) foo ORDER BY a, b LIMIT 100
                                                           QUERY PLAN                                                           
--------------------------------------------------------------------------------------------------------------------------------
 Limit  (cost=832.44..832.44 rows=1 width=20) (actual time=1.800..1.800 rows=0 loops=1)
   ->  Limit  (cost=828.41..831.44 rows=100 width=20) (actual time=1.767..1.796 rows=100 loops=1)
         ->  Incremental Sort  (cost=828.41..1131.46 rows=10000 width=20) (actual time=1.767..1.790 rows=100 loops=1)
               Sort Key: s_1.a, s_1.b
               Presorted Key: s_1.a
               Sort Method: quicksort  Memory: 27kB
               Sort Groups: 4
               ->  Sort  (cost=828.39..853.39 rows=10000 width=20) (actual time=1.729..1.734 rows=132 loops=1)
                     Sort Key: s_1.a
                     Sort Method: quicksort  Memory: 1166kB
                     ->  Seq Scan on s_1  (cost=0.00..164.00 rows=10000 width=20) (actual time=0.004..0.580 rows=10000 loops=1)
 Planning time: 0.222 ms
 Execution time: 1.862 ms
(13 rows)

===== 354 [Wed Mar  7 01:58:35 CET 2018] scale:10000 groups:10000 work_mem:16MB incremental:on max_workers:0 =====
SELECT * FROM (SELECT * FROM s_2 ORDER BY a, b) foo ORDER BY a, b, c LIMIT 100
                                                           QUERY PLAN                                                           
--------------------------------------------------------------------------------------------------------------------------------
 Limit  (cost=832.45..832.45 rows=1 width=20) (actual time=1.868..1.868 rows=0 loops=1)
   ->  Limit  (cost=828.41..831.45 rows=100 width=20) (actual time=1.842..1.864 rows=100 loops=1)
         ->  Incremental Sort  (cost=828.41..1132.02 rows=10000 width=20) (actual time=1.842..1.858 rows=100 loops=1)
               Sort Key: s_2.a, s_2.b, s_2.c
               Presorted Key: s_2.a, s_2.b
               Sort Method: quicksort  Memory: 27kB
               Sort Groups: 4
               ->  Sort  (cost=828.39..853.39 rows=10000 width=20) (actual time=1.804..1.809 rows=129 loops=1)
                     Sort Key: s_2.a, s_2.b
                     Sort Method: quicksort  Memory: 1166kB
                     ->  Seq Scan on s_2  (cost=0.00..164.00 rows=10000 width=20) (actual time=0.007..0.582 rows=10000 loops=1)
 Planning time: 0.225 ms
 Execution time: 1.930 ms
(13 rows)

===== 355 [Wed Mar  7 01:58:35 CET 2018] scale:10000 groups:10000 work_mem:16MB incremental:on max_workers:0 =====
SELECT * FROM (SELECT * FROM s_3 ORDER BY a, b, c) foo ORDER BY a, b, c, d LIMIT 100
                                                           QUERY PLAN                                                           
--------------------------------------------------------------------------------------------------------------------------------
 Limit  (cost=832.45..832.45 rows=1 width=20) (actual time=1.914..1.914 rows=0 loops=1)
   ->  Limit  (cost=828.41..831.45 rows=100 width=20) (actual time=1.888..1.911 rows=100 loops=1)
         ->  Incremental Sort  (cost=828.41..1132.28 rows=10000 width=20) (actual time=1.887..1.905 rows=100 loops=1)
               Sort Key: s_3.a, s_3.b, s_3.c, s_3.d
               Presorted Key: s_3.a, s_3.b, s_3.c
               Sort Method: quicksort  Memory: 27kB
               Sort Groups: 4
               ->  Sort  (cost=828.39..853.39 rows=10000 width=20) (actual time=1.849..1.854 rows=129 loops=1)
                     Sort Key: s_3.a, s_3.b, s_3.c
                     Sort Method: quicksort  Memory: 1166kB
                     ->  Seq Scan on s_3  (cost=0.00..164.00 rows=10000 width=20) (actual time=0.007..0.582 rows=10000 loops=1)
 Planning time: 0.223 ms
 Execution time: 1.976 ms
(13 rows)

===== 356 [Wed Mar  7 01:58:35 CET 2018] scale:10000 groups:10000 work_mem:16MB incremental:on max_workers:0 =====
SELECT * FROM (SELECT * FROM s_4 ORDER BY a, b, c, d) foo ORDER BY a, b, c, d, e LIMIT 100
                                                           QUERY PLAN                                                           
--------------------------------------------------------------------------------------------------------------------------------
 Limit  (cost=832.45..832.45 rows=1 width=20) (actual time=1.906..1.906 rows=0 loops=1)
   ->  Limit  (cost=828.41..831.45 rows=100 width=20) (actual time=1.879..1.902 rows=100 loops=1)
         ->  Incremental Sort  (cost=828.41..1132.28 rows=10000 width=20) (actual time=1.879..1.896 rows=100 loops=1)
               Sort Key: s_4.a, s_4.b, s_4.c, s_4.d, s_4.e
               Presorted Key: s_4.a, s_4.b, s_4.c, s_4.d
               Sort Method: quicksort  Memory: 27kB
               Sort Groups: 4
               ->  Sort  (cost=828.39..853.39 rows=10000 width=20) (actual time=1.836..1.841 rows=129 loops=1)
                     Sort Key: s_4.a, s_4.b, s_4.c, s_4.d
                     Sort Method: quicksort  Memory: 1166kB
                     ->  Seq Scan on s_4  (cost=0.00..164.00 rows=10000 width=20) (actual time=0.004..0.572 rows=10000 loops=1)
 Planning time: 0.235 ms
 Execution time: 1.968 ms
(13 rows)

===== 357 [Wed Mar  7 01:58:35 CET 2018] scale:10000 groups:10000 work_mem:16MB incremental:off max_workers:0 =====
SELECT * FROM (SELECT * FROM s_1 ORDER BY a) foo ORDER BY a, b LIMIT 100
                                                           QUERY PLAN                                                           
--------------------------------------------------------------------------------------------------------------------------------
 Limit  (cost=1336.83..1336.83 rows=1 width=20) (actual time=2.771..2.771 rows=0 loops=1)
   ->  Limit  (cost=1335.58..1335.83 rows=100 width=20) (actual time=2.758..2.768 rows=100 loops=1)
         ->  Sort  (cost=1335.58..1360.58 rows=10000 width=20) (actual time=2.758..2.762 rows=100 loops=1)
               Sort Key: s_1.a, s_1.b
               Sort Method: top-N heapsort  Memory: 32kB
               ->  Sort  (cost=828.39..853.39 rows=10000 width=20) (actual time=1.716..2.051 rows=10000 loops=1)
                     Sort Key: s_1.a
                     Sort Method: quicksort  Memory: 1166kB
                     ->  Seq Scan on s_1  (cost=0.00..164.00 rows=10000 width=20) (actual time=0.004..0.578 rows=10000 loops=1)
 Planning time: 0.220 ms
 Execution time: 2.834 ms
(11 rows)

===== 358 [Wed Mar  7 01:58:35 CET 2018] scale:10000 groups:10000 work_mem:16MB incremental:off max_workers:0 =====
SELECT * FROM (SELECT * FROM s_2 ORDER BY a, b) foo ORDER BY a, b, c LIMIT 100
                                                           QUERY PLAN                                                           
--------------------------------------------------------------------------------------------------------------------------------
 Limit  (cost=1336.83..1336.83 rows=1 width=20) (actual time=2.861..2.861 rows=0 loops=1)
   ->  Limit  (cost=1335.58..1335.83 rows=100 width=20) (actual time=2.848..2.858 rows=100 loops=1)
         ->  Sort  (cost=1335.58..1360.58 rows=10000 width=20) (actual time=2.848..2.852 rows=100 loops=1)
               Sort Key: s_2.a, s_2.b, s_2.c
               Sort Method: top-N heapsort  Memory: 32kB
               ->  Sort  (cost=828.39..853.39 rows=10000 width=20) (actual time=1.806..2.146 rows=10000 loops=1)
                     Sort Key: s_2.a, s_2.b
                     Sort Method: quicksort  Memory: 1166kB
                     ->  Seq Scan on s_2  (cost=0.00..164.00 rows=10000 width=20) (actual time=0.008..0.584 rows=10000 loops=1)
 Planning time: 0.217 ms
 Execution time: 2.923 ms
(11 rows)

===== 359 [Wed Mar  7 01:58:36 CET 2018] scale:10000 groups:10000 work_mem:16MB incremental:off max_workers:0 =====
SELECT * FROM (SELECT * FROM s_3 ORDER BY a, b, c) foo ORDER BY a, b, c, d LIMIT 100
                                                           QUERY PLAN                                                           
--------------------------------------------------------------------------------------------------------------------------------
 Limit  (cost=1336.83..1336.83 rows=1 width=20) (actual time=2.954..2.954 rows=0 loops=1)
   ->  Limit  (cost=1335.58..1335.83 rows=100 width=20) (actual time=2.941..2.950 rows=100 loops=1)
         ->  Sort  (cost=1335.58..1360.58 rows=10000 width=20) (actual time=2.940..2.944 rows=100 loops=1)
               Sort Key: s_3.a, s_3.b, s_3.c, s_3.d
               Sort Method: top-N heapsort  Memory: 32kB
               ->  Sort  (cost=828.39..853.39 rows=10000 width=20) (actual time=1.846..2.186 rows=10000 loops=1)
                     Sort Key: s_3.a, s_3.b, s_3.c
                     Sort Method: quicksort  Memory: 1166kB
                     ->  Seq Scan on s_3  (cost=0.00..164.00 rows=10000 width=20) (actual time=0.007..0.573 rows=10000 loops=1)
 Planning time: 0.225 ms
 Execution time: 3.016 ms
(11 rows)

===== 360 [Wed Mar  7 01:58:36 CET 2018] scale:10000 groups:10000 work_mem:16MB incremental:off max_workers:0 =====
SELECT * FROM (SELECT * FROM s_4 ORDER BY a, b, c, d) foo ORDER BY a, b, c, d, e LIMIT 100
                                                           QUERY PLAN                                                           
--------------------------------------------------------------------------------------------------------------------------------
 Limit  (cost=1336.83..1336.83 rows=1 width=20) (actual time=2.949..2.949 rows=0 loops=1)
   ->  Limit  (cost=1335.58..1335.83 rows=100 width=20) (actual time=2.936..2.946 rows=100 loops=1)
         ->  Sort  (cost=1335.58..1360.58 rows=10000 width=20) (actual time=2.936..2.940 rows=100 loops=1)
               Sort Key: s_4.a, s_4.b, s_4.c, s_4.d, s_4.e
               Sort Method: top-N heapsort  Memory: 32kB
               ->  Sort  (cost=828.39..853.39 rows=10000 width=20) (actual time=1.837..2.180 rows=10000 loops=1)
                     Sort Key: s_4.a, s_4.b, s_4.c, s_4.d
                     Sort Method: quicksort  Memory: 1166kB
                     ->  Seq Scan on s_4  (cost=0.00..164.00 rows=10000 width=20) (actual time=0.004..0.577 rows=10000 loops=1)
 Planning time: 0.220 ms
 Execution time: 3.011 ms
(11 rows)

===== 361 [Wed Mar  7 01:58:36 CET 2018] scale:10000 groups:10000 work_mem:32MB incremental:on max_workers:0 =====
SELECT * FROM (SELECT * FROM s_1 ORDER BY a) foo ORDER BY a, b LIMIT 100
                                                           QUERY PLAN                                                           
--------------------------------------------------------------------------------------------------------------------------------
 Limit  (cost=832.44..832.44 rows=1 width=20) (actual time=1.798..1.798 rows=0 loops=1)
   ->  Limit  (cost=828.41..831.44 rows=100 width=20) (actual time=1.766..1.795 rows=100 loops=1)
         ->  Incremental Sort  (cost=828.41..1131.46 rows=10000 width=20) (actual time=1.765..1.789 rows=100 loops=1)
               Sort Key: s_1.a, s_1.b
               Presorted Key: s_1.a
               Sort Method: quicksort  Memory: 27kB
               Sort Groups: 4
               ->  Sort  (cost=828.39..853.39 rows=10000 width=20) (actual time=1.727..1.732 rows=132 loops=1)
                     Sort Key: s_1.a
                     Sort Method: quicksort  Memory: 1166kB
                     ->  Seq Scan on s_1  (cost=0.00..164.00 rows=10000 width=20) (actual time=0.004..0.579 rows=10000 loops=1)
 Planning time: 0.222 ms
 Execution time: 1.859 ms
(13 rows)

===== 362 [Wed Mar  7 01:58:36 CET 2018] scale:10000 groups:10000 work_mem:32MB incremental:on max_workers:0 =====
SELECT * FROM (SELECT * FROM s_2 ORDER BY a, b) foo ORDER BY a, b, c LIMIT 100
                                                           QUERY PLAN                                                           
--------------------------------------------------------------------------------------------------------------------------------
 Limit  (cost=832.45..832.45 rows=1 width=20) (actual time=1.875..1.875 rows=0 loops=1)
   ->  Limit  (cost=828.41..831.45 rows=100 width=20) (actual time=1.849..1.872 rows=100 loops=1)
         ->  Incremental Sort  (cost=828.41..1132.02 rows=10000 width=20) (actual time=1.849..1.866 rows=100 loops=1)
               Sort Key: s_2.a, s_2.b, s_2.c
               Presorted Key: s_2.a, s_2.b
               Sort Method: quicksort  Memory: 27kB
               Sort Groups: 4
               ->  Sort  (cost=828.39..853.39 rows=10000 width=20) (actual time=1.811..1.816 rows=129 loops=1)
                     Sort Key: s_2.a, s_2.b
                     Sort Method: quicksort  Memory: 1166kB
                     ->  Seq Scan on s_2  (cost=0.00..164.00 rows=10000 width=20) (actual time=0.008..0.582 rows=10000 loops=1)
 Planning time: 0.227 ms
 Execution time: 1.936 ms
(13 rows)

===== 363 [Wed Mar  7 01:58:36 CET 2018] scale:10000 groups:10000 work_mem:32MB incremental:on max_workers:0 =====
SELECT * FROM (SELECT * FROM s_3 ORDER BY a, b, c) foo ORDER BY a, b, c, d LIMIT 100
                                                           QUERY PLAN                                                           
--------------------------------------------------------------------------------------------------------------------------------
 Limit  (cost=832.45..832.45 rows=1 width=20) (actual time=1.915..1.915 rows=0 loops=1)
   ->  Limit  (cost=828.41..831.45 rows=100 width=20) (actual time=1.888..1.911 rows=100 loops=1)
         ->  Incremental Sort  (cost=828.41..1132.28 rows=10000 width=20) (actual time=1.887..1.905 rows=100 loops=1)
               Sort Key: s_3.a, s_3.b, s_3.c, s_3.d
               Presorted Key: s_3.a, s_3.b, s_3.c
               Sort Method: quicksort  Memory: 27kB
               Sort Groups: 4
               ->  Sort  (cost=828.39..853.39 rows=10000 width=20) (actual time=1.850..1.855 rows=129 loops=1)
                     Sort Key: s_3.a, s_3.b, s_3.c
                     Sort Method: quicksort  Memory: 1166kB
                     ->  Seq Scan on s_3  (cost=0.00..164.00 rows=10000 width=20) (actual time=0.007..0.580 rows=10000 loops=1)
 Planning time: 0.226 ms
 Execution time: 1.977 ms
(13 rows)

===== 364 [Wed Mar  7 01:58:36 CET 2018] scale:10000 groups:10000 work_mem:32MB incremental:on max_workers:0 =====
SELECT * FROM (SELECT * FROM s_4 ORDER BY a, b, c, d) foo ORDER BY a, b, c, d, e LIMIT 100
                                                           QUERY PLAN                                                           
--------------------------------------------------------------------------------------------------------------------------------
 Limit  (cost=832.45..832.45 rows=1 width=20) (actual time=1.918..1.918 rows=0 loops=1)
   ->  Limit  (cost=828.41..831.45 rows=100 width=20) (actual time=1.892..1.915 rows=100 loops=1)
         ->  Incremental Sort  (cost=828.41..1132.28 rows=10000 width=20) (actual time=1.891..1.909 rows=100 loops=1)
               Sort Key: s_4.a, s_4.b, s_4.c, s_4.d, s_4.e
               Presorted Key: s_4.a, s_4.b, s_4.c, s_4.d
               Sort Method: quicksort  Memory: 27kB
               Sort Groups: 4
               ->  Sort  (cost=828.39..853.39 rows=10000 width=20) (actual time=1.848..1.853 rows=129 loops=1)
                     Sort Key: s_4.a, s_4.b, s_4.c, s_4.d
                     Sort Method: quicksort  Memory: 1166kB
                     ->  Seq Scan on s_4  (cost=0.00..164.00 rows=10000 width=20) (actual time=0.004..0.579 rows=10000 loops=1)
 Planning time: 0.234 ms
 Execution time: 1.980 ms
(13 rows)

===== 365 [Wed Mar  7 01:58:36 CET 2018] scale:10000 groups:10000 work_mem:32MB incremental:off max_workers:0 =====
SELECT * FROM (SELECT * FROM s_1 ORDER BY a) foo ORDER BY a, b LIMIT 100
                                                           QUERY PLAN                                                           
--------------------------------------------------------------------------------------------------------------------------------
 Limit  (cost=1336.83..1336.83 rows=1 width=20) (actual time=2.776..2.776 rows=0 loops=1)
   ->  Limit  (cost=1335.58..1335.83 rows=100 width=20) (actual time=2.763..2.772 rows=100 loops=1)
         ->  Sort  (cost=1335.58..1360.58 rows=10000 width=20) (actual time=2.762..2.766 rows=100 loops=1)
               Sort Key: s_1.a, s_1.b
               Sort Method: top-N heapsort  Memory: 32kB
               ->  Sort  (cost=828.39..853.39 rows=10000 width=20) (actual time=1.721..2.060 rows=10000 loops=1)
                     Sort Key: s_1.a
                     Sort Method: quicksort  Memory: 1166kB
                     ->  Seq Scan on s_1  (cost=0.00..164.00 rows=10000 width=20) (actual time=0.004..0.576 rows=10000 loops=1)
 Planning time: 0.217 ms
 Execution time: 2.839 ms
(11 rows)

===== 366 [Wed Mar  7 01:58:36 CET 2018] scale:10000 groups:10000 work_mem:32MB incremental:off max_workers:0 =====
SELECT * FROM (SELECT * FROM s_2 ORDER BY a, b) foo ORDER BY a, b, c LIMIT 100
                                                           QUERY PLAN                                                           
--------------------------------------------------------------------------------------------------------------------------------
 Limit  (cost=1336.83..1336.83 rows=1 width=20) (actual time=2.850..2.850 rows=0 loops=1)
   ->  Limit  (cost=1335.58..1335.83 rows=100 width=20) (actual time=2.837..2.846 rows=100 loops=1)
         ->  Sort  (cost=1335.58..1360.58 rows=10000 width=20) (actual time=2.837..2.841 rows=100 loops=1)
               Sort Key: s_2.a, s_2.b, s_2.c
               Sort Method: top-N heapsort  Memory: 32kB
               ->  Sort  (cost=828.39..853.39 rows=10000 width=20) (actual time=1.797..2.133 rows=10000 loops=1)
                     Sort Key: s_2.a, s_2.b
                     Sort Method: quicksort  Memory: 1166kB
                     ->  Seq Scan on s_2  (cost=0.00..164.00 rows=10000 width=20) (actual time=0.007..0.578 rows=10000 loops=1)
 Planning time: 0.216 ms
 Execution time: 2.913 ms
(11 rows)

===== 367 [Wed Mar  7 01:58:36 CET 2018] scale:10000 groups:10000 work_mem:32MB incremental:off max_workers:0 =====
SELECT * FROM (SELECT * FROM s_3 ORDER BY a, b, c) foo ORDER BY a, b, c, d LIMIT 100
                                                           QUERY PLAN                                                           
--------------------------------------------------------------------------------------------------------------------------------
 Limit  (cost=1336.83..1336.83 rows=1 width=20) (actual time=2.936..2.936 rows=0 loops=1)
   ->  Limit  (cost=1335.58..1335.83 rows=100 width=20) (actual time=2.923..2.932 rows=100 loops=1)
         ->  Sort  (cost=1335.58..1360.58 rows=10000 width=20) (actual time=2.922..2.926 rows=100 loops=1)
               Sort Key: s_3.a, s_3.b, s_3.c, s_3.d
               Sort Method: top-N heapsort  Memory: 32kB
               ->  Sort  (cost=828.39..853.39 rows=10000 width=20) (actual time=1.842..2.182 rows=10000 loops=1)
                     Sort Key: s_3.a, s_3.b, s_3.c
                     Sort Method: quicksort  Memory: 1166kB
                     ->  Seq Scan on s_3  (cost=0.00..164.00 rows=10000 width=20) (actual time=0.007..0.577 rows=10000 loops=1)
 Planning time: 0.216 ms
 Execution time: 2.997 ms
(11 rows)

===== 368 [Wed Mar  7 01:58:36 CET 2018] scale:10000 groups:10000 work_mem:32MB incremental:off max_workers:0 =====
SELECT * FROM (SELECT * FROM s_4 ORDER BY a, b, c, d) foo ORDER BY a, b, c, d, e LIMIT 100
                                                           QUERY PLAN                                                           
--------------------------------------------------------------------------------------------------------------------------------
 Limit  (cost=1336.83..1336.83 rows=1 width=20) (actual time=2.935..2.935 rows=0 loops=1)
   ->  Limit  (cost=1335.58..1335.83 rows=100 width=20) (actual time=2.922..2.932 rows=100 loops=1)
         ->  Sort  (cost=1335.58..1360.58 rows=10000 width=20) (actual time=2.922..2.926 rows=100 loops=1)
               Sort Key: s_4.a, s_4.b, s_4.c, s_4.d, s_4.e
               Sort Method: top-N heapsort  Memory: 32kB
               ->  Sort  (cost=828.39..853.39 rows=10000 width=20) (actual time=1.836..2.175 rows=10000 loops=1)
                     Sort Key: s_4.a, s_4.b, s_4.c, s_4.d
                     Sort Method: quicksort  Memory: 1166kB
                     ->  Seq Scan on s_4  (cost=0.00..164.00 rows=10000 width=20) (actual time=0.004..0.568 rows=10000 loops=1)
 Planning time: 0.225 ms
 Execution time: 2.996 ms
(11 rows)

===== 369 [Wed Mar  7 01:58:36 CET 2018] scale:10000 groups:10000 work_mem:64MB incremental:on max_workers:0 =====
SELECT * FROM (SELECT * FROM s_1 ORDER BY a) foo ORDER BY a, b LIMIT 100
                                                           QUERY PLAN                                                           
--------------------------------------------------------------------------------------------------------------------------------
 Limit  (cost=832.44..832.44 rows=1 width=20) (actual time=1.797..1.797 rows=0 loops=1)
   ->  Limit  (cost=828.41..831.44 rows=100 width=20) (actual time=1.760..1.793 rows=100 loops=1)
         ->  Incremental Sort  (cost=828.41..1131.46 rows=10000 width=20) (actual time=1.760..1.787 rows=100 loops=1)
               Sort Key: s_1.a, s_1.b
               Presorted Key: s_1.a
               Sort Method: quicksort  Memory: 27kB
               Sort Groups: 4
               ->  Sort  (cost=828.39..853.39 rows=10000 width=20) (actual time=1.721..1.729 rows=132 loops=1)
                     Sort Key: s_1.a
                     Sort Method: quicksort  Memory: 1166kB
                     ->  Seq Scan on s_1  (cost=0.00..164.00 rows=10000 width=20) (actual time=0.004..0.588 rows=10000 loops=1)
 Planning time: 0.231 ms
 Execution time: 1.861 ms
(13 rows)

===== 370 [Wed Mar  7 01:58:36 CET 2018] scale:10000 groups:10000 work_mem:64MB incremental:on max_workers:0 =====
SELECT * FROM (SELECT * FROM s_2 ORDER BY a, b) foo ORDER BY a, b, c LIMIT 100
                                                           QUERY PLAN                                                           
--------------------------------------------------------------------------------------------------------------------------------
 Limit  (cost=832.45..832.45 rows=1 width=20) (actual time=1.876..1.876 rows=0 loops=1)
   ->  Limit  (cost=828.41..831.45 rows=100 width=20) (actual time=1.850..1.872 rows=100 loops=1)
         ->  Incremental Sort  (cost=828.41..1132.02 rows=10000 width=20) (actual time=1.850..1.866 rows=100 loops=1)
               Sort Key: s_2.a, s_2.b, s_2.c
               Presorted Key: s_2.a, s_2.b
               Sort Method: quicksort  Memory: 27kB
               Sort Groups: 4
               ->  Sort  (cost=828.39..853.39 rows=10000 width=20) (actual time=1.811..1.816 rows=129 loops=1)
                     Sort Key: s_2.a, s_2.b
                     Sort Method: quicksort  Memory: 1166kB
                     ->  Seq Scan on s_2  (cost=0.00..164.00 rows=10000 width=20) (actual time=0.008..0.583 rows=10000 loops=1)
 Planning time: 0.224 ms
 Execution time: 1.938 ms
(13 rows)

===== 371 [Wed Mar  7 01:58:36 CET 2018] scale:10000 groups:10000 work_mem:64MB incremental:on max_workers:0 =====
SELECT * FROM (SELECT * FROM s_3 ORDER BY a, b, c) foo ORDER BY a, b, c, d LIMIT 100
                                                           QUERY PLAN                                                           
--------------------------------------------------------------------------------------------------------------------------------
 Limit  (cost=832.45..832.45 rows=1 width=20) (actual time=1.913..1.913 rows=0 loops=1)
   ->  Limit  (cost=828.41..831.45 rows=100 width=20) (actual time=1.886..1.909 rows=100 loops=1)
         ->  Incremental Sort  (cost=828.41..1132.28 rows=10000 width=20) (actual time=1.886..1.903 rows=100 loops=1)
               Sort Key: s_3.a, s_3.b, s_3.c, s_3.d
               Presorted Key: s_3.a, s_3.b, s_3.c
               Sort Method: quicksort  Memory: 27kB
               Sort Groups: 4
               ->  Sort  (cost=828.39..853.39 rows=10000 width=20) (actual time=1.847..1.852 rows=129 loops=1)
                     Sort Key: s_3.a, s_3.b, s_3.c
                     Sort Method: quicksort  Memory: 1166kB
                     ->  Seq Scan on s_3  (cost=0.00..164.00 rows=10000 width=20) (actual time=0.007..0.583 rows=10000 loops=1)
 Planning time: 0.226 ms
 Execution time: 1.975 ms
(13 rows)

===== 372 [Wed Mar  7 01:58:37 CET 2018] scale:10000 groups:10000 work_mem:64MB incremental:on max_workers:0 =====
SELECT * FROM (SELECT * FROM s_4 ORDER BY a, b, c, d) foo ORDER BY a, b, c, d, e LIMIT 100
                                                           QUERY PLAN                                                           
--------------------------------------------------------------------------------------------------------------------------------
 Limit  (cost=832.45..832.45 rows=1 width=20) (actual time=1.906..1.906 rows=0 loops=1)
   ->  Limit  (cost=828.41..831.45 rows=100 width=20) (actual time=1.880..1.903 rows=100 loops=1)
         ->  Incremental Sort  (cost=828.41..1132.28 rows=10000 width=20) (actual time=1.879..1.897 rows=100 loops=1)
               Sort Key: s_4.a, s_4.b, s_4.c, s_4.d, s_4.e
               Presorted Key: s_4.a, s_4.b, s_4.c, s_4.d
               Sort Method: quicksort  Memory: 27kB
               Sort Groups: 4
               ->  Sort  (cost=828.39..853.39 rows=10000 width=20) (actual time=1.837..1.842 rows=129 loops=1)
                     Sort Key: s_4.a, s_4.b, s_4.c, s_4.d
                     Sort Method: quicksort  Memory: 1166kB
                     ->  Seq Scan on s_4  (cost=0.00..164.00 rows=10000 width=20) (actual time=0.004..0.573 rows=10000 loops=1)
 Planning time: 0.230 ms
 Execution time: 1.968 ms
(13 rows)

===== 373 [Wed Mar  7 01:58:37 CET 2018] scale:10000 groups:10000 work_mem:64MB incremental:off max_workers:0 =====
SELECT * FROM (SELECT * FROM s_1 ORDER BY a) foo ORDER BY a, b LIMIT 100
                                                           QUERY PLAN                                                           
--------------------------------------------------------------------------------------------------------------------------------
 Limit  (cost=1336.83..1336.83 rows=1 width=20) (actual time=2.773..2.773 rows=0 loops=1)
   ->  Limit  (cost=1335.58..1335.83 rows=100 width=20) (actual time=2.760..2.770 rows=100 loops=1)
         ->  Sort  (cost=1335.58..1360.58 rows=10000 width=20) (actual time=2.760..2.764 rows=100 loops=1)
               Sort Key: s_1.a, s_1.b
               Sort Method: top-N heapsort  Memory: 32kB
               ->  Sort  (cost=828.39..853.39 rows=10000 width=20) (actual time=1.717..2.052 rows=10000 loops=1)
                     Sort Key: s_1.a
                     Sort Method: quicksort  Memory: 1166kB
                     ->  Seq Scan on s_1  (cost=0.00..164.00 rows=10000 width=20) (actual time=0.004..0.578 rows=10000 loops=1)
 Planning time: 0.218 ms
 Execution time: 2.835 ms
(11 rows)

===== 374 [Wed Mar  7 01:58:37 CET 2018] scale:10000 groups:10000 work_mem:64MB incremental:off max_workers:0 =====
SELECT * FROM (SELECT * FROM s_2 ORDER BY a, b) foo ORDER BY a, b, c LIMIT 100
                                                           QUERY PLAN                                                           
--------------------------------------------------------------------------------------------------------------------------------
 Limit  (cost=1336.83..1336.83 rows=1 width=20) (actual time=2.850..2.850 rows=0 loops=1)
   ->  Limit  (cost=1335.58..1335.83 rows=100 width=20) (actual time=2.836..2.846 rows=100 loops=1)
         ->  Sort  (cost=1335.58..1360.58 rows=10000 width=20) (actual time=2.836..2.840 rows=100 loops=1)
               Sort Key: s_2.a, s_2.b, s_2.c
               Sort Method: top-N heapsort  Memory: 32kB
               ->  Sort  (cost=828.39..853.39 rows=10000 width=20) (actual time=1.795..2.131 rows=10000 loops=1)
                     Sort Key: s_2.a, s_2.b
                     Sort Method: quicksort  Memory: 1166kB
                     ->  Seq Scan on s_2  (cost=0.00..164.00 rows=10000 width=20) (actual time=0.007..0.579 rows=10000 loops=1)
 Planning time: 0.216 ms
 Execution time: 2.913 ms
(11 rows)

===== 375 [Wed Mar  7 01:58:37 CET 2018] scale:10000 groups:10000 work_mem:64MB incremental:off max_workers:0 =====
SELECT * FROM (SELECT * FROM s_3 ORDER BY a, b, c) foo ORDER BY a, b, c, d LIMIT 100
                                                           QUERY PLAN                                                           
--------------------------------------------------------------------------------------------------------------------------------
 Limit  (cost=1336.83..1336.83 rows=1 width=20) (actual time=2.968..2.968 rows=0 loops=1)
   ->  Limit  (cost=1335.58..1335.83 rows=100 width=20) (actual time=2.955..2.965 rows=100 loops=1)
         ->  Sort  (cost=1335.58..1360.58 rows=10000 width=20) (actual time=2.955..2.959 rows=100 loops=1)
               Sort Key: s_3.a, s_3.b, s_3.c, s_3.d
               Sort Method: top-N heapsort  Memory: 32kB
               ->  Sort  (cost=828.39..853.39 rows=10000 width=20) (actual time=1.845..2.187 rows=10000 loops=1)
                     Sort Key: s_3.a, s_3.b, s_3.c
                     Sort Method: quicksort  Memory: 1166kB
                     ->  Seq Scan on s_3  (cost=0.00..164.00 rows=10000 width=20) (actual time=0.007..0.582 rows=10000 loops=1)
 Planning time: 0.217 ms
 Execution time: 3.031 ms
(11 rows)

===== 376 [Wed Mar  7 01:58:37 CET 2018] scale:10000 groups:10000 work_mem:64MB incremental:off max_workers:0 =====
SELECT * FROM (SELECT * FROM s_4 ORDER BY a, b, c, d) foo ORDER BY a, b, c, d, e LIMIT 100
                                                           QUERY PLAN                                                           
--------------------------------------------------------------------------------------------------------------------------------
 Limit  (cost=1336.83..1336.83 rows=1 width=20) (actual time=2.947..2.947 rows=0 loops=1)
   ->  Limit  (cost=1335.58..1335.83 rows=100 width=20) (actual time=2.934..2.943 rows=100 loops=1)
         ->  Sort  (cost=1335.58..1360.58 rows=10000 width=20) (actual time=2.934..2.938 rows=100 loops=1)
               Sort Key: s_4.a, s_4.b, s_4.c, s_4.d, s_4.e
               Sort Method: top-N heapsort  Memory: 32kB
               ->  Sort  (cost=828.39..853.39 rows=10000 width=20) (actual time=1.839..2.183 rows=10000 loops=1)
                     Sort Key: s_4.a, s_4.b, s_4.c, s_4.d
                     Sort Method: quicksort  Memory: 1166kB
                     ->  Seq Scan on s_4  (cost=0.00..164.00 rows=10000 width=20) (actual time=0.004..0.571 rows=10000 loops=1)
 Planning time: 0.225 ms
 Execution time: 3.009 ms
(11 rows)

===== 377 [Wed Mar  7 01:58:37 CET 2018] scale:10000 groups:10000 work_mem:128MB incremental:on max_workers:0 =====
SELECT * FROM (SELECT * FROM s_1 ORDER BY a) foo ORDER BY a, b LIMIT 100
                                                           QUERY PLAN                                                           
--------------------------------------------------------------------------------------------------------------------------------
 Limit  (cost=832.44..832.44 rows=1 width=20) (actual time=1.795..1.795 rows=0 loops=1)
   ->  Limit  (cost=828.41..831.44 rows=100 width=20) (actual time=1.762..1.792 rows=100 loops=1)
         ->  Incremental Sort  (cost=828.41..1131.46 rows=10000 width=20) (actual time=1.762..1.786 rows=100 loops=1)
               Sort Key: s_1.a, s_1.b
               Presorted Key: s_1.a
               Sort Method: quicksort  Memory: 27kB
               Sort Groups: 4
               ->  Sort  (cost=828.39..853.39 rows=10000 width=20) (actual time=1.723..1.728 rows=132 loops=1)
                     Sort Key: s_1.a
                     Sort Method: quicksort  Memory: 1166kB
                     ->  Seq Scan on s_1  (cost=0.00..164.00 rows=10000 width=20) (actual time=0.004..0.586 rows=10000 loops=1)
 Planning time: 0.226 ms
 Execution time: 1.857 ms
(13 rows)

===== 378 [Wed Mar  7 01:58:37 CET 2018] scale:10000 groups:10000 work_mem:128MB incremental:on max_workers:0 =====
SELECT * FROM (SELECT * FROM s_2 ORDER BY a, b) foo ORDER BY a, b, c LIMIT 100
                                                           QUERY PLAN                                                           
--------------------------------------------------------------------------------------------------------------------------------
 Limit  (cost=832.45..832.45 rows=1 width=20) (actual time=1.870..1.870 rows=0 loops=1)
   ->  Limit  (cost=828.41..831.45 rows=100 width=20) (actual time=1.844..1.867 rows=100 loops=1)
         ->  Incremental Sort  (cost=828.41..1132.02 rows=10000 width=20) (actual time=1.844..1.861 rows=100 loops=1)
               Sort Key: s_2.a, s_2.b, s_2.c
               Presorted Key: s_2.a, s_2.b
               Sort Method: quicksort  Memory: 27kB
               Sort Groups: 4
               ->  Sort  (cost=828.39..853.39 rows=10000 width=20) (actual time=1.803..1.809 rows=129 loops=1)
                     Sort Key: s_2.a, s_2.b
                     Sort Method: quicksort  Memory: 1166kB
                     ->  Seq Scan on s_2  (cost=0.00..164.00 rows=10000 width=20) (actual time=0.008..0.581 rows=10000 loops=1)
 Planning time: 0.228 ms
 Execution time: 1.932 ms
(13 rows)

===== 379 [Wed Mar  7 01:58:37 CET 2018] scale:10000 groups:10000 work_mem:128MB incremental:on max_workers:0 =====
SELECT * FROM (SELECT * FROM s_3 ORDER BY a, b, c) foo ORDER BY a, b, c, d LIMIT 100
                                                           QUERY PLAN                                                           
--------------------------------------------------------------------------------------------------------------------------------
 Limit  (cost=832.45..832.45 rows=1 width=20) (actual time=1.914..1.914 rows=0 loops=1)
   ->  Limit  (cost=828.41..831.45 rows=100 width=20) (actual time=1.888..1.911 rows=100 loops=1)
         ->  Incremental Sort  (cost=828.41..1132.28 rows=10000 width=20) (actual time=1.887..1.904 rows=100 loops=1)
               Sort Key: s_3.a, s_3.b, s_3.c, s_3.d
               Presorted Key: s_3.a, s_3.b, s_3.c
               Sort Method: quicksort  Memory: 27kB
               Sort Groups: 4
               ->  Sort  (cost=828.39..853.39 rows=10000 width=20) (actual time=1.849..1.854 rows=129 loops=1)
                     Sort Key: s_3.a, s_3.b, s_3.c
                     Sort Method: quicksort  Memory: 1166kB
                     ->  Seq Scan on s_3  (cost=0.00..164.00 rows=10000 width=20) (actual time=0.007..0.576 rows=10000 loops=1)
 Planning time: 0.229 ms
 Execution time: 1.976 ms
(13 rows)

===== 380 [Wed Mar  7 01:58:37 CET 2018] scale:10000 groups:10000 work_mem:128MB incremental:on max_workers:0 =====
SELECT * FROM (SELECT * FROM s_4 ORDER BY a, b, c, d) foo ORDER BY a, b, c, d, e LIMIT 100
                                                           QUERY PLAN                                                           
--------------------------------------------------------------------------------------------------------------------------------
 Limit  (cost=832.45..832.45 rows=1 width=20) (actual time=1.917..1.917 rows=0 loops=1)
   ->  Limit  (cost=828.41..831.45 rows=100 width=20) (actual time=1.890..1.913 rows=100 loops=1)
         ->  Incremental Sort  (cost=828.41..1132.28 rows=10000 width=20) (actual time=1.890..1.907 rows=100 loops=1)
               Sort Key: s_4.a, s_4.b, s_4.c, s_4.d, s_4.e
               Presorted Key: s_4.a, s_4.b, s_4.c, s_4.d
               Sort Method: quicksort  Memory: 27kB
               Sort Groups: 4
               ->  Sort  (cost=828.39..853.39 rows=10000 width=20) (actual time=1.847..1.852 rows=129 loops=1)
                     Sort Key: s_4.a, s_4.b, s_4.c, s_4.d
                     Sort Method: quicksort  Memory: 1166kB
                     ->  Seq Scan on s_4  (cost=0.00..164.00 rows=10000 width=20) (actual time=0.004..0.571 rows=10000 loops=1)
 Planning time: 0.230 ms
 Execution time: 1.980 ms
(13 rows)

===== 381 [Wed Mar  7 01:58:37 CET 2018] scale:10000 groups:10000 work_mem:128MB incremental:off max_workers:0 =====
SELECT * FROM (SELECT * FROM s_1 ORDER BY a) foo ORDER BY a, b LIMIT 100
                                                           QUERY PLAN                                                           
--------------------------------------------------------------------------------------------------------------------------------
 Limit  (cost=1336.83..1336.83 rows=1 width=20) (actual time=2.764..2.764 rows=0 loops=1)
   ->  Limit  (cost=1335.58..1335.83 rows=100 width=20) (actual time=2.751..2.761 rows=100 loops=1)
         ->  Sort  (cost=1335.58..1360.58 rows=10000 width=20) (actual time=2.751..2.755 rows=100 loops=1)
               Sort Key: s_1.a, s_1.b
               Sort Method: top-N heapsort  Memory: 32kB
               ->  Sort  (cost=828.39..853.39 rows=10000 width=20) (actual time=1.713..2.047 rows=10000 loops=1)
                     Sort Key: s_1.a
                     Sort Method: quicksort  Memory: 1166kB
                     ->  Seq Scan on s_1  (cost=0.00..164.00 rows=10000 width=20) (actual time=0.004..0.581 rows=10000 loops=1)
 Planning time: 0.220 ms
 Execution time: 2.826 ms
(11 rows)

===== 382 [Wed Mar  7 01:58:37 CET 2018] scale:10000 groups:10000 work_mem:128MB incremental:off max_workers:0 =====
SELECT * FROM (SELECT * FROM s_2 ORDER BY a, b) foo ORDER BY a, b, c LIMIT 100
                                                           QUERY PLAN                                                           
--------------------------------------------------------------------------------------------------------------------------------
 Limit  (cost=1336.83..1336.83 rows=1 width=20) (actual time=2.859..2.859 rows=0 loops=1)
   ->  Limit  (cost=1335.58..1335.83 rows=100 width=20) (actual time=2.846..2.855 rows=100 loops=1)
         ->  Sort  (cost=1335.58..1360.58 rows=10000 width=20) (actual time=2.845..2.849 rows=100 loops=1)
               Sort Key: s_2.a, s_2.b, s_2.c
               Sort Method: top-N heapsort  Memory: 32kB
               ->  Sort  (cost=828.39..853.39 rows=10000 width=20) (actual time=1.806..2.141 rows=10000 loops=1)
                     Sort Key: s_2.a, s_2.b
                     Sort Method: quicksort  Memory: 1166kB
                     ->  Seq Scan on s_2  (cost=0.00..164.00 rows=10000 width=20) (actual time=0.009..0.589 rows=10000 loops=1)
 Planning time: 0.215 ms
 Execution time: 2.922 ms
(11 rows)

===== 383 [Wed Mar  7 01:58:37 CET 2018] scale:10000 groups:10000 work_mem:128MB incremental:off max_workers:0 =====
SELECT * FROM (SELECT * FROM s_3 ORDER BY a, b, c) foo ORDER BY a, b, c, d LIMIT 100
                                                           QUERY PLAN                                                           
--------------------------------------------------------------------------------------------------------------------------------
 Limit  (cost=1336.83..1336.83 rows=1 width=20) (actual time=2.967..2.967 rows=0 loops=1)
   ->  Limit  (cost=1335.58..1335.83 rows=100 width=20) (actual time=2.954..2.963 rows=100 loops=1)
         ->  Sort  (cost=1335.58..1360.58 rows=10000 width=20) (actual time=2.953..2.957 rows=100 loops=1)
               Sort Key: s_3.a, s_3.b, s_3.c, s_3.d
               Sort Method: top-N heapsort  Memory: 32kB
               ->  Sort  (cost=828.39..853.39 rows=10000 width=20) (actual time=1.837..2.186 rows=10000 loops=1)
                     Sort Key: s_3.a, s_3.b, s_3.c
                     Sort Method: quicksort  Memory: 1166kB
                     ->  Seq Scan on s_3  (cost=0.00..164.00 rows=10000 width=20) (actual time=0.007..0.574 rows=10000 loops=1)
 Planning time: 0.216 ms
 Execution time: 3.035 ms
(11 rows)

===== 384 [Wed Mar  7 01:58:38 CET 2018] scale:10000 groups:10000 work_mem:128MB incremental:off max_workers:0 =====
SELECT * FROM (SELECT * FROM s_4 ORDER BY a, b, c, d) foo ORDER BY a, b, c, d, e LIMIT 100
                                                           QUERY PLAN                                                           
--------------------------------------------------------------------------------------------------------------------------------
 Limit  (cost=1336.83..1336.83 rows=1 width=20) (actual time=2.950..2.950 rows=0 loops=1)
   ->  Limit  (cost=1335.58..1335.83 rows=100 width=20) (actual time=2.937..2.947 rows=100 loops=1)
         ->  Sort  (cost=1335.58..1360.58 rows=10000 width=20) (actual time=2.937..2.941 rows=100 loops=1)
               Sort Key: s_4.a, s_4.b, s_4.c, s_4.d, s_4.e
               Sort Method: top-N heapsort  Memory: 32kB
               ->  Sort  (cost=828.39..853.39 rows=10000 width=20) (actual time=1.836..2.178 rows=10000 loops=1)
                     Sort Key: s_4.a, s_4.b, s_4.c, s_4.d
                     Sort Method: quicksort  Memory: 1166kB
                     ->  Seq Scan on s_4  (cost=0.00..164.00 rows=10000 width=20) (actual time=0.004..0.572 rows=10000 loops=1)
 Planning time: 0.223 ms
 Execution time: 3.012 ms
(11 rows)

===== 385 [Wed Mar  7 01:58:38 CET 2018] scale:10000 groups:10000 work_mem:256MB incremental:on max_workers:0 =====
SELECT * FROM (SELECT * FROM s_1 ORDER BY a) foo ORDER BY a, b LIMIT 100
                                                           QUERY PLAN                                                           
--------------------------------------------------------------------------------------------------------------------------------
 Limit  (cost=832.44..832.44 rows=1 width=20) (actual time=1.794..1.794 rows=0 loops=1)
   ->  Limit  (cost=828.41..831.44 rows=100 width=20) (actual time=1.761..1.791 rows=100 loops=1)
         ->  Incremental Sort  (cost=828.41..1131.46 rows=10000 width=20) (actual time=1.761..1.785 rows=100 loops=1)
               Sort Key: s_1.a, s_1.b
               Presorted Key: s_1.a
               Sort Method: quicksort  Memory: 27kB
               Sort Groups: 4
               ->  Sort  (cost=828.39..853.39 rows=10000 width=20) (actual time=1.722..1.727 rows=132 loops=1)
                     Sort Key: s_1.a
                     Sort Method: quicksort  Memory: 1166kB
                     ->  Seq Scan on s_1  (cost=0.00..164.00 rows=10000 width=20) (actual time=0.004..0.586 rows=10000 loops=1)
 Planning time: 0.224 ms
 Execution time: 1.857 ms
(13 rows)

===== 386 [Wed Mar  7 01:58:38 CET 2018] scale:10000 groups:10000 work_mem:256MB incremental:on max_workers:0 =====
SELECT * FROM (SELECT * FROM s_2 ORDER BY a, b) foo ORDER BY a, b, c LIMIT 100
                                                           QUERY PLAN                                                           
--------------------------------------------------------------------------------------------------------------------------------
 Limit  (cost=832.45..832.45 rows=1 width=20) (actual time=1.867..1.867 rows=0 loops=1)
   ->  Limit  (cost=828.41..831.45 rows=100 width=20) (actual time=1.841..1.863 rows=100 loops=1)
         ->  Incremental Sort  (cost=828.41..1132.02 rows=10000 width=20) (actual time=1.841..1.857 rows=100 loops=1)
               Sort Key: s_2.a, s_2.b, s_2.c
               Presorted Key: s_2.a, s_2.b
               Sort Method: quicksort  Memory: 27kB
               Sort Groups: 4
               ->  Sort  (cost=828.39..853.39 rows=10000 width=20) (actual time=1.803..1.808 rows=129 loops=1)
                     Sort Key: s_2.a, s_2.b
                     Sort Method: quicksort  Memory: 1166kB
                     ->  Seq Scan on s_2  (cost=0.00..164.00 rows=10000 width=20) (actual time=0.007..0.590 rows=10000 loops=1)
 Planning time: 0.224 ms
 Execution time: 1.929 ms
(13 rows)

===== 387 [Wed Mar  7 01:58:38 CET 2018] scale:10000 groups:10000 work_mem:256MB incremental:on max_workers:0 =====
SELECT * FROM (SELECT * FROM s_3 ORDER BY a, b, c) foo ORDER BY a, b, c, d LIMIT 100
                                                           QUERY PLAN                                                           
--------------------------------------------------------------------------------------------------------------------------------
 Limit  (cost=832.45..832.45 rows=1 width=20) (actual time=1.915..1.915 rows=0 loops=1)
   ->  Limit  (cost=828.41..831.45 rows=100 width=20) (actual time=1.888..1.911 rows=100 loops=1)
         ->  Incremental Sort  (cost=828.41..1132.28 rows=10000 width=20) (actual time=1.888..1.905 rows=100 loops=1)
               Sort Key: s_3.a, s_3.b, s_3.c, s_3.d
               Presorted Key: s_3.a, s_3.b, s_3.c
               Sort Method: quicksort  Memory: 27kB
               Sort Groups: 4
               ->  Sort  (cost=828.39..853.39 rows=10000 width=20) (actual time=1.850..1.855 rows=129 loops=1)
                     Sort Key: s_3.a, s_3.b, s_3.c
                     Sort Method: quicksort  Memory: 1166kB
                     ->  Seq Scan on s_3  (cost=0.00..164.00 rows=10000 width=20) (actual time=0.008..0.578 rows=10000 loops=1)
 Planning time: 0.225 ms
 Execution time: 1.975 ms
(13 rows)

===== 388 [Wed Mar  7 01:58:38 CET 2018] scale:10000 groups:10000 work_mem:256MB incremental:on max_workers:0 =====
SELECT * FROM (SELECT * FROM s_4 ORDER BY a, b, c, d) foo ORDER BY a, b, c, d, e LIMIT 100
                                                           QUERY PLAN                                                           
--------------------------------------------------------------------------------------------------------------------------------
 Limit  (cost=832.45..832.45 rows=1 width=20) (actual time=1.907..1.907 rows=0 loops=1)
   ->  Limit  (cost=828.41..831.45 rows=100 width=20) (actual time=1.880..1.903 rows=100 loops=1)
         ->  Incremental Sort  (cost=828.41..1132.28 rows=10000 width=20) (actual time=1.880..1.897 rows=100 loops=1)
               Sort Key: s_4.a, s_4.b, s_4.c, s_4.d, s_4.e
               Presorted Key: s_4.a, s_4.b, s_4.c, s_4.d
               Sort Method: quicksort  Memory: 27kB
               Sort Groups: 4
               ->  Sort  (cost=828.39..853.39 rows=10000 width=20) (actual time=1.837..1.843 rows=129 loops=1)
                     Sort Key: s_4.a, s_4.b, s_4.c, s_4.d
                     Sort Method: quicksort  Memory: 1166kB
                     ->  Seq Scan on s_4  (cost=0.00..164.00 rows=10000 width=20) (actual time=0.004..0.575 rows=10000 loops=1)
 Planning time: 0.229 ms
 Execution time: 1.967 ms
(13 rows)

===== 389 [Wed Mar  7 01:58:38 CET 2018] scale:10000 groups:10000 work_mem:256MB incremental:off max_workers:0 =====
SELECT * FROM (SELECT * FROM s_1 ORDER BY a) foo ORDER BY a, b LIMIT 100
                                                           QUERY PLAN                                                           
--------------------------------------------------------------------------------------------------------------------------------
 Limit  (cost=1336.83..1336.83 rows=1 width=20) (actual time=2.766..2.766 rows=0 loops=1)
   ->  Limit  (cost=1335.58..1335.83 rows=100 width=20) (actual time=2.753..2.763 rows=100 loops=1)
         ->  Sort  (cost=1335.58..1360.58 rows=10000 width=20) (actual time=2.753..2.757 rows=100 loops=1)
               Sort Key: s_1.a, s_1.b
               Sort Method: top-N heapsort  Memory: 32kB
               ->  Sort  (cost=828.39..853.39 rows=10000 width=20) (actual time=1.711..2.046 rows=10000 loops=1)
                     Sort Key: s_1.a
                     Sort Method: quicksort  Memory: 1166kB
                     ->  Seq Scan on s_1  (cost=0.00..164.00 rows=10000 width=20) (actual time=0.004..0.576 rows=10000 loops=1)
 Planning time: 0.232 ms
 Execution time: 2.831 ms
(11 rows)

===== 390 [Wed Mar  7 01:58:38 CET 2018] scale:10000 groups:10000 work_mem:256MB incremental:off max_workers:0 =====
SELECT * FROM (SELECT * FROM s_2 ORDER BY a, b) foo ORDER BY a, b, c LIMIT 100
                                                           QUERY PLAN                                                           
--------------------------------------------------------------------------------------------------------------------------------
 Limit  (cost=1336.83..1336.83 rows=1 width=20) (actual time=2.852..2.852 rows=0 loops=1)
   ->  Limit  (cost=1335.58..1335.83 rows=100 width=20) (actual time=2.839..2.848 rows=100 loops=1)
         ->  Sort  (cost=1335.58..1360.58 rows=10000 width=20) (actual time=2.839..2.842 rows=100 loops=1)
               Sort Key: s_2.a, s_2.b, s_2.c
               Sort Method: top-N heapsort  Memory: 32kB
               ->  Sort  (cost=828.39..853.39 rows=10000 width=20) (actual time=1.800..2.135 rows=10000 loops=1)
                     Sort Key: s_2.a, s_2.b
                     Sort Method: quicksort  Memory: 1166kB
                     ->  Seq Scan on s_2  (cost=0.00..164.00 rows=10000 width=20) (actual time=0.007..0.578 rows=10000 loops=1)
 Planning time: 0.217 ms
 Execution time: 2.914 ms
(11 rows)

===== 391 [Wed Mar  7 01:58:38 CET 2018] scale:10000 groups:10000 work_mem:256MB incremental:off max_workers:0 =====
SELECT * FROM (SELECT * FROM s_3 ORDER BY a, b, c) foo ORDER BY a, b, c, d LIMIT 100
                                                           QUERY PLAN                                                           
--------------------------------------------------------------------------------------------------------------------------------
 Limit  (cost=1336.83..1336.83 rows=1 width=20) (actual time=2.941..2.941 rows=0 loops=1)
   ->  Limit  (cost=1335.58..1335.83 rows=100 width=20) (actual time=2.928..2.937 rows=100 loops=1)
         ->  Sort  (cost=1335.58..1360.58 rows=10000 width=20) (actual time=2.927..2.931 rows=100 loops=1)
               Sort Key: s_3.a, s_3.b, s_3.c, s_3.d
               Sort Method: top-N heapsort  Memory: 32kB
               ->  Sort  (cost=828.39..853.39 rows=10000 width=20) (actual time=1.837..2.175 rows=10000 loops=1)
                     Sort Key: s_3.a, s_3.b, s_3.c
                     Sort Method: quicksort  Memory: 1166kB
                     ->  Seq Scan on s_3  (cost=0.00..164.00 rows=10000 width=20) (actual time=0.008..0.572 rows=10000 loops=1)
 Planning time: 0.225 ms
 Execution time: 3.004 ms
(11 rows)

===== 392 [Wed Mar  7 01:58:38 CET 2018] scale:10000 groups:10000 work_mem:256MB incremental:off max_workers:0 =====
SELECT * FROM (SELECT * FROM s_4 ORDER BY a, b, c, d) foo ORDER BY a, b, c, d, e LIMIT 100
                                                           QUERY PLAN                                                           
--------------------------------------------------------------------------------------------------------------------------------
 Limit  (cost=1336.83..1336.83 rows=1 width=20) (actual time=2.976..2.976 rows=0 loops=1)
   ->  Limit  (cost=1335.58..1335.83 rows=100 width=20) (actual time=2.963..2.973 rows=100 loops=1)
         ->  Sort  (cost=1335.58..1360.58 rows=10000 width=20) (actual time=2.963..2.967 rows=100 loops=1)
               Sort Key: s_4.a, s_4.b, s_4.c, s_4.d, s_4.e
               Sort Method: top-N heapsort  Memory: 32kB
               ->  Sort  (cost=828.39..853.39 rows=10000 width=20) (actual time=1.843..2.191 rows=10000 loops=1)
                     Sort Key: s_4.a, s_4.b, s_4.c, s_4.d
                     Sort Method: quicksort  Memory: 1166kB
                     ->  Seq Scan on s_4  (cost=0.00..164.00 rows=10000 width=20) (actual time=0.004..0.568 rows=10000 loops=1)
 Planning time: 0.226 ms
 Execution time: 3.038 ms
(11 rows)

===== 393 [Wed Mar  7 01:58:38 CET 2018] scale:10000 groups:10000 work_mem:4MB incremental:on max_workers:2 =====
SELECT * FROM (SELECT * FROM s_1 ORDER BY a) foo ORDER BY a, b LIMIT 100
                                                           QUERY PLAN                                                           
--------------------------------------------------------------------------------------------------------------------------------
 Limit  (cost=832.44..832.44 rows=1 width=20) (actual time=1.799..1.799 rows=0 loops=1)
   ->  Limit  (cost=828.41..831.44 rows=100 width=20) (actual time=1.760..1.790 rows=100 loops=1)
         ->  Incremental Sort  (cost=828.41..1131.46 rows=10000 width=20) (actual time=1.760..1.784 rows=100 loops=1)
               Sort Key: s_1.a, s_1.b
               Presorted Key: s_1.a
               Sort Method: quicksort  Memory: 27kB
               Sort Groups: 4
               ->  Sort  (cost=828.39..853.39 rows=10000 width=20) (actual time=1.721..1.726 rows=132 loops=1)
                     Sort Key: s_1.a
                     Sort Method: quicksort  Memory: 1166kB
                     ->  Seq Scan on s_1  (cost=0.00..164.00 rows=10000 width=20) (actual time=0.004..0.579 rows=10000 loops=1)
 Planning time: 0.234 ms
 Execution time: 1.863 ms
(13 rows)

===== 394 [Wed Mar  7 01:58:38 CET 2018] scale:10000 groups:10000 work_mem:4MB incremental:on max_workers:2 =====
SELECT * FROM (SELECT * FROM s_2 ORDER BY a, b) foo ORDER BY a, b, c LIMIT 100
                                                           QUERY PLAN                                                           
--------------------------------------------------------------------------------------------------------------------------------
 Limit  (cost=832.45..832.45 rows=1 width=20) (actual time=1.865..1.865 rows=0 loops=1)
   ->  Limit  (cost=828.41..831.45 rows=100 width=20) (actual time=1.839..1.861 rows=100 loops=1)
         ->  Incremental Sort  (cost=828.41..1132.02 rows=10000 width=20) (actual time=1.839..1.855 rows=100 loops=1)
               Sort Key: s_2.a, s_2.b, s_2.c
               Presorted Key: s_2.a, s_2.b
               Sort Method: quicksort  Memory: 27kB
               Sort Groups: 4
               ->  Sort  (cost=828.39..853.39 rows=10000 width=20) (actual time=1.801..1.807 rows=129 loops=1)
                     Sort Key: s_2.a, s_2.b
                     Sort Method: quicksort  Memory: 1166kB
                     ->  Seq Scan on s_2  (cost=0.00..164.00 rows=10000 width=20) (actual time=0.007..0.584 rows=10000 loops=1)
 Planning time: 0.235 ms
 Execution time: 1.932 ms
(13 rows)

===== 395 [Wed Mar  7 01:58:38 CET 2018] scale:10000 groups:10000 work_mem:4MB incremental:on max_workers:2 =====
SELECT * FROM (SELECT * FROM s_3 ORDER BY a, b, c) foo ORDER BY a, b, c, d LIMIT 100
                                                           QUERY PLAN                                                           
--------------------------------------------------------------------------------------------------------------------------------
 Limit  (cost=832.45..832.45 rows=1 width=20) (actual time=1.914..1.914 rows=0 loops=1)
   ->  Limit  (cost=828.41..831.45 rows=100 width=20) (actual time=1.888..1.911 rows=100 loops=1)
         ->  Incremental Sort  (cost=828.41..1132.28 rows=10000 width=20) (actual time=1.888..1.905 rows=100 loops=1)
               Sort Key: s_3.a, s_3.b, s_3.c, s_3.d
               Presorted Key: s_3.a, s_3.b, s_3.c
               Sort Method: quicksort  Memory: 27kB
               Sort Groups: 4
               ->  Sort  (cost=828.39..853.39 rows=10000 width=20) (actual time=1.849..1.854 rows=129 loops=1)
                     Sort Key: s_3.a, s_3.b, s_3.c
                     Sort Method: quicksort  Memory: 1166kB
                     ->  Seq Scan on s_3  (cost=0.00..164.00 rows=10000 width=20) (actual time=0.007..0.582 rows=10000 loops=1)
 Planning time: 0.227 ms
 Execution time: 1.975 ms
(13 rows)

===== 396 [Wed Mar  7 01:58:39 CET 2018] scale:10000 groups:10000 work_mem:4MB incremental:on max_workers:2 =====
SELECT * FROM (SELECT * FROM s_4 ORDER BY a, b, c, d) foo ORDER BY a, b, c, d, e LIMIT 100
                                                           QUERY PLAN                                                           
--------------------------------------------------------------------------------------------------------------------------------
 Limit  (cost=832.45..832.45 rows=1 width=20) (actual time=1.913..1.913 rows=0 loops=1)
   ->  Limit  (cost=828.41..831.45 rows=100 width=20) (actual time=1.886..1.909 rows=100 loops=1)
         ->  Incremental Sort  (cost=828.41..1132.28 rows=10000 width=20) (actual time=1.886..1.903 rows=100 loops=1)
               Sort Key: s_4.a, s_4.b, s_4.c, s_4.d, s_4.e
               Presorted Key: s_4.a, s_4.b, s_4.c, s_4.d
               Sort Method: quicksort  Memory: 27kB
               Sort Groups: 4
               ->  Sort  (cost=828.39..853.39 rows=10000 width=20) (actual time=1.836..1.841 rows=129 loops=1)
                     Sort Key: s_4.a, s_4.b, s_4.c, s_4.d
                     Sort Method: quicksort  Memory: 1166kB
                     ->  Seq Scan on s_4  (cost=0.00..164.00 rows=10000 width=20) (actual time=0.004..0.570 rows=10000 loops=1)
 Planning time: 0.235 ms
 Execution time: 1.975 ms
(13 rows)

===== 397 [Wed Mar  7 01:58:39 CET 2018] scale:10000 groups:10000 work_mem:4MB incremental:off max_workers:2 =====
SELECT * FROM (SELECT * FROM s_1 ORDER BY a) foo ORDER BY a, b LIMIT 100
                                                           QUERY PLAN                                                           
--------------------------------------------------------------------------------------------------------------------------------
 Limit  (cost=1336.83..1336.83 rows=1 width=20) (actual time=2.769..2.769 rows=0 loops=1)
   ->  Limit  (cost=1335.58..1335.83 rows=100 width=20) (actual time=2.756..2.766 rows=100 loops=1)
         ->  Sort  (cost=1335.58..1360.58 rows=10000 width=20) (actual time=2.756..2.760 rows=100 loops=1)
               Sort Key: s_1.a, s_1.b
               Sort Method: top-N heapsort  Memory: 32kB
               ->  Sort  (cost=828.39..853.39 rows=10000 width=20) (actual time=1.713..2.048 rows=10000 loops=1)
                     Sort Key: s_1.a
                     Sort Method: quicksort  Memory: 1166kB
                     ->  Seq Scan on s_1  (cost=0.00..164.00 rows=10000 width=20) (actual time=0.004..0.574 rows=10000 loops=1)
 Planning time: 0.220 ms
 Execution time: 2.838 ms
(11 rows)

===== 398 [Wed Mar  7 01:58:39 CET 2018] scale:10000 groups:10000 work_mem:4MB incremental:off max_workers:2 =====
SELECT * FROM (SELECT * FROM s_2 ORDER BY a, b) foo ORDER BY a, b, c LIMIT 100
                                                           QUERY PLAN                                                           
--------------------------------------------------------------------------------------------------------------------------------
 Limit  (cost=1336.83..1336.83 rows=1 width=20) (actual time=2.855..2.855 rows=0 loops=1)
   ->  Limit  (cost=1335.58..1335.83 rows=100 width=20) (actual time=2.842..2.852 rows=100 loops=1)
         ->  Sort  (cost=1335.58..1360.58 rows=10000 width=20) (actual time=2.842..2.846 rows=100 loops=1)
               Sort Key: s_2.a, s_2.b, s_2.c
               Sort Method: top-N heapsort  Memory: 32kB
               ->  Sort  (cost=828.39..853.39 rows=10000 width=20) (actual time=1.802..2.137 rows=10000 loops=1)
                     Sort Key: s_2.a, s_2.b
                     Sort Method: quicksort  Memory: 1166kB
                     ->  Seq Scan on s_2  (cost=0.00..164.00 rows=10000 width=20) (actual time=0.007..0.578 rows=10000 loops=1)
 Planning time: 0.218 ms
 Execution time: 2.918 ms
(11 rows)

===== 399 [Wed Mar  7 01:58:39 CET 2018] scale:10000 groups:10000 work_mem:4MB incremental:off max_workers:2 =====
SELECT * FROM (SELECT * FROM s_3 ORDER BY a, b, c) foo ORDER BY a, b, c, d LIMIT 100
                                                           QUERY PLAN                                                           
--------------------------------------------------------------------------------------------------------------------------------
 Limit  (cost=1336.83..1336.83 rows=1 width=20) (actual time=2.965..2.965 rows=0 loops=1)
   ->  Limit  (cost=1335.58..1335.83 rows=100 width=20) (actual time=2.952..2.961 rows=100 loops=1)
         ->  Sort  (cost=1335.58..1360.58 rows=10000 width=20) (actual time=2.952..2.956 rows=100 loops=1)
               Sort Key: s_3.a, s_3.b, s_3.c, s_3.d
               Sort Method: top-N heapsort  Memory: 32kB
               ->  Sort  (cost=828.39..853.39 rows=10000 width=20) (actual time=1.848..2.190 rows=10000 loops=1)
                     Sort Key: s_3.a, s_3.b, s_3.c
                     Sort Method: quicksort  Memory: 1166kB
                     ->  Seq Scan on s_3  (cost=0.00..164.00 rows=10000 width=20) (actual time=0.007..0.578 rows=10000 loops=1)
 Planning time: 0.224 ms
 Execution time: 3.027 ms
(11 rows)

===== 400 [Wed Mar  7 01:58:39 CET 2018] scale:10000 groups:10000 work_mem:4MB incremental:off max_workers:2 =====
SELECT * FROM (SELECT * FROM s_4 ORDER BY a, b, c, d) foo ORDER BY a, b, c, d, e LIMIT 100
                                                           QUERY PLAN                                                           
--------------------------------------------------------------------------------------------------------------------------------
 Limit  (cost=1336.83..1336.83 rows=1 width=20) (actual time=2.973..2.973 rows=0 loops=1)
   ->  Limit  (cost=1335.58..1335.83 rows=100 width=20) (actual time=2.960..2.970 rows=100 loops=1)
         ->  Sort  (cost=1335.58..1360.58 rows=10000 width=20) (actual time=2.960..2.964 rows=100 loops=1)
               Sort Key: s_4.a, s_4.b, s_4.c, s_4.d, s_4.e
               Sort Method: top-N heapsort  Memory: 32kB
               ->  Sort  (cost=828.39..853.39 rows=10000 width=20) (actual time=1.841..2.183 rows=10000 loops=1)
                     Sort Key: s_4.a, s_4.b, s_4.c, s_4.d
                     Sort Method: quicksort  Memory: 1166kB
                     ->  Seq Scan on s_4  (cost=0.00..164.00 rows=10000 width=20) (actual time=0.004..0.568 rows=10000 loops=1)
 Planning time: 0.233 ms
 Execution time: 3.036 ms
(11 rows)

===== 401 [Wed Mar  7 01:58:39 CET 2018] scale:10000 groups:10000 work_mem:8MB incremental:on max_workers:2 =====
SELECT * FROM (SELECT * FROM s_1 ORDER BY a) foo ORDER BY a, b LIMIT 100
                                                           QUERY PLAN                                                           
--------------------------------------------------------------------------------------------------------------------------------
 Limit  (cost=832.44..832.44 rows=1 width=20) (actual time=1.796..1.796 rows=0 loops=1)
   ->  Limit  (cost=828.41..831.44 rows=100 width=20) (actual time=1.763..1.793 rows=100 loops=1)
         ->  Incremental Sort  (cost=828.41..1131.46 rows=10000 width=20) (actual time=1.763..1.787 rows=100 loops=1)
               Sort Key: s_1.a, s_1.b
               Presorted Key: s_1.a
               Sort Method: quicksort  Memory: 27kB
               Sort Groups: 4
               ->  Sort  (cost=828.39..853.39 rows=10000 width=20) (actual time=1.724..1.730 rows=132 loops=1)
                     Sort Key: s_1.a
                     Sort Method: quicksort  Memory: 1166kB
                     ->  Seq Scan on s_1  (cost=0.00..164.00 rows=10000 width=20) (actual time=0.004..0.581 rows=10000 loops=1)
 Planning time: 0.229 ms
 Execution time: 1.857 ms
(13 rows)

===== 402 [Wed Mar  7 01:58:39 CET 2018] scale:10000 groups:10000 work_mem:8MB incremental:on max_workers:2 =====
SELECT * FROM (SELECT * FROM s_2 ORDER BY a, b) foo ORDER BY a, b, c LIMIT 100
                                                           QUERY PLAN                                                           
--------------------------------------------------------------------------------------------------------------------------------
 Limit  (cost=832.45..832.45 rows=1 width=20) (actual time=1.866..1.866 rows=0 loops=1)
   ->  Limit  (cost=828.41..831.45 rows=100 width=20) (actual time=1.840..1.862 rows=100 loops=1)
         ->  Incremental Sort  (cost=828.41..1132.02 rows=10000 width=20) (actual time=1.839..1.856 rows=100 loops=1)
               Sort Key: s_2.a, s_2.b, s_2.c
               Presorted Key: s_2.a, s_2.b
               Sort Method: quicksort  Memory: 27kB
               Sort Groups: 4
               ->  Sort  (cost=828.39..853.39 rows=10000 width=20) (actual time=1.801..1.807 rows=129 loops=1)
                     Sort Key: s_2.a, s_2.b
                     Sort Method: quicksort  Memory: 1166kB
                     ->  Seq Scan on s_2  (cost=0.00..164.00 rows=10000 width=20) (actual time=0.007..0.584 rows=10000 loops=1)
 Planning time: 0.225 ms
 Execution time: 1.928 ms
(13 rows)

===== 403 [Wed Mar  7 01:58:39 CET 2018] scale:10000 groups:10000 work_mem:8MB incremental:on max_workers:2 =====
SELECT * FROM (SELECT * FROM s_3 ORDER BY a, b, c) foo ORDER BY a, b, c, d LIMIT 100
                                                           QUERY PLAN                                                           
--------------------------------------------------------------------------------------------------------------------------------
 Limit  (cost=832.45..832.45 rows=1 width=20) (actual time=1.917..1.917 rows=0 loops=1)
   ->  Limit  (cost=828.41..831.45 rows=100 width=20) (actual time=1.890..1.913 rows=100 loops=1)
         ->  Incremental Sort  (cost=828.41..1132.28 rows=10000 width=20) (actual time=1.890..1.907 rows=100 loops=1)
               Sort Key: s_3.a, s_3.b, s_3.c, s_3.d
               Presorted Key: s_3.a, s_3.b, s_3.c
               Sort Method: quicksort  Memory: 27kB
               Sort Groups: 4
               ->  Sort  (cost=828.39..853.39 rows=10000 width=20) (actual time=1.851..1.856 rows=129 loops=1)
                     Sort Key: s_3.a, s_3.b, s_3.c
                     Sort Method: quicksort  Memory: 1166kB
                     ->  Seq Scan on s_3  (cost=0.00..164.00 rows=10000 width=20) (actual time=0.008..0.581 rows=10000 loops=1)
 Planning time: 0.239 ms
 Execution time: 1.978 ms
(13 rows)

===== 404 [Wed Mar  7 01:58:39 CET 2018] scale:10000 groups:10000 work_mem:8MB incremental:on max_workers:2 =====
SELECT * FROM (SELECT * FROM s_4 ORDER BY a, b, c, d) foo ORDER BY a, b, c, d, e LIMIT 100
                                                           QUERY PLAN                                                           
--------------------------------------------------------------------------------------------------------------------------------
 Limit  (cost=832.45..832.45 rows=1 width=20) (actual time=1.916..1.916 rows=0 loops=1)
   ->  Limit  (cost=828.41..831.45 rows=100 width=20) (actual time=1.890..1.913 rows=100 loops=1)
         ->  Incremental Sort  (cost=828.41..1132.28 rows=10000 width=20) (actual time=1.889..1.907 rows=100 loops=1)
               Sort Key: s_4.a, s_4.b, s_4.c, s_4.d, s_4.e
               Presorted Key: s_4.a, s_4.b, s_4.c, s_4.d
               Sort Method: quicksort  Memory: 27kB
               Sort Groups: 4
               ->  Sort  (cost=828.39..853.39 rows=10000 width=20) (actual time=1.846..1.851 rows=129 loops=1)
                     Sort Key: s_4.a, s_4.b, s_4.c, s_4.d
                     Sort Method: quicksort  Memory: 1166kB
                     ->  Seq Scan on s_4  (cost=0.00..164.00 rows=10000 width=20) (actual time=0.004..0.575 rows=10000 loops=1)
 Planning time: 0.235 ms
 Execution time: 1.976 ms
(13 rows)

===== 405 [Wed Mar  7 01:58:39 CET 2018] scale:10000 groups:10000 work_mem:8MB incremental:off max_workers:2 =====
SELECT * FROM (SELECT * FROM s_1 ORDER BY a) foo ORDER BY a, b LIMIT 100
                                                           QUERY PLAN                                                           
--------------------------------------------------------------------------------------------------------------------------------
 Limit  (cost=1336.83..1336.83 rows=1 width=20) (actual time=2.761..2.761 rows=0 loops=1)
   ->  Limit  (cost=1335.58..1335.83 rows=100 width=20) (actual time=2.748..2.757 rows=100 loops=1)
         ->  Sort  (cost=1335.58..1360.58 rows=10000 width=20) (actual time=2.748..2.751 rows=100 loops=1)
               Sort Key: s_1.a, s_1.b
               Sort Method: top-N heapsort  Memory: 32kB
               ->  Sort  (cost=828.39..853.39 rows=10000 width=20) (actual time=1.710..2.045 rows=10000 loops=1)
                     Sort Key: s_1.a
                     Sort Method: quicksort  Memory: 1166kB
                     ->  Seq Scan on s_1  (cost=0.00..164.00 rows=10000 width=20) (actual time=0.004..0.580 rows=10000 loops=1)
 Planning time: 0.218 ms
 Execution time: 2.826 ms
(11 rows)

===== 406 [Wed Mar  7 01:58:39 CET 2018] scale:10000 groups:10000 work_mem:8MB incremental:off max_workers:2 =====
SELECT * FROM (SELECT * FROM s_2 ORDER BY a, b) foo ORDER BY a, b, c LIMIT 100
                                                           QUERY PLAN                                                           
--------------------------------------------------------------------------------------------------------------------------------
 Limit  (cost=1336.83..1336.83 rows=1 width=20) (actual time=2.853..2.853 rows=0 loops=1)
   ->  Limit  (cost=1335.58..1335.83 rows=100 width=20) (actual time=2.840..2.850 rows=100 loops=1)
         ->  Sort  (cost=1335.58..1360.58 rows=10000 width=20) (actual time=2.840..2.844 rows=100 loops=1)
               Sort Key: s_2.a, s_2.b, s_2.c
               Sort Method: top-N heapsort  Memory: 32kB
               ->  Sort  (cost=828.39..853.39 rows=10000 width=20) (actual time=1.800..2.135 rows=10000 loops=1)
                     Sort Key: s_2.a, s_2.b
                     Sort Method: quicksort  Memory: 1166kB
                     ->  Seq Scan on s_2  (cost=0.00..164.00 rows=10000 width=20) (actual time=0.007..0.583 rows=10000 loops=1)
 Planning time: 0.221 ms
 Execution time: 2.916 ms
(11 rows)

===== 407 [Wed Mar  7 01:58:39 CET 2018] scale:10000 groups:10000 work_mem:8MB incremental:off max_workers:2 =====
SELECT * FROM (SELECT * FROM s_3 ORDER BY a, b, c) foo ORDER BY a, b, c, d LIMIT 100
                                                           QUERY PLAN                                                           
--------------------------------------------------------------------------------------------------------------------------------
 Limit  (cost=1336.83..1336.83 rows=1 width=20) (actual time=2.956..2.956 rows=0 loops=1)
   ->  Limit  (cost=1335.58..1335.83 rows=100 width=20) (actual time=2.943..2.952 rows=100 loops=1)
         ->  Sort  (cost=1335.58..1360.58 rows=10000 width=20) (actual time=2.943..2.946 rows=100 loops=1)
               Sort Key: s_3.a, s_3.b, s_3.c, s_3.d
               Sort Method: top-N heapsort  Memory: 32kB
               ->  Sort  (cost=828.39..853.39 rows=10000 width=20) (actual time=1.843..2.186 rows=10000 loops=1)
                     Sort Key: s_3.a, s_3.b, s_3.c
                     Sort Method: quicksort  Memory: 1166kB
                     ->  Seq Scan on s_3  (cost=0.00..164.00 rows=10000 width=20) (actual time=0.008..0.574 rows=10000 loops=1)
 Planning time: 0.221 ms
 Execution time: 3.018 ms
(11 rows)

===== 408 [Wed Mar  7 01:58:39 CET 2018] scale:10000 groups:10000 work_mem:8MB incremental:off max_workers:2 =====
SELECT * FROM (SELECT * FROM s_4 ORDER BY a, b, c, d) foo ORDER BY a, b, c, d, e LIMIT 100
                                                           QUERY PLAN                                                           
--------------------------------------------------------------------------------------------------------------------------------
 Limit  (cost=1336.83..1336.83 rows=1 width=20) (actual time=2.946..2.946 rows=0 loops=1)
   ->  Limit  (cost=1335.58..1335.83 rows=100 width=20) (actual time=2.933..2.942 rows=100 loops=1)
         ->  Sort  (cost=1335.58..1360.58 rows=10000 width=20) (actual time=2.933..2.936 rows=100 loops=1)
               Sort Key: s_4.a, s_4.b, s_4.c, s_4.d, s_4.e
               Sort Method: top-N heapsort  Memory: 32kB
               ->  Sort  (cost=828.39..853.39 rows=10000 width=20) (actual time=1.841..2.179 rows=10000 loops=1)
                     Sort Key: s_4.a, s_4.b, s_4.c, s_4.d
                     Sort Method: quicksort  Memory: 1166kB
                     ->  Seq Scan on s_4  (cost=0.00..164.00 rows=10000 width=20) (actual time=0.004..0.580 rows=10000 loops=1)
 Planning time: 0.230 ms
 Execution time: 3.006 ms
(11 rows)

===== 409 [Wed Mar  7 01:58:40 CET 2018] scale:10000 groups:10000 work_mem:16MB incremental:on max_workers:2 =====
SELECT * FROM (SELECT * FROM s_1 ORDER BY a) foo ORDER BY a, b LIMIT 100
                                                           QUERY PLAN                                                           
--------------------------------------------------------------------------------------------------------------------------------
 Limit  (cost=832.44..832.44 rows=1 width=20) (actual time=1.795..1.795 rows=0 loops=1)
   ->  Limit  (cost=828.41..831.44 rows=100 width=20) (actual time=1.762..1.791 rows=100 loops=1)
         ->  Incremental Sort  (cost=828.41..1131.46 rows=10000 width=20) (actual time=1.762..1.785 rows=100 loops=1)
               Sort Key: s_1.a, s_1.b
               Presorted Key: s_1.a
               Sort Method: quicksort  Memory: 27kB
               Sort Groups: 4
               ->  Sort  (cost=828.39..853.39 rows=10000 width=20) (actual time=1.724..1.729 rows=132 loops=1)
                     Sort Key: s_1.a
                     Sort Method: quicksort  Memory: 1166kB
                     ->  Seq Scan on s_1  (cost=0.00..164.00 rows=10000 width=20) (actual time=0.004..0.579 rows=10000 loops=1)
 Planning time: 0.226 ms
 Execution time: 1.857 ms
(13 rows)

===== 410 [Wed Mar  7 01:58:40 CET 2018] scale:10000 groups:10000 work_mem:16MB incremental:on max_workers:2 =====
SELECT * FROM (SELECT * FROM s_2 ORDER BY a, b) foo ORDER BY a, b, c LIMIT 100
                                                           QUERY PLAN                                                           
--------------------------------------------------------------------------------------------------------------------------------
 Limit  (cost=832.45..832.45 rows=1 width=20) (actual time=1.875..1.875 rows=0 loops=1)
   ->  Limit  (cost=828.41..831.45 rows=100 width=20) (actual time=1.849..1.871 rows=100 loops=1)
         ->  Incremental Sort  (cost=828.41..1132.02 rows=10000 width=20) (actual time=1.849..1.865 rows=100 loops=1)
               Sort Key: s_2.a, s_2.b, s_2.c
               Presorted Key: s_2.a, s_2.b
               Sort Method: quicksort  Memory: 27kB
               Sort Groups: 4
               ->  Sort  (cost=828.39..853.39 rows=10000 width=20) (actual time=1.811..1.817 rows=129 loops=1)
                     Sort Key: s_2.a, s_2.b
                     Sort Method: quicksort  Memory: 1166kB
                     ->  Seq Scan on s_2  (cost=0.00..164.00 rows=10000 width=20) (actual time=0.007..0.583 rows=10000 loops=1)
 Planning time: 0.225 ms
 Execution time: 1.935 ms
(13 rows)

===== 411 [Wed Mar  7 01:58:40 CET 2018] scale:10000 groups:10000 work_mem:16MB incremental:on max_workers:2 =====
SELECT * FROM (SELECT * FROM s_3 ORDER BY a, b, c) foo ORDER BY a, b, c, d LIMIT 100
                                                           QUERY PLAN                                                           
--------------------------------------------------------------------------------------------------------------------------------
 Limit  (cost=832.45..832.45 rows=1 width=20) (actual time=1.926..1.926 rows=0 loops=1)
   ->  Limit  (cost=828.41..831.45 rows=100 width=20) (actual time=1.899..1.922 rows=100 loops=1)
         ->  Incremental Sort  (cost=828.41..1132.28 rows=10000 width=20) (actual time=1.899..1.916 rows=100 loops=1)
               Sort Key: s_3.a, s_3.b, s_3.c, s_3.d
               Presorted Key: s_3.a, s_3.b, s_3.c
               Sort Method: quicksort  Memory: 27kB
               Sort Groups: 4
               ->  Sort  (cost=828.39..853.39 rows=10000 width=20) (actual time=1.861..1.866 rows=129 loops=1)
                     Sort Key: s_3.a, s_3.b, s_3.c
                     Sort Method: quicksort  Memory: 1166kB
                     ->  Seq Scan on s_3  (cost=0.00..164.00 rows=10000 width=20) (actual time=0.008..0.577 rows=10000 loops=1)
 Planning time: 0.230 ms
 Execution time: 1.988 ms
(13 rows)

===== 412 [Wed Mar  7 01:58:40 CET 2018] scale:10000 groups:10000 work_mem:16MB incremental:on max_workers:2 =====
SELECT * FROM (SELECT * FROM s_4 ORDER BY a, b, c, d) foo ORDER BY a, b, c, d, e LIMIT 100
                                                           QUERY PLAN                                                           
--------------------------------------------------------------------------------------------------------------------------------
 Limit  (cost=832.45..832.45 rows=1 width=20) (actual time=1.914..1.914 rows=0 loops=1)
   ->  Limit  (cost=828.41..831.45 rows=100 width=20) (actual time=1.887..1.910 rows=100 loops=1)
         ->  Incremental Sort  (cost=828.41..1132.28 rows=10000 width=20) (actual time=1.887..1.904 rows=100 loops=1)
               Sort Key: s_4.a, s_4.b, s_4.c, s_4.d, s_4.e
               Presorted Key: s_4.a, s_4.b, s_4.c, s_4.d
               Sort Method: quicksort  Memory: 27kB
               Sort Groups: 4
               ->  Sort  (cost=828.39..853.39 rows=10000 width=20) (actual time=1.844..1.849 rows=129 loops=1)
                     Sort Key: s_4.a, s_4.b, s_4.c, s_4.d
                     Sort Method: quicksort  Memory: 1166kB
                     ->  Seq Scan on s_4  (cost=0.00..164.00 rows=10000 width=20) (actual time=0.004..0.575 rows=10000 loops=1)
 Planning time: 0.237 ms
 Execution time: 1.975 ms
(13 rows)

===== 413 [Wed Mar  7 01:58:40 CET 2018] scale:10000 groups:10000 work_mem:16MB incremental:off max_workers:2 =====
SELECT * FROM (SELECT * FROM s_1 ORDER BY a) foo ORDER BY a, b LIMIT 100
                                                           QUERY PLAN                                                           
--------------------------------------------------------------------------------------------------------------------------------
 Limit  (cost=1336.83..1336.83 rows=1 width=20) (actual time=2.765..2.765 rows=0 loops=1)
   ->  Limit  (cost=1335.58..1335.83 rows=100 width=20) (actual time=2.752..2.761 rows=100 loops=1)
         ->  Sort  (cost=1335.58..1360.58 rows=10000 width=20) (actual time=2.752..2.755 rows=100 loops=1)
               Sort Key: s_1.a, s_1.b
               Sort Method: top-N heapsort  Memory: 32kB
               ->  Sort  (cost=828.39..853.39 rows=10000 width=20) (actual time=1.713..2.048 rows=10000 loops=1)
                     Sort Key: s_1.a
                     Sort Method: quicksort  Memory: 1166kB
                     ->  Seq Scan on s_1  (cost=0.00..164.00 rows=10000 width=20) (actual time=0.004..0.576 rows=10000 loops=1)
 Planning time: 0.220 ms
 Execution time: 2.827 ms
(11 rows)

===== 414 [Wed Mar  7 01:58:40 CET 2018] scale:10000 groups:10000 work_mem:16MB incremental:off max_workers:2 =====
SELECT * FROM (SELECT * FROM s_2 ORDER BY a, b) foo ORDER BY a, b, c LIMIT 100
                                                           QUERY PLAN                                                           
--------------------------------------------------------------------------------------------------------------------------------
 Limit  (cost=1336.83..1336.83 rows=1 width=20) (actual time=2.856..2.856 rows=0 loops=1)
   ->  Limit  (cost=1335.58..1335.83 rows=100 width=20) (actual time=2.843..2.853 rows=100 loops=1)
         ->  Sort  (cost=1335.58..1360.58 rows=10000 width=20) (actual time=2.843..2.847 rows=100 loops=1)
               Sort Key: s_2.a, s_2.b, s_2.c
               Sort Method: top-N heapsort  Memory: 32kB
               ->  Sort  (cost=828.39..853.39 rows=10000 width=20) (actual time=1.800..2.136 rows=10000 loops=1)
                     Sort Key: s_2.a, s_2.b
                     Sort Method: quicksort  Memory: 1166kB
                     ->  Seq Scan on s_2  (cost=0.00..164.00 rows=10000 width=20) (actual time=0.007..0.585 rows=10000 loops=1)
 Planning time: 0.221 ms
 Execution time: 2.917 ms
(11 rows)

===== 415 [Wed Mar  7 01:58:40 CET 2018] scale:10000 groups:10000 work_mem:16MB incremental:off max_workers:2 =====
SELECT * FROM (SELECT * FROM s_3 ORDER BY a, b, c) foo ORDER BY a, b, c, d LIMIT 100
                                                           QUERY PLAN                                                           
--------------------------------------------------------------------------------------------------------------------------------
 Limit  (cost=1336.83..1336.83 rows=1 width=20) (actual time=2.952..2.952 rows=0 loops=1)
   ->  Limit  (cost=1335.58..1335.83 rows=100 width=20) (actual time=2.939..2.948 rows=100 loops=1)
         ->  Sort  (cost=1335.58..1360.58 rows=10000 width=20) (actual time=2.938..2.942 rows=100 loops=1)
               Sort Key: s_3.a, s_3.b, s_3.c, s_3.d
               Sort Method: top-N heapsort  Memory: 32kB
               ->  Sort  (cost=828.39..853.39 rows=10000 width=20) (actual time=1.845..2.186 rows=10000 loops=1)
                     Sort Key: s_3.a, s_3.b, s_3.c
                     Sort Method: quicksort  Memory: 1166kB
                     ->  Seq Scan on s_3  (cost=0.00..164.00 rows=10000 width=20) (actual time=0.007..0.574 rows=10000 loops=1)
 Planning time: 0.225 ms
 Execution time: 3.017 ms
(11 rows)

===== 416 [Wed Mar  7 01:58:40 CET 2018] scale:10000 groups:10000 work_mem:16MB incremental:off max_workers:2 =====
SELECT * FROM (SELECT * FROM s_4 ORDER BY a, b, c, d) foo ORDER BY a, b, c, d, e LIMIT 100
                                                           QUERY PLAN                                                           
--------------------------------------------------------------------------------------------------------------------------------
 Limit  (cost=1336.83..1336.83 rows=1 width=20) (actual time=2.950..2.950 rows=0 loops=1)
   ->  Limit  (cost=1335.58..1335.83 rows=100 width=20) (actual time=2.937..2.947 rows=100 loops=1)
         ->  Sort  (cost=1335.58..1360.58 rows=10000 width=20) (actual time=2.937..2.941 rows=100 loops=1)
               Sort Key: s_4.a, s_4.b, s_4.c, s_4.d, s_4.e
               Sort Method: top-N heapsort  Memory: 32kB
               ->  Sort  (cost=828.39..853.39 rows=10000 width=20) (actual time=1.835..2.176 rows=10000 loops=1)
                     Sort Key: s_4.a, s_4.b, s_4.c, s_4.d
                     Sort Method: quicksort  Memory: 1166kB
                     ->  Seq Scan on s_4  (cost=0.00..164.00 rows=10000 width=20) (actual time=0.004..0.576 rows=10000 loops=1)
 Planning time: 0.227 ms
 Execution time: 3.011 ms
(11 rows)

===== 417 [Wed Mar  7 01:58:40 CET 2018] scale:10000 groups:10000 work_mem:32MB incremental:on max_workers:2 =====
SELECT * FROM (SELECT * FROM s_1 ORDER BY a) foo ORDER BY a, b LIMIT 100
                                                           QUERY PLAN                                                           
--------------------------------------------------------------------------------------------------------------------------------
 Limit  (cost=832.44..832.44 rows=1 width=20) (actual time=1.794..1.794 rows=0 loops=1)
   ->  Limit  (cost=828.41..831.44 rows=100 width=20) (actual time=1.757..1.786 rows=100 loops=1)
         ->  Incremental Sort  (cost=828.41..1131.46 rows=10000 width=20) (actual time=1.757..1.780 rows=100 loops=1)
               Sort Key: s_1.a, s_1.b
               Presorted Key: s_1.a
               Sort Method: quicksort  Memory: 27kB
               Sort Groups: 4
               ->  Sort  (cost=828.39..853.39 rows=10000 width=20) (actual time=1.715..1.721 rows=132 loops=1)
                     Sort Key: s_1.a
                     Sort Method: quicksort  Memory: 1166kB
                     ->  Seq Scan on s_1  (cost=0.00..164.00 rows=10000 width=20) (actual time=0.004..0.583 rows=10000 loops=1)
 Planning time: 0.228 ms
 Execution time: 1.856 ms
(13 rows)

===== 418 [Wed Mar  7 01:58:40 CET 2018] scale:10000 groups:10000 work_mem:32MB incremental:on max_workers:2 =====
SELECT * FROM (SELECT * FROM s_2 ORDER BY a, b) foo ORDER BY a, b, c LIMIT 100
                                                           QUERY PLAN                                                           
--------------------------------------------------------------------------------------------------------------------------------
 Limit  (cost=832.45..832.45 rows=1 width=20) (actual time=1.871..1.871 rows=0 loops=1)
   ->  Limit  (cost=828.41..831.45 rows=100 width=20) (actual time=1.846..1.868 rows=100 loops=1)
         ->  Incremental Sort  (cost=828.41..1132.02 rows=10000 width=20) (actual time=1.845..1.862 rows=100 loops=1)
               Sort Key: s_2.a, s_2.b, s_2.c
               Presorted Key: s_2.a, s_2.b
               Sort Method: quicksort  Memory: 27kB
               Sort Groups: 4
               ->  Sort  (cost=828.39..853.39 rows=10000 width=20) (actual time=1.806..1.812 rows=129 loops=1)
                     Sort Key: s_2.a, s_2.b
                     Sort Method: quicksort  Memory: 1166kB
                     ->  Seq Scan on s_2  (cost=0.00..164.00 rows=10000 width=20) (actual time=0.008..0.581 rows=10000 loops=1)
 Planning time: 0.227 ms
 Execution time: 1.933 ms
(13 rows)

===== 419 [Wed Mar  7 01:58:40 CET 2018] scale:10000 groups:10000 work_mem:32MB incremental:on max_workers:2 =====
SELECT * FROM (SELECT * FROM s_3 ORDER BY a, b, c) foo ORDER BY a, b, c, d LIMIT 100
                                                           QUERY PLAN                                                           
--------------------------------------------------------------------------------------------------------------------------------
 Limit  (cost=832.45..832.45 rows=1 width=20) (actual time=1.916..1.916 rows=0 loops=1)
   ->  Limit  (cost=828.41..831.45 rows=100 width=20) (actual time=1.890..1.913 rows=100 loops=1)
         ->  Incremental Sort  (cost=828.41..1132.28 rows=10000 width=20) (actual time=1.890..1.907 rows=100 loops=1)
               Sort Key: s_3.a, s_3.b, s_3.c, s_3.d
               Presorted Key: s_3.a, s_3.b, s_3.c
               Sort Method: quicksort  Memory: 27kB
               Sort Groups: 4
               ->  Sort  (cost=828.39..853.39 rows=10000 width=20) (actual time=1.850..1.855 rows=129 loops=1)
                     Sort Key: s_3.a, s_3.b, s_3.c
                     Sort Method: quicksort  Memory: 1166kB
                     ->  Seq Scan on s_3  (cost=0.00..164.00 rows=10000 width=20) (actual time=0.008..0.576 rows=10000 loops=1)
 Planning time: 0.231 ms
 Execution time: 1.979 ms
(13 rows)

===== 420 [Wed Mar  7 01:58:40 CET 2018] scale:10000 groups:10000 work_mem:32MB incremental:on max_workers:2 =====
SELECT * FROM (SELECT * FROM s_4 ORDER BY a, b, c, d) foo ORDER BY a, b, c, d, e LIMIT 100
                                                           QUERY PLAN                                                           
--------------------------------------------------------------------------------------------------------------------------------
 Limit  (cost=832.45..832.45 rows=1 width=20) (actual time=1.911..1.911 rows=0 loops=1)
   ->  Limit  (cost=828.41..831.45 rows=100 width=20) (actual time=1.885..1.907 rows=100 loops=1)
         ->  Incremental Sort  (cost=828.41..1132.28 rows=10000 width=20) (actual time=1.884..1.902 rows=100 loops=1)
               Sort Key: s_4.a, s_4.b, s_4.c, s_4.d, s_4.e
               Presorted Key: s_4.a, s_4.b, s_4.c, s_4.d
               Sort Method: quicksort  Memory: 27kB
               Sort Groups: 4
               ->  Sort  (cost=828.39..853.39 rows=10000 width=20) (actual time=1.842..1.847 rows=129 loops=1)
                     Sort Key: s_4.a, s_4.b, s_4.c, s_4.d
                     Sort Method: quicksort  Memory: 1166kB
                     ->  Seq Scan on s_4  (cost=0.00..164.00 rows=10000 width=20) (actual time=0.004..0.573 rows=10000 loops=1)
 Planning time: 0.236 ms
 Execution time: 1.972 ms
(13 rows)

===== 421 [Wed Mar  7 01:58:41 CET 2018] scale:10000 groups:10000 work_mem:32MB incremental:off max_workers:2 =====
SELECT * FROM (SELECT * FROM s_1 ORDER BY a) foo ORDER BY a, b LIMIT 100
                                                           QUERY PLAN                                                           
--------------------------------------------------------------------------------------------------------------------------------
 Limit  (cost=1336.83..1336.83 rows=1 width=20) (actual time=2.772..2.772 rows=0 loops=1)
   ->  Limit  (cost=1335.58..1335.83 rows=100 width=20) (actual time=2.758..2.768 rows=100 loops=1)
         ->  Sort  (cost=1335.58..1360.58 rows=10000 width=20) (actual time=2.758..2.762 rows=100 loops=1)
               Sort Key: s_1.a, s_1.b
               Sort Method: top-N heapsort  Memory: 32kB
               ->  Sort  (cost=828.39..853.39 rows=10000 width=20) (actual time=1.717..2.056 rows=10000 loops=1)
                     Sort Key: s_1.a
                     Sort Method: quicksort  Memory: 1166kB
                     ->  Seq Scan on s_1  (cost=0.00..164.00 rows=10000 width=20) (actual time=0.004..0.580 rows=10000 loops=1)
 Planning time: 0.220 ms
 Execution time: 2.835 ms
(11 rows)

===== 422 [Wed Mar  7 01:58:41 CET 2018] scale:10000 groups:10000 work_mem:32MB incremental:off max_workers:2 =====
SELECT * FROM (SELECT * FROM s_2 ORDER BY a, b) foo ORDER BY a, b, c LIMIT 100
                                                           QUERY PLAN                                                           
--------------------------------------------------------------------------------------------------------------------------------
 Limit  (cost=1336.83..1336.83 rows=1 width=20) (actual time=2.855..2.855 rows=0 loops=1)
   ->  Limit  (cost=1335.58..1335.83 rows=100 width=20) (actual time=2.841..2.851 rows=100 loops=1)
         ->  Sort  (cost=1335.58..1360.58 rows=10000 width=20) (actual time=2.841..2.845 rows=100 loops=1)
               Sort Key: s_2.a, s_2.b, s_2.c
               Sort Method: top-N heapsort  Memory: 32kB
               ->  Sort  (cost=828.39..853.39 rows=10000 width=20) (actual time=1.804..2.139 rows=10000 loops=1)
                     Sort Key: s_2.a, s_2.b
                     Sort Method: quicksort  Memory: 1166kB
                     ->  Seq Scan on s_2  (cost=0.00..164.00 rows=10000 width=20) (actual time=0.007..0.579 rows=10000 loops=1)
 Planning time: 0.225 ms
 Execution time: 2.919 ms
(11 rows)

===== 423 [Wed Mar  7 01:58:41 CET 2018] scale:10000 groups:10000 work_mem:32MB incremental:off max_workers:2 =====
SELECT * FROM (SELECT * FROM s_3 ORDER BY a, b, c) foo ORDER BY a, b, c, d LIMIT 100
                                                           QUERY PLAN                                                           
--------------------------------------------------------------------------------------------------------------------------------
 Limit  (cost=1336.83..1336.83 rows=1 width=20) (actual time=2.955..2.955 rows=0 loops=1)
   ->  Limit  (cost=1335.58..1335.83 rows=100 width=20) (actual time=2.942..2.951 rows=100 loops=1)
         ->  Sort  (cost=1335.58..1360.58 rows=10000 width=20) (actual time=2.941..2.945 rows=100 loops=1)
               Sort Key: s_3.a, s_3.b, s_3.c, s_3.d
               Sort Method: top-N heapsort  Memory: 32kB
               ->  Sort  (cost=828.39..853.39 rows=10000 width=20) (actual time=1.851..2.190 rows=10000 loops=1)
                     Sort Key: s_3.a, s_3.b, s_3.c
                     Sort Method: quicksort  Memory: 1166kB
                     ->  Seq Scan on s_3  (cost=0.00..164.00 rows=10000 width=20) (actual time=0.007..0.574 rows=10000 loops=1)
 Planning time: 0.220 ms
 Execution time: 3.018 ms
(11 rows)

===== 424 [Wed Mar  7 01:58:41 CET 2018] scale:10000 groups:10000 work_mem:32MB incremental:off max_workers:2 =====
SELECT * FROM (SELECT * FROM s_4 ORDER BY a, b, c, d) foo ORDER BY a, b, c, d, e LIMIT 100
                                                           QUERY PLAN                                                           
--------------------------------------------------------------------------------------------------------------------------------
 Limit  (cost=1336.83..1336.83 rows=1 width=20) (actual time=2.957..2.957 rows=0 loops=1)
   ->  Limit  (cost=1335.58..1335.83 rows=100 width=20) (actual time=2.944..2.954 rows=100 loops=1)
         ->  Sort  (cost=1335.58..1360.58 rows=10000 width=20) (actual time=2.944..2.948 rows=100 loops=1)
               Sort Key: s_4.a, s_4.b, s_4.c, s_4.d, s_4.e
               Sort Method: top-N heapsort  Memory: 32kB
               ->  Sort  (cost=828.39..853.39 rows=10000 width=20) (actual time=1.837..2.178 rows=10000 loops=1)
                     Sort Key: s_4.a, s_4.b, s_4.c, s_4.d
                     Sort Method: quicksort  Memory: 1166kB
                     ->  Seq Scan on s_4  (cost=0.00..164.00 rows=10000 width=20) (actual time=0.004..0.568 rows=10000 loops=1)
 Planning time: 0.230 ms
 Execution time: 3.023 ms
(11 rows)

===== 425 [Wed Mar  7 01:58:41 CET 2018] scale:10000 groups:10000 work_mem:64MB incremental:on max_workers:2 =====
SELECT * FROM (SELECT * FROM s_1 ORDER BY a) foo ORDER BY a, b LIMIT 100
                                                           QUERY PLAN                                                           
--------------------------------------------------------------------------------------------------------------------------------
 Limit  (cost=832.44..832.44 rows=1 width=20) (actual time=1.805..1.805 rows=0 loops=1)
   ->  Limit  (cost=828.41..831.44 rows=100 width=20) (actual time=1.772..1.802 rows=100 loops=1)
         ->  Incremental Sort  (cost=828.41..1131.46 rows=10000 width=20) (actual time=1.772..1.796 rows=100 loops=1)
               Sort Key: s_1.a, s_1.b
               Presorted Key: s_1.a
               Sort Method: quicksort  Memory: 27kB
               Sort Groups: 4
               ->  Sort  (cost=828.39..853.39 rows=10000 width=20) (actual time=1.734..1.739 rows=132 loops=1)
                     Sort Key: s_1.a
                     Sort Method: quicksort  Memory: 1166kB
                     ->  Seq Scan on s_1  (cost=0.00..164.00 rows=10000 width=20) (actual time=0.004..0.579 rows=10000 loops=1)
 Planning time: 0.229 ms
 Execution time: 1.867 ms
(13 rows)

===== 426 [Wed Mar  7 01:58:41 CET 2018] scale:10000 groups:10000 work_mem:64MB incremental:on max_workers:2 =====
SELECT * FROM (SELECT * FROM s_2 ORDER BY a, b) foo ORDER BY a, b, c LIMIT 100
                                                           QUERY PLAN                                                           
--------------------------------------------------------------------------------------------------------------------------------
 Limit  (cost=832.45..832.45 rows=1 width=20) (actual time=1.875..1.875 rows=0 loops=1)
   ->  Limit  (cost=828.41..831.45 rows=100 width=20) (actual time=1.849..1.872 rows=100 loops=1)
         ->  Incremental Sort  (cost=828.41..1132.02 rows=10000 width=20) (actual time=1.849..1.866 rows=100 loops=1)
               Sort Key: s_2.a, s_2.b, s_2.c
               Presorted Key: s_2.a, s_2.b
               Sort Method: quicksort  Memory: 27kB
               Sort Groups: 4
               ->  Sort  (cost=828.39..853.39 rows=10000 width=20) (actual time=1.811..1.817 rows=129 loops=1)
                     Sort Key: s_2.a, s_2.b
                     Sort Method: quicksort  Memory: 1166kB
                     ->  Seq Scan on s_2  (cost=0.00..164.00 rows=10000 width=20) (actual time=0.007..0.582 rows=10000 loops=1)
 Planning time: 0.227 ms
 Execution time: 1.938 ms
(13 rows)

===== 427 [Wed Mar  7 01:58:41 CET 2018] scale:10000 groups:10000 work_mem:64MB incremental:on max_workers:2 =====
SELECT * FROM (SELECT * FROM s_3 ORDER BY a, b, c) foo ORDER BY a, b, c, d LIMIT 100
                                                           QUERY PLAN                                                           
--------------------------------------------------------------------------------------------------------------------------------
 Limit  (cost=832.45..832.45 rows=1 width=20) (actual time=1.911..1.911 rows=0 loops=1)
   ->  Limit  (cost=828.41..831.45 rows=100 width=20) (actual time=1.884..1.907 rows=100 loops=1)
         ->  Incremental Sort  (cost=828.41..1132.28 rows=10000 width=20) (actual time=1.884..1.901 rows=100 loops=1)
               Sort Key: s_3.a, s_3.b, s_3.c, s_3.d
               Presorted Key: s_3.a, s_3.b, s_3.c
               Sort Method: quicksort  Memory: 27kB
               Sort Groups: 4
               ->  Sort  (cost=828.39..853.39 rows=10000 width=20) (actual time=1.845..1.850 rows=129 loops=1)
                     Sort Key: s_3.a, s_3.b, s_3.c
                     Sort Method: quicksort  Memory: 1166kB
                     ->  Seq Scan on s_3  (cost=0.00..164.00 rows=10000 width=20) (actual time=0.008..0.577 rows=10000 loops=1)
 Planning time: 0.226 ms
 Execution time: 1.972 ms
(13 rows)

===== 428 [Wed Mar  7 01:58:41 CET 2018] scale:10000 groups:10000 work_mem:64MB incremental:on max_workers:2 =====
SELECT * FROM (SELECT * FROM s_4 ORDER BY a, b, c, d) foo ORDER BY a, b, c, d, e LIMIT 100
                                                           QUERY PLAN                                                           
--------------------------------------------------------------------------------------------------------------------------------
 Limit  (cost=832.45..832.45 rows=1 width=20) (actual time=1.912..1.912 rows=0 loops=1)
   ->  Limit  (cost=828.41..831.45 rows=100 width=20) (actual time=1.885..1.908 rows=100 loops=1)
         ->  Incremental Sort  (cost=828.41..1132.28 rows=10000 width=20) (actual time=1.885..1.902 rows=100 loops=1)
               Sort Key: s_4.a, s_4.b, s_4.c, s_4.d, s_4.e
               Presorted Key: s_4.a, s_4.b, s_4.c, s_4.d
               Sort Method: quicksort  Memory: 27kB
               Sort Groups: 4
               ->  Sort  (cost=828.39..853.39 rows=10000 width=20) (actual time=1.843..1.848 rows=129 loops=1)
                     Sort Key: s_4.a, s_4.b, s_4.c, s_4.d
                     Sort Method: quicksort  Memory: 1166kB
                     ->  Seq Scan on s_4  (cost=0.00..164.00 rows=10000 width=20) (actual time=0.004..0.571 rows=10000 loops=1)
 Planning time: 0.235 ms
 Execution time: 1.972 ms
(13 rows)

===== 429 [Wed Mar  7 01:58:41 CET 2018] scale:10000 groups:10000 work_mem:64MB incremental:off max_workers:2 =====
SELECT * FROM (SELECT * FROM s_1 ORDER BY a) foo ORDER BY a, b LIMIT 100
                                                           QUERY PLAN                                                           
--------------------------------------------------------------------------------------------------------------------------------
 Limit  (cost=1336.83..1336.83 rows=1 width=20) (actual time=2.768..2.768 rows=0 loops=1)
   ->  Limit  (cost=1335.58..1335.83 rows=100 width=20) (actual time=2.754..2.764 rows=100 loops=1)
         ->  Sort  (cost=1335.58..1360.58 rows=10000 width=20) (actual time=2.754..2.758 rows=100 loops=1)
               Sort Key: s_1.a, s_1.b
               Sort Method: top-N heapsort  Memory: 32kB
               ->  Sort  (cost=828.39..853.39 rows=10000 width=20) (actual time=1.718..2.053 rows=10000 loops=1)
                     Sort Key: s_1.a
                     Sort Method: quicksort  Memory: 1166kB
                     ->  Seq Scan on s_1  (cost=0.00..164.00 rows=10000 width=20) (actual time=0.004..0.575 rows=10000 loops=1)
 Planning time: 0.220 ms
 Execution time: 2.830 ms
(11 rows)

===== 430 [Wed Mar  7 01:58:41 CET 2018] scale:10000 groups:10000 work_mem:64MB incremental:off max_workers:2 =====
SELECT * FROM (SELECT * FROM s_2 ORDER BY a, b) foo ORDER BY a, b, c LIMIT 100
                                                           QUERY PLAN                                                           
--------------------------------------------------------------------------------------------------------------------------------
 Limit  (cost=1336.83..1336.83 rows=1 width=20) (actual time=2.858..2.858 rows=0 loops=1)
   ->  Limit  (cost=1335.58..1335.83 rows=100 width=20) (actual time=2.845..2.854 rows=100 loops=1)
         ->  Sort  (cost=1335.58..1360.58 rows=10000 width=20) (actual time=2.845..2.849 rows=100 loops=1)
               Sort Key: s_2.a, s_2.b, s_2.c
               Sort Method: top-N heapsort  Memory: 32kB
               ->  Sort  (cost=828.39..853.39 rows=10000 width=20) (actual time=1.807..2.142 rows=10000 loops=1)
                     Sort Key: s_2.a, s_2.b
                     Sort Method: quicksort  Memory: 1166kB
                     ->  Seq Scan on s_2  (cost=0.00..164.00 rows=10000 width=20) (actual time=0.008..0.579 rows=10000 loops=1)
 Planning time: 0.226 ms
 Execution time: 2.920 ms
(11 rows)

===== 431 [Wed Mar  7 01:58:41 CET 2018] scale:10000 groups:10000 work_mem:64MB incremental:off max_workers:2 =====
SELECT * FROM (SELECT * FROM s_3 ORDER BY a, b, c) foo ORDER BY a, b, c, d LIMIT 100
                                                           QUERY PLAN                                                           
--------------------------------------------------------------------------------------------------------------------------------
 Limit  (cost=1336.83..1336.83 rows=1 width=20) (actual time=2.964..2.964 rows=0 loops=1)
   ->  Limit  (cost=1335.58..1335.83 rows=100 width=20) (actual time=2.951..2.960 rows=100 loops=1)
         ->  Sort  (cost=1335.58..1360.58 rows=10000 width=20) (actual time=2.951..2.954 rows=100 loops=1)
               Sort Key: s_3.a, s_3.b, s_3.c, s_3.d
               Sort Method: top-N heapsort  Memory: 32kB
               ->  Sort  (cost=828.39..853.39 rows=10000 width=20) (actual time=1.840..2.183 rows=10000 loops=1)
                     Sort Key: s_3.a, s_3.b, s_3.c
                     Sort Method: quicksort  Memory: 1166kB
                     ->  Seq Scan on s_3  (cost=0.00..164.00 rows=10000 width=20) (actual time=0.008..0.573 rows=10000 loops=1)
 Planning time: 0.221 ms
 Execution time: 3.024 ms
(11 rows)

===== 432 [Wed Mar  7 01:58:41 CET 2018] scale:10000 groups:10000 work_mem:64MB incremental:off max_workers:2 =====
SELECT * FROM (SELECT * FROM s_4 ORDER BY a, b, c, d) foo ORDER BY a, b, c, d, e LIMIT 100
                                                           QUERY PLAN                                                           
--------------------------------------------------------------------------------------------------------------------------------
 Limit  (cost=1336.83..1336.83 rows=1 width=20) (actual time=2.971..2.971 rows=0 loops=1)
   ->  Limit  (cost=1335.58..1335.83 rows=100 width=20) (actual time=2.959..2.968 rows=100 loops=1)
         ->  Sort  (cost=1335.58..1360.58 rows=10000 width=20) (actual time=2.958..2.962 rows=100 loops=1)
               Sort Key: s_4.a, s_4.b, s_4.c, s_4.d, s_4.e
               Sort Method: top-N heapsort  Memory: 32kB
               ->  Sort  (cost=828.39..853.39 rows=10000 width=20) (actual time=1.834..2.177 rows=10000 loops=1)
                     Sort Key: s_4.a, s_4.b, s_4.c, s_4.d
                     Sort Method: quicksort  Memory: 1166kB
                     ->  Seq Scan on s_4  (cost=0.00..164.00 rows=10000 width=20) (actual time=0.004..0.568 rows=10000 loops=1)
 Planning time: 0.232 ms
 Execution time: 3.033 ms
(11 rows)

===== 433 [Wed Mar  7 01:58:42 CET 2018] scale:10000 groups:10000 work_mem:128MB incremental:on max_workers:2 =====
SELECT * FROM (SELECT * FROM s_1 ORDER BY a) foo ORDER BY a, b LIMIT 100
                                                           QUERY PLAN                                                           
--------------------------------------------------------------------------------------------------------------------------------
 Limit  (cost=832.44..832.44 rows=1 width=20) (actual time=1.796..1.796 rows=0 loops=1)
   ->  Limit  (cost=828.41..831.44 rows=100 width=20) (actual time=1.763..1.792 rows=100 loops=1)
         ->  Incremental Sort  (cost=828.41..1131.46 rows=10000 width=20) (actual time=1.763..1.786 rows=100 loops=1)
               Sort Key: s_1.a, s_1.b
               Presorted Key: s_1.a
               Sort Method: quicksort  Memory: 27kB
               Sort Groups: 4
               ->  Sort  (cost=828.39..853.39 rows=10000 width=20) (actual time=1.724..1.729 rows=132 loops=1)
                     Sort Key: s_1.a
                     Sort Method: quicksort  Memory: 1166kB
                     ->  Seq Scan on s_1  (cost=0.00..164.00 rows=10000 width=20) (actual time=0.004..0.581 rows=10000 loops=1)
 Planning time: 0.228 ms
 Execution time: 1.857 ms
(13 rows)

===== 434 [Wed Mar  7 01:58:42 CET 2018] scale:10000 groups:10000 work_mem:128MB incremental:on max_workers:2 =====
SELECT * FROM (SELECT * FROM s_2 ORDER BY a, b) foo ORDER BY a, b, c LIMIT 100
                                                           QUERY PLAN                                                           
--------------------------------------------------------------------------------------------------------------------------------
 Limit  (cost=832.45..832.45 rows=1 width=20) (actual time=1.878..1.878 rows=0 loops=1)
   ->  Limit  (cost=828.41..831.45 rows=100 width=20) (actual time=1.851..1.874 rows=100 loops=1)
         ->  Incremental Sort  (cost=828.41..1132.02 rows=10000 width=20) (actual time=1.851..1.868 rows=100 loops=1)
               Sort Key: s_2.a, s_2.b, s_2.c
               Presorted Key: s_2.a, s_2.b
               Sort Method: quicksort  Memory: 27kB
               Sort Groups: 4
               ->  Sort  (cost=828.39..853.39 rows=10000 width=20) (actual time=1.814..1.819 rows=129 loops=1)
                     Sort Key: s_2.a, s_2.b
                     Sort Method: quicksort  Memory: 1166kB
                     ->  Seq Scan on s_2  (cost=0.00..164.00 rows=10000 width=20) (actual time=0.008..0.581 rows=10000 loops=1)
 Planning time: 0.226 ms
 Execution time: 1.941 ms
(13 rows)

===== 435 [Wed Mar  7 01:58:42 CET 2018] scale:10000 groups:10000 work_mem:128MB incremental:on max_workers:2 =====
SELECT * FROM (SELECT * FROM s_3 ORDER BY a, b, c) foo ORDER BY a, b, c, d LIMIT 100
                                                           QUERY PLAN                                                           
--------------------------------------------------------------------------------------------------------------------------------
 Limit  (cost=832.45..832.45 rows=1 width=20) (actual time=1.913..1.913 rows=0 loops=1)
   ->  Limit  (cost=828.41..831.45 rows=100 width=20) (actual time=1.887..1.909 rows=100 loops=1)
         ->  Incremental Sort  (cost=828.41..1132.28 rows=10000 width=20) (actual time=1.886..1.903 rows=100 loops=1)
               Sort Key: s_3.a, s_3.b, s_3.c, s_3.d
               Presorted Key: s_3.a, s_3.b, s_3.c
               Sort Method: quicksort  Memory: 27kB
               Sort Groups: 4
               ->  Sort  (cost=828.39..853.39 rows=10000 width=20) (actual time=1.848..1.853 rows=129 loops=1)
                     Sort Key: s_3.a, s_3.b, s_3.c
                     Sort Method: quicksort  Memory: 1166kB
                     ->  Seq Scan on s_3  (cost=0.00..164.00 rows=10000 width=20) (actual time=0.007..0.579 rows=10000 loops=1)
 Planning time: 0.227 ms
 Execution time: 1.976 ms
(13 rows)

===== 436 [Wed Mar  7 01:58:42 CET 2018] scale:10000 groups:10000 work_mem:128MB incremental:on max_workers:2 =====
SELECT * FROM (SELECT * FROM s_4 ORDER BY a, b, c, d) foo ORDER BY a, b, c, d, e LIMIT 100
                                                           QUERY PLAN                                                           
--------------------------------------------------------------------------------------------------------------------------------
 Limit  (cost=832.45..832.45 rows=1 width=20) (actual time=1.913..1.913 rows=0 loops=1)
   ->  Limit  (cost=828.41..831.45 rows=100 width=20) (actual time=1.886..1.909 rows=100 loops=1)
         ->  Incremental Sort  (cost=828.41..1132.28 rows=10000 width=20) (actual time=1.886..1.903 rows=100 loops=1)
               Sort Key: s_4.a, s_4.b, s_4.c, s_4.d, s_4.e
               Presorted Key: s_4.a, s_4.b, s_4.c, s_4.d
               Sort Method: quicksort  Memory: 27kB
               Sort Groups: 4
               ->  Sort  (cost=828.39..853.39 rows=10000 width=20) (actual time=1.836..1.842 rows=129 loops=1)
                     Sort Key: s_4.a, s_4.b, s_4.c, s_4.d
                     Sort Method: quicksort  Memory: 1166kB
                     ->  Seq Scan on s_4  (cost=0.00..164.00 rows=10000 width=20) (actual time=0.004..0.574 rows=10000 loops=1)
 Planning time: 0.246 ms
 Execution time: 1.978 ms
(13 rows)

===== 437 [Wed Mar  7 01:58:42 CET 2018] scale:10000 groups:10000 work_mem:128MB incremental:off max_workers:2 =====
SELECT * FROM (SELECT * FROM s_1 ORDER BY a) foo ORDER BY a, b LIMIT 100
                                                           QUERY PLAN                                                           
--------------------------------------------------------------------------------------------------------------------------------
 Limit  (cost=1336.83..1336.83 rows=1 width=20) (actual time=2.772..2.772 rows=0 loops=1)
   ->  Limit  (cost=1335.58..1335.83 rows=100 width=20) (actual time=2.759..2.768 rows=100 loops=1)
         ->  Sort  (cost=1335.58..1360.58 rows=10000 width=20) (actual time=2.759..2.763 rows=100 loops=1)
               Sort Key: s_1.a, s_1.b
               Sort Method: top-N heapsort  Memory: 32kB
               ->  Sort  (cost=828.39..853.39 rows=10000 width=20) (actual time=1.704..2.039 rows=10000 loops=1)
                     Sort Key: s_1.a
                     Sort Method: quicksort  Memory: 1166kB
                     ->  Seq Scan on s_1  (cost=0.00..164.00 rows=10000 width=20) (actual time=0.004..0.575 rows=10000 loops=1)
 Planning time: 0.220 ms
 Execution time: 2.833 ms
(11 rows)

===== 438 [Wed Mar  7 01:58:42 CET 2018] scale:10000 groups:10000 work_mem:128MB incremental:off max_workers:2 =====
SELECT * FROM (SELECT * FROM s_2 ORDER BY a, b) foo ORDER BY a, b, c LIMIT 100
                                                           QUERY PLAN                                                           
--------------------------------------------------------------------------------------------------------------------------------
 Limit  (cost=1336.83..1336.83 rows=1 width=20) (actual time=2.862..2.862 rows=0 loops=1)
   ->  Limit  (cost=1335.58..1335.83 rows=100 width=20) (actual time=2.849..2.859 rows=100 loops=1)
         ->  Sort  (cost=1335.58..1360.58 rows=10000 width=20) (actual time=2.849..2.853 rows=100 loops=1)
               Sort Key: s_2.a, s_2.b, s_2.c
               Sort Method: top-N heapsort  Memory: 32kB
               ->  Sort  (cost=828.39..853.39 rows=10000 width=20) (actual time=1.809..2.144 rows=10000 loops=1)
                     Sort Key: s_2.a, s_2.b
                     Sort Method: quicksort  Memory: 1166kB
                     ->  Seq Scan on s_2  (cost=0.00..164.00 rows=10000 width=20) (actual time=0.007..0.579 rows=10000 loops=1)
 Planning time: 0.222 ms
 Execution time: 2.924 ms
(11 rows)

===== 439 [Wed Mar  7 01:58:42 CET 2018] scale:10000 groups:10000 work_mem:128MB incremental:off max_workers:2 =====
SELECT * FROM (SELECT * FROM s_3 ORDER BY a, b, c) foo ORDER BY a, b, c, d LIMIT 100
                                                           QUERY PLAN                                                           
--------------------------------------------------------------------------------------------------------------------------------
 Limit  (cost=1336.83..1336.83 rows=1 width=20) (actual time=2.964..2.964 rows=0 loops=1)
   ->  Limit  (cost=1335.58..1335.83 rows=100 width=20) (actual time=2.951..2.961 rows=100 loops=1)
         ->  Sort  (cost=1335.58..1360.58 rows=10000 width=20) (actual time=2.951..2.955 rows=100 loops=1)
               Sort Key: s_3.a, s_3.b, s_3.c, s_3.d
               Sort Method: top-N heapsort  Memory: 32kB
               ->  Sort  (cost=828.39..853.39 rows=10000 width=20) (actual time=1.854..2.195 rows=10000 loops=1)
                     Sort Key: s_3.a, s_3.b, s_3.c
                     Sort Method: quicksort  Memory: 1166kB
                     ->  Seq Scan on s_3  (cost=0.00..164.00 rows=10000 width=20) (actual time=0.008..0.581 rows=10000 loops=1)
 Planning time: 0.222 ms
 Execution time: 3.027 ms
(11 rows)

===== 440 [Wed Mar  7 01:58:42 CET 2018] scale:10000 groups:10000 work_mem:128MB incremental:off max_workers:2 =====
SELECT * FROM (SELECT * FROM s_4 ORDER BY a, b, c, d) foo ORDER BY a, b, c, d, e LIMIT 100
                                                           QUERY PLAN                                                           
--------------------------------------------------------------------------------------------------------------------------------
 Limit  (cost=1336.83..1336.83 rows=1 width=20) (actual time=2.956..2.956 rows=0 loops=1)
   ->  Limit  (cost=1335.58..1335.83 rows=100 width=20) (actual time=2.943..2.953 rows=100 loops=1)
         ->  Sort  (cost=1335.58..1360.58 rows=10000 width=20) (actual time=2.943..2.947 rows=100 loops=1)
               Sort Key: s_4.a, s_4.b, s_4.c, s_4.d, s_4.e
               Sort Method: top-N heapsort  Memory: 32kB
               ->  Sort  (cost=828.39..853.39 rows=10000 width=20) (actual time=1.848..2.189 rows=10000 loops=1)
                     Sort Key: s_4.a, s_4.b, s_4.c, s_4.d
                     Sort Method: quicksort  Memory: 1166kB
                     ->  Seq Scan on s_4  (cost=0.00..164.00 rows=10000 width=20) (actual time=0.004..0.568 rows=10000 loops=1)
 Planning time: 0.226 ms
 Execution time: 3.017 ms
(11 rows)

===== 441 [Wed Mar  7 01:58:42 CET 2018] scale:10000 groups:10000 work_mem:256MB incremental:on max_workers:2 =====
SELECT * FROM (SELECT * FROM s_1 ORDER BY a) foo ORDER BY a, b LIMIT 100
                                                           QUERY PLAN                                                           
--------------------------------------------------------------------------------------------------------------------------------
 Limit  (cost=832.44..832.44 rows=1 width=20) (actual time=1.801..1.801 rows=0 loops=1)
   ->  Limit  (cost=828.41..831.44 rows=100 width=20) (actual time=1.768..1.798 rows=100 loops=1)
         ->  Incremental Sort  (cost=828.41..1131.46 rows=10000 width=20) (actual time=1.768..1.792 rows=100 loops=1)
               Sort Key: s_1.a, s_1.b
               Presorted Key: s_1.a
               Sort Method: quicksort  Memory: 27kB
               Sort Groups: 4
               ->  Sort  (cost=828.39..853.39 rows=10000 width=20) (actual time=1.728..1.733 rows=132 loops=1)
                     Sort Key: s_1.a
                     Sort Method: quicksort  Memory: 1166kB
                     ->  Seq Scan on s_1  (cost=0.00..164.00 rows=10000 width=20) (actual time=0.004..0.585 rows=10000 loops=1)
 Planning time: 0.225 ms
 Execution time: 1.863 ms
(13 rows)

===== 442 [Wed Mar  7 01:58:42 CET 2018] scale:10000 groups:10000 work_mem:256MB incremental:on max_workers:2 =====
SELECT * FROM (SELECT * FROM s_2 ORDER BY a, b) foo ORDER BY a, b, c LIMIT 100
                                                           QUERY PLAN                                                           
--------------------------------------------------------------------------------------------------------------------------------
 Limit  (cost=832.45..832.45 rows=1 width=20) (actual time=1.876..1.876 rows=0 loops=1)
   ->  Limit  (cost=828.41..831.45 rows=100 width=20) (actual time=1.850..1.872 rows=100 loops=1)
         ->  Incremental Sort  (cost=828.41..1132.02 rows=10000 width=20) (actual time=1.850..1.866 rows=100 loops=1)
               Sort Key: s_2.a, s_2.b, s_2.c
               Presorted Key: s_2.a, s_2.b
               Sort Method: quicksort  Memory: 27kB
               Sort Groups: 4
               ->  Sort  (cost=828.39..853.39 rows=10000 width=20) (actual time=1.812..1.817 rows=129 loops=1)
                     Sort Key: s_2.a, s_2.b
                     Sort Method: quicksort  Memory: 1166kB
                     ->  Seq Scan on s_2  (cost=0.00..164.00 rows=10000 width=20) (actual time=0.008..0.583 rows=10000 loops=1)
 Planning time: 0.224 ms
 Execution time: 1.937 ms
(13 rows)

===== 443 [Wed Mar  7 01:58:42 CET 2018] scale:10000 groups:10000 work_mem:256MB incremental:on max_workers:2 =====
SELECT * FROM (SELECT * FROM s_3 ORDER BY a, b, c) foo ORDER BY a, b, c, d LIMIT 100
                                                           QUERY PLAN                                                           
--------------------------------------------------------------------------------------------------------------------------------
 Limit  (cost=832.45..832.45 rows=1 width=20) (actual time=1.922..1.922 rows=0 loops=1)
   ->  Limit  (cost=828.41..831.45 rows=100 width=20) (actual time=1.895..1.918 rows=100 loops=1)
         ->  Incremental Sort  (cost=828.41..1132.28 rows=10000 width=20) (actual time=1.895..1.912 rows=100 loops=1)
               Sort Key: s_3.a, s_3.b, s_3.c, s_3.d
               Presorted Key: s_3.a, s_3.b, s_3.c
               Sort Method: quicksort  Memory: 27kB
               Sort Groups: 4
               ->  Sort  (cost=828.39..853.39 rows=10000 width=20) (actual time=1.857..1.862 rows=129 loops=1)
                     Sort Key: s_3.a, s_3.b, s_3.c
                     Sort Method: quicksort  Memory: 1166kB
                     ->  Seq Scan on s_3  (cost=0.00..164.00 rows=10000 width=20) (actual time=0.008..0.578 rows=10000 loops=1)
 Planning time: 0.230 ms
 Execution time: 1.984 ms
(13 rows)

===== 444 [Wed Mar  7 01:58:42 CET 2018] scale:10000 groups:10000 work_mem:256MB incremental:on max_workers:2 =====
SELECT * FROM (SELECT * FROM s_4 ORDER BY a, b, c, d) foo ORDER BY a, b, c, d, e LIMIT 100
                                                           QUERY PLAN                                                           
--------------------------------------------------------------------------------------------------------------------------------
 Limit  (cost=832.45..832.45 rows=1 width=20) (actual time=1.909..1.909 rows=0 loops=1)
   ->  Limit  (cost=828.41..831.45 rows=100 width=20) (actual time=1.882..1.905 rows=100 loops=1)
         ->  Incremental Sort  (cost=828.41..1132.28 rows=10000 width=20) (actual time=1.882..1.899 rows=100 loops=1)
               Sort Key: s_4.a, s_4.b, s_4.c, s_4.d, s_4.e
               Presorted Key: s_4.a, s_4.b, s_4.c, s_4.d
               Sort Method: quicksort  Memory: 27kB
               Sort Groups: 4
               ->  Sort  (cost=828.39..853.39 rows=10000 width=20) (actual time=1.839..1.844 rows=129 loops=1)
                     Sort Key: s_4.a, s_4.b, s_4.c, s_4.d
                     Sort Method: quicksort  Memory: 1166kB
                     ->  Seq Scan on s_4  (cost=0.00..164.00 rows=10000 width=20) (actual time=0.004..0.576 rows=10000 loops=1)
 Planning time: 0.235 ms
 Execution time: 1.970 ms
(13 rows)

===== 445 [Wed Mar  7 01:58:42 CET 2018] scale:10000 groups:10000 work_mem:256MB incremental:off max_workers:2 =====
SELECT * FROM (SELECT * FROM s_1 ORDER BY a) foo ORDER BY a, b LIMIT 100
                                                           QUERY PLAN                                                           
--------------------------------------------------------------------------------------------------------------------------------
 Limit  (cost=1336.83..1336.83 rows=1 width=20) (actual time=2.774..2.774 rows=0 loops=1)
   ->  Limit  (cost=1335.58..1335.83 rows=100 width=20) (actual time=2.761..2.771 rows=100 loops=1)
         ->  Sort  (cost=1335.58..1360.58 rows=10000 width=20) (actual time=2.761..2.765 rows=100 loops=1)
               Sort Key: s_1.a, s_1.b
               Sort Method: top-N heapsort  Memory: 32kB
               ->  Sort  (cost=828.39..853.39 rows=10000 width=20) (actual time=1.721..2.057 rows=10000 loops=1)
                     Sort Key: s_1.a
                     Sort Method: quicksort  Memory: 1166kB
                     ->  Seq Scan on s_1  (cost=0.00..164.00 rows=10000 width=20) (actual time=0.004..0.578 rows=10000 loops=1)
 Planning time: 0.219 ms
 Execution time: 2.834 ms
(11 rows)

===== 446 [Wed Mar  7 01:58:43 CET 2018] scale:10000 groups:10000 work_mem:256MB incremental:off max_workers:2 =====
SELECT * FROM (SELECT * FROM s_2 ORDER BY a, b) foo ORDER BY a, b, c LIMIT 100
                                                           QUERY PLAN                                                           
--------------------------------------------------------------------------------------------------------------------------------
 Limit  (cost=1336.83..1336.83 rows=1 width=20) (actual time=2.857..2.857 rows=0 loops=1)
   ->  Limit  (cost=1335.58..1335.83 rows=100 width=20) (actual time=2.844..2.854 rows=100 loops=1)
         ->  Sort  (cost=1335.58..1360.58 rows=10000 width=20) (actual time=2.844..2.848 rows=100 loops=1)
               Sort Key: s_2.a, s_2.b, s_2.c
               Sort Method: top-N heapsort  Memory: 32kB
               ->  Sort  (cost=828.39..853.39 rows=10000 width=20) (actual time=1.803..2.139 rows=10000 loops=1)
                     Sort Key: s_2.a, s_2.b
                     Sort Method: quicksort  Memory: 1166kB
                     ->  Seq Scan on s_2  (cost=0.00..164.00 rows=10000 width=20) (actual time=0.007..0.578 rows=10000 loops=1)
 Planning time: 0.218 ms
 Execution time: 2.922 ms
(11 rows)

===== 447 [Wed Mar  7 01:58:43 CET 2018] scale:10000 groups:10000 work_mem:256MB incremental:off max_workers:2 =====
SELECT * FROM (SELECT * FROM s_3 ORDER BY a, b, c) foo ORDER BY a, b, c, d LIMIT 100
                                                           QUERY PLAN                                                           
--------------------------------------------------------------------------------------------------------------------------------
 Limit  (cost=1336.83..1336.83 rows=1 width=20) (actual time=2.979..2.979 rows=0 loops=1)
   ->  Limit  (cost=1335.58..1335.83 rows=100 width=20) (actual time=2.965..2.975 rows=100 loops=1)
         ->  Sort  (cost=1335.58..1360.58 rows=10000 width=20) (actual time=2.965..2.969 rows=100 loops=1)
               Sort Key: s_3.a, s_3.b, s_3.c, s_3.d
               Sort Method: top-N heapsort  Memory: 32kB
               ->  Sort  (cost=828.39..853.39 rows=10000 width=20) (actual time=1.853..2.194 rows=10000 loops=1)
                     Sort Key: s_3.a, s_3.b, s_3.c
                     Sort Method: quicksort  Memory: 1166kB
                     ->  Seq Scan on s_3  (cost=0.00..164.00 rows=10000 width=20) (actual time=0.008..0.579 rows=10000 loops=1)
 Planning time: 0.220 ms
 Execution time: 3.040 ms
(11 rows)

===== 448 [Wed Mar  7 01:58:43 CET 2018] scale:10000 groups:10000 work_mem:256MB incremental:off max_workers:2 =====
SELECT * FROM (SELECT * FROM s_4 ORDER BY a, b, c, d) foo ORDER BY a, b, c, d, e LIMIT 100
                                                           QUERY PLAN                                                           
--------------------------------------------------------------------------------------------------------------------------------
 Limit  (cost=1336.83..1336.83 rows=1 width=20) (actual time=2.947..2.947 rows=0 loops=1)
   ->  Limit  (cost=1335.58..1335.83 rows=100 width=20) (actual time=2.934..2.943 rows=100 loops=1)
         ->  Sort  (cost=1335.58..1360.58 rows=10000 width=20) (actual time=2.934..2.937 rows=100 loops=1)
               Sort Key: s_4.a, s_4.b, s_4.c, s_4.d, s_4.e
               Sort Method: top-N heapsort  Memory: 32kB
               ->  Sort  (cost=828.39..853.39 rows=10000 width=20) (actual time=1.833..2.178 rows=10000 loops=1)
                     Sort Key: s_4.a, s_4.b, s_4.c, s_4.d
                     Sort Method: quicksort  Memory: 1166kB
                     ->  Seq Scan on s_4  (cost=0.00..164.00 rows=10000 width=20) (actual time=0.004..0.571 rows=10000 loops=1)
 Planning time: 0.224 ms
 Execution time: 3.009 ms
(11 rows)

