===== 1 [Wed Mar  7 01:57:21 CET 2018] scale:10000 groups:10 work_mem:4MB incremental:on max_workers:0 =====
SELECT * FROM (SELECT * FROM s_1 ORDER BY a) foo ORDER BY a, b
                                                        QUERY PLAN                                                        
--------------------------------------------------------------------------------------------------------------------------
 Limit  (cost=1720.02..1720.02 rows=1 width=20) (actual time=4.377..4.377 rows=0 loops=1)
   ->  Incremental Sort  (cost=884.42..1620.02 rows=10000 width=20) (actual time=1.890..4.115 rows=10000 loops=1)
         Sort Key: s_1.a, s_1.b
         Presorted Key: s_1.a
         Sort Method: quicksort  Memory: 129kB
         Sort Groups: 11
         ->  Sort  (cost=828.39..853.39 rows=10000 width=20) (actual time=1.757..2.099 rows=10000 loops=1)
               Sort Key: s_1.a
               Sort Method: quicksort  Memory: 1166kB
               ->  Seq Scan on s_1  (cost=0.00..164.00 rows=10000 width=20) (actual time=0.004..0.572 rows=10000 loops=1)
 Planning time: 0.209 ms
 Execution time: 4.427 ms
(12 rows)

===== 2 [Wed Mar  7 01:57:21 CET 2018] scale:10000 groups:10 work_mem:4MB incremental:on max_workers:0 =====
SELECT * FROM (SELECT * FROM s_2 ORDER BY a, b) foo ORDER BY a, b, c
                                                        QUERY PLAN                                                        
--------------------------------------------------------------------------------------------------------------------------
 Limit  (cost=1549.25..1549.25 rows=1 width=20) (actual time=4.853..4.853 rows=0 loops=1)
   ->  Incremental Sort  (cost=832.05..1449.25 rows=10000 width=20) (actual time=1.944..4.595 rows=10000 loops=1)
         Sort Key: s_2.a, s_2.b, s_2.c
         Presorted Key: s_2.a, s_2.b
         Sort Method: quicksort  Memory: 35kB
         Sort Groups: 118
         ->  Sort  (cost=828.39..853.39 rows=10000 width=20) (actual time=1.889..2.251 rows=10000 loops=1)
               Sort Key: s_2.a, s_2.b
               Sort Method: quicksort  Memory: 1166kB
               ->  Seq Scan on s_2  (cost=0.00..164.00 rows=10000 width=20) (actual time=0.007..0.582 rows=10000 loops=1)
 Planning time: 0.209 ms
 Execution time: 4.904 ms
(12 rows)

===== 3 [Wed Mar  7 01:57:21 CET 2018] scale:10000 groups:10 work_mem:4MB incremental:on max_workers:0 =====
SELECT * FROM (SELECT * FROM s_3 ORDER BY a, b, c) foo ORDER BY a, b, c, d
                                                        QUERY PLAN                                                        
--------------------------------------------------------------------------------------------------------------------------
 Limit  (cost=1414.48..1414.48 rows=1 width=20) (actual time=5.319..5.319 rows=0 loops=1)
   ->  Incremental Sort  (cost=828.68..1314.48 rows=10000 width=20) (actual time=1.999..5.064 rows=10000 loops=1)
         Sort Key: s_3.a, s_3.b, s_3.c, s_3.d
         Presorted Key: s_3.a, s_3.b, s_3.c
         Sort Method: quicksort  Memory: 28kB
         Sort Groups: 276
         ->  Sort  (cost=828.39..853.39 rows=10000 width=20) (actual time=1.949..2.336 rows=10000 loops=1)
               Sort Key: s_3.a, s_3.b, s_3.c
               Sort Method: quicksort  Memory: 1166kB
               ->  Seq Scan on s_3  (cost=0.00..164.00 rows=10000 width=20) (actual time=0.007..0.580 rows=10000 loops=1)
 Planning time: 0.213 ms
 Execution time: 5.369 ms
(12 rows)

===== 4 [Wed Mar  7 01:57:21 CET 2018] scale:10000 groups:10 work_mem:4MB incremental:on max_workers:0 =====
SELECT * FROM (SELECT * FROM s_4 ORDER BY a, b, c, d) foo ORDER BY a, b, c, d, e
                                                        QUERY PLAN                                                        
--------------------------------------------------------------------------------------------------------------------------
 Limit  (cost=1414.48..1414.48 rows=1 width=20) (actual time=5.325..5.325 rows=0 loops=1)
   ->  Incremental Sort  (cost=828.68..1314.48 rows=10000 width=20) (actual time=2.046..5.101 rows=10000 loops=1)
         Sort Key: s_4.a, s_4.b, s_4.c, s_4.d, s_4.e
         Presorted Key: s_4.a, s_4.b, s_4.c, s_4.d
         Sort Method: quicksort  Memory: 27kB
         Sort Groups: 309
         ->  Sort  (cost=828.39..853.39 rows=10000 width=20) (actual time=2.001..2.401 rows=10000 loops=1)
               Sort Key: s_4.a, s_4.b, s_4.c, s_4.d
               Sort Method: quicksort  Memory: 1166kB
               ->  Seq Scan on s_4  (cost=0.00..164.00 rows=10000 width=20) (actual time=0.004..0.573 rows=10000 loops=1)
 Planning time: 0.224 ms
 Execution time: 5.385 ms
(12 rows)

===== 5 [Wed Mar  7 01:57:21 CET 2018] scale:10000 groups:10 work_mem:4MB incremental:off max_workers:0 =====
SELECT * FROM (SELECT * FROM s_1 ORDER BY a) foo ORDER BY a, b
                                                        QUERY PLAN                                                        
--------------------------------------------------------------------------------------------------------------------------
 Limit  (cost=1742.77..1742.77 rows=1 width=20) (actual time=4.540..4.540 rows=0 loops=1)
   ->  Sort  (cost=1617.77..1642.77 rows=10000 width=20) (actual time=3.994..4.324 rows=10000 loops=1)
         Sort Key: s_1.a, s_1.b
         Sort Method: quicksort  Memory: 1166kB
         ->  Sort  (cost=828.39..853.39 rows=10000 width=20) (actual time=1.750..2.108 rows=10000 loops=1)
               Sort Key: s_1.a
               Sort Method: quicksort  Memory: 1166kB
               ->  Seq Scan on s_1  (cost=0.00..164.00 rows=10000 width=20) (actual time=0.004..0.578 rows=10000 loops=1)
 Planning time: 0.202 ms
 Execution time: 4.627 ms
(10 rows)

===== 6 [Wed Mar  7 01:57:21 CET 2018] scale:10000 groups:10 work_mem:4MB incremental:off max_workers:0 =====
SELECT * FROM (SELECT * FROM s_2 ORDER BY a, b) foo ORDER BY a, b, c
                                                        QUERY PLAN                                                        
--------------------------------------------------------------------------------------------------------------------------
 Limit  (cost=1742.77..1742.77 rows=1 width=20) (actual time=5.553..5.553 rows=0 loops=1)
   ->  Sort  (cost=1617.77..1642.77 rows=10000 width=20) (actual time=5.001..5.336 rows=10000 loops=1)
         Sort Key: s_2.a, s_2.b, s_2.c
         Sort Method: quicksort  Memory: 1166kB
         ->  Sort  (cost=828.39..853.39 rows=10000 width=20) (actual time=1.870..2.223 rows=10000 loops=1)
               Sort Key: s_2.a, s_2.b
               Sort Method: quicksort  Memory: 1166kB
               ->  Seq Scan on s_2  (cost=0.00..164.00 rows=10000 width=20) (actual time=0.008..0.589 rows=10000 loops=1)
 Planning time: 0.198 ms
 Execution time: 5.640 ms
(10 rows)

===== 7 [Wed Mar  7 01:57:21 CET 2018] scale:10000 groups:10 work_mem:4MB incremental:off max_workers:0 =====
SELECT * FROM (SELECT * FROM s_3 ORDER BY a, b, c) foo ORDER BY a, b, c, d
                                                        QUERY PLAN                                                        
--------------------------------------------------------------------------------------------------------------------------
 Limit  (cost=1742.77..1742.77 rows=1 width=20) (actual time=6.463..6.463 rows=0 loops=1)
   ->  Sort  (cost=1617.77..1642.77 rows=10000 width=20) (actual time=5.920..6.246 rows=10000 loops=1)
         Sort Key: s_3.a, s_3.b, s_3.c, s_3.d
         Sort Method: quicksort  Memory: 1166kB
         ->  Sort  (cost=828.39..853.39 rows=10000 width=20) (actual time=1.957..2.310 rows=10000 loops=1)
               Sort Key: s_3.a, s_3.b, s_3.c
               Sort Method: quicksort  Memory: 1166kB
               ->  Seq Scan on s_3  (cost=0.00..164.00 rows=10000 width=20) (actual time=0.007..0.586 rows=10000 loops=1)
 Planning time: 0.207 ms
 Execution time: 6.549 ms
(10 rows)

===== 8 [Wed Mar  7 01:57:21 CET 2018] scale:10000 groups:10 work_mem:4MB incremental:off max_workers:0 =====
SELECT * FROM (SELECT * FROM s_4 ORDER BY a, b, c, d) foo ORDER BY a, b, c, d, e
                                                        QUERY PLAN                                                        
--------------------------------------------------------------------------------------------------------------------------
 Limit  (cost=1742.77..1742.77 rows=1 width=20) (actual time=6.551..6.551 rows=0 loops=1)
   ->  Sort  (cost=1617.77..1642.77 rows=10000 width=20) (actual time=6.014..6.333 rows=10000 loops=1)
         Sort Key: s_4.a, s_4.b, s_4.c, s_4.d, s_4.e
         Sort Method: quicksort  Memory: 1166kB
         ->  Sort  (cost=828.39..853.39 rows=10000 width=20) (actual time=2.052..2.405 rows=10000 loops=1)
               Sort Key: s_4.a, s_4.b, s_4.c, s_4.d
               Sort Method: quicksort  Memory: 1166kB
               ->  Seq Scan on s_4  (cost=0.00..164.00 rows=10000 width=20) (actual time=0.008..0.583 rows=10000 loops=1)
 Planning time: 0.215 ms
 Execution time: 6.638 ms
(10 rows)

===== 9 [Wed Mar  7 01:57:21 CET 2018] scale:10000 groups:10 work_mem:8MB incremental:on max_workers:0 =====
SELECT * FROM (SELECT * FROM s_1 ORDER BY a) foo ORDER BY a, b
                                                        QUERY PLAN                                                        
--------------------------------------------------------------------------------------------------------------------------
 Limit  (cost=1720.02..1720.02 rows=1 width=20) (actual time=4.337..4.337 rows=0 loops=1)
   ->  Incremental Sort  (cost=884.42..1620.02 rows=10000 width=20) (actual time=1.890..4.079 rows=10000 loops=1)
         Sort Key: s_1.a, s_1.b
         Presorted Key: s_1.a
         Sort Method: quicksort  Memory: 129kB
         Sort Groups: 11
         ->  Sort  (cost=828.39..853.39 rows=10000 width=20) (actual time=1.756..2.099 rows=10000 loops=1)
               Sort Key: s_1.a
               Sort Method: quicksort  Memory: 1166kB
               ->  Seq Scan on s_1  (cost=0.00..164.00 rows=10000 width=20) (actual time=0.004..0.576 rows=10000 loops=1)
 Planning time: 0.208 ms
 Execution time: 4.386 ms
(12 rows)

===== 10 [Wed Mar  7 01:57:22 CET 2018] scale:10000 groups:10 work_mem:8MB incremental:on max_workers:0 =====
SELECT * FROM (SELECT * FROM s_2 ORDER BY a, b) foo ORDER BY a, b, c
                                                        QUERY PLAN                                                        
--------------------------------------------------------------------------------------------------------------------------
 Limit  (cost=1549.25..1549.25 rows=1 width=20) (actual time=4.841..4.841 rows=0 loops=1)
   ->  Incremental Sort  (cost=832.05..1449.25 rows=10000 width=20) (actual time=1.945..4.582 rows=10000 loops=1)
         Sort Key: s_2.a, s_2.b, s_2.c
         Presorted Key: s_2.a, s_2.b
         Sort Method: quicksort  Memory: 35kB
         Sort Groups: 118
         ->  Sort  (cost=828.39..853.39 rows=10000 width=20) (actual time=1.890..2.254 rows=10000 loops=1)
               Sort Key: s_2.a, s_2.b
               Sort Method: quicksort  Memory: 1166kB
               ->  Seq Scan on s_2  (cost=0.00..164.00 rows=10000 width=20) (actual time=0.008..0.586 rows=10000 loops=1)
 Planning time: 0.206 ms
 Execution time: 4.890 ms
(12 rows)

===== 11 [Wed Mar  7 01:57:22 CET 2018] scale:10000 groups:10 work_mem:8MB incremental:on max_workers:0 =====
SELECT * FROM (SELECT * FROM s_3 ORDER BY a, b, c) foo ORDER BY a, b, c, d
                                                        QUERY PLAN                                                        
--------------------------------------------------------------------------------------------------------------------------
 Limit  (cost=1414.48..1414.48 rows=1 width=20) (actual time=5.320..5.320 rows=0 loops=1)
   ->  Incremental Sort  (cost=828.68..1314.48 rows=10000 width=20) (actual time=1.998..5.067 rows=10000 loops=1)
         Sort Key: s_3.a, s_3.b, s_3.c, s_3.d
         Presorted Key: s_3.a, s_3.b, s_3.c
         Sort Method: quicksort  Memory: 28kB
         Sort Groups: 276
         ->  Sort  (cost=828.39..853.39 rows=10000 width=20) (actual time=1.950..2.341 rows=10000 loops=1)
               Sort Key: s_3.a, s_3.b, s_3.c
               Sort Method: quicksort  Memory: 1166kB
               ->  Seq Scan on s_3  (cost=0.00..164.00 rows=10000 width=20) (actual time=0.008..0.586 rows=10000 loops=1)
 Planning time: 0.215 ms
 Execution time: 5.371 ms
(12 rows)

===== 12 [Wed Mar  7 01:57:22 CET 2018] scale:10000 groups:10 work_mem:8MB incremental:on max_workers:0 =====
SELECT * FROM (SELECT * FROM s_4 ORDER BY a, b, c, d) foo ORDER BY a, b, c, d, e
                                                        QUERY PLAN                                                        
--------------------------------------------------------------------------------------------------------------------------
 Limit  (cost=1414.48..1414.48 rows=1 width=20) (actual time=5.323..5.323 rows=0 loops=1)
   ->  Incremental Sort  (cost=828.68..1314.48 rows=10000 width=20) (actual time=2.045..5.099 rows=10000 loops=1)
         Sort Key: s_4.a, s_4.b, s_4.c, s_4.d, s_4.e
         Presorted Key: s_4.a, s_4.b, s_4.c, s_4.d
         Sort Method: quicksort  Memory: 27kB
         Sort Groups: 309
         ->  Sort  (cost=828.39..853.39 rows=10000 width=20) (actual time=2.000..2.403 rows=10000 loops=1)
               Sort Key: s_4.a, s_4.b, s_4.c, s_4.d
               Sort Method: quicksort  Memory: 1166kB
               ->  Seq Scan on s_4  (cost=0.00..164.00 rows=10000 width=20) (actual time=0.004..0.577 rows=10000 loops=1)
 Planning time: 0.228 ms
 Execution time: 5.382 ms
(12 rows)

===== 13 [Wed Mar  7 01:57:22 CET 2018] scale:10000 groups:10 work_mem:8MB incremental:off max_workers:0 =====
SELECT * FROM (SELECT * FROM s_1 ORDER BY a) foo ORDER BY a, b
                                                        QUERY PLAN                                                        
--------------------------------------------------------------------------------------------------------------------------
 Limit  (cost=1742.77..1742.77 rows=1 width=20) (actual time=4.526..4.526 rows=0 loops=1)
   ->  Sort  (cost=1617.77..1642.77 rows=10000 width=20) (actual time=3.978..4.309 rows=10000 loops=1)
         Sort Key: s_1.a, s_1.b
         Sort Method: quicksort  Memory: 1166kB
         ->  Sort  (cost=828.39..853.39 rows=10000 width=20) (actual time=1.742..2.095 rows=10000 loops=1)
               Sort Key: s_1.a
               Sort Method: quicksort  Memory: 1166kB
               ->  Seq Scan on s_1  (cost=0.00..164.00 rows=10000 width=20) (actual time=0.004..0.582 rows=10000 loops=1)
 Planning time: 0.196 ms
 Execution time: 4.617 ms
(10 rows)

===== 14 [Wed Mar  7 01:57:22 CET 2018] scale:10000 groups:10 work_mem:8MB incremental:off max_workers:0 =====
SELECT * FROM (SELECT * FROM s_2 ORDER BY a, b) foo ORDER BY a, b, c
                                                        QUERY PLAN                                                        
--------------------------------------------------------------------------------------------------------------------------
 Limit  (cost=1742.77..1742.77 rows=1 width=20) (actual time=5.559..5.559 rows=0 loops=1)
   ->  Sort  (cost=1617.77..1642.77 rows=10000 width=20) (actual time=5.010..5.342 rows=10000 loops=1)
         Sort Key: s_2.a, s_2.b, s_2.c
         Sort Method: quicksort  Memory: 1166kB
         ->  Sort  (cost=828.39..853.39 rows=10000 width=20) (actual time=1.879..2.232 rows=10000 loops=1)
               Sort Key: s_2.a, s_2.b
               Sort Method: quicksort  Memory: 1166kB
               ->  Seq Scan on s_2  (cost=0.00..164.00 rows=10000 width=20) (actual time=0.008..0.582 rows=10000 loops=1)
 Planning time: 0.209 ms
 Execution time: 5.646 ms
(10 rows)

===== 15 [Wed Mar  7 01:57:22 CET 2018] scale:10000 groups:10 work_mem:8MB incremental:off max_workers:0 =====
SELECT * FROM (SELECT * FROM s_3 ORDER BY a, b, c) foo ORDER BY a, b, c, d
                                                        QUERY PLAN                                                        
--------------------------------------------------------------------------------------------------------------------------
 Limit  (cost=1742.77..1742.77 rows=1 width=20) (actual time=6.463..6.463 rows=0 loops=1)
   ->  Sort  (cost=1617.77..1642.77 rows=10000 width=20) (actual time=5.917..6.247 rows=10000 loops=1)
         Sort Key: s_3.a, s_3.b, s_3.c, s_3.d
         Sort Method: quicksort  Memory: 1166kB
         ->  Sort  (cost=828.39..853.39 rows=10000 width=20) (actual time=1.962..2.315 rows=10000 loops=1)
               Sort Key: s_3.a, s_3.b, s_3.c
               Sort Method: quicksort  Memory: 1166kB
               ->  Seq Scan on s_3  (cost=0.00..164.00 rows=10000 width=20) (actual time=0.008..0.583 rows=10000 loops=1)
 Planning time: 0.217 ms
 Execution time: 6.551 ms
(10 rows)

===== 16 [Wed Mar  7 01:57:22 CET 2018] scale:10000 groups:10 work_mem:8MB incremental:off max_workers:0 =====
SELECT * FROM (SELECT * FROM s_4 ORDER BY a, b, c, d) foo ORDER BY a, b, c, d, e
                                                        QUERY PLAN                                                        
--------------------------------------------------------------------------------------------------------------------------
 Limit  (cost=1742.77..1742.77 rows=1 width=20) (actual time=6.553..6.553 rows=0 loops=1)
   ->  Sort  (cost=1617.77..1642.77 rows=10000 width=20) (actual time=6.014..6.336 rows=10000 loops=1)
         Sort Key: s_4.a, s_4.b, s_4.c, s_4.d, s_4.e
         Sort Method: quicksort  Memory: 1166kB
         ->  Sort  (cost=828.39..853.39 rows=10000 width=20) (actual time=2.052..2.407 rows=10000 loops=1)
               Sort Key: s_4.a, s_4.b, s_4.c, s_4.d
               Sort Method: quicksort  Memory: 1166kB
               ->  Seq Scan on s_4  (cost=0.00..164.00 rows=10000 width=20) (actual time=0.004..0.589 rows=10000 loops=1)
 Planning time: 0.215 ms
 Execution time: 6.637 ms
(10 rows)

===== 17 [Wed Mar  7 01:57:22 CET 2018] scale:10000 groups:10 work_mem:16MB incremental:on max_workers:0 =====
SELECT * FROM (SELECT * FROM s_1 ORDER BY a) foo ORDER BY a, b
                                                        QUERY PLAN                                                        
--------------------------------------------------------------------------------------------------------------------------
 Limit  (cost=1720.02..1720.02 rows=1 width=20) (actual time=4.365..4.365 rows=0 loops=1)
   ->  Incremental Sort  (cost=884.42..1620.02 rows=10000 width=20) (actual time=1.889..4.105 rows=10000 loops=1)
         Sort Key: s_1.a, s_1.b
         Presorted Key: s_1.a
         Sort Method: quicksort  Memory: 129kB
         Sort Groups: 11
         ->  Sort  (cost=828.39..853.39 rows=10000 width=20) (actual time=1.757..2.100 rows=10000 loops=1)
               Sort Key: s_1.a
               Sort Method: quicksort  Memory: 1166kB
               ->  Seq Scan on s_1  (cost=0.00..164.00 rows=10000 width=20) (actual time=0.004..0.573 rows=10000 loops=1)
 Planning time: 0.206 ms
 Execution time: 4.415 ms
(12 rows)

===== 18 [Wed Mar  7 01:57:22 CET 2018] scale:10000 groups:10 work_mem:16MB incremental:on max_workers:0 =====
SELECT * FROM (SELECT * FROM s_2 ORDER BY a, b) foo ORDER BY a, b, c
                                                        QUERY PLAN                                                        
--------------------------------------------------------------------------------------------------------------------------
 Limit  (cost=1549.25..1549.25 rows=1 width=20) (actual time=4.844..4.844 rows=0 loops=1)
   ->  Incremental Sort  (cost=832.05..1449.25 rows=10000 width=20) (actual time=1.948..4.587 rows=10000 loops=1)
         Sort Key: s_2.a, s_2.b, s_2.c
         Presorted Key: s_2.a, s_2.b
         Sort Method: quicksort  Memory: 35kB
         Sort Groups: 118
         ->  Sort  (cost=828.39..853.39 rows=10000 width=20) (actual time=1.891..2.255 rows=10000 loops=1)
               Sort Key: s_2.a, s_2.b
               Sort Method: quicksort  Memory: 1166kB
               ->  Seq Scan on s_2  (cost=0.00..164.00 rows=10000 width=20) (actual time=0.007..0.580 rows=10000 loops=1)
 Planning time: 0.211 ms
 Execution time: 4.896 ms
(12 rows)

===== 19 [Wed Mar  7 01:57:22 CET 2018] scale:10000 groups:10 work_mem:16MB incremental:on max_workers:0 =====
SELECT * FROM (SELECT * FROM s_3 ORDER BY a, b, c) foo ORDER BY a, b, c, d
                                                        QUERY PLAN                                                        
--------------------------------------------------------------------------------------------------------------------------
 Limit  (cost=1414.48..1414.48 rows=1 width=20) (actual time=5.374..5.374 rows=0 loops=1)
   ->  Incremental Sort  (cost=828.68..1314.48 rows=10000 width=20) (actual time=2.005..5.076 rows=10000 loops=1)
         Sort Key: s_3.a, s_3.b, s_3.c, s_3.d
         Presorted Key: s_3.a, s_3.b, s_3.c
         Sort Method: quicksort  Memory: 28kB
         Sort Groups: 276
         ->  Sort  (cost=828.39..853.39 rows=10000 width=20) (actual time=1.955..2.344 rows=10000 loops=1)
               Sort Key: s_3.a, s_3.b, s_3.c
               Sort Method: quicksort  Memory: 1166kB
               ->  Seq Scan on s_3  (cost=0.00..164.00 rows=10000 width=20) (actual time=0.008..0.587 rows=10000 loops=1)
 Planning time: 0.216 ms
 Execution time: 5.424 ms
(12 rows)

===== 20 [Wed Mar  7 01:57:23 CET 2018] scale:10000 groups:10 work_mem:16MB incremental:on max_workers:0 =====
SELECT * FROM (SELECT * FROM s_4 ORDER BY a, b, c, d) foo ORDER BY a, b, c, d, e
                                                        QUERY PLAN                                                        
--------------------------------------------------------------------------------------------------------------------------
 Limit  (cost=1414.48..1414.48 rows=1 width=20) (actual time=5.322..5.322 rows=0 loops=1)
   ->  Incremental Sort  (cost=828.68..1314.48 rows=10000 width=20) (actual time=2.044..5.097 rows=10000 loops=1)
         Sort Key: s_4.a, s_4.b, s_4.c, s_4.d, s_4.e
         Presorted Key: s_4.a, s_4.b, s_4.c, s_4.d
         Sort Method: quicksort  Memory: 27kB
         Sort Groups: 309
         ->  Sort  (cost=828.39..853.39 rows=10000 width=20) (actual time=2.000..2.403 rows=10000 loops=1)
               Sort Key: s_4.a, s_4.b, s_4.c, s_4.d
               Sort Method: quicksort  Memory: 1166kB
               ->  Seq Scan on s_4  (cost=0.00..164.00 rows=10000 width=20) (actual time=0.004..0.574 rows=10000 loops=1)
 Planning time: 0.219 ms
 Execution time: 5.378 ms
(12 rows)

===== 21 [Wed Mar  7 01:57:23 CET 2018] scale:10000 groups:10 work_mem:16MB incremental:off max_workers:0 =====
SELECT * FROM (SELECT * FROM s_1 ORDER BY a) foo ORDER BY a, b
                                                        QUERY PLAN                                                        
--------------------------------------------------------------------------------------------------------------------------
 Limit  (cost=1742.77..1742.77 rows=1 width=20) (actual time=4.543..4.543 rows=0 loops=1)
   ->  Sort  (cost=1617.77..1642.77 rows=10000 width=20) (actual time=3.995..4.326 rows=10000 loops=1)
         Sort Key: s_1.a, s_1.b
         Sort Method: quicksort  Memory: 1166kB
         ->  Sort  (cost=828.39..853.39 rows=10000 width=20) (actual time=1.753..2.110 rows=10000 loops=1)
               Sort Key: s_1.a
               Sort Method: quicksort  Memory: 1166kB
               ->  Seq Scan on s_1  (cost=0.00..164.00 rows=10000 width=20) (actual time=0.004..0.579 rows=10000 loops=1)
 Planning time: 0.200 ms
 Execution time: 4.634 ms
(10 rows)

===== 22 [Wed Mar  7 01:57:23 CET 2018] scale:10000 groups:10 work_mem:16MB incremental:off max_workers:0 =====
SELECT * FROM (SELECT * FROM s_2 ORDER BY a, b) foo ORDER BY a, b, c
                                                        QUERY PLAN                                                        
--------------------------------------------------------------------------------------------------------------------------
 Limit  (cost=1742.77..1742.77 rows=1 width=20) (actual time=5.564..5.564 rows=0 loops=1)
   ->  Sort  (cost=1617.77..1642.77 rows=10000 width=20) (actual time=5.015..5.347 rows=10000 loops=1)
         Sort Key: s_2.a, s_2.b, s_2.c
         Sort Method: quicksort  Memory: 1166kB
         ->  Sort  (cost=828.39..853.39 rows=10000 width=20) (actual time=1.875..2.228 rows=10000 loops=1)
               Sort Key: s_2.a, s_2.b
               Sort Method: quicksort  Memory: 1166kB
               ->  Seq Scan on s_2  (cost=0.00..164.00 rows=10000 width=20) (actual time=0.008..0.583 rows=10000 loops=1)
 Planning time: 0.207 ms
 Execution time: 5.653 ms
(10 rows)

===== 23 [Wed Mar  7 01:57:23 CET 2018] scale:10000 groups:10 work_mem:16MB incremental:off max_workers:0 =====
SELECT * FROM (SELECT * FROM s_3 ORDER BY a, b, c) foo ORDER BY a, b, c, d
                                                        QUERY PLAN                                                        
--------------------------------------------------------------------------------------------------------------------------
 Limit  (cost=1742.77..1742.77 rows=1 width=20) (actual time=6.455..6.455 rows=0 loops=1)
   ->  Sort  (cost=1617.77..1642.77 rows=10000 width=20) (actual time=5.910..6.236 rows=10000 loops=1)
         Sort Key: s_3.a, s_3.b, s_3.c, s_3.d
         Sort Method: quicksort  Memory: 1166kB
         ->  Sort  (cost=828.39..853.39 rows=10000 width=20) (actual time=1.958..2.314 rows=10000 loops=1)
               Sort Key: s_3.a, s_3.b, s_3.c
               Sort Method: quicksort  Memory: 1166kB
               ->  Seq Scan on s_3  (cost=0.00..164.00 rows=10000 width=20) (actual time=0.008..0.589 rows=10000 loops=1)
 Planning time: 0.211 ms
 Execution time: 6.544 ms
(10 rows)

===== 24 [Wed Mar  7 01:57:23 CET 2018] scale:10000 groups:10 work_mem:16MB incremental:off max_workers:0 =====
SELECT * FROM (SELECT * FROM s_4 ORDER BY a, b, c, d) foo ORDER BY a, b, c, d, e
                                                        QUERY PLAN                                                        
--------------------------------------------------------------------------------------------------------------------------
 Limit  (cost=1742.77..1742.77 rows=1 width=20) (actual time=6.561..6.561 rows=0 loops=1)
   ->  Sort  (cost=1617.77..1642.77 rows=10000 width=20) (actual time=6.026..6.345 rows=10000 loops=1)
         Sort Key: s_4.a, s_4.b, s_4.c, s_4.d, s_4.e
         Sort Method: quicksort  Memory: 1166kB
         ->  Sort  (cost=828.39..853.39 rows=10000 width=20) (actual time=2.057..2.410 rows=10000 loops=1)
               Sort Key: s_4.a, s_4.b, s_4.c, s_4.d
               Sort Method: quicksort  Memory: 1166kB
               ->  Seq Scan on s_4  (cost=0.00..164.00 rows=10000 width=20) (actual time=0.004..0.582 rows=10000 loops=1)
 Planning time: 0.212 ms
 Execution time: 6.648 ms
(10 rows)

===== 25 [Wed Mar  7 01:57:23 CET 2018] scale:10000 groups:10 work_mem:32MB incremental:on max_workers:0 =====
SELECT * FROM (SELECT * FROM s_1 ORDER BY a) foo ORDER BY a, b
                                                        QUERY PLAN                                                        
--------------------------------------------------------------------------------------------------------------------------
 Limit  (cost=1720.02..1720.02 rows=1 width=20) (actual time=4.344..4.344 rows=0 loops=1)
   ->  Incremental Sort  (cost=884.42..1620.02 rows=10000 width=20) (actual time=1.888..4.084 rows=10000 loops=1)
         Sort Key: s_1.a, s_1.b
         Presorted Key: s_1.a
         Sort Method: quicksort  Memory: 129kB
         Sort Groups: 11
         ->  Sort  (cost=828.39..853.39 rows=10000 width=20) (actual time=1.755..2.098 rows=10000 loops=1)
               Sort Key: s_1.a
               Sort Method: quicksort  Memory: 1166kB
               ->  Seq Scan on s_1  (cost=0.00..164.00 rows=10000 width=20) (actual time=0.004..0.578 rows=10000 loops=1)
 Planning time: 0.205 ms
 Execution time: 4.393 ms
(12 rows)

===== 26 [Wed Mar  7 01:57:23 CET 2018] scale:10000 groups:10 work_mem:32MB incremental:on max_workers:0 =====
SELECT * FROM (SELECT * FROM s_2 ORDER BY a, b) foo ORDER BY a, b, c
                                                        QUERY PLAN                                                        
--------------------------------------------------------------------------------------------------------------------------
 Limit  (cost=1549.25..1549.25 rows=1 width=20) (actual time=4.844..4.844 rows=0 loops=1)
   ->  Incremental Sort  (cost=832.05..1449.25 rows=10000 width=20) (actual time=1.941..4.588 rows=10000 loops=1)
         Sort Key: s_2.a, s_2.b, s_2.c
         Presorted Key: s_2.a, s_2.b
         Sort Method: quicksort  Memory: 35kB
         Sort Groups: 118
         ->  Sort  (cost=828.39..853.39 rows=10000 width=20) (actual time=1.888..2.250 rows=10000 loops=1)
               Sort Key: s_2.a, s_2.b
               Sort Method: quicksort  Memory: 1166kB
               ->  Seq Scan on s_2  (cost=0.00..164.00 rows=10000 width=20) (actual time=0.007..0.579 rows=10000 loops=1)
 Planning time: 0.207 ms
 Execution time: 4.893 ms
(12 rows)

===== 27 [Wed Mar  7 01:57:23 CET 2018] scale:10000 groups:10 work_mem:32MB incremental:on max_workers:0 =====
SELECT * FROM (SELECT * FROM s_3 ORDER BY a, b, c) foo ORDER BY a, b, c, d
                                                        QUERY PLAN                                                        
--------------------------------------------------------------------------------------------------------------------------
 Limit  (cost=1414.48..1414.48 rows=1 width=20) (actual time=5.323..5.323 rows=0 loops=1)
   ->  Incremental Sort  (cost=828.68..1314.48 rows=10000 width=20) (actual time=2.003..5.066 rows=10000 loops=1)
         Sort Key: s_3.a, s_3.b, s_3.c, s_3.d
         Presorted Key: s_3.a, s_3.b, s_3.c
         Sort Method: quicksort  Memory: 28kB
         Sort Groups: 276
         ->  Sort  (cost=828.39..853.39 rows=10000 width=20) (actual time=1.955..2.342 rows=10000 loops=1)
               Sort Key: s_3.a, s_3.b, s_3.c
               Sort Method: quicksort  Memory: 1166kB
               ->  Seq Scan on s_3  (cost=0.00..164.00 rows=10000 width=20) (actual time=0.008..0.591 rows=10000 loops=1)
 Planning time: 0.218 ms
 Execution time: 5.372 ms
(12 rows)

===== 28 [Wed Mar  7 01:57:23 CET 2018] scale:10000 groups:10 work_mem:32MB incremental:on max_workers:0 =====
SELECT * FROM (SELECT * FROM s_4 ORDER BY a, b, c, d) foo ORDER BY a, b, c, d, e
                                                        QUERY PLAN                                                        
--------------------------------------------------------------------------------------------------------------------------
 Limit  (cost=1414.48..1414.48 rows=1 width=20) (actual time=5.331..5.331 rows=0 loops=1)
   ->  Incremental Sort  (cost=828.68..1314.48 rows=10000 width=20) (actual time=2.052..5.107 rows=10000 loops=1)
         Sort Key: s_4.a, s_4.b, s_4.c, s_4.d, s_4.e
         Presorted Key: s_4.a, s_4.b, s_4.c, s_4.d
         Sort Method: quicksort  Memory: 27kB
         Sort Groups: 309
         ->  Sort  (cost=828.39..853.39 rows=10000 width=20) (actual time=2.008..2.412 rows=10000 loops=1)
               Sort Key: s_4.a, s_4.b, s_4.c, s_4.d
               Sort Method: quicksort  Memory: 1166kB
               ->  Seq Scan on s_4  (cost=0.00..164.00 rows=10000 width=20) (actual time=0.004..0.583 rows=10000 loops=1)
 Planning time: 0.223 ms
 Execution time: 5.390 ms
(12 rows)

===== 29 [Wed Mar  7 01:57:23 CET 2018] scale:10000 groups:10 work_mem:32MB incremental:off max_workers:0 =====
SELECT * FROM (SELECT * FROM s_1 ORDER BY a) foo ORDER BY a, b
                                                        QUERY PLAN                                                        
--------------------------------------------------------------------------------------------------------------------------
 Limit  (cost=1742.77..1742.77 rows=1 width=20) (actual time=4.545..4.545 rows=0 loops=1)
   ->  Sort  (cost=1617.77..1642.77 rows=10000 width=20) (actual time=3.997..4.328 rows=10000 loops=1)
         Sort Key: s_1.a, s_1.b
         Sort Method: quicksort  Memory: 1166kB
         ->  Sort  (cost=828.39..853.39 rows=10000 width=20) (actual time=1.753..2.106 rows=10000 loops=1)
               Sort Key: s_1.a
               Sort Method: quicksort  Memory: 1166kB
               ->  Seq Scan on s_1  (cost=0.00..164.00 rows=10000 width=20) (actual time=0.004..0.585 rows=10000 loops=1)
 Planning time: 0.203 ms
 Execution time: 4.632 ms
(10 rows)

===== 30 [Wed Mar  7 01:57:23 CET 2018] scale:10000 groups:10 work_mem:32MB incremental:off max_workers:0 =====
SELECT * FROM (SELECT * FROM s_2 ORDER BY a, b) foo ORDER BY a, b, c
                                                        QUERY PLAN                                                        
--------------------------------------------------------------------------------------------------------------------------
 Limit  (cost=1742.77..1742.77 rows=1 width=20) (actual time=5.565..5.565 rows=0 loops=1)
   ->  Sort  (cost=1617.77..1642.77 rows=10000 width=20) (actual time=5.013..5.346 rows=10000 loops=1)
         Sort Key: s_2.a, s_2.b, s_2.c
         Sort Method: quicksort  Memory: 1166kB
         ->  Sort  (cost=828.39..853.39 rows=10000 width=20) (actual time=1.879..2.235 rows=10000 loops=1)
               Sort Key: s_2.a, s_2.b
               Sort Method: quicksort  Memory: 1166kB
               ->  Seq Scan on s_2  (cost=0.00..164.00 rows=10000 width=20) (actual time=0.008..0.582 rows=10000 loops=1)
 Planning time: 0.202 ms
 Execution time: 5.651 ms
(10 rows)

===== 31 [Wed Mar  7 01:57:24 CET 2018] scale:10000 groups:10 work_mem:32MB incremental:off max_workers:0 =====
SELECT * FROM (SELECT * FROM s_3 ORDER BY a, b, c) foo ORDER BY a, b, c, d
                                                        QUERY PLAN                                                        
--------------------------------------------------------------------------------------------------------------------------
 Limit  (cost=1742.77..1742.77 rows=1 width=20) (actual time=6.466..6.466 rows=0 loops=1)
   ->  Sort  (cost=1617.77..1642.77 rows=10000 width=20) (actual time=5.921..6.248 rows=10000 loops=1)
         Sort Key: s_3.a, s_3.b, s_3.c, s_3.d
         Sort Method: quicksort  Memory: 1166kB
         ->  Sort  (cost=828.39..853.39 rows=10000 width=20) (actual time=1.962..2.316 rows=10000 loops=1)
               Sort Key: s_3.a, s_3.b, s_3.c
               Sort Method: quicksort  Memory: 1166kB
               ->  Seq Scan on s_3  (cost=0.00..164.00 rows=10000 width=20) (actual time=0.007..0.591 rows=10000 loops=1)
 Planning time: 0.210 ms
 Execution time: 6.552 ms
(10 rows)

===== 32 [Wed Mar  7 01:57:24 CET 2018] scale:10000 groups:10 work_mem:32MB incremental:off max_workers:0 =====
SELECT * FROM (SELECT * FROM s_4 ORDER BY a, b, c, d) foo ORDER BY a, b, c, d, e
                                                        QUERY PLAN                                                        
--------------------------------------------------------------------------------------------------------------------------
 Limit  (cost=1742.77..1742.77 rows=1 width=20) (actual time=6.557..6.557 rows=0 loops=1)
   ->  Sort  (cost=1617.77..1642.77 rows=10000 width=20) (actual time=6.019..6.339 rows=10000 loops=1)
         Sort Key: s_4.a, s_4.b, s_4.c, s_4.d, s_4.e
         Sort Method: quicksort  Memory: 1166kB
         ->  Sort  (cost=828.39..853.39 rows=10000 width=20) (actual time=2.051..2.409 rows=10000 loops=1)
               Sort Key: s_4.a, s_4.b, s_4.c, s_4.d
               Sort Method: quicksort  Memory: 1166kB
               ->  Seq Scan on s_4  (cost=0.00..164.00 rows=10000 width=20) (actual time=0.004..0.579 rows=10000 loops=1)
 Planning time: 0.213 ms
 Execution time: 6.642 ms
(10 rows)

===== 33 [Wed Mar  7 01:57:24 CET 2018] scale:10000 groups:10 work_mem:64MB incremental:on max_workers:0 =====
SELECT * FROM (SELECT * FROM s_1 ORDER BY a) foo ORDER BY a, b
                                                        QUERY PLAN                                                        
--------------------------------------------------------------------------------------------------------------------------
 Limit  (cost=1720.02..1720.02 rows=1 width=20) (actual time=4.355..4.355 rows=0 loops=1)
   ->  Incremental Sort  (cost=884.42..1620.02 rows=10000 width=20) (actual time=1.886..4.099 rows=10000 loops=1)
         Sort Key: s_1.a, s_1.b
         Presorted Key: s_1.a
         Sort Method: quicksort  Memory: 129kB
         Sort Groups: 11
         ->  Sort  (cost=828.39..853.39 rows=10000 width=20) (actual time=1.750..2.096 rows=10000 loops=1)
               Sort Key: s_1.a
               Sort Method: quicksort  Memory: 1166kB
               ->  Seq Scan on s_1  (cost=0.00..164.00 rows=10000 width=20) (actual time=0.004..0.576 rows=10000 loops=1)
 Planning time: 0.205 ms
 Execution time: 4.406 ms
(12 rows)

===== 34 [Wed Mar  7 01:57:24 CET 2018] scale:10000 groups:10 work_mem:64MB incremental:on max_workers:0 =====
SELECT * FROM (SELECT * FROM s_2 ORDER BY a, b) foo ORDER BY a, b, c
                                                        QUERY PLAN                                                        
--------------------------------------------------------------------------------------------------------------------------
 Limit  (cost=1549.25..1549.25 rows=1 width=20) (actual time=4.835..4.835 rows=0 loops=1)
   ->  Incremental Sort  (cost=832.05..1449.25 rows=10000 width=20) (actual time=1.935..4.575 rows=10000 loops=1)
         Sort Key: s_2.a, s_2.b, s_2.c
         Presorted Key: s_2.a, s_2.b
         Sort Method: quicksort  Memory: 35kB
         Sort Groups: 118
         ->  Sort  (cost=828.39..853.39 rows=10000 width=20) (actual time=1.881..2.243 rows=10000 loops=1)
               Sort Key: s_2.a, s_2.b
               Sort Method: quicksort  Memory: 1166kB
               ->  Seq Scan on s_2  (cost=0.00..164.00 rows=10000 width=20) (actual time=0.007..0.580 rows=10000 loops=1)
 Planning time: 0.207 ms
 Execution time: 4.883 ms
(12 rows)

===== 35 [Wed Mar  7 01:57:24 CET 2018] scale:10000 groups:10 work_mem:64MB incremental:on max_workers:0 =====
SELECT * FROM (SELECT * FROM s_3 ORDER BY a, b, c) foo ORDER BY a, b, c, d
                                                        QUERY PLAN                                                        
--------------------------------------------------------------------------------------------------------------------------
 Limit  (cost=1414.48..1414.48 rows=1 width=20) (actual time=5.317..5.317 rows=0 loops=1)
   ->  Incremental Sort  (cost=828.68..1314.48 rows=10000 width=20) (actual time=1.998..5.064 rows=10000 loops=1)
         Sort Key: s_3.a, s_3.b, s_3.c, s_3.d
         Presorted Key: s_3.a, s_3.b, s_3.c
         Sort Method: quicksort  Memory: 28kB
         Sort Groups: 276
         ->  Sort  (cost=828.39..853.39 rows=10000 width=20) (actual time=1.949..2.336 rows=10000 loops=1)
               Sort Key: s_3.a, s_3.b, s_3.c
               Sort Method: quicksort  Memory: 1166kB
               ->  Seq Scan on s_3  (cost=0.00..164.00 rows=10000 width=20) (actual time=0.007..0.584 rows=10000 loops=1)
 Planning time: 0.216 ms
 Execution time: 5.367 ms
(12 rows)

===== 36 [Wed Mar  7 01:57:24 CET 2018] scale:10000 groups:10 work_mem:64MB incremental:on max_workers:0 =====
SELECT * FROM (SELECT * FROM s_4 ORDER BY a, b, c, d) foo ORDER BY a, b, c, d, e
                                                        QUERY PLAN                                                        
--------------------------------------------------------------------------------------------------------------------------
 Limit  (cost=1414.48..1414.48 rows=1 width=20) (actual time=5.324..5.324 rows=0 loops=1)
   ->  Incremental Sort  (cost=828.68..1314.48 rows=10000 width=20) (actual time=2.045..5.100 rows=10000 loops=1)
         Sort Key: s_4.a, s_4.b, s_4.c, s_4.d, s_4.e
         Presorted Key: s_4.a, s_4.b, s_4.c, s_4.d
         Sort Method: quicksort  Memory: 27kB
         Sort Groups: 309
         ->  Sort  (cost=828.39..853.39 rows=10000 width=20) (actual time=2.001..2.404 rows=10000 loops=1)
               Sort Key: s_4.a, s_4.b, s_4.c, s_4.d
               Sort Method: quicksort  Memory: 1166kB
               ->  Seq Scan on s_4  (cost=0.00..164.00 rows=10000 width=20) (actual time=0.004..0.577 rows=10000 loops=1)
 Planning time: 0.220 ms
 Execution time: 5.381 ms
(12 rows)

===== 37 [Wed Mar  7 01:57:24 CET 2018] scale:10000 groups:10 work_mem:64MB incremental:off max_workers:0 =====
SELECT * FROM (SELECT * FROM s_1 ORDER BY a) foo ORDER BY a, b
                                                        QUERY PLAN                                                        
--------------------------------------------------------------------------------------------------------------------------
 Limit  (cost=1742.77..1742.77 rows=1 width=20) (actual time=4.536..4.536 rows=0 loops=1)
   ->  Sort  (cost=1617.77..1642.77 rows=10000 width=20) (actual time=3.988..4.320 rows=10000 loops=1)
         Sort Key: s_1.a, s_1.b
         Sort Method: quicksort  Memory: 1166kB
         ->  Sort  (cost=828.39..853.39 rows=10000 width=20) (actual time=1.751..2.104 rows=10000 loops=1)
               Sort Key: s_1.a
               Sort Method: quicksort  Memory: 1166kB
               ->  Seq Scan on s_1  (cost=0.00..164.00 rows=10000 width=20) (actual time=0.004..0.576 rows=10000 loops=1)
 Planning time: 0.202 ms
 Execution time: 4.623 ms
(10 rows)

===== 38 [Wed Mar  7 01:57:24 CET 2018] scale:10000 groups:10 work_mem:64MB incremental:off max_workers:0 =====
SELECT * FROM (SELECT * FROM s_2 ORDER BY a, b) foo ORDER BY a, b, c
                                                        QUERY PLAN                                                        
--------------------------------------------------------------------------------------------------------------------------
 Limit  (cost=1742.77..1742.77 rows=1 width=20) (actual time=5.565..5.565 rows=0 loops=1)
   ->  Sort  (cost=1617.77..1642.77 rows=10000 width=20) (actual time=5.015..5.348 rows=10000 loops=1)
         Sort Key: s_2.a, s_2.b, s_2.c
         Sort Method: quicksort  Memory: 1166kB
         ->  Sort  (cost=828.39..853.39 rows=10000 width=20) (actual time=1.879..2.235 rows=10000 loops=1)
               Sort Key: s_2.a, s_2.b
               Sort Method: quicksort  Memory: 1166kB
               ->  Seq Scan on s_2  (cost=0.00..164.00 rows=10000 width=20) (actual time=0.008..0.583 rows=10000 loops=1)
 Planning time: 0.200 ms
 Execution time: 5.651 ms
(10 rows)

===== 39 [Wed Mar  7 01:57:24 CET 2018] scale:10000 groups:10 work_mem:64MB incremental:off max_workers:0 =====
SELECT * FROM (SELECT * FROM s_3 ORDER BY a, b, c) foo ORDER BY a, b, c, d
                                                        QUERY PLAN                                                        
--------------------------------------------------------------------------------------------------------------------------
 Limit  (cost=1742.77..1742.77 rows=1 width=20) (actual time=6.466..6.466 rows=0 loops=1)
   ->  Sort  (cost=1617.77..1642.77 rows=10000 width=20) (actual time=5.918..6.249 rows=10000 loops=1)
         Sort Key: s_3.a, s_3.b, s_3.c, s_3.d
         Sort Method: quicksort  Memory: 1166kB
         ->  Sort  (cost=828.39..853.39 rows=10000 width=20) (actual time=1.960..2.312 rows=10000 loops=1)
               Sort Key: s_3.a, s_3.b, s_3.c
               Sort Method: quicksort  Memory: 1166kB
               ->  Seq Scan on s_3  (cost=0.00..164.00 rows=10000 width=20) (actual time=0.007..0.592 rows=10000 loops=1)
 Planning time: 0.209 ms
 Execution time: 6.553 ms
(10 rows)

===== 40 [Wed Mar  7 01:57:24 CET 2018] scale:10000 groups:10 work_mem:64MB incremental:off max_workers:0 =====
SELECT * FROM (SELECT * FROM s_4 ORDER BY a, b, c, d) foo ORDER BY a, b, c, d, e
                                                        QUERY PLAN                                                        
--------------------------------------------------------------------------------------------------------------------------
 Limit  (cost=1742.77..1742.77 rows=1 width=20) (actual time=6.545..6.545 rows=0 loops=1)
   ->  Sort  (cost=1617.77..1642.77 rows=10000 width=20) (actual time=6.010..6.328 rows=10000 loops=1)
         Sort Key: s_4.a, s_4.b, s_4.c, s_4.d, s_4.e
         Sort Method: quicksort  Memory: 1166kB
         ->  Sort  (cost=828.39..853.39 rows=10000 width=20) (actual time=2.046..2.401 rows=10000 loops=1)
               Sort Key: s_4.a, s_4.b, s_4.c, s_4.d
               Sort Method: quicksort  Memory: 1166kB
               ->  Seq Scan on s_4  (cost=0.00..164.00 rows=10000 width=20) (actual time=0.004..0.582 rows=10000 loops=1)
 Planning time: 0.211 ms
 Execution time: 6.633 ms
(10 rows)

===== 41 [Wed Mar  7 01:57:25 CET 2018] scale:10000 groups:10 work_mem:128MB incremental:on max_workers:0 =====
SELECT * FROM (SELECT * FROM s_1 ORDER BY a) foo ORDER BY a, b
                                                        QUERY PLAN                                                        
--------------------------------------------------------------------------------------------------------------------------
 Limit  (cost=1720.02..1720.02 rows=1 width=20) (actual time=4.366..4.366 rows=0 loops=1)
   ->  Incremental Sort  (cost=884.42..1620.02 rows=10000 width=20) (actual time=1.892..4.109 rows=10000 loops=1)
         Sort Key: s_1.a, s_1.b
         Presorted Key: s_1.a
         Sort Method: quicksort  Memory: 129kB
         Sort Groups: 11
         ->  Sort  (cost=828.39..853.39 rows=10000 width=20) (actual time=1.758..2.106 rows=10000 loops=1)
               Sort Key: s_1.a
               Sort Method: quicksort  Memory: 1166kB
               ->  Seq Scan on s_1  (cost=0.00..164.00 rows=10000 width=20) (actual time=0.004..0.570 rows=10000 loops=1)
 Planning time: 0.215 ms
 Execution time: 4.416 ms
(12 rows)

===== 42 [Wed Mar  7 01:57:25 CET 2018] scale:10000 groups:10 work_mem:128MB incremental:on max_workers:0 =====
SELECT * FROM (SELECT * FROM s_2 ORDER BY a, b) foo ORDER BY a, b, c
                                                        QUERY PLAN                                                        
--------------------------------------------------------------------------------------------------------------------------
 Limit  (cost=1549.25..1549.25 rows=1 width=20) (actual time=4.850..4.850 rows=0 loops=1)
   ->  Incremental Sort  (cost=832.05..1449.25 rows=10000 width=20) (actual time=1.944..4.589 rows=10000 loops=1)
         Sort Key: s_2.a, s_2.b, s_2.c
         Presorted Key: s_2.a, s_2.b
         Sort Method: quicksort  Memory: 35kB
         Sort Groups: 118
         ->  Sort  (cost=828.39..853.39 rows=10000 width=20) (actual time=1.887..2.249 rows=10000 loops=1)
               Sort Key: s_2.a, s_2.b
               Sort Method: quicksort  Memory: 1166kB
               ->  Seq Scan on s_2  (cost=0.00..164.00 rows=10000 width=20) (actual time=0.008..0.580 rows=10000 loops=1)
 Planning time: 0.204 ms
 Execution time: 4.900 ms
(12 rows)

===== 43 [Wed Mar  7 01:57:25 CET 2018] scale:10000 groups:10 work_mem:128MB incremental:on max_workers:0 =====
SELECT * FROM (SELECT * FROM s_3 ORDER BY a, b, c) foo ORDER BY a, b, c, d
                                                        QUERY PLAN                                                        
--------------------------------------------------------------------------------------------------------------------------
 Limit  (cost=1414.48..1414.48 rows=1 width=20) (actual time=5.320..5.320 rows=0 loops=1)
   ->  Incremental Sort  (cost=828.68..1314.48 rows=10000 width=20) (actual time=1.999..5.067 rows=10000 loops=1)
         Sort Key: s_3.a, s_3.b, s_3.c, s_3.d
         Presorted Key: s_3.a, s_3.b, s_3.c
         Sort Method: quicksort  Memory: 28kB
         Sort Groups: 276
         ->  Sort  (cost=828.39..853.39 rows=10000 width=20) (actual time=1.950..2.338 rows=10000 loops=1)
               Sort Key: s_3.a, s_3.b, s_3.c
               Sort Method: quicksort  Memory: 1166kB
               ->  Seq Scan on s_3  (cost=0.00..164.00 rows=10000 width=20) (actual time=0.007..0.585 rows=10000 loops=1)
 Planning time: 0.212 ms
 Execution time: 5.371 ms
(12 rows)

===== 44 [Wed Mar  7 01:57:25 CET 2018] scale:10000 groups:10 work_mem:128MB incremental:on max_workers:0 =====
SELECT * FROM (SELECT * FROM s_4 ORDER BY a, b, c, d) foo ORDER BY a, b, c, d, e
                                                        QUERY PLAN                                                        
--------------------------------------------------------------------------------------------------------------------------
 Limit  (cost=1414.48..1414.48 rows=1 width=20) (actual time=5.332..5.332 rows=0 loops=1)
   ->  Incremental Sort  (cost=828.68..1314.48 rows=10000 width=20) (actual time=2.050..5.107 rows=10000 loops=1)
         Sort Key: s_4.a, s_4.b, s_4.c, s_4.d, s_4.e
         Presorted Key: s_4.a, s_4.b, s_4.c, s_4.d
         Sort Method: quicksort  Memory: 27kB
         Sort Groups: 309
         ->  Sort  (cost=828.39..853.39 rows=10000 width=20) (actual time=2.006..2.406 rows=10000 loops=1)
               Sort Key: s_4.a, s_4.b, s_4.c, s_4.d
               Sort Method: quicksort  Memory: 1166kB
               ->  Seq Scan on s_4  (cost=0.00..164.00 rows=10000 width=20) (actual time=0.004..0.576 rows=10000 loops=1)
 Planning time: 0.219 ms
 Execution time: 5.387 ms
(12 rows)

===== 45 [Wed Mar  7 01:57:25 CET 2018] scale:10000 groups:10 work_mem:128MB incremental:off max_workers:0 =====
SELECT * FROM (SELECT * FROM s_1 ORDER BY a) foo ORDER BY a, b
                                                        QUERY PLAN                                                        
--------------------------------------------------------------------------------------------------------------------------
 Limit  (cost=1742.77..1742.77 rows=1 width=20) (actual time=4.540..4.540 rows=0 loops=1)
   ->  Sort  (cost=1617.77..1642.77 rows=10000 width=20) (actual time=3.988..4.323 rows=10000 loops=1)
         Sort Key: s_1.a, s_1.b
         Sort Method: quicksort  Memory: 1166kB
         ->  Sort  (cost=828.39..853.39 rows=10000 width=20) (actual time=1.748..2.106 rows=10000 loops=1)
               Sort Key: s_1.a
               Sort Method: quicksort  Memory: 1166kB
               ->  Seq Scan on s_1  (cost=0.00..164.00 rows=10000 width=20) (actual time=0.004..0.580 rows=10000 loops=1)
 Planning time: 0.199 ms
 Execution time: 4.627 ms
(10 rows)

===== 46 [Wed Mar  7 01:57:25 CET 2018] scale:10000 groups:10 work_mem:128MB incremental:off max_workers:0 =====
SELECT * FROM (SELECT * FROM s_2 ORDER BY a, b) foo ORDER BY a, b, c
                                                        QUERY PLAN                                                        
--------------------------------------------------------------------------------------------------------------------------
 Limit  (cost=1742.77..1742.77 rows=1 width=20) (actual time=5.572..5.572 rows=0 loops=1)
   ->  Sort  (cost=1617.77..1642.77 rows=10000 width=20) (actual time=5.020..5.351 rows=10000 loops=1)
         Sort Key: s_2.a, s_2.b, s_2.c
         Sort Method: quicksort  Memory: 1166kB
         ->  Sort  (cost=828.39..853.39 rows=10000 width=20) (actual time=1.887..2.239 rows=10000 loops=1)
               Sort Key: s_2.a, s_2.b
               Sort Method: quicksort  Memory: 1166kB
               ->  Seq Scan on s_2  (cost=0.00..164.00 rows=10000 width=20) (actual time=0.008..0.583 rows=10000 loops=1)
 Planning time: 0.204 ms
 Execution time: 5.658 ms
(10 rows)

===== 47 [Wed Mar  7 01:57:25 CET 2018] scale:10000 groups:10 work_mem:128MB incremental:off max_workers:0 =====
SELECT * FROM (SELECT * FROM s_3 ORDER BY a, b, c) foo ORDER BY a, b, c, d
                                                        QUERY PLAN                                                        
--------------------------------------------------------------------------------------------------------------------------
 Limit  (cost=1742.77..1742.77 rows=1 width=20) (actual time=6.464..6.464 rows=0 loops=1)
   ->  Sort  (cost=1617.77..1642.77 rows=10000 width=20) (actual time=5.920..6.248 rows=10000 loops=1)
         Sort Key: s_3.a, s_3.b, s_3.c, s_3.d
         Sort Method: quicksort  Memory: 1166kB
         ->  Sort  (cost=828.39..853.39 rows=10000 width=20) (actual time=1.965..2.318 rows=10000 loops=1)
               Sort Key: s_3.a, s_3.b, s_3.c
               Sort Method: quicksort  Memory: 1166kB
               ->  Seq Scan on s_3  (cost=0.00..164.00 rows=10000 width=20) (actual time=0.007..0.589 rows=10000 loops=1)
 Planning time: 0.206 ms
 Execution time: 6.552 ms
(10 rows)

===== 48 [Wed Mar  7 01:57:25 CET 2018] scale:10000 groups:10 work_mem:128MB incremental:off max_workers:0 =====
SELECT * FROM (SELECT * FROM s_4 ORDER BY a, b, c, d) foo ORDER BY a, b, c, d, e
                                                        QUERY PLAN                                                        
--------------------------------------------------------------------------------------------------------------------------
 Limit  (cost=1742.77..1742.77 rows=1 width=20) (actual time=6.564..6.564 rows=0 loops=1)
   ->  Sort  (cost=1617.77..1642.77 rows=10000 width=20) (actual time=6.026..6.347 rows=10000 loops=1)
         Sort Key: s_4.a, s_4.b, s_4.c, s_4.d, s_4.e
         Sort Method: quicksort  Memory: 1166kB
         ->  Sort  (cost=828.39..853.39 rows=10000 width=20) (actual time=2.052..2.404 rows=10000 loops=1)
               Sort Key: s_4.a, s_4.b, s_4.c, s_4.d
               Sort Method: quicksort  Memory: 1166kB
               ->  Seq Scan on s_4  (cost=0.00..164.00 rows=10000 width=20) (actual time=0.004..0.584 rows=10000 loops=1)
 Planning time: 0.212 ms
 Execution time: 6.651 ms
(10 rows)

===== 49 [Wed Mar  7 01:57:25 CET 2018] scale:10000 groups:10 work_mem:256MB incremental:on max_workers:0 =====
SELECT * FROM (SELECT * FROM s_1 ORDER BY a) foo ORDER BY a, b
                                                        QUERY PLAN                                                        
--------------------------------------------------------------------------------------------------------------------------
 Limit  (cost=1720.02..1720.02 rows=1 width=20) (actual time=4.350..4.350 rows=0 loops=1)
   ->  Incremental Sort  (cost=884.42..1620.02 rows=10000 width=20) (actual time=1.889..4.093 rows=10000 loops=1)
         Sort Key: s_1.a, s_1.b
         Presorted Key: s_1.a
         Sort Method: quicksort  Memory: 129kB
         Sort Groups: 11
         ->  Sort  (cost=828.39..853.39 rows=10000 width=20) (actual time=1.756..2.098 rows=10000 loops=1)
               Sort Key: s_1.a
               Sort Method: quicksort  Memory: 1166kB
               ->  Seq Scan on s_1  (cost=0.00..164.00 rows=10000 width=20) (actual time=0.004..0.572 rows=10000 loops=1)
 Planning time: 0.201 ms
 Execution time: 4.399 ms
(12 rows)

===== 50 [Wed Mar  7 01:57:25 CET 2018] scale:10000 groups:10 work_mem:256MB incremental:on max_workers:0 =====
SELECT * FROM (SELECT * FROM s_2 ORDER BY a, b) foo ORDER BY a, b, c
                                                        QUERY PLAN                                                        
--------------------------------------------------------------------------------------------------------------------------
 Limit  (cost=1549.25..1549.25 rows=1 width=20) (actual time=4.842..4.842 rows=0 loops=1)
   ->  Incremental Sort  (cost=832.05..1449.25 rows=10000 width=20) (actual time=1.943..4.586 rows=10000 loops=1)
         Sort Key: s_2.a, s_2.b, s_2.c
         Presorted Key: s_2.a, s_2.b
         Sort Method: quicksort  Memory: 35kB
         Sort Groups: 118
         ->  Sort  (cost=828.39..853.39 rows=10000 width=20) (actual time=1.889..2.254 rows=10000 loops=1)
               Sort Key: s_2.a, s_2.b
               Sort Method: quicksort  Memory: 1166kB
               ->  Seq Scan on s_2  (cost=0.00..164.00 rows=10000 width=20) (actual time=0.007..0.579 rows=10000 loops=1)
 Planning time: 0.208 ms
 Execution time: 4.891 ms
(12 rows)

===== 51 [Wed Mar  7 01:57:25 CET 2018] scale:10000 groups:10 work_mem:256MB incremental:on max_workers:0 =====
SELECT * FROM (SELECT * FROM s_3 ORDER BY a, b, c) foo ORDER BY a, b, c, d
                                                        QUERY PLAN                                                        
--------------------------------------------------------------------------------------------------------------------------
 Limit  (cost=1414.48..1414.48 rows=1 width=20) (actual time=5.327..5.327 rows=0 loops=1)
   ->  Incremental Sort  (cost=828.68..1314.48 rows=10000 width=20) (actual time=2.009..5.070 rows=10000 loops=1)
         Sort Key: s_3.a, s_3.b, s_3.c, s_3.d
         Presorted Key: s_3.a, s_3.b, s_3.c
         Sort Method: quicksort  Memory: 28kB
         Sort Groups: 276
         ->  Sort  (cost=828.39..853.39 rows=10000 width=20) (actual time=1.960..2.348 rows=10000 loops=1)
               Sort Key: s_3.a, s_3.b, s_3.c
               Sort Method: quicksort  Memory: 1166kB
               ->  Seq Scan on s_3  (cost=0.00..164.00 rows=10000 width=20) (actual time=0.007..0.591 rows=10000 loops=1)
 Planning time: 0.220 ms
 Execution time: 5.375 ms
(12 rows)

===== 52 [Wed Mar  7 01:57:26 CET 2018] scale:10000 groups:10 work_mem:256MB incremental:on max_workers:0 =====
SELECT * FROM (SELECT * FROM s_4 ORDER BY a, b, c, d) foo ORDER BY a, b, c, d, e
                                                        QUERY PLAN                                                        
--------------------------------------------------------------------------------------------------------------------------
 Limit  (cost=1414.48..1414.48 rows=1 width=20) (actual time=5.320..5.320 rows=0 loops=1)
   ->  Incremental Sort  (cost=828.68..1314.48 rows=10000 width=20) (actual time=2.043..5.096 rows=10000 loops=1)
         Sort Key: s_4.a, s_4.b, s_4.c, s_4.d, s_4.e
         Presorted Key: s_4.a, s_4.b, s_4.c, s_4.d
         Sort Method: quicksort  Memory: 27kB
         Sort Groups: 309
         ->  Sort  (cost=828.39..853.39 rows=10000 width=20) (actual time=1.998..2.399 rows=10000 loops=1)
               Sort Key: s_4.a, s_4.b, s_4.c, s_4.d
               Sort Method: quicksort  Memory: 1166kB
               ->  Seq Scan on s_4  (cost=0.00..164.00 rows=10000 width=20) (actual time=0.004..0.574 rows=10000 loops=1)
 Planning time: 0.220 ms
 Execution time: 5.379 ms
(12 rows)

===== 53 [Wed Mar  7 01:57:26 CET 2018] scale:10000 groups:10 work_mem:256MB incremental:off max_workers:0 =====
SELECT * FROM (SELECT * FROM s_1 ORDER BY a) foo ORDER BY a, b
                                                        QUERY PLAN                                                        
--------------------------------------------------------------------------------------------------------------------------
 Limit  (cost=1742.77..1742.77 rows=1 width=20) (actual time=4.535..4.535 rows=0 loops=1)
   ->  Sort  (cost=1617.77..1642.77 rows=10000 width=20) (actual time=3.987..4.318 rows=10000 loops=1)
         Sort Key: s_1.a, s_1.b
         Sort Method: quicksort  Memory: 1166kB
         ->  Sort  (cost=828.39..853.39 rows=10000 width=20) (actual time=1.749..2.102 rows=10000 loops=1)
               Sort Key: s_1.a
               Sort Method: quicksort  Memory: 1166kB
               ->  Seq Scan on s_1  (cost=0.00..164.00 rows=10000 width=20) (actual time=0.004..0.576 rows=10000 loops=1)
 Planning time: 0.196 ms
 Execution time: 4.626 ms
(10 rows)

===== 54 [Wed Mar  7 01:57:26 CET 2018] scale:10000 groups:10 work_mem:256MB incremental:off max_workers:0 =====
SELECT * FROM (SELECT * FROM s_2 ORDER BY a, b) foo ORDER BY a, b, c
                                                        QUERY PLAN                                                        
--------------------------------------------------------------------------------------------------------------------------
 Limit  (cost=1742.77..1742.77 rows=1 width=20) (actual time=5.563..5.563 rows=0 loops=1)
   ->  Sort  (cost=1617.77..1642.77 rows=10000 width=20) (actual time=5.016..5.346 rows=10000 loops=1)
         Sort Key: s_2.a, s_2.b, s_2.c
         Sort Method: quicksort  Memory: 1166kB
         ->  Sort  (cost=828.39..853.39 rows=10000 width=20) (actual time=1.881..2.237 rows=10000 loops=1)
               Sort Key: s_2.a, s_2.b
               Sort Method: quicksort  Memory: 1166kB
               ->  Seq Scan on s_2  (cost=0.00..164.00 rows=10000 width=20) (actual time=0.008..0.582 rows=10000 loops=1)
 Planning time: 0.202 ms
 Execution time: 5.649 ms
(10 rows)

===== 55 [Wed Mar  7 01:57:26 CET 2018] scale:10000 groups:10 work_mem:256MB incremental:off max_workers:0 =====
SELECT * FROM (SELECT * FROM s_3 ORDER BY a, b, c) foo ORDER BY a, b, c, d
                                                        QUERY PLAN                                                        
--------------------------------------------------------------------------------------------------------------------------
 Limit  (cost=1742.77..1742.77 rows=1 width=20) (actual time=6.463..6.463 rows=0 loops=1)
   ->  Sort  (cost=1617.77..1642.77 rows=10000 width=20) (actual time=5.916..6.245 rows=10000 loops=1)
         Sort Key: s_3.a, s_3.b, s_3.c, s_3.d
         Sort Method: quicksort  Memory: 1166kB
         ->  Sort  (cost=828.39..853.39 rows=10000 width=20) (actual time=1.962..2.321 rows=10000 loops=1)
               Sort Key: s_3.a, s_3.b, s_3.c
               Sort Method: quicksort  Memory: 1166kB
               ->  Seq Scan on s_3  (cost=0.00..164.00 rows=10000 width=20) (actual time=0.008..0.590 rows=10000 loops=1)
 Planning time: 0.208 ms
 Execution time: 6.548 ms
(10 rows)

===== 56 [Wed Mar  7 01:57:26 CET 2018] scale:10000 groups:10 work_mem:256MB incremental:off max_workers:0 =====
SELECT * FROM (SELECT * FROM s_4 ORDER BY a, b, c, d) foo ORDER BY a, b, c, d, e
                                                        QUERY PLAN                                                        
--------------------------------------------------------------------------------------------------------------------------
 Limit  (cost=1742.77..1742.77 rows=1 width=20) (actual time=6.562..6.562 rows=0 loops=1)
   ->  Sort  (cost=1617.77..1642.77 rows=10000 width=20) (actual time=6.028..6.346 rows=10000 loops=1)
         Sort Key: s_4.a, s_4.b, s_4.c, s_4.d, s_4.e
         Sort Method: quicksort  Memory: 1166kB
         ->  Sort  (cost=828.39..853.39 rows=10000 width=20) (actual time=2.056..2.412 rows=10000 loops=1)
               Sort Key: s_4.a, s_4.b, s_4.c, s_4.d
               Sort Method: quicksort  Memory: 1166kB
               ->  Seq Scan on s_4  (cost=0.00..164.00 rows=10000 width=20) (actual time=0.004..0.580 rows=10000 loops=1)
 Planning time: 0.213 ms
 Execution time: 6.648 ms
(10 rows)

===== 57 [Wed Mar  7 01:57:26 CET 2018] scale:10000 groups:10 work_mem:4MB incremental:on max_workers:2 =====
SELECT * FROM (SELECT * FROM s_1 ORDER BY a) foo ORDER BY a, b
                                                        QUERY PLAN                                                        
--------------------------------------------------------------------------------------------------------------------------
 Limit  (cost=1720.02..1720.02 rows=1 width=20) (actual time=4.375..4.375 rows=0 loops=1)
   ->  Incremental Sort  (cost=884.42..1620.02 rows=10000 width=20) (actual time=1.891..4.118 rows=10000 loops=1)
         Sort Key: s_1.a, s_1.b
         Presorted Key: s_1.a
         Sort Method: quicksort  Memory: 129kB
         Sort Groups: 11
         ->  Sort  (cost=828.39..853.39 rows=10000 width=20) (actual time=1.757..2.104 rows=10000 loops=1)
               Sort Key: s_1.a
               Sort Method: quicksort  Memory: 1166kB
               ->  Seq Scan on s_1  (cost=0.00..164.00 rows=10000 width=20) (actual time=0.004..0.572 rows=10000 loops=1)
 Planning time: 0.208 ms
 Execution time: 4.425 ms
(12 rows)

===== 58 [Wed Mar  7 01:57:26 CET 2018] scale:10000 groups:10 work_mem:4MB incremental:on max_workers:2 =====
SELECT * FROM (SELECT * FROM s_2 ORDER BY a, b) foo ORDER BY a, b, c
                                                        QUERY PLAN                                                        
--------------------------------------------------------------------------------------------------------------------------
 Limit  (cost=1549.25..1549.25 rows=1 width=20) (actual time=4.855..4.855 rows=0 loops=1)
   ->  Incremental Sort  (cost=832.05..1449.25 rows=10000 width=20) (actual time=1.952..4.599 rows=10000 loops=1)
         Sort Key: s_2.a, s_2.b, s_2.c
         Presorted Key: s_2.a, s_2.b
         Sort Method: quicksort  Memory: 35kB
         Sort Groups: 118
         ->  Sort  (cost=828.39..853.39 rows=10000 width=20) (actual time=1.898..2.260 rows=10000 loops=1)
               Sort Key: s_2.a, s_2.b
               Sort Method: quicksort  Memory: 1166kB
               ->  Seq Scan on s_2  (cost=0.00..164.00 rows=10000 width=20) (actual time=0.008..0.591 rows=10000 loops=1)
 Planning time: 0.215 ms
 Execution time: 4.905 ms
(12 rows)

===== 59 [Wed Mar  7 01:57:26 CET 2018] scale:10000 groups:10 work_mem:4MB incremental:on max_workers:2 =====
SELECT * FROM (SELECT * FROM s_3 ORDER BY a, b, c) foo ORDER BY a, b, c, d
                                                        QUERY PLAN                                                        
--------------------------------------------------------------------------------------------------------------------------
 Limit  (cost=1414.48..1414.48 rows=1 width=20) (actual time=5.320..5.320 rows=0 loops=1)
   ->  Incremental Sort  (cost=828.68..1314.48 rows=10000 width=20) (actual time=2.001..5.064 rows=10000 loops=1)
         Sort Key: s_3.a, s_3.b, s_3.c, s_3.d
         Presorted Key: s_3.a, s_3.b, s_3.c
         Sort Method: quicksort  Memory: 28kB
         Sort Groups: 276
         ->  Sort  (cost=828.39..853.39 rows=10000 width=20) (actual time=1.952..2.340 rows=10000 loops=1)
               Sort Key: s_3.a, s_3.b, s_3.c
               Sort Method: quicksort  Memory: 1166kB
               ->  Seq Scan on s_3  (cost=0.00..164.00 rows=10000 width=20) (actual time=0.007..0.588 rows=10000 loops=1)
 Planning time: 0.219 ms
 Execution time: 5.371 ms
(12 rows)

===== 60 [Wed Mar  7 01:57:26 CET 2018] scale:10000 groups:10 work_mem:4MB incremental:on max_workers:2 =====
SELECT * FROM (SELECT * FROM s_4 ORDER BY a, b, c, d) foo ORDER BY a, b, c, d, e
                                                        QUERY PLAN                                                        
--------------------------------------------------------------------------------------------------------------------------
 Limit  (cost=1414.48..1414.48 rows=1 width=20) (actual time=5.322..5.322 rows=0 loops=1)
   ->  Incremental Sort  (cost=828.68..1314.48 rows=10000 width=20) (actual time=2.041..5.097 rows=10000 loops=1)
         Sort Key: s_4.a, s_4.b, s_4.c, s_4.d, s_4.e
         Presorted Key: s_4.a, s_4.b, s_4.c, s_4.d
         Sort Method: quicksort  Memory: 27kB
         Sort Groups: 309
         ->  Sort  (cost=828.39..853.39 rows=10000 width=20) (actual time=1.997..2.403 rows=10000 loops=1)
               Sort Key: s_4.a, s_4.b, s_4.c, s_4.d
               Sort Method: quicksort  Memory: 1166kB
               ->  Seq Scan on s_4  (cost=0.00..164.00 rows=10000 width=20) (actual time=0.004..0.574 rows=10000 loops=1)
 Planning time: 0.225 ms
 Execution time: 5.380 ms
(12 rows)

===== 61 [Wed Mar  7 01:57:26 CET 2018] scale:10000 groups:10 work_mem:4MB incremental:off max_workers:2 =====
SELECT * FROM (SELECT * FROM s_1 ORDER BY a) foo ORDER BY a, b
                                                        QUERY PLAN                                                        
--------------------------------------------------------------------------------------------------------------------------
 Limit  (cost=1742.77..1742.77 rows=1 width=20) (actual time=4.539..4.539 rows=0 loops=1)
   ->  Sort  (cost=1617.77..1642.77 rows=10000 width=20) (actual time=3.992..4.323 rows=10000 loops=1)
         Sort Key: s_1.a, s_1.b
         Sort Method: quicksort  Memory: 1166kB
         ->  Sort  (cost=828.39..853.39 rows=10000 width=20) (actual time=1.748..2.102 rows=10000 loops=1)
               Sort Key: s_1.a
               Sort Method: quicksort  Memory: 1166kB
               ->  Seq Scan on s_1  (cost=0.00..164.00 rows=10000 width=20) (actual time=0.004..0.581 rows=10000 loops=1)
 Planning time: 0.200 ms
 Execution time: 4.627 ms
(10 rows)

===== 62 [Wed Mar  7 01:57:27 CET 2018] scale:10000 groups:10 work_mem:4MB incremental:off max_workers:2 =====
SELECT * FROM (SELECT * FROM s_2 ORDER BY a, b) foo ORDER BY a, b, c
                                                        QUERY PLAN                                                        
--------------------------------------------------------------------------------------------------------------------------
 Limit  (cost=1742.77..1742.77 rows=1 width=20) (actual time=5.557..5.557 rows=0 loops=1)
   ->  Sort  (cost=1617.77..1642.77 rows=10000 width=20) (actual time=5.009..5.341 rows=10000 loops=1)
         Sort Key: s_2.a, s_2.b, s_2.c
         Sort Method: quicksort  Memory: 1166kB
         ->  Sort  (cost=828.39..853.39 rows=10000 width=20) (actual time=1.878..2.236 rows=10000 loops=1)
               Sort Key: s_2.a, s_2.b
               Sort Method: quicksort  Memory: 1166kB
               ->  Seq Scan on s_2  (cost=0.00..164.00 rows=10000 width=20) (actual time=0.008..0.582 rows=10000 loops=1)
 Planning time: 0.209 ms
 Execution time: 5.643 ms
(10 rows)

===== 63 [Wed Mar  7 01:57:27 CET 2018] scale:10000 groups:10 work_mem:4MB incremental:off max_workers:2 =====
SELECT * FROM (SELECT * FROM s_3 ORDER BY a, b, c) foo ORDER BY a, b, c, d
                                                        QUERY PLAN                                                        
--------------------------------------------------------------------------------------------------------------------------
 Limit  (cost=1742.77..1742.77 rows=1 width=20) (actual time=6.454..6.454 rows=0 loops=1)
   ->  Sort  (cost=1617.77..1642.77 rows=10000 width=20) (actual time=5.912..6.237 rows=10000 loops=1)
         Sort Key: s_3.a, s_3.b, s_3.c, s_3.d
         Sort Method: quicksort  Memory: 1166kB
         ->  Sort  (cost=828.39..853.39 rows=10000 width=20) (actual time=1.956..2.309 rows=10000 loops=1)
               Sort Key: s_3.a, s_3.b, s_3.c
               Sort Method: quicksort  Memory: 1166kB
               ->  Seq Scan on s_3  (cost=0.00..164.00 rows=10000 width=20) (actual time=0.007..0.583 rows=10000 loops=1)
 Planning time: 0.211 ms
 Execution time: 6.541 ms
(10 rows)

===== 64 [Wed Mar  7 01:57:27 CET 2018] scale:10000 groups:10 work_mem:4MB incremental:off max_workers:2 =====
SELECT * FROM (SELECT * FROM s_4 ORDER BY a, b, c, d) foo ORDER BY a, b, c, d, e
                                                        QUERY PLAN                                                        
--------------------------------------------------------------------------------------------------------------------------
 Limit  (cost=1742.77..1742.77 rows=1 width=20) (actual time=6.561..6.561 rows=0 loops=1)
   ->  Sort  (cost=1617.77..1642.77 rows=10000 width=20) (actual time=6.023..6.342 rows=10000 loops=1)
         Sort Key: s_4.a, s_4.b, s_4.c, s_4.d, s_4.e
         Sort Method: quicksort  Memory: 1166kB
         ->  Sort  (cost=828.39..853.39 rows=10000 width=20) (actual time=2.050..2.403 rows=10000 loops=1)
               Sort Key: s_4.a, s_4.b, s_4.c, s_4.d
               Sort Method: quicksort  Memory: 1166kB
               ->  Seq Scan on s_4  (cost=0.00..164.00 rows=10000 width=20) (actual time=0.004..0.580 rows=10000 loops=1)
 Planning time: 0.219 ms
 Execution time: 6.647 ms
(10 rows)

===== 65 [Wed Mar  7 01:57:27 CET 2018] scale:10000 groups:10 work_mem:8MB incremental:on max_workers:2 =====
SELECT * FROM (SELECT * FROM s_1 ORDER BY a) foo ORDER BY a, b
                                                        QUERY PLAN                                                        
--------------------------------------------------------------------------------------------------------------------------
 Limit  (cost=1720.02..1720.02 rows=1 width=20) (actual time=4.344..4.344 rows=0 loops=1)
   ->  Incremental Sort  (cost=884.42..1620.02 rows=10000 width=20) (actual time=1.888..4.088 rows=10000 loops=1)
         Sort Key: s_1.a, s_1.b
         Presorted Key: s_1.a
         Sort Method: quicksort  Memory: 129kB
         Sort Groups: 11
         ->  Sort  (cost=828.39..853.39 rows=10000 width=20) (actual time=1.754..2.096 rows=10000 loops=1)
               Sort Key: s_1.a
               Sort Method: quicksort  Memory: 1166kB
               ->  Seq Scan on s_1  (cost=0.00..164.00 rows=10000 width=20) (actual time=0.004..0.579 rows=10000 loops=1)
 Planning time: 0.204 ms
 Execution time: 4.395 ms
(12 rows)

===== 66 [Wed Mar  7 01:57:27 CET 2018] scale:10000 groups:10 work_mem:8MB incremental:on max_workers:2 =====
SELECT * FROM (SELECT * FROM s_2 ORDER BY a, b) foo ORDER BY a, b, c
                                                        QUERY PLAN                                                        
--------------------------------------------------------------------------------------------------------------------------
 Limit  (cost=1549.25..1549.25 rows=1 width=20) (actual time=4.842..4.842 rows=0 loops=1)
   ->  Incremental Sort  (cost=832.05..1449.25 rows=10000 width=20) (actual time=1.938..4.586 rows=10000 loops=1)
         Sort Key: s_2.a, s_2.b, s_2.c
         Presorted Key: s_2.a, s_2.b
         Sort Method: quicksort  Memory: 35kB
         Sort Groups: 118
         ->  Sort  (cost=828.39..853.39 rows=10000 width=20) (actual time=1.884..2.245 rows=10000 loops=1)
               Sort Key: s_2.a, s_2.b
               Sort Method: quicksort  Memory: 1166kB
               ->  Seq Scan on s_2  (cost=0.00..164.00 rows=10000 width=20) (actual time=0.008..0.579 rows=10000 loops=1)
 Planning time: 0.216 ms
 Execution time: 4.890 ms
(12 rows)

===== 67 [Wed Mar  7 01:57:27 CET 2018] scale:10000 groups:10 work_mem:8MB incremental:on max_workers:2 =====
SELECT * FROM (SELECT * FROM s_3 ORDER BY a, b, c) foo ORDER BY a, b, c, d
                                                        QUERY PLAN                                                        
--------------------------------------------------------------------------------------------------------------------------
 Limit  (cost=1414.48..1414.48 rows=1 width=20) (actual time=5.329..5.329 rows=0 loops=1)
   ->  Incremental Sort  (cost=828.68..1314.48 rows=10000 width=20) (actual time=2.006..5.072 rows=10000 loops=1)
         Sort Key: s_3.a, s_3.b, s_3.c, s_3.d
         Presorted Key: s_3.a, s_3.b, s_3.c
         Sort Method: quicksort  Memory: 28kB
         Sort Groups: 276
         ->  Sort  (cost=828.39..853.39 rows=10000 width=20) (actual time=1.957..2.345 rows=10000 loops=1)
               Sort Key: s_3.a, s_3.b, s_3.c
               Sort Method: quicksort  Memory: 1166kB
               ->  Seq Scan on s_3  (cost=0.00..164.00 rows=10000 width=20) (actual time=0.007..0.586 rows=10000 loops=1)
 Planning time: 0.219 ms
 Execution time: 5.378 ms
(12 rows)

===== 68 [Wed Mar  7 01:57:27 CET 2018] scale:10000 groups:10 work_mem:8MB incremental:on max_workers:2 =====
SELECT * FROM (SELECT * FROM s_4 ORDER BY a, b, c, d) foo ORDER BY a, b, c, d, e
                                                        QUERY PLAN                                                        
--------------------------------------------------------------------------------------------------------------------------
 Limit  (cost=1414.48..1414.48 rows=1 width=20) (actual time=5.336..5.336 rows=0 loops=1)
   ->  Incremental Sort  (cost=828.68..1314.48 rows=10000 width=20) (actual time=2.059..5.112 rows=10000 loops=1)
         Sort Key: s_4.a, s_4.b, s_4.c, s_4.d, s_4.e
         Presorted Key: s_4.a, s_4.b, s_4.c, s_4.d
         Sort Method: quicksort  Memory: 27kB
         Sort Groups: 309
         ->  Sort  (cost=828.39..853.39 rows=10000 width=20) (actual time=2.011..2.411 rows=10000 loops=1)
               Sort Key: s_4.a, s_4.b, s_4.c, s_4.d
               Sort Method: quicksort  Memory: 1166kB
               ->  Seq Scan on s_4  (cost=0.00..164.00 rows=10000 width=20) (actual time=0.004..0.580 rows=10000 loops=1)
 Planning time: 0.224 ms
 Execution time: 5.394 ms
(12 rows)

===== 69 [Wed Mar  7 01:57:27 CET 2018] scale:10000 groups:10 work_mem:8MB incremental:off max_workers:2 =====
SELECT * FROM (SELECT * FROM s_1 ORDER BY a) foo ORDER BY a, b
                                                        QUERY PLAN                                                        
--------------------------------------------------------------------------------------------------------------------------
 Limit  (cost=1742.77..1742.77 rows=1 width=20) (actual time=4.537..4.537 rows=0 loops=1)
   ->  Sort  (cost=1617.77..1642.77 rows=10000 width=20) (actual time=3.988..4.321 rows=10000 loops=1)
         Sort Key: s_1.a, s_1.b
         Sort Method: quicksort  Memory: 1166kB
         ->  Sort  (cost=828.39..853.39 rows=10000 width=20) (actual time=1.749..2.103 rows=10000 loops=1)
               Sort Key: s_1.a
               Sort Method: quicksort  Memory: 1166kB
               ->  Seq Scan on s_1  (cost=0.00..164.00 rows=10000 width=20) (actual time=0.004..0.577 rows=10000 loops=1)
 Planning time: 0.199 ms
 Execution time: 4.627 ms
(10 rows)

===== 70 [Wed Mar  7 01:57:27 CET 2018] scale:10000 groups:10 work_mem:8MB incremental:off max_workers:2 =====
SELECT * FROM (SELECT * FROM s_2 ORDER BY a, b) foo ORDER BY a, b, c
                                                        QUERY PLAN                                                        
--------------------------------------------------------------------------------------------------------------------------
 Limit  (cost=1742.77..1742.77 rows=1 width=20) (actual time=5.561..5.561 rows=0 loops=1)
   ->  Sort  (cost=1617.77..1642.77 rows=10000 width=20) (actual time=5.015..5.342 rows=10000 loops=1)
         Sort Key: s_2.a, s_2.b, s_2.c
         Sort Method: quicksort  Memory: 1166kB
         ->  Sort  (cost=828.39..853.39 rows=10000 width=20) (actual time=1.880..2.233 rows=10000 loops=1)
               Sort Key: s_2.a, s_2.b
               Sort Method: quicksort  Memory: 1166kB
               ->  Seq Scan on s_2  (cost=0.00..164.00 rows=10000 width=20) (actual time=0.007..0.591 rows=10000 loops=1)
 Planning time: 0.205 ms
 Execution time: 5.649 ms
(10 rows)

===== 71 [Wed Mar  7 01:57:27 CET 2018] scale:10000 groups:10 work_mem:8MB incremental:off max_workers:2 =====
SELECT * FROM (SELECT * FROM s_3 ORDER BY a, b, c) foo ORDER BY a, b, c, d
                                                        QUERY PLAN                                                        
--------------------------------------------------------------------------------------------------------------------------
 Limit  (cost=1742.77..1742.77 rows=1 width=20) (actual time=6.468..6.468 rows=0 loops=1)
   ->  Sort  (cost=1617.77..1642.77 rows=10000 width=20) (actual time=5.924..6.251 rows=10000 loops=1)
         Sort Key: s_3.a, s_3.b, s_3.c, s_3.d
         Sort Method: quicksort  Memory: 1166kB
         ->  Sort  (cost=828.39..853.39 rows=10000 width=20) (actual time=1.963..2.317 rows=10000 loops=1)
               Sort Key: s_3.a, s_3.b, s_3.c
               Sort Method: quicksort  Memory: 1166kB
               ->  Seq Scan on s_3  (cost=0.00..164.00 rows=10000 width=20) (actual time=0.007..0.590 rows=10000 loops=1)
 Planning time: 0.210 ms
 Execution time: 6.561 ms
(10 rows)

===== 72 [Wed Mar  7 01:57:27 CET 2018] scale:10000 groups:10 work_mem:8MB incremental:off max_workers:2 =====
SELECT * FROM (SELECT * FROM s_4 ORDER BY a, b, c, d) foo ORDER BY a, b, c, d, e
                                                        QUERY PLAN                                                        
--------------------------------------------------------------------------------------------------------------------------
 Limit  (cost=1742.77..1742.77 rows=1 width=20) (actual time=6.554..6.554 rows=0 loops=1)
   ->  Sort  (cost=1617.77..1642.77 rows=10000 width=20) (actual time=6.019..6.337 rows=10000 loops=1)
         Sort Key: s_4.a, s_4.b, s_4.c, s_4.d, s_4.e
         Sort Method: quicksort  Memory: 1166kB
         ->  Sort  (cost=828.39..853.39 rows=10000 width=20) (actual time=2.052..2.405 rows=10000 loops=1)
               Sort Key: s_4.a, s_4.b, s_4.c, s_4.d
               Sort Method: quicksort  Memory: 1166kB
               ->  Seq Scan on s_4  (cost=0.00..164.00 rows=10000 width=20) (actual time=0.004..0.585 rows=10000 loops=1)
 Planning time: 0.219 ms
 Execution time: 6.639 ms
(10 rows)

===== 73 [Wed Mar  7 01:57:28 CET 2018] scale:10000 groups:10 work_mem:16MB incremental:on max_workers:2 =====
SELECT * FROM (SELECT * FROM s_1 ORDER BY a) foo ORDER BY a, b
                                                        QUERY PLAN                                                        
--------------------------------------------------------------------------------------------------------------------------
 Limit  (cost=1720.02..1720.02 rows=1 width=20) (actual time=4.361..4.361 rows=0 loops=1)
   ->  Incremental Sort  (cost=884.42..1620.02 rows=10000 width=20) (actual time=1.890..4.104 rows=10000 loops=1)
         Sort Key: s_1.a, s_1.b
         Presorted Key: s_1.a
         Sort Method: quicksort  Memory: 129kB
         Sort Groups: 11
         ->  Sort  (cost=828.39..853.39 rows=10000 width=20) (actual time=1.755..2.101 rows=10000 loops=1)
               Sort Key: s_1.a
               Sort Method: quicksort  Memory: 1166kB
               ->  Seq Scan on s_1  (cost=0.00..164.00 rows=10000 width=20) (actual time=0.004..0.580 rows=10000 loops=1)
 Planning time: 0.207 ms
 Execution time: 4.411 ms
(12 rows)

===== 74 [Wed Mar  7 01:57:28 CET 2018] scale:10000 groups:10 work_mem:16MB incremental:on max_workers:2 =====
SELECT * FROM (SELECT * FROM s_2 ORDER BY a, b) foo ORDER BY a, b, c
                                                        QUERY PLAN                                                        
--------------------------------------------------------------------------------------------------------------------------
 Limit  (cost=1549.25..1549.25 rows=1 width=20) (actual time=4.842..4.842 rows=0 loops=1)
   ->  Incremental Sort  (cost=832.05..1449.25 rows=10000 width=20) (actual time=1.945..4.586 rows=10000 loops=1)
         Sort Key: s_2.a, s_2.b, s_2.c
         Presorted Key: s_2.a, s_2.b
         Sort Method: quicksort  Memory: 35kB
         Sort Groups: 118
         ->  Sort  (cost=828.39..853.39 rows=10000 width=20) (actual time=1.889..2.251 rows=10000 loops=1)
               Sort Key: s_2.a, s_2.b
               Sort Method: quicksort  Memory: 1166kB
               ->  Seq Scan on s_2  (cost=0.00..164.00 rows=10000 width=20) (actual time=0.008..0.581 rows=10000 loops=1)
 Planning time: 0.218 ms
 Execution time: 4.896 ms
(12 rows)

===== 75 [Wed Mar  7 01:57:28 CET 2018] scale:10000 groups:10 work_mem:16MB incremental:on max_workers:2 =====
SELECT * FROM (SELECT * FROM s_3 ORDER BY a, b, c) foo ORDER BY a, b, c, d
                                                        QUERY PLAN                                                        
--------------------------------------------------------------------------------------------------------------------------
 Limit  (cost=1414.48..1414.48 rows=1 width=20) (actual time=5.319..5.319 rows=0 loops=1)
   ->  Incremental Sort  (cost=828.68..1314.48 rows=10000 width=20) (actual time=1.998..5.063 rows=10000 loops=1)
         Sort Key: s_3.a, s_3.b, s_3.c, s_3.d
         Presorted Key: s_3.a, s_3.b, s_3.c
         Sort Method: quicksort  Memory: 28kB
         Sort Groups: 276
         ->  Sort  (cost=828.39..853.39 rows=10000 width=20) (actual time=1.949..2.340 rows=10000 loops=1)
               Sort Key: s_3.a, s_3.b, s_3.c
               Sort Method: quicksort  Memory: 1166kB
               ->  Seq Scan on s_3  (cost=0.00..164.00 rows=10000 width=20) (actual time=0.007..0.582 rows=10000 loops=1)
 Planning time: 0.216 ms
 Execution time: 5.369 ms
(12 rows)

===== 76 [Wed Mar  7 01:57:28 CET 2018] scale:10000 groups:10 work_mem:16MB incremental:on max_workers:2 =====
SELECT * FROM (SELECT * FROM s_4 ORDER BY a, b, c, d) foo ORDER BY a, b, c, d, e
                                                        QUERY PLAN                                                        
--------------------------------------------------------------------------------------------------------------------------
 Limit  (cost=1414.48..1414.48 rows=1 width=20) (actual time=5.324..5.324 rows=0 loops=1)
   ->  Incremental Sort  (cost=828.68..1314.48 rows=10000 width=20) (actual time=2.046..5.100 rows=10000 loops=1)
         Sort Key: s_4.a, s_4.b, s_4.c, s_4.d, s_4.e
         Presorted Key: s_4.a, s_4.b, s_4.c, s_4.d
         Sort Method: quicksort  Memory: 27kB
         Sort Groups: 309
         ->  Sort  (cost=828.39..853.39 rows=10000 width=20) (actual time=2.002..2.402 rows=10000 loops=1)
               Sort Key: s_4.a, s_4.b, s_4.c, s_4.d
               Sort Method: quicksort  Memory: 1166kB
               ->  Seq Scan on s_4  (cost=0.00..164.00 rows=10000 width=20) (actual time=0.004..0.575 rows=10000 loops=1)
 Planning time: 0.225 ms
 Execution time: 5.382 ms
(12 rows)

===== 77 [Wed Mar  7 01:57:28 CET 2018] scale:10000 groups:10 work_mem:16MB incremental:off max_workers:2 =====
SELECT * FROM (SELECT * FROM s_1 ORDER BY a) foo ORDER BY a, b
                                                        QUERY PLAN                                                        
--------------------------------------------------------------------------------------------------------------------------
 Limit  (cost=1742.77..1742.77 rows=1 width=20) (actual time=4.538..4.538 rows=0 loops=1)
   ->  Sort  (cost=1617.77..1642.77 rows=10000 width=20) (actual time=3.991..4.322 rows=10000 loops=1)
         Sort Key: s_1.a, s_1.b
         Sort Method: quicksort  Memory: 1166kB
         ->  Sort  (cost=828.39..853.39 rows=10000 width=20) (actual time=1.747..2.103 rows=10000 loops=1)
               Sort Key: s_1.a
               Sort Method: quicksort  Memory: 1166kB
               ->  Seq Scan on s_1  (cost=0.00..164.00 rows=10000 width=20) (actual time=0.004..0.576 rows=10000 loops=1)
 Planning time: 0.202 ms
 Execution time: 4.624 ms
(10 rows)

===== 78 [Wed Mar  7 01:57:28 CET 2018] scale:10000 groups:10 work_mem:16MB incremental:off max_workers:2 =====
SELECT * FROM (SELECT * FROM s_2 ORDER BY a, b) foo ORDER BY a, b, c
                                                        QUERY PLAN                                                        
--------------------------------------------------------------------------------------------------------------------------
 Limit  (cost=1742.77..1742.77 rows=1 width=20) (actual time=5.576..5.576 rows=0 loops=1)
   ->  Sort  (cost=1617.77..1642.77 rows=10000 width=20) (actual time=5.023..5.359 rows=10000 loops=1)
         Sort Key: s_2.a, s_2.b, s_2.c
         Sort Method: quicksort  Memory: 1166kB
         ->  Sort  (cost=828.39..853.39 rows=10000 width=20) (actual time=1.886..2.241 rows=10000 loops=1)
               Sort Key: s_2.a, s_2.b
               Sort Method: quicksort  Memory: 1166kB
               ->  Seq Scan on s_2  (cost=0.00..164.00 rows=10000 width=20) (actual time=0.007..0.590 rows=10000 loops=1)
 Planning time: 0.203 ms
 Execution time: 5.663 ms
(10 rows)

===== 79 [Wed Mar  7 01:57:28 CET 2018] scale:10000 groups:10 work_mem:16MB incremental:off max_workers:2 =====
SELECT * FROM (SELECT * FROM s_3 ORDER BY a, b, c) foo ORDER BY a, b, c, d
                                                        QUERY PLAN                                                        
--------------------------------------------------------------------------------------------------------------------------
 Limit  (cost=1742.77..1742.77 rows=1 width=20) (actual time=6.448..6.448 rows=0 loops=1)
   ->  Sort  (cost=1617.77..1642.77 rows=10000 width=20) (actual time=5.902..6.231 rows=10000 loops=1)
         Sort Key: s_3.a, s_3.b, s_3.c, s_3.d
         Sort Method: quicksort  Memory: 1166kB
         ->  Sort  (cost=828.39..853.39 rows=10000 width=20) (actual time=1.955..2.308 rows=10000 loops=1)
               Sort Key: s_3.a, s_3.b, s_3.c
               Sort Method: quicksort  Memory: 1166kB
               ->  Seq Scan on s_3  (cost=0.00..164.00 rows=10000 width=20) (actual time=0.007..0.582 rows=10000 loops=1)
 Planning time: 0.219 ms
 Execution time: 6.535 ms
(10 rows)

===== 80 [Wed Mar  7 01:57:28 CET 2018] scale:10000 groups:10 work_mem:16MB incremental:off max_workers:2 =====
SELECT * FROM (SELECT * FROM s_4 ORDER BY a, b, c, d) foo ORDER BY a, b, c, d, e
                                                        QUERY PLAN                                                        
--------------------------------------------------------------------------------------------------------------------------
 Limit  (cost=1742.77..1742.77 rows=1 width=20) (actual time=6.557..6.557 rows=0 loops=1)
   ->  Sort  (cost=1617.77..1642.77 rows=10000 width=20) (actual time=6.020..6.340 rows=10000 loops=1)
         Sort Key: s_4.a, s_4.b, s_4.c, s_4.d, s_4.e
         Sort Method: quicksort  Memory: 1166kB
         ->  Sort  (cost=828.39..853.39 rows=10000 width=20) (actual time=2.056..2.409 rows=10000 loops=1)
               Sort Key: s_4.a, s_4.b, s_4.c, s_4.d
               Sort Method: quicksort  Memory: 1166kB
               ->  Seq Scan on s_4  (cost=0.00..164.00 rows=10000 width=20) (actual time=0.004..0.580 rows=10000 loops=1)
 Planning time: 0.215 ms
 Execution time: 6.644 ms
(10 rows)

===== 81 [Wed Mar  7 01:57:28 CET 2018] scale:10000 groups:10 work_mem:32MB incremental:on max_workers:2 =====
SELECT * FROM (SELECT * FROM s_1 ORDER BY a) foo ORDER BY a, b
                                                        QUERY PLAN                                                        
--------------------------------------------------------------------------------------------------------------------------
 Limit  (cost=1720.02..1720.02 rows=1 width=20) (actual time=4.332..4.332 rows=0 loops=1)
   ->  Incremental Sort  (cost=884.42..1620.02 rows=10000 width=20) (actual time=1.892..4.076 rows=10000 loops=1)
         Sort Key: s_1.a, s_1.b
         Presorted Key: s_1.a
         Sort Method: quicksort  Memory: 129kB
         Sort Groups: 11
         ->  Sort  (cost=828.39..853.39 rows=10000 width=20) (actual time=1.754..2.096 rows=10000 loops=1)
               Sort Key: s_1.a
               Sort Method: quicksort  Memory: 1166kB
               ->  Seq Scan on s_1  (cost=0.00..164.00 rows=10000 width=20) (actual time=0.004..0.575 rows=10000 loops=1)
 Planning time: 0.206 ms
 Execution time: 4.382 ms
(12 rows)

===== 82 [Wed Mar  7 01:57:28 CET 2018] scale:10000 groups:10 work_mem:32MB incremental:on max_workers:2 =====
SELECT * FROM (SELECT * FROM s_2 ORDER BY a, b) foo ORDER BY a, b, c
                                                        QUERY PLAN                                                        
--------------------------------------------------------------------------------------------------------------------------
 Limit  (cost=1549.25..1549.25 rows=1 width=20) (actual time=4.841..4.841 rows=0 loops=1)
   ->  Incremental Sort  (cost=832.05..1449.25 rows=10000 width=20) (actual time=1.939..4.582 rows=10000 loops=1)
         Sort Key: s_2.a, s_2.b, s_2.c
         Presorted Key: s_2.a, s_2.b
         Sort Method: quicksort  Memory: 35kB
         Sort Groups: 118
         ->  Sort  (cost=828.39..853.39 rows=10000 width=20) (actual time=1.878..2.240 rows=10000 loops=1)
               Sort Key: s_2.a, s_2.b
               Sort Method: quicksort  Memory: 1166kB
               ->  Seq Scan on s_2  (cost=0.00..164.00 rows=10000 width=20) (actual time=0.008..0.580 rows=10000 loops=1)
 Planning time: 0.212 ms
 Execution time: 4.892 ms
(12 rows)

===== 83 [Wed Mar  7 01:57:29 CET 2018] scale:10000 groups:10 work_mem:32MB incremental:on max_workers:2 =====
SELECT * FROM (SELECT * FROM s_3 ORDER BY a, b, c) foo ORDER BY a, b, c, d
                                                        QUERY PLAN                                                        
--------------------------------------------------------------------------------------------------------------------------
 Limit  (cost=1414.48..1414.48 rows=1 width=20) (actual time=5.324..5.324 rows=0 loops=1)
   ->  Incremental Sort  (cost=828.68..1314.48 rows=10000 width=20) (actual time=2.009..5.070 rows=10000 loops=1)
         Sort Key: s_3.a, s_3.b, s_3.c, s_3.d
         Presorted Key: s_3.a, s_3.b, s_3.c
         Sort Method: quicksort  Memory: 28kB
         Sort Groups: 276
         ->  Sort  (cost=828.39..853.39 rows=10000 width=20) (actual time=1.961..2.348 rows=10000 loops=1)
               Sort Key: s_3.a, s_3.b, s_3.c
               Sort Method: quicksort  Memory: 1166kB
               ->  Seq Scan on s_3  (cost=0.00..164.00 rows=10000 width=20) (actual time=0.007..0.581 rows=10000 loops=1)
 Planning time: 0.221 ms
 Execution time: 5.374 ms
(12 rows)

===== 84 [Wed Mar  7 01:57:29 CET 2018] scale:10000 groups:10 work_mem:32MB incremental:on max_workers:2 =====
SELECT * FROM (SELECT * FROM s_4 ORDER BY a, b, c, d) foo ORDER BY a, b, c, d, e
                                                        QUERY PLAN                                                        
--------------------------------------------------------------------------------------------------------------------------
 Limit  (cost=1414.48..1414.48 rows=1 width=20) (actual time=5.331..5.331 rows=0 loops=1)
   ->  Incremental Sort  (cost=828.68..1314.48 rows=10000 width=20) (actual time=2.047..5.106 rows=10000 loops=1)
         Sort Key: s_4.a, s_4.b, s_4.c, s_4.d, s_4.e
         Presorted Key: s_4.a, s_4.b, s_4.c, s_4.d
         Sort Method: quicksort  Memory: 27kB
         Sort Groups: 309
         ->  Sort  (cost=828.39..853.39 rows=10000 width=20) (actual time=2.002..2.402 rows=10000 loops=1)
               Sort Key: s_4.a, s_4.b, s_4.c, s_4.d
               Sort Method: quicksort  Memory: 1166kB
               ->  Seq Scan on s_4  (cost=0.00..164.00 rows=10000 width=20) (actual time=0.004..0.576 rows=10000 loops=1)
 Planning time: 0.223 ms
 Execution time: 5.389 ms
(12 rows)

===== 85 [Wed Mar  7 01:57:29 CET 2018] scale:10000 groups:10 work_mem:32MB incremental:off max_workers:2 =====
SELECT * FROM (SELECT * FROM s_1 ORDER BY a) foo ORDER BY a, b
                                                        QUERY PLAN                                                        
--------------------------------------------------------------------------------------------------------------------------
 Limit  (cost=1742.77..1742.77 rows=1 width=20) (actual time=4.536..4.536 rows=0 loops=1)
   ->  Sort  (cost=1617.77..1642.77 rows=10000 width=20) (actual time=3.989..4.320 rows=10000 loops=1)
         Sort Key: s_1.a, s_1.b
         Sort Method: quicksort  Memory: 1166kB
         ->  Sort  (cost=828.39..853.39 rows=10000 width=20) (actual time=1.743..2.100 rows=10000 loops=1)
               Sort Key: s_1.a
               Sort Method: quicksort  Memory: 1166kB
               ->  Seq Scan on s_1  (cost=0.00..164.00 rows=10000 width=20) (actual time=0.004..0.577 rows=10000 loops=1)
 Planning time: 0.198 ms
 Execution time: 4.626 ms
(10 rows)

===== 86 [Wed Mar  7 01:57:29 CET 2018] scale:10000 groups:10 work_mem:32MB incremental:off max_workers:2 =====
SELECT * FROM (SELECT * FROM s_2 ORDER BY a, b) foo ORDER BY a, b, c
                                                        QUERY PLAN                                                        
--------------------------------------------------------------------------------------------------------------------------
 Limit  (cost=1742.77..1742.77 rows=1 width=20) (actual time=5.547..5.547 rows=0 loops=1)
   ->  Sort  (cost=1617.77..1642.77 rows=10000 width=20) (actual time=4.997..5.327 rows=10000 loops=1)
         Sort Key: s_2.a, s_2.b, s_2.c
         Sort Method: quicksort  Memory: 1166kB
         ->  Sort  (cost=828.39..853.39 rows=10000 width=20) (actual time=1.870..2.229 rows=10000 loops=1)
               Sort Key: s_2.a, s_2.b
               Sort Method: quicksort  Memory: 1166kB
               ->  Seq Scan on s_2  (cost=0.00..164.00 rows=10000 width=20) (actual time=0.007..0.580 rows=10000 loops=1)
 Planning time: 0.203 ms
 Execution time: 5.633 ms
(10 rows)

===== 87 [Wed Mar  7 01:57:29 CET 2018] scale:10000 groups:10 work_mem:32MB incremental:off max_workers:2 =====
SELECT * FROM (SELECT * FROM s_3 ORDER BY a, b, c) foo ORDER BY a, b, c, d
                                                        QUERY PLAN                                                        
--------------------------------------------------------------------------------------------------------------------------
 Limit  (cost=1742.77..1742.77 rows=1 width=20) (actual time=6.464..6.464 rows=0 loops=1)
   ->  Sort  (cost=1617.77..1642.77 rows=10000 width=20) (actual time=5.919..6.246 rows=10000 loops=1)
         Sort Key: s_3.a, s_3.b, s_3.c, s_3.d
         Sort Method: quicksort  Memory: 1166kB
         ->  Sort  (cost=828.39..853.39 rows=10000 width=20) (actual time=1.962..2.314 rows=10000 loops=1)
               Sort Key: s_3.a, s_3.b, s_3.c
               Sort Method: quicksort  Memory: 1166kB
               ->  Seq Scan on s_3  (cost=0.00..164.00 rows=10000 width=20) (actual time=0.008..0.587 rows=10000 loops=1)
 Planning time: 0.221 ms
 Execution time: 6.553 ms
(10 rows)

===== 88 [Wed Mar  7 01:57:29 CET 2018] scale:10000 groups:10 work_mem:32MB incremental:off max_workers:2 =====
SELECT * FROM (SELECT * FROM s_4 ORDER BY a, b, c, d) foo ORDER BY a, b, c, d, e
                                                        QUERY PLAN                                                        
--------------------------------------------------------------------------------------------------------------------------
 Limit  (cost=1742.77..1742.77 rows=1 width=20) (actual time=6.560..6.560 rows=0 loops=1)
   ->  Sort  (cost=1617.77..1642.77 rows=10000 width=20) (actual time=6.021..6.343 rows=10000 loops=1)
         Sort Key: s_4.a, s_4.b, s_4.c, s_4.d, s_4.e
         Sort Method: quicksort  Memory: 1166kB
         ->  Sort  (cost=828.39..853.39 rows=10000 width=20) (actual time=2.051..2.407 rows=10000 loops=1)
               Sort Key: s_4.a, s_4.b, s_4.c, s_4.d
               Sort Method: quicksort  Memory: 1166kB
               ->  Seq Scan on s_4  (cost=0.00..164.00 rows=10000 width=20) (actual time=0.004..0.579 rows=10000 loops=1)
 Planning time: 0.216 ms
 Execution time: 6.649 ms
(10 rows)

===== 89 [Wed Mar  7 01:57:29 CET 2018] scale:10000 groups:10 work_mem:64MB incremental:on max_workers:2 =====
SELECT * FROM (SELECT * FROM s_1 ORDER BY a) foo ORDER BY a, b
                                                        QUERY PLAN                                                        
--------------------------------------------------------------------------------------------------------------------------
 Limit  (cost=1720.02..1720.02 rows=1 width=20) (actual time=4.359..4.359 rows=0 loops=1)
   ->  Incremental Sort  (cost=884.42..1620.02 rows=10000 width=20) (actual time=1.891..4.099 rows=10000 loops=1)
         Sort Key: s_1.a, s_1.b
         Presorted Key: s_1.a
         Sort Method: quicksort  Memory: 129kB
         Sort Groups: 11
         ->  Sort  (cost=828.39..853.39 rows=10000 width=20) (actual time=1.758..2.101 rows=10000 loops=1)
               Sort Key: s_1.a
               Sort Method: quicksort  Memory: 1166kB
               ->  Seq Scan on s_1  (cost=0.00..164.00 rows=10000 width=20) (actual time=0.004..0.572 rows=10000 loops=1)
 Planning time: 0.207 ms
 Execution time: 4.410 ms
(12 rows)

===== 90 [Wed Mar  7 01:57:29 CET 2018] scale:10000 groups:10 work_mem:64MB incremental:on max_workers:2 =====
SELECT * FROM (SELECT * FROM s_2 ORDER BY a, b) foo ORDER BY a, b, c
                                                        QUERY PLAN                                                        
--------------------------------------------------------------------------------------------------------------------------
 Limit  (cost=1549.25..1549.25 rows=1 width=20) (actual time=4.839..4.839 rows=0 loops=1)
   ->  Incremental Sort  (cost=832.05..1449.25 rows=10000 width=20) (actual time=1.938..4.583 rows=10000 loops=1)
         Sort Key: s_2.a, s_2.b, s_2.c
         Presorted Key: s_2.a, s_2.b
         Sort Method: quicksort  Memory: 35kB
         Sort Groups: 118
         ->  Sort  (cost=828.39..853.39 rows=10000 width=20) (actual time=1.884..2.246 rows=10000 loops=1)
               Sort Key: s_2.a, s_2.b
               Sort Method: quicksort  Memory: 1166kB
               ->  Seq Scan on s_2  (cost=0.00..164.00 rows=10000 width=20) (actual time=0.007..0.585 rows=10000 loops=1)
 Planning time: 0.211 ms
 Execution time: 4.888 ms
(12 rows)

===== 91 [Wed Mar  7 01:57:29 CET 2018] scale:10000 groups:10 work_mem:64MB incremental:on max_workers:2 =====
SELECT * FROM (SELECT * FROM s_3 ORDER BY a, b, c) foo ORDER BY a, b, c, d
                                                        QUERY PLAN                                                        
--------------------------------------------------------------------------------------------------------------------------
 Limit  (cost=1414.48..1414.48 rows=1 width=20) (actual time=5.321..5.321 rows=0 loops=1)
   ->  Incremental Sort  (cost=828.68..1314.48 rows=10000 width=20) (actual time=2.004..5.065 rows=10000 loops=1)
         Sort Key: s_3.a, s_3.b, s_3.c, s_3.d
         Presorted Key: s_3.a, s_3.b, s_3.c
         Sort Method: quicksort  Memory: 28kB
         Sort Groups: 276
         ->  Sort  (cost=828.39..853.39 rows=10000 width=20) (actual time=1.955..2.342 rows=10000 loops=1)
               Sort Key: s_3.a, s_3.b, s_3.c
               Sort Method: quicksort  Memory: 1166kB
               ->  Seq Scan on s_3  (cost=0.00..164.00 rows=10000 width=20) (actual time=0.007..0.586 rows=10000 loops=1)
 Planning time: 0.216 ms
 Execution time: 5.371 ms
(12 rows)

===== 92 [Wed Mar  7 01:57:29 CET 2018] scale:10000 groups:10 work_mem:64MB incremental:on max_workers:2 =====
SELECT * FROM (SELECT * FROM s_4 ORDER BY a, b, c, d) foo ORDER BY a, b, c, d, e
                                                        QUERY PLAN                                                        
--------------------------------------------------------------------------------------------------------------------------
 Limit  (cost=1414.48..1414.48 rows=1 width=20) (actual time=5.326..5.326 rows=0 loops=1)
   ->  Incremental Sort  (cost=828.68..1314.48 rows=10000 width=20) (actual time=2.045..5.102 rows=10000 loops=1)
         Sort Key: s_4.a, s_4.b, s_4.c, s_4.d, s_4.e
         Presorted Key: s_4.a, s_4.b, s_4.c, s_4.d
         Sort Method: quicksort  Memory: 27kB
         Sort Groups: 309
         ->  Sort  (cost=828.39..853.39 rows=10000 width=20) (actual time=2.000..2.403 rows=10000 loops=1)
               Sort Key: s_4.a, s_4.b, s_4.c, s_4.d
               Sort Method: quicksort  Memory: 1166kB
               ->  Seq Scan on s_4  (cost=0.00..164.00 rows=10000 width=20) (actual time=0.004..0.578 rows=10000 loops=1)
 Planning time: 0.223 ms
 Execution time: 5.384 ms
(12 rows)

===== 93 [Wed Mar  7 01:57:30 CET 2018] scale:10000 groups:10 work_mem:64MB incremental:off max_workers:2 =====
SELECT * FROM (SELECT * FROM s_1 ORDER BY a) foo ORDER BY a, b
                                                        QUERY PLAN                                                        
--------------------------------------------------------------------------------------------------------------------------
 Limit  (cost=1742.77..1742.77 rows=1 width=20) (actual time=4.544..4.544 rows=0 loops=1)
   ->  Sort  (cost=1617.77..1642.77 rows=10000 width=20) (actual time=3.994..4.326 rows=10000 loops=1)
         Sort Key: s_1.a, s_1.b
         Sort Method: quicksort  Memory: 1166kB
         ->  Sort  (cost=828.39..853.39 rows=10000 width=20) (actual time=1.755..2.111 rows=10000 loops=1)
               Sort Key: s_1.a
               Sort Method: quicksort  Memory: 1166kB
               ->  Seq Scan on s_1  (cost=0.00..164.00 rows=10000 width=20) (actual time=0.004..0.577 rows=10000 loops=1)
 Planning time: 0.201 ms
 Execution time: 4.634 ms
(10 rows)

===== 94 [Wed Mar  7 01:57:30 CET 2018] scale:10000 groups:10 work_mem:64MB incremental:off max_workers:2 =====
SELECT * FROM (SELECT * FROM s_2 ORDER BY a, b) foo ORDER BY a, b, c
                                                        QUERY PLAN                                                        
--------------------------------------------------------------------------------------------------------------------------
 Limit  (cost=1742.77..1742.77 rows=1 width=20) (actual time=5.557..5.557 rows=0 loops=1)
   ->  Sort  (cost=1617.77..1642.77 rows=10000 width=20) (actual time=5.011..5.341 rows=10000 loops=1)
         Sort Key: s_2.a, s_2.b, s_2.c
         Sort Method: quicksort  Memory: 1166kB
         ->  Sort  (cost=828.39..853.39 rows=10000 width=20) (actual time=1.879..2.232 rows=10000 loops=1)
               Sort Key: s_2.a, s_2.b
               Sort Method: quicksort  Memory: 1166kB
               ->  Seq Scan on s_2  (cost=0.00..164.00 rows=10000 width=20) (actual time=0.008..0.580 rows=10000 loops=1)
 Planning time: 0.204 ms
 Execution time: 5.643 ms
(10 rows)

===== 95 [Wed Mar  7 01:57:30 CET 2018] scale:10000 groups:10 work_mem:64MB incremental:off max_workers:2 =====
SELECT * FROM (SELECT * FROM s_3 ORDER BY a, b, c) foo ORDER BY a, b, c, d
                                                        QUERY PLAN                                                        
--------------------------------------------------------------------------------------------------------------------------
 Limit  (cost=1742.77..1742.77 rows=1 width=20) (actual time=6.474..6.474 rows=0 loops=1)
   ->  Sort  (cost=1617.77..1642.77 rows=10000 width=20) (actual time=5.930..6.257 rows=10000 loops=1)
         Sort Key: s_3.a, s_3.b, s_3.c, s_3.d
         Sort Method: quicksort  Memory: 1166kB
         ->  Sort  (cost=828.39..853.39 rows=10000 width=20) (actual time=1.967..2.327 rows=10000 loops=1)
               Sort Key: s_3.a, s_3.b, s_3.c
               Sort Method: quicksort  Memory: 1166kB
               ->  Seq Scan on s_3  (cost=0.00..164.00 rows=10000 width=20) (actual time=0.008..0.588 rows=10000 loops=1)
 Planning time: 0.215 ms
 Execution time: 6.561 ms
(10 rows)

===== 96 [Wed Mar  7 01:57:30 CET 2018] scale:10000 groups:10 work_mem:64MB incremental:off max_workers:2 =====
SELECT * FROM (SELECT * FROM s_4 ORDER BY a, b, c, d) foo ORDER BY a, b, c, d, e
                                                        QUERY PLAN                                                        
--------------------------------------------------------------------------------------------------------------------------
 Limit  (cost=1742.77..1742.77 rows=1 width=20) (actual time=6.551..6.551 rows=0 loops=1)
   ->  Sort  (cost=1617.77..1642.77 rows=10000 width=20) (actual time=6.012..6.334 rows=10000 loops=1)
         Sort Key: s_4.a, s_4.b, s_4.c, s_4.d, s_4.e
         Sort Method: quicksort  Memory: 1166kB
         ->  Sort  (cost=828.39..853.39 rows=10000 width=20) (actual time=2.049..2.401 rows=10000 loops=1)
               Sort Key: s_4.a, s_4.b, s_4.c, s_4.d
               Sort Method: quicksort  Memory: 1166kB
               ->  Seq Scan on s_4  (cost=0.00..164.00 rows=10000 width=20) (actual time=0.004..0.580 rows=10000 loops=1)
 Planning time: 0.217 ms
 Execution time: 6.638 ms
(10 rows)

===== 97 [Wed Mar  7 01:57:30 CET 2018] scale:10000 groups:10 work_mem:128MB incremental:on max_workers:2 =====
SELECT * FROM (SELECT * FROM s_1 ORDER BY a) foo ORDER BY a, b
                                                        QUERY PLAN                                                        
--------------------------------------------------------------------------------------------------------------------------
 Limit  (cost=1720.02..1720.02 rows=1 width=20) (actual time=4.376..4.376 rows=0 loops=1)
   ->  Incremental Sort  (cost=884.42..1620.02 rows=10000 width=20) (actual time=1.887..4.118 rows=10000 loops=1)
         Sort Key: s_1.a, s_1.b
         Presorted Key: s_1.a
         Sort Method: quicksort  Memory: 129kB
         Sort Groups: 11
         ->  Sort  (cost=828.39..853.39 rows=10000 width=20) (actual time=1.753..2.096 rows=10000 loops=1)
               Sort Key: s_1.a
               Sort Method: quicksort  Memory: 1166kB
               ->  Seq Scan on s_1  (cost=0.00..164.00 rows=10000 width=20) (actual time=0.004..0.570 rows=10000 loops=1)
 Planning time: 0.209 ms
 Execution time: 4.426 ms
(12 rows)

===== 98 [Wed Mar  7 01:57:30 CET 2018] scale:10000 groups:10 work_mem:128MB incremental:on max_workers:2 =====
SELECT * FROM (SELECT * FROM s_2 ORDER BY a, b) foo ORDER BY a, b, c
                                                        QUERY PLAN                                                        
--------------------------------------------------------------------------------------------------------------------------
 Limit  (cost=1549.25..1549.25 rows=1 width=20) (actual time=4.847..4.847 rows=0 loops=1)
   ->  Incremental Sort  (cost=832.05..1449.25 rows=10000 width=20) (actual time=1.940..4.590 rows=10000 loops=1)
         Sort Key: s_2.a, s_2.b, s_2.c
         Presorted Key: s_2.a, s_2.b
         Sort Method: quicksort  Memory: 35kB
         Sort Groups: 118
         ->  Sort  (cost=828.39..853.39 rows=10000 width=20) (actual time=1.885..2.250 rows=10000 loops=1)
               Sort Key: s_2.a, s_2.b
               Sort Method: quicksort  Memory: 1166kB
               ->  Seq Scan on s_2  (cost=0.00..164.00 rows=10000 width=20) (actual time=0.008..0.586 rows=10000 loops=1)
 Planning time: 0.211 ms
 Execution time: 4.897 ms
(12 rows)

===== 99 [Wed Mar  7 01:57:30 CET 2018] scale:10000 groups:10 work_mem:128MB incremental:on max_workers:2 =====
SELECT * FROM (SELECT * FROM s_3 ORDER BY a, b, c) foo ORDER BY a, b, c, d
                                                        QUERY PLAN                                                        
--------------------------------------------------------------------------------------------------------------------------
 Limit  (cost=1414.48..1414.48 rows=1 width=20) (actual time=5.314..5.314 rows=0 loops=1)
   ->  Incremental Sort  (cost=828.68..1314.48 rows=10000 width=20) (actual time=1.996..5.060 rows=10000 loops=1)
         Sort Key: s_3.a, s_3.b, s_3.c, s_3.d
         Presorted Key: s_3.a, s_3.b, s_3.c
         Sort Method: quicksort  Memory: 28kB
         Sort Groups: 276
         ->  Sort  (cost=828.39..853.39 rows=10000 width=20) (actual time=1.946..2.333 rows=10000 loops=1)
               Sort Key: s_3.a, s_3.b, s_3.c
               Sort Method: quicksort  Memory: 1166kB
               ->  Seq Scan on s_3  (cost=0.00..164.00 rows=10000 width=20) (actual time=0.007..0.580 rows=10000 loops=1)
 Planning time: 0.223 ms
 Execution time: 5.362 ms
(12 rows)

===== 100 [Wed Mar  7 01:57:30 CET 2018] scale:10000 groups:10 work_mem:128MB incremental:on max_workers:2 =====
SELECT * FROM (SELECT * FROM s_4 ORDER BY a, b, c, d) foo ORDER BY a, b, c, d, e
                                                        QUERY PLAN                                                        
--------------------------------------------------------------------------------------------------------------------------
 Limit  (cost=1414.48..1414.48 rows=1 width=20) (actual time=5.326..5.326 rows=0 loops=1)
   ->  Incremental Sort  (cost=828.68..1314.48 rows=10000 width=20) (actual time=2.043..5.101 rows=10000 loops=1)
         Sort Key: s_4.a, s_4.b, s_4.c, s_4.d, s_4.e
         Presorted Key: s_4.a, s_4.b, s_4.c, s_4.d
         Sort Method: quicksort  Memory: 27kB
         Sort Groups: 309
         ->  Sort  (cost=828.39..853.39 rows=10000 width=20) (actual time=1.999..2.400 rows=10000 loops=1)
               Sort Key: s_4.a, s_4.b, s_4.c, s_4.d
               Sort Method: quicksort  Memory: 1166kB
               ->  Seq Scan on s_4  (cost=0.00..164.00 rows=10000 width=20) (actual time=0.004..0.574 rows=10000 loops=1)
 Planning time: 0.225 ms
 Execution time: 5.384 ms
(12 rows)

===== 101 [Wed Mar  7 01:57:30 CET 2018] scale:10000 groups:10 work_mem:128MB incremental:off max_workers:2 =====
SELECT * FROM (SELECT * FROM s_1 ORDER BY a) foo ORDER BY a, b
                                                        QUERY PLAN                                                        
--------------------------------------------------------------------------------------------------------------------------
 Limit  (cost=1742.77..1742.77 rows=1 width=20) (actual time=4.547..4.547 rows=0 loops=1)
   ->  Sort  (cost=1617.77..1642.77 rows=10000 width=20) (actual time=4.000..4.331 rows=10000 loops=1)
         Sort Key: s_1.a, s_1.b
         Sort Method: quicksort  Memory: 1166kB
         ->  Sort  (cost=828.39..853.39 rows=10000 width=20) (actual time=1.756..2.109 rows=10000 loops=1)
               Sort Key: s_1.a
               Sort Method: quicksort  Memory: 1166kB
               ->  Seq Scan on s_1  (cost=0.00..164.00 rows=10000 width=20) (actual time=0.004..0.578 rows=10000 loops=1)
 Planning time: 0.203 ms
 Execution time: 4.636 ms
(10 rows)

===== 102 [Wed Mar  7 01:57:30 CET 2018] scale:10000 groups:10 work_mem:128MB incremental:off max_workers:2 =====
SELECT * FROM (SELECT * FROM s_2 ORDER BY a, b) foo ORDER BY a, b, c
                                                        QUERY PLAN                                                        
--------------------------------------------------------------------------------------------------------------------------
 Limit  (cost=1742.77..1742.77 rows=1 width=20) (actual time=5.557..5.557 rows=0 loops=1)
   ->  Sort  (cost=1617.77..1642.77 rows=10000 width=20) (actual time=5.009..5.340 rows=10000 loops=1)
         Sort Key: s_2.a, s_2.b, s_2.c
         Sort Method: quicksort  Memory: 1166kB
         ->  Sort  (cost=828.39..853.39 rows=10000 width=20) (actual time=1.876..2.229 rows=10000 loops=1)
               Sort Key: s_2.a, s_2.b
               Sort Method: quicksort  Memory: 1166kB
               ->  Seq Scan on s_2  (cost=0.00..164.00 rows=10000 width=20) (actual time=0.008..0.582 rows=10000 loops=1)
 Planning time: 0.202 ms
 Execution time: 5.643 ms
(10 rows)

===== 103 [Wed Mar  7 01:57:30 CET 2018] scale:10000 groups:10 work_mem:128MB incremental:off max_workers:2 =====
SELECT * FROM (SELECT * FROM s_3 ORDER BY a, b, c) foo ORDER BY a, b, c, d
                                                        QUERY PLAN                                                        
--------------------------------------------------------------------------------------------------------------------------
 Limit  (cost=1742.77..1742.77 rows=1 width=20) (actual time=6.469..6.469 rows=0 loops=1)
   ->  Sort  (cost=1617.77..1642.77 rows=10000 width=20) (actual time=5.923..6.250 rows=10000 loops=1)
         Sort Key: s_3.a, s_3.b, s_3.c, s_3.d
         Sort Method: quicksort  Memory: 1166kB
         ->  Sort  (cost=828.39..853.39 rows=10000 width=20) (actual time=1.968..2.320 rows=10000 loops=1)
               Sort Key: s_3.a, s_3.b, s_3.c
               Sort Method: quicksort  Memory: 1166kB
               ->  Seq Scan on s_3  (cost=0.00..164.00 rows=10000 width=20) (actual time=0.008..0.588 rows=10000 loops=1)
 Planning time: 0.213 ms
 Execution time: 6.555 ms
(10 rows)

===== 104 [Wed Mar  7 01:57:31 CET 2018] scale:10000 groups:10 work_mem:128MB incremental:off max_workers:2 =====
SELECT * FROM (SELECT * FROM s_4 ORDER BY a, b, c, d) foo ORDER BY a, b, c, d, e
                                                        QUERY PLAN                                                        
--------------------------------------------------------------------------------------------------------------------------
 Limit  (cost=1742.77..1742.77 rows=1 width=20) (actual time=6.555..6.555 rows=0 loops=1)
   ->  Sort  (cost=1617.77..1642.77 rows=10000 width=20) (actual time=6.017..6.338 rows=10000 loops=1)
         Sort Key: s_4.a, s_4.b, s_4.c, s_4.d, s_4.e
         Sort Method: quicksort  Memory: 1166kB
         ->  Sort  (cost=828.39..853.39 rows=10000 width=20) (actual time=2.049..2.403 rows=10000 loops=1)
               Sort Key: s_4.a, s_4.b, s_4.c, s_4.d
               Sort Method: quicksort  Memory: 1166kB
               ->  Seq Scan on s_4  (cost=0.00..164.00 rows=10000 width=20) (actual time=0.004..0.583 rows=10000 loops=1)
 Planning time: 0.214 ms
 Execution time: 6.642 ms
(10 rows)

===== 105 [Wed Mar  7 01:57:31 CET 2018] scale:10000 groups:10 work_mem:256MB incremental:on max_workers:2 =====
SELECT * FROM (SELECT * FROM s_1 ORDER BY a) foo ORDER BY a, b
                                                        QUERY PLAN                                                        
--------------------------------------------------------------------------------------------------------------------------
 Limit  (cost=1720.02..1720.02 rows=1 width=20) (actual time=4.390..4.390 rows=0 loops=1)
   ->  Incremental Sort  (cost=884.42..1620.02 rows=10000 width=20) (actual time=1.892..4.129 rows=10000 loops=1)
         Sort Key: s_1.a, s_1.b
         Presorted Key: s_1.a
         Sort Method: quicksort  Memory: 129kB
         Sort Groups: 11
         ->  Sort  (cost=828.39..853.39 rows=10000 width=20) (actual time=1.760..2.103 rows=10000 loops=1)
               Sort Key: s_1.a
               Sort Method: quicksort  Memory: 1166kB
               ->  Seq Scan on s_1  (cost=0.00..164.00 rows=10000 width=20) (actual time=0.004..0.576 rows=10000 loops=1)
 Planning time: 0.206 ms
 Execution time: 4.439 ms
(12 rows)

===== 106 [Wed Mar  7 01:57:31 CET 2018] scale:10000 groups:10 work_mem:256MB incremental:on max_workers:2 =====
SELECT * FROM (SELECT * FROM s_2 ORDER BY a, b) foo ORDER BY a, b, c
                                                        QUERY PLAN                                                        
--------------------------------------------------------------------------------------------------------------------------
 Limit  (cost=1549.25..1549.25 rows=1 width=20) (actual time=4.848..4.848 rows=0 loops=1)
   ->  Incremental Sort  (cost=832.05..1449.25 rows=10000 width=20) (actual time=1.937..4.592 rows=10000 loops=1)
         Sort Key: s_2.a, s_2.b, s_2.c
         Presorted Key: s_2.a, s_2.b
         Sort Method: quicksort  Memory: 35kB
         Sort Groups: 118
         ->  Sort  (cost=828.39..853.39 rows=10000 width=20) (actual time=1.883..2.248 rows=10000 loops=1)
               Sort Key: s_2.a, s_2.b
               Sort Method: quicksort  Memory: 1166kB
               ->  Seq Scan on s_2  (cost=0.00..164.00 rows=10000 width=20) (actual time=0.008..0.585 rows=10000 loops=1)
 Planning time: 0.209 ms
 Execution time: 4.899 ms
(12 rows)

===== 107 [Wed Mar  7 01:57:31 CET 2018] scale:10000 groups:10 work_mem:256MB incremental:on max_workers:2 =====
SELECT * FROM (SELECT * FROM s_3 ORDER BY a, b, c) foo ORDER BY a, b, c, d
                                                        QUERY PLAN                                                        
--------------------------------------------------------------------------------------------------------------------------
 Limit  (cost=1414.48..1414.48 rows=1 width=20) (actual time=5.324..5.324 rows=0 loops=1)
   ->  Incremental Sort  (cost=828.68..1314.48 rows=10000 width=20) (actual time=2.002..5.071 rows=10000 loops=1)
         Sort Key: s_3.a, s_3.b, s_3.c, s_3.d
         Presorted Key: s_3.a, s_3.b, s_3.c
         Sort Method: quicksort  Memory: 28kB
         Sort Groups: 276
         ->  Sort  (cost=828.39..853.39 rows=10000 width=20) (actual time=1.953..2.340 rows=10000 loops=1)
               Sort Key: s_3.a, s_3.b, s_3.c
               Sort Method: quicksort  Memory: 1166kB
               ->  Seq Scan on s_3  (cost=0.00..164.00 rows=10000 width=20) (actual time=0.007..0.582 rows=10000 loops=1)
 Planning time: 0.216 ms
 Execution time: 5.374 ms
(12 rows)

===== 108 [Wed Mar  7 01:57:31 CET 2018] scale:10000 groups:10 work_mem:256MB incremental:on max_workers:2 =====
SELECT * FROM (SELECT * FROM s_4 ORDER BY a, b, c, d) foo ORDER BY a, b, c, d, e
                                                        QUERY PLAN                                                        
--------------------------------------------------------------------------------------------------------------------------
 Limit  (cost=1414.48..1414.48 rows=1 width=20) (actual time=5.323..5.323 rows=0 loops=1)
   ->  Incremental Sort  (cost=828.68..1314.48 rows=10000 width=20) (actual time=2.045..5.099 rows=10000 loops=1)
         Sort Key: s_4.a, s_4.b, s_4.c, s_4.d, s_4.e
         Presorted Key: s_4.a, s_4.b, s_4.c, s_4.d
         Sort Method: quicksort  Memory: 27kB
         Sort Groups: 309
         ->  Sort  (cost=828.39..853.39 rows=10000 width=20) (actual time=2.000..2.405 rows=10000 loops=1)
               Sort Key: s_4.a, s_4.b, s_4.c, s_4.d
               Sort Method: quicksort  Memory: 1166kB
               ->  Seq Scan on s_4  (cost=0.00..164.00 rows=10000 width=20) (actual time=0.004..0.572 rows=10000 loops=1)
 Planning time: 0.221 ms
 Execution time: 5.382 ms
(12 rows)

===== 109 [Wed Mar  7 01:57:31 CET 2018] scale:10000 groups:10 work_mem:256MB incremental:off max_workers:2 =====
SELECT * FROM (SELECT * FROM s_1 ORDER BY a) foo ORDER BY a, b
                                                        QUERY PLAN                                                        
--------------------------------------------------------------------------------------------------------------------------
 Limit  (cost=1742.77..1742.77 rows=1 width=20) (actual time=4.538..4.538 rows=0 loops=1)
   ->  Sort  (cost=1617.77..1642.77 rows=10000 width=20) (actual time=3.988..4.319 rows=10000 loops=1)
         Sort Key: s_1.a, s_1.b
         Sort Method: quicksort  Memory: 1166kB
         ->  Sort  (cost=828.39..853.39 rows=10000 width=20) (actual time=1.749..2.102 rows=10000 loops=1)
               Sort Key: s_1.a
               Sort Method: quicksort  Memory: 1166kB
               ->  Seq Scan on s_1  (cost=0.00..164.00 rows=10000 width=20) (actual time=0.004..0.580 rows=10000 loops=1)
 Planning time: 0.199 ms
 Execution time: 4.628 ms
(10 rows)

===== 110 [Wed Mar  7 01:57:31 CET 2018] scale:10000 groups:10 work_mem:256MB incremental:off max_workers:2 =====
SELECT * FROM (SELECT * FROM s_2 ORDER BY a, b) foo ORDER BY a, b, c
                                                        QUERY PLAN                                                        
--------------------------------------------------------------------------------------------------------------------------
 Limit  (cost=1742.77..1742.77 rows=1 width=20) (actual time=5.557..5.557 rows=0 loops=1)
   ->  Sort  (cost=1617.77..1642.77 rows=10000 width=20) (actual time=5.008..5.340 rows=10000 loops=1)
         Sort Key: s_2.a, s_2.b, s_2.c
         Sort Method: quicksort  Memory: 1166kB
         ->  Sort  (cost=828.39..853.39 rows=10000 width=20) (actual time=1.877..2.230 rows=10000 loops=1)
               Sort Key: s_2.a, s_2.b
               Sort Method: quicksort  Memory: 1166kB
               ->  Seq Scan on s_2  (cost=0.00..164.00 rows=10000 width=20) (actual time=0.007..0.581 rows=10000 loops=1)
 Planning time: 0.201 ms
 Execution time: 5.643 ms
(10 rows)

===== 111 [Wed Mar  7 01:57:31 CET 2018] scale:10000 groups:10 work_mem:256MB incremental:off max_workers:2 =====
SELECT * FROM (SELECT * FROM s_3 ORDER BY a, b, c) foo ORDER BY a, b, c, d
                                                        QUERY PLAN                                                        
--------------------------------------------------------------------------------------------------------------------------
 Limit  (cost=1742.77..1742.77 rows=1 width=20) (actual time=6.473..6.473 rows=0 loops=1)
   ->  Sort  (cost=1617.77..1642.77 rows=10000 width=20) (actual time=5.925..6.256 rows=10000 loops=1)
         Sort Key: s_3.a, s_3.b, s_3.c, s_3.d
         Sort Method: quicksort  Memory: 1166kB
         ->  Sort  (cost=828.39..853.39 rows=10000 width=20) (actual time=1.966..2.319 rows=10000 loops=1)
               Sort Key: s_3.a, s_3.b, s_3.c
               Sort Method: quicksort  Memory: 1166kB
               ->  Seq Scan on s_3  (cost=0.00..164.00 rows=10000 width=20) (actual time=0.008..0.591 rows=10000 loops=1)
 Planning time: 0.210 ms
 Execution time: 6.560 ms
(10 rows)

===== 112 [Wed Mar  7 01:57:31 CET 2018] scale:10000 groups:10 work_mem:256MB incremental:off max_workers:2 =====
SELECT * FROM (SELECT * FROM s_4 ORDER BY a, b, c, d) foo ORDER BY a, b, c, d, e
                                                        QUERY PLAN                                                        
--------------------------------------------------------------------------------------------------------------------------
 Limit  (cost=1742.77..1742.77 rows=1 width=20) (actual time=6.559..6.559 rows=0 loops=1)
   ->  Sort  (cost=1617.77..1642.77 rows=10000 width=20) (actual time=6.020..6.339 rows=10000 loops=1)
         Sort Key: s_4.a, s_4.b, s_4.c, s_4.d, s_4.e
         Sort Method: quicksort  Memory: 1166kB
         ->  Sort  (cost=828.39..853.39 rows=10000 width=20) (actual time=2.055..2.408 rows=10000 loops=1)
               Sort Key: s_4.a, s_4.b, s_4.c, s_4.d
               Sort Method: quicksort  Memory: 1166kB
               ->  Seq Scan on s_4  (cost=0.00..164.00 rows=10000 width=20) (actual time=0.004..0.579 rows=10000 loops=1)
 Planning time: 0.216 ms
 Execution time: 6.645 ms
(10 rows)

===== 113 [Wed Mar  7 01:57:32 CET 2018] scale:10000 groups:100 work_mem:4MB incremental:on max_workers:0 =====
SELECT * FROM (SELECT * FROM s_1 ORDER BY a) foo ORDER BY a, b
                                                        QUERY PLAN                                                        
--------------------------------------------------------------------------------------------------------------------------
 Limit  (cost=1561.88..1561.88 rows=1 width=20) (actual time=4.902..4.902 rows=0 loops=1)
   ->  Incremental Sort  (cost=832.91..1461.88 rows=10000 width=20) (actual time=1.805..4.645 rows=10000 loops=1)
         Sort Key: s_1.a, s_1.b
         Presorted Key: s_1.a
         Sort Method: quicksort  Memory: 35kB
         Sort Groups: 101
         ->  Sort  (cost=828.39..853.39 rows=10000 width=20) (actual time=1.759..2.120 rows=10000 loops=1)
               Sort Key: s_1.a
               Sort Method: quicksort  Memory: 1166kB
               ->  Seq Scan on s_1  (cost=0.00..164.00 rows=10000 width=20) (actual time=0.004..0.576 rows=10000 loops=1)
 Planning time: 0.210 ms
 Execution time: 4.952 ms
(12 rows)

===== 114 [Wed Mar  7 01:57:32 CET 2018] scale:10000 groups:100 work_mem:4MB incremental:on max_workers:0 =====
SELECT * FROM (SELECT * FROM s_2 ORDER BY a, b) foo ORDER BY a, b, c
                                                        QUERY PLAN                                                        
--------------------------------------------------------------------------------------------------------------------------
 Limit  (cost=1414.48..1414.48 rows=1 width=20) (actual time=4.648..4.648 rows=0 loops=1)
   ->  Incremental Sort  (cost=828.68..1314.48 rows=10000 width=20) (actual time=1.955..4.390 rows=10000 loops=1)
         Sort Key: s_2.a, s_2.b, s_2.c
         Presorted Key: s_2.a, s_2.b
         Sort Method: quicksort  Memory: 27kB
         Sort Groups: 308
         ->  Sort  (cost=828.39..853.39 rows=10000 width=20) (actual time=1.918..2.317 rows=10000 loops=1)
               Sort Key: s_2.a, s_2.b
               Sort Method: quicksort  Memory: 1166kB
               ->  Seq Scan on s_2  (cost=0.00..164.00 rows=10000 width=20) (actual time=0.007..0.583 rows=10000 loops=1)
 Planning time: 0.212 ms
 Execution time: 4.698 ms
(12 rows)

===== 115 [Wed Mar  7 01:57:32 CET 2018] scale:10000 groups:100 work_mem:4MB incremental:on max_workers:0 =====
SELECT * FROM (SELECT * FROM s_3 ORDER BY a, b, c) foo ORDER BY a, b, c, d
                                                        QUERY PLAN                                                        
--------------------------------------------------------------------------------------------------------------------------
 Limit  (cost=1414.48..1414.48 rows=1 width=20) (actual time=4.128..4.128 rows=0 loops=1)
   ->  Incremental Sort  (cost=828.68..1314.48 rows=10000 width=20) (actual time=1.962..3.869 rows=10000 loops=1)
         Sort Key: s_3.a, s_3.b, s_3.c, s_3.d
         Presorted Key: s_3.a, s_3.b, s_3.c
         Sort Method: quicksort  Memory: 27kB
         Sort Groups: 313
         ->  Sort  (cost=828.39..853.39 rows=10000 width=20) (actual time=1.924..2.317 rows=10000 loops=1)
               Sort Key: s_3.a, s_3.b, s_3.c
               Sort Method: quicksort  Memory: 1166kB
               ->  Seq Scan on s_3  (cost=0.00..164.00 rows=10000 width=20) (actual time=0.007..0.582 rows=10000 loops=1)
 Planning time: 0.213 ms
 Execution time: 4.176 ms
(12 rows)

===== 116 [Wed Mar  7 01:57:32 CET 2018] scale:10000 groups:100 work_mem:4MB incremental:on max_workers:0 =====
SELECT * FROM (SELECT * FROM s_4 ORDER BY a, b, c, d) foo ORDER BY a, b, c, d, e
                                                        QUERY PLAN                                                        
--------------------------------------------------------------------------------------------------------------------------
 Limit  (cost=1414.48..1414.48 rows=1 width=20) (actual time=4.030..4.030 rows=0 loops=1)
   ->  Incremental Sort  (cost=828.68..1314.48 rows=10000 width=20) (actual time=1.930..3.806 rows=10000 loops=1)
         Sort Key: s_4.a, s_4.b, s_4.c, s_4.d, s_4.e
         Presorted Key: s_4.a, s_4.b, s_4.c, s_4.d
         Sort Method: quicksort  Memory: 27kB
         Sort Groups: 313
         ->  Sort  (cost=828.39..853.39 rows=10000 width=20) (actual time=1.893..2.294 rows=10000 loops=1)
               Sort Key: s_4.a, s_4.b, s_4.c, s_4.d
               Sort Method: quicksort  Memory: 1166kB
               ->  Seq Scan on s_4  (cost=0.00..164.00 rows=10000 width=20) (actual time=0.004..0.576 rows=10000 loops=1)
 Planning time: 0.223 ms
 Execution time: 4.088 ms
(12 rows)

===== 117 [Wed Mar  7 01:57:33 CET 2018] scale:10000 groups:100 work_mem:4MB incremental:off max_workers:0 =====
SELECT * FROM (SELECT * FROM s_1 ORDER BY a) foo ORDER BY a, b
                                                        QUERY PLAN                                                        
--------------------------------------------------------------------------------------------------------------------------
 Limit  (cost=1742.77..1742.77 rows=1 width=20) (actual time=5.353..5.353 rows=0 loops=1)
   ->  Sort  (cost=1617.77..1642.77 rows=10000 width=20) (actual time=4.804..5.135 rows=10000 loops=1)
         Sort Key: s_1.a, s_1.b
         Sort Method: quicksort  Memory: 1166kB
         ->  Sort  (cost=828.39..853.39 rows=10000 width=20) (actual time=1.756..2.108 rows=10000 loops=1)
               Sort Key: s_1.a
               Sort Method: quicksort  Memory: 1166kB
               ->  Seq Scan on s_1  (cost=0.00..164.00 rows=10000 width=20) (actual time=0.004..0.578 rows=10000 loops=1)
 Planning time: 0.208 ms
 Execution time: 5.443 ms
(10 rows)

===== 118 [Wed Mar  7 01:57:33 CET 2018] scale:10000 groups:100 work_mem:4MB incremental:off max_workers:0 =====
SELECT * FROM (SELECT * FROM s_2 ORDER BY a, b) foo ORDER BY a, b, c
                                                        QUERY PLAN                                                        
--------------------------------------------------------------------------------------------------------------------------
 Limit  (cost=1742.77..1742.77 rows=1 width=20) (actual time=5.428..5.428 rows=0 loops=1)
   ->  Sort  (cost=1617.77..1642.77 rows=10000 width=20) (actual time=4.890..5.212 rows=10000 loops=1)
         Sort Key: s_2.a, s_2.b, s_2.c
         Sort Method: quicksort  Memory: 1166kB
         ->  Sort  (cost=828.39..853.39 rows=10000 width=20) (actual time=1.912..2.264 rows=10000 loops=1)
               Sort Key: s_2.a, s_2.b
               Sort Method: quicksort  Memory: 1166kB
               ->  Seq Scan on s_2  (cost=0.00..164.00 rows=10000 width=20) (actual time=0.008..0.586 rows=10000 loops=1)
 Planning time: 0.209 ms
 Execution time: 5.516 ms
(10 rows)

===== 119 [Wed Mar  7 01:57:33 CET 2018] scale:10000 groups:100 work_mem:4MB incremental:off max_workers:0 =====
SELECT * FROM (SELECT * FROM s_3 ORDER BY a, b, c) foo ORDER BY a, b, c, d
                                                        QUERY PLAN                                                        
--------------------------------------------------------------------------------------------------------------------------
 Limit  (cost=1742.77..1742.77 rows=1 width=20) (actual time=4.872..4.872 rows=0 loops=1)
   ->  Sort  (cost=1617.77..1642.77 rows=10000 width=20) (actual time=4.341..4.656 rows=10000 loops=1)
         Sort Key: s_3.a, s_3.b, s_3.c, s_3.d
         Sort Method: quicksort  Memory: 1166kB
         ->  Sort  (cost=828.39..853.39 rows=10000 width=20) (actual time=1.934..2.287 rows=10000 loops=1)
               Sort Key: s_3.a, s_3.b, s_3.c
               Sort Method: quicksort  Memory: 1166kB
               ->  Seq Scan on s_3  (cost=0.00..164.00 rows=10000 width=20) (actual time=0.008..0.589 rows=10000 loops=1)
 Planning time: 0.212 ms
 Execution time: 4.966 ms
(10 rows)

===== 120 [Wed Mar  7 01:57:33 CET 2018] scale:10000 groups:100 work_mem:4MB incremental:off max_workers:0 =====
SELECT * FROM (SELECT * FROM s_4 ORDER BY a, b, c, d) foo ORDER BY a, b, c, d, e
                                                        QUERY PLAN                                                        
--------------------------------------------------------------------------------------------------------------------------
 Limit  (cost=1742.77..1742.77 rows=1 width=20) (actual time=4.041..4.041 rows=0 loops=1)
   ->  Sort  (cost=1617.77..1642.77 rows=10000 width=20) (actual time=3.508..3.823 rows=10000 loops=1)
         Sort Key: s_4.a, s_4.b, s_4.c, s_4.d, s_4.e
         Sort Method: quicksort  Memory: 1166kB
         ->  Sort  (cost=828.39..853.39 rows=10000 width=20) (actual time=1.931..2.283 rows=10000 loops=1)
               Sort Key: s_4.a, s_4.b, s_4.c, s_4.d
               Sort Method: quicksort  Memory: 1166kB
               ->  Seq Scan on s_4  (cost=0.00..164.00 rows=10000 width=20) (actual time=0.004..0.577 rows=10000 loops=1)
 Planning time: 0.218 ms
 Execution time: 4.128 ms
(10 rows)

===== 121 [Wed Mar  7 01:57:33 CET 2018] scale:10000 groups:100 work_mem:8MB incremental:on max_workers:0 =====
SELECT * FROM (SELECT * FROM s_1 ORDER BY a) foo ORDER BY a, b
                                                        QUERY PLAN                                                        
--------------------------------------------------------------------------------------------------------------------------
 Limit  (cost=1561.88..1561.88 rows=1 width=20) (actual time=4.895..4.895 rows=0 loops=1)
   ->  Incremental Sort  (cost=832.91..1461.88 rows=10000 width=20) (actual time=1.802..4.637 rows=10000 loops=1)
         Sort Key: s_1.a, s_1.b
         Presorted Key: s_1.a
         Sort Method: quicksort  Memory: 35kB
         Sort Groups: 101
         ->  Sort  (cost=828.39..853.39 rows=10000 width=20) (actual time=1.757..2.119 rows=10000 loops=1)
               Sort Key: s_1.a
               Sort Method: quicksort  Memory: 1166kB
               ->  Seq Scan on s_1  (cost=0.00..164.00 rows=10000 width=20) (actual time=0.004..0.577 rows=10000 loops=1)
 Planning time: 0.211 ms
 Execution time: 4.947 ms
(12 rows)

===== 122 [Wed Mar  7 01:57:33 CET 2018] scale:10000 groups:100 work_mem:8MB incremental:on max_workers:0 =====
SELECT * FROM (SELECT * FROM s_2 ORDER BY a, b) foo ORDER BY a, b, c
                                                        QUERY PLAN                                                        
--------------------------------------------------------------------------------------------------------------------------
 Limit  (cost=1414.48..1414.48 rows=1 width=20) (actual time=4.639..4.639 rows=0 loops=1)
   ->  Incremental Sort  (cost=828.68..1314.48 rows=10000 width=20) (actual time=1.957..4.383 rows=10000 loops=1)
         Sort Key: s_2.a, s_2.b, s_2.c
         Presorted Key: s_2.a, s_2.b
         Sort Method: quicksort  Memory: 27kB
         Sort Groups: 308
         ->  Sort  (cost=828.39..853.39 rows=10000 width=20) (actual time=1.920..2.315 rows=10000 loops=1)
               Sort Key: s_2.a, s_2.b
               Sort Method: quicksort  Memory: 1166kB
               ->  Seq Scan on s_2  (cost=0.00..164.00 rows=10000 width=20) (actual time=0.007..0.583 rows=10000 loops=1)
 Planning time: 0.214 ms
 Execution time: 4.689 ms
(12 rows)

===== 123 [Wed Mar  7 01:57:33 CET 2018] scale:10000 groups:100 work_mem:8MB incremental:on max_workers:0 =====
SELECT * FROM (SELECT * FROM s_3 ORDER BY a, b, c) foo ORDER BY a, b, c, d
                                                        QUERY PLAN                                                        
--------------------------------------------------------------------------------------------------------------------------
 Limit  (cost=1414.48..1414.48 rows=1 width=20) (actual time=4.130..4.130 rows=0 loops=1)
   ->  Incremental Sort  (cost=828.68..1314.48 rows=10000 width=20) (actual time=1.964..3.874 rows=10000 loops=1)
         Sort Key: s_3.a, s_3.b, s_3.c, s_3.d
         Presorted Key: s_3.a, s_3.b, s_3.c
         Sort Method: quicksort  Memory: 27kB
         Sort Groups: 313
         ->  Sort  (cost=828.39..853.39 rows=10000 width=20) (actual time=1.927..2.323 rows=10000 loops=1)
               Sort Key: s_3.a, s_3.b, s_3.c
               Sort Method: quicksort  Memory: 1166kB
               ->  Seq Scan on s_3  (cost=0.00..164.00 rows=10000 width=20) (actual time=0.008..0.581 rows=10000 loops=1)
 Planning time: 0.222 ms
 Execution time: 4.180 ms
(12 rows)

===== 124 [Wed Mar  7 01:57:33 CET 2018] scale:10000 groups:100 work_mem:8MB incremental:on max_workers:0 =====
SELECT * FROM (SELECT * FROM s_4 ORDER BY a, b, c, d) foo ORDER BY a, b, c, d, e
                                                        QUERY PLAN                                                        
--------------------------------------------------------------------------------------------------------------------------
 Limit  (cost=1414.48..1414.48 rows=1 width=20) (actual time=4.014..4.014 rows=0 loops=1)
   ->  Incremental Sort  (cost=828.68..1314.48 rows=10000 width=20) (actual time=1.920..3.788 rows=10000 loops=1)
         Sort Key: s_4.a, s_4.b, s_4.c, s_4.d, s_4.e
         Presorted Key: s_4.a, s_4.b, s_4.c, s_4.d
         Sort Method: quicksort  Memory: 27kB
         Sort Groups: 313
         ->  Sort  (cost=828.39..853.39 rows=10000 width=20) (actual time=1.884..2.282 rows=10000 loops=1)
               Sort Key: s_4.a, s_4.b, s_4.c, s_4.d
               Sort Method: quicksort  Memory: 1166kB
               ->  Seq Scan on s_4  (cost=0.00..164.00 rows=10000 width=20) (actual time=0.004..0.574 rows=10000 loops=1)
 Planning time: 0.226 ms
 Execution time: 4.074 ms
(12 rows)

===== 125 [Wed Mar  7 01:57:33 CET 2018] scale:10000 groups:100 work_mem:8MB incremental:off max_workers:0 =====
SELECT * FROM (SELECT * FROM s_1 ORDER BY a) foo ORDER BY a, b
                                                        QUERY PLAN                                                        
--------------------------------------------------------------------------------------------------------------------------
 Limit  (cost=1742.77..1742.77 rows=1 width=20) (actual time=5.347..5.347 rows=0 loops=1)
   ->  Sort  (cost=1617.77..1642.77 rows=10000 width=20) (actual time=4.799..5.130 rows=10000 loops=1)
         Sort Key: s_1.a, s_1.b
         Sort Method: quicksort  Memory: 1166kB
         ->  Sort  (cost=828.39..853.39 rows=10000 width=20) (actual time=1.754..2.109 rows=10000 loops=1)
               Sort Key: s_1.a
               Sort Method: quicksort  Memory: 1166kB
               ->  Seq Scan on s_1  (cost=0.00..164.00 rows=10000 width=20) (actual time=0.004..0.576 rows=10000 loops=1)
 Planning time: 0.210 ms
 Execution time: 5.435 ms
(10 rows)

===== 126 [Wed Mar  7 01:57:33 CET 2018] scale:10000 groups:100 work_mem:8MB incremental:off max_workers:0 =====
SELECT * FROM (SELECT * FROM s_2 ORDER BY a, b) foo ORDER BY a, b, c
                                                        QUERY PLAN                                                        
--------------------------------------------------------------------------------------------------------------------------
 Limit  (cost=1742.77..1742.77 rows=1 width=20) (actual time=5.426..5.426 rows=0 loops=1)
   ->  Sort  (cost=1617.77..1642.77 rows=10000 width=20) (actual time=4.885..5.206 rows=10000 loops=1)
         Sort Key: s_2.a, s_2.b, s_2.c
         Sort Method: quicksort  Memory: 1166kB
         ->  Sort  (cost=828.39..853.39 rows=10000 width=20) (actual time=1.910..2.265 rows=10000 loops=1)
               Sort Key: s_2.a, s_2.b
               Sort Method: quicksort  Memory: 1166kB
               ->  Seq Scan on s_2  (cost=0.00..164.00 rows=10000 width=20) (actual time=0.008..0.583 rows=10000 loops=1)
 Planning time: 0.205 ms
 Execution time: 5.513 ms
(10 rows)

===== 127 [Wed Mar  7 01:57:33 CET 2018] scale:10000 groups:100 work_mem:8MB incremental:off max_workers:0 =====
SELECT * FROM (SELECT * FROM s_3 ORDER BY a, b, c) foo ORDER BY a, b, c, d
                                                        QUERY PLAN                                                        
--------------------------------------------------------------------------------------------------------------------------
 Limit  (cost=1742.77..1742.77 rows=1 width=20) (actual time=4.881..4.881 rows=0 loops=1)
   ->  Sort  (cost=1617.77..1642.77 rows=10000 width=20) (actual time=4.349..4.664 rows=10000 loops=1)
         Sort Key: s_3.a, s_3.b, s_3.c, s_3.d
         Sort Method: quicksort  Memory: 1166kB
         ->  Sort  (cost=828.39..853.39 rows=10000 width=20) (actual time=1.935..2.288 rows=10000 loops=1)
               Sort Key: s_3.a, s_3.b, s_3.c
               Sort Method: quicksort  Memory: 1166kB
               ->  Seq Scan on s_3  (cost=0.00..164.00 rows=10000 width=20) (actual time=0.008..0.591 rows=10000 loops=1)
 Planning time: 0.207 ms
 Execution time: 4.968 ms
(10 rows)

===== 128 [Wed Mar  7 01:57:34 CET 2018] scale:10000 groups:100 work_mem:8MB incremental:off max_workers:0 =====
SELECT * FROM (SELECT * FROM s_4 ORDER BY a, b, c, d) foo ORDER BY a, b, c, d, e
                                                        QUERY PLAN                                                        
--------------------------------------------------------------------------------------------------------------------------
 Limit  (cost=1742.77..1742.77 rows=1 width=20) (actual time=4.054..4.054 rows=0 loops=1)
   ->  Sort  (cost=1617.77..1642.77 rows=10000 width=20) (actual time=3.525..3.837 rows=10000 loops=1)
         Sort Key: s_4.a, s_4.b, s_4.c, s_4.d, s_4.e
         Sort Method: quicksort  Memory: 1166kB
         ->  Sort  (cost=828.39..853.39 rows=10000 width=20) (actual time=1.937..2.290 rows=10000 loops=1)
               Sort Key: s_4.a, s_4.b, s_4.c, s_4.d
               Sort Method: quicksort  Memory: 1166kB
               ->  Seq Scan on s_4  (cost=0.00..164.00 rows=10000 width=20) (actual time=0.004..0.583 rows=10000 loops=1)
 Planning time: 0.219 ms
 Execution time: 4.139 ms
(10 rows)

===== 129 [Wed Mar  7 01:57:34 CET 2018] scale:10000 groups:100 work_mem:16MB incremental:on max_workers:0 =====
SELECT * FROM (SELECT * FROM s_1 ORDER BY a) foo ORDER BY a, b
                                                        QUERY PLAN                                                        
--------------------------------------------------------------------------------------------------------------------------
 Limit  (cost=1561.88..1561.88 rows=1 width=20) (actual time=4.902..4.902 rows=0 loops=1)
   ->  Incremental Sort  (cost=832.91..1461.88 rows=10000 width=20) (actual time=1.802..4.644 rows=10000 loops=1)
         Sort Key: s_1.a, s_1.b
         Presorted Key: s_1.a
         Sort Method: quicksort  Memory: 35kB
         Sort Groups: 101
         ->  Sort  (cost=828.39..853.39 rows=10000 width=20) (actual time=1.754..2.114 rows=10000 loops=1)
               Sort Key: s_1.a
               Sort Method: quicksort  Memory: 1166kB
               ->  Seq Scan on s_1  (cost=0.00..164.00 rows=10000 width=20) (actual time=0.004..0.579 rows=10000 loops=1)
 Planning time: 0.210 ms
 Execution time: 4.952 ms
(12 rows)

===== 130 [Wed Mar  7 01:57:34 CET 2018] scale:10000 groups:100 work_mem:16MB incremental:on max_workers:0 =====
SELECT * FROM (SELECT * FROM s_2 ORDER BY a, b) foo ORDER BY a, b, c
                                                        QUERY PLAN                                                        
--------------------------------------------------------------------------------------------------------------------------
 Limit  (cost=1414.48..1414.48 rows=1 width=20) (actual time=4.642..4.642 rows=0 loops=1)
   ->  Incremental Sort  (cost=828.68..1314.48 rows=10000 width=20) (actual time=1.956..4.386 rows=10000 loops=1)
         Sort Key: s_2.a, s_2.b, s_2.c
         Presorted Key: s_2.a, s_2.b
         Sort Method: quicksort  Memory: 27kB
         Sort Groups: 308
         ->  Sort  (cost=828.39..853.39 rows=10000 width=20) (actual time=1.919..2.314 rows=10000 loops=1)
               Sort Key: s_2.a, s_2.b
               Sort Method: quicksort  Memory: 1166kB
               ->  Seq Scan on s_2  (cost=0.00..164.00 rows=10000 width=20) (actual time=0.007..0.583 rows=10000 loops=1)
 Planning time: 0.211 ms
 Execution time: 4.691 ms
(12 rows)

===== 131 [Wed Mar  7 01:57:34 CET 2018] scale:10000 groups:100 work_mem:16MB incremental:on max_workers:0 =====
SELECT * FROM (SELECT * FROM s_3 ORDER BY a, b, c) foo ORDER BY a, b, c, d
                                                        QUERY PLAN                                                        
--------------------------------------------------------------------------------------------------------------------------
 Limit  (cost=1414.48..1414.48 rows=1 width=20) (actual time=4.130..4.130 rows=0 loops=1)
   ->  Incremental Sort  (cost=828.68..1314.48 rows=10000 width=20) (actual time=1.960..3.874 rows=10000 loops=1)
         Sort Key: s_3.a, s_3.b, s_3.c, s_3.d
         Presorted Key: s_3.a, s_3.b, s_3.c
         Sort Method: quicksort  Memory: 27kB
         Sort Groups: 313
         ->  Sort  (cost=828.39..853.39 rows=10000 width=20) (actual time=1.923..2.324 rows=10000 loops=1)
               Sort Key: s_3.a, s_3.b, s_3.c
               Sort Method: quicksort  Memory: 1166kB
               ->  Seq Scan on s_3  (cost=0.00..164.00 rows=10000 width=20) (actual time=0.008..0.582 rows=10000 loops=1)
 Planning time: 0.219 ms
 Execution time: 4.180 ms
(12 rows)

===== 132 [Wed Mar  7 01:57:34 CET 2018] scale:10000 groups:100 work_mem:16MB incremental:on max_workers:0 =====
SELECT * FROM (SELECT * FROM s_4 ORDER BY a, b, c, d) foo ORDER BY a, b, c, d, e
                                                        QUERY PLAN                                                        
--------------------------------------------------------------------------------------------------------------------------
 Limit  (cost=1414.48..1414.48 rows=1 width=20) (actual time=4.034..4.034 rows=0 loops=1)
   ->  Incremental Sort  (cost=828.68..1314.48 rows=10000 width=20) (actual time=1.933..3.809 rows=10000 loops=1)
         Sort Key: s_4.a, s_4.b, s_4.c, s_4.d, s_4.e
         Presorted Key: s_4.a, s_4.b, s_4.c, s_4.d
         Sort Method: quicksort  Memory: 27kB
         Sort Groups: 313
         ->  Sort  (cost=828.39..853.39 rows=10000 width=20) (actual time=1.896..2.296 rows=10000 loops=1)
               Sort Key: s_4.a, s_4.b, s_4.c, s_4.d
               Sort Method: quicksort  Memory: 1166kB
               ->  Seq Scan on s_4  (cost=0.00..164.00 rows=10000 width=20) (actual time=0.004..0.572 rows=10000 loops=1)
 Planning time: 0.227 ms
 Execution time: 4.092 ms
(12 rows)

===== 133 [Wed Mar  7 01:57:34 CET 2018] scale:10000 groups:100 work_mem:16MB incremental:off max_workers:0 =====
SELECT * FROM (SELECT * FROM s_1 ORDER BY a) foo ORDER BY a, b
                                                        QUERY PLAN                                                        
--------------------------------------------------------------------------------------------------------------------------
 Limit  (cost=1742.77..1742.77 rows=1 width=20) (actual time=5.354..5.354 rows=0 loops=1)
   ->  Sort  (cost=1617.77..1642.77 rows=10000 width=20) (actual time=4.807..5.135 rows=10000 loops=1)
         Sort Key: s_1.a, s_1.b
         Sort Method: quicksort  Memory: 1166kB
         ->  Sort  (cost=828.39..853.39 rows=10000 width=20) (actual time=1.752..2.105 rows=10000 loops=1)
               Sort Key: s_1.a
               Sort Method: quicksort  Memory: 1166kB
               ->  Seq Scan on s_1  (cost=0.00..164.00 rows=10000 width=20) (actual time=0.008..0.581 rows=10000 loops=1)
 Planning time: 0.206 ms
 Execution time: 5.440 ms
(10 rows)

===== 134 [Wed Mar  7 01:57:34 CET 2018] scale:10000 groups:100 work_mem:16MB incremental:off max_workers:0 =====
SELECT * FROM (SELECT * FROM s_2 ORDER BY a, b) foo ORDER BY a, b, c
                                                        QUERY PLAN                                                        
--------------------------------------------------------------------------------------------------------------------------
 Limit  (cost=1742.77..1742.77 rows=1 width=20) (actual time=5.419..5.419 rows=0 loops=1)
   ->  Sort  (cost=1617.77..1642.77 rows=10000 width=20) (actual time=4.878..5.202 rows=10000 loops=1)
         Sort Key: s_2.a, s_2.b, s_2.c
         Sort Method: quicksort  Memory: 1166kB
         ->  Sort  (cost=828.39..853.39 rows=10000 width=20) (actual time=1.903..2.255 rows=10000 loops=1)
               Sort Key: s_2.a, s_2.b
               Sort Method: quicksort  Memory: 1166kB
               ->  Seq Scan on s_2  (cost=0.00..164.00 rows=10000 width=20) (actual time=0.008..0.586 rows=10000 loops=1)
 Planning time: 0.204 ms
 Execution time: 5.505 ms
(10 rows)

===== 135 [Wed Mar  7 01:57:34 CET 2018] scale:10000 groups:100 work_mem:16MB incremental:off max_workers:0 =====
SELECT * FROM (SELECT * FROM s_3 ORDER BY a, b, c) foo ORDER BY a, b, c, d
                                                        QUERY PLAN                                                        
--------------------------------------------------------------------------------------------------------------------------
 Limit  (cost=1742.77..1742.77 rows=1 width=20) (actual time=4.881..4.881 rows=0 loops=1)
   ->  Sort  (cost=1617.77..1642.77 rows=10000 width=20) (actual time=4.347..4.665 rows=10000 loops=1)
         Sort Key: s_3.a, s_3.b, s_3.c, s_3.d
         Sort Method: quicksort  Memory: 1166kB
         ->  Sort  (cost=828.39..853.39 rows=10000 width=20) (actual time=1.937..2.290 rows=10000 loops=1)
               Sort Key: s_3.a, s_3.b, s_3.c
               Sort Method: quicksort  Memory: 1166kB
               ->  Seq Scan on s_3  (cost=0.00..164.00 rows=10000 width=20) (actual time=0.008..0.582 rows=10000 loops=1)
 Planning time: 0.208 ms
 Execution time: 4.967 ms
(10 rows)

===== 136 [Wed Mar  7 01:57:34 CET 2018] scale:10000 groups:100 work_mem:16MB incremental:off max_workers:0 =====
SELECT * FROM (SELECT * FROM s_4 ORDER BY a, b, c, d) foo ORDER BY a, b, c, d, e
                                                        QUERY PLAN                                                        
--------------------------------------------------------------------------------------------------------------------------
 Limit  (cost=1742.77..1742.77 rows=1 width=20) (actual time=4.047..4.047 rows=0 loops=1)
   ->  Sort  (cost=1617.77..1642.77 rows=10000 width=20) (actual time=3.518..3.830 rows=10000 loops=1)
         Sort Key: s_4.a, s_4.b, s_4.c, s_4.d, s_4.e
         Sort Method: quicksort  Memory: 1166kB
         ->  Sort  (cost=828.39..853.39 rows=10000 width=20) (actual time=1.936..2.289 rows=10000 loops=1)
               Sort Key: s_4.a, s_4.b, s_4.c, s_4.d
               Sort Method: quicksort  Memory: 1166kB
               ->  Seq Scan on s_4  (cost=0.00..164.00 rows=10000 width=20) (actual time=0.004..0.577 rows=10000 loops=1)
 Planning time: 0.219 ms
 Execution time: 4.134 ms
(10 rows)

===== 137 [Wed Mar  7 01:57:34 CET 2018] scale:10000 groups:100 work_mem:32MB incremental:on max_workers:0 =====
SELECT * FROM (SELECT * FROM s_1 ORDER BY a) foo ORDER BY a, b
                                                        QUERY PLAN                                                        
--------------------------------------------------------------------------------------------------------------------------
 Limit  (cost=1561.88..1561.88 rows=1 width=20) (actual time=4.901..4.901 rows=0 loops=1)
   ->  Incremental Sort  (cost=832.91..1461.88 rows=10000 width=20) (actual time=1.809..4.643 rows=10000 loops=1)
         Sort Key: s_1.a, s_1.b
         Presorted Key: s_1.a
         Sort Method: quicksort  Memory: 35kB
         Sort Groups: 101
         ->  Sort  (cost=828.39..853.39 rows=10000 width=20) (actual time=1.762..2.121 rows=10000 loops=1)
               Sort Key: s_1.a
               Sort Method: quicksort  Memory: 1166kB
               ->  Seq Scan on s_1  (cost=0.00..164.00 rows=10000 width=20) (actual time=0.004..0.575 rows=10000 loops=1)
 Planning time: 0.208 ms
 Execution time: 4.952 ms
(12 rows)

===== 138 [Wed Mar  7 01:57:34 CET 2018] scale:10000 groups:100 work_mem:32MB incremental:on max_workers:0 =====
SELECT * FROM (SELECT * FROM s_2 ORDER BY a, b) foo ORDER BY a, b, c
                                                        QUERY PLAN                                                        
--------------------------------------------------------------------------------------------------------------------------
 Limit  (cost=1414.48..1414.48 rows=1 width=20) (actual time=4.647..4.647 rows=0 loops=1)
   ->  Incremental Sort  (cost=828.68..1314.48 rows=10000 width=20) (actual time=1.955..4.391 rows=10000 loops=1)
         Sort Key: s_2.a, s_2.b, s_2.c
         Presorted Key: s_2.a, s_2.b
         Sort Method: quicksort  Memory: 27kB
         Sort Groups: 308
         ->  Sort  (cost=828.39..853.39 rows=10000 width=20) (actual time=1.918..2.313 rows=10000 loops=1)
               Sort Key: s_2.a, s_2.b
               Sort Method: quicksort  Memory: 1166kB
               ->  Seq Scan on s_2  (cost=0.00..164.00 rows=10000 width=20) (actual time=0.007..0.592 rows=10000 loops=1)
 Planning time: 0.212 ms
 Execution time: 4.695 ms
(12 rows)

===== 139 [Wed Mar  7 01:57:35 CET 2018] scale:10000 groups:100 work_mem:32MB incremental:on max_workers:0 =====
SELECT * FROM (SELECT * FROM s_3 ORDER BY a, b, c) foo ORDER BY a, b, c, d
                                                        QUERY PLAN                                                        
--------------------------------------------------------------------------------------------------------------------------
 Limit  (cost=1414.48..1414.48 rows=1 width=20) (actual time=4.133..4.133 rows=0 loops=1)
   ->  Incremental Sort  (cost=828.68..1314.48 rows=10000 width=20) (actual time=1.967..3.877 rows=10000 loops=1)
         Sort Key: s_3.a, s_3.b, s_3.c, s_3.d
         Presorted Key: s_3.a, s_3.b, s_3.c
         Sort Method: quicksort  Memory: 27kB
         Sort Groups: 313
         ->  Sort  (cost=828.39..853.39 rows=10000 width=20) (actual time=1.930..2.323 rows=10000 loops=1)
               Sort Key: s_3.a, s_3.b, s_3.c
               Sort Method: quicksort  Memory: 1166kB
               ->  Seq Scan on s_3  (cost=0.00..164.00 rows=10000 width=20) (actual time=0.008..0.585 rows=10000 loops=1)
 Planning time: 0.214 ms
 Execution time: 4.182 ms
(12 rows)

===== 140 [Wed Mar  7 01:57:35 CET 2018] scale:10000 groups:100 work_mem:32MB incremental:on max_workers:0 =====
SELECT * FROM (SELECT * FROM s_4 ORDER BY a, b, c, d) foo ORDER BY a, b, c, d, e
                                                        QUERY PLAN                                                        
--------------------------------------------------------------------------------------------------------------------------
 Limit  (cost=1414.48..1414.48 rows=1 width=20) (actual time=4.029..4.029 rows=0 loops=1)
   ->  Incremental Sort  (cost=828.68..1314.48 rows=10000 width=20) (actual time=1.925..3.805 rows=10000 loops=1)
         Sort Key: s_4.a, s_4.b, s_4.c, s_4.d, s_4.e
         Presorted Key: s_4.a, s_4.b, s_4.c, s_4.d
         Sort Method: quicksort  Memory: 27kB
         Sort Groups: 313
         ->  Sort  (cost=828.39..853.39 rows=10000 width=20) (actual time=1.881..2.290 rows=10000 loops=1)
               Sort Key: s_4.a, s_4.b, s_4.c, s_4.d
               Sort Method: quicksort  Memory: 1166kB
               ->  Seq Scan on s_4  (cost=0.00..164.00 rows=10000 width=20) (actual time=0.004..0.571 rows=10000 loops=1)
 Planning time: 0.223 ms
 Execution time: 4.088 ms
(12 rows)

===== 141 [Wed Mar  7 01:57:35 CET 2018] scale:10000 groups:100 work_mem:32MB incremental:off max_workers:0 =====
SELECT * FROM (SELECT * FROM s_1 ORDER BY a) foo ORDER BY a, b
                                                        QUERY PLAN                                                        
--------------------------------------------------------------------------------------------------------------------------
 Limit  (cost=1742.77..1742.77 rows=1 width=20) (actual time=5.357..5.357 rows=0 loops=1)
   ->  Sort  (cost=1617.77..1642.77 rows=10000 width=20) (actual time=4.808..5.141 rows=10000 loops=1)
         Sort Key: s_1.a, s_1.b
         Sort Method: quicksort  Memory: 1166kB
         ->  Sort  (cost=828.39..853.39 rows=10000 width=20) (actual time=1.757..2.109 rows=10000 loops=1)
               Sort Key: s_1.a
               Sort Method: quicksort  Memory: 1166kB
               ->  Seq Scan on s_1  (cost=0.00..164.00 rows=10000 width=20) (actual time=0.004..0.580 rows=10000 loops=1)
 Planning time: 0.209 ms
 Execution time: 5.445 ms
(10 rows)

===== 142 [Wed Mar  7 01:57:35 CET 2018] scale:10000 groups:100 work_mem:32MB incremental:off max_workers:0 =====
SELECT * FROM (SELECT * FROM s_2 ORDER BY a, b) foo ORDER BY a, b, c
                                                        QUERY PLAN                                                        
--------------------------------------------------------------------------------------------------------------------------
 Limit  (cost=1742.77..1742.77 rows=1 width=20) (actual time=5.425..5.425 rows=0 loops=1)
   ->  Sort  (cost=1617.77..1642.77 rows=10000 width=20) (actual time=4.885..5.209 rows=10000 loops=1)
         Sort Key: s_2.a, s_2.b, s_2.c
         Sort Method: quicksort  Memory: 1166kB
         ->  Sort  (cost=828.39..853.39 rows=10000 width=20) (actual time=1.907..2.260 rows=10000 loops=1)
               Sort Key: s_2.a, s_2.b
               Sort Method: quicksort  Memory: 1166kB
               ->  Seq Scan on s_2  (cost=0.00..164.00 rows=10000 width=20) (actual time=0.008..0.583 rows=10000 loops=1)
 Planning time: 0.203 ms
 Execution time: 5.511 ms
(10 rows)

===== 143 [Wed Mar  7 01:57:35 CET 2018] scale:10000 groups:100 work_mem:32MB incremental:off max_workers:0 =====
SELECT * FROM (SELECT * FROM s_3 ORDER BY a, b, c) foo ORDER BY a, b, c, d
                                                        QUERY PLAN                                                        
--------------------------------------------------------------------------------------------------------------------------
 Limit  (cost=1742.77..1742.77 rows=1 width=20) (actual time=4.874..4.874 rows=0 loops=1)
   ->  Sort  (cost=1617.77..1642.77 rows=10000 width=20) (actual time=4.343..4.659 rows=10000 loops=1)
         Sort Key: s_3.a, s_3.b, s_3.c, s_3.d
         Sort Method: quicksort  Memory: 1166kB
         ->  Sort  (cost=828.39..853.39 rows=10000 width=20) (actual time=1.935..2.288 rows=10000 loops=1)
               Sort Key: s_3.a, s_3.b, s_3.c
               Sort Method: quicksort  Memory: 1166kB
               ->  Seq Scan on s_3  (cost=0.00..164.00 rows=10000 width=20) (actual time=0.008..0.587 rows=10000 loops=1)
 Planning time: 0.208 ms
 Execution time: 4.961 ms
(10 rows)

===== 144 [Wed Mar  7 01:57:35 CET 2018] scale:10000 groups:100 work_mem:32MB incremental:off max_workers:0 =====
SELECT * FROM (SELECT * FROM s_4 ORDER BY a, b, c, d) foo ORDER BY a, b, c, d, e
                                                        QUERY PLAN                                                        
--------------------------------------------------------------------------------------------------------------------------
 Limit  (cost=1742.77..1742.77 rows=1 width=20) (actual time=4.048..4.048 rows=0 loops=1)
   ->  Sort  (cost=1617.77..1642.77 rows=10000 width=20) (actual time=3.519..3.830 rows=10000 loops=1)
         Sort Key: s_4.a, s_4.b, s_4.c, s_4.d, s_4.e
         Sort Method: quicksort  Memory: 1166kB
         ->  Sort  (cost=828.39..853.39 rows=10000 width=20) (actual time=1.936..2.288 rows=10000 loops=1)
               Sort Key: s_4.a, s_4.b, s_4.c, s_4.d
               Sort Method: quicksort  Memory: 1166kB
               ->  Seq Scan on s_4  (cost=0.00..164.00 rows=10000 width=20) (actual time=0.004..0.574 rows=10000 loops=1)
 Planning time: 0.220 ms
 Execution time: 4.134 ms
(10 rows)

===== 145 [Wed Mar  7 01:57:35 CET 2018] scale:10000 groups:100 work_mem:64MB incremental:on max_workers:0 =====
SELECT * FROM (SELECT * FROM s_1 ORDER BY a) foo ORDER BY a, b
                                                        QUERY PLAN                                                        
--------------------------------------------------------------------------------------------------------------------------
 Limit  (cost=1561.88..1561.88 rows=1 width=20) (actual time=4.909..4.909 rows=0 loops=1)
   ->  Incremental Sort  (cost=832.91..1461.88 rows=10000 width=20) (actual time=1.812..4.652 rows=10000 loops=1)
         Sort Key: s_1.a, s_1.b
         Presorted Key: s_1.a
         Sort Method: quicksort  Memory: 35kB
         Sort Groups: 101
         ->  Sort  (cost=828.39..853.39 rows=10000 width=20) (actual time=1.756..2.118 rows=10000 loops=1)
               Sort Key: s_1.a
               Sort Method: quicksort  Memory: 1166kB
               ->  Seq Scan on s_1  (cost=0.00..164.00 rows=10000 width=20) (actual time=0.004..0.576 rows=10000 loops=1)
 Planning time: 0.212 ms
 Execution time: 4.960 ms
(12 rows)

===== 146 [Wed Mar  7 01:57:35 CET 2018] scale:10000 groups:100 work_mem:64MB incremental:on max_workers:0 =====
SELECT * FROM (SELECT * FROM s_2 ORDER BY a, b) foo ORDER BY a, b, c
                                                        QUERY PLAN                                                        
--------------------------------------------------------------------------------------------------------------------------
 Limit  (cost=1414.48..1414.48 rows=1 width=20) (actual time=4.641..4.641 rows=0 loops=1)
   ->  Incremental Sort  (cost=828.68..1314.48 rows=10000 width=20) (actual time=1.949..4.385 rows=10000 loops=1)
         Sort Key: s_2.a, s_2.b, s_2.c
         Presorted Key: s_2.a, s_2.b
         Sort Method: quicksort  Memory: 27kB
         Sort Groups: 308
         ->  Sort  (cost=828.39..853.39 rows=10000 width=20) (actual time=1.913..2.308 rows=10000 loops=1)
               Sort Key: s_2.a, s_2.b
               Sort Method: quicksort  Memory: 1166kB
               ->  Seq Scan on s_2  (cost=0.00..164.00 rows=10000 width=20) (actual time=0.008..0.584 rows=10000 loops=1)
 Planning time: 0.210 ms
 Execution time: 4.691 ms
(12 rows)

===== 147 [Wed Mar  7 01:57:35 CET 2018] scale:10000 groups:100 work_mem:64MB incremental:on max_workers:0 =====
SELECT * FROM (SELECT * FROM s_3 ORDER BY a, b, c) foo ORDER BY a, b, c, d
                                                        QUERY PLAN                                                        
--------------------------------------------------------------------------------------------------------------------------
 Limit  (cost=1414.48..1414.48 rows=1 width=20) (actual time=4.135..4.135 rows=0 loops=1)
   ->  Incremental Sort  (cost=828.68..1314.48 rows=10000 width=20) (actual time=1.971..3.879 rows=10000 loops=1)
         Sort Key: s_3.a, s_3.b, s_3.c, s_3.d
         Presorted Key: s_3.a, s_3.b, s_3.c
         Sort Method: quicksort  Memory: 27kB
         Sort Groups: 313
         ->  Sort  (cost=828.39..853.39 rows=10000 width=20) (actual time=1.934..2.327 rows=10000 loops=1)
               Sort Key: s_3.a, s_3.b, s_3.c
               Sort Method: quicksort  Memory: 1166kB
               ->  Seq Scan on s_3  (cost=0.00..164.00 rows=10000 width=20) (actual time=0.008..0.591 rows=10000 loops=1)
 Planning time: 0.215 ms
 Execution time: 4.184 ms
(12 rows)

===== 148 [Wed Mar  7 01:57:35 CET 2018] scale:10000 groups:100 work_mem:64MB incremental:on max_workers:0 =====
SELECT * FROM (SELECT * FROM s_4 ORDER BY a, b, c, d) foo ORDER BY a, b, c, d, e
                                                        QUERY PLAN                                                        
--------------------------------------------------------------------------------------------------------------------------
 Limit  (cost=1414.48..1414.48 rows=1 width=20) (actual time=4.024..4.024 rows=0 loops=1)
   ->  Incremental Sort  (cost=828.68..1314.48 rows=10000 width=20) (actual time=1.925..3.796 rows=10000 loops=1)
         Sort Key: s_4.a, s_4.b, s_4.c, s_4.d, s_4.e
         Presorted Key: s_4.a, s_4.b, s_4.c, s_4.d
         Sort Method: quicksort  Memory: 27kB
         Sort Groups: 313
         ->  Sort  (cost=828.39..853.39 rows=10000 width=20) (actual time=1.889..2.291 rows=10000 loops=1)
               Sort Key: s_4.a, s_4.b, s_4.c, s_4.d
               Sort Method: quicksort  Memory: 1166kB
               ->  Seq Scan on s_4  (cost=0.00..164.00 rows=10000 width=20) (actual time=0.004..0.571 rows=10000 loops=1)
 Planning time: 0.226 ms
 Execution time: 4.081 ms
(12 rows)

===== 149 [Wed Mar  7 01:57:35 CET 2018] scale:10000 groups:100 work_mem:64MB incremental:off max_workers:0 =====
SELECT * FROM (SELECT * FROM s_1 ORDER BY a) foo ORDER BY a, b
                                                        QUERY PLAN                                                        
--------------------------------------------------------------------------------------------------------------------------
 Limit  (cost=1742.77..1742.77 rows=1 width=20) (actual time=5.354..5.354 rows=0 loops=1)
   ->  Sort  (cost=1617.77..1642.77 rows=10000 width=20) (actual time=4.805..5.136 rows=10000 loops=1)
         Sort Key: s_1.a, s_1.b
         Sort Method: quicksort  Memory: 1166kB
         ->  Sort  (cost=828.39..853.39 rows=10000 width=20) (actual time=1.755..2.113 rows=10000 loops=1)
               Sort Key: s_1.a
               Sort Method: quicksort  Memory: 1166kB
               ->  Seq Scan on s_1  (cost=0.00..164.00 rows=10000 width=20) (actual time=0.004..0.579 rows=10000 loops=1)
 Planning time: 0.210 ms
 Execution time: 5.442 ms
(10 rows)

===== 150 [Wed Mar  7 01:57:36 CET 2018] scale:10000 groups:100 work_mem:64MB incremental:off max_workers:0 =====
SELECT * FROM (SELECT * FROM s_2 ORDER BY a, b) foo ORDER BY a, b, c
                                                        QUERY PLAN                                                        
--------------------------------------------------------------------------------------------------------------------------
 Limit  (cost=1742.77..1742.77 rows=1 width=20) (actual time=5.439..5.439 rows=0 loops=1)
   ->  Sort  (cost=1617.77..1642.77 rows=10000 width=20) (actual time=4.898..5.222 rows=10000 loops=1)
         Sort Key: s_2.a, s_2.b, s_2.c
         Sort Method: quicksort  Memory: 1166kB
         ->  Sort  (cost=828.39..853.39 rows=10000 width=20) (actual time=1.919..2.273 rows=10000 loops=1)
               Sort Key: s_2.a, s_2.b
               Sort Method: quicksort  Memory: 1166kB
               ->  Seq Scan on s_2  (cost=0.00..164.00 rows=10000 width=20) (actual time=0.008..0.584 rows=10000 loops=1)
 Planning time: 0.206 ms
 Execution time: 5.527 ms
(10 rows)

===== 151 [Wed Mar  7 01:57:36 CET 2018] scale:10000 groups:100 work_mem:64MB incremental:off max_workers:0 =====
SELECT * FROM (SELECT * FROM s_3 ORDER BY a, b, c) foo ORDER BY a, b, c, d
                                                        QUERY PLAN                                                        
--------------------------------------------------------------------------------------------------------------------------
 Limit  (cost=1742.77..1742.77 rows=1 width=20) (actual time=4.873..4.873 rows=0 loops=1)
   ->  Sort  (cost=1617.77..1642.77 rows=10000 width=20) (actual time=4.342..4.657 rows=10000 loops=1)
         Sort Key: s_3.a, s_3.b, s_3.c, s_3.d
         Sort Method: quicksort  Memory: 1166kB
         ->  Sort  (cost=828.39..853.39 rows=10000 width=20) (actual time=1.930..2.282 rows=10000 loops=1)
               Sort Key: s_3.a, s_3.b, s_3.c
               Sort Method: quicksort  Memory: 1166kB
               ->  Seq Scan on s_3  (cost=0.00..164.00 rows=10000 width=20) (actual time=0.007..0.584 rows=10000 loops=1)
 Planning time: 0.214 ms
 Execution time: 4.962 ms
(10 rows)

===== 152 [Wed Mar  7 01:57:36 CET 2018] scale:10000 groups:100 work_mem:64MB incremental:off max_workers:0 =====
SELECT * FROM (SELECT * FROM s_4 ORDER BY a, b, c, d) foo ORDER BY a, b, c, d, e
                                                        QUERY PLAN                                                        
--------------------------------------------------------------------------------------------------------------------------
 Limit  (cost=1742.77..1742.77 rows=1 width=20) (actual time=4.040..4.040 rows=0 loops=1)
   ->  Sort  (cost=1617.77..1642.77 rows=10000 width=20) (actual time=3.508..3.819 rows=10000 loops=1)
         Sort Key: s_4.a, s_4.b, s_4.c, s_4.d, s_4.e
         Sort Method: quicksort  Memory: 1166kB
         ->  Sort  (cost=828.39..853.39 rows=10000 width=20) (actual time=1.930..2.282 rows=10000 loops=1)
               Sort Key: s_4.a, s_4.b, s_4.c, s_4.d
               Sort Method: quicksort  Memory: 1166kB
               ->  Seq Scan on s_4  (cost=0.00..164.00 rows=10000 width=20) (actual time=0.004..0.581 rows=10000 loops=1)
 Planning time: 0.218 ms
 Execution time: 4.126 ms
(10 rows)

===== 153 [Wed Mar  7 01:57:36 CET 2018] scale:10000 groups:100 work_mem:128MB incremental:on max_workers:0 =====
SELECT * FROM (SELECT * FROM s_1 ORDER BY a) foo ORDER BY a, b
                                                        QUERY PLAN                                                        
--------------------------------------------------------------------------------------------------------------------------
 Limit  (cost=1561.88..1561.88 rows=1 width=20) (actual time=4.897..4.897 rows=0 loops=1)
   ->  Incremental Sort  (cost=832.91..1461.88 rows=10000 width=20) (actual time=1.808..4.640 rows=10000 loops=1)
         Sort Key: s_1.a, s_1.b
         Presorted Key: s_1.a
         Sort Method: quicksort  Memory: 35kB
         Sort Groups: 101
         ->  Sort  (cost=828.39..853.39 rows=10000 width=20) (actual time=1.762..2.121 rows=10000 loops=1)
               Sort Key: s_1.a
               Sort Method: quicksort  Memory: 1166kB
               ->  Seq Scan on s_1  (cost=0.00..164.00 rows=10000 width=20) (actual time=0.004..0.584 rows=10000 loops=1)
 Planning time: 0.215 ms
 Execution time: 4.948 ms
(12 rows)

===== 154 [Wed Mar  7 01:57:36 CET 2018] scale:10000 groups:100 work_mem:128MB incremental:on max_workers:0 =====
SELECT * FROM (SELECT * FROM s_2 ORDER BY a, b) foo ORDER BY a, b, c
                                                        QUERY PLAN                                                        
--------------------------------------------------------------------------------------------------------------------------
 Limit  (cost=1414.48..1414.48 rows=1 width=20) (actual time=4.648..4.648 rows=0 loops=1)
   ->  Incremental Sort  (cost=828.68..1314.48 rows=10000 width=20) (actual time=1.963..4.389 rows=10000 loops=1)
         Sort Key: s_2.a, s_2.b, s_2.c
         Presorted Key: s_2.a, s_2.b
         Sort Method: quicksort  Memory: 27kB
         Sort Groups: 308
         ->  Sort  (cost=828.39..853.39 rows=10000 width=20) (actual time=1.927..2.325 rows=10000 loops=1)
               Sort Key: s_2.a, s_2.b
               Sort Method: quicksort  Memory: 1166kB
               ->  Seq Scan on s_2  (cost=0.00..164.00 rows=10000 width=20) (actual time=0.008..0.587 rows=10000 loops=1)
 Planning time: 0.214 ms
 Execution time: 4.696 ms
(12 rows)

===== 155 [Wed Mar  7 01:57:36 CET 2018] scale:10000 groups:100 work_mem:128MB incremental:on max_workers:0 =====
SELECT * FROM (SELECT * FROM s_3 ORDER BY a, b, c) foo ORDER BY a, b, c, d
                                                        QUERY PLAN                                                        
--------------------------------------------------------------------------------------------------------------------------
 Limit  (cost=1414.48..1414.48 rows=1 width=20) (actual time=4.140..4.140 rows=0 loops=1)
   ->  Incremental Sort  (cost=828.68..1314.48 rows=10000 width=20) (actual time=1.968..3.884 rows=10000 loops=1)
         Sort Key: s_3.a, s_3.b, s_3.c, s_3.d
         Presorted Key: s_3.a, s_3.b, s_3.c
         Sort Method: quicksort  Memory: 27kB
         Sort Groups: 313
         ->  Sort  (cost=828.39..853.39 rows=10000 width=20) (actual time=1.929..2.331 rows=10000 loops=1)
               Sort Key: s_3.a, s_3.b, s_3.c
               Sort Method: quicksort  Memory: 1166kB
               ->  Seq Scan on s_3  (cost=0.00..164.00 rows=10000 width=20) (actual time=0.007..0.585 rows=10000 loops=1)
 Planning time: 0.215 ms
 Execution time: 4.197 ms
(12 rows)

===== 156 [Wed Mar  7 01:57:36 CET 2018] scale:10000 groups:100 work_mem:128MB incremental:on max_workers:0 =====
SELECT * FROM (SELECT * FROM s_4 ORDER BY a, b, c, d) foo ORDER BY a, b, c, d, e
                                                        QUERY PLAN                                                        
--------------------------------------------------------------------------------------------------------------------------
 Limit  (cost=1414.48..1414.48 rows=1 width=20) (actual time=4.031..4.031 rows=0 loops=1)
   ->  Incremental Sort  (cost=828.68..1314.48 rows=10000 width=20) (actual time=1.930..3.807 rows=10000 loops=1)
         Sort Key: s_4.a, s_4.b, s_4.c, s_4.d, s_4.e
         Presorted Key: s_4.a, s_4.b, s_4.c, s_4.d
         Sort Method: quicksort  Memory: 27kB
         Sort Groups: 313
         ->  Sort  (cost=828.39..853.39 rows=10000 width=20) (actual time=1.893..2.293 rows=10000 loops=1)
               Sort Key: s_4.a, s_4.b, s_4.c, s_4.d
               Sort Method: quicksort  Memory: 1166kB
               ->  Seq Scan on s_4  (cost=0.00..164.00 rows=10000 width=20) (actual time=0.004..0.571 rows=10000 loops=1)
 Planning time: 0.224 ms
 Execution time: 4.089 ms
(12 rows)

===== 157 [Wed Mar  7 01:57:36 CET 2018] scale:10000 groups:100 work_mem:128MB incremental:off max_workers:0 =====
SELECT * FROM (SELECT * FROM s_1 ORDER BY a) foo ORDER BY a, b
                                                        QUERY PLAN                                                        
--------------------------------------------------------------------------------------------------------------------------
 Limit  (cost=1742.77..1742.77 rows=1 width=20) (actual time=5.354..5.354 rows=0 loops=1)
   ->  Sort  (cost=1617.77..1642.77 rows=10000 width=20) (actual time=4.803..5.137 rows=10000 loops=1)
         Sort Key: s_1.a, s_1.b
         Sort Method: quicksort  Memory: 1166kB
         ->  Sort  (cost=828.39..853.39 rows=10000 width=20) (actual time=1.755..2.108 rows=10000 loops=1)
               Sort Key: s_1.a
               Sort Method: quicksort  Memory: 1166kB
               ->  Seq Scan on s_1  (cost=0.00..164.00 rows=10000 width=20) (actual time=0.004..0.588 rows=10000 loops=1)
 Planning time: 0.205 ms
 Execution time: 5.441 ms
(10 rows)

===== 158 [Wed Mar  7 01:57:36 CET 2018] scale:10000 groups:100 work_mem:128MB incremental:off max_workers:0 =====
SELECT * FROM (SELECT * FROM s_2 ORDER BY a, b) foo ORDER BY a, b, c
                                                        QUERY PLAN                                                        
--------------------------------------------------------------------------------------------------------------------------
 Limit  (cost=1742.77..1742.77 rows=1 width=20) (actual time=5.423..5.423 rows=0 loops=1)
   ->  Sort  (cost=1617.77..1642.77 rows=10000 width=20) (actual time=4.882..5.207 rows=10000 loops=1)
         Sort Key: s_2.a, s_2.b, s_2.c
         Sort Method: quicksort  Memory: 1166kB
         ->  Sort  (cost=828.39..853.39 rows=10000 width=20) (actual time=1.906..2.260 rows=10000 loops=1)
               Sort Key: s_2.a, s_2.b
               Sort Method: quicksort  Memory: 1166kB
               ->  Seq Scan on s_2  (cost=0.00..164.00 rows=10000 width=20) (actual time=0.008..0.589 rows=10000 loops=1)
 Planning time: 0.205 ms
 Execution time: 5.509 ms
(10 rows)

===== 159 [Wed Mar  7 01:57:36 CET 2018] scale:10000 groups:100 work_mem:128MB incremental:off max_workers:0 =====
SELECT * FROM (SELECT * FROM s_3 ORDER BY a, b, c) foo ORDER BY a, b, c, d
                                                        QUERY PLAN                                                        
--------------------------------------------------------------------------------------------------------------------------
 Limit  (cost=1742.77..1742.77 rows=1 width=20) (actual time=4.865..4.865 rows=0 loops=1)
   ->  Sort  (cost=1617.77..1642.77 rows=10000 width=20) (actual time=4.334..4.649 rows=10000 loops=1)
         Sort Key: s_3.a, s_3.b, s_3.c, s_3.d
         Sort Method: quicksort  Memory: 1166kB
         ->  Sort  (cost=828.39..853.39 rows=10000 width=20) (actual time=1.926..2.279 rows=10000 loops=1)
               Sort Key: s_3.a, s_3.b, s_3.c
               Sort Method: quicksort  Memory: 1166kB
               ->  Seq Scan on s_3  (cost=0.00..164.00 rows=10000 width=20) (actual time=0.008..0.585 rows=10000 loops=1)
 Planning time: 0.207 ms
 Execution time: 4.953 ms
(10 rows)

===== 160 [Wed Mar  7 01:57:36 CET 2018] scale:10000 groups:100 work_mem:128MB incremental:off max_workers:0 =====
SELECT * FROM (SELECT * FROM s_4 ORDER BY a, b, c, d) foo ORDER BY a, b, c, d, e
                                                        QUERY PLAN                                                        
--------------------------------------------------------------------------------------------------------------------------
 Limit  (cost=1742.77..1742.77 rows=1 width=20) (actual time=4.043..4.043 rows=0 loops=1)
   ->  Sort  (cost=1617.77..1642.77 rows=10000 width=20) (actual time=3.514..3.825 rows=10000 loops=1)
         Sort Key: s_4.a, s_4.b, s_4.c, s_4.d, s_4.e
         Sort Method: quicksort  Memory: 1166kB
         ->  Sort  (cost=828.39..853.39 rows=10000 width=20) (actual time=1.933..2.286 rows=10000 loops=1)
               Sort Key: s_4.a, s_4.b, s_4.c, s_4.d
               Sort Method: quicksort  Memory: 1166kB
               ->  Seq Scan on s_4  (cost=0.00..164.00 rows=10000 width=20) (actual time=0.004..0.578 rows=10000 loops=1)
 Planning time: 0.219 ms
 Execution time: 4.129 ms
(10 rows)

===== 161 [Wed Mar  7 01:57:37 CET 2018] scale:10000 groups:100 work_mem:256MB incremental:on max_workers:0 =====
SELECT * FROM (SELECT * FROM s_1 ORDER BY a) foo ORDER BY a, b
                                                        QUERY PLAN                                                        
--------------------------------------------------------------------------------------------------------------------------
 Limit  (cost=1561.88..1561.88 rows=1 width=20) (actual time=4.905..4.905 rows=0 loops=1)
   ->  Incremental Sort  (cost=832.91..1461.88 rows=10000 width=20) (actual time=1.802..4.647 rows=10000 loops=1)
         Sort Key: s_1.a, s_1.b
         Presorted Key: s_1.a
         Sort Method: quicksort  Memory: 35kB
         Sort Groups: 101
         ->  Sort  (cost=828.39..853.39 rows=10000 width=20) (actual time=1.756..2.115 rows=10000 loops=1)
               Sort Key: s_1.a
               Sort Method: quicksort  Memory: 1166kB
               ->  Seq Scan on s_1  (cost=0.00..164.00 rows=10000 width=20) (actual time=0.004..0.576 rows=10000 loops=1)
 Planning time: 0.213 ms
 Execution time: 4.956 ms
(12 rows)

===== 162 [Wed Mar  7 01:57:37 CET 2018] scale:10000 groups:100 work_mem:256MB incremental:on max_workers:0 =====
SELECT * FROM (SELECT * FROM s_2 ORDER BY a, b) foo ORDER BY a, b, c
                                                        QUERY PLAN                                                        
--------------------------------------------------------------------------------------------------------------------------
 Limit  (cost=1414.48..1414.48 rows=1 width=20) (actual time=4.638..4.638 rows=0 loops=1)
   ->  Incremental Sort  (cost=828.68..1314.48 rows=10000 width=20) (actual time=1.951..4.382 rows=10000 loops=1)
         Sort Key: s_2.a, s_2.b, s_2.c
         Presorted Key: s_2.a, s_2.b
         Sort Method: quicksort  Memory: 27kB
         Sort Groups: 308
         ->  Sort  (cost=828.39..853.39 rows=10000 width=20) (actual time=1.914..2.311 rows=10000 loops=1)
               Sort Key: s_2.a, s_2.b
               Sort Method: quicksort  Memory: 1166kB
               ->  Seq Scan on s_2  (cost=0.00..164.00 rows=10000 width=20) (actual time=0.011..0.587 rows=10000 loops=1)
 Planning time: 0.211 ms
 Execution time: 4.687 ms
(12 rows)

===== 163 [Wed Mar  7 01:57:37 CET 2018] scale:10000 groups:100 work_mem:256MB incremental:on max_workers:0 =====
SELECT * FROM (SELECT * FROM s_3 ORDER BY a, b, c) foo ORDER BY a, b, c, d
                                                        QUERY PLAN                                                        
--------------------------------------------------------------------------------------------------------------------------
 Limit  (cost=1414.48..1414.48 rows=1 width=20) (actual time=4.124..4.124 rows=0 loops=1)
   ->  Incremental Sort  (cost=828.68..1314.48 rows=10000 width=20) (actual time=1.959..3.869 rows=10000 loops=1)
         Sort Key: s_3.a, s_3.b, s_3.c, s_3.d
         Presorted Key: s_3.a, s_3.b, s_3.c
         Sort Method: quicksort  Memory: 27kB
         Sort Groups: 313
         ->  Sort  (cost=828.39..853.39 rows=10000 width=20) (actual time=1.923..2.316 rows=10000 loops=1)
               Sort Key: s_3.a, s_3.b, s_3.c
               Sort Method: quicksort  Memory: 1166kB
               ->  Seq Scan on s_3  (cost=0.00..164.00 rows=10000 width=20) (actual time=0.007..0.586 rows=10000 loops=1)
 Planning time: 0.212 ms
 Execution time: 4.173 ms
(12 rows)

===== 164 [Wed Mar  7 01:57:37 CET 2018] scale:10000 groups:100 work_mem:256MB incremental:on max_workers:0 =====
SELECT * FROM (SELECT * FROM s_4 ORDER BY a, b, c, d) foo ORDER BY a, b, c, d, e
                                                        QUERY PLAN                                                        
--------------------------------------------------------------------------------------------------------------------------
 Limit  (cost=1414.48..1414.48 rows=1 width=20) (actual time=4.021..4.021 rows=0 loops=1)
   ->  Incremental Sort  (cost=828.68..1314.48 rows=10000 width=20) (actual time=1.925..3.794 rows=10000 loops=1)
         Sort Key: s_4.a, s_4.b, s_4.c, s_4.d, s_4.e
         Presorted Key: s_4.a, s_4.b, s_4.c, s_4.d
         Sort Method: quicksort  Memory: 27kB
         Sort Groups: 313
         ->  Sort  (cost=828.39..853.39 rows=10000 width=20) (actual time=1.888..2.287 rows=10000 loops=1)
               Sort Key: s_4.a, s_4.b, s_4.c, s_4.d
               Sort Method: quicksort  Memory: 1166kB
               ->  Seq Scan on s_4  (cost=0.00..164.00 rows=10000 width=20) (actual time=0.004..0.572 rows=10000 loops=1)
 Planning time: 0.224 ms
 Execution time: 4.079 ms
(12 rows)

===== 165 [Wed Mar  7 01:57:37 CET 2018] scale:10000 groups:100 work_mem:256MB incremental:off max_workers:0 =====
SELECT * FROM (SELECT * FROM s_1 ORDER BY a) foo ORDER BY a, b
                                                        QUERY PLAN                                                        
--------------------------------------------------------------------------------------------------------------------------
 Limit  (cost=1742.77..1742.77 rows=1 width=20) (actual time=5.349..5.349 rows=0 loops=1)
   ->  Sort  (cost=1617.77..1642.77 rows=10000 width=20) (actual time=4.802..5.133 rows=10000 loops=1)
         Sort Key: s_1.a, s_1.b
         Sort Method: quicksort  Memory: 1166kB
         ->  Sort  (cost=828.39..853.39 rows=10000 width=20) (actual time=1.754..2.107 rows=10000 loops=1)
               Sort Key: s_1.a
               Sort Method: quicksort  Memory: 1166kB
               ->  Seq Scan on s_1  (cost=0.00..164.00 rows=10000 width=20) (actual time=0.004..0.588 rows=10000 loops=1)
 Planning time: 0.203 ms
 Execution time: 5.436 ms
(10 rows)

===== 166 [Wed Mar  7 01:57:37 CET 2018] scale:10000 groups:100 work_mem:256MB incremental:off max_workers:0 =====
SELECT * FROM (SELECT * FROM s_2 ORDER BY a, b) foo ORDER BY a, b, c
                                                        QUERY PLAN                                                        
--------------------------------------------------------------------------------------------------------------------------
 Limit  (cost=1742.77..1742.77 rows=1 width=20) (actual time=5.431..5.431 rows=0 loops=1)
   ->  Sort  (cost=1617.77..1642.77 rows=10000 width=20) (actual time=4.891..5.214 rows=10000 loops=1)
         Sort Key: s_2.a, s_2.b, s_2.c
         Sort Method: quicksort  Memory: 1166kB
         ->  Sort  (cost=828.39..853.39 rows=10000 width=20) (actual time=1.911..2.270 rows=10000 loops=1)
               Sort Key: s_2.a, s_2.b
               Sort Method: quicksort  Memory: 1166kB
               ->  Seq Scan on s_2  (cost=0.00..164.00 rows=10000 width=20) (actual time=0.007..0.588 rows=10000 loops=1)
 Planning time: 0.205 ms
 Execution time: 5.522 ms
(10 rows)

===== 167 [Wed Mar  7 01:57:37 CET 2018] scale:10000 groups:100 work_mem:256MB incremental:off max_workers:0 =====
SELECT * FROM (SELECT * FROM s_3 ORDER BY a, b, c) foo ORDER BY a, b, c, d
                                                        QUERY PLAN                                                        
--------------------------------------------------------------------------------------------------------------------------
 Limit  (cost=1742.77..1742.77 rows=1 width=20) (actual time=4.872..4.872 rows=0 loops=1)
   ->  Sort  (cost=1617.77..1642.77 rows=10000 width=20) (actual time=4.339..4.653 rows=10000 loops=1)
         Sort Key: s_3.a, s_3.b, s_3.c, s_3.d
         Sort Method: quicksort  Memory: 1166kB
         ->  Sort  (cost=828.39..853.39 rows=10000 width=20) (actual time=1.926..2.284 rows=10000 loops=1)
               Sort Key: s_3.a, s_3.b, s_3.c
               Sort Method: quicksort  Memory: 1166kB
               ->  Seq Scan on s_3  (cost=0.00..164.00 rows=10000 width=20) (actual time=0.007..0.581 rows=10000 loops=1)
 Planning time: 0.206 ms
 Execution time: 4.960 ms
(10 rows)

===== 168 [Wed Mar  7 01:57:37 CET 2018] scale:10000 groups:100 work_mem:256MB incremental:off max_workers:0 =====
SELECT * FROM (SELECT * FROM s_4 ORDER BY a, b, c, d) foo ORDER BY a, b, c, d, e
                                                        QUERY PLAN                                                        
--------------------------------------------------------------------------------------------------------------------------
 Limit  (cost=1742.77..1742.77 rows=1 width=20) (actual time=4.046..4.046 rows=0 loops=1)
   ->  Sort  (cost=1617.77..1642.77 rows=10000 width=20) (actual time=3.517..3.828 rows=10000 loops=1)
         Sort Key: s_4.a, s_4.b, s_4.c, s_4.d, s_4.e
         Sort Method: quicksort  Memory: 1166kB
         ->  Sort  (cost=828.39..853.39 rows=10000 width=20) (actual time=1.935..2.293 rows=10000 loops=1)
               Sort Key: s_4.a, s_4.b, s_4.c, s_4.d
               Sort Method: quicksort  Memory: 1166kB
               ->  Seq Scan on s_4  (cost=0.00..164.00 rows=10000 width=20) (actual time=0.004..0.575 rows=10000 loops=1)
 Planning time: 0.219 ms
 Execution time: 4.132 ms
(10 rows)

===== 169 [Wed Mar  7 01:57:37 CET 2018] scale:10000 groups:100 work_mem:4MB incremental:on max_workers:2 =====
SELECT * FROM (SELECT * FROM s_1 ORDER BY a) foo ORDER BY a, b
                                                        QUERY PLAN                                                        
--------------------------------------------------------------------------------------------------------------------------
 Limit  (cost=1561.88..1561.88 rows=1 width=20) (actual time=4.906..4.906 rows=0 loops=1)
   ->  Incremental Sort  (cost=832.91..1461.88 rows=10000 width=20) (actual time=1.815..4.649 rows=10000 loops=1)
         Sort Key: s_1.a, s_1.b
         Presorted Key: s_1.a
         Sort Method: quicksort  Memory: 35kB
         Sort Groups: 101
         ->  Sort  (cost=828.39..853.39 rows=10000 width=20) (actual time=1.769..2.128 rows=10000 loops=1)
               Sort Key: s_1.a
               Sort Method: quicksort  Memory: 1166kB
               ->  Seq Scan on s_1  (cost=0.00..164.00 rows=10000 width=20) (actual time=0.004..0.583 rows=10000 loops=1)
 Planning time: 0.212 ms
 Execution time: 4.957 ms
(12 rows)

===== 170 [Wed Mar  7 01:57:37 CET 2018] scale:10000 groups:100 work_mem:4MB incremental:on max_workers:2 =====
SELECT * FROM (SELECT * FROM s_2 ORDER BY a, b) foo ORDER BY a, b, c
                                                        QUERY PLAN                                                        
--------------------------------------------------------------------------------------------------------------------------
 Limit  (cost=1414.48..1414.48 rows=1 width=20) (actual time=4.639..4.639 rows=0 loops=1)
   ->  Incremental Sort  (cost=828.68..1314.48 rows=10000 width=20) (actual time=1.950..4.384 rows=10000 loops=1)
         Sort Key: s_2.a, s_2.b, s_2.c
         Presorted Key: s_2.a, s_2.b
         Sort Method: quicksort  Memory: 27kB
         Sort Groups: 308
         ->  Sort  (cost=828.39..853.39 rows=10000 width=20) (actual time=1.913..2.307 rows=10000 loops=1)
               Sort Key: s_2.a, s_2.b
               Sort Method: quicksort  Memory: 1166kB
               ->  Seq Scan on s_2  (cost=0.00..164.00 rows=10000 width=20) (actual time=0.008..0.582 rows=10000 loops=1)
 Planning time: 0.222 ms
 Execution time: 4.690 ms
(12 rows)

===== 171 [Wed Mar  7 01:57:37 CET 2018] scale:10000 groups:100 work_mem:4MB incremental:on max_workers:2 =====
SELECT * FROM (SELECT * FROM s_3 ORDER BY a, b, c) foo ORDER BY a, b, c, d
                                                        QUERY PLAN                                                        
--------------------------------------------------------------------------------------------------------------------------
 Limit  (cost=1414.48..1414.48 rows=1 width=20) (actual time=4.131..4.131 rows=0 loops=1)
   ->  Incremental Sort  (cost=828.68..1314.48 rows=10000 width=20) (actual time=1.967..3.875 rows=10000 loops=1)
         Sort Key: s_3.a, s_3.b, s_3.c, s_3.d
         Presorted Key: s_3.a, s_3.b, s_3.c
         Sort Method: quicksort  Memory: 27kB
         Sort Groups: 313
         ->  Sort  (cost=828.39..853.39 rows=10000 width=20) (actual time=1.930..2.323 rows=10000 loops=1)
               Sort Key: s_3.a, s_3.b, s_3.c
               Sort Method: quicksort  Memory: 1166kB
               ->  Seq Scan on s_3  (cost=0.00..164.00 rows=10000 width=20) (actual time=0.008..0.582 rows=10000 loops=1)
 Planning time: 0.215 ms
 Execution time: 4.183 ms
(12 rows)

===== 172 [Wed Mar  7 01:57:38 CET 2018] scale:10000 groups:100 work_mem:4MB incremental:on max_workers:2 =====
SELECT * FROM (SELECT * FROM s_4 ORDER BY a, b, c, d) foo ORDER BY a, b, c, d, e
                                                        QUERY PLAN                                                        
--------------------------------------------------------------------------------------------------------------------------
 Limit  (cost=1414.48..1414.48 rows=1 width=20) (actual time=4.021..4.021 rows=0 loops=1)
   ->  Incremental Sort  (cost=828.68..1314.48 rows=10000 width=20) (actual time=1.921..3.797 rows=10000 loops=1)
         Sort Key: s_4.a, s_4.b, s_4.c, s_4.d, s_4.e
         Presorted Key: s_4.a, s_4.b, s_4.c, s_4.d
         Sort Method: quicksort  Memory: 27kB
         Sort Groups: 313
         ->  Sort  (cost=828.39..853.39 rows=10000 width=20) (actual time=1.884..2.287 rows=10000 loops=1)
               Sort Key: s_4.a, s_4.b, s_4.c, s_4.d
               Sort Method: quicksort  Memory: 1166kB
               ->  Seq Scan on s_4  (cost=0.00..164.00 rows=10000 width=20) (actual time=0.004..0.574 rows=10000 loops=1)
 Planning time: 0.234 ms
 Execution time: 4.078 ms
(12 rows)

===== 173 [Wed Mar  7 01:57:38 CET 2018] scale:10000 groups:100 work_mem:4MB incremental:off max_workers:2 =====
SELECT * FROM (SELECT * FROM s_1 ORDER BY a) foo ORDER BY a, b
                                                        QUERY PLAN                                                        
--------------------------------------------------------------------------------------------------------------------------
 Limit  (cost=1742.77..1742.77 rows=1 width=20) (actual time=5.343..5.343 rows=0 loops=1)
   ->  Sort  (cost=1617.77..1642.77 rows=10000 width=20) (actual time=4.794..5.124 rows=10000 loops=1)
         Sort Key: s_1.a, s_1.b
         Sort Method: quicksort  Memory: 1166kB
         ->  Sort  (cost=828.39..853.39 rows=10000 width=20) (actual time=1.754..2.107 rows=10000 loops=1)
               Sort Key: s_1.a
               Sort Method: quicksort  Memory: 1166kB
               ->  Seq Scan on s_1  (cost=0.00..164.00 rows=10000 width=20) (actual time=0.004..0.577 rows=10000 loops=1)
 Planning time: 0.208 ms
 Execution time: 5.430 ms
(10 rows)

===== 174 [Wed Mar  7 01:57:38 CET 2018] scale:10000 groups:100 work_mem:4MB incremental:off max_workers:2 =====
SELECT * FROM (SELECT * FROM s_2 ORDER BY a, b) foo ORDER BY a, b, c
                                                        QUERY PLAN                                                        
--------------------------------------------------------------------------------------------------------------------------
 Limit  (cost=1742.77..1742.77 rows=1 width=20) (actual time=5.423..5.423 rows=0 loops=1)
   ->  Sort  (cost=1617.77..1642.77 rows=10000 width=20) (actual time=4.885..5.206 rows=10000 loops=1)
         Sort Key: s_2.a, s_2.b, s_2.c
         Sort Method: quicksort  Memory: 1166kB
         ->  Sort  (cost=828.39..853.39 rows=10000 width=20) (actual time=1.907..2.259 rows=10000 loops=1)
               Sort Key: s_2.a, s_2.b
               Sort Method: quicksort  Memory: 1166kB
               ->  Seq Scan on s_2  (cost=0.00..164.00 rows=10000 width=20) (actual time=0.008..0.586 rows=10000 loops=1)
 Planning time: 0.205 ms
 Execution time: 5.510 ms
(10 rows)

===== 175 [Wed Mar  7 01:57:38 CET 2018] scale:10000 groups:100 work_mem:4MB incremental:off max_workers:2 =====
SELECT * FROM (SELECT * FROM s_3 ORDER BY a, b, c) foo ORDER BY a, b, c, d
                                                        QUERY PLAN                                                        
--------------------------------------------------------------------------------------------------------------------------
 Limit  (cost=1742.77..1742.77 rows=1 width=20) (actual time=4.887..4.887 rows=0 loops=1)
   ->  Sort  (cost=1617.77..1642.77 rows=10000 width=20) (actual time=4.353..4.671 rows=10000 loops=1)
         Sort Key: s_3.a, s_3.b, s_3.c, s_3.d
         Sort Method: quicksort  Memory: 1166kB
         ->  Sort  (cost=828.39..853.39 rows=10000 width=20) (actual time=1.941..2.296 rows=10000 loops=1)
               Sort Key: s_3.a, s_3.b, s_3.c
               Sort Method: quicksort  Memory: 1166kB
               ->  Seq Scan on s_3  (cost=0.00..164.00 rows=10000 width=20) (actual time=0.008..0.583 rows=10000 loops=1)
 Planning time: 0.211 ms
 Execution time: 4.973 ms
(10 rows)

===== 176 [Wed Mar  7 01:57:38 CET 2018] scale:10000 groups:100 work_mem:4MB incremental:off max_workers:2 =====
SELECT * FROM (SELECT * FROM s_4 ORDER BY a, b, c, d) foo ORDER BY a, b, c, d, e
                                                        QUERY PLAN                                                        
--------------------------------------------------------------------------------------------------------------------------
 Limit  (cost=1742.77..1742.77 rows=1 width=20) (actual time=4.047..4.047 rows=0 loops=1)
   ->  Sort  (cost=1617.77..1642.77 rows=10000 width=20) (actual time=3.518..3.830 rows=10000 loops=1)
         Sort Key: s_4.a, s_4.b, s_4.c, s_4.d, s_4.e
         Sort Method: quicksort  Memory: 1166kB
         ->  Sort  (cost=828.39..853.39 rows=10000 width=20) (actual time=1.936..2.289 rows=10000 loops=1)
               Sort Key: s_4.a, s_4.b, s_4.c, s_4.d
               Sort Method: quicksort  Memory: 1166kB
               ->  Seq Scan on s_4  (cost=0.00..164.00 rows=10000 width=20) (actual time=0.004..0.578 rows=10000 loops=1)
 Planning time: 0.223 ms
 Execution time: 4.134 ms
(10 rows)

===== 177 [Wed Mar  7 01:57:38 CET 2018] scale:10000 groups:100 work_mem:8MB incremental:on max_workers:2 =====
SELECT * FROM (SELECT * FROM s_1 ORDER BY a) foo ORDER BY a, b
                                                        QUERY PLAN                                                        
--------------------------------------------------------------------------------------------------------------------------
 Limit  (cost=1561.88..1561.88 rows=1 width=20) (actual time=4.902..4.902 rows=0 loops=1)
   ->  Incremental Sort  (cost=832.91..1461.88 rows=10000 width=20) (actual time=1.806..4.645 rows=10000 loops=1)
         Sort Key: s_1.a, s_1.b
         Presorted Key: s_1.a
         Sort Method: quicksort  Memory: 35kB
         Sort Groups: 101
         ->  Sort  (cost=828.39..853.39 rows=10000 width=20) (actual time=1.748..2.108 rows=10000 loops=1)
               Sort Key: s_1.a
               Sort Method: quicksort  Memory: 1166kB
               ->  Seq Scan on s_1  (cost=0.00..164.00 rows=10000 width=20) (actual time=0.004..0.575 rows=10000 loops=1)
 Planning time: 0.216 ms
 Execution time: 4.952 ms
(12 rows)

===== 178 [Wed Mar  7 01:57:38 CET 2018] scale:10000 groups:100 work_mem:8MB incremental:on max_workers:2 =====
SELECT * FROM (SELECT * FROM s_2 ORDER BY a, b) foo ORDER BY a, b, c
                                                        QUERY PLAN                                                        
--------------------------------------------------------------------------------------------------------------------------
 Limit  (cost=1414.48..1414.48 rows=1 width=20) (actual time=4.642..4.642 rows=0 loops=1)
   ->  Incremental Sort  (cost=828.68..1314.48 rows=10000 width=20) (actual time=1.953..4.382 rows=10000 loops=1)
         Sort Key: s_2.a, s_2.b, s_2.c
         Presorted Key: s_2.a, s_2.b
         Sort Method: quicksort  Memory: 27kB
         Sort Groups: 308
         ->  Sort  (cost=828.39..853.39 rows=10000 width=20) (actual time=1.914..2.313 rows=10000 loops=1)
               Sort Key: s_2.a, s_2.b
               Sort Method: quicksort  Memory: 1166kB
               ->  Seq Scan on s_2  (cost=0.00..164.00 rows=10000 width=20) (actual time=0.007..0.584 rows=10000 loops=1)
 Planning time: 0.212 ms
 Execution time: 4.692 ms
(12 rows)

===== 179 [Wed Mar  7 01:57:38 CET 2018] scale:10000 groups:100 work_mem:8MB incremental:on max_workers:2 =====
SELECT * FROM (SELECT * FROM s_3 ORDER BY a, b, c) foo ORDER BY a, b, c, d
                                                        QUERY PLAN                                                        
--------------------------------------------------------------------------------------------------------------------------
 Limit  (cost=1414.48..1414.48 rows=1 width=20) (actual time=4.130..4.130 rows=0 loops=1)
   ->  Incremental Sort  (cost=828.68..1314.48 rows=10000 width=20) (actual time=1.958..3.874 rows=10000 loops=1)
         Sort Key: s_3.a, s_3.b, s_3.c, s_3.d
         Presorted Key: s_3.a, s_3.b, s_3.c
         Sort Method: quicksort  Memory: 27kB
         Sort Groups: 313
         ->  Sort  (cost=828.39..853.39 rows=10000 width=20) (actual time=1.921..2.315 rows=10000 loops=1)
               Sort Key: s_3.a, s_3.b, s_3.c
               Sort Method: quicksort  Memory: 1166kB
               ->  Seq Scan on s_3  (cost=0.00..164.00 rows=10000 width=20) (actual time=0.008..0.580 rows=10000 loops=1)
 Planning time: 0.218 ms
 Execution time: 4.178 ms
(12 rows)

===== 180 [Wed Mar  7 01:57:38 CET 2018] scale:10000 groups:100 work_mem:8MB incremental:on max_workers:2 =====
SELECT * FROM (SELECT * FROM s_4 ORDER BY a, b, c, d) foo ORDER BY a, b, c, d, e
                                                        QUERY PLAN                                                        
--------------------------------------------------------------------------------------------------------------------------
 Limit  (cost=1414.48..1414.48 rows=1 width=20) (actual time=4.034..4.034 rows=0 loops=1)
   ->  Incremental Sort  (cost=828.68..1314.48 rows=10000 width=20) (actual time=1.935..3.810 rows=10000 loops=1)
         Sort Key: s_4.a, s_4.b, s_4.c, s_4.d, s_4.e
         Presorted Key: s_4.a, s_4.b, s_4.c, s_4.d
         Sort Method: quicksort  Memory: 27kB
         Sort Groups: 313
         ->  Sort  (cost=828.39..853.39 rows=10000 width=20) (actual time=1.898..2.300 rows=10000 loops=1)
               Sort Key: s_4.a, s_4.b, s_4.c, s_4.d
               Sort Method: quicksort  Memory: 1166kB
               ->  Seq Scan on s_4  (cost=0.00..164.00 rows=10000 width=20) (actual time=0.004..0.577 rows=10000 loops=1)
 Planning time: 0.230 ms
 Execution time: 4.093 ms
(12 rows)

===== 181 [Wed Mar  7 01:57:38 CET 2018] scale:10000 groups:100 work_mem:8MB incremental:off max_workers:2 =====
SELECT * FROM (SELECT * FROM s_1 ORDER BY a) foo ORDER BY a, b
                                                        QUERY PLAN                                                        
--------------------------------------------------------------------------------------------------------------------------
 Limit  (cost=1742.77..1742.77 rows=1 width=20) (actual time=5.348..5.348 rows=0 loops=1)
   ->  Sort  (cost=1617.77..1642.77 rows=10000 width=20) (actual time=4.797..5.131 rows=10000 loops=1)
         Sort Key: s_1.a, s_1.b
         Sort Method: quicksort  Memory: 1166kB
         ->  Sort  (cost=828.39..853.39 rows=10000 width=20) (actual time=1.755..2.109 rows=10000 loops=1)
               Sort Key: s_1.a
               Sort Method: quicksort  Memory: 1166kB
               ->  Seq Scan on s_1  (cost=0.00..164.00 rows=10000 width=20) (actual time=0.004..0.588 rows=10000 loops=1)
 Planning time: 0.211 ms
 Execution time: 5.435 ms
(10 rows)

===== 182 [Wed Mar  7 01:57:38 CET 2018] scale:10000 groups:100 work_mem:8MB incremental:off max_workers:2 =====
SELECT * FROM (SELECT * FROM s_2 ORDER BY a, b) foo ORDER BY a, b, c
                                                        QUERY PLAN                                                        
--------------------------------------------------------------------------------------------------------------------------
 Limit  (cost=1742.77..1742.77 rows=1 width=20) (actual time=5.430..5.430 rows=0 loops=1)
   ->  Sort  (cost=1617.77..1642.77 rows=10000 width=20) (actual time=4.892..5.213 rows=10000 loops=1)
         Sort Key: s_2.a, s_2.b, s_2.c
         Sort Method: quicksort  Memory: 1166kB
         ->  Sort  (cost=828.39..853.39 rows=10000 width=20) (actual time=1.913..2.268 rows=10000 loops=1)
               Sort Key: s_2.a, s_2.b
               Sort Method: quicksort  Memory: 1166kB
               ->  Seq Scan on s_2  (cost=0.00..164.00 rows=10000 width=20) (actual time=0.008..0.582 rows=10000 loops=1)
 Planning time: 0.213 ms
 Execution time: 5.516 ms
(10 rows)

===== 183 [Wed Mar  7 01:57:39 CET 2018] scale:10000 groups:100 work_mem:8MB incremental:off max_workers:2 =====
SELECT * FROM (SELECT * FROM s_3 ORDER BY a, b, c) foo ORDER BY a, b, c, d
                                                        QUERY PLAN                                                        
--------------------------------------------------------------------------------------------------------------------------
 Limit  (cost=1742.77..1742.77 rows=1 width=20) (actual time=4.872..4.872 rows=0 loops=1)
   ->  Sort  (cost=1617.77..1642.77 rows=10000 width=20) (actual time=4.336..4.656 rows=10000 loops=1)
         Sort Key: s_3.a, s_3.b, s_3.c, s_3.d
         Sort Method: quicksort  Memory: 1166kB
         ->  Sort  (cost=828.39..853.39 rows=10000 width=20) (actual time=1.924..2.277 rows=10000 loops=1)
               Sort Key: s_3.a, s_3.b, s_3.c
               Sort Method: quicksort  Memory: 1166kB
               ->  Seq Scan on s_3  (cost=0.00..164.00 rows=10000 width=20) (actual time=0.008..0.580 rows=10000 loops=1)
 Planning time: 0.210 ms
 Execution time: 4.958 ms
(10 rows)

===== 184 [Wed Mar  7 01:57:39 CET 2018] scale:10000 groups:100 work_mem:8MB incremental:off max_workers:2 =====
SELECT * FROM (SELECT * FROM s_4 ORDER BY a, b, c, d) foo ORDER BY a, b, c, d, e
                                                        QUERY PLAN                                                        
--------------------------------------------------------------------------------------------------------------------------
 Limit  (cost=1742.77..1742.77 rows=1 width=20) (actual time=4.052..4.052 rows=0 loops=1)
   ->  Sort  (cost=1617.77..1642.77 rows=10000 width=20) (actual time=3.519..3.835 rows=10000 loops=1)
         Sort Key: s_4.a, s_4.b, s_4.c, s_4.d, s_4.e
         Sort Method: quicksort  Memory: 1166kB
         ->  Sort  (cost=828.39..853.39 rows=10000 width=20) (actual time=1.935..2.288 rows=10000 loops=1)
               Sort Key: s_4.a, s_4.b, s_4.c, s_4.d
               Sort Method: quicksort  Memory: 1166kB
               ->  Seq Scan on s_4  (cost=0.00..164.00 rows=10000 width=20) (actual time=0.004..0.577 rows=10000 loops=1)
 Planning time: 0.225 ms
 Execution time: 4.140 ms
(10 rows)

===== 185 [Wed Mar  7 01:57:39 CET 2018] scale:10000 groups:100 work_mem:16MB incremental:on max_workers:2 =====
SELECT * FROM (SELECT * FROM s_1 ORDER BY a) foo ORDER BY a, b
                                                        QUERY PLAN                                                        
--------------------------------------------------------------------------------------------------------------------------
 Limit  (cost=1561.88..1561.88 rows=1 width=20) (actual time=4.901..4.901 rows=0 loops=1)
   ->  Incremental Sort  (cost=832.91..1461.88 rows=10000 width=20) (actual time=1.807..4.644 rows=10000 loops=1)
         Sort Key: s_1.a, s_1.b
         Presorted Key: s_1.a
         Sort Method: quicksort  Memory: 35kB
         Sort Groups: 101
         ->  Sort  (cost=828.39..853.39 rows=10000 width=20) (actual time=1.760..2.124 rows=10000 loops=1)
               Sort Key: s_1.a
               Sort Method: quicksort  Memory: 1166kB
               ->  Seq Scan on s_1  (cost=0.00..164.00 rows=10000 width=20) (actual time=0.004..0.576 rows=10000 loops=1)
 Planning time: 0.227 ms
 Execution time: 4.951 ms
(12 rows)

===== 186 [Wed Mar  7 01:57:39 CET 2018] scale:10000 groups:100 work_mem:16MB incremental:on max_workers:2 =====
SELECT * FROM (SELECT * FROM s_2 ORDER BY a, b) foo ORDER BY a, b, c
                                                        QUERY PLAN                                                        
--------------------------------------------------------------------------------------------------------------------------
 Limit  (cost=1414.48..1414.48 rows=1 width=20) (actual time=4.642..4.642 rows=0 loops=1)
   ->  Incremental Sort  (cost=828.68..1314.48 rows=10000 width=20) (actual time=1.955..4.386 rows=10000 loops=1)
         Sort Key: s_2.a, s_2.b, s_2.c
         Presorted Key: s_2.a, s_2.b
         Sort Method: quicksort  Memory: 27kB
         Sort Groups: 308
         ->  Sort  (cost=828.39..853.39 rows=10000 width=20) (actual time=1.918..2.313 rows=10000 loops=1)
               Sort Key: s_2.a, s_2.b
               Sort Method: quicksort  Memory: 1166kB
               ->  Seq Scan on s_2  (cost=0.00..164.00 rows=10000 width=20) (actual time=0.008..0.587 rows=10000 loops=1)
 Planning time: 0.214 ms
 Execution time: 4.691 ms
(12 rows)

===== 187 [Wed Mar  7 01:57:39 CET 2018] scale:10000 groups:100 work_mem:16MB incremental:on max_workers:2 =====
SELECT * FROM (SELECT * FROM s_3 ORDER BY a, b, c) foo ORDER BY a, b, c, d
                                                        QUERY PLAN                                                        
--------------------------------------------------------------------------------------------------------------------------
 Limit  (cost=1414.48..1414.48 rows=1 width=20) (actual time=4.136..4.136 rows=0 loops=1)
   ->  Incremental Sort  (cost=828.68..1314.48 rows=10000 width=20) (actual time=1.967..3.880 rows=10000 loops=1)
         Sort Key: s_3.a, s_3.b, s_3.c, s_3.d
         Presorted Key: s_3.a, s_3.b, s_3.c
         Sort Method: quicksort  Memory: 27kB
         Sort Groups: 313
         ->  Sort  (cost=828.39..853.39 rows=10000 width=20) (actual time=1.927..2.321 rows=10000 loops=1)
               Sort Key: s_3.a, s_3.b, s_3.c
               Sort Method: quicksort  Memory: 1166kB
               ->  Seq Scan on s_3  (cost=0.00..164.00 rows=10000 width=20) (actual time=0.007..0.582 rows=10000 loops=1)
 Planning time: 0.221 ms
 Execution time: 4.185 ms
(12 rows)

===== 188 [Wed Mar  7 01:57:39 CET 2018] scale:10000 groups:100 work_mem:16MB incremental:on max_workers:2 =====
SELECT * FROM (SELECT * FROM s_4 ORDER BY a, b, c, d) foo ORDER BY a, b, c, d, e
                                                        QUERY PLAN                                                        
--------------------------------------------------------------------------------------------------------------------------
 Limit  (cost=1414.48..1414.48 rows=1 width=20) (actual time=4.026..4.026 rows=0 loops=1)
   ->  Incremental Sort  (cost=828.68..1314.48 rows=10000 width=20) (actual time=1.923..3.802 rows=10000 loops=1)
         Sort Key: s_4.a, s_4.b, s_4.c, s_4.d, s_4.e
         Presorted Key: s_4.a, s_4.b, s_4.c, s_4.d
         Sort Method: quicksort  Memory: 27kB
         Sort Groups: 313
         ->  Sort  (cost=828.39..853.39 rows=10000 width=20) (actual time=1.886..2.286 rows=10000 loops=1)
               Sort Key: s_4.a, s_4.b, s_4.c, s_4.d
               Sort Method: quicksort  Memory: 1166kB
               ->  Seq Scan on s_4  (cost=0.00..164.00 rows=10000 width=20) (actual time=0.004..0.576 rows=10000 loops=1)
 Planning time: 0.227 ms
 Execution time: 4.085 ms
(12 rows)

===== 189 [Wed Mar  7 01:57:39 CET 2018] scale:10000 groups:100 work_mem:16MB incremental:off max_workers:2 =====
SELECT * FROM (SELECT * FROM s_1 ORDER BY a) foo ORDER BY a, b
                                                        QUERY PLAN                                                        
--------------------------------------------------------------------------------------------------------------------------
 Limit  (cost=1742.77..1742.77 rows=1 width=20) (actual time=5.339..5.339 rows=0 loops=1)
   ->  Sort  (cost=1617.77..1642.77 rows=10000 width=20) (actual time=4.788..5.120 rows=10000 loops=1)
         Sort Key: s_1.a, s_1.b
         Sort Method: quicksort  Memory: 1166kB
         ->  Sort  (cost=828.39..853.39 rows=10000 width=20) (actual time=1.749..2.102 rows=10000 loops=1)
               Sort Key: s_1.a
               Sort Method: quicksort  Memory: 1166kB
               ->  Seq Scan on s_1  (cost=0.00..164.00 rows=10000 width=20) (actual time=0.004..0.582 rows=10000 loops=1)
 Planning time: 0.207 ms
 Execution time: 5.426 ms
(10 rows)

===== 190 [Wed Mar  7 01:57:39 CET 2018] scale:10000 groups:100 work_mem:16MB incremental:off max_workers:2 =====
SELECT * FROM (SELECT * FROM s_2 ORDER BY a, b) foo ORDER BY a, b, c
                                                        QUERY PLAN                                                        
--------------------------------------------------------------------------------------------------------------------------
 Limit  (cost=1742.77..1742.77 rows=1 width=20) (actual time=5.423..5.423 rows=0 loops=1)
   ->  Sort  (cost=1617.77..1642.77 rows=10000 width=20) (actual time=4.882..5.204 rows=10000 loops=1)
         Sort Key: s_2.a, s_2.b, s_2.c
         Sort Method: quicksort  Memory: 1166kB
         ->  Sort  (cost=828.39..853.39 rows=10000 width=20) (actual time=1.909..2.263 rows=10000 loops=1)
               Sort Key: s_2.a, s_2.b
               Sort Method: quicksort  Memory: 1166kB
               ->  Seq Scan on s_2  (cost=0.00..164.00 rows=10000 width=20) (actual time=0.007..0.592 rows=10000 loops=1)
 Planning time: 0.207 ms
 Execution time: 5.509 ms
(10 rows)

===== 191 [Wed Mar  7 01:57:39 CET 2018] scale:10000 groups:100 work_mem:16MB incremental:off max_workers:2 =====
SELECT * FROM (SELECT * FROM s_3 ORDER BY a, b, c) foo ORDER BY a, b, c, d
                                                        QUERY PLAN                                                        
--------------------------------------------------------------------------------------------------------------------------
 Limit  (cost=1742.77..1742.77 rows=1 width=20) (actual time=4.873..4.873 rows=0 loops=1)
   ->  Sort  (cost=1617.77..1642.77 rows=10000 width=20) (actual time=4.340..4.658 rows=10000 loops=1)
         Sort Key: s_3.a, s_3.b, s_3.c, s_3.d
         Sort Method: quicksort  Memory: 1166kB
         ->  Sort  (cost=828.39..853.39 rows=10000 width=20) (actual time=1.935..2.290 rows=10000 loops=1)
               Sort Key: s_3.a, s_3.b, s_3.c
               Sort Method: quicksort  Memory: 1166kB
               ->  Seq Scan on s_3  (cost=0.00..164.00 rows=10000 width=20) (actual time=0.008..0.581 rows=10000 loops=1)
 Planning time: 0.216 ms
 Execution time: 4.963 ms
(10 rows)

===== 192 [Wed Mar  7 01:57:39 CET 2018] scale:10000 groups:100 work_mem:16MB incremental:off max_workers:2 =====
SELECT * FROM (SELECT * FROM s_4 ORDER BY a, b, c, d) foo ORDER BY a, b, c, d, e
                                                        QUERY PLAN                                                        
--------------------------------------------------------------------------------------------------------------------------
 Limit  (cost=1742.77..1742.77 rows=1 width=20) (actual time=4.046..4.046 rows=0 loops=1)
   ->  Sort  (cost=1617.77..1642.77 rows=10000 width=20) (actual time=3.518..3.829 rows=10000 loops=1)
         Sort Key: s_4.a, s_4.b, s_4.c, s_4.d, s_4.e
         Sort Method: quicksort  Memory: 1166kB
         ->  Sort  (cost=828.39..853.39 rows=10000 width=20) (actual time=1.937..2.294 rows=10000 loops=1)
               Sort Key: s_4.a, s_4.b, s_4.c, s_4.d
               Sort Method: quicksort  Memory: 1166kB
               ->  Seq Scan on s_4  (cost=0.00..164.00 rows=10000 width=20) (actual time=0.004..0.577 rows=10000 loops=1)
 Planning time: 0.222 ms
 Execution time: 4.140 ms
(10 rows)

===== 193 [Wed Mar  7 01:57:39 CET 2018] scale:10000 groups:100 work_mem:32MB incremental:on max_workers:2 =====
SELECT * FROM (SELECT * FROM s_1 ORDER BY a) foo ORDER BY a, b
                                                        QUERY PLAN                                                        
--------------------------------------------------------------------------------------------------------------------------
 Limit  (cost=1561.88..1561.88 rows=1 width=20) (actual time=4.901..4.901 rows=0 loops=1)
   ->  Incremental Sort  (cost=832.91..1461.88 rows=10000 width=20) (actual time=1.808..4.644 rows=10000 loops=1)
         Sort Key: s_1.a, s_1.b
         Presorted Key: s_1.a
         Sort Method: quicksort  Memory: 35kB
         Sort Groups: 101
         ->  Sort  (cost=828.39..853.39 rows=10000 width=20) (actual time=1.763..2.122 rows=10000 loops=1)
               Sort Key: s_1.a
               Sort Method: quicksort  Memory: 1166kB
               ->  Seq Scan on s_1  (cost=0.00..164.00 rows=10000 width=20) (actual time=0.004..0.575 rows=10000 loops=1)
 Planning time: 0.213 ms
 Execution time: 4.952 ms
(12 rows)

===== 194 [Wed Mar  7 01:57:40 CET 2018] scale:10000 groups:100 work_mem:32MB incremental:on max_workers:2 =====
SELECT * FROM (SELECT * FROM s_2 ORDER BY a, b) foo ORDER BY a, b, c
                                                        QUERY PLAN                                                        
--------------------------------------------------------------------------------------------------------------------------
 Limit  (cost=1414.48..1414.48 rows=1 width=20) (actual time=4.648..4.648 rows=0 loops=1)
   ->  Incremental Sort  (cost=828.68..1314.48 rows=10000 width=20) (actual time=1.957..4.392 rows=10000 loops=1)
         Sort Key: s_2.a, s_2.b, s_2.c
         Presorted Key: s_2.a, s_2.b
         Sort Method: quicksort  Memory: 27kB
         Sort Groups: 308
         ->  Sort  (cost=828.39..853.39 rows=10000 width=20) (actual time=1.920..2.318 rows=10000 loops=1)
               Sort Key: s_2.a, s_2.b
               Sort Method: quicksort  Memory: 1166kB
               ->  Seq Scan on s_2  (cost=0.00..164.00 rows=10000 width=20) (actual time=0.007..0.583 rows=10000 loops=1)
 Planning time: 0.212 ms
 Execution time: 4.698 ms
(12 rows)

===== 195 [Wed Mar  7 01:57:40 CET 2018] scale:10000 groups:100 work_mem:32MB incremental:on max_workers:2 =====
SELECT * FROM (SELECT * FROM s_3 ORDER BY a, b, c) foo ORDER BY a, b, c, d
                                                        QUERY PLAN                                                        
--------------------------------------------------------------------------------------------------------------------------
 Limit  (cost=1414.48..1414.48 rows=1 width=20) (actual time=4.144..4.144 rows=0 loops=1)
   ->  Incremental Sort  (cost=828.68..1314.48 rows=10000 width=20) (actual time=1.964..3.887 rows=10000 loops=1)
         Sort Key: s_3.a, s_3.b, s_3.c, s_3.d
         Presorted Key: s_3.a, s_3.b, s_3.c
         Sort Method: quicksort  Memory: 27kB
         Sort Groups: 313
         ->  Sort  (cost=828.39..853.39 rows=10000 width=20) (actual time=1.927..2.323 rows=10000 loops=1)
               Sort Key: s_3.a, s_3.b, s_3.c
               Sort Method: quicksort  Memory: 1166kB
               ->  Seq Scan on s_3  (cost=0.00..164.00 rows=10000 width=20) (actual time=0.007..0.586 rows=10000 loops=1)
 Planning time: 0.228 ms
 Execution time: 4.195 ms
(12 rows)

===== 196 [Wed Mar  7 01:57:40 CET 2018] scale:10000 groups:100 work_mem:32MB incremental:on max_workers:2 =====
SELECT * FROM (SELECT * FROM s_4 ORDER BY a, b, c, d) foo ORDER BY a, b, c, d, e
                                                        QUERY PLAN                                                        
--------------------------------------------------------------------------------------------------------------------------
 Limit  (cost=1414.48..1414.48 rows=1 width=20) (actual time=4.032..4.032 rows=0 loops=1)
   ->  Incremental Sort  (cost=828.68..1314.48 rows=10000 width=20) (actual time=1.927..3.807 rows=10000 loops=1)
         Sort Key: s_4.a, s_4.b, s_4.c, s_4.d, s_4.e
         Presorted Key: s_4.a, s_4.b, s_4.c, s_4.d
         Sort Method: quicksort  Memory: 27kB
         Sort Groups: 313
         ->  Sort  (cost=828.39..853.39 rows=10000 width=20) (actual time=1.884..2.289 rows=10000 loops=1)
               Sort Key: s_4.a, s_4.b, s_4.c, s_4.d
               Sort Method: quicksort  Memory: 1166kB
               ->  Seq Scan on s_4  (cost=0.00..164.00 rows=10000 width=20) (actual time=0.004..0.572 rows=10000 loops=1)
 Planning time: 0.230 ms
 Execution time: 4.090 ms
(12 rows)

===== 197 [Wed Mar  7 01:57:40 CET 2018] scale:10000 groups:100 work_mem:32MB incremental:off max_workers:2 =====
SELECT * FROM (SELECT * FROM s_1 ORDER BY a) foo ORDER BY a, b
                                                        QUERY PLAN                                                        
--------------------------------------------------------------------------------------------------------------------------
 Limit  (cost=1742.77..1742.77 rows=1 width=20) (actual time=5.339..5.339 rows=0 loops=1)
   ->  Sort  (cost=1617.77..1642.77 rows=10000 width=20) (actual time=4.792..5.121 rows=10000 loops=1)
         Sort Key: s_1.a, s_1.b
         Sort Method: quicksort  Memory: 1166kB
         ->  Sort  (cost=828.39..853.39 rows=10000 width=20) (actual time=1.743..2.099 rows=10000 loops=1)
               Sort Key: s_1.a
               Sort Method: quicksort  Memory: 1166kB
               ->  Seq Scan on s_1  (cost=0.00..164.00 rows=10000 width=20) (actual time=0.004..0.575 rows=10000 loops=1)
 Planning time: 0.221 ms
 Execution time: 5.426 ms
(10 rows)

===== 198 [Wed Mar  7 01:57:40 CET 2018] scale:10000 groups:100 work_mem:32MB incremental:off max_workers:2 =====
SELECT * FROM (SELECT * FROM s_2 ORDER BY a, b) foo ORDER BY a, b, c
                                                        QUERY PLAN                                                        
--------------------------------------------------------------------------------------------------------------------------
 Limit  (cost=1742.77..1742.77 rows=1 width=20) (actual time=5.423..5.423 rows=0 loops=1)
   ->  Sort  (cost=1617.77..1642.77 rows=10000 width=20) (actual time=4.885..5.206 rows=10000 loops=1)
         Sort Key: s_2.a, s_2.b, s_2.c
         Sort Method: quicksort  Memory: 1166kB
         ->  Sort  (cost=828.39..853.39 rows=10000 width=20) (actual time=1.910..2.263 rows=10000 loops=1)
               Sort Key: s_2.a, s_2.b
               Sort Method: quicksort  Memory: 1166kB
               ->  Seq Scan on s_2  (cost=0.00..164.00 rows=10000 width=20) (actual time=0.007..0.582 rows=10000 loops=1)
 Planning time: 0.206 ms
 Execution time: 5.507 ms
(10 rows)

===== 199 [Wed Mar  7 01:57:40 CET 2018] scale:10000 groups:100 work_mem:32MB incremental:off max_workers:2 =====
SELECT * FROM (SELECT * FROM s_3 ORDER BY a, b, c) foo ORDER BY a, b, c, d
                                                        QUERY PLAN                                                        
--------------------------------------------------------------------------------------------------------------------------
 Limit  (cost=1742.77..1742.77 rows=1 width=20) (actual time=4.878..4.878 rows=0 loops=1)
   ->  Sort  (cost=1617.77..1642.77 rows=10000 width=20) (actual time=4.343..4.661 rows=10000 loops=1)
         Sort Key: s_3.a, s_3.b, s_3.c, s_3.d
         Sort Method: quicksort  Memory: 1166kB
         ->  Sort  (cost=828.39..853.39 rows=10000 width=20) (actual time=1.933..2.287 rows=10000 loops=1)
               Sort Key: s_3.a, s_3.b, s_3.c
               Sort Method: quicksort  Memory: 1166kB
               ->  Seq Scan on s_3  (cost=0.00..164.00 rows=10000 width=20) (actual time=0.008..0.587 rows=10000 loops=1)
 Planning time: 0.211 ms
 Execution time: 4.966 ms
(10 rows)

===== 200 [Wed Mar  7 01:57:40 CET 2018] scale:10000 groups:100 work_mem:32MB incremental:off max_workers:2 =====
SELECT * FROM (SELECT * FROM s_4 ORDER BY a, b, c, d) foo ORDER BY a, b, c, d, e
                                                        QUERY PLAN                                                        
--------------------------------------------------------------------------------------------------------------------------
 Limit  (cost=1742.77..1742.77 rows=1 width=20) (actual time=4.057..4.057 rows=0 loops=1)
   ->  Sort  (cost=1617.77..1642.77 rows=10000 width=20) (actual time=3.524..3.836 rows=10000 loops=1)
         Sort Key: s_4.a, s_4.b, s_4.c, s_4.d, s_4.e
         Sort Method: quicksort  Memory: 1166kB
         ->  Sort  (cost=828.39..853.39 rows=10000 width=20) (actual time=1.938..2.291 rows=10000 loops=1)
               Sort Key: s_4.a, s_4.b, s_4.c, s_4.d
               Sort Method: quicksort  Memory: 1166kB
               ->  Seq Scan on s_4  (cost=0.00..164.00 rows=10000 width=20) (actual time=0.004..0.578 rows=10000 loops=1)
 Planning time: 0.218 ms
 Execution time: 4.144 ms
(10 rows)

===== 201 [Wed Mar  7 01:57:40 CET 2018] scale:10000 groups:100 work_mem:64MB incremental:on max_workers:2 =====
SELECT * FROM (SELECT * FROM s_1 ORDER BY a) foo ORDER BY a, b
                                                        QUERY PLAN                                                        
--------------------------------------------------------------------------------------------------------------------------
 Limit  (cost=1561.88..1561.88 rows=1 width=20) (actual time=4.894..4.894 rows=0 loops=1)
   ->  Incremental Sort  (cost=832.91..1461.88 rows=10000 width=20) (actual time=1.808..4.637 rows=10000 loops=1)
         Sort Key: s_1.a, s_1.b
         Presorted Key: s_1.a
         Sort Method: quicksort  Memory: 35kB
         Sort Groups: 101
         ->  Sort  (cost=828.39..853.39 rows=10000 width=20) (actual time=1.762..2.124 rows=10000 loops=1)
               Sort Key: s_1.a
               Sort Method: quicksort  Memory: 1166kB
               ->  Seq Scan on s_1  (cost=0.00..164.00 rows=10000 width=20) (actual time=0.004..0.574 rows=10000 loops=1)
 Planning time: 0.213 ms
 Execution time: 4.945 ms
(12 rows)

===== 202 [Wed Mar  7 01:57:40 CET 2018] scale:10000 groups:100 work_mem:64MB incremental:on max_workers:2 =====
SELECT * FROM (SELECT * FROM s_2 ORDER BY a, b) foo ORDER BY a, b, c
                                                        QUERY PLAN                                                        
--------------------------------------------------------------------------------------------------------------------------
 Limit  (cost=1414.48..1414.48 rows=1 width=20) (actual time=4.642..4.642 rows=0 loops=1)
   ->  Incremental Sort  (cost=828.68..1314.48 rows=10000 width=20) (actual time=1.956..4.386 rows=10000 loops=1)
         Sort Key: s_2.a, s_2.b, s_2.c
         Presorted Key: s_2.a, s_2.b
         Sort Method: quicksort  Memory: 27kB
         Sort Groups: 308
         ->  Sort  (cost=828.39..853.39 rows=10000 width=20) (actual time=1.919..2.318 rows=10000 loops=1)
               Sort Key: s_2.a, s_2.b
               Sort Method: quicksort  Memory: 1166kB
               ->  Seq Scan on s_2  (cost=0.00..164.00 rows=10000 width=20) (actual time=0.008..0.585 rows=10000 loops=1)
 Planning time: 0.215 ms
 Execution time: 4.691 ms
(12 rows)

===== 203 [Wed Mar  7 01:57:40 CET 2018] scale:10000 groups:100 work_mem:64MB incremental:on max_workers:2 =====
SELECT * FROM (SELECT * FROM s_3 ORDER BY a, b, c) foo ORDER BY a, b, c, d
                                                        QUERY PLAN                                                        
--------------------------------------------------------------------------------------------------------------------------
 Limit  (cost=1414.48..1414.48 rows=1 width=20) (actual time=4.137..4.137 rows=0 loops=1)
   ->  Incremental Sort  (cost=828.68..1314.48 rows=10000 width=20) (actual time=1.969..3.881 rows=10000 loops=1)
         Sort Key: s_3.a, s_3.b, s_3.c, s_3.d
         Presorted Key: s_3.a, s_3.b, s_3.c
         Sort Method: quicksort  Memory: 27kB
         Sort Groups: 313
         ->  Sort  (cost=828.39..853.39 rows=10000 width=20) (actual time=1.932..2.327 rows=10000 loops=1)
               Sort Key: s_3.a, s_3.b, s_3.c
               Sort Method: quicksort  Memory: 1166kB
               ->  Seq Scan on s_3  (cost=0.00..164.00 rows=10000 width=20) (actual time=0.008..0.586 rows=10000 loops=1)
 Planning time: 0.221 ms
 Execution time: 4.187 ms
(12 rows)

===== 204 [Wed Mar  7 01:57:40 CET 2018] scale:10000 groups:100 work_mem:64MB incremental:on max_workers:2 =====
SELECT * FROM (SELECT * FROM s_4 ORDER BY a, b, c, d) foo ORDER BY a, b, c, d, e
                                                        QUERY PLAN                                                        
--------------------------------------------------------------------------------------------------------------------------
 Limit  (cost=1414.48..1414.48 rows=1 width=20) (actual time=4.025..4.025 rows=0 loops=1)
   ->  Incremental Sort  (cost=828.68..1314.48 rows=10000 width=20) (actual time=1.923..3.800 rows=10000 loops=1)
         Sort Key: s_4.a, s_4.b, s_4.c, s_4.d, s_4.e
         Presorted Key: s_4.a, s_4.b, s_4.c, s_4.d
         Sort Method: quicksort  Memory: 27kB
         Sort Groups: 313
         ->  Sort  (cost=828.39..853.39 rows=10000 width=20) (actual time=1.887..2.290 rows=10000 loops=1)
               Sort Key: s_4.a, s_4.b, s_4.c, s_4.d
               Sort Method: quicksort  Memory: 1166kB
               ->  Seq Scan on s_4  (cost=0.00..164.00 rows=10000 width=20) (actual time=0.004..0.573 rows=10000 loops=1)
 Planning time: 0.229 ms
 Execution time: 4.082 ms
(12 rows)

===== 205 [Wed Mar  7 01:57:41 CET 2018] scale:10000 groups:100 work_mem:64MB incremental:off max_workers:2 =====
SELECT * FROM (SELECT * FROM s_1 ORDER BY a) foo ORDER BY a, b
                                                        QUERY PLAN                                                        
--------------------------------------------------------------------------------------------------------------------------
 Limit  (cost=1742.77..1742.77 rows=1 width=20) (actual time=5.344..5.344 rows=0 loops=1)
   ->  Sort  (cost=1617.77..1642.77 rows=10000 width=20) (actual time=4.796..5.125 rows=10000 loops=1)
         Sort Key: s_1.a, s_1.b
         Sort Method: quicksort  Memory: 1166kB
         ->  Sort  (cost=828.39..853.39 rows=10000 width=20) (actual time=1.744..2.097 rows=10000 loops=1)
               Sort Key: s_1.a
               Sort Method: quicksort  Memory: 1166kB
               ->  Seq Scan on s_1  (cost=0.00..164.00 rows=10000 width=20) (actual time=0.004..0.580 rows=10000 loops=1)
 Planning time: 0.213 ms
 Execution time: 5.432 ms
(10 rows)

===== 206 [Wed Mar  7 01:57:41 CET 2018] scale:10000 groups:100 work_mem:64MB incremental:off max_workers:2 =====
SELECT * FROM (SELECT * FROM s_2 ORDER BY a, b) foo ORDER BY a, b, c
                                                        QUERY PLAN                                                        
--------------------------------------------------------------------------------------------------------------------------
 Limit  (cost=1742.77..1742.77 rows=1 width=20) (actual time=5.422..5.422 rows=0 loops=1)
   ->  Sort  (cost=1617.77..1642.77 rows=10000 width=20) (actual time=4.880..5.202 rows=10000 loops=1)
         Sort Key: s_2.a, s_2.b, s_2.c
         Sort Method: quicksort  Memory: 1166kB
         ->  Sort  (cost=828.39..853.39 rows=10000 width=20) (actual time=1.904..2.261 rows=10000 loops=1)
               Sort Key: s_2.a, s_2.b
               Sort Method: quicksort  Memory: 1166kB
               ->  Seq Scan on s_2  (cost=0.00..164.00 rows=10000 width=20) (actual time=0.008..0.588 rows=10000 loops=1)
 Planning time: 0.207 ms
 Execution time: 5.508 ms
(10 rows)

===== 207 [Wed Mar  7 01:57:41 CET 2018] scale:10000 groups:100 work_mem:64MB incremental:off max_workers:2 =====
SELECT * FROM (SELECT * FROM s_3 ORDER BY a, b, c) foo ORDER BY a, b, c, d
                                                        QUERY PLAN                                                        
--------------------------------------------------------------------------------------------------------------------------
 Limit  (cost=1742.77..1742.77 rows=1 width=20) (actual time=4.922..4.922 rows=0 loops=1)
   ->  Sort  (cost=1617.77..1642.77 rows=10000 width=20) (actual time=4.386..4.703 rows=10000 loops=1)
         Sort Key: s_3.a, s_3.b, s_3.c, s_3.d
         Sort Method: quicksort  Memory: 1166kB
         ->  Sort  (cost=828.39..853.39 rows=10000 width=20) (actual time=1.931..2.283 rows=10000 loops=1)
               Sort Key: s_3.a, s_3.b, s_3.c
               Sort Method: quicksort  Memory: 1166kB
               ->  Seq Scan on s_3  (cost=0.00..164.00 rows=10000 width=20) (actual time=0.007..0.580 rows=10000 loops=1)
 Planning time: 0.218 ms
 Execution time: 5.008 ms
(10 rows)

===== 208 [Wed Mar  7 01:57:41 CET 2018] scale:10000 groups:100 work_mem:64MB incremental:off max_workers:2 =====
SELECT * FROM (SELECT * FROM s_4 ORDER BY a, b, c, d) foo ORDER BY a, b, c, d, e
                                                        QUERY PLAN                                                        
--------------------------------------------------------------------------------------------------------------------------
 Limit  (cost=1742.77..1742.77 rows=1 width=20) (actual time=4.058..4.058 rows=0 loops=1)
   ->  Sort  (cost=1617.77..1642.77 rows=10000 width=20) (actual time=3.526..3.840 rows=10000 loops=1)
         Sort Key: s_4.a, s_4.b, s_4.c, s_4.d, s_4.e
         Sort Method: quicksort  Memory: 1166kB
         ->  Sort  (cost=828.39..853.39 rows=10000 width=20) (actual time=1.929..2.283 rows=10000 loops=1)
               Sort Key: s_4.a, s_4.b, s_4.c, s_4.d
               Sort Method: quicksort  Memory: 1166kB
               ->  Seq Scan on s_4  (cost=0.00..164.00 rows=10000 width=20) (actual time=0.004..0.573 rows=10000 loops=1)
 Planning time: 0.223 ms
 Execution time: 4.146 ms
(10 rows)

===== 209 [Wed Mar  7 01:57:41 CET 2018] scale:10000 groups:100 work_mem:128MB incremental:on max_workers:2 =====
SELECT * FROM (SELECT * FROM s_1 ORDER BY a) foo ORDER BY a, b
                                                        QUERY PLAN                                                        
--------------------------------------------------------------------------------------------------------------------------
 Limit  (cost=1561.88..1561.88 rows=1 width=20) (actual time=4.906..4.906 rows=0 loops=1)
   ->  Incremental Sort  (cost=832.91..1461.88 rows=10000 width=20) (actual time=1.813..4.644 rows=10000 loops=1)
         Sort Key: s_1.a, s_1.b
         Presorted Key: s_1.a
         Sort Method: quicksort  Memory: 35kB
         Sort Groups: 101
         ->  Sort  (cost=828.39..853.39 rows=10000 width=20) (actual time=1.762..2.122 rows=10000 loops=1)
               Sort Key: s_1.a
               Sort Method: quicksort  Memory: 1166kB
               ->  Seq Scan on s_1  (cost=0.00..164.00 rows=10000 width=20) (actual time=0.004..0.582 rows=10000 loops=1)
 Planning time: 0.215 ms
 Execution time: 4.956 ms
(12 rows)

===== 210 [Wed Mar  7 01:57:41 CET 2018] scale:10000 groups:100 work_mem:128MB incremental:on max_workers:2 =====
SELECT * FROM (SELECT * FROM s_2 ORDER BY a, b) foo ORDER BY a, b, c
                                                        QUERY PLAN                                                        
--------------------------------------------------------------------------------------------------------------------------
 Limit  (cost=1414.48..1414.48 rows=1 width=20) (actual time=4.641..4.641 rows=0 loops=1)
   ->  Incremental Sort  (cost=828.68..1314.48 rows=10000 width=20) (actual time=1.959..4.382 rows=10000 loops=1)
         Sort Key: s_2.a, s_2.b, s_2.c
         Presorted Key: s_2.a, s_2.b
         Sort Method: quicksort  Memory: 27kB
         Sort Groups: 308
         ->  Sort  (cost=828.39..853.39 rows=10000 width=20) (actual time=1.922..2.317 rows=10000 loops=1)
               Sort Key: s_2.a, s_2.b
               Sort Method: quicksort  Memory: 1166kB
               ->  Seq Scan on s_2  (cost=0.00..164.00 rows=10000 width=20) (actual time=0.008..0.583 rows=10000 loops=1)
 Planning time: 0.216 ms
 Execution time: 4.691 ms
(12 rows)

===== 211 [Wed Mar  7 01:57:41 CET 2018] scale:10000 groups:100 work_mem:128MB incremental:on max_workers:2 =====
SELECT * FROM (SELECT * FROM s_3 ORDER BY a, b, c) foo ORDER BY a, b, c, d
                                                        QUERY PLAN                                                        
--------------------------------------------------------------------------------------------------------------------------
 Limit  (cost=1414.48..1414.48 rows=1 width=20) (actual time=4.136..4.136 rows=0 loops=1)
   ->  Incremental Sort  (cost=828.68..1314.48 rows=10000 width=20) (actual time=1.960..3.877 rows=10000 loops=1)
         Sort Key: s_3.a, s_3.b, s_3.c, s_3.d
         Presorted Key: s_3.a, s_3.b, s_3.c
         Sort Method: quicksort  Memory: 27kB
         Sort Groups: 313
         ->  Sort  (cost=828.39..853.39 rows=10000 width=20) (actual time=1.924..2.322 rows=10000 loops=1)
               Sort Key: s_3.a, s_3.b, s_3.c
               Sort Method: quicksort  Memory: 1166kB
               ->  Seq Scan on s_3  (cost=0.00..164.00 rows=10000 width=20) (actual time=0.008..0.582 rows=10000 loops=1)
 Planning time: 0.219 ms
 Execution time: 4.185 ms
(12 rows)

===== 212 [Wed Mar  7 01:57:41 CET 2018] scale:10000 groups:100 work_mem:128MB incremental:on max_workers:2 =====
SELECT * FROM (SELECT * FROM s_4 ORDER BY a, b, c, d) foo ORDER BY a, b, c, d, e
                                                        QUERY PLAN                                                        
--------------------------------------------------------------------------------------------------------------------------
 Limit  (cost=1414.48..1414.48 rows=1 width=20) (actual time=4.028..4.028 rows=0 loops=1)
   ->  Incremental Sort  (cost=828.68..1314.48 rows=10000 width=20) (actual time=1.924..3.804 rows=10000 loops=1)
         Sort Key: s_4.a, s_4.b, s_4.c, s_4.d, s_4.e
         Presorted Key: s_4.a, s_4.b, s_4.c, s_4.d
         Sort Method: quicksort  Memory: 27kB
         Sort Groups: 313
         ->  Sort  (cost=828.39..853.39 rows=10000 width=20) (actual time=1.887..2.287 rows=10000 loops=1)
               Sort Key: s_4.a, s_4.b, s_4.c, s_4.d
               Sort Method: quicksort  Memory: 1166kB
               ->  Seq Scan on s_4  (cost=0.00..164.00 rows=10000 width=20) (actual time=0.004..0.570 rows=10000 loops=1)
 Planning time: 0.231 ms
 Execution time: 4.089 ms
(12 rows)

===== 213 [Wed Mar  7 01:57:41 CET 2018] scale:10000 groups:100 work_mem:128MB incremental:off max_workers:2 =====
SELECT * FROM (SELECT * FROM s_1 ORDER BY a) foo ORDER BY a, b
                                                        QUERY PLAN                                                        
--------------------------------------------------------------------------------------------------------------------------
 Limit  (cost=1742.77..1742.77 rows=1 width=20) (actual time=5.344..5.344 rows=0 loops=1)
   ->  Sort  (cost=1617.77..1642.77 rows=10000 width=20) (actual time=4.797..5.128 rows=10000 loops=1)
         Sort Key: s_1.a, s_1.b
         Sort Method: quicksort  Memory: 1166kB
         ->  Sort  (cost=828.39..853.39 rows=10000 width=20) (actual time=1.750..2.103 rows=10000 loops=1)
               Sort Key: s_1.a
               Sort Method: quicksort  Memory: 1166kB
               ->  Seq Scan on s_1  (cost=0.00..164.00 rows=10000 width=20) (actual time=0.004..0.577 rows=10000 loops=1)
 Planning time: 0.204 ms
 Execution time: 5.431 ms
(10 rows)

===== 214 [Wed Mar  7 01:57:41 CET 2018] scale:10000 groups:100 work_mem:128MB incremental:off max_workers:2 =====
SELECT * FROM (SELECT * FROM s_2 ORDER BY a, b) foo ORDER BY a, b, c
                                                        QUERY PLAN                                                        
--------------------------------------------------------------------------------------------------------------------------
 Limit  (cost=1742.77..1742.77 rows=1 width=20) (actual time=5.429..5.429 rows=0 loops=1)
   ->  Sort  (cost=1617.77..1642.77 rows=10000 width=20) (actual time=4.891..5.212 rows=10000 loops=1)
         Sort Key: s_2.a, s_2.b, s_2.c
         Sort Method: quicksort  Memory: 1166kB
         ->  Sort  (cost=828.39..853.39 rows=10000 width=20) (actual time=1.912..2.264 rows=10000 loops=1)
               Sort Key: s_2.a, s_2.b
               Sort Method: quicksort  Memory: 1166kB
               ->  Seq Scan on s_2  (cost=0.00..164.00 rows=10000 width=20) (actual time=0.008..0.589 rows=10000 loops=1)
 Planning time: 0.214 ms
 Execution time: 5.514 ms
(10 rows)

===== 215 [Wed Mar  7 01:57:41 CET 2018] scale:10000 groups:100 work_mem:128MB incremental:off max_workers:2 =====
SELECT * FROM (SELECT * FROM s_3 ORDER BY a, b, c) foo ORDER BY a, b, c, d
                                                        QUERY PLAN                                                        
--------------------------------------------------------------------------------------------------------------------------
 Limit  (cost=1742.77..1742.77 rows=1 width=20) (actual time=4.880..4.880 rows=0 loops=1)
   ->  Sort  (cost=1617.77..1642.77 rows=10000 width=20) (actual time=4.345..4.663 rows=10000 loops=1)
         Sort Key: s_3.a, s_3.b, s_3.c, s_3.d
         Sort Method: quicksort  Memory: 1166kB
         ->  Sort  (cost=828.39..853.39 rows=10000 width=20) (actual time=1.934..2.287 rows=10000 loops=1)
               Sort Key: s_3.a, s_3.b, s_3.c
               Sort Method: quicksort  Memory: 1166kB
               ->  Seq Scan on s_3  (cost=0.00..164.00 rows=10000 width=20) (actual time=0.008..0.585 rows=10000 loops=1)
 Planning time: 0.211 ms
 Execution time: 4.967 ms
(10 rows)

===== 216 [Wed Mar  7 01:57:42 CET 2018] scale:10000 groups:100 work_mem:128MB incremental:off max_workers:2 =====
SELECT * FROM (SELECT * FROM s_4 ORDER BY a, b, c, d) foo ORDER BY a, b, c, d, e
                                                        QUERY PLAN                                                        
--------------------------------------------------------------------------------------------------------------------------
 Limit  (cost=1742.77..1742.77 rows=1 width=20) (actual time=4.053..4.053 rows=0 loops=1)
   ->  Sort  (cost=1617.77..1642.77 rows=10000 width=20) (actual time=3.521..3.835 rows=10000 loops=1)
         Sort Key: s_4.a, s_4.b, s_4.c, s_4.d, s_4.e
         Sort Method: quicksort  Memory: 1166kB
         ->  Sort  (cost=828.39..853.39 rows=10000 width=20) (actual time=1.937..2.290 rows=10000 loops=1)
               Sort Key: s_4.a, s_4.b, s_4.c, s_4.d
               Sort Method: quicksort  Memory: 1166kB
               ->  Seq Scan on s_4  (cost=0.00..164.00 rows=10000 width=20) (actual time=0.004..0.582 rows=10000 loops=1)
 Planning time: 0.219 ms
 Execution time: 4.139 ms
(10 rows)

===== 217 [Wed Mar  7 01:57:42 CET 2018] scale:10000 groups:100 work_mem:256MB incremental:on max_workers:2 =====
SELECT * FROM (SELECT * FROM s_1 ORDER BY a) foo ORDER BY a, b
                                                        QUERY PLAN                                                        
--------------------------------------------------------------------------------------------------------------------------
 Limit  (cost=1561.88..1561.88 rows=1 width=20) (actual time=4.898..4.898 rows=0 loops=1)
   ->  Incremental Sort  (cost=832.91..1461.88 rows=10000 width=20) (actual time=1.806..4.640 rows=10000 loops=1)
         Sort Key: s_1.a, s_1.b
         Presorted Key: s_1.a
         Sort Method: quicksort  Memory: 35kB
         Sort Groups: 101
         ->  Sort  (cost=828.39..853.39 rows=10000 width=20) (actual time=1.760..2.119 rows=10000 loops=1)
               Sort Key: s_1.a
               Sort Method: quicksort  Memory: 1166kB
               ->  Seq Scan on s_1  (cost=0.00..164.00 rows=10000 width=20) (actual time=0.004..0.584 rows=10000 loops=1)
 Planning time: 0.212 ms
 Execution time: 4.948 ms
(12 rows)

===== 218 [Wed Mar  7 01:57:42 CET 2018] scale:10000 groups:100 work_mem:256MB incremental:on max_workers:2 =====
SELECT * FROM (SELECT * FROM s_2 ORDER BY a, b) foo ORDER BY a, b, c
                                                        QUERY PLAN                                                        
--------------------------------------------------------------------------------------------------------------------------
 Limit  (cost=1414.48..1414.48 rows=1 width=20) (actual time=4.640..4.640 rows=0 loops=1)
   ->  Incremental Sort  (cost=828.68..1314.48 rows=10000 width=20) (actual time=1.956..4.384 rows=10000 loops=1)
         Sort Key: s_2.a, s_2.b, s_2.c
         Presorted Key: s_2.a, s_2.b
         Sort Method: quicksort  Memory: 27kB
         Sort Groups: 308
         ->  Sort  (cost=828.39..853.39 rows=10000 width=20) (actual time=1.917..2.312 rows=10000 loops=1)
               Sort Key: s_2.a, s_2.b
               Sort Method: quicksort  Memory: 1166kB
               ->  Seq Scan on s_2  (cost=0.00..164.00 rows=10000 width=20) (actual time=0.008..0.583 rows=10000 loops=1)
 Planning time: 0.219 ms
 Execution time: 4.689 ms
(12 rows)

===== 219 [Wed Mar  7 01:57:42 CET 2018] scale:10000 groups:100 work_mem:256MB incremental:on max_workers:2 =====
SELECT * FROM (SELECT * FROM s_3 ORDER BY a, b, c) foo ORDER BY a, b, c, d
                                                        QUERY PLAN                                                        
--------------------------------------------------------------------------------------------------------------------------
 Limit  (cost=1414.48..1414.48 rows=1 width=20) (actual time=4.133..4.133 rows=0 loops=1)
   ->  Incremental Sort  (cost=828.68..1314.48 rows=10000 width=20) (actual time=1.964..3.877 rows=10000 loops=1)
         Sort Key: s_3.a, s_3.b, s_3.c, s_3.d
         Presorted Key: s_3.a, s_3.b, s_3.c
         Sort Method: quicksort  Memory: 27kB
         Sort Groups: 313
         ->  Sort  (cost=828.39..853.39 rows=10000 width=20) (actual time=1.927..2.320 rows=10000 loops=1)
               Sort Key: s_3.a, s_3.b, s_3.c
               Sort Method: quicksort  Memory: 1166kB
               ->  Seq Scan on s_3  (cost=0.00..164.00 rows=10000 width=20) (actual time=0.007..0.585 rows=10000 loops=1)
 Planning time: 0.218 ms
 Execution time: 4.181 ms
(12 rows)

===== 220 [Wed Mar  7 01:57:42 CET 2018] scale:10000 groups:100 work_mem:256MB incremental:on max_workers:2 =====
SELECT * FROM (SELECT * FROM s_4 ORDER BY a, b, c, d) foo ORDER BY a, b, c, d, e
                                                        QUERY PLAN                                                        
--------------------------------------------------------------------------------------------------------------------------
 Limit  (cost=1414.48..1414.48 rows=1 width=20) (actual time=4.025..4.025 rows=0 loops=1)
   ->  Incremental Sort  (cost=828.68..1314.48 rows=10000 width=20) (actual time=1.928..3.800 rows=10000 loops=1)
         Sort Key: s_4.a, s_4.b, s_4.c, s_4.d, s_4.e
         Presorted Key: s_4.a, s_4.b, s_4.c, s_4.d
         Sort Method: quicksort  Memory: 27kB
         Sort Groups: 313
         ->  Sort  (cost=828.39..853.39 rows=10000 width=20) (actual time=1.891..2.293 rows=10000 loops=1)
               Sort Key: s_4.a, s_4.b, s_4.c, s_4.d
               Sort Method: quicksort  Memory: 1166kB
               ->  Seq Scan on s_4  (cost=0.00..164.00 rows=10000 width=20) (actual time=0.004..0.578 rows=10000 loops=1)
 Planning time: 0.232 ms
 Execution time: 4.084 ms
(12 rows)

===== 221 [Wed Mar  7 01:57:42 CET 2018] scale:10000 groups:100 work_mem:256MB incremental:off max_workers:2 =====
SELECT * FROM (SELECT * FROM s_1 ORDER BY a) foo ORDER BY a, b
                                                        QUERY PLAN                                                        
--------------------------------------------------------------------------------------------------------------------------
 Limit  (cost=1742.77..1742.77 rows=1 width=20) (actual time=5.342..5.342 rows=0 loops=1)
   ->  Sort  (cost=1617.77..1642.77 rows=10000 width=20) (actual time=4.795..5.122 rows=10000 loops=1)
         Sort Key: s_1.a, s_1.b
         Sort Method: quicksort  Memory: 1166kB
         ->  Sort  (cost=828.39..853.39 rows=10000 width=20) (actual time=1.748..2.100 rows=10000 loops=1)
               Sort Key: s_1.a
               Sort Method: quicksort  Memory: 1166kB
               ->  Seq Scan on s_1  (cost=0.00..164.00 rows=10000 width=20) (actual time=0.004..0.576 rows=10000 loops=1)
 Planning time: 0.220 ms
 Execution time: 5.431 ms
(10 rows)

===== 222 [Wed Mar  7 01:57:42 CET 2018] scale:10000 groups:100 work_mem:256MB incremental:off max_workers:2 =====
SELECT * FROM (SELECT * FROM s_2 ORDER BY a, b) foo ORDER BY a, b, c
                                                        QUERY PLAN                                                        
--------------------------------------------------------------------------------------------------------------------------
 Limit  (cost=1742.77..1742.77 rows=1 width=20) (actual time=5.426..5.426 rows=0 loops=1)
   ->  Sort  (cost=1617.77..1642.77 rows=10000 width=20) (actual time=4.885..5.209 rows=10000 loops=1)
         Sort Key: s_2.a, s_2.b, s_2.c
         Sort Method: quicksort  Memory: 1166kB
         ->  Sort  (cost=828.39..853.39 rows=10000 width=20) (actual time=1.910..2.266 rows=10000 loops=1)
               Sort Key: s_2.a, s_2.b
               Sort Method: quicksort  Memory: 1166kB
               ->  Seq Scan on s_2  (cost=0.00..164.00 rows=10000 width=20) (actual time=0.008..0.582 rows=10000 loops=1)
 Planning time: 0.209 ms
 Execution time: 5.512 ms
(10 rows)

===== 223 [Wed Mar  7 01:57:42 CET 2018] scale:10000 groups:100 work_mem:256MB incremental:off max_workers:2 =====
SELECT * FROM (SELECT * FROM s_3 ORDER BY a, b, c) foo ORDER BY a, b, c, d
                                                        QUERY PLAN                                                        
--------------------------------------------------------------------------------------------------------------------------
 Limit  (cost=1742.77..1742.77 rows=1 width=20) (actual time=4.873..4.873 rows=0 loops=1)
   ->  Sort  (cost=1617.77..1642.77 rows=10000 width=20) (actual time=4.339..4.656 rows=10000 loops=1)
         Sort Key: s_3.a, s_3.b, s_3.c, s_3.d
         Sort Method: quicksort  Memory: 1166kB
         ->  Sort  (cost=828.39..853.39 rows=10000 width=20) (actual time=1.930..2.286 rows=10000 loops=1)
               Sort Key: s_3.a, s_3.b, s_3.c
               Sort Method: quicksort  Memory: 1166kB
               ->  Seq Scan on s_3  (cost=0.00..164.00 rows=10000 width=20) (actual time=0.008..0.581 rows=10000 loops=1)
 Planning time: 0.209 ms
 Execution time: 4.961 ms
(10 rows)

===== 224 [Wed Mar  7 01:57:42 CET 2018] scale:10000 groups:100 work_mem:256MB incremental:off max_workers:2 =====
SELECT * FROM (SELECT * FROM s_4 ORDER BY a, b, c, d) foo ORDER BY a, b, c, d, e
                                                        QUERY PLAN                                                        
--------------------------------------------------------------------------------------------------------------------------
 Limit  (cost=1742.77..1742.77 rows=1 width=20) (actual time=4.047..4.047 rows=0 loops=1)
   ->  Sort  (cost=1617.77..1642.77 rows=10000 width=20) (actual time=3.518..3.829 rows=10000 loops=1)
         Sort Key: s_4.a, s_4.b, s_4.c, s_4.d, s_4.e
         Sort Method: quicksort  Memory: 1166kB
         ->  Sort  (cost=828.39..853.39 rows=10000 width=20) (actual time=1.938..2.291 rows=10000 loops=1)
               Sort Key: s_4.a, s_4.b, s_4.c, s_4.d
               Sort Method: quicksort  Memory: 1166kB
               ->  Seq Scan on s_4  (cost=0.00..164.00 rows=10000 width=20) (actual time=0.004..0.581 rows=10000 loops=1)
 Planning time: 0.223 ms
 Execution time: 4.137 ms
(10 rows)

===== 225 [Wed Mar  7 01:57:43 CET 2018] scale:10000 groups:1000 work_mem:4MB incremental:on max_workers:0 =====
SELECT * FROM (SELECT * FROM s_1 ORDER BY a) foo ORDER BY a, b
                                                        QUERY PLAN                                                        
--------------------------------------------------------------------------------------------------------------------------
 Limit  (cost=1414.43..1414.43 rows=1 width=20) (actual time=4.456..4.456 rows=0 loops=1)
   ->  Incremental Sort  (cost=828.68..1314.43 rows=10000 width=20) (actual time=1.816..4.195 rows=10000 loops=1)
         Sort Key: s_1.a, s_1.b
         Presorted Key: s_1.a
         Sort Method: quicksort  Memory: 28kB
         Sort Groups: 273
         ->  Sort  (cost=828.39..853.39 rows=10000 width=20) (actual time=1.770..2.163 rows=10000 loops=1)
               Sort Key: s_1.a
               Sort Method: quicksort  Memory: 1166kB
               ->  Seq Scan on s_1  (cost=0.00..164.00 rows=10000 width=20) (actual time=0.004..0.584 rows=10000 loops=1)
 Planning time: 0.223 ms
 Execution time: 4.507 ms
(12 rows)

===== 226 [Wed Mar  7 01:57:43 CET 2018] scale:10000 groups:1000 work_mem:4MB incremental:on max_workers:0 =====
SELECT * FROM (SELECT * FROM s_2 ORDER BY a, b) foo ORDER BY a, b, c
                                                        QUERY PLAN                                                        
--------------------------------------------------------------------------------------------------------------------------
 Limit  (cost=1414.43..1414.43 rows=1 width=20) (actual time=3.817..3.817 rows=0 loops=1)
   ->  Incremental Sort  (cost=828.68..1314.43 rows=10000 width=20) (actual time=1.915..3.565 rows=10000 loops=1)
         Sort Key: s_2.a, s_2.b, s_2.c
         Presorted Key: s_2.a, s_2.b
         Sort Method: quicksort  Memory: 27kB
         Sort Groups: 313
         ->  Sort  (cost=828.39..853.39 rows=10000 width=20) (actual time=1.875..2.270 rows=10000 loops=1)
               Sort Key: s_2.a, s_2.b
               Sort Method: quicksort  Memory: 1166kB
               ->  Seq Scan on s_2  (cost=0.00..164.00 rows=10000 width=20) (actual time=0.007..0.579 rows=10000 loops=1)
 Planning time: 0.226 ms
 Execution time: 3.865 ms
(12 rows)

===== 227 [Wed Mar  7 01:57:43 CET 2018] scale:10000 groups:1000 work_mem:4MB incremental:on max_workers:0 =====
SELECT * FROM (SELECT * FROM s_3 ORDER BY a, b, c) foo ORDER BY a, b, c, d
                                                        QUERY PLAN                                                        
--------------------------------------------------------------------------------------------------------------------------
 Limit  (cost=1414.43..1414.43 rows=1 width=20) (actual time=3.964..3.964 rows=0 loops=1)
   ->  Incremental Sort  (cost=828.68..1314.43 rows=10000 width=20) (actual time=1.894..3.707 rows=10000 loops=1)
         Sort Key: s_3.a, s_3.b, s_3.c, s_3.d
         Presorted Key: s_3.a, s_3.b, s_3.c
         Sort Method: quicksort  Memory: 27kB
         Sort Groups: 313
         ->  Sort  (cost=828.39..853.39 rows=10000 width=20) (actual time=1.851..2.245 rows=10000 loops=1)
               Sort Key: s_3.a, s_3.b, s_3.c
               Sort Method: quicksort  Memory: 1166kB
               ->  Seq Scan on s_3  (cost=0.00..164.00 rows=10000 width=20) (actual time=0.010..0.574 rows=10000 loops=1)
 Planning time: 0.225 ms
 Execution time: 4.014 ms
(12 rows)

===== 228 [Wed Mar  7 01:57:43 CET 2018] scale:10000 groups:1000 work_mem:4MB incremental:on max_workers:0 =====
SELECT * FROM (SELECT * FROM s_4 ORDER BY a, b, c, d) foo ORDER BY a, b, c, d, e
                                                        QUERY PLAN                                                        
--------------------------------------------------------------------------------------------------------------------------
 Limit  (cost=1414.43..1414.43 rows=1 width=20) (actual time=3.915..3.915 rows=0 loops=1)
   ->  Incremental Sort  (cost=828.68..1314.43 rows=10000 width=20) (actual time=1.876..3.691 rows=10000 loops=1)
         Sort Key: s_4.a, s_4.b, s_4.c, s_4.d, s_4.e
         Presorted Key: s_4.a, s_4.b, s_4.c, s_4.d
         Sort Method: quicksort  Memory: 27kB
         Sort Groups: 313
         ->  Sort  (cost=828.39..853.39 rows=10000 width=20) (actual time=1.829..2.230 rows=10000 loops=1)
               Sort Key: s_4.a, s_4.b, s_4.c, s_4.d
               Sort Method: quicksort  Memory: 1166kB
               ->  Seq Scan on s_4  (cost=0.00..164.00 rows=10000 width=20) (actual time=0.004..0.577 rows=10000 loops=1)
 Planning time: 0.238 ms
 Execution time: 3.974 ms
(12 rows)

===== 229 [Wed Mar  7 01:57:43 CET 2018] scale:10000 groups:1000 work_mem:4MB incremental:off max_workers:0 =====
SELECT * FROM (SELECT * FROM s_1 ORDER BY a) foo ORDER BY a, b
                                                        QUERY PLAN                                                        
--------------------------------------------------------------------------------------------------------------------------
 Limit  (cost=1742.77..1742.77 rows=1 width=20) (actual time=5.028..5.028 rows=0 loops=1)
   ->  Sort  (cost=1617.77..1642.77 rows=10000 width=20) (actual time=4.486..4.811 rows=10000 loops=1)
         Sort Key: s_1.a, s_1.b
         Sort Method: quicksort  Memory: 1166kB
         ->  Sort  (cost=828.39..853.39 rows=10000 width=20) (actual time=1.758..2.111 rows=10000 loops=1)
               Sort Key: s_1.a
               Sort Method: quicksort  Memory: 1166kB
               ->  Seq Scan on s_1  (cost=0.00..164.00 rows=10000 width=20) (actual time=0.004..0.593 rows=10000 loops=1)
 Planning time: 0.214 ms
 Execution time: 5.116 ms
(10 rows)

===== 230 [Wed Mar  7 01:57:44 CET 2018] scale:10000 groups:1000 work_mem:4MB incremental:off max_workers:0 =====
SELECT * FROM (SELECT * FROM s_2 ORDER BY a, b) foo ORDER BY a, b, c
                                                        QUERY PLAN                                                        
--------------------------------------------------------------------------------------------------------------------------
 Limit  (cost=1742.77..1742.77 rows=1 width=20) (actual time=4.528..4.528 rows=0 loops=1)
   ->  Sort  (cost=1617.77..1642.77 rows=10000 width=20) (actual time=3.993..4.312 rows=10000 loops=1)
         Sort Key: s_2.a, s_2.b, s_2.c
         Sort Method: quicksort  Memory: 1166kB
         ->  Sort  (cost=828.39..853.39 rows=10000 width=20) (actual time=1.866..2.226 rows=10000 loops=1)
               Sort Key: s_2.a, s_2.b
               Sort Method: quicksort  Memory: 1166kB
               ->  Seq Scan on s_2  (cost=0.00..164.00 rows=10000 width=20) (actual time=0.008..0.583 rows=10000 loops=1)
 Planning time: 0.220 ms
 Execution time: 4.618 ms
(10 rows)

===== 231 [Wed Mar  7 01:57:44 CET 2018] scale:10000 groups:1000 work_mem:4MB incremental:off max_workers:0 =====
SELECT * FROM (SELECT * FROM s_3 ORDER BY a, b, c) foo ORDER BY a, b, c, d
                                                        QUERY PLAN                                                        
--------------------------------------------------------------------------------------------------------------------------
 Limit  (cost=1742.77..1742.77 rows=1 width=20) (actual time=3.917..3.917 rows=0 loops=1)
   ->  Sort  (cost=1617.77..1642.77 rows=10000 width=20) (actual time=3.384..3.697 rows=10000 loops=1)
         Sort Key: s_3.a, s_3.b, s_3.c, s_3.d
         Sort Method: quicksort  Memory: 1166kB
         ->  Sort  (cost=828.39..853.39 rows=10000 width=20) (actual time=1.863..2.216 rows=10000 loops=1)
               Sort Key: s_3.a, s_3.b, s_3.c
               Sort Method: quicksort  Memory: 1166kB
               ->  Seq Scan on s_3  (cost=0.00..164.00 rows=10000 width=20) (actual time=0.010..0.580 rows=10000 loops=1)
 Planning time: 0.221 ms
 Execution time: 4.005 ms
(10 rows)

===== 232 [Wed Mar  7 01:57:44 CET 2018] scale:10000 groups:1000 work_mem:4MB incremental:off max_workers:0 =====
SELECT * FROM (SELECT * FROM s_4 ORDER BY a, b, c, d) foo ORDER BY a, b, c, d, e
                                                        QUERY PLAN                                                        
--------------------------------------------------------------------------------------------------------------------------
 Limit  (cost=1742.77..1742.77 rows=1 width=20) (actual time=3.925..3.925 rows=0 loops=1)
   ->  Sort  (cost=1617.77..1642.77 rows=10000 width=20) (actual time=3.390..3.707 rows=10000 loops=1)
         Sort Key: s_4.a, s_4.b, s_4.c, s_4.d, s_4.e
         Sort Method: quicksort  Memory: 1166kB
         ->  Sort  (cost=828.39..853.39 rows=10000 width=20) (actual time=1.876..2.228 rows=10000 loops=1)
               Sort Key: s_4.a, s_4.b, s_4.c, s_4.d
               Sort Method: quicksort  Memory: 1166kB
               ->  Seq Scan on s_4  (cost=0.00..164.00 rows=10000 width=20) (actual time=0.004..0.582 rows=10000 loops=1)
 Planning time: 0.222 ms
 Execution time: 4.011 ms
(10 rows)

===== 233 [Wed Mar  7 01:57:44 CET 2018] scale:10000 groups:1000 work_mem:8MB incremental:on max_workers:0 =====
SELECT * FROM (SELECT * FROM s_1 ORDER BY a) foo ORDER BY a, b
                                                        QUERY PLAN                                                        
--------------------------------------------------------------------------------------------------------------------------
 Limit  (cost=1414.43..1414.43 rows=1 width=20) (actual time=4.445..4.445 rows=0 loops=1)
   ->  Incremental Sort  (cost=828.68..1314.43 rows=10000 width=20) (actual time=1.806..4.183 rows=10000 loops=1)
         Sort Key: s_1.a, s_1.b
         Presorted Key: s_1.a
         Sort Method: quicksort  Memory: 28kB
         Sort Groups: 273
         ->  Sort  (cost=828.39..853.39 rows=10000 width=20) (actual time=1.760..2.148 rows=10000 loops=1)
               Sort Key: s_1.a
               Sort Method: quicksort  Memory: 1166kB
               ->  Seq Scan on s_1  (cost=0.00..164.00 rows=10000 width=20) (actual time=0.004..0.584 rows=10000 loops=1)
 Planning time: 0.218 ms
 Execution time: 4.495 ms
(12 rows)

===== 234 [Wed Mar  7 01:57:44 CET 2018] scale:10000 groups:1000 work_mem:8MB incremental:on max_workers:0 =====
SELECT * FROM (SELECT * FROM s_2 ORDER BY a, b) foo ORDER BY a, b, c
                                                        QUERY PLAN                                                        
--------------------------------------------------------------------------------------------------------------------------
 Limit  (cost=1414.43..1414.43 rows=1 width=20) (actual time=3.823..3.823 rows=0 loops=1)
   ->  Incremental Sort  (cost=828.68..1314.43 rows=10000 width=20) (actual time=1.920..3.570 rows=10000 loops=1)
         Sort Key: s_2.a, s_2.b, s_2.c
         Presorted Key: s_2.a, s_2.b
         Sort Method: quicksort  Memory: 27kB
         Sort Groups: 313
         ->  Sort  (cost=828.39..853.39 rows=10000 width=20) (actual time=1.880..2.279 rows=10000 loops=1)
               Sort Key: s_2.a, s_2.b
               Sort Method: quicksort  Memory: 1166kB
               ->  Seq Scan on s_2  (cost=0.00..164.00 rows=10000 width=20) (actual time=0.008..0.579 rows=10000 loops=1)
 Planning time: 0.231 ms
 Execution time: 3.874 ms
(12 rows)

===== 235 [Wed Mar  7 01:57:44 CET 2018] scale:10000 groups:1000 work_mem:8MB incremental:on max_workers:0 =====
SELECT * FROM (SELECT * FROM s_3 ORDER BY a, b, c) foo ORDER BY a, b, c, d
                                                        QUERY PLAN                                                        
--------------------------------------------------------------------------------------------------------------------------
 Limit  (cost=1414.43..1414.43 rows=1 width=20) (actual time=3.963..3.963 rows=0 loops=1)
   ->  Incremental Sort  (cost=828.68..1314.43 rows=10000 width=20) (actual time=1.896..3.707 rows=10000 loops=1)
         Sort Key: s_3.a, s_3.b, s_3.c, s_3.d
         Presorted Key: s_3.a, s_3.b, s_3.c
         Sort Method: quicksort  Memory: 27kB
         Sort Groups: 313
         ->  Sort  (cost=828.39..853.39 rows=10000 width=20) (actual time=1.855..2.248 rows=10000 loops=1)
               Sort Key: s_3.a, s_3.b, s_3.c
               Sort Method: quicksort  Memory: 1166kB
               ->  Seq Scan on s_3  (cost=0.00..164.00 rows=10000 width=20) (actual time=0.010..0.575 rows=10000 loops=1)
 Planning time: 0.230 ms
 Execution time: 4.014 ms
(12 rows)

===== 236 [Wed Mar  7 01:57:44 CET 2018] scale:10000 groups:1000 work_mem:8MB incremental:on max_workers:0 =====
SELECT * FROM (SELECT * FROM s_4 ORDER BY a, b, c, d) foo ORDER BY a, b, c, d, e
                                                        QUERY PLAN                                                        
--------------------------------------------------------------------------------------------------------------------------
 Limit  (cost=1414.43..1414.43 rows=1 width=20) (actual time=3.899..3.899 rows=0 loops=1)
   ->  Incremental Sort  (cost=828.68..1314.43 rows=10000 width=20) (actual time=1.860..3.675 rows=10000 loops=1)
         Sort Key: s_4.a, s_4.b, s_4.c, s_4.d, s_4.e
         Presorted Key: s_4.a, s_4.b, s_4.c, s_4.d
         Sort Method: quicksort  Memory: 27kB
         Sort Groups: 313
         ->  Sort  (cost=828.39..853.39 rows=10000 width=20) (actual time=1.817..2.215 rows=10000 loops=1)
               Sort Key: s_4.a, s_4.b, s_4.c, s_4.d
               Sort Method: quicksort  Memory: 1166kB
               ->  Seq Scan on s_4  (cost=0.00..164.00 rows=10000 width=20) (actual time=0.004..0.581 rows=10000 loops=1)
 Planning time: 0.237 ms
 Execution time: 3.958 ms
(12 rows)

===== 237 [Wed Mar  7 01:57:44 CET 2018] scale:10000 groups:1000 work_mem:8MB incremental:off max_workers:0 =====
SELECT * FROM (SELECT * FROM s_1 ORDER BY a) foo ORDER BY a, b
                                                        QUERY PLAN                                                        
--------------------------------------------------------------------------------------------------------------------------
 Limit  (cost=1742.77..1742.77 rows=1 width=20) (actual time=5.042..5.042 rows=0 loops=1)
   ->  Sort  (cost=1617.77..1642.77 rows=10000 width=20) (actual time=4.499..4.825 rows=10000 loops=1)
         Sort Key: s_1.a, s_1.b
         Sort Method: quicksort  Memory: 1166kB
         ->  Sort  (cost=828.39..853.39 rows=10000 width=20) (actual time=1.765..2.126 rows=10000 loops=1)
               Sort Key: s_1.a
               Sort Method: quicksort  Memory: 1166kB
               ->  Seq Scan on s_1  (cost=0.00..164.00 rows=10000 width=20) (actual time=0.004..0.590 rows=10000 loops=1)
 Planning time: 0.217 ms
 Execution time: 5.131 ms
(10 rows)

===== 238 [Wed Mar  7 01:57:44 CET 2018] scale:10000 groups:1000 work_mem:8MB incremental:off max_workers:0 =====
SELECT * FROM (SELECT * FROM s_2 ORDER BY a, b) foo ORDER BY a, b, c
                                                        QUERY PLAN                                                        
--------------------------------------------------------------------------------------------------------------------------
 Limit  (cost=1742.77..1742.77 rows=1 width=20) (actual time=4.528..4.528 rows=0 loops=1)
   ->  Sort  (cost=1617.77..1642.77 rows=10000 width=20) (actual time=3.993..4.310 rows=10000 loops=1)
         Sort Key: s_2.a, s_2.b, s_2.c
         Sort Method: quicksort  Memory: 1166kB
         ->  Sort  (cost=828.39..853.39 rows=10000 width=20) (actual time=1.869..2.221 rows=10000 loops=1)
               Sort Key: s_2.a, s_2.b
               Sort Method: quicksort  Memory: 1166kB
               ->  Seq Scan on s_2  (cost=0.00..164.00 rows=10000 width=20) (actual time=0.007..0.582 rows=10000 loops=1)
 Planning time: 0.221 ms
 Execution time: 4.615 ms
(10 rows)

===== 239 [Wed Mar  7 01:57:44 CET 2018] scale:10000 groups:1000 work_mem:8MB incremental:off max_workers:0 =====
SELECT * FROM (SELECT * FROM s_3 ORDER BY a, b, c) foo ORDER BY a, b, c, d
                                                        QUERY PLAN                                                        
--------------------------------------------------------------------------------------------------------------------------
 Limit  (cost=1742.77..1742.77 rows=1 width=20) (actual time=3.915..3.915 rows=0 loops=1)
   ->  Sort  (cost=1617.77..1642.77 rows=10000 width=20) (actual time=3.384..3.698 rows=10000 loops=1)
         Sort Key: s_3.a, s_3.b, s_3.c, s_3.d
         Sort Method: quicksort  Memory: 1166kB
         ->  Sort  (cost=828.39..853.39 rows=10000 width=20) (actual time=1.866..2.219 rows=10000 loops=1)
               Sort Key: s_3.a, s_3.b, s_3.c
               Sort Method: quicksort  Memory: 1166kB
               ->  Seq Scan on s_3  (cost=0.00..164.00 rows=10000 width=20) (actual time=0.010..0.582 rows=10000 loops=1)
 Planning time: 0.226 ms
 Execution time: 4.003 ms
(10 rows)

===== 240 [Wed Mar  7 01:57:44 CET 2018] scale:10000 groups:1000 work_mem:8MB incremental:off max_workers:0 =====
SELECT * FROM (SELECT * FROM s_4 ORDER BY a, b, c, d) foo ORDER BY a, b, c, d, e
                                                        QUERY PLAN                                                        
--------------------------------------------------------------------------------------------------------------------------
 Limit  (cost=1742.77..1742.77 rows=1 width=20) (actual time=3.935..3.935 rows=0 loops=1)
   ->  Sort  (cost=1617.77..1642.77 rows=10000 width=20) (actual time=3.400..3.717 rows=10000 loops=1)
         Sort Key: s_4.a, s_4.b, s_4.c, s_4.d, s_4.e
         Sort Method: quicksort  Memory: 1166kB
         ->  Sort  (cost=828.39..853.39 rows=10000 width=20) (actual time=1.881..2.234 rows=10000 loops=1)
               Sort Key: s_4.a, s_4.b, s_4.c, s_4.d
               Sort Method: quicksort  Memory: 1166kB
               ->  Seq Scan on s_4  (cost=0.00..164.00 rows=10000 width=20) (actual time=0.004..0.588 rows=10000 loops=1)
 Planning time: 0.223 ms
 Execution time: 4.022 ms
(10 rows)

===== 241 [Wed Mar  7 01:57:45 CET 2018] scale:10000 groups:1000 work_mem:16MB incremental:on max_workers:0 =====
SELECT * FROM (SELECT * FROM s_1 ORDER BY a) foo ORDER BY a, b
                                                        QUERY PLAN                                                        
--------------------------------------------------------------------------------------------------------------------------
 Limit  (cost=1414.43..1414.43 rows=1 width=20) (actual time=4.460..4.460 rows=0 loops=1)
   ->  Incremental Sort  (cost=828.68..1314.43 rows=10000 width=20) (actual time=1.815..4.203 rows=10000 loops=1)
         Sort Key: s_1.a, s_1.b
         Presorted Key: s_1.a
         Sort Method: quicksort  Memory: 28kB
         Sort Groups: 273
         ->  Sort  (cost=828.39..853.39 rows=10000 width=20) (actual time=1.769..2.161 rows=10000 loops=1)
               Sort Key: s_1.a
               Sort Method: quicksort  Memory: 1166kB
               ->  Seq Scan on s_1  (cost=0.00..164.00 rows=10000 width=20) (actual time=0.004..0.593 rows=10000 loops=1)
 Planning time: 0.223 ms
 Execution time: 4.513 ms
(12 rows)

===== 242 [Wed Mar  7 01:57:45 CET 2018] scale:10000 groups:1000 work_mem:16MB incremental:on max_workers:0 =====
SELECT * FROM (SELECT * FROM s_2 ORDER BY a, b) foo ORDER BY a, b, c
                                                        QUERY PLAN                                                        
--------------------------------------------------------------------------------------------------------------------------
 Limit  (cost=1414.43..1414.43 rows=1 width=20) (actual time=3.825..3.825 rows=0 loops=1)
   ->  Incremental Sort  (cost=828.68..1314.43 rows=10000 width=20) (actual time=1.921..3.574 rows=10000 loops=1)
         Sort Key: s_2.a, s_2.b, s_2.c
         Presorted Key: s_2.a, s_2.b
         Sort Method: quicksort  Memory: 27kB
         Sort Groups: 313
         ->  Sort  (cost=828.39..853.39 rows=10000 width=20) (actual time=1.880..2.276 rows=10000 loops=1)
               Sort Key: s_2.a, s_2.b
               Sort Method: quicksort  Memory: 1166kB
               ->  Seq Scan on s_2  (cost=0.00..164.00 rows=10000 width=20) (actual time=0.008..0.578 rows=10000 loops=1)
 Planning time: 0.223 ms
 Execution time: 3.875 ms
(12 rows)

===== 243 [Wed Mar  7 01:57:45 CET 2018] scale:10000 groups:1000 work_mem:16MB incremental:on max_workers:0 =====
SELECT * FROM (SELECT * FROM s_3 ORDER BY a, b, c) foo ORDER BY a, b, c, d
                                                        QUERY PLAN                                                        
--------------------------------------------------------------------------------------------------------------------------
 Limit  (cost=1414.43..1414.43 rows=1 width=20) (actual time=3.961..3.961 rows=0 loops=1)
   ->  Incremental Sort  (cost=828.68..1314.43 rows=10000 width=20) (actual time=1.892..3.705 rows=10000 loops=1)
         Sort Key: s_3.a, s_3.b, s_3.c, s_3.d
         Presorted Key: s_3.a, s_3.b, s_3.c
         Sort Method: quicksort  Memory: 27kB
         Sort Groups: 313
         ->  Sort  (cost=828.39..853.39 rows=10000 width=20) (actual time=1.851..2.245 rows=10000 loops=1)
               Sort Key: s_3.a, s_3.b, s_3.c
               Sort Method: quicksort  Memory: 1166kB
               ->  Seq Scan on s_3  (cost=0.00..164.00 rows=10000 width=20) (actual time=0.010..0.583 rows=10000 loops=1)
 Planning time: 0.229 ms
 Execution time: 4.011 ms
(12 rows)

===== 244 [Wed Mar  7 01:57:45 CET 2018] scale:10000 groups:1000 work_mem:16MB incremental:on max_workers:0 =====
SELECT * FROM (SELECT * FROM s_4 ORDER BY a, b, c, d) foo ORDER BY a, b, c, d, e
                                                        QUERY PLAN                                                        
--------------------------------------------------------------------------------------------------------------------------
 Limit  (cost=1414.43..1414.43 rows=1 width=20) (actual time=3.911..3.911 rows=0 loops=1)
   ->  Incremental Sort  (cost=828.68..1314.43 rows=10000 width=20) (actual time=1.864..3.687 rows=10000 loops=1)
         Sort Key: s_4.a, s_4.b, s_4.c, s_4.d, s_4.e
         Presorted Key: s_4.a, s_4.b, s_4.c, s_4.d
         Sort Method: quicksort  Memory: 27kB
         Sort Groups: 313
         ->  Sort  (cost=828.39..853.39 rows=10000 width=20) (actual time=1.821..2.221 rows=10000 loops=1)
               Sort Key: s_4.a, s_4.b, s_4.c, s_4.d
               Sort Method: quicksort  Memory: 1166kB
               ->  Seq Scan on s_4  (cost=0.00..164.00 rows=10000 width=20) (actual time=0.004..0.577 rows=10000 loops=1)
 Planning time: 0.238 ms
 Execution time: 3.969 ms
(12 rows)

===== 245 [Wed Mar  7 01:57:45 CET 2018] scale:10000 groups:1000 work_mem:16MB incremental:off max_workers:0 =====
SELECT * FROM (SELECT * FROM s_1 ORDER BY a) foo ORDER BY a, b
                                                        QUERY PLAN                                                        
--------------------------------------------------------------------------------------------------------------------------
 Limit  (cost=1742.77..1742.77 rows=1 width=20) (actual time=5.040..5.040 rows=0 loops=1)
   ->  Sort  (cost=1617.77..1642.77 rows=10000 width=20) (actual time=4.497..4.823 rows=10000 loops=1)
         Sort Key: s_1.a, s_1.b
         Sort Method: quicksort  Memory: 1166kB
         ->  Sort  (cost=828.39..853.39 rows=10000 width=20) (actual time=1.762..2.115 rows=10000 loops=1)
               Sort Key: s_1.a
               Sort Method: quicksort  Memory: 1166kB
               ->  Seq Scan on s_1  (cost=0.00..164.00 rows=10000 width=20) (actual time=0.004..0.594 rows=10000 loops=1)
 Planning time: 0.219 ms
 Execution time: 5.132 ms
(10 rows)

===== 246 [Wed Mar  7 01:57:45 CET 2018] scale:10000 groups:1000 work_mem:16MB incremental:off max_workers:0 =====
SELECT * FROM (SELECT * FROM s_2 ORDER BY a, b) foo ORDER BY a, b, c
                                                        QUERY PLAN                                                        
--------------------------------------------------------------------------------------------------------------------------
 Limit  (cost=1742.77..1742.77 rows=1 width=20) (actual time=4.539..4.539 rows=0 loops=1)
   ->  Sort  (cost=1617.77..1642.77 rows=10000 width=20) (actual time=4.005..4.322 rows=10000 loops=1)
         Sort Key: s_2.a, s_2.b, s_2.c
         Sort Method: quicksort  Memory: 1166kB
         ->  Sort  (cost=828.39..853.39 rows=10000 width=20) (actual time=1.876..2.235 rows=10000 loops=1)
               Sort Key: s_2.a, s_2.b
               Sort Method: quicksort  Memory: 1166kB
               ->  Seq Scan on s_2  (cost=0.00..164.00 rows=10000 width=20) (actual time=0.008..0.590 rows=10000 loops=1)
 Planning time: 0.219 ms
 Execution time: 4.626 ms
(10 rows)

===== 247 [Wed Mar  7 01:57:45 CET 2018] scale:10000 groups:1000 work_mem:16MB incremental:off max_workers:0 =====
SELECT * FROM (SELECT * FROM s_3 ORDER BY a, b, c) foo ORDER BY a, b, c, d
                                                        QUERY PLAN                                                        
--------------------------------------------------------------------------------------------------------------------------
 Limit  (cost=1742.77..1742.77 rows=1 width=20) (actual time=3.903..3.903 rows=0 loops=1)
   ->  Sort  (cost=1617.77..1642.77 rows=10000 width=20) (actual time=3.374..3.685 rows=10000 loops=1)
         Sort Key: s_3.a, s_3.b, s_3.c, s_3.d
         Sort Method: quicksort  Memory: 1166kB
         ->  Sort  (cost=828.39..853.39 rows=10000 width=20) (actual time=1.862..2.215 rows=10000 loops=1)
               Sort Key: s_3.a, s_3.b, s_3.c
               Sort Method: quicksort  Memory: 1166kB
               ->  Seq Scan on s_3  (cost=0.00..164.00 rows=10000 width=20) (actual time=0.010..0.578 rows=10000 loops=1)
 Planning time: 0.221 ms
 Execution time: 3.989 ms
(10 rows)

===== 248 [Wed Mar  7 01:57:45 CET 2018] scale:10000 groups:1000 work_mem:16MB incremental:off max_workers:0 =====
SELECT * FROM (SELECT * FROM s_4 ORDER BY a, b, c, d) foo ORDER BY a, b, c, d, e
                                                        QUERY PLAN                                                        
--------------------------------------------------------------------------------------------------------------------------
 Limit  (cost=1742.77..1742.77 rows=1 width=20) (actual time=3.938..3.938 rows=0 loops=1)
   ->  Sort  (cost=1617.77..1642.77 rows=10000 width=20) (actual time=3.409..3.721 rows=10000 loops=1)
         Sort Key: s_4.a, s_4.b, s_4.c, s_4.d, s_4.e
         Sort Method: quicksort  Memory: 1166kB
         ->  Sort  (cost=828.39..853.39 rows=10000 width=20) (actual time=1.888..2.241 rows=10000 loops=1)
               Sort Key: s_4.a, s_4.b, s_4.c, s_4.d
               Sort Method: quicksort  Memory: 1166kB
               ->  Seq Scan on s_4  (cost=0.00..164.00 rows=10000 width=20) (actual time=0.004..0.588 rows=10000 loops=1)
 Planning time: 0.224 ms
 Execution time: 4.027 ms
(10 rows)

===== 249 [Wed Mar  7 01:57:45 CET 2018] scale:10000 groups:1000 work_mem:32MB incremental:on max_workers:0 =====
SELECT * FROM (SELECT * FROM s_1 ORDER BY a) foo ORDER BY a, b
                                                        QUERY PLAN                                                        
--------------------------------------------------------------------------------------------------------------------------
 Limit  (cost=1414.43..1414.43 rows=1 width=20) (actual time=4.450..4.450 rows=0 loops=1)
   ->  Incremental Sort  (cost=828.68..1314.43 rows=10000 width=20) (actual time=1.804..4.193 rows=10000 loops=1)
         Sort Key: s_1.a, s_1.b
         Presorted Key: s_1.a
         Sort Method: quicksort  Memory: 28kB
         Sort Groups: 273
         ->  Sort  (cost=828.39..853.39 rows=10000 width=20) (actual time=1.758..2.148 rows=10000 loops=1)
               Sort Key: s_1.a
               Sort Method: quicksort  Memory: 1166kB
               ->  Seq Scan on s_1  (cost=0.00..164.00 rows=10000 width=20) (actual time=0.004..0.580 rows=10000 loops=1)
 Planning time: 0.222 ms
 Execution time: 4.499 ms
(12 rows)

===== 250 [Wed Mar  7 01:57:45 CET 2018] scale:10000 groups:1000 work_mem:32MB incremental:on max_workers:0 =====
SELECT * FROM (SELECT * FROM s_2 ORDER BY a, b) foo ORDER BY a, b, c
                                                        QUERY PLAN                                                        
--------------------------------------------------------------------------------------------------------------------------
 Limit  (cost=1414.43..1414.43 rows=1 width=20) (actual time=3.811..3.811 rows=0 loops=1)
   ->  Incremental Sort  (cost=828.68..1314.43 rows=10000 width=20) (actual time=1.904..3.559 rows=10000 loops=1)
         Sort Key: s_2.a, s_2.b, s_2.c
         Presorted Key: s_2.a, s_2.b
         Sort Method: quicksort  Memory: 27kB
         Sort Groups: 313
         ->  Sort  (cost=828.39..853.39 rows=10000 width=20) (actual time=1.865..2.261 rows=10000 loops=1)
               Sort Key: s_2.a, s_2.b
               Sort Method: quicksort  Memory: 1166kB
               ->  Seq Scan on s_2  (cost=0.00..164.00 rows=10000 width=20) (actual time=0.007..0.577 rows=10000 loops=1)
 Planning time: 0.230 ms
 Execution time: 3.861 ms
(12 rows)

===== 251 [Wed Mar  7 01:57:45 CET 2018] scale:10000 groups:1000 work_mem:32MB incremental:on max_workers:0 =====
SELECT * FROM (SELECT * FROM s_3 ORDER BY a, b, c) foo ORDER BY a, b, c, d
                                                        QUERY PLAN                                                        
--------------------------------------------------------------------------------------------------------------------------
 Limit  (cost=1414.43..1414.43 rows=1 width=20) (actual time=3.958..3.958 rows=0 loops=1)
   ->  Incremental Sort  (cost=828.68..1314.43 rows=10000 width=20) (actual time=1.894..3.702 rows=10000 loops=1)
         Sort Key: s_3.a, s_3.b, s_3.c, s_3.d
         Presorted Key: s_3.a, s_3.b, s_3.c
         Sort Method: quicksort  Memory: 27kB
         Sort Groups: 313
         ->  Sort  (cost=828.39..853.39 rows=10000 width=20) (actual time=1.852..2.245 rows=10000 loops=1)
               Sort Key: s_3.a, s_3.b, s_3.c
               Sort Method: quicksort  Memory: 1166kB
               ->  Seq Scan on s_3  (cost=0.00..164.00 rows=10000 width=20) (actual time=0.010..0.573 rows=10000 loops=1)
 Planning time: 0.234 ms
 Execution time: 4.008 ms
(12 rows)

===== 252 [Wed Mar  7 01:57:45 CET 2018] scale:10000 groups:1000 work_mem:32MB incremental:on max_workers:0 =====
SELECT * FROM (SELECT * FROM s_4 ORDER BY a, b, c, d) foo ORDER BY a, b, c, d, e
                                                        QUERY PLAN                                                        
--------------------------------------------------------------------------------------------------------------------------
 Limit  (cost=1414.43..1414.43 rows=1 width=20) (actual time=3.913..3.913 rows=0 loops=1)
   ->  Incremental Sort  (cost=828.68..1314.43 rows=10000 width=20) (actual time=1.873..3.689 rows=10000 loops=1)
         Sort Key: s_4.a, s_4.b, s_4.c, s_4.d, s_4.e
         Presorted Key: s_4.a, s_4.b, s_4.c, s_4.d
         Sort Method: quicksort  Memory: 27kB
         Sort Groups: 313
         ->  Sort  (cost=828.39..853.39 rows=10000 width=20) (actual time=1.832..2.239 rows=10000 loops=1)
               Sort Key: s_4.a, s_4.b, s_4.c, s_4.d
               Sort Method: quicksort  Memory: 1166kB
               ->  Seq Scan on s_4  (cost=0.00..164.00 rows=10000 width=20) (actual time=0.004..0.579 rows=10000 loops=1)
 Planning time: 0.232 ms
 Execution time: 3.971 ms
(12 rows)

===== 253 [Wed Mar  7 01:57:46 CET 2018] scale:10000 groups:1000 work_mem:32MB incremental:off max_workers:0 =====
SELECT * FROM (SELECT * FROM s_1 ORDER BY a) foo ORDER BY a, b
                                                        QUERY PLAN                                                        
--------------------------------------------------------------------------------------------------------------------------
 Limit  (cost=1742.77..1742.77 rows=1 width=20) (actual time=5.037..5.037 rows=0 loops=1)
   ->  Sort  (cost=1617.77..1642.77 rows=10000 width=20) (actual time=4.492..4.817 rows=10000 loops=1)
         Sort Key: s_1.a, s_1.b
         Sort Method: quicksort  Memory: 1166kB
         ->  Sort  (cost=828.39..853.39 rows=10000 width=20) (actual time=1.762..2.114 rows=10000 loops=1)
               Sort Key: s_1.a
               Sort Method: quicksort  Memory: 1166kB
               ->  Seq Scan on s_1  (cost=0.00..164.00 rows=10000 width=20) (actual time=0.004..0.583 rows=10000 loops=1)
 Planning time: 0.216 ms
 Execution time: 5.124 ms
(10 rows)

===== 254 [Wed Mar  7 01:57:46 CET 2018] scale:10000 groups:1000 work_mem:32MB incremental:off max_workers:0 =====
SELECT * FROM (SELECT * FROM s_2 ORDER BY a, b) foo ORDER BY a, b, c
                                                        QUERY PLAN                                                        
--------------------------------------------------------------------------------------------------------------------------
 Limit  (cost=1742.77..1742.77 rows=1 width=20) (actual time=4.533..4.533 rows=0 loops=1)
   ->  Sort  (cost=1617.77..1642.77 rows=10000 width=20) (actual time=3.998..4.315 rows=10000 loops=1)
         Sort Key: s_2.a, s_2.b, s_2.c
         Sort Method: quicksort  Memory: 1166kB
         ->  Sort  (cost=828.39..853.39 rows=10000 width=20) (actual time=1.868..2.221 rows=10000 loops=1)
               Sort Key: s_2.a, s_2.b
               Sort Method: quicksort  Memory: 1166kB
               ->  Seq Scan on s_2  (cost=0.00..164.00 rows=10000 width=20) (actual time=0.012..0.586 rows=10000 loops=1)
 Planning time: 0.219 ms
 Execution time: 4.619 ms
(10 rows)

===== 255 [Wed Mar  7 01:57:46 CET 2018] scale:10000 groups:1000 work_mem:32MB incremental:off max_workers:0 =====
SELECT * FROM (SELECT * FROM s_3 ORDER BY a, b, c) foo ORDER BY a, b, c, d
                                                        QUERY PLAN                                                        
--------------------------------------------------------------------------------------------------------------------------
 Limit  (cost=1742.77..1742.77 rows=1 width=20) (actual time=3.911..3.911 rows=0 loops=1)
   ->  Sort  (cost=1617.77..1642.77 rows=10000 width=20) (actual time=3.380..3.694 rows=10000 loops=1)
         Sort Key: s_3.a, s_3.b, s_3.c, s_3.d
         Sort Method: quicksort  Memory: 1166kB
         ->  Sort  (cost=828.39..853.39 rows=10000 width=20) (actual time=1.863..2.220 rows=10000 loops=1)
               Sort Key: s_3.a, s_3.b, s_3.c
               Sort Method: quicksort  Memory: 1166kB
               ->  Seq Scan on s_3  (cost=0.00..164.00 rows=10000 width=20) (actual time=0.010..0.585 rows=10000 loops=1)
 Planning time: 0.221 ms
 Execution time: 3.999 ms
(10 rows)

===== 256 [Wed Mar  7 01:57:46 CET 2018] scale:10000 groups:1000 work_mem:32MB incremental:off max_workers:0 =====
SELECT * FROM (SELECT * FROM s_4 ORDER BY a, b, c, d) foo ORDER BY a, b, c, d, e
                                                        QUERY PLAN                                                        
--------------------------------------------------------------------------------------------------------------------------
 Limit  (cost=1742.77..1742.77 rows=1 width=20) (actual time=3.925..3.925 rows=0 loops=1)
   ->  Sort  (cost=1617.77..1642.77 rows=10000 width=20) (actual time=3.393..3.708 rows=10000 loops=1)
         Sort Key: s_4.a, s_4.b, s_4.c, s_4.d, s_4.e
         Sort Method: quicksort  Memory: 1166kB
         ->  Sort  (cost=828.39..853.39 rows=10000 width=20) (actual time=1.876..2.229 rows=10000 loops=1)
               Sort Key: s_4.a, s_4.b, s_4.c, s_4.d
               Sort Method: quicksort  Memory: 1166kB
               ->  Seq Scan on s_4  (cost=0.00..164.00 rows=10000 width=20) (actual time=0.004..0.586 rows=10000 loops=1)
 Planning time: 0.223 ms
 Execution time: 4.015 ms
(10 rows)

===== 257 [Wed Mar  7 01:57:46 CET 2018] scale:10000 groups:1000 work_mem:64MB incremental:on max_workers:0 =====
SELECT * FROM (SELECT * FROM s_1 ORDER BY a) foo ORDER BY a, b
                                                        QUERY PLAN                                                        
--------------------------------------------------------------------------------------------------------------------------
 Limit  (cost=1414.43..1414.43 rows=1 width=20) (actual time=4.461..4.461 rows=0 loops=1)
   ->  Incremental Sort  (cost=828.68..1314.43 rows=10000 width=20) (actual time=1.813..4.199 rows=10000 loops=1)
         Sort Key: s_1.a, s_1.b
         Presorted Key: s_1.a
         Sort Method: quicksort  Memory: 28kB
         Sort Groups: 273
         ->  Sort  (cost=828.39..853.39 rows=10000 width=20) (actual time=1.757..2.153 rows=10000 loops=1)
               Sort Key: s_1.a
               Sort Method: quicksort  Memory: 1166kB
               ->  Seq Scan on s_1  (cost=0.00..164.00 rows=10000 width=20) (actual time=0.004..0.582 rows=10000 loops=1)
 Planning time: 0.221 ms
 Execution time: 4.511 ms
(12 rows)

===== 258 [Wed Mar  7 01:57:46 CET 2018] scale:10000 groups:1000 work_mem:64MB incremental:on max_workers:0 =====
SELECT * FROM (SELECT * FROM s_2 ORDER BY a, b) foo ORDER BY a, b, c
                                                        QUERY PLAN                                                        
--------------------------------------------------------------------------------------------------------------------------
 Limit  (cost=1414.43..1414.43 rows=1 width=20) (actual time=3.828..3.828 rows=0 loops=1)
   ->  Incremental Sort  (cost=828.68..1314.43 rows=10000 width=20) (actual time=1.922..3.576 rows=10000 loops=1)
         Sort Key: s_2.a, s_2.b, s_2.c
         Presorted Key: s_2.a, s_2.b
         Sort Method: quicksort  Memory: 27kB
         Sort Groups: 313
         ->  Sort  (cost=828.39..853.39 rows=10000 width=20) (actual time=1.882..2.282 rows=10000 loops=1)
               Sort Key: s_2.a, s_2.b
               Sort Method: quicksort  Memory: 1166kB
               ->  Seq Scan on s_2  (cost=0.00..164.00 rows=10000 width=20) (actual time=0.012..0.585 rows=10000 loops=1)
 Planning time: 0.224 ms
 Execution time: 3.880 ms
(12 rows)

===== 259 [Wed Mar  7 01:57:46 CET 2018] scale:10000 groups:1000 work_mem:64MB incremental:on max_workers:0 =====
SELECT * FROM (SELECT * FROM s_3 ORDER BY a, b, c) foo ORDER BY a, b, c, d
                                                        QUERY PLAN                                                        
--------------------------------------------------------------------------------------------------------------------------
 Limit  (cost=1414.43..1414.43 rows=1 width=20) (actual time=3.962..3.962 rows=0 loops=1)
   ->  Incremental Sort  (cost=828.68..1314.43 rows=10000 width=20) (actual time=1.899..3.705 rows=10000 loops=1)
         Sort Key: s_3.a, s_3.b, s_3.c, s_3.d
         Presorted Key: s_3.a, s_3.b, s_3.c
         Sort Method: quicksort  Memory: 27kB
         Sort Groups: 313
         ->  Sort  (cost=828.39..853.39 rows=10000 width=20) (actual time=1.850..2.246 rows=10000 loops=1)
               Sort Key: s_3.a, s_3.b, s_3.c
               Sort Method: quicksort  Memory: 1166kB
               ->  Seq Scan on s_3  (cost=0.00..164.00 rows=10000 width=20) (actual time=0.010..0.578 rows=10000 loops=1)
 Planning time: 0.232 ms
 Execution time: 4.016 ms
(12 rows)

===== 260 [Wed Mar  7 01:57:46 CET 2018] scale:10000 groups:1000 work_mem:64MB incremental:on max_workers:0 =====
SELECT * FROM (SELECT * FROM s_4 ORDER BY a, b, c, d) foo ORDER BY a, b, c, d, e
                                                        QUERY PLAN                                                        
--------------------------------------------------------------------------------------------------------------------------
 Limit  (cost=1414.43..1414.43 rows=1 width=20) (actual time=3.919..3.919 rows=0 loops=1)
   ->  Incremental Sort  (cost=828.68..1314.43 rows=10000 width=20) (actual time=1.879..3.695 rows=10000 loops=1)
         Sort Key: s_4.a, s_4.b, s_4.c, s_4.d, s_4.e
         Presorted Key: s_4.a, s_4.b, s_4.c, s_4.d
         Sort Method: quicksort  Memory: 27kB
         Sort Groups: 313
         ->  Sort  (cost=828.39..853.39 rows=10000 width=20) (actual time=1.837..2.239 rows=10000 loops=1)
               Sort Key: s_4.a, s_4.b, s_4.c, s_4.d
               Sort Method: quicksort  Memory: 1166kB
               ->  Seq Scan on s_4  (cost=0.00..164.00 rows=10000 width=20) (actual time=0.004..0.578 rows=10000 loops=1)
 Planning time: 0.239 ms
 Execution time: 3.978 ms
(12 rows)

===== 261 [Wed Mar  7 01:57:46 CET 2018] scale:10000 groups:1000 work_mem:64MB incremental:off max_workers:0 =====
SELECT * FROM (SELECT * FROM s_1 ORDER BY a) foo ORDER BY a, b
                                                        QUERY PLAN                                                        
--------------------------------------------------------------------------------------------------------------------------
 Limit  (cost=1742.77..1742.77 rows=1 width=20) (actual time=5.027..5.027 rows=0 loops=1)
   ->  Sort  (cost=1617.77..1642.77 rows=10000 width=20) (actual time=4.482..4.810 rows=10000 loops=1)
         Sort Key: s_1.a, s_1.b
         Sort Method: quicksort  Memory: 1166kB
         ->  Sort  (cost=828.39..853.39 rows=10000 width=20) (actual time=1.758..2.114 rows=10000 loops=1)
               Sort Key: s_1.a
               Sort Method: quicksort  Memory: 1166kB
               ->  Seq Scan on s_1  (cost=0.00..164.00 rows=10000 width=20) (actual time=0.004..0.592 rows=10000 loops=1)
 Planning time: 0.216 ms
 Execution time: 5.115 ms
(10 rows)

===== 262 [Wed Mar  7 01:57:46 CET 2018] scale:10000 groups:1000 work_mem:64MB incremental:off max_workers:0 =====
SELECT * FROM (SELECT * FROM s_2 ORDER BY a, b) foo ORDER BY a, b, c
                                                        QUERY PLAN                                                        
--------------------------------------------------------------------------------------------------------------------------
 Limit  (cost=1742.77..1742.77 rows=1 width=20) (actual time=4.526..4.526 rows=0 loops=1)
   ->  Sort  (cost=1617.77..1642.77 rows=10000 width=20) (actual time=3.991..4.307 rows=10000 loops=1)
         Sort Key: s_2.a, s_2.b, s_2.c
         Sort Method: quicksort  Memory: 1166kB
         ->  Sort  (cost=828.39..853.39 rows=10000 width=20) (actual time=1.868..2.224 rows=10000 loops=1)
               Sort Key: s_2.a, s_2.b
               Sort Method: quicksort  Memory: 1166kB
               ->  Seq Scan on s_2  (cost=0.00..164.00 rows=10000 width=20) (actual time=0.008..0.586 rows=10000 loops=1)
 Planning time: 0.219 ms
 Execution time: 4.611 ms
(10 rows)

===== 263 [Wed Mar  7 01:57:46 CET 2018] scale:10000 groups:1000 work_mem:64MB incremental:off max_workers:0 =====
SELECT * FROM (SELECT * FROM s_3 ORDER BY a, b, c) foo ORDER BY a, b, c, d
                                                        QUERY PLAN                                                        
--------------------------------------------------------------------------------------------------------------------------
 Limit  (cost=1742.77..1742.77 rows=1 width=20) (actual time=3.915..3.915 rows=0 loops=1)
   ->  Sort  (cost=1617.77..1642.77 rows=10000 width=20) (actual time=3.379..3.699 rows=10000 loops=1)
         Sort Key: s_3.a, s_3.b, s_3.c, s_3.d
         Sort Method: quicksort  Memory: 1166kB
         ->  Sort  (cost=828.39..853.39 rows=10000 width=20) (actual time=1.865..2.219 rows=10000 loops=1)
               Sort Key: s_3.a, s_3.b, s_3.c
               Sort Method: quicksort  Memory: 1166kB
               ->  Seq Scan on s_3  (cost=0.00..164.00 rows=10000 width=20) (actual time=0.010..0.583 rows=10000 loops=1)
 Planning time: 0.224 ms
 Execution time: 4.002 ms
(10 rows)

===== 264 [Wed Mar  7 01:57:47 CET 2018] scale:10000 groups:1000 work_mem:64MB incremental:off max_workers:0 =====
SELECT * FROM (SELECT * FROM s_4 ORDER BY a, b, c, d) foo ORDER BY a, b, c, d, e
                                                        QUERY PLAN                                                        
--------------------------------------------------------------------------------------------------------------------------
 Limit  (cost=1742.77..1742.77 rows=1 width=20) (actual time=3.923..3.923 rows=0 loops=1)
   ->  Sort  (cost=1617.77..1642.77 rows=10000 width=20) (actual time=3.394..3.705 rows=10000 loops=1)
         Sort Key: s_4.a, s_4.b, s_4.c, s_4.d, s_4.e
         Sort Method: quicksort  Memory: 1166kB
         ->  Sort  (cost=828.39..853.39 rows=10000 width=20) (actual time=1.870..2.224 rows=10000 loops=1)
               Sort Key: s_4.a, s_4.b, s_4.c, s_4.d
               Sort Method: quicksort  Memory: 1166kB
               ->  Seq Scan on s_4  (cost=0.00..164.00 rows=10000 width=20) (actual time=0.004..0.583 rows=10000 loops=1)
 Planning time: 0.229 ms
 Execution time: 4.012 ms
(10 rows)

===== 265 [Wed Mar  7 01:57:47 CET 2018] scale:10000 groups:1000 work_mem:128MB incremental:on max_workers:0 =====
SELECT * FROM (SELECT * FROM s_1 ORDER BY a) foo ORDER BY a, b
                                                        QUERY PLAN                                                        
--------------------------------------------------------------------------------------------------------------------------
 Limit  (cost=1414.43..1414.43 rows=1 width=20) (actual time=4.458..4.458 rows=0 loops=1)
   ->  Incremental Sort  (cost=828.68..1314.43 rows=10000 width=20) (actual time=1.814..4.201 rows=10000 loops=1)
         Sort Key: s_1.a, s_1.b
         Presorted Key: s_1.a
         Sort Method: quicksort  Memory: 28kB
         Sort Groups: 273
         ->  Sort  (cost=828.39..853.39 rows=10000 width=20) (actual time=1.766..2.155 rows=10000 loops=1)
               Sort Key: s_1.a
               Sort Method: quicksort  Memory: 1166kB
               ->  Seq Scan on s_1  (cost=0.00..164.00 rows=10000 width=20) (actual time=0.004..0.583 rows=10000 loops=1)
 Planning time: 0.218 ms
 Execution time: 4.508 ms
(12 rows)

===== 266 [Wed Mar  7 01:57:47 CET 2018] scale:10000 groups:1000 work_mem:128MB incremental:on max_workers:0 =====
SELECT * FROM (SELECT * FROM s_2 ORDER BY a, b) foo ORDER BY a, b, c
                                                        QUERY PLAN                                                        
--------------------------------------------------------------------------------------------------------------------------
 Limit  (cost=1414.43..1414.43 rows=1 width=20) (actual time=3.814..3.814 rows=0 loops=1)
   ->  Incremental Sort  (cost=828.68..1314.43 rows=10000 width=20) (actual time=1.909..3.559 rows=10000 loops=1)
         Sort Key: s_2.a, s_2.b, s_2.c
         Presorted Key: s_2.a, s_2.b
         Sort Method: quicksort  Memory: 27kB
         Sort Groups: 313
         ->  Sort  (cost=828.39..853.39 rows=10000 width=20) (actual time=1.870..2.265 rows=10000 loops=1)
               Sort Key: s_2.a, s_2.b
               Sort Method: quicksort  Memory: 1166kB
               ->  Seq Scan on s_2  (cost=0.00..164.00 rows=10000 width=20) (actual time=0.007..0.578 rows=10000 loops=1)
 Planning time: 0.223 ms
 Execution time: 3.863 ms
(12 rows)

===== 267 [Wed Mar  7 01:57:47 CET 2018] scale:10000 groups:1000 work_mem:128MB incremental:on max_workers:0 =====
SELECT * FROM (SELECT * FROM s_3 ORDER BY a, b, c) foo ORDER BY a, b, c, d
                                                        QUERY PLAN                                                        
--------------------------------------------------------------------------------------------------------------------------
 Limit  (cost=1414.43..1414.43 rows=1 width=20) (actual time=3.963..3.963 rows=0 loops=1)
   ->  Incremental Sort  (cost=828.68..1314.43 rows=10000 width=20) (actual time=1.900..3.707 rows=10000 loops=1)
         Sort Key: s_3.a, s_3.b, s_3.c, s_3.d
         Presorted Key: s_3.a, s_3.b, s_3.c
         Sort Method: quicksort  Memory: 27kB
         Sort Groups: 313
         ->  Sort  (cost=828.39..853.39 rows=10000 width=20) (actual time=1.857..2.250 rows=10000 loops=1)
               Sort Key: s_3.a, s_3.b, s_3.c
               Sort Method: quicksort  Memory: 1166kB
               ->  Seq Scan on s_3  (cost=0.00..164.00 rows=10000 width=20) (actual time=0.010..0.577 rows=10000 loops=1)
 Planning time: 0.228 ms
 Execution time: 4.012 ms
(12 rows)

===== 268 [Wed Mar  7 01:57:47 CET 2018] scale:10000 groups:1000 work_mem:128MB incremental:on max_workers:0 =====
SELECT * FROM (SELECT * FROM s_4 ORDER BY a, b, c, d) foo ORDER BY a, b, c, d, e
                                                        QUERY PLAN                                                        
--------------------------------------------------------------------------------------------------------------------------
 Limit  (cost=1414.43..1414.43 rows=1 width=20) (actual time=3.913..3.913 rows=0 loops=1)
   ->  Incremental Sort  (cost=828.68..1314.43 rows=10000 width=20) (actual time=1.874..3.689 rows=10000 loops=1)
         Sort Key: s_4.a, s_4.b, s_4.c, s_4.d, s_4.e
         Presorted Key: s_4.a, s_4.b, s_4.c, s_4.d
         Sort Method: quicksort  Memory: 27kB
         Sort Groups: 313
         ->  Sort  (cost=828.39..853.39 rows=10000 width=20) (actual time=1.833..2.233 rows=10000 loops=1)
               Sort Key: s_4.a, s_4.b, s_4.c, s_4.d
               Sort Method: quicksort  Memory: 1166kB
               ->  Seq Scan on s_4  (cost=0.00..164.00 rows=10000 width=20) (actual time=0.004..0.584 rows=10000 loops=1)
 Planning time: 0.237 ms
 Execution time: 3.973 ms
(12 rows)

===== 269 [Wed Mar  7 01:57:47 CET 2018] scale:10000 groups:1000 work_mem:128MB incremental:off max_workers:0 =====
SELECT * FROM (SELECT * FROM s_1 ORDER BY a) foo ORDER BY a, b
                                                        QUERY PLAN                                                        
--------------------------------------------------------------------------------------------------------------------------
 Limit  (cost=1742.77..1742.77 rows=1 width=20) (actual time=5.019..5.019 rows=0 loops=1)
   ->  Sort  (cost=1617.77..1642.77 rows=10000 width=20) (actual time=4.475..4.802 rows=10000 loops=1)
         Sort Key: s_1.a, s_1.b
         Sort Method: quicksort  Memory: 1166kB
         ->  Sort  (cost=828.39..853.39 rows=10000 width=20) (actual time=1.750..2.103 rows=10000 loops=1)
               Sort Key: s_1.a
               Sort Method: quicksort  Memory: 1166kB
               ->  Seq Scan on s_1  (cost=0.00..164.00 rows=10000 width=20) (actual time=0.004..0.583 rows=10000 loops=1)
 Planning time: 0.213 ms
 Execution time: 5.107 ms
(10 rows)

===== 270 [Wed Mar  7 01:57:47 CET 2018] scale:10000 groups:1000 work_mem:128MB incremental:off max_workers:0 =====
SELECT * FROM (SELECT * FROM s_2 ORDER BY a, b) foo ORDER BY a, b, c
                                                        QUERY PLAN                                                        
--------------------------------------------------------------------------------------------------------------------------
 Limit  (cost=1742.77..1742.77 rows=1 width=20) (actual time=4.529..4.529 rows=0 loops=1)
   ->  Sort  (cost=1617.77..1642.77 rows=10000 width=20) (actual time=3.994..4.313 rows=10000 loops=1)
         Sort Key: s_2.a, s_2.b, s_2.c
         Sort Method: quicksort  Memory: 1166kB
         ->  Sort  (cost=828.39..853.39 rows=10000 width=20) (actual time=1.868..2.221 rows=10000 loops=1)
               Sort Key: s_2.a, s_2.b
               Sort Method: quicksort  Memory: 1166kB
               ->  Seq Scan on s_2  (cost=0.00..164.00 rows=10000 width=20) (actual time=0.008..0.580 rows=10000 loops=1)
 Planning time: 0.221 ms
 Execution time: 4.616 ms
(10 rows)

===== 271 [Wed Mar  7 01:57:47 CET 2018] scale:10000 groups:1000 work_mem:128MB incremental:off max_workers:0 =====
SELECT * FROM (SELECT * FROM s_3 ORDER BY a, b, c) foo ORDER BY a, b, c, d
                                                        QUERY PLAN                                                        
--------------------------------------------------------------------------------------------------------------------------
 Limit  (cost=1742.77..1742.77 rows=1 width=20) (actual time=3.900..3.900 rows=0 loops=1)
   ->  Sort  (cost=1617.77..1642.77 rows=10000 width=20) (actual time=3.368..3.682 rows=10000 loops=1)
         Sort Key: s_3.a, s_3.b, s_3.c, s_3.d
         Sort Method: quicksort  Memory: 1166kB
         ->  Sort  (cost=828.39..853.39 rows=10000 width=20) (actual time=1.857..2.210 rows=10000 loops=1)
               Sort Key: s_3.a, s_3.b, s_3.c
               Sort Method: quicksort  Memory: 1166kB
               ->  Seq Scan on s_3  (cost=0.00..164.00 rows=10000 width=20) (actual time=0.010..0.582 rows=10000 loops=1)
 Planning time: 0.231 ms
 Execution time: 3.985 ms
(10 rows)

===== 272 [Wed Mar  7 01:57:47 CET 2018] scale:10000 groups:1000 work_mem:128MB incremental:off max_workers:0 =====
SELECT * FROM (SELECT * FROM s_4 ORDER BY a, b, c, d) foo ORDER BY a, b, c, d, e
                                                        QUERY PLAN                                                        
--------------------------------------------------------------------------------------------------------------------------
 Limit  (cost=1742.77..1742.77 rows=1 width=20) (actual time=3.925..3.925 rows=0 loops=1)
   ->  Sort  (cost=1617.77..1642.77 rows=10000 width=20) (actual time=3.390..3.707 rows=10000 loops=1)
         Sort Key: s_4.a, s_4.b, s_4.c, s_4.d, s_4.e
         Sort Method: quicksort  Memory: 1166kB
         ->  Sort  (cost=828.39..853.39 rows=10000 width=20) (actual time=1.878..2.231 rows=10000 loops=1)
               Sort Key: s_4.a, s_4.b, s_4.c, s_4.d
               Sort Method: quicksort  Memory: 1166kB
               ->  Seq Scan on s_4  (cost=0.00..164.00 rows=10000 width=20) (actual time=0.004..0.587 rows=10000 loops=1)
 Planning time: 0.223 ms
 Execution time: 4.013 ms
(10 rows)

===== 273 [Wed Mar  7 01:57:47 CET 2018] scale:10000 groups:1000 work_mem:256MB incremental:on max_workers:0 =====
SELECT * FROM (SELECT * FROM s_1 ORDER BY a) foo ORDER BY a, b
                                                        QUERY PLAN                                                        
--------------------------------------------------------------------------------------------------------------------------
 Limit  (cost=1414.43..1414.43 rows=1 width=20) (actual time=4.441..4.441 rows=0 loops=1)
   ->  Incremental Sort  (cost=828.68..1314.43 rows=10000 width=20) (actual time=1.812..4.182 rows=10000 loops=1)
         Sort Key: s_1.a, s_1.b
         Presorted Key: s_1.a
         Sort Method: quicksort  Memory: 28kB
         Sort Groups: 273
         ->  Sort  (cost=828.39..853.39 rows=10000 width=20) (actual time=1.765..2.154 rows=10000 loops=1)
               Sort Key: s_1.a
               Sort Method: quicksort  Memory: 1166kB
               ->  Seq Scan on s_1  (cost=0.00..164.00 rows=10000 width=20) (actual time=0.004..0.584 rows=10000 loops=1)
 Planning time: 0.224 ms
 Execution time: 4.491 ms
(12 rows)

===== 274 [Wed Mar  7 01:57:47 CET 2018] scale:10000 groups:1000 work_mem:256MB incremental:on max_workers:0 =====
SELECT * FROM (SELECT * FROM s_2 ORDER BY a, b) foo ORDER BY a, b, c
                                                        QUERY PLAN                                                        
--------------------------------------------------------------------------------------------------------------------------
 Limit  (cost=1414.43..1414.43 rows=1 width=20) (actual time=3.822..3.822 rows=0 loops=1)
   ->  Incremental Sort  (cost=828.68..1314.43 rows=10000 width=20) (actual time=1.917..3.571 rows=10000 loops=1)
         Sort Key: s_2.a, s_2.b, s_2.c
         Presorted Key: s_2.a, s_2.b
         Sort Method: quicksort  Memory: 27kB
         Sort Groups: 313
         ->  Sort  (cost=828.39..853.39 rows=10000 width=20) (actual time=1.877..2.272 rows=10000 loops=1)
               Sort Key: s_2.a, s_2.b
               Sort Method: quicksort  Memory: 1166kB
               ->  Seq Scan on s_2  (cost=0.00..164.00 rows=10000 width=20) (actual time=0.008..0.579 rows=10000 loops=1)
 Planning time: 0.233 ms
 Execution time: 3.871 ms
(12 rows)

===== 275 [Wed Mar  7 01:57:48 CET 2018] scale:10000 groups:1000 work_mem:256MB incremental:on max_workers:0 =====
SELECT * FROM (SELECT * FROM s_3 ORDER BY a, b, c) foo ORDER BY a, b, c, d
                                                        QUERY PLAN                                                        
--------------------------------------------------------------------------------------------------------------------------
 Limit  (cost=1414.43..1414.43 rows=1 width=20) (actual time=3.965..3.965 rows=0 loops=1)
   ->  Incremental Sort  (cost=828.68..1314.43 rows=10000 width=20) (actual time=1.899..3.709 rows=10000 loops=1)
         Sort Key: s_3.a, s_3.b, s_3.c, s_3.d
         Presorted Key: s_3.a, s_3.b, s_3.c
         Sort Method: quicksort  Memory: 27kB
         Sort Groups: 313
         ->  Sort  (cost=828.39..853.39 rows=10000 width=20) (actual time=1.858..2.252 rows=10000 loops=1)
               Sort Key: s_3.a, s_3.b, s_3.c
               Sort Method: quicksort  Memory: 1166kB
               ->  Seq Scan on s_3  (cost=0.00..164.00 rows=10000 width=20) (actual time=0.010..0.577 rows=10000 loops=1)
 Planning time: 0.230 ms
 Execution time: 4.012 ms
(12 rows)

===== 276 [Wed Mar  7 01:57:48 CET 2018] scale:10000 groups:1000 work_mem:256MB incremental:on max_workers:0 =====
SELECT * FROM (SELECT * FROM s_4 ORDER BY a, b, c, d) foo ORDER BY a, b, c, d, e
                                                        QUERY PLAN                                                        
--------------------------------------------------------------------------------------------------------------------------
 Limit  (cost=1414.43..1414.43 rows=1 width=20) (actual time=3.913..3.913 rows=0 loops=1)
   ->  Incremental Sort  (cost=828.68..1314.43 rows=10000 width=20) (actual time=1.875..3.689 rows=10000 loops=1)
         Sort Key: s_4.a, s_4.b, s_4.c, s_4.d, s_4.e
         Presorted Key: s_4.a, s_4.b, s_4.c, s_4.d
         Sort Method: quicksort  Memory: 27kB
         Sort Groups: 313
         ->  Sort  (cost=828.39..853.39 rows=10000 width=20) (actual time=1.833..2.233 rows=10000 loops=1)
               Sort Key: s_4.a, s_4.b, s_4.c, s_4.d
               Sort Method: quicksort  Memory: 1166kB
               ->  Seq Scan on s_4  (cost=0.00..164.00 rows=10000 width=20) (actual time=0.004..0.586 rows=10000 loops=1)
 Planning time: 0.230 ms
 Execution time: 3.971 ms
(12 rows)

===== 277 [Wed Mar  7 01:57:48 CET 2018] scale:10000 groups:1000 work_mem:256MB incremental:off max_workers:0 =====
SELECT * FROM (SELECT * FROM s_1 ORDER BY a) foo ORDER BY a, b
                                                        QUERY PLAN                                                        
--------------------------------------------------------------------------------------------------------------------------
 Limit  (cost=1742.77..1742.77 rows=1 width=20) (actual time=5.030..5.030 rows=0 loops=1)
   ->  Sort  (cost=1617.77..1642.77 rows=10000 width=20) (actual time=4.487..4.812 rows=10000 loops=1)
         Sort Key: s_1.a, s_1.b
         Sort Method: quicksort  Memory: 1166kB
         ->  Sort  (cost=828.39..853.39 rows=10000 width=20) (actual time=1.757..2.112 rows=10000 loops=1)
               Sort Key: s_1.a
               Sort Method: quicksort  Memory: 1166kB
               ->  Seq Scan on s_1  (cost=0.00..164.00 rows=10000 width=20) (actual time=0.004..0.582 rows=10000 loops=1)
 Planning time: 0.218 ms
 Execution time: 5.120 ms
(10 rows)

===== 278 [Wed Mar  7 01:57:48 CET 2018] scale:10000 groups:1000 work_mem:256MB incremental:off max_workers:0 =====
SELECT * FROM (SELECT * FROM s_2 ORDER BY a, b) foo ORDER BY a, b, c
                                                        QUERY PLAN                                                        
--------------------------------------------------------------------------------------------------------------------------
 Limit  (cost=1742.77..1742.77 rows=1 width=20) (actual time=4.539..4.539 rows=0 loops=1)
   ->  Sort  (cost=1617.77..1642.77 rows=10000 width=20) (actual time=4.004..4.320 rows=10000 loops=1)
         Sort Key: s_2.a, s_2.b, s_2.c
         Sort Method: quicksort  Memory: 1166kB
         ->  Sort  (cost=828.39..853.39 rows=10000 width=20) (actual time=1.872..2.228 rows=10000 loops=1)
               Sort Key: s_2.a, s_2.b
               Sort Method: quicksort  Memory: 1166kB
               ->  Seq Scan on s_2  (cost=0.00..164.00 rows=10000 width=20) (actual time=0.008..0.586 rows=10000 loops=1)
 Planning time: 0.219 ms
 Execution time: 4.627 ms
(10 rows)

===== 279 [Wed Mar  7 01:57:48 CET 2018] scale:10000 groups:1000 work_mem:256MB incremental:off max_workers:0 =====
SELECT * FROM (SELECT * FROM s_3 ORDER BY a, b, c) foo ORDER BY a, b, c, d
                                                        QUERY PLAN                                                        
--------------------------------------------------------------------------------------------------------------------------
 Limit  (cost=1742.77..1742.77 rows=1 width=20) (actual time=3.903..3.903 rows=0 loops=1)
   ->  Sort  (cost=1617.77..1642.77 rows=10000 width=20) (actual time=3.374..3.685 rows=10000 loops=1)
         Sort Key: s_3.a, s_3.b, s_3.c, s_3.d
         Sort Method: quicksort  Memory: 1166kB
         ->  Sort  (cost=828.39..853.39 rows=10000 width=20) (actual time=1.860..2.213 rows=10000 loops=1)
               Sort Key: s_3.a, s_3.b, s_3.c
               Sort Method: quicksort  Memory: 1166kB
               ->  Seq Scan on s_3  (cost=0.00..164.00 rows=10000 width=20) (actual time=0.014..0.586 rows=10000 loops=1)
 Planning time: 0.224 ms
 Execution time: 3.988 ms
(10 rows)

===== 280 [Wed Mar  7 01:57:48 CET 2018] scale:10000 groups:1000 work_mem:256MB incremental:off max_workers:0 =====
SELECT * FROM (SELECT * FROM s_4 ORDER BY a, b, c, d) foo ORDER BY a, b, c, d, e
                                                        QUERY PLAN                                                        
--------------------------------------------------------------------------------------------------------------------------
 Limit  (cost=1742.77..1742.77 rows=1 width=20) (actual time=3.931..3.931 rows=0 loops=1)
   ->  Sort  (cost=1617.77..1642.77 rows=10000 width=20) (actual time=3.397..3.713 rows=10000 loops=1)
         Sort Key: s_4.a, s_4.b, s_4.c, s_4.d, s_4.e
         Sort Method: quicksort  Memory: 1166kB
         ->  Sort  (cost=828.39..853.39 rows=10000 width=20) (actual time=1.877..2.230 rows=10000 loops=1)
               Sort Key: s_4.a, s_4.b, s_4.c, s_4.d
               Sort Method: quicksort  Memory: 1166kB
               ->  Seq Scan on s_4  (cost=0.00..164.00 rows=10000 width=20) (actual time=0.004..0.590 rows=10000 loops=1)
 Planning time: 0.222 ms
 Execution time: 4.016 ms
(10 rows)

===== 281 [Wed Mar  7 01:57:48 CET 2018] scale:10000 groups:1000 work_mem:4MB incremental:on max_workers:2 =====
SELECT * FROM (SELECT * FROM s_1 ORDER BY a) foo ORDER BY a, b
                                                        QUERY PLAN                                                        
--------------------------------------------------------------------------------------------------------------------------
 Limit  (cost=1414.43..1414.43 rows=1 width=20) (actual time=4.449..4.449 rows=0 loops=1)
   ->  Incremental Sort  (cost=828.68..1314.43 rows=10000 width=20) (actual time=1.810..4.192 rows=10000 loops=1)
         Sort Key: s_1.a, s_1.b
         Presorted Key: s_1.a
         Sort Method: quicksort  Memory: 28kB
         Sort Groups: 273
         ->  Sort  (cost=828.39..853.39 rows=10000 width=20) (actual time=1.763..2.155 rows=10000 loops=1)
               Sort Key: s_1.a
               Sort Method: quicksort  Memory: 1166kB
               ->  Seq Scan on s_1  (cost=0.00..164.00 rows=10000 width=20) (actual time=0.004..0.581 rows=10000 loops=1)
 Planning time: 0.223 ms
 Execution time: 4.501 ms
(12 rows)

===== 282 [Wed Mar  7 01:57:48 CET 2018] scale:10000 groups:1000 work_mem:4MB incremental:on max_workers:2 =====
SELECT * FROM (SELECT * FROM s_2 ORDER BY a, b) foo ORDER BY a, b, c
                                                        QUERY PLAN                                                        
--------------------------------------------------------------------------------------------------------------------------
 Limit  (cost=1414.43..1414.43 rows=1 width=20) (actual time=3.816..3.816 rows=0 loops=1)
   ->  Incremental Sort  (cost=828.68..1314.43 rows=10000 width=20) (actual time=1.911..3.564 rows=10000 loops=1)
         Sort Key: s_2.a, s_2.b, s_2.c
         Presorted Key: s_2.a, s_2.b
         Sort Method: quicksort  Memory: 27kB
         Sort Groups: 313
         ->  Sort  (cost=828.39..853.39 rows=10000 width=20) (actual time=1.871..2.269 rows=10000 loops=1)
               Sort Key: s_2.a, s_2.b
               Sort Method: quicksort  Memory: 1166kB
               ->  Seq Scan on s_2  (cost=0.00..164.00 rows=10000 width=20) (actual time=0.007..0.581 rows=10000 loops=1)
 Planning time: 0.224 ms
 Execution time: 3.865 ms
(12 rows)

===== 283 [Wed Mar  7 01:57:48 CET 2018] scale:10000 groups:1000 work_mem:4MB incremental:on max_workers:2 =====
SELECT * FROM (SELECT * FROM s_3 ORDER BY a, b, c) foo ORDER BY a, b, c, d
                                                        QUERY PLAN                                                        
--------------------------------------------------------------------------------------------------------------------------
 Limit  (cost=1414.43..1414.43 rows=1 width=20) (actual time=3.965..3.965 rows=0 loops=1)
   ->  Incremental Sort  (cost=828.68..1314.43 rows=10000 width=20) (actual time=1.893..3.708 rows=10000 loops=1)
         Sort Key: s_3.a, s_3.b, s_3.c, s_3.d
         Presorted Key: s_3.a, s_3.b, s_3.c
         Sort Method: quicksort  Memory: 27kB
         Sort Groups: 313
         ->  Sort  (cost=828.39..853.39 rows=10000 width=20) (actual time=1.852..2.245 rows=10000 loops=1)
               Sort Key: s_3.a, s_3.b, s_3.c
               Sort Method: quicksort  Memory: 1166kB
               ->  Seq Scan on s_3  (cost=0.00..164.00 rows=10000 width=20) (actual time=0.010..0.573 rows=10000 loops=1)
 Planning time: 0.238 ms
 Execution time: 4.015 ms
(12 rows)

===== 284 [Wed Mar  7 01:57:48 CET 2018] scale:10000 groups:1000 work_mem:4MB incremental:on max_workers:2 =====
SELECT * FROM (SELECT * FROM s_4 ORDER BY a, b, c, d) foo ORDER BY a, b, c, d, e
                                                        QUERY PLAN                                                        
--------------------------------------------------------------------------------------------------------------------------
 Limit  (cost=1414.43..1414.43 rows=1 width=20) (actual time=3.910..3.910 rows=0 loops=1)
   ->  Incremental Sort  (cost=828.68..1314.43 rows=10000 width=20) (actual time=1.875..3.686 rows=10000 loops=1)
         Sort Key: s_4.a, s_4.b, s_4.c, s_4.d, s_4.e
         Presorted Key: s_4.a, s_4.b, s_4.c, s_4.d
         Sort Method: quicksort  Memory: 27kB
         Sort Groups: 313
         ->  Sort  (cost=828.39..853.39 rows=10000 width=20) (actual time=1.834..2.233 rows=10000 loops=1)
               Sort Key: s_4.a, s_4.b, s_4.c, s_4.d
               Sort Method: quicksort  Memory: 1166kB
               ->  Seq Scan on s_4  (cost=0.00..164.00 rows=10000 width=20) (actual time=0.004..0.588 rows=10000 loops=1)
 Planning time: 0.235 ms
 Execution time: 3.968 ms
(12 rows)

===== 285 [Wed Mar  7 01:57:48 CET 2018] scale:10000 groups:1000 work_mem:4MB incremental:off max_workers:2 =====
SELECT * FROM (SELECT * FROM s_1 ORDER BY a) foo ORDER BY a, b
                                                        QUERY PLAN                                                        
--------------------------------------------------------------------------------------------------------------------------
 Limit  (cost=1742.77..1742.77 rows=1 width=20) (actual time=5.027..5.027 rows=0 loops=1)
   ->  Sort  (cost=1617.77..1642.77 rows=10000 width=20) (actual time=4.481..4.810 rows=10000 loops=1)
         Sort Key: s_1.a, s_1.b
         Sort Method: quicksort  Memory: 1166kB
         ->  Sort  (cost=828.39..853.39 rows=10000 width=20) (actual time=1.758..2.111 rows=10000 loops=1)
               Sort Key: s_1.a
               Sort Method: quicksort  Memory: 1166kB
               ->  Seq Scan on s_1  (cost=0.00..164.00 rows=10000 width=20) (actual time=0.004..0.582 rows=10000 loops=1)
 Planning time: 0.220 ms
 Execution time: 5.113 ms
(10 rows)

===== 286 [Wed Mar  7 01:57:49 CET 2018] scale:10000 groups:1000 work_mem:4MB incremental:off max_workers:2 =====
SELECT * FROM (SELECT * FROM s_2 ORDER BY a, b) foo ORDER BY a, b, c
                                                        QUERY PLAN                                                        
--------------------------------------------------------------------------------------------------------------------------
 Limit  (cost=1742.77..1742.77 rows=1 width=20) (actual time=4.531..4.531 rows=0 loops=1)
   ->  Sort  (cost=1617.77..1642.77 rows=10000 width=20) (actual time=3.996..4.314 rows=10000 loops=1)
         Sort Key: s_2.a, s_2.b, s_2.c
         Sort Method: quicksort  Memory: 1166kB
         ->  Sort  (cost=828.39..853.39 rows=10000 width=20) (actual time=1.868..2.221 rows=10000 loops=1)
               Sort Key: s_2.a, s_2.b
               Sort Method: quicksort  Memory: 1166kB
               ->  Seq Scan on s_2  (cost=0.00..164.00 rows=10000 width=20) (actual time=0.008..0.581 rows=10000 loops=1)
 Planning time: 0.224 ms
 Execution time: 4.617 ms
(10 rows)

===== 287 [Wed Mar  7 01:57:49 CET 2018] scale:10000 groups:1000 work_mem:4MB incremental:off max_workers:2 =====
SELECT * FROM (SELECT * FROM s_3 ORDER BY a, b, c) foo ORDER BY a, b, c, d
                                                        QUERY PLAN                                                        
--------------------------------------------------------------------------------------------------------------------------
 Limit  (cost=1742.77..1742.77 rows=1 width=20) (actual time=3.906..3.906 rows=0 loops=1)
   ->  Sort  (cost=1617.77..1642.77 rows=10000 width=20) (actual time=3.372..3.690 rows=10000 loops=1)
         Sort Key: s_3.a, s_3.b, s_3.c, s_3.d
         Sort Method: quicksort  Memory: 1166kB
         ->  Sort  (cost=828.39..853.39 rows=10000 width=20) (actual time=1.862..2.217 rows=10000 loops=1)
               Sort Key: s_3.a, s_3.b, s_3.c
               Sort Method: quicksort  Memory: 1166kB
               ->  Seq Scan on s_3  (cost=0.00..164.00 rows=10000 width=20) (actual time=0.010..0.584 rows=10000 loops=1)
 Planning time: 0.225 ms
 Execution time: 3.994 ms
(10 rows)

===== 288 [Wed Mar  7 01:57:49 CET 2018] scale:10000 groups:1000 work_mem:4MB incremental:off max_workers:2 =====
SELECT * FROM (SELECT * FROM s_4 ORDER BY a, b, c, d) foo ORDER BY a, b, c, d, e
                                                        QUERY PLAN                                                        
--------------------------------------------------------------------------------------------------------------------------
 Limit  (cost=1742.77..1742.77 rows=1 width=20) (actual time=3.934..3.934 rows=0 loops=1)
   ->  Sort  (cost=1617.77..1642.77 rows=10000 width=20) (actual time=3.405..3.716 rows=10000 loops=1)
         Sort Key: s_4.a, s_4.b, s_4.c, s_4.d, s_4.e
         Sort Method: quicksort  Memory: 1166kB
         ->  Sort  (cost=828.39..853.39 rows=10000 width=20) (actual time=1.885..2.239 rows=10000 loops=1)
               Sort Key: s_4.a, s_4.b, s_4.c, s_4.d
               Sort Method: quicksort  Memory: 1166kB
               ->  Seq Scan on s_4  (cost=0.00..164.00 rows=10000 width=20) (actual time=0.004..0.594 rows=10000 loops=1)
 Planning time: 0.227 ms
 Execution time: 4.023 ms
(10 rows)

===== 289 [Wed Mar  7 01:57:49 CET 2018] scale:10000 groups:1000 work_mem:8MB incremental:on max_workers:2 =====
SELECT * FROM (SELECT * FROM s_1 ORDER BY a) foo ORDER BY a, b
                                                        QUERY PLAN                                                        
--------------------------------------------------------------------------------------------------------------------------
 Limit  (cost=1414.43..1414.43 rows=1 width=20) (actual time=4.455..4.455 rows=0 loops=1)
   ->  Incremental Sort  (cost=828.68..1314.43 rows=10000 width=20) (actual time=1.815..4.199 rows=10000 loops=1)
         Sort Key: s_1.a, s_1.b
         Presorted Key: s_1.a
         Sort Method: quicksort  Memory: 28kB
         Sort Groups: 273
         ->  Sort  (cost=828.39..853.39 rows=10000 width=20) (actual time=1.766..2.155 rows=10000 loops=1)
               Sort Key: s_1.a
               Sort Method: quicksort  Memory: 1166kB
               ->  Seq Scan on s_1  (cost=0.00..164.00 rows=10000 width=20) (actual time=0.004..0.583 rows=10000 loops=1)
 Planning time: 0.222 ms
 Execution time: 4.506 ms
(12 rows)

===== 290 [Wed Mar  7 01:57:49 CET 2018] scale:10000 groups:1000 work_mem:8MB incremental:on max_workers:2 =====
SELECT * FROM (SELECT * FROM s_2 ORDER BY a, b) foo ORDER BY a, b, c
                                                        QUERY PLAN                                                        
--------------------------------------------------------------------------------------------------------------------------
 Limit  (cost=1414.43..1414.43 rows=1 width=20) (actual time=3.820..3.820 rows=0 loops=1)
   ->  Incremental Sort  (cost=828.68..1314.43 rows=10000 width=20) (actual time=1.916..3.569 rows=10000 loops=1)
         Sort Key: s_2.a, s_2.b, s_2.c
         Presorted Key: s_2.a, s_2.b
         Sort Method: quicksort  Memory: 27kB
         Sort Groups: 313
         ->  Sort  (cost=828.39..853.39 rows=10000 width=20) (actual time=1.876..2.277 rows=10000 loops=1)
               Sort Key: s_2.a, s_2.b
               Sort Method: quicksort  Memory: 1166kB
               ->  Seq Scan on s_2  (cost=0.00..164.00 rows=10000 width=20) (actual time=0.007..0.578 rows=10000 loops=1)
 Planning time: 0.228 ms
 Execution time: 3.871 ms
(12 rows)

===== 291 [Wed Mar  7 01:57:49 CET 2018] scale:10000 groups:1000 work_mem:8MB incremental:on max_workers:2 =====
SELECT * FROM (SELECT * FROM s_3 ORDER BY a, b, c) foo ORDER BY a, b, c, d
                                                        QUERY PLAN                                                        
--------------------------------------------------------------------------------------------------------------------------
 Limit  (cost=1414.43..1414.43 rows=1 width=20) (actual time=3.963..3.963 rows=0 loops=1)
   ->  Incremental Sort  (cost=828.68..1314.43 rows=10000 width=20) (actual time=1.897..3.703 rows=10000 loops=1)
         Sort Key: s_3.a, s_3.b, s_3.c, s_3.d
         Presorted Key: s_3.a, s_3.b, s_3.c
         Sort Method: quicksort  Memory: 27kB
         Sort Groups: 313
         ->  Sort  (cost=828.39..853.39 rows=10000 width=20) (actual time=1.856..2.249 rows=10000 loops=1)
               Sort Key: s_3.a, s_3.b, s_3.c
               Sort Method: quicksort  Memory: 1166kB
               ->  Seq Scan on s_3  (cost=0.00..164.00 rows=10000 width=20) (actual time=0.010..0.580 rows=10000 loops=1)
 Planning time: 0.237 ms
 Execution time: 4.013 ms
(12 rows)

===== 292 [Wed Mar  7 01:57:49 CET 2018] scale:10000 groups:1000 work_mem:8MB incremental:on max_workers:2 =====
SELECT * FROM (SELECT * FROM s_4 ORDER BY a, b, c, d) foo ORDER BY a, b, c, d, e
                                                        QUERY PLAN                                                        
--------------------------------------------------------------------------------------------------------------------------
 Limit  (cost=1414.43..1414.43 rows=1 width=20) (actual time=3.914..3.914 rows=0 loops=1)
   ->  Incremental Sort  (cost=828.68..1314.43 rows=10000 width=20) (actual time=1.872..3.690 rows=10000 loops=1)
         Sort Key: s_4.a, s_4.b, s_4.c, s_4.d, s_4.e
         Presorted Key: s_4.a, s_4.b, s_4.c, s_4.d
         Sort Method: quicksort  Memory: 27kB
         Sort Groups: 313
         ->  Sort  (cost=828.39..853.39 rows=10000 width=20) (actual time=1.830..2.231 rows=10000 loops=1)
               Sort Key: s_4.a, s_4.b, s_4.c, s_4.d
               Sort Method: quicksort  Memory: 1166kB
               ->  Seq Scan on s_4  (cost=0.00..164.00 rows=10000 width=20) (actual time=0.004..0.581 rows=10000 loops=1)
 Planning time: 0.237 ms
 Execution time: 3.973 ms
(12 rows)

===== 293 [Wed Mar  7 01:57:49 CET 2018] scale:10000 groups:1000 work_mem:8MB incremental:off max_workers:2 =====
SELECT * FROM (SELECT * FROM s_1 ORDER BY a) foo ORDER BY a, b
                                                        QUERY PLAN                                                        
--------------------------------------------------------------------------------------------------------------------------
 Limit  (cost=1742.77..1742.77 rows=1 width=20) (actual time=5.021..5.021 rows=0 loops=1)
   ->  Sort  (cost=1617.77..1642.77 rows=10000 width=20) (actual time=4.477..4.801 rows=10000 loops=1)
         Sort Key: s_1.a, s_1.b
         Sort Method: quicksort  Memory: 1166kB
         ->  Sort  (cost=828.39..853.39 rows=10000 width=20) (actual time=1.754..2.107 rows=10000 loops=1)
               Sort Key: s_1.a
               Sort Method: quicksort  Memory: 1166kB
               ->  Seq Scan on s_1  (cost=0.00..164.00 rows=10000 width=20) (actual time=0.004..0.587 rows=10000 loops=1)
 Planning time: 0.215 ms
 Execution time: 5.109 ms
(10 rows)

===== 294 [Wed Mar  7 01:57:49 CET 2018] scale:10000 groups:1000 work_mem:8MB incremental:off max_workers:2 =====
SELECT * FROM (SELECT * FROM s_2 ORDER BY a, b) foo ORDER BY a, b, c
                                                        QUERY PLAN                                                        
--------------------------------------------------------------------------------------------------------------------------
 Limit  (cost=1742.77..1742.77 rows=1 width=20) (actual time=4.540..4.540 rows=0 loops=1)
   ->  Sort  (cost=1617.77..1642.77 rows=10000 width=20) (actual time=4.007..4.325 rows=10000 loops=1)
         Sort Key: s_2.a, s_2.b, s_2.c
         Sort Method: quicksort  Memory: 1166kB
         ->  Sort  (cost=828.39..853.39 rows=10000 width=20) (actual time=1.875..2.233 rows=10000 loops=1)
               Sort Key: s_2.a, s_2.b
               Sort Method: quicksort  Memory: 1166kB
               ->  Seq Scan on s_2  (cost=0.00..164.00 rows=10000 width=20) (actual time=0.008..0.582 rows=10000 loops=1)
 Planning time: 0.222 ms
 Execution time: 4.629 ms
(10 rows)

===== 295 [Wed Mar  7 01:57:49 CET 2018] scale:10000 groups:1000 work_mem:8MB incremental:off max_workers:2 =====
SELECT * FROM (SELECT * FROM s_3 ORDER BY a, b, c) foo ORDER BY a, b, c, d
                                                        QUERY PLAN                                                        
--------------------------------------------------------------------------------------------------------------------------
 Limit  (cost=1742.77..1742.77 rows=1 width=20) (actual time=3.909..3.909 rows=0 loops=1)
   ->  Sort  (cost=1617.77..1642.77 rows=10000 width=20) (actual time=3.377..3.691 rows=10000 loops=1)
         Sort Key: s_3.a, s_3.b, s_3.c, s_3.d
         Sort Method: quicksort  Memory: 1166kB
         ->  Sort  (cost=828.39..853.39 rows=10000 width=20) (actual time=1.863..2.216 rows=10000 loops=1)
               Sort Key: s_3.a, s_3.b, s_3.c
               Sort Method: quicksort  Memory: 1166kB
               ->  Seq Scan on s_3  (cost=0.00..164.00 rows=10000 width=20) (actual time=0.010..0.577 rows=10000 loops=1)
 Planning time: 0.234 ms
 Execution time: 3.996 ms
(10 rows)

===== 296 [Wed Mar  7 01:57:49 CET 2018] scale:10000 groups:1000 work_mem:8MB incremental:off max_workers:2 =====
SELECT * FROM (SELECT * FROM s_4 ORDER BY a, b, c, d) foo ORDER BY a, b, c, d, e
                                                        QUERY PLAN                                                        
--------------------------------------------------------------------------------------------------------------------------
 Limit  (cost=1742.77..1742.77 rows=1 width=20) (actual time=3.924..3.924 rows=0 loops=1)
   ->  Sort  (cost=1617.77..1642.77 rows=10000 width=20) (actual time=3.393..3.705 rows=10000 loops=1)
         Sort Key: s_4.a, s_4.b, s_4.c, s_4.d, s_4.e
         Sort Method: quicksort  Memory: 1166kB
         ->  Sort  (cost=828.39..853.39 rows=10000 width=20) (actual time=1.879..2.232 rows=10000 loops=1)
               Sort Key: s_4.a, s_4.b, s_4.c, s_4.d
               Sort Method: quicksort  Memory: 1166kB
               ->  Seq Scan on s_4  (cost=0.00..164.00 rows=10000 width=20) (actual time=0.004..0.589 rows=10000 loops=1)
 Planning time: 0.233 ms
 Execution time: 4.014 ms
(10 rows)

===== 297 [Wed Mar  7 01:57:50 CET 2018] scale:10000 groups:1000 work_mem:16MB incremental:on max_workers:2 =====
SELECT * FROM (SELECT * FROM s_1 ORDER BY a) foo ORDER BY a, b
                                                        QUERY PLAN                                                        
--------------------------------------------------------------------------------------------------------------------------
 Limit  (cost=1414.43..1414.43 rows=1 width=20) (actual time=4.457..4.457 rows=0 loops=1)
   ->  Incremental Sort  (cost=828.68..1314.43 rows=10000 width=20) (actual time=1.819..4.197 rows=10000 loops=1)
         Sort Key: s_1.a, s_1.b
         Presorted Key: s_1.a
         Sort Method: quicksort  Memory: 28kB
         Sort Groups: 273
         ->  Sort  (cost=828.39..853.39 rows=10000 width=20) (actual time=1.773..2.165 rows=10000 loops=1)
               Sort Key: s_1.a
               Sort Method: quicksort  Memory: 1166kB
               ->  Seq Scan on s_1  (cost=0.00..164.00 rows=10000 width=20) (actual time=0.004..0.579 rows=10000 loops=1)
 Planning time: 0.225 ms
 Execution time: 4.505 ms
(12 rows)

===== 298 [Wed Mar  7 01:57:50 CET 2018] scale:10000 groups:1000 work_mem:16MB incremental:on max_workers:2 =====
SELECT * FROM (SELECT * FROM s_2 ORDER BY a, b) foo ORDER BY a, b, c
                                                        QUERY PLAN                                                        
--------------------------------------------------------------------------------------------------------------------------
 Limit  (cost=1414.43..1414.43 rows=1 width=20) (actual time=3.813..3.813 rows=0 loops=1)
   ->  Incremental Sort  (cost=828.68..1314.43 rows=10000 width=20) (actual time=1.910..3.562 rows=10000 loops=1)
         Sort Key: s_2.a, s_2.b, s_2.c
         Presorted Key: s_2.a, s_2.b
         Sort Method: quicksort  Memory: 27kB
         Sort Groups: 313
         ->  Sort  (cost=828.39..853.39 rows=10000 width=20) (actual time=1.871..2.266 rows=10000 loops=1)
               Sort Key: s_2.a, s_2.b
               Sort Method: quicksort  Memory: 1166kB
               ->  Seq Scan on s_2  (cost=0.00..164.00 rows=10000 width=20) (actual time=0.008..0.577 rows=10000 loops=1)
 Planning time: 0.228 ms
 Execution time: 3.862 ms
(12 rows)

===== 299 [Wed Mar  7 01:57:50 CET 2018] scale:10000 groups:1000 work_mem:16MB incremental:on max_workers:2 =====
SELECT * FROM (SELECT * FROM s_3 ORDER BY a, b, c) foo ORDER BY a, b, c, d
                                                        QUERY PLAN                                                        
--------------------------------------------------------------------------------------------------------------------------
 Limit  (cost=1414.43..1414.43 rows=1 width=20) (actual time=3.963..3.963 rows=0 loops=1)
   ->  Incremental Sort  (cost=828.68..1314.43 rows=10000 width=20) (actual time=1.898..3.700 rows=10000 loops=1)
         Sort Key: s_3.a, s_3.b, s_3.c, s_3.d
         Presorted Key: s_3.a, s_3.b, s_3.c
         Sort Method: quicksort  Memory: 27kB
         Sort Groups: 313
         ->  Sort  (cost=828.39..853.39 rows=10000 width=20) (actual time=1.857..2.250 rows=10000 loops=1)
               Sort Key: s_3.a, s_3.b, s_3.c
               Sort Method: quicksort  Memory: 1166kB
               ->  Seq Scan on s_3  (cost=0.00..164.00 rows=10000 width=20) (actual time=0.010..0.584 rows=10000 loops=1)
 Planning time: 0.233 ms
 Execution time: 4.013 ms
(12 rows)

===== 300 [Wed Mar  7 01:57:50 CET 2018] scale:10000 groups:1000 work_mem:16MB incremental:on max_workers:2 =====
SELECT * FROM (SELECT * FROM s_4 ORDER BY a, b, c, d) foo ORDER BY a, b, c, d, e
                                                        QUERY PLAN                                                        
--------------------------------------------------------------------------------------------------------------------------
 Limit  (cost=1414.43..1414.43 rows=1 width=20) (actual time=3.918..3.918 rows=0 loops=1)
   ->  Incremental Sort  (cost=828.68..1314.43 rows=10000 width=20) (actual time=1.879..3.693 rows=10000 loops=1)
         Sort Key: s_4.a, s_4.b, s_4.c, s_4.d, s_4.e
         Presorted Key: s_4.a, s_4.b, s_4.c, s_4.d
         Sort Method: quicksort  Memory: 27kB
         Sort Groups: 313
         ->  Sort  (cost=828.39..853.39 rows=10000 width=20) (actual time=1.837..2.240 rows=10000 loops=1)
               Sort Key: s_4.a, s_4.b, s_4.c, s_4.d
               Sort Method: quicksort  Memory: 1166kB
               ->  Seq Scan on s_4  (cost=0.00..164.00 rows=10000 width=20) (actual time=0.004..0.586 rows=10000 loops=1)
 Planning time: 0.239 ms
 Execution time: 3.977 ms
(12 rows)

===== 301 [Wed Mar  7 01:57:50 CET 2018] scale:10000 groups:1000 work_mem:16MB incremental:off max_workers:2 =====
SELECT * FROM (SELECT * FROM s_1 ORDER BY a) foo ORDER BY a, b
                                                        QUERY PLAN                                                        
--------------------------------------------------------------------------------------------------------------------------
 Limit  (cost=1742.77..1742.77 rows=1 width=20) (actual time=5.026..5.026 rows=0 loops=1)
   ->  Sort  (cost=1617.77..1642.77 rows=10000 width=20) (actual time=4.482..4.810 rows=10000 loops=1)
         Sort Key: s_1.a, s_1.b
         Sort Method: quicksort  Memory: 1166kB
         ->  Sort  (cost=828.39..853.39 rows=10000 width=20) (actual time=1.754..2.107 rows=10000 loops=1)
               Sort Key: s_1.a
               Sort Method: quicksort  Memory: 1166kB
               ->  Seq Scan on s_1  (cost=0.00..164.00 rows=10000 width=20) (actual time=0.004..0.589 rows=10000 loops=1)
 Planning time: 0.217 ms
 Execution time: 5.113 ms
(10 rows)

===== 302 [Wed Mar  7 01:57:50 CET 2018] scale:10000 groups:1000 work_mem:16MB incremental:off max_workers:2 =====
SELECT * FROM (SELECT * FROM s_2 ORDER BY a, b) foo ORDER BY a, b, c
                                                        QUERY PLAN                                                        
--------------------------------------------------------------------------------------------------------------------------
 Limit  (cost=1742.77..1742.77 rows=1 width=20) (actual time=4.523..4.523 rows=0 loops=1)
   ->  Sort  (cost=1617.77..1642.77 rows=10000 width=20) (actual time=3.988..4.304 rows=10000 loops=1)
         Sort Key: s_2.a, s_2.b, s_2.c
         Sort Method: quicksort  Memory: 1166kB
         ->  Sort  (cost=828.39..853.39 rows=10000 width=20) (actual time=1.864..2.219 rows=10000 loops=1)
               Sort Key: s_2.a, s_2.b
               Sort Method: quicksort  Memory: 1166kB
               ->  Seq Scan on s_2  (cost=0.00..164.00 rows=10000 width=20) (actual time=0.008..0.581 rows=10000 loops=1)
 Planning time: 0.220 ms
 Execution time: 4.612 ms
(10 rows)

===== 303 [Wed Mar  7 01:57:50 CET 2018] scale:10000 groups:1000 work_mem:16MB incremental:off max_workers:2 =====
SELECT * FROM (SELECT * FROM s_3 ORDER BY a, b, c) foo ORDER BY a, b, c, d
                                                        QUERY PLAN                                                        
--------------------------------------------------------------------------------------------------------------------------
 Limit  (cost=1742.77..1742.77 rows=1 width=20) (actual time=3.910..3.910 rows=0 loops=1)
   ->  Sort  (cost=1617.77..1642.77 rows=10000 width=20) (actual time=3.377..3.692 rows=10000 loops=1)
         Sort Key: s_3.a, s_3.b, s_3.c, s_3.d
         Sort Method: quicksort  Memory: 1166kB
         ->  Sort  (cost=828.39..853.39 rows=10000 width=20) (actual time=1.862..2.215 rows=10000 loops=1)
               Sort Key: s_3.a, s_3.b, s_3.c
               Sort Method: quicksort  Memory: 1166kB
               ->  Seq Scan on s_3  (cost=0.00..164.00 rows=10000 width=20) (actual time=0.010..0.582 rows=10000 loops=1)
 Planning time: 0.224 ms
 Execution time: 3.996 ms
(10 rows)

===== 304 [Wed Mar  7 01:57:50 CET 2018] scale:10000 groups:1000 work_mem:16MB incremental:off max_workers:2 =====
SELECT * FROM (SELECT * FROM s_4 ORDER BY a, b, c, d) foo ORDER BY a, b, c, d, e
                                                        QUERY PLAN                                                        
--------------------------------------------------------------------------------------------------------------------------
 Limit  (cost=1742.77..1742.77 rows=1 width=20) (actual time=3.924..3.924 rows=0 loops=1)
   ->  Sort  (cost=1617.77..1642.77 rows=10000 width=20) (actual time=3.395..3.706 rows=10000 loops=1)
         Sort Key: s_4.a, s_4.b, s_4.c, s_4.d, s_4.e
         Sort Method: quicksort  Memory: 1166kB
         ->  Sort  (cost=828.39..853.39 rows=10000 width=20) (actual time=1.879..2.234 rows=10000 loops=1)
               Sort Key: s_4.a, s_4.b, s_4.c, s_4.d
               Sort Method: quicksort  Memory: 1166kB
               ->  Seq Scan on s_4  (cost=0.00..164.00 rows=10000 width=20) (actual time=0.004..0.586 rows=10000 loops=1)
 Planning time: 0.230 ms
 Execution time: 4.010 ms
(10 rows)

===== 305 [Wed Mar  7 01:57:50 CET 2018] scale:10000 groups:1000 work_mem:32MB incremental:on max_workers:2 =====
SELECT * FROM (SELECT * FROM s_1 ORDER BY a) foo ORDER BY a, b
                                                        QUERY PLAN                                                        
--------------------------------------------------------------------------------------------------------------------------
 Limit  (cost=1414.43..1414.43 rows=1 width=20) (actual time=4.467..4.467 rows=0 loops=1)
   ->  Incremental Sort  (cost=828.68..1314.43 rows=10000 width=20) (actual time=1.813..4.210 rows=10000 loops=1)
         Sort Key: s_1.a, s_1.b
         Presorted Key: s_1.a
         Sort Method: quicksort  Memory: 28kB
         Sort Groups: 273
         ->  Sort  (cost=828.39..853.39 rows=10000 width=20) (actual time=1.753..2.145 rows=10000 loops=1)
               Sort Key: s_1.a
               Sort Method: quicksort  Memory: 1166kB
               ->  Seq Scan on s_1  (cost=0.00..164.00 rows=10000 width=20) (actual time=0.004..0.581 rows=10000 loops=1)
 Planning time: 0.224 ms
 Execution time: 4.517 ms
(12 rows)

===== 306 [Wed Mar  7 01:57:50 CET 2018] scale:10000 groups:1000 work_mem:32MB incremental:on max_workers:2 =====
SELECT * FROM (SELECT * FROM s_2 ORDER BY a, b) foo ORDER BY a, b, c
                                                        QUERY PLAN                                                        
--------------------------------------------------------------------------------------------------------------------------
 Limit  (cost=1414.43..1414.43 rows=1 width=20) (actual time=3.823..3.823 rows=0 loops=1)
   ->  Incremental Sort  (cost=828.68..1314.43 rows=10000 width=20) (actual time=1.923..3.573 rows=10000 loops=1)
         Sort Key: s_2.a, s_2.b, s_2.c
         Presorted Key: s_2.a, s_2.b
         Sort Method: quicksort  Memory: 27kB
         Sort Groups: 313
         ->  Sort  (cost=828.39..853.39 rows=10000 width=20) (actual time=1.883..2.279 rows=10000 loops=1)
               Sort Key: s_2.a, s_2.b
               Sort Method: quicksort  Memory: 1166kB
               ->  Seq Scan on s_2  (cost=0.00..164.00 rows=10000 width=20) (actual time=0.008..0.579 rows=10000 loops=1)
 Planning time: 0.238 ms
 Execution time: 3.872 ms
(12 rows)

===== 307 [Wed Mar  7 01:57:50 CET 2018] scale:10000 groups:1000 work_mem:32MB incremental:on max_workers:2 =====
SELECT * FROM (SELECT * FROM s_3 ORDER BY a, b, c) foo ORDER BY a, b, c, d
                                                        QUERY PLAN                                                        
--------------------------------------------------------------------------------------------------------------------------
 Limit  (cost=1414.43..1414.43 rows=1 width=20) (actual time=3.969..3.969 rows=0 loops=1)
   ->  Incremental Sort  (cost=828.68..1314.43 rows=10000 width=20) (actual time=1.905..3.709 rows=10000 loops=1)
         Sort Key: s_3.a, s_3.b, s_3.c, s_3.d
         Presorted Key: s_3.a, s_3.b, s_3.c
         Sort Method: quicksort  Memory: 27kB
         Sort Groups: 313
         ->  Sort  (cost=828.39..853.39 rows=10000 width=20) (actual time=1.864..2.260 rows=10000 loops=1)
               Sort Key: s_3.a, s_3.b, s_3.c
               Sort Method: quicksort  Memory: 1166kB
               ->  Seq Scan on s_3  (cost=0.00..164.00 rows=10000 width=20) (actual time=0.010..0.585 rows=10000 loops=1)
 Planning time: 0.237 ms
 Execution time: 4.020 ms
(12 rows)

===== 308 [Wed Mar  7 01:57:50 CET 2018] scale:10000 groups:1000 work_mem:32MB incremental:on max_workers:2 =====
SELECT * FROM (SELECT * FROM s_4 ORDER BY a, b, c, d) foo ORDER BY a, b, c, d, e
                                                        QUERY PLAN                                                        
--------------------------------------------------------------------------------------------------------------------------
 Limit  (cost=1414.43..1414.43 rows=1 width=20) (actual time=3.914..3.914 rows=0 loops=1)
   ->  Incremental Sort  (cost=828.68..1314.43 rows=10000 width=20) (actual time=1.863..3.690 rows=10000 loops=1)
         Sort Key: s_4.a, s_4.b, s_4.c, s_4.d, s_4.e
         Presorted Key: s_4.a, s_4.b, s_4.c, s_4.d
         Sort Method: quicksort  Memory: 27kB
         Sort Groups: 313
         ->  Sort  (cost=828.39..853.39 rows=10000 width=20) (actual time=1.823..2.224 rows=10000 loops=1)
               Sort Key: s_4.a, s_4.b, s_4.c, s_4.d
               Sort Method: quicksort  Memory: 1166kB
               ->  Seq Scan on s_4  (cost=0.00..164.00 rows=10000 width=20) (actual time=0.004..0.577 rows=10000 loops=1)
 Planning time: 0.242 ms
 Execution time: 3.973 ms
(12 rows)

===== 309 [Wed Mar  7 01:57:51 CET 2018] scale:10000 groups:1000 work_mem:32MB incremental:off max_workers:2 =====
SELECT * FROM (SELECT * FROM s_1 ORDER BY a) foo ORDER BY a, b
                                                        QUERY PLAN                                                        
--------------------------------------------------------------------------------------------------------------------------
 Limit  (cost=1742.77..1742.77 rows=1 width=20) (actual time=5.030..5.030 rows=0 loops=1)
   ->  Sort  (cost=1617.77..1642.77 rows=10000 width=20) (actual time=4.486..4.815 rows=10000 loops=1)
         Sort Key: s_1.a, s_1.b
         Sort Method: quicksort  Memory: 1166kB
         ->  Sort  (cost=828.39..853.39 rows=10000 width=20) (actual time=1.754..2.107 rows=10000 loops=1)
               Sort Key: s_1.a
               Sort Method: quicksort  Memory: 1166kB
               ->  Seq Scan on s_1  (cost=0.00..164.00 rows=10000 width=20) (actual time=0.004..0.589 rows=10000 loops=1)
 Planning time: 0.219 ms
 Execution time: 5.119 ms
(10 rows)

===== 310 [Wed Mar  7 01:57:51 CET 2018] scale:10000 groups:1000 work_mem:32MB incremental:off max_workers:2 =====
SELECT * FROM (SELECT * FROM s_2 ORDER BY a, b) foo ORDER BY a, b, c
                                                        QUERY PLAN                                                        
--------------------------------------------------------------------------------------------------------------------------
 Limit  (cost=1742.77..1742.77 rows=1 width=20) (actual time=4.528..4.528 rows=0 loops=1)
   ->  Sort  (cost=1617.77..1642.77 rows=10000 width=20) (actual time=3.992..4.311 rows=10000 loops=1)
         Sort Key: s_2.a, s_2.b, s_2.c
         Sort Method: quicksort  Memory: 1166kB
         ->  Sort  (cost=828.39..853.39 rows=10000 width=20) (actual time=1.865..2.218 rows=10000 loops=1)
               Sort Key: s_2.a, s_2.b
               Sort Method: quicksort  Memory: 1166kB
               ->  Seq Scan on s_2  (cost=0.00..164.00 rows=10000 width=20) (actual time=0.008..0.584 rows=10000 loops=1)
 Planning time: 0.219 ms
 Execution time: 4.615 ms
(10 rows)

===== 311 [Wed Mar  7 01:57:51 CET 2018] scale:10000 groups:1000 work_mem:32MB incremental:off max_workers:2 =====
SELECT * FROM (SELECT * FROM s_3 ORDER BY a, b, c) foo ORDER BY a, b, c, d
                                                        QUERY PLAN                                                        
--------------------------------------------------------------------------------------------------------------------------
 Limit  (cost=1742.77..1742.77 rows=1 width=20) (actual time=3.899..3.899 rows=0 loops=1)
   ->  Sort  (cost=1617.77..1642.77 rows=10000 width=20) (actual time=3.365..3.682 rows=10000 loops=1)
         Sort Key: s_3.a, s_3.b, s_3.c, s_3.d
         Sort Method: quicksort  Memory: 1166kB
         ->  Sort  (cost=828.39..853.39 rows=10000 width=20) (actual time=1.858..2.211 rows=10000 loops=1)
               Sort Key: s_3.a, s_3.b, s_3.c
               Sort Method: quicksort  Memory: 1166kB
               ->  Seq Scan on s_3  (cost=0.00..164.00 rows=10000 width=20) (actual time=0.010..0.576 rows=10000 loops=1)
 Planning time: 0.234 ms
 Execution time: 3.986 ms
(10 rows)

===== 312 [Wed Mar  7 01:57:51 CET 2018] scale:10000 groups:1000 work_mem:32MB incremental:off max_workers:2 =====
SELECT * FROM (SELECT * FROM s_4 ORDER BY a, b, c, d) foo ORDER BY a, b, c, d, e
                                                        QUERY PLAN                                                        
--------------------------------------------------------------------------------------------------------------------------
 Limit  (cost=1742.77..1742.77 rows=1 width=20) (actual time=3.932..3.932 rows=0 loops=1)
   ->  Sort  (cost=1617.77..1642.77 rows=10000 width=20) (actual time=3.403..3.714 rows=10000 loops=1)
         Sort Key: s_4.a, s_4.b, s_4.c, s_4.d, s_4.e
         Sort Method: quicksort  Memory: 1166kB
         ->  Sort  (cost=828.39..853.39 rows=10000 width=20) (actual time=1.879..2.232 rows=10000 loops=1)
               Sort Key: s_4.a, s_4.b, s_4.c, s_4.d
               Sort Method: quicksort  Memory: 1166kB
               ->  Seq Scan on s_4  (cost=0.00..164.00 rows=10000 width=20) (actual time=0.004..0.587 rows=10000 loops=1)
 Planning time: 0.228 ms
 Execution time: 4.025 ms
(10 rows)

===== 313 [Wed Mar  7 01:57:51 CET 2018] scale:10000 groups:1000 work_mem:64MB incremental:on max_workers:2 =====
SELECT * FROM (SELECT * FROM s_1 ORDER BY a) foo ORDER BY a, b
                                                        QUERY PLAN                                                        
--------------------------------------------------------------------------------------------------------------------------
 Limit  (cost=1414.43..1414.43 rows=1 width=20) (actual time=4.447..4.447 rows=0 loops=1)
   ->  Incremental Sort  (cost=828.68..1314.43 rows=10000 width=20) (actual time=1.812..4.190 rows=10000 loops=1)
         Sort Key: s_1.a, s_1.b
         Presorted Key: s_1.a
         Sort Method: quicksort  Memory: 28kB
         Sort Groups: 273
         ->  Sort  (cost=828.39..853.39 rows=10000 width=20) (actual time=1.767..2.156 rows=10000 loops=1)
               Sort Key: s_1.a
               Sort Method: quicksort  Memory: 1166kB
               ->  Seq Scan on s_1  (cost=0.00..164.00 rows=10000 width=20) (actual time=0.004..0.578 rows=10000 loops=1)
 Planning time: 0.221 ms
 Execution time: 4.496 ms
(12 rows)

===== 314 [Wed Mar  7 01:57:51 CET 2018] scale:10000 groups:1000 work_mem:64MB incremental:on max_workers:2 =====
SELECT * FROM (SELECT * FROM s_2 ORDER BY a, b) foo ORDER BY a, b, c
                                                        QUERY PLAN                                                        
--------------------------------------------------------------------------------------------------------------------------
 Limit  (cost=1414.43..1414.43 rows=1 width=20) (actual time=3.825..3.825 rows=0 loops=1)
   ->  Incremental Sort  (cost=828.68..1314.43 rows=10000 width=20) (actual time=1.919..3.574 rows=10000 loops=1)
         Sort Key: s_2.a, s_2.b, s_2.c
         Presorted Key: s_2.a, s_2.b
         Sort Method: quicksort  Memory: 27kB
         Sort Groups: 313
         ->  Sort  (cost=828.39..853.39 rows=10000 width=20) (actual time=1.879..2.280 rows=10000 loops=1)
               Sort Key: s_2.a, s_2.b
               Sort Method: quicksort  Memory: 1166kB
               ->  Seq Scan on s_2  (cost=0.00..164.00 rows=10000 width=20) (actual time=0.007..0.578 rows=10000 loops=1)
 Planning time: 0.227 ms
 Execution time: 3.874 ms
(12 rows)

===== 315 [Wed Mar  7 01:57:51 CET 2018] scale:10000 groups:1000 work_mem:64MB incremental:on max_workers:2 =====
SELECT * FROM (SELECT * FROM s_3 ORDER BY a, b, c) foo ORDER BY a, b, c, d
                                                        QUERY PLAN                                                        
--------------------------------------------------------------------------------------------------------------------------
 Limit  (cost=1414.43..1414.43 rows=1 width=20) (actual time=3.963..3.963 rows=0 loops=1)
   ->  Incremental Sort  (cost=828.68..1314.43 rows=10000 width=20) (actual time=1.900..3.707 rows=10000 loops=1)
         Sort Key: s_3.a, s_3.b, s_3.c, s_3.d
         Presorted Key: s_3.a, s_3.b, s_3.c
         Sort Method: quicksort  Memory: 27kB
         Sort Groups: 313
         ->  Sort  (cost=828.39..853.39 rows=10000 width=20) (actual time=1.858..2.252 rows=10000 loops=1)
               Sort Key: s_3.a, s_3.b, s_3.c
               Sort Method: quicksort  Memory: 1166kB
               ->  Seq Scan on s_3  (cost=0.00..164.00 rows=10000 width=20) (actual time=0.010..0.582 rows=10000 loops=1)
 Planning time: 0.233 ms
 Execution time: 4.013 ms
(12 rows)

===== 316 [Wed Mar  7 01:57:51 CET 2018] scale:10000 groups:1000 work_mem:64MB incremental:on max_workers:2 =====
SELECT * FROM (SELECT * FROM s_4 ORDER BY a, b, c, d) foo ORDER BY a, b, c, d, e
                                                        QUERY PLAN                                                        
--------------------------------------------------------------------------------------------------------------------------
 Limit  (cost=1414.43..1414.43 rows=1 width=20) (actual time=3.914..3.914 rows=0 loops=1)
   ->  Incremental Sort  (cost=828.68..1314.43 rows=10000 width=20) (actual time=1.877..3.690 rows=10000 loops=1)
         Sort Key: s_4.a, s_4.b, s_4.c, s_4.d, s_4.e
         Presorted Key: s_4.a, s_4.b, s_4.c, s_4.d
         Sort Method: quicksort  Memory: 27kB
         Sort Groups: 313
         ->  Sort  (cost=828.39..853.39 rows=10000 width=20) (actual time=1.835..2.237 rows=10000 loops=1)
               Sort Key: s_4.a, s_4.b, s_4.c, s_4.d
               Sort Method: quicksort  Memory: 1166kB
               ->  Seq Scan on s_4  (cost=0.00..164.00 rows=10000 width=20) (actual time=0.004..0.578 rows=10000 loops=1)
 Planning time: 0.234 ms
 Execution time: 3.973 ms
(12 rows)

===== 317 [Wed Mar  7 01:57:51 CET 2018] scale:10000 groups:1000 work_mem:64MB incremental:off max_workers:2 =====
SELECT * FROM (SELECT * FROM s_1 ORDER BY a) foo ORDER BY a, b
                                                        QUERY PLAN                                                        
--------------------------------------------------------------------------------------------------------------------------
 Limit  (cost=1742.77..1742.77 rows=1 width=20) (actual time=5.023..5.023 rows=0 loops=1)
   ->  Sort  (cost=1617.77..1642.77 rows=10000 width=20) (actual time=4.477..4.807 rows=10000 loops=1)
         Sort Key: s_1.a, s_1.b
         Sort Method: quicksort  Memory: 1166kB
         ->  Sort  (cost=828.39..853.39 rows=10000 width=20) (actual time=1.754..2.110 rows=10000 loops=1)
               Sort Key: s_1.a
               Sort Method: quicksort  Memory: 1166kB
               ->  Seq Scan on s_1  (cost=0.00..164.00 rows=10000 width=20) (actual time=0.004..0.592 rows=10000 loops=1)
 Planning time: 0.219 ms
 Execution time: 5.111 ms
(10 rows)

===== 318 [Wed Mar  7 01:57:51 CET 2018] scale:10000 groups:1000 work_mem:64MB incremental:off max_workers:2 =====
SELECT * FROM (SELECT * FROM s_2 ORDER BY a, b) foo ORDER BY a, b, c
                                                        QUERY PLAN                                                        
--------------------------------------------------------------------------------------------------------------------------
 Limit  (cost=1742.77..1742.77 rows=1 width=20) (actual time=4.524..4.524 rows=0 loops=1)
   ->  Sort  (cost=1617.77..1642.77 rows=10000 width=20) (actual time=3.989..4.308 rows=10000 loops=1)
         Sort Key: s_2.a, s_2.b, s_2.c
         Sort Method: quicksort  Memory: 1166kB
         ->  Sort  (cost=828.39..853.39 rows=10000 width=20) (actual time=1.867..2.220 rows=10000 loops=1)
               Sort Key: s_2.a, s_2.b
               Sort Method: quicksort  Memory: 1166kB
               ->  Seq Scan on s_2  (cost=0.00..164.00 rows=10000 width=20) (actual time=0.008..0.585 rows=10000 loops=1)
 Planning time: 0.221 ms
 Execution time: 4.610 ms
(10 rows)

===== 319 [Wed Mar  7 01:57:51 CET 2018] scale:10000 groups:1000 work_mem:64MB incremental:off max_workers:2 =====
SELECT * FROM (SELECT * FROM s_3 ORDER BY a, b, c) foo ORDER BY a, b, c, d
                                                        QUERY PLAN                                                        
--------------------------------------------------------------------------------------------------------------------------
 Limit  (cost=1742.77..1742.77 rows=1 width=20) (actual time=3.910..3.910 rows=0 loops=1)
   ->  Sort  (cost=1617.77..1642.77 rows=10000 width=20) (actual time=3.378..3.692 rows=10000 loops=1)
         Sort Key: s_3.a, s_3.b, s_3.c, s_3.d
         Sort Method: quicksort  Memory: 1166kB
         ->  Sort  (cost=828.39..853.39 rows=10000 width=20) (actual time=1.866..2.220 rows=10000 loops=1)
               Sort Key: s_3.a, s_3.b, s_3.c
               Sort Method: quicksort  Memory: 1166kB
               ->  Seq Scan on s_3  (cost=0.00..164.00 rows=10000 width=20) (actual time=0.010..0.584 rows=10000 loops=1)
 Planning time: 0.223 ms
 Execution time: 3.997 ms
(10 rows)

===== 320 [Wed Mar  7 01:57:52 CET 2018] scale:10000 groups:1000 work_mem:64MB incremental:off max_workers:2 =====
SELECT * FROM (SELECT * FROM s_4 ORDER BY a, b, c, d) foo ORDER BY a, b, c, d, e
                                                        QUERY PLAN                                                        
--------------------------------------------------------------------------------------------------------------------------
 Limit  (cost=1742.77..1742.77 rows=1 width=20) (actual time=3.938..3.938 rows=0 loops=1)
   ->  Sort  (cost=1617.77..1642.77 rows=10000 width=20) (actual time=3.409..3.721 rows=10000 loops=1)
         Sort Key: s_4.a, s_4.b, s_4.c, s_4.d, s_4.e
         Sort Method: quicksort  Memory: 1166kB
         ->  Sort  (cost=828.39..853.39 rows=10000 width=20) (actual time=1.890..2.247 rows=10000 loops=1)
               Sort Key: s_4.a, s_4.b, s_4.c, s_4.d
               Sort Method: quicksort  Memory: 1166kB
               ->  Seq Scan on s_4  (cost=0.00..164.00 rows=10000 width=20) (actual time=0.004..0.588 rows=10000 loops=1)
 Planning time: 0.229 ms
 Execution time: 4.023 ms
(10 rows)

===== 321 [Wed Mar  7 01:57:52 CET 2018] scale:10000 groups:1000 work_mem:128MB incremental:on max_workers:2 =====
SELECT * FROM (SELECT * FROM s_1 ORDER BY a) foo ORDER BY a, b
                                                        QUERY PLAN                                                        
--------------------------------------------------------------------------------------------------------------------------
 Limit  (cost=1414.43..1414.43 rows=1 width=20) (actual time=4.440..4.440 rows=0 loops=1)
   ->  Incremental Sort  (cost=828.68..1314.43 rows=10000 width=20) (actual time=1.804..4.183 rows=10000 loops=1)
         Sort Key: s_1.a, s_1.b
         Presorted Key: s_1.a
         Sort Method: quicksort  Memory: 28kB
         Sort Groups: 273
         ->  Sort  (cost=828.39..853.39 rows=10000 width=20) (actual time=1.758..2.150 rows=10000 loops=1)
               Sort Key: s_1.a
               Sort Method: quicksort  Memory: 1166kB
               ->  Seq Scan on s_1  (cost=0.00..164.00 rows=10000 width=20) (actual time=0.004..0.583 rows=10000 loops=1)
 Planning time: 0.224 ms
 Execution time: 4.490 ms
(12 rows)

===== 322 [Wed Mar  7 01:57:52 CET 2018] scale:10000 groups:1000 work_mem:128MB incremental:on max_workers:2 =====
SELECT * FROM (SELECT * FROM s_2 ORDER BY a, b) foo ORDER BY a, b, c
                                                        QUERY PLAN                                                        
--------------------------------------------------------------------------------------------------------------------------
 Limit  (cost=1414.43..1414.43 rows=1 width=20) (actual time=3.830..3.830 rows=0 loops=1)
   ->  Incremental Sort  (cost=828.68..1314.43 rows=10000 width=20) (actual time=1.923..3.578 rows=10000 loops=1)
         Sort Key: s_2.a, s_2.b, s_2.c
         Presorted Key: s_2.a, s_2.b
         Sort Method: quicksort  Memory: 27kB
         Sort Groups: 313
         ->  Sort  (cost=828.39..853.39 rows=10000 width=20) (actual time=1.881..2.277 rows=10000 loops=1)
               Sort Key: s_2.a, s_2.b
               Sort Method: quicksort  Memory: 1166kB
               ->  Seq Scan on s_2  (cost=0.00..164.00 rows=10000 width=20) (actual time=0.008..0.582 rows=10000 loops=1)
 Planning time: 0.231 ms
 Execution time: 3.879 ms
(12 rows)

===== 323 [Wed Mar  7 01:57:52 CET 2018] scale:10000 groups:1000 work_mem:128MB incremental:on max_workers:2 =====
SELECT * FROM (SELECT * FROM s_3 ORDER BY a, b, c) foo ORDER BY a, b, c, d
                                                        QUERY PLAN                                                        
--------------------------------------------------------------------------------------------------------------------------
 Limit  (cost=1414.43..1414.43 rows=1 width=20) (actual time=3.961..3.961 rows=0 loops=1)
   ->  Incremental Sort  (cost=828.68..1314.43 rows=10000 width=20) (actual time=1.899..3.705 rows=10000 loops=1)
         Sort Key: s_3.a, s_3.b, s_3.c, s_3.d
         Presorted Key: s_3.a, s_3.b, s_3.c
         Sort Method: quicksort  Memory: 27kB
         Sort Groups: 313
         ->  Sort  (cost=828.39..853.39 rows=10000 width=20) (actual time=1.857..2.258 rows=10000 loops=1)
               Sort Key: s_3.a, s_3.b, s_3.c
               Sort Method: quicksort  Memory: 1166kB
               ->  Seq Scan on s_3  (cost=0.00..164.00 rows=10000 width=20) (actual time=0.010..0.574 rows=10000 loops=1)
 Planning time: 0.232 ms
 Execution time: 4.010 ms
(12 rows)

===== 324 [Wed Mar  7 01:57:52 CET 2018] scale:10000 groups:1000 work_mem:128MB incremental:on max_workers:2 =====
SELECT * FROM (SELECT * FROM s_4 ORDER BY a, b, c, d) foo ORDER BY a, b, c, d, e
                                                        QUERY PLAN                                                        
--------------------------------------------------------------------------------------------------------------------------
 Limit  (cost=1414.43..1414.43 rows=1 width=20) (actual time=3.911..3.911 rows=0 loops=1)
   ->  Incremental Sort  (cost=828.68..1314.43 rows=10000 width=20) (actual time=1.873..3.687 rows=10000 loops=1)
         Sort Key: s_4.a, s_4.b, s_4.c, s_4.d, s_4.e
         Presorted Key: s_4.a, s_4.b, s_4.c, s_4.d
         Sort Method: quicksort  Memory: 27kB
         Sort Groups: 313
         ->  Sort  (cost=828.39..853.39 rows=10000 width=20) (actual time=1.832..2.233 rows=10000 loops=1)
               Sort Key: s_4.a, s_4.b, s_4.c, s_4.d
               Sort Method: quicksort  Memory: 1166kB
               ->  Seq Scan on s_4  (cost=0.00..164.00 rows=10000 width=20) (actual time=0.004..0.585 rows=10000 loops=1)
 Planning time: 0.233 ms
 Execution time: 3.969 ms
(12 rows)

===== 325 [Wed Mar  7 01:57:52 CET 2018] scale:10000 groups:1000 work_mem:128MB incremental:off max_workers:2 =====
SELECT * FROM (SELECT * FROM s_1 ORDER BY a) foo ORDER BY a, b
                                                        QUERY PLAN                                                        
--------------------------------------------------------------------------------------------------------------------------
 Limit  (cost=1742.77..1742.77 rows=1 width=20) (actual time=5.034..5.034 rows=0 loops=1)
   ->  Sort  (cost=1617.77..1642.77 rows=10000 width=20) (actual time=4.491..4.817 rows=10000 loops=1)
         Sort Key: s_1.a, s_1.b
         Sort Method: quicksort  Memory: 1166kB
         ->  Sort  (cost=828.39..853.39 rows=10000 width=20) (actual time=1.761..2.115 rows=10000 loops=1)
               Sort Key: s_1.a
               Sort Method: quicksort  Memory: 1166kB
               ->  Seq Scan on s_1  (cost=0.00..164.00 rows=10000 width=20) (actual time=0.004..0.584 rows=10000 loops=1)
 Planning time: 0.216 ms
 Execution time: 5.125 ms
(10 rows)

===== 326 [Wed Mar  7 01:57:52 CET 2018] scale:10000 groups:1000 work_mem:128MB incremental:off max_workers:2 =====
SELECT * FROM (SELECT * FROM s_2 ORDER BY a, b) foo ORDER BY a, b, c
                                                        QUERY PLAN                                                        
--------------------------------------------------------------------------------------------------------------------------
 Limit  (cost=1742.77..1742.77 rows=1 width=20) (actual time=4.534..4.534 rows=0 loops=1)
   ->  Sort  (cost=1617.77..1642.77 rows=10000 width=20) (actual time=4.000..4.316 rows=10000 loops=1)
         Sort Key: s_2.a, s_2.b, s_2.c
         Sort Method: quicksort  Memory: 1166kB
         ->  Sort  (cost=828.39..853.39 rows=10000 width=20) (actual time=1.867..2.226 rows=10000 loops=1)
               Sort Key: s_2.a, s_2.b
               Sort Method: quicksort  Memory: 1166kB
               ->  Seq Scan on s_2  (cost=0.00..164.00 rows=10000 width=20) (actual time=0.008..0.582 rows=10000 loops=1)
 Planning time: 0.221 ms
 Execution time: 4.621 ms
(10 rows)

===== 327 [Wed Mar  7 01:57:52 CET 2018] scale:10000 groups:1000 work_mem:128MB incremental:off max_workers:2 =====
SELECT * FROM (SELECT * FROM s_3 ORDER BY a, b, c) foo ORDER BY a, b, c, d
                                                        QUERY PLAN                                                        
--------------------------------------------------------------------------------------------------------------------------
 Limit  (cost=1742.77..1742.77 rows=1 width=20) (actual time=3.901..3.901 rows=0 loops=1)
   ->  Sort  (cost=1617.77..1642.77 rows=10000 width=20) (actual time=3.369..3.682 rows=10000 loops=1)
         Sort Key: s_3.a, s_3.b, s_3.c, s_3.d
         Sort Method: quicksort  Memory: 1166kB
         ->  Sort  (cost=828.39..853.39 rows=10000 width=20) (actual time=1.862..2.215 rows=10000 loops=1)
               Sort Key: s_3.a, s_3.b, s_3.c
               Sort Method: quicksort  Memory: 1166kB
               ->  Seq Scan on s_3  (cost=0.00..164.00 rows=10000 width=20) (actual time=0.010..0.577 rows=10000 loops=1)
 Planning time: 0.235 ms
 Execution time: 3.988 ms
(10 rows)

===== 328 [Wed Mar  7 01:57:52 CET 2018] scale:10000 groups:1000 work_mem:128MB incremental:off max_workers:2 =====
SELECT * FROM (SELECT * FROM s_4 ORDER BY a, b, c, d) foo ORDER BY a, b, c, d, e
                                                        QUERY PLAN                                                        
--------------------------------------------------------------------------------------------------------------------------
 Limit  (cost=1742.77..1742.77 rows=1 width=20) (actual time=3.926..3.926 rows=0 loops=1)
   ->  Sort  (cost=1617.77..1642.77 rows=10000 width=20) (actual time=3.397..3.708 rows=10000 loops=1)
         Sort Key: s_4.a, s_4.b, s_4.c, s_4.d, s_4.e
         Sort Method: quicksort  Memory: 1166kB
         ->  Sort  (cost=828.39..853.39 rows=10000 width=20) (actual time=1.877..2.230 rows=10000 loops=1)
               Sort Key: s_4.a, s_4.b, s_4.c, s_4.d
               Sort Method: quicksort  Memory: 1166kB
               ->  Seq Scan on s_4  (cost=0.00..164.00 rows=10000 width=20) (actual time=0.004..0.582 rows=10000 loops=1)
 Planning time: 0.228 ms
 Execution time: 4.013 ms
(10 rows)

===== 329 [Wed Mar  7 01:57:52 CET 2018] scale:10000 groups:1000 work_mem:256MB incremental:on max_workers:2 =====
SELECT * FROM (SELECT * FROM s_1 ORDER BY a) foo ORDER BY a, b
                                                        QUERY PLAN                                                        
--------------------------------------------------------------------------------------------------------------------------
 Limit  (cost=1414.43..1414.43 rows=1 width=20) (actual time=4.481..4.481 rows=0 loops=1)
   ->  Incremental Sort  (cost=828.68..1314.43 rows=10000 width=20) (actual time=1.812..4.221 rows=10000 loops=1)
         Sort Key: s_1.a, s_1.b
         Presorted Key: s_1.a
         Sort Method: quicksort  Memory: 28kB
         Sort Groups: 273
         ->  Sort  (cost=828.39..853.39 rows=10000 width=20) (actual time=1.766..2.155 rows=10000 loops=1)
               Sort Key: s_1.a
               Sort Method: quicksort  Memory: 1166kB
               ->  Seq Scan on s_1  (cost=0.00..164.00 rows=10000 width=20) (actual time=0.004..0.578 rows=10000 loops=1)
 Planning time: 0.223 ms
 Execution time: 4.530 ms
(12 rows)

===== 330 [Wed Mar  7 01:57:52 CET 2018] scale:10000 groups:1000 work_mem:256MB incremental:on max_workers:2 =====
SELECT * FROM (SELECT * FROM s_2 ORDER BY a, b) foo ORDER BY a, b, c
                                                        QUERY PLAN                                                        
--------------------------------------------------------------------------------------------------------------------------
 Limit  (cost=1414.43..1414.43 rows=1 width=20) (actual time=3.812..3.812 rows=0 loops=1)
   ->  Incremental Sort  (cost=828.68..1314.43 rows=10000 width=20) (actual time=1.908..3.561 rows=10000 loops=1)
         Sort Key: s_2.a, s_2.b, s_2.c
         Presorted Key: s_2.a, s_2.b
         Sort Method: quicksort  Memory: 27kB
         Sort Groups: 313
         ->  Sort  (cost=828.39..853.39 rows=10000 width=20) (actual time=1.869..2.264 rows=10000 loops=1)
               Sort Key: s_2.a, s_2.b
               Sort Method: quicksort  Memory: 1166kB
               ->  Seq Scan on s_2  (cost=0.00..164.00 rows=10000 width=20) (actual time=0.007..0.586 rows=10000 loops=1)
 Planning time: 0.226 ms
 Execution time: 3.862 ms
(12 rows)

===== 331 [Wed Mar  7 01:57:53 CET 2018] scale:10000 groups:1000 work_mem:256MB incremental:on max_workers:2 =====
SELECT * FROM (SELECT * FROM s_3 ORDER BY a, b, c) foo ORDER BY a, b, c, d
                                                        QUERY PLAN                                                        
--------------------------------------------------------------------------------------------------------------------------
 Limit  (cost=1414.43..1414.43 rows=1 width=20) (actual time=3.966..3.966 rows=0 loops=1)
   ->  Incremental Sort  (cost=828.68..1314.43 rows=10000 width=20) (actual time=1.896..3.710 rows=10000 loops=1)
         Sort Key: s_3.a, s_3.b, s_3.c, s_3.d
         Presorted Key: s_3.a, s_3.b, s_3.c
         Sort Method: quicksort  Memory: 27kB
         Sort Groups: 313
         ->  Sort  (cost=828.39..853.39 rows=10000 width=20) (actual time=1.854..2.247 rows=10000 loops=1)
               Sort Key: s_3.a, s_3.b, s_3.c
               Sort Method: quicksort  Memory: 1166kB
               ->  Seq Scan on s_3  (cost=0.00..164.00 rows=10000 width=20) (actual time=0.010..0.574 rows=10000 loops=1)
 Planning time: 0.232 ms
 Execution time: 4.016 ms
(12 rows)

===== 332 [Wed Mar  7 01:57:53 CET 2018] scale:10000 groups:1000 work_mem:256MB incremental:on max_workers:2 =====
SELECT * FROM (SELECT * FROM s_4 ORDER BY a, b, c, d) foo ORDER BY a, b, c, d, e
                                                        QUERY PLAN                                                        
--------------------------------------------------------------------------------------------------------------------------
 Limit  (cost=1414.43..1414.43 rows=1 width=20) (actual time=3.906..3.906 rows=0 loops=1)
   ->  Incremental Sort  (cost=828.68..1314.43 rows=10000 width=20) (actual time=1.871..3.681 rows=10000 loops=1)
         Sort Key: s_4.a, s_4.b, s_4.c, s_4.d, s_4.e
         Presorted Key: s_4.a, s_4.b, s_4.c, s_4.d
         Sort Method: quicksort  Memory: 27kB
         Sort Groups: 313
         ->  Sort  (cost=828.39..853.39 rows=10000 width=20) (actual time=1.829..2.231 rows=10000 loops=1)
               Sort Key: s_4.a, s_4.b, s_4.c, s_4.d
               Sort Method: quicksort  Memory: 1166kB
               ->  Seq Scan on s_4  (cost=0.00..164.00 rows=10000 width=20) (actual time=0.004..0.575 rows=10000 loops=1)
 Planning time: 0.235 ms
 Execution time: 3.965 ms
(12 rows)

===== 333 [Wed Mar  7 01:57:53 CET 2018] scale:10000 groups:1000 work_mem:256MB incremental:off max_workers:2 =====
SELECT * FROM (SELECT * FROM s_1 ORDER BY a) foo ORDER BY a, b
                                                        QUERY PLAN                                                        
--------------------------------------------------------------------------------------------------------------------------
 Limit  (cost=1742.77..1742.77 rows=1 width=20) (actual time=5.026..5.026 rows=0 loops=1)
   ->  Sort  (cost=1617.77..1642.77 rows=10000 width=20) (actual time=4.478..4.809 rows=10000 loops=1)
         Sort Key: s_1.a, s_1.b
         Sort Method: quicksort  Memory: 1166kB
         ->  Sort  (cost=828.39..853.39 rows=10000 width=20) (actual time=1.756..2.111 rows=10000 loops=1)
               Sort Key: s_1.a
               Sort Method: quicksort  Memory: 1166kB
               ->  Seq Scan on s_1  (cost=0.00..164.00 rows=10000 width=20) (actual time=0.004..0.582 rows=10000 loops=1)
 Planning time: 0.216 ms
 Execution time: 5.113 ms
(10 rows)

===== 334 [Wed Mar  7 01:57:53 CET 2018] scale:10000 groups:1000 work_mem:256MB incremental:off max_workers:2 =====
SELECT * FROM (SELECT * FROM s_2 ORDER BY a, b) foo ORDER BY a, b, c
                                                        QUERY PLAN                                                        
--------------------------------------------------------------------------------------------------------------------------
 Limit  (cost=1742.77..1742.77 rows=1 width=20) (actual time=4.535..4.535 rows=0 loops=1)
   ->  Sort  (cost=1617.77..1642.77 rows=10000 width=20) (actual time=3.998..4.319 rows=10000 loops=1)
         Sort Key: s_2.a, s_2.b, s_2.c
         Sort Method: quicksort  Memory: 1166kB
         ->  Sort  (cost=828.39..853.39 rows=10000 width=20) (actual time=1.872..2.227 rows=10000 loops=1)
               Sort Key: s_2.a, s_2.b
               Sort Method: quicksort  Memory: 1166kB
               ->  Seq Scan on s_2  (cost=0.00..164.00 rows=10000 width=20) (actual time=0.008..0.582 rows=10000 loops=1)
 Planning time: 0.223 ms
 Execution time: 4.622 ms
(10 rows)

===== 335 [Wed Mar  7 01:57:53 CET 2018] scale:10000 groups:1000 work_mem:256MB incremental:off max_workers:2 =====
SELECT * FROM (SELECT * FROM s_3 ORDER BY a, b, c) foo ORDER BY a, b, c, d
                                                        QUERY PLAN                                                        
--------------------------------------------------------------------------------------------------------------------------
 Limit  (cost=1742.77..1742.77 rows=1 width=20) (actual time=3.901..3.901 rows=0 loops=1)
   ->  Sort  (cost=1617.77..1642.77 rows=10000 width=20) (actual time=3.372..3.683 rows=10000 loops=1)
         Sort Key: s_3.a, s_3.b, s_3.c, s_3.d
         Sort Method: quicksort  Memory: 1166kB
         ->  Sort  (cost=828.39..853.39 rows=10000 width=20) (actual time=1.861..2.213 rows=10000 loops=1)
               Sort Key: s_3.a, s_3.b, s_3.c
               Sort Method: quicksort  Memory: 1166kB
               ->  Seq Scan on s_3  (cost=0.00..164.00 rows=10000 width=20) (actual time=0.010..0.575 rows=10000 loops=1)
 Planning time: 0.223 ms
 Execution time: 3.988 ms
(10 rows)

===== 336 [Wed Mar  7 01:57:53 CET 2018] scale:10000 groups:1000 work_mem:256MB incremental:off max_workers:2 =====
SELECT * FROM (SELECT * FROM s_4 ORDER BY a, b, c, d) foo ORDER BY a, b, c, d, e
                                                        QUERY PLAN                                                        
--------------------------------------------------------------------------------------------------------------------------
 Limit  (cost=1742.77..1742.77 rows=1 width=20) (actual time=3.937..3.937 rows=0 loops=1)
   ->  Sort  (cost=1617.77..1642.77 rows=10000 width=20) (actual time=3.408..3.720 rows=10000 loops=1)
         Sort Key: s_4.a, s_4.b, s_4.c, s_4.d, s_4.e
         Sort Method: quicksort  Memory: 1166kB
         ->  Sort  (cost=828.39..853.39 rows=10000 width=20) (actual time=1.886..2.239 rows=10000 loops=1)
               Sort Key: s_4.a, s_4.b, s_4.c, s_4.d
               Sort Method: quicksort  Memory: 1166kB
               ->  Seq Scan on s_4  (cost=0.00..164.00 rows=10000 width=20) (actual time=0.004..0.594 rows=10000 loops=1)
 Planning time: 0.228 ms
 Execution time: 4.027 ms
(10 rows)

===== 337 [Wed Mar  7 01:57:54 CET 2018] scale:10000 groups:10000 work_mem:4MB incremental:on max_workers:0 =====
SELECT * FROM (SELECT * FROM s_1 ORDER BY a) foo ORDER BY a, b
                                                        QUERY PLAN                                                        
--------------------------------------------------------------------------------------------------------------------------
 Limit  (cost=1405.27..1405.27 rows=1 width=20) (actual time=4.086..4.086 rows=0 loops=1)
   ->  Incremental Sort  (cost=828.41..1305.27 rows=10000 width=20) (actual time=1.795..3.831 rows=10000 loops=1)
         Sort Key: s_1.a, s_1.b
         Presorted Key: s_1.a
         Sort Method: quicksort  Memory: 27kB
         Sort Groups: 308
         ->  Sort  (cost=828.39..853.39 rows=10000 width=20) (actual time=1.751..2.146 rows=10000 loops=1)
               Sort Key: s_1.a
               Sort Method: quicksort  Memory: 1166kB
               ->  Seq Scan on s_1  (cost=0.00..164.00 rows=10000 width=20) (actual time=0.007..0.569 rows=10000 loops=1)
 Planning time: 0.215 ms
 Execution time: 4.134 ms
(12 rows)

===== 338 [Wed Mar  7 01:57:54 CET 2018] scale:10000 groups:10000 work_mem:4MB incremental:on max_workers:0 =====
SELECT * FROM (SELECT * FROM s_2 ORDER BY a, b) foo ORDER BY a, b, c
                                                        QUERY PLAN                                                        
--------------------------------------------------------------------------------------------------------------------------
 Limit  (cost=1405.27..1405.27 rows=1 width=20) (actual time=3.747..3.747 rows=0 loops=1)
   ->  Incremental Sort  (cost=828.41..1305.27 rows=10000 width=20) (actual time=1.894..3.495 rows=10000 loops=1)
         Sort Key: s_2.a, s_2.b, s_2.c
         Presorted Key: s_2.a, s_2.b
         Sort Method: quicksort  Memory: 27kB
         Sort Groups: 313
         ->  Sort  (cost=828.39..853.39 rows=10000 width=20) (actual time=1.852..2.253 rows=10000 loops=1)
               Sort Key: s_2.a, s_2.b
               Sort Method: quicksort  Memory: 1166kB
               ->  Seq Scan on s_2  (cost=0.00..164.00 rows=10000 width=20) (actual time=0.007..0.578 rows=10000 loops=1)
 Planning time: 0.211 ms
 Execution time: 3.797 ms
(12 rows)

===== 339 [Wed Mar  7 01:57:54 CET 2018] scale:10000 groups:10000 work_mem:4MB incremental:on max_workers:0 =====
SELECT * FROM (SELECT * FROM s_3 ORDER BY a, b, c) foo ORDER BY a, b, c, d
                                                        QUERY PLAN                                                        
--------------------------------------------------------------------------------------------------------------------------
 Limit  (cost=1405.27..1405.27 rows=1 width=20) (actual time=3.926..3.926 rows=0 loops=1)
   ->  Incremental Sort  (cost=828.41..1305.27 rows=10000 width=20) (actual time=1.880..3.669 rows=10000 loops=1)
         Sort Key: s_3.a, s_3.b, s_3.c, s_3.d
         Presorted Key: s_3.a, s_3.b, s_3.c
         Sort Method: quicksort  Memory: 27kB
         Sort Groups: 313
         ->  Sort  (cost=828.39..853.39 rows=10000 width=20) (actual time=1.837..2.230 rows=10000 loops=1)
               Sort Key: s_3.a, s_3.b, s_3.c
               Sort Method: quicksort  Memory: 1166kB
               ->  Seq Scan on s_3  (cost=0.00..164.00 rows=10000 width=20) (actual time=0.007..0.577 rows=10000 loops=1)
 Planning time: 0.217 ms
 Execution time: 3.976 ms
(12 rows)

===== 340 [Wed Mar  7 01:57:54 CET 2018] scale:10000 groups:10000 work_mem:4MB incremental:on max_workers:0 =====
SELECT * FROM (SELECT * FROM s_4 ORDER BY a, b, c, d) foo ORDER BY a, b, c, d, e
                                                        QUERY PLAN                                                        
--------------------------------------------------------------------------------------------------------------------------
 Limit  (cost=1405.27..1405.27 rows=1 width=20) (actual time=3.856..3.856 rows=0 loops=1)
   ->  Incremental Sort  (cost=828.41..1305.27 rows=10000 width=20) (actual time=1.837..3.632 rows=10000 loops=1)
         Sort Key: s_4.a, s_4.b, s_4.c, s_4.d, s_4.e
         Presorted Key: s_4.a, s_4.b, s_4.c, s_4.d
         Sort Method: quicksort  Memory: 27kB
         Sort Groups: 313
         ->  Sort  (cost=828.39..853.39 rows=10000 width=20) (actual time=1.796..2.201 rows=10000 loops=1)
               Sort Key: s_4.a, s_4.b, s_4.c, s_4.d
               Sort Method: quicksort  Memory: 1166kB
               ->  Seq Scan on s_4  (cost=0.00..164.00 rows=10000 width=20) (actual time=0.004..0.581 rows=10000 loops=1)
 Planning time: 0.230 ms
 Execution time: 3.914 ms
(12 rows)

===== 341 [Wed Mar  7 01:57:54 CET 2018] scale:10000 groups:10000 work_mem:4MB incremental:off max_workers:0 =====
SELECT * FROM (SELECT * FROM s_1 ORDER BY a) foo ORDER BY a, b
                                                        QUERY PLAN                                                        
--------------------------------------------------------------------------------------------------------------------------
 Limit  (cost=1742.77..1742.77 rows=1 width=20) (actual time=4.679..4.679 rows=0 loops=1)
   ->  Sort  (cost=1617.77..1642.77 rows=10000 width=20) (actual time=4.141..4.463 rows=10000 loops=1)
         Sort Key: s_1.a, s_1.b
         Sort Method: quicksort  Memory: 1166kB
         ->  Sort  (cost=828.39..853.39 rows=10000 width=20) (actual time=1.747..2.100 rows=10000 loops=1)
               Sort Key: s_1.a
               Sort Method: quicksort  Memory: 1166kB
               ->  Seq Scan on s_1  (cost=0.00..164.00 rows=10000 width=20) (actual time=0.007..0.577 rows=10000 loops=1)
 Planning time: 0.219 ms
 Execution time: 4.768 ms
(10 rows)

===== 342 [Wed Mar  7 01:57:54 CET 2018] scale:10000 groups:10000 work_mem:4MB incremental:off max_workers:0 =====
SELECT * FROM (SELECT * FROM s_2 ORDER BY a, b) foo ORDER BY a, b, c
                                                        QUERY PLAN                                                        
--------------------------------------------------------------------------------------------------------------------------
 Limit  (cost=1742.77..1742.77 rows=1 width=20) (actual time=4.147..4.147 rows=0 loops=1)
   ->  Sort  (cost=1617.77..1642.77 rows=10000 width=20) (actual time=3.616..3.927 rows=10000 loops=1)
         Sort Key: s_2.a, s_2.b, s_2.c
         Sort Method: quicksort  Memory: 1166kB
         ->  Sort  (cost=828.39..853.39 rows=10000 width=20) (actual time=1.851..2.204 rows=10000 loops=1)
               Sort Key: s_2.a, s_2.b
               Sort Method: quicksort  Memory: 1166kB
               ->  Seq Scan on s_2  (cost=0.00..164.00 rows=10000 width=20) (actual time=0.007..0.582 rows=10000 loops=1)
 Planning time: 0.206 ms
 Execution time: 4.234 ms
(10 rows)

===== 343 [Wed Mar  7 01:57:54 CET 2018] scale:10000 groups:10000 work_mem:4MB incremental:off max_workers:0 =====
SELECT * FROM (SELECT * FROM s_3 ORDER BY a, b, c) foo ORDER BY a, b, c, d
                                                        QUERY PLAN                                                        
--------------------------------------------------------------------------------------------------------------------------
 Limit  (cost=1742.77..1742.77 rows=1 width=20) (actual time=3.859..3.859 rows=0 loops=1)
   ->  Sort  (cost=1617.77..1642.77 rows=10000 width=20) (actual time=3.325..3.642 rows=10000 loops=1)
         Sort Key: s_3.a, s_3.b, s_3.c, s_3.d
         Sort Method: quicksort  Memory: 1166kB
         ->  Sort  (cost=828.39..853.39 rows=10000 width=20) (actual time=1.842..2.197 rows=10000 loops=1)
               Sort Key: s_3.a, s_3.b, s_3.c
               Sort Method: quicksort  Memory: 1166kB
               ->  Seq Scan on s_3  (cost=0.00..164.00 rows=10000 width=20) (actual time=0.008..0.589 rows=10000 loops=1)
 Planning time: 0.219 ms
 Execution time: 3.946 ms
(10 rows)

===== 344 [Wed Mar  7 01:57:54 CET 2018] scale:10000 groups:10000 work_mem:4MB incremental:off max_workers:0 =====
SELECT * FROM (SELECT * FROM s_4 ORDER BY a, b, c, d) foo ORDER BY a, b, c, d, e
                                                        QUERY PLAN                                                        
--------------------------------------------------------------------------------------------------------------------------
 Limit  (cost=1742.77..1742.77 rows=1 width=20) (actual time=3.871..3.871 rows=0 loops=1)
   ->  Sort  (cost=1617.77..1642.77 rows=10000 width=20) (actual time=3.334..3.653 rows=10000 loops=1)
         Sort Key: s_4.a, s_4.b, s_4.c, s_4.d, s_4.e
         Sort Method: quicksort  Memory: 1166kB
         ->  Sort  (cost=828.39..853.39 rows=10000 width=20) (actual time=1.846..2.198 rows=10000 loops=1)
               Sort Key: s_4.a, s_4.b, s_4.c, s_4.d
               Sort Method: quicksort  Memory: 1166kB
               ->  Seq Scan on s_4  (cost=0.00..164.00 rows=10000 width=20) (actual time=0.004..0.580 rows=10000 loops=1)
 Planning time: 0.212 ms
 Execution time: 3.958 ms
(10 rows)

===== 345 [Wed Mar  7 01:57:54 CET 2018] scale:10000 groups:10000 work_mem:8MB incremental:on max_workers:0 =====
SELECT * FROM (SELECT * FROM s_1 ORDER BY a) foo ORDER BY a, b
                                                        QUERY PLAN                                                        
--------------------------------------------------------------------------------------------------------------------------
 Limit  (cost=1405.27..1405.27 rows=1 width=20) (actual time=4.090..4.090 rows=0 loops=1)
   ->  Incremental Sort  (cost=828.41..1305.27 rows=10000 width=20) (actual time=1.801..3.833 rows=10000 loops=1)
         Sort Key: s_1.a, s_1.b
         Presorted Key: s_1.a
         Sort Method: quicksort  Memory: 27kB
         Sort Groups: 308
         ->  Sort  (cost=828.39..853.39 rows=10000 width=20) (actual time=1.755..2.150 rows=10000 loops=1)
               Sort Key: s_1.a
               Sort Method: quicksort  Memory: 1166kB
               ->  Seq Scan on s_1  (cost=0.00..164.00 rows=10000 width=20) (actual time=0.007..0.578 rows=10000 loops=1)
 Planning time: 0.217 ms
 Execution time: 4.139 ms
(12 rows)

===== 346 [Wed Mar  7 01:57:55 CET 2018] scale:10000 groups:10000 work_mem:8MB incremental:on max_workers:0 =====
SELECT * FROM (SELECT * FROM s_2 ORDER BY a, b) foo ORDER BY a, b, c
                                                        QUERY PLAN                                                        
--------------------------------------------------------------------------------------------------------------------------
 Limit  (cost=1405.27..1405.27 rows=1 width=20) (actual time=3.729..3.729 rows=0 loops=1)
   ->  Incremental Sort  (cost=828.41..1305.27 rows=10000 width=20) (actual time=1.882..3.478 rows=10000 loops=1)
         Sort Key: s_2.a, s_2.b, s_2.c
         Presorted Key: s_2.a, s_2.b
         Sort Method: quicksort  Memory: 27kB
         Sort Groups: 313
         ->  Sort  (cost=828.39..853.39 rows=10000 width=20) (actual time=1.843..2.240 rows=10000 loops=1)
               Sort Key: s_2.a, s_2.b
               Sort Method: quicksort  Memory: 1166kB
               ->  Seq Scan on s_2  (cost=0.00..164.00 rows=10000 width=20) (actual time=0.007..0.578 rows=10000 loops=1)
 Planning time: 0.212 ms
 Execution time: 3.778 ms
(12 rows)

===== 347 [Wed Mar  7 01:57:55 CET 2018] scale:10000 groups:10000 work_mem:8MB incremental:on max_workers:0 =====
SELECT * FROM (SELECT * FROM s_3 ORDER BY a, b, c) foo ORDER BY a, b, c, d
                                                        QUERY PLAN                                                        
--------------------------------------------------------------------------------------------------------------------------
 Limit  (cost=1405.27..1405.27 rows=1 width=20) (actual time=3.920..3.920 rows=0 loops=1)
   ->  Incremental Sort  (cost=828.41..1305.27 rows=10000 width=20) (actual time=1.878..3.663 rows=10000 loops=1)
         Sort Key: s_3.a, s_3.b, s_3.c, s_3.d
         Presorted Key: s_3.a, s_3.b, s_3.c
         Sort Method: quicksort  Memory: 27kB
         Sort Groups: 313
         ->  Sort  (cost=828.39..853.39 rows=10000 width=20) (actual time=1.834..2.227 rows=10000 loops=1)
               Sort Key: s_3.a, s_3.b, s_3.c
               Sort Method: quicksort  Memory: 1166kB
               ->  Seq Scan on s_3  (cost=0.00..164.00 rows=10000 width=20) (actual time=0.007..0.584 rows=10000 loops=1)
 Planning time: 0.214 ms
 Execution time: 3.970 ms
(12 rows)

===== 348 [Wed Mar  7 01:57:55 CET 2018] scale:10000 groups:10000 work_mem:8MB incremental:on max_workers:0 =====
SELECT * FROM (SELECT * FROM s_4 ORDER BY a, b, c, d) foo ORDER BY a, b, c, d, e
                                                        QUERY PLAN                                                        
--------------------------------------------------------------------------------------------------------------------------
 Limit  (cost=1405.27..1405.27 rows=1 width=20) (actual time=3.852..3.852 rows=0 loops=1)
   ->  Incremental Sort  (cost=828.41..1305.27 rows=10000 width=20) (actual time=1.836..3.627 rows=10000 loops=1)
         Sort Key: s_4.a, s_4.b, s_4.c, s_4.d, s_4.e
         Presorted Key: s_4.a, s_4.b, s_4.c, s_4.d
         Sort Method: quicksort  Memory: 27kB
         Sort Groups: 313
         ->  Sort  (cost=828.39..853.39 rows=10000 width=20) (actual time=1.795..2.195 rows=10000 loops=1)
               Sort Key: s_4.a, s_4.b, s_4.c, s_4.d
               Sort Method: quicksort  Memory: 1166kB
               ->  Seq Scan on s_4  (cost=0.00..164.00 rows=10000 width=20) (actual time=0.004..0.578 rows=10000 loops=1)
 Planning time: 0.230 ms
 Execution time: 3.914 ms
(12 rows)

===== 349 [Wed Mar  7 01:57:55 CET 2018] scale:10000 groups:10000 work_mem:8MB incremental:off max_workers:0 =====
SELECT * FROM (SELECT * FROM s_1 ORDER BY a) foo ORDER BY a, b
                                                        QUERY PLAN                                                        
--------------------------------------------------------------------------------------------------------------------------
 Limit  (cost=1742.77..1742.77 rows=1 width=20) (actual time=4.676..4.676 rows=0 loops=1)
   ->  Sort  (cost=1617.77..1642.77 rows=10000 width=20) (actual time=4.138..4.458 rows=10000 loops=1)
         Sort Key: s_1.a, s_1.b
         Sort Method: quicksort  Memory: 1166kB
         ->  Sort  (cost=828.39..853.39 rows=10000 width=20) (actual time=1.751..2.105 rows=10000 loops=1)
               Sort Key: s_1.a
               Sort Method: quicksort  Memory: 1166kB
               ->  Seq Scan on s_1  (cost=0.00..164.00 rows=10000 width=20) (actual time=0.007..0.581 rows=10000 loops=1)
 Planning time: 0.210 ms
 Execution time: 4.764 ms
(10 rows)

===== 350 [Wed Mar  7 01:57:55 CET 2018] scale:10000 groups:10000 work_mem:8MB incremental:off max_workers:0 =====
SELECT * FROM (SELECT * FROM s_2 ORDER BY a, b) foo ORDER BY a, b, c
                                                        QUERY PLAN                                                        
--------------------------------------------------------------------------------------------------------------------------
 Limit  (cost=1742.77..1742.77 rows=1 width=20) (actual time=4.135..4.135 rows=0 loops=1)
   ->  Sort  (cost=1617.77..1642.77 rows=10000 width=20) (actual time=3.602..3.915 rows=10000 loops=1)
         Sort Key: s_2.a, s_2.b, s_2.c
         Sort Method: quicksort  Memory: 1166kB
         ->  Sort  (cost=828.39..853.39 rows=10000 width=20) (actual time=1.841..2.197 rows=10000 loops=1)
               Sort Key: s_2.a, s_2.b
               Sort Method: quicksort  Memory: 1166kB
               ->  Seq Scan on s_2  (cost=0.00..164.00 rows=10000 width=20) (actual time=0.008..0.581 rows=10000 loops=1)
 Planning time: 0.209 ms
 Execution time: 4.221 ms
(10 rows)

===== 351 [Wed Mar  7 01:57:55 CET 2018] scale:10000 groups:10000 work_mem:8MB incremental:off max_workers:0 =====
SELECT * FROM (SELECT * FROM s_3 ORDER BY a, b, c) foo ORDER BY a, b, c, d
                                                        QUERY PLAN                                                        
--------------------------------------------------------------------------------------------------------------------------
 Limit  (cost=1742.77..1742.77 rows=1 width=20) (actual time=3.866..3.866 rows=0 loops=1)
   ->  Sort  (cost=1617.77..1642.77 rows=10000 width=20) (actual time=3.334..3.647 rows=10000 loops=1)
         Sort Key: s_3.a, s_3.b, s_3.c, s_3.d
         Sort Method: quicksort  Memory: 1166kB
         ->  Sort  (cost=828.39..853.39 rows=10000 width=20) (actual time=1.844..2.197 rows=10000 loops=1)
               Sort Key: s_3.a, s_3.b, s_3.c
               Sort Method: quicksort  Memory: 1166kB
               ->  Seq Scan on s_3  (cost=0.00..164.00 rows=10000 width=20) (actual time=0.008..0.587 rows=10000 loops=1)
 Planning time: 0.207 ms
 Execution time: 3.954 ms
(10 rows)

===== 352 [Wed Mar  7 01:57:55 CET 2018] scale:10000 groups:10000 work_mem:8MB incremental:off max_workers:0 =====
SELECT * FROM (SELECT * FROM s_4 ORDER BY a, b, c, d) foo ORDER BY a, b, c, d, e
                                                        QUERY PLAN                                                        
--------------------------------------------------------------------------------------------------------------------------
 Limit  (cost=1742.77..1742.77 rows=1 width=20) (actual time=3.860..3.860 rows=0 loops=1)
   ->  Sort  (cost=1617.77..1642.77 rows=10000 width=20) (actual time=3.331..3.642 rows=10000 loops=1)
         Sort Key: s_4.a, s_4.b, s_4.c, s_4.d, s_4.e
         Sort Method: quicksort  Memory: 1166kB
         ->  Sort  (cost=828.39..853.39 rows=10000 width=20) (actual time=1.843..2.196 rows=10000 loops=1)
               Sort Key: s_4.a, s_4.b, s_4.c, s_4.d
               Sort Method: quicksort  Memory: 1166kB
               ->  Seq Scan on s_4  (cost=0.00..164.00 rows=10000 width=20) (actual time=0.004..0.584 rows=10000 loops=1)
 Planning time: 0.216 ms
 Execution time: 3.947 ms
(10 rows)

===== 353 [Wed Mar  7 01:57:55 CET 2018] scale:10000 groups:10000 work_mem:16MB incremental:on max_workers:0 =====
SELECT * FROM (SELECT * FROM s_1 ORDER BY a) foo ORDER BY a, b
                                                        QUERY PLAN                                                        
--------------------------------------------------------------------------------------------------------------------------
 Limit  (cost=1405.27..1405.27 rows=1 width=20) (actual time=4.085..4.085 rows=0 loops=1)
   ->  Incremental Sort  (cost=828.41..1305.27 rows=10000 width=20) (actual time=1.799..3.831 rows=10000 loops=1)
         Sort Key: s_1.a, s_1.b
         Presorted Key: s_1.a
         Sort Method: quicksort  Memory: 27kB
         Sort Groups: 308
         ->  Sort  (cost=828.39..853.39 rows=10000 width=20) (actual time=1.754..2.149 rows=10000 loops=1)
               Sort Key: s_1.a
               Sort Method: quicksort  Memory: 1166kB
               ->  Seq Scan on s_1  (cost=0.00..164.00 rows=10000 width=20) (actual time=0.007..0.570 rows=10000 loops=1)
 Planning time: 0.216 ms
 Execution time: 4.137 ms
(12 rows)

===== 354 [Wed Mar  7 01:57:55 CET 2018] scale:10000 groups:10000 work_mem:16MB incremental:on max_workers:0 =====
SELECT * FROM (SELECT * FROM s_2 ORDER BY a, b) foo ORDER BY a, b, c
                                                        QUERY PLAN                                                        
--------------------------------------------------------------------------------------------------------------------------
 Limit  (cost=1405.27..1405.27 rows=1 width=20) (actual time=3.741..3.741 rows=0 loops=1)
   ->  Incremental Sort  (cost=828.41..1305.27 rows=10000 width=20) (actual time=1.893..3.490 rows=10000 loops=1)
         Sort Key: s_2.a, s_2.b, s_2.c
         Presorted Key: s_2.a, s_2.b
         Sort Method: quicksort  Memory: 27kB
         Sort Groups: 313
         ->  Sort  (cost=828.39..853.39 rows=10000 width=20) (actual time=1.854..2.253 rows=10000 loops=1)
               Sort Key: s_2.a, s_2.b
               Sort Method: quicksort  Memory: 1166kB
               ->  Seq Scan on s_2  (cost=0.00..164.00 rows=10000 width=20) (actual time=0.008..0.583 rows=10000 loops=1)
 Planning time: 0.211 ms
 Execution time: 3.792 ms
(12 rows)

===== 355 [Wed Mar  7 01:57:55 CET 2018] scale:10000 groups:10000 work_mem:16MB incremental:on max_workers:0 =====
SELECT * FROM (SELECT * FROM s_3 ORDER BY a, b, c) foo ORDER BY a, b, c, d
                                                        QUERY PLAN                                                        
--------------------------------------------------------------------------------------------------------------------------
 Limit  (cost=1405.27..1405.27 rows=1 width=20) (actual time=3.916..3.916 rows=0 loops=1)
   ->  Incremental Sort  (cost=828.41..1305.27 rows=10000 width=20) (actual time=1.871..3.659 rows=10000 loops=1)
         Sort Key: s_3.a, s_3.b, s_3.c, s_3.d
         Presorted Key: s_3.a, s_3.b, s_3.c
         Sort Method: quicksort  Memory: 27kB
         Sort Groups: 313
         ->  Sort  (cost=828.39..853.39 rows=10000 width=20) (actual time=1.828..2.225 rows=10000 loops=1)
               Sort Key: s_3.a, s_3.b, s_3.c
               Sort Method: quicksort  Memory: 1166kB
               ->  Seq Scan on s_3  (cost=0.00..164.00 rows=10000 width=20) (actual time=0.007..0.576 rows=10000 loops=1)
 Planning time: 0.215 ms
 Execution time: 3.966 ms
(12 rows)

===== 356 [Wed Mar  7 01:57:55 CET 2018] scale:10000 groups:10000 work_mem:16MB incremental:on max_workers:0 =====
SELECT * FROM (SELECT * FROM s_4 ORDER BY a, b, c, d) foo ORDER BY a, b, c, d, e
                                                        QUERY PLAN                                                        
--------------------------------------------------------------------------------------------------------------------------
 Limit  (cost=1405.27..1405.27 rows=1 width=20) (actual time=3.852..3.852 rows=0 loops=1)
   ->  Incremental Sort  (cost=828.41..1305.27 rows=10000 width=20) (actual time=1.838..3.627 rows=10000 loops=1)
         Sort Key: s_4.a, s_4.b, s_4.c, s_4.d, s_4.e
         Presorted Key: s_4.a, s_4.b, s_4.c, s_4.d
         Sort Method: quicksort  Memory: 27kB
         Sort Groups: 313
         ->  Sort  (cost=828.39..853.39 rows=10000 width=20) (actual time=1.797..2.197 rows=10000 loops=1)
               Sort Key: s_4.a, s_4.b, s_4.c, s_4.d
               Sort Method: quicksort  Memory: 1166kB
               ->  Seq Scan on s_4  (cost=0.00..164.00 rows=10000 width=20) (actual time=0.004..0.574 rows=10000 loops=1)
 Planning time: 0.229 ms
 Execution time: 3.910 ms
(12 rows)

===== 357 [Wed Mar  7 01:57:55 CET 2018] scale:10000 groups:10000 work_mem:16MB incremental:off max_workers:0 =====
SELECT * FROM (SELECT * FROM s_1 ORDER BY a) foo ORDER BY a, b
                                                        QUERY PLAN                                                        
--------------------------------------------------------------------------------------------------------------------------
 Limit  (cost=1742.77..1742.77 rows=1 width=20) (actual time=4.692..4.692 rows=0 loops=1)
   ->  Sort  (cost=1617.77..1642.77 rows=10000 width=20) (actual time=4.154..4.476 rows=10000 loops=1)
         Sort Key: s_1.a, s_1.b
         Sort Method: quicksort  Memory: 1166kB
         ->  Sort  (cost=828.39..853.39 rows=10000 width=20) (actual time=1.761..2.118 rows=10000 loops=1)
               Sort Key: s_1.a
               Sort Method: quicksort  Memory: 1166kB
               ->  Seq Scan on s_1  (cost=0.00..164.00 rows=10000 width=20) (actual time=0.007..0.578 rows=10000 loops=1)
 Planning time: 0.208 ms
 Execution time: 4.782 ms
(10 rows)

===== 358 [Wed Mar  7 01:57:56 CET 2018] scale:10000 groups:10000 work_mem:16MB incremental:off max_workers:0 =====
SELECT * FROM (SELECT * FROM s_2 ORDER BY a, b) foo ORDER BY a, b, c
                                                        QUERY PLAN                                                        
--------------------------------------------------------------------------------------------------------------------------
 Limit  (cost=1742.77..1742.77 rows=1 width=20) (actual time=4.137..4.137 rows=0 loops=1)
   ->  Sort  (cost=1617.77..1642.77 rows=10000 width=20) (actual time=3.603..3.920 rows=10000 loops=1)
         Sort Key: s_2.a, s_2.b, s_2.c
         Sort Method: quicksort  Memory: 1166kB
         ->  Sort  (cost=828.39..853.39 rows=10000 width=20) (actual time=1.846..2.198 rows=10000 loops=1)
               Sort Key: s_2.a, s_2.b
               Sort Method: quicksort  Memory: 1166kB
               ->  Seq Scan on s_2  (cost=0.00..164.00 rows=10000 width=20) (actual time=0.008..0.582 rows=10000 loops=1)
 Planning time: 0.209 ms
 Execution time: 4.223 ms
(10 rows)

===== 359 [Wed Mar  7 01:57:56 CET 2018] scale:10000 groups:10000 work_mem:16MB incremental:off max_workers:0 =====
SELECT * FROM (SELECT * FROM s_3 ORDER BY a, b, c) foo ORDER BY a, b, c, d
                                                        QUERY PLAN                                                        
--------------------------------------------------------------------------------------------------------------------------
 Limit  (cost=1742.77..1742.77 rows=1 width=20) (actual time=3.869..3.869 rows=0 loops=1)
   ->  Sort  (cost=1617.77..1642.77 rows=10000 width=20) (actual time=3.340..3.651 rows=10000 loops=1)
         Sort Key: s_3.a, s_3.b, s_3.c, s_3.d
         Sort Method: quicksort  Memory: 1166kB
         ->  Sort  (cost=828.39..853.39 rows=10000 width=20) (actual time=1.849..2.207 rows=10000 loops=1)
               Sort Key: s_3.a, s_3.b, s_3.c
               Sort Method: quicksort  Memory: 1166kB
               ->  Seq Scan on s_3  (cost=0.00..164.00 rows=10000 width=20) (actual time=0.008..0.585 rows=10000 loops=1)
 Planning time: 0.212 ms
 Execution time: 3.957 ms
(10 rows)

===== 360 [Wed Mar  7 01:57:56 CET 2018] scale:10000 groups:10000 work_mem:16MB incremental:off max_workers:0 =====
SELECT * FROM (SELECT * FROM s_4 ORDER BY a, b, c, d) foo ORDER BY a, b, c, d, e
                                                        QUERY PLAN                                                        
--------------------------------------------------------------------------------------------------------------------------
 Limit  (cost=1742.77..1742.77 rows=1 width=20) (actual time=3.873..3.873 rows=0 loops=1)
   ->  Sort  (cost=1617.77..1642.77 rows=10000 width=20) (actual time=3.340..3.652 rows=10000 loops=1)
         Sort Key: s_4.a, s_4.b, s_4.c, s_4.d, s_4.e
         Sort Method: quicksort  Memory: 1166kB
         ->  Sort  (cost=828.39..853.39 rows=10000 width=20) (actual time=1.851..2.207 rows=10000 loops=1)
               Sort Key: s_4.a, s_4.b, s_4.c, s_4.d
               Sort Method: quicksort  Memory: 1166kB
               ->  Seq Scan on s_4  (cost=0.00..164.00 rows=10000 width=20) (actual time=0.004..0.579 rows=10000 loops=1)
 Planning time: 0.222 ms
 Execution time: 3.959 ms
(10 rows)

===== 361 [Wed Mar  7 01:57:56 CET 2018] scale:10000 groups:10000 work_mem:32MB incremental:on max_workers:0 =====
SELECT * FROM (SELECT * FROM s_1 ORDER BY a) foo ORDER BY a, b
                                                        QUERY PLAN                                                        
--------------------------------------------------------------------------------------------------------------------------
 Limit  (cost=1405.27..1405.27 rows=1 width=20) (actual time=4.085..4.085 rows=0 loops=1)
   ->  Incremental Sort  (cost=828.41..1305.27 rows=10000 width=20) (actual time=1.797..3.830 rows=10000 loops=1)
         Sort Key: s_1.a, s_1.b
         Presorted Key: s_1.a
         Sort Method: quicksort  Memory: 27kB
         Sort Groups: 308
         ->  Sort  (cost=828.39..853.39 rows=10000 width=20) (actual time=1.749..2.144 rows=10000 loops=1)
               Sort Key: s_1.a
               Sort Method: quicksort  Memory: 1166kB
               ->  Seq Scan on s_1  (cost=0.00..164.00 rows=10000 width=20) (actual time=0.007..0.569 rows=10000 loops=1)
 Planning time: 0.211 ms
 Execution time: 4.138 ms
(12 rows)

===== 362 [Wed Mar  7 01:57:56 CET 2018] scale:10000 groups:10000 work_mem:32MB incremental:on max_workers:0 =====
SELECT * FROM (SELECT * FROM s_2 ORDER BY a, b) foo ORDER BY a, b, c
                                                        QUERY PLAN                                                        
--------------------------------------------------------------------------------------------------------------------------
 Limit  (cost=1405.27..1405.27 rows=1 width=20) (actual time=3.735..3.735 rows=0 loops=1)
   ->  Incremental Sort  (cost=828.41..1305.27 rows=10000 width=20) (actual time=1.891..3.484 rows=10000 loops=1)
         Sort Key: s_2.a, s_2.b, s_2.c
         Presorted Key: s_2.a, s_2.b
         Sort Method: quicksort  Memory: 27kB
         Sort Groups: 313
         ->  Sort  (cost=828.39..853.39 rows=10000 width=20) (actual time=1.851..2.247 rows=10000 loops=1)
               Sort Key: s_2.a, s_2.b
               Sort Method: quicksort  Memory: 1166kB
               ->  Seq Scan on s_2  (cost=0.00..164.00 rows=10000 width=20) (actual time=0.007..0.581 rows=10000 loops=1)
 Planning time: 0.220 ms
 Execution time: 3.788 ms
(12 rows)

===== 363 [Wed Mar  7 01:57:56 CET 2018] scale:10000 groups:10000 work_mem:32MB incremental:on max_workers:0 =====
SELECT * FROM (SELECT * FROM s_3 ORDER BY a, b, c) foo ORDER BY a, b, c, d
                                                        QUERY PLAN                                                        
--------------------------------------------------------------------------------------------------------------------------
 Limit  (cost=1405.27..1405.27 rows=1 width=20) (actual time=3.924..3.924 rows=0 loops=1)
   ->  Incremental Sort  (cost=828.41..1305.27 rows=10000 width=20) (actual time=1.879..3.667 rows=10000 loops=1)
         Sort Key: s_3.a, s_3.b, s_3.c, s_3.d
         Presorted Key: s_3.a, s_3.b, s_3.c
         Sort Method: quicksort  Memory: 27kB
         Sort Groups: 313
         ->  Sort  (cost=828.39..853.39 rows=10000 width=20) (actual time=1.834..2.228 rows=10000 loops=1)
               Sort Key: s_3.a, s_3.b, s_3.c
               Sort Method: quicksort  Memory: 1166kB
               ->  Seq Scan on s_3  (cost=0.00..164.00 rows=10000 width=20) (actual time=0.007..0.577 rows=10000 loops=1)
 Planning time: 0.217 ms
 Execution time: 3.972 ms
(12 rows)

===== 364 [Wed Mar  7 01:57:56 CET 2018] scale:10000 groups:10000 work_mem:32MB incremental:on max_workers:0 =====
SELECT * FROM (SELECT * FROM s_4 ORDER BY a, b, c, d) foo ORDER BY a, b, c, d, e
                                                        QUERY PLAN                                                        
--------------------------------------------------------------------------------------------------------------------------
 Limit  (cost=1405.27..1405.27 rows=1 width=20) (actual time=3.854..3.854 rows=0 loops=1)
   ->  Incremental Sort  (cost=828.41..1305.27 rows=10000 width=20) (actual time=1.837..3.629 rows=10000 loops=1)
         Sort Key: s_4.a, s_4.b, s_4.c, s_4.d, s_4.e
         Presorted Key: s_4.a, s_4.b, s_4.c, s_4.d
         Sort Method: quicksort  Memory: 27kB
         Sort Groups: 313
         ->  Sort  (cost=828.39..853.39 rows=10000 width=20) (actual time=1.795..2.195 rows=10000 loops=1)
               Sort Key: s_4.a, s_4.b, s_4.c, s_4.d
               Sort Method: quicksort  Memory: 1166kB
               ->  Seq Scan on s_4  (cost=0.00..164.00 rows=10000 width=20) (actual time=0.004..0.578 rows=10000 loops=1)
 Planning time: 0.224 ms
 Execution time: 3.912 ms
(12 rows)

===== 365 [Wed Mar  7 01:57:56 CET 2018] scale:10000 groups:10000 work_mem:32MB incremental:off max_workers:0 =====
SELECT * FROM (SELECT * FROM s_1 ORDER BY a) foo ORDER BY a, b
                                                        QUERY PLAN                                                        
--------------------------------------------------------------------------------------------------------------------------
 Limit  (cost=1742.77..1742.77 rows=1 width=20) (actual time=4.678..4.678 rows=0 loops=1)
   ->  Sort  (cost=1617.77..1642.77 rows=10000 width=20) (actual time=4.140..4.461 rows=10000 loops=1)
         Sort Key: s_1.a, s_1.b
         Sort Method: quicksort  Memory: 1166kB
         ->  Sort  (cost=828.39..853.39 rows=10000 width=20) (actual time=1.754..2.107 rows=10000 loops=1)
               Sort Key: s_1.a
               Sort Method: quicksort  Memory: 1166kB
               ->  Seq Scan on s_1  (cost=0.00..164.00 rows=10000 width=20) (actual time=0.007..0.580 rows=10000 loops=1)
 Planning time: 0.207 ms
 Execution time: 4.764 ms
(10 rows)

===== 366 [Wed Mar  7 01:57:56 CET 2018] scale:10000 groups:10000 work_mem:32MB incremental:off max_workers:0 =====
SELECT * FROM (SELECT * FROM s_2 ORDER BY a, b) foo ORDER BY a, b, c
                                                        QUERY PLAN                                                        
--------------------------------------------------------------------------------------------------------------------------
 Limit  (cost=1742.77..1742.77 rows=1 width=20) (actual time=4.134..4.134 rows=0 loops=1)
   ->  Sort  (cost=1617.77..1642.77 rows=10000 width=20) (actual time=3.606..3.917 rows=10000 loops=1)
         Sort Key: s_2.a, s_2.b, s_2.c
         Sort Method: quicksort  Memory: 1166kB
         ->  Sort  (cost=828.39..853.39 rows=10000 width=20) (actual time=1.847..2.203 rows=10000 loops=1)
               Sort Key: s_2.a, s_2.b
               Sort Method: quicksort  Memory: 1166kB
               ->  Seq Scan on s_2  (cost=0.00..164.00 rows=10000 width=20) (actual time=0.007..0.581 rows=10000 loops=1)
 Planning time: 0.205 ms
 Execution time: 4.226 ms
(10 rows)

===== 367 [Wed Mar  7 01:57:56 CET 2018] scale:10000 groups:10000 work_mem:32MB incremental:off max_workers:0 =====
SELECT * FROM (SELECT * FROM s_3 ORDER BY a, b, c) foo ORDER BY a, b, c, d
                                                        QUERY PLAN                                                        
--------------------------------------------------------------------------------------------------------------------------
 Limit  (cost=1742.77..1742.77 rows=1 width=20) (actual time=3.865..3.865 rows=0 loops=1)
   ->  Sort  (cost=1617.77..1642.77 rows=10000 width=20) (actual time=3.328..3.643 rows=10000 loops=1)
         Sort Key: s_3.a, s_3.b, s_3.c, s_3.d
         Sort Method: quicksort  Memory: 1166kB
         ->  Sort  (cost=828.39..853.39 rows=10000 width=20) (actual time=1.839..2.193 rows=10000 loops=1)
               Sort Key: s_3.a, s_3.b, s_3.c
               Sort Method: quicksort  Memory: 1166kB
               ->  Seq Scan on s_3  (cost=0.00..164.00 rows=10000 width=20) (actual time=0.007..0.586 rows=10000 loops=1)
 Planning time: 0.209 ms
 Execution time: 3.954 ms
(10 rows)

===== 368 [Wed Mar  7 01:57:56 CET 2018] scale:10000 groups:10000 work_mem:32MB incremental:off max_workers:0 =====
SELECT * FROM (SELECT * FROM s_4 ORDER BY a, b, c, d) foo ORDER BY a, b, c, d, e
                                                        QUERY PLAN                                                        
--------------------------------------------------------------------------------------------------------------------------
 Limit  (cost=1742.77..1742.77 rows=1 width=20) (actual time=3.881..3.881 rows=0 loops=1)
   ->  Sort  (cost=1617.77..1642.77 rows=10000 width=20) (actual time=3.352..3.664 rows=10000 loops=1)
         Sort Key: s_4.a, s_4.b, s_4.c, s_4.d, s_4.e
         Sort Method: quicksort  Memory: 1166kB
         ->  Sort  (cost=828.39..853.39 rows=10000 width=20) (actual time=1.857..2.214 rows=10000 loops=1)
               Sort Key: s_4.a, s_4.b, s_4.c, s_4.d
               Sort Method: quicksort  Memory: 1166kB
               ->  Seq Scan on s_4  (cost=0.00..164.00 rows=10000 width=20) (actual time=0.004..0.584 rows=10000 loops=1)
 Planning time: 0.214 ms
 Execution time: 3.967 ms
(10 rows)

===== 369 [Wed Mar  7 01:57:57 CET 2018] scale:10000 groups:10000 work_mem:64MB incremental:on max_workers:0 =====
SELECT * FROM (SELECT * FROM s_1 ORDER BY a) foo ORDER BY a, b
                                                        QUERY PLAN                                                        
--------------------------------------------------------------------------------------------------------------------------
 Limit  (cost=1405.27..1405.27 rows=1 width=20) (actual time=4.090..4.090 rows=0 loops=1)
   ->  Incremental Sort  (cost=828.41..1305.27 rows=10000 width=20) (actual time=1.798..3.836 rows=10000 loops=1)
         Sort Key: s_1.a, s_1.b
         Presorted Key: s_1.a
         Sort Method: quicksort  Memory: 27kB
         Sort Groups: 308
         ->  Sort  (cost=828.39..853.39 rows=10000 width=20) (actual time=1.746..2.141 rows=10000 loops=1)
               Sort Key: s_1.a
               Sort Method: quicksort  Memory: 1166kB
               ->  Seq Scan on s_1  (cost=0.00..164.00 rows=10000 width=20) (actual time=0.007..0.570 rows=10000 loops=1)
 Planning time: 0.209 ms
 Execution time: 4.141 ms
(12 rows)

===== 370 [Wed Mar  7 01:57:57 CET 2018] scale:10000 groups:10000 work_mem:64MB incremental:on max_workers:0 =====
SELECT * FROM (SELECT * FROM s_2 ORDER BY a, b) foo ORDER BY a, b, c
                                                        QUERY PLAN                                                        
--------------------------------------------------------------------------------------------------------------------------
 Limit  (cost=1405.27..1405.27 rows=1 width=20) (actual time=3.734..3.734 rows=0 loops=1)
   ->  Incremental Sort  (cost=828.41..1305.27 rows=10000 width=20) (actual time=1.885..3.480 rows=10000 loops=1)
         Sort Key: s_2.a, s_2.b, s_2.c
         Presorted Key: s_2.a, s_2.b
         Sort Method: quicksort  Memory: 27kB
         Sort Groups: 313
         ->  Sort  (cost=828.39..853.39 rows=10000 width=20) (actual time=1.846..2.245 rows=10000 loops=1)
               Sort Key: s_2.a, s_2.b
               Sort Method: quicksort  Memory: 1166kB
               ->  Seq Scan on s_2  (cost=0.00..164.00 rows=10000 width=20) (actual time=0.007..0.584 rows=10000 loops=1)
 Planning time: 0.212 ms
 Execution time: 3.784 ms
(12 rows)

===== 371 [Wed Mar  7 01:57:57 CET 2018] scale:10000 groups:10000 work_mem:64MB incremental:on max_workers:0 =====
SELECT * FROM (SELECT * FROM s_3 ORDER BY a, b, c) foo ORDER BY a, b, c, d
                                                        QUERY PLAN                                                        
--------------------------------------------------------------------------------------------------------------------------
 Limit  (cost=1405.27..1405.27 rows=1 width=20) (actual time=3.925..3.925 rows=0 loops=1)
   ->  Incremental Sort  (cost=828.41..1305.27 rows=10000 width=20) (actual time=1.880..3.666 rows=10000 loops=1)
         Sort Key: s_3.a, s_3.b, s_3.c, s_3.d
         Presorted Key: s_3.a, s_3.b, s_3.c
         Sort Method: quicksort  Memory: 27kB
         Sort Groups: 313
         ->  Sort  (cost=828.39..853.39 rows=10000 width=20) (actual time=1.832..2.226 rows=10000 loops=1)
               Sort Key: s_3.a, s_3.b, s_3.c
               Sort Method: quicksort  Memory: 1166kB
               ->  Seq Scan on s_3  (cost=0.00..164.00 rows=10000 width=20) (actual time=0.008..0.578 rows=10000 loops=1)
 Planning time: 0.223 ms
 Execution time: 3.974 ms
(12 rows)

===== 372 [Wed Mar  7 01:57:57 CET 2018] scale:10000 groups:10000 work_mem:64MB incremental:on max_workers:0 =====
SELECT * FROM (SELECT * FROM s_4 ORDER BY a, b, c, d) foo ORDER BY a, b, c, d, e
                                                        QUERY PLAN                                                        
--------------------------------------------------------------------------------------------------------------------------
 Limit  (cost=1405.27..1405.27 rows=1 width=20) (actual time=3.851..3.851 rows=0 loops=1)
   ->  Incremental Sort  (cost=828.41..1305.27 rows=10000 width=20) (actual time=1.835..3.626 rows=10000 loops=1)
         Sort Key: s_4.a, s_4.b, s_4.c, s_4.d, s_4.e
         Presorted Key: s_4.a, s_4.b, s_4.c, s_4.d
         Sort Method: quicksort  Memory: 27kB
         Sort Groups: 313
         ->  Sort  (cost=828.39..853.39 rows=10000 width=20) (actual time=1.791..2.193 rows=10000 loops=1)
               Sort Key: s_4.a, s_4.b, s_4.c, s_4.d
               Sort Method: quicksort  Memory: 1166kB
               ->  Seq Scan on s_4  (cost=0.00..164.00 rows=10000 width=20) (actual time=0.004..0.575 rows=10000 loops=1)
 Planning time: 0.228 ms
 Execution time: 3.908 ms
(12 rows)

===== 373 [Wed Mar  7 01:57:57 CET 2018] scale:10000 groups:10000 work_mem:64MB incremental:off max_workers:0 =====
SELECT * FROM (SELECT * FROM s_1 ORDER BY a) foo ORDER BY a, b
                                                        QUERY PLAN                                                        
--------------------------------------------------------------------------------------------------------------------------
 Limit  (cost=1742.77..1742.77 rows=1 width=20) (actual time=4.679..4.679 rows=0 loops=1)
   ->  Sort  (cost=1617.77..1642.77 rows=10000 width=20) (actual time=4.140..4.462 rows=10000 loops=1)
         Sort Key: s_1.a, s_1.b
         Sort Method: quicksort  Memory: 1166kB
         ->  Sort  (cost=828.39..853.39 rows=10000 width=20) (actual time=1.756..2.111 rows=10000 loops=1)
               Sort Key: s_1.a
               Sort Method: quicksort  Memory: 1166kB
               ->  Seq Scan on s_1  (cost=0.00..164.00 rows=10000 width=20) (actual time=0.007..0.591 rows=10000 loops=1)
 Planning time: 0.208 ms
 Execution time: 4.766 ms
(10 rows)

===== 374 [Wed Mar  7 01:57:57 CET 2018] scale:10000 groups:10000 work_mem:64MB incremental:off max_workers:0 =====
SELECT * FROM (SELECT * FROM s_2 ORDER BY a, b) foo ORDER BY a, b, c
                                                        QUERY PLAN                                                        
--------------------------------------------------------------------------------------------------------------------------
 Limit  (cost=1742.77..1742.77 rows=1 width=20) (actual time=4.141..4.141 rows=0 loops=1)
   ->  Sort  (cost=1617.77..1642.77 rows=10000 width=20) (actual time=3.606..3.925 rows=10000 loops=1)
         Sort Key: s_2.a, s_2.b, s_2.c
         Sort Method: quicksort  Memory: 1166kB
         ->  Sort  (cost=828.39..853.39 rows=10000 width=20) (actual time=1.843..2.199 rows=10000 loops=1)
               Sort Key: s_2.a, s_2.b
               Sort Method: quicksort  Memory: 1166kB
               ->  Seq Scan on s_2  (cost=0.00..164.00 rows=10000 width=20) (actual time=0.008..0.586 rows=10000 loops=1)
 Planning time: 0.205 ms
 Execution time: 4.228 ms
(10 rows)

===== 375 [Wed Mar  7 01:57:57 CET 2018] scale:10000 groups:10000 work_mem:64MB incremental:off max_workers:0 =====
SELECT * FROM (SELECT * FROM s_3 ORDER BY a, b, c) foo ORDER BY a, b, c, d
                                                        QUERY PLAN                                                        
--------------------------------------------------------------------------------------------------------------------------
 Limit  (cost=1742.77..1742.77 rows=1 width=20) (actual time=3.853..3.853 rows=0 loops=1)
   ->  Sort  (cost=1617.77..1642.77 rows=10000 width=20) (actual time=3.320..3.632 rows=10000 loops=1)
         Sort Key: s_3.a, s_3.b, s_3.c, s_3.d
         Sort Method: quicksort  Memory: 1166kB
         ->  Sort  (cost=828.39..853.39 rows=10000 width=20) (actual time=1.839..2.193 rows=10000 loops=1)
               Sort Key: s_3.a, s_3.b, s_3.c
               Sort Method: quicksort  Memory: 1166kB
               ->  Seq Scan on s_3  (cost=0.00..164.00 rows=10000 width=20) (actual time=0.008..0.588 rows=10000 loops=1)
 Planning time: 0.206 ms
 Execution time: 3.940 ms
(10 rows)

===== 376 [Wed Mar  7 01:57:57 CET 2018] scale:10000 groups:10000 work_mem:64MB incremental:off max_workers:0 =====
SELECT * FROM (SELECT * FROM s_4 ORDER BY a, b, c, d) foo ORDER BY a, b, c, d, e
                                                        QUERY PLAN                                                        
--------------------------------------------------------------------------------------------------------------------------
 Limit  (cost=1742.77..1742.77 rows=1 width=20) (actual time=3.879..3.879 rows=0 loops=1)
   ->  Sort  (cost=1617.77..1642.77 rows=10000 width=20) (actual time=3.348..3.661 rows=10000 loops=1)
         Sort Key: s_4.a, s_4.b, s_4.c, s_4.d, s_4.e
         Sort Method: quicksort  Memory: 1166kB
         ->  Sort  (cost=828.39..853.39 rows=10000 width=20) (actual time=1.855..2.208 rows=10000 loops=1)
               Sort Key: s_4.a, s_4.b, s_4.c, s_4.d
               Sort Method: quicksort  Memory: 1166kB
               ->  Seq Scan on s_4  (cost=0.00..164.00 rows=10000 width=20) (actual time=0.004..0.586 rows=10000 loops=1)
 Planning time: 0.216 ms
 Execution time: 3.966 ms
(10 rows)

===== 377 [Wed Mar  7 01:57:57 CET 2018] scale:10000 groups:10000 work_mem:128MB incremental:on max_workers:0 =====
SELECT * FROM (SELECT * FROM s_1 ORDER BY a) foo ORDER BY a, b
                                                        QUERY PLAN                                                        
--------------------------------------------------------------------------------------------------------------------------
 Limit  (cost=1405.27..1405.27 rows=1 width=20) (actual time=4.083..4.083 rows=0 loops=1)
   ->  Incremental Sort  (cost=828.41..1305.27 rows=10000 width=20) (actual time=1.792..3.828 rows=10000 loops=1)
         Sort Key: s_1.a, s_1.b
         Presorted Key: s_1.a
         Sort Method: quicksort  Memory: 27kB
         Sort Groups: 308
         ->  Sort  (cost=828.39..853.39 rows=10000 width=20) (actual time=1.747..2.142 rows=10000 loops=1)
               Sort Key: s_1.a
               Sort Method: quicksort  Memory: 1166kB
               ->  Seq Scan on s_1  (cost=0.00..164.00 rows=10000 width=20) (actual time=0.007..0.571 rows=10000 loops=1)
 Planning time: 0.209 ms
 Execution time: 4.134 ms
(12 rows)

===== 378 [Wed Mar  7 01:57:57 CET 2018] scale:10000 groups:10000 work_mem:128MB incremental:on max_workers:0 =====
SELECT * FROM (SELECT * FROM s_2 ORDER BY a, b) foo ORDER BY a, b, c
                                                        QUERY PLAN                                                        
--------------------------------------------------------------------------------------------------------------------------
 Limit  (cost=1405.27..1405.27 rows=1 width=20) (actual time=3.741..3.741 rows=0 loops=1)
   ->  Incremental Sort  (cost=828.41..1305.27 rows=10000 width=20) (actual time=1.889..3.489 rows=10000 loops=1)
         Sort Key: s_2.a, s_2.b, s_2.c
         Presorted Key: s_2.a, s_2.b
         Sort Method: quicksort  Memory: 27kB
         Sort Groups: 313
         ->  Sort  (cost=828.39..853.39 rows=10000 width=20) (actual time=1.848..2.243 rows=10000 loops=1)
               Sort Key: s_2.a, s_2.b
               Sort Method: quicksort  Memory: 1166kB
               ->  Seq Scan on s_2  (cost=0.00..164.00 rows=10000 width=20) (actual time=0.007..0.589 rows=10000 loops=1)
 Planning time: 0.210 ms
 Execution time: 3.789 ms
(12 rows)

===== 379 [Wed Mar  7 01:57:57 CET 2018] scale:10000 groups:10000 work_mem:128MB incremental:on max_workers:0 =====
SELECT * FROM (SELECT * FROM s_3 ORDER BY a, b, c) foo ORDER BY a, b, c, d
                                                        QUERY PLAN                                                        
--------------------------------------------------------------------------------------------------------------------------
 Limit  (cost=1405.27..1405.27 rows=1 width=20) (actual time=3.932..3.932 rows=0 loops=1)
   ->  Incremental Sort  (cost=828.41..1305.27 rows=10000 width=20) (actual time=1.881..3.673 rows=10000 loops=1)
         Sort Key: s_3.a, s_3.b, s_3.c, s_3.d
         Presorted Key: s_3.a, s_3.b, s_3.c
         Sort Method: quicksort  Memory: 27kB
         Sort Groups: 313
         ->  Sort  (cost=828.39..853.39 rows=10000 width=20) (actual time=1.836..2.230 rows=10000 loops=1)
               Sort Key: s_3.a, s_3.b, s_3.c
               Sort Method: quicksort  Memory: 1166kB
               ->  Seq Scan on s_3  (cost=0.00..164.00 rows=10000 width=20) (actual time=0.007..0.579 rows=10000 loops=1)
 Planning time: 0.218 ms
 Execution time: 3.981 ms
(12 rows)

===== 380 [Wed Mar  7 01:57:58 CET 2018] scale:10000 groups:10000 work_mem:128MB incremental:on max_workers:0 =====
SELECT * FROM (SELECT * FROM s_4 ORDER BY a, b, c, d) foo ORDER BY a, b, c, d, e
                                                        QUERY PLAN                                                        
--------------------------------------------------------------------------------------------------------------------------
 Limit  (cost=1405.27..1405.27 rows=1 width=20) (actual time=3.855..3.855 rows=0 loops=1)
   ->  Incremental Sort  (cost=828.41..1305.27 rows=10000 width=20) (actual time=1.841..3.627 rows=10000 loops=1)
         Sort Key: s_4.a, s_4.b, s_4.c, s_4.d, s_4.e
         Presorted Key: s_4.a, s_4.b, s_4.c, s_4.d
         Sort Method: quicksort  Memory: 27kB
         Sort Groups: 313
         ->  Sort  (cost=828.39..853.39 rows=10000 width=20) (actual time=1.800..2.200 rows=10000 loops=1)
               Sort Key: s_4.a, s_4.b, s_4.c, s_4.d
               Sort Method: quicksort  Memory: 1166kB
               ->  Seq Scan on s_4  (cost=0.00..164.00 rows=10000 width=20) (actual time=0.004..0.578 rows=10000 loops=1)
 Planning time: 0.221 ms
 Execution time: 3.916 ms
(12 rows)

===== 381 [Wed Mar  7 01:57:58 CET 2018] scale:10000 groups:10000 work_mem:128MB incremental:off max_workers:0 =====
SELECT * FROM (SELECT * FROM s_1 ORDER BY a) foo ORDER BY a, b
                                                        QUERY PLAN                                                        
--------------------------------------------------------------------------------------------------------------------------
 Limit  (cost=1742.77..1742.77 rows=1 width=20) (actual time=4.677..4.677 rows=0 loops=1)
   ->  Sort  (cost=1617.77..1642.77 rows=10000 width=20) (actual time=4.135..4.461 rows=10000 loops=1)
         Sort Key: s_1.a, s_1.b
         Sort Method: quicksort  Memory: 1166kB
         ->  Sort  (cost=828.39..853.39 rows=10000 width=20) (actual time=1.753..2.106 rows=10000 loops=1)
               Sort Key: s_1.a
               Sort Method: quicksort  Memory: 1166kB
               ->  Seq Scan on s_1  (cost=0.00..164.00 rows=10000 width=20) (actual time=0.007..0.577 rows=10000 loops=1)
 Planning time: 0.210 ms
 Execution time: 4.764 ms
(10 rows)

===== 382 [Wed Mar  7 01:57:58 CET 2018] scale:10000 groups:10000 work_mem:128MB incremental:off max_workers:0 =====
SELECT * FROM (SELECT * FROM s_2 ORDER BY a, b) foo ORDER BY a, b, c
                                                        QUERY PLAN                                                        
--------------------------------------------------------------------------------------------------------------------------
 Limit  (cost=1742.77..1742.77 rows=1 width=20) (actual time=4.122..4.122 rows=0 loops=1)
   ->  Sort  (cost=1617.77..1642.77 rows=10000 width=20) (actual time=3.592..3.905 rows=10000 loops=1)
         Sort Key: s_2.a, s_2.b, s_2.c
         Sort Method: quicksort  Memory: 1166kB
         ->  Sort  (cost=828.39..853.39 rows=10000 width=20) (actual time=1.835..2.190 rows=10000 loops=1)
               Sort Key: s_2.a, s_2.b
               Sort Method: quicksort  Memory: 1166kB
               ->  Seq Scan on s_2  (cost=0.00..164.00 rows=10000 width=20) (actual time=0.008..0.584 rows=10000 loops=1)
 Planning time: 0.204 ms
 Execution time: 4.210 ms
(10 rows)

===== 383 [Wed Mar  7 01:57:58 CET 2018] scale:10000 groups:10000 work_mem:128MB incremental:off max_workers:0 =====
SELECT * FROM (SELECT * FROM s_3 ORDER BY a, b, c) foo ORDER BY a, b, c, d
                                                        QUERY PLAN                                                        
--------------------------------------------------------------------------------------------------------------------------
 Limit  (cost=1742.77..1742.77 rows=1 width=20) (actual time=3.866..3.866 rows=0 loops=1)
   ->  Sort  (cost=1617.77..1642.77 rows=10000 width=20) (actual time=3.335..3.649 rows=10000 loops=1)
         Sort Key: s_3.a, s_3.b, s_3.c, s_3.d
         Sort Method: quicksort  Memory: 1166kB
         ->  Sort  (cost=828.39..853.39 rows=10000 width=20) (actual time=1.848..2.203 rows=10000 loops=1)
               Sort Key: s_3.a, s_3.b, s_3.c
               Sort Method: quicksort  Memory: 1166kB
               ->  Seq Scan on s_3  (cost=0.00..164.00 rows=10000 width=20) (actual time=0.008..0.585 rows=10000 loops=1)
 Planning time: 0.213 ms
 Execution time: 3.953 ms
(10 rows)

===== 384 [Wed Mar  7 01:57:58 CET 2018] scale:10000 groups:10000 work_mem:128MB incremental:off max_workers:0 =====
SELECT * FROM (SELECT * FROM s_4 ORDER BY a, b, c, d) foo ORDER BY a, b, c, d, e
                                                        QUERY PLAN                                                        
--------------------------------------------------------------------------------------------------------------------------
 Limit  (cost=1742.77..1742.77 rows=1 width=20) (actual time=3.880..3.880 rows=0 loops=1)
   ->  Sort  (cost=1617.77..1642.77 rows=10000 width=20) (actual time=3.347..3.659 rows=10000 loops=1)
         Sort Key: s_4.a, s_4.b, s_4.c, s_4.d, s_4.e
         Sort Method: quicksort  Memory: 1166kB
         ->  Sort  (cost=828.39..853.39 rows=10000 width=20) (actual time=1.855..2.208 rows=10000 loops=1)
               Sort Key: s_4.a, s_4.b, s_4.c, s_4.d
               Sort Method: quicksort  Memory: 1166kB
               ->  Seq Scan on s_4  (cost=0.00..164.00 rows=10000 width=20) (actual time=0.004..0.585 rows=10000 loops=1)
 Planning time: 0.216 ms
 Execution time: 3.967 ms
(10 rows)

===== 385 [Wed Mar  7 01:57:58 CET 2018] scale:10000 groups:10000 work_mem:256MB incremental:on max_workers:0 =====
SELECT * FROM (SELECT * FROM s_1 ORDER BY a) foo ORDER BY a, b
                                                        QUERY PLAN                                                        
--------------------------------------------------------------------------------------------------------------------------
 Limit  (cost=1405.27..1405.27 rows=1 width=20) (actual time=4.088..4.088 rows=0 loops=1)
   ->  Incremental Sort  (cost=828.41..1305.27 rows=10000 width=20) (actual time=1.792..3.824 rows=10000 loops=1)
         Sort Key: s_1.a, s_1.b
         Presorted Key: s_1.a
         Sort Method: quicksort  Memory: 27kB
         Sort Groups: 308
         ->  Sort  (cost=828.39..853.39 rows=10000 width=20) (actual time=1.747..2.142 rows=10000 loops=1)
               Sort Key: s_1.a
               Sort Method: quicksort  Memory: 1166kB
               ->  Seq Scan on s_1  (cost=0.00..164.00 rows=10000 width=20) (actual time=0.007..0.568 rows=10000 loops=1)
 Planning time: 0.225 ms
 Execution time: 4.139 ms
(12 rows)

===== 386 [Wed Mar  7 01:57:58 CET 2018] scale:10000 groups:10000 work_mem:256MB incremental:on max_workers:0 =====
SELECT * FROM (SELECT * FROM s_2 ORDER BY a, b) foo ORDER BY a, b, c
                                                        QUERY PLAN                                                        
--------------------------------------------------------------------------------------------------------------------------
 Limit  (cost=1405.27..1405.27 rows=1 width=20) (actual time=3.741..3.741 rows=0 loops=1)
   ->  Incremental Sort  (cost=828.41..1305.27 rows=10000 width=20) (actual time=1.895..3.490 rows=10000 loops=1)
         Sort Key: s_2.a, s_2.b, s_2.c
         Presorted Key: s_2.a, s_2.b
         Sort Method: quicksort  Memory: 27kB
         Sort Groups: 313
         ->  Sort  (cost=828.39..853.39 rows=10000 width=20) (actual time=1.856..2.251 rows=10000 loops=1)
               Sort Key: s_2.a, s_2.b
               Sort Method: quicksort  Memory: 1166kB
               ->  Seq Scan on s_2  (cost=0.00..164.00 rows=10000 width=20) (actual time=0.008..0.584 rows=10000 loops=1)
 Planning time: 0.214 ms
 Execution time: 3.791 ms
(12 rows)

===== 387 [Wed Mar  7 01:57:58 CET 2018] scale:10000 groups:10000 work_mem:256MB incremental:on max_workers:0 =====
SELECT * FROM (SELECT * FROM s_3 ORDER BY a, b, c) foo ORDER BY a, b, c, d
                                                        QUERY PLAN                                                        
--------------------------------------------------------------------------------------------------------------------------
 Limit  (cost=1405.27..1405.27 rows=1 width=20) (actual time=3.915..3.915 rows=0 loops=1)
   ->  Incremental Sort  (cost=828.41..1305.27 rows=10000 width=20) (actual time=1.878..3.659 rows=10000 loops=1)
         Sort Key: s_3.a, s_3.b, s_3.c, s_3.d
         Presorted Key: s_3.a, s_3.b, s_3.c
         Sort Method: quicksort  Memory: 27kB
         Sort Groups: 313
         ->  Sort  (cost=828.39..853.39 rows=10000 width=20) (actual time=1.833..2.226 rows=10000 loops=1)
               Sort Key: s_3.a, s_3.b, s_3.c
               Sort Method: quicksort  Memory: 1166kB
               ->  Seq Scan on s_3  (cost=0.00..164.00 rows=10000 width=20) (actual time=0.016..0.587 rows=10000 loops=1)
 Planning time: 0.216 ms
 Execution time: 3.965 ms
(12 rows)

===== 388 [Wed Mar  7 01:57:58 CET 2018] scale:10000 groups:10000 work_mem:256MB incremental:on max_workers:0 =====
SELECT * FROM (SELECT * FROM s_4 ORDER BY a, b, c, d) foo ORDER BY a, b, c, d, e
                                                        QUERY PLAN                                                        
--------------------------------------------------------------------------------------------------------------------------
 Limit  (cost=1405.27..1405.27 rows=1 width=20) (actual time=3.856..3.856 rows=0 loops=1)
   ->  Incremental Sort  (cost=828.41..1305.27 rows=10000 width=20) (actual time=1.842..3.632 rows=10000 loops=1)
         Sort Key: s_4.a, s_4.b, s_4.c, s_4.d, s_4.e
         Presorted Key: s_4.a, s_4.b, s_4.c, s_4.d
         Sort Method: quicksort  Memory: 27kB
         Sort Groups: 313
         ->  Sort  (cost=828.39..853.39 rows=10000 width=20) (actual time=1.801..2.201 rows=10000 loops=1)
               Sort Key: s_4.a, s_4.b, s_4.c, s_4.d
               Sort Method: quicksort  Memory: 1166kB
               ->  Seq Scan on s_4  (cost=0.00..164.00 rows=10000 width=20) (actual time=0.004..0.585 rows=10000 loops=1)
 Planning time: 0.226 ms
 Execution time: 3.914 ms
(12 rows)

===== 389 [Wed Mar  7 01:57:58 CET 2018] scale:10000 groups:10000 work_mem:256MB incremental:off max_workers:0 =====
SELECT * FROM (SELECT * FROM s_1 ORDER BY a) foo ORDER BY a, b
                                                        QUERY PLAN                                                        
--------------------------------------------------------------------------------------------------------------------------
 Limit  (cost=1742.77..1742.77 rows=1 width=20) (actual time=4.678..4.678 rows=0 loops=1)
   ->  Sort  (cost=1617.77..1642.77 rows=10000 width=20) (actual time=4.140..4.461 rows=10000 loops=1)
         Sort Key: s_1.a, s_1.b
         Sort Method: quicksort  Memory: 1166kB
         ->  Sort  (cost=828.39..853.39 rows=10000 width=20) (actual time=1.747..2.100 rows=10000 loops=1)
               Sort Key: s_1.a
               Sort Method: quicksort  Memory: 1166kB
               ->  Seq Scan on s_1  (cost=0.00..164.00 rows=10000 width=20) (actual time=0.007..0.576 rows=10000 loops=1)
 Planning time: 0.221 ms
 Execution time: 4.764 ms
(10 rows)

===== 390 [Wed Mar  7 01:57:58 CET 2018] scale:10000 groups:10000 work_mem:256MB incremental:off max_workers:0 =====
SELECT * FROM (SELECT * FROM s_2 ORDER BY a, b) foo ORDER BY a, b, c
                                                        QUERY PLAN                                                        
--------------------------------------------------------------------------------------------------------------------------
 Limit  (cost=1742.77..1742.77 rows=1 width=20) (actual time=4.135..4.135 rows=0 loops=1)
   ->  Sort  (cost=1617.77..1642.77 rows=10000 width=20) (actual time=3.600..3.918 rows=10000 loops=1)
         Sort Key: s_2.a, s_2.b, s_2.c
         Sort Method: quicksort  Memory: 1166kB
         ->  Sort  (cost=828.39..853.39 rows=10000 width=20) (actual time=1.840..2.196 rows=10000 loops=1)
               Sort Key: s_2.a, s_2.b
               Sort Method: quicksort  Memory: 1166kB
               ->  Seq Scan on s_2  (cost=0.00..164.00 rows=10000 width=20) (actual time=0.007..0.586 rows=10000 loops=1)
 Planning time: 0.207 ms
 Execution time: 4.222 ms
(10 rows)

===== 391 [Wed Mar  7 01:57:58 CET 2018] scale:10000 groups:10000 work_mem:256MB incremental:off max_workers:0 =====
SELECT * FROM (SELECT * FROM s_3 ORDER BY a, b, c) foo ORDER BY a, b, c, d
                                                        QUERY PLAN                                                        
--------------------------------------------------------------------------------------------------------------------------
 Limit  (cost=1742.77..1742.77 rows=1 width=20) (actual time=3.860..3.860 rows=0 loops=1)
   ->  Sort  (cost=1617.77..1642.77 rows=10000 width=20) (actual time=3.326..3.640 rows=10000 loops=1)
         Sort Key: s_3.a, s_3.b, s_3.c, s_3.d
         Sort Method: quicksort  Memory: 1166kB
         ->  Sort  (cost=828.39..853.39 rows=10000 width=20) (actual time=1.843..2.195 rows=10000 loops=1)
               Sort Key: s_3.a, s_3.b, s_3.c
               Sort Method: quicksort  Memory: 1166kB
               ->  Seq Scan on s_3  (cost=0.00..164.00 rows=10000 width=20) (actual time=0.007..0.592 rows=10000 loops=1)
 Planning time: 0.207 ms
 Execution time: 3.947 ms
(10 rows)

===== 392 [Wed Mar  7 01:57:59 CET 2018] scale:10000 groups:10000 work_mem:256MB incremental:off max_workers:0 =====
SELECT * FROM (SELECT * FROM s_4 ORDER BY a, b, c, d) foo ORDER BY a, b, c, d, e
                                                        QUERY PLAN                                                        
--------------------------------------------------------------------------------------------------------------------------
 Limit  (cost=1742.77..1742.77 rows=1 width=20) (actual time=3.881..3.881 rows=0 loops=1)
   ->  Sort  (cost=1617.77..1642.77 rows=10000 width=20) (actual time=3.347..3.661 rows=10000 loops=1)
         Sort Key: s_4.a, s_4.b, s_4.c, s_4.d, s_4.e
         Sort Method: quicksort  Memory: 1166kB
         ->  Sort  (cost=828.39..853.39 rows=10000 width=20) (actual time=1.851..2.210 rows=10000 loops=1)
               Sort Key: s_4.a, s_4.b, s_4.c, s_4.d
               Sort Method: quicksort  Memory: 1166kB
               ->  Seq Scan on s_4  (cost=0.00..164.00 rows=10000 width=20) (actual time=0.004..0.584 rows=10000 loops=1)
 Planning time: 0.216 ms
 Execution time: 3.967 ms
(10 rows)

===== 393 [Wed Mar  7 01:57:59 CET 2018] scale:10000 groups:10000 work_mem:4MB incremental:on max_workers:2 =====
SELECT * FROM (SELECT * FROM s_1 ORDER BY a) foo ORDER BY a, b
                                                        QUERY PLAN                                                        
--------------------------------------------------------------------------------------------------------------------------
 Limit  (cost=1405.27..1405.27 rows=1 width=20) (actual time=4.091..4.091 rows=0 loops=1)
   ->  Incremental Sort  (cost=828.41..1305.27 rows=10000 width=20) (actual time=1.803..3.832 rows=10000 loops=1)
         Sort Key: s_1.a, s_1.b
         Presorted Key: s_1.a
         Sort Method: quicksort  Memory: 27kB
         Sort Groups: 308
         ->  Sort  (cost=828.39..853.39 rows=10000 width=20) (actual time=1.758..2.153 rows=10000 loops=1)
               Sort Key: s_1.a
               Sort Method: quicksort  Memory: 1166kB
               ->  Seq Scan on s_1  (cost=0.00..164.00 rows=10000 width=20) (actual time=0.007..0.575 rows=10000 loops=1)
 Planning time: 0.214 ms
 Execution time: 4.139 ms
(12 rows)

===== 394 [Wed Mar  7 01:57:59 CET 2018] scale:10000 groups:10000 work_mem:4MB incremental:on max_workers:2 =====
SELECT * FROM (SELECT * FROM s_2 ORDER BY a, b) foo ORDER BY a, b, c
                                                        QUERY PLAN                                                        
--------------------------------------------------------------------------------------------------------------------------
 Limit  (cost=1405.27..1405.27 rows=1 width=20) (actual time=3.737..3.737 rows=0 loops=1)
   ->  Incremental Sort  (cost=828.41..1305.27 rows=10000 width=20) (actual time=1.894..3.486 rows=10000 loops=1)
         Sort Key: s_2.a, s_2.b, s_2.c
         Presorted Key: s_2.a, s_2.b
         Sort Method: quicksort  Memory: 27kB
         Sort Groups: 313
         ->  Sort  (cost=828.39..853.39 rows=10000 width=20) (actual time=1.855..2.252 rows=10000 loops=1)
               Sort Key: s_2.a, s_2.b
               Sort Method: quicksort  Memory: 1166kB
               ->  Seq Scan on s_2  (cost=0.00..164.00 rows=10000 width=20) (actual time=0.008..0.578 rows=10000 loops=1)
 Planning time: 0.223 ms
 Execution time: 3.790 ms
(12 rows)

===== 395 [Wed Mar  7 01:57:59 CET 2018] scale:10000 groups:10000 work_mem:4MB incremental:on max_workers:2 =====
SELECT * FROM (SELECT * FROM s_3 ORDER BY a, b, c) foo ORDER BY a, b, c, d
                                                        QUERY PLAN                                                        
--------------------------------------------------------------------------------------------------------------------------
 Limit  (cost=1405.27..1405.27 rows=1 width=20) (actual time=3.923..3.923 rows=0 loops=1)
   ->  Incremental Sort  (cost=828.41..1305.27 rows=10000 width=20) (actual time=1.882..3.662 rows=10000 loops=1)
         Sort Key: s_3.a, s_3.b, s_3.c, s_3.d
         Presorted Key: s_3.a, s_3.b, s_3.c
         Sort Method: quicksort  Memory: 27kB
         Sort Groups: 313
         ->  Sort  (cost=828.39..853.39 rows=10000 width=20) (actual time=1.837..2.232 rows=10000 loops=1)
               Sort Key: s_3.a, s_3.b, s_3.c
               Sort Method: quicksort  Memory: 1166kB
               ->  Seq Scan on s_3  (cost=0.00..164.00 rows=10000 width=20) (actual time=0.007..0.583 rows=10000 loops=1)
 Planning time: 0.220 ms
 Execution time: 3.970 ms
(12 rows)

===== 396 [Wed Mar  7 01:57:59 CET 2018] scale:10000 groups:10000 work_mem:4MB incremental:on max_workers:2 =====
SELECT * FROM (SELECT * FROM s_4 ORDER BY a, b, c, d) foo ORDER BY a, b, c, d, e
                                                        QUERY PLAN                                                        
--------------------------------------------------------------------------------------------------------------------------
 Limit  (cost=1405.27..1405.27 rows=1 width=20) (actual time=3.859..3.859 rows=0 loops=1)
   ->  Incremental Sort  (cost=828.41..1305.27 rows=10000 width=20) (actual time=1.847..3.635 rows=10000 loops=1)
         Sort Key: s_4.a, s_4.b, s_4.c, s_4.d, s_4.e
         Presorted Key: s_4.a, s_4.b, s_4.c, s_4.d
         Sort Method: quicksort  Memory: 27kB
         Sort Groups: 313
         ->  Sort  (cost=828.39..853.39 rows=10000 width=20) (actual time=1.806..2.205 rows=10000 loops=1)
               Sort Key: s_4.a, s_4.b, s_4.c, s_4.d
               Sort Method: quicksort  Memory: 1166kB
               ->  Seq Scan on s_4  (cost=0.00..164.00 rows=10000 width=20) (actual time=0.004..0.579 rows=10000 loops=1)
 Planning time: 0.224 ms
 Execution time: 3.918 ms
(12 rows)

===== 397 [Wed Mar  7 01:57:59 CET 2018] scale:10000 groups:10000 work_mem:4MB incremental:off max_workers:2 =====
SELECT * FROM (SELECT * FROM s_1 ORDER BY a) foo ORDER BY a, b
                                                        QUERY PLAN                                                        
--------------------------------------------------------------------------------------------------------------------------
 Limit  (cost=1742.77..1742.77 rows=1 width=20) (actual time=4.673..4.673 rows=0 loops=1)
   ->  Sort  (cost=1617.77..1642.77 rows=10000 width=20) (actual time=4.132..4.457 rows=10000 loops=1)
         Sort Key: s_1.a, s_1.b
         Sort Method: quicksort  Memory: 1166kB
         ->  Sort  (cost=828.39..853.39 rows=10000 width=20) (actual time=1.753..2.106 rows=10000 loops=1)
               Sort Key: s_1.a
               Sort Method: quicksort  Memory: 1166kB
               ->  Seq Scan on s_1  (cost=0.00..164.00 rows=10000 width=20) (actual time=0.007..0.583 rows=10000 loops=1)
 Planning time: 0.212 ms
 Execution time: 4.761 ms
(10 rows)

===== 398 [Wed Mar  7 01:57:59 CET 2018] scale:10000 groups:10000 work_mem:4MB incremental:off max_workers:2 =====
SELECT * FROM (SELECT * FROM s_2 ORDER BY a, b) foo ORDER BY a, b, c
                                                        QUERY PLAN                                                        
--------------------------------------------------------------------------------------------------------------------------
 Limit  (cost=1742.77..1742.77 rows=1 width=20) (actual time=4.148..4.148 rows=0 loops=1)
   ->  Sort  (cost=1617.77..1642.77 rows=10000 width=20) (actual time=3.610..3.932 rows=10000 loops=1)
         Sort Key: s_2.a, s_2.b, s_2.c
         Sort Method: quicksort  Memory: 1166kB
         ->  Sort  (cost=828.39..853.39 rows=10000 width=20) (actual time=1.850..2.203 rows=10000 loops=1)
               Sort Key: s_2.a, s_2.b
               Sort Method: quicksort  Memory: 1166kB
               ->  Seq Scan on s_2  (cost=0.00..164.00 rows=10000 width=20) (actual time=0.007..0.584 rows=10000 loops=1)
 Planning time: 0.210 ms
 Execution time: 4.235 ms
(10 rows)

===== 399 [Wed Mar  7 01:57:59 CET 2018] scale:10000 groups:10000 work_mem:4MB incremental:off max_workers:2 =====
SELECT * FROM (SELECT * FROM s_3 ORDER BY a, b, c) foo ORDER BY a, b, c, d
                                                        QUERY PLAN                                                        
--------------------------------------------------------------------------------------------------------------------------
 Limit  (cost=1742.77..1742.77 rows=1 width=20) (actual time=3.865..3.865 rows=0 loops=1)
   ->  Sort  (cost=1617.77..1642.77 rows=10000 width=20) (actual time=3.332..3.647 rows=10000 loops=1)
         Sort Key: s_3.a, s_3.b, s_3.c, s_3.d
         Sort Method: quicksort  Memory: 1166kB
         ->  Sort  (cost=828.39..853.39 rows=10000 width=20) (actual time=1.847..2.202 rows=10000 loops=1)
               Sort Key: s_3.a, s_3.b, s_3.c
               Sort Method: quicksort  Memory: 1166kB
               ->  Seq Scan on s_3  (cost=0.00..164.00 rows=10000 width=20) (actual time=0.008..0.592 rows=10000 loops=1)
 Planning time: 0.212 ms
 Execution time: 3.952 ms
(10 rows)

===== 400 [Wed Mar  7 01:57:59 CET 2018] scale:10000 groups:10000 work_mem:4MB incremental:off max_workers:2 =====
SELECT * FROM (SELECT * FROM s_4 ORDER BY a, b, c, d) foo ORDER BY a, b, c, d, e
                                                        QUERY PLAN                                                        
--------------------------------------------------------------------------------------------------------------------------
 Limit  (cost=1742.77..1742.77 rows=1 width=20) (actual time=3.877..3.877 rows=0 loops=1)
   ->  Sort  (cost=1617.77..1642.77 rows=10000 width=20) (actual time=3.343..3.659 rows=10000 loops=1)
         Sort Key: s_4.a, s_4.b, s_4.c, s_4.d, s_4.e
         Sort Method: quicksort  Memory: 1166kB
         ->  Sort  (cost=828.39..853.39 rows=10000 width=20) (actual time=1.852..2.204 rows=10000 loops=1)
               Sort Key: s_4.a, s_4.b, s_4.c, s_4.d
               Sort Method: quicksort  Memory: 1166kB
               ->  Seq Scan on s_4  (cost=0.00..164.00 rows=10000 width=20) (actual time=0.004..0.580 rows=10000 loops=1)
 Planning time: 0.214 ms
 Execution time: 3.964 ms
(10 rows)

===== 401 [Wed Mar  7 01:57:59 CET 2018] scale:10000 groups:10000 work_mem:8MB incremental:on max_workers:2 =====
SELECT * FROM (SELECT * FROM s_1 ORDER BY a) foo ORDER BY a, b
                                                        QUERY PLAN                                                        
--------------------------------------------------------------------------------------------------------------------------
 Limit  (cost=1405.27..1405.27 rows=1 width=20) (actual time=4.081..4.081 rows=0 loops=1)
   ->  Incremental Sort  (cost=828.41..1305.27 rows=10000 width=20) (actual time=1.796..3.825 rows=10000 loops=1)
         Sort Key: s_1.a, s_1.b
         Presorted Key: s_1.a
         Sort Method: quicksort  Memory: 27kB
         Sort Groups: 308
         ->  Sort  (cost=828.39..853.39 rows=10000 width=20) (actual time=1.751..2.145 rows=10000 loops=1)
               Sort Key: s_1.a
               Sort Method: quicksort  Memory: 1166kB
               ->  Seq Scan on s_1  (cost=0.00..164.00 rows=10000 width=20) (actual time=0.007..0.572 rows=10000 loops=1)
 Planning time: 0.214 ms
 Execution time: 4.129 ms
(12 rows)

===== 402 [Wed Mar  7 01:57:59 CET 2018] scale:10000 groups:10000 work_mem:8MB incremental:on max_workers:2 =====
SELECT * FROM (SELECT * FROM s_2 ORDER BY a, b) foo ORDER BY a, b, c
                                                        QUERY PLAN                                                        
--------------------------------------------------------------------------------------------------------------------------
 Limit  (cost=1405.27..1405.27 rows=1 width=20) (actual time=3.742..3.742 rows=0 loops=1)
   ->  Incremental Sort  (cost=828.41..1305.27 rows=10000 width=20) (actual time=1.893..3.490 rows=10000 loops=1)
         Sort Key: s_2.a, s_2.b, s_2.c
         Presorted Key: s_2.a, s_2.b
         Sort Method: quicksort  Memory: 27kB
         Sort Groups: 313
         ->  Sort  (cost=828.39..853.39 rows=10000 width=20) (actual time=1.852..2.250 rows=10000 loops=1)
               Sort Key: s_2.a, s_2.b
               Sort Method: quicksort  Memory: 1166kB
               ->  Seq Scan on s_2  (cost=0.00..164.00 rows=10000 width=20) (actual time=0.008..0.580 rows=10000 loops=1)
 Planning time: 0.211 ms
 Execution time: 3.791 ms
(12 rows)

===== 403 [Wed Mar  7 01:58:00 CET 2018] scale:10000 groups:10000 work_mem:8MB incremental:on max_workers:2 =====
SELECT * FROM (SELECT * FROM s_3 ORDER BY a, b, c) foo ORDER BY a, b, c, d
                                                        QUERY PLAN                                                        
--------------------------------------------------------------------------------------------------------------------------
 Limit  (cost=1405.27..1405.27 rows=1 width=20) (actual time=3.924..3.924 rows=0 loops=1)
   ->  Incremental Sort  (cost=828.41..1305.27 rows=10000 width=20) (actual time=1.880..3.667 rows=10000 loops=1)
         Sort Key: s_3.a, s_3.b, s_3.c, s_3.d
         Presorted Key: s_3.a, s_3.b, s_3.c
         Sort Method: quicksort  Memory: 27kB
         Sort Groups: 313
         ->  Sort  (cost=828.39..853.39 rows=10000 width=20) (actual time=1.836..2.229 rows=10000 loops=1)
               Sort Key: s_3.a, s_3.b, s_3.c
               Sort Method: quicksort  Memory: 1166kB
               ->  Seq Scan on s_3  (cost=0.00..164.00 rows=10000 width=20) (actual time=0.007..0.579 rows=10000 loops=1)
 Planning time: 0.221 ms
 Execution time: 3.972 ms
(12 rows)

===== 404 [Wed Mar  7 01:58:00 CET 2018] scale:10000 groups:10000 work_mem:8MB incremental:on max_workers:2 =====
SELECT * FROM (SELECT * FROM s_4 ORDER BY a, b, c, d) foo ORDER BY a, b, c, d, e
                                                        QUERY PLAN                                                        
--------------------------------------------------------------------------------------------------------------------------
 Limit  (cost=1405.27..1405.27 rows=1 width=20) (actual time=3.863..3.863 rows=0 loops=1)
   ->  Incremental Sort  (cost=828.41..1305.27 rows=10000 width=20) (actual time=1.847..3.639 rows=10000 loops=1)
         Sort Key: s_4.a, s_4.b, s_4.c, s_4.d, s_4.e
         Presorted Key: s_4.a, s_4.b, s_4.c, s_4.d
         Sort Method: quicksort  Memory: 27kB
         Sort Groups: 313
         ->  Sort  (cost=828.39..853.39 rows=10000 width=20) (actual time=1.806..2.206 rows=10000 loops=1)
               Sort Key: s_4.a, s_4.b, s_4.c, s_4.d
               Sort Method: quicksort  Memory: 1166kB
               ->  Seq Scan on s_4  (cost=0.00..164.00 rows=10000 width=20) (actual time=0.004..0.576 rows=10000 loops=1)
 Planning time: 0.228 ms
 Execution time: 3.921 ms
(12 rows)

===== 405 [Wed Mar  7 01:58:00 CET 2018] scale:10000 groups:10000 work_mem:8MB incremental:off max_workers:2 =====
SELECT * FROM (SELECT * FROM s_1 ORDER BY a) foo ORDER BY a, b
                                                        QUERY PLAN                                                        
--------------------------------------------------------------------------------------------------------------------------
 Limit  (cost=1742.77..1742.77 rows=1 width=20) (actual time=4.681..4.681 rows=0 loops=1)
   ->  Sort  (cost=1617.77..1642.77 rows=10000 width=20) (actual time=4.141..4.462 rows=10000 loops=1)
         Sort Key: s_1.a, s_1.b
         Sort Method: quicksort  Memory: 1166kB
         ->  Sort  (cost=828.39..853.39 rows=10000 width=20) (actual time=1.752..2.112 rows=10000 loops=1)
               Sort Key: s_1.a
               Sort Method: quicksort  Memory: 1166kB
               ->  Seq Scan on s_1  (cost=0.00..164.00 rows=10000 width=20) (actual time=0.007..0.578 rows=10000 loops=1)
 Planning time: 0.207 ms
 Execution time: 4.768 ms
(10 rows)

===== 406 [Wed Mar  7 01:58:00 CET 2018] scale:10000 groups:10000 work_mem:8MB incremental:off max_workers:2 =====
SELECT * FROM (SELECT * FROM s_2 ORDER BY a, b) foo ORDER BY a, b, c
                                                        QUERY PLAN                                                        
--------------------------------------------------------------------------------------------------------------------------
 Limit  (cost=1742.77..1742.77 rows=1 width=20) (actual time=4.142..4.142 rows=0 loops=1)
   ->  Sort  (cost=1617.77..1642.77 rows=10000 width=20) (actual time=3.609..3.925 rows=10000 loops=1)
         Sort Key: s_2.a, s_2.b, s_2.c
         Sort Method: quicksort  Memory: 1166kB
         ->  Sort  (cost=828.39..853.39 rows=10000 width=20) (actual time=1.848..2.204 rows=10000 loops=1)
               Sort Key: s_2.a, s_2.b
               Sort Method: quicksort  Memory: 1166kB
               ->  Seq Scan on s_2  (cost=0.00..164.00 rows=10000 width=20) (actual time=0.007..0.583 rows=10000 loops=1)
 Planning time: 0.214 ms
 Execution time: 4.230 ms
(10 rows)

===== 407 [Wed Mar  7 01:58:00 CET 2018] scale:10000 groups:10000 work_mem:8MB incremental:off max_workers:2 =====
SELECT * FROM (SELECT * FROM s_3 ORDER BY a, b, c) foo ORDER BY a, b, c, d
                                                        QUERY PLAN                                                        
--------------------------------------------------------------------------------------------------------------------------
 Limit  (cost=1742.77..1742.77 rows=1 width=20) (actual time=3.861..3.861 rows=0 loops=1)
   ->  Sort  (cost=1617.77..1642.77 rows=10000 width=20) (actual time=3.333..3.644 rows=10000 loops=1)
         Sort Key: s_3.a, s_3.b, s_3.c, s_3.d
         Sort Method: quicksort  Memory: 1166kB
         ->  Sort  (cost=828.39..853.39 rows=10000 width=20) (actual time=1.846..2.199 rows=10000 loops=1)
               Sort Key: s_3.a, s_3.b, s_3.c
               Sort Method: quicksort  Memory: 1166kB
               ->  Seq Scan on s_3  (cost=0.00..164.00 rows=10000 width=20) (actual time=0.007..0.589 rows=10000 loops=1)
 Planning time: 0.216 ms
 Execution time: 3.948 ms
(10 rows)

===== 408 [Wed Mar  7 01:58:00 CET 2018] scale:10000 groups:10000 work_mem:8MB incremental:off max_workers:2 =====
SELECT * FROM (SELECT * FROM s_4 ORDER BY a, b, c, d) foo ORDER BY a, b, c, d, e
                                                        QUERY PLAN                                                        
--------------------------------------------------------------------------------------------------------------------------
 Limit  (cost=1742.77..1742.77 rows=1 width=20) (actual time=3.867..3.867 rows=0 loops=1)
   ->  Sort  (cost=1617.77..1642.77 rows=10000 width=20) (actual time=3.333..3.649 rows=10000 loops=1)
         Sort Key: s_4.a, s_4.b, s_4.c, s_4.d, s_4.e
         Sort Method: quicksort  Memory: 1166kB
         ->  Sort  (cost=828.39..853.39 rows=10000 width=20) (actual time=1.848..2.200 rows=10000 loops=1)
               Sort Key: s_4.a, s_4.b, s_4.c, s_4.d
               Sort Method: quicksort  Memory: 1166kB
               ->  Seq Scan on s_4  (cost=0.00..164.00 rows=10000 width=20) (actual time=0.004..0.580 rows=10000 loops=1)
 Planning time: 0.217 ms
 Execution time: 3.954 ms
(10 rows)

===== 409 [Wed Mar  7 01:58:00 CET 2018] scale:10000 groups:10000 work_mem:16MB incremental:on max_workers:2 =====
SELECT * FROM (SELECT * FROM s_1 ORDER BY a) foo ORDER BY a, b
                                                        QUERY PLAN                                                        
--------------------------------------------------------------------------------------------------------------------------
 Limit  (cost=1405.27..1405.27 rows=1 width=20) (actual time=4.084..4.084 rows=0 loops=1)
   ->  Incremental Sort  (cost=828.41..1305.27 rows=10000 width=20) (actual time=1.797..3.830 rows=10000 loops=1)
         Sort Key: s_1.a, s_1.b
         Presorted Key: s_1.a
         Sort Method: quicksort  Memory: 27kB
         Sort Groups: 308
         ->  Sort  (cost=828.39..853.39 rows=10000 width=20) (actual time=1.752..2.147 rows=10000 loops=1)
               Sort Key: s_1.a
               Sort Method: quicksort  Memory: 1166kB
               ->  Seq Scan on s_1  (cost=0.00..164.00 rows=10000 width=20) (actual time=0.007..0.570 rows=10000 loops=1)
 Planning time: 0.218 ms
 Execution time: 4.133 ms
(12 rows)

===== 410 [Wed Mar  7 01:58:00 CET 2018] scale:10000 groups:10000 work_mem:16MB incremental:on max_workers:2 =====
SELECT * FROM (SELECT * FROM s_2 ORDER BY a, b) foo ORDER BY a, b, c
                                                        QUERY PLAN                                                        
--------------------------------------------------------------------------------------------------------------------------
 Limit  (cost=1405.27..1405.27 rows=1 width=20) (actual time=3.744..3.744 rows=0 loops=1)
   ->  Incremental Sort  (cost=828.41..1305.27 rows=10000 width=20) (actual time=1.890..3.493 rows=10000 loops=1)
         Sort Key: s_2.a, s_2.b, s_2.c
         Presorted Key: s_2.a, s_2.b
         Sort Method: quicksort  Memory: 27kB
         Sort Groups: 313
         ->  Sort  (cost=828.39..853.39 rows=10000 width=20) (actual time=1.851..2.247 rows=10000 loops=1)
               Sort Key: s_2.a, s_2.b
               Sort Method: quicksort  Memory: 1166kB
               ->  Seq Scan on s_2  (cost=0.00..164.00 rows=10000 width=20) (actual time=0.007..0.584 rows=10000 loops=1)
 Planning time: 0.217 ms
 Execution time: 3.794 ms
(12 rows)

===== 411 [Wed Mar  7 01:58:00 CET 2018] scale:10000 groups:10000 work_mem:16MB incremental:on max_workers:2 =====
SELECT * FROM (SELECT * FROM s_3 ORDER BY a, b, c) foo ORDER BY a, b, c, d
                                                        QUERY PLAN                                                        
--------------------------------------------------------------------------------------------------------------------------
 Limit  (cost=1405.27..1405.27 rows=1 width=20) (actual time=3.921..3.921 rows=0 loops=1)
   ->  Incremental Sort  (cost=828.41..1305.27 rows=10000 width=20) (actual time=1.874..3.665 rows=10000 loops=1)
         Sort Key: s_3.a, s_3.b, s_3.c, s_3.d
         Presorted Key: s_3.a, s_3.b, s_3.c
         Sort Method: quicksort  Memory: 27kB
         Sort Groups: 313
         ->  Sort  (cost=828.39..853.39 rows=10000 width=20) (actual time=1.830..2.229 rows=10000 loops=1)
               Sort Key: s_3.a, s_3.b, s_3.c
               Sort Method: quicksort  Memory: 1166kB
               ->  Seq Scan on s_3  (cost=0.00..164.00 rows=10000 width=20) (actual time=0.007..0.578 rows=10000 loops=1)
 Planning time: 0.216 ms
 Execution time: 3.970 ms
(12 rows)

===== 412 [Wed Mar  7 01:58:00 CET 2018] scale:10000 groups:10000 work_mem:16MB incremental:on max_workers:2 =====
SELECT * FROM (SELECT * FROM s_4 ORDER BY a, b, c, d) foo ORDER BY a, b, c, d, e
                                                        QUERY PLAN                                                        
--------------------------------------------------------------------------------------------------------------------------
 Limit  (cost=1405.27..1405.27 rows=1 width=20) (actual time=3.864..3.864 rows=0 loops=1)
   ->  Incremental Sort  (cost=828.41..1305.27 rows=10000 width=20) (actual time=1.850..3.639 rows=10000 loops=1)
         Sort Key: s_4.a, s_4.b, s_4.c, s_4.d, s_4.e
         Presorted Key: s_4.a, s_4.b, s_4.c, s_4.d
         Sort Method: quicksort  Memory: 27kB
         Sort Groups: 313
         ->  Sort  (cost=828.39..853.39 rows=10000 width=20) (actual time=1.810..2.209 rows=10000 loops=1)
               Sort Key: s_4.a, s_4.b, s_4.c, s_4.d
               Sort Method: quicksort  Memory: 1166kB
               ->  Seq Scan on s_4  (cost=0.00..164.00 rows=10000 width=20) (actual time=0.004..0.576 rows=10000 loops=1)
 Planning time: 0.224 ms
 Execution time: 3.921 ms
(12 rows)

===== 413 [Wed Mar  7 01:58:00 CET 2018] scale:10000 groups:10000 work_mem:16MB incremental:off max_workers:2 =====
SELECT * FROM (SELECT * FROM s_1 ORDER BY a) foo ORDER BY a, b
                                                        QUERY PLAN                                                        
--------------------------------------------------------------------------------------------------------------------------
 Limit  (cost=1742.77..1742.77 rows=1 width=20) (actual time=4.668..4.668 rows=0 loops=1)
   ->  Sort  (cost=1617.77..1642.77 rows=10000 width=20) (actual time=4.127..4.452 rows=10000 loops=1)
         Sort Key: s_1.a, s_1.b
         Sort Method: quicksort  Memory: 1166kB
         ->  Sort  (cost=828.39..853.39 rows=10000 width=20) (actual time=1.745..2.098 rows=10000 loops=1)
               Sort Key: s_1.a
               Sort Method: quicksort  Memory: 1166kB
               ->  Seq Scan on s_1  (cost=0.00..164.00 rows=10000 width=20) (actual time=0.007..0.576 rows=10000 loops=1)
 Planning time: 0.204 ms
 Execution time: 4.755 ms
(10 rows)

===== 414 [Wed Mar  7 01:58:00 CET 2018] scale:10000 groups:10000 work_mem:16MB incremental:off max_workers:2 =====
SELECT * FROM (SELECT * FROM s_2 ORDER BY a, b) foo ORDER BY a, b, c
                                                        QUERY PLAN                                                        
--------------------------------------------------------------------------------------------------------------------------
 Limit  (cost=1742.77..1742.77 rows=1 width=20) (actual time=4.132..4.132 rows=0 loops=1)
   ->  Sort  (cost=1617.77..1642.77 rows=10000 width=20) (actual time=3.598..3.916 rows=10000 loops=1)
         Sort Key: s_2.a, s_2.b, s_2.c
         Sort Method: quicksort  Memory: 1166kB
         ->  Sort  (cost=828.39..853.39 rows=10000 width=20) (actual time=1.845..2.198 rows=10000 loops=1)
               Sort Key: s_2.a, s_2.b
               Sort Method: quicksort  Memory: 1166kB
               ->  Seq Scan on s_2  (cost=0.00..164.00 rows=10000 width=20) (actual time=0.008..0.582 rows=10000 loops=1)
 Planning time: 0.221 ms
 Execution time: 4.219 ms
(10 rows)

===== 415 [Wed Mar  7 01:58:01 CET 2018] scale:10000 groups:10000 work_mem:16MB incremental:off max_workers:2 =====
SELECT * FROM (SELECT * FROM s_3 ORDER BY a, b, c) foo ORDER BY a, b, c, d
                                                        QUERY PLAN                                                        
--------------------------------------------------------------------------------------------------------------------------
 Limit  (cost=1742.77..1742.77 rows=1 width=20) (actual time=3.867..3.867 rows=0 loops=1)
   ->  Sort  (cost=1617.77..1642.77 rows=10000 width=20) (actual time=3.332..3.650 rows=10000 loops=1)
         Sort Key: s_3.a, s_3.b, s_3.c, s_3.d
         Sort Method: quicksort  Memory: 1166kB
         ->  Sort  (cost=828.39..853.39 rows=10000 width=20) (actual time=1.847..2.200 rows=10000 loops=1)
               Sort Key: s_3.a, s_3.b, s_3.c
               Sort Method: quicksort  Memory: 1166kB
               ->  Seq Scan on s_3  (cost=0.00..164.00 rows=10000 width=20) (actual time=0.008..0.585 rows=10000 loops=1)
 Planning time: 0.210 ms
 Execution time: 3.954 ms
(10 rows)

===== 416 [Wed Mar  7 01:58:01 CET 2018] scale:10000 groups:10000 work_mem:16MB incremental:off max_workers:2 =====
SELECT * FROM (SELECT * FROM s_4 ORDER BY a, b, c, d) foo ORDER BY a, b, c, d, e
                                                        QUERY PLAN                                                        
--------------------------------------------------------------------------------------------------------------------------
 Limit  (cost=1742.77..1742.77 rows=1 width=20) (actual time=3.869..3.869 rows=0 loops=1)
   ->  Sort  (cost=1617.77..1642.77 rows=10000 width=20) (actual time=3.340..3.651 rows=10000 loops=1)
         Sort Key: s_4.a, s_4.b, s_4.c, s_4.d, s_4.e
         Sort Method: quicksort  Memory: 1166kB
         ->  Sort  (cost=828.39..853.39 rows=10000 width=20) (actual time=1.848..2.210 rows=10000 loops=1)
               Sort Key: s_4.a, s_4.b, s_4.c, s_4.d
               Sort Method: quicksort  Memory: 1166kB
               ->  Seq Scan on s_4  (cost=0.00..164.00 rows=10000 width=20) (actual time=0.004..0.582 rows=10000 loops=1)
 Planning time: 0.226 ms
 Execution time: 3.955 ms
(10 rows)

===== 417 [Wed Mar  7 01:58:01 CET 2018] scale:10000 groups:10000 work_mem:32MB incremental:on max_workers:2 =====
SELECT * FROM (SELECT * FROM s_1 ORDER BY a) foo ORDER BY a, b
                                                        QUERY PLAN                                                        
--------------------------------------------------------------------------------------------------------------------------
 Limit  (cost=1405.27..1405.27 rows=1 width=20) (actual time=4.085..4.085 rows=0 loops=1)
   ->  Incremental Sort  (cost=828.41..1305.27 rows=10000 width=20) (actual time=1.802..3.830 rows=10000 loops=1)
         Sort Key: s_1.a, s_1.b
         Presorted Key: s_1.a
         Sort Method: quicksort  Memory: 27kB
         Sort Groups: 308
         ->  Sort  (cost=828.39..853.39 rows=10000 width=20) (actual time=1.758..2.152 rows=10000 loops=1)
               Sort Key: s_1.a
               Sort Method: quicksort  Memory: 1166kB
               ->  Seq Scan on s_1  (cost=0.00..164.00 rows=10000 width=20) (actual time=0.007..0.569 rows=10000 loops=1)
 Planning time: 0.214 ms
 Execution time: 4.134 ms
(12 rows)

===== 418 [Wed Mar  7 01:58:01 CET 2018] scale:10000 groups:10000 work_mem:32MB incremental:on max_workers:2 =====
SELECT * FROM (SELECT * FROM s_2 ORDER BY a, b) foo ORDER BY a, b, c
                                                        QUERY PLAN                                                        
--------------------------------------------------------------------------------------------------------------------------
 Limit  (cost=1405.27..1405.27 rows=1 width=20) (actual time=3.741..3.741 rows=0 loops=1)
   ->  Incremental Sort  (cost=828.41..1305.27 rows=10000 width=20) (actual time=1.892..3.489 rows=10000 loops=1)
         Sort Key: s_2.a, s_2.b, s_2.c
         Presorted Key: s_2.a, s_2.b
         Sort Method: quicksort  Memory: 27kB
         Sort Groups: 313
         ->  Sort  (cost=828.39..853.39 rows=10000 width=20) (actual time=1.853..2.249 rows=10000 loops=1)
               Sort Key: s_2.a, s_2.b
               Sort Method: quicksort  Memory: 1166kB
               ->  Seq Scan on s_2  (cost=0.00..164.00 rows=10000 width=20) (actual time=0.008..0.585 rows=10000 loops=1)
 Planning time: 0.216 ms
 Execution time: 3.791 ms
(12 rows)

===== 419 [Wed Mar  7 01:58:01 CET 2018] scale:10000 groups:10000 work_mem:32MB incremental:on max_workers:2 =====
SELECT * FROM (SELECT * FROM s_3 ORDER BY a, b, c) foo ORDER BY a, b, c, d
                                                        QUERY PLAN                                                        
--------------------------------------------------------------------------------------------------------------------------
 Limit  (cost=1405.27..1405.27 rows=1 width=20) (actual time=3.915..3.915 rows=0 loops=1)
   ->  Incremental Sort  (cost=828.41..1305.27 rows=10000 width=20) (actual time=1.882..3.659 rows=10000 loops=1)
         Sort Key: s_3.a, s_3.b, s_3.c, s_3.d
         Presorted Key: s_3.a, s_3.b, s_3.c
         Sort Method: quicksort  Memory: 27kB
         Sort Groups: 313
         ->  Sort  (cost=828.39..853.39 rows=10000 width=20) (actual time=1.838..2.231 rows=10000 loops=1)
               Sort Key: s_3.a, s_3.b, s_3.c
               Sort Method: quicksort  Memory: 1166kB
               ->  Seq Scan on s_3  (cost=0.00..164.00 rows=10000 width=20) (actual time=0.007..0.584 rows=10000 loops=1)
 Planning time: 0.218 ms
 Execution time: 3.964 ms
(12 rows)

===== 420 [Wed Mar  7 01:58:01 CET 2018] scale:10000 groups:10000 work_mem:32MB incremental:on max_workers:2 =====
SELECT * FROM (SELECT * FROM s_4 ORDER BY a, b, c, d) foo ORDER BY a, b, c, d, e
                                                        QUERY PLAN                                                        
--------------------------------------------------------------------------------------------------------------------------
 Limit  (cost=1405.27..1405.27 rows=1 width=20) (actual time=3.853..3.853 rows=0 loops=1)
   ->  Incremental Sort  (cost=828.41..1305.27 rows=10000 width=20) (actual time=1.838..3.629 rows=10000 loops=1)
         Sort Key: s_4.a, s_4.b, s_4.c, s_4.d, s_4.e
         Presorted Key: s_4.a, s_4.b, s_4.c, s_4.d
         Sort Method: quicksort  Memory: 27kB
         Sort Groups: 313
         ->  Sort  (cost=828.39..853.39 rows=10000 width=20) (actual time=1.798..2.200 rows=10000 loops=1)
               Sort Key: s_4.a, s_4.b, s_4.c, s_4.d
               Sort Method: quicksort  Memory: 1166kB
               ->  Seq Scan on s_4  (cost=0.00..164.00 rows=10000 width=20) (actual time=0.004..0.575 rows=10000 loops=1)
 Planning time: 0.226 ms
 Execution time: 3.911 ms
(12 rows)

===== 421 [Wed Mar  7 01:58:01 CET 2018] scale:10000 groups:10000 work_mem:32MB incremental:off max_workers:2 =====
SELECT * FROM (SELECT * FROM s_1 ORDER BY a) foo ORDER BY a, b
                                                        QUERY PLAN                                                        
--------------------------------------------------------------------------------------------------------------------------
 Limit  (cost=1742.77..1742.77 rows=1 width=20) (actual time=4.667..4.667 rows=0 loops=1)
   ->  Sort  (cost=1617.77..1642.77 rows=10000 width=20) (actual time=4.130..4.450 rows=10000 loops=1)
         Sort Key: s_1.a, s_1.b
         Sort Method: quicksort  Memory: 1166kB
         ->  Sort  (cost=828.39..853.39 rows=10000 width=20) (actual time=1.745..2.101 rows=10000 loops=1)
               Sort Key: s_1.a
               Sort Method: quicksort  Memory: 1166kB
               ->  Seq Scan on s_1  (cost=0.00..164.00 rows=10000 width=20) (actual time=0.007..0.580 rows=10000 loops=1)
 Planning time: 0.220 ms
 Execution time: 4.753 ms
(10 rows)

===== 422 [Wed Mar  7 01:58:01 CET 2018] scale:10000 groups:10000 work_mem:32MB incremental:off max_workers:2 =====
SELECT * FROM (SELECT * FROM s_2 ORDER BY a, b) foo ORDER BY a, b, c
                                                        QUERY PLAN                                                        
--------------------------------------------------------------------------------------------------------------------------
 Limit  (cost=1742.77..1742.77 rows=1 width=20) (actual time=4.145..4.145 rows=0 loops=1)
   ->  Sort  (cost=1617.77..1642.77 rows=10000 width=20) (actual time=3.611..3.928 rows=10000 loops=1)
         Sort Key: s_2.a, s_2.b, s_2.c
         Sort Method: quicksort  Memory: 1166kB
         ->  Sort  (cost=828.39..853.39 rows=10000 width=20) (actual time=1.850..2.202 rows=10000 loops=1)
               Sort Key: s_2.a, s_2.b
               Sort Method: quicksort  Memory: 1166kB
               ->  Seq Scan on s_2  (cost=0.00..164.00 rows=10000 width=20) (actual time=0.007..0.587 rows=10000 loops=1)
 Planning time: 0.207 ms
 Execution time: 4.231 ms
(10 rows)

===== 423 [Wed Mar  7 01:58:01 CET 2018] scale:10000 groups:10000 work_mem:32MB incremental:off max_workers:2 =====
SELECT * FROM (SELECT * FROM s_3 ORDER BY a, b, c) foo ORDER BY a, b, c, d
                                                        QUERY PLAN                                                        
--------------------------------------------------------------------------------------------------------------------------
 Limit  (cost=1742.77..1742.77 rows=1 width=20) (actual time=3.865..3.865 rows=0 loops=1)
   ->  Sort  (cost=1617.77..1642.77 rows=10000 width=20) (actual time=3.336..3.647 rows=10000 loops=1)
         Sort Key: s_3.a, s_3.b, s_3.c, s_3.d
         Sort Method: quicksort  Memory: 1166kB
         ->  Sort  (cost=828.39..853.39 rows=10000 width=20) (actual time=1.845..2.198 rows=10000 loops=1)
               Sort Key: s_3.a, s_3.b, s_3.c
               Sort Method: quicksort  Memory: 1166kB
               ->  Seq Scan on s_3  (cost=0.00..164.00 rows=10000 width=20) (actual time=0.008..0.585 rows=10000 loops=1)
 Planning time: 0.213 ms
 Execution time: 3.952 ms
(10 rows)

===== 424 [Wed Mar  7 01:58:01 CET 2018] scale:10000 groups:10000 work_mem:32MB incremental:off max_workers:2 =====
SELECT * FROM (SELECT * FROM s_4 ORDER BY a, b, c, d) foo ORDER BY a, b, c, d, e
                                                        QUERY PLAN                                                        
--------------------------------------------------------------------------------------------------------------------------
 Limit  (cost=1742.77..1742.77 rows=1 width=20) (actual time=3.867..3.867 rows=0 loops=1)
   ->  Sort  (cost=1617.77..1642.77 rows=10000 width=20) (actual time=3.338..3.649 rows=10000 loops=1)
         Sort Key: s_4.a, s_4.b, s_4.c, s_4.d, s_4.e
         Sort Method: quicksort  Memory: 1166kB
         ->  Sort  (cost=828.39..853.39 rows=10000 width=20) (actual time=1.849..2.201 rows=10000 loops=1)
               Sort Key: s_4.a, s_4.b, s_4.c, s_4.d
               Sort Method: quicksort  Memory: 1166kB
               ->  Seq Scan on s_4  (cost=0.00..164.00 rows=10000 width=20) (actual time=0.004..0.585 rows=10000 loops=1)
 Planning time: 0.217 ms
 Execution time: 3.953 ms
(10 rows)

===== 425 [Wed Mar  7 01:58:01 CET 2018] scale:10000 groups:10000 work_mem:64MB incremental:on max_workers:2 =====
SELECT * FROM (SELECT * FROM s_1 ORDER BY a) foo ORDER BY a, b
                                                        QUERY PLAN                                                        
--------------------------------------------------------------------------------------------------------------------------
 Limit  (cost=1405.27..1405.27 rows=1 width=20) (actual time=4.084..4.084 rows=0 loops=1)
   ->  Incremental Sort  (cost=828.41..1305.27 rows=10000 width=20) (actual time=1.794..3.829 rows=10000 loops=1)
         Sort Key: s_1.a, s_1.b
         Presorted Key: s_1.a
         Sort Method: quicksort  Memory: 27kB
         Sort Groups: 308
         ->  Sort  (cost=828.39..853.39 rows=10000 width=20) (actual time=1.750..2.147 rows=10000 loops=1)
               Sort Key: s_1.a
               Sort Method: quicksort  Memory: 1166kB
               ->  Seq Scan on s_1  (cost=0.00..164.00 rows=10000 width=20) (actual time=0.007..0.574 rows=10000 loops=1)
 Planning time: 0.209 ms
 Execution time: 4.135 ms
(12 rows)

===== 426 [Wed Mar  7 01:58:02 CET 2018] scale:10000 groups:10000 work_mem:64MB incremental:on max_workers:2 =====
SELECT * FROM (SELECT * FROM s_2 ORDER BY a, b) foo ORDER BY a, b, c
                                                        QUERY PLAN                                                        
--------------------------------------------------------------------------------------------------------------------------
 Limit  (cost=1405.27..1405.27 rows=1 width=20) (actual time=3.729..3.729 rows=0 loops=1)
   ->  Incremental Sort  (cost=828.41..1305.27 rows=10000 width=20) (actual time=1.884..3.478 rows=10000 loops=1)
         Sort Key: s_2.a, s_2.b, s_2.c
         Presorted Key: s_2.a, s_2.b
         Sort Method: quicksort  Memory: 27kB
         Sort Groups: 313
         ->  Sort  (cost=828.39..853.39 rows=10000 width=20) (actual time=1.843..2.240 rows=10000 loops=1)
               Sort Key: s_2.a, s_2.b
               Sort Method: quicksort  Memory: 1166kB
               ->  Seq Scan on s_2  (cost=0.00..164.00 rows=10000 width=20) (actual time=0.007..0.585 rows=10000 loops=1)
 Planning time: 0.211 ms
 Execution time: 3.778 ms
(12 rows)

===== 427 [Wed Mar  7 01:58:02 CET 2018] scale:10000 groups:10000 work_mem:64MB incremental:on max_workers:2 =====
SELECT * FROM (SELECT * FROM s_3 ORDER BY a, b, c) foo ORDER BY a, b, c, d
                                                        QUERY PLAN                                                        
--------------------------------------------------------------------------------------------------------------------------
 Limit  (cost=1405.27..1405.27 rows=1 width=20) (actual time=3.916..3.916 rows=0 loops=1)
   ->  Incremental Sort  (cost=828.41..1305.27 rows=10000 width=20) (actual time=1.881..3.660 rows=10000 loops=1)
         Sort Key: s_3.a, s_3.b, s_3.c, s_3.d
         Presorted Key: s_3.a, s_3.b, s_3.c
         Sort Method: quicksort  Memory: 27kB
         Sort Groups: 313
         ->  Sort  (cost=828.39..853.39 rows=10000 width=20) (actual time=1.838..2.231 rows=10000 loops=1)
               Sort Key: s_3.a, s_3.b, s_3.c
               Sort Method: quicksort  Memory: 1166kB
               ->  Seq Scan on s_3  (cost=0.00..164.00 rows=10000 width=20) (actual time=0.008..0.588 rows=10000 loops=1)
 Planning time: 0.220 ms
 Execution time: 3.966 ms
(12 rows)

===== 428 [Wed Mar  7 01:58:02 CET 2018] scale:10000 groups:10000 work_mem:64MB incremental:on max_workers:2 =====
SELECT * FROM (SELECT * FROM s_4 ORDER BY a, b, c, d) foo ORDER BY a, b, c, d, e
                                                        QUERY PLAN                                                        
--------------------------------------------------------------------------------------------------------------------------
 Limit  (cost=1405.27..1405.27 rows=1 width=20) (actual time=3.857..3.857 rows=0 loops=1)
   ->  Incremental Sort  (cost=828.41..1305.27 rows=10000 width=20) (actual time=1.840..3.630 rows=10000 loops=1)
         Sort Key: s_4.a, s_4.b, s_4.c, s_4.d, s_4.e
         Presorted Key: s_4.a, s_4.b, s_4.c, s_4.d
         Sort Method: quicksort  Memory: 27kB
         Sort Groups: 313
         ->  Sort  (cost=828.39..853.39 rows=10000 width=20) (actual time=1.799..2.199 rows=10000 loops=1)
               Sort Key: s_4.a, s_4.b, s_4.c, s_4.d
               Sort Method: quicksort  Memory: 1166kB
               ->  Seq Scan on s_4  (cost=0.00..164.00 rows=10000 width=20) (actual time=0.004..0.580 rows=10000 loops=1)
 Planning time: 0.224 ms
 Execution time: 3.917 ms
(12 rows)

===== 429 [Wed Mar  7 01:58:02 CET 2018] scale:10000 groups:10000 work_mem:64MB incremental:off max_workers:2 =====
SELECT * FROM (SELECT * FROM s_1 ORDER BY a) foo ORDER BY a, b
                                                        QUERY PLAN                                                        
--------------------------------------------------------------------------------------------------------------------------
 Limit  (cost=1742.77..1742.77 rows=1 width=20) (actual time=4.682..4.682 rows=0 loops=1)
   ->  Sort  (cost=1617.77..1642.77 rows=10000 width=20) (actual time=4.139..4.464 rows=10000 loops=1)
         Sort Key: s_1.a, s_1.b
         Sort Method: quicksort  Memory: 1166kB
         ->  Sort  (cost=828.39..853.39 rows=10000 width=20) (actual time=1.756..2.109 rows=10000 loops=1)
               Sort Key: s_1.a
               Sort Method: quicksort  Memory: 1166kB
               ->  Seq Scan on s_1  (cost=0.00..164.00 rows=10000 width=20) (actual time=0.007..0.585 rows=10000 loops=1)
 Planning time: 0.208 ms
 Execution time: 4.769 ms
(10 rows)

===== 430 [Wed Mar  7 01:58:02 CET 2018] scale:10000 groups:10000 work_mem:64MB incremental:off max_workers:2 =====
SELECT * FROM (SELECT * FROM s_2 ORDER BY a, b) foo ORDER BY a, b, c
                                                        QUERY PLAN                                                        
--------------------------------------------------------------------------------------------------------------------------
 Limit  (cost=1742.77..1742.77 rows=1 width=20) (actual time=4.130..4.130 rows=0 loops=1)
   ->  Sort  (cost=1617.77..1642.77 rows=10000 width=20) (actual time=3.596..3.913 rows=10000 loops=1)
         Sort Key: s_2.a, s_2.b, s_2.c
         Sort Method: quicksort  Memory: 1166kB
         ->  Sort  (cost=828.39..853.39 rows=10000 width=20) (actual time=1.837..2.190 rows=10000 loops=1)
               Sort Key: s_2.a, s_2.b
               Sort Method: quicksort  Memory: 1166kB
               ->  Seq Scan on s_2  (cost=0.00..164.00 rows=10000 width=20) (actual time=0.008..0.584 rows=10000 loops=1)
 Planning time: 0.207 ms
 Execution time: 4.217 ms
(10 rows)

===== 431 [Wed Mar  7 01:58:02 CET 2018] scale:10000 groups:10000 work_mem:64MB incremental:off max_workers:2 =====
SELECT * FROM (SELECT * FROM s_3 ORDER BY a, b, c) foo ORDER BY a, b, c, d
                                                        QUERY PLAN                                                        
--------------------------------------------------------------------------------------------------------------------------
 Limit  (cost=1742.77..1742.77 rows=1 width=20) (actual time=3.871..3.871 rows=0 loops=1)
   ->  Sort  (cost=1617.77..1642.77 rows=10000 width=20) (actual time=3.337..3.654 rows=10000 loops=1)
         Sort Key: s_3.a, s_3.b, s_3.c, s_3.d
         Sort Method: quicksort  Memory: 1166kB
         ->  Sort  (cost=828.39..853.39 rows=10000 width=20) (actual time=1.848..2.203 rows=10000 loops=1)
               Sort Key: s_3.a, s_3.b, s_3.c
               Sort Method: quicksort  Memory: 1166kB
               ->  Seq Scan on s_3  (cost=0.00..164.00 rows=10000 width=20) (actual time=0.008..0.594 rows=10000 loops=1)
 Planning time: 0.212 ms
 Execution time: 3.960 ms
(10 rows)

===== 432 [Wed Mar  7 01:58:02 CET 2018] scale:10000 groups:10000 work_mem:64MB incremental:off max_workers:2 =====
SELECT * FROM (SELECT * FROM s_4 ORDER BY a, b, c, d) foo ORDER BY a, b, c, d, e
                                                        QUERY PLAN                                                        
--------------------------------------------------------------------------------------------------------------------------
 Limit  (cost=1742.77..1742.77 rows=1 width=20) (actual time=3.874..3.874 rows=0 loops=1)
   ->  Sort  (cost=1617.77..1642.77 rows=10000 width=20) (actual time=3.338..3.651 rows=10000 loops=1)
         Sort Key: s_4.a, s_4.b, s_4.c, s_4.d, s_4.e
         Sort Method: quicksort  Memory: 1166kB
         ->  Sort  (cost=828.39..853.39 rows=10000 width=20) (actual time=1.849..2.202 rows=10000 loops=1)
               Sort Key: s_4.a, s_4.b, s_4.c, s_4.d
               Sort Method: quicksort  Memory: 1166kB
               ->  Seq Scan on s_4  (cost=0.00..164.00 rows=10000 width=20) (actual time=0.004..0.582 rows=10000 loops=1)
 Planning time: 0.214 ms
 Execution time: 3.962 ms
(10 rows)

===== 433 [Wed Mar  7 01:58:02 CET 2018] scale:10000 groups:10000 work_mem:128MB incremental:on max_workers:2 =====
SELECT * FROM (SELECT * FROM s_1 ORDER BY a) foo ORDER BY a, b
                                                        QUERY PLAN                                                        
--------------------------------------------------------------------------------------------------------------------------
 Limit  (cost=1405.27..1405.27 rows=1 width=20) (actual time=4.081..4.081 rows=0 loops=1)
   ->  Incremental Sort  (cost=828.41..1305.27 rows=10000 width=20) (actual time=1.795..3.826 rows=10000 loops=1)
         Sort Key: s_1.a, s_1.b
         Presorted Key: s_1.a
         Sort Method: quicksort  Memory: 27kB
         Sort Groups: 308
         ->  Sort  (cost=828.39..853.39 rows=10000 width=20) (actual time=1.750..2.148 rows=10000 loops=1)
               Sort Key: s_1.a
               Sort Method: quicksort  Memory: 1166kB
               ->  Seq Scan on s_1  (cost=0.00..164.00 rows=10000 width=20) (actual time=0.007..0.575 rows=10000 loops=1)
 Planning time: 0.215 ms
 Execution time: 4.129 ms
(12 rows)

===== 434 [Wed Mar  7 01:58:02 CET 2018] scale:10000 groups:10000 work_mem:128MB incremental:on max_workers:2 =====
SELECT * FROM (SELECT * FROM s_2 ORDER BY a, b) foo ORDER BY a, b, c
                                                        QUERY PLAN                                                        
--------------------------------------------------------------------------------------------------------------------------
 Limit  (cost=1405.27..1405.27 rows=1 width=20) (actual time=3.738..3.738 rows=0 loops=1)
   ->  Incremental Sort  (cost=828.41..1305.27 rows=10000 width=20) (actual time=1.891..3.484 rows=10000 loops=1)
         Sort Key: s_2.a, s_2.b, s_2.c
         Presorted Key: s_2.a, s_2.b
         Sort Method: quicksort  Memory: 27kB
         Sort Groups: 313
         ->  Sort  (cost=828.39..853.39 rows=10000 width=20) (actual time=1.852..2.247 rows=10000 loops=1)
               Sort Key: s_2.a, s_2.b
               Sort Method: quicksort  Memory: 1166kB
               ->  Seq Scan on s_2  (cost=0.00..164.00 rows=10000 width=20) (actual time=0.007..0.582 rows=10000 loops=1)
 Planning time: 0.215 ms
 Execution time: 3.790 ms
(12 rows)

===== 435 [Wed Mar  7 01:58:02 CET 2018] scale:10000 groups:10000 work_mem:128MB incremental:on max_workers:2 =====
SELECT * FROM (SELECT * FROM s_3 ORDER BY a, b, c) foo ORDER BY a, b, c, d
                                                        QUERY PLAN                                                        
--------------------------------------------------------------------------------------------------------------------------
 Limit  (cost=1405.27..1405.27 rows=1 width=20) (actual time=3.921..3.921 rows=0 loops=1)
   ->  Incremental Sort  (cost=828.41..1305.27 rows=10000 width=20) (actual time=1.882..3.662 rows=10000 loops=1)
         Sort Key: s_3.a, s_3.b, s_3.c, s_3.d
         Presorted Key: s_3.a, s_3.b, s_3.c
         Sort Method: quicksort  Memory: 27kB
         Sort Groups: 313
         ->  Sort  (cost=828.39..853.39 rows=10000 width=20) (actual time=1.836..2.232 rows=10000 loops=1)
               Sort Key: s_3.a, s_3.b, s_3.c
               Sort Method: quicksort  Memory: 1166kB
               ->  Seq Scan on s_3  (cost=0.00..164.00 rows=10000 width=20) (actual time=0.007..0.584 rows=10000 loops=1)
 Planning time: 0.217 ms
 Execution time: 3.971 ms
(12 rows)

===== 436 [Wed Mar  7 01:58:02 CET 2018] scale:10000 groups:10000 work_mem:128MB incremental:on max_workers:2 =====
SELECT * FROM (SELECT * FROM s_4 ORDER BY a, b, c, d) foo ORDER BY a, b, c, d, e
                                                        QUERY PLAN                                                        
--------------------------------------------------------------------------------------------------------------------------
 Limit  (cost=1405.27..1405.27 rows=1 width=20) (actual time=3.853..3.853 rows=0 loops=1)
   ->  Incremental Sort  (cost=828.41..1305.27 rows=10000 width=20) (actual time=1.839..3.629 rows=10000 loops=1)
         Sort Key: s_4.a, s_4.b, s_4.c, s_4.d, s_4.e
         Presorted Key: s_4.a, s_4.b, s_4.c, s_4.d
         Sort Method: quicksort  Memory: 27kB
         Sort Groups: 313
         ->  Sort  (cost=828.39..853.39 rows=10000 width=20) (actual time=1.791..2.191 rows=10000 loops=1)
               Sort Key: s_4.a, s_4.b, s_4.c, s_4.d
               Sort Method: quicksort  Memory: 1166kB
               ->  Seq Scan on s_4  (cost=0.00..164.00 rows=10000 width=20) (actual time=0.004..0.574 rows=10000 loops=1)
 Planning time: 0.227 ms
 Execution time: 3.910 ms
(12 rows)

===== 437 [Wed Mar  7 01:58:03 CET 2018] scale:10000 groups:10000 work_mem:128MB incremental:off max_workers:2 =====
SELECT * FROM (SELECT * FROM s_1 ORDER BY a) foo ORDER BY a, b
                                                        QUERY PLAN                                                        
--------------------------------------------------------------------------------------------------------------------------
 Limit  (cost=1742.77..1742.77 rows=1 width=20) (actual time=4.682..4.682 rows=0 loops=1)
   ->  Sort  (cost=1617.77..1642.77 rows=10000 width=20) (actual time=4.142..4.464 rows=10000 loops=1)
         Sort Key: s_1.a, s_1.b
         Sort Method: quicksort  Memory: 1166kB
         ->  Sort  (cost=828.39..853.39 rows=10000 width=20) (actual time=1.759..2.113 rows=10000 loops=1)
               Sort Key: s_1.a
               Sort Method: quicksort  Memory: 1166kB
               ->  Seq Scan on s_1  (cost=0.00..164.00 rows=10000 width=20) (actual time=0.007..0.591 rows=10000 loops=1)
 Planning time: 0.211 ms
 Execution time: 4.769 ms
(10 rows)

===== 438 [Wed Mar  7 01:58:03 CET 2018] scale:10000 groups:10000 work_mem:128MB incremental:off max_workers:2 =====
SELECT * FROM (SELECT * FROM s_2 ORDER BY a, b) foo ORDER BY a, b, c
                                                        QUERY PLAN                                                        
--------------------------------------------------------------------------------------------------------------------------
 Limit  (cost=1742.77..1742.77 rows=1 width=20) (actual time=4.150..4.150 rows=0 loops=1)
   ->  Sort  (cost=1617.77..1642.77 rows=10000 width=20) (actual time=3.611..3.934 rows=10000 loops=1)
         Sort Key: s_2.a, s_2.b, s_2.c
         Sort Method: quicksort  Memory: 1166kB
         ->  Sort  (cost=828.39..853.39 rows=10000 width=20) (actual time=1.850..2.202 rows=10000 loops=1)
               Sort Key: s_2.a, s_2.b
               Sort Method: quicksort  Memory: 1166kB
               ->  Seq Scan on s_2  (cost=0.00..164.00 rows=10000 width=20) (actual time=0.008..0.582 rows=10000 loops=1)
 Planning time: 0.209 ms
 Execution time: 4.239 ms
(10 rows)

===== 439 [Wed Mar  7 01:58:03 CET 2018] scale:10000 groups:10000 work_mem:128MB incremental:off max_workers:2 =====
SELECT * FROM (SELECT * FROM s_3 ORDER BY a, b, c) foo ORDER BY a, b, c, d
                                                        QUERY PLAN                                                        
--------------------------------------------------------------------------------------------------------------------------
 Limit  (cost=1742.77..1742.77 rows=1 width=20) (actual time=3.857..3.857 rows=0 loops=1)
   ->  Sort  (cost=1617.77..1642.77 rows=10000 width=20) (actual time=3.325..3.640 rows=10000 loops=1)
         Sort Key: s_3.a, s_3.b, s_3.c, s_3.d
         Sort Method: quicksort  Memory: 1166kB
         ->  Sort  (cost=828.39..853.39 rows=10000 width=20) (actual time=1.837..2.190 rows=10000 loops=1)
               Sort Key: s_3.a, s_3.b, s_3.c
               Sort Method: quicksort  Memory: 1166kB
               ->  Seq Scan on s_3  (cost=0.00..164.00 rows=10000 width=20) (actual time=0.007..0.590 rows=10000 loops=1)
 Planning time: 0.208 ms
 Execution time: 3.943 ms
(10 rows)

===== 440 [Wed Mar  7 01:58:03 CET 2018] scale:10000 groups:10000 work_mem:128MB incremental:off max_workers:2 =====
SELECT * FROM (SELECT * FROM s_4 ORDER BY a, b, c, d) foo ORDER BY a, b, c, d, e
                                                        QUERY PLAN                                                        
--------------------------------------------------------------------------------------------------------------------------
 Limit  (cost=1742.77..1742.77 rows=1 width=20) (actual time=3.867..3.867 rows=0 loops=1)
   ->  Sort  (cost=1617.77..1642.77 rows=10000 width=20) (actual time=3.335..3.650 rows=10000 loops=1)
         Sort Key: s_4.a, s_4.b, s_4.c, s_4.d, s_4.e
         Sort Method: quicksort  Memory: 1166kB
         ->  Sort  (cost=828.39..853.39 rows=10000 width=20) (actual time=1.847..2.200 rows=10000 loops=1)
               Sort Key: s_4.a, s_4.b, s_4.c, s_4.d
               Sort Method: quicksort  Memory: 1166kB
               ->  Seq Scan on s_4  (cost=0.00..164.00 rows=10000 width=20) (actual time=0.004..0.583 rows=10000 loops=1)
 Planning time: 0.215 ms
 Execution time: 3.954 ms
(10 rows)

===== 441 [Wed Mar  7 01:58:03 CET 2018] scale:10000 groups:10000 work_mem:256MB incremental:on max_workers:2 =====
SELECT * FROM (SELECT * FROM s_1 ORDER BY a) foo ORDER BY a, b
                                                        QUERY PLAN                                                        
--------------------------------------------------------------------------------------------------------------------------
 Limit  (cost=1405.27..1405.27 rows=1 width=20) (actual time=4.092..4.092 rows=0 loops=1)
   ->  Incremental Sort  (cost=828.41..1305.27 rows=10000 width=20) (actual time=1.805..3.837 rows=10000 loops=1)
         Sort Key: s_1.a, s_1.b
         Presorted Key: s_1.a
         Sort Method: quicksort  Memory: 27kB
         Sort Groups: 308
         ->  Sort  (cost=828.39..853.39 rows=10000 width=20) (actual time=1.759..2.157 rows=10000 loops=1)
               Sort Key: s_1.a
               Sort Method: quicksort  Memory: 1166kB
               ->  Seq Scan on s_1  (cost=0.00..164.00 rows=10000 width=20) (actual time=0.007..0.574 rows=10000 loops=1)
 Planning time: 0.215 ms
 Execution time: 4.141 ms
(12 rows)

===== 442 [Wed Mar  7 01:58:03 CET 2018] scale:10000 groups:10000 work_mem:256MB incremental:on max_workers:2 =====
SELECT * FROM (SELECT * FROM s_2 ORDER BY a, b) foo ORDER BY a, b, c
                                                        QUERY PLAN                                                        
--------------------------------------------------------------------------------------------------------------------------
 Limit  (cost=1405.27..1405.27 rows=1 width=20) (actual time=3.733..3.733 rows=0 loops=1)
   ->  Incremental Sort  (cost=828.41..1305.27 rows=10000 width=20) (actual time=1.887..3.479 rows=10000 loops=1)
         Sort Key: s_2.a, s_2.b, s_2.c
         Presorted Key: s_2.a, s_2.b
         Sort Method: quicksort  Memory: 27kB
         Sort Groups: 313
         ->  Sort  (cost=828.39..853.39 rows=10000 width=20) (actual time=1.848..2.246 rows=10000 loops=1)
               Sort Key: s_2.a, s_2.b
               Sort Method: quicksort  Memory: 1166kB
               ->  Seq Scan on s_2  (cost=0.00..164.00 rows=10000 width=20) (actual time=0.007..0.588 rows=10000 loops=1)
 Planning time: 0.218 ms
 Execution time: 3.783 ms
(12 rows)

===== 443 [Wed Mar  7 01:58:03 CET 2018] scale:10000 groups:10000 work_mem:256MB incremental:on max_workers:2 =====
SELECT * FROM (SELECT * FROM s_3 ORDER BY a, b, c) foo ORDER BY a, b, c, d
                                                        QUERY PLAN                                                        
--------------------------------------------------------------------------------------------------------------------------
 Limit  (cost=1405.27..1405.27 rows=1 width=20) (actual time=3.919..3.919 rows=0 loops=1)
   ->  Incremental Sort  (cost=828.41..1305.27 rows=10000 width=20) (actual time=1.881..3.663 rows=10000 loops=1)
         Sort Key: s_3.a, s_3.b, s_3.c, s_3.d
         Presorted Key: s_3.a, s_3.b, s_3.c
         Sort Method: quicksort  Memory: 27kB
         Sort Groups: 313
         ->  Sort  (cost=828.39..853.39 rows=10000 width=20) (actual time=1.837..2.232 rows=10000 loops=1)
               Sort Key: s_3.a, s_3.b, s_3.c
               Sort Method: quicksort  Memory: 1166kB
               ->  Seq Scan on s_3  (cost=0.00..164.00 rows=10000 width=20) (actual time=0.007..0.582 rows=10000 loops=1)
 Planning time: 0.220 ms
 Execution time: 3.969 ms
(12 rows)

===== 444 [Wed Mar  7 01:58:03 CET 2018] scale:10000 groups:10000 work_mem:256MB incremental:on max_workers:2 =====
SELECT * FROM (SELECT * FROM s_4 ORDER BY a, b, c, d) foo ORDER BY a, b, c, d, e
                                                        QUERY PLAN                                                        
--------------------------------------------------------------------------------------------------------------------------
 Limit  (cost=1405.27..1405.27 rows=1 width=20) (actual time=3.852..3.852 rows=0 loops=1)
   ->  Incremental Sort  (cost=828.41..1305.27 rows=10000 width=20) (actual time=1.833..3.625 rows=10000 loops=1)
         Sort Key: s_4.a, s_4.b, s_4.c, s_4.d, s_4.e
         Presorted Key: s_4.a, s_4.b, s_4.c, s_4.d
         Sort Method: quicksort  Memory: 27kB
         Sort Groups: 313
         ->  Sort  (cost=828.39..853.39 rows=10000 width=20) (actual time=1.793..2.193 rows=10000 loops=1)
               Sort Key: s_4.a, s_4.b, s_4.c, s_4.d
               Sort Method: quicksort  Memory: 1166kB
               ->  Seq Scan on s_4  (cost=0.00..164.00 rows=10000 width=20) (actual time=0.004..0.575 rows=10000 loops=1)
 Planning time: 0.229 ms
 Execution time: 3.909 ms
(12 rows)

===== 445 [Wed Mar  7 01:58:03 CET 2018] scale:10000 groups:10000 work_mem:256MB incremental:off max_workers:2 =====
SELECT * FROM (SELECT * FROM s_1 ORDER BY a) foo ORDER BY a, b
                                                        QUERY PLAN                                                        
--------------------------------------------------------------------------------------------------------------------------
 Limit  (cost=1742.77..1742.77 rows=1 width=20) (actual time=4.668..4.668 rows=0 loops=1)
   ->  Sort  (cost=1617.77..1642.77 rows=10000 width=20) (actual time=4.131..4.451 rows=10000 loops=1)
         Sort Key: s_1.a, s_1.b
         Sort Method: quicksort  Memory: 1166kB
         ->  Sort  (cost=828.39..853.39 rows=10000 width=20) (actual time=1.751..2.104 rows=10000 loops=1)
               Sort Key: s_1.a
               Sort Method: quicksort  Memory: 1166kB
               ->  Seq Scan on s_1  (cost=0.00..164.00 rows=10000 width=20) (actual time=0.007..0.578 rows=10000 loops=1)
 Planning time: 0.211 ms
 Execution time: 4.755 ms
(10 rows)

===== 446 [Wed Mar  7 01:58:03 CET 2018] scale:10000 groups:10000 work_mem:256MB incremental:off max_workers:2 =====
SELECT * FROM (SELECT * FROM s_2 ORDER BY a, b) foo ORDER BY a, b, c
                                                        QUERY PLAN                                                        
--------------------------------------------------------------------------------------------------------------------------
 Limit  (cost=1742.77..1742.77 rows=1 width=20) (actual time=4.137..4.137 rows=0 loops=1)
   ->  Sort  (cost=1617.77..1642.77 rows=10000 width=20) (actual time=3.604..3.920 rows=10000 loops=1)
         Sort Key: s_2.a, s_2.b, s_2.c
         Sort Method: quicksort  Memory: 1166kB
         ->  Sort  (cost=828.39..853.39 rows=10000 width=20) (actual time=1.842..2.197 rows=10000 loops=1)
               Sort Key: s_2.a, s_2.b
               Sort Method: quicksort  Memory: 1166kB
               ->  Seq Scan on s_2  (cost=0.00..164.00 rows=10000 width=20) (actual time=0.007..0.584 rows=10000 loops=1)
 Planning time: 0.206 ms
 Execution time: 4.225 ms
(10 rows)

===== 447 [Wed Mar  7 01:58:03 CET 2018] scale:10000 groups:10000 work_mem:256MB incremental:off max_workers:2 =====
SELECT * FROM (SELECT * FROM s_3 ORDER BY a, b, c) foo ORDER BY a, b, c, d
                                                        QUERY PLAN                                                        
--------------------------------------------------------------------------------------------------------------------------
 Limit  (cost=1742.77..1742.77 rows=1 width=20) (actual time=3.856..3.856 rows=0 loops=1)
   ->  Sort  (cost=1617.77..1642.77 rows=10000 width=20) (actual time=3.325..3.639 rows=10000 loops=1)
         Sort Key: s_3.a, s_3.b, s_3.c, s_3.d
         Sort Method: quicksort  Memory: 1166kB
         ->  Sort  (cost=828.39..853.39 rows=10000 width=20) (actual time=1.841..2.194 rows=10000 loops=1)
               Sort Key: s_3.a, s_3.b, s_3.c
               Sort Method: quicksort  Memory: 1166kB
               ->  Seq Scan on s_3  (cost=0.00..164.00 rows=10000 width=20) (actual time=0.008..0.584 rows=10000 loops=1)
 Planning time: 0.217 ms
 Execution time: 3.943 ms
(10 rows)

===== 448 [Wed Mar  7 01:58:03 CET 2018] scale:10000 groups:10000 work_mem:256MB incremental:off max_workers:2 =====
SELECT * FROM (SELECT * FROM s_4 ORDER BY a, b, c, d) foo ORDER BY a, b, c, d, e
                                                        QUERY PLAN                                                        
--------------------------------------------------------------------------------------------------------------------------
 Limit  (cost=1742.77..1742.77 rows=1 width=20) (actual time=3.873..3.873 rows=0 loops=1)
   ->  Sort  (cost=1617.77..1642.77 rows=10000 width=20) (actual time=3.344..3.656 rows=10000 loops=1)
         Sort Key: s_4.a, s_4.b, s_4.c, s_4.d, s_4.e
         Sort Method: quicksort  Memory: 1166kB
         ->  Sort  (cost=828.39..853.39 rows=10000 width=20) (actual time=1.850..2.203 rows=10000 loops=1)
               Sort Key: s_4.a, s_4.b, s_4.c, s_4.d
               Sort Method: quicksort  Memory: 1166kB
               ->  Seq Scan on s_4  (cost=0.00..164.00 rows=10000 width=20) (actual time=0.004..0.583 rows=10000 loops=1)
 Planning time: 0.218 ms
 Execution time: 3.960 ms
(10 rows)

