===== 1 [Wed Mar  7 02:01:03 CET 2018] scale:100000 groups:10 work_mem:4MB incremental:on max_workers:0 =====
SELECT * FROM (SELECT * FROM s_1 ORDER BY a) foo ORDER BY a, b
                                  QUERY PLAN                                  
------------------------------------------------------------------------------
 Limit  (cost=22568.14..22568.14 rows=1 width=20)
   ->  Incremental Sort  (cost=12704.19..21568.14 rows=100000 width=20)
         Sort Key: s_1.a, s_1.b
         Presorted Key: s_1.a
         ->  Sort  (cost=11992.82..12242.82 rows=100000 width=20)
               Sort Key: s_1.a
               ->  Seq Scan on s_1  (cost=0.00..1637.00 rows=100000 width=20)
(7 rows)

===== 2 [Wed Mar  7 02:01:04 CET 2018] scale:100000 groups:10 work_mem:4MB incremental:on max_workers:0 =====
SELECT * FROM (SELECT * FROM s_2 ORDER BY a, b) foo ORDER BY a, b, c
                                  QUERY PLAN                                  
------------------------------------------------------------------------------
 Limit  (cost=20840.63..20840.63 rows=1 width=20)
   ->  Incremental Sort  (cost=12043.20..19840.63 rows=100000 width=20)
         Sort Key: s_2.a, s_2.b, s_2.c
         Presorted Key: s_2.a, s_2.b
         ->  Sort  (cost=11992.82..12242.82 rows=100000 width=20)
               Sort Key: s_2.a, s_2.b
               ->  Seq Scan on s_2  (cost=0.00..1637.00 rows=100000 width=20)
(7 rows)

===== 3 [Wed Mar  7 02:01:04 CET 2018] scale:100000 groups:10 work_mem:4MB incremental:on max_workers:0 =====
SELECT * FROM (SELECT * FROM s_3 ORDER BY a, b, c) foo ORDER BY a, b, c, d
                                  QUERY PLAN                                  
------------------------------------------------------------------------------
 Limit  (cost=19135.11..19135.11 rows=1 width=20)
   ->  Incremental Sort  (cost=11996.10..18135.11 rows=100000 width=20)
         Sort Key: s_3.a, s_3.b, s_3.c, s_3.d
         Presorted Key: s_3.a, s_3.b, s_3.c
         ->  Sort  (cost=11992.82..12242.82 rows=100000 width=20)
               Sort Key: s_3.a, s_3.b, s_3.c
               ->  Seq Scan on s_3  (cost=0.00..1637.00 rows=100000 width=20)
(7 rows)

===== 4 [Wed Mar  7 02:01:04 CET 2018] scale:100000 groups:10 work_mem:4MB incremental:on max_workers:0 =====
SELECT * FROM (SELECT * FROM s_4 ORDER BY a, b, c, d) foo ORDER BY a, b, c, d, e
                                  QUERY PLAN                                  
------------------------------------------------------------------------------
 Limit  (cost=17853.78..17853.78 rows=1 width=20)
   ->  Incremental Sort  (cost=11993.11..16853.78 rows=100000 width=20)
         Sort Key: s_4.a, s_4.b, s_4.c, s_4.d, s_4.e
         Presorted Key: s_4.a, s_4.b, s_4.c, s_4.d
         ->  Sort  (cost=11992.82..12242.82 rows=100000 width=20)
               Sort Key: s_4.a, s_4.b, s_4.c, s_4.d
               ->  Seq Scan on s_4  (cost=0.00..1637.00 rows=100000 width=20)
(7 rows)

===== 5 [Wed Mar  7 02:01:05 CET 2018] scale:100000 groups:10 work_mem:4MB incremental:off max_workers:0 =====
SELECT * FROM (SELECT * FROM s_1 ORDER BY a) foo ORDER BY a, b
                                  QUERY PLAN                                  
------------------------------------------------------------------------------
 Limit  (cost=24848.64..24848.64 rows=1 width=20)
   ->  Sort  (cost=23598.64..23848.64 rows=100000 width=20)
         Sort Key: s_1.a, s_1.b
         ->  Sort  (cost=11992.82..12242.82 rows=100000 width=20)
               Sort Key: s_1.a
               ->  Seq Scan on s_1  (cost=0.00..1637.00 rows=100000 width=20)
(6 rows)

===== 6 [Wed Mar  7 02:01:05 CET 2018] scale:100000 groups:10 work_mem:4MB incremental:off max_workers:0 =====
SELECT * FROM (SELECT * FROM s_2 ORDER BY a, b) foo ORDER BY a, b, c
                                  QUERY PLAN                                  
------------------------------------------------------------------------------
 Limit  (cost=24848.64..24848.64 rows=1 width=20)
   ->  Sort  (cost=23598.64..23848.64 rows=100000 width=20)
         Sort Key: s_2.a, s_2.b, s_2.c
         ->  Sort  (cost=11992.82..12242.82 rows=100000 width=20)
               Sort Key: s_2.a, s_2.b
               ->  Seq Scan on s_2  (cost=0.00..1637.00 rows=100000 width=20)
(6 rows)

===== 7 [Wed Mar  7 02:01:06 CET 2018] scale:100000 groups:10 work_mem:4MB incremental:off max_workers:0 =====
SELECT * FROM (SELECT * FROM s_3 ORDER BY a, b, c) foo ORDER BY a, b, c, d
                                  QUERY PLAN                                  
------------------------------------------------------------------------------
 Limit  (cost=24848.64..24848.64 rows=1 width=20)
   ->  Sort  (cost=23598.64..23848.64 rows=100000 width=20)
         Sort Key: s_3.a, s_3.b, s_3.c, s_3.d
         ->  Sort  (cost=11992.82..12242.82 rows=100000 width=20)
               Sort Key: s_3.a, s_3.b, s_3.c
               ->  Seq Scan on s_3  (cost=0.00..1637.00 rows=100000 width=20)
(6 rows)

===== 8 [Wed Mar  7 02:01:06 CET 2018] scale:100000 groups:10 work_mem:4MB incremental:off max_workers:0 =====
SELECT * FROM (SELECT * FROM s_4 ORDER BY a, b, c, d) foo ORDER BY a, b, c, d, e
                                  QUERY PLAN                                  
------------------------------------------------------------------------------
 Limit  (cost=24848.64..24848.64 rows=1 width=20)
   ->  Sort  (cost=23598.64..23848.64 rows=100000 width=20)
         Sort Key: s_4.a, s_4.b, s_4.c, s_4.d, s_4.e
         ->  Sort  (cost=11992.82..12242.82 rows=100000 width=20)
               Sort Key: s_4.a, s_4.b, s_4.c, s_4.d
               ->  Seq Scan on s_4  (cost=0.00..1637.00 rows=100000 width=20)
(6 rows)

===== 9 [Wed Mar  7 02:01:07 CET 2018] scale:100000 groups:10 work_mem:8MB incremental:on max_workers:0 =====
SELECT * FROM (SELECT * FROM s_1 ORDER BY a) foo ORDER BY a, b
                                  QUERY PLAN                                  
------------------------------------------------------------------------------
 Limit  (cost=20517.14..20517.14 rows=1 width=20)
   ->  Incremental Sort  (cost=10653.19..19517.14 rows=100000 width=20)
         Sort Key: s_1.a, s_1.b
         Presorted Key: s_1.a
         ->  Sort  (cost=9941.82..10191.82 rows=100000 width=20)
               Sort Key: s_1.a
               ->  Seq Scan on s_1  (cost=0.00..1637.00 rows=100000 width=20)
(7 rows)

===== 10 [Wed Mar  7 02:01:07 CET 2018] scale:100000 groups:10 work_mem:8MB incremental:on max_workers:0 =====
SELECT * FROM (SELECT * FROM s_2 ORDER BY a, b) foo ORDER BY a, b, c
                                  QUERY PLAN                                  
------------------------------------------------------------------------------
 Limit  (cost=18789.63..18789.63 rows=1 width=20)
   ->  Incremental Sort  (cost=9992.20..17789.63 rows=100000 width=20)
         Sort Key: s_2.a, s_2.b, s_2.c
         Presorted Key: s_2.a, s_2.b
         ->  Sort  (cost=9941.82..10191.82 rows=100000 width=20)
               Sort Key: s_2.a, s_2.b
               ->  Seq Scan on s_2  (cost=0.00..1637.00 rows=100000 width=20)
(7 rows)

===== 11 [Wed Mar  7 02:01:07 CET 2018] scale:100000 groups:10 work_mem:8MB incremental:on max_workers:0 =====
SELECT * FROM (SELECT * FROM s_3 ORDER BY a, b, c) foo ORDER BY a, b, c, d
                                  QUERY PLAN                                  
------------------------------------------------------------------------------
 Limit  (cost=17084.11..17084.11 rows=1 width=20)
   ->  Incremental Sort  (cost=9945.10..16084.11 rows=100000 width=20)
         Sort Key: s_3.a, s_3.b, s_3.c, s_3.d
         Presorted Key: s_3.a, s_3.b, s_3.c
         ->  Sort  (cost=9941.82..10191.82 rows=100000 width=20)
               Sort Key: s_3.a, s_3.b, s_3.c
               ->  Seq Scan on s_3  (cost=0.00..1637.00 rows=100000 width=20)
(7 rows)

===== 12 [Wed Mar  7 02:01:08 CET 2018] scale:100000 groups:10 work_mem:8MB incremental:on max_workers:0 =====
SELECT * FROM (SELECT * FROM s_4 ORDER BY a, b, c, d) foo ORDER BY a, b, c, d, e
                                  QUERY PLAN                                  
------------------------------------------------------------------------------
 Limit  (cost=15802.78..15802.78 rows=1 width=20)
   ->  Incremental Sort  (cost=9942.11..14802.78 rows=100000 width=20)
         Sort Key: s_4.a, s_4.b, s_4.c, s_4.d, s_4.e
         Presorted Key: s_4.a, s_4.b, s_4.c, s_4.d
         ->  Sort  (cost=9941.82..10191.82 rows=100000 width=20)
               Sort Key: s_4.a, s_4.b, s_4.c, s_4.d
               ->  Seq Scan on s_4  (cost=0.00..1637.00 rows=100000 width=20)
(7 rows)

===== 13 [Wed Mar  7 02:01:08 CET 2018] scale:100000 groups:10 work_mem:8MB incremental:off max_workers:0 =====
SELECT * FROM (SELECT * FROM s_1 ORDER BY a) foo ORDER BY a, b
                                  QUERY PLAN                                  
------------------------------------------------------------------------------
 Limit  (cost=20746.64..20746.64 rows=1 width=20)
   ->  Sort  (cost=19496.64..19746.64 rows=100000 width=20)
         Sort Key: s_1.a, s_1.b
         ->  Sort  (cost=9941.82..10191.82 rows=100000 width=20)
               Sort Key: s_1.a
               ->  Seq Scan on s_1  (cost=0.00..1637.00 rows=100000 width=20)
(6 rows)

===== 14 [Wed Mar  7 02:01:09 CET 2018] scale:100000 groups:10 work_mem:8MB incremental:off max_workers:0 =====
SELECT * FROM (SELECT * FROM s_2 ORDER BY a, b) foo ORDER BY a, b, c
                                  QUERY PLAN                                  
------------------------------------------------------------------------------
 Limit  (cost=20746.64..20746.64 rows=1 width=20)
   ->  Sort  (cost=19496.64..19746.64 rows=100000 width=20)
         Sort Key: s_2.a, s_2.b, s_2.c
         ->  Sort  (cost=9941.82..10191.82 rows=100000 width=20)
               Sort Key: s_2.a, s_2.b
               ->  Seq Scan on s_2  (cost=0.00..1637.00 rows=100000 width=20)
(6 rows)

===== 15 [Wed Mar  7 02:01:09 CET 2018] scale:100000 groups:10 work_mem:8MB incremental:off max_workers:0 =====
SELECT * FROM (SELECT * FROM s_3 ORDER BY a, b, c) foo ORDER BY a, b, c, d
                                  QUERY PLAN                                  
------------------------------------------------------------------------------
 Limit  (cost=20746.64..20746.64 rows=1 width=20)
   ->  Sort  (cost=19496.64..19746.64 rows=100000 width=20)
         Sort Key: s_3.a, s_3.b, s_3.c, s_3.d
         ->  Sort  (cost=9941.82..10191.82 rows=100000 width=20)
               Sort Key: s_3.a, s_3.b, s_3.c
               ->  Seq Scan on s_3  (cost=0.00..1637.00 rows=100000 width=20)
(6 rows)

===== 16 [Wed Mar  7 02:01:10 CET 2018] scale:100000 groups:10 work_mem:8MB incremental:off max_workers:0 =====
SELECT * FROM (SELECT * FROM s_4 ORDER BY a, b, c, d) foo ORDER BY a, b, c, d, e
                                  QUERY PLAN                                  
------------------------------------------------------------------------------
 Limit  (cost=20746.64..20746.64 rows=1 width=20)
   ->  Sort  (cost=19496.64..19746.64 rows=100000 width=20)
         Sort Key: s_4.a, s_4.b, s_4.c, s_4.d, s_4.e
         ->  Sort  (cost=9941.82..10191.82 rows=100000 width=20)
               Sort Key: s_4.a, s_4.b, s_4.c, s_4.d
               ->  Seq Scan on s_4  (cost=0.00..1637.00 rows=100000 width=20)
(6 rows)

===== 17 [Wed Mar  7 02:01:10 CET 2018] scale:100000 groups:10 work_mem:16MB incremental:on max_workers:0 =====
SELECT * FROM (SELECT * FROM s_1 ORDER BY a) foo ORDER BY a, b
                                  QUERY PLAN                                  
------------------------------------------------------------------------------
 Limit  (cost=20517.14..20517.14 rows=1 width=20)
   ->  Incremental Sort  (cost=10653.19..19517.14 rows=100000 width=20)
         Sort Key: s_1.a, s_1.b
         Presorted Key: s_1.a
         ->  Sort  (cost=9941.82..10191.82 rows=100000 width=20)
               Sort Key: s_1.a
               ->  Seq Scan on s_1  (cost=0.00..1637.00 rows=100000 width=20)
(7 rows)

===== 18 [Wed Mar  7 02:01:10 CET 2018] scale:100000 groups:10 work_mem:16MB incremental:on max_workers:0 =====
SELECT * FROM (SELECT * FROM s_2 ORDER BY a, b) foo ORDER BY a, b, c
                                  QUERY PLAN                                  
------------------------------------------------------------------------------
 Limit  (cost=18789.63..18789.63 rows=1 width=20)
   ->  Incremental Sort  (cost=9992.20..17789.63 rows=100000 width=20)
         Sort Key: s_2.a, s_2.b, s_2.c
         Presorted Key: s_2.a, s_2.b
         ->  Sort  (cost=9941.82..10191.82 rows=100000 width=20)
               Sort Key: s_2.a, s_2.b
               ->  Seq Scan on s_2  (cost=0.00..1637.00 rows=100000 width=20)
(7 rows)

===== 19 [Wed Mar  7 02:01:11 CET 2018] scale:100000 groups:10 work_mem:16MB incremental:on max_workers:0 =====
SELECT * FROM (SELECT * FROM s_3 ORDER BY a, b, c) foo ORDER BY a, b, c, d
                                  QUERY PLAN                                  
------------------------------------------------------------------------------
 Limit  (cost=17084.11..17084.11 rows=1 width=20)
   ->  Incremental Sort  (cost=9945.10..16084.11 rows=100000 width=20)
         Sort Key: s_3.a, s_3.b, s_3.c, s_3.d
         Presorted Key: s_3.a, s_3.b, s_3.c
         ->  Sort  (cost=9941.82..10191.82 rows=100000 width=20)
               Sort Key: s_3.a, s_3.b, s_3.c
               ->  Seq Scan on s_3  (cost=0.00..1637.00 rows=100000 width=20)
(7 rows)

===== 20 [Wed Mar  7 02:01:11 CET 2018] scale:100000 groups:10 work_mem:16MB incremental:on max_workers:0 =====
SELECT * FROM (SELECT * FROM s_4 ORDER BY a, b, c, d) foo ORDER BY a, b, c, d, e
                                  QUERY PLAN                                  
------------------------------------------------------------------------------
 Limit  (cost=15802.78..15802.78 rows=1 width=20)
   ->  Incremental Sort  (cost=9942.11..14802.78 rows=100000 width=20)
         Sort Key: s_4.a, s_4.b, s_4.c, s_4.d, s_4.e
         Presorted Key: s_4.a, s_4.b, s_4.c, s_4.d
         ->  Sort  (cost=9941.82..10191.82 rows=100000 width=20)
               Sort Key: s_4.a, s_4.b, s_4.c, s_4.d
               ->  Seq Scan on s_4  (cost=0.00..1637.00 rows=100000 width=20)
(7 rows)

===== 21 [Wed Mar  7 02:01:11 CET 2018] scale:100000 groups:10 work_mem:16MB incremental:off max_workers:0 =====
SELECT * FROM (SELECT * FROM s_1 ORDER BY a) foo ORDER BY a, b
                                  QUERY PLAN                                  
------------------------------------------------------------------------------
 Limit  (cost=20746.64..20746.64 rows=1 width=20)
   ->  Sort  (cost=19496.64..19746.64 rows=100000 width=20)
         Sort Key: s_1.a, s_1.b
         ->  Sort  (cost=9941.82..10191.82 rows=100000 width=20)
               Sort Key: s_1.a
               ->  Seq Scan on s_1  (cost=0.00..1637.00 rows=100000 width=20)
(6 rows)

===== 22 [Wed Mar  7 02:01:12 CET 2018] scale:100000 groups:10 work_mem:16MB incremental:off max_workers:0 =====
SELECT * FROM (SELECT * FROM s_2 ORDER BY a, b) foo ORDER BY a, b, c
                                  QUERY PLAN                                  
------------------------------------------------------------------------------
 Limit  (cost=20746.64..20746.64 rows=1 width=20)
   ->  Sort  (cost=19496.64..19746.64 rows=100000 width=20)
         Sort Key: s_2.a, s_2.b, s_2.c
         ->  Sort  (cost=9941.82..10191.82 rows=100000 width=20)
               Sort Key: s_2.a, s_2.b
               ->  Seq Scan on s_2  (cost=0.00..1637.00 rows=100000 width=20)
(6 rows)

===== 23 [Wed Mar  7 02:01:12 CET 2018] scale:100000 groups:10 work_mem:16MB incremental:off max_workers:0 =====
SELECT * FROM (SELECT * FROM s_3 ORDER BY a, b, c) foo ORDER BY a, b, c, d
                                  QUERY PLAN                                  
------------------------------------------------------------------------------
 Limit  (cost=20746.64..20746.64 rows=1 width=20)
   ->  Sort  (cost=19496.64..19746.64 rows=100000 width=20)
         Sort Key: s_3.a, s_3.b, s_3.c, s_3.d
         ->  Sort  (cost=9941.82..10191.82 rows=100000 width=20)
               Sort Key: s_3.a, s_3.b, s_3.c
               ->  Seq Scan on s_3  (cost=0.00..1637.00 rows=100000 width=20)
(6 rows)

===== 24 [Wed Mar  7 02:01:12 CET 2018] scale:100000 groups:10 work_mem:16MB incremental:off max_workers:0 =====
SELECT * FROM (SELECT * FROM s_4 ORDER BY a, b, c, d) foo ORDER BY a, b, c, d, e
                                  QUERY PLAN                                  
------------------------------------------------------------------------------
 Limit  (cost=20746.64..20746.64 rows=1 width=20)
   ->  Sort  (cost=19496.64..19746.64 rows=100000 width=20)
         Sort Key: s_4.a, s_4.b, s_4.c, s_4.d, s_4.e
         ->  Sort  (cost=9941.82..10191.82 rows=100000 width=20)
               Sort Key: s_4.a, s_4.b, s_4.c, s_4.d
               ->  Seq Scan on s_4  (cost=0.00..1637.00 rows=100000 width=20)
(6 rows)

===== 25 [Wed Mar  7 02:01:13 CET 2018] scale:100000 groups:10 work_mem:32MB incremental:on max_workers:0 =====
SELECT * FROM (SELECT * FROM s_1 ORDER BY a) foo ORDER BY a, b
                                  QUERY PLAN                                  
------------------------------------------------------------------------------
 Limit  (cost=20517.14..20517.14 rows=1 width=20)
   ->  Incremental Sort  (cost=10653.19..19517.14 rows=100000 width=20)
         Sort Key: s_1.a, s_1.b
         Presorted Key: s_1.a
         ->  Sort  (cost=9941.82..10191.82 rows=100000 width=20)
               Sort Key: s_1.a
               ->  Seq Scan on s_1  (cost=0.00..1637.00 rows=100000 width=20)
(7 rows)

===== 26 [Wed Mar  7 02:01:13 CET 2018] scale:100000 groups:10 work_mem:32MB incremental:on max_workers:0 =====
SELECT * FROM (SELECT * FROM s_2 ORDER BY a, b) foo ORDER BY a, b, c
                                  QUERY PLAN                                  
------------------------------------------------------------------------------
 Limit  (cost=18789.63..18789.63 rows=1 width=20)
   ->  Incremental Sort  (cost=9992.20..17789.63 rows=100000 width=20)
         Sort Key: s_2.a, s_2.b, s_2.c
         Presorted Key: s_2.a, s_2.b
         ->  Sort  (cost=9941.82..10191.82 rows=100000 width=20)
               Sort Key: s_2.a, s_2.b
               ->  Seq Scan on s_2  (cost=0.00..1637.00 rows=100000 width=20)
(7 rows)

===== 27 [Wed Mar  7 02:01:13 CET 2018] scale:100000 groups:10 work_mem:32MB incremental:on max_workers:0 =====
SELECT * FROM (SELECT * FROM s_3 ORDER BY a, b, c) foo ORDER BY a, b, c, d
                                  QUERY PLAN                                  
------------------------------------------------------------------------------
 Limit  (cost=17084.11..17084.11 rows=1 width=20)
   ->  Incremental Sort  (cost=9945.10..16084.11 rows=100000 width=20)
         Sort Key: s_3.a, s_3.b, s_3.c, s_3.d
         Presorted Key: s_3.a, s_3.b, s_3.c
         ->  Sort  (cost=9941.82..10191.82 rows=100000 width=20)
               Sort Key: s_3.a, s_3.b, s_3.c
               ->  Seq Scan on s_3  (cost=0.00..1637.00 rows=100000 width=20)
(7 rows)

===== 28 [Wed Mar  7 02:01:14 CET 2018] scale:100000 groups:10 work_mem:32MB incremental:on max_workers:0 =====
SELECT * FROM (SELECT * FROM s_4 ORDER BY a, b, c, d) foo ORDER BY a, b, c, d, e
                                  QUERY PLAN                                  
------------------------------------------------------------------------------
 Limit  (cost=15802.78..15802.78 rows=1 width=20)
   ->  Incremental Sort  (cost=9942.11..14802.78 rows=100000 width=20)
         Sort Key: s_4.a, s_4.b, s_4.c, s_4.d, s_4.e
         Presorted Key: s_4.a, s_4.b, s_4.c, s_4.d
         ->  Sort  (cost=9941.82..10191.82 rows=100000 width=20)
               Sort Key: s_4.a, s_4.b, s_4.c, s_4.d
               ->  Seq Scan on s_4  (cost=0.00..1637.00 rows=100000 width=20)
(7 rows)

===== 29 [Wed Mar  7 02:01:14 CET 2018] scale:100000 groups:10 work_mem:32MB incremental:off max_workers:0 =====
SELECT * FROM (SELECT * FROM s_1 ORDER BY a) foo ORDER BY a, b
                                  QUERY PLAN                                  
------------------------------------------------------------------------------
 Limit  (cost=20746.64..20746.64 rows=1 width=20)
   ->  Sort  (cost=19496.64..19746.64 rows=100000 width=20)
         Sort Key: s_1.a, s_1.b
         ->  Sort  (cost=9941.82..10191.82 rows=100000 width=20)
               Sort Key: s_1.a
               ->  Seq Scan on s_1  (cost=0.00..1637.00 rows=100000 width=20)
(6 rows)

===== 30 [Wed Mar  7 02:01:14 CET 2018] scale:100000 groups:10 work_mem:32MB incremental:off max_workers:0 =====
SELECT * FROM (SELECT * FROM s_2 ORDER BY a, b) foo ORDER BY a, b, c
                                  QUERY PLAN                                  
------------------------------------------------------------------------------
 Limit  (cost=20746.64..20746.64 rows=1 width=20)
   ->  Sort  (cost=19496.64..19746.64 rows=100000 width=20)
         Sort Key: s_2.a, s_2.b, s_2.c
         ->  Sort  (cost=9941.82..10191.82 rows=100000 width=20)
               Sort Key: s_2.a, s_2.b
               ->  Seq Scan on s_2  (cost=0.00..1637.00 rows=100000 width=20)
(6 rows)

===== 31 [Wed Mar  7 02:01:15 CET 2018] scale:100000 groups:10 work_mem:32MB incremental:off max_workers:0 =====
SELECT * FROM (SELECT * FROM s_3 ORDER BY a, b, c) foo ORDER BY a, b, c, d
                                  QUERY PLAN                                  
------------------------------------------------------------------------------
 Limit  (cost=20746.64..20746.64 rows=1 width=20)
   ->  Sort  (cost=19496.64..19746.64 rows=100000 width=20)
         Sort Key: s_3.a, s_3.b, s_3.c, s_3.d
         ->  Sort  (cost=9941.82..10191.82 rows=100000 width=20)
               Sort Key: s_3.a, s_3.b, s_3.c
               ->  Seq Scan on s_3  (cost=0.00..1637.00 rows=100000 width=20)
(6 rows)

===== 32 [Wed Mar  7 02:01:15 CET 2018] scale:100000 groups:10 work_mem:32MB incremental:off max_workers:0 =====
SELECT * FROM (SELECT * FROM s_4 ORDER BY a, b, c, d) foo ORDER BY a, b, c, d, e
                                  QUERY PLAN                                  
------------------------------------------------------------------------------
 Limit  (cost=20746.64..20746.64 rows=1 width=20)
   ->  Sort  (cost=19496.64..19746.64 rows=100000 width=20)
         Sort Key: s_4.a, s_4.b, s_4.c, s_4.d, s_4.e
         ->  Sort  (cost=9941.82..10191.82 rows=100000 width=20)
               Sort Key: s_4.a, s_4.b, s_4.c, s_4.d
               ->  Seq Scan on s_4  (cost=0.00..1637.00 rows=100000 width=20)
(6 rows)

===== 33 [Wed Mar  7 02:01:16 CET 2018] scale:100000 groups:10 work_mem:64MB incremental:on max_workers:0 =====
SELECT * FROM (SELECT * FROM s_1 ORDER BY a) foo ORDER BY a, b
                                  QUERY PLAN                                  
------------------------------------------------------------------------------
 Limit  (cost=20517.14..20517.14 rows=1 width=20)
   ->  Incremental Sort  (cost=10653.19..19517.14 rows=100000 width=20)
         Sort Key: s_1.a, s_1.b
         Presorted Key: s_1.a
         ->  Sort  (cost=9941.82..10191.82 rows=100000 width=20)
               Sort Key: s_1.a
               ->  Seq Scan on s_1  (cost=0.00..1637.00 rows=100000 width=20)
(7 rows)

===== 34 [Wed Mar  7 02:01:16 CET 2018] scale:100000 groups:10 work_mem:64MB incremental:on max_workers:0 =====
SELECT * FROM (SELECT * FROM s_2 ORDER BY a, b) foo ORDER BY a, b, c
                                  QUERY PLAN                                  
------------------------------------------------------------------------------
 Limit  (cost=18789.63..18789.63 rows=1 width=20)
   ->  Incremental Sort  (cost=9992.20..17789.63 rows=100000 width=20)
         Sort Key: s_2.a, s_2.b, s_2.c
         Presorted Key: s_2.a, s_2.b
         ->  Sort  (cost=9941.82..10191.82 rows=100000 width=20)
               Sort Key: s_2.a, s_2.b
               ->  Seq Scan on s_2  (cost=0.00..1637.00 rows=100000 width=20)
(7 rows)

===== 35 [Wed Mar  7 02:01:16 CET 2018] scale:100000 groups:10 work_mem:64MB incremental:on max_workers:0 =====
SELECT * FROM (SELECT * FROM s_3 ORDER BY a, b, c) foo ORDER BY a, b, c, d
                                  QUERY PLAN                                  
------------------------------------------------------------------------------
 Limit  (cost=17084.11..17084.11 rows=1 width=20)
   ->  Incremental Sort  (cost=9945.10..16084.11 rows=100000 width=20)
         Sort Key: s_3.a, s_3.b, s_3.c, s_3.d
         Presorted Key: s_3.a, s_3.b, s_3.c
         ->  Sort  (cost=9941.82..10191.82 rows=100000 width=20)
               Sort Key: s_3.a, s_3.b, s_3.c
               ->  Seq Scan on s_3  (cost=0.00..1637.00 rows=100000 width=20)
(7 rows)

===== 36 [Wed Mar  7 02:01:16 CET 2018] scale:100000 groups:10 work_mem:64MB incremental:on max_workers:0 =====
SELECT * FROM (SELECT * FROM s_4 ORDER BY a, b, c, d) foo ORDER BY a, b, c, d, e
                                  QUERY PLAN                                  
------------------------------------------------------------------------------
 Limit  (cost=15802.78..15802.78 rows=1 width=20)
   ->  Incremental Sort  (cost=9942.11..14802.78 rows=100000 width=20)
         Sort Key: s_4.a, s_4.b, s_4.c, s_4.d, s_4.e
         Presorted Key: s_4.a, s_4.b, s_4.c, s_4.d
         ->  Sort  (cost=9941.82..10191.82 rows=100000 width=20)
               Sort Key: s_4.a, s_4.b, s_4.c, s_4.d
               ->  Seq Scan on s_4  (cost=0.00..1637.00 rows=100000 width=20)
(7 rows)

===== 37 [Wed Mar  7 02:01:17 CET 2018] scale:100000 groups:10 work_mem:64MB incremental:off max_workers:0 =====
SELECT * FROM (SELECT * FROM s_1 ORDER BY a) foo ORDER BY a, b
                                  QUERY PLAN                                  
------------------------------------------------------------------------------
 Limit  (cost=20746.64..20746.64 rows=1 width=20)
   ->  Sort  (cost=19496.64..19746.64 rows=100000 width=20)
         Sort Key: s_1.a, s_1.b
         ->  Sort  (cost=9941.82..10191.82 rows=100000 width=20)
               Sort Key: s_1.a
               ->  Seq Scan on s_1  (cost=0.00..1637.00 rows=100000 width=20)
(6 rows)

===== 38 [Wed Mar  7 02:01:17 CET 2018] scale:100000 groups:10 work_mem:64MB incremental:off max_workers:0 =====
SELECT * FROM (SELECT * FROM s_2 ORDER BY a, b) foo ORDER BY a, b, c
                                  QUERY PLAN                                  
------------------------------------------------------------------------------
 Limit  (cost=20746.64..20746.64 rows=1 width=20)
   ->  Sort  (cost=19496.64..19746.64 rows=100000 width=20)
         Sort Key: s_2.a, s_2.b, s_2.c
         ->  Sort  (cost=9941.82..10191.82 rows=100000 width=20)
               Sort Key: s_2.a, s_2.b
               ->  Seq Scan on s_2  (cost=0.00..1637.00 rows=100000 width=20)
(6 rows)

===== 39 [Wed Mar  7 02:01:17 CET 2018] scale:100000 groups:10 work_mem:64MB incremental:off max_workers:0 =====
SELECT * FROM (SELECT * FROM s_3 ORDER BY a, b, c) foo ORDER BY a, b, c, d
                                  QUERY PLAN                                  
------------------------------------------------------------------------------
 Limit  (cost=20746.64..20746.64 rows=1 width=20)
   ->  Sort  (cost=19496.64..19746.64 rows=100000 width=20)
         Sort Key: s_3.a, s_3.b, s_3.c, s_3.d
         ->  Sort  (cost=9941.82..10191.82 rows=100000 width=20)
               Sort Key: s_3.a, s_3.b, s_3.c
               ->  Seq Scan on s_3  (cost=0.00..1637.00 rows=100000 width=20)
(6 rows)

===== 40 [Wed Mar  7 02:01:18 CET 2018] scale:100000 groups:10 work_mem:64MB incremental:off max_workers:0 =====
SELECT * FROM (SELECT * FROM s_4 ORDER BY a, b, c, d) foo ORDER BY a, b, c, d, e
                                  QUERY PLAN                                  
------------------------------------------------------------------------------
 Limit  (cost=20746.64..20746.64 rows=1 width=20)
   ->  Sort  (cost=19496.64..19746.64 rows=100000 width=20)
         Sort Key: s_4.a, s_4.b, s_4.c, s_4.d, s_4.e
         ->  Sort  (cost=9941.82..10191.82 rows=100000 width=20)
               Sort Key: s_4.a, s_4.b, s_4.c, s_4.d
               ->  Seq Scan on s_4  (cost=0.00..1637.00 rows=100000 width=20)
(6 rows)

===== 41 [Wed Mar  7 02:01:18 CET 2018] scale:100000 groups:10 work_mem:128MB incremental:on max_workers:0 =====
SELECT * FROM (SELECT * FROM s_1 ORDER BY a) foo ORDER BY a, b
                                  QUERY PLAN                                  
------------------------------------------------------------------------------
 Limit  (cost=20517.14..20517.14 rows=1 width=20)
   ->  Incremental Sort  (cost=10653.19..19517.14 rows=100000 width=20)
         Sort Key: s_1.a, s_1.b
         Presorted Key: s_1.a
         ->  Sort  (cost=9941.82..10191.82 rows=100000 width=20)
               Sort Key: s_1.a
               ->  Seq Scan on s_1  (cost=0.00..1637.00 rows=100000 width=20)
(7 rows)

===== 42 [Wed Mar  7 02:01:19 CET 2018] scale:100000 groups:10 work_mem:128MB incremental:on max_workers:0 =====
SELECT * FROM (SELECT * FROM s_2 ORDER BY a, b) foo ORDER BY a, b, c
                                  QUERY PLAN                                  
------------------------------------------------------------------------------
 Limit  (cost=18789.63..18789.63 rows=1 width=20)
   ->  Incremental Sort  (cost=9992.20..17789.63 rows=100000 width=20)
         Sort Key: s_2.a, s_2.b, s_2.c
         Presorted Key: s_2.a, s_2.b
         ->  Sort  (cost=9941.82..10191.82 rows=100000 width=20)
               Sort Key: s_2.a, s_2.b
               ->  Seq Scan on s_2  (cost=0.00..1637.00 rows=100000 width=20)
(7 rows)

===== 43 [Wed Mar  7 02:01:19 CET 2018] scale:100000 groups:10 work_mem:128MB incremental:on max_workers:0 =====
SELECT * FROM (SELECT * FROM s_3 ORDER BY a, b, c) foo ORDER BY a, b, c, d
                                  QUERY PLAN                                  
------------------------------------------------------------------------------
 Limit  (cost=17084.11..17084.11 rows=1 width=20)
   ->  Incremental Sort  (cost=9945.10..16084.11 rows=100000 width=20)
         Sort Key: s_3.a, s_3.b, s_3.c, s_3.d
         Presorted Key: s_3.a, s_3.b, s_3.c
         ->  Sort  (cost=9941.82..10191.82 rows=100000 width=20)
               Sort Key: s_3.a, s_3.b, s_3.c
               ->  Seq Scan on s_3  (cost=0.00..1637.00 rows=100000 width=20)
(7 rows)

===== 44 [Wed Mar  7 02:01:19 CET 2018] scale:100000 groups:10 work_mem:128MB incremental:on max_workers:0 =====
SELECT * FROM (SELECT * FROM s_4 ORDER BY a, b, c, d) foo ORDER BY a, b, c, d, e
                                  QUERY PLAN                                  
------------------------------------------------------------------------------
 Limit  (cost=15802.78..15802.78 rows=1 width=20)
   ->  Incremental Sort  (cost=9942.11..14802.78 rows=100000 width=20)
         Sort Key: s_4.a, s_4.b, s_4.c, s_4.d, s_4.e
         Presorted Key: s_4.a, s_4.b, s_4.c, s_4.d
         ->  Sort  (cost=9941.82..10191.82 rows=100000 width=20)
               Sort Key: s_4.a, s_4.b, s_4.c, s_4.d
               ->  Seq Scan on s_4  (cost=0.00..1637.00 rows=100000 width=20)
(7 rows)

===== 45 [Wed Mar  7 02:01:20 CET 2018] scale:100000 groups:10 work_mem:128MB incremental:off max_workers:0 =====
SELECT * FROM (SELECT * FROM s_1 ORDER BY a) foo ORDER BY a, b
                                  QUERY PLAN                                  
------------------------------------------------------------------------------
 Limit  (cost=20746.64..20746.64 rows=1 width=20)
   ->  Sort  (cost=19496.64..19746.64 rows=100000 width=20)
         Sort Key: s_1.a, s_1.b
         ->  Sort  (cost=9941.82..10191.82 rows=100000 width=20)
               Sort Key: s_1.a
               ->  Seq Scan on s_1  (cost=0.00..1637.00 rows=100000 width=20)
(6 rows)

===== 46 [Wed Mar  7 02:01:20 CET 2018] scale:100000 groups:10 work_mem:128MB incremental:off max_workers:0 =====
SELECT * FROM (SELECT * FROM s_2 ORDER BY a, b) foo ORDER BY a, b, c
                                  QUERY PLAN                                  
------------------------------------------------------------------------------
 Limit  (cost=20746.64..20746.64 rows=1 width=20)
   ->  Sort  (cost=19496.64..19746.64 rows=100000 width=20)
         Sort Key: s_2.a, s_2.b, s_2.c
         ->  Sort  (cost=9941.82..10191.82 rows=100000 width=20)
               Sort Key: s_2.a, s_2.b
               ->  Seq Scan on s_2  (cost=0.00..1637.00 rows=100000 width=20)
(6 rows)

===== 47 [Wed Mar  7 02:01:20 CET 2018] scale:100000 groups:10 work_mem:128MB incremental:off max_workers:0 =====
SELECT * FROM (SELECT * FROM s_3 ORDER BY a, b, c) foo ORDER BY a, b, c, d
                                  QUERY PLAN                                  
------------------------------------------------------------------------------
 Limit  (cost=20746.64..20746.64 rows=1 width=20)
   ->  Sort  (cost=19496.64..19746.64 rows=100000 width=20)
         Sort Key: s_3.a, s_3.b, s_3.c, s_3.d
         ->  Sort  (cost=9941.82..10191.82 rows=100000 width=20)
               Sort Key: s_3.a, s_3.b, s_3.c
               ->  Seq Scan on s_3  (cost=0.00..1637.00 rows=100000 width=20)
(6 rows)

===== 48 [Wed Mar  7 02:01:21 CET 2018] scale:100000 groups:10 work_mem:128MB incremental:off max_workers:0 =====
SELECT * FROM (SELECT * FROM s_4 ORDER BY a, b, c, d) foo ORDER BY a, b, c, d, e
                                  QUERY PLAN                                  
------------------------------------------------------------------------------
 Limit  (cost=20746.64..20746.64 rows=1 width=20)
   ->  Sort  (cost=19496.64..19746.64 rows=100000 width=20)
         Sort Key: s_4.a, s_4.b, s_4.c, s_4.d, s_4.e
         ->  Sort  (cost=9941.82..10191.82 rows=100000 width=20)
               Sort Key: s_4.a, s_4.b, s_4.c, s_4.d
               ->  Seq Scan on s_4  (cost=0.00..1637.00 rows=100000 width=20)
(6 rows)

===== 49 [Wed Mar  7 02:01:21 CET 2018] scale:100000 groups:10 work_mem:256MB incremental:on max_workers:0 =====
SELECT * FROM (SELECT * FROM s_1 ORDER BY a) foo ORDER BY a, b
                                  QUERY PLAN                                  
------------------------------------------------------------------------------
 Limit  (cost=20517.14..20517.14 rows=1 width=20)
   ->  Incremental Sort  (cost=10653.19..19517.14 rows=100000 width=20)
         Sort Key: s_1.a, s_1.b
         Presorted Key: s_1.a
         ->  Sort  (cost=9941.82..10191.82 rows=100000 width=20)
               Sort Key: s_1.a
               ->  Seq Scan on s_1  (cost=0.00..1637.00 rows=100000 width=20)
(7 rows)

===== 50 [Wed Mar  7 02:01:21 CET 2018] scale:100000 groups:10 work_mem:256MB incremental:on max_workers:0 =====
SELECT * FROM (SELECT * FROM s_2 ORDER BY a, b) foo ORDER BY a, b, c
                                  QUERY PLAN                                  
------------------------------------------------------------------------------
 Limit  (cost=18789.63..18789.63 rows=1 width=20)
   ->  Incremental Sort  (cost=9992.20..17789.63 rows=100000 width=20)
         Sort Key: s_2.a, s_2.b, s_2.c
         Presorted Key: s_2.a, s_2.b
         ->  Sort  (cost=9941.82..10191.82 rows=100000 width=20)
               Sort Key: s_2.a, s_2.b
               ->  Seq Scan on s_2  (cost=0.00..1637.00 rows=100000 width=20)
(7 rows)

===== 51 [Wed Mar  7 02:01:22 CET 2018] scale:100000 groups:10 work_mem:256MB incremental:on max_workers:0 =====
SELECT * FROM (SELECT * FROM s_3 ORDER BY a, b, c) foo ORDER BY a, b, c, d
                                  QUERY PLAN                                  
------------------------------------------------------------------------------
 Limit  (cost=17084.11..17084.11 rows=1 width=20)
   ->  Incremental Sort  (cost=9945.10..16084.11 rows=100000 width=20)
         Sort Key: s_3.a, s_3.b, s_3.c, s_3.d
         Presorted Key: s_3.a, s_3.b, s_3.c
         ->  Sort  (cost=9941.82..10191.82 rows=100000 width=20)
               Sort Key: s_3.a, s_3.b, s_3.c
               ->  Seq Scan on s_3  (cost=0.00..1637.00 rows=100000 width=20)
(7 rows)

===== 52 [Wed Mar  7 02:01:22 CET 2018] scale:100000 groups:10 work_mem:256MB incremental:on max_workers:0 =====
SELECT * FROM (SELECT * FROM s_4 ORDER BY a, b, c, d) foo ORDER BY a, b, c, d, e
                                  QUERY PLAN                                  
------------------------------------------------------------------------------
 Limit  (cost=15802.78..15802.78 rows=1 width=20)
   ->  Incremental Sort  (cost=9942.11..14802.78 rows=100000 width=20)
         Sort Key: s_4.a, s_4.b, s_4.c, s_4.d, s_4.e
         Presorted Key: s_4.a, s_4.b, s_4.c, s_4.d
         ->  Sort  (cost=9941.82..10191.82 rows=100000 width=20)
               Sort Key: s_4.a, s_4.b, s_4.c, s_4.d
               ->  Seq Scan on s_4  (cost=0.00..1637.00 rows=100000 width=20)
(7 rows)

===== 53 [Wed Mar  7 02:01:22 CET 2018] scale:100000 groups:10 work_mem:256MB incremental:off max_workers:0 =====
SELECT * FROM (SELECT * FROM s_1 ORDER BY a) foo ORDER BY a, b
                                  QUERY PLAN                                  
------------------------------------------------------------------------------
 Limit  (cost=20746.64..20746.64 rows=1 width=20)
   ->  Sort  (cost=19496.64..19746.64 rows=100000 width=20)
         Sort Key: s_1.a, s_1.b
         ->  Sort  (cost=9941.82..10191.82 rows=100000 width=20)
               Sort Key: s_1.a
               ->  Seq Scan on s_1  (cost=0.00..1637.00 rows=100000 width=20)
(6 rows)

===== 54 [Wed Mar  7 02:01:23 CET 2018] scale:100000 groups:10 work_mem:256MB incremental:off max_workers:0 =====
SELECT * FROM (SELECT * FROM s_2 ORDER BY a, b) foo ORDER BY a, b, c
                                  QUERY PLAN                                  
------------------------------------------------------------------------------
 Limit  (cost=20746.64..20746.64 rows=1 width=20)
   ->  Sort  (cost=19496.64..19746.64 rows=100000 width=20)
         Sort Key: s_2.a, s_2.b, s_2.c
         ->  Sort  (cost=9941.82..10191.82 rows=100000 width=20)
               Sort Key: s_2.a, s_2.b
               ->  Seq Scan on s_2  (cost=0.00..1637.00 rows=100000 width=20)
(6 rows)

===== 55 [Wed Mar  7 02:01:23 CET 2018] scale:100000 groups:10 work_mem:256MB incremental:off max_workers:0 =====
SELECT * FROM (SELECT * FROM s_3 ORDER BY a, b, c) foo ORDER BY a, b, c, d
                                  QUERY PLAN                                  
------------------------------------------------------------------------------
 Limit  (cost=20746.64..20746.64 rows=1 width=20)
   ->  Sort  (cost=19496.64..19746.64 rows=100000 width=20)
         Sort Key: s_3.a, s_3.b, s_3.c, s_3.d
         ->  Sort  (cost=9941.82..10191.82 rows=100000 width=20)
               Sort Key: s_3.a, s_3.b, s_3.c
               ->  Seq Scan on s_3  (cost=0.00..1637.00 rows=100000 width=20)
(6 rows)

===== 56 [Wed Mar  7 02:01:23 CET 2018] scale:100000 groups:10 work_mem:256MB incremental:off max_workers:0 =====
SELECT * FROM (SELECT * FROM s_4 ORDER BY a, b, c, d) foo ORDER BY a, b, c, d, e
                                  QUERY PLAN                                  
------------------------------------------------------------------------------
 Limit  (cost=20746.64..20746.64 rows=1 width=20)
   ->  Sort  (cost=19496.64..19746.64 rows=100000 width=20)
         Sort Key: s_4.a, s_4.b, s_4.c, s_4.d, s_4.e
         ->  Sort  (cost=9941.82..10191.82 rows=100000 width=20)
               Sort Key: s_4.a, s_4.b, s_4.c, s_4.d
               ->  Seq Scan on s_4  (cost=0.00..1637.00 rows=100000 width=20)
(6 rows)

===== 57 [Wed Mar  7 02:01:24 CET 2018] scale:100000 groups:10 work_mem:4MB incremental:on max_workers:2 =====
SELECT * FROM (SELECT * FROM s_1 ORDER BY a) foo ORDER BY a, b
                                  QUERY PLAN                                  
------------------------------------------------------------------------------
 Limit  (cost=22568.14..22568.14 rows=1 width=20)
   ->  Incremental Sort  (cost=12704.19..21568.14 rows=100000 width=20)
         Sort Key: s_1.a, s_1.b
         Presorted Key: s_1.a
         ->  Sort  (cost=11992.82..12242.82 rows=100000 width=20)
               Sort Key: s_1.a
               ->  Seq Scan on s_1  (cost=0.00..1637.00 rows=100000 width=20)
(7 rows)

===== 58 [Wed Mar  7 02:01:24 CET 2018] scale:100000 groups:10 work_mem:4MB incremental:on max_workers:2 =====
SELECT * FROM (SELECT * FROM s_2 ORDER BY a, b) foo ORDER BY a, b, c
                                  QUERY PLAN                                  
------------------------------------------------------------------------------
 Limit  (cost=20840.63..20840.63 rows=1 width=20)
   ->  Incremental Sort  (cost=12043.20..19840.63 rows=100000 width=20)
         Sort Key: s_2.a, s_2.b, s_2.c
         Presorted Key: s_2.a, s_2.b
         ->  Sort  (cost=11992.82..12242.82 rows=100000 width=20)
               Sort Key: s_2.a, s_2.b
               ->  Seq Scan on s_2  (cost=0.00..1637.00 rows=100000 width=20)
(7 rows)

===== 59 [Wed Mar  7 02:01:24 CET 2018] scale:100000 groups:10 work_mem:4MB incremental:on max_workers:2 =====
SELECT * FROM (SELECT * FROM s_3 ORDER BY a, b, c) foo ORDER BY a, b, c, d
                                  QUERY PLAN                                  
------------------------------------------------------------------------------
 Limit  (cost=19135.11..19135.11 rows=1 width=20)
   ->  Incremental Sort  (cost=11996.10..18135.11 rows=100000 width=20)
         Sort Key: s_3.a, s_3.b, s_3.c, s_3.d
         Presorted Key: s_3.a, s_3.b, s_3.c
         ->  Sort  (cost=11992.82..12242.82 rows=100000 width=20)
               Sort Key: s_3.a, s_3.b, s_3.c
               ->  Seq Scan on s_3  (cost=0.00..1637.00 rows=100000 width=20)
(7 rows)

===== 60 [Wed Mar  7 02:01:25 CET 2018] scale:100000 groups:10 work_mem:4MB incremental:on max_workers:2 =====
SELECT * FROM (SELECT * FROM s_4 ORDER BY a, b, c, d) foo ORDER BY a, b, c, d, e
                                  QUERY PLAN                                  
------------------------------------------------------------------------------
 Limit  (cost=17853.78..17853.78 rows=1 width=20)
   ->  Incremental Sort  (cost=11993.11..16853.78 rows=100000 width=20)
         Sort Key: s_4.a, s_4.b, s_4.c, s_4.d, s_4.e
         Presorted Key: s_4.a, s_4.b, s_4.c, s_4.d
         ->  Sort  (cost=11992.82..12242.82 rows=100000 width=20)
               Sort Key: s_4.a, s_4.b, s_4.c, s_4.d
               ->  Seq Scan on s_4  (cost=0.00..1637.00 rows=100000 width=20)
(7 rows)

===== 61 [Wed Mar  7 02:01:25 CET 2018] scale:100000 groups:10 work_mem:4MB incremental:off max_workers:2 =====
SELECT * FROM (SELECT * FROM s_1 ORDER BY a) foo ORDER BY a, b
                                  QUERY PLAN                                  
------------------------------------------------------------------------------
 Limit  (cost=24848.64..24848.64 rows=1 width=20)
   ->  Sort  (cost=23598.64..23848.64 rows=100000 width=20)
         Sort Key: s_1.a, s_1.b
         ->  Sort  (cost=11992.82..12242.82 rows=100000 width=20)
               Sort Key: s_1.a
               ->  Seq Scan on s_1  (cost=0.00..1637.00 rows=100000 width=20)
(6 rows)

===== 62 [Wed Mar  7 02:01:26 CET 2018] scale:100000 groups:10 work_mem:4MB incremental:off max_workers:2 =====
SELECT * FROM (SELECT * FROM s_2 ORDER BY a, b) foo ORDER BY a, b, c
                                  QUERY PLAN                                  
------------------------------------------------------------------------------
 Limit  (cost=24848.64..24848.64 rows=1 width=20)
   ->  Sort  (cost=23598.64..23848.64 rows=100000 width=20)
         Sort Key: s_2.a, s_2.b, s_2.c
         ->  Sort  (cost=11992.82..12242.82 rows=100000 width=20)
               Sort Key: s_2.a, s_2.b
               ->  Seq Scan on s_2  (cost=0.00..1637.00 rows=100000 width=20)
(6 rows)

===== 63 [Wed Mar  7 02:01:26 CET 2018] scale:100000 groups:10 work_mem:4MB incremental:off max_workers:2 =====
SELECT * FROM (SELECT * FROM s_3 ORDER BY a, b, c) foo ORDER BY a, b, c, d
                                  QUERY PLAN                                  
------------------------------------------------------------------------------
 Limit  (cost=24848.64..24848.64 rows=1 width=20)
   ->  Sort  (cost=23598.64..23848.64 rows=100000 width=20)
         Sort Key: s_3.a, s_3.b, s_3.c, s_3.d
         ->  Sort  (cost=11992.82..12242.82 rows=100000 width=20)
               Sort Key: s_3.a, s_3.b, s_3.c
               ->  Seq Scan on s_3  (cost=0.00..1637.00 rows=100000 width=20)
(6 rows)

===== 64 [Wed Mar  7 02:01:27 CET 2018] scale:100000 groups:10 work_mem:4MB incremental:off max_workers:2 =====
SELECT * FROM (SELECT * FROM s_4 ORDER BY a, b, c, d) foo ORDER BY a, b, c, d, e
                                  QUERY PLAN                                  
------------------------------------------------------------------------------
 Limit  (cost=24848.64..24848.64 rows=1 width=20)
   ->  Sort  (cost=23598.64..23848.64 rows=100000 width=20)
         Sort Key: s_4.a, s_4.b, s_4.c, s_4.d, s_4.e
         ->  Sort  (cost=11992.82..12242.82 rows=100000 width=20)
               Sort Key: s_4.a, s_4.b, s_4.c, s_4.d
               ->  Seq Scan on s_4  (cost=0.00..1637.00 rows=100000 width=20)
(6 rows)

===== 65 [Wed Mar  7 02:01:27 CET 2018] scale:100000 groups:10 work_mem:8MB incremental:on max_workers:2 =====
SELECT * FROM (SELECT * FROM s_1 ORDER BY a) foo ORDER BY a, b
                                  QUERY PLAN                                  
------------------------------------------------------------------------------
 Limit  (cost=20517.14..20517.14 rows=1 width=20)
   ->  Incremental Sort  (cost=10653.19..19517.14 rows=100000 width=20)
         Sort Key: s_1.a, s_1.b
         Presorted Key: s_1.a
         ->  Sort  (cost=9941.82..10191.82 rows=100000 width=20)
               Sort Key: s_1.a
               ->  Seq Scan on s_1  (cost=0.00..1637.00 rows=100000 width=20)
(7 rows)

===== 66 [Wed Mar  7 02:01:27 CET 2018] scale:100000 groups:10 work_mem:8MB incremental:on max_workers:2 =====
SELECT * FROM (SELECT * FROM s_2 ORDER BY a, b) foo ORDER BY a, b, c
                                  QUERY PLAN                                  
------------------------------------------------------------------------------
 Limit  (cost=18789.63..18789.63 rows=1 width=20)
   ->  Incremental Sort  (cost=9992.20..17789.63 rows=100000 width=20)
         Sort Key: s_2.a, s_2.b, s_2.c
         Presorted Key: s_2.a, s_2.b
         ->  Sort  (cost=9941.82..10191.82 rows=100000 width=20)
               Sort Key: s_2.a, s_2.b
               ->  Seq Scan on s_2  (cost=0.00..1637.00 rows=100000 width=20)
(7 rows)

===== 67 [Wed Mar  7 02:01:28 CET 2018] scale:100000 groups:10 work_mem:8MB incremental:on max_workers:2 =====
SELECT * FROM (SELECT * FROM s_3 ORDER BY a, b, c) foo ORDER BY a, b, c, d
                                  QUERY PLAN                                  
------------------------------------------------------------------------------
 Limit  (cost=17084.11..17084.11 rows=1 width=20)
   ->  Incremental Sort  (cost=9945.10..16084.11 rows=100000 width=20)
         Sort Key: s_3.a, s_3.b, s_3.c, s_3.d
         Presorted Key: s_3.a, s_3.b, s_3.c
         ->  Sort  (cost=9941.82..10191.82 rows=100000 width=20)
               Sort Key: s_3.a, s_3.b, s_3.c
               ->  Seq Scan on s_3  (cost=0.00..1637.00 rows=100000 width=20)
(7 rows)

===== 68 [Wed Mar  7 02:01:28 CET 2018] scale:100000 groups:10 work_mem:8MB incremental:on max_workers:2 =====
SELECT * FROM (SELECT * FROM s_4 ORDER BY a, b, c, d) foo ORDER BY a, b, c, d, e
                                  QUERY PLAN                                  
------------------------------------------------------------------------------
 Limit  (cost=15802.78..15802.78 rows=1 width=20)
   ->  Incremental Sort  (cost=9942.11..14802.78 rows=100000 width=20)
         Sort Key: s_4.a, s_4.b, s_4.c, s_4.d, s_4.e
         Presorted Key: s_4.a, s_4.b, s_4.c, s_4.d
         ->  Sort  (cost=9941.82..10191.82 rows=100000 width=20)
               Sort Key: s_4.a, s_4.b, s_4.c, s_4.d
               ->  Seq Scan on s_4  (cost=0.00..1637.00 rows=100000 width=20)
(7 rows)

===== 69 [Wed Mar  7 02:01:29 CET 2018] scale:100000 groups:10 work_mem:8MB incremental:off max_workers:2 =====
SELECT * FROM (SELECT * FROM s_1 ORDER BY a) foo ORDER BY a, b
                                  QUERY PLAN                                  
------------------------------------------------------------------------------
 Limit  (cost=20746.64..20746.64 rows=1 width=20)
   ->  Sort  (cost=19496.64..19746.64 rows=100000 width=20)
         Sort Key: s_1.a, s_1.b
         ->  Sort  (cost=9941.82..10191.82 rows=100000 width=20)
               Sort Key: s_1.a
               ->  Seq Scan on s_1  (cost=0.00..1637.00 rows=100000 width=20)
(6 rows)

===== 70 [Wed Mar  7 02:01:29 CET 2018] scale:100000 groups:10 work_mem:8MB incremental:off max_workers:2 =====
SELECT * FROM (SELECT * FROM s_2 ORDER BY a, b) foo ORDER BY a, b, c
                                  QUERY PLAN                                  
------------------------------------------------------------------------------
 Limit  (cost=20746.64..20746.64 rows=1 width=20)
   ->  Sort  (cost=19496.64..19746.64 rows=100000 width=20)
         Sort Key: s_2.a, s_2.b, s_2.c
         ->  Sort  (cost=9941.82..10191.82 rows=100000 width=20)
               Sort Key: s_2.a, s_2.b
               ->  Seq Scan on s_2  (cost=0.00..1637.00 rows=100000 width=20)
(6 rows)

===== 71 [Wed Mar  7 02:01:29 CET 2018] scale:100000 groups:10 work_mem:8MB incremental:off max_workers:2 =====
SELECT * FROM (SELECT * FROM s_3 ORDER BY a, b, c) foo ORDER BY a, b, c, d
                                  QUERY PLAN                                  
------------------------------------------------------------------------------
 Limit  (cost=20746.64..20746.64 rows=1 width=20)
   ->  Sort  (cost=19496.64..19746.64 rows=100000 width=20)
         Sort Key: s_3.a, s_3.b, s_3.c, s_3.d
         ->  Sort  (cost=9941.82..10191.82 rows=100000 width=20)
               Sort Key: s_3.a, s_3.b, s_3.c
               ->  Seq Scan on s_3  (cost=0.00..1637.00 rows=100000 width=20)
(6 rows)

===== 72 [Wed Mar  7 02:01:30 CET 2018] scale:100000 groups:10 work_mem:8MB incremental:off max_workers:2 =====
SELECT * FROM (SELECT * FROM s_4 ORDER BY a, b, c, d) foo ORDER BY a, b, c, d, e
                                  QUERY PLAN                                  
------------------------------------------------------------------------------
 Limit  (cost=20746.64..20746.64 rows=1 width=20)
   ->  Sort  (cost=19496.64..19746.64 rows=100000 width=20)
         Sort Key: s_4.a, s_4.b, s_4.c, s_4.d, s_4.e
         ->  Sort  (cost=9941.82..10191.82 rows=100000 width=20)
               Sort Key: s_4.a, s_4.b, s_4.c, s_4.d
               ->  Seq Scan on s_4  (cost=0.00..1637.00 rows=100000 width=20)
(6 rows)

===== 73 [Wed Mar  7 02:01:31 CET 2018] scale:100000 groups:10 work_mem:16MB incremental:on max_workers:2 =====
SELECT * FROM (SELECT * FROM s_1 ORDER BY a) foo ORDER BY a, b
                                  QUERY PLAN                                  
------------------------------------------------------------------------------
 Limit  (cost=20517.14..20517.14 rows=1 width=20)
   ->  Incremental Sort  (cost=10653.19..19517.14 rows=100000 width=20)
         Sort Key: s_1.a, s_1.b
         Presorted Key: s_1.a
         ->  Sort  (cost=9941.82..10191.82 rows=100000 width=20)
               Sort Key: s_1.a
               ->  Seq Scan on s_1  (cost=0.00..1637.00 rows=100000 width=20)
(7 rows)

===== 74 [Wed Mar  7 02:01:31 CET 2018] scale:100000 groups:10 work_mem:16MB incremental:on max_workers:2 =====
SELECT * FROM (SELECT * FROM s_2 ORDER BY a, b) foo ORDER BY a, b, c
                                  QUERY PLAN                                  
------------------------------------------------------------------------------
 Limit  (cost=18789.63..18789.63 rows=1 width=20)
   ->  Incremental Sort  (cost=9992.20..17789.63 rows=100000 width=20)
         Sort Key: s_2.a, s_2.b, s_2.c
         Presorted Key: s_2.a, s_2.b
         ->  Sort  (cost=9941.82..10191.82 rows=100000 width=20)
               Sort Key: s_2.a, s_2.b
               ->  Seq Scan on s_2  (cost=0.00..1637.00 rows=100000 width=20)
(7 rows)

===== 75 [Wed Mar  7 02:01:31 CET 2018] scale:100000 groups:10 work_mem:16MB incremental:on max_workers:2 =====
SELECT * FROM (SELECT * FROM s_3 ORDER BY a, b, c) foo ORDER BY a, b, c, d
                                  QUERY PLAN                                  
------------------------------------------------------------------------------
 Limit  (cost=17084.11..17084.11 rows=1 width=20)
   ->  Incremental Sort  (cost=9945.10..16084.11 rows=100000 width=20)
         Sort Key: s_3.a, s_3.b, s_3.c, s_3.d
         Presorted Key: s_3.a, s_3.b, s_3.c
         ->  Sort  (cost=9941.82..10191.82 rows=100000 width=20)
               Sort Key: s_3.a, s_3.b, s_3.c
               ->  Seq Scan on s_3  (cost=0.00..1637.00 rows=100000 width=20)
(7 rows)

===== 76 [Wed Mar  7 02:01:31 CET 2018] scale:100000 groups:10 work_mem:16MB incremental:on max_workers:2 =====
SELECT * FROM (SELECT * FROM s_4 ORDER BY a, b, c, d) foo ORDER BY a, b, c, d, e
                                  QUERY PLAN                                  
------------------------------------------------------------------------------
 Limit  (cost=15802.78..15802.78 rows=1 width=20)
   ->  Incremental Sort  (cost=9942.11..14802.78 rows=100000 width=20)
         Sort Key: s_4.a, s_4.b, s_4.c, s_4.d, s_4.e
         Presorted Key: s_4.a, s_4.b, s_4.c, s_4.d
         ->  Sort  (cost=9941.82..10191.82 rows=100000 width=20)
               Sort Key: s_4.a, s_4.b, s_4.c, s_4.d
               ->  Seq Scan on s_4  (cost=0.00..1637.00 rows=100000 width=20)
(7 rows)

===== 77 [Wed Mar  7 02:01:32 CET 2018] scale:100000 groups:10 work_mem:16MB incremental:off max_workers:2 =====
SELECT * FROM (SELECT * FROM s_1 ORDER BY a) foo ORDER BY a, b
                                  QUERY PLAN                                  
------------------------------------------------------------------------------
 Limit  (cost=20746.64..20746.64 rows=1 width=20)
   ->  Sort  (cost=19496.64..19746.64 rows=100000 width=20)
         Sort Key: s_1.a, s_1.b
         ->  Sort  (cost=9941.82..10191.82 rows=100000 width=20)
               Sort Key: s_1.a
               ->  Seq Scan on s_1  (cost=0.00..1637.00 rows=100000 width=20)
(6 rows)

===== 78 [Wed Mar  7 02:01:32 CET 2018] scale:100000 groups:10 work_mem:16MB incremental:off max_workers:2 =====
SELECT * FROM (SELECT * FROM s_2 ORDER BY a, b) foo ORDER BY a, b, c
                                  QUERY PLAN                                  
------------------------------------------------------------------------------
 Limit  (cost=20746.64..20746.64 rows=1 width=20)
   ->  Sort  (cost=19496.64..19746.64 rows=100000 width=20)
         Sort Key: s_2.a, s_2.b, s_2.c
         ->  Sort  (cost=9941.82..10191.82 rows=100000 width=20)
               Sort Key: s_2.a, s_2.b
               ->  Seq Scan on s_2  (cost=0.00..1637.00 rows=100000 width=20)
(6 rows)

===== 79 [Wed Mar  7 02:01:32 CET 2018] scale:100000 groups:10 work_mem:16MB incremental:off max_workers:2 =====
SELECT * FROM (SELECT * FROM s_3 ORDER BY a, b, c) foo ORDER BY a, b, c, d
                                  QUERY PLAN                                  
------------------------------------------------------------------------------
 Limit  (cost=20746.64..20746.64 rows=1 width=20)
   ->  Sort  (cost=19496.64..19746.64 rows=100000 width=20)
         Sort Key: s_3.a, s_3.b, s_3.c, s_3.d
         ->  Sort  (cost=9941.82..10191.82 rows=100000 width=20)
               Sort Key: s_3.a, s_3.b, s_3.c
               ->  Seq Scan on s_3  (cost=0.00..1637.00 rows=100000 width=20)
(6 rows)

===== 80 [Wed Mar  7 02:01:33 CET 2018] scale:100000 groups:10 work_mem:16MB incremental:off max_workers:2 =====
SELECT * FROM (SELECT * FROM s_4 ORDER BY a, b, c, d) foo ORDER BY a, b, c, d, e
                                  QUERY PLAN                                  
------------------------------------------------------------------------------
 Limit  (cost=20746.64..20746.64 rows=1 width=20)
   ->  Sort  (cost=19496.64..19746.64 rows=100000 width=20)
         Sort Key: s_4.a, s_4.b, s_4.c, s_4.d, s_4.e
         ->  Sort  (cost=9941.82..10191.82 rows=100000 width=20)
               Sort Key: s_4.a, s_4.b, s_4.c, s_4.d
               ->  Seq Scan on s_4  (cost=0.00..1637.00 rows=100000 width=20)
(6 rows)

===== 81 [Wed Mar  7 02:01:33 CET 2018] scale:100000 groups:10 work_mem:32MB incremental:on max_workers:2 =====
SELECT * FROM (SELECT * FROM s_1 ORDER BY a) foo ORDER BY a, b
                                  QUERY PLAN                                  
------------------------------------------------------------------------------
 Limit  (cost=20517.14..20517.14 rows=1 width=20)
   ->  Incremental Sort  (cost=10653.19..19517.14 rows=100000 width=20)
         Sort Key: s_1.a, s_1.b
         Presorted Key: s_1.a
         ->  Sort  (cost=9941.82..10191.82 rows=100000 width=20)
               Sort Key: s_1.a
               ->  Seq Scan on s_1  (cost=0.00..1637.00 rows=100000 width=20)
(7 rows)

===== 82 [Wed Mar  7 02:01:34 CET 2018] scale:100000 groups:10 work_mem:32MB incremental:on max_workers:2 =====
SELECT * FROM (SELECT * FROM s_2 ORDER BY a, b) foo ORDER BY a, b, c
                                  QUERY PLAN                                  
------------------------------------------------------------------------------
 Limit  (cost=18789.63..18789.63 rows=1 width=20)
   ->  Incremental Sort  (cost=9992.20..17789.63 rows=100000 width=20)
         Sort Key: s_2.a, s_2.b, s_2.c
         Presorted Key: s_2.a, s_2.b
         ->  Sort  (cost=9941.82..10191.82 rows=100000 width=20)
               Sort Key: s_2.a, s_2.b
               ->  Seq Scan on s_2  (cost=0.00..1637.00 rows=100000 width=20)
(7 rows)

===== 83 [Wed Mar  7 02:01:34 CET 2018] scale:100000 groups:10 work_mem:32MB incremental:on max_workers:2 =====
SELECT * FROM (SELECT * FROM s_3 ORDER BY a, b, c) foo ORDER BY a, b, c, d
                                  QUERY PLAN                                  
------------------------------------------------------------------------------
 Limit  (cost=17084.11..17084.11 rows=1 width=20)
   ->  Incremental Sort  (cost=9945.10..16084.11 rows=100000 width=20)
         Sort Key: s_3.a, s_3.b, s_3.c, s_3.d
         Presorted Key: s_3.a, s_3.b, s_3.c
         ->  Sort  (cost=9941.82..10191.82 rows=100000 width=20)
               Sort Key: s_3.a, s_3.b, s_3.c
               ->  Seq Scan on s_3  (cost=0.00..1637.00 rows=100000 width=20)
(7 rows)

===== 84 [Wed Mar  7 02:01:34 CET 2018] scale:100000 groups:10 work_mem:32MB incremental:on max_workers:2 =====
SELECT * FROM (SELECT * FROM s_4 ORDER BY a, b, c, d) foo ORDER BY a, b, c, d, e
                                  QUERY PLAN                                  
------------------------------------------------------------------------------
 Limit  (cost=15802.78..15802.78 rows=1 width=20)
   ->  Incremental Sort  (cost=9942.11..14802.78 rows=100000 width=20)
         Sort Key: s_4.a, s_4.b, s_4.c, s_4.d, s_4.e
         Presorted Key: s_4.a, s_4.b, s_4.c, s_4.d
         ->  Sort  (cost=9941.82..10191.82 rows=100000 width=20)
               Sort Key: s_4.a, s_4.b, s_4.c, s_4.d
               ->  Seq Scan on s_4  (cost=0.00..1637.00 rows=100000 width=20)
(7 rows)

===== 85 [Wed Mar  7 02:01:34 CET 2018] scale:100000 groups:10 work_mem:32MB incremental:off max_workers:2 =====
SELECT * FROM (SELECT * FROM s_1 ORDER BY a) foo ORDER BY a, b
                                  QUERY PLAN                                  
------------------------------------------------------------------------------
 Limit  (cost=20746.64..20746.64 rows=1 width=20)
   ->  Sort  (cost=19496.64..19746.64 rows=100000 width=20)
         Sort Key: s_1.a, s_1.b
         ->  Sort  (cost=9941.82..10191.82 rows=100000 width=20)
               Sort Key: s_1.a
               ->  Seq Scan on s_1  (cost=0.00..1637.00 rows=100000 width=20)
(6 rows)

===== 86 [Wed Mar  7 02:01:35 CET 2018] scale:100000 groups:10 work_mem:32MB incremental:off max_workers:2 =====
SELECT * FROM (SELECT * FROM s_2 ORDER BY a, b) foo ORDER BY a, b, c
                                  QUERY PLAN                                  
------------------------------------------------------------------------------
 Limit  (cost=20746.64..20746.64 rows=1 width=20)
   ->  Sort  (cost=19496.64..19746.64 rows=100000 width=20)
         Sort Key: s_2.a, s_2.b, s_2.c
         ->  Sort  (cost=9941.82..10191.82 rows=100000 width=20)
               Sort Key: s_2.a, s_2.b
               ->  Seq Scan on s_2  (cost=0.00..1637.00 rows=100000 width=20)
(6 rows)

===== 87 [Wed Mar  7 02:01:35 CET 2018] scale:100000 groups:10 work_mem:32MB incremental:off max_workers:2 =====
SELECT * FROM (SELECT * FROM s_3 ORDER BY a, b, c) foo ORDER BY a, b, c, d
                                  QUERY PLAN                                  
------------------------------------------------------------------------------
 Limit  (cost=20746.64..20746.64 rows=1 width=20)
   ->  Sort  (cost=19496.64..19746.64 rows=100000 width=20)
         Sort Key: s_3.a, s_3.b, s_3.c, s_3.d
         ->  Sort  (cost=9941.82..10191.82 rows=100000 width=20)
               Sort Key: s_3.a, s_3.b, s_3.c
               ->  Seq Scan on s_3  (cost=0.00..1637.00 rows=100000 width=20)
(6 rows)

===== 88 [Wed Mar  7 02:01:35 CET 2018] scale:100000 groups:10 work_mem:32MB incremental:off max_workers:2 =====
SELECT * FROM (SELECT * FROM s_4 ORDER BY a, b, c, d) foo ORDER BY a, b, c, d, e
                                  QUERY PLAN                                  
------------------------------------------------------------------------------
 Limit  (cost=20746.64..20746.64 rows=1 width=20)
   ->  Sort  (cost=19496.64..19746.64 rows=100000 width=20)
         Sort Key: s_4.a, s_4.b, s_4.c, s_4.d, s_4.e
         ->  Sort  (cost=9941.82..10191.82 rows=100000 width=20)
               Sort Key: s_4.a, s_4.b, s_4.c, s_4.d
               ->  Seq Scan on s_4  (cost=0.00..1637.00 rows=100000 width=20)
(6 rows)

===== 89 [Wed Mar  7 02:01:36 CET 2018] scale:100000 groups:10 work_mem:64MB incremental:on max_workers:2 =====
SELECT * FROM (SELECT * FROM s_1 ORDER BY a) foo ORDER BY a, b
                                  QUERY PLAN                                  
------------------------------------------------------------------------------
 Limit  (cost=20517.14..20517.14 rows=1 width=20)
   ->  Incremental Sort  (cost=10653.19..19517.14 rows=100000 width=20)
         Sort Key: s_1.a, s_1.b
         Presorted Key: s_1.a
         ->  Sort  (cost=9941.82..10191.82 rows=100000 width=20)
               Sort Key: s_1.a
               ->  Seq Scan on s_1  (cost=0.00..1637.00 rows=100000 width=20)
(7 rows)

===== 90 [Wed Mar  7 02:01:36 CET 2018] scale:100000 groups:10 work_mem:64MB incremental:on max_workers:2 =====
SELECT * FROM (SELECT * FROM s_2 ORDER BY a, b) foo ORDER BY a, b, c
                                  QUERY PLAN                                  
------------------------------------------------------------------------------
 Limit  (cost=18789.63..18789.63 rows=1 width=20)
   ->  Incremental Sort  (cost=9992.20..17789.63 rows=100000 width=20)
         Sort Key: s_2.a, s_2.b, s_2.c
         Presorted Key: s_2.a, s_2.b
         ->  Sort  (cost=9941.82..10191.82 rows=100000 width=20)
               Sort Key: s_2.a, s_2.b
               ->  Seq Scan on s_2  (cost=0.00..1637.00 rows=100000 width=20)
(7 rows)

===== 91 [Wed Mar  7 02:01:37 CET 2018] scale:100000 groups:10 work_mem:64MB incremental:on max_workers:2 =====
SELECT * FROM (SELECT * FROM s_3 ORDER BY a, b, c) foo ORDER BY a, b, c, d
                                  QUERY PLAN                                  
------------------------------------------------------------------------------
 Limit  (cost=17084.11..17084.11 rows=1 width=20)
   ->  Incremental Sort  (cost=9945.10..16084.11 rows=100000 width=20)
         Sort Key: s_3.a, s_3.b, s_3.c, s_3.d
         Presorted Key: s_3.a, s_3.b, s_3.c
         ->  Sort  (cost=9941.82..10191.82 rows=100000 width=20)
               Sort Key: s_3.a, s_3.b, s_3.c
               ->  Seq Scan on s_3  (cost=0.00..1637.00 rows=100000 width=20)
(7 rows)

===== 92 [Wed Mar  7 02:01:37 CET 2018] scale:100000 groups:10 work_mem:64MB incremental:on max_workers:2 =====
SELECT * FROM (SELECT * FROM s_4 ORDER BY a, b, c, d) foo ORDER BY a, b, c, d, e
                                  QUERY PLAN                                  
------------------------------------------------------------------------------
 Limit  (cost=15802.78..15802.78 rows=1 width=20)
   ->  Incremental Sort  (cost=9942.11..14802.78 rows=100000 width=20)
         Sort Key: s_4.a, s_4.b, s_4.c, s_4.d, s_4.e
         Presorted Key: s_4.a, s_4.b, s_4.c, s_4.d
         ->  Sort  (cost=9941.82..10191.82 rows=100000 width=20)
               Sort Key: s_4.a, s_4.b, s_4.c, s_4.d
               ->  Seq Scan on s_4  (cost=0.00..1637.00 rows=100000 width=20)
(7 rows)

===== 93 [Wed Mar  7 02:01:37 CET 2018] scale:100000 groups:10 work_mem:64MB incremental:off max_workers:2 =====
SELECT * FROM (SELECT * FROM s_1 ORDER BY a) foo ORDER BY a, b
                                  QUERY PLAN                                  
------------------------------------------------------------------------------
 Limit  (cost=20746.64..20746.64 rows=1 width=20)
   ->  Sort  (cost=19496.64..19746.64 rows=100000 width=20)
         Sort Key: s_1.a, s_1.b
         ->  Sort  (cost=9941.82..10191.82 rows=100000 width=20)
               Sort Key: s_1.a
               ->  Seq Scan on s_1  (cost=0.00..1637.00 rows=100000 width=20)
(6 rows)

===== 94 [Wed Mar  7 02:01:37 CET 2018] scale:100000 groups:10 work_mem:64MB incremental:off max_workers:2 =====
SELECT * FROM (SELECT * FROM s_2 ORDER BY a, b) foo ORDER BY a, b, c
                                  QUERY PLAN                                  
------------------------------------------------------------------------------
 Limit  (cost=20746.64..20746.64 rows=1 width=20)
   ->  Sort  (cost=19496.64..19746.64 rows=100000 width=20)
         Sort Key: s_2.a, s_2.b, s_2.c
         ->  Sort  (cost=9941.82..10191.82 rows=100000 width=20)
               Sort Key: s_2.a, s_2.b
               ->  Seq Scan on s_2  (cost=0.00..1637.00 rows=100000 width=20)
(6 rows)

===== 95 [Wed Mar  7 02:01:38 CET 2018] scale:100000 groups:10 work_mem:64MB incremental:off max_workers:2 =====
SELECT * FROM (SELECT * FROM s_3 ORDER BY a, b, c) foo ORDER BY a, b, c, d
                                  QUERY PLAN                                  
------------------------------------------------------------------------------
 Limit  (cost=20746.64..20746.64 rows=1 width=20)
   ->  Sort  (cost=19496.64..19746.64 rows=100000 width=20)
         Sort Key: s_3.a, s_3.b, s_3.c, s_3.d
         ->  Sort  (cost=9941.82..10191.82 rows=100000 width=20)
               Sort Key: s_3.a, s_3.b, s_3.c
               ->  Seq Scan on s_3  (cost=0.00..1637.00 rows=100000 width=20)
(6 rows)

===== 96 [Wed Mar  7 02:01:38 CET 2018] scale:100000 groups:10 work_mem:64MB incremental:off max_workers:2 =====
SELECT * FROM (SELECT * FROM s_4 ORDER BY a, b, c, d) foo ORDER BY a, b, c, d, e
                                  QUERY PLAN                                  
------------------------------------------------------------------------------
 Limit  (cost=20746.64..20746.64 rows=1 width=20)
   ->  Sort  (cost=19496.64..19746.64 rows=100000 width=20)
         Sort Key: s_4.a, s_4.b, s_4.c, s_4.d, s_4.e
         ->  Sort  (cost=9941.82..10191.82 rows=100000 width=20)
               Sort Key: s_4.a, s_4.b, s_4.c, s_4.d
               ->  Seq Scan on s_4  (cost=0.00..1637.00 rows=100000 width=20)
(6 rows)

===== 97 [Wed Mar  7 02:01:39 CET 2018] scale:100000 groups:10 work_mem:128MB incremental:on max_workers:2 =====
SELECT * FROM (SELECT * FROM s_1 ORDER BY a) foo ORDER BY a, b
                                  QUERY PLAN                                  
------------------------------------------------------------------------------
 Limit  (cost=20517.14..20517.14 rows=1 width=20)
   ->  Incremental Sort  (cost=10653.19..19517.14 rows=100000 width=20)
         Sort Key: s_1.a, s_1.b
         Presorted Key: s_1.a
         ->  Sort  (cost=9941.82..10191.82 rows=100000 width=20)
               Sort Key: s_1.a
               ->  Seq Scan on s_1  (cost=0.00..1637.00 rows=100000 width=20)
(7 rows)

===== 98 [Wed Mar  7 02:01:39 CET 2018] scale:100000 groups:10 work_mem:128MB incremental:on max_workers:2 =====
SELECT * FROM (SELECT * FROM s_2 ORDER BY a, b) foo ORDER BY a, b, c
                                  QUERY PLAN                                  
------------------------------------------------------------------------------
 Limit  (cost=18789.63..18789.63 rows=1 width=20)
   ->  Incremental Sort  (cost=9992.20..17789.63 rows=100000 width=20)
         Sort Key: s_2.a, s_2.b, s_2.c
         Presorted Key: s_2.a, s_2.b
         ->  Sort  (cost=9941.82..10191.82 rows=100000 width=20)
               Sort Key: s_2.a, s_2.b
               ->  Seq Scan on s_2  (cost=0.00..1637.00 rows=100000 width=20)
(7 rows)

===== 99 [Wed Mar  7 02:01:39 CET 2018] scale:100000 groups:10 work_mem:128MB incremental:on max_workers:2 =====
SELECT * FROM (SELECT * FROM s_3 ORDER BY a, b, c) foo ORDER BY a, b, c, d
                                  QUERY PLAN                                  
------------------------------------------------------------------------------
 Limit  (cost=17084.11..17084.11 rows=1 width=20)
   ->  Incremental Sort  (cost=9945.10..16084.11 rows=100000 width=20)
         Sort Key: s_3.a, s_3.b, s_3.c, s_3.d
         Presorted Key: s_3.a, s_3.b, s_3.c
         ->  Sort  (cost=9941.82..10191.82 rows=100000 width=20)
               Sort Key: s_3.a, s_3.b, s_3.c
               ->  Seq Scan on s_3  (cost=0.00..1637.00 rows=100000 width=20)
(7 rows)

===== 100 [Wed Mar  7 02:01:40 CET 2018] scale:100000 groups:10 work_mem:128MB incremental:on max_workers:2 =====
SELECT * FROM (SELECT * FROM s_4 ORDER BY a, b, c, d) foo ORDER BY a, b, c, d, e
                                  QUERY PLAN                                  
------------------------------------------------------------------------------
 Limit  (cost=15802.78..15802.78 rows=1 width=20)
   ->  Incremental Sort  (cost=9942.11..14802.78 rows=100000 width=20)
         Sort Key: s_4.a, s_4.b, s_4.c, s_4.d, s_4.e
         Presorted Key: s_4.a, s_4.b, s_4.c, s_4.d
         ->  Sort  (cost=9941.82..10191.82 rows=100000 width=20)
               Sort Key: s_4.a, s_4.b, s_4.c, s_4.d
               ->  Seq Scan on s_4  (cost=0.00..1637.00 rows=100000 width=20)
(7 rows)

===== 101 [Wed Mar  7 02:01:40 CET 2018] scale:100000 groups:10 work_mem:128MB incremental:off max_workers:2 =====
SELECT * FROM (SELECT * FROM s_1 ORDER BY a) foo ORDER BY a, b
                                  QUERY PLAN                                  
------------------------------------------------------------------------------
 Limit  (cost=20746.64..20746.64 rows=1 width=20)
   ->  Sort  (cost=19496.64..19746.64 rows=100000 width=20)
         Sort Key: s_1.a, s_1.b
         ->  Sort  (cost=9941.82..10191.82 rows=100000 width=20)
               Sort Key: s_1.a
               ->  Seq Scan on s_1  (cost=0.00..1637.00 rows=100000 width=20)
(6 rows)

===== 102 [Wed Mar  7 02:01:40 CET 2018] scale:100000 groups:10 work_mem:128MB incremental:off max_workers:2 =====
SELECT * FROM (SELECT * FROM s_2 ORDER BY a, b) foo ORDER BY a, b, c
                                  QUERY PLAN                                  
------------------------------------------------------------------------------
 Limit  (cost=20746.64..20746.64 rows=1 width=20)
   ->  Sort  (cost=19496.64..19746.64 rows=100000 width=20)
         Sort Key: s_2.a, s_2.b, s_2.c
         ->  Sort  (cost=9941.82..10191.82 rows=100000 width=20)
               Sort Key: s_2.a, s_2.b
               ->  Seq Scan on s_2  (cost=0.00..1637.00 rows=100000 width=20)
(6 rows)

===== 103 [Wed Mar  7 02:01:41 CET 2018] scale:100000 groups:10 work_mem:128MB incremental:off max_workers:2 =====
SELECT * FROM (SELECT * FROM s_3 ORDER BY a, b, c) foo ORDER BY a, b, c, d
                                  QUERY PLAN                                  
------------------------------------------------------------------------------
 Limit  (cost=20746.64..20746.64 rows=1 width=20)
   ->  Sort  (cost=19496.64..19746.64 rows=100000 width=20)
         Sort Key: s_3.a, s_3.b, s_3.c, s_3.d
         ->  Sort  (cost=9941.82..10191.82 rows=100000 width=20)
               Sort Key: s_3.a, s_3.b, s_3.c
               ->  Seq Scan on s_3  (cost=0.00..1637.00 rows=100000 width=20)
(6 rows)

===== 104 [Wed Mar  7 02:01:41 CET 2018] scale:100000 groups:10 work_mem:128MB incremental:off max_workers:2 =====
SELECT * FROM (SELECT * FROM s_4 ORDER BY a, b, c, d) foo ORDER BY a, b, c, d, e
                                  QUERY PLAN                                  
------------------------------------------------------------------------------
 Limit  (cost=20746.64..20746.64 rows=1 width=20)
   ->  Sort  (cost=19496.64..19746.64 rows=100000 width=20)
         Sort Key: s_4.a, s_4.b, s_4.c, s_4.d, s_4.e
         ->  Sort  (cost=9941.82..10191.82 rows=100000 width=20)
               Sort Key: s_4.a, s_4.b, s_4.c, s_4.d
               ->  Seq Scan on s_4  (cost=0.00..1637.00 rows=100000 width=20)
(6 rows)

===== 105 [Wed Mar  7 02:01:41 CET 2018] scale:100000 groups:10 work_mem:256MB incremental:on max_workers:2 =====
SELECT * FROM (SELECT * FROM s_1 ORDER BY a) foo ORDER BY a, b
                                  QUERY PLAN                                  
------------------------------------------------------------------------------
 Limit  (cost=20517.14..20517.14 rows=1 width=20)
   ->  Incremental Sort  (cost=10653.19..19517.14 rows=100000 width=20)
         Sort Key: s_1.a, s_1.b
         Presorted Key: s_1.a
         ->  Sort  (cost=9941.82..10191.82 rows=100000 width=20)
               Sort Key: s_1.a
               ->  Seq Scan on s_1  (cost=0.00..1637.00 rows=100000 width=20)
(7 rows)

===== 106 [Wed Mar  7 02:01:42 CET 2018] scale:100000 groups:10 work_mem:256MB incremental:on max_workers:2 =====
SELECT * FROM (SELECT * FROM s_2 ORDER BY a, b) foo ORDER BY a, b, c
                                  QUERY PLAN                                  
------------------------------------------------------------------------------
 Limit  (cost=18789.63..18789.63 rows=1 width=20)
   ->  Incremental Sort  (cost=9992.20..17789.63 rows=100000 width=20)
         Sort Key: s_2.a, s_2.b, s_2.c
         Presorted Key: s_2.a, s_2.b
         ->  Sort  (cost=9941.82..10191.82 rows=100000 width=20)
               Sort Key: s_2.a, s_2.b
               ->  Seq Scan on s_2  (cost=0.00..1637.00 rows=100000 width=20)
(7 rows)

===== 107 [Wed Mar  7 02:01:42 CET 2018] scale:100000 groups:10 work_mem:256MB incremental:on max_workers:2 =====
SELECT * FROM (SELECT * FROM s_3 ORDER BY a, b, c) foo ORDER BY a, b, c, d
                                  QUERY PLAN                                  
------------------------------------------------------------------------------
 Limit  (cost=17084.11..17084.11 rows=1 width=20)
   ->  Incremental Sort  (cost=9945.10..16084.11 rows=100000 width=20)
         Sort Key: s_3.a, s_3.b, s_3.c, s_3.d
         Presorted Key: s_3.a, s_3.b, s_3.c
         ->  Sort  (cost=9941.82..10191.82 rows=100000 width=20)
               Sort Key: s_3.a, s_3.b, s_3.c
               ->  Seq Scan on s_3  (cost=0.00..1637.00 rows=100000 width=20)
(7 rows)

===== 108 [Wed Mar  7 02:01:42 CET 2018] scale:100000 groups:10 work_mem:256MB incremental:on max_workers:2 =====
SELECT * FROM (SELECT * FROM s_4 ORDER BY a, b, c, d) foo ORDER BY a, b, c, d, e
                                  QUERY PLAN                                  
------------------------------------------------------------------------------
 Limit  (cost=15802.78..15802.78 rows=1 width=20)
   ->  Incremental Sort  (cost=9942.11..14802.78 rows=100000 width=20)
         Sort Key: s_4.a, s_4.b, s_4.c, s_4.d, s_4.e
         Presorted Key: s_4.a, s_4.b, s_4.c, s_4.d
         ->  Sort  (cost=9941.82..10191.82 rows=100000 width=20)
               Sort Key: s_4.a, s_4.b, s_4.c, s_4.d
               ->  Seq Scan on s_4  (cost=0.00..1637.00 rows=100000 width=20)
(7 rows)

===== 109 [Wed Mar  7 02:01:43 CET 2018] scale:100000 groups:10 work_mem:256MB incremental:off max_workers:2 =====
SELECT * FROM (SELECT * FROM s_1 ORDER BY a) foo ORDER BY a, b
                                  QUERY PLAN                                  
------------------------------------------------------------------------------
 Limit  (cost=20746.64..20746.64 rows=1 width=20)
   ->  Sort  (cost=19496.64..19746.64 rows=100000 width=20)
         Sort Key: s_1.a, s_1.b
         ->  Sort  (cost=9941.82..10191.82 rows=100000 width=20)
               Sort Key: s_1.a
               ->  Seq Scan on s_1  (cost=0.00..1637.00 rows=100000 width=20)
(6 rows)

===== 110 [Wed Mar  7 02:01:43 CET 2018] scale:100000 groups:10 work_mem:256MB incremental:off max_workers:2 =====
SELECT * FROM (SELECT * FROM s_2 ORDER BY a, b) foo ORDER BY a, b, c
                                  QUERY PLAN                                  
------------------------------------------------------------------------------
 Limit  (cost=20746.64..20746.64 rows=1 width=20)
   ->  Sort  (cost=19496.64..19746.64 rows=100000 width=20)
         Sort Key: s_2.a, s_2.b, s_2.c
         ->  Sort  (cost=9941.82..10191.82 rows=100000 width=20)
               Sort Key: s_2.a, s_2.b
               ->  Seq Scan on s_2  (cost=0.00..1637.00 rows=100000 width=20)
(6 rows)

===== 111 [Wed Mar  7 02:01:43 CET 2018] scale:100000 groups:10 work_mem:256MB incremental:off max_workers:2 =====
SELECT * FROM (SELECT * FROM s_3 ORDER BY a, b, c) foo ORDER BY a, b, c, d
                                  QUERY PLAN                                  
------------------------------------------------------------------------------
 Limit  (cost=20746.64..20746.64 rows=1 width=20)
   ->  Sort  (cost=19496.64..19746.64 rows=100000 width=20)
         Sort Key: s_3.a, s_3.b, s_3.c, s_3.d
         ->  Sort  (cost=9941.82..10191.82 rows=100000 width=20)
               Sort Key: s_3.a, s_3.b, s_3.c
               ->  Seq Scan on s_3  (cost=0.00..1637.00 rows=100000 width=20)
(6 rows)

===== 112 [Wed Mar  7 02:01:44 CET 2018] scale:100000 groups:10 work_mem:256MB incremental:off max_workers:2 =====
SELECT * FROM (SELECT * FROM s_4 ORDER BY a, b, c, d) foo ORDER BY a, b, c, d, e
                                  QUERY PLAN                                  
------------------------------------------------------------------------------
 Limit  (cost=20746.64..20746.64 rows=1 width=20)
   ->  Sort  (cost=19496.64..19746.64 rows=100000 width=20)
         Sort Key: s_4.a, s_4.b, s_4.c, s_4.d, s_4.e
         ->  Sort  (cost=9941.82..10191.82 rows=100000 width=20)
               Sort Key: s_4.a, s_4.b, s_4.c, s_4.d
               ->  Seq Scan on s_4  (cost=0.00..1637.00 rows=100000 width=20)
(6 rows)

===== 113 [Wed Mar  7 02:01:46 CET 2018] scale:100000 groups:100 work_mem:4MB incremental:on max_workers:0 =====
SELECT * FROM (SELECT * FROM s_1 ORDER BY a) foo ORDER BY a, b
                                  QUERY PLAN                                  
------------------------------------------------------------------------------
 Limit  (cost=20970.55..20970.55 rows=1 width=20)
   ->  Incremental Sort  (cost=12054.46..19970.55 rows=100000 width=20)
         Sort Key: s_1.a, s_1.b
         Presorted Key: s_1.a
         ->  Sort  (cost=11992.82..12242.82 rows=100000 width=20)
               Sort Key: s_1.a
               ->  Seq Scan on s_1  (cost=0.00..1637.00 rows=100000 width=20)
(7 rows)

===== 114 [Wed Mar  7 02:01:46 CET 2018] scale:100000 groups:100 work_mem:4MB incremental:on max_workers:0 =====
SELECT * FROM (SELECT * FROM s_2 ORDER BY a, b) foo ORDER BY a, b, c
                                  QUERY PLAN                                  
------------------------------------------------------------------------------
 Limit  (cost=17853.78..17853.78 rows=1 width=20)
   ->  Incremental Sort  (cost=11993.11..16853.78 rows=100000 width=20)
         Sort Key: s_2.a, s_2.b, s_2.c
         Presorted Key: s_2.a, s_2.b
         ->  Sort  (cost=11992.82..12242.82 rows=100000 width=20)
               Sort Key: s_2.a, s_2.b
               ->  Seq Scan on s_2  (cost=0.00..1637.00 rows=100000 width=20)
(7 rows)

===== 115 [Wed Mar  7 02:01:46 CET 2018] scale:100000 groups:100 work_mem:4MB incremental:on max_workers:0 =====
SELECT * FROM (SELECT * FROM s_3 ORDER BY a, b, c) foo ORDER BY a, b, c, d
                                  QUERY PLAN                                  
------------------------------------------------------------------------------
 Limit  (cost=17853.78..17853.78 rows=1 width=20)
   ->  Incremental Sort  (cost=11993.11..16853.78 rows=100000 width=20)
         Sort Key: s_3.a, s_3.b, s_3.c, s_3.d
         Presorted Key: s_3.a, s_3.b, s_3.c
         ->  Sort  (cost=11992.82..12242.82 rows=100000 width=20)
               Sort Key: s_3.a, s_3.b, s_3.c
               ->  Seq Scan on s_3  (cost=0.00..1637.00 rows=100000 width=20)
(7 rows)

===== 116 [Wed Mar  7 02:01:47 CET 2018] scale:100000 groups:100 work_mem:4MB incremental:on max_workers:0 =====
SELECT * FROM (SELECT * FROM s_4 ORDER BY a, b, c, d) foo ORDER BY a, b, c, d, e
                                  QUERY PLAN                                  
------------------------------------------------------------------------------
 Limit  (cost=17853.78..17853.78 rows=1 width=20)
   ->  Incremental Sort  (cost=11993.11..16853.78 rows=100000 width=20)
         Sort Key: s_4.a, s_4.b, s_4.c, s_4.d, s_4.e
         Presorted Key: s_4.a, s_4.b, s_4.c, s_4.d
         ->  Sort  (cost=11992.82..12242.82 rows=100000 width=20)
               Sort Key: s_4.a, s_4.b, s_4.c, s_4.d
               ->  Seq Scan on s_4  (cost=0.00..1637.00 rows=100000 width=20)
(7 rows)

===== 117 [Wed Mar  7 02:01:47 CET 2018] scale:100000 groups:100 work_mem:4MB incremental:off max_workers:0 =====
SELECT * FROM (SELECT * FROM s_1 ORDER BY a) foo ORDER BY a, b
                                  QUERY PLAN                                  
------------------------------------------------------------------------------
 Limit  (cost=24848.64..24848.64 rows=1 width=20)
   ->  Sort  (cost=23598.64..23848.64 rows=100000 width=20)
         Sort Key: s_1.a, s_1.b
         ->  Sort  (cost=11992.82..12242.82 rows=100000 width=20)
               Sort Key: s_1.a
               ->  Seq Scan on s_1  (cost=0.00..1637.00 rows=100000 width=20)
(6 rows)

===== 118 [Wed Mar  7 02:01:47 CET 2018] scale:100000 groups:100 work_mem:4MB incremental:off max_workers:0 =====
SELECT * FROM (SELECT * FROM s_2 ORDER BY a, b) foo ORDER BY a, b, c
                                  QUERY PLAN                                  
------------------------------------------------------------------------------
 Limit  (cost=24848.64..24848.64 rows=1 width=20)
   ->  Sort  (cost=23598.64..23848.64 rows=100000 width=20)
         Sort Key: s_2.a, s_2.b, s_2.c
         ->  Sort  (cost=11992.82..12242.82 rows=100000 width=20)
               Sort Key: s_2.a, s_2.b
               ->  Seq Scan on s_2  (cost=0.00..1637.00 rows=100000 width=20)
(6 rows)

===== 119 [Wed Mar  7 02:01:48 CET 2018] scale:100000 groups:100 work_mem:4MB incremental:off max_workers:0 =====
SELECT * FROM (SELECT * FROM s_3 ORDER BY a, b, c) foo ORDER BY a, b, c, d
                                  QUERY PLAN                                  
------------------------------------------------------------------------------
 Limit  (cost=24848.64..24848.64 rows=1 width=20)
   ->  Sort  (cost=23598.64..23848.64 rows=100000 width=20)
         Sort Key: s_3.a, s_3.b, s_3.c, s_3.d
         ->  Sort  (cost=11992.82..12242.82 rows=100000 width=20)
               Sort Key: s_3.a, s_3.b, s_3.c
               ->  Seq Scan on s_3  (cost=0.00..1637.00 rows=100000 width=20)
(6 rows)

===== 120 [Wed Mar  7 02:01:48 CET 2018] scale:100000 groups:100 work_mem:4MB incremental:off max_workers:0 =====
SELECT * FROM (SELECT * FROM s_4 ORDER BY a, b, c, d) foo ORDER BY a, b, c, d, e
                                  QUERY PLAN                                  
------------------------------------------------------------------------------
 Limit  (cost=24848.64..24848.64 rows=1 width=20)
   ->  Sort  (cost=23598.64..23848.64 rows=100000 width=20)
         Sort Key: s_4.a, s_4.b, s_4.c, s_4.d, s_4.e
         ->  Sort  (cost=11992.82..12242.82 rows=100000 width=20)
               Sort Key: s_4.a, s_4.b, s_4.c, s_4.d
               ->  Seq Scan on s_4  (cost=0.00..1637.00 rows=100000 width=20)
(6 rows)

===== 121 [Wed Mar  7 02:01:49 CET 2018] scale:100000 groups:100 work_mem:8MB incremental:on max_workers:0 =====
SELECT * FROM (SELECT * FROM s_1 ORDER BY a) foo ORDER BY a, b
                                  QUERY PLAN                                  
------------------------------------------------------------------------------
 Limit  (cost=18919.55..18919.55 rows=1 width=20)
   ->  Incremental Sort  (cost=10003.46..17919.55 rows=100000 width=20)
         Sort Key: s_1.a, s_1.b
         Presorted Key: s_1.a
         ->  Sort  (cost=9941.82..10191.82 rows=100000 width=20)
               Sort Key: s_1.a
               ->  Seq Scan on s_1  (cost=0.00..1637.00 rows=100000 width=20)
(7 rows)

===== 122 [Wed Mar  7 02:01:49 CET 2018] scale:100000 groups:100 work_mem:8MB incremental:on max_workers:0 =====
SELECT * FROM (SELECT * FROM s_2 ORDER BY a, b) foo ORDER BY a, b, c
                                  QUERY PLAN                                  
------------------------------------------------------------------------------
 Limit  (cost=15802.78..15802.78 rows=1 width=20)
   ->  Incremental Sort  (cost=9942.11..14802.78 rows=100000 width=20)
         Sort Key: s_2.a, s_2.b, s_2.c
         Presorted Key: s_2.a, s_2.b
         ->  Sort  (cost=9941.82..10191.82 rows=100000 width=20)
               Sort Key: s_2.a, s_2.b
               ->  Seq Scan on s_2  (cost=0.00..1637.00 rows=100000 width=20)
(7 rows)

===== 123 [Wed Mar  7 02:01:49 CET 2018] scale:100000 groups:100 work_mem:8MB incremental:on max_workers:0 =====
SELECT * FROM (SELECT * FROM s_3 ORDER BY a, b, c) foo ORDER BY a, b, c, d
                                  QUERY PLAN                                  
------------------------------------------------------------------------------
 Limit  (cost=15802.78..15802.78 rows=1 width=20)
   ->  Incremental Sort  (cost=9942.11..14802.78 rows=100000 width=20)
         Sort Key: s_3.a, s_3.b, s_3.c, s_3.d
         Presorted Key: s_3.a, s_3.b, s_3.c
         ->  Sort  (cost=9941.82..10191.82 rows=100000 width=20)
               Sort Key: s_3.a, s_3.b, s_3.c
               ->  Seq Scan on s_3  (cost=0.00..1637.00 rows=100000 width=20)
(7 rows)

===== 124 [Wed Mar  7 02:01:50 CET 2018] scale:100000 groups:100 work_mem:8MB incremental:on max_workers:0 =====
SELECT * FROM (SELECT * FROM s_4 ORDER BY a, b, c, d) foo ORDER BY a, b, c, d, e
                                  QUERY PLAN                                  
------------------------------------------------------------------------------
 Limit  (cost=15802.78..15802.78 rows=1 width=20)
   ->  Incremental Sort  (cost=9942.11..14802.78 rows=100000 width=20)
         Sort Key: s_4.a, s_4.b, s_4.c, s_4.d, s_4.e
         Presorted Key: s_4.a, s_4.b, s_4.c, s_4.d
         ->  Sort  (cost=9941.82..10191.82 rows=100000 width=20)
               Sort Key: s_4.a, s_4.b, s_4.c, s_4.d
               ->  Seq Scan on s_4  (cost=0.00..1637.00 rows=100000 width=20)
(7 rows)

===== 125 [Wed Mar  7 02:01:50 CET 2018] scale:100000 groups:100 work_mem:8MB incremental:off max_workers:0 =====
SELECT * FROM (SELECT * FROM s_1 ORDER BY a) foo ORDER BY a, b
                                  QUERY PLAN                                  
------------------------------------------------------------------------------
 Limit  (cost=20746.64..20746.64 rows=1 width=20)
   ->  Sort  (cost=19496.64..19746.64 rows=100000 width=20)
         Sort Key: s_1.a, s_1.b
         ->  Sort  (cost=9941.82..10191.82 rows=100000 width=20)
               Sort Key: s_1.a
               ->  Seq Scan on s_1  (cost=0.00..1637.00 rows=100000 width=20)
(6 rows)

===== 126 [Wed Mar  7 02:01:50 CET 2018] scale:100000 groups:100 work_mem:8MB incremental:off max_workers:0 =====
SELECT * FROM (SELECT * FROM s_2 ORDER BY a, b) foo ORDER BY a, b, c
                                  QUERY PLAN                                  
------------------------------------------------------------------------------
 Limit  (cost=20746.64..20746.64 rows=1 width=20)
   ->  Sort  (cost=19496.64..19746.64 rows=100000 width=20)
         Sort Key: s_2.a, s_2.b, s_2.c
         ->  Sort  (cost=9941.82..10191.82 rows=100000 width=20)
               Sort Key: s_2.a, s_2.b
               ->  Seq Scan on s_2  (cost=0.00..1637.00 rows=100000 width=20)
(6 rows)

===== 127 [Wed Mar  7 02:01:51 CET 2018] scale:100000 groups:100 work_mem:8MB incremental:off max_workers:0 =====
SELECT * FROM (SELECT * FROM s_3 ORDER BY a, b, c) foo ORDER BY a, b, c, d
                                  QUERY PLAN                                  
------------------------------------------------------------------------------
 Limit  (cost=20746.64..20746.64 rows=1 width=20)
   ->  Sort  (cost=19496.64..19746.64 rows=100000 width=20)
         Sort Key: s_3.a, s_3.b, s_3.c, s_3.d
         ->  Sort  (cost=9941.82..10191.82 rows=100000 width=20)
               Sort Key: s_3.a, s_3.b, s_3.c
               ->  Seq Scan on s_3  (cost=0.00..1637.00 rows=100000 width=20)
(6 rows)

===== 128 [Wed Mar  7 02:01:51 CET 2018] scale:100000 groups:100 work_mem:8MB incremental:off max_workers:0 =====
SELECT * FROM (SELECT * FROM s_4 ORDER BY a, b, c, d) foo ORDER BY a, b, c, d, e
                                  QUERY PLAN                                  
------------------------------------------------------------------------------
 Limit  (cost=20746.64..20746.64 rows=1 width=20)
   ->  Sort  (cost=19496.64..19746.64 rows=100000 width=20)
         Sort Key: s_4.a, s_4.b, s_4.c, s_4.d, s_4.e
         ->  Sort  (cost=9941.82..10191.82 rows=100000 width=20)
               Sort Key: s_4.a, s_4.b, s_4.c, s_4.d
               ->  Seq Scan on s_4  (cost=0.00..1637.00 rows=100000 width=20)
(6 rows)

===== 129 [Wed Mar  7 02:01:52 CET 2018] scale:100000 groups:100 work_mem:16MB incremental:on max_workers:0 =====
SELECT * FROM (SELECT * FROM s_1 ORDER BY a) foo ORDER BY a, b
                                  QUERY PLAN                                  
------------------------------------------------------------------------------
 Limit  (cost=18919.55..18919.55 rows=1 width=20)
   ->  Incremental Sort  (cost=10003.46..17919.55 rows=100000 width=20)
         Sort Key: s_1.a, s_1.b
         Presorted Key: s_1.a
         ->  Sort  (cost=9941.82..10191.82 rows=100000 width=20)
               Sort Key: s_1.a
               ->  Seq Scan on s_1  (cost=0.00..1637.00 rows=100000 width=20)
(7 rows)

===== 130 [Wed Mar  7 02:01:52 CET 2018] scale:100000 groups:100 work_mem:16MB incremental:on max_workers:0 =====
SELECT * FROM (SELECT * FROM s_2 ORDER BY a, b) foo ORDER BY a, b, c
                                  QUERY PLAN                                  
------------------------------------------------------------------------------
 Limit  (cost=15802.78..15802.78 rows=1 width=20)
   ->  Incremental Sort  (cost=9942.11..14802.78 rows=100000 width=20)
         Sort Key: s_2.a, s_2.b, s_2.c
         Presorted Key: s_2.a, s_2.b
         ->  Sort  (cost=9941.82..10191.82 rows=100000 width=20)
               Sort Key: s_2.a, s_2.b
               ->  Seq Scan on s_2  (cost=0.00..1637.00 rows=100000 width=20)
(7 rows)

===== 131 [Wed Mar  7 02:01:52 CET 2018] scale:100000 groups:100 work_mem:16MB incremental:on max_workers:0 =====
SELECT * FROM (SELECT * FROM s_3 ORDER BY a, b, c) foo ORDER BY a, b, c, d
                                  QUERY PLAN                                  
------------------------------------------------------------------------------
 Limit  (cost=15802.78..15802.78 rows=1 width=20)
   ->  Incremental Sort  (cost=9942.11..14802.78 rows=100000 width=20)
         Sort Key: s_3.a, s_3.b, s_3.c, s_3.d
         Presorted Key: s_3.a, s_3.b, s_3.c
         ->  Sort  (cost=9941.82..10191.82 rows=100000 width=20)
               Sort Key: s_3.a, s_3.b, s_3.c
               ->  Seq Scan on s_3  (cost=0.00..1637.00 rows=100000 width=20)
(7 rows)

===== 132 [Wed Mar  7 02:01:53 CET 2018] scale:100000 groups:100 work_mem:16MB incremental:on max_workers:0 =====
SELECT * FROM (SELECT * FROM s_4 ORDER BY a, b, c, d) foo ORDER BY a, b, c, d, e
                                  QUERY PLAN                                  
------------------------------------------------------------------------------
 Limit  (cost=15802.78..15802.78 rows=1 width=20)
   ->  Incremental Sort  (cost=9942.11..14802.78 rows=100000 width=20)
         Sort Key: s_4.a, s_4.b, s_4.c, s_4.d, s_4.e
         Presorted Key: s_4.a, s_4.b, s_4.c, s_4.d
         ->  Sort  (cost=9941.82..10191.82 rows=100000 width=20)
               Sort Key: s_4.a, s_4.b, s_4.c, s_4.d
               ->  Seq Scan on s_4  (cost=0.00..1637.00 rows=100000 width=20)
(7 rows)

===== 133 [Wed Mar  7 02:01:53 CET 2018] scale:100000 groups:100 work_mem:16MB incremental:off max_workers:0 =====
SELECT * FROM (SELECT * FROM s_1 ORDER BY a) foo ORDER BY a, b
                                  QUERY PLAN                                  
------------------------------------------------------------------------------
 Limit  (cost=20746.64..20746.64 rows=1 width=20)
   ->  Sort  (cost=19496.64..19746.64 rows=100000 width=20)
         Sort Key: s_1.a, s_1.b
         ->  Sort  (cost=9941.82..10191.82 rows=100000 width=20)
               Sort Key: s_1.a
               ->  Seq Scan on s_1  (cost=0.00..1637.00 rows=100000 width=20)
(6 rows)

===== 134 [Wed Mar  7 02:01:53 CET 2018] scale:100000 groups:100 work_mem:16MB incremental:off max_workers:0 =====
SELECT * FROM (SELECT * FROM s_2 ORDER BY a, b) foo ORDER BY a, b, c
                                  QUERY PLAN                                  
------------------------------------------------------------------------------
 Limit  (cost=20746.64..20746.64 rows=1 width=20)
   ->  Sort  (cost=19496.64..19746.64 rows=100000 width=20)
         Sort Key: s_2.a, s_2.b, s_2.c
         ->  Sort  (cost=9941.82..10191.82 rows=100000 width=20)
               Sort Key: s_2.a, s_2.b
               ->  Seq Scan on s_2  (cost=0.00..1637.00 rows=100000 width=20)
(6 rows)

===== 135 [Wed Mar  7 02:01:54 CET 2018] scale:100000 groups:100 work_mem:16MB incremental:off max_workers:0 =====
SELECT * FROM (SELECT * FROM s_3 ORDER BY a, b, c) foo ORDER BY a, b, c, d
                                  QUERY PLAN                                  
------------------------------------------------------------------------------
 Limit  (cost=20746.64..20746.64 rows=1 width=20)
   ->  Sort  (cost=19496.64..19746.64 rows=100000 width=20)
         Sort Key: s_3.a, s_3.b, s_3.c, s_3.d
         ->  Sort  (cost=9941.82..10191.82 rows=100000 width=20)
               Sort Key: s_3.a, s_3.b, s_3.c
               ->  Seq Scan on s_3  (cost=0.00..1637.00 rows=100000 width=20)
(6 rows)

===== 136 [Wed Mar  7 02:01:54 CET 2018] scale:100000 groups:100 work_mem:16MB incremental:off max_workers:0 =====
SELECT * FROM (SELECT * FROM s_4 ORDER BY a, b, c, d) foo ORDER BY a, b, c, d, e
                                  QUERY PLAN                                  
------------------------------------------------------------------------------
 Limit  (cost=20746.64..20746.64 rows=1 width=20)
   ->  Sort  (cost=19496.64..19746.64 rows=100000 width=20)
         Sort Key: s_4.a, s_4.b, s_4.c, s_4.d, s_4.e
         ->  Sort  (cost=9941.82..10191.82 rows=100000 width=20)
               Sort Key: s_4.a, s_4.b, s_4.c, s_4.d
               ->  Seq Scan on s_4  (cost=0.00..1637.00 rows=100000 width=20)
(6 rows)

===== 137 [Wed Mar  7 02:01:54 CET 2018] scale:100000 groups:100 work_mem:32MB incremental:on max_workers:0 =====
SELECT * FROM (SELECT * FROM s_1 ORDER BY a) foo ORDER BY a, b
                                  QUERY PLAN                                  
------------------------------------------------------------------------------
 Limit  (cost=18919.55..18919.55 rows=1 width=20)
   ->  Incremental Sort  (cost=10003.46..17919.55 rows=100000 width=20)
         Sort Key: s_1.a, s_1.b
         Presorted Key: s_1.a
         ->  Sort  (cost=9941.82..10191.82 rows=100000 width=20)
               Sort Key: s_1.a
               ->  Seq Scan on s_1  (cost=0.00..1637.00 rows=100000 width=20)
(7 rows)

===== 138 [Wed Mar  7 02:01:54 CET 2018] scale:100000 groups:100 work_mem:32MB incremental:on max_workers:0 =====
SELECT * FROM (SELECT * FROM s_2 ORDER BY a, b) foo ORDER BY a, b, c
                                  QUERY PLAN                                  
------------------------------------------------------------------------------
 Limit  (cost=15802.78..15802.78 rows=1 width=20)
   ->  Incremental Sort  (cost=9942.11..14802.78 rows=100000 width=20)
         Sort Key: s_2.a, s_2.b, s_2.c
         Presorted Key: s_2.a, s_2.b
         ->  Sort  (cost=9941.82..10191.82 rows=100000 width=20)
               Sort Key: s_2.a, s_2.b
               ->  Seq Scan on s_2  (cost=0.00..1637.00 rows=100000 width=20)
(7 rows)

===== 139 [Wed Mar  7 02:01:55 CET 2018] scale:100000 groups:100 work_mem:32MB incremental:on max_workers:0 =====
SELECT * FROM (SELECT * FROM s_3 ORDER BY a, b, c) foo ORDER BY a, b, c, d
                                  QUERY PLAN                                  
------------------------------------------------------------------------------
 Limit  (cost=15802.78..15802.78 rows=1 width=20)
   ->  Incremental Sort  (cost=9942.11..14802.78 rows=100000 width=20)
         Sort Key: s_3.a, s_3.b, s_3.c, s_3.d
         Presorted Key: s_3.a, s_3.b, s_3.c
         ->  Sort  (cost=9941.82..10191.82 rows=100000 width=20)
               Sort Key: s_3.a, s_3.b, s_3.c
               ->  Seq Scan on s_3  (cost=0.00..1637.00 rows=100000 width=20)
(7 rows)

===== 140 [Wed Mar  7 02:01:55 CET 2018] scale:100000 groups:100 work_mem:32MB incremental:on max_workers:0 =====
SELECT * FROM (SELECT * FROM s_4 ORDER BY a, b, c, d) foo ORDER BY a, b, c, d, e
                                  QUERY PLAN                                  
------------------------------------------------------------------------------
 Limit  (cost=15802.78..15802.78 rows=1 width=20)
   ->  Incremental Sort  (cost=9942.11..14802.78 rows=100000 width=20)
         Sort Key: s_4.a, s_4.b, s_4.c, s_4.d, s_4.e
         Presorted Key: s_4.a, s_4.b, s_4.c, s_4.d
         ->  Sort  (cost=9941.82..10191.82 rows=100000 width=20)
               Sort Key: s_4.a, s_4.b, s_4.c, s_4.d
               ->  Seq Scan on s_4  (cost=0.00..1637.00 rows=100000 width=20)
(7 rows)

===== 141 [Wed Mar  7 02:01:55 CET 2018] scale:100000 groups:100 work_mem:32MB incremental:off max_workers:0 =====
SELECT * FROM (SELECT * FROM s_1 ORDER BY a) foo ORDER BY a, b
                                  QUERY PLAN                                  
------------------------------------------------------------------------------
 Limit  (cost=20746.64..20746.64 rows=1 width=20)
   ->  Sort  (cost=19496.64..19746.64 rows=100000 width=20)
         Sort Key: s_1.a, s_1.b
         ->  Sort  (cost=9941.82..10191.82 rows=100000 width=20)
               Sort Key: s_1.a
               ->  Seq Scan on s_1  (cost=0.00..1637.00 rows=100000 width=20)
(6 rows)

===== 142 [Wed Mar  7 02:01:56 CET 2018] scale:100000 groups:100 work_mem:32MB incremental:off max_workers:0 =====
SELECT * FROM (SELECT * FROM s_2 ORDER BY a, b) foo ORDER BY a, b, c
                                  QUERY PLAN                                  
------------------------------------------------------------------------------
 Limit  (cost=20746.64..20746.64 rows=1 width=20)
   ->  Sort  (cost=19496.64..19746.64 rows=100000 width=20)
         Sort Key: s_2.a, s_2.b, s_2.c
         ->  Sort  (cost=9941.82..10191.82 rows=100000 width=20)
               Sort Key: s_2.a, s_2.b
               ->  Seq Scan on s_2  (cost=0.00..1637.00 rows=100000 width=20)
(6 rows)

===== 143 [Wed Mar  7 02:01:56 CET 2018] scale:100000 groups:100 work_mem:32MB incremental:off max_workers:0 =====
SELECT * FROM (SELECT * FROM s_3 ORDER BY a, b, c) foo ORDER BY a, b, c, d
                                  QUERY PLAN                                  
------------------------------------------------------------------------------
 Limit  (cost=20746.64..20746.64 rows=1 width=20)
   ->  Sort  (cost=19496.64..19746.64 rows=100000 width=20)
         Sort Key: s_3.a, s_3.b, s_3.c, s_3.d
         ->  Sort  (cost=9941.82..10191.82 rows=100000 width=20)
               Sort Key: s_3.a, s_3.b, s_3.c
               ->  Seq Scan on s_3  (cost=0.00..1637.00 rows=100000 width=20)
(6 rows)

===== 144 [Wed Mar  7 02:01:56 CET 2018] scale:100000 groups:100 work_mem:32MB incremental:off max_workers:0 =====
SELECT * FROM (SELECT * FROM s_4 ORDER BY a, b, c, d) foo ORDER BY a, b, c, d, e
                                  QUERY PLAN                                  
------------------------------------------------------------------------------
 Limit  (cost=20746.64..20746.64 rows=1 width=20)
   ->  Sort  (cost=19496.64..19746.64 rows=100000 width=20)
         Sort Key: s_4.a, s_4.b, s_4.c, s_4.d, s_4.e
         ->  Sort  (cost=9941.82..10191.82 rows=100000 width=20)
               Sort Key: s_4.a, s_4.b, s_4.c, s_4.d
               ->  Seq Scan on s_4  (cost=0.00..1637.00 rows=100000 width=20)
(6 rows)

===== 145 [Wed Mar  7 02:01:57 CET 2018] scale:100000 groups:100 work_mem:64MB incremental:on max_workers:0 =====
SELECT * FROM (SELECT * FROM s_1 ORDER BY a) foo ORDER BY a, b
                                  QUERY PLAN                                  
------------------------------------------------------------------------------
 Limit  (cost=18919.55..18919.55 rows=1 width=20)
   ->  Incremental Sort  (cost=10003.46..17919.55 rows=100000 width=20)
         Sort Key: s_1.a, s_1.b
         Presorted Key: s_1.a
         ->  Sort  (cost=9941.82..10191.82 rows=100000 width=20)
               Sort Key: s_1.a
               ->  Seq Scan on s_1  (cost=0.00..1637.00 rows=100000 width=20)
(7 rows)

===== 146 [Wed Mar  7 02:01:57 CET 2018] scale:100000 groups:100 work_mem:64MB incremental:on max_workers:0 =====
SELECT * FROM (SELECT * FROM s_2 ORDER BY a, b) foo ORDER BY a, b, c
                                  QUERY PLAN                                  
------------------------------------------------------------------------------
 Limit  (cost=15802.78..15802.78 rows=1 width=20)
   ->  Incremental Sort  (cost=9942.11..14802.78 rows=100000 width=20)
         Sort Key: s_2.a, s_2.b, s_2.c
         Presorted Key: s_2.a, s_2.b
         ->  Sort  (cost=9941.82..10191.82 rows=100000 width=20)
               Sort Key: s_2.a, s_2.b
               ->  Seq Scan on s_2  (cost=0.00..1637.00 rows=100000 width=20)
(7 rows)

===== 147 [Wed Mar  7 02:01:57 CET 2018] scale:100000 groups:100 work_mem:64MB incremental:on max_workers:0 =====
SELECT * FROM (SELECT * FROM s_3 ORDER BY a, b, c) foo ORDER BY a, b, c, d
                                  QUERY PLAN                                  
------------------------------------------------------------------------------
 Limit  (cost=15802.78..15802.78 rows=1 width=20)
   ->  Incremental Sort  (cost=9942.11..14802.78 rows=100000 width=20)
         Sort Key: s_3.a, s_3.b, s_3.c, s_3.d
         Presorted Key: s_3.a, s_3.b, s_3.c
         ->  Sort  (cost=9941.82..10191.82 rows=100000 width=20)
               Sort Key: s_3.a, s_3.b, s_3.c
               ->  Seq Scan on s_3  (cost=0.00..1637.00 rows=100000 width=20)
(7 rows)

===== 148 [Wed Mar  7 02:01:58 CET 2018] scale:100000 groups:100 work_mem:64MB incremental:on max_workers:0 =====
SELECT * FROM (SELECT * FROM s_4 ORDER BY a, b, c, d) foo ORDER BY a, b, c, d, e
                                  QUERY PLAN                                  
------------------------------------------------------------------------------
 Limit  (cost=15802.78..15802.78 rows=1 width=20)
   ->  Incremental Sort  (cost=9942.11..14802.78 rows=100000 width=20)
         Sort Key: s_4.a, s_4.b, s_4.c, s_4.d, s_4.e
         Presorted Key: s_4.a, s_4.b, s_4.c, s_4.d
         ->  Sort  (cost=9941.82..10191.82 rows=100000 width=20)
               Sort Key: s_4.a, s_4.b, s_4.c, s_4.d
               ->  Seq Scan on s_4  (cost=0.00..1637.00 rows=100000 width=20)
(7 rows)

===== 149 [Wed Mar  7 02:01:58 CET 2018] scale:100000 groups:100 work_mem:64MB incremental:off max_workers:0 =====
SELECT * FROM (SELECT * FROM s_1 ORDER BY a) foo ORDER BY a, b
                                  QUERY PLAN                                  
------------------------------------------------------------------------------
 Limit  (cost=20746.64..20746.64 rows=1 width=20)
   ->  Sort  (cost=19496.64..19746.64 rows=100000 width=20)
         Sort Key: s_1.a, s_1.b
         ->  Sort  (cost=9941.82..10191.82 rows=100000 width=20)
               Sort Key: s_1.a
               ->  Seq Scan on s_1  (cost=0.00..1637.00 rows=100000 width=20)
(6 rows)

===== 150 [Wed Mar  7 02:01:58 CET 2018] scale:100000 groups:100 work_mem:64MB incremental:off max_workers:0 =====
SELECT * FROM (SELECT * FROM s_2 ORDER BY a, b) foo ORDER BY a, b, c
                                  QUERY PLAN                                  
------------------------------------------------------------------------------
 Limit  (cost=20746.64..20746.64 rows=1 width=20)
   ->  Sort  (cost=19496.64..19746.64 rows=100000 width=20)
         Sort Key: s_2.a, s_2.b, s_2.c
         ->  Sort  (cost=9941.82..10191.82 rows=100000 width=20)
               Sort Key: s_2.a, s_2.b
               ->  Seq Scan on s_2  (cost=0.00..1637.00 rows=100000 width=20)
(6 rows)

===== 151 [Wed Mar  7 02:01:58 CET 2018] scale:100000 groups:100 work_mem:64MB incremental:off max_workers:0 =====
SELECT * FROM (SELECT * FROM s_3 ORDER BY a, b, c) foo ORDER BY a, b, c, d
                                  QUERY PLAN                                  
------------------------------------------------------------------------------
 Limit  (cost=20746.64..20746.64 rows=1 width=20)
   ->  Sort  (cost=19496.64..19746.64 rows=100000 width=20)
         Sort Key: s_3.a, s_3.b, s_3.c, s_3.d
         ->  Sort  (cost=9941.82..10191.82 rows=100000 width=20)
               Sort Key: s_3.a, s_3.b, s_3.c
               ->  Seq Scan on s_3  (cost=0.00..1637.00 rows=100000 width=20)
(6 rows)

===== 152 [Wed Mar  7 02:01:59 CET 2018] scale:100000 groups:100 work_mem:64MB incremental:off max_workers:0 =====
SELECT * FROM (SELECT * FROM s_4 ORDER BY a, b, c, d) foo ORDER BY a, b, c, d, e
                                  QUERY PLAN                                  
------------------------------------------------------------------------------
 Limit  (cost=20746.64..20746.64 rows=1 width=20)
   ->  Sort  (cost=19496.64..19746.64 rows=100000 width=20)
         Sort Key: s_4.a, s_4.b, s_4.c, s_4.d, s_4.e
         ->  Sort  (cost=9941.82..10191.82 rows=100000 width=20)
               Sort Key: s_4.a, s_4.b, s_4.c, s_4.d
               ->  Seq Scan on s_4  (cost=0.00..1637.00 rows=100000 width=20)
(6 rows)

===== 153 [Wed Mar  7 02:01:59 CET 2018] scale:100000 groups:100 work_mem:128MB incremental:on max_workers:0 =====
SELECT * FROM (SELECT * FROM s_1 ORDER BY a) foo ORDER BY a, b
                                  QUERY PLAN                                  
------------------------------------------------------------------------------
 Limit  (cost=18919.55..18919.55 rows=1 width=20)
   ->  Incremental Sort  (cost=10003.46..17919.55 rows=100000 width=20)
         Sort Key: s_1.a, s_1.b
         Presorted Key: s_1.a
         ->  Sort  (cost=9941.82..10191.82 rows=100000 width=20)
               Sort Key: s_1.a
               ->  Seq Scan on s_1  (cost=0.00..1637.00 rows=100000 width=20)
(7 rows)

===== 154 [Wed Mar  7 02:01:59 CET 2018] scale:100000 groups:100 work_mem:128MB incremental:on max_workers:0 =====
SELECT * FROM (SELECT * FROM s_2 ORDER BY a, b) foo ORDER BY a, b, c
                                  QUERY PLAN                                  
------------------------------------------------------------------------------
 Limit  (cost=15802.78..15802.78 rows=1 width=20)
   ->  Incremental Sort  (cost=9942.11..14802.78 rows=100000 width=20)
         Sort Key: s_2.a, s_2.b, s_2.c
         Presorted Key: s_2.a, s_2.b
         ->  Sort  (cost=9941.82..10191.82 rows=100000 width=20)
               Sort Key: s_2.a, s_2.b
               ->  Seq Scan on s_2  (cost=0.00..1637.00 rows=100000 width=20)
(7 rows)

===== 155 [Wed Mar  7 02:02:00 CET 2018] scale:100000 groups:100 work_mem:128MB incremental:on max_workers:0 =====
SELECT * FROM (SELECT * FROM s_3 ORDER BY a, b, c) foo ORDER BY a, b, c, d
                                  QUERY PLAN                                  
------------------------------------------------------------------------------
 Limit  (cost=15802.78..15802.78 rows=1 width=20)
   ->  Incremental Sort  (cost=9942.11..14802.78 rows=100000 width=20)
         Sort Key: s_3.a, s_3.b, s_3.c, s_3.d
         Presorted Key: s_3.a, s_3.b, s_3.c
         ->  Sort  (cost=9941.82..10191.82 rows=100000 width=20)
               Sort Key: s_3.a, s_3.b, s_3.c
               ->  Seq Scan on s_3  (cost=0.00..1637.00 rows=100000 width=20)
(7 rows)

===== 156 [Wed Mar  7 02:02:00 CET 2018] scale:100000 groups:100 work_mem:128MB incremental:on max_workers:0 =====
SELECT * FROM (SELECT * FROM s_4 ORDER BY a, b, c, d) foo ORDER BY a, b, c, d, e
                                  QUERY PLAN                                  
------------------------------------------------------------------------------
 Limit  (cost=15802.78..15802.78 rows=1 width=20)
   ->  Incremental Sort  (cost=9942.11..14802.78 rows=100000 width=20)
         Sort Key: s_4.a, s_4.b, s_4.c, s_4.d, s_4.e
         Presorted Key: s_4.a, s_4.b, s_4.c, s_4.d
         ->  Sort  (cost=9941.82..10191.82 rows=100000 width=20)
               Sort Key: s_4.a, s_4.b, s_4.c, s_4.d
               ->  Seq Scan on s_4  (cost=0.00..1637.00 rows=100000 width=20)
(7 rows)

===== 157 [Wed Mar  7 02:02:00 CET 2018] scale:100000 groups:100 work_mem:128MB incremental:off max_workers:0 =====
SELECT * FROM (SELECT * FROM s_1 ORDER BY a) foo ORDER BY a, b
                                  QUERY PLAN                                  
------------------------------------------------------------------------------
 Limit  (cost=20746.64..20746.64 rows=1 width=20)
   ->  Sort  (cost=19496.64..19746.64 rows=100000 width=20)
         Sort Key: s_1.a, s_1.b
         ->  Sort  (cost=9941.82..10191.82 rows=100000 width=20)
               Sort Key: s_1.a
               ->  Seq Scan on s_1  (cost=0.00..1637.00 rows=100000 width=20)
(6 rows)

===== 158 [Wed Mar  7 02:02:01 CET 2018] scale:100000 groups:100 work_mem:128MB incremental:off max_workers:0 =====
SELECT * FROM (SELECT * FROM s_2 ORDER BY a, b) foo ORDER BY a, b, c
                                  QUERY PLAN                                  
------------------------------------------------------------------------------
 Limit  (cost=20746.64..20746.64 rows=1 width=20)
   ->  Sort  (cost=19496.64..19746.64 rows=100000 width=20)
         Sort Key: s_2.a, s_2.b, s_2.c
         ->  Sort  (cost=9941.82..10191.82 rows=100000 width=20)
               Sort Key: s_2.a, s_2.b
               ->  Seq Scan on s_2  (cost=0.00..1637.00 rows=100000 width=20)
(6 rows)

===== 159 [Wed Mar  7 02:02:01 CET 2018] scale:100000 groups:100 work_mem:128MB incremental:off max_workers:0 =====
SELECT * FROM (SELECT * FROM s_3 ORDER BY a, b, c) foo ORDER BY a, b, c, d
                                  QUERY PLAN                                  
------------------------------------------------------------------------------
 Limit  (cost=20746.64..20746.64 rows=1 width=20)
   ->  Sort  (cost=19496.64..19746.64 rows=100000 width=20)
         Sort Key: s_3.a, s_3.b, s_3.c, s_3.d
         ->  Sort  (cost=9941.82..10191.82 rows=100000 width=20)
               Sort Key: s_3.a, s_3.b, s_3.c
               ->  Seq Scan on s_3  (cost=0.00..1637.00 rows=100000 width=20)
(6 rows)

===== 160 [Wed Mar  7 02:02:01 CET 2018] scale:100000 groups:100 work_mem:128MB incremental:off max_workers:0 =====
SELECT * FROM (SELECT * FROM s_4 ORDER BY a, b, c, d) foo ORDER BY a, b, c, d, e
                                  QUERY PLAN                                  
------------------------------------------------------------------------------
 Limit  (cost=20746.64..20746.64 rows=1 width=20)
   ->  Sort  (cost=19496.64..19746.64 rows=100000 width=20)
         Sort Key: s_4.a, s_4.b, s_4.c, s_4.d, s_4.e
         ->  Sort  (cost=9941.82..10191.82 rows=100000 width=20)
               Sort Key: s_4.a, s_4.b, s_4.c, s_4.d
               ->  Seq Scan on s_4  (cost=0.00..1637.00 rows=100000 width=20)
(6 rows)

===== 161 [Wed Mar  7 02:02:02 CET 2018] scale:100000 groups:100 work_mem:256MB incremental:on max_workers:0 =====
SELECT * FROM (SELECT * FROM s_1 ORDER BY a) foo ORDER BY a, b
                                  QUERY PLAN                                  
------------------------------------------------------------------------------
 Limit  (cost=18919.55..18919.55 rows=1 width=20)
   ->  Incremental Sort  (cost=10003.46..17919.55 rows=100000 width=20)
         Sort Key: s_1.a, s_1.b
         Presorted Key: s_1.a
         ->  Sort  (cost=9941.82..10191.82 rows=100000 width=20)
               Sort Key: s_1.a
               ->  Seq Scan on s_1  (cost=0.00..1637.00 rows=100000 width=20)
(7 rows)

===== 162 [Wed Mar  7 02:02:02 CET 2018] scale:100000 groups:100 work_mem:256MB incremental:on max_workers:0 =====
SELECT * FROM (SELECT * FROM s_2 ORDER BY a, b) foo ORDER BY a, b, c
                                  QUERY PLAN                                  
------------------------------------------------------------------------------
 Limit  (cost=15802.78..15802.78 rows=1 width=20)
   ->  Incremental Sort  (cost=9942.11..14802.78 rows=100000 width=20)
         Sort Key: s_2.a, s_2.b, s_2.c
         Presorted Key: s_2.a, s_2.b
         ->  Sort  (cost=9941.82..10191.82 rows=100000 width=20)
               Sort Key: s_2.a, s_2.b
               ->  Seq Scan on s_2  (cost=0.00..1637.00 rows=100000 width=20)
(7 rows)

===== 163 [Wed Mar  7 02:02:02 CET 2018] scale:100000 groups:100 work_mem:256MB incremental:on max_workers:0 =====
SELECT * FROM (SELECT * FROM s_3 ORDER BY a, b, c) foo ORDER BY a, b, c, d
                                  QUERY PLAN                                  
------------------------------------------------------------------------------
 Limit  (cost=15802.78..15802.78 rows=1 width=20)
   ->  Incremental Sort  (cost=9942.11..14802.78 rows=100000 width=20)
         Sort Key: s_3.a, s_3.b, s_3.c, s_3.d
         Presorted Key: s_3.a, s_3.b, s_3.c
         ->  Sort  (cost=9941.82..10191.82 rows=100000 width=20)
               Sort Key: s_3.a, s_3.b, s_3.c
               ->  Seq Scan on s_3  (cost=0.00..1637.00 rows=100000 width=20)
(7 rows)

===== 164 [Wed Mar  7 02:02:02 CET 2018] scale:100000 groups:100 work_mem:256MB incremental:on max_workers:0 =====
SELECT * FROM (SELECT * FROM s_4 ORDER BY a, b, c, d) foo ORDER BY a, b, c, d, e
                                  QUERY PLAN                                  
------------------------------------------------------------------------------
 Limit  (cost=15802.78..15802.78 rows=1 width=20)
   ->  Incremental Sort  (cost=9942.11..14802.78 rows=100000 width=20)
         Sort Key: s_4.a, s_4.b, s_4.c, s_4.d, s_4.e
         Presorted Key: s_4.a, s_4.b, s_4.c, s_4.d
         ->  Sort  (cost=9941.82..10191.82 rows=100000 width=20)
               Sort Key: s_4.a, s_4.b, s_4.c, s_4.d
               ->  Seq Scan on s_4  (cost=0.00..1637.00 rows=100000 width=20)
(7 rows)

===== 165 [Wed Mar  7 02:02:03 CET 2018] scale:100000 groups:100 work_mem:256MB incremental:off max_workers:0 =====
SELECT * FROM (SELECT * FROM s_1 ORDER BY a) foo ORDER BY a, b
                                  QUERY PLAN                                  
------------------------------------------------------------------------------
 Limit  (cost=20746.64..20746.64 rows=1 width=20)
   ->  Sort  (cost=19496.64..19746.64 rows=100000 width=20)
         Sort Key: s_1.a, s_1.b
         ->  Sort  (cost=9941.82..10191.82 rows=100000 width=20)
               Sort Key: s_1.a
               ->  Seq Scan on s_1  (cost=0.00..1637.00 rows=100000 width=20)
(6 rows)

===== 166 [Wed Mar  7 02:02:03 CET 2018] scale:100000 groups:100 work_mem:256MB incremental:off max_workers:0 =====
SELECT * FROM (SELECT * FROM s_2 ORDER BY a, b) foo ORDER BY a, b, c
                                  QUERY PLAN                                  
------------------------------------------------------------------------------
 Limit  (cost=20746.64..20746.64 rows=1 width=20)
   ->  Sort  (cost=19496.64..19746.64 rows=100000 width=20)
         Sort Key: s_2.a, s_2.b, s_2.c
         ->  Sort  (cost=9941.82..10191.82 rows=100000 width=20)
               Sort Key: s_2.a, s_2.b
               ->  Seq Scan on s_2  (cost=0.00..1637.00 rows=100000 width=20)
(6 rows)

===== 167 [Wed Mar  7 02:02:03 CET 2018] scale:100000 groups:100 work_mem:256MB incremental:off max_workers:0 =====
SELECT * FROM (SELECT * FROM s_3 ORDER BY a, b, c) foo ORDER BY a, b, c, d
                                  QUERY PLAN                                  
------------------------------------------------------------------------------
 Limit  (cost=20746.64..20746.64 rows=1 width=20)
   ->  Sort  (cost=19496.64..19746.64 rows=100000 width=20)
         Sort Key: s_3.a, s_3.b, s_3.c, s_3.d
         ->  Sort  (cost=9941.82..10191.82 rows=100000 width=20)
               Sort Key: s_3.a, s_3.b, s_3.c
               ->  Seq Scan on s_3  (cost=0.00..1637.00 rows=100000 width=20)
(6 rows)

===== 168 [Wed Mar  7 02:02:04 CET 2018] scale:100000 groups:100 work_mem:256MB incremental:off max_workers:0 =====
SELECT * FROM (SELECT * FROM s_4 ORDER BY a, b, c, d) foo ORDER BY a, b, c, d, e
                                  QUERY PLAN                                  
------------------------------------------------------------------------------
 Limit  (cost=20746.64..20746.64 rows=1 width=20)
   ->  Sort  (cost=19496.64..19746.64 rows=100000 width=20)
         Sort Key: s_4.a, s_4.b, s_4.c, s_4.d, s_4.e
         ->  Sort  (cost=9941.82..10191.82 rows=100000 width=20)
               Sort Key: s_4.a, s_4.b, s_4.c, s_4.d
               ->  Seq Scan on s_4  (cost=0.00..1637.00 rows=100000 width=20)
(6 rows)

===== 169 [Wed Mar  7 02:02:04 CET 2018] scale:100000 groups:100 work_mem:4MB incremental:on max_workers:2 =====
SELECT * FROM (SELECT * FROM s_1 ORDER BY a) foo ORDER BY a, b
                                  QUERY PLAN                                  
------------------------------------------------------------------------------
 Limit  (cost=20970.55..20970.55 rows=1 width=20)
   ->  Incremental Sort  (cost=12054.46..19970.55 rows=100000 width=20)
         Sort Key: s_1.a, s_1.b
         Presorted Key: s_1.a
         ->  Sort  (cost=11992.82..12242.82 rows=100000 width=20)
               Sort Key: s_1.a
               ->  Seq Scan on s_1  (cost=0.00..1637.00 rows=100000 width=20)
(7 rows)

===== 170 [Wed Mar  7 02:02:04 CET 2018] scale:100000 groups:100 work_mem:4MB incremental:on max_workers:2 =====
SELECT * FROM (SELECT * FROM s_2 ORDER BY a, b) foo ORDER BY a, b, c
                                  QUERY PLAN                                  
------------------------------------------------------------------------------
 Limit  (cost=17853.78..17853.78 rows=1 width=20)
   ->  Incremental Sort  (cost=11993.11..16853.78 rows=100000 width=20)
         Sort Key: s_2.a, s_2.b, s_2.c
         Presorted Key: s_2.a, s_2.b
         ->  Sort  (cost=11992.82..12242.82 rows=100000 width=20)
               Sort Key: s_2.a, s_2.b
               ->  Seq Scan on s_2  (cost=0.00..1637.00 rows=100000 width=20)
(7 rows)

===== 171 [Wed Mar  7 02:02:05 CET 2018] scale:100000 groups:100 work_mem:4MB incremental:on max_workers:2 =====
SELECT * FROM (SELECT * FROM s_3 ORDER BY a, b, c) foo ORDER BY a, b, c, d
                                  QUERY PLAN                                  
------------------------------------------------------------------------------
 Limit  (cost=17853.78..17853.78 rows=1 width=20)
   ->  Incremental Sort  (cost=11993.11..16853.78 rows=100000 width=20)
         Sort Key: s_3.a, s_3.b, s_3.c, s_3.d
         Presorted Key: s_3.a, s_3.b, s_3.c
         ->  Sort  (cost=11992.82..12242.82 rows=100000 width=20)
               Sort Key: s_3.a, s_3.b, s_3.c
               ->  Seq Scan on s_3  (cost=0.00..1637.00 rows=100000 width=20)
(7 rows)

===== 172 [Wed Mar  7 02:02:05 CET 2018] scale:100000 groups:100 work_mem:4MB incremental:on max_workers:2 =====
SELECT * FROM (SELECT * FROM s_4 ORDER BY a, b, c, d) foo ORDER BY a, b, c, d, e
                                  QUERY PLAN                                  
------------------------------------------------------------------------------
 Limit  (cost=17853.78..17853.78 rows=1 width=20)
   ->  Incremental Sort  (cost=11993.11..16853.78 rows=100000 width=20)
         Sort Key: s_4.a, s_4.b, s_4.c, s_4.d, s_4.e
         Presorted Key: s_4.a, s_4.b, s_4.c, s_4.d
         ->  Sort  (cost=11992.82..12242.82 rows=100000 width=20)
               Sort Key: s_4.a, s_4.b, s_4.c, s_4.d
               ->  Seq Scan on s_4  (cost=0.00..1637.00 rows=100000 width=20)
(7 rows)

===== 173 [Wed Mar  7 02:02:05 CET 2018] scale:100000 groups:100 work_mem:4MB incremental:off max_workers:2 =====
SELECT * FROM (SELECT * FROM s_1 ORDER BY a) foo ORDER BY a, b
                                  QUERY PLAN                                  
------------------------------------------------------------------------------
 Limit  (cost=24848.64..24848.64 rows=1 width=20)
   ->  Sort  (cost=23598.64..23848.64 rows=100000 width=20)
         Sort Key: s_1.a, s_1.b
         ->  Sort  (cost=11992.82..12242.82 rows=100000 width=20)
               Sort Key: s_1.a
               ->  Seq Scan on s_1  (cost=0.00..1637.00 rows=100000 width=20)
(6 rows)

===== 174 [Wed Mar  7 02:02:06 CET 2018] scale:100000 groups:100 work_mem:4MB incremental:off max_workers:2 =====
SELECT * FROM (SELECT * FROM s_2 ORDER BY a, b) foo ORDER BY a, b, c
                                  QUERY PLAN                                  
------------------------------------------------------------------------------
 Limit  (cost=24848.64..24848.64 rows=1 width=20)
   ->  Sort  (cost=23598.64..23848.64 rows=100000 width=20)
         Sort Key: s_2.a, s_2.b, s_2.c
         ->  Sort  (cost=11992.82..12242.82 rows=100000 width=20)
               Sort Key: s_2.a, s_2.b
               ->  Seq Scan on s_2  (cost=0.00..1637.00 rows=100000 width=20)
(6 rows)

===== 175 [Wed Mar  7 02:02:06 CET 2018] scale:100000 groups:100 work_mem:4MB incremental:off max_workers:2 =====
SELECT * FROM (SELECT * FROM s_3 ORDER BY a, b, c) foo ORDER BY a, b, c, d
                                  QUERY PLAN                                  
------------------------------------------------------------------------------
 Limit  (cost=24848.64..24848.64 rows=1 width=20)
   ->  Sort  (cost=23598.64..23848.64 rows=100000 width=20)
         Sort Key: s_3.a, s_3.b, s_3.c, s_3.d
         ->  Sort  (cost=11992.82..12242.82 rows=100000 width=20)
               Sort Key: s_3.a, s_3.b, s_3.c
               ->  Seq Scan on s_3  (cost=0.00..1637.00 rows=100000 width=20)
(6 rows)

===== 176 [Wed Mar  7 02:02:07 CET 2018] scale:100000 groups:100 work_mem:4MB incremental:off max_workers:2 =====
SELECT * FROM (SELECT * FROM s_4 ORDER BY a, b, c, d) foo ORDER BY a, b, c, d, e
                                  QUERY PLAN                                  
------------------------------------------------------------------------------
 Limit  (cost=24848.64..24848.64 rows=1 width=20)
   ->  Sort  (cost=23598.64..23848.64 rows=100000 width=20)
         Sort Key: s_4.a, s_4.b, s_4.c, s_4.d, s_4.e
         ->  Sort  (cost=11992.82..12242.82 rows=100000 width=20)
               Sort Key: s_4.a, s_4.b, s_4.c, s_4.d
               ->  Seq Scan on s_4  (cost=0.00..1637.00 rows=100000 width=20)
(6 rows)

===== 177 [Wed Mar  7 02:02:07 CET 2018] scale:100000 groups:100 work_mem:8MB incremental:on max_workers:2 =====
SELECT * FROM (SELECT * FROM s_1 ORDER BY a) foo ORDER BY a, b
                                  QUERY PLAN                                  
------------------------------------------------------------------------------
 Limit  (cost=18919.55..18919.55 rows=1 width=20)
   ->  Incremental Sort  (cost=10003.46..17919.55 rows=100000 width=20)
         Sort Key: s_1.a, s_1.b
         Presorted Key: s_1.a
         ->  Sort  (cost=9941.82..10191.82 rows=100000 width=20)
               Sort Key: s_1.a
               ->  Seq Scan on s_1  (cost=0.00..1637.00 rows=100000 width=20)
(7 rows)

===== 178 [Wed Mar  7 02:02:07 CET 2018] scale:100000 groups:100 work_mem:8MB incremental:on max_workers:2 =====
SELECT * FROM (SELECT * FROM s_2 ORDER BY a, b) foo ORDER BY a, b, c
                                  QUERY PLAN                                  
------------------------------------------------------------------------------
 Limit  (cost=15802.78..15802.78 rows=1 width=20)
   ->  Incremental Sort  (cost=9942.11..14802.78 rows=100000 width=20)
         Sort Key: s_2.a, s_2.b, s_2.c
         Presorted Key: s_2.a, s_2.b
         ->  Sort  (cost=9941.82..10191.82 rows=100000 width=20)
               Sort Key: s_2.a, s_2.b
               ->  Seq Scan on s_2  (cost=0.00..1637.00 rows=100000 width=20)
(7 rows)

===== 179 [Wed Mar  7 02:02:08 CET 2018] scale:100000 groups:100 work_mem:8MB incremental:on max_workers:2 =====
SELECT * FROM (SELECT * FROM s_3 ORDER BY a, b, c) foo ORDER BY a, b, c, d
                                  QUERY PLAN                                  
------------------------------------------------------------------------------
 Limit  (cost=15802.78..15802.78 rows=1 width=20)
   ->  Incremental Sort  (cost=9942.11..14802.78 rows=100000 width=20)
         Sort Key: s_3.a, s_3.b, s_3.c, s_3.d
         Presorted Key: s_3.a, s_3.b, s_3.c
         ->  Sort  (cost=9941.82..10191.82 rows=100000 width=20)
               Sort Key: s_3.a, s_3.b, s_3.c
               ->  Seq Scan on s_3  (cost=0.00..1637.00 rows=100000 width=20)
(7 rows)

===== 180 [Wed Mar  7 02:02:08 CET 2018] scale:100000 groups:100 work_mem:8MB incremental:on max_workers:2 =====
SELECT * FROM (SELECT * FROM s_4 ORDER BY a, b, c, d) foo ORDER BY a, b, c, d, e
                                  QUERY PLAN                                  
------------------------------------------------------------------------------
 Limit  (cost=15802.78..15802.78 rows=1 width=20)
   ->  Incremental Sort  (cost=9942.11..14802.78 rows=100000 width=20)
         Sort Key: s_4.a, s_4.b, s_4.c, s_4.d, s_4.e
         Presorted Key: s_4.a, s_4.b, s_4.c, s_4.d
         ->  Sort  (cost=9941.82..10191.82 rows=100000 width=20)
               Sort Key: s_4.a, s_4.b, s_4.c, s_4.d
               ->  Seq Scan on s_4  (cost=0.00..1637.00 rows=100000 width=20)
(7 rows)

===== 181 [Wed Mar  7 02:02:08 CET 2018] scale:100000 groups:100 work_mem:8MB incremental:off max_workers:2 =====
SELECT * FROM (SELECT * FROM s_1 ORDER BY a) foo ORDER BY a, b
                                  QUERY PLAN                                  
------------------------------------------------------------------------------
 Limit  (cost=20746.64..20746.64 rows=1 width=20)
   ->  Sort  (cost=19496.64..19746.64 rows=100000 width=20)
         Sort Key: s_1.a, s_1.b
         ->  Sort  (cost=9941.82..10191.82 rows=100000 width=20)
               Sort Key: s_1.a
               ->  Seq Scan on s_1  (cost=0.00..1637.00 rows=100000 width=20)
(6 rows)

===== 182 [Wed Mar  7 02:02:09 CET 2018] scale:100000 groups:100 work_mem:8MB incremental:off max_workers:2 =====
SELECT * FROM (SELECT * FROM s_2 ORDER BY a, b) foo ORDER BY a, b, c
                                  QUERY PLAN                                  
------------------------------------------------------------------------------
 Limit  (cost=20746.64..20746.64 rows=1 width=20)
   ->  Sort  (cost=19496.64..19746.64 rows=100000 width=20)
         Sort Key: s_2.a, s_2.b, s_2.c
         ->  Sort  (cost=9941.82..10191.82 rows=100000 width=20)
               Sort Key: s_2.a, s_2.b
               ->  Seq Scan on s_2  (cost=0.00..1637.00 rows=100000 width=20)
(6 rows)

===== 183 [Wed Mar  7 02:02:09 CET 2018] scale:100000 groups:100 work_mem:8MB incremental:off max_workers:2 =====
SELECT * FROM (SELECT * FROM s_3 ORDER BY a, b, c) foo ORDER BY a, b, c, d
                                  QUERY PLAN                                  
------------------------------------------------------------------------------
 Limit  (cost=20746.64..20746.64 rows=1 width=20)
   ->  Sort  (cost=19496.64..19746.64 rows=100000 width=20)
         Sort Key: s_3.a, s_3.b, s_3.c, s_3.d
         ->  Sort  (cost=9941.82..10191.82 rows=100000 width=20)
               Sort Key: s_3.a, s_3.b, s_3.c
               ->  Seq Scan on s_3  (cost=0.00..1637.00 rows=100000 width=20)
(6 rows)

===== 184 [Wed Mar  7 02:02:10 CET 2018] scale:100000 groups:100 work_mem:8MB incremental:off max_workers:2 =====
SELECT * FROM (SELECT * FROM s_4 ORDER BY a, b, c, d) foo ORDER BY a, b, c, d, e
                                  QUERY PLAN                                  
------------------------------------------------------------------------------
 Limit  (cost=20746.64..20746.64 rows=1 width=20)
   ->  Sort  (cost=19496.64..19746.64 rows=100000 width=20)
         Sort Key: s_4.a, s_4.b, s_4.c, s_4.d, s_4.e
         ->  Sort  (cost=9941.82..10191.82 rows=100000 width=20)
               Sort Key: s_4.a, s_4.b, s_4.c, s_4.d
               ->  Seq Scan on s_4  (cost=0.00..1637.00 rows=100000 width=20)
(6 rows)

===== 185 [Wed Mar  7 02:02:10 CET 2018] scale:100000 groups:100 work_mem:16MB incremental:on max_workers:2 =====
SELECT * FROM (SELECT * FROM s_1 ORDER BY a) foo ORDER BY a, b
                                  QUERY PLAN                                  
------------------------------------------------------------------------------
 Limit  (cost=18919.55..18919.55 rows=1 width=20)
   ->  Incremental Sort  (cost=10003.46..17919.55 rows=100000 width=20)
         Sort Key: s_1.a, s_1.b
         Presorted Key: s_1.a
         ->  Sort  (cost=9941.82..10191.82 rows=100000 width=20)
               Sort Key: s_1.a
               ->  Seq Scan on s_1  (cost=0.00..1637.00 rows=100000 width=20)
(7 rows)

===== 186 [Wed Mar  7 02:02:11 CET 2018] scale:100000 groups:100 work_mem:16MB incremental:on max_workers:2 =====
SELECT * FROM (SELECT * FROM s_2 ORDER BY a, b) foo ORDER BY a, b, c
                                  QUERY PLAN                                  
------------------------------------------------------------------------------
 Limit  (cost=15802.78..15802.78 rows=1 width=20)
   ->  Incremental Sort  (cost=9942.11..14802.78 rows=100000 width=20)
         Sort Key: s_2.a, s_2.b, s_2.c
         Presorted Key: s_2.a, s_2.b
         ->  Sort  (cost=9941.82..10191.82 rows=100000 width=20)
               Sort Key: s_2.a, s_2.b
               ->  Seq Scan on s_2  (cost=0.00..1637.00 rows=100000 width=20)
(7 rows)

===== 187 [Wed Mar  7 02:02:11 CET 2018] scale:100000 groups:100 work_mem:16MB incremental:on max_workers:2 =====
SELECT * FROM (SELECT * FROM s_3 ORDER BY a, b, c) foo ORDER BY a, b, c, d
                                  QUERY PLAN                                  
------------------------------------------------------------------------------
 Limit  (cost=15802.78..15802.78 rows=1 width=20)
   ->  Incremental Sort  (cost=9942.11..14802.78 rows=100000 width=20)
         Sort Key: s_3.a, s_3.b, s_3.c, s_3.d
         Presorted Key: s_3.a, s_3.b, s_3.c
         ->  Sort  (cost=9941.82..10191.82 rows=100000 width=20)
               Sort Key: s_3.a, s_3.b, s_3.c
               ->  Seq Scan on s_3  (cost=0.00..1637.00 rows=100000 width=20)
(7 rows)

===== 188 [Wed Mar  7 02:02:11 CET 2018] scale:100000 groups:100 work_mem:16MB incremental:on max_workers:2 =====
SELECT * FROM (SELECT * FROM s_4 ORDER BY a, b, c, d) foo ORDER BY a, b, c, d, e
                                  QUERY PLAN                                  
------------------------------------------------------------------------------
 Limit  (cost=15802.78..15802.78 rows=1 width=20)
   ->  Incremental Sort  (cost=9942.11..14802.78 rows=100000 width=20)
         Sort Key: s_4.a, s_4.b, s_4.c, s_4.d, s_4.e
         Presorted Key: s_4.a, s_4.b, s_4.c, s_4.d
         ->  Sort  (cost=9941.82..10191.82 rows=100000 width=20)
               Sort Key: s_4.a, s_4.b, s_4.c, s_4.d
               ->  Seq Scan on s_4  (cost=0.00..1637.00 rows=100000 width=20)
(7 rows)

===== 189 [Wed Mar  7 02:02:11 CET 2018] scale:100000 groups:100 work_mem:16MB incremental:off max_workers:2 =====
SELECT * FROM (SELECT * FROM s_1 ORDER BY a) foo ORDER BY a, b
                                  QUERY PLAN                                  
------------------------------------------------------------------------------
 Limit  (cost=20746.64..20746.64 rows=1 width=20)
   ->  Sort  (cost=19496.64..19746.64 rows=100000 width=20)
         Sort Key: s_1.a, s_1.b
         ->  Sort  (cost=9941.82..10191.82 rows=100000 width=20)
               Sort Key: s_1.a
               ->  Seq Scan on s_1  (cost=0.00..1637.00 rows=100000 width=20)
(6 rows)

===== 190 [Wed Mar  7 02:02:12 CET 2018] scale:100000 groups:100 work_mem:16MB incremental:off max_workers:2 =====
SELECT * FROM (SELECT * FROM s_2 ORDER BY a, b) foo ORDER BY a, b, c
                                  QUERY PLAN                                  
------------------------------------------------------------------------------
 Limit  (cost=20746.64..20746.64 rows=1 width=20)
   ->  Sort  (cost=19496.64..19746.64 rows=100000 width=20)
         Sort Key: s_2.a, s_2.b, s_2.c
         ->  Sort  (cost=9941.82..10191.82 rows=100000 width=20)
               Sort Key: s_2.a, s_2.b
               ->  Seq Scan on s_2  (cost=0.00..1637.00 rows=100000 width=20)
(6 rows)

===== 191 [Wed Mar  7 02:02:12 CET 2018] scale:100000 groups:100 work_mem:16MB incremental:off max_workers:2 =====
SELECT * FROM (SELECT * FROM s_3 ORDER BY a, b, c) foo ORDER BY a, b, c, d
                                  QUERY PLAN                                  
------------------------------------------------------------------------------
 Limit  (cost=20746.64..20746.64 rows=1 width=20)
   ->  Sort  (cost=19496.64..19746.64 rows=100000 width=20)
         Sort Key: s_3.a, s_3.b, s_3.c, s_3.d
         ->  Sort  (cost=9941.82..10191.82 rows=100000 width=20)
               Sort Key: s_3.a, s_3.b, s_3.c
               ->  Seq Scan on s_3  (cost=0.00..1637.00 rows=100000 width=20)
(6 rows)

===== 192 [Wed Mar  7 02:02:12 CET 2018] scale:100000 groups:100 work_mem:16MB incremental:off max_workers:2 =====
SELECT * FROM (SELECT * FROM s_4 ORDER BY a, b, c, d) foo ORDER BY a, b, c, d, e
                                  QUERY PLAN                                  
------------------------------------------------------------------------------
 Limit  (cost=20746.64..20746.64 rows=1 width=20)
   ->  Sort  (cost=19496.64..19746.64 rows=100000 width=20)
         Sort Key: s_4.a, s_4.b, s_4.c, s_4.d, s_4.e
         ->  Sort  (cost=9941.82..10191.82 rows=100000 width=20)
               Sort Key: s_4.a, s_4.b, s_4.c, s_4.d
               ->  Seq Scan on s_4  (cost=0.00..1637.00 rows=100000 width=20)
(6 rows)

===== 193 [Wed Mar  7 02:02:13 CET 2018] scale:100000 groups:100 work_mem:32MB incremental:on max_workers:2 =====
SELECT * FROM (SELECT * FROM s_1 ORDER BY a) foo ORDER BY a, b
                                  QUERY PLAN                                  
------------------------------------------------------------------------------
 Limit  (cost=18919.55..18919.55 rows=1 width=20)
   ->  Incremental Sort  (cost=10003.46..17919.55 rows=100000 width=20)
         Sort Key: s_1.a, s_1.b
         Presorted Key: s_1.a
         ->  Sort  (cost=9941.82..10191.82 rows=100000 width=20)
               Sort Key: s_1.a
               ->  Seq Scan on s_1  (cost=0.00..1637.00 rows=100000 width=20)
(7 rows)

===== 194 [Wed Mar  7 02:02:13 CET 2018] scale:100000 groups:100 work_mem:32MB incremental:on max_workers:2 =====
SELECT * FROM (SELECT * FROM s_2 ORDER BY a, b) foo ORDER BY a, b, c
                                  QUERY PLAN                                  
------------------------------------------------------------------------------
 Limit  (cost=15802.78..15802.78 rows=1 width=20)
   ->  Incremental Sort  (cost=9942.11..14802.78 rows=100000 width=20)
         Sort Key: s_2.a, s_2.b, s_2.c
         Presorted Key: s_2.a, s_2.b
         ->  Sort  (cost=9941.82..10191.82 rows=100000 width=20)
               Sort Key: s_2.a, s_2.b
               ->  Seq Scan on s_2  (cost=0.00..1637.00 rows=100000 width=20)
(7 rows)

===== 195 [Wed Mar  7 02:02:13 CET 2018] scale:100000 groups:100 work_mem:32MB incremental:on max_workers:2 =====
SELECT * FROM (SELECT * FROM s_3 ORDER BY a, b, c) foo ORDER BY a, b, c, d
                                  QUERY PLAN                                  
------------------------------------------------------------------------------
 Limit  (cost=15802.78..15802.78 rows=1 width=20)
   ->  Incremental Sort  (cost=9942.11..14802.78 rows=100000 width=20)
         Sort Key: s_3.a, s_3.b, s_3.c, s_3.d
         Presorted Key: s_3.a, s_3.b, s_3.c
         ->  Sort  (cost=9941.82..10191.82 rows=100000 width=20)
               Sort Key: s_3.a, s_3.b, s_3.c
               ->  Seq Scan on s_3  (cost=0.00..1637.00 rows=100000 width=20)
(7 rows)

===== 196 [Wed Mar  7 02:02:14 CET 2018] scale:100000 groups:100 work_mem:32MB incremental:on max_workers:2 =====
SELECT * FROM (SELECT * FROM s_4 ORDER BY a, b, c, d) foo ORDER BY a, b, c, d, e
                                  QUERY PLAN                                  
------------------------------------------------------------------------------
 Limit  (cost=15802.78..15802.78 rows=1 width=20)
   ->  Incremental Sort  (cost=9942.11..14802.78 rows=100000 width=20)
         Sort Key: s_4.a, s_4.b, s_4.c, s_4.d, s_4.e
         Presorted Key: s_4.a, s_4.b, s_4.c, s_4.d
         ->  Sort  (cost=9941.82..10191.82 rows=100000 width=20)
               Sort Key: s_4.a, s_4.b, s_4.c, s_4.d
               ->  Seq Scan on s_4  (cost=0.00..1637.00 rows=100000 width=20)
(7 rows)

===== 197 [Wed Mar  7 02:02:14 CET 2018] scale:100000 groups:100 work_mem:32MB incremental:off max_workers:2 =====
SELECT * FROM (SELECT * FROM s_1 ORDER BY a) foo ORDER BY a, b
                                  QUERY PLAN                                  
------------------------------------------------------------------------------
 Limit  (cost=20746.64..20746.64 rows=1 width=20)
   ->  Sort  (cost=19496.64..19746.64 rows=100000 width=20)
         Sort Key: s_1.a, s_1.b
         ->  Sort  (cost=9941.82..10191.82 rows=100000 width=20)
               Sort Key: s_1.a
               ->  Seq Scan on s_1  (cost=0.00..1637.00 rows=100000 width=20)
(6 rows)

===== 198 [Wed Mar  7 02:02:14 CET 2018] scale:100000 groups:100 work_mem:32MB incremental:off max_workers:2 =====
SELECT * FROM (SELECT * FROM s_2 ORDER BY a, b) foo ORDER BY a, b, c
                                  QUERY PLAN                                  
------------------------------------------------------------------------------
 Limit  (cost=20746.64..20746.64 rows=1 width=20)
   ->  Sort  (cost=19496.64..19746.64 rows=100000 width=20)
         Sort Key: s_2.a, s_2.b, s_2.c
         ->  Sort  (cost=9941.82..10191.82 rows=100000 width=20)
               Sort Key: s_2.a, s_2.b
               ->  Seq Scan on s_2  (cost=0.00..1637.00 rows=100000 width=20)
(6 rows)

===== 199 [Wed Mar  7 02:02:15 CET 2018] scale:100000 groups:100 work_mem:32MB incremental:off max_workers:2 =====
SELECT * FROM (SELECT * FROM s_3 ORDER BY a, b, c) foo ORDER BY a, b, c, d
                                  QUERY PLAN                                  
------------------------------------------------------------------------------
 Limit  (cost=20746.64..20746.64 rows=1 width=20)
   ->  Sort  (cost=19496.64..19746.64 rows=100000 width=20)
         Sort Key: s_3.a, s_3.b, s_3.c, s_3.d
         ->  Sort  (cost=9941.82..10191.82 rows=100000 width=20)
               Sort Key: s_3.a, s_3.b, s_3.c
               ->  Seq Scan on s_3  (cost=0.00..1637.00 rows=100000 width=20)
(6 rows)

===== 200 [Wed Mar  7 02:02:15 CET 2018] scale:100000 groups:100 work_mem:32MB incremental:off max_workers:2 =====
SELECT * FROM (SELECT * FROM s_4 ORDER BY a, b, c, d) foo ORDER BY a, b, c, d, e
                                  QUERY PLAN                                  
------------------------------------------------------------------------------
 Limit  (cost=20746.64..20746.64 rows=1 width=20)
   ->  Sort  (cost=19496.64..19746.64 rows=100000 width=20)
         Sort Key: s_4.a, s_4.b, s_4.c, s_4.d, s_4.e
         ->  Sort  (cost=9941.82..10191.82 rows=100000 width=20)
               Sort Key: s_4.a, s_4.b, s_4.c, s_4.d
               ->  Seq Scan on s_4  (cost=0.00..1637.00 rows=100000 width=20)
(6 rows)

===== 201 [Wed Mar  7 02:02:15 CET 2018] scale:100000 groups:100 work_mem:64MB incremental:on max_workers:2 =====
SELECT * FROM (SELECT * FROM s_1 ORDER BY a) foo ORDER BY a, b
                                  QUERY PLAN                                  
------------------------------------------------------------------------------
 Limit  (cost=18919.55..18919.55 rows=1 width=20)
   ->  Incremental Sort  (cost=10003.46..17919.55 rows=100000 width=20)
         Sort Key: s_1.a, s_1.b
         Presorted Key: s_1.a
         ->  Sort  (cost=9941.82..10191.82 rows=100000 width=20)
               Sort Key: s_1.a
               ->  Seq Scan on s_1  (cost=0.00..1637.00 rows=100000 width=20)
(7 rows)

===== 202 [Wed Mar  7 02:02:16 CET 2018] scale:100000 groups:100 work_mem:64MB incremental:on max_workers:2 =====
SELECT * FROM (SELECT * FROM s_2 ORDER BY a, b) foo ORDER BY a, b, c
                                  QUERY PLAN                                  
------------------------------------------------------------------------------
 Limit  (cost=15802.78..15802.78 rows=1 width=20)
   ->  Incremental Sort  (cost=9942.11..14802.78 rows=100000 width=20)
         Sort Key: s_2.a, s_2.b, s_2.c
         Presorted Key: s_2.a, s_2.b
         ->  Sort  (cost=9941.82..10191.82 rows=100000 width=20)
               Sort Key: s_2.a, s_2.b
               ->  Seq Scan on s_2  (cost=0.00..1637.00 rows=100000 width=20)
(7 rows)

===== 203 [Wed Mar  7 02:02:16 CET 2018] scale:100000 groups:100 work_mem:64MB incremental:on max_workers:2 =====
SELECT * FROM (SELECT * FROM s_3 ORDER BY a, b, c) foo ORDER BY a, b, c, d
                                  QUERY PLAN                                  
------------------------------------------------------------------------------
 Limit  (cost=15802.78..15802.78 rows=1 width=20)
   ->  Incremental Sort  (cost=9942.11..14802.78 rows=100000 width=20)
         Sort Key: s_3.a, s_3.b, s_3.c, s_3.d
         Presorted Key: s_3.a, s_3.b, s_3.c
         ->  Sort  (cost=9941.82..10191.82 rows=100000 width=20)
               Sort Key: s_3.a, s_3.b, s_3.c
               ->  Seq Scan on s_3  (cost=0.00..1637.00 rows=100000 width=20)
(7 rows)

===== 204 [Wed Mar  7 02:02:16 CET 2018] scale:100000 groups:100 work_mem:64MB incremental:on max_workers:2 =====
SELECT * FROM (SELECT * FROM s_4 ORDER BY a, b, c, d) foo ORDER BY a, b, c, d, e
                                  QUERY PLAN                                  
------------------------------------------------------------------------------
 Limit  (cost=15802.78..15802.78 rows=1 width=20)
   ->  Incremental Sort  (cost=9942.11..14802.78 rows=100000 width=20)
         Sort Key: s_4.a, s_4.b, s_4.c, s_4.d, s_4.e
         Presorted Key: s_4.a, s_4.b, s_4.c, s_4.d
         ->  Sort  (cost=9941.82..10191.82 rows=100000 width=20)
               Sort Key: s_4.a, s_4.b, s_4.c, s_4.d
               ->  Seq Scan on s_4  (cost=0.00..1637.00 rows=100000 width=20)
(7 rows)

===== 205 [Wed Mar  7 02:02:16 CET 2018] scale:100000 groups:100 work_mem:64MB incremental:off max_workers:2 =====
SELECT * FROM (SELECT * FROM s_1 ORDER BY a) foo ORDER BY a, b
                                  QUERY PLAN                                  
------------------------------------------------------------------------------
 Limit  (cost=20746.64..20746.64 rows=1 width=20)
   ->  Sort  (cost=19496.64..19746.64 rows=100000 width=20)
         Sort Key: s_1.a, s_1.b
         ->  Sort  (cost=9941.82..10191.82 rows=100000 width=20)
               Sort Key: s_1.a
               ->  Seq Scan on s_1  (cost=0.00..1637.00 rows=100000 width=20)
(6 rows)

===== 206 [Wed Mar  7 02:02:17 CET 2018] scale:100000 groups:100 work_mem:64MB incremental:off max_workers:2 =====
SELECT * FROM (SELECT * FROM s_2 ORDER BY a, b) foo ORDER BY a, b, c
                                  QUERY PLAN                                  
------------------------------------------------------------------------------
 Limit  (cost=20746.64..20746.64 rows=1 width=20)
   ->  Sort  (cost=19496.64..19746.64 rows=100000 width=20)
         Sort Key: s_2.a, s_2.b, s_2.c
         ->  Sort  (cost=9941.82..10191.82 rows=100000 width=20)
               Sort Key: s_2.a, s_2.b
               ->  Seq Scan on s_2  (cost=0.00..1637.00 rows=100000 width=20)
(6 rows)

===== 207 [Wed Mar  7 02:02:17 CET 2018] scale:100000 groups:100 work_mem:64MB incremental:off max_workers:2 =====
SELECT * FROM (SELECT * FROM s_3 ORDER BY a, b, c) foo ORDER BY a, b, c, d
                                  QUERY PLAN                                  
------------------------------------------------------------------------------
 Limit  (cost=20746.64..20746.64 rows=1 width=20)
   ->  Sort  (cost=19496.64..19746.64 rows=100000 width=20)
         Sort Key: s_3.a, s_3.b, s_3.c, s_3.d
         ->  Sort  (cost=9941.82..10191.82 rows=100000 width=20)
               Sort Key: s_3.a, s_3.b, s_3.c
               ->  Seq Scan on s_3  (cost=0.00..1637.00 rows=100000 width=20)
(6 rows)

===== 208 [Wed Mar  7 02:02:17 CET 2018] scale:100000 groups:100 work_mem:64MB incremental:off max_workers:2 =====
SELECT * FROM (SELECT * FROM s_4 ORDER BY a, b, c, d) foo ORDER BY a, b, c, d, e
                                  QUERY PLAN                                  
------------------------------------------------------------------------------
 Limit  (cost=20746.64..20746.64 rows=1 width=20)
   ->  Sort  (cost=19496.64..19746.64 rows=100000 width=20)
         Sort Key: s_4.a, s_4.b, s_4.c, s_4.d, s_4.e
         ->  Sort  (cost=9941.82..10191.82 rows=100000 width=20)
               Sort Key: s_4.a, s_4.b, s_4.c, s_4.d
               ->  Seq Scan on s_4  (cost=0.00..1637.00 rows=100000 width=20)
(6 rows)

===== 209 [Wed Mar  7 02:02:18 CET 2018] scale:100000 groups:100 work_mem:128MB incremental:on max_workers:2 =====
SELECT * FROM (SELECT * FROM s_1 ORDER BY a) foo ORDER BY a, b
                                  QUERY PLAN                                  
------------------------------------------------------------------------------
 Limit  (cost=18919.55..18919.55 rows=1 width=20)
   ->  Incremental Sort  (cost=10003.46..17919.55 rows=100000 width=20)
         Sort Key: s_1.a, s_1.b
         Presorted Key: s_1.a
         ->  Sort  (cost=9941.82..10191.82 rows=100000 width=20)
               Sort Key: s_1.a
               ->  Seq Scan on s_1  (cost=0.00..1637.00 rows=100000 width=20)
(7 rows)

===== 210 [Wed Mar  7 02:02:18 CET 2018] scale:100000 groups:100 work_mem:128MB incremental:on max_workers:2 =====
SELECT * FROM (SELECT * FROM s_2 ORDER BY a, b) foo ORDER BY a, b, c
                                  QUERY PLAN                                  
------------------------------------------------------------------------------
 Limit  (cost=15802.78..15802.78 rows=1 width=20)
   ->  Incremental Sort  (cost=9942.11..14802.78 rows=100000 width=20)
         Sort Key: s_2.a, s_2.b, s_2.c
         Presorted Key: s_2.a, s_2.b
         ->  Sort  (cost=9941.82..10191.82 rows=100000 width=20)
               Sort Key: s_2.a, s_2.b
               ->  Seq Scan on s_2  (cost=0.00..1637.00 rows=100000 width=20)
(7 rows)

===== 211 [Wed Mar  7 02:02:18 CET 2018] scale:100000 groups:100 work_mem:128MB incremental:on max_workers:2 =====
SELECT * FROM (SELECT * FROM s_3 ORDER BY a, b, c) foo ORDER BY a, b, c, d
                                  QUERY PLAN                                  
------------------------------------------------------------------------------
 Limit  (cost=15802.78..15802.78 rows=1 width=20)
   ->  Incremental Sort  (cost=9942.11..14802.78 rows=100000 width=20)
         Sort Key: s_3.a, s_3.b, s_3.c, s_3.d
         Presorted Key: s_3.a, s_3.b, s_3.c
         ->  Sort  (cost=9941.82..10191.82 rows=100000 width=20)
               Sort Key: s_3.a, s_3.b, s_3.c
               ->  Seq Scan on s_3  (cost=0.00..1637.00 rows=100000 width=20)
(7 rows)

===== 212 [Wed Mar  7 02:02:19 CET 2018] scale:100000 groups:100 work_mem:128MB incremental:on max_workers:2 =====
SELECT * FROM (SELECT * FROM s_4 ORDER BY a, b, c, d) foo ORDER BY a, b, c, d, e
                                  QUERY PLAN                                  
------------------------------------------------------------------------------
 Limit  (cost=15802.78..15802.78 rows=1 width=20)
   ->  Incremental Sort  (cost=9942.11..14802.78 rows=100000 width=20)
         Sort Key: s_4.a, s_4.b, s_4.c, s_4.d, s_4.e
         Presorted Key: s_4.a, s_4.b, s_4.c, s_4.d
         ->  Sort  (cost=9941.82..10191.82 rows=100000 width=20)
               Sort Key: s_4.a, s_4.b, s_4.c, s_4.d
               ->  Seq Scan on s_4  (cost=0.00..1637.00 rows=100000 width=20)
(7 rows)

===== 213 [Wed Mar  7 02:02:19 CET 2018] scale:100000 groups:100 work_mem:128MB incremental:off max_workers:2 =====
SELECT * FROM (SELECT * FROM s_1 ORDER BY a) foo ORDER BY a, b
                                  QUERY PLAN                                  
------------------------------------------------------------------------------
 Limit  (cost=20746.64..20746.64 rows=1 width=20)
   ->  Sort  (cost=19496.64..19746.64 rows=100000 width=20)
         Sort Key: s_1.a, s_1.b
         ->  Sort  (cost=9941.82..10191.82 rows=100000 width=20)
               Sort Key: s_1.a
               ->  Seq Scan on s_1  (cost=0.00..1637.00 rows=100000 width=20)
(6 rows)

===== 214 [Wed Mar  7 02:02:19 CET 2018] scale:100000 groups:100 work_mem:128MB incremental:off max_workers:2 =====
SELECT * FROM (SELECT * FROM s_2 ORDER BY a, b) foo ORDER BY a, b, c
                                  QUERY PLAN                                  
------------------------------------------------------------------------------
 Limit  (cost=20746.64..20746.64 rows=1 width=20)
   ->  Sort  (cost=19496.64..19746.64 rows=100000 width=20)
         Sort Key: s_2.a, s_2.b, s_2.c
         ->  Sort  (cost=9941.82..10191.82 rows=100000 width=20)
               Sort Key: s_2.a, s_2.b
               ->  Seq Scan on s_2  (cost=0.00..1637.00 rows=100000 width=20)
(6 rows)

===== 215 [Wed Mar  7 02:02:19 CET 2018] scale:100000 groups:100 work_mem:128MB incremental:off max_workers:2 =====
SELECT * FROM (SELECT * FROM s_3 ORDER BY a, b, c) foo ORDER BY a, b, c, d
                                  QUERY PLAN                                  
------------------------------------------------------------------------------
 Limit  (cost=20746.64..20746.64 rows=1 width=20)
   ->  Sort  (cost=19496.64..19746.64 rows=100000 width=20)
         Sort Key: s_3.a, s_3.b, s_3.c, s_3.d
         ->  Sort  (cost=9941.82..10191.82 rows=100000 width=20)
               Sort Key: s_3.a, s_3.b, s_3.c
               ->  Seq Scan on s_3  (cost=0.00..1637.00 rows=100000 width=20)
(6 rows)

===== 216 [Wed Mar  7 02:02:20 CET 2018] scale:100000 groups:100 work_mem:128MB incremental:off max_workers:2 =====
SELECT * FROM (SELECT * FROM s_4 ORDER BY a, b, c, d) foo ORDER BY a, b, c, d, e
                                  QUERY PLAN                                  
------------------------------------------------------------------------------
 Limit  (cost=20746.64..20746.64 rows=1 width=20)
   ->  Sort  (cost=19496.64..19746.64 rows=100000 width=20)
         Sort Key: s_4.a, s_4.b, s_4.c, s_4.d, s_4.e
         ->  Sort  (cost=9941.82..10191.82 rows=100000 width=20)
               Sort Key: s_4.a, s_4.b, s_4.c, s_4.d
               ->  Seq Scan on s_4  (cost=0.00..1637.00 rows=100000 width=20)
(6 rows)

===== 217 [Wed Mar  7 02:02:20 CET 2018] scale:100000 groups:100 work_mem:256MB incremental:on max_workers:2 =====
SELECT * FROM (SELECT * FROM s_1 ORDER BY a) foo ORDER BY a, b
                                  QUERY PLAN                                  
------------------------------------------------------------------------------
 Limit  (cost=18919.55..18919.55 rows=1 width=20)
   ->  Incremental Sort  (cost=10003.46..17919.55 rows=100000 width=20)
         Sort Key: s_1.a, s_1.b
         Presorted Key: s_1.a
         ->  Sort  (cost=9941.82..10191.82 rows=100000 width=20)
               Sort Key: s_1.a
               ->  Seq Scan on s_1  (cost=0.00..1637.00 rows=100000 width=20)
(7 rows)

===== 218 [Wed Mar  7 02:02:20 CET 2018] scale:100000 groups:100 work_mem:256MB incremental:on max_workers:2 =====
SELECT * FROM (SELECT * FROM s_2 ORDER BY a, b) foo ORDER BY a, b, c
                                  QUERY PLAN                                  
------------------------------------------------------------------------------
 Limit  (cost=15802.78..15802.78 rows=1 width=20)
   ->  Incremental Sort  (cost=9942.11..14802.78 rows=100000 width=20)
         Sort Key: s_2.a, s_2.b, s_2.c
         Presorted Key: s_2.a, s_2.b
         ->  Sort  (cost=9941.82..10191.82 rows=100000 width=20)
               Sort Key: s_2.a, s_2.b
               ->  Seq Scan on s_2  (cost=0.00..1637.00 rows=100000 width=20)
(7 rows)

===== 219 [Wed Mar  7 02:02:21 CET 2018] scale:100000 groups:100 work_mem:256MB incremental:on max_workers:2 =====
SELECT * FROM (SELECT * FROM s_3 ORDER BY a, b, c) foo ORDER BY a, b, c, d
                                  QUERY PLAN                                  
------------------------------------------------------------------------------
 Limit  (cost=15802.78..15802.78 rows=1 width=20)
   ->  Incremental Sort  (cost=9942.11..14802.78 rows=100000 width=20)
         Sort Key: s_3.a, s_3.b, s_3.c, s_3.d
         Presorted Key: s_3.a, s_3.b, s_3.c
         ->  Sort  (cost=9941.82..10191.82 rows=100000 width=20)
               Sort Key: s_3.a, s_3.b, s_3.c
               ->  Seq Scan on s_3  (cost=0.00..1637.00 rows=100000 width=20)
(7 rows)

===== 220 [Wed Mar  7 02:02:21 CET 2018] scale:100000 groups:100 work_mem:256MB incremental:on max_workers:2 =====
SELECT * FROM (SELECT * FROM s_4 ORDER BY a, b, c, d) foo ORDER BY a, b, c, d, e
                                  QUERY PLAN                                  
------------------------------------------------------------------------------
 Limit  (cost=15802.78..15802.78 rows=1 width=20)
   ->  Incremental Sort  (cost=9942.11..14802.78 rows=100000 width=20)
         Sort Key: s_4.a, s_4.b, s_4.c, s_4.d, s_4.e
         Presorted Key: s_4.a, s_4.b, s_4.c, s_4.d
         ->  Sort  (cost=9941.82..10191.82 rows=100000 width=20)
               Sort Key: s_4.a, s_4.b, s_4.c, s_4.d
               ->  Seq Scan on s_4  (cost=0.00..1637.00 rows=100000 width=20)
(7 rows)

===== 221 [Wed Mar  7 02:02:21 CET 2018] scale:100000 groups:100 work_mem:256MB incremental:off max_workers:2 =====
SELECT * FROM (SELECT * FROM s_1 ORDER BY a) foo ORDER BY a, b
                                  QUERY PLAN                                  
------------------------------------------------------------------------------
 Limit  (cost=20746.64..20746.64 rows=1 width=20)
   ->  Sort  (cost=19496.64..19746.64 rows=100000 width=20)
         Sort Key: s_1.a, s_1.b
         ->  Sort  (cost=9941.82..10191.82 rows=100000 width=20)
               Sort Key: s_1.a
               ->  Seq Scan on s_1  (cost=0.00..1637.00 rows=100000 width=20)
(6 rows)

===== 222 [Wed Mar  7 02:02:22 CET 2018] scale:100000 groups:100 work_mem:256MB incremental:off max_workers:2 =====
SELECT * FROM (SELECT * FROM s_2 ORDER BY a, b) foo ORDER BY a, b, c
                                  QUERY PLAN                                  
------------------------------------------------------------------------------
 Limit  (cost=20746.64..20746.64 rows=1 width=20)
   ->  Sort  (cost=19496.64..19746.64 rows=100000 width=20)
         Sort Key: s_2.a, s_2.b, s_2.c
         ->  Sort  (cost=9941.82..10191.82 rows=100000 width=20)
               Sort Key: s_2.a, s_2.b
               ->  Seq Scan on s_2  (cost=0.00..1637.00 rows=100000 width=20)
(6 rows)

===== 223 [Wed Mar  7 02:02:22 CET 2018] scale:100000 groups:100 work_mem:256MB incremental:off max_workers:2 =====
SELECT * FROM (SELECT * FROM s_3 ORDER BY a, b, c) foo ORDER BY a, b, c, d
                                  QUERY PLAN                                  
------------------------------------------------------------------------------
 Limit  (cost=20746.64..20746.64 rows=1 width=20)
   ->  Sort  (cost=19496.64..19746.64 rows=100000 width=20)
         Sort Key: s_3.a, s_3.b, s_3.c, s_3.d
         ->  Sort  (cost=9941.82..10191.82 rows=100000 width=20)
               Sort Key: s_3.a, s_3.b, s_3.c
               ->  Seq Scan on s_3  (cost=0.00..1637.00 rows=100000 width=20)
(6 rows)

===== 224 [Wed Mar  7 02:02:22 CET 2018] scale:100000 groups:100 work_mem:256MB incremental:off max_workers:2 =====
SELECT * FROM (SELECT * FROM s_4 ORDER BY a, b, c, d) foo ORDER BY a, b, c, d, e
                                  QUERY PLAN                                  
------------------------------------------------------------------------------
 Limit  (cost=20746.64..20746.64 rows=1 width=20)
   ->  Sort  (cost=19496.64..19746.64 rows=100000 width=20)
         Sort Key: s_4.a, s_4.b, s_4.c, s_4.d, s_4.e
         ->  Sort  (cost=9941.82..10191.82 rows=100000 width=20)
               Sort Key: s_4.a, s_4.b, s_4.c, s_4.d
               ->  Seq Scan on s_4  (cost=0.00..1637.00 rows=100000 width=20)
(6 rows)

===== 225 [Wed Mar  7 02:02:24 CET 2018] scale:100000 groups:1000 work_mem:4MB incremental:on max_workers:0 =====
SELECT * FROM (SELECT * FROM s_1 ORDER BY a) foo ORDER BY a, b
                                  QUERY PLAN                                  
------------------------------------------------------------------------------
 Limit  (cost=19334.05..19334.05 rows=1 width=20)
   ->  Incremental Sort  (cost=11997.39..18334.05 rows=100000 width=20)
         Sort Key: s_1.a, s_1.b
         Presorted Key: s_1.a
         ->  Sort  (cost=11992.82..12242.82 rows=100000 width=20)
               Sort Key: s_1.a
               ->  Seq Scan on s_1  (cost=0.00..1637.00 rows=100000 width=20)
(7 rows)

===== 226 [Wed Mar  7 02:02:24 CET 2018] scale:100000 groups:1000 work_mem:4MB incremental:on max_workers:0 =====
SELECT * FROM (SELECT * FROM s_2 ORDER BY a, b) foo ORDER BY a, b, c
                                  QUERY PLAN                                  
------------------------------------------------------------------------------
 Limit  (cost=17853.78..17853.78 rows=1 width=20)
   ->  Incremental Sort  (cost=11993.11..16853.78 rows=100000 width=20)
         Sort Key: s_2.a, s_2.b, s_2.c
         Presorted Key: s_2.a, s_2.b
         ->  Sort  (cost=11992.82..12242.82 rows=100000 width=20)
               Sort Key: s_2.a, s_2.b
               ->  Seq Scan on s_2  (cost=0.00..1637.00 rows=100000 width=20)
(7 rows)

===== 227 [Wed Mar  7 02:02:25 CET 2018] scale:100000 groups:1000 work_mem:4MB incremental:on max_workers:0 =====
SELECT * FROM (SELECT * FROM s_3 ORDER BY a, b, c) foo ORDER BY a, b, c, d
                                  QUERY PLAN                                  
------------------------------------------------------------------------------
 Limit  (cost=17853.78..17853.78 rows=1 width=20)
   ->  Incremental Sort  (cost=11993.11..16853.78 rows=100000 width=20)
         Sort Key: s_3.a, s_3.b, s_3.c, s_3.d
         Presorted Key: s_3.a, s_3.b, s_3.c
         ->  Sort  (cost=11992.82..12242.82 rows=100000 width=20)
               Sort Key: s_3.a, s_3.b, s_3.c
               ->  Seq Scan on s_3  (cost=0.00..1637.00 rows=100000 width=20)
(7 rows)

===== 228 [Wed Mar  7 02:02:25 CET 2018] scale:100000 groups:1000 work_mem:4MB incremental:on max_workers:0 =====
SELECT * FROM (SELECT * FROM s_4 ORDER BY a, b, c, d) foo ORDER BY a, b, c, d, e
                                  QUERY PLAN                                  
------------------------------------------------------------------------------
 Limit  (cost=17853.78..17853.78 rows=1 width=20)
   ->  Incremental Sort  (cost=11993.11..16853.78 rows=100000 width=20)
         Sort Key: s_4.a, s_4.b, s_4.c, s_4.d, s_4.e
         Presorted Key: s_4.a, s_4.b, s_4.c, s_4.d
         ->  Sort  (cost=11992.82..12242.82 rows=100000 width=20)
               Sort Key: s_4.a, s_4.b, s_4.c, s_4.d
               ->  Seq Scan on s_4  (cost=0.00..1637.00 rows=100000 width=20)
(7 rows)

===== 229 [Wed Mar  7 02:02:25 CET 2018] scale:100000 groups:1000 work_mem:4MB incremental:off max_workers:0 =====
SELECT * FROM (SELECT * FROM s_1 ORDER BY a) foo ORDER BY a, b
                                  QUERY PLAN                                  
------------------------------------------------------------------------------
 Limit  (cost=24848.64..24848.64 rows=1 width=20)
   ->  Sort  (cost=23598.64..23848.64 rows=100000 width=20)
         Sort Key: s_1.a, s_1.b
         ->  Sort  (cost=11992.82..12242.82 rows=100000 width=20)
               Sort Key: s_1.a
               ->  Seq Scan on s_1  (cost=0.00..1637.00 rows=100000 width=20)
(6 rows)

===== 230 [Wed Mar  7 02:02:26 CET 2018] scale:100000 groups:1000 work_mem:4MB incremental:off max_workers:0 =====
SELECT * FROM (SELECT * FROM s_2 ORDER BY a, b) foo ORDER BY a, b, c
                                  QUERY PLAN                                  
------------------------------------------------------------------------------
 Limit  (cost=24848.64..24848.64 rows=1 width=20)
   ->  Sort  (cost=23598.64..23848.64 rows=100000 width=20)
         Sort Key: s_2.a, s_2.b, s_2.c
         ->  Sort  (cost=11992.82..12242.82 rows=100000 width=20)
               Sort Key: s_2.a, s_2.b
               ->  Seq Scan on s_2  (cost=0.00..1637.00 rows=100000 width=20)
(6 rows)

===== 231 [Wed Mar  7 02:02:26 CET 2018] scale:100000 groups:1000 work_mem:4MB incremental:off max_workers:0 =====
SELECT * FROM (SELECT * FROM s_3 ORDER BY a, b, c) foo ORDER BY a, b, c, d
                                  QUERY PLAN                                  
------------------------------------------------------------------------------
 Limit  (cost=24848.64..24848.64 rows=1 width=20)
   ->  Sort  (cost=23598.64..23848.64 rows=100000 width=20)
         Sort Key: s_3.a, s_3.b, s_3.c, s_3.d
         ->  Sort  (cost=11992.82..12242.82 rows=100000 width=20)
               Sort Key: s_3.a, s_3.b, s_3.c
               ->  Seq Scan on s_3  (cost=0.00..1637.00 rows=100000 width=20)
(6 rows)

===== 232 [Wed Mar  7 02:02:26 CET 2018] scale:100000 groups:1000 work_mem:4MB incremental:off max_workers:0 =====
SELECT * FROM (SELECT * FROM s_4 ORDER BY a, b, c, d) foo ORDER BY a, b, c, d, e
                                  QUERY PLAN                                  
------------------------------------------------------------------------------
 Limit  (cost=24848.64..24848.64 rows=1 width=20)
   ->  Sort  (cost=23598.64..23848.64 rows=100000 width=20)
         Sort Key: s_4.a, s_4.b, s_4.c, s_4.d, s_4.e
         ->  Sort  (cost=11992.82..12242.82 rows=100000 width=20)
               Sort Key: s_4.a, s_4.b, s_4.c, s_4.d
               ->  Seq Scan on s_4  (cost=0.00..1637.00 rows=100000 width=20)
(6 rows)

===== 233 [Wed Mar  7 02:02:27 CET 2018] scale:100000 groups:1000 work_mem:8MB incremental:on max_workers:0 =====
SELECT * FROM (SELECT * FROM s_1 ORDER BY a) foo ORDER BY a, b
                                  QUERY PLAN                                  
------------------------------------------------------------------------------
 Limit  (cost=17283.05..17283.05 rows=1 width=20)
   ->  Incremental Sort  (cost=9946.39..16283.05 rows=100000 width=20)
         Sort Key: s_1.a, s_1.b
         Presorted Key: s_1.a
         ->  Sort  (cost=9941.82..10191.82 rows=100000 width=20)
               Sort Key: s_1.a
               ->  Seq Scan on s_1  (cost=0.00..1637.00 rows=100000 width=20)
(7 rows)

===== 234 [Wed Mar  7 02:02:27 CET 2018] scale:100000 groups:1000 work_mem:8MB incremental:on max_workers:0 =====
SELECT * FROM (SELECT * FROM s_2 ORDER BY a, b) foo ORDER BY a, b, c
                                  QUERY PLAN                                  
------------------------------------------------------------------------------
 Limit  (cost=15802.78..15802.78 rows=1 width=20)
   ->  Incremental Sort  (cost=9942.11..14802.78 rows=100000 width=20)
         Sort Key: s_2.a, s_2.b, s_2.c
         Presorted Key: s_2.a, s_2.b
         ->  Sort  (cost=9941.82..10191.82 rows=100000 width=20)
               Sort Key: s_2.a, s_2.b
               ->  Seq Scan on s_2  (cost=0.00..1637.00 rows=100000 width=20)
(7 rows)

===== 235 [Wed Mar  7 02:02:27 CET 2018] scale:100000 groups:1000 work_mem:8MB incremental:on max_workers:0 =====
SELECT * FROM (SELECT * FROM s_3 ORDER BY a, b, c) foo ORDER BY a, b, c, d
                                  QUERY PLAN                                  
------------------------------------------------------------------------------
 Limit  (cost=15802.78..15802.78 rows=1 width=20)
   ->  Incremental Sort  (cost=9942.11..14802.78 rows=100000 width=20)
         Sort Key: s_3.a, s_3.b, s_3.c, s_3.d
         Presorted Key: s_3.a, s_3.b, s_3.c
         ->  Sort  (cost=9941.82..10191.82 rows=100000 width=20)
               Sort Key: s_3.a, s_3.b, s_3.c
               ->  Seq Scan on s_3  (cost=0.00..1637.00 rows=100000 width=20)
(7 rows)

===== 236 [Wed Mar  7 02:02:28 CET 2018] scale:100000 groups:1000 work_mem:8MB incremental:on max_workers:0 =====
SELECT * FROM (SELECT * FROM s_4 ORDER BY a, b, c, d) foo ORDER BY a, b, c, d, e
                                  QUERY PLAN                                  
------------------------------------------------------------------------------
 Limit  (cost=15802.78..15802.78 rows=1 width=20)
   ->  Incremental Sort  (cost=9942.11..14802.78 rows=100000 width=20)
         Sort Key: s_4.a, s_4.b, s_4.c, s_4.d, s_4.e
         Presorted Key: s_4.a, s_4.b, s_4.c, s_4.d
         ->  Sort  (cost=9941.82..10191.82 rows=100000 width=20)
               Sort Key: s_4.a, s_4.b, s_4.c, s_4.d
               ->  Seq Scan on s_4  (cost=0.00..1637.00 rows=100000 width=20)
(7 rows)

===== 237 [Wed Mar  7 02:02:28 CET 2018] scale:100000 groups:1000 work_mem:8MB incremental:off max_workers:0 =====
SELECT * FROM (SELECT * FROM s_1 ORDER BY a) foo ORDER BY a, b
                                  QUERY PLAN                                  
------------------------------------------------------------------------------
 Limit  (cost=20746.64..20746.64 rows=1 width=20)
   ->  Sort  (cost=19496.64..19746.64 rows=100000 width=20)
         Sort Key: s_1.a, s_1.b
         ->  Sort  (cost=9941.82..10191.82 rows=100000 width=20)
               Sort Key: s_1.a
               ->  Seq Scan on s_1  (cost=0.00..1637.00 rows=100000 width=20)
(6 rows)

===== 238 [Wed Mar  7 02:02:28 CET 2018] scale:100000 groups:1000 work_mem:8MB incremental:off max_workers:0 =====
SELECT * FROM (SELECT * FROM s_2 ORDER BY a, b) foo ORDER BY a, b, c
                                  QUERY PLAN                                  
------------------------------------------------------------------------------
 Limit  (cost=20746.64..20746.64 rows=1 width=20)
   ->  Sort  (cost=19496.64..19746.64 rows=100000 width=20)
         Sort Key: s_2.a, s_2.b, s_2.c
         ->  Sort  (cost=9941.82..10191.82 rows=100000 width=20)
               Sort Key: s_2.a, s_2.b
               ->  Seq Scan on s_2  (cost=0.00..1637.00 rows=100000 width=20)
(6 rows)

===== 239 [Wed Mar  7 02:02:29 CET 2018] scale:100000 groups:1000 work_mem:8MB incremental:off max_workers:0 =====
SELECT * FROM (SELECT * FROM s_3 ORDER BY a, b, c) foo ORDER BY a, b, c, d
                                  QUERY PLAN                                  
------------------------------------------------------------------------------
 Limit  (cost=20746.64..20746.64 rows=1 width=20)
   ->  Sort  (cost=19496.64..19746.64 rows=100000 width=20)
         Sort Key: s_3.a, s_3.b, s_3.c, s_3.d
         ->  Sort  (cost=9941.82..10191.82 rows=100000 width=20)
               Sort Key: s_3.a, s_3.b, s_3.c
               ->  Seq Scan on s_3  (cost=0.00..1637.00 rows=100000 width=20)
(6 rows)

===== 240 [Wed Mar  7 02:02:29 CET 2018] scale:100000 groups:1000 work_mem:8MB incremental:off max_workers:0 =====
SELECT * FROM (SELECT * FROM s_4 ORDER BY a, b, c, d) foo ORDER BY a, b, c, d, e
                                  QUERY PLAN                                  
------------------------------------------------------------------------------
 Limit  (cost=20746.64..20746.64 rows=1 width=20)
   ->  Sort  (cost=19496.64..19746.64 rows=100000 width=20)
         Sort Key: s_4.a, s_4.b, s_4.c, s_4.d, s_4.e
         ->  Sort  (cost=9941.82..10191.82 rows=100000 width=20)
               Sort Key: s_4.a, s_4.b, s_4.c, s_4.d
               ->  Seq Scan on s_4  (cost=0.00..1637.00 rows=100000 width=20)
(6 rows)

===== 241 [Wed Mar  7 02:02:30 CET 2018] scale:100000 groups:1000 work_mem:16MB incremental:on max_workers:0 =====
SELECT * FROM (SELECT * FROM s_1 ORDER BY a) foo ORDER BY a, b
                                  QUERY PLAN                                  
------------------------------------------------------------------------------
 Limit  (cost=17283.05..17283.05 rows=1 width=20)
   ->  Incremental Sort  (cost=9946.39..16283.05 rows=100000 width=20)
         Sort Key: s_1.a, s_1.b
         Presorted Key: s_1.a
         ->  Sort  (cost=9941.82..10191.82 rows=100000 width=20)
               Sort Key: s_1.a
               ->  Seq Scan on s_1  (cost=0.00..1637.00 rows=100000 width=20)
(7 rows)

===== 242 [Wed Mar  7 02:02:30 CET 2018] scale:100000 groups:1000 work_mem:16MB incremental:on max_workers:0 =====
SELECT * FROM (SELECT * FROM s_2 ORDER BY a, b) foo ORDER BY a, b, c
                                  QUERY PLAN                                  
------------------------------------------------------------------------------
 Limit  (cost=15802.78..15802.78 rows=1 width=20)
   ->  Incremental Sort  (cost=9942.11..14802.78 rows=100000 width=20)
         Sort Key: s_2.a, s_2.b, s_2.c
         Presorted Key: s_2.a, s_2.b
         ->  Sort  (cost=9941.82..10191.82 rows=100000 width=20)
               Sort Key: s_2.a, s_2.b
               ->  Seq Scan on s_2  (cost=0.00..1637.00 rows=100000 width=20)
(7 rows)

===== 243 [Wed Mar  7 02:02:30 CET 2018] scale:100000 groups:1000 work_mem:16MB incremental:on max_workers:0 =====
SELECT * FROM (SELECT * FROM s_3 ORDER BY a, b, c) foo ORDER BY a, b, c, d
                                  QUERY PLAN                                  
------------------------------------------------------------------------------
 Limit  (cost=15802.78..15802.78 rows=1 width=20)
   ->  Incremental Sort  (cost=9942.11..14802.78 rows=100000 width=20)
         Sort Key: s_3.a, s_3.b, s_3.c, s_3.d
         Presorted Key: s_3.a, s_3.b, s_3.c
         ->  Sort  (cost=9941.82..10191.82 rows=100000 width=20)
               Sort Key: s_3.a, s_3.b, s_3.c
               ->  Seq Scan on s_3  (cost=0.00..1637.00 rows=100000 width=20)
(7 rows)

===== 244 [Wed Mar  7 02:02:30 CET 2018] scale:100000 groups:1000 work_mem:16MB incremental:on max_workers:0 =====
SELECT * FROM (SELECT * FROM s_4 ORDER BY a, b, c, d) foo ORDER BY a, b, c, d, e
                                  QUERY PLAN                                  
------------------------------------------------------------------------------
 Limit  (cost=15802.78..15802.78 rows=1 width=20)
   ->  Incremental Sort  (cost=9942.11..14802.78 rows=100000 width=20)
         Sort Key: s_4.a, s_4.b, s_4.c, s_4.d, s_4.e
         Presorted Key: s_4.a, s_4.b, s_4.c, s_4.d
         ->  Sort  (cost=9941.82..10191.82 rows=100000 width=20)
               Sort Key: s_4.a, s_4.b, s_4.c, s_4.d
               ->  Seq Scan on s_4  (cost=0.00..1637.00 rows=100000 width=20)
(7 rows)

===== 245 [Wed Mar  7 02:02:31 CET 2018] scale:100000 groups:1000 work_mem:16MB incremental:off max_workers:0 =====
SELECT * FROM (SELECT * FROM s_1 ORDER BY a) foo ORDER BY a, b
                                  QUERY PLAN                                  
------------------------------------------------------------------------------
 Limit  (cost=20746.64..20746.64 rows=1 width=20)
   ->  Sort  (cost=19496.64..19746.64 rows=100000 width=20)
         Sort Key: s_1.a, s_1.b
         ->  Sort  (cost=9941.82..10191.82 rows=100000 width=20)
               Sort Key: s_1.a
               ->  Seq Scan on s_1  (cost=0.00..1637.00 rows=100000 width=20)
(6 rows)

===== 246 [Wed Mar  7 02:02:31 CET 2018] scale:100000 groups:1000 work_mem:16MB incremental:off max_workers:0 =====
SELECT * FROM (SELECT * FROM s_2 ORDER BY a, b) foo ORDER BY a, b, c
                                  QUERY PLAN                                  
------------------------------------------------------------------------------
 Limit  (cost=20746.64..20746.64 rows=1 width=20)
   ->  Sort  (cost=19496.64..19746.64 rows=100000 width=20)
         Sort Key: s_2.a, s_2.b, s_2.c
         ->  Sort  (cost=9941.82..10191.82 rows=100000 width=20)
               Sort Key: s_2.a, s_2.b
               ->  Seq Scan on s_2  (cost=0.00..1637.00 rows=100000 width=20)
(6 rows)

===== 247 [Wed Mar  7 02:02:31 CET 2018] scale:100000 groups:1000 work_mem:16MB incremental:off max_workers:0 =====
SELECT * FROM (SELECT * FROM s_3 ORDER BY a, b, c) foo ORDER BY a, b, c, d
                                  QUERY PLAN                                  
------------------------------------------------------------------------------
 Limit  (cost=20746.64..20746.64 rows=1 width=20)
   ->  Sort  (cost=19496.64..19746.64 rows=100000 width=20)
         Sort Key: s_3.a, s_3.b, s_3.c, s_3.d
         ->  Sort  (cost=9941.82..10191.82 rows=100000 width=20)
               Sort Key: s_3.a, s_3.b, s_3.c
               ->  Seq Scan on s_3  (cost=0.00..1637.00 rows=100000 width=20)
(6 rows)

===== 248 [Wed Mar  7 02:02:31 CET 2018] scale:100000 groups:1000 work_mem:16MB incremental:off max_workers:0 =====
SELECT * FROM (SELECT * FROM s_4 ORDER BY a, b, c, d) foo ORDER BY a, b, c, d, e
                                  QUERY PLAN                                  
------------------------------------------------------------------------------
 Limit  (cost=20746.64..20746.64 rows=1 width=20)
   ->  Sort  (cost=19496.64..19746.64 rows=100000 width=20)
         Sort Key: s_4.a, s_4.b, s_4.c, s_4.d, s_4.e
         ->  Sort  (cost=9941.82..10191.82 rows=100000 width=20)
               Sort Key: s_4.a, s_4.b, s_4.c, s_4.d
               ->  Seq Scan on s_4  (cost=0.00..1637.00 rows=100000 width=20)
(6 rows)

===== 249 [Wed Mar  7 02:02:32 CET 2018] scale:100000 groups:1000 work_mem:32MB incremental:on max_workers:0 =====
SELECT * FROM (SELECT * FROM s_1 ORDER BY a) foo ORDER BY a, b
                                  QUERY PLAN                                  
------------------------------------------------------------------------------
 Limit  (cost=17283.05..17283.05 rows=1 width=20)
   ->  Incremental Sort  (cost=9946.39..16283.05 rows=100000 width=20)
         Sort Key: s_1.a, s_1.b
         Presorted Key: s_1.a
         ->  Sort  (cost=9941.82..10191.82 rows=100000 width=20)
               Sort Key: s_1.a
               ->  Seq Scan on s_1  (cost=0.00..1637.00 rows=100000 width=20)
(7 rows)

===== 250 [Wed Mar  7 02:02:32 CET 2018] scale:100000 groups:1000 work_mem:32MB incremental:on max_workers:0 =====
SELECT * FROM (SELECT * FROM s_2 ORDER BY a, b) foo ORDER BY a, b, c
                                  QUERY PLAN                                  
------------------------------------------------------------------------------
 Limit  (cost=15802.78..15802.78 rows=1 width=20)
   ->  Incremental Sort  (cost=9942.11..14802.78 rows=100000 width=20)
         Sort Key: s_2.a, s_2.b, s_2.c
         Presorted Key: s_2.a, s_2.b
         ->  Sort  (cost=9941.82..10191.82 rows=100000 width=20)
               Sort Key: s_2.a, s_2.b
               ->  Seq Scan on s_2  (cost=0.00..1637.00 rows=100000 width=20)
(7 rows)

===== 251 [Wed Mar  7 02:02:32 CET 2018] scale:100000 groups:1000 work_mem:32MB incremental:on max_workers:0 =====
SELECT * FROM (SELECT * FROM s_3 ORDER BY a, b, c) foo ORDER BY a, b, c, d
                                  QUERY PLAN                                  
------------------------------------------------------------------------------
 Limit  (cost=15802.78..15802.78 rows=1 width=20)
   ->  Incremental Sort  (cost=9942.11..14802.78 rows=100000 width=20)
         Sort Key: s_3.a, s_3.b, s_3.c, s_3.d
         Presorted Key: s_3.a, s_3.b, s_3.c
         ->  Sort  (cost=9941.82..10191.82 rows=100000 width=20)
               Sort Key: s_3.a, s_3.b, s_3.c
               ->  Seq Scan on s_3  (cost=0.00..1637.00 rows=100000 width=20)
(7 rows)

===== 252 [Wed Mar  7 02:02:32 CET 2018] scale:100000 groups:1000 work_mem:32MB incremental:on max_workers:0 =====
SELECT * FROM (SELECT * FROM s_4 ORDER BY a, b, c, d) foo ORDER BY a, b, c, d, e
                                  QUERY PLAN                                  
------------------------------------------------------------------------------
 Limit  (cost=15802.78..15802.78 rows=1 width=20)
   ->  Incremental Sort  (cost=9942.11..14802.78 rows=100000 width=20)
         Sort Key: s_4.a, s_4.b, s_4.c, s_4.d, s_4.e
         Presorted Key: s_4.a, s_4.b, s_4.c, s_4.d
         ->  Sort  (cost=9941.82..10191.82 rows=100000 width=20)
               Sort Key: s_4.a, s_4.b, s_4.c, s_4.d
               ->  Seq Scan on s_4  (cost=0.00..1637.00 rows=100000 width=20)
(7 rows)

===== 253 [Wed Mar  7 02:02:33 CET 2018] scale:100000 groups:1000 work_mem:32MB incremental:off max_workers:0 =====
SELECT * FROM (SELECT * FROM s_1 ORDER BY a) foo ORDER BY a, b
                                  QUERY PLAN                                  
------------------------------------------------------------------------------
 Limit  (cost=20746.64..20746.64 rows=1 width=20)
   ->  Sort  (cost=19496.64..19746.64 rows=100000 width=20)
         Sort Key: s_1.a, s_1.b
         ->  Sort  (cost=9941.82..10191.82 rows=100000 width=20)
               Sort Key: s_1.a
               ->  Seq Scan on s_1  (cost=0.00..1637.00 rows=100000 width=20)
(6 rows)

===== 254 [Wed Mar  7 02:02:33 CET 2018] scale:100000 groups:1000 work_mem:32MB incremental:off max_workers:0 =====
SELECT * FROM (SELECT * FROM s_2 ORDER BY a, b) foo ORDER BY a, b, c
                                  QUERY PLAN                                  
------------------------------------------------------------------------------
 Limit  (cost=20746.64..20746.64 rows=1 width=20)
   ->  Sort  (cost=19496.64..19746.64 rows=100000 width=20)
         Sort Key: s_2.a, s_2.b, s_2.c
         ->  Sort  (cost=9941.82..10191.82 rows=100000 width=20)
               Sort Key: s_2.a, s_2.b
               ->  Seq Scan on s_2  (cost=0.00..1637.00 rows=100000 width=20)
(6 rows)

===== 255 [Wed Mar  7 02:02:33 CET 2018] scale:100000 groups:1000 work_mem:32MB incremental:off max_workers:0 =====
SELECT * FROM (SELECT * FROM s_3 ORDER BY a, b, c) foo ORDER BY a, b, c, d
                                  QUERY PLAN                                  
------------------------------------------------------------------------------
 Limit  (cost=20746.64..20746.64 rows=1 width=20)
   ->  Sort  (cost=19496.64..19746.64 rows=100000 width=20)
         Sort Key: s_3.a, s_3.b, s_3.c, s_3.d
         ->  Sort  (cost=9941.82..10191.82 rows=100000 width=20)
               Sort Key: s_3.a, s_3.b, s_3.c
               ->  Seq Scan on s_3  (cost=0.00..1637.00 rows=100000 width=20)
(6 rows)

===== 256 [Wed Mar  7 02:02:34 CET 2018] scale:100000 groups:1000 work_mem:32MB incremental:off max_workers:0 =====
SELECT * FROM (SELECT * FROM s_4 ORDER BY a, b, c, d) foo ORDER BY a, b, c, d, e
                                  QUERY PLAN                                  
------------------------------------------------------------------------------
 Limit  (cost=20746.64..20746.64 rows=1 width=20)
   ->  Sort  (cost=19496.64..19746.64 rows=100000 width=20)
         Sort Key: s_4.a, s_4.b, s_4.c, s_4.d, s_4.e
         ->  Sort  (cost=9941.82..10191.82 rows=100000 width=20)
               Sort Key: s_4.a, s_4.b, s_4.c, s_4.d
               ->  Seq Scan on s_4  (cost=0.00..1637.00 rows=100000 width=20)
(6 rows)

===== 257 [Wed Mar  7 02:02:34 CET 2018] scale:100000 groups:1000 work_mem:64MB incremental:on max_workers:0 =====
SELECT * FROM (SELECT * FROM s_1 ORDER BY a) foo ORDER BY a, b
                                  QUERY PLAN                                  
------------------------------------------------------------------------------
 Limit  (cost=17283.05..17283.05 rows=1 width=20)
   ->  Incremental Sort  (cost=9946.39..16283.05 rows=100000 width=20)
         Sort Key: s_1.a, s_1.b
         Presorted Key: s_1.a
         ->  Sort  (cost=9941.82..10191.82 rows=100000 width=20)
               Sort Key: s_1.a
               ->  Seq Scan on s_1  (cost=0.00..1637.00 rows=100000 width=20)
(7 rows)

===== 258 [Wed Mar  7 02:02:34 CET 2018] scale:100000 groups:1000 work_mem:64MB incremental:on max_workers:0 =====
SELECT * FROM (SELECT * FROM s_2 ORDER BY a, b) foo ORDER BY a, b, c
                                  QUERY PLAN                                  
------------------------------------------------------------------------------
 Limit  (cost=15802.78..15802.78 rows=1 width=20)
   ->  Incremental Sort  (cost=9942.11..14802.78 rows=100000 width=20)
         Sort Key: s_2.a, s_2.b, s_2.c
         Presorted Key: s_2.a, s_2.b
         ->  Sort  (cost=9941.82..10191.82 rows=100000 width=20)
               Sort Key: s_2.a, s_2.b
               ->  Seq Scan on s_2  (cost=0.00..1637.00 rows=100000 width=20)
(7 rows)

===== 259 [Wed Mar  7 02:02:34 CET 2018] scale:100000 groups:1000 work_mem:64MB incremental:on max_workers:0 =====
SELECT * FROM (SELECT * FROM s_3 ORDER BY a, b, c) foo ORDER BY a, b, c, d
                                  QUERY PLAN                                  
------------------------------------------------------------------------------
 Limit  (cost=15802.78..15802.78 rows=1 width=20)
   ->  Incremental Sort  (cost=9942.11..14802.78 rows=100000 width=20)
         Sort Key: s_3.a, s_3.b, s_3.c, s_3.d
         Presorted Key: s_3.a, s_3.b, s_3.c
         ->  Sort  (cost=9941.82..10191.82 rows=100000 width=20)
               Sort Key: s_3.a, s_3.b, s_3.c
               ->  Seq Scan on s_3  (cost=0.00..1637.00 rows=100000 width=20)
(7 rows)

===== 260 [Wed Mar  7 02:02:35 CET 2018] scale:100000 groups:1000 work_mem:64MB incremental:on max_workers:0 =====
SELECT * FROM (SELECT * FROM s_4 ORDER BY a, b, c, d) foo ORDER BY a, b, c, d, e
                                  QUERY PLAN                                  
------------------------------------------------------------------------------
 Limit  (cost=15802.78..15802.78 rows=1 width=20)
   ->  Incremental Sort  (cost=9942.11..14802.78 rows=100000 width=20)
         Sort Key: s_4.a, s_4.b, s_4.c, s_4.d, s_4.e
         Presorted Key: s_4.a, s_4.b, s_4.c, s_4.d
         ->  Sort  (cost=9941.82..10191.82 rows=100000 width=20)
               Sort Key: s_4.a, s_4.b, s_4.c, s_4.d
               ->  Seq Scan on s_4  (cost=0.00..1637.00 rows=100000 width=20)
(7 rows)

===== 261 [Wed Mar  7 02:02:35 CET 2018] scale:100000 groups:1000 work_mem:64MB incremental:off max_workers:0 =====
SELECT * FROM (SELECT * FROM s_1 ORDER BY a) foo ORDER BY a, b
                                  QUERY PLAN                                  
------------------------------------------------------------------------------
 Limit  (cost=20746.64..20746.64 rows=1 width=20)
   ->  Sort  (cost=19496.64..19746.64 rows=100000 width=20)
         Sort Key: s_1.a, s_1.b
         ->  Sort  (cost=9941.82..10191.82 rows=100000 width=20)
               Sort Key: s_1.a
               ->  Seq Scan on s_1  (cost=0.00..1637.00 rows=100000 width=20)
(6 rows)

===== 262 [Wed Mar  7 02:02:35 CET 2018] scale:100000 groups:1000 work_mem:64MB incremental:off max_workers:0 =====
SELECT * FROM (SELECT * FROM s_2 ORDER BY a, b) foo ORDER BY a, b, c
                                  QUERY PLAN                                  
------------------------------------------------------------------------------
 Limit  (cost=20746.64..20746.64 rows=1 width=20)
   ->  Sort  (cost=19496.64..19746.64 rows=100000 width=20)
         Sort Key: s_2.a, s_2.b, s_2.c
         ->  Sort  (cost=9941.82..10191.82 rows=100000 width=20)
               Sort Key: s_2.a, s_2.b
               ->  Seq Scan on s_2  (cost=0.00..1637.00 rows=100000 width=20)
(6 rows)

===== 263 [Wed Mar  7 02:02:36 CET 2018] scale:100000 groups:1000 work_mem:64MB incremental:off max_workers:0 =====
SELECT * FROM (SELECT * FROM s_3 ORDER BY a, b, c) foo ORDER BY a, b, c, d
                                  QUERY PLAN                                  
------------------------------------------------------------------------------
 Limit  (cost=20746.64..20746.64 rows=1 width=20)
   ->  Sort  (cost=19496.64..19746.64 rows=100000 width=20)
         Sort Key: s_3.a, s_3.b, s_3.c, s_3.d
         ->  Sort  (cost=9941.82..10191.82 rows=100000 width=20)
               Sort Key: s_3.a, s_3.b, s_3.c
               ->  Seq Scan on s_3  (cost=0.00..1637.00 rows=100000 width=20)
(6 rows)

===== 264 [Wed Mar  7 02:02:36 CET 2018] scale:100000 groups:1000 work_mem:64MB incremental:off max_workers:0 =====
SELECT * FROM (SELECT * FROM s_4 ORDER BY a, b, c, d) foo ORDER BY a, b, c, d, e
                                  QUERY PLAN                                  
------------------------------------------------------------------------------
 Limit  (cost=20746.64..20746.64 rows=1 width=20)
   ->  Sort  (cost=19496.64..19746.64 rows=100000 width=20)
         Sort Key: s_4.a, s_4.b, s_4.c, s_4.d, s_4.e
         ->  Sort  (cost=9941.82..10191.82 rows=100000 width=20)
               Sort Key: s_4.a, s_4.b, s_4.c, s_4.d
               ->  Seq Scan on s_4  (cost=0.00..1637.00 rows=100000 width=20)
(6 rows)

===== 265 [Wed Mar  7 02:02:36 CET 2018] scale:100000 groups:1000 work_mem:128MB incremental:on max_workers:0 =====
SELECT * FROM (SELECT * FROM s_1 ORDER BY a) foo ORDER BY a, b
                                  QUERY PLAN                                  
------------------------------------------------------------------------------
 Limit  (cost=17283.05..17283.05 rows=1 width=20)
   ->  Incremental Sort  (cost=9946.39..16283.05 rows=100000 width=20)
         Sort Key: s_1.a, s_1.b
         Presorted Key: s_1.a
         ->  Sort  (cost=9941.82..10191.82 rows=100000 width=20)
               Sort Key: s_1.a
               ->  Seq Scan on s_1  (cost=0.00..1637.00 rows=100000 width=20)
(7 rows)

===== 266 [Wed Mar  7 02:02:36 CET 2018] scale:100000 groups:1000 work_mem:128MB incremental:on max_workers:0 =====
SELECT * FROM (SELECT * FROM s_2 ORDER BY a, b) foo ORDER BY a, b, c
                                  QUERY PLAN                                  
------------------------------------------------------------------------------
 Limit  (cost=15802.78..15802.78 rows=1 width=20)
   ->  Incremental Sort  (cost=9942.11..14802.78 rows=100000 width=20)
         Sort Key: s_2.a, s_2.b, s_2.c
         Presorted Key: s_2.a, s_2.b
         ->  Sort  (cost=9941.82..10191.82 rows=100000 width=20)
               Sort Key: s_2.a, s_2.b
               ->  Seq Scan on s_2  (cost=0.00..1637.00 rows=100000 width=20)
(7 rows)

===== 267 [Wed Mar  7 02:02:37 CET 2018] scale:100000 groups:1000 work_mem:128MB incremental:on max_workers:0 =====
SELECT * FROM (SELECT * FROM s_3 ORDER BY a, b, c) foo ORDER BY a, b, c, d
                                  QUERY PLAN                                  
------------------------------------------------------------------------------
 Limit  (cost=15802.78..15802.78 rows=1 width=20)
   ->  Incremental Sort  (cost=9942.11..14802.78 rows=100000 width=20)
         Sort Key: s_3.a, s_3.b, s_3.c, s_3.d
         Presorted Key: s_3.a, s_3.b, s_3.c
         ->  Sort  (cost=9941.82..10191.82 rows=100000 width=20)
               Sort Key: s_3.a, s_3.b, s_3.c
               ->  Seq Scan on s_3  (cost=0.00..1637.00 rows=100000 width=20)
(7 rows)

===== 268 [Wed Mar  7 02:02:37 CET 2018] scale:100000 groups:1000 work_mem:128MB incremental:on max_workers:0 =====
SELECT * FROM (SELECT * FROM s_4 ORDER BY a, b, c, d) foo ORDER BY a, b, c, d, e
                                  QUERY PLAN                                  
------------------------------------------------------------------------------
 Limit  (cost=15802.78..15802.78 rows=1 width=20)
   ->  Incremental Sort  (cost=9942.11..14802.78 rows=100000 width=20)
         Sort Key: s_4.a, s_4.b, s_4.c, s_4.d, s_4.e
         Presorted Key: s_4.a, s_4.b, s_4.c, s_4.d
         ->  Sort  (cost=9941.82..10191.82 rows=100000 width=20)
               Sort Key: s_4.a, s_4.b, s_4.c, s_4.d
               ->  Seq Scan on s_4  (cost=0.00..1637.00 rows=100000 width=20)
(7 rows)

===== 269 [Wed Mar  7 02:02:37 CET 2018] scale:100000 groups:1000 work_mem:128MB incremental:off max_workers:0 =====
SELECT * FROM (SELECT * FROM s_1 ORDER BY a) foo ORDER BY a, b
                                  QUERY PLAN                                  
------------------------------------------------------------------------------
 Limit  (cost=20746.64..20746.64 rows=1 width=20)
   ->  Sort  (cost=19496.64..19746.64 rows=100000 width=20)
         Sort Key: s_1.a, s_1.b
         ->  Sort  (cost=9941.82..10191.82 rows=100000 width=20)
               Sort Key: s_1.a
               ->  Seq Scan on s_1  (cost=0.00..1637.00 rows=100000 width=20)
(6 rows)

===== 270 [Wed Mar  7 02:02:37 CET 2018] scale:100000 groups:1000 work_mem:128MB incremental:off max_workers:0 =====
SELECT * FROM (SELECT * FROM s_2 ORDER BY a, b) foo ORDER BY a, b, c
                                  QUERY PLAN                                  
------------------------------------------------------------------------------
 Limit  (cost=20746.64..20746.64 rows=1 width=20)
   ->  Sort  (cost=19496.64..19746.64 rows=100000 width=20)
         Sort Key: s_2.a, s_2.b, s_2.c
         ->  Sort  (cost=9941.82..10191.82 rows=100000 width=20)
               Sort Key: s_2.a, s_2.b
               ->  Seq Scan on s_2  (cost=0.00..1637.00 rows=100000 width=20)
(6 rows)

===== 271 [Wed Mar  7 02:02:38 CET 2018] scale:100000 groups:1000 work_mem:128MB incremental:off max_workers:0 =====
SELECT * FROM (SELECT * FROM s_3 ORDER BY a, b, c) foo ORDER BY a, b, c, d
                                  QUERY PLAN                                  
------------------------------------------------------------------------------
 Limit  (cost=20746.64..20746.64 rows=1 width=20)
   ->  Sort  (cost=19496.64..19746.64 rows=100000 width=20)
         Sort Key: s_3.a, s_3.b, s_3.c, s_3.d
         ->  Sort  (cost=9941.82..10191.82 rows=100000 width=20)
               Sort Key: s_3.a, s_3.b, s_3.c
               ->  Seq Scan on s_3  (cost=0.00..1637.00 rows=100000 width=20)
(6 rows)

===== 272 [Wed Mar  7 02:02:38 CET 2018] scale:100000 groups:1000 work_mem:128MB incremental:off max_workers:0 =====
SELECT * FROM (SELECT * FROM s_4 ORDER BY a, b, c, d) foo ORDER BY a, b, c, d, e
                                  QUERY PLAN                                  
------------------------------------------------------------------------------
 Limit  (cost=20746.64..20746.64 rows=1 width=20)
   ->  Sort  (cost=19496.64..19746.64 rows=100000 width=20)
         Sort Key: s_4.a, s_4.b, s_4.c, s_4.d, s_4.e
         ->  Sort  (cost=9941.82..10191.82 rows=100000 width=20)
               Sort Key: s_4.a, s_4.b, s_4.c, s_4.d
               ->  Seq Scan on s_4  (cost=0.00..1637.00 rows=100000 width=20)
(6 rows)

===== 273 [Wed Mar  7 02:02:38 CET 2018] scale:100000 groups:1000 work_mem:256MB incremental:on max_workers:0 =====
SELECT * FROM (SELECT * FROM s_1 ORDER BY a) foo ORDER BY a, b
                                  QUERY PLAN                                  
------------------------------------------------------------------------------
 Limit  (cost=17283.05..17283.05 rows=1 width=20)
   ->  Incremental Sort  (cost=9946.39..16283.05 rows=100000 width=20)
         Sort Key: s_1.a, s_1.b
         Presorted Key: s_1.a
         ->  Sort  (cost=9941.82..10191.82 rows=100000 width=20)
               Sort Key: s_1.a
               ->  Seq Scan on s_1  (cost=0.00..1637.00 rows=100000 width=20)
(7 rows)

===== 274 [Wed Mar  7 02:02:39 CET 2018] scale:100000 groups:1000 work_mem:256MB incremental:on max_workers:0 =====
SELECT * FROM (SELECT * FROM s_2 ORDER BY a, b) foo ORDER BY a, b, c
                                  QUERY PLAN                                  
------------------------------------------------------------------------------
 Limit  (cost=15802.78..15802.78 rows=1 width=20)
   ->  Incremental Sort  (cost=9942.11..14802.78 rows=100000 width=20)
         Sort Key: s_2.a, s_2.b, s_2.c
         Presorted Key: s_2.a, s_2.b
         ->  Sort  (cost=9941.82..10191.82 rows=100000 width=20)
               Sort Key: s_2.a, s_2.b
               ->  Seq Scan on s_2  (cost=0.00..1637.00 rows=100000 width=20)
(7 rows)

===== 275 [Wed Mar  7 02:02:39 CET 2018] scale:100000 groups:1000 work_mem:256MB incremental:on max_workers:0 =====
SELECT * FROM (SELECT * FROM s_3 ORDER BY a, b, c) foo ORDER BY a, b, c, d
                                  QUERY PLAN                                  
------------------------------------------------------------------------------
 Limit  (cost=15802.78..15802.78 rows=1 width=20)
   ->  Incremental Sort  (cost=9942.11..14802.78 rows=100000 width=20)
         Sort Key: s_3.a, s_3.b, s_3.c, s_3.d
         Presorted Key: s_3.a, s_3.b, s_3.c
         ->  Sort  (cost=9941.82..10191.82 rows=100000 width=20)
               Sort Key: s_3.a, s_3.b, s_3.c
               ->  Seq Scan on s_3  (cost=0.00..1637.00 rows=100000 width=20)
(7 rows)

===== 276 [Wed Mar  7 02:02:39 CET 2018] scale:100000 groups:1000 work_mem:256MB incremental:on max_workers:0 =====
SELECT * FROM (SELECT * FROM s_4 ORDER BY a, b, c, d) foo ORDER BY a, b, c, d, e
                                  QUERY PLAN                                  
------------------------------------------------------------------------------
 Limit  (cost=15802.78..15802.78 rows=1 width=20)
   ->  Incremental Sort  (cost=9942.11..14802.78 rows=100000 width=20)
         Sort Key: s_4.a, s_4.b, s_4.c, s_4.d, s_4.e
         Presorted Key: s_4.a, s_4.b, s_4.c, s_4.d
         ->  Sort  (cost=9941.82..10191.82 rows=100000 width=20)
               Sort Key: s_4.a, s_4.b, s_4.c, s_4.d
               ->  Seq Scan on s_4  (cost=0.00..1637.00 rows=100000 width=20)
(7 rows)

===== 277 [Wed Mar  7 02:02:39 CET 2018] scale:100000 groups:1000 work_mem:256MB incremental:off max_workers:0 =====
SELECT * FROM (SELECT * FROM s_1 ORDER BY a) foo ORDER BY a, b
                                  QUERY PLAN                                  
------------------------------------------------------------------------------
 Limit  (cost=20746.64..20746.64 rows=1 width=20)
   ->  Sort  (cost=19496.64..19746.64 rows=100000 width=20)
         Sort Key: s_1.a, s_1.b
         ->  Sort  (cost=9941.82..10191.82 rows=100000 width=20)
               Sort Key: s_1.a
               ->  Seq Scan on s_1  (cost=0.00..1637.00 rows=100000 width=20)
(6 rows)

===== 278 [Wed Mar  7 02:02:40 CET 2018] scale:100000 groups:1000 work_mem:256MB incremental:off max_workers:0 =====
SELECT * FROM (SELECT * FROM s_2 ORDER BY a, b) foo ORDER BY a, b, c
                                  QUERY PLAN                                  
------------------------------------------------------------------------------
 Limit  (cost=20746.64..20746.64 rows=1 width=20)
   ->  Sort  (cost=19496.64..19746.64 rows=100000 width=20)
         Sort Key: s_2.a, s_2.b, s_2.c
         ->  Sort  (cost=9941.82..10191.82 rows=100000 width=20)
               Sort Key: s_2.a, s_2.b
               ->  Seq Scan on s_2  (cost=0.00..1637.00 rows=100000 width=20)
(6 rows)

===== 279 [Wed Mar  7 02:02:40 CET 2018] scale:100000 groups:1000 work_mem:256MB incremental:off max_workers:0 =====
SELECT * FROM (SELECT * FROM s_3 ORDER BY a, b, c) foo ORDER BY a, b, c, d
                                  QUERY PLAN                                  
------------------------------------------------------------------------------
 Limit  (cost=20746.64..20746.64 rows=1 width=20)
   ->  Sort  (cost=19496.64..19746.64 rows=100000 width=20)
         Sort Key: s_3.a, s_3.b, s_3.c, s_3.d
         ->  Sort  (cost=9941.82..10191.82 rows=100000 width=20)
               Sort Key: s_3.a, s_3.b, s_3.c
               ->  Seq Scan on s_3  (cost=0.00..1637.00 rows=100000 width=20)
(6 rows)

===== 280 [Wed Mar  7 02:02:40 CET 2018] scale:100000 groups:1000 work_mem:256MB incremental:off max_workers:0 =====
SELECT * FROM (SELECT * FROM s_4 ORDER BY a, b, c, d) foo ORDER BY a, b, c, d, e
                                  QUERY PLAN                                  
------------------------------------------------------------------------------
 Limit  (cost=20746.64..20746.64 rows=1 width=20)
   ->  Sort  (cost=19496.64..19746.64 rows=100000 width=20)
         Sort Key: s_4.a, s_4.b, s_4.c, s_4.d, s_4.e
         ->  Sort  (cost=9941.82..10191.82 rows=100000 width=20)
               Sort Key: s_4.a, s_4.b, s_4.c, s_4.d
               ->  Seq Scan on s_4  (cost=0.00..1637.00 rows=100000 width=20)
(6 rows)

===== 281 [Wed Mar  7 02:02:40 CET 2018] scale:100000 groups:1000 work_mem:4MB incremental:on max_workers:2 =====
SELECT * FROM (SELECT * FROM s_1 ORDER BY a) foo ORDER BY a, b
                                  QUERY PLAN                                  
------------------------------------------------------------------------------
 Limit  (cost=19334.05..19334.05 rows=1 width=20)
   ->  Incremental Sort  (cost=11997.39..18334.05 rows=100000 width=20)
         Sort Key: s_1.a, s_1.b
         Presorted Key: s_1.a
         ->  Sort  (cost=11992.82..12242.82 rows=100000 width=20)
               Sort Key: s_1.a
               ->  Seq Scan on s_1  (cost=0.00..1637.00 rows=100000 width=20)
(7 rows)

===== 282 [Wed Mar  7 02:02:41 CET 2018] scale:100000 groups:1000 work_mem:4MB incremental:on max_workers:2 =====
SELECT * FROM (SELECT * FROM s_2 ORDER BY a, b) foo ORDER BY a, b, c
                                  QUERY PLAN                                  
------------------------------------------------------------------------------
 Limit  (cost=17853.78..17853.78 rows=1 width=20)
   ->  Incremental Sort  (cost=11993.11..16853.78 rows=100000 width=20)
         Sort Key: s_2.a, s_2.b, s_2.c
         Presorted Key: s_2.a, s_2.b
         ->  Sort  (cost=11992.82..12242.82 rows=100000 width=20)
               Sort Key: s_2.a, s_2.b
               ->  Seq Scan on s_2  (cost=0.00..1637.00 rows=100000 width=20)
(7 rows)

===== 283 [Wed Mar  7 02:02:41 CET 2018] scale:100000 groups:1000 work_mem:4MB incremental:on max_workers:2 =====
SELECT * FROM (SELECT * FROM s_3 ORDER BY a, b, c) foo ORDER BY a, b, c, d
                                  QUERY PLAN                                  
------------------------------------------------------------------------------
 Limit  (cost=17853.78..17853.78 rows=1 width=20)
   ->  Incremental Sort  (cost=11993.11..16853.78 rows=100000 width=20)
         Sort Key: s_3.a, s_3.b, s_3.c, s_3.d
         Presorted Key: s_3.a, s_3.b, s_3.c
         ->  Sort  (cost=11992.82..12242.82 rows=100000 width=20)
               Sort Key: s_3.a, s_3.b, s_3.c
               ->  Seq Scan on s_3  (cost=0.00..1637.00 rows=100000 width=20)
(7 rows)

===== 284 [Wed Mar  7 02:02:41 CET 2018] scale:100000 groups:1000 work_mem:4MB incremental:on max_workers:2 =====
SELECT * FROM (SELECT * FROM s_4 ORDER BY a, b, c, d) foo ORDER BY a, b, c, d, e
                                  QUERY PLAN                                  
------------------------------------------------------------------------------
 Limit  (cost=17853.78..17853.78 rows=1 width=20)
   ->  Incremental Sort  (cost=11993.11..16853.78 rows=100000 width=20)
         Sort Key: s_4.a, s_4.b, s_4.c, s_4.d, s_4.e
         Presorted Key: s_4.a, s_4.b, s_4.c, s_4.d
         ->  Sort  (cost=11992.82..12242.82 rows=100000 width=20)
               Sort Key: s_4.a, s_4.b, s_4.c, s_4.d
               ->  Seq Scan on s_4  (cost=0.00..1637.00 rows=100000 width=20)
(7 rows)

===== 285 [Wed Mar  7 02:02:42 CET 2018] scale:100000 groups:1000 work_mem:4MB incremental:off max_workers:2 =====
SELECT * FROM (SELECT * FROM s_1 ORDER BY a) foo ORDER BY a, b
                                  QUERY PLAN                                  
------------------------------------------------------------------------------
 Limit  (cost=24848.64..24848.64 rows=1 width=20)
   ->  Sort  (cost=23598.64..23848.64 rows=100000 width=20)
         Sort Key: s_1.a, s_1.b
         ->  Sort  (cost=11992.82..12242.82 rows=100000 width=20)
               Sort Key: s_1.a
               ->  Seq Scan on s_1  (cost=0.00..1637.00 rows=100000 width=20)
(6 rows)

===== 286 [Wed Mar  7 02:02:42 CET 2018] scale:100000 groups:1000 work_mem:4MB incremental:off max_workers:2 =====
SELECT * FROM (SELECT * FROM s_2 ORDER BY a, b) foo ORDER BY a, b, c
                                  QUERY PLAN                                  
------------------------------------------------------------------------------
 Limit  (cost=24848.64..24848.64 rows=1 width=20)
   ->  Sort  (cost=23598.64..23848.64 rows=100000 width=20)
         Sort Key: s_2.a, s_2.b, s_2.c
         ->  Sort  (cost=11992.82..12242.82 rows=100000 width=20)
               Sort Key: s_2.a, s_2.b
               ->  Seq Scan on s_2  (cost=0.00..1637.00 rows=100000 width=20)
(6 rows)

===== 287 [Wed Mar  7 02:02:42 CET 2018] scale:100000 groups:1000 work_mem:4MB incremental:off max_workers:2 =====
SELECT * FROM (SELECT * FROM s_3 ORDER BY a, b, c) foo ORDER BY a, b, c, d
                                  QUERY PLAN                                  
------------------------------------------------------------------------------
 Limit  (cost=24848.64..24848.64 rows=1 width=20)
   ->  Sort  (cost=23598.64..23848.64 rows=100000 width=20)
         Sort Key: s_3.a, s_3.b, s_3.c, s_3.d
         ->  Sort  (cost=11992.82..12242.82 rows=100000 width=20)
               Sort Key: s_3.a, s_3.b, s_3.c
               ->  Seq Scan on s_3  (cost=0.00..1637.00 rows=100000 width=20)
(6 rows)

===== 288 [Wed Mar  7 02:02:43 CET 2018] scale:100000 groups:1000 work_mem:4MB incremental:off max_workers:2 =====
SELECT * FROM (SELECT * FROM s_4 ORDER BY a, b, c, d) foo ORDER BY a, b, c, d, e
                                  QUERY PLAN                                  
------------------------------------------------------------------------------
 Limit  (cost=24848.64..24848.64 rows=1 width=20)
   ->  Sort  (cost=23598.64..23848.64 rows=100000 width=20)
         Sort Key: s_4.a, s_4.b, s_4.c, s_4.d, s_4.e
         ->  Sort  (cost=11992.82..12242.82 rows=100000 width=20)
               Sort Key: s_4.a, s_4.b, s_4.c, s_4.d
               ->  Seq Scan on s_4  (cost=0.00..1637.00 rows=100000 width=20)
(6 rows)

===== 289 [Wed Mar  7 02:02:43 CET 2018] scale:100000 groups:1000 work_mem:8MB incremental:on max_workers:2 =====
SELECT * FROM (SELECT * FROM s_1 ORDER BY a) foo ORDER BY a, b
                                  QUERY PLAN                                  
------------------------------------------------------------------------------
 Limit  (cost=17283.05..17283.05 rows=1 width=20)
   ->  Incremental Sort  (cost=9946.39..16283.05 rows=100000 width=20)
         Sort Key: s_1.a, s_1.b
         Presorted Key: s_1.a
         ->  Sort  (cost=9941.82..10191.82 rows=100000 width=20)
               Sort Key: s_1.a
               ->  Seq Scan on s_1  (cost=0.00..1637.00 rows=100000 width=20)
(7 rows)

===== 290 [Wed Mar  7 02:02:43 CET 2018] scale:100000 groups:1000 work_mem:8MB incremental:on max_workers:2 =====
SELECT * FROM (SELECT * FROM s_2 ORDER BY a, b) foo ORDER BY a, b, c
                                  QUERY PLAN                                  
------------------------------------------------------------------------------
 Limit  (cost=15802.78..15802.78 rows=1 width=20)
   ->  Incremental Sort  (cost=9942.11..14802.78 rows=100000 width=20)
         Sort Key: s_2.a, s_2.b, s_2.c
         Presorted Key: s_2.a, s_2.b
         ->  Sort  (cost=9941.82..10191.82 rows=100000 width=20)
               Sort Key: s_2.a, s_2.b
               ->  Seq Scan on s_2  (cost=0.00..1637.00 rows=100000 width=20)
(7 rows)

===== 291 [Wed Mar  7 02:02:44 CET 2018] scale:100000 groups:1000 work_mem:8MB incremental:on max_workers:2 =====
SELECT * FROM (SELECT * FROM s_3 ORDER BY a, b, c) foo ORDER BY a, b, c, d
                                  QUERY PLAN                                  
------------------------------------------------------------------------------
 Limit  (cost=15802.78..15802.78 rows=1 width=20)
   ->  Incremental Sort  (cost=9942.11..14802.78 rows=100000 width=20)
         Sort Key: s_3.a, s_3.b, s_3.c, s_3.d
         Presorted Key: s_3.a, s_3.b, s_3.c
         ->  Sort  (cost=9941.82..10191.82 rows=100000 width=20)
               Sort Key: s_3.a, s_3.b, s_3.c
               ->  Seq Scan on s_3  (cost=0.00..1637.00 rows=100000 width=20)
(7 rows)

===== 292 [Wed Mar  7 02:02:44 CET 2018] scale:100000 groups:1000 work_mem:8MB incremental:on max_workers:2 =====
SELECT * FROM (SELECT * FROM s_4 ORDER BY a, b, c, d) foo ORDER BY a, b, c, d, e
                                  QUERY PLAN                                  
------------------------------------------------------------------------------
 Limit  (cost=15802.78..15802.78 rows=1 width=20)
   ->  Incremental Sort  (cost=9942.11..14802.78 rows=100000 width=20)
         Sort Key: s_4.a, s_4.b, s_4.c, s_4.d, s_4.e
         Presorted Key: s_4.a, s_4.b, s_4.c, s_4.d
         ->  Sort  (cost=9941.82..10191.82 rows=100000 width=20)
               Sort Key: s_4.a, s_4.b, s_4.c, s_4.d
               ->  Seq Scan on s_4  (cost=0.00..1637.00 rows=100000 width=20)
(7 rows)

===== 293 [Wed Mar  7 02:02:44 CET 2018] scale:100000 groups:1000 work_mem:8MB incremental:off max_workers:2 =====
SELECT * FROM (SELECT * FROM s_1 ORDER BY a) foo ORDER BY a, b
                                  QUERY PLAN                                  
------------------------------------------------------------------------------
 Limit  (cost=20746.64..20746.64 rows=1 width=20)
   ->  Sort  (cost=19496.64..19746.64 rows=100000 width=20)
         Sort Key: s_1.a, s_1.b
         ->  Sort  (cost=9941.82..10191.82 rows=100000 width=20)
               Sort Key: s_1.a
               ->  Seq Scan on s_1  (cost=0.00..1637.00 rows=100000 width=20)
(6 rows)

===== 294 [Wed Mar  7 02:02:45 CET 2018] scale:100000 groups:1000 work_mem:8MB incremental:off max_workers:2 =====
SELECT * FROM (SELECT * FROM s_2 ORDER BY a, b) foo ORDER BY a, b, c
                                  QUERY PLAN                                  
------------------------------------------------------------------------------
 Limit  (cost=20746.64..20746.64 rows=1 width=20)
   ->  Sort  (cost=19496.64..19746.64 rows=100000 width=20)
         Sort Key: s_2.a, s_2.b, s_2.c
         ->  Sort  (cost=9941.82..10191.82 rows=100000 width=20)
               Sort Key: s_2.a, s_2.b
               ->  Seq Scan on s_2  (cost=0.00..1637.00 rows=100000 width=20)
(6 rows)

===== 295 [Wed Mar  7 02:02:45 CET 2018] scale:100000 groups:1000 work_mem:8MB incremental:off max_workers:2 =====
SELECT * FROM (SELECT * FROM s_3 ORDER BY a, b, c) foo ORDER BY a, b, c, d
                                  QUERY PLAN                                  
------------------------------------------------------------------------------
 Limit  (cost=20746.64..20746.64 rows=1 width=20)
   ->  Sort  (cost=19496.64..19746.64 rows=100000 width=20)
         Sort Key: s_3.a, s_3.b, s_3.c, s_3.d
         ->  Sort  (cost=9941.82..10191.82 rows=100000 width=20)
               Sort Key: s_3.a, s_3.b, s_3.c
               ->  Seq Scan on s_3  (cost=0.00..1637.00 rows=100000 width=20)
(6 rows)

===== 296 [Wed Mar  7 02:02:46 CET 2018] scale:100000 groups:1000 work_mem:8MB incremental:off max_workers:2 =====
SELECT * FROM (SELECT * FROM s_4 ORDER BY a, b, c, d) foo ORDER BY a, b, c, d, e
                                  QUERY PLAN                                  
------------------------------------------------------------------------------
 Limit  (cost=20746.64..20746.64 rows=1 width=20)
   ->  Sort  (cost=19496.64..19746.64 rows=100000 width=20)
         Sort Key: s_4.a, s_4.b, s_4.c, s_4.d, s_4.e
         ->  Sort  (cost=9941.82..10191.82 rows=100000 width=20)
               Sort Key: s_4.a, s_4.b, s_4.c, s_4.d
               ->  Seq Scan on s_4  (cost=0.00..1637.00 rows=100000 width=20)
(6 rows)

===== 297 [Wed Mar  7 02:02:46 CET 2018] scale:100000 groups:1000 work_mem:16MB incremental:on max_workers:2 =====
SELECT * FROM (SELECT * FROM s_1 ORDER BY a) foo ORDER BY a, b
                                  QUERY PLAN                                  
------------------------------------------------------------------------------
 Limit  (cost=17283.05..17283.05 rows=1 width=20)
   ->  Incremental Sort  (cost=9946.39..16283.05 rows=100000 width=20)
         Sort Key: s_1.a, s_1.b
         Presorted Key: s_1.a
         ->  Sort  (cost=9941.82..10191.82 rows=100000 width=20)
               Sort Key: s_1.a
               ->  Seq Scan on s_1  (cost=0.00..1637.00 rows=100000 width=20)
(7 rows)

===== 298 [Wed Mar  7 02:02:46 CET 2018] scale:100000 groups:1000 work_mem:16MB incremental:on max_workers:2 =====
SELECT * FROM (SELECT * FROM s_2 ORDER BY a, b) foo ORDER BY a, b, c
                                  QUERY PLAN                                  
------------------------------------------------------------------------------
 Limit  (cost=15802.78..15802.78 rows=1 width=20)
   ->  Incremental Sort  (cost=9942.11..14802.78 rows=100000 width=20)
         Sort Key: s_2.a, s_2.b, s_2.c
         Presorted Key: s_2.a, s_2.b
         ->  Sort  (cost=9941.82..10191.82 rows=100000 width=20)
               Sort Key: s_2.a, s_2.b
               ->  Seq Scan on s_2  (cost=0.00..1637.00 rows=100000 width=20)
(7 rows)

===== 299 [Wed Mar  7 02:02:47 CET 2018] scale:100000 groups:1000 work_mem:16MB incremental:on max_workers:2 =====
SELECT * FROM (SELECT * FROM s_3 ORDER BY a, b, c) foo ORDER BY a, b, c, d
                                  QUERY PLAN                                  
------------------------------------------------------------------------------
 Limit  (cost=15802.78..15802.78 rows=1 width=20)
   ->  Incremental Sort  (cost=9942.11..14802.78 rows=100000 width=20)
         Sort Key: s_3.a, s_3.b, s_3.c, s_3.d
         Presorted Key: s_3.a, s_3.b, s_3.c
         ->  Sort  (cost=9941.82..10191.82 rows=100000 width=20)
               Sort Key: s_3.a, s_3.b, s_3.c
               ->  Seq Scan on s_3  (cost=0.00..1637.00 rows=100000 width=20)
(7 rows)

===== 300 [Wed Mar  7 02:02:47 CET 2018] scale:100000 groups:1000 work_mem:16MB incremental:on max_workers:2 =====
SELECT * FROM (SELECT * FROM s_4 ORDER BY a, b, c, d) foo ORDER BY a, b, c, d, e
                                  QUERY PLAN                                  
------------------------------------------------------------------------------
 Limit  (cost=15802.78..15802.78 rows=1 width=20)
   ->  Incremental Sort  (cost=9942.11..14802.78 rows=100000 width=20)
         Sort Key: s_4.a, s_4.b, s_4.c, s_4.d, s_4.e
         Presorted Key: s_4.a, s_4.b, s_4.c, s_4.d
         ->  Sort  (cost=9941.82..10191.82 rows=100000 width=20)
               Sort Key: s_4.a, s_4.b, s_4.c, s_4.d
               ->  Seq Scan on s_4  (cost=0.00..1637.00 rows=100000 width=20)
(7 rows)

===== 301 [Wed Mar  7 02:02:47 CET 2018] scale:100000 groups:1000 work_mem:16MB incremental:off max_workers:2 =====
SELECT * FROM (SELECT * FROM s_1 ORDER BY a) foo ORDER BY a, b
                                  QUERY PLAN                                  
------------------------------------------------------------------------------
 Limit  (cost=20746.64..20746.64 rows=1 width=20)
   ->  Sort  (cost=19496.64..19746.64 rows=100000 width=20)
         Sort Key: s_1.a, s_1.b
         ->  Sort  (cost=9941.82..10191.82 rows=100000 width=20)
               Sort Key: s_1.a
               ->  Seq Scan on s_1  (cost=0.00..1637.00 rows=100000 width=20)
(6 rows)

===== 302 [Wed Mar  7 02:02:47 CET 2018] scale:100000 groups:1000 work_mem:16MB incremental:off max_workers:2 =====
SELECT * FROM (SELECT * FROM s_2 ORDER BY a, b) foo ORDER BY a, b, c
                                  QUERY PLAN                                  
------------------------------------------------------------------------------
 Limit  (cost=20746.64..20746.64 rows=1 width=20)
   ->  Sort  (cost=19496.64..19746.64 rows=100000 width=20)
         Sort Key: s_2.a, s_2.b, s_2.c
         ->  Sort  (cost=9941.82..10191.82 rows=100000 width=20)
               Sort Key: s_2.a, s_2.b
               ->  Seq Scan on s_2  (cost=0.00..1637.00 rows=100000 width=20)
(6 rows)

===== 303 [Wed Mar  7 02:02:48 CET 2018] scale:100000 groups:1000 work_mem:16MB incremental:off max_workers:2 =====
SELECT * FROM (SELECT * FROM s_3 ORDER BY a, b, c) foo ORDER BY a, b, c, d
                                  QUERY PLAN                                  
------------------------------------------------------------------------------
 Limit  (cost=20746.64..20746.64 rows=1 width=20)
   ->  Sort  (cost=19496.64..19746.64 rows=100000 width=20)
         Sort Key: s_3.a, s_3.b, s_3.c, s_3.d
         ->  Sort  (cost=9941.82..10191.82 rows=100000 width=20)
               Sort Key: s_3.a, s_3.b, s_3.c
               ->  Seq Scan on s_3  (cost=0.00..1637.00 rows=100000 width=20)
(6 rows)

===== 304 [Wed Mar  7 02:02:48 CET 2018] scale:100000 groups:1000 work_mem:16MB incremental:off max_workers:2 =====
SELECT * FROM (SELECT * FROM s_4 ORDER BY a, b, c, d) foo ORDER BY a, b, c, d, e
                                  QUERY PLAN                                  
------------------------------------------------------------------------------
 Limit  (cost=20746.64..20746.64 rows=1 width=20)
   ->  Sort  (cost=19496.64..19746.64 rows=100000 width=20)
         Sort Key: s_4.a, s_4.b, s_4.c, s_4.d, s_4.e
         ->  Sort  (cost=9941.82..10191.82 rows=100000 width=20)
               Sort Key: s_4.a, s_4.b, s_4.c, s_4.d
               ->  Seq Scan on s_4  (cost=0.00..1637.00 rows=100000 width=20)
(6 rows)

===== 305 [Wed Mar  7 02:02:48 CET 2018] scale:100000 groups:1000 work_mem:32MB incremental:on max_workers:2 =====
SELECT * FROM (SELECT * FROM s_1 ORDER BY a) foo ORDER BY a, b
                                  QUERY PLAN                                  
------------------------------------------------------------------------------
 Limit  (cost=17283.05..17283.05 rows=1 width=20)
   ->  Incremental Sort  (cost=9946.39..16283.05 rows=100000 width=20)
         Sort Key: s_1.a, s_1.b
         Presorted Key: s_1.a
         ->  Sort  (cost=9941.82..10191.82 rows=100000 width=20)
               Sort Key: s_1.a
               ->  Seq Scan on s_1  (cost=0.00..1637.00 rows=100000 width=20)
(7 rows)

===== 306 [Wed Mar  7 02:02:48 CET 2018] scale:100000 groups:1000 work_mem:32MB incremental:on max_workers:2 =====
SELECT * FROM (SELECT * FROM s_2 ORDER BY a, b) foo ORDER BY a, b, c
                                  QUERY PLAN                                  
------------------------------------------------------------------------------
 Limit  (cost=15802.78..15802.78 rows=1 width=20)
   ->  Incremental Sort  (cost=9942.11..14802.78 rows=100000 width=20)
         Sort Key: s_2.a, s_2.b, s_2.c
         Presorted Key: s_2.a, s_2.b
         ->  Sort  (cost=9941.82..10191.82 rows=100000 width=20)
               Sort Key: s_2.a, s_2.b
               ->  Seq Scan on s_2  (cost=0.00..1637.00 rows=100000 width=20)
(7 rows)

===== 307 [Wed Mar  7 02:02:49 CET 2018] scale:100000 groups:1000 work_mem:32MB incremental:on max_workers:2 =====
SELECT * FROM (SELECT * FROM s_3 ORDER BY a, b, c) foo ORDER BY a, b, c, d
                                  QUERY PLAN                                  
------------------------------------------------------------------------------
 Limit  (cost=15802.78..15802.78 rows=1 width=20)
   ->  Incremental Sort  (cost=9942.11..14802.78 rows=100000 width=20)
         Sort Key: s_3.a, s_3.b, s_3.c, s_3.d
         Presorted Key: s_3.a, s_3.b, s_3.c
         ->  Sort  (cost=9941.82..10191.82 rows=100000 width=20)
               Sort Key: s_3.a, s_3.b, s_3.c
               ->  Seq Scan on s_3  (cost=0.00..1637.00 rows=100000 width=20)
(7 rows)

===== 308 [Wed Mar  7 02:02:49 CET 2018] scale:100000 groups:1000 work_mem:32MB incremental:on max_workers:2 =====
SELECT * FROM (SELECT * FROM s_4 ORDER BY a, b, c, d) foo ORDER BY a, b, c, d, e
                                  QUERY PLAN                                  
------------------------------------------------------------------------------
 Limit  (cost=15802.78..15802.78 rows=1 width=20)
   ->  Incremental Sort  (cost=9942.11..14802.78 rows=100000 width=20)
         Sort Key: s_4.a, s_4.b, s_4.c, s_4.d, s_4.e
         Presorted Key: s_4.a, s_4.b, s_4.c, s_4.d
         ->  Sort  (cost=9941.82..10191.82 rows=100000 width=20)
               Sort Key: s_4.a, s_4.b, s_4.c, s_4.d
               ->  Seq Scan on s_4  (cost=0.00..1637.00 rows=100000 width=20)
(7 rows)

===== 309 [Wed Mar  7 02:02:49 CET 2018] scale:100000 groups:1000 work_mem:32MB incremental:off max_workers:2 =====
SELECT * FROM (SELECT * FROM s_1 ORDER BY a) foo ORDER BY a, b
                                  QUERY PLAN                                  
------------------------------------------------------------------------------
 Limit  (cost=20746.64..20746.64 rows=1 width=20)
   ->  Sort  (cost=19496.64..19746.64 rows=100000 width=20)
         Sort Key: s_1.a, s_1.b
         ->  Sort  (cost=9941.82..10191.82 rows=100000 width=20)
               Sort Key: s_1.a
               ->  Seq Scan on s_1  (cost=0.00..1637.00 rows=100000 width=20)
(6 rows)

===== 310 [Wed Mar  7 02:02:50 CET 2018] scale:100000 groups:1000 work_mem:32MB incremental:off max_workers:2 =====
SELECT * FROM (SELECT * FROM s_2 ORDER BY a, b) foo ORDER BY a, b, c
                                  QUERY PLAN                                  
------------------------------------------------------------------------------
 Limit  (cost=20746.64..20746.64 rows=1 width=20)
   ->  Sort  (cost=19496.64..19746.64 rows=100000 width=20)
         Sort Key: s_2.a, s_2.b, s_2.c
         ->  Sort  (cost=9941.82..10191.82 rows=100000 width=20)
               Sort Key: s_2.a, s_2.b
               ->  Seq Scan on s_2  (cost=0.00..1637.00 rows=100000 width=20)
(6 rows)

===== 311 [Wed Mar  7 02:02:50 CET 2018] scale:100000 groups:1000 work_mem:32MB incremental:off max_workers:2 =====
SELECT * FROM (SELECT * FROM s_3 ORDER BY a, b, c) foo ORDER BY a, b, c, d
                                  QUERY PLAN                                  
------------------------------------------------------------------------------
 Limit  (cost=20746.64..20746.64 rows=1 width=20)
   ->  Sort  (cost=19496.64..19746.64 rows=100000 width=20)
         Sort Key: s_3.a, s_3.b, s_3.c, s_3.d
         ->  Sort  (cost=9941.82..10191.82 rows=100000 width=20)
               Sort Key: s_3.a, s_3.b, s_3.c
               ->  Seq Scan on s_3  (cost=0.00..1637.00 rows=100000 width=20)
(6 rows)

===== 312 [Wed Mar  7 02:02:50 CET 2018] scale:100000 groups:1000 work_mem:32MB incremental:off max_workers:2 =====
SELECT * FROM (SELECT * FROM s_4 ORDER BY a, b, c, d) foo ORDER BY a, b, c, d, e
                                  QUERY PLAN                                  
------------------------------------------------------------------------------
 Limit  (cost=20746.64..20746.64 rows=1 width=20)
   ->  Sort  (cost=19496.64..19746.64 rows=100000 width=20)
         Sort Key: s_4.a, s_4.b, s_4.c, s_4.d, s_4.e
         ->  Sort  (cost=9941.82..10191.82 rows=100000 width=20)
               Sort Key: s_4.a, s_4.b, s_4.c, s_4.d
               ->  Seq Scan on s_4  (cost=0.00..1637.00 rows=100000 width=20)
(6 rows)

===== 313 [Wed Mar  7 02:02:50 CET 2018] scale:100000 groups:1000 work_mem:64MB incremental:on max_workers:2 =====
SELECT * FROM (SELECT * FROM s_1 ORDER BY a) foo ORDER BY a, b
                                  QUERY PLAN                                  
------------------------------------------------------------------------------
 Limit  (cost=17283.05..17283.05 rows=1 width=20)
   ->  Incremental Sort  (cost=9946.39..16283.05 rows=100000 width=20)
         Sort Key: s_1.a, s_1.b
         Presorted Key: s_1.a
         ->  Sort  (cost=9941.82..10191.82 rows=100000 width=20)
               Sort Key: s_1.a
               ->  Seq Scan on s_1  (cost=0.00..1637.00 rows=100000 width=20)
(7 rows)

===== 314 [Wed Mar  7 02:02:51 CET 2018] scale:100000 groups:1000 work_mem:64MB incremental:on max_workers:2 =====
SELECT * FROM (SELECT * FROM s_2 ORDER BY a, b) foo ORDER BY a, b, c
                                  QUERY PLAN                                  
------------------------------------------------------------------------------
 Limit  (cost=15802.78..15802.78 rows=1 width=20)
   ->  Incremental Sort  (cost=9942.11..14802.78 rows=100000 width=20)
         Sort Key: s_2.a, s_2.b, s_2.c
         Presorted Key: s_2.a, s_2.b
         ->  Sort  (cost=9941.82..10191.82 rows=100000 width=20)
               Sort Key: s_2.a, s_2.b
               ->  Seq Scan on s_2  (cost=0.00..1637.00 rows=100000 width=20)
(7 rows)

===== 315 [Wed Mar  7 02:02:51 CET 2018] scale:100000 groups:1000 work_mem:64MB incremental:on max_workers:2 =====
SELECT * FROM (SELECT * FROM s_3 ORDER BY a, b, c) foo ORDER BY a, b, c, d
                                  QUERY PLAN                                  
------------------------------------------------------------------------------
 Limit  (cost=15802.78..15802.78 rows=1 width=20)
   ->  Incremental Sort  (cost=9942.11..14802.78 rows=100000 width=20)
         Sort Key: s_3.a, s_3.b, s_3.c, s_3.d
         Presorted Key: s_3.a, s_3.b, s_3.c
         ->  Sort  (cost=9941.82..10191.82 rows=100000 width=20)
               Sort Key: s_3.a, s_3.b, s_3.c
               ->  Seq Scan on s_3  (cost=0.00..1637.00 rows=100000 width=20)
(7 rows)

===== 316 [Wed Mar  7 02:02:51 CET 2018] scale:100000 groups:1000 work_mem:64MB incremental:on max_workers:2 =====
SELECT * FROM (SELECT * FROM s_4 ORDER BY a, b, c, d) foo ORDER BY a, b, c, d, e
                                  QUERY PLAN                                  
------------------------------------------------------------------------------
 Limit  (cost=15802.78..15802.78 rows=1 width=20)
   ->  Incremental Sort  (cost=9942.11..14802.78 rows=100000 width=20)
         Sort Key: s_4.a, s_4.b, s_4.c, s_4.d, s_4.e
         Presorted Key: s_4.a, s_4.b, s_4.c, s_4.d
         ->  Sort  (cost=9941.82..10191.82 rows=100000 width=20)
               Sort Key: s_4.a, s_4.b, s_4.c, s_4.d
               ->  Seq Scan on s_4  (cost=0.00..1637.00 rows=100000 width=20)
(7 rows)

===== 317 [Wed Mar  7 02:02:51 CET 2018] scale:100000 groups:1000 work_mem:64MB incremental:off max_workers:2 =====
SELECT * FROM (SELECT * FROM s_1 ORDER BY a) foo ORDER BY a, b
                                  QUERY PLAN                                  
------------------------------------------------------------------------------
 Limit  (cost=20746.64..20746.64 rows=1 width=20)
   ->  Sort  (cost=19496.64..19746.64 rows=100000 width=20)
         Sort Key: s_1.a, s_1.b
         ->  Sort  (cost=9941.82..10191.82 rows=100000 width=20)
               Sort Key: s_1.a
               ->  Seq Scan on s_1  (cost=0.00..1637.00 rows=100000 width=20)
(6 rows)

===== 318 [Wed Mar  7 02:02:52 CET 2018] scale:100000 groups:1000 work_mem:64MB incremental:off max_workers:2 =====
SELECT * FROM (SELECT * FROM s_2 ORDER BY a, b) foo ORDER BY a, b, c
                                  QUERY PLAN                                  
------------------------------------------------------------------------------
 Limit  (cost=20746.64..20746.64 rows=1 width=20)
   ->  Sort  (cost=19496.64..19746.64 rows=100000 width=20)
         Sort Key: s_2.a, s_2.b, s_2.c
         ->  Sort  (cost=9941.82..10191.82 rows=100000 width=20)
               Sort Key: s_2.a, s_2.b
               ->  Seq Scan on s_2  (cost=0.00..1637.00 rows=100000 width=20)
(6 rows)

===== 319 [Wed Mar  7 02:02:52 CET 2018] scale:100000 groups:1000 work_mem:64MB incremental:off max_workers:2 =====
SELECT * FROM (SELECT * FROM s_3 ORDER BY a, b, c) foo ORDER BY a, b, c, d
                                  QUERY PLAN                                  
------------------------------------------------------------------------------
 Limit  (cost=20746.64..20746.64 rows=1 width=20)
   ->  Sort  (cost=19496.64..19746.64 rows=100000 width=20)
         Sort Key: s_3.a, s_3.b, s_3.c, s_3.d
         ->  Sort  (cost=9941.82..10191.82 rows=100000 width=20)
               Sort Key: s_3.a, s_3.b, s_3.c
               ->  Seq Scan on s_3  (cost=0.00..1637.00 rows=100000 width=20)
(6 rows)

===== 320 [Wed Mar  7 02:02:52 CET 2018] scale:100000 groups:1000 work_mem:64MB incremental:off max_workers:2 =====
SELECT * FROM (SELECT * FROM s_4 ORDER BY a, b, c, d) foo ORDER BY a, b, c, d, e
                                  QUERY PLAN                                  
------------------------------------------------------------------------------
 Limit  (cost=20746.64..20746.64 rows=1 width=20)
   ->  Sort  (cost=19496.64..19746.64 rows=100000 width=20)
         Sort Key: s_4.a, s_4.b, s_4.c, s_4.d, s_4.e
         ->  Sort  (cost=9941.82..10191.82 rows=100000 width=20)
               Sort Key: s_4.a, s_4.b, s_4.c, s_4.d
               ->  Seq Scan on s_4  (cost=0.00..1637.00 rows=100000 width=20)
(6 rows)

===== 321 [Wed Mar  7 02:02:53 CET 2018] scale:100000 groups:1000 work_mem:128MB incremental:on max_workers:2 =====
SELECT * FROM (SELECT * FROM s_1 ORDER BY a) foo ORDER BY a, b
                                  QUERY PLAN                                  
------------------------------------------------------------------------------
 Limit  (cost=17283.05..17283.05 rows=1 width=20)
   ->  Incremental Sort  (cost=9946.39..16283.05 rows=100000 width=20)
         Sort Key: s_1.a, s_1.b
         Presorted Key: s_1.a
         ->  Sort  (cost=9941.82..10191.82 rows=100000 width=20)
               Sort Key: s_1.a
               ->  Seq Scan on s_1  (cost=0.00..1637.00 rows=100000 width=20)
(7 rows)

===== 322 [Wed Mar  7 02:02:53 CET 2018] scale:100000 groups:1000 work_mem:128MB incremental:on max_workers:2 =====
SELECT * FROM (SELECT * FROM s_2 ORDER BY a, b) foo ORDER BY a, b, c
                                  QUERY PLAN                                  
------------------------------------------------------------------------------
 Limit  (cost=15802.78..15802.78 rows=1 width=20)
   ->  Incremental Sort  (cost=9942.11..14802.78 rows=100000 width=20)
         Sort Key: s_2.a, s_2.b, s_2.c
         Presorted Key: s_2.a, s_2.b
         ->  Sort  (cost=9941.82..10191.82 rows=100000 width=20)
               Sort Key: s_2.a, s_2.b
               ->  Seq Scan on s_2  (cost=0.00..1637.00 rows=100000 width=20)
(7 rows)

===== 323 [Wed Mar  7 02:02:53 CET 2018] scale:100000 groups:1000 work_mem:128MB incremental:on max_workers:2 =====
SELECT * FROM (SELECT * FROM s_3 ORDER BY a, b, c) foo ORDER BY a, b, c, d
                                  QUERY PLAN                                  
------------------------------------------------------------------------------
 Limit  (cost=15802.78..15802.78 rows=1 width=20)
   ->  Incremental Sort  (cost=9942.11..14802.78 rows=100000 width=20)
         Sort Key: s_3.a, s_3.b, s_3.c, s_3.d
         Presorted Key: s_3.a, s_3.b, s_3.c
         ->  Sort  (cost=9941.82..10191.82 rows=100000 width=20)
               Sort Key: s_3.a, s_3.b, s_3.c
               ->  Seq Scan on s_3  (cost=0.00..1637.00 rows=100000 width=20)
(7 rows)

===== 324 [Wed Mar  7 02:02:53 CET 2018] scale:100000 groups:1000 work_mem:128MB incremental:on max_workers:2 =====
SELECT * FROM (SELECT * FROM s_4 ORDER BY a, b, c, d) foo ORDER BY a, b, c, d, e
                                  QUERY PLAN                                  
------------------------------------------------------------------------------
 Limit  (cost=15802.78..15802.78 rows=1 width=20)
   ->  Incremental Sort  (cost=9942.11..14802.78 rows=100000 width=20)
         Sort Key: s_4.a, s_4.b, s_4.c, s_4.d, s_4.e
         Presorted Key: s_4.a, s_4.b, s_4.c, s_4.d
         ->  Sort  (cost=9941.82..10191.82 rows=100000 width=20)
               Sort Key: s_4.a, s_4.b, s_4.c, s_4.d
               ->  Seq Scan on s_4  (cost=0.00..1637.00 rows=100000 width=20)
(7 rows)

===== 325 [Wed Mar  7 02:02:53 CET 2018] scale:100000 groups:1000 work_mem:128MB incremental:off max_workers:2 =====
SELECT * FROM (SELECT * FROM s_1 ORDER BY a) foo ORDER BY a, b
                                  QUERY PLAN                                  
------------------------------------------------------------------------------
 Limit  (cost=20746.64..20746.64 rows=1 width=20)
   ->  Sort  (cost=19496.64..19746.64 rows=100000 width=20)
         Sort Key: s_1.a, s_1.b
         ->  Sort  (cost=9941.82..10191.82 rows=100000 width=20)
               Sort Key: s_1.a
               ->  Seq Scan on s_1  (cost=0.00..1637.00 rows=100000 width=20)
(6 rows)

===== 326 [Wed Mar  7 02:02:54 CET 2018] scale:100000 groups:1000 work_mem:128MB incremental:off max_workers:2 =====
SELECT * FROM (SELECT * FROM s_2 ORDER BY a, b) foo ORDER BY a, b, c
                                  QUERY PLAN                                  
------------------------------------------------------------------------------
 Limit  (cost=20746.64..20746.64 rows=1 width=20)
   ->  Sort  (cost=19496.64..19746.64 rows=100000 width=20)
         Sort Key: s_2.a, s_2.b, s_2.c
         ->  Sort  (cost=9941.82..10191.82 rows=100000 width=20)
               Sort Key: s_2.a, s_2.b
               ->  Seq Scan on s_2  (cost=0.00..1637.00 rows=100000 width=20)
(6 rows)

===== 327 [Wed Mar  7 02:02:54 CET 2018] scale:100000 groups:1000 work_mem:128MB incremental:off max_workers:2 =====
SELECT * FROM (SELECT * FROM s_3 ORDER BY a, b, c) foo ORDER BY a, b, c, d
                                  QUERY PLAN                                  
------------------------------------------------------------------------------
 Limit  (cost=20746.64..20746.64 rows=1 width=20)
   ->  Sort  (cost=19496.64..19746.64 rows=100000 width=20)
         Sort Key: s_3.a, s_3.b, s_3.c, s_3.d
         ->  Sort  (cost=9941.82..10191.82 rows=100000 width=20)
               Sort Key: s_3.a, s_3.b, s_3.c
               ->  Seq Scan on s_3  (cost=0.00..1637.00 rows=100000 width=20)
(6 rows)

===== 328 [Wed Mar  7 02:02:54 CET 2018] scale:100000 groups:1000 work_mem:128MB incremental:off max_workers:2 =====
SELECT * FROM (SELECT * FROM s_4 ORDER BY a, b, c, d) foo ORDER BY a, b, c, d, e
                                  QUERY PLAN                                  
------------------------------------------------------------------------------
 Limit  (cost=20746.64..20746.64 rows=1 width=20)
   ->  Sort  (cost=19496.64..19746.64 rows=100000 width=20)
         Sort Key: s_4.a, s_4.b, s_4.c, s_4.d, s_4.e
         ->  Sort  (cost=9941.82..10191.82 rows=100000 width=20)
               Sort Key: s_4.a, s_4.b, s_4.c, s_4.d
               ->  Seq Scan on s_4  (cost=0.00..1637.00 rows=100000 width=20)
(6 rows)

===== 329 [Wed Mar  7 02:02:55 CET 2018] scale:100000 groups:1000 work_mem:256MB incremental:on max_workers:2 =====
SELECT * FROM (SELECT * FROM s_1 ORDER BY a) foo ORDER BY a, b
                                  QUERY PLAN                                  
------------------------------------------------------------------------------
 Limit  (cost=17283.05..17283.05 rows=1 width=20)
   ->  Incremental Sort  (cost=9946.39..16283.05 rows=100000 width=20)
         Sort Key: s_1.a, s_1.b
         Presorted Key: s_1.a
         ->  Sort  (cost=9941.82..10191.82 rows=100000 width=20)
               Sort Key: s_1.a
               ->  Seq Scan on s_1  (cost=0.00..1637.00 rows=100000 width=20)
(7 rows)

===== 330 [Wed Mar  7 02:02:55 CET 2018] scale:100000 groups:1000 work_mem:256MB incremental:on max_workers:2 =====
SELECT * FROM (SELECT * FROM s_2 ORDER BY a, b) foo ORDER BY a, b, c
                                  QUERY PLAN                                  
------------------------------------------------------------------------------
 Limit  (cost=15802.78..15802.78 rows=1 width=20)
   ->  Incremental Sort  (cost=9942.11..14802.78 rows=100000 width=20)
         Sort Key: s_2.a, s_2.b, s_2.c
         Presorted Key: s_2.a, s_2.b
         ->  Sort  (cost=9941.82..10191.82 rows=100000 width=20)
               Sort Key: s_2.a, s_2.b
               ->  Seq Scan on s_2  (cost=0.00..1637.00 rows=100000 width=20)
(7 rows)

===== 331 [Wed Mar  7 02:02:55 CET 2018] scale:100000 groups:1000 work_mem:256MB incremental:on max_workers:2 =====
SELECT * FROM (SELECT * FROM s_3 ORDER BY a, b, c) foo ORDER BY a, b, c, d
                                  QUERY PLAN                                  
------------------------------------------------------------------------------
 Limit  (cost=15802.78..15802.78 rows=1 width=20)
   ->  Incremental Sort  (cost=9942.11..14802.78 rows=100000 width=20)
         Sort Key: s_3.a, s_3.b, s_3.c, s_3.d
         Presorted Key: s_3.a, s_3.b, s_3.c
         ->  Sort  (cost=9941.82..10191.82 rows=100000 width=20)
               Sort Key: s_3.a, s_3.b, s_3.c
               ->  Seq Scan on s_3  (cost=0.00..1637.00 rows=100000 width=20)
(7 rows)

===== 332 [Wed Mar  7 02:02:55 CET 2018] scale:100000 groups:1000 work_mem:256MB incremental:on max_workers:2 =====
SELECT * FROM (SELECT * FROM s_4 ORDER BY a, b, c, d) foo ORDER BY a, b, c, d, e
                                  QUERY PLAN                                  
------------------------------------------------------------------------------
 Limit  (cost=15802.78..15802.78 rows=1 width=20)
   ->  Incremental Sort  (cost=9942.11..14802.78 rows=100000 width=20)
         Sort Key: s_4.a, s_4.b, s_4.c, s_4.d, s_4.e
         Presorted Key: s_4.a, s_4.b, s_4.c, s_4.d
         ->  Sort  (cost=9941.82..10191.82 rows=100000 width=20)
               Sort Key: s_4.a, s_4.b, s_4.c, s_4.d
               ->  Seq Scan on s_4  (cost=0.00..1637.00 rows=100000 width=20)
(7 rows)

===== 333 [Wed Mar  7 02:02:56 CET 2018] scale:100000 groups:1000 work_mem:256MB incremental:off max_workers:2 =====
SELECT * FROM (SELECT * FROM s_1 ORDER BY a) foo ORDER BY a, b
                                  QUERY PLAN                                  
------------------------------------------------------------------------------
 Limit  (cost=20746.64..20746.64 rows=1 width=20)
   ->  Sort  (cost=19496.64..19746.64 rows=100000 width=20)
         Sort Key: s_1.a, s_1.b
         ->  Sort  (cost=9941.82..10191.82 rows=100000 width=20)
               Sort Key: s_1.a
               ->  Seq Scan on s_1  (cost=0.00..1637.00 rows=100000 width=20)
(6 rows)

===== 334 [Wed Mar  7 02:02:56 CET 2018] scale:100000 groups:1000 work_mem:256MB incremental:off max_workers:2 =====
SELECT * FROM (SELECT * FROM s_2 ORDER BY a, b) foo ORDER BY a, b, c
                                  QUERY PLAN                                  
------------------------------------------------------------------------------
 Limit  (cost=20746.64..20746.64 rows=1 width=20)
   ->  Sort  (cost=19496.64..19746.64 rows=100000 width=20)
         Sort Key: s_2.a, s_2.b, s_2.c
         ->  Sort  (cost=9941.82..10191.82 rows=100000 width=20)
               Sort Key: s_2.a, s_2.b
               ->  Seq Scan on s_2  (cost=0.00..1637.00 rows=100000 width=20)
(6 rows)

===== 335 [Wed Mar  7 02:02:56 CET 2018] scale:100000 groups:1000 work_mem:256MB incremental:off max_workers:2 =====
SELECT * FROM (SELECT * FROM s_3 ORDER BY a, b, c) foo ORDER BY a, b, c, d
                                  QUERY PLAN                                  
------------------------------------------------------------------------------
 Limit  (cost=20746.64..20746.64 rows=1 width=20)
   ->  Sort  (cost=19496.64..19746.64 rows=100000 width=20)
         Sort Key: s_3.a, s_3.b, s_3.c, s_3.d
         ->  Sort  (cost=9941.82..10191.82 rows=100000 width=20)
               Sort Key: s_3.a, s_3.b, s_3.c
               ->  Seq Scan on s_3  (cost=0.00..1637.00 rows=100000 width=20)
(6 rows)

===== 336 [Wed Mar  7 02:02:57 CET 2018] scale:100000 groups:1000 work_mem:256MB incremental:off max_workers:2 =====
SELECT * FROM (SELECT * FROM s_4 ORDER BY a, b, c, d) foo ORDER BY a, b, c, d, e
                                  QUERY PLAN                                  
------------------------------------------------------------------------------
 Limit  (cost=20746.64..20746.64 rows=1 width=20)
   ->  Sort  (cost=19496.64..19746.64 rows=100000 width=20)
         Sort Key: s_4.a, s_4.b, s_4.c, s_4.d, s_4.e
         ->  Sort  (cost=9941.82..10191.82 rows=100000 width=20)
               Sort Key: s_4.a, s_4.b, s_4.c, s_4.d
               ->  Seq Scan on s_4  (cost=0.00..1637.00 rows=100000 width=20)
(6 rows)

===== 337 [Wed Mar  7 02:02:58 CET 2018] scale:100000 groups:10000 work_mem:4MB incremental:on max_workers:0 =====
SELECT * FROM (SELECT * FROM s_1 ORDER BY a) foo ORDER BY a, b
                                  QUERY PLAN                                  
------------------------------------------------------------------------------
 Limit  (cost=17862.22..17862.22 rows=1 width=20)
   ->  Incremental Sort  (cost=11993.12..16862.22 rows=100000 width=20)
         Sort Key: s_1.a, s_1.b
         Presorted Key: s_1.a
         ->  Sort  (cost=11992.82..12242.82 rows=100000 width=20)
               Sort Key: s_1.a
               ->  Seq Scan on s_1  (cost=0.00..1637.00 rows=100000 width=20)
(7 rows)

===== 338 [Wed Mar  7 02:02:58 CET 2018] scale:100000 groups:10000 work_mem:4MB incremental:on max_workers:0 =====
SELECT * FROM (SELECT * FROM s_2 ORDER BY a, b) foo ORDER BY a, b, c
                                  QUERY PLAN                                  
------------------------------------------------------------------------------
 Limit  (cost=17853.78..17853.78 rows=1 width=20)
   ->  Incremental Sort  (cost=11993.11..16853.78 rows=100000 width=20)
         Sort Key: s_2.a, s_2.b, s_2.c
         Presorted Key: s_2.a, s_2.b
         ->  Sort  (cost=11992.82..12242.82 rows=100000 width=20)
               Sort Key: s_2.a, s_2.b
               ->  Seq Scan on s_2  (cost=0.00..1637.00 rows=100000 width=20)
(7 rows)

===== 339 [Wed Mar  7 02:02:59 CET 2018] scale:100000 groups:10000 work_mem:4MB incremental:on max_workers:0 =====
SELECT * FROM (SELECT * FROM s_3 ORDER BY a, b, c) foo ORDER BY a, b, c, d
                                  QUERY PLAN                                  
------------------------------------------------------------------------------
 Limit  (cost=17853.78..17853.78 rows=1 width=20)
   ->  Incremental Sort  (cost=11993.11..16853.78 rows=100000 width=20)
         Sort Key: s_3.a, s_3.b, s_3.c, s_3.d
         Presorted Key: s_3.a, s_3.b, s_3.c
         ->  Sort  (cost=11992.82..12242.82 rows=100000 width=20)
               Sort Key: s_3.a, s_3.b, s_3.c
               ->  Seq Scan on s_3  (cost=0.00..1637.00 rows=100000 width=20)
(7 rows)

===== 340 [Wed Mar  7 02:02:59 CET 2018] scale:100000 groups:10000 work_mem:4MB incremental:on max_workers:0 =====
SELECT * FROM (SELECT * FROM s_4 ORDER BY a, b, c, d) foo ORDER BY a, b, c, d, e
                                  QUERY PLAN                                  
------------------------------------------------------------------------------
 Limit  (cost=17853.78..17853.78 rows=1 width=20)
   ->  Incremental Sort  (cost=11993.11..16853.78 rows=100000 width=20)
         Sort Key: s_4.a, s_4.b, s_4.c, s_4.d, s_4.e
         Presorted Key: s_4.a, s_4.b, s_4.c, s_4.d
         ->  Sort  (cost=11992.82..12242.82 rows=100000 width=20)
               Sort Key: s_4.a, s_4.b, s_4.c, s_4.d
               ->  Seq Scan on s_4  (cost=0.00..1637.00 rows=100000 width=20)
(7 rows)

===== 341 [Wed Mar  7 02:02:59 CET 2018] scale:100000 groups:10000 work_mem:4MB incremental:off max_workers:0 =====
SELECT * FROM (SELECT * FROM s_1 ORDER BY a) foo ORDER BY a, b
                                  QUERY PLAN                                  
------------------------------------------------------------------------------
 Limit  (cost=24848.64..24848.64 rows=1 width=20)
   ->  Sort  (cost=23598.64..23848.64 rows=100000 width=20)
         Sort Key: s_1.a, s_1.b
         ->  Sort  (cost=11992.82..12242.82 rows=100000 width=20)
               Sort Key: s_1.a
               ->  Seq Scan on s_1  (cost=0.00..1637.00 rows=100000 width=20)
(6 rows)

===== 342 [Wed Mar  7 02:03:00 CET 2018] scale:100000 groups:10000 work_mem:4MB incremental:off max_workers:0 =====
SELECT * FROM (SELECT * FROM s_2 ORDER BY a, b) foo ORDER BY a, b, c
                                  QUERY PLAN                                  
------------------------------------------------------------------------------
 Limit  (cost=24848.64..24848.64 rows=1 width=20)
   ->  Sort  (cost=23598.64..23848.64 rows=100000 width=20)
         Sort Key: s_2.a, s_2.b, s_2.c
         ->  Sort  (cost=11992.82..12242.82 rows=100000 width=20)
               Sort Key: s_2.a, s_2.b
               ->  Seq Scan on s_2  (cost=0.00..1637.00 rows=100000 width=20)
(6 rows)

===== 343 [Wed Mar  7 02:03:00 CET 2018] scale:100000 groups:10000 work_mem:4MB incremental:off max_workers:0 =====
SELECT * FROM (SELECT * FROM s_3 ORDER BY a, b, c) foo ORDER BY a, b, c, d
                                  QUERY PLAN                                  
------------------------------------------------------------------------------
 Limit  (cost=24848.64..24848.64 rows=1 width=20)
   ->  Sort  (cost=23598.64..23848.64 rows=100000 width=20)
         Sort Key: s_3.a, s_3.b, s_3.c, s_3.d
         ->  Sort  (cost=11992.82..12242.82 rows=100000 width=20)
               Sort Key: s_3.a, s_3.b, s_3.c
               ->  Seq Scan on s_3  (cost=0.00..1637.00 rows=100000 width=20)
(6 rows)

===== 344 [Wed Mar  7 02:03:00 CET 2018] scale:100000 groups:10000 work_mem:4MB incremental:off max_workers:0 =====
SELECT * FROM (SELECT * FROM s_4 ORDER BY a, b, c, d) foo ORDER BY a, b, c, d, e
                                  QUERY PLAN                                  
------------------------------------------------------------------------------
 Limit  (cost=24848.64..24848.64 rows=1 width=20)
   ->  Sort  (cost=23598.64..23848.64 rows=100000 width=20)
         Sort Key: s_4.a, s_4.b, s_4.c, s_4.d, s_4.e
         ->  Sort  (cost=11992.82..12242.82 rows=100000 width=20)
               Sort Key: s_4.a, s_4.b, s_4.c, s_4.d
               ->  Seq Scan on s_4  (cost=0.00..1637.00 rows=100000 width=20)
(6 rows)

===== 345 [Wed Mar  7 02:03:01 CET 2018] scale:100000 groups:10000 work_mem:8MB incremental:on max_workers:0 =====
SELECT * FROM (SELECT * FROM s_1 ORDER BY a) foo ORDER BY a, b
                                  QUERY PLAN                                  
------------------------------------------------------------------------------
 Limit  (cost=15811.22..15811.22 rows=1 width=20)
   ->  Incremental Sort  (cost=9942.12..14811.22 rows=100000 width=20)
         Sort Key: s_1.a, s_1.b
         Presorted Key: s_1.a
         ->  Sort  (cost=9941.82..10191.82 rows=100000 width=20)
               Sort Key: s_1.a
               ->  Seq Scan on s_1  (cost=0.00..1637.00 rows=100000 width=20)
(7 rows)

===== 346 [Wed Mar  7 02:03:01 CET 2018] scale:100000 groups:10000 work_mem:8MB incremental:on max_workers:0 =====
SELECT * FROM (SELECT * FROM s_2 ORDER BY a, b) foo ORDER BY a, b, c
                                  QUERY PLAN                                  
------------------------------------------------------------------------------
 Limit  (cost=15802.78..15802.78 rows=1 width=20)
   ->  Incremental Sort  (cost=9942.11..14802.78 rows=100000 width=20)
         Sort Key: s_2.a, s_2.b, s_2.c
         Presorted Key: s_2.a, s_2.b
         ->  Sort  (cost=9941.82..10191.82 rows=100000 width=20)
               Sort Key: s_2.a, s_2.b
               ->  Seq Scan on s_2  (cost=0.00..1637.00 rows=100000 width=20)
(7 rows)

===== 347 [Wed Mar  7 02:03:01 CET 2018] scale:100000 groups:10000 work_mem:8MB incremental:on max_workers:0 =====
SELECT * FROM (SELECT * FROM s_3 ORDER BY a, b, c) foo ORDER BY a, b, c, d
                                  QUERY PLAN                                  
------------------------------------------------------------------------------
 Limit  (cost=15802.78..15802.78 rows=1 width=20)
   ->  Incremental Sort  (cost=9942.11..14802.78 rows=100000 width=20)
         Sort Key: s_3.a, s_3.b, s_3.c, s_3.d
         Presorted Key: s_3.a, s_3.b, s_3.c
         ->  Sort  (cost=9941.82..10191.82 rows=100000 width=20)
               Sort Key: s_3.a, s_3.b, s_3.c
               ->  Seq Scan on s_3  (cost=0.00..1637.00 rows=100000 width=20)
(7 rows)

===== 348 [Wed Mar  7 02:03:02 CET 2018] scale:100000 groups:10000 work_mem:8MB incremental:on max_workers:0 =====
SELECT * FROM (SELECT * FROM s_4 ORDER BY a, b, c, d) foo ORDER BY a, b, c, d, e
                                  QUERY PLAN                                  
------------------------------------------------------------------------------
 Limit  (cost=15802.78..15802.78 rows=1 width=20)
   ->  Incremental Sort  (cost=9942.11..14802.78 rows=100000 width=20)
         Sort Key: s_4.a, s_4.b, s_4.c, s_4.d, s_4.e
         Presorted Key: s_4.a, s_4.b, s_4.c, s_4.d
         ->  Sort  (cost=9941.82..10191.82 rows=100000 width=20)
               Sort Key: s_4.a, s_4.b, s_4.c, s_4.d
               ->  Seq Scan on s_4  (cost=0.00..1637.00 rows=100000 width=20)
(7 rows)

===== 349 [Wed Mar  7 02:03:02 CET 2018] scale:100000 groups:10000 work_mem:8MB incremental:off max_workers:0 =====
SELECT * FROM (SELECT * FROM s_1 ORDER BY a) foo ORDER BY a, b
                                  QUERY PLAN                                  
------------------------------------------------------------------------------
 Limit  (cost=20746.64..20746.64 rows=1 width=20)
   ->  Sort  (cost=19496.64..19746.64 rows=100000 width=20)
         Sort Key: s_1.a, s_1.b
         ->  Sort  (cost=9941.82..10191.82 rows=100000 width=20)
               Sort Key: s_1.a
               ->  Seq Scan on s_1  (cost=0.00..1637.00 rows=100000 width=20)
(6 rows)

===== 350 [Wed Mar  7 02:03:02 CET 2018] scale:100000 groups:10000 work_mem:8MB incremental:off max_workers:0 =====
SELECT * FROM (SELECT * FROM s_2 ORDER BY a, b) foo ORDER BY a, b, c
                                  QUERY PLAN                                  
------------------------------------------------------------------------------
 Limit  (cost=20746.64..20746.64 rows=1 width=20)
   ->  Sort  (cost=19496.64..19746.64 rows=100000 width=20)
         Sort Key: s_2.a, s_2.b, s_2.c
         ->  Sort  (cost=9941.82..10191.82 rows=100000 width=20)
               Sort Key: s_2.a, s_2.b
               ->  Seq Scan on s_2  (cost=0.00..1637.00 rows=100000 width=20)
(6 rows)

===== 351 [Wed Mar  7 02:03:03 CET 2018] scale:100000 groups:10000 work_mem:8MB incremental:off max_workers:0 =====
SELECT * FROM (SELECT * FROM s_3 ORDER BY a, b, c) foo ORDER BY a, b, c, d
                                  QUERY PLAN                                  
------------------------------------------------------------------------------
 Limit  (cost=20746.64..20746.64 rows=1 width=20)
   ->  Sort  (cost=19496.64..19746.64 rows=100000 width=20)
         Sort Key: s_3.a, s_3.b, s_3.c, s_3.d
         ->  Sort  (cost=9941.82..10191.82 rows=100000 width=20)
               Sort Key: s_3.a, s_3.b, s_3.c
               ->  Seq Scan on s_3  (cost=0.00..1637.00 rows=100000 width=20)
(6 rows)

===== 352 [Wed Mar  7 02:03:03 CET 2018] scale:100000 groups:10000 work_mem:8MB incremental:off max_workers:0 =====
SELECT * FROM (SELECT * FROM s_4 ORDER BY a, b, c, d) foo ORDER BY a, b, c, d, e
                                  QUERY PLAN                                  
------------------------------------------------------------------------------
 Limit  (cost=20746.64..20746.64 rows=1 width=20)
   ->  Sort  (cost=19496.64..19746.64 rows=100000 width=20)
         Sort Key: s_4.a, s_4.b, s_4.c, s_4.d, s_4.e
         ->  Sort  (cost=9941.82..10191.82 rows=100000 width=20)
               Sort Key: s_4.a, s_4.b, s_4.c, s_4.d
               ->  Seq Scan on s_4  (cost=0.00..1637.00 rows=100000 width=20)
(6 rows)

===== 353 [Wed Mar  7 02:03:04 CET 2018] scale:100000 groups:10000 work_mem:16MB incremental:on max_workers:0 =====
SELECT * FROM (SELECT * FROM s_1 ORDER BY a) foo ORDER BY a, b
                                  QUERY PLAN                                  
------------------------------------------------------------------------------
 Limit  (cost=15811.22..15811.22 rows=1 width=20)
   ->  Incremental Sort  (cost=9942.12..14811.22 rows=100000 width=20)
         Sort Key: s_1.a, s_1.b
         Presorted Key: s_1.a
         ->  Sort  (cost=9941.82..10191.82 rows=100000 width=20)
               Sort Key: s_1.a
               ->  Seq Scan on s_1  (cost=0.00..1637.00 rows=100000 width=20)
(7 rows)

===== 354 [Wed Mar  7 02:03:04 CET 2018] scale:100000 groups:10000 work_mem:16MB incremental:on max_workers:0 =====
SELECT * FROM (SELECT * FROM s_2 ORDER BY a, b) foo ORDER BY a, b, c
                                  QUERY PLAN                                  
------------------------------------------------------------------------------
 Limit  (cost=15802.78..15802.78 rows=1 width=20)
   ->  Incremental Sort  (cost=9942.11..14802.78 rows=100000 width=20)
         Sort Key: s_2.a, s_2.b, s_2.c
         Presorted Key: s_2.a, s_2.b
         ->  Sort  (cost=9941.82..10191.82 rows=100000 width=20)
               Sort Key: s_2.a, s_2.b
               ->  Seq Scan on s_2  (cost=0.00..1637.00 rows=100000 width=20)
(7 rows)

===== 355 [Wed Mar  7 02:03:04 CET 2018] scale:100000 groups:10000 work_mem:16MB incremental:on max_workers:0 =====
SELECT * FROM (SELECT * FROM s_3 ORDER BY a, b, c) foo ORDER BY a, b, c, d
                                  QUERY PLAN                                  
------------------------------------------------------------------------------
 Limit  (cost=15802.78..15802.78 rows=1 width=20)
   ->  Incremental Sort  (cost=9942.11..14802.78 rows=100000 width=20)
         Sort Key: s_3.a, s_3.b, s_3.c, s_3.d
         Presorted Key: s_3.a, s_3.b, s_3.c
         ->  Sort  (cost=9941.82..10191.82 rows=100000 width=20)
               Sort Key: s_3.a, s_3.b, s_3.c
               ->  Seq Scan on s_3  (cost=0.00..1637.00 rows=100000 width=20)
(7 rows)

===== 356 [Wed Mar  7 02:03:04 CET 2018] scale:100000 groups:10000 work_mem:16MB incremental:on max_workers:0 =====
SELECT * FROM (SELECT * FROM s_4 ORDER BY a, b, c, d) foo ORDER BY a, b, c, d, e
                                  QUERY PLAN                                  
------------------------------------------------------------------------------
 Limit  (cost=15802.78..15802.78 rows=1 width=20)
   ->  Incremental Sort  (cost=9942.11..14802.78 rows=100000 width=20)
         Sort Key: s_4.a, s_4.b, s_4.c, s_4.d, s_4.e
         Presorted Key: s_4.a, s_4.b, s_4.c, s_4.d
         ->  Sort  (cost=9941.82..10191.82 rows=100000 width=20)
               Sort Key: s_4.a, s_4.b, s_4.c, s_4.d
               ->  Seq Scan on s_4  (cost=0.00..1637.00 rows=100000 width=20)
(7 rows)

===== 357 [Wed Mar  7 02:03:04 CET 2018] scale:100000 groups:10000 work_mem:16MB incremental:off max_workers:0 =====
SELECT * FROM (SELECT * FROM s_1 ORDER BY a) foo ORDER BY a, b
                                  QUERY PLAN                                  
------------------------------------------------------------------------------
 Limit  (cost=20746.64..20746.64 rows=1 width=20)
   ->  Sort  (cost=19496.64..19746.64 rows=100000 width=20)
         Sort Key: s_1.a, s_1.b
         ->  Sort  (cost=9941.82..10191.82 rows=100000 width=20)
               Sort Key: s_1.a
               ->  Seq Scan on s_1  (cost=0.00..1637.00 rows=100000 width=20)
(6 rows)

===== 358 [Wed Mar  7 02:03:05 CET 2018] scale:100000 groups:10000 work_mem:16MB incremental:off max_workers:0 =====
SELECT * FROM (SELECT * FROM s_2 ORDER BY a, b) foo ORDER BY a, b, c
                                  QUERY PLAN                                  
------------------------------------------------------------------------------
 Limit  (cost=20746.64..20746.64 rows=1 width=20)
   ->  Sort  (cost=19496.64..19746.64 rows=100000 width=20)
         Sort Key: s_2.a, s_2.b, s_2.c
         ->  Sort  (cost=9941.82..10191.82 rows=100000 width=20)
               Sort Key: s_2.a, s_2.b
               ->  Seq Scan on s_2  (cost=0.00..1637.00 rows=100000 width=20)
(6 rows)

===== 359 [Wed Mar  7 02:03:05 CET 2018] scale:100000 groups:10000 work_mem:16MB incremental:off max_workers:0 =====
SELECT * FROM (SELECT * FROM s_3 ORDER BY a, b, c) foo ORDER BY a, b, c, d
                                  QUERY PLAN                                  
------------------------------------------------------------------------------
 Limit  (cost=20746.64..20746.64 rows=1 width=20)
   ->  Sort  (cost=19496.64..19746.64 rows=100000 width=20)
         Sort Key: s_3.a, s_3.b, s_3.c, s_3.d
         ->  Sort  (cost=9941.82..10191.82 rows=100000 width=20)
               Sort Key: s_3.a, s_3.b, s_3.c
               ->  Seq Scan on s_3  (cost=0.00..1637.00 rows=100000 width=20)
(6 rows)

===== 360 [Wed Mar  7 02:03:05 CET 2018] scale:100000 groups:10000 work_mem:16MB incremental:off max_workers:0 =====
SELECT * FROM (SELECT * FROM s_4 ORDER BY a, b, c, d) foo ORDER BY a, b, c, d, e
                                  QUERY PLAN                                  
------------------------------------------------------------------------------
 Limit  (cost=20746.64..20746.64 rows=1 width=20)
   ->  Sort  (cost=19496.64..19746.64 rows=100000 width=20)
         Sort Key: s_4.a, s_4.b, s_4.c, s_4.d, s_4.e
         ->  Sort  (cost=9941.82..10191.82 rows=100000 width=20)
               Sort Key: s_4.a, s_4.b, s_4.c, s_4.d
               ->  Seq Scan on s_4  (cost=0.00..1637.00 rows=100000 width=20)
(6 rows)

===== 361 [Wed Mar  7 02:03:06 CET 2018] scale:100000 groups:10000 work_mem:32MB incremental:on max_workers:0 =====
SELECT * FROM (SELECT * FROM s_1 ORDER BY a) foo ORDER BY a, b
                                  QUERY PLAN                                  
------------------------------------------------------------------------------
 Limit  (cost=15811.22..15811.22 rows=1 width=20)
   ->  Incremental Sort  (cost=9942.12..14811.22 rows=100000 width=20)
         Sort Key: s_1.a, s_1.b
         Presorted Key: s_1.a
         ->  Sort  (cost=9941.82..10191.82 rows=100000 width=20)
               Sort Key: s_1.a
               ->  Seq Scan on s_1  (cost=0.00..1637.00 rows=100000 width=20)
(7 rows)

===== 362 [Wed Mar  7 02:03:06 CET 2018] scale:100000 groups:10000 work_mem:32MB incremental:on max_workers:0 =====
SELECT * FROM (SELECT * FROM s_2 ORDER BY a, b) foo ORDER BY a, b, c
                                  QUERY PLAN                                  
------------------------------------------------------------------------------
 Limit  (cost=15802.78..15802.78 rows=1 width=20)
   ->  Incremental Sort  (cost=9942.11..14802.78 rows=100000 width=20)
         Sort Key: s_2.a, s_2.b, s_2.c
         Presorted Key: s_2.a, s_2.b
         ->  Sort  (cost=9941.82..10191.82 rows=100000 width=20)
               Sort Key: s_2.a, s_2.b
               ->  Seq Scan on s_2  (cost=0.00..1637.00 rows=100000 width=20)
(7 rows)

===== 363 [Wed Mar  7 02:03:06 CET 2018] scale:100000 groups:10000 work_mem:32MB incremental:on max_workers:0 =====
SELECT * FROM (SELECT * FROM s_3 ORDER BY a, b, c) foo ORDER BY a, b, c, d
                                  QUERY PLAN                                  
------------------------------------------------------------------------------
 Limit  (cost=15802.78..15802.78 rows=1 width=20)
   ->  Incremental Sort  (cost=9942.11..14802.78 rows=100000 width=20)
         Sort Key: s_3.a, s_3.b, s_3.c, s_3.d
         Presorted Key: s_3.a, s_3.b, s_3.c
         ->  Sort  (cost=9941.82..10191.82 rows=100000 width=20)
               Sort Key: s_3.a, s_3.b, s_3.c
               ->  Seq Scan on s_3  (cost=0.00..1637.00 rows=100000 width=20)
(7 rows)

===== 364 [Wed Mar  7 02:03:06 CET 2018] scale:100000 groups:10000 work_mem:32MB incremental:on max_workers:0 =====
SELECT * FROM (SELECT * FROM s_4 ORDER BY a, b, c, d) foo ORDER BY a, b, c, d, e
                                  QUERY PLAN                                  
------------------------------------------------------------------------------
 Limit  (cost=15802.78..15802.78 rows=1 width=20)
   ->  Incremental Sort  (cost=9942.11..14802.78 rows=100000 width=20)
         Sort Key: s_4.a, s_4.b, s_4.c, s_4.d, s_4.e
         Presorted Key: s_4.a, s_4.b, s_4.c, s_4.d
         ->  Sort  (cost=9941.82..10191.82 rows=100000 width=20)
               Sort Key: s_4.a, s_4.b, s_4.c, s_4.d
               ->  Seq Scan on s_4  (cost=0.00..1637.00 rows=100000 width=20)
(7 rows)

===== 365 [Wed Mar  7 02:03:06 CET 2018] scale:100000 groups:10000 work_mem:32MB incremental:off max_workers:0 =====
SELECT * FROM (SELECT * FROM s_1 ORDER BY a) foo ORDER BY a, b
                                  QUERY PLAN                                  
------------------------------------------------------------------------------
 Limit  (cost=20746.64..20746.64 rows=1 width=20)
   ->  Sort  (cost=19496.64..19746.64 rows=100000 width=20)
         Sort Key: s_1.a, s_1.b
         ->  Sort  (cost=9941.82..10191.82 rows=100000 width=20)
               Sort Key: s_1.a
               ->  Seq Scan on s_1  (cost=0.00..1637.00 rows=100000 width=20)
(6 rows)

===== 366 [Wed Mar  7 02:03:07 CET 2018] scale:100000 groups:10000 work_mem:32MB incremental:off max_workers:0 =====
SELECT * FROM (SELECT * FROM s_2 ORDER BY a, b) foo ORDER BY a, b, c
                                  QUERY PLAN                                  
------------------------------------------------------------------------------
 Limit  (cost=20746.64..20746.64 rows=1 width=20)
   ->  Sort  (cost=19496.64..19746.64 rows=100000 width=20)
         Sort Key: s_2.a, s_2.b, s_2.c
         ->  Sort  (cost=9941.82..10191.82 rows=100000 width=20)
               Sort Key: s_2.a, s_2.b
               ->  Seq Scan on s_2  (cost=0.00..1637.00 rows=100000 width=20)
(6 rows)

===== 367 [Wed Mar  7 02:03:07 CET 2018] scale:100000 groups:10000 work_mem:32MB incremental:off max_workers:0 =====
SELECT * FROM (SELECT * FROM s_3 ORDER BY a, b, c) foo ORDER BY a, b, c, d
                                  QUERY PLAN                                  
------------------------------------------------------------------------------
 Limit  (cost=20746.64..20746.64 rows=1 width=20)
   ->  Sort  (cost=19496.64..19746.64 rows=100000 width=20)
         Sort Key: s_3.a, s_3.b, s_3.c, s_3.d
         ->  Sort  (cost=9941.82..10191.82 rows=100000 width=20)
               Sort Key: s_3.a, s_3.b, s_3.c
               ->  Seq Scan on s_3  (cost=0.00..1637.00 rows=100000 width=20)
(6 rows)

===== 368 [Wed Mar  7 02:03:07 CET 2018] scale:100000 groups:10000 work_mem:32MB incremental:off max_workers:0 =====
SELECT * FROM (SELECT * FROM s_4 ORDER BY a, b, c, d) foo ORDER BY a, b, c, d, e
                                  QUERY PLAN                                  
------------------------------------------------------------------------------
 Limit  (cost=20746.64..20746.64 rows=1 width=20)
   ->  Sort  (cost=19496.64..19746.64 rows=100000 width=20)
         Sort Key: s_4.a, s_4.b, s_4.c, s_4.d, s_4.e
         ->  Sort  (cost=9941.82..10191.82 rows=100000 width=20)
               Sort Key: s_4.a, s_4.b, s_4.c, s_4.d
               ->  Seq Scan on s_4  (cost=0.00..1637.00 rows=100000 width=20)
(6 rows)

===== 369 [Wed Mar  7 02:03:08 CET 2018] scale:100000 groups:10000 work_mem:64MB incremental:on max_workers:0 =====
SELECT * FROM (SELECT * FROM s_1 ORDER BY a) foo ORDER BY a, b
                                  QUERY PLAN                                  
------------------------------------------------------------------------------
 Limit  (cost=15811.22..15811.22 rows=1 width=20)
   ->  Incremental Sort  (cost=9942.12..14811.22 rows=100000 width=20)
         Sort Key: s_1.a, s_1.b
         Presorted Key: s_1.a
         ->  Sort  (cost=9941.82..10191.82 rows=100000 width=20)
               Sort Key: s_1.a
               ->  Seq Scan on s_1  (cost=0.00..1637.00 rows=100000 width=20)
(7 rows)

===== 370 [Wed Mar  7 02:03:08 CET 2018] scale:100000 groups:10000 work_mem:64MB incremental:on max_workers:0 =====
SELECT * FROM (SELECT * FROM s_2 ORDER BY a, b) foo ORDER BY a, b, c
                                  QUERY PLAN                                  
------------------------------------------------------------------------------
 Limit  (cost=15802.78..15802.78 rows=1 width=20)
   ->  Incremental Sort  (cost=9942.11..14802.78 rows=100000 width=20)
         Sort Key: s_2.a, s_2.b, s_2.c
         Presorted Key: s_2.a, s_2.b
         ->  Sort  (cost=9941.82..10191.82 rows=100000 width=20)
               Sort Key: s_2.a, s_2.b
               ->  Seq Scan on s_2  (cost=0.00..1637.00 rows=100000 width=20)
(7 rows)

===== 371 [Wed Mar  7 02:03:08 CET 2018] scale:100000 groups:10000 work_mem:64MB incremental:on max_workers:0 =====
SELECT * FROM (SELECT * FROM s_3 ORDER BY a, b, c) foo ORDER BY a, b, c, d
                                  QUERY PLAN                                  
------------------------------------------------------------------------------
 Limit  (cost=15802.78..15802.78 rows=1 width=20)
   ->  Incremental Sort  (cost=9942.11..14802.78 rows=100000 width=20)
         Sort Key: s_3.a, s_3.b, s_3.c, s_3.d
         Presorted Key: s_3.a, s_3.b, s_3.c
         ->  Sort  (cost=9941.82..10191.82 rows=100000 width=20)
               Sort Key: s_3.a, s_3.b, s_3.c
               ->  Seq Scan on s_3  (cost=0.00..1637.00 rows=100000 width=20)
(7 rows)

===== 372 [Wed Mar  7 02:03:08 CET 2018] scale:100000 groups:10000 work_mem:64MB incremental:on max_workers:0 =====
SELECT * FROM (SELECT * FROM s_4 ORDER BY a, b, c, d) foo ORDER BY a, b, c, d, e
                                  QUERY PLAN                                  
------------------------------------------------------------------------------
 Limit  (cost=15802.78..15802.78 rows=1 width=20)
   ->  Incremental Sort  (cost=9942.11..14802.78 rows=100000 width=20)
         Sort Key: s_4.a, s_4.b, s_4.c, s_4.d, s_4.e
         Presorted Key: s_4.a, s_4.b, s_4.c, s_4.d
         ->  Sort  (cost=9941.82..10191.82 rows=100000 width=20)
               Sort Key: s_4.a, s_4.b, s_4.c, s_4.d
               ->  Seq Scan on s_4  (cost=0.00..1637.00 rows=100000 width=20)
(7 rows)

===== 373 [Wed Mar  7 02:03:09 CET 2018] scale:100000 groups:10000 work_mem:64MB incremental:off max_workers:0 =====
SELECT * FROM (SELECT * FROM s_1 ORDER BY a) foo ORDER BY a, b
                                  QUERY PLAN                                  
------------------------------------------------------------------------------
 Limit  (cost=20746.64..20746.64 rows=1 width=20)
   ->  Sort  (cost=19496.64..19746.64 rows=100000 width=20)
         Sort Key: s_1.a, s_1.b
         ->  Sort  (cost=9941.82..10191.82 rows=100000 width=20)
               Sort Key: s_1.a
               ->  Seq Scan on s_1  (cost=0.00..1637.00 rows=100000 width=20)
(6 rows)

===== 374 [Wed Mar  7 02:03:09 CET 2018] scale:100000 groups:10000 work_mem:64MB incremental:off max_workers:0 =====
SELECT * FROM (SELECT * FROM s_2 ORDER BY a, b) foo ORDER BY a, b, c
                                  QUERY PLAN                                  
------------------------------------------------------------------------------
 Limit  (cost=20746.64..20746.64 rows=1 width=20)
   ->  Sort  (cost=19496.64..19746.64 rows=100000 width=20)
         Sort Key: s_2.a, s_2.b, s_2.c
         ->  Sort  (cost=9941.82..10191.82 rows=100000 width=20)
               Sort Key: s_2.a, s_2.b
               ->  Seq Scan on s_2  (cost=0.00..1637.00 rows=100000 width=20)
(6 rows)

===== 375 [Wed Mar  7 02:03:09 CET 2018] scale:100000 groups:10000 work_mem:64MB incremental:off max_workers:0 =====
SELECT * FROM (SELECT * FROM s_3 ORDER BY a, b, c) foo ORDER BY a, b, c, d
                                  QUERY PLAN                                  
------------------------------------------------------------------------------
 Limit  (cost=20746.64..20746.64 rows=1 width=20)
   ->  Sort  (cost=19496.64..19746.64 rows=100000 width=20)
         Sort Key: s_3.a, s_3.b, s_3.c, s_3.d
         ->  Sort  (cost=9941.82..10191.82 rows=100000 width=20)
               Sort Key: s_3.a, s_3.b, s_3.c
               ->  Seq Scan on s_3  (cost=0.00..1637.00 rows=100000 width=20)
(6 rows)

===== 376 [Wed Mar  7 02:03:09 CET 2018] scale:100000 groups:10000 work_mem:64MB incremental:off max_workers:0 =====
SELECT * FROM (SELECT * FROM s_4 ORDER BY a, b, c, d) foo ORDER BY a, b, c, d, e
                                  QUERY PLAN                                  
------------------------------------------------------------------------------
 Limit  (cost=20746.64..20746.64 rows=1 width=20)
   ->  Sort  (cost=19496.64..19746.64 rows=100000 width=20)
         Sort Key: s_4.a, s_4.b, s_4.c, s_4.d, s_4.e
         ->  Sort  (cost=9941.82..10191.82 rows=100000 width=20)
               Sort Key: s_4.a, s_4.b, s_4.c, s_4.d
               ->  Seq Scan on s_4  (cost=0.00..1637.00 rows=100000 width=20)
(6 rows)

===== 377 [Wed Mar  7 02:03:10 CET 2018] scale:100000 groups:10000 work_mem:128MB incremental:on max_workers:0 =====
SELECT * FROM (SELECT * FROM s_1 ORDER BY a) foo ORDER BY a, b
                                  QUERY PLAN                                  
------------------------------------------------------------------------------
 Limit  (cost=15811.22..15811.22 rows=1 width=20)
   ->  Incremental Sort  (cost=9942.12..14811.22 rows=100000 width=20)
         Sort Key: s_1.a, s_1.b
         Presorted Key: s_1.a
         ->  Sort  (cost=9941.82..10191.82 rows=100000 width=20)
               Sort Key: s_1.a
               ->  Seq Scan on s_1  (cost=0.00..1637.00 rows=100000 width=20)
(7 rows)

===== 378 [Wed Mar  7 02:03:10 CET 2018] scale:100000 groups:10000 work_mem:128MB incremental:on max_workers:0 =====
SELECT * FROM (SELECT * FROM s_2 ORDER BY a, b) foo ORDER BY a, b, c
                                  QUERY PLAN                                  
------------------------------------------------------------------------------
 Limit  (cost=15802.78..15802.78 rows=1 width=20)
   ->  Incremental Sort  (cost=9942.11..14802.78 rows=100000 width=20)
         Sort Key: s_2.a, s_2.b, s_2.c
         Presorted Key: s_2.a, s_2.b
         ->  Sort  (cost=9941.82..10191.82 rows=100000 width=20)
               Sort Key: s_2.a, s_2.b
               ->  Seq Scan on s_2  (cost=0.00..1637.00 rows=100000 width=20)
(7 rows)

===== 379 [Wed Mar  7 02:03:10 CET 2018] scale:100000 groups:10000 work_mem:128MB incremental:on max_workers:0 =====
SELECT * FROM (SELECT * FROM s_3 ORDER BY a, b, c) foo ORDER BY a, b, c, d
                                  QUERY PLAN                                  
------------------------------------------------------------------------------
 Limit  (cost=15802.78..15802.78 rows=1 width=20)
   ->  Incremental Sort  (cost=9942.11..14802.78 rows=100000 width=20)
         Sort Key: s_3.a, s_3.b, s_3.c, s_3.d
         Presorted Key: s_3.a, s_3.b, s_3.c
         ->  Sort  (cost=9941.82..10191.82 rows=100000 width=20)
               Sort Key: s_3.a, s_3.b, s_3.c
               ->  Seq Scan on s_3  (cost=0.00..1637.00 rows=100000 width=20)
(7 rows)

===== 380 [Wed Mar  7 02:03:10 CET 2018] scale:100000 groups:10000 work_mem:128MB incremental:on max_workers:0 =====
SELECT * FROM (SELECT * FROM s_4 ORDER BY a, b, c, d) foo ORDER BY a, b, c, d, e
                                  QUERY PLAN                                  
------------------------------------------------------------------------------
 Limit  (cost=15802.78..15802.78 rows=1 width=20)
   ->  Incremental Sort  (cost=9942.11..14802.78 rows=100000 width=20)
         Sort Key: s_4.a, s_4.b, s_4.c, s_4.d, s_4.e
         Presorted Key: s_4.a, s_4.b, s_4.c, s_4.d
         ->  Sort  (cost=9941.82..10191.82 rows=100000 width=20)
               Sort Key: s_4.a, s_4.b, s_4.c, s_4.d
               ->  Seq Scan on s_4  (cost=0.00..1637.00 rows=100000 width=20)
(7 rows)

===== 381 [Wed Mar  7 02:03:11 CET 2018] scale:100000 groups:10000 work_mem:128MB incremental:off max_workers:0 =====
SELECT * FROM (SELECT * FROM s_1 ORDER BY a) foo ORDER BY a, b
                                  QUERY PLAN                                  
------------------------------------------------------------------------------
 Limit  (cost=20746.64..20746.64 rows=1 width=20)
   ->  Sort  (cost=19496.64..19746.64 rows=100000 width=20)
         Sort Key: s_1.a, s_1.b
         ->  Sort  (cost=9941.82..10191.82 rows=100000 width=20)
               Sort Key: s_1.a
               ->  Seq Scan on s_1  (cost=0.00..1637.00 rows=100000 width=20)
(6 rows)

===== 382 [Wed Mar  7 02:03:11 CET 2018] scale:100000 groups:10000 work_mem:128MB incremental:off max_workers:0 =====
SELECT * FROM (SELECT * FROM s_2 ORDER BY a, b) foo ORDER BY a, b, c
                                  QUERY PLAN                                  
------------------------------------------------------------------------------
 Limit  (cost=20746.64..20746.64 rows=1 width=20)
   ->  Sort  (cost=19496.64..19746.64 rows=100000 width=20)
         Sort Key: s_2.a, s_2.b, s_2.c
         ->  Sort  (cost=9941.82..10191.82 rows=100000 width=20)
               Sort Key: s_2.a, s_2.b
               ->  Seq Scan on s_2  (cost=0.00..1637.00 rows=100000 width=20)
(6 rows)

===== 383 [Wed Mar  7 02:03:11 CET 2018] scale:100000 groups:10000 work_mem:128MB incremental:off max_workers:0 =====
SELECT * FROM (SELECT * FROM s_3 ORDER BY a, b, c) foo ORDER BY a, b, c, d
                                  QUERY PLAN                                  
------------------------------------------------------------------------------
 Limit  (cost=20746.64..20746.64 rows=1 width=20)
   ->  Sort  (cost=19496.64..19746.64 rows=100000 width=20)
         Sort Key: s_3.a, s_3.b, s_3.c, s_3.d
         ->  Sort  (cost=9941.82..10191.82 rows=100000 width=20)
               Sort Key: s_3.a, s_3.b, s_3.c
               ->  Seq Scan on s_3  (cost=0.00..1637.00 rows=100000 width=20)
(6 rows)

===== 384 [Wed Mar  7 02:03:11 CET 2018] scale:100000 groups:10000 work_mem:128MB incremental:off max_workers:0 =====
SELECT * FROM (SELECT * FROM s_4 ORDER BY a, b, c, d) foo ORDER BY a, b, c, d, e
                                  QUERY PLAN                                  
------------------------------------------------------------------------------
 Limit  (cost=20746.64..20746.64 rows=1 width=20)
   ->  Sort  (cost=19496.64..19746.64 rows=100000 width=20)
         Sort Key: s_4.a, s_4.b, s_4.c, s_4.d, s_4.e
         ->  Sort  (cost=9941.82..10191.82 rows=100000 width=20)
               Sort Key: s_4.a, s_4.b, s_4.c, s_4.d
               ->  Seq Scan on s_4  (cost=0.00..1637.00 rows=100000 width=20)
(6 rows)

===== 385 [Wed Mar  7 02:03:12 CET 2018] scale:100000 groups:10000 work_mem:256MB incremental:on max_workers:0 =====
SELECT * FROM (SELECT * FROM s_1 ORDER BY a) foo ORDER BY a, b
                                  QUERY PLAN                                  
------------------------------------------------------------------------------
 Limit  (cost=15811.22..15811.22 rows=1 width=20)
   ->  Incremental Sort  (cost=9942.12..14811.22 rows=100000 width=20)
         Sort Key: s_1.a, s_1.b
         Presorted Key: s_1.a
         ->  Sort  (cost=9941.82..10191.82 rows=100000 width=20)
               Sort Key: s_1.a
               ->  Seq Scan on s_1  (cost=0.00..1637.00 rows=100000 width=20)
(7 rows)

===== 386 [Wed Mar  7 02:03:12 CET 2018] scale:100000 groups:10000 work_mem:256MB incremental:on max_workers:0 =====
SELECT * FROM (SELECT * FROM s_2 ORDER BY a, b) foo ORDER BY a, b, c
                                  QUERY PLAN                                  
------------------------------------------------------------------------------
 Limit  (cost=15802.78..15802.78 rows=1 width=20)
   ->  Incremental Sort  (cost=9942.11..14802.78 rows=100000 width=20)
         Sort Key: s_2.a, s_2.b, s_2.c
         Presorted Key: s_2.a, s_2.b
         ->  Sort  (cost=9941.82..10191.82 rows=100000 width=20)
               Sort Key: s_2.a, s_2.b
               ->  Seq Scan on s_2  (cost=0.00..1637.00 rows=100000 width=20)
(7 rows)

===== 387 [Wed Mar  7 02:03:12 CET 2018] scale:100000 groups:10000 work_mem:256MB incremental:on max_workers:0 =====
SELECT * FROM (SELECT * FROM s_3 ORDER BY a, b, c) foo ORDER BY a, b, c, d
                                  QUERY PLAN                                  
------------------------------------------------------------------------------
 Limit  (cost=15802.78..15802.78 rows=1 width=20)
   ->  Incremental Sort  (cost=9942.11..14802.78 rows=100000 width=20)
         Sort Key: s_3.a, s_3.b, s_3.c, s_3.d
         Presorted Key: s_3.a, s_3.b, s_3.c
         ->  Sort  (cost=9941.82..10191.82 rows=100000 width=20)
               Sort Key: s_3.a, s_3.b, s_3.c
               ->  Seq Scan on s_3  (cost=0.00..1637.00 rows=100000 width=20)
(7 rows)

===== 388 [Wed Mar  7 02:03:12 CET 2018] scale:100000 groups:10000 work_mem:256MB incremental:on max_workers:0 =====
SELECT * FROM (SELECT * FROM s_4 ORDER BY a, b, c, d) foo ORDER BY a, b, c, d, e
                                  QUERY PLAN                                  
------------------------------------------------------------------------------
 Limit  (cost=15802.78..15802.78 rows=1 width=20)
   ->  Incremental Sort  (cost=9942.11..14802.78 rows=100000 width=20)
         Sort Key: s_4.a, s_4.b, s_4.c, s_4.d, s_4.e
         Presorted Key: s_4.a, s_4.b, s_4.c, s_4.d
         ->  Sort  (cost=9941.82..10191.82 rows=100000 width=20)
               Sort Key: s_4.a, s_4.b, s_4.c, s_4.d
               ->  Seq Scan on s_4  (cost=0.00..1637.00 rows=100000 width=20)
(7 rows)

===== 389 [Wed Mar  7 02:03:13 CET 2018] scale:100000 groups:10000 work_mem:256MB incremental:off max_workers:0 =====
SELECT * FROM (SELECT * FROM s_1 ORDER BY a) foo ORDER BY a, b
                                  QUERY PLAN                                  
------------------------------------------------------------------------------
 Limit  (cost=20746.64..20746.64 rows=1 width=20)
   ->  Sort  (cost=19496.64..19746.64 rows=100000 width=20)
         Sort Key: s_1.a, s_1.b
         ->  Sort  (cost=9941.82..10191.82 rows=100000 width=20)
               Sort Key: s_1.a
               ->  Seq Scan on s_1  (cost=0.00..1637.00 rows=100000 width=20)
(6 rows)

===== 390 [Wed Mar  7 02:03:13 CET 2018] scale:100000 groups:10000 work_mem:256MB incremental:off max_workers:0 =====
SELECT * FROM (SELECT * FROM s_2 ORDER BY a, b) foo ORDER BY a, b, c
                                  QUERY PLAN                                  
------------------------------------------------------------------------------
 Limit  (cost=20746.64..20746.64 rows=1 width=20)
   ->  Sort  (cost=19496.64..19746.64 rows=100000 width=20)
         Sort Key: s_2.a, s_2.b, s_2.c
         ->  Sort  (cost=9941.82..10191.82 rows=100000 width=20)
               Sort Key: s_2.a, s_2.b
               ->  Seq Scan on s_2  (cost=0.00..1637.00 rows=100000 width=20)
(6 rows)

===== 391 [Wed Mar  7 02:03:13 CET 2018] scale:100000 groups:10000 work_mem:256MB incremental:off max_workers:0 =====
SELECT * FROM (SELECT * FROM s_3 ORDER BY a, b, c) foo ORDER BY a, b, c, d
                                  QUERY PLAN                                  
------------------------------------------------------------------------------
 Limit  (cost=20746.64..20746.64 rows=1 width=20)
   ->  Sort  (cost=19496.64..19746.64 rows=100000 width=20)
         Sort Key: s_3.a, s_3.b, s_3.c, s_3.d
         ->  Sort  (cost=9941.82..10191.82 rows=100000 width=20)
               Sort Key: s_3.a, s_3.b, s_3.c
               ->  Seq Scan on s_3  (cost=0.00..1637.00 rows=100000 width=20)
(6 rows)

===== 392 [Wed Mar  7 02:03:13 CET 2018] scale:100000 groups:10000 work_mem:256MB incremental:off max_workers:0 =====
SELECT * FROM (SELECT * FROM s_4 ORDER BY a, b, c, d) foo ORDER BY a, b, c, d, e
                                  QUERY PLAN                                  
------------------------------------------------------------------------------
 Limit  (cost=20746.64..20746.64 rows=1 width=20)
   ->  Sort  (cost=19496.64..19746.64 rows=100000 width=20)
         Sort Key: s_4.a, s_4.b, s_4.c, s_4.d, s_4.e
         ->  Sort  (cost=9941.82..10191.82 rows=100000 width=20)
               Sort Key: s_4.a, s_4.b, s_4.c, s_4.d
               ->  Seq Scan on s_4  (cost=0.00..1637.00 rows=100000 width=20)
(6 rows)

===== 393 [Wed Mar  7 02:03:14 CET 2018] scale:100000 groups:10000 work_mem:4MB incremental:on max_workers:2 =====
SELECT * FROM (SELECT * FROM s_1 ORDER BY a) foo ORDER BY a, b
                                  QUERY PLAN                                  
------------------------------------------------------------------------------
 Limit  (cost=17862.22..17862.22 rows=1 width=20)
   ->  Incremental Sort  (cost=11993.12..16862.22 rows=100000 width=20)
         Sort Key: s_1.a, s_1.b
         Presorted Key: s_1.a
         ->  Sort  (cost=11992.82..12242.82 rows=100000 width=20)
               Sort Key: s_1.a
               ->  Seq Scan on s_1  (cost=0.00..1637.00 rows=100000 width=20)
(7 rows)

===== 394 [Wed Mar  7 02:03:14 CET 2018] scale:100000 groups:10000 work_mem:4MB incremental:on max_workers:2 =====
SELECT * FROM (SELECT * FROM s_2 ORDER BY a, b) foo ORDER BY a, b, c
                                  QUERY PLAN                                  
------------------------------------------------------------------------------
 Limit  (cost=17853.78..17853.78 rows=1 width=20)
   ->  Incremental Sort  (cost=11993.11..16853.78 rows=100000 width=20)
         Sort Key: s_2.a, s_2.b, s_2.c
         Presorted Key: s_2.a, s_2.b
         ->  Sort  (cost=11992.82..12242.82 rows=100000 width=20)
               Sort Key: s_2.a, s_2.b
               ->  Seq Scan on s_2  (cost=0.00..1637.00 rows=100000 width=20)
(7 rows)

===== 395 [Wed Mar  7 02:03:14 CET 2018] scale:100000 groups:10000 work_mem:4MB incremental:on max_workers:2 =====
SELECT * FROM (SELECT * FROM s_3 ORDER BY a, b, c) foo ORDER BY a, b, c, d
                                  QUERY PLAN                                  
------------------------------------------------------------------------------
 Limit  (cost=17853.78..17853.78 rows=1 width=20)
   ->  Incremental Sort  (cost=11993.11..16853.78 rows=100000 width=20)
         Sort Key: s_3.a, s_3.b, s_3.c, s_3.d
         Presorted Key: s_3.a, s_3.b, s_3.c
         ->  Sort  (cost=11992.82..12242.82 rows=100000 width=20)
               Sort Key: s_3.a, s_3.b, s_3.c
               ->  Seq Scan on s_3  (cost=0.00..1637.00 rows=100000 width=20)
(7 rows)

===== 396 [Wed Mar  7 02:03:15 CET 2018] scale:100000 groups:10000 work_mem:4MB incremental:on max_workers:2 =====
SELECT * FROM (SELECT * FROM s_4 ORDER BY a, b, c, d) foo ORDER BY a, b, c, d, e
                                  QUERY PLAN                                  
------------------------------------------------------------------------------
 Limit  (cost=17853.78..17853.78 rows=1 width=20)
   ->  Incremental Sort  (cost=11993.11..16853.78 rows=100000 width=20)
         Sort Key: s_4.a, s_4.b, s_4.c, s_4.d, s_4.e
         Presorted Key: s_4.a, s_4.b, s_4.c, s_4.d
         ->  Sort  (cost=11992.82..12242.82 rows=100000 width=20)
               Sort Key: s_4.a, s_4.b, s_4.c, s_4.d
               ->  Seq Scan on s_4  (cost=0.00..1637.00 rows=100000 width=20)
(7 rows)

===== 397 [Wed Mar  7 02:03:15 CET 2018] scale:100000 groups:10000 work_mem:4MB incremental:off max_workers:2 =====
SELECT * FROM (SELECT * FROM s_1 ORDER BY a) foo ORDER BY a, b
                                  QUERY PLAN                                  
------------------------------------------------------------------------------
 Limit  (cost=24848.64..24848.64 rows=1 width=20)
   ->  Sort  (cost=23598.64..23848.64 rows=100000 width=20)
         Sort Key: s_1.a, s_1.b
         ->  Sort  (cost=11992.82..12242.82 rows=100000 width=20)
               Sort Key: s_1.a
               ->  Seq Scan on s_1  (cost=0.00..1637.00 rows=100000 width=20)
(6 rows)

===== 398 [Wed Mar  7 02:03:15 CET 2018] scale:100000 groups:10000 work_mem:4MB incremental:off max_workers:2 =====
SELECT * FROM (SELECT * FROM s_2 ORDER BY a, b) foo ORDER BY a, b, c
                                  QUERY PLAN                                  
------------------------------------------------------------------------------
 Limit  (cost=24848.64..24848.64 rows=1 width=20)
   ->  Sort  (cost=23598.64..23848.64 rows=100000 width=20)
         Sort Key: s_2.a, s_2.b, s_2.c
         ->  Sort  (cost=11992.82..12242.82 rows=100000 width=20)
               Sort Key: s_2.a, s_2.b
               ->  Seq Scan on s_2  (cost=0.00..1637.00 rows=100000 width=20)
(6 rows)

===== 399 [Wed Mar  7 02:03:16 CET 2018] scale:100000 groups:10000 work_mem:4MB incremental:off max_workers:2 =====
SELECT * FROM (SELECT * FROM s_3 ORDER BY a, b, c) foo ORDER BY a, b, c, d
                                  QUERY PLAN                                  
------------------------------------------------------------------------------
 Limit  (cost=24848.64..24848.64 rows=1 width=20)
   ->  Sort  (cost=23598.64..23848.64 rows=100000 width=20)
         Sort Key: s_3.a, s_3.b, s_3.c, s_3.d
         ->  Sort  (cost=11992.82..12242.82 rows=100000 width=20)
               Sort Key: s_3.a, s_3.b, s_3.c
               ->  Seq Scan on s_3  (cost=0.00..1637.00 rows=100000 width=20)
(6 rows)

===== 400 [Wed Mar  7 02:03:16 CET 2018] scale:100000 groups:10000 work_mem:4MB incremental:off max_workers:2 =====
SELECT * FROM (SELECT * FROM s_4 ORDER BY a, b, c, d) foo ORDER BY a, b, c, d, e
                                  QUERY PLAN                                  
------------------------------------------------------------------------------
 Limit  (cost=24848.64..24848.64 rows=1 width=20)
   ->  Sort  (cost=23598.64..23848.64 rows=100000 width=20)
         Sort Key: s_4.a, s_4.b, s_4.c, s_4.d, s_4.e
         ->  Sort  (cost=11992.82..12242.82 rows=100000 width=20)
               Sort Key: s_4.a, s_4.b, s_4.c, s_4.d
               ->  Seq Scan on s_4  (cost=0.00..1637.00 rows=100000 width=20)
(6 rows)

===== 401 [Wed Mar  7 02:03:16 CET 2018] scale:100000 groups:10000 work_mem:8MB incremental:on max_workers:2 =====
SELECT * FROM (SELECT * FROM s_1 ORDER BY a) foo ORDER BY a, b
                                  QUERY PLAN                                  
------------------------------------------------------------------------------
 Limit  (cost=15811.22..15811.22 rows=1 width=20)
   ->  Incremental Sort  (cost=9942.12..14811.22 rows=100000 width=20)
         Sort Key: s_1.a, s_1.b
         Presorted Key: s_1.a
         ->  Sort  (cost=9941.82..10191.82 rows=100000 width=20)
               Sort Key: s_1.a
               ->  Seq Scan on s_1  (cost=0.00..1637.00 rows=100000 width=20)
(7 rows)

===== 402 [Wed Mar  7 02:03:17 CET 2018] scale:100000 groups:10000 work_mem:8MB incremental:on max_workers:2 =====
SELECT * FROM (SELECT * FROM s_2 ORDER BY a, b) foo ORDER BY a, b, c
                                  QUERY PLAN                                  
------------------------------------------------------------------------------
 Limit  (cost=15802.78..15802.78 rows=1 width=20)
   ->  Incremental Sort  (cost=9942.11..14802.78 rows=100000 width=20)
         Sort Key: s_2.a, s_2.b, s_2.c
         Presorted Key: s_2.a, s_2.b
         ->  Sort  (cost=9941.82..10191.82 rows=100000 width=20)
               Sort Key: s_2.a, s_2.b
               ->  Seq Scan on s_2  (cost=0.00..1637.00 rows=100000 width=20)
(7 rows)

===== 403 [Wed Mar  7 02:03:17 CET 2018] scale:100000 groups:10000 work_mem:8MB incremental:on max_workers:2 =====
SELECT * FROM (SELECT * FROM s_3 ORDER BY a, b, c) foo ORDER BY a, b, c, d
                                  QUERY PLAN                                  
------------------------------------------------------------------------------
 Limit  (cost=15802.78..15802.78 rows=1 width=20)
   ->  Incremental Sort  (cost=9942.11..14802.78 rows=100000 width=20)
         Sort Key: s_3.a, s_3.b, s_3.c, s_3.d
         Presorted Key: s_3.a, s_3.b, s_3.c
         ->  Sort  (cost=9941.82..10191.82 rows=100000 width=20)
               Sort Key: s_3.a, s_3.b, s_3.c
               ->  Seq Scan on s_3  (cost=0.00..1637.00 rows=100000 width=20)
(7 rows)

===== 404 [Wed Mar  7 02:03:17 CET 2018] scale:100000 groups:10000 work_mem:8MB incremental:on max_workers:2 =====
SELECT * FROM (SELECT * FROM s_4 ORDER BY a, b, c, d) foo ORDER BY a, b, c, d, e
                                  QUERY PLAN                                  
------------------------------------------------------------------------------
 Limit  (cost=15802.78..15802.78 rows=1 width=20)
   ->  Incremental Sort  (cost=9942.11..14802.78 rows=100000 width=20)
         Sort Key: s_4.a, s_4.b, s_4.c, s_4.d, s_4.e
         Presorted Key: s_4.a, s_4.b, s_4.c, s_4.d
         ->  Sort  (cost=9941.82..10191.82 rows=100000 width=20)
               Sort Key: s_4.a, s_4.b, s_4.c, s_4.d
               ->  Seq Scan on s_4  (cost=0.00..1637.00 rows=100000 width=20)
(7 rows)

===== 405 [Wed Mar  7 02:03:17 CET 2018] scale:100000 groups:10000 work_mem:8MB incremental:off max_workers:2 =====
SELECT * FROM (SELECT * FROM s_1 ORDER BY a) foo ORDER BY a, b
                                  QUERY PLAN                                  
------------------------------------------------------------------------------
 Limit  (cost=20746.64..20746.64 rows=1 width=20)
   ->  Sort  (cost=19496.64..19746.64 rows=100000 width=20)
         Sort Key: s_1.a, s_1.b
         ->  Sort  (cost=9941.82..10191.82 rows=100000 width=20)
               Sort Key: s_1.a
               ->  Seq Scan on s_1  (cost=0.00..1637.00 rows=100000 width=20)
(6 rows)

===== 406 [Wed Mar  7 02:03:18 CET 2018] scale:100000 groups:10000 work_mem:8MB incremental:off max_workers:2 =====
SELECT * FROM (SELECT * FROM s_2 ORDER BY a, b) foo ORDER BY a, b, c
                                  QUERY PLAN                                  
------------------------------------------------------------------------------
 Limit  (cost=20746.64..20746.64 rows=1 width=20)
   ->  Sort  (cost=19496.64..19746.64 rows=100000 width=20)
         Sort Key: s_2.a, s_2.b, s_2.c
         ->  Sort  (cost=9941.82..10191.82 rows=100000 width=20)
               Sort Key: s_2.a, s_2.b
               ->  Seq Scan on s_2  (cost=0.00..1637.00 rows=100000 width=20)
(6 rows)

===== 407 [Wed Mar  7 02:03:18 CET 2018] scale:100000 groups:10000 work_mem:8MB incremental:off max_workers:2 =====
SELECT * FROM (SELECT * FROM s_3 ORDER BY a, b, c) foo ORDER BY a, b, c, d
                                  QUERY PLAN                                  
------------------------------------------------------------------------------
 Limit  (cost=20746.64..20746.64 rows=1 width=20)
   ->  Sort  (cost=19496.64..19746.64 rows=100000 width=20)
         Sort Key: s_3.a, s_3.b, s_3.c, s_3.d
         ->  Sort  (cost=9941.82..10191.82 rows=100000 width=20)
               Sort Key: s_3.a, s_3.b, s_3.c
               ->  Seq Scan on s_3  (cost=0.00..1637.00 rows=100000 width=20)
(6 rows)

===== 408 [Wed Mar  7 02:03:19 CET 2018] scale:100000 groups:10000 work_mem:8MB incremental:off max_workers:2 =====
SELECT * FROM (SELECT * FROM s_4 ORDER BY a, b, c, d) foo ORDER BY a, b, c, d, e
                                  QUERY PLAN                                  
------------------------------------------------------------------------------
 Limit  (cost=20746.64..20746.64 rows=1 width=20)
   ->  Sort  (cost=19496.64..19746.64 rows=100000 width=20)
         Sort Key: s_4.a, s_4.b, s_4.c, s_4.d, s_4.e
         ->  Sort  (cost=9941.82..10191.82 rows=100000 width=20)
               Sort Key: s_4.a, s_4.b, s_4.c, s_4.d
               ->  Seq Scan on s_4  (cost=0.00..1637.00 rows=100000 width=20)
(6 rows)

===== 409 [Wed Mar  7 02:03:19 CET 2018] scale:100000 groups:10000 work_mem:16MB incremental:on max_workers:2 =====
SELECT * FROM (SELECT * FROM s_1 ORDER BY a) foo ORDER BY a, b
                                  QUERY PLAN                                  
------------------------------------------------------------------------------
 Limit  (cost=15811.22..15811.22 rows=1 width=20)
   ->  Incremental Sort  (cost=9942.12..14811.22 rows=100000 width=20)
         Sort Key: s_1.a, s_1.b
         Presorted Key: s_1.a
         ->  Sort  (cost=9941.82..10191.82 rows=100000 width=20)
               Sort Key: s_1.a
               ->  Seq Scan on s_1  (cost=0.00..1637.00 rows=100000 width=20)
(7 rows)

===== 410 [Wed Mar  7 02:03:19 CET 2018] scale:100000 groups:10000 work_mem:16MB incremental:on max_workers:2 =====
SELECT * FROM (SELECT * FROM s_2 ORDER BY a, b) foo ORDER BY a, b, c
                                  QUERY PLAN                                  
------------------------------------------------------------------------------
 Limit  (cost=15802.78..15802.78 rows=1 width=20)
   ->  Incremental Sort  (cost=9942.11..14802.78 rows=100000 width=20)
         Sort Key: s_2.a, s_2.b, s_2.c
         Presorted Key: s_2.a, s_2.b
         ->  Sort  (cost=9941.82..10191.82 rows=100000 width=20)
               Sort Key: s_2.a, s_2.b
               ->  Seq Scan on s_2  (cost=0.00..1637.00 rows=100000 width=20)
(7 rows)

===== 411 [Wed Mar  7 02:03:20 CET 2018] scale:100000 groups:10000 work_mem:16MB incremental:on max_workers:2 =====
SELECT * FROM (SELECT * FROM s_3 ORDER BY a, b, c) foo ORDER BY a, b, c, d
                                  QUERY PLAN                                  
------------------------------------------------------------------------------
 Limit  (cost=15802.78..15802.78 rows=1 width=20)
   ->  Incremental Sort  (cost=9942.11..14802.78 rows=100000 width=20)
         Sort Key: s_3.a, s_3.b, s_3.c, s_3.d
         Presorted Key: s_3.a, s_3.b, s_3.c
         ->  Sort  (cost=9941.82..10191.82 rows=100000 width=20)
               Sort Key: s_3.a, s_3.b, s_3.c
               ->  Seq Scan on s_3  (cost=0.00..1637.00 rows=100000 width=20)
(7 rows)

===== 412 [Wed Mar  7 02:03:20 CET 2018] scale:100000 groups:10000 work_mem:16MB incremental:on max_workers:2 =====
SELECT * FROM (SELECT * FROM s_4 ORDER BY a, b, c, d) foo ORDER BY a, b, c, d, e
                                  QUERY PLAN                                  
------------------------------------------------------------------------------
 Limit  (cost=15802.78..15802.78 rows=1 width=20)
   ->  Incremental Sort  (cost=9942.11..14802.78 rows=100000 width=20)
         Sort Key: s_4.a, s_4.b, s_4.c, s_4.d, s_4.e
         Presorted Key: s_4.a, s_4.b, s_4.c, s_4.d
         ->  Sort  (cost=9941.82..10191.82 rows=100000 width=20)
               Sort Key: s_4.a, s_4.b, s_4.c, s_4.d
               ->  Seq Scan on s_4  (cost=0.00..1637.00 rows=100000 width=20)
(7 rows)

===== 413 [Wed Mar  7 02:03:20 CET 2018] scale:100000 groups:10000 work_mem:16MB incremental:off max_workers:2 =====
SELECT * FROM (SELECT * FROM s_1 ORDER BY a) foo ORDER BY a, b
                                  QUERY PLAN                                  
------------------------------------------------------------------------------
 Limit  (cost=20746.64..20746.64 rows=1 width=20)
   ->  Sort  (cost=19496.64..19746.64 rows=100000 width=20)
         Sort Key: s_1.a, s_1.b
         ->  Sort  (cost=9941.82..10191.82 rows=100000 width=20)
               Sort Key: s_1.a
               ->  Seq Scan on s_1  (cost=0.00..1637.00 rows=100000 width=20)
(6 rows)

===== 414 [Wed Mar  7 02:03:20 CET 2018] scale:100000 groups:10000 work_mem:16MB incremental:off max_workers:2 =====
SELECT * FROM (SELECT * FROM s_2 ORDER BY a, b) foo ORDER BY a, b, c
                                  QUERY PLAN                                  
------------------------------------------------------------------------------
 Limit  (cost=20746.64..20746.64 rows=1 width=20)
   ->  Sort  (cost=19496.64..19746.64 rows=100000 width=20)
         Sort Key: s_2.a, s_2.b, s_2.c
         ->  Sort  (cost=9941.82..10191.82 rows=100000 width=20)
               Sort Key: s_2.a, s_2.b
               ->  Seq Scan on s_2  (cost=0.00..1637.00 rows=100000 width=20)
(6 rows)

===== 415 [Wed Mar  7 02:03:21 CET 2018] scale:100000 groups:10000 work_mem:16MB incremental:off max_workers:2 =====
SELECT * FROM (SELECT * FROM s_3 ORDER BY a, b, c) foo ORDER BY a, b, c, d
                                  QUERY PLAN                                  
------------------------------------------------------------------------------
 Limit  (cost=20746.64..20746.64 rows=1 width=20)
   ->  Sort  (cost=19496.64..19746.64 rows=100000 width=20)
         Sort Key: s_3.a, s_3.b, s_3.c, s_3.d
         ->  Sort  (cost=9941.82..10191.82 rows=100000 width=20)
               Sort Key: s_3.a, s_3.b, s_3.c
               ->  Seq Scan on s_3  (cost=0.00..1637.00 rows=100000 width=20)
(6 rows)

===== 416 [Wed Mar  7 02:03:21 CET 2018] scale:100000 groups:10000 work_mem:16MB incremental:off max_workers:2 =====
SELECT * FROM (SELECT * FROM s_4 ORDER BY a, b, c, d) foo ORDER BY a, b, c, d, e
                                  QUERY PLAN                                  
------------------------------------------------------------------------------
 Limit  (cost=20746.64..20746.64 rows=1 width=20)
   ->  Sort  (cost=19496.64..19746.64 rows=100000 width=20)
         Sort Key: s_4.a, s_4.b, s_4.c, s_4.d, s_4.e
         ->  Sort  (cost=9941.82..10191.82 rows=100000 width=20)
               Sort Key: s_4.a, s_4.b, s_4.c, s_4.d
               ->  Seq Scan on s_4  (cost=0.00..1637.00 rows=100000 width=20)
(6 rows)

===== 417 [Wed Mar  7 02:03:21 CET 2018] scale:100000 groups:10000 work_mem:32MB incremental:on max_workers:2 =====
SELECT * FROM (SELECT * FROM s_1 ORDER BY a) foo ORDER BY a, b
                                  QUERY PLAN                                  
------------------------------------------------------------------------------
 Limit  (cost=15811.22..15811.22 rows=1 width=20)
   ->  Incremental Sort  (cost=9942.12..14811.22 rows=100000 width=20)
         Sort Key: s_1.a, s_1.b
         Presorted Key: s_1.a
         ->  Sort  (cost=9941.82..10191.82 rows=100000 width=20)
               Sort Key: s_1.a
               ->  Seq Scan on s_1  (cost=0.00..1637.00 rows=100000 width=20)
(7 rows)

===== 418 [Wed Mar  7 02:03:21 CET 2018] scale:100000 groups:10000 work_mem:32MB incremental:on max_workers:2 =====
SELECT * FROM (SELECT * FROM s_2 ORDER BY a, b) foo ORDER BY a, b, c
                                  QUERY PLAN                                  
------------------------------------------------------------------------------
 Limit  (cost=15802.78..15802.78 rows=1 width=20)
   ->  Incremental Sort  (cost=9942.11..14802.78 rows=100000 width=20)
         Sort Key: s_2.a, s_2.b, s_2.c
         Presorted Key: s_2.a, s_2.b
         ->  Sort  (cost=9941.82..10191.82 rows=100000 width=20)
               Sort Key: s_2.a, s_2.b
               ->  Seq Scan on s_2  (cost=0.00..1637.00 rows=100000 width=20)
(7 rows)

===== 419 [Wed Mar  7 02:03:22 CET 2018] scale:100000 groups:10000 work_mem:32MB incremental:on max_workers:2 =====
SELECT * FROM (SELECT * FROM s_3 ORDER BY a, b, c) foo ORDER BY a, b, c, d
                                  QUERY PLAN                                  
------------------------------------------------------------------------------
 Limit  (cost=15802.78..15802.78 rows=1 width=20)
   ->  Incremental Sort  (cost=9942.11..14802.78 rows=100000 width=20)
         Sort Key: s_3.a, s_3.b, s_3.c, s_3.d
         Presorted Key: s_3.a, s_3.b, s_3.c
         ->  Sort  (cost=9941.82..10191.82 rows=100000 width=20)
               Sort Key: s_3.a, s_3.b, s_3.c
               ->  Seq Scan on s_3  (cost=0.00..1637.00 rows=100000 width=20)
(7 rows)

===== 420 [Wed Mar  7 02:03:22 CET 2018] scale:100000 groups:10000 work_mem:32MB incremental:on max_workers:2 =====
SELECT * FROM (SELECT * FROM s_4 ORDER BY a, b, c, d) foo ORDER BY a, b, c, d, e
                                  QUERY PLAN                                  
------------------------------------------------------------------------------
 Limit  (cost=15802.78..15802.78 rows=1 width=20)
   ->  Incremental Sort  (cost=9942.11..14802.78 rows=100000 width=20)
         Sort Key: s_4.a, s_4.b, s_4.c, s_4.d, s_4.e
         Presorted Key: s_4.a, s_4.b, s_4.c, s_4.d
         ->  Sort  (cost=9941.82..10191.82 rows=100000 width=20)
               Sort Key: s_4.a, s_4.b, s_4.c, s_4.d
               ->  Seq Scan on s_4  (cost=0.00..1637.00 rows=100000 width=20)
(7 rows)

===== 421 [Wed Mar  7 02:03:22 CET 2018] scale:100000 groups:10000 work_mem:32MB incremental:off max_workers:2 =====
SELECT * FROM (SELECT * FROM s_1 ORDER BY a) foo ORDER BY a, b
                                  QUERY PLAN                                  
------------------------------------------------------------------------------
 Limit  (cost=20746.64..20746.64 rows=1 width=20)
   ->  Sort  (cost=19496.64..19746.64 rows=100000 width=20)
         Sort Key: s_1.a, s_1.b
         ->  Sort  (cost=9941.82..10191.82 rows=100000 width=20)
               Sort Key: s_1.a
               ->  Seq Scan on s_1  (cost=0.00..1637.00 rows=100000 width=20)
(6 rows)

===== 422 [Wed Mar  7 02:03:22 CET 2018] scale:100000 groups:10000 work_mem:32MB incremental:off max_workers:2 =====
SELECT * FROM (SELECT * FROM s_2 ORDER BY a, b) foo ORDER BY a, b, c
                                  QUERY PLAN                                  
------------------------------------------------------------------------------
 Limit  (cost=20746.64..20746.64 rows=1 width=20)
   ->  Sort  (cost=19496.64..19746.64 rows=100000 width=20)
         Sort Key: s_2.a, s_2.b, s_2.c
         ->  Sort  (cost=9941.82..10191.82 rows=100000 width=20)
               Sort Key: s_2.a, s_2.b
               ->  Seq Scan on s_2  (cost=0.00..1637.00 rows=100000 width=20)
(6 rows)

===== 423 [Wed Mar  7 02:03:23 CET 2018] scale:100000 groups:10000 work_mem:32MB incremental:off max_workers:2 =====
SELECT * FROM (SELECT * FROM s_3 ORDER BY a, b, c) foo ORDER BY a, b, c, d
                                  QUERY PLAN                                  
------------------------------------------------------------------------------
 Limit  (cost=20746.64..20746.64 rows=1 width=20)
   ->  Sort  (cost=19496.64..19746.64 rows=100000 width=20)
         Sort Key: s_3.a, s_3.b, s_3.c, s_3.d
         ->  Sort  (cost=9941.82..10191.82 rows=100000 width=20)
               Sort Key: s_3.a, s_3.b, s_3.c
               ->  Seq Scan on s_3  (cost=0.00..1637.00 rows=100000 width=20)
(6 rows)

===== 424 [Wed Mar  7 02:03:23 CET 2018] scale:100000 groups:10000 work_mem:32MB incremental:off max_workers:2 =====
SELECT * FROM (SELECT * FROM s_4 ORDER BY a, b, c, d) foo ORDER BY a, b, c, d, e
                                  QUERY PLAN                                  
------------------------------------------------------------------------------
 Limit  (cost=20746.64..20746.64 rows=1 width=20)
   ->  Sort  (cost=19496.64..19746.64 rows=100000 width=20)
         Sort Key: s_4.a, s_4.b, s_4.c, s_4.d, s_4.e
         ->  Sort  (cost=9941.82..10191.82 rows=100000 width=20)
               Sort Key: s_4.a, s_4.b, s_4.c, s_4.d
               ->  Seq Scan on s_4  (cost=0.00..1637.00 rows=100000 width=20)
(6 rows)

===== 425 [Wed Mar  7 02:03:23 CET 2018] scale:100000 groups:10000 work_mem:64MB incremental:on max_workers:2 =====
SELECT * FROM (SELECT * FROM s_1 ORDER BY a) foo ORDER BY a, b
                                  QUERY PLAN                                  
------------------------------------------------------------------------------
 Limit  (cost=15811.22..15811.22 rows=1 width=20)
   ->  Incremental Sort  (cost=9942.12..14811.22 rows=100000 width=20)
         Sort Key: s_1.a, s_1.b
         Presorted Key: s_1.a
         ->  Sort  (cost=9941.82..10191.82 rows=100000 width=20)
               Sort Key: s_1.a
               ->  Seq Scan on s_1  (cost=0.00..1637.00 rows=100000 width=20)
(7 rows)

===== 426 [Wed Mar  7 02:03:23 CET 2018] scale:100000 groups:10000 work_mem:64MB incremental:on max_workers:2 =====
SELECT * FROM (SELECT * FROM s_2 ORDER BY a, b) foo ORDER BY a, b, c
                                  QUERY PLAN                                  
------------------------------------------------------------------------------
 Limit  (cost=15802.78..15802.78 rows=1 width=20)
   ->  Incremental Sort  (cost=9942.11..14802.78 rows=100000 width=20)
         Sort Key: s_2.a, s_2.b, s_2.c
         Presorted Key: s_2.a, s_2.b
         ->  Sort  (cost=9941.82..10191.82 rows=100000 width=20)
               Sort Key: s_2.a, s_2.b
               ->  Seq Scan on s_2  (cost=0.00..1637.00 rows=100000 width=20)
(7 rows)

===== 427 [Wed Mar  7 02:03:24 CET 2018] scale:100000 groups:10000 work_mem:64MB incremental:on max_workers:2 =====
SELECT * FROM (SELECT * FROM s_3 ORDER BY a, b, c) foo ORDER BY a, b, c, d
                                  QUERY PLAN                                  
------------------------------------------------------------------------------
 Limit  (cost=15802.78..15802.78 rows=1 width=20)
   ->  Incremental Sort  (cost=9942.11..14802.78 rows=100000 width=20)
         Sort Key: s_3.a, s_3.b, s_3.c, s_3.d
         Presorted Key: s_3.a, s_3.b, s_3.c
         ->  Sort  (cost=9941.82..10191.82 rows=100000 width=20)
               Sort Key: s_3.a, s_3.b, s_3.c
               ->  Seq Scan on s_3  (cost=0.00..1637.00 rows=100000 width=20)
(7 rows)

===== 428 [Wed Mar  7 02:03:24 CET 2018] scale:100000 groups:10000 work_mem:64MB incremental:on max_workers:2 =====
SELECT * FROM (SELECT * FROM s_4 ORDER BY a, b, c, d) foo ORDER BY a, b, c, d, e
                                  QUERY PLAN                                  
------------------------------------------------------------------------------
 Limit  (cost=15802.78..15802.78 rows=1 width=20)
   ->  Incremental Sort  (cost=9942.11..14802.78 rows=100000 width=20)
         Sort Key: s_4.a, s_4.b, s_4.c, s_4.d, s_4.e
         Presorted Key: s_4.a, s_4.b, s_4.c, s_4.d
         ->  Sort  (cost=9941.82..10191.82 rows=100000 width=20)
               Sort Key: s_4.a, s_4.b, s_4.c, s_4.d
               ->  Seq Scan on s_4  (cost=0.00..1637.00 rows=100000 width=20)
(7 rows)

===== 429 [Wed Mar  7 02:03:24 CET 2018] scale:100000 groups:10000 work_mem:64MB incremental:off max_workers:2 =====
SELECT * FROM (SELECT * FROM s_1 ORDER BY a) foo ORDER BY a, b
                                  QUERY PLAN                                  
------------------------------------------------------------------------------
 Limit  (cost=20746.64..20746.64 rows=1 width=20)
   ->  Sort  (cost=19496.64..19746.64 rows=100000 width=20)
         Sort Key: s_1.a, s_1.b
         ->  Sort  (cost=9941.82..10191.82 rows=100000 width=20)
               Sort Key: s_1.a
               ->  Seq Scan on s_1  (cost=0.00..1637.00 rows=100000 width=20)
(6 rows)

===== 430 [Wed Mar  7 02:03:24 CET 2018] scale:100000 groups:10000 work_mem:64MB incremental:off max_workers:2 =====
SELECT * FROM (SELECT * FROM s_2 ORDER BY a, b) foo ORDER BY a, b, c
                                  QUERY PLAN                                  
------------------------------------------------------------------------------
 Limit  (cost=20746.64..20746.64 rows=1 width=20)
   ->  Sort  (cost=19496.64..19746.64 rows=100000 width=20)
         Sort Key: s_2.a, s_2.b, s_2.c
         ->  Sort  (cost=9941.82..10191.82 rows=100000 width=20)
               Sort Key: s_2.a, s_2.b
               ->  Seq Scan on s_2  (cost=0.00..1637.00 rows=100000 width=20)
(6 rows)

===== 431 [Wed Mar  7 02:03:25 CET 2018] scale:100000 groups:10000 work_mem:64MB incremental:off max_workers:2 =====
SELECT * FROM (SELECT * FROM s_3 ORDER BY a, b, c) foo ORDER BY a, b, c, d
                                  QUERY PLAN                                  
------------------------------------------------------------------------------
 Limit  (cost=20746.64..20746.64 rows=1 width=20)
   ->  Sort  (cost=19496.64..19746.64 rows=100000 width=20)
         Sort Key: s_3.a, s_3.b, s_3.c, s_3.d
         ->  Sort  (cost=9941.82..10191.82 rows=100000 width=20)
               Sort Key: s_3.a, s_3.b, s_3.c
               ->  Seq Scan on s_3  (cost=0.00..1637.00 rows=100000 width=20)
(6 rows)

===== 432 [Wed Mar  7 02:03:25 CET 2018] scale:100000 groups:10000 work_mem:64MB incremental:off max_workers:2 =====
SELECT * FROM (SELECT * FROM s_4 ORDER BY a, b, c, d) foo ORDER BY a, b, c, d, e
                                  QUERY PLAN                                  
------------------------------------------------------------------------------
 Limit  (cost=20746.64..20746.64 rows=1 width=20)
   ->  Sort  (cost=19496.64..19746.64 rows=100000 width=20)
         Sort Key: s_4.a, s_4.b, s_4.c, s_4.d, s_4.e
         ->  Sort  (cost=9941.82..10191.82 rows=100000 width=20)
               Sort Key: s_4.a, s_4.b, s_4.c, s_4.d
               ->  Seq Scan on s_4  (cost=0.00..1637.00 rows=100000 width=20)
(6 rows)

===== 433 [Wed Mar  7 02:03:25 CET 2018] scale:100000 groups:10000 work_mem:128MB incremental:on max_workers:2 =====
SELECT * FROM (SELECT * FROM s_1 ORDER BY a) foo ORDER BY a, b
                                  QUERY PLAN                                  
------------------------------------------------------------------------------
 Limit  (cost=15811.22..15811.22 rows=1 width=20)
   ->  Incremental Sort  (cost=9942.12..14811.22 rows=100000 width=20)
         Sort Key: s_1.a, s_1.b
         Presorted Key: s_1.a
         ->  Sort  (cost=9941.82..10191.82 rows=100000 width=20)
               Sort Key: s_1.a
               ->  Seq Scan on s_1  (cost=0.00..1637.00 rows=100000 width=20)
(7 rows)

===== 434 [Wed Mar  7 02:03:25 CET 2018] scale:100000 groups:10000 work_mem:128MB incremental:on max_workers:2 =====
SELECT * FROM (SELECT * FROM s_2 ORDER BY a, b) foo ORDER BY a, b, c
                                  QUERY PLAN                                  
------------------------------------------------------------------------------
 Limit  (cost=15802.78..15802.78 rows=1 width=20)
   ->  Incremental Sort  (cost=9942.11..14802.78 rows=100000 width=20)
         Sort Key: s_2.a, s_2.b, s_2.c
         Presorted Key: s_2.a, s_2.b
         ->  Sort  (cost=9941.82..10191.82 rows=100000 width=20)
               Sort Key: s_2.a, s_2.b
               ->  Seq Scan on s_2  (cost=0.00..1637.00 rows=100000 width=20)
(7 rows)

===== 435 [Wed Mar  7 02:03:26 CET 2018] scale:100000 groups:10000 work_mem:128MB incremental:on max_workers:2 =====
SELECT * FROM (SELECT * FROM s_3 ORDER BY a, b, c) foo ORDER BY a, b, c, d
                                  QUERY PLAN                                  
------------------------------------------------------------------------------
 Limit  (cost=15802.78..15802.78 rows=1 width=20)
   ->  Incremental Sort  (cost=9942.11..14802.78 rows=100000 width=20)
         Sort Key: s_3.a, s_3.b, s_3.c, s_3.d
         Presorted Key: s_3.a, s_3.b, s_3.c
         ->  Sort  (cost=9941.82..10191.82 rows=100000 width=20)
               Sort Key: s_3.a, s_3.b, s_3.c
               ->  Seq Scan on s_3  (cost=0.00..1637.00 rows=100000 width=20)
(7 rows)

===== 436 [Wed Mar  7 02:03:26 CET 2018] scale:100000 groups:10000 work_mem:128MB incremental:on max_workers:2 =====
SELECT * FROM (SELECT * FROM s_4 ORDER BY a, b, c, d) foo ORDER BY a, b, c, d, e
                                  QUERY PLAN                                  
------------------------------------------------------------------------------
 Limit  (cost=15802.78..15802.78 rows=1 width=20)
   ->  Incremental Sort  (cost=9942.11..14802.78 rows=100000 width=20)
         Sort Key: s_4.a, s_4.b, s_4.c, s_4.d, s_4.e
         Presorted Key: s_4.a, s_4.b, s_4.c, s_4.d
         ->  Sort  (cost=9941.82..10191.82 rows=100000 width=20)
               Sort Key: s_4.a, s_4.b, s_4.c, s_4.d
               ->  Seq Scan on s_4  (cost=0.00..1637.00 rows=100000 width=20)
(7 rows)

===== 437 [Wed Mar  7 02:03:26 CET 2018] scale:100000 groups:10000 work_mem:128MB incremental:off max_workers:2 =====
SELECT * FROM (SELECT * FROM s_1 ORDER BY a) foo ORDER BY a, b
                                  QUERY PLAN                                  
------------------------------------------------------------------------------
 Limit  (cost=20746.64..20746.64 rows=1 width=20)
   ->  Sort  (cost=19496.64..19746.64 rows=100000 width=20)
         Sort Key: s_1.a, s_1.b
         ->  Sort  (cost=9941.82..10191.82 rows=100000 width=20)
               Sort Key: s_1.a
               ->  Seq Scan on s_1  (cost=0.00..1637.00 rows=100000 width=20)
(6 rows)

===== 438 [Wed Mar  7 02:03:26 CET 2018] scale:100000 groups:10000 work_mem:128MB incremental:off max_workers:2 =====
SELECT * FROM (SELECT * FROM s_2 ORDER BY a, b) foo ORDER BY a, b, c
                                  QUERY PLAN                                  
------------------------------------------------------------------------------
 Limit  (cost=20746.64..20746.64 rows=1 width=20)
   ->  Sort  (cost=19496.64..19746.64 rows=100000 width=20)
         Sort Key: s_2.a, s_2.b, s_2.c
         ->  Sort  (cost=9941.82..10191.82 rows=100000 width=20)
               Sort Key: s_2.a, s_2.b
               ->  Seq Scan on s_2  (cost=0.00..1637.00 rows=100000 width=20)
(6 rows)

===== 439 [Wed Mar  7 02:03:27 CET 2018] scale:100000 groups:10000 work_mem:128MB incremental:off max_workers:2 =====
SELECT * FROM (SELECT * FROM s_3 ORDER BY a, b, c) foo ORDER BY a, b, c, d
                                  QUERY PLAN                                  
------------------------------------------------------------------------------
 Limit  (cost=20746.64..20746.64 rows=1 width=20)
   ->  Sort  (cost=19496.64..19746.64 rows=100000 width=20)
         Sort Key: s_3.a, s_3.b, s_3.c, s_3.d
         ->  Sort  (cost=9941.82..10191.82 rows=100000 width=20)
               Sort Key: s_3.a, s_3.b, s_3.c
               ->  Seq Scan on s_3  (cost=0.00..1637.00 rows=100000 width=20)
(6 rows)

===== 440 [Wed Mar  7 02:03:27 CET 2018] scale:100000 groups:10000 work_mem:128MB incremental:off max_workers:2 =====
SELECT * FROM (SELECT * FROM s_4 ORDER BY a, b, c, d) foo ORDER BY a, b, c, d, e
                                  QUERY PLAN                                  
------------------------------------------------------------------------------
 Limit  (cost=20746.64..20746.64 rows=1 width=20)
   ->  Sort  (cost=19496.64..19746.64 rows=100000 width=20)
         Sort Key: s_4.a, s_4.b, s_4.c, s_4.d, s_4.e
         ->  Sort  (cost=9941.82..10191.82 rows=100000 width=20)
               Sort Key: s_4.a, s_4.b, s_4.c, s_4.d
               ->  Seq Scan on s_4  (cost=0.00..1637.00 rows=100000 width=20)
(6 rows)

===== 441 [Wed Mar  7 02:03:27 CET 2018] scale:100000 groups:10000 work_mem:256MB incremental:on max_workers:2 =====
SELECT * FROM (SELECT * FROM s_1 ORDER BY a) foo ORDER BY a, b
                                  QUERY PLAN                                  
------------------------------------------------------------------------------
 Limit  (cost=15811.22..15811.22 rows=1 width=20)
   ->  Incremental Sort  (cost=9942.12..14811.22 rows=100000 width=20)
         Sort Key: s_1.a, s_1.b
         Presorted Key: s_1.a
         ->  Sort  (cost=9941.82..10191.82 rows=100000 width=20)
               Sort Key: s_1.a
               ->  Seq Scan on s_1  (cost=0.00..1637.00 rows=100000 width=20)
(7 rows)

===== 442 [Wed Mar  7 02:03:27 CET 2018] scale:100000 groups:10000 work_mem:256MB incremental:on max_workers:2 =====
SELECT * FROM (SELECT * FROM s_2 ORDER BY a, b) foo ORDER BY a, b, c
                                  QUERY PLAN                                  
------------------------------------------------------------------------------
 Limit  (cost=15802.78..15802.78 rows=1 width=20)
   ->  Incremental Sort  (cost=9942.11..14802.78 rows=100000 width=20)
         Sort Key: s_2.a, s_2.b, s_2.c
         Presorted Key: s_2.a, s_2.b
         ->  Sort  (cost=9941.82..10191.82 rows=100000 width=20)
               Sort Key: s_2.a, s_2.b
               ->  Seq Scan on s_2  (cost=0.00..1637.00 rows=100000 width=20)
(7 rows)

===== 443 [Wed Mar  7 02:03:28 CET 2018] scale:100000 groups:10000 work_mem:256MB incremental:on max_workers:2 =====
SELECT * FROM (SELECT * FROM s_3 ORDER BY a, b, c) foo ORDER BY a, b, c, d
                                  QUERY PLAN                                  
------------------------------------------------------------------------------
 Limit  (cost=15802.78..15802.78 rows=1 width=20)
   ->  Incremental Sort  (cost=9942.11..14802.78 rows=100000 width=20)
         Sort Key: s_3.a, s_3.b, s_3.c, s_3.d
         Presorted Key: s_3.a, s_3.b, s_3.c
         ->  Sort  (cost=9941.82..10191.82 rows=100000 width=20)
               Sort Key: s_3.a, s_3.b, s_3.c
               ->  Seq Scan on s_3  (cost=0.00..1637.00 rows=100000 width=20)
(7 rows)

===== 444 [Wed Mar  7 02:03:28 CET 2018] scale:100000 groups:10000 work_mem:256MB incremental:on max_workers:2 =====
SELECT * FROM (SELECT * FROM s_4 ORDER BY a, b, c, d) foo ORDER BY a, b, c, d, e
                                  QUERY PLAN                                  
------------------------------------------------------------------------------
 Limit  (cost=15802.78..15802.78 rows=1 width=20)
   ->  Incremental Sort  (cost=9942.11..14802.78 rows=100000 width=20)
         Sort Key: s_4.a, s_4.b, s_4.c, s_4.d, s_4.e
         Presorted Key: s_4.a, s_4.b, s_4.c, s_4.d
         ->  Sort  (cost=9941.82..10191.82 rows=100000 width=20)
               Sort Key: s_4.a, s_4.b, s_4.c, s_4.d
               ->  Seq Scan on s_4  (cost=0.00..1637.00 rows=100000 width=20)
(7 rows)

===== 445 [Wed Mar  7 02:03:28 CET 2018] scale:100000 groups:10000 work_mem:256MB incremental:off max_workers:2 =====
SELECT * FROM (SELECT * FROM s_1 ORDER BY a) foo ORDER BY a, b
                                  QUERY PLAN                                  
------------------------------------------------------------------------------
 Limit  (cost=20746.64..20746.64 rows=1 width=20)
   ->  Sort  (cost=19496.64..19746.64 rows=100000 width=20)
         Sort Key: s_1.a, s_1.b
         ->  Sort  (cost=9941.82..10191.82 rows=100000 width=20)
               Sort Key: s_1.a
               ->  Seq Scan on s_1  (cost=0.00..1637.00 rows=100000 width=20)
(6 rows)

===== 446 [Wed Mar  7 02:03:28 CET 2018] scale:100000 groups:10000 work_mem:256MB incremental:off max_workers:2 =====
SELECT * FROM (SELECT * FROM s_2 ORDER BY a, b) foo ORDER BY a, b, c
                                  QUERY PLAN                                  
------------------------------------------------------------------------------
 Limit  (cost=20746.64..20746.64 rows=1 width=20)
   ->  Sort  (cost=19496.64..19746.64 rows=100000 width=20)
         Sort Key: s_2.a, s_2.b, s_2.c
         ->  Sort  (cost=9941.82..10191.82 rows=100000 width=20)
               Sort Key: s_2.a, s_2.b
               ->  Seq Scan on s_2  (cost=0.00..1637.00 rows=100000 width=20)
(6 rows)

===== 447 [Wed Mar  7 02:03:29 CET 2018] scale:100000 groups:10000 work_mem:256MB incremental:off max_workers:2 =====
SELECT * FROM (SELECT * FROM s_3 ORDER BY a, b, c) foo ORDER BY a, b, c, d
                                  QUERY PLAN                                  
------------------------------------------------------------------------------
 Limit  (cost=20746.64..20746.64 rows=1 width=20)
   ->  Sort  (cost=19496.64..19746.64 rows=100000 width=20)
         Sort Key: s_3.a, s_3.b, s_3.c, s_3.d
         ->  Sort  (cost=9941.82..10191.82 rows=100000 width=20)
               Sort Key: s_3.a, s_3.b, s_3.c
               ->  Seq Scan on s_3  (cost=0.00..1637.00 rows=100000 width=20)
(6 rows)

===== 448 [Wed Mar  7 02:03:29 CET 2018] scale:100000 groups:10000 work_mem:256MB incremental:off max_workers:2 =====
SELECT * FROM (SELECT * FROM s_4 ORDER BY a, b, c, d) foo ORDER BY a, b, c, d, e
                                  QUERY PLAN                                  
------------------------------------------------------------------------------
 Limit  (cost=20746.64..20746.64 rows=1 width=20)
   ->  Sort  (cost=19496.64..19746.64 rows=100000 width=20)
         Sort Key: s_4.a, s_4.b, s_4.c, s_4.d, s_4.e
         ->  Sort  (cost=9941.82..10191.82 rows=100000 width=20)
               Sort Key: s_4.a, s_4.b, s_4.c, s_4.d
               ->  Seq Scan on s_4  (cost=0.00..1637.00 rows=100000 width=20)
(6 rows)

