===== 1 [Wed Mar  7 01:56:53 CET 2018] scale:1000 groups:10 work_mem:4MB incremental:on max_workers:0 =====
SELECT * FROM s_1 ORDER BY a, b LIMIT 10
                                                                     QUERY PLAN                                                                     
----------------------------------------------------------------------------------------------------------------------------------------------------
 Limit  (cost=6.43..6.43 rows=1 width=20) (actual time=0.091..0.091 rows=0 loops=1)
   ->  Limit  (cost=6.15..6.33 rows=10 width=20) (actual time=0.088..0.090 rows=10 loops=1)
         ->  Incremental Sort  (cost=6.15..23.87 rows=1000 width=20) (actual time=0.088..0.089 rows=10 loops=1)
               Sort Key: s_1.a, s_1.b
               Presorted Key: s_1.a
               Sort Method: quicksort  Memory: 28kB
               Sort Groups: 1
               ->  Index Only Scan using s_1_a_e_d_c_b_idx on s_1  (cost=0.28..43.27 rows=1000 width=20) (actual time=0.037..0.042 rows=48 loops=1)
                     Heap Fetches: 0
 Planning time: 0.273 ms
 Execution time: 0.118 ms
(11 rows)

===== 2 [Wed Mar  7 01:56:53 CET 2018] scale:1000 groups:10 work_mem:4MB incremental:on max_workers:0 =====
SELECT * FROM s_2 ORDER BY a, b, c LIMIT 10
                                                                     QUERY PLAN                                                                     
----------------------------------------------------------------------------------------------------------------------------------------------------
 Limit  (cost=1.17..1.17 rows=1 width=20) (actual time=0.087..0.087 rows=0 loops=1)
   ->  Limit  (cost=0.87..1.07 rows=10 width=20) (actual time=0.085..0.086 rows=10 loops=1)
         ->  Incremental Sort  (cost=0.87..20.37 rows=1000 width=20) (actual time=0.084..0.085 rows=10 loops=1)
               Sort Key: s_2.a, s_2.b, s_2.c
               Presorted Key: s_2.a, s_2.b
               Sort Method: quicksort  Memory: 27kB
               Sort Groups: 1
               ->  Index Only Scan using s_2_a_b_e_d_c_idx on s_2  (cost=0.28..43.27 rows=1000 width=20) (actual time=0.035..0.039 rows=35 loops=1)
                     Heap Fetches: 0
 Planning time: 0.263 ms
 Execution time: 0.113 ms
(11 rows)

===== 3 [Wed Mar  7 01:56:53 CET 2018] scale:1000 groups:10 work_mem:4MB incremental:on max_workers:0 =====
SELECT * FROM s_3 ORDER BY a, b, c, d LIMIT 10
                                                                     QUERY PLAN                                                                     
----------------------------------------------------------------------------------------------------------------------------------------------------
 Limit  (cost=1.17..1.17 rows=1 width=20) (actual time=0.087..0.087 rows=0 loops=1)
   ->  Limit  (cost=0.87..1.07 rows=10 width=20) (actual time=0.085..0.086 rows=10 loops=1)
         ->  Incremental Sort  (cost=0.87..20.37 rows=1000 width=20) (actual time=0.085..0.085 rows=10 loops=1)
               Sort Key: s_3.a, s_3.b, s_3.c, s_3.d
               Presorted Key: s_3.a, s_3.b, s_3.c
               Sort Method: quicksort  Memory: 27kB
               Sort Groups: 1
               ->  Index Only Scan using s_3_a_b_c_e_d_idx on s_3  (cost=0.28..43.27 rows=1000 width=20) (actual time=0.034..0.038 rows=34 loops=1)
                     Heap Fetches: 0
 Planning time: 0.275 ms
 Execution time: 0.112 ms
(11 rows)

===== 4 [Wed Mar  7 01:56:53 CET 2018] scale:1000 groups:10 work_mem:4MB incremental:off max_workers:0 =====
SELECT * FROM s_1 ORDER BY a, b LIMIT 10
                                                      QUERY PLAN                                                       
-----------------------------------------------------------------------------------------------------------------------
 Limit  (cost=38.73..38.73 rows=1 width=20) (actual time=0.158..0.158 rows=0 loops=1)
   ->  Limit  (cost=38.61..38.63 rows=10 width=20) (actual time=0.156..0.157 rows=10 loops=1)
         ->  Sort  (cost=38.61..41.11 rows=1000 width=20) (actual time=0.156..0.156 rows=10 loops=1)
               Sort Key: s_1.a, s_1.b
               Sort Method: top-N heapsort  Memory: 26kB
               ->  Seq Scan on s_1  (cost=0.00..17.00 rows=1000 width=20) (actual time=0.004..0.059 rows=1000 loops=1)
 Planning time: 0.273 ms
 Execution time: 0.182 ms
(8 rows)

===== 5 [Wed Mar  7 01:56:53 CET 2018] scale:1000 groups:10 work_mem:4MB incremental:off max_workers:0 =====
SELECT * FROM s_2 ORDER BY a, b, c LIMIT 10
                                                      QUERY PLAN                                                       
-----------------------------------------------------------------------------------------------------------------------
 Limit  (cost=38.73..38.73 rows=1 width=20) (actual time=0.159..0.159 rows=0 loops=1)
   ->  Limit  (cost=38.61..38.63 rows=10 width=20) (actual time=0.157..0.158 rows=10 loops=1)
         ->  Sort  (cost=38.61..41.11 rows=1000 width=20) (actual time=0.157..0.157 rows=10 loops=1)
               Sort Key: s_2.a, s_2.b, s_2.c
               Sort Method: top-N heapsort  Memory: 25kB
               ->  Seq Scan on s_2  (cost=0.00..17.00 rows=1000 width=20) (actual time=0.007..0.061 rows=1000 loops=1)
 Planning time: 0.256 ms
 Execution time: 0.184 ms
(8 rows)

===== 6 [Wed Mar  7 01:56:53 CET 2018] scale:1000 groups:10 work_mem:4MB incremental:off max_workers:0 =====
SELECT * FROM s_3 ORDER BY a, b, c, d LIMIT 10
                                                      QUERY PLAN                                                       
-----------------------------------------------------------------------------------------------------------------------
 Limit  (cost=38.73..38.73 rows=1 width=20) (actual time=0.159..0.159 rows=0 loops=1)
   ->  Limit  (cost=38.61..38.63 rows=10 width=20) (actual time=0.157..0.158 rows=10 loops=1)
         ->  Sort  (cost=38.61..41.11 rows=1000 width=20) (actual time=0.157..0.157 rows=10 loops=1)
               Sort Key: s_3.a, s_3.b, s_3.c, s_3.d
               Sort Method: top-N heapsort  Memory: 25kB
               ->  Seq Scan on s_3  (cost=0.00..17.00 rows=1000 width=20) (actual time=0.004..0.055 rows=1000 loops=1)
 Planning time: 0.269 ms
 Execution time: 0.186 ms
(8 rows)

===== 7 [Wed Mar  7 01:56:53 CET 2018] scale:1000 groups:10 work_mem:8MB incremental:on max_workers:0 =====
SELECT * FROM s_1 ORDER BY a, b LIMIT 10
                                                                     QUERY PLAN                                                                     
----------------------------------------------------------------------------------------------------------------------------------------------------
 Limit  (cost=6.43..6.43 rows=1 width=20) (actual time=0.078..0.078 rows=0 loops=1)
   ->  Limit  (cost=6.15..6.33 rows=10 width=20) (actual time=0.075..0.077 rows=10 loops=1)
         ->  Incremental Sort  (cost=6.15..23.87 rows=1000 width=20) (actual time=0.075..0.076 rows=10 loops=1)
               Sort Key: s_1.a, s_1.b
               Presorted Key: s_1.a
               Sort Method: quicksort  Memory: 28kB
               Sort Groups: 1
               ->  Index Only Scan using s_1_a_e_d_c_b_idx on s_1  (cost=0.28..43.27 rows=1000 width=20) (actual time=0.024..0.029 rows=48 loops=1)
                     Heap Fetches: 0
 Planning time: 0.259 ms
 Execution time: 0.103 ms
(11 rows)

===== 8 [Wed Mar  7 01:56:53 CET 2018] scale:1000 groups:10 work_mem:8MB incremental:on max_workers:0 =====
SELECT * FROM s_2 ORDER BY a, b, c LIMIT 10
                                                                     QUERY PLAN                                                                     
----------------------------------------------------------------------------------------------------------------------------------------------------
 Limit  (cost=1.17..1.17 rows=1 width=20) (actual time=0.073..0.073 rows=0 loops=1)
   ->  Limit  (cost=0.87..1.07 rows=10 width=20) (actual time=0.071..0.072 rows=10 loops=1)
         ->  Incremental Sort  (cost=0.87..20.37 rows=1000 width=20) (actual time=0.071..0.071 rows=10 loops=1)
               Sort Key: s_2.a, s_2.b, s_2.c
               Presorted Key: s_2.a, s_2.b
               Sort Method: quicksort  Memory: 27kB
               Sort Groups: 1
               ->  Index Only Scan using s_2_a_b_e_d_c_idx on s_2  (cost=0.28..43.27 rows=1000 width=20) (actual time=0.021..0.025 rows=35 loops=1)
                     Heap Fetches: 0
 Planning time: 0.257 ms
 Execution time: 0.098 ms
(11 rows)

===== 9 [Wed Mar  7 01:56:54 CET 2018] scale:1000 groups:10 work_mem:8MB incremental:on max_workers:0 =====
SELECT * FROM s_3 ORDER BY a, b, c, d LIMIT 10
                                                                     QUERY PLAN                                                                     
----------------------------------------------------------------------------------------------------------------------------------------------------
 Limit  (cost=1.17..1.17 rows=1 width=20) (actual time=0.071..0.071 rows=0 loops=1)
   ->  Limit  (cost=0.87..1.07 rows=10 width=20) (actual time=0.069..0.070 rows=10 loops=1)
         ->  Incremental Sort  (cost=0.87..20.37 rows=1000 width=20) (actual time=0.069..0.069 rows=10 loops=1)
               Sort Key: s_3.a, s_3.b, s_3.c, s_3.d
               Presorted Key: s_3.a, s_3.b, s_3.c
               Sort Method: quicksort  Memory: 27kB
               Sort Groups: 1
               ->  Index Only Scan using s_3_a_b_c_e_d_idx on s_3  (cost=0.28..43.27 rows=1000 width=20) (actual time=0.020..0.024 rows=34 loops=1)
                     Heap Fetches: 0
 Planning time: 0.267 ms
 Execution time: 0.097 ms
(11 rows)

===== 10 [Wed Mar  7 01:56:54 CET 2018] scale:1000 groups:10 work_mem:8MB incremental:off max_workers:0 =====
SELECT * FROM s_1 ORDER BY a, b LIMIT 10
                                                      QUERY PLAN                                                       
-----------------------------------------------------------------------------------------------------------------------
 Limit  (cost=38.73..38.73 rows=1 width=20) (actual time=0.165..0.165 rows=0 loops=1)
   ->  Limit  (cost=38.61..38.63 rows=10 width=20) (actual time=0.163..0.164 rows=10 loops=1)
         ->  Sort  (cost=38.61..41.11 rows=1000 width=20) (actual time=0.162..0.163 rows=10 loops=1)
               Sort Key: s_1.a, s_1.b
               Sort Method: top-N heapsort  Memory: 26kB
               ->  Seq Scan on s_1  (cost=0.00..17.00 rows=1000 width=20) (actual time=0.004..0.059 rows=1000 loops=1)
 Planning time: 0.261 ms
 Execution time: 0.188 ms
(8 rows)

===== 11 [Wed Mar  7 01:56:54 CET 2018] scale:1000 groups:10 work_mem:8MB incremental:off max_workers:0 =====
SELECT * FROM s_2 ORDER BY a, b, c LIMIT 10
                                                      QUERY PLAN                                                       
-----------------------------------------------------------------------------------------------------------------------
 Limit  (cost=38.73..38.73 rows=1 width=20) (actual time=0.161..0.161 rows=0 loops=1)
   ->  Limit  (cost=38.61..38.63 rows=10 width=20) (actual time=0.158..0.159 rows=10 loops=1)
         ->  Sort  (cost=38.61..41.11 rows=1000 width=20) (actual time=0.158..0.158 rows=10 loops=1)
               Sort Key: s_2.a, s_2.b, s_2.c
               Sort Method: top-N heapsort  Memory: 25kB
               ->  Seq Scan on s_2  (cost=0.00..17.00 rows=1000 width=20) (actual time=0.006..0.061 rows=1000 loops=1)
 Planning time: 0.255 ms
 Execution time: 0.183 ms
(8 rows)

===== 12 [Wed Mar  7 01:56:54 CET 2018] scale:1000 groups:10 work_mem:8MB incremental:off max_workers:0 =====
SELECT * FROM s_3 ORDER BY a, b, c, d LIMIT 10
                                                      QUERY PLAN                                                       
-----------------------------------------------------------------------------------------------------------------------
 Limit  (cost=38.73..38.73 rows=1 width=20) (actual time=0.166..0.166 rows=0 loops=1)
   ->  Limit  (cost=38.61..38.63 rows=10 width=20) (actual time=0.164..0.165 rows=10 loops=1)
         ->  Sort  (cost=38.61..41.11 rows=1000 width=20) (actual time=0.164..0.164 rows=10 loops=1)
               Sort Key: s_3.a, s_3.b, s_3.c, s_3.d
               Sort Method: top-N heapsort  Memory: 25kB
               ->  Seq Scan on s_3  (cost=0.00..17.00 rows=1000 width=20) (actual time=0.004..0.060 rows=1000 loops=1)
 Planning time: 0.268 ms
 Execution time: 0.189 ms
(8 rows)

===== 13 [Wed Mar  7 01:56:54 CET 2018] scale:1000 groups:10 work_mem:16MB incremental:on max_workers:0 =====
SELECT * FROM s_1 ORDER BY a, b LIMIT 10
                                                                     QUERY PLAN                                                                     
----------------------------------------------------------------------------------------------------------------------------------------------------
 Limit  (cost=6.43..6.43 rows=1 width=20) (actual time=0.076..0.076 rows=0 loops=1)
   ->  Limit  (cost=6.15..6.33 rows=10 width=20) (actual time=0.074..0.075 rows=10 loops=1)
         ->  Incremental Sort  (cost=6.15..23.87 rows=1000 width=20) (actual time=0.074..0.074 rows=10 loops=1)
               Sort Key: s_1.a, s_1.b
               Presorted Key: s_1.a
               Sort Method: quicksort  Memory: 28kB
               Sort Groups: 1
               ->  Index Only Scan using s_1_a_e_d_c_b_idx on s_1  (cost=0.28..43.27 rows=1000 width=20) (actual time=0.024..0.029 rows=48 loops=1)
                     Heap Fetches: 0
 Planning time: 0.264 ms
 Execution time: 0.102 ms
(11 rows)

===== 14 [Wed Mar  7 01:56:54 CET 2018] scale:1000 groups:10 work_mem:16MB incremental:on max_workers:0 =====
SELECT * FROM s_2 ORDER BY a, b, c LIMIT 10
                                                                     QUERY PLAN                                                                     
----------------------------------------------------------------------------------------------------------------------------------------------------
 Limit  (cost=1.17..1.17 rows=1 width=20) (actual time=0.075..0.075 rows=0 loops=1)
   ->  Limit  (cost=0.87..1.07 rows=10 width=20) (actual time=0.073..0.074 rows=10 loops=1)
         ->  Incremental Sort  (cost=0.87..20.37 rows=1000 width=20) (actual time=0.073..0.073 rows=10 loops=1)
               Sort Key: s_2.a, s_2.b, s_2.c
               Presorted Key: s_2.a, s_2.b
               Sort Method: quicksort  Memory: 27kB
               Sort Groups: 1
               ->  Index Only Scan using s_2_a_b_e_d_c_idx on s_2  (cost=0.28..43.27 rows=1000 width=20) (actual time=0.021..0.025 rows=35 loops=1)
                     Heap Fetches: 0
 Planning time: 0.254 ms
 Execution time: 0.100 ms
(11 rows)

===== 15 [Wed Mar  7 01:56:54 CET 2018] scale:1000 groups:10 work_mem:16MB incremental:on max_workers:0 =====
SELECT * FROM s_3 ORDER BY a, b, c, d LIMIT 10
                                                                     QUERY PLAN                                                                     
----------------------------------------------------------------------------------------------------------------------------------------------------
 Limit  (cost=1.17..1.17 rows=1 width=20) (actual time=0.073..0.073 rows=0 loops=1)
   ->  Limit  (cost=0.87..1.07 rows=10 width=20) (actual time=0.071..0.072 rows=10 loops=1)
         ->  Incremental Sort  (cost=0.87..20.37 rows=1000 width=20) (actual time=0.071..0.071 rows=10 loops=1)
               Sort Key: s_3.a, s_3.b, s_3.c, s_3.d
               Presorted Key: s_3.a, s_3.b, s_3.c
               Sort Method: quicksort  Memory: 27kB
               Sort Groups: 1
               ->  Index Only Scan using s_3_a_b_c_e_d_idx on s_3  (cost=0.28..43.27 rows=1000 width=20) (actual time=0.022..0.025 rows=34 loops=1)
                     Heap Fetches: 0
 Planning time: 0.275 ms
 Execution time: 0.098 ms
(11 rows)

===== 16 [Wed Mar  7 01:56:54 CET 2018] scale:1000 groups:10 work_mem:16MB incremental:off max_workers:0 =====
SELECT * FROM s_1 ORDER BY a, b LIMIT 10
                                                      QUERY PLAN                                                       
-----------------------------------------------------------------------------------------------------------------------
 Limit  (cost=38.73..38.73 rows=1 width=20) (actual time=0.170..0.170 rows=0 loops=1)
   ->  Limit  (cost=38.61..38.63 rows=10 width=20) (actual time=0.167..0.169 rows=10 loops=1)
         ->  Sort  (cost=38.61..41.11 rows=1000 width=20) (actual time=0.167..0.168 rows=10 loops=1)
               Sort Key: s_1.a, s_1.b
               Sort Method: top-N heapsort  Memory: 26kB
               ->  Seq Scan on s_1  (cost=0.00..17.00 rows=1000 width=20) (actual time=0.004..0.069 rows=1000 loops=1)
 Planning time: 0.258 ms
 Execution time: 0.194 ms
(8 rows)

===== 17 [Wed Mar  7 01:56:54 CET 2018] scale:1000 groups:10 work_mem:16MB incremental:off max_workers:0 =====
SELECT * FROM s_2 ORDER BY a, b, c LIMIT 10
                                                      QUERY PLAN                                                       
-----------------------------------------------------------------------------------------------------------------------
 Limit  (cost=38.73..38.73 rows=1 width=20) (actual time=0.161..0.161 rows=0 loops=1)
   ->  Limit  (cost=38.61..38.63 rows=10 width=20) (actual time=0.159..0.160 rows=10 loops=1)
         ->  Sort  (cost=38.61..41.11 rows=1000 width=20) (actual time=0.159..0.159 rows=10 loops=1)
               Sort Key: s_2.a, s_2.b, s_2.c
               Sort Method: top-N heapsort  Memory: 25kB
               ->  Seq Scan on s_2  (cost=0.00..17.00 rows=1000 width=20) (actual time=0.007..0.061 rows=1000 loops=1)
 Planning time: 0.260 ms
 Execution time: 0.183 ms
(8 rows)

===== 18 [Wed Mar  7 01:56:54 CET 2018] scale:1000 groups:10 work_mem:16MB incremental:off max_workers:0 =====
SELECT * FROM s_3 ORDER BY a, b, c, d LIMIT 10
                                                      QUERY PLAN                                                       
-----------------------------------------------------------------------------------------------------------------------
 Limit  (cost=38.73..38.73 rows=1 width=20) (actual time=0.157..0.157 rows=0 loops=1)
   ->  Limit  (cost=38.61..38.63 rows=10 width=20) (actual time=0.155..0.156 rows=10 loops=1)
         ->  Sort  (cost=38.61..41.11 rows=1000 width=20) (actual time=0.155..0.155 rows=10 loops=1)
               Sort Key: s_3.a, s_3.b, s_3.c, s_3.d
               Sort Method: top-N heapsort  Memory: 25kB
               ->  Seq Scan on s_3  (cost=0.00..17.00 rows=1000 width=20) (actual time=0.004..0.055 rows=1000 loops=1)
 Planning time: 0.272 ms
 Execution time: 0.192 ms
(8 rows)

===== 19 [Wed Mar  7 01:56:54 CET 2018] scale:1000 groups:10 work_mem:32MB incremental:on max_workers:0 =====
SELECT * FROM s_1 ORDER BY a, b LIMIT 10
                                                                     QUERY PLAN                                                                     
----------------------------------------------------------------------------------------------------------------------------------------------------
 Limit  (cost=6.43..6.43 rows=1 width=20) (actual time=0.079..0.079 rows=0 loops=1)
   ->  Limit  (cost=6.15..6.33 rows=10 width=20) (actual time=0.077..0.078 rows=10 loops=1)
         ->  Incremental Sort  (cost=6.15..23.87 rows=1000 width=20) (actual time=0.076..0.077 rows=10 loops=1)
               Sort Key: s_1.a, s_1.b
               Presorted Key: s_1.a
               Sort Method: quicksort  Memory: 28kB
               Sort Groups: 1
               ->  Index Only Scan using s_1_a_e_d_c_b_idx on s_1  (cost=0.28..43.27 rows=1000 width=20) (actual time=0.024..0.029 rows=48 loops=1)
                     Heap Fetches: 0
 Planning time: 0.265 ms
 Execution time: 0.105 ms
(11 rows)

===== 20 [Wed Mar  7 01:56:54 CET 2018] scale:1000 groups:10 work_mem:32MB incremental:on max_workers:0 =====
SELECT * FROM s_2 ORDER BY a, b, c LIMIT 10
                                                                     QUERY PLAN                                                                     
----------------------------------------------------------------------------------------------------------------------------------------------------
 Limit  (cost=1.17..1.17 rows=1 width=20) (actual time=0.075..0.075 rows=0 loops=1)
   ->  Limit  (cost=0.87..1.07 rows=10 width=20) (actual time=0.073..0.074 rows=10 loops=1)
         ->  Incremental Sort  (cost=0.87..20.37 rows=1000 width=20) (actual time=0.072..0.073 rows=10 loops=1)
               Sort Key: s_2.a, s_2.b, s_2.c
               Presorted Key: s_2.a, s_2.b
               Sort Method: quicksort  Memory: 27kB
               Sort Groups: 1
               ->  Index Only Scan using s_2_a_b_e_d_c_idx on s_2  (cost=0.28..43.27 rows=1000 width=20) (actual time=0.021..0.025 rows=35 loops=1)
                     Heap Fetches: 0
 Planning time: 0.260 ms
 Execution time: 0.100 ms
(11 rows)

===== 21 [Wed Mar  7 01:56:54 CET 2018] scale:1000 groups:10 work_mem:32MB incremental:on max_workers:0 =====
SELECT * FROM s_3 ORDER BY a, b, c, d LIMIT 10
                                                                     QUERY PLAN                                                                     
----------------------------------------------------------------------------------------------------------------------------------------------------
 Limit  (cost=1.17..1.17 rows=1 width=20) (actual time=0.073..0.073 rows=0 loops=1)
   ->  Limit  (cost=0.87..1.07 rows=10 width=20) (actual time=0.070..0.071 rows=10 loops=1)
         ->  Incremental Sort  (cost=0.87..20.37 rows=1000 width=20) (actual time=0.070..0.071 rows=10 loops=1)
               Sort Key: s_3.a, s_3.b, s_3.c, s_3.d
               Presorted Key: s_3.a, s_3.b, s_3.c
               Sort Method: quicksort  Memory: 27kB
               Sort Groups: 1
               ->  Index Only Scan using s_3_a_b_c_e_d_idx on s_3  (cost=0.28..43.27 rows=1000 width=20) (actual time=0.020..0.024 rows=34 loops=1)
                     Heap Fetches: 0
 Planning time: 0.269 ms
 Execution time: 0.098 ms
(11 rows)

===== 22 [Wed Mar  7 01:56:54 CET 2018] scale:1000 groups:10 work_mem:32MB incremental:off max_workers:0 =====
SELECT * FROM s_1 ORDER BY a, b LIMIT 10
                                                      QUERY PLAN                                                       
-----------------------------------------------------------------------------------------------------------------------
 Limit  (cost=38.73..38.73 rows=1 width=20) (actual time=0.157..0.157 rows=0 loops=1)
   ->  Limit  (cost=38.61..38.63 rows=10 width=20) (actual time=0.155..0.156 rows=10 loops=1)
         ->  Sort  (cost=38.61..41.11 rows=1000 width=20) (actual time=0.154..0.155 rows=10 loops=1)
               Sort Key: s_1.a, s_1.b
               Sort Method: top-N heapsort  Memory: 26kB
               ->  Seq Scan on s_1  (cost=0.00..17.00 rows=1000 width=20) (actual time=0.004..0.059 rows=1000 loops=1)
 Planning time: 0.258 ms
 Execution time: 0.179 ms
(8 rows)

===== 23 [Wed Mar  7 01:56:55 CET 2018] scale:1000 groups:10 work_mem:32MB incremental:off max_workers:0 =====
SELECT * FROM s_2 ORDER BY a, b, c LIMIT 10
                                                      QUERY PLAN                                                       
-----------------------------------------------------------------------------------------------------------------------
 Limit  (cost=38.73..38.73 rows=1 width=20) (actual time=0.160..0.160 rows=0 loops=1)
   ->  Limit  (cost=38.61..38.63 rows=10 width=20) (actual time=0.158..0.159 rows=10 loops=1)
         ->  Sort  (cost=38.61..41.11 rows=1000 width=20) (actual time=0.157..0.158 rows=10 loops=1)
               Sort Key: s_2.a, s_2.b, s_2.c
               Sort Method: top-N heapsort  Memory: 25kB
               ->  Seq Scan on s_2  (cost=0.00..17.00 rows=1000 width=20) (actual time=0.006..0.060 rows=1000 loops=1)
 Planning time: 0.265 ms
 Execution time: 0.183 ms
(8 rows)

===== 24 [Wed Mar  7 01:56:55 CET 2018] scale:1000 groups:10 work_mem:32MB incremental:off max_workers:0 =====
SELECT * FROM s_3 ORDER BY a, b, c, d LIMIT 10
                                                      QUERY PLAN                                                       
-----------------------------------------------------------------------------------------------------------------------
 Limit  (cost=38.73..38.73 rows=1 width=20) (actual time=0.159..0.159 rows=0 loops=1)
   ->  Limit  (cost=38.61..38.63 rows=10 width=20) (actual time=0.157..0.158 rows=10 loops=1)
         ->  Sort  (cost=38.61..41.11 rows=1000 width=20) (actual time=0.157..0.157 rows=10 loops=1)
               Sort Key: s_3.a, s_3.b, s_3.c, s_3.d
               Sort Method: top-N heapsort  Memory: 25kB
               ->  Seq Scan on s_3  (cost=0.00..17.00 rows=1000 width=20) (actual time=0.004..0.055 rows=1000 loops=1)
 Planning time: 0.274 ms
 Execution time: 0.182 ms
(8 rows)

===== 25 [Wed Mar  7 01:56:55 CET 2018] scale:1000 groups:10 work_mem:64MB incremental:on max_workers:0 =====
SELECT * FROM s_1 ORDER BY a, b LIMIT 10
                                                                     QUERY PLAN                                                                     
----------------------------------------------------------------------------------------------------------------------------------------------------
 Limit  (cost=6.43..6.43 rows=1 width=20) (actual time=0.076..0.076 rows=0 loops=1)
   ->  Limit  (cost=6.15..6.33 rows=10 width=20) (actual time=0.074..0.075 rows=10 loops=1)
         ->  Incremental Sort  (cost=6.15..23.87 rows=1000 width=20) (actual time=0.074..0.074 rows=10 loops=1)
               Sort Key: s_1.a, s_1.b
               Presorted Key: s_1.a
               Sort Method: quicksort  Memory: 28kB
               Sort Groups: 1
               ->  Index Only Scan using s_1_a_e_d_c_b_idx on s_1  (cost=0.28..43.27 rows=1000 width=20) (actual time=0.023..0.029 rows=48 loops=1)
                     Heap Fetches: 0
 Planning time: 0.261 ms
 Execution time: 0.102 ms
(11 rows)

===== 26 [Wed Mar  7 01:56:55 CET 2018] scale:1000 groups:10 work_mem:64MB incremental:on max_workers:0 =====
SELECT * FROM s_2 ORDER BY a, b, c LIMIT 10
                                                                     QUERY PLAN                                                                     
----------------------------------------------------------------------------------------------------------------------------------------------------
 Limit  (cost=1.17..1.17 rows=1 width=20) (actual time=0.075..0.075 rows=0 loops=1)
   ->  Limit  (cost=0.87..1.07 rows=10 width=20) (actual time=0.072..0.074 rows=10 loops=1)
         ->  Incremental Sort  (cost=0.87..20.37 rows=1000 width=20) (actual time=0.072..0.073 rows=10 loops=1)
               Sort Key: s_2.a, s_2.b, s_2.c
               Presorted Key: s_2.a, s_2.b
               Sort Method: quicksort  Memory: 27kB
               Sort Groups: 1
               ->  Index Only Scan using s_2_a_b_e_d_c_idx on s_2  (cost=0.28..43.27 rows=1000 width=20) (actual time=0.022..0.026 rows=35 loops=1)
                     Heap Fetches: 0
 Planning time: 0.268 ms
 Execution time: 0.100 ms
(11 rows)

===== 27 [Wed Mar  7 01:56:55 CET 2018] scale:1000 groups:10 work_mem:64MB incremental:on max_workers:0 =====
SELECT * FROM s_3 ORDER BY a, b, c, d LIMIT 10
                                                                     QUERY PLAN                                                                     
----------------------------------------------------------------------------------------------------------------------------------------------------
 Limit  (cost=1.17..1.17 rows=1 width=20) (actual time=0.075..0.075 rows=0 loops=1)
   ->  Limit  (cost=0.87..1.07 rows=10 width=20) (actual time=0.072..0.074 rows=10 loops=1)
         ->  Incremental Sort  (cost=0.87..20.37 rows=1000 width=20) (actual time=0.072..0.073 rows=10 loops=1)
               Sort Key: s_3.a, s_3.b, s_3.c, s_3.d
               Presorted Key: s_3.a, s_3.b, s_3.c
               Sort Method: quicksort  Memory: 27kB
               Sort Groups: 1
               ->  Index Only Scan using s_3_a_b_c_e_d_idx on s_3  (cost=0.28..43.27 rows=1000 width=20) (actual time=0.020..0.024 rows=34 loops=1)
                     Heap Fetches: 0
 Planning time: 0.275 ms
 Execution time: 0.101 ms
(11 rows)

===== 28 [Wed Mar  7 01:56:55 CET 2018] scale:1000 groups:10 work_mem:64MB incremental:off max_workers:0 =====
SELECT * FROM s_1 ORDER BY a, b LIMIT 10
                                                      QUERY PLAN                                                       
-----------------------------------------------------------------------------------------------------------------------
 Limit  (cost=38.73..38.73 rows=1 width=20) (actual time=0.158..0.158 rows=0 loops=1)
   ->  Limit  (cost=38.61..38.63 rows=10 width=20) (actual time=0.155..0.156 rows=10 loops=1)
         ->  Sort  (cost=38.61..41.11 rows=1000 width=20) (actual time=0.155..0.155 rows=10 loops=1)
               Sort Key: s_1.a, s_1.b
               Sort Method: top-N heapsort  Memory: 26kB
               ->  Seq Scan on s_1  (cost=0.00..17.00 rows=1000 width=20) (actual time=0.004..0.059 rows=1000 loops=1)
 Planning time: 0.255 ms
 Execution time: 0.180 ms
(8 rows)

===== 29 [Wed Mar  7 01:56:55 CET 2018] scale:1000 groups:10 work_mem:64MB incremental:off max_workers:0 =====
SELECT * FROM s_2 ORDER BY a, b, c LIMIT 10
                                                      QUERY PLAN                                                       
-----------------------------------------------------------------------------------------------------------------------
 Limit  (cost=38.73..38.73 rows=1 width=20) (actual time=0.160..0.160 rows=0 loops=1)
   ->  Limit  (cost=38.61..38.63 rows=10 width=20) (actual time=0.158..0.159 rows=10 loops=1)
         ->  Sort  (cost=38.61..41.11 rows=1000 width=20) (actual time=0.158..0.158 rows=10 loops=1)
               Sort Key: s_2.a, s_2.b, s_2.c
               Sort Method: top-N heapsort  Memory: 25kB
               ->  Seq Scan on s_2  (cost=0.00..17.00 rows=1000 width=20) (actual time=0.007..0.060 rows=1000 loops=1)
 Planning time: 0.258 ms
 Execution time: 0.182 ms
(8 rows)

===== 30 [Wed Mar  7 01:56:55 CET 2018] scale:1000 groups:10 work_mem:64MB incremental:off max_workers:0 =====
SELECT * FROM s_3 ORDER BY a, b, c, d LIMIT 10
                                                      QUERY PLAN                                                       
-----------------------------------------------------------------------------------------------------------------------
 Limit  (cost=38.73..38.73 rows=1 width=20) (actual time=0.157..0.157 rows=0 loops=1)
   ->  Limit  (cost=38.61..38.63 rows=10 width=20) (actual time=0.155..0.157 rows=10 loops=1)
         ->  Sort  (cost=38.61..41.11 rows=1000 width=20) (actual time=0.155..0.156 rows=10 loops=1)
               Sort Key: s_3.a, s_3.b, s_3.c, s_3.d
               Sort Method: top-N heapsort  Memory: 25kB
               ->  Seq Scan on s_3  (cost=0.00..17.00 rows=1000 width=20) (actual time=0.004..0.055 rows=1000 loops=1)
 Planning time: 0.268 ms
 Execution time: 0.180 ms
(8 rows)

===== 31 [Wed Mar  7 01:56:55 CET 2018] scale:1000 groups:10 work_mem:128MB incremental:on max_workers:0 =====
SELECT * FROM s_1 ORDER BY a, b LIMIT 10
                                                                     QUERY PLAN                                                                     
----------------------------------------------------------------------------------------------------------------------------------------------------
 Limit  (cost=6.43..6.43 rows=1 width=20) (actual time=0.077..0.077 rows=0 loops=1)
   ->  Limit  (cost=6.15..6.33 rows=10 width=20) (actual time=0.075..0.076 rows=10 loops=1)
         ->  Incremental Sort  (cost=6.15..23.87 rows=1000 width=20) (actual time=0.074..0.075 rows=10 loops=1)
               Sort Key: s_1.a, s_1.b
               Presorted Key: s_1.a
               Sort Method: quicksort  Memory: 28kB
               Sort Groups: 1
               ->  Index Only Scan using s_1_a_e_d_c_b_idx on s_1  (cost=0.28..43.27 rows=1000 width=20) (actual time=0.023..0.028 rows=48 loops=1)
                     Heap Fetches: 0
 Planning time: 0.261 ms
 Execution time: 0.103 ms
(11 rows)

===== 32 [Wed Mar  7 01:56:55 CET 2018] scale:1000 groups:10 work_mem:128MB incremental:on max_workers:0 =====
SELECT * FROM s_2 ORDER BY a, b, c LIMIT 10
                                                                     QUERY PLAN                                                                     
----------------------------------------------------------------------------------------------------------------------------------------------------
 Limit  (cost=1.17..1.17 rows=1 width=20) (actual time=0.073..0.073 rows=0 loops=1)
   ->  Limit  (cost=0.87..1.07 rows=10 width=20) (actual time=0.071..0.072 rows=10 loops=1)
         ->  Incremental Sort  (cost=0.87..20.37 rows=1000 width=20) (actual time=0.070..0.071 rows=10 loops=1)
               Sort Key: s_2.a, s_2.b, s_2.c
               Presorted Key: s_2.a, s_2.b
               Sort Method: quicksort  Memory: 27kB
               Sort Groups: 1
               ->  Index Only Scan using s_2_a_b_e_d_c_idx on s_2  (cost=0.28..43.27 rows=1000 width=20) (actual time=0.021..0.025 rows=35 loops=1)
                     Heap Fetches: 0
 Planning time: 0.257 ms
 Execution time: 0.098 ms
(11 rows)

===== 33 [Wed Mar  7 01:56:55 CET 2018] scale:1000 groups:10 work_mem:128MB incremental:on max_workers:0 =====
SELECT * FROM s_3 ORDER BY a, b, c, d LIMIT 10
                                                                     QUERY PLAN                                                                     
----------------------------------------------------------------------------------------------------------------------------------------------------
 Limit  (cost=1.17..1.17 rows=1 width=20) (actual time=0.075..0.075 rows=0 loops=1)
   ->  Limit  (cost=0.87..1.07 rows=10 width=20) (actual time=0.073..0.074 rows=10 loops=1)
         ->  Incremental Sort  (cost=0.87..20.37 rows=1000 width=20) (actual time=0.072..0.073 rows=10 loops=1)
               Sort Key: s_3.a, s_3.b, s_3.c, s_3.d
               Presorted Key: s_3.a, s_3.b, s_3.c
               Sort Method: quicksort  Memory: 27kB
               Sort Groups: 1
               ->  Index Only Scan using s_3_a_b_c_e_d_idx on s_3  (cost=0.28..43.27 rows=1000 width=20) (actual time=0.020..0.024 rows=34 loops=1)
                     Heap Fetches: 0
 Planning time: 0.276 ms
 Execution time: 0.105 ms
(11 rows)

===== 34 [Wed Mar  7 01:56:55 CET 2018] scale:1000 groups:10 work_mem:128MB incremental:off max_workers:0 =====
SELECT * FROM s_1 ORDER BY a, b LIMIT 10
                                                      QUERY PLAN                                                       
-----------------------------------------------------------------------------------------------------------------------
 Limit  (cost=38.73..38.73 rows=1 width=20) (actual time=0.159..0.159 rows=0 loops=1)
   ->  Limit  (cost=38.61..38.63 rows=10 width=20) (actual time=0.157..0.158 rows=10 loops=1)
         ->  Sort  (cost=38.61..41.11 rows=1000 width=20) (actual time=0.156..0.157 rows=10 loops=1)
               Sort Key: s_1.a, s_1.b
               Sort Method: top-N heapsort  Memory: 26kB
               ->  Seq Scan on s_1  (cost=0.00..17.00 rows=1000 width=20) (actual time=0.004..0.059 rows=1000 loops=1)
 Planning time: 0.260 ms
 Execution time: 0.181 ms
(8 rows)

===== 35 [Wed Mar  7 01:56:55 CET 2018] scale:1000 groups:10 work_mem:128MB incremental:off max_workers:0 =====
SELECT * FROM s_2 ORDER BY a, b, c LIMIT 10
                                                      QUERY PLAN                                                       
-----------------------------------------------------------------------------------------------------------------------
 Limit  (cost=38.73..38.73 rows=1 width=20) (actual time=0.160..0.160 rows=0 loops=1)
   ->  Limit  (cost=38.61..38.63 rows=10 width=20) (actual time=0.158..0.159 rows=10 loops=1)
         ->  Sort  (cost=38.61..41.11 rows=1000 width=20) (actual time=0.158..0.158 rows=10 loops=1)
               Sort Key: s_2.a, s_2.b, s_2.c
               Sort Method: top-N heapsort  Memory: 25kB
               ->  Seq Scan on s_2  (cost=0.00..17.00 rows=1000 width=20) (actual time=0.007..0.060 rows=1000 loops=1)
 Planning time: 0.257 ms
 Execution time: 0.182 ms
(8 rows)

===== 36 [Wed Mar  7 01:56:56 CET 2018] scale:1000 groups:10 work_mem:128MB incremental:off max_workers:0 =====
SELECT * FROM s_3 ORDER BY a, b, c, d LIMIT 10
                                                      QUERY PLAN                                                       
-----------------------------------------------------------------------------------------------------------------------
 Limit  (cost=38.73..38.73 rows=1 width=20) (actual time=0.161..0.161 rows=0 loops=1)
   ->  Limit  (cost=38.61..38.63 rows=10 width=20) (actual time=0.159..0.160 rows=10 loops=1)
         ->  Sort  (cost=38.61..41.11 rows=1000 width=20) (actual time=0.158..0.159 rows=10 loops=1)
               Sort Key: s_3.a, s_3.b, s_3.c, s_3.d
               Sort Method: top-N heapsort  Memory: 25kB
               ->  Seq Scan on s_3  (cost=0.00..17.00 rows=1000 width=20) (actual time=0.004..0.055 rows=1000 loops=1)
 Planning time: 0.270 ms
 Execution time: 0.183 ms
(8 rows)

===== 37 [Wed Mar  7 01:56:56 CET 2018] scale:1000 groups:10 work_mem:256MB incremental:on max_workers:0 =====
SELECT * FROM s_1 ORDER BY a, b LIMIT 10
                                                                     QUERY PLAN                                                                     
----------------------------------------------------------------------------------------------------------------------------------------------------
 Limit  (cost=6.43..6.43 rows=1 width=20) (actual time=0.078..0.078 rows=0 loops=1)
   ->  Limit  (cost=6.15..6.33 rows=10 width=20) (actual time=0.075..0.077 rows=10 loops=1)
         ->  Incremental Sort  (cost=6.15..23.87 rows=1000 width=20) (actual time=0.075..0.076 rows=10 loops=1)
               Sort Key: s_1.a, s_1.b
               Presorted Key: s_1.a
               Sort Method: quicksort  Memory: 28kB
               Sort Groups: 1
               ->  Index Only Scan using s_1_a_e_d_c_b_idx on s_1  (cost=0.28..43.27 rows=1000 width=20) (actual time=0.025..0.030 rows=48 loops=1)
                     Heap Fetches: 0
 Planning time: 0.262 ms
 Execution time: 0.103 ms
(11 rows)

===== 38 [Wed Mar  7 01:56:56 CET 2018] scale:1000 groups:10 work_mem:256MB incremental:on max_workers:0 =====
SELECT * FROM s_2 ORDER BY a, b, c LIMIT 10
                                                                     QUERY PLAN                                                                     
----------------------------------------------------------------------------------------------------------------------------------------------------
 Limit  (cost=1.17..1.17 rows=1 width=20) (actual time=0.074..0.074 rows=0 loops=1)
   ->  Limit  (cost=0.87..1.07 rows=10 width=20) (actual time=0.072..0.073 rows=10 loops=1)
         ->  Incremental Sort  (cost=0.87..20.37 rows=1000 width=20) (actual time=0.071..0.072 rows=10 loops=1)
               Sort Key: s_2.a, s_2.b, s_2.c
               Presorted Key: s_2.a, s_2.b
               Sort Method: quicksort  Memory: 27kB
               Sort Groups: 1
               ->  Index Only Scan using s_2_a_b_e_d_c_idx on s_2  (cost=0.28..43.27 rows=1000 width=20) (actual time=0.021..0.025 rows=35 loops=1)
                     Heap Fetches: 0
 Planning time: 0.258 ms
 Execution time: 0.099 ms
(11 rows)

===== 39 [Wed Mar  7 01:56:56 CET 2018] scale:1000 groups:10 work_mem:256MB incremental:on max_workers:0 =====
SELECT * FROM s_3 ORDER BY a, b, c, d LIMIT 10
                                                                     QUERY PLAN                                                                     
----------------------------------------------------------------------------------------------------------------------------------------------------
 Limit  (cost=1.17..1.17 rows=1 width=20) (actual time=0.075..0.075 rows=0 loops=1)
   ->  Limit  (cost=0.87..1.07 rows=10 width=20) (actual time=0.073..0.074 rows=10 loops=1)
         ->  Incremental Sort  (cost=0.87..20.37 rows=1000 width=20) (actual time=0.073..0.073 rows=10 loops=1)
               Sort Key: s_3.a, s_3.b, s_3.c, s_3.d
               Presorted Key: s_3.a, s_3.b, s_3.c
               Sort Method: quicksort  Memory: 27kB
               Sort Groups: 1
               ->  Index Only Scan using s_3_a_b_c_e_d_idx on s_3  (cost=0.28..43.27 rows=1000 width=20) (actual time=0.020..0.024 rows=34 loops=1)
                     Heap Fetches: 0
 Planning time: 0.276 ms
 Execution time: 0.100 ms
(11 rows)

===== 40 [Wed Mar  7 01:56:56 CET 2018] scale:1000 groups:10 work_mem:256MB incremental:off max_workers:0 =====
SELECT * FROM s_1 ORDER BY a, b LIMIT 10
                                                      QUERY PLAN                                                       
-----------------------------------------------------------------------------------------------------------------------
 Limit  (cost=38.73..38.73 rows=1 width=20) (actual time=0.158..0.158 rows=0 loops=1)
   ->  Limit  (cost=38.61..38.63 rows=10 width=20) (actual time=0.155..0.156 rows=10 loops=1)
         ->  Sort  (cost=38.61..41.11 rows=1000 width=20) (actual time=0.155..0.155 rows=10 loops=1)
               Sort Key: s_1.a, s_1.b
               Sort Method: top-N heapsort  Memory: 26kB
               ->  Seq Scan on s_1  (cost=0.00..17.00 rows=1000 width=20) (actual time=0.004..0.058 rows=1000 loops=1)
 Planning time: 0.262 ms
 Execution time: 0.180 ms
(8 rows)

===== 41 [Wed Mar  7 01:56:56 CET 2018] scale:1000 groups:10 work_mem:256MB incremental:off max_workers:0 =====
SELECT * FROM s_2 ORDER BY a, b, c LIMIT 10
                                                      QUERY PLAN                                                       
-----------------------------------------------------------------------------------------------------------------------
 Limit  (cost=38.73..38.73 rows=1 width=20) (actual time=0.159..0.159 rows=0 loops=1)
   ->  Limit  (cost=38.61..38.63 rows=10 width=20) (actual time=0.157..0.158 rows=10 loops=1)
         ->  Sort  (cost=38.61..41.11 rows=1000 width=20) (actual time=0.157..0.157 rows=10 loops=1)
               Sort Key: s_2.a, s_2.b, s_2.c
               Sort Method: top-N heapsort  Memory: 25kB
               ->  Seq Scan on s_2  (cost=0.00..17.00 rows=1000 width=20) (actual time=0.007..0.061 rows=1000 loops=1)
 Planning time: 0.253 ms
 Execution time: 0.182 ms
(8 rows)

===== 42 [Wed Mar  7 01:56:56 CET 2018] scale:1000 groups:10 work_mem:256MB incremental:off max_workers:0 =====
SELECT * FROM s_3 ORDER BY a, b, c, d LIMIT 10
                                                      QUERY PLAN                                                       
-----------------------------------------------------------------------------------------------------------------------
 Limit  (cost=38.73..38.73 rows=1 width=20) (actual time=0.159..0.159 rows=0 loops=1)
   ->  Limit  (cost=38.61..38.63 rows=10 width=20) (actual time=0.157..0.158 rows=10 loops=1)
         ->  Sort  (cost=38.61..41.11 rows=1000 width=20) (actual time=0.157..0.157 rows=10 loops=1)
               Sort Key: s_3.a, s_3.b, s_3.c, s_3.d
               Sort Method: top-N heapsort  Memory: 25kB
               ->  Seq Scan on s_3  (cost=0.00..17.00 rows=1000 width=20) (actual time=0.004..0.055 rows=1000 loops=1)
 Planning time: 0.264 ms
 Execution time: 0.183 ms
(8 rows)

===== 43 [Wed Mar  7 01:56:56 CET 2018] scale:1000 groups:10 work_mem:4MB incremental:on max_workers:2 =====
SELECT * FROM s_1 ORDER BY a, b LIMIT 10
                                                                     QUERY PLAN                                                                     
----------------------------------------------------------------------------------------------------------------------------------------------------
 Limit  (cost=6.43..6.43 rows=1 width=20) (actual time=0.077..0.077 rows=0 loops=1)
   ->  Limit  (cost=6.15..6.33 rows=10 width=20) (actual time=0.075..0.076 rows=10 loops=1)
         ->  Incremental Sort  (cost=6.15..23.87 rows=1000 width=20) (actual time=0.075..0.075 rows=10 loops=1)
               Sort Key: s_1.a, s_1.b
               Presorted Key: s_1.a
               Sort Method: quicksort  Memory: 28kB
               Sort Groups: 1
               ->  Index Only Scan using s_1_a_e_d_c_b_idx on s_1  (cost=0.28..43.27 rows=1000 width=20) (actual time=0.023..0.028 rows=48 loops=1)
                     Heap Fetches: 0
 Planning time: 0.261 ms
 Execution time: 0.102 ms
(11 rows)

===== 44 [Wed Mar  7 01:56:56 CET 2018] scale:1000 groups:10 work_mem:4MB incremental:on max_workers:2 =====
SELECT * FROM s_2 ORDER BY a, b, c LIMIT 10
                                                                     QUERY PLAN                                                                     
----------------------------------------------------------------------------------------------------------------------------------------------------
 Limit  (cost=1.17..1.17 rows=1 width=20) (actual time=0.074..0.074 rows=0 loops=1)
   ->  Limit  (cost=0.87..1.07 rows=10 width=20) (actual time=0.071..0.073 rows=10 loops=1)
         ->  Incremental Sort  (cost=0.87..20.37 rows=1000 width=20) (actual time=0.071..0.072 rows=10 loops=1)
               Sort Key: s_2.a, s_2.b, s_2.c
               Presorted Key: s_2.a, s_2.b
               Sort Method: quicksort  Memory: 27kB
               Sort Groups: 1
               ->  Index Only Scan using s_2_a_b_e_d_c_idx on s_2  (cost=0.28..43.27 rows=1000 width=20) (actual time=0.022..0.026 rows=35 loops=1)
                     Heap Fetches: 0
 Planning time: 0.259 ms
 Execution time: 0.099 ms
(11 rows)

===== 45 [Wed Mar  7 01:56:56 CET 2018] scale:1000 groups:10 work_mem:4MB incremental:on max_workers:2 =====
SELECT * FROM s_3 ORDER BY a, b, c, d LIMIT 10
                                                                     QUERY PLAN                                                                     
----------------------------------------------------------------------------------------------------------------------------------------------------
 Limit  (cost=1.17..1.17 rows=1 width=20) (actual time=0.074..0.074 rows=0 loops=1)
   ->  Limit  (cost=0.87..1.07 rows=10 width=20) (actual time=0.071..0.072 rows=10 loops=1)
         ->  Incremental Sort  (cost=0.87..20.37 rows=1000 width=20) (actual time=0.071..0.071 rows=10 loops=1)
               Sort Key: s_3.a, s_3.b, s_3.c, s_3.d
               Presorted Key: s_3.a, s_3.b, s_3.c
               Sort Method: quicksort  Memory: 27kB
               Sort Groups: 1
               ->  Index Only Scan using s_3_a_b_c_e_d_idx on s_3  (cost=0.28..43.27 rows=1000 width=20) (actual time=0.020..0.024 rows=34 loops=1)
                     Heap Fetches: 0
 Planning time: 0.276 ms
 Execution time: 0.099 ms
(11 rows)

===== 46 [Wed Mar  7 01:56:56 CET 2018] scale:1000 groups:10 work_mem:4MB incremental:off max_workers:2 =====
SELECT * FROM s_1 ORDER BY a, b LIMIT 10
                                                      QUERY PLAN                                                       
-----------------------------------------------------------------------------------------------------------------------
 Limit  (cost=38.73..38.73 rows=1 width=20) (actual time=0.158..0.158 rows=0 loops=1)
   ->  Limit  (cost=38.61..38.63 rows=10 width=20) (actual time=0.156..0.157 rows=10 loops=1)
         ->  Sort  (cost=38.61..41.11 rows=1000 width=20) (actual time=0.156..0.156 rows=10 loops=1)
               Sort Key: s_1.a, s_1.b
               Sort Method: top-N heapsort  Memory: 26kB
               ->  Seq Scan on s_1  (cost=0.00..17.00 rows=1000 width=20) (actual time=0.004..0.058 rows=1000 loops=1)
 Planning time: 0.275 ms
 Execution time: 0.182 ms
(8 rows)

===== 47 [Wed Mar  7 01:56:56 CET 2018] scale:1000 groups:10 work_mem:4MB incremental:off max_workers:2 =====
SELECT * FROM s_2 ORDER BY a, b, c LIMIT 10
                                                      QUERY PLAN                                                       
-----------------------------------------------------------------------------------------------------------------------
 Limit  (cost=38.73..38.73 rows=1 width=20) (actual time=0.171..0.171 rows=0 loops=1)
   ->  Limit  (cost=38.61..38.63 rows=10 width=20) (actual time=0.168..0.170 rows=10 loops=1)
         ->  Sort  (cost=38.61..41.11 rows=1000 width=20) (actual time=0.168..0.169 rows=10 loops=1)
               Sort Key: s_2.a, s_2.b, s_2.c
               Sort Method: top-N heapsort  Memory: 25kB
               ->  Seq Scan on s_2  (cost=0.00..17.00 rows=1000 width=20) (actual time=0.007..0.061 rows=1000 loops=1)
 Planning time: 0.263 ms
 Execution time: 0.193 ms
(8 rows)

===== 48 [Wed Mar  7 01:56:56 CET 2018] scale:1000 groups:10 work_mem:4MB incremental:off max_workers:2 =====
SELECT * FROM s_3 ORDER BY a, b, c, d LIMIT 10
                                                      QUERY PLAN                                                       
-----------------------------------------------------------------------------------------------------------------------
 Limit  (cost=38.73..38.73 rows=1 width=20) (actual time=0.164..0.164 rows=0 loops=1)
   ->  Limit  (cost=38.61..38.63 rows=10 width=20) (actual time=0.162..0.163 rows=10 loops=1)
         ->  Sort  (cost=38.61..41.11 rows=1000 width=20) (actual time=0.162..0.162 rows=10 loops=1)
               Sort Key: s_3.a, s_3.b, s_3.c, s_3.d
               Sort Method: top-N heapsort  Memory: 25kB
               ->  Seq Scan on s_3  (cost=0.00..17.00 rows=1000 width=20) (actual time=0.004..0.055 rows=1000 loops=1)
 Planning time: 0.273 ms
 Execution time: 0.187 ms
(8 rows)

===== 49 [Wed Mar  7 01:56:57 CET 2018] scale:1000 groups:10 work_mem:8MB incremental:on max_workers:2 =====
SELECT * FROM s_1 ORDER BY a, b LIMIT 10
                                                                     QUERY PLAN                                                                     
----------------------------------------------------------------------------------------------------------------------------------------------------
 Limit  (cost=6.43..6.43 rows=1 width=20) (actual time=0.084..0.084 rows=0 loops=1)
   ->  Limit  (cost=6.15..6.33 rows=10 width=20) (actual time=0.082..0.083 rows=10 loops=1)
         ->  Incremental Sort  (cost=6.15..23.87 rows=1000 width=20) (actual time=0.082..0.082 rows=10 loops=1)
               Sort Key: s_1.a, s_1.b
               Presorted Key: s_1.a
               Sort Method: quicksort  Memory: 28kB
               Sort Groups: 1
               ->  Index Only Scan using s_1_a_e_d_c_b_idx on s_1  (cost=0.28..43.27 rows=1000 width=20) (actual time=0.030..0.035 rows=48 loops=1)
                     Heap Fetches: 0
 Planning time: 0.266 ms
 Execution time: 0.110 ms
(11 rows)

===== 50 [Wed Mar  7 01:56:57 CET 2018] scale:1000 groups:10 work_mem:8MB incremental:on max_workers:2 =====
SELECT * FROM s_2 ORDER BY a, b, c LIMIT 10
                                                                     QUERY PLAN                                                                     
----------------------------------------------------------------------------------------------------------------------------------------------------
 Limit  (cost=1.17..1.17 rows=1 width=20) (actual time=0.073..0.073 rows=0 loops=1)
   ->  Limit  (cost=0.87..1.07 rows=10 width=20) (actual time=0.070..0.072 rows=10 loops=1)
         ->  Incremental Sort  (cost=0.87..20.37 rows=1000 width=20) (actual time=0.070..0.071 rows=10 loops=1)
               Sort Key: s_2.a, s_2.b, s_2.c
               Presorted Key: s_2.a, s_2.b
               Sort Method: quicksort  Memory: 27kB
               Sort Groups: 1
               ->  Index Only Scan using s_2_a_b_e_d_c_idx on s_2  (cost=0.28..43.27 rows=1000 width=20) (actual time=0.021..0.025 rows=35 loops=1)
                     Heap Fetches: 0
 Planning time: 0.272 ms
 Execution time: 0.100 ms
(11 rows)

===== 51 [Wed Mar  7 01:56:57 CET 2018] scale:1000 groups:10 work_mem:8MB incremental:on max_workers:2 =====
SELECT * FROM s_3 ORDER BY a, b, c, d LIMIT 10
                                                                     QUERY PLAN                                                                     
----------------------------------------------------------------------------------------------------------------------------------------------------
 Limit  (cost=1.17..1.17 rows=1 width=20) (actual time=0.072..0.072 rows=0 loops=1)
   ->  Limit  (cost=0.87..1.07 rows=10 width=20) (actual time=0.070..0.071 rows=10 loops=1)
         ->  Incremental Sort  (cost=0.87..20.37 rows=1000 width=20) (actual time=0.070..0.070 rows=10 loops=1)
               Sort Key: s_3.a, s_3.b, s_3.c, s_3.d
               Presorted Key: s_3.a, s_3.b, s_3.c
               Sort Method: quicksort  Memory: 27kB
               Sort Groups: 1
               ->  Index Only Scan using s_3_a_b_c_e_d_idx on s_3  (cost=0.28..43.27 rows=1000 width=20) (actual time=0.020..0.024 rows=34 loops=1)
                     Heap Fetches: 0
 Planning time: 0.276 ms
 Execution time: 0.100 ms
(11 rows)

===== 52 [Wed Mar  7 01:56:57 CET 2018] scale:1000 groups:10 work_mem:8MB incremental:off max_workers:2 =====
SELECT * FROM s_1 ORDER BY a, b LIMIT 10
                                                      QUERY PLAN                                                       
-----------------------------------------------------------------------------------------------------------------------
 Limit  (cost=38.73..38.73 rows=1 width=20) (actual time=0.160..0.160 rows=0 loops=1)
   ->  Limit  (cost=38.61..38.63 rows=10 width=20) (actual time=0.158..0.159 rows=10 loops=1)
         ->  Sort  (cost=38.61..41.11 rows=1000 width=20) (actual time=0.158..0.158 rows=10 loops=1)
               Sort Key: s_1.a, s_1.b
               Sort Method: top-N heapsort  Memory: 26kB
               ->  Seq Scan on s_1  (cost=0.00..17.00 rows=1000 width=20) (actual time=0.004..0.058 rows=1000 loops=1)
 Planning time: 0.258 ms
 Execution time: 0.182 ms
(8 rows)

===== 53 [Wed Mar  7 01:56:57 CET 2018] scale:1000 groups:10 work_mem:8MB incremental:off max_workers:2 =====
SELECT * FROM s_2 ORDER BY a, b, c LIMIT 10
                                                      QUERY PLAN                                                       
-----------------------------------------------------------------------------------------------------------------------
 Limit  (cost=38.73..38.73 rows=1 width=20) (actual time=0.160..0.160 rows=0 loops=1)
   ->  Limit  (cost=38.61..38.63 rows=10 width=20) (actual time=0.157..0.158 rows=10 loops=1)
         ->  Sort  (cost=38.61..41.11 rows=1000 width=20) (actual time=0.157..0.157 rows=10 loops=1)
               Sort Key: s_2.a, s_2.b, s_2.c
               Sort Method: top-N heapsort  Memory: 25kB
               ->  Seq Scan on s_2  (cost=0.00..17.00 rows=1000 width=20) (actual time=0.007..0.061 rows=1000 loops=1)
 Planning time: 0.270 ms
 Execution time: 0.182 ms
(8 rows)

===== 54 [Wed Mar  7 01:56:57 CET 2018] scale:1000 groups:10 work_mem:8MB incremental:off max_workers:2 =====
SELECT * FROM s_3 ORDER BY a, b, c, d LIMIT 10
                                                      QUERY PLAN                                                       
-----------------------------------------------------------------------------------------------------------------------
 Limit  (cost=38.73..38.73 rows=1 width=20) (actual time=0.158..0.158 rows=0 loops=1)
   ->  Limit  (cost=38.61..38.63 rows=10 width=20) (actual time=0.155..0.156 rows=10 loops=1)
         ->  Sort  (cost=38.61..41.11 rows=1000 width=20) (actual time=0.155..0.155 rows=10 loops=1)
               Sort Key: s_3.a, s_3.b, s_3.c, s_3.d
               Sort Method: top-N heapsort  Memory: 25kB
               ->  Seq Scan on s_3  (cost=0.00..17.00 rows=1000 width=20) (actual time=0.004..0.055 rows=1000 loops=1)
 Planning time: 0.268 ms
 Execution time: 0.180 ms
(8 rows)

===== 55 [Wed Mar  7 01:56:57 CET 2018] scale:1000 groups:10 work_mem:16MB incremental:on max_workers:2 =====
SELECT * FROM s_1 ORDER BY a, b LIMIT 10
                                                                     QUERY PLAN                                                                     
----------------------------------------------------------------------------------------------------------------------------------------------------
 Limit  (cost=6.43..6.43 rows=1 width=20) (actual time=0.077..0.077 rows=0 loops=1)
   ->  Limit  (cost=6.15..6.33 rows=10 width=20) (actual time=0.075..0.076 rows=10 loops=1)
         ->  Incremental Sort  (cost=6.15..23.87 rows=1000 width=20) (actual time=0.074..0.075 rows=10 loops=1)
               Sort Key: s_1.a, s_1.b
               Presorted Key: s_1.a
               Sort Method: quicksort  Memory: 28kB
               Sort Groups: 1
               ->  Index Only Scan using s_1_a_e_d_c_b_idx on s_1  (cost=0.28..43.27 rows=1000 width=20) (actual time=0.024..0.029 rows=48 loops=1)
                     Heap Fetches: 0
 Planning time: 0.273 ms
 Execution time: 0.102 ms
(11 rows)

===== 56 [Wed Mar  7 01:56:57 CET 2018] scale:1000 groups:10 work_mem:16MB incremental:on max_workers:2 =====
SELECT * FROM s_2 ORDER BY a, b, c LIMIT 10
                                                                     QUERY PLAN                                                                     
----------------------------------------------------------------------------------------------------------------------------------------------------
 Limit  (cost=1.17..1.17 rows=1 width=20) (actual time=0.075..0.075 rows=0 loops=1)
   ->  Limit  (cost=0.87..1.07 rows=10 width=20) (actual time=0.073..0.074 rows=10 loops=1)
         ->  Incremental Sort  (cost=0.87..20.37 rows=1000 width=20) (actual time=0.072..0.073 rows=10 loops=1)
               Sort Key: s_2.a, s_2.b, s_2.c
               Presorted Key: s_2.a, s_2.b
               Sort Method: quicksort  Memory: 27kB
               Sort Groups: 1
               ->  Index Only Scan using s_2_a_b_e_d_c_idx on s_2  (cost=0.28..43.27 rows=1000 width=20) (actual time=0.021..0.025 rows=35 loops=1)
                     Heap Fetches: 0
 Planning time: 0.264 ms
 Execution time: 0.100 ms
(11 rows)

===== 57 [Wed Mar  7 01:56:57 CET 2018] scale:1000 groups:10 work_mem:16MB incremental:on max_workers:2 =====
SELECT * FROM s_3 ORDER BY a, b, c, d LIMIT 10
                                                                     QUERY PLAN                                                                     
----------------------------------------------------------------------------------------------------------------------------------------------------
 Limit  (cost=1.17..1.17 rows=1 width=20) (actual time=0.073..0.073 rows=0 loops=1)
   ->  Limit  (cost=0.87..1.07 rows=10 width=20) (actual time=0.070..0.072 rows=10 loops=1)
         ->  Incremental Sort  (cost=0.87..20.37 rows=1000 width=20) (actual time=0.070..0.071 rows=10 loops=1)
               Sort Key: s_3.a, s_3.b, s_3.c, s_3.d
               Presorted Key: s_3.a, s_3.b, s_3.c
               Sort Method: quicksort  Memory: 27kB
               Sort Groups: 1
               ->  Index Only Scan using s_3_a_b_c_e_d_idx on s_3  (cost=0.28..43.27 rows=1000 width=20) (actual time=0.020..0.024 rows=34 loops=1)
                     Heap Fetches: 0
 Planning time: 0.280 ms
 Execution time: 0.100 ms
(11 rows)

===== 58 [Wed Mar  7 01:56:57 CET 2018] scale:1000 groups:10 work_mem:16MB incremental:off max_workers:2 =====
SELECT * FROM s_1 ORDER BY a, b LIMIT 10
                                                      QUERY PLAN                                                       
-----------------------------------------------------------------------------------------------------------------------
 Limit  (cost=38.73..38.73 rows=1 width=20) (actual time=0.160..0.160 rows=0 loops=1)
   ->  Limit  (cost=38.61..38.63 rows=10 width=20) (actual time=0.158..0.159 rows=10 loops=1)
         ->  Sort  (cost=38.61..41.11 rows=1000 width=20) (actual time=0.158..0.158 rows=10 loops=1)
               Sort Key: s_1.a, s_1.b
               Sort Method: top-N heapsort  Memory: 26kB
               ->  Seq Scan on s_1  (cost=0.00..17.00 rows=1000 width=20) (actual time=0.004..0.059 rows=1000 loops=1)
 Planning time: 0.260 ms
 Execution time: 0.182 ms
(8 rows)

===== 59 [Wed Mar  7 01:56:57 CET 2018] scale:1000 groups:10 work_mem:16MB incremental:off max_workers:2 =====
SELECT * FROM s_2 ORDER BY a, b, c LIMIT 10
                                                      QUERY PLAN                                                       
-----------------------------------------------------------------------------------------------------------------------
 Limit  (cost=38.73..38.73 rows=1 width=20) (actual time=0.161..0.161 rows=0 loops=1)
   ->  Limit  (cost=38.61..38.63 rows=10 width=20) (actual time=0.159..0.160 rows=10 loops=1)
         ->  Sort  (cost=38.61..41.11 rows=1000 width=20) (actual time=0.159..0.159 rows=10 loops=1)
               Sort Key: s_2.a, s_2.b, s_2.c
               Sort Method: top-N heapsort  Memory: 25kB
               ->  Seq Scan on s_2  (cost=0.00..17.00 rows=1000 width=20) (actual time=0.007..0.061 rows=1000 loops=1)
 Planning time: 0.261 ms
 Execution time: 0.184 ms
(8 rows)

===== 60 [Wed Mar  7 01:56:57 CET 2018] scale:1000 groups:10 work_mem:16MB incremental:off max_workers:2 =====
SELECT * FROM s_3 ORDER BY a, b, c, d LIMIT 10
                                                      QUERY PLAN                                                       
-----------------------------------------------------------------------------------------------------------------------
 Limit  (cost=38.73..38.73 rows=1 width=20) (actual time=0.160..0.160 rows=0 loops=1)
   ->  Limit  (cost=38.61..38.63 rows=10 width=20) (actual time=0.158..0.159 rows=10 loops=1)
         ->  Sort  (cost=38.61..41.11 rows=1000 width=20) (actual time=0.158..0.158 rows=10 loops=1)
               Sort Key: s_3.a, s_3.b, s_3.c, s_3.d
               Sort Method: top-N heapsort  Memory: 25kB
               ->  Seq Scan on s_3  (cost=0.00..17.00 rows=1000 width=20) (actual time=0.004..0.055 rows=1000 loops=1)
 Planning time: 0.276 ms
 Execution time: 0.183 ms
(8 rows)

===== 61 [Wed Mar  7 01:56:57 CET 2018] scale:1000 groups:10 work_mem:32MB incremental:on max_workers:2 =====
SELECT * FROM s_1 ORDER BY a, b LIMIT 10
                                                                     QUERY PLAN                                                                     
----------------------------------------------------------------------------------------------------------------------------------------------------
 Limit  (cost=6.43..6.43 rows=1 width=20) (actual time=0.076..0.076 rows=0 loops=1)
   ->  Limit  (cost=6.15..6.33 rows=10 width=20) (actual time=0.074..0.075 rows=10 loops=1)
         ->  Incremental Sort  (cost=6.15..23.87 rows=1000 width=20) (actual time=0.074..0.074 rows=10 loops=1)
               Sort Key: s_1.a, s_1.b
               Presorted Key: s_1.a
               Sort Method: quicksort  Memory: 28kB
               Sort Groups: 1
               ->  Index Only Scan using s_1_a_e_d_c_b_idx on s_1  (cost=0.28..43.27 rows=1000 width=20) (actual time=0.023..0.029 rows=48 loops=1)
                     Heap Fetches: 0
 Planning time: 0.263 ms
 Execution time: 0.102 ms
(11 rows)

===== 62 [Wed Mar  7 01:56:57 CET 2018] scale:1000 groups:10 work_mem:32MB incremental:on max_workers:2 =====
SELECT * FROM s_2 ORDER BY a, b, c LIMIT 10
                                                                     QUERY PLAN                                                                     
----------------------------------------------------------------------------------------------------------------------------------------------------
 Limit  (cost=1.17..1.17 rows=1 width=20) (actual time=0.073..0.073 rows=0 loops=1)
   ->  Limit  (cost=0.87..1.07 rows=10 width=20) (actual time=0.071..0.072 rows=10 loops=1)
         ->  Incremental Sort  (cost=0.87..20.37 rows=1000 width=20) (actual time=0.071..0.071 rows=10 loops=1)
               Sort Key: s_2.a, s_2.b, s_2.c
               Presorted Key: s_2.a, s_2.b
               Sort Method: quicksort  Memory: 27kB
               Sort Groups: 1
               ->  Index Only Scan using s_2_a_b_e_d_c_idx on s_2  (cost=0.28..43.27 rows=1000 width=20) (actual time=0.021..0.025 rows=35 loops=1)
                     Heap Fetches: 0
 Planning time: 0.268 ms
 Execution time: 0.100 ms
(11 rows)

===== 63 [Wed Mar  7 01:56:58 CET 2018] scale:1000 groups:10 work_mem:32MB incremental:on max_workers:2 =====
SELECT * FROM s_3 ORDER BY a, b, c, d LIMIT 10
                                                                     QUERY PLAN                                                                     
----------------------------------------------------------------------------------------------------------------------------------------------------
 Limit  (cost=1.17..1.17 rows=1 width=20) (actual time=0.074..0.074 rows=0 loops=1)
   ->  Limit  (cost=0.87..1.07 rows=10 width=20) (actual time=0.071..0.072 rows=10 loops=1)
         ->  Incremental Sort  (cost=0.87..20.37 rows=1000 width=20) (actual time=0.071..0.071 rows=10 loops=1)
               Sort Key: s_3.a, s_3.b, s_3.c, s_3.d
               Presorted Key: s_3.a, s_3.b, s_3.c
               Sort Method: quicksort  Memory: 27kB
               Sort Groups: 1
               ->  Index Only Scan using s_3_a_b_c_e_d_idx on s_3  (cost=0.28..43.27 rows=1000 width=20) (actual time=0.020..0.024 rows=34 loops=1)
                     Heap Fetches: 0
 Planning time: 0.283 ms
 Execution time: 0.099 ms
(11 rows)

===== 64 [Wed Mar  7 01:56:58 CET 2018] scale:1000 groups:10 work_mem:32MB incremental:off max_workers:2 =====
SELECT * FROM s_1 ORDER BY a, b LIMIT 10
                                                      QUERY PLAN                                                       
-----------------------------------------------------------------------------------------------------------------------
 Limit  (cost=38.73..38.73 rows=1 width=20) (actual time=0.159..0.159 rows=0 loops=1)
   ->  Limit  (cost=38.61..38.63 rows=10 width=20) (actual time=0.157..0.158 rows=10 loops=1)
         ->  Sort  (cost=38.61..41.11 rows=1000 width=20) (actual time=0.157..0.157 rows=10 loops=1)
               Sort Key: s_1.a, s_1.b
               Sort Method: top-N heapsort  Memory: 26kB
               ->  Seq Scan on s_1  (cost=0.00..17.00 rows=1000 width=20) (actual time=0.004..0.059 rows=1000 loops=1)
 Planning time: 0.262 ms
 Execution time: 0.183 ms
(8 rows)

===== 65 [Wed Mar  7 01:56:58 CET 2018] scale:1000 groups:10 work_mem:32MB incremental:off max_workers:2 =====
SELECT * FROM s_2 ORDER BY a, b, c LIMIT 10
                                                      QUERY PLAN                                                       
-----------------------------------------------------------------------------------------------------------------------
 Limit  (cost=38.73..38.73 rows=1 width=20) (actual time=0.161..0.161 rows=0 loops=1)
   ->  Limit  (cost=38.61..38.63 rows=10 width=20) (actual time=0.159..0.160 rows=10 loops=1)
         ->  Sort  (cost=38.61..41.11 rows=1000 width=20) (actual time=0.159..0.159 rows=10 loops=1)
               Sort Key: s_2.a, s_2.b, s_2.c
               Sort Method: top-N heapsort  Memory: 25kB
               ->  Seq Scan on s_2  (cost=0.00..17.00 rows=1000 width=20) (actual time=0.007..0.061 rows=1000 loops=1)
 Planning time: 0.255 ms
 Execution time: 0.184 ms
(8 rows)

===== 66 [Wed Mar  7 01:56:58 CET 2018] scale:1000 groups:10 work_mem:32MB incremental:off max_workers:2 =====
SELECT * FROM s_3 ORDER BY a, b, c, d LIMIT 10
                                                      QUERY PLAN                                                       
-----------------------------------------------------------------------------------------------------------------------
 Limit  (cost=38.73..38.73 rows=1 width=20) (actual time=0.159..0.159 rows=0 loops=1)
   ->  Limit  (cost=38.61..38.63 rows=10 width=20) (actual time=0.156..0.157 rows=10 loops=1)
         ->  Sort  (cost=38.61..41.11 rows=1000 width=20) (actual time=0.156..0.156 rows=10 loops=1)
               Sort Key: s_3.a, s_3.b, s_3.c, s_3.d
               Sort Method: top-N heapsort  Memory: 25kB
               ->  Seq Scan on s_3  (cost=0.00..17.00 rows=1000 width=20) (actual time=0.004..0.055 rows=1000 loops=1)
 Planning time: 0.269 ms
 Execution time: 0.181 ms
(8 rows)

===== 67 [Wed Mar  7 01:56:58 CET 2018] scale:1000 groups:10 work_mem:64MB incremental:on max_workers:2 =====
SELECT * FROM s_1 ORDER BY a, b LIMIT 10
                                                                     QUERY PLAN                                                                     
----------------------------------------------------------------------------------------------------------------------------------------------------
 Limit  (cost=6.43..6.43 rows=1 width=20) (actual time=0.079..0.079 rows=0 loops=1)
   ->  Limit  (cost=6.15..6.33 rows=10 width=20) (actual time=0.077..0.078 rows=10 loops=1)
         ->  Incremental Sort  (cost=6.15..23.87 rows=1000 width=20) (actual time=0.077..0.077 rows=10 loops=1)
               Sort Key: s_1.a, s_1.b
               Presorted Key: s_1.a
               Sort Method: quicksort  Memory: 28kB
               Sort Groups: 1
               ->  Index Only Scan using s_1_a_e_d_c_b_idx on s_1  (cost=0.28..43.27 rows=1000 width=20) (actual time=0.024..0.029 rows=48 loops=1)
                     Heap Fetches: 0
 Planning time: 0.270 ms
 Execution time: 0.105 ms
(11 rows)

===== 68 [Wed Mar  7 01:56:58 CET 2018] scale:1000 groups:10 work_mem:64MB incremental:on max_workers:2 =====
SELECT * FROM s_2 ORDER BY a, b, c LIMIT 10
                                                                     QUERY PLAN                                                                     
----------------------------------------------------------------------------------------------------------------------------------------------------
 Limit  (cost=1.17..1.17 rows=1 width=20) (actual time=0.076..0.076 rows=0 loops=1)
   ->  Limit  (cost=0.87..1.07 rows=10 width=20) (actual time=0.074..0.075 rows=10 loops=1)
         ->  Incremental Sort  (cost=0.87..20.37 rows=1000 width=20) (actual time=0.073..0.074 rows=10 loops=1)
               Sort Key: s_2.a, s_2.b, s_2.c
               Presorted Key: s_2.a, s_2.b
               Sort Method: quicksort  Memory: 27kB
               Sort Groups: 1
               ->  Index Only Scan using s_2_a_b_e_d_c_idx on s_2  (cost=0.28..43.27 rows=1000 width=20) (actual time=0.021..0.025 rows=35 loops=1)
                     Heap Fetches: 0
 Planning time: 0.265 ms
 Execution time: 0.101 ms
(11 rows)

===== 69 [Wed Mar  7 01:56:58 CET 2018] scale:1000 groups:10 work_mem:64MB incremental:on max_workers:2 =====
SELECT * FROM s_3 ORDER BY a, b, c, d LIMIT 10
                                                                     QUERY PLAN                                                                     
----------------------------------------------------------------------------------------------------------------------------------------------------
 Limit  (cost=1.17..1.17 rows=1 width=20) (actual time=0.072..0.072 rows=0 loops=1)
   ->  Limit  (cost=0.87..1.07 rows=10 width=20) (actual time=0.070..0.071 rows=10 loops=1)
         ->  Incremental Sort  (cost=0.87..20.37 rows=1000 width=20) (actual time=0.070..0.070 rows=10 loops=1)
               Sort Key: s_3.a, s_3.b, s_3.c, s_3.d
               Presorted Key: s_3.a, s_3.b, s_3.c
               Sort Method: quicksort  Memory: 27kB
               Sort Groups: 1
               ->  Index Only Scan using s_3_a_b_c_e_d_idx on s_3  (cost=0.28..43.27 rows=1000 width=20) (actual time=0.020..0.024 rows=34 loops=1)
                     Heap Fetches: 0
 Planning time: 0.280 ms
 Execution time: 0.098 ms
(11 rows)

===== 70 [Wed Mar  7 01:56:58 CET 2018] scale:1000 groups:10 work_mem:64MB incremental:off max_workers:2 =====
SELECT * FROM s_1 ORDER BY a, b LIMIT 10
                                                      QUERY PLAN                                                       
-----------------------------------------------------------------------------------------------------------------------
 Limit  (cost=38.73..38.73 rows=1 width=20) (actual time=0.163..0.163 rows=0 loops=1)
   ->  Limit  (cost=38.61..38.63 rows=10 width=20) (actual time=0.161..0.162 rows=10 loops=1)
         ->  Sort  (cost=38.61..41.11 rows=1000 width=20) (actual time=0.161..0.161 rows=10 loops=1)
               Sort Key: s_1.a, s_1.b
               Sort Method: top-N heapsort  Memory: 26kB
               ->  Seq Scan on s_1  (cost=0.00..17.00 rows=1000 width=20) (actual time=0.004..0.059 rows=1000 loops=1)
 Planning time: 0.260 ms
 Execution time: 0.188 ms
(8 rows)

===== 71 [Wed Mar  7 01:56:58 CET 2018] scale:1000 groups:10 work_mem:64MB incremental:off max_workers:2 =====
SELECT * FROM s_2 ORDER BY a, b, c LIMIT 10
                                                      QUERY PLAN                                                       
-----------------------------------------------------------------------------------------------------------------------
 Limit  (cost=38.73..38.73 rows=1 width=20) (actual time=0.166..0.166 rows=0 loops=1)
   ->  Limit  (cost=38.61..38.63 rows=10 width=20) (actual time=0.163..0.164 rows=10 loops=1)
         ->  Sort  (cost=38.61..41.11 rows=1000 width=20) (actual time=0.163..0.164 rows=10 loops=1)
               Sort Key: s_2.a, s_2.b, s_2.c
               Sort Method: top-N heapsort  Memory: 25kB
               ->  Seq Scan on s_2  (cost=0.00..17.00 rows=1000 width=20) (actual time=0.007..0.061 rows=1000 loops=1)
 Planning time: 0.260 ms
 Execution time: 0.188 ms
(8 rows)

===== 72 [Wed Mar  7 01:56:58 CET 2018] scale:1000 groups:10 work_mem:64MB incremental:off max_workers:2 =====
SELECT * FROM s_3 ORDER BY a, b, c, d LIMIT 10
                                                      QUERY PLAN                                                       
-----------------------------------------------------------------------------------------------------------------------
 Limit  (cost=38.73..38.73 rows=1 width=20) (actual time=0.160..0.160 rows=0 loops=1)
   ->  Limit  (cost=38.61..38.63 rows=10 width=20) (actual time=0.158..0.159 rows=10 loops=1)
         ->  Sort  (cost=38.61..41.11 rows=1000 width=20) (actual time=0.157..0.158 rows=10 loops=1)
               Sort Key: s_3.a, s_3.b, s_3.c, s_3.d
               Sort Method: top-N heapsort  Memory: 25kB
               ->  Seq Scan on s_3  (cost=0.00..17.00 rows=1000 width=20) (actual time=0.004..0.055 rows=1000 loops=1)
 Planning time: 0.275 ms
 Execution time: 0.182 ms
(8 rows)

===== 73 [Wed Mar  7 01:56:58 CET 2018] scale:1000 groups:10 work_mem:128MB incremental:on max_workers:2 =====
SELECT * FROM s_1 ORDER BY a, b LIMIT 10
                                                                     QUERY PLAN                                                                     
----------------------------------------------------------------------------------------------------------------------------------------------------
 Limit  (cost=6.43..6.43 rows=1 width=20) (actual time=0.077..0.077 rows=0 loops=1)
   ->  Limit  (cost=6.15..6.33 rows=10 width=20) (actual time=0.074..0.076 rows=10 loops=1)
         ->  Incremental Sort  (cost=6.15..23.87 rows=1000 width=20) (actual time=0.074..0.075 rows=10 loops=1)
               Sort Key: s_1.a, s_1.b
               Presorted Key: s_1.a
               Sort Method: quicksort  Memory: 28kB
               Sort Groups: 1
               ->  Index Only Scan using s_1_a_e_d_c_b_idx on s_1  (cost=0.28..43.27 rows=1000 width=20) (actual time=0.023..0.028 rows=48 loops=1)
                     Heap Fetches: 0
 Planning time: 0.272 ms
 Execution time: 0.103 ms
(11 rows)

===== 74 [Wed Mar  7 01:56:58 CET 2018] scale:1000 groups:10 work_mem:128MB incremental:on max_workers:2 =====
SELECT * FROM s_2 ORDER BY a, b, c LIMIT 10
                                                                     QUERY PLAN                                                                     
----------------------------------------------------------------------------------------------------------------------------------------------------
 Limit  (cost=1.17..1.17 rows=1 width=20) (actual time=0.074..0.074 rows=0 loops=1)
   ->  Limit  (cost=0.87..1.07 rows=10 width=20) (actual time=0.071..0.072 rows=10 loops=1)
         ->  Incremental Sort  (cost=0.87..20.37 rows=1000 width=20) (actual time=0.071..0.072 rows=10 loops=1)
               Sort Key: s_2.a, s_2.b, s_2.c
               Presorted Key: s_2.a, s_2.b
               Sort Method: quicksort  Memory: 27kB
               Sort Groups: 1
               ->  Index Only Scan using s_2_a_b_e_d_c_idx on s_2  (cost=0.28..43.27 rows=1000 width=20) (actual time=0.021..0.025 rows=35 loops=1)
                     Heap Fetches: 0
 Planning time: 0.273 ms
 Execution time: 0.100 ms
(11 rows)

===== 75 [Wed Mar  7 01:56:58 CET 2018] scale:1000 groups:10 work_mem:128MB incremental:on max_workers:2 =====
SELECT * FROM s_3 ORDER BY a, b, c, d LIMIT 10
                                                                     QUERY PLAN                                                                     
----------------------------------------------------------------------------------------------------------------------------------------------------
 Limit  (cost=1.17..1.17 rows=1 width=20) (actual time=0.075..0.075 rows=0 loops=1)
   ->  Limit  (cost=0.87..1.07 rows=10 width=20) (actual time=0.072..0.073 rows=10 loops=1)
         ->  Incremental Sort  (cost=0.87..20.37 rows=1000 width=20) (actual time=0.072..0.073 rows=10 loops=1)
               Sort Key: s_3.a, s_3.b, s_3.c, s_3.d
               Presorted Key: s_3.a, s_3.b, s_3.c
               Sort Method: quicksort  Memory: 27kB
               Sort Groups: 1
               ->  Index Only Scan using s_3_a_b_c_e_d_idx on s_3  (cost=0.28..43.27 rows=1000 width=20) (actual time=0.020..0.024 rows=34 loops=1)
                     Heap Fetches: 0
 Planning time: 0.278 ms
 Execution time: 0.100 ms
(11 rows)

===== 76 [Wed Mar  7 01:56:59 CET 2018] scale:1000 groups:10 work_mem:128MB incremental:off max_workers:2 =====
SELECT * FROM s_1 ORDER BY a, b LIMIT 10
                                                      QUERY PLAN                                                       
-----------------------------------------------------------------------------------------------------------------------
 Limit  (cost=38.73..38.73 rows=1 width=20) (actual time=0.160..0.160 rows=0 loops=1)
   ->  Limit  (cost=38.61..38.63 rows=10 width=20) (actual time=0.158..0.159 rows=10 loops=1)
         ->  Sort  (cost=38.61..41.11 rows=1000 width=20) (actual time=0.158..0.158 rows=10 loops=1)
               Sort Key: s_1.a, s_1.b
               Sort Method: top-N heapsort  Memory: 26kB
               ->  Seq Scan on s_1  (cost=0.00..17.00 rows=1000 width=20) (actual time=0.004..0.058 rows=1000 loops=1)
 Planning time: 0.288 ms
 Execution time: 0.183 ms
(8 rows)

===== 77 [Wed Mar  7 01:56:59 CET 2018] scale:1000 groups:10 work_mem:128MB incremental:off max_workers:2 =====
SELECT * FROM s_2 ORDER BY a, b, c LIMIT 10
                                                      QUERY PLAN                                                       
-----------------------------------------------------------------------------------------------------------------------
 Limit  (cost=38.73..38.73 rows=1 width=20) (actual time=0.161..0.161 rows=0 loops=1)
   ->  Limit  (cost=38.61..38.63 rows=10 width=20) (actual time=0.159..0.160 rows=10 loops=1)
         ->  Sort  (cost=38.61..41.11 rows=1000 width=20) (actual time=0.158..0.159 rows=10 loops=1)
               Sort Key: s_2.a, s_2.b, s_2.c
               Sort Method: top-N heapsort  Memory: 25kB
               ->  Seq Scan on s_2  (cost=0.00..17.00 rows=1000 width=20) (actual time=0.007..0.061 rows=1000 loops=1)
 Planning time: 0.258 ms
 Execution time: 0.184 ms
(8 rows)

===== 78 [Wed Mar  7 01:56:59 CET 2018] scale:1000 groups:10 work_mem:128MB incremental:off max_workers:2 =====
SELECT * FROM s_3 ORDER BY a, b, c, d LIMIT 10
                                                      QUERY PLAN                                                       
-----------------------------------------------------------------------------------------------------------------------
 Limit  (cost=38.73..38.73 rows=1 width=20) (actual time=0.159..0.159 rows=0 loops=1)
   ->  Limit  (cost=38.61..38.63 rows=10 width=20) (actual time=0.156..0.157 rows=10 loops=1)
         ->  Sort  (cost=38.61..41.11 rows=1000 width=20) (actual time=0.156..0.157 rows=10 loops=1)
               Sort Key: s_3.a, s_3.b, s_3.c, s_3.d
               Sort Method: top-N heapsort  Memory: 25kB
               ->  Seq Scan on s_3  (cost=0.00..17.00 rows=1000 width=20) (actual time=0.004..0.055 rows=1000 loops=1)
 Planning time: 0.270 ms
 Execution time: 0.181 ms
(8 rows)

===== 79 [Wed Mar  7 01:56:59 CET 2018] scale:1000 groups:10 work_mem:256MB incremental:on max_workers:2 =====
SELECT * FROM s_1 ORDER BY a, b LIMIT 10
                                                                     QUERY PLAN                                                                     
----------------------------------------------------------------------------------------------------------------------------------------------------
 Limit  (cost=6.43..6.43 rows=1 width=20) (actual time=0.077..0.077 rows=0 loops=1)
   ->  Limit  (cost=6.15..6.33 rows=10 width=20) (actual time=0.075..0.076 rows=10 loops=1)
         ->  Incremental Sort  (cost=6.15..23.87 rows=1000 width=20) (actual time=0.075..0.075 rows=10 loops=1)
               Sort Key: s_1.a, s_1.b
               Presorted Key: s_1.a
               Sort Method: quicksort  Memory: 28kB
               Sort Groups: 1
               ->  Index Only Scan using s_1_a_e_d_c_b_idx on s_1  (cost=0.28..43.27 rows=1000 width=20) (actual time=0.023..0.029 rows=48 loops=1)
                     Heap Fetches: 0
 Planning time: 0.275 ms
 Execution time: 0.103 ms
(11 rows)

===== 80 [Wed Mar  7 01:56:59 CET 2018] scale:1000 groups:10 work_mem:256MB incremental:on max_workers:2 =====
SELECT * FROM s_2 ORDER BY a, b, c LIMIT 10
                                                                     QUERY PLAN                                                                     
----------------------------------------------------------------------------------------------------------------------------------------------------
 Limit  (cost=1.17..1.17 rows=1 width=20) (actual time=0.075..0.075 rows=0 loops=1)
   ->  Limit  (cost=0.87..1.07 rows=10 width=20) (actual time=0.072..0.074 rows=10 loops=1)
         ->  Incremental Sort  (cost=0.87..20.37 rows=1000 width=20) (actual time=0.072..0.073 rows=10 loops=1)
               Sort Key: s_2.a, s_2.b, s_2.c
               Presorted Key: s_2.a, s_2.b
               Sort Method: quicksort  Memory: 27kB
               Sort Groups: 1
               ->  Index Only Scan using s_2_a_b_e_d_c_idx on s_2  (cost=0.28..43.27 rows=1000 width=20) (actual time=0.021..0.025 rows=35 loops=1)
                     Heap Fetches: 0
 Planning time: 0.267 ms
 Execution time: 0.100 ms
(11 rows)

===== 81 [Wed Mar  7 01:56:59 CET 2018] scale:1000 groups:10 work_mem:256MB incremental:on max_workers:2 =====
SELECT * FROM s_3 ORDER BY a, b, c, d LIMIT 10
                                                                     QUERY PLAN                                                                     
----------------------------------------------------------------------------------------------------------------------------------------------------
 Limit  (cost=1.17..1.17 rows=1 width=20) (actual time=0.072..0.072 rows=0 loops=1)
   ->  Limit  (cost=0.87..1.07 rows=10 width=20) (actual time=0.070..0.071 rows=10 loops=1)
         ->  Incremental Sort  (cost=0.87..20.37 rows=1000 width=20) (actual time=0.069..0.070 rows=10 loops=1)
               Sort Key: s_3.a, s_3.b, s_3.c, s_3.d
               Presorted Key: s_3.a, s_3.b, s_3.c
               Sort Method: quicksort  Memory: 27kB
               Sort Groups: 1
               ->  Index Only Scan using s_3_a_b_c_e_d_idx on s_3  (cost=0.28..43.27 rows=1000 width=20) (actual time=0.020..0.024 rows=34 loops=1)
                     Heap Fetches: 0
 Planning time: 0.278 ms
 Execution time: 0.097 ms
(11 rows)

===== 82 [Wed Mar  7 01:56:59 CET 2018] scale:1000 groups:10 work_mem:256MB incremental:off max_workers:2 =====
SELECT * FROM s_1 ORDER BY a, b LIMIT 10
                                                      QUERY PLAN                                                       
-----------------------------------------------------------------------------------------------------------------------
 Limit  (cost=38.73..38.73 rows=1 width=20) (actual time=0.157..0.157 rows=0 loops=1)
   ->  Limit  (cost=38.61..38.63 rows=10 width=20) (actual time=0.155..0.156 rows=10 loops=1)
         ->  Sort  (cost=38.61..41.11 rows=1000 width=20) (actual time=0.155..0.155 rows=10 loops=1)
               Sort Key: s_1.a, s_1.b
               Sort Method: top-N heapsort  Memory: 26kB
               ->  Seq Scan on s_1  (cost=0.00..17.00 rows=1000 width=20) (actual time=0.004..0.059 rows=1000 loops=1)
 Planning time: 0.272 ms
 Execution time: 0.180 ms
(8 rows)

===== 83 [Wed Mar  7 01:56:59 CET 2018] scale:1000 groups:10 work_mem:256MB incremental:off max_workers:2 =====
SELECT * FROM s_2 ORDER BY a, b, c LIMIT 10
                                                      QUERY PLAN                                                       
-----------------------------------------------------------------------------------------------------------------------
 Limit  (cost=38.73..38.73 rows=1 width=20) (actual time=0.159..0.159 rows=0 loops=1)
   ->  Limit  (cost=38.61..38.63 rows=10 width=20) (actual time=0.157..0.158 rows=10 loops=1)
         ->  Sort  (cost=38.61..41.11 rows=1000 width=20) (actual time=0.157..0.157 rows=10 loops=1)
               Sort Key: s_2.a, s_2.b, s_2.c
               Sort Method: top-N heapsort  Memory: 25kB
               ->  Seq Scan on s_2  (cost=0.00..17.00 rows=1000 width=20) (actual time=0.007..0.061 rows=1000 loops=1)
 Planning time: 0.254 ms
 Execution time: 0.181 ms
(8 rows)

===== 84 [Wed Mar  7 01:56:59 CET 2018] scale:1000 groups:10 work_mem:256MB incremental:off max_workers:2 =====
SELECT * FROM s_3 ORDER BY a, b, c, d LIMIT 10
                                                      QUERY PLAN                                                       
-----------------------------------------------------------------------------------------------------------------------
 Limit  (cost=38.73..38.73 rows=1 width=20) (actual time=0.165..0.165 rows=0 loops=1)
   ->  Limit  (cost=38.61..38.63 rows=10 width=20) (actual time=0.162..0.163 rows=10 loops=1)
         ->  Sort  (cost=38.61..41.11 rows=1000 width=20) (actual time=0.162..0.162 rows=10 loops=1)
               Sort Key: s_3.a, s_3.b, s_3.c, s_3.d
               Sort Method: top-N heapsort  Memory: 25kB
               ->  Seq Scan on s_3  (cost=0.00..17.00 rows=1000 width=20) (actual time=0.004..0.056 rows=1000 loops=1)
 Planning time: 0.276 ms
 Execution time: 0.187 ms
(8 rows)

===== 85 [Wed Mar  7 01:57:00 CET 2018] scale:1000 groups:100 work_mem:4MB incremental:on max_workers:0 =====
SELECT * FROM s_1 ORDER BY a, b LIMIT 10
                                                                     QUERY PLAN                                                                     
----------------------------------------------------------------------------------------------------------------------------------------------------
 Limit  (cost=1.16..1.16 rows=1 width=20) (actual time=0.089..0.089 rows=0 loops=1)
   ->  Limit  (cost=0.86..1.06 rows=10 width=20) (actual time=0.087..0.088 rows=10 loops=1)
         ->  Incremental Sort  (cost=0.86..20.39 rows=1000 width=20) (actual time=0.087..0.087 rows=10 loops=1)
               Sort Key: s_1.a, s_1.b
               Presorted Key: s_1.a
               Sort Method: quicksort  Memory: 27kB
               Sort Groups: 1
               ->  Index Only Scan using s_1_a_e_d_c_b_idx on s_1  (cost=0.28..43.27 rows=1000 width=20) (actual time=0.035..0.039 rows=34 loops=1)
                     Heap Fetches: 0
 Planning time: 0.268 ms
 Execution time: 0.115 ms
(11 rows)

===== 86 [Wed Mar  7 01:57:00 CET 2018] scale:1000 groups:100 work_mem:4MB incremental:on max_workers:0 =====
SELECT * FROM s_2 ORDER BY a, b, c LIMIT 10
                                                                     QUERY PLAN                                                                     
----------------------------------------------------------------------------------------------------------------------------------------------------
 Limit  (cost=1.16..1.16 rows=1 width=20) (actual time=0.088..0.088 rows=0 loops=1)
   ->  Limit  (cost=0.86..1.06 rows=10 width=20) (actual time=0.086..0.087 rows=10 loops=1)
         ->  Incremental Sort  (cost=0.86..20.39 rows=1000 width=20) (actual time=0.086..0.086 rows=10 loops=1)
               Sort Key: s_2.a, s_2.b, s_2.c
               Presorted Key: s_2.a, s_2.b
               Sort Method: quicksort  Memory: 27kB
               Sort Groups: 1
               ->  Index Only Scan using s_2_a_b_e_d_c_idx on s_2  (cost=0.28..43.27 rows=1000 width=20) (actual time=0.037..0.041 rows=33 loops=1)
                     Heap Fetches: 0
 Planning time: 0.270 ms
 Execution time: 0.114 ms
(11 rows)

===== 87 [Wed Mar  7 01:57:00 CET 2018] scale:1000 groups:100 work_mem:4MB incremental:on max_workers:0 =====
SELECT * FROM s_3 ORDER BY a, b, c, d LIMIT 10
                                                                     QUERY PLAN                                                                     
----------------------------------------------------------------------------------------------------------------------------------------------------
 Limit  (cost=1.16..1.16 rows=1 width=20) (actual time=0.081..0.081 rows=0 loops=1)
   ->  Limit  (cost=0.86..1.06 rows=10 width=20) (actual time=0.079..0.080 rows=10 loops=1)
         ->  Incremental Sort  (cost=0.86..20.39 rows=1000 width=20) (actual time=0.078..0.079 rows=10 loops=1)
               Sort Key: s_3.a, s_3.b, s_3.c, s_3.d
               Presorted Key: s_3.a, s_3.b, s_3.c
               Sort Method: quicksort  Memory: 27kB
               Sort Groups: 1
               ->  Index Only Scan using s_3_a_b_c_e_d_idx on s_3  (cost=0.28..43.27 rows=1000 width=20) (actual time=0.033..0.037 rows=33 loops=1)
                     Heap Fetches: 0
 Planning time: 0.278 ms
 Execution time: 0.106 ms
(11 rows)

===== 88 [Wed Mar  7 01:57:00 CET 2018] scale:1000 groups:100 work_mem:4MB incremental:off max_workers:0 =====
SELECT * FROM s_1 ORDER BY a, b LIMIT 10
                                                      QUERY PLAN                                                       
-----------------------------------------------------------------------------------------------------------------------
 Limit  (cost=38.73..38.73 rows=1 width=20) (actual time=0.154..0.154 rows=0 loops=1)
   ->  Limit  (cost=38.61..38.63 rows=10 width=20) (actual time=0.152..0.153 rows=10 loops=1)
         ->  Sort  (cost=38.61..41.11 rows=1000 width=20) (actual time=0.151..0.152 rows=10 loops=1)
               Sort Key: s_1.a, s_1.b
               Sort Method: top-N heapsort  Memory: 25kB
               ->  Seq Scan on s_1  (cost=0.00..17.00 rows=1000 width=20) (actual time=0.007..0.058 rows=1000 loops=1)
 Planning time: 0.260 ms
 Execution time: 0.178 ms
(8 rows)

===== 89 [Wed Mar  7 01:57:00 CET 2018] scale:1000 groups:100 work_mem:4MB incremental:off max_workers:0 =====
SELECT * FROM s_2 ORDER BY a, b, c LIMIT 10
                                                      QUERY PLAN                                                       
-----------------------------------------------------------------------------------------------------------------------
 Limit  (cost=38.73..38.73 rows=1 width=20) (actual time=0.156..0.156 rows=0 loops=1)
   ->  Limit  (cost=38.61..38.63 rows=10 width=20) (actual time=0.154..0.155 rows=10 loops=1)
         ->  Sort  (cost=38.61..41.11 rows=1000 width=20) (actual time=0.153..0.154 rows=10 loops=1)
               Sort Key: s_2.a, s_2.b, s_2.c
               Sort Method: top-N heapsort  Memory: 25kB
               ->  Seq Scan on s_2  (cost=0.00..17.00 rows=1000 width=20) (actual time=0.007..0.058 rows=1000 loops=1)
 Planning time: 0.267 ms
 Execution time: 0.178 ms
(8 rows)

===== 90 [Wed Mar  7 01:57:00 CET 2018] scale:1000 groups:100 work_mem:4MB incremental:off max_workers:0 =====
SELECT * FROM s_3 ORDER BY a, b, c, d LIMIT 10
                                                      QUERY PLAN                                                       
-----------------------------------------------------------------------------------------------------------------------
 Limit  (cost=38.73..38.73 rows=1 width=20) (actual time=0.154..0.154 rows=0 loops=1)
   ->  Limit  (cost=38.61..38.63 rows=10 width=20) (actual time=0.152..0.153 rows=10 loops=1)
         ->  Sort  (cost=38.61..41.11 rows=1000 width=20) (actual time=0.151..0.152 rows=10 loops=1)
               Sort Key: s_3.a, s_3.b, s_3.c, s_3.d
               Sort Method: top-N heapsort  Memory: 25kB
               ->  Seq Scan on s_3  (cost=0.00..17.00 rows=1000 width=20) (actual time=0.004..0.052 rows=1000 loops=1)
 Planning time: 0.269 ms
 Execution time: 0.176 ms
(8 rows)

===== 91 [Wed Mar  7 01:57:00 CET 2018] scale:1000 groups:100 work_mem:8MB incremental:on max_workers:0 =====
SELECT * FROM s_1 ORDER BY a, b LIMIT 10
                                                                     QUERY PLAN                                                                     
----------------------------------------------------------------------------------------------------------------------------------------------------
 Limit  (cost=1.16..1.16 rows=1 width=20) (actual time=0.078..0.078 rows=0 loops=1)
   ->  Limit  (cost=0.86..1.06 rows=10 width=20) (actual time=0.076..0.077 rows=10 loops=1)
         ->  Incremental Sort  (cost=0.86..20.39 rows=1000 width=20) (actual time=0.076..0.076 rows=10 loops=1)
               Sort Key: s_1.a, s_1.b
               Presorted Key: s_1.a
               Sort Method: quicksort  Memory: 27kB
               Sort Groups: 1
               ->  Index Only Scan using s_1_a_e_d_c_b_idx on s_1  (cost=0.28..43.27 rows=1000 width=20) (actual time=0.021..0.025 rows=34 loops=1)
                     Heap Fetches: 0
 Planning time: 0.269 ms
 Execution time: 0.106 ms
(11 rows)

===== 92 [Wed Mar  7 01:57:00 CET 2018] scale:1000 groups:100 work_mem:8MB incremental:on max_workers:0 =====
SELECT * FROM s_2 ORDER BY a, b, c LIMIT 10
                                                                     QUERY PLAN                                                                     
----------------------------------------------------------------------------------------------------------------------------------------------------
 Limit  (cost=1.16..1.16 rows=1 width=20) (actual time=0.077..0.077 rows=0 loops=1)
   ->  Limit  (cost=0.86..1.06 rows=10 width=20) (actual time=0.075..0.076 rows=10 loops=1)
         ->  Incremental Sort  (cost=0.86..20.39 rows=1000 width=20) (actual time=0.075..0.075 rows=10 loops=1)
               Sort Key: s_2.a, s_2.b, s_2.c
               Presorted Key: s_2.a, s_2.b
               Sort Method: quicksort  Memory: 27kB
               Sort Groups: 1
               ->  Index Only Scan using s_2_a_b_e_d_c_idx on s_2  (cost=0.28..43.27 rows=1000 width=20) (actual time=0.025..0.029 rows=33 loops=1)
                     Heap Fetches: 0
 Planning time: 0.270 ms
 Execution time: 0.102 ms
(11 rows)

===== 93 [Wed Mar  7 01:57:00 CET 2018] scale:1000 groups:100 work_mem:8MB incremental:on max_workers:0 =====
SELECT * FROM s_3 ORDER BY a, b, c, d LIMIT 10
                                                                     QUERY PLAN                                                                     
----------------------------------------------------------------------------------------------------------------------------------------------------
 Limit  (cost=1.16..1.16 rows=1 width=20) (actual time=0.068..0.068 rows=0 loops=1)
   ->  Limit  (cost=0.86..1.06 rows=10 width=20) (actual time=0.066..0.067 rows=10 loops=1)
         ->  Incremental Sort  (cost=0.86..20.39 rows=1000 width=20) (actual time=0.066..0.066 rows=10 loops=1)
               Sort Key: s_3.a, s_3.b, s_3.c, s_3.d
               Presorted Key: s_3.a, s_3.b, s_3.c
               Sort Method: quicksort  Memory: 27kB
               Sort Groups: 1
               ->  Index Only Scan using s_3_a_b_c_e_d_idx on s_3  (cost=0.28..43.27 rows=1000 width=20) (actual time=0.020..0.024 rows=33 loops=1)
                     Heap Fetches: 0
 Planning time: 0.275 ms
 Execution time: 0.093 ms
(11 rows)

===== 94 [Wed Mar  7 01:57:01 CET 2018] scale:1000 groups:100 work_mem:8MB incremental:off max_workers:0 =====
SELECT * FROM s_1 ORDER BY a, b LIMIT 10
                                                      QUERY PLAN                                                       
-----------------------------------------------------------------------------------------------------------------------
 Limit  (cost=38.73..38.73 rows=1 width=20) (actual time=0.158..0.158 rows=0 loops=1)
   ->  Limit  (cost=38.61..38.63 rows=10 width=20) (actual time=0.156..0.157 rows=10 loops=1)
         ->  Sort  (cost=38.61..41.11 rows=1000 width=20) (actual time=0.156..0.156 rows=10 loops=1)
               Sort Key: s_1.a, s_1.b
               Sort Method: top-N heapsort  Memory: 25kB
               ->  Seq Scan on s_1  (cost=0.00..17.00 rows=1000 width=20) (actual time=0.007..0.058 rows=1000 loops=1)
 Planning time: 0.274 ms
 Execution time: 0.181 ms
(8 rows)

===== 95 [Wed Mar  7 01:57:01 CET 2018] scale:1000 groups:100 work_mem:8MB incremental:off max_workers:0 =====
SELECT * FROM s_2 ORDER BY a, b, c LIMIT 10
                                                      QUERY PLAN                                                       
-----------------------------------------------------------------------------------------------------------------------
 Limit  (cost=38.73..38.73 rows=1 width=20) (actual time=0.156..0.156 rows=0 loops=1)
   ->  Limit  (cost=38.61..38.63 rows=10 width=20) (actual time=0.153..0.154 rows=10 loops=1)
         ->  Sort  (cost=38.61..41.11 rows=1000 width=20) (actual time=0.153..0.153 rows=10 loops=1)
               Sort Key: s_2.a, s_2.b, s_2.c
               Sort Method: top-N heapsort  Memory: 25kB
               ->  Seq Scan on s_2  (cost=0.00..17.00 rows=1000 width=20) (actual time=0.007..0.058 rows=1000 loops=1)
 Planning time: 0.271 ms
 Execution time: 0.178 ms
(8 rows)

===== 96 [Wed Mar  7 01:57:01 CET 2018] scale:1000 groups:100 work_mem:8MB incremental:off max_workers:0 =====
SELECT * FROM s_3 ORDER BY a, b, c, d LIMIT 10
                                                      QUERY PLAN                                                       
-----------------------------------------------------------------------------------------------------------------------
 Limit  (cost=38.73..38.73 rows=1 width=20) (actual time=0.155..0.155 rows=0 loops=1)
   ->  Limit  (cost=38.61..38.63 rows=10 width=20) (actual time=0.152..0.153 rows=10 loops=1)
         ->  Sort  (cost=38.61..41.11 rows=1000 width=20) (actual time=0.152..0.153 rows=10 loops=1)
               Sort Key: s_3.a, s_3.b, s_3.c, s_3.d
               Sort Method: top-N heapsort  Memory: 25kB
               ->  Seq Scan on s_3  (cost=0.00..17.00 rows=1000 width=20) (actual time=0.004..0.052 rows=1000 loops=1)
 Planning time: 0.269 ms
 Execution time: 0.178 ms
(8 rows)

===== 97 [Wed Mar  7 01:57:01 CET 2018] scale:1000 groups:100 work_mem:16MB incremental:on max_workers:0 =====
SELECT * FROM s_1 ORDER BY a, b LIMIT 10
                                                                     QUERY PLAN                                                                     
----------------------------------------------------------------------------------------------------------------------------------------------------
 Limit  (cost=1.16..1.16 rows=1 width=20) (actual time=0.073..0.073 rows=0 loops=1)
   ->  Limit  (cost=0.86..1.06 rows=10 width=20) (actual time=0.071..0.072 rows=10 loops=1)
         ->  Incremental Sort  (cost=0.86..20.39 rows=1000 width=20) (actual time=0.071..0.071 rows=10 loops=1)
               Sort Key: s_1.a, s_1.b
               Presorted Key: s_1.a
               Sort Method: quicksort  Memory: 27kB
               Sort Groups: 1
               ->  Index Only Scan using s_1_a_e_d_c_b_idx on s_1  (cost=0.28..43.27 rows=1000 width=20) (actual time=0.021..0.025 rows=34 loops=1)
                     Heap Fetches: 0
 Planning time: 0.276 ms
 Execution time: 0.099 ms
(11 rows)

===== 98 [Wed Mar  7 01:57:01 CET 2018] scale:1000 groups:100 work_mem:16MB incremental:on max_workers:0 =====
SELECT * FROM s_2 ORDER BY a, b, c LIMIT 10
                                                                     QUERY PLAN                                                                     
----------------------------------------------------------------------------------------------------------------------------------------------------
 Limit  (cost=1.16..1.16 rows=1 width=20) (actual time=0.077..0.077 rows=0 loops=1)
   ->  Limit  (cost=0.86..1.06 rows=10 width=20) (actual time=0.074..0.075 rows=10 loops=1)
         ->  Incremental Sort  (cost=0.86..20.39 rows=1000 width=20) (actual time=0.074..0.075 rows=10 loops=1)
               Sort Key: s_2.a, s_2.b, s_2.c
               Presorted Key: s_2.a, s_2.b
               Sort Method: quicksort  Memory: 27kB
               Sort Groups: 1
               ->  Index Only Scan using s_2_a_b_e_d_c_idx on s_2  (cost=0.28..43.27 rows=1000 width=20) (actual time=0.025..0.029 rows=33 loops=1)
                     Heap Fetches: 0
 Planning time: 0.277 ms
 Execution time: 0.102 ms
(11 rows)

===== 99 [Wed Mar  7 01:57:01 CET 2018] scale:1000 groups:100 work_mem:16MB incremental:on max_workers:0 =====
SELECT * FROM s_3 ORDER BY a, b, c, d LIMIT 10
                                                                     QUERY PLAN                                                                     
----------------------------------------------------------------------------------------------------------------------------------------------------
 Limit  (cost=1.16..1.16 rows=1 width=20) (actual time=0.068..0.068 rows=0 loops=1)
   ->  Limit  (cost=0.86..1.06 rows=10 width=20) (actual time=0.066..0.067 rows=10 loops=1)
         ->  Incremental Sort  (cost=0.86..20.39 rows=1000 width=20) (actual time=0.066..0.066 rows=10 loops=1)
               Sort Key: s_3.a, s_3.b, s_3.c, s_3.d
               Presorted Key: s_3.a, s_3.b, s_3.c
               Sort Method: quicksort  Memory: 27kB
               Sort Groups: 1
               ->  Index Only Scan using s_3_a_b_c_e_d_idx on s_3  (cost=0.28..43.27 rows=1000 width=20) (actual time=0.021..0.024 rows=33 loops=1)
                     Heap Fetches: 0
 Planning time: 0.278 ms
 Execution time: 0.093 ms
(11 rows)

===== 100 [Wed Mar  7 01:57:01 CET 2018] scale:1000 groups:100 work_mem:16MB incremental:off max_workers:0 =====
SELECT * FROM s_1 ORDER BY a, b LIMIT 10
                                                      QUERY PLAN                                                       
-----------------------------------------------------------------------------------------------------------------------
 Limit  (cost=38.73..38.73 rows=1 width=20) (actual time=0.155..0.155 rows=0 loops=1)
   ->  Limit  (cost=38.61..38.63 rows=10 width=20) (actual time=0.153..0.154 rows=10 loops=1)
         ->  Sort  (cost=38.61..41.11 rows=1000 width=20) (actual time=0.152..0.153 rows=10 loops=1)
               Sort Key: s_1.a, s_1.b
               Sort Method: top-N heapsort  Memory: 25kB
               ->  Seq Scan on s_1  (cost=0.00..17.00 rows=1000 width=20) (actual time=0.007..0.058 rows=1000 loops=1)
 Planning time: 0.265 ms
 Execution time: 0.178 ms
(8 rows)

===== 101 [Wed Mar  7 01:57:01 CET 2018] scale:1000 groups:100 work_mem:16MB incremental:off max_workers:0 =====
SELECT * FROM s_2 ORDER BY a, b, c LIMIT 10
                                                      QUERY PLAN                                                       
-----------------------------------------------------------------------------------------------------------------------
 Limit  (cost=38.73..38.73 rows=1 width=20) (actual time=0.156..0.156 rows=0 loops=1)
   ->  Limit  (cost=38.61..38.63 rows=10 width=20) (actual time=0.154..0.155 rows=10 loops=1)
         ->  Sort  (cost=38.61..41.11 rows=1000 width=20) (actual time=0.154..0.154 rows=10 loops=1)
               Sort Key: s_2.a, s_2.b, s_2.c
               Sort Method: top-N heapsort  Memory: 25kB
               ->  Seq Scan on s_2  (cost=0.00..17.00 rows=1000 width=20) (actual time=0.007..0.058 rows=1000 loops=1)
 Planning time: 0.263 ms
 Execution time: 0.178 ms
(8 rows)

===== 102 [Wed Mar  7 01:57:01 CET 2018] scale:1000 groups:100 work_mem:16MB incremental:off max_workers:0 =====
SELECT * FROM s_3 ORDER BY a, b, c, d LIMIT 10
                                                      QUERY PLAN                                                       
-----------------------------------------------------------------------------------------------------------------------
 Limit  (cost=38.73..38.73 rows=1 width=20) (actual time=0.156..0.156 rows=0 loops=1)
   ->  Limit  (cost=38.61..38.63 rows=10 width=20) (actual time=0.153..0.154 rows=10 loops=1)
         ->  Sort  (cost=38.61..41.11 rows=1000 width=20) (actual time=0.153..0.153 rows=10 loops=1)
               Sort Key: s_3.a, s_3.b, s_3.c, s_3.d
               Sort Method: top-N heapsort  Memory: 25kB
               ->  Seq Scan on s_3  (cost=0.00..17.00 rows=1000 width=20) (actual time=0.004..0.052 rows=1000 loops=1)
 Planning time: 0.268 ms
 Execution time: 0.178 ms
(8 rows)

===== 103 [Wed Mar  7 01:57:01 CET 2018] scale:1000 groups:100 work_mem:32MB incremental:on max_workers:0 =====
SELECT * FROM s_1 ORDER BY a, b LIMIT 10
                                                                     QUERY PLAN                                                                     
----------------------------------------------------------------------------------------------------------------------------------------------------
 Limit  (cost=1.16..1.16 rows=1 width=20) (actual time=0.075..0.075 rows=0 loops=1)
   ->  Limit  (cost=0.86..1.06 rows=10 width=20) (actual time=0.073..0.074 rows=10 loops=1)
         ->  Incremental Sort  (cost=0.86..20.39 rows=1000 width=20) (actual time=0.072..0.073 rows=10 loops=1)
               Sort Key: s_1.a, s_1.b
               Presorted Key: s_1.a
               Sort Method: quicksort  Memory: 27kB
               Sort Groups: 1
               ->  Index Only Scan using s_1_a_e_d_c_b_idx on s_1  (cost=0.28..43.27 rows=1000 width=20) (actual time=0.021..0.025 rows=34 loops=1)
                     Heap Fetches: 0
 Planning time: 0.268 ms
 Execution time: 0.103 ms
(11 rows)

===== 104 [Wed Mar  7 01:57:01 CET 2018] scale:1000 groups:100 work_mem:32MB incremental:on max_workers:0 =====
SELECT * FROM s_2 ORDER BY a, b, c LIMIT 10
                                                                     QUERY PLAN                                                                     
----------------------------------------------------------------------------------------------------------------------------------------------------
 Limit  (cost=1.16..1.16 rows=1 width=20) (actual time=0.080..0.080 rows=0 loops=1)
   ->  Limit  (cost=0.86..1.06 rows=10 width=20) (actual time=0.077..0.079 rows=10 loops=1)
         ->  Incremental Sort  (cost=0.86..20.39 rows=1000 width=20) (actual time=0.077..0.078 rows=10 loops=1)
               Sort Key: s_2.a, s_2.b, s_2.c
               Presorted Key: s_2.a, s_2.b
               Sort Method: quicksort  Memory: 27kB
               Sort Groups: 1
               ->  Index Only Scan using s_2_a_b_e_d_c_idx on s_2  (cost=0.28..43.27 rows=1000 width=20) (actual time=0.029..0.033 rows=33 loops=1)
                     Heap Fetches: 0
 Planning time: 0.262 ms
 Execution time: 0.105 ms
(11 rows)

===== 105 [Wed Mar  7 01:57:01 CET 2018] scale:1000 groups:100 work_mem:32MB incremental:on max_workers:0 =====
SELECT * FROM s_3 ORDER BY a, b, c, d LIMIT 10
                                                                     QUERY PLAN                                                                     
----------------------------------------------------------------------------------------------------------------------------------------------------
 Limit  (cost=1.16..1.16 rows=1 width=20) (actual time=0.068..0.068 rows=0 loops=1)
   ->  Limit  (cost=0.86..1.06 rows=10 width=20) (actual time=0.066..0.067 rows=10 loops=1)
         ->  Incremental Sort  (cost=0.86..20.39 rows=1000 width=20) (actual time=0.066..0.066 rows=10 loops=1)
               Sort Key: s_3.a, s_3.b, s_3.c, s_3.d
               Presorted Key: s_3.a, s_3.b, s_3.c
               Sort Method: quicksort  Memory: 27kB
               Sort Groups: 1
               ->  Index Only Scan using s_3_a_b_c_e_d_idx on s_3  (cost=0.28..43.27 rows=1000 width=20) (actual time=0.020..0.024 rows=33 loops=1)
                     Heap Fetches: 0
 Planning time: 0.269 ms
 Execution time: 0.092 ms
(11 rows)

===== 106 [Wed Mar  7 01:57:01 CET 2018] scale:1000 groups:100 work_mem:32MB incremental:off max_workers:0 =====
SELECT * FROM s_1 ORDER BY a, b LIMIT 10
                                                      QUERY PLAN                                                       
-----------------------------------------------------------------------------------------------------------------------
 Limit  (cost=38.73..38.73 rows=1 width=20) (actual time=0.157..0.157 rows=0 loops=1)
   ->  Limit  (cost=38.61..38.63 rows=10 width=20) (actual time=0.155..0.156 rows=10 loops=1)
         ->  Sort  (cost=38.61..41.11 rows=1000 width=20) (actual time=0.155..0.155 rows=10 loops=1)
               Sort Key: s_1.a, s_1.b
               Sort Method: top-N heapsort  Memory: 25kB
               ->  Seq Scan on s_1  (cost=0.00..17.00 rows=1000 width=20) (actual time=0.007..0.058 rows=1000 loops=1)
 Planning time: 0.263 ms
 Execution time: 0.180 ms
(8 rows)

===== 107 [Wed Mar  7 01:57:01 CET 2018] scale:1000 groups:100 work_mem:32MB incremental:off max_workers:0 =====
SELECT * FROM s_2 ORDER BY a, b, c LIMIT 10
                                                      QUERY PLAN                                                       
-----------------------------------------------------------------------------------------------------------------------
 Limit  (cost=38.73..38.73 rows=1 width=20) (actual time=0.160..0.160 rows=0 loops=1)
   ->  Limit  (cost=38.61..38.63 rows=10 width=20) (actual time=0.157..0.158 rows=10 loops=1)
         ->  Sort  (cost=38.61..41.11 rows=1000 width=20) (actual time=0.157..0.157 rows=10 loops=1)
               Sort Key: s_2.a, s_2.b, s_2.c
               Sort Method: top-N heapsort  Memory: 25kB
               ->  Seq Scan on s_2  (cost=0.00..17.00 rows=1000 width=20) (actual time=0.007..0.062 rows=1000 loops=1)
 Planning time: 0.266 ms
 Execution time: 0.183 ms
(8 rows)

===== 108 [Wed Mar  7 01:57:02 CET 2018] scale:1000 groups:100 work_mem:32MB incremental:off max_workers:0 =====
SELECT * FROM s_3 ORDER BY a, b, c, d LIMIT 10
                                                      QUERY PLAN                                                       
-----------------------------------------------------------------------------------------------------------------------
 Limit  (cost=38.73..38.73 rows=1 width=20) (actual time=0.154..0.154 rows=0 loops=1)
   ->  Limit  (cost=38.61..38.63 rows=10 width=20) (actual time=0.152..0.153 rows=10 loops=1)
         ->  Sort  (cost=38.61..41.11 rows=1000 width=20) (actual time=0.151..0.152 rows=10 loops=1)
               Sort Key: s_3.a, s_3.b, s_3.c, s_3.d
               Sort Method: top-N heapsort  Memory: 25kB
               ->  Seq Scan on s_3  (cost=0.00..17.00 rows=1000 width=20) (actual time=0.004..0.052 rows=1000 loops=1)
 Planning time: 0.279 ms
 Execution time: 0.176 ms
(8 rows)

===== 109 [Wed Mar  7 01:57:02 CET 2018] scale:1000 groups:100 work_mem:64MB incremental:on max_workers:0 =====
SELECT * FROM s_1 ORDER BY a, b LIMIT 10
                                                                     QUERY PLAN                                                                     
----------------------------------------------------------------------------------------------------------------------------------------------------
 Limit  (cost=1.16..1.16 rows=1 width=20) (actual time=0.077..0.077 rows=0 loops=1)
   ->  Limit  (cost=0.86..1.06 rows=10 width=20) (actual time=0.075..0.076 rows=10 loops=1)
         ->  Incremental Sort  (cost=0.86..20.39 rows=1000 width=20) (actual time=0.075..0.075 rows=10 loops=1)
               Sort Key: s_1.a, s_1.b
               Presorted Key: s_1.a
               Sort Method: quicksort  Memory: 27kB
               Sort Groups: 1
               ->  Index Only Scan using s_1_a_e_d_c_b_idx on s_1  (cost=0.28..43.27 rows=1000 width=20) (actual time=0.022..0.026 rows=34 loops=1)
                     Heap Fetches: 0
 Planning time: 0.268 ms
 Execution time: 0.103 ms
(11 rows)

===== 110 [Wed Mar  7 01:57:02 CET 2018] scale:1000 groups:100 work_mem:64MB incremental:on max_workers:0 =====
SELECT * FROM s_2 ORDER BY a, b, c LIMIT 10
                                                                     QUERY PLAN                                                                     
----------------------------------------------------------------------------------------------------------------------------------------------------
 Limit  (cost=1.16..1.16 rows=1 width=20) (actual time=0.077..0.077 rows=0 loops=1)
   ->  Limit  (cost=0.86..1.06 rows=10 width=20) (actual time=0.075..0.076 rows=10 loops=1)
         ->  Incremental Sort  (cost=0.86..20.39 rows=1000 width=20) (actual time=0.075..0.075 rows=10 loops=1)
               Sort Key: s_2.a, s_2.b, s_2.c
               Presorted Key: s_2.a, s_2.b
               Sort Method: quicksort  Memory: 27kB
               Sort Groups: 1
               ->  Index Only Scan using s_2_a_b_e_d_c_idx on s_2  (cost=0.28..43.27 rows=1000 width=20) (actual time=0.025..0.029 rows=33 loops=1)
                     Heap Fetches: 0
 Planning time: 0.266 ms
 Execution time: 0.102 ms
(11 rows)

===== 111 [Wed Mar  7 01:57:02 CET 2018] scale:1000 groups:100 work_mem:64MB incremental:on max_workers:0 =====
SELECT * FROM s_3 ORDER BY a, b, c, d LIMIT 10
                                                                     QUERY PLAN                                                                     
----------------------------------------------------------------------------------------------------------------------------------------------------
 Limit  (cost=1.16..1.16 rows=1 width=20) (actual time=0.071..0.071 rows=0 loops=1)
   ->  Limit  (cost=0.86..1.06 rows=10 width=20) (actual time=0.069..0.070 rows=10 loops=1)
         ->  Incremental Sort  (cost=0.86..20.39 rows=1000 width=20) (actual time=0.068..0.069 rows=10 loops=1)
               Sort Key: s_3.a, s_3.b, s_3.c, s_3.d
               Presorted Key: s_3.a, s_3.b, s_3.c
               Sort Method: quicksort  Memory: 27kB
               Sort Groups: 1
               ->  Index Only Scan using s_3_a_b_c_e_d_idx on s_3  (cost=0.28..43.27 rows=1000 width=20) (actual time=0.021..0.025 rows=33 loops=1)
                     Heap Fetches: 0
 Planning time: 0.272 ms
 Execution time: 0.096 ms
(11 rows)

===== 112 [Wed Mar  7 01:57:02 CET 2018] scale:1000 groups:100 work_mem:64MB incremental:off max_workers:0 =====
SELECT * FROM s_1 ORDER BY a, b LIMIT 10
                                                      QUERY PLAN                                                       
-----------------------------------------------------------------------------------------------------------------------
 Limit  (cost=38.73..38.73 rows=1 width=20) (actual time=0.156..0.156 rows=0 loops=1)
   ->  Limit  (cost=38.61..38.63 rows=10 width=20) (actual time=0.154..0.155 rows=10 loops=1)
         ->  Sort  (cost=38.61..41.11 rows=1000 width=20) (actual time=0.154..0.154 rows=10 loops=1)
               Sort Key: s_1.a, s_1.b
               Sort Method: top-N heapsort  Memory: 25kB
               ->  Seq Scan on s_1  (cost=0.00..17.00 rows=1000 width=20) (actual time=0.007..0.058 rows=1000 loops=1)
 Planning time: 0.278 ms
 Execution time: 0.179 ms
(8 rows)

===== 113 [Wed Mar  7 01:57:02 CET 2018] scale:1000 groups:100 work_mem:64MB incremental:off max_workers:0 =====
SELECT * FROM s_2 ORDER BY a, b, c LIMIT 10
                                                      QUERY PLAN                                                       
-----------------------------------------------------------------------------------------------------------------------
 Limit  (cost=38.73..38.73 rows=1 width=20) (actual time=0.157..0.157 rows=0 loops=1)
   ->  Limit  (cost=38.61..38.63 rows=10 width=20) (actual time=0.155..0.156 rows=10 loops=1)
         ->  Sort  (cost=38.61..41.11 rows=1000 width=20) (actual time=0.155..0.155 rows=10 loops=1)
               Sort Key: s_2.a, s_2.b, s_2.c
               Sort Method: top-N heapsort  Memory: 25kB
               ->  Seq Scan on s_2  (cost=0.00..17.00 rows=1000 width=20) (actual time=0.007..0.058 rows=1000 loops=1)
 Planning time: 0.263 ms
 Execution time: 0.180 ms
(8 rows)

===== 114 [Wed Mar  7 01:57:02 CET 2018] scale:1000 groups:100 work_mem:64MB incremental:off max_workers:0 =====
SELECT * FROM s_3 ORDER BY a, b, c, d LIMIT 10
                                                      QUERY PLAN                                                       
-----------------------------------------------------------------------------------------------------------------------
 Limit  (cost=38.73..38.73 rows=1 width=20) (actual time=0.155..0.155 rows=0 loops=1)
   ->  Limit  (cost=38.61..38.63 rows=10 width=20) (actual time=0.153..0.154 rows=10 loops=1)
         ->  Sort  (cost=38.61..41.11 rows=1000 width=20) (actual time=0.153..0.153 rows=10 loops=1)
               Sort Key: s_3.a, s_3.b, s_3.c, s_3.d
               Sort Method: top-N heapsort  Memory: 25kB
               ->  Seq Scan on s_3  (cost=0.00..17.00 rows=1000 width=20) (actual time=0.004..0.052 rows=1000 loops=1)
 Planning time: 0.284 ms
 Execution time: 0.178 ms
(8 rows)

===== 115 [Wed Mar  7 01:57:02 CET 2018] scale:1000 groups:100 work_mem:128MB incremental:on max_workers:0 =====
SELECT * FROM s_1 ORDER BY a, b LIMIT 10
                                                                     QUERY PLAN                                                                     
----------------------------------------------------------------------------------------------------------------------------------------------------
 Limit  (cost=1.16..1.16 rows=1 width=20) (actual time=0.081..0.081 rows=0 loops=1)
   ->  Limit  (cost=0.86..1.06 rows=10 width=20) (actual time=0.078..0.080 rows=10 loops=1)
         ->  Incremental Sort  (cost=0.86..20.39 rows=1000 width=20) (actual time=0.078..0.079 rows=10 loops=1)
               Sort Key: s_1.a, s_1.b
               Presorted Key: s_1.a
               Sort Method: quicksort  Memory: 27kB
               Sort Groups: 1
               ->  Index Only Scan using s_1_a_e_d_c_b_idx on s_1  (cost=0.28..43.27 rows=1000 width=20) (actual time=0.021..0.025 rows=34 loops=1)
                     Heap Fetches: 0
 Planning time: 0.269 ms
 Execution time: 0.106 ms
(11 rows)

===== 116 [Wed Mar  7 01:57:02 CET 2018] scale:1000 groups:100 work_mem:128MB incremental:on max_workers:0 =====
SELECT * FROM s_2 ORDER BY a, b, c LIMIT 10
                                                                     QUERY PLAN                                                                     
----------------------------------------------------------------------------------------------------------------------------------------------------
 Limit  (cost=1.16..1.16 rows=1 width=20) (actual time=0.076..0.076 rows=0 loops=1)
   ->  Limit  (cost=0.86..1.06 rows=10 width=20) (actual time=0.074..0.075 rows=10 loops=1)
         ->  Incremental Sort  (cost=0.86..20.39 rows=1000 width=20) (actual time=0.074..0.074 rows=10 loops=1)
               Sort Key: s_2.a, s_2.b, s_2.c
               Presorted Key: s_2.a, s_2.b
               Sort Method: quicksort  Memory: 27kB
               Sort Groups: 1
               ->  Index Only Scan using s_2_a_b_e_d_c_idx on s_2  (cost=0.28..43.27 rows=1000 width=20) (actual time=0.025..0.029 rows=33 loops=1)
                     Heap Fetches: 0
 Planning time: 0.280 ms
 Execution time: 0.102 ms
(11 rows)

===== 117 [Wed Mar  7 01:57:02 CET 2018] scale:1000 groups:100 work_mem:128MB incremental:on max_workers:0 =====
SELECT * FROM s_3 ORDER BY a, b, c, d LIMIT 10
                                                                     QUERY PLAN                                                                     
----------------------------------------------------------------------------------------------------------------------------------------------------
 Limit  (cost=1.16..1.16 rows=1 width=20) (actual time=0.068..0.068 rows=0 loops=1)
   ->  Limit  (cost=0.86..1.06 rows=10 width=20) (actual time=0.066..0.067 rows=10 loops=1)
         ->  Incremental Sort  (cost=0.86..20.39 rows=1000 width=20) (actual time=0.066..0.066 rows=10 loops=1)
               Sort Key: s_3.a, s_3.b, s_3.c, s_3.d
               Presorted Key: s_3.a, s_3.b, s_3.c
               Sort Method: quicksort  Memory: 27kB
               Sort Groups: 1
               ->  Index Only Scan using s_3_a_b_c_e_d_idx on s_3  (cost=0.28..43.27 rows=1000 width=20) (actual time=0.020..0.024 rows=33 loops=1)
                     Heap Fetches: 0
 Planning time: 0.271 ms
 Execution time: 0.093 ms
(11 rows)

===== 118 [Wed Mar  7 01:57:02 CET 2018] scale:1000 groups:100 work_mem:128MB incremental:off max_workers:0 =====
SELECT * FROM s_1 ORDER BY a, b LIMIT 10
                                                      QUERY PLAN                                                       
-----------------------------------------------------------------------------------------------------------------------
 Limit  (cost=38.73..38.73 rows=1 width=20) (actual time=0.164..0.164 rows=0 loops=1)
   ->  Limit  (cost=38.61..38.63 rows=10 width=20) (actual time=0.162..0.163 rows=10 loops=1)
         ->  Sort  (cost=38.61..41.11 rows=1000 width=20) (actual time=0.161..0.162 rows=10 loops=1)
               Sort Key: s_1.a, s_1.b
               Sort Method: top-N heapsort  Memory: 25kB
               ->  Seq Scan on s_1  (cost=0.00..17.00 rows=1000 width=20) (actual time=0.007..0.058 rows=1000 loops=1)
 Planning time: 0.267 ms
 Execution time: 0.186 ms
(8 rows)

===== 119 [Wed Mar  7 01:57:02 CET 2018] scale:1000 groups:100 work_mem:128MB incremental:off max_workers:0 =====
SELECT * FROM s_2 ORDER BY a, b, c LIMIT 10
                                                      QUERY PLAN                                                       
-----------------------------------------------------------------------------------------------------------------------
 Limit  (cost=38.73..38.73 rows=1 width=20) (actual time=0.157..0.157 rows=0 loops=1)
   ->  Limit  (cost=38.61..38.63 rows=10 width=20) (actual time=0.155..0.156 rows=10 loops=1)
         ->  Sort  (cost=38.61..41.11 rows=1000 width=20) (actual time=0.154..0.155 rows=10 loops=1)
               Sort Key: s_2.a, s_2.b, s_2.c
               Sort Method: top-N heapsort  Memory: 25kB
               ->  Seq Scan on s_2  (cost=0.00..17.00 rows=1000 width=20) (actual time=0.007..0.058 rows=1000 loops=1)
 Planning time: 0.266 ms
 Execution time: 0.181 ms
(8 rows)

===== 120 [Wed Mar  7 01:57:02 CET 2018] scale:1000 groups:100 work_mem:128MB incremental:off max_workers:0 =====
SELECT * FROM s_3 ORDER BY a, b, c, d LIMIT 10
                                                      QUERY PLAN                                                       
-----------------------------------------------------------------------------------------------------------------------
 Limit  (cost=38.73..38.73 rows=1 width=20) (actual time=0.153..0.153 rows=0 loops=1)
   ->  Limit  (cost=38.61..38.63 rows=10 width=20) (actual time=0.151..0.152 rows=10 loops=1)
         ->  Sort  (cost=38.61..41.11 rows=1000 width=20) (actual time=0.150..0.151 rows=10 loops=1)
               Sort Key: s_3.a, s_3.b, s_3.c, s_3.d
               Sort Method: top-N heapsort  Memory: 25kB
               ->  Seq Scan on s_3  (cost=0.00..17.00 rows=1000 width=20) (actual time=0.004..0.052 rows=1000 loops=1)
 Planning time: 0.266 ms
 Execution time: 0.176 ms
(8 rows)

===== 121 [Wed Mar  7 01:57:03 CET 2018] scale:1000 groups:100 work_mem:256MB incremental:on max_workers:0 =====
SELECT * FROM s_1 ORDER BY a, b LIMIT 10
                                                                     QUERY PLAN                                                                     
----------------------------------------------------------------------------------------------------------------------------------------------------
 Limit  (cost=1.16..1.16 rows=1 width=20) (actual time=0.074..0.074 rows=0 loops=1)
   ->  Limit  (cost=0.86..1.06 rows=10 width=20) (actual time=0.072..0.073 rows=10 loops=1)
         ->  Incremental Sort  (cost=0.86..20.39 rows=1000 width=20) (actual time=0.072..0.072 rows=10 loops=1)
               Sort Key: s_1.a, s_1.b
               Presorted Key: s_1.a
               Sort Method: quicksort  Memory: 27kB
               Sort Groups: 1
               ->  Index Only Scan using s_1_a_e_d_c_b_idx on s_1  (cost=0.28..43.27 rows=1000 width=20) (actual time=0.021..0.025 rows=34 loops=1)
                     Heap Fetches: 0
 Planning time: 0.280 ms
 Execution time: 0.100 ms
(11 rows)

===== 122 [Wed Mar  7 01:57:03 CET 2018] scale:1000 groups:100 work_mem:256MB incremental:on max_workers:0 =====
SELECT * FROM s_2 ORDER BY a, b, c LIMIT 10
                                                                     QUERY PLAN                                                                     
----------------------------------------------------------------------------------------------------------------------------------------------------
 Limit  (cost=1.16..1.16 rows=1 width=20) (actual time=0.077..0.077 rows=0 loops=1)
   ->  Limit  (cost=0.86..1.06 rows=10 width=20) (actual time=0.075..0.076 rows=10 loops=1)
         ->  Incremental Sort  (cost=0.86..20.39 rows=1000 width=20) (actual time=0.074..0.075 rows=10 loops=1)
               Sort Key: s_2.a, s_2.b, s_2.c
               Presorted Key: s_2.a, s_2.b
               Sort Method: quicksort  Memory: 27kB
               Sort Groups: 1
               ->  Index Only Scan using s_2_a_b_e_d_c_idx on s_2  (cost=0.28..43.27 rows=1000 width=20) (actual time=0.025..0.029 rows=33 loops=1)
                     Heap Fetches: 0
 Planning time: 0.275 ms
 Execution time: 0.107 ms
(11 rows)

===== 123 [Wed Mar  7 01:57:03 CET 2018] scale:1000 groups:100 work_mem:256MB incremental:on max_workers:0 =====
SELECT * FROM s_3 ORDER BY a, b, c, d LIMIT 10
                                                                     QUERY PLAN                                                                     
----------------------------------------------------------------------------------------------------------------------------------------------------
 Limit  (cost=1.16..1.16 rows=1 width=20) (actual time=0.068..0.068 rows=0 loops=1)
   ->  Limit  (cost=0.86..1.06 rows=10 width=20) (actual time=0.066..0.067 rows=10 loops=1)
         ->  Incremental Sort  (cost=0.86..20.39 rows=1000 width=20) (actual time=0.066..0.066 rows=10 loops=1)
               Sort Key: s_3.a, s_3.b, s_3.c, s_3.d
               Presorted Key: s_3.a, s_3.b, s_3.c
               Sort Method: quicksort  Memory: 27kB
               Sort Groups: 1
               ->  Index Only Scan using s_3_a_b_c_e_d_idx on s_3  (cost=0.28..43.27 rows=1000 width=20) (actual time=0.020..0.024 rows=33 loops=1)
                     Heap Fetches: 0
 Planning time: 0.275 ms
 Execution time: 0.094 ms
(11 rows)

===== 124 [Wed Mar  7 01:57:03 CET 2018] scale:1000 groups:100 work_mem:256MB incremental:off max_workers:0 =====
SELECT * FROM s_1 ORDER BY a, b LIMIT 10
                                                      QUERY PLAN                                                       
-----------------------------------------------------------------------------------------------------------------------
 Limit  (cost=38.73..38.73 rows=1 width=20) (actual time=0.159..0.159 rows=0 loops=1)
   ->  Limit  (cost=38.61..38.63 rows=10 width=20) (actual time=0.157..0.158 rows=10 loops=1)
         ->  Sort  (cost=38.61..41.11 rows=1000 width=20) (actual time=0.157..0.157 rows=10 loops=1)
               Sort Key: s_1.a, s_1.b
               Sort Method: top-N heapsort  Memory: 25kB
               ->  Seq Scan on s_1  (cost=0.00..17.00 rows=1000 width=20) (actual time=0.007..0.058 rows=1000 loops=1)
 Planning time: 0.262 ms
 Execution time: 0.181 ms
(8 rows)

===== 125 [Wed Mar  7 01:57:03 CET 2018] scale:1000 groups:100 work_mem:256MB incremental:off max_workers:0 =====
SELECT * FROM s_2 ORDER BY a, b, c LIMIT 10
                                                      QUERY PLAN                                                       
-----------------------------------------------------------------------------------------------------------------------
 Limit  (cost=38.73..38.73 rows=1 width=20) (actual time=0.156..0.156 rows=0 loops=1)
   ->  Limit  (cost=38.61..38.63 rows=10 width=20) (actual time=0.154..0.155 rows=10 loops=1)
         ->  Sort  (cost=38.61..41.11 rows=1000 width=20) (actual time=0.153..0.154 rows=10 loops=1)
               Sort Key: s_2.a, s_2.b, s_2.c
               Sort Method: top-N heapsort  Memory: 25kB
               ->  Seq Scan on s_2  (cost=0.00..17.00 rows=1000 width=20) (actual time=0.007..0.058 rows=1000 loops=1)
 Planning time: 0.269 ms
 Execution time: 0.178 ms
(8 rows)

===== 126 [Wed Mar  7 01:57:03 CET 2018] scale:1000 groups:100 work_mem:256MB incremental:off max_workers:0 =====
SELECT * FROM s_3 ORDER BY a, b, c, d LIMIT 10
                                                      QUERY PLAN                                                       
-----------------------------------------------------------------------------------------------------------------------
 Limit  (cost=38.73..38.73 rows=1 width=20) (actual time=0.154..0.154 rows=0 loops=1)
   ->  Limit  (cost=38.61..38.63 rows=10 width=20) (actual time=0.151..0.153 rows=10 loops=1)
         ->  Sort  (cost=38.61..41.11 rows=1000 width=20) (actual time=0.151..0.152 rows=10 loops=1)
               Sort Key: s_3.a, s_3.b, s_3.c, s_3.d
               Sort Method: top-N heapsort  Memory: 25kB
               ->  Seq Scan on s_3  (cost=0.00..17.00 rows=1000 width=20) (actual time=0.004..0.052 rows=1000 loops=1)
 Planning time: 0.269 ms
 Execution time: 0.177 ms
(8 rows)

===== 127 [Wed Mar  7 01:57:03 CET 2018] scale:1000 groups:100 work_mem:4MB incremental:on max_workers:2 =====
SELECT * FROM s_1 ORDER BY a, b LIMIT 10
                                                                     QUERY PLAN                                                                     
----------------------------------------------------------------------------------------------------------------------------------------------------
 Limit  (cost=1.16..1.16 rows=1 width=20) (actual time=0.075..0.075 rows=0 loops=1)
   ->  Limit  (cost=0.86..1.06 rows=10 width=20) (actual time=0.073..0.074 rows=10 loops=1)
         ->  Incremental Sort  (cost=0.86..20.39 rows=1000 width=20) (actual time=0.072..0.073 rows=10 loops=1)
               Sort Key: s_1.a, s_1.b
               Presorted Key: s_1.a
               Sort Method: quicksort  Memory: 27kB
               Sort Groups: 1
               ->  Index Only Scan using s_1_a_e_d_c_b_idx on s_1  (cost=0.28..43.27 rows=1000 width=20) (actual time=0.021..0.025 rows=34 loops=1)
                     Heap Fetches: 0
 Planning time: 0.273 ms
 Execution time: 0.107 ms
(11 rows)

===== 128 [Wed Mar  7 01:57:03 CET 2018] scale:1000 groups:100 work_mem:4MB incremental:on max_workers:2 =====
SELECT * FROM s_2 ORDER BY a, b, c LIMIT 10
                                                                     QUERY PLAN                                                                     
----------------------------------------------------------------------------------------------------------------------------------------------------
 Limit  (cost=1.16..1.16 rows=1 width=20) (actual time=0.078..0.078 rows=0 loops=1)
   ->  Limit  (cost=0.86..1.06 rows=10 width=20) (actual time=0.076..0.077 rows=10 loops=1)
         ->  Incremental Sort  (cost=0.86..20.39 rows=1000 width=20) (actual time=0.075..0.076 rows=10 loops=1)
               Sort Key: s_2.a, s_2.b, s_2.c
               Presorted Key: s_2.a, s_2.b
               Sort Method: quicksort  Memory: 27kB
               Sort Groups: 1
               ->  Index Only Scan using s_2_a_b_e_d_c_idx on s_2  (cost=0.28..43.27 rows=1000 width=20) (actual time=0.025..0.029 rows=33 loops=1)
                     Heap Fetches: 0
 Planning time: 0.273 ms
 Execution time: 0.104 ms
(11 rows)

===== 129 [Wed Mar  7 01:57:03 CET 2018] scale:1000 groups:100 work_mem:4MB incremental:on max_workers:2 =====
SELECT * FROM s_3 ORDER BY a, b, c, d LIMIT 10
                                                                     QUERY PLAN                                                                     
----------------------------------------------------------------------------------------------------------------------------------------------------
 Limit  (cost=1.16..1.16 rows=1 width=20) (actual time=0.070..0.070 rows=0 loops=1)
   ->  Limit  (cost=0.86..1.06 rows=10 width=20) (actual time=0.068..0.069 rows=10 loops=1)
         ->  Incremental Sort  (cost=0.86..20.39 rows=1000 width=20) (actual time=0.068..0.068 rows=10 loops=1)
               Sort Key: s_3.a, s_3.b, s_3.c, s_3.d
               Presorted Key: s_3.a, s_3.b, s_3.c
               Sort Method: quicksort  Memory: 27kB
               Sort Groups: 1
               ->  Index Only Scan using s_3_a_b_c_e_d_idx on s_3  (cost=0.28..43.27 rows=1000 width=20) (actual time=0.020..0.024 rows=33 loops=1)
                     Heap Fetches: 0
 Planning time: 0.276 ms
 Execution time: 0.102 ms
(11 rows)

===== 130 [Wed Mar  7 01:57:03 CET 2018] scale:1000 groups:100 work_mem:4MB incremental:off max_workers:2 =====
SELECT * FROM s_1 ORDER BY a, b LIMIT 10
                                                      QUERY PLAN                                                       
-----------------------------------------------------------------------------------------------------------------------
 Limit  (cost=38.73..38.73 rows=1 width=20) (actual time=0.156..0.156 rows=0 loops=1)
   ->  Limit  (cost=38.61..38.63 rows=10 width=20) (actual time=0.154..0.155 rows=10 loops=1)
         ->  Sort  (cost=38.61..41.11 rows=1000 width=20) (actual time=0.154..0.154 rows=10 loops=1)
               Sort Key: s_1.a, s_1.b
               Sort Method: top-N heapsort  Memory: 25kB
               ->  Seq Scan on s_1  (cost=0.00..17.00 rows=1000 width=20) (actual time=0.007..0.058 rows=1000 loops=1)
 Planning time: 0.273 ms
 Execution time: 0.179 ms
(8 rows)

===== 131 [Wed Mar  7 01:57:03 CET 2018] scale:1000 groups:100 work_mem:4MB incremental:off max_workers:2 =====
SELECT * FROM s_2 ORDER BY a, b, c LIMIT 10
                                                      QUERY PLAN                                                       
-----------------------------------------------------------------------------------------------------------------------
 Limit  (cost=38.73..38.73 rows=1 width=20) (actual time=0.157..0.157 rows=0 loops=1)
   ->  Limit  (cost=38.61..38.63 rows=10 width=20) (actual time=0.154..0.155 rows=10 loops=1)
         ->  Sort  (cost=38.61..41.11 rows=1000 width=20) (actual time=0.154..0.154 rows=10 loops=1)
               Sort Key: s_2.a, s_2.b, s_2.c
               Sort Method: top-N heapsort  Memory: 25kB
               ->  Seq Scan on s_2  (cost=0.00..17.00 rows=1000 width=20) (actual time=0.007..0.058 rows=1000 loops=1)
 Planning time: 0.276 ms
 Execution time: 0.179 ms
(8 rows)

===== 132 [Wed Mar  7 01:57:03 CET 2018] scale:1000 groups:100 work_mem:4MB incremental:off max_workers:2 =====
SELECT * FROM s_3 ORDER BY a, b, c, d LIMIT 10
                                                      QUERY PLAN                                                       
-----------------------------------------------------------------------------------------------------------------------
 Limit  (cost=38.73..38.73 rows=1 width=20) (actual time=0.154..0.154 rows=0 loops=1)
   ->  Limit  (cost=38.61..38.63 rows=10 width=20) (actual time=0.152..0.153 rows=10 loops=1)
         ->  Sort  (cost=38.61..41.11 rows=1000 width=20) (actual time=0.152..0.152 rows=10 loops=1)
               Sort Key: s_3.a, s_3.b, s_3.c, s_3.d
               Sort Method: top-N heapsort  Memory: 25kB
               ->  Seq Scan on s_3  (cost=0.00..17.00 rows=1000 width=20) (actual time=0.004..0.053 rows=1000 loops=1)
 Planning time: 0.276 ms
 Execution time: 0.177 ms
(8 rows)

===== 133 [Wed Mar  7 01:57:03 CET 2018] scale:1000 groups:100 work_mem:8MB incremental:on max_workers:2 =====
SELECT * FROM s_1 ORDER BY a, b LIMIT 10
                                                                     QUERY PLAN                                                                     
----------------------------------------------------------------------------------------------------------------------------------------------------
 Limit  (cost=1.16..1.16 rows=1 width=20) (actual time=0.074..0.074 rows=0 loops=1)
   ->  Limit  (cost=0.86..1.06 rows=10 width=20) (actual time=0.072..0.073 rows=10 loops=1)
         ->  Incremental Sort  (cost=0.86..20.39 rows=1000 width=20) (actual time=0.072..0.072 rows=10 loops=1)
               Sort Key: s_1.a, s_1.b
               Presorted Key: s_1.a
               Sort Method: quicksort  Memory: 27kB
               Sort Groups: 1
               ->  Index Only Scan using s_1_a_e_d_c_b_idx on s_1  (cost=0.28..43.27 rows=1000 width=20) (actual time=0.021..0.025 rows=34 loops=1)
                     Heap Fetches: 0
 Planning time: 0.275 ms
 Execution time: 0.100 ms
(11 rows)

===== 134 [Wed Mar  7 01:57:04 CET 2018] scale:1000 groups:100 work_mem:8MB incremental:on max_workers:2 =====
SELECT * FROM s_2 ORDER BY a, b, c LIMIT 10
                                                                     QUERY PLAN                                                                     
----------------------------------------------------------------------------------------------------------------------------------------------------
 Limit  (cost=1.16..1.16 rows=1 width=20) (actual time=0.077..0.077 rows=0 loops=1)
   ->  Limit  (cost=0.86..1.06 rows=10 width=20) (actual time=0.074..0.076 rows=10 loops=1)
         ->  Incremental Sort  (cost=0.86..20.39 rows=1000 width=20) (actual time=0.074..0.075 rows=10 loops=1)
               Sort Key: s_2.a, s_2.b, s_2.c
               Presorted Key: s_2.a, s_2.b
               Sort Method: quicksort  Memory: 27kB
               Sort Groups: 1
               ->  Index Only Scan using s_2_a_b_e_d_c_idx on s_2  (cost=0.28..43.27 rows=1000 width=20) (actual time=0.025..0.029 rows=33 loops=1)
                     Heap Fetches: 0
 Planning time: 0.273 ms
 Execution time: 0.103 ms
(11 rows)

===== 135 [Wed Mar  7 01:57:04 CET 2018] scale:1000 groups:100 work_mem:8MB incremental:on max_workers:2 =====
SELECT * FROM s_3 ORDER BY a, b, c, d LIMIT 10
                                                                     QUERY PLAN                                                                     
----------------------------------------------------------------------------------------------------------------------------------------------------
 Limit  (cost=1.16..1.16 rows=1 width=20) (actual time=0.068..0.068 rows=0 loops=1)
   ->  Limit  (cost=0.86..1.06 rows=10 width=20) (actual time=0.066..0.067 rows=10 loops=1)
         ->  Incremental Sort  (cost=0.86..20.39 rows=1000 width=20) (actual time=0.066..0.066 rows=10 loops=1)
               Sort Key: s_3.a, s_3.b, s_3.c, s_3.d
               Presorted Key: s_3.a, s_3.b, s_3.c
               Sort Method: quicksort  Memory: 27kB
               Sort Groups: 1
               ->  Index Only Scan using s_3_a_b_c_e_d_idx on s_3  (cost=0.28..43.27 rows=1000 width=20) (actual time=0.020..0.023 rows=33 loops=1)
                     Heap Fetches: 0
 Planning time: 0.278 ms
 Execution time: 0.093 ms
(11 rows)

===== 136 [Wed Mar  7 01:57:04 CET 2018] scale:1000 groups:100 work_mem:8MB incremental:off max_workers:2 =====
SELECT * FROM s_1 ORDER BY a, b LIMIT 10
                                                      QUERY PLAN                                                       
-----------------------------------------------------------------------------------------------------------------------
 Limit  (cost=38.73..38.73 rows=1 width=20) (actual time=0.161..0.161 rows=0 loops=1)
   ->  Limit  (cost=38.61..38.63 rows=10 width=20) (actual time=0.158..0.159 rows=10 loops=1)
         ->  Sort  (cost=38.61..41.11 rows=1000 width=20) (actual time=0.158..0.158 rows=10 loops=1)
               Sort Key: s_1.a, s_1.b
               Sort Method: top-N heapsort  Memory: 25kB
               ->  Seq Scan on s_1  (cost=0.00..17.00 rows=1000 width=20) (actual time=0.007..0.058 rows=1000 loops=1)
 Planning time: 0.270 ms
 Execution time: 0.184 ms
(8 rows)

===== 137 [Wed Mar  7 01:57:04 CET 2018] scale:1000 groups:100 work_mem:8MB incremental:off max_workers:2 =====
SELECT * FROM s_2 ORDER BY a, b, c LIMIT 10
                                                      QUERY PLAN                                                       
-----------------------------------------------------------------------------------------------------------------------
 Limit  (cost=38.73..38.73 rows=1 width=20) (actual time=0.164..0.164 rows=0 loops=1)
   ->  Limit  (cost=38.61..38.63 rows=10 width=20) (actual time=0.162..0.163 rows=10 loops=1)
         ->  Sort  (cost=38.61..41.11 rows=1000 width=20) (actual time=0.161..0.162 rows=10 loops=1)
               Sort Key: s_2.a, s_2.b, s_2.c
               Sort Method: top-N heapsort  Memory: 25kB
               ->  Seq Scan on s_2  (cost=0.00..17.00 rows=1000 width=20) (actual time=0.007..0.058 rows=1000 loops=1)
 Planning time: 0.269 ms
 Execution time: 0.187 ms
(8 rows)

===== 138 [Wed Mar  7 01:57:04 CET 2018] scale:1000 groups:100 work_mem:8MB incremental:off max_workers:2 =====
SELECT * FROM s_3 ORDER BY a, b, c, d LIMIT 10
                                                      QUERY PLAN                                                       
-----------------------------------------------------------------------------------------------------------------------
 Limit  (cost=38.73..38.73 rows=1 width=20) (actual time=0.153..0.153 rows=0 loops=1)
   ->  Limit  (cost=38.61..38.63 rows=10 width=20) (actual time=0.151..0.152 rows=10 loops=1)
         ->  Sort  (cost=38.61..41.11 rows=1000 width=20) (actual time=0.151..0.151 rows=10 loops=1)
               Sort Key: s_3.a, s_3.b, s_3.c, s_3.d
               Sort Method: top-N heapsort  Memory: 25kB
               ->  Seq Scan on s_3  (cost=0.00..17.00 rows=1000 width=20) (actual time=0.004..0.052 rows=1000 loops=1)
 Planning time: 0.270 ms
 Execution time: 0.177 ms
(8 rows)

===== 139 [Wed Mar  7 01:57:04 CET 2018] scale:1000 groups:100 work_mem:16MB incremental:on max_workers:2 =====
SELECT * FROM s_1 ORDER BY a, b LIMIT 10
                                                                     QUERY PLAN                                                                     
----------------------------------------------------------------------------------------------------------------------------------------------------
 Limit  (cost=1.16..1.16 rows=1 width=20) (actual time=0.075..0.075 rows=0 loops=1)
   ->  Limit  (cost=0.86..1.06 rows=10 width=20) (actual time=0.073..0.074 rows=10 loops=1)
         ->  Incremental Sort  (cost=0.86..20.39 rows=1000 width=20) (actual time=0.073..0.073 rows=10 loops=1)
               Sort Key: s_1.a, s_1.b
               Presorted Key: s_1.a
               Sort Method: quicksort  Memory: 27kB
               Sort Groups: 1
               ->  Index Only Scan using s_1_a_e_d_c_b_idx on s_1  (cost=0.28..43.27 rows=1000 width=20) (actual time=0.021..0.025 rows=34 loops=1)
                     Heap Fetches: 0
 Planning time: 0.275 ms
 Execution time: 0.101 ms
(11 rows)

===== 140 [Wed Mar  7 01:57:04 CET 2018] scale:1000 groups:100 work_mem:16MB incremental:on max_workers:2 =====
SELECT * FROM s_2 ORDER BY a, b, c LIMIT 10
                                                                     QUERY PLAN                                                                     
----------------------------------------------------------------------------------------------------------------------------------------------------
 Limit  (cost=1.16..1.16 rows=1 width=20) (actual time=0.076..0.076 rows=0 loops=1)
   ->  Limit  (cost=0.86..1.06 rows=10 width=20) (actual time=0.074..0.075 rows=10 loops=1)
         ->  Incremental Sort  (cost=0.86..20.39 rows=1000 width=20) (actual time=0.073..0.074 rows=10 loops=1)
               Sort Key: s_2.a, s_2.b, s_2.c
               Presorted Key: s_2.a, s_2.b
               Sort Method: quicksort  Memory: 27kB
               Sort Groups: 1
               ->  Index Only Scan using s_2_a_b_e_d_c_idx on s_2  (cost=0.28..43.27 rows=1000 width=20) (actual time=0.025..0.029 rows=33 loops=1)
                     Heap Fetches: 0
 Planning time: 0.285 ms
 Execution time: 0.101 ms
(11 rows)

===== 141 [Wed Mar  7 01:57:04 CET 2018] scale:1000 groups:100 work_mem:16MB incremental:on max_workers:2 =====
SELECT * FROM s_3 ORDER BY a, b, c, d LIMIT 10
                                                                     QUERY PLAN                                                                     
----------------------------------------------------------------------------------------------------------------------------------------------------
 Limit  (cost=1.16..1.16 rows=1 width=20) (actual time=0.068..0.068 rows=0 loops=1)
   ->  Limit  (cost=0.86..1.06 rows=10 width=20) (actual time=0.066..0.067 rows=10 loops=1)
         ->  Incremental Sort  (cost=0.86..20.39 rows=1000 width=20) (actual time=0.066..0.066 rows=10 loops=1)
               Sort Key: s_3.a, s_3.b, s_3.c, s_3.d
               Presorted Key: s_3.a, s_3.b, s_3.c
               Sort Method: quicksort  Memory: 27kB
               Sort Groups: 1
               ->  Index Only Scan using s_3_a_b_c_e_d_idx on s_3  (cost=0.28..43.27 rows=1000 width=20) (actual time=0.020..0.023 rows=33 loops=1)
                     Heap Fetches: 0
 Planning time: 0.277 ms
 Execution time: 0.093 ms
(11 rows)

===== 142 [Wed Mar  7 01:57:04 CET 2018] scale:1000 groups:100 work_mem:16MB incremental:off max_workers:2 =====
SELECT * FROM s_1 ORDER BY a, b LIMIT 10
                                                      QUERY PLAN                                                       
-----------------------------------------------------------------------------------------------------------------------
 Limit  (cost=38.73..38.73 rows=1 width=20) (actual time=0.156..0.156 rows=0 loops=1)
   ->  Limit  (cost=38.61..38.63 rows=10 width=20) (actual time=0.153..0.155 rows=10 loops=1)
         ->  Sort  (cost=38.61..41.11 rows=1000 width=20) (actual time=0.153..0.154 rows=10 loops=1)
               Sort Key: s_1.a, s_1.b
               Sort Method: top-N heapsort  Memory: 25kB
               ->  Seq Scan on s_1  (cost=0.00..17.00 rows=1000 width=20) (actual time=0.007..0.059 rows=1000 loops=1)
 Planning time: 0.267 ms
 Execution time: 0.178 ms
(8 rows)

===== 143 [Wed Mar  7 01:57:04 CET 2018] scale:1000 groups:100 work_mem:16MB incremental:off max_workers:2 =====
SELECT * FROM s_2 ORDER BY a, b, c LIMIT 10
                                                      QUERY PLAN                                                       
-----------------------------------------------------------------------------------------------------------------------
 Limit  (cost=38.73..38.73 rows=1 width=20) (actual time=0.157..0.157 rows=0 loops=1)
   ->  Limit  (cost=38.61..38.63 rows=10 width=20) (actual time=0.154..0.155 rows=10 loops=1)
         ->  Sort  (cost=38.61..41.11 rows=1000 width=20) (actual time=0.154..0.154 rows=10 loops=1)
               Sort Key: s_2.a, s_2.b, s_2.c
               Sort Method: top-N heapsort  Memory: 25kB
               ->  Seq Scan on s_2  (cost=0.00..17.00 rows=1000 width=20) (actual time=0.007..0.058 rows=1000 loops=1)
 Planning time: 0.266 ms
 Execution time: 0.180 ms
(8 rows)

===== 144 [Wed Mar  7 01:57:04 CET 2018] scale:1000 groups:100 work_mem:16MB incremental:off max_workers:2 =====
SELECT * FROM s_3 ORDER BY a, b, c, d LIMIT 10
                                                      QUERY PLAN                                                       
-----------------------------------------------------------------------------------------------------------------------
 Limit  (cost=38.73..38.73 rows=1 width=20) (actual time=0.163..0.163 rows=0 loops=1)
   ->  Limit  (cost=38.61..38.63 rows=10 width=20) (actual time=0.161..0.162 rows=10 loops=1)
         ->  Sort  (cost=38.61..41.11 rows=1000 width=20) (actual time=0.161..0.161 rows=10 loops=1)
               Sort Key: s_3.a, s_3.b, s_3.c, s_3.d
               Sort Method: top-N heapsort  Memory: 25kB
               ->  Seq Scan on s_3  (cost=0.00..17.00 rows=1000 width=20) (actual time=0.004..0.053 rows=1000 loops=1)
 Planning time: 0.271 ms
 Execution time: 0.186 ms
(8 rows)

===== 145 [Wed Mar  7 01:57:04 CET 2018] scale:1000 groups:100 work_mem:32MB incremental:on max_workers:2 =====
SELECT * FROM s_1 ORDER BY a, b LIMIT 10
                                                                     QUERY PLAN                                                                     
----------------------------------------------------------------------------------------------------------------------------------------------------
 Limit  (cost=1.16..1.16 rows=1 width=20) (actual time=0.075..0.075 rows=0 loops=1)
   ->  Limit  (cost=0.86..1.06 rows=10 width=20) (actual time=0.073..0.074 rows=10 loops=1)
         ->  Incremental Sort  (cost=0.86..20.39 rows=1000 width=20) (actual time=0.073..0.073 rows=10 loops=1)
               Sort Key: s_1.a, s_1.b
               Presorted Key: s_1.a
               Sort Method: quicksort  Memory: 27kB
               Sort Groups: 1
               ->  Index Only Scan using s_1_a_e_d_c_b_idx on s_1  (cost=0.28..43.27 rows=1000 width=20) (actual time=0.021..0.025 rows=34 loops=1)
                     Heap Fetches: 0
 Planning time: 0.269 ms
 Execution time: 0.101 ms
(11 rows)

===== 146 [Wed Mar  7 01:57:04 CET 2018] scale:1000 groups:100 work_mem:32MB incremental:on max_workers:2 =====
SELECT * FROM s_2 ORDER BY a, b, c LIMIT 10
                                                                     QUERY PLAN                                                                     
----------------------------------------------------------------------------------------------------------------------------------------------------
 Limit  (cost=1.16..1.16 rows=1 width=20) (actual time=0.076..0.076 rows=0 loops=1)
   ->  Limit  (cost=0.86..1.06 rows=10 width=20) (actual time=0.074..0.075 rows=10 loops=1)
         ->  Incremental Sort  (cost=0.86..20.39 rows=1000 width=20) (actual time=0.074..0.074 rows=10 loops=1)
               Sort Key: s_2.a, s_2.b, s_2.c
               Presorted Key: s_2.a, s_2.b
               Sort Method: quicksort  Memory: 27kB
               Sort Groups: 1
               ->  Index Only Scan using s_2_a_b_e_d_c_idx on s_2  (cost=0.28..43.27 rows=1000 width=20) (actual time=0.024..0.028 rows=33 loops=1)
                     Heap Fetches: 0
 Planning time: 0.273 ms
 Execution time: 0.102 ms
(11 rows)

===== 147 [Wed Mar  7 01:57:04 CET 2018] scale:1000 groups:100 work_mem:32MB incremental:on max_workers:2 =====
SELECT * FROM s_3 ORDER BY a, b, c, d LIMIT 10
                                                                     QUERY PLAN                                                                     
----------------------------------------------------------------------------------------------------------------------------------------------------
 Limit  (cost=1.16..1.16 rows=1 width=20) (actual time=0.068..0.068 rows=0 loops=1)
   ->  Limit  (cost=0.86..1.06 rows=10 width=20) (actual time=0.066..0.067 rows=10 loops=1)
         ->  Incremental Sort  (cost=0.86..20.39 rows=1000 width=20) (actual time=0.065..0.066 rows=10 loops=1)
               Sort Key: s_3.a, s_3.b, s_3.c, s_3.d
               Presorted Key: s_3.a, s_3.b, s_3.c
               Sort Method: quicksort  Memory: 27kB
               Sort Groups: 1
               ->  Index Only Scan using s_3_a_b_c_e_d_idx on s_3  (cost=0.28..43.27 rows=1000 width=20) (actual time=0.020..0.024 rows=33 loops=1)
                     Heap Fetches: 0
 Planning time: 0.272 ms
 Execution time: 0.093 ms
(11 rows)

===== 148 [Wed Mar  7 01:57:05 CET 2018] scale:1000 groups:100 work_mem:32MB incremental:off max_workers:2 =====
SELECT * FROM s_1 ORDER BY a, b LIMIT 10
                                                      QUERY PLAN                                                       
-----------------------------------------------------------------------------------------------------------------------
 Limit  (cost=38.73..38.73 rows=1 width=20) (actual time=0.154..0.154 rows=0 loops=1)
   ->  Limit  (cost=38.61..38.63 rows=10 width=20) (actual time=0.152..0.153 rows=10 loops=1)
         ->  Sort  (cost=38.61..41.11 rows=1000 width=20) (actual time=0.152..0.152 rows=10 loops=1)
               Sort Key: s_1.a, s_1.b
               Sort Method: top-N heapsort  Memory: 25kB
               ->  Seq Scan on s_1  (cost=0.00..17.00 rows=1000 width=20) (actual time=0.007..0.057 rows=1000 loops=1)
 Planning time: 0.265 ms
 Execution time: 0.177 ms
(8 rows)

===== 149 [Wed Mar  7 01:57:05 CET 2018] scale:1000 groups:100 work_mem:32MB incremental:off max_workers:2 =====
SELECT * FROM s_2 ORDER BY a, b, c LIMIT 10
                                                      QUERY PLAN                                                       
-----------------------------------------------------------------------------------------------------------------------
 Limit  (cost=38.73..38.73 rows=1 width=20) (actual time=0.158..0.158 rows=0 loops=1)
   ->  Limit  (cost=38.61..38.63 rows=10 width=20) (actual time=0.155..0.156 rows=10 loops=1)
         ->  Sort  (cost=38.61..41.11 rows=1000 width=20) (actual time=0.155..0.155 rows=10 loops=1)
               Sort Key: s_2.a, s_2.b, s_2.c
               Sort Method: top-N heapsort  Memory: 25kB
               ->  Seq Scan on s_2  (cost=0.00..17.00 rows=1000 width=20) (actual time=0.007..0.058 rows=1000 loops=1)
 Planning time: 0.268 ms
 Execution time: 0.180 ms
(8 rows)

===== 150 [Wed Mar  7 01:57:05 CET 2018] scale:1000 groups:100 work_mem:32MB incremental:off max_workers:2 =====
SELECT * FROM s_3 ORDER BY a, b, c, d LIMIT 10
                                                      QUERY PLAN                                                       
-----------------------------------------------------------------------------------------------------------------------
 Limit  (cost=38.73..38.73 rows=1 width=20) (actual time=0.162..0.162 rows=0 loops=1)
   ->  Limit  (cost=38.61..38.63 rows=10 width=20) (actual time=0.160..0.161 rows=10 loops=1)
         ->  Sort  (cost=38.61..41.11 rows=1000 width=20) (actual time=0.159..0.160 rows=10 loops=1)
               Sort Key: s_3.a, s_3.b, s_3.c, s_3.d
               Sort Method: top-N heapsort  Memory: 25kB
               ->  Seq Scan on s_3  (cost=0.00..17.00 rows=1000 width=20) (actual time=0.005..0.052 rows=1000 loops=1)
 Planning time: 0.274 ms
 Execution time: 0.184 ms
(8 rows)

===== 151 [Wed Mar  7 01:57:05 CET 2018] scale:1000 groups:100 work_mem:64MB incremental:on max_workers:2 =====
SELECT * FROM s_1 ORDER BY a, b LIMIT 10
                                                                     QUERY PLAN                                                                     
----------------------------------------------------------------------------------------------------------------------------------------------------
 Limit  (cost=1.16..1.16 rows=1 width=20) (actual time=0.075..0.075 rows=0 loops=1)
   ->  Limit  (cost=0.86..1.06 rows=10 width=20) (actual time=0.072..0.073 rows=10 loops=1)
         ->  Incremental Sort  (cost=0.86..20.39 rows=1000 width=20) (actual time=0.072..0.072 rows=10 loops=1)
               Sort Key: s_1.a, s_1.b
               Presorted Key: s_1.a
               Sort Method: quicksort  Memory: 27kB
               Sort Groups: 1
               ->  Index Only Scan using s_1_a_e_d_c_b_idx on s_1  (cost=0.28..43.27 rows=1000 width=20) (actual time=0.021..0.025 rows=34 loops=1)
                     Heap Fetches: 0
 Planning time: 0.273 ms
 Execution time: 0.101 ms
(11 rows)

===== 152 [Wed Mar  7 01:57:05 CET 2018] scale:1000 groups:100 work_mem:64MB incremental:on max_workers:2 =====
SELECT * FROM s_2 ORDER BY a, b, c LIMIT 10
                                                                     QUERY PLAN                                                                     
----------------------------------------------------------------------------------------------------------------------------------------------------
 Limit  (cost=1.16..1.16 rows=1 width=20) (actual time=0.076..0.076 rows=0 loops=1)
   ->  Limit  (cost=0.86..1.06 rows=10 width=20) (actual time=0.074..0.075 rows=10 loops=1)
         ->  Incremental Sort  (cost=0.86..20.39 rows=1000 width=20) (actual time=0.074..0.074 rows=10 loops=1)
               Sort Key: s_2.a, s_2.b, s_2.c
               Presorted Key: s_2.a, s_2.b
               Sort Method: quicksort  Memory: 27kB
               Sort Groups: 1
               ->  Index Only Scan using s_2_a_b_e_d_c_idx on s_2  (cost=0.28..43.27 rows=1000 width=20) (actual time=0.024..0.028 rows=33 loops=1)
                     Heap Fetches: 0
 Planning time: 0.270 ms
 Execution time: 0.102 ms
(11 rows)

===== 153 [Wed Mar  7 01:57:05 CET 2018] scale:1000 groups:100 work_mem:64MB incremental:on max_workers:2 =====
SELECT * FROM s_3 ORDER BY a, b, c, d LIMIT 10
                                                                     QUERY PLAN                                                                     
----------------------------------------------------------------------------------------------------------------------------------------------------
 Limit  (cost=1.16..1.16 rows=1 width=20) (actual time=0.068..0.068 rows=0 loops=1)
   ->  Limit  (cost=0.86..1.06 rows=10 width=20) (actual time=0.066..0.067 rows=10 loops=1)
         ->  Incremental Sort  (cost=0.86..20.39 rows=1000 width=20) (actual time=0.066..0.066 rows=10 loops=1)
               Sort Key: s_3.a, s_3.b, s_3.c, s_3.d
               Presorted Key: s_3.a, s_3.b, s_3.c
               Sort Method: quicksort  Memory: 27kB
               Sort Groups: 1
               ->  Index Only Scan using s_3_a_b_c_e_d_idx on s_3  (cost=0.28..43.27 rows=1000 width=20) (actual time=0.020..0.024 rows=33 loops=1)
                     Heap Fetches: 0
 Planning time: 0.281 ms
 Execution time: 0.094 ms
(11 rows)

===== 154 [Wed Mar  7 01:57:05 CET 2018] scale:1000 groups:100 work_mem:64MB incremental:off max_workers:2 =====
SELECT * FROM s_1 ORDER BY a, b LIMIT 10
                                                      QUERY PLAN                                                       
-----------------------------------------------------------------------------------------------------------------------
 Limit  (cost=38.73..38.73 rows=1 width=20) (actual time=0.156..0.156 rows=0 loops=1)
   ->  Limit  (cost=38.61..38.63 rows=10 width=20) (actual time=0.154..0.155 rows=10 loops=1)
         ->  Sort  (cost=38.61..41.11 rows=1000 width=20) (actual time=0.154..0.154 rows=10 loops=1)
               Sort Key: s_1.a, s_1.b
               Sort Method: top-N heapsort  Memory: 25kB
               ->  Seq Scan on s_1  (cost=0.00..17.00 rows=1000 width=20) (actual time=0.007..0.058 rows=1000 loops=1)
 Planning time: 0.265 ms
 Execution time: 0.182 ms
(8 rows)

===== 155 [Wed Mar  7 01:57:05 CET 2018] scale:1000 groups:100 work_mem:64MB incremental:off max_workers:2 =====
SELECT * FROM s_2 ORDER BY a, b, c LIMIT 10
                                                      QUERY PLAN                                                       
-----------------------------------------------------------------------------------------------------------------------
 Limit  (cost=38.73..38.73 rows=1 width=20) (actual time=0.156..0.156 rows=0 loops=1)
   ->  Limit  (cost=38.61..38.63 rows=10 width=20) (actual time=0.153..0.154 rows=10 loops=1)
         ->  Sort  (cost=38.61..41.11 rows=1000 width=20) (actual time=0.153..0.154 rows=10 loops=1)
               Sort Key: s_2.a, s_2.b, s_2.c
               Sort Method: top-N heapsort  Memory: 25kB
               ->  Seq Scan on s_2  (cost=0.00..17.00 rows=1000 width=20) (actual time=0.007..0.058 rows=1000 loops=1)
 Planning time: 0.270 ms
 Execution time: 0.178 ms
(8 rows)

===== 156 [Wed Mar  7 01:57:05 CET 2018] scale:1000 groups:100 work_mem:64MB incremental:off max_workers:2 =====
SELECT * FROM s_3 ORDER BY a, b, c, d LIMIT 10
                                                      QUERY PLAN                                                       
-----------------------------------------------------------------------------------------------------------------------
 Limit  (cost=38.73..38.73 rows=1 width=20) (actual time=0.156..0.156 rows=0 loops=1)
   ->  Limit  (cost=38.61..38.63 rows=10 width=20) (actual time=0.154..0.155 rows=10 loops=1)
         ->  Sort  (cost=38.61..41.11 rows=1000 width=20) (actual time=0.154..0.154 rows=10 loops=1)
               Sort Key: s_3.a, s_3.b, s_3.c, s_3.d
               Sort Method: top-N heapsort  Memory: 25kB
               ->  Seq Scan on s_3  (cost=0.00..17.00 rows=1000 width=20) (actual time=0.004..0.052 rows=1000 loops=1)
 Planning time: 0.275 ms
 Execution time: 0.179 ms
(8 rows)

===== 157 [Wed Mar  7 01:57:05 CET 2018] scale:1000 groups:100 work_mem:128MB incremental:on max_workers:2 =====
SELECT * FROM s_1 ORDER BY a, b LIMIT 10
                                                                     QUERY PLAN                                                                     
----------------------------------------------------------------------------------------------------------------------------------------------------
 Limit  (cost=1.16..1.16 rows=1 width=20) (actual time=0.074..0.074 rows=0 loops=1)
   ->  Limit  (cost=0.86..1.06 rows=10 width=20) (actual time=0.072..0.073 rows=10 loops=1)
         ->  Incremental Sort  (cost=0.86..20.39 rows=1000 width=20) (actual time=0.072..0.072 rows=10 loops=1)
               Sort Key: s_1.a, s_1.b
               Presorted Key: s_1.a
               Sort Method: quicksort  Memory: 27kB
               Sort Groups: 1
               ->  Index Only Scan using s_1_a_e_d_c_b_idx on s_1  (cost=0.28..43.27 rows=1000 width=20) (actual time=0.021..0.025 rows=34 loops=1)
                     Heap Fetches: 0
 Planning time: 0.272 ms
 Execution time: 0.100 ms
(11 rows)

===== 158 [Wed Mar  7 01:57:05 CET 2018] scale:1000 groups:100 work_mem:128MB incremental:on max_workers:2 =====
SELECT * FROM s_2 ORDER BY a, b, c LIMIT 10
                                                                     QUERY PLAN                                                                     
----------------------------------------------------------------------------------------------------------------------------------------------------
 Limit  (cost=1.16..1.16 rows=1 width=20) (actual time=0.076..0.076 rows=0 loops=1)
   ->  Limit  (cost=0.86..1.06 rows=10 width=20) (actual time=0.074..0.075 rows=10 loops=1)
         ->  Incremental Sort  (cost=0.86..20.39 rows=1000 width=20) (actual time=0.073..0.074 rows=10 loops=1)
               Sort Key: s_2.a, s_2.b, s_2.c
               Presorted Key: s_2.a, s_2.b
               Sort Method: quicksort  Memory: 27kB
               Sort Groups: 1
               ->  Index Only Scan using s_2_a_b_e_d_c_idx on s_2  (cost=0.28..43.27 rows=1000 width=20) (actual time=0.025..0.029 rows=33 loops=1)
                     Heap Fetches: 0
 Planning time: 0.273 ms
 Execution time: 0.102 ms
(11 rows)

===== 159 [Wed Mar  7 01:57:05 CET 2018] scale:1000 groups:100 work_mem:128MB incremental:on max_workers:2 =====
SELECT * FROM s_3 ORDER BY a, b, c, d LIMIT 10
                                                                     QUERY PLAN                                                                     
----------------------------------------------------------------------------------------------------------------------------------------------------
 Limit  (cost=1.16..1.16 rows=1 width=20) (actual time=0.068..0.068 rows=0 loops=1)
   ->  Limit  (cost=0.86..1.06 rows=10 width=20) (actual time=0.066..0.067 rows=10 loops=1)
         ->  Incremental Sort  (cost=0.86..20.39 rows=1000 width=20) (actual time=0.065..0.066 rows=10 loops=1)
               Sort Key: s_3.a, s_3.b, s_3.c, s_3.d
               Presorted Key: s_3.a, s_3.b, s_3.c
               Sort Method: quicksort  Memory: 27kB
               Sort Groups: 1
               ->  Index Only Scan using s_3_a_b_c_e_d_idx on s_3  (cost=0.28..43.27 rows=1000 width=20) (actual time=0.020..0.023 rows=33 loops=1)
                     Heap Fetches: 0
 Planning time: 0.280 ms
 Execution time: 0.093 ms
(11 rows)

===== 160 [Wed Mar  7 01:57:05 CET 2018] scale:1000 groups:100 work_mem:128MB incremental:off max_workers:2 =====
SELECT * FROM s_1 ORDER BY a, b LIMIT 10
                                                      QUERY PLAN                                                       
-----------------------------------------------------------------------------------------------------------------------
 Limit  (cost=38.73..38.73 rows=1 width=20) (actual time=0.166..0.166 rows=0 loops=1)
   ->  Limit  (cost=38.61..38.63 rows=10 width=20) (actual time=0.164..0.165 rows=10 loops=1)
         ->  Sort  (cost=38.61..41.11 rows=1000 width=20) (actual time=0.163..0.164 rows=10 loops=1)
               Sort Key: s_1.a, s_1.b
               Sort Method: top-N heapsort  Memory: 25kB
               ->  Seq Scan on s_1  (cost=0.00..17.00 rows=1000 width=20) (actual time=0.008..0.058 rows=1000 loops=1)
 Planning time: 0.268 ms
 Execution time: 0.189 ms
(8 rows)

===== 161 [Wed Mar  7 01:57:06 CET 2018] scale:1000 groups:100 work_mem:128MB incremental:off max_workers:2 =====
SELECT * FROM s_2 ORDER BY a, b, c LIMIT 10
                                                      QUERY PLAN                                                       
-----------------------------------------------------------------------------------------------------------------------
 Limit  (cost=38.73..38.73 rows=1 width=20) (actual time=0.156..0.156 rows=0 loops=1)
   ->  Limit  (cost=38.61..38.63 rows=10 width=20) (actual time=0.153..0.154 rows=10 loops=1)
         ->  Sort  (cost=38.61..41.11 rows=1000 width=20) (actual time=0.153..0.154 rows=10 loops=1)
               Sort Key: s_2.a, s_2.b, s_2.c
               Sort Method: top-N heapsort  Memory: 25kB
               ->  Seq Scan on s_2  (cost=0.00..17.00 rows=1000 width=20) (actual time=0.007..0.057 rows=1000 loops=1)
 Planning time: 0.269 ms
 Execution time: 0.178 ms
(8 rows)

===== 162 [Wed Mar  7 01:57:06 CET 2018] scale:1000 groups:100 work_mem:128MB incremental:off max_workers:2 =====
SELECT * FROM s_3 ORDER BY a, b, c, d LIMIT 10
                                                      QUERY PLAN                                                       
-----------------------------------------------------------------------------------------------------------------------
 Limit  (cost=38.73..38.73 rows=1 width=20) (actual time=0.160..0.160 rows=0 loops=1)
   ->  Limit  (cost=38.61..38.63 rows=10 width=20) (actual time=0.158..0.159 rows=10 loops=1)
         ->  Sort  (cost=38.61..41.11 rows=1000 width=20) (actual time=0.158..0.158 rows=10 loops=1)
               Sort Key: s_3.a, s_3.b, s_3.c, s_3.d
               Sort Method: top-N heapsort  Memory: 25kB
               ->  Seq Scan on s_3  (cost=0.00..17.00 rows=1000 width=20) (actual time=0.004..0.058 rows=1000 loops=1)
 Planning time: 0.271 ms
 Execution time: 0.184 ms
(8 rows)

===== 163 [Wed Mar  7 01:57:06 CET 2018] scale:1000 groups:100 work_mem:256MB incremental:on max_workers:2 =====
SELECT * FROM s_1 ORDER BY a, b LIMIT 10
                                                                     QUERY PLAN                                                                     
----------------------------------------------------------------------------------------------------------------------------------------------------
 Limit  (cost=1.16..1.16 rows=1 width=20) (actual time=0.077..0.077 rows=0 loops=1)
   ->  Limit  (cost=0.86..1.06 rows=10 width=20) (actual time=0.075..0.076 rows=10 loops=1)
         ->  Incremental Sort  (cost=0.86..20.39 rows=1000 width=20) (actual time=0.075..0.075 rows=10 loops=1)
               Sort Key: s_1.a, s_1.b
               Presorted Key: s_1.a
               Sort Method: quicksort  Memory: 27kB
               Sort Groups: 1
               ->  Index Only Scan using s_1_a_e_d_c_b_idx on s_1  (cost=0.28..43.27 rows=1000 width=20) (actual time=0.021..0.025 rows=34 loops=1)
                     Heap Fetches: 0
 Planning time: 0.273 ms
 Execution time: 0.103 ms
(11 rows)

===== 164 [Wed Mar  7 01:57:06 CET 2018] scale:1000 groups:100 work_mem:256MB incremental:on max_workers:2 =====
SELECT * FROM s_2 ORDER BY a, b, c LIMIT 10
                                                                     QUERY PLAN                                                                     
----------------------------------------------------------------------------------------------------------------------------------------------------
 Limit  (cost=1.16..1.16 rows=1 width=20) (actual time=0.076..0.076 rows=0 loops=1)
   ->  Limit  (cost=0.86..1.06 rows=10 width=20) (actual time=0.074..0.075 rows=10 loops=1)
         ->  Incremental Sort  (cost=0.86..20.39 rows=1000 width=20) (actual time=0.074..0.074 rows=10 loops=1)
               Sort Key: s_2.a, s_2.b, s_2.c
               Presorted Key: s_2.a, s_2.b
               Sort Method: quicksort  Memory: 27kB
               Sort Groups: 1
               ->  Index Only Scan using s_2_a_b_e_d_c_idx on s_2  (cost=0.28..43.27 rows=1000 width=20) (actual time=0.025..0.029 rows=33 loops=1)
                     Heap Fetches: 0
 Planning time: 0.275 ms
 Execution time: 0.102 ms
(11 rows)

===== 165 [Wed Mar  7 01:57:06 CET 2018] scale:1000 groups:100 work_mem:256MB incremental:on max_workers:2 =====
SELECT * FROM s_3 ORDER BY a, b, c, d LIMIT 10
                                                                     QUERY PLAN                                                                     
----------------------------------------------------------------------------------------------------------------------------------------------------
 Limit  (cost=1.16..1.16 rows=1 width=20) (actual time=0.068..0.068 rows=0 loops=1)
   ->  Limit  (cost=0.86..1.06 rows=10 width=20) (actual time=0.066..0.067 rows=10 loops=1)
         ->  Incremental Sort  (cost=0.86..20.39 rows=1000 width=20) (actual time=0.066..0.066 rows=10 loops=1)
               Sort Key: s_3.a, s_3.b, s_3.c, s_3.d
               Presorted Key: s_3.a, s_3.b, s_3.c
               Sort Method: quicksort  Memory: 27kB
               Sort Groups: 1
               ->  Index Only Scan using s_3_a_b_c_e_d_idx on s_3  (cost=0.28..43.27 rows=1000 width=20) (actual time=0.020..0.024 rows=33 loops=1)
                     Heap Fetches: 0
 Planning time: 0.285 ms
 Execution time: 0.093 ms
(11 rows)

===== 166 [Wed Mar  7 01:57:06 CET 2018] scale:1000 groups:100 work_mem:256MB incremental:off max_workers:2 =====
SELECT * FROM s_1 ORDER BY a, b LIMIT 10
                                                      QUERY PLAN                                                       
-----------------------------------------------------------------------------------------------------------------------
 Limit  (cost=38.73..38.73 rows=1 width=20) (actual time=0.155..0.155 rows=0 loops=1)
   ->  Limit  (cost=38.61..38.63 rows=10 width=20) (actual time=0.153..0.154 rows=10 loops=1)
         ->  Sort  (cost=38.61..41.11 rows=1000 width=20) (actual time=0.153..0.153 rows=10 loops=1)
               Sort Key: s_1.a, s_1.b
               Sort Method: top-N heapsort  Memory: 25kB
               ->  Seq Scan on s_1  (cost=0.00..17.00 rows=1000 width=20) (actual time=0.007..0.058 rows=1000 loops=1)
 Planning time: 0.263 ms
 Execution time: 0.178 ms
(8 rows)

===== 167 [Wed Mar  7 01:57:06 CET 2018] scale:1000 groups:100 work_mem:256MB incremental:off max_workers:2 =====
SELECT * FROM s_2 ORDER BY a, b, c LIMIT 10
                                                      QUERY PLAN                                                       
-----------------------------------------------------------------------------------------------------------------------
 Limit  (cost=38.73..38.73 rows=1 width=20) (actual time=0.160..0.160 rows=0 loops=1)
   ->  Limit  (cost=38.61..38.63 rows=10 width=20) (actual time=0.158..0.159 rows=10 loops=1)
         ->  Sort  (cost=38.61..41.11 rows=1000 width=20) (actual time=0.158..0.158 rows=10 loops=1)
               Sort Key: s_2.a, s_2.b, s_2.c
               Sort Method: top-N heapsort  Memory: 25kB
               ->  Seq Scan on s_2  (cost=0.00..17.00 rows=1000 width=20) (actual time=0.007..0.058 rows=1000 loops=1)
 Planning time: 0.271 ms
 Execution time: 0.184 ms
(8 rows)

===== 168 [Wed Mar  7 01:57:06 CET 2018] scale:1000 groups:100 work_mem:256MB incremental:off max_workers:2 =====
SELECT * FROM s_3 ORDER BY a, b, c, d LIMIT 10
                                                      QUERY PLAN                                                       
-----------------------------------------------------------------------------------------------------------------------
 Limit  (cost=38.73..38.73 rows=1 width=20) (actual time=0.154..0.154 rows=0 loops=1)
   ->  Limit  (cost=38.61..38.63 rows=10 width=20) (actual time=0.152..0.153 rows=10 loops=1)
         ->  Sort  (cost=38.61..41.11 rows=1000 width=20) (actual time=0.151..0.152 rows=10 loops=1)
               Sort Key: s_3.a, s_3.b, s_3.c, s_3.d
               Sort Method: top-N heapsort  Memory: 25kB
               ->  Seq Scan on s_3  (cost=0.00..17.00 rows=1000 width=20) (actual time=0.004..0.052 rows=1000 loops=1)
 Planning time: 0.276 ms
 Execution time: 0.184 ms
(8 rows)

===== 169 [Wed Mar  7 01:57:07 CET 2018] scale:1000 groups:1000 work_mem:4MB incremental:on max_workers:0 =====
SELECT * FROM s_1 ORDER BY a, b LIMIT 10
                                                                     QUERY PLAN                                                                     
----------------------------------------------------------------------------------------------------------------------------------------------------
 Limit  (cost=0.76..0.76 rows=1 width=20) (actual time=0.083..0.083 rows=0 loops=1)
   ->  Limit  (cost=0.35..0.66 rows=10 width=20) (actual time=0.080..0.082 rows=10 loops=1)
         ->  Incremental Sort  (cost=0.35..31.04 rows=1000 width=20) (actual time=0.080..0.081 rows=10 loops=1)
               Sort Key: s_1.a, s_1.b
               Presorted Key: s_1.a
               Sort Method: quicksort  Memory: 27kB
               Sort Groups: 1
               ->  Index Only Scan using s_1_a_e_d_c_b_idx on s_1  (cost=0.28..43.27 rows=1000 width=20) (actual time=0.037..0.040 rows=33 loops=1)
                     Heap Fetches: 0
 Planning time: 0.319 ms
 Execution time: 0.109 ms
(11 rows)

===== 170 [Wed Mar  7 01:57:07 CET 2018] scale:1000 groups:1000 work_mem:4MB incremental:on max_workers:0 =====
SELECT * FROM s_2 ORDER BY a, b, c LIMIT 10
                                                                     QUERY PLAN                                                                     
----------------------------------------------------------------------------------------------------------------------------------------------------
 Limit  (cost=0.76..0.76 rows=1 width=20) (actual time=0.088..0.088 rows=0 loops=1)
   ->  Limit  (cost=0.35..0.66 rows=10 width=20) (actual time=0.086..0.087 rows=10 loops=1)
         ->  Incremental Sort  (cost=0.35..31.04 rows=1000 width=20) (actual time=0.086..0.086 rows=10 loops=1)
               Sort Key: s_2.a, s_2.b, s_2.c
               Presorted Key: s_2.a, s_2.b
               Sort Method: quicksort  Memory: 27kB
               Sort Groups: 1
               ->  Index Only Scan using s_2_a_b_e_d_c_idx on s_2  (cost=0.28..43.27 rows=1000 width=20) (actual time=0.041..0.044 rows=33 loops=1)
                     Heap Fetches: 0
 Planning time: 0.263 ms
 Execution time: 0.113 ms
(11 rows)

===== 171 [Wed Mar  7 01:57:07 CET 2018] scale:1000 groups:1000 work_mem:4MB incremental:on max_workers:0 =====
SELECT * FROM s_3 ORDER BY a, b, c, d LIMIT 10
                                                                     QUERY PLAN                                                                     
----------------------------------------------------------------------------------------------------------------------------------------------------
 Limit  (cost=0.76..0.76 rows=1 width=20) (actual time=0.084..0.084 rows=0 loops=1)
   ->  Limit  (cost=0.35..0.66 rows=10 width=20) (actual time=0.082..0.083 rows=10 loops=1)
         ->  Incremental Sort  (cost=0.35..31.04 rows=1000 width=20) (actual time=0.082..0.082 rows=10 loops=1)
               Sort Key: s_3.a, s_3.b, s_3.c, s_3.d
               Presorted Key: s_3.a, s_3.b, s_3.c
               Sort Method: quicksort  Memory: 27kB
               Sort Groups: 1
               ->  Index Only Scan using s_3_a_b_c_e_d_idx on s_3  (cost=0.28..43.27 rows=1000 width=20) (actual time=0.038..0.041 rows=33 loops=1)
                     Heap Fetches: 0
 Planning time: 0.261 ms
 Execution time: 0.110 ms
(11 rows)

===== 172 [Wed Mar  7 01:57:07 CET 2018] scale:1000 groups:1000 work_mem:4MB incremental:off max_workers:0 =====
SELECT * FROM s_1 ORDER BY a, b LIMIT 10
                                                      QUERY PLAN                                                       
-----------------------------------------------------------------------------------------------------------------------
 Limit  (cost=38.73..38.73 rows=1 width=20) (actual time=0.162..0.162 rows=0 loops=1)
   ->  Limit  (cost=38.61..38.63 rows=10 width=20) (actual time=0.160..0.161 rows=10 loops=1)
         ->  Sort  (cost=38.61..41.11 rows=1000 width=20) (actual time=0.160..0.160 rows=10 loops=1)
               Sort Key: s_1.a, s_1.b
               Sort Method: top-N heapsort  Memory: 25kB
               ->  Seq Scan on s_1  (cost=0.00..17.00 rows=1000 width=20) (actual time=0.004..0.062 rows=1000 loops=1)
 Planning time: 0.257 ms
 Execution time: 0.185 ms
(8 rows)

===== 173 [Wed Mar  7 01:57:07 CET 2018] scale:1000 groups:1000 work_mem:4MB incremental:off max_workers:0 =====
SELECT * FROM s_2 ORDER BY a, b, c LIMIT 10
                                                      QUERY PLAN                                                       
-----------------------------------------------------------------------------------------------------------------------
 Limit  (cost=38.73..38.73 rows=1 width=20) (actual time=0.159..0.159 rows=0 loops=1)
   ->  Limit  (cost=38.61..38.63 rows=10 width=20) (actual time=0.157..0.158 rows=10 loops=1)
         ->  Sort  (cost=38.61..41.11 rows=1000 width=20) (actual time=0.157..0.157 rows=10 loops=1)
               Sort Key: s_2.a, s_2.b, s_2.c
               Sort Method: top-N heapsort  Memory: 25kB
               ->  Seq Scan on s_2  (cost=0.00..17.00 rows=1000 width=20) (actual time=0.007..0.061 rows=1000 loops=1)
 Planning time: 0.258 ms
 Execution time: 0.182 ms
(8 rows)

===== 174 [Wed Mar  7 01:57:07 CET 2018] scale:1000 groups:1000 work_mem:4MB incremental:off max_workers:0 =====
SELECT * FROM s_3 ORDER BY a, b, c, d LIMIT 10
                                                      QUERY PLAN                                                       
-----------------------------------------------------------------------------------------------------------------------
 Limit  (cost=38.73..38.73 rows=1 width=20) (actual time=0.156..0.156 rows=0 loops=1)
   ->  Limit  (cost=38.61..38.63 rows=10 width=20) (actual time=0.154..0.155 rows=10 loops=1)
         ->  Sort  (cost=38.61..41.11 rows=1000 width=20) (actual time=0.154..0.154 rows=10 loops=1)
               Sort Key: s_3.a, s_3.b, s_3.c, s_3.d
               Sort Method: top-N heapsort  Memory: 25kB
               ->  Seq Scan on s_3  (cost=0.00..17.00 rows=1000 width=20) (actual time=0.004..0.055 rows=1000 loops=1)
 Planning time: 0.257 ms
 Execution time: 0.178 ms
(8 rows)

===== 175 [Wed Mar  7 01:57:07 CET 2018] scale:1000 groups:1000 work_mem:8MB incremental:on max_workers:0 =====
SELECT * FROM s_1 ORDER BY a, b LIMIT 10
                                                                     QUERY PLAN                                                                     
----------------------------------------------------------------------------------------------------------------------------------------------------
 Limit  (cost=0.76..0.76 rows=1 width=20) (actual time=0.078..0.078 rows=0 loops=1)
   ->  Limit  (cost=0.35..0.66 rows=10 width=20) (actual time=0.069..0.070 rows=10 loops=1)
         ->  Incremental Sort  (cost=0.35..31.04 rows=1000 width=20) (actual time=0.069..0.069 rows=10 loops=1)
               Sort Key: s_1.a, s_1.b
               Presorted Key: s_1.a
               Sort Method: quicksort  Memory: 27kB
               Sort Groups: 1
               ->  Index Only Scan using s_1_a_e_d_c_b_idx on s_1  (cost=0.28..43.27 rows=1000 width=20) (actual time=0.024..0.027 rows=33 loops=1)
                     Heap Fetches: 0
 Planning time: 0.256 ms
 Execution time: 0.103 ms
(11 rows)

===== 176 [Wed Mar  7 01:57:07 CET 2018] scale:1000 groups:1000 work_mem:8MB incremental:on max_workers:0 =====
SELECT * FROM s_2 ORDER BY a, b, c LIMIT 10
                                                                     QUERY PLAN                                                                     
----------------------------------------------------------------------------------------------------------------------------------------------------
 Limit  (cost=0.76..0.76 rows=1 width=20) (actual time=0.075..0.075 rows=0 loops=1)
   ->  Limit  (cost=0.35..0.66 rows=10 width=20) (actual time=0.072..0.074 rows=10 loops=1)
         ->  Incremental Sort  (cost=0.35..31.04 rows=1000 width=20) (actual time=0.072..0.073 rows=10 loops=1)
               Sort Key: s_2.a, s_2.b, s_2.c
               Presorted Key: s_2.a, s_2.b
               Sort Method: quicksort  Memory: 27kB
               Sort Groups: 1
               ->  Index Only Scan using s_2_a_b_e_d_c_idx on s_2  (cost=0.28..43.27 rows=1000 width=20) (actual time=0.027..0.031 rows=33 loops=1)
                     Heap Fetches: 0
 Planning time: 0.263 ms
 Execution time: 0.101 ms
(11 rows)

===== 177 [Wed Mar  7 01:57:07 CET 2018] scale:1000 groups:1000 work_mem:8MB incremental:on max_workers:0 =====
SELECT * FROM s_3 ORDER BY a, b, c, d LIMIT 10
                                                                     QUERY PLAN                                                                     
----------------------------------------------------------------------------------------------------------------------------------------------------
 Limit  (cost=0.76..0.76 rows=1 width=20) (actual time=0.072..0.072 rows=0 loops=1)
   ->  Limit  (cost=0.35..0.66 rows=10 width=20) (actual time=0.069..0.071 rows=10 loops=1)
         ->  Incremental Sort  (cost=0.35..31.04 rows=1000 width=20) (actual time=0.069..0.070 rows=10 loops=1)
               Sort Key: s_3.a, s_3.b, s_3.c, s_3.d
               Presorted Key: s_3.a, s_3.b, s_3.c
               Sort Method: quicksort  Memory: 27kB
               Sort Groups: 1
               ->  Index Only Scan using s_3_a_b_c_e_d_idx on s_3  (cost=0.28..43.27 rows=1000 width=20) (actual time=0.026..0.029 rows=33 loops=1)
                     Heap Fetches: 0
 Planning time: 0.265 ms
 Execution time: 0.097 ms
(11 rows)

===== 178 [Wed Mar  7 01:57:07 CET 2018] scale:1000 groups:1000 work_mem:8MB incremental:off max_workers:0 =====
SELECT * FROM s_1 ORDER BY a, b LIMIT 10
                                                      QUERY PLAN                                                       
-----------------------------------------------------------------------------------------------------------------------
 Limit  (cost=38.73..38.73 rows=1 width=20) (actual time=0.155..0.155 rows=0 loops=1)
   ->  Limit  (cost=38.61..38.63 rows=10 width=20) (actual time=0.153..0.154 rows=10 loops=1)
         ->  Sort  (cost=38.61..41.11 rows=1000 width=20) (actual time=0.153..0.153 rows=10 loops=1)
               Sort Key: s_1.a, s_1.b
               Sort Method: top-N heapsort  Memory: 25kB
               ->  Seq Scan on s_1  (cost=0.00..17.00 rows=1000 width=20) (actual time=0.004..0.058 rows=1000 loops=1)
 Planning time: 0.258 ms
 Execution time: 0.178 ms
(8 rows)

===== 179 [Wed Mar  7 01:57:08 CET 2018] scale:1000 groups:1000 work_mem:8MB incremental:off max_workers:0 =====
SELECT * FROM s_2 ORDER BY a, b, c LIMIT 10
                                                      QUERY PLAN                                                       
-----------------------------------------------------------------------------------------------------------------------
 Limit  (cost=38.73..38.73 rows=1 width=20) (actual time=0.159..0.159 rows=0 loops=1)
   ->  Limit  (cost=38.61..38.63 rows=10 width=20) (actual time=0.157..0.158 rows=10 loops=1)
         ->  Sort  (cost=38.61..41.11 rows=1000 width=20) (actual time=0.157..0.157 rows=10 loops=1)
               Sort Key: s_2.a, s_2.b, s_2.c
               Sort Method: top-N heapsort  Memory: 25kB
               ->  Seq Scan on s_2  (cost=0.00..17.00 rows=1000 width=20) (actual time=0.007..0.061 rows=1000 loops=1)
 Planning time: 0.259 ms
 Execution time: 0.182 ms
(8 rows)

===== 180 [Wed Mar  7 01:57:08 CET 2018] scale:1000 groups:1000 work_mem:8MB incremental:off max_workers:0 =====
SELECT * FROM s_3 ORDER BY a, b, c, d LIMIT 10
                                                      QUERY PLAN                                                       
-----------------------------------------------------------------------------------------------------------------------
 Limit  (cost=38.73..38.73 rows=1 width=20) (actual time=0.158..0.158 rows=0 loops=1)
   ->  Limit  (cost=38.61..38.63 rows=10 width=20) (actual time=0.156..0.157 rows=10 loops=1)
         ->  Sort  (cost=38.61..41.11 rows=1000 width=20) (actual time=0.155..0.156 rows=10 loops=1)
               Sort Key: s_3.a, s_3.b, s_3.c, s_3.d
               Sort Method: top-N heapsort  Memory: 25kB
               ->  Seq Scan on s_3  (cost=0.00..17.00 rows=1000 width=20) (actual time=0.004..0.056 rows=1000 loops=1)
 Planning time: 0.261 ms
 Execution time: 0.182 ms
(8 rows)

===== 181 [Wed Mar  7 01:57:08 CET 2018] scale:1000 groups:1000 work_mem:16MB incremental:on max_workers:0 =====
SELECT * FROM s_1 ORDER BY a, b LIMIT 10
                                                                     QUERY PLAN                                                                     
----------------------------------------------------------------------------------------------------------------------------------------------------
 Limit  (cost=0.76..0.76 rows=1 width=20) (actual time=0.075..0.075 rows=0 loops=1)
   ->  Limit  (cost=0.35..0.66 rows=10 width=20) (actual time=0.072..0.073 rows=10 loops=1)
         ->  Incremental Sort  (cost=0.35..31.04 rows=1000 width=20) (actual time=0.072..0.072 rows=10 loops=1)
               Sort Key: s_1.a, s_1.b
               Presorted Key: s_1.a
               Sort Method: quicksort  Memory: 27kB
               Sort Groups: 1
               ->  Index Only Scan using s_1_a_e_d_c_b_idx on s_1  (cost=0.28..43.27 rows=1000 width=20) (actual time=0.024..0.027 rows=33 loops=1)
                     Heap Fetches: 0
 Planning time: 0.257 ms
 Execution time: 0.102 ms
(11 rows)

===== 182 [Wed Mar  7 01:57:08 CET 2018] scale:1000 groups:1000 work_mem:16MB incremental:on max_workers:0 =====
SELECT * FROM s_2 ORDER BY a, b, c LIMIT 10
                                                                     QUERY PLAN                                                                     
----------------------------------------------------------------------------------------------------------------------------------------------------
 Limit  (cost=0.76..0.76 rows=1 width=20) (actual time=0.074..0.074 rows=0 loops=1)
   ->  Limit  (cost=0.35..0.66 rows=10 width=20) (actual time=0.072..0.073 rows=10 loops=1)
         ->  Incremental Sort  (cost=0.35..31.04 rows=1000 width=20) (actual time=0.072..0.072 rows=10 loops=1)
               Sort Key: s_2.a, s_2.b, s_2.c
               Presorted Key: s_2.a, s_2.b
               Sort Method: quicksort  Memory: 27kB
               Sort Groups: 1
               ->  Index Only Scan using s_2_a_b_e_d_c_idx on s_2  (cost=0.28..43.27 rows=1000 width=20) (actual time=0.027..0.031 rows=33 loops=1)
                     Heap Fetches: 0
 Planning time: 0.262 ms
 Execution time: 0.101 ms
(11 rows)

===== 183 [Wed Mar  7 01:57:08 CET 2018] scale:1000 groups:1000 work_mem:16MB incremental:on max_workers:0 =====
SELECT * FROM s_3 ORDER BY a, b, c, d LIMIT 10
                                                                     QUERY PLAN                                                                     
----------------------------------------------------------------------------------------------------------------------------------------------------
 Limit  (cost=0.76..0.76 rows=1 width=20) (actual time=0.072..0.072 rows=0 loops=1)
   ->  Limit  (cost=0.35..0.66 rows=10 width=20) (actual time=0.069..0.071 rows=10 loops=1)
         ->  Incremental Sort  (cost=0.35..31.04 rows=1000 width=20) (actual time=0.069..0.070 rows=10 loops=1)
               Sort Key: s_3.a, s_3.b, s_3.c, s_3.d
               Presorted Key: s_3.a, s_3.b, s_3.c
               Sort Method: quicksort  Memory: 27kB
               Sort Groups: 1
               ->  Index Only Scan using s_3_a_b_c_e_d_idx on s_3  (cost=0.28..43.27 rows=1000 width=20) (actual time=0.025..0.029 rows=33 loops=1)
                     Heap Fetches: 0
 Planning time: 0.266 ms
 Execution time: 0.097 ms
(11 rows)

===== 184 [Wed Mar  7 01:57:08 CET 2018] scale:1000 groups:1000 work_mem:16MB incremental:off max_workers:0 =====
SELECT * FROM s_1 ORDER BY a, b LIMIT 10
                                                      QUERY PLAN                                                       
-----------------------------------------------------------------------------------------------------------------------
 Limit  (cost=38.73..38.73 rows=1 width=20) (actual time=0.158..0.158 rows=0 loops=1)
   ->  Limit  (cost=38.61..38.63 rows=10 width=20) (actual time=0.155..0.156 rows=10 loops=1)
         ->  Sort  (cost=38.61..41.11 rows=1000 width=20) (actual time=0.155..0.155 rows=10 loops=1)
               Sort Key: s_1.a, s_1.b
               Sort Method: top-N heapsort  Memory: 25kB
               ->  Seq Scan on s_1  (cost=0.00..17.00 rows=1000 width=20) (actual time=0.004..0.059 rows=1000 loops=1)
 Planning time: 0.271 ms
 Execution time: 0.181 ms
(8 rows)

===== 185 [Wed Mar  7 01:57:08 CET 2018] scale:1000 groups:1000 work_mem:16MB incremental:off max_workers:0 =====
SELECT * FROM s_2 ORDER BY a, b, c LIMIT 10
                                                      QUERY PLAN                                                       
-----------------------------------------------------------------------------------------------------------------------
 Limit  (cost=38.73..38.73 rows=1 width=20) (actual time=0.160..0.160 rows=0 loops=1)
   ->  Limit  (cost=38.61..38.63 rows=10 width=20) (actual time=0.157..0.158 rows=10 loops=1)
         ->  Sort  (cost=38.61..41.11 rows=1000 width=20) (actual time=0.157..0.157 rows=10 loops=1)
               Sort Key: s_2.a, s_2.b, s_2.c
               Sort Method: top-N heapsort  Memory: 25kB
               ->  Seq Scan on s_2  (cost=0.00..17.00 rows=1000 width=20) (actual time=0.007..0.061 rows=1000 loops=1)
 Planning time: 0.257 ms
 Execution time: 0.182 ms
(8 rows)

===== 186 [Wed Mar  7 01:57:08 CET 2018] scale:1000 groups:1000 work_mem:16MB incremental:off max_workers:0 =====
SELECT * FROM s_3 ORDER BY a, b, c, d LIMIT 10
                                                      QUERY PLAN                                                       
-----------------------------------------------------------------------------------------------------------------------
 Limit  (cost=38.73..38.73 rows=1 width=20) (actual time=0.161..0.161 rows=0 loops=1)
   ->  Limit  (cost=38.61..38.63 rows=10 width=20) (actual time=0.159..0.160 rows=10 loops=1)
         ->  Sort  (cost=38.61..41.11 rows=1000 width=20) (actual time=0.158..0.159 rows=10 loops=1)
               Sort Key: s_3.a, s_3.b, s_3.c, s_3.d
               Sort Method: top-N heapsort  Memory: 25kB
               ->  Seq Scan on s_3  (cost=0.00..17.00 rows=1000 width=20) (actual time=0.004..0.055 rows=1000 loops=1)
 Planning time: 0.262 ms
 Execution time: 0.183 ms
(8 rows)

===== 187 [Wed Mar  7 01:57:08 CET 2018] scale:1000 groups:1000 work_mem:32MB incremental:on max_workers:0 =====
SELECT * FROM s_1 ORDER BY a, b LIMIT 10
                                                                     QUERY PLAN                                                                     
----------------------------------------------------------------------------------------------------------------------------------------------------
 Limit  (cost=0.76..0.76 rows=1 width=20) (actual time=0.069..0.069 rows=0 loops=1)
   ->  Limit  (cost=0.35..0.66 rows=10 width=20) (actual time=0.066..0.068 rows=10 loops=1)
         ->  Incremental Sort  (cost=0.35..31.04 rows=1000 width=20) (actual time=0.066..0.067 rows=10 loops=1)
               Sort Key: s_1.a, s_1.b
               Presorted Key: s_1.a
               Sort Method: quicksort  Memory: 27kB
               Sort Groups: 1
               ->  Index Only Scan using s_1_a_e_d_c_b_idx on s_1  (cost=0.28..43.27 rows=1000 width=20) (actual time=0.023..0.027 rows=33 loops=1)
                     Heap Fetches: 0
 Planning time: 0.255 ms
 Execution time: 0.094 ms
(11 rows)

===== 188 [Wed Mar  7 01:57:08 CET 2018] scale:1000 groups:1000 work_mem:32MB incremental:on max_workers:0 =====
SELECT * FROM s_2 ORDER BY a, b, c LIMIT 10
                                                                     QUERY PLAN                                                                     
----------------------------------------------------------------------------------------------------------------------------------------------------
 Limit  (cost=0.76..0.76 rows=1 width=20) (actual time=0.074..0.074 rows=0 loops=1)
   ->  Limit  (cost=0.35..0.66 rows=10 width=20) (actual time=0.072..0.073 rows=10 loops=1)
         ->  Incremental Sort  (cost=0.35..31.04 rows=1000 width=20) (actual time=0.071..0.072 rows=10 loops=1)
               Sort Key: s_2.a, s_2.b, s_2.c
               Presorted Key: s_2.a, s_2.b
               Sort Method: quicksort  Memory: 27kB
               Sort Groups: 1
               ->  Index Only Scan using s_2_a_b_e_d_c_idx on s_2  (cost=0.28..43.27 rows=1000 width=20) (actual time=0.026..0.030 rows=33 loops=1)
                     Heap Fetches: 0
 Planning time: 0.259 ms
 Execution time: 0.099 ms
(11 rows)

===== 189 [Wed Mar  7 01:57:08 CET 2018] scale:1000 groups:1000 work_mem:32MB incremental:on max_workers:0 =====
SELECT * FROM s_3 ORDER BY a, b, c, d LIMIT 10
                                                                     QUERY PLAN                                                                     
----------------------------------------------------------------------------------------------------------------------------------------------------
 Limit  (cost=0.76..0.76 rows=1 width=20) (actual time=0.072..0.072 rows=0 loops=1)
   ->  Limit  (cost=0.35..0.66 rows=10 width=20) (actual time=0.069..0.070 rows=10 loops=1)
         ->  Incremental Sort  (cost=0.35..31.04 rows=1000 width=20) (actual time=0.069..0.070 rows=10 loops=1)
               Sort Key: s_3.a, s_3.b, s_3.c, s_3.d
               Presorted Key: s_3.a, s_3.b, s_3.c
               Sort Method: quicksort  Memory: 27kB
               Sort Groups: 1
               ->  Index Only Scan using s_3_a_b_c_e_d_idx on s_3  (cost=0.28..43.27 rows=1000 width=20) (actual time=0.025..0.029 rows=33 loops=1)
                     Heap Fetches: 0
 Planning time: 0.256 ms
 Execution time: 0.097 ms
(11 rows)

===== 190 [Wed Mar  7 01:57:08 CET 2018] scale:1000 groups:1000 work_mem:32MB incremental:off max_workers:0 =====
SELECT * FROM s_1 ORDER BY a, b LIMIT 10
                                                      QUERY PLAN                                                       
-----------------------------------------------------------------------------------------------------------------------
 Limit  (cost=38.73..38.73 rows=1 width=20) (actual time=0.158..0.158 rows=0 loops=1)
   ->  Limit  (cost=38.61..38.63 rows=10 width=20) (actual time=0.156..0.157 rows=10 loops=1)
         ->  Sort  (cost=38.61..41.11 rows=1000 width=20) (actual time=0.156..0.156 rows=10 loops=1)
               Sort Key: s_1.a, s_1.b
               Sort Method: top-N heapsort  Memory: 25kB
               ->  Seq Scan on s_1  (cost=0.00..17.00 rows=1000 width=20) (actual time=0.004..0.059 rows=1000 loops=1)
 Planning time: 0.257 ms
 Execution time: 0.181 ms
(8 rows)

===== 191 [Wed Mar  7 01:57:08 CET 2018] scale:1000 groups:1000 work_mem:32MB incremental:off max_workers:0 =====
SELECT * FROM s_2 ORDER BY a, b, c LIMIT 10
                                                      QUERY PLAN                                                       
-----------------------------------------------------------------------------------------------------------------------
 Limit  (cost=38.73..38.73 rows=1 width=20) (actual time=0.164..0.164 rows=0 loops=1)
   ->  Limit  (cost=38.61..38.63 rows=10 width=20) (actual time=0.162..0.163 rows=10 loops=1)
         ->  Sort  (cost=38.61..41.11 rows=1000 width=20) (actual time=0.162..0.162 rows=10 loops=1)
               Sort Key: s_2.a, s_2.b, s_2.c
               Sort Method: top-N heapsort  Memory: 25kB
               ->  Seq Scan on s_2  (cost=0.00..17.00 rows=1000 width=20) (actual time=0.012..0.067 rows=1000 loops=1)
 Planning time: 0.259 ms
 Execution time: 0.187 ms
(8 rows)

===== 192 [Wed Mar  7 01:57:08 CET 2018] scale:1000 groups:1000 work_mem:32MB incremental:off max_workers:0 =====
SELECT * FROM s_3 ORDER BY a, b, c, d LIMIT 10
                                                      QUERY PLAN                                                       
-----------------------------------------------------------------------------------------------------------------------
 Limit  (cost=38.73..38.73 rows=1 width=20) (actual time=0.157..0.157 rows=0 loops=1)
   ->  Limit  (cost=38.61..38.63 rows=10 width=20) (actual time=0.155..0.156 rows=10 loops=1)
         ->  Sort  (cost=38.61..41.11 rows=1000 width=20) (actual time=0.154..0.155 rows=10 loops=1)
               Sort Key: s_3.a, s_3.b, s_3.c, s_3.d
               Sort Method: top-N heapsort  Memory: 25kB
               ->  Seq Scan on s_3  (cost=0.00..17.00 rows=1000 width=20) (actual time=0.004..0.056 rows=1000 loops=1)
 Planning time: 0.269 ms
 Execution time: 0.179 ms
(8 rows)

===== 193 [Wed Mar  7 01:57:09 CET 2018] scale:1000 groups:1000 work_mem:64MB incremental:on max_workers:0 =====
SELECT * FROM s_1 ORDER BY a, b LIMIT 10
                                                                     QUERY PLAN                                                                     
----------------------------------------------------------------------------------------------------------------------------------------------------
 Limit  (cost=0.76..0.76 rows=1 width=20) (actual time=0.070..0.070 rows=0 loops=1)
   ->  Limit  (cost=0.35..0.66 rows=10 width=20) (actual time=0.068..0.069 rows=10 loops=1)
         ->  Incremental Sort  (cost=0.35..31.04 rows=1000 width=20) (actual time=0.068..0.068 rows=10 loops=1)
               Sort Key: s_1.a, s_1.b
               Presorted Key: s_1.a
               Sort Method: quicksort  Memory: 27kB
               Sort Groups: 1
               ->  Index Only Scan using s_1_a_e_d_c_b_idx on s_1  (cost=0.28..43.27 rows=1000 width=20) (actual time=0.024..0.028 rows=33 loops=1)
                     Heap Fetches: 0
 Planning time: 0.259 ms
 Execution time: 0.098 ms
(11 rows)

===== 194 [Wed Mar  7 01:57:09 CET 2018] scale:1000 groups:1000 work_mem:64MB incremental:on max_workers:0 =====
SELECT * FROM s_2 ORDER BY a, b, c LIMIT 10
                                                                     QUERY PLAN                                                                     
----------------------------------------------------------------------------------------------------------------------------------------------------
 Limit  (cost=0.76..0.76 rows=1 width=20) (actual time=0.075..0.075 rows=0 loops=1)
   ->  Limit  (cost=0.35..0.66 rows=10 width=20) (actual time=0.073..0.074 rows=10 loops=1)
         ->  Incremental Sort  (cost=0.35..31.04 rows=1000 width=20) (actual time=0.072..0.073 rows=10 loops=1)
               Sort Key: s_2.a, s_2.b, s_2.c
               Presorted Key: s_2.a, s_2.b
               Sort Method: quicksort  Memory: 27kB
               Sort Groups: 1
               ->  Index Only Scan using s_2_a_b_e_d_c_idx on s_2  (cost=0.28..43.27 rows=1000 width=20) (actual time=0.027..0.031 rows=33 loops=1)
                     Heap Fetches: 0
 Planning time: 0.266 ms
 Execution time: 0.100 ms
(11 rows)

===== 195 [Wed Mar  7 01:57:09 CET 2018] scale:1000 groups:1000 work_mem:64MB incremental:on max_workers:0 =====
SELECT * FROM s_3 ORDER BY a, b, c, d LIMIT 10
                                                                     QUERY PLAN                                                                     
----------------------------------------------------------------------------------------------------------------------------------------------------
 Limit  (cost=0.76..0.76 rows=1 width=20) (actual time=0.073..0.073 rows=0 loops=1)
   ->  Limit  (cost=0.35..0.66 rows=10 width=20) (actual time=0.071..0.072 rows=10 loops=1)
         ->  Incremental Sort  (cost=0.35..31.04 rows=1000 width=20) (actual time=0.071..0.071 rows=10 loops=1)
               Sort Key: s_3.a, s_3.b, s_3.c, s_3.d
               Presorted Key: s_3.a, s_3.b, s_3.c
               Sort Method: quicksort  Memory: 27kB
               Sort Groups: 1
               ->  Index Only Scan using s_3_a_b_c_e_d_idx on s_3  (cost=0.28..43.27 rows=1000 width=20) (actual time=0.025..0.029 rows=33 loops=1)
                     Heap Fetches: 0
 Planning time: 0.260 ms
 Execution time: 0.098 ms
(11 rows)

===== 196 [Wed Mar  7 01:57:09 CET 2018] scale:1000 groups:1000 work_mem:64MB incremental:off max_workers:0 =====
SELECT * FROM s_1 ORDER BY a, b LIMIT 10
                                                      QUERY PLAN                                                       
-----------------------------------------------------------------------------------------------------------------------
 Limit  (cost=38.73..38.73 rows=1 width=20) (actual time=0.155..0.155 rows=0 loops=1)
   ->  Limit  (cost=38.61..38.63 rows=10 width=20) (actual time=0.153..0.154 rows=10 loops=1)
         ->  Sort  (cost=38.61..41.11 rows=1000 width=20) (actual time=0.152..0.153 rows=10 loops=1)
               Sort Key: s_1.a, s_1.b
               Sort Method: top-N heapsort  Memory: 25kB
               ->  Seq Scan on s_1  (cost=0.00..17.00 rows=1000 width=20) (actual time=0.004..0.058 rows=1000 loops=1)
 Planning time: 0.261 ms
 Execution time: 0.177 ms
(8 rows)

===== 197 [Wed Mar  7 01:57:09 CET 2018] scale:1000 groups:1000 work_mem:64MB incremental:off max_workers:0 =====
SELECT * FROM s_2 ORDER BY a, b, c LIMIT 10
                                                      QUERY PLAN                                                       
-----------------------------------------------------------------------------------------------------------------------
 Limit  (cost=38.73..38.73 rows=1 width=20) (actual time=0.158..0.158 rows=0 loops=1)
   ->  Limit  (cost=38.61..38.63 rows=10 width=20) (actual time=0.156..0.157 rows=10 loops=1)
         ->  Sort  (cost=38.61..41.11 rows=1000 width=20) (actual time=0.156..0.156 rows=10 loops=1)
               Sort Key: s_2.a, s_2.b, s_2.c
               Sort Method: top-N heapsort  Memory: 25kB
               ->  Seq Scan on s_2  (cost=0.00..17.00 rows=1000 width=20) (actual time=0.007..0.061 rows=1000 loops=1)
 Planning time: 0.257 ms
 Execution time: 0.180 ms
(8 rows)

===== 198 [Wed Mar  7 01:57:09 CET 2018] scale:1000 groups:1000 work_mem:64MB incremental:off max_workers:0 =====
SELECT * FROM s_3 ORDER BY a, b, c, d LIMIT 10
                                                      QUERY PLAN                                                       
-----------------------------------------------------------------------------------------------------------------------
 Limit  (cost=38.73..38.73 rows=1 width=20) (actual time=0.162..0.162 rows=0 loops=1)
   ->  Limit  (cost=38.61..38.63 rows=10 width=20) (actual time=0.160..0.161 rows=10 loops=1)
         ->  Sort  (cost=38.61..41.11 rows=1000 width=20) (actual time=0.160..0.160 rows=10 loops=1)
               Sort Key: s_3.a, s_3.b, s_3.c, s_3.d
               Sort Method: top-N heapsort  Memory: 25kB
               ->  Seq Scan on s_3  (cost=0.00..17.00 rows=1000 width=20) (actual time=0.004..0.056 rows=1000 loops=1)
 Planning time: 0.258 ms
 Execution time: 0.185 ms
(8 rows)

===== 199 [Wed Mar  7 01:57:09 CET 2018] scale:1000 groups:1000 work_mem:128MB incremental:on max_workers:0 =====
SELECT * FROM s_1 ORDER BY a, b LIMIT 10
                                                                     QUERY PLAN                                                                     
----------------------------------------------------------------------------------------------------------------------------------------------------
 Limit  (cost=0.76..0.76 rows=1 width=20) (actual time=0.073..0.073 rows=0 loops=1)
   ->  Limit  (cost=0.35..0.66 rows=10 width=20) (actual time=0.070..0.071 rows=10 loops=1)
         ->  Incremental Sort  (cost=0.35..31.04 rows=1000 width=20) (actual time=0.070..0.070 rows=10 loops=1)
               Sort Key: s_1.a, s_1.b
               Presorted Key: s_1.a
               Sort Method: quicksort  Memory: 27kB
               Sort Groups: 1
               ->  Index Only Scan using s_1_a_e_d_c_b_idx on s_1  (cost=0.28..43.27 rows=1000 width=20) (actual time=0.027..0.031 rows=33 loops=1)
                     Heap Fetches: 0
 Planning time: 0.259 ms
 Execution time: 0.098 ms
(11 rows)

===== 200 [Wed Mar  7 01:57:09 CET 2018] scale:1000 groups:1000 work_mem:128MB incremental:on max_workers:0 =====
SELECT * FROM s_2 ORDER BY a, b, c LIMIT 10
                                                                     QUERY PLAN                                                                     
----------------------------------------------------------------------------------------------------------------------------------------------------
 Limit  (cost=0.76..0.76 rows=1 width=20) (actual time=0.074..0.074 rows=0 loops=1)
   ->  Limit  (cost=0.35..0.66 rows=10 width=20) (actual time=0.072..0.073 rows=10 loops=1)
         ->  Incremental Sort  (cost=0.35..31.04 rows=1000 width=20) (actual time=0.072..0.072 rows=10 loops=1)
               Sort Key: s_2.a, s_2.b, s_2.c
               Presorted Key: s_2.a, s_2.b
               Sort Method: quicksort  Memory: 27kB
               Sort Groups: 1
               ->  Index Only Scan using s_2_a_b_e_d_c_idx on s_2  (cost=0.28..43.27 rows=1000 width=20) (actual time=0.027..0.031 rows=33 loops=1)
                     Heap Fetches: 0
 Planning time: 0.261 ms
 Execution time: 0.101 ms
(11 rows)

===== 201 [Wed Mar  7 01:57:09 CET 2018] scale:1000 groups:1000 work_mem:128MB incremental:on max_workers:0 =====
SELECT * FROM s_3 ORDER BY a, b, c, d LIMIT 10
                                                                     QUERY PLAN                                                                     
----------------------------------------------------------------------------------------------------------------------------------------------------
 Limit  (cost=0.76..0.76 rows=1 width=20) (actual time=0.072..0.072 rows=0 loops=1)
   ->  Limit  (cost=0.35..0.66 rows=10 width=20) (actual time=0.070..0.071 rows=10 loops=1)
         ->  Incremental Sort  (cost=0.35..31.04 rows=1000 width=20) (actual time=0.070..0.070 rows=10 loops=1)
               Sort Key: s_3.a, s_3.b, s_3.c, s_3.d
               Presorted Key: s_3.a, s_3.b, s_3.c
               Sort Method: quicksort  Memory: 27kB
               Sort Groups: 1
               ->  Index Only Scan using s_3_a_b_c_e_d_idx on s_3  (cost=0.28..43.27 rows=1000 width=20) (actual time=0.026..0.029 rows=33 loops=1)
                     Heap Fetches: 0
 Planning time: 0.266 ms
 Execution time: 0.098 ms
(11 rows)

===== 202 [Wed Mar  7 01:57:09 CET 2018] scale:1000 groups:1000 work_mem:128MB incremental:off max_workers:0 =====
SELECT * FROM s_1 ORDER BY a, b LIMIT 10
                                                      QUERY PLAN                                                       
-----------------------------------------------------------------------------------------------------------------------
 Limit  (cost=38.73..38.73 rows=1 width=20) (actual time=0.156..0.156 rows=0 loops=1)
   ->  Limit  (cost=38.61..38.63 rows=10 width=20) (actual time=0.153..0.155 rows=10 loops=1)
         ->  Sort  (cost=38.61..41.11 rows=1000 width=20) (actual time=0.153..0.154 rows=10 loops=1)
               Sort Key: s_1.a, s_1.b
               Sort Method: top-N heapsort  Memory: 25kB
               ->  Seq Scan on s_1  (cost=0.00..17.00 rows=1000 width=20) (actual time=0.004..0.058 rows=1000 loops=1)
 Planning time: 0.254 ms
 Execution time: 0.186 ms
(8 rows)

===== 203 [Wed Mar  7 01:57:09 CET 2018] scale:1000 groups:1000 work_mem:128MB incremental:off max_workers:0 =====
SELECT * FROM s_2 ORDER BY a, b, c LIMIT 10
                                                      QUERY PLAN                                                       
-----------------------------------------------------------------------------------------------------------------------
 Limit  (cost=38.73..38.73 rows=1 width=20) (actual time=0.158..0.158 rows=0 loops=1)
   ->  Limit  (cost=38.61..38.63 rows=10 width=20) (actual time=0.155..0.156 rows=10 loops=1)
         ->  Sort  (cost=38.61..41.11 rows=1000 width=20) (actual time=0.155..0.155 rows=10 loops=1)
               Sort Key: s_2.a, s_2.b, s_2.c
               Sort Method: top-N heapsort  Memory: 25kB
               ->  Seq Scan on s_2  (cost=0.00..17.00 rows=1000 width=20) (actual time=0.007..0.061 rows=1000 loops=1)
 Planning time: 0.258 ms
 Execution time: 0.180 ms
(8 rows)

===== 204 [Wed Mar  7 01:57:09 CET 2018] scale:1000 groups:1000 work_mem:128MB incremental:off max_workers:0 =====
SELECT * FROM s_3 ORDER BY a, b, c, d LIMIT 10
                                                      QUERY PLAN                                                       
-----------------------------------------------------------------------------------------------------------------------
 Limit  (cost=38.73..38.73 rows=1 width=20) (actual time=0.157..0.157 rows=0 loops=1)
   ->  Limit  (cost=38.61..38.63 rows=10 width=20) (actual time=0.154..0.156 rows=10 loops=1)
         ->  Sort  (cost=38.61..41.11 rows=1000 width=20) (actual time=0.154..0.155 rows=10 loops=1)
               Sort Key: s_3.a, s_3.b, s_3.c, s_3.d
               Sort Method: top-N heapsort  Memory: 25kB
               ->  Seq Scan on s_3  (cost=0.00..17.00 rows=1000 width=20) (actual time=0.004..0.056 rows=1000 loops=1)
 Planning time: 0.259 ms
 Execution time: 0.179 ms
(8 rows)

===== 205 [Wed Mar  7 01:57:09 CET 2018] scale:1000 groups:1000 work_mem:256MB incremental:on max_workers:0 =====
SELECT * FROM s_1 ORDER BY a, b LIMIT 10
                                                                     QUERY PLAN                                                                     
----------------------------------------------------------------------------------------------------------------------------------------------------
 Limit  (cost=0.76..0.76 rows=1 width=20) (actual time=0.070..0.070 rows=0 loops=1)
   ->  Limit  (cost=0.35..0.66 rows=10 width=20) (actual time=0.068..0.069 rows=10 loops=1)
         ->  Incremental Sort  (cost=0.35..31.04 rows=1000 width=20) (actual time=0.068..0.068 rows=10 loops=1)
               Sort Key: s_1.a, s_1.b
               Presorted Key: s_1.a
               Sort Method: quicksort  Memory: 27kB
               Sort Groups: 1
               ->  Index Only Scan using s_1_a_e_d_c_b_idx on s_1  (cost=0.28..43.27 rows=1000 width=20) (actual time=0.024..0.027 rows=33 loops=1)
                     Heap Fetches: 0
 Planning time: 0.262 ms
 Execution time: 0.096 ms
(11 rows)

===== 206 [Wed Mar  7 01:57:10 CET 2018] scale:1000 groups:1000 work_mem:256MB incremental:on max_workers:0 =====
SELECT * FROM s_2 ORDER BY a, b, c LIMIT 10
                                                                     QUERY PLAN                                                                     
----------------------------------------------------------------------------------------------------------------------------------------------------
 Limit  (cost=0.76..0.76 rows=1 width=20) (actual time=0.075..0.075 rows=0 loops=1)
   ->  Limit  (cost=0.35..0.66 rows=10 width=20) (actual time=0.073..0.074 rows=10 loops=1)
         ->  Incremental Sort  (cost=0.35..31.04 rows=1000 width=20) (actual time=0.072..0.073 rows=10 loops=1)
               Sort Key: s_2.a, s_2.b, s_2.c
               Presorted Key: s_2.a, s_2.b
               Sort Method: quicksort  Memory: 27kB
               Sort Groups: 1
               ->  Index Only Scan using s_2_a_b_e_d_c_idx on s_2  (cost=0.28..43.27 rows=1000 width=20) (actual time=0.027..0.031 rows=33 loops=1)
                     Heap Fetches: 0
 Planning time: 0.260 ms
 Execution time: 0.099 ms
(11 rows)

===== 207 [Wed Mar  7 01:57:10 CET 2018] scale:1000 groups:1000 work_mem:256MB incremental:on max_workers:0 =====
SELECT * FROM s_3 ORDER BY a, b, c, d LIMIT 10
                                                                     QUERY PLAN                                                                     
----------------------------------------------------------------------------------------------------------------------------------------------------
 Limit  (cost=0.76..0.76 rows=1 width=20) (actual time=0.072..0.072 rows=0 loops=1)
   ->  Limit  (cost=0.35..0.66 rows=10 width=20) (actual time=0.070..0.071 rows=10 loops=1)
         ->  Incremental Sort  (cost=0.35..31.04 rows=1000 width=20) (actual time=0.069..0.070 rows=10 loops=1)
               Sort Key: s_3.a, s_3.b, s_3.c, s_3.d
               Presorted Key: s_3.a, s_3.b, s_3.c
               Sort Method: quicksort  Memory: 27kB
               Sort Groups: 1
               ->  Index Only Scan using s_3_a_b_c_e_d_idx on s_3  (cost=0.28..43.27 rows=1000 width=20) (actual time=0.026..0.029 rows=33 loops=1)
                     Heap Fetches: 0
 Planning time: 0.266 ms
 Execution time: 0.097 ms
(11 rows)

===== 208 [Wed Mar  7 01:57:10 CET 2018] scale:1000 groups:1000 work_mem:256MB incremental:off max_workers:0 =====
SELECT * FROM s_1 ORDER BY a, b LIMIT 10
                                                      QUERY PLAN                                                       
-----------------------------------------------------------------------------------------------------------------------
 Limit  (cost=38.73..38.73 rows=1 width=20) (actual time=0.155..0.155 rows=0 loops=1)
   ->  Limit  (cost=38.61..38.63 rows=10 width=20) (actual time=0.153..0.154 rows=10 loops=1)
         ->  Sort  (cost=38.61..41.11 rows=1000 width=20) (actual time=0.153..0.153 rows=10 loops=1)
               Sort Key: s_1.a, s_1.b
               Sort Method: top-N heapsort  Memory: 25kB
               ->  Seq Scan on s_1  (cost=0.00..17.00 rows=1000 width=20) (actual time=0.004..0.059 rows=1000 loops=1)
 Planning time: 0.249 ms
 Execution time: 0.181 ms
(8 rows)

===== 209 [Wed Mar  7 01:57:10 CET 2018] scale:1000 groups:1000 work_mem:256MB incremental:off max_workers:0 =====
SELECT * FROM s_2 ORDER BY a, b, c LIMIT 10
                                                      QUERY PLAN                                                       
-----------------------------------------------------------------------------------------------------------------------
 Limit  (cost=38.73..38.73 rows=1 width=20) (actual time=0.157..0.157 rows=0 loops=1)
   ->  Limit  (cost=38.61..38.63 rows=10 width=20) (actual time=0.155..0.156 rows=10 loops=1)
         ->  Sort  (cost=38.61..41.11 rows=1000 width=20) (actual time=0.155..0.155 rows=10 loops=1)
               Sort Key: s_2.a, s_2.b, s_2.c
               Sort Method: top-N heapsort  Memory: 25kB
               ->  Seq Scan on s_2  (cost=0.00..17.00 rows=1000 width=20) (actual time=0.007..0.060 rows=1000 loops=1)
 Planning time: 0.252 ms
 Execution time: 0.180 ms
(8 rows)

===== 210 [Wed Mar  7 01:57:10 CET 2018] scale:1000 groups:1000 work_mem:256MB incremental:off max_workers:0 =====
SELECT * FROM s_3 ORDER BY a, b, c, d LIMIT 10
                                                      QUERY PLAN                                                       
-----------------------------------------------------------------------------------------------------------------------
 Limit  (cost=38.73..38.73 rows=1 width=20) (actual time=0.166..0.166 rows=0 loops=1)
   ->  Limit  (cost=38.61..38.63 rows=10 width=20) (actual time=0.163..0.165 rows=10 loops=1)
         ->  Sort  (cost=38.61..41.11 rows=1000 width=20) (actual time=0.163..0.164 rows=10 loops=1)
               Sort Key: s_3.a, s_3.b, s_3.c, s_3.d
               Sort Method: top-N heapsort  Memory: 25kB
               ->  Seq Scan on s_3  (cost=0.00..17.00 rows=1000 width=20) (actual time=0.004..0.063 rows=1000 loops=1)
 Planning time: 0.253 ms
 Execution time: 0.188 ms
(8 rows)

===== 211 [Wed Mar  7 01:57:10 CET 2018] scale:1000 groups:1000 work_mem:4MB incremental:on max_workers:2 =====
SELECT * FROM s_1 ORDER BY a, b LIMIT 10
                                                                     QUERY PLAN                                                                     
----------------------------------------------------------------------------------------------------------------------------------------------------
 Limit  (cost=0.76..0.76 rows=1 width=20) (actual time=0.070..0.070 rows=0 loops=1)
   ->  Limit  (cost=0.35..0.66 rows=10 width=20) (actual time=0.068..0.069 rows=10 loops=1)
         ->  Incremental Sort  (cost=0.35..31.04 rows=1000 width=20) (actual time=0.067..0.068 rows=10 loops=1)
               Sort Key: s_1.a, s_1.b
               Presorted Key: s_1.a
               Sort Method: quicksort  Memory: 27kB
               Sort Groups: 1
               ->  Index Only Scan using s_1_a_e_d_c_b_idx on s_1  (cost=0.28..43.27 rows=1000 width=20) (actual time=0.023..0.027 rows=33 loops=1)
                     Heap Fetches: 0
 Planning time: 0.260 ms
 Execution time: 0.096 ms
(11 rows)

===== 212 [Wed Mar  7 01:57:10 CET 2018] scale:1000 groups:1000 work_mem:4MB incremental:on max_workers:2 =====
SELECT * FROM s_2 ORDER BY a, b, c LIMIT 10
                                                                     QUERY PLAN                                                                     
----------------------------------------------------------------------------------------------------------------------------------------------------
 Limit  (cost=0.76..0.76 rows=1 width=20) (actual time=0.074..0.074 rows=0 loops=1)
   ->  Limit  (cost=0.35..0.66 rows=10 width=20) (actual time=0.072..0.073 rows=10 loops=1)
         ->  Incremental Sort  (cost=0.35..31.04 rows=1000 width=20) (actual time=0.071..0.072 rows=10 loops=1)
               Sort Key: s_2.a, s_2.b, s_2.c
               Presorted Key: s_2.a, s_2.b
               Sort Method: quicksort  Memory: 27kB
               Sort Groups: 1
               ->  Index Only Scan using s_2_a_b_e_d_c_idx on s_2  (cost=0.28..43.27 rows=1000 width=20) (actual time=0.027..0.031 rows=33 loops=1)
                     Heap Fetches: 0
 Planning time: 0.271 ms
 Execution time: 0.099 ms
(11 rows)

===== 213 [Wed Mar  7 01:57:10 CET 2018] scale:1000 groups:1000 work_mem:4MB incremental:on max_workers:2 =====
SELECT * FROM s_3 ORDER BY a, b, c, d LIMIT 10
                                                                     QUERY PLAN                                                                     
----------------------------------------------------------------------------------------------------------------------------------------------------
 Limit  (cost=0.76..0.76 rows=1 width=20) (actual time=0.071..0.071 rows=0 loops=1)
   ->  Limit  (cost=0.35..0.66 rows=10 width=20) (actual time=0.069..0.070 rows=10 loops=1)
         ->  Incremental Sort  (cost=0.35..31.04 rows=1000 width=20) (actual time=0.069..0.069 rows=10 loops=1)
               Sort Key: s_3.a, s_3.b, s_3.c, s_3.d
               Presorted Key: s_3.a, s_3.b, s_3.c
               Sort Method: quicksort  Memory: 27kB
               Sort Groups: 1
               ->  Index Only Scan using s_3_a_b_c_e_d_idx on s_3  (cost=0.28..43.27 rows=1000 width=20) (actual time=0.026..0.029 rows=33 loops=1)
                     Heap Fetches: 0
 Planning time: 0.270 ms
 Execution time: 0.095 ms
(11 rows)

===== 214 [Wed Mar  7 01:57:10 CET 2018] scale:1000 groups:1000 work_mem:4MB incremental:off max_workers:2 =====
SELECT * FROM s_1 ORDER BY a, b LIMIT 10
                                                      QUERY PLAN                                                       
-----------------------------------------------------------------------------------------------------------------------
 Limit  (cost=38.73..38.73 rows=1 width=20) (actual time=0.156..0.156 rows=0 loops=1)
   ->  Limit  (cost=38.61..38.63 rows=10 width=20) (actual time=0.154..0.155 rows=10 loops=1)
         ->  Sort  (cost=38.61..41.11 rows=1000 width=20) (actual time=0.154..0.154 rows=10 loops=1)
               Sort Key: s_1.a, s_1.b
               Sort Method: top-N heapsort  Memory: 25kB
               ->  Seq Scan on s_1  (cost=0.00..17.00 rows=1000 width=20) (actual time=0.004..0.058 rows=1000 loops=1)
 Planning time: 0.252 ms
 Execution time: 0.179 ms
(8 rows)

===== 215 [Wed Mar  7 01:57:10 CET 2018] scale:1000 groups:1000 work_mem:4MB incremental:off max_workers:2 =====
SELECT * FROM s_2 ORDER BY a, b, c LIMIT 10
                                                      QUERY PLAN                                                       
-----------------------------------------------------------------------------------------------------------------------
 Limit  (cost=38.73..38.73 rows=1 width=20) (actual time=0.159..0.159 rows=0 loops=1)
   ->  Limit  (cost=38.61..38.63 rows=10 width=20) (actual time=0.157..0.158 rows=10 loops=1)
         ->  Sort  (cost=38.61..41.11 rows=1000 width=20) (actual time=0.157..0.157 rows=10 loops=1)
               Sort Key: s_2.a, s_2.b, s_2.c
               Sort Method: top-N heapsort  Memory: 25kB
               ->  Seq Scan on s_2  (cost=0.00..17.00 rows=1000 width=20) (actual time=0.007..0.061 rows=1000 loops=1)
 Planning time: 0.260 ms
 Execution time: 0.182 ms
(8 rows)

===== 216 [Wed Mar  7 01:57:10 CET 2018] scale:1000 groups:1000 work_mem:4MB incremental:off max_workers:2 =====
SELECT * FROM s_3 ORDER BY a, b, c, d LIMIT 10
                                                      QUERY PLAN                                                       
-----------------------------------------------------------------------------------------------------------------------
 Limit  (cost=38.73..38.73 rows=1 width=20) (actual time=0.163..0.163 rows=0 loops=1)
   ->  Limit  (cost=38.61..38.63 rows=10 width=20) (actual time=0.161..0.162 rows=10 loops=1)
         ->  Sort  (cost=38.61..41.11 rows=1000 width=20) (actual time=0.161..0.161 rows=10 loops=1)
               Sort Key: s_3.a, s_3.b, s_3.c, s_3.d
               Sort Method: top-N heapsort  Memory: 25kB
               ->  Seq Scan on s_3  (cost=0.00..17.00 rows=1000 width=20) (actual time=0.004..0.061 rows=1000 loops=1)
 Planning time: 0.263 ms
 Execution time: 0.186 ms
(8 rows)

===== 217 [Wed Mar  7 01:57:10 CET 2018] scale:1000 groups:1000 work_mem:8MB incremental:on max_workers:2 =====
SELECT * FROM s_1 ORDER BY a, b LIMIT 10
                                                                     QUERY PLAN                                                                     
----------------------------------------------------------------------------------------------------------------------------------------------------
 Limit  (cost=0.76..0.76 rows=1 width=20) (actual time=0.069..0.069 rows=0 loops=1)
   ->  Limit  (cost=0.35..0.66 rows=10 width=20) (actual time=0.067..0.068 rows=10 loops=1)
         ->  Incremental Sort  (cost=0.35..31.04 rows=1000 width=20) (actual time=0.067..0.067 rows=10 loops=1)
               Sort Key: s_1.a, s_1.b
               Presorted Key: s_1.a
               Sort Method: quicksort  Memory: 27kB
               Sort Groups: 1
               ->  Index Only Scan using s_1_a_e_d_c_b_idx on s_1  (cost=0.28..43.27 rows=1000 width=20) (actual time=0.024..0.027 rows=33 loops=1)
                     Heap Fetches: 0
 Planning time: 0.268 ms
 Execution time: 0.094 ms
(11 rows)

===== 218 [Wed Mar  7 01:57:10 CET 2018] scale:1000 groups:1000 work_mem:8MB incremental:on max_workers:2 =====
SELECT * FROM s_2 ORDER BY a, b, c LIMIT 10
                                                                     QUERY PLAN                                                                     
----------------------------------------------------------------------------------------------------------------------------------------------------
 Limit  (cost=0.76..0.76 rows=1 width=20) (actual time=0.074..0.074 rows=0 loops=1)
   ->  Limit  (cost=0.35..0.66 rows=10 width=20) (actual time=0.071..0.073 rows=10 loops=1)
         ->  Incremental Sort  (cost=0.35..31.04 rows=1000 width=20) (actual time=0.071..0.072 rows=10 loops=1)
               Sort Key: s_2.a, s_2.b, s_2.c
               Presorted Key: s_2.a, s_2.b
               Sort Method: quicksort  Memory: 27kB
               Sort Groups: 1
               ->  Index Only Scan using s_2_a_b_e_d_c_idx on s_2  (cost=0.28..43.27 rows=1000 width=20) (actual time=0.026..0.030 rows=33 loops=1)
                     Heap Fetches: 0
 Planning time: 0.265 ms
 Execution time: 0.104 ms
(11 rows)

===== 219 [Wed Mar  7 01:57:11 CET 2018] scale:1000 groups:1000 work_mem:8MB incremental:on max_workers:2 =====
SELECT * FROM s_3 ORDER BY a, b, c, d LIMIT 10
                                                                     QUERY PLAN                                                                     
----------------------------------------------------------------------------------------------------------------------------------------------------
 Limit  (cost=0.76..0.76 rows=1 width=20) (actual time=0.073..0.073 rows=0 loops=1)
   ->  Limit  (cost=0.35..0.66 rows=10 width=20) (actual time=0.071..0.072 rows=10 loops=1)
         ->  Incremental Sort  (cost=0.35..31.04 rows=1000 width=20) (actual time=0.071..0.071 rows=10 loops=1)
               Sort Key: s_3.a, s_3.b, s_3.c, s_3.d
               Presorted Key: s_3.a, s_3.b, s_3.c
               Sort Method: quicksort  Memory: 27kB
               Sort Groups: 1
               ->  Index Only Scan using s_3_a_b_c_e_d_idx on s_3  (cost=0.28..43.27 rows=1000 width=20) (actual time=0.026..0.029 rows=33 loops=1)
                     Heap Fetches: 0
 Planning time: 0.274 ms
 Execution time: 0.098 ms
(11 rows)

===== 220 [Wed Mar  7 01:57:11 CET 2018] scale:1000 groups:1000 work_mem:8MB incremental:off max_workers:2 =====
SELECT * FROM s_1 ORDER BY a, b LIMIT 10
                                                      QUERY PLAN                                                       
-----------------------------------------------------------------------------------------------------------------------
 Limit  (cost=38.73..38.73 rows=1 width=20) (actual time=0.164..0.164 rows=0 loops=1)
   ->  Limit  (cost=38.61..38.63 rows=10 width=20) (actual time=0.161..0.162 rows=10 loops=1)
         ->  Sort  (cost=38.61..41.11 rows=1000 width=20) (actual time=0.161..0.161 rows=10 loops=1)
               Sort Key: s_1.a, s_1.b
               Sort Method: top-N heapsort  Memory: 25kB
               ->  Seq Scan on s_1  (cost=0.00..17.00 rows=1000 width=20) (actual time=0.004..0.059 rows=1000 loops=1)
 Planning time: 0.262 ms
 Execution time: 0.187 ms
(8 rows)

===== 221 [Wed Mar  7 01:57:11 CET 2018] scale:1000 groups:1000 work_mem:8MB incremental:off max_workers:2 =====
SELECT * FROM s_2 ORDER BY a, b, c LIMIT 10
                                                      QUERY PLAN                                                       
-----------------------------------------------------------------------------------------------------------------------
 Limit  (cost=38.73..38.73 rows=1 width=20) (actual time=0.158..0.158 rows=0 loops=1)
   ->  Limit  (cost=38.61..38.63 rows=10 width=20) (actual time=0.155..0.157 rows=10 loops=1)
         ->  Sort  (cost=38.61..41.11 rows=1000 width=20) (actual time=0.155..0.156 rows=10 loops=1)
               Sort Key: s_2.a, s_2.b, s_2.c
               Sort Method: top-N heapsort  Memory: 25kB
               ->  Seq Scan on s_2  (cost=0.00..17.00 rows=1000 width=20) (actual time=0.007..0.060 rows=1000 loops=1)
 Planning time: 0.262 ms
 Execution time: 0.181 ms
(8 rows)

===== 222 [Wed Mar  7 01:57:11 CET 2018] scale:1000 groups:1000 work_mem:8MB incremental:off max_workers:2 =====
SELECT * FROM s_3 ORDER BY a, b, c, d LIMIT 10
                                                      QUERY PLAN                                                       
-----------------------------------------------------------------------------------------------------------------------
 Limit  (cost=38.73..38.73 rows=1 width=20) (actual time=0.159..0.159 rows=0 loops=1)
   ->  Limit  (cost=38.61..38.63 rows=10 width=20) (actual time=0.157..0.158 rows=10 loops=1)
         ->  Sort  (cost=38.61..41.11 rows=1000 width=20) (actual time=0.157..0.157 rows=10 loops=1)
               Sort Key: s_3.a, s_3.b, s_3.c, s_3.d
               Sort Method: top-N heapsort  Memory: 25kB
               ->  Seq Scan on s_3  (cost=0.00..17.00 rows=1000 width=20) (actual time=0.004..0.056 rows=1000 loops=1)
 Planning time: 0.268 ms
 Execution time: 0.181 ms
(8 rows)

===== 223 [Wed Mar  7 01:57:11 CET 2018] scale:1000 groups:1000 work_mem:16MB incremental:on max_workers:2 =====
SELECT * FROM s_1 ORDER BY a, b LIMIT 10
                                                                     QUERY PLAN                                                                     
----------------------------------------------------------------------------------------------------------------------------------------------------
 Limit  (cost=0.76..0.76 rows=1 width=20) (actual time=0.069..0.069 rows=0 loops=1)
   ->  Limit  (cost=0.35..0.66 rows=10 width=20) (actual time=0.067..0.068 rows=10 loops=1)
         ->  Incremental Sort  (cost=0.35..31.04 rows=1000 width=20) (actual time=0.067..0.067 rows=10 loops=1)
               Sort Key: s_1.a, s_1.b
               Presorted Key: s_1.a
               Sort Method: quicksort  Memory: 27kB
               Sort Groups: 1
               ->  Index Only Scan using s_1_a_e_d_c_b_idx on s_1  (cost=0.28..43.27 rows=1000 width=20) (actual time=0.023..0.027 rows=33 loops=1)
                     Heap Fetches: 0
 Planning time: 0.261 ms
 Execution time: 0.096 ms
(11 rows)

===== 224 [Wed Mar  7 01:57:11 CET 2018] scale:1000 groups:1000 work_mem:16MB incremental:on max_workers:2 =====
SELECT * FROM s_2 ORDER BY a, b, c LIMIT 10
                                                                     QUERY PLAN                                                                     
----------------------------------------------------------------------------------------------------------------------------------------------------
 Limit  (cost=0.76..0.76 rows=1 width=20) (actual time=0.075..0.075 rows=0 loops=1)
   ->  Limit  (cost=0.35..0.66 rows=10 width=20) (actual time=0.073..0.074 rows=10 loops=1)
         ->  Incremental Sort  (cost=0.35..31.04 rows=1000 width=20) (actual time=0.073..0.073 rows=10 loops=1)
               Sort Key: s_2.a, s_2.b, s_2.c
               Presorted Key: s_2.a, s_2.b
               Sort Method: quicksort  Memory: 27kB
               Sort Groups: 1
               ->  Index Only Scan using s_2_a_b_e_d_c_idx on s_2  (cost=0.28..43.27 rows=1000 width=20) (actual time=0.027..0.031 rows=33 loops=1)
                     Heap Fetches: 0
 Planning time: 0.264 ms
 Execution time: 0.102 ms
(11 rows)

===== 225 [Wed Mar  7 01:57:11 CET 2018] scale:1000 groups:1000 work_mem:16MB incremental:on max_workers:2 =====
SELECT * FROM s_3 ORDER BY a, b, c, d LIMIT 10
                                                                     QUERY PLAN                                                                     
----------------------------------------------------------------------------------------------------------------------------------------------------
 Limit  (cost=0.76..0.76 rows=1 width=20) (actual time=0.075..0.075 rows=0 loops=1)
   ->  Limit  (cost=0.35..0.66 rows=10 width=20) (actual time=0.073..0.074 rows=10 loops=1)
         ->  Incremental Sort  (cost=0.35..31.04 rows=1000 width=20) (actual time=0.073..0.073 rows=10 loops=1)
               Sort Key: s_3.a, s_3.b, s_3.c, s_3.d
               Presorted Key: s_3.a, s_3.b, s_3.c
               Sort Method: quicksort  Memory: 27kB
               Sort Groups: 1
               ->  Index Only Scan using s_3_a_b_c_e_d_idx on s_3  (cost=0.28..43.27 rows=1000 width=20) (actual time=0.029..0.033 rows=33 loops=1)
                     Heap Fetches: 0
 Planning time: 0.261 ms
 Execution time: 0.101 ms
(11 rows)

===== 226 [Wed Mar  7 01:57:11 CET 2018] scale:1000 groups:1000 work_mem:16MB incremental:off max_workers:2 =====
SELECT * FROM s_1 ORDER BY a, b LIMIT 10
                                                      QUERY PLAN                                                       
-----------------------------------------------------------------------------------------------------------------------
 Limit  (cost=38.73..38.73 rows=1 width=20) (actual time=0.164..0.164 rows=0 loops=1)
   ->  Limit  (cost=38.61..38.63 rows=10 width=20) (actual time=0.162..0.163 rows=10 loops=1)
         ->  Sort  (cost=38.61..41.11 rows=1000 width=20) (actual time=0.161..0.162 rows=10 loops=1)
               Sort Key: s_1.a, s_1.b
               Sort Method: top-N heapsort  Memory: 25kB
               ->  Seq Scan on s_1  (cost=0.00..17.00 rows=1000 width=20) (actual time=0.004..0.058 rows=1000 loops=1)
 Planning time: 0.257 ms
 Execution time: 0.186 ms
(8 rows)

===== 227 [Wed Mar  7 01:57:11 CET 2018] scale:1000 groups:1000 work_mem:16MB incremental:off max_workers:2 =====
SELECT * FROM s_2 ORDER BY a, b, c LIMIT 10
                                                      QUERY PLAN                                                       
-----------------------------------------------------------------------------------------------------------------------
 Limit  (cost=38.73..38.73 rows=1 width=20) (actual time=0.159..0.159 rows=0 loops=1)
   ->  Limit  (cost=38.61..38.63 rows=10 width=20) (actual time=0.157..0.158 rows=10 loops=1)
         ->  Sort  (cost=38.61..41.11 rows=1000 width=20) (actual time=0.157..0.157 rows=10 loops=1)
               Sort Key: s_2.a, s_2.b, s_2.c
               Sort Method: top-N heapsort  Memory: 25kB
               ->  Seq Scan on s_2  (cost=0.00..17.00 rows=1000 width=20) (actual time=0.007..0.061 rows=1000 loops=1)
 Planning time: 0.264 ms
 Execution time: 0.182 ms
(8 rows)

===== 228 [Wed Mar  7 01:57:11 CET 2018] scale:1000 groups:1000 work_mem:16MB incremental:off max_workers:2 =====
SELECT * FROM s_3 ORDER BY a, b, c, d LIMIT 10
                                                      QUERY PLAN                                                       
-----------------------------------------------------------------------------------------------------------------------
 Limit  (cost=38.73..38.73 rows=1 width=20) (actual time=0.159..0.159 rows=0 loops=1)
   ->  Limit  (cost=38.61..38.63 rows=10 width=20) (actual time=0.157..0.158 rows=10 loops=1)
         ->  Sort  (cost=38.61..41.11 rows=1000 width=20) (actual time=0.156..0.157 rows=10 loops=1)
               Sort Key: s_3.a, s_3.b, s_3.c, s_3.d
               Sort Method: top-N heapsort  Memory: 25kB
               ->  Seq Scan on s_3  (cost=0.00..17.00 rows=1000 width=20) (actual time=0.004..0.056 rows=1000 loops=1)
 Planning time: 0.261 ms
 Execution time: 0.181 ms
(8 rows)

===== 229 [Wed Mar  7 01:57:11 CET 2018] scale:1000 groups:1000 work_mem:32MB incremental:on max_workers:2 =====
SELECT * FROM s_1 ORDER BY a, b LIMIT 10
                                                                     QUERY PLAN                                                                     
----------------------------------------------------------------------------------------------------------------------------------------------------
 Limit  (cost=0.76..0.76 rows=1 width=20) (actual time=0.072..0.072 rows=0 loops=1)
   ->  Limit  (cost=0.35..0.66 rows=10 width=20) (actual time=0.069..0.071 rows=10 loops=1)
         ->  Incremental Sort  (cost=0.35..31.04 rows=1000 width=20) (actual time=0.069..0.070 rows=10 loops=1)
               Sort Key: s_1.a, s_1.b
               Presorted Key: s_1.a
               Sort Method: quicksort  Memory: 27kB
               Sort Groups: 1
               ->  Index Only Scan using s_1_a_e_d_c_b_idx on s_1  (cost=0.28..43.27 rows=1000 width=20) (actual time=0.024..0.027 rows=33 loops=1)
                     Heap Fetches: 0
 Planning time: 0.257 ms
 Execution time: 0.098 ms
(11 rows)

===== 230 [Wed Mar  7 01:57:11 CET 2018] scale:1000 groups:1000 work_mem:32MB incremental:on max_workers:2 =====
SELECT * FROM s_2 ORDER BY a, b, c LIMIT 10
                                                                     QUERY PLAN                                                                     
----------------------------------------------------------------------------------------------------------------------------------------------------
 Limit  (cost=0.76..0.76 rows=1 width=20) (actual time=0.077..0.077 rows=0 loops=1)
   ->  Limit  (cost=0.35..0.66 rows=10 width=20) (actual time=0.075..0.076 rows=10 loops=1)
         ->  Incremental Sort  (cost=0.35..31.04 rows=1000 width=20) (actual time=0.074..0.075 rows=10 loops=1)
               Sort Key: s_2.a, s_2.b, s_2.c
               Presorted Key: s_2.a, s_2.b
               Sort Method: quicksort  Memory: 27kB
               Sort Groups: 1
               ->  Index Only Scan using s_2_a_b_e_d_c_idx on s_2  (cost=0.28..43.27 rows=1000 width=20) (actual time=0.027..0.031 rows=33 loops=1)
                     Heap Fetches: 0
 Planning time: 0.265 ms
 Execution time: 0.102 ms
(11 rows)

===== 231 [Wed Mar  7 01:57:11 CET 2018] scale:1000 groups:1000 work_mem:32MB incremental:on max_workers:2 =====
SELECT * FROM s_3 ORDER BY a, b, c, d LIMIT 10
                                                                     QUERY PLAN                                                                     
----------------------------------------------------------------------------------------------------------------------------------------------------
 Limit  (cost=0.76..0.76 rows=1 width=20) (actual time=0.071..0.071 rows=0 loops=1)
   ->  Limit  (cost=0.35..0.66 rows=10 width=20) (actual time=0.069..0.070 rows=10 loops=1)
         ->  Incremental Sort  (cost=0.35..31.04 rows=1000 width=20) (actual time=0.069..0.069 rows=10 loops=1)
               Sort Key: s_3.a, s_3.b, s_3.c, s_3.d
               Presorted Key: s_3.a, s_3.b, s_3.c
               Sort Method: quicksort  Memory: 27kB
               Sort Groups: 1
               ->  Index Only Scan using s_3_a_b_c_e_d_idx on s_3  (cost=0.28..43.27 rows=1000 width=20) (actual time=0.026..0.029 rows=33 loops=1)
                     Heap Fetches: 0
 Planning time: 0.265 ms
 Execution time: 0.096 ms
(11 rows)

===== 232 [Wed Mar  7 01:57:11 CET 2018] scale:1000 groups:1000 work_mem:32MB incremental:off max_workers:2 =====
SELECT * FROM s_1 ORDER BY a, b LIMIT 10
                                                      QUERY PLAN                                                       
-----------------------------------------------------------------------------------------------------------------------
 Limit  (cost=38.73..38.73 rows=1 width=20) (actual time=0.159..0.159 rows=0 loops=1)
   ->  Limit  (cost=38.61..38.63 rows=10 width=20) (actual time=0.157..0.158 rows=10 loops=1)
         ->  Sort  (cost=38.61..41.11 rows=1000 width=20) (actual time=0.157..0.157 rows=10 loops=1)
               Sort Key: s_1.a, s_1.b
               Sort Method: top-N heapsort  Memory: 25kB
               ->  Seq Scan on s_1  (cost=0.00..17.00 rows=1000 width=20) (actual time=0.008..0.062 rows=1000 loops=1)
 Planning time: 0.260 ms
 Execution time: 0.183 ms
(8 rows)

===== 233 [Wed Mar  7 01:57:12 CET 2018] scale:1000 groups:1000 work_mem:32MB incremental:off max_workers:2 =====
SELECT * FROM s_2 ORDER BY a, b, c LIMIT 10
                                                      QUERY PLAN                                                       
-----------------------------------------------------------------------------------------------------------------------
 Limit  (cost=38.73..38.73 rows=1 width=20) (actual time=0.166..0.166 rows=0 loops=1)
   ->  Limit  (cost=38.61..38.63 rows=10 width=20) (actual time=0.164..0.165 rows=10 loops=1)
         ->  Sort  (cost=38.61..41.11 rows=1000 width=20) (actual time=0.164..0.164 rows=10 loops=1)
               Sort Key: s_2.a, s_2.b, s_2.c
               Sort Method: top-N heapsort  Memory: 25kB
               ->  Seq Scan on s_2  (cost=0.00..17.00 rows=1000 width=20) (actual time=0.007..0.061 rows=1000 loops=1)
 Planning time: 0.263 ms
 Execution time: 0.189 ms
(8 rows)

===== 234 [Wed Mar  7 01:57:12 CET 2018] scale:1000 groups:1000 work_mem:32MB incremental:off max_workers:2 =====
SELECT * FROM s_3 ORDER BY a, b, c, d LIMIT 10
                                                      QUERY PLAN                                                       
-----------------------------------------------------------------------------------------------------------------------
 Limit  (cost=38.73..38.73 rows=1 width=20) (actual time=0.157..0.157 rows=0 loops=1)
   ->  Limit  (cost=38.61..38.63 rows=10 width=20) (actual time=0.155..0.156 rows=10 loops=1)
         ->  Sort  (cost=38.61..41.11 rows=1000 width=20) (actual time=0.154..0.155 rows=10 loops=1)
               Sort Key: s_3.a, s_3.b, s_3.c, s_3.d
               Sort Method: top-N heapsort  Memory: 25kB
               ->  Seq Scan on s_3  (cost=0.00..17.00 rows=1000 width=20) (actual time=0.004..0.055 rows=1000 loops=1)
 Planning time: 0.264 ms
 Execution time: 0.184 ms
(8 rows)

===== 235 [Wed Mar  7 01:57:12 CET 2018] scale:1000 groups:1000 work_mem:64MB incremental:on max_workers:2 =====
SELECT * FROM s_1 ORDER BY a, b LIMIT 10
                                                                     QUERY PLAN                                                                     
----------------------------------------------------------------------------------------------------------------------------------------------------
 Limit  (cost=0.76..0.76 rows=1 width=20) (actual time=0.072..0.072 rows=0 loops=1)
   ->  Limit  (cost=0.35..0.66 rows=10 width=20) (actual time=0.069..0.071 rows=10 loops=1)
         ->  Incremental Sort  (cost=0.35..31.04 rows=1000 width=20) (actual time=0.069..0.069 rows=10 loops=1)
               Sort Key: s_1.a, s_1.b
               Presorted Key: s_1.a
               Sort Method: quicksort  Memory: 27kB
               Sort Groups: 1
               ->  Index Only Scan using s_1_a_e_d_c_b_idx on s_1  (cost=0.28..43.27 rows=1000 width=20) (actual time=0.023..0.027 rows=33 loops=1)
                     Heap Fetches: 0
 Planning time: 0.260 ms
 Execution time: 0.106 ms
(11 rows)

===== 236 [Wed Mar  7 01:57:12 CET 2018] scale:1000 groups:1000 work_mem:64MB incremental:on max_workers:2 =====
SELECT * FROM s_2 ORDER BY a, b, c LIMIT 10
                                                                     QUERY PLAN                                                                     
----------------------------------------------------------------------------------------------------------------------------------------------------
 Limit  (cost=0.76..0.76 rows=1 width=20) (actual time=0.076..0.076 rows=0 loops=1)
   ->  Limit  (cost=0.35..0.66 rows=10 width=20) (actual time=0.073..0.075 rows=10 loops=1)
         ->  Incremental Sort  (cost=0.35..31.04 rows=1000 width=20) (actual time=0.073..0.073 rows=10 loops=1)
               Sort Key: s_2.a, s_2.b, s_2.c
               Presorted Key: s_2.a, s_2.b
               Sort Method: quicksort  Memory: 27kB
               Sort Groups: 1
               ->  Index Only Scan using s_2_a_b_e_d_c_idx on s_2  (cost=0.28..43.27 rows=1000 width=20) (actual time=0.027..0.031 rows=33 loops=1)
                     Heap Fetches: 0
 Planning time: 0.263 ms
 Execution time: 0.101 ms
(11 rows)

===== 237 [Wed Mar  7 01:57:12 CET 2018] scale:1000 groups:1000 work_mem:64MB incremental:on max_workers:2 =====
SELECT * FROM s_3 ORDER BY a, b, c, d LIMIT 10
                                                                     QUERY PLAN                                                                     
----------------------------------------------------------------------------------------------------------------------------------------------------
 Limit  (cost=0.76..0.76 rows=1 width=20) (actual time=0.072..0.072 rows=0 loops=1)
   ->  Limit  (cost=0.35..0.66 rows=10 width=20) (actual time=0.070..0.071 rows=10 loops=1)
         ->  Incremental Sort  (cost=0.35..31.04 rows=1000 width=20) (actual time=0.070..0.070 rows=10 loops=1)
               Sort Key: s_3.a, s_3.b, s_3.c, s_3.d
               Presorted Key: s_3.a, s_3.b, s_3.c
               Sort Method: quicksort  Memory: 27kB
               Sort Groups: 1
               ->  Index Only Scan using s_3_a_b_c_e_d_idx on s_3  (cost=0.28..43.27 rows=1000 width=20) (actual time=0.026..0.029 rows=33 loops=1)
                     Heap Fetches: 0
 Planning time: 0.270 ms
 Execution time: 0.098 ms
(11 rows)

===== 238 [Wed Mar  7 01:57:12 CET 2018] scale:1000 groups:1000 work_mem:64MB incremental:off max_workers:2 =====
SELECT * FROM s_1 ORDER BY a, b LIMIT 10
                                                      QUERY PLAN                                                       
-----------------------------------------------------------------------------------------------------------------------
 Limit  (cost=38.73..38.73 rows=1 width=20) (actual time=0.155..0.155 rows=0 loops=1)
   ->  Limit  (cost=38.61..38.63 rows=10 width=20) (actual time=0.152..0.154 rows=10 loops=1)
         ->  Sort  (cost=38.61..41.11 rows=1000 width=20) (actual time=0.152..0.153 rows=10 loops=1)
               Sort Key: s_1.a, s_1.b
               Sort Method: top-N heapsort  Memory: 25kB
               ->  Seq Scan on s_1  (cost=0.00..17.00 rows=1000 width=20) (actual time=0.004..0.058 rows=1000 loops=1)
 Planning time: 0.253 ms
 Execution time: 0.177 ms
(8 rows)

===== 239 [Wed Mar  7 01:57:12 CET 2018] scale:1000 groups:1000 work_mem:64MB incremental:off max_workers:2 =====
SELECT * FROM s_2 ORDER BY a, b, c LIMIT 10
                                                      QUERY PLAN                                                       
-----------------------------------------------------------------------------------------------------------------------
 Limit  (cost=38.73..38.73 rows=1 width=20) (actual time=0.159..0.159 rows=0 loops=1)
   ->  Limit  (cost=38.61..38.63 rows=10 width=20) (actual time=0.157..0.158 rows=10 loops=1)
         ->  Sort  (cost=38.61..41.11 rows=1000 width=20) (actual time=0.157..0.157 rows=10 loops=1)
               Sort Key: s_2.a, s_2.b, s_2.c
               Sort Method: top-N heapsort  Memory: 25kB
               ->  Seq Scan on s_2  (cost=0.00..17.00 rows=1000 width=20) (actual time=0.007..0.062 rows=1000 loops=1)
 Planning time: 0.268 ms
 Execution time: 0.182 ms
(8 rows)

===== 240 [Wed Mar  7 01:57:12 CET 2018] scale:1000 groups:1000 work_mem:64MB incremental:off max_workers:2 =====
SELECT * FROM s_3 ORDER BY a, b, c, d LIMIT 10
                                                      QUERY PLAN                                                       
-----------------------------------------------------------------------------------------------------------------------
 Limit  (cost=38.73..38.73 rows=1 width=20) (actual time=0.165..0.165 rows=0 loops=1)
   ->  Limit  (cost=38.61..38.63 rows=10 width=20) (actual time=0.163..0.164 rows=10 loops=1)
         ->  Sort  (cost=38.61..41.11 rows=1000 width=20) (actual time=0.163..0.163 rows=10 loops=1)
               Sort Key: s_3.a, s_3.b, s_3.c, s_3.d
               Sort Method: top-N heapsort  Memory: 25kB
               ->  Seq Scan on s_3  (cost=0.00..17.00 rows=1000 width=20) (actual time=0.004..0.065 rows=1000 loops=1)
 Planning time: 0.263 ms
 Execution time: 0.188 ms
(8 rows)

===== 241 [Wed Mar  7 01:57:12 CET 2018] scale:1000 groups:1000 work_mem:128MB incremental:on max_workers:2 =====
SELECT * FROM s_1 ORDER BY a, b LIMIT 10
                                                                     QUERY PLAN                                                                     
----------------------------------------------------------------------------------------------------------------------------------------------------
 Limit  (cost=0.76..0.76 rows=1 width=20) (actual time=0.069..0.069 rows=0 loops=1)
   ->  Limit  (cost=0.35..0.66 rows=10 width=20) (actual time=0.067..0.068 rows=10 loops=1)
         ->  Incremental Sort  (cost=0.35..31.04 rows=1000 width=20) (actual time=0.067..0.067 rows=10 loops=1)
               Sort Key: s_1.a, s_1.b
               Presorted Key: s_1.a
               Sort Method: quicksort  Memory: 27kB
               Sort Groups: 1
               ->  Index Only Scan using s_1_a_e_d_c_b_idx on s_1  (cost=0.28..43.27 rows=1000 width=20) (actual time=0.023..0.027 rows=33 loops=1)
                     Heap Fetches: 0
 Planning time: 0.254 ms
 Execution time: 0.097 ms
(11 rows)

===== 242 [Wed Mar  7 01:57:12 CET 2018] scale:1000 groups:1000 work_mem:128MB incremental:on max_workers:2 =====
SELECT * FROM s_2 ORDER BY a, b, c LIMIT 10
                                                                     QUERY PLAN                                                                     
----------------------------------------------------------------------------------------------------------------------------------------------------
 Limit  (cost=0.76..0.76 rows=1 width=20) (actual time=0.075..0.075 rows=0 loops=1)
   ->  Limit  (cost=0.35..0.66 rows=10 width=20) (actual time=0.072..0.073 rows=10 loops=1)
         ->  Incremental Sort  (cost=0.35..31.04 rows=1000 width=20) (actual time=0.072..0.072 rows=10 loops=1)
               Sort Key: s_2.a, s_2.b, s_2.c
               Presorted Key: s_2.a, s_2.b
               Sort Method: quicksort  Memory: 27kB
               Sort Groups: 1
               ->  Index Only Scan using s_2_a_b_e_d_c_idx on s_2  (cost=0.28..43.27 rows=1000 width=20) (actual time=0.027..0.031 rows=33 loops=1)
                     Heap Fetches: 0
 Planning time: 0.266 ms
 Execution time: 0.101 ms
(11 rows)

===== 243 [Wed Mar  7 01:57:12 CET 2018] scale:1000 groups:1000 work_mem:128MB incremental:on max_workers:2 =====
SELECT * FROM s_3 ORDER BY a, b, c, d LIMIT 10
                                                                     QUERY PLAN                                                                     
----------------------------------------------------------------------------------------------------------------------------------------------------
 Limit  (cost=0.76..0.76 rows=1 width=20) (actual time=0.073..0.073 rows=0 loops=1)
   ->  Limit  (cost=0.35..0.66 rows=10 width=20) (actual time=0.070..0.072 rows=10 loops=1)
         ->  Incremental Sort  (cost=0.35..31.04 rows=1000 width=20) (actual time=0.070..0.071 rows=10 loops=1)
               Sort Key: s_3.a, s_3.b, s_3.c, s_3.d
               Presorted Key: s_3.a, s_3.b, s_3.c
               Sort Method: quicksort  Memory: 27kB
               Sort Groups: 1
               ->  Index Only Scan using s_3_a_b_c_e_d_idx on s_3  (cost=0.28..43.27 rows=1000 width=20) (actual time=0.026..0.029 rows=33 loops=1)
                     Heap Fetches: 0
 Planning time: 0.264 ms
 Execution time: 0.098 ms
(11 rows)

===== 244 [Wed Mar  7 01:57:12 CET 2018] scale:1000 groups:1000 work_mem:128MB incremental:off max_workers:2 =====
SELECT * FROM s_1 ORDER BY a, b LIMIT 10
                                                      QUERY PLAN                                                       
-----------------------------------------------------------------------------------------------------------------------
 Limit  (cost=38.73..38.73 rows=1 width=20) (actual time=0.155..0.155 rows=0 loops=1)
   ->  Limit  (cost=38.61..38.63 rows=10 width=20) (actual time=0.153..0.154 rows=10 loops=1)
         ->  Sort  (cost=38.61..41.11 rows=1000 width=20) (actual time=0.153..0.153 rows=10 loops=1)
               Sort Key: s_1.a, s_1.b
               Sort Method: top-N heapsort  Memory: 25kB
               ->  Seq Scan on s_1  (cost=0.00..17.00 rows=1000 width=20) (actual time=0.004..0.058 rows=1000 loops=1)
 Planning time: 0.264 ms
 Execution time: 0.179 ms
(8 rows)

===== 245 [Wed Mar  7 01:57:12 CET 2018] scale:1000 groups:1000 work_mem:128MB incremental:off max_workers:2 =====
SELECT * FROM s_2 ORDER BY a, b, c LIMIT 10
                                                      QUERY PLAN                                                       
-----------------------------------------------------------------------------------------------------------------------
 Limit  (cost=38.73..38.73 rows=1 width=20) (actual time=0.159..0.159 rows=0 loops=1)
   ->  Limit  (cost=38.61..38.63 rows=10 width=20) (actual time=0.157..0.158 rows=10 loops=1)
         ->  Sort  (cost=38.61..41.11 rows=1000 width=20) (actual time=0.156..0.157 rows=10 loops=1)
               Sort Key: s_2.a, s_2.b, s_2.c
               Sort Method: top-N heapsort  Memory: 25kB
               ->  Seq Scan on s_2  (cost=0.00..17.00 rows=1000 width=20) (actual time=0.007..0.061 rows=1000 loops=1)
 Planning time: 0.268 ms
 Execution time: 0.181 ms
(8 rows)

===== 246 [Wed Mar  7 01:57:13 CET 2018] scale:1000 groups:1000 work_mem:128MB incremental:off max_workers:2 =====
SELECT * FROM s_3 ORDER BY a, b, c, d LIMIT 10
                                                      QUERY PLAN                                                       
-----------------------------------------------------------------------------------------------------------------------
 Limit  (cost=38.73..38.73 rows=1 width=20) (actual time=0.158..0.158 rows=0 loops=1)
   ->  Limit  (cost=38.61..38.63 rows=10 width=20) (actual time=0.155..0.156 rows=10 loops=1)
         ->  Sort  (cost=38.61..41.11 rows=1000 width=20) (actual time=0.155..0.155 rows=10 loops=1)
               Sort Key: s_3.a, s_3.b, s_3.c, s_3.d
               Sort Method: top-N heapsort  Memory: 25kB
               ->  Seq Scan on s_3  (cost=0.00..17.00 rows=1000 width=20) (actual time=0.004..0.056 rows=1000 loops=1)
 Planning time: 0.267 ms
 Execution time: 0.180 ms
(8 rows)

===== 247 [Wed Mar  7 01:57:13 CET 2018] scale:1000 groups:1000 work_mem:256MB incremental:on max_workers:2 =====
SELECT * FROM s_1 ORDER BY a, b LIMIT 10
                                                                     QUERY PLAN                                                                     
----------------------------------------------------------------------------------------------------------------------------------------------------
 Limit  (cost=0.76..0.76 rows=1 width=20) (actual time=0.072..0.072 rows=0 loops=1)
   ->  Limit  (cost=0.35..0.66 rows=10 width=20) (actual time=0.070..0.071 rows=10 loops=1)
         ->  Incremental Sort  (cost=0.35..31.04 rows=1000 width=20) (actual time=0.069..0.070 rows=10 loops=1)
               Sort Key: s_1.a, s_1.b
               Presorted Key: s_1.a
               Sort Method: quicksort  Memory: 27kB
               Sort Groups: 1
               ->  Index Only Scan using s_1_a_e_d_c_b_idx on s_1  (cost=0.28..43.27 rows=1000 width=20) (actual time=0.024..0.027 rows=33 loops=1)
                     Heap Fetches: 0
 Planning time: 0.260 ms
 Execution time: 0.097 ms
(11 rows)

===== 248 [Wed Mar  7 01:57:13 CET 2018] scale:1000 groups:1000 work_mem:256MB incremental:on max_workers:2 =====
SELECT * FROM s_2 ORDER BY a, b, c LIMIT 10
                                                                     QUERY PLAN                                                                     
----------------------------------------------------------------------------------------------------------------------------------------------------
 Limit  (cost=0.76..0.76 rows=1 width=20) (actual time=0.074..0.074 rows=0 loops=1)
   ->  Limit  (cost=0.35..0.66 rows=10 width=20) (actual time=0.072..0.073 rows=10 loops=1)
         ->  Incremental Sort  (cost=0.35..31.04 rows=1000 width=20) (actual time=0.072..0.072 rows=10 loops=1)
               Sort Key: s_2.a, s_2.b, s_2.c
               Presorted Key: s_2.a, s_2.b
               Sort Method: quicksort  Memory: 27kB
               Sort Groups: 1
               ->  Index Only Scan using s_2_a_b_e_d_c_idx on s_2  (cost=0.28..43.27 rows=1000 width=20) (actual time=0.026..0.030 rows=33 loops=1)
                     Heap Fetches: 0
 Planning time: 0.274 ms
 Execution time: 0.099 ms
(11 rows)

===== 249 [Wed Mar  7 01:57:13 CET 2018] scale:1000 groups:1000 work_mem:256MB incremental:on max_workers:2 =====
SELECT * FROM s_3 ORDER BY a, b, c, d LIMIT 10
                                                                     QUERY PLAN                                                                     
----------------------------------------------------------------------------------------------------------------------------------------------------
 Limit  (cost=0.76..0.76 rows=1 width=20) (actual time=0.073..0.073 rows=0 loops=1)
   ->  Limit  (cost=0.35..0.66 rows=10 width=20) (actual time=0.071..0.072 rows=10 loops=1)
         ->  Incremental Sort  (cost=0.35..31.04 rows=1000 width=20) (actual time=0.071..0.071 rows=10 loops=1)
               Sort Key: s_3.a, s_3.b, s_3.c, s_3.d
               Presorted Key: s_3.a, s_3.b, s_3.c
               Sort Method: quicksort  Memory: 27kB
               Sort Groups: 1
               ->  Index Only Scan using s_3_a_b_c_e_d_idx on s_3  (cost=0.28..43.27 rows=1000 width=20) (actual time=0.026..0.029 rows=33 loops=1)
                     Heap Fetches: 0
 Planning time: 0.278 ms
 Execution time: 0.099 ms
(11 rows)

===== 250 [Wed Mar  7 01:57:13 CET 2018] scale:1000 groups:1000 work_mem:256MB incremental:off max_workers:2 =====
SELECT * FROM s_1 ORDER BY a, b LIMIT 10
                                                      QUERY PLAN                                                       
-----------------------------------------------------------------------------------------------------------------------
 Limit  (cost=38.73..38.73 rows=1 width=20) (actual time=0.156..0.156 rows=0 loops=1)
   ->  Limit  (cost=38.61..38.63 rows=10 width=20) (actual time=0.154..0.155 rows=10 loops=1)
         ->  Sort  (cost=38.61..41.11 rows=1000 width=20) (actual time=0.153..0.154 rows=10 loops=1)
               Sort Key: s_1.a, s_1.b
               Sort Method: top-N heapsort  Memory: 25kB
               ->  Seq Scan on s_1  (cost=0.00..17.00 rows=1000 width=20) (actual time=0.004..0.058 rows=1000 loops=1)
 Planning time: 0.258 ms
 Execution time: 0.179 ms
(8 rows)

===== 251 [Wed Mar  7 01:57:13 CET 2018] scale:1000 groups:1000 work_mem:256MB incremental:off max_workers:2 =====
SELECT * FROM s_2 ORDER BY a, b, c LIMIT 10
                                                      QUERY PLAN                                                       
-----------------------------------------------------------------------------------------------------------------------
 Limit  (cost=38.73..38.73 rows=1 width=20) (actual time=0.162..0.162 rows=0 loops=1)
   ->  Limit  (cost=38.61..38.63 rows=10 width=20) (actual time=0.159..0.160 rows=10 loops=1)
         ->  Sort  (cost=38.61..41.11 rows=1000 width=20) (actual time=0.159..0.159 rows=10 loops=1)
               Sort Key: s_2.a, s_2.b, s_2.c
               Sort Method: top-N heapsort  Memory: 25kB
               ->  Seq Scan on s_2  (cost=0.00..17.00 rows=1000 width=20) (actual time=0.007..0.061 rows=1000 loops=1)
 Planning time: 0.263 ms
 Execution time: 0.184 ms
(8 rows)

===== 252 [Wed Mar  7 01:57:13 CET 2018] scale:1000 groups:1000 work_mem:256MB incremental:off max_workers:2 =====
SELECT * FROM s_3 ORDER BY a, b, c, d LIMIT 10
                                                      QUERY PLAN                                                       
-----------------------------------------------------------------------------------------------------------------------
 Limit  (cost=38.73..38.73 rows=1 width=20) (actual time=0.156..0.156 rows=0 loops=1)
   ->  Limit  (cost=38.61..38.63 rows=10 width=20) (actual time=0.154..0.155 rows=10 loops=1)
         ->  Sort  (cost=38.61..41.11 rows=1000 width=20) (actual time=0.154..0.154 rows=10 loops=1)
               Sort Key: s_3.a, s_3.b, s_3.c, s_3.d
               Sort Method: top-N heapsort  Memory: 25kB
               ->  Seq Scan on s_3  (cost=0.00..17.00 rows=1000 width=20) (actual time=0.004..0.055 rows=1000 loops=1)
 Planning time: 0.254 ms
 Execution time: 0.180 ms
(8 rows)

===== 253 [Wed Mar  7 01:57:14 CET 2018] scale:1000 groups:10000 work_mem:4MB incremental:on max_workers:0 =====
SELECT * FROM s_1 ORDER BY a, b LIMIT 10
                                                                     QUERY PLAN                                                                     
----------------------------------------------------------------------------------------------------------------------------------------------------
 Limit  (cost=0.80..0.80 rows=1 width=20) (actual time=0.083..0.083 rows=0 loops=1)
   ->  Limit  (cost=0.33..0.70 rows=10 width=20) (actual time=0.081..0.082 rows=10 loops=1)
         ->  Incremental Sort  (cost=0.33..37.38 rows=1000 width=20) (actual time=0.081..0.081 rows=10 loops=1)
               Sort Key: s_1.a, s_1.b
               Presorted Key: s_1.a
               Sort Method: quicksort  Memory: 27kB
               Sort Groups: 1
               ->  Index Only Scan using s_1_a_e_d_c_b_idx on s_1  (cost=0.28..43.27 rows=1000 width=20) (actual time=0.037..0.041 rows=33 loops=1)
                     Heap Fetches: 0
 Planning time: 0.276 ms
 Execution time: 0.109 ms
(11 rows)

===== 254 [Wed Mar  7 01:57:14 CET 2018] scale:1000 groups:10000 work_mem:4MB incremental:on max_workers:0 =====
SELECT * FROM s_2 ORDER BY a, b, c LIMIT 10
                                                                     QUERY PLAN                                                                     
----------------------------------------------------------------------------------------------------------------------------------------------------
 Limit  (cost=0.80..0.80 rows=1 width=20) (actual time=0.087..0.087 rows=0 loops=1)
   ->  Limit  (cost=0.33..0.70 rows=10 width=20) (actual time=0.085..0.086 rows=10 loops=1)
         ->  Incremental Sort  (cost=0.33..37.38 rows=1000 width=20) (actual time=0.085..0.085 rows=10 loops=1)
               Sort Key: s_2.a, s_2.b, s_2.c
               Presorted Key: s_2.a, s_2.b
               Sort Method: quicksort  Memory: 27kB
               Sort Groups: 1
               ->  Index Only Scan using s_2_a_b_e_d_c_idx on s_2  (cost=0.28..43.27 rows=1000 width=20) (actual time=0.036..0.040 rows=33 loops=1)
                     Heap Fetches: 0
 Planning time: 0.271 ms
 Execution time: 0.113 ms
(11 rows)

===== 255 [Wed Mar  7 01:57:14 CET 2018] scale:1000 groups:10000 work_mem:4MB incremental:on max_workers:0 =====
SELECT * FROM s_3 ORDER BY a, b, c, d LIMIT 10
                                                                     QUERY PLAN                                                                     
----------------------------------------------------------------------------------------------------------------------------------------------------
 Limit  (cost=0.80..0.80 rows=1 width=20) (actual time=0.080..0.080 rows=0 loops=1)
   ->  Limit  (cost=0.33..0.70 rows=10 width=20) (actual time=0.078..0.079 rows=10 loops=1)
         ->  Incremental Sort  (cost=0.33..37.38 rows=1000 width=20) (actual time=0.077..0.078 rows=10 loops=1)
               Sort Key: s_3.a, s_3.b, s_3.c, s_3.d
               Presorted Key: s_3.a, s_3.b, s_3.c
               Sort Method: quicksort  Memory: 27kB
               Sort Groups: 1
               ->  Index Only Scan using s_3_a_b_c_e_d_idx on s_3  (cost=0.28..43.27 rows=1000 width=20) (actual time=0.033..0.037 rows=33 loops=1)
                     Heap Fetches: 0
 Planning time: 0.270 ms
 Execution time: 0.105 ms
(11 rows)

===== 256 [Wed Mar  7 01:57:14 CET 2018] scale:1000 groups:10000 work_mem:4MB incremental:off max_workers:0 =====
SELECT * FROM s_1 ORDER BY a, b LIMIT 10
                                                      QUERY PLAN                                                       
-----------------------------------------------------------------------------------------------------------------------
 Limit  (cost=38.73..38.73 rows=1 width=20) (actual time=0.159..0.159 rows=0 loops=1)
   ->  Limit  (cost=38.61..38.63 rows=10 width=20) (actual time=0.157..0.158 rows=10 loops=1)
         ->  Sort  (cost=38.61..41.11 rows=1000 width=20) (actual time=0.156..0.157 rows=10 loops=1)
               Sort Key: s_1.a, s_1.b
               Sort Method: top-N heapsort  Memory: 25kB
               ->  Seq Scan on s_1  (cost=0.00..17.00 rows=1000 width=20) (actual time=0.004..0.062 rows=1000 loops=1)
 Planning time: 0.267 ms
 Execution time: 0.185 ms
(8 rows)

===== 257 [Wed Mar  7 01:57:14 CET 2018] scale:1000 groups:10000 work_mem:4MB incremental:off max_workers:0 =====
SELECT * FROM s_2 ORDER BY a, b, c LIMIT 10
                                                      QUERY PLAN                                                       
-----------------------------------------------------------------------------------------------------------------------
 Limit  (cost=38.73..38.73 rows=1 width=20) (actual time=0.160..0.160 rows=0 loops=1)
   ->  Limit  (cost=38.61..38.63 rows=10 width=20) (actual time=0.158..0.159 rows=10 loops=1)
         ->  Sort  (cost=38.61..41.11 rows=1000 width=20) (actual time=0.157..0.158 rows=10 loops=1)
               Sort Key: s_2.a, s_2.b, s_2.c
               Sort Method: top-N heapsort  Memory: 25kB
               ->  Seq Scan on s_2  (cost=0.00..17.00 rows=1000 width=20) (actual time=0.007..0.062 rows=1000 loops=1)
 Planning time: 0.274 ms
 Execution time: 0.183 ms
(8 rows)

===== 258 [Wed Mar  7 01:57:14 CET 2018] scale:1000 groups:10000 work_mem:4MB incremental:off max_workers:0 =====
SELECT * FROM s_3 ORDER BY a, b, c, d LIMIT 10
                                                      QUERY PLAN                                                       
-----------------------------------------------------------------------------------------------------------------------
 Limit  (cost=38.73..38.73 rows=1 width=20) (actual time=0.160..0.160 rows=0 loops=1)
   ->  Limit  (cost=38.61..38.63 rows=10 width=20) (actual time=0.158..0.159 rows=10 loops=1)
         ->  Sort  (cost=38.61..41.11 rows=1000 width=20) (actual time=0.158..0.158 rows=10 loops=1)
               Sort Key: s_3.a, s_3.b, s_3.c, s_3.d
               Sort Method: top-N heapsort  Memory: 25kB
               ->  Seq Scan on s_3  (cost=0.00..17.00 rows=1000 width=20) (actual time=0.004..0.058 rows=1000 loops=1)
 Planning time: 0.273 ms
 Execution time: 0.183 ms
(8 rows)

===== 259 [Wed Mar  7 01:57:14 CET 2018] scale:1000 groups:10000 work_mem:8MB incremental:on max_workers:0 =====
SELECT * FROM s_1 ORDER BY a, b LIMIT 10
                                                                     QUERY PLAN                                                                     
----------------------------------------------------------------------------------------------------------------------------------------------------
 Limit  (cost=0.80..0.80 rows=1 width=20) (actual time=0.070..0.070 rows=0 loops=1)
   ->  Limit  (cost=0.33..0.70 rows=10 width=20) (actual time=0.068..0.069 rows=10 loops=1)
         ->  Incremental Sort  (cost=0.33..37.38 rows=1000 width=20) (actual time=0.068..0.068 rows=10 loops=1)
               Sort Key: s_1.a, s_1.b
               Presorted Key: s_1.a
               Sort Method: quicksort  Memory: 27kB
               Sort Groups: 1
               ->  Index Only Scan using s_1_a_e_d_c_b_idx on s_1  (cost=0.28..43.27 rows=1000 width=20) (actual time=0.023..0.027 rows=33 loops=1)
                     Heap Fetches: 0
 Planning time: 0.265 ms
 Execution time: 0.096 ms
(11 rows)

===== 260 [Wed Mar  7 01:57:14 CET 2018] scale:1000 groups:10000 work_mem:8MB incremental:on max_workers:0 =====
SELECT * FROM s_2 ORDER BY a, b, c LIMIT 10
                                                                     QUERY PLAN                                                                     
----------------------------------------------------------------------------------------------------------------------------------------------------
 Limit  (cost=0.80..0.80 rows=1 width=20) (actual time=0.075..0.075 rows=0 loops=1)
   ->  Limit  (cost=0.33..0.70 rows=10 width=20) (actual time=0.073..0.074 rows=10 loops=1)
         ->  Incremental Sort  (cost=0.33..37.38 rows=1000 width=20) (actual time=0.072..0.073 rows=10 loops=1)
               Sort Key: s_2.a, s_2.b, s_2.c
               Presorted Key: s_2.a, s_2.b
               Sort Method: quicksort  Memory: 27kB
               Sort Groups: 1
               ->  Index Only Scan using s_2_a_b_e_d_c_idx on s_2  (cost=0.28..43.27 rows=1000 width=20) (actual time=0.024..0.028 rows=33 loops=1)
                     Heap Fetches: 0
 Planning time: 0.269 ms
 Execution time: 0.102 ms
(11 rows)

===== 261 [Wed Mar  7 01:57:14 CET 2018] scale:1000 groups:10000 work_mem:8MB incremental:on max_workers:0 =====
SELECT * FROM s_3 ORDER BY a, b, c, d LIMIT 10
                                                                     QUERY PLAN                                                                     
----------------------------------------------------------------------------------------------------------------------------------------------------
 Limit  (cost=0.80..0.80 rows=1 width=20) (actual time=0.066..0.066 rows=0 loops=1)
   ->  Limit  (cost=0.33..0.70 rows=10 width=20) (actual time=0.064..0.065 rows=10 loops=1)
         ->  Incremental Sort  (cost=0.33..37.38 rows=1000 width=20) (actual time=0.064..0.064 rows=10 loops=1)
               Sort Key: s_3.a, s_3.b, s_3.c, s_3.d
               Presorted Key: s_3.a, s_3.b, s_3.c
               Sort Method: quicksort  Memory: 27kB
               Sort Groups: 1
               ->  Index Only Scan using s_3_a_b_c_e_d_idx on s_3  (cost=0.28..43.27 rows=1000 width=20) (actual time=0.020..0.024 rows=33 loops=1)
                     Heap Fetches: 0
 Planning time: 0.274 ms
 Execution time: 0.092 ms
(11 rows)

===== 262 [Wed Mar  7 01:57:14 CET 2018] scale:1000 groups:10000 work_mem:8MB incremental:off max_workers:0 =====
SELECT * FROM s_1 ORDER BY a, b LIMIT 10
                                                      QUERY PLAN                                                       
-----------------------------------------------------------------------------------------------------------------------
 Limit  (cost=38.73..38.73 rows=1 width=20) (actual time=0.160..0.160 rows=0 loops=1)
   ->  Limit  (cost=38.61..38.63 rows=10 width=20) (actual time=0.158..0.159 rows=10 loops=1)
         ->  Sort  (cost=38.61..41.11 rows=1000 width=20) (actual time=0.158..0.158 rows=10 loops=1)
               Sort Key: s_1.a, s_1.b
               Sort Method: top-N heapsort  Memory: 25kB
               ->  Seq Scan on s_1  (cost=0.00..17.00 rows=1000 width=20) (actual time=0.004..0.061 rows=1000 loops=1)
 Planning time: 0.261 ms
 Execution time: 0.183 ms
(8 rows)

===== 263 [Wed Mar  7 01:57:14 CET 2018] scale:1000 groups:10000 work_mem:8MB incremental:off max_workers:0 =====
SELECT * FROM s_2 ORDER BY a, b, c LIMIT 10
                                                      QUERY PLAN                                                       
-----------------------------------------------------------------------------------------------------------------------
 Limit  (cost=38.73..38.73 rows=1 width=20) (actual time=0.157..0.157 rows=0 loops=1)
   ->  Limit  (cost=38.61..38.63 rows=10 width=20) (actual time=0.154..0.155 rows=10 loops=1)
         ->  Sort  (cost=38.61..41.11 rows=1000 width=20) (actual time=0.154..0.154 rows=10 loops=1)
               Sort Key: s_2.a, s_2.b, s_2.c
               Sort Method: top-N heapsort  Memory: 25kB
               ->  Seq Scan on s_2  (cost=0.00..17.00 rows=1000 width=20) (actual time=0.007..0.061 rows=1000 loops=1)
 Planning time: 0.266 ms
 Execution time: 0.179 ms
(8 rows)

===== 264 [Wed Mar  7 01:57:15 CET 2018] scale:1000 groups:10000 work_mem:8MB incremental:off max_workers:0 =====
SELECT * FROM s_3 ORDER BY a, b, c, d LIMIT 10
                                                      QUERY PLAN                                                       
-----------------------------------------------------------------------------------------------------------------------
 Limit  (cost=38.73..38.73 rows=1 width=20) (actual time=0.160..0.160 rows=0 loops=1)
   ->  Limit  (cost=38.61..38.63 rows=10 width=20) (actual time=0.158..0.159 rows=10 loops=1)
         ->  Sort  (cost=38.61..41.11 rows=1000 width=20) (actual time=0.158..0.158 rows=10 loops=1)
               Sort Key: s_3.a, s_3.b, s_3.c, s_3.d
               Sort Method: top-N heapsort  Memory: 25kB
               ->  Seq Scan on s_3  (cost=0.00..17.00 rows=1000 width=20) (actual time=0.004..0.058 rows=1000 loops=1)
 Planning time: 0.262 ms
 Execution time: 0.185 ms
(8 rows)

===== 265 [Wed Mar  7 01:57:15 CET 2018] scale:1000 groups:10000 work_mem:16MB incremental:on max_workers:0 =====
SELECT * FROM s_1 ORDER BY a, b LIMIT 10
                                                                     QUERY PLAN                                                                     
----------------------------------------------------------------------------------------------------------------------------------------------------
 Limit  (cost=0.80..0.80 rows=1 width=20) (actual time=0.070..0.070 rows=0 loops=1)
   ->  Limit  (cost=0.33..0.70 rows=10 width=20) (actual time=0.068..0.069 rows=10 loops=1)
         ->  Incremental Sort  (cost=0.33..37.38 rows=1000 width=20) (actual time=0.067..0.068 rows=10 loops=1)
               Sort Key: s_1.a, s_1.b
               Presorted Key: s_1.a
               Sort Method: quicksort  Memory: 27kB
               Sort Groups: 1
               ->  Index Only Scan using s_1_a_e_d_c_b_idx on s_1  (cost=0.28..43.27 rows=1000 width=20) (actual time=0.024..0.027 rows=33 loops=1)
                     Heap Fetches: 0
 Planning time: 0.272 ms
 Execution time: 0.102 ms
(11 rows)

===== 266 [Wed Mar  7 01:57:15 CET 2018] scale:1000 groups:10000 work_mem:16MB incremental:on max_workers:0 =====
SELECT * FROM s_2 ORDER BY a, b, c LIMIT 10
                                                                     QUERY PLAN                                                                     
----------------------------------------------------------------------------------------------------------------------------------------------------
 Limit  (cost=0.80..0.80 rows=1 width=20) (actual time=0.076..0.076 rows=0 loops=1)
   ->  Limit  (cost=0.33..0.70 rows=10 width=20) (actual time=0.074..0.075 rows=10 loops=1)
         ->  Incremental Sort  (cost=0.33..37.38 rows=1000 width=20) (actual time=0.074..0.074 rows=10 loops=1)
               Sort Key: s_2.a, s_2.b, s_2.c
               Presorted Key: s_2.a, s_2.b
               Sort Method: quicksort  Memory: 27kB
               Sort Groups: 1
               ->  Index Only Scan using s_2_a_b_e_d_c_idx on s_2  (cost=0.28..43.27 rows=1000 width=20) (actual time=0.024..0.028 rows=33 loops=1)
                     Heap Fetches: 0
 Planning time: 0.271 ms
 Execution time: 0.102 ms
(11 rows)

===== 267 [Wed Mar  7 01:57:15 CET 2018] scale:1000 groups:10000 work_mem:16MB incremental:on max_workers:0 =====
SELECT * FROM s_3 ORDER BY a, b, c, d LIMIT 10
                                                                     QUERY PLAN                                                                     
----------------------------------------------------------------------------------------------------------------------------------------------------
 Limit  (cost=0.80..0.80 rows=1 width=20) (actual time=0.066..0.066 rows=0 loops=1)
   ->  Limit  (cost=0.33..0.70 rows=10 width=20) (actual time=0.064..0.065 rows=10 loops=1)
         ->  Incremental Sort  (cost=0.33..37.38 rows=1000 width=20) (actual time=0.064..0.064 rows=10 loops=1)
               Sort Key: s_3.a, s_3.b, s_3.c, s_3.d
               Presorted Key: s_3.a, s_3.b, s_3.c
               Sort Method: quicksort  Memory: 27kB
               Sort Groups: 1
               ->  Index Only Scan using s_3_a_b_c_e_d_idx on s_3  (cost=0.28..43.27 rows=1000 width=20) (actual time=0.020..0.024 rows=33 loops=1)
                     Heap Fetches: 0
 Planning time: 0.271 ms
 Execution time: 0.091 ms
(11 rows)

===== 268 [Wed Mar  7 01:57:15 CET 2018] scale:1000 groups:10000 work_mem:16MB incremental:off max_workers:0 =====
SELECT * FROM s_1 ORDER BY a, b LIMIT 10
                                                      QUERY PLAN                                                       
-----------------------------------------------------------------------------------------------------------------------
 Limit  (cost=38.73..38.73 rows=1 width=20) (actual time=0.158..0.158 rows=0 loops=1)
   ->  Limit  (cost=38.61..38.63 rows=10 width=20) (actual time=0.156..0.157 rows=10 loops=1)
         ->  Sort  (cost=38.61..41.11 rows=1000 width=20) (actual time=0.155..0.156 rows=10 loops=1)
               Sort Key: s_1.a, s_1.b
               Sort Method: top-N heapsort  Memory: 25kB
               ->  Seq Scan on s_1  (cost=0.00..17.00 rows=1000 width=20) (actual time=0.004..0.062 rows=1000 loops=1)
 Planning time: 0.276 ms
 Execution time: 0.181 ms
(8 rows)

===== 269 [Wed Mar  7 01:57:15 CET 2018] scale:1000 groups:10000 work_mem:16MB incremental:off max_workers:0 =====
SELECT * FROM s_2 ORDER BY a, b, c LIMIT 10
                                                      QUERY PLAN                                                       
-----------------------------------------------------------------------------------------------------------------------
 Limit  (cost=38.73..38.73 rows=1 width=20) (actual time=0.163..0.163 rows=0 loops=1)
   ->  Limit  (cost=38.61..38.63 rows=10 width=20) (actual time=0.160..0.162 rows=10 loops=1)
         ->  Sort  (cost=38.61..41.11 rows=1000 width=20) (actual time=0.160..0.161 rows=10 loops=1)
               Sort Key: s_2.a, s_2.b, s_2.c
               Sort Method: top-N heapsort  Memory: 25kB
               ->  Seq Scan on s_2  (cost=0.00..17.00 rows=1000 width=20) (actual time=0.007..0.061 rows=1000 loops=1)
 Planning time: 0.269 ms
 Execution time: 0.185 ms
(8 rows)

===== 270 [Wed Mar  7 01:57:15 CET 2018] scale:1000 groups:10000 work_mem:16MB incremental:off max_workers:0 =====
SELECT * FROM s_3 ORDER BY a, b, c, d LIMIT 10
                                                      QUERY PLAN                                                       
-----------------------------------------------------------------------------------------------------------------------
 Limit  (cost=38.73..38.73 rows=1 width=20) (actual time=0.158..0.158 rows=0 loops=1)
   ->  Limit  (cost=38.61..38.63 rows=10 width=20) (actual time=0.156..0.157 rows=10 loops=1)
         ->  Sort  (cost=38.61..41.11 rows=1000 width=20) (actual time=0.156..0.156 rows=10 loops=1)
               Sort Key: s_3.a, s_3.b, s_3.c, s_3.d
               Sort Method: top-N heapsort  Memory: 25kB
               ->  Seq Scan on s_3  (cost=0.00..17.00 rows=1000 width=20) (actual time=0.004..0.058 rows=1000 loops=1)
 Planning time: 0.263 ms
 Execution time: 0.181 ms
(8 rows)

===== 271 [Wed Mar  7 01:57:15 CET 2018] scale:1000 groups:10000 work_mem:32MB incremental:on max_workers:0 =====
SELECT * FROM s_1 ORDER BY a, b LIMIT 10
                                                                     QUERY PLAN                                                                     
----------------------------------------------------------------------------------------------------------------------------------------------------
 Limit  (cost=0.80..0.80 rows=1 width=20) (actual time=0.076..0.076 rows=0 loops=1)
   ->  Limit  (cost=0.33..0.70 rows=10 width=20) (actual time=0.074..0.075 rows=10 loops=1)
         ->  Incremental Sort  (cost=0.33..37.38 rows=1000 width=20) (actual time=0.074..0.074 rows=10 loops=1)
               Sort Key: s_1.a, s_1.b
               Presorted Key: s_1.a
               Sort Method: quicksort  Memory: 27kB
               Sort Groups: 1
               ->  Index Only Scan using s_1_a_e_d_c_b_idx on s_1  (cost=0.28..43.27 rows=1000 width=20) (actual time=0.031..0.034 rows=33 loops=1)
                     Heap Fetches: 0
 Planning time: 0.271 ms
 Execution time: 0.102 ms
(11 rows)

===== 272 [Wed Mar  7 01:57:15 CET 2018] scale:1000 groups:10000 work_mem:32MB incremental:on max_workers:0 =====
SELECT * FROM s_2 ORDER BY a, b, c LIMIT 10
                                                                     QUERY PLAN                                                                     
----------------------------------------------------------------------------------------------------------------------------------------------------
 Limit  (cost=0.80..0.80 rows=1 width=20) (actual time=0.076..0.076 rows=0 loops=1)
   ->  Limit  (cost=0.33..0.70 rows=10 width=20) (actual time=0.074..0.075 rows=10 loops=1)
         ->  Incremental Sort  (cost=0.33..37.38 rows=1000 width=20) (actual time=0.074..0.074 rows=10 loops=1)
               Sort Key: s_2.a, s_2.b, s_2.c
               Presorted Key: s_2.a, s_2.b
               Sort Method: quicksort  Memory: 27kB
               Sort Groups: 1
               ->  Index Only Scan using s_2_a_b_e_d_c_idx on s_2  (cost=0.28..43.27 rows=1000 width=20) (actual time=0.025..0.028 rows=33 loops=1)
                     Heap Fetches: 0
 Planning time: 0.271 ms
 Execution time: 0.108 ms
(11 rows)

===== 273 [Wed Mar  7 01:57:15 CET 2018] scale:1000 groups:10000 work_mem:32MB incremental:on max_workers:0 =====
SELECT * FROM s_3 ORDER BY a, b, c, d LIMIT 10
                                                                     QUERY PLAN                                                                     
----------------------------------------------------------------------------------------------------------------------------------------------------
 Limit  (cost=0.80..0.80 rows=1 width=20) (actual time=0.065..0.065 rows=0 loops=1)
   ->  Limit  (cost=0.33..0.70 rows=10 width=20) (actual time=0.063..0.064 rows=10 loops=1)
         ->  Incremental Sort  (cost=0.33..37.38 rows=1000 width=20) (actual time=0.063..0.063 rows=10 loops=1)
               Sort Key: s_3.a, s_3.b, s_3.c, s_3.d
               Presorted Key: s_3.a, s_3.b, s_3.c
               Sort Method: quicksort  Memory: 27kB
               Sort Groups: 1
               ->  Index Only Scan using s_3_a_b_c_e_d_idx on s_3  (cost=0.28..43.27 rows=1000 width=20) (actual time=0.020..0.024 rows=33 loops=1)
                     Heap Fetches: 0
 Planning time: 0.273 ms
 Execution time: 0.090 ms
(11 rows)

===== 274 [Wed Mar  7 01:57:15 CET 2018] scale:1000 groups:10000 work_mem:32MB incremental:off max_workers:0 =====
SELECT * FROM s_1 ORDER BY a, b LIMIT 10
                                                      QUERY PLAN                                                       
-----------------------------------------------------------------------------------------------------------------------
 Limit  (cost=38.73..38.73 rows=1 width=20) (actual time=0.158..0.158 rows=0 loops=1)
   ->  Limit  (cost=38.61..38.63 rows=10 width=20) (actual time=0.156..0.157 rows=10 loops=1)
         ->  Sort  (cost=38.61..41.11 rows=1000 width=20) (actual time=0.156..0.156 rows=10 loops=1)
               Sort Key: s_1.a, s_1.b
               Sort Method: top-N heapsort  Memory: 25kB
               ->  Seq Scan on s_1  (cost=0.00..17.00 rows=1000 width=20) (actual time=0.004..0.062 rows=1000 loops=1)
 Planning time: 0.263 ms
 Execution time: 0.183 ms
(8 rows)

===== 275 [Wed Mar  7 01:57:15 CET 2018] scale:1000 groups:10000 work_mem:32MB incremental:off max_workers:0 =====
SELECT * FROM s_2 ORDER BY a, b, c LIMIT 10
                                                      QUERY PLAN                                                       
-----------------------------------------------------------------------------------------------------------------------
 Limit  (cost=38.73..38.73 rows=1 width=20) (actual time=0.158..0.158 rows=0 loops=1)
   ->  Limit  (cost=38.61..38.63 rows=10 width=20) (actual time=0.156..0.157 rows=10 loops=1)
         ->  Sort  (cost=38.61..41.11 rows=1000 width=20) (actual time=0.156..0.156 rows=10 loops=1)
               Sort Key: s_2.a, s_2.b, s_2.c
               Sort Method: top-N heapsort  Memory: 25kB
               ->  Seq Scan on s_2  (cost=0.00..17.00 rows=1000 width=20) (actual time=0.007..0.061 rows=1000 loops=1)
 Planning time: 0.269 ms
 Execution time: 0.182 ms
(8 rows)

===== 276 [Wed Mar  7 01:57:15 CET 2018] scale:1000 groups:10000 work_mem:32MB incremental:off max_workers:0 =====
SELECT * FROM s_3 ORDER BY a, b, c, d LIMIT 10
                                                      QUERY PLAN                                                       
-----------------------------------------------------------------------------------------------------------------------
 Limit  (cost=38.73..38.73 rows=1 width=20) (actual time=0.161..0.161 rows=0 loops=1)
   ->  Limit  (cost=38.61..38.63 rows=10 width=20) (actual time=0.159..0.160 rows=10 loops=1)
         ->  Sort  (cost=38.61..41.11 rows=1000 width=20) (actual time=0.159..0.159 rows=10 loops=1)
               Sort Key: s_3.a, s_3.b, s_3.c, s_3.d
               Sort Method: top-N heapsort  Memory: 25kB
               ->  Seq Scan on s_3  (cost=0.00..17.00 rows=1000 width=20) (actual time=0.004..0.058 rows=1000 loops=1)
 Planning time: 0.271 ms
 Execution time: 0.184 ms
(8 rows)

===== 277 [Wed Mar  7 01:57:16 CET 2018] scale:1000 groups:10000 work_mem:64MB incremental:on max_workers:0 =====
SELECT * FROM s_1 ORDER BY a, b LIMIT 10
                                                                     QUERY PLAN                                                                     
----------------------------------------------------------------------------------------------------------------------------------------------------
 Limit  (cost=0.80..0.80 rows=1 width=20) (actual time=0.069..0.069 rows=0 loops=1)
   ->  Limit  (cost=0.33..0.70 rows=10 width=20) (actual time=0.067..0.068 rows=10 loops=1)
         ->  Incremental Sort  (cost=0.33..37.38 rows=1000 width=20) (actual time=0.067..0.067 rows=10 loops=1)
               Sort Key: s_1.a, s_1.b
               Presorted Key: s_1.a
               Sort Method: quicksort  Memory: 27kB
               Sort Groups: 1
               ->  Index Only Scan using s_1_a_e_d_c_b_idx on s_1  (cost=0.28..43.27 rows=1000 width=20) (actual time=0.024..0.028 rows=33 loops=1)
                     Heap Fetches: 0
 Planning time: 0.270 ms
 Execution time: 0.095 ms
(11 rows)

===== 278 [Wed Mar  7 01:57:16 CET 2018] scale:1000 groups:10000 work_mem:64MB incremental:on max_workers:0 =====
SELECT * FROM s_2 ORDER BY a, b, c LIMIT 10
                                                                     QUERY PLAN                                                                     
----------------------------------------------------------------------------------------------------------------------------------------------------
 Limit  (cost=0.80..0.80 rows=1 width=20) (actual time=0.074..0.074 rows=0 loops=1)
   ->  Limit  (cost=0.33..0.70 rows=10 width=20) (actual time=0.071..0.073 rows=10 loops=1)
         ->  Incremental Sort  (cost=0.33..37.38 rows=1000 width=20) (actual time=0.071..0.072 rows=10 loops=1)
               Sort Key: s_2.a, s_2.b, s_2.c
               Presorted Key: s_2.a, s_2.b
               Sort Method: quicksort  Memory: 27kB
               Sort Groups: 1
               ->  Index Only Scan using s_2_a_b_e_d_c_idx on s_2  (cost=0.28..43.27 rows=1000 width=20) (actual time=0.024..0.028 rows=33 loops=1)
                     Heap Fetches: 0
 Planning time: 0.269 ms
 Execution time: 0.099 ms
(11 rows)

===== 279 [Wed Mar  7 01:57:16 CET 2018] scale:1000 groups:10000 work_mem:64MB incremental:on max_workers:0 =====
SELECT * FROM s_3 ORDER BY a, b, c, d LIMIT 10
                                                                     QUERY PLAN                                                                     
----------------------------------------------------------------------------------------------------------------------------------------------------
 Limit  (cost=0.80..0.80 rows=1 width=20) (actual time=0.067..0.067 rows=0 loops=1)
   ->  Limit  (cost=0.33..0.70 rows=10 width=20) (actual time=0.064..0.066 rows=10 loops=1)
         ->  Incremental Sort  (cost=0.33..37.38 rows=1000 width=20) (actual time=0.064..0.065 rows=10 loops=1)
               Sort Key: s_3.a, s_3.b, s_3.c, s_3.d
               Presorted Key: s_3.a, s_3.b, s_3.c
               Sort Method: quicksort  Memory: 27kB
               Sort Groups: 1
               ->  Index Only Scan using s_3_a_b_c_e_d_idx on s_3  (cost=0.28..43.27 rows=1000 width=20) (actual time=0.020..0.024 rows=33 loops=1)
                     Heap Fetches: 0
 Planning time: 0.273 ms
 Execution time: 0.094 ms
(11 rows)

===== 280 [Wed Mar  7 01:57:16 CET 2018] scale:1000 groups:10000 work_mem:64MB incremental:off max_workers:0 =====
SELECT * FROM s_1 ORDER BY a, b LIMIT 10
                                                      QUERY PLAN                                                       
-----------------------------------------------------------------------------------------------------------------------
 Limit  (cost=38.73..38.73 rows=1 width=20) (actual time=0.158..0.158 rows=0 loops=1)
   ->  Limit  (cost=38.61..38.63 rows=10 width=20) (actual time=0.156..0.157 rows=10 loops=1)
         ->  Sort  (cost=38.61..41.11 rows=1000 width=20) (actual time=0.156..0.156 rows=10 loops=1)
               Sort Key: s_1.a, s_1.b
               Sort Method: top-N heapsort  Memory: 25kB
               ->  Seq Scan on s_1  (cost=0.00..17.00 rows=1000 width=20) (actual time=0.004..0.061 rows=1000 loops=1)
 Planning time: 0.268 ms
 Execution time: 0.181 ms
(8 rows)

===== 281 [Wed Mar  7 01:57:16 CET 2018] scale:1000 groups:10000 work_mem:64MB incremental:off max_workers:0 =====
SELECT * FROM s_2 ORDER BY a, b, c LIMIT 10
                                                      QUERY PLAN                                                       
-----------------------------------------------------------------------------------------------------------------------
 Limit  (cost=38.73..38.73 rows=1 width=20) (actual time=0.164..0.164 rows=0 loops=1)
   ->  Limit  (cost=38.61..38.63 rows=10 width=20) (actual time=0.162..0.163 rows=10 loops=1)
         ->  Sort  (cost=38.61..41.11 rows=1000 width=20) (actual time=0.161..0.162 rows=10 loops=1)
               Sort Key: s_2.a, s_2.b, s_2.c
               Sort Method: top-N heapsort  Memory: 25kB
               ->  Seq Scan on s_2  (cost=0.00..17.00 rows=1000 width=20) (actual time=0.007..0.062 rows=1000 loops=1)
 Planning time: 0.274 ms
 Execution time: 0.187 ms
(8 rows)

===== 282 [Wed Mar  7 01:57:16 CET 2018] scale:1000 groups:10000 work_mem:64MB incremental:off max_workers:0 =====
SELECT * FROM s_3 ORDER BY a, b, c, d LIMIT 10
                                                      QUERY PLAN                                                       
-----------------------------------------------------------------------------------------------------------------------
 Limit  (cost=38.73..38.73 rows=1 width=20) (actual time=0.160..0.160 rows=0 loops=1)
   ->  Limit  (cost=38.61..38.63 rows=10 width=20) (actual time=0.158..0.159 rows=10 loops=1)
         ->  Sort  (cost=38.61..41.11 rows=1000 width=20) (actual time=0.157..0.158 rows=10 loops=1)
               Sort Key: s_3.a, s_3.b, s_3.c, s_3.d
               Sort Method: top-N heapsort  Memory: 25kB
               ->  Seq Scan on s_3  (cost=0.00..17.00 rows=1000 width=20) (actual time=0.004..0.058 rows=1000 loops=1)
 Planning time: 0.266 ms
 Execution time: 0.182 ms
(8 rows)

===== 283 [Wed Mar  7 01:57:16 CET 2018] scale:1000 groups:10000 work_mem:128MB incremental:on max_workers:0 =====
SELECT * FROM s_1 ORDER BY a, b LIMIT 10
                                                                     QUERY PLAN                                                                     
----------------------------------------------------------------------------------------------------------------------------------------------------
 Limit  (cost=0.80..0.80 rows=1 width=20) (actual time=0.071..0.071 rows=0 loops=1)
   ->  Limit  (cost=0.33..0.70 rows=10 width=20) (actual time=0.069..0.070 rows=10 loops=1)
         ->  Incremental Sort  (cost=0.33..37.38 rows=1000 width=20) (actual time=0.069..0.069 rows=10 loops=1)
               Sort Key: s_1.a, s_1.b
               Presorted Key: s_1.a
               Sort Method: quicksort  Memory: 27kB
               Sort Groups: 1
               ->  Index Only Scan using s_1_a_e_d_c_b_idx on s_1  (cost=0.28..43.27 rows=1000 width=20) (actual time=0.023..0.027 rows=33 loops=1)
                     Heap Fetches: 0
 Planning time: 0.270 ms
 Execution time: 0.098 ms
(11 rows)

===== 284 [Wed Mar  7 01:57:16 CET 2018] scale:1000 groups:10000 work_mem:128MB incremental:on max_workers:0 =====
SELECT * FROM s_2 ORDER BY a, b, c LIMIT 10
                                                                     QUERY PLAN                                                                     
----------------------------------------------------------------------------------------------------------------------------------------------------
 Limit  (cost=0.80..0.80 rows=1 width=20) (actual time=0.076..0.076 rows=0 loops=1)
   ->  Limit  (cost=0.33..0.70 rows=10 width=20) (actual time=0.074..0.075 rows=10 loops=1)
         ->  Incremental Sort  (cost=0.33..37.38 rows=1000 width=20) (actual time=0.074..0.074 rows=10 loops=1)
               Sort Key: s_2.a, s_2.b, s_2.c
               Presorted Key: s_2.a, s_2.b
               Sort Method: quicksort  Memory: 27kB
               Sort Groups: 1
               ->  Index Only Scan using s_2_a_b_e_d_c_idx on s_2  (cost=0.28..43.27 rows=1000 width=20) (actual time=0.024..0.028 rows=33 loops=1)
                     Heap Fetches: 0
 Planning time: 0.276 ms
 Execution time: 0.102 ms
(11 rows)

===== 285 [Wed Mar  7 01:57:16 CET 2018] scale:1000 groups:10000 work_mem:128MB incremental:on max_workers:0 =====
SELECT * FROM s_3 ORDER BY a, b, c, d LIMIT 10
                                                                     QUERY PLAN                                                                     
----------------------------------------------------------------------------------------------------------------------------------------------------
 Limit  (cost=0.80..0.80 rows=1 width=20) (actual time=0.071..0.071 rows=0 loops=1)
   ->  Limit  (cost=0.33..0.70 rows=10 width=20) (actual time=0.069..0.070 rows=10 loops=1)
         ->  Incremental Sort  (cost=0.33..37.38 rows=1000 width=20) (actual time=0.069..0.069 rows=10 loops=1)
               Sort Key: s_3.a, s_3.b, s_3.c, s_3.d
               Presorted Key: s_3.a, s_3.b, s_3.c
               Sort Method: quicksort  Memory: 27kB
               Sort Groups: 1
               ->  Index Only Scan using s_3_a_b_c_e_d_idx on s_3  (cost=0.28..43.27 rows=1000 width=20) (actual time=0.020..0.024 rows=33 loops=1)
                     Heap Fetches: 0
 Planning time: 0.272 ms
 Execution time: 0.096 ms
(11 rows)

===== 286 [Wed Mar  7 01:57:16 CET 2018] scale:1000 groups:10000 work_mem:128MB incremental:off max_workers:0 =====
SELECT * FROM s_1 ORDER BY a, b LIMIT 10
                                                      QUERY PLAN                                                       
-----------------------------------------------------------------------------------------------------------------------
 Limit  (cost=38.73..38.73 rows=1 width=20) (actual time=0.159..0.159 rows=0 loops=1)
   ->  Limit  (cost=38.61..38.63 rows=10 width=20) (actual time=0.157..0.158 rows=10 loops=1)
         ->  Sort  (cost=38.61..41.11 rows=1000 width=20) (actual time=0.156..0.157 rows=10 loops=1)
               Sort Key: s_1.a, s_1.b
               Sort Method: top-N heapsort  Memory: 25kB
               ->  Seq Scan on s_1  (cost=0.00..17.00 rows=1000 width=20) (actual time=0.004..0.061 rows=1000 loops=1)
 Planning time: 0.264 ms
 Execution time: 0.183 ms
(8 rows)

===== 287 [Wed Mar  7 01:57:16 CET 2018] scale:1000 groups:10000 work_mem:128MB incremental:off max_workers:0 =====
SELECT * FROM s_2 ORDER BY a, b, c LIMIT 10
                                                      QUERY PLAN                                                       
-----------------------------------------------------------------------------------------------------------------------
 Limit  (cost=38.73..38.73 rows=1 width=20) (actual time=0.166..0.166 rows=0 loops=1)
   ->  Limit  (cost=38.61..38.63 rows=10 width=20) (actual time=0.163..0.164 rows=10 loops=1)
         ->  Sort  (cost=38.61..41.11 rows=1000 width=20) (actual time=0.163..0.163 rows=10 loops=1)
               Sort Key: s_2.a, s_2.b, s_2.c
               Sort Method: top-N heapsort  Memory: 25kB
               ->  Seq Scan on s_2  (cost=0.00..17.00 rows=1000 width=20) (actual time=0.007..0.062 rows=1000 loops=1)
 Planning time: 0.269 ms
 Execution time: 0.188 ms
(8 rows)

===== 288 [Wed Mar  7 01:57:16 CET 2018] scale:1000 groups:10000 work_mem:128MB incremental:off max_workers:0 =====
SELECT * FROM s_3 ORDER BY a, b, c, d LIMIT 10
                                                      QUERY PLAN                                                       
-----------------------------------------------------------------------------------------------------------------------
 Limit  (cost=38.73..38.73 rows=1 width=20) (actual time=0.160..0.160 rows=0 loops=1)
   ->  Limit  (cost=38.61..38.63 rows=10 width=20) (actual time=0.158..0.159 rows=10 loops=1)
         ->  Sort  (cost=38.61..41.11 rows=1000 width=20) (actual time=0.158..0.158 rows=10 loops=1)
               Sort Key: s_3.a, s_3.b, s_3.c, s_3.d
               Sort Method: top-N heapsort  Memory: 25kB
               ->  Seq Scan on s_3  (cost=0.00..17.00 rows=1000 width=20) (actual time=0.004..0.058 rows=1000 loops=1)
 Planning time: 0.260 ms
 Execution time: 0.182 ms
(8 rows)

===== 289 [Wed Mar  7 01:57:16 CET 2018] scale:1000 groups:10000 work_mem:256MB incremental:on max_workers:0 =====
SELECT * FROM s_1 ORDER BY a, b LIMIT 10
                                                                     QUERY PLAN                                                                     
----------------------------------------------------------------------------------------------------------------------------------------------------
 Limit  (cost=0.80..0.80 rows=1 width=20) (actual time=0.069..0.069 rows=0 loops=1)
   ->  Limit  (cost=0.33..0.70 rows=10 width=20) (actual time=0.067..0.068 rows=10 loops=1)
         ->  Incremental Sort  (cost=0.33..37.38 rows=1000 width=20) (actual time=0.066..0.067 rows=10 loops=1)
               Sort Key: s_1.a, s_1.b
               Presorted Key: s_1.a
               Sort Method: quicksort  Memory: 27kB
               Sort Groups: 1
               ->  Index Only Scan using s_1_a_e_d_c_b_idx on s_1  (cost=0.28..43.27 rows=1000 width=20) (actual time=0.024..0.027 rows=33 loops=1)
                     Heap Fetches: 0
 Planning time: 0.269 ms
 Execution time: 0.095 ms
(11 rows)

===== 290 [Wed Mar  7 01:57:16 CET 2018] scale:1000 groups:10000 work_mem:256MB incremental:on max_workers:0 =====
SELECT * FROM s_2 ORDER BY a, b, c LIMIT 10
                                                                     QUERY PLAN                                                                     
----------------------------------------------------------------------------------------------------------------------------------------------------
 Limit  (cost=0.80..0.80 rows=1 width=20) (actual time=0.076..0.076 rows=0 loops=1)
   ->  Limit  (cost=0.33..0.70 rows=10 width=20) (actual time=0.074..0.075 rows=10 loops=1)
         ->  Incremental Sort  (cost=0.33..37.38 rows=1000 width=20) (actual time=0.074..0.074 rows=10 loops=1)
               Sort Key: s_2.a, s_2.b, s_2.c
               Presorted Key: s_2.a, s_2.b
               Sort Method: quicksort  Memory: 27kB
               Sort Groups: 1
               ->  Index Only Scan using s_2_a_b_e_d_c_idx on s_2  (cost=0.28..43.27 rows=1000 width=20) (actual time=0.025..0.028 rows=33 loops=1)
                     Heap Fetches: 0
 Planning time: 0.268 ms
 Execution time: 0.102 ms
(11 rows)

===== 291 [Wed Mar  7 01:57:17 CET 2018] scale:1000 groups:10000 work_mem:256MB incremental:on max_workers:0 =====
SELECT * FROM s_3 ORDER BY a, b, c, d LIMIT 10
                                                                     QUERY PLAN                                                                     
----------------------------------------------------------------------------------------------------------------------------------------------------
 Limit  (cost=0.80..0.80 rows=1 width=20) (actual time=0.066..0.066 rows=0 loops=1)
   ->  Limit  (cost=0.33..0.70 rows=10 width=20) (actual time=0.064..0.065 rows=10 loops=1)
         ->  Incremental Sort  (cost=0.33..37.38 rows=1000 width=20) (actual time=0.064..0.064 rows=10 loops=1)
               Sort Key: s_3.a, s_3.b, s_3.c, s_3.d
               Presorted Key: s_3.a, s_3.b, s_3.c
               Sort Method: quicksort  Memory: 27kB
               Sort Groups: 1
               ->  Index Only Scan using s_3_a_b_c_e_d_idx on s_3  (cost=0.28..43.27 rows=1000 width=20) (actual time=0.021..0.024 rows=33 loops=1)
                     Heap Fetches: 0
 Planning time: 0.266 ms
 Execution time: 0.092 ms
(11 rows)

===== 292 [Wed Mar  7 01:57:17 CET 2018] scale:1000 groups:10000 work_mem:256MB incremental:off max_workers:0 =====
SELECT * FROM s_1 ORDER BY a, b LIMIT 10
                                                      QUERY PLAN                                                       
-----------------------------------------------------------------------------------------------------------------------
 Limit  (cost=38.73..38.73 rows=1 width=20) (actual time=0.161..0.161 rows=0 loops=1)
   ->  Limit  (cost=38.61..38.63 rows=10 width=20) (actual time=0.158..0.160 rows=10 loops=1)
         ->  Sort  (cost=38.61..41.11 rows=1000 width=20) (actual time=0.158..0.159 rows=10 loops=1)
               Sort Key: s_1.a, s_1.b
               Sort Method: top-N heapsort  Memory: 25kB
               ->  Seq Scan on s_1  (cost=0.00..17.00 rows=1000 width=20) (actual time=0.004..0.062 rows=1000 loops=1)
 Planning time: 0.263 ms
 Execution time: 0.183 ms
(8 rows)

===== 293 [Wed Mar  7 01:57:17 CET 2018] scale:1000 groups:10000 work_mem:256MB incremental:off max_workers:0 =====
SELECT * FROM s_2 ORDER BY a, b, c LIMIT 10
                                                      QUERY PLAN                                                       
-----------------------------------------------------------------------------------------------------------------------
 Limit  (cost=38.73..38.73 rows=1 width=20) (actual time=0.158..0.158 rows=0 loops=1)
   ->  Limit  (cost=38.61..38.63 rows=10 width=20) (actual time=0.156..0.157 rows=10 loops=1)
         ->  Sort  (cost=38.61..41.11 rows=1000 width=20) (actual time=0.156..0.156 rows=10 loops=1)
               Sort Key: s_2.a, s_2.b, s_2.c
               Sort Method: top-N heapsort  Memory: 25kB
               ->  Seq Scan on s_2  (cost=0.00..17.00 rows=1000 width=20) (actual time=0.007..0.061 rows=1000 loops=1)
 Planning time: 0.267 ms
 Execution time: 0.181 ms
(8 rows)

===== 294 [Wed Mar  7 01:57:17 CET 2018] scale:1000 groups:10000 work_mem:256MB incremental:off max_workers:0 =====
SELECT * FROM s_3 ORDER BY a, b, c, d LIMIT 10
                                                      QUERY PLAN                                                       
-----------------------------------------------------------------------------------------------------------------------
 Limit  (cost=38.73..38.73 rows=1 width=20) (actual time=0.160..0.160 rows=0 loops=1)
   ->  Limit  (cost=38.61..38.63 rows=10 width=20) (actual time=0.158..0.159 rows=10 loops=1)
         ->  Sort  (cost=38.61..41.11 rows=1000 width=20) (actual time=0.157..0.158 rows=10 loops=1)
               Sort Key: s_3.a, s_3.b, s_3.c, s_3.d
               Sort Method: top-N heapsort  Memory: 25kB
               ->  Seq Scan on s_3  (cost=0.00..17.00 rows=1000 width=20) (actual time=0.004..0.058 rows=1000 loops=1)
 Planning time: 0.261 ms
 Execution time: 0.182 ms
(8 rows)

===== 295 [Wed Mar  7 01:57:17 CET 2018] scale:1000 groups:10000 work_mem:4MB incremental:on max_workers:2 =====
SELECT * FROM s_1 ORDER BY a, b LIMIT 10
                                                                     QUERY PLAN                                                                     
----------------------------------------------------------------------------------------------------------------------------------------------------
 Limit  (cost=0.80..0.80 rows=1 width=20) (actual time=0.072..0.072 rows=0 loops=1)
   ->  Limit  (cost=0.33..0.70 rows=10 width=20) (actual time=0.070..0.071 rows=10 loops=1)
         ->  Incremental Sort  (cost=0.33..37.38 rows=1000 width=20) (actual time=0.070..0.070 rows=10 loops=1)
               Sort Key: s_1.a, s_1.b
               Presorted Key: s_1.a
               Sort Method: quicksort  Memory: 27kB
               Sort Groups: 1
               ->  Index Only Scan using s_1_a_e_d_c_b_idx on s_1  (cost=0.28..43.27 rows=1000 width=20) (actual time=0.024..0.027 rows=33 loops=1)
                     Heap Fetches: 0
 Planning time: 0.275 ms
 Execution time: 0.105 ms
(11 rows)

===== 296 [Wed Mar  7 01:57:17 CET 2018] scale:1000 groups:10000 work_mem:4MB incremental:on max_workers:2 =====
SELECT * FROM s_2 ORDER BY a, b, c LIMIT 10
                                                                     QUERY PLAN                                                                     
----------------------------------------------------------------------------------------------------------------------------------------------------
 Limit  (cost=0.80..0.80 rows=1 width=20) (actual time=0.074..0.074 rows=0 loops=1)
   ->  Limit  (cost=0.33..0.70 rows=10 width=20) (actual time=0.072..0.073 rows=10 loops=1)
         ->  Incremental Sort  (cost=0.33..37.38 rows=1000 width=20) (actual time=0.072..0.072 rows=10 loops=1)
               Sort Key: s_2.a, s_2.b, s_2.c
               Presorted Key: s_2.a, s_2.b
               Sort Method: quicksort  Memory: 27kB
               Sort Groups: 1
               ->  Index Only Scan using s_2_a_b_e_d_c_idx on s_2  (cost=0.28..43.27 rows=1000 width=20) (actual time=0.024..0.028 rows=33 loops=1)
                     Heap Fetches: 0
 Planning time: 0.276 ms
 Execution time: 0.106 ms
(11 rows)

===== 297 [Wed Mar  7 01:57:17 CET 2018] scale:1000 groups:10000 work_mem:4MB incremental:on max_workers:2 =====
SELECT * FROM s_3 ORDER BY a, b, c, d LIMIT 10
                                                                     QUERY PLAN                                                                     
----------------------------------------------------------------------------------------------------------------------------------------------------
 Limit  (cost=0.80..0.80 rows=1 width=20) (actual time=0.067..0.067 rows=0 loops=1)
   ->  Limit  (cost=0.33..0.70 rows=10 width=20) (actual time=0.065..0.066 rows=10 loops=1)
         ->  Incremental Sort  (cost=0.33..37.38 rows=1000 width=20) (actual time=0.065..0.065 rows=10 loops=1)
               Sort Key: s_3.a, s_3.b, s_3.c, s_3.d
               Presorted Key: s_3.a, s_3.b, s_3.c
               Sort Method: quicksort  Memory: 27kB
               Sort Groups: 1
               ->  Index Only Scan using s_3_a_b_c_e_d_idx on s_3  (cost=0.28..43.27 rows=1000 width=20) (actual time=0.020..0.024 rows=33 loops=1)
                     Heap Fetches: 0
 Planning time: 0.276 ms
 Execution time: 0.093 ms
(11 rows)

===== 298 [Wed Mar  7 01:57:17 CET 2018] scale:1000 groups:10000 work_mem:4MB incremental:off max_workers:2 =====
SELECT * FROM s_1 ORDER BY a, b LIMIT 10
                                                      QUERY PLAN                                                       
-----------------------------------------------------------------------------------------------------------------------
 Limit  (cost=38.73..38.73 rows=1 width=20) (actual time=0.158..0.158 rows=0 loops=1)
   ->  Limit  (cost=38.61..38.63 rows=10 width=20) (actual time=0.156..0.157 rows=10 loops=1)
         ->  Sort  (cost=38.61..41.11 rows=1000 width=20) (actual time=0.155..0.156 rows=10 loops=1)
               Sort Key: s_1.a, s_1.b
               Sort Method: top-N heapsort  Memory: 25kB
               ->  Seq Scan on s_1  (cost=0.00..17.00 rows=1000 width=20) (actual time=0.004..0.062 rows=1000 loops=1)
 Planning time: 0.277 ms
 Execution time: 0.181 ms
(8 rows)

===== 299 [Wed Mar  7 01:57:17 CET 2018] scale:1000 groups:10000 work_mem:4MB incremental:off max_workers:2 =====
SELECT * FROM s_2 ORDER BY a, b, c LIMIT 10
                                                      QUERY PLAN                                                       
-----------------------------------------------------------------------------------------------------------------------
 Limit  (cost=38.73..38.73 rows=1 width=20) (actual time=0.160..0.160 rows=0 loops=1)
   ->  Limit  (cost=38.61..38.63 rows=10 width=20) (actual time=0.158..0.159 rows=10 loops=1)
         ->  Sort  (cost=38.61..41.11 rows=1000 width=20) (actual time=0.157..0.158 rows=10 loops=1)
               Sort Key: s_2.a, s_2.b, s_2.c
               Sort Method: top-N heapsort  Memory: 25kB
               ->  Seq Scan on s_2  (cost=0.00..17.00 rows=1000 width=20) (actual time=0.007..0.061 rows=1000 loops=1)
 Planning time: 0.263 ms
 Execution time: 0.182 ms
(8 rows)

===== 300 [Wed Mar  7 01:57:17 CET 2018] scale:1000 groups:10000 work_mem:4MB incremental:off max_workers:2 =====
SELECT * FROM s_3 ORDER BY a, b, c, d LIMIT 10
                                                      QUERY PLAN                                                       
-----------------------------------------------------------------------------------------------------------------------
 Limit  (cost=38.73..38.73 rows=1 width=20) (actual time=0.160..0.160 rows=0 loops=1)
   ->  Limit  (cost=38.61..38.63 rows=10 width=20) (actual time=0.158..0.159 rows=10 loops=1)
         ->  Sort  (cost=38.61..41.11 rows=1000 width=20) (actual time=0.157..0.158 rows=10 loops=1)
               Sort Key: s_3.a, s_3.b, s_3.c, s_3.d
               Sort Method: top-N heapsort  Memory: 25kB
               ->  Seq Scan on s_3  (cost=0.00..17.00 rows=1000 width=20) (actual time=0.004..0.058 rows=1000 loops=1)
 Planning time: 0.267 ms
 Execution time: 0.182 ms
(8 rows)

===== 301 [Wed Mar  7 01:57:17 CET 2018] scale:1000 groups:10000 work_mem:8MB incremental:on max_workers:2 =====
SELECT * FROM s_1 ORDER BY a, b LIMIT 10
                                                                     QUERY PLAN                                                                     
----------------------------------------------------------------------------------------------------------------------------------------------------
 Limit  (cost=0.80..0.80 rows=1 width=20) (actual time=0.071..0.071 rows=0 loops=1)
   ->  Limit  (cost=0.33..0.70 rows=10 width=20) (actual time=0.069..0.070 rows=10 loops=1)
         ->  Incremental Sort  (cost=0.33..37.38 rows=1000 width=20) (actual time=0.069..0.069 rows=10 loops=1)
               Sort Key: s_1.a, s_1.b
               Presorted Key: s_1.a
               Sort Method: quicksort  Memory: 27kB
               Sort Groups: 1
               ->  Index Only Scan using s_1_a_e_d_c_b_idx on s_1  (cost=0.28..43.27 rows=1000 width=20) (actual time=0.024..0.028 rows=33 loops=1)
                     Heap Fetches: 0
 Planning time: 0.267 ms
 Execution time: 0.097 ms
(11 rows)

===== 302 [Wed Mar  7 01:57:17 CET 2018] scale:1000 groups:10000 work_mem:8MB incremental:on max_workers:2 =====
SELECT * FROM s_2 ORDER BY a, b, c LIMIT 10
                                                                     QUERY PLAN                                                                     
----------------------------------------------------------------------------------------------------------------------------------------------------
 Limit  (cost=0.80..0.80 rows=1 width=20) (actual time=0.073..0.073 rows=0 loops=1)
   ->  Limit  (cost=0.33..0.70 rows=10 width=20) (actual time=0.071..0.072 rows=10 loops=1)
         ->  Incremental Sort  (cost=0.33..37.38 rows=1000 width=20) (actual time=0.071..0.071 rows=10 loops=1)
               Sort Key: s_2.a, s_2.b, s_2.c
               Presorted Key: s_2.a, s_2.b
               Sort Method: quicksort  Memory: 27kB
               Sort Groups: 1
               ->  Index Only Scan using s_2_a_b_e_d_c_idx on s_2  (cost=0.28..43.27 rows=1000 width=20) (actual time=0.024..0.028 rows=33 loops=1)
                     Heap Fetches: 0
 Planning time: 0.272 ms
 Execution time: 0.098 ms
(11 rows)

===== 303 [Wed Mar  7 01:57:17 CET 2018] scale:1000 groups:10000 work_mem:8MB incremental:on max_workers:2 =====
SELECT * FROM s_3 ORDER BY a, b, c, d LIMIT 10
                                                                     QUERY PLAN                                                                     
----------------------------------------------------------------------------------------------------------------------------------------------------
 Limit  (cost=0.80..0.80 rows=1 width=20) (actual time=0.066..0.066 rows=0 loops=1)
   ->  Limit  (cost=0.33..0.70 rows=10 width=20) (actual time=0.064..0.065 rows=10 loops=1)
         ->  Incremental Sort  (cost=0.33..37.38 rows=1000 width=20) (actual time=0.064..0.064 rows=10 loops=1)
               Sort Key: s_3.a, s_3.b, s_3.c, s_3.d
               Presorted Key: s_3.a, s_3.b, s_3.c
               Sort Method: quicksort  Memory: 27kB
               Sort Groups: 1
               ->  Index Only Scan using s_3_a_b_c_e_d_idx on s_3  (cost=0.28..43.27 rows=1000 width=20) (actual time=0.020..0.024 rows=33 loops=1)
                     Heap Fetches: 0
 Planning time: 0.275 ms
 Execution time: 0.091 ms
(11 rows)

===== 304 [Wed Mar  7 01:57:18 CET 2018] scale:1000 groups:10000 work_mem:8MB incremental:off max_workers:2 =====
SELECT * FROM s_1 ORDER BY a, b LIMIT 10
                                                      QUERY PLAN                                                       
-----------------------------------------------------------------------------------------------------------------------
 Limit  (cost=38.73..38.73 rows=1 width=20) (actual time=0.164..0.164 rows=0 loops=1)
   ->  Limit  (cost=38.61..38.63 rows=10 width=20) (actual time=0.162..0.163 rows=10 loops=1)
         ->  Sort  (cost=38.61..41.11 rows=1000 width=20) (actual time=0.162..0.162 rows=10 loops=1)
               Sort Key: s_1.a, s_1.b
               Sort Method: top-N heapsort  Memory: 25kB
               ->  Seq Scan on s_1  (cost=0.00..17.00 rows=1000 width=20) (actual time=0.004..0.062 rows=1000 loops=1)
 Planning time: 0.270 ms
 Execution time: 0.188 ms
(8 rows)

===== 305 [Wed Mar  7 01:57:18 CET 2018] scale:1000 groups:10000 work_mem:8MB incremental:off max_workers:2 =====
SELECT * FROM s_2 ORDER BY a, b, c LIMIT 10
                                                      QUERY PLAN                                                       
-----------------------------------------------------------------------------------------------------------------------
 Limit  (cost=38.73..38.73 rows=1 width=20) (actual time=0.155..0.155 rows=0 loops=1)
   ->  Limit  (cost=38.61..38.63 rows=10 width=20) (actual time=0.153..0.154 rows=10 loops=1)
         ->  Sort  (cost=38.61..41.11 rows=1000 width=20) (actual time=0.153..0.153 rows=10 loops=1)
               Sort Key: s_2.a, s_2.b, s_2.c
               Sort Method: top-N heapsort  Memory: 25kB
               ->  Seq Scan on s_2  (cost=0.00..17.00 rows=1000 width=20) (actual time=0.007..0.061 rows=1000 loops=1)
 Planning time: 0.278 ms
 Execution time: 0.179 ms
(8 rows)

===== 306 [Wed Mar  7 01:57:18 CET 2018] scale:1000 groups:10000 work_mem:8MB incremental:off max_workers:2 =====
SELECT * FROM s_3 ORDER BY a, b, c, d LIMIT 10
                                                      QUERY PLAN                                                       
-----------------------------------------------------------------------------------------------------------------------
 Limit  (cost=38.73..38.73 rows=1 width=20) (actual time=0.161..0.161 rows=0 loops=1)
   ->  Limit  (cost=38.61..38.63 rows=10 width=20) (actual time=0.159..0.160 rows=10 loops=1)
         ->  Sort  (cost=38.61..41.11 rows=1000 width=20) (actual time=0.159..0.159 rows=10 loops=1)
               Sort Key: s_3.a, s_3.b, s_3.c, s_3.d
               Sort Method: top-N heapsort  Memory: 25kB
               ->  Seq Scan on s_3  (cost=0.00..17.00 rows=1000 width=20) (actual time=0.004..0.059 rows=1000 loops=1)
 Planning time: 0.267 ms
 Execution time: 0.184 ms
(8 rows)

===== 307 [Wed Mar  7 01:57:18 CET 2018] scale:1000 groups:10000 work_mem:16MB incremental:on max_workers:2 =====
SELECT * FROM s_1 ORDER BY a, b LIMIT 10
                                                                     QUERY PLAN                                                                     
----------------------------------------------------------------------------------------------------------------------------------------------------
 Limit  (cost=0.80..0.80 rows=1 width=20) (actual time=0.069..0.069 rows=0 loops=1)
   ->  Limit  (cost=0.33..0.70 rows=10 width=20) (actual time=0.067..0.068 rows=10 loops=1)
         ->  Incremental Sort  (cost=0.33..37.38 rows=1000 width=20) (actual time=0.067..0.067 rows=10 loops=1)
               Sort Key: s_1.a, s_1.b
               Presorted Key: s_1.a
               Sort Method: quicksort  Memory: 27kB
               Sort Groups: 1
               ->  Index Only Scan using s_1_a_e_d_c_b_idx on s_1  (cost=0.28..43.27 rows=1000 width=20) (actual time=0.024..0.027 rows=33 loops=1)
                     Heap Fetches: 0
 Planning time: 0.272 ms
 Execution time: 0.096 ms
(11 rows)

===== 308 [Wed Mar  7 01:57:18 CET 2018] scale:1000 groups:10000 work_mem:16MB incremental:on max_workers:2 =====
SELECT * FROM s_2 ORDER BY a, b, c LIMIT 10
                                                                     QUERY PLAN                                                                     
----------------------------------------------------------------------------------------------------------------------------------------------------
 Limit  (cost=0.80..0.80 rows=1 width=20) (actual time=0.076..0.076 rows=0 loops=1)
   ->  Limit  (cost=0.33..0.70 rows=10 width=20) (actual time=0.073..0.075 rows=10 loops=1)
         ->  Incremental Sort  (cost=0.33..37.38 rows=1000 width=20) (actual time=0.073..0.074 rows=10 loops=1)
               Sort Key: s_2.a, s_2.b, s_2.c
               Presorted Key: s_2.a, s_2.b
               Sort Method: quicksort  Memory: 27kB
               Sort Groups: 1
               ->  Index Only Scan using s_2_a_b_e_d_c_idx on s_2  (cost=0.28..43.27 rows=1000 width=20) (actual time=0.024..0.028 rows=33 loops=1)
                     Heap Fetches: 0
 Planning time: 0.275 ms
 Execution time: 0.101 ms
(11 rows)

===== 309 [Wed Mar  7 01:57:18 CET 2018] scale:1000 groups:10000 work_mem:16MB incremental:on max_workers:2 =====
SELECT * FROM s_3 ORDER BY a, b, c, d LIMIT 10
                                                                     QUERY PLAN                                                                     
----------------------------------------------------------------------------------------------------------------------------------------------------
 Limit  (cost=0.80..0.80 rows=1 width=20) (actual time=0.066..0.066 rows=0 loops=1)
   ->  Limit  (cost=0.33..0.70 rows=10 width=20) (actual time=0.064..0.065 rows=10 loops=1)
         ->  Incremental Sort  (cost=0.33..37.38 rows=1000 width=20) (actual time=0.064..0.064 rows=10 loops=1)
               Sort Key: s_3.a, s_3.b, s_3.c, s_3.d
               Presorted Key: s_3.a, s_3.b, s_3.c
               Sort Method: quicksort  Memory: 27kB
               Sort Groups: 1
               ->  Index Only Scan using s_3_a_b_c_e_d_idx on s_3  (cost=0.28..43.27 rows=1000 width=20) (actual time=0.020..0.024 rows=33 loops=1)
                     Heap Fetches: 0
 Planning time: 0.278 ms
 Execution time: 0.094 ms
(11 rows)

===== 310 [Wed Mar  7 01:57:18 CET 2018] scale:1000 groups:10000 work_mem:16MB incremental:off max_workers:2 =====
SELECT * FROM s_1 ORDER BY a, b LIMIT 10
                                                      QUERY PLAN                                                       
-----------------------------------------------------------------------------------------------------------------------
 Limit  (cost=38.73..38.73 rows=1 width=20) (actual time=0.158..0.158 rows=0 loops=1)
   ->  Limit  (cost=38.61..38.63 rows=10 width=20) (actual time=0.155..0.156 rows=10 loops=1)
         ->  Sort  (cost=38.61..41.11 rows=1000 width=20) (actual time=0.155..0.156 rows=10 loops=1)
               Sort Key: s_1.a, s_1.b
               Sort Method: top-N heapsort  Memory: 25kB
               ->  Seq Scan on s_1  (cost=0.00..17.00 rows=1000 width=20) (actual time=0.004..0.061 rows=1000 loops=1)
 Planning time: 0.274 ms
 Execution time: 0.181 ms
(8 rows)

===== 311 [Wed Mar  7 01:57:18 CET 2018] scale:1000 groups:10000 work_mem:16MB incremental:off max_workers:2 =====
SELECT * FROM s_2 ORDER BY a, b, c LIMIT 10
                                                      QUERY PLAN                                                       
-----------------------------------------------------------------------------------------------------------------------
 Limit  (cost=38.73..38.73 rows=1 width=20) (actual time=0.157..0.157 rows=0 loops=1)
   ->  Limit  (cost=38.61..38.63 rows=10 width=20) (actual time=0.155..0.156 rows=10 loops=1)
         ->  Sort  (cost=38.61..41.11 rows=1000 width=20) (actual time=0.155..0.155 rows=10 loops=1)
               Sort Key: s_2.a, s_2.b, s_2.c
               Sort Method: top-N heapsort  Memory: 25kB
               ->  Seq Scan on s_2  (cost=0.00..17.00 rows=1000 width=20) (actual time=0.007..0.061 rows=1000 loops=1)
 Planning time: 0.274 ms
 Execution time: 0.180 ms
(8 rows)

===== 312 [Wed Mar  7 01:57:18 CET 2018] scale:1000 groups:10000 work_mem:16MB incremental:off max_workers:2 =====
SELECT * FROM s_3 ORDER BY a, b, c, d LIMIT 10
                                                      QUERY PLAN                                                       
-----------------------------------------------------------------------------------------------------------------------
 Limit  (cost=38.73..38.73 rows=1 width=20) (actual time=0.160..0.160 rows=0 loops=1)
   ->  Limit  (cost=38.61..38.63 rows=10 width=20) (actual time=0.158..0.159 rows=10 loops=1)
         ->  Sort  (cost=38.61..41.11 rows=1000 width=20) (actual time=0.157..0.158 rows=10 loops=1)
               Sort Key: s_3.a, s_3.b, s_3.c, s_3.d
               Sort Method: top-N heapsort  Memory: 25kB
               ->  Seq Scan on s_3  (cost=0.00..17.00 rows=1000 width=20) (actual time=0.004..0.058 rows=1000 loops=1)
 Planning time: 0.276 ms
 Execution time: 0.183 ms
(8 rows)

===== 313 [Wed Mar  7 01:57:18 CET 2018] scale:1000 groups:10000 work_mem:32MB incremental:on max_workers:2 =====
SELECT * FROM s_1 ORDER BY a, b LIMIT 10
                                                                     QUERY PLAN                                                                     
----------------------------------------------------------------------------------------------------------------------------------------------------
 Limit  (cost=0.80..0.80 rows=1 width=20) (actual time=0.073..0.073 rows=0 loops=1)
   ->  Limit  (cost=0.33..0.70 rows=10 width=20) (actual time=0.071..0.072 rows=10 loops=1)
         ->  Incremental Sort  (cost=0.33..37.38 rows=1000 width=20) (actual time=0.071..0.071 rows=10 loops=1)
               Sort Key: s_1.a, s_1.b
               Presorted Key: s_1.a
               Sort Method: quicksort  Memory: 27kB
               Sort Groups: 1
               ->  Index Only Scan using s_1_a_e_d_c_b_idx on s_1  (cost=0.28..43.27 rows=1000 width=20) (actual time=0.023..0.027 rows=33 loops=1)
                     Heap Fetches: 0
 Planning time: 0.272 ms
 Execution time: 0.099 ms
(11 rows)

===== 314 [Wed Mar  7 01:57:18 CET 2018] scale:1000 groups:10000 work_mem:32MB incremental:on max_workers:2 =====
SELECT * FROM s_2 ORDER BY a, b, c LIMIT 10
                                                                     QUERY PLAN                                                                     
----------------------------------------------------------------------------------------------------------------------------------------------------
 Limit  (cost=0.80..0.80 rows=1 width=20) (actual time=0.075..0.075 rows=0 loops=1)
   ->  Limit  (cost=0.33..0.70 rows=10 width=20) (actual time=0.073..0.074 rows=10 loops=1)
         ->  Incremental Sort  (cost=0.33..37.38 rows=1000 width=20) (actual time=0.072..0.073 rows=10 loops=1)
               Sort Key: s_2.a, s_2.b, s_2.c
               Presorted Key: s_2.a, s_2.b
               Sort Method: quicksort  Memory: 27kB
               Sort Groups: 1
               ->  Index Only Scan using s_2_a_b_e_d_c_idx on s_2  (cost=0.28..43.27 rows=1000 width=20) (actual time=0.024..0.028 rows=33 loops=1)
                     Heap Fetches: 0
 Planning time: 0.276 ms
 Execution time: 0.102 ms
(11 rows)

===== 315 [Wed Mar  7 01:57:18 CET 2018] scale:1000 groups:10000 work_mem:32MB incremental:on max_workers:2 =====
SELECT * FROM s_3 ORDER BY a, b, c, d LIMIT 10
                                                                     QUERY PLAN                                                                     
----------------------------------------------------------------------------------------------------------------------------------------------------
 Limit  (cost=0.80..0.80 rows=1 width=20) (actual time=0.070..0.070 rows=0 loops=1)
   ->  Limit  (cost=0.33..0.70 rows=10 width=20) (actual time=0.068..0.069 rows=10 loops=1)
         ->  Incremental Sort  (cost=0.33..37.38 rows=1000 width=20) (actual time=0.067..0.068 rows=10 loops=1)
               Sort Key: s_3.a, s_3.b, s_3.c, s_3.d
               Presorted Key: s_3.a, s_3.b, s_3.c
               Sort Method: quicksort  Memory: 27kB
               Sort Groups: 1
               ->  Index Only Scan using s_3_a_b_c_e_d_idx on s_3  (cost=0.28..43.27 rows=1000 width=20) (actual time=0.020..0.024 rows=33 loops=1)
                     Heap Fetches: 0
 Planning time: 0.269 ms
 Execution time: 0.095 ms
(11 rows)

===== 316 [Wed Mar  7 01:57:18 CET 2018] scale:1000 groups:10000 work_mem:32MB incremental:off max_workers:2 =====
SELECT * FROM s_1 ORDER BY a, b LIMIT 10
                                                      QUERY PLAN                                                       
-----------------------------------------------------------------------------------------------------------------------
 Limit  (cost=38.73..38.73 rows=1 width=20) (actual time=0.159..0.159 rows=0 loops=1)
   ->  Limit  (cost=38.61..38.63 rows=10 width=20) (actual time=0.157..0.158 rows=10 loops=1)
         ->  Sort  (cost=38.61..41.11 rows=1000 width=20) (actual time=0.156..0.157 rows=10 loops=1)
               Sort Key: s_1.a, s_1.b
               Sort Method: top-N heapsort  Memory: 25kB
               ->  Seq Scan on s_1  (cost=0.00..17.00 rows=1000 width=20) (actual time=0.004..0.061 rows=1000 loops=1)
 Planning time: 0.272 ms
 Execution time: 0.182 ms
(8 rows)

===== 317 [Wed Mar  7 01:57:18 CET 2018] scale:1000 groups:10000 work_mem:32MB incremental:off max_workers:2 =====
SELECT * FROM s_2 ORDER BY a, b, c LIMIT 10
                                                      QUERY PLAN                                                       
-----------------------------------------------------------------------------------------------------------------------
 Limit  (cost=38.73..38.73 rows=1 width=20) (actual time=0.161..0.161 rows=0 loops=1)
   ->  Limit  (cost=38.61..38.63 rows=10 width=20) (actual time=0.159..0.160 rows=10 loops=1)
         ->  Sort  (cost=38.61..41.11 rows=1000 width=20) (actual time=0.159..0.159 rows=10 loops=1)
               Sort Key: s_2.a, s_2.b, s_2.c
               Sort Method: top-N heapsort  Memory: 25kB
               ->  Seq Scan on s_2  (cost=0.00..17.00 rows=1000 width=20) (actual time=0.007..0.061 rows=1000 loops=1)
 Planning time: 0.273 ms
 Execution time: 0.184 ms
(8 rows)

===== 318 [Wed Mar  7 01:57:19 CET 2018] scale:1000 groups:10000 work_mem:32MB incremental:off max_workers:2 =====
SELECT * FROM s_3 ORDER BY a, b, c, d LIMIT 10
                                                      QUERY PLAN                                                       
-----------------------------------------------------------------------------------------------------------------------
 Limit  (cost=38.73..38.73 rows=1 width=20) (actual time=0.167..0.167 rows=0 loops=1)
   ->  Limit  (cost=38.61..38.63 rows=10 width=20) (actual time=0.165..0.166 rows=10 loops=1)
         ->  Sort  (cost=38.61..41.11 rows=1000 width=20) (actual time=0.165..0.165 rows=10 loops=1)
               Sort Key: s_3.a, s_3.b, s_3.c, s_3.d
               Sort Method: top-N heapsort  Memory: 25kB
               ->  Seq Scan on s_3  (cost=0.00..17.00 rows=1000 width=20) (actual time=0.004..0.058 rows=1000 loops=1)
 Planning time: 0.270 ms
 Execution time: 0.190 ms
(8 rows)

===== 319 [Wed Mar  7 01:57:19 CET 2018] scale:1000 groups:10000 work_mem:64MB incremental:on max_workers:2 =====
SELECT * FROM s_1 ORDER BY a, b LIMIT 10
                                                                     QUERY PLAN                                                                     
----------------------------------------------------------------------------------------------------------------------------------------------------
 Limit  (cost=0.80..0.80 rows=1 width=20) (actual time=0.069..0.069 rows=0 loops=1)
   ->  Limit  (cost=0.33..0.70 rows=10 width=20) (actual time=0.066..0.068 rows=10 loops=1)
         ->  Incremental Sort  (cost=0.33..37.38 rows=1000 width=20) (actual time=0.066..0.067 rows=10 loops=1)
               Sort Key: s_1.a, s_1.b
               Presorted Key: s_1.a
               Sort Method: quicksort  Memory: 27kB
               Sort Groups: 1
               ->  Index Only Scan using s_1_a_e_d_c_b_idx on s_1  (cost=0.28..43.27 rows=1000 width=20) (actual time=0.024..0.027 rows=33 loops=1)
                     Heap Fetches: 0
 Planning time: 0.269 ms
 Execution time: 0.095 ms
(11 rows)

===== 320 [Wed Mar  7 01:57:19 CET 2018] scale:1000 groups:10000 work_mem:64MB incremental:on max_workers:2 =====
SELECT * FROM s_2 ORDER BY a, b, c LIMIT 10
                                                                     QUERY PLAN                                                                     
----------------------------------------------------------------------------------------------------------------------------------------------------
 Limit  (cost=0.80..0.80 rows=1 width=20) (actual time=0.075..0.075 rows=0 loops=1)
   ->  Limit  (cost=0.33..0.70 rows=10 width=20) (actual time=0.073..0.074 rows=10 loops=1)
         ->  Incremental Sort  (cost=0.33..37.38 rows=1000 width=20) (actual time=0.073..0.073 rows=10 loops=1)
               Sort Key: s_2.a, s_2.b, s_2.c
               Presorted Key: s_2.a, s_2.b
               Sort Method: quicksort  Memory: 27kB
               Sort Groups: 1
               ->  Index Only Scan using s_2_a_b_e_d_c_idx on s_2  (cost=0.28..43.27 rows=1000 width=20) (actual time=0.024..0.028 rows=33 loops=1)
                     Heap Fetches: 0
 Planning time: 0.274 ms
 Execution time: 0.101 ms
(11 rows)

===== 321 [Wed Mar  7 01:57:19 CET 2018] scale:1000 groups:10000 work_mem:64MB incremental:on max_workers:2 =====
SELECT * FROM s_3 ORDER BY a, b, c, d LIMIT 10
                                                                     QUERY PLAN                                                                     
----------------------------------------------------------------------------------------------------------------------------------------------------
 Limit  (cost=0.80..0.80 rows=1 width=20) (actual time=0.068..0.068 rows=0 loops=1)
   ->  Limit  (cost=0.33..0.70 rows=10 width=20) (actual time=0.065..0.067 rows=10 loops=1)
         ->  Incremental Sort  (cost=0.33..37.38 rows=1000 width=20) (actual time=0.065..0.066 rows=10 loops=1)
               Sort Key: s_3.a, s_3.b, s_3.c, s_3.d
               Presorted Key: s_3.a, s_3.b, s_3.c
               Sort Method: quicksort  Memory: 27kB
               Sort Groups: 1
               ->  Index Only Scan using s_3_a_b_c_e_d_idx on s_3  (cost=0.28..43.27 rows=1000 width=20) (actual time=0.021..0.024 rows=33 loops=1)
                     Heap Fetches: 0
 Planning time: 0.279 ms
 Execution time: 0.093 ms
(11 rows)

===== 322 [Wed Mar  7 01:57:19 CET 2018] scale:1000 groups:10000 work_mem:64MB incremental:off max_workers:2 =====
SELECT * FROM s_1 ORDER BY a, b LIMIT 10
                                                      QUERY PLAN                                                       
-----------------------------------------------------------------------------------------------------------------------
 Limit  (cost=38.73..38.73 rows=1 width=20) (actual time=0.158..0.158 rows=0 loops=1)
   ->  Limit  (cost=38.61..38.63 rows=10 width=20) (actual time=0.156..0.157 rows=10 loops=1)
         ->  Sort  (cost=38.61..41.11 rows=1000 width=20) (actual time=0.156..0.156 rows=10 loops=1)
               Sort Key: s_1.a, s_1.b
               Sort Method: top-N heapsort  Memory: 25kB
               ->  Seq Scan on s_1  (cost=0.00..17.00 rows=1000 width=20) (actual time=0.004..0.061 rows=1000 loops=1)
 Planning time: 0.274 ms
 Execution time: 0.181 ms
(8 rows)

===== 323 [Wed Mar  7 01:57:19 CET 2018] scale:1000 groups:10000 work_mem:64MB incremental:off max_workers:2 =====
SELECT * FROM s_2 ORDER BY a, b, c LIMIT 10
                                                      QUERY PLAN                                                       
-----------------------------------------------------------------------------------------------------------------------
 Limit  (cost=38.73..38.73 rows=1 width=20) (actual time=0.158..0.158 rows=0 loops=1)
   ->  Limit  (cost=38.61..38.63 rows=10 width=20) (actual time=0.156..0.157 rows=10 loops=1)
         ->  Sort  (cost=38.61..41.11 rows=1000 width=20) (actual time=0.155..0.156 rows=10 loops=1)
               Sort Key: s_2.a, s_2.b, s_2.c
               Sort Method: top-N heapsort  Memory: 25kB
               ->  Seq Scan on s_2  (cost=0.00..17.00 rows=1000 width=20) (actual time=0.007..0.062 rows=1000 loops=1)
 Planning time: 0.271 ms
 Execution time: 0.180 ms
(8 rows)

===== 324 [Wed Mar  7 01:57:19 CET 2018] scale:1000 groups:10000 work_mem:64MB incremental:off max_workers:2 =====
SELECT * FROM s_3 ORDER BY a, b, c, d LIMIT 10
                                                      QUERY PLAN                                                       
-----------------------------------------------------------------------------------------------------------------------
 Limit  (cost=38.73..38.73 rows=1 width=20) (actual time=0.166..0.166 rows=0 loops=1)
   ->  Limit  (cost=38.61..38.63 rows=10 width=20) (actual time=0.164..0.165 rows=10 loops=1)
         ->  Sort  (cost=38.61..41.11 rows=1000 width=20) (actual time=0.164..0.164 rows=10 loops=1)
               Sort Key: s_3.a, s_3.b, s_3.c, s_3.d
               Sort Method: top-N heapsort  Memory: 25kB
               ->  Seq Scan on s_3  (cost=0.00..17.00 rows=1000 width=20) (actual time=0.004..0.059 rows=1000 loops=1)
 Planning time: 0.273 ms
 Execution time: 0.189 ms
(8 rows)

===== 325 [Wed Mar  7 01:57:19 CET 2018] scale:1000 groups:10000 work_mem:128MB incremental:on max_workers:2 =====
SELECT * FROM s_1 ORDER BY a, b LIMIT 10
                                                                     QUERY PLAN                                                                     
----------------------------------------------------------------------------------------------------------------------------------------------------
 Limit  (cost=0.80..0.80 rows=1 width=20) (actual time=0.070..0.070 rows=0 loops=1)
   ->  Limit  (cost=0.33..0.70 rows=10 width=20) (actual time=0.068..0.069 rows=10 loops=1)
         ->  Incremental Sort  (cost=0.33..37.38 rows=1000 width=20) (actual time=0.067..0.068 rows=10 loops=1)
               Sort Key: s_1.a, s_1.b
               Presorted Key: s_1.a
               Sort Method: quicksort  Memory: 27kB
               Sort Groups: 1
               ->  Index Only Scan using s_1_a_e_d_c_b_idx on s_1  (cost=0.28..43.27 rows=1000 width=20) (actual time=0.024..0.027 rows=33 loops=1)
                     Heap Fetches: 0
 Planning time: 0.290 ms
 Execution time: 0.096 ms
(11 rows)

===== 326 [Wed Mar  7 01:57:19 CET 2018] scale:1000 groups:10000 work_mem:128MB incremental:on max_workers:2 =====
SELECT * FROM s_2 ORDER BY a, b, c LIMIT 10
                                                                     QUERY PLAN                                                                     
----------------------------------------------------------------------------------------------------------------------------------------------------
 Limit  (cost=0.80..0.80 rows=1 width=20) (actual time=0.077..0.077 rows=0 loops=1)
   ->  Limit  (cost=0.33..0.70 rows=10 width=20) (actual time=0.074..0.075 rows=10 loops=1)
         ->  Incremental Sort  (cost=0.33..37.38 rows=1000 width=20) (actual time=0.074..0.074 rows=10 loops=1)
               Sort Key: s_2.a, s_2.b, s_2.c
               Presorted Key: s_2.a, s_2.b
               Sort Method: quicksort  Memory: 27kB
               Sort Groups: 1
               ->  Index Only Scan using s_2_a_b_e_d_c_idx on s_2  (cost=0.28..43.27 rows=1000 width=20) (actual time=0.024..0.028 rows=33 loops=1)
                     Heap Fetches: 0
 Planning time: 0.274 ms
 Execution time: 0.102 ms
(11 rows)

===== 327 [Wed Mar  7 01:57:19 CET 2018] scale:1000 groups:10000 work_mem:128MB incremental:on max_workers:2 =====
SELECT * FROM s_3 ORDER BY a, b, c, d LIMIT 10
                                                                     QUERY PLAN                                                                     
----------------------------------------------------------------------------------------------------------------------------------------------------
 Limit  (cost=0.80..0.80 rows=1 width=20) (actual time=0.067..0.067 rows=0 loops=1)
   ->  Limit  (cost=0.33..0.70 rows=10 width=20) (actual time=0.064..0.066 rows=10 loops=1)
         ->  Incremental Sort  (cost=0.33..37.38 rows=1000 width=20) (actual time=0.064..0.065 rows=10 loops=1)
               Sort Key: s_3.a, s_3.b, s_3.c, s_3.d
               Presorted Key: s_3.a, s_3.b, s_3.c
               Sort Method: quicksort  Memory: 27kB
               Sort Groups: 1
               ->  Index Only Scan using s_3_a_b_c_e_d_idx on s_3  (cost=0.28..43.27 rows=1000 width=20) (actual time=0.020..0.024 rows=33 loops=1)
                     Heap Fetches: 0
 Planning time: 0.279 ms
 Execution time: 0.092 ms
(11 rows)

===== 328 [Wed Mar  7 01:57:19 CET 2018] scale:1000 groups:10000 work_mem:128MB incremental:off max_workers:2 =====
SELECT * FROM s_1 ORDER BY a, b LIMIT 10
                                                      QUERY PLAN                                                       
-----------------------------------------------------------------------------------------------------------------------
 Limit  (cost=38.73..38.73 rows=1 width=20) (actual time=0.159..0.159 rows=0 loops=1)
   ->  Limit  (cost=38.61..38.63 rows=10 width=20) (actual time=0.157..0.158 rows=10 loops=1)
         ->  Sort  (cost=38.61..41.11 rows=1000 width=20) (actual time=0.157..0.157 rows=10 loops=1)
               Sort Key: s_1.a, s_1.b
               Sort Method: top-N heapsort  Memory: 25kB
               ->  Seq Scan on s_1  (cost=0.00..17.00 rows=1000 width=20) (actual time=0.004..0.061 rows=1000 loops=1)
 Planning time: 0.268 ms
 Execution time: 0.184 ms
(8 rows)

===== 329 [Wed Mar  7 01:57:19 CET 2018] scale:1000 groups:10000 work_mem:128MB incremental:off max_workers:2 =====
SELECT * FROM s_2 ORDER BY a, b, c LIMIT 10
                                                      QUERY PLAN                                                       
-----------------------------------------------------------------------------------------------------------------------
 Limit  (cost=38.73..38.73 rows=1 width=20) (actual time=0.157..0.157 rows=0 loops=1)
   ->  Limit  (cost=38.61..38.63 rows=10 width=20) (actual time=0.155..0.156 rows=10 loops=1)
         ->  Sort  (cost=38.61..41.11 rows=1000 width=20) (actual time=0.155..0.155 rows=10 loops=1)
               Sort Key: s_2.a, s_2.b, s_2.c
               Sort Method: top-N heapsort  Memory: 25kB
               ->  Seq Scan on s_2  (cost=0.00..17.00 rows=1000 width=20) (actual time=0.007..0.061 rows=1000 loops=1)
 Planning time: 0.280 ms
 Execution time: 0.180 ms
(8 rows)

===== 330 [Wed Mar  7 01:57:19 CET 2018] scale:1000 groups:10000 work_mem:128MB incremental:off max_workers:2 =====
SELECT * FROM s_3 ORDER BY a, b, c, d LIMIT 10
                                                      QUERY PLAN                                                       
-----------------------------------------------------------------------------------------------------------------------
 Limit  (cost=38.73..38.73 rows=1 width=20) (actual time=0.160..0.160 rows=0 loops=1)
   ->  Limit  (cost=38.61..38.63 rows=10 width=20) (actual time=0.158..0.159 rows=10 loops=1)
         ->  Sort  (cost=38.61..41.11 rows=1000 width=20) (actual time=0.157..0.158 rows=10 loops=1)
               Sort Key: s_3.a, s_3.b, s_3.c, s_3.d
               Sort Method: top-N heapsort  Memory: 25kB
               ->  Seq Scan on s_3  (cost=0.00..17.00 rows=1000 width=20) (actual time=0.004..0.059 rows=1000 loops=1)
 Planning time: 0.277 ms
 Execution time: 0.182 ms
(8 rows)

===== 331 [Wed Mar  7 01:57:20 CET 2018] scale:1000 groups:10000 work_mem:256MB incremental:on max_workers:2 =====
SELECT * FROM s_1 ORDER BY a, b LIMIT 10
                                                                     QUERY PLAN                                                                     
----------------------------------------------------------------------------------------------------------------------------------------------------
 Limit  (cost=0.80..0.80 rows=1 width=20) (actual time=0.069..0.069 rows=0 loops=1)
   ->  Limit  (cost=0.33..0.70 rows=10 width=20) (actual time=0.067..0.068 rows=10 loops=1)
         ->  Incremental Sort  (cost=0.33..37.38 rows=1000 width=20) (actual time=0.066..0.067 rows=10 loops=1)
               Sort Key: s_1.a, s_1.b
               Presorted Key: s_1.a
               Sort Method: quicksort  Memory: 27kB
               Sort Groups: 1
               ->  Index Only Scan using s_1_a_e_d_c_b_idx on s_1  (cost=0.28..43.27 rows=1000 width=20) (actual time=0.023..0.027 rows=33 loops=1)
                     Heap Fetches: 0
 Planning time: 0.273 ms
 Execution time: 0.095 ms
(11 rows)

===== 332 [Wed Mar  7 01:57:20 CET 2018] scale:1000 groups:10000 work_mem:256MB incremental:on max_workers:2 =====
SELECT * FROM s_2 ORDER BY a, b, c LIMIT 10
                                                                     QUERY PLAN                                                                     
----------------------------------------------------------------------------------------------------------------------------------------------------
 Limit  (cost=0.80..0.80 rows=1 width=20) (actual time=0.074..0.074 rows=0 loops=1)
   ->  Limit  (cost=0.33..0.70 rows=10 width=20) (actual time=0.071..0.073 rows=10 loops=1)
         ->  Incremental Sort  (cost=0.33..37.38 rows=1000 width=20) (actual time=0.071..0.072 rows=10 loops=1)
               Sort Key: s_2.a, s_2.b, s_2.c
               Presorted Key: s_2.a, s_2.b
               Sort Method: quicksort  Memory: 27kB
               Sort Groups: 1
               ->  Index Only Scan using s_2_a_b_e_d_c_idx on s_2  (cost=0.28..43.27 rows=1000 width=20) (actual time=0.024..0.027 rows=33 loops=1)
                     Heap Fetches: 0
 Planning time: 0.273 ms
 Execution time: 0.099 ms
(11 rows)

===== 333 [Wed Mar  7 01:57:20 CET 2018] scale:1000 groups:10000 work_mem:256MB incremental:on max_workers:2 =====
SELECT * FROM s_3 ORDER BY a, b, c, d LIMIT 10
                                                                     QUERY PLAN                                                                     
----------------------------------------------------------------------------------------------------------------------------------------------------
 Limit  (cost=0.80..0.80 rows=1 width=20) (actual time=0.067..0.067 rows=0 loops=1)
   ->  Limit  (cost=0.33..0.70 rows=10 width=20) (actual time=0.065..0.066 rows=10 loops=1)
         ->  Incremental Sort  (cost=0.33..37.38 rows=1000 width=20) (actual time=0.064..0.065 rows=10 loops=1)
               Sort Key: s_3.a, s_3.b, s_3.c, s_3.d
               Presorted Key: s_3.a, s_3.b, s_3.c
               Sort Method: quicksort  Memory: 27kB
               Sort Groups: 1
               ->  Index Only Scan using s_3_a_b_c_e_d_idx on s_3  (cost=0.28..43.27 rows=1000 width=20) (actual time=0.020..0.024 rows=33 loops=1)
                     Heap Fetches: 0
 Planning time: 0.275 ms
 Execution time: 0.093 ms
(11 rows)

===== 334 [Wed Mar  7 01:57:20 CET 2018] scale:1000 groups:10000 work_mem:256MB incremental:off max_workers:2 =====
SELECT * FROM s_1 ORDER BY a, b LIMIT 10
                                                      QUERY PLAN                                                       
-----------------------------------------------------------------------------------------------------------------------
 Limit  (cost=38.73..38.73 rows=1 width=20) (actual time=0.160..0.160 rows=0 loops=1)
   ->  Limit  (cost=38.61..38.63 rows=10 width=20) (actual time=0.158..0.159 rows=10 loops=1)
         ->  Sort  (cost=38.61..41.11 rows=1000 width=20) (actual time=0.158..0.158 rows=10 loops=1)
               Sort Key: s_1.a, s_1.b
               Sort Method: top-N heapsort  Memory: 25kB
               ->  Seq Scan on s_1  (cost=0.00..17.00 rows=1000 width=20) (actual time=0.004..0.062 rows=1000 loops=1)
 Planning time: 0.266 ms
 Execution time: 0.183 ms
(8 rows)

===== 335 [Wed Mar  7 01:57:20 CET 2018] scale:1000 groups:10000 work_mem:256MB incremental:off max_workers:2 =====
SELECT * FROM s_2 ORDER BY a, b, c LIMIT 10
                                                      QUERY PLAN                                                       
-----------------------------------------------------------------------------------------------------------------------
 Limit  (cost=38.73..38.73 rows=1 width=20) (actual time=0.157..0.157 rows=0 loops=1)
   ->  Limit  (cost=38.61..38.63 rows=10 width=20) (actual time=0.155..0.156 rows=10 loops=1)
         ->  Sort  (cost=38.61..41.11 rows=1000 width=20) (actual time=0.154..0.155 rows=10 loops=1)
               Sort Key: s_2.a, s_2.b, s_2.c
               Sort Method: top-N heapsort  Memory: 25kB
               ->  Seq Scan on s_2  (cost=0.00..17.00 rows=1000 width=20) (actual time=0.007..0.061 rows=1000 loops=1)
 Planning time: 0.272 ms
 Execution time: 0.181 ms
(8 rows)

===== 336 [Wed Mar  7 01:57:20 CET 2018] scale:1000 groups:10000 work_mem:256MB incremental:off max_workers:2 =====
SELECT * FROM s_3 ORDER BY a, b, c, d LIMIT 10
                                                      QUERY PLAN                                                       
-----------------------------------------------------------------------------------------------------------------------
 Limit  (cost=38.73..38.73 rows=1 width=20) (actual time=0.160..0.160 rows=0 loops=1)
   ->  Limit  (cost=38.61..38.63 rows=10 width=20) (actual time=0.158..0.159 rows=10 loops=1)
         ->  Sort  (cost=38.61..41.11 rows=1000 width=20) (actual time=0.158..0.158 rows=10 loops=1)
               Sort Key: s_3.a, s_3.b, s_3.c, s_3.d
               Sort Method: top-N heapsort  Memory: 25kB
               ->  Seq Scan on s_3  (cost=0.00..17.00 rows=1000 width=20) (actual time=0.004..0.059 rows=1000 loops=1)
 Planning time: 0.260 ms
 Execution time: 0.183 ms
(8 rows)

