===== 1 [Wed Mar  7 01:55:17 CET 2018] scale:1000 groups:10 work_mem:4MB incremental:on max_workers:0 =====
SELECT * FROM s_1 ORDER BY a, b
                                                   QUERY PLAN                                                    
-----------------------------------------------------------------------------------------------------------------
 Limit  (cost=79.33..79.33 rows=1 width=20) (actual time=0.339..0.339 rows=0 loops=1)
   ->  Sort  (cost=66.83..69.33 rows=1000 width=20) (actual time=0.284..0.316 rows=1000 loops=1)
         Sort Key: s_1.a, s_1.b
         Sort Method: quicksort  Memory: 103kB
         ->  Seq Scan on s_1  (cost=0.00..17.00 rows=1000 width=20) (actual time=0.004..0.062 rows=1000 loops=1)
 Planning time: 0.250 ms
 Execution time: 0.370 ms
(7 rows)

===== 2 [Wed Mar  7 01:55:17 CET 2018] scale:1000 groups:10 work_mem:4MB incremental:on max_workers:0 =====
SELECT * FROM s_2 ORDER BY a, b, c
                                                   QUERY PLAN                                                    
-----------------------------------------------------------------------------------------------------------------
 Limit  (cost=79.33..79.33 rows=1 width=20) (actual time=0.400..0.400 rows=0 loops=1)
   ->  Sort  (cost=66.83..69.33 rows=1000 width=20) (actual time=0.346..0.377 rows=1000 loops=1)
         Sort Key: s_2.a, s_2.b, s_2.c
         Sort Method: quicksort  Memory: 103kB
         ->  Seq Scan on s_2  (cost=0.00..17.00 rows=1000 width=20) (actual time=0.007..0.059 rows=1000 loops=1)
 Planning time: 0.260 ms
 Execution time: 0.418 ms
(7 rows)

===== 3 [Wed Mar  7 01:55:17 CET 2018] scale:1000 groups:10 work_mem:4MB incremental:on max_workers:0 =====
SELECT * FROM s_3 ORDER BY a, b, c, d
                                                   QUERY PLAN                                                    
-----------------------------------------------------------------------------------------------------------------
 Limit  (cost=79.33..79.33 rows=1 width=20) (actual time=0.402..0.402 rows=0 loops=1)
   ->  Sort  (cost=66.83..69.33 rows=1000 width=20) (actual time=0.347..0.379 rows=1000 loops=1)
         Sort Key: s_3.a, s_3.b, s_3.c, s_3.d
         Sort Method: quicksort  Memory: 103kB
         ->  Seq Scan on s_3  (cost=0.00..17.00 rows=1000 width=20) (actual time=0.004..0.057 rows=1000 loops=1)
 Planning time: 0.259 ms
 Execution time: 0.420 ms
(7 rows)

===== 4 [Wed Mar  7 01:55:17 CET 2018] scale:1000 groups:10 work_mem:4MB incremental:on max_workers:0 =====
SELECT * FROM s_4 ORDER BY a, b, c, d, e
                                                   QUERY PLAN                                                    
-----------------------------------------------------------------------------------------------------------------
 Limit  (cost=79.33..79.33 rows=1 width=20) (actual time=0.364..0.364 rows=0 loops=1)
   ->  Sort  (cost=66.83..69.33 rows=1000 width=20) (actual time=0.308..0.341 rows=1000 loops=1)
         Sort Key: s_4.a, s_4.b, s_4.c, s_4.d, s_4.e
         Sort Method: quicksort  Memory: 103kB
         ->  Seq Scan on s_4  (cost=0.00..17.00 rows=1000 width=20) (actual time=0.009..0.062 rows=1000 loops=1)
 Planning time: 0.269 ms
 Execution time: 0.382 ms
(7 rows)

===== 5 [Wed Mar  7 01:55:17 CET 2018] scale:1000 groups:10 work_mem:4MB incremental:off max_workers:0 =====
SELECT * FROM s_1 ORDER BY a, b
                                                   QUERY PLAN                                                    
-----------------------------------------------------------------------------------------------------------------
 Limit  (cost=79.33..79.33 rows=1 width=20) (actual time=0.340..0.340 rows=0 loops=1)
   ->  Sort  (cost=66.83..69.33 rows=1000 width=20) (actual time=0.286..0.317 rows=1000 loops=1)
         Sort Key: s_1.a, s_1.b
         Sort Method: quicksort  Memory: 103kB
         ->  Seq Scan on s_1  (cost=0.00..17.00 rows=1000 width=20) (actual time=0.004..0.063 rows=1000 loops=1)
 Planning time: 0.244 ms
 Execution time: 0.368 ms
(7 rows)

===== 6 [Wed Mar  7 01:55:17 CET 2018] scale:1000 groups:10 work_mem:4MB incremental:off max_workers:0 =====
SELECT * FROM s_2 ORDER BY a, b, c
                                                   QUERY PLAN                                                    
-----------------------------------------------------------------------------------------------------------------
 Limit  (cost=79.33..79.33 rows=1 width=20) (actual time=0.411..0.411 rows=0 loops=1)
   ->  Sort  (cost=66.83..69.33 rows=1000 width=20) (actual time=0.356..0.389 rows=1000 loops=1)
         Sort Key: s_2.a, s_2.b, s_2.c
         Sort Method: quicksort  Memory: 103kB
         ->  Seq Scan on s_2  (cost=0.00..17.00 rows=1000 width=20) (actual time=0.007..0.059 rows=1000 loops=1)
 Planning time: 0.245 ms
 Execution time: 0.430 ms
(7 rows)

===== 7 [Wed Mar  7 01:55:17 CET 2018] scale:1000 groups:10 work_mem:4MB incremental:off max_workers:0 =====
SELECT * FROM s_3 ORDER BY a, b, c, d
                                                   QUERY PLAN                                                    
-----------------------------------------------------------------------------------------------------------------
 Limit  (cost=79.33..79.33 rows=1 width=20) (actual time=0.403..0.403 rows=0 loops=1)
   ->  Sort  (cost=66.83..69.33 rows=1000 width=20) (actual time=0.348..0.380 rows=1000 loops=1)
         Sort Key: s_3.a, s_3.b, s_3.c, s_3.d
         Sort Method: quicksort  Memory: 103kB
         ->  Seq Scan on s_3  (cost=0.00..17.00 rows=1000 width=20) (actual time=0.004..0.057 rows=1000 loops=1)
 Planning time: 0.263 ms
 Execution time: 0.421 ms
(7 rows)

===== 8 [Wed Mar  7 01:55:17 CET 2018] scale:1000 groups:10 work_mem:4MB incremental:off max_workers:0 =====
SELECT * FROM s_4 ORDER BY a, b, c, d, e
                                                   QUERY PLAN                                                    
-----------------------------------------------------------------------------------------------------------------
 Limit  (cost=79.33..79.33 rows=1 width=20) (actual time=0.370..0.370 rows=0 loops=1)
   ->  Sort  (cost=66.83..69.33 rows=1000 width=20) (actual time=0.315..0.347 rows=1000 loops=1)
         Sort Key: s_4.a, s_4.b, s_4.c, s_4.d, s_4.e
         Sort Method: quicksort  Memory: 103kB
         ->  Seq Scan on s_4  (cost=0.00..17.00 rows=1000 width=20) (actual time=0.009..0.063 rows=1000 loops=1)
 Planning time: 0.256 ms
 Execution time: 0.389 ms
(7 rows)

===== 9 [Wed Mar  7 01:55:17 CET 2018] scale:1000 groups:10 work_mem:8MB incremental:on max_workers:0 =====
SELECT * FROM s_1 ORDER BY a, b
                                                   QUERY PLAN                                                    
-----------------------------------------------------------------------------------------------------------------
 Limit  (cost=79.33..79.33 rows=1 width=20) (actual time=0.341..0.341 rows=0 loops=1)
   ->  Sort  (cost=66.83..69.33 rows=1000 width=20) (actual time=0.286..0.319 rows=1000 loops=1)
         Sort Key: s_1.a, s_1.b
         Sort Method: quicksort  Memory: 103kB
         ->  Seq Scan on s_1  (cost=0.00..17.00 rows=1000 width=20) (actual time=0.004..0.063 rows=1000 loops=1)
 Planning time: 0.250 ms
 Execution time: 0.372 ms
(7 rows)

===== 10 [Wed Mar  7 01:55:17 CET 2018] scale:1000 groups:10 work_mem:8MB incremental:on max_workers:0 =====
SELECT * FROM s_2 ORDER BY a, b, c
                                                   QUERY PLAN                                                    
-----------------------------------------------------------------------------------------------------------------
 Limit  (cost=79.33..79.33 rows=1 width=20) (actual time=0.396..0.396 rows=0 loops=1)
   ->  Sort  (cost=66.83..69.33 rows=1000 width=20) (actual time=0.341..0.373 rows=1000 loops=1)
         Sort Key: s_2.a, s_2.b, s_2.c
         Sort Method: quicksort  Memory: 103kB
         ->  Seq Scan on s_2  (cost=0.00..17.00 rows=1000 width=20) (actual time=0.007..0.059 rows=1000 loops=1)
 Planning time: 0.259 ms
 Execution time: 0.415 ms
(7 rows)

===== 11 [Wed Mar  7 01:55:17 CET 2018] scale:1000 groups:10 work_mem:8MB incremental:on max_workers:0 =====
SELECT * FROM s_3 ORDER BY a, b, c, d
                                                   QUERY PLAN                                                    
-----------------------------------------------------------------------------------------------------------------
 Limit  (cost=79.33..79.33 rows=1 width=20) (actual time=0.399..0.399 rows=0 loops=1)
   ->  Sort  (cost=66.83..69.33 rows=1000 width=20) (actual time=0.345..0.377 rows=1000 loops=1)
         Sort Key: s_3.a, s_3.b, s_3.c, s_3.d
         Sort Method: quicksort  Memory: 103kB
         ->  Seq Scan on s_3  (cost=0.00..17.00 rows=1000 width=20) (actual time=0.004..0.057 rows=1000 loops=1)
 Planning time: 0.265 ms
 Execution time: 0.418 ms
(7 rows)

===== 12 [Wed Mar  7 01:55:18 CET 2018] scale:1000 groups:10 work_mem:8MB incremental:on max_workers:0 =====
SELECT * FROM s_4 ORDER BY a, b, c, d, e
                                                   QUERY PLAN                                                    
-----------------------------------------------------------------------------------------------------------------
 Limit  (cost=79.33..79.33 rows=1 width=20) (actual time=0.366..0.366 rows=0 loops=1)
   ->  Sort  (cost=66.83..69.33 rows=1000 width=20) (actual time=0.311..0.344 rows=1000 loops=1)
         Sort Key: s_4.a, s_4.b, s_4.c, s_4.d, s_4.e
         Sort Method: quicksort  Memory: 103kB
         ->  Seq Scan on s_4  (cost=0.00..17.00 rows=1000 width=20) (actual time=0.009..0.062 rows=1000 loops=1)
 Planning time: 0.274 ms
 Execution time: 0.386 ms
(7 rows)

===== 13 [Wed Mar  7 01:55:18 CET 2018] scale:1000 groups:10 work_mem:8MB incremental:off max_workers:0 =====
SELECT * FROM s_1 ORDER BY a, b
                                                   QUERY PLAN                                                    
-----------------------------------------------------------------------------------------------------------------
 Limit  (cost=79.33..79.33 rows=1 width=20) (actual time=0.335..0.335 rows=0 loops=1)
   ->  Sort  (cost=66.83..69.33 rows=1000 width=20) (actual time=0.281..0.312 rows=1000 loops=1)
         Sort Key: s_1.a, s_1.b
         Sort Method: quicksort  Memory: 103kB
         ->  Seq Scan on s_1  (cost=0.00..17.00 rows=1000 width=20) (actual time=0.004..0.063 rows=1000 loops=1)
 Planning time: 0.244 ms
 Execution time: 0.363 ms
(7 rows)

===== 14 [Wed Mar  7 01:55:18 CET 2018] scale:1000 groups:10 work_mem:8MB incremental:off max_workers:0 =====
SELECT * FROM s_2 ORDER BY a, b, c
                                                   QUERY PLAN                                                    
-----------------------------------------------------------------------------------------------------------------
 Limit  (cost=79.33..79.33 rows=1 width=20) (actual time=0.400..0.400 rows=0 loops=1)
   ->  Sort  (cost=66.83..69.33 rows=1000 width=20) (actual time=0.346..0.378 rows=1000 loops=1)
         Sort Key: s_2.a, s_2.b, s_2.c
         Sort Method: quicksort  Memory: 103kB
         ->  Seq Scan on s_2  (cost=0.00..17.00 rows=1000 width=20) (actual time=0.006..0.059 rows=1000 loops=1)
 Planning time: 0.244 ms
 Execution time: 0.419 ms
(7 rows)

===== 15 [Wed Mar  7 01:55:18 CET 2018] scale:1000 groups:10 work_mem:8MB incremental:off max_workers:0 =====
SELECT * FROM s_3 ORDER BY a, b, c, d
                                                   QUERY PLAN                                                    
-----------------------------------------------------------------------------------------------------------------
 Limit  (cost=79.33..79.33 rows=1 width=20) (actual time=0.407..0.407 rows=0 loops=1)
   ->  Sort  (cost=66.83..69.33 rows=1000 width=20) (actual time=0.352..0.385 rows=1000 loops=1)
         Sort Key: s_3.a, s_3.b, s_3.c, s_3.d
         Sort Method: quicksort  Memory: 103kB
         ->  Seq Scan on s_3  (cost=0.00..17.00 rows=1000 width=20) (actual time=0.004..0.064 rows=1000 loops=1)
 Planning time: 0.254 ms
 Execution time: 0.426 ms
(7 rows)

===== 16 [Wed Mar  7 01:55:18 CET 2018] scale:1000 groups:10 work_mem:8MB incremental:off max_workers:0 =====
SELECT * FROM s_4 ORDER BY a, b, c, d, e
                                                   QUERY PLAN                                                    
-----------------------------------------------------------------------------------------------------------------
 Limit  (cost=79.33..79.33 rows=1 width=20) (actual time=0.370..0.370 rows=0 loops=1)
   ->  Sort  (cost=66.83..69.33 rows=1000 width=20) (actual time=0.315..0.347 rows=1000 loops=1)
         Sort Key: s_4.a, s_4.b, s_4.c, s_4.d, s_4.e
         Sort Method: quicksort  Memory: 103kB
         ->  Seq Scan on s_4  (cost=0.00..17.00 rows=1000 width=20) (actual time=0.009..0.063 rows=1000 loops=1)
 Planning time: 0.251 ms
 Execution time: 0.389 ms
(7 rows)

===== 17 [Wed Mar  7 01:55:18 CET 2018] scale:1000 groups:10 work_mem:16MB incremental:on max_workers:0 =====
SELECT * FROM s_1 ORDER BY a, b
                                                   QUERY PLAN                                                    
-----------------------------------------------------------------------------------------------------------------
 Limit  (cost=79.33..79.33 rows=1 width=20) (actual time=0.344..0.344 rows=0 loops=1)
   ->  Sort  (cost=66.83..69.33 rows=1000 width=20) (actual time=0.290..0.321 rows=1000 loops=1)
         Sort Key: s_1.a, s_1.b
         Sort Method: quicksort  Memory: 103kB
         ->  Seq Scan on s_1  (cost=0.00..17.00 rows=1000 width=20) (actual time=0.004..0.067 rows=1000 loops=1)
 Planning time: 0.248 ms
 Execution time: 0.376 ms
(7 rows)

===== 18 [Wed Mar  7 01:55:18 CET 2018] scale:1000 groups:10 work_mem:16MB incremental:on max_workers:0 =====
SELECT * FROM s_2 ORDER BY a, b, c
                                                   QUERY PLAN                                                    
-----------------------------------------------------------------------------------------------------------------
 Limit  (cost=79.33..79.33 rows=1 width=20) (actual time=0.395..0.395 rows=0 loops=1)
   ->  Sort  (cost=66.83..69.33 rows=1000 width=20) (actual time=0.340..0.372 rows=1000 loops=1)
         Sort Key: s_2.a, s_2.b, s_2.c
         Sort Method: quicksort  Memory: 103kB
         ->  Seq Scan on s_2  (cost=0.00..17.00 rows=1000 width=20) (actual time=0.006..0.060 rows=1000 loops=1)
 Planning time: 0.254 ms
 Execution time: 0.415 ms
(7 rows)

===== 19 [Wed Mar  7 01:55:18 CET 2018] scale:1000 groups:10 work_mem:16MB incremental:on max_workers:0 =====
SELECT * FROM s_3 ORDER BY a, b, c, d
                                                   QUERY PLAN                                                    
-----------------------------------------------------------------------------------------------------------------
 Limit  (cost=79.33..79.33 rows=1 width=20) (actual time=0.405..0.405 rows=0 loops=1)
   ->  Sort  (cost=66.83..69.33 rows=1000 width=20) (actual time=0.350..0.383 rows=1000 loops=1)
         Sort Key: s_3.a, s_3.b, s_3.c, s_3.d
         Sort Method: quicksort  Memory: 103kB
         ->  Seq Scan on s_3  (cost=0.00..17.00 rows=1000 width=20) (actual time=0.004..0.057 rows=1000 loops=1)
 Planning time: 0.265 ms
 Execution time: 0.424 ms
(7 rows)

===== 20 [Wed Mar  7 01:55:18 CET 2018] scale:1000 groups:10 work_mem:16MB incremental:on max_workers:0 =====
SELECT * FROM s_4 ORDER BY a, b, c, d, e
                                                   QUERY PLAN                                                    
-----------------------------------------------------------------------------------------------------------------
 Limit  (cost=79.33..79.33 rows=1 width=20) (actual time=0.364..0.364 rows=0 loops=1)
   ->  Sort  (cost=66.83..69.33 rows=1000 width=20) (actual time=0.308..0.342 rows=1000 loops=1)
         Sort Key: s_4.a, s_4.b, s_4.c, s_4.d, s_4.e
         Sort Method: quicksort  Memory: 103kB
         ->  Seq Scan on s_4  (cost=0.00..17.00 rows=1000 width=20) (actual time=0.010..0.062 rows=1000 loops=1)
 Planning time: 0.262 ms
 Execution time: 0.383 ms
(7 rows)

===== 21 [Wed Mar  7 01:55:18 CET 2018] scale:1000 groups:10 work_mem:16MB incremental:off max_workers:0 =====
SELECT * FROM s_1 ORDER BY a, b
                                                   QUERY PLAN                                                    
-----------------------------------------------------------------------------------------------------------------
 Limit  (cost=79.33..79.33 rows=1 width=20) (actual time=0.335..0.335 rows=0 loops=1)
   ->  Sort  (cost=66.83..69.33 rows=1000 width=20) (actual time=0.280..0.312 rows=1000 loops=1)
         Sort Key: s_1.a, s_1.b
         Sort Method: quicksort  Memory: 103kB
         ->  Seq Scan on s_1  (cost=0.00..17.00 rows=1000 width=20) (actual time=0.004..0.063 rows=1000 loops=1)
 Planning time: 0.239 ms
 Execution time: 0.363 ms
(7 rows)

===== 22 [Wed Mar  7 01:55:18 CET 2018] scale:1000 groups:10 work_mem:16MB incremental:off max_workers:0 =====
SELECT * FROM s_2 ORDER BY a, b, c
                                                   QUERY PLAN                                                    
-----------------------------------------------------------------------------------------------------------------
 Limit  (cost=79.33..79.33 rows=1 width=20) (actual time=0.397..0.397 rows=0 loops=1)
   ->  Sort  (cost=66.83..69.33 rows=1000 width=20) (actual time=0.343..0.375 rows=1000 loops=1)
         Sort Key: s_2.a, s_2.b, s_2.c
         Sort Method: quicksort  Memory: 103kB
         ->  Seq Scan on s_2  (cost=0.00..17.00 rows=1000 width=20) (actual time=0.007..0.059 rows=1000 loops=1)
 Planning time: 0.245 ms
 Execution time: 0.416 ms
(7 rows)

===== 23 [Wed Mar  7 01:55:18 CET 2018] scale:1000 groups:10 work_mem:16MB incremental:off max_workers:0 =====
SELECT * FROM s_3 ORDER BY a, b, c, d
                                                   QUERY PLAN                                                    
-----------------------------------------------------------------------------------------------------------------
 Limit  (cost=79.33..79.33 rows=1 width=20) (actual time=0.407..0.407 rows=0 loops=1)
   ->  Sort  (cost=66.83..69.33 rows=1000 width=20) (actual time=0.352..0.385 rows=1000 loops=1)
         Sort Key: s_3.a, s_3.b, s_3.c, s_3.d
         Sort Method: quicksort  Memory: 103kB
         ->  Seq Scan on s_3  (cost=0.00..17.00 rows=1000 width=20) (actual time=0.004..0.057 rows=1000 loops=1)
 Planning time: 0.254 ms
 Execution time: 0.426 ms
(7 rows)

===== 24 [Wed Mar  7 01:55:18 CET 2018] scale:1000 groups:10 work_mem:16MB incremental:off max_workers:0 =====
SELECT * FROM s_4 ORDER BY a, b, c, d, e
                                                   QUERY PLAN                                                    
-----------------------------------------------------------------------------------------------------------------
 Limit  (cost=79.33..79.33 rows=1 width=20) (actual time=0.373..0.373 rows=0 loops=1)
   ->  Sort  (cost=66.83..69.33 rows=1000 width=20) (actual time=0.312..0.344 rows=1000 loops=1)
         Sort Key: s_4.a, s_4.b, s_4.c, s_4.d, s_4.e
         Sort Method: quicksort  Memory: 103kB
         ->  Seq Scan on s_4  (cost=0.00..17.00 rows=1000 width=20) (actual time=0.010..0.063 rows=1000 loops=1)
 Planning time: 0.255 ms
 Execution time: 0.391 ms
(7 rows)

===== 25 [Wed Mar  7 01:55:18 CET 2018] scale:1000 groups:10 work_mem:32MB incremental:on max_workers:0 =====
SELECT * FROM s_1 ORDER BY a, b
                                                   QUERY PLAN                                                    
-----------------------------------------------------------------------------------------------------------------
 Limit  (cost=79.33..79.33 rows=1 width=20) (actual time=0.345..0.345 rows=0 loops=1)
   ->  Sort  (cost=66.83..69.33 rows=1000 width=20) (actual time=0.290..0.322 rows=1000 loops=1)
         Sort Key: s_1.a, s_1.b
         Sort Method: quicksort  Memory: 103kB
         ->  Seq Scan on s_1  (cost=0.00..17.00 rows=1000 width=20) (actual time=0.004..0.063 rows=1000 loops=1)
 Planning time: 0.250 ms
 Execution time: 0.377 ms
(7 rows)

===== 26 [Wed Mar  7 01:55:19 CET 2018] scale:1000 groups:10 work_mem:32MB incremental:on max_workers:0 =====
SELECT * FROM s_2 ORDER BY a, b, c
                                                   QUERY PLAN                                                    
-----------------------------------------------------------------------------------------------------------------
 Limit  (cost=79.33..79.33 rows=1 width=20) (actual time=0.402..0.402 rows=0 loops=1)
   ->  Sort  (cost=66.83..69.33 rows=1000 width=20) (actual time=0.347..0.379 rows=1000 loops=1)
         Sort Key: s_2.a, s_2.b, s_2.c
         Sort Method: quicksort  Memory: 103kB
         ->  Seq Scan on s_2  (cost=0.00..17.00 rows=1000 width=20) (actual time=0.006..0.065 rows=1000 loops=1)
 Planning time: 0.258 ms
 Execution time: 0.423 ms
(7 rows)

===== 27 [Wed Mar  7 01:55:19 CET 2018] scale:1000 groups:10 work_mem:32MB incremental:on max_workers:0 =====
SELECT * FROM s_3 ORDER BY a, b, c, d
                                                   QUERY PLAN                                                    
-----------------------------------------------------------------------------------------------------------------
 Limit  (cost=79.33..79.33 rows=1 width=20) (actual time=0.404..0.404 rows=0 loops=1)
   ->  Sort  (cost=66.83..69.33 rows=1000 width=20) (actual time=0.349..0.381 rows=1000 loops=1)
         Sort Key: s_3.a, s_3.b, s_3.c, s_3.d
         Sort Method: quicksort  Memory: 103kB
         ->  Seq Scan on s_3  (cost=0.00..17.00 rows=1000 width=20) (actual time=0.004..0.057 rows=1000 loops=1)
 Planning time: 0.265 ms
 Execution time: 0.423 ms
(7 rows)

===== 28 [Wed Mar  7 01:55:19 CET 2018] scale:1000 groups:10 work_mem:32MB incremental:on max_workers:0 =====
SELECT * FROM s_4 ORDER BY a, b, c, d, e
                                                   QUERY PLAN                                                    
-----------------------------------------------------------------------------------------------------------------
 Limit  (cost=79.33..79.33 rows=1 width=20) (actual time=0.367..0.367 rows=0 loops=1)
   ->  Sort  (cost=66.83..69.33 rows=1000 width=20) (actual time=0.311..0.344 rows=1000 loops=1)
         Sort Key: s_4.a, s_4.b, s_4.c, s_4.d, s_4.e
         Sort Method: quicksort  Memory: 103kB
         ->  Seq Scan on s_4  (cost=0.00..17.00 rows=1000 width=20) (actual time=0.009..0.062 rows=1000 loops=1)
 Planning time: 0.272 ms
 Execution time: 0.385 ms
(7 rows)

===== 29 [Wed Mar  7 01:55:19 CET 2018] scale:1000 groups:10 work_mem:32MB incremental:off max_workers:0 =====
SELECT * FROM s_1 ORDER BY a, b
                                                   QUERY PLAN                                                    
-----------------------------------------------------------------------------------------------------------------
 Limit  (cost=79.33..79.33 rows=1 width=20) (actual time=0.334..0.334 rows=0 loops=1)
   ->  Sort  (cost=66.83..69.33 rows=1000 width=20) (actual time=0.280..0.312 rows=1000 loops=1)
         Sort Key: s_1.a, s_1.b
         Sort Method: quicksort  Memory: 103kB
         ->  Seq Scan on s_1  (cost=0.00..17.00 rows=1000 width=20) (actual time=0.004..0.063 rows=1000 loops=1)
 Planning time: 0.244 ms
 Execution time: 0.366 ms
(7 rows)

===== 30 [Wed Mar  7 01:55:19 CET 2018] scale:1000 groups:10 work_mem:32MB incremental:off max_workers:0 =====
SELECT * FROM s_2 ORDER BY a, b, c
                                                   QUERY PLAN                                                    
-----------------------------------------------------------------------------------------------------------------
 Limit  (cost=79.33..79.33 rows=1 width=20) (actual time=0.405..0.405 rows=0 loops=1)
   ->  Sort  (cost=66.83..69.33 rows=1000 width=20) (actual time=0.351..0.383 rows=1000 loops=1)
         Sort Key: s_2.a, s_2.b, s_2.c
         Sort Method: quicksort  Memory: 103kB
         ->  Seq Scan on s_2  (cost=0.00..17.00 rows=1000 width=20) (actual time=0.006..0.059 rows=1000 loops=1)
 Planning time: 0.250 ms
 Execution time: 0.424 ms
(7 rows)

===== 31 [Wed Mar  7 01:55:19 CET 2018] scale:1000 groups:10 work_mem:32MB incremental:off max_workers:0 =====
SELECT * FROM s_3 ORDER BY a, b, c, d
                                                   QUERY PLAN                                                    
-----------------------------------------------------------------------------------------------------------------
 Limit  (cost=79.33..79.33 rows=1 width=20) (actual time=0.400..0.400 rows=0 loops=1)
   ->  Sort  (cost=66.83..69.33 rows=1000 width=20) (actual time=0.345..0.378 rows=1000 loops=1)
         Sort Key: s_3.a, s_3.b, s_3.c, s_3.d
         Sort Method: quicksort  Memory: 103kB
         ->  Seq Scan on s_3  (cost=0.00..17.00 rows=1000 width=20) (actual time=0.004..0.057 rows=1000 loops=1)
 Planning time: 0.259 ms
 Execution time: 0.419 ms
(7 rows)

===== 32 [Wed Mar  7 01:55:19 CET 2018] scale:1000 groups:10 work_mem:32MB incremental:off max_workers:0 =====
SELECT * FROM s_4 ORDER BY a, b, c, d, e
                                                   QUERY PLAN                                                    
-----------------------------------------------------------------------------------------------------------------
 Limit  (cost=79.33..79.33 rows=1 width=20) (actual time=0.366..0.366 rows=0 loops=1)
   ->  Sort  (cost=66.83..69.33 rows=1000 width=20) (actual time=0.312..0.344 rows=1000 loops=1)
         Sort Key: s_4.a, s_4.b, s_4.c, s_4.d, s_4.e
         Sort Method: quicksort  Memory: 103kB
         ->  Seq Scan on s_4  (cost=0.00..17.00 rows=1000 width=20) (actual time=0.009..0.063 rows=1000 loops=1)
 Planning time: 0.254 ms
 Execution time: 0.385 ms
(7 rows)

===== 33 [Wed Mar  7 01:55:19 CET 2018] scale:1000 groups:10 work_mem:64MB incremental:on max_workers:0 =====
SELECT * FROM s_1 ORDER BY a, b
                                                   QUERY PLAN                                                    
-----------------------------------------------------------------------------------------------------------------
 Limit  (cost=79.33..79.33 rows=1 width=20) (actual time=0.341..0.341 rows=0 loops=1)
   ->  Sort  (cost=66.83..69.33 rows=1000 width=20) (actual time=0.287..0.319 rows=1000 loops=1)
         Sort Key: s_1.a, s_1.b
         Sort Method: quicksort  Memory: 103kB
         ->  Seq Scan on s_1  (cost=0.00..17.00 rows=1000 width=20) (actual time=0.004..0.063 rows=1000 loops=1)
 Planning time: 0.253 ms
 Execution time: 0.374 ms
(7 rows)

===== 34 [Wed Mar  7 01:55:19 CET 2018] scale:1000 groups:10 work_mem:64MB incremental:on max_workers:0 =====
SELECT * FROM s_2 ORDER BY a, b, c
                                                   QUERY PLAN                                                    
-----------------------------------------------------------------------------------------------------------------
 Limit  (cost=79.33..79.33 rows=1 width=20) (actual time=0.396..0.396 rows=0 loops=1)
   ->  Sort  (cost=66.83..69.33 rows=1000 width=20) (actual time=0.341..0.373 rows=1000 loops=1)
         Sort Key: s_2.a, s_2.b, s_2.c
         Sort Method: quicksort  Memory: 103kB
         ->  Seq Scan on s_2  (cost=0.00..17.00 rows=1000 width=20) (actual time=0.007..0.060 rows=1000 loops=1)
 Planning time: 0.264 ms
 Execution time: 0.416 ms
(7 rows)

===== 35 [Wed Mar  7 01:55:19 CET 2018] scale:1000 groups:10 work_mem:64MB incremental:on max_workers:0 =====
SELECT * FROM s_3 ORDER BY a, b, c, d
                                                   QUERY PLAN                                                    
-----------------------------------------------------------------------------------------------------------------
 Limit  (cost=79.33..79.33 rows=1 width=20) (actual time=0.403..0.403 rows=0 loops=1)
   ->  Sort  (cost=66.83..69.33 rows=1000 width=20) (actual time=0.349..0.381 rows=1000 loops=1)
         Sort Key: s_3.a, s_3.b, s_3.c, s_3.d
         Sort Method: quicksort  Memory: 103kB
         ->  Seq Scan on s_3  (cost=0.00..17.00 rows=1000 width=20) (actual time=0.004..0.057 rows=1000 loops=1)
 Planning time: 0.266 ms
 Execution time: 0.423 ms
(7 rows)

===== 36 [Wed Mar  7 01:55:19 CET 2018] scale:1000 groups:10 work_mem:64MB incremental:on max_workers:0 =====
SELECT * FROM s_4 ORDER BY a, b, c, d, e
                                                   QUERY PLAN                                                    
-----------------------------------------------------------------------------------------------------------------
 Limit  (cost=79.33..79.33 rows=1 width=20) (actual time=0.365..0.365 rows=0 loops=1)
   ->  Sort  (cost=66.83..69.33 rows=1000 width=20) (actual time=0.310..0.343 rows=1000 loops=1)
         Sort Key: s_4.a, s_4.b, s_4.c, s_4.d, s_4.e
         Sort Method: quicksort  Memory: 103kB
         ->  Seq Scan on s_4  (cost=0.00..17.00 rows=1000 width=20) (actual time=0.009..0.062 rows=1000 loops=1)
 Planning time: 0.262 ms
 Execution time: 0.385 ms
(7 rows)

===== 37 [Wed Mar  7 01:55:19 CET 2018] scale:1000 groups:10 work_mem:64MB incremental:off max_workers:0 =====
SELECT * FROM s_1 ORDER BY a, b
                                                   QUERY PLAN                                                    
-----------------------------------------------------------------------------------------------------------------
 Limit  (cost=79.33..79.33 rows=1 width=20) (actual time=0.341..0.341 rows=0 loops=1)
   ->  Sort  (cost=66.83..69.33 rows=1000 width=20) (actual time=0.287..0.319 rows=1000 loops=1)
         Sort Key: s_1.a, s_1.b
         Sort Method: quicksort  Memory: 103kB
         ->  Seq Scan on s_1  (cost=0.00..17.00 rows=1000 width=20) (actual time=0.004..0.064 rows=1000 loops=1)
 Planning time: 0.245 ms
 Execution time: 0.369 ms
(7 rows)

===== 38 [Wed Mar  7 01:55:19 CET 2018] scale:1000 groups:10 work_mem:64MB incremental:off max_workers:0 =====
SELECT * FROM s_2 ORDER BY a, b, c
                                                   QUERY PLAN                                                    
-----------------------------------------------------------------------------------------------------------------
 Limit  (cost=79.33..79.33 rows=1 width=20) (actual time=0.401..0.401 rows=0 loops=1)
   ->  Sort  (cost=66.83..69.33 rows=1000 width=20) (actual time=0.347..0.379 rows=1000 loops=1)
         Sort Key: s_2.a, s_2.b, s_2.c
         Sort Method: quicksort  Memory: 103kB
         ->  Seq Scan on s_2  (cost=0.00..17.00 rows=1000 width=20) (actual time=0.007..0.059 rows=1000 loops=1)
 Planning time: 0.258 ms
 Execution time: 0.421 ms
(7 rows)

===== 39 [Wed Mar  7 01:55:19 CET 2018] scale:1000 groups:10 work_mem:64MB incremental:off max_workers:0 =====
SELECT * FROM s_3 ORDER BY a, b, c, d
                                                   QUERY PLAN                                                    
-----------------------------------------------------------------------------------------------------------------
 Limit  (cost=79.33..79.33 rows=1 width=20) (actual time=0.410..0.410 rows=0 loops=1)
   ->  Sort  (cost=66.83..69.33 rows=1000 width=20) (actual time=0.355..0.387 rows=1000 loops=1)
         Sort Key: s_3.a, s_3.b, s_3.c, s_3.d
         Sort Method: quicksort  Memory: 103kB
         ->  Seq Scan on s_3  (cost=0.00..17.00 rows=1000 width=20) (actual time=0.004..0.065 rows=1000 loops=1)
 Planning time: 0.256 ms
 Execution time: 0.429 ms
(7 rows)

===== 40 [Wed Mar  7 01:55:20 CET 2018] scale:1000 groups:10 work_mem:64MB incremental:off max_workers:0 =====
SELECT * FROM s_4 ORDER BY a, b, c, d, e
                                                   QUERY PLAN                                                    
-----------------------------------------------------------------------------------------------------------------
 Limit  (cost=79.33..79.33 rows=1 width=20) (actual time=0.364..0.364 rows=0 loops=1)
   ->  Sort  (cost=66.83..69.33 rows=1000 width=20) (actual time=0.310..0.342 rows=1000 loops=1)
         Sort Key: s_4.a, s_4.b, s_4.c, s_4.d, s_4.e
         Sort Method: quicksort  Memory: 103kB
         ->  Seq Scan on s_4  (cost=0.00..17.00 rows=1000 width=20) (actual time=0.009..0.062 rows=1000 loops=1)
 Planning time: 0.261 ms
 Execution time: 0.383 ms
(7 rows)

===== 41 [Wed Mar  7 01:55:20 CET 2018] scale:1000 groups:10 work_mem:128MB incremental:on max_workers:0 =====
SELECT * FROM s_1 ORDER BY a, b
                                                   QUERY PLAN                                                    
-----------------------------------------------------------------------------------------------------------------
 Limit  (cost=79.33..79.33 rows=1 width=20) (actual time=0.350..0.350 rows=0 loops=1)
   ->  Sort  (cost=66.83..69.33 rows=1000 width=20) (actual time=0.295..0.327 rows=1000 loops=1)
         Sort Key: s_1.a, s_1.b
         Sort Method: quicksort  Memory: 103kB
         ->  Seq Scan on s_1  (cost=0.00..17.00 rows=1000 width=20) (actual time=0.004..0.071 rows=1000 loops=1)
 Planning time: 0.250 ms
 Execution time: 0.382 ms
(7 rows)

===== 42 [Wed Mar  7 01:55:20 CET 2018] scale:1000 groups:10 work_mem:128MB incremental:on max_workers:0 =====
SELECT * FROM s_2 ORDER BY a, b, c
                                                   QUERY PLAN                                                    
-----------------------------------------------------------------------------------------------------------------
 Limit  (cost=79.33..79.33 rows=1 width=20) (actual time=0.404..0.404 rows=0 loops=1)
   ->  Sort  (cost=66.83..69.33 rows=1000 width=20) (actual time=0.349..0.381 rows=1000 loops=1)
         Sort Key: s_2.a, s_2.b, s_2.c
         Sort Method: quicksort  Memory: 103kB
         ->  Seq Scan on s_2  (cost=0.00..17.00 rows=1000 width=20) (actual time=0.007..0.060 rows=1000 loops=1)
 Planning time: 0.260 ms
 Execution time: 0.423 ms
(7 rows)

===== 43 [Wed Mar  7 01:55:20 CET 2018] scale:1000 groups:10 work_mem:128MB incremental:on max_workers:0 =====
SELECT * FROM s_3 ORDER BY a, b, c, d
                                                   QUERY PLAN                                                    
-----------------------------------------------------------------------------------------------------------------
 Limit  (cost=79.33..79.33 rows=1 width=20) (actual time=0.400..0.400 rows=0 loops=1)
   ->  Sort  (cost=66.83..69.33 rows=1000 width=20) (actual time=0.345..0.378 rows=1000 loops=1)
         Sort Key: s_3.a, s_3.b, s_3.c, s_3.d
         Sort Method: quicksort  Memory: 103kB
         ->  Seq Scan on s_3  (cost=0.00..17.00 rows=1000 width=20) (actual time=0.004..0.057 rows=1000 loops=1)
 Planning time: 0.265 ms
 Execution time: 0.419 ms
(7 rows)

===== 44 [Wed Mar  7 01:55:20 CET 2018] scale:1000 groups:10 work_mem:128MB incremental:on max_workers:0 =====
SELECT * FROM s_4 ORDER BY a, b, c, d, e
                                                   QUERY PLAN                                                    
-----------------------------------------------------------------------------------------------------------------
 Limit  (cost=79.33..79.33 rows=1 width=20) (actual time=0.374..0.374 rows=0 loops=1)
   ->  Sort  (cost=66.83..69.33 rows=1000 width=20) (actual time=0.318..0.351 rows=1000 loops=1)
         Sort Key: s_4.a, s_4.b, s_4.c, s_4.d, s_4.e
         Sort Method: quicksort  Memory: 103kB
         ->  Seq Scan on s_4  (cost=0.00..17.00 rows=1000 width=20) (actual time=0.010..0.062 rows=1000 loops=1)
 Planning time: 0.266 ms
 Execution time: 0.393 ms
(7 rows)

===== 45 [Wed Mar  7 01:55:20 CET 2018] scale:1000 groups:10 work_mem:128MB incremental:off max_workers:0 =====
SELECT * FROM s_1 ORDER BY a, b
                                                   QUERY PLAN                                                    
-----------------------------------------------------------------------------------------------------------------
 Limit  (cost=79.33..79.33 rows=1 width=20) (actual time=0.336..0.336 rows=0 loops=1)
   ->  Sort  (cost=66.83..69.33 rows=1000 width=20) (actual time=0.281..0.313 rows=1000 loops=1)
         Sort Key: s_1.a, s_1.b
         Sort Method: quicksort  Memory: 103kB
         ->  Seq Scan on s_1  (cost=0.00..17.00 rows=1000 width=20) (actual time=0.004..0.063 rows=1000 loops=1)
 Planning time: 0.247 ms
 Execution time: 0.365 ms
(7 rows)

===== 46 [Wed Mar  7 01:55:20 CET 2018] scale:1000 groups:10 work_mem:128MB incremental:off max_workers:0 =====
SELECT * FROM s_2 ORDER BY a, b, c
                                                   QUERY PLAN                                                    
-----------------------------------------------------------------------------------------------------------------
 Limit  (cost=79.33..79.33 rows=1 width=20) (actual time=0.402..0.402 rows=0 loops=1)
   ->  Sort  (cost=66.83..69.33 rows=1000 width=20) (actual time=0.346..0.379 rows=1000 loops=1)
         Sort Key: s_2.a, s_2.b, s_2.c
         Sort Method: quicksort  Memory: 103kB
         ->  Seq Scan on s_2  (cost=0.00..17.00 rows=1000 width=20) (actual time=0.006..0.059 rows=1000 loops=1)
 Planning time: 0.247 ms
 Execution time: 0.420 ms
(7 rows)

===== 47 [Wed Mar  7 01:55:20 CET 2018] scale:1000 groups:10 work_mem:128MB incremental:off max_workers:0 =====
SELECT * FROM s_3 ORDER BY a, b, c, d
                                                   QUERY PLAN                                                    
-----------------------------------------------------------------------------------------------------------------
 Limit  (cost=79.33..79.33 rows=1 width=20) (actual time=0.404..0.404 rows=0 loops=1)
   ->  Sort  (cost=66.83..69.33 rows=1000 width=20) (actual time=0.349..0.382 rows=1000 loops=1)
         Sort Key: s_3.a, s_3.b, s_3.c, s_3.d
         Sort Method: quicksort  Memory: 103kB
         ->  Seq Scan on s_3  (cost=0.00..17.00 rows=1000 width=20) (actual time=0.004..0.057 rows=1000 loops=1)
 Planning time: 0.255 ms
 Execution time: 0.425 ms
(7 rows)

===== 48 [Wed Mar  7 01:55:20 CET 2018] scale:1000 groups:10 work_mem:128MB incremental:off max_workers:0 =====
SELECT * FROM s_4 ORDER BY a, b, c, d, e
                                                   QUERY PLAN                                                    
-----------------------------------------------------------------------------------------------------------------
 Limit  (cost=79.33..79.33 rows=1 width=20) (actual time=0.366..0.366 rows=0 loops=1)
   ->  Sort  (cost=66.83..69.33 rows=1000 width=20) (actual time=0.312..0.344 rows=1000 loops=1)
         Sort Key: s_4.a, s_4.b, s_4.c, s_4.d, s_4.e
         Sort Method: quicksort  Memory: 103kB
         ->  Seq Scan on s_4  (cost=0.00..17.00 rows=1000 width=20) (actual time=0.009..0.063 rows=1000 loops=1)
 Planning time: 0.252 ms
 Execution time: 0.385 ms
(7 rows)

===== 49 [Wed Mar  7 01:55:20 CET 2018] scale:1000 groups:10 work_mem:256MB incremental:on max_workers:0 =====
SELECT * FROM s_1 ORDER BY a, b
                                                   QUERY PLAN                                                    
-----------------------------------------------------------------------------------------------------------------
 Limit  (cost=79.33..79.33 rows=1 width=20) (actual time=0.335..0.335 rows=0 loops=1)
   ->  Sort  (cost=66.83..69.33 rows=1000 width=20) (actual time=0.280..0.312 rows=1000 loops=1)
         Sort Key: s_1.a, s_1.b
         Sort Method: quicksort  Memory: 103kB
         ->  Seq Scan on s_1  (cost=0.00..17.00 rows=1000 width=20) (actual time=0.004..0.063 rows=1000 loops=1)
 Planning time: 0.255 ms
 Execution time: 0.371 ms
(7 rows)

===== 50 [Wed Mar  7 01:55:20 CET 2018] scale:1000 groups:10 work_mem:256MB incremental:on max_workers:0 =====
SELECT * FROM s_2 ORDER BY a, b, c
                                                   QUERY PLAN                                                    
-----------------------------------------------------------------------------------------------------------------
 Limit  (cost=79.33..79.33 rows=1 width=20) (actual time=0.401..0.401 rows=0 loops=1)
   ->  Sort  (cost=66.83..69.33 rows=1000 width=20) (actual time=0.345..0.379 rows=1000 loops=1)
         Sort Key: s_2.a, s_2.b, s_2.c
         Sort Method: quicksort  Memory: 103kB
         ->  Seq Scan on s_2  (cost=0.00..17.00 rows=1000 width=20) (actual time=0.006..0.059 rows=1000 loops=1)
 Planning time: 0.256 ms
 Execution time: 0.420 ms
(7 rows)

===== 51 [Wed Mar  7 01:55:20 CET 2018] scale:1000 groups:10 work_mem:256MB incremental:on max_workers:0 =====
SELECT * FROM s_3 ORDER BY a, b, c, d
                                                   QUERY PLAN                                                    
-----------------------------------------------------------------------------------------------------------------
 Limit  (cost=79.33..79.33 rows=1 width=20) (actual time=0.403..0.403 rows=0 loops=1)
   ->  Sort  (cost=66.83..69.33 rows=1000 width=20) (actual time=0.347..0.380 rows=1000 loops=1)
         Sort Key: s_3.a, s_3.b, s_3.c, s_3.d
         Sort Method: quicksort  Memory: 103kB
         ->  Seq Scan on s_3  (cost=0.00..17.00 rows=1000 width=20) (actual time=0.004..0.057 rows=1000 loops=1)
 Planning time: 0.273 ms
 Execution time: 0.423 ms
(7 rows)

===== 52 [Wed Mar  7 01:55:20 CET 2018] scale:1000 groups:10 work_mem:256MB incremental:on max_workers:0 =====
SELECT * FROM s_4 ORDER BY a, b, c, d, e
                                                   QUERY PLAN                                                    
-----------------------------------------------------------------------------------------------------------------
 Limit  (cost=79.33..79.33 rows=1 width=20) (actual time=0.370..0.370 rows=0 loops=1)
   ->  Sort  (cost=66.83..69.33 rows=1000 width=20) (actual time=0.315..0.348 rows=1000 loops=1)
         Sort Key: s_4.a, s_4.b, s_4.c, s_4.d, s_4.e
         Sort Method: quicksort  Memory: 103kB
         ->  Seq Scan on s_4  (cost=0.00..17.00 rows=1000 width=20) (actual time=0.010..0.063 rows=1000 loops=1)
 Planning time: 0.265 ms
 Execution time: 0.390 ms
(7 rows)

===== 53 [Wed Mar  7 01:55:20 CET 2018] scale:1000 groups:10 work_mem:256MB incremental:off max_workers:0 =====
SELECT * FROM s_1 ORDER BY a, b
                                                   QUERY PLAN                                                    
-----------------------------------------------------------------------------------------------------------------
 Limit  (cost=79.33..79.33 rows=1 width=20) (actual time=0.334..0.334 rows=0 loops=1)
   ->  Sort  (cost=66.83..69.33 rows=1000 width=20) (actual time=0.280..0.311 rows=1000 loops=1)
         Sort Key: s_1.a, s_1.b
         Sort Method: quicksort  Memory: 103kB
         ->  Seq Scan on s_1  (cost=0.00..17.00 rows=1000 width=20) (actual time=0.004..0.063 rows=1000 loops=1)
 Planning time: 0.246 ms
 Execution time: 0.362 ms
(7 rows)

===== 54 [Wed Mar  7 01:55:21 CET 2018] scale:1000 groups:10 work_mem:256MB incremental:off max_workers:0 =====
SELECT * FROM s_2 ORDER BY a, b, c
                                                   QUERY PLAN                                                    
-----------------------------------------------------------------------------------------------------------------
 Limit  (cost=79.33..79.33 rows=1 width=20) (actual time=0.399..0.399 rows=0 loops=1)
   ->  Sort  (cost=66.83..69.33 rows=1000 width=20) (actual time=0.344..0.376 rows=1000 loops=1)
         Sort Key: s_2.a, s_2.b, s_2.c
         Sort Method: quicksort  Memory: 103kB
         ->  Seq Scan on s_2  (cost=0.00..17.00 rows=1000 width=20) (actual time=0.007..0.059 rows=1000 loops=1)
 Planning time: 0.263 ms
 Execution time: 0.418 ms
(7 rows)

===== 55 [Wed Mar  7 01:55:21 CET 2018] scale:1000 groups:10 work_mem:256MB incremental:off max_workers:0 =====
SELECT * FROM s_3 ORDER BY a, b, c, d
                                                   QUERY PLAN                                                    
-----------------------------------------------------------------------------------------------------------------
 Limit  (cost=79.33..79.33 rows=1 width=20) (actual time=0.402..0.402 rows=0 loops=1)
   ->  Sort  (cost=66.83..69.33 rows=1000 width=20) (actual time=0.347..0.380 rows=1000 loops=1)
         Sort Key: s_3.a, s_3.b, s_3.c, s_3.d
         Sort Method: quicksort  Memory: 103kB
         ->  Seq Scan on s_3  (cost=0.00..17.00 rows=1000 width=20) (actual time=0.004..0.057 rows=1000 loops=1)
 Planning time: 0.254 ms
 Execution time: 0.421 ms
(7 rows)

===== 56 [Wed Mar  7 01:55:21 CET 2018] scale:1000 groups:10 work_mem:256MB incremental:off max_workers:0 =====
SELECT * FROM s_4 ORDER BY a, b, c, d, e
                                                   QUERY PLAN                                                    
-----------------------------------------------------------------------------------------------------------------
 Limit  (cost=79.33..79.33 rows=1 width=20) (actual time=0.373..0.373 rows=0 loops=1)
   ->  Sort  (cost=66.83..69.33 rows=1000 width=20) (actual time=0.318..0.350 rows=1000 loops=1)
         Sort Key: s_4.a, s_4.b, s_4.c, s_4.d, s_4.e
         Sort Method: quicksort  Memory: 103kB
         ->  Seq Scan on s_4  (cost=0.00..17.00 rows=1000 width=20) (actual time=0.009..0.063 rows=1000 loops=1)
 Planning time: 0.253 ms
 Execution time: 0.392 ms
(7 rows)

===== 57 [Wed Mar  7 01:55:21 CET 2018] scale:1000 groups:10 work_mem:4MB incremental:on max_workers:2 =====
SELECT * FROM s_1 ORDER BY a, b
                                                   QUERY PLAN                                                    
-----------------------------------------------------------------------------------------------------------------
 Limit  (cost=79.33..79.33 rows=1 width=20) (actual time=0.339..0.339 rows=0 loops=1)
   ->  Sort  (cost=66.83..69.33 rows=1000 width=20) (actual time=0.285..0.317 rows=1000 loops=1)
         Sort Key: s_1.a, s_1.b
         Sort Method: quicksort  Memory: 103kB
         ->  Seq Scan on s_1  (cost=0.00..17.00 rows=1000 width=20) (actual time=0.004..0.062 rows=1000 loops=1)
 Planning time: 0.255 ms
 Execution time: 0.370 ms
(7 rows)

===== 58 [Wed Mar  7 01:55:21 CET 2018] scale:1000 groups:10 work_mem:4MB incremental:on max_workers:2 =====
SELECT * FROM s_2 ORDER BY a, b, c
                                                   QUERY PLAN                                                    
-----------------------------------------------------------------------------------------------------------------
 Limit  (cost=79.33..79.33 rows=1 width=20) (actual time=0.396..0.396 rows=0 loops=1)
   ->  Sort  (cost=66.83..69.33 rows=1000 width=20) (actual time=0.341..0.373 rows=1000 loops=1)
         Sort Key: s_2.a, s_2.b, s_2.c
         Sort Method: quicksort  Memory: 103kB
         ->  Seq Scan on s_2  (cost=0.00..17.00 rows=1000 width=20) (actual time=0.007..0.059 rows=1000 loops=1)
 Planning time: 0.261 ms
 Execution time: 0.415 ms
(7 rows)

===== 59 [Wed Mar  7 01:55:21 CET 2018] scale:1000 groups:10 work_mem:4MB incremental:on max_workers:2 =====
SELECT * FROM s_3 ORDER BY a, b, c, d
                                                   QUERY PLAN                                                    
-----------------------------------------------------------------------------------------------------------------
 Limit  (cost=79.33..79.33 rows=1 width=20) (actual time=0.398..0.398 rows=0 loops=1)
   ->  Sort  (cost=66.83..69.33 rows=1000 width=20) (actual time=0.343..0.376 rows=1000 loops=1)
         Sort Key: s_3.a, s_3.b, s_3.c, s_3.d
         Sort Method: quicksort  Memory: 103kB
         ->  Seq Scan on s_3  (cost=0.00..17.00 rows=1000 width=20) (actual time=0.004..0.057 rows=1000 loops=1)
 Planning time: 0.272 ms
 Execution time: 0.417 ms
(7 rows)

===== 60 [Wed Mar  7 01:55:21 CET 2018] scale:1000 groups:10 work_mem:4MB incremental:on max_workers:2 =====
SELECT * FROM s_4 ORDER BY a, b, c, d, e
                                                   QUERY PLAN                                                    
-----------------------------------------------------------------------------------------------------------------
 Limit  (cost=79.33..79.33 rows=1 width=20) (actual time=0.374..0.374 rows=0 loops=1)
   ->  Sort  (cost=66.83..69.33 rows=1000 width=20) (actual time=0.318..0.352 rows=1000 loops=1)
         Sort Key: s_4.a, s_4.b, s_4.c, s_4.d, s_4.e
         Sort Method: quicksort  Memory: 103kB
         ->  Seq Scan on s_4  (cost=0.00..17.00 rows=1000 width=20) (actual time=0.009..0.069 rows=1000 loops=1)
 Planning time: 0.268 ms
 Execution time: 0.392 ms
(7 rows)

===== 61 [Wed Mar  7 01:55:21 CET 2018] scale:1000 groups:10 work_mem:4MB incremental:off max_workers:2 =====
SELECT * FROM s_1 ORDER BY a, b
                                                   QUERY PLAN                                                    
-----------------------------------------------------------------------------------------------------------------
 Limit  (cost=79.33..79.33 rows=1 width=20) (actual time=0.341..0.341 rows=0 loops=1)
   ->  Sort  (cost=66.83..69.33 rows=1000 width=20) (actual time=0.286..0.318 rows=1000 loops=1)
         Sort Key: s_1.a, s_1.b
         Sort Method: quicksort  Memory: 103kB
         ->  Seq Scan on s_1  (cost=0.00..17.00 rows=1000 width=20) (actual time=0.004..0.064 rows=1000 loops=1)
 Planning time: 0.248 ms
 Execution time: 0.369 ms
(7 rows)

===== 62 [Wed Mar  7 01:55:21 CET 2018] scale:1000 groups:10 work_mem:4MB incremental:off max_workers:2 =====
SELECT * FROM s_2 ORDER BY a, b, c
                                                   QUERY PLAN                                                    
-----------------------------------------------------------------------------------------------------------------
 Limit  (cost=79.33..79.33 rows=1 width=20) (actual time=0.400..0.400 rows=0 loops=1)
   ->  Sort  (cost=66.83..69.33 rows=1000 width=20) (actual time=0.346..0.378 rows=1000 loops=1)
         Sort Key: s_2.a, s_2.b, s_2.c
         Sort Method: quicksort  Memory: 103kB
         ->  Seq Scan on s_2  (cost=0.00..17.00 rows=1000 width=20) (actual time=0.007..0.059 rows=1000 loops=1)
 Planning time: 0.253 ms
 Execution time: 0.420 ms
(7 rows)

===== 63 [Wed Mar  7 01:55:21 CET 2018] scale:1000 groups:10 work_mem:4MB incremental:off max_workers:2 =====
SELECT * FROM s_3 ORDER BY a, b, c, d
                                                   QUERY PLAN                                                    
-----------------------------------------------------------------------------------------------------------------
 Limit  (cost=79.33..79.33 rows=1 width=20) (actual time=0.403..0.403 rows=0 loops=1)
   ->  Sort  (cost=66.83..69.33 rows=1000 width=20) (actual time=0.349..0.381 rows=1000 loops=1)
         Sort Key: s_3.a, s_3.b, s_3.c, s_3.d
         Sort Method: quicksort  Memory: 103kB
         ->  Seq Scan on s_3  (cost=0.00..17.00 rows=1000 width=20) (actual time=0.004..0.057 rows=1000 loops=1)
 Planning time: 0.261 ms
 Execution time: 0.427 ms
(7 rows)

===== 64 [Wed Mar  7 01:55:21 CET 2018] scale:1000 groups:10 work_mem:4MB incremental:off max_workers:2 =====
SELECT * FROM s_4 ORDER BY a, b, c, d, e
                                                   QUERY PLAN                                                    
-----------------------------------------------------------------------------------------------------------------
 Limit  (cost=79.33..79.33 rows=1 width=20) (actual time=0.369..0.369 rows=0 loops=1)
   ->  Sort  (cost=66.83..69.33 rows=1000 width=20) (actual time=0.315..0.346 rows=1000 loops=1)
         Sort Key: s_4.a, s_4.b, s_4.c, s_4.d, s_4.e
         Sort Method: quicksort  Memory: 103kB
         ->  Seq Scan on s_4  (cost=0.00..17.00 rows=1000 width=20) (actual time=0.009..0.063 rows=1000 loops=1)
 Planning time: 0.257 ms
 Execution time: 0.388 ms
(7 rows)

===== 65 [Wed Mar  7 01:55:21 CET 2018] scale:1000 groups:10 work_mem:8MB incremental:on max_workers:2 =====
SELECT * FROM s_1 ORDER BY a, b
                                                   QUERY PLAN                                                    
-----------------------------------------------------------------------------------------------------------------
 Limit  (cost=79.33..79.33 rows=1 width=20) (actual time=0.338..0.338 rows=0 loops=1)
   ->  Sort  (cost=66.83..69.33 rows=1000 width=20) (actual time=0.284..0.315 rows=1000 loops=1)
         Sort Key: s_1.a, s_1.b
         Sort Method: quicksort  Memory: 103kB
         ->  Seq Scan on s_1  (cost=0.00..17.00 rows=1000 width=20) (actual time=0.004..0.062 rows=1000 loops=1)
 Planning time: 0.253 ms
 Execution time: 0.371 ms
(7 rows)

===== 66 [Wed Mar  7 01:55:21 CET 2018] scale:1000 groups:10 work_mem:8MB incremental:on max_workers:2 =====
SELECT * FROM s_2 ORDER BY a, b, c
                                                   QUERY PLAN                                                    
-----------------------------------------------------------------------------------------------------------------
 Limit  (cost=79.33..79.33 rows=1 width=20) (actual time=0.403..0.403 rows=0 loops=1)
   ->  Sort  (cost=66.83..69.33 rows=1000 width=20) (actual time=0.342..0.375 rows=1000 loops=1)
         Sort Key: s_2.a, s_2.b, s_2.c
         Sort Method: quicksort  Memory: 103kB
         ->  Seq Scan on s_2  (cost=0.00..17.00 rows=1000 width=20) (actual time=0.006..0.060 rows=1000 loops=1)
 Planning time: 0.262 ms
 Execution time: 0.422 ms
(7 rows)

===== 67 [Wed Mar  7 01:55:21 CET 2018] scale:1000 groups:10 work_mem:8MB incremental:on max_workers:2 =====
SELECT * FROM s_3 ORDER BY a, b, c, d
                                                   QUERY PLAN                                                    
-----------------------------------------------------------------------------------------------------------------
 Limit  (cost=79.33..79.33 rows=1 width=20) (actual time=0.405..0.405 rows=0 loops=1)
   ->  Sort  (cost=66.83..69.33 rows=1000 width=20) (actual time=0.350..0.382 rows=1000 loops=1)
         Sort Key: s_3.a, s_3.b, s_3.c, s_3.d
         Sort Method: quicksort  Memory: 103kB
         ->  Seq Scan on s_3  (cost=0.00..17.00 rows=1000 width=20) (actual time=0.004..0.063 rows=1000 loops=1)
 Planning time: 0.268 ms
 Execution time: 0.423 ms
(7 rows)

===== 68 [Wed Mar  7 01:55:22 CET 2018] scale:1000 groups:10 work_mem:8MB incremental:on max_workers:2 =====
SELECT * FROM s_4 ORDER BY a, b, c, d, e
                                                   QUERY PLAN                                                    
-----------------------------------------------------------------------------------------------------------------
 Limit  (cost=79.33..79.33 rows=1 width=20) (actual time=0.366..0.366 rows=0 loops=1)
   ->  Sort  (cost=66.83..69.33 rows=1000 width=20) (actual time=0.310..0.343 rows=1000 loops=1)
         Sort Key: s_4.a, s_4.b, s_4.c, s_4.d, s_4.e
         Sort Method: quicksort  Memory: 103kB
         ->  Seq Scan on s_4  (cost=0.00..17.00 rows=1000 width=20) (actual time=0.009..0.062 rows=1000 loops=1)
 Planning time: 0.277 ms
 Execution time: 0.385 ms
(7 rows)

===== 69 [Wed Mar  7 01:55:22 CET 2018] scale:1000 groups:10 work_mem:8MB incremental:off max_workers:2 =====
SELECT * FROM s_1 ORDER BY a, b
                                                   QUERY PLAN                                                    
-----------------------------------------------------------------------------------------------------------------
 Limit  (cost=79.33..79.33 rows=1 width=20) (actual time=0.337..0.337 rows=0 loops=1)
   ->  Sort  (cost=66.83..69.33 rows=1000 width=20) (actual time=0.283..0.315 rows=1000 loops=1)
         Sort Key: s_1.a, s_1.b
         Sort Method: quicksort  Memory: 103kB
         ->  Seq Scan on s_1  (cost=0.00..17.00 rows=1000 width=20) (actual time=0.004..0.063 rows=1000 loops=1)
 Planning time: 0.248 ms
 Execution time: 0.366 ms
(7 rows)

===== 70 [Wed Mar  7 01:55:22 CET 2018] scale:1000 groups:10 work_mem:8MB incremental:off max_workers:2 =====
SELECT * FROM s_2 ORDER BY a, b, c
                                                   QUERY PLAN                                                    
-----------------------------------------------------------------------------------------------------------------
 Limit  (cost=79.33..79.33 rows=1 width=20) (actual time=0.401..0.401 rows=0 loops=1)
   ->  Sort  (cost=66.83..69.33 rows=1000 width=20) (actual time=0.346..0.378 rows=1000 loops=1)
         Sort Key: s_2.a, s_2.b, s_2.c
         Sort Method: quicksort  Memory: 103kB
         ->  Seq Scan on s_2  (cost=0.00..17.00 rows=1000 width=20) (actual time=0.007..0.059 rows=1000 loops=1)
 Planning time: 0.251 ms
 Execution time: 0.420 ms
(7 rows)

===== 71 [Wed Mar  7 01:55:22 CET 2018] scale:1000 groups:10 work_mem:8MB incremental:off max_workers:2 =====
SELECT * FROM s_3 ORDER BY a, b, c, d
                                                   QUERY PLAN                                                    
-----------------------------------------------------------------------------------------------------------------
 Limit  (cost=79.33..79.33 rows=1 width=20) (actual time=0.404..0.404 rows=0 loops=1)
   ->  Sort  (cost=66.83..69.33 rows=1000 width=20) (actual time=0.350..0.382 rows=1000 loops=1)
         Sort Key: s_3.a, s_3.b, s_3.c, s_3.d
         Sort Method: quicksort  Memory: 103kB
         ->  Seq Scan on s_3  (cost=0.00..17.00 rows=1000 width=20) (actual time=0.004..0.061 rows=1000 loops=1)
 Planning time: 0.259 ms
 Execution time: 0.423 ms
(7 rows)

===== 72 [Wed Mar  7 01:55:22 CET 2018] scale:1000 groups:10 work_mem:8MB incremental:off max_workers:2 =====
SELECT * FROM s_4 ORDER BY a, b, c, d, e
                                                   QUERY PLAN                                                    
-----------------------------------------------------------------------------------------------------------------
 Limit  (cost=79.33..79.33 rows=1 width=20) (actual time=0.364..0.364 rows=0 loops=1)
   ->  Sort  (cost=66.83..69.33 rows=1000 width=20) (actual time=0.309..0.341 rows=1000 loops=1)
         Sort Key: s_4.a, s_4.b, s_4.c, s_4.d, s_4.e
         Sort Method: quicksort  Memory: 103kB
         ->  Seq Scan on s_4  (cost=0.00..17.00 rows=1000 width=20) (actual time=0.009..0.062 rows=1000 loops=1)
 Planning time: 0.255 ms
 Execution time: 0.383 ms
(7 rows)

===== 73 [Wed Mar  7 01:55:22 CET 2018] scale:1000 groups:10 work_mem:16MB incremental:on max_workers:2 =====
SELECT * FROM s_1 ORDER BY a, b
                                                   QUERY PLAN                                                    
-----------------------------------------------------------------------------------------------------------------
 Limit  (cost=79.33..79.33 rows=1 width=20) (actual time=0.348..0.348 rows=0 loops=1)
   ->  Sort  (cost=66.83..69.33 rows=1000 width=20) (actual time=0.293..0.325 rows=1000 loops=1)
         Sort Key: s_1.a, s_1.b
         Sort Method: quicksort  Memory: 103kB
         ->  Seq Scan on s_1  (cost=0.00..17.00 rows=1000 width=20) (actual time=0.004..0.071 rows=1000 loops=1)
 Planning time: 0.251 ms
 Execution time: 0.380 ms
(7 rows)

===== 74 [Wed Mar  7 01:55:22 CET 2018] scale:1000 groups:10 work_mem:16MB incremental:on max_workers:2 =====
SELECT * FROM s_2 ORDER BY a, b, c
                                                   QUERY PLAN                                                    
-----------------------------------------------------------------------------------------------------------------
 Limit  (cost=79.33..79.33 rows=1 width=20) (actual time=0.398..0.398 rows=0 loops=1)
   ->  Sort  (cost=66.83..69.33 rows=1000 width=20) (actual time=0.343..0.375 rows=1000 loops=1)
         Sort Key: s_2.a, s_2.b, s_2.c
         Sort Method: quicksort  Memory: 103kB
         ->  Seq Scan on s_2  (cost=0.00..17.00 rows=1000 width=20) (actual time=0.007..0.060 rows=1000 loops=1)
 Planning time: 0.263 ms
 Execution time: 0.417 ms
(7 rows)

===== 75 [Wed Mar  7 01:55:22 CET 2018] scale:1000 groups:10 work_mem:16MB incremental:on max_workers:2 =====
SELECT * FROM s_3 ORDER BY a, b, c, d
                                                   QUERY PLAN                                                    
-----------------------------------------------------------------------------------------------------------------
 Limit  (cost=79.33..79.33 rows=1 width=20) (actual time=0.401..0.401 rows=0 loops=1)
   ->  Sort  (cost=66.83..69.33 rows=1000 width=20) (actual time=0.346..0.379 rows=1000 loops=1)
         Sort Key: s_3.a, s_3.b, s_3.c, s_3.d
         Sort Method: quicksort  Memory: 103kB
         ->  Seq Scan on s_3  (cost=0.00..17.00 rows=1000 width=20) (actual time=0.004..0.057 rows=1000 loops=1)
 Planning time: 0.268 ms
 Execution time: 0.427 ms
(7 rows)

===== 76 [Wed Mar  7 01:55:22 CET 2018] scale:1000 groups:10 work_mem:16MB incremental:on max_workers:2 =====
SELECT * FROM s_4 ORDER BY a, b, c, d, e
                                                   QUERY PLAN                                                    
-----------------------------------------------------------------------------------------------------------------
 Limit  (cost=79.33..79.33 rows=1 width=20) (actual time=0.367..0.367 rows=0 loops=1)
   ->  Sort  (cost=66.83..69.33 rows=1000 width=20) (actual time=0.311..0.344 rows=1000 loops=1)
         Sort Key: s_4.a, s_4.b, s_4.c, s_4.d, s_4.e
         Sort Method: quicksort  Memory: 103kB
         ->  Seq Scan on s_4  (cost=0.00..17.00 rows=1000 width=20) (actual time=0.010..0.063 rows=1000 loops=1)
 Planning time: 0.274 ms
 Execution time: 0.385 ms
(7 rows)

===== 77 [Wed Mar  7 01:55:22 CET 2018] scale:1000 groups:10 work_mem:16MB incremental:off max_workers:2 =====
SELECT * FROM s_1 ORDER BY a, b
                                                   QUERY PLAN                                                    
-----------------------------------------------------------------------------------------------------------------
 Limit  (cost=79.33..79.33 rows=1 width=20) (actual time=0.342..0.342 rows=0 loops=1)
   ->  Sort  (cost=66.83..69.33 rows=1000 width=20) (actual time=0.288..0.320 rows=1000 loops=1)
         Sort Key: s_1.a, s_1.b
         Sort Method: quicksort  Memory: 103kB
         ->  Seq Scan on s_1  (cost=0.00..17.00 rows=1000 width=20) (actual time=0.004..0.063 rows=1000 loops=1)
 Planning time: 0.246 ms
 Execution time: 0.371 ms
(7 rows)

===== 78 [Wed Mar  7 01:55:22 CET 2018] scale:1000 groups:10 work_mem:16MB incremental:off max_workers:2 =====
SELECT * FROM s_2 ORDER BY a, b, c
                                                   QUERY PLAN                                                    
-----------------------------------------------------------------------------------------------------------------
 Limit  (cost=79.33..79.33 rows=1 width=20) (actual time=0.402..0.402 rows=0 loops=1)
   ->  Sort  (cost=66.83..69.33 rows=1000 width=20) (actual time=0.348..0.379 rows=1000 loops=1)
         Sort Key: s_2.a, s_2.b, s_2.c
         Sort Method: quicksort  Memory: 103kB
         ->  Seq Scan on s_2  (cost=0.00..17.00 rows=1000 width=20) (actual time=0.007..0.059 rows=1000 loops=1)
 Planning time: 0.249 ms
 Execution time: 0.422 ms
(7 rows)

===== 79 [Wed Mar  7 01:55:22 CET 2018] scale:1000 groups:10 work_mem:16MB incremental:off max_workers:2 =====
SELECT * FROM s_3 ORDER BY a, b, c, d
                                                   QUERY PLAN                                                    
-----------------------------------------------------------------------------------------------------------------
 Limit  (cost=79.33..79.33 rows=1 width=20) (actual time=0.404..0.404 rows=0 loops=1)
   ->  Sort  (cost=66.83..69.33 rows=1000 width=20) (actual time=0.349..0.381 rows=1000 loops=1)
         Sort Key: s_3.a, s_3.b, s_3.c, s_3.d
         Sort Method: quicksort  Memory: 103kB
         ->  Seq Scan on s_3  (cost=0.00..17.00 rows=1000 width=20) (actual time=0.004..0.057 rows=1000 loops=1)
 Planning time: 0.255 ms
 Execution time: 0.423 ms
(7 rows)

===== 80 [Wed Mar  7 01:55:22 CET 2018] scale:1000 groups:10 work_mem:16MB incremental:off max_workers:2 =====
SELECT * FROM s_4 ORDER BY a, b, c, d, e
                                                   QUERY PLAN                                                    
-----------------------------------------------------------------------------------------------------------------
 Limit  (cost=79.33..79.33 rows=1 width=20) (actual time=0.369..0.369 rows=0 loops=1)
   ->  Sort  (cost=66.83..69.33 rows=1000 width=20) (actual time=0.315..0.347 rows=1000 loops=1)
         Sort Key: s_4.a, s_4.b, s_4.c, s_4.d, s_4.e
         Sort Method: quicksort  Memory: 103kB
         ->  Seq Scan on s_4  (cost=0.00..17.00 rows=1000 width=20) (actual time=0.009..0.063 rows=1000 loops=1)
 Planning time: 0.255 ms
 Execution time: 0.388 ms
(7 rows)

===== 81 [Wed Mar  7 01:55:22 CET 2018] scale:1000 groups:10 work_mem:32MB incremental:on max_workers:2 =====
SELECT * FROM s_1 ORDER BY a, b
                                                   QUERY PLAN                                                    
-----------------------------------------------------------------------------------------------------------------
 Limit  (cost=79.33..79.33 rows=1 width=20) (actual time=0.341..0.341 rows=0 loops=1)
   ->  Sort  (cost=66.83..69.33 rows=1000 width=20) (actual time=0.286..0.319 rows=1000 loops=1)
         Sort Key: s_1.a, s_1.b
         Sort Method: quicksort  Memory: 103kB
         ->  Seq Scan on s_1  (cost=0.00..17.00 rows=1000 width=20) (actual time=0.004..0.063 rows=1000 loops=1)
 Planning time: 0.250 ms
 Execution time: 0.374 ms
(7 rows)

===== 82 [Wed Mar  7 01:55:23 CET 2018] scale:1000 groups:10 work_mem:32MB incremental:on max_workers:2 =====
SELECT * FROM s_2 ORDER BY a, b, c
                                                   QUERY PLAN                                                    
-----------------------------------------------------------------------------------------------------------------
 Limit  (cost=79.33..79.33 rows=1 width=20) (actual time=0.395..0.395 rows=0 loops=1)
   ->  Sort  (cost=66.83..69.33 rows=1000 width=20) (actual time=0.340..0.373 rows=1000 loops=1)
         Sort Key: s_2.a, s_2.b, s_2.c
         Sort Method: quicksort  Memory: 103kB
         ->  Seq Scan on s_2  (cost=0.00..17.00 rows=1000 width=20) (actual time=0.007..0.059 rows=1000 loops=1)
 Planning time: 0.271 ms
 Execution time: 0.416 ms
(7 rows)

===== 83 [Wed Mar  7 01:55:23 CET 2018] scale:1000 groups:10 work_mem:32MB incremental:on max_workers:2 =====
SELECT * FROM s_3 ORDER BY a, b, c, d
                                                   QUERY PLAN                                                    
-----------------------------------------------------------------------------------------------------------------
 Limit  (cost=79.33..79.33 rows=1 width=20) (actual time=0.408..0.408 rows=0 loops=1)
   ->  Sort  (cost=66.83..69.33 rows=1000 width=20) (actual time=0.354..0.386 rows=1000 loops=1)
         Sort Key: s_3.a, s_3.b, s_3.c, s_3.d
         Sort Method: quicksort  Memory: 103kB
         ->  Seq Scan on s_3  (cost=0.00..17.00 rows=1000 width=20) (actual time=0.004..0.057 rows=1000 loops=1)
 Planning time: 0.266 ms
 Execution time: 0.427 ms
(7 rows)

===== 84 [Wed Mar  7 01:55:23 CET 2018] scale:1000 groups:10 work_mem:32MB incremental:on max_workers:2 =====
SELECT * FROM s_4 ORDER BY a, b, c, d, e
                                                   QUERY PLAN                                                    
-----------------------------------------------------------------------------------------------------------------
 Limit  (cost=79.33..79.33 rows=1 width=20) (actual time=0.370..0.370 rows=0 loops=1)
   ->  Sort  (cost=66.83..69.33 rows=1000 width=20) (actual time=0.314..0.348 rows=1000 loops=1)
         Sort Key: s_4.a, s_4.b, s_4.c, s_4.d, s_4.e
         Sort Method: quicksort  Memory: 103kB
         ->  Seq Scan on s_4  (cost=0.00..17.00 rows=1000 width=20) (actual time=0.009..0.062 rows=1000 loops=1)
 Planning time: 0.269 ms
 Execution time: 0.389 ms
(7 rows)

===== 85 [Wed Mar  7 01:55:23 CET 2018] scale:1000 groups:10 work_mem:32MB incremental:off max_workers:2 =====
SELECT * FROM s_1 ORDER BY a, b
                                                   QUERY PLAN                                                    
-----------------------------------------------------------------------------------------------------------------
 Limit  (cost=79.33..79.33 rows=1 width=20) (actual time=0.338..0.338 rows=0 loops=1)
   ->  Sort  (cost=66.83..69.33 rows=1000 width=20) (actual time=0.284..0.316 rows=1000 loops=1)
         Sort Key: s_1.a, s_1.b
         Sort Method: quicksort  Memory: 103kB
         ->  Seq Scan on s_1  (cost=0.00..17.00 rows=1000 width=20) (actual time=0.004..0.063 rows=1000 loops=1)
 Planning time: 0.247 ms
 Execution time: 0.367 ms
(7 rows)

===== 86 [Wed Mar  7 01:55:23 CET 2018] scale:1000 groups:10 work_mem:32MB incremental:off max_workers:2 =====
SELECT * FROM s_2 ORDER BY a, b, c
                                                   QUERY PLAN                                                    
-----------------------------------------------------------------------------------------------------------------
 Limit  (cost=79.33..79.33 rows=1 width=20) (actual time=0.400..0.400 rows=0 loops=1)
   ->  Sort  (cost=66.83..69.33 rows=1000 width=20) (actual time=0.346..0.378 rows=1000 loops=1)
         Sort Key: s_2.a, s_2.b, s_2.c
         Sort Method: quicksort  Memory: 103kB
         ->  Seq Scan on s_2  (cost=0.00..17.00 rows=1000 width=20) (actual time=0.007..0.059 rows=1000 loops=1)
 Planning time: 0.249 ms
 Execution time: 0.419 ms
(7 rows)

===== 87 [Wed Mar  7 01:55:23 CET 2018] scale:1000 groups:10 work_mem:32MB incremental:off max_workers:2 =====
SELECT * FROM s_3 ORDER BY a, b, c, d
                                                   QUERY PLAN                                                    
-----------------------------------------------------------------------------------------------------------------
 Limit  (cost=79.33..79.33 rows=1 width=20) (actual time=0.407..0.407 rows=0 loops=1)
   ->  Sort  (cost=66.83..69.33 rows=1000 width=20) (actual time=0.353..0.385 rows=1000 loops=1)
         Sort Key: s_3.a, s_3.b, s_3.c, s_3.d
         Sort Method: quicksort  Memory: 103kB
         ->  Seq Scan on s_3  (cost=0.00..17.00 rows=1000 width=20) (actual time=0.004..0.057 rows=1000 loops=1)
 Planning time: 0.260 ms
 Execution time: 0.426 ms
(7 rows)

===== 88 [Wed Mar  7 01:55:23 CET 2018] scale:1000 groups:10 work_mem:32MB incremental:off max_workers:2 =====
SELECT * FROM s_4 ORDER BY a, b, c, d, e
                                                   QUERY PLAN                                                    
-----------------------------------------------------------------------------------------------------------------
 Limit  (cost=79.33..79.33 rows=1 width=20) (actual time=0.363..0.363 rows=0 loops=1)
   ->  Sort  (cost=66.83..69.33 rows=1000 width=20) (actual time=0.309..0.340 rows=1000 loops=1)
         Sort Key: s_4.a, s_4.b, s_4.c, s_4.d, s_4.e
         Sort Method: quicksort  Memory: 103kB
         ->  Seq Scan on s_4  (cost=0.00..17.00 rows=1000 width=20) (actual time=0.009..0.062 rows=1000 loops=1)
 Planning time: 0.263 ms
 Execution time: 0.382 ms
(7 rows)

===== 89 [Wed Mar  7 01:55:23 CET 2018] scale:1000 groups:10 work_mem:64MB incremental:on max_workers:2 =====
SELECT * FROM s_1 ORDER BY a, b
                                                   QUERY PLAN                                                    
-----------------------------------------------------------------------------------------------------------------
 Limit  (cost=79.33..79.33 rows=1 width=20) (actual time=0.346..0.346 rows=0 loops=1)
   ->  Sort  (cost=66.83..69.33 rows=1000 width=20) (actual time=0.292..0.323 rows=1000 loops=1)
         Sort Key: s_1.a, s_1.b
         Sort Method: quicksort  Memory: 103kB
         ->  Seq Scan on s_1  (cost=0.00..17.00 rows=1000 width=20) (actual time=0.004..0.062 rows=1000 loops=1)
 Planning time: 0.253 ms
 Execution time: 0.378 ms
(7 rows)

===== 90 [Wed Mar  7 01:55:23 CET 2018] scale:1000 groups:10 work_mem:64MB incremental:on max_workers:2 =====
SELECT * FROM s_2 ORDER BY a, b, c
                                                   QUERY PLAN                                                    
-----------------------------------------------------------------------------------------------------------------
 Limit  (cost=79.33..79.33 rows=1 width=20) (actual time=0.397..0.397 rows=0 loops=1)
   ->  Sort  (cost=66.83..69.33 rows=1000 width=20) (actual time=0.342..0.374 rows=1000 loops=1)
         Sort Key: s_2.a, s_2.b, s_2.c
         Sort Method: quicksort  Memory: 103kB
         ->  Seq Scan on s_2  (cost=0.00..17.00 rows=1000 width=20) (actual time=0.007..0.060 rows=1000 loops=1)
 Planning time: 0.259 ms
 Execution time: 0.417 ms
(7 rows)

===== 91 [Wed Mar  7 01:55:23 CET 2018] scale:1000 groups:10 work_mem:64MB incremental:on max_workers:2 =====
SELECT * FROM s_3 ORDER BY a, b, c, d
                                                   QUERY PLAN                                                    
-----------------------------------------------------------------------------------------------------------------
 Limit  (cost=79.33..79.33 rows=1 width=20) (actual time=0.400..0.400 rows=0 loops=1)
   ->  Sort  (cost=66.83..69.33 rows=1000 width=20) (actual time=0.346..0.378 rows=1000 loops=1)
         Sort Key: s_3.a, s_3.b, s_3.c, s_3.d
         Sort Method: quicksort  Memory: 103kB
         ->  Seq Scan on s_3  (cost=0.00..17.00 rows=1000 width=20) (actual time=0.004..0.057 rows=1000 loops=1)
 Planning time: 0.266 ms
 Execution time: 0.419 ms
(7 rows)

===== 92 [Wed Mar  7 01:55:23 CET 2018] scale:1000 groups:10 work_mem:64MB incremental:on max_workers:2 =====
SELECT * FROM s_4 ORDER BY a, b, c, d, e
                                                   QUERY PLAN                                                    
-----------------------------------------------------------------------------------------------------------------
 Limit  (cost=79.33..79.33 rows=1 width=20) (actual time=0.366..0.366 rows=0 loops=1)
   ->  Sort  (cost=66.83..69.33 rows=1000 width=20) (actual time=0.310..0.343 rows=1000 loops=1)
         Sort Key: s_4.a, s_4.b, s_4.c, s_4.d, s_4.e
         Sort Method: quicksort  Memory: 103kB
         ->  Seq Scan on s_4  (cost=0.00..17.00 rows=1000 width=20) (actual time=0.009..0.062 rows=1000 loops=1)
 Planning time: 0.267 ms
 Execution time: 0.384 ms
(7 rows)

===== 93 [Wed Mar  7 01:55:23 CET 2018] scale:1000 groups:10 work_mem:64MB incremental:off max_workers:2 =====
SELECT * FROM s_1 ORDER BY a, b
                                                   QUERY PLAN                                                    
-----------------------------------------------------------------------------------------------------------------
 Limit  (cost=79.33..79.33 rows=1 width=20) (actual time=0.339..0.339 rows=0 loops=1)
   ->  Sort  (cost=66.83..69.33 rows=1000 width=20) (actual time=0.285..0.316 rows=1000 loops=1)
         Sort Key: s_1.a, s_1.b
         Sort Method: quicksort  Memory: 103kB
         ->  Seq Scan on s_1  (cost=0.00..17.00 rows=1000 width=20) (actual time=0.004..0.063 rows=1000 loops=1)
 Planning time: 0.249 ms
 Execution time: 0.368 ms
(7 rows)

===== 94 [Wed Mar  7 01:55:23 CET 2018] scale:1000 groups:10 work_mem:64MB incremental:off max_workers:2 =====
SELECT * FROM s_2 ORDER BY a, b, c
                                                   QUERY PLAN                                                    
-----------------------------------------------------------------------------------------------------------------
 Limit  (cost=79.33..79.33 rows=1 width=20) (actual time=0.406..0.406 rows=0 loops=1)
   ->  Sort  (cost=66.83..69.33 rows=1000 width=20) (actual time=0.350..0.383 rows=1000 loops=1)
         Sort Key: s_2.a, s_2.b, s_2.c
         Sort Method: quicksort  Memory: 103kB
         ->  Seq Scan on s_2  (cost=0.00..17.00 rows=1000 width=20) (actual time=0.007..0.059 rows=1000 loops=1)
 Planning time: 0.250 ms
 Execution time: 0.425 ms
(7 rows)

===== 95 [Wed Mar  7 01:55:23 CET 2018] scale:1000 groups:10 work_mem:64MB incremental:off max_workers:2 =====
SELECT * FROM s_3 ORDER BY a, b, c, d
                                                   QUERY PLAN                                                    
-----------------------------------------------------------------------------------------------------------------
 Limit  (cost=79.33..79.33 rows=1 width=20) (actual time=0.400..0.400 rows=0 loops=1)
   ->  Sort  (cost=66.83..69.33 rows=1000 width=20) (actual time=0.346..0.378 rows=1000 loops=1)
         Sort Key: s_3.a, s_3.b, s_3.c, s_3.d
         Sort Method: quicksort  Memory: 103kB
         ->  Seq Scan on s_3  (cost=0.00..17.00 rows=1000 width=20) (actual time=0.004..0.056 rows=1000 loops=1)
 Planning time: 0.264 ms
 Execution time: 0.419 ms
(7 rows)

===== 96 [Wed Mar  7 01:55:24 CET 2018] scale:1000 groups:10 work_mem:64MB incremental:off max_workers:2 =====
SELECT * FROM s_4 ORDER BY a, b, c, d, e
                                                   QUERY PLAN                                                    
-----------------------------------------------------------------------------------------------------------------
 Limit  (cost=79.33..79.33 rows=1 width=20) (actual time=0.369..0.369 rows=0 loops=1)
   ->  Sort  (cost=66.83..69.33 rows=1000 width=20) (actual time=0.315..0.347 rows=1000 loops=1)
         Sort Key: s_4.a, s_4.b, s_4.c, s_4.d, s_4.e
         Sort Method: quicksort  Memory: 103kB
         ->  Seq Scan on s_4  (cost=0.00..17.00 rows=1000 width=20) (actual time=0.010..0.063 rows=1000 loops=1)
 Planning time: 0.258 ms
 Execution time: 0.389 ms
(7 rows)

===== 97 [Wed Mar  7 01:55:24 CET 2018] scale:1000 groups:10 work_mem:128MB incremental:on max_workers:2 =====
SELECT * FROM s_1 ORDER BY a, b
                                                   QUERY PLAN                                                    
-----------------------------------------------------------------------------------------------------------------
 Limit  (cost=79.33..79.33 rows=1 width=20) (actual time=0.338..0.338 rows=0 loops=1)
   ->  Sort  (cost=66.83..69.33 rows=1000 width=20) (actual time=0.284..0.316 rows=1000 loops=1)
         Sort Key: s_1.a, s_1.b
         Sort Method: quicksort  Memory: 103kB
         ->  Seq Scan on s_1  (cost=0.00..17.00 rows=1000 width=20) (actual time=0.004..0.063 rows=1000 loops=1)
 Planning time: 0.249 ms
 Execution time: 0.370 ms
(7 rows)

===== 98 [Wed Mar  7 01:55:24 CET 2018] scale:1000 groups:10 work_mem:128MB incremental:on max_workers:2 =====
SELECT * FROM s_2 ORDER BY a, b, c
                                                   QUERY PLAN                                                    
-----------------------------------------------------------------------------------------------------------------
 Limit  (cost=79.33..79.33 rows=1 width=20) (actual time=0.405..0.405 rows=0 loops=1)
   ->  Sort  (cost=66.83..69.33 rows=1000 width=20) (actual time=0.350..0.382 rows=1000 loops=1)
         Sort Key: s_2.a, s_2.b, s_2.c
         Sort Method: quicksort  Memory: 103kB
         ->  Seq Scan on s_2  (cost=0.00..17.00 rows=1000 width=20) (actual time=0.007..0.059 rows=1000 loops=1)
 Planning time: 0.262 ms
 Execution time: 0.424 ms
(7 rows)

===== 99 [Wed Mar  7 01:55:24 CET 2018] scale:1000 groups:10 work_mem:128MB incremental:on max_workers:2 =====
SELECT * FROM s_3 ORDER BY a, b, c, d
                                                   QUERY PLAN                                                    
-----------------------------------------------------------------------------------------------------------------
 Limit  (cost=79.33..79.33 rows=1 width=20) (actual time=0.401..0.401 rows=0 loops=1)
   ->  Sort  (cost=66.83..69.33 rows=1000 width=20) (actual time=0.347..0.379 rows=1000 loops=1)
         Sort Key: s_3.a, s_3.b, s_3.c, s_3.d
         Sort Method: quicksort  Memory: 103kB
         ->  Seq Scan on s_3  (cost=0.00..17.00 rows=1000 width=20) (actual time=0.004..0.057 rows=1000 loops=1)
 Planning time: 0.275 ms
 Execution time: 0.420 ms
(7 rows)

===== 100 [Wed Mar  7 01:55:24 CET 2018] scale:1000 groups:10 work_mem:128MB incremental:on max_workers:2 =====
SELECT * FROM s_4 ORDER BY a, b, c, d, e
                                                   QUERY PLAN                                                    
-----------------------------------------------------------------------------------------------------------------
 Limit  (cost=79.33..79.33 rows=1 width=20) (actual time=0.374..0.374 rows=0 loops=1)
   ->  Sort  (cost=66.83..69.33 rows=1000 width=20) (actual time=0.318..0.351 rows=1000 loops=1)
         Sort Key: s_4.a, s_4.b, s_4.c, s_4.d, s_4.e
         Sort Method: quicksort  Memory: 103kB
         ->  Seq Scan on s_4  (cost=0.00..17.00 rows=1000 width=20) (actual time=0.010..0.063 rows=1000 loops=1)
 Planning time: 0.268 ms
 Execution time: 0.393 ms
(7 rows)

===== 101 [Wed Mar  7 01:55:24 CET 2018] scale:1000 groups:10 work_mem:128MB incremental:off max_workers:2 =====
SELECT * FROM s_1 ORDER BY a, b
                                                   QUERY PLAN                                                    
-----------------------------------------------------------------------------------------------------------------
 Limit  (cost=79.33..79.33 rows=1 width=20) (actual time=0.337..0.337 rows=0 loops=1)
   ->  Sort  (cost=66.83..69.33 rows=1000 width=20) (actual time=0.283..0.314 rows=1000 loops=1)
         Sort Key: s_1.a, s_1.b
         Sort Method: quicksort  Memory: 103kB
         ->  Seq Scan on s_1  (cost=0.00..17.00 rows=1000 width=20) (actual time=0.004..0.066 rows=1000 loops=1)
 Planning time: 0.244 ms
 Execution time: 0.366 ms
(7 rows)

===== 102 [Wed Mar  7 01:55:24 CET 2018] scale:1000 groups:10 work_mem:128MB incremental:off max_workers:2 =====
SELECT * FROM s_2 ORDER BY a, b, c
                                                   QUERY PLAN                                                    
-----------------------------------------------------------------------------------------------------------------
 Limit  (cost=79.33..79.33 rows=1 width=20) (actual time=0.401..0.401 rows=0 loops=1)
   ->  Sort  (cost=66.83..69.33 rows=1000 width=20) (actual time=0.346..0.378 rows=1000 loops=1)
         Sort Key: s_2.a, s_2.b, s_2.c
         Sort Method: quicksort  Memory: 103kB
         ->  Seq Scan on s_2  (cost=0.00..17.00 rows=1000 width=20) (actual time=0.007..0.059 rows=1000 loops=1)
 Planning time: 0.251 ms
 Execution time: 0.421 ms
(7 rows)

===== 103 [Wed Mar  7 01:55:24 CET 2018] scale:1000 groups:10 work_mem:128MB incremental:off max_workers:2 =====
SELECT * FROM s_3 ORDER BY a, b, c, d
                                                   QUERY PLAN                                                    
-----------------------------------------------------------------------------------------------------------------
 Limit  (cost=79.33..79.33 rows=1 width=20) (actual time=0.406..0.406 rows=0 loops=1)
   ->  Sort  (cost=66.83..69.33 rows=1000 width=20) (actual time=0.351..0.384 rows=1000 loops=1)
         Sort Key: s_3.a, s_3.b, s_3.c, s_3.d
         Sort Method: quicksort  Memory: 103kB
         ->  Seq Scan on s_3  (cost=0.00..17.00 rows=1000 width=20) (actual time=0.004..0.057 rows=1000 loops=1)
 Planning time: 0.257 ms
 Execution time: 0.425 ms
(7 rows)

===== 104 [Wed Mar  7 01:55:24 CET 2018] scale:1000 groups:10 work_mem:128MB incremental:off max_workers:2 =====
SELECT * FROM s_4 ORDER BY a, b, c, d, e
                                                   QUERY PLAN                                                    
-----------------------------------------------------------------------------------------------------------------
 Limit  (cost=79.33..79.33 rows=1 width=20) (actual time=0.365..0.365 rows=0 loops=1)
   ->  Sort  (cost=66.83..69.33 rows=1000 width=20) (actual time=0.311..0.343 rows=1000 loops=1)
         Sort Key: s_4.a, s_4.b, s_4.c, s_4.d, s_4.e
         Sort Method: quicksort  Memory: 103kB
         ->  Seq Scan on s_4  (cost=0.00..17.00 rows=1000 width=20) (actual time=0.009..0.063 rows=1000 loops=1)
 Planning time: 0.255 ms
 Execution time: 0.385 ms
(7 rows)

===== 105 [Wed Mar  7 01:55:24 CET 2018] scale:1000 groups:10 work_mem:256MB incremental:on max_workers:2 =====
SELECT * FROM s_1 ORDER BY a, b
                                                   QUERY PLAN                                                    
-----------------------------------------------------------------------------------------------------------------
 Limit  (cost=79.33..79.33 rows=1 width=20) (actual time=0.338..0.338 rows=0 loops=1)
   ->  Sort  (cost=66.83..69.33 rows=1000 width=20) (actual time=0.284..0.315 rows=1000 loops=1)
         Sort Key: s_1.a, s_1.b
         Sort Method: quicksort  Memory: 103kB
         ->  Seq Scan on s_1  (cost=0.00..17.00 rows=1000 width=20) (actual time=0.004..0.063 rows=1000 loops=1)
 Planning time: 0.250 ms
 Execution time: 0.368 ms
(7 rows)

===== 106 [Wed Mar  7 01:55:24 CET 2018] scale:1000 groups:10 work_mem:256MB incremental:on max_workers:2 =====
SELECT * FROM s_2 ORDER BY a, b, c
                                                   QUERY PLAN                                                    
-----------------------------------------------------------------------------------------------------------------
 Limit  (cost=79.33..79.33 rows=1 width=20) (actual time=0.402..0.402 rows=0 loops=1)
   ->  Sort  (cost=66.83..69.33 rows=1000 width=20) (actual time=0.348..0.380 rows=1000 loops=1)
         Sort Key: s_2.a, s_2.b, s_2.c
         Sort Method: quicksort  Memory: 103kB
         ->  Seq Scan on s_2  (cost=0.00..17.00 rows=1000 width=20) (actual time=0.007..0.060 rows=1000 loops=1)
 Planning time: 0.262 ms
 Execution time: 0.421 ms
(7 rows)

===== 107 [Wed Mar  7 01:55:24 CET 2018] scale:1000 groups:10 work_mem:256MB incremental:on max_workers:2 =====
SELECT * FROM s_3 ORDER BY a, b, c, d
                                                   QUERY PLAN                                                    
-----------------------------------------------------------------------------------------------------------------
 Limit  (cost=79.33..79.33 rows=1 width=20) (actual time=0.405..0.405 rows=0 loops=1)
   ->  Sort  (cost=66.83..69.33 rows=1000 width=20) (actual time=0.350..0.382 rows=1000 loops=1)
         Sort Key: s_3.a, s_3.b, s_3.c, s_3.d
         Sort Method: quicksort  Memory: 103kB
         ->  Seq Scan on s_3  (cost=0.00..17.00 rows=1000 width=20) (actual time=0.004..0.057 rows=1000 loops=1)
 Planning time: 0.270 ms
 Execution time: 0.424 ms
(7 rows)

===== 108 [Wed Mar  7 01:55:24 CET 2018] scale:1000 groups:10 work_mem:256MB incremental:on max_workers:2 =====
SELECT * FROM s_4 ORDER BY a, b, c, d, e
                                                   QUERY PLAN                                                    
-----------------------------------------------------------------------------------------------------------------
 Limit  (cost=79.33..79.33 rows=1 width=20) (actual time=0.368..0.368 rows=0 loops=1)
   ->  Sort  (cost=66.83..69.33 rows=1000 width=20) (actual time=0.312..0.345 rows=1000 loops=1)
         Sort Key: s_4.a, s_4.b, s_4.c, s_4.d, s_4.e
         Sort Method: quicksort  Memory: 103kB
         ->  Seq Scan on s_4  (cost=0.00..17.00 rows=1000 width=20) (actual time=0.009..0.062 rows=1000 loops=1)
 Planning time: 0.265 ms
 Execution time: 0.388 ms
(7 rows)

===== 109 [Wed Mar  7 01:55:24 CET 2018] scale:1000 groups:10 work_mem:256MB incremental:off max_workers:2 =====
SELECT * FROM s_1 ORDER BY a, b
                                                   QUERY PLAN                                                    
-----------------------------------------------------------------------------------------------------------------
 Limit  (cost=79.33..79.33 rows=1 width=20) (actual time=0.338..0.338 rows=0 loops=1)
   ->  Sort  (cost=66.83..69.33 rows=1000 width=20) (actual time=0.284..0.316 rows=1000 loops=1)
         Sort Key: s_1.a, s_1.b
         Sort Method: quicksort  Memory: 103kB
         ->  Seq Scan on s_1  (cost=0.00..17.00 rows=1000 width=20) (actual time=0.004..0.062 rows=1000 loops=1)
 Planning time: 0.247 ms
 Execution time: 0.367 ms
(7 rows)

===== 110 [Wed Mar  7 01:55:25 CET 2018] scale:1000 groups:10 work_mem:256MB incremental:off max_workers:2 =====
SELECT * FROM s_2 ORDER BY a, b, c
                                                   QUERY PLAN                                                    
-----------------------------------------------------------------------------------------------------------------
 Limit  (cost=79.33..79.33 rows=1 width=20) (actual time=0.396..0.396 rows=0 loops=1)
   ->  Sort  (cost=66.83..69.33 rows=1000 width=20) (actual time=0.342..0.374 rows=1000 loops=1)
         Sort Key: s_2.a, s_2.b, s_2.c
         Sort Method: quicksort  Memory: 103kB
         ->  Seq Scan on s_2  (cost=0.00..17.00 rows=1000 width=20) (actual time=0.007..0.059 rows=1000 loops=1)
 Planning time: 0.255 ms
 Execution time: 0.416 ms
(7 rows)

===== 111 [Wed Mar  7 01:55:25 CET 2018] scale:1000 groups:10 work_mem:256MB incremental:off max_workers:2 =====
SELECT * FROM s_3 ORDER BY a, b, c, d
                                                   QUERY PLAN                                                    
-----------------------------------------------------------------------------------------------------------------
 Limit  (cost=79.33..79.33 rows=1 width=20) (actual time=0.408..0.408 rows=0 loops=1)
   ->  Sort  (cost=66.83..69.33 rows=1000 width=20) (actual time=0.353..0.385 rows=1000 loops=1)
         Sort Key: s_3.a, s_3.b, s_3.c, s_3.d
         Sort Method: quicksort  Memory: 103kB
         ->  Seq Scan on s_3  (cost=0.00..17.00 rows=1000 width=20) (actual time=0.004..0.057 rows=1000 loops=1)
 Planning time: 0.257 ms
 Execution time: 0.426 ms
(7 rows)

===== 112 [Wed Mar  7 01:55:25 CET 2018] scale:1000 groups:10 work_mem:256MB incremental:off max_workers:2 =====
SELECT * FROM s_4 ORDER BY a, b, c, d, e
                                                   QUERY PLAN                                                    
-----------------------------------------------------------------------------------------------------------------
 Limit  (cost=79.33..79.33 rows=1 width=20) (actual time=0.369..0.369 rows=0 loops=1)
   ->  Sort  (cost=66.83..69.33 rows=1000 width=20) (actual time=0.314..0.346 rows=1000 loops=1)
         Sort Key: s_4.a, s_4.b, s_4.c, s_4.d, s_4.e
         Sort Method: quicksort  Memory: 103kB
         ->  Seq Scan on s_4  (cost=0.00..17.00 rows=1000 width=20) (actual time=0.009..0.062 rows=1000 loops=1)
 Planning time: 0.256 ms
 Execution time: 0.388 ms
(7 rows)

===== 113 [Wed Mar  7 01:55:25 CET 2018] scale:1000 groups:100 work_mem:4MB incremental:on max_workers:0 =====
SELECT * FROM s_1 ORDER BY a, b
                                                   QUERY PLAN                                                    
-----------------------------------------------------------------------------------------------------------------
 Limit  (cost=79.33..79.33 rows=1 width=20) (actual time=0.354..0.354 rows=0 loops=1)
   ->  Sort  (cost=66.83..69.33 rows=1000 width=20) (actual time=0.300..0.332 rows=1000 loops=1)
         Sort Key: s_1.a, s_1.b
         Sort Method: quicksort  Memory: 103kB
         ->  Seq Scan on s_1  (cost=0.00..17.00 rows=1000 width=20) (actual time=0.004..0.059 rows=1000 loops=1)
 Planning time: 0.258 ms
 Execution time: 0.387 ms
(7 rows)

===== 114 [Wed Mar  7 01:55:25 CET 2018] scale:1000 groups:100 work_mem:4MB incremental:on max_workers:0 =====
SELECT * FROM s_2 ORDER BY a, b, c
                                                   QUERY PLAN                                                    
-----------------------------------------------------------------------------------------------------------------
 Limit  (cost=79.33..79.33 rows=1 width=20) (actual time=0.318..0.318 rows=0 loops=1)
   ->  Sort  (cost=66.83..69.33 rows=1000 width=20) (actual time=0.263..0.295 rows=1000 loops=1)
         Sort Key: s_2.a, s_2.b, s_2.c
         Sort Method: quicksort  Memory: 103kB
         ->  Seq Scan on s_2  (cost=0.00..17.00 rows=1000 width=20) (actual time=0.007..0.063 rows=1000 loops=1)
 Planning time: 0.262 ms
 Execution time: 0.337 ms
(7 rows)

===== 115 [Wed Mar  7 01:55:26 CET 2018] scale:1000 groups:100 work_mem:4MB incremental:on max_workers:0 =====
SELECT * FROM s_3 ORDER BY a, b, c, d
                                                   QUERY PLAN                                                    
-----------------------------------------------------------------------------------------------------------------
 Limit  (cost=79.33..79.33 rows=1 width=20) (actual time=0.247..0.247 rows=0 loops=1)
   ->  Sort  (cost=66.83..69.33 rows=1000 width=20) (actual time=0.193..0.224 rows=1000 loops=1)
         Sort Key: s_3.a, s_3.b, s_3.c, s_3.d
         Sort Method: quicksort  Memory: 103kB
         ->  Seq Scan on s_3  (cost=0.00..17.00 rows=1000 width=20) (actual time=0.004..0.057 rows=1000 loops=1)
 Planning time: 0.265 ms
 Execution time: 0.268 ms
(7 rows)

===== 116 [Wed Mar  7 01:55:26 CET 2018] scale:1000 groups:100 work_mem:4MB incremental:on max_workers:0 =====
SELECT * FROM s_4 ORDER BY a, b, c, d, e
                                                   QUERY PLAN                                                    
-----------------------------------------------------------------------------------------------------------------
 Limit  (cost=79.33..79.33 rows=1 width=20) (actual time=0.252..0.252 rows=0 loops=1)
   ->  Sort  (cost=66.83..69.33 rows=1000 width=20) (actual time=0.198..0.230 rows=1000 loops=1)
         Sort Key: s_4.a, s_4.b, s_4.c, s_4.d, s_4.e
         Sort Method: quicksort  Memory: 103kB
         ->  Seq Scan on s_4  (cost=0.00..17.00 rows=1000 width=20) (actual time=0.007..0.062 rows=1000 loops=1)
 Planning time: 0.266 ms
 Execution time: 0.277 ms
(7 rows)

===== 117 [Wed Mar  7 01:55:26 CET 2018] scale:1000 groups:100 work_mem:4MB incremental:off max_workers:0 =====
SELECT * FROM s_1 ORDER BY a, b
                                                   QUERY PLAN                                                    
-----------------------------------------------------------------------------------------------------------------
 Limit  (cost=79.33..79.33 rows=1 width=20) (actual time=0.354..0.354 rows=0 loops=1)
   ->  Sort  (cost=66.83..69.33 rows=1000 width=20) (actual time=0.300..0.332 rows=1000 loops=1)
         Sort Key: s_1.a, s_1.b
         Sort Method: quicksort  Memory: 103kB
         ->  Seq Scan on s_1  (cost=0.00..17.00 rows=1000 width=20) (actual time=0.004..0.060 rows=1000 loops=1)
 Planning time: 0.240 ms
 Execution time: 0.383 ms
(7 rows)

===== 118 [Wed Mar  7 01:55:26 CET 2018] scale:1000 groups:100 work_mem:4MB incremental:off max_workers:0 =====
SELECT * FROM s_2 ORDER BY a, b, c
                                                   QUERY PLAN                                                    
-----------------------------------------------------------------------------------------------------------------
 Limit  (cost=79.33..79.33 rows=1 width=20) (actual time=0.315..0.315 rows=0 loops=1)
   ->  Sort  (cost=66.83..69.33 rows=1000 width=20) (actual time=0.261..0.292 rows=1000 loops=1)
         Sort Key: s_2.a, s_2.b, s_2.c
         Sort Method: quicksort  Memory: 103kB
         ->  Seq Scan on s_2  (cost=0.00..17.00 rows=1000 width=20) (actual time=0.007..0.059 rows=1000 loops=1)
 Planning time: 0.251 ms
 Execution time: 0.334 ms
(7 rows)

===== 119 [Wed Mar  7 01:55:26 CET 2018] scale:1000 groups:100 work_mem:4MB incremental:off max_workers:0 =====
SELECT * FROM s_3 ORDER BY a, b, c, d
                                                   QUERY PLAN                                                    
-----------------------------------------------------------------------------------------------------------------
 Limit  (cost=79.33..79.33 rows=1 width=20) (actual time=0.251..0.251 rows=0 loops=1)
   ->  Sort  (cost=66.83..69.33 rows=1000 width=20) (actual time=0.197..0.229 rows=1000 loops=1)
         Sort Key: s_3.a, s_3.b, s_3.c, s_3.d
         Sort Method: quicksort  Memory: 103kB
         ->  Seq Scan on s_3  (cost=0.00..17.00 rows=1000 width=20) (actual time=0.004..0.057 rows=1000 loops=1)
 Planning time: 0.257 ms
 Execution time: 0.270 ms
(7 rows)

===== 120 [Wed Mar  7 01:55:26 CET 2018] scale:1000 groups:100 work_mem:4MB incremental:off max_workers:0 =====
SELECT * FROM s_4 ORDER BY a, b, c, d, e
                                                   QUERY PLAN                                                    
-----------------------------------------------------------------------------------------------------------------
 Limit  (cost=79.33..79.33 rows=1 width=20) (actual time=0.254..0.254 rows=0 loops=1)
   ->  Sort  (cost=66.83..69.33 rows=1000 width=20) (actual time=0.200..0.232 rows=1000 loops=1)
         Sort Key: s_4.a, s_4.b, s_4.c, s_4.d, s_4.e
         Sort Method: quicksort  Memory: 103kB
         ->  Seq Scan on s_4  (cost=0.00..17.00 rows=1000 width=20) (actual time=0.007..0.063 rows=1000 loops=1)
 Planning time: 0.252 ms
 Execution time: 0.274 ms
(7 rows)

===== 121 [Wed Mar  7 01:55:26 CET 2018] scale:1000 groups:100 work_mem:8MB incremental:on max_workers:0 =====
SELECT * FROM s_1 ORDER BY a, b
                                                   QUERY PLAN                                                    
-----------------------------------------------------------------------------------------------------------------
 Limit  (cost=79.33..79.33 rows=1 width=20) (actual time=0.352..0.352 rows=0 loops=1)
   ->  Sort  (cost=66.83..69.33 rows=1000 width=20) (actual time=0.298..0.330 rows=1000 loops=1)
         Sort Key: s_1.a, s_1.b
         Sort Method: quicksort  Memory: 103kB
         ->  Seq Scan on s_1  (cost=0.00..17.00 rows=1000 width=20) (actual time=0.004..0.059 rows=1000 loops=1)
 Planning time: 0.247 ms
 Execution time: 0.384 ms
(7 rows)

===== 122 [Wed Mar  7 01:55:26 CET 2018] scale:1000 groups:100 work_mem:8MB incremental:on max_workers:0 =====
SELECT * FROM s_2 ORDER BY a, b, c
                                                   QUERY PLAN                                                    
-----------------------------------------------------------------------------------------------------------------
 Limit  (cost=79.33..79.33 rows=1 width=20) (actual time=0.316..0.316 rows=0 loops=1)
   ->  Sort  (cost=66.83..69.33 rows=1000 width=20) (actual time=0.256..0.287 rows=1000 loops=1)
         Sort Key: s_2.a, s_2.b, s_2.c
         Sort Method: quicksort  Memory: 103kB
         ->  Seq Scan on s_2  (cost=0.00..17.00 rows=1000 width=20) (actual time=0.007..0.059 rows=1000 loops=1)
 Planning time: 0.265 ms
 Execution time: 0.336 ms
(7 rows)

===== 123 [Wed Mar  7 01:55:26 CET 2018] scale:1000 groups:100 work_mem:8MB incremental:on max_workers:0 =====
SELECT * FROM s_3 ORDER BY a, b, c, d
                                                   QUERY PLAN                                                    
-----------------------------------------------------------------------------------------------------------------
 Limit  (cost=79.33..79.33 rows=1 width=20) (actual time=0.255..0.255 rows=0 loops=1)
   ->  Sort  (cost=66.83..69.33 rows=1000 width=20) (actual time=0.201..0.233 rows=1000 loops=1)
         Sort Key: s_3.a, s_3.b, s_3.c, s_3.d
         Sort Method: quicksort  Memory: 103kB
         ->  Seq Scan on s_3  (cost=0.00..17.00 rows=1000 width=20) (actual time=0.004..0.057 rows=1000 loops=1)
 Planning time: 0.267 ms
 Execution time: 0.274 ms
(7 rows)

===== 124 [Wed Mar  7 01:55:26 CET 2018] scale:1000 groups:100 work_mem:8MB incremental:on max_workers:0 =====
SELECT * FROM s_4 ORDER BY a, b, c, d, e
                                                   QUERY PLAN                                                    
-----------------------------------------------------------------------------------------------------------------
 Limit  (cost=79.33..79.33 rows=1 width=20) (actual time=0.254..0.254 rows=0 loops=1)
   ->  Sort  (cost=66.83..69.33 rows=1000 width=20) (actual time=0.199..0.231 rows=1000 loops=1)
         Sort Key: s_4.a, s_4.b, s_4.c, s_4.d, s_4.e
         Sort Method: quicksort  Memory: 103kB
         ->  Seq Scan on s_4  (cost=0.00..17.00 rows=1000 width=20) (actual time=0.007..0.062 rows=1000 loops=1)
 Planning time: 0.277 ms
 Execution time: 0.273 ms
(7 rows)

===== 125 [Wed Mar  7 01:55:26 CET 2018] scale:1000 groups:100 work_mem:8MB incremental:off max_workers:0 =====
SELECT * FROM s_1 ORDER BY a, b
                                                   QUERY PLAN                                                    
-----------------------------------------------------------------------------------------------------------------
 Limit  (cost=79.33..79.33 rows=1 width=20) (actual time=0.352..0.352 rows=0 loops=1)
   ->  Sort  (cost=66.83..69.33 rows=1000 width=20) (actual time=0.297..0.329 rows=1000 loops=1)
         Sort Key: s_1.a, s_1.b
         Sort Method: quicksort  Memory: 103kB
         ->  Seq Scan on s_1  (cost=0.00..17.00 rows=1000 width=20) (actual time=0.004..0.060 rows=1000 loops=1)
 Planning time: 0.245 ms
 Execution time: 0.381 ms
(7 rows)

===== 126 [Wed Mar  7 01:55:26 CET 2018] scale:1000 groups:100 work_mem:8MB incremental:off max_workers:0 =====
SELECT * FROM s_2 ORDER BY a, b, c
                                                   QUERY PLAN                                                    
-----------------------------------------------------------------------------------------------------------------
 Limit  (cost=79.33..79.33 rows=1 width=20) (actual time=0.314..0.314 rows=0 loops=1)
   ->  Sort  (cost=66.83..69.33 rows=1000 width=20) (actual time=0.260..0.291 rows=1000 loops=1)
         Sort Key: s_2.a, s_2.b, s_2.c
         Sort Method: quicksort  Memory: 103kB
         ->  Seq Scan on s_2  (cost=0.00..17.00 rows=1000 width=20) (actual time=0.006..0.059 rows=1000 loops=1)
 Planning time: 0.250 ms
 Execution time: 0.333 ms
(7 rows)

===== 127 [Wed Mar  7 01:55:26 CET 2018] scale:1000 groups:100 work_mem:8MB incremental:off max_workers:0 =====
SELECT * FROM s_3 ORDER BY a, b, c, d
                                                   QUERY PLAN                                                    
-----------------------------------------------------------------------------------------------------------------
 Limit  (cost=79.33..79.33 rows=1 width=20) (actual time=0.253..0.253 rows=0 loops=1)
   ->  Sort  (cost=66.83..69.33 rows=1000 width=20) (actual time=0.199..0.230 rows=1000 loops=1)
         Sort Key: s_3.a, s_3.b, s_3.c, s_3.d
         Sort Method: quicksort  Memory: 103kB
         ->  Seq Scan on s_3  (cost=0.00..17.00 rows=1000 width=20) (actual time=0.004..0.057 rows=1000 loops=1)
 Planning time: 0.255 ms
 Execution time: 0.272 ms
(7 rows)

===== 128 [Wed Mar  7 01:55:26 CET 2018] scale:1000 groups:100 work_mem:8MB incremental:off max_workers:0 =====
SELECT * FROM s_4 ORDER BY a, b, c, d, e
                                                   QUERY PLAN                                                    
-----------------------------------------------------------------------------------------------------------------
 Limit  (cost=79.33..79.33 rows=1 width=20) (actual time=0.252..0.252 rows=0 loops=1)
   ->  Sort  (cost=66.83..69.33 rows=1000 width=20) (actual time=0.197..0.229 rows=1000 loops=1)
         Sort Key: s_4.a, s_4.b, s_4.c, s_4.d, s_4.e
         Sort Method: quicksort  Memory: 103kB
         ->  Seq Scan on s_4  (cost=0.00..17.00 rows=1000 width=20) (actual time=0.007..0.062 rows=1000 loops=1)
 Planning time: 0.248 ms
 Execution time: 0.271 ms
(7 rows)

===== 129 [Wed Mar  7 01:55:27 CET 2018] scale:1000 groups:100 work_mem:16MB incremental:on max_workers:0 =====
SELECT * FROM s_1 ORDER BY a, b
                                                   QUERY PLAN                                                    
-----------------------------------------------------------------------------------------------------------------
 Limit  (cost=79.33..79.33 rows=1 width=20) (actual time=0.354..0.354 rows=0 loops=1)
   ->  Sort  (cost=66.83..69.33 rows=1000 width=20) (actual time=0.300..0.332 rows=1000 loops=1)
         Sort Key: s_1.a, s_1.b
         Sort Method: quicksort  Memory: 103kB
         ->  Seq Scan on s_1  (cost=0.00..17.00 rows=1000 width=20) (actual time=0.004..0.059 rows=1000 loops=1)
 Planning time: 0.244 ms
 Execution time: 0.388 ms
(7 rows)

===== 130 [Wed Mar  7 01:55:27 CET 2018] scale:1000 groups:100 work_mem:16MB incremental:on max_workers:0 =====
SELECT * FROM s_2 ORDER BY a, b, c
                                                   QUERY PLAN                                                    
-----------------------------------------------------------------------------------------------------------------
 Limit  (cost=79.33..79.33 rows=1 width=20) (actual time=0.320..0.320 rows=0 loops=1)
   ->  Sort  (cost=66.83..69.33 rows=1000 width=20) (actual time=0.265..0.297 rows=1000 loops=1)
         Sort Key: s_2.a, s_2.b, s_2.c
         Sort Method: quicksort  Memory: 103kB
         ->  Seq Scan on s_2  (cost=0.00..17.00 rows=1000 width=20) (actual time=0.014..0.066 rows=1000 loops=1)
 Planning time: 0.265 ms
 Execution time: 0.339 ms
(7 rows)

===== 131 [Wed Mar  7 01:55:27 CET 2018] scale:1000 groups:100 work_mem:16MB incremental:on max_workers:0 =====
SELECT * FROM s_3 ORDER BY a, b, c, d
                                                   QUERY PLAN                                                    
-----------------------------------------------------------------------------------------------------------------
 Limit  (cost=79.33..79.33 rows=1 width=20) (actual time=0.258..0.258 rows=0 loops=1)
   ->  Sort  (cost=66.83..69.33 rows=1000 width=20) (actual time=0.204..0.236 rows=1000 loops=1)
         Sort Key: s_3.a, s_3.b, s_3.c, s_3.d
         Sort Method: quicksort  Memory: 103kB
         ->  Seq Scan on s_3  (cost=0.00..17.00 rows=1000 width=20) (actual time=0.004..0.058 rows=1000 loops=1)
 Planning time: 0.270 ms
 Execution time: 0.278 ms
(7 rows)

===== 132 [Wed Mar  7 01:55:27 CET 2018] scale:1000 groups:100 work_mem:16MB incremental:on max_workers:0 =====
SELECT * FROM s_4 ORDER BY a, b, c, d, e
                                                   QUERY PLAN                                                    
-----------------------------------------------------------------------------------------------------------------
 Limit  (cost=79.33..79.33 rows=1 width=20) (actual time=0.259..0.259 rows=0 loops=1)
   ->  Sort  (cost=66.83..69.33 rows=1000 width=20) (actual time=0.204..0.236 rows=1000 loops=1)
         Sort Key: s_4.a, s_4.b, s_4.c, s_4.d, s_4.e
         Sort Method: quicksort  Memory: 103kB
         ->  Seq Scan on s_4  (cost=0.00..17.00 rows=1000 width=20) (actual time=0.007..0.062 rows=1000 loops=1)
 Planning time: 0.265 ms
 Execution time: 0.278 ms
(7 rows)

===== 133 [Wed Mar  7 01:55:27 CET 2018] scale:1000 groups:100 work_mem:16MB incremental:off max_workers:0 =====
SELECT * FROM s_1 ORDER BY a, b
                                                   QUERY PLAN                                                    
-----------------------------------------------------------------------------------------------------------------
 Limit  (cost=79.33..79.33 rows=1 width=20) (actual time=0.355..0.355 rows=0 loops=1)
   ->  Sort  (cost=66.83..69.33 rows=1000 width=20) (actual time=0.301..0.332 rows=1000 loops=1)
         Sort Key: s_1.a, s_1.b
         Sort Method: quicksort  Memory: 103kB
         ->  Seq Scan on s_1  (cost=0.00..17.00 rows=1000 width=20) (actual time=0.004..0.060 rows=1000 loops=1)
 Planning time: 0.242 ms
 Execution time: 0.384 ms
(7 rows)

===== 134 [Wed Mar  7 01:55:27 CET 2018] scale:1000 groups:100 work_mem:16MB incremental:off max_workers:0 =====
SELECT * FROM s_2 ORDER BY a, b, c
                                                   QUERY PLAN                                                    
-----------------------------------------------------------------------------------------------------------------
 Limit  (cost=79.33..79.33 rows=1 width=20) (actual time=0.318..0.318 rows=0 loops=1)
   ->  Sort  (cost=66.83..69.33 rows=1000 width=20) (actual time=0.264..0.296 rows=1000 loops=1)
         Sort Key: s_2.a, s_2.b, s_2.c
         Sort Method: quicksort  Memory: 103kB
         ->  Seq Scan on s_2  (cost=0.00..17.00 rows=1000 width=20) (actual time=0.007..0.059 rows=1000 loops=1)
 Planning time: 0.255 ms
 Execution time: 0.337 ms
(7 rows)

===== 135 [Wed Mar  7 01:55:27 CET 2018] scale:1000 groups:100 work_mem:16MB incremental:off max_workers:0 =====
SELECT * FROM s_3 ORDER BY a, b, c, d
                                                   QUERY PLAN                                                    
-----------------------------------------------------------------------------------------------------------------
 Limit  (cost=79.33..79.33 rows=1 width=20) (actual time=0.254..0.254 rows=0 loops=1)
   ->  Sort  (cost=66.83..69.33 rows=1000 width=20) (actual time=0.200..0.231 rows=1000 loops=1)
         Sort Key: s_3.a, s_3.b, s_3.c, s_3.d
         Sort Method: quicksort  Memory: 103kB
         ->  Seq Scan on s_3  (cost=0.00..17.00 rows=1000 width=20) (actual time=0.004..0.057 rows=1000 loops=1)
 Planning time: 0.258 ms
 Execution time: 0.278 ms
(7 rows)

===== 136 [Wed Mar  7 01:55:27 CET 2018] scale:1000 groups:100 work_mem:16MB incremental:off max_workers:0 =====
SELECT * FROM s_4 ORDER BY a, b, c, d, e
                                                   QUERY PLAN                                                    
-----------------------------------------------------------------------------------------------------------------
 Limit  (cost=79.33..79.33 rows=1 width=20) (actual time=0.254..0.254 rows=0 loops=1)
   ->  Sort  (cost=66.83..69.33 rows=1000 width=20) (actual time=0.200..0.231 rows=1000 loops=1)
         Sort Key: s_4.a, s_4.b, s_4.c, s_4.d, s_4.e
         Sort Method: quicksort  Memory: 103kB
         ->  Seq Scan on s_4  (cost=0.00..17.00 rows=1000 width=20) (actual time=0.007..0.062 rows=1000 loops=1)
 Planning time: 0.255 ms
 Execution time: 0.273 ms
(7 rows)

===== 137 [Wed Mar  7 01:55:27 CET 2018] scale:1000 groups:100 work_mem:32MB incremental:on max_workers:0 =====
SELECT * FROM s_1 ORDER BY a, b
                                                   QUERY PLAN                                                    
-----------------------------------------------------------------------------------------------------------------
 Limit  (cost=79.33..79.33 rows=1 width=20) (actual time=0.352..0.352 rows=0 loops=1)
   ->  Sort  (cost=66.83..69.33 rows=1000 width=20) (actual time=0.297..0.329 rows=1000 loops=1)
         Sort Key: s_1.a, s_1.b
         Sort Method: quicksort  Memory: 103kB
         ->  Seq Scan on s_1  (cost=0.00..17.00 rows=1000 width=20) (actual time=0.004..0.059 rows=1000 loops=1)
 Planning time: 0.250 ms
 Execution time: 0.385 ms
(7 rows)

===== 138 [Wed Mar  7 01:55:27 CET 2018] scale:1000 groups:100 work_mem:32MB incremental:on max_workers:0 =====
SELECT * FROM s_2 ORDER BY a, b, c
                                                   QUERY PLAN                                                    
-----------------------------------------------------------------------------------------------------------------
 Limit  (cost=79.33..79.33 rows=1 width=20) (actual time=0.318..0.318 rows=0 loops=1)
   ->  Sort  (cost=66.83..69.33 rows=1000 width=20) (actual time=0.264..0.295 rows=1000 loops=1)
         Sort Key: s_2.a, s_2.b, s_2.c
         Sort Method: quicksort  Memory: 103kB
         ->  Seq Scan on s_2  (cost=0.00..17.00 rows=1000 width=20) (actual time=0.007..0.059 rows=1000 loops=1)
 Planning time: 0.262 ms
 Execution time: 0.338 ms
(7 rows)

===== 139 [Wed Mar  7 01:55:27 CET 2018] scale:1000 groups:100 work_mem:32MB incremental:on max_workers:0 =====
SELECT * FROM s_3 ORDER BY a, b, c, d
                                                   QUERY PLAN                                                    
-----------------------------------------------------------------------------------------------------------------
 Limit  (cost=79.33..79.33 rows=1 width=20) (actual time=0.254..0.254 rows=0 loops=1)
   ->  Sort  (cost=66.83..69.33 rows=1000 width=20) (actual time=0.200..0.232 rows=1000 loops=1)
         Sort Key: s_3.a, s_3.b, s_3.c, s_3.d
         Sort Method: quicksort  Memory: 103kB
         ->  Seq Scan on s_3  (cost=0.00..17.00 rows=1000 width=20) (actual time=0.004..0.057 rows=1000 loops=1)
 Planning time: 0.269 ms
 Execution time: 0.274 ms
(7 rows)

===== 140 [Wed Mar  7 01:55:27 CET 2018] scale:1000 groups:100 work_mem:32MB incremental:on max_workers:0 =====
SELECT * FROM s_4 ORDER BY a, b, c, d, e
                                                   QUERY PLAN                                                    
-----------------------------------------------------------------------------------------------------------------
 Limit  (cost=79.33..79.33 rows=1 width=20) (actual time=0.253..0.253 rows=0 loops=1)
   ->  Sort  (cost=66.83..69.33 rows=1000 width=20) (actual time=0.198..0.231 rows=1000 loops=1)
         Sort Key: s_4.a, s_4.b, s_4.c, s_4.d, s_4.e
         Sort Method: quicksort  Memory: 103kB
         ->  Seq Scan on s_4  (cost=0.00..17.00 rows=1000 width=20) (actual time=0.007..0.062 rows=1000 loops=1)
 Planning time: 0.260 ms
 Execution time: 0.273 ms
(7 rows)

===== 141 [Wed Mar  7 01:55:27 CET 2018] scale:1000 groups:100 work_mem:32MB incremental:off max_workers:0 =====
SELECT * FROM s_1 ORDER BY a, b
                                                   QUERY PLAN                                                    
-----------------------------------------------------------------------------------------------------------------
 Limit  (cost=79.33..79.33 rows=1 width=20) (actual time=0.359..0.359 rows=0 loops=1)
   ->  Sort  (cost=66.83..69.33 rows=1000 width=20) (actual time=0.305..0.336 rows=1000 loops=1)
         Sort Key: s_1.a, s_1.b
         Sort Method: quicksort  Memory: 103kB
         ->  Seq Scan on s_1  (cost=0.00..17.00 rows=1000 width=20) (actual time=0.004..0.060 rows=1000 loops=1)
 Planning time: 0.244 ms
 Execution time: 0.388 ms
(7 rows)

===== 142 [Wed Mar  7 01:55:27 CET 2018] scale:1000 groups:100 work_mem:32MB incremental:off max_workers:0 =====
SELECT * FROM s_2 ORDER BY a, b, c
                                                   QUERY PLAN                                                    
-----------------------------------------------------------------------------------------------------------------
 Limit  (cost=79.33..79.33 rows=1 width=20) (actual time=0.320..0.320 rows=0 loops=1)
   ->  Sort  (cost=66.83..69.33 rows=1000 width=20) (actual time=0.266..0.298 rows=1000 loops=1)
         Sort Key: s_2.a, s_2.b, s_2.c
         Sort Method: quicksort  Memory: 103kB
         ->  Seq Scan on s_2  (cost=0.00..17.00 rows=1000 width=20) (actual time=0.007..0.059 rows=1000 loops=1)
 Planning time: 0.256 ms
 Execution time: 0.340 ms
(7 rows)

===== 143 [Wed Mar  7 01:55:28 CET 2018] scale:1000 groups:100 work_mem:32MB incremental:off max_workers:0 =====
SELECT * FROM s_3 ORDER BY a, b, c, d
                                                   QUERY PLAN                                                    
-----------------------------------------------------------------------------------------------------------------
 Limit  (cost=79.33..79.33 rows=1 width=20) (actual time=0.256..0.256 rows=0 loops=1)
   ->  Sort  (cost=66.83..69.33 rows=1000 width=20) (actual time=0.197..0.229 rows=1000 loops=1)
         Sort Key: s_3.a, s_3.b, s_3.c, s_3.d
         Sort Method: quicksort  Memory: 103kB
         ->  Seq Scan on s_3  (cost=0.00..17.00 rows=1000 width=20) (actual time=0.004..0.057 rows=1000 loops=1)
 Planning time: 0.258 ms
 Execution time: 0.276 ms
(7 rows)

===== 144 [Wed Mar  7 01:55:28 CET 2018] scale:1000 groups:100 work_mem:32MB incremental:off max_workers:0 =====
SELECT * FROM s_4 ORDER BY a, b, c, d, e
                                                   QUERY PLAN                                                    
-----------------------------------------------------------------------------------------------------------------
 Limit  (cost=79.33..79.33 rows=1 width=20) (actual time=0.255..0.255 rows=0 loops=1)
   ->  Sort  (cost=66.83..69.33 rows=1000 width=20) (actual time=0.200..0.232 rows=1000 loops=1)
         Sort Key: s_4.a, s_4.b, s_4.c, s_4.d, s_4.e
         Sort Method: quicksort  Memory: 103kB
         ->  Seq Scan on s_4  (cost=0.00..17.00 rows=1000 width=20) (actual time=0.007..0.063 rows=1000 loops=1)
 Planning time: 0.264 ms
 Execution time: 0.274 ms
(7 rows)

===== 145 [Wed Mar  7 01:55:28 CET 2018] scale:1000 groups:100 work_mem:64MB incremental:on max_workers:0 =====
SELECT * FROM s_1 ORDER BY a, b
                                                   QUERY PLAN                                                    
-----------------------------------------------------------------------------------------------------------------
 Limit  (cost=79.33..79.33 rows=1 width=20) (actual time=0.356..0.356 rows=0 loops=1)
   ->  Sort  (cost=66.83..69.33 rows=1000 width=20) (actual time=0.302..0.333 rows=1000 loops=1)
         Sort Key: s_1.a, s_1.b
         Sort Method: quicksort  Memory: 103kB
         ->  Seq Scan on s_1  (cost=0.00..17.00 rows=1000 width=20) (actual time=0.004..0.059 rows=1000 loops=1)
 Planning time: 0.250 ms
 Execution time: 0.388 ms
(7 rows)

===== 146 [Wed Mar  7 01:55:28 CET 2018] scale:1000 groups:100 work_mem:64MB incremental:on max_workers:0 =====
SELECT * FROM s_2 ORDER BY a, b, c
                                                   QUERY PLAN                                                    
-----------------------------------------------------------------------------------------------------------------
 Limit  (cost=79.33..79.33 rows=1 width=20) (actual time=0.321..0.321 rows=0 loops=1)
   ->  Sort  (cost=66.83..69.33 rows=1000 width=20) (actual time=0.267..0.298 rows=1000 loops=1)
         Sort Key: s_2.a, s_2.b, s_2.c
         Sort Method: quicksort  Memory: 103kB
         ->  Seq Scan on s_2  (cost=0.00..17.00 rows=1000 width=20) (actual time=0.007..0.059 rows=1000 loops=1)
 Planning time: 0.265 ms
 Execution time: 0.341 ms
(7 rows)

===== 147 [Wed Mar  7 01:55:28 CET 2018] scale:1000 groups:100 work_mem:64MB incremental:on max_workers:0 =====
SELECT * FROM s_3 ORDER BY a, b, c, d
                                                   QUERY PLAN                                                    
-----------------------------------------------------------------------------------------------------------------
 Limit  (cost=79.33..79.33 rows=1 width=20) (actual time=0.257..0.257 rows=0 loops=1)
   ->  Sort  (cost=66.83..69.33 rows=1000 width=20) (actual time=0.203..0.235 rows=1000 loops=1)
         Sort Key: s_3.a, s_3.b, s_3.c, s_3.d
         Sort Method: quicksort  Memory: 103kB
         ->  Seq Scan on s_3  (cost=0.00..17.00 rows=1000 width=20) (actual time=0.004..0.064 rows=1000 loops=1)
 Planning time: 0.268 ms
 Execution time: 0.277 ms
(7 rows)

===== 148 [Wed Mar  7 01:55:28 CET 2018] scale:1000 groups:100 work_mem:64MB incremental:on max_workers:0 =====
SELECT * FROM s_4 ORDER BY a, b, c, d, e
                                                   QUERY PLAN                                                    
-----------------------------------------------------------------------------------------------------------------
 Limit  (cost=79.33..79.33 rows=1 width=20) (actual time=0.253..0.253 rows=0 loops=1)
   ->  Sort  (cost=66.83..69.33 rows=1000 width=20) (actual time=0.199..0.231 rows=1000 loops=1)
         Sort Key: s_4.a, s_4.b, s_4.c, s_4.d, s_4.e
         Sort Method: quicksort  Memory: 103kB
         ->  Seq Scan on s_4  (cost=0.00..17.00 rows=1000 width=20) (actual time=0.007..0.062 rows=1000 loops=1)
 Planning time: 0.265 ms
 Execution time: 0.282 ms
(7 rows)

===== 149 [Wed Mar  7 01:55:28 CET 2018] scale:1000 groups:100 work_mem:64MB incremental:off max_workers:0 =====
SELECT * FROM s_1 ORDER BY a, b
                                                   QUERY PLAN                                                    
-----------------------------------------------------------------------------------------------------------------
 Limit  (cost=79.33..79.33 rows=1 width=20) (actual time=0.356..0.356 rows=0 loops=1)
   ->  Sort  (cost=66.83..69.33 rows=1000 width=20) (actual time=0.302..0.334 rows=1000 loops=1)
         Sort Key: s_1.a, s_1.b
         Sort Method: quicksort  Memory: 103kB
         ->  Seq Scan on s_1  (cost=0.00..17.00 rows=1000 width=20) (actual time=0.004..0.064 rows=1000 loops=1)
 Planning time: 0.245 ms
 Execution time: 0.385 ms
(7 rows)

===== 150 [Wed Mar  7 01:55:28 CET 2018] scale:1000 groups:100 work_mem:64MB incremental:off max_workers:0 =====
SELECT * FROM s_2 ORDER BY a, b, c
                                                   QUERY PLAN                                                    
-----------------------------------------------------------------------------------------------------------------
 Limit  (cost=79.33..79.33 rows=1 width=20) (actual time=0.318..0.318 rows=0 loops=1)
   ->  Sort  (cost=66.83..69.33 rows=1000 width=20) (actual time=0.264..0.295 rows=1000 loops=1)
         Sort Key: s_2.a, s_2.b, s_2.c
         Sort Method: quicksort  Memory: 103kB
         ->  Seq Scan on s_2  (cost=0.00..17.00 rows=1000 width=20) (actual time=0.007..0.059 rows=1000 loops=1)
 Planning time: 0.254 ms
 Execution time: 0.339 ms
(7 rows)

===== 151 [Wed Mar  7 01:55:28 CET 2018] scale:1000 groups:100 work_mem:64MB incremental:off max_workers:0 =====
SELECT * FROM s_3 ORDER BY a, b, c, d
                                                   QUERY PLAN                                                    
-----------------------------------------------------------------------------------------------------------------
 Limit  (cost=79.33..79.33 rows=1 width=20) (actual time=0.250..0.250 rows=0 loops=1)
   ->  Sort  (cost=66.83..69.33 rows=1000 width=20) (actual time=0.196..0.228 rows=1000 loops=1)
         Sort Key: s_3.a, s_3.b, s_3.c, s_3.d
         Sort Method: quicksort  Memory: 103kB
         ->  Seq Scan on s_3  (cost=0.00..17.00 rows=1000 width=20) (actual time=0.004..0.057 rows=1000 loops=1)
 Planning time: 0.261 ms
 Execution time: 0.271 ms
(7 rows)

===== 152 [Wed Mar  7 01:55:28 CET 2018] scale:1000 groups:100 work_mem:64MB incremental:off max_workers:0 =====
SELECT * FROM s_4 ORDER BY a, b, c, d, e
                                                   QUERY PLAN                                                    
-----------------------------------------------------------------------------------------------------------------
 Limit  (cost=79.33..79.33 rows=1 width=20) (actual time=0.262..0.262 rows=0 loops=1)
   ->  Sort  (cost=66.83..69.33 rows=1000 width=20) (actual time=0.208..0.240 rows=1000 loops=1)
         Sort Key: s_4.a, s_4.b, s_4.c, s_4.d, s_4.e
         Sort Method: quicksort  Memory: 103kB
         ->  Seq Scan on s_4  (cost=0.00..17.00 rows=1000 width=20) (actual time=0.007..0.063 rows=1000 loops=1)
 Planning time: 0.257 ms
 Execution time: 0.281 ms
(7 rows)

===== 153 [Wed Mar  7 01:55:28 CET 2018] scale:1000 groups:100 work_mem:128MB incremental:on max_workers:0 =====
SELECT * FROM s_1 ORDER BY a, b
                                                   QUERY PLAN                                                    
-----------------------------------------------------------------------------------------------------------------
 Limit  (cost=79.33..79.33 rows=1 width=20) (actual time=0.361..0.361 rows=0 loops=1)
   ->  Sort  (cost=66.83..69.33 rows=1000 width=20) (actual time=0.307..0.338 rows=1000 loops=1)
         Sort Key: s_1.a, s_1.b
         Sort Method: quicksort  Memory: 103kB
         ->  Seq Scan on s_1  (cost=0.00..17.00 rows=1000 width=20) (actual time=0.004..0.059 rows=1000 loops=1)
 Planning time: 0.253 ms
 Execution time: 0.393 ms
(7 rows)

===== 154 [Wed Mar  7 01:55:28 CET 2018] scale:1000 groups:100 work_mem:128MB incremental:on max_workers:0 =====
SELECT * FROM s_2 ORDER BY a, b, c
                                                   QUERY PLAN                                                    
-----------------------------------------------------------------------------------------------------------------
 Limit  (cost=79.33..79.33 rows=1 width=20) (actual time=0.312..0.312 rows=0 loops=1)
   ->  Sort  (cost=66.83..69.33 rows=1000 width=20) (actual time=0.258..0.290 rows=1000 loops=1)
         Sort Key: s_2.a, s_2.b, s_2.c
         Sort Method: quicksort  Memory: 103kB
         ->  Seq Scan on s_2  (cost=0.00..17.00 rows=1000 width=20) (actual time=0.007..0.059 rows=1000 loops=1)
 Planning time: 0.269 ms
 Execution time: 0.332 ms
(7 rows)

===== 155 [Wed Mar  7 01:55:28 CET 2018] scale:1000 groups:100 work_mem:128MB incremental:on max_workers:0 =====
SELECT * FROM s_3 ORDER BY a, b, c, d
                                                   QUERY PLAN                                                    
-----------------------------------------------------------------------------------------------------------------
 Limit  (cost=79.33..79.33 rows=1 width=20) (actual time=0.251..0.251 rows=0 loops=1)
   ->  Sort  (cost=66.83..69.33 rows=1000 width=20) (actual time=0.196..0.228 rows=1000 loops=1)
         Sort Key: s_3.a, s_3.b, s_3.c, s_3.d
         Sort Method: quicksort  Memory: 103kB
         ->  Seq Scan on s_3  (cost=0.00..17.00 rows=1000 width=20) (actual time=0.004..0.057 rows=1000 loops=1)
 Planning time: 0.266 ms
 Execution time: 0.271 ms
(7 rows)

===== 156 [Wed Mar  7 01:55:28 CET 2018] scale:1000 groups:100 work_mem:128MB incremental:on max_workers:0 =====
SELECT * FROM s_4 ORDER BY a, b, c, d, e
                                                   QUERY PLAN                                                    
-----------------------------------------------------------------------------------------------------------------
 Limit  (cost=79.33..79.33 rows=1 width=20) (actual time=0.261..0.261 rows=0 loops=1)
   ->  Sort  (cost=66.83..69.33 rows=1000 width=20) (actual time=0.206..0.238 rows=1000 loops=1)
         Sort Key: s_4.a, s_4.b, s_4.c, s_4.d, s_4.e
         Sort Method: quicksort  Memory: 103kB
         ->  Seq Scan on s_4  (cost=0.00..17.00 rows=1000 width=20) (actual time=0.007..0.062 rows=1000 loops=1)
 Planning time: 0.260 ms
 Execution time: 0.280 ms
(7 rows)

===== 157 [Wed Mar  7 01:55:29 CET 2018] scale:1000 groups:100 work_mem:128MB incremental:off max_workers:0 =====
SELECT * FROM s_1 ORDER BY a, b
                                                   QUERY PLAN                                                    
-----------------------------------------------------------------------------------------------------------------
 Limit  (cost=79.33..79.33 rows=1 width=20) (actual time=0.350..0.350 rows=0 loops=1)
   ->  Sort  (cost=66.83..69.33 rows=1000 width=20) (actual time=0.295..0.327 rows=1000 loops=1)
         Sort Key: s_1.a, s_1.b
         Sort Method: quicksort  Memory: 103kB
         ->  Seq Scan on s_1  (cost=0.00..17.00 rows=1000 width=20) (actual time=0.004..0.059 rows=1000 loops=1)
 Planning time: 0.236 ms
 Execution time: 0.384 ms
(7 rows)

===== 158 [Wed Mar  7 01:55:29 CET 2018] scale:1000 groups:100 work_mem:128MB incremental:off max_workers:0 =====
SELECT * FROM s_2 ORDER BY a, b, c
                                                   QUERY PLAN                                                    
-----------------------------------------------------------------------------------------------------------------
 Limit  (cost=79.33..79.33 rows=1 width=20) (actual time=0.323..0.323 rows=0 loops=1)
   ->  Sort  (cost=66.83..69.33 rows=1000 width=20) (actual time=0.269..0.300 rows=1000 loops=1)
         Sort Key: s_2.a, s_2.b, s_2.c
         Sort Method: quicksort  Memory: 103kB
         ->  Seq Scan on s_2  (cost=0.00..17.00 rows=1000 width=20) (actual time=0.007..0.066 rows=1000 loops=1)
 Planning time: 0.254 ms
 Execution time: 0.342 ms
(7 rows)

===== 159 [Wed Mar  7 01:55:29 CET 2018] scale:1000 groups:100 work_mem:128MB incremental:off max_workers:0 =====
SELECT * FROM s_3 ORDER BY a, b, c, d
                                                   QUERY PLAN                                                    
-----------------------------------------------------------------------------------------------------------------
 Limit  (cost=79.33..79.33 rows=1 width=20) (actual time=0.259..0.259 rows=0 loops=1)
   ->  Sort  (cost=66.83..69.33 rows=1000 width=20) (actual time=0.197..0.236 rows=1000 loops=1)
         Sort Key: s_3.a, s_3.b, s_3.c, s_3.d
         Sort Method: quicksort  Memory: 103kB
         ->  Seq Scan on s_3  (cost=0.00..17.00 rows=1000 width=20) (actual time=0.004..0.057 rows=1000 loops=1)
 Planning time: 0.260 ms
 Execution time: 0.278 ms
(7 rows)

===== 160 [Wed Mar  7 01:55:29 CET 2018] scale:1000 groups:100 work_mem:128MB incremental:off max_workers:0 =====
SELECT * FROM s_4 ORDER BY a, b, c, d, e
                                                   QUERY PLAN                                                    
-----------------------------------------------------------------------------------------------------------------
 Limit  (cost=79.33..79.33 rows=1 width=20) (actual time=0.253..0.253 rows=0 loops=1)
   ->  Sort  (cost=66.83..69.33 rows=1000 width=20) (actual time=0.199..0.230 rows=1000 loops=1)
         Sort Key: s_4.a, s_4.b, s_4.c, s_4.d, s_4.e
         Sort Method: quicksort  Memory: 103kB
         ->  Seq Scan on s_4  (cost=0.00..17.00 rows=1000 width=20) (actual time=0.007..0.062 rows=1000 loops=1)
 Planning time: 0.263 ms
 Execution time: 0.272 ms
(7 rows)

===== 161 [Wed Mar  7 01:55:29 CET 2018] scale:1000 groups:100 work_mem:256MB incremental:on max_workers:0 =====
SELECT * FROM s_1 ORDER BY a, b
                                                   QUERY PLAN                                                    
-----------------------------------------------------------------------------------------------------------------
 Limit  (cost=79.33..79.33 rows=1 width=20) (actual time=0.354..0.354 rows=0 loops=1)
   ->  Sort  (cost=66.83..69.33 rows=1000 width=20) (actual time=0.299..0.331 rows=1000 loops=1)
         Sort Key: s_1.a, s_1.b
         Sort Method: quicksort  Memory: 103kB
         ->  Seq Scan on s_1  (cost=0.00..17.00 rows=1000 width=20) (actual time=0.004..0.059 rows=1000 loops=1)
 Planning time: 0.258 ms
 Execution time: 0.386 ms
(7 rows)

===== 162 [Wed Mar  7 01:55:29 CET 2018] scale:1000 groups:100 work_mem:256MB incremental:on max_workers:0 =====
SELECT * FROM s_2 ORDER BY a, b, c
                                                   QUERY PLAN                                                    
-----------------------------------------------------------------------------------------------------------------
 Limit  (cost=79.33..79.33 rows=1 width=20) (actual time=0.309..0.309 rows=0 loops=1)
   ->  Sort  (cost=66.83..69.33 rows=1000 width=20) (actual time=0.255..0.287 rows=1000 loops=1)
         Sort Key: s_2.a, s_2.b, s_2.c
         Sort Method: quicksort  Memory: 103kB
         ->  Seq Scan on s_2  (cost=0.00..17.00 rows=1000 width=20) (actual time=0.007..0.059 rows=1000 loops=1)
 Planning time: 0.259 ms
 Execution time: 0.330 ms
(7 rows)

===== 163 [Wed Mar  7 01:55:29 CET 2018] scale:1000 groups:100 work_mem:256MB incremental:on max_workers:0 =====
SELECT * FROM s_3 ORDER BY a, b, c, d
                                                   QUERY PLAN                                                    
-----------------------------------------------------------------------------------------------------------------
 Limit  (cost=79.33..79.33 rows=1 width=20) (actual time=0.250..0.250 rows=0 loops=1)
   ->  Sort  (cost=66.83..69.33 rows=1000 width=20) (actual time=0.196..0.228 rows=1000 loops=1)
         Sort Key: s_3.a, s_3.b, s_3.c, s_3.d
         Sort Method: quicksort  Memory: 103kB
         ->  Seq Scan on s_3  (cost=0.00..17.00 rows=1000 width=20) (actual time=0.004..0.057 rows=1000 loops=1)
 Planning time: 0.269 ms
 Execution time: 0.269 ms
(7 rows)

===== 164 [Wed Mar  7 01:55:29 CET 2018] scale:1000 groups:100 work_mem:256MB incremental:on max_workers:0 =====
SELECT * FROM s_4 ORDER BY a, b, c, d, e
                                                   QUERY PLAN                                                    
-----------------------------------------------------------------------------------------------------------------
 Limit  (cost=79.33..79.33 rows=1 width=20) (actual time=0.259..0.259 rows=0 loops=1)
   ->  Sort  (cost=66.83..69.33 rows=1000 width=20) (actual time=0.204..0.236 rows=1000 loops=1)
         Sort Key: s_4.a, s_4.b, s_4.c, s_4.d, s_4.e
         Sort Method: quicksort  Memory: 103kB
         ->  Seq Scan on s_4  (cost=0.00..17.00 rows=1000 width=20) (actual time=0.010..0.067 rows=1000 loops=1)
 Planning time: 0.266 ms
 Execution time: 0.278 ms
(7 rows)

===== 165 [Wed Mar  7 01:55:29 CET 2018] scale:1000 groups:100 work_mem:256MB incremental:off max_workers:0 =====
SELECT * FROM s_1 ORDER BY a, b
                                                   QUERY PLAN                                                    
-----------------------------------------------------------------------------------------------------------------
 Limit  (cost=79.33..79.33 rows=1 width=20) (actual time=0.353..0.353 rows=0 loops=1)
   ->  Sort  (cost=66.83..69.33 rows=1000 width=20) (actual time=0.298..0.330 rows=1000 loops=1)
         Sort Key: s_1.a, s_1.b
         Sort Method: quicksort  Memory: 103kB
         ->  Seq Scan on s_1  (cost=0.00..17.00 rows=1000 width=20) (actual time=0.004..0.060 rows=1000 loops=1)
 Planning time: 0.242 ms
 Execution time: 0.382 ms
(7 rows)

===== 166 [Wed Mar  7 01:55:29 CET 2018] scale:1000 groups:100 work_mem:256MB incremental:off max_workers:0 =====
SELECT * FROM s_2 ORDER BY a, b, c
                                                   QUERY PLAN                                                    
-----------------------------------------------------------------------------------------------------------------
 Limit  (cost=79.33..79.33 rows=1 width=20) (actual time=0.312..0.312 rows=0 loops=1)
   ->  Sort  (cost=66.83..69.33 rows=1000 width=20) (actual time=0.258..0.289 rows=1000 loops=1)
         Sort Key: s_2.a, s_2.b, s_2.c
         Sort Method: quicksort  Memory: 103kB
         ->  Seq Scan on s_2  (cost=0.00..17.00 rows=1000 width=20) (actual time=0.006..0.058 rows=1000 loops=1)
 Planning time: 0.257 ms
 Execution time: 0.331 ms
(7 rows)

===== 167 [Wed Mar  7 01:55:29 CET 2018] scale:1000 groups:100 work_mem:256MB incremental:off max_workers:0 =====
SELECT * FROM s_3 ORDER BY a, b, c, d
                                                   QUERY PLAN                                                    
-----------------------------------------------------------------------------------------------------------------
 Limit  (cost=79.33..79.33 rows=1 width=20) (actual time=0.252..0.252 rows=0 loops=1)
   ->  Sort  (cost=66.83..69.33 rows=1000 width=20) (actual time=0.198..0.229 rows=1000 loops=1)
         Sort Key: s_3.a, s_3.b, s_3.c, s_3.d
         Sort Method: quicksort  Memory: 103kB
         ->  Seq Scan on s_3  (cost=0.00..17.00 rows=1000 width=20) (actual time=0.004..0.057 rows=1000 loops=1)
 Planning time: 0.263 ms
 Execution time: 0.271 ms
(7 rows)

===== 168 [Wed Mar  7 01:55:29 CET 2018] scale:1000 groups:100 work_mem:256MB incremental:off max_workers:0 =====
SELECT * FROM s_4 ORDER BY a, b, c, d, e
                                                   QUERY PLAN                                                    
-----------------------------------------------------------------------------------------------------------------
 Limit  (cost=79.33..79.33 rows=1 width=20) (actual time=0.262..0.262 rows=0 loops=1)
   ->  Sort  (cost=66.83..69.33 rows=1000 width=20) (actual time=0.208..0.240 rows=1000 loops=1)
         Sort Key: s_4.a, s_4.b, s_4.c, s_4.d, s_4.e
         Sort Method: quicksort  Memory: 103kB
         ->  Seq Scan on s_4  (cost=0.00..17.00 rows=1000 width=20) (actual time=0.007..0.063 rows=1000 loops=1)
 Planning time: 0.253 ms
 Execution time: 0.281 ms
(7 rows)

===== 169 [Wed Mar  7 01:55:29 CET 2018] scale:1000 groups:100 work_mem:4MB incremental:on max_workers:2 =====
SELECT * FROM s_1 ORDER BY a, b
                                                   QUERY PLAN                                                    
-----------------------------------------------------------------------------------------------------------------
 Limit  (cost=79.33..79.33 rows=1 width=20) (actual time=0.359..0.359 rows=0 loops=1)
   ->  Sort  (cost=66.83..69.33 rows=1000 width=20) (actual time=0.305..0.337 rows=1000 loops=1)
         Sort Key: s_1.a, s_1.b
         Sort Method: quicksort  Memory: 103kB
         ->  Seq Scan on s_1  (cost=0.00..17.00 rows=1000 width=20) (actual time=0.004..0.059 rows=1000 loops=1)
 Planning time: 0.255 ms
 Execution time: 0.392 ms
(7 rows)

===== 170 [Wed Mar  7 01:55:29 CET 2018] scale:1000 groups:100 work_mem:4MB incremental:on max_workers:2 =====
SELECT * FROM s_2 ORDER BY a, b, c
                                                   QUERY PLAN                                                    
-----------------------------------------------------------------------------------------------------------------
 Limit  (cost=79.33..79.33 rows=1 width=20) (actual time=0.309..0.309 rows=0 loops=1)
   ->  Sort  (cost=66.83..69.33 rows=1000 width=20) (actual time=0.255..0.286 rows=1000 loops=1)
         Sort Key: s_2.a, s_2.b, s_2.c
         Sort Method: quicksort  Memory: 103kB
         ->  Seq Scan on s_2  (cost=0.00..17.00 rows=1000 width=20) (actual time=0.007..0.059 rows=1000 loops=1)
 Planning time: 0.266 ms
 Execution time: 0.330 ms
(7 rows)

===== 171 [Wed Mar  7 01:55:29 CET 2018] scale:1000 groups:100 work_mem:4MB incremental:on max_workers:2 =====
SELECT * FROM s_3 ORDER BY a, b, c, d
                                                   QUERY PLAN                                                    
-----------------------------------------------------------------------------------------------------------------
 Limit  (cost=79.33..79.33 rows=1 width=20) (actual time=0.253..0.253 rows=0 loops=1)
   ->  Sort  (cost=66.83..69.33 rows=1000 width=20) (actual time=0.199..0.231 rows=1000 loops=1)
         Sort Key: s_3.a, s_3.b, s_3.c, s_3.d
         Sort Method: quicksort  Memory: 103kB
         ->  Seq Scan on s_3  (cost=0.00..17.00 rows=1000 width=20) (actual time=0.004..0.057 rows=1000 loops=1)
 Planning time: 0.272 ms
 Execution time: 0.274 ms
(7 rows)

===== 172 [Wed Mar  7 01:55:30 CET 2018] scale:1000 groups:100 work_mem:4MB incremental:on max_workers:2 =====
SELECT * FROM s_4 ORDER BY a, b, c, d, e
                                                   QUERY PLAN                                                    
-----------------------------------------------------------------------------------------------------------------
 Limit  (cost=79.33..79.33 rows=1 width=20) (actual time=0.254..0.254 rows=0 loops=1)
   ->  Sort  (cost=66.83..69.33 rows=1000 width=20) (actual time=0.199..0.231 rows=1000 loops=1)
         Sort Key: s_4.a, s_4.b, s_4.c, s_4.d, s_4.e
         Sort Method: quicksort  Memory: 103kB
         ->  Seq Scan on s_4  (cost=0.00..17.00 rows=1000 width=20) (actual time=0.007..0.062 rows=1000 loops=1)
 Planning time: 0.267 ms
 Execution time: 0.273 ms
(7 rows)

===== 173 [Wed Mar  7 01:55:30 CET 2018] scale:1000 groups:100 work_mem:4MB incremental:off max_workers:2 =====
SELECT * FROM s_1 ORDER BY a, b
                                                   QUERY PLAN                                                    
-----------------------------------------------------------------------------------------------------------------
 Limit  (cost=79.33..79.33 rows=1 width=20) (actual time=0.353..0.353 rows=0 loops=1)
   ->  Sort  (cost=66.83..69.33 rows=1000 width=20) (actual time=0.299..0.330 rows=1000 loops=1)
         Sort Key: s_1.a, s_1.b
         Sort Method: quicksort  Memory: 103kB
         ->  Seq Scan on s_1  (cost=0.00..17.00 rows=1000 width=20) (actual time=0.004..0.060 rows=1000 loops=1)
 Planning time: 0.243 ms
 Execution time: 0.382 ms
(7 rows)

===== 174 [Wed Mar  7 01:55:30 CET 2018] scale:1000 groups:100 work_mem:4MB incremental:off max_workers:2 =====
SELECT * FROM s_2 ORDER BY a, b, c
                                                   QUERY PLAN                                                    
-----------------------------------------------------------------------------------------------------------------
 Limit  (cost=79.33..79.33 rows=1 width=20) (actual time=0.314..0.314 rows=0 loops=1)
   ->  Sort  (cost=66.83..69.33 rows=1000 width=20) (actual time=0.260..0.291 rows=1000 loops=1)
         Sort Key: s_2.a, s_2.b, s_2.c
         Sort Method: quicksort  Memory: 103kB
         ->  Seq Scan on s_2  (cost=0.00..17.00 rows=1000 width=20) (actual time=0.007..0.059 rows=1000 loops=1)
 Planning time: 0.259 ms
 Execution time: 0.333 ms
(7 rows)

===== 175 [Wed Mar  7 01:55:30 CET 2018] scale:1000 groups:100 work_mem:4MB incremental:off max_workers:2 =====
SELECT * FROM s_3 ORDER BY a, b, c, d
                                                   QUERY PLAN                                                    
-----------------------------------------------------------------------------------------------------------------
 Limit  (cost=79.33..79.33 rows=1 width=20) (actual time=0.258..0.258 rows=0 loops=1)
   ->  Sort  (cost=66.83..69.33 rows=1000 width=20) (actual time=0.204..0.235 rows=1000 loops=1)
         Sort Key: s_3.a, s_3.b, s_3.c, s_3.d
         Sort Method: quicksort  Memory: 103kB
         ->  Seq Scan on s_3  (cost=0.00..17.00 rows=1000 width=20) (actual time=0.011..0.065 rows=1000 loops=1)
 Planning time: 0.261 ms
 Execution time: 0.277 ms
(7 rows)

===== 176 [Wed Mar  7 01:55:30 CET 2018] scale:1000 groups:100 work_mem:4MB incremental:off max_workers:2 =====
SELECT * FROM s_4 ORDER BY a, b, c, d, e
                                                   QUERY PLAN                                                    
-----------------------------------------------------------------------------------------------------------------
 Limit  (cost=79.33..79.33 rows=1 width=20) (actual time=0.263..0.263 rows=0 loops=1)
   ->  Sort  (cost=66.83..69.33 rows=1000 width=20) (actual time=0.201..0.240 rows=1000 loops=1)
         Sort Key: s_4.a, s_4.b, s_4.c, s_4.d, s_4.e
         Sort Method: quicksort  Memory: 103kB
         ->  Seq Scan on s_4  (cost=0.00..17.00 rows=1000 width=20) (actual time=0.007..0.062 rows=1000 loops=1)
 Planning time: 0.258 ms
 Execution time: 0.282 ms
(7 rows)

===== 177 [Wed Mar  7 01:55:30 CET 2018] scale:1000 groups:100 work_mem:8MB incremental:on max_workers:2 =====
SELECT * FROM s_1 ORDER BY a, b
                                                   QUERY PLAN                                                    
-----------------------------------------------------------------------------------------------------------------
 Limit  (cost=79.33..79.33 rows=1 width=20) (actual time=0.355..0.355 rows=0 loops=1)
   ->  Sort  (cost=66.83..69.33 rows=1000 width=20) (actual time=0.300..0.332 rows=1000 loops=1)
         Sort Key: s_1.a, s_1.b
         Sort Method: quicksort  Memory: 103kB
         ->  Seq Scan on s_1  (cost=0.00..17.00 rows=1000 width=20) (actual time=0.004..0.059 rows=1000 loops=1)
 Planning time: 0.254 ms
 Execution time: 0.391 ms
(7 rows)

===== 178 [Wed Mar  7 01:55:30 CET 2018] scale:1000 groups:100 work_mem:8MB incremental:on max_workers:2 =====
SELECT * FROM s_2 ORDER BY a, b, c
                                                   QUERY PLAN                                                    
-----------------------------------------------------------------------------------------------------------------
 Limit  (cost=79.33..79.33 rows=1 width=20) (actual time=0.313..0.313 rows=0 loops=1)
   ->  Sort  (cost=66.83..69.33 rows=1000 width=20) (actual time=0.259..0.290 rows=1000 loops=1)
         Sort Key: s_2.a, s_2.b, s_2.c
         Sort Method: quicksort  Memory: 103kB
         ->  Seq Scan on s_2  (cost=0.00..17.00 rows=1000 width=20) (actual time=0.007..0.060 rows=1000 loops=1)
 Planning time: 0.278 ms
 Execution time: 0.333 ms
(7 rows)

===== 179 [Wed Mar  7 01:55:30 CET 2018] scale:1000 groups:100 work_mem:8MB incremental:on max_workers:2 =====
SELECT * FROM s_3 ORDER BY a, b, c, d
                                                   QUERY PLAN                                                    
-----------------------------------------------------------------------------------------------------------------
 Limit  (cost=79.33..79.33 rows=1 width=20) (actual time=0.249..0.249 rows=0 loops=1)
   ->  Sort  (cost=66.83..69.33 rows=1000 width=20) (actual time=0.195..0.226 rows=1000 loops=1)
         Sort Key: s_3.a, s_3.b, s_3.c, s_3.d
         Sort Method: quicksort  Memory: 103kB
         ->  Seq Scan on s_3  (cost=0.00..17.00 rows=1000 width=20) (actual time=0.004..0.057 rows=1000 loops=1)
 Planning time: 0.269 ms
 Execution time: 0.268 ms
(7 rows)

===== 180 [Wed Mar  7 01:55:30 CET 2018] scale:1000 groups:100 work_mem:8MB incremental:on max_workers:2 =====
SELECT * FROM s_4 ORDER BY a, b, c, d, e
                                                   QUERY PLAN                                                    
-----------------------------------------------------------------------------------------------------------------
 Limit  (cost=79.33..79.33 rows=1 width=20) (actual time=0.255..0.255 rows=0 loops=1)
   ->  Sort  (cost=66.83..69.33 rows=1000 width=20) (actual time=0.200..0.232 rows=1000 loops=1)
         Sort Key: s_4.a, s_4.b, s_4.c, s_4.d, s_4.e
         Sort Method: quicksort  Memory: 103kB
         ->  Seq Scan on s_4  (cost=0.00..17.00 rows=1000 width=20) (actual time=0.007..0.062 rows=1000 loops=1)
 Planning time: 0.274 ms
 Execution time: 0.273 ms
(7 rows)

===== 181 [Wed Mar  7 01:55:30 CET 2018] scale:1000 groups:100 work_mem:8MB incremental:off max_workers:2 =====
SELECT * FROM s_1 ORDER BY a, b
                                                   QUERY PLAN                                                    
-----------------------------------------------------------------------------------------------------------------
 Limit  (cost=79.33..79.33 rows=1 width=20) (actual time=0.349..0.349 rows=0 loops=1)
   ->  Sort  (cost=66.83..69.33 rows=1000 width=20) (actual time=0.296..0.327 rows=1000 loops=1)
         Sort Key: s_1.a, s_1.b
         Sort Method: quicksort  Memory: 103kB
         ->  Seq Scan on s_1  (cost=0.00..17.00 rows=1000 width=20) (actual time=0.004..0.060 rows=1000 loops=1)
 Planning time: 0.246 ms
 Execution time: 0.378 ms
(7 rows)

===== 182 [Wed Mar  7 01:55:30 CET 2018] scale:1000 groups:100 work_mem:8MB incremental:off max_workers:2 =====
SELECT * FROM s_2 ORDER BY a, b, c
                                                   QUERY PLAN                                                    
-----------------------------------------------------------------------------------------------------------------
 Limit  (cost=79.33..79.33 rows=1 width=20) (actual time=0.313..0.313 rows=0 loops=1)
   ->  Sort  (cost=66.83..69.33 rows=1000 width=20) (actual time=0.259..0.291 rows=1000 loops=1)
         Sort Key: s_2.a, s_2.b, s_2.c
         Sort Method: quicksort  Memory: 103kB
         ->  Seq Scan on s_2  (cost=0.00..17.00 rows=1000 width=20) (actual time=0.006..0.058 rows=1000 loops=1)
 Planning time: 0.263 ms
 Execution time: 0.332 ms
(7 rows)

===== 183 [Wed Mar  7 01:55:30 CET 2018] scale:1000 groups:100 work_mem:8MB incremental:off max_workers:2 =====
SELECT * FROM s_3 ORDER BY a, b, c, d
                                                   QUERY PLAN                                                    
-----------------------------------------------------------------------------------------------------------------
 Limit  (cost=79.33..79.33 rows=1 width=20) (actual time=0.252..0.252 rows=0 loops=1)
   ->  Sort  (cost=66.83..69.33 rows=1000 width=20) (actual time=0.198..0.230 rows=1000 loops=1)
         Sort Key: s_3.a, s_3.b, s_3.c, s_3.d
         Sort Method: quicksort  Memory: 103kB
         ->  Seq Scan on s_3  (cost=0.00..17.00 rows=1000 width=20) (actual time=0.004..0.057 rows=1000 loops=1)
 Planning time: 0.268 ms
 Execution time: 0.272 ms
(7 rows)

===== 184 [Wed Mar  7 01:55:30 CET 2018] scale:1000 groups:100 work_mem:8MB incremental:off max_workers:2 =====
SELECT * FROM s_4 ORDER BY a, b, c, d, e
                                                   QUERY PLAN                                                    
-----------------------------------------------------------------------------------------------------------------
 Limit  (cost=79.33..79.33 rows=1 width=20) (actual time=0.255..0.255 rows=0 loops=1)
   ->  Sort  (cost=66.83..69.33 rows=1000 width=20) (actual time=0.201..0.232 rows=1000 loops=1)
         Sort Key: s_4.a, s_4.b, s_4.c, s_4.d, s_4.e
         Sort Method: quicksort  Memory: 103kB
         ->  Seq Scan on s_4  (cost=0.00..17.00 rows=1000 width=20) (actual time=0.007..0.062 rows=1000 loops=1)
 Planning time: 0.257 ms
 Execution time: 0.274 ms
(7 rows)

===== 185 [Wed Mar  7 01:55:30 CET 2018] scale:1000 groups:100 work_mem:16MB incremental:on max_workers:2 =====
SELECT * FROM s_1 ORDER BY a, b
                                                   QUERY PLAN                                                    
-----------------------------------------------------------------------------------------------------------------
 Limit  (cost=79.33..79.33 rows=1 width=20) (actual time=0.353..0.353 rows=0 loops=1)
   ->  Sort  (cost=66.83..69.33 rows=1000 width=20) (actual time=0.299..0.331 rows=1000 loops=1)
         Sort Key: s_1.a, s_1.b
         Sort Method: quicksort  Memory: 103kB
         ->  Seq Scan on s_1  (cost=0.00..17.00 rows=1000 width=20) (actual time=0.004..0.059 rows=1000 loops=1)
 Planning time: 0.252 ms
 Execution time: 0.385 ms
(7 rows)

===== 186 [Wed Mar  7 01:55:31 CET 2018] scale:1000 groups:100 work_mem:16MB incremental:on max_workers:2 =====
SELECT * FROM s_2 ORDER BY a, b, c
                                                   QUERY PLAN                                                    
-----------------------------------------------------------------------------------------------------------------
 Limit  (cost=79.33..79.33 rows=1 width=20) (actual time=0.319..0.319 rows=0 loops=1)
   ->  Sort  (cost=66.83..69.33 rows=1000 width=20) (actual time=0.259..0.291 rows=1000 loops=1)
         Sort Key: s_2.a, s_2.b, s_2.c
         Sort Method: quicksort  Memory: 103kB
         ->  Seq Scan on s_2  (cost=0.00..17.00 rows=1000 width=20) (actual time=0.007..0.059 rows=1000 loops=1)
 Planning time: 0.265 ms
 Execution time: 0.338 ms
(7 rows)

===== 187 [Wed Mar  7 01:55:31 CET 2018] scale:1000 groups:100 work_mem:16MB incremental:on max_workers:2 =====
SELECT * FROM s_3 ORDER BY a, b, c, d
                                                   QUERY PLAN                                                    
-----------------------------------------------------------------------------------------------------------------
 Limit  (cost=79.33..79.33 rows=1 width=20) (actual time=0.253..0.253 rows=0 loops=1)
   ->  Sort  (cost=66.83..69.33 rows=1000 width=20) (actual time=0.194..0.226 rows=1000 loops=1)
         Sort Key: s_3.a, s_3.b, s_3.c, s_3.d
         Sort Method: quicksort  Memory: 103kB
         ->  Seq Scan on s_3  (cost=0.00..17.00 rows=1000 width=20) (actual time=0.004..0.057 rows=1000 loops=1)
 Planning time: 0.271 ms
 Execution time: 0.272 ms
(7 rows)

===== 188 [Wed Mar  7 01:55:31 CET 2018] scale:1000 groups:100 work_mem:16MB incremental:on max_workers:2 =====
SELECT * FROM s_4 ORDER BY a, b, c, d, e
                                                   QUERY PLAN                                                    
-----------------------------------------------------------------------------------------------------------------
 Limit  (cost=79.33..79.33 rows=1 width=20) (actual time=0.255..0.255 rows=0 loops=1)
   ->  Sort  (cost=66.83..69.33 rows=1000 width=20) (actual time=0.200..0.233 rows=1000 loops=1)
         Sort Key: s_4.a, s_4.b, s_4.c, s_4.d, s_4.e
         Sort Method: quicksort  Memory: 103kB
         ->  Seq Scan on s_4  (cost=0.00..17.00 rows=1000 width=20) (actual time=0.007..0.062 rows=1000 loops=1)
 Planning time: 0.266 ms
 Execution time: 0.274 ms
(7 rows)

===== 189 [Wed Mar  7 01:55:31 CET 2018] scale:1000 groups:100 work_mem:16MB incremental:off max_workers:2 =====
SELECT * FROM s_1 ORDER BY a, b
                                                   QUERY PLAN                                                    
-----------------------------------------------------------------------------------------------------------------
 Limit  (cost=79.33..79.33 rows=1 width=20) (actual time=0.349..0.349 rows=0 loops=1)
   ->  Sort  (cost=66.83..69.33 rows=1000 width=20) (actual time=0.294..0.326 rows=1000 loops=1)
         Sort Key: s_1.a, s_1.b
         Sort Method: quicksort  Memory: 103kB
         ->  Seq Scan on s_1  (cost=0.00..17.00 rows=1000 width=20) (actual time=0.004..0.059 rows=1000 loops=1)
 Planning time: 0.246 ms
 Execution time: 0.377 ms
(7 rows)

===== 190 [Wed Mar  7 01:55:31 CET 2018] scale:1000 groups:100 work_mem:16MB incremental:off max_workers:2 =====
SELECT * FROM s_2 ORDER BY a, b, c
                                                   QUERY PLAN                                                    
-----------------------------------------------------------------------------------------------------------------
 Limit  (cost=79.33..79.33 rows=1 width=20) (actual time=0.314..0.314 rows=0 loops=1)
   ->  Sort  (cost=66.83..69.33 rows=1000 width=20) (actual time=0.260..0.292 rows=1000 loops=1)
         Sort Key: s_2.a, s_2.b, s_2.c
         Sort Method: quicksort  Memory: 103kB
         ->  Seq Scan on s_2  (cost=0.00..17.00 rows=1000 width=20) (actual time=0.007..0.059 rows=1000 loops=1)
 Planning time: 0.255 ms
 Execution time: 0.334 ms
(7 rows)

===== 191 [Wed Mar  7 01:55:31 CET 2018] scale:1000 groups:100 work_mem:16MB incremental:off max_workers:2 =====
SELECT * FROM s_3 ORDER BY a, b, c, d
                                                   QUERY PLAN                                                    
-----------------------------------------------------------------------------------------------------------------
 Limit  (cost=79.33..79.33 rows=1 width=20) (actual time=0.251..0.251 rows=0 loops=1)
   ->  Sort  (cost=66.83..69.33 rows=1000 width=20) (actual time=0.197..0.229 rows=1000 loops=1)
         Sort Key: s_3.a, s_3.b, s_3.c, s_3.d
         Sort Method: quicksort  Memory: 103kB
         ->  Seq Scan on s_3  (cost=0.00..17.00 rows=1000 width=20) (actual time=0.004..0.057 rows=1000 loops=1)
 Planning time: 0.256 ms
 Execution time: 0.271 ms
(7 rows)

===== 192 [Wed Mar  7 01:55:31 CET 2018] scale:1000 groups:100 work_mem:16MB incremental:off max_workers:2 =====
SELECT * FROM s_4 ORDER BY a, b, c, d, e
                                                   QUERY PLAN                                                    
-----------------------------------------------------------------------------------------------------------------
 Limit  (cost=79.33..79.33 rows=1 width=20) (actual time=0.253..0.253 rows=0 loops=1)
   ->  Sort  (cost=66.83..69.33 rows=1000 width=20) (actual time=0.199..0.230 rows=1000 loops=1)
         Sort Key: s_4.a, s_4.b, s_4.c, s_4.d, s_4.e
         Sort Method: quicksort  Memory: 103kB
         ->  Seq Scan on s_4  (cost=0.00..17.00 rows=1000 width=20) (actual time=0.007..0.063 rows=1000 loops=1)
 Planning time: 0.255 ms
 Execution time: 0.272 ms
(7 rows)

===== 193 [Wed Mar  7 01:55:31 CET 2018] scale:1000 groups:100 work_mem:32MB incremental:on max_workers:2 =====
SELECT * FROM s_1 ORDER BY a, b
                                                   QUERY PLAN                                                    
-----------------------------------------------------------------------------------------------------------------
 Limit  (cost=79.33..79.33 rows=1 width=20) (actual time=0.357..0.357 rows=0 loops=1)
   ->  Sort  (cost=66.83..69.33 rows=1000 width=20) (actual time=0.302..0.334 rows=1000 loops=1)
         Sort Key: s_1.a, s_1.b
         Sort Method: quicksort  Memory: 103kB
         ->  Seq Scan on s_1  (cost=0.00..17.00 rows=1000 width=20) (actual time=0.004..0.060 rows=1000 loops=1)
 Planning time: 0.260 ms
 Execution time: 0.389 ms
(7 rows)

===== 194 [Wed Mar  7 01:55:31 CET 2018] scale:1000 groups:100 work_mem:32MB incremental:on max_workers:2 =====
SELECT * FROM s_2 ORDER BY a, b, c
                                                   QUERY PLAN                                                    
-----------------------------------------------------------------------------------------------------------------
 Limit  (cost=79.33..79.33 rows=1 width=20) (actual time=0.311..0.311 rows=0 loops=1)
   ->  Sort  (cost=66.83..69.33 rows=1000 width=20) (actual time=0.258..0.289 rows=1000 loops=1)
         Sort Key: s_2.a, s_2.b, s_2.c
         Sort Method: quicksort  Memory: 103kB
         ->  Seq Scan on s_2  (cost=0.00..17.00 rows=1000 width=20) (actual time=0.006..0.059 rows=1000 loops=1)
 Planning time: 0.265 ms
 Execution time: 0.331 ms
(7 rows)

===== 195 [Wed Mar  7 01:55:31 CET 2018] scale:1000 groups:100 work_mem:32MB incremental:on max_workers:2 =====
SELECT * FROM s_3 ORDER BY a, b, c, d
                                                   QUERY PLAN                                                    
-----------------------------------------------------------------------------------------------------------------
 Limit  (cost=79.33..79.33 rows=1 width=20) (actual time=0.248..0.248 rows=0 loops=1)
   ->  Sort  (cost=66.83..69.33 rows=1000 width=20) (actual time=0.194..0.226 rows=1000 loops=1)
         Sort Key: s_3.a, s_3.b, s_3.c, s_3.d
         Sort Method: quicksort  Memory: 103kB
         ->  Seq Scan on s_3  (cost=0.00..17.00 rows=1000 width=20) (actual time=0.004..0.057 rows=1000 loops=1)
 Planning time: 0.269 ms
 Execution time: 0.268 ms
(7 rows)

===== 196 [Wed Mar  7 01:55:31 CET 2018] scale:1000 groups:100 work_mem:32MB incremental:on max_workers:2 =====
SELECT * FROM s_4 ORDER BY a, b, c, d, e
                                                   QUERY PLAN                                                    
-----------------------------------------------------------------------------------------------------------------
 Limit  (cost=79.33..79.33 rows=1 width=20) (actual time=0.252..0.252 rows=0 loops=1)
   ->  Sort  (cost=66.83..69.33 rows=1000 width=20) (actual time=0.197..0.229 rows=1000 loops=1)
         Sort Key: s_4.a, s_4.b, s_4.c, s_4.d, s_4.e
         Sort Method: quicksort  Memory: 103kB
         ->  Seq Scan on s_4  (cost=0.00..17.00 rows=1000 width=20) (actual time=0.007..0.062 rows=1000 loops=1)
 Planning time: 0.266 ms
 Execution time: 0.271 ms
(7 rows)

===== 197 [Wed Mar  7 01:55:31 CET 2018] scale:1000 groups:100 work_mem:32MB incremental:off max_workers:2 =====
SELECT * FROM s_1 ORDER BY a, b
                                                   QUERY PLAN                                                    
-----------------------------------------------------------------------------------------------------------------
 Limit  (cost=79.33..79.33 rows=1 width=20) (actual time=0.355..0.355 rows=0 loops=1)
   ->  Sort  (cost=66.83..69.33 rows=1000 width=20) (actual time=0.301..0.332 rows=1000 loops=1)
         Sort Key: s_1.a, s_1.b
         Sort Method: quicksort  Memory: 103kB
         ->  Seq Scan on s_1  (cost=0.00..17.00 rows=1000 width=20) (actual time=0.004..0.060 rows=1000 loops=1)
 Planning time: 0.243 ms
 Execution time: 0.384 ms
(7 rows)

===== 198 [Wed Mar  7 01:55:31 CET 2018] scale:1000 groups:100 work_mem:32MB incremental:off max_workers:2 =====
SELECT * FROM s_2 ORDER BY a, b, c
                                                   QUERY PLAN                                                    
-----------------------------------------------------------------------------------------------------------------
 Limit  (cost=79.33..79.33 rows=1 width=20) (actual time=0.321..0.321 rows=0 loops=1)
   ->  Sort  (cost=66.83..69.33 rows=1000 width=20) (actual time=0.261..0.298 rows=1000 loops=1)
         Sort Key: s_2.a, s_2.b, s_2.c
         Sort Method: quicksort  Memory: 103kB
         ->  Seq Scan on s_2  (cost=0.00..17.00 rows=1000 width=20) (actual time=0.007..0.059 rows=1000 loops=1)
 Planning time: 0.255 ms
 Execution time: 0.340 ms
(7 rows)

===== 199 [Wed Mar  7 01:55:31 CET 2018] scale:1000 groups:100 work_mem:32MB incremental:off max_workers:2 =====
SELECT * FROM s_3 ORDER BY a, b, c, d
                                                   QUERY PLAN                                                    
-----------------------------------------------------------------------------------------------------------------
 Limit  (cost=79.33..79.33 rows=1 width=20) (actual time=0.252..0.252 rows=0 loops=1)
   ->  Sort  (cost=66.83..69.33 rows=1000 width=20) (actual time=0.198..0.230 rows=1000 loops=1)
         Sort Key: s_3.a, s_3.b, s_3.c, s_3.d
         Sort Method: quicksort  Memory: 103kB
         ->  Seq Scan on s_3  (cost=0.00..17.00 rows=1000 width=20) (actual time=0.004..0.057 rows=1000 loops=1)
 Planning time: 0.259 ms
 Execution time: 0.271 ms
(7 rows)

===== 200 [Wed Mar  7 01:55:32 CET 2018] scale:1000 groups:100 work_mem:32MB incremental:off max_workers:2 =====
SELECT * FROM s_4 ORDER BY a, b, c, d, e
                                                   QUERY PLAN                                                    
-----------------------------------------------------------------------------------------------------------------
 Limit  (cost=79.33..79.33 rows=1 width=20) (actual time=0.252..0.252 rows=0 loops=1)
   ->  Sort  (cost=66.83..69.33 rows=1000 width=20) (actual time=0.198..0.229 rows=1000 loops=1)
         Sort Key: s_4.a, s_4.b, s_4.c, s_4.d, s_4.e
         Sort Method: quicksort  Memory: 103kB
         ->  Seq Scan on s_4  (cost=0.00..17.00 rows=1000 width=20) (actual time=0.007..0.063 rows=1000 loops=1)
 Planning time: 0.263 ms
 Execution time: 0.273 ms
(7 rows)

===== 201 [Wed Mar  7 01:55:32 CET 2018] scale:1000 groups:100 work_mem:64MB incremental:on max_workers:2 =====
SELECT * FROM s_1 ORDER BY a, b
                                                   QUERY PLAN                                                    
-----------------------------------------------------------------------------------------------------------------
 Limit  (cost=79.33..79.33 rows=1 width=20) (actual time=0.352..0.352 rows=0 loops=1)
   ->  Sort  (cost=66.83..69.33 rows=1000 width=20) (actual time=0.298..0.330 rows=1000 loops=1)
         Sort Key: s_1.a, s_1.b
         Sort Method: quicksort  Memory: 103kB
         ->  Seq Scan on s_1  (cost=0.00..17.00 rows=1000 width=20) (actual time=0.004..0.059 rows=1000 loops=1)
 Planning time: 0.277 ms
 Execution time: 0.381 ms
(7 rows)

===== 202 [Wed Mar  7 01:55:32 CET 2018] scale:1000 groups:100 work_mem:64MB incremental:on max_workers:2 =====
SELECT * FROM s_2 ORDER BY a, b, c
                                                   QUERY PLAN                                                    
-----------------------------------------------------------------------------------------------------------------
 Limit  (cost=79.33..79.33 rows=1 width=20) (actual time=0.321..0.321 rows=0 loops=1)
   ->  Sort  (cost=66.83..69.33 rows=1000 width=20) (actual time=0.266..0.299 rows=1000 loops=1)
         Sort Key: s_2.a, s_2.b, s_2.c
         Sort Method: quicksort  Memory: 103kB
         ->  Seq Scan on s_2  (cost=0.00..17.00 rows=1000 width=20) (actual time=0.007..0.063 rows=1000 loops=1)
 Planning time: 0.268 ms
 Execution time: 0.341 ms
(7 rows)

===== 203 [Wed Mar  7 01:55:32 CET 2018] scale:1000 groups:100 work_mem:64MB incremental:on max_workers:2 =====
SELECT * FROM s_3 ORDER BY a, b, c, d
                                                   QUERY PLAN                                                    
-----------------------------------------------------------------------------------------------------------------
 Limit  (cost=79.33..79.33 rows=1 width=20) (actual time=0.256..0.256 rows=0 loops=1)
   ->  Sort  (cost=66.83..69.33 rows=1000 width=20) (actual time=0.201..0.234 rows=1000 loops=1)
         Sort Key: s_3.a, s_3.b, s_3.c, s_3.d
         Sort Method: quicksort  Memory: 103kB
         ->  Seq Scan on s_3  (cost=0.00..17.00 rows=1000 width=20) (actual time=0.004..0.057 rows=1000 loops=1)
 Planning time: 0.264 ms
 Execution time: 0.276 ms
(7 rows)

===== 204 [Wed Mar  7 01:55:32 CET 2018] scale:1000 groups:100 work_mem:64MB incremental:on max_workers:2 =====
SELECT * FROM s_4 ORDER BY a, b, c, d, e
                                                   QUERY PLAN                                                    
-----------------------------------------------------------------------------------------------------------------
 Limit  (cost=79.33..79.33 rows=1 width=20) (actual time=0.254..0.254 rows=0 loops=1)
   ->  Sort  (cost=66.83..69.33 rows=1000 width=20) (actual time=0.201..0.232 rows=1000 loops=1)
         Sort Key: s_4.a, s_4.b, s_4.c, s_4.d, s_4.e
         Sort Method: quicksort  Memory: 103kB
         ->  Seq Scan on s_4  (cost=0.00..17.00 rows=1000 width=20) (actual time=0.007..0.063 rows=1000 loops=1)
 Planning time: 0.267 ms
 Execution time: 0.273 ms
(7 rows)

===== 205 [Wed Mar  7 01:55:32 CET 2018] scale:1000 groups:100 work_mem:64MB incremental:off max_workers:2 =====
SELECT * FROM s_1 ORDER BY a, b
                                                   QUERY PLAN                                                    
-----------------------------------------------------------------------------------------------------------------
 Limit  (cost=79.33..79.33 rows=1 width=20) (actual time=0.362..0.362 rows=0 loops=1)
   ->  Sort  (cost=66.83..69.33 rows=1000 width=20) (actual time=0.296..0.328 rows=1000 loops=1)
         Sort Key: s_1.a, s_1.b
         Sort Method: quicksort  Memory: 103kB
         ->  Seq Scan on s_1  (cost=0.00..17.00 rows=1000 width=20) (actual time=0.004..0.060 rows=1000 loops=1)
 Planning time: 0.247 ms
 Execution time: 0.391 ms
(7 rows)

===== 206 [Wed Mar  7 01:55:32 CET 2018] scale:1000 groups:100 work_mem:64MB incremental:off max_workers:2 =====
SELECT * FROM s_2 ORDER BY a, b, c
                                                   QUERY PLAN                                                    
-----------------------------------------------------------------------------------------------------------------
 Limit  (cost=79.33..79.33 rows=1 width=20) (actual time=0.314..0.314 rows=0 loops=1)
   ->  Sort  (cost=66.83..69.33 rows=1000 width=20) (actual time=0.260..0.291 rows=1000 loops=1)
         Sort Key: s_2.a, s_2.b, s_2.c
         Sort Method: quicksort  Memory: 103kB
         ->  Seq Scan on s_2  (cost=0.00..17.00 rows=1000 width=20) (actual time=0.007..0.060 rows=1000 loops=1)
 Planning time: 0.253 ms
 Execution time: 0.334 ms
(7 rows)

===== 207 [Wed Mar  7 01:55:32 CET 2018] scale:1000 groups:100 work_mem:64MB incremental:off max_workers:2 =====
SELECT * FROM s_3 ORDER BY a, b, c, d
                                                   QUERY PLAN                                                    
-----------------------------------------------------------------------------------------------------------------
 Limit  (cost=79.33..79.33 rows=1 width=20) (actual time=0.259..0.259 rows=0 loops=1)
   ->  Sort  (cost=66.83..69.33 rows=1000 width=20) (actual time=0.199..0.236 rows=1000 loops=1)
         Sort Key: s_3.a, s_3.b, s_3.c, s_3.d
         Sort Method: quicksort  Memory: 103kB
         ->  Seq Scan on s_3  (cost=0.00..17.00 rows=1000 width=20) (actual time=0.004..0.057 rows=1000 loops=1)
 Planning time: 0.262 ms
 Execution time: 0.278 ms
(7 rows)

===== 208 [Wed Mar  7 01:55:32 CET 2018] scale:1000 groups:100 work_mem:64MB incremental:off max_workers:2 =====
SELECT * FROM s_4 ORDER BY a, b, c, d, e
                                                   QUERY PLAN                                                    
-----------------------------------------------------------------------------------------------------------------
 Limit  (cost=79.33..79.33 rows=1 width=20) (actual time=0.252..0.252 rows=0 loops=1)
   ->  Sort  (cost=66.83..69.33 rows=1000 width=20) (actual time=0.198..0.229 rows=1000 loops=1)
         Sort Key: s_4.a, s_4.b, s_4.c, s_4.d, s_4.e
         Sort Method: quicksort  Memory: 103kB
         ->  Seq Scan on s_4  (cost=0.00..17.00 rows=1000 width=20) (actual time=0.007..0.062 rows=1000 loops=1)
 Planning time: 0.253 ms
 Execution time: 0.271 ms
(7 rows)

===== 209 [Wed Mar  7 01:55:32 CET 2018] scale:1000 groups:100 work_mem:128MB incremental:on max_workers:2 =====
SELECT * FROM s_1 ORDER BY a, b
                                                   QUERY PLAN                                                    
-----------------------------------------------------------------------------------------------------------------
 Limit  (cost=79.33..79.33 rows=1 width=20) (actual time=0.353..0.353 rows=0 loops=1)
   ->  Sort  (cost=66.83..69.33 rows=1000 width=20) (actual time=0.299..0.330 rows=1000 loops=1)
         Sort Key: s_1.a, s_1.b
         Sort Method: quicksort  Memory: 103kB
         ->  Seq Scan on s_1  (cost=0.00..17.00 rows=1000 width=20) (actual time=0.004..0.059 rows=1000 loops=1)
 Planning time: 0.252 ms
 Execution time: 0.384 ms
(7 rows)

===== 210 [Wed Mar  7 01:55:32 CET 2018] scale:1000 groups:100 work_mem:128MB incremental:on max_workers:2 =====
SELECT * FROM s_2 ORDER BY a, b, c
                                                   QUERY PLAN                                                    
-----------------------------------------------------------------------------------------------------------------
 Limit  (cost=79.33..79.33 rows=1 width=20) (actual time=0.321..0.321 rows=0 loops=1)
   ->  Sort  (cost=66.83..69.33 rows=1000 width=20) (actual time=0.267..0.298 rows=1000 loops=1)
         Sort Key: s_2.a, s_2.b, s_2.c
         Sort Method: quicksort  Memory: 103kB
         ->  Seq Scan on s_2  (cost=0.00..17.00 rows=1000 width=20) (actual time=0.007..0.060 rows=1000 loops=1)
 Planning time: 0.266 ms
 Execution time: 0.339 ms
(7 rows)

===== 211 [Wed Mar  7 01:55:32 CET 2018] scale:1000 groups:100 work_mem:128MB incremental:on max_workers:2 =====
SELECT * FROM s_3 ORDER BY a, b, c, d
                                                   QUERY PLAN                                                    
-----------------------------------------------------------------------------------------------------------------
 Limit  (cost=79.33..79.33 rows=1 width=20) (actual time=0.254..0.254 rows=0 loops=1)
   ->  Sort  (cost=66.83..69.33 rows=1000 width=20) (actual time=0.200..0.231 rows=1000 loops=1)
         Sort Key: s_3.a, s_3.b, s_3.c, s_3.d
         Sort Method: quicksort  Memory: 103kB
         ->  Seq Scan on s_3  (cost=0.00..17.00 rows=1000 width=20) (actual time=0.004..0.057 rows=1000 loops=1)
 Planning time: 0.272 ms
 Execution time: 0.273 ms
(7 rows)

===== 212 [Wed Mar  7 01:55:32 CET 2018] scale:1000 groups:100 work_mem:128MB incremental:on max_workers:2 =====
SELECT * FROM s_4 ORDER BY a, b, c, d, e
                                                   QUERY PLAN                                                    
-----------------------------------------------------------------------------------------------------------------
 Limit  (cost=79.33..79.33 rows=1 width=20) (actual time=0.258..0.258 rows=0 loops=1)
   ->  Sort  (cost=66.83..69.33 rows=1000 width=20) (actual time=0.202..0.235 rows=1000 loops=1)
         Sort Key: s_4.a, s_4.b, s_4.c, s_4.d, s_4.e
         Sort Method: quicksort  Memory: 103kB
         ->  Seq Scan on s_4  (cost=0.00..17.00 rows=1000 width=20) (actual time=0.007..0.063 rows=1000 loops=1)
 Planning time: 0.267 ms
 Execution time: 0.277 ms
(7 rows)

===== 213 [Wed Mar  7 01:55:32 CET 2018] scale:1000 groups:100 work_mem:128MB incremental:off max_workers:2 =====
SELECT * FROM s_1 ORDER BY a, b
                                                   QUERY PLAN                                                    
-----------------------------------------------------------------------------------------------------------------
 Limit  (cost=79.33..79.33 rows=1 width=20) (actual time=0.352..0.352 rows=0 loops=1)
   ->  Sort  (cost=66.83..69.33 rows=1000 width=20) (actual time=0.298..0.329 rows=1000 loops=1)
         Sort Key: s_1.a, s_1.b
         Sort Method: quicksort  Memory: 103kB
         ->  Seq Scan on s_1  (cost=0.00..17.00 rows=1000 width=20) (actual time=0.004..0.059 rows=1000 loops=1)
 Planning time: 0.246 ms
 Execution time: 0.380 ms
(7 rows)

===== 214 [Wed Mar  7 01:55:33 CET 2018] scale:1000 groups:100 work_mem:128MB incremental:off max_workers:2 =====
SELECT * FROM s_2 ORDER BY a, b, c
                                                   QUERY PLAN                                                    
-----------------------------------------------------------------------------------------------------------------
 Limit  (cost=79.33..79.33 rows=1 width=20) (actual time=0.318..0.318 rows=0 loops=1)
   ->  Sort  (cost=66.83..69.33 rows=1000 width=20) (actual time=0.263..0.295 rows=1000 loops=1)
         Sort Key: s_2.a, s_2.b, s_2.c
         Sort Method: quicksort  Memory: 103kB
         ->  Seq Scan on s_2  (cost=0.00..17.00 rows=1000 width=20) (actual time=0.007..0.059 rows=1000 loops=1)
 Planning time: 0.257 ms
 Execution time: 0.337 ms
(7 rows)

===== 215 [Wed Mar  7 01:55:33 CET 2018] scale:1000 groups:100 work_mem:128MB incremental:off max_workers:2 =====
SELECT * FROM s_3 ORDER BY a, b, c, d
                                                   QUERY PLAN                                                    
-----------------------------------------------------------------------------------------------------------------
 Limit  (cost=79.33..79.33 rows=1 width=20) (actual time=0.259..0.259 rows=0 loops=1)
   ->  Sort  (cost=66.83..69.33 rows=1000 width=20) (actual time=0.205..0.236 rows=1000 loops=1)
         Sort Key: s_3.a, s_3.b, s_3.c, s_3.d
         Sort Method: quicksort  Memory: 103kB
         ->  Seq Scan on s_3  (cost=0.00..17.00 rows=1000 width=20) (actual time=0.004..0.058 rows=1000 loops=1)
 Planning time: 0.262 ms
 Execution time: 0.278 ms
(7 rows)

===== 216 [Wed Mar  7 01:55:33 CET 2018] scale:1000 groups:100 work_mem:128MB incremental:off max_workers:2 =====
SELECT * FROM s_4 ORDER BY a, b, c, d, e
                                                   QUERY PLAN                                                    
-----------------------------------------------------------------------------------------------------------------
 Limit  (cost=79.33..79.33 rows=1 width=20) (actual time=0.252..0.252 rows=0 loops=1)
   ->  Sort  (cost=66.83..69.33 rows=1000 width=20) (actual time=0.198..0.229 rows=1000 loops=1)
         Sort Key: s_4.a, s_4.b, s_4.c, s_4.d, s_4.e
         Sort Method: quicksort  Memory: 103kB
         ->  Seq Scan on s_4  (cost=0.00..17.00 rows=1000 width=20) (actual time=0.007..0.062 rows=1000 loops=1)
 Planning time: 0.255 ms
 Execution time: 0.271 ms
(7 rows)

===== 217 [Wed Mar  7 01:55:33 CET 2018] scale:1000 groups:100 work_mem:256MB incremental:on max_workers:2 =====
SELECT * FROM s_1 ORDER BY a, b
                                                   QUERY PLAN                                                    
-----------------------------------------------------------------------------------------------------------------
 Limit  (cost=79.33..79.33 rows=1 width=20) (actual time=0.353..0.353 rows=0 loops=1)
   ->  Sort  (cost=66.83..69.33 rows=1000 width=20) (actual time=0.299..0.331 rows=1000 loops=1)
         Sort Key: s_1.a, s_1.b
         Sort Method: quicksort  Memory: 103kB
         ->  Seq Scan on s_1  (cost=0.00..17.00 rows=1000 width=20) (actual time=0.004..0.059 rows=1000 loops=1)
 Planning time: 0.251 ms
 Execution time: 0.386 ms
(7 rows)

===== 218 [Wed Mar  7 01:55:33 CET 2018] scale:1000 groups:100 work_mem:256MB incremental:on max_workers:2 =====
SELECT * FROM s_2 ORDER BY a, b, c
                                                   QUERY PLAN                                                    
-----------------------------------------------------------------------------------------------------------------
 Limit  (cost=79.33..79.33 rows=1 width=20) (actual time=0.320..0.320 rows=0 loops=1)
   ->  Sort  (cost=66.83..69.33 rows=1000 width=20) (actual time=0.266..0.297 rows=1000 loops=1)
         Sort Key: s_2.a, s_2.b, s_2.c
         Sort Method: quicksort  Memory: 103kB
         ->  Seq Scan on s_2  (cost=0.00..17.00 rows=1000 width=20) (actual time=0.007..0.059 rows=1000 loops=1)
 Planning time: 0.269 ms
 Execution time: 0.339 ms
(7 rows)

===== 219 [Wed Mar  7 01:55:33 CET 2018] scale:1000 groups:100 work_mem:256MB incremental:on max_workers:2 =====
SELECT * FROM s_3 ORDER BY a, b, c, d
                                                   QUERY PLAN                                                    
-----------------------------------------------------------------------------------------------------------------
 Limit  (cost=79.33..79.33 rows=1 width=20) (actual time=0.248..0.248 rows=0 loops=1)
   ->  Sort  (cost=66.83..69.33 rows=1000 width=20) (actual time=0.193..0.225 rows=1000 loops=1)
         Sort Key: s_3.a, s_3.b, s_3.c, s_3.d
         Sort Method: quicksort  Memory: 103kB
         ->  Seq Scan on s_3  (cost=0.00..17.00 rows=1000 width=20) (actual time=0.004..0.057 rows=1000 loops=1)
 Planning time: 0.267 ms
 Execution time: 0.266 ms
(7 rows)

===== 220 [Wed Mar  7 01:55:33 CET 2018] scale:1000 groups:100 work_mem:256MB incremental:on max_workers:2 =====
SELECT * FROM s_4 ORDER BY a, b, c, d, e
                                                   QUERY PLAN                                                    
-----------------------------------------------------------------------------------------------------------------
 Limit  (cost=79.33..79.33 rows=1 width=20) (actual time=0.261..0.261 rows=0 loops=1)
   ->  Sort  (cost=66.83..69.33 rows=1000 width=20) (actual time=0.206..0.238 rows=1000 loops=1)
         Sort Key: s_4.a, s_4.b, s_4.c, s_4.d, s_4.e
         Sort Method: quicksort  Memory: 103kB
         ->  Seq Scan on s_4  (cost=0.00..17.00 rows=1000 width=20) (actual time=0.007..0.063 rows=1000 loops=1)
 Planning time: 0.269 ms
 Execution time: 0.280 ms
(7 rows)

===== 221 [Wed Mar  7 01:55:33 CET 2018] scale:1000 groups:100 work_mem:256MB incremental:off max_workers:2 =====
SELECT * FROM s_1 ORDER BY a, b
                                                   QUERY PLAN                                                    
-----------------------------------------------------------------------------------------------------------------
 Limit  (cost=79.33..79.33 rows=1 width=20) (actual time=0.366..0.366 rows=0 loops=1)
   ->  Sort  (cost=66.83..69.33 rows=1000 width=20) (actual time=0.311..0.343 rows=1000 loops=1)
         Sort Key: s_1.a, s_1.b
         Sort Method: quicksort  Memory: 103kB
         ->  Seq Scan on s_1  (cost=0.00..17.00 rows=1000 width=20) (actual time=0.004..0.074 rows=1000 loops=1)
 Planning time: 0.243 ms
 Execution time: 0.394 ms
(7 rows)

===== 222 [Wed Mar  7 01:55:33 CET 2018] scale:1000 groups:100 work_mem:256MB incremental:off max_workers:2 =====
SELECT * FROM s_2 ORDER BY a, b, c
                                                   QUERY PLAN                                                    
-----------------------------------------------------------------------------------------------------------------
 Limit  (cost=79.33..79.33 rows=1 width=20) (actual time=0.317..0.317 rows=0 loops=1)
   ->  Sort  (cost=66.83..69.33 rows=1000 width=20) (actual time=0.259..0.295 rows=1000 loops=1)
         Sort Key: s_2.a, s_2.b, s_2.c
         Sort Method: quicksort  Memory: 103kB
         ->  Seq Scan on s_2  (cost=0.00..17.00 rows=1000 width=20) (actual time=0.007..0.059 rows=1000 loops=1)
 Planning time: 0.254 ms
 Execution time: 0.337 ms
(7 rows)

===== 223 [Wed Mar  7 01:55:33 CET 2018] scale:1000 groups:100 work_mem:256MB incremental:off max_workers:2 =====
SELECT * FROM s_3 ORDER BY a, b, c, d
                                                   QUERY PLAN                                                    
-----------------------------------------------------------------------------------------------------------------
 Limit  (cost=79.33..79.33 rows=1 width=20) (actual time=0.254..0.254 rows=0 loops=1)
   ->  Sort  (cost=66.83..69.33 rows=1000 width=20) (actual time=0.200..0.231 rows=1000 loops=1)
         Sort Key: s_3.a, s_3.b, s_3.c, s_3.d
         Sort Method: quicksort  Memory: 103kB
         ->  Seq Scan on s_3  (cost=0.00..17.00 rows=1000 width=20) (actual time=0.004..0.057 rows=1000 loops=1)
 Planning time: 0.264 ms
 Execution time: 0.273 ms
(7 rows)

===== 224 [Wed Mar  7 01:55:33 CET 2018] scale:1000 groups:100 work_mem:256MB incremental:off max_workers:2 =====
SELECT * FROM s_4 ORDER BY a, b, c, d, e
                                                   QUERY PLAN                                                    
-----------------------------------------------------------------------------------------------------------------
 Limit  (cost=79.33..79.33 rows=1 width=20) (actual time=0.253..0.253 rows=0 loops=1)
   ->  Sort  (cost=66.83..69.33 rows=1000 width=20) (actual time=0.199..0.230 rows=1000 loops=1)
         Sort Key: s_4.a, s_4.b, s_4.c, s_4.d, s_4.e
         Sort Method: quicksort  Memory: 103kB
         ->  Seq Scan on s_4  (cost=0.00..17.00 rows=1000 width=20) (actual time=0.007..0.062 rows=1000 loops=1)
 Planning time: 0.256 ms
 Execution time: 0.272 ms
(7 rows)

===== 225 [Wed Mar  7 01:55:34 CET 2018] scale:1000 groups:1000 work_mem:4MB incremental:on max_workers:0 =====
SELECT * FROM s_1 ORDER BY a, b
                                                   QUERY PLAN                                                    
-----------------------------------------------------------------------------------------------------------------
 Limit  (cost=79.33..79.33 rows=1 width=20) (actual time=0.321..0.321 rows=0 loops=1)
   ->  Sort  (cost=66.83..69.33 rows=1000 width=20) (actual time=0.267..0.299 rows=1000 loops=1)
         Sort Key: s_1.a, s_1.b
         Sort Method: quicksort  Memory: 103kB
         ->  Seq Scan on s_1  (cost=0.00..17.00 rows=1000 width=20) (actual time=0.004..0.059 rows=1000 loops=1)
 Planning time: 0.270 ms
 Execution time: 0.354 ms
(7 rows)

===== 226 [Wed Mar  7 01:55:34 CET 2018] scale:1000 groups:1000 work_mem:4MB incremental:on max_workers:0 =====
SELECT * FROM s_2 ORDER BY a, b, c
                                                   QUERY PLAN                                                    
-----------------------------------------------------------------------------------------------------------------
 Limit  (cost=79.33..79.33 rows=1 width=20) (actual time=0.251..0.251 rows=0 loops=1)
   ->  Sort  (cost=66.83..69.33 rows=1000 width=20) (actual time=0.197..0.229 rows=1000 loops=1)
         Sort Key: s_2.a, s_2.b, s_2.c
         Sort Method: quicksort  Memory: 103kB
         ->  Seq Scan on s_2  (cost=0.00..17.00 rows=1000 width=20) (actual time=0.007..0.065 rows=1000 loops=1)
 Planning time: 0.278 ms
 Execution time: 0.270 ms
(7 rows)

===== 227 [Wed Mar  7 01:55:34 CET 2018] scale:1000 groups:1000 work_mem:4MB incremental:on max_workers:0 =====
SELECT * FROM s_3 ORDER BY a, b, c, d
                                                   QUERY PLAN                                                    
-----------------------------------------------------------------------------------------------------------------
 Limit  (cost=79.33..79.33 rows=1 width=20) (actual time=0.252..0.252 rows=0 loops=1)
   ->  Sort  (cost=66.83..69.33 rows=1000 width=20) (actual time=0.193..0.224 rows=1000 loops=1)
         Sort Key: s_3.a, s_3.b, s_3.c, s_3.d
         Sort Method: quicksort  Memory: 103kB
         ->  Seq Scan on s_3  (cost=0.00..17.00 rows=1000 width=20) (actual time=0.004..0.057 rows=1000 loops=1)
 Planning time: 0.271 ms
 Execution time: 0.271 ms
(7 rows)

===== 228 [Wed Mar  7 01:55:34 CET 2018] scale:1000 groups:1000 work_mem:4MB incremental:on max_workers:0 =====
SELECT * FROM s_4 ORDER BY a, b, c, d, e
                                                   QUERY PLAN                                                    
-----------------------------------------------------------------------------------------------------------------
 Limit  (cost=79.33..79.33 rows=1 width=20) (actual time=0.260..0.260 rows=0 loops=1)
   ->  Sort  (cost=66.83..69.33 rows=1000 width=20) (actual time=0.205..0.237 rows=1000 loops=1)
         Sort Key: s_4.a, s_4.b, s_4.c, s_4.d, s_4.e
         Sort Method: quicksort  Memory: 103kB
         ->  Seq Scan on s_4  (cost=0.00..17.00 rows=1000 width=20) (actual time=0.007..0.065 rows=1000 loops=1)
 Planning time: 0.274 ms
 Execution time: 0.279 ms
(7 rows)

===== 229 [Wed Mar  7 01:55:34 CET 2018] scale:1000 groups:1000 work_mem:4MB incremental:off max_workers:0 =====
SELECT * FROM s_1 ORDER BY a, b
                                                   QUERY PLAN                                                    
-----------------------------------------------------------------------------------------------------------------
 Limit  (cost=79.33..79.33 rows=1 width=20) (actual time=0.319..0.319 rows=0 loops=1)
   ->  Sort  (cost=66.83..69.33 rows=1000 width=20) (actual time=0.265..0.297 rows=1000 loops=1)
         Sort Key: s_1.a, s_1.b
         Sort Method: quicksort  Memory: 103kB
         ->  Seq Scan on s_1  (cost=0.00..17.00 rows=1000 width=20) (actual time=0.004..0.060 rows=1000 loops=1)
 Planning time: 0.256 ms
 Execution time: 0.349 ms
(7 rows)

===== 230 [Wed Mar  7 01:55:34 CET 2018] scale:1000 groups:1000 work_mem:4MB incremental:off max_workers:0 =====
SELECT * FROM s_2 ORDER BY a, b, c
                                                   QUERY PLAN                                                    
-----------------------------------------------------------------------------------------------------------------
 Limit  (cost=79.33..79.33 rows=1 width=20) (actual time=0.253..0.253 rows=0 loops=1)
   ->  Sort  (cost=66.83..69.33 rows=1000 width=20) (actual time=0.199..0.230 rows=1000 loops=1)
         Sort Key: s_2.a, s_2.b, s_2.c
         Sort Method: quicksort  Memory: 103kB
         ->  Seq Scan on s_2  (cost=0.00..17.00 rows=1000 width=20) (actual time=0.007..0.064 rows=1000 loops=1)
 Planning time: 0.258 ms
 Execution time: 0.272 ms
(7 rows)

===== 231 [Wed Mar  7 01:55:34 CET 2018] scale:1000 groups:1000 work_mem:4MB incremental:off max_workers:0 =====
SELECT * FROM s_3 ORDER BY a, b, c, d
                                                   QUERY PLAN                                                    
-----------------------------------------------------------------------------------------------------------------
 Limit  (cost=79.33..79.33 rows=1 width=20) (actual time=0.250..0.250 rows=0 loops=1)
   ->  Sort  (cost=66.83..69.33 rows=1000 width=20) (actual time=0.196..0.227 rows=1000 loops=1)
         Sort Key: s_3.a, s_3.b, s_3.c, s_3.d
         Sort Method: quicksort  Memory: 103kB
         ->  Seq Scan on s_3  (cost=0.00..17.00 rows=1000 width=20) (actual time=0.004..0.057 rows=1000 loops=1)
 Planning time: 0.270 ms
 Execution time: 0.269 ms
(7 rows)

===== 232 [Wed Mar  7 01:55:34 CET 2018] scale:1000 groups:1000 work_mem:4MB incremental:off max_workers:0 =====
SELECT * FROM s_4 ORDER BY a, b, c, d, e
                                                   QUERY PLAN                                                    
-----------------------------------------------------------------------------------------------------------------
 Limit  (cost=79.33..79.33 rows=1 width=20) (actual time=0.252..0.252 rows=0 loops=1)
   ->  Sort  (cost=66.83..69.33 rows=1000 width=20) (actual time=0.198..0.229 rows=1000 loops=1)
         Sort Key: s_4.a, s_4.b, s_4.c, s_4.d, s_4.e
         Sort Method: quicksort  Memory: 103kB
         ->  Seq Scan on s_4  (cost=0.00..17.00 rows=1000 width=20) (actual time=0.007..0.065 rows=1000 loops=1)
 Planning time: 0.257 ms
 Execution time: 0.270 ms
(7 rows)

===== 233 [Wed Mar  7 01:55:35 CET 2018] scale:1000 groups:1000 work_mem:8MB incremental:on max_workers:0 =====
SELECT * FROM s_1 ORDER BY a, b
                                                   QUERY PLAN                                                    
-----------------------------------------------------------------------------------------------------------------
 Limit  (cost=79.33..79.33 rows=1 width=20) (actual time=0.317..0.317 rows=0 loops=1)
   ->  Sort  (cost=66.83..69.33 rows=1000 width=20) (actual time=0.263..0.294 rows=1000 loops=1)
         Sort Key: s_1.a, s_1.b
         Sort Method: quicksort  Memory: 103kB
         ->  Seq Scan on s_1  (cost=0.00..17.00 rows=1000 width=20) (actual time=0.004..0.059 rows=1000 loops=1)
 Planning time: 0.258 ms
 Execution time: 0.348 ms
(7 rows)

===== 234 [Wed Mar  7 01:55:35 CET 2018] scale:1000 groups:1000 work_mem:8MB incremental:on max_workers:0 =====
SELECT * FROM s_2 ORDER BY a, b, c
                                                   QUERY PLAN                                                    
-----------------------------------------------------------------------------------------------------------------
 Limit  (cost=79.33..79.33 rows=1 width=20) (actual time=0.249..0.249 rows=0 loops=1)
   ->  Sort  (cost=66.83..69.33 rows=1000 width=20) (actual time=0.195..0.227 rows=1000 loops=1)
         Sort Key: s_2.a, s_2.b, s_2.c
         Sort Method: quicksort  Memory: 103kB
         ->  Seq Scan on s_2  (cost=0.00..17.00 rows=1000 width=20) (actual time=0.007..0.065 rows=1000 loops=1)
 Planning time: 0.266 ms
 Execution time: 0.269 ms
(7 rows)

===== 235 [Wed Mar  7 01:55:35 CET 2018] scale:1000 groups:1000 work_mem:8MB incremental:on max_workers:0 =====
SELECT * FROM s_3 ORDER BY a, b, c, d
                                                   QUERY PLAN                                                    
-----------------------------------------------------------------------------------------------------------------
 Limit  (cost=79.33..79.33 rows=1 width=20) (actual time=0.254..0.254 rows=0 loops=1)
   ->  Sort  (cost=66.83..69.33 rows=1000 width=20) (actual time=0.199..0.231 rows=1000 loops=1)
         Sort Key: s_3.a, s_3.b, s_3.c, s_3.d
         Sort Method: quicksort  Memory: 103kB
         ->  Seq Scan on s_3  (cost=0.00..17.00 rows=1000 width=20) (actual time=0.004..0.061 rows=1000 loops=1)
 Planning time: 0.272 ms
 Execution time: 0.273 ms
(7 rows)

===== 236 [Wed Mar  7 01:55:35 CET 2018] scale:1000 groups:1000 work_mem:8MB incremental:on max_workers:0 =====
SELECT * FROM s_4 ORDER BY a, b, c, d, e
                                                   QUERY PLAN                                                    
-----------------------------------------------------------------------------------------------------------------
 Limit  (cost=79.33..79.33 rows=1 width=20) (actual time=0.253..0.253 rows=0 loops=1)
   ->  Sort  (cost=66.83..69.33 rows=1000 width=20) (actual time=0.198..0.231 rows=1000 loops=1)
         Sort Key: s_4.a, s_4.b, s_4.c, s_4.d, s_4.e
         Sort Method: quicksort  Memory: 103kB
         ->  Seq Scan on s_4  (cost=0.00..17.00 rows=1000 width=20) (actual time=0.007..0.065 rows=1000 loops=1)
 Planning time: 0.269 ms
 Execution time: 0.272 ms
(7 rows)

===== 237 [Wed Mar  7 01:55:35 CET 2018] scale:1000 groups:1000 work_mem:8MB incremental:off max_workers:0 =====
SELECT * FROM s_1 ORDER BY a, b
                                                   QUERY PLAN                                                    
-----------------------------------------------------------------------------------------------------------------
 Limit  (cost=79.33..79.33 rows=1 width=20) (actual time=0.317..0.317 rows=0 loops=1)
   ->  Sort  (cost=66.83..69.33 rows=1000 width=20) (actual time=0.263..0.295 rows=1000 loops=1)
         Sort Key: s_1.a, s_1.b
         Sort Method: quicksort  Memory: 103kB
         ->  Seq Scan on s_1  (cost=0.00..17.00 rows=1000 width=20) (actual time=0.004..0.060 rows=1000 loops=1)
 Planning time: 0.254 ms
 Execution time: 0.347 ms
(7 rows)

===== 238 [Wed Mar  7 01:55:35 CET 2018] scale:1000 groups:1000 work_mem:8MB incremental:off max_workers:0 =====
SELECT * FROM s_2 ORDER BY a, b, c
                                                   QUERY PLAN                                                    
-----------------------------------------------------------------------------------------------------------------
 Limit  (cost=79.33..79.33 rows=1 width=20) (actual time=0.251..0.251 rows=0 loops=1)
   ->  Sort  (cost=66.83..69.33 rows=1000 width=20) (actual time=0.196..0.228 rows=1000 loops=1)
         Sort Key: s_2.a, s_2.b, s_2.c
         Sort Method: quicksort  Memory: 103kB
         ->  Seq Scan on s_2  (cost=0.00..17.00 rows=1000 width=20) (actual time=0.007..0.064 rows=1000 loops=1)
 Planning time: 0.257 ms
 Execution time: 0.270 ms
(7 rows)

===== 239 [Wed Mar  7 01:55:35 CET 2018] scale:1000 groups:1000 work_mem:8MB incremental:off max_workers:0 =====
SELECT * FROM s_3 ORDER BY a, b, c, d
                                                   QUERY PLAN                                                    
-----------------------------------------------------------------------------------------------------------------
 Limit  (cost=79.33..79.33 rows=1 width=20) (actual time=0.249..0.249 rows=0 loops=1)
   ->  Sort  (cost=66.83..69.33 rows=1000 width=20) (actual time=0.194..0.226 rows=1000 loops=1)
         Sort Key: s_3.a, s_3.b, s_3.c, s_3.d
         Sort Method: quicksort  Memory: 103kB
         ->  Seq Scan on s_3  (cost=0.00..17.00 rows=1000 width=20) (actual time=0.004..0.057 rows=1000 loops=1)
 Planning time: 0.268 ms
 Execution time: 0.268 ms
(7 rows)

===== 240 [Wed Mar  7 01:55:35 CET 2018] scale:1000 groups:1000 work_mem:8MB incremental:off max_workers:0 =====
SELECT * FROM s_4 ORDER BY a, b, c, d, e
                                                   QUERY PLAN                                                    
-----------------------------------------------------------------------------------------------------------------
 Limit  (cost=79.33..79.33 rows=1 width=20) (actual time=0.253..0.253 rows=0 loops=1)
   ->  Sort  (cost=66.83..69.33 rows=1000 width=20) (actual time=0.199..0.230 rows=1000 loops=1)
         Sort Key: s_4.a, s_4.b, s_4.c, s_4.d, s_4.e
         Sort Method: quicksort  Memory: 103kB
         ->  Seq Scan on s_4  (cost=0.00..17.00 rows=1000 width=20) (actual time=0.007..0.065 rows=1000 loops=1)
 Planning time: 0.260 ms
 Execution time: 0.273 ms
(7 rows)

===== 241 [Wed Mar  7 01:55:35 CET 2018] scale:1000 groups:1000 work_mem:16MB incremental:on max_workers:0 =====
SELECT * FROM s_1 ORDER BY a, b
                                                   QUERY PLAN                                                    
-----------------------------------------------------------------------------------------------------------------
 Limit  (cost=79.33..79.33 rows=1 width=20) (actual time=0.329..0.329 rows=0 loops=1)
   ->  Sort  (cost=66.83..69.33 rows=1000 width=20) (actual time=0.274..0.306 rows=1000 loops=1)
         Sort Key: s_1.a, s_1.b
         Sort Method: quicksort  Memory: 103kB
         ->  Seq Scan on s_1  (cost=0.00..17.00 rows=1000 width=20) (actual time=0.004..0.059 rows=1000 loops=1)
 Planning time: 0.259 ms
 Execution time: 0.362 ms
(7 rows)

===== 242 [Wed Mar  7 01:55:35 CET 2018] scale:1000 groups:1000 work_mem:16MB incremental:on max_workers:0 =====
SELECT * FROM s_2 ORDER BY a, b, c
                                                   QUERY PLAN                                                    
-----------------------------------------------------------------------------------------------------------------
 Limit  (cost=79.33..79.33 rows=1 width=20) (actual time=0.248..0.248 rows=0 loops=1)
   ->  Sort  (cost=66.83..69.33 rows=1000 width=20) (actual time=0.195..0.226 rows=1000 loops=1)
         Sort Key: s_2.a, s_2.b, s_2.c
         Sort Method: quicksort  Memory: 103kB
         ->  Seq Scan on s_2  (cost=0.00..17.00 rows=1000 width=20) (actual time=0.007..0.065 rows=1000 loops=1)
 Planning time: 0.275 ms
 Execution time: 0.267 ms
(7 rows)

===== 243 [Wed Mar  7 01:55:35 CET 2018] scale:1000 groups:1000 work_mem:16MB incremental:on max_workers:0 =====
SELECT * FROM s_3 ORDER BY a, b, c, d
                                                   QUERY PLAN                                                    
-----------------------------------------------------------------------------------------------------------------
 Limit  (cost=79.33..79.33 rows=1 width=20) (actual time=0.249..0.249 rows=0 loops=1)
   ->  Sort  (cost=66.83..69.33 rows=1000 width=20) (actual time=0.195..0.226 rows=1000 loops=1)
         Sort Key: s_3.a, s_3.b, s_3.c, s_3.d
         Sort Method: quicksort  Memory: 103kB
         ->  Seq Scan on s_3  (cost=0.00..17.00 rows=1000 width=20) (actual time=0.004..0.057 rows=1000 loops=1)
 Planning time: 0.279 ms
 Execution time: 0.268 ms
(7 rows)

===== 244 [Wed Mar  7 01:55:35 CET 2018] scale:1000 groups:1000 work_mem:16MB incremental:on max_workers:0 =====
SELECT * FROM s_4 ORDER BY a, b, c, d, e
                                                   QUERY PLAN                                                    
-----------------------------------------------------------------------------------------------------------------
 Limit  (cost=79.33..79.33 rows=1 width=20) (actual time=0.260..0.260 rows=0 loops=1)
   ->  Sort  (cost=66.83..69.33 rows=1000 width=20) (actual time=0.199..0.238 rows=1000 loops=1)
         Sort Key: s_4.a, s_4.b, s_4.c, s_4.d, s_4.e
         Sort Method: quicksort  Memory: 103kB
         ->  Seq Scan on s_4  (cost=0.00..17.00 rows=1000 width=20) (actual time=0.007..0.065 rows=1000 loops=1)
 Planning time: 0.273 ms
 Execution time: 0.280 ms
(7 rows)

===== 245 [Wed Mar  7 01:55:35 CET 2018] scale:1000 groups:1000 work_mem:16MB incremental:off max_workers:0 =====
SELECT * FROM s_1 ORDER BY a, b
                                                   QUERY PLAN                                                    
-----------------------------------------------------------------------------------------------------------------
 Limit  (cost=79.33..79.33 rows=1 width=20) (actual time=0.321..0.321 rows=0 loops=1)
   ->  Sort  (cost=66.83..69.33 rows=1000 width=20) (actual time=0.267..0.299 rows=1000 loops=1)
         Sort Key: s_1.a, s_1.b
         Sort Method: quicksort  Memory: 103kB
         ->  Seq Scan on s_1  (cost=0.00..17.00 rows=1000 width=20) (actual time=0.004..0.059 rows=1000 loops=1)
 Planning time: 0.256 ms
 Execution time: 0.351 ms
(7 rows)

===== 246 [Wed Mar  7 01:55:35 CET 2018] scale:1000 groups:1000 work_mem:16MB incremental:off max_workers:0 =====
SELECT * FROM s_2 ORDER BY a, b, c
                                                   QUERY PLAN                                                    
-----------------------------------------------------------------------------------------------------------------
 Limit  (cost=79.33..79.33 rows=1 width=20) (actual time=0.259..0.259 rows=0 loops=1)
   ->  Sort  (cost=66.83..69.33 rows=1000 width=20) (actual time=0.199..0.236 rows=1000 loops=1)
         Sort Key: s_2.a, s_2.b, s_2.c
         Sort Method: quicksort  Memory: 103kB
         ->  Seq Scan on s_2  (cost=0.00..17.00 rows=1000 width=20) (actual time=0.007..0.065 rows=1000 loops=1)
 Planning time: 0.261 ms
 Execution time: 0.278 ms
(7 rows)

===== 247 [Wed Mar  7 01:55:35 CET 2018] scale:1000 groups:1000 work_mem:16MB incremental:off max_workers:0 =====
SELECT * FROM s_3 ORDER BY a, b, c, d
                                                   QUERY PLAN                                                    
-----------------------------------------------------------------------------------------------------------------
 Limit  (cost=79.33..79.33 rows=1 width=20) (actual time=0.250..0.250 rows=0 loops=1)
   ->  Sort  (cost=66.83..69.33 rows=1000 width=20) (actual time=0.195..0.227 rows=1000 loops=1)
         Sort Key: s_3.a, s_3.b, s_3.c, s_3.d
         Sort Method: quicksort  Memory: 103kB
         ->  Seq Scan on s_3  (cost=0.00..17.00 rows=1000 width=20) (actual time=0.004..0.057 rows=1000 loops=1)
 Planning time: 0.260 ms
 Execution time: 0.269 ms
(7 rows)

===== 248 [Wed Mar  7 01:55:36 CET 2018] scale:1000 groups:1000 work_mem:16MB incremental:off max_workers:0 =====
SELECT * FROM s_4 ORDER BY a, b, c, d, e
                                                   QUERY PLAN                                                    
-----------------------------------------------------------------------------------------------------------------
 Limit  (cost=79.33..79.33 rows=1 width=20) (actual time=0.253..0.253 rows=0 loops=1)
   ->  Sort  (cost=66.83..69.33 rows=1000 width=20) (actual time=0.199..0.231 rows=1000 loops=1)
         Sort Key: s_4.a, s_4.b, s_4.c, s_4.d, s_4.e
         Sort Method: quicksort  Memory: 103kB
         ->  Seq Scan on s_4  (cost=0.00..17.00 rows=1000 width=20) (actual time=0.007..0.065 rows=1000 loops=1)
 Planning time: 0.266 ms
 Execution time: 0.272 ms
(7 rows)

===== 249 [Wed Mar  7 01:55:36 CET 2018] scale:1000 groups:1000 work_mem:32MB incremental:on max_workers:0 =====
SELECT * FROM s_1 ORDER BY a, b
                                                   QUERY PLAN                                                    
-----------------------------------------------------------------------------------------------------------------
 Limit  (cost=79.33..79.33 rows=1 width=20) (actual time=0.321..0.321 rows=0 loops=1)
   ->  Sort  (cost=66.83..69.33 rows=1000 width=20) (actual time=0.266..0.298 rows=1000 loops=1)
         Sort Key: s_1.a, s_1.b
         Sort Method: quicksort  Memory: 103kB
         ->  Seq Scan on s_1  (cost=0.00..17.00 rows=1000 width=20) (actual time=0.004..0.059 rows=1000 loops=1)
 Planning time: 0.257 ms
 Execution time: 0.352 ms
(7 rows)

===== 250 [Wed Mar  7 01:55:36 CET 2018] scale:1000 groups:1000 work_mem:32MB incremental:on max_workers:0 =====
SELECT * FROM s_2 ORDER BY a, b, c
                                                   QUERY PLAN                                                    
-----------------------------------------------------------------------------------------------------------------
 Limit  (cost=79.33..79.33 rows=1 width=20) (actual time=0.261..0.261 rows=0 loops=1)
   ->  Sort  (cost=66.83..69.33 rows=1000 width=20) (actual time=0.207..0.239 rows=1000 loops=1)
         Sort Key: s_2.a, s_2.b, s_2.c
         Sort Method: quicksort  Memory: 103kB
         ->  Seq Scan on s_2  (cost=0.00..17.00 rows=1000 width=20) (actual time=0.007..0.072 rows=1000 loops=1)
 Planning time: 0.268 ms
 Execution time: 0.281 ms
(7 rows)

===== 251 [Wed Mar  7 01:55:36 CET 2018] scale:1000 groups:1000 work_mem:32MB incremental:on max_workers:0 =====
SELECT * FROM s_3 ORDER BY a, b, c, d
                                                   QUERY PLAN                                                    
-----------------------------------------------------------------------------------------------------------------
 Limit  (cost=79.33..79.33 rows=1 width=20) (actual time=0.249..0.249 rows=0 loops=1)
   ->  Sort  (cost=66.83..69.33 rows=1000 width=20) (actual time=0.194..0.226 rows=1000 loops=1)
         Sort Key: s_3.a, s_3.b, s_3.c, s_3.d
         Sort Method: quicksort  Memory: 103kB
         ->  Seq Scan on s_3  (cost=0.00..17.00 rows=1000 width=20) (actual time=0.004..0.057 rows=1000 loops=1)
 Planning time: 0.276 ms
 Execution time: 0.268 ms
(7 rows)

===== 252 [Wed Mar  7 01:55:36 CET 2018] scale:1000 groups:1000 work_mem:32MB incremental:on max_workers:0 =====
SELECT * FROM s_4 ORDER BY a, b, c, d, e
                                                   QUERY PLAN                                                    
-----------------------------------------------------------------------------------------------------------------
 Limit  (cost=79.33..79.33 rows=1 width=20) (actual time=0.260..0.260 rows=0 loops=1)
   ->  Sort  (cost=66.83..69.33 rows=1000 width=20) (actual time=0.205..0.237 rows=1000 loops=1)
         Sort Key: s_4.a, s_4.b, s_4.c, s_4.d, s_4.e
         Sort Method: quicksort  Memory: 103kB
         ->  Seq Scan on s_4  (cost=0.00..17.00 rows=1000 width=20) (actual time=0.007..0.065 rows=1000 loops=1)
 Planning time: 0.273 ms
 Execution time: 0.279 ms
(7 rows)

===== 253 [Wed Mar  7 01:55:36 CET 2018] scale:1000 groups:1000 work_mem:32MB incremental:off max_workers:0 =====
SELECT * FROM s_1 ORDER BY a, b
                                                   QUERY PLAN                                                    
-----------------------------------------------------------------------------------------------------------------
 Limit  (cost=79.33..79.33 rows=1 width=20) (actual time=0.318..0.318 rows=0 loops=1)
   ->  Sort  (cost=66.83..69.33 rows=1000 width=20) (actual time=0.263..0.295 rows=1000 loops=1)
         Sort Key: s_1.a, s_1.b
         Sort Method: quicksort  Memory: 103kB
         ->  Seq Scan on s_1  (cost=0.00..17.00 rows=1000 width=20) (actual time=0.004..0.060 rows=1000 loops=1)
 Planning time: 0.251 ms
 Execution time: 0.346 ms
(7 rows)

===== 254 [Wed Mar  7 01:55:36 CET 2018] scale:1000 groups:1000 work_mem:32MB incremental:off max_workers:0 =====
SELECT * FROM s_2 ORDER BY a, b, c
                                                   QUERY PLAN                                                    
-----------------------------------------------------------------------------------------------------------------
 Limit  (cost=79.33..79.33 rows=1 width=20) (actual time=0.253..0.253 rows=0 loops=1)
   ->  Sort  (cost=66.83..69.33 rows=1000 width=20) (actual time=0.199..0.230 rows=1000 loops=1)
         Sort Key: s_2.a, s_2.b, s_2.c
         Sort Method: quicksort  Memory: 103kB
         ->  Seq Scan on s_2  (cost=0.00..17.00 rows=1000 width=20) (actual time=0.007..0.064 rows=1000 loops=1)
 Planning time: 0.256 ms
 Execution time: 0.271 ms
(7 rows)

===== 255 [Wed Mar  7 01:55:36 CET 2018] scale:1000 groups:1000 work_mem:32MB incremental:off max_workers:0 =====
SELECT * FROM s_3 ORDER BY a, b, c, d
                                                   QUERY PLAN                                                    
-----------------------------------------------------------------------------------------------------------------
 Limit  (cost=79.33..79.33 rows=1 width=20) (actual time=0.249..0.249 rows=0 loops=1)
   ->  Sort  (cost=66.83..69.33 rows=1000 width=20) (actual time=0.195..0.226 rows=1000 loops=1)
         Sort Key: s_3.a, s_3.b, s_3.c, s_3.d
         Sort Method: quicksort  Memory: 103kB
         ->  Seq Scan on s_3  (cost=0.00..17.00 rows=1000 width=20) (actual time=0.004..0.057 rows=1000 loops=1)
 Planning time: 0.265 ms
 Execution time: 0.268 ms
(7 rows)

===== 256 [Wed Mar  7 01:55:36 CET 2018] scale:1000 groups:1000 work_mem:32MB incremental:off max_workers:0 =====
SELECT * FROM s_4 ORDER BY a, b, c, d, e
                                                   QUERY PLAN                                                    
-----------------------------------------------------------------------------------------------------------------
 Limit  (cost=79.33..79.33 rows=1 width=20) (actual time=0.257..0.257 rows=0 loops=1)
   ->  Sort  (cost=66.83..69.33 rows=1000 width=20) (actual time=0.203..0.234 rows=1000 loops=1)
         Sort Key: s_4.a, s_4.b, s_4.c, s_4.d, s_4.e
         Sort Method: quicksort  Memory: 103kB
         ->  Seq Scan on s_4  (cost=0.00..17.00 rows=1000 width=20) (actual time=0.007..0.065 rows=1000 loops=1)
 Planning time: 0.259 ms
 Execution time: 0.276 ms
(7 rows)

===== 257 [Wed Mar  7 01:55:36 CET 2018] scale:1000 groups:1000 work_mem:64MB incremental:on max_workers:0 =====
SELECT * FROM s_1 ORDER BY a, b
                                                   QUERY PLAN                                                    
-----------------------------------------------------------------------------------------------------------------
 Limit  (cost=79.33..79.33 rows=1 width=20) (actual time=0.320..0.320 rows=0 loops=1)
   ->  Sort  (cost=66.83..69.33 rows=1000 width=20) (actual time=0.266..0.297 rows=1000 loops=1)
         Sort Key: s_1.a, s_1.b
         Sort Method: quicksort  Memory: 103kB
         ->  Seq Scan on s_1  (cost=0.00..17.00 rows=1000 width=20) (actual time=0.004..0.059 rows=1000 loops=1)
 Planning time: 0.260 ms
 Execution time: 0.352 ms
(7 rows)

===== 258 [Wed Mar  7 01:55:36 CET 2018] scale:1000 groups:1000 work_mem:64MB incremental:on max_workers:0 =====
SELECT * FROM s_2 ORDER BY a, b, c
                                                   QUERY PLAN                                                    
-----------------------------------------------------------------------------------------------------------------
 Limit  (cost=79.33..79.33 rows=1 width=20) (actual time=0.250..0.250 rows=0 loops=1)
   ->  Sort  (cost=66.83..69.33 rows=1000 width=20) (actual time=0.196..0.228 rows=1000 loops=1)
         Sort Key: s_2.a, s_2.b, s_2.c
         Sort Method: quicksort  Memory: 103kB
         ->  Seq Scan on s_2  (cost=0.00..17.00 rows=1000 width=20) (actual time=0.006..0.064 rows=1000 loops=1)
 Planning time: 0.265 ms
 Execution time: 0.272 ms
(7 rows)

===== 259 [Wed Mar  7 01:55:36 CET 2018] scale:1000 groups:1000 work_mem:64MB incremental:on max_workers:0 =====
SELECT * FROM s_3 ORDER BY a, b, c, d
                                                   QUERY PLAN                                                    
-----------------------------------------------------------------------------------------------------------------
 Limit  (cost=79.33..79.33 rows=1 width=20) (actual time=0.247..0.247 rows=0 loops=1)
   ->  Sort  (cost=66.83..69.33 rows=1000 width=20) (actual time=0.192..0.224 rows=1000 loops=1)
         Sort Key: s_3.a, s_3.b, s_3.c, s_3.d
         Sort Method: quicksort  Memory: 103kB
         ->  Seq Scan on s_3  (cost=0.00..17.00 rows=1000 width=20) (actual time=0.004..0.057 rows=1000 loops=1)
 Planning time: 0.273 ms
 Execution time: 0.266 ms
(7 rows)

===== 260 [Wed Mar  7 01:55:36 CET 2018] scale:1000 groups:1000 work_mem:64MB incremental:on max_workers:0 =====
SELECT * FROM s_4 ORDER BY a, b, c, d, e
                                                   QUERY PLAN                                                    
-----------------------------------------------------------------------------------------------------------------
 Limit  (cost=79.33..79.33 rows=1 width=20) (actual time=0.252..0.252 rows=0 loops=1)
   ->  Sort  (cost=66.83..69.33 rows=1000 width=20) (actual time=0.197..0.229 rows=1000 loops=1)
         Sort Key: s_4.a, s_4.b, s_4.c, s_4.d, s_4.e
         Sort Method: quicksort  Memory: 103kB
         ->  Seq Scan on s_4  (cost=0.00..17.00 rows=1000 width=20) (actual time=0.007..0.065 rows=1000 loops=1)
 Planning time: 0.276 ms
 Execution time: 0.271 ms
(7 rows)

===== 261 [Wed Mar  7 01:55:36 CET 2018] scale:1000 groups:1000 work_mem:64MB incremental:off max_workers:0 =====
SELECT * FROM s_1 ORDER BY a, b
                                                   QUERY PLAN                                                    
-----------------------------------------------------------------------------------------------------------------
 Limit  (cost=79.33..79.33 rows=1 width=20) (actual time=0.316..0.316 rows=0 loops=1)
   ->  Sort  (cost=66.83..69.33 rows=1000 width=20) (actual time=0.261..0.293 rows=1000 loops=1)
         Sort Key: s_1.a, s_1.b
         Sort Method: quicksort  Memory: 103kB
         ->  Seq Scan on s_1  (cost=0.00..17.00 rows=1000 width=20) (actual time=0.004..0.060 rows=1000 loops=1)
 Planning time: 0.249 ms
 Execution time: 0.345 ms
(7 rows)

===== 262 [Wed Mar  7 01:55:37 CET 2018] scale:1000 groups:1000 work_mem:64MB incremental:off max_workers:0 =====
SELECT * FROM s_2 ORDER BY a, b, c
                                                   QUERY PLAN                                                    
-----------------------------------------------------------------------------------------------------------------
 Limit  (cost=79.33..79.33 rows=1 width=20) (actual time=0.253..0.253 rows=0 loops=1)
   ->  Sort  (cost=66.83..69.33 rows=1000 width=20) (actual time=0.199..0.231 rows=1000 loops=1)
         Sort Key: s_2.a, s_2.b, s_2.c
         Sort Method: quicksort  Memory: 103kB
         ->  Seq Scan on s_2  (cost=0.00..17.00 rows=1000 width=20) (actual time=0.007..0.064 rows=1000 loops=1)
 Planning time: 0.256 ms
 Execution time: 0.272 ms
(7 rows)

===== 263 [Wed Mar  7 01:55:37 CET 2018] scale:1000 groups:1000 work_mem:64MB incremental:off max_workers:0 =====
SELECT * FROM s_3 ORDER BY a, b, c, d
                                                   QUERY PLAN                                                    
-----------------------------------------------------------------------------------------------------------------
 Limit  (cost=79.33..79.33 rows=1 width=20) (actual time=0.247..0.247 rows=0 loops=1)
   ->  Sort  (cost=66.83..69.33 rows=1000 width=20) (actual time=0.193..0.224 rows=1000 loops=1)
         Sort Key: s_3.a, s_3.b, s_3.c, s_3.d
         Sort Method: quicksort  Memory: 103kB
         ->  Seq Scan on s_3  (cost=0.00..17.00 rows=1000 width=20) (actual time=0.004..0.057 rows=1000 loops=1)
 Planning time: 0.258 ms
 Execution time: 0.266 ms
(7 rows)

===== 264 [Wed Mar  7 01:55:37 CET 2018] scale:1000 groups:1000 work_mem:64MB incremental:off max_workers:0 =====
SELECT * FROM s_4 ORDER BY a, b, c, d, e
                                                   QUERY PLAN                                                    
-----------------------------------------------------------------------------------------------------------------
 Limit  (cost=79.33..79.33 rows=1 width=20) (actual time=0.252..0.252 rows=0 loops=1)
   ->  Sort  (cost=66.83..69.33 rows=1000 width=20) (actual time=0.198..0.230 rows=1000 loops=1)
         Sort Key: s_4.a, s_4.b, s_4.c, s_4.d, s_4.e
         Sort Method: quicksort  Memory: 103kB
         ->  Seq Scan on s_4  (cost=0.00..17.00 rows=1000 width=20) (actual time=0.007..0.065 rows=1000 loops=1)
 Planning time: 0.256 ms
 Execution time: 0.272 ms
(7 rows)

===== 265 [Wed Mar  7 01:55:37 CET 2018] scale:1000 groups:1000 work_mem:128MB incremental:on max_workers:0 =====
SELECT * FROM s_1 ORDER BY a, b
                                                   QUERY PLAN                                                    
-----------------------------------------------------------------------------------------------------------------
 Limit  (cost=79.33..79.33 rows=1 width=20) (actual time=0.326..0.326 rows=0 loops=1)
   ->  Sort  (cost=66.83..69.33 rows=1000 width=20) (actual time=0.272..0.304 rows=1000 loops=1)
         Sort Key: s_1.a, s_1.b
         Sort Method: quicksort  Memory: 103kB
         ->  Seq Scan on s_1  (cost=0.00..17.00 rows=1000 width=20) (actual time=0.004..0.059 rows=1000 loops=1)
 Planning time: 0.257 ms
 Execution time: 0.358 ms
(7 rows)

===== 266 [Wed Mar  7 01:55:37 CET 2018] scale:1000 groups:1000 work_mem:128MB incremental:on max_workers:0 =====
SELECT * FROM s_2 ORDER BY a, b, c
                                                   QUERY PLAN                                                    
-----------------------------------------------------------------------------------------------------------------
 Limit  (cost=79.33..79.33 rows=1 width=20) (actual time=0.250..0.250 rows=0 loops=1)
   ->  Sort  (cost=66.83..69.33 rows=1000 width=20) (actual time=0.196..0.228 rows=1000 loops=1)
         Sort Key: s_2.a, s_2.b, s_2.c
         Sort Method: quicksort  Memory: 103kB
         ->  Seq Scan on s_2  (cost=0.00..17.00 rows=1000 width=20) (actual time=0.006..0.065 rows=1000 loops=1)
 Planning time: 0.266 ms
 Execution time: 0.269 ms
(7 rows)

===== 267 [Wed Mar  7 01:55:37 CET 2018] scale:1000 groups:1000 work_mem:128MB incremental:on max_workers:0 =====
SELECT * FROM s_3 ORDER BY a, b, c, d
                                                   QUERY PLAN                                                    
-----------------------------------------------------------------------------------------------------------------
 Limit  (cost=79.33..79.33 rows=1 width=20) (actual time=0.250..0.250 rows=0 loops=1)
   ->  Sort  (cost=66.83..69.33 rows=1000 width=20) (actual time=0.197..0.228 rows=1000 loops=1)
         Sort Key: s_3.a, s_3.b, s_3.c, s_3.d
         Sort Method: quicksort  Memory: 103kB
         ->  Seq Scan on s_3  (cost=0.00..17.00 rows=1000 width=20) (actual time=0.004..0.057 rows=1000 loops=1)
 Planning time: 0.271 ms
 Execution time: 0.270 ms
(7 rows)

===== 268 [Wed Mar  7 01:55:37 CET 2018] scale:1000 groups:1000 work_mem:128MB incremental:on max_workers:0 =====
SELECT * FROM s_4 ORDER BY a, b, c, d, e
                                                   QUERY PLAN                                                    
-----------------------------------------------------------------------------------------------------------------
 Limit  (cost=79.33..79.33 rows=1 width=20) (actual time=0.253..0.253 rows=0 loops=1)
   ->  Sort  (cost=66.83..69.33 rows=1000 width=20) (actual time=0.198..0.230 rows=1000 loops=1)
         Sort Key: s_4.a, s_4.b, s_4.c, s_4.d, s_4.e
         Sort Method: quicksort  Memory: 103kB
         ->  Seq Scan on s_4  (cost=0.00..17.00 rows=1000 width=20) (actual time=0.007..0.065 rows=1000 loops=1)
 Planning time: 0.277 ms
 Execution time: 0.272 ms
(7 rows)

===== 269 [Wed Mar  7 01:55:37 CET 2018] scale:1000 groups:1000 work_mem:128MB incremental:off max_workers:0 =====
SELECT * FROM s_1 ORDER BY a, b
                                                   QUERY PLAN                                                    
-----------------------------------------------------------------------------------------------------------------
 Limit  (cost=79.33..79.33 rows=1 width=20) (actual time=0.316..0.316 rows=0 loops=1)
   ->  Sort  (cost=66.83..69.33 rows=1000 width=20) (actual time=0.262..0.294 rows=1000 loops=1)
         Sort Key: s_1.a, s_1.b
         Sort Method: quicksort  Memory: 103kB
         ->  Seq Scan on s_1  (cost=0.00..17.00 rows=1000 width=20) (actual time=0.004..0.059 rows=1000 loops=1)
 Planning time: 0.250 ms
 Execution time: 0.346 ms
(7 rows)

===== 270 [Wed Mar  7 01:55:37 CET 2018] scale:1000 groups:1000 work_mem:128MB incremental:off max_workers:0 =====
SELECT * FROM s_2 ORDER BY a, b, c
                                                   QUERY PLAN                                                    
-----------------------------------------------------------------------------------------------------------------
 Limit  (cost=79.33..79.33 rows=1 width=20) (actual time=0.252..0.252 rows=0 loops=1)
   ->  Sort  (cost=66.83..69.33 rows=1000 width=20) (actual time=0.198..0.229 rows=1000 loops=1)
         Sort Key: s_2.a, s_2.b, s_2.c
         Sort Method: quicksort  Memory: 103kB
         ->  Seq Scan on s_2  (cost=0.00..17.00 rows=1000 width=20) (actual time=0.007..0.064 rows=1000 loops=1)
 Planning time: 0.265 ms
 Execution time: 0.271 ms
(7 rows)

===== 271 [Wed Mar  7 01:55:37 CET 2018] scale:1000 groups:1000 work_mem:128MB incremental:off max_workers:0 =====
SELECT * FROM s_3 ORDER BY a, b, c, d
                                                   QUERY PLAN                                                    
-----------------------------------------------------------------------------------------------------------------
 Limit  (cost=79.33..79.33 rows=1 width=20) (actual time=0.248..0.248 rows=0 loops=1)
   ->  Sort  (cost=66.83..69.33 rows=1000 width=20) (actual time=0.194..0.225 rows=1000 loops=1)
         Sort Key: s_3.a, s_3.b, s_3.c, s_3.d
         Sort Method: quicksort  Memory: 103kB
         ->  Seq Scan on s_3  (cost=0.00..17.00 rows=1000 width=20) (actual time=0.004..0.057 rows=1000 loops=1)
 Planning time: 0.256 ms
 Execution time: 0.266 ms
(7 rows)

===== 272 [Wed Mar  7 01:55:37 CET 2018] scale:1000 groups:1000 work_mem:128MB incremental:off max_workers:0 =====
SELECT * FROM s_4 ORDER BY a, b, c, d, e
                                                   QUERY PLAN                                                    
-----------------------------------------------------------------------------------------------------------------
 Limit  (cost=79.33..79.33 rows=1 width=20) (actual time=0.259..0.259 rows=0 loops=1)
   ->  Sort  (cost=66.83..69.33 rows=1000 width=20) (actual time=0.199..0.236 rows=1000 loops=1)
         Sort Key: s_4.a, s_4.b, s_4.c, s_4.d, s_4.e
         Sort Method: quicksort  Memory: 103kB
         ->  Seq Scan on s_4  (cost=0.00..17.00 rows=1000 width=20) (actual time=0.007..0.065 rows=1000 loops=1)
 Planning time: 0.261 ms
 Execution time: 0.278 ms
(7 rows)

===== 273 [Wed Mar  7 01:55:37 CET 2018] scale:1000 groups:1000 work_mem:256MB incremental:on max_workers:0 =====
SELECT * FROM s_1 ORDER BY a, b
                                                   QUERY PLAN                                                    
-----------------------------------------------------------------------------------------------------------------
 Limit  (cost=79.33..79.33 rows=1 width=20) (actual time=0.321..0.321 rows=0 loops=1)
   ->  Sort  (cost=66.83..69.33 rows=1000 width=20) (actual time=0.263..0.295 rows=1000 loops=1)
         Sort Key: s_1.a, s_1.b
         Sort Method: quicksort  Memory: 103kB
         ->  Seq Scan on s_1  (cost=0.00..17.00 rows=1000 width=20) (actual time=0.004..0.059 rows=1000 loops=1)
 Planning time: 0.254 ms
 Execution time: 0.355 ms
(7 rows)

===== 274 [Wed Mar  7 01:55:37 CET 2018] scale:1000 groups:1000 work_mem:256MB incremental:on max_workers:0 =====
SELECT * FROM s_2 ORDER BY a, b, c
                                                   QUERY PLAN                                                    
-----------------------------------------------------------------------------------------------------------------
 Limit  (cost=79.33..79.33 rows=1 width=20) (actual time=0.251..0.251 rows=0 loops=1)
   ->  Sort  (cost=66.83..69.33 rows=1000 width=20) (actual time=0.197..0.229 rows=1000 loops=1)
         Sort Key: s_2.a, s_2.b, s_2.c
         Sort Method: quicksort  Memory: 103kB
         ->  Seq Scan on s_2  (cost=0.00..17.00 rows=1000 width=20) (actual time=0.006..0.064 rows=1000 loops=1)
 Planning time: 0.264 ms
 Execution time: 0.271 ms
(7 rows)

===== 275 [Wed Mar  7 01:55:37 CET 2018] scale:1000 groups:1000 work_mem:256MB incremental:on max_workers:0 =====
SELECT * FROM s_3 ORDER BY a, b, c, d
                                                   QUERY PLAN                                                    
-----------------------------------------------------------------------------------------------------------------
 Limit  (cost=79.33..79.33 rows=1 width=20) (actual time=0.249..0.249 rows=0 loops=1)
   ->  Sort  (cost=66.83..69.33 rows=1000 width=20) (actual time=0.195..0.227 rows=1000 loops=1)
         Sort Key: s_3.a, s_3.b, s_3.c, s_3.d
         Sort Method: quicksort  Memory: 103kB
         ->  Seq Scan on s_3  (cost=0.00..17.00 rows=1000 width=20) (actual time=0.004..0.057 rows=1000 loops=1)
 Planning time: 0.263 ms
 Execution time: 0.268 ms
(7 rows)

===== 276 [Wed Mar  7 01:55:38 CET 2018] scale:1000 groups:1000 work_mem:256MB incremental:on max_workers:0 =====
SELECT * FROM s_4 ORDER BY a, b, c, d, e
                                                   QUERY PLAN                                                    
-----------------------------------------------------------------------------------------------------------------
 Limit  (cost=79.33..79.33 rows=1 width=20) (actual time=0.252..0.252 rows=0 loops=1)
   ->  Sort  (cost=66.83..69.33 rows=1000 width=20) (actual time=0.197..0.229 rows=1000 loops=1)
         Sort Key: s_4.a, s_4.b, s_4.c, s_4.d, s_4.e
         Sort Method: quicksort  Memory: 103kB
         ->  Seq Scan on s_4  (cost=0.00..17.00 rows=1000 width=20) (actual time=0.007..0.065 rows=1000 loops=1)
 Planning time: 0.263 ms
 Execution time: 0.270 ms
(7 rows)

===== 277 [Wed Mar  7 01:55:38 CET 2018] scale:1000 groups:1000 work_mem:256MB incremental:off max_workers:0 =====
SELECT * FROM s_1 ORDER BY a, b
                                                   QUERY PLAN                                                    
-----------------------------------------------------------------------------------------------------------------
 Limit  (cost=79.33..79.33 rows=1 width=20) (actual time=0.329..0.329 rows=0 loops=1)
   ->  Sort  (cost=66.83..69.33 rows=1000 width=20) (actual time=0.275..0.307 rows=1000 loops=1)
         Sort Key: s_1.a, s_1.b
         Sort Method: quicksort  Memory: 103kB
         ->  Seq Scan on s_1  (cost=0.00..17.00 rows=1000 width=20) (actual time=0.004..0.072 rows=1000 loops=1)
 Planning time: 0.245 ms
 Execution time: 0.357 ms
(7 rows)

===== 278 [Wed Mar  7 01:55:38 CET 2018] scale:1000 groups:1000 work_mem:256MB incremental:off max_workers:0 =====
SELECT * FROM s_2 ORDER BY a, b, c
                                                   QUERY PLAN                                                    
-----------------------------------------------------------------------------------------------------------------
 Limit  (cost=79.33..79.33 rows=1 width=20) (actual time=0.250..0.250 rows=0 loops=1)
   ->  Sort  (cost=66.83..69.33 rows=1000 width=20) (actual time=0.196..0.228 rows=1000 loops=1)
         Sort Key: s_2.a, s_2.b, s_2.c
         Sort Method: quicksort  Memory: 103kB
         ->  Seq Scan on s_2  (cost=0.00..17.00 rows=1000 width=20) (actual time=0.007..0.064 rows=1000 loops=1)
 Planning time: 0.258 ms
 Execution time: 0.269 ms
(7 rows)

===== 279 [Wed Mar  7 01:55:38 CET 2018] scale:1000 groups:1000 work_mem:256MB incremental:off max_workers:0 =====
SELECT * FROM s_3 ORDER BY a, b, c, d
                                                   QUERY PLAN                                                    
-----------------------------------------------------------------------------------------------------------------
 Limit  (cost=79.33..79.33 rows=1 width=20) (actual time=0.249..0.249 rows=0 loops=1)
   ->  Sort  (cost=66.83..69.33 rows=1000 width=20) (actual time=0.195..0.227 rows=1000 loops=1)
         Sort Key: s_3.a, s_3.b, s_3.c, s_3.d
         Sort Method: quicksort  Memory: 103kB
         ->  Seq Scan on s_3  (cost=0.00..17.00 rows=1000 width=20) (actual time=0.004..0.057 rows=1000 loops=1)
 Planning time: 0.256 ms
 Execution time: 0.268 ms
(7 rows)

===== 280 [Wed Mar  7 01:55:38 CET 2018] scale:1000 groups:1000 work_mem:256MB incremental:off max_workers:0 =====
SELECT * FROM s_4 ORDER BY a, b, c, d, e
                                                   QUERY PLAN                                                    
-----------------------------------------------------------------------------------------------------------------
 Limit  (cost=79.33..79.33 rows=1 width=20) (actual time=0.252..0.252 rows=0 loops=1)
   ->  Sort  (cost=66.83..69.33 rows=1000 width=20) (actual time=0.198..0.230 rows=1000 loops=1)
         Sort Key: s_4.a, s_4.b, s_4.c, s_4.d, s_4.e
         Sort Method: quicksort  Memory: 103kB
         ->  Seq Scan on s_4  (cost=0.00..17.00 rows=1000 width=20) (actual time=0.006..0.065 rows=1000 loops=1)
 Planning time: 0.259 ms
 Execution time: 0.271 ms
(7 rows)

===== 281 [Wed Mar  7 01:55:38 CET 2018] scale:1000 groups:1000 work_mem:4MB incremental:on max_workers:2 =====
SELECT * FROM s_1 ORDER BY a, b
                                                   QUERY PLAN                                                    
-----------------------------------------------------------------------------------------------------------------
 Limit  (cost=79.33..79.33 rows=1 width=20) (actual time=0.326..0.326 rows=0 loops=1)
   ->  Sort  (cost=66.83..69.33 rows=1000 width=20) (actual time=0.272..0.303 rows=1000 loops=1)
         Sort Key: s_1.a, s_1.b
         Sort Method: quicksort  Memory: 103kB
         ->  Seq Scan on s_1  (cost=0.00..17.00 rows=1000 width=20) (actual time=0.004..0.060 rows=1000 loops=1)
 Planning time: 0.262 ms
 Execution time: 0.358 ms
(7 rows)

===== 282 [Wed Mar  7 01:55:38 CET 2018] scale:1000 groups:1000 work_mem:4MB incremental:on max_workers:2 =====
SELECT * FROM s_2 ORDER BY a, b, c
                                                   QUERY PLAN                                                    
-----------------------------------------------------------------------------------------------------------------
 Limit  (cost=79.33..79.33 rows=1 width=20) (actual time=0.253..0.253 rows=0 loops=1)
   ->  Sort  (cost=66.83..69.33 rows=1000 width=20) (actual time=0.198..0.230 rows=1000 loops=1)
         Sort Key: s_2.a, s_2.b, s_2.c
         Sort Method: quicksort  Memory: 103kB
         ->  Seq Scan on s_2  (cost=0.00..17.00 rows=1000 width=20) (actual time=0.007..0.065 rows=1000 loops=1)
 Planning time: 0.280 ms
 Execution time: 0.272 ms
(7 rows)

===== 283 [Wed Mar  7 01:55:38 CET 2018] scale:1000 groups:1000 work_mem:4MB incremental:on max_workers:2 =====
SELECT * FROM s_3 ORDER BY a, b, c, d
                                                   QUERY PLAN                                                    
-----------------------------------------------------------------------------------------------------------------
 Limit  (cost=79.33..79.33 rows=1 width=20) (actual time=0.245..0.245 rows=0 loops=1)
   ->  Sort  (cost=66.83..69.33 rows=1000 width=20) (actual time=0.192..0.223 rows=1000 loops=1)
         Sort Key: s_3.a, s_3.b, s_3.c, s_3.d
         Sort Method: quicksort  Memory: 103kB
         ->  Seq Scan on s_3  (cost=0.00..17.00 rows=1000 width=20) (actual time=0.004..0.057 rows=1000 loops=1)
 Planning time: 0.273 ms
 Execution time: 0.268 ms
(7 rows)

===== 284 [Wed Mar  7 01:55:38 CET 2018] scale:1000 groups:1000 work_mem:4MB incremental:on max_workers:2 =====
SELECT * FROM s_4 ORDER BY a, b, c, d, e
                                                   QUERY PLAN                                                    
-----------------------------------------------------------------------------------------------------------------
 Limit  (cost=79.33..79.33 rows=1 width=20) (actual time=0.258..0.258 rows=0 loops=1)
   ->  Sort  (cost=66.83..69.33 rows=1000 width=20) (actual time=0.203..0.236 rows=1000 loops=1)
         Sort Key: s_4.a, s_4.b, s_4.c, s_4.d, s_4.e
         Sort Method: quicksort  Memory: 103kB
         ->  Seq Scan on s_4  (cost=0.00..17.00 rows=1000 width=20) (actual time=0.007..0.065 rows=1000 loops=1)
 Planning time: 0.271 ms
 Execution time: 0.277 ms
(7 rows)

===== 285 [Wed Mar  7 01:55:38 CET 2018] scale:1000 groups:1000 work_mem:4MB incremental:off max_workers:2 =====
SELECT * FROM s_1 ORDER BY a, b
                                                   QUERY PLAN                                                    
-----------------------------------------------------------------------------------------------------------------
 Limit  (cost=79.33..79.33 rows=1 width=20) (actual time=0.324..0.324 rows=0 loops=1)
   ->  Sort  (cost=66.83..69.33 rows=1000 width=20) (actual time=0.270..0.302 rows=1000 loops=1)
         Sort Key: s_1.a, s_1.b
         Sort Method: quicksort  Memory: 103kB
         ->  Seq Scan on s_1  (cost=0.00..17.00 rows=1000 width=20) (actual time=0.004..0.060 rows=1000 loops=1)
 Planning time: 0.256 ms
 Execution time: 0.352 ms
(7 rows)

===== 286 [Wed Mar  7 01:55:38 CET 2018] scale:1000 groups:1000 work_mem:4MB incremental:off max_workers:2 =====
SELECT * FROM s_2 ORDER BY a, b, c
                                                   QUERY PLAN                                                    
-----------------------------------------------------------------------------------------------------------------
 Limit  (cost=79.33..79.33 rows=1 width=20) (actual time=0.253..0.253 rows=0 loops=1)
   ->  Sort  (cost=66.83..69.33 rows=1000 width=20) (actual time=0.199..0.231 rows=1000 loops=1)
         Sort Key: s_2.a, s_2.b, s_2.c
         Sort Method: quicksort  Memory: 103kB
         ->  Seq Scan on s_2  (cost=0.00..17.00 rows=1000 width=20) (actual time=0.007..0.064 rows=1000 loops=1)
 Planning time: 0.258 ms
 Execution time: 0.272 ms
(7 rows)

===== 287 [Wed Mar  7 01:55:38 CET 2018] scale:1000 groups:1000 work_mem:4MB incremental:off max_workers:2 =====
SELECT * FROM s_3 ORDER BY a, b, c, d
                                                   QUERY PLAN                                                    
-----------------------------------------------------------------------------------------------------------------
 Limit  (cost=79.33..79.33 rows=1 width=20) (actual time=0.249..0.249 rows=0 loops=1)
   ->  Sort  (cost=66.83..69.33 rows=1000 width=20) (actual time=0.194..0.226 rows=1000 loops=1)
         Sort Key: s_3.a, s_3.b, s_3.c, s_3.d
         Sort Method: quicksort  Memory: 103kB
         ->  Seq Scan on s_3  (cost=0.00..17.00 rows=1000 width=20) (actual time=0.004..0.057 rows=1000 loops=1)
 Planning time: 0.264 ms
 Execution time: 0.268 ms
(7 rows)

===== 288 [Wed Mar  7 01:55:38 CET 2018] scale:1000 groups:1000 work_mem:4MB incremental:off max_workers:2 =====
SELECT * FROM s_4 ORDER BY a, b, c, d, e
                                                   QUERY PLAN                                                    
-----------------------------------------------------------------------------------------------------------------
 Limit  (cost=79.33..79.33 rows=1 width=20) (actual time=0.257..0.257 rows=0 loops=1)
   ->  Sort  (cost=66.83..69.33 rows=1000 width=20) (actual time=0.203..0.234 rows=1000 loops=1)
         Sort Key: s_4.a, s_4.b, s_4.c, s_4.d, s_4.e
         Sort Method: quicksort  Memory: 103kB
         ->  Seq Scan on s_4  (cost=0.00..17.00 rows=1000 width=20) (actual time=0.007..0.065 rows=1000 loops=1)
 Planning time: 0.261 ms
 Execution time: 0.276 ms
(7 rows)

===== 289 [Wed Mar  7 01:55:38 CET 2018] scale:1000 groups:1000 work_mem:8MB incremental:on max_workers:2 =====
SELECT * FROM s_1 ORDER BY a, b
                                                   QUERY PLAN                                                    
-----------------------------------------------------------------------------------------------------------------
 Limit  (cost=79.33..79.33 rows=1 width=20) (actual time=0.320..0.320 rows=0 loops=1)
   ->  Sort  (cost=66.83..69.33 rows=1000 width=20) (actual time=0.265..0.297 rows=1000 loops=1)
         Sort Key: s_1.a, s_1.b
         Sort Method: quicksort  Memory: 103kB
         ->  Seq Scan on s_1  (cost=0.00..17.00 rows=1000 width=20) (actual time=0.004..0.059 rows=1000 loops=1)
 Planning time: 0.264 ms
 Execution time: 0.352 ms
(7 rows)

===== 290 [Wed Mar  7 01:55:39 CET 2018] scale:1000 groups:1000 work_mem:8MB incremental:on max_workers:2 =====
SELECT * FROM s_2 ORDER BY a, b, c
                                                   QUERY PLAN                                                    
-----------------------------------------------------------------------------------------------------------------
 Limit  (cost=79.33..79.33 rows=1 width=20) (actual time=0.249..0.249 rows=0 loops=1)
   ->  Sort  (cost=66.83..69.33 rows=1000 width=20) (actual time=0.194..0.226 rows=1000 loops=1)
         Sort Key: s_2.a, s_2.b, s_2.c
         Sort Method: quicksort  Memory: 103kB
         ->  Seq Scan on s_2  (cost=0.00..17.00 rows=1000 width=20) (actual time=0.007..0.065 rows=1000 loops=1)
 Planning time: 0.278 ms
 Execution time: 0.268 ms
(7 rows)

===== 291 [Wed Mar  7 01:55:39 CET 2018] scale:1000 groups:1000 work_mem:8MB incremental:on max_workers:2 =====
SELECT * FROM s_3 ORDER BY a, b, c, d
                                                   QUERY PLAN                                                    
-----------------------------------------------------------------------------------------------------------------
 Limit  (cost=79.33..79.33 rows=1 width=20) (actual time=0.251..0.251 rows=0 loops=1)
   ->  Sort  (cost=66.83..69.33 rows=1000 width=20) (actual time=0.197..0.228 rows=1000 loops=1)
         Sort Key: s_3.a, s_3.b, s_3.c, s_3.d
         Sort Method: quicksort  Memory: 103kB
         ->  Seq Scan on s_3  (cost=0.00..17.00 rows=1000 width=20) (actual time=0.004..0.057 rows=1000 loops=1)
 Planning time: 0.273 ms
 Execution time: 0.271 ms
(7 rows)

===== 292 [Wed Mar  7 01:55:39 CET 2018] scale:1000 groups:1000 work_mem:8MB incremental:on max_workers:2 =====
SELECT * FROM s_4 ORDER BY a, b, c, d, e
                                                   QUERY PLAN                                                    
-----------------------------------------------------------------------------------------------------------------
 Limit  (cost=79.33..79.33 rows=1 width=20) (actual time=0.251..0.251 rows=0 loops=1)
   ->  Sort  (cost=66.83..69.33 rows=1000 width=20) (actual time=0.196..0.228 rows=1000 loops=1)
         Sort Key: s_4.a, s_4.b, s_4.c, s_4.d, s_4.e
         Sort Method: quicksort  Memory: 103kB
         ->  Seq Scan on s_4  (cost=0.00..17.00 rows=1000 width=20) (actual time=0.007..0.065 rows=1000 loops=1)
 Planning time: 0.274 ms
 Execution time: 0.269 ms
(7 rows)

===== 293 [Wed Mar  7 01:55:39 CET 2018] scale:1000 groups:1000 work_mem:8MB incremental:off max_workers:2 =====
SELECT * FROM s_1 ORDER BY a, b
                                                   QUERY PLAN                                                    
-----------------------------------------------------------------------------------------------------------------
 Limit  (cost=79.33..79.33 rows=1 width=20) (actual time=0.321..0.321 rows=0 loops=1)
   ->  Sort  (cost=66.83..69.33 rows=1000 width=20) (actual time=0.267..0.299 rows=1000 loops=1)
         Sort Key: s_1.a, s_1.b
         Sort Method: quicksort  Memory: 103kB
         ->  Seq Scan on s_1  (cost=0.00..17.00 rows=1000 width=20) (actual time=0.004..0.060 rows=1000 loops=1)
 Planning time: 0.252 ms
 Execution time: 0.350 ms
(7 rows)

===== 294 [Wed Mar  7 01:55:39 CET 2018] scale:1000 groups:1000 work_mem:8MB incremental:off max_workers:2 =====
SELECT * FROM s_2 ORDER BY a, b, c
                                                   QUERY PLAN                                                    
-----------------------------------------------------------------------------------------------------------------
 Limit  (cost=79.33..79.33 rows=1 width=20) (actual time=0.260..0.260 rows=0 loops=1)
   ->  Sort  (cost=66.83..69.33 rows=1000 width=20) (actual time=0.198..0.238 rows=1000 loops=1)
         Sort Key: s_2.a, s_2.b, s_2.c
         Sort Method: quicksort  Memory: 103kB
         ->  Seq Scan on s_2  (cost=0.00..17.00 rows=1000 width=20) (actual time=0.006..0.064 rows=1000 loops=1)
 Planning time: 0.259 ms
 Execution time: 0.279 ms
(7 rows)

===== 295 [Wed Mar  7 01:55:39 CET 2018] scale:1000 groups:1000 work_mem:8MB incremental:off max_workers:2 =====
SELECT * FROM s_3 ORDER BY a, b, c, d
                                                   QUERY PLAN                                                    
-----------------------------------------------------------------------------------------------------------------
 Limit  (cost=79.33..79.33 rows=1 width=20) (actual time=0.256..0.256 rows=0 loops=1)
   ->  Sort  (cost=66.83..69.33 rows=1000 width=20) (actual time=0.202..0.234 rows=1000 loops=1)
         Sort Key: s_3.a, s_3.b, s_3.c, s_3.d
         Sort Method: quicksort  Memory: 103kB
         ->  Seq Scan on s_3  (cost=0.00..17.00 rows=1000 width=20) (actual time=0.004..0.057 rows=1000 loops=1)
 Planning time: 0.263 ms
 Execution time: 0.276 ms
(7 rows)

===== 296 [Wed Mar  7 01:55:39 CET 2018] scale:1000 groups:1000 work_mem:8MB incremental:off max_workers:2 =====
SELECT * FROM s_4 ORDER BY a, b, c, d, e
                                                   QUERY PLAN                                                    
-----------------------------------------------------------------------------------------------------------------
 Limit  (cost=79.33..79.33 rows=1 width=20) (actual time=0.251..0.251 rows=0 loops=1)
   ->  Sort  (cost=66.83..69.33 rows=1000 width=20) (actual time=0.197..0.228 rows=1000 loops=1)
         Sort Key: s_4.a, s_4.b, s_4.c, s_4.d, s_4.e
         Sort Method: quicksort  Memory: 103kB
         ->  Seq Scan on s_4  (cost=0.00..17.00 rows=1000 width=20) (actual time=0.007..0.065 rows=1000 loops=1)
 Planning time: 0.260 ms
 Execution time: 0.270 ms
(7 rows)

===== 297 [Wed Mar  7 01:55:39 CET 2018] scale:1000 groups:1000 work_mem:16MB incremental:on max_workers:2 =====
SELECT * FROM s_1 ORDER BY a, b
                                                   QUERY PLAN                                                    
-----------------------------------------------------------------------------------------------------------------
 Limit  (cost=79.33..79.33 rows=1 width=20) (actual time=0.322..0.322 rows=0 loops=1)
   ->  Sort  (cost=66.83..69.33 rows=1000 width=20) (actual time=0.268..0.300 rows=1000 loops=1)
         Sort Key: s_1.a, s_1.b
         Sort Method: quicksort  Memory: 103kB
         ->  Seq Scan on s_1  (cost=0.00..17.00 rows=1000 width=20) (actual time=0.004..0.059 rows=1000 loops=1)
 Planning time: 0.264 ms
 Execution time: 0.351 ms
(7 rows)

===== 298 [Wed Mar  7 01:55:39 CET 2018] scale:1000 groups:1000 work_mem:16MB incremental:on max_workers:2 =====
SELECT * FROM s_2 ORDER BY a, b, c
                                                   QUERY PLAN                                                    
-----------------------------------------------------------------------------------------------------------------
 Limit  (cost=79.33..79.33 rows=1 width=20) (actual time=0.259..0.259 rows=0 loops=1)
   ->  Sort  (cost=66.83..69.33 rows=1000 width=20) (actual time=0.204..0.236 rows=1000 loops=1)
         Sort Key: s_2.a, s_2.b, s_2.c
         Sort Method: quicksort  Memory: 103kB
         ->  Seq Scan on s_2  (cost=0.00..17.00 rows=1000 width=20) (actual time=0.007..0.068 rows=1000 loops=1)
 Planning time: 0.274 ms
 Execution time: 0.279 ms
(7 rows)

===== 299 [Wed Mar  7 01:55:39 CET 2018] scale:1000 groups:1000 work_mem:16MB incremental:on max_workers:2 =====
SELECT * FROM s_3 ORDER BY a, b, c, d
                                                   QUERY PLAN                                                    
-----------------------------------------------------------------------------------------------------------------
 Limit  (cost=79.33..79.33 rows=1 width=20) (actual time=0.247..0.247 rows=0 loops=1)
   ->  Sort  (cost=66.83..69.33 rows=1000 width=20) (actual time=0.191..0.224 rows=1000 loops=1)
         Sort Key: s_3.a, s_3.b, s_3.c, s_3.d
         Sort Method: quicksort  Memory: 103kB
         ->  Seq Scan on s_3  (cost=0.00..17.00 rows=1000 width=20) (actual time=0.004..0.057 rows=1000 loops=1)
 Planning time: 0.275 ms
 Execution time: 0.267 ms
(7 rows)

===== 300 [Wed Mar  7 01:55:39 CET 2018] scale:1000 groups:1000 work_mem:16MB incremental:on max_workers:2 =====
SELECT * FROM s_4 ORDER BY a, b, c, d, e
                                                   QUERY PLAN                                                    
-----------------------------------------------------------------------------------------------------------------
 Limit  (cost=79.33..79.33 rows=1 width=20) (actual time=0.252..0.252 rows=0 loops=1)
   ->  Sort  (cost=66.83..69.33 rows=1000 width=20) (actual time=0.198..0.230 rows=1000 loops=1)
         Sort Key: s_4.a, s_4.b, s_4.c, s_4.d, s_4.e
         Sort Method: quicksort  Memory: 103kB
         ->  Seq Scan on s_4  (cost=0.00..17.00 rows=1000 width=20) (actual time=0.007..0.065 rows=1000 loops=1)
 Planning time: 0.273 ms
 Execution time: 0.277 ms
(7 rows)

===== 301 [Wed Mar  7 01:55:39 CET 2018] scale:1000 groups:1000 work_mem:16MB incremental:off max_workers:2 =====
SELECT * FROM s_1 ORDER BY a, b
                                                   QUERY PLAN                                                    
-----------------------------------------------------------------------------------------------------------------
 Limit  (cost=79.33..79.33 rows=1 width=20) (actual time=0.318..0.318 rows=0 loops=1)
   ->  Sort  (cost=66.83..69.33 rows=1000 width=20) (actual time=0.263..0.295 rows=1000 loops=1)
         Sort Key: s_1.a, s_1.b
         Sort Method: quicksort  Memory: 103kB
         ->  Seq Scan on s_1  (cost=0.00..17.00 rows=1000 width=20) (actual time=0.004..0.060 rows=1000 loops=1)
 Planning time: 0.255 ms
 Execution time: 0.346 ms
(7 rows)

===== 302 [Wed Mar  7 01:55:39 CET 2018] scale:1000 groups:1000 work_mem:16MB incremental:off max_workers:2 =====
SELECT * FROM s_2 ORDER BY a, b, c
                                                   QUERY PLAN                                                    
-----------------------------------------------------------------------------------------------------------------
 Limit  (cost=79.33..79.33 rows=1 width=20) (actual time=0.251..0.251 rows=0 loops=1)
   ->  Sort  (cost=66.83..69.33 rows=1000 width=20) (actual time=0.197..0.229 rows=1000 loops=1)
         Sort Key: s_2.a, s_2.b, s_2.c
         Sort Method: quicksort  Memory: 103kB
         ->  Seq Scan on s_2  (cost=0.00..17.00 rows=1000 width=20) (actual time=0.006..0.064 rows=1000 loops=1)
 Planning time: 0.256 ms
 Execution time: 0.272 ms
(7 rows)

===== 303 [Wed Mar  7 01:55:39 CET 2018] scale:1000 groups:1000 work_mem:16MB incremental:off max_workers:2 =====
SELECT * FROM s_3 ORDER BY a, b, c, d
                                                   QUERY PLAN                                                    
-----------------------------------------------------------------------------------------------------------------
 Limit  (cost=79.33..79.33 rows=1 width=20) (actual time=0.246..0.246 rows=0 loops=1)
   ->  Sort  (cost=66.83..69.33 rows=1000 width=20) (actual time=0.192..0.223 rows=1000 loops=1)
         Sort Key: s_3.a, s_3.b, s_3.c, s_3.d
         Sort Method: quicksort  Memory: 103kB
         ->  Seq Scan on s_3  (cost=0.00..17.00 rows=1000 width=20) (actual time=0.004..0.057 rows=1000 loops=1)
 Planning time: 0.266 ms
 Execution time: 0.266 ms
(7 rows)

===== 304 [Wed Mar  7 01:55:40 CET 2018] scale:1000 groups:1000 work_mem:16MB incremental:off max_workers:2 =====
SELECT * FROM s_4 ORDER BY a, b, c, d, e
                                                   QUERY PLAN                                                    
-----------------------------------------------------------------------------------------------------------------
 Limit  (cost=79.33..79.33 rows=1 width=20) (actual time=0.259..0.259 rows=0 loops=1)
   ->  Sort  (cost=66.83..69.33 rows=1000 width=20) (actual time=0.205..0.237 rows=1000 loops=1)
         Sort Key: s_4.a, s_4.b, s_4.c, s_4.d, s_4.e
         Sort Method: quicksort  Memory: 103kB
         ->  Seq Scan on s_4  (cost=0.00..17.00 rows=1000 width=20) (actual time=0.007..0.066 rows=1000 loops=1)
 Planning time: 0.264 ms
 Execution time: 0.278 ms
(7 rows)

===== 305 [Wed Mar  7 01:55:40 CET 2018] scale:1000 groups:1000 work_mem:32MB incremental:on max_workers:2 =====
SELECT * FROM s_1 ORDER BY a, b
                                                   QUERY PLAN                                                    
-----------------------------------------------------------------------------------------------------------------
 Limit  (cost=79.33..79.33 rows=1 width=20) (actual time=0.319..0.319 rows=0 loops=1)
   ->  Sort  (cost=66.83..69.33 rows=1000 width=20) (actual time=0.265..0.297 rows=1000 loops=1)
         Sort Key: s_1.a, s_1.b
         Sort Method: quicksort  Memory: 103kB
         ->  Seq Scan on s_1  (cost=0.00..17.00 rows=1000 width=20) (actual time=0.004..0.060 rows=1000 loops=1)
 Planning time: 0.257 ms
 Execution time: 0.351 ms
(7 rows)

===== 306 [Wed Mar  7 01:55:40 CET 2018] scale:1000 groups:1000 work_mem:32MB incremental:on max_workers:2 =====
SELECT * FROM s_2 ORDER BY a, b, c
                                                   QUERY PLAN                                                    
-----------------------------------------------------------------------------------------------------------------
 Limit  (cost=79.33..79.33 rows=1 width=20) (actual time=0.251..0.251 rows=0 loops=1)
   ->  Sort  (cost=66.83..69.33 rows=1000 width=20) (actual time=0.197..0.228 rows=1000 loops=1)
         Sort Key: s_2.a, s_2.b, s_2.c
         Sort Method: quicksort  Memory: 103kB
         ->  Seq Scan on s_2  (cost=0.00..17.00 rows=1000 width=20) (actual time=0.007..0.065 rows=1000 loops=1)
 Planning time: 0.268 ms
 Execution time: 0.270 ms
(7 rows)

===== 307 [Wed Mar  7 01:55:40 CET 2018] scale:1000 groups:1000 work_mem:32MB incremental:on max_workers:2 =====
SELECT * FROM s_3 ORDER BY a, b, c, d
                                                   QUERY PLAN                                                    
-----------------------------------------------------------------------------------------------------------------
 Limit  (cost=79.33..79.33 rows=1 width=20) (actual time=0.247..0.247 rows=0 loops=1)
   ->  Sort  (cost=66.83..69.33 rows=1000 width=20) (actual time=0.192..0.224 rows=1000 loops=1)
         Sort Key: s_3.a, s_3.b, s_3.c, s_3.d
         Sort Method: quicksort  Memory: 103kB
         ->  Seq Scan on s_3  (cost=0.00..17.00 rows=1000 width=20) (actual time=0.004..0.057 rows=1000 loops=1)
 Planning time: 0.272 ms
 Execution time: 0.273 ms
(7 rows)

===== 308 [Wed Mar  7 01:55:40 CET 2018] scale:1000 groups:1000 work_mem:32MB incremental:on max_workers:2 =====
SELECT * FROM s_4 ORDER BY a, b, c, d, e
                                                   QUERY PLAN                                                    
-----------------------------------------------------------------------------------------------------------------
 Limit  (cost=79.33..79.33 rows=1 width=20) (actual time=0.252..0.252 rows=0 loops=1)
   ->  Sort  (cost=66.83..69.33 rows=1000 width=20) (actual time=0.198..0.230 rows=1000 loops=1)
         Sort Key: s_4.a, s_4.b, s_4.c, s_4.d, s_4.e
         Sort Method: quicksort  Memory: 103kB
         ->  Seq Scan on s_4  (cost=0.00..17.00 rows=1000 width=20) (actual time=0.007..0.065 rows=1000 loops=1)
 Planning time: 0.271 ms
 Execution time: 0.271 ms
(7 rows)

===== 309 [Wed Mar  7 01:55:40 CET 2018] scale:1000 groups:1000 work_mem:32MB incremental:off max_workers:2 =====
SELECT * FROM s_1 ORDER BY a, b
                                                   QUERY PLAN                                                    
-----------------------------------------------------------------------------------------------------------------
 Limit  (cost=79.33..79.33 rows=1 width=20) (actual time=0.318..0.318 rows=0 loops=1)
   ->  Sort  (cost=66.83..69.33 rows=1000 width=20) (actual time=0.263..0.295 rows=1000 loops=1)
         Sort Key: s_1.a, s_1.b
         Sort Method: quicksort  Memory: 103kB
         ->  Seq Scan on s_1  (cost=0.00..17.00 rows=1000 width=20) (actual time=0.004..0.060 rows=1000 loops=1)
 Planning time: 0.255 ms
 Execution time: 0.347 ms
(7 rows)

===== 310 [Wed Mar  7 01:55:40 CET 2018] scale:1000 groups:1000 work_mem:32MB incremental:off max_workers:2 =====
SELECT * FROM s_2 ORDER BY a, b, c
                                                   QUERY PLAN                                                    
-----------------------------------------------------------------------------------------------------------------
 Limit  (cost=79.33..79.33 rows=1 width=20) (actual time=0.251..0.251 rows=0 loops=1)
   ->  Sort  (cost=66.83..69.33 rows=1000 width=20) (actual time=0.197..0.229 rows=1000 loops=1)
         Sort Key: s_2.a, s_2.b, s_2.c
         Sort Method: quicksort  Memory: 103kB
         ->  Seq Scan on s_2  (cost=0.00..17.00 rows=1000 width=20) (actual time=0.007..0.065 rows=1000 loops=1)
 Planning time: 0.271 ms
 Execution time: 0.270 ms
(7 rows)

===== 311 [Wed Mar  7 01:55:40 CET 2018] scale:1000 groups:1000 work_mem:32MB incremental:off max_workers:2 =====
SELECT * FROM s_3 ORDER BY a, b, c, d
                                                   QUERY PLAN                                                    
-----------------------------------------------------------------------------------------------------------------
 Limit  (cost=79.33..79.33 rows=1 width=20) (actual time=0.248..0.248 rows=0 loops=1)
   ->  Sort  (cost=66.83..69.33 rows=1000 width=20) (actual time=0.194..0.226 rows=1000 loops=1)
         Sort Key: s_3.a, s_3.b, s_3.c, s_3.d
         Sort Method: quicksort  Memory: 103kB
         ->  Seq Scan on s_3  (cost=0.00..17.00 rows=1000 width=20) (actual time=0.004..0.057 rows=1000 loops=1)
 Planning time: 0.261 ms
 Execution time: 0.267 ms
(7 rows)

===== 312 [Wed Mar  7 01:55:40 CET 2018] scale:1000 groups:1000 work_mem:32MB incremental:off max_workers:2 =====
SELECT * FROM s_4 ORDER BY a, b, c, d, e
                                                   QUERY PLAN                                                    
-----------------------------------------------------------------------------------------------------------------
 Limit  (cost=79.33..79.33 rows=1 width=20) (actual time=0.265..0.265 rows=0 loops=1)
   ->  Sort  (cost=66.83..69.33 rows=1000 width=20) (actual time=0.211..0.242 rows=1000 loops=1)
         Sort Key: s_4.a, s_4.b, s_4.c, s_4.d, s_4.e
         Sort Method: quicksort  Memory: 103kB
         ->  Seq Scan on s_4  (cost=0.00..17.00 rows=1000 width=20) (actual time=0.007..0.065 rows=1000 loops=1)
 Planning time: 0.261 ms
 Execution time: 0.283 ms
(7 rows)

===== 313 [Wed Mar  7 01:55:40 CET 2018] scale:1000 groups:1000 work_mem:64MB incremental:on max_workers:2 =====
SELECT * FROM s_1 ORDER BY a, b
                                                   QUERY PLAN                                                    
-----------------------------------------------------------------------------------------------------------------
 Limit  (cost=79.33..79.33 rows=1 width=20) (actual time=0.318..0.318 rows=0 loops=1)
   ->  Sort  (cost=66.83..69.33 rows=1000 width=20) (actual time=0.263..0.295 rows=1000 loops=1)
         Sort Key: s_1.a, s_1.b
         Sort Method: quicksort  Memory: 103kB
         ->  Seq Scan on s_1  (cost=0.00..17.00 rows=1000 width=20) (actual time=0.004..0.060 rows=1000 loops=1)
 Planning time: 0.268 ms
 Execution time: 0.347 ms
(7 rows)

===== 314 [Wed Mar  7 01:55:40 CET 2018] scale:1000 groups:1000 work_mem:64MB incremental:on max_workers:2 =====
SELECT * FROM s_2 ORDER BY a, b, c
                                                   QUERY PLAN                                                    
-----------------------------------------------------------------------------------------------------------------
 Limit  (cost=79.33..79.33 rows=1 width=20) (actual time=0.251..0.251 rows=0 loops=1)
   ->  Sort  (cost=66.83..69.33 rows=1000 width=20) (actual time=0.196..0.228 rows=1000 loops=1)
         Sort Key: s_2.a, s_2.b, s_2.c
         Sort Method: quicksort  Memory: 103kB
         ->  Seq Scan on s_2  (cost=0.00..17.00 rows=1000 width=20) (actual time=0.007..0.064 rows=1000 loops=1)
 Planning time: 0.267 ms
 Execution time: 0.271 ms
(7 rows)

===== 315 [Wed Mar  7 01:55:40 CET 2018] scale:1000 groups:1000 work_mem:64MB incremental:on max_workers:2 =====
SELECT * FROM s_3 ORDER BY a, b, c, d
                                                   QUERY PLAN                                                    
-----------------------------------------------------------------------------------------------------------------
 Limit  (cost=79.33..79.33 rows=1 width=20) (actual time=0.252..0.252 rows=0 loops=1)
   ->  Sort  (cost=66.83..69.33 rows=1000 width=20) (actual time=0.196..0.230 rows=1000 loops=1)
         Sort Key: s_3.a, s_3.b, s_3.c, s_3.d
         Sort Method: quicksort  Memory: 103kB
         ->  Seq Scan on s_3  (cost=0.00..17.00 rows=1000 width=20) (actual time=0.004..0.057 rows=1000 loops=1)
 Planning time: 0.273 ms
 Execution time: 0.271 ms
(7 rows)

===== 316 [Wed Mar  7 01:55:40 CET 2018] scale:1000 groups:1000 work_mem:64MB incremental:on max_workers:2 =====
SELECT * FROM s_4 ORDER BY a, b, c, d, e
                                                   QUERY PLAN                                                    
-----------------------------------------------------------------------------------------------------------------
 Limit  (cost=79.33..79.33 rows=1 width=20) (actual time=0.262..0.262 rows=0 loops=1)
   ->  Sort  (cost=66.83..69.33 rows=1000 width=20) (actual time=0.208..0.239 rows=1000 loops=1)
         Sort Key: s_4.a, s_4.b, s_4.c, s_4.d, s_4.e
         Sort Method: quicksort  Memory: 103kB
         ->  Seq Scan on s_4  (cost=0.00..17.00 rows=1000 width=20) (actual time=0.007..0.066 rows=1000 loops=1)
 Planning time: 0.274 ms
 Execution time: 0.281 ms
(7 rows)

===== 317 [Wed Mar  7 01:55:40 CET 2018] scale:1000 groups:1000 work_mem:64MB incremental:off max_workers:2 =====
SELECT * FROM s_1 ORDER BY a, b
                                                   QUERY PLAN                                                    
-----------------------------------------------------------------------------------------------------------------
 Limit  (cost=79.33..79.33 rows=1 width=20) (actual time=0.322..0.322 rows=0 loops=1)
   ->  Sort  (cost=66.83..69.33 rows=1000 width=20) (actual time=0.268..0.299 rows=1000 loops=1)
         Sort Key: s_1.a, s_1.b
         Sort Method: quicksort  Memory: 103kB
         ->  Seq Scan on s_1  (cost=0.00..17.00 rows=1000 width=20) (actual time=0.004..0.064 rows=1000 loops=1)
 Planning time: 0.252 ms
 Execution time: 0.351 ms
(7 rows)

===== 318 [Wed Mar  7 01:55:41 CET 2018] scale:1000 groups:1000 work_mem:64MB incremental:off max_workers:2 =====
SELECT * FROM s_2 ORDER BY a, b, c
                                                   QUERY PLAN                                                    
-----------------------------------------------------------------------------------------------------------------
 Limit  (cost=79.33..79.33 rows=1 width=20) (actual time=0.252..0.252 rows=0 loops=1)
   ->  Sort  (cost=66.83..69.33 rows=1000 width=20) (actual time=0.198..0.229 rows=1000 loops=1)
         Sort Key: s_2.a, s_2.b, s_2.c
         Sort Method: quicksort  Memory: 103kB
         ->  Seq Scan on s_2  (cost=0.00..17.00 rows=1000 width=20) (actual time=0.007..0.064 rows=1000 loops=1)
 Planning time: 0.267 ms
 Execution time: 0.271 ms
(7 rows)

===== 319 [Wed Mar  7 01:55:41 CET 2018] scale:1000 groups:1000 work_mem:64MB incremental:off max_workers:2 =====
SELECT * FROM s_3 ORDER BY a, b, c, d
                                                   QUERY PLAN                                                    
-----------------------------------------------------------------------------------------------------------------
 Limit  (cost=79.33..79.33 rows=1 width=20) (actual time=0.251..0.251 rows=0 loops=1)
   ->  Sort  (cost=66.83..69.33 rows=1000 width=20) (actual time=0.197..0.228 rows=1000 loops=1)
         Sort Key: s_3.a, s_3.b, s_3.c, s_3.d
         Sort Method: quicksort  Memory: 103kB
         ->  Seq Scan on s_3  (cost=0.00..17.00 rows=1000 width=20) (actual time=0.004..0.057 rows=1000 loops=1)
 Planning time: 0.268 ms
 Execution time: 0.269 ms
(7 rows)

===== 320 [Wed Mar  7 01:55:41 CET 2018] scale:1000 groups:1000 work_mem:64MB incremental:off max_workers:2 =====
SELECT * FROM s_4 ORDER BY a, b, c, d, e
                                                   QUERY PLAN                                                    
-----------------------------------------------------------------------------------------------------------------
 Limit  (cost=79.33..79.33 rows=1 width=20) (actual time=0.258..0.258 rows=0 loops=1)
   ->  Sort  (cost=66.83..69.33 rows=1000 width=20) (actual time=0.199..0.235 rows=1000 loops=1)
         Sort Key: s_4.a, s_4.b, s_4.c, s_4.d, s_4.e
         Sort Method: quicksort  Memory: 103kB
         ->  Seq Scan on s_4  (cost=0.00..17.00 rows=1000 width=20) (actual time=0.007..0.065 rows=1000 loops=1)
 Planning time: 0.264 ms
 Execution time: 0.277 ms
(7 rows)

===== 321 [Wed Mar  7 01:55:41 CET 2018] scale:1000 groups:1000 work_mem:128MB incremental:on max_workers:2 =====
SELECT * FROM s_1 ORDER BY a, b
                                                   QUERY PLAN                                                    
-----------------------------------------------------------------------------------------------------------------
 Limit  (cost=79.33..79.33 rows=1 width=20) (actual time=0.319..0.319 rows=0 loops=1)
   ->  Sort  (cost=66.83..69.33 rows=1000 width=20) (actual time=0.264..0.296 rows=1000 loops=1)
         Sort Key: s_1.a, s_1.b
         Sort Method: quicksort  Memory: 103kB
         ->  Seq Scan on s_1  (cost=0.00..17.00 rows=1000 width=20) (actual time=0.004..0.060 rows=1000 loops=1)
 Planning time: 0.259 ms
 Execution time: 0.351 ms
(7 rows)

===== 322 [Wed Mar  7 01:55:41 CET 2018] scale:1000 groups:1000 work_mem:128MB incremental:on max_workers:2 =====
SELECT * FROM s_2 ORDER BY a, b, c
                                                   QUERY PLAN                                                    
-----------------------------------------------------------------------------------------------------------------
 Limit  (cost=79.33..79.33 rows=1 width=20) (actual time=0.250..0.250 rows=0 loops=1)
   ->  Sort  (cost=66.83..69.33 rows=1000 width=20) (actual time=0.195..0.227 rows=1000 loops=1)
         Sort Key: s_2.a, s_2.b, s_2.c
         Sort Method: quicksort  Memory: 103kB
         ->  Seq Scan on s_2  (cost=0.00..17.00 rows=1000 width=20) (actual time=0.007..0.065 rows=1000 loops=1)
 Planning time: 0.269 ms
 Execution time: 0.268 ms
(7 rows)

===== 323 [Wed Mar  7 01:55:41 CET 2018] scale:1000 groups:1000 work_mem:128MB incremental:on max_workers:2 =====
SELECT * FROM s_3 ORDER BY a, b, c, d
                                                   QUERY PLAN                                                    
-----------------------------------------------------------------------------------------------------------------
 Limit  (cost=79.33..79.33 rows=1 width=20) (actual time=0.249..0.249 rows=0 loops=1)
   ->  Sort  (cost=66.83..69.33 rows=1000 width=20) (actual time=0.195..0.226 rows=1000 loops=1)
         Sort Key: s_3.a, s_3.b, s_3.c, s_3.d
         Sort Method: quicksort  Memory: 103kB
         ->  Seq Scan on s_3  (cost=0.00..17.00 rows=1000 width=20) (actual time=0.004..0.057 rows=1000 loops=1)
 Planning time: 0.281 ms
 Execution time: 0.268 ms
(7 rows)

===== 324 [Wed Mar  7 01:55:41 CET 2018] scale:1000 groups:1000 work_mem:128MB incremental:on max_workers:2 =====
SELECT * FROM s_4 ORDER BY a, b, c, d, e
                                                   QUERY PLAN                                                    
-----------------------------------------------------------------------------------------------------------------
 Limit  (cost=79.33..79.33 rows=1 width=20) (actual time=0.251..0.251 rows=0 loops=1)
   ->  Sort  (cost=66.83..69.33 rows=1000 width=20) (actual time=0.196..0.229 rows=1000 loops=1)
         Sort Key: s_4.a, s_4.b, s_4.c, s_4.d, s_4.e
         Sort Method: quicksort  Memory: 103kB
         ->  Seq Scan on s_4  (cost=0.00..17.00 rows=1000 width=20) (actual time=0.007..0.065 rows=1000 loops=1)
 Planning time: 0.277 ms
 Execution time: 0.270 ms
(7 rows)

===== 325 [Wed Mar  7 01:55:41 CET 2018] scale:1000 groups:1000 work_mem:128MB incremental:off max_workers:2 =====
SELECT * FROM s_1 ORDER BY a, b
                                                   QUERY PLAN                                                    
-----------------------------------------------------------------------------------------------------------------
 Limit  (cost=79.33..79.33 rows=1 width=20) (actual time=0.320..0.320 rows=0 loops=1)
   ->  Sort  (cost=66.83..69.33 rows=1000 width=20) (actual time=0.266..0.298 rows=1000 loops=1)
         Sort Key: s_1.a, s_1.b
         Sort Method: quicksort  Memory: 103kB
         ->  Seq Scan on s_1  (cost=0.00..17.00 rows=1000 width=20) (actual time=0.004..0.065 rows=1000 loops=1)
 Planning time: 0.256 ms
 Execution time: 0.352 ms
(7 rows)

===== 326 [Wed Mar  7 01:55:41 CET 2018] scale:1000 groups:1000 work_mem:128MB incremental:off max_workers:2 =====
SELECT * FROM s_2 ORDER BY a, b, c
                                                   QUERY PLAN                                                    
-----------------------------------------------------------------------------------------------------------------
 Limit  (cost=79.33..79.33 rows=1 width=20) (actual time=0.252..0.252 rows=0 loops=1)
   ->  Sort  (cost=66.83..69.33 rows=1000 width=20) (actual time=0.198..0.230 rows=1000 loops=1)
         Sort Key: s_2.a, s_2.b, s_2.c
         Sort Method: quicksort  Memory: 103kB
         ->  Seq Scan on s_2  (cost=0.00..17.00 rows=1000 width=20) (actual time=0.007..0.064 rows=1000 loops=1)
 Planning time: 0.263 ms
 Execution time: 0.271 ms
(7 rows)

===== 327 [Wed Mar  7 01:55:41 CET 2018] scale:1000 groups:1000 work_mem:128MB incremental:off max_workers:2 =====
SELECT * FROM s_3 ORDER BY a, b, c, d
                                                   QUERY PLAN                                                    
-----------------------------------------------------------------------------------------------------------------
 Limit  (cost=79.33..79.33 rows=1 width=20) (actual time=0.247..0.247 rows=0 loops=1)
   ->  Sort  (cost=66.83..69.33 rows=1000 width=20) (actual time=0.193..0.224 rows=1000 loops=1)
         Sort Key: s_3.a, s_3.b, s_3.c, s_3.d
         Sort Method: quicksort  Memory: 103kB
         ->  Seq Scan on s_3  (cost=0.00..17.00 rows=1000 width=20) (actual time=0.004..0.056 rows=1000 loops=1)
 Planning time: 0.263 ms
 Execution time: 0.266 ms
(7 rows)

===== 328 [Wed Mar  7 01:55:41 CET 2018] scale:1000 groups:1000 work_mem:128MB incremental:off max_workers:2 =====
SELECT * FROM s_4 ORDER BY a, b, c, d, e
                                                   QUERY PLAN                                                    
-----------------------------------------------------------------------------------------------------------------
 Limit  (cost=79.33..79.33 rows=1 width=20) (actual time=0.253..0.253 rows=0 loops=1)
   ->  Sort  (cost=66.83..69.33 rows=1000 width=20) (actual time=0.199..0.230 rows=1000 loops=1)
         Sort Key: s_4.a, s_4.b, s_4.c, s_4.d, s_4.e
         Sort Method: quicksort  Memory: 103kB
         ->  Seq Scan on s_4  (cost=0.00..17.00 rows=1000 width=20) (actual time=0.007..0.065 rows=1000 loops=1)
 Planning time: 0.260 ms
 Execution time: 0.271 ms
(7 rows)

===== 329 [Wed Mar  7 01:55:41 CET 2018] scale:1000 groups:1000 work_mem:256MB incremental:on max_workers:2 =====
SELECT * FROM s_1 ORDER BY a, b
                                                   QUERY PLAN                                                    
-----------------------------------------------------------------------------------------------------------------
 Limit  (cost=79.33..79.33 rows=1 width=20) (actual time=0.325..0.325 rows=0 loops=1)
   ->  Sort  (cost=66.83..69.33 rows=1000 width=20) (actual time=0.270..0.302 rows=1000 loops=1)
         Sort Key: s_1.a, s_1.b
         Sort Method: quicksort  Memory: 103kB
         ->  Seq Scan on s_1  (cost=0.00..17.00 rows=1000 width=20) (actual time=0.004..0.059 rows=1000 loops=1)
 Planning time: 0.263 ms
 Execution time: 0.357 ms
(7 rows)

===== 330 [Wed Mar  7 01:55:41 CET 2018] scale:1000 groups:1000 work_mem:256MB incremental:on max_workers:2 =====
SELECT * FROM s_2 ORDER BY a, b, c
                                                   QUERY PLAN                                                    
-----------------------------------------------------------------------------------------------------------------
 Limit  (cost=79.33..79.33 rows=1 width=20) (actual time=0.250..0.250 rows=0 loops=1)
   ->  Sort  (cost=66.83..69.33 rows=1000 width=20) (actual time=0.196..0.228 rows=1000 loops=1)
         Sort Key: s_2.a, s_2.b, s_2.c
         Sort Method: quicksort  Memory: 103kB
         ->  Seq Scan on s_2  (cost=0.00..17.00 rows=1000 width=20) (actual time=0.007..0.065 rows=1000 loops=1)
 Planning time: 0.269 ms
 Execution time: 0.269 ms
(7 rows)

===== 331 [Wed Mar  7 01:55:41 CET 2018] scale:1000 groups:1000 work_mem:256MB incremental:on max_workers:2 =====
SELECT * FROM s_3 ORDER BY a, b, c, d
                                                   QUERY PLAN                                                    
-----------------------------------------------------------------------------------------------------------------
 Limit  (cost=79.33..79.33 rows=1 width=20) (actual time=0.247..0.247 rows=0 loops=1)
   ->  Sort  (cost=66.83..69.33 rows=1000 width=20) (actual time=0.193..0.225 rows=1000 loops=1)
         Sort Key: s_3.a, s_3.b, s_3.c, s_3.d
         Sort Method: quicksort  Memory: 103kB
         ->  Seq Scan on s_3  (cost=0.00..17.00 rows=1000 width=20) (actual time=0.004..0.057 rows=1000 loops=1)
 Planning time: 0.271 ms
 Execution time: 0.266 ms
(7 rows)

===== 332 [Wed Mar  7 01:55:41 CET 2018] scale:1000 groups:1000 work_mem:256MB incremental:on max_workers:2 =====
SELECT * FROM s_4 ORDER BY a, b, c, d, e
                                                   QUERY PLAN                                                    
-----------------------------------------------------------------------------------------------------------------
 Limit  (cost=79.33..79.33 rows=1 width=20) (actual time=0.252..0.252 rows=0 loops=1)
   ->  Sort  (cost=66.83..69.33 rows=1000 width=20) (actual time=0.197..0.230 rows=1000 loops=1)
         Sort Key: s_4.a, s_4.b, s_4.c, s_4.d, s_4.e
         Sort Method: quicksort  Memory: 103kB
         ->  Seq Scan on s_4  (cost=0.00..17.00 rows=1000 width=20) (actual time=0.007..0.065 rows=1000 loops=1)
 Planning time: 0.271 ms
 Execution time: 0.270 ms
(7 rows)

===== 333 [Wed Mar  7 01:55:42 CET 2018] scale:1000 groups:1000 work_mem:256MB incremental:off max_workers:2 =====
SELECT * FROM s_1 ORDER BY a, b
                                                   QUERY PLAN                                                    
-----------------------------------------------------------------------------------------------------------------
 Limit  (cost=79.33..79.33 rows=1 width=20) (actual time=0.317..0.317 rows=0 loops=1)
   ->  Sort  (cost=66.83..69.33 rows=1000 width=20) (actual time=0.263..0.295 rows=1000 loops=1)
         Sort Key: s_1.a, s_1.b
         Sort Method: quicksort  Memory: 103kB
         ->  Seq Scan on s_1  (cost=0.00..17.00 rows=1000 width=20) (actual time=0.004..0.060 rows=1000 loops=1)
 Planning time: 0.253 ms
 Execution time: 0.346 ms
(7 rows)

===== 334 [Wed Mar  7 01:55:42 CET 2018] scale:1000 groups:1000 work_mem:256MB incremental:off max_workers:2 =====
SELECT * FROM s_2 ORDER BY a, b, c
                                                   QUERY PLAN                                                    
-----------------------------------------------------------------------------------------------------------------
 Limit  (cost=79.33..79.33 rows=1 width=20) (actual time=0.259..0.259 rows=0 loops=1)
   ->  Sort  (cost=66.83..69.33 rows=1000 width=20) (actual time=0.198..0.236 rows=1000 loops=1)
         Sort Key: s_2.a, s_2.b, s_2.c
         Sort Method: quicksort  Memory: 103kB
         ->  Seq Scan on s_2  (cost=0.00..17.00 rows=1000 width=20) (actual time=0.007..0.064 rows=1000 loops=1)
 Planning time: 0.262 ms
 Execution time: 0.278 ms
(7 rows)

===== 335 [Wed Mar  7 01:55:42 CET 2018] scale:1000 groups:1000 work_mem:256MB incremental:off max_workers:2 =====
SELECT * FROM s_3 ORDER BY a, b, c, d
                                                   QUERY PLAN                                                    
-----------------------------------------------------------------------------------------------------------------
 Limit  (cost=79.33..79.33 rows=1 width=20) (actual time=0.248..0.248 rows=0 loops=1)
   ->  Sort  (cost=66.83..69.33 rows=1000 width=20) (actual time=0.194..0.225 rows=1000 loops=1)
         Sort Key: s_3.a, s_3.b, s_3.c, s_3.d
         Sort Method: quicksort  Memory: 103kB
         ->  Seq Scan on s_3  (cost=0.00..17.00 rows=1000 width=20) (actual time=0.004..0.057 rows=1000 loops=1)
 Planning time: 0.270 ms
 Execution time: 0.267 ms
(7 rows)

===== 336 [Wed Mar  7 01:55:42 CET 2018] scale:1000 groups:1000 work_mem:256MB incremental:off max_workers:2 =====
SELECT * FROM s_4 ORDER BY a, b, c, d, e
                                                   QUERY PLAN                                                    
-----------------------------------------------------------------------------------------------------------------
 Limit  (cost=79.33..79.33 rows=1 width=20) (actual time=0.253..0.253 rows=0 loops=1)
   ->  Sort  (cost=66.83..69.33 rows=1000 width=20) (actual time=0.199..0.231 rows=1000 loops=1)
         Sort Key: s_4.a, s_4.b, s_4.c, s_4.d, s_4.e
         Sort Method: quicksort  Memory: 103kB
         ->  Seq Scan on s_4  (cost=0.00..17.00 rows=1000 width=20) (actual time=0.007..0.065 rows=1000 loops=1)
 Planning time: 0.270 ms
 Execution time: 0.272 ms
(7 rows)

===== 337 [Wed Mar  7 01:55:42 CET 2018] scale:1000 groups:10000 work_mem:4MB incremental:on max_workers:0 =====
SELECT * FROM s_1 ORDER BY a, b
                                                   QUERY PLAN                                                    
-----------------------------------------------------------------------------------------------------------------
 Limit  (cost=79.33..79.33 rows=1 width=20) (actual time=0.299..0.299 rows=0 loops=1)
   ->  Sort  (cost=66.83..69.33 rows=1000 width=20) (actual time=0.245..0.276 rows=1000 loops=1)
         Sort Key: s_1.a, s_1.b
         Sort Method: quicksort  Memory: 103kB
         ->  Seq Scan on s_1  (cost=0.00..17.00 rows=1000 width=20) (actual time=0.004..0.063 rows=1000 loops=1)
 Planning time: 0.274 ms
 Execution time: 0.331 ms
(7 rows)

===== 338 [Wed Mar  7 01:55:43 CET 2018] scale:1000 groups:10000 work_mem:4MB incremental:on max_workers:0 =====
SELECT * FROM s_2 ORDER BY a, b, c
                                                   QUERY PLAN                                                    
-----------------------------------------------------------------------------------------------------------------
 Limit  (cost=79.33..79.33 rows=1 width=20) (actual time=0.250..0.250 rows=0 loops=1)
   ->  Sort  (cost=66.83..69.33 rows=1000 width=20) (actual time=0.196..0.227 rows=1000 loops=1)
         Sort Key: s_2.a, s_2.b, s_2.c
         Sort Method: quicksort  Memory: 103kB
         ->  Seq Scan on s_2  (cost=0.00..17.00 rows=1000 width=20) (actual time=0.007..0.069 rows=1000 loops=1)
 Planning time: 0.273 ms
 Execution time: 0.269 ms
(7 rows)

===== 339 [Wed Mar  7 01:55:43 CET 2018] scale:1000 groups:10000 work_mem:4MB incremental:on max_workers:0 =====
SELECT * FROM s_3 ORDER BY a, b, c, d
                                                   QUERY PLAN                                                    
-----------------------------------------------------------------------------------------------------------------
 Limit  (cost=79.33..79.33 rows=1 width=20) (actual time=0.246..0.246 rows=0 loops=1)
   ->  Sort  (cost=66.83..69.33 rows=1000 width=20) (actual time=0.192..0.223 rows=1000 loops=1)
         Sort Key: s_3.a, s_3.b, s_3.c, s_3.d
         Sort Method: quicksort  Memory: 103kB
         ->  Seq Scan on s_3  (cost=0.00..17.00 rows=1000 width=20) (actual time=0.004..0.060 rows=1000 loops=1)
 Planning time: 0.282 ms
 Execution time: 0.265 ms
(7 rows)

===== 340 [Wed Mar  7 01:55:43 CET 2018] scale:1000 groups:10000 work_mem:4MB incremental:on max_workers:0 =====
SELECT * FROM s_4 ORDER BY a, b, c, d, e
                                                   QUERY PLAN                                                    
-----------------------------------------------------------------------------------------------------------------
 Limit  (cost=79.33..79.33 rows=1 width=20) (actual time=0.251..0.251 rows=0 loops=1)
   ->  Sort  (cost=66.83..69.33 rows=1000 width=20) (actual time=0.196..0.228 rows=1000 loops=1)
         Sort Key: s_4.a, s_4.b, s_4.c, s_4.d, s_4.e
         Sort Method: quicksort  Memory: 103kB
         ->  Seq Scan on s_4  (cost=0.00..17.00 rows=1000 width=20) (actual time=0.007..0.064 rows=1000 loops=1)
 Planning time: 0.276 ms
 Execution time: 0.269 ms
(7 rows)

===== 341 [Wed Mar  7 01:55:43 CET 2018] scale:1000 groups:10000 work_mem:4MB incremental:off max_workers:0 =====
SELECT * FROM s_1 ORDER BY a, b
                                                   QUERY PLAN                                                    
-----------------------------------------------------------------------------------------------------------------
 Limit  (cost=79.33..79.33 rows=1 width=20) (actual time=0.300..0.300 rows=0 loops=1)
   ->  Sort  (cost=66.83..69.33 rows=1000 width=20) (actual time=0.246..0.277 rows=1000 loops=1)
         Sort Key: s_1.a, s_1.b
         Sort Method: quicksort  Memory: 103kB
         ->  Seq Scan on s_1  (cost=0.00..17.00 rows=1000 width=20) (actual time=0.004..0.063 rows=1000 loops=1)
 Planning time: 0.267 ms
 Execution time: 0.328 ms
(7 rows)

===== 342 [Wed Mar  7 01:55:43 CET 2018] scale:1000 groups:10000 work_mem:4MB incremental:off max_workers:0 =====
SELECT * FROM s_2 ORDER BY a, b, c
                                                   QUERY PLAN                                                    
-----------------------------------------------------------------------------------------------------------------
 Limit  (cost=79.33..79.33 rows=1 width=20) (actual time=0.250..0.250 rows=0 loops=1)
   ->  Sort  (cost=66.83..69.33 rows=1000 width=20) (actual time=0.196..0.227 rows=1000 loops=1)
         Sort Key: s_2.a, s_2.b, s_2.c
         Sort Method: quicksort  Memory: 103kB
         ->  Seq Scan on s_2  (cost=0.00..17.00 rows=1000 width=20) (actual time=0.007..0.067 rows=1000 loops=1)
 Planning time: 0.266 ms
 Execution time: 0.269 ms
(7 rows)

===== 343 [Wed Mar  7 01:55:43 CET 2018] scale:1000 groups:10000 work_mem:4MB incremental:off max_workers:0 =====
SELECT * FROM s_3 ORDER BY a, b, c, d
                                                   QUERY PLAN                                                    
-----------------------------------------------------------------------------------------------------------------
 Limit  (cost=79.33..79.33 rows=1 width=20) (actual time=0.253..0.253 rows=0 loops=1)
   ->  Sort  (cost=66.83..69.33 rows=1000 width=20) (actual time=0.199..0.231 rows=1000 loops=1)
         Sort Key: s_3.a, s_3.b, s_3.c, s_3.d
         Sort Method: quicksort  Memory: 103kB
         ->  Seq Scan on s_3  (cost=0.00..17.00 rows=1000 width=20) (actual time=0.004..0.060 rows=1000 loops=1)
 Planning time: 0.267 ms
 Execution time: 0.272 ms
(7 rows)

===== 344 [Wed Mar  7 01:55:43 CET 2018] scale:1000 groups:10000 work_mem:4MB incremental:off max_workers:0 =====
SELECT * FROM s_4 ORDER BY a, b, c, d, e
                                                   QUERY PLAN                                                    
-----------------------------------------------------------------------------------------------------------------
 Limit  (cost=79.33..79.33 rows=1 width=20) (actual time=0.250..0.250 rows=0 loops=1)
   ->  Sort  (cost=66.83..69.33 rows=1000 width=20) (actual time=0.196..0.228 rows=1000 loops=1)
         Sort Key: s_4.a, s_4.b, s_4.c, s_4.d, s_4.e
         Sort Method: quicksort  Memory: 103kB
         ->  Seq Scan on s_4  (cost=0.00..17.00 rows=1000 width=20) (actual time=0.007..0.068 rows=1000 loops=1)
 Planning time: 0.265 ms
 Execution time: 0.269 ms
(7 rows)

===== 345 [Wed Mar  7 01:55:43 CET 2018] scale:1000 groups:10000 work_mem:8MB incremental:on max_workers:0 =====
SELECT * FROM s_1 ORDER BY a, b
                                                   QUERY PLAN                                                    
-----------------------------------------------------------------------------------------------------------------
 Limit  (cost=79.33..79.33 rows=1 width=20) (actual time=0.300..0.300 rows=0 loops=1)
   ->  Sort  (cost=66.83..69.33 rows=1000 width=20) (actual time=0.246..0.277 rows=1000 loops=1)
         Sort Key: s_1.a, s_1.b
         Sort Method: quicksort  Memory: 103kB
         ->  Seq Scan on s_1  (cost=0.00..17.00 rows=1000 width=20) (actual time=0.004..0.063 rows=1000 loops=1)
 Planning time: 0.277 ms
 Execution time: 0.329 ms
(7 rows)

===== 346 [Wed Mar  7 01:55:43 CET 2018] scale:1000 groups:10000 work_mem:8MB incremental:on max_workers:0 =====
SELECT * FROM s_2 ORDER BY a, b, c
                                                   QUERY PLAN                                                    
-----------------------------------------------------------------------------------------------------------------
 Limit  (cost=79.33..79.33 rows=1 width=20) (actual time=0.261..0.261 rows=0 loops=1)
   ->  Sort  (cost=66.83..69.33 rows=1000 width=20) (actual time=0.206..0.238 rows=1000 loops=1)
         Sort Key: s_2.a, s_2.b, s_2.c
         Sort Method: quicksort  Memory: 103kB
         ->  Seq Scan on s_2  (cost=0.00..17.00 rows=1000 width=20) (actual time=0.007..0.068 rows=1000 loops=1)
 Planning time: 0.274 ms
 Execution time: 0.280 ms
(7 rows)

===== 347 [Wed Mar  7 01:55:43 CET 2018] scale:1000 groups:10000 work_mem:8MB incremental:on max_workers:0 =====
SELECT * FROM s_3 ORDER BY a, b, c, d
                                                   QUERY PLAN                                                    
-----------------------------------------------------------------------------------------------------------------
 Limit  (cost=79.33..79.33 rows=1 width=20) (actual time=0.246..0.246 rows=0 loops=1)
   ->  Sort  (cost=66.83..69.33 rows=1000 width=20) (actual time=0.189..0.223 rows=1000 loops=1)
         Sort Key: s_3.a, s_3.b, s_3.c, s_3.d
         Sort Method: quicksort  Memory: 103kB
         ->  Seq Scan on s_3  (cost=0.00..17.00 rows=1000 width=20) (actual time=0.004..0.060 rows=1000 loops=1)
 Planning time: 0.275 ms
 Execution time: 0.265 ms
(7 rows)

===== 348 [Wed Mar  7 01:55:43 CET 2018] scale:1000 groups:10000 work_mem:8MB incremental:on max_workers:0 =====
SELECT * FROM s_4 ORDER BY a, b, c, d, e
                                                   QUERY PLAN                                                    
-----------------------------------------------------------------------------------------------------------------
 Limit  (cost=79.33..79.33 rows=1 width=20) (actual time=0.244..0.244 rows=0 loops=1)
   ->  Sort  (cost=66.83..69.33 rows=1000 width=20) (actual time=0.190..0.222 rows=1000 loops=1)
         Sort Key: s_4.a, s_4.b, s_4.c, s_4.d, s_4.e
         Sort Method: quicksort  Memory: 103kB
         ->  Seq Scan on s_4  (cost=0.00..17.00 rows=1000 width=20) (actual time=0.007..0.063 rows=1000 loops=1)
 Planning time: 0.280 ms
 Execution time: 0.263 ms
(7 rows)

===== 349 [Wed Mar  7 01:55:43 CET 2018] scale:1000 groups:10000 work_mem:8MB incremental:off max_workers:0 =====
SELECT * FROM s_1 ORDER BY a, b
                                                   QUERY PLAN                                                    
-----------------------------------------------------------------------------------------------------------------
 Limit  (cost=79.33..79.33 rows=1 width=20) (actual time=0.302..0.302 rows=0 loops=1)
   ->  Sort  (cost=66.83..69.33 rows=1000 width=20) (actual time=0.247..0.279 rows=1000 loops=1)
         Sort Key: s_1.a, s_1.b
         Sort Method: quicksort  Memory: 103kB
         ->  Seq Scan on s_1  (cost=0.00..17.00 rows=1000 width=20) (actual time=0.004..0.063 rows=1000 loops=1)
 Planning time: 0.263 ms
 Execution time: 0.330 ms
(7 rows)

===== 350 [Wed Mar  7 01:55:43 CET 2018] scale:1000 groups:10000 work_mem:8MB incremental:off max_workers:0 =====
SELECT * FROM s_2 ORDER BY a, b, c
                                                   QUERY PLAN                                                    
-----------------------------------------------------------------------------------------------------------------
 Limit  (cost=79.33..79.33 rows=1 width=20) (actual time=0.249..0.249 rows=0 loops=1)
   ->  Sort  (cost=66.83..69.33 rows=1000 width=20) (actual time=0.195..0.227 rows=1000 loops=1)
         Sort Key: s_2.a, s_2.b, s_2.c
         Sort Method: quicksort  Memory: 103kB
         ->  Seq Scan on s_2  (cost=0.00..17.00 rows=1000 width=20) (actual time=0.007..0.067 rows=1000 loops=1)
 Planning time: 0.272 ms
 Execution time: 0.268 ms
(7 rows)

===== 351 [Wed Mar  7 01:55:43 CET 2018] scale:1000 groups:10000 work_mem:8MB incremental:off max_workers:0 =====
SELECT * FROM s_3 ORDER BY a, b, c, d
                                                   QUERY PLAN                                                    
-----------------------------------------------------------------------------------------------------------------
 Limit  (cost=79.33..79.33 rows=1 width=20) (actual time=0.254..0.254 rows=0 loops=1)
   ->  Sort  (cost=66.83..69.33 rows=1000 width=20) (actual time=0.200..0.232 rows=1000 loops=1)
         Sort Key: s_3.a, s_3.b, s_3.c, s_3.d
         Sort Method: quicksort  Memory: 103kB
         ->  Seq Scan on s_3  (cost=0.00..17.00 rows=1000 width=20) (actual time=0.004..0.068 rows=1000 loops=1)
 Planning time: 0.269 ms
 Execution time: 0.273 ms
(7 rows)

===== 352 [Wed Mar  7 01:55:44 CET 2018] scale:1000 groups:10000 work_mem:8MB incremental:off max_workers:0 =====
SELECT * FROM s_4 ORDER BY a, b, c, d, e
                                                   QUERY PLAN                                                    
-----------------------------------------------------------------------------------------------------------------
 Limit  (cost=79.33..79.33 rows=1 width=20) (actual time=0.244..0.244 rows=0 loops=1)
   ->  Sort  (cost=66.83..69.33 rows=1000 width=20) (actual time=0.190..0.221 rows=1000 loops=1)
         Sort Key: s_4.a, s_4.b, s_4.c, s_4.d, s_4.e
         Sort Method: quicksort  Memory: 103kB
         ->  Seq Scan on s_4  (cost=0.00..17.00 rows=1000 width=20) (actual time=0.007..0.062 rows=1000 loops=1)
 Planning time: 0.263 ms
 Execution time: 0.262 ms
(7 rows)

===== 353 [Wed Mar  7 01:55:44 CET 2018] scale:1000 groups:10000 work_mem:16MB incremental:on max_workers:0 =====
SELECT * FROM s_1 ORDER BY a, b
                                                   QUERY PLAN                                                    
-----------------------------------------------------------------------------------------------------------------
 Limit  (cost=79.33..79.33 rows=1 width=20) (actual time=0.291..0.291 rows=0 loops=1)
   ->  Sort  (cost=66.83..69.33 rows=1000 width=20) (actual time=0.236..0.268 rows=1000 loops=1)
         Sort Key: s_1.a, s_1.b
         Sort Method: quicksort  Memory: 103kB
         ->  Seq Scan on s_1  (cost=0.00..17.00 rows=1000 width=20) (actual time=0.004..0.063 rows=1000 loops=1)
 Planning time: 0.270 ms
 Execution time: 0.319 ms
(7 rows)

===== 354 [Wed Mar  7 01:55:44 CET 2018] scale:1000 groups:10000 work_mem:16MB incremental:on max_workers:0 =====
SELECT * FROM s_2 ORDER BY a, b, c
                                                   QUERY PLAN                                                    
-----------------------------------------------------------------------------------------------------------------
 Limit  (cost=79.33..79.33 rows=1 width=20) (actual time=0.260..0.260 rows=0 loops=1)
   ->  Sort  (cost=66.83..69.33 rows=1000 width=20) (actual time=0.205..0.238 rows=1000 loops=1)
         Sort Key: s_2.a, s_2.b, s_2.c
         Sort Method: quicksort  Memory: 103kB
         ->  Seq Scan on s_2  (cost=0.00..17.00 rows=1000 width=20) (actual time=0.007..0.068 rows=1000 loops=1)
 Planning time: 0.274 ms
 Execution time: 0.279 ms
(7 rows)

===== 355 [Wed Mar  7 01:55:44 CET 2018] scale:1000 groups:10000 work_mem:16MB incremental:on max_workers:0 =====
SELECT * FROM s_3 ORDER BY a, b, c, d
                                                   QUERY PLAN                                                    
-----------------------------------------------------------------------------------------------------------------
 Limit  (cost=79.33..79.33 rows=1 width=20) (actual time=0.246..0.246 rows=0 loops=1)
   ->  Sort  (cost=66.83..69.33 rows=1000 width=20) (actual time=0.190..0.223 rows=1000 loops=1)
         Sort Key: s_3.a, s_3.b, s_3.c, s_3.d
         Sort Method: quicksort  Memory: 103kB
         ->  Seq Scan on s_3  (cost=0.00..17.00 rows=1000 width=20) (actual time=0.004..0.060 rows=1000 loops=1)
 Planning time: 0.276 ms
 Execution time: 0.264 ms
(7 rows)

===== 356 [Wed Mar  7 01:55:44 CET 2018] scale:1000 groups:10000 work_mem:16MB incremental:on max_workers:0 =====
SELECT * FROM s_4 ORDER BY a, b, c, d, e
                                                   QUERY PLAN                                                    
-----------------------------------------------------------------------------------------------------------------
 Limit  (cost=79.33..79.33 rows=1 width=20) (actual time=0.246..0.246 rows=0 loops=1)
   ->  Sort  (cost=66.83..69.33 rows=1000 width=20) (actual time=0.191..0.224 rows=1000 loops=1)
         Sort Key: s_4.a, s_4.b, s_4.c, s_4.d, s_4.e
         Sort Method: quicksort  Memory: 103kB
         ->  Seq Scan on s_4  (cost=0.00..17.00 rows=1000 width=20) (actual time=0.007..0.063 rows=1000 loops=1)
 Planning time: 0.272 ms
 Execution time: 0.265 ms
(7 rows)

===== 357 [Wed Mar  7 01:55:44 CET 2018] scale:1000 groups:10000 work_mem:16MB incremental:off max_workers:0 =====
SELECT * FROM s_1 ORDER BY a, b
                                                   QUERY PLAN                                                    
-----------------------------------------------------------------------------------------------------------------
 Limit  (cost=79.33..79.33 rows=1 width=20) (actual time=0.293..0.293 rows=0 loops=1)
   ->  Sort  (cost=66.83..69.33 rows=1000 width=20) (actual time=0.239..0.271 rows=1000 loops=1)
         Sort Key: s_1.a, s_1.b
         Sort Method: quicksort  Memory: 103kB
         ->  Seq Scan on s_1  (cost=0.00..17.00 rows=1000 width=20) (actual time=0.004..0.063 rows=1000 loops=1)
 Planning time: 0.261 ms
 Execution time: 0.322 ms
(7 rows)

===== 358 [Wed Mar  7 01:55:44 CET 2018] scale:1000 groups:10000 work_mem:16MB incremental:off max_workers:0 =====
SELECT * FROM s_2 ORDER BY a, b, c
                                                   QUERY PLAN                                                    
-----------------------------------------------------------------------------------------------------------------
 Limit  (cost=79.33..79.33 rows=1 width=20) (actual time=0.252..0.252 rows=0 loops=1)
   ->  Sort  (cost=66.83..69.33 rows=1000 width=20) (actual time=0.198..0.230 rows=1000 loops=1)
         Sort Key: s_2.a, s_2.b, s_2.c
         Sort Method: quicksort  Memory: 103kB
         ->  Seq Scan on s_2  (cost=0.00..17.00 rows=1000 width=20) (actual time=0.007..0.068 rows=1000 loops=1)
 Planning time: 0.274 ms
 Execution time: 0.271 ms
(7 rows)

===== 359 [Wed Mar  7 01:55:44 CET 2018] scale:1000 groups:10000 work_mem:16MB incremental:off max_workers:0 =====
SELECT * FROM s_3 ORDER BY a, b, c, d
                                                   QUERY PLAN                                                    
-----------------------------------------------------------------------------------------------------------------
 Limit  (cost=79.33..79.33 rows=1 width=20) (actual time=0.255..0.255 rows=0 loops=1)
   ->  Sort  (cost=66.83..69.33 rows=1000 width=20) (actual time=0.201..0.233 rows=1000 loops=1)
         Sort Key: s_3.a, s_3.b, s_3.c, s_3.d
         Sort Method: quicksort  Memory: 103kB
         ->  Seq Scan on s_3  (cost=0.00..17.00 rows=1000 width=20) (actual time=0.004..0.060 rows=1000 loops=1)
 Planning time: 0.269 ms
 Execution time: 0.274 ms
(7 rows)

===== 360 [Wed Mar  7 01:55:44 CET 2018] scale:1000 groups:10000 work_mem:16MB incremental:off max_workers:0 =====
SELECT * FROM s_4 ORDER BY a, b, c, d, e
                                                   QUERY PLAN                                                    
-----------------------------------------------------------------------------------------------------------------
 Limit  (cost=79.33..79.33 rows=1 width=20) (actual time=0.251..0.251 rows=0 loops=1)
   ->  Sort  (cost=66.83..69.33 rows=1000 width=20) (actual time=0.197..0.228 rows=1000 loops=1)
         Sort Key: s_4.a, s_4.b, s_4.c, s_4.d, s_4.e
         Sort Method: quicksort  Memory: 103kB
         ->  Seq Scan on s_4  (cost=0.00..17.00 rows=1000 width=20) (actual time=0.007..0.063 rows=1000 loops=1)
 Planning time: 0.264 ms
 Execution time: 0.269 ms
(7 rows)

===== 361 [Wed Mar  7 01:55:44 CET 2018] scale:1000 groups:10000 work_mem:32MB incremental:on max_workers:0 =====
SELECT * FROM s_1 ORDER BY a, b
                                                   QUERY PLAN                                                    
-----------------------------------------------------------------------------------------------------------------
 Limit  (cost=79.33..79.33 rows=1 width=20) (actual time=0.302..0.302 rows=0 loops=1)
   ->  Sort  (cost=66.83..69.33 rows=1000 width=20) (actual time=0.248..0.279 rows=1000 loops=1)
         Sort Key: s_1.a, s_1.b
         Sort Method: quicksort  Memory: 103kB
         ->  Seq Scan on s_1  (cost=0.00..17.00 rows=1000 width=20) (actual time=0.004..0.063 rows=1000 loops=1)
 Planning time: 0.269 ms
 Execution time: 0.334 ms
(7 rows)

===== 362 [Wed Mar  7 01:55:44 CET 2018] scale:1000 groups:10000 work_mem:32MB incremental:on max_workers:0 =====
SELECT * FROM s_2 ORDER BY a, b, c
                                                   QUERY PLAN                                                    
-----------------------------------------------------------------------------------------------------------------
 Limit  (cost=79.33..79.33 rows=1 width=20) (actual time=0.248..0.248 rows=0 loops=1)
   ->  Sort  (cost=66.83..69.33 rows=1000 width=20) (actual time=0.194..0.226 rows=1000 loops=1)
         Sort Key: s_2.a, s_2.b, s_2.c
         Sort Method: quicksort  Memory: 103kB
         ->  Seq Scan on s_2  (cost=0.00..17.00 rows=1000 width=20) (actual time=0.007..0.068 rows=1000 loops=1)
 Planning time: 0.285 ms
 Execution time: 0.268 ms
(7 rows)

===== 363 [Wed Mar  7 01:55:44 CET 2018] scale:1000 groups:10000 work_mem:32MB incremental:on max_workers:0 =====
SELECT * FROM s_3 ORDER BY a, b, c, d
                                                   QUERY PLAN                                                    
-----------------------------------------------------------------------------------------------------------------
 Limit  (cost=79.33..79.33 rows=1 width=20) (actual time=0.250..0.250 rows=0 loops=1)
   ->  Sort  (cost=66.83..69.33 rows=1000 width=20) (actual time=0.191..0.227 rows=1000 loops=1)
         Sort Key: s_3.a, s_3.b, s_3.c, s_3.d
         Sort Method: quicksort  Memory: 103kB
         ->  Seq Scan on s_3  (cost=0.00..17.00 rows=1000 width=20) (actual time=0.004..0.060 rows=1000 loops=1)
 Planning time: 0.277 ms
 Execution time: 0.268 ms
(7 rows)

===== 364 [Wed Mar  7 01:55:44 CET 2018] scale:1000 groups:10000 work_mem:32MB incremental:on max_workers:0 =====
SELECT * FROM s_4 ORDER BY a, b, c, d, e
                                                   QUERY PLAN                                                    
-----------------------------------------------------------------------------------------------------------------
 Limit  (cost=79.33..79.33 rows=1 width=20) (actual time=0.243..0.243 rows=0 loops=1)
   ->  Sort  (cost=66.83..69.33 rows=1000 width=20) (actual time=0.189..0.221 rows=1000 loops=1)
         Sort Key: s_4.a, s_4.b, s_4.c, s_4.d, s_4.e
         Sort Method: quicksort  Memory: 103kB
         ->  Seq Scan on s_4  (cost=0.00..17.00 rows=1000 width=20) (actual time=0.007..0.063 rows=1000 loops=1)
 Planning time: 0.275 ms
 Execution time: 0.262 ms
(7 rows)

===== 365 [Wed Mar  7 01:55:44 CET 2018] scale:1000 groups:10000 work_mem:32MB incremental:off max_workers:0 =====
SELECT * FROM s_1 ORDER BY a, b
                                                   QUERY PLAN                                                    
-----------------------------------------------------------------------------------------------------------------
 Limit  (cost=79.33..79.33 rows=1 width=20) (actual time=0.301..0.301 rows=0 loops=1)
   ->  Sort  (cost=66.83..69.33 rows=1000 width=20) (actual time=0.247..0.278 rows=1000 loops=1)
         Sort Key: s_1.a, s_1.b
         Sort Method: quicksort  Memory: 103kB
         ->  Seq Scan on s_1  (cost=0.00..17.00 rows=1000 width=20) (actual time=0.004..0.063 rows=1000 loops=1)
 Planning time: 0.265 ms
 Execution time: 0.330 ms
(7 rows)

===== 366 [Wed Mar  7 01:55:45 CET 2018] scale:1000 groups:10000 work_mem:32MB incremental:off max_workers:0 =====
SELECT * FROM s_2 ORDER BY a, b, c
                                                   QUERY PLAN                                                    
-----------------------------------------------------------------------------------------------------------------
 Limit  (cost=79.33..79.33 rows=1 width=20) (actual time=0.250..0.250 rows=0 loops=1)
   ->  Sort  (cost=66.83..69.33 rows=1000 width=20) (actual time=0.196..0.227 rows=1000 loops=1)
         Sort Key: s_2.a, s_2.b, s_2.c
         Sort Method: quicksort  Memory: 103kB
         ->  Seq Scan on s_2  (cost=0.00..17.00 rows=1000 width=20) (actual time=0.006..0.067 rows=1000 loops=1)
 Planning time: 0.272 ms
 Execution time: 0.270 ms
(7 rows)

===== 367 [Wed Mar  7 01:55:45 CET 2018] scale:1000 groups:10000 work_mem:32MB incremental:off max_workers:0 =====
SELECT * FROM s_3 ORDER BY a, b, c, d
                                                   QUERY PLAN                                                    
-----------------------------------------------------------------------------------------------------------------
 Limit  (cost=79.33..79.33 rows=1 width=20) (actual time=0.257..0.257 rows=0 loops=1)
   ->  Sort  (cost=66.83..69.33 rows=1000 width=20) (actual time=0.202..0.234 rows=1000 loops=1)
         Sort Key: s_3.a, s_3.b, s_3.c, s_3.d
         Sort Method: quicksort  Memory: 103kB
         ->  Seq Scan on s_3  (cost=0.00..17.00 rows=1000 width=20) (actual time=0.014..0.070 rows=1000 loops=1)
 Planning time: 0.267 ms
 Execution time: 0.275 ms
(7 rows)

===== 368 [Wed Mar  7 01:55:45 CET 2018] scale:1000 groups:10000 work_mem:32MB incremental:off max_workers:0 =====
SELECT * FROM s_4 ORDER BY a, b, c, d, e
                                                   QUERY PLAN                                                    
-----------------------------------------------------------------------------------------------------------------
 Limit  (cost=79.33..79.33 rows=1 width=20) (actual time=0.245..0.245 rows=0 loops=1)
   ->  Sort  (cost=66.83..69.33 rows=1000 width=20) (actual time=0.191..0.223 rows=1000 loops=1)
         Sort Key: s_4.a, s_4.b, s_4.c, s_4.d, s_4.e
         Sort Method: quicksort  Memory: 103kB
         ->  Seq Scan on s_4  (cost=0.00..17.00 rows=1000 width=20) (actual time=0.007..0.063 rows=1000 loops=1)
 Planning time: 0.262 ms
 Execution time: 0.264 ms
(7 rows)

===== 369 [Wed Mar  7 01:55:45 CET 2018] scale:1000 groups:10000 work_mem:64MB incremental:on max_workers:0 =====
SELECT * FROM s_1 ORDER BY a, b
                                                   QUERY PLAN                                                    
-----------------------------------------------------------------------------------------------------------------
 Limit  (cost=79.33..79.33 rows=1 width=20) (actual time=0.296..0.296 rows=0 loops=1)
   ->  Sort  (cost=66.83..69.33 rows=1000 width=20) (actual time=0.242..0.274 rows=1000 loops=1)
         Sort Key: s_1.a, s_1.b
         Sort Method: quicksort  Memory: 103kB
         ->  Seq Scan on s_1  (cost=0.00..17.00 rows=1000 width=20) (actual time=0.004..0.062 rows=1000 loops=1)
 Planning time: 0.276 ms
 Execution time: 0.329 ms
(7 rows)

===== 370 [Wed Mar  7 01:55:45 CET 2018] scale:1000 groups:10000 work_mem:64MB incremental:on max_workers:0 =====
SELECT * FROM s_2 ORDER BY a, b, c
                                                   QUERY PLAN                                                    
-----------------------------------------------------------------------------------------------------------------
 Limit  (cost=79.33..79.33 rows=1 width=20) (actual time=0.256..0.256 rows=0 loops=1)
   ->  Sort  (cost=66.83..69.33 rows=1000 width=20) (actual time=0.202..0.233 rows=1000 loops=1)
         Sort Key: s_2.a, s_2.b, s_2.c
         Sort Method: quicksort  Memory: 103kB
         ->  Seq Scan on s_2  (cost=0.00..17.00 rows=1000 width=20) (actual time=0.007..0.075 rows=1000 loops=1)
 Planning time: 0.276 ms
 Execution time: 0.276 ms
(7 rows)

===== 371 [Wed Mar  7 01:55:45 CET 2018] scale:1000 groups:10000 work_mem:64MB incremental:on max_workers:0 =====
SELECT * FROM s_3 ORDER BY a, b, c, d
                                                   QUERY PLAN                                                    
-----------------------------------------------------------------------------------------------------------------
 Limit  (cost=79.33..79.33 rows=1 width=20) (actual time=0.242..0.242 rows=0 loops=1)
   ->  Sort  (cost=66.83..69.33 rows=1000 width=20) (actual time=0.188..0.220 rows=1000 loops=1)
         Sort Key: s_3.a, s_3.b, s_3.c, s_3.d
         Sort Method: quicksort  Memory: 103kB
         ->  Seq Scan on s_3  (cost=0.00..17.00 rows=1000 width=20) (actual time=0.004..0.060 rows=1000 loops=1)
 Planning time: 0.283 ms
 Execution time: 0.262 ms
(7 rows)

===== 372 [Wed Mar  7 01:55:45 CET 2018] scale:1000 groups:10000 work_mem:64MB incremental:on max_workers:0 =====
SELECT * FROM s_4 ORDER BY a, b, c, d, e
                                                   QUERY PLAN                                                    
-----------------------------------------------------------------------------------------------------------------
 Limit  (cost=79.33..79.33 rows=1 width=20) (actual time=0.244..0.244 rows=0 loops=1)
   ->  Sort  (cost=66.83..69.33 rows=1000 width=20) (actual time=0.190..0.222 rows=1000 loops=1)
         Sort Key: s_4.a, s_4.b, s_4.c, s_4.d, s_4.e
         Sort Method: quicksort  Memory: 103kB
         ->  Seq Scan on s_4  (cost=0.00..17.00 rows=1000 width=20) (actual time=0.007..0.063 rows=1000 loops=1)
 Planning time: 0.277 ms
 Execution time: 0.263 ms
(7 rows)

===== 373 [Wed Mar  7 01:55:45 CET 2018] scale:1000 groups:10000 work_mem:64MB incremental:off max_workers:0 =====
SELECT * FROM s_1 ORDER BY a, b
                                                   QUERY PLAN                                                    
-----------------------------------------------------------------------------------------------------------------
 Limit  (cost=79.33..79.33 rows=1 width=20) (actual time=0.291..0.291 rows=0 loops=1)
   ->  Sort  (cost=66.83..69.33 rows=1000 width=20) (actual time=0.237..0.269 rows=1000 loops=1)
         Sort Key: s_1.a, s_1.b
         Sort Method: quicksort  Memory: 103kB
         ->  Seq Scan on s_1  (cost=0.00..17.00 rows=1000 width=20) (actual time=0.004..0.063 rows=1000 loops=1)
 Planning time: 0.261 ms
 Execution time: 0.320 ms
(7 rows)

===== 374 [Wed Mar  7 01:55:45 CET 2018] scale:1000 groups:10000 work_mem:64MB incremental:off max_workers:0 =====
SELECT * FROM s_2 ORDER BY a, b, c
                                                   QUERY PLAN                                                    
-----------------------------------------------------------------------------------------------------------------
 Limit  (cost=79.33..79.33 rows=1 width=20) (actual time=0.251..0.251 rows=0 loops=1)
   ->  Sort  (cost=66.83..69.33 rows=1000 width=20) (actual time=0.197..0.228 rows=1000 loops=1)
         Sort Key: s_2.a, s_2.b, s_2.c
         Sort Method: quicksort  Memory: 103kB
         ->  Seq Scan on s_2  (cost=0.00..17.00 rows=1000 width=20) (actual time=0.006..0.067 rows=1000 loops=1)
 Planning time: 0.258 ms
 Execution time: 0.270 ms
(7 rows)

===== 375 [Wed Mar  7 01:55:45 CET 2018] scale:1000 groups:10000 work_mem:64MB incremental:off max_workers:0 =====
SELECT * FROM s_3 ORDER BY a, b, c, d
                                                   QUERY PLAN                                                    
-----------------------------------------------------------------------------------------------------------------
 Limit  (cost=79.33..79.33 rows=1 width=20) (actual time=0.252..0.252 rows=0 loops=1)
   ->  Sort  (cost=66.83..69.33 rows=1000 width=20) (actual time=0.198..0.230 rows=1000 loops=1)
         Sort Key: s_3.a, s_3.b, s_3.c, s_3.d
         Sort Method: quicksort  Memory: 103kB
         ->  Seq Scan on s_3  (cost=0.00..17.00 rows=1000 width=20) (actual time=0.004..0.060 rows=1000 loops=1)
 Planning time: 0.266 ms
 Execution time: 0.271 ms
(7 rows)

===== 376 [Wed Mar  7 01:55:45 CET 2018] scale:1000 groups:10000 work_mem:64MB incremental:off max_workers:0 =====
SELECT * FROM s_4 ORDER BY a, b, c, d, e
                                                   QUERY PLAN                                                    
-----------------------------------------------------------------------------------------------------------------
 Limit  (cost=79.33..79.33 rows=1 width=20) (actual time=0.243..0.243 rows=0 loops=1)
   ->  Sort  (cost=66.83..69.33 rows=1000 width=20) (actual time=0.189..0.220 rows=1000 loops=1)
         Sort Key: s_4.a, s_4.b, s_4.c, s_4.d, s_4.e
         Sort Method: quicksort  Memory: 103kB
         ->  Seq Scan on s_4  (cost=0.00..17.00 rows=1000 width=20) (actual time=0.007..0.063 rows=1000 loops=1)
 Planning time: 0.261 ms
 Execution time: 0.263 ms
(7 rows)

===== 377 [Wed Mar  7 01:55:45 CET 2018] scale:1000 groups:10000 work_mem:128MB incremental:on max_workers:0 =====
SELECT * FROM s_1 ORDER BY a, b
                                                   QUERY PLAN                                                    
-----------------------------------------------------------------------------------------------------------------
 Limit  (cost=79.33..79.33 rows=1 width=20) (actual time=0.295..0.295 rows=0 loops=1)
   ->  Sort  (cost=66.83..69.33 rows=1000 width=20) (actual time=0.241..0.273 rows=1000 loops=1)
         Sort Key: s_1.a, s_1.b
         Sort Method: quicksort  Memory: 103kB
         ->  Seq Scan on s_1  (cost=0.00..17.00 rows=1000 width=20) (actual time=0.004..0.062 rows=1000 loops=1)
 Planning time: 0.268 ms
 Execution time: 0.326 ms
(7 rows)

===== 378 [Wed Mar  7 01:55:45 CET 2018] scale:1000 groups:10000 work_mem:128MB incremental:on max_workers:0 =====
SELECT * FROM s_2 ORDER BY a, b, c
                                                   QUERY PLAN                                                    
-----------------------------------------------------------------------------------------------------------------
 Limit  (cost=79.33..79.33 rows=1 width=20) (actual time=0.249..0.249 rows=0 loops=1)
   ->  Sort  (cost=66.83..69.33 rows=1000 width=20) (actual time=0.194..0.226 rows=1000 loops=1)
         Sort Key: s_2.a, s_2.b, s_2.c
         Sort Method: quicksort  Memory: 103kB
         ->  Seq Scan on s_2  (cost=0.00..17.00 rows=1000 width=20) (actual time=0.007..0.068 rows=1000 loops=1)
 Planning time: 0.282 ms
 Execution time: 0.267 ms
(7 rows)

===== 379 [Wed Mar  7 01:55:45 CET 2018] scale:1000 groups:10000 work_mem:128MB incremental:on max_workers:0 =====
SELECT * FROM s_3 ORDER BY a, b, c, d
                                                   QUERY PLAN                                                    
-----------------------------------------------------------------------------------------------------------------
 Limit  (cost=79.33..79.33 rows=1 width=20) (actual time=0.247..0.247 rows=0 loops=1)
   ->  Sort  (cost=66.83..69.33 rows=1000 width=20) (actual time=0.193..0.225 rows=1000 loops=1)
         Sort Key: s_3.a, s_3.b, s_3.c, s_3.d
         Sort Method: quicksort  Memory: 103kB
         ->  Seq Scan on s_3  (cost=0.00..17.00 rows=1000 width=20) (actual time=0.004..0.061 rows=1000 loops=1)
 Planning time: 0.278 ms
 Execution time: 0.272 ms
(7 rows)

===== 380 [Wed Mar  7 01:55:46 CET 2018] scale:1000 groups:10000 work_mem:128MB incremental:on max_workers:0 =====
SELECT * FROM s_4 ORDER BY a, b, c, d, e
                                                   QUERY PLAN                                                    
-----------------------------------------------------------------------------------------------------------------
 Limit  (cost=79.33..79.33 rows=1 width=20) (actual time=0.245..0.245 rows=0 loops=1)
   ->  Sort  (cost=66.83..69.33 rows=1000 width=20) (actual time=0.190..0.222 rows=1000 loops=1)
         Sort Key: s_4.a, s_4.b, s_4.c, s_4.d, s_4.e
         Sort Method: quicksort  Memory: 103kB
         ->  Seq Scan on s_4  (cost=0.00..17.00 rows=1000 width=20) (actual time=0.007..0.063 rows=1000 loops=1)
 Planning time: 0.271 ms
 Execution time: 0.263 ms
(7 rows)

===== 381 [Wed Mar  7 01:55:46 CET 2018] scale:1000 groups:10000 work_mem:128MB incremental:off max_workers:0 =====
SELECT * FROM s_1 ORDER BY a, b
                                                   QUERY PLAN                                                    
-----------------------------------------------------------------------------------------------------------------
 Limit  (cost=79.33..79.33 rows=1 width=20) (actual time=0.298..0.298 rows=0 loops=1)
   ->  Sort  (cost=66.83..69.33 rows=1000 width=20) (actual time=0.244..0.276 rows=1000 loops=1)
         Sort Key: s_1.a, s_1.b
         Sort Method: quicksort  Memory: 103kB
         ->  Seq Scan on s_1  (cost=0.00..17.00 rows=1000 width=20) (actual time=0.004..0.063 rows=1000 loops=1)
 Planning time: 0.267 ms
 Execution time: 0.327 ms
(7 rows)

===== 382 [Wed Mar  7 01:55:46 CET 2018] scale:1000 groups:10000 work_mem:128MB incremental:off max_workers:0 =====
SELECT * FROM s_2 ORDER BY a, b, c
                                                   QUERY PLAN                                                    
-----------------------------------------------------------------------------------------------------------------
 Limit  (cost=79.33..79.33 rows=1 width=20) (actual time=0.258..0.258 rows=0 loops=1)
   ->  Sort  (cost=66.83..69.33 rows=1000 width=20) (actual time=0.204..0.236 rows=1000 loops=1)
         Sort Key: s_2.a, s_2.b, s_2.c
         Sort Method: quicksort  Memory: 103kB
         ->  Seq Scan on s_2  (cost=0.00..17.00 rows=1000 width=20) (actual time=0.007..0.075 rows=1000 loops=1)
 Planning time: 0.264 ms
 Execution time: 0.278 ms
(7 rows)

===== 383 [Wed Mar  7 01:55:46 CET 2018] scale:1000 groups:10000 work_mem:128MB incremental:off max_workers:0 =====
SELECT * FROM s_3 ORDER BY a, b, c, d
                                                   QUERY PLAN                                                    
-----------------------------------------------------------------------------------------------------------------
 Limit  (cost=79.33..79.33 rows=1 width=20) (actual time=0.250..0.250 rows=0 loops=1)
   ->  Sort  (cost=66.83..69.33 rows=1000 width=20) (actual time=0.196..0.227 rows=1000 loops=1)
         Sort Key: s_3.a, s_3.b, s_3.c, s_3.d
         Sort Method: quicksort  Memory: 103kB
         ->  Seq Scan on s_3  (cost=0.00..17.00 rows=1000 width=20) (actual time=0.004..0.060 rows=1000 loops=1)
 Planning time: 0.266 ms
 Execution time: 0.269 ms
(7 rows)

===== 384 [Wed Mar  7 01:55:46 CET 2018] scale:1000 groups:10000 work_mem:128MB incremental:off max_workers:0 =====
SELECT * FROM s_4 ORDER BY a, b, c, d, e
                                                   QUERY PLAN                                                    
-----------------------------------------------------------------------------------------------------------------
 Limit  (cost=79.33..79.33 rows=1 width=20) (actual time=0.244..0.244 rows=0 loops=1)
   ->  Sort  (cost=66.83..69.33 rows=1000 width=20) (actual time=0.190..0.221 rows=1000 loops=1)
         Sort Key: s_4.a, s_4.b, s_4.c, s_4.d, s_4.e
         Sort Method: quicksort  Memory: 103kB
         ->  Seq Scan on s_4  (cost=0.00..17.00 rows=1000 width=20) (actual time=0.007..0.063 rows=1000 loops=1)
 Planning time: 0.261 ms
 Execution time: 0.263 ms
(7 rows)

===== 385 [Wed Mar  7 01:55:46 CET 2018] scale:1000 groups:10000 work_mem:256MB incremental:on max_workers:0 =====
SELECT * FROM s_1 ORDER BY a, b
                                                   QUERY PLAN                                                    
-----------------------------------------------------------------------------------------------------------------
 Limit  (cost=79.33..79.33 rows=1 width=20) (actual time=0.296..0.296 rows=0 loops=1)
   ->  Sort  (cost=66.83..69.33 rows=1000 width=20) (actual time=0.242..0.273 rows=1000 loops=1)
         Sort Key: s_1.a, s_1.b
         Sort Method: quicksort  Memory: 103kB
         ->  Seq Scan on s_1  (cost=0.00..17.00 rows=1000 width=20) (actual time=0.004..0.063 rows=1000 loops=1)
 Planning time: 0.268 ms
 Execution time: 0.327 ms
(7 rows)

===== 386 [Wed Mar  7 01:55:46 CET 2018] scale:1000 groups:10000 work_mem:256MB incremental:on max_workers:0 =====
SELECT * FROM s_2 ORDER BY a, b, c
                                                   QUERY PLAN                                                    
-----------------------------------------------------------------------------------------------------------------
 Limit  (cost=79.33..79.33 rows=1 width=20) (actual time=0.249..0.249 rows=0 loops=1)
   ->  Sort  (cost=66.83..69.33 rows=1000 width=20) (actual time=0.194..0.226 rows=1000 loops=1)
         Sort Key: s_2.a, s_2.b, s_2.c
         Sort Method: quicksort  Memory: 103kB
         ->  Seq Scan on s_2  (cost=0.00..17.00 rows=1000 width=20) (actual time=0.007..0.068 rows=1000 loops=1)
 Planning time: 0.283 ms
 Execution time: 0.268 ms
(7 rows)

===== 387 [Wed Mar  7 01:55:46 CET 2018] scale:1000 groups:10000 work_mem:256MB incremental:on max_workers:0 =====
SELECT * FROM s_3 ORDER BY a, b, c, d
                                                   QUERY PLAN                                                    
-----------------------------------------------------------------------------------------------------------------
 Limit  (cost=79.33..79.33 rows=1 width=20) (actual time=0.244..0.244 rows=0 loops=1)
   ->  Sort  (cost=66.83..69.33 rows=1000 width=20) (actual time=0.190..0.221 rows=1000 loops=1)
         Sort Key: s_3.a, s_3.b, s_3.c, s_3.d
         Sort Method: quicksort  Memory: 103kB
         ->  Seq Scan on s_3  (cost=0.00..17.00 rows=1000 width=20) (actual time=0.004..0.060 rows=1000 loops=1)
 Planning time: 0.276 ms
 Execution time: 0.263 ms
(7 rows)

===== 388 [Wed Mar  7 01:55:46 CET 2018] scale:1000 groups:10000 work_mem:256MB incremental:on max_workers:0 =====
SELECT * FROM s_4 ORDER BY a, b, c, d, e
                                                   QUERY PLAN                                                    
-----------------------------------------------------------------------------------------------------------------
 Limit  (cost=79.33..79.33 rows=1 width=20) (actual time=0.247..0.247 rows=0 loops=1)
   ->  Sort  (cost=66.83..69.33 rows=1000 width=20) (actual time=0.192..0.225 rows=1000 loops=1)
         Sort Key: s_4.a, s_4.b, s_4.c, s_4.d, s_4.e
         Sort Method: quicksort  Memory: 103kB
         ->  Seq Scan on s_4  (cost=0.00..17.00 rows=1000 width=20) (actual time=0.007..0.063 rows=1000 loops=1)
 Planning time: 0.272 ms
 Execution time: 0.267 ms
(7 rows)

===== 389 [Wed Mar  7 01:55:46 CET 2018] scale:1000 groups:10000 work_mem:256MB incremental:off max_workers:0 =====
SELECT * FROM s_1 ORDER BY a, b
                                                   QUERY PLAN                                                    
-----------------------------------------------------------------------------------------------------------------
 Limit  (cost=79.33..79.33 rows=1 width=20) (actual time=0.291..0.291 rows=0 loops=1)
   ->  Sort  (cost=66.83..69.33 rows=1000 width=20) (actual time=0.237..0.268 rows=1000 loops=1)
         Sort Key: s_1.a, s_1.b
         Sort Method: quicksort  Memory: 103kB
         ->  Seq Scan on s_1  (cost=0.00..17.00 rows=1000 width=20) (actual time=0.004..0.063 rows=1000 loops=1)
 Planning time: 0.260 ms
 Execution time: 0.319 ms
(7 rows)

===== 390 [Wed Mar  7 01:55:46 CET 2018] scale:1000 groups:10000 work_mem:256MB incremental:off max_workers:0 =====
SELECT * FROM s_2 ORDER BY a, b, c
                                                   QUERY PLAN                                                    
-----------------------------------------------------------------------------------------------------------------
 Limit  (cost=79.33..79.33 rows=1 width=20) (actual time=0.255..0.255 rows=0 loops=1)
   ->  Sort  (cost=66.83..69.33 rows=1000 width=20) (actual time=0.200..0.232 rows=1000 loops=1)
         Sort Key: s_2.a, s_2.b, s_2.c
         Sort Method: quicksort  Memory: 103kB
         ->  Seq Scan on s_2  (cost=0.00..17.00 rows=1000 width=20) (actual time=0.007..0.072 rows=1000 loops=1)
 Planning time: 0.266 ms
 Execution time: 0.273 ms
(7 rows)

===== 391 [Wed Mar  7 01:55:46 CET 2018] scale:1000 groups:10000 work_mem:256MB incremental:off max_workers:0 =====
SELECT * FROM s_3 ORDER BY a, b, c, d
                                                   QUERY PLAN                                                    
-----------------------------------------------------------------------------------------------------------------
 Limit  (cost=79.33..79.33 rows=1 width=20) (actual time=0.248..0.248 rows=0 loops=1)
   ->  Sort  (cost=66.83..69.33 rows=1000 width=20) (actual time=0.194..0.226 rows=1000 loops=1)
         Sort Key: s_3.a, s_3.b, s_3.c, s_3.d
         Sort Method: quicksort  Memory: 103kB
         ->  Seq Scan on s_3  (cost=0.00..17.00 rows=1000 width=20) (actual time=0.004..0.060 rows=1000 loops=1)
 Planning time: 0.266 ms
 Execution time: 0.268 ms
(7 rows)

===== 392 [Wed Mar  7 01:55:46 CET 2018] scale:1000 groups:10000 work_mem:256MB incremental:off max_workers:0 =====
SELECT * FROM s_4 ORDER BY a, b, c, d, e
                                                   QUERY PLAN                                                    
-----------------------------------------------------------------------------------------------------------------
 Limit  (cost=79.33..79.33 rows=1 width=20) (actual time=0.246..0.246 rows=0 loops=1)
   ->  Sort  (cost=66.83..69.33 rows=1000 width=20) (actual time=0.192..0.223 rows=1000 loops=1)
         Sort Key: s_4.a, s_4.b, s_4.c, s_4.d, s_4.e
         Sort Method: quicksort  Memory: 103kB
         ->  Seq Scan on s_4  (cost=0.00..17.00 rows=1000 width=20) (actual time=0.007..0.063 rows=1000 loops=1)
 Planning time: 0.264 ms
 Execution time: 0.272 ms
(7 rows)

===== 393 [Wed Mar  7 01:55:46 CET 2018] scale:1000 groups:10000 work_mem:4MB incremental:on max_workers:2 =====
SELECT * FROM s_1 ORDER BY a, b
                                                   QUERY PLAN                                                    
-----------------------------------------------------------------------------------------------------------------
 Limit  (cost=79.33..79.33 rows=1 width=20) (actual time=0.296..0.296 rows=0 loops=1)
   ->  Sort  (cost=66.83..69.33 rows=1000 width=20) (actual time=0.242..0.274 rows=1000 loops=1)
         Sort Key: s_1.a, s_1.b
         Sort Method: quicksort  Memory: 103kB
         ->  Seq Scan on s_1  (cost=0.00..17.00 rows=1000 width=20) (actual time=0.004..0.062 rows=1000 loops=1)
 Planning time: 0.277 ms
 Execution time: 0.328 ms
(7 rows)

===== 394 [Wed Mar  7 01:55:47 CET 2018] scale:1000 groups:10000 work_mem:4MB incremental:on max_workers:2 =====
SELECT * FROM s_2 ORDER BY a, b, c
                                                   QUERY PLAN                                                    
-----------------------------------------------------------------------------------------------------------------
 Limit  (cost=79.33..79.33 rows=1 width=20) (actual time=0.248..0.248 rows=0 loops=1)
   ->  Sort  (cost=66.83..69.33 rows=1000 width=20) (actual time=0.194..0.225 rows=1000 loops=1)
         Sort Key: s_2.a, s_2.b, s_2.c
         Sort Method: quicksort  Memory: 103kB
         ->  Seq Scan on s_2  (cost=0.00..17.00 rows=1000 width=20) (actual time=0.007..0.068 rows=1000 loops=1)
 Planning time: 0.284 ms
 Execution time: 0.267 ms
(7 rows)

===== 395 [Wed Mar  7 01:55:47 CET 2018] scale:1000 groups:10000 work_mem:4MB incremental:on max_workers:2 =====
SELECT * FROM s_3 ORDER BY a, b, c, d
                                                   QUERY PLAN                                                    
-----------------------------------------------------------------------------------------------------------------
 Limit  (cost=79.33..79.33 rows=1 width=20) (actual time=0.250..0.250 rows=0 loops=1)
   ->  Sort  (cost=66.83..69.33 rows=1000 width=20) (actual time=0.196..0.228 rows=1000 loops=1)
         Sort Key: s_3.a, s_3.b, s_3.c, s_3.d
         Sort Method: quicksort  Memory: 103kB
         ->  Seq Scan on s_3  (cost=0.00..17.00 rows=1000 width=20) (actual time=0.004..0.061 rows=1000 loops=1)
 Planning time: 0.286 ms
 Execution time: 0.269 ms
(7 rows)

===== 396 [Wed Mar  7 01:55:47 CET 2018] scale:1000 groups:10000 work_mem:4MB incremental:on max_workers:2 =====
SELECT * FROM s_4 ORDER BY a, b, c, d, e
                                                   QUERY PLAN                                                    
-----------------------------------------------------------------------------------------------------------------
 Limit  (cost=79.33..79.33 rows=1 width=20) (actual time=0.245..0.245 rows=0 loops=1)
   ->  Sort  (cost=66.83..69.33 rows=1000 width=20) (actual time=0.190..0.223 rows=1000 loops=1)
         Sort Key: s_4.a, s_4.b, s_4.c, s_4.d, s_4.e
         Sort Method: quicksort  Memory: 103kB
         ->  Seq Scan on s_4  (cost=0.00..17.00 rows=1000 width=20) (actual time=0.007..0.063 rows=1000 loops=1)
 Planning time: 0.286 ms
 Execution time: 0.265 ms
(7 rows)

===== 397 [Wed Mar  7 01:55:47 CET 2018] scale:1000 groups:10000 work_mem:4MB incremental:off max_workers:2 =====
SELECT * FROM s_1 ORDER BY a, b
                                                   QUERY PLAN                                                    
-----------------------------------------------------------------------------------------------------------------
 Limit  (cost=79.33..79.33 rows=1 width=20) (actual time=0.290..0.290 rows=0 loops=1)
   ->  Sort  (cost=66.83..69.33 rows=1000 width=20) (actual time=0.236..0.268 rows=1000 loops=1)
         Sort Key: s_1.a, s_1.b
         Sort Method: quicksort  Memory: 103kB
         ->  Seq Scan on s_1  (cost=0.00..17.00 rows=1000 width=20) (actual time=0.004..0.063 rows=1000 loops=1)
 Planning time: 0.262 ms
 Execution time: 0.320 ms
(7 rows)

===== 398 [Wed Mar  7 01:55:47 CET 2018] scale:1000 groups:10000 work_mem:4MB incremental:off max_workers:2 =====
SELECT * FROM s_2 ORDER BY a, b, c
                                                   QUERY PLAN                                                    
-----------------------------------------------------------------------------------------------------------------
 Limit  (cost=79.33..79.33 rows=1 width=20) (actual time=0.250..0.250 rows=0 loops=1)
   ->  Sort  (cost=66.83..69.33 rows=1000 width=20) (actual time=0.196..0.228 rows=1000 loops=1)
         Sort Key: s_2.a, s_2.b, s_2.c
         Sort Method: quicksort  Memory: 103kB
         ->  Seq Scan on s_2  (cost=0.00..17.00 rows=1000 width=20) (actual time=0.007..0.068 rows=1000 loops=1)
 Planning time: 0.264 ms
 Execution time: 0.269 ms
(7 rows)

===== 399 [Wed Mar  7 01:55:47 CET 2018] scale:1000 groups:10000 work_mem:4MB incremental:off max_workers:2 =====
SELECT * FROM s_3 ORDER BY a, b, c, d
                                                   QUERY PLAN                                                    
-----------------------------------------------------------------------------------------------------------------
 Limit  (cost=79.33..79.33 rows=1 width=20) (actual time=0.253..0.253 rows=0 loops=1)
   ->  Sort  (cost=66.83..69.33 rows=1000 width=20) (actual time=0.194..0.230 rows=1000 loops=1)
         Sort Key: s_3.a, s_3.b, s_3.c, s_3.d
         Sort Method: quicksort  Memory: 103kB
         ->  Seq Scan on s_3  (cost=0.00..17.00 rows=1000 width=20) (actual time=0.004..0.060 rows=1000 loops=1)
 Planning time: 0.270 ms
 Execution time: 0.271 ms
(7 rows)

===== 400 [Wed Mar  7 01:55:47 CET 2018] scale:1000 groups:10000 work_mem:4MB incremental:off max_workers:2 =====
SELECT * FROM s_4 ORDER BY a, b, c, d, e
                                                   QUERY PLAN                                                    
-----------------------------------------------------------------------------------------------------------------
 Limit  (cost=79.33..79.33 rows=1 width=20) (actual time=0.245..0.245 rows=0 loops=1)
   ->  Sort  (cost=66.83..69.33 rows=1000 width=20) (actual time=0.191..0.222 rows=1000 loops=1)
         Sort Key: s_4.a, s_4.b, s_4.c, s_4.d, s_4.e
         Sort Method: quicksort  Memory: 103kB
         ->  Seq Scan on s_4  (cost=0.00..17.00 rows=1000 width=20) (actual time=0.007..0.063 rows=1000 loops=1)
 Planning time: 0.271 ms
 Execution time: 0.263 ms
(7 rows)

===== 401 [Wed Mar  7 01:55:47 CET 2018] scale:1000 groups:10000 work_mem:8MB incremental:on max_workers:2 =====
SELECT * FROM s_1 ORDER BY a, b
                                                   QUERY PLAN                                                    
-----------------------------------------------------------------------------------------------------------------
 Limit  (cost=79.33..79.33 rows=1 width=20) (actual time=0.297..0.297 rows=0 loops=1)
   ->  Sort  (cost=66.83..69.33 rows=1000 width=20) (actual time=0.243..0.275 rows=1000 loops=1)
         Sort Key: s_1.a, s_1.b
         Sort Method: quicksort  Memory: 103kB
         ->  Seq Scan on s_1  (cost=0.00..17.00 rows=1000 width=20) (actual time=0.004..0.063 rows=1000 loops=1)
 Planning time: 0.278 ms
 Execution time: 0.326 ms
(7 rows)

===== 402 [Wed Mar  7 01:55:47 CET 2018] scale:1000 groups:10000 work_mem:8MB incremental:on max_workers:2 =====
SELECT * FROM s_2 ORDER BY a, b, c
                                                   QUERY PLAN                                                    
-----------------------------------------------------------------------------------------------------------------
 Limit  (cost=79.33..79.33 rows=1 width=20) (actual time=0.259..0.259 rows=0 loops=1)
   ->  Sort  (cost=66.83..69.33 rows=1000 width=20) (actual time=0.204..0.236 rows=1000 loops=1)
         Sort Key: s_2.a, s_2.b, s_2.c
         Sort Method: quicksort  Memory: 103kB
         ->  Seq Scan on s_2  (cost=0.00..17.00 rows=1000 width=20) (actual time=0.007..0.068 rows=1000 loops=1)
 Planning time: 0.282 ms
 Execution time: 0.278 ms
(7 rows)

===== 403 [Wed Mar  7 01:55:47 CET 2018] scale:1000 groups:10000 work_mem:8MB incremental:on max_workers:2 =====
SELECT * FROM s_3 ORDER BY a, b, c, d
                                                   QUERY PLAN                                                    
-----------------------------------------------------------------------------------------------------------------
 Limit  (cost=79.33..79.33 rows=1 width=20) (actual time=0.255..0.255 rows=0 loops=1)
   ->  Sort  (cost=66.83..69.33 rows=1000 width=20) (actual time=0.199..0.232 rows=1000 loops=1)
         Sort Key: s_3.a, s_3.b, s_3.c, s_3.d
         Sort Method: quicksort  Memory: 103kB
         ->  Seq Scan on s_3  (cost=0.00..17.00 rows=1000 width=20) (actual time=0.004..0.066 rows=1000 loops=1)
 Planning time: 0.285 ms
 Execution time: 0.274 ms
(7 rows)

===== 404 [Wed Mar  7 01:55:47 CET 2018] scale:1000 groups:10000 work_mem:8MB incremental:on max_workers:2 =====
SELECT * FROM s_4 ORDER BY a, b, c, d, e
                                                   QUERY PLAN                                                    
-----------------------------------------------------------------------------------------------------------------
 Limit  (cost=79.33..79.33 rows=1 width=20) (actual time=0.243..0.243 rows=0 loops=1)
   ->  Sort  (cost=66.83..69.33 rows=1000 width=20) (actual time=0.189..0.221 rows=1000 loops=1)
         Sort Key: s_4.a, s_4.b, s_4.c, s_4.d, s_4.e
         Sort Method: quicksort  Memory: 103kB
         ->  Seq Scan on s_4  (cost=0.00..17.00 rows=1000 width=20) (actual time=0.007..0.063 rows=1000 loops=1)
 Planning time: 0.276 ms
 Execution time: 0.262 ms
(7 rows)

===== 405 [Wed Mar  7 01:55:47 CET 2018] scale:1000 groups:10000 work_mem:8MB incremental:off max_workers:2 =====
SELECT * FROM s_1 ORDER BY a, b
                                                   QUERY PLAN                                                    
-----------------------------------------------------------------------------------------------------------------
 Limit  (cost=79.33..79.33 rows=1 width=20) (actual time=0.298..0.298 rows=0 loops=1)
   ->  Sort  (cost=66.83..69.33 rows=1000 width=20) (actual time=0.244..0.276 rows=1000 loops=1)
         Sort Key: s_1.a, s_1.b
         Sort Method: quicksort  Memory: 103kB
         ->  Seq Scan on s_1  (cost=0.00..17.00 rows=1000 width=20) (actual time=0.004..0.063 rows=1000 loops=1)
 Planning time: 0.264 ms
 Execution time: 0.327 ms
(7 rows)

===== 406 [Wed Mar  7 01:55:47 CET 2018] scale:1000 groups:10000 work_mem:8MB incremental:off max_workers:2 =====
SELECT * FROM s_2 ORDER BY a, b, c
                                                   QUERY PLAN                                                    
-----------------------------------------------------------------------------------------------------------------
 Limit  (cost=79.33..79.33 rows=1 width=20) (actual time=0.253..0.253 rows=0 loops=1)
   ->  Sort  (cost=66.83..69.33 rows=1000 width=20) (actual time=0.199..0.230 rows=1000 loops=1)
         Sort Key: s_2.a, s_2.b, s_2.c
         Sort Method: quicksort  Memory: 103kB
         ->  Seq Scan on s_2  (cost=0.00..17.00 rows=1000 width=20) (actual time=0.007..0.068 rows=1000 loops=1)
 Planning time: 0.269 ms
 Execution time: 0.272 ms
(7 rows)

===== 407 [Wed Mar  7 01:55:47 CET 2018] scale:1000 groups:10000 work_mem:8MB incremental:off max_workers:2 =====
SELECT * FROM s_3 ORDER BY a, b, c, d
                                                   QUERY PLAN                                                    
-----------------------------------------------------------------------------------------------------------------
 Limit  (cost=79.33..79.33 rows=1 width=20) (actual time=0.249..0.249 rows=0 loops=1)
   ->  Sort  (cost=66.83..69.33 rows=1000 width=20) (actual time=0.194..0.226 rows=1000 loops=1)
         Sort Key: s_3.a, s_3.b, s_3.c, s_3.d
         Sort Method: quicksort  Memory: 103kB
         ->  Seq Scan on s_3  (cost=0.00..17.00 rows=1000 width=20) (actual time=0.004..0.060 rows=1000 loops=1)
 Planning time: 0.279 ms
 Execution time: 0.267 ms
(7 rows)

===== 408 [Wed Mar  7 01:55:47 CET 2018] scale:1000 groups:10000 work_mem:8MB incremental:off max_workers:2 =====
SELECT * FROM s_4 ORDER BY a, b, c, d, e
                                                   QUERY PLAN                                                    
-----------------------------------------------------------------------------------------------------------------
 Limit  (cost=79.33..79.33 rows=1 width=20) (actual time=0.247..0.247 rows=0 loops=1)
   ->  Sort  (cost=66.83..69.33 rows=1000 width=20) (actual time=0.193..0.225 rows=1000 loops=1)
         Sort Key: s_4.a, s_4.b, s_4.c, s_4.d, s_4.e
         Sort Method: quicksort  Memory: 103kB
         ->  Seq Scan on s_4  (cost=0.00..17.00 rows=1000 width=20) (actual time=0.007..0.063 rows=1000 loops=1)
 Planning time: 0.265 ms
 Execution time: 0.266 ms
(7 rows)

===== 409 [Wed Mar  7 01:55:48 CET 2018] scale:1000 groups:10000 work_mem:16MB incremental:on max_workers:2 =====
SELECT * FROM s_1 ORDER BY a, b
                                                   QUERY PLAN                                                    
-----------------------------------------------------------------------------------------------------------------
 Limit  (cost=79.33..79.33 rows=1 width=20) (actual time=0.294..0.294 rows=0 loops=1)
   ->  Sort  (cost=66.83..69.33 rows=1000 width=20) (actual time=0.240..0.272 rows=1000 loops=1)
         Sort Key: s_1.a, s_1.b
         Sort Method: quicksort  Memory: 103kB
         ->  Seq Scan on s_1  (cost=0.00..17.00 rows=1000 width=20) (actual time=0.004..0.062 rows=1000 loops=1)
 Planning time: 0.280 ms
 Execution time: 0.327 ms
(7 rows)

===== 410 [Wed Mar  7 01:55:48 CET 2018] scale:1000 groups:10000 work_mem:16MB incremental:on max_workers:2 =====
SELECT * FROM s_2 ORDER BY a, b, c
                                                   QUERY PLAN                                                    
-----------------------------------------------------------------------------------------------------------------
 Limit  (cost=79.33..79.33 rows=1 width=20) (actual time=0.251..0.251 rows=0 loops=1)
   ->  Sort  (cost=66.83..69.33 rows=1000 width=20) (actual time=0.197..0.228 rows=1000 loops=1)
         Sort Key: s_2.a, s_2.b, s_2.c
         Sort Method: quicksort  Memory: 103kB
         ->  Seq Scan on s_2  (cost=0.00..17.00 rows=1000 width=20) (actual time=0.007..0.068 rows=1000 loops=1)
 Planning time: 0.286 ms
 Execution time: 0.270 ms
(7 rows)

===== 411 [Wed Mar  7 01:55:48 CET 2018] scale:1000 groups:10000 work_mem:16MB incremental:on max_workers:2 =====
SELECT * FROM s_3 ORDER BY a, b, c, d
                                                   QUERY PLAN                                                    
-----------------------------------------------------------------------------------------------------------------
 Limit  (cost=79.33..79.33 rows=1 width=20) (actual time=0.256..0.256 rows=0 loops=1)
   ->  Sort  (cost=66.83..69.33 rows=1000 width=20) (actual time=0.201..0.233 rows=1000 loops=1)
         Sort Key: s_3.a, s_3.b, s_3.c, s_3.d
         Sort Method: quicksort  Memory: 103kB
         ->  Seq Scan on s_3  (cost=0.00..17.00 rows=1000 width=20) (actual time=0.004..0.060 rows=1000 loops=1)
 Planning time: 0.279 ms
 Execution time: 0.274 ms
(7 rows)

===== 412 [Wed Mar  7 01:55:48 CET 2018] scale:1000 groups:10000 work_mem:16MB incremental:on max_workers:2 =====
SELECT * FROM s_4 ORDER BY a, b, c, d, e
                                                   QUERY PLAN                                                    
-----------------------------------------------------------------------------------------------------------------
 Limit  (cost=79.33..79.33 rows=1 width=20) (actual time=0.245..0.245 rows=0 loops=1)
   ->  Sort  (cost=66.83..69.33 rows=1000 width=20) (actual time=0.190..0.223 rows=1000 loops=1)
         Sort Key: s_4.a, s_4.b, s_4.c, s_4.d, s_4.e
         Sort Method: quicksort  Memory: 103kB
         ->  Seq Scan on s_4  (cost=0.00..17.00 rows=1000 width=20) (actual time=0.007..0.063 rows=1000 loops=1)
 Planning time: 0.275 ms
 Execution time: 0.264 ms
(7 rows)

===== 413 [Wed Mar  7 01:55:48 CET 2018] scale:1000 groups:10000 work_mem:16MB incremental:off max_workers:2 =====
SELECT * FROM s_1 ORDER BY a, b
                                                   QUERY PLAN                                                    
-----------------------------------------------------------------------------------------------------------------
 Limit  (cost=79.33..79.33 rows=1 width=20) (actual time=0.291..0.291 rows=0 loops=1)
   ->  Sort  (cost=66.83..69.33 rows=1000 width=20) (actual time=0.237..0.269 rows=1000 loops=1)
         Sort Key: s_1.a, s_1.b
         Sort Method: quicksort  Memory: 103kB
         ->  Seq Scan on s_1  (cost=0.00..17.00 rows=1000 width=20) (actual time=0.004..0.062 rows=1000 loops=1)
 Planning time: 0.262 ms
 Execution time: 0.319 ms
(7 rows)

===== 414 [Wed Mar  7 01:55:48 CET 2018] scale:1000 groups:10000 work_mem:16MB incremental:off max_workers:2 =====
SELECT * FROM s_2 ORDER BY a, b, c
                                                   QUERY PLAN                                                    
-----------------------------------------------------------------------------------------------------------------
 Limit  (cost=79.33..79.33 rows=1 width=20) (actual time=0.250..0.250 rows=0 loops=1)
   ->  Sort  (cost=66.83..69.33 rows=1000 width=20) (actual time=0.195..0.227 rows=1000 loops=1)
         Sort Key: s_2.a, s_2.b, s_2.c
         Sort Method: quicksort  Memory: 103kB
         ->  Seq Scan on s_2  (cost=0.00..17.00 rows=1000 width=20) (actual time=0.007..0.067 rows=1000 loops=1)
 Planning time: 0.272 ms
 Execution time: 0.268 ms
(7 rows)

===== 415 [Wed Mar  7 01:55:48 CET 2018] scale:1000 groups:10000 work_mem:16MB incremental:off max_workers:2 =====
SELECT * FROM s_3 ORDER BY a, b, c, d
                                                   QUERY PLAN                                                    
-----------------------------------------------------------------------------------------------------------------
 Limit  (cost=79.33..79.33 rows=1 width=20) (actual time=0.251..0.251 rows=0 loops=1)
   ->  Sort  (cost=66.83..69.33 rows=1000 width=20) (actual time=0.191..0.228 rows=1000 loops=1)
         Sort Key: s_3.a, s_3.b, s_3.c, s_3.d
         Sort Method: quicksort  Memory: 103kB
         ->  Seq Scan on s_3  (cost=0.00..17.00 rows=1000 width=20) (actual time=0.004..0.060 rows=1000 loops=1)
 Planning time: 0.269 ms
 Execution time: 0.270 ms
(7 rows)

===== 416 [Wed Mar  7 01:55:48 CET 2018] scale:1000 groups:10000 work_mem:16MB incremental:off max_workers:2 =====
SELECT * FROM s_4 ORDER BY a, b, c, d, e
                                                   QUERY PLAN                                                    
-----------------------------------------------------------------------------------------------------------------
 Limit  (cost=79.33..79.33 rows=1 width=20) (actual time=0.246..0.246 rows=0 loops=1)
   ->  Sort  (cost=66.83..69.33 rows=1000 width=20) (actual time=0.192..0.224 rows=1000 loops=1)
         Sort Key: s_4.a, s_4.b, s_4.c, s_4.d, s_4.e
         Sort Method: quicksort  Memory: 103kB
         ->  Seq Scan on s_4  (cost=0.00..17.00 rows=1000 width=20) (actual time=0.007..0.063 rows=1000 loops=1)
 Planning time: 0.271 ms
 Execution time: 0.266 ms
(7 rows)

===== 417 [Wed Mar  7 01:55:48 CET 2018] scale:1000 groups:10000 work_mem:32MB incremental:on max_workers:2 =====
SELECT * FROM s_1 ORDER BY a, b
                                                   QUERY PLAN                                                    
-----------------------------------------------------------------------------------------------------------------
 Limit  (cost=79.33..79.33 rows=1 width=20) (actual time=0.296..0.296 rows=0 loops=1)
   ->  Sort  (cost=66.83..69.33 rows=1000 width=20) (actual time=0.242..0.274 rows=1000 loops=1)
         Sort Key: s_1.a, s_1.b
         Sort Method: quicksort  Memory: 103kB
         ->  Seq Scan on s_1  (cost=0.00..17.00 rows=1000 width=20) (actual time=0.004..0.063 rows=1000 loops=1)
 Planning time: 0.273 ms
 Execution time: 0.328 ms
(7 rows)

===== 418 [Wed Mar  7 01:55:48 CET 2018] scale:1000 groups:10000 work_mem:32MB incremental:on max_workers:2 =====
SELECT * FROM s_2 ORDER BY a, b, c
                                                   QUERY PLAN                                                    
-----------------------------------------------------------------------------------------------------------------
 Limit  (cost=79.33..79.33 rows=1 width=20) (actual time=0.251..0.251 rows=0 loops=1)
   ->  Sort  (cost=66.83..69.33 rows=1000 width=20) (actual time=0.196..0.228 rows=1000 loops=1)
         Sort Key: s_2.a, s_2.b, s_2.c
         Sort Method: quicksort  Memory: 103kB
         ->  Seq Scan on s_2  (cost=0.00..17.00 rows=1000 width=20) (actual time=0.007..0.068 rows=1000 loops=1)
 Planning time: 0.281 ms
 Execution time: 0.270 ms
(7 rows)

===== 419 [Wed Mar  7 01:55:48 CET 2018] scale:1000 groups:10000 work_mem:32MB incremental:on max_workers:2 =====
SELECT * FROM s_3 ORDER BY a, b, c, d
                                                   QUERY PLAN                                                    
-----------------------------------------------------------------------------------------------------------------
 Limit  (cost=79.33..79.33 rows=1 width=20) (actual time=0.251..0.251 rows=0 loops=1)
   ->  Sort  (cost=66.83..69.33 rows=1000 width=20) (actual time=0.197..0.228 rows=1000 loops=1)
         Sort Key: s_3.a, s_3.b, s_3.c, s_3.d
         Sort Method: quicksort  Memory: 103kB
         ->  Seq Scan on s_3  (cost=0.00..17.00 rows=1000 width=20) (actual time=0.004..0.065 rows=1000 loops=1)
 Planning time: 0.283 ms
 Execution time: 0.269 ms
(7 rows)

===== 420 [Wed Mar  7 01:55:48 CET 2018] scale:1000 groups:10000 work_mem:32MB incremental:on max_workers:2 =====
SELECT * FROM s_4 ORDER BY a, b, c, d, e
                                                   QUERY PLAN                                                    
-----------------------------------------------------------------------------------------------------------------
 Limit  (cost=79.33..79.33 rows=1 width=20) (actual time=0.245..0.245 rows=0 loops=1)
   ->  Sort  (cost=66.83..69.33 rows=1000 width=20) (actual time=0.190..0.222 rows=1000 loops=1)
         Sort Key: s_4.a, s_4.b, s_4.c, s_4.d, s_4.e
         Sort Method: quicksort  Memory: 103kB
         ->  Seq Scan on s_4  (cost=0.00..17.00 rows=1000 width=20) (actual time=0.007..0.063 rows=1000 loops=1)
 Planning time: 0.280 ms
 Execution time: 0.264 ms
(7 rows)

===== 421 [Wed Mar  7 01:55:48 CET 2018] scale:1000 groups:10000 work_mem:32MB incremental:off max_workers:2 =====
SELECT * FROM s_1 ORDER BY a, b
                                                   QUERY PLAN                                                    
-----------------------------------------------------------------------------------------------------------------
 Limit  (cost=79.33..79.33 rows=1 width=20) (actual time=0.298..0.298 rows=0 loops=1)
   ->  Sort  (cost=66.83..69.33 rows=1000 width=20) (actual time=0.244..0.276 rows=1000 loops=1)
         Sort Key: s_1.a, s_1.b
         Sort Method: quicksort  Memory: 103kB
         ->  Seq Scan on s_1  (cost=0.00..17.00 rows=1000 width=20) (actual time=0.004..0.063 rows=1000 loops=1)
 Planning time: 0.270 ms
 Execution time: 0.327 ms
(7 rows)

===== 422 [Wed Mar  7 01:55:48 CET 2018] scale:1000 groups:10000 work_mem:32MB incremental:off max_workers:2 =====
SELECT * FROM s_2 ORDER BY a, b, c
                                                   QUERY PLAN                                                    
-----------------------------------------------------------------------------------------------------------------
 Limit  (cost=79.33..79.33 rows=1 width=20) (actual time=0.256..0.256 rows=0 loops=1)
   ->  Sort  (cost=66.83..69.33 rows=1000 width=20) (actual time=0.202..0.233 rows=1000 loops=1)
         Sort Key: s_2.a, s_2.b, s_2.c
         Sort Method: quicksort  Memory: 103kB
         ->  Seq Scan on s_2  (cost=0.00..17.00 rows=1000 width=20) (actual time=0.007..0.072 rows=1000 loops=1)
 Planning time: 0.268 ms
 Execution time: 0.275 ms
(7 rows)

===== 423 [Wed Mar  7 01:55:49 CET 2018] scale:1000 groups:10000 work_mem:32MB incremental:off max_workers:2 =====
SELECT * FROM s_3 ORDER BY a, b, c, d
                                                   QUERY PLAN                                                    
-----------------------------------------------------------------------------------------------------------------
 Limit  (cost=79.33..79.33 rows=1 width=20) (actual time=0.246..0.246 rows=0 loops=1)
   ->  Sort  (cost=66.83..69.33 rows=1000 width=20) (actual time=0.192..0.224 rows=1000 loops=1)
         Sort Key: s_3.a, s_3.b, s_3.c, s_3.d
         Sort Method: quicksort  Memory: 103kB
         ->  Seq Scan on s_3  (cost=0.00..17.00 rows=1000 width=20) (actual time=0.004..0.060 rows=1000 loops=1)
 Planning time: 0.272 ms
 Execution time: 0.265 ms
(7 rows)

===== 424 [Wed Mar  7 01:55:49 CET 2018] scale:1000 groups:10000 work_mem:32MB incremental:off max_workers:2 =====
SELECT * FROM s_4 ORDER BY a, b, c, d, e
                                                   QUERY PLAN                                                    
-----------------------------------------------------------------------------------------------------------------
 Limit  (cost=79.33..79.33 rows=1 width=20) (actual time=0.243..0.243 rows=0 loops=1)
   ->  Sort  (cost=66.83..69.33 rows=1000 width=20) (actual time=0.189..0.220 rows=1000 loops=1)
         Sort Key: s_4.a, s_4.b, s_4.c, s_4.d, s_4.e
         Sort Method: quicksort  Memory: 103kB
         ->  Seq Scan on s_4  (cost=0.00..17.00 rows=1000 width=20) (actual time=0.007..0.063 rows=1000 loops=1)
 Planning time: 0.265 ms
 Execution time: 0.262 ms
(7 rows)

===== 425 [Wed Mar  7 01:55:49 CET 2018] scale:1000 groups:10000 work_mem:64MB incremental:on max_workers:2 =====
SELECT * FROM s_1 ORDER BY a, b
                                                   QUERY PLAN                                                    
-----------------------------------------------------------------------------------------------------------------
 Limit  (cost=79.33..79.33 rows=1 width=20) (actual time=0.293..0.293 rows=0 loops=1)
   ->  Sort  (cost=66.83..69.33 rows=1000 width=20) (actual time=0.239..0.270 rows=1000 loops=1)
         Sort Key: s_1.a, s_1.b
         Sort Method: quicksort  Memory: 103kB
         ->  Seq Scan on s_1  (cost=0.00..17.00 rows=1000 width=20) (actual time=0.004..0.062 rows=1000 loops=1)
 Planning time: 0.269 ms
 Execution time: 0.325 ms
(7 rows)

===== 426 [Wed Mar  7 01:55:49 CET 2018] scale:1000 groups:10000 work_mem:64MB incremental:on max_workers:2 =====
SELECT * FROM s_2 ORDER BY a, b, c
                                                   QUERY PLAN                                                    
-----------------------------------------------------------------------------------------------------------------
 Limit  (cost=79.33..79.33 rows=1 width=20) (actual time=0.251..0.251 rows=0 loops=1)
   ->  Sort  (cost=66.83..69.33 rows=1000 width=20) (actual time=0.197..0.228 rows=1000 loops=1)
         Sort Key: s_2.a, s_2.b, s_2.c
         Sort Method: quicksort  Memory: 103kB
         ->  Seq Scan on s_2  (cost=0.00..17.00 rows=1000 width=20) (actual time=0.006..0.068 rows=1000 loops=1)
 Planning time: 0.277 ms
 Execution time: 0.270 ms
(7 rows)

===== 427 [Wed Mar  7 01:55:49 CET 2018] scale:1000 groups:10000 work_mem:64MB incremental:on max_workers:2 =====
SELECT * FROM s_3 ORDER BY a, b, c, d
                                                   QUERY PLAN                                                    
-----------------------------------------------------------------------------------------------------------------
 Limit  (cost=79.33..79.33 rows=1 width=20) (actual time=0.252..0.252 rows=0 loops=1)
   ->  Sort  (cost=66.83..69.33 rows=1000 width=20) (actual time=0.192..0.224 rows=1000 loops=1)
         Sort Key: s_3.a, s_3.b, s_3.c, s_3.d
         Sort Method: quicksort  Memory: 103kB
         ->  Seq Scan on s_3  (cost=0.00..17.00 rows=1000 width=20) (actual time=0.004..0.060 rows=1000 loops=1)
 Planning time: 0.283 ms
 Execution time: 0.271 ms
(7 rows)

===== 428 [Wed Mar  7 01:55:49 CET 2018] scale:1000 groups:10000 work_mem:64MB incremental:on max_workers:2 =====
SELECT * FROM s_4 ORDER BY a, b, c, d, e
                                                   QUERY PLAN                                                    
-----------------------------------------------------------------------------------------------------------------
 Limit  (cost=79.33..79.33 rows=1 width=20) (actual time=0.246..0.246 rows=0 loops=1)
   ->  Sort  (cost=66.83..69.33 rows=1000 width=20) (actual time=0.191..0.223 rows=1000 loops=1)
         Sort Key: s_4.a, s_4.b, s_4.c, s_4.d, s_4.e
         Sort Method: quicksort  Memory: 103kB
         ->  Seq Scan on s_4  (cost=0.00..17.00 rows=1000 width=20) (actual time=0.007..0.063 rows=1000 loops=1)
 Planning time: 0.276 ms
 Execution time: 0.265 ms
(7 rows)

===== 429 [Wed Mar  7 01:55:49 CET 2018] scale:1000 groups:10000 work_mem:64MB incremental:off max_workers:2 =====
SELECT * FROM s_1 ORDER BY a, b
                                                   QUERY PLAN                                                    
-----------------------------------------------------------------------------------------------------------------
 Limit  (cost=79.33..79.33 rows=1 width=20) (actual time=0.294..0.294 rows=0 loops=1)
   ->  Sort  (cost=66.83..69.33 rows=1000 width=20) (actual time=0.237..0.268 rows=1000 loops=1)
         Sort Key: s_1.a, s_1.b
         Sort Method: quicksort  Memory: 103kB
         ->  Seq Scan on s_1  (cost=0.00..17.00 rows=1000 width=20) (actual time=0.004..0.063 rows=1000 loops=1)
 Planning time: 0.265 ms
 Execution time: 0.323 ms
(7 rows)

===== 430 [Wed Mar  7 01:55:49 CET 2018] scale:1000 groups:10000 work_mem:64MB incremental:off max_workers:2 =====
SELECT * FROM s_2 ORDER BY a, b, c
                                                   QUERY PLAN                                                    
-----------------------------------------------------------------------------------------------------------------
 Limit  (cost=79.33..79.33 rows=1 width=20) (actual time=0.251..0.251 rows=0 loops=1)
   ->  Sort  (cost=66.83..69.33 rows=1000 width=20) (actual time=0.196..0.228 rows=1000 loops=1)
         Sort Key: s_2.a, s_2.b, s_2.c
         Sort Method: quicksort  Memory: 103kB
         ->  Seq Scan on s_2  (cost=0.00..17.00 rows=1000 width=20) (actual time=0.007..0.068 rows=1000 loops=1)
 Planning time: 0.266 ms
 Execution time: 0.270 ms
(7 rows)

===== 431 [Wed Mar  7 01:55:49 CET 2018] scale:1000 groups:10000 work_mem:64MB incremental:off max_workers:2 =====
SELECT * FROM s_3 ORDER BY a, b, c, d
                                                   QUERY PLAN                                                    
-----------------------------------------------------------------------------------------------------------------
 Limit  (cost=79.33..79.33 rows=1 width=20) (actual time=0.251..0.251 rows=0 loops=1)
   ->  Sort  (cost=66.83..69.33 rows=1000 width=20) (actual time=0.196..0.228 rows=1000 loops=1)
         Sort Key: s_3.a, s_3.b, s_3.c, s_3.d
         Sort Method: quicksort  Memory: 103kB
         ->  Seq Scan on s_3  (cost=0.00..17.00 rows=1000 width=20) (actual time=0.004..0.060 rows=1000 loops=1)
 Planning time: 0.268 ms
 Execution time: 0.269 ms
(7 rows)

===== 432 [Wed Mar  7 01:55:49 CET 2018] scale:1000 groups:10000 work_mem:64MB incremental:off max_workers:2 =====
SELECT * FROM s_4 ORDER BY a, b, c, d, e
                                                   QUERY PLAN                                                    
-----------------------------------------------------------------------------------------------------------------
 Limit  (cost=79.33..79.33 rows=1 width=20) (actual time=0.243..0.243 rows=0 loops=1)
   ->  Sort  (cost=66.83..69.33 rows=1000 width=20) (actual time=0.188..0.220 rows=1000 loops=1)
         Sort Key: s_4.a, s_4.b, s_4.c, s_4.d, s_4.e
         Sort Method: quicksort  Memory: 103kB
         ->  Seq Scan on s_4  (cost=0.00..17.00 rows=1000 width=20) (actual time=0.007..0.063 rows=1000 loops=1)
 Planning time: 0.264 ms
 Execution time: 0.261 ms
(7 rows)

===== 433 [Wed Mar  7 01:55:49 CET 2018] scale:1000 groups:10000 work_mem:128MB incremental:on max_workers:2 =====
SELECT * FROM s_1 ORDER BY a, b
                                                   QUERY PLAN                                                    
-----------------------------------------------------------------------------------------------------------------
 Limit  (cost=79.33..79.33 rows=1 width=20) (actual time=0.297..0.297 rows=0 loops=1)
   ->  Sort  (cost=66.83..69.33 rows=1000 width=20) (actual time=0.243..0.274 rows=1000 loops=1)
         Sort Key: s_1.a, s_1.b
         Sort Method: quicksort  Memory: 103kB
         ->  Seq Scan on s_1  (cost=0.00..17.00 rows=1000 width=20) (actual time=0.004..0.063 rows=1000 loops=1)
 Planning time: 0.277 ms
 Execution time: 0.329 ms
(7 rows)

===== 434 [Wed Mar  7 01:55:49 CET 2018] scale:1000 groups:10000 work_mem:128MB incremental:on max_workers:2 =====
SELECT * FROM s_2 ORDER BY a, b, c
                                                   QUERY PLAN                                                    
-----------------------------------------------------------------------------------------------------------------
 Limit  (cost=79.33..79.33 rows=1 width=20) (actual time=0.250..0.250 rows=0 loops=1)
   ->  Sort  (cost=66.83..69.33 rows=1000 width=20) (actual time=0.195..0.227 rows=1000 loops=1)
         Sort Key: s_2.a, s_2.b, s_2.c
         Sort Method: quicksort  Memory: 103kB
         ->  Seq Scan on s_2  (cost=0.00..17.00 rows=1000 width=20) (actual time=0.007..0.068 rows=1000 loops=1)
 Planning time: 0.276 ms
 Execution time: 0.269 ms
(7 rows)

===== 435 [Wed Mar  7 01:55:49 CET 2018] scale:1000 groups:10000 work_mem:128MB incremental:on max_workers:2 =====
SELECT * FROM s_3 ORDER BY a, b, c, d
                                                   QUERY PLAN                                                    
-----------------------------------------------------------------------------------------------------------------
 Limit  (cost=79.33..79.33 rows=1 width=20) (actual time=0.244..0.244 rows=0 loops=1)
   ->  Sort  (cost=66.83..69.33 rows=1000 width=20) (actual time=0.190..0.222 rows=1000 loops=1)
         Sort Key: s_3.a, s_3.b, s_3.c, s_3.d
         Sort Method: quicksort  Memory: 103kB
         ->  Seq Scan on s_3  (cost=0.00..17.00 rows=1000 width=20) (actual time=0.004..0.061 rows=1000 loops=1)
 Planning time: 0.284 ms
 Execution time: 0.264 ms
(7 rows)

===== 436 [Wed Mar  7 01:55:49 CET 2018] scale:1000 groups:10000 work_mem:128MB incremental:on max_workers:2 =====
SELECT * FROM s_4 ORDER BY a, b, c, d, e
                                                   QUERY PLAN                                                    
-----------------------------------------------------------------------------------------------------------------
 Limit  (cost=79.33..79.33 rows=1 width=20) (actual time=0.244..0.244 rows=0 loops=1)
   ->  Sort  (cost=66.83..69.33 rows=1000 width=20) (actual time=0.190..0.222 rows=1000 loops=1)
         Sort Key: s_4.a, s_4.b, s_4.c, s_4.d, s_4.e
         Sort Method: quicksort  Memory: 103kB
         ->  Seq Scan on s_4  (cost=0.00..17.00 rows=1000 width=20) (actual time=0.007..0.063 rows=1000 loops=1)
 Planning time: 0.283 ms
 Execution time: 0.263 ms
(7 rows)

===== 437 [Wed Mar  7 01:55:50 CET 2018] scale:1000 groups:10000 work_mem:128MB incremental:off max_workers:2 =====
SELECT * FROM s_1 ORDER BY a, b
                                                   QUERY PLAN                                                    
-----------------------------------------------------------------------------------------------------------------
 Limit  (cost=79.33..79.33 rows=1 width=20) (actual time=0.293..0.293 rows=0 loops=1)
   ->  Sort  (cost=66.83..69.33 rows=1000 width=20) (actual time=0.238..0.270 rows=1000 loops=1)
         Sort Key: s_1.a, s_1.b
         Sort Method: quicksort  Memory: 103kB
         ->  Seq Scan on s_1  (cost=0.00..17.00 rows=1000 width=20) (actual time=0.004..0.062 rows=1000 loops=1)
 Planning time: 0.265 ms
 Execution time: 0.321 ms
(7 rows)

===== 438 [Wed Mar  7 01:55:50 CET 2018] scale:1000 groups:10000 work_mem:128MB incremental:off max_workers:2 =====
SELECT * FROM s_2 ORDER BY a, b, c
                                                   QUERY PLAN                                                    
-----------------------------------------------------------------------------------------------------------------
 Limit  (cost=79.33..79.33 rows=1 width=20) (actual time=0.251..0.251 rows=0 loops=1)
   ->  Sort  (cost=66.83..69.33 rows=1000 width=20) (actual time=0.196..0.228 rows=1000 loops=1)
         Sort Key: s_2.a, s_2.b, s_2.c
         Sort Method: quicksort  Memory: 103kB
         ->  Seq Scan on s_2  (cost=0.00..17.00 rows=1000 width=20) (actual time=0.007..0.067 rows=1000 loops=1)
 Planning time: 0.263 ms
 Execution time: 0.269 ms
(7 rows)

===== 439 [Wed Mar  7 01:55:50 CET 2018] scale:1000 groups:10000 work_mem:128MB incremental:off max_workers:2 =====
SELECT * FROM s_3 ORDER BY a, b, c, d
                                                   QUERY PLAN                                                    
-----------------------------------------------------------------------------------------------------------------
 Limit  (cost=79.33..79.33 rows=1 width=20) (actual time=0.246..0.246 rows=0 loops=1)
   ->  Sort  (cost=66.83..69.33 rows=1000 width=20) (actual time=0.192..0.224 rows=1000 loops=1)
         Sort Key: s_3.a, s_3.b, s_3.c, s_3.d
         Sort Method: quicksort  Memory: 103kB
         ->  Seq Scan on s_3  (cost=0.00..17.00 rows=1000 width=20) (actual time=0.004..0.060 rows=1000 loops=1)
 Planning time: 0.266 ms
 Execution time: 0.265 ms
(7 rows)

===== 440 [Wed Mar  7 01:55:50 CET 2018] scale:1000 groups:10000 work_mem:128MB incremental:off max_workers:2 =====
SELECT * FROM s_4 ORDER BY a, b, c, d, e
                                                   QUERY PLAN                                                    
-----------------------------------------------------------------------------------------------------------------
 Limit  (cost=79.33..79.33 rows=1 width=20) (actual time=0.251..0.251 rows=0 loops=1)
   ->  Sort  (cost=66.83..69.33 rows=1000 width=20) (actual time=0.196..0.228 rows=1000 loops=1)
         Sort Key: s_4.a, s_4.b, s_4.c, s_4.d, s_4.e
         Sort Method: quicksort  Memory: 103kB
         ->  Seq Scan on s_4  (cost=0.00..17.00 rows=1000 width=20) (actual time=0.007..0.063 rows=1000 loops=1)
 Planning time: 0.258 ms
 Execution time: 0.269 ms
(7 rows)

===== 441 [Wed Mar  7 01:55:50 CET 2018] scale:1000 groups:10000 work_mem:256MB incremental:on max_workers:2 =====
SELECT * FROM s_1 ORDER BY a, b
                                                   QUERY PLAN                                                    
-----------------------------------------------------------------------------------------------------------------
 Limit  (cost=79.33..79.33 rows=1 width=20) (actual time=0.296..0.296 rows=0 loops=1)
   ->  Sort  (cost=66.83..69.33 rows=1000 width=20) (actual time=0.242..0.274 rows=1000 loops=1)
         Sort Key: s_1.a, s_1.b
         Sort Method: quicksort  Memory: 103kB
         ->  Seq Scan on s_1  (cost=0.00..17.00 rows=1000 width=20) (actual time=0.004..0.062 rows=1000 loops=1)
 Planning time: 0.275 ms
 Execution time: 0.331 ms
(7 rows)

===== 442 [Wed Mar  7 01:55:50 CET 2018] scale:1000 groups:10000 work_mem:256MB incremental:on max_workers:2 =====
SELECT * FROM s_2 ORDER BY a, b, c
                                                   QUERY PLAN                                                    
-----------------------------------------------------------------------------------------------------------------
 Limit  (cost=79.33..79.33 rows=1 width=20) (actual time=0.251..0.251 rows=0 loops=1)
   ->  Sort  (cost=66.83..69.33 rows=1000 width=20) (actual time=0.196..0.228 rows=1000 loops=1)
         Sort Key: s_2.a, s_2.b, s_2.c
         Sort Method: quicksort  Memory: 103kB
         ->  Seq Scan on s_2  (cost=0.00..17.00 rows=1000 width=20) (actual time=0.007..0.068 rows=1000 loops=1)
 Planning time: 0.283 ms
 Execution time: 0.270 ms
(7 rows)

===== 443 [Wed Mar  7 01:55:50 CET 2018] scale:1000 groups:10000 work_mem:256MB incremental:on max_workers:2 =====
SELECT * FROM s_3 ORDER BY a, b, c, d
                                                   QUERY PLAN                                                    
-----------------------------------------------------------------------------------------------------------------
 Limit  (cost=79.33..79.33 rows=1 width=20) (actual time=0.246..0.246 rows=0 loops=1)
   ->  Sort  (cost=66.83..69.33 rows=1000 width=20) (actual time=0.192..0.224 rows=1000 loops=1)
         Sort Key: s_3.a, s_3.b, s_3.c, s_3.d
         Sort Method: quicksort  Memory: 103kB
         ->  Seq Scan on s_3  (cost=0.00..17.00 rows=1000 width=20) (actual time=0.004..0.060 rows=1000 loops=1)
 Planning time: 0.292 ms
 Execution time: 0.266 ms
(7 rows)

===== 444 [Wed Mar  7 01:55:50 CET 2018] scale:1000 groups:10000 work_mem:256MB incremental:on max_workers:2 =====
SELECT * FROM s_4 ORDER BY a, b, c, d, e
                                                   QUERY PLAN                                                    
-----------------------------------------------------------------------------------------------------------------
 Limit  (cost=79.33..79.33 rows=1 width=20) (actual time=0.252..0.252 rows=0 loops=1)
   ->  Sort  (cost=66.83..69.33 rows=1000 width=20) (actual time=0.191..0.229 rows=1000 loops=1)
         Sort Key: s_4.a, s_4.b, s_4.c, s_4.d, s_4.e
         Sort Method: quicksort  Memory: 103kB
         ->  Seq Scan on s_4  (cost=0.00..17.00 rows=1000 width=20) (actual time=0.007..0.063 rows=1000 loops=1)
 Planning time: 0.275 ms
 Execution time: 0.271 ms
(7 rows)

===== 445 [Wed Mar  7 01:55:50 CET 2018] scale:1000 groups:10000 work_mem:256MB incremental:off max_workers:2 =====
SELECT * FROM s_1 ORDER BY a, b
                                                   QUERY PLAN                                                    
-----------------------------------------------------------------------------------------------------------------
 Limit  (cost=79.33..79.33 rows=1 width=20) (actual time=0.298..0.298 rows=0 loops=1)
   ->  Sort  (cost=66.83..69.33 rows=1000 width=20) (actual time=0.244..0.276 rows=1000 loops=1)
         Sort Key: s_1.a, s_1.b
         Sort Method: quicksort  Memory: 103kB
         ->  Seq Scan on s_1  (cost=0.00..17.00 rows=1000 width=20) (actual time=0.004..0.063 rows=1000 loops=1)
 Planning time: 0.268 ms
 Execution time: 0.327 ms
(7 rows)

===== 446 [Wed Mar  7 01:55:50 CET 2018] scale:1000 groups:10000 work_mem:256MB incremental:off max_workers:2 =====
SELECT * FROM s_2 ORDER BY a, b, c
                                                   QUERY PLAN                                                    
-----------------------------------------------------------------------------------------------------------------
 Limit  (cost=79.33..79.33 rows=1 width=20) (actual time=0.256..0.256 rows=0 loops=1)
   ->  Sort  (cost=66.83..69.33 rows=1000 width=20) (actual time=0.202..0.234 rows=1000 loops=1)
         Sort Key: s_2.a, s_2.b, s_2.c
         Sort Method: quicksort  Memory: 103kB
         ->  Seq Scan on s_2  (cost=0.00..17.00 rows=1000 width=20) (actual time=0.014..0.075 rows=1000 loops=1)
 Planning time: 0.266 ms
 Execution time: 0.274 ms
(7 rows)

===== 447 [Wed Mar  7 01:55:50 CET 2018] scale:1000 groups:10000 work_mem:256MB incremental:off max_workers:2 =====
SELECT * FROM s_3 ORDER BY a, b, c, d
                                                   QUERY PLAN                                                    
-----------------------------------------------------------------------------------------------------------------
 Limit  (cost=79.33..79.33 rows=1 width=20) (actual time=0.249..0.249 rows=0 loops=1)
   ->  Sort  (cost=66.83..69.33 rows=1000 width=20) (actual time=0.192..0.227 rows=1000 loops=1)
         Sort Key: s_3.a, s_3.b, s_3.c, s_3.d
         Sort Method: quicksort  Memory: 103kB
         ->  Seq Scan on s_3  (cost=0.00..17.00 rows=1000 width=20) (actual time=0.004..0.060 rows=1000 loops=1)
 Planning time: 0.269 ms
 Execution time: 0.268 ms
(7 rows)

===== 448 [Wed Mar  7 01:55:50 CET 2018] scale:1000 groups:10000 work_mem:256MB incremental:off max_workers:2 =====
SELECT * FROM s_4 ORDER BY a, b, c, d, e
                                                   QUERY PLAN                                                    
-----------------------------------------------------------------------------------------------------------------
 Limit  (cost=79.33..79.33 rows=1 width=20) (actual time=0.246..0.246 rows=0 loops=1)
   ->  Sort  (cost=66.83..69.33 rows=1000 width=20) (actual time=0.192..0.224 rows=1000 loops=1)
         Sort Key: s_4.a, s_4.b, s_4.c, s_4.d, s_4.e
         Sort Method: quicksort  Memory: 103kB
         ->  Seq Scan on s_4  (cost=0.00..17.00 rows=1000 width=20) (actual time=0.007..0.063 rows=1000 loops=1)
 Planning time: 0.262 ms
 Execution time: 0.265 ms
(7 rows)

