===== 1 [Wed Mar  7 01:55:51 CET 2018] scale:1000 groups:10 work_mem:4MB incremental:on max_workers:0 =====
SELECT * FROM s_1 ORDER BY a, b LIMIT 10
                                                              QUERY PLAN                                                               
---------------------------------------------------------------------------------------------------------------------------------------
 Limit  (cost=6.61..6.61 rows=1 width=20) (actual time=0.076..0.076 rows=0 loops=1)
   ->  Limit  (cost=6.33..6.51 rows=10 width=20) (actual time=0.074..0.075 rows=10 loops=1)
         ->  Incremental Sort  (cost=6.33..24.05 rows=1000 width=20) (actual time=0.073..0.074 rows=10 loops=1)
               Sort Key: s_1.a, s_1.b
               Presorted Key: s_1.a
               Sort Method: quicksort  Memory: 28kB
               Sort Groups: 1
               ->  Index Scan using s_1_a_idx on s_1  (cost=0.28..45.27 rows=1000 width=20) (actual time=0.022..0.027 rows=49 loops=1)
 Planning time: 0.253 ms
 Execution time: 0.104 ms
(10 rows)

===== 2 [Wed Mar  7 01:55:51 CET 2018] scale:1000 groups:10 work_mem:4MB incremental:on max_workers:0 =====
SELECT * FROM s_2 ORDER BY a, b, c LIMIT 10
                                                               QUERY PLAN                                                                
-----------------------------------------------------------------------------------------------------------------------------------------
 Limit  (cost=1.26..1.26 rows=1 width=20) (actual time=0.074..0.074 rows=0 loops=1)
   ->  Limit  (cost=0.97..1.16 rows=10 width=20) (actual time=0.072..0.073 rows=10 loops=1)
         ->  Incremental Sort  (cost=0.97..20.47 rows=1000 width=20) (actual time=0.072..0.072 rows=10 loops=1)
               Sort Key: s_2.a, s_2.b, s_2.c
               Presorted Key: s_2.a, s_2.b
               Sort Method: quicksort  Memory: 27kB
               Sort Groups: 1
               ->  Index Scan using s_2_a_b_idx on s_2  (cost=0.28..53.15 rows=1000 width=20) (actual time=0.025..0.029 rows=35 loops=1)
 Planning time: 0.255 ms
 Execution time: 0.098 ms
(10 rows)

===== 3 [Wed Mar  7 01:55:51 CET 2018] scale:1000 groups:10 work_mem:4MB incremental:on max_workers:0 =====
SELECT * FROM s_3 ORDER BY a, b, c, d LIMIT 10
                                                                QUERY PLAN                                                                 
-------------------------------------------------------------------------------------------------------------------------------------------
 Limit  (cost=1.30..1.30 rows=1 width=20) (actual time=0.072..0.072 rows=0 loops=1)
   ->  Limit  (cost=1.01..1.20 rows=10 width=20) (actual time=0.070..0.071 rows=10 loops=1)
         ->  Incremental Sort  (cost=1.01..20.51 rows=1000 width=20) (actual time=0.070..0.070 rows=10 loops=1)
               Sort Key: s_3.a, s_3.b, s_3.c, s_3.d
               Presorted Key: s_3.a, s_3.b, s_3.c
               Sort Method: quicksort  Memory: 27kB
               Sort Groups: 1
               ->  Index Scan using s_3_a_b_c_idx on s_3  (cost=0.28..57.15 rows=1000 width=20) (actual time=0.022..0.025 rows=34 loops=1)
 Planning time: 0.267 ms
 Execution time: 0.095 ms
(10 rows)

===== 4 [Wed Mar  7 01:55:51 CET 2018] scale:1000 groups:10 work_mem:4MB incremental:on max_workers:0 =====
SELECT * FROM s_4 ORDER BY a, b, c, d, e LIMIT 10
                                                                 QUERY PLAN                                                                  
---------------------------------------------------------------------------------------------------------------------------------------------
 Limit  (cost=1.30..1.30 rows=1 width=20) (actual time=0.059..0.059 rows=0 loops=1)
   ->  Limit  (cost=1.01..1.20 rows=10 width=20) (actual time=0.056..0.057 rows=10 loops=1)
         ->  Incremental Sort  (cost=1.01..20.51 rows=1000 width=20) (actual time=0.056..0.056 rows=10 loops=1)
               Sort Key: s_4.a, s_4.b, s_4.c, s_4.d, s_4.e
               Presorted Key: s_4.a, s_4.b, s_4.c, s_4.d
               Sort Method: quicksort  Memory: 27kB
               Sort Groups: 1
               ->  Index Scan using s_4_a_b_c_d_idx on s_4  (cost=0.28..57.15 rows=1000 width=20) (actual time=0.011..0.014 rows=33 loops=1)
 Planning time: 0.261 ms
 Execution time: 0.081 ms
(10 rows)

===== 5 [Wed Mar  7 01:55:51 CET 2018] scale:1000 groups:10 work_mem:4MB incremental:off max_workers:0 =====
SELECT * FROM s_1 ORDER BY a, b LIMIT 10
                                                      QUERY PLAN                                                       
-----------------------------------------------------------------------------------------------------------------------
 Limit  (cost=38.73..38.73 rows=1 width=20) (actual time=0.152..0.152 rows=0 loops=1)
   ->  Limit  (cost=38.61..38.63 rows=10 width=20) (actual time=0.149..0.151 rows=10 loops=1)
         ->  Sort  (cost=38.61..41.11 rows=1000 width=20) (actual time=0.149..0.150 rows=10 loops=1)
               Sort Key: s_1.a, s_1.b
               Sort Method: top-N heapsort  Memory: 26kB
               ->  Seq Scan on s_1  (cost=0.00..17.00 rows=1000 width=20) (actual time=0.004..0.055 rows=1000 loops=1)
 Planning time: 0.255 ms
 Execution time: 0.175 ms
(8 rows)

===== 6 [Wed Mar  7 01:55:51 CET 2018] scale:1000 groups:10 work_mem:4MB incremental:off max_workers:0 =====
SELECT * FROM s_2 ORDER BY a, b, c LIMIT 10
                                                      QUERY PLAN                                                       
-----------------------------------------------------------------------------------------------------------------------
 Limit  (cost=38.73..38.73 rows=1 width=20) (actual time=0.154..0.154 rows=0 loops=1)
   ->  Limit  (cost=38.61..38.63 rows=10 width=20) (actual time=0.152..0.153 rows=10 loops=1)
         ->  Sort  (cost=38.61..41.11 rows=1000 width=20) (actual time=0.152..0.152 rows=10 loops=1)
               Sort Key: s_2.a, s_2.b, s_2.c
               Sort Method: top-N heapsort  Memory: 25kB
               ->  Seq Scan on s_2  (cost=0.00..17.00 rows=1000 width=20) (actual time=0.007..0.058 rows=1000 loops=1)
 Planning time: 0.256 ms
 Execution time: 0.179 ms
(8 rows)

===== 7 [Wed Mar  7 01:55:51 CET 2018] scale:1000 groups:10 work_mem:4MB incremental:off max_workers:0 =====
SELECT * FROM s_3 ORDER BY a, b, c, d LIMIT 10
                                                      QUERY PLAN                                                       
-----------------------------------------------------------------------------------------------------------------------
 Limit  (cost=38.73..38.73 rows=1 width=20) (actual time=0.166..0.166 rows=0 loops=1)
   ->  Limit  (cost=38.61..38.63 rows=10 width=20) (actual time=0.164..0.165 rows=10 loops=1)
         ->  Sort  (cost=38.61..41.11 rows=1000 width=20) (actual time=0.164..0.164 rows=10 loops=1)
               Sort Key: s_3.a, s_3.b, s_3.c, s_3.d
               Sort Method: top-N heapsort  Memory: 25kB
               ->  Seq Scan on s_3  (cost=0.00..17.00 rows=1000 width=20) (actual time=0.004..0.058 rows=1000 loops=1)
 Planning time: 0.252 ms
 Execution time: 0.188 ms
(8 rows)

===== 8 [Wed Mar  7 01:55:52 CET 2018] scale:1000 groups:10 work_mem:4MB incremental:off max_workers:0 =====
SELECT * FROM s_4 ORDER BY a, b, c, d, e LIMIT 10
                                                      QUERY PLAN                                                       
-----------------------------------------------------------------------------------------------------------------------
 Limit  (cost=38.73..38.73 rows=1 width=20) (actual time=0.158..0.158 rows=0 loops=1)
   ->  Limit  (cost=38.61..38.63 rows=10 width=20) (actual time=0.156..0.157 rows=10 loops=1)
         ->  Sort  (cost=38.61..41.11 rows=1000 width=20) (actual time=0.156..0.156 rows=10 loops=1)
               Sort Key: s_4.a, s_4.b, s_4.c, s_4.d, s_4.e
               Sort Method: top-N heapsort  Memory: 25kB
               ->  Seq Scan on s_4  (cost=0.00..17.00 rows=1000 width=20) (actual time=0.007..0.058 rows=1000 loops=1)
 Planning time: 0.254 ms
 Execution time: 0.180 ms
(8 rows)

===== 9 [Wed Mar  7 01:55:52 CET 2018] scale:1000 groups:10 work_mem:8MB incremental:on max_workers:0 =====
SELECT * FROM s_1 ORDER BY a, b LIMIT 10
                                                              QUERY PLAN                                                               
---------------------------------------------------------------------------------------------------------------------------------------
 Limit  (cost=6.61..6.61 rows=1 width=20) (actual time=0.063..0.063 rows=0 loops=1)
   ->  Limit  (cost=6.33..6.51 rows=10 width=20) (actual time=0.061..0.062 rows=10 loops=1)
         ->  Incremental Sort  (cost=6.33..24.05 rows=1000 width=20) (actual time=0.061..0.061 rows=10 loops=1)
               Sort Key: s_1.a, s_1.b
               Presorted Key: s_1.a
               Sort Method: quicksort  Memory: 28kB
               Sort Groups: 1
               ->  Index Scan using s_1_a_idx on s_1  (cost=0.28..45.27 rows=1000 width=20) (actual time=0.009..0.014 rows=49 loops=1)
 Planning time: 0.253 ms
 Execution time: 0.089 ms
(10 rows)

===== 10 [Wed Mar  7 01:55:52 CET 2018] scale:1000 groups:10 work_mem:8MB incremental:on max_workers:0 =====
SELECT * FROM s_2 ORDER BY a, b, c LIMIT 10
                                                               QUERY PLAN                                                                
-----------------------------------------------------------------------------------------------------------------------------------------
 Limit  (cost=1.26..1.26 rows=1 width=20) (actual time=0.059..0.059 rows=0 loops=1)
   ->  Limit  (cost=0.97..1.16 rows=10 width=20) (actual time=0.057..0.058 rows=10 loops=1)
         ->  Incremental Sort  (cost=0.97..20.47 rows=1000 width=20) (actual time=0.056..0.057 rows=10 loops=1)
               Sort Key: s_2.a, s_2.b, s_2.c
               Presorted Key: s_2.a, s_2.b
               Sort Method: quicksort  Memory: 27kB
               Sort Groups: 1
               ->  Index Scan using s_2_a_b_idx on s_2  (cost=0.28..53.15 rows=1000 width=20) (actual time=0.011..0.015 rows=35 loops=1)
 Planning time: 0.258 ms
 Execution time: 0.083 ms
(10 rows)

===== 11 [Wed Mar  7 01:55:52 CET 2018] scale:1000 groups:10 work_mem:8MB incremental:on max_workers:0 =====
SELECT * FROM s_3 ORDER BY a, b, c, d LIMIT 10
                                                                QUERY PLAN                                                                 
-------------------------------------------------------------------------------------------------------------------------------------------
 Limit  (cost=1.30..1.30 rows=1 width=20) (actual time=0.063..0.063 rows=0 loops=1)
   ->  Limit  (cost=1.01..1.20 rows=10 width=20) (actual time=0.061..0.062 rows=10 loops=1)
         ->  Incremental Sort  (cost=1.01..20.51 rows=1000 width=20) (actual time=0.060..0.061 rows=10 loops=1)
               Sort Key: s_3.a, s_3.b, s_3.c, s_3.d
               Presorted Key: s_3.a, s_3.b, s_3.c
               Sort Method: quicksort  Memory: 27kB
               Sort Groups: 1
               ->  Index Scan using s_3_a_b_c_idx on s_3  (cost=0.28..57.15 rows=1000 width=20) (actual time=0.012..0.016 rows=34 loops=1)
 Planning time: 0.263 ms
 Execution time: 0.085 ms
(10 rows)

===== 12 [Wed Mar  7 01:55:52 CET 2018] scale:1000 groups:10 work_mem:8MB incremental:on max_workers:0 =====
SELECT * FROM s_4 ORDER BY a, b, c, d, e LIMIT 10
                                                                 QUERY PLAN                                                                  
---------------------------------------------------------------------------------------------------------------------------------------------
 Limit  (cost=1.30..1.30 rows=1 width=20) (actual time=0.061..0.061 rows=0 loops=1)
   ->  Limit  (cost=1.01..1.20 rows=10 width=20) (actual time=0.059..0.060 rows=10 loops=1)
         ->  Incremental Sort  (cost=1.01..20.51 rows=1000 width=20) (actual time=0.059..0.059 rows=10 loops=1)
               Sort Key: s_4.a, s_4.b, s_4.c, s_4.d, s_4.e
               Presorted Key: s_4.a, s_4.b, s_4.c, s_4.d
               Sort Method: quicksort  Memory: 27kB
               Sort Groups: 1
               ->  Index Scan using s_4_a_b_c_d_idx on s_4  (cost=0.28..57.15 rows=1000 width=20) (actual time=0.015..0.018 rows=33 loops=1)
 Planning time: 0.258 ms
 Execution time: 0.086 ms
(10 rows)

===== 13 [Wed Mar  7 01:55:52 CET 2018] scale:1000 groups:10 work_mem:8MB incremental:off max_workers:0 =====
SELECT * FROM s_1 ORDER BY a, b LIMIT 10
                                                      QUERY PLAN                                                       
-----------------------------------------------------------------------------------------------------------------------
 Limit  (cost=38.73..38.73 rows=1 width=20) (actual time=0.151..0.151 rows=0 loops=1)
   ->  Limit  (cost=38.61..38.63 rows=10 width=20) (actual time=0.149..0.150 rows=10 loops=1)
         ->  Sort  (cost=38.61..41.11 rows=1000 width=20) (actual time=0.149..0.149 rows=10 loops=1)
               Sort Key: s_1.a, s_1.b
               Sort Method: top-N heapsort  Memory: 26kB
               ->  Seq Scan on s_1  (cost=0.00..17.00 rows=1000 width=20) (actual time=0.004..0.055 rows=1000 loops=1)
 Planning time: 0.252 ms
 Execution time: 0.173 ms
(8 rows)

===== 14 [Wed Mar  7 01:55:52 CET 2018] scale:1000 groups:10 work_mem:8MB incremental:off max_workers:0 =====
SELECT * FROM s_2 ORDER BY a, b, c LIMIT 10
                                                      QUERY PLAN                                                       
-----------------------------------------------------------------------------------------------------------------------
 Limit  (cost=38.73..38.73 rows=1 width=20) (actual time=0.156..0.156 rows=0 loops=1)
   ->  Limit  (cost=38.61..38.63 rows=10 width=20) (actual time=0.153..0.154 rows=10 loops=1)
         ->  Sort  (cost=38.61..41.11 rows=1000 width=20) (actual time=0.153..0.153 rows=10 loops=1)
               Sort Key: s_2.a, s_2.b, s_2.c
               Sort Method: top-N heapsort  Memory: 25kB
               ->  Seq Scan on s_2  (cost=0.00..17.00 rows=1000 width=20) (actual time=0.006..0.058 rows=1000 loops=1)
 Planning time: 0.246 ms
 Execution time: 0.179 ms
(8 rows)

===== 15 [Wed Mar  7 01:55:52 CET 2018] scale:1000 groups:10 work_mem:8MB incremental:off max_workers:0 =====
SELECT * FROM s_3 ORDER BY a, b, c, d LIMIT 10
                                                      QUERY PLAN                                                       
-----------------------------------------------------------------------------------------------------------------------
 Limit  (cost=38.73..38.73 rows=1 width=20) (actual time=0.168..0.168 rows=0 loops=1)
   ->  Limit  (cost=38.61..38.63 rows=10 width=20) (actual time=0.166..0.167 rows=10 loops=1)
         ->  Sort  (cost=38.61..41.11 rows=1000 width=20) (actual time=0.166..0.166 rows=10 loops=1)
               Sort Key: s_3.a, s_3.b, s_3.c, s_3.d
               Sort Method: top-N heapsort  Memory: 25kB
               ->  Seq Scan on s_3  (cost=0.00..17.00 rows=1000 width=20) (actual time=0.004..0.058 rows=1000 loops=1)
 Planning time: 0.250 ms
 Execution time: 0.192 ms
(8 rows)

===== 16 [Wed Mar  7 01:55:52 CET 2018] scale:1000 groups:10 work_mem:8MB incremental:off max_workers:0 =====
SELECT * FROM s_4 ORDER BY a, b, c, d, e LIMIT 10
                                                      QUERY PLAN                                                       
-----------------------------------------------------------------------------------------------------------------------
 Limit  (cost=38.73..38.73 rows=1 width=20) (actual time=0.164..0.164 rows=0 loops=1)
   ->  Limit  (cost=38.61..38.63 rows=10 width=20) (actual time=0.161..0.162 rows=10 loops=1)
         ->  Sort  (cost=38.61..41.11 rows=1000 width=20) (actual time=0.161..0.161 rows=10 loops=1)
               Sort Key: s_4.a, s_4.b, s_4.c, s_4.d, s_4.e
               Sort Method: top-N heapsort  Memory: 25kB
               ->  Seq Scan on s_4  (cost=0.00..17.00 rows=1000 width=20) (actual time=0.007..0.058 rows=1000 loops=1)
 Planning time: 0.245 ms
 Execution time: 0.186 ms
(8 rows)

===== 17 [Wed Mar  7 01:55:52 CET 2018] scale:1000 groups:10 work_mem:16MB incremental:on max_workers:0 =====
SELECT * FROM s_1 ORDER BY a, b LIMIT 10
                                                              QUERY PLAN                                                               
---------------------------------------------------------------------------------------------------------------------------------------
 Limit  (cost=6.61..6.61 rows=1 width=20) (actual time=0.063..0.063 rows=0 loops=1)
   ->  Limit  (cost=6.33..6.51 rows=10 width=20) (actual time=0.061..0.062 rows=10 loops=1)
         ->  Incremental Sort  (cost=6.33..24.05 rows=1000 width=20) (actual time=0.060..0.061 rows=10 loops=1)
               Sort Key: s_1.a, s_1.b
               Presorted Key: s_1.a
               Sort Method: quicksort  Memory: 28kB
               Sort Groups: 1
               ->  Index Scan using s_1_a_idx on s_1  (cost=0.28..45.27 rows=1000 width=20) (actual time=0.009..0.015 rows=49 loops=1)
 Planning time: 0.253 ms
 Execution time: 0.089 ms
(10 rows)

===== 18 [Wed Mar  7 01:55:52 CET 2018] scale:1000 groups:10 work_mem:16MB incremental:on max_workers:0 =====
SELECT * FROM s_2 ORDER BY a, b, c LIMIT 10
                                                               QUERY PLAN                                                                
-----------------------------------------------------------------------------------------------------------------------------------------
 Limit  (cost=1.26..1.26 rows=1 width=20) (actual time=0.060..0.060 rows=0 loops=1)
   ->  Limit  (cost=0.97..1.16 rows=10 width=20) (actual time=0.058..0.059 rows=10 loops=1)
         ->  Incremental Sort  (cost=0.97..20.47 rows=1000 width=20) (actual time=0.058..0.058 rows=10 loops=1)
               Sort Key: s_2.a, s_2.b, s_2.c
               Presorted Key: s_2.a, s_2.b
               Sort Method: quicksort  Memory: 27kB
               Sort Groups: 1
               ->  Index Scan using s_2_a_b_idx on s_2  (cost=0.28..53.15 rows=1000 width=20) (actual time=0.012..0.015 rows=35 loops=1)
 Planning time: 0.258 ms
 Execution time: 0.084 ms
(10 rows)

===== 19 [Wed Mar  7 01:55:52 CET 2018] scale:1000 groups:10 work_mem:16MB incremental:on max_workers:0 =====
SELECT * FROM s_3 ORDER BY a, b, c, d LIMIT 10
                                                                QUERY PLAN                                                                 
-------------------------------------------------------------------------------------------------------------------------------------------
 Limit  (cost=1.30..1.30 rows=1 width=20) (actual time=0.058..0.058 rows=0 loops=1)
   ->  Limit  (cost=1.01..1.20 rows=10 width=20) (actual time=0.056..0.057 rows=10 loops=1)
         ->  Incremental Sort  (cost=1.01..20.51 rows=1000 width=20) (actual time=0.056..0.056 rows=10 loops=1)
               Sort Key: s_3.a, s_3.b, s_3.c, s_3.d
               Presorted Key: s_3.a, s_3.b, s_3.c
               Sort Method: quicksort  Memory: 27kB
               Sort Groups: 1
               ->  Index Scan using s_3_a_b_c_idx on s_3  (cost=0.28..57.15 rows=1000 width=20) (actual time=0.008..0.011 rows=34 loops=1)
 Planning time: 0.264 ms
 Execution time: 0.081 ms
(10 rows)

===== 20 [Wed Mar  7 01:55:52 CET 2018] scale:1000 groups:10 work_mem:16MB incremental:on max_workers:0 =====
SELECT * FROM s_4 ORDER BY a, b, c, d, e LIMIT 10
                                                                 QUERY PLAN                                                                  
---------------------------------------------------------------------------------------------------------------------------------------------
 Limit  (cost=1.30..1.30 rows=1 width=20) (actual time=0.059..0.059 rows=0 loops=1)
   ->  Limit  (cost=1.01..1.20 rows=10 width=20) (actual time=0.056..0.057 rows=10 loops=1)
         ->  Incremental Sort  (cost=1.01..20.51 rows=1000 width=20) (actual time=0.056..0.056 rows=10 loops=1)
               Sort Key: s_4.a, s_4.b, s_4.c, s_4.d, s_4.e
               Presorted Key: s_4.a, s_4.b, s_4.c, s_4.d
               Sort Method: quicksort  Memory: 27kB
               Sort Groups: 1
               ->  Index Scan using s_4_a_b_c_d_idx on s_4  (cost=0.28..57.15 rows=1000 width=20) (actual time=0.012..0.015 rows=33 loops=1)
 Planning time: 0.259 ms
 Execution time: 0.082 ms
(10 rows)

===== 21 [Wed Mar  7 01:55:52 CET 2018] scale:1000 groups:10 work_mem:16MB incremental:off max_workers:0 =====
SELECT * FROM s_1 ORDER BY a, b LIMIT 10
                                                      QUERY PLAN                                                       
-----------------------------------------------------------------------------------------------------------------------
 Limit  (cost=38.73..38.73 rows=1 width=20) (actual time=0.162..0.162 rows=0 loops=1)
   ->  Limit  (cost=38.61..38.63 rows=10 width=20) (actual time=0.159..0.160 rows=10 loops=1)
         ->  Sort  (cost=38.61..41.11 rows=1000 width=20) (actual time=0.159..0.159 rows=10 loops=1)
               Sort Key: s_1.a, s_1.b
               Sort Method: top-N heapsort  Memory: 26kB
               ->  Seq Scan on s_1  (cost=0.00..17.00 rows=1000 width=20) (actual time=0.004..0.055 rows=1000 loops=1)
 Planning time: 0.251 ms
 Execution time: 0.185 ms
(8 rows)

===== 22 [Wed Mar  7 01:55:52 CET 2018] scale:1000 groups:10 work_mem:16MB incremental:off max_workers:0 =====
SELECT * FROM s_2 ORDER BY a, b, c LIMIT 10
                                                      QUERY PLAN                                                       
-----------------------------------------------------------------------------------------------------------------------
 Limit  (cost=38.73..38.73 rows=1 width=20) (actual time=0.162..0.162 rows=0 loops=1)
   ->  Limit  (cost=38.61..38.63 rows=10 width=20) (actual time=0.160..0.161 rows=10 loops=1)
         ->  Sort  (cost=38.61..41.11 rows=1000 width=20) (actual time=0.160..0.160 rows=10 loops=1)
               Sort Key: s_2.a, s_2.b, s_2.c
               Sort Method: top-N heapsort  Memory: 25kB
               ->  Seq Scan on s_2  (cost=0.00..17.00 rows=1000 width=20) (actual time=0.014..0.065 rows=1000 loops=1)
 Planning time: 0.249 ms
 Execution time: 0.185 ms
(8 rows)

===== 23 [Wed Mar  7 01:55:53 CET 2018] scale:1000 groups:10 work_mem:16MB incremental:off max_workers:0 =====
SELECT * FROM s_3 ORDER BY a, b, c, d LIMIT 10
                                                      QUERY PLAN                                                       
-----------------------------------------------------------------------------------------------------------------------
 Limit  (cost=38.73..38.73 rows=1 width=20) (actual time=0.167..0.167 rows=0 loops=1)
   ->  Limit  (cost=38.61..38.63 rows=10 width=20) (actual time=0.165..0.166 rows=10 loops=1)
         ->  Sort  (cost=38.61..41.11 rows=1000 width=20) (actual time=0.165..0.165 rows=10 loops=1)
               Sort Key: s_3.a, s_3.b, s_3.c, s_3.d
               Sort Method: top-N heapsort  Memory: 25kB
               ->  Seq Scan on s_3  (cost=0.00..17.00 rows=1000 width=20) (actual time=0.004..0.059 rows=1000 loops=1)
 Planning time: 0.258 ms
 Execution time: 0.189 ms
(8 rows)

===== 24 [Wed Mar  7 01:55:53 CET 2018] scale:1000 groups:10 work_mem:16MB incremental:off max_workers:0 =====
SELECT * FROM s_4 ORDER BY a, b, c, d, e LIMIT 10
                                                      QUERY PLAN                                                       
-----------------------------------------------------------------------------------------------------------------------
 Limit  (cost=38.73..38.73 rows=1 width=20) (actual time=0.157..0.157 rows=0 loops=1)
   ->  Limit  (cost=38.61..38.63 rows=10 width=20) (actual time=0.155..0.156 rows=10 loops=1)
         ->  Sort  (cost=38.61..41.11 rows=1000 width=20) (actual time=0.155..0.155 rows=10 loops=1)
               Sort Key: s_4.a, s_4.b, s_4.c, s_4.d, s_4.e
               Sort Method: top-N heapsort  Memory: 25kB
               ->  Seq Scan on s_4  (cost=0.00..17.00 rows=1000 width=20) (actual time=0.007..0.058 rows=1000 loops=1)
 Planning time: 0.246 ms
 Execution time: 0.179 ms
(8 rows)

===== 25 [Wed Mar  7 01:55:53 CET 2018] scale:1000 groups:10 work_mem:32MB incremental:on max_workers:0 =====
SELECT * FROM s_1 ORDER BY a, b LIMIT 10
                                                              QUERY PLAN                                                               
---------------------------------------------------------------------------------------------------------------------------------------
 Limit  (cost=6.61..6.61 rows=1 width=20) (actual time=0.063..0.063 rows=0 loops=1)
   ->  Limit  (cost=6.33..6.51 rows=10 width=20) (actual time=0.061..0.062 rows=10 loops=1)
         ->  Incremental Sort  (cost=6.33..24.05 rows=1000 width=20) (actual time=0.061..0.061 rows=10 loops=1)
               Sort Key: s_1.a, s_1.b
               Presorted Key: s_1.a
               Sort Method: quicksort  Memory: 28kB
               Sort Groups: 1
               ->  Index Scan using s_1_a_idx on s_1  (cost=0.28..45.27 rows=1000 width=20) (actual time=0.009..0.014 rows=49 loops=1)
 Planning time: 0.257 ms
 Execution time: 0.089 ms
(10 rows)

===== 26 [Wed Mar  7 01:55:53 CET 2018] scale:1000 groups:10 work_mem:32MB incremental:on max_workers:0 =====
SELECT * FROM s_2 ORDER BY a, b, c LIMIT 10
                                                               QUERY PLAN                                                                
-----------------------------------------------------------------------------------------------------------------------------------------
 Limit  (cost=1.26..1.26 rows=1 width=20) (actual time=0.058..0.058 rows=0 loops=1)
   ->  Limit  (cost=0.97..1.16 rows=10 width=20) (actual time=0.056..0.057 rows=10 loops=1)
         ->  Incremental Sort  (cost=0.97..20.47 rows=1000 width=20) (actual time=0.056..0.056 rows=10 loops=1)
               Sort Key: s_2.a, s_2.b, s_2.c
               Presorted Key: s_2.a, s_2.b
               Sort Method: quicksort  Memory: 27kB
               Sort Groups: 1
               ->  Index Scan using s_2_a_b_idx on s_2  (cost=0.28..53.15 rows=1000 width=20) (actual time=0.011..0.015 rows=35 loops=1)
 Planning time: 0.257 ms
 Execution time: 0.083 ms
(10 rows)

===== 27 [Wed Mar  7 01:55:53 CET 2018] scale:1000 groups:10 work_mem:32MB incremental:on max_workers:0 =====
SELECT * FROM s_3 ORDER BY a, b, c, d LIMIT 10
                                                                QUERY PLAN                                                                 
-------------------------------------------------------------------------------------------------------------------------------------------
 Limit  (cost=1.30..1.30 rows=1 width=20) (actual time=0.057..0.057 rows=0 loops=1)
   ->  Limit  (cost=1.01..1.20 rows=10 width=20) (actual time=0.055..0.056 rows=10 loops=1)
         ->  Incremental Sort  (cost=1.01..20.51 rows=1000 width=20) (actual time=0.055..0.055 rows=10 loops=1)
               Sort Key: s_3.a, s_3.b, s_3.c, s_3.d
               Presorted Key: s_3.a, s_3.b, s_3.c
               Sort Method: quicksort  Memory: 27kB
               Sort Groups: 1
               ->  Index Scan using s_3_a_b_c_idx on s_3  (cost=0.28..57.15 rows=1000 width=20) (actual time=0.008..0.012 rows=34 loops=1)
 Planning time: 0.264 ms
 Execution time: 0.081 ms
(10 rows)

===== 28 [Wed Mar  7 01:55:53 CET 2018] scale:1000 groups:10 work_mem:32MB incremental:on max_workers:0 =====
SELECT * FROM s_4 ORDER BY a, b, c, d, e LIMIT 10
                                                                 QUERY PLAN                                                                  
---------------------------------------------------------------------------------------------------------------------------------------------
 Limit  (cost=1.30..1.30 rows=1 width=20) (actual time=0.058..0.058 rows=0 loops=1)
   ->  Limit  (cost=1.01..1.20 rows=10 width=20) (actual time=0.056..0.057 rows=10 loops=1)
         ->  Incremental Sort  (cost=1.01..20.51 rows=1000 width=20) (actual time=0.056..0.056 rows=10 loops=1)
               Sort Key: s_4.a, s_4.b, s_4.c, s_4.d, s_4.e
               Presorted Key: s_4.a, s_4.b, s_4.c, s_4.d
               Sort Method: quicksort  Memory: 27kB
               Sort Groups: 1
               ->  Index Scan using s_4_a_b_c_d_idx on s_4  (cost=0.28..57.15 rows=1000 width=20) (actual time=0.011..0.015 rows=33 loops=1)
 Planning time: 0.261 ms
 Execution time: 0.081 ms
(10 rows)

===== 29 [Wed Mar  7 01:55:53 CET 2018] scale:1000 groups:10 work_mem:32MB incremental:off max_workers:0 =====
SELECT * FROM s_1 ORDER BY a, b LIMIT 10
                                                      QUERY PLAN                                                       
-----------------------------------------------------------------------------------------------------------------------
 Limit  (cost=38.73..38.73 rows=1 width=20) (actual time=0.151..0.151 rows=0 loops=1)
   ->  Limit  (cost=38.61..38.63 rows=10 width=20) (actual time=0.149..0.150 rows=10 loops=1)
         ->  Sort  (cost=38.61..41.11 rows=1000 width=20) (actual time=0.149..0.149 rows=10 loops=1)
               Sort Key: s_1.a, s_1.b
               Sort Method: top-N heapsort  Memory: 26kB
               ->  Seq Scan on s_1  (cost=0.00..17.00 rows=1000 width=20) (actual time=0.004..0.055 rows=1000 loops=1)
 Planning time: 0.251 ms
 Execution time: 0.174 ms
(8 rows)

===== 30 [Wed Mar  7 01:55:53 CET 2018] scale:1000 groups:10 work_mem:32MB incremental:off max_workers:0 =====
SELECT * FROM s_2 ORDER BY a, b, c LIMIT 10
                                                      QUERY PLAN                                                       
-----------------------------------------------------------------------------------------------------------------------
 Limit  (cost=38.73..38.73 rows=1 width=20) (actual time=0.154..0.154 rows=0 loops=1)
   ->  Limit  (cost=38.61..38.63 rows=10 width=20) (actual time=0.152..0.153 rows=10 loops=1)
         ->  Sort  (cost=38.61..41.11 rows=1000 width=20) (actual time=0.152..0.152 rows=10 loops=1)
               Sort Key: s_2.a, s_2.b, s_2.c
               Sort Method: top-N heapsort  Memory: 25kB
               ->  Seq Scan on s_2  (cost=0.00..17.00 rows=1000 width=20) (actual time=0.007..0.058 rows=1000 loops=1)
 Planning time: 0.250 ms
 Execution time: 0.176 ms
(8 rows)

===== 31 [Wed Mar  7 01:55:53 CET 2018] scale:1000 groups:10 work_mem:32MB incremental:off max_workers:0 =====
SELECT * FROM s_3 ORDER BY a, b, c, d LIMIT 10
                                                      QUERY PLAN                                                       
-----------------------------------------------------------------------------------------------------------------------
 Limit  (cost=38.73..38.73 rows=1 width=20) (actual time=0.168..0.168 rows=0 loops=1)
   ->  Limit  (cost=38.61..38.63 rows=10 width=20) (actual time=0.166..0.167 rows=10 loops=1)
         ->  Sort  (cost=38.61..41.11 rows=1000 width=20) (actual time=0.166..0.166 rows=10 loops=1)
               Sort Key: s_3.a, s_3.b, s_3.c, s_3.d
               Sort Method: top-N heapsort  Memory: 25kB
               ->  Seq Scan on s_3  (cost=0.00..17.00 rows=1000 width=20) (actual time=0.004..0.058 rows=1000 loops=1)
 Planning time: 0.249 ms
 Execution time: 0.190 ms
(8 rows)

===== 32 [Wed Mar  7 01:55:53 CET 2018] scale:1000 groups:10 work_mem:32MB incremental:off max_workers:0 =====
SELECT * FROM s_4 ORDER BY a, b, c, d, e LIMIT 10
                                                      QUERY PLAN                                                       
-----------------------------------------------------------------------------------------------------------------------
 Limit  (cost=38.73..38.73 rows=1 width=20) (actual time=0.164..0.164 rows=0 loops=1)
   ->  Limit  (cost=38.61..38.63 rows=10 width=20) (actual time=0.162..0.163 rows=10 loops=1)
         ->  Sort  (cost=38.61..41.11 rows=1000 width=20) (actual time=0.162..0.162 rows=10 loops=1)
               Sort Key: s_4.a, s_4.b, s_4.c, s_4.d, s_4.e
               Sort Method: top-N heapsort  Memory: 25kB
               ->  Seq Scan on s_4  (cost=0.00..17.00 rows=1000 width=20) (actual time=0.007..0.058 rows=1000 loops=1)
 Planning time: 0.248 ms
 Execution time: 0.189 ms
(8 rows)

===== 33 [Wed Mar  7 01:55:53 CET 2018] scale:1000 groups:10 work_mem:64MB incremental:on max_workers:0 =====
SELECT * FROM s_1 ORDER BY a, b LIMIT 10
                                                              QUERY PLAN                                                               
---------------------------------------------------------------------------------------------------------------------------------------
 Limit  (cost=6.61..6.61 rows=1 width=20) (actual time=0.064..0.064 rows=0 loops=1)
   ->  Limit  (cost=6.33..6.51 rows=10 width=20) (actual time=0.062..0.063 rows=10 loops=1)
         ->  Incremental Sort  (cost=6.33..24.05 rows=1000 width=20) (actual time=0.062..0.062 rows=10 loops=1)
               Sort Key: s_1.a, s_1.b
               Presorted Key: s_1.a
               Sort Method: quicksort  Memory: 28kB
               Sort Groups: 1
               ->  Index Scan using s_1_a_idx on s_1  (cost=0.28..45.27 rows=1000 width=20) (actual time=0.009..0.015 rows=49 loops=1)
 Planning time: 0.255 ms
 Execution time: 0.090 ms
(10 rows)

===== 34 [Wed Mar  7 01:55:53 CET 2018] scale:1000 groups:10 work_mem:64MB incremental:on max_workers:0 =====
SELECT * FROM s_2 ORDER BY a, b, c LIMIT 10
                                                               QUERY PLAN                                                                
-----------------------------------------------------------------------------------------------------------------------------------------
 Limit  (cost=1.26..1.26 rows=1 width=20) (actual time=0.060..0.060 rows=0 loops=1)
   ->  Limit  (cost=0.97..1.16 rows=10 width=20) (actual time=0.058..0.059 rows=10 loops=1)
         ->  Incremental Sort  (cost=0.97..20.47 rows=1000 width=20) (actual time=0.058..0.058 rows=10 loops=1)
               Sort Key: s_2.a, s_2.b, s_2.c
               Presorted Key: s_2.a, s_2.b
               Sort Method: quicksort  Memory: 27kB
               Sort Groups: 1
               ->  Index Scan using s_2_a_b_idx on s_2  (cost=0.28..53.15 rows=1000 width=20) (actual time=0.011..0.015 rows=35 loops=1)
 Planning time: 0.256 ms
 Execution time: 0.084 ms
(10 rows)

===== 35 [Wed Mar  7 01:55:53 CET 2018] scale:1000 groups:10 work_mem:64MB incremental:on max_workers:0 =====
SELECT * FROM s_3 ORDER BY a, b, c, d LIMIT 10
                                                                QUERY PLAN                                                                 
-------------------------------------------------------------------------------------------------------------------------------------------
 Limit  (cost=1.30..1.30 rows=1 width=20) (actual time=0.058..0.058 rows=0 loops=1)
   ->  Limit  (cost=1.01..1.20 rows=10 width=20) (actual time=0.056..0.057 rows=10 loops=1)
         ->  Incremental Sort  (cost=1.01..20.51 rows=1000 width=20) (actual time=0.056..0.056 rows=10 loops=1)
               Sort Key: s_3.a, s_3.b, s_3.c, s_3.d
               Presorted Key: s_3.a, s_3.b, s_3.c
               Sort Method: quicksort  Memory: 27kB
               Sort Groups: 1
               ->  Index Scan using s_3_a_b_c_idx on s_3  (cost=0.28..57.15 rows=1000 width=20) (actual time=0.008..0.012 rows=34 loops=1)
 Planning time: 0.262 ms
 Execution time: 0.081 ms
(10 rows)

===== 36 [Wed Mar  7 01:55:53 CET 2018] scale:1000 groups:10 work_mem:64MB incremental:on max_workers:0 =====
SELECT * FROM s_4 ORDER BY a, b, c, d, e LIMIT 10
                                                                 QUERY PLAN                                                                  
---------------------------------------------------------------------------------------------------------------------------------------------
 Limit  (cost=1.30..1.30 rows=1 width=20) (actual time=0.058..0.058 rows=0 loops=1)
   ->  Limit  (cost=1.01..1.20 rows=10 width=20) (actual time=0.056..0.057 rows=10 loops=1)
         ->  Incremental Sort  (cost=1.01..20.51 rows=1000 width=20) (actual time=0.056..0.056 rows=10 loops=1)
               Sort Key: s_4.a, s_4.b, s_4.c, s_4.d, s_4.e
               Presorted Key: s_4.a, s_4.b, s_4.c, s_4.d
               Sort Method: quicksort  Memory: 27kB
               Sort Groups: 1
               ->  Index Scan using s_4_a_b_c_d_idx on s_4  (cost=0.28..57.15 rows=1000 width=20) (actual time=0.011..0.014 rows=33 loops=1)
 Planning time: 0.260 ms
 Execution time: 0.081 ms
(10 rows)

===== 37 [Wed Mar  7 01:55:54 CET 2018] scale:1000 groups:10 work_mem:64MB incremental:off max_workers:0 =====
SELECT * FROM s_1 ORDER BY a, b LIMIT 10
                                                      QUERY PLAN                                                       
-----------------------------------------------------------------------------------------------------------------------
 Limit  (cost=38.73..38.73 rows=1 width=20) (actual time=0.151..0.151 rows=0 loops=1)
   ->  Limit  (cost=38.61..38.63 rows=10 width=20) (actual time=0.148..0.150 rows=10 loops=1)
         ->  Sort  (cost=38.61..41.11 rows=1000 width=20) (actual time=0.148..0.149 rows=10 loops=1)
               Sort Key: s_1.a, s_1.b
               Sort Method: top-N heapsort  Memory: 26kB
               ->  Seq Scan on s_1  (cost=0.00..17.00 rows=1000 width=20) (actual time=0.004..0.055 rows=1000 loops=1)
 Planning time: 0.260 ms
 Execution time: 0.174 ms
(8 rows)

===== 38 [Wed Mar  7 01:55:54 CET 2018] scale:1000 groups:10 work_mem:64MB incremental:off max_workers:0 =====
SELECT * FROM s_2 ORDER BY a, b, c LIMIT 10
                                                      QUERY PLAN                                                       
-----------------------------------------------------------------------------------------------------------------------
 Limit  (cost=38.73..38.73 rows=1 width=20) (actual time=0.155..0.155 rows=0 loops=1)
   ->  Limit  (cost=38.61..38.63 rows=10 width=20) (actual time=0.153..0.154 rows=10 loops=1)
         ->  Sort  (cost=38.61..41.11 rows=1000 width=20) (actual time=0.152..0.153 rows=10 loops=1)
               Sort Key: s_2.a, s_2.b, s_2.c
               Sort Method: top-N heapsort  Memory: 25kB
               ->  Seq Scan on s_2  (cost=0.00..17.00 rows=1000 width=20) (actual time=0.007..0.058 rows=1000 loops=1)
 Planning time: 0.251 ms
 Execution time: 0.178 ms
(8 rows)

===== 39 [Wed Mar  7 01:55:54 CET 2018] scale:1000 groups:10 work_mem:64MB incremental:off max_workers:0 =====
SELECT * FROM s_3 ORDER BY a, b, c, d LIMIT 10
                                                      QUERY PLAN                                                       
-----------------------------------------------------------------------------------------------------------------------
 Limit  (cost=38.73..38.73 rows=1 width=20) (actual time=0.168..0.168 rows=0 loops=1)
   ->  Limit  (cost=38.61..38.63 rows=10 width=20) (actual time=0.166..0.167 rows=10 loops=1)
         ->  Sort  (cost=38.61..41.11 rows=1000 width=20) (actual time=0.166..0.166 rows=10 loops=1)
               Sort Key: s_3.a, s_3.b, s_3.c, s_3.d
               Sort Method: top-N heapsort  Memory: 25kB
               ->  Seq Scan on s_3  (cost=0.00..17.00 rows=1000 width=20) (actual time=0.004..0.059 rows=1000 loops=1)
 Planning time: 0.257 ms
 Execution time: 0.191 ms
(8 rows)

===== 40 [Wed Mar  7 01:55:54 CET 2018] scale:1000 groups:10 work_mem:64MB incremental:off max_workers:0 =====
SELECT * FROM s_4 ORDER BY a, b, c, d, e LIMIT 10
                                                      QUERY PLAN                                                       
-----------------------------------------------------------------------------------------------------------------------
 Limit  (cost=38.73..38.73 rows=1 width=20) (actual time=0.158..0.158 rows=0 loops=1)
   ->  Limit  (cost=38.61..38.63 rows=10 width=20) (actual time=0.155..0.157 rows=10 loops=1)
         ->  Sort  (cost=38.61..41.11 rows=1000 width=20) (actual time=0.155..0.155 rows=10 loops=1)
               Sort Key: s_4.a, s_4.b, s_4.c, s_4.d, s_4.e
               Sort Method: top-N heapsort  Memory: 25kB
               ->  Seq Scan on s_4  (cost=0.00..17.00 rows=1000 width=20) (actual time=0.007..0.058 rows=1000 loops=1)
 Planning time: 0.245 ms
 Execution time: 0.180 ms
(8 rows)

===== 41 [Wed Mar  7 01:55:54 CET 2018] scale:1000 groups:10 work_mem:128MB incremental:on max_workers:0 =====
SELECT * FROM s_1 ORDER BY a, b LIMIT 10
                                                              QUERY PLAN                                                               
---------------------------------------------------------------------------------------------------------------------------------------
 Limit  (cost=6.61..6.61 rows=1 width=20) (actual time=0.066..0.066 rows=0 loops=1)
   ->  Limit  (cost=6.33..6.51 rows=10 width=20) (actual time=0.063..0.064 rows=10 loops=1)
         ->  Incremental Sort  (cost=6.33..24.05 rows=1000 width=20) (actual time=0.063..0.063 rows=10 loops=1)
               Sort Key: s_1.a, s_1.b
               Presorted Key: s_1.a
               Sort Method: quicksort  Memory: 28kB
               Sort Groups: 1
               ->  Index Scan using s_1_a_idx on s_1  (cost=0.28..45.27 rows=1000 width=20) (actual time=0.009..0.014 rows=49 loops=1)
 Planning time: 0.251 ms
 Execution time: 0.091 ms
(10 rows)

===== 42 [Wed Mar  7 01:55:54 CET 2018] scale:1000 groups:10 work_mem:128MB incremental:on max_workers:0 =====
SELECT * FROM s_2 ORDER BY a, b, c LIMIT 10
                                                               QUERY PLAN                                                                
-----------------------------------------------------------------------------------------------------------------------------------------
 Limit  (cost=1.26..1.26 rows=1 width=20) (actual time=0.061..0.061 rows=0 loops=1)
   ->  Limit  (cost=0.97..1.16 rows=10 width=20) (actual time=0.058..0.059 rows=10 loops=1)
         ->  Incremental Sort  (cost=0.97..20.47 rows=1000 width=20) (actual time=0.058..0.058 rows=10 loops=1)
               Sort Key: s_2.a, s_2.b, s_2.c
               Presorted Key: s_2.a, s_2.b
               Sort Method: quicksort  Memory: 27kB
               Sort Groups: 1
               ->  Index Scan using s_2_a_b_idx on s_2  (cost=0.28..53.15 rows=1000 width=20) (actual time=0.011..0.015 rows=35 loops=1)
 Planning time: 0.258 ms
 Execution time: 0.088 ms
(10 rows)

===== 43 [Wed Mar  7 01:55:54 CET 2018] scale:1000 groups:10 work_mem:128MB incremental:on max_workers:0 =====
SELECT * FROM s_3 ORDER BY a, b, c, d LIMIT 10
                                                                QUERY PLAN                                                                 
-------------------------------------------------------------------------------------------------------------------------------------------
 Limit  (cost=1.30..1.30 rows=1 width=20) (actual time=0.058..0.058 rows=0 loops=1)
   ->  Limit  (cost=1.01..1.20 rows=10 width=20) (actual time=0.056..0.057 rows=10 loops=1)
         ->  Incremental Sort  (cost=1.01..20.51 rows=1000 width=20) (actual time=0.056..0.056 rows=10 loops=1)
               Sort Key: s_3.a, s_3.b, s_3.c, s_3.d
               Presorted Key: s_3.a, s_3.b, s_3.c
               Sort Method: quicksort  Memory: 27kB
               Sort Groups: 1
               ->  Index Scan using s_3_a_b_c_idx on s_3  (cost=0.28..57.15 rows=1000 width=20) (actual time=0.008..0.012 rows=34 loops=1)
 Planning time: 0.266 ms
 Execution time: 0.081 ms
(10 rows)

===== 44 [Wed Mar  7 01:55:54 CET 2018] scale:1000 groups:10 work_mem:128MB incremental:on max_workers:0 =====
SELECT * FROM s_4 ORDER BY a, b, c, d, e LIMIT 10
                                                                 QUERY PLAN                                                                  
---------------------------------------------------------------------------------------------------------------------------------------------
 Limit  (cost=1.30..1.30 rows=1 width=20) (actual time=0.058..0.058 rows=0 loops=1)
   ->  Limit  (cost=1.01..1.20 rows=10 width=20) (actual time=0.055..0.057 rows=10 loops=1)
         ->  Incremental Sort  (cost=1.01..20.51 rows=1000 width=20) (actual time=0.055..0.056 rows=10 loops=1)
               Sort Key: s_4.a, s_4.b, s_4.c, s_4.d, s_4.e
               Presorted Key: s_4.a, s_4.b, s_4.c, s_4.d
               Sort Method: quicksort  Memory: 27kB
               Sort Groups: 1
               ->  Index Scan using s_4_a_b_c_d_idx on s_4  (cost=0.28..57.15 rows=1000 width=20) (actual time=0.011..0.015 rows=33 loops=1)
 Planning time: 0.261 ms
 Execution time: 0.080 ms
(10 rows)

===== 45 [Wed Mar  7 01:55:54 CET 2018] scale:1000 groups:10 work_mem:128MB incremental:off max_workers:0 =====
SELECT * FROM s_1 ORDER BY a, b LIMIT 10
                                                      QUERY PLAN                                                       
-----------------------------------------------------------------------------------------------------------------------
 Limit  (cost=38.73..38.73 rows=1 width=20) (actual time=0.157..0.157 rows=0 loops=1)
   ->  Limit  (cost=38.61..38.63 rows=10 width=20) (actual time=0.155..0.156 rows=10 loops=1)
         ->  Sort  (cost=38.61..41.11 rows=1000 width=20) (actual time=0.155..0.155 rows=10 loops=1)
               Sort Key: s_1.a, s_1.b
               Sort Method: top-N heapsort  Memory: 26kB
               ->  Seq Scan on s_1  (cost=0.00..17.00 rows=1000 width=20) (actual time=0.004..0.060 rows=1000 loops=1)
 Planning time: 0.254 ms
 Execution time: 0.180 ms
(8 rows)

===== 46 [Wed Mar  7 01:55:54 CET 2018] scale:1000 groups:10 work_mem:128MB incremental:off max_workers:0 =====
SELECT * FROM s_2 ORDER BY a, b, c LIMIT 10
                                                      QUERY PLAN                                                       
-----------------------------------------------------------------------------------------------------------------------
 Limit  (cost=38.73..38.73 rows=1 width=20) (actual time=0.155..0.155 rows=0 loops=1)
   ->  Limit  (cost=38.61..38.63 rows=10 width=20) (actual time=0.153..0.154 rows=10 loops=1)
         ->  Sort  (cost=38.61..41.11 rows=1000 width=20) (actual time=0.153..0.153 rows=10 loops=1)
               Sort Key: s_2.a, s_2.b, s_2.c
               Sort Method: top-N heapsort  Memory: 25kB
               ->  Seq Scan on s_2  (cost=0.00..17.00 rows=1000 width=20) (actual time=0.007..0.058 rows=1000 loops=1)
 Planning time: 0.251 ms
 Execution time: 0.178 ms
(8 rows)

===== 47 [Wed Mar  7 01:55:54 CET 2018] scale:1000 groups:10 work_mem:128MB incremental:off max_workers:0 =====
SELECT * FROM s_3 ORDER BY a, b, c, d LIMIT 10
                                                      QUERY PLAN                                                       
-----------------------------------------------------------------------------------------------------------------------
 Limit  (cost=38.73..38.73 rows=1 width=20) (actual time=0.175..0.175 rows=0 loops=1)
   ->  Limit  (cost=38.61..38.63 rows=10 width=20) (actual time=0.173..0.174 rows=10 loops=1)
         ->  Sort  (cost=38.61..41.11 rows=1000 width=20) (actual time=0.173..0.173 rows=10 loops=1)
               Sort Key: s_3.a, s_3.b, s_3.c, s_3.d
               Sort Method: top-N heapsort  Memory: 25kB
               ->  Seq Scan on s_3  (cost=0.00..17.00 rows=1000 width=20) (actual time=0.004..0.064 rows=1000 loops=1)
 Planning time: 0.256 ms
 Execution time: 0.197 ms
(8 rows)

===== 48 [Wed Mar  7 01:55:54 CET 2018] scale:1000 groups:10 work_mem:128MB incremental:off max_workers:0 =====
SELECT * FROM s_4 ORDER BY a, b, c, d, e LIMIT 10
                                                      QUERY PLAN                                                       
-----------------------------------------------------------------------------------------------------------------------
 Limit  (cost=38.73..38.73 rows=1 width=20) (actual time=0.158..0.158 rows=0 loops=1)
   ->  Limit  (cost=38.61..38.63 rows=10 width=20) (actual time=0.156..0.157 rows=10 loops=1)
         ->  Sort  (cost=38.61..41.11 rows=1000 width=20) (actual time=0.156..0.156 rows=10 loops=1)
               Sort Key: s_4.a, s_4.b, s_4.c, s_4.d, s_4.e
               Sort Method: top-N heapsort  Memory: 25kB
               ->  Seq Scan on s_4  (cost=0.00..17.00 rows=1000 width=20) (actual time=0.007..0.058 rows=1000 loops=1)
 Planning time: 0.248 ms
 Execution time: 0.185 ms
(8 rows)

===== 49 [Wed Mar  7 01:55:54 CET 2018] scale:1000 groups:10 work_mem:256MB incremental:on max_workers:0 =====
SELECT * FROM s_1 ORDER BY a, b LIMIT 10
                                                              QUERY PLAN                                                               
---------------------------------------------------------------------------------------------------------------------------------------
 Limit  (cost=6.61..6.61 rows=1 width=20) (actual time=0.063..0.063 rows=0 loops=1)
   ->  Limit  (cost=6.33..6.51 rows=10 width=20) (actual time=0.061..0.062 rows=10 loops=1)
         ->  Incremental Sort  (cost=6.33..24.05 rows=1000 width=20) (actual time=0.061..0.061 rows=10 loops=1)
               Sort Key: s_1.a, s_1.b
               Presorted Key: s_1.a
               Sort Method: quicksort  Memory: 28kB
               Sort Groups: 1
               ->  Index Scan using s_1_a_idx on s_1  (cost=0.28..45.27 rows=1000 width=20) (actual time=0.009..0.015 rows=49 loops=1)
 Planning time: 0.254 ms
 Execution time: 0.088 ms
(10 rows)

===== 50 [Wed Mar  7 01:55:54 CET 2018] scale:1000 groups:10 work_mem:256MB incremental:on max_workers:0 =====
SELECT * FROM s_2 ORDER BY a, b, c LIMIT 10
                                                               QUERY PLAN                                                                
-----------------------------------------------------------------------------------------------------------------------------------------
 Limit  (cost=1.26..1.26 rows=1 width=20) (actual time=0.061..0.061 rows=0 loops=1)
   ->  Limit  (cost=0.97..1.16 rows=10 width=20) (actual time=0.058..0.059 rows=10 loops=1)
         ->  Incremental Sort  (cost=0.97..20.47 rows=1000 width=20) (actual time=0.058..0.058 rows=10 loops=1)
               Sort Key: s_2.a, s_2.b, s_2.c
               Presorted Key: s_2.a, s_2.b
               Sort Method: quicksort  Memory: 27kB
               Sort Groups: 1
               ->  Index Scan using s_2_a_b_idx on s_2  (cost=0.28..53.15 rows=1000 width=20) (actual time=0.012..0.015 rows=35 loops=1)
 Planning time: 0.254 ms
 Execution time: 0.084 ms
(10 rows)

===== 51 [Wed Mar  7 01:55:55 CET 2018] scale:1000 groups:10 work_mem:256MB incremental:on max_workers:0 =====
SELECT * FROM s_3 ORDER BY a, b, c, d LIMIT 10
                                                                QUERY PLAN                                                                 
-------------------------------------------------------------------------------------------------------------------------------------------
 Limit  (cost=1.30..1.30 rows=1 width=20) (actual time=0.062..0.062 rows=0 loops=1)
   ->  Limit  (cost=1.01..1.20 rows=10 width=20) (actual time=0.059..0.061 rows=10 loops=1)
         ->  Incremental Sort  (cost=1.01..20.51 rows=1000 width=20) (actual time=0.059..0.060 rows=10 loops=1)
               Sort Key: s_3.a, s_3.b, s_3.c, s_3.d
               Presorted Key: s_3.a, s_3.b, s_3.c
               Sort Method: quicksort  Memory: 27kB
               Sort Groups: 1
               ->  Index Scan using s_3_a_b_c_idx on s_3  (cost=0.28..57.15 rows=1000 width=20) (actual time=0.008..0.012 rows=34 loops=1)
 Planning time: 0.264 ms
 Execution time: 0.087 ms
(10 rows)

===== 52 [Wed Mar  7 01:55:55 CET 2018] scale:1000 groups:10 work_mem:256MB incremental:on max_workers:0 =====
SELECT * FROM s_4 ORDER BY a, b, c, d, e LIMIT 10
                                                                 QUERY PLAN                                                                  
---------------------------------------------------------------------------------------------------------------------------------------------
 Limit  (cost=1.30..1.30 rows=1 width=20) (actual time=0.058..0.058 rows=0 loops=1)
   ->  Limit  (cost=1.01..1.20 rows=10 width=20) (actual time=0.056..0.057 rows=10 loops=1)
         ->  Incremental Sort  (cost=1.01..20.51 rows=1000 width=20) (actual time=0.056..0.056 rows=10 loops=1)
               Sort Key: s_4.a, s_4.b, s_4.c, s_4.d, s_4.e
               Presorted Key: s_4.a, s_4.b, s_4.c, s_4.d
               Sort Method: quicksort  Memory: 27kB
               Sort Groups: 1
               ->  Index Scan using s_4_a_b_c_d_idx on s_4  (cost=0.28..57.15 rows=1000 width=20) (actual time=0.011..0.015 rows=33 loops=1)
 Planning time: 0.268 ms
 Execution time: 0.081 ms
(10 rows)

===== 53 [Wed Mar  7 01:55:55 CET 2018] scale:1000 groups:10 work_mem:256MB incremental:off max_workers:0 =====
SELECT * FROM s_1 ORDER BY a, b LIMIT 10
                                                      QUERY PLAN                                                       
-----------------------------------------------------------------------------------------------------------------------
 Limit  (cost=38.73..38.73 rows=1 width=20) (actual time=0.158..0.158 rows=0 loops=1)
   ->  Limit  (cost=38.61..38.63 rows=10 width=20) (actual time=0.156..0.157 rows=10 loops=1)
         ->  Sort  (cost=38.61..41.11 rows=1000 width=20) (actual time=0.155..0.156 rows=10 loops=1)
               Sort Key: s_1.a, s_1.b
               Sort Method: top-N heapsort  Memory: 26kB
               ->  Seq Scan on s_1  (cost=0.00..17.00 rows=1000 width=20) (actual time=0.004..0.059 rows=1000 loops=1)
 Planning time: 0.253 ms
 Execution time: 0.181 ms
(8 rows)

===== 54 [Wed Mar  7 01:55:55 CET 2018] scale:1000 groups:10 work_mem:256MB incremental:off max_workers:0 =====
SELECT * FROM s_2 ORDER BY a, b, c LIMIT 10
                                                      QUERY PLAN                                                       
-----------------------------------------------------------------------------------------------------------------------
 Limit  (cost=38.73..38.73 rows=1 width=20) (actual time=0.163..0.163 rows=0 loops=1)
   ->  Limit  (cost=38.61..38.63 rows=10 width=20) (actual time=0.161..0.162 rows=10 loops=1)
         ->  Sort  (cost=38.61..41.11 rows=1000 width=20) (actual time=0.161..0.161 rows=10 loops=1)
               Sort Key: s_2.a, s_2.b, s_2.c
               Sort Method: top-N heapsort  Memory: 25kB
               ->  Seq Scan on s_2  (cost=0.00..17.00 rows=1000 width=20) (actual time=0.007..0.065 rows=1000 loops=1)
 Planning time: 0.250 ms
 Execution time: 0.186 ms
(8 rows)

===== 55 [Wed Mar  7 01:55:55 CET 2018] scale:1000 groups:10 work_mem:256MB incremental:off max_workers:0 =====
SELECT * FROM s_3 ORDER BY a, b, c, d LIMIT 10
                                                      QUERY PLAN                                                       
-----------------------------------------------------------------------------------------------------------------------
 Limit  (cost=38.73..38.73 rows=1 width=20) (actual time=0.167..0.167 rows=0 loops=1)
   ->  Limit  (cost=38.61..38.63 rows=10 width=20) (actual time=0.164..0.166 rows=10 loops=1)
         ->  Sort  (cost=38.61..41.11 rows=1000 width=20) (actual time=0.164..0.165 rows=10 loops=1)
               Sort Key: s_3.a, s_3.b, s_3.c, s_3.d
               Sort Method: top-N heapsort  Memory: 25kB
               ->  Seq Scan on s_3  (cost=0.00..17.00 rows=1000 width=20) (actual time=0.004..0.058 rows=1000 loops=1)
 Planning time: 0.250 ms
 Execution time: 0.189 ms
(8 rows)

===== 56 [Wed Mar  7 01:55:55 CET 2018] scale:1000 groups:10 work_mem:256MB incremental:off max_workers:0 =====
SELECT * FROM s_4 ORDER BY a, b, c, d, e LIMIT 10
                                                      QUERY PLAN                                                       
-----------------------------------------------------------------------------------------------------------------------
 Limit  (cost=38.73..38.73 rows=1 width=20) (actual time=0.166..0.166 rows=0 loops=1)
   ->  Limit  (cost=38.61..38.63 rows=10 width=20) (actual time=0.164..0.165 rows=10 loops=1)
         ->  Sort  (cost=38.61..41.11 rows=1000 width=20) (actual time=0.164..0.164 rows=10 loops=1)
               Sort Key: s_4.a, s_4.b, s_4.c, s_4.d, s_4.e
               Sort Method: top-N heapsort  Memory: 25kB
               ->  Seq Scan on s_4  (cost=0.00..17.00 rows=1000 width=20) (actual time=0.007..0.058 rows=1000 loops=1)
 Planning time: 0.244 ms
 Execution time: 0.190 ms
(8 rows)

===== 57 [Wed Mar  7 01:55:55 CET 2018] scale:1000 groups:10 work_mem:4MB incremental:on max_workers:2 =====
SELECT * FROM s_1 ORDER BY a, b LIMIT 10
                                                              QUERY PLAN                                                               
---------------------------------------------------------------------------------------------------------------------------------------
 Limit  (cost=6.61..6.61 rows=1 width=20) (actual time=0.063..0.063 rows=0 loops=1)
   ->  Limit  (cost=6.33..6.51 rows=10 width=20) (actual time=0.061..0.062 rows=10 loops=1)
         ->  Incremental Sort  (cost=6.33..24.05 rows=1000 width=20) (actual time=0.060..0.061 rows=10 loops=1)
               Sort Key: s_1.a, s_1.b
               Presorted Key: s_1.a
               Sort Method: quicksort  Memory: 28kB
               Sort Groups: 1
               ->  Index Scan using s_1_a_idx on s_1  (cost=0.28..45.27 rows=1000 width=20) (actual time=0.009..0.015 rows=49 loops=1)
 Planning time: 0.254 ms
 Execution time: 0.089 ms
(10 rows)

===== 58 [Wed Mar  7 01:55:55 CET 2018] scale:1000 groups:10 work_mem:4MB incremental:on max_workers:2 =====
SELECT * FROM s_2 ORDER BY a, b, c LIMIT 10
                                                               QUERY PLAN                                                                
-----------------------------------------------------------------------------------------------------------------------------------------
 Limit  (cost=1.26..1.26 rows=1 width=20) (actual time=0.061..0.061 rows=0 loops=1)
   ->  Limit  (cost=0.97..1.16 rows=10 width=20) (actual time=0.058..0.059 rows=10 loops=1)
         ->  Incremental Sort  (cost=0.97..20.47 rows=1000 width=20) (actual time=0.058..0.058 rows=10 loops=1)
               Sort Key: s_2.a, s_2.b, s_2.c
               Presorted Key: s_2.a, s_2.b
               Sort Method: quicksort  Memory: 27kB
               Sort Groups: 1
               ->  Index Scan using s_2_a_b_idx on s_2  (cost=0.28..53.15 rows=1000 width=20) (actual time=0.012..0.016 rows=35 loops=1)
 Planning time: 0.260 ms
 Execution time: 0.084 ms
(10 rows)

===== 59 [Wed Mar  7 01:55:55 CET 2018] scale:1000 groups:10 work_mem:4MB incremental:on max_workers:2 =====
SELECT * FROM s_3 ORDER BY a, b, c, d LIMIT 10
                                                                QUERY PLAN                                                                 
-------------------------------------------------------------------------------------------------------------------------------------------
 Limit  (cost=1.30..1.30 rows=1 width=20) (actual time=0.058..0.058 rows=0 loops=1)
   ->  Limit  (cost=1.01..1.20 rows=10 width=20) (actual time=0.056..0.057 rows=10 loops=1)
         ->  Incremental Sort  (cost=1.01..20.51 rows=1000 width=20) (actual time=0.056..0.056 rows=10 loops=1)
               Sort Key: s_3.a, s_3.b, s_3.c, s_3.d
               Presorted Key: s_3.a, s_3.b, s_3.c
               Sort Method: quicksort  Memory: 27kB
               Sort Groups: 1
               ->  Index Scan using s_3_a_b_c_idx on s_3  (cost=0.28..57.15 rows=1000 width=20) (actual time=0.008..0.012 rows=34 loops=1)
 Planning time: 0.264 ms
 Execution time: 0.082 ms
(10 rows)

===== 60 [Wed Mar  7 01:55:55 CET 2018] scale:1000 groups:10 work_mem:4MB incremental:on max_workers:2 =====
SELECT * FROM s_4 ORDER BY a, b, c, d, e LIMIT 10
                                                                 QUERY PLAN                                                                  
---------------------------------------------------------------------------------------------------------------------------------------------
 Limit  (cost=1.30..1.30 rows=1 width=20) (actual time=0.059..0.059 rows=0 loops=1)
   ->  Limit  (cost=1.01..1.20 rows=10 width=20) (actual time=0.057..0.058 rows=10 loops=1)
         ->  Incremental Sort  (cost=1.01..20.51 rows=1000 width=20) (actual time=0.057..0.057 rows=10 loops=1)
               Sort Key: s_4.a, s_4.b, s_4.c, s_4.d, s_4.e
               Presorted Key: s_4.a, s_4.b, s_4.c, s_4.d
               Sort Method: quicksort  Memory: 27kB
               Sort Groups: 1
               ->  Index Scan using s_4_a_b_c_d_idx on s_4  (cost=0.28..57.15 rows=1000 width=20) (actual time=0.011..0.015 rows=33 loops=1)
 Planning time: 0.257 ms
 Execution time: 0.082 ms
(10 rows)

===== 61 [Wed Mar  7 01:55:55 CET 2018] scale:1000 groups:10 work_mem:4MB incremental:off max_workers:2 =====
SELECT * FROM s_1 ORDER BY a, b LIMIT 10
                                                      QUERY PLAN                                                       
-----------------------------------------------------------------------------------------------------------------------
 Limit  (cost=38.73..38.73 rows=1 width=20) (actual time=0.152..0.152 rows=0 loops=1)
   ->  Limit  (cost=38.61..38.63 rows=10 width=20) (actual time=0.150..0.151 rows=10 loops=1)
         ->  Sort  (cost=38.61..41.11 rows=1000 width=20) (actual time=0.149..0.150 rows=10 loops=1)
               Sort Key: s_1.a, s_1.b
               Sort Method: top-N heapsort  Memory: 26kB
               ->  Seq Scan on s_1  (cost=0.00..17.00 rows=1000 width=20) (actual time=0.004..0.055 rows=1000 loops=1)
 Planning time: 0.258 ms
 Execution time: 0.174 ms
(8 rows)

===== 62 [Wed Mar  7 01:55:55 CET 2018] scale:1000 groups:10 work_mem:4MB incremental:off max_workers:2 =====
SELECT * FROM s_2 ORDER BY a, b, c LIMIT 10
                                                      QUERY PLAN                                                       
-----------------------------------------------------------------------------------------------------------------------
 Limit  (cost=38.73..38.73 rows=1 width=20) (actual time=0.163..0.163 rows=0 loops=1)
   ->  Limit  (cost=38.61..38.63 rows=10 width=20) (actual time=0.161..0.162 rows=10 loops=1)
         ->  Sort  (cost=38.61..41.11 rows=1000 width=20) (actual time=0.161..0.161 rows=10 loops=1)
               Sort Key: s_2.a, s_2.b, s_2.c
               Sort Method: top-N heapsort  Memory: 25kB
               ->  Seq Scan on s_2  (cost=0.00..17.00 rows=1000 width=20) (actual time=0.007..0.058 rows=1000 loops=1)
 Planning time: 0.245 ms
 Execution time: 0.186 ms
(8 rows)

===== 63 [Wed Mar  7 01:55:55 CET 2018] scale:1000 groups:10 work_mem:4MB incremental:off max_workers:2 =====
SELECT * FROM s_3 ORDER BY a, b, c, d LIMIT 10
                                                      QUERY PLAN                                                       
-----------------------------------------------------------------------------------------------------------------------
 Limit  (cost=38.73..38.73 rows=1 width=20) (actual time=0.166..0.166 rows=0 loops=1)
   ->  Limit  (cost=38.61..38.63 rows=10 width=20) (actual time=0.164..0.165 rows=10 loops=1)
         ->  Sort  (cost=38.61..41.11 rows=1000 width=20) (actual time=0.164..0.164 rows=10 loops=1)
               Sort Key: s_3.a, s_3.b, s_3.c, s_3.d
               Sort Method: top-N heapsort  Memory: 25kB
               ->  Seq Scan on s_3  (cost=0.00..17.00 rows=1000 width=20) (actual time=0.004..0.059 rows=1000 loops=1)
 Planning time: 0.250 ms
 Execution time: 0.189 ms
(8 rows)

===== 64 [Wed Mar  7 01:55:55 CET 2018] scale:1000 groups:10 work_mem:4MB incremental:off max_workers:2 =====
SELECT * FROM s_4 ORDER BY a, b, c, d, e LIMIT 10
                                                      QUERY PLAN                                                       
-----------------------------------------------------------------------------------------------------------------------
 Limit  (cost=38.73..38.73 rows=1 width=20) (actual time=0.163..0.163 rows=0 loops=1)
   ->  Limit  (cost=38.61..38.63 rows=10 width=20) (actual time=0.161..0.162 rows=10 loops=1)
         ->  Sort  (cost=38.61..41.11 rows=1000 width=20) (actual time=0.161..0.161 rows=10 loops=1)
               Sort Key: s_4.a, s_4.b, s_4.c, s_4.d, s_4.e
               Sort Method: top-N heapsort  Memory: 25kB
               ->  Seq Scan on s_4  (cost=0.00..17.00 rows=1000 width=20) (actual time=0.007..0.063 rows=1000 loops=1)
 Planning time: 0.250 ms
 Execution time: 0.185 ms
(8 rows)

===== 65 [Wed Mar  7 01:55:56 CET 2018] scale:1000 groups:10 work_mem:8MB incremental:on max_workers:2 =====
SELECT * FROM s_1 ORDER BY a, b LIMIT 10
                                                              QUERY PLAN                                                               
---------------------------------------------------------------------------------------------------------------------------------------
 Limit  (cost=6.61..6.61 rows=1 width=20) (actual time=0.062..0.062 rows=0 loops=1)
   ->  Limit  (cost=6.33..6.51 rows=10 width=20) (actual time=0.060..0.061 rows=10 loops=1)
         ->  Incremental Sort  (cost=6.33..24.05 rows=1000 width=20) (actual time=0.059..0.060 rows=10 loops=1)
               Sort Key: s_1.a, s_1.b
               Presorted Key: s_1.a
               Sort Method: quicksort  Memory: 28kB
               Sort Groups: 1
               ->  Index Scan using s_1_a_idx on s_1  (cost=0.28..45.27 rows=1000 width=20) (actual time=0.009..0.014 rows=49 loops=1)
 Planning time: 0.247 ms
 Execution time: 0.087 ms
(10 rows)

===== 66 [Wed Mar  7 01:55:56 CET 2018] scale:1000 groups:10 work_mem:8MB incremental:on max_workers:2 =====
SELECT * FROM s_2 ORDER BY a, b, c LIMIT 10
                                                               QUERY PLAN                                                                
-----------------------------------------------------------------------------------------------------------------------------------------
 Limit  (cost=1.26..1.26 rows=1 width=20) (actual time=0.059..0.059 rows=0 loops=1)
   ->  Limit  (cost=0.97..1.16 rows=10 width=20) (actual time=0.056..0.058 rows=10 loops=1)
         ->  Incremental Sort  (cost=0.97..20.47 rows=1000 width=20) (actual time=0.056..0.057 rows=10 loops=1)
               Sort Key: s_2.a, s_2.b, s_2.c
               Presorted Key: s_2.a, s_2.b
               Sort Method: quicksort  Memory: 27kB
               Sort Groups: 1
               ->  Index Scan using s_2_a_b_idx on s_2  (cost=0.28..53.15 rows=1000 width=20) (actual time=0.011..0.015 rows=35 loops=1)
 Planning time: 0.260 ms
 Execution time: 0.081 ms
(10 rows)

===== 67 [Wed Mar  7 01:55:56 CET 2018] scale:1000 groups:10 work_mem:8MB incremental:on max_workers:2 =====
SELECT * FROM s_3 ORDER BY a, b, c, d LIMIT 10
                                                                QUERY PLAN                                                                 
-------------------------------------------------------------------------------------------------------------------------------------------
 Limit  (cost=1.30..1.30 rows=1 width=20) (actual time=0.060..0.060 rows=0 loops=1)
   ->  Limit  (cost=1.01..1.20 rows=10 width=20) (actual time=0.057..0.059 rows=10 loops=1)
         ->  Incremental Sort  (cost=1.01..20.51 rows=1000 width=20) (actual time=0.057..0.058 rows=10 loops=1)
               Sort Key: s_3.a, s_3.b, s_3.c, s_3.d
               Presorted Key: s_3.a, s_3.b, s_3.c
               Sort Method: quicksort  Memory: 27kB
               Sort Groups: 1
               ->  Index Scan using s_3_a_b_c_idx on s_3  (cost=0.28..57.15 rows=1000 width=20) (actual time=0.008..0.012 rows=34 loops=1)
 Planning time: 0.264 ms
 Execution time: 0.083 ms
(10 rows)

===== 68 [Wed Mar  7 01:55:56 CET 2018] scale:1000 groups:10 work_mem:8MB incremental:on max_workers:2 =====
SELECT * FROM s_4 ORDER BY a, b, c, d, e LIMIT 10
                                                                 QUERY PLAN                                                                  
---------------------------------------------------------------------------------------------------------------------------------------------
 Limit  (cost=1.30..1.30 rows=1 width=20) (actual time=0.060..0.060 rows=0 loops=1)
   ->  Limit  (cost=1.01..1.20 rows=10 width=20) (actual time=0.057..0.059 rows=10 loops=1)
         ->  Incremental Sort  (cost=1.01..20.51 rows=1000 width=20) (actual time=0.057..0.058 rows=10 loops=1)
               Sort Key: s_4.a, s_4.b, s_4.c, s_4.d, s_4.e
               Presorted Key: s_4.a, s_4.b, s_4.c, s_4.d
               Sort Method: quicksort  Memory: 27kB
               Sort Groups: 1
               ->  Index Scan using s_4_a_b_c_d_idx on s_4  (cost=0.28..57.15 rows=1000 width=20) (actual time=0.011..0.015 rows=33 loops=1)
 Planning time: 0.261 ms
 Execution time: 0.083 ms
(10 rows)

===== 69 [Wed Mar  7 01:55:56 CET 2018] scale:1000 groups:10 work_mem:8MB incremental:off max_workers:2 =====
SELECT * FROM s_1 ORDER BY a, b LIMIT 10
                                                      QUERY PLAN                                                       
-----------------------------------------------------------------------------------------------------------------------
 Limit  (cost=38.73..38.73 rows=1 width=20) (actual time=0.161..0.161 rows=0 loops=1)
   ->  Limit  (cost=38.61..38.63 rows=10 width=20) (actual time=0.159..0.160 rows=10 loops=1)
         ->  Sort  (cost=38.61..41.11 rows=1000 width=20) (actual time=0.158..0.159 rows=10 loops=1)
               Sort Key: s_1.a, s_1.b
               Sort Method: top-N heapsort  Memory: 26kB
               ->  Seq Scan on s_1  (cost=0.00..17.00 rows=1000 width=20) (actual time=0.004..0.064 rows=1000 loops=1)
 Planning time: 0.250 ms
 Execution time: 0.185 ms
(8 rows)

===== 70 [Wed Mar  7 01:55:56 CET 2018] scale:1000 groups:10 work_mem:8MB incremental:off max_workers:2 =====
SELECT * FROM s_2 ORDER BY a, b, c LIMIT 10
                                                      QUERY PLAN                                                       
-----------------------------------------------------------------------------------------------------------------------
 Limit  (cost=38.73..38.73 rows=1 width=20) (actual time=0.161..0.161 rows=0 loops=1)
   ->  Limit  (cost=38.61..38.63 rows=10 width=20) (actual time=0.159..0.160 rows=10 loops=1)
         ->  Sort  (cost=38.61..41.11 rows=1000 width=20) (actual time=0.159..0.159 rows=10 loops=1)
               Sort Key: s_2.a, s_2.b, s_2.c
               Sort Method: top-N heapsort  Memory: 25kB
               ->  Seq Scan on s_2  (cost=0.00..17.00 rows=1000 width=20) (actual time=0.007..0.064 rows=1000 loops=1)
 Planning time: 0.249 ms
 Execution time: 0.184 ms
(8 rows)

===== 71 [Wed Mar  7 01:55:56 CET 2018] scale:1000 groups:10 work_mem:8MB incremental:off max_workers:2 =====
SELECT * FROM s_3 ORDER BY a, b, c, d LIMIT 10
                                                      QUERY PLAN                                                       
-----------------------------------------------------------------------------------------------------------------------
 Limit  (cost=38.73..38.73 rows=1 width=20) (actual time=0.175..0.175 rows=0 loops=1)
   ->  Limit  (cost=38.61..38.63 rows=10 width=20) (actual time=0.173..0.174 rows=10 loops=1)
         ->  Sort  (cost=38.61..41.11 rows=1000 width=20) (actual time=0.173..0.173 rows=10 loops=1)
               Sort Key: s_3.a, s_3.b, s_3.c, s_3.d
               Sort Method: top-N heapsort  Memory: 25kB
               ->  Seq Scan on s_3  (cost=0.00..17.00 rows=1000 width=20) (actual time=0.004..0.058 rows=1000 loops=1)
 Planning time: 0.262 ms
 Execution time: 0.198 ms
(8 rows)

===== 72 [Wed Mar  7 01:55:56 CET 2018] scale:1000 groups:10 work_mem:8MB incremental:off max_workers:2 =====
SELECT * FROM s_4 ORDER BY a, b, c, d, e LIMIT 10
                                                      QUERY PLAN                                                       
-----------------------------------------------------------------------------------------------------------------------
 Limit  (cost=38.73..38.73 rows=1 width=20) (actual time=0.162..0.162 rows=0 loops=1)
   ->  Limit  (cost=38.61..38.63 rows=10 width=20) (actual time=0.160..0.161 rows=10 loops=1)
         ->  Sort  (cost=38.61..41.11 rows=1000 width=20) (actual time=0.160..0.160 rows=10 loops=1)
               Sort Key: s_4.a, s_4.b, s_4.c, s_4.d, s_4.e
               Sort Method: top-N heapsort  Memory: 25kB
               ->  Seq Scan on s_4  (cost=0.00..17.00 rows=1000 width=20) (actual time=0.007..0.062 rows=1000 loops=1)
 Planning time: 0.251 ms
 Execution time: 0.185 ms
(8 rows)

===== 73 [Wed Mar  7 01:55:56 CET 2018] scale:1000 groups:10 work_mem:16MB incremental:on max_workers:2 =====
SELECT * FROM s_1 ORDER BY a, b LIMIT 10
                                                              QUERY PLAN                                                               
---------------------------------------------------------------------------------------------------------------------------------------
 Limit  (cost=6.61..6.61 rows=1 width=20) (actual time=0.063..0.063 rows=0 loops=1)
   ->  Limit  (cost=6.33..6.51 rows=10 width=20) (actual time=0.061..0.062 rows=10 loops=1)
         ->  Incremental Sort  (cost=6.33..24.05 rows=1000 width=20) (actual time=0.060..0.061 rows=10 loops=1)
               Sort Key: s_1.a, s_1.b
               Presorted Key: s_1.a
               Sort Method: quicksort  Memory: 28kB
               Sort Groups: 1
               ->  Index Scan using s_1_a_idx on s_1  (cost=0.28..45.27 rows=1000 width=20) (actual time=0.009..0.015 rows=49 loops=1)
 Planning time: 0.257 ms
 Execution time: 0.088 ms
(10 rows)

===== 74 [Wed Mar  7 01:55:56 CET 2018] scale:1000 groups:10 work_mem:16MB incremental:on max_workers:2 =====
SELECT * FROM s_2 ORDER BY a, b, c LIMIT 10
                                                               QUERY PLAN                                                                
-----------------------------------------------------------------------------------------------------------------------------------------
 Limit  (cost=1.26..1.26 rows=1 width=20) (actual time=0.060..0.060 rows=0 loops=1)
   ->  Limit  (cost=0.97..1.16 rows=10 width=20) (actual time=0.058..0.059 rows=10 loops=1)
         ->  Incremental Sort  (cost=0.97..20.47 rows=1000 width=20) (actual time=0.057..0.058 rows=10 loops=1)
               Sort Key: s_2.a, s_2.b, s_2.c
               Presorted Key: s_2.a, s_2.b
               Sort Method: quicksort  Memory: 27kB
               Sort Groups: 1
               ->  Index Scan using s_2_a_b_idx on s_2  (cost=0.28..53.15 rows=1000 width=20) (actual time=0.011..0.015 rows=35 loops=1)
 Planning time: 0.268 ms
 Execution time: 0.083 ms
(10 rows)

===== 75 [Wed Mar  7 01:55:56 CET 2018] scale:1000 groups:10 work_mem:16MB incremental:on max_workers:2 =====
SELECT * FROM s_3 ORDER BY a, b, c, d LIMIT 10
                                                                QUERY PLAN                                                                 
-------------------------------------------------------------------------------------------------------------------------------------------
 Limit  (cost=1.30..1.30 rows=1 width=20) (actual time=0.058..0.058 rows=0 loops=1)
   ->  Limit  (cost=1.01..1.20 rows=10 width=20) (actual time=0.056..0.057 rows=10 loops=1)
         ->  Incremental Sort  (cost=1.01..20.51 rows=1000 width=20) (actual time=0.055..0.056 rows=10 loops=1)
               Sort Key: s_3.a, s_3.b, s_3.c, s_3.d
               Presorted Key: s_3.a, s_3.b, s_3.c
               Sort Method: quicksort  Memory: 27kB
               Sort Groups: 1
               ->  Index Scan using s_3_a_b_c_idx on s_3  (cost=0.28..57.15 rows=1000 width=20) (actual time=0.008..0.012 rows=34 loops=1)
 Planning time: 0.264 ms
 Execution time: 0.082 ms
(10 rows)

===== 76 [Wed Mar  7 01:55:56 CET 2018] scale:1000 groups:10 work_mem:16MB incremental:on max_workers:2 =====
SELECT * FROM s_4 ORDER BY a, b, c, d, e LIMIT 10
                                                                 QUERY PLAN                                                                  
---------------------------------------------------------------------------------------------------------------------------------------------
 Limit  (cost=1.30..1.30 rows=1 width=20) (actual time=0.058..0.058 rows=0 loops=1)
   ->  Limit  (cost=1.01..1.20 rows=10 width=20) (actual time=0.056..0.057 rows=10 loops=1)
         ->  Incremental Sort  (cost=1.01..20.51 rows=1000 width=20) (actual time=0.056..0.056 rows=10 loops=1)
               Sort Key: s_4.a, s_4.b, s_4.c, s_4.d, s_4.e
               Presorted Key: s_4.a, s_4.b, s_4.c, s_4.d
               Sort Method: quicksort  Memory: 27kB
               Sort Groups: 1
               ->  Index Scan using s_4_a_b_c_d_idx on s_4  (cost=0.28..57.15 rows=1000 width=20) (actual time=0.011..0.015 rows=33 loops=1)
 Planning time: 0.274 ms
 Execution time: 0.083 ms
(10 rows)

===== 77 [Wed Mar  7 01:55:56 CET 2018] scale:1000 groups:10 work_mem:16MB incremental:off max_workers:2 =====
SELECT * FROM s_1 ORDER BY a, b LIMIT 10
                                                      QUERY PLAN                                                       
-----------------------------------------------------------------------------------------------------------------------
 Limit  (cost=38.73..38.73 rows=1 width=20) (actual time=0.155..0.155 rows=0 loops=1)
   ->  Limit  (cost=38.61..38.63 rows=10 width=20) (actual time=0.152..0.153 rows=10 loops=1)
         ->  Sort  (cost=38.61..41.11 rows=1000 width=20) (actual time=0.152..0.153 rows=10 loops=1)
               Sort Key: s_1.a, s_1.b
               Sort Method: top-N heapsort  Memory: 26kB
               ->  Seq Scan on s_1  (cost=0.00..17.00 rows=1000 width=20) (actual time=0.004..0.055 rows=1000 loops=1)
 Planning time: 0.253 ms
 Execution time: 0.177 ms
(8 rows)

===== 78 [Wed Mar  7 01:55:56 CET 2018] scale:1000 groups:10 work_mem:16MB incremental:off max_workers:2 =====
SELECT * FROM s_2 ORDER BY a, b, c LIMIT 10
                                                      QUERY PLAN                                                       
-----------------------------------------------------------------------------------------------------------------------
 Limit  (cost=38.73..38.73 rows=1 width=20) (actual time=0.156..0.156 rows=0 loops=1)
   ->  Limit  (cost=38.61..38.63 rows=10 width=20) (actual time=0.154..0.155 rows=10 loops=1)
         ->  Sort  (cost=38.61..41.11 rows=1000 width=20) (actual time=0.154..0.154 rows=10 loops=1)
               Sort Key: s_2.a, s_2.b, s_2.c
               Sort Method: top-N heapsort  Memory: 25kB
               ->  Seq Scan on s_2  (cost=0.00..17.00 rows=1000 width=20) (actual time=0.007..0.058 rows=1000 loops=1)
 Planning time: 0.246 ms
 Execution time: 0.179 ms
(8 rows)

===== 79 [Wed Mar  7 01:55:56 CET 2018] scale:1000 groups:10 work_mem:16MB incremental:off max_workers:2 =====
SELECT * FROM s_3 ORDER BY a, b, c, d LIMIT 10
                                                      QUERY PLAN                                                       
-----------------------------------------------------------------------------------------------------------------------
 Limit  (cost=38.73..38.73 rows=1 width=20) (actual time=0.178..0.178 rows=0 loops=1)
   ->  Limit  (cost=38.61..38.63 rows=10 width=20) (actual time=0.175..0.176 rows=10 loops=1)
         ->  Sort  (cost=38.61..41.11 rows=1000 width=20) (actual time=0.175..0.175 rows=10 loops=1)
               Sort Key: s_3.a, s_3.b, s_3.c, s_3.d
               Sort Method: top-N heapsort  Memory: 25kB
               ->  Seq Scan on s_3  (cost=0.00..17.00 rows=1000 width=20) (actual time=0.004..0.059 rows=1000 loops=1)
 Planning time: 0.254 ms
 Execution time: 0.200 ms
(8 rows)

===== 80 [Wed Mar  7 01:55:57 CET 2018] scale:1000 groups:10 work_mem:16MB incremental:off max_workers:2 =====
SELECT * FROM s_4 ORDER BY a, b, c, d, e LIMIT 10
                                                      QUERY PLAN                                                       
-----------------------------------------------------------------------------------------------------------------------
 Limit  (cost=38.73..38.73 rows=1 width=20) (actual time=0.161..0.161 rows=0 loops=1)
   ->  Limit  (cost=38.61..38.63 rows=10 width=20) (actual time=0.159..0.160 rows=10 loops=1)
         ->  Sort  (cost=38.61..41.11 rows=1000 width=20) (actual time=0.159..0.159 rows=10 loops=1)
               Sort Key: s_4.a, s_4.b, s_4.c, s_4.d, s_4.e
               Sort Method: top-N heapsort  Memory: 25kB
               ->  Seq Scan on s_4  (cost=0.00..17.00 rows=1000 width=20) (actual time=0.007..0.057 rows=1000 loops=1)
 Planning time: 0.251 ms
 Execution time: 0.183 ms
(8 rows)

===== 81 [Wed Mar  7 01:55:57 CET 2018] scale:1000 groups:10 work_mem:32MB incremental:on max_workers:2 =====
SELECT * FROM s_1 ORDER BY a, b LIMIT 10
                                                              QUERY PLAN                                                               
---------------------------------------------------------------------------------------------------------------------------------------
 Limit  (cost=6.61..6.61 rows=1 width=20) (actual time=0.064..0.064 rows=0 loops=1)
   ->  Limit  (cost=6.33..6.51 rows=10 width=20) (actual time=0.061..0.063 rows=10 loops=1)
         ->  Incremental Sort  (cost=6.33..24.05 rows=1000 width=20) (actual time=0.061..0.062 rows=10 loops=1)
               Sort Key: s_1.a, s_1.b
               Presorted Key: s_1.a
               Sort Method: quicksort  Memory: 28kB
               Sort Groups: 1
               ->  Index Scan using s_1_a_idx on s_1  (cost=0.28..45.27 rows=1000 width=20) (actual time=0.009..0.015 rows=49 loops=1)
 Planning time: 0.258 ms
 Execution time: 0.090 ms
(10 rows)

===== 82 [Wed Mar  7 01:55:57 CET 2018] scale:1000 groups:10 work_mem:32MB incremental:on max_workers:2 =====
SELECT * FROM s_2 ORDER BY a, b, c LIMIT 10
                                                               QUERY PLAN                                                                
-----------------------------------------------------------------------------------------------------------------------------------------
 Limit  (cost=1.26..1.26 rows=1 width=20) (actual time=0.060..0.060 rows=0 loops=1)
   ->  Limit  (cost=0.97..1.16 rows=10 width=20) (actual time=0.058..0.059 rows=10 loops=1)
         ->  Incremental Sort  (cost=0.97..20.47 rows=1000 width=20) (actual time=0.058..0.058 rows=10 loops=1)
               Sort Key: s_2.a, s_2.b, s_2.c
               Presorted Key: s_2.a, s_2.b
               Sort Method: quicksort  Memory: 27kB
               Sort Groups: 1
               ->  Index Scan using s_2_a_b_idx on s_2  (cost=0.28..53.15 rows=1000 width=20) (actual time=0.012..0.016 rows=35 loops=1)
 Planning time: 0.260 ms
 Execution time: 0.084 ms
(10 rows)

===== 83 [Wed Mar  7 01:55:57 CET 2018] scale:1000 groups:10 work_mem:32MB incremental:on max_workers:2 =====
SELECT * FROM s_3 ORDER BY a, b, c, d LIMIT 10
                                                                QUERY PLAN                                                                 
-------------------------------------------------------------------------------------------------------------------------------------------
 Limit  (cost=1.30..1.30 rows=1 width=20) (actual time=0.058..0.058 rows=0 loops=1)
   ->  Limit  (cost=1.01..1.20 rows=10 width=20) (actual time=0.056..0.057 rows=10 loops=1)
         ->  Incremental Sort  (cost=1.01..20.51 rows=1000 width=20) (actual time=0.056..0.056 rows=10 loops=1)
               Sort Key: s_3.a, s_3.b, s_3.c, s_3.d
               Presorted Key: s_3.a, s_3.b, s_3.c
               Sort Method: quicksort  Memory: 27kB
               Sort Groups: 1
               ->  Index Scan using s_3_a_b_c_idx on s_3  (cost=0.28..57.15 rows=1000 width=20) (actual time=0.008..0.012 rows=34 loops=1)
 Planning time: 0.267 ms
 Execution time: 0.081 ms
(10 rows)

===== 84 [Wed Mar  7 01:55:57 CET 2018] scale:1000 groups:10 work_mem:32MB incremental:on max_workers:2 =====
SELECT * FROM s_4 ORDER BY a, b, c, d, e LIMIT 10
                                                                 QUERY PLAN                                                                  
---------------------------------------------------------------------------------------------------------------------------------------------
 Limit  (cost=1.30..1.30 rows=1 width=20) (actual time=0.058..0.058 rows=0 loops=1)
   ->  Limit  (cost=1.01..1.20 rows=10 width=20) (actual time=0.055..0.056 rows=10 loops=1)
         ->  Incremental Sort  (cost=1.01..20.51 rows=1000 width=20) (actual time=0.055..0.055 rows=10 loops=1)
               Sort Key: s_4.a, s_4.b, s_4.c, s_4.d, s_4.e
               Presorted Key: s_4.a, s_4.b, s_4.c, s_4.d
               Sort Method: quicksort  Memory: 27kB
               Sort Groups: 1
               ->  Index Scan using s_4_a_b_c_d_idx on s_4  (cost=0.28..57.15 rows=1000 width=20) (actual time=0.011..0.015 rows=33 loops=1)
 Planning time: 0.259 ms
 Execution time: 0.080 ms
(10 rows)

===== 85 [Wed Mar  7 01:55:57 CET 2018] scale:1000 groups:10 work_mem:32MB incremental:off max_workers:2 =====
SELECT * FROM s_1 ORDER BY a, b LIMIT 10
                                                      QUERY PLAN                                                       
-----------------------------------------------------------------------------------------------------------------------
 Limit  (cost=38.73..38.73 rows=1 width=20) (actual time=0.153..0.153 rows=0 loops=1)
   ->  Limit  (cost=38.61..38.63 rows=10 width=20) (actual time=0.151..0.152 rows=10 loops=1)
         ->  Sort  (cost=38.61..41.11 rows=1000 width=20) (actual time=0.151..0.151 rows=10 loops=1)
               Sort Key: s_1.a, s_1.b
               Sort Method: top-N heapsort  Memory: 26kB
               ->  Seq Scan on s_1  (cost=0.00..17.00 rows=1000 width=20) (actual time=0.004..0.055 rows=1000 loops=1)
 Planning time: 0.251 ms
 Execution time: 0.176 ms
(8 rows)

===== 86 [Wed Mar  7 01:55:57 CET 2018] scale:1000 groups:10 work_mem:32MB incremental:off max_workers:2 =====
SELECT * FROM s_2 ORDER BY a, b, c LIMIT 10
                                                      QUERY PLAN                                                       
-----------------------------------------------------------------------------------------------------------------------
 Limit  (cost=38.73..38.73 rows=1 width=20) (actual time=0.154..0.154 rows=0 loops=1)
   ->  Limit  (cost=38.61..38.63 rows=10 width=20) (actual time=0.152..0.153 rows=10 loops=1)
         ->  Sort  (cost=38.61..41.11 rows=1000 width=20) (actual time=0.152..0.152 rows=10 loops=1)
               Sort Key: s_2.a, s_2.b, s_2.c
               Sort Method: top-N heapsort  Memory: 25kB
               ->  Seq Scan on s_2  (cost=0.00..17.00 rows=1000 width=20) (actual time=0.007..0.058 rows=1000 loops=1)
 Planning time: 0.252 ms
 Execution time: 0.176 ms
(8 rows)

===== 87 [Wed Mar  7 01:55:57 CET 2018] scale:1000 groups:10 work_mem:32MB incremental:off max_workers:2 =====
SELECT * FROM s_3 ORDER BY a, b, c, d LIMIT 10
                                                      QUERY PLAN                                                       
-----------------------------------------------------------------------------------------------------------------------
 Limit  (cost=38.73..38.73 rows=1 width=20) (actual time=0.181..0.181 rows=0 loops=1)
   ->  Limit  (cost=38.61..38.63 rows=10 width=20) (actual time=0.179..0.180 rows=10 loops=1)
         ->  Sort  (cost=38.61..41.11 rows=1000 width=20) (actual time=0.179..0.179 rows=10 loops=1)
               Sort Key: s_3.a, s_3.b, s_3.c, s_3.d
               Sort Method: top-N heapsort  Memory: 25kB
               ->  Seq Scan on s_3  (cost=0.00..17.00 rows=1000 width=20) (actual time=0.004..0.058 rows=1000 loops=1)
 Planning time: 0.255 ms
 Execution time: 0.203 ms
(8 rows)

===== 88 [Wed Mar  7 01:55:57 CET 2018] scale:1000 groups:10 work_mem:32MB incremental:off max_workers:2 =====
SELECT * FROM s_4 ORDER BY a, b, c, d, e LIMIT 10
                                                      QUERY PLAN                                                       
-----------------------------------------------------------------------------------------------------------------------
 Limit  (cost=38.73..38.73 rows=1 width=20) (actual time=0.160..0.160 rows=0 loops=1)
   ->  Limit  (cost=38.61..38.63 rows=10 width=20) (actual time=0.158..0.159 rows=10 loops=1)
         ->  Sort  (cost=38.61..41.11 rows=1000 width=20) (actual time=0.158..0.158 rows=10 loops=1)
               Sort Key: s_4.a, s_4.b, s_4.c, s_4.d, s_4.e
               Sort Method: top-N heapsort  Memory: 25kB
               ->  Seq Scan on s_4  (cost=0.00..17.00 rows=1000 width=20) (actual time=0.007..0.058 rows=1000 loops=1)
 Planning time: 0.251 ms
 Execution time: 0.183 ms
(8 rows)

===== 89 [Wed Mar  7 01:55:57 CET 2018] scale:1000 groups:10 work_mem:64MB incremental:on max_workers:2 =====
SELECT * FROM s_1 ORDER BY a, b LIMIT 10
                                                              QUERY PLAN                                                               
---------------------------------------------------------------------------------------------------------------------------------------
 Limit  (cost=6.61..6.61 rows=1 width=20) (actual time=0.082..0.082 rows=0 loops=1)
   ->  Limit  (cost=6.33..6.51 rows=10 width=20) (actual time=0.079..0.081 rows=10 loops=1)
         ->  Incremental Sort  (cost=6.33..24.05 rows=1000 width=20) (actual time=0.079..0.080 rows=10 loops=1)
               Sort Key: s_1.a, s_1.b
               Presorted Key: s_1.a
               Sort Method: quicksort  Memory: 28kB
               Sort Groups: 1
               ->  Index Scan using s_1_a_idx on s_1  (cost=0.28..45.27 rows=1000 width=20) (actual time=0.009..0.015 rows=49 loops=1)
 Planning time: 0.255 ms
 Execution time: 0.107 ms
(10 rows)

===== 90 [Wed Mar  7 01:55:57 CET 2018] scale:1000 groups:10 work_mem:64MB incremental:on max_workers:2 =====
SELECT * FROM s_2 ORDER BY a, b, c LIMIT 10
                                                               QUERY PLAN                                                                
-----------------------------------------------------------------------------------------------------------------------------------------
 Limit  (cost=1.26..1.26 rows=1 width=20) (actual time=0.060..0.060 rows=0 loops=1)
   ->  Limit  (cost=0.97..1.16 rows=10 width=20) (actual time=0.058..0.059 rows=10 loops=1)
         ->  Incremental Sort  (cost=0.97..20.47 rows=1000 width=20) (actual time=0.057..0.058 rows=10 loops=1)
               Sort Key: s_2.a, s_2.b, s_2.c
               Presorted Key: s_2.a, s_2.b
               Sort Method: quicksort  Memory: 27kB
               Sort Groups: 1
               ->  Index Scan using s_2_a_b_idx on s_2  (cost=0.28..53.15 rows=1000 width=20) (actual time=0.012..0.015 rows=35 loops=1)
 Planning time: 0.258 ms
 Execution time: 0.083 ms
(10 rows)

===== 91 [Wed Mar  7 01:55:57 CET 2018] scale:1000 groups:10 work_mem:64MB incremental:on max_workers:2 =====
SELECT * FROM s_3 ORDER BY a, b, c, d LIMIT 10
                                                                QUERY PLAN                                                                 
-------------------------------------------------------------------------------------------------------------------------------------------
 Limit  (cost=1.30..1.30 rows=1 width=20) (actual time=0.058..0.058 rows=0 loops=1)
   ->  Limit  (cost=1.01..1.20 rows=10 width=20) (actual time=0.056..0.057 rows=10 loops=1)
         ->  Incremental Sort  (cost=1.01..20.51 rows=1000 width=20) (actual time=0.056..0.056 rows=10 loops=1)
               Sort Key: s_3.a, s_3.b, s_3.c, s_3.d
               Presorted Key: s_3.a, s_3.b, s_3.c
               Sort Method: quicksort  Memory: 27kB
               Sort Groups: 1
               ->  Index Scan using s_3_a_b_c_idx on s_3  (cost=0.28..57.15 rows=1000 width=20) (actual time=0.008..0.012 rows=34 loops=1)
 Planning time: 0.271 ms
 Execution time: 0.081 ms
(10 rows)

===== 92 [Wed Mar  7 01:55:57 CET 2018] scale:1000 groups:10 work_mem:64MB incremental:on max_workers:2 =====
SELECT * FROM s_4 ORDER BY a, b, c, d, e LIMIT 10
                                                                 QUERY PLAN                                                                  
---------------------------------------------------------------------------------------------------------------------------------------------
 Limit  (cost=1.30..1.30 rows=1 width=20) (actual time=0.059..0.059 rows=0 loops=1)
   ->  Limit  (cost=1.01..1.20 rows=10 width=20) (actual time=0.056..0.057 rows=10 loops=1)
         ->  Incremental Sort  (cost=1.01..20.51 rows=1000 width=20) (actual time=0.056..0.056 rows=10 loops=1)
               Sort Key: s_4.a, s_4.b, s_4.c, s_4.d, s_4.e
               Presorted Key: s_4.a, s_4.b, s_4.c, s_4.d
               Sort Method: quicksort  Memory: 27kB
               Sort Groups: 1
               ->  Index Scan using s_4_a_b_c_d_idx on s_4  (cost=0.28..57.15 rows=1000 width=20) (actual time=0.012..0.015 rows=33 loops=1)
 Planning time: 0.260 ms
 Execution time: 0.082 ms
(10 rows)

===== 93 [Wed Mar  7 01:55:57 CET 2018] scale:1000 groups:10 work_mem:64MB incremental:off max_workers:2 =====
SELECT * FROM s_1 ORDER BY a, b LIMIT 10
                                                      QUERY PLAN                                                       
-----------------------------------------------------------------------------------------------------------------------
 Limit  (cost=38.73..38.73 rows=1 width=20) (actual time=0.158..0.158 rows=0 loops=1)
   ->  Limit  (cost=38.61..38.63 rows=10 width=20) (actual time=0.155..0.156 rows=10 loops=1)
         ->  Sort  (cost=38.61..41.11 rows=1000 width=20) (actual time=0.155..0.156 rows=10 loops=1)
               Sort Key: s_1.a, s_1.b
               Sort Method: top-N heapsort  Memory: 26kB
               ->  Seq Scan on s_1  (cost=0.00..17.00 rows=1000 width=20) (actual time=0.004..0.056 rows=1000 loops=1)
 Planning time: 0.250 ms
 Execution time: 0.180 ms
(8 rows)

===== 94 [Wed Mar  7 01:55:58 CET 2018] scale:1000 groups:10 work_mem:64MB incremental:off max_workers:2 =====
SELECT * FROM s_2 ORDER BY a, b, c LIMIT 10
                                                      QUERY PLAN                                                       
-----------------------------------------------------------------------------------------------------------------------
 Limit  (cost=38.73..38.73 rows=1 width=20) (actual time=0.156..0.156 rows=0 loops=1)
   ->  Limit  (cost=38.61..38.63 rows=10 width=20) (actual time=0.154..0.155 rows=10 loops=1)
         ->  Sort  (cost=38.61..41.11 rows=1000 width=20) (actual time=0.153..0.154 rows=10 loops=1)
               Sort Key: s_2.a, s_2.b, s_2.c
               Sort Method: top-N heapsort  Memory: 25kB
               ->  Seq Scan on s_2  (cost=0.00..17.00 rows=1000 width=20) (actual time=0.007..0.058 rows=1000 loops=1)
 Planning time: 0.247 ms
 Execution time: 0.178 ms
(8 rows)

===== 95 [Wed Mar  7 01:55:58 CET 2018] scale:1000 groups:10 work_mem:64MB incremental:off max_workers:2 =====
SELECT * FROM s_3 ORDER BY a, b, c, d LIMIT 10
                                                      QUERY PLAN                                                       
-----------------------------------------------------------------------------------------------------------------------
 Limit  (cost=38.73..38.73 rows=1 width=20) (actual time=0.185..0.185 rows=0 loops=1)
   ->  Limit  (cost=38.61..38.63 rows=10 width=20) (actual time=0.182..0.183 rows=10 loops=1)
         ->  Sort  (cost=38.61..41.11 rows=1000 width=20) (actual time=0.182..0.183 rows=10 loops=1)
               Sort Key: s_3.a, s_3.b, s_3.c, s_3.d
               Sort Method: top-N heapsort  Memory: 25kB
               ->  Seq Scan on s_3  (cost=0.00..17.00 rows=1000 width=20) (actual time=0.004..0.059 rows=1000 loops=1)
 Planning time: 0.259 ms
 Execution time: 0.206 ms
(8 rows)

===== 96 [Wed Mar  7 01:55:58 CET 2018] scale:1000 groups:10 work_mem:64MB incremental:off max_workers:2 =====
SELECT * FROM s_4 ORDER BY a, b, c, d, e LIMIT 10
                                                      QUERY PLAN                                                       
-----------------------------------------------------------------------------------------------------------------------
 Limit  (cost=38.73..38.73 rows=1 width=20) (actual time=0.158..0.158 rows=0 loops=1)
   ->  Limit  (cost=38.61..38.63 rows=10 width=20) (actual time=0.156..0.157 rows=10 loops=1)
         ->  Sort  (cost=38.61..41.11 rows=1000 width=20) (actual time=0.156..0.156 rows=10 loops=1)
               Sort Key: s_4.a, s_4.b, s_4.c, s_4.d, s_4.e
               Sort Method: top-N heapsort  Memory: 25kB
               ->  Seq Scan on s_4  (cost=0.00..17.00 rows=1000 width=20) (actual time=0.007..0.058 rows=1000 loops=1)
 Planning time: 0.254 ms
 Execution time: 0.181 ms
(8 rows)

===== 97 [Wed Mar  7 01:55:58 CET 2018] scale:1000 groups:10 work_mem:128MB incremental:on max_workers:2 =====
SELECT * FROM s_1 ORDER BY a, b LIMIT 10
                                                              QUERY PLAN                                                               
---------------------------------------------------------------------------------------------------------------------------------------
 Limit  (cost=6.61..6.61 rows=1 width=20) (actual time=0.066..0.066 rows=0 loops=1)
   ->  Limit  (cost=6.33..6.51 rows=10 width=20) (actual time=0.064..0.065 rows=10 loops=1)
         ->  Incremental Sort  (cost=6.33..24.05 rows=1000 width=20) (actual time=0.063..0.064 rows=10 loops=1)
               Sort Key: s_1.a, s_1.b
               Presorted Key: s_1.a
               Sort Method: quicksort  Memory: 28kB
               Sort Groups: 1
               ->  Index Scan using s_1_a_idx on s_1  (cost=0.28..45.27 rows=1000 width=20) (actual time=0.009..0.015 rows=49 loops=1)
 Planning time: 0.254 ms
 Execution time: 0.090 ms
(10 rows)

===== 98 [Wed Mar  7 01:55:58 CET 2018] scale:1000 groups:10 work_mem:128MB incremental:on max_workers:2 =====
SELECT * FROM s_2 ORDER BY a, b, c LIMIT 10
                                                               QUERY PLAN                                                                
-----------------------------------------------------------------------------------------------------------------------------------------
 Limit  (cost=1.26..1.26 rows=1 width=20) (actual time=0.060..0.060 rows=0 loops=1)
   ->  Limit  (cost=0.97..1.16 rows=10 width=20) (actual time=0.058..0.059 rows=10 loops=1)
         ->  Incremental Sort  (cost=0.97..20.47 rows=1000 width=20) (actual time=0.057..0.058 rows=10 loops=1)
               Sort Key: s_2.a, s_2.b, s_2.c
               Presorted Key: s_2.a, s_2.b
               Sort Method: quicksort  Memory: 27kB
               Sort Groups: 1
               ->  Index Scan using s_2_a_b_idx on s_2  (cost=0.28..53.15 rows=1000 width=20) (actual time=0.012..0.015 rows=35 loops=1)
 Planning time: 0.258 ms
 Execution time: 0.086 ms
(10 rows)

===== 99 [Wed Mar  7 01:55:58 CET 2018] scale:1000 groups:10 work_mem:128MB incremental:on max_workers:2 =====
SELECT * FROM s_3 ORDER BY a, b, c, d LIMIT 10
                                                                QUERY PLAN                                                                 
-------------------------------------------------------------------------------------------------------------------------------------------
 Limit  (cost=1.30..1.30 rows=1 width=20) (actual time=0.059..0.059 rows=0 loops=1)
   ->  Limit  (cost=1.01..1.20 rows=10 width=20) (actual time=0.057..0.058 rows=10 loops=1)
         ->  Incremental Sort  (cost=1.01..20.51 rows=1000 width=20) (actual time=0.057..0.057 rows=10 loops=1)
               Sort Key: s_3.a, s_3.b, s_3.c, s_3.d
               Presorted Key: s_3.a, s_3.b, s_3.c
               Sort Method: quicksort  Memory: 27kB
               Sort Groups: 1
               ->  Index Scan using s_3_a_b_c_idx on s_3  (cost=0.28..57.15 rows=1000 width=20) (actual time=0.008..0.011 rows=34 loops=1)
 Planning time: 0.263 ms
 Execution time: 0.082 ms
(10 rows)

===== 100 [Wed Mar  7 01:55:58 CET 2018] scale:1000 groups:10 work_mem:128MB incremental:on max_workers:2 =====
SELECT * FROM s_4 ORDER BY a, b, c, d, e LIMIT 10
                                                                 QUERY PLAN                                                                  
---------------------------------------------------------------------------------------------------------------------------------------------
 Limit  (cost=1.30..1.30 rows=1 width=20) (actual time=0.058..0.058 rows=0 loops=1)
   ->  Limit  (cost=1.01..1.20 rows=10 width=20) (actual time=0.056..0.057 rows=10 loops=1)
         ->  Incremental Sort  (cost=1.01..20.51 rows=1000 width=20) (actual time=0.056..0.056 rows=10 loops=1)
               Sort Key: s_4.a, s_4.b, s_4.c, s_4.d, s_4.e
               Presorted Key: s_4.a, s_4.b, s_4.c, s_4.d
               Sort Method: quicksort  Memory: 27kB
               Sort Groups: 1
               ->  Index Scan using s_4_a_b_c_d_idx on s_4  (cost=0.28..57.15 rows=1000 width=20) (actual time=0.011..0.015 rows=33 loops=1)
 Planning time: 0.259 ms
 Execution time: 0.081 ms
(10 rows)

===== 101 [Wed Mar  7 01:55:58 CET 2018] scale:1000 groups:10 work_mem:128MB incremental:off max_workers:2 =====
SELECT * FROM s_1 ORDER BY a, b LIMIT 10
                                                      QUERY PLAN                                                       
-----------------------------------------------------------------------------------------------------------------------
 Limit  (cost=38.73..38.73 rows=1 width=20) (actual time=0.157..0.157 rows=0 loops=1)
   ->  Limit  (cost=38.61..38.63 rows=10 width=20) (actual time=0.155..0.156 rows=10 loops=1)
         ->  Sort  (cost=38.61..41.11 rows=1000 width=20) (actual time=0.155..0.155 rows=10 loops=1)
               Sort Key: s_1.a, s_1.b
               Sort Method: top-N heapsort  Memory: 26kB
               ->  Seq Scan on s_1  (cost=0.00..17.00 rows=1000 width=20) (actual time=0.004..0.059 rows=1000 loops=1)
 Planning time: 0.253 ms
 Execution time: 0.180 ms
(8 rows)

===== 102 [Wed Mar  7 01:55:58 CET 2018] scale:1000 groups:10 work_mem:128MB incremental:off max_workers:2 =====
SELECT * FROM s_2 ORDER BY a, b, c LIMIT 10
                                                      QUERY PLAN                                                       
-----------------------------------------------------------------------------------------------------------------------
 Limit  (cost=38.73..38.73 rows=1 width=20) (actual time=0.155..0.155 rows=0 loops=1)
   ->  Limit  (cost=38.61..38.63 rows=10 width=20) (actual time=0.153..0.154 rows=10 loops=1)
         ->  Sort  (cost=38.61..41.11 rows=1000 width=20) (actual time=0.152..0.153 rows=10 loops=1)
               Sort Key: s_2.a, s_2.b, s_2.c
               Sort Method: top-N heapsort  Memory: 25kB
               ->  Seq Scan on s_2  (cost=0.00..17.00 rows=1000 width=20) (actual time=0.007..0.058 rows=1000 loops=1)
 Planning time: 0.250 ms
 Execution time: 0.177 ms
(8 rows)

===== 103 [Wed Mar  7 01:55:58 CET 2018] scale:1000 groups:10 work_mem:128MB incremental:off max_workers:2 =====
SELECT * FROM s_3 ORDER BY a, b, c, d LIMIT 10
                                                      QUERY PLAN                                                       
-----------------------------------------------------------------------------------------------------------------------
 Limit  (cost=38.73..38.73 rows=1 width=20) (actual time=0.172..0.172 rows=0 loops=1)
   ->  Limit  (cost=38.61..38.63 rows=10 width=20) (actual time=0.170..0.171 rows=10 loops=1)
         ->  Sort  (cost=38.61..41.11 rows=1000 width=20) (actual time=0.169..0.170 rows=10 loops=1)
               Sort Key: s_3.a, s_3.b, s_3.c, s_3.d
               Sort Method: top-N heapsort  Memory: 25kB
               ->  Seq Scan on s_3  (cost=0.00..17.00 rows=1000 width=20) (actual time=0.004..0.062 rows=1000 loops=1)
 Planning time: 0.257 ms
 Execution time: 0.194 ms
(8 rows)

===== 104 [Wed Mar  7 01:55:58 CET 2018] scale:1000 groups:10 work_mem:128MB incremental:off max_workers:2 =====
SELECT * FROM s_4 ORDER BY a, b, c, d, e LIMIT 10
                                                      QUERY PLAN                                                       
-----------------------------------------------------------------------------------------------------------------------
 Limit  (cost=38.73..38.73 rows=1 width=20) (actual time=0.167..0.167 rows=0 loops=1)
   ->  Limit  (cost=38.61..38.63 rows=10 width=20) (actual time=0.165..0.166 rows=10 loops=1)
         ->  Sort  (cost=38.61..41.11 rows=1000 width=20) (actual time=0.165..0.165 rows=10 loops=1)
               Sort Key: s_4.a, s_4.b, s_4.c, s_4.d, s_4.e
               Sort Method: top-N heapsort  Memory: 25kB
               ->  Seq Scan on s_4  (cost=0.00..17.00 rows=1000 width=20) (actual time=0.007..0.058 rows=1000 loops=1)
 Planning time: 0.247 ms
 Execution time: 0.189 ms
(8 rows)

===== 105 [Wed Mar  7 01:55:58 CET 2018] scale:1000 groups:10 work_mem:256MB incremental:on max_workers:2 =====
SELECT * FROM s_1 ORDER BY a, b LIMIT 10
                                                              QUERY PLAN                                                               
---------------------------------------------------------------------------------------------------------------------------------------
 Limit  (cost=6.61..6.61 rows=1 width=20) (actual time=0.062..0.062 rows=0 loops=1)
   ->  Limit  (cost=6.33..6.51 rows=10 width=20) (actual time=0.060..0.061 rows=10 loops=1)
         ->  Incremental Sort  (cost=6.33..24.05 rows=1000 width=20) (actual time=0.060..0.060 rows=10 loops=1)
               Sort Key: s_1.a, s_1.b
               Presorted Key: s_1.a
               Sort Method: quicksort  Memory: 28kB
               Sort Groups: 1
               ->  Index Scan using s_1_a_idx on s_1  (cost=0.28..45.27 rows=1000 width=20) (actual time=0.009..0.014 rows=49 loops=1)
 Planning time: 0.254 ms
 Execution time: 0.089 ms
(10 rows)

===== 106 [Wed Mar  7 01:55:58 CET 2018] scale:1000 groups:10 work_mem:256MB incremental:on max_workers:2 =====
SELECT * FROM s_2 ORDER BY a, b, c LIMIT 10
                                                               QUERY PLAN                                                                
-----------------------------------------------------------------------------------------------------------------------------------------
 Limit  (cost=1.26..1.26 rows=1 width=20) (actual time=0.059..0.059 rows=0 loops=1)
   ->  Limit  (cost=0.97..1.16 rows=10 width=20) (actual time=0.057..0.058 rows=10 loops=1)
         ->  Incremental Sort  (cost=0.97..20.47 rows=1000 width=20) (actual time=0.057..0.057 rows=10 loops=1)
               Sort Key: s_2.a, s_2.b, s_2.c
               Presorted Key: s_2.a, s_2.b
               Sort Method: quicksort  Memory: 27kB
               Sort Groups: 1
               ->  Index Scan using s_2_a_b_idx on s_2  (cost=0.28..53.15 rows=1000 width=20) (actual time=0.011..0.015 rows=35 loops=1)
 Planning time: 0.261 ms
 Execution time: 0.083 ms
(10 rows)

===== 107 [Wed Mar  7 01:55:58 CET 2018] scale:1000 groups:10 work_mem:256MB incremental:on max_workers:2 =====
SELECT * FROM s_3 ORDER BY a, b, c, d LIMIT 10
                                                                QUERY PLAN                                                                 
-------------------------------------------------------------------------------------------------------------------------------------------
 Limit  (cost=1.30..1.30 rows=1 width=20) (actual time=0.059..0.059 rows=0 loops=1)
   ->  Limit  (cost=1.01..1.20 rows=10 width=20) (actual time=0.056..0.058 rows=10 loops=1)
         ->  Incremental Sort  (cost=1.01..20.51 rows=1000 width=20) (actual time=0.056..0.057 rows=10 loops=1)
               Sort Key: s_3.a, s_3.b, s_3.c, s_3.d
               Presorted Key: s_3.a, s_3.b, s_3.c
               Sort Method: quicksort  Memory: 27kB
               Sort Groups: 1
               ->  Index Scan using s_3_a_b_c_idx on s_3  (cost=0.28..57.15 rows=1000 width=20) (actual time=0.008..0.012 rows=34 loops=1)
 Planning time: 0.266 ms
 Execution time: 0.082 ms
(10 rows)

===== 108 [Wed Mar  7 01:55:59 CET 2018] scale:1000 groups:10 work_mem:256MB incremental:on max_workers:2 =====
SELECT * FROM s_4 ORDER BY a, b, c, d, e LIMIT 10
                                                                 QUERY PLAN                                                                  
---------------------------------------------------------------------------------------------------------------------------------------------
 Limit  (cost=1.30..1.30 rows=1 width=20) (actual time=0.058..0.058 rows=0 loops=1)
   ->  Limit  (cost=1.01..1.20 rows=10 width=20) (actual time=0.055..0.056 rows=10 loops=1)
         ->  Incremental Sort  (cost=1.01..20.51 rows=1000 width=20) (actual time=0.055..0.055 rows=10 loops=1)
               Sort Key: s_4.a, s_4.b, s_4.c, s_4.d, s_4.e
               Presorted Key: s_4.a, s_4.b, s_4.c, s_4.d
               Sort Method: quicksort  Memory: 27kB
               Sort Groups: 1
               ->  Index Scan using s_4_a_b_c_d_idx on s_4  (cost=0.28..57.15 rows=1000 width=20) (actual time=0.011..0.015 rows=33 loops=1)
 Planning time: 0.261 ms
 Execution time: 0.081 ms
(10 rows)

===== 109 [Wed Mar  7 01:55:59 CET 2018] scale:1000 groups:10 work_mem:256MB incremental:off max_workers:2 =====
SELECT * FROM s_1 ORDER BY a, b LIMIT 10
                                                      QUERY PLAN                                                       
-----------------------------------------------------------------------------------------------------------------------
 Limit  (cost=38.73..38.73 rows=1 width=20) (actual time=0.153..0.153 rows=0 loops=1)
   ->  Limit  (cost=38.61..38.63 rows=10 width=20) (actual time=0.151..0.152 rows=10 loops=1)
         ->  Sort  (cost=38.61..41.11 rows=1000 width=20) (actual time=0.150..0.151 rows=10 loops=1)
               Sort Key: s_1.a, s_1.b
               Sort Method: top-N heapsort  Memory: 26kB
               ->  Seq Scan on s_1  (cost=0.00..17.00 rows=1000 width=20) (actual time=0.004..0.055 rows=1000 loops=1)
 Planning time: 0.258 ms
 Execution time: 0.175 ms
(8 rows)

===== 110 [Wed Mar  7 01:55:59 CET 2018] scale:1000 groups:10 work_mem:256MB incremental:off max_workers:2 =====
SELECT * FROM s_2 ORDER BY a, b, c LIMIT 10
                                                      QUERY PLAN                                                       
-----------------------------------------------------------------------------------------------------------------------
 Limit  (cost=38.73..38.73 rows=1 width=20) (actual time=0.154..0.154 rows=0 loops=1)
   ->  Limit  (cost=38.61..38.63 rows=10 width=20) (actual time=0.152..0.153 rows=10 loops=1)
         ->  Sort  (cost=38.61..41.11 rows=1000 width=20) (actual time=0.152..0.152 rows=10 loops=1)
               Sort Key: s_2.a, s_2.b, s_2.c
               Sort Method: top-N heapsort  Memory: 25kB
               ->  Seq Scan on s_2  (cost=0.00..17.00 rows=1000 width=20) (actual time=0.007..0.058 rows=1000 loops=1)
 Planning time: 0.248 ms
 Execution time: 0.176 ms
(8 rows)

===== 111 [Wed Mar  7 01:55:59 CET 2018] scale:1000 groups:10 work_mem:256MB incremental:off max_workers:2 =====
SELECT * FROM s_3 ORDER BY a, b, c, d LIMIT 10
                                                      QUERY PLAN                                                       
-----------------------------------------------------------------------------------------------------------------------
 Limit  (cost=38.73..38.73 rows=1 width=20) (actual time=0.176..0.176 rows=0 loops=1)
   ->  Limit  (cost=38.61..38.63 rows=10 width=20) (actual time=0.173..0.174 rows=10 loops=1)
         ->  Sort  (cost=38.61..41.11 rows=1000 width=20) (actual time=0.173..0.174 rows=10 loops=1)
               Sort Key: s_3.a, s_3.b, s_3.c, s_3.d
               Sort Method: top-N heapsort  Memory: 25kB
               ->  Seq Scan on s_3  (cost=0.00..17.00 rows=1000 width=20) (actual time=0.004..0.058 rows=1000 loops=1)
 Planning time: 0.251 ms
 Execution time: 0.198 ms
(8 rows)

===== 112 [Wed Mar  7 01:55:59 CET 2018] scale:1000 groups:10 work_mem:256MB incremental:off max_workers:2 =====
SELECT * FROM s_4 ORDER BY a, b, c, d, e LIMIT 10
                                                      QUERY PLAN                                                       
-----------------------------------------------------------------------------------------------------------------------
 Limit  (cost=38.73..38.73 rows=1 width=20) (actual time=0.158..0.158 rows=0 loops=1)
   ->  Limit  (cost=38.61..38.63 rows=10 width=20) (actual time=0.156..0.157 rows=10 loops=1)
         ->  Sort  (cost=38.61..41.11 rows=1000 width=20) (actual time=0.155..0.156 rows=10 loops=1)
               Sort Key: s_4.a, s_4.b, s_4.c, s_4.d, s_4.e
               Sort Method: top-N heapsort  Memory: 25kB
               ->  Seq Scan on s_4  (cost=0.00..17.00 rows=1000 width=20) (actual time=0.007..0.058 rows=1000 loops=1)
 Planning time: 0.248 ms
 Execution time: 0.180 ms
(8 rows)

===== 113 [Wed Mar  7 01:56:00 CET 2018] scale:1000 groups:100 work_mem:4MB incremental:on max_workers:0 =====
SELECT * FROM s_1 ORDER BY a, b LIMIT 10
                                                              QUERY PLAN                                                               
---------------------------------------------------------------------------------------------------------------------------------------
 Limit  (cost=1.18..1.18 rows=1 width=20) (actual time=0.075..0.075 rows=0 loops=1)
   ->  Limit  (cost=0.88..1.08 rows=10 width=20) (actual time=0.072..0.073 rows=10 loops=1)
         ->  Incremental Sort  (cost=0.88..20.41 rows=1000 width=20) (actual time=0.072..0.072 rows=10 loops=1)
               Sort Key: s_1.a, s_1.b
               Presorted Key: s_1.a
               Sort Method: quicksort  Memory: 27kB
               Sort Groups: 1
               ->  Index Scan using s_1_a_idx on s_1  (cost=0.28..45.27 rows=1000 width=20) (actual time=0.022..0.026 rows=36 loops=1)
 Planning time: 0.258 ms
 Execution time: 0.100 ms
(10 rows)

===== 114 [Wed Mar  7 01:56:00 CET 2018] scale:1000 groups:100 work_mem:4MB incremental:on max_workers:0 =====
SELECT * FROM s_2 ORDER BY a, b, c LIMIT 10
                                                               QUERY PLAN                                                                
-----------------------------------------------------------------------------------------------------------------------------------------
 Limit  (cost=1.26..1.26 rows=1 width=20) (actual time=0.069..0.069 rows=0 loops=1)
   ->  Limit  (cost=0.96..1.16 rows=10 width=20) (actual time=0.067..0.068 rows=10 loops=1)
         ->  Incremental Sort  (cost=0.96..20.49 rows=1000 width=20) (actual time=0.067..0.067 rows=10 loops=1)
               Sort Key: s_2.a, s_2.b, s_2.c
               Presorted Key: s_2.a, s_2.b
               Sort Method: quicksort  Memory: 27kB
               Sort Groups: 1
               ->  Index Scan using s_2_a_b_idx on s_2  (cost=0.28..53.15 rows=1000 width=20) (actual time=0.022..0.025 rows=33 loops=1)
 Planning time: 0.274 ms
 Execution time: 0.094 ms
(10 rows)

===== 115 [Wed Mar  7 01:56:00 CET 2018] scale:1000 groups:100 work_mem:4MB incremental:on max_workers:0 =====
SELECT * FROM s_3 ORDER BY a, b, c, d LIMIT 10
                                                                QUERY PLAN                                                                 
-------------------------------------------------------------------------------------------------------------------------------------------
 Limit  (cost=1.30..1.30 rows=1 width=20) (actual time=0.069..0.069 rows=0 loops=1)
   ->  Limit  (cost=1.00..1.20 rows=10 width=20) (actual time=0.067..0.068 rows=10 loops=1)
         ->  Incremental Sort  (cost=1.00..20.53 rows=1000 width=20) (actual time=0.066..0.067 rows=10 loops=1)
               Sort Key: s_3.a, s_3.b, s_3.c, s_3.d
               Presorted Key: s_3.a, s_3.b, s_3.c
               Sort Method: quicksort  Memory: 27kB
               Sort Groups: 1
               ->  Index Scan using s_3_a_b_c_idx on s_3  (cost=0.28..57.15 rows=1000 width=20) (actual time=0.021..0.025 rows=33 loops=1)
 Planning time: 0.272 ms
 Execution time: 0.092 ms
(10 rows)

===== 116 [Wed Mar  7 01:56:00 CET 2018] scale:1000 groups:100 work_mem:4MB incremental:on max_workers:0 =====
SELECT * FROM s_4 ORDER BY a, b, c, d, e LIMIT 10
                                                                 QUERY PLAN                                                                  
---------------------------------------------------------------------------------------------------------------------------------------------
 Limit  (cost=1.30..1.30 rows=1 width=20) (actual time=0.061..0.061 rows=0 loops=1)
   ->  Limit  (cost=1.00..1.20 rows=10 width=20) (actual time=0.059..0.060 rows=10 loops=1)
         ->  Incremental Sort  (cost=1.00..20.53 rows=1000 width=20) (actual time=0.059..0.059 rows=10 loops=1)
               Sort Key: s_4.a, s_4.b, s_4.c, s_4.d, s_4.e
               Presorted Key: s_4.a, s_4.b, s_4.c, s_4.d
               Sort Method: quicksort  Memory: 27kB
               Sort Groups: 1
               ->  Index Scan using s_4_a_b_c_d_idx on s_4  (cost=0.28..57.15 rows=1000 width=20) (actual time=0.014..0.017 rows=33 loops=1)
 Planning time: 0.273 ms
 Execution time: 0.084 ms
(10 rows)

===== 117 [Wed Mar  7 01:56:00 CET 2018] scale:1000 groups:100 work_mem:4MB incremental:off max_workers:0 =====
SELECT * FROM s_1 ORDER BY a, b LIMIT 10
                                                      QUERY PLAN                                                       
-----------------------------------------------------------------------------------------------------------------------
 Limit  (cost=38.73..38.73 rows=1 width=20) (actual time=0.151..0.151 rows=0 loops=1)
   ->  Limit  (cost=38.61..38.63 rows=10 width=20) (actual time=0.148..0.150 rows=10 loops=1)
         ->  Sort  (cost=38.61..41.11 rows=1000 width=20) (actual time=0.148..0.149 rows=10 loops=1)
               Sort Key: s_1.a, s_1.b
               Sort Method: top-N heapsort  Memory: 26kB
               ->  Seq Scan on s_1  (cost=0.00..17.00 rows=1000 width=20) (actual time=0.004..0.055 rows=1000 loops=1)
 Planning time: 0.253 ms
 Execution time: 0.173 ms
(8 rows)

===== 118 [Wed Mar  7 01:56:00 CET 2018] scale:1000 groups:100 work_mem:4MB incremental:off max_workers:0 =====
SELECT * FROM s_2 ORDER BY a, b, c LIMIT 10
                                                      QUERY PLAN                                                       
-----------------------------------------------------------------------------------------------------------------------
 Limit  (cost=38.73..38.73 rows=1 width=20) (actual time=0.148..0.148 rows=0 loops=1)
   ->  Limit  (cost=38.61..38.63 rows=10 width=20) (actual time=0.145..0.146 rows=10 loops=1)
         ->  Sort  (cost=38.61..41.11 rows=1000 width=20) (actual time=0.145..0.146 rows=10 loops=1)
               Sort Key: s_2.a, s_2.b, s_2.c
               Sort Method: top-N heapsort  Memory: 25kB
               ->  Seq Scan on s_2  (cost=0.00..17.00 rows=1000 width=20) (actual time=0.006..0.054 rows=1000 loops=1)
 Planning time: 0.258 ms
 Execution time: 0.171 ms
(8 rows)

===== 119 [Wed Mar  7 01:56:00 CET 2018] scale:1000 groups:100 work_mem:4MB incremental:off max_workers:0 =====
SELECT * FROM s_3 ORDER BY a, b, c, d LIMIT 10
                                                      QUERY PLAN                                                       
-----------------------------------------------------------------------------------------------------------------------
 Limit  (cost=38.73..38.73 rows=1 width=20) (actual time=0.173..0.173 rows=0 loops=1)
   ->  Limit  (cost=38.61..38.63 rows=10 width=20) (actual time=0.171..0.172 rows=10 loops=1)
         ->  Sort  (cost=38.61..41.11 rows=1000 width=20) (actual time=0.170..0.171 rows=10 loops=1)
               Sort Key: s_3.a, s_3.b, s_3.c, s_3.d
               Sort Method: top-N heapsort  Memory: 25kB
               ->  Seq Scan on s_3  (cost=0.00..17.00 rows=1000 width=20) (actual time=0.004..0.052 rows=1000 loops=1)
 Planning time: 0.256 ms
 Execution time: 0.196 ms
(8 rows)

===== 120 [Wed Mar  7 01:56:00 CET 2018] scale:1000 groups:100 work_mem:4MB incremental:off max_workers:0 =====
SELECT * FROM s_4 ORDER BY a, b, c, d, e LIMIT 10
                                                      QUERY PLAN                                                       
-----------------------------------------------------------------------------------------------------------------------
 Limit  (cost=38.73..38.73 rows=1 width=20) (actual time=0.165..0.165 rows=0 loops=1)
   ->  Limit  (cost=38.61..38.63 rows=10 width=20) (actual time=0.163..0.164 rows=10 loops=1)
         ->  Sort  (cost=38.61..41.11 rows=1000 width=20) (actual time=0.163..0.163 rows=10 loops=1)
               Sort Key: s_4.a, s_4.b, s_4.c, s_4.d, s_4.e
               Sort Method: top-N heapsort  Memory: 25kB
               ->  Seq Scan on s_4  (cost=0.00..17.00 rows=1000 width=20) (actual time=0.009..0.058 rows=1000 loops=1)
 Planning time: 0.259 ms
 Execution time: 0.188 ms
(8 rows)

===== 121 [Wed Mar  7 01:56:00 CET 2018] scale:1000 groups:100 work_mem:8MB incremental:on max_workers:0 =====
SELECT * FROM s_1 ORDER BY a, b LIMIT 10
                                                              QUERY PLAN                                                               
---------------------------------------------------------------------------------------------------------------------------------------
 Limit  (cost=1.18..1.18 rows=1 width=20) (actual time=0.064..0.064 rows=0 loops=1)
   ->  Limit  (cost=0.88..1.08 rows=10 width=20) (actual time=0.061..0.063 rows=10 loops=1)
         ->  Incremental Sort  (cost=0.88..20.41 rows=1000 width=20) (actual time=0.061..0.062 rows=10 loops=1)
               Sort Key: s_1.a, s_1.b
               Presorted Key: s_1.a
               Sort Method: quicksort  Memory: 27kB
               Sort Groups: 1
               ->  Index Scan using s_1_a_idx on s_1  (cost=0.28..45.27 rows=1000 width=20) (actual time=0.009..0.013 rows=36 loops=1)
 Planning time: 0.255 ms
 Execution time: 0.089 ms
(10 rows)

===== 122 [Wed Mar  7 01:56:00 CET 2018] scale:1000 groups:100 work_mem:8MB incremental:on max_workers:0 =====
SELECT * FROM s_2 ORDER BY a, b, c LIMIT 10
                                                               QUERY PLAN                                                                
-----------------------------------------------------------------------------------------------------------------------------------------
 Limit  (cost=1.26..1.26 rows=1 width=20) (actual time=0.055..0.055 rows=0 loops=1)
   ->  Limit  (cost=0.96..1.16 rows=10 width=20) (actual time=0.053..0.054 rows=10 loops=1)
         ->  Incremental Sort  (cost=0.96..20.49 rows=1000 width=20) (actual time=0.053..0.053 rows=10 loops=1)
               Sort Key: s_2.a, s_2.b, s_2.c
               Presorted Key: s_2.a, s_2.b
               Sort Method: quicksort  Memory: 27kB
               Sort Groups: 1
               ->  Index Scan using s_2_a_b_idx on s_2  (cost=0.28..53.15 rows=1000 width=20) (actual time=0.009..0.012 rows=33 loops=1)
 Planning time: 0.269 ms
 Execution time: 0.079 ms
(10 rows)

===== 123 [Wed Mar  7 01:56:00 CET 2018] scale:1000 groups:100 work_mem:8MB incremental:on max_workers:0 =====
SELECT * FROM s_3 ORDER BY a, b, c, d LIMIT 10
                                                                QUERY PLAN                                                                 
-------------------------------------------------------------------------------------------------------------------------------------------
 Limit  (cost=1.30..1.30 rows=1 width=20) (actual time=0.055..0.055 rows=0 loops=1)
   ->  Limit  (cost=1.00..1.20 rows=10 width=20) (actual time=0.053..0.054 rows=10 loops=1)
         ->  Incremental Sort  (cost=1.00..20.53 rows=1000 width=20) (actual time=0.053..0.053 rows=10 loops=1)
               Sort Key: s_3.a, s_3.b, s_3.c, s_3.d
               Presorted Key: s_3.a, s_3.b, s_3.c
               Sort Method: quicksort  Memory: 27kB
               Sort Groups: 1
               ->  Index Scan using s_3_a_b_c_idx on s_3  (cost=0.28..57.15 rows=1000 width=20) (actual time=0.008..0.011 rows=33 loops=1)
 Planning time: 0.273 ms
 Execution time: 0.079 ms
(10 rows)

===== 124 [Wed Mar  7 01:56:00 CET 2018] scale:1000 groups:100 work_mem:8MB incremental:on max_workers:0 =====
SELECT * FROM s_4 ORDER BY a, b, c, d, e LIMIT 10
                                                                 QUERY PLAN                                                                  
---------------------------------------------------------------------------------------------------------------------------------------------
 Limit  (cost=1.30..1.30 rows=1 width=20) (actual time=0.063..0.063 rows=0 loops=1)
   ->  Limit  (cost=1.00..1.20 rows=10 width=20) (actual time=0.061..0.062 rows=10 loops=1)
         ->  Incremental Sort  (cost=1.00..20.53 rows=1000 width=20) (actual time=0.061..0.061 rows=10 loops=1)
               Sort Key: s_4.a, s_4.b, s_4.c, s_4.d, s_4.e
               Presorted Key: s_4.a, s_4.b, s_4.c, s_4.d
               Sort Method: quicksort  Memory: 27kB
               Sort Groups: 1
               ->  Index Scan using s_4_a_b_c_d_idx on s_4  (cost=0.28..57.15 rows=1000 width=20) (actual time=0.014..0.017 rows=33 loops=1)
 Planning time: 0.271 ms
 Execution time: 0.087 ms
(10 rows)

===== 125 [Wed Mar  7 01:56:00 CET 2018] scale:1000 groups:100 work_mem:8MB incremental:off max_workers:0 =====
SELECT * FROM s_1 ORDER BY a, b LIMIT 10
                                                      QUERY PLAN                                                       
-----------------------------------------------------------------------------------------------------------------------
 Limit  (cost=38.73..38.73 rows=1 width=20) (actual time=0.150..0.150 rows=0 loops=1)
   ->  Limit  (cost=38.61..38.63 rows=10 width=20) (actual time=0.148..0.149 rows=10 loops=1)
         ->  Sort  (cost=38.61..41.11 rows=1000 width=20) (actual time=0.148..0.148 rows=10 loops=1)
               Sort Key: s_1.a, s_1.b
               Sort Method: top-N heapsort  Memory: 26kB
               ->  Seq Scan on s_1  (cost=0.00..17.00 rows=1000 width=20) (actual time=0.004..0.055 rows=1000 loops=1)
 Planning time: 0.270 ms
 Execution time: 0.173 ms
(8 rows)

===== 126 [Wed Mar  7 01:56:00 CET 2018] scale:1000 groups:100 work_mem:8MB incremental:off max_workers:0 =====
SELECT * FROM s_2 ORDER BY a, b, c LIMIT 10
                                                      QUERY PLAN                                                       
-----------------------------------------------------------------------------------------------------------------------
 Limit  (cost=38.73..38.73 rows=1 width=20) (actual time=0.156..0.156 rows=0 loops=1)
   ->  Limit  (cost=38.61..38.63 rows=10 width=20) (actual time=0.154..0.155 rows=10 loops=1)
         ->  Sort  (cost=38.61..41.11 rows=1000 width=20) (actual time=0.154..0.154 rows=10 loops=1)
               Sort Key: s_2.a, s_2.b, s_2.c
               Sort Method: top-N heapsort  Memory: 25kB
               ->  Seq Scan on s_2  (cost=0.00..17.00 rows=1000 width=20) (actual time=0.007..0.054 rows=1000 loops=1)
 Planning time: 0.259 ms
 Execution time: 0.179 ms
(8 rows)

===== 127 [Wed Mar  7 01:56:00 CET 2018] scale:1000 groups:100 work_mem:8MB incremental:off max_workers:0 =====
SELECT * FROM s_3 ORDER BY a, b, c, d LIMIT 10
                                                      QUERY PLAN                                                       
-----------------------------------------------------------------------------------------------------------------------
 Limit  (cost=38.73..38.73 rows=1 width=20) (actual time=0.168..0.168 rows=0 loops=1)
   ->  Limit  (cost=38.61..38.63 rows=10 width=20) (actual time=0.165..0.166 rows=10 loops=1)
         ->  Sort  (cost=38.61..41.11 rows=1000 width=20) (actual time=0.165..0.165 rows=10 loops=1)
               Sort Key: s_3.a, s_3.b, s_3.c, s_3.d
               Sort Method: top-N heapsort  Memory: 25kB
               ->  Seq Scan on s_3  (cost=0.00..17.00 rows=1000 width=20) (actual time=0.004..0.052 rows=1000 loops=1)
 Planning time: 0.261 ms
 Execution time: 0.197 ms
(8 rows)

===== 128 [Wed Mar  7 01:56:01 CET 2018] scale:1000 groups:100 work_mem:8MB incremental:off max_workers:0 =====
SELECT * FROM s_4 ORDER BY a, b, c, d, e LIMIT 10
                                                      QUERY PLAN                                                       
-----------------------------------------------------------------------------------------------------------------------
 Limit  (cost=38.73..38.73 rows=1 width=20) (actual time=0.157..0.157 rows=0 loops=1)
   ->  Limit  (cost=38.61..38.63 rows=10 width=20) (actual time=0.155..0.156 rows=10 loops=1)
         ->  Sort  (cost=38.61..41.11 rows=1000 width=20) (actual time=0.155..0.155 rows=10 loops=1)
               Sort Key: s_4.a, s_4.b, s_4.c, s_4.d, s_4.e
               Sort Method: top-N heapsort  Memory: 25kB
               ->  Seq Scan on s_4  (cost=0.00..17.00 rows=1000 width=20) (actual time=0.009..0.057 rows=1000 loops=1)
 Planning time: 0.257 ms
 Execution time: 0.179 ms
(8 rows)

===== 129 [Wed Mar  7 01:56:01 CET 2018] scale:1000 groups:100 work_mem:16MB incremental:on max_workers:0 =====
SELECT * FROM s_1 ORDER BY a, b LIMIT 10
                                                              QUERY PLAN                                                               
---------------------------------------------------------------------------------------------------------------------------------------
 Limit  (cost=1.18..1.18 rows=1 width=20) (actual time=0.062..0.062 rows=0 loops=1)
   ->  Limit  (cost=0.88..1.08 rows=10 width=20) (actual time=0.060..0.061 rows=10 loops=1)
         ->  Incremental Sort  (cost=0.88..20.41 rows=1000 width=20) (actual time=0.060..0.060 rows=10 loops=1)
               Sort Key: s_1.a, s_1.b
               Presorted Key: s_1.a
               Sort Method: quicksort  Memory: 27kB
               Sort Groups: 1
               ->  Index Scan using s_1_a_idx on s_1  (cost=0.28..45.27 rows=1000 width=20) (actual time=0.009..0.013 rows=36 loops=1)
 Planning time: 0.272 ms
 Execution time: 0.089 ms
(10 rows)

===== 130 [Wed Mar  7 01:56:01 CET 2018] scale:1000 groups:100 work_mem:16MB incremental:on max_workers:0 =====
SELECT * FROM s_2 ORDER BY a, b, c LIMIT 10
                                                               QUERY PLAN                                                                
-----------------------------------------------------------------------------------------------------------------------------------------
 Limit  (cost=1.26..1.26 rows=1 width=20) (actual time=0.060..0.060 rows=0 loops=1)
   ->  Limit  (cost=0.96..1.16 rows=10 width=20) (actual time=0.058..0.059 rows=10 loops=1)
         ->  Incremental Sort  (cost=0.96..20.49 rows=1000 width=20) (actual time=0.057..0.058 rows=10 loops=1)
               Sort Key: s_2.a, s_2.b, s_2.c
               Presorted Key: s_2.a, s_2.b
               Sort Method: quicksort  Memory: 27kB
               Sort Groups: 1
               ->  Index Scan using s_2_a_b_idx on s_2  (cost=0.28..53.15 rows=1000 width=20) (actual time=0.008..0.016 rows=33 loops=1)
 Planning time: 0.269 ms
 Execution time: 0.083 ms
(10 rows)

===== 131 [Wed Mar  7 01:56:01 CET 2018] scale:1000 groups:100 work_mem:16MB incremental:on max_workers:0 =====
SELECT * FROM s_3 ORDER BY a, b, c, d LIMIT 10
                                                                QUERY PLAN                                                                 
-------------------------------------------------------------------------------------------------------------------------------------------
 Limit  (cost=1.30..1.30 rows=1 width=20) (actual time=0.057..0.057 rows=0 loops=1)
   ->  Limit  (cost=1.00..1.20 rows=10 width=20) (actual time=0.055..0.056 rows=10 loops=1)
         ->  Incremental Sort  (cost=1.00..20.53 rows=1000 width=20) (actual time=0.055..0.055 rows=10 loops=1)
               Sort Key: s_3.a, s_3.b, s_3.c, s_3.d
               Presorted Key: s_3.a, s_3.b, s_3.c
               Sort Method: quicksort  Memory: 27kB
               Sort Groups: 1
               ->  Index Scan using s_3_a_b_c_idx on s_3  (cost=0.28..57.15 rows=1000 width=20) (actual time=0.008..0.012 rows=33 loops=1)
 Planning time: 0.274 ms
 Execution time: 0.080 ms
(10 rows)

===== 132 [Wed Mar  7 01:56:01 CET 2018] scale:1000 groups:100 work_mem:16MB incremental:on max_workers:0 =====
SELECT * FROM s_4 ORDER BY a, b, c, d, e LIMIT 10
                                                                 QUERY PLAN                                                                  
---------------------------------------------------------------------------------------------------------------------------------------------
 Limit  (cost=1.30..1.30 rows=1 width=20) (actual time=0.062..0.062 rows=0 loops=1)
   ->  Limit  (cost=1.00..1.20 rows=10 width=20) (actual time=0.060..0.061 rows=10 loops=1)
         ->  Incremental Sort  (cost=1.00..20.53 rows=1000 width=20) (actual time=0.059..0.060 rows=10 loops=1)
               Sort Key: s_4.a, s_4.b, s_4.c, s_4.d, s_4.e
               Presorted Key: s_4.a, s_4.b, s_4.c, s_4.d
               Sort Method: quicksort  Memory: 27kB
               Sort Groups: 1
               ->  Index Scan using s_4_a_b_c_d_idx on s_4  (cost=0.28..57.15 rows=1000 width=20) (actual time=0.014..0.017 rows=33 loops=1)
 Planning time: 0.274 ms
 Execution time: 0.086 ms
(10 rows)

===== 133 [Wed Mar  7 01:56:01 CET 2018] scale:1000 groups:100 work_mem:16MB incremental:off max_workers:0 =====
SELECT * FROM s_1 ORDER BY a, b LIMIT 10
                                                      QUERY PLAN                                                       
-----------------------------------------------------------------------------------------------------------------------
 Limit  (cost=38.73..38.73 rows=1 width=20) (actual time=0.160..0.160 rows=0 loops=1)
   ->  Limit  (cost=38.61..38.63 rows=10 width=20) (actual time=0.158..0.159 rows=10 loops=1)
         ->  Sort  (cost=38.61..41.11 rows=1000 width=20) (actual time=0.157..0.158 rows=10 loops=1)
               Sort Key: s_1.a, s_1.b
               Sort Method: top-N heapsort  Memory: 26kB
               ->  Seq Scan on s_1  (cost=0.00..17.00 rows=1000 width=20) (actual time=0.004..0.065 rows=1000 loops=1)
 Planning time: 0.252 ms
 Execution time: 0.182 ms
(8 rows)

===== 134 [Wed Mar  7 01:56:01 CET 2018] scale:1000 groups:100 work_mem:16MB incremental:off max_workers:0 =====
SELECT * FROM s_2 ORDER BY a, b, c LIMIT 10
                                                      QUERY PLAN                                                       
-----------------------------------------------------------------------------------------------------------------------
 Limit  (cost=38.73..38.73 rows=1 width=20) (actual time=0.149..0.149 rows=0 loops=1)
   ->  Limit  (cost=38.61..38.63 rows=10 width=20) (actual time=0.147..0.148 rows=10 loops=1)
         ->  Sort  (cost=38.61..41.11 rows=1000 width=20) (actual time=0.147..0.147 rows=10 loops=1)
               Sort Key: s_2.a, s_2.b, s_2.c
               Sort Method: top-N heapsort  Memory: 25kB
               ->  Seq Scan on s_2  (cost=0.00..17.00 rows=1000 width=20) (actual time=0.007..0.054 rows=1000 loops=1)
 Planning time: 0.266 ms
 Execution time: 0.173 ms
(8 rows)

===== 135 [Wed Mar  7 01:56:01 CET 2018] scale:1000 groups:100 work_mem:16MB incremental:off max_workers:0 =====
SELECT * FROM s_3 ORDER BY a, b, c, d LIMIT 10
                                                      QUERY PLAN                                                       
-----------------------------------------------------------------------------------------------------------------------
 Limit  (cost=38.73..38.73 rows=1 width=20) (actual time=0.172..0.172 rows=0 loops=1)
   ->  Limit  (cost=38.61..38.63 rows=10 width=20) (actual time=0.170..0.171 rows=10 loops=1)
         ->  Sort  (cost=38.61..41.11 rows=1000 width=20) (actual time=0.170..0.170 rows=10 loops=1)
               Sort Key: s_3.a, s_3.b, s_3.c, s_3.d
               Sort Method: top-N heapsort  Memory: 25kB
               ->  Seq Scan on s_3  (cost=0.00..17.00 rows=1000 width=20) (actual time=0.004..0.052 rows=1000 loops=1)
 Planning time: 0.259 ms
 Execution time: 0.194 ms
(8 rows)

===== 136 [Wed Mar  7 01:56:01 CET 2018] scale:1000 groups:100 work_mem:16MB incremental:off max_workers:0 =====
SELECT * FROM s_4 ORDER BY a, b, c, d, e LIMIT 10
                                                      QUERY PLAN                                                       
-----------------------------------------------------------------------------------------------------------------------
 Limit  (cost=38.73..38.73 rows=1 width=20) (actual time=0.155..0.155 rows=0 loops=1)
   ->  Limit  (cost=38.61..38.63 rows=10 width=20) (actual time=0.153..0.154 rows=10 loops=1)
         ->  Sort  (cost=38.61..41.11 rows=1000 width=20) (actual time=0.152..0.153 rows=10 loops=1)
               Sort Key: s_4.a, s_4.b, s_4.c, s_4.d, s_4.e
               Sort Method: top-N heapsort  Memory: 25kB
               ->  Seq Scan on s_4  (cost=0.00..17.00 rows=1000 width=20) (actual time=0.009..0.057 rows=1000 loops=1)
 Planning time: 0.264 ms
 Execution time: 0.178 ms
(8 rows)

===== 137 [Wed Mar  7 01:56:01 CET 2018] scale:1000 groups:100 work_mem:32MB incremental:on max_workers:0 =====
SELECT * FROM s_1 ORDER BY a, b LIMIT 10
                                                              QUERY PLAN                                                               
---------------------------------------------------------------------------------------------------------------------------------------
 Limit  (cost=1.18..1.18 rows=1 width=20) (actual time=0.062..0.062 rows=0 loops=1)
   ->  Limit  (cost=0.88..1.08 rows=10 width=20) (actual time=0.060..0.061 rows=10 loops=1)
         ->  Incremental Sort  (cost=0.88..20.41 rows=1000 width=20) (actual time=0.059..0.060 rows=10 loops=1)
               Sort Key: s_1.a, s_1.b
               Presorted Key: s_1.a
               Sort Method: quicksort  Memory: 27kB
               Sort Groups: 1
               ->  Index Scan using s_1_a_idx on s_1  (cost=0.28..45.27 rows=1000 width=20) (actual time=0.009..0.014 rows=36 loops=1)
 Planning time: 0.261 ms
 Execution time: 0.088 ms
(10 rows)

===== 138 [Wed Mar  7 01:56:01 CET 2018] scale:1000 groups:100 work_mem:32MB incremental:on max_workers:0 =====
SELECT * FROM s_2 ORDER BY a, b, c LIMIT 10
                                                               QUERY PLAN                                                                
-----------------------------------------------------------------------------------------------------------------------------------------
 Limit  (cost=1.26..1.26 rows=1 width=20) (actual time=0.057..0.057 rows=0 loops=1)
   ->  Limit  (cost=0.96..1.16 rows=10 width=20) (actual time=0.055..0.056 rows=10 loops=1)
         ->  Incremental Sort  (cost=0.96..20.49 rows=1000 width=20) (actual time=0.054..0.055 rows=10 loops=1)
               Sort Key: s_2.a, s_2.b, s_2.c
               Presorted Key: s_2.a, s_2.b
               Sort Method: quicksort  Memory: 27kB
               Sort Groups: 1
               ->  Index Scan using s_2_a_b_idx on s_2  (cost=0.28..53.15 rows=1000 width=20) (actual time=0.008..0.012 rows=33 loops=1)
 Planning time: 0.264 ms
 Execution time: 0.080 ms
(10 rows)

===== 139 [Wed Mar  7 01:56:01 CET 2018] scale:1000 groups:100 work_mem:32MB incremental:on max_workers:0 =====
SELECT * FROM s_3 ORDER BY a, b, c, d LIMIT 10
                                                                QUERY PLAN                                                                 
-------------------------------------------------------------------------------------------------------------------------------------------
 Limit  (cost=1.30..1.30 rows=1 width=20) (actual time=0.055..0.055 rows=0 loops=1)
   ->  Limit  (cost=1.00..1.20 rows=10 width=20) (actual time=0.053..0.054 rows=10 loops=1)
         ->  Incremental Sort  (cost=1.00..20.53 rows=1000 width=20) (actual time=0.053..0.053 rows=10 loops=1)
               Sort Key: s_3.a, s_3.b, s_3.c, s_3.d
               Presorted Key: s_3.a, s_3.b, s_3.c
               Sort Method: quicksort  Memory: 27kB
               Sort Groups: 1
               ->  Index Scan using s_3_a_b_c_idx on s_3  (cost=0.28..57.15 rows=1000 width=20) (actual time=0.008..0.012 rows=33 loops=1)
 Planning time: 0.269 ms
 Execution time: 0.079 ms
(10 rows)

===== 140 [Wed Mar  7 01:56:01 CET 2018] scale:1000 groups:100 work_mem:32MB incremental:on max_workers:0 =====
SELECT * FROM s_4 ORDER BY a, b, c, d, e LIMIT 10
                                                                 QUERY PLAN                                                                  
---------------------------------------------------------------------------------------------------------------------------------------------
 Limit  (cost=1.30..1.30 rows=1 width=20) (actual time=0.063..0.063 rows=0 loops=1)
   ->  Limit  (cost=1.00..1.20 rows=10 width=20) (actual time=0.061..0.062 rows=10 loops=1)
         ->  Incremental Sort  (cost=1.00..20.53 rows=1000 width=20) (actual time=0.061..0.061 rows=10 loops=1)
               Sort Key: s_4.a, s_4.b, s_4.c, s_4.d, s_4.e
               Presorted Key: s_4.a, s_4.b, s_4.c, s_4.d
               Sort Method: quicksort  Memory: 27kB
               Sort Groups: 1
               ->  Index Scan using s_4_a_b_c_d_idx on s_4  (cost=0.28..57.15 rows=1000 width=20) (actual time=0.014..0.017 rows=33 loops=1)
 Planning time: 0.274 ms
 Execution time: 0.086 ms
(10 rows)

===== 141 [Wed Mar  7 01:56:01 CET 2018] scale:1000 groups:100 work_mem:32MB incremental:off max_workers:0 =====
SELECT * FROM s_1 ORDER BY a, b LIMIT 10
                                                      QUERY PLAN                                                       
-----------------------------------------------------------------------------------------------------------------------
 Limit  (cost=38.73..38.73 rows=1 width=20) (actual time=0.149..0.149 rows=0 loops=1)
   ->  Limit  (cost=38.61..38.63 rows=10 width=20) (actual time=0.147..0.148 rows=10 loops=1)
         ->  Sort  (cost=38.61..41.11 rows=1000 width=20) (actual time=0.147..0.147 rows=10 loops=1)
               Sort Key: s_1.a, s_1.b
               Sort Method: top-N heapsort  Memory: 26kB
               ->  Seq Scan on s_1  (cost=0.00..17.00 rows=1000 width=20) (actual time=0.004..0.055 rows=1000 loops=1)
 Planning time: 0.256 ms
 Execution time: 0.172 ms
(8 rows)

===== 142 [Wed Mar  7 01:56:02 CET 2018] scale:1000 groups:100 work_mem:32MB incremental:off max_workers:0 =====
SELECT * FROM s_2 ORDER BY a, b, c LIMIT 10
                                                      QUERY PLAN                                                       
-----------------------------------------------------------------------------------------------------------------------
 Limit  (cost=38.73..38.73 rows=1 width=20) (actual time=0.150..0.150 rows=0 loops=1)
   ->  Limit  (cost=38.61..38.63 rows=10 width=20) (actual time=0.148..0.149 rows=10 loops=1)
         ->  Sort  (cost=38.61..41.11 rows=1000 width=20) (actual time=0.148..0.148 rows=10 loops=1)
               Sort Key: s_2.a, s_2.b, s_2.c
               Sort Method: top-N heapsort  Memory: 25kB
               ->  Seq Scan on s_2  (cost=0.00..17.00 rows=1000 width=20) (actual time=0.007..0.054 rows=1000 loops=1)
 Planning time: 0.256 ms
 Execution time: 0.173 ms
(8 rows)

===== 143 [Wed Mar  7 01:56:02 CET 2018] scale:1000 groups:100 work_mem:32MB incremental:off max_workers:0 =====
SELECT * FROM s_3 ORDER BY a, b, c, d LIMIT 10
                                                      QUERY PLAN                                                       
-----------------------------------------------------------------------------------------------------------------------
 Limit  (cost=38.73..38.73 rows=1 width=20) (actual time=0.155..0.155 rows=0 loops=1)
   ->  Limit  (cost=38.61..38.63 rows=10 width=20) (actual time=0.152..0.153 rows=10 loops=1)
         ->  Sort  (cost=38.61..41.11 rows=1000 width=20) (actual time=0.152..0.152 rows=10 loops=1)
               Sort Key: s_3.a, s_3.b, s_3.c, s_3.d
               Sort Method: top-N heapsort  Memory: 25kB
               ->  Seq Scan on s_3  (cost=0.00..17.00 rows=1000 width=20) (actual time=0.004..0.052 rows=1000 loops=1)
 Planning time: 0.260 ms
 Execution time: 0.179 ms
(8 rows)

===== 144 [Wed Mar  7 01:56:02 CET 2018] scale:1000 groups:100 work_mem:32MB incremental:off max_workers:0 =====
SELECT * FROM s_4 ORDER BY a, b, c, d, e LIMIT 10
                                                      QUERY PLAN                                                       
-----------------------------------------------------------------------------------------------------------------------
 Limit  (cost=38.73..38.73 rows=1 width=20) (actual time=0.154..0.154 rows=0 loops=1)
   ->  Limit  (cost=38.61..38.63 rows=10 width=20) (actual time=0.152..0.153 rows=10 loops=1)
         ->  Sort  (cost=38.61..41.11 rows=1000 width=20) (actual time=0.152..0.152 rows=10 loops=1)
               Sort Key: s_4.a, s_4.b, s_4.c, s_4.d, s_4.e
               Sort Method: top-N heapsort  Memory: 25kB
               ->  Seq Scan on s_4  (cost=0.00..17.00 rows=1000 width=20) (actual time=0.009..0.057 rows=1000 loops=1)
 Planning time: 0.255 ms
 Execution time: 0.176 ms
(8 rows)

===== 145 [Wed Mar  7 01:56:02 CET 2018] scale:1000 groups:100 work_mem:64MB incremental:on max_workers:0 =====
SELECT * FROM s_1 ORDER BY a, b LIMIT 10
                                                              QUERY PLAN                                                               
---------------------------------------------------------------------------------------------------------------------------------------
 Limit  (cost=1.18..1.18 rows=1 width=20) (actual time=0.061..0.061 rows=0 loops=1)
   ->  Limit  (cost=0.88..1.08 rows=10 width=20) (actual time=0.059..0.060 rows=10 loops=1)
         ->  Incremental Sort  (cost=0.88..20.41 rows=1000 width=20) (actual time=0.059..0.059 rows=10 loops=1)
               Sort Key: s_1.a, s_1.b
               Presorted Key: s_1.a
               Sort Method: quicksort  Memory: 27kB
               Sort Groups: 1
               ->  Index Scan using s_1_a_idx on s_1  (cost=0.28..45.27 rows=1000 width=20) (actual time=0.009..0.013 rows=36 loops=1)
 Planning time: 0.252 ms
 Execution time: 0.086 ms
(10 rows)

===== 146 [Wed Mar  7 01:56:02 CET 2018] scale:1000 groups:100 work_mem:64MB incremental:on max_workers:0 =====
SELECT * FROM s_2 ORDER BY a, b, c LIMIT 10
                                                               QUERY PLAN                                                                
-----------------------------------------------------------------------------------------------------------------------------------------
 Limit  (cost=1.26..1.26 rows=1 width=20) (actual time=0.056..0.056 rows=0 loops=1)
   ->  Limit  (cost=0.96..1.16 rows=10 width=20) (actual time=0.054..0.055 rows=10 loops=1)
         ->  Incremental Sort  (cost=0.96..20.49 rows=1000 width=20) (actual time=0.053..0.054 rows=10 loops=1)
               Sort Key: s_2.a, s_2.b, s_2.c
               Presorted Key: s_2.a, s_2.b
               Sort Method: quicksort  Memory: 27kB
               Sort Groups: 1
               ->  Index Scan using s_2_a_b_idx on s_2  (cost=0.28..53.15 rows=1000 width=20) (actual time=0.009..0.012 rows=33 loops=1)
 Planning time: 0.268 ms
 Execution time: 0.079 ms
(10 rows)

===== 147 [Wed Mar  7 01:56:02 CET 2018] scale:1000 groups:100 work_mem:64MB incremental:on max_workers:0 =====
SELECT * FROM s_3 ORDER BY a, b, c, d LIMIT 10
                                                                QUERY PLAN                                                                 
-------------------------------------------------------------------------------------------------------------------------------------------
 Limit  (cost=1.30..1.30 rows=1 width=20) (actual time=0.055..0.055 rows=0 loops=1)
   ->  Limit  (cost=1.00..1.20 rows=10 width=20) (actual time=0.052..0.054 rows=10 loops=1)
         ->  Incremental Sort  (cost=1.00..20.53 rows=1000 width=20) (actual time=0.052..0.053 rows=10 loops=1)
               Sort Key: s_3.a, s_3.b, s_3.c, s_3.d
               Presorted Key: s_3.a, s_3.b, s_3.c
               Sort Method: quicksort  Memory: 27kB
               Sort Groups: 1
               ->  Index Scan using s_3_a_b_c_idx on s_3  (cost=0.28..57.15 rows=1000 width=20) (actual time=0.008..0.012 rows=33 loops=1)
 Planning time: 0.272 ms
 Execution time: 0.077 ms
(10 rows)

===== 148 [Wed Mar  7 01:56:02 CET 2018] scale:1000 groups:100 work_mem:64MB incremental:on max_workers:0 =====
SELECT * FROM s_4 ORDER BY a, b, c, d, e LIMIT 10
                                                                 QUERY PLAN                                                                  
---------------------------------------------------------------------------------------------------------------------------------------------
 Limit  (cost=1.30..1.30 rows=1 width=20) (actual time=0.062..0.062 rows=0 loops=1)
   ->  Limit  (cost=1.00..1.20 rows=10 width=20) (actual time=0.060..0.061 rows=10 loops=1)
         ->  Incremental Sort  (cost=1.00..20.53 rows=1000 width=20) (actual time=0.060..0.060 rows=10 loops=1)
               Sort Key: s_4.a, s_4.b, s_4.c, s_4.d, s_4.e
               Presorted Key: s_4.a, s_4.b, s_4.c, s_4.d
               Sort Method: quicksort  Memory: 27kB
               Sort Groups: 1
               ->  Index Scan using s_4_a_b_c_d_idx on s_4  (cost=0.28..57.15 rows=1000 width=20) (actual time=0.015..0.018 rows=33 loops=1)
 Planning time: 0.273 ms
 Execution time: 0.085 ms
(10 rows)

===== 149 [Wed Mar  7 01:56:02 CET 2018] scale:1000 groups:100 work_mem:64MB incremental:off max_workers:0 =====
SELECT * FROM s_1 ORDER BY a, b LIMIT 10
                                                      QUERY PLAN                                                       
-----------------------------------------------------------------------------------------------------------------------
 Limit  (cost=38.73..38.73 rows=1 width=20) (actual time=0.157..0.157 rows=0 loops=1)
   ->  Limit  (cost=38.61..38.63 rows=10 width=20) (actual time=0.155..0.156 rows=10 loops=1)
         ->  Sort  (cost=38.61..41.11 rows=1000 width=20) (actual time=0.155..0.155 rows=10 loops=1)
               Sort Key: s_1.a, s_1.b
               Sort Method: top-N heapsort  Memory: 26kB
               ->  Seq Scan on s_1  (cost=0.00..17.00 rows=1000 width=20) (actual time=0.004..0.060 rows=1000 loops=1)
 Planning time: 0.254 ms
 Execution time: 0.180 ms
(8 rows)

===== 150 [Wed Mar  7 01:56:02 CET 2018] scale:1000 groups:100 work_mem:64MB incremental:off max_workers:0 =====
SELECT * FROM s_2 ORDER BY a, b, c LIMIT 10
                                                      QUERY PLAN                                                       
-----------------------------------------------------------------------------------------------------------------------
 Limit  (cost=38.73..38.73 rows=1 width=20) (actual time=0.149..0.149 rows=0 loops=1)
   ->  Limit  (cost=38.61..38.63 rows=10 width=20) (actual time=0.147..0.148 rows=10 loops=1)
         ->  Sort  (cost=38.61..41.11 rows=1000 width=20) (actual time=0.147..0.147 rows=10 loops=1)
               Sort Key: s_2.a, s_2.b, s_2.c
               Sort Method: top-N heapsort  Memory: 25kB
               ->  Seq Scan on s_2  (cost=0.00..17.00 rows=1000 width=20) (actual time=0.007..0.054 rows=1000 loops=1)
 Planning time: 0.257 ms
 Execution time: 0.171 ms
(8 rows)

===== 151 [Wed Mar  7 01:56:02 CET 2018] scale:1000 groups:100 work_mem:64MB incremental:off max_workers:0 =====
SELECT * FROM s_3 ORDER BY a, b, c, d LIMIT 10
                                                      QUERY PLAN                                                       
-----------------------------------------------------------------------------------------------------------------------
 Limit  (cost=38.73..38.73 rows=1 width=20) (actual time=0.162..0.162 rows=0 loops=1)
   ->  Limit  (cost=38.61..38.63 rows=10 width=20) (actual time=0.160..0.161 rows=10 loops=1)
         ->  Sort  (cost=38.61..41.11 rows=1000 width=20) (actual time=0.159..0.160 rows=10 loops=1)
               Sort Key: s_3.a, s_3.b, s_3.c, s_3.d
               Sort Method: top-N heapsort  Memory: 25kB
               ->  Seq Scan on s_3  (cost=0.00..17.00 rows=1000 width=20) (actual time=0.004..0.052 rows=1000 loops=1)
 Planning time: 0.267 ms
 Execution time: 0.186 ms
(8 rows)

===== 152 [Wed Mar  7 01:56:02 CET 2018] scale:1000 groups:100 work_mem:64MB incremental:off max_workers:0 =====
SELECT * FROM s_4 ORDER BY a, b, c, d, e LIMIT 10
                                                      QUERY PLAN                                                       
-----------------------------------------------------------------------------------------------------------------------
 Limit  (cost=38.73..38.73 rows=1 width=20) (actual time=0.156..0.156 rows=0 loops=1)
   ->  Limit  (cost=38.61..38.63 rows=10 width=20) (actual time=0.153..0.154 rows=10 loops=1)
         ->  Sort  (cost=38.61..41.11 rows=1000 width=20) (actual time=0.153..0.154 rows=10 loops=1)
               Sort Key: s_4.a, s_4.b, s_4.c, s_4.d, s_4.e
               Sort Method: top-N heapsort  Memory: 25kB
               ->  Seq Scan on s_4  (cost=0.00..17.00 rows=1000 width=20) (actual time=0.009..0.057 rows=1000 loops=1)
 Planning time: 0.264 ms
 Execution time: 0.178 ms
(8 rows)

===== 153 [Wed Mar  7 01:56:02 CET 2018] scale:1000 groups:100 work_mem:128MB incremental:on max_workers:0 =====
SELECT * FROM s_1 ORDER BY a, b LIMIT 10
                                                              QUERY PLAN                                                               
---------------------------------------------------------------------------------------------------------------------------------------
 Limit  (cost=1.18..1.18 rows=1 width=20) (actual time=0.062..0.062 rows=0 loops=1)
   ->  Limit  (cost=0.88..1.08 rows=10 width=20) (actual time=0.060..0.061 rows=10 loops=1)
         ->  Incremental Sort  (cost=0.88..20.41 rows=1000 width=20) (actual time=0.060..0.060 rows=10 loops=1)
               Sort Key: s_1.a, s_1.b
               Presorted Key: s_1.a
               Sort Method: quicksort  Memory: 27kB
               Sort Groups: 1
               ->  Index Scan using s_1_a_idx on s_1  (cost=0.28..45.27 rows=1000 width=20) (actual time=0.009..0.014 rows=36 loops=1)
 Planning time: 0.255 ms
 Execution time: 0.087 ms
(10 rows)

===== 154 [Wed Mar  7 01:56:02 CET 2018] scale:1000 groups:100 work_mem:128MB incremental:on max_workers:0 =====
SELECT * FROM s_2 ORDER BY a, b, c LIMIT 10
                                                               QUERY PLAN                                                                
-----------------------------------------------------------------------------------------------------------------------------------------
 Limit  (cost=1.26..1.26 rows=1 width=20) (actual time=0.056..0.056 rows=0 loops=1)
   ->  Limit  (cost=0.96..1.16 rows=10 width=20) (actual time=0.053..0.054 rows=10 loops=1)
         ->  Incremental Sort  (cost=0.96..20.49 rows=1000 width=20) (actual time=0.053..0.053 rows=10 loops=1)
               Sort Key: s_2.a, s_2.b, s_2.c
               Presorted Key: s_2.a, s_2.b
               Sort Method: quicksort  Memory: 27kB
               Sort Groups: 1
               ->  Index Scan using s_2_a_b_idx on s_2  (cost=0.28..53.15 rows=1000 width=20) (actual time=0.009..0.012 rows=33 loops=1)
 Planning time: 0.262 ms
 Execution time: 0.080 ms
(10 rows)

===== 155 [Wed Mar  7 01:56:02 CET 2018] scale:1000 groups:100 work_mem:128MB incremental:on max_workers:0 =====
SELECT * FROM s_3 ORDER BY a, b, c, d LIMIT 10
                                                                QUERY PLAN                                                                 
-------------------------------------------------------------------------------------------------------------------------------------------
 Limit  (cost=1.30..1.30 rows=1 width=20) (actual time=0.054..0.054 rows=0 loops=1)
   ->  Limit  (cost=1.00..1.20 rows=10 width=20) (actual time=0.052..0.053 rows=10 loops=1)
         ->  Incremental Sort  (cost=1.00..20.53 rows=1000 width=20) (actual time=0.052..0.052 rows=10 loops=1)
               Sort Key: s_3.a, s_3.b, s_3.c, s_3.d
               Presorted Key: s_3.a, s_3.b, s_3.c
               Sort Method: quicksort  Memory: 27kB
               Sort Groups: 1
               ->  Index Scan using s_3_a_b_c_idx on s_3  (cost=0.28..57.15 rows=1000 width=20) (actual time=0.008..0.011 rows=33 loops=1)
 Planning time: 0.269 ms
 Execution time: 0.079 ms
(10 rows)

===== 156 [Wed Mar  7 01:56:02 CET 2018] scale:1000 groups:100 work_mem:128MB incremental:on max_workers:0 =====
SELECT * FROM s_4 ORDER BY a, b, c, d, e LIMIT 10
                                                                 QUERY PLAN                                                                  
---------------------------------------------------------------------------------------------------------------------------------------------
 Limit  (cost=1.30..1.30 rows=1 width=20) (actual time=0.062..0.062 rows=0 loops=1)
   ->  Limit  (cost=1.00..1.20 rows=10 width=20) (actual time=0.059..0.060 rows=10 loops=1)
         ->  Incremental Sort  (cost=1.00..20.53 rows=1000 width=20) (actual time=0.059..0.059 rows=10 loops=1)
               Sort Key: s_4.a, s_4.b, s_4.c, s_4.d, s_4.e
               Presorted Key: s_4.a, s_4.b, s_4.c, s_4.d
               Sort Method: quicksort  Memory: 27kB
               Sort Groups: 1
               ->  Index Scan using s_4_a_b_c_d_idx on s_4  (cost=0.28..57.15 rows=1000 width=20) (actual time=0.014..0.017 rows=33 loops=1)
 Planning time: 0.268 ms
 Execution time: 0.084 ms
(10 rows)

===== 157 [Wed Mar  7 01:56:03 CET 2018] scale:1000 groups:100 work_mem:128MB incremental:off max_workers:0 =====
SELECT * FROM s_1 ORDER BY a, b LIMIT 10
                                                      QUERY PLAN                                                       
-----------------------------------------------------------------------------------------------------------------------
 Limit  (cost=38.73..38.73 rows=1 width=20) (actual time=0.148..0.148 rows=0 loops=1)
   ->  Limit  (cost=38.61..38.63 rows=10 width=20) (actual time=0.145..0.147 rows=10 loops=1)
         ->  Sort  (cost=38.61..41.11 rows=1000 width=20) (actual time=0.145..0.146 rows=10 loops=1)
               Sort Key: s_1.a, s_1.b
               Sort Method: top-N heapsort  Memory: 26kB
               ->  Seq Scan on s_1  (cost=0.00..17.00 rows=1000 width=20) (actual time=0.004..0.054 rows=1000 loops=1)
 Planning time: 0.247 ms
 Execution time: 0.170 ms
(8 rows)

===== 158 [Wed Mar  7 01:56:03 CET 2018] scale:1000 groups:100 work_mem:128MB incremental:off max_workers:0 =====
SELECT * FROM s_2 ORDER BY a, b, c LIMIT 10
                                                      QUERY PLAN                                                       
-----------------------------------------------------------------------------------------------------------------------
 Limit  (cost=38.73..38.73 rows=1 width=20) (actual time=0.160..0.160 rows=0 loops=1)
   ->  Limit  (cost=38.61..38.63 rows=10 width=20) (actual time=0.158..0.159 rows=10 loops=1)
         ->  Sort  (cost=38.61..41.11 rows=1000 width=20) (actual time=0.158..0.158 rows=10 loops=1)
               Sort Key: s_2.a, s_2.b, s_2.c
               Sort Method: top-N heapsort  Memory: 25kB
               ->  Seq Scan on s_2  (cost=0.00..17.00 rows=1000 width=20) (actual time=0.007..0.055 rows=1000 loops=1)
 Planning time: 0.257 ms
 Execution time: 0.183 ms
(8 rows)

===== 159 [Wed Mar  7 01:56:03 CET 2018] scale:1000 groups:100 work_mem:128MB incremental:off max_workers:0 =====
SELECT * FROM s_3 ORDER BY a, b, c, d LIMIT 10
                                                      QUERY PLAN                                                       
-----------------------------------------------------------------------------------------------------------------------
 Limit  (cost=38.73..38.73 rows=1 width=20) (actual time=0.171..0.171 rows=0 loops=1)
   ->  Limit  (cost=38.61..38.63 rows=10 width=20) (actual time=0.169..0.170 rows=10 loops=1)
         ->  Sort  (cost=38.61..41.11 rows=1000 width=20) (actual time=0.169..0.169 rows=10 loops=1)
               Sort Key: s_3.a, s_3.b, s_3.c, s_3.d
               Sort Method: top-N heapsort  Memory: 25kB
               ->  Seq Scan on s_3  (cost=0.00..17.00 rows=1000 width=20) (actual time=0.004..0.052 rows=1000 loops=1)
 Planning time: 0.268 ms
 Execution time: 0.193 ms
(8 rows)

===== 160 [Wed Mar  7 01:56:03 CET 2018] scale:1000 groups:100 work_mem:128MB incremental:off max_workers:0 =====
SELECT * FROM s_4 ORDER BY a, b, c, d, e LIMIT 10
                                                      QUERY PLAN                                                       
-----------------------------------------------------------------------------------------------------------------------
 Limit  (cost=38.73..38.73 rows=1 width=20) (actual time=0.159..0.159 rows=0 loops=1)
   ->  Limit  (cost=38.61..38.63 rows=10 width=20) (actual time=0.157..0.158 rows=10 loops=1)
         ->  Sort  (cost=38.61..41.11 rows=1000 width=20) (actual time=0.157..0.157 rows=10 loops=1)
               Sort Key: s_4.a, s_4.b, s_4.c, s_4.d, s_4.e
               Sort Method: top-N heapsort  Memory: 25kB
               ->  Seq Scan on s_4  (cost=0.00..17.00 rows=1000 width=20) (actual time=0.009..0.061 rows=1000 loops=1)
 Planning time: 0.257 ms
 Execution time: 0.181 ms
(8 rows)

===== 161 [Wed Mar  7 01:56:03 CET 2018] scale:1000 groups:100 work_mem:256MB incremental:on max_workers:0 =====
SELECT * FROM s_1 ORDER BY a, b LIMIT 10
                                                              QUERY PLAN                                                               
---------------------------------------------------------------------------------------------------------------------------------------
 Limit  (cost=1.18..1.18 rows=1 width=20) (actual time=0.062..0.062 rows=0 loops=1)
   ->  Limit  (cost=0.88..1.08 rows=10 width=20) (actual time=0.060..0.061 rows=10 loops=1)
         ->  Incremental Sort  (cost=0.88..20.41 rows=1000 width=20) (actual time=0.060..0.060 rows=10 loops=1)
               Sort Key: s_1.a, s_1.b
               Presorted Key: s_1.a
               Sort Method: quicksort  Memory: 27kB
               Sort Groups: 1
               ->  Index Scan using s_1_a_idx on s_1  (cost=0.28..45.27 rows=1000 width=20) (actual time=0.009..0.013 rows=36 loops=1)
 Planning time: 0.268 ms
 Execution time: 0.090 ms
(10 rows)

===== 162 [Wed Mar  7 01:56:03 CET 2018] scale:1000 groups:100 work_mem:256MB incremental:on max_workers:0 =====
SELECT * FROM s_2 ORDER BY a, b, c LIMIT 10
                                                               QUERY PLAN                                                                
-----------------------------------------------------------------------------------------------------------------------------------------
 Limit  (cost=1.26..1.26 rows=1 width=20) (actual time=0.056..0.056 rows=0 loops=1)
   ->  Limit  (cost=0.96..1.16 rows=10 width=20) (actual time=0.053..0.055 rows=10 loops=1)
         ->  Incremental Sort  (cost=0.96..20.49 rows=1000 width=20) (actual time=0.053..0.054 rows=10 loops=1)
               Sort Key: s_2.a, s_2.b, s_2.c
               Presorted Key: s_2.a, s_2.b
               Sort Method: quicksort  Memory: 27kB
               Sort Groups: 1
               ->  Index Scan using s_2_a_b_idx on s_2  (cost=0.28..53.15 rows=1000 width=20) (actual time=0.009..0.012 rows=33 loops=1)
 Planning time: 0.268 ms
 Execution time: 0.079 ms
(10 rows)

===== 163 [Wed Mar  7 01:56:03 CET 2018] scale:1000 groups:100 work_mem:256MB incremental:on max_workers:0 =====
SELECT * FROM s_3 ORDER BY a, b, c, d LIMIT 10
                                                                QUERY PLAN                                                                 
-------------------------------------------------------------------------------------------------------------------------------------------
 Limit  (cost=1.30..1.30 rows=1 width=20) (actual time=0.062..0.062 rows=0 loops=1)
   ->  Limit  (cost=1.00..1.20 rows=10 width=20) (actual time=0.060..0.061 rows=10 loops=1)
         ->  Incremental Sort  (cost=1.00..20.53 rows=1000 width=20) (actual time=0.060..0.060 rows=10 loops=1)
               Sort Key: s_3.a, s_3.b, s_3.c, s_3.d
               Presorted Key: s_3.a, s_3.b, s_3.c
               Sort Method: quicksort  Memory: 27kB
               Sort Groups: 1
               ->  Index Scan using s_3_a_b_c_idx on s_3  (cost=0.28..57.15 rows=1000 width=20) (actual time=0.009..0.012 rows=33 loops=1)
 Planning time: 0.272 ms
 Execution time: 0.085 ms
(10 rows)

===== 164 [Wed Mar  7 01:56:03 CET 2018] scale:1000 groups:100 work_mem:256MB incremental:on max_workers:0 =====
SELECT * FROM s_4 ORDER BY a, b, c, d, e LIMIT 10
                                                                 QUERY PLAN                                                                  
---------------------------------------------------------------------------------------------------------------------------------------------
 Limit  (cost=1.30..1.30 rows=1 width=20) (actual time=0.062..0.062 rows=0 loops=1)
   ->  Limit  (cost=1.00..1.20 rows=10 width=20) (actual time=0.060..0.061 rows=10 loops=1)
         ->  Incremental Sort  (cost=1.00..20.53 rows=1000 width=20) (actual time=0.060..0.060 rows=10 loops=1)
               Sort Key: s_4.a, s_4.b, s_4.c, s_4.d, s_4.e
               Presorted Key: s_4.a, s_4.b, s_4.c, s_4.d
               Sort Method: quicksort  Memory: 27kB
               Sort Groups: 1
               ->  Index Scan using s_4_a_b_c_d_idx on s_4  (cost=0.28..57.15 rows=1000 width=20) (actual time=0.014..0.018 rows=33 loops=1)
 Planning time: 0.286 ms
 Execution time: 0.086 ms
(10 rows)

===== 165 [Wed Mar  7 01:56:03 CET 2018] scale:1000 groups:100 work_mem:256MB incremental:off max_workers:0 =====
SELECT * FROM s_1 ORDER BY a, b LIMIT 10
                                                      QUERY PLAN                                                       
-----------------------------------------------------------------------------------------------------------------------
 Limit  (cost=38.73..38.73 rows=1 width=20) (actual time=0.152..0.152 rows=0 loops=1)
   ->  Limit  (cost=38.61..38.63 rows=10 width=20) (actual time=0.150..0.151 rows=10 loops=1)
         ->  Sort  (cost=38.61..41.11 rows=1000 width=20) (actual time=0.150..0.150 rows=10 loops=1)
               Sort Key: s_1.a, s_1.b
               Sort Method: top-N heapsort  Memory: 26kB
               ->  Seq Scan on s_1  (cost=0.00..17.00 rows=1000 width=20) (actual time=0.004..0.055 rows=1000 loops=1)
 Planning time: 0.251 ms
 Execution time: 0.175 ms
(8 rows)

===== 166 [Wed Mar  7 01:56:03 CET 2018] scale:1000 groups:100 work_mem:256MB incremental:off max_workers:0 =====
SELECT * FROM s_2 ORDER BY a, b, c LIMIT 10
                                                      QUERY PLAN                                                       
-----------------------------------------------------------------------------------------------------------------------
 Limit  (cost=38.73..38.73 rows=1 width=20) (actual time=0.150..0.150 rows=0 loops=1)
   ->  Limit  (cost=38.61..38.63 rows=10 width=20) (actual time=0.148..0.149 rows=10 loops=1)
         ->  Sort  (cost=38.61..41.11 rows=1000 width=20) (actual time=0.147..0.148 rows=10 loops=1)
               Sort Key: s_2.a, s_2.b, s_2.c
               Sort Method: top-N heapsort  Memory: 25kB
               ->  Seq Scan on s_2  (cost=0.00..17.00 rows=1000 width=20) (actual time=0.007..0.054 rows=1000 loops=1)
 Planning time: 0.257 ms
 Execution time: 0.172 ms
(8 rows)

===== 167 [Wed Mar  7 01:56:03 CET 2018] scale:1000 groups:100 work_mem:256MB incremental:off max_workers:0 =====
SELECT * FROM s_3 ORDER BY a, b, c, d LIMIT 10
                                                      QUERY PLAN                                                       
-----------------------------------------------------------------------------------------------------------------------
 Limit  (cost=38.73..38.73 rows=1 width=20) (actual time=0.156..0.156 rows=0 loops=1)
   ->  Limit  (cost=38.61..38.63 rows=10 width=20) (actual time=0.154..0.155 rows=10 loops=1)
         ->  Sort  (cost=38.61..41.11 rows=1000 width=20) (actual time=0.154..0.154 rows=10 loops=1)
               Sort Key: s_3.a, s_3.b, s_3.c, s_3.d
               Sort Method: top-N heapsort  Memory: 25kB
               ->  Seq Scan on s_3  (cost=0.00..17.00 rows=1000 width=20) (actual time=0.004..0.052 rows=1000 loops=1)
 Planning time: 0.273 ms
 Execution time: 0.178 ms
(8 rows)

===== 168 [Wed Mar  7 01:56:03 CET 2018] scale:1000 groups:100 work_mem:256MB incremental:off max_workers:0 =====
SELECT * FROM s_4 ORDER BY a, b, c, d, e LIMIT 10
                                                      QUERY PLAN                                                       
-----------------------------------------------------------------------------------------------------------------------
 Limit  (cost=38.73..38.73 rows=1 width=20) (actual time=0.162..0.162 rows=0 loops=1)
   ->  Limit  (cost=38.61..38.63 rows=10 width=20) (actual time=0.159..0.160 rows=10 loops=1)
         ->  Sort  (cost=38.61..41.11 rows=1000 width=20) (actual time=0.159..0.159 rows=10 loops=1)
               Sort Key: s_4.a, s_4.b, s_4.c, s_4.d, s_4.e
               Sort Method: top-N heapsort  Memory: 25kB
               ->  Seq Scan on s_4  (cost=0.00..17.00 rows=1000 width=20) (actual time=0.009..0.062 rows=1000 loops=1)
 Planning time: 0.259 ms
 Execution time: 0.184 ms
(8 rows)

===== 169 [Wed Mar  7 01:56:03 CET 2018] scale:1000 groups:100 work_mem:4MB incremental:on max_workers:2 =====
SELECT * FROM s_1 ORDER BY a, b LIMIT 10
                                                              QUERY PLAN                                                               
---------------------------------------------------------------------------------------------------------------------------------------
 Limit  (cost=1.18..1.18 rows=1 width=20) (actual time=0.062..0.062 rows=0 loops=1)
   ->  Limit  (cost=0.88..1.08 rows=10 width=20) (actual time=0.060..0.061 rows=10 loops=1)
         ->  Incremental Sort  (cost=0.88..20.41 rows=1000 width=20) (actual time=0.060..0.060 rows=10 loops=1)
               Sort Key: s_1.a, s_1.b
               Presorted Key: s_1.a
               Sort Method: quicksort  Memory: 27kB
               Sort Groups: 1
               ->  Index Scan using s_1_a_idx on s_1  (cost=0.28..45.27 rows=1000 width=20) (actual time=0.009..0.013 rows=36 loops=1)
 Planning time: 0.260 ms
 Execution time: 0.093 ms
(10 rows)

===== 170 [Wed Mar  7 01:56:03 CET 2018] scale:1000 groups:100 work_mem:4MB incremental:on max_workers:2 =====
SELECT * FROM s_2 ORDER BY a, b, c LIMIT 10
                                                               QUERY PLAN                                                                
-----------------------------------------------------------------------------------------------------------------------------------------
 Limit  (cost=1.26..1.26 rows=1 width=20) (actual time=0.056..0.056 rows=0 loops=1)
   ->  Limit  (cost=0.96..1.16 rows=10 width=20) (actual time=0.054..0.055 rows=10 loops=1)
         ->  Incremental Sort  (cost=0.96..20.49 rows=1000 width=20) (actual time=0.054..0.054 rows=10 loops=1)
               Sort Key: s_2.a, s_2.b, s_2.c
               Presorted Key: s_2.a, s_2.b
               Sort Method: quicksort  Memory: 27kB
               Sort Groups: 1
               ->  Index Scan using s_2_a_b_idx on s_2  (cost=0.28..53.15 rows=1000 width=20) (actual time=0.009..0.012 rows=33 loops=1)
 Planning time: 0.278 ms
 Execution time: 0.080 ms
(10 rows)

===== 171 [Wed Mar  7 01:56:04 CET 2018] scale:1000 groups:100 work_mem:4MB incremental:on max_workers:2 =====
SELECT * FROM s_3 ORDER BY a, b, c, d LIMIT 10
                                                                QUERY PLAN                                                                 
-------------------------------------------------------------------------------------------------------------------------------------------
 Limit  (cost=1.30..1.30 rows=1 width=20) (actual time=0.056..0.056 rows=0 loops=1)
   ->  Limit  (cost=1.00..1.20 rows=10 width=20) (actual time=0.053..0.054 rows=10 loops=1)
         ->  Incremental Sort  (cost=1.00..20.53 rows=1000 width=20) (actual time=0.053..0.053 rows=10 loops=1)
               Sort Key: s_3.a, s_3.b, s_3.c, s_3.d
               Presorted Key: s_3.a, s_3.b, s_3.c
               Sort Method: quicksort  Memory: 27kB
               Sort Groups: 1
               ->  Index Scan using s_3_a_b_c_idx on s_3  (cost=0.28..57.15 rows=1000 width=20) (actual time=0.008..0.012 rows=33 loops=1)
 Planning time: 0.277 ms
 Execution time: 0.079 ms
(10 rows)

===== 172 [Wed Mar  7 01:56:04 CET 2018] scale:1000 groups:100 work_mem:4MB incremental:on max_workers:2 =====
SELECT * FROM s_4 ORDER BY a, b, c, d, e LIMIT 10
                                                                 QUERY PLAN                                                                  
---------------------------------------------------------------------------------------------------------------------------------------------
 Limit  (cost=1.30..1.30 rows=1 width=20) (actual time=0.062..0.062 rows=0 loops=1)
   ->  Limit  (cost=1.00..1.20 rows=10 width=20) (actual time=0.060..0.061 rows=10 loops=1)
         ->  Incremental Sort  (cost=1.00..20.53 rows=1000 width=20) (actual time=0.060..0.060 rows=10 loops=1)
               Sort Key: s_4.a, s_4.b, s_4.c, s_4.d, s_4.e
               Presorted Key: s_4.a, s_4.b, s_4.c, s_4.d
               Sort Method: quicksort  Memory: 27kB
               Sort Groups: 1
               ->  Index Scan using s_4_a_b_c_d_idx on s_4  (cost=0.28..57.15 rows=1000 width=20) (actual time=0.014..0.018 rows=33 loops=1)
 Planning time: 0.273 ms
 Execution time: 0.085 ms
(10 rows)

===== 173 [Wed Mar  7 01:56:04 CET 2018] scale:1000 groups:100 work_mem:4MB incremental:off max_workers:2 =====
SELECT * FROM s_1 ORDER BY a, b LIMIT 10
                                                      QUERY PLAN                                                       
-----------------------------------------------------------------------------------------------------------------------
 Limit  (cost=38.73..38.73 rows=1 width=20) (actual time=0.158..0.158 rows=0 loops=1)
   ->  Limit  (cost=38.61..38.63 rows=10 width=20) (actual time=0.156..0.157 rows=10 loops=1)
         ->  Sort  (cost=38.61..41.11 rows=1000 width=20) (actual time=0.156..0.156 rows=10 loops=1)
               Sort Key: s_1.a, s_1.b
               Sort Method: top-N heapsort  Memory: 26kB
               ->  Seq Scan on s_1  (cost=0.00..17.00 rows=1000 width=20) (actual time=0.004..0.056 rows=1000 loops=1)
 Planning time: 0.258 ms
 Execution time: 0.183 ms
(8 rows)

===== 174 [Wed Mar  7 01:56:04 CET 2018] scale:1000 groups:100 work_mem:4MB incremental:off max_workers:2 =====
SELECT * FROM s_2 ORDER BY a, b, c LIMIT 10
                                                      QUERY PLAN                                                       
-----------------------------------------------------------------------------------------------------------------------
 Limit  (cost=38.73..38.73 rows=1 width=20) (actual time=0.152..0.152 rows=0 loops=1)
   ->  Limit  (cost=38.61..38.63 rows=10 width=20) (actual time=0.150..0.151 rows=10 loops=1)
         ->  Sort  (cost=38.61..41.11 rows=1000 width=20) (actual time=0.150..0.150 rows=10 loops=1)
               Sort Key: s_2.a, s_2.b, s_2.c
               Sort Method: top-N heapsort  Memory: 25kB
               ->  Seq Scan on s_2  (cost=0.00..17.00 rows=1000 width=20) (actual time=0.007..0.054 rows=1000 loops=1)
 Planning time: 0.260 ms
 Execution time: 0.183 ms
(8 rows)

===== 175 [Wed Mar  7 01:56:04 CET 2018] scale:1000 groups:100 work_mem:4MB incremental:off max_workers:2 =====
SELECT * FROM s_3 ORDER BY a, b, c, d LIMIT 10
                                                      QUERY PLAN                                                       
-----------------------------------------------------------------------------------------------------------------------
 Limit  (cost=38.73..38.73 rows=1 width=20) (actual time=0.172..0.172 rows=0 loops=1)
   ->  Limit  (cost=38.61..38.63 rows=10 width=20) (actual time=0.170..0.171 rows=10 loops=1)
         ->  Sort  (cost=38.61..41.11 rows=1000 width=20) (actual time=0.169..0.170 rows=10 loops=1)
               Sort Key: s_3.a, s_3.b, s_3.c, s_3.d
               Sort Method: top-N heapsort  Memory: 25kB
               ->  Seq Scan on s_3  (cost=0.00..17.00 rows=1000 width=20) (actual time=0.004..0.052 rows=1000 loops=1)
 Planning time: 0.268 ms
 Execution time: 0.195 ms
(8 rows)

===== 176 [Wed Mar  7 01:56:04 CET 2018] scale:1000 groups:100 work_mem:4MB incremental:off max_workers:2 =====
SELECT * FROM s_4 ORDER BY a, b, c, d, e LIMIT 10
                                                      QUERY PLAN                                                       
-----------------------------------------------------------------------------------------------------------------------
 Limit  (cost=38.73..38.73 rows=1 width=20) (actual time=0.157..0.157 rows=0 loops=1)
   ->  Limit  (cost=38.61..38.63 rows=10 width=20) (actual time=0.154..0.155 rows=10 loops=1)
         ->  Sort  (cost=38.61..41.11 rows=1000 width=20) (actual time=0.154..0.154 rows=10 loops=1)
               Sort Key: s_4.a, s_4.b, s_4.c, s_4.d, s_4.e
               Sort Method: top-N heapsort  Memory: 25kB
               ->  Seq Scan on s_4  (cost=0.00..17.00 rows=1000 width=20) (actual time=0.009..0.058 rows=1000 loops=1)
 Planning time: 0.259 ms
 Execution time: 0.179 ms
(8 rows)

===== 177 [Wed Mar  7 01:56:04 CET 2018] scale:1000 groups:100 work_mem:8MB incremental:on max_workers:2 =====
SELECT * FROM s_1 ORDER BY a, b LIMIT 10
                                                              QUERY PLAN                                                               
---------------------------------------------------------------------------------------------------------------------------------------
 Limit  (cost=1.18..1.18 rows=1 width=20) (actual time=0.062..0.062 rows=0 loops=1)
   ->  Limit  (cost=0.88..1.08 rows=10 width=20) (actual time=0.059..0.060 rows=10 loops=1)
         ->  Incremental Sort  (cost=0.88..20.41 rows=1000 width=20) (actual time=0.059..0.060 rows=10 loops=1)
               Sort Key: s_1.a, s_1.b
               Presorted Key: s_1.a
               Sort Method: quicksort  Memory: 27kB
               Sort Groups: 1
               ->  Index Scan using s_1_a_idx on s_1  (cost=0.28..45.27 rows=1000 width=20) (actual time=0.009..0.013 rows=36 loops=1)
 Planning time: 0.262 ms
 Execution time: 0.088 ms
(10 rows)

===== 178 [Wed Mar  7 01:56:04 CET 2018] scale:1000 groups:100 work_mem:8MB incremental:on max_workers:2 =====
SELECT * FROM s_2 ORDER BY a, b, c LIMIT 10
                                                               QUERY PLAN                                                                
-----------------------------------------------------------------------------------------------------------------------------------------
 Limit  (cost=1.26..1.26 rows=1 width=20) (actual time=0.055..0.055 rows=0 loops=1)
   ->  Limit  (cost=0.96..1.16 rows=10 width=20) (actual time=0.053..0.054 rows=10 loops=1)
         ->  Incremental Sort  (cost=0.96..20.49 rows=1000 width=20) (actual time=0.053..0.053 rows=10 loops=1)
               Sort Key: s_2.a, s_2.b, s_2.c
               Presorted Key: s_2.a, s_2.b
               Sort Method: quicksort  Memory: 27kB
               Sort Groups: 1
               ->  Index Scan using s_2_a_b_idx on s_2  (cost=0.28..53.15 rows=1000 width=20) (actual time=0.008..0.012 rows=33 loops=1)
 Planning time: 0.270 ms
 Execution time: 0.079 ms
(10 rows)

===== 179 [Wed Mar  7 01:56:04 CET 2018] scale:1000 groups:100 work_mem:8MB incremental:on max_workers:2 =====
SELECT * FROM s_3 ORDER BY a, b, c, d LIMIT 10
                                                                QUERY PLAN                                                                 
-------------------------------------------------------------------------------------------------------------------------------------------
 Limit  (cost=1.30..1.30 rows=1 width=20) (actual time=0.056..0.056 rows=0 loops=1)
   ->  Limit  (cost=1.00..1.20 rows=10 width=20) (actual time=0.053..0.054 rows=10 loops=1)
         ->  Incremental Sort  (cost=1.00..20.53 rows=1000 width=20) (actual time=0.053..0.053 rows=10 loops=1)
               Sort Key: s_3.a, s_3.b, s_3.c, s_3.d
               Presorted Key: s_3.a, s_3.b, s_3.c
               Sort Method: quicksort  Memory: 27kB
               Sort Groups: 1
               ->  Index Scan using s_3_a_b_c_idx on s_3  (cost=0.28..57.15 rows=1000 width=20) (actual time=0.008..0.011 rows=33 loops=1)
 Planning time: 0.281 ms
 Execution time: 0.079 ms
(10 rows)

===== 180 [Wed Mar  7 01:56:04 CET 2018] scale:1000 groups:100 work_mem:8MB incremental:on max_workers:2 =====
SELECT * FROM s_4 ORDER BY a, b, c, d, e LIMIT 10
                                                                 QUERY PLAN                                                                  
---------------------------------------------------------------------------------------------------------------------------------------------
 Limit  (cost=1.30..1.30 rows=1 width=20) (actual time=0.064..0.064 rows=0 loops=1)
   ->  Limit  (cost=1.00..1.20 rows=10 width=20) (actual time=0.062..0.063 rows=10 loops=1)
         ->  Incremental Sort  (cost=1.00..20.53 rows=1000 width=20) (actual time=0.061..0.062 rows=10 loops=1)
               Sort Key: s_4.a, s_4.b, s_4.c, s_4.d, s_4.e
               Presorted Key: s_4.a, s_4.b, s_4.c, s_4.d
               Sort Method: quicksort  Memory: 27kB
               Sort Groups: 1
               ->  Index Scan using s_4_a_b_c_d_idx on s_4  (cost=0.28..57.15 rows=1000 width=20) (actual time=0.014..0.017 rows=33 loops=1)
 Planning time: 0.269 ms
 Execution time: 0.088 ms
(10 rows)

===== 181 [Wed Mar  7 01:56:04 CET 2018] scale:1000 groups:100 work_mem:8MB incremental:off max_workers:2 =====
SELECT * FROM s_1 ORDER BY a, b LIMIT 10
                                                      QUERY PLAN                                                       
-----------------------------------------------------------------------------------------------------------------------
 Limit  (cost=38.73..38.73 rows=1 width=20) (actual time=0.150..0.150 rows=0 loops=1)
   ->  Limit  (cost=38.61..38.63 rows=10 width=20) (actual time=0.148..0.149 rows=10 loops=1)
         ->  Sort  (cost=38.61..41.11 rows=1000 width=20) (actual time=0.147..0.148 rows=10 loops=1)
               Sort Key: s_1.a, s_1.b
               Sort Method: top-N heapsort  Memory: 26kB
               ->  Seq Scan on s_1  (cost=0.00..17.00 rows=1000 width=20) (actual time=0.004..0.055 rows=1000 loops=1)
 Planning time: 0.254 ms
 Execution time: 0.173 ms
(8 rows)

===== 182 [Wed Mar  7 01:56:04 CET 2018] scale:1000 groups:100 work_mem:8MB incremental:off max_workers:2 =====
SELECT * FROM s_2 ORDER BY a, b, c LIMIT 10
                                                      QUERY PLAN                                                       
-----------------------------------------------------------------------------------------------------------------------
 Limit  (cost=38.73..38.73 rows=1 width=20) (actual time=0.154..0.154 rows=0 loops=1)
   ->  Limit  (cost=38.61..38.63 rows=10 width=20) (actual time=0.151..0.153 rows=10 loops=1)
         ->  Sort  (cost=38.61..41.11 rows=1000 width=20) (actual time=0.151..0.152 rows=10 loops=1)
               Sort Key: s_2.a, s_2.b, s_2.c
               Sort Method: top-N heapsort  Memory: 25kB
               ->  Seq Scan on s_2  (cost=0.00..17.00 rows=1000 width=20) (actual time=0.007..0.054 rows=1000 loops=1)
 Planning time: 0.260 ms
 Execution time: 0.176 ms
(8 rows)

===== 183 [Wed Mar  7 01:56:04 CET 2018] scale:1000 groups:100 work_mem:8MB incremental:off max_workers:2 =====
SELECT * FROM s_3 ORDER BY a, b, c, d LIMIT 10
                                                      QUERY PLAN                                                       
-----------------------------------------------------------------------------------------------------------------------
 Limit  (cost=38.73..38.73 rows=1 width=20) (actual time=0.170..0.170 rows=0 loops=1)
   ->  Limit  (cost=38.61..38.63 rows=10 width=20) (actual time=0.168..0.169 rows=10 loops=1)
         ->  Sort  (cost=38.61..41.11 rows=1000 width=20) (actual time=0.167..0.168 rows=10 loops=1)
               Sort Key: s_3.a, s_3.b, s_3.c, s_3.d
               Sort Method: top-N heapsort  Memory: 25kB
               ->  Seq Scan on s_3  (cost=0.00..17.00 rows=1000 width=20) (actual time=0.004..0.052 rows=1000 loops=1)
 Planning time: 0.259 ms
 Execution time: 0.192 ms
(8 rows)

===== 184 [Wed Mar  7 01:56:04 CET 2018] scale:1000 groups:100 work_mem:8MB incremental:off max_workers:2 =====
SELECT * FROM s_4 ORDER BY a, b, c, d, e LIMIT 10
                                                      QUERY PLAN                                                       
-----------------------------------------------------------------------------------------------------------------------
 Limit  (cost=38.73..38.73 rows=1 width=20) (actual time=0.156..0.156 rows=0 loops=1)
   ->  Limit  (cost=38.61..38.63 rows=10 width=20) (actual time=0.154..0.155 rows=10 loops=1)
         ->  Sort  (cost=38.61..41.11 rows=1000 width=20) (actual time=0.154..0.154 rows=10 loops=1)
               Sort Key: s_4.a, s_4.b, s_4.c, s_4.d, s_4.e
               Sort Method: top-N heapsort  Memory: 25kB
               ->  Seq Scan on s_4  (cost=0.00..17.00 rows=1000 width=20) (actual time=0.009..0.057 rows=1000 loops=1)
 Planning time: 0.271 ms
 Execution time: 0.178 ms
(8 rows)

===== 185 [Wed Mar  7 01:56:05 CET 2018] scale:1000 groups:100 work_mem:16MB incremental:on max_workers:2 =====
SELECT * FROM s_1 ORDER BY a, b LIMIT 10
                                                              QUERY PLAN                                                               
---------------------------------------------------------------------------------------------------------------------------------------
 Limit  (cost=1.18..1.18 rows=1 width=20) (actual time=0.064..0.064 rows=0 loops=1)
   ->  Limit  (cost=0.88..1.08 rows=10 width=20) (actual time=0.062..0.063 rows=10 loops=1)
         ->  Incremental Sort  (cost=0.88..20.41 rows=1000 width=20) (actual time=0.062..0.062 rows=10 loops=1)
               Sort Key: s_1.a, s_1.b
               Presorted Key: s_1.a
               Sort Method: quicksort  Memory: 27kB
               Sort Groups: 1
               ->  Index Scan using s_1_a_idx on s_1  (cost=0.28..45.27 rows=1000 width=20) (actual time=0.009..0.013 rows=36 loops=1)
 Planning time: 0.256 ms
 Execution time: 0.089 ms
(10 rows)

===== 186 [Wed Mar  7 01:56:05 CET 2018] scale:1000 groups:100 work_mem:16MB incremental:on max_workers:2 =====
SELECT * FROM s_2 ORDER BY a, b, c LIMIT 10
                                                               QUERY PLAN                                                                
-----------------------------------------------------------------------------------------------------------------------------------------
 Limit  (cost=1.26..1.26 rows=1 width=20) (actual time=0.056..0.056 rows=0 loops=1)
   ->  Limit  (cost=0.96..1.16 rows=10 width=20) (actual time=0.053..0.055 rows=10 loops=1)
         ->  Incremental Sort  (cost=0.96..20.49 rows=1000 width=20) (actual time=0.053..0.054 rows=10 loops=1)
               Sort Key: s_2.a, s_2.b, s_2.c
               Presorted Key: s_2.a, s_2.b
               Sort Method: quicksort  Memory: 27kB
               Sort Groups: 1
               ->  Index Scan using s_2_a_b_idx on s_2  (cost=0.28..53.15 rows=1000 width=20) (actual time=0.009..0.012 rows=33 loops=1)
 Planning time: 0.274 ms
 Execution time: 0.079 ms
(10 rows)

===== 187 [Wed Mar  7 01:56:05 CET 2018] scale:1000 groups:100 work_mem:16MB incremental:on max_workers:2 =====
SELECT * FROM s_3 ORDER BY a, b, c, d LIMIT 10
                                                                QUERY PLAN                                                                 
-------------------------------------------------------------------------------------------------------------------------------------------
 Limit  (cost=1.30..1.30 rows=1 width=20) (actual time=0.056..0.056 rows=0 loops=1)
   ->  Limit  (cost=1.00..1.20 rows=10 width=20) (actual time=0.054..0.055 rows=10 loops=1)
         ->  Incremental Sort  (cost=1.00..20.53 rows=1000 width=20) (actual time=0.054..0.054 rows=10 loops=1)
               Sort Key: s_3.a, s_3.b, s_3.c, s_3.d
               Presorted Key: s_3.a, s_3.b, s_3.c
               Sort Method: quicksort  Memory: 27kB
               Sort Groups: 1
               ->  Index Scan using s_3_a_b_c_idx on s_3  (cost=0.28..57.15 rows=1000 width=20) (actual time=0.008..0.011 rows=33 loops=1)
 Planning time: 0.269 ms
 Execution time: 0.079 ms
(10 rows)

===== 188 [Wed Mar  7 01:56:05 CET 2018] scale:1000 groups:100 work_mem:16MB incremental:on max_workers:2 =====
SELECT * FROM s_4 ORDER BY a, b, c, d, e LIMIT 10
                                                                 QUERY PLAN                                                                  
---------------------------------------------------------------------------------------------------------------------------------------------
 Limit  (cost=1.30..1.30 rows=1 width=20) (actual time=0.063..0.063 rows=0 loops=1)
   ->  Limit  (cost=1.00..1.20 rows=10 width=20) (actual time=0.061..0.062 rows=10 loops=1)
         ->  Incremental Sort  (cost=1.00..20.53 rows=1000 width=20) (actual time=0.060..0.061 rows=10 loops=1)
               Sort Key: s_4.a, s_4.b, s_4.c, s_4.d, s_4.e
               Presorted Key: s_4.a, s_4.b, s_4.c, s_4.d
               Sort Method: quicksort  Memory: 27kB
               Sort Groups: 1
               ->  Index Scan using s_4_a_b_c_d_idx on s_4  (cost=0.28..57.15 rows=1000 width=20) (actual time=0.014..0.017 rows=33 loops=1)
 Planning time: 0.270 ms
 Execution time: 0.086 ms
(10 rows)

===== 189 [Wed Mar  7 01:56:05 CET 2018] scale:1000 groups:100 work_mem:16MB incremental:off max_workers:2 =====
SELECT * FROM s_1 ORDER BY a, b LIMIT 10
                                                      QUERY PLAN                                                       
-----------------------------------------------------------------------------------------------------------------------
 Limit  (cost=38.73..38.73 rows=1 width=20) (actual time=0.151..0.151 rows=0 loops=1)
   ->  Limit  (cost=38.61..38.63 rows=10 width=20) (actual time=0.149..0.150 rows=10 loops=1)
         ->  Sort  (cost=38.61..41.11 rows=1000 width=20) (actual time=0.148..0.149 rows=10 loops=1)
               Sort Key: s_1.a, s_1.b
               Sort Method: top-N heapsort  Memory: 26kB
               ->  Seq Scan on s_1  (cost=0.00..17.00 rows=1000 width=20) (actual time=0.004..0.055 rows=1000 loops=1)
 Planning time: 0.258 ms
 Execution time: 0.173 ms
(8 rows)

===== 190 [Wed Mar  7 01:56:05 CET 2018] scale:1000 groups:100 work_mem:16MB incremental:off max_workers:2 =====
SELECT * FROM s_2 ORDER BY a, b, c LIMIT 10
                                                      QUERY PLAN                                                       
-----------------------------------------------------------------------------------------------------------------------
 Limit  (cost=38.73..38.73 rows=1 width=20) (actual time=0.149..0.149 rows=0 loops=1)
   ->  Limit  (cost=38.61..38.63 rows=10 width=20) (actual time=0.146..0.148 rows=10 loops=1)
         ->  Sort  (cost=38.61..41.11 rows=1000 width=20) (actual time=0.146..0.147 rows=10 loops=1)
               Sort Key: s_2.a, s_2.b, s_2.c
               Sort Method: top-N heapsort  Memory: 25kB
               ->  Seq Scan on s_2  (cost=0.00..17.00 rows=1000 width=20) (actual time=0.007..0.054 rows=1000 loops=1)
 Planning time: 0.262 ms
 Execution time: 0.172 ms
(8 rows)

===== 191 [Wed Mar  7 01:56:05 CET 2018] scale:1000 groups:100 work_mem:16MB incremental:off max_workers:2 =====
SELECT * FROM s_3 ORDER BY a, b, c, d LIMIT 10
                                                      QUERY PLAN                                                       
-----------------------------------------------------------------------------------------------------------------------
 Limit  (cost=38.73..38.73 rows=1 width=20) (actual time=0.172..0.172 rows=0 loops=1)
   ->  Limit  (cost=38.61..38.63 rows=10 width=20) (actual time=0.170..0.171 rows=10 loops=1)
         ->  Sort  (cost=38.61..41.11 rows=1000 width=20) (actual time=0.169..0.170 rows=10 loops=1)
               Sort Key: s_3.a, s_3.b, s_3.c, s_3.d
               Sort Method: top-N heapsort  Memory: 25kB
               ->  Seq Scan on s_3  (cost=0.00..17.00 rows=1000 width=20) (actual time=0.004..0.052 rows=1000 loops=1)
 Planning time: 0.262 ms
 Execution time: 0.194 ms
(8 rows)

===== 192 [Wed Mar  7 01:56:05 CET 2018] scale:1000 groups:100 work_mem:16MB incremental:off max_workers:2 =====
SELECT * FROM s_4 ORDER BY a, b, c, d, e LIMIT 10
                                                      QUERY PLAN                                                       
-----------------------------------------------------------------------------------------------------------------------
 Limit  (cost=38.73..38.73 rows=1 width=20) (actual time=0.158..0.158 rows=0 loops=1)
   ->  Limit  (cost=38.61..38.63 rows=10 width=20) (actual time=0.156..0.157 rows=10 loops=1)
         ->  Sort  (cost=38.61..41.11 rows=1000 width=20) (actual time=0.156..0.156 rows=10 loops=1)
               Sort Key: s_4.a, s_4.b, s_4.c, s_4.d, s_4.e
               Sort Method: top-N heapsort  Memory: 25kB
               ->  Seq Scan on s_4  (cost=0.00..17.00 rows=1000 width=20) (actual time=0.009..0.058 rows=1000 loops=1)
 Planning time: 0.265 ms
 Execution time: 0.180 ms
(8 rows)

===== 193 [Wed Mar  7 01:56:05 CET 2018] scale:1000 groups:100 work_mem:32MB incremental:on max_workers:2 =====
SELECT * FROM s_1 ORDER BY a, b LIMIT 10
                                                              QUERY PLAN                                                               
---------------------------------------------------------------------------------------------------------------------------------------
 Limit  (cost=1.18..1.18 rows=1 width=20) (actual time=0.058..0.058 rows=0 loops=1)
   ->  Limit  (cost=0.88..1.08 rows=10 width=20) (actual time=0.055..0.056 rows=10 loops=1)
         ->  Incremental Sort  (cost=0.88..20.41 rows=1000 width=20) (actual time=0.055..0.055 rows=10 loops=1)
               Sort Key: s_1.a, s_1.b
               Presorted Key: s_1.a
               Sort Method: quicksort  Memory: 27kB
               Sort Groups: 1
               ->  Index Scan using s_1_a_idx on s_1  (cost=0.28..45.27 rows=1000 width=20) (actual time=0.009..0.012 rows=36 loops=1)
 Planning time: 0.264 ms
 Execution time: 0.082 ms
(10 rows)

===== 194 [Wed Mar  7 01:56:05 CET 2018] scale:1000 groups:100 work_mem:32MB incremental:on max_workers:2 =====
SELECT * FROM s_2 ORDER BY a, b, c LIMIT 10
                                                               QUERY PLAN                                                                
-----------------------------------------------------------------------------------------------------------------------------------------
 Limit  (cost=1.26..1.26 rows=1 width=20) (actual time=0.058..0.058 rows=0 loops=1)
   ->  Limit  (cost=0.96..1.16 rows=10 width=20) (actual time=0.056..0.057 rows=10 loops=1)
         ->  Incremental Sort  (cost=0.96..20.49 rows=1000 width=20) (actual time=0.056..0.056 rows=10 loops=1)
               Sort Key: s_2.a, s_2.b, s_2.c
               Presorted Key: s_2.a, s_2.b
               Sort Method: quicksort  Memory: 27kB
               Sort Groups: 1
               ->  Index Scan using s_2_a_b_idx on s_2  (cost=0.28..53.15 rows=1000 width=20) (actual time=0.008..0.012 rows=33 loops=1)
 Planning time: 0.273 ms
 Execution time: 0.082 ms
(10 rows)

===== 195 [Wed Mar  7 01:56:05 CET 2018] scale:1000 groups:100 work_mem:32MB incremental:on max_workers:2 =====
SELECT * FROM s_3 ORDER BY a, b, c, d LIMIT 10
                                                                QUERY PLAN                                                                 
-------------------------------------------------------------------------------------------------------------------------------------------
 Limit  (cost=1.30..1.30 rows=1 width=20) (actual time=0.056..0.056 rows=0 loops=1)
   ->  Limit  (cost=1.00..1.20 rows=10 width=20) (actual time=0.054..0.055 rows=10 loops=1)
         ->  Incremental Sort  (cost=1.00..20.53 rows=1000 width=20) (actual time=0.053..0.054 rows=10 loops=1)
               Sort Key: s_3.a, s_3.b, s_3.c, s_3.d
               Presorted Key: s_3.a, s_3.b, s_3.c
               Sort Method: quicksort  Memory: 27kB
               Sort Groups: 1
               ->  Index Scan using s_3_a_b_c_idx on s_3  (cost=0.28..57.15 rows=1000 width=20) (actual time=0.008..0.011 rows=33 loops=1)
 Planning time: 0.273 ms
 Execution time: 0.080 ms
(10 rows)

===== 196 [Wed Mar  7 01:56:05 CET 2018] scale:1000 groups:100 work_mem:32MB incremental:on max_workers:2 =====
SELECT * FROM s_4 ORDER BY a, b, c, d, e LIMIT 10
                                                                 QUERY PLAN                                                                  
---------------------------------------------------------------------------------------------------------------------------------------------
 Limit  (cost=1.30..1.30 rows=1 width=20) (actual time=0.064..0.064 rows=0 loops=1)
   ->  Limit  (cost=1.00..1.20 rows=10 width=20) (actual time=0.062..0.063 rows=10 loops=1)
         ->  Incremental Sort  (cost=1.00..20.53 rows=1000 width=20) (actual time=0.061..0.062 rows=10 loops=1)
               Sort Key: s_4.a, s_4.b, s_4.c, s_4.d, s_4.e
               Presorted Key: s_4.a, s_4.b, s_4.c, s_4.d
               Sort Method: quicksort  Memory: 27kB
               Sort Groups: 1
               ->  Index Scan using s_4_a_b_c_d_idx on s_4  (cost=0.28..57.15 rows=1000 width=20) (actual time=0.014..0.018 rows=33 loops=1)
 Planning time: 0.272 ms
 Execution time: 0.088 ms
(10 rows)

===== 197 [Wed Mar  7 01:56:05 CET 2018] scale:1000 groups:100 work_mem:32MB incremental:off max_workers:2 =====
SELECT * FROM s_1 ORDER BY a, b LIMIT 10
                                                      QUERY PLAN                                                       
-----------------------------------------------------------------------------------------------------------------------
 Limit  (cost=38.73..38.73 rows=1 width=20) (actual time=0.152..0.152 rows=0 loops=1)
   ->  Limit  (cost=38.61..38.63 rows=10 width=20) (actual time=0.149..0.150 rows=10 loops=1)
         ->  Sort  (cost=38.61..41.11 rows=1000 width=20) (actual time=0.149..0.149 rows=10 loops=1)
               Sort Key: s_1.a, s_1.b
               Sort Method: top-N heapsort  Memory: 26kB
               ->  Seq Scan on s_1  (cost=0.00..17.00 rows=1000 width=20) (actual time=0.004..0.055 rows=1000 loops=1)
 Planning time: 0.254 ms
 Execution time: 0.174 ms
(8 rows)

===== 198 [Wed Mar  7 01:56:05 CET 2018] scale:1000 groups:100 work_mem:32MB incremental:off max_workers:2 =====
SELECT * FROM s_2 ORDER BY a, b, c LIMIT 10
                                                      QUERY PLAN                                                       
-----------------------------------------------------------------------------------------------------------------------
 Limit  (cost=38.73..38.73 rows=1 width=20) (actual time=0.149..0.149 rows=0 loops=1)
   ->  Limit  (cost=38.61..38.63 rows=10 width=20) (actual time=0.147..0.148 rows=10 loops=1)
         ->  Sort  (cost=38.61..41.11 rows=1000 width=20) (actual time=0.147..0.147 rows=10 loops=1)
               Sort Key: s_2.a, s_2.b, s_2.c
               Sort Method: top-N heapsort  Memory: 25kB
               ->  Seq Scan on s_2  (cost=0.00..17.00 rows=1000 width=20) (actual time=0.007..0.055 rows=1000 loops=1)
 Planning time: 0.272 ms
 Execution time: 0.172 ms
(8 rows)

===== 199 [Wed Mar  7 01:56:06 CET 2018] scale:1000 groups:100 work_mem:32MB incremental:off max_workers:2 =====
SELECT * FROM s_3 ORDER BY a, b, c, d LIMIT 10
                                                      QUERY PLAN                                                       
-----------------------------------------------------------------------------------------------------------------------
 Limit  (cost=38.73..38.73 rows=1 width=20) (actual time=0.159..0.159 rows=0 loops=1)
   ->  Limit  (cost=38.61..38.63 rows=10 width=20) (actual time=0.157..0.158 rows=10 loops=1)
         ->  Sort  (cost=38.61..41.11 rows=1000 width=20) (actual time=0.157..0.157 rows=10 loops=1)
               Sort Key: s_3.a, s_3.b, s_3.c, s_3.d
               Sort Method: top-N heapsort  Memory: 25kB
               ->  Seq Scan on s_3  (cost=0.00..17.00 rows=1000 width=20) (actual time=0.004..0.056 rows=1000 loops=1)
 Planning time: 0.258 ms
 Execution time: 0.182 ms
(8 rows)

===== 200 [Wed Mar  7 01:56:06 CET 2018] scale:1000 groups:100 work_mem:32MB incremental:off max_workers:2 =====
SELECT * FROM s_4 ORDER BY a, b, c, d, e LIMIT 10
                                                      QUERY PLAN                                                       
-----------------------------------------------------------------------------------------------------------------------
 Limit  (cost=38.73..38.73 rows=1 width=20) (actual time=0.155..0.155 rows=0 loops=1)
   ->  Limit  (cost=38.61..38.63 rows=10 width=20) (actual time=0.152..0.153 rows=10 loops=1)
         ->  Sort  (cost=38.61..41.11 rows=1000 width=20) (actual time=0.152..0.152 rows=10 loops=1)
               Sort Key: s_4.a, s_4.b, s_4.c, s_4.d, s_4.e
               Sort Method: top-N heapsort  Memory: 25kB
               ->  Seq Scan on s_4  (cost=0.00..17.00 rows=1000 width=20) (actual time=0.009..0.057 rows=1000 loops=1)
 Planning time: 0.259 ms
 Execution time: 0.177 ms
(8 rows)

===== 201 [Wed Mar  7 01:56:06 CET 2018] scale:1000 groups:100 work_mem:64MB incremental:on max_workers:2 =====
SELECT * FROM s_1 ORDER BY a, b LIMIT 10
                                                              QUERY PLAN                                                               
---------------------------------------------------------------------------------------------------------------------------------------
 Limit  (cost=1.18..1.18 rows=1 width=20) (actual time=0.065..0.065 rows=0 loops=1)
   ->  Limit  (cost=0.88..1.08 rows=10 width=20) (actual time=0.063..0.064 rows=10 loops=1)
         ->  Incremental Sort  (cost=0.88..20.41 rows=1000 width=20) (actual time=0.063..0.063 rows=10 loops=1)
               Sort Key: s_1.a, s_1.b
               Presorted Key: s_1.a
               Sort Method: quicksort  Memory: 27kB
               Sort Groups: 1
               ->  Index Scan using s_1_a_idx on s_1  (cost=0.28..45.27 rows=1000 width=20) (actual time=0.009..0.014 rows=36 loops=1)
 Planning time: 0.259 ms
 Execution time: 0.090 ms
(10 rows)

===== 202 [Wed Mar  7 01:56:06 CET 2018] scale:1000 groups:100 work_mem:64MB incremental:on max_workers:2 =====
SELECT * FROM s_2 ORDER BY a, b, c LIMIT 10
                                                               QUERY PLAN                                                                
-----------------------------------------------------------------------------------------------------------------------------------------
 Limit  (cost=1.26..1.26 rows=1 width=20) (actual time=0.054..0.054 rows=0 loops=1)
   ->  Limit  (cost=0.96..1.16 rows=10 width=20) (actual time=0.052..0.053 rows=10 loops=1)
         ->  Incremental Sort  (cost=0.96..20.49 rows=1000 width=20) (actual time=0.052..0.052 rows=10 loops=1)
               Sort Key: s_2.a, s_2.b, s_2.c
               Presorted Key: s_2.a, s_2.b
               Sort Method: quicksort  Memory: 27kB
               Sort Groups: 1
               ->  Index Scan using s_2_a_b_idx on s_2  (cost=0.28..53.15 rows=1000 width=20) (actual time=0.009..0.012 rows=33 loops=1)
 Planning time: 0.264 ms
 Execution time: 0.077 ms
(10 rows)

===== 203 [Wed Mar  7 01:56:06 CET 2018] scale:1000 groups:100 work_mem:64MB incremental:on max_workers:2 =====
SELECT * FROM s_3 ORDER BY a, b, c, d LIMIT 10
                                                                QUERY PLAN                                                                 
-------------------------------------------------------------------------------------------------------------------------------------------
 Limit  (cost=1.30..1.30 rows=1 width=20) (actual time=0.055..0.055 rows=0 loops=1)
   ->  Limit  (cost=1.00..1.20 rows=10 width=20) (actual time=0.053..0.054 rows=10 loops=1)
         ->  Incremental Sort  (cost=1.00..20.53 rows=1000 width=20) (actual time=0.053..0.053 rows=10 loops=1)
               Sort Key: s_3.a, s_3.b, s_3.c, s_3.d
               Presorted Key: s_3.a, s_3.b, s_3.c
               Sort Method: quicksort  Memory: 27kB
               Sort Groups: 1
               ->  Index Scan using s_3_a_b_c_idx on s_3  (cost=0.28..57.15 rows=1000 width=20) (actual time=0.008..0.011 rows=33 loops=1)
 Planning time: 0.272 ms
 Execution time: 0.078 ms
(10 rows)

===== 204 [Wed Mar  7 01:56:06 CET 2018] scale:1000 groups:100 work_mem:64MB incremental:on max_workers:2 =====
SELECT * FROM s_4 ORDER BY a, b, c, d, e LIMIT 10
                                                                 QUERY PLAN                                                                  
---------------------------------------------------------------------------------------------------------------------------------------------
 Limit  (cost=1.30..1.30 rows=1 width=20) (actual time=0.062..0.062 rows=0 loops=1)
   ->  Limit  (cost=1.00..1.20 rows=10 width=20) (actual time=0.060..0.061 rows=10 loops=1)
         ->  Incremental Sort  (cost=1.00..20.53 rows=1000 width=20) (actual time=0.060..0.060 rows=10 loops=1)
               Sort Key: s_4.a, s_4.b, s_4.c, s_4.d, s_4.e
               Presorted Key: s_4.a, s_4.b, s_4.c, s_4.d
               Sort Method: quicksort  Memory: 27kB
               Sort Groups: 1
               ->  Index Scan using s_4_a_b_c_d_idx on s_4  (cost=0.28..57.15 rows=1000 width=20) (actual time=0.014..0.018 rows=33 loops=1)
 Planning time: 0.274 ms
 Execution time: 0.085 ms
(10 rows)

===== 205 [Wed Mar  7 01:56:06 CET 2018] scale:1000 groups:100 work_mem:64MB incremental:off max_workers:2 =====
SELECT * FROM s_1 ORDER BY a, b LIMIT 10
                                                      QUERY PLAN                                                       
-----------------------------------------------------------------------------------------------------------------------
 Limit  (cost=38.73..38.73 rows=1 width=20) (actual time=0.152..0.152 rows=0 loops=1)
   ->  Limit  (cost=38.61..38.63 rows=10 width=20) (actual time=0.150..0.151 rows=10 loops=1)
         ->  Sort  (cost=38.61..41.11 rows=1000 width=20) (actual time=0.149..0.150 rows=10 loops=1)
               Sort Key: s_1.a, s_1.b
               Sort Method: top-N heapsort  Memory: 26kB
               ->  Seq Scan on s_1  (cost=0.00..17.00 rows=1000 width=20) (actual time=0.004..0.055 rows=1000 loops=1)
 Planning time: 0.253 ms
 Execution time: 0.174 ms
(8 rows)

===== 206 [Wed Mar  7 01:56:06 CET 2018] scale:1000 groups:100 work_mem:64MB incremental:off max_workers:2 =====
SELECT * FROM s_2 ORDER BY a, b, c LIMIT 10
                                                      QUERY PLAN                                                       
-----------------------------------------------------------------------------------------------------------------------
 Limit  (cost=38.73..38.73 rows=1 width=20) (actual time=0.149..0.149 rows=0 loops=1)
   ->  Limit  (cost=38.61..38.63 rows=10 width=20) (actual time=0.147..0.148 rows=10 loops=1)
         ->  Sort  (cost=38.61..41.11 rows=1000 width=20) (actual time=0.147..0.147 rows=10 loops=1)
               Sort Key: s_2.a, s_2.b, s_2.c
               Sort Method: top-N heapsort  Memory: 25kB
               ->  Seq Scan on s_2  (cost=0.00..17.00 rows=1000 width=20) (actual time=0.007..0.054 rows=1000 loops=1)
 Planning time: 0.262 ms
 Execution time: 0.172 ms
(8 rows)

===== 207 [Wed Mar  7 01:56:06 CET 2018] scale:1000 groups:100 work_mem:64MB incremental:off max_workers:2 =====
SELECT * FROM s_3 ORDER BY a, b, c, d LIMIT 10
                                                      QUERY PLAN                                                       
-----------------------------------------------------------------------------------------------------------------------
 Limit  (cost=38.73..38.73 rows=1 width=20) (actual time=0.155..0.155 rows=0 loops=1)
   ->  Limit  (cost=38.61..38.63 rows=10 width=20) (actual time=0.153..0.154 rows=10 loops=1)
         ->  Sort  (cost=38.61..41.11 rows=1000 width=20) (actual time=0.153..0.153 rows=10 loops=1)
               Sort Key: s_3.a, s_3.b, s_3.c, s_3.d
               Sort Method: top-N heapsort  Memory: 25kB
               ->  Seq Scan on s_3  (cost=0.00..17.00 rows=1000 width=20) (actual time=0.004..0.052 rows=1000 loops=1)
 Planning time: 0.261 ms
 Execution time: 0.186 ms
(8 rows)

===== 208 [Wed Mar  7 01:56:06 CET 2018] scale:1000 groups:100 work_mem:64MB incremental:off max_workers:2 =====
SELECT * FROM s_4 ORDER BY a, b, c, d, e LIMIT 10
                                                      QUERY PLAN                                                       
-----------------------------------------------------------------------------------------------------------------------
 Limit  (cost=38.73..38.73 rows=1 width=20) (actual time=0.161..0.161 rows=0 loops=1)
   ->  Limit  (cost=38.61..38.63 rows=10 width=20) (actual time=0.159..0.160 rows=10 loops=1)
         ->  Sort  (cost=38.61..41.11 rows=1000 width=20) (actual time=0.159..0.159 rows=10 loops=1)
               Sort Key: s_4.a, s_4.b, s_4.c, s_4.d, s_4.e
               Sort Method: top-N heapsort  Memory: 25kB
               ->  Seq Scan on s_4  (cost=0.00..17.00 rows=1000 width=20) (actual time=0.009..0.057 rows=1000 loops=1)
 Planning time: 0.260 ms
 Execution time: 0.184 ms
(8 rows)

===== 209 [Wed Mar  7 01:56:06 CET 2018] scale:1000 groups:100 work_mem:128MB incremental:on max_workers:2 =====
SELECT * FROM s_1 ORDER BY a, b LIMIT 10
                                                              QUERY PLAN                                                               
---------------------------------------------------------------------------------------------------------------------------------------
 Limit  (cost=1.18..1.18 rows=1 width=20) (actual time=0.062..0.062 rows=0 loops=1)
   ->  Limit  (cost=0.88..1.08 rows=10 width=20) (actual time=0.059..0.060 rows=10 loops=1)
         ->  Incremental Sort  (cost=0.88..20.41 rows=1000 width=20) (actual time=0.059..0.059 rows=10 loops=1)
               Sort Key: s_1.a, s_1.b
               Presorted Key: s_1.a
               Sort Method: quicksort  Memory: 27kB
               Sort Groups: 1
               ->  Index Scan using s_1_a_idx on s_1  (cost=0.28..45.27 rows=1000 width=20) (actual time=0.009..0.013 rows=36 loops=1)
 Planning time: 0.258 ms
 Execution time: 0.086 ms
(10 rows)

===== 210 [Wed Mar  7 01:56:06 CET 2018] scale:1000 groups:100 work_mem:128MB incremental:on max_workers:2 =====
SELECT * FROM s_2 ORDER BY a, b, c LIMIT 10
                                                               QUERY PLAN                                                                
-----------------------------------------------------------------------------------------------------------------------------------------
 Limit  (cost=1.26..1.26 rows=1 width=20) (actual time=0.058..0.058 rows=0 loops=1)
   ->  Limit  (cost=0.96..1.16 rows=10 width=20) (actual time=0.055..0.057 rows=10 loops=1)
         ->  Incremental Sort  (cost=0.96..20.49 rows=1000 width=20) (actual time=0.055..0.056 rows=10 loops=1)
               Sort Key: s_2.a, s_2.b, s_2.c
               Presorted Key: s_2.a, s_2.b
               Sort Method: quicksort  Memory: 27kB
               Sort Groups: 1
               ->  Index Scan using s_2_a_b_idx on s_2  (cost=0.28..53.15 rows=1000 width=20) (actual time=0.008..0.012 rows=33 loops=1)
 Planning time: 0.271 ms
 Execution time: 0.082 ms
(10 rows)

===== 211 [Wed Mar  7 01:56:06 CET 2018] scale:1000 groups:100 work_mem:128MB incremental:on max_workers:2 =====
SELECT * FROM s_3 ORDER BY a, b, c, d LIMIT 10
                                                                QUERY PLAN                                                                 
-------------------------------------------------------------------------------------------------------------------------------------------
 Limit  (cost=1.30..1.30 rows=1 width=20) (actual time=0.057..0.057 rows=0 loops=1)
   ->  Limit  (cost=1.00..1.20 rows=10 width=20) (actual time=0.054..0.055 rows=10 loops=1)
         ->  Incremental Sort  (cost=1.00..20.53 rows=1000 width=20) (actual time=0.054..0.054 rows=10 loops=1)
               Sort Key: s_3.a, s_3.b, s_3.c, s_3.d
               Presorted Key: s_3.a, s_3.b, s_3.c
               Sort Method: quicksort  Memory: 27kB
               Sort Groups: 1
               ->  Index Scan using s_3_a_b_c_idx on s_3  (cost=0.28..57.15 rows=1000 width=20) (actual time=0.008..0.012 rows=33 loops=1)
 Planning time: 0.275 ms
 Execution time: 0.088 ms
(10 rows)

===== 212 [Wed Mar  7 01:56:06 CET 2018] scale:1000 groups:100 work_mem:128MB incremental:on max_workers:2 =====
SELECT * FROM s_4 ORDER BY a, b, c, d, e LIMIT 10
                                                                 QUERY PLAN                                                                  
---------------------------------------------------------------------------------------------------------------------------------------------
 Limit  (cost=1.30..1.30 rows=1 width=20) (actual time=0.062..0.062 rows=0 loops=1)
   ->  Limit  (cost=1.00..1.20 rows=10 width=20) (actual time=0.059..0.060 rows=10 loops=1)
         ->  Incremental Sort  (cost=1.00..20.53 rows=1000 width=20) (actual time=0.059..0.059 rows=10 loops=1)
               Sort Key: s_4.a, s_4.b, s_4.c, s_4.d, s_4.e
               Presorted Key: s_4.a, s_4.b, s_4.c, s_4.d
               Sort Method: quicksort  Memory: 27kB
               Sort Groups: 1
               ->  Index Scan using s_4_a_b_c_d_idx on s_4  (cost=0.28..57.15 rows=1000 width=20) (actual time=0.014..0.017 rows=33 loops=1)
 Planning time: 0.270 ms
 Execution time: 0.084 ms
(10 rows)

===== 213 [Wed Mar  7 01:56:06 CET 2018] scale:1000 groups:100 work_mem:128MB incremental:off max_workers:2 =====
SELECT * FROM s_1 ORDER BY a, b LIMIT 10
                                                      QUERY PLAN                                                       
-----------------------------------------------------------------------------------------------------------------------
 Limit  (cost=38.73..38.73 rows=1 width=20) (actual time=0.149..0.149 rows=0 loops=1)
   ->  Limit  (cost=38.61..38.63 rows=10 width=20) (actual time=0.146..0.148 rows=10 loops=1)
         ->  Sort  (cost=38.61..41.11 rows=1000 width=20) (actual time=0.146..0.147 rows=10 loops=1)
               Sort Key: s_1.a, s_1.b
               Sort Method: top-N heapsort  Memory: 26kB
               ->  Seq Scan on s_1  (cost=0.00..17.00 rows=1000 width=20) (actual time=0.004..0.054 rows=1000 loops=1)
 Planning time: 0.253 ms
 Execution time: 0.171 ms
(8 rows)

===== 214 [Wed Mar  7 01:56:07 CET 2018] scale:1000 groups:100 work_mem:128MB incremental:off max_workers:2 =====
SELECT * FROM s_2 ORDER BY a, b, c LIMIT 10
                                                      QUERY PLAN                                                       
-----------------------------------------------------------------------------------------------------------------------
 Limit  (cost=38.73..38.73 rows=1 width=20) (actual time=0.155..0.155 rows=0 loops=1)
   ->  Limit  (cost=38.61..38.63 rows=10 width=20) (actual time=0.152..0.154 rows=10 loops=1)
         ->  Sort  (cost=38.61..41.11 rows=1000 width=20) (actual time=0.152..0.153 rows=10 loops=1)
               Sort Key: s_2.a, s_2.b, s_2.c
               Sort Method: top-N heapsort  Memory: 25kB
               ->  Seq Scan on s_2  (cost=0.00..17.00 rows=1000 width=20) (actual time=0.007..0.055 rows=1000 loops=1)
 Planning time: 0.256 ms
 Execution time: 0.177 ms
(8 rows)

===== 215 [Wed Mar  7 01:56:07 CET 2018] scale:1000 groups:100 work_mem:128MB incremental:off max_workers:2 =====
SELECT * FROM s_3 ORDER BY a, b, c, d LIMIT 10
                                                      QUERY PLAN                                                       
-----------------------------------------------------------------------------------------------------------------------
 Limit  (cost=38.73..38.73 rows=1 width=20) (actual time=0.173..0.173 rows=0 loops=1)
   ->  Limit  (cost=38.61..38.63 rows=10 width=20) (actual time=0.171..0.172 rows=10 loops=1)
         ->  Sort  (cost=38.61..41.11 rows=1000 width=20) (actual time=0.171..0.171 rows=10 loops=1)
               Sort Key: s_3.a, s_3.b, s_3.c, s_3.d
               Sort Method: top-N heapsort  Memory: 25kB
               ->  Seq Scan on s_3  (cost=0.00..17.00 rows=1000 width=20) (actual time=0.004..0.052 rows=1000 loops=1)
 Planning time: 0.264 ms
 Execution time: 0.196 ms
(8 rows)

===== 216 [Wed Mar  7 01:56:07 CET 2018] scale:1000 groups:100 work_mem:128MB incremental:off max_workers:2 =====
SELECT * FROM s_4 ORDER BY a, b, c, d, e LIMIT 10
                                                      QUERY PLAN                                                       
-----------------------------------------------------------------------------------------------------------------------
 Limit  (cost=38.73..38.73 rows=1 width=20) (actual time=0.156..0.156 rows=0 loops=1)
   ->  Limit  (cost=38.61..38.63 rows=10 width=20) (actual time=0.154..0.155 rows=10 loops=1)
         ->  Sort  (cost=38.61..41.11 rows=1000 width=20) (actual time=0.154..0.154 rows=10 loops=1)
               Sort Key: s_4.a, s_4.b, s_4.c, s_4.d, s_4.e
               Sort Method: top-N heapsort  Memory: 25kB
               ->  Seq Scan on s_4  (cost=0.00..17.00 rows=1000 width=20) (actual time=0.009..0.058 rows=1000 loops=1)
 Planning time: 0.263 ms
 Execution time: 0.178 ms
(8 rows)

===== 217 [Wed Mar  7 01:56:07 CET 2018] scale:1000 groups:100 work_mem:256MB incremental:on max_workers:2 =====
SELECT * FROM s_1 ORDER BY a, b LIMIT 10
                                                              QUERY PLAN                                                               
---------------------------------------------------------------------------------------------------------------------------------------
 Limit  (cost=1.18..1.18 rows=1 width=20) (actual time=0.061..0.061 rows=0 loops=1)
   ->  Limit  (cost=0.88..1.08 rows=10 width=20) (actual time=0.059..0.060 rows=10 loops=1)
         ->  Incremental Sort  (cost=0.88..20.41 rows=1000 width=20) (actual time=0.059..0.059 rows=10 loops=1)
               Sort Key: s_1.a, s_1.b
               Presorted Key: s_1.a
               Sort Method: quicksort  Memory: 27kB
               Sort Groups: 1
               ->  Index Scan using s_1_a_idx on s_1  (cost=0.28..45.27 rows=1000 width=20) (actual time=0.009..0.013 rows=36 loops=1)
 Planning time: 0.263 ms
 Execution time: 0.087 ms
(10 rows)

===== 218 [Wed Mar  7 01:56:07 CET 2018] scale:1000 groups:100 work_mem:256MB incremental:on max_workers:2 =====
SELECT * FROM s_2 ORDER BY a, b, c LIMIT 10
                                                               QUERY PLAN                                                                
-----------------------------------------------------------------------------------------------------------------------------------------
 Limit  (cost=1.26..1.26 rows=1 width=20) (actual time=0.056..0.056 rows=0 loops=1)
   ->  Limit  (cost=0.96..1.16 rows=10 width=20) (actual time=0.053..0.055 rows=10 loops=1)
         ->  Incremental Sort  (cost=0.96..20.49 rows=1000 width=20) (actual time=0.053..0.053 rows=10 loops=1)
               Sort Key: s_2.a, s_2.b, s_2.c
               Presorted Key: s_2.a, s_2.b
               Sort Method: quicksort  Memory: 27kB
               Sort Groups: 1
               ->  Index Scan using s_2_a_b_idx on s_2  (cost=0.28..53.15 rows=1000 width=20) (actual time=0.009..0.012 rows=33 loops=1)
 Planning time: 0.274 ms
 Execution time: 0.080 ms
(10 rows)

===== 219 [Wed Mar  7 01:56:07 CET 2018] scale:1000 groups:100 work_mem:256MB incremental:on max_workers:2 =====
SELECT * FROM s_3 ORDER BY a, b, c, d LIMIT 10
                                                                QUERY PLAN                                                                 
-------------------------------------------------------------------------------------------------------------------------------------------
 Limit  (cost=1.30..1.30 rows=1 width=20) (actual time=0.060..0.060 rows=0 loops=1)
   ->  Limit  (cost=1.00..1.20 rows=10 width=20) (actual time=0.058..0.059 rows=10 loops=1)
         ->  Incremental Sort  (cost=1.00..20.53 rows=1000 width=20) (actual time=0.058..0.058 rows=10 loops=1)
               Sort Key: s_3.a, s_3.b, s_3.c, s_3.d
               Presorted Key: s_3.a, s_3.b, s_3.c
               Sort Method: quicksort  Memory: 27kB
               Sort Groups: 1
               ->  Index Scan using s_3_a_b_c_idx on s_3  (cost=0.28..57.15 rows=1000 width=20) (actual time=0.008..0.012 rows=33 loops=1)
 Planning time: 0.275 ms
 Execution time: 0.083 ms
(10 rows)

===== 220 [Wed Mar  7 01:56:07 CET 2018] scale:1000 groups:100 work_mem:256MB incremental:on max_workers:2 =====
SELECT * FROM s_4 ORDER BY a, b, c, d, e LIMIT 10
                                                                 QUERY PLAN                                                                  
---------------------------------------------------------------------------------------------------------------------------------------------
 Limit  (cost=1.30..1.30 rows=1 width=20) (actual time=0.062..0.062 rows=0 loops=1)
   ->  Limit  (cost=1.00..1.20 rows=10 width=20) (actual time=0.059..0.060 rows=10 loops=1)
         ->  Incremental Sort  (cost=1.00..20.53 rows=1000 width=20) (actual time=0.059..0.060 rows=10 loops=1)
               Sort Key: s_4.a, s_4.b, s_4.c, s_4.d, s_4.e
               Presorted Key: s_4.a, s_4.b, s_4.c, s_4.d
               Sort Method: quicksort  Memory: 27kB
               Sort Groups: 1
               ->  Index Scan using s_4_a_b_c_d_idx on s_4  (cost=0.28..57.15 rows=1000 width=20) (actual time=0.014..0.017 rows=33 loops=1)
 Planning time: 0.272 ms
 Execution time: 0.092 ms
(10 rows)

===== 221 [Wed Mar  7 01:56:07 CET 2018] scale:1000 groups:100 work_mem:256MB incremental:off max_workers:2 =====
SELECT * FROM s_1 ORDER BY a, b LIMIT 10
                                                      QUERY PLAN                                                       
-----------------------------------------------------------------------------------------------------------------------
 Limit  (cost=38.73..38.73 rows=1 width=20) (actual time=0.147..0.147 rows=0 loops=1)
   ->  Limit  (cost=38.61..38.63 rows=10 width=20) (actual time=0.145..0.146 rows=10 loops=1)
         ->  Sort  (cost=38.61..41.11 rows=1000 width=20) (actual time=0.145..0.145 rows=10 loops=1)
               Sort Key: s_1.a, s_1.b
               Sort Method: top-N heapsort  Memory: 26kB
               ->  Seq Scan on s_1  (cost=0.00..17.00 rows=1000 width=20) (actual time=0.004..0.054 rows=1000 loops=1)
 Planning time: 0.263 ms
 Execution time: 0.170 ms
(8 rows)

===== 222 [Wed Mar  7 01:56:07 CET 2018] scale:1000 groups:100 work_mem:256MB incremental:off max_workers:2 =====
SELECT * FROM s_2 ORDER BY a, b, c LIMIT 10
                                                      QUERY PLAN                                                       
-----------------------------------------------------------------------------------------------------------------------
 Limit  (cost=38.73..38.73 rows=1 width=20) (actual time=0.149..0.149 rows=0 loops=1)
   ->  Limit  (cost=38.61..38.63 rows=10 width=20) (actual time=0.147..0.148 rows=10 loops=1)
         ->  Sort  (cost=38.61..41.11 rows=1000 width=20) (actual time=0.146..0.147 rows=10 loops=1)
               Sort Key: s_2.a, s_2.b, s_2.c
               Sort Method: top-N heapsort  Memory: 25kB
               ->  Seq Scan on s_2  (cost=0.00..17.00 rows=1000 width=20) (actual time=0.007..0.054 rows=1000 loops=1)
 Planning time: 0.261 ms
 Execution time: 0.171 ms
(8 rows)

===== 223 [Wed Mar  7 01:56:07 CET 2018] scale:1000 groups:100 work_mem:256MB incremental:off max_workers:2 =====
SELECT * FROM s_3 ORDER BY a, b, c, d LIMIT 10
                                                      QUERY PLAN                                                       
-----------------------------------------------------------------------------------------------------------------------
 Limit  (cost=38.73..38.73 rows=1 width=20) (actual time=0.174..0.174 rows=0 loops=1)
   ->  Limit  (cost=38.61..38.63 rows=10 width=20) (actual time=0.171..0.172 rows=10 loops=1)
         ->  Sort  (cost=38.61..41.11 rows=1000 width=20) (actual time=0.171..0.171 rows=10 loops=1)
               Sort Key: s_3.a, s_3.b, s_3.c, s_3.d
               Sort Method: top-N heapsort  Memory: 25kB
               ->  Seq Scan on s_3  (cost=0.00..17.00 rows=1000 width=20) (actual time=0.004..0.052 rows=1000 loops=1)
 Planning time: 0.259 ms
 Execution time: 0.196 ms
(8 rows)

===== 224 [Wed Mar  7 01:56:07 CET 2018] scale:1000 groups:100 work_mem:256MB incremental:off max_workers:2 =====
SELECT * FROM s_4 ORDER BY a, b, c, d, e LIMIT 10
                                                      QUERY PLAN                                                       
-----------------------------------------------------------------------------------------------------------------------
 Limit  (cost=38.73..38.73 rows=1 width=20) (actual time=0.156..0.156 rows=0 loops=1)
   ->  Limit  (cost=38.61..38.63 rows=10 width=20) (actual time=0.154..0.155 rows=10 loops=1)
         ->  Sort  (cost=38.61..41.11 rows=1000 width=20) (actual time=0.154..0.154 rows=10 loops=1)
               Sort Key: s_4.a, s_4.b, s_4.c, s_4.d, s_4.e
               Sort Method: top-N heapsort  Memory: 25kB
               ->  Seq Scan on s_4  (cost=0.00..17.00 rows=1000 width=20) (actual time=0.009..0.057 rows=1000 loops=1)
 Planning time: 0.259 ms
 Execution time: 0.178 ms
(8 rows)

===== 225 [Wed Mar  7 01:56:08 CET 2018] scale:1000 groups:1000 work_mem:4MB incremental:on max_workers:0 =====
SELECT * FROM s_1 ORDER BY a, b LIMIT 10
                                                              QUERY PLAN                                                               
---------------------------------------------------------------------------------------------------------------------------------------
 Limit  (cost=0.76..0.76 rows=1 width=20) (actual time=0.071..0.071 rows=0 loops=1)
   ->  Limit  (cost=0.35..0.66 rows=10 width=20) (actual time=0.069..0.070 rows=10 loops=1)
         ->  Incremental Sort  (cost=0.35..30.96 rows=1000 width=20) (actual time=0.069..0.069 rows=10 loops=1)
               Sort Key: s_1.a, s_1.b
               Presorted Key: s_1.a
               Sort Method: quicksort  Memory: 27kB
               Sort Groups: 1
               ->  Index Scan using s_1_a_idx on s_1  (cost=0.28..45.27 rows=1000 width=20) (actual time=0.019..0.023 rows=33 loops=1)
 Planning time: 0.251 ms
 Execution time: 0.096 ms
(10 rows)

===== 226 [Wed Mar  7 01:56:08 CET 2018] scale:1000 groups:1000 work_mem:4MB incremental:on max_workers:0 =====
SELECT * FROM s_2 ORDER BY a, b, c LIMIT 10
                                                               QUERY PLAN                                                                
-----------------------------------------------------------------------------------------------------------------------------------------
 Limit  (cost=0.77..0.77 rows=1 width=20) (actual time=0.069..0.069 rows=0 loops=1)
   ->  Limit  (cost=0.37..0.67 rows=10 width=20) (actual time=0.067..0.068 rows=10 loops=1)
         ->  Incremental Sort  (cost=0.37..31.03 rows=1000 width=20) (actual time=0.067..0.067 rows=10 loops=1)
               Sort Key: s_2.a, s_2.b, s_2.c
               Presorted Key: s_2.a, s_2.b
               Sort Method: quicksort  Memory: 27kB
               Sort Groups: 1
               ->  Index Scan using s_2_a_b_idx on s_2  (cost=0.28..53.15 rows=1000 width=20) (actual time=0.024..0.027 rows=33 loops=1)
 Planning time: 0.265 ms
 Execution time: 0.093 ms
(10 rows)

===== 227 [Wed Mar  7 01:56:08 CET 2018] scale:1000 groups:1000 work_mem:4MB incremental:on max_workers:0 =====
SELECT * FROM s_3 ORDER BY a, b, c, d LIMIT 10
                                                                QUERY PLAN                                                                 
-------------------------------------------------------------------------------------------------------------------------------------------
 Limit  (cost=0.78..0.78 rows=1 width=20) (actual time=0.074..0.074 rows=0 loops=1)
   ->  Limit  (cost=0.37..0.68 rows=10 width=20) (actual time=0.071..0.072 rows=10 loops=1)
         ->  Incremental Sort  (cost=0.37..31.07 rows=1000 width=20) (actual time=0.071..0.072 rows=10 loops=1)
               Sort Key: s_3.a, s_3.b, s_3.c, s_3.d
               Presorted Key: s_3.a, s_3.b, s_3.c
               Sort Method: quicksort  Memory: 27kB
               Sort Groups: 1
               ->  Index Scan using s_3_a_b_c_idx on s_3  (cost=0.28..57.15 rows=1000 width=20) (actual time=0.025..0.029 rows=33 loops=1)
 Planning time: 0.268 ms
 Execution time: 0.096 ms
(10 rows)

===== 228 [Wed Mar  7 01:56:08 CET 2018] scale:1000 groups:1000 work_mem:4MB incremental:on max_workers:0 =====
SELECT * FROM s_4 ORDER BY a, b, c, d, e LIMIT 10
                                                                 QUERY PLAN                                                                  
---------------------------------------------------------------------------------------------------------------------------------------------
 Limit  (cost=0.78..0.78 rows=1 width=20) (actual time=0.063..0.063 rows=0 loops=1)
   ->  Limit  (cost=0.37..0.68 rows=10 width=20) (actual time=0.061..0.062 rows=10 loops=1)
         ->  Incremental Sort  (cost=0.37..31.07 rows=1000 width=20) (actual time=0.061..0.061 rows=10 loops=1)
               Sort Key: s_4.a, s_4.b, s_4.c, s_4.d, s_4.e
               Presorted Key: s_4.a, s_4.b, s_4.c, s_4.d
               Sort Method: quicksort  Memory: 27kB
               Sort Groups: 1
               ->  Index Scan using s_4_a_b_c_d_idx on s_4  (cost=0.28..57.15 rows=1000 width=20) (actual time=0.011..0.015 rows=33 loops=1)
 Planning time: 0.272 ms
 Execution time: 0.087 ms
(10 rows)

===== 229 [Wed Mar  7 01:56:08 CET 2018] scale:1000 groups:1000 work_mem:4MB incremental:off max_workers:0 =====
SELECT * FROM s_1 ORDER BY a, b LIMIT 10
                                                      QUERY PLAN                                                       
-----------------------------------------------------------------------------------------------------------------------
 Limit  (cost=38.73..38.73 rows=1 width=20) (actual time=0.148..0.148 rows=0 loops=1)
   ->  Limit  (cost=38.61..38.63 rows=10 width=20) (actual time=0.146..0.147 rows=10 loops=1)
         ->  Sort  (cost=38.61..41.11 rows=1000 width=20) (actual time=0.145..0.146 rows=10 loops=1)
               Sort Key: s_1.a, s_1.b
               Sort Method: top-N heapsort  Memory: 25kB
               ->  Seq Scan on s_1  (cost=0.00..17.00 rows=1000 width=20) (actual time=0.004..0.054 rows=1000 loops=1)
 Planning time: 0.252 ms
 Execution time: 0.171 ms
(8 rows)

===== 230 [Wed Mar  7 01:56:08 CET 2018] scale:1000 groups:1000 work_mem:4MB incremental:off max_workers:0 =====
SELECT * FROM s_2 ORDER BY a, b, c LIMIT 10
                                                      QUERY PLAN                                                       
-----------------------------------------------------------------------------------------------------------------------
 Limit  (cost=38.73..38.73 rows=1 width=20) (actual time=0.155..0.155 rows=0 loops=1)
   ->  Limit  (cost=38.61..38.63 rows=10 width=20) (actual time=0.152..0.154 rows=10 loops=1)
         ->  Sort  (cost=38.61..41.11 rows=1000 width=20) (actual time=0.152..0.153 rows=10 loops=1)
               Sort Key: s_2.a, s_2.b, s_2.c
               Sort Method: top-N heapsort  Memory: 25kB
               ->  Seq Scan on s_2  (cost=0.00..17.00 rows=1000 width=20) (actual time=0.009..0.059 rows=1000 loops=1)
 Planning time: 0.254 ms
 Execution time: 0.177 ms
(8 rows)

===== 231 [Wed Mar  7 01:56:08 CET 2018] scale:1000 groups:1000 work_mem:4MB incremental:off max_workers:0 =====
SELECT * FROM s_3 ORDER BY a, b, c, d LIMIT 10
                                                      QUERY PLAN                                                       
-----------------------------------------------------------------------------------------------------------------------
 Limit  (cost=38.73..38.73 rows=1 width=20) (actual time=0.175..0.175 rows=0 loops=1)
   ->  Limit  (cost=38.61..38.63 rows=10 width=20) (actual time=0.173..0.174 rows=10 loops=1)
         ->  Sort  (cost=38.61..41.11 rows=1000 width=20) (actual time=0.173..0.173 rows=10 loops=1)
               Sort Key: s_3.a, s_3.b, s_3.c, s_3.d
               Sort Method: top-N heapsort  Memory: 25kB
               ->  Seq Scan on s_3  (cost=0.00..17.00 rows=1000 width=20) (actual time=0.004..0.054 rows=1000 loops=1)
 Planning time: 0.255 ms
 Execution time: 0.198 ms
(8 rows)

===== 232 [Wed Mar  7 01:56:08 CET 2018] scale:1000 groups:1000 work_mem:4MB incremental:off max_workers:0 =====
SELECT * FROM s_4 ORDER BY a, b, c, d, e LIMIT 10
                                                      QUERY PLAN                                                       
-----------------------------------------------------------------------------------------------------------------------
 Limit  (cost=38.73..38.73 rows=1 width=20) (actual time=0.164..0.164 rows=0 loops=1)
   ->  Limit  (cost=38.61..38.63 rows=10 width=20) (actual time=0.161..0.163 rows=10 loops=1)
         ->  Sort  (cost=38.61..41.11 rows=1000 width=20) (actual time=0.161..0.162 rows=10 loops=1)
               Sort Key: s_4.a, s_4.b, s_4.c, s_4.d, s_4.e
               Sort Method: top-N heapsort  Memory: 25kB
               ->  Seq Scan on s_4  (cost=0.00..17.00 rows=1000 width=20) (actual time=0.007..0.061 rows=1000 loops=1)
 Planning time: 0.255 ms
 Execution time: 0.186 ms
(8 rows)

===== 233 [Wed Mar  7 01:56:09 CET 2018] scale:1000 groups:1000 work_mem:8MB incremental:on max_workers:0 =====
SELECT * FROM s_1 ORDER BY a, b LIMIT 10
                                                              QUERY PLAN                                                               
---------------------------------------------------------------------------------------------------------------------------------------
 Limit  (cost=0.76..0.76 rows=1 width=20) (actual time=0.057..0.057 rows=0 loops=1)
   ->  Limit  (cost=0.35..0.66 rows=10 width=20) (actual time=0.055..0.056 rows=10 loops=1)
         ->  Incremental Sort  (cost=0.35..30.96 rows=1000 width=20) (actual time=0.055..0.055 rows=10 loops=1)
               Sort Key: s_1.a, s_1.b
               Presorted Key: s_1.a
               Sort Method: quicksort  Memory: 27kB
               Sort Groups: 1
               ->  Index Scan using s_1_a_idx on s_1  (cost=0.28..45.27 rows=1000 width=20) (actual time=0.006..0.010 rows=33 loops=1)
 Planning time: 0.257 ms
 Execution time: 0.082 ms
(10 rows)

===== 234 [Wed Mar  7 01:56:09 CET 2018] scale:1000 groups:1000 work_mem:8MB incremental:on max_workers:0 =====
SELECT * FROM s_2 ORDER BY a, b, c LIMIT 10
                                                               QUERY PLAN                                                                
-----------------------------------------------------------------------------------------------------------------------------------------
 Limit  (cost=0.77..0.77 rows=1 width=20) (actual time=0.058..0.058 rows=0 loops=1)
   ->  Limit  (cost=0.37..0.67 rows=10 width=20) (actual time=0.056..0.057 rows=10 loops=1)
         ->  Incremental Sort  (cost=0.37..31.03 rows=1000 width=20) (actual time=0.056..0.056 rows=10 loops=1)
               Sort Key: s_2.a, s_2.b, s_2.c
               Presorted Key: s_2.a, s_2.b
               Sort Method: quicksort  Memory: 27kB
               Sort Groups: 1
               ->  Index Scan using s_2_a_b_idx on s_2  (cost=0.28..53.15 rows=1000 width=20) (actual time=0.011..0.015 rows=33 loops=1)
 Planning time: 0.264 ms
 Execution time: 0.081 ms
(10 rows)

===== 235 [Wed Mar  7 01:56:09 CET 2018] scale:1000 groups:1000 work_mem:8MB incremental:on max_workers:0 =====
SELECT * FROM s_3 ORDER BY a, b, c, d LIMIT 10
                                                                QUERY PLAN                                                                 
-------------------------------------------------------------------------------------------------------------------------------------------
 Limit  (cost=0.78..0.78 rows=1 width=20) (actual time=0.062..0.062 rows=0 loops=1)
   ->  Limit  (cost=0.37..0.68 rows=10 width=20) (actual time=0.060..0.061 rows=10 loops=1)
         ->  Incremental Sort  (cost=0.37..31.07 rows=1000 width=20) (actual time=0.060..0.060 rows=10 loops=1)
               Sort Key: s_3.a, s_3.b, s_3.c, s_3.d
               Presorted Key: s_3.a, s_3.b, s_3.c
               Sort Method: quicksort  Memory: 27kB
               Sort Groups: 1
               ->  Index Scan using s_3_a_b_c_idx on s_3  (cost=0.28..57.15 rows=1000 width=20) (actual time=0.014..0.018 rows=33 loops=1)
 Planning time: 0.265 ms
 Execution time: 0.085 ms
(10 rows)

===== 236 [Wed Mar  7 01:56:09 CET 2018] scale:1000 groups:1000 work_mem:8MB incremental:on max_workers:0 =====
SELECT * FROM s_4 ORDER BY a, b, c, d, e LIMIT 10
                                                                 QUERY PLAN                                                                  
---------------------------------------------------------------------------------------------------------------------------------------------
 Limit  (cost=0.78..0.78 rows=1 width=20) (actual time=0.061..0.061 rows=0 loops=1)
   ->  Limit  (cost=0.37..0.68 rows=10 width=20) (actual time=0.058..0.060 rows=10 loops=1)
         ->  Incremental Sort  (cost=0.37..31.07 rows=1000 width=20) (actual time=0.058..0.059 rows=10 loops=1)
               Sort Key: s_4.a, s_4.b, s_4.c, s_4.d, s_4.e
               Presorted Key: s_4.a, s_4.b, s_4.c, s_4.d
               Sort Method: quicksort  Memory: 27kB
               Sort Groups: 1
               ->  Index Scan using s_4_a_b_c_d_idx on s_4  (cost=0.28..57.15 rows=1000 width=20) (actual time=0.011..0.015 rows=33 loops=1)
 Planning time: 0.273 ms
 Execution time: 0.084 ms
(10 rows)

===== 237 [Wed Mar  7 01:56:09 CET 2018] scale:1000 groups:1000 work_mem:8MB incremental:off max_workers:0 =====
SELECT * FROM s_1 ORDER BY a, b LIMIT 10
                                                      QUERY PLAN                                                       
-----------------------------------------------------------------------------------------------------------------------
 Limit  (cost=38.73..38.73 rows=1 width=20) (actual time=0.149..0.149 rows=0 loops=1)
   ->  Limit  (cost=38.61..38.63 rows=10 width=20) (actual time=0.146..0.147 rows=10 loops=1)
         ->  Sort  (cost=38.61..41.11 rows=1000 width=20) (actual time=0.146..0.146 rows=10 loops=1)
               Sort Key: s_1.a, s_1.b
               Sort Method: top-N heapsort  Memory: 25kB
               ->  Seq Scan on s_1  (cost=0.00..17.00 rows=1000 width=20) (actual time=0.004..0.055 rows=1000 loops=1)
 Planning time: 0.248 ms
 Execution time: 0.171 ms
(8 rows)

===== 238 [Wed Mar  7 01:56:09 CET 2018] scale:1000 groups:1000 work_mem:8MB incremental:off max_workers:0 =====
SELECT * FROM s_2 ORDER BY a, b, c LIMIT 10
                                                      QUERY PLAN                                                       
-----------------------------------------------------------------------------------------------------------------------
 Limit  (cost=38.73..38.73 rows=1 width=20) (actual time=0.154..0.154 rows=0 loops=1)
   ->  Limit  (cost=38.61..38.63 rows=10 width=20) (actual time=0.152..0.153 rows=10 loops=1)
         ->  Sort  (cost=38.61..41.11 rows=1000 width=20) (actual time=0.152..0.152 rows=10 loops=1)
               Sort Key: s_2.a, s_2.b, s_2.c
               Sort Method: top-N heapsort  Memory: 25kB
               ->  Seq Scan on s_2  (cost=0.00..17.00 rows=1000 width=20) (actual time=0.009..0.059 rows=1000 loops=1)
 Planning time: 0.261 ms
 Execution time: 0.179 ms
(8 rows)

===== 239 [Wed Mar  7 01:56:09 CET 2018] scale:1000 groups:1000 work_mem:8MB incremental:off max_workers:0 =====
SELECT * FROM s_3 ORDER BY a, b, c, d LIMIT 10
                                                      QUERY PLAN                                                       
-----------------------------------------------------------------------------------------------------------------------
 Limit  (cost=38.73..38.73 rows=1 width=20) (actual time=0.160..0.160 rows=0 loops=1)
   ->  Limit  (cost=38.61..38.63 rows=10 width=20) (actual time=0.158..0.159 rows=10 loops=1)
         ->  Sort  (cost=38.61..41.11 rows=1000 width=20) (actual time=0.158..0.158 rows=10 loops=1)
               Sort Key: s_3.a, s_3.b, s_3.c, s_3.d
               Sort Method: top-N heapsort  Memory: 25kB
               ->  Seq Scan on s_3  (cost=0.00..17.00 rows=1000 width=20) (actual time=0.004..0.055 rows=1000 loops=1)
 Planning time: 0.261 ms
 Execution time: 0.183 ms
(8 rows)

===== 240 [Wed Mar  7 01:56:09 CET 2018] scale:1000 groups:1000 work_mem:8MB incremental:off max_workers:0 =====
SELECT * FROM s_4 ORDER BY a, b, c, d, e LIMIT 10
                                                      QUERY PLAN                                                       
-----------------------------------------------------------------------------------------------------------------------
 Limit  (cost=38.73..38.73 rows=1 width=20) (actual time=0.170..0.170 rows=0 loops=1)
   ->  Limit  (cost=38.61..38.63 rows=10 width=20) (actual time=0.167..0.169 rows=10 loops=1)
         ->  Sort  (cost=38.61..41.11 rows=1000 width=20) (actual time=0.167..0.168 rows=10 loops=1)
               Sort Key: s_4.a, s_4.b, s_4.c, s_4.d, s_4.e
               Sort Method: top-N heapsort  Memory: 25kB
               ->  Seq Scan on s_4  (cost=0.00..17.00 rows=1000 width=20) (actual time=0.007..0.061 rows=1000 loops=1)
 Planning time: 0.255 ms
 Execution time: 0.192 ms
(8 rows)

===== 241 [Wed Mar  7 01:56:09 CET 2018] scale:1000 groups:1000 work_mem:16MB incremental:on max_workers:0 =====
SELECT * FROM s_1 ORDER BY a, b LIMIT 10
                                                              QUERY PLAN                                                               
---------------------------------------------------------------------------------------------------------------------------------------
 Limit  (cost=0.76..0.76 rows=1 width=20) (actual time=0.058..0.058 rows=0 loops=1)
   ->  Limit  (cost=0.35..0.66 rows=10 width=20) (actual time=0.055..0.056 rows=10 loops=1)
         ->  Incremental Sort  (cost=0.35..30.96 rows=1000 width=20) (actual time=0.055..0.055 rows=10 loops=1)
               Sort Key: s_1.a, s_1.b
               Presorted Key: s_1.a
               Sort Method: quicksort  Memory: 27kB
               Sort Groups: 1
               ->  Index Scan using s_1_a_idx on s_1  (cost=0.28..45.27 rows=1000 width=20) (actual time=0.006..0.010 rows=33 loops=1)
 Planning time: 0.257 ms
 Execution time: 0.083 ms
(10 rows)

===== 242 [Wed Mar  7 01:56:09 CET 2018] scale:1000 groups:1000 work_mem:16MB incremental:on max_workers:0 =====
SELECT * FROM s_2 ORDER BY a, b, c LIMIT 10
                                                               QUERY PLAN                                                                
-----------------------------------------------------------------------------------------------------------------------------------------
 Limit  (cost=0.77..0.77 rows=1 width=20) (actual time=0.056..0.056 rows=0 loops=1)
   ->  Limit  (cost=0.37..0.67 rows=10 width=20) (actual time=0.054..0.055 rows=10 loops=1)
         ->  Incremental Sort  (cost=0.37..31.03 rows=1000 width=20) (actual time=0.054..0.054 rows=10 loops=1)
               Sort Key: s_2.a, s_2.b, s_2.c
               Presorted Key: s_2.a, s_2.b
               Sort Method: quicksort  Memory: 27kB
               Sort Groups: 1
               ->  Index Scan using s_2_a_b_idx on s_2  (cost=0.28..53.15 rows=1000 width=20) (actual time=0.011..0.014 rows=33 loops=1)
 Planning time: 0.268 ms
 Execution time: 0.083 ms
(10 rows)

===== 243 [Wed Mar  7 01:56:09 CET 2018] scale:1000 groups:1000 work_mem:16MB incremental:on max_workers:0 =====
SELECT * FROM s_3 ORDER BY a, b, c, d LIMIT 10
                                                                QUERY PLAN                                                                 
-------------------------------------------------------------------------------------------------------------------------------------------
 Limit  (cost=0.78..0.78 rows=1 width=20) (actual time=0.060..0.060 rows=0 loops=1)
   ->  Limit  (cost=0.37..0.68 rows=10 width=20) (actual time=0.058..0.059 rows=10 loops=1)
         ->  Incremental Sort  (cost=0.37..31.07 rows=1000 width=20) (actual time=0.057..0.058 rows=10 loops=1)
               Sort Key: s_3.a, s_3.b, s_3.c, s_3.d
               Presorted Key: s_3.a, s_3.b, s_3.c
               Sort Method: quicksort  Memory: 27kB
               Sort Groups: 1
               ->  Index Scan using s_3_a_b_c_idx on s_3  (cost=0.28..57.15 rows=1000 width=20) (actual time=0.014..0.017 rows=33 loops=1)
 Planning time: 0.266 ms
 Execution time: 0.084 ms
(10 rows)

===== 244 [Wed Mar  7 01:56:09 CET 2018] scale:1000 groups:1000 work_mem:16MB incremental:on max_workers:0 =====
SELECT * FROM s_4 ORDER BY a, b, c, d, e LIMIT 10
                                                                 QUERY PLAN                                                                  
---------------------------------------------------------------------------------------------------------------------------------------------
 Limit  (cost=0.78..0.78 rows=1 width=20) (actual time=0.060..0.060 rows=0 loops=1)
   ->  Limit  (cost=0.37..0.68 rows=10 width=20) (actual time=0.058..0.059 rows=10 loops=1)
         ->  Incremental Sort  (cost=0.37..31.07 rows=1000 width=20) (actual time=0.058..0.058 rows=10 loops=1)
               Sort Key: s_4.a, s_4.b, s_4.c, s_4.d, s_4.e
               Presorted Key: s_4.a, s_4.b, s_4.c, s_4.d
               Sort Method: quicksort  Memory: 27kB
               Sort Groups: 1
               ->  Index Scan using s_4_a_b_c_d_idx on s_4  (cost=0.28..57.15 rows=1000 width=20) (actual time=0.011..0.015 rows=33 loops=1)
 Planning time: 0.267 ms
 Execution time: 0.083 ms
(10 rows)

===== 245 [Wed Mar  7 01:56:09 CET 2018] scale:1000 groups:1000 work_mem:16MB incremental:off max_workers:0 =====
SELECT * FROM s_1 ORDER BY a, b LIMIT 10
                                                      QUERY PLAN                                                       
-----------------------------------------------------------------------------------------------------------------------
 Limit  (cost=38.73..38.73 rows=1 width=20) (actual time=0.149..0.149 rows=0 loops=1)
   ->  Limit  (cost=38.61..38.63 rows=10 width=20) (actual time=0.147..0.148 rows=10 loops=1)
         ->  Sort  (cost=38.61..41.11 rows=1000 width=20) (actual time=0.147..0.147 rows=10 loops=1)
               Sort Key: s_1.a, s_1.b
               Sort Method: top-N heapsort  Memory: 25kB
               ->  Seq Scan on s_1  (cost=0.00..17.00 rows=1000 width=20) (actual time=0.004..0.055 rows=1000 loops=1)
 Planning time: 0.251 ms
 Execution time: 0.171 ms
(8 rows)

===== 246 [Wed Mar  7 01:56:09 CET 2018] scale:1000 groups:1000 work_mem:16MB incremental:off max_workers:0 =====
SELECT * FROM s_2 ORDER BY a, b, c LIMIT 10
                                                      QUERY PLAN                                                       
-----------------------------------------------------------------------------------------------------------------------
 Limit  (cost=38.73..38.73 rows=1 width=20) (actual time=0.155..0.155 rows=0 loops=1)
   ->  Limit  (cost=38.61..38.63 rows=10 width=20) (actual time=0.153..0.154 rows=10 loops=1)
         ->  Sort  (cost=38.61..41.11 rows=1000 width=20) (actual time=0.153..0.153 rows=10 loops=1)
               Sort Key: s_2.a, s_2.b, s_2.c
               Sort Method: top-N heapsort  Memory: 25kB
               ->  Seq Scan on s_2  (cost=0.00..17.00 rows=1000 width=20) (actual time=0.009..0.060 rows=1000 loops=1)
 Planning time: 0.259 ms
 Execution time: 0.178 ms
(8 rows)

===== 247 [Wed Mar  7 01:56:10 CET 2018] scale:1000 groups:1000 work_mem:16MB incremental:off max_workers:0 =====
SELECT * FROM s_3 ORDER BY a, b, c, d LIMIT 10
                                                      QUERY PLAN                                                       
-----------------------------------------------------------------------------------------------------------------------
 Limit  (cost=38.73..38.73 rows=1 width=20) (actual time=0.181..0.181 rows=0 loops=1)
   ->  Limit  (cost=38.61..38.63 rows=10 width=20) (actual time=0.179..0.180 rows=10 loops=1)
         ->  Sort  (cost=38.61..41.11 rows=1000 width=20) (actual time=0.178..0.179 rows=10 loops=1)
               Sort Key: s_3.a, s_3.b, s_3.c, s_3.d
               Sort Method: top-N heapsort  Memory: 25kB
               ->  Seq Scan on s_3  (cost=0.00..17.00 rows=1000 width=20) (actual time=0.004..0.060 rows=1000 loops=1)
 Planning time: 0.257 ms
 Execution time: 0.205 ms
(8 rows)

===== 248 [Wed Mar  7 01:56:10 CET 2018] scale:1000 groups:1000 work_mem:16MB incremental:off max_workers:0 =====
SELECT * FROM s_4 ORDER BY a, b, c, d, e LIMIT 10
                                                      QUERY PLAN                                                       
-----------------------------------------------------------------------------------------------------------------------
 Limit  (cost=38.73..38.73 rows=1 width=20) (actual time=0.161..0.161 rows=0 loops=1)
   ->  Limit  (cost=38.61..38.63 rows=10 width=20) (actual time=0.159..0.160 rows=10 loops=1)
         ->  Sort  (cost=38.61..41.11 rows=1000 width=20) (actual time=0.159..0.159 rows=10 loops=1)
               Sort Key: s_4.a, s_4.b, s_4.c, s_4.d, s_4.e
               Sort Method: top-N heapsort  Memory: 25kB
               ->  Seq Scan on s_4  (cost=0.00..17.00 rows=1000 width=20) (actual time=0.007..0.061 rows=1000 loops=1)
 Planning time: 0.249 ms
 Execution time: 0.183 ms
(8 rows)

===== 249 [Wed Mar  7 01:56:10 CET 2018] scale:1000 groups:1000 work_mem:32MB incremental:on max_workers:0 =====
SELECT * FROM s_1 ORDER BY a, b LIMIT 10
                                                              QUERY PLAN                                                               
---------------------------------------------------------------------------------------------------------------------------------------
 Limit  (cost=0.76..0.76 rows=1 width=20) (actual time=0.058..0.058 rows=0 loops=1)
   ->  Limit  (cost=0.35..0.66 rows=10 width=20) (actual time=0.055..0.057 rows=10 loops=1)
         ->  Incremental Sort  (cost=0.35..30.96 rows=1000 width=20) (actual time=0.055..0.056 rows=10 loops=1)
               Sort Key: s_1.a, s_1.b
               Presorted Key: s_1.a
               Sort Method: quicksort  Memory: 27kB
               Sort Groups: 1
               ->  Index Scan using s_1_a_idx on s_1  (cost=0.28..45.27 rows=1000 width=20) (actual time=0.006..0.010 rows=33 loops=1)
 Planning time: 0.255 ms
 Execution time: 0.083 ms
(10 rows)

===== 250 [Wed Mar  7 01:56:10 CET 2018] scale:1000 groups:1000 work_mem:32MB incremental:on max_workers:0 =====
SELECT * FROM s_2 ORDER BY a, b, c LIMIT 10
                                                               QUERY PLAN                                                                
-----------------------------------------------------------------------------------------------------------------------------------------
 Limit  (cost=0.77..0.77 rows=1 width=20) (actual time=0.056..0.056 rows=0 loops=1)
   ->  Limit  (cost=0.37..0.67 rows=10 width=20) (actual time=0.054..0.055 rows=10 loops=1)
         ->  Incremental Sort  (cost=0.37..31.03 rows=1000 width=20) (actual time=0.053..0.054 rows=10 loops=1)
               Sort Key: s_2.a, s_2.b, s_2.c
               Presorted Key: s_2.a, s_2.b
               Sort Method: quicksort  Memory: 27kB
               Sort Groups: 1
               ->  Index Scan using s_2_a_b_idx on s_2  (cost=0.28..53.15 rows=1000 width=20) (actual time=0.011..0.014 rows=33 loops=1)
 Planning time: 0.271 ms
 Execution time: 0.080 ms
(10 rows)

===== 251 [Wed Mar  7 01:56:10 CET 2018] scale:1000 groups:1000 work_mem:32MB incremental:on max_workers:0 =====
SELECT * FROM s_3 ORDER BY a, b, c, d LIMIT 10
                                                                QUERY PLAN                                                                 
-------------------------------------------------------------------------------------------------------------------------------------------
 Limit  (cost=0.78..0.78 rows=1 width=20) (actual time=0.060..0.060 rows=0 loops=1)
   ->  Limit  (cost=0.37..0.68 rows=10 width=20) (actual time=0.058..0.059 rows=10 loops=1)
         ->  Incremental Sort  (cost=0.37..31.07 rows=1000 width=20) (actual time=0.057..0.058 rows=10 loops=1)
               Sort Key: s_3.a, s_3.b, s_3.c, s_3.d
               Presorted Key: s_3.a, s_3.b, s_3.c
               Sort Method: quicksort  Memory: 27kB
               Sort Groups: 1
               ->  Index Scan using s_3_a_b_c_idx on s_3  (cost=0.28..57.15 rows=1000 width=20) (actual time=0.014..0.017 rows=33 loops=1)
 Planning time: 0.269 ms
 Execution time: 0.083 ms
(10 rows)

===== 252 [Wed Mar  7 01:56:10 CET 2018] scale:1000 groups:1000 work_mem:32MB incremental:on max_workers:0 =====
SELECT * FROM s_4 ORDER BY a, b, c, d, e LIMIT 10
                                                                 QUERY PLAN                                                                  
---------------------------------------------------------------------------------------------------------------------------------------------
 Limit  (cost=0.78..0.78 rows=1 width=20) (actual time=0.060..0.060 rows=0 loops=1)
   ->  Limit  (cost=0.37..0.68 rows=10 width=20) (actual time=0.058..0.059 rows=10 loops=1)
         ->  Incremental Sort  (cost=0.37..31.07 rows=1000 width=20) (actual time=0.058..0.058 rows=10 loops=1)
               Sort Key: s_4.a, s_4.b, s_4.c, s_4.d, s_4.e
               Presorted Key: s_4.a, s_4.b, s_4.c, s_4.d
               Sort Method: quicksort  Memory: 27kB
               Sort Groups: 1
               ->  Index Scan using s_4_a_b_c_d_idx on s_4  (cost=0.28..57.15 rows=1000 width=20) (actual time=0.011..0.014 rows=33 loops=1)
 Planning time: 0.278 ms
 Execution time: 0.083 ms
(10 rows)

===== 253 [Wed Mar  7 01:56:10 CET 2018] scale:1000 groups:1000 work_mem:32MB incremental:off max_workers:0 =====
SELECT * FROM s_1 ORDER BY a, b LIMIT 10
                                                      QUERY PLAN                                                       
-----------------------------------------------------------------------------------------------------------------------
 Limit  (cost=38.73..38.73 rows=1 width=20) (actual time=0.161..0.161 rows=0 loops=1)
   ->  Limit  (cost=38.61..38.63 rows=10 width=20) (actual time=0.158..0.160 rows=10 loops=1)
         ->  Sort  (cost=38.61..41.11 rows=1000 width=20) (actual time=0.158..0.159 rows=10 loops=1)
               Sort Key: s_1.a, s_1.b
               Sort Method: top-N heapsort  Memory: 25kB
               ->  Seq Scan on s_1  (cost=0.00..17.00 rows=1000 width=20) (actual time=0.004..0.056 rows=1000 loops=1)
 Planning time: 0.255 ms
 Execution time: 0.186 ms
(8 rows)

===== 254 [Wed Mar  7 01:56:10 CET 2018] scale:1000 groups:1000 work_mem:32MB incremental:off max_workers:0 =====
SELECT * FROM s_2 ORDER BY a, b, c LIMIT 10
                                                      QUERY PLAN                                                       
-----------------------------------------------------------------------------------------------------------------------
 Limit  (cost=38.73..38.73 rows=1 width=20) (actual time=0.154..0.154 rows=0 loops=1)
   ->  Limit  (cost=38.61..38.63 rows=10 width=20) (actual time=0.152..0.153 rows=10 loops=1)
         ->  Sort  (cost=38.61..41.11 rows=1000 width=20) (actual time=0.152..0.152 rows=10 loops=1)
               Sort Key: s_2.a, s_2.b, s_2.c
               Sort Method: top-N heapsort  Memory: 25kB
               ->  Seq Scan on s_2  (cost=0.00..17.00 rows=1000 width=20) (actual time=0.009..0.060 rows=1000 loops=1)
 Planning time: 0.256 ms
 Execution time: 0.177 ms
(8 rows)

===== 255 [Wed Mar  7 01:56:10 CET 2018] scale:1000 groups:1000 work_mem:32MB incremental:off max_workers:0 =====
SELECT * FROM s_3 ORDER BY a, b, c, d LIMIT 10
                                                      QUERY PLAN                                                       
-----------------------------------------------------------------------------------------------------------------------
 Limit  (cost=38.73..38.73 rows=1 width=20) (actual time=0.182..0.182 rows=0 loops=1)
   ->  Limit  (cost=38.61..38.63 rows=10 width=20) (actual time=0.180..0.181 rows=10 loops=1)
         ->  Sort  (cost=38.61..41.11 rows=1000 width=20) (actual time=0.180..0.180 rows=10 loops=1)
               Sort Key: s_3.a, s_3.b, s_3.c, s_3.d
               Sort Method: top-N heapsort  Memory: 25kB
               ->  Seq Scan on s_3  (cost=0.00..17.00 rows=1000 width=20) (actual time=0.004..0.055 rows=1000 loops=1)
 Planning time: 0.259 ms
 Execution time: 0.205 ms
(8 rows)

===== 256 [Wed Mar  7 01:56:10 CET 2018] scale:1000 groups:1000 work_mem:32MB incremental:off max_workers:0 =====
SELECT * FROM s_4 ORDER BY a, b, c, d, e LIMIT 10
                                                      QUERY PLAN                                                       
-----------------------------------------------------------------------------------------------------------------------
 Limit  (cost=38.73..38.73 rows=1 width=20) (actual time=0.159..0.159 rows=0 loops=1)
   ->  Limit  (cost=38.61..38.63 rows=10 width=20) (actual time=0.157..0.158 rows=10 loops=1)
         ->  Sort  (cost=38.61..41.11 rows=1000 width=20) (actual time=0.157..0.157 rows=10 loops=1)
               Sort Key: s_4.a, s_4.b, s_4.c, s_4.d, s_4.e
               Sort Method: top-N heapsort  Memory: 25kB
               ->  Seq Scan on s_4  (cost=0.00..17.00 rows=1000 width=20) (actual time=0.007..0.061 rows=1000 loops=1)
 Planning time: 0.263 ms
 Execution time: 0.181 ms
(8 rows)

===== 257 [Wed Mar  7 01:56:10 CET 2018] scale:1000 groups:1000 work_mem:64MB incremental:on max_workers:0 =====
SELECT * FROM s_1 ORDER BY a, b LIMIT 10
                                                              QUERY PLAN                                                               
---------------------------------------------------------------------------------------------------------------------------------------
 Limit  (cost=0.76..0.76 rows=1 width=20) (actual time=0.059..0.059 rows=0 loops=1)
   ->  Limit  (cost=0.35..0.66 rows=10 width=20) (actual time=0.057..0.058 rows=10 loops=1)
         ->  Incremental Sort  (cost=0.35..30.96 rows=1000 width=20) (actual time=0.057..0.057 rows=10 loops=1)
               Sort Key: s_1.a, s_1.b
               Presorted Key: s_1.a
               Sort Method: quicksort  Memory: 27kB
               Sort Groups: 1
               ->  Index Scan using s_1_a_idx on s_1  (cost=0.28..45.27 rows=1000 width=20) (actual time=0.006..0.010 rows=33 loops=1)
 Planning time: 0.255 ms
 Execution time: 0.085 ms
(10 rows)

===== 258 [Wed Mar  7 01:56:10 CET 2018] scale:1000 groups:1000 work_mem:64MB incremental:on max_workers:0 =====
SELECT * FROM s_2 ORDER BY a, b, c LIMIT 10
                                                               QUERY PLAN                                                                
-----------------------------------------------------------------------------------------------------------------------------------------
 Limit  (cost=0.77..0.77 rows=1 width=20) (actual time=0.055..0.055 rows=0 loops=1)
   ->  Limit  (cost=0.37..0.67 rows=10 width=20) (actual time=0.053..0.054 rows=10 loops=1)
         ->  Incremental Sort  (cost=0.37..31.03 rows=1000 width=20) (actual time=0.053..0.053 rows=10 loops=1)
               Sort Key: s_2.a, s_2.b, s_2.c
               Presorted Key: s_2.a, s_2.b
               Sort Method: quicksort  Memory: 27kB
               Sort Groups: 1
               ->  Index Scan using s_2_a_b_idx on s_2  (cost=0.28..53.15 rows=1000 width=20) (actual time=0.011..0.014 rows=33 loops=1)
 Planning time: 0.268 ms
 Execution time: 0.079 ms
(10 rows)

===== 259 [Wed Mar  7 01:56:10 CET 2018] scale:1000 groups:1000 work_mem:64MB incremental:on max_workers:0 =====
SELECT * FROM s_3 ORDER BY a, b, c, d LIMIT 10
                                                                QUERY PLAN                                                                 
-------------------------------------------------------------------------------------------------------------------------------------------
 Limit  (cost=0.78..0.78 rows=1 width=20) (actual time=0.062..0.062 rows=0 loops=1)
   ->  Limit  (cost=0.37..0.68 rows=10 width=20) (actual time=0.059..0.060 rows=10 loops=1)
         ->  Incremental Sort  (cost=0.37..31.07 rows=1000 width=20) (actual time=0.059..0.059 rows=10 loops=1)
               Sort Key: s_3.a, s_3.b, s_3.c, s_3.d
               Presorted Key: s_3.a, s_3.b, s_3.c
               Sort Method: quicksort  Memory: 27kB
               Sort Groups: 1
               ->  Index Scan using s_3_a_b_c_idx on s_3  (cost=0.28..57.15 rows=1000 width=20) (actual time=0.014..0.017 rows=33 loops=1)
 Planning time: 0.273 ms
 Execution time: 0.084 ms
(10 rows)

===== 260 [Wed Mar  7 01:56:10 CET 2018] scale:1000 groups:1000 work_mem:64MB incremental:on max_workers:0 =====
SELECT * FROM s_4 ORDER BY a, b, c, d, e LIMIT 10
                                                                 QUERY PLAN                                                                  
---------------------------------------------------------------------------------------------------------------------------------------------
 Limit  (cost=0.78..0.78 rows=1 width=20) (actual time=0.060..0.060 rows=0 loops=1)
   ->  Limit  (cost=0.37..0.68 rows=10 width=20) (actual time=0.058..0.059 rows=10 loops=1)
         ->  Incremental Sort  (cost=0.37..31.07 rows=1000 width=20) (actual time=0.058..0.058 rows=10 loops=1)
               Sort Key: s_4.a, s_4.b, s_4.c, s_4.d, s_4.e
               Presorted Key: s_4.a, s_4.b, s_4.c, s_4.d
               Sort Method: quicksort  Memory: 27kB
               Sort Groups: 1
               ->  Index Scan using s_4_a_b_c_d_idx on s_4  (cost=0.28..57.15 rows=1000 width=20) (actual time=0.011..0.015 rows=33 loops=1)
 Planning time: 0.264 ms
 Execution time: 0.084 ms
(10 rows)

===== 261 [Wed Mar  7 01:56:10 CET 2018] scale:1000 groups:1000 work_mem:64MB incremental:off max_workers:0 =====
SELECT * FROM s_1 ORDER BY a, b LIMIT 10
                                                      QUERY PLAN                                                       
-----------------------------------------------------------------------------------------------------------------------
 Limit  (cost=38.73..38.73 rows=1 width=20) (actual time=0.147..0.147 rows=0 loops=1)
   ->  Limit  (cost=38.61..38.63 rows=10 width=20) (actual time=0.145..0.146 rows=10 loops=1)
         ->  Sort  (cost=38.61..41.11 rows=1000 width=20) (actual time=0.145..0.145 rows=10 loops=1)
               Sort Key: s_1.a, s_1.b
               Sort Method: top-N heapsort  Memory: 25kB
               ->  Seq Scan on s_1  (cost=0.00..17.00 rows=1000 width=20) (actual time=0.004..0.054 rows=1000 loops=1)
 Planning time: 0.251 ms
 Execution time: 0.170 ms
(8 rows)

===== 262 [Wed Mar  7 01:56:11 CET 2018] scale:1000 groups:1000 work_mem:64MB incremental:off max_workers:0 =====
SELECT * FROM s_2 ORDER BY a, b, c LIMIT 10
                                                      QUERY PLAN                                                       
-----------------------------------------------------------------------------------------------------------------------
 Limit  (cost=38.73..38.73 rows=1 width=20) (actual time=0.155..0.155 rows=0 loops=1)
   ->  Limit  (cost=38.61..38.63 rows=10 width=20) (actual time=0.153..0.154 rows=10 loops=1)
         ->  Sort  (cost=38.61..41.11 rows=1000 width=20) (actual time=0.153..0.153 rows=10 loops=1)
               Sort Key: s_2.a, s_2.b, s_2.c
               Sort Method: top-N heapsort  Memory: 25kB
               ->  Seq Scan on s_2  (cost=0.00..17.00 rows=1000 width=20) (actual time=0.009..0.060 rows=1000 loops=1)
 Planning time: 0.257 ms
 Execution time: 0.178 ms
(8 rows)

===== 263 [Wed Mar  7 01:56:11 CET 2018] scale:1000 groups:1000 work_mem:64MB incremental:off max_workers:0 =====
SELECT * FROM s_3 ORDER BY a, b, c, d LIMIT 10
                                                      QUERY PLAN                                                       
-----------------------------------------------------------------------------------------------------------------------
 Limit  (cost=38.73..38.73 rows=1 width=20) (actual time=0.180..0.180 rows=0 loops=1)
   ->  Limit  (cost=38.61..38.63 rows=10 width=20) (actual time=0.178..0.179 rows=10 loops=1)
         ->  Sort  (cost=38.61..41.11 rows=1000 width=20) (actual time=0.178..0.178 rows=10 loops=1)
               Sort Key: s_3.a, s_3.b, s_3.c, s_3.d
               Sort Method: top-N heapsort  Memory: 25kB
               ->  Seq Scan on s_3  (cost=0.00..17.00 rows=1000 width=20) (actual time=0.008..0.058 rows=1000 loops=1)
 Planning time: 0.261 ms
 Execution time: 0.203 ms
(8 rows)

===== 264 [Wed Mar  7 01:56:11 CET 2018] scale:1000 groups:1000 work_mem:64MB incremental:off max_workers:0 =====
SELECT * FROM s_4 ORDER BY a, b, c, d, e LIMIT 10
                                                      QUERY PLAN                                                       
-----------------------------------------------------------------------------------------------------------------------
 Limit  (cost=38.73..38.73 rows=1 width=20) (actual time=0.164..0.164 rows=0 loops=1)
   ->  Limit  (cost=38.61..38.63 rows=10 width=20) (actual time=0.162..0.163 rows=10 loops=1)
         ->  Sort  (cost=38.61..41.11 rows=1000 width=20) (actual time=0.162..0.162 rows=10 loops=1)
               Sort Key: s_4.a, s_4.b, s_4.c, s_4.d, s_4.e
               Sort Method: top-N heapsort  Memory: 25kB
               ->  Seq Scan on s_4  (cost=0.00..17.00 rows=1000 width=20) (actual time=0.007..0.061 rows=1000 loops=1)
 Planning time: 0.253 ms
 Execution time: 0.186 ms
(8 rows)

===== 265 [Wed Mar  7 01:56:11 CET 2018] scale:1000 groups:1000 work_mem:128MB incremental:on max_workers:0 =====
SELECT * FROM s_1 ORDER BY a, b LIMIT 10
                                                              QUERY PLAN                                                               
---------------------------------------------------------------------------------------------------------------------------------------
 Limit  (cost=0.76..0.76 rows=1 width=20) (actual time=0.059..0.059 rows=0 loops=1)
   ->  Limit  (cost=0.35..0.66 rows=10 width=20) (actual time=0.056..0.057 rows=10 loops=1)
         ->  Incremental Sort  (cost=0.35..30.96 rows=1000 width=20) (actual time=0.056..0.057 rows=10 loops=1)
               Sort Key: s_1.a, s_1.b
               Presorted Key: s_1.a
               Sort Method: quicksort  Memory: 27kB
               Sort Groups: 1
               ->  Index Scan using s_1_a_idx on s_1  (cost=0.28..45.27 rows=1000 width=20) (actual time=0.006..0.010 rows=33 loops=1)
 Planning time: 0.256 ms
 Execution time: 0.084 ms
(10 rows)

===== 266 [Wed Mar  7 01:56:11 CET 2018] scale:1000 groups:1000 work_mem:128MB incremental:on max_workers:0 =====
SELECT * FROM s_2 ORDER BY a, b, c LIMIT 10
                                                               QUERY PLAN                                                                
-----------------------------------------------------------------------------------------------------------------------------------------
 Limit  (cost=0.77..0.77 rows=1 width=20) (actual time=0.057..0.057 rows=0 loops=1)
   ->  Limit  (cost=0.37..0.67 rows=10 width=20) (actual time=0.055..0.056 rows=10 loops=1)
         ->  Incremental Sort  (cost=0.37..31.03 rows=1000 width=20) (actual time=0.055..0.055 rows=10 loops=1)
               Sort Key: s_2.a, s_2.b, s_2.c
               Presorted Key: s_2.a, s_2.b
               Sort Method: quicksort  Memory: 27kB
               Sort Groups: 1
               ->  Index Scan using s_2_a_b_idx on s_2  (cost=0.28..53.15 rows=1000 width=20) (actual time=0.011..0.014 rows=33 loops=1)
 Planning time: 0.262 ms
 Execution time: 0.082 ms
(10 rows)

===== 267 [Wed Mar  7 01:56:11 CET 2018] scale:1000 groups:1000 work_mem:128MB incremental:on max_workers:0 =====
SELECT * FROM s_3 ORDER BY a, b, c, d LIMIT 10
                                                                QUERY PLAN                                                                 
-------------------------------------------------------------------------------------------------------------------------------------------
 Limit  (cost=0.78..0.78 rows=1 width=20) (actual time=0.060..0.060 rows=0 loops=1)
   ->  Limit  (cost=0.37..0.68 rows=10 width=20) (actual time=0.058..0.059 rows=10 loops=1)
         ->  Incremental Sort  (cost=0.37..31.07 rows=1000 width=20) (actual time=0.057..0.058 rows=10 loops=1)
               Sort Key: s_3.a, s_3.b, s_3.c, s_3.d
               Presorted Key: s_3.a, s_3.b, s_3.c
               Sort Method: quicksort  Memory: 27kB
               Sort Groups: 1
               ->  Index Scan using s_3_a_b_c_idx on s_3  (cost=0.28..57.15 rows=1000 width=20) (actual time=0.014..0.017 rows=33 loops=1)
 Planning time: 0.267 ms
 Execution time: 0.083 ms
(10 rows)

===== 268 [Wed Mar  7 01:56:11 CET 2018] scale:1000 groups:1000 work_mem:128MB incremental:on max_workers:0 =====
SELECT * FROM s_4 ORDER BY a, b, c, d, e LIMIT 10
                                                                 QUERY PLAN                                                                  
---------------------------------------------------------------------------------------------------------------------------------------------
 Limit  (cost=0.78..0.78 rows=1 width=20) (actual time=0.060..0.060 rows=0 loops=1)
   ->  Limit  (cost=0.37..0.68 rows=10 width=20) (actual time=0.058..0.059 rows=10 loops=1)
         ->  Incremental Sort  (cost=0.37..31.07 rows=1000 width=20) (actual time=0.058..0.058 rows=10 loops=1)
               Sort Key: s_4.a, s_4.b, s_4.c, s_4.d, s_4.e
               Presorted Key: s_4.a, s_4.b, s_4.c, s_4.d
               Sort Method: quicksort  Memory: 27kB
               Sort Groups: 1
               ->  Index Scan using s_4_a_b_c_d_idx on s_4  (cost=0.28..57.15 rows=1000 width=20) (actual time=0.011..0.014 rows=33 loops=1)
 Planning time: 0.264 ms
 Execution time: 0.083 ms
(10 rows)

===== 269 [Wed Mar  7 01:56:11 CET 2018] scale:1000 groups:1000 work_mem:128MB incremental:off max_workers:0 =====
SELECT * FROM s_1 ORDER BY a, b LIMIT 10
                                                      QUERY PLAN                                                       
-----------------------------------------------------------------------------------------------------------------------
 Limit  (cost=38.73..38.73 rows=1 width=20) (actual time=0.157..0.157 rows=0 loops=1)
   ->  Limit  (cost=38.61..38.63 rows=10 width=20) (actual time=0.155..0.156 rows=10 loops=1)
         ->  Sort  (cost=38.61..41.11 rows=1000 width=20) (actual time=0.155..0.155 rows=10 loops=1)
               Sort Key: s_1.a, s_1.b
               Sort Method: top-N heapsort  Memory: 25kB
               ->  Seq Scan on s_1  (cost=0.00..17.00 rows=1000 width=20) (actual time=0.013..0.063 rows=1000 loops=1)
 Planning time: 0.255 ms
 Execution time: 0.179 ms
(8 rows)

===== 270 [Wed Mar  7 01:56:11 CET 2018] scale:1000 groups:1000 work_mem:128MB incremental:off max_workers:0 =====
SELECT * FROM s_2 ORDER BY a, b, c LIMIT 10
                                                      QUERY PLAN                                                       
-----------------------------------------------------------------------------------------------------------------------
 Limit  (cost=38.73..38.73 rows=1 width=20) (actual time=0.159..0.159 rows=0 loops=1)
   ->  Limit  (cost=38.61..38.63 rows=10 width=20) (actual time=0.157..0.158 rows=10 loops=1)
         ->  Sort  (cost=38.61..41.11 rows=1000 width=20) (actual time=0.157..0.157 rows=10 loops=1)
               Sort Key: s_2.a, s_2.b, s_2.c
               Sort Method: top-N heapsort  Memory: 25kB
               ->  Seq Scan on s_2  (cost=0.00..17.00 rows=1000 width=20) (actual time=0.009..0.060 rows=1000 loops=1)
 Planning time: 0.256 ms
 Execution time: 0.183 ms
(8 rows)

===== 271 [Wed Mar  7 01:56:11 CET 2018] scale:1000 groups:1000 work_mem:128MB incremental:off max_workers:0 =====
SELECT * FROM s_3 ORDER BY a, b, c, d LIMIT 10
                                                      QUERY PLAN                                                       
-----------------------------------------------------------------------------------------------------------------------
 Limit  (cost=38.73..38.73 rows=1 width=20) (actual time=0.161..0.161 rows=0 loops=1)
   ->  Limit  (cost=38.61..38.63 rows=10 width=20) (actual time=0.159..0.160 rows=10 loops=1)
         ->  Sort  (cost=38.61..41.11 rows=1000 width=20) (actual time=0.158..0.159 rows=10 loops=1)
               Sort Key: s_3.a, s_3.b, s_3.c, s_3.d
               Sort Method: top-N heapsort  Memory: 25kB
               ->  Seq Scan on s_3  (cost=0.00..17.00 rows=1000 width=20) (actual time=0.004..0.055 rows=1000 loops=1)
 Planning time: 0.266 ms
 Execution time: 0.183 ms
(8 rows)

===== 272 [Wed Mar  7 01:56:11 CET 2018] scale:1000 groups:1000 work_mem:128MB incremental:off max_workers:0 =====
SELECT * FROM s_4 ORDER BY a, b, c, d, e LIMIT 10
                                                      QUERY PLAN                                                       
-----------------------------------------------------------------------------------------------------------------------
 Limit  (cost=38.73..38.73 rows=1 width=20) (actual time=0.160..0.160 rows=0 loops=1)
   ->  Limit  (cost=38.61..38.63 rows=10 width=20) (actual time=0.157..0.158 rows=10 loops=1)
         ->  Sort  (cost=38.61..41.11 rows=1000 width=20) (actual time=0.157..0.157 rows=10 loops=1)
               Sort Key: s_4.a, s_4.b, s_4.c, s_4.d, s_4.e
               Sort Method: top-N heapsort  Memory: 25kB
               ->  Seq Scan on s_4  (cost=0.00..17.00 rows=1000 width=20) (actual time=0.007..0.061 rows=1000 loops=1)
 Planning time: 0.253 ms
 Execution time: 0.182 ms
(8 rows)

===== 273 [Wed Mar  7 01:56:11 CET 2018] scale:1000 groups:1000 work_mem:256MB incremental:on max_workers:0 =====
SELECT * FROM s_1 ORDER BY a, b LIMIT 10
                                                              QUERY PLAN                                                               
---------------------------------------------------------------------------------------------------------------------------------------
 Limit  (cost=0.76..0.76 rows=1 width=20) (actual time=0.059..0.059 rows=0 loops=1)
   ->  Limit  (cost=0.35..0.66 rows=10 width=20) (actual time=0.056..0.057 rows=10 loops=1)
         ->  Incremental Sort  (cost=0.35..30.96 rows=1000 width=20) (actual time=0.056..0.056 rows=10 loops=1)
               Sort Key: s_1.a, s_1.b
               Presorted Key: s_1.a
               Sort Method: quicksort  Memory: 27kB
               Sort Groups: 1
               ->  Index Scan using s_1_a_idx on s_1  (cost=0.28..45.27 rows=1000 width=20) (actual time=0.006..0.010 rows=33 loops=1)
 Planning time: 0.268 ms
 Execution time: 0.084 ms
(10 rows)

===== 274 [Wed Mar  7 01:56:11 CET 2018] scale:1000 groups:1000 work_mem:256MB incremental:on max_workers:0 =====
SELECT * FROM s_2 ORDER BY a, b, c LIMIT 10
                                                               QUERY PLAN                                                                
-----------------------------------------------------------------------------------------------------------------------------------------
 Limit  (cost=0.77..0.77 rows=1 width=20) (actual time=0.064..0.064 rows=0 loops=1)
   ->  Limit  (cost=0.37..0.67 rows=10 width=20) (actual time=0.062..0.063 rows=10 loops=1)
         ->  Incremental Sort  (cost=0.37..31.03 rows=1000 width=20) (actual time=0.062..0.062 rows=10 loops=1)
               Sort Key: s_2.a, s_2.b, s_2.c
               Presorted Key: s_2.a, s_2.b
               Sort Method: quicksort  Memory: 27kB
               Sort Groups: 1
               ->  Index Scan using s_2_a_b_idx on s_2  (cost=0.28..53.15 rows=1000 width=20) (actual time=0.011..0.014 rows=33 loops=1)
 Planning time: 0.267 ms
 Execution time: 0.088 ms
(10 rows)

===== 275 [Wed Mar  7 01:56:11 CET 2018] scale:1000 groups:1000 work_mem:256MB incremental:on max_workers:0 =====
SELECT * FROM s_3 ORDER BY a, b, c, d LIMIT 10
                                                                QUERY PLAN                                                                 
-------------------------------------------------------------------------------------------------------------------------------------------
 Limit  (cost=0.78..0.78 rows=1 width=20) (actual time=0.060..0.060 rows=0 loops=1)
   ->  Limit  (cost=0.37..0.68 rows=10 width=20) (actual time=0.058..0.059 rows=10 loops=1)
         ->  Incremental Sort  (cost=0.37..31.07 rows=1000 width=20) (actual time=0.057..0.058 rows=10 loops=1)
               Sort Key: s_3.a, s_3.b, s_3.c, s_3.d
               Presorted Key: s_3.a, s_3.b, s_3.c
               Sort Method: quicksort  Memory: 27kB
               Sort Groups: 1
               ->  Index Scan using s_3_a_b_c_idx on s_3  (cost=0.28..57.15 rows=1000 width=20) (actual time=0.013..0.017 rows=33 loops=1)
 Planning time: 0.272 ms
 Execution time: 0.083 ms
(10 rows)

===== 276 [Wed Mar  7 01:56:12 CET 2018] scale:1000 groups:1000 work_mem:256MB incremental:on max_workers:0 =====
SELECT * FROM s_4 ORDER BY a, b, c, d, e LIMIT 10
                                                                 QUERY PLAN                                                                  
---------------------------------------------------------------------------------------------------------------------------------------------
 Limit  (cost=0.78..0.78 rows=1 width=20) (actual time=0.061..0.061 rows=0 loops=1)
   ->  Limit  (cost=0.37..0.68 rows=10 width=20) (actual time=0.058..0.060 rows=10 loops=1)
         ->  Incremental Sort  (cost=0.37..31.07 rows=1000 width=20) (actual time=0.058..0.059 rows=10 loops=1)
               Sort Key: s_4.a, s_4.b, s_4.c, s_4.d, s_4.e
               Presorted Key: s_4.a, s_4.b, s_4.c, s_4.d
               Sort Method: quicksort  Memory: 27kB
               Sort Groups: 1
               ->  Index Scan using s_4_a_b_c_d_idx on s_4  (cost=0.28..57.15 rows=1000 width=20) (actual time=0.011..0.015 rows=33 loops=1)
 Planning time: 0.266 ms
 Execution time: 0.083 ms
(10 rows)

===== 277 [Wed Mar  7 01:56:12 CET 2018] scale:1000 groups:1000 work_mem:256MB incremental:off max_workers:0 =====
SELECT * FROM s_1 ORDER BY a, b LIMIT 10
                                                      QUERY PLAN                                                       
-----------------------------------------------------------------------------------------------------------------------
 Limit  (cost=38.73..38.73 rows=1 width=20) (actual time=0.149..0.149 rows=0 loops=1)
   ->  Limit  (cost=38.61..38.63 rows=10 width=20) (actual time=0.147..0.148 rows=10 loops=1)
         ->  Sort  (cost=38.61..41.11 rows=1000 width=20) (actual time=0.146..0.147 rows=10 loops=1)
               Sort Key: s_1.a, s_1.b
               Sort Method: top-N heapsort  Memory: 25kB
               ->  Seq Scan on s_1  (cost=0.00..17.00 rows=1000 width=20) (actual time=0.004..0.054 rows=1000 loops=1)
 Planning time: 0.252 ms
 Execution time: 0.173 ms
(8 rows)

===== 278 [Wed Mar  7 01:56:12 CET 2018] scale:1000 groups:1000 work_mem:256MB incremental:off max_workers:0 =====
SELECT * FROM s_2 ORDER BY a, b, c LIMIT 10
                                                      QUERY PLAN                                                       
-----------------------------------------------------------------------------------------------------------------------
 Limit  (cost=38.73..38.73 rows=1 width=20) (actual time=0.154..0.154 rows=0 loops=1)
   ->  Limit  (cost=38.61..38.63 rows=10 width=20) (actual time=0.152..0.153 rows=10 loops=1)
         ->  Sort  (cost=38.61..41.11 rows=1000 width=20) (actual time=0.152..0.152 rows=10 loops=1)
               Sort Key: s_2.a, s_2.b, s_2.c
               Sort Method: top-N heapsort  Memory: 25kB
               ->  Seq Scan on s_2  (cost=0.00..17.00 rows=1000 width=20) (actual time=0.009..0.059 rows=1000 loops=1)
 Planning time: 0.258 ms
 Execution time: 0.177 ms
(8 rows)

===== 279 [Wed Mar  7 01:56:12 CET 2018] scale:1000 groups:1000 work_mem:256MB incremental:off max_workers:0 =====
SELECT * FROM s_3 ORDER BY a, b, c, d LIMIT 10
                                                      QUERY PLAN                                                       
-----------------------------------------------------------------------------------------------------------------------
 Limit  (cost=38.73..38.73 rows=1 width=20) (actual time=0.166..0.166 rows=0 loops=1)
   ->  Limit  (cost=38.61..38.63 rows=10 width=20) (actual time=0.164..0.165 rows=10 loops=1)
         ->  Sort  (cost=38.61..41.11 rows=1000 width=20) (actual time=0.163..0.164 rows=10 loops=1)
               Sort Key: s_3.a, s_3.b, s_3.c, s_3.d
               Sort Method: top-N heapsort  Memory: 25kB
               ->  Seq Scan on s_3  (cost=0.00..17.00 rows=1000 width=20) (actual time=0.004..0.056 rows=1000 loops=1)
 Planning time: 0.262 ms
 Execution time: 0.188 ms
(8 rows)

===== 280 [Wed Mar  7 01:56:12 CET 2018] scale:1000 groups:1000 work_mem:256MB incremental:off max_workers:0 =====
SELECT * FROM s_4 ORDER BY a, b, c, d, e LIMIT 10
                                                      QUERY PLAN                                                       
-----------------------------------------------------------------------------------------------------------------------
 Limit  (cost=38.73..38.73 rows=1 width=20) (actual time=0.161..0.161 rows=0 loops=1)
   ->  Limit  (cost=38.61..38.63 rows=10 width=20) (actual time=0.159..0.160 rows=10 loops=1)
         ->  Sort  (cost=38.61..41.11 rows=1000 width=20) (actual time=0.159..0.159 rows=10 loops=1)
               Sort Key: s_4.a, s_4.b, s_4.c, s_4.d, s_4.e
               Sort Method: top-N heapsort  Memory: 25kB
               ->  Seq Scan on s_4  (cost=0.00..17.00 rows=1000 width=20) (actual time=0.007..0.061 rows=1000 loops=1)
 Planning time: 0.258 ms
 Execution time: 0.183 ms
(8 rows)

===== 281 [Wed Mar  7 01:56:12 CET 2018] scale:1000 groups:1000 work_mem:4MB incremental:on max_workers:2 =====
SELECT * FROM s_1 ORDER BY a, b LIMIT 10
                                                              QUERY PLAN                                                               
---------------------------------------------------------------------------------------------------------------------------------------
 Limit  (cost=0.76..0.76 rows=1 width=20) (actual time=0.058..0.058 rows=0 loops=1)
   ->  Limit  (cost=0.35..0.66 rows=10 width=20) (actual time=0.056..0.057 rows=10 loops=1)
         ->  Incremental Sort  (cost=0.35..30.96 rows=1000 width=20) (actual time=0.056..0.056 rows=10 loops=1)
               Sort Key: s_1.a, s_1.b
               Presorted Key: s_1.a
               Sort Method: quicksort  Memory: 27kB
               Sort Groups: 1
               ->  Index Scan using s_1_a_idx on s_1  (cost=0.28..45.27 rows=1000 width=20) (actual time=0.006..0.010 rows=33 loops=1)
 Planning time: 0.268 ms
 Execution time: 0.085 ms
(10 rows)

===== 282 [Wed Mar  7 01:56:12 CET 2018] scale:1000 groups:1000 work_mem:4MB incremental:on max_workers:2 =====
SELECT * FROM s_2 ORDER BY a, b, c LIMIT 10
                                                               QUERY PLAN                                                                
-----------------------------------------------------------------------------------------------------------------------------------------
 Limit  (cost=0.77..0.77 rows=1 width=20) (actual time=0.064..0.064 rows=0 loops=1)
   ->  Limit  (cost=0.37..0.67 rows=10 width=20) (actual time=0.062..0.063 rows=10 loops=1)
         ->  Incremental Sort  (cost=0.37..31.03 rows=1000 width=20) (actual time=0.062..0.062 rows=10 loops=1)
               Sort Key: s_2.a, s_2.b, s_2.c
               Presorted Key: s_2.a, s_2.b
               Sort Method: quicksort  Memory: 27kB
               Sort Groups: 1
               ->  Index Scan using s_2_a_b_idx on s_2  (cost=0.28..53.15 rows=1000 width=20) (actual time=0.011..0.014 rows=33 loops=1)
 Planning time: 0.272 ms
 Execution time: 0.087 ms
(10 rows)

===== 283 [Wed Mar  7 01:56:12 CET 2018] scale:1000 groups:1000 work_mem:4MB incremental:on max_workers:2 =====
SELECT * FROM s_3 ORDER BY a, b, c, d LIMIT 10
                                                                QUERY PLAN                                                                 
-------------------------------------------------------------------------------------------------------------------------------------------
 Limit  (cost=0.78..0.78 rows=1 width=20) (actual time=0.061..0.061 rows=0 loops=1)
   ->  Limit  (cost=0.37..0.68 rows=10 width=20) (actual time=0.058..0.060 rows=10 loops=1)
         ->  Incremental Sort  (cost=0.37..31.07 rows=1000 width=20) (actual time=0.058..0.059 rows=10 loops=1)
               Sort Key: s_3.a, s_3.b, s_3.c, s_3.d
               Presorted Key: s_3.a, s_3.b, s_3.c
               Sort Method: quicksort  Memory: 27kB
               Sort Groups: 1
               ->  Index Scan using s_3_a_b_c_idx on s_3  (cost=0.28..57.15 rows=1000 width=20) (actual time=0.014..0.017 rows=33 loops=1)
 Planning time: 0.279 ms
 Execution time: 0.083 ms
(10 rows)

===== 284 [Wed Mar  7 01:56:12 CET 2018] scale:1000 groups:1000 work_mem:4MB incremental:on max_workers:2 =====
SELECT * FROM s_4 ORDER BY a, b, c, d, e LIMIT 10
                                                                 QUERY PLAN                                                                  
---------------------------------------------------------------------------------------------------------------------------------------------
 Limit  (cost=0.78..0.78 rows=1 width=20) (actual time=0.062..0.062 rows=0 loops=1)
   ->  Limit  (cost=0.37..0.68 rows=10 width=20) (actual time=0.060..0.061 rows=10 loops=1)
         ->  Incremental Sort  (cost=0.37..31.07 rows=1000 width=20) (actual time=0.060..0.060 rows=10 loops=1)
               Sort Key: s_4.a, s_4.b, s_4.c, s_4.d, s_4.e
               Presorted Key: s_4.a, s_4.b, s_4.c, s_4.d
               Sort Method: quicksort  Memory: 27kB
               Sort Groups: 1
               ->  Index Scan using s_4_a_b_c_d_idx on s_4  (cost=0.28..57.15 rows=1000 width=20) (actual time=0.012..0.015 rows=33 loops=1)
 Planning time: 0.271 ms
 Execution time: 0.085 ms
(10 rows)

===== 285 [Wed Mar  7 01:56:12 CET 2018] scale:1000 groups:1000 work_mem:4MB incremental:off max_workers:2 =====
SELECT * FROM s_1 ORDER BY a, b LIMIT 10
                                                      QUERY PLAN                                                       
-----------------------------------------------------------------------------------------------------------------------
 Limit  (cost=38.73..38.73 rows=1 width=20) (actual time=0.149..0.149 rows=0 loops=1)
   ->  Limit  (cost=38.61..38.63 rows=10 width=20) (actual time=0.147..0.148 rows=10 loops=1)
         ->  Sort  (cost=38.61..41.11 rows=1000 width=20) (actual time=0.146..0.147 rows=10 loops=1)
               Sort Key: s_1.a, s_1.b
               Sort Method: top-N heapsort  Memory: 25kB
               ->  Seq Scan on s_1  (cost=0.00..17.00 rows=1000 width=20) (actual time=0.004..0.055 rows=1000 loops=1)
 Planning time: 0.257 ms
 Execution time: 0.170 ms
(8 rows)

===== 286 [Wed Mar  7 01:56:12 CET 2018] scale:1000 groups:1000 work_mem:4MB incremental:off max_workers:2 =====
SELECT * FROM s_2 ORDER BY a, b, c LIMIT 10
                                                      QUERY PLAN                                                       
-----------------------------------------------------------------------------------------------------------------------
 Limit  (cost=38.73..38.73 rows=1 width=20) (actual time=0.156..0.156 rows=0 loops=1)
   ->  Limit  (cost=38.61..38.63 rows=10 width=20) (actual time=0.154..0.155 rows=10 loops=1)
         ->  Sort  (cost=38.61..41.11 rows=1000 width=20) (actual time=0.154..0.154 rows=10 loops=1)
               Sort Key: s_2.a, s_2.b, s_2.c
               Sort Method: top-N heapsort  Memory: 25kB
               ->  Seq Scan on s_2  (cost=0.00..17.00 rows=1000 width=20) (actual time=0.009..0.060 rows=1000 loops=1)
 Planning time: 0.253 ms
 Execution time: 0.180 ms
(8 rows)

===== 287 [Wed Mar  7 01:56:12 CET 2018] scale:1000 groups:1000 work_mem:4MB incremental:off max_workers:2 =====
SELECT * FROM s_3 ORDER BY a, b, c, d LIMIT 10
                                                      QUERY PLAN                                                       
-----------------------------------------------------------------------------------------------------------------------
 Limit  (cost=38.73..38.73 rows=1 width=20) (actual time=0.177..0.177 rows=0 loops=1)
   ->  Limit  (cost=38.61..38.63 rows=10 width=20) (actual time=0.175..0.176 rows=10 loops=1)
         ->  Sort  (cost=38.61..41.11 rows=1000 width=20) (actual time=0.175..0.175 rows=10 loops=1)
               Sort Key: s_3.a, s_3.b, s_3.c, s_3.d
               Sort Method: top-N heapsort  Memory: 25kB
               ->  Seq Scan on s_3  (cost=0.00..17.00 rows=1000 width=20) (actual time=0.004..0.055 rows=1000 loops=1)
 Planning time: 0.261 ms
 Execution time: 0.201 ms
(8 rows)

===== 288 [Wed Mar  7 01:56:12 CET 2018] scale:1000 groups:1000 work_mem:4MB incremental:off max_workers:2 =====
SELECT * FROM s_4 ORDER BY a, b, c, d, e LIMIT 10
                                                      QUERY PLAN                                                       
-----------------------------------------------------------------------------------------------------------------------
 Limit  (cost=38.73..38.73 rows=1 width=20) (actual time=0.160..0.160 rows=0 loops=1)
   ->  Limit  (cost=38.61..38.63 rows=10 width=20) (actual time=0.158..0.159 rows=10 loops=1)
         ->  Sort  (cost=38.61..41.11 rows=1000 width=20) (actual time=0.157..0.158 rows=10 loops=1)
               Sort Key: s_4.a, s_4.b, s_4.c, s_4.d, s_4.e
               Sort Method: top-N heapsort  Memory: 25kB
               ->  Seq Scan on s_4  (cost=0.00..17.00 rows=1000 width=20) (actual time=0.007..0.061 rows=1000 loops=1)
 Planning time: 0.265 ms
 Execution time: 0.184 ms
(8 rows)

===== 289 [Wed Mar  7 01:56:12 CET 2018] scale:1000 groups:1000 work_mem:8MB incremental:on max_workers:2 =====
SELECT * FROM s_1 ORDER BY a, b LIMIT 10
                                                              QUERY PLAN                                                               
---------------------------------------------------------------------------------------------------------------------------------------
 Limit  (cost=0.76..0.76 rows=1 width=20) (actual time=0.058..0.058 rows=0 loops=1)
   ->  Limit  (cost=0.35..0.66 rows=10 width=20) (actual time=0.056..0.057 rows=10 loops=1)
         ->  Incremental Sort  (cost=0.35..30.96 rows=1000 width=20) (actual time=0.056..0.056 rows=10 loops=1)
               Sort Key: s_1.a, s_1.b
               Presorted Key: s_1.a
               Sort Method: quicksort  Memory: 27kB
               Sort Groups: 1
               ->  Index Scan using s_1_a_idx on s_1  (cost=0.28..45.27 rows=1000 width=20) (actual time=0.006..0.010 rows=33 loops=1)
 Planning time: 0.261 ms
 Execution time: 0.084 ms
(10 rows)

===== 290 [Wed Mar  7 01:56:13 CET 2018] scale:1000 groups:1000 work_mem:8MB incremental:on max_workers:2 =====
SELECT * FROM s_2 ORDER BY a, b, c LIMIT 10
                                                               QUERY PLAN                                                                
-----------------------------------------------------------------------------------------------------------------------------------------
 Limit  (cost=0.77..0.77 rows=1 width=20) (actual time=0.056..0.056 rows=0 loops=1)
   ->  Limit  (cost=0.37..0.67 rows=10 width=20) (actual time=0.054..0.055 rows=10 loops=1)
         ->  Incremental Sort  (cost=0.37..31.03 rows=1000 width=20) (actual time=0.053..0.054 rows=10 loops=1)
               Sort Key: s_2.a, s_2.b, s_2.c
               Presorted Key: s_2.a, s_2.b
               Sort Method: quicksort  Memory: 27kB
               Sort Groups: 1
               ->  Index Scan using s_2_a_b_idx on s_2  (cost=0.28..53.15 rows=1000 width=20) (actual time=0.011..0.015 rows=33 loops=1)
 Planning time: 0.266 ms
 Execution time: 0.080 ms
(10 rows)

===== 291 [Wed Mar  7 01:56:13 CET 2018] scale:1000 groups:1000 work_mem:8MB incremental:on max_workers:2 =====
SELECT * FROM s_3 ORDER BY a, b, c, d LIMIT 10
                                                                QUERY PLAN                                                                 
-------------------------------------------------------------------------------------------------------------------------------------------
 Limit  (cost=0.78..0.78 rows=1 width=20) (actual time=0.060..0.060 rows=0 loops=1)
   ->  Limit  (cost=0.37..0.68 rows=10 width=20) (actual time=0.058..0.059 rows=10 loops=1)
         ->  Incremental Sort  (cost=0.37..31.07 rows=1000 width=20) (actual time=0.058..0.058 rows=10 loops=1)
               Sort Key: s_3.a, s_3.b, s_3.c, s_3.d
               Presorted Key: s_3.a, s_3.b, s_3.c
               Sort Method: quicksort  Memory: 27kB
               Sort Groups: 1
               ->  Index Scan using s_3_a_b_c_idx on s_3  (cost=0.28..57.15 rows=1000 width=20) (actual time=0.014..0.017 rows=33 loops=1)
 Planning time: 0.273 ms
 Execution time: 0.084 ms
(10 rows)

===== 292 [Wed Mar  7 01:56:13 CET 2018] scale:1000 groups:1000 work_mem:8MB incremental:on max_workers:2 =====
SELECT * FROM s_4 ORDER BY a, b, c, d, e LIMIT 10
                                                                 QUERY PLAN                                                                  
---------------------------------------------------------------------------------------------------------------------------------------------
 Limit  (cost=0.78..0.78 rows=1 width=20) (actual time=0.063..0.063 rows=0 loops=1)
   ->  Limit  (cost=0.37..0.68 rows=10 width=20) (actual time=0.060..0.062 rows=10 loops=1)
         ->  Incremental Sort  (cost=0.37..31.07 rows=1000 width=20) (actual time=0.060..0.061 rows=10 loops=1)
               Sort Key: s_4.a, s_4.b, s_4.c, s_4.d, s_4.e
               Presorted Key: s_4.a, s_4.b, s_4.c, s_4.d
               Sort Method: quicksort  Memory: 27kB
               Sort Groups: 1
               ->  Index Scan using s_4_a_b_c_d_idx on s_4  (cost=0.28..57.15 rows=1000 width=20) (actual time=0.011..0.015 rows=33 loops=1)
 Planning time: 0.276 ms
 Execution time: 0.086 ms
(10 rows)

===== 293 [Wed Mar  7 01:56:13 CET 2018] scale:1000 groups:1000 work_mem:8MB incremental:off max_workers:2 =====
SELECT * FROM s_1 ORDER BY a, b LIMIT 10
                                                      QUERY PLAN                                                       
-----------------------------------------------------------------------------------------------------------------------
 Limit  (cost=38.73..38.73 rows=1 width=20) (actual time=0.148..0.148 rows=0 loops=1)
   ->  Limit  (cost=38.61..38.63 rows=10 width=20) (actual time=0.146..0.147 rows=10 loops=1)
         ->  Sort  (cost=38.61..41.11 rows=1000 width=20) (actual time=0.145..0.146 rows=10 loops=1)
               Sort Key: s_1.a, s_1.b
               Sort Method: top-N heapsort  Memory: 25kB
               ->  Seq Scan on s_1  (cost=0.00..17.00 rows=1000 width=20) (actual time=0.004..0.054 rows=1000 loops=1)
 Planning time: 0.259 ms
 Execution time: 0.173 ms
(8 rows)

===== 294 [Wed Mar  7 01:56:13 CET 2018] scale:1000 groups:1000 work_mem:8MB incremental:off max_workers:2 =====
SELECT * FROM s_2 ORDER BY a, b, c LIMIT 10
                                                      QUERY PLAN                                                       
-----------------------------------------------------------------------------------------------------------------------
 Limit  (cost=38.73..38.73 rows=1 width=20) (actual time=0.159..0.159 rows=0 loops=1)
   ->  Limit  (cost=38.61..38.63 rows=10 width=20) (actual time=0.157..0.158 rows=10 loops=1)
         ->  Sort  (cost=38.61..41.11 rows=1000 width=20) (actual time=0.157..0.157 rows=10 loops=1)
               Sort Key: s_2.a, s_2.b, s_2.c
               Sort Method: top-N heapsort  Memory: 25kB
               ->  Seq Scan on s_2  (cost=0.00..17.00 rows=1000 width=20) (actual time=0.009..0.060 rows=1000 loops=1)
 Planning time: 0.258 ms
 Execution time: 0.181 ms
(8 rows)

===== 295 [Wed Mar  7 01:56:13 CET 2018] scale:1000 groups:1000 work_mem:8MB incremental:off max_workers:2 =====
SELECT * FROM s_3 ORDER BY a, b, c, d LIMIT 10
                                                      QUERY PLAN                                                       
-----------------------------------------------------------------------------------------------------------------------
 Limit  (cost=38.73..38.73 rows=1 width=20) (actual time=0.176..0.176 rows=0 loops=1)
   ->  Limit  (cost=38.61..38.63 rows=10 width=20) (actual time=0.174..0.175 rows=10 loops=1)
         ->  Sort  (cost=38.61..41.11 rows=1000 width=20) (actual time=0.174..0.174 rows=10 loops=1)
               Sort Key: s_3.a, s_3.b, s_3.c, s_3.d
               Sort Method: top-N heapsort  Memory: 25kB
               ->  Seq Scan on s_3  (cost=0.00..17.00 rows=1000 width=20) (actual time=0.004..0.055 rows=1000 loops=1)
 Planning time: 0.267 ms
 Execution time: 0.199 ms
(8 rows)

===== 296 [Wed Mar  7 01:56:13 CET 2018] scale:1000 groups:1000 work_mem:8MB incremental:off max_workers:2 =====
SELECT * FROM s_4 ORDER BY a, b, c, d, e LIMIT 10
                                                      QUERY PLAN                                                       
-----------------------------------------------------------------------------------------------------------------------
 Limit  (cost=38.73..38.73 rows=1 width=20) (actual time=0.159..0.159 rows=0 loops=1)
   ->  Limit  (cost=38.61..38.63 rows=10 width=20) (actual time=0.157..0.159 rows=10 loops=1)
         ->  Sort  (cost=38.61..41.11 rows=1000 width=20) (actual time=0.157..0.157 rows=10 loops=1)
               Sort Key: s_4.a, s_4.b, s_4.c, s_4.d, s_4.e
               Sort Method: top-N heapsort  Memory: 25kB
               ->  Seq Scan on s_4  (cost=0.00..17.00 rows=1000 width=20) (actual time=0.007..0.060 rows=1000 loops=1)
 Planning time: 0.255 ms
 Execution time: 0.181 ms
(8 rows)

===== 297 [Wed Mar  7 01:56:13 CET 2018] scale:1000 groups:1000 work_mem:16MB incremental:on max_workers:2 =====
SELECT * FROM s_1 ORDER BY a, b LIMIT 10
                                                              QUERY PLAN                                                               
---------------------------------------------------------------------------------------------------------------------------------------
 Limit  (cost=0.76..0.76 rows=1 width=20) (actual time=0.061..0.061 rows=0 loops=1)
   ->  Limit  (cost=0.35..0.66 rows=10 width=20) (actual time=0.059..0.060 rows=10 loops=1)
         ->  Incremental Sort  (cost=0.35..30.96 rows=1000 width=20) (actual time=0.058..0.059 rows=10 loops=1)
               Sort Key: s_1.a, s_1.b
               Presorted Key: s_1.a
               Sort Method: quicksort  Memory: 27kB
               Sort Groups: 1
               ->  Index Scan using s_1_a_idx on s_1  (cost=0.28..45.27 rows=1000 width=20) (actual time=0.006..0.010 rows=33 loops=1)
 Planning time: 0.273 ms
 Execution time: 0.087 ms
(10 rows)

===== 298 [Wed Mar  7 01:56:13 CET 2018] scale:1000 groups:1000 work_mem:16MB incremental:on max_workers:2 =====
SELECT * FROM s_2 ORDER BY a, b, c LIMIT 10
                                                               QUERY PLAN                                                                
-----------------------------------------------------------------------------------------------------------------------------------------
 Limit  (cost=0.77..0.77 rows=1 width=20) (actual time=0.056..0.056 rows=0 loops=1)
   ->  Limit  (cost=0.37..0.67 rows=10 width=20) (actual time=0.054..0.055 rows=10 loops=1)
         ->  Incremental Sort  (cost=0.37..31.03 rows=1000 width=20) (actual time=0.054..0.054 rows=10 loops=1)
               Sort Key: s_2.a, s_2.b, s_2.c
               Presorted Key: s_2.a, s_2.b
               Sort Method: quicksort  Memory: 27kB
               Sort Groups: 1
               ->  Index Scan using s_2_a_b_idx on s_2  (cost=0.28..53.15 rows=1000 width=20) (actual time=0.011..0.015 rows=33 loops=1)
 Planning time: 0.281 ms
 Execution time: 0.080 ms
(10 rows)

===== 299 [Wed Mar  7 01:56:13 CET 2018] scale:1000 groups:1000 work_mem:16MB incremental:on max_workers:2 =====
SELECT * FROM s_3 ORDER BY a, b, c, d LIMIT 10
                                                                QUERY PLAN                                                                 
-------------------------------------------------------------------------------------------------------------------------------------------
 Limit  (cost=0.78..0.78 rows=1 width=20) (actual time=0.070..0.070 rows=0 loops=1)
   ->  Limit  (cost=0.37..0.68 rows=10 width=20) (actual time=0.068..0.069 rows=10 loops=1)
         ->  Incremental Sort  (cost=0.37..31.07 rows=1000 width=20) (actual time=0.068..0.068 rows=10 loops=1)
               Sort Key: s_3.a, s_3.b, s_3.c, s_3.d
               Presorted Key: s_3.a, s_3.b, s_3.c
               Sort Method: quicksort  Memory: 27kB
               Sort Groups: 1
               ->  Index Scan using s_3_a_b_c_idx on s_3  (cost=0.28..57.15 rows=1000 width=20) (actual time=0.014..0.017 rows=33 loops=1)
 Planning time: 0.271 ms
 Execution time: 0.093 ms
(10 rows)

===== 300 [Wed Mar  7 01:56:13 CET 2018] scale:1000 groups:1000 work_mem:16MB incremental:on max_workers:2 =====
SELECT * FROM s_4 ORDER BY a, b, c, d, e LIMIT 10
                                                                 QUERY PLAN                                                                  
---------------------------------------------------------------------------------------------------------------------------------------------
 Limit  (cost=0.78..0.78 rows=1 width=20) (actual time=0.062..0.062 rows=0 loops=1)
   ->  Limit  (cost=0.37..0.68 rows=10 width=20) (actual time=0.060..0.061 rows=10 loops=1)
         ->  Incremental Sort  (cost=0.37..31.07 rows=1000 width=20) (actual time=0.059..0.060 rows=10 loops=1)
               Sort Key: s_4.a, s_4.b, s_4.c, s_4.d, s_4.e
               Presorted Key: s_4.a, s_4.b, s_4.c, s_4.d
               Sort Method: quicksort  Memory: 27kB
               Sort Groups: 1
               ->  Index Scan using s_4_a_b_c_d_idx on s_4  (cost=0.28..57.15 rows=1000 width=20) (actual time=0.012..0.015 rows=33 loops=1)
 Planning time: 0.282 ms
 Execution time: 0.085 ms
(10 rows)

===== 301 [Wed Mar  7 01:56:13 CET 2018] scale:1000 groups:1000 work_mem:16MB incremental:off max_workers:2 =====
SELECT * FROM s_1 ORDER BY a, b LIMIT 10
                                                      QUERY PLAN                                                       
-----------------------------------------------------------------------------------------------------------------------
 Limit  (cost=38.73..38.73 rows=1 width=20) (actual time=0.158..0.158 rows=0 loops=1)
   ->  Limit  (cost=38.61..38.63 rows=10 width=20) (actual time=0.156..0.157 rows=10 loops=1)
         ->  Sort  (cost=38.61..41.11 rows=1000 width=20) (actual time=0.156..0.156 rows=10 loops=1)
               Sort Key: s_1.a, s_1.b
               Sort Method: top-N heapsort  Memory: 25kB
               ->  Seq Scan on s_1  (cost=0.00..17.00 rows=1000 width=20) (actual time=0.010..0.061 rows=1000 loops=1)
 Planning time: 0.257 ms
 Execution time: 0.181 ms
(8 rows)

===== 302 [Wed Mar  7 01:56:13 CET 2018] scale:1000 groups:1000 work_mem:16MB incremental:off max_workers:2 =====
SELECT * FROM s_2 ORDER BY a, b, c LIMIT 10
                                                      QUERY PLAN                                                       
-----------------------------------------------------------------------------------------------------------------------
 Limit  (cost=38.73..38.73 rows=1 width=20) (actual time=0.154..0.154 rows=0 loops=1)
   ->  Limit  (cost=38.61..38.63 rows=10 width=20) (actual time=0.152..0.153 rows=10 loops=1)
         ->  Sort  (cost=38.61..41.11 rows=1000 width=20) (actual time=0.152..0.152 rows=10 loops=1)
               Sort Key: s_2.a, s_2.b, s_2.c
               Sort Method: top-N heapsort  Memory: 25kB
               ->  Seq Scan on s_2  (cost=0.00..17.00 rows=1000 width=20) (actual time=0.009..0.060 rows=1000 loops=1)
 Planning time: 0.260 ms
 Execution time: 0.177 ms
(8 rows)

===== 303 [Wed Mar  7 01:56:13 CET 2018] scale:1000 groups:1000 work_mem:16MB incremental:off max_workers:2 =====
SELECT * FROM s_3 ORDER BY a, b, c, d LIMIT 10
                                                      QUERY PLAN                                                       
-----------------------------------------------------------------------------------------------------------------------
 Limit  (cost=38.73..38.73 rows=1 width=20) (actual time=0.177..0.177 rows=0 loops=1)
   ->  Limit  (cost=38.61..38.63 rows=10 width=20) (actual time=0.175..0.176 rows=10 loops=1)
         ->  Sort  (cost=38.61..41.11 rows=1000 width=20) (actual time=0.175..0.175 rows=10 loops=1)
               Sort Key: s_3.a, s_3.b, s_3.c, s_3.d
               Sort Method: top-N heapsort  Memory: 25kB
               ->  Seq Scan on s_3  (cost=0.00..17.00 rows=1000 width=20) (actual time=0.004..0.055 rows=1000 loops=1)
 Planning time: 0.262 ms
 Execution time: 0.200 ms
(8 rows)

===== 304 [Wed Mar  7 01:56:13 CET 2018] scale:1000 groups:1000 work_mem:16MB incremental:off max_workers:2 =====
SELECT * FROM s_4 ORDER BY a, b, c, d, e LIMIT 10
                                                      QUERY PLAN                                                       
-----------------------------------------------------------------------------------------------------------------------
 Limit  (cost=38.73..38.73 rows=1 width=20) (actual time=0.160..0.160 rows=0 loops=1)
   ->  Limit  (cost=38.61..38.63 rows=10 width=20) (actual time=0.158..0.159 rows=10 loops=1)
         ->  Sort  (cost=38.61..41.11 rows=1000 width=20) (actual time=0.158..0.158 rows=10 loops=1)
               Sort Key: s_4.a, s_4.b, s_4.c, s_4.d, s_4.e
               Sort Method: top-N heapsort  Memory: 25kB
               ->  Seq Scan on s_4  (cost=0.00..17.00 rows=1000 width=20) (actual time=0.007..0.061 rows=1000 loops=1)
 Planning time: 0.261 ms
 Execution time: 0.183 ms
(8 rows)

===== 305 [Wed Mar  7 01:56:14 CET 2018] scale:1000 groups:1000 work_mem:32MB incremental:on max_workers:2 =====
SELECT * FROM s_1 ORDER BY a, b LIMIT 10
                                                              QUERY PLAN                                                               
---------------------------------------------------------------------------------------------------------------------------------------
 Limit  (cost=0.76..0.76 rows=1 width=20) (actual time=0.058..0.058 rows=0 loops=1)
   ->  Limit  (cost=0.35..0.66 rows=10 width=20) (actual time=0.056..0.057 rows=10 loops=1)
         ->  Incremental Sort  (cost=0.35..30.96 rows=1000 width=20) (actual time=0.056..0.056 rows=10 loops=1)
               Sort Key: s_1.a, s_1.b
               Presorted Key: s_1.a
               Sort Method: quicksort  Memory: 27kB
               Sort Groups: 1
               ->  Index Scan using s_1_a_idx on s_1  (cost=0.28..45.27 rows=1000 width=20) (actual time=0.006..0.010 rows=33 loops=1)
 Planning time: 0.267 ms
 Execution time: 0.084 ms
(10 rows)

===== 306 [Wed Mar  7 01:56:14 CET 2018] scale:1000 groups:1000 work_mem:32MB incremental:on max_workers:2 =====
SELECT * FROM s_2 ORDER BY a, b, c LIMIT 10
                                                               QUERY PLAN                                                                
-----------------------------------------------------------------------------------------------------------------------------------------
 Limit  (cost=0.77..0.77 rows=1 width=20) (actual time=0.056..0.056 rows=0 loops=1)
   ->  Limit  (cost=0.37..0.67 rows=10 width=20) (actual time=0.054..0.055 rows=10 loops=1)
         ->  Incremental Sort  (cost=0.37..31.03 rows=1000 width=20) (actual time=0.054..0.054 rows=10 loops=1)
               Sort Key: s_2.a, s_2.b, s_2.c
               Presorted Key: s_2.a, s_2.b
               Sort Method: quicksort  Memory: 27kB
               Sort Groups: 1
               ->  Index Scan using s_2_a_b_idx on s_2  (cost=0.28..53.15 rows=1000 width=20) (actual time=0.011..0.014 rows=33 loops=1)
 Planning time: 0.275 ms
 Execution time: 0.079 ms
(10 rows)

===== 307 [Wed Mar  7 01:56:14 CET 2018] scale:1000 groups:1000 work_mem:32MB incremental:on max_workers:2 =====
SELECT * FROM s_3 ORDER BY a, b, c, d LIMIT 10
                                                                QUERY PLAN                                                                 
-------------------------------------------------------------------------------------------------------------------------------------------
 Limit  (cost=0.78..0.78 rows=1 width=20) (actual time=0.060..0.060 rows=0 loops=1)
   ->  Limit  (cost=0.37..0.68 rows=10 width=20) (actual time=0.058..0.059 rows=10 loops=1)
         ->  Incremental Sort  (cost=0.37..31.07 rows=1000 width=20) (actual time=0.057..0.058 rows=10 loops=1)
               Sort Key: s_3.a, s_3.b, s_3.c, s_3.d
               Presorted Key: s_3.a, s_3.b, s_3.c
               Sort Method: quicksort  Memory: 27kB
               Sort Groups: 1
               ->  Index Scan using s_3_a_b_c_idx on s_3  (cost=0.28..57.15 rows=1000 width=20) (actual time=0.014..0.017 rows=33 loops=1)
 Planning time: 0.269 ms
 Execution time: 0.084 ms
(10 rows)

===== 308 [Wed Mar  7 01:56:14 CET 2018] scale:1000 groups:1000 work_mem:32MB incremental:on max_workers:2 =====
SELECT * FROM s_4 ORDER BY a, b, c, d, e LIMIT 10
                                                                 QUERY PLAN                                                                  
---------------------------------------------------------------------------------------------------------------------------------------------
 Limit  (cost=0.78..0.78 rows=1 width=20) (actual time=0.062..0.062 rows=0 loops=1)
   ->  Limit  (cost=0.37..0.68 rows=10 width=20) (actual time=0.060..0.061 rows=10 loops=1)
         ->  Incremental Sort  (cost=0.37..31.07 rows=1000 width=20) (actual time=0.059..0.060 rows=10 loops=1)
               Sort Key: s_4.a, s_4.b, s_4.c, s_4.d, s_4.e
               Presorted Key: s_4.a, s_4.b, s_4.c, s_4.d
               Sort Method: quicksort  Memory: 27kB
               Sort Groups: 1
               ->  Index Scan using s_4_a_b_c_d_idx on s_4  (cost=0.28..57.15 rows=1000 width=20) (actual time=0.011..0.015 rows=33 loops=1)
 Planning time: 0.270 ms
 Execution time: 0.085 ms
(10 rows)

===== 309 [Wed Mar  7 01:56:14 CET 2018] scale:1000 groups:1000 work_mem:32MB incremental:off max_workers:2 =====
SELECT * FROM s_1 ORDER BY a, b LIMIT 10
                                                      QUERY PLAN                                                       
-----------------------------------------------------------------------------------------------------------------------
 Limit  (cost=38.73..38.73 rows=1 width=20) (actual time=0.150..0.150 rows=0 loops=1)
   ->  Limit  (cost=38.61..38.63 rows=10 width=20) (actual time=0.148..0.149 rows=10 loops=1)
         ->  Sort  (cost=38.61..41.11 rows=1000 width=20) (actual time=0.148..0.148 rows=10 loops=1)
               Sort Key: s_1.a, s_1.b
               Sort Method: top-N heapsort  Memory: 25kB
               ->  Seq Scan on s_1  (cost=0.00..17.00 rows=1000 width=20) (actual time=0.004..0.055 rows=1000 loops=1)
 Planning time: 0.257 ms
 Execution time: 0.173 ms
(8 rows)

===== 310 [Wed Mar  7 01:56:14 CET 2018] scale:1000 groups:1000 work_mem:32MB incremental:off max_workers:2 =====
SELECT * FROM s_2 ORDER BY a, b, c LIMIT 10
                                                      QUERY PLAN                                                       
-----------------------------------------------------------------------------------------------------------------------
 Limit  (cost=38.73..38.73 rows=1 width=20) (actual time=0.154..0.154 rows=0 loops=1)
   ->  Limit  (cost=38.61..38.63 rows=10 width=20) (actual time=0.152..0.153 rows=10 loops=1)
         ->  Sort  (cost=38.61..41.11 rows=1000 width=20) (actual time=0.152..0.152 rows=10 loops=1)
               Sort Key: s_2.a, s_2.b, s_2.c
               Sort Method: top-N heapsort  Memory: 25kB
               ->  Seq Scan on s_2  (cost=0.00..17.00 rows=1000 width=20) (actual time=0.009..0.060 rows=1000 loops=1)
 Planning time: 0.260 ms
 Execution time: 0.178 ms
(8 rows)

===== 311 [Wed Mar  7 01:56:14 CET 2018] scale:1000 groups:1000 work_mem:32MB incremental:off max_workers:2 =====
SELECT * FROM s_3 ORDER BY a, b, c, d LIMIT 10
                                                      QUERY PLAN                                                       
-----------------------------------------------------------------------------------------------------------------------
 Limit  (cost=38.73..38.73 rows=1 width=20) (actual time=0.176..0.176 rows=0 loops=1)
   ->  Limit  (cost=38.61..38.63 rows=10 width=20) (actual time=0.174..0.175 rows=10 loops=1)
         ->  Sort  (cost=38.61..41.11 rows=1000 width=20) (actual time=0.174..0.174 rows=10 loops=1)
               Sort Key: s_3.a, s_3.b, s_3.c, s_3.d
               Sort Method: top-N heapsort  Memory: 25kB
               ->  Seq Scan on s_3  (cost=0.00..17.00 rows=1000 width=20) (actual time=0.004..0.054 rows=1000 loops=1)
 Planning time: 0.275 ms
 Execution time: 0.199 ms
(8 rows)

===== 312 [Wed Mar  7 01:56:14 CET 2018] scale:1000 groups:1000 work_mem:32MB incremental:off max_workers:2 =====
SELECT * FROM s_4 ORDER BY a, b, c, d, e LIMIT 10
                                                      QUERY PLAN                                                       
-----------------------------------------------------------------------------------------------------------------------
 Limit  (cost=38.73..38.73 rows=1 width=20) (actual time=0.159..0.159 rows=0 loops=1)
   ->  Limit  (cost=38.61..38.63 rows=10 width=20) (actual time=0.157..0.158 rows=10 loops=1)
         ->  Sort  (cost=38.61..41.11 rows=1000 width=20) (actual time=0.157..0.157 rows=10 loops=1)
               Sort Key: s_4.a, s_4.b, s_4.c, s_4.d, s_4.e
               Sort Method: top-N heapsort  Memory: 25kB
               ->  Seq Scan on s_4  (cost=0.00..17.00 rows=1000 width=20) (actual time=0.007..0.061 rows=1000 loops=1)
 Planning time: 0.258 ms
 Execution time: 0.182 ms
(8 rows)

===== 313 [Wed Mar  7 01:56:14 CET 2018] scale:1000 groups:1000 work_mem:64MB incremental:on max_workers:2 =====
SELECT * FROM s_1 ORDER BY a, b LIMIT 10
                                                              QUERY PLAN                                                               
---------------------------------------------------------------------------------------------------------------------------------------
 Limit  (cost=0.76..0.76 rows=1 width=20) (actual time=0.062..0.062 rows=0 loops=1)
   ->  Limit  (cost=0.35..0.66 rows=10 width=20) (actual time=0.060..0.061 rows=10 loops=1)
         ->  Incremental Sort  (cost=0.35..30.96 rows=1000 width=20) (actual time=0.059..0.060 rows=10 loops=1)
               Sort Key: s_1.a, s_1.b
               Presorted Key: s_1.a
               Sort Method: quicksort  Memory: 27kB
               Sort Groups: 1
               ->  Index Scan using s_1_a_idx on s_1  (cost=0.28..45.27 rows=1000 width=20) (actual time=0.006..0.010 rows=33 loops=1)
 Planning time: 0.263 ms
 Execution time: 0.087 ms
(10 rows)

===== 314 [Wed Mar  7 01:56:14 CET 2018] scale:1000 groups:1000 work_mem:64MB incremental:on max_workers:2 =====
SELECT * FROM s_2 ORDER BY a, b, c LIMIT 10
                                                               QUERY PLAN                                                                
-----------------------------------------------------------------------------------------------------------------------------------------
 Limit  (cost=0.77..0.77 rows=1 width=20) (actual time=0.057..0.057 rows=0 loops=1)
   ->  Limit  (cost=0.37..0.67 rows=10 width=20) (actual time=0.055..0.056 rows=10 loops=1)
         ->  Incremental Sort  (cost=0.37..31.03 rows=1000 width=20) (actual time=0.055..0.055 rows=10 loops=1)
               Sort Key: s_2.a, s_2.b, s_2.c
               Presorted Key: s_2.a, s_2.b
               Sort Method: quicksort  Memory: 27kB
               Sort Groups: 1
               ->  Index Scan using s_2_a_b_idx on s_2  (cost=0.28..53.15 rows=1000 width=20) (actual time=0.011..0.015 rows=33 loops=1)
 Planning time: 0.273 ms
 Execution time: 0.080 ms
(10 rows)

===== 315 [Wed Mar  7 01:56:14 CET 2018] scale:1000 groups:1000 work_mem:64MB incremental:on max_workers:2 =====
SELECT * FROM s_3 ORDER BY a, b, c, d LIMIT 10
                                                                QUERY PLAN                                                                 
-------------------------------------------------------------------------------------------------------------------------------------------
 Limit  (cost=0.78..0.78 rows=1 width=20) (actual time=0.064..0.064 rows=0 loops=1)
   ->  Limit  (cost=0.37..0.68 rows=10 width=20) (actual time=0.062..0.063 rows=10 loops=1)
         ->  Incremental Sort  (cost=0.37..31.07 rows=1000 width=20) (actual time=0.061..0.062 rows=10 loops=1)
               Sort Key: s_3.a, s_3.b, s_3.c, s_3.d
               Presorted Key: s_3.a, s_3.b, s_3.c
               Sort Method: quicksort  Memory: 27kB
               Sort Groups: 1
               ->  Index Scan using s_3_a_b_c_idx on s_3  (cost=0.28..57.15 rows=1000 width=20) (actual time=0.018..0.021 rows=33 loops=1)
 Planning time: 0.278 ms
 Execution time: 0.087 ms
(10 rows)

===== 316 [Wed Mar  7 01:56:14 CET 2018] scale:1000 groups:1000 work_mem:64MB incremental:on max_workers:2 =====
SELECT * FROM s_4 ORDER BY a, b, c, d, e LIMIT 10
                                                                 QUERY PLAN                                                                  
---------------------------------------------------------------------------------------------------------------------------------------------
 Limit  (cost=0.78..0.78 rows=1 width=20) (actual time=0.061..0.061 rows=0 loops=1)
   ->  Limit  (cost=0.37..0.68 rows=10 width=20) (actual time=0.059..0.060 rows=10 loops=1)
         ->  Incremental Sort  (cost=0.37..31.07 rows=1000 width=20) (actual time=0.059..0.059 rows=10 loops=1)
               Sort Key: s_4.a, s_4.b, s_4.c, s_4.d, s_4.e
               Presorted Key: s_4.a, s_4.b, s_4.c, s_4.d
               Sort Method: quicksort  Memory: 27kB
               Sort Groups: 1
               ->  Index Scan using s_4_a_b_c_d_idx on s_4  (cost=0.28..57.15 rows=1000 width=20) (actual time=0.012..0.015 rows=33 loops=1)
 Planning time: 0.272 ms
 Execution time: 0.084 ms
(10 rows)

===== 317 [Wed Mar  7 01:56:14 CET 2018] scale:1000 groups:1000 work_mem:64MB incremental:off max_workers:2 =====
SELECT * FROM s_1 ORDER BY a, b LIMIT 10
                                                      QUERY PLAN                                                       
-----------------------------------------------------------------------------------------------------------------------
 Limit  (cost=38.73..38.73 rows=1 width=20) (actual time=0.155..0.155 rows=0 loops=1)
   ->  Limit  (cost=38.61..38.63 rows=10 width=20) (actual time=0.153..0.154 rows=10 loops=1)
         ->  Sort  (cost=38.61..41.11 rows=1000 width=20) (actual time=0.153..0.153 rows=10 loops=1)
               Sort Key: s_1.a, s_1.b
               Sort Method: top-N heapsort  Memory: 25kB
               ->  Seq Scan on s_1  (cost=0.00..17.00 rows=1000 width=20) (actual time=0.004..0.056 rows=1000 loops=1)
 Planning time: 0.258 ms
 Execution time: 0.178 ms
(8 rows)

===== 318 [Wed Mar  7 01:56:14 CET 2018] scale:1000 groups:1000 work_mem:64MB incremental:off max_workers:2 =====
SELECT * FROM s_2 ORDER BY a, b, c LIMIT 10
                                                      QUERY PLAN                                                       
-----------------------------------------------------------------------------------------------------------------------
 Limit  (cost=38.73..38.73 rows=1 width=20) (actual time=0.167..0.167 rows=0 loops=1)
   ->  Limit  (cost=38.61..38.63 rows=10 width=20) (actual time=0.164..0.166 rows=10 loops=1)
         ->  Sort  (cost=38.61..41.11 rows=1000 width=20) (actual time=0.164..0.165 rows=10 loops=1)
               Sort Key: s_2.a, s_2.b, s_2.c
               Sort Method: top-N heapsort  Memory: 25kB
               ->  Seq Scan on s_2  (cost=0.00..17.00 rows=1000 width=20) (actual time=0.009..0.061 rows=1000 loops=1)
 Planning time: 0.258 ms
 Execution time: 0.189 ms
(8 rows)

===== 319 [Wed Mar  7 01:56:15 CET 2018] scale:1000 groups:1000 work_mem:64MB incremental:off max_workers:2 =====
SELECT * FROM s_3 ORDER BY a, b, c, d LIMIT 10
                                                      QUERY PLAN                                                       
-----------------------------------------------------------------------------------------------------------------------
 Limit  (cost=38.73..38.73 rows=1 width=20) (actual time=0.175..0.175 rows=0 loops=1)
   ->  Limit  (cost=38.61..38.63 rows=10 width=20) (actual time=0.173..0.174 rows=10 loops=1)
         ->  Sort  (cost=38.61..41.11 rows=1000 width=20) (actual time=0.173..0.173 rows=10 loops=1)
               Sort Key: s_3.a, s_3.b, s_3.c, s_3.d
               Sort Method: top-N heapsort  Memory: 25kB
               ->  Seq Scan on s_3  (cost=0.00..17.00 rows=1000 width=20) (actual time=0.004..0.054 rows=1000 loops=1)
 Planning time: 0.260 ms
 Execution time: 0.198 ms
(8 rows)

===== 320 [Wed Mar  7 01:56:15 CET 2018] scale:1000 groups:1000 work_mem:64MB incremental:off max_workers:2 =====
SELECT * FROM s_4 ORDER BY a, b, c, d, e LIMIT 10
                                                      QUERY PLAN                                                       
-----------------------------------------------------------------------------------------------------------------------
 Limit  (cost=38.73..38.73 rows=1 width=20) (actual time=0.160..0.160 rows=0 loops=1)
   ->  Limit  (cost=38.61..38.63 rows=10 width=20) (actual time=0.157..0.159 rows=10 loops=1)
         ->  Sort  (cost=38.61..41.11 rows=1000 width=20) (actual time=0.157..0.158 rows=10 loops=1)
               Sort Key: s_4.a, s_4.b, s_4.c, s_4.d, s_4.e
               Sort Method: top-N heapsort  Memory: 25kB
               ->  Seq Scan on s_4  (cost=0.00..17.00 rows=1000 width=20) (actual time=0.007..0.061 rows=1000 loops=1)
 Planning time: 0.264 ms
 Execution time: 0.182 ms
(8 rows)

===== 321 [Wed Mar  7 01:56:15 CET 2018] scale:1000 groups:1000 work_mem:128MB incremental:on max_workers:2 =====
SELECT * FROM s_1 ORDER BY a, b LIMIT 10
                                                              QUERY PLAN                                                               
---------------------------------------------------------------------------------------------------------------------------------------
 Limit  (cost=0.76..0.76 rows=1 width=20) (actual time=0.060..0.060 rows=0 loops=1)
   ->  Limit  (cost=0.35..0.66 rows=10 width=20) (actual time=0.058..0.059 rows=10 loops=1)
         ->  Incremental Sort  (cost=0.35..30.96 rows=1000 width=20) (actual time=0.058..0.058 rows=10 loops=1)
               Sort Key: s_1.a, s_1.b
               Presorted Key: s_1.a
               Sort Method: quicksort  Memory: 27kB
               Sort Groups: 1
               ->  Index Scan using s_1_a_idx on s_1  (cost=0.28..45.27 rows=1000 width=20) (actual time=0.006..0.010 rows=33 loops=1)
 Planning time: 0.270 ms
 Execution time: 0.086 ms
(10 rows)

===== 322 [Wed Mar  7 01:56:15 CET 2018] scale:1000 groups:1000 work_mem:128MB incremental:on max_workers:2 =====
SELECT * FROM s_2 ORDER BY a, b, c LIMIT 10
                                                               QUERY PLAN                                                                
-----------------------------------------------------------------------------------------------------------------------------------------
 Limit  (cost=0.77..0.77 rows=1 width=20) (actual time=0.059..0.059 rows=0 loops=1)
   ->  Limit  (cost=0.37..0.67 rows=10 width=20) (actual time=0.057..0.058 rows=10 loops=1)
         ->  Incremental Sort  (cost=0.37..31.03 rows=1000 width=20) (actual time=0.056..0.057 rows=10 loops=1)
               Sort Key: s_2.a, s_2.b, s_2.c
               Presorted Key: s_2.a, s_2.b
               Sort Method: quicksort  Memory: 27kB
               Sort Groups: 1
               ->  Index Scan using s_2_a_b_idx on s_2  (cost=0.28..53.15 rows=1000 width=20) (actual time=0.011..0.014 rows=33 loops=1)
 Planning time: 0.275 ms
 Execution time: 0.082 ms
(10 rows)

===== 323 [Wed Mar  7 01:56:15 CET 2018] scale:1000 groups:1000 work_mem:128MB incremental:on max_workers:2 =====
SELECT * FROM s_3 ORDER BY a, b, c, d LIMIT 10
                                                                QUERY PLAN                                                                 
-------------------------------------------------------------------------------------------------------------------------------------------
 Limit  (cost=0.78..0.78 rows=1 width=20) (actual time=0.061..0.061 rows=0 loops=1)
   ->  Limit  (cost=0.37..0.68 rows=10 width=20) (actual time=0.058..0.060 rows=10 loops=1)
         ->  Incremental Sort  (cost=0.37..31.07 rows=1000 width=20) (actual time=0.058..0.059 rows=10 loops=1)
               Sort Key: s_3.a, s_3.b, s_3.c, s_3.d
               Presorted Key: s_3.a, s_3.b, s_3.c
               Sort Method: quicksort  Memory: 27kB
               Sort Groups: 1
               ->  Index Scan using s_3_a_b_c_idx on s_3  (cost=0.28..57.15 rows=1000 width=20) (actual time=0.014..0.018 rows=33 loops=1)
 Planning time: 0.276 ms
 Execution time: 0.084 ms
(10 rows)

===== 324 [Wed Mar  7 01:56:15 CET 2018] scale:1000 groups:1000 work_mem:128MB incremental:on max_workers:2 =====
SELECT * FROM s_4 ORDER BY a, b, c, d, e LIMIT 10
                                                                 QUERY PLAN                                                                  
---------------------------------------------------------------------------------------------------------------------------------------------
 Limit  (cost=0.78..0.78 rows=1 width=20) (actual time=0.062..0.062 rows=0 loops=1)
   ->  Limit  (cost=0.37..0.68 rows=10 width=20) (actual time=0.059..0.060 rows=10 loops=1)
         ->  Incremental Sort  (cost=0.37..31.07 rows=1000 width=20) (actual time=0.059..0.059 rows=10 loops=1)
               Sort Key: s_4.a, s_4.b, s_4.c, s_4.d, s_4.e
               Presorted Key: s_4.a, s_4.b, s_4.c, s_4.d
               Sort Method: quicksort  Memory: 27kB
               Sort Groups: 1
               ->  Index Scan using s_4_a_b_c_d_idx on s_4  (cost=0.28..57.15 rows=1000 width=20) (actual time=0.012..0.015 rows=33 loops=1)
 Planning time: 0.266 ms
 Execution time: 0.084 ms
(10 rows)

===== 325 [Wed Mar  7 01:56:15 CET 2018] scale:1000 groups:1000 work_mem:128MB incremental:off max_workers:2 =====
SELECT * FROM s_1 ORDER BY a, b LIMIT 10
                                                      QUERY PLAN                                                       
-----------------------------------------------------------------------------------------------------------------------
 Limit  (cost=38.73..38.73 rows=1 width=20) (actual time=0.149..0.149 rows=0 loops=1)
   ->  Limit  (cost=38.61..38.63 rows=10 width=20) (actual time=0.147..0.148 rows=10 loops=1)
         ->  Sort  (cost=38.61..41.11 rows=1000 width=20) (actual time=0.147..0.147 rows=10 loops=1)
               Sort Key: s_1.a, s_1.b
               Sort Method: top-N heapsort  Memory: 25kB
               ->  Seq Scan on s_1  (cost=0.00..17.00 rows=1000 width=20) (actual time=0.004..0.055 rows=1000 loops=1)
 Planning time: 0.252 ms
 Execution time: 0.171 ms
(8 rows)

===== 326 [Wed Mar  7 01:56:15 CET 2018] scale:1000 groups:1000 work_mem:128MB incremental:off max_workers:2 =====
SELECT * FROM s_2 ORDER BY a, b, c LIMIT 10
                                                      QUERY PLAN                                                       
-----------------------------------------------------------------------------------------------------------------------
 Limit  (cost=38.73..38.73 rows=1 width=20) (actual time=0.154..0.154 rows=0 loops=1)
   ->  Limit  (cost=38.61..38.63 rows=10 width=20) (actual time=0.152..0.153 rows=10 loops=1)
         ->  Sort  (cost=38.61..41.11 rows=1000 width=20) (actual time=0.152..0.152 rows=10 loops=1)
               Sort Key: s_2.a, s_2.b, s_2.c
               Sort Method: top-N heapsort  Memory: 25kB
               ->  Seq Scan on s_2  (cost=0.00..17.00 rows=1000 width=20) (actual time=0.009..0.059 rows=1000 loops=1)
 Planning time: 0.259 ms
 Execution time: 0.177 ms
(8 rows)

===== 327 [Wed Mar  7 01:56:15 CET 2018] scale:1000 groups:1000 work_mem:128MB incremental:off max_workers:2 =====
SELECT * FROM s_3 ORDER BY a, b, c, d LIMIT 10
                                                      QUERY PLAN                                                       
-----------------------------------------------------------------------------------------------------------------------
 Limit  (cost=38.73..38.73 rows=1 width=20) (actual time=0.176..0.176 rows=0 loops=1)
   ->  Limit  (cost=38.61..38.63 rows=10 width=20) (actual time=0.174..0.175 rows=10 loops=1)
         ->  Sort  (cost=38.61..41.11 rows=1000 width=20) (actual time=0.174..0.174 rows=10 loops=1)
               Sort Key: s_3.a, s_3.b, s_3.c, s_3.d
               Sort Method: top-N heapsort  Memory: 25kB
               ->  Seq Scan on s_3  (cost=0.00..17.00 rows=1000 width=20) (actual time=0.004..0.055 rows=1000 loops=1)
 Planning time: 0.261 ms
 Execution time: 0.199 ms
(8 rows)

===== 328 [Wed Mar  7 01:56:15 CET 2018] scale:1000 groups:1000 work_mem:128MB incremental:off max_workers:2 =====
SELECT * FROM s_4 ORDER BY a, b, c, d, e LIMIT 10
                                                      QUERY PLAN                                                       
-----------------------------------------------------------------------------------------------------------------------
 Limit  (cost=38.73..38.73 rows=1 width=20) (actual time=0.159..0.159 rows=0 loops=1)
   ->  Limit  (cost=38.61..38.63 rows=10 width=20) (actual time=0.157..0.158 rows=10 loops=1)
         ->  Sort  (cost=38.61..41.11 rows=1000 width=20) (actual time=0.157..0.157 rows=10 loops=1)
               Sort Key: s_4.a, s_4.b, s_4.c, s_4.d, s_4.e
               Sort Method: top-N heapsort  Memory: 25kB
               ->  Seq Scan on s_4  (cost=0.00..17.00 rows=1000 width=20) (actual time=0.007..0.060 rows=1000 loops=1)
 Planning time: 0.261 ms
 Execution time: 0.181 ms
(8 rows)

===== 329 [Wed Mar  7 01:56:15 CET 2018] scale:1000 groups:1000 work_mem:256MB incremental:on max_workers:2 =====
SELECT * FROM s_1 ORDER BY a, b LIMIT 10
                                                              QUERY PLAN                                                               
---------------------------------------------------------------------------------------------------------------------------------------
 Limit  (cost=0.76..0.76 rows=1 width=20) (actual time=0.060..0.060 rows=0 loops=1)
   ->  Limit  (cost=0.35..0.66 rows=10 width=20) (actual time=0.057..0.058 rows=10 loops=1)
         ->  Incremental Sort  (cost=0.35..30.96 rows=1000 width=20) (actual time=0.057..0.057 rows=10 loops=1)
               Sort Key: s_1.a, s_1.b
               Presorted Key: s_1.a
               Sort Method: quicksort  Memory: 27kB
               Sort Groups: 1
               ->  Index Scan using s_1_a_idx on s_1  (cost=0.28..45.27 rows=1000 width=20) (actual time=0.006..0.010 rows=33 loops=1)
 Planning time: 0.258 ms
 Execution time: 0.085 ms
(10 rows)

===== 330 [Wed Mar  7 01:56:15 CET 2018] scale:1000 groups:1000 work_mem:256MB incremental:on max_workers:2 =====
SELECT * FROM s_2 ORDER BY a, b, c LIMIT 10
                                                               QUERY PLAN                                                                
-----------------------------------------------------------------------------------------------------------------------------------------
 Limit  (cost=0.77..0.77 rows=1 width=20) (actual time=0.059..0.059 rows=0 loops=1)
   ->  Limit  (cost=0.37..0.67 rows=10 width=20) (actual time=0.057..0.058 rows=10 loops=1)
         ->  Incremental Sort  (cost=0.37..31.03 rows=1000 width=20) (actual time=0.056..0.057 rows=10 loops=1)
               Sort Key: s_2.a, s_2.b, s_2.c
               Presorted Key: s_2.a, s_2.b
               Sort Method: quicksort  Memory: 27kB
               Sort Groups: 1
               ->  Index Scan using s_2_a_b_idx on s_2  (cost=0.28..53.15 rows=1000 width=20) (actual time=0.011..0.015 rows=33 loops=1)
 Planning time: 0.275 ms
 Execution time: 0.083 ms
(10 rows)

===== 331 [Wed Mar  7 01:56:15 CET 2018] scale:1000 groups:1000 work_mem:256MB incremental:on max_workers:2 =====
SELECT * FROM s_3 ORDER BY a, b, c, d LIMIT 10
                                                                QUERY PLAN                                                                 
-------------------------------------------------------------------------------------------------------------------------------------------
 Limit  (cost=0.78..0.78 rows=1 width=20) (actual time=0.060..0.060 rows=0 loops=1)
   ->  Limit  (cost=0.37..0.68 rows=10 width=20) (actual time=0.058..0.059 rows=10 loops=1)
         ->  Incremental Sort  (cost=0.37..31.07 rows=1000 width=20) (actual time=0.058..0.058 rows=10 loops=1)
               Sort Key: s_3.a, s_3.b, s_3.c, s_3.d
               Presorted Key: s_3.a, s_3.b, s_3.c
               Sort Method: quicksort  Memory: 27kB
               Sort Groups: 1
               ->  Index Scan using s_3_a_b_c_idx on s_3  (cost=0.28..57.15 rows=1000 width=20) (actual time=0.014..0.017 rows=33 loops=1)
 Planning time: 0.274 ms
 Execution time: 0.083 ms
(10 rows)

===== 332 [Wed Mar  7 01:56:15 CET 2018] scale:1000 groups:1000 work_mem:256MB incremental:on max_workers:2 =====
SELECT * FROM s_4 ORDER BY a, b, c, d, e LIMIT 10
                                                                 QUERY PLAN                                                                  
---------------------------------------------------------------------------------------------------------------------------------------------
 Limit  (cost=0.78..0.78 rows=1 width=20) (actual time=0.062..0.062 rows=0 loops=1)
   ->  Limit  (cost=0.37..0.68 rows=10 width=20) (actual time=0.059..0.061 rows=10 loops=1)
         ->  Incremental Sort  (cost=0.37..31.07 rows=1000 width=20) (actual time=0.059..0.060 rows=10 loops=1)
               Sort Key: s_4.a, s_4.b, s_4.c, s_4.d, s_4.e
               Presorted Key: s_4.a, s_4.b, s_4.c, s_4.d
               Sort Method: quicksort  Memory: 27kB
               Sort Groups: 1
               ->  Index Scan using s_4_a_b_c_d_idx on s_4  (cost=0.28..57.15 rows=1000 width=20) (actual time=0.011..0.015 rows=33 loops=1)
 Planning time: 0.269 ms
 Execution time: 0.084 ms
(10 rows)

===== 333 [Wed Mar  7 01:56:16 CET 2018] scale:1000 groups:1000 work_mem:256MB incremental:off max_workers:2 =====
SELECT * FROM s_1 ORDER BY a, b LIMIT 10
                                                      QUERY PLAN                                                       
-----------------------------------------------------------------------------------------------------------------------
 Limit  (cost=38.73..38.73 rows=1 width=20) (actual time=0.152..0.152 rows=0 loops=1)
   ->  Limit  (cost=38.61..38.63 rows=10 width=20) (actual time=0.150..0.151 rows=10 loops=1)
         ->  Sort  (cost=38.61..41.11 rows=1000 width=20) (actual time=0.149..0.150 rows=10 loops=1)
               Sort Key: s_1.a, s_1.b
               Sort Method: top-N heapsort  Memory: 25kB
               ->  Seq Scan on s_1  (cost=0.00..17.00 rows=1000 width=20) (actual time=0.004..0.055 rows=1000 loops=1)
 Planning time: 0.266 ms
 Execution time: 0.174 ms
(8 rows)

===== 334 [Wed Mar  7 01:56:16 CET 2018] scale:1000 groups:1000 work_mem:256MB incremental:off max_workers:2 =====
SELECT * FROM s_2 ORDER BY a, b, c LIMIT 10
                                                      QUERY PLAN                                                       
-----------------------------------------------------------------------------------------------------------------------
 Limit  (cost=38.73..38.73 rows=1 width=20) (actual time=0.164..0.164 rows=0 loops=1)
   ->  Limit  (cost=38.61..38.63 rows=10 width=20) (actual time=0.162..0.163 rows=10 loops=1)
         ->  Sort  (cost=38.61..41.11 rows=1000 width=20) (actual time=0.162..0.162 rows=10 loops=1)
               Sort Key: s_2.a, s_2.b, s_2.c
               Sort Method: top-N heapsort  Memory: 25kB
               ->  Seq Scan on s_2  (cost=0.00..17.00 rows=1000 width=20) (actual time=0.009..0.067 rows=1000 loops=1)
 Planning time: 0.266 ms
 Execution time: 0.187 ms
(8 rows)

===== 335 [Wed Mar  7 01:56:16 CET 2018] scale:1000 groups:1000 work_mem:256MB incremental:off max_workers:2 =====
SELECT * FROM s_3 ORDER BY a, b, c, d LIMIT 10
                                                      QUERY PLAN                                                       
-----------------------------------------------------------------------------------------------------------------------
 Limit  (cost=38.73..38.73 rows=1 width=20) (actual time=0.175..0.175 rows=0 loops=1)
   ->  Limit  (cost=38.61..38.63 rows=10 width=20) (actual time=0.173..0.174 rows=10 loops=1)
         ->  Sort  (cost=38.61..41.11 rows=1000 width=20) (actual time=0.173..0.173 rows=10 loops=1)
               Sort Key: s_3.a, s_3.b, s_3.c, s_3.d
               Sort Method: top-N heapsort  Memory: 25kB
               ->  Seq Scan on s_3  (cost=0.00..17.00 rows=1000 width=20) (actual time=0.004..0.055 rows=1000 loops=1)
 Planning time: 0.261 ms
 Execution time: 0.197 ms
(8 rows)

===== 336 [Wed Mar  7 01:56:16 CET 2018] scale:1000 groups:1000 work_mem:256MB incremental:off max_workers:2 =====
SELECT * FROM s_4 ORDER BY a, b, c, d, e LIMIT 10
                                                      QUERY PLAN                                                       
-----------------------------------------------------------------------------------------------------------------------
 Limit  (cost=38.73..38.73 rows=1 width=20) (actual time=0.159..0.159 rows=0 loops=1)
   ->  Limit  (cost=38.61..38.63 rows=10 width=20) (actual time=0.157..0.158 rows=10 loops=1)
         ->  Sort  (cost=38.61..41.11 rows=1000 width=20) (actual time=0.157..0.157 rows=10 loops=1)
               Sort Key: s_4.a, s_4.b, s_4.c, s_4.d, s_4.e
               Sort Method: top-N heapsort  Memory: 25kB
               ->  Seq Scan on s_4  (cost=0.00..17.00 rows=1000 width=20) (actual time=0.007..0.061 rows=1000 loops=1)
 Planning time: 0.263 ms
 Execution time: 0.182 ms
(8 rows)

===== 337 [Wed Mar  7 01:56:16 CET 2018] scale:1000 groups:10000 work_mem:4MB incremental:on max_workers:0 =====
SELECT * FROM s_1 ORDER BY a, b LIMIT 10
                                                              QUERY PLAN                                                               
---------------------------------------------------------------------------------------------------------------------------------------
 Limit  (cost=0.80..0.80 rows=1 width=20) (actual time=0.069..0.069 rows=0 loops=1)
   ->  Limit  (cost=0.33..0.70 rows=10 width=20) (actual time=0.067..0.068 rows=10 loops=1)
         ->  Incremental Sort  (cost=0.33..37.12 rows=1000 width=20) (actual time=0.066..0.067 rows=10 loops=1)
               Sort Key: s_1.a, s_1.b
               Presorted Key: s_1.a
               Sort Method: quicksort  Memory: 27kB
               Sort Groups: 1
               ->  Index Scan using s_1_a_idx on s_1  (cost=0.28..45.27 rows=1000 width=20) (actual time=0.020..0.024 rows=33 loops=1)
 Planning time: 0.264 ms
 Execution time: 0.096 ms
(10 rows)

===== 338 [Wed Mar  7 01:56:17 CET 2018] scale:1000 groups:10000 work_mem:4MB incremental:on max_workers:0 =====
SELECT * FROM s_2 ORDER BY a, b, c LIMIT 10
                                                               QUERY PLAN                                                                
-----------------------------------------------------------------------------------------------------------------------------------------
 Limit  (cost=0.81..0.81 rows=1 width=20) (actual time=0.067..0.067 rows=0 loops=1)
   ->  Limit  (cost=0.34..0.71 rows=10 width=20) (actual time=0.065..0.066 rows=10 loops=1)
         ->  Incremental Sort  (cost=0.34..37.45 rows=1000 width=20) (actual time=0.064..0.065 rows=10 loops=1)
               Sort Key: s_2.a, s_2.b, s_2.c
               Presorted Key: s_2.a, s_2.b
               Sort Method: quicksort  Memory: 27kB
               Sort Groups: 1
               ->  Index Scan using s_2_a_b_idx on s_2  (cost=0.28..53.15 rows=1000 width=20) (actual time=0.021..0.025 rows=33 loops=1)
 Planning time: 0.261 ms
 Execution time: 0.090 ms
(10 rows)

===== 339 [Wed Mar  7 01:56:17 CET 2018] scale:1000 groups:10000 work_mem:4MB incremental:on max_workers:0 =====
SELECT * FROM s_3 ORDER BY a, b, c, d LIMIT 10
                                                                QUERY PLAN                                                                 
-------------------------------------------------------------------------------------------------------------------------------------------
 Limit  (cost=0.81..0.81 rows=1 width=20) (actual time=0.071..0.071 rows=0 loops=1)
   ->  Limit  (cost=0.34..0.71 rows=10 width=20) (actual time=0.069..0.070 rows=10 loops=1)
         ->  Incremental Sort  (cost=0.34..37.63 rows=1000 width=20) (actual time=0.069..0.069 rows=10 loops=1)
               Sort Key: s_3.a, s_3.b, s_3.c, s_3.d
               Presorted Key: s_3.a, s_3.b, s_3.c
               Sort Method: quicksort  Memory: 27kB
               Sort Groups: 1
               ->  Index Scan using s_3_a_b_c_idx on s_3  (cost=0.28..57.15 rows=1000 width=20) (actual time=0.024..0.027 rows=33 loops=1)
 Planning time: 0.272 ms
 Execution time: 0.095 ms
(10 rows)

===== 340 [Wed Mar  7 01:56:17 CET 2018] scale:1000 groups:10000 work_mem:4MB incremental:on max_workers:0 =====
SELECT * FROM s_4 ORDER BY a, b, c, d, e LIMIT 10
                                                                 QUERY PLAN                                                                  
---------------------------------------------------------------------------------------------------------------------------------------------
 Limit  (cost=0.81..0.81 rows=1 width=20) (actual time=0.059..0.059 rows=0 loops=1)
   ->  Limit  (cost=0.34..0.71 rows=10 width=20) (actual time=0.056..0.057 rows=10 loops=1)
         ->  Incremental Sort  (cost=0.34..37.63 rows=1000 width=20) (actual time=0.056..0.056 rows=10 loops=1)
               Sort Key: s_4.a, s_4.b, s_4.c, s_4.d, s_4.e
               Presorted Key: s_4.a, s_4.b, s_4.c, s_4.d
               Sort Method: quicksort  Memory: 27kB
               Sort Groups: 1
               ->  Index Scan using s_4_a_b_c_d_idx on s_4  (cost=0.28..57.15 rows=1000 width=20) (actual time=0.011..0.015 rows=33 loops=1)
 Planning time: 0.270 ms
 Execution time: 0.081 ms
(10 rows)

===== 341 [Wed Mar  7 01:56:17 CET 2018] scale:1000 groups:10000 work_mem:4MB incremental:off max_workers:0 =====
SELECT * FROM s_1 ORDER BY a, b LIMIT 10
                                                      QUERY PLAN                                                       
-----------------------------------------------------------------------------------------------------------------------
 Limit  (cost=38.73..38.73 rows=1 width=20) (actual time=0.155..0.155 rows=0 loops=1)
   ->  Limit  (cost=38.61..38.63 rows=10 width=20) (actual time=0.153..0.154 rows=10 loops=1)
         ->  Sort  (cost=38.61..41.11 rows=1000 width=20) (actual time=0.152..0.153 rows=10 loops=1)
               Sort Key: s_1.a, s_1.b
               Sort Method: top-N heapsort  Memory: 25kB
               ->  Seq Scan on s_1  (cost=0.00..17.00 rows=1000 width=20) (actual time=0.004..0.061 rows=1000 loops=1)
 Planning time: 0.245 ms
 Execution time: 0.178 ms
(8 rows)

===== 342 [Wed Mar  7 01:56:17 CET 2018] scale:1000 groups:10000 work_mem:4MB incremental:off max_workers:0 =====
SELECT * FROM s_2 ORDER BY a, b, c LIMIT 10
                                                      QUERY PLAN                                                       
-----------------------------------------------------------------------------------------------------------------------
 Limit  (cost=38.73..38.73 rows=1 width=20) (actual time=0.153..0.153 rows=0 loops=1)
   ->  Limit  (cost=38.61..38.63 rows=10 width=20) (actual time=0.151..0.152 rows=10 loops=1)
         ->  Sort  (cost=38.61..41.11 rows=1000 width=20) (actual time=0.151..0.151 rows=10 loops=1)
               Sort Key: s_2.a, s_2.b, s_2.c
               Sort Method: top-N heapsort  Memory: 25kB
               ->  Seq Scan on s_2  (cost=0.00..17.00 rows=1000 width=20) (actual time=0.007..0.058 rows=1000 loops=1)
 Planning time: 0.248 ms
 Execution time: 0.176 ms
(8 rows)

===== 343 [Wed Mar  7 01:56:17 CET 2018] scale:1000 groups:10000 work_mem:4MB incremental:off max_workers:0 =====
SELECT * FROM s_3 ORDER BY a, b, c, d LIMIT 10
                                                      QUERY PLAN                                                       
-----------------------------------------------------------------------------------------------------------------------
 Limit  (cost=38.73..38.73 rows=1 width=20) (actual time=0.160..0.160 rows=0 loops=1)
   ->  Limit  (cost=38.61..38.63 rows=10 width=20) (actual time=0.157..0.158 rows=10 loops=1)
         ->  Sort  (cost=38.61..41.11 rows=1000 width=20) (actual time=0.157..0.157 rows=10 loops=1)
               Sort Key: s_3.a, s_3.b, s_3.c, s_3.d
               Sort Method: top-N heapsort  Memory: 25kB
               ->  Seq Scan on s_3  (cost=0.00..17.00 rows=1000 width=20) (actual time=0.004..0.051 rows=1000 loops=1)
 Planning time: 0.254 ms
 Execution time: 0.182 ms
(8 rows)

===== 344 [Wed Mar  7 01:56:17 CET 2018] scale:1000 groups:10000 work_mem:4MB incremental:off max_workers:0 =====
SELECT * FROM s_4 ORDER BY a, b, c, d, e LIMIT 10
                                                      QUERY PLAN                                                       
-----------------------------------------------------------------------------------------------------------------------
 Limit  (cost=38.73..38.73 rows=1 width=20) (actual time=0.156..0.156 rows=0 loops=1)
   ->  Limit  (cost=38.61..38.63 rows=10 width=20) (actual time=0.153..0.154 rows=10 loops=1)
         ->  Sort  (cost=38.61..41.11 rows=1000 width=20) (actual time=0.153..0.153 rows=10 loops=1)
               Sort Key: s_4.a, s_4.b, s_4.c, s_4.d, s_4.e
               Sort Method: top-N heapsort  Memory: 25kB
               ->  Seq Scan on s_4  (cost=0.00..17.00 rows=1000 width=20) (actual time=0.007..0.058 rows=1000 loops=1)
 Planning time: 0.254 ms
 Execution time: 0.183 ms
(8 rows)

===== 345 [Wed Mar  7 01:56:17 CET 2018] scale:1000 groups:10000 work_mem:8MB incremental:on max_workers:0 =====
SELECT * FROM s_1 ORDER BY a, b LIMIT 10
                                                              QUERY PLAN                                                               
---------------------------------------------------------------------------------------------------------------------------------------
 Limit  (cost=0.80..0.80 rows=1 width=20) (actual time=0.054..0.054 rows=0 loops=1)
   ->  Limit  (cost=0.33..0.70 rows=10 width=20) (actual time=0.052..0.053 rows=10 loops=1)
         ->  Incremental Sort  (cost=0.33..37.12 rows=1000 width=20) (actual time=0.052..0.052 rows=10 loops=1)
               Sort Key: s_1.a, s_1.b
               Presorted Key: s_1.a
               Sort Method: quicksort  Memory: 27kB
               Sort Groups: 1
               ->  Index Scan using s_1_a_idx on s_1  (cost=0.28..45.27 rows=1000 width=20) (actual time=0.006..0.010 rows=33 loops=1)
 Planning time: 0.249 ms
 Execution time: 0.082 ms
(10 rows)

===== 346 [Wed Mar  7 01:56:17 CET 2018] scale:1000 groups:10000 work_mem:8MB incremental:on max_workers:0 =====
SELECT * FROM s_2 ORDER BY a, b, c LIMIT 10
                                                               QUERY PLAN                                                                
-----------------------------------------------------------------------------------------------------------------------------------------
 Limit  (cost=0.81..0.81 rows=1 width=20) (actual time=0.053..0.053 rows=0 loops=1)
   ->  Limit  (cost=0.34..0.71 rows=10 width=20) (actual time=0.051..0.052 rows=10 loops=1)
         ->  Incremental Sort  (cost=0.34..37.45 rows=1000 width=20) (actual time=0.050..0.051 rows=10 loops=1)
               Sort Key: s_2.a, s_2.b, s_2.c
               Presorted Key: s_2.a, s_2.b
               Sort Method: quicksort  Memory: 27kB
               Sort Groups: 1
               ->  Index Scan using s_2_a_b_idx on s_2  (cost=0.28..53.15 rows=1000 width=20) (actual time=0.009..0.012 rows=33 loops=1)
 Planning time: 0.260 ms
 Execution time: 0.076 ms
(10 rows)

===== 347 [Wed Mar  7 01:56:17 CET 2018] scale:1000 groups:10000 work_mem:8MB incremental:on max_workers:0 =====
SELECT * FROM s_3 ORDER BY a, b, c, d LIMIT 10
                                                                QUERY PLAN                                                                 
-------------------------------------------------------------------------------------------------------------------------------------------
 Limit  (cost=0.81..0.81 rows=1 width=20) (actual time=0.057..0.057 rows=0 loops=1)
   ->  Limit  (cost=0.34..0.71 rows=10 width=20) (actual time=0.055..0.056 rows=10 loops=1)
         ->  Incremental Sort  (cost=0.34..37.63 rows=1000 width=20) (actual time=0.055..0.055 rows=10 loops=1)
               Sort Key: s_3.a, s_3.b, s_3.c, s_3.d
               Presorted Key: s_3.a, s_3.b, s_3.c
               Sort Method: quicksort  Memory: 27kB
               Sort Groups: 1
               ->  Index Scan using s_3_a_b_c_idx on s_3  (cost=0.28..57.15 rows=1000 width=20) (actual time=0.011..0.014 rows=33 loops=1)
 Planning time: 0.262 ms
 Execution time: 0.080 ms
(10 rows)

===== 348 [Wed Mar  7 01:56:17 CET 2018] scale:1000 groups:10000 work_mem:8MB incremental:on max_workers:0 =====
SELECT * FROM s_4 ORDER BY a, b, c, d, e LIMIT 10
                                                                 QUERY PLAN                                                                  
---------------------------------------------------------------------------------------------------------------------------------------------
 Limit  (cost=0.81..0.81 rows=1 width=20) (actual time=0.060..0.060 rows=0 loops=1)
   ->  Limit  (cost=0.34..0.71 rows=10 width=20) (actual time=0.057..0.059 rows=10 loops=1)
         ->  Incremental Sort  (cost=0.34..37.63 rows=1000 width=20) (actual time=0.057..0.058 rows=10 loops=1)
               Sort Key: s_4.a, s_4.b, s_4.c, s_4.d, s_4.e
               Presorted Key: s_4.a, s_4.b, s_4.c, s_4.d
               Sort Method: quicksort  Memory: 27kB
               Sort Groups: 1
               ->  Index Scan using s_4_a_b_c_d_idx on s_4  (cost=0.28..57.15 rows=1000 width=20) (actual time=0.011..0.015 rows=33 loops=1)
 Planning time: 0.261 ms
 Execution time: 0.083 ms
(10 rows)

===== 349 [Wed Mar  7 01:56:17 CET 2018] scale:1000 groups:10000 work_mem:8MB incremental:off max_workers:0 =====
SELECT * FROM s_1 ORDER BY a, b LIMIT 10
                                                      QUERY PLAN                                                       
-----------------------------------------------------------------------------------------------------------------------
 Limit  (cost=38.73..38.73 rows=1 width=20) (actual time=0.149..0.149 rows=0 loops=1)
   ->  Limit  (cost=38.61..38.63 rows=10 width=20) (actual time=0.147..0.148 rows=10 loops=1)
         ->  Sort  (cost=38.61..41.11 rows=1000 width=20) (actual time=0.147..0.147 rows=10 loops=1)
               Sort Key: s_1.a, s_1.b
               Sort Method: top-N heapsort  Memory: 25kB
               ->  Seq Scan on s_1  (cost=0.00..17.00 rows=1000 width=20) (actual time=0.004..0.055 rows=1000 loops=1)
 Planning time: 0.247 ms
 Execution time: 0.172 ms
(8 rows)

===== 350 [Wed Mar  7 01:56:17 CET 2018] scale:1000 groups:10000 work_mem:8MB incremental:off max_workers:0 =====
SELECT * FROM s_2 ORDER BY a, b, c LIMIT 10
                                                      QUERY PLAN                                                       
-----------------------------------------------------------------------------------------------------------------------
 Limit  (cost=38.73..38.73 rows=1 width=20) (actual time=0.153..0.153 rows=0 loops=1)
   ->  Limit  (cost=38.61..38.63 rows=10 width=20) (actual time=0.151..0.152 rows=10 loops=1)
         ->  Sort  (cost=38.61..41.11 rows=1000 width=20) (actual time=0.151..0.151 rows=10 loops=1)
               Sort Key: s_2.a, s_2.b, s_2.c
               Sort Method: top-N heapsort  Memory: 25kB
               ->  Seq Scan on s_2  (cost=0.00..17.00 rows=1000 width=20) (actual time=0.007..0.058 rows=1000 loops=1)
 Planning time: 0.249 ms
 Execution time: 0.175 ms
(8 rows)

===== 351 [Wed Mar  7 01:56:17 CET 2018] scale:1000 groups:10000 work_mem:8MB incremental:off max_workers:0 =====
SELECT * FROM s_3 ORDER BY a, b, c, d LIMIT 10
                                                      QUERY PLAN                                                       
-----------------------------------------------------------------------------------------------------------------------
 Limit  (cost=38.73..38.73 rows=1 width=20) (actual time=0.156..0.156 rows=0 loops=1)
   ->  Limit  (cost=38.61..38.63 rows=10 width=20) (actual time=0.153..0.154 rows=10 loops=1)
         ->  Sort  (cost=38.61..41.11 rows=1000 width=20) (actual time=0.153..0.153 rows=10 loops=1)
               Sort Key: s_3.a, s_3.b, s_3.c, s_3.d
               Sort Method: top-N heapsort  Memory: 25kB
               ->  Seq Scan on s_3  (cost=0.00..17.00 rows=1000 width=20) (actual time=0.004..0.052 rows=1000 loops=1)
 Planning time: 0.253 ms
 Execution time: 0.178 ms
(8 rows)

===== 352 [Wed Mar  7 01:56:18 CET 2018] scale:1000 groups:10000 work_mem:8MB incremental:off max_workers:0 =====
SELECT * FROM s_4 ORDER BY a, b, c, d, e LIMIT 10
                                                      QUERY PLAN                                                       
-----------------------------------------------------------------------------------------------------------------------
 Limit  (cost=38.73..38.73 rows=1 width=20) (actual time=0.155..0.155 rows=0 loops=1)
   ->  Limit  (cost=38.61..38.63 rows=10 width=20) (actual time=0.153..0.154 rows=10 loops=1)
         ->  Sort  (cost=38.61..41.11 rows=1000 width=20) (actual time=0.153..0.153 rows=10 loops=1)
               Sort Key: s_4.a, s_4.b, s_4.c, s_4.d, s_4.e
               Sort Method: top-N heapsort  Memory: 25kB
               ->  Seq Scan on s_4  (cost=0.00..17.00 rows=1000 width=20) (actual time=0.007..0.058 rows=1000 loops=1)
 Planning time: 0.255 ms
 Execution time: 0.182 ms
(8 rows)

===== 353 [Wed Mar  7 01:56:18 CET 2018] scale:1000 groups:10000 work_mem:16MB incremental:on max_workers:0 =====
SELECT * FROM s_1 ORDER BY a, b LIMIT 10
                                                              QUERY PLAN                                                               
---------------------------------------------------------------------------------------------------------------------------------------
 Limit  (cost=0.80..0.80 rows=1 width=20) (actual time=0.054..0.054 rows=0 loops=1)
   ->  Limit  (cost=0.33..0.70 rows=10 width=20) (actual time=0.052..0.053 rows=10 loops=1)
         ->  Incremental Sort  (cost=0.33..37.12 rows=1000 width=20) (actual time=0.051..0.052 rows=10 loops=1)
               Sort Key: s_1.a, s_1.b
               Presorted Key: s_1.a
               Sort Method: quicksort  Memory: 27kB
               Sort Groups: 1
               ->  Index Scan using s_1_a_idx on s_1  (cost=0.28..45.27 rows=1000 width=20) (actual time=0.006..0.010 rows=33 loops=1)
 Planning time: 0.252 ms
 Execution time: 0.079 ms
(10 rows)

===== 354 [Wed Mar  7 01:56:18 CET 2018] scale:1000 groups:10000 work_mem:16MB incremental:on max_workers:0 =====
SELECT * FROM s_2 ORDER BY a, b, c LIMIT 10
                                                               QUERY PLAN                                                                
-----------------------------------------------------------------------------------------------------------------------------------------
 Limit  (cost=0.81..0.81 rows=1 width=20) (actual time=0.054..0.054 rows=0 loops=1)
   ->  Limit  (cost=0.34..0.71 rows=10 width=20) (actual time=0.052..0.053 rows=10 loops=1)
         ->  Incremental Sort  (cost=0.34..37.45 rows=1000 width=20) (actual time=0.051..0.052 rows=10 loops=1)
               Sort Key: s_2.a, s_2.b, s_2.c
               Presorted Key: s_2.a, s_2.b
               Sort Method: quicksort  Memory: 27kB
               Sort Groups: 1
               ->  Index Scan using s_2_a_b_idx on s_2  (cost=0.28..53.15 rows=1000 width=20) (actual time=0.009..0.012 rows=33 loops=1)
 Planning time: 0.255 ms
 Execution time: 0.079 ms
(10 rows)

===== 355 [Wed Mar  7 01:56:18 CET 2018] scale:1000 groups:10000 work_mem:16MB incremental:on max_workers:0 =====
SELECT * FROM s_3 ORDER BY a, b, c, d LIMIT 10
                                                                QUERY PLAN                                                                 
-------------------------------------------------------------------------------------------------------------------------------------------
 Limit  (cost=0.81..0.81 rows=1 width=20) (actual time=0.059..0.059 rows=0 loops=1)
   ->  Limit  (cost=0.34..0.71 rows=10 width=20) (actual time=0.057..0.058 rows=10 loops=1)
         ->  Incremental Sort  (cost=0.34..37.63 rows=1000 width=20) (actual time=0.056..0.057 rows=10 loops=1)
               Sort Key: s_3.a, s_3.b, s_3.c, s_3.d
               Presorted Key: s_3.a, s_3.b, s_3.c
               Sort Method: quicksort  Memory: 27kB
               Sort Groups: 1
               ->  Index Scan using s_3_a_b_c_idx on s_3  (cost=0.28..57.15 rows=1000 width=20) (actual time=0.011..0.015 rows=33 loops=1)
 Planning time: 0.265 ms
 Execution time: 0.082 ms
(10 rows)

===== 356 [Wed Mar  7 01:56:18 CET 2018] scale:1000 groups:10000 work_mem:16MB incremental:on max_workers:0 =====
SELECT * FROM s_4 ORDER BY a, b, c, d, e LIMIT 10
                                                                 QUERY PLAN                                                                  
---------------------------------------------------------------------------------------------------------------------------------------------
 Limit  (cost=0.81..0.81 rows=1 width=20) (actual time=0.058..0.058 rows=0 loops=1)
   ->  Limit  (cost=0.34..0.71 rows=10 width=20) (actual time=0.056..0.057 rows=10 loops=1)
         ->  Incremental Sort  (cost=0.34..37.63 rows=1000 width=20) (actual time=0.056..0.056 rows=10 loops=1)
               Sort Key: s_4.a, s_4.b, s_4.c, s_4.d, s_4.e
               Presorted Key: s_4.a, s_4.b, s_4.c, s_4.d
               Sort Method: quicksort  Memory: 27kB
               Sort Groups: 1
               ->  Index Scan using s_4_a_b_c_d_idx on s_4  (cost=0.28..57.15 rows=1000 width=20) (actual time=0.012..0.015 rows=33 loops=1)
 Planning time: 0.262 ms
 Execution time: 0.081 ms
(10 rows)

===== 357 [Wed Mar  7 01:56:18 CET 2018] scale:1000 groups:10000 work_mem:16MB incremental:off max_workers:0 =====
SELECT * FROM s_1 ORDER BY a, b LIMIT 10
                                                      QUERY PLAN                                                       
-----------------------------------------------------------------------------------------------------------------------
 Limit  (cost=38.73..38.73 rows=1 width=20) (actual time=0.152..0.152 rows=0 loops=1)
   ->  Limit  (cost=38.61..38.63 rows=10 width=20) (actual time=0.150..0.151 rows=10 loops=1)
         ->  Sort  (cost=38.61..41.11 rows=1000 width=20) (actual time=0.150..0.150 rows=10 loops=1)
               Sort Key: s_1.a, s_1.b
               Sort Method: top-N heapsort  Memory: 25kB
               ->  Seq Scan on s_1  (cost=0.00..17.00 rows=1000 width=20) (actual time=0.004..0.055 rows=1000 loops=1)
 Planning time: 0.258 ms
 Execution time: 0.175 ms
(8 rows)

===== 358 [Wed Mar  7 01:56:18 CET 2018] scale:1000 groups:10000 work_mem:16MB incremental:off max_workers:0 =====
SELECT * FROM s_2 ORDER BY a, b, c LIMIT 10
                                                      QUERY PLAN                                                       
-----------------------------------------------------------------------------------------------------------------------
 Limit  (cost=38.73..38.73 rows=1 width=20) (actual time=0.160..0.160 rows=0 loops=1)
   ->  Limit  (cost=38.61..38.63 rows=10 width=20) (actual time=0.158..0.159 rows=10 loops=1)
         ->  Sort  (cost=38.61..41.11 rows=1000 width=20) (actual time=0.158..0.158 rows=10 loops=1)
               Sort Key: s_2.a, s_2.b, s_2.c
               Sort Method: top-N heapsort  Memory: 25kB
               ->  Seq Scan on s_2  (cost=0.00..17.00 rows=1000 width=20) (actual time=0.007..0.065 rows=1000 loops=1)
 Planning time: 0.252 ms
 Execution time: 0.183 ms
(8 rows)

===== 359 [Wed Mar  7 01:56:18 CET 2018] scale:1000 groups:10000 work_mem:16MB incremental:off max_workers:0 =====
SELECT * FROM s_3 ORDER BY a, b, c, d LIMIT 10
                                                      QUERY PLAN                                                       
-----------------------------------------------------------------------------------------------------------------------
 Limit  (cost=38.73..38.73 rows=1 width=20) (actual time=0.154..0.154 rows=0 loops=1)
   ->  Limit  (cost=38.61..38.63 rows=10 width=20) (actual time=0.151..0.153 rows=10 loops=1)
         ->  Sort  (cost=38.61..41.11 rows=1000 width=20) (actual time=0.151..0.152 rows=10 loops=1)
               Sort Key: s_3.a, s_3.b, s_3.c, s_3.d
               Sort Method: top-N heapsort  Memory: 25kB
               ->  Seq Scan on s_3  (cost=0.00..17.00 rows=1000 width=20) (actual time=0.004..0.052 rows=1000 loops=1)
 Planning time: 0.261 ms
 Execution time: 0.176 ms
(8 rows)

===== 360 [Wed Mar  7 01:56:18 CET 2018] scale:1000 groups:10000 work_mem:16MB incremental:off max_workers:0 =====
SELECT * FROM s_4 ORDER BY a, b, c, d, e LIMIT 10
                                                      QUERY PLAN                                                       
-----------------------------------------------------------------------------------------------------------------------
 Limit  (cost=38.73..38.73 rows=1 width=20) (actual time=0.154..0.154 rows=0 loops=1)
   ->  Limit  (cost=38.61..38.63 rows=10 width=20) (actual time=0.152..0.153 rows=10 loops=1)
         ->  Sort  (cost=38.61..41.11 rows=1000 width=20) (actual time=0.152..0.152 rows=10 loops=1)
               Sort Key: s_4.a, s_4.b, s_4.c, s_4.d, s_4.e
               Sort Method: top-N heapsort  Memory: 25kB
               ->  Seq Scan on s_4  (cost=0.00..17.00 rows=1000 width=20) (actual time=0.007..0.057 rows=1000 loops=1)
 Planning time: 0.248 ms
 Execution time: 0.176 ms
(8 rows)

===== 361 [Wed Mar  7 01:56:18 CET 2018] scale:1000 groups:10000 work_mem:32MB incremental:on max_workers:0 =====
SELECT * FROM s_1 ORDER BY a, b LIMIT 10
                                                              QUERY PLAN                                                               
---------------------------------------------------------------------------------------------------------------------------------------
 Limit  (cost=0.80..0.80 rows=1 width=20) (actual time=0.055..0.055 rows=0 loops=1)
   ->  Limit  (cost=0.33..0.70 rows=10 width=20) (actual time=0.053..0.054 rows=10 loops=1)
         ->  Incremental Sort  (cost=0.33..37.12 rows=1000 width=20) (actual time=0.053..0.053 rows=10 loops=1)
               Sort Key: s_1.a, s_1.b
               Presorted Key: s_1.a
               Sort Method: quicksort  Memory: 27kB
               Sort Groups: 1
               ->  Index Scan using s_1_a_idx on s_1  (cost=0.28..45.27 rows=1000 width=20) (actual time=0.006..0.010 rows=33 loops=1)
 Planning time: 0.252 ms
 Execution time: 0.081 ms
(10 rows)

===== 362 [Wed Mar  7 01:56:18 CET 2018] scale:1000 groups:10000 work_mem:32MB incremental:on max_workers:0 =====
SELECT * FROM s_2 ORDER BY a, b, c LIMIT 10
                                                               QUERY PLAN                                                                
-----------------------------------------------------------------------------------------------------------------------------------------
 Limit  (cost=0.81..0.81 rows=1 width=20) (actual time=0.052..0.052 rows=0 loops=1)
   ->  Limit  (cost=0.34..0.71 rows=10 width=20) (actual time=0.050..0.051 rows=10 loops=1)
         ->  Incremental Sort  (cost=0.34..37.45 rows=1000 width=20) (actual time=0.050..0.050 rows=10 loops=1)
               Sort Key: s_2.a, s_2.b, s_2.c
               Presorted Key: s_2.a, s_2.b
               Sort Method: quicksort  Memory: 27kB
               Sort Groups: 1
               ->  Index Scan using s_2_a_b_idx on s_2  (cost=0.28..53.15 rows=1000 width=20) (actual time=0.009..0.012 rows=33 loops=1)
 Planning time: 0.261 ms
 Execution time: 0.075 ms
(10 rows)

===== 363 [Wed Mar  7 01:56:18 CET 2018] scale:1000 groups:10000 work_mem:32MB incremental:on max_workers:0 =====
SELECT * FROM s_3 ORDER BY a, b, c, d LIMIT 10
                                                                QUERY PLAN                                                                 
-------------------------------------------------------------------------------------------------------------------------------------------
 Limit  (cost=0.81..0.81 rows=1 width=20) (actual time=0.058..0.058 rows=0 loops=1)
   ->  Limit  (cost=0.34..0.71 rows=10 width=20) (actual time=0.056..0.057 rows=10 loops=1)
         ->  Incremental Sort  (cost=0.34..37.63 rows=1000 width=20) (actual time=0.056..0.056 rows=10 loops=1)
               Sort Key: s_3.a, s_3.b, s_3.c, s_3.d
               Presorted Key: s_3.a, s_3.b, s_3.c
               Sort Method: quicksort  Memory: 27kB
               Sort Groups: 1
               ->  Index Scan using s_3_a_b_c_idx on s_3  (cost=0.28..57.15 rows=1000 width=20) (actual time=0.011..0.015 rows=33 loops=1)
 Planning time: 0.264 ms
 Execution time: 0.080 ms
(10 rows)

===== 364 [Wed Mar  7 01:56:18 CET 2018] scale:1000 groups:10000 work_mem:32MB incremental:on max_workers:0 =====
SELECT * FROM s_4 ORDER BY a, b, c, d, e LIMIT 10
                                                                 QUERY PLAN                                                                  
---------------------------------------------------------------------------------------------------------------------------------------------
 Limit  (cost=0.81..0.81 rows=1 width=20) (actual time=0.059..0.059 rows=0 loops=1)
   ->  Limit  (cost=0.34..0.71 rows=10 width=20) (actual time=0.057..0.058 rows=10 loops=1)
         ->  Incremental Sort  (cost=0.34..37.63 rows=1000 width=20) (actual time=0.056..0.057 rows=10 loops=1)
               Sort Key: s_4.a, s_4.b, s_4.c, s_4.d, s_4.e
               Presorted Key: s_4.a, s_4.b, s_4.c, s_4.d
               Sort Method: quicksort  Memory: 27kB
               Sort Groups: 1
               ->  Index Scan using s_4_a_b_c_d_idx on s_4  (cost=0.28..57.15 rows=1000 width=20) (actual time=0.011..0.015 rows=33 loops=1)
 Planning time: 0.264 ms
 Execution time: 0.081 ms
(10 rows)

===== 365 [Wed Mar  7 01:56:18 CET 2018] scale:1000 groups:10000 work_mem:32MB incremental:off max_workers:0 =====
SELECT * FROM s_1 ORDER BY a, b LIMIT 10
                                                      QUERY PLAN                                                       
-----------------------------------------------------------------------------------------------------------------------
 Limit  (cost=38.73..38.73 rows=1 width=20) (actual time=0.148..0.148 rows=0 loops=1)
   ->  Limit  (cost=38.61..38.63 rows=10 width=20) (actual time=0.146..0.147 rows=10 loops=1)
         ->  Sort  (cost=38.61..41.11 rows=1000 width=20) (actual time=0.146..0.146 rows=10 loops=1)
               Sort Key: s_1.a, s_1.b
               Sort Method: top-N heapsort  Memory: 25kB
               ->  Seq Scan on s_1  (cost=0.00..17.00 rows=1000 width=20) (actual time=0.004..0.054 rows=1000 loops=1)
 Planning time: 0.247 ms
 Execution time: 0.171 ms
(8 rows)

===== 366 [Wed Mar  7 01:56:18 CET 2018] scale:1000 groups:10000 work_mem:32MB incremental:off max_workers:0 =====
SELECT * FROM s_2 ORDER BY a, b, c LIMIT 10
                                                      QUERY PLAN                                                       
-----------------------------------------------------------------------------------------------------------------------
 Limit  (cost=38.73..38.73 rows=1 width=20) (actual time=0.159..0.159 rows=0 loops=1)
   ->  Limit  (cost=38.61..38.63 rows=10 width=20) (actual time=0.157..0.158 rows=10 loops=1)
         ->  Sort  (cost=38.61..41.11 rows=1000 width=20) (actual time=0.157..0.157 rows=10 loops=1)
               Sort Key: s_2.a, s_2.b, s_2.c
               Sort Method: top-N heapsort  Memory: 25kB
               ->  Seq Scan on s_2  (cost=0.00..17.00 rows=1000 width=20) (actual time=0.007..0.059 rows=1000 loops=1)
 Planning time: 0.251 ms
 Execution time: 0.182 ms
(8 rows)

===== 367 [Wed Mar  7 01:56:19 CET 2018] scale:1000 groups:10000 work_mem:32MB incremental:off max_workers:0 =====
SELECT * FROM s_3 ORDER BY a, b, c, d LIMIT 10
                                                      QUERY PLAN                                                       
-----------------------------------------------------------------------------------------------------------------------
 Limit  (cost=38.73..38.73 rows=1 width=20) (actual time=0.172..0.172 rows=0 loops=1)
   ->  Limit  (cost=38.61..38.63 rows=10 width=20) (actual time=0.170..0.171 rows=10 loops=1)
         ->  Sort  (cost=38.61..41.11 rows=1000 width=20) (actual time=0.169..0.170 rows=10 loops=1)
               Sort Key: s_3.a, s_3.b, s_3.c, s_3.d
               Sort Method: top-N heapsort  Memory: 25kB
               ->  Seq Scan on s_3  (cost=0.00..17.00 rows=1000 width=20) (actual time=0.004..0.052 rows=1000 loops=1)
 Planning time: 0.256 ms
 Execution time: 0.197 ms
(8 rows)

===== 368 [Wed Mar  7 01:56:19 CET 2018] scale:1000 groups:10000 work_mem:32MB incremental:off max_workers:0 =====
SELECT * FROM s_4 ORDER BY a, b, c, d, e LIMIT 10
                                                      QUERY PLAN                                                       
-----------------------------------------------------------------------------------------------------------------------
 Limit  (cost=38.73..38.73 rows=1 width=20) (actual time=0.156..0.156 rows=0 loops=1)
   ->  Limit  (cost=38.61..38.63 rows=10 width=20) (actual time=0.154..0.155 rows=10 loops=1)
         ->  Sort  (cost=38.61..41.11 rows=1000 width=20) (actual time=0.153..0.154 rows=10 loops=1)
               Sort Key: s_4.a, s_4.b, s_4.c, s_4.d, s_4.e
               Sort Method: top-N heapsort  Memory: 25kB
               ->  Seq Scan on s_4  (cost=0.00..17.00 rows=1000 width=20) (actual time=0.007..0.058 rows=1000 loops=1)
 Planning time: 0.258 ms
 Execution time: 0.178 ms
(8 rows)

===== 369 [Wed Mar  7 01:56:19 CET 2018] scale:1000 groups:10000 work_mem:64MB incremental:on max_workers:0 =====
SELECT * FROM s_1 ORDER BY a, b LIMIT 10
                                                              QUERY PLAN                                                               
---------------------------------------------------------------------------------------------------------------------------------------
 Limit  (cost=0.80..0.80 rows=1 width=20) (actual time=0.055..0.055 rows=0 loops=1)
   ->  Limit  (cost=0.33..0.70 rows=10 width=20) (actual time=0.052..0.054 rows=10 loops=1)
         ->  Incremental Sort  (cost=0.33..37.12 rows=1000 width=20) (actual time=0.052..0.053 rows=10 loops=1)
               Sort Key: s_1.a, s_1.b
               Presorted Key: s_1.a
               Sort Method: quicksort  Memory: 27kB
               Sort Groups: 1
               ->  Index Scan using s_1_a_idx on s_1  (cost=0.28..45.27 rows=1000 width=20) (actual time=0.006..0.010 rows=33 loops=1)
 Planning time: 0.248 ms
 Execution time: 0.080 ms
(10 rows)

===== 370 [Wed Mar  7 01:56:19 CET 2018] scale:1000 groups:10000 work_mem:64MB incremental:on max_workers:0 =====
SELECT * FROM s_2 ORDER BY a, b, c LIMIT 10
                                                               QUERY PLAN                                                                
-----------------------------------------------------------------------------------------------------------------------------------------
 Limit  (cost=0.81..0.81 rows=1 width=20) (actual time=0.053..0.053 rows=0 loops=1)
   ->  Limit  (cost=0.34..0.71 rows=10 width=20) (actual time=0.051..0.052 rows=10 loops=1)
         ->  Incremental Sort  (cost=0.34..37.45 rows=1000 width=20) (actual time=0.050..0.051 rows=10 loops=1)
               Sort Key: s_2.a, s_2.b, s_2.c
               Presorted Key: s_2.a, s_2.b
               Sort Method: quicksort  Memory: 27kB
               Sort Groups: 1
               ->  Index Scan using s_2_a_b_idx on s_2  (cost=0.28..53.15 rows=1000 width=20) (actual time=0.008..0.012 rows=33 loops=1)
 Planning time: 0.262 ms
 Execution time: 0.076 ms
(10 rows)

===== 371 [Wed Mar  7 01:56:19 CET 2018] scale:1000 groups:10000 work_mem:64MB incremental:on max_workers:0 =====
SELECT * FROM s_3 ORDER BY a, b, c, d LIMIT 10
                                                                QUERY PLAN                                                                 
-------------------------------------------------------------------------------------------------------------------------------------------
 Limit  (cost=0.81..0.81 rows=1 width=20) (actual time=0.060..0.060 rows=0 loops=1)
   ->  Limit  (cost=0.34..0.71 rows=10 width=20) (actual time=0.057..0.058 rows=10 loops=1)
         ->  Incremental Sort  (cost=0.34..37.63 rows=1000 width=20) (actual time=0.057..0.057 rows=10 loops=1)
               Sort Key: s_3.a, s_3.b, s_3.c, s_3.d
               Presorted Key: s_3.a, s_3.b, s_3.c
               Sort Method: quicksort  Memory: 27kB
               Sort Groups: 1
               ->  Index Scan using s_3_a_b_c_idx on s_3  (cost=0.28..57.15 rows=1000 width=20) (actual time=0.011..0.015 rows=33 loops=1)
 Planning time: 0.264 ms
 Execution time: 0.082 ms
(10 rows)

===== 372 [Wed Mar  7 01:56:19 CET 2018] scale:1000 groups:10000 work_mem:64MB incremental:on max_workers:0 =====
SELECT * FROM s_4 ORDER BY a, b, c, d, e LIMIT 10
                                                                 QUERY PLAN                                                                  
---------------------------------------------------------------------------------------------------------------------------------------------
 Limit  (cost=0.81..0.81 rows=1 width=20) (actual time=0.059..0.059 rows=0 loops=1)
   ->  Limit  (cost=0.34..0.71 rows=10 width=20) (actual time=0.056..0.058 rows=10 loops=1)
         ->  Incremental Sort  (cost=0.34..37.63 rows=1000 width=20) (actual time=0.056..0.057 rows=10 loops=1)
               Sort Key: s_4.a, s_4.b, s_4.c, s_4.d, s_4.e
               Presorted Key: s_4.a, s_4.b, s_4.c, s_4.d
               Sort Method: quicksort  Memory: 27kB
               Sort Groups: 1
               ->  Index Scan using s_4_a_b_c_d_idx on s_4  (cost=0.28..57.15 rows=1000 width=20) (actual time=0.011..0.015 rows=33 loops=1)
 Planning time: 0.260 ms
 Execution time: 0.082 ms
(10 rows)

===== 373 [Wed Mar  7 01:56:19 CET 2018] scale:1000 groups:10000 work_mem:64MB incremental:off max_workers:0 =====
SELECT * FROM s_1 ORDER BY a, b LIMIT 10
                                                      QUERY PLAN                                                       
-----------------------------------------------------------------------------------------------------------------------
 Limit  (cost=38.73..38.73 rows=1 width=20) (actual time=0.148..0.148 rows=0 loops=1)
   ->  Limit  (cost=38.61..38.63 rows=10 width=20) (actual time=0.146..0.147 rows=10 loops=1)
         ->  Sort  (cost=38.61..41.11 rows=1000 width=20) (actual time=0.146..0.146 rows=10 loops=1)
               Sort Key: s_1.a, s_1.b
               Sort Method: top-N heapsort  Memory: 25kB
               ->  Seq Scan on s_1  (cost=0.00..17.00 rows=1000 width=20) (actual time=0.004..0.055 rows=1000 loops=1)
 Planning time: 0.245 ms
 Execution time: 0.173 ms
(8 rows)

===== 374 [Wed Mar  7 01:56:19 CET 2018] scale:1000 groups:10000 work_mem:64MB incremental:off max_workers:0 =====
SELECT * FROM s_2 ORDER BY a, b, c LIMIT 10
                                                      QUERY PLAN                                                       
-----------------------------------------------------------------------------------------------------------------------
 Limit  (cost=38.73..38.73 rows=1 width=20) (actual time=0.153..0.153 rows=0 loops=1)
   ->  Limit  (cost=38.61..38.63 rows=10 width=20) (actual time=0.151..0.152 rows=10 loops=1)
         ->  Sort  (cost=38.61..41.11 rows=1000 width=20) (actual time=0.151..0.151 rows=10 loops=1)
               Sort Key: s_2.a, s_2.b, s_2.c
               Sort Method: top-N heapsort  Memory: 25kB
               ->  Seq Scan on s_2  (cost=0.00..17.00 rows=1000 width=20) (actual time=0.007..0.057 rows=1000 loops=1)
 Planning time: 0.247 ms
 Execution time: 0.176 ms
(8 rows)

===== 375 [Wed Mar  7 01:56:19 CET 2018] scale:1000 groups:10000 work_mem:64MB incremental:off max_workers:0 =====
SELECT * FROM s_3 ORDER BY a, b, c, d LIMIT 10
                                                      QUERY PLAN                                                       
-----------------------------------------------------------------------------------------------------------------------
 Limit  (cost=38.73..38.73 rows=1 width=20) (actual time=0.152..0.152 rows=0 loops=1)
   ->  Limit  (cost=38.61..38.63 rows=10 width=20) (actual time=0.150..0.151 rows=10 loops=1)
         ->  Sort  (cost=38.61..41.11 rows=1000 width=20) (actual time=0.149..0.150 rows=10 loops=1)
               Sort Key: s_3.a, s_3.b, s_3.c, s_3.d
               Sort Method: top-N heapsort  Memory: 25kB
               ->  Seq Scan on s_3  (cost=0.00..17.00 rows=1000 width=20) (actual time=0.004..0.051 rows=1000 loops=1)
 Planning time: 0.258 ms
 Execution time: 0.175 ms
(8 rows)

===== 376 [Wed Mar  7 01:56:19 CET 2018] scale:1000 groups:10000 work_mem:64MB incremental:off max_workers:0 =====
SELECT * FROM s_4 ORDER BY a, b, c, d, e LIMIT 10
                                                      QUERY PLAN                                                       
-----------------------------------------------------------------------------------------------------------------------
 Limit  (cost=38.73..38.73 rows=1 width=20) (actual time=0.157..0.157 rows=0 loops=1)
   ->  Limit  (cost=38.61..38.63 rows=10 width=20) (actual time=0.155..0.156 rows=10 loops=1)
         ->  Sort  (cost=38.61..41.11 rows=1000 width=20) (actual time=0.154..0.155 rows=10 loops=1)
               Sort Key: s_4.a, s_4.b, s_4.c, s_4.d, s_4.e
               Sort Method: top-N heapsort  Memory: 25kB
               ->  Seq Scan on s_4  (cost=0.00..17.00 rows=1000 width=20) (actual time=0.007..0.058 rows=1000 loops=1)
 Planning time: 0.252 ms
 Execution time: 0.186 ms
(8 rows)

===== 377 [Wed Mar  7 01:56:19 CET 2018] scale:1000 groups:10000 work_mem:128MB incremental:on max_workers:0 =====
SELECT * FROM s_1 ORDER BY a, b LIMIT 10
                                                              QUERY PLAN                                                               
---------------------------------------------------------------------------------------------------------------------------------------
 Limit  (cost=0.80..0.80 rows=1 width=20) (actual time=0.054..0.054 rows=0 loops=1)
   ->  Limit  (cost=0.33..0.70 rows=10 width=20) (actual time=0.051..0.053 rows=10 loops=1)
         ->  Incremental Sort  (cost=0.33..37.12 rows=1000 width=20) (actual time=0.051..0.052 rows=10 loops=1)
               Sort Key: s_1.a, s_1.b
               Presorted Key: s_1.a
               Sort Method: quicksort  Memory: 27kB
               Sort Groups: 1
               ->  Index Scan using s_1_a_idx on s_1  (cost=0.28..45.27 rows=1000 width=20) (actual time=0.006..0.010 rows=33 loops=1)
 Planning time: 0.243 ms
 Execution time: 0.079 ms
(10 rows)

===== 378 [Wed Mar  7 01:56:19 CET 2018] scale:1000 groups:10000 work_mem:128MB incremental:on max_workers:0 =====
SELECT * FROM s_2 ORDER BY a, b, c LIMIT 10
                                                               QUERY PLAN                                                                
-----------------------------------------------------------------------------------------------------------------------------------------
 Limit  (cost=0.81..0.81 rows=1 width=20) (actual time=0.053..0.053 rows=0 loops=1)
   ->  Limit  (cost=0.34..0.71 rows=10 width=20) (actual time=0.051..0.052 rows=10 loops=1)
         ->  Incremental Sort  (cost=0.34..37.45 rows=1000 width=20) (actual time=0.050..0.051 rows=10 loops=1)
               Sort Key: s_2.a, s_2.b, s_2.c
               Presorted Key: s_2.a, s_2.b
               Sort Method: quicksort  Memory: 27kB
               Sort Groups: 1
               ->  Index Scan using s_2_a_b_idx on s_2  (cost=0.28..53.15 rows=1000 width=20) (actual time=0.009..0.012 rows=33 loops=1)
 Planning time: 0.253 ms
 Execution time: 0.076 ms
(10 rows)

===== 379 [Wed Mar  7 01:56:19 CET 2018] scale:1000 groups:10000 work_mem:128MB incremental:on max_workers:0 =====
SELECT * FROM s_3 ORDER BY a, b, c, d LIMIT 10
                                                                QUERY PLAN                                                                 
-------------------------------------------------------------------------------------------------------------------------------------------
 Limit  (cost=0.81..0.81 rows=1 width=20) (actual time=0.059..0.059 rows=0 loops=1)
   ->  Limit  (cost=0.34..0.71 rows=10 width=20) (actual time=0.056..0.058 rows=10 loops=1)
         ->  Incremental Sort  (cost=0.34..37.63 rows=1000 width=20) (actual time=0.056..0.057 rows=10 loops=1)
               Sort Key: s_3.a, s_3.b, s_3.c, s_3.d
               Presorted Key: s_3.a, s_3.b, s_3.c
               Sort Method: quicksort  Memory: 27kB
               Sort Groups: 1
               ->  Index Scan using s_3_a_b_c_idx on s_3  (cost=0.28..57.15 rows=1000 width=20) (actual time=0.011..0.015 rows=33 loops=1)
 Planning time: 0.261 ms
 Execution time: 0.081 ms
(10 rows)

===== 380 [Wed Mar  7 01:56:19 CET 2018] scale:1000 groups:10000 work_mem:128MB incremental:on max_workers:0 =====
SELECT * FROM s_4 ORDER BY a, b, c, d, e LIMIT 10
                                                                 QUERY PLAN                                                                  
---------------------------------------------------------------------------------------------------------------------------------------------
 Limit  (cost=0.81..0.81 rows=1 width=20) (actual time=0.058..0.058 rows=0 loops=1)
   ->  Limit  (cost=0.34..0.71 rows=10 width=20) (actual time=0.056..0.057 rows=10 loops=1)
         ->  Incremental Sort  (cost=0.34..37.63 rows=1000 width=20) (actual time=0.056..0.056 rows=10 loops=1)
               Sort Key: s_4.a, s_4.b, s_4.c, s_4.d, s_4.e
               Presorted Key: s_4.a, s_4.b, s_4.c, s_4.d
               Sort Method: quicksort  Memory: 27kB
               Sort Groups: 1
               ->  Index Scan using s_4_a_b_c_d_idx on s_4  (cost=0.28..57.15 rows=1000 width=20) (actual time=0.011..0.015 rows=33 loops=1)
 Planning time: 0.274 ms
 Execution time: 0.081 ms
(10 rows)

===== 381 [Wed Mar  7 01:56:20 CET 2018] scale:1000 groups:10000 work_mem:128MB incremental:off max_workers:0 =====
SELECT * FROM s_1 ORDER BY a, b LIMIT 10
                                                      QUERY PLAN                                                       
-----------------------------------------------------------------------------------------------------------------------
 Limit  (cost=38.73..38.73 rows=1 width=20) (actual time=0.154..0.154 rows=0 loops=1)
   ->  Limit  (cost=38.61..38.63 rows=10 width=20) (actual time=0.152..0.153 rows=10 loops=1)
         ->  Sort  (cost=38.61..41.11 rows=1000 width=20) (actual time=0.152..0.152 rows=10 loops=1)
               Sort Key: s_1.a, s_1.b
               Sort Method: top-N heapsort  Memory: 25kB
               ->  Seq Scan on s_1  (cost=0.00..17.00 rows=1000 width=20) (actual time=0.004..0.055 rows=1000 loops=1)
 Planning time: 0.248 ms
 Execution time: 0.177 ms
(8 rows)

===== 382 [Wed Mar  7 01:56:20 CET 2018] scale:1000 groups:10000 work_mem:128MB incremental:off max_workers:0 =====
SELECT * FROM s_2 ORDER BY a, b, c LIMIT 10
                                                      QUERY PLAN                                                       
-----------------------------------------------------------------------------------------------------------------------
 Limit  (cost=38.73..38.73 rows=1 width=20) (actual time=0.152..0.152 rows=0 loops=1)
   ->  Limit  (cost=38.61..38.63 rows=10 width=20) (actual time=0.150..0.151 rows=10 loops=1)
         ->  Sort  (cost=38.61..41.11 rows=1000 width=20) (actual time=0.150..0.150 rows=10 loops=1)
               Sort Key: s_2.a, s_2.b, s_2.c
               Sort Method: top-N heapsort  Memory: 25kB
               ->  Seq Scan on s_2  (cost=0.00..17.00 rows=1000 width=20) (actual time=0.007..0.058 rows=1000 loops=1)
 Planning time: 0.247 ms
 Execution time: 0.174 ms
(8 rows)

===== 383 [Wed Mar  7 01:56:20 CET 2018] scale:1000 groups:10000 work_mem:128MB incremental:off max_workers:0 =====
SELECT * FROM s_3 ORDER BY a, b, c, d LIMIT 10
                                                      QUERY PLAN                                                       
-----------------------------------------------------------------------------------------------------------------------
 Limit  (cost=38.73..38.73 rows=1 width=20) (actual time=0.176..0.176 rows=0 loops=1)
   ->  Limit  (cost=38.61..38.63 rows=10 width=20) (actual time=0.168..0.175 rows=10 loops=1)
         ->  Sort  (cost=38.61..41.11 rows=1000 width=20) (actual time=0.167..0.168 rows=10 loops=1)
               Sort Key: s_3.a, s_3.b, s_3.c, s_3.d
               Sort Method: top-N heapsort  Memory: 25kB
               ->  Seq Scan on s_3  (cost=0.00..17.00 rows=1000 width=20) (actual time=0.004..0.051 rows=1000 loops=1)
 Planning time: 0.256 ms
 Execution time: 0.197 ms
(8 rows)

===== 384 [Wed Mar  7 01:56:20 CET 2018] scale:1000 groups:10000 work_mem:128MB incremental:off max_workers:0 =====
SELECT * FROM s_4 ORDER BY a, b, c, d, e LIMIT 10
                                                      QUERY PLAN                                                       
-----------------------------------------------------------------------------------------------------------------------
 Limit  (cost=38.73..38.73 rows=1 width=20) (actual time=0.157..0.157 rows=0 loops=1)
   ->  Limit  (cost=38.61..38.63 rows=10 width=20) (actual time=0.154..0.156 rows=10 loops=1)
         ->  Sort  (cost=38.61..41.11 rows=1000 width=20) (actual time=0.154..0.155 rows=10 loops=1)
               Sort Key: s_4.a, s_4.b, s_4.c, s_4.d, s_4.e
               Sort Method: top-N heapsort  Memory: 25kB
               ->  Seq Scan on s_4  (cost=0.00..17.00 rows=1000 width=20) (actual time=0.007..0.058 rows=1000 loops=1)
 Planning time: 0.250 ms
 Execution time: 0.179 ms
(8 rows)

===== 385 [Wed Mar  7 01:56:20 CET 2018] scale:1000 groups:10000 work_mem:256MB incremental:on max_workers:0 =====
SELECT * FROM s_1 ORDER BY a, b LIMIT 10
                                                              QUERY PLAN                                                               
---------------------------------------------------------------------------------------------------------------------------------------
 Limit  (cost=0.80..0.80 rows=1 width=20) (actual time=0.055..0.055 rows=0 loops=1)
   ->  Limit  (cost=0.33..0.70 rows=10 width=20) (actual time=0.052..0.053 rows=10 loops=1)
         ->  Incremental Sort  (cost=0.33..37.12 rows=1000 width=20) (actual time=0.052..0.052 rows=10 loops=1)
               Sort Key: s_1.a, s_1.b
               Presorted Key: s_1.a
               Sort Method: quicksort  Memory: 27kB
               Sort Groups: 1
               ->  Index Scan using s_1_a_idx on s_1  (cost=0.28..45.27 rows=1000 width=20) (actual time=0.006..0.010 rows=33 loops=1)
 Planning time: 0.252 ms
 Execution time: 0.082 ms
(10 rows)

===== 386 [Wed Mar  7 01:56:20 CET 2018] scale:1000 groups:10000 work_mem:256MB incremental:on max_workers:0 =====
SELECT * FROM s_2 ORDER BY a, b, c LIMIT 10
                                                               QUERY PLAN                                                                
-----------------------------------------------------------------------------------------------------------------------------------------
 Limit  (cost=0.81..0.81 rows=1 width=20) (actual time=0.053..0.053 rows=0 loops=1)
   ->  Limit  (cost=0.34..0.71 rows=10 width=20) (actual time=0.051..0.052 rows=10 loops=1)
         ->  Incremental Sort  (cost=0.34..37.45 rows=1000 width=20) (actual time=0.051..0.051 rows=10 loops=1)
               Sort Key: s_2.a, s_2.b, s_2.c
               Presorted Key: s_2.a, s_2.b
               Sort Method: quicksort  Memory: 27kB
               Sort Groups: 1
               ->  Index Scan using s_2_a_b_idx on s_2  (cost=0.28..53.15 rows=1000 width=20) (actual time=0.009..0.012 rows=33 loops=1)
 Planning time: 0.260 ms
 Execution time: 0.077 ms
(10 rows)

===== 387 [Wed Mar  7 01:56:20 CET 2018] scale:1000 groups:10000 work_mem:256MB incremental:on max_workers:0 =====
SELECT * FROM s_3 ORDER BY a, b, c, d LIMIT 10
                                                                QUERY PLAN                                                                 
-------------------------------------------------------------------------------------------------------------------------------------------
 Limit  (cost=0.81..0.81 rows=1 width=20) (actual time=0.058..0.058 rows=0 loops=1)
   ->  Limit  (cost=0.34..0.71 rows=10 width=20) (actual time=0.055..0.057 rows=10 loops=1)
         ->  Incremental Sort  (cost=0.34..37.63 rows=1000 width=20) (actual time=0.055..0.056 rows=10 loops=1)
               Sort Key: s_3.a, s_3.b, s_3.c, s_3.d
               Presorted Key: s_3.a, s_3.b, s_3.c
               Sort Method: quicksort  Memory: 27kB
               Sort Groups: 1
               ->  Index Scan using s_3_a_b_c_idx on s_3  (cost=0.28..57.15 rows=1000 width=20) (actual time=0.011..0.014 rows=33 loops=1)
 Planning time: 0.267 ms
 Execution time: 0.080 ms
(10 rows)

===== 388 [Wed Mar  7 01:56:20 CET 2018] scale:1000 groups:10000 work_mem:256MB incremental:on max_workers:0 =====
SELECT * FROM s_4 ORDER BY a, b, c, d, e LIMIT 10
                                                                 QUERY PLAN                                                                  
---------------------------------------------------------------------------------------------------------------------------------------------
 Limit  (cost=0.81..0.81 rows=1 width=20) (actual time=0.058..0.058 rows=0 loops=1)
   ->  Limit  (cost=0.34..0.71 rows=10 width=20) (actual time=0.056..0.057 rows=10 loops=1)
         ->  Incremental Sort  (cost=0.34..37.63 rows=1000 width=20) (actual time=0.056..0.056 rows=10 loops=1)
               Sort Key: s_4.a, s_4.b, s_4.c, s_4.d, s_4.e
               Presorted Key: s_4.a, s_4.b, s_4.c, s_4.d
               Sort Method: quicksort  Memory: 27kB
               Sort Groups: 1
               ->  Index Scan using s_4_a_b_c_d_idx on s_4  (cost=0.28..57.15 rows=1000 width=20) (actual time=0.011..0.015 rows=33 loops=1)
 Planning time: 0.262 ms
 Execution time: 0.082 ms
(10 rows)

===== 389 [Wed Mar  7 01:56:20 CET 2018] scale:1000 groups:10000 work_mem:256MB incremental:off max_workers:0 =====
SELECT * FROM s_1 ORDER BY a, b LIMIT 10
                                                      QUERY PLAN                                                       
-----------------------------------------------------------------------------------------------------------------------
 Limit  (cost=38.73..38.73 rows=1 width=20) (actual time=0.157..0.157 rows=0 loops=1)
   ->  Limit  (cost=38.61..38.63 rows=10 width=20) (actual time=0.155..0.156 rows=10 loops=1)
         ->  Sort  (cost=38.61..41.11 rows=1000 width=20) (actual time=0.154..0.155 rows=10 loops=1)
               Sort Key: s_1.a, s_1.b
               Sort Method: top-N heapsort  Memory: 25kB
               ->  Seq Scan on s_1  (cost=0.00..17.00 rows=1000 width=20) (actual time=0.004..0.063 rows=1000 loops=1)
 Planning time: 0.245 ms
 Execution time: 0.179 ms
(8 rows)

===== 390 [Wed Mar  7 01:56:20 CET 2018] scale:1000 groups:10000 work_mem:256MB incremental:off max_workers:0 =====
SELECT * FROM s_2 ORDER BY a, b, c LIMIT 10
                                                      QUERY PLAN                                                       
-----------------------------------------------------------------------------------------------------------------------
 Limit  (cost=38.73..38.73 rows=1 width=20) (actual time=0.153..0.153 rows=0 loops=1)
   ->  Limit  (cost=38.61..38.63 rows=10 width=20) (actual time=0.151..0.152 rows=10 loops=1)
         ->  Sort  (cost=38.61..41.11 rows=1000 width=20) (actual time=0.151..0.151 rows=10 loops=1)
               Sort Key: s_2.a, s_2.b, s_2.c
               Sort Method: top-N heapsort  Memory: 25kB
               ->  Seq Scan on s_2  (cost=0.00..17.00 rows=1000 width=20) (actual time=0.007..0.058 rows=1000 loops=1)
 Planning time: 0.250 ms
 Execution time: 0.175 ms
(8 rows)

===== 391 [Wed Mar  7 01:56:20 CET 2018] scale:1000 groups:10000 work_mem:256MB incremental:off max_workers:0 =====
SELECT * FROM s_3 ORDER BY a, b, c, d LIMIT 10
                                                      QUERY PLAN                                                       
-----------------------------------------------------------------------------------------------------------------------
 Limit  (cost=38.73..38.73 rows=1 width=20) (actual time=0.171..0.171 rows=0 loops=1)
   ->  Limit  (cost=38.61..38.63 rows=10 width=20) (actual time=0.169..0.170 rows=10 loops=1)
         ->  Sort  (cost=38.61..41.11 rows=1000 width=20) (actual time=0.169..0.169 rows=10 loops=1)
               Sort Key: s_3.a, s_3.b, s_3.c, s_3.d
               Sort Method: top-N heapsort  Memory: 25kB
               ->  Seq Scan on s_3  (cost=0.00..17.00 rows=1000 width=20) (actual time=0.004..0.051 rows=1000 loops=1)
 Planning time: 0.255 ms
 Execution time: 0.193 ms
(8 rows)

===== 392 [Wed Mar  7 01:56:20 CET 2018] scale:1000 groups:10000 work_mem:256MB incremental:off max_workers:0 =====
SELECT * FROM s_4 ORDER BY a, b, c, d, e LIMIT 10
                                                      QUERY PLAN                                                       
-----------------------------------------------------------------------------------------------------------------------
 Limit  (cost=38.73..38.73 rows=1 width=20) (actual time=0.159..0.159 rows=0 loops=1)
   ->  Limit  (cost=38.61..38.63 rows=10 width=20) (actual time=0.157..0.158 rows=10 loops=1)
         ->  Sort  (cost=38.61..41.11 rows=1000 width=20) (actual time=0.157..0.157 rows=10 loops=1)
               Sort Key: s_4.a, s_4.b, s_4.c, s_4.d, s_4.e
               Sort Method: top-N heapsort  Memory: 25kB
               ->  Seq Scan on s_4  (cost=0.00..17.00 rows=1000 width=20) (actual time=0.007..0.058 rows=1000 loops=1)
 Planning time: 0.253 ms
 Execution time: 0.190 ms
(8 rows)

===== 393 [Wed Mar  7 01:56:20 CET 2018] scale:1000 groups:10000 work_mem:4MB incremental:on max_workers:2 =====
SELECT * FROM s_1 ORDER BY a, b LIMIT 10
                                                              QUERY PLAN                                                               
---------------------------------------------------------------------------------------------------------------------------------------
 Limit  (cost=0.80..0.80 rows=1 width=20) (actual time=0.055..0.055 rows=0 loops=1)
   ->  Limit  (cost=0.33..0.70 rows=10 width=20) (actual time=0.053..0.054 rows=10 loops=1)
         ->  Incremental Sort  (cost=0.33..37.12 rows=1000 width=20) (actual time=0.052..0.053 rows=10 loops=1)
               Sort Key: s_1.a, s_1.b
               Presorted Key: s_1.a
               Sort Method: quicksort  Memory: 27kB
               Sort Groups: 1
               ->  Index Scan using s_1_a_idx on s_1  (cost=0.28..45.27 rows=1000 width=20) (actual time=0.006..0.010 rows=33 loops=1)
 Planning time: 0.249 ms
 Execution time: 0.079 ms
(10 rows)

===== 394 [Wed Mar  7 01:56:20 CET 2018] scale:1000 groups:10000 work_mem:4MB incremental:on max_workers:2 =====
SELECT * FROM s_2 ORDER BY a, b, c LIMIT 10
                                                               QUERY PLAN                                                                
-----------------------------------------------------------------------------------------------------------------------------------------
 Limit  (cost=0.81..0.81 rows=1 width=20) (actual time=0.052..0.052 rows=0 loops=1)
   ->  Limit  (cost=0.34..0.71 rows=10 width=20) (actual time=0.050..0.051 rows=10 loops=1)
         ->  Incremental Sort  (cost=0.34..37.45 rows=1000 width=20) (actual time=0.049..0.050 rows=10 loops=1)
               Sort Key: s_2.a, s_2.b, s_2.c
               Presorted Key: s_2.a, s_2.b
               Sort Method: quicksort  Memory: 27kB
               Sort Groups: 1
               ->  Index Scan using s_2_a_b_idx on s_2  (cost=0.28..53.15 rows=1000 width=20) (actual time=0.008..0.012 rows=33 loops=1)
 Planning time: 0.271 ms
 Execution time: 0.075 ms
(10 rows)

===== 395 [Wed Mar  7 01:56:21 CET 2018] scale:1000 groups:10000 work_mem:4MB incremental:on max_workers:2 =====
SELECT * FROM s_3 ORDER BY a, b, c, d LIMIT 10
                                                                QUERY PLAN                                                                 
-------------------------------------------------------------------------------------------------------------------------------------------
 Limit  (cost=0.81..0.81 rows=1 width=20) (actual time=0.066..0.066 rows=0 loops=1)
   ->  Limit  (cost=0.34..0.71 rows=10 width=20) (actual time=0.064..0.065 rows=10 loops=1)
         ->  Incremental Sort  (cost=0.34..37.63 rows=1000 width=20) (actual time=0.063..0.064 rows=10 loops=1)
               Sort Key: s_3.a, s_3.b, s_3.c, s_3.d
               Presorted Key: s_3.a, s_3.b, s_3.c
               Sort Method: quicksort  Memory: 27kB
               Sort Groups: 1
               ->  Index Scan using s_3_a_b_c_idx on s_3  (cost=0.28..57.15 rows=1000 width=20) (actual time=0.012..0.015 rows=33 loops=1)
 Planning time: 0.261 ms
 Execution time: 0.089 ms
(10 rows)

===== 396 [Wed Mar  7 01:56:21 CET 2018] scale:1000 groups:10000 work_mem:4MB incremental:on max_workers:2 =====
SELECT * FROM s_4 ORDER BY a, b, c, d, e LIMIT 10
                                                                 QUERY PLAN                                                                  
---------------------------------------------------------------------------------------------------------------------------------------------
 Limit  (cost=0.81..0.81 rows=1 width=20) (actual time=0.059..0.059 rows=0 loops=1)
   ->  Limit  (cost=0.34..0.71 rows=10 width=20) (actual time=0.056..0.058 rows=10 loops=1)
         ->  Incremental Sort  (cost=0.34..37.63 rows=1000 width=20) (actual time=0.056..0.057 rows=10 loops=1)
               Sort Key: s_4.a, s_4.b, s_4.c, s_4.d, s_4.e
               Presorted Key: s_4.a, s_4.b, s_4.c, s_4.d
               Sort Method: quicksort  Memory: 27kB
               Sort Groups: 1
               ->  Index Scan using s_4_a_b_c_d_idx on s_4  (cost=0.28..57.15 rows=1000 width=20) (actual time=0.011..0.015 rows=33 loops=1)
 Planning time: 0.272 ms
 Execution time: 0.083 ms
(10 rows)

===== 397 [Wed Mar  7 01:56:21 CET 2018] scale:1000 groups:10000 work_mem:4MB incremental:off max_workers:2 =====
SELECT * FROM s_1 ORDER BY a, b LIMIT 10
                                                      QUERY PLAN                                                       
-----------------------------------------------------------------------------------------------------------------------
 Limit  (cost=38.73..38.73 rows=1 width=20) (actual time=0.149..0.149 rows=0 loops=1)
   ->  Limit  (cost=38.61..38.63 rows=10 width=20) (actual time=0.146..0.148 rows=10 loops=1)
         ->  Sort  (cost=38.61..41.11 rows=1000 width=20) (actual time=0.146..0.147 rows=10 loops=1)
               Sort Key: s_1.a, s_1.b
               Sort Method: top-N heapsort  Memory: 25kB
               ->  Seq Scan on s_1  (cost=0.00..17.00 rows=1000 width=20) (actual time=0.004..0.055 rows=1000 loops=1)
 Planning time: 0.259 ms
 Execution time: 0.172 ms
(8 rows)

===== 398 [Wed Mar  7 01:56:21 CET 2018] scale:1000 groups:10000 work_mem:4MB incremental:off max_workers:2 =====
SELECT * FROM s_2 ORDER BY a, b, c LIMIT 10
                                                      QUERY PLAN                                                       
-----------------------------------------------------------------------------------------------------------------------
 Limit  (cost=38.73..38.73 rows=1 width=20) (actual time=0.158..0.158 rows=0 loops=1)
   ->  Limit  (cost=38.61..38.63 rows=10 width=20) (actual time=0.156..0.157 rows=10 loops=1)
         ->  Sort  (cost=38.61..41.11 rows=1000 width=20) (actual time=0.156..0.156 rows=10 loops=1)
               Sort Key: s_2.a, s_2.b, s_2.c
               Sort Method: top-N heapsort  Memory: 25kB
               ->  Seq Scan on s_2  (cost=0.00..17.00 rows=1000 width=20) (actual time=0.007..0.063 rows=1000 loops=1)
 Planning time: 0.250 ms
 Execution time: 0.182 ms
(8 rows)

===== 399 [Wed Mar  7 01:56:21 CET 2018] scale:1000 groups:10000 work_mem:4MB incremental:off max_workers:2 =====
SELECT * FROM s_3 ORDER BY a, b, c, d LIMIT 10
                                                      QUERY PLAN                                                       
-----------------------------------------------------------------------------------------------------------------------
 Limit  (cost=38.73..38.73 rows=1 width=20) (actual time=0.170..0.170 rows=0 loops=1)
   ->  Limit  (cost=38.61..38.63 rows=10 width=20) (actual time=0.167..0.169 rows=10 loops=1)
         ->  Sort  (cost=38.61..41.11 rows=1000 width=20) (actual time=0.167..0.167 rows=10 loops=1)
               Sort Key: s_3.a, s_3.b, s_3.c, s_3.d
               Sort Method: top-N heapsort  Memory: 25kB
               ->  Seq Scan on s_3  (cost=0.00..17.00 rows=1000 width=20) (actual time=0.004..0.051 rows=1000 loops=1)
 Planning time: 0.262 ms
 Execution time: 0.193 ms
(8 rows)

===== 400 [Wed Mar  7 01:56:21 CET 2018] scale:1000 groups:10000 work_mem:4MB incremental:off max_workers:2 =====
SELECT * FROM s_4 ORDER BY a, b, c, d, e LIMIT 10
                                                      QUERY PLAN                                                       
-----------------------------------------------------------------------------------------------------------------------
 Limit  (cost=38.73..38.73 rows=1 width=20) (actual time=0.157..0.157 rows=0 loops=1)
   ->  Limit  (cost=38.61..38.63 rows=10 width=20) (actual time=0.155..0.156 rows=10 loops=1)
         ->  Sort  (cost=38.61..41.11 rows=1000 width=20) (actual time=0.155..0.155 rows=10 loops=1)
               Sort Key: s_4.a, s_4.b, s_4.c, s_4.d, s_4.e
               Sort Method: top-N heapsort  Memory: 25kB
               ->  Seq Scan on s_4  (cost=0.00..17.00 rows=1000 width=20) (actual time=0.007..0.058 rows=1000 loops=1)
 Planning time: 0.264 ms
 Execution time: 0.180 ms
(8 rows)

===== 401 [Wed Mar  7 01:56:21 CET 2018] scale:1000 groups:10000 work_mem:8MB incremental:on max_workers:2 =====
SELECT * FROM s_1 ORDER BY a, b LIMIT 10
                                                              QUERY PLAN                                                               
---------------------------------------------------------------------------------------------------------------------------------------
 Limit  (cost=0.80..0.80 rows=1 width=20) (actual time=0.055..0.055 rows=0 loops=1)
   ->  Limit  (cost=0.33..0.70 rows=10 width=20) (actual time=0.052..0.054 rows=10 loops=1)
         ->  Incremental Sort  (cost=0.33..37.12 rows=1000 width=20) (actual time=0.052..0.053 rows=10 loops=1)
               Sort Key: s_1.a, s_1.b
               Presorted Key: s_1.a
               Sort Method: quicksort  Memory: 27kB
               Sort Groups: 1
               ->  Index Scan using s_1_a_idx on s_1  (cost=0.28..45.27 rows=1000 width=20) (actual time=0.006..0.010 rows=33 loops=1)
 Planning time: 0.254 ms
 Execution time: 0.081 ms
(10 rows)

===== 402 [Wed Mar  7 01:56:21 CET 2018] scale:1000 groups:10000 work_mem:8MB incremental:on max_workers:2 =====
SELECT * FROM s_2 ORDER BY a, b, c LIMIT 10
                                                               QUERY PLAN                                                                
-----------------------------------------------------------------------------------------------------------------------------------------
 Limit  (cost=0.81..0.81 rows=1 width=20) (actual time=0.053..0.053 rows=0 loops=1)
   ->  Limit  (cost=0.34..0.71 rows=10 width=20) (actual time=0.051..0.052 rows=10 loops=1)
         ->  Incremental Sort  (cost=0.34..37.45 rows=1000 width=20) (actual time=0.051..0.051 rows=10 loops=1)
               Sort Key: s_2.a, s_2.b, s_2.c
               Presorted Key: s_2.a, s_2.b
               Sort Method: quicksort  Memory: 27kB
               Sort Groups: 1
               ->  Index Scan using s_2_a_b_idx on s_2  (cost=0.28..53.15 rows=1000 width=20) (actual time=0.008..0.012 rows=33 loops=1)
 Planning time: 0.269 ms
 Execution time: 0.081 ms
(10 rows)

===== 403 [Wed Mar  7 01:56:21 CET 2018] scale:1000 groups:10000 work_mem:8MB incremental:on max_workers:2 =====
SELECT * FROM s_3 ORDER BY a, b, c, d LIMIT 10
                                                                QUERY PLAN                                                                 
-------------------------------------------------------------------------------------------------------------------------------------------
 Limit  (cost=0.81..0.81 rows=1 width=20) (actual time=0.058..0.058 rows=0 loops=1)
   ->  Limit  (cost=0.34..0.71 rows=10 width=20) (actual time=0.056..0.057 rows=10 loops=1)
         ->  Incremental Sort  (cost=0.34..37.63 rows=1000 width=20) (actual time=0.055..0.056 rows=10 loops=1)
               Sort Key: s_3.a, s_3.b, s_3.c, s_3.d
               Presorted Key: s_3.a, s_3.b, s_3.c
               Sort Method: quicksort  Memory: 27kB
               Sort Groups: 1
               ->  Index Scan using s_3_a_b_c_idx on s_3  (cost=0.28..57.15 rows=1000 width=20) (actual time=0.011..0.015 rows=33 loops=1)
 Planning time: 0.275 ms
 Execution time: 0.081 ms
(10 rows)

===== 404 [Wed Mar  7 01:56:21 CET 2018] scale:1000 groups:10000 work_mem:8MB incremental:on max_workers:2 =====
SELECT * FROM s_4 ORDER BY a, b, c, d, e LIMIT 10
                                                                 QUERY PLAN                                                                  
---------------------------------------------------------------------------------------------------------------------------------------------
 Limit  (cost=0.81..0.81 rows=1 width=20) (actual time=0.058..0.058 rows=0 loops=1)
   ->  Limit  (cost=0.34..0.71 rows=10 width=20) (actual time=0.056..0.057 rows=10 loops=1)
         ->  Incremental Sort  (cost=0.34..37.63 rows=1000 width=20) (actual time=0.056..0.056 rows=10 loops=1)
               Sort Key: s_4.a, s_4.b, s_4.c, s_4.d, s_4.e
               Presorted Key: s_4.a, s_4.b, s_4.c, s_4.d
               Sort Method: quicksort  Memory: 27kB
               Sort Groups: 1
               ->  Index Scan using s_4_a_b_c_d_idx on s_4  (cost=0.28..57.15 rows=1000 width=20) (actual time=0.011..0.014 rows=33 loops=1)
 Planning time: 0.273 ms
 Execution time: 0.081 ms
(10 rows)

===== 405 [Wed Mar  7 01:56:21 CET 2018] scale:1000 groups:10000 work_mem:8MB incremental:off max_workers:2 =====
SELECT * FROM s_1 ORDER BY a, b LIMIT 10
                                                      QUERY PLAN                                                       
-----------------------------------------------------------------------------------------------------------------------
 Limit  (cost=38.73..38.73 rows=1 width=20) (actual time=0.150..0.150 rows=0 loops=1)
   ->  Limit  (cost=38.61..38.63 rows=10 width=20) (actual time=0.148..0.149 rows=10 loops=1)
         ->  Sort  (cost=38.61..41.11 rows=1000 width=20) (actual time=0.147..0.148 rows=10 loops=1)
               Sort Key: s_1.a, s_1.b
               Sort Method: top-N heapsort  Memory: 25kB
               ->  Seq Scan on s_1  (cost=0.00..17.00 rows=1000 width=20) (actual time=0.004..0.055 rows=1000 loops=1)
 Planning time: 0.245 ms
 Execution time: 0.172 ms
(8 rows)

===== 406 [Wed Mar  7 01:56:21 CET 2018] scale:1000 groups:10000 work_mem:8MB incremental:off max_workers:2 =====
SELECT * FROM s_2 ORDER BY a, b, c LIMIT 10
                                                      QUERY PLAN                                                       
-----------------------------------------------------------------------------------------------------------------------
 Limit  (cost=38.73..38.73 rows=1 width=20) (actual time=0.152..0.152 rows=0 loops=1)
   ->  Limit  (cost=38.61..38.63 rows=10 width=20) (actual time=0.150..0.151 rows=10 loops=1)
         ->  Sort  (cost=38.61..41.11 rows=1000 width=20) (actual time=0.150..0.150 rows=10 loops=1)
               Sort Key: s_2.a, s_2.b, s_2.c
               Sort Method: top-N heapsort  Memory: 25kB
               ->  Seq Scan on s_2  (cost=0.00..17.00 rows=1000 width=20) (actual time=0.007..0.058 rows=1000 loops=1)
 Planning time: 0.250 ms
 Execution time: 0.175 ms
(8 rows)

===== 407 [Wed Mar  7 01:56:21 CET 2018] scale:1000 groups:10000 work_mem:8MB incremental:off max_workers:2 =====
SELECT * FROM s_3 ORDER BY a, b, c, d LIMIT 10
                                                      QUERY PLAN                                                       
-----------------------------------------------------------------------------------------------------------------------
 Limit  (cost=38.73..38.73 rows=1 width=20) (actual time=0.159..0.159 rows=0 loops=1)
   ->  Limit  (cost=38.61..38.63 rows=10 width=20) (actual time=0.156..0.158 rows=10 loops=1)
         ->  Sort  (cost=38.61..41.11 rows=1000 width=20) (actual time=0.156..0.157 rows=10 loops=1)
               Sort Key: s_3.a, s_3.b, s_3.c, s_3.d
               Sort Method: top-N heapsort  Memory: 25kB
               ->  Seq Scan on s_3  (cost=0.00..17.00 rows=1000 width=20) (actual time=0.004..0.057 rows=1000 loops=1)
 Planning time: 0.258 ms
 Execution time: 0.181 ms
(8 rows)

===== 408 [Wed Mar  7 01:56:21 CET 2018] scale:1000 groups:10000 work_mem:8MB incremental:off max_workers:2 =====
SELECT * FROM s_4 ORDER BY a, b, c, d, e LIMIT 10
                                                      QUERY PLAN                                                       
-----------------------------------------------------------------------------------------------------------------------
 Limit  (cost=38.73..38.73 rows=1 width=20) (actual time=0.165..0.165 rows=0 loops=1)
   ->  Limit  (cost=38.61..38.63 rows=10 width=20) (actual time=0.163..0.164 rows=10 loops=1)
         ->  Sort  (cost=38.61..41.11 rows=1000 width=20) (actual time=0.162..0.163 rows=10 loops=1)
               Sort Key: s_4.a, s_4.b, s_4.c, s_4.d, s_4.e
               Sort Method: top-N heapsort  Memory: 25kB
               ->  Seq Scan on s_4  (cost=0.00..17.00 rows=1000 width=20) (actual time=0.007..0.058 rows=1000 loops=1)
 Planning time: 0.254 ms
 Execution time: 0.187 ms
(8 rows)

===== 409 [Wed Mar  7 01:56:21 CET 2018] scale:1000 groups:10000 work_mem:16MB incremental:on max_workers:2 =====
SELECT * FROM s_1 ORDER BY a, b LIMIT 10
                                                              QUERY PLAN                                                               
---------------------------------------------------------------------------------------------------------------------------------------
 Limit  (cost=0.80..0.80 rows=1 width=20) (actual time=0.055..0.055 rows=0 loops=1)
   ->  Limit  (cost=0.33..0.70 rows=10 width=20) (actual time=0.052..0.054 rows=10 loops=1)
         ->  Incremental Sort  (cost=0.33..37.12 rows=1000 width=20) (actual time=0.052..0.053 rows=10 loops=1)
               Sort Key: s_1.a, s_1.b
               Presorted Key: s_1.a
               Sort Method: quicksort  Memory: 27kB
               Sort Groups: 1
               ->  Index Scan using s_1_a_idx on s_1  (cost=0.28..45.27 rows=1000 width=20) (actual time=0.006..0.010 rows=33 loops=1)
 Planning time: 0.251 ms
 Execution time: 0.087 ms
(10 rows)

===== 410 [Wed Mar  7 01:56:22 CET 2018] scale:1000 groups:10000 work_mem:16MB incremental:on max_workers:2 =====
SELECT * FROM s_2 ORDER BY a, b, c LIMIT 10
                                                               QUERY PLAN                                                                
-----------------------------------------------------------------------------------------------------------------------------------------
 Limit  (cost=0.81..0.81 rows=1 width=20) (actual time=0.061..0.061 rows=0 loops=1)
   ->  Limit  (cost=0.34..0.71 rows=10 width=20) (actual time=0.059..0.060 rows=10 loops=1)
         ->  Incremental Sort  (cost=0.34..37.45 rows=1000 width=20) (actual time=0.058..0.059 rows=10 loops=1)
               Sort Key: s_2.a, s_2.b, s_2.c
               Presorted Key: s_2.a, s_2.b
               Sort Method: quicksort  Memory: 27kB
               Sort Groups: 1
               ->  Index Scan using s_2_a_b_idx on s_2  (cost=0.28..53.15 rows=1000 width=20) (actual time=0.009..0.013 rows=33 loops=1)
 Planning time: 0.261 ms
 Execution time: 0.084 ms
(10 rows)

===== 411 [Wed Mar  7 01:56:22 CET 2018] scale:1000 groups:10000 work_mem:16MB incremental:on max_workers:2 =====
SELECT * FROM s_3 ORDER BY a, b, c, d LIMIT 10
                                                                QUERY PLAN                                                                 
-------------------------------------------------------------------------------------------------------------------------------------------
 Limit  (cost=0.81..0.81 rows=1 width=20) (actual time=0.061..0.061 rows=0 loops=1)
   ->  Limit  (cost=0.34..0.71 rows=10 width=20) (actual time=0.059..0.060 rows=10 loops=1)
         ->  Incremental Sort  (cost=0.34..37.63 rows=1000 width=20) (actual time=0.059..0.059 rows=10 loops=1)
               Sort Key: s_3.a, s_3.b, s_3.c, s_3.d
               Presorted Key: s_3.a, s_3.b, s_3.c
               Sort Method: quicksort  Memory: 27kB
               Sort Groups: 1
               ->  Index Scan using s_3_a_b_c_idx on s_3  (cost=0.28..57.15 rows=1000 width=20) (actual time=0.011..0.015 rows=33 loops=1)
 Planning time: 0.270 ms
 Execution time: 0.085 ms
(10 rows)

===== 412 [Wed Mar  7 01:56:22 CET 2018] scale:1000 groups:10000 work_mem:16MB incremental:on max_workers:2 =====
SELECT * FROM s_4 ORDER BY a, b, c, d, e LIMIT 10
                                                                 QUERY PLAN                                                                  
---------------------------------------------------------------------------------------------------------------------------------------------
 Limit  (cost=0.81..0.81 rows=1 width=20) (actual time=0.058..0.058 rows=0 loops=1)
   ->  Limit  (cost=0.34..0.71 rows=10 width=20) (actual time=0.056..0.057 rows=10 loops=1)
         ->  Incremental Sort  (cost=0.34..37.63 rows=1000 width=20) (actual time=0.056..0.056 rows=10 loops=1)
               Sort Key: s_4.a, s_4.b, s_4.c, s_4.d, s_4.e
               Presorted Key: s_4.a, s_4.b, s_4.c, s_4.d
               Sort Method: quicksort  Memory: 27kB
               Sort Groups: 1
               ->  Index Scan using s_4_a_b_c_d_idx on s_4  (cost=0.28..57.15 rows=1000 width=20) (actual time=0.011..0.015 rows=33 loops=1)
 Planning time: 0.273 ms
 Execution time: 0.081 ms
(10 rows)

===== 413 [Wed Mar  7 01:56:22 CET 2018] scale:1000 groups:10000 work_mem:16MB incremental:off max_workers:2 =====
SELECT * FROM s_1 ORDER BY a, b LIMIT 10
                                                      QUERY PLAN                                                       
-----------------------------------------------------------------------------------------------------------------------
 Limit  (cost=38.73..38.73 rows=1 width=20) (actual time=0.151..0.151 rows=0 loops=1)
   ->  Limit  (cost=38.61..38.63 rows=10 width=20) (actual time=0.149..0.150 rows=10 loops=1)
         ->  Sort  (cost=38.61..41.11 rows=1000 width=20) (actual time=0.149..0.149 rows=10 loops=1)
               Sort Key: s_1.a, s_1.b
               Sort Method: top-N heapsort  Memory: 25kB
               ->  Seq Scan on s_1  (cost=0.00..17.00 rows=1000 width=20) (actual time=0.004..0.054 rows=1000 loops=1)
 Planning time: 0.248 ms
 Execution time: 0.185 ms
(8 rows)

===== 414 [Wed Mar  7 01:56:22 CET 2018] scale:1000 groups:10000 work_mem:16MB incremental:off max_workers:2 =====
SELECT * FROM s_2 ORDER BY a, b, c LIMIT 10
                                                      QUERY PLAN                                                       
-----------------------------------------------------------------------------------------------------------------------
 Limit  (cost=38.73..38.73 rows=1 width=20) (actual time=0.153..0.153 rows=0 loops=1)
   ->  Limit  (cost=38.61..38.63 rows=10 width=20) (actual time=0.151..0.152 rows=10 loops=1)
         ->  Sort  (cost=38.61..41.11 rows=1000 width=20) (actual time=0.151..0.151 rows=10 loops=1)
               Sort Key: s_2.a, s_2.b, s_2.c
               Sort Method: top-N heapsort  Memory: 25kB
               ->  Seq Scan on s_2  (cost=0.00..17.00 rows=1000 width=20) (actual time=0.007..0.058 rows=1000 loops=1)
 Planning time: 0.249 ms
 Execution time: 0.175 ms
(8 rows)

===== 415 [Wed Mar  7 01:56:22 CET 2018] scale:1000 groups:10000 work_mem:16MB incremental:off max_workers:2 =====
SELECT * FROM s_3 ORDER BY a, b, c, d LIMIT 10
                                                      QUERY PLAN                                                       
-----------------------------------------------------------------------------------------------------------------------
 Limit  (cost=38.73..38.73 rows=1 width=20) (actual time=0.173..0.173 rows=0 loops=1)
   ->  Limit  (cost=38.61..38.63 rows=10 width=20) (actual time=0.171..0.172 rows=10 loops=1)
         ->  Sort  (cost=38.61..41.11 rows=1000 width=20) (actual time=0.171..0.171 rows=10 loops=1)
               Sort Key: s_3.a, s_3.b, s_3.c, s_3.d
               Sort Method: top-N heapsort  Memory: 25kB
               ->  Seq Scan on s_3  (cost=0.00..17.00 rows=1000 width=20) (actual time=0.004..0.052 rows=1000 loops=1)
 Planning time: 0.258 ms
 Execution time: 0.195 ms
(8 rows)

===== 416 [Wed Mar  7 01:56:22 CET 2018] scale:1000 groups:10000 work_mem:16MB incremental:off max_workers:2 =====
SELECT * FROM s_4 ORDER BY a, b, c, d, e LIMIT 10
                                                      QUERY PLAN                                                       
-----------------------------------------------------------------------------------------------------------------------
 Limit  (cost=38.73..38.73 rows=1 width=20) (actual time=0.155..0.155 rows=0 loops=1)
   ->  Limit  (cost=38.61..38.63 rows=10 width=20) (actual time=0.153..0.154 rows=10 loops=1)
         ->  Sort  (cost=38.61..41.11 rows=1000 width=20) (actual time=0.153..0.153 rows=10 loops=1)
               Sort Key: s_4.a, s_4.b, s_4.c, s_4.d, s_4.e
               Sort Method: top-N heapsort  Memory: 25kB
               ->  Seq Scan on s_4  (cost=0.00..17.00 rows=1000 width=20) (actual time=0.007..0.058 rows=1000 loops=1)
 Planning time: 0.261 ms
 Execution time: 0.179 ms
(8 rows)

===== 417 [Wed Mar  7 01:56:22 CET 2018] scale:1000 groups:10000 work_mem:32MB incremental:on max_workers:2 =====
SELECT * FROM s_1 ORDER BY a, b LIMIT 10
                                                              QUERY PLAN                                                               
---------------------------------------------------------------------------------------------------------------------------------------
 Limit  (cost=0.80..0.80 rows=1 width=20) (actual time=0.056..0.056 rows=0 loops=1)
   ->  Limit  (cost=0.33..0.70 rows=10 width=20) (actual time=0.053..0.055 rows=10 loops=1)
         ->  Incremental Sort  (cost=0.33..37.12 rows=1000 width=20) (actual time=0.053..0.054 rows=10 loops=1)
               Sort Key: s_1.a, s_1.b
               Presorted Key: s_1.a
               Sort Method: quicksort  Memory: 27kB
               Sort Groups: 1
               ->  Index Scan using s_1_a_idx on s_1  (cost=0.28..45.27 rows=1000 width=20) (actual time=0.006..0.010 rows=33 loops=1)
 Planning time: 0.249 ms
 Execution time: 0.081 ms
(10 rows)

===== 418 [Wed Mar  7 01:56:22 CET 2018] scale:1000 groups:10000 work_mem:32MB incremental:on max_workers:2 =====
SELECT * FROM s_2 ORDER BY a, b, c LIMIT 10
                                                               QUERY PLAN                                                                
-----------------------------------------------------------------------------------------------------------------------------------------
 Limit  (cost=0.81..0.81 rows=1 width=20) (actual time=0.053..0.053 rows=0 loops=1)
   ->  Limit  (cost=0.34..0.71 rows=10 width=20) (actual time=0.051..0.052 rows=10 loops=1)
         ->  Incremental Sort  (cost=0.34..37.45 rows=1000 width=20) (actual time=0.050..0.051 rows=10 loops=1)
               Sort Key: s_2.a, s_2.b, s_2.c
               Presorted Key: s_2.a, s_2.b
               Sort Method: quicksort  Memory: 27kB
               Sort Groups: 1
               ->  Index Scan using s_2_a_b_idx on s_2  (cost=0.28..53.15 rows=1000 width=20) (actual time=0.009..0.012 rows=33 loops=1)
 Planning time: 0.262 ms
 Execution time: 0.077 ms
(10 rows)

===== 419 [Wed Mar  7 01:56:22 CET 2018] scale:1000 groups:10000 work_mem:32MB incremental:on max_workers:2 =====
SELECT * FROM s_3 ORDER BY a, b, c, d LIMIT 10
                                                                QUERY PLAN                                                                 
-------------------------------------------------------------------------------------------------------------------------------------------
 Limit  (cost=0.81..0.81 rows=1 width=20) (actual time=0.058..0.058 rows=0 loops=1)
   ->  Limit  (cost=0.34..0.71 rows=10 width=20) (actual time=0.056..0.057 rows=10 loops=1)
         ->  Incremental Sort  (cost=0.34..37.63 rows=1000 width=20) (actual time=0.056..0.056 rows=10 loops=1)
               Sort Key: s_3.a, s_3.b, s_3.c, s_3.d
               Presorted Key: s_3.a, s_3.b, s_3.c
               Sort Method: quicksort  Memory: 27kB
               Sort Groups: 1
               ->  Index Scan using s_3_a_b_c_idx on s_3  (cost=0.28..57.15 rows=1000 width=20) (actual time=0.011..0.015 rows=33 loops=1)
 Planning time: 0.270 ms
 Execution time: 0.081 ms
(10 rows)

===== 420 [Wed Mar  7 01:56:22 CET 2018] scale:1000 groups:10000 work_mem:32MB incremental:on max_workers:2 =====
SELECT * FROM s_4 ORDER BY a, b, c, d, e LIMIT 10
                                                                 QUERY PLAN                                                                  
---------------------------------------------------------------------------------------------------------------------------------------------
 Limit  (cost=0.81..0.81 rows=1 width=20) (actual time=0.059..0.059 rows=0 loops=1)
   ->  Limit  (cost=0.34..0.71 rows=10 width=20) (actual time=0.057..0.058 rows=10 loops=1)
         ->  Incremental Sort  (cost=0.34..37.63 rows=1000 width=20) (actual time=0.057..0.057 rows=10 loops=1)
               Sort Key: s_4.a, s_4.b, s_4.c, s_4.d, s_4.e
               Presorted Key: s_4.a, s_4.b, s_4.c, s_4.d
               Sort Method: quicksort  Memory: 27kB
               Sort Groups: 1
               ->  Index Scan using s_4_a_b_c_d_idx on s_4  (cost=0.28..57.15 rows=1000 width=20) (actual time=0.011..0.015 rows=33 loops=1)
 Planning time: 0.270 ms
 Execution time: 0.082 ms
(10 rows)

===== 421 [Wed Mar  7 01:56:22 CET 2018] scale:1000 groups:10000 work_mem:32MB incremental:off max_workers:2 =====
SELECT * FROM s_1 ORDER BY a, b LIMIT 10
                                                      QUERY PLAN                                                       
-----------------------------------------------------------------------------------------------------------------------
 Limit  (cost=38.73..38.73 rows=1 width=20) (actual time=0.148..0.148 rows=0 loops=1)
   ->  Limit  (cost=38.61..38.63 rows=10 width=20) (actual time=0.146..0.147 rows=10 loops=1)
         ->  Sort  (cost=38.61..41.11 rows=1000 width=20) (actual time=0.146..0.146 rows=10 loops=1)
               Sort Key: s_1.a, s_1.b
               Sort Method: top-N heapsort  Memory: 25kB
               ->  Seq Scan on s_1  (cost=0.00..17.00 rows=1000 width=20) (actual time=0.004..0.055 rows=1000 loops=1)
 Planning time: 0.247 ms
 Execution time: 0.171 ms
(8 rows)

===== 422 [Wed Mar  7 01:56:22 CET 2018] scale:1000 groups:10000 work_mem:32MB incremental:off max_workers:2 =====
SELECT * FROM s_2 ORDER BY a, b, c LIMIT 10
                                                      QUERY PLAN                                                       
-----------------------------------------------------------------------------------------------------------------------
 Limit  (cost=38.73..38.73 rows=1 width=20) (actual time=0.151..0.151 rows=0 loops=1)
   ->  Limit  (cost=38.61..38.63 rows=10 width=20) (actual time=0.149..0.150 rows=10 loops=1)
         ->  Sort  (cost=38.61..41.11 rows=1000 width=20) (actual time=0.149..0.149 rows=10 loops=1)
               Sort Key: s_2.a, s_2.b, s_2.c
               Sort Method: top-N heapsort  Memory: 25kB
               ->  Seq Scan on s_2  (cost=0.00..17.00 rows=1000 width=20) (actual time=0.007..0.057 rows=1000 loops=1)
 Planning time: 0.246 ms
 Execution time: 0.173 ms
(8 rows)

===== 423 [Wed Mar  7 01:56:22 CET 2018] scale:1000 groups:10000 work_mem:32MB incremental:off max_workers:2 =====
SELECT * FROM s_3 ORDER BY a, b, c, d LIMIT 10
                                                      QUERY PLAN                                                       
-----------------------------------------------------------------------------------------------------------------------
 Limit  (cost=38.73..38.73 rows=1 width=20) (actual time=0.171..0.171 rows=0 loops=1)
   ->  Limit  (cost=38.61..38.63 rows=10 width=20) (actual time=0.169..0.170 rows=10 loops=1)
         ->  Sort  (cost=38.61..41.11 rows=1000 width=20) (actual time=0.168..0.169 rows=10 loops=1)
               Sort Key: s_3.a, s_3.b, s_3.c, s_3.d
               Sort Method: top-N heapsort  Memory: 25kB
               ->  Seq Scan on s_3  (cost=0.00..17.00 rows=1000 width=20) (actual time=0.004..0.053 rows=1000 loops=1)
 Planning time: 0.255 ms
 Execution time: 0.193 ms
(8 rows)

===== 424 [Wed Mar  7 01:56:23 CET 2018] scale:1000 groups:10000 work_mem:32MB incremental:off max_workers:2 =====
SELECT * FROM s_4 ORDER BY a, b, c, d, e LIMIT 10
                                                      QUERY PLAN                                                       
-----------------------------------------------------------------------------------------------------------------------
 Limit  (cost=38.73..38.73 rows=1 width=20) (actual time=0.171..0.171 rows=0 loops=1)
   ->  Limit  (cost=38.61..38.63 rows=10 width=20) (actual time=0.169..0.170 rows=10 loops=1)
         ->  Sort  (cost=38.61..41.11 rows=1000 width=20) (actual time=0.169..0.169 rows=10 loops=1)
               Sort Key: s_4.a, s_4.b, s_4.c, s_4.d, s_4.e
               Sort Method: top-N heapsort  Memory: 25kB
               ->  Seq Scan on s_4  (cost=0.00..17.00 rows=1000 width=20) (actual time=0.007..0.059 rows=1000 loops=1)
 Planning time: 0.253 ms
 Execution time: 0.193 ms
(8 rows)

===== 425 [Wed Mar  7 01:56:23 CET 2018] scale:1000 groups:10000 work_mem:64MB incremental:on max_workers:2 =====
SELECT * FROM s_1 ORDER BY a, b LIMIT 10
                                                              QUERY PLAN                                                               
---------------------------------------------------------------------------------------------------------------------------------------
 Limit  (cost=0.80..0.80 rows=1 width=20) (actual time=0.055..0.055 rows=0 loops=1)
   ->  Limit  (cost=0.33..0.70 rows=10 width=20) (actual time=0.053..0.054 rows=10 loops=1)
         ->  Incremental Sort  (cost=0.33..37.12 rows=1000 width=20) (actual time=0.053..0.053 rows=10 loops=1)
               Sort Key: s_1.a, s_1.b
               Presorted Key: s_1.a
               Sort Method: quicksort  Memory: 27kB
               Sort Groups: 1
               ->  Index Scan using s_1_a_idx on s_1  (cost=0.28..45.27 rows=1000 width=20) (actual time=0.006..0.010 rows=33 loops=1)
 Planning time: 0.252 ms
 Execution time: 0.082 ms
(10 rows)

===== 426 [Wed Mar  7 01:56:23 CET 2018] scale:1000 groups:10000 work_mem:64MB incremental:on max_workers:2 =====
SELECT * FROM s_2 ORDER BY a, b, c LIMIT 10
                                                               QUERY PLAN                                                                
-----------------------------------------------------------------------------------------------------------------------------------------
 Limit  (cost=0.81..0.81 rows=1 width=20) (actual time=0.052..0.052 rows=0 loops=1)
   ->  Limit  (cost=0.34..0.71 rows=10 width=20) (actual time=0.050..0.051 rows=10 loops=1)
         ->  Incremental Sort  (cost=0.34..37.45 rows=1000 width=20) (actual time=0.049..0.050 rows=10 loops=1)
               Sort Key: s_2.a, s_2.b, s_2.c
               Presorted Key: s_2.a, s_2.b
               Sort Method: quicksort  Memory: 27kB
               Sort Groups: 1
               ->  Index Scan using s_2_a_b_idx on s_2  (cost=0.28..53.15 rows=1000 width=20) (actual time=0.009..0.012 rows=33 loops=1)
 Planning time: 0.261 ms
 Execution time: 0.075 ms
(10 rows)

===== 427 [Wed Mar  7 01:56:23 CET 2018] scale:1000 groups:10000 work_mem:64MB incremental:on max_workers:2 =====
SELECT * FROM s_3 ORDER BY a, b, c, d LIMIT 10
                                                                QUERY PLAN                                                                 
-------------------------------------------------------------------------------------------------------------------------------------------
 Limit  (cost=0.81..0.81 rows=1 width=20) (actual time=0.058..0.058 rows=0 loops=1)
   ->  Limit  (cost=0.34..0.71 rows=10 width=20) (actual time=0.056..0.057 rows=10 loops=1)
         ->  Incremental Sort  (cost=0.34..37.63 rows=1000 width=20) (actual time=0.056..0.056 rows=10 loops=1)
               Sort Key: s_3.a, s_3.b, s_3.c, s_3.d
               Presorted Key: s_3.a, s_3.b, s_3.c
               Sort Method: quicksort  Memory: 27kB
               Sort Groups: 1
               ->  Index Scan using s_3_a_b_c_idx on s_3  (cost=0.28..57.15 rows=1000 width=20) (actual time=0.012..0.015 rows=33 loops=1)
 Planning time: 0.271 ms
 Execution time: 0.081 ms
(10 rows)

===== 428 [Wed Mar  7 01:56:23 CET 2018] scale:1000 groups:10000 work_mem:64MB incremental:on max_workers:2 =====
SELECT * FROM s_4 ORDER BY a, b, c, d, e LIMIT 10
                                                                 QUERY PLAN                                                                  
---------------------------------------------------------------------------------------------------------------------------------------------
 Limit  (cost=0.81..0.81 rows=1 width=20) (actual time=0.058..0.058 rows=0 loops=1)
   ->  Limit  (cost=0.34..0.71 rows=10 width=20) (actual time=0.055..0.057 rows=10 loops=1)
         ->  Incremental Sort  (cost=0.34..37.63 rows=1000 width=20) (actual time=0.055..0.056 rows=10 loops=1)
               Sort Key: s_4.a, s_4.b, s_4.c, s_4.d, s_4.e
               Presorted Key: s_4.a, s_4.b, s_4.c, s_4.d
               Sort Method: quicksort  Memory: 27kB
               Sort Groups: 1
               ->  Index Scan using s_4_a_b_c_d_idx on s_4  (cost=0.28..57.15 rows=1000 width=20) (actual time=0.011..0.015 rows=33 loops=1)
 Planning time: 0.267 ms
 Execution time: 0.081 ms
(10 rows)

===== 429 [Wed Mar  7 01:56:23 CET 2018] scale:1000 groups:10000 work_mem:64MB incremental:off max_workers:2 =====
SELECT * FROM s_1 ORDER BY a, b LIMIT 10
                                                      QUERY PLAN                                                       
-----------------------------------------------------------------------------------------------------------------------
 Limit  (cost=38.73..38.73 rows=1 width=20) (actual time=0.148..0.148 rows=0 loops=1)
   ->  Limit  (cost=38.61..38.63 rows=10 width=20) (actual time=0.146..0.147 rows=10 loops=1)
         ->  Sort  (cost=38.61..41.11 rows=1000 width=20) (actual time=0.145..0.146 rows=10 loops=1)
               Sort Key: s_1.a, s_1.b
               Sort Method: top-N heapsort  Memory: 25kB
               ->  Seq Scan on s_1  (cost=0.00..17.00 rows=1000 width=20) (actual time=0.004..0.055 rows=1000 loops=1)
 Planning time: 0.252 ms
 Execution time: 0.171 ms
(8 rows)

===== 430 [Wed Mar  7 01:56:23 CET 2018] scale:1000 groups:10000 work_mem:64MB incremental:off max_workers:2 =====
SELECT * FROM s_2 ORDER BY a, b, c LIMIT 10
                                                      QUERY PLAN                                                       
-----------------------------------------------------------------------------------------------------------------------
 Limit  (cost=38.73..38.73 rows=1 width=20) (actual time=0.152..0.152 rows=0 loops=1)
   ->  Limit  (cost=38.61..38.63 rows=10 width=20) (actual time=0.149..0.151 rows=10 loops=1)
         ->  Sort  (cost=38.61..41.11 rows=1000 width=20) (actual time=0.149..0.150 rows=10 loops=1)
               Sort Key: s_2.a, s_2.b, s_2.c
               Sort Method: top-N heapsort  Memory: 25kB
               ->  Seq Scan on s_2  (cost=0.00..17.00 rows=1000 width=20) (actual time=0.007..0.058 rows=1000 loops=1)
 Planning time: 0.250 ms
 Execution time: 0.174 ms
(8 rows)

===== 431 [Wed Mar  7 01:56:23 CET 2018] scale:1000 groups:10000 work_mem:64MB incremental:off max_workers:2 =====
SELECT * FROM s_3 ORDER BY a, b, c, d LIMIT 10
                                                      QUERY PLAN                                                       
-----------------------------------------------------------------------------------------------------------------------
 Limit  (cost=38.73..38.73 rows=1 width=20) (actual time=0.155..0.155 rows=0 loops=1)
   ->  Limit  (cost=38.61..38.63 rows=10 width=20) (actual time=0.153..0.154 rows=10 loops=1)
         ->  Sort  (cost=38.61..41.11 rows=1000 width=20) (actual time=0.153..0.153 rows=10 loops=1)
               Sort Key: s_3.a, s_3.b, s_3.c, s_3.d
               Sort Method: top-N heapsort  Memory: 25kB
               ->  Seq Scan on s_3  (cost=0.00..17.00 rows=1000 width=20) (actual time=0.004..0.052 rows=1000 loops=1)
 Planning time: 0.258 ms
 Execution time: 0.177 ms
(8 rows)

===== 432 [Wed Mar  7 01:56:23 CET 2018] scale:1000 groups:10000 work_mem:64MB incremental:off max_workers:2 =====
SELECT * FROM s_4 ORDER BY a, b, c, d, e LIMIT 10
                                                      QUERY PLAN                                                       
-----------------------------------------------------------------------------------------------------------------------
 Limit  (cost=38.73..38.73 rows=1 width=20) (actual time=0.157..0.157 rows=0 loops=1)
   ->  Limit  (cost=38.61..38.63 rows=10 width=20) (actual time=0.154..0.156 rows=10 loops=1)
         ->  Sort  (cost=38.61..41.11 rows=1000 width=20) (actual time=0.154..0.155 rows=10 loops=1)
               Sort Key: s_4.a, s_4.b, s_4.c, s_4.d, s_4.e
               Sort Method: top-N heapsort  Memory: 25kB
               ->  Seq Scan on s_4  (cost=0.00..17.00 rows=1000 width=20) (actual time=0.007..0.058 rows=1000 loops=1)
 Planning time: 0.256 ms
 Execution time: 0.180 ms
(8 rows)

===== 433 [Wed Mar  7 01:56:23 CET 2018] scale:1000 groups:10000 work_mem:128MB incremental:on max_workers:2 =====
SELECT * FROM s_1 ORDER BY a, b LIMIT 10
                                                              QUERY PLAN                                                               
---------------------------------------------------------------------------------------------------------------------------------------
 Limit  (cost=0.80..0.80 rows=1 width=20) (actual time=0.056..0.056 rows=0 loops=1)
   ->  Limit  (cost=0.33..0.70 rows=10 width=20) (actual time=0.053..0.054 rows=10 loops=1)
         ->  Incremental Sort  (cost=0.33..37.12 rows=1000 width=20) (actual time=0.053..0.053 rows=10 loops=1)
               Sort Key: s_1.a, s_1.b
               Presorted Key: s_1.a
               Sort Method: quicksort  Memory: 27kB
               Sort Groups: 1
               ->  Index Scan using s_1_a_idx on s_1  (cost=0.28..45.27 rows=1000 width=20) (actual time=0.006..0.010 rows=33 loops=1)
 Planning time: 0.251 ms
 Execution time: 0.090 ms
(10 rows)

===== 434 [Wed Mar  7 01:56:23 CET 2018] scale:1000 groups:10000 work_mem:128MB incremental:on max_workers:2 =====
SELECT * FROM s_2 ORDER BY a, b, c LIMIT 10
                                                               QUERY PLAN                                                                
-----------------------------------------------------------------------------------------------------------------------------------------
 Limit  (cost=0.81..0.81 rows=1 width=20) (actual time=0.052..0.052 rows=0 loops=1)
   ->  Limit  (cost=0.34..0.71 rows=10 width=20) (actual time=0.050..0.051 rows=10 loops=1)
         ->  Incremental Sort  (cost=0.34..37.45 rows=1000 width=20) (actual time=0.049..0.050 rows=10 loops=1)
               Sort Key: s_2.a, s_2.b, s_2.c
               Presorted Key: s_2.a, s_2.b
               Sort Method: quicksort  Memory: 27kB
               Sort Groups: 1
               ->  Index Scan using s_2_a_b_idx on s_2  (cost=0.28..53.15 rows=1000 width=20) (actual time=0.009..0.012 rows=33 loops=1)
 Planning time: 0.268 ms
 Execution time: 0.076 ms
(10 rows)

===== 435 [Wed Mar  7 01:56:23 CET 2018] scale:1000 groups:10000 work_mem:128MB incremental:on max_workers:2 =====
SELECT * FROM s_3 ORDER BY a, b, c, d LIMIT 10
                                                                QUERY PLAN                                                                 
-------------------------------------------------------------------------------------------------------------------------------------------
 Limit  (cost=0.81..0.81 rows=1 width=20) (actual time=0.061..0.061 rows=0 loops=1)
   ->  Limit  (cost=0.34..0.71 rows=10 width=20) (actual time=0.059..0.060 rows=10 loops=1)
         ->  Incremental Sort  (cost=0.34..37.63 rows=1000 width=20) (actual time=0.058..0.059 rows=10 loops=1)
               Sort Key: s_3.a, s_3.b, s_3.c, s_3.d
               Presorted Key: s_3.a, s_3.b, s_3.c
               Sort Method: quicksort  Memory: 27kB
               Sort Groups: 1
               ->  Index Scan using s_3_a_b_c_idx on s_3  (cost=0.28..57.15 rows=1000 width=20) (actual time=0.011..0.014 rows=33 loops=1)
 Planning time: 0.273 ms
 Execution time: 0.085 ms
(10 rows)

===== 436 [Wed Mar  7 01:56:23 CET 2018] scale:1000 groups:10000 work_mem:128MB incremental:on max_workers:2 =====
SELECT * FROM s_4 ORDER BY a, b, c, d, e LIMIT 10
                                                                 QUERY PLAN                                                                  
---------------------------------------------------------------------------------------------------------------------------------------------
 Limit  (cost=0.81..0.81 rows=1 width=20) (actual time=0.057..0.057 rows=0 loops=1)
   ->  Limit  (cost=0.34..0.71 rows=10 width=20) (actual time=0.055..0.056 rows=10 loops=1)
         ->  Incremental Sort  (cost=0.34..37.63 rows=1000 width=20) (actual time=0.055..0.055 rows=10 loops=1)
               Sort Key: s_4.a, s_4.b, s_4.c, s_4.d, s_4.e
               Presorted Key: s_4.a, s_4.b, s_4.c, s_4.d
               Sort Method: quicksort  Memory: 27kB
               Sort Groups: 1
               ->  Index Scan using s_4_a_b_c_d_idx on s_4  (cost=0.28..57.15 rows=1000 width=20) (actual time=0.011..0.015 rows=33 loops=1)
 Planning time: 0.271 ms
 Execution time: 0.080 ms
(10 rows)

===== 437 [Wed Mar  7 01:56:23 CET 2018] scale:1000 groups:10000 work_mem:128MB incremental:off max_workers:2 =====
SELECT * FROM s_1 ORDER BY a, b LIMIT 10
                                                      QUERY PLAN                                                       
-----------------------------------------------------------------------------------------------------------------------
 Limit  (cost=38.73..38.73 rows=1 width=20) (actual time=0.148..0.148 rows=0 loops=1)
   ->  Limit  (cost=38.61..38.63 rows=10 width=20) (actual time=0.146..0.147 rows=10 loops=1)
         ->  Sort  (cost=38.61..41.11 rows=1000 width=20) (actual time=0.146..0.146 rows=10 loops=1)
               Sort Key: s_1.a, s_1.b
               Sort Method: top-N heapsort  Memory: 25kB
               ->  Seq Scan on s_1  (cost=0.00..17.00 rows=1000 width=20) (actual time=0.004..0.055 rows=1000 loops=1)
 Planning time: 0.246 ms
 Execution time: 0.170 ms
(8 rows)

===== 438 [Wed Mar  7 01:56:24 CET 2018] scale:1000 groups:10000 work_mem:128MB incremental:off max_workers:2 =====
SELECT * FROM s_2 ORDER BY a, b, c LIMIT 10
                                                      QUERY PLAN                                                       
-----------------------------------------------------------------------------------------------------------------------
 Limit  (cost=38.73..38.73 rows=1 width=20) (actual time=0.151..0.151 rows=0 loops=1)
   ->  Limit  (cost=38.61..38.63 rows=10 width=20) (actual time=0.149..0.150 rows=10 loops=1)
         ->  Sort  (cost=38.61..41.11 rows=1000 width=20) (actual time=0.149..0.149 rows=10 loops=1)
               Sort Key: s_2.a, s_2.b, s_2.c
               Sort Method: top-N heapsort  Memory: 25kB
               ->  Seq Scan on s_2  (cost=0.00..17.00 rows=1000 width=20) (actual time=0.007..0.057 rows=1000 loops=1)
 Planning time: 0.251 ms
 Execution time: 0.175 ms
(8 rows)

===== 439 [Wed Mar  7 01:56:24 CET 2018] scale:1000 groups:10000 work_mem:128MB incremental:off max_workers:2 =====
SELECT * FROM s_3 ORDER BY a, b, c, d LIMIT 10
                                                      QUERY PLAN                                                       
-----------------------------------------------------------------------------------------------------------------------
 Limit  (cost=38.73..38.73 rows=1 width=20) (actual time=0.170..0.170 rows=0 loops=1)
   ->  Limit  (cost=38.61..38.63 rows=10 width=20) (actual time=0.168..0.169 rows=10 loops=1)
         ->  Sort  (cost=38.61..41.11 rows=1000 width=20) (actual time=0.167..0.168 rows=10 loops=1)
               Sort Key: s_3.a, s_3.b, s_3.c, s_3.d
               Sort Method: top-N heapsort  Memory: 25kB
               ->  Seq Scan on s_3  (cost=0.00..17.00 rows=1000 width=20) (actual time=0.004..0.051 rows=1000 loops=1)
 Planning time: 0.256 ms
 Execution time: 0.192 ms
(8 rows)

===== 440 [Wed Mar  7 01:56:24 CET 2018] scale:1000 groups:10000 work_mem:128MB incremental:off max_workers:2 =====
SELECT * FROM s_4 ORDER BY a, b, c, d, e LIMIT 10
                                                      QUERY PLAN                                                       
-----------------------------------------------------------------------------------------------------------------------
 Limit  (cost=38.73..38.73 rows=1 width=20) (actual time=0.157..0.157 rows=0 loops=1)
   ->  Limit  (cost=38.61..38.63 rows=10 width=20) (actual time=0.155..0.156 rows=10 loops=1)
         ->  Sort  (cost=38.61..41.11 rows=1000 width=20) (actual time=0.155..0.155 rows=10 loops=1)
               Sort Key: s_4.a, s_4.b, s_4.c, s_4.d, s_4.e
               Sort Method: top-N heapsort  Memory: 25kB
               ->  Seq Scan on s_4  (cost=0.00..17.00 rows=1000 width=20) (actual time=0.007..0.058 rows=1000 loops=1)
 Planning time: 0.251 ms
 Execution time: 0.179 ms
(8 rows)

===== 441 [Wed Mar  7 01:56:24 CET 2018] scale:1000 groups:10000 work_mem:256MB incremental:on max_workers:2 =====
SELECT * FROM s_1 ORDER BY a, b LIMIT 10
                                                              QUERY PLAN                                                               
---------------------------------------------------------------------------------------------------------------------------------------
 Limit  (cost=0.80..0.80 rows=1 width=20) (actual time=0.054..0.054 rows=0 loops=1)
   ->  Limit  (cost=0.33..0.70 rows=10 width=20) (actual time=0.051..0.052 rows=10 loops=1)
         ->  Incremental Sort  (cost=0.33..37.12 rows=1000 width=20) (actual time=0.051..0.051 rows=10 loops=1)
               Sort Key: s_1.a, s_1.b
               Presorted Key: s_1.a
               Sort Method: quicksort  Memory: 27kB
               Sort Groups: 1
               ->  Index Scan using s_1_a_idx on s_1  (cost=0.28..45.27 rows=1000 width=20) (actual time=0.006..0.010 rows=33 loops=1)
 Planning time: 0.249 ms
 Execution time: 0.079 ms
(10 rows)

===== 442 [Wed Mar  7 01:56:24 CET 2018] scale:1000 groups:10000 work_mem:256MB incremental:on max_workers:2 =====
SELECT * FROM s_2 ORDER BY a, b, c LIMIT 10
                                                               QUERY PLAN                                                                
-----------------------------------------------------------------------------------------------------------------------------------------
 Limit  (cost=0.81..0.81 rows=1 width=20) (actual time=0.053..0.053 rows=0 loops=1)
   ->  Limit  (cost=0.34..0.71 rows=10 width=20) (actual time=0.051..0.052 rows=10 loops=1)
         ->  Incremental Sort  (cost=0.34..37.45 rows=1000 width=20) (actual time=0.050..0.051 rows=10 loops=1)
               Sort Key: s_2.a, s_2.b, s_2.c
               Presorted Key: s_2.a, s_2.b
               Sort Method: quicksort  Memory: 27kB
               Sort Groups: 1
               ->  Index Scan using s_2_a_b_idx on s_2  (cost=0.28..53.15 rows=1000 width=20) (actual time=0.008..0.012 rows=33 loops=1)
 Planning time: 0.263 ms
 Execution time: 0.076 ms
(10 rows)

===== 443 [Wed Mar  7 01:56:24 CET 2018] scale:1000 groups:10000 work_mem:256MB incremental:on max_workers:2 =====
SELECT * FROM s_3 ORDER BY a, b, c, d LIMIT 10
                                                                QUERY PLAN                                                                 
-------------------------------------------------------------------------------------------------------------------------------------------
 Limit  (cost=0.81..0.81 rows=1 width=20) (actual time=0.058..0.058 rows=0 loops=1)
   ->  Limit  (cost=0.34..0.71 rows=10 width=20) (actual time=0.055..0.056 rows=10 loops=1)
         ->  Incremental Sort  (cost=0.34..37.63 rows=1000 width=20) (actual time=0.055..0.055 rows=10 loops=1)
               Sort Key: s_3.a, s_3.b, s_3.c, s_3.d
               Presorted Key: s_3.a, s_3.b, s_3.c
               Sort Method: quicksort  Memory: 27kB
               Sort Groups: 1
               ->  Index Scan using s_3_a_b_c_idx on s_3  (cost=0.28..57.15 rows=1000 width=20) (actual time=0.012..0.015 rows=33 loops=1)
 Planning time: 0.269 ms
 Execution time: 0.080 ms
(10 rows)

===== 444 [Wed Mar  7 01:56:24 CET 2018] scale:1000 groups:10000 work_mem:256MB incremental:on max_workers:2 =====
SELECT * FROM s_4 ORDER BY a, b, c, d, e LIMIT 10
                                                                 QUERY PLAN                                                                  
---------------------------------------------------------------------------------------------------------------------------------------------
 Limit  (cost=0.81..0.81 rows=1 width=20) (actual time=0.059..0.059 rows=0 loops=1)
   ->  Limit  (cost=0.34..0.71 rows=10 width=20) (actual time=0.056..0.057 rows=10 loops=1)
         ->  Incremental Sort  (cost=0.34..37.63 rows=1000 width=20) (actual time=0.056..0.056 rows=10 loops=1)
               Sort Key: s_4.a, s_4.b, s_4.c, s_4.d, s_4.e
               Presorted Key: s_4.a, s_4.b, s_4.c, s_4.d
               Sort Method: quicksort  Memory: 27kB
               Sort Groups: 1
               ->  Index Scan using s_4_a_b_c_d_idx on s_4  (cost=0.28..57.15 rows=1000 width=20) (actual time=0.012..0.015 rows=33 loops=1)
 Planning time: 0.264 ms
 Execution time: 0.081 ms
(10 rows)

===== 445 [Wed Mar  7 01:56:24 CET 2018] scale:1000 groups:10000 work_mem:256MB incremental:off max_workers:2 =====
SELECT * FROM s_1 ORDER BY a, b LIMIT 10
                                                      QUERY PLAN                                                       
-----------------------------------------------------------------------------------------------------------------------
 Limit  (cost=38.73..38.73 rows=1 width=20) (actual time=0.150..0.150 rows=0 loops=1)
   ->  Limit  (cost=38.61..38.63 rows=10 width=20) (actual time=0.147..0.148 rows=10 loops=1)
         ->  Sort  (cost=38.61..41.11 rows=1000 width=20) (actual time=0.147..0.148 rows=10 loops=1)
               Sort Key: s_1.a, s_1.b
               Sort Method: top-N heapsort  Memory: 25kB
               ->  Seq Scan on s_1  (cost=0.00..17.00 rows=1000 width=20) (actual time=0.004..0.055 rows=1000 loops=1)
 Planning time: 0.263 ms
 Execution time: 0.172 ms
(8 rows)

===== 446 [Wed Mar  7 01:56:24 CET 2018] scale:1000 groups:10000 work_mem:256MB incremental:off max_workers:2 =====
SELECT * FROM s_2 ORDER BY a, b, c LIMIT 10
                                                      QUERY PLAN                                                       
-----------------------------------------------------------------------------------------------------------------------
 Limit  (cost=38.73..38.73 rows=1 width=20) (actual time=0.153..0.153 rows=0 loops=1)
   ->  Limit  (cost=38.61..38.63 rows=10 width=20) (actual time=0.151..0.152 rows=10 loops=1)
         ->  Sort  (cost=38.61..41.11 rows=1000 width=20) (actual time=0.151..0.151 rows=10 loops=1)
               Sort Key: s_2.a, s_2.b, s_2.c
               Sort Method: top-N heapsort  Memory: 25kB
               ->  Seq Scan on s_2  (cost=0.00..17.00 rows=1000 width=20) (actual time=0.007..0.059 rows=1000 loops=1)
 Planning time: 0.252 ms
 Execution time: 0.175 ms
(8 rows)

===== 447 [Wed Mar  7 01:56:24 CET 2018] scale:1000 groups:10000 work_mem:256MB incremental:off max_workers:2 =====
SELECT * FROM s_3 ORDER BY a, b, c, d LIMIT 10
                                                      QUERY PLAN                                                       
-----------------------------------------------------------------------------------------------------------------------
 Limit  (cost=38.73..38.73 rows=1 width=20) (actual time=0.154..0.154 rows=0 loops=1)
   ->  Limit  (cost=38.61..38.63 rows=10 width=20) (actual time=0.152..0.153 rows=10 loops=1)
         ->  Sort  (cost=38.61..41.11 rows=1000 width=20) (actual time=0.151..0.152 rows=10 loops=1)
               Sort Key: s_3.a, s_3.b, s_3.c, s_3.d
               Sort Method: top-N heapsort  Memory: 25kB
               ->  Seq Scan on s_3  (cost=0.00..17.00 rows=1000 width=20) (actual time=0.004..0.051 rows=1000 loops=1)
 Planning time: 0.264 ms
 Execution time: 0.176 ms
(8 rows)

===== 448 [Wed Mar  7 01:56:24 CET 2018] scale:1000 groups:10000 work_mem:256MB incremental:off max_workers:2 =====
SELECT * FROM s_4 ORDER BY a, b, c, d, e LIMIT 10
                                                      QUERY PLAN                                                       
-----------------------------------------------------------------------------------------------------------------------
 Limit  (cost=38.73..38.73 rows=1 width=20) (actual time=0.164..0.164 rows=0 loops=1)
   ->  Limit  (cost=38.61..38.63 rows=10 width=20) (actual time=0.162..0.163 rows=10 loops=1)
         ->  Sort  (cost=38.61..41.11 rows=1000 width=20) (actual time=0.162..0.162 rows=10 loops=1)
               Sort Key: s_4.a, s_4.b, s_4.c, s_4.d, s_4.e
               Sort Method: top-N heapsort  Memory: 25kB
               ->  Seq Scan on s_4  (cost=0.00..17.00 rows=1000 width=20) (actual time=0.014..0.065 rows=1000 loops=1)
 Planning time: 0.256 ms
 Execution time: 0.186 ms
(8 rows)

