===== 1 [Wed Mar  7 01:54:43 CET 2018] scale:1000 groups:10 work_mem:4MB incremental:on max_workers:0 =====
SELECT * FROM (SELECT * FROM s_1 ORDER BY a) foo ORDER BY a, b LIMIT 10
                                                         QUERY PLAN                                                          
-----------------------------------------------------------------------------------------------------------------------------
 Limit  (cost=70.21..70.21 rows=1 width=20) (actual time=0.230..0.230 rows=0 loops=1)
   ->  Limit  (cost=69.93..70.11 rows=10 width=20) (actual time=0.228..0.229 rows=10 loops=1)
         ->  Incremental Sort  (cost=69.93..87.65 rows=1000 width=20) (actual time=0.227..0.228 rows=10 loops=1)
               Sort Key: s_1.a, s_1.b
               Presorted Key: s_1.a
               Sort Method: quicksort  Memory: 28kB
               Sort Groups: 1
               ->  Sort  (cost=66.83..69.33 rows=1000 width=20) (actual time=0.179..0.181 rows=52 loops=1)
                     Sort Key: s_1.a
                     Sort Method: quicksort  Memory: 103kB
                     ->  Seq Scan on s_1  (cost=0.00..17.00 rows=1000 width=20) (actual time=0.004..0.060 rows=1000 loops=1)
 Planning time: 0.212 ms
 Execution time: 0.256 ms
(13 rows)

===== 2 [Wed Mar  7 01:54:43 CET 2018] scale:1000 groups:10 work_mem:4MB incremental:on max_workers:0 =====
SELECT * FROM (SELECT * FROM s_2 ORDER BY a, b) foo ORDER BY a, b, c LIMIT 10
                                                         QUERY PLAN                                                          
-----------------------------------------------------------------------------------------------------------------------------
 Limit  (cost=67.42..67.42 rows=1 width=20) (actual time=0.243..0.243 rows=0 loops=1)
   ->  Limit  (cost=67.12..67.32 rows=10 width=20) (actual time=0.240..0.241 rows=10 loops=1)
         ->  Incremental Sort  (cost=67.12..86.62 rows=1000 width=20) (actual time=0.240..0.240 rows=10 loops=1)
               Sort Key: s_2.a, s_2.b, s_2.c
               Presorted Key: s_2.a, s_2.b
               Sort Method: quicksort  Memory: 27kB
               Sort Groups: 1
               ->  Sort  (cost=66.83..69.33 rows=1000 width=20) (actual time=0.194..0.195 rows=36 loops=1)
                     Sort Key: s_2.a, s_2.b
                     Sort Method: quicksort  Memory: 103kB
                     ->  Seq Scan on s_2  (cost=0.00..17.00 rows=1000 width=20) (actual time=0.006..0.062 rows=1000 loops=1)
 Planning time: 0.210 ms
 Execution time: 0.267 ms
(13 rows)

===== 3 [Wed Mar  7 01:54:43 CET 2018] scale:1000 groups:10 work_mem:4MB incremental:on max_workers:0 =====
SELECT * FROM (SELECT * FROM s_3 ORDER BY a, b, c) foo ORDER BY a, b, c, d LIMIT 10
                                                         QUERY PLAN                                                          
-----------------------------------------------------------------------------------------------------------------------------
 Limit  (cost=67.42..67.42 rows=1 width=20) (actual time=0.254..0.254 rows=0 loops=1)
   ->  Limit  (cost=67.12..67.32 rows=10 width=20) (actual time=0.252..0.253 rows=10 loops=1)
         ->  Incremental Sort  (cost=67.12..86.62 rows=1000 width=20) (actual time=0.251..0.252 rows=10 loops=1)
               Sort Key: s_3.a, s_3.b, s_3.c, s_3.d
               Presorted Key: s_3.a, s_3.b, s_3.c
               Sort Method: quicksort  Memory: 27kB
               Sort Groups: 1
               ->  Sort  (cost=66.83..69.33 rows=1000 width=20) (actual time=0.208..0.209 rows=33 loops=1)
                     Sort Key: s_3.a, s_3.b, s_3.c
                     Sort Method: quicksort  Memory: 103kB
                     ->  Seq Scan on s_3  (cost=0.00..17.00 rows=1000 width=20) (actual time=0.007..0.062 rows=1000 loops=1)
 Planning time: 0.220 ms
 Execution time: 0.279 ms
(13 rows)

===== 4 [Wed Mar  7 01:54:43 CET 2018] scale:1000 groups:10 work_mem:4MB incremental:on max_workers:0 =====
SELECT * FROM (SELECT * FROM s_4 ORDER BY a, b, c, d) foo ORDER BY a, b, c, d, e LIMIT 10
                                                         QUERY PLAN                                                          
-----------------------------------------------------------------------------------------------------------------------------
 Limit  (cost=67.42..67.42 rows=1 width=20) (actual time=0.261..0.261 rows=0 loops=1)
   ->  Limit  (cost=67.12..67.32 rows=10 width=20) (actual time=0.259..0.260 rows=10 loops=1)
         ->  Incremental Sort  (cost=67.12..86.62 rows=1000 width=20) (actual time=0.258..0.259 rows=10 loops=1)
               Sort Key: s_4.a, s_4.b, s_4.c, s_4.d, s_4.e
               Presorted Key: s_4.a, s_4.b, s_4.c, s_4.d
               Sort Method: quicksort  Memory: 27kB
               Sort Groups: 1
               ->  Sort  (cost=66.83..69.33 rows=1000 width=20) (actual time=0.212..0.213 rows=33 loops=1)
                     Sort Key: s_4.a, s_4.b, s_4.c, s_4.d
                     Sort Method: quicksort  Memory: 103kB
                     ->  Seq Scan on s_4  (cost=0.00..17.00 rows=1000 width=20) (actual time=0.007..0.060 rows=1000 loops=1)
 Planning time: 0.221 ms
 Execution time: 0.285 ms
(13 rows)

===== 5 [Wed Mar  7 01:54:43 CET 2018] scale:1000 groups:10 work_mem:4MB incremental:off max_workers:0 =====
SELECT * FROM (SELECT * FROM s_1 ORDER BY a) foo ORDER BY a, b LIMIT 10
                                                         QUERY PLAN                                                          
-----------------------------------------------------------------------------------------------------------------------------
 Limit  (cost=101.06..101.06 rows=1 width=20) (actual time=0.315..0.315 rows=0 loops=1)
   ->  Limit  (cost=100.94..100.96 rows=10 width=20) (actual time=0.313..0.314 rows=10 loops=1)
         ->  Sort  (cost=100.94..103.44 rows=1000 width=20) (actual time=0.312..0.313 rows=10 loops=1)
               Sort Key: s_1.a, s_1.b
               Sort Method: top-N heapsort  Memory: 26kB
               ->  Sort  (cost=66.83..69.33 rows=1000 width=20) (actual time=0.180..0.222 rows=1000 loops=1)
                     Sort Key: s_1.a
                     Sort Method: quicksort  Memory: 103kB
                     ->  Seq Scan on s_1  (cost=0.00..17.00 rows=1000 width=20) (actual time=0.007..0.063 rows=1000 loops=1)
 Planning time: 0.202 ms
 Execution time: 0.339 ms
(11 rows)

===== 6 [Wed Mar  7 01:54:43 CET 2018] scale:1000 groups:10 work_mem:4MB incremental:off max_workers:0 =====
SELECT * FROM (SELECT * FROM s_2 ORDER BY a, b) foo ORDER BY a, b, c LIMIT 10
                                                         QUERY PLAN                                                          
-----------------------------------------------------------------------------------------------------------------------------
 Limit  (cost=101.06..101.06 rows=1 width=20) (actual time=0.318..0.318 rows=0 loops=1)
   ->  Limit  (cost=100.94..100.96 rows=10 width=20) (actual time=0.316..0.317 rows=10 loops=1)
         ->  Sort  (cost=100.94..103.44 rows=1000 width=20) (actual time=0.316..0.316 rows=10 loops=1)
               Sort Key: s_2.a, s_2.b, s_2.c
               Sort Method: top-N heapsort  Memory: 25kB
               ->  Sort  (cost=66.83..69.33 rows=1000 width=20) (actual time=0.192..0.226 rows=1000 loops=1)
                     Sort Key: s_2.a, s_2.b
                     Sort Method: quicksort  Memory: 103kB
                     ->  Seq Scan on s_2  (cost=0.00..17.00 rows=1000 width=20) (actual time=0.007..0.062 rows=1000 loops=1)
 Planning time: 0.196 ms
 Execution time: 0.342 ms
(11 rows)

===== 7 [Wed Mar  7 01:54:43 CET 2018] scale:1000 groups:10 work_mem:4MB incremental:off max_workers:0 =====
SELECT * FROM (SELECT * FROM s_3 ORDER BY a, b, c) foo ORDER BY a, b, c, d LIMIT 10
                                                         QUERY PLAN                                                          
-----------------------------------------------------------------------------------------------------------------------------
 Limit  (cost=101.06..101.06 rows=1 width=20) (actual time=0.342..0.342 rows=0 loops=1)
   ->  Limit  (cost=100.94..100.96 rows=10 width=20) (actual time=0.340..0.341 rows=10 loops=1)
         ->  Sort  (cost=100.94..103.44 rows=1000 width=20) (actual time=0.340..0.340 rows=10 loops=1)
               Sort Key: s_3.a, s_3.b, s_3.c, s_3.d
               Sort Method: top-N heapsort  Memory: 25kB
               ->  Sort  (cost=66.83..69.33 rows=1000 width=20) (actual time=0.212..0.246 rows=1000 loops=1)
                     Sort Key: s_3.a, s_3.b, s_3.c
                     Sort Method: quicksort  Memory: 103kB
                     ->  Seq Scan on s_3  (cost=0.00..17.00 rows=1000 width=20) (actual time=0.007..0.066 rows=1000 loops=1)
 Planning time: 0.202 ms
 Execution time: 0.367 ms
(11 rows)

===== 8 [Wed Mar  7 01:54:43 CET 2018] scale:1000 groups:10 work_mem:4MB incremental:off max_workers:0 =====
SELECT * FROM (SELECT * FROM s_4 ORDER BY a, b, c, d) foo ORDER BY a, b, c, d, e LIMIT 10
                                                         QUERY PLAN                                                          
-----------------------------------------------------------------------------------------------------------------------------
 Limit  (cost=101.06..101.06 rows=1 width=20) (actual time=0.343..0.343 rows=0 loops=1)
   ->  Limit  (cost=100.94..100.96 rows=10 width=20) (actual time=0.341..0.342 rows=10 loops=1)
         ->  Sort  (cost=100.94..103.44 rows=1000 width=20) (actual time=0.341..0.341 rows=10 loops=1)
               Sort Key: s_4.a, s_4.b, s_4.c, s_4.d, s_4.e
               Sort Method: top-N heapsort  Memory: 25kB
               ->  Sort  (cost=66.83..69.33 rows=1000 width=20) (actual time=0.209..0.243 rows=1000 loops=1)
                     Sort Key: s_4.a, s_4.b, s_4.c, s_4.d
                     Sort Method: quicksort  Memory: 103kB
                     ->  Seq Scan on s_4  (cost=0.00..17.00 rows=1000 width=20) (actual time=0.006..0.064 rows=1000 loops=1)
 Planning time: 0.210 ms
 Execution time: 0.367 ms
(11 rows)

===== 9 [Wed Mar  7 01:54:43 CET 2018] scale:1000 groups:10 work_mem:8MB incremental:on max_workers:0 =====
SELECT * FROM (SELECT * FROM s_1 ORDER BY a) foo ORDER BY a, b LIMIT 10
                                                         QUERY PLAN                                                          
-----------------------------------------------------------------------------------------------------------------------------
 Limit  (cost=70.21..70.21 rows=1 width=20) (actual time=0.226..0.226 rows=0 loops=1)
   ->  Limit  (cost=69.93..70.11 rows=10 width=20) (actual time=0.224..0.225 rows=10 loops=1)
         ->  Incremental Sort  (cost=69.93..87.65 rows=1000 width=20) (actual time=0.224..0.224 rows=10 loops=1)
               Sort Key: s_1.a, s_1.b
               Presorted Key: s_1.a
               Sort Method: quicksort  Memory: 28kB
               Sort Groups: 1
               ->  Sort  (cost=66.83..69.33 rows=1000 width=20) (actual time=0.176..0.178 rows=52 loops=1)
                     Sort Key: s_1.a
                     Sort Method: quicksort  Memory: 103kB
                     ->  Seq Scan on s_1  (cost=0.00..17.00 rows=1000 width=20) (actual time=0.004..0.060 rows=1000 loops=1)
 Planning time: 0.201 ms
 Execution time: 0.251 ms
(13 rows)

===== 10 [Wed Mar  7 01:54:43 CET 2018] scale:1000 groups:10 work_mem:8MB incremental:on max_workers:0 =====
SELECT * FROM (SELECT * FROM s_2 ORDER BY a, b) foo ORDER BY a, b, c LIMIT 10
                                                         QUERY PLAN                                                          
-----------------------------------------------------------------------------------------------------------------------------
 Limit  (cost=67.42..67.42 rows=1 width=20) (actual time=0.242..0.242 rows=0 loops=1)
   ->  Limit  (cost=67.12..67.32 rows=10 width=20) (actual time=0.240..0.241 rows=10 loops=1)
         ->  Incremental Sort  (cost=67.12..86.62 rows=1000 width=20) (actual time=0.240..0.240 rows=10 loops=1)
               Sort Key: s_2.a, s_2.b, s_2.c
               Presorted Key: s_2.a, s_2.b
               Sort Method: quicksort  Memory: 27kB
               Sort Groups: 1
               ->  Sort  (cost=66.83..69.33 rows=1000 width=20) (actual time=0.194..0.195 rows=36 loops=1)
                     Sort Key: s_2.a, s_2.b
                     Sort Method: quicksort  Memory: 103kB
                     ->  Seq Scan on s_2  (cost=0.00..17.00 rows=1000 width=20) (actual time=0.007..0.063 rows=1000 loops=1)
 Planning time: 0.209 ms
 Execution time: 0.267 ms
(13 rows)

===== 11 [Wed Mar  7 01:54:43 CET 2018] scale:1000 groups:10 work_mem:8MB incremental:on max_workers:0 =====
SELECT * FROM (SELECT * FROM s_3 ORDER BY a, b, c) foo ORDER BY a, b, c, d LIMIT 10
                                                         QUERY PLAN                                                          
-----------------------------------------------------------------------------------------------------------------------------
 Limit  (cost=67.42..67.42 rows=1 width=20) (actual time=0.263..0.263 rows=0 loops=1)
   ->  Limit  (cost=67.12..67.32 rows=10 width=20) (actual time=0.261..0.262 rows=10 loops=1)
         ->  Incremental Sort  (cost=67.12..86.62 rows=1000 width=20) (actual time=0.261..0.261 rows=10 loops=1)
               Sort Key: s_3.a, s_3.b, s_3.c, s_3.d
               Presorted Key: s_3.a, s_3.b, s_3.c
               Sort Method: quicksort  Memory: 27kB
               Sort Groups: 1
               ->  Sort  (cost=66.83..69.33 rows=1000 width=20) (actual time=0.216..0.218 rows=33 loops=1)
                     Sort Key: s_3.a, s_3.b, s_3.c
                     Sort Method: quicksort  Memory: 103kB
                     ->  Seq Scan on s_3  (cost=0.00..17.00 rows=1000 width=20) (actual time=0.007..0.063 rows=1000 loops=1)
 Planning time: 0.215 ms
 Execution time: 0.287 ms
(13 rows)

===== 12 [Wed Mar  7 01:54:43 CET 2018] scale:1000 groups:10 work_mem:8MB incremental:on max_workers:0 =====
SELECT * FROM (SELECT * FROM s_4 ORDER BY a, b, c, d) foo ORDER BY a, b, c, d, e LIMIT 10
                                                         QUERY PLAN                                                          
-----------------------------------------------------------------------------------------------------------------------------
 Limit  (cost=67.42..67.42 rows=1 width=20) (actual time=0.264..0.264 rows=0 loops=1)
   ->  Limit  (cost=67.12..67.32 rows=10 width=20) (actual time=0.262..0.263 rows=10 loops=1)
         ->  Incremental Sort  (cost=67.12..86.62 rows=1000 width=20) (actual time=0.262..0.262 rows=10 loops=1)
               Sort Key: s_4.a, s_4.b, s_4.c, s_4.d, s_4.e
               Presorted Key: s_4.a, s_4.b, s_4.c, s_4.d
               Sort Method: quicksort  Memory: 27kB
               Sort Groups: 1
               ->  Sort  (cost=66.83..69.33 rows=1000 width=20) (actual time=0.212..0.213 rows=33 loops=1)
                     Sort Key: s_4.a, s_4.b, s_4.c, s_4.d
                     Sort Method: quicksort  Memory: 103kB
                     ->  Seq Scan on s_4  (cost=0.00..17.00 rows=1000 width=20) (actual time=0.007..0.059 rows=1000 loops=1)
 Planning time: 0.216 ms
 Execution time: 0.289 ms
(13 rows)

===== 13 [Wed Mar  7 01:54:43 CET 2018] scale:1000 groups:10 work_mem:8MB incremental:off max_workers:0 =====
SELECT * FROM (SELECT * FROM s_1 ORDER BY a) foo ORDER BY a, b LIMIT 10
                                                         QUERY PLAN                                                          
-----------------------------------------------------------------------------------------------------------------------------
 Limit  (cost=101.06..101.06 rows=1 width=20) (actual time=0.306..0.306 rows=0 loops=1)
   ->  Limit  (cost=100.94..100.96 rows=10 width=20) (actual time=0.304..0.305 rows=10 loops=1)
         ->  Sort  (cost=100.94..103.44 rows=1000 width=20) (actual time=0.304..0.304 rows=10 loops=1)
               Sort Key: s_1.a, s_1.b
               Sort Method: top-N heapsort  Memory: 26kB
               ->  Sort  (cost=66.83..69.33 rows=1000 width=20) (actual time=0.180..0.214 rows=1000 loops=1)
                     Sort Key: s_1.a
                     Sort Method: quicksort  Memory: 103kB
                     ->  Seq Scan on s_1  (cost=0.00..17.00 rows=1000 width=20) (actual time=0.007..0.062 rows=1000 loops=1)
 Planning time: 0.206 ms
 Execution time: 0.331 ms
(11 rows)

===== 14 [Wed Mar  7 01:54:44 CET 2018] scale:1000 groups:10 work_mem:8MB incremental:off max_workers:0 =====
SELECT * FROM (SELECT * FROM s_2 ORDER BY a, b) foo ORDER BY a, b, c LIMIT 10
                                                         QUERY PLAN                                                          
-----------------------------------------------------------------------------------------------------------------------------
 Limit  (cost=101.06..101.06 rows=1 width=20) (actual time=0.320..0.320 rows=0 loops=1)
   ->  Limit  (cost=100.94..100.96 rows=10 width=20) (actual time=0.318..0.319 rows=10 loops=1)
         ->  Sort  (cost=100.94..103.44 rows=1000 width=20) (actual time=0.318..0.318 rows=10 loops=1)
               Sort Key: s_2.a, s_2.b, s_2.c
               Sort Method: top-N heapsort  Memory: 25kB
               ->  Sort  (cost=66.83..69.33 rows=1000 width=20) (actual time=0.196..0.229 rows=1000 loops=1)
                     Sort Key: s_2.a, s_2.b
                     Sort Method: quicksort  Memory: 103kB
                     ->  Seq Scan on s_2  (cost=0.00..17.00 rows=1000 width=20) (actual time=0.007..0.063 rows=1000 loops=1)
 Planning time: 0.209 ms
 Execution time: 0.345 ms
(11 rows)

===== 15 [Wed Mar  7 01:54:44 CET 2018] scale:1000 groups:10 work_mem:8MB incremental:off max_workers:0 =====
SELECT * FROM (SELECT * FROM s_3 ORDER BY a, b, c) foo ORDER BY a, b, c, d LIMIT 10
                                                         QUERY PLAN                                                          
-----------------------------------------------------------------------------------------------------------------------------
 Limit  (cost=101.06..101.06 rows=1 width=20) (actual time=0.340..0.340 rows=0 loops=1)
   ->  Limit  (cost=100.94..100.96 rows=10 width=20) (actual time=0.337..0.339 rows=10 loops=1)
         ->  Sort  (cost=100.94..103.44 rows=1000 width=20) (actual time=0.337..0.338 rows=10 loops=1)
               Sort Key: s_3.a, s_3.b, s_3.c, s_3.d
               Sort Method: top-N heapsort  Memory: 25kB
               ->  Sort  (cost=66.83..69.33 rows=1000 width=20) (actual time=0.209..0.243 rows=1000 loops=1)
                     Sort Key: s_3.a, s_3.b, s_3.c
                     Sort Method: quicksort  Memory: 103kB
                     ->  Seq Scan on s_3  (cost=0.00..17.00 rows=1000 width=20) (actual time=0.007..0.063 rows=1000 loops=1)
 Planning time: 0.212 ms
 Execution time: 0.365 ms
(11 rows)

===== 16 [Wed Mar  7 01:54:44 CET 2018] scale:1000 groups:10 work_mem:8MB incremental:off max_workers:0 =====
SELECT * FROM (SELECT * FROM s_4 ORDER BY a, b, c, d) foo ORDER BY a, b, c, d, e LIMIT 10
                                                         QUERY PLAN                                                          
-----------------------------------------------------------------------------------------------------------------------------
 Limit  (cost=101.06..101.06 rows=1 width=20) (actual time=0.343..0.343 rows=0 loops=1)
   ->  Limit  (cost=100.94..100.96 rows=10 width=20) (actual time=0.341..0.342 rows=10 loops=1)
         ->  Sort  (cost=100.94..103.44 rows=1000 width=20) (actual time=0.341..0.341 rows=10 loops=1)
               Sort Key: s_4.a, s_4.b, s_4.c, s_4.d, s_4.e
               Sort Method: top-N heapsort  Memory: 25kB
               ->  Sort  (cost=66.83..69.33 rows=1000 width=20) (actual time=0.205..0.239 rows=1000 loops=1)
                     Sort Key: s_4.a, s_4.b, s_4.c, s_4.d
                     Sort Method: quicksort  Memory: 103kB
                     ->  Seq Scan on s_4  (cost=0.00..17.00 rows=1000 width=20) (actual time=0.007..0.059 rows=1000 loops=1)
 Planning time: 0.215 ms
 Execution time: 0.367 ms
(11 rows)

===== 17 [Wed Mar  7 01:54:44 CET 2018] scale:1000 groups:10 work_mem:16MB incremental:on max_workers:0 =====
SELECT * FROM (SELECT * FROM s_1 ORDER BY a) foo ORDER BY a, b LIMIT 10
                                                         QUERY PLAN                                                          
-----------------------------------------------------------------------------------------------------------------------------
 Limit  (cost=70.21..70.21 rows=1 width=20) (actual time=0.228..0.228 rows=0 loops=1)
   ->  Limit  (cost=69.93..70.11 rows=10 width=20) (actual time=0.225..0.226 rows=10 loops=1)
         ->  Incremental Sort  (cost=69.93..87.65 rows=1000 width=20) (actual time=0.225..0.225 rows=10 loops=1)
               Sort Key: s_1.a, s_1.b
               Presorted Key: s_1.a
               Sort Method: quicksort  Memory: 28kB
               Sort Groups: 1
               ->  Sort  (cost=66.83..69.33 rows=1000 width=20) (actual time=0.177..0.179 rows=52 loops=1)
                     Sort Key: s_1.a
                     Sort Method: quicksort  Memory: 103kB
                     ->  Seq Scan on s_1  (cost=0.00..17.00 rows=1000 width=20) (actual time=0.004..0.060 rows=1000 loops=1)
 Planning time: 0.214 ms
 Execution time: 0.252 ms
(13 rows)

===== 18 [Wed Mar  7 01:54:44 CET 2018] scale:1000 groups:10 work_mem:16MB incremental:on max_workers:0 =====
SELECT * FROM (SELECT * FROM s_2 ORDER BY a, b) foo ORDER BY a, b, c LIMIT 10
                                                         QUERY PLAN                                                          
-----------------------------------------------------------------------------------------------------------------------------
 Limit  (cost=67.42..67.42 rows=1 width=20) (actual time=0.243..0.243 rows=0 loops=1)
   ->  Limit  (cost=67.12..67.32 rows=10 width=20) (actual time=0.241..0.242 rows=10 loops=1)
         ->  Incremental Sort  (cost=67.12..86.62 rows=1000 width=20) (actual time=0.240..0.241 rows=10 loops=1)
               Sort Key: s_2.a, s_2.b, s_2.c
               Presorted Key: s_2.a, s_2.b
               Sort Method: quicksort  Memory: 27kB
               Sort Groups: 1
               ->  Sort  (cost=66.83..69.33 rows=1000 width=20) (actual time=0.194..0.195 rows=36 loops=1)
                     Sort Key: s_2.a, s_2.b
                     Sort Method: quicksort  Memory: 103kB
                     ->  Seq Scan on s_2  (cost=0.00..17.00 rows=1000 width=20) (actual time=0.007..0.063 rows=1000 loops=1)
 Planning time: 0.210 ms
 Execution time: 0.268 ms
(13 rows)

===== 19 [Wed Mar  7 01:54:44 CET 2018] scale:1000 groups:10 work_mem:16MB incremental:on max_workers:0 =====
SELECT * FROM (SELECT * FROM s_3 ORDER BY a, b, c) foo ORDER BY a, b, c, d LIMIT 10
                                                         QUERY PLAN                                                          
-----------------------------------------------------------------------------------------------------------------------------
 Limit  (cost=67.42..67.42 rows=1 width=20) (actual time=0.257..0.257 rows=0 loops=1)
   ->  Limit  (cost=67.12..67.32 rows=10 width=20) (actual time=0.255..0.256 rows=10 loops=1)
         ->  Incremental Sort  (cost=67.12..86.62 rows=1000 width=20) (actual time=0.254..0.255 rows=10 loops=1)
               Sort Key: s_3.a, s_3.b, s_3.c, s_3.d
               Presorted Key: s_3.a, s_3.b, s_3.c
               Sort Method: quicksort  Memory: 27kB
               Sort Groups: 1
               ->  Sort  (cost=66.83..69.33 rows=1000 width=20) (actual time=0.211..0.212 rows=33 loops=1)
                     Sort Key: s_3.a, s_3.b, s_3.c
                     Sort Method: quicksort  Memory: 103kB
                     ->  Seq Scan on s_3  (cost=0.00..17.00 rows=1000 width=20) (actual time=0.007..0.063 rows=1000 loops=1)
 Planning time: 0.222 ms
 Execution time: 0.281 ms
(13 rows)

===== 20 [Wed Mar  7 01:54:44 CET 2018] scale:1000 groups:10 work_mem:16MB incremental:on max_workers:0 =====
SELECT * FROM (SELECT * FROM s_4 ORDER BY a, b, c, d) foo ORDER BY a, b, c, d, e LIMIT 10
                                                         QUERY PLAN                                                          
-----------------------------------------------------------------------------------------------------------------------------
 Limit  (cost=67.42..67.42 rows=1 width=20) (actual time=0.254..0.254 rows=0 loops=1)
   ->  Limit  (cost=67.12..67.32 rows=10 width=20) (actual time=0.252..0.253 rows=10 loops=1)
         ->  Incremental Sort  (cost=67.12..86.62 rows=1000 width=20) (actual time=0.251..0.252 rows=10 loops=1)
               Sort Key: s_4.a, s_4.b, s_4.c, s_4.d, s_4.e
               Presorted Key: s_4.a, s_4.b, s_4.c, s_4.d
               Sort Method: quicksort  Memory: 27kB
               Sort Groups: 1
               ->  Sort  (cost=66.83..69.33 rows=1000 width=20) (actual time=0.205..0.206 rows=33 loops=1)
                     Sort Key: s_4.a, s_4.b, s_4.c, s_4.d
                     Sort Method: quicksort  Memory: 103kB
                     ->  Seq Scan on s_4  (cost=0.00..17.00 rows=1000 width=20) (actual time=0.007..0.059 rows=1000 loops=1)
 Planning time: 0.224 ms
 Execution time: 0.279 ms
(13 rows)

===== 21 [Wed Mar  7 01:54:44 CET 2018] scale:1000 groups:10 work_mem:16MB incremental:off max_workers:0 =====
SELECT * FROM (SELECT * FROM s_1 ORDER BY a) foo ORDER BY a, b LIMIT 10
                                                         QUERY PLAN                                                          
-----------------------------------------------------------------------------------------------------------------------------
 Limit  (cost=101.06..101.06 rows=1 width=20) (actual time=0.317..0.317 rows=0 loops=1)
   ->  Limit  (cost=100.94..100.96 rows=10 width=20) (actual time=0.315..0.316 rows=10 loops=1)
         ->  Sort  (cost=100.94..103.44 rows=1000 width=20) (actual time=0.315..0.315 rows=10 loops=1)
               Sort Key: s_1.a, s_1.b
               Sort Method: top-N heapsort  Memory: 26kB
               ->  Sort  (cost=66.83..69.33 rows=1000 width=20) (actual time=0.191..0.224 rows=1000 loops=1)
                     Sort Key: s_1.a
                     Sort Method: quicksort  Memory: 103kB
                     ->  Seq Scan on s_1  (cost=0.00..17.00 rows=1000 width=20) (actual time=0.008..0.063 rows=1000 loops=1)
 Planning time: 0.202 ms
 Execution time: 0.342 ms
(11 rows)

===== 22 [Wed Mar  7 01:54:44 CET 2018] scale:1000 groups:10 work_mem:16MB incremental:off max_workers:0 =====
SELECT * FROM (SELECT * FROM s_2 ORDER BY a, b) foo ORDER BY a, b, c LIMIT 10
                                                         QUERY PLAN                                                          
-----------------------------------------------------------------------------------------------------------------------------
 Limit  (cost=101.06..101.06 rows=1 width=20) (actual time=0.316..0.316 rows=0 loops=1)
   ->  Limit  (cost=100.94..100.96 rows=10 width=20) (actual time=0.314..0.315 rows=10 loops=1)
         ->  Sort  (cost=100.94..103.44 rows=1000 width=20) (actual time=0.314..0.314 rows=10 loops=1)
               Sort Key: s_2.a, s_2.b, s_2.c
               Sort Method: top-N heapsort  Memory: 25kB
               ->  Sort  (cost=66.83..69.33 rows=1000 width=20) (actual time=0.192..0.226 rows=1000 loops=1)
                     Sort Key: s_2.a, s_2.b
                     Sort Method: quicksort  Memory: 103kB
                     ->  Seq Scan on s_2  (cost=0.00..17.00 rows=1000 width=20) (actual time=0.006..0.062 rows=1000 loops=1)
 Planning time: 0.199 ms
 Execution time: 0.340 ms
(11 rows)

===== 23 [Wed Mar  7 01:54:44 CET 2018] scale:1000 groups:10 work_mem:16MB incremental:off max_workers:0 =====
SELECT * FROM (SELECT * FROM s_3 ORDER BY a, b, c) foo ORDER BY a, b, c, d LIMIT 10
                                                         QUERY PLAN                                                          
-----------------------------------------------------------------------------------------------------------------------------
 Limit  (cost=101.06..101.06 rows=1 width=20) (actual time=0.340..0.340 rows=0 loops=1)
   ->  Limit  (cost=100.94..100.96 rows=10 width=20) (actual time=0.338..0.339 rows=10 loops=1)
         ->  Sort  (cost=100.94..103.44 rows=1000 width=20) (actual time=0.338..0.338 rows=10 loops=1)
               Sort Key: s_3.a, s_3.b, s_3.c, s_3.d
               Sort Method: top-N heapsort  Memory: 25kB
               ->  Sort  (cost=66.83..69.33 rows=1000 width=20) (actual time=0.209..0.243 rows=1000 loops=1)
                     Sort Key: s_3.a, s_3.b, s_3.c
                     Sort Method: quicksort  Memory: 103kB
                     ->  Seq Scan on s_3  (cost=0.00..17.00 rows=1000 width=20) (actual time=0.007..0.062 rows=1000 loops=1)
 Planning time: 0.214 ms
 Execution time: 0.366 ms
(11 rows)

===== 24 [Wed Mar  7 01:54:44 CET 2018] scale:1000 groups:10 work_mem:16MB incremental:off max_workers:0 =====
SELECT * FROM (SELECT * FROM s_4 ORDER BY a, b, c, d) foo ORDER BY a, b, c, d, e LIMIT 10
                                                         QUERY PLAN                                                          
-----------------------------------------------------------------------------------------------------------------------------
 Limit  (cost=101.06..101.06 rows=1 width=20) (actual time=0.348..0.348 rows=0 loops=1)
   ->  Limit  (cost=100.94..100.96 rows=10 width=20) (actual time=0.345..0.347 rows=10 loops=1)
         ->  Sort  (cost=100.94..103.44 rows=1000 width=20) (actual time=0.345..0.346 rows=10 loops=1)
               Sort Key: s_4.a, s_4.b, s_4.c, s_4.d, s_4.e
               Sort Method: top-N heapsort  Memory: 25kB
               ->  Sort  (cost=66.83..69.33 rows=1000 width=20) (actual time=0.213..0.246 rows=1000 loops=1)
                     Sort Key: s_4.a, s_4.b, s_4.c, s_4.d
                     Sort Method: quicksort  Memory: 103kB
                     ->  Seq Scan on s_4  (cost=0.00..17.00 rows=1000 width=20) (actual time=0.007..0.059 rows=1000 loops=1)
 Planning time: 0.212 ms
 Execution time: 0.372 ms
(11 rows)

===== 25 [Wed Mar  7 01:54:44 CET 2018] scale:1000 groups:10 work_mem:32MB incremental:on max_workers:0 =====
SELECT * FROM (SELECT * FROM s_1 ORDER BY a) foo ORDER BY a, b LIMIT 10
                                                         QUERY PLAN                                                          
-----------------------------------------------------------------------------------------------------------------------------
 Limit  (cost=70.21..70.21 rows=1 width=20) (actual time=0.231..0.231 rows=0 loops=1)
   ->  Limit  (cost=69.93..70.11 rows=10 width=20) (actual time=0.228..0.230 rows=10 loops=1)
         ->  Incremental Sort  (cost=69.93..87.65 rows=1000 width=20) (actual time=0.228..0.229 rows=10 loops=1)
               Sort Key: s_1.a, s_1.b
               Presorted Key: s_1.a
               Sort Method: quicksort  Memory: 28kB
               Sort Groups: 1
               ->  Sort  (cost=66.83..69.33 rows=1000 width=20) (actual time=0.179..0.181 rows=52 loops=1)
                     Sort Key: s_1.a
                     Sort Method: quicksort  Memory: 103kB
                     ->  Seq Scan on s_1  (cost=0.00..17.00 rows=1000 width=20) (actual time=0.004..0.060 rows=1000 loops=1)
 Planning time: 0.206 ms
 Execution time: 0.257 ms
(13 rows)

===== 26 [Wed Mar  7 01:54:44 CET 2018] scale:1000 groups:10 work_mem:32MB incremental:on max_workers:0 =====
SELECT * FROM (SELECT * FROM s_2 ORDER BY a, b) foo ORDER BY a, b, c LIMIT 10
                                                         QUERY PLAN                                                          
-----------------------------------------------------------------------------------------------------------------------------
 Limit  (cost=67.42..67.42 rows=1 width=20) (actual time=0.249..0.249 rows=0 loops=1)
   ->  Limit  (cost=67.12..67.32 rows=10 width=20) (actual time=0.247..0.248 rows=10 loops=1)
         ->  Incremental Sort  (cost=67.12..86.62 rows=1000 width=20) (actual time=0.246..0.247 rows=10 loops=1)
               Sort Key: s_2.a, s_2.b, s_2.c
               Presorted Key: s_2.a, s_2.b
               Sort Method: quicksort  Memory: 27kB
               Sort Groups: 1
               ->  Sort  (cost=66.83..69.33 rows=1000 width=20) (actual time=0.193..0.194 rows=36 loops=1)
                     Sort Key: s_2.a, s_2.b
                     Sort Method: quicksort  Memory: 103kB
                     ->  Seq Scan on s_2  (cost=0.00..17.00 rows=1000 width=20) (actual time=0.007..0.063 rows=1000 loops=1)
 Planning time: 0.210 ms
 Execution time: 0.274 ms
(13 rows)

===== 27 [Wed Mar  7 01:54:44 CET 2018] scale:1000 groups:10 work_mem:32MB incremental:on max_workers:0 =====
SELECT * FROM (SELECT * FROM s_3 ORDER BY a, b, c) foo ORDER BY a, b, c, d LIMIT 10
                                                         QUERY PLAN                                                          
-----------------------------------------------------------------------------------------------------------------------------
 Limit  (cost=67.42..67.42 rows=1 width=20) (actual time=0.265..0.265 rows=0 loops=1)
   ->  Limit  (cost=67.12..67.32 rows=10 width=20) (actual time=0.262..0.264 rows=10 loops=1)
         ->  Incremental Sort  (cost=67.12..86.62 rows=1000 width=20) (actual time=0.262..0.263 rows=10 loops=1)
               Sort Key: s_3.a, s_3.b, s_3.c, s_3.d
               Presorted Key: s_3.a, s_3.b, s_3.c
               Sort Method: quicksort  Memory: 27kB
               Sort Groups: 1
               ->  Sort  (cost=66.83..69.33 rows=1000 width=20) (actual time=0.216..0.217 rows=33 loops=1)
                     Sort Key: s_3.a, s_3.b, s_3.c
                     Sort Method: quicksort  Memory: 103kB
                     ->  Seq Scan on s_3  (cost=0.00..17.00 rows=1000 width=20) (actual time=0.007..0.063 rows=1000 loops=1)
 Planning time: 0.216 ms
 Execution time: 0.289 ms
(13 rows)

===== 28 [Wed Mar  7 01:54:45 CET 2018] scale:1000 groups:10 work_mem:32MB incremental:on max_workers:0 =====
SELECT * FROM (SELECT * FROM s_4 ORDER BY a, b, c, d) foo ORDER BY a, b, c, d, e LIMIT 10
                                                         QUERY PLAN                                                          
-----------------------------------------------------------------------------------------------------------------------------
 Limit  (cost=67.42..67.42 rows=1 width=20) (actual time=0.254..0.254 rows=0 loops=1)
   ->  Limit  (cost=67.12..67.32 rows=10 width=20) (actual time=0.252..0.253 rows=10 loops=1)
         ->  Incremental Sort  (cost=67.12..86.62 rows=1000 width=20) (actual time=0.251..0.252 rows=10 loops=1)
               Sort Key: s_4.a, s_4.b, s_4.c, s_4.d, s_4.e
               Presorted Key: s_4.a, s_4.b, s_4.c, s_4.d
               Sort Method: quicksort  Memory: 27kB
               Sort Groups: 1
               ->  Sort  (cost=66.83..69.33 rows=1000 width=20) (actual time=0.204..0.206 rows=33 loops=1)
                     Sort Key: s_4.a, s_4.b, s_4.c, s_4.d
                     Sort Method: quicksort  Memory: 103kB
                     ->  Seq Scan on s_4  (cost=0.00..17.00 rows=1000 width=20) (actual time=0.007..0.060 rows=1000 loops=1)
 Planning time: 0.219 ms
 Execution time: 0.278 ms
(13 rows)

===== 29 [Wed Mar  7 01:54:45 CET 2018] scale:1000 groups:10 work_mem:32MB incremental:off max_workers:0 =====
SELECT * FROM (SELECT * FROM s_1 ORDER BY a) foo ORDER BY a, b LIMIT 10
                                                         QUERY PLAN                                                          
-----------------------------------------------------------------------------------------------------------------------------
 Limit  (cost=101.06..101.06 rows=1 width=20) (actual time=0.305..0.305 rows=0 loops=1)
   ->  Limit  (cost=100.94..100.96 rows=10 width=20) (actual time=0.303..0.304 rows=10 loops=1)
         ->  Sort  (cost=100.94..103.44 rows=1000 width=20) (actual time=0.303..0.303 rows=10 loops=1)
               Sort Key: s_1.a, s_1.b
               Sort Method: top-N heapsort  Memory: 26kB
               ->  Sort  (cost=66.83..69.33 rows=1000 width=20) (actual time=0.178..0.211 rows=1000 loops=1)
                     Sort Key: s_1.a
                     Sort Method: quicksort  Memory: 103kB
                     ->  Seq Scan on s_1  (cost=0.00..17.00 rows=1000 width=20) (actual time=0.007..0.063 rows=1000 loops=1)
 Planning time: 0.198 ms
 Execution time: 0.329 ms
(11 rows)

===== 30 [Wed Mar  7 01:54:45 CET 2018] scale:1000 groups:10 work_mem:32MB incremental:off max_workers:0 =====
SELECT * FROM (SELECT * FROM s_2 ORDER BY a, b) foo ORDER BY a, b, c LIMIT 10
                                                         QUERY PLAN                                                          
-----------------------------------------------------------------------------------------------------------------------------
 Limit  (cost=101.06..101.06 rows=1 width=20) (actual time=0.316..0.316 rows=0 loops=1)
   ->  Limit  (cost=100.94..100.96 rows=10 width=20) (actual time=0.314..0.315 rows=10 loops=1)
         ->  Sort  (cost=100.94..103.44 rows=1000 width=20) (actual time=0.314..0.314 rows=10 loops=1)
               Sort Key: s_2.a, s_2.b, s_2.c
               Sort Method: top-N heapsort  Memory: 25kB
               ->  Sort  (cost=66.83..69.33 rows=1000 width=20) (actual time=0.191..0.225 rows=1000 loops=1)
                     Sort Key: s_2.a, s_2.b
                     Sort Method: quicksort  Memory: 103kB
                     ->  Seq Scan on s_2  (cost=0.00..17.00 rows=1000 width=20) (actual time=0.007..0.062 rows=1000 loops=1)
 Planning time: 0.204 ms
 Execution time: 0.342 ms
(11 rows)

===== 31 [Wed Mar  7 01:54:45 CET 2018] scale:1000 groups:10 work_mem:32MB incremental:off max_workers:0 =====
SELECT * FROM (SELECT * FROM s_3 ORDER BY a, b, c) foo ORDER BY a, b, c, d LIMIT 10
                                                         QUERY PLAN                                                          
-----------------------------------------------------------------------------------------------------------------------------
 Limit  (cost=101.06..101.06 rows=1 width=20) (actual time=0.345..0.345 rows=0 loops=1)
   ->  Limit  (cost=100.94..100.96 rows=10 width=20) (actual time=0.343..0.344 rows=10 loops=1)
         ->  Sort  (cost=100.94..103.44 rows=1000 width=20) (actual time=0.343..0.343 rows=10 loops=1)
               Sort Key: s_3.a, s_3.b, s_3.c, s_3.d
               Sort Method: top-N heapsort  Memory: 25kB
               ->  Sort  (cost=66.83..69.33 rows=1000 width=20) (actual time=0.217..0.251 rows=1000 loops=1)
                     Sort Key: s_3.a, s_3.b, s_3.c
                     Sort Method: quicksort  Memory: 103kB
                     ->  Seq Scan on s_3  (cost=0.00..17.00 rows=1000 width=20) (actual time=0.007..0.063 rows=1000 loops=1)
 Planning time: 0.207 ms
 Execution time: 0.372 ms
(11 rows)

===== 32 [Wed Mar  7 01:54:45 CET 2018] scale:1000 groups:10 work_mem:32MB incremental:off max_workers:0 =====
SELECT * FROM (SELECT * FROM s_4 ORDER BY a, b, c, d) foo ORDER BY a, b, c, d, e LIMIT 10
                                                         QUERY PLAN                                                          
-----------------------------------------------------------------------------------------------------------------------------
 Limit  (cost=101.06..101.06 rows=1 width=20) (actual time=0.346..0.346 rows=0 loops=1)
   ->  Limit  (cost=100.94..100.96 rows=10 width=20) (actual time=0.344..0.345 rows=10 loops=1)
         ->  Sort  (cost=100.94..103.44 rows=1000 width=20) (actual time=0.344..0.344 rows=10 loops=1)
               Sort Key: s_4.a, s_4.b, s_4.c, s_4.d, s_4.e
               Sort Method: top-N heapsort  Memory: 25kB
               ->  Sort  (cost=66.83..69.33 rows=1000 width=20) (actual time=0.210..0.244 rows=1000 loops=1)
                     Sort Key: s_4.a, s_4.b, s_4.c, s_4.d
                     Sort Method: quicksort  Memory: 103kB
                     ->  Seq Scan on s_4  (cost=0.00..17.00 rows=1000 width=20) (actual time=0.007..0.059 rows=1000 loops=1)
 Planning time: 0.214 ms
 Execution time: 0.371 ms
(11 rows)

===== 33 [Wed Mar  7 01:54:45 CET 2018] scale:1000 groups:10 work_mem:64MB incremental:on max_workers:0 =====
SELECT * FROM (SELECT * FROM s_1 ORDER BY a) foo ORDER BY a, b LIMIT 10
                                                         QUERY PLAN                                                          
-----------------------------------------------------------------------------------------------------------------------------
 Limit  (cost=70.21..70.21 rows=1 width=20) (actual time=0.229..0.229 rows=0 loops=1)
   ->  Limit  (cost=69.93..70.11 rows=10 width=20) (actual time=0.226..0.227 rows=10 loops=1)
         ->  Incremental Sort  (cost=69.93..87.65 rows=1000 width=20) (actual time=0.226..0.226 rows=10 loops=1)
               Sort Key: s_1.a, s_1.b
               Presorted Key: s_1.a
               Sort Method: quicksort  Memory: 28kB
               Sort Groups: 1
               ->  Sort  (cost=66.83..69.33 rows=1000 width=20) (actual time=0.178..0.180 rows=52 loops=1)
                     Sort Key: s_1.a
                     Sort Method: quicksort  Memory: 103kB
                     ->  Seq Scan on s_1  (cost=0.00..17.00 rows=1000 width=20) (actual time=0.004..0.060 rows=1000 loops=1)
 Planning time: 0.212 ms
 Execution time: 0.254 ms
(13 rows)

===== 34 [Wed Mar  7 01:54:45 CET 2018] scale:1000 groups:10 work_mem:64MB incremental:on max_workers:0 =====
SELECT * FROM (SELECT * FROM s_2 ORDER BY a, b) foo ORDER BY a, b, c LIMIT 10
                                                         QUERY PLAN                                                          
-----------------------------------------------------------------------------------------------------------------------------
 Limit  (cost=67.42..67.42 rows=1 width=20) (actual time=0.247..0.247 rows=0 loops=1)
   ->  Limit  (cost=67.12..67.32 rows=10 width=20) (actual time=0.245..0.246 rows=10 loops=1)
         ->  Incremental Sort  (cost=67.12..86.62 rows=1000 width=20) (actual time=0.244..0.245 rows=10 loops=1)
               Sort Key: s_2.a, s_2.b, s_2.c
               Presorted Key: s_2.a, s_2.b
               Sort Method: quicksort  Memory: 27kB
               Sort Groups: 1
               ->  Sort  (cost=66.83..69.33 rows=1000 width=20) (actual time=0.198..0.199 rows=36 loops=1)
                     Sort Key: s_2.a, s_2.b
                     Sort Method: quicksort  Memory: 103kB
                     ->  Seq Scan on s_2  (cost=0.00..17.00 rows=1000 width=20) (actual time=0.007..0.063 rows=1000 loops=1)
 Planning time: 0.207 ms
 Execution time: 0.273 ms
(13 rows)

===== 35 [Wed Mar  7 01:54:45 CET 2018] scale:1000 groups:10 work_mem:64MB incremental:on max_workers:0 =====
SELECT * FROM (SELECT * FROM s_3 ORDER BY a, b, c) foo ORDER BY a, b, c, d LIMIT 10
                                                         QUERY PLAN                                                          
-----------------------------------------------------------------------------------------------------------------------------
 Limit  (cost=67.42..67.42 rows=1 width=20) (actual time=0.263..0.263 rows=0 loops=1)
   ->  Limit  (cost=67.12..67.32 rows=10 width=20) (actual time=0.261..0.262 rows=10 loops=1)
         ->  Incremental Sort  (cost=67.12..86.62 rows=1000 width=20) (actual time=0.261..0.261 rows=10 loops=1)
               Sort Key: s_3.a, s_3.b, s_3.c, s_3.d
               Presorted Key: s_3.a, s_3.b, s_3.c
               Sort Method: quicksort  Memory: 27kB
               Sort Groups: 1
               ->  Sort  (cost=66.83..69.33 rows=1000 width=20) (actual time=0.210..0.211 rows=33 loops=1)
                     Sort Key: s_3.a, s_3.b, s_3.c
                     Sort Method: quicksort  Memory: 103kB
                     ->  Seq Scan on s_3  (cost=0.00..17.00 rows=1000 width=20) (actual time=0.007..0.063 rows=1000 loops=1)
 Planning time: 0.217 ms
 Execution time: 0.287 ms
(13 rows)

===== 36 [Wed Mar  7 01:54:45 CET 2018] scale:1000 groups:10 work_mem:64MB incremental:on max_workers:0 =====
SELECT * FROM (SELECT * FROM s_4 ORDER BY a, b, c, d) foo ORDER BY a, b, c, d, e LIMIT 10
                                                         QUERY PLAN                                                          
-----------------------------------------------------------------------------------------------------------------------------
 Limit  (cost=67.42..67.42 rows=1 width=20) (actual time=0.254..0.254 rows=0 loops=1)
   ->  Limit  (cost=67.12..67.32 rows=10 width=20) (actual time=0.252..0.253 rows=10 loops=1)
         ->  Incremental Sort  (cost=67.12..86.62 rows=1000 width=20) (actual time=0.251..0.252 rows=10 loops=1)
               Sort Key: s_4.a, s_4.b, s_4.c, s_4.d, s_4.e
               Presorted Key: s_4.a, s_4.b, s_4.c, s_4.d
               Sort Method: quicksort  Memory: 27kB
               Sort Groups: 1
               ->  Sort  (cost=66.83..69.33 rows=1000 width=20) (actual time=0.205..0.206 rows=33 loops=1)
                     Sort Key: s_4.a, s_4.b, s_4.c, s_4.d
                     Sort Method: quicksort  Memory: 103kB
                     ->  Seq Scan on s_4  (cost=0.00..17.00 rows=1000 width=20) (actual time=0.006..0.059 rows=1000 loops=1)
 Planning time: 0.215 ms
 Execution time: 0.279 ms
(13 rows)

===== 37 [Wed Mar  7 01:54:45 CET 2018] scale:1000 groups:10 work_mem:64MB incremental:off max_workers:0 =====
SELECT * FROM (SELECT * FROM s_1 ORDER BY a) foo ORDER BY a, b LIMIT 10
                                                         QUERY PLAN                                                          
-----------------------------------------------------------------------------------------------------------------------------
 Limit  (cost=101.06..101.06 rows=1 width=20) (actual time=0.315..0.315 rows=0 loops=1)
   ->  Limit  (cost=100.94..100.96 rows=10 width=20) (actual time=0.313..0.314 rows=10 loops=1)
         ->  Sort  (cost=100.94..103.44 rows=1000 width=20) (actual time=0.312..0.313 rows=10 loops=1)
               Sort Key: s_1.a, s_1.b
               Sort Method: top-N heapsort  Memory: 26kB
               ->  Sort  (cost=66.83..69.33 rows=1000 width=20) (actual time=0.180..0.213 rows=1000 loops=1)
                     Sort Key: s_1.a
                     Sort Method: quicksort  Memory: 103kB
                     ->  Seq Scan on s_1  (cost=0.00..17.00 rows=1000 width=20) (actual time=0.007..0.063 rows=1000 loops=1)
 Planning time: 0.198 ms
 Execution time: 0.339 ms
(11 rows)

===== 38 [Wed Mar  7 01:54:45 CET 2018] scale:1000 groups:10 work_mem:64MB incremental:off max_workers:0 =====
SELECT * FROM (SELECT * FROM s_2 ORDER BY a, b) foo ORDER BY a, b, c LIMIT 10
                                                         QUERY PLAN                                                          
-----------------------------------------------------------------------------------------------------------------------------
 Limit  (cost=101.06..101.06 rows=1 width=20) (actual time=0.318..0.318 rows=0 loops=1)
   ->  Limit  (cost=100.94..100.96 rows=10 width=20) (actual time=0.316..0.317 rows=10 loops=1)
         ->  Sort  (cost=100.94..103.44 rows=1000 width=20) (actual time=0.316..0.316 rows=10 loops=1)
               Sort Key: s_2.a, s_2.b, s_2.c
               Sort Method: top-N heapsort  Memory: 25kB
               ->  Sort  (cost=66.83..69.33 rows=1000 width=20) (actual time=0.194..0.227 rows=1000 loops=1)
                     Sort Key: s_2.a, s_2.b
                     Sort Method: quicksort  Memory: 103kB
                     ->  Seq Scan on s_2  (cost=0.00..17.00 rows=1000 width=20) (actual time=0.007..0.063 rows=1000 loops=1)
 Planning time: 0.200 ms
 Execution time: 0.342 ms
(11 rows)

===== 39 [Wed Mar  7 01:54:45 CET 2018] scale:1000 groups:10 work_mem:64MB incremental:off max_workers:0 =====
SELECT * FROM (SELECT * FROM s_3 ORDER BY a, b, c) foo ORDER BY a, b, c, d LIMIT 10
                                                         QUERY PLAN                                                          
-----------------------------------------------------------------------------------------------------------------------------
 Limit  (cost=101.06..101.06 rows=1 width=20) (actual time=0.348..0.348 rows=0 loops=1)
   ->  Limit  (cost=100.94..100.96 rows=10 width=20) (actual time=0.345..0.346 rows=10 loops=1)
         ->  Sort  (cost=100.94..103.44 rows=1000 width=20) (actual time=0.345..0.346 rows=10 loops=1)
               Sort Key: s_3.a, s_3.b, s_3.c, s_3.d
               Sort Method: top-N heapsort  Memory: 25kB
               ->  Sort  (cost=66.83..69.33 rows=1000 width=20) (actual time=0.217..0.251 rows=1000 loops=1)
                     Sort Key: s_3.a, s_3.b, s_3.c
                     Sort Method: quicksort  Memory: 103kB
                     ->  Seq Scan on s_3  (cost=0.00..17.00 rows=1000 width=20) (actual time=0.007..0.063 rows=1000 loops=1)
 Planning time: 0.208 ms
 Execution time: 0.373 ms
(11 rows)

===== 40 [Wed Mar  7 01:54:45 CET 2018] scale:1000 groups:10 work_mem:64MB incremental:off max_workers:0 =====
SELECT * FROM (SELECT * FROM s_4 ORDER BY a, b, c, d) foo ORDER BY a, b, c, d, e LIMIT 10
                                                         QUERY PLAN                                                          
-----------------------------------------------------------------------------------------------------------------------------
 Limit  (cost=101.06..101.06 rows=1 width=20) (actual time=0.339..0.339 rows=0 loops=1)
   ->  Limit  (cost=100.94..100.96 rows=10 width=20) (actual time=0.337..0.338 rows=10 loops=1)
         ->  Sort  (cost=100.94..103.44 rows=1000 width=20) (actual time=0.336..0.337 rows=10 loops=1)
               Sort Key: s_4.a, s_4.b, s_4.c, s_4.d, s_4.e
               Sort Method: top-N heapsort  Memory: 25kB
               ->  Sort  (cost=66.83..69.33 rows=1000 width=20) (actual time=0.204..0.238 rows=1000 loops=1)
                     Sort Key: s_4.a, s_4.b, s_4.c, s_4.d
                     Sort Method: quicksort  Memory: 103kB
                     ->  Seq Scan on s_4  (cost=0.00..17.00 rows=1000 width=20) (actual time=0.007..0.059 rows=1000 loops=1)
 Planning time: 0.217 ms
 Execution time: 0.362 ms
(11 rows)

===== 41 [Wed Mar  7 01:54:45 CET 2018] scale:1000 groups:10 work_mem:128MB incremental:on max_workers:0 =====
SELECT * FROM (SELECT * FROM s_1 ORDER BY a) foo ORDER BY a, b LIMIT 10
                                                         QUERY PLAN                                                          
-----------------------------------------------------------------------------------------------------------------------------
 Limit  (cost=70.21..70.21 rows=1 width=20) (actual time=0.228..0.228 rows=0 loops=1)
   ->  Limit  (cost=69.93..70.11 rows=10 width=20) (actual time=0.226..0.227 rows=10 loops=1)
         ->  Incremental Sort  (cost=69.93..87.65 rows=1000 width=20) (actual time=0.226..0.226 rows=10 loops=1)
               Sort Key: s_1.a, s_1.b
               Presorted Key: s_1.a
               Sort Method: quicksort  Memory: 28kB
               Sort Groups: 1
               ->  Sort  (cost=66.83..69.33 rows=1000 width=20) (actual time=0.177..0.179 rows=52 loops=1)
                     Sort Key: s_1.a
                     Sort Method: quicksort  Memory: 103kB
                     ->  Seq Scan on s_1  (cost=0.00..17.00 rows=1000 width=20) (actual time=0.004..0.060 rows=1000 loops=1)
 Planning time: 0.203 ms
 Execution time: 0.254 ms
(13 rows)

===== 42 [Wed Mar  7 01:54:46 CET 2018] scale:1000 groups:10 work_mem:128MB incremental:on max_workers:0 =====
SELECT * FROM (SELECT * FROM s_2 ORDER BY a, b) foo ORDER BY a, b, c LIMIT 10
                                                         QUERY PLAN                                                          
-----------------------------------------------------------------------------------------------------------------------------
 Limit  (cost=67.42..67.42 rows=1 width=20) (actual time=0.253..0.253 rows=0 loops=1)
   ->  Limit  (cost=67.12..67.32 rows=10 width=20) (actual time=0.251..0.252 rows=10 loops=1)
         ->  Incremental Sort  (cost=67.12..86.62 rows=1000 width=20) (actual time=0.246..0.246 rows=10 loops=1)
               Sort Key: s_2.a, s_2.b, s_2.c
               Presorted Key: s_2.a, s_2.b
               Sort Method: quicksort  Memory: 27kB
               Sort Groups: 1
               ->  Sort  (cost=66.83..69.33 rows=1000 width=20) (actual time=0.196..0.197 rows=36 loops=1)
                     Sort Key: s_2.a, s_2.b
                     Sort Method: quicksort  Memory: 103kB
                     ->  Seq Scan on s_2  (cost=0.00..17.00 rows=1000 width=20) (actual time=0.007..0.064 rows=1000 loops=1)
 Planning time: 0.213 ms
 Execution time: 0.278 ms
(13 rows)

===== 43 [Wed Mar  7 01:54:46 CET 2018] scale:1000 groups:10 work_mem:128MB incremental:on max_workers:0 =====
SELECT * FROM (SELECT * FROM s_3 ORDER BY a, b, c) foo ORDER BY a, b, c, d LIMIT 10
                                                         QUERY PLAN                                                          
-----------------------------------------------------------------------------------------------------------------------------
 Limit  (cost=67.42..67.42 rows=1 width=20) (actual time=0.260..0.260 rows=0 loops=1)
   ->  Limit  (cost=67.12..67.32 rows=10 width=20) (actual time=0.258..0.259 rows=10 loops=1)
         ->  Incremental Sort  (cost=67.12..86.62 rows=1000 width=20) (actual time=0.257..0.258 rows=10 loops=1)
               Sort Key: s_3.a, s_3.b, s_3.c, s_3.d
               Presorted Key: s_3.a, s_3.b, s_3.c
               Sort Method: quicksort  Memory: 27kB
               Sort Groups: 1
               ->  Sort  (cost=66.83..69.33 rows=1000 width=20) (actual time=0.211..0.212 rows=33 loops=1)
                     Sort Key: s_3.a, s_3.b, s_3.c
                     Sort Method: quicksort  Memory: 103kB
                     ->  Seq Scan on s_3  (cost=0.00..17.00 rows=1000 width=20) (actual time=0.007..0.063 rows=1000 loops=1)
 Planning time: 0.219 ms
 Execution time: 0.284 ms
(13 rows)

===== 44 [Wed Mar  7 01:54:46 CET 2018] scale:1000 groups:10 work_mem:128MB incremental:on max_workers:0 =====
SELECT * FROM (SELECT * FROM s_4 ORDER BY a, b, c, d) foo ORDER BY a, b, c, d, e LIMIT 10
                                                         QUERY PLAN                                                          
-----------------------------------------------------------------------------------------------------------------------------
 Limit  (cost=67.42..67.42 rows=1 width=20) (actual time=0.261..0.261 rows=0 loops=1)
   ->  Limit  (cost=67.12..67.32 rows=10 width=20) (actual time=0.259..0.260 rows=10 loops=1)
         ->  Incremental Sort  (cost=67.12..86.62 rows=1000 width=20) (actual time=0.259..0.259 rows=10 loops=1)
               Sort Key: s_4.a, s_4.b, s_4.c, s_4.d, s_4.e
               Presorted Key: s_4.a, s_4.b, s_4.c, s_4.d
               Sort Method: quicksort  Memory: 27kB
               Sort Groups: 1
               ->  Sort  (cost=66.83..69.33 rows=1000 width=20) (actual time=0.210..0.212 rows=33 loops=1)
                     Sort Key: s_4.a, s_4.b, s_4.c, s_4.d
                     Sort Method: quicksort  Memory: 103kB
                     ->  Seq Scan on s_4  (cost=0.00..17.00 rows=1000 width=20) (actual time=0.007..0.060 rows=1000 loops=1)
 Planning time: 0.222 ms
 Execution time: 0.286 ms
(13 rows)

===== 45 [Wed Mar  7 01:54:46 CET 2018] scale:1000 groups:10 work_mem:128MB incremental:off max_workers:0 =====
SELECT * FROM (SELECT * FROM s_1 ORDER BY a) foo ORDER BY a, b LIMIT 10
                                                         QUERY PLAN                                                          
-----------------------------------------------------------------------------------------------------------------------------
 Limit  (cost=101.06..101.06 rows=1 width=20) (actual time=0.305..0.305 rows=0 loops=1)
   ->  Limit  (cost=100.94..100.96 rows=10 width=20) (actual time=0.303..0.304 rows=10 loops=1)
         ->  Sort  (cost=100.94..103.44 rows=1000 width=20) (actual time=0.303..0.303 rows=10 loops=1)
               Sort Key: s_1.a, s_1.b
               Sort Method: top-N heapsort  Memory: 26kB
               ->  Sort  (cost=66.83..69.33 rows=1000 width=20) (actual time=0.179..0.213 rows=1000 loops=1)
                     Sort Key: s_1.a
                     Sort Method: quicksort  Memory: 103kB
                     ->  Seq Scan on s_1  (cost=0.00..17.00 rows=1000 width=20) (actual time=0.007..0.062 rows=1000 loops=1)
 Planning time: 0.207 ms
 Execution time: 0.331 ms
(11 rows)

===== 46 [Wed Mar  7 01:54:46 CET 2018] scale:1000 groups:10 work_mem:128MB incremental:off max_workers:0 =====
SELECT * FROM (SELECT * FROM s_2 ORDER BY a, b) foo ORDER BY a, b, c LIMIT 10
                                                         QUERY PLAN                                                          
-----------------------------------------------------------------------------------------------------------------------------
 Limit  (cost=101.06..101.06 rows=1 width=20) (actual time=0.323..0.323 rows=0 loops=1)
   ->  Limit  (cost=100.94..100.96 rows=10 width=20) (actual time=0.321..0.322 rows=10 loops=1)
         ->  Sort  (cost=100.94..103.44 rows=1000 width=20) (actual time=0.321..0.321 rows=10 loops=1)
               Sort Key: s_2.a, s_2.b, s_2.c
               Sort Method: top-N heapsort  Memory: 25kB
               ->  Sort  (cost=66.83..69.33 rows=1000 width=20) (actual time=0.193..0.231 rows=1000 loops=1)
                     Sort Key: s_2.a, s_2.b
                     Sort Method: quicksort  Memory: 103kB
                     ->  Seq Scan on s_2  (cost=0.00..17.00 rows=1000 width=20) (actual time=0.007..0.063 rows=1000 loops=1)
 Planning time: 0.203 ms
 Execution time: 0.348 ms
(11 rows)

===== 47 [Wed Mar  7 01:54:46 CET 2018] scale:1000 groups:10 work_mem:128MB incremental:off max_workers:0 =====
SELECT * FROM (SELECT * FROM s_3 ORDER BY a, b, c) foo ORDER BY a, b, c, d LIMIT 10
                                                         QUERY PLAN                                                          
-----------------------------------------------------------------------------------------------------------------------------
 Limit  (cost=101.06..101.06 rows=1 width=20) (actual time=0.345..0.345 rows=0 loops=1)
   ->  Limit  (cost=100.94..100.96 rows=10 width=20) (actual time=0.343..0.344 rows=10 loops=1)
         ->  Sort  (cost=100.94..103.44 rows=1000 width=20) (actual time=0.343..0.343 rows=10 loops=1)
               Sort Key: s_3.a, s_3.b, s_3.c, s_3.d
               Sort Method: top-N heapsort  Memory: 25kB
               ->  Sort  (cost=66.83..69.33 rows=1000 width=20) (actual time=0.215..0.249 rows=1000 loops=1)
                     Sort Key: s_3.a, s_3.b, s_3.c
                     Sort Method: quicksort  Memory: 103kB
                     ->  Seq Scan on s_3  (cost=0.00..17.00 rows=1000 width=20) (actual time=0.007..0.063 rows=1000 loops=1)
 Planning time: 0.207 ms
 Execution time: 0.371 ms
(11 rows)

===== 48 [Wed Mar  7 01:54:46 CET 2018] scale:1000 groups:10 work_mem:128MB incremental:off max_workers:0 =====
SELECT * FROM (SELECT * FROM s_4 ORDER BY a, b, c, d) foo ORDER BY a, b, c, d, e LIMIT 10
                                                         QUERY PLAN                                                          
-----------------------------------------------------------------------------------------------------------------------------
 Limit  (cost=101.06..101.06 rows=1 width=20) (actual time=0.344..0.344 rows=0 loops=1)
   ->  Limit  (cost=100.94..100.96 rows=10 width=20) (actual time=0.342..0.343 rows=10 loops=1)
         ->  Sort  (cost=100.94..103.44 rows=1000 width=20) (actual time=0.341..0.342 rows=10 loops=1)
               Sort Key: s_4.a, s_4.b, s_4.c, s_4.d, s_4.e
               Sort Method: top-N heapsort  Memory: 25kB
               ->  Sort  (cost=66.83..69.33 rows=1000 width=20) (actual time=0.208..0.242 rows=1000 loops=1)
                     Sort Key: s_4.a, s_4.b, s_4.c, s_4.d
                     Sort Method: quicksort  Memory: 103kB
                     ->  Seq Scan on s_4  (cost=0.00..17.00 rows=1000 width=20) (actual time=0.007..0.059 rows=1000 loops=1)
 Planning time: 0.212 ms
 Execution time: 0.367 ms
(11 rows)

===== 49 [Wed Mar  7 01:54:46 CET 2018] scale:1000 groups:10 work_mem:256MB incremental:on max_workers:0 =====
SELECT * FROM (SELECT * FROM s_1 ORDER BY a) foo ORDER BY a, b LIMIT 10
                                                         QUERY PLAN                                                          
-----------------------------------------------------------------------------------------------------------------------------
 Limit  (cost=70.21..70.21 rows=1 width=20) (actual time=0.236..0.236 rows=0 loops=1)
   ->  Limit  (cost=69.93..70.11 rows=10 width=20) (actual time=0.234..0.235 rows=10 loops=1)
         ->  Incremental Sort  (cost=69.93..87.65 rows=1000 width=20) (actual time=0.233..0.234 rows=10 loops=1)
               Sort Key: s_1.a, s_1.b
               Presorted Key: s_1.a
               Sort Method: quicksort  Memory: 28kB
               Sort Groups: 1
               ->  Sort  (cost=66.83..69.33 rows=1000 width=20) (actual time=0.180..0.183 rows=52 loops=1)
                     Sort Key: s_1.a
                     Sort Method: quicksort  Memory: 103kB
                     ->  Seq Scan on s_1  (cost=0.00..17.00 rows=1000 width=20) (actual time=0.004..0.060 rows=1000 loops=1)
 Planning time: 0.207 ms
 Execution time: 0.260 ms
(13 rows)

===== 50 [Wed Mar  7 01:54:46 CET 2018] scale:1000 groups:10 work_mem:256MB incremental:on max_workers:0 =====
SELECT * FROM (SELECT * FROM s_2 ORDER BY a, b) foo ORDER BY a, b, c LIMIT 10
                                                         QUERY PLAN                                                          
-----------------------------------------------------------------------------------------------------------------------------
 Limit  (cost=67.42..67.42 rows=1 width=20) (actual time=0.241..0.241 rows=0 loops=1)
   ->  Limit  (cost=67.12..67.32 rows=10 width=20) (actual time=0.239..0.240 rows=10 loops=1)
         ->  Incremental Sort  (cost=67.12..86.62 rows=1000 width=20) (actual time=0.239..0.239 rows=10 loops=1)
               Sort Key: s_2.a, s_2.b, s_2.c
               Presorted Key: s_2.a, s_2.b
               Sort Method: quicksort  Memory: 27kB
               Sort Groups: 1
               ->  Sort  (cost=66.83..69.33 rows=1000 width=20) (actual time=0.192..0.193 rows=36 loops=1)
                     Sort Key: s_2.a, s_2.b
                     Sort Method: quicksort  Memory: 103kB
                     ->  Seq Scan on s_2  (cost=0.00..17.00 rows=1000 width=20) (actual time=0.006..0.062 rows=1000 loops=1)
 Planning time: 0.208 ms
 Execution time: 0.273 ms
(13 rows)

===== 51 [Wed Mar  7 01:54:46 CET 2018] scale:1000 groups:10 work_mem:256MB incremental:on max_workers:0 =====
SELECT * FROM (SELECT * FROM s_3 ORDER BY a, b, c) foo ORDER BY a, b, c, d LIMIT 10
                                                         QUERY PLAN                                                          
-----------------------------------------------------------------------------------------------------------------------------
 Limit  (cost=67.42..67.42 rows=1 width=20) (actual time=0.255..0.255 rows=0 loops=1)
   ->  Limit  (cost=67.12..67.32 rows=10 width=20) (actual time=0.252..0.254 rows=10 loops=1)
         ->  Incremental Sort  (cost=67.12..86.62 rows=1000 width=20) (actual time=0.252..0.253 rows=10 loops=1)
               Sort Key: s_3.a, s_3.b, s_3.c, s_3.d
               Presorted Key: s_3.a, s_3.b, s_3.c
               Sort Method: quicksort  Memory: 27kB
               Sort Groups: 1
               ->  Sort  (cost=66.83..69.33 rows=1000 width=20) (actual time=0.209..0.210 rows=33 loops=1)
                     Sort Key: s_3.a, s_3.b, s_3.c
                     Sort Method: quicksort  Memory: 103kB
                     ->  Seq Scan on s_3  (cost=0.00..17.00 rows=1000 width=20) (actual time=0.007..0.063 rows=1000 loops=1)
 Planning time: 0.213 ms
 Execution time: 0.279 ms
(13 rows)

===== 52 [Wed Mar  7 01:54:46 CET 2018] scale:1000 groups:10 work_mem:256MB incremental:on max_workers:0 =====
SELECT * FROM (SELECT * FROM s_4 ORDER BY a, b, c, d) foo ORDER BY a, b, c, d, e LIMIT 10
                                                         QUERY PLAN                                                          
-----------------------------------------------------------------------------------------------------------------------------
 Limit  (cost=67.42..67.42 rows=1 width=20) (actual time=0.260..0.260 rows=0 loops=1)
   ->  Limit  (cost=67.12..67.32 rows=10 width=20) (actual time=0.257..0.258 rows=10 loops=1)
         ->  Incremental Sort  (cost=67.12..86.62 rows=1000 width=20) (actual time=0.257..0.257 rows=10 loops=1)
               Sort Key: s_4.a, s_4.b, s_4.c, s_4.d, s_4.e
               Presorted Key: s_4.a, s_4.b, s_4.c, s_4.d
               Sort Method: quicksort  Memory: 27kB
               Sort Groups: 1
               ->  Sort  (cost=66.83..69.33 rows=1000 width=20) (actual time=0.211..0.212 rows=33 loops=1)
                     Sort Key: s_4.a, s_4.b, s_4.c, s_4.d
                     Sort Method: quicksort  Memory: 103kB
                     ->  Seq Scan on s_4  (cost=0.00..17.00 rows=1000 width=20) (actual time=0.007..0.059 rows=1000 loops=1)
 Planning time: 0.219 ms
 Execution time: 0.285 ms
(13 rows)

===== 53 [Wed Mar  7 01:54:46 CET 2018] scale:1000 groups:10 work_mem:256MB incremental:off max_workers:0 =====
SELECT * FROM (SELECT * FROM s_1 ORDER BY a) foo ORDER BY a, b LIMIT 10
                                                         QUERY PLAN                                                          
-----------------------------------------------------------------------------------------------------------------------------
 Limit  (cost=101.06..101.06 rows=1 width=20) (actual time=0.309..0.309 rows=0 loops=1)
   ->  Limit  (cost=100.94..100.96 rows=10 width=20) (actual time=0.307..0.308 rows=10 loops=1)
         ->  Sort  (cost=100.94..103.44 rows=1000 width=20) (actual time=0.307..0.307 rows=10 loops=1)
               Sort Key: s_1.a, s_1.b
               Sort Method: top-N heapsort  Memory: 26kB
               ->  Sort  (cost=66.83..69.33 rows=1000 width=20) (actual time=0.181..0.214 rows=1000 loops=1)
                     Sort Key: s_1.a
                     Sort Method: quicksort  Memory: 103kB
                     ->  Seq Scan on s_1  (cost=0.00..17.00 rows=1000 width=20) (actual time=0.007..0.063 rows=1000 loops=1)
 Planning time: 0.198 ms
 Execution time: 0.334 ms
(11 rows)

===== 54 [Wed Mar  7 01:54:46 CET 2018] scale:1000 groups:10 work_mem:256MB incremental:off max_workers:0 =====
SELECT * FROM (SELECT * FROM s_2 ORDER BY a, b) foo ORDER BY a, b, c LIMIT 10
                                                         QUERY PLAN                                                          
-----------------------------------------------------------------------------------------------------------------------------
 Limit  (cost=101.06..101.06 rows=1 width=20) (actual time=0.316..0.316 rows=0 loops=1)
   ->  Limit  (cost=100.94..100.96 rows=10 width=20) (actual time=0.314..0.315 rows=10 loops=1)
         ->  Sort  (cost=100.94..103.44 rows=1000 width=20) (actual time=0.313..0.314 rows=10 loops=1)
               Sort Key: s_2.a, s_2.b, s_2.c
               Sort Method: top-N heapsort  Memory: 25kB
               ->  Sort  (cost=66.83..69.33 rows=1000 width=20) (actual time=0.190..0.224 rows=1000 loops=1)
                     Sort Key: s_2.a, s_2.b
                     Sort Method: quicksort  Memory: 103kB
                     ->  Seq Scan on s_2  (cost=0.00..17.00 rows=1000 width=20) (actual time=0.007..0.063 rows=1000 loops=1)
 Planning time: 0.198 ms
 Execution time: 0.340 ms
(11 rows)

===== 55 [Wed Mar  7 01:54:46 CET 2018] scale:1000 groups:10 work_mem:256MB incremental:off max_workers:0 =====
SELECT * FROM (SELECT * FROM s_3 ORDER BY a, b, c) foo ORDER BY a, b, c, d LIMIT 10
                                                         QUERY PLAN                                                          
-----------------------------------------------------------------------------------------------------------------------------
 Limit  (cost=101.06..101.06 rows=1 width=20) (actual time=0.339..0.339 rows=0 loops=1)
   ->  Limit  (cost=100.94..100.96 rows=10 width=20) (actual time=0.337..0.338 rows=10 loops=1)
         ->  Sort  (cost=100.94..103.44 rows=1000 width=20) (actual time=0.337..0.337 rows=10 loops=1)
               Sort Key: s_3.a, s_3.b, s_3.c, s_3.d
               Sort Method: top-N heapsort  Memory: 25kB
               ->  Sort  (cost=66.83..69.33 rows=1000 width=20) (actual time=0.207..0.241 rows=1000 loops=1)
                     Sort Key: s_3.a, s_3.b, s_3.c
                     Sort Method: quicksort  Memory: 103kB
                     ->  Seq Scan on s_3  (cost=0.00..17.00 rows=1000 width=20) (actual time=0.007..0.062 rows=1000 loops=1)
 Planning time: 0.209 ms
 Execution time: 0.364 ms
(11 rows)

===== 56 [Wed Mar  7 01:54:47 CET 2018] scale:1000 groups:10 work_mem:256MB incremental:off max_workers:0 =====
SELECT * FROM (SELECT * FROM s_4 ORDER BY a, b, c, d) foo ORDER BY a, b, c, d, e LIMIT 10
                                                         QUERY PLAN                                                          
-----------------------------------------------------------------------------------------------------------------------------
 Limit  (cost=101.06..101.06 rows=1 width=20) (actual time=0.337..0.337 rows=0 loops=1)
   ->  Limit  (cost=100.94..100.96 rows=10 width=20) (actual time=0.335..0.336 rows=10 loops=1)
         ->  Sort  (cost=100.94..103.44 rows=1000 width=20) (actual time=0.334..0.335 rows=10 loops=1)
               Sort Key: s_4.a, s_4.b, s_4.c, s_4.d, s_4.e
               Sort Method: top-N heapsort  Memory: 25kB
               ->  Sort  (cost=66.83..69.33 rows=1000 width=20) (actual time=0.202..0.236 rows=1000 loops=1)
                     Sort Key: s_4.a, s_4.b, s_4.c, s_4.d
                     Sort Method: quicksort  Memory: 103kB
                     ->  Seq Scan on s_4  (cost=0.00..17.00 rows=1000 width=20) (actual time=0.006..0.059 rows=1000 loops=1)
 Planning time: 0.209 ms
 Execution time: 0.361 ms
(11 rows)

===== 57 [Wed Mar  7 01:54:47 CET 2018] scale:1000 groups:10 work_mem:4MB incremental:on max_workers:2 =====
SELECT * FROM (SELECT * FROM s_1 ORDER BY a) foo ORDER BY a, b LIMIT 10
                                                         QUERY PLAN                                                          
-----------------------------------------------------------------------------------------------------------------------------
 Limit  (cost=70.21..70.21 rows=1 width=20) (actual time=0.229..0.229 rows=0 loops=1)
   ->  Limit  (cost=69.93..70.11 rows=10 width=20) (actual time=0.227..0.228 rows=10 loops=1)
         ->  Incremental Sort  (cost=69.93..87.65 rows=1000 width=20) (actual time=0.227..0.227 rows=10 loops=1)
               Sort Key: s_1.a, s_1.b
               Presorted Key: s_1.a
               Sort Method: quicksort  Memory: 28kB
               Sort Groups: 1
               ->  Sort  (cost=66.83..69.33 rows=1000 width=20) (actual time=0.179..0.181 rows=52 loops=1)
                     Sort Key: s_1.a
                     Sort Method: quicksort  Memory: 103kB
                     ->  Seq Scan on s_1  (cost=0.00..17.00 rows=1000 width=20) (actual time=0.004..0.060 rows=1000 loops=1)
 Planning time: 0.207 ms
 Execution time: 0.255 ms
(13 rows)

===== 58 [Wed Mar  7 01:54:47 CET 2018] scale:1000 groups:10 work_mem:4MB incremental:on max_workers:2 =====
SELECT * FROM (SELECT * FROM s_2 ORDER BY a, b) foo ORDER BY a, b, c LIMIT 10
                                                         QUERY PLAN                                                          
-----------------------------------------------------------------------------------------------------------------------------
 Limit  (cost=67.42..67.42 rows=1 width=20) (actual time=0.244..0.244 rows=0 loops=1)
   ->  Limit  (cost=67.12..67.32 rows=10 width=20) (actual time=0.242..0.243 rows=10 loops=1)
         ->  Incremental Sort  (cost=67.12..86.62 rows=1000 width=20) (actual time=0.242..0.242 rows=10 loops=1)
               Sort Key: s_2.a, s_2.b, s_2.c
               Presorted Key: s_2.a, s_2.b
               Sort Method: quicksort  Memory: 27kB
               Sort Groups: 1
               ->  Sort  (cost=66.83..69.33 rows=1000 width=20) (actual time=0.195..0.196 rows=36 loops=1)
                     Sort Key: s_2.a, s_2.b
                     Sort Method: quicksort  Memory: 103kB
                     ->  Seq Scan on s_2  (cost=0.00..17.00 rows=1000 width=20) (actual time=0.007..0.063 rows=1000 loops=1)
 Planning time: 0.210 ms
 Execution time: 0.269 ms
(13 rows)

===== 59 [Wed Mar  7 01:54:47 CET 2018] scale:1000 groups:10 work_mem:4MB incremental:on max_workers:2 =====
SELECT * FROM (SELECT * FROM s_3 ORDER BY a, b, c) foo ORDER BY a, b, c, d LIMIT 10
                                                         QUERY PLAN                                                          
-----------------------------------------------------------------------------------------------------------------------------
 Limit  (cost=67.42..67.42 rows=1 width=20) (actual time=0.255..0.255 rows=0 loops=1)
   ->  Limit  (cost=67.12..67.32 rows=10 width=20) (actual time=0.253..0.254 rows=10 loops=1)
         ->  Incremental Sort  (cost=67.12..86.62 rows=1000 width=20) (actual time=0.252..0.253 rows=10 loops=1)
               Sort Key: s_3.a, s_3.b, s_3.c, s_3.d
               Presorted Key: s_3.a, s_3.b, s_3.c
               Sort Method: quicksort  Memory: 27kB
               Sort Groups: 1
               ->  Sort  (cost=66.83..69.33 rows=1000 width=20) (actual time=0.208..0.210 rows=33 loops=1)
                     Sort Key: s_3.a, s_3.b, s_3.c
                     Sort Method: quicksort  Memory: 103kB
                     ->  Seq Scan on s_3  (cost=0.00..17.00 rows=1000 width=20) (actual time=0.007..0.063 rows=1000 loops=1)
 Planning time: 0.224 ms
 Execution time: 0.279 ms
(13 rows)

===== 60 [Wed Mar  7 01:54:47 CET 2018] scale:1000 groups:10 work_mem:4MB incremental:on max_workers:2 =====
SELECT * FROM (SELECT * FROM s_4 ORDER BY a, b, c, d) foo ORDER BY a, b, c, d, e LIMIT 10
                                                         QUERY PLAN                                                          
-----------------------------------------------------------------------------------------------------------------------------
 Limit  (cost=67.42..67.42 rows=1 width=20) (actual time=0.252..0.252 rows=0 loops=1)
   ->  Limit  (cost=67.12..67.32 rows=10 width=20) (actual time=0.250..0.251 rows=10 loops=1)
         ->  Incremental Sort  (cost=67.12..86.62 rows=1000 width=20) (actual time=0.250..0.250 rows=10 loops=1)
               Sort Key: s_4.a, s_4.b, s_4.c, s_4.d, s_4.e
               Presorted Key: s_4.a, s_4.b, s_4.c, s_4.d
               Sort Method: quicksort  Memory: 27kB
               Sort Groups: 1
               ->  Sort  (cost=66.83..69.33 rows=1000 width=20) (actual time=0.204..0.206 rows=33 loops=1)
                     Sort Key: s_4.a, s_4.b, s_4.c, s_4.d
                     Sort Method: quicksort  Memory: 103kB
                     ->  Seq Scan on s_4  (cost=0.00..17.00 rows=1000 width=20) (actual time=0.007..0.059 rows=1000 loops=1)
 Planning time: 0.226 ms
 Execution time: 0.277 ms
(13 rows)

===== 61 [Wed Mar  7 01:54:47 CET 2018] scale:1000 groups:10 work_mem:4MB incremental:off max_workers:2 =====
SELECT * FROM (SELECT * FROM s_1 ORDER BY a) foo ORDER BY a, b LIMIT 10
                                                         QUERY PLAN                                                          
-----------------------------------------------------------------------------------------------------------------------------
 Limit  (cost=101.06..101.06 rows=1 width=20) (actual time=0.313..0.313 rows=0 loops=1)
   ->  Limit  (cost=100.94..100.96 rows=10 width=20) (actual time=0.311..0.312 rows=10 loops=1)
         ->  Sort  (cost=100.94..103.44 rows=1000 width=20) (actual time=0.310..0.311 rows=10 loops=1)
               Sort Key: s_1.a, s_1.b
               Sort Method: top-N heapsort  Memory: 26kB
               ->  Sort  (cost=66.83..69.33 rows=1000 width=20) (actual time=0.180..0.220 rows=1000 loops=1)
                     Sort Key: s_1.a
                     Sort Method: quicksort  Memory: 103kB
                     ->  Seq Scan on s_1  (cost=0.00..17.00 rows=1000 width=20) (actual time=0.007..0.062 rows=1000 loops=1)
 Planning time: 0.204 ms
 Execution time: 0.337 ms
(11 rows)

===== 62 [Wed Mar  7 01:54:47 CET 2018] scale:1000 groups:10 work_mem:4MB incremental:off max_workers:2 =====
SELECT * FROM (SELECT * FROM s_2 ORDER BY a, b) foo ORDER BY a, b, c LIMIT 10
                                                         QUERY PLAN                                                          
-----------------------------------------------------------------------------------------------------------------------------
 Limit  (cost=101.06..101.06 rows=1 width=20) (actual time=0.319..0.319 rows=0 loops=1)
   ->  Limit  (cost=100.94..100.96 rows=10 width=20) (actual time=0.317..0.318 rows=10 loops=1)
         ->  Sort  (cost=100.94..103.44 rows=1000 width=20) (actual time=0.317..0.317 rows=10 loops=1)
               Sort Key: s_2.a, s_2.b, s_2.c
               Sort Method: top-N heapsort  Memory: 25kB
               ->  Sort  (cost=66.83..69.33 rows=1000 width=20) (actual time=0.194..0.228 rows=1000 loops=1)
                     Sort Key: s_2.a, s_2.b
                     Sort Method: quicksort  Memory: 103kB
                     ->  Seq Scan on s_2  (cost=0.00..17.00 rows=1000 width=20) (actual time=0.007..0.062 rows=1000 loops=1)
 Planning time: 0.206 ms
 Execution time: 0.343 ms
(11 rows)

===== 63 [Wed Mar  7 01:54:47 CET 2018] scale:1000 groups:10 work_mem:4MB incremental:off max_workers:2 =====
SELECT * FROM (SELECT * FROM s_3 ORDER BY a, b, c) foo ORDER BY a, b, c, d LIMIT 10
                                                         QUERY PLAN                                                          
-----------------------------------------------------------------------------------------------------------------------------
 Limit  (cost=101.06..101.06 rows=1 width=20) (actual time=0.339..0.339 rows=0 loops=1)
   ->  Limit  (cost=100.94..100.96 rows=10 width=20) (actual time=0.337..0.338 rows=10 loops=1)
         ->  Sort  (cost=100.94..103.44 rows=1000 width=20) (actual time=0.337..0.337 rows=10 loops=1)
               Sort Key: s_3.a, s_3.b, s_3.c, s_3.d
               Sort Method: top-N heapsort  Memory: 25kB
               ->  Sort  (cost=66.83..69.33 rows=1000 width=20) (actual time=0.209..0.243 rows=1000 loops=1)
                     Sort Key: s_3.a, s_3.b, s_3.c
                     Sort Method: quicksort  Memory: 103kB
                     ->  Seq Scan on s_3  (cost=0.00..17.00 rows=1000 width=20) (actual time=0.007..0.063 rows=1000 loops=1)
 Planning time: 0.225 ms
 Execution time: 0.363 ms
(11 rows)

===== 64 [Wed Mar  7 01:54:47 CET 2018] scale:1000 groups:10 work_mem:4MB incremental:off max_workers:2 =====
SELECT * FROM (SELECT * FROM s_4 ORDER BY a, b, c, d) foo ORDER BY a, b, c, d, e LIMIT 10
                                                         QUERY PLAN                                                          
-----------------------------------------------------------------------------------------------------------------------------
 Limit  (cost=101.06..101.06 rows=1 width=20) (actual time=0.340..0.340 rows=0 loops=1)
   ->  Limit  (cost=100.94..100.96 rows=10 width=20) (actual time=0.338..0.339 rows=10 loops=1)
         ->  Sort  (cost=100.94..103.44 rows=1000 width=20) (actual time=0.338..0.338 rows=10 loops=1)
               Sort Key: s_4.a, s_4.b, s_4.c, s_4.d, s_4.e
               Sort Method: top-N heapsort  Memory: 25kB
               ->  Sort  (cost=66.83..69.33 rows=1000 width=20) (actual time=0.205..0.239 rows=1000 loops=1)
                     Sort Key: s_4.a, s_4.b, s_4.c, s_4.d
                     Sort Method: quicksort  Memory: 103kB
                     ->  Seq Scan on s_4  (cost=0.00..17.00 rows=1000 width=20) (actual time=0.007..0.059 rows=1000 loops=1)
 Planning time: 0.212 ms
 Execution time: 0.364 ms
(11 rows)

===== 65 [Wed Mar  7 01:54:47 CET 2018] scale:1000 groups:10 work_mem:8MB incremental:on max_workers:2 =====
SELECT * FROM (SELECT * FROM s_1 ORDER BY a) foo ORDER BY a, b LIMIT 10
                                                         QUERY PLAN                                                          
-----------------------------------------------------------------------------------------------------------------------------
 Limit  (cost=70.21..70.21 rows=1 width=20) (actual time=0.235..0.235 rows=0 loops=1)
   ->  Limit  (cost=69.93..70.11 rows=10 width=20) (actual time=0.233..0.234 rows=10 loops=1)
         ->  Incremental Sort  (cost=69.93..87.65 rows=1000 width=20) (actual time=0.232..0.233 rows=10 loops=1)
               Sort Key: s_1.a, s_1.b
               Presorted Key: s_1.a
               Sort Method: quicksort  Memory: 28kB
               Sort Groups: 1
               ->  Sort  (cost=66.83..69.33 rows=1000 width=20) (actual time=0.177..0.179 rows=52 loops=1)
                     Sort Key: s_1.a
                     Sort Method: quicksort  Memory: 103kB
                     ->  Seq Scan on s_1  (cost=0.00..17.00 rows=1000 width=20) (actual time=0.004..0.060 rows=1000 loops=1)
 Planning time: 0.211 ms
 Execution time: 0.259 ms
(13 rows)

===== 66 [Wed Mar  7 01:54:47 CET 2018] scale:1000 groups:10 work_mem:8MB incremental:on max_workers:2 =====
SELECT * FROM (SELECT * FROM s_2 ORDER BY a, b) foo ORDER BY a, b, c LIMIT 10
                                                         QUERY PLAN                                                          
-----------------------------------------------------------------------------------------------------------------------------
 Limit  (cost=67.42..67.42 rows=1 width=20) (actual time=0.243..0.243 rows=0 loops=1)
   ->  Limit  (cost=67.12..67.32 rows=10 width=20) (actual time=0.241..0.242 rows=10 loops=1)
         ->  Incremental Sort  (cost=67.12..86.62 rows=1000 width=20) (actual time=0.241..0.241 rows=10 loops=1)
               Sort Key: s_2.a, s_2.b, s_2.c
               Presorted Key: s_2.a, s_2.b
               Sort Method: quicksort  Memory: 27kB
               Sort Groups: 1
               ->  Sort  (cost=66.83..69.33 rows=1000 width=20) (actual time=0.193..0.194 rows=36 loops=1)
                     Sort Key: s_2.a, s_2.b
                     Sort Method: quicksort  Memory: 103kB
                     ->  Seq Scan on s_2  (cost=0.00..17.00 rows=1000 width=20) (actual time=0.006..0.063 rows=1000 loops=1)
 Planning time: 0.215 ms
 Execution time: 0.269 ms
(13 rows)

===== 67 [Wed Mar  7 01:54:47 CET 2018] scale:1000 groups:10 work_mem:8MB incremental:on max_workers:2 =====
SELECT * FROM (SELECT * FROM s_3 ORDER BY a, b, c) foo ORDER BY a, b, c, d LIMIT 10
                                                         QUERY PLAN                                                          
-----------------------------------------------------------------------------------------------------------------------------
 Limit  (cost=67.42..67.42 rows=1 width=20) (actual time=0.256..0.256 rows=0 loops=1)
   ->  Limit  (cost=67.12..67.32 rows=10 width=20) (actual time=0.254..0.255 rows=10 loops=1)
         ->  Incremental Sort  (cost=67.12..86.62 rows=1000 width=20) (actual time=0.254..0.254 rows=10 loops=1)
               Sort Key: s_3.a, s_3.b, s_3.c, s_3.d
               Presorted Key: s_3.a, s_3.b, s_3.c
               Sort Method: quicksort  Memory: 27kB
               Sort Groups: 1
               ->  Sort  (cost=66.83..69.33 rows=1000 width=20) (actual time=0.211..0.212 rows=33 loops=1)
                     Sort Key: s_3.a, s_3.b, s_3.c
                     Sort Method: quicksort  Memory: 103kB
                     ->  Seq Scan on s_3  (cost=0.00..17.00 rows=1000 width=20) (actual time=0.007..0.063 rows=1000 loops=1)
 Planning time: 0.217 ms
 Execution time: 0.282 ms
(13 rows)

===== 68 [Wed Mar  7 01:54:47 CET 2018] scale:1000 groups:10 work_mem:8MB incremental:on max_workers:2 =====
SELECT * FROM (SELECT * FROM s_4 ORDER BY a, b, c, d) foo ORDER BY a, b, c, d, e LIMIT 10
                                                         QUERY PLAN                                                          
-----------------------------------------------------------------------------------------------------------------------------
 Limit  (cost=67.42..67.42 rows=1 width=20) (actual time=0.253..0.253 rows=0 loops=1)
   ->  Limit  (cost=67.12..67.32 rows=10 width=20) (actual time=0.250..0.252 rows=10 loops=1)
         ->  Incremental Sort  (cost=67.12..86.62 rows=1000 width=20) (actual time=0.250..0.251 rows=10 loops=1)
               Sort Key: s_4.a, s_4.b, s_4.c, s_4.d, s_4.e
               Presorted Key: s_4.a, s_4.b, s_4.c, s_4.d
               Sort Method: quicksort  Memory: 27kB
               Sort Groups: 1
               ->  Sort  (cost=66.83..69.33 rows=1000 width=20) (actual time=0.205..0.206 rows=33 loops=1)
                     Sort Key: s_4.a, s_4.b, s_4.c, s_4.d
                     Sort Method: quicksort  Memory: 103kB
                     ->  Seq Scan on s_4  (cost=0.00..17.00 rows=1000 width=20) (actual time=0.007..0.059 rows=1000 loops=1)
 Planning time: 0.226 ms
 Execution time: 0.277 ms
(13 rows)

===== 69 [Wed Mar  7 01:54:47 CET 2018] scale:1000 groups:10 work_mem:8MB incremental:off max_workers:2 =====
SELECT * FROM (SELECT * FROM s_1 ORDER BY a) foo ORDER BY a, b LIMIT 10
                                                         QUERY PLAN                                                          
-----------------------------------------------------------------------------------------------------------------------------
 Limit  (cost=101.06..101.06 rows=1 width=20) (actual time=0.310..0.310 rows=0 loops=1)
   ->  Limit  (cost=100.94..100.96 rows=10 width=20) (actual time=0.308..0.309 rows=10 loops=1)
         ->  Sort  (cost=100.94..103.44 rows=1000 width=20) (actual time=0.307..0.308 rows=10 loops=1)
               Sort Key: s_1.a, s_1.b
               Sort Method: top-N heapsort  Memory: 26kB
               ->  Sort  (cost=66.83..69.33 rows=1000 width=20) (actual time=0.184..0.218 rows=1000 loops=1)
                     Sort Key: s_1.a
                     Sort Method: quicksort  Memory: 103kB
                     ->  Seq Scan on s_1  (cost=0.00..17.00 rows=1000 width=20) (actual time=0.007..0.063 rows=1000 loops=1)
 Planning time: 0.204 ms
 Execution time: 0.335 ms
(11 rows)

===== 70 [Wed Mar  7 01:54:47 CET 2018] scale:1000 groups:10 work_mem:8MB incremental:off max_workers:2 =====
SELECT * FROM (SELECT * FROM s_2 ORDER BY a, b) foo ORDER BY a, b, c LIMIT 10
                                                         QUERY PLAN                                                          
-----------------------------------------------------------------------------------------------------------------------------
 Limit  (cost=101.06..101.06 rows=1 width=20) (actual time=0.318..0.318 rows=0 loops=1)
   ->  Limit  (cost=100.94..100.96 rows=10 width=20) (actual time=0.316..0.317 rows=10 loops=1)
         ->  Sort  (cost=100.94..103.44 rows=1000 width=20) (actual time=0.316..0.316 rows=10 loops=1)
               Sort Key: s_2.a, s_2.b, s_2.c
               Sort Method: top-N heapsort  Memory: 25kB
               ->  Sort  (cost=66.83..69.33 rows=1000 width=20) (actual time=0.193..0.227 rows=1000 loops=1)
                     Sort Key: s_2.a, s_2.b
                     Sort Method: quicksort  Memory: 103kB
                     ->  Seq Scan on s_2  (cost=0.00..17.00 rows=1000 width=20) (actual time=0.006..0.062 rows=1000 loops=1)
 Planning time: 0.203 ms
 Execution time: 0.343 ms
(11 rows)

===== 71 [Wed Mar  7 01:54:48 CET 2018] scale:1000 groups:10 work_mem:8MB incremental:off max_workers:2 =====
SELECT * FROM (SELECT * FROM s_3 ORDER BY a, b, c) foo ORDER BY a, b, c, d LIMIT 10
                                                         QUERY PLAN                                                          
-----------------------------------------------------------------------------------------------------------------------------
 Limit  (cost=101.06..101.06 rows=1 width=20) (actual time=0.338..0.338 rows=0 loops=1)
   ->  Limit  (cost=100.94..100.96 rows=10 width=20) (actual time=0.336..0.337 rows=10 loops=1)
         ->  Sort  (cost=100.94..103.44 rows=1000 width=20) (actual time=0.336..0.336 rows=10 loops=1)
               Sort Key: s_3.a, s_3.b, s_3.c, s_3.d
               Sort Method: top-N heapsort  Memory: 25kB
               ->  Sort  (cost=66.83..69.33 rows=1000 width=20) (actual time=0.208..0.242 rows=1000 loops=1)
                     Sort Key: s_3.a, s_3.b, s_3.c
                     Sort Method: quicksort  Memory: 103kB
                     ->  Seq Scan on s_3  (cost=0.00..17.00 rows=1000 width=20) (actual time=0.007..0.062 rows=1000 loops=1)
 Planning time: 0.215 ms
 Execution time: 0.364 ms
(11 rows)

===== 72 [Wed Mar  7 01:54:48 CET 2018] scale:1000 groups:10 work_mem:8MB incremental:off max_workers:2 =====
SELECT * FROM (SELECT * FROM s_4 ORDER BY a, b, c, d) foo ORDER BY a, b, c, d, e LIMIT 10
                                                         QUERY PLAN                                                          
-----------------------------------------------------------------------------------------------------------------------------
 Limit  (cost=101.06..101.06 rows=1 width=20) (actual time=0.343..0.343 rows=0 loops=1)
   ->  Limit  (cost=100.94..100.96 rows=10 width=20) (actual time=0.341..0.342 rows=10 loops=1)
         ->  Sort  (cost=100.94..103.44 rows=1000 width=20) (actual time=0.341..0.341 rows=10 loops=1)
               Sort Key: s_4.a, s_4.b, s_4.c, s_4.d, s_4.e
               Sort Method: top-N heapsort  Memory: 25kB
               ->  Sort  (cost=66.83..69.33 rows=1000 width=20) (actual time=0.203..0.237 rows=1000 loops=1)
                     Sort Key: s_4.a, s_4.b, s_4.c, s_4.d
                     Sort Method: quicksort  Memory: 103kB
                     ->  Seq Scan on s_4  (cost=0.00..17.00 rows=1000 width=20) (actual time=0.007..0.059 rows=1000 loops=1)
 Planning time: 0.213 ms
 Execution time: 0.368 ms
(11 rows)

===== 73 [Wed Mar  7 01:54:48 CET 2018] scale:1000 groups:10 work_mem:16MB incremental:on max_workers:2 =====
SELECT * FROM (SELECT * FROM s_1 ORDER BY a) foo ORDER BY a, b LIMIT 10
                                                         QUERY PLAN                                                          
-----------------------------------------------------------------------------------------------------------------------------
 Limit  (cost=70.21..70.21 rows=1 width=20) (actual time=0.228..0.228 rows=0 loops=1)
   ->  Limit  (cost=69.93..70.11 rows=10 width=20) (actual time=0.226..0.227 rows=10 loops=1)
         ->  Incremental Sort  (cost=69.93..87.65 rows=1000 width=20) (actual time=0.226..0.226 rows=10 loops=1)
               Sort Key: s_1.a, s_1.b
               Presorted Key: s_1.a
               Sort Method: quicksort  Memory: 28kB
               Sort Groups: 1
               ->  Sort  (cost=66.83..69.33 rows=1000 width=20) (actual time=0.178..0.180 rows=52 loops=1)
                     Sort Key: s_1.a
                     Sort Method: quicksort  Memory: 103kB
                     ->  Seq Scan on s_1  (cost=0.00..17.00 rows=1000 width=20) (actual time=0.004..0.060 rows=1000 loops=1)
 Planning time: 0.213 ms
 Execution time: 0.253 ms
(13 rows)

===== 74 [Wed Mar  7 01:54:48 CET 2018] scale:1000 groups:10 work_mem:16MB incremental:on max_workers:2 =====
SELECT * FROM (SELECT * FROM s_2 ORDER BY a, b) foo ORDER BY a, b, c LIMIT 10
                                                         QUERY PLAN                                                          
-----------------------------------------------------------------------------------------------------------------------------
 Limit  (cost=67.42..67.42 rows=1 width=20) (actual time=0.244..0.244 rows=0 loops=1)
   ->  Limit  (cost=67.12..67.32 rows=10 width=20) (actual time=0.242..0.243 rows=10 loops=1)
         ->  Incremental Sort  (cost=67.12..86.62 rows=1000 width=20) (actual time=0.242..0.242 rows=10 loops=1)
               Sort Key: s_2.a, s_2.b, s_2.c
               Presorted Key: s_2.a, s_2.b
               Sort Method: quicksort  Memory: 27kB
               Sort Groups: 1
               ->  Sort  (cost=66.83..69.33 rows=1000 width=20) (actual time=0.193..0.195 rows=36 loops=1)
                     Sort Key: s_2.a, s_2.b
                     Sort Method: quicksort  Memory: 103kB
                     ->  Seq Scan on s_2  (cost=0.00..17.00 rows=1000 width=20) (actual time=0.007..0.063 rows=1000 loops=1)
 Planning time: 0.209 ms
 Execution time: 0.269 ms
(13 rows)

===== 75 [Wed Mar  7 01:54:48 CET 2018] scale:1000 groups:10 work_mem:16MB incremental:on max_workers:2 =====
SELECT * FROM (SELECT * FROM s_3 ORDER BY a, b, c) foo ORDER BY a, b, c, d LIMIT 10
                                                         QUERY PLAN                                                          
-----------------------------------------------------------------------------------------------------------------------------
 Limit  (cost=67.42..67.42 rows=1 width=20) (actual time=0.255..0.255 rows=0 loops=1)
   ->  Limit  (cost=67.12..67.32 rows=10 width=20) (actual time=0.253..0.254 rows=10 loops=1)
         ->  Incremental Sort  (cost=67.12..86.62 rows=1000 width=20) (actual time=0.253..0.253 rows=10 loops=1)
               Sort Key: s_3.a, s_3.b, s_3.c, s_3.d
               Presorted Key: s_3.a, s_3.b, s_3.c
               Sort Method: quicksort  Memory: 27kB
               Sort Groups: 1
               ->  Sort  (cost=66.83..69.33 rows=1000 width=20) (actual time=0.209..0.211 rows=33 loops=1)
                     Sort Key: s_3.a, s_3.b, s_3.c
                     Sort Method: quicksort  Memory: 103kB
                     ->  Seq Scan on s_3  (cost=0.00..17.00 rows=1000 width=20) (actual time=0.007..0.062 rows=1000 loops=1)
 Planning time: 0.218 ms
 Execution time: 0.281 ms
(13 rows)

===== 76 [Wed Mar  7 01:54:48 CET 2018] scale:1000 groups:10 work_mem:16MB incremental:on max_workers:2 =====
SELECT * FROM (SELECT * FROM s_4 ORDER BY a, b, c, d) foo ORDER BY a, b, c, d, e LIMIT 10
                                                         QUERY PLAN                                                          
-----------------------------------------------------------------------------------------------------------------------------
 Limit  (cost=67.42..67.42 rows=1 width=20) (actual time=0.254..0.254 rows=0 loops=1)
   ->  Limit  (cost=67.12..67.32 rows=10 width=20) (actual time=0.252..0.253 rows=10 loops=1)
         ->  Incremental Sort  (cost=67.12..86.62 rows=1000 width=20) (actual time=0.252..0.252 rows=10 loops=1)
               Sort Key: s_4.a, s_4.b, s_4.c, s_4.d, s_4.e
               Presorted Key: s_4.a, s_4.b, s_4.c, s_4.d
               Sort Method: quicksort  Memory: 27kB
               Sort Groups: 1
               ->  Sort  (cost=66.83..69.33 rows=1000 width=20) (actual time=0.205..0.207 rows=33 loops=1)
                     Sort Key: s_4.a, s_4.b, s_4.c, s_4.d
                     Sort Method: quicksort  Memory: 103kB
                     ->  Seq Scan on s_4  (cost=0.00..17.00 rows=1000 width=20) (actual time=0.007..0.059 rows=1000 loops=1)
 Planning time: 0.221 ms
 Execution time: 0.279 ms
(13 rows)

===== 77 [Wed Mar  7 01:54:48 CET 2018] scale:1000 groups:10 work_mem:16MB incremental:off max_workers:2 =====
SELECT * FROM (SELECT * FROM s_1 ORDER BY a) foo ORDER BY a, b LIMIT 10
                                                         QUERY PLAN                                                          
-----------------------------------------------------------------------------------------------------------------------------
 Limit  (cost=101.06..101.06 rows=1 width=20) (actual time=0.310..0.310 rows=0 loops=1)
   ->  Limit  (cost=100.94..100.96 rows=10 width=20) (actual time=0.308..0.309 rows=10 loops=1)
         ->  Sort  (cost=100.94..103.44 rows=1000 width=20) (actual time=0.308..0.308 rows=10 loops=1)
               Sort Key: s_1.a, s_1.b
               Sort Method: top-N heapsort  Memory: 26kB
               ->  Sort  (cost=66.83..69.33 rows=1000 width=20) (actual time=0.184..0.218 rows=1000 loops=1)
                     Sort Key: s_1.a
                     Sort Method: quicksort  Memory: 103kB
                     ->  Seq Scan on s_1  (cost=0.00..17.00 rows=1000 width=20) (actual time=0.007..0.063 rows=1000 loops=1)
 Planning time: 0.203 ms
 Execution time: 0.334 ms
(11 rows)

===== 78 [Wed Mar  7 01:54:48 CET 2018] scale:1000 groups:10 work_mem:16MB incremental:off max_workers:2 =====
SELECT * FROM (SELECT * FROM s_2 ORDER BY a, b) foo ORDER BY a, b, c LIMIT 10
                                                         QUERY PLAN                                                          
-----------------------------------------------------------------------------------------------------------------------------
 Limit  (cost=101.06..101.06 rows=1 width=20) (actual time=0.316..0.316 rows=0 loops=1)
   ->  Limit  (cost=100.94..100.96 rows=10 width=20) (actual time=0.314..0.315 rows=10 loops=1)
         ->  Sort  (cost=100.94..103.44 rows=1000 width=20) (actual time=0.314..0.314 rows=10 loops=1)
               Sort Key: s_2.a, s_2.b, s_2.c
               Sort Method: top-N heapsort  Memory: 25kB
               ->  Sort  (cost=66.83..69.33 rows=1000 width=20) (actual time=0.192..0.225 rows=1000 loops=1)
                     Sort Key: s_2.a, s_2.b
                     Sort Method: quicksort  Memory: 103kB
                     ->  Seq Scan on s_2  (cost=0.00..17.00 rows=1000 width=20) (actual time=0.006..0.062 rows=1000 loops=1)
 Planning time: 0.215 ms
 Execution time: 0.341 ms
(11 rows)

===== 79 [Wed Mar  7 01:54:48 CET 2018] scale:1000 groups:10 work_mem:16MB incremental:off max_workers:2 =====
SELECT * FROM (SELECT * FROM s_3 ORDER BY a, b, c) foo ORDER BY a, b, c, d LIMIT 10
                                                         QUERY PLAN                                                          
-----------------------------------------------------------------------------------------------------------------------------
 Limit  (cost=101.06..101.06 rows=1 width=20) (actual time=0.342..0.342 rows=0 loops=1)
   ->  Limit  (cost=100.94..100.96 rows=10 width=20) (actual time=0.339..0.341 rows=10 loops=1)
         ->  Sort  (cost=100.94..103.44 rows=1000 width=20) (actual time=0.339..0.340 rows=10 loops=1)
               Sort Key: s_3.a, s_3.b, s_3.c, s_3.d
               Sort Method: top-N heapsort  Memory: 25kB
               ->  Sort  (cost=66.83..69.33 rows=1000 width=20) (actual time=0.210..0.243 rows=1000 loops=1)
                     Sort Key: s_3.a, s_3.b, s_3.c
                     Sort Method: quicksort  Memory: 103kB
                     ->  Seq Scan on s_3  (cost=0.00..17.00 rows=1000 width=20) (actual time=0.007..0.062 rows=1000 loops=1)
 Planning time: 0.217 ms
 Execution time: 0.366 ms
(11 rows)

===== 80 [Wed Mar  7 01:54:48 CET 2018] scale:1000 groups:10 work_mem:16MB incremental:off max_workers:2 =====
SELECT * FROM (SELECT * FROM s_4 ORDER BY a, b, c, d) foo ORDER BY a, b, c, d, e LIMIT 10
                                                         QUERY PLAN                                                          
-----------------------------------------------------------------------------------------------------------------------------
 Limit  (cost=101.06..101.06 rows=1 width=20) (actual time=0.341..0.341 rows=0 loops=1)
   ->  Limit  (cost=100.94..100.96 rows=10 width=20) (actual time=0.339..0.340 rows=10 loops=1)
         ->  Sort  (cost=100.94..103.44 rows=1000 width=20) (actual time=0.338..0.339 rows=10 loops=1)
               Sort Key: s_4.a, s_4.b, s_4.c, s_4.d, s_4.e
               Sort Method: top-N heapsort  Memory: 25kB
               ->  Sort  (cost=66.83..69.33 rows=1000 width=20) (actual time=0.204..0.238 rows=1000 loops=1)
                     Sort Key: s_4.a, s_4.b, s_4.c, s_4.d
                     Sort Method: quicksort  Memory: 103kB
                     ->  Seq Scan on s_4  (cost=0.00..17.00 rows=1000 width=20) (actual time=0.007..0.059 rows=1000 loops=1)
 Planning time: 0.215 ms
 Execution time: 0.365 ms
(11 rows)

===== 81 [Wed Mar  7 01:54:48 CET 2018] scale:1000 groups:10 work_mem:32MB incremental:on max_workers:2 =====
SELECT * FROM (SELECT * FROM s_1 ORDER BY a) foo ORDER BY a, b LIMIT 10
                                                         QUERY PLAN                                                          
-----------------------------------------------------------------------------------------------------------------------------
 Limit  (cost=70.21..70.21 rows=1 width=20) (actual time=0.236..0.236 rows=0 loops=1)
   ->  Limit  (cost=69.93..70.11 rows=10 width=20) (actual time=0.234..0.235 rows=10 loops=1)
         ->  Incremental Sort  (cost=69.93..87.65 rows=1000 width=20) (actual time=0.234..0.234 rows=10 loops=1)
               Sort Key: s_1.a, s_1.b
               Presorted Key: s_1.a
               Sort Method: quicksort  Memory: 28kB
               Sort Groups: 1
               ->  Sort  (cost=66.83..69.33 rows=1000 width=20) (actual time=0.180..0.182 rows=52 loops=1)
                     Sort Key: s_1.a
                     Sort Method: quicksort  Memory: 103kB
                     ->  Seq Scan on s_1  (cost=0.00..17.00 rows=1000 width=20) (actual time=0.004..0.060 rows=1000 loops=1)
 Planning time: 0.211 ms
 Execution time: 0.264 ms
(13 rows)

===== 82 [Wed Mar  7 01:54:48 CET 2018] scale:1000 groups:10 work_mem:32MB incremental:on max_workers:2 =====
SELECT * FROM (SELECT * FROM s_2 ORDER BY a, b) foo ORDER BY a, b, c LIMIT 10
                                                         QUERY PLAN                                                          
-----------------------------------------------------------------------------------------------------------------------------
 Limit  (cost=67.42..67.42 rows=1 width=20) (actual time=0.252..0.252 rows=0 loops=1)
   ->  Limit  (cost=67.12..67.32 rows=10 width=20) (actual time=0.249..0.250 rows=10 loops=1)
         ->  Incremental Sort  (cost=67.12..86.62 rows=1000 width=20) (actual time=0.249..0.250 rows=10 loops=1)
               Sort Key: s_2.a, s_2.b, s_2.c
               Presorted Key: s_2.a, s_2.b
               Sort Method: quicksort  Memory: 27kB
               Sort Groups: 1
               ->  Sort  (cost=66.83..69.33 rows=1000 width=20) (actual time=0.195..0.197 rows=36 loops=1)
                     Sort Key: s_2.a, s_2.b
                     Sort Method: quicksort  Memory: 103kB
                     ->  Seq Scan on s_2  (cost=0.00..17.00 rows=1000 width=20) (actual time=0.007..0.063 rows=1000 loops=1)
 Planning time: 0.209 ms
 Execution time: 0.278 ms
(13 rows)

===== 83 [Wed Mar  7 01:54:48 CET 2018] scale:1000 groups:10 work_mem:32MB incremental:on max_workers:2 =====
SELECT * FROM (SELECT * FROM s_3 ORDER BY a, b, c) foo ORDER BY a, b, c, d LIMIT 10
                                                         QUERY PLAN                                                          
-----------------------------------------------------------------------------------------------------------------------------
 Limit  (cost=67.42..67.42 rows=1 width=20) (actual time=0.257..0.257 rows=0 loops=1)
   ->  Limit  (cost=67.12..67.32 rows=10 width=20) (actual time=0.255..0.256 rows=10 loops=1)
         ->  Incremental Sort  (cost=67.12..86.62 rows=1000 width=20) (actual time=0.254..0.255 rows=10 loops=1)
               Sort Key: s_3.a, s_3.b, s_3.c, s_3.d
               Presorted Key: s_3.a, s_3.b, s_3.c
               Sort Method: quicksort  Memory: 27kB
               Sort Groups: 1
               ->  Sort  (cost=66.83..69.33 rows=1000 width=20) (actual time=0.210..0.211 rows=33 loops=1)
                     Sort Key: s_3.a, s_3.b, s_3.c
                     Sort Method: quicksort  Memory: 103kB
                     ->  Seq Scan on s_3  (cost=0.00..17.00 rows=1000 width=20) (actual time=0.007..0.063 rows=1000 loops=1)
 Planning time: 0.218 ms
 Execution time: 0.281 ms
(13 rows)

===== 84 [Wed Mar  7 01:54:48 CET 2018] scale:1000 groups:10 work_mem:32MB incremental:on max_workers:2 =====
SELECT * FROM (SELECT * FROM s_4 ORDER BY a, b, c, d) foo ORDER BY a, b, c, d, e LIMIT 10
                                                         QUERY PLAN                                                          
-----------------------------------------------------------------------------------------------------------------------------
 Limit  (cost=67.42..67.42 rows=1 width=20) (actual time=0.260..0.260 rows=0 loops=1)
   ->  Limit  (cost=67.12..67.32 rows=10 width=20) (actual time=0.258..0.259 rows=10 loops=1)
         ->  Incremental Sort  (cost=67.12..86.62 rows=1000 width=20) (actual time=0.258..0.258 rows=10 loops=1)
               Sort Key: s_4.a, s_4.b, s_4.c, s_4.d, s_4.e
               Presorted Key: s_4.a, s_4.b, s_4.c, s_4.d
               Sort Method: quicksort  Memory: 27kB
               Sort Groups: 1
               ->  Sort  (cost=66.83..69.33 rows=1000 width=20) (actual time=0.211..0.212 rows=33 loops=1)
                     Sort Key: s_4.a, s_4.b, s_4.c, s_4.d
                     Sort Method: quicksort  Memory: 103kB
                     ->  Seq Scan on s_4  (cost=0.00..17.00 rows=1000 width=20) (actual time=0.007..0.059 rows=1000 loops=1)
 Planning time: 0.221 ms
 Execution time: 0.285 ms
(13 rows)

===== 85 [Wed Mar  7 01:54:49 CET 2018] scale:1000 groups:10 work_mem:32MB incremental:off max_workers:2 =====
SELECT * FROM (SELECT * FROM s_1 ORDER BY a) foo ORDER BY a, b LIMIT 10
                                                         QUERY PLAN                                                          
-----------------------------------------------------------------------------------------------------------------------------
 Limit  (cost=101.06..101.06 rows=1 width=20) (actual time=0.310..0.310 rows=0 loops=1)
   ->  Limit  (cost=100.94..100.96 rows=10 width=20) (actual time=0.308..0.309 rows=10 loops=1)
         ->  Sort  (cost=100.94..103.44 rows=1000 width=20) (actual time=0.308..0.308 rows=10 loops=1)
               Sort Key: s_1.a, s_1.b
               Sort Method: top-N heapsort  Memory: 26kB
               ->  Sort  (cost=66.83..69.33 rows=1000 width=20) (actual time=0.180..0.214 rows=1000 loops=1)
                     Sort Key: s_1.a
                     Sort Method: quicksort  Memory: 103kB
                     ->  Seq Scan on s_1  (cost=0.00..17.00 rows=1000 width=20) (actual time=0.007..0.062 rows=1000 loops=1)
 Planning time: 0.204 ms
 Execution time: 0.335 ms
(11 rows)

===== 86 [Wed Mar  7 01:54:49 CET 2018] scale:1000 groups:10 work_mem:32MB incremental:off max_workers:2 =====
SELECT * FROM (SELECT * FROM s_2 ORDER BY a, b) foo ORDER BY a, b, c LIMIT 10
                                                         QUERY PLAN                                                          
-----------------------------------------------------------------------------------------------------------------------------
 Limit  (cost=101.06..101.06 rows=1 width=20) (actual time=0.317..0.317 rows=0 loops=1)
   ->  Limit  (cost=100.94..100.96 rows=10 width=20) (actual time=0.315..0.316 rows=10 loops=1)
         ->  Sort  (cost=100.94..103.44 rows=1000 width=20) (actual time=0.314..0.315 rows=10 loops=1)
               Sort Key: s_2.a, s_2.b, s_2.c
               Sort Method: top-N heapsort  Memory: 25kB
               ->  Sort  (cost=66.83..69.33 rows=1000 width=20) (actual time=0.192..0.225 rows=1000 loops=1)
                     Sort Key: s_2.a, s_2.b
                     Sort Method: quicksort  Memory: 103kB
                     ->  Seq Scan on s_2  (cost=0.00..17.00 rows=1000 width=20) (actual time=0.007..0.062 rows=1000 loops=1)
 Planning time: 0.207 ms
 Execution time: 0.341 ms
(11 rows)

===== 87 [Wed Mar  7 01:54:49 CET 2018] scale:1000 groups:10 work_mem:32MB incremental:off max_workers:2 =====
SELECT * FROM (SELECT * FROM s_3 ORDER BY a, b, c) foo ORDER BY a, b, c, d LIMIT 10
                                                         QUERY PLAN                                                          
-----------------------------------------------------------------------------------------------------------------------------
 Limit  (cost=101.06..101.06 rows=1 width=20) (actual time=0.338..0.338 rows=0 loops=1)
   ->  Limit  (cost=100.94..100.96 rows=10 width=20) (actual time=0.336..0.337 rows=10 loops=1)
         ->  Sort  (cost=100.94..103.44 rows=1000 width=20) (actual time=0.336..0.336 rows=10 loops=1)
               Sort Key: s_3.a, s_3.b, s_3.c, s_3.d
               Sort Method: top-N heapsort  Memory: 25kB
               ->  Sort  (cost=66.83..69.33 rows=1000 width=20) (actual time=0.207..0.241 rows=1000 loops=1)
                     Sort Key: s_3.a, s_3.b, s_3.c
                     Sort Method: quicksort  Memory: 103kB
                     ->  Seq Scan on s_3  (cost=0.00..17.00 rows=1000 width=20) (actual time=0.007..0.062 rows=1000 loops=1)
 Planning time: 0.219 ms
 Execution time: 0.363 ms
(11 rows)

===== 88 [Wed Mar  7 01:54:49 CET 2018] scale:1000 groups:10 work_mem:32MB incremental:off max_workers:2 =====
SELECT * FROM (SELECT * FROM s_4 ORDER BY a, b, c, d) foo ORDER BY a, b, c, d, e LIMIT 10
                                                         QUERY PLAN                                                          
-----------------------------------------------------------------------------------------------------------------------------
 Limit  (cost=101.06..101.06 rows=1 width=20) (actual time=0.341..0.341 rows=0 loops=1)
   ->  Limit  (cost=100.94..100.96 rows=10 width=20) (actual time=0.339..0.340 rows=10 loops=1)
         ->  Sort  (cost=100.94..103.44 rows=1000 width=20) (actual time=0.339..0.339 rows=10 loops=1)
               Sort Key: s_4.a, s_4.b, s_4.c, s_4.d, s_4.e
               Sort Method: top-N heapsort  Memory: 25kB
               ->  Sort  (cost=66.83..69.33 rows=1000 width=20) (actual time=0.205..0.239 rows=1000 loops=1)
                     Sort Key: s_4.a, s_4.b, s_4.c, s_4.d
                     Sort Method: quicksort  Memory: 103kB
                     ->  Seq Scan on s_4  (cost=0.00..17.00 rows=1000 width=20) (actual time=0.007..0.059 rows=1000 loops=1)
 Planning time: 0.218 ms
 Execution time: 0.365 ms
(11 rows)

===== 89 [Wed Mar  7 01:54:49 CET 2018] scale:1000 groups:10 work_mem:64MB incremental:on max_workers:2 =====
SELECT * FROM (SELECT * FROM s_1 ORDER BY a) foo ORDER BY a, b LIMIT 10
                                                         QUERY PLAN                                                          
-----------------------------------------------------------------------------------------------------------------------------
 Limit  (cost=70.21..70.21 rows=1 width=20) (actual time=0.228..0.228 rows=0 loops=1)
   ->  Limit  (cost=69.93..70.11 rows=10 width=20) (actual time=0.226..0.227 rows=10 loops=1)
         ->  Incremental Sort  (cost=69.93..87.65 rows=1000 width=20) (actual time=0.226..0.226 rows=10 loops=1)
               Sort Key: s_1.a, s_1.b
               Presorted Key: s_1.a
               Sort Method: quicksort  Memory: 28kB
               Sort Groups: 1
               ->  Sort  (cost=66.83..69.33 rows=1000 width=20) (actual time=0.178..0.180 rows=52 loops=1)
                     Sort Key: s_1.a
                     Sort Method: quicksort  Memory: 103kB
                     ->  Seq Scan on s_1  (cost=0.00..17.00 rows=1000 width=20) (actual time=0.004..0.060 rows=1000 loops=1)
 Planning time: 0.211 ms
 Execution time: 0.254 ms
(13 rows)

===== 90 [Wed Mar  7 01:54:49 CET 2018] scale:1000 groups:10 work_mem:64MB incremental:on max_workers:2 =====
SELECT * FROM (SELECT * FROM s_2 ORDER BY a, b) foo ORDER BY a, b, c LIMIT 10
                                                         QUERY PLAN                                                          
-----------------------------------------------------------------------------------------------------------------------------
 Limit  (cost=67.42..67.42 rows=1 width=20) (actual time=0.244..0.244 rows=0 loops=1)
   ->  Limit  (cost=67.12..67.32 rows=10 width=20) (actual time=0.242..0.243 rows=10 loops=1)
         ->  Incremental Sort  (cost=67.12..86.62 rows=1000 width=20) (actual time=0.241..0.242 rows=10 loops=1)
               Sort Key: s_2.a, s_2.b, s_2.c
               Presorted Key: s_2.a, s_2.b
               Sort Method: quicksort  Memory: 27kB
               Sort Groups: 1
               ->  Sort  (cost=66.83..69.33 rows=1000 width=20) (actual time=0.193..0.194 rows=36 loops=1)
                     Sort Key: s_2.a, s_2.b
                     Sort Method: quicksort  Memory: 103kB
                     ->  Seq Scan on s_2  (cost=0.00..17.00 rows=1000 width=20) (actual time=0.006..0.062 rows=1000 loops=1)
 Planning time: 0.215 ms
 Execution time: 0.269 ms
(13 rows)

===== 91 [Wed Mar  7 01:54:49 CET 2018] scale:1000 groups:10 work_mem:64MB incremental:on max_workers:2 =====
SELECT * FROM (SELECT * FROM s_3 ORDER BY a, b, c) foo ORDER BY a, b, c, d LIMIT 10
                                                         QUERY PLAN                                                          
-----------------------------------------------------------------------------------------------------------------------------
 Limit  (cost=67.42..67.42 rows=1 width=20) (actual time=0.256..0.256 rows=0 loops=1)
   ->  Limit  (cost=67.12..67.32 rows=10 width=20) (actual time=0.254..0.255 rows=10 loops=1)
         ->  Incremental Sort  (cost=67.12..86.62 rows=1000 width=20) (actual time=0.253..0.254 rows=10 loops=1)
               Sort Key: s_3.a, s_3.b, s_3.c, s_3.d
               Presorted Key: s_3.a, s_3.b, s_3.c
               Sort Method: quicksort  Memory: 27kB
               Sort Groups: 1
               ->  Sort  (cost=66.83..69.33 rows=1000 width=20) (actual time=0.209..0.211 rows=33 loops=1)
                     Sort Key: s_3.a, s_3.b, s_3.c
                     Sort Method: quicksort  Memory: 103kB
                     ->  Seq Scan on s_3  (cost=0.00..17.00 rows=1000 width=20) (actual time=0.007..0.062 rows=1000 loops=1)
 Planning time: 0.211 ms
 Execution time: 0.281 ms
(13 rows)

===== 92 [Wed Mar  7 01:54:49 CET 2018] scale:1000 groups:10 work_mem:64MB incremental:on max_workers:2 =====
SELECT * FROM (SELECT * FROM s_4 ORDER BY a, b, c, d) foo ORDER BY a, b, c, d, e LIMIT 10
                                                         QUERY PLAN                                                          
-----------------------------------------------------------------------------------------------------------------------------
 Limit  (cost=67.42..67.42 rows=1 width=20) (actual time=0.257..0.257 rows=0 loops=1)
   ->  Limit  (cost=67.12..67.32 rows=10 width=20) (actual time=0.254..0.256 rows=10 loops=1)
         ->  Incremental Sort  (cost=67.12..86.62 rows=1000 width=20) (actual time=0.254..0.255 rows=10 loops=1)
               Sort Key: s_4.a, s_4.b, s_4.c, s_4.d, s_4.e
               Presorted Key: s_4.a, s_4.b, s_4.c, s_4.d
               Sort Method: quicksort  Memory: 27kB
               Sort Groups: 1
               ->  Sort  (cost=66.83..69.33 rows=1000 width=20) (actual time=0.208..0.209 rows=33 loops=1)
                     Sort Key: s_4.a, s_4.b, s_4.c, s_4.d
                     Sort Method: quicksort  Memory: 103kB
                     ->  Seq Scan on s_4  (cost=0.00..17.00 rows=1000 width=20) (actual time=0.007..0.059 rows=1000 loops=1)
 Planning time: 0.222 ms
 Execution time: 0.282 ms
(13 rows)

===== 93 [Wed Mar  7 01:54:49 CET 2018] scale:1000 groups:10 work_mem:64MB incremental:off max_workers:2 =====
SELECT * FROM (SELECT * FROM s_1 ORDER BY a) foo ORDER BY a, b LIMIT 10
                                                         QUERY PLAN                                                          
-----------------------------------------------------------------------------------------------------------------------------
 Limit  (cost=101.06..101.06 rows=1 width=20) (actual time=0.312..0.312 rows=0 loops=1)
   ->  Limit  (cost=100.94..100.96 rows=10 width=20) (actual time=0.310..0.311 rows=10 loops=1)
         ->  Sort  (cost=100.94..103.44 rows=1000 width=20) (actual time=0.310..0.310 rows=10 loops=1)
               Sort Key: s_1.a, s_1.b
               Sort Method: top-N heapsort  Memory: 26kB
               ->  Sort  (cost=66.83..69.33 rows=1000 width=20) (actual time=0.183..0.216 rows=1000 loops=1)
                     Sort Key: s_1.a
                     Sort Method: quicksort  Memory: 103kB
                     ->  Seq Scan on s_1  (cost=0.00..17.00 rows=1000 width=20) (actual time=0.007..0.063 rows=1000 loops=1)
 Planning time: 0.203 ms
 Execution time: 0.336 ms
(11 rows)

===== 94 [Wed Mar  7 01:54:49 CET 2018] scale:1000 groups:10 work_mem:64MB incremental:off max_workers:2 =====
SELECT * FROM (SELECT * FROM s_2 ORDER BY a, b) foo ORDER BY a, b, c LIMIT 10
                                                         QUERY PLAN                                                          
-----------------------------------------------------------------------------------------------------------------------------
 Limit  (cost=101.06..101.06 rows=1 width=20) (actual time=0.317..0.317 rows=0 loops=1)
   ->  Limit  (cost=100.94..100.96 rows=10 width=20) (actual time=0.315..0.316 rows=10 loops=1)
         ->  Sort  (cost=100.94..103.44 rows=1000 width=20) (actual time=0.315..0.315 rows=10 loops=1)
               Sort Key: s_2.a, s_2.b, s_2.c
               Sort Method: top-N heapsort  Memory: 25kB
               ->  Sort  (cost=66.83..69.33 rows=1000 width=20) (actual time=0.193..0.226 rows=1000 loops=1)
                     Sort Key: s_2.a, s_2.b
                     Sort Method: quicksort  Memory: 103kB
                     ->  Seq Scan on s_2  (cost=0.00..17.00 rows=1000 width=20) (actual time=0.007..0.063 rows=1000 loops=1)
 Planning time: 0.209 ms
 Execution time: 0.343 ms
(11 rows)

===== 95 [Wed Mar  7 01:54:49 CET 2018] scale:1000 groups:10 work_mem:64MB incremental:off max_workers:2 =====
SELECT * FROM (SELECT * FROM s_3 ORDER BY a, b, c) foo ORDER BY a, b, c, d LIMIT 10
                                                         QUERY PLAN                                                          
-----------------------------------------------------------------------------------------------------------------------------
 Limit  (cost=101.06..101.06 rows=1 width=20) (actual time=0.339..0.339 rows=0 loops=1)
   ->  Limit  (cost=100.94..100.96 rows=10 width=20) (actual time=0.337..0.338 rows=10 loops=1)
         ->  Sort  (cost=100.94..103.44 rows=1000 width=20) (actual time=0.337..0.337 rows=10 loops=1)
               Sort Key: s_3.a, s_3.b, s_3.c, s_3.d
               Sort Method: top-N heapsort  Memory: 25kB
               ->  Sort  (cost=66.83..69.33 rows=1000 width=20) (actual time=0.208..0.242 rows=1000 loops=1)
                     Sort Key: s_3.a, s_3.b, s_3.c
                     Sort Method: quicksort  Memory: 103kB
                     ->  Seq Scan on s_3  (cost=0.00..17.00 rows=1000 width=20) (actual time=0.007..0.062 rows=1000 loops=1)
 Planning time: 0.221 ms
 Execution time: 0.363 ms
(11 rows)

===== 96 [Wed Mar  7 01:54:49 CET 2018] scale:1000 groups:10 work_mem:64MB incremental:off max_workers:2 =====
SELECT * FROM (SELECT * FROM s_4 ORDER BY a, b, c, d) foo ORDER BY a, b, c, d, e LIMIT 10
                                                         QUERY PLAN                                                          
-----------------------------------------------------------------------------------------------------------------------------
 Limit  (cost=101.06..101.06 rows=1 width=20) (actual time=0.342..0.342 rows=0 loops=1)
   ->  Limit  (cost=100.94..100.96 rows=10 width=20) (actual time=0.340..0.341 rows=10 loops=1)
         ->  Sort  (cost=100.94..103.44 rows=1000 width=20) (actual time=0.340..0.340 rows=10 loops=1)
               Sort Key: s_4.a, s_4.b, s_4.c, s_4.d, s_4.e
               Sort Method: top-N heapsort  Memory: 25kB
               ->  Sort  (cost=66.83..69.33 rows=1000 width=20) (actual time=0.205..0.239 rows=1000 loops=1)
                     Sort Key: s_4.a, s_4.b, s_4.c, s_4.d
                     Sort Method: quicksort  Memory: 103kB
                     ->  Seq Scan on s_4  (cost=0.00..17.00 rows=1000 width=20) (actual time=0.007..0.059 rows=1000 loops=1)
 Planning time: 0.213 ms
 Execution time: 0.367 ms
(11 rows)

===== 97 [Wed Mar  7 01:54:49 CET 2018] scale:1000 groups:10 work_mem:128MB incremental:on max_workers:2 =====
SELECT * FROM (SELECT * FROM s_1 ORDER BY a) foo ORDER BY a, b LIMIT 10
                                                         QUERY PLAN                                                          
-----------------------------------------------------------------------------------------------------------------------------
 Limit  (cost=70.21..70.21 rows=1 width=20) (actual time=0.227..0.227 rows=0 loops=1)
   ->  Limit  (cost=69.93..70.11 rows=10 width=20) (actual time=0.224..0.226 rows=10 loops=1)
         ->  Incremental Sort  (cost=69.93..87.65 rows=1000 width=20) (actual time=0.224..0.225 rows=10 loops=1)
               Sort Key: s_1.a, s_1.b
               Presorted Key: s_1.a
               Sort Method: quicksort  Memory: 28kB
               Sort Groups: 1
               ->  Sort  (cost=66.83..69.33 rows=1000 width=20) (actual time=0.175..0.177 rows=52 loops=1)
                     Sort Key: s_1.a
                     Sort Method: quicksort  Memory: 103kB
                     ->  Seq Scan on s_1  (cost=0.00..17.00 rows=1000 width=20) (actual time=0.004..0.060 rows=1000 loops=1)
 Planning time: 0.214 ms
 Execution time: 0.251 ms
(13 rows)

===== 98 [Wed Mar  7 01:54:49 CET 2018] scale:1000 groups:10 work_mem:128MB incremental:on max_workers:2 =====
SELECT * FROM (SELECT * FROM s_2 ORDER BY a, b) foo ORDER BY a, b, c LIMIT 10
                                                         QUERY PLAN                                                          
-----------------------------------------------------------------------------------------------------------------------------
 Limit  (cost=67.42..67.42 rows=1 width=20) (actual time=0.243..0.243 rows=0 loops=1)
   ->  Limit  (cost=67.12..67.32 rows=10 width=20) (actual time=0.241..0.242 rows=10 loops=1)
         ->  Incremental Sort  (cost=67.12..86.62 rows=1000 width=20) (actual time=0.240..0.241 rows=10 loops=1)
               Sort Key: s_2.a, s_2.b, s_2.c
               Presorted Key: s_2.a, s_2.b
               Sort Method: quicksort  Memory: 27kB
               Sort Groups: 1
               ->  Sort  (cost=66.83..69.33 rows=1000 width=20) (actual time=0.193..0.195 rows=36 loops=1)
                     Sort Key: s_2.a, s_2.b
                     Sort Method: quicksort  Memory: 103kB
                     ->  Seq Scan on s_2  (cost=0.00..17.00 rows=1000 width=20) (actual time=0.007..0.063 rows=1000 loops=1)
 Planning time: 0.211 ms
 Execution time: 0.268 ms
(13 rows)

===== 99 [Wed Mar  7 01:54:50 CET 2018] scale:1000 groups:10 work_mem:128MB incremental:on max_workers:2 =====
SELECT * FROM (SELECT * FROM s_3 ORDER BY a, b, c) foo ORDER BY a, b, c, d LIMIT 10
                                                         QUERY PLAN                                                          
-----------------------------------------------------------------------------------------------------------------------------
 Limit  (cost=67.42..67.42 rows=1 width=20) (actual time=0.255..0.255 rows=0 loops=1)
   ->  Limit  (cost=67.12..67.32 rows=10 width=20) (actual time=0.253..0.254 rows=10 loops=1)
         ->  Incremental Sort  (cost=67.12..86.62 rows=1000 width=20) (actual time=0.253..0.253 rows=10 loops=1)
               Sort Key: s_3.a, s_3.b, s_3.c, s_3.d
               Presorted Key: s_3.a, s_3.b, s_3.c
               Sort Method: quicksort  Memory: 27kB
               Sort Groups: 1
               ->  Sort  (cost=66.83..69.33 rows=1000 width=20) (actual time=0.210..0.211 rows=33 loops=1)
                     Sort Key: s_3.a, s_3.b, s_3.c
                     Sort Method: quicksort  Memory: 103kB
                     ->  Seq Scan on s_3  (cost=0.00..17.00 rows=1000 width=20) (actual time=0.007..0.062 rows=1000 loops=1)
 Planning time: 0.226 ms
 Execution time: 0.280 ms
(13 rows)

===== 100 [Wed Mar  7 01:54:50 CET 2018] scale:1000 groups:10 work_mem:128MB incremental:on max_workers:2 =====
SELECT * FROM (SELECT * FROM s_4 ORDER BY a, b, c, d) foo ORDER BY a, b, c, d, e LIMIT 10
                                                         QUERY PLAN                                                          
-----------------------------------------------------------------------------------------------------------------------------
 Limit  (cost=67.42..67.42 rows=1 width=20) (actual time=0.255..0.255 rows=0 loops=1)
   ->  Limit  (cost=67.12..67.32 rows=10 width=20) (actual time=0.252..0.253 rows=10 loops=1)
         ->  Incremental Sort  (cost=67.12..86.62 rows=1000 width=20) (actual time=0.252..0.252 rows=10 loops=1)
               Sort Key: s_4.a, s_4.b, s_4.c, s_4.d, s_4.e
               Presorted Key: s_4.a, s_4.b, s_4.c, s_4.d
               Sort Method: quicksort  Memory: 27kB
               Sort Groups: 1
               ->  Sort  (cost=66.83..69.33 rows=1000 width=20) (actual time=0.206..0.207 rows=33 loops=1)
                     Sort Key: s_4.a, s_4.b, s_4.c, s_4.d
                     Sort Method: quicksort  Memory: 103kB
                     ->  Seq Scan on s_4  (cost=0.00..17.00 rows=1000 width=20) (actual time=0.007..0.060 rows=1000 loops=1)
 Planning time: 0.227 ms
 Execution time: 0.279 ms
(13 rows)

===== 101 [Wed Mar  7 01:54:50 CET 2018] scale:1000 groups:10 work_mem:128MB incremental:off max_workers:2 =====
SELECT * FROM (SELECT * FROM s_1 ORDER BY a) foo ORDER BY a, b LIMIT 10
                                                         QUERY PLAN                                                          
-----------------------------------------------------------------------------------------------------------------------------
 Limit  (cost=101.06..101.06 rows=1 width=20) (actual time=0.309..0.309 rows=0 loops=1)
   ->  Limit  (cost=100.94..100.96 rows=10 width=20) (actual time=0.307..0.308 rows=10 loops=1)
         ->  Sort  (cost=100.94..103.44 rows=1000 width=20) (actual time=0.307..0.307 rows=10 loops=1)
               Sort Key: s_1.a, s_1.b
               Sort Method: top-N heapsort  Memory: 26kB
               ->  Sort  (cost=66.83..69.33 rows=1000 width=20) (actual time=0.183..0.217 rows=1000 loops=1)
                     Sort Key: s_1.a
                     Sort Method: quicksort  Memory: 103kB
                     ->  Seq Scan on s_1  (cost=0.00..17.00 rows=1000 width=20) (actual time=0.007..0.062 rows=1000 loops=1)
 Planning time: 0.202 ms
 Execution time: 0.335 ms
(11 rows)

===== 102 [Wed Mar  7 01:54:50 CET 2018] scale:1000 groups:10 work_mem:128MB incremental:off max_workers:2 =====
SELECT * FROM (SELECT * FROM s_2 ORDER BY a, b) foo ORDER BY a, b, c LIMIT 10
                                                         QUERY PLAN                                                          
-----------------------------------------------------------------------------------------------------------------------------
 Limit  (cost=101.06..101.06 rows=1 width=20) (actual time=0.322..0.322 rows=0 loops=1)
   ->  Limit  (cost=100.94..100.96 rows=10 width=20) (actual time=0.319..0.321 rows=10 loops=1)
         ->  Sort  (cost=100.94..103.44 rows=1000 width=20) (actual time=0.319..0.320 rows=10 loops=1)
               Sort Key: s_2.a, s_2.b, s_2.c
               Sort Method: top-N heapsort  Memory: 25kB
               ->  Sort  (cost=66.83..69.33 rows=1000 width=20) (actual time=0.197..0.230 rows=1000 loops=1)
                     Sort Key: s_2.a, s_2.b
                     Sort Method: quicksort  Memory: 103kB
                     ->  Seq Scan on s_2  (cost=0.00..17.00 rows=1000 width=20) (actual time=0.007..0.063 rows=1000 loops=1)
 Planning time: 0.206 ms
 Execution time: 0.345 ms
(11 rows)

===== 103 [Wed Mar  7 01:54:50 CET 2018] scale:1000 groups:10 work_mem:128MB incremental:off max_workers:2 =====
SELECT * FROM (SELECT * FROM s_3 ORDER BY a, b, c) foo ORDER BY a, b, c, d LIMIT 10
                                                         QUERY PLAN                                                          
-----------------------------------------------------------------------------------------------------------------------------
 Limit  (cost=101.06..101.06 rows=1 width=20) (actual time=0.343..0.343 rows=0 loops=1)
   ->  Limit  (cost=100.94..100.96 rows=10 width=20) (actual time=0.341..0.342 rows=10 loops=1)
         ->  Sort  (cost=100.94..103.44 rows=1000 width=20) (actual time=0.341..0.341 rows=10 loops=1)
               Sort Key: s_3.a, s_3.b, s_3.c, s_3.d
               Sort Method: top-N heapsort  Memory: 25kB
               ->  Sort  (cost=66.83..69.33 rows=1000 width=20) (actual time=0.208..0.242 rows=1000 loops=1)
                     Sort Key: s_3.a, s_3.b, s_3.c
                     Sort Method: quicksort  Memory: 103kB
                     ->  Seq Scan on s_3  (cost=0.00..17.00 rows=1000 width=20) (actual time=0.007..0.062 rows=1000 loops=1)
 Planning time: 0.212 ms
 Execution time: 0.367 ms
(11 rows)

===== 104 [Wed Mar  7 01:54:50 CET 2018] scale:1000 groups:10 work_mem:128MB incremental:off max_workers:2 =====
SELECT * FROM (SELECT * FROM s_4 ORDER BY a, b, c, d) foo ORDER BY a, b, c, d, e LIMIT 10
                                                         QUERY PLAN                                                          
-----------------------------------------------------------------------------------------------------------------------------
 Limit  (cost=101.06..101.06 rows=1 width=20) (actual time=0.341..0.341 rows=0 loops=1)
   ->  Limit  (cost=100.94..100.96 rows=10 width=20) (actual time=0.339..0.340 rows=10 loops=1)
         ->  Sort  (cost=100.94..103.44 rows=1000 width=20) (actual time=0.339..0.339 rows=10 loops=1)
               Sort Key: s_4.a, s_4.b, s_4.c, s_4.d, s_4.e
               Sort Method: top-N heapsort  Memory: 25kB
               ->  Sort  (cost=66.83..69.33 rows=1000 width=20) (actual time=0.206..0.239 rows=1000 loops=1)
                     Sort Key: s_4.a, s_4.b, s_4.c, s_4.d
                     Sort Method: quicksort  Memory: 103kB
                     ->  Seq Scan on s_4  (cost=0.00..17.00 rows=1000 width=20) (actual time=0.007..0.059 rows=1000 loops=1)
 Planning time: 0.212 ms
 Execution time: 0.367 ms
(11 rows)

===== 105 [Wed Mar  7 01:54:50 CET 2018] scale:1000 groups:10 work_mem:256MB incremental:on max_workers:2 =====
SELECT * FROM (SELECT * FROM s_1 ORDER BY a) foo ORDER BY a, b LIMIT 10
                                                         QUERY PLAN                                                          
-----------------------------------------------------------------------------------------------------------------------------
 Limit  (cost=70.21..70.21 rows=1 width=20) (actual time=0.229..0.229 rows=0 loops=1)
   ->  Limit  (cost=69.93..70.11 rows=10 width=20) (actual time=0.227..0.228 rows=10 loops=1)
         ->  Incremental Sort  (cost=69.93..87.65 rows=1000 width=20) (actual time=0.227..0.227 rows=10 loops=1)
               Sort Key: s_1.a, s_1.b
               Presorted Key: s_1.a
               Sort Method: quicksort  Memory: 28kB
               Sort Groups: 1
               ->  Sort  (cost=66.83..69.33 rows=1000 width=20) (actual time=0.178..0.180 rows=52 loops=1)
                     Sort Key: s_1.a
                     Sort Method: quicksort  Memory: 103kB
                     ->  Seq Scan on s_1  (cost=0.00..17.00 rows=1000 width=20) (actual time=0.004..0.060 rows=1000 loops=1)
 Planning time: 0.210 ms
 Execution time: 0.254 ms
(13 rows)

===== 106 [Wed Mar  7 01:54:50 CET 2018] scale:1000 groups:10 work_mem:256MB incremental:on max_workers:2 =====
SELECT * FROM (SELECT * FROM s_2 ORDER BY a, b) foo ORDER BY a, b, c LIMIT 10
                                                         QUERY PLAN                                                          
-----------------------------------------------------------------------------------------------------------------------------
 Limit  (cost=67.42..67.42 rows=1 width=20) (actual time=0.248..0.248 rows=0 loops=1)
   ->  Limit  (cost=67.12..67.32 rows=10 width=20) (actual time=0.246..0.247 rows=10 loops=1)
         ->  Incremental Sort  (cost=67.12..86.62 rows=1000 width=20) (actual time=0.246..0.246 rows=10 loops=1)
               Sort Key: s_2.a, s_2.b, s_2.c
               Presorted Key: s_2.a, s_2.b
               Sort Method: quicksort  Memory: 27kB
               Sort Groups: 1
               ->  Sort  (cost=66.83..69.33 rows=1000 width=20) (actual time=0.193..0.195 rows=36 loops=1)
                     Sort Key: s_2.a, s_2.b
                     Sort Method: quicksort  Memory: 103kB
                     ->  Seq Scan on s_2  (cost=0.00..17.00 rows=1000 width=20) (actual time=0.006..0.063 rows=1000 loops=1)
 Planning time: 0.212 ms
 Execution time: 0.272 ms
(13 rows)

===== 107 [Wed Mar  7 01:54:50 CET 2018] scale:1000 groups:10 work_mem:256MB incremental:on max_workers:2 =====
SELECT * FROM (SELECT * FROM s_3 ORDER BY a, b, c) foo ORDER BY a, b, c, d LIMIT 10
                                                         QUERY PLAN                                                          
-----------------------------------------------------------------------------------------------------------------------------
 Limit  (cost=67.42..67.42 rows=1 width=20) (actual time=0.262..0.262 rows=0 loops=1)
   ->  Limit  (cost=67.12..67.32 rows=10 width=20) (actual time=0.260..0.261 rows=10 loops=1)
         ->  Incremental Sort  (cost=67.12..86.62 rows=1000 width=20) (actual time=0.260..0.260 rows=10 loops=1)
               Sort Key: s_3.a, s_3.b, s_3.c, s_3.d
               Presorted Key: s_3.a, s_3.b, s_3.c
               Sort Method: quicksort  Memory: 27kB
               Sort Groups: 1
               ->  Sort  (cost=66.83..69.33 rows=1000 width=20) (actual time=0.214..0.216 rows=33 loops=1)
                     Sort Key: s_3.a, s_3.b, s_3.c
                     Sort Method: quicksort  Memory: 103kB
                     ->  Seq Scan on s_3  (cost=0.00..17.00 rows=1000 width=20) (actual time=0.007..0.063 rows=1000 loops=1)
 Planning time: 0.218 ms
 Execution time: 0.289 ms
(13 rows)

===== 108 [Wed Mar  7 01:54:50 CET 2018] scale:1000 groups:10 work_mem:256MB incremental:on max_workers:2 =====
SELECT * FROM (SELECT * FROM s_4 ORDER BY a, b, c, d) foo ORDER BY a, b, c, d, e LIMIT 10
                                                         QUERY PLAN                                                          
-----------------------------------------------------------------------------------------------------------------------------
 Limit  (cost=67.42..67.42 rows=1 width=20) (actual time=0.255..0.255 rows=0 loops=1)
   ->  Limit  (cost=67.12..67.32 rows=10 width=20) (actual time=0.253..0.254 rows=10 loops=1)
         ->  Incremental Sort  (cost=67.12..86.62 rows=1000 width=20) (actual time=0.253..0.253 rows=10 loops=1)
               Sort Key: s_4.a, s_4.b, s_4.c, s_4.d, s_4.e
               Presorted Key: s_4.a, s_4.b, s_4.c, s_4.d
               Sort Method: quicksort  Memory: 27kB
               Sort Groups: 1
               ->  Sort  (cost=66.83..69.33 rows=1000 width=20) (actual time=0.205..0.206 rows=33 loops=1)
                     Sort Key: s_4.a, s_4.b, s_4.c, s_4.d
                     Sort Method: quicksort  Memory: 103kB
                     ->  Seq Scan on s_4  (cost=0.00..17.00 rows=1000 width=20) (actual time=0.006..0.059 rows=1000 loops=1)
 Planning time: 0.218 ms
 Execution time: 0.280 ms
(13 rows)

===== 109 [Wed Mar  7 01:54:50 CET 2018] scale:1000 groups:10 work_mem:256MB incremental:off max_workers:2 =====
SELECT * FROM (SELECT * FROM s_1 ORDER BY a) foo ORDER BY a, b LIMIT 10
                                                         QUERY PLAN                                                          
-----------------------------------------------------------------------------------------------------------------------------
 Limit  (cost=101.06..101.06 rows=1 width=20) (actual time=0.306..0.306 rows=0 loops=1)
   ->  Limit  (cost=100.94..100.96 rows=10 width=20) (actual time=0.304..0.305 rows=10 loops=1)
         ->  Sort  (cost=100.94..103.44 rows=1000 width=20) (actual time=0.304..0.304 rows=10 loops=1)
               Sort Key: s_1.a, s_1.b
               Sort Method: top-N heapsort  Memory: 26kB
               ->  Sort  (cost=66.83..69.33 rows=1000 width=20) (actual time=0.180..0.213 rows=1000 loops=1)
                     Sort Key: s_1.a
                     Sort Method: quicksort  Memory: 103kB
                     ->  Seq Scan on s_1  (cost=0.00..17.00 rows=1000 width=20) (actual time=0.007..0.062 rows=1000 loops=1)
 Planning time: 0.203 ms
 Execution time: 0.332 ms
(11 rows)

===== 110 [Wed Mar  7 01:54:50 CET 2018] scale:1000 groups:10 work_mem:256MB incremental:off max_workers:2 =====
SELECT * FROM (SELECT * FROM s_2 ORDER BY a, b) foo ORDER BY a, b, c LIMIT 10
                                                         QUERY PLAN                                                          
-----------------------------------------------------------------------------------------------------------------------------
 Limit  (cost=101.06..101.06 rows=1 width=20) (actual time=0.318..0.318 rows=0 loops=1)
   ->  Limit  (cost=100.94..100.96 rows=10 width=20) (actual time=0.316..0.317 rows=10 loops=1)
         ->  Sort  (cost=100.94..103.44 rows=1000 width=20) (actual time=0.316..0.316 rows=10 loops=1)
               Sort Key: s_2.a, s_2.b, s_2.c
               Sort Method: top-N heapsort  Memory: 25kB
               ->  Sort  (cost=66.83..69.33 rows=1000 width=20) (actual time=0.193..0.227 rows=1000 loops=1)
                     Sort Key: s_2.a, s_2.b
                     Sort Method: quicksort  Memory: 103kB
                     ->  Seq Scan on s_2  (cost=0.00..17.00 rows=1000 width=20) (actual time=0.007..0.062 rows=1000 loops=1)
 Planning time: 0.206 ms
 Execution time: 0.345 ms
(11 rows)

===== 111 [Wed Mar  7 01:54:50 CET 2018] scale:1000 groups:10 work_mem:256MB incremental:off max_workers:2 =====
SELECT * FROM (SELECT * FROM s_3 ORDER BY a, b, c) foo ORDER BY a, b, c, d LIMIT 10
                                                         QUERY PLAN                                                          
-----------------------------------------------------------------------------------------------------------------------------
 Limit  (cost=101.06..101.06 rows=1 width=20) (actual time=0.346..0.346 rows=0 loops=1)
   ->  Limit  (cost=100.94..100.96 rows=10 width=20) (actual time=0.344..0.345 rows=10 loops=1)
         ->  Sort  (cost=100.94..103.44 rows=1000 width=20) (actual time=0.344..0.344 rows=10 loops=1)
               Sort Key: s_3.a, s_3.b, s_3.c, s_3.d
               Sort Method: top-N heapsort  Memory: 25kB
               ->  Sort  (cost=66.83..69.33 rows=1000 width=20) (actual time=0.215..0.250 rows=1000 loops=1)
                     Sort Key: s_3.a, s_3.b, s_3.c
                     Sort Method: quicksort  Memory: 103kB
                     ->  Seq Scan on s_3  (cost=0.00..17.00 rows=1000 width=20) (actual time=0.007..0.063 rows=1000 loops=1)
 Planning time: 0.211 ms
 Execution time: 0.372 ms
(11 rows)

===== 112 [Wed Mar  7 01:54:50 CET 2018] scale:1000 groups:10 work_mem:256MB incremental:off max_workers:2 =====
SELECT * FROM (SELECT * FROM s_4 ORDER BY a, b, c, d) foo ORDER BY a, b, c, d, e LIMIT 10
                                                         QUERY PLAN                                                          
-----------------------------------------------------------------------------------------------------------------------------
 Limit  (cost=101.06..101.06 rows=1 width=20) (actual time=0.339..0.339 rows=0 loops=1)
   ->  Limit  (cost=100.94..100.96 rows=10 width=20) (actual time=0.337..0.338 rows=10 loops=1)
         ->  Sort  (cost=100.94..103.44 rows=1000 width=20) (actual time=0.336..0.337 rows=10 loops=1)
               Sort Key: s_4.a, s_4.b, s_4.c, s_4.d, s_4.e
               Sort Method: top-N heapsort  Memory: 25kB
               ->  Sort  (cost=66.83..69.33 rows=1000 width=20) (actual time=0.203..0.238 rows=1000 loops=1)
                     Sort Key: s_4.a, s_4.b, s_4.c, s_4.d
                     Sort Method: quicksort  Memory: 103kB
                     ->  Seq Scan on s_4  (cost=0.00..17.00 rows=1000 width=20) (actual time=0.007..0.059 rows=1000 loops=1)
 Planning time: 0.210 ms
 Execution time: 0.362 ms
(11 rows)

===== 113 [Wed Mar  7 01:54:51 CET 2018] scale:1000 groups:100 work_mem:4MB incremental:on max_workers:0 =====
SELECT * FROM (SELECT * FROM s_1 ORDER BY a) foo ORDER BY a, b LIMIT 10
                                                         QUERY PLAN                                                          
-----------------------------------------------------------------------------------------------------------------------------
 Limit  (cost=67.41..67.41 rows=1 width=20) (actual time=0.232..0.232 rows=0 loops=1)
   ->  Limit  (cost=67.12..67.31 rows=10 width=20) (actual time=0.230..0.231 rows=10 loops=1)
         ->  Incremental Sort  (cost=67.12..86.64 rows=1000 width=20) (actual time=0.230..0.230 rows=10 loops=1)
               Sort Key: s_1.a, s_1.b
               Presorted Key: s_1.a
               Sort Method: quicksort  Memory: 28kB
               Sort Groups: 1
               ->  Sort  (cost=66.83..69.33 rows=1000 width=20) (actual time=0.187..0.188 rows=46 loops=1)
                     Sort Key: s_1.a
                     Sort Method: quicksort  Memory: 103kB
                     ->  Seq Scan on s_1  (cost=0.00..17.00 rows=1000 width=20) (actual time=0.007..0.063 rows=1000 loops=1)
 Planning time: 0.219 ms
 Execution time: 0.258 ms
(13 rows)

===== 114 [Wed Mar  7 01:54:51 CET 2018] scale:1000 groups:100 work_mem:4MB incremental:on max_workers:0 =====
SELECT * FROM (SELECT * FROM s_2 ORDER BY a, b) foo ORDER BY a, b, c LIMIT 10
                                                         QUERY PLAN                                                          
-----------------------------------------------------------------------------------------------------------------------------
 Limit  (cost=67.41..67.41 rows=1 width=20) (actual time=0.230..0.230 rows=0 loops=1)
   ->  Limit  (cost=67.12..67.31 rows=10 width=20) (actual time=0.227..0.228 rows=10 loops=1)
         ->  Incremental Sort  (cost=67.12..86.64 rows=1000 width=20) (actual time=0.227..0.227 rows=10 loops=1)
               Sort Key: s_2.a, s_2.b, s_2.c
               Presorted Key: s_2.a, s_2.b
               Sort Method: quicksort  Memory: 27kB
               Sort Groups: 1
               ->  Sort  (cost=66.83..69.33 rows=1000 width=20) (actual time=0.191..0.192 rows=33 loops=1)
                     Sort Key: s_2.a, s_2.b
                     Sort Method: quicksort  Memory: 103kB
                     ->  Seq Scan on s_2  (cost=0.00..17.00 rows=1000 width=20) (actual time=0.009..0.062 rows=1000 loops=1)
 Planning time: 0.218 ms
 Execution time: 0.255 ms
(13 rows)

===== 115 [Wed Mar  7 01:54:51 CET 2018] scale:1000 groups:100 work_mem:4MB incremental:on max_workers:0 =====
SELECT * FROM (SELECT * FROM s_3 ORDER BY a, b, c) foo ORDER BY a, b, c, d LIMIT 10
                                                         QUERY PLAN                                                          
-----------------------------------------------------------------------------------------------------------------------------
 Limit  (cost=67.41..67.41 rows=1 width=20) (actual time=0.246..0.246 rows=0 loops=1)
   ->  Limit  (cost=67.12..67.31 rows=10 width=20) (actual time=0.244..0.245 rows=10 loops=1)
         ->  Incremental Sort  (cost=67.12..86.64 rows=1000 width=20) (actual time=0.243..0.244 rows=10 loops=1)
               Sort Key: s_3.a, s_3.b, s_3.c, s_3.d
               Presorted Key: s_3.a, s_3.b, s_3.c
               Sort Method: quicksort  Memory: 27kB
               Sort Groups: 1
               ->  Sort  (cost=66.83..69.33 rows=1000 width=20) (actual time=0.207..0.208 rows=33 loops=1)
                     Sort Key: s_3.a, s_3.b, s_3.c
                     Sort Method: quicksort  Memory: 103kB
                     ->  Seq Scan on s_3  (cost=0.00..17.00 rows=1000 width=20) (actual time=0.009..0.071 rows=1000 loops=1)
 Planning time: 0.219 ms
 Execution time: 0.270 ms
(13 rows)

===== 116 [Wed Mar  7 01:54:51 CET 2018] scale:1000 groups:100 work_mem:4MB incremental:on max_workers:0 =====
SELECT * FROM (SELECT * FROM s_4 ORDER BY a, b, c, d) foo ORDER BY a, b, c, d, e LIMIT 10
                                                         QUERY PLAN                                                          
-----------------------------------------------------------------------------------------------------------------------------
 Limit  (cost=67.41..67.41 rows=1 width=20) (actual time=0.233..0.233 rows=0 loops=1)
   ->  Limit  (cost=67.12..67.31 rows=10 width=20) (actual time=0.231..0.232 rows=10 loops=1)
         ->  Incremental Sort  (cost=67.12..86.64 rows=1000 width=20) (actual time=0.231..0.231 rows=10 loops=1)
               Sort Key: s_4.a, s_4.b, s_4.c, s_4.d, s_4.e
               Presorted Key: s_4.a, s_4.b, s_4.c, s_4.d
               Sort Method: quicksort  Memory: 27kB
               Sort Groups: 1
               ->  Sort  (cost=66.83..69.33 rows=1000 width=20) (actual time=0.190..0.192 rows=33 loops=1)
                     Sort Key: s_4.a, s_4.b, s_4.c, s_4.d
                     Sort Method: quicksort  Memory: 103kB
                     ->  Seq Scan on s_4  (cost=0.00..17.00 rows=1000 width=20) (actual time=0.007..0.059 rows=1000 loops=1)
 Planning time: 0.233 ms
 Execution time: 0.257 ms
(13 rows)

===== 117 [Wed Mar  7 01:54:51 CET 2018] scale:1000 groups:100 work_mem:4MB incremental:off max_workers:0 =====
SELECT * FROM (SELECT * FROM s_1 ORDER BY a) foo ORDER BY a, b LIMIT 10
                                                         QUERY PLAN                                                          
-----------------------------------------------------------------------------------------------------------------------------
 Limit  (cost=101.06..101.06 rows=1 width=20) (actual time=0.307..0.307 rows=0 loops=1)
   ->  Limit  (cost=100.94..100.96 rows=10 width=20) (actual time=0.304..0.306 rows=10 loops=1)
         ->  Sort  (cost=100.94..103.44 rows=1000 width=20) (actual time=0.304..0.305 rows=10 loops=1)
               Sort Key: s_1.a, s_1.b
               Sort Method: top-N heapsort  Memory: 26kB
               ->  Sort  (cost=66.83..69.33 rows=1000 width=20) (actual time=0.182..0.215 rows=1000 loops=1)
                     Sort Key: s_1.a
                     Sort Method: quicksort  Memory: 103kB
                     ->  Seq Scan on s_1  (cost=0.00..17.00 rows=1000 width=20) (actual time=0.007..0.062 rows=1000 loops=1)
 Planning time: 0.205 ms
 Execution time: 0.333 ms
(11 rows)

===== 118 [Wed Mar  7 01:54:52 CET 2018] scale:1000 groups:100 work_mem:4MB incremental:off max_workers:0 =====
SELECT * FROM (SELECT * FROM s_2 ORDER BY a, b) foo ORDER BY a, b, c LIMIT 10
                                                         QUERY PLAN                                                          
-----------------------------------------------------------------------------------------------------------------------------
 Limit  (cost=101.06..101.06 rows=1 width=20) (actual time=0.322..0.322 rows=0 loops=1)
   ->  Limit  (cost=100.94..100.96 rows=10 width=20) (actual time=0.320..0.321 rows=10 loops=1)
         ->  Sort  (cost=100.94..103.44 rows=1000 width=20) (actual time=0.319..0.320 rows=10 loops=1)
               Sort Key: s_2.a, s_2.b, s_2.c
               Sort Method: top-N heapsort  Memory: 25kB
               ->  Sort  (cost=66.83..69.33 rows=1000 width=20) (actual time=0.192..0.226 rows=1000 loops=1)
                     Sort Key: s_2.a, s_2.b
                     Sort Method: quicksort  Memory: 103kB
                     ->  Seq Scan on s_2  (cost=0.00..17.00 rows=1000 width=20) (actual time=0.009..0.062 rows=1000 loops=1)
 Planning time: 0.213 ms
 Execution time: 0.346 ms
(11 rows)

===== 119 [Wed Mar  7 01:54:52 CET 2018] scale:1000 groups:100 work_mem:4MB incremental:off max_workers:0 =====
SELECT * FROM (SELECT * FROM s_3 ORDER BY a, b, c) foo ORDER BY a, b, c, d LIMIT 10
                                                         QUERY PLAN                                                          
-----------------------------------------------------------------------------------------------------------------------------
 Limit  (cost=101.06..101.06 rows=1 width=20) (actual time=0.332..0.332 rows=0 loops=1)
   ->  Limit  (cost=100.94..100.96 rows=10 width=20) (actual time=0.330..0.331 rows=10 loops=1)
         ->  Sort  (cost=100.94..103.44 rows=1000 width=20) (actual time=0.330..0.330 rows=10 loops=1)
               Sort Key: s_3.a, s_3.b, s_3.c, s_3.d
               Sort Method: top-N heapsort  Memory: 25kB
               ->  Sort  (cost=66.83..69.33 rows=1000 width=20) (actual time=0.199..0.233 rows=1000 loops=1)
                     Sort Key: s_3.a, s_3.b, s_3.c
                     Sort Method: quicksort  Memory: 103kB
                     ->  Seq Scan on s_3  (cost=0.00..17.00 rows=1000 width=20) (actual time=0.009..0.064 rows=1000 loops=1)
 Planning time: 0.211 ms
 Execution time: 0.358 ms
(11 rows)

===== 120 [Wed Mar  7 01:54:52 CET 2018] scale:1000 groups:100 work_mem:4MB incremental:off max_workers:0 =====
SELECT * FROM (SELECT * FROM s_4 ORDER BY a, b, c, d) foo ORDER BY a, b, c, d, e LIMIT 10
                                                         QUERY PLAN                                                          
-----------------------------------------------------------------------------------------------------------------------------
 Limit  (cost=101.06..101.06 rows=1 width=20) (actual time=0.324..0.324 rows=0 loops=1)
   ->  Limit  (cost=100.94..100.96 rows=10 width=20) (actual time=0.322..0.323 rows=10 loops=1)
         ->  Sort  (cost=100.94..103.44 rows=1000 width=20) (actual time=0.322..0.322 rows=10 loops=1)
               Sort Key: s_4.a, s_4.b, s_4.c, s_4.d, s_4.e
               Sort Method: top-N heapsort  Memory: 25kB
               ->  Sort  (cost=66.83..69.33 rows=1000 width=20) (actual time=0.190..0.224 rows=1000 loops=1)
                     Sort Key: s_4.a, s_4.b, s_4.c, s_4.d
                     Sort Method: quicksort  Memory: 103kB
                     ->  Seq Scan on s_4  (cost=0.00..17.00 rows=1000 width=20) (actual time=0.007..0.059 rows=1000 loops=1)
 Planning time: 0.214 ms
 Execution time: 0.348 ms
(11 rows)

===== 121 [Wed Mar  7 01:54:52 CET 2018] scale:1000 groups:100 work_mem:8MB incremental:on max_workers:0 =====
SELECT * FROM (SELECT * FROM s_1 ORDER BY a) foo ORDER BY a, b LIMIT 10
                                                         QUERY PLAN                                                          
-----------------------------------------------------------------------------------------------------------------------------
 Limit  (cost=67.41..67.41 rows=1 width=20) (actual time=0.228..0.228 rows=0 loops=1)
   ->  Limit  (cost=67.12..67.31 rows=10 width=20) (actual time=0.226..0.227 rows=10 loops=1)
         ->  Incremental Sort  (cost=67.12..86.64 rows=1000 width=20) (actual time=0.226..0.226 rows=10 loops=1)
               Sort Key: s_1.a, s_1.b
               Presorted Key: s_1.a
               Sort Method: quicksort  Memory: 28kB
               Sort Groups: 1
               ->  Sort  (cost=66.83..69.33 rows=1000 width=20) (actual time=0.182..0.183 rows=46 loops=1)
                     Sort Key: s_1.a
                     Sort Method: quicksort  Memory: 103kB
                     ->  Seq Scan on s_1  (cost=0.00..17.00 rows=1000 width=20) (actual time=0.007..0.063 rows=1000 loops=1)
 Planning time: 0.217 ms
 Execution time: 0.253 ms
(13 rows)

===== 122 [Wed Mar  7 01:54:52 CET 2018] scale:1000 groups:100 work_mem:8MB incremental:on max_workers:0 =====
SELECT * FROM (SELECT * FROM s_2 ORDER BY a, b) foo ORDER BY a, b, c LIMIT 10
                                                         QUERY PLAN                                                          
-----------------------------------------------------------------------------------------------------------------------------
 Limit  (cost=67.41..67.41 rows=1 width=20) (actual time=0.231..0.231 rows=0 loops=1)
   ->  Limit  (cost=67.12..67.31 rows=10 width=20) (actual time=0.229..0.230 rows=10 loops=1)
         ->  Incremental Sort  (cost=67.12..86.64 rows=1000 width=20) (actual time=0.229..0.229 rows=10 loops=1)
               Sort Key: s_2.a, s_2.b, s_2.c
               Presorted Key: s_2.a, s_2.b
               Sort Method: quicksort  Memory: 27kB
               Sort Groups: 1
               ->  Sort  (cost=66.83..69.33 rows=1000 width=20) (actual time=0.190..0.191 rows=33 loops=1)
                     Sort Key: s_2.a, s_2.b
                     Sort Method: quicksort  Memory: 103kB
                     ->  Seq Scan on s_2  (cost=0.00..17.00 rows=1000 width=20) (actual time=0.009..0.062 rows=1000 loops=1)
 Planning time: 0.215 ms
 Execution time: 0.256 ms
(13 rows)

===== 123 [Wed Mar  7 01:54:52 CET 2018] scale:1000 groups:100 work_mem:8MB incremental:on max_workers:0 =====
SELECT * FROM (SELECT * FROM s_3 ORDER BY a, b, c) foo ORDER BY a, b, c, d LIMIT 10
                                                         QUERY PLAN                                                          
-----------------------------------------------------------------------------------------------------------------------------
 Limit  (cost=67.41..67.41 rows=1 width=20) (actual time=0.249..0.249 rows=0 loops=1)
   ->  Limit  (cost=67.12..67.31 rows=10 width=20) (actual time=0.247..0.248 rows=10 loops=1)
         ->  Incremental Sort  (cost=67.12..86.64 rows=1000 width=20) (actual time=0.247..0.247 rows=10 loops=1)
               Sort Key: s_3.a, s_3.b, s_3.c, s_3.d
               Presorted Key: s_3.a, s_3.b, s_3.c
               Sort Method: quicksort  Memory: 27kB
               Sort Groups: 1
               ->  Sort  (cost=66.83..69.33 rows=1000 width=20) (actual time=0.209..0.210 rows=33 loops=1)
                     Sort Key: s_3.a, s_3.b, s_3.c
                     Sort Method: quicksort  Memory: 103kB
                     ->  Seq Scan on s_3  (cost=0.00..17.00 rows=1000 width=20) (actual time=0.009..0.071 rows=1000 loops=1)
 Planning time: 0.223 ms
 Execution time: 0.274 ms
(13 rows)

===== 124 [Wed Mar  7 01:54:52 CET 2018] scale:1000 groups:100 work_mem:8MB incremental:on max_workers:0 =====
SELECT * FROM (SELECT * FROM s_4 ORDER BY a, b, c, d) foo ORDER BY a, b, c, d, e LIMIT 10
                                                         QUERY PLAN                                                          
-----------------------------------------------------------------------------------------------------------------------------
 Limit  (cost=67.41..67.41 rows=1 width=20) (actual time=0.239..0.239 rows=0 loops=1)
   ->  Limit  (cost=67.12..67.31 rows=10 width=20) (actual time=0.237..0.238 rows=10 loops=1)
         ->  Incremental Sort  (cost=67.12..86.64 rows=1000 width=20) (actual time=0.236..0.237 rows=10 loops=1)
               Sort Key: s_4.a, s_4.b, s_4.c, s_4.d, s_4.e
               Presorted Key: s_4.a, s_4.b, s_4.c, s_4.d
               Sort Method: quicksort  Memory: 27kB
               Sort Groups: 1
               ->  Sort  (cost=66.83..69.33 rows=1000 width=20) (actual time=0.193..0.195 rows=33 loops=1)
                     Sort Key: s_4.a, s_4.b, s_4.c, s_4.d
                     Sort Method: quicksort  Memory: 103kB
                     ->  Seq Scan on s_4  (cost=0.00..17.00 rows=1000 width=20) (actual time=0.007..0.060 rows=1000 loops=1)
 Planning time: 0.226 ms
 Execution time: 0.265 ms
(13 rows)

===== 125 [Wed Mar  7 01:54:52 CET 2018] scale:1000 groups:100 work_mem:8MB incremental:off max_workers:0 =====
SELECT * FROM (SELECT * FROM s_1 ORDER BY a) foo ORDER BY a, b LIMIT 10
                                                         QUERY PLAN                                                          
-----------------------------------------------------------------------------------------------------------------------------
 Limit  (cost=101.06..101.06 rows=1 width=20) (actual time=0.308..0.308 rows=0 loops=1)
   ->  Limit  (cost=100.94..100.96 rows=10 width=20) (actual time=0.306..0.307 rows=10 loops=1)
         ->  Sort  (cost=100.94..103.44 rows=1000 width=20) (actual time=0.306..0.306 rows=10 loops=1)
               Sort Key: s_1.a, s_1.b
               Sort Method: top-N heapsort  Memory: 26kB
               ->  Sort  (cost=66.83..69.33 rows=1000 width=20) (actual time=0.181..0.215 rows=1000 loops=1)
                     Sort Key: s_1.a
                     Sort Method: quicksort  Memory: 103kB
                     ->  Seq Scan on s_1  (cost=0.00..17.00 rows=1000 width=20) (actual time=0.007..0.063 rows=1000 loops=1)
 Planning time: 0.211 ms
 Execution time: 0.333 ms
(11 rows)

===== 126 [Wed Mar  7 01:54:52 CET 2018] scale:1000 groups:100 work_mem:8MB incremental:off max_workers:0 =====
SELECT * FROM (SELECT * FROM s_2 ORDER BY a, b) foo ORDER BY a, b, c LIMIT 10
                                                         QUERY PLAN                                                          
-----------------------------------------------------------------------------------------------------------------------------
 Limit  (cost=101.06..101.06 rows=1 width=20) (actual time=0.316..0.316 rows=0 loops=1)
   ->  Limit  (cost=100.94..100.96 rows=10 width=20) (actual time=0.314..0.315 rows=10 loops=1)
         ->  Sort  (cost=100.94..103.44 rows=1000 width=20) (actual time=0.314..0.314 rows=10 loops=1)
               Sort Key: s_2.a, s_2.b, s_2.c
               Sort Method: top-N heapsort  Memory: 25kB
               ->  Sort  (cost=66.83..69.33 rows=1000 width=20) (actual time=0.192..0.225 rows=1000 loops=1)
                     Sort Key: s_2.a, s_2.b
                     Sort Method: quicksort  Memory: 103kB
                     ->  Seq Scan on s_2  (cost=0.00..17.00 rows=1000 width=20) (actual time=0.009..0.062 rows=1000 loops=1)
 Planning time: 0.208 ms
 Execution time: 0.341 ms
(11 rows)

===== 127 [Wed Mar  7 01:54:52 CET 2018] scale:1000 groups:100 work_mem:8MB incremental:off max_workers:0 =====
SELECT * FROM (SELECT * FROM s_3 ORDER BY a, b, c) foo ORDER BY a, b, c, d LIMIT 10
                                                         QUERY PLAN                                                          
-----------------------------------------------------------------------------------------------------------------------------
 Limit  (cost=101.06..101.06 rows=1 width=20) (actual time=0.330..0.330 rows=0 loops=1)
   ->  Limit  (cost=100.94..100.96 rows=10 width=20) (actual time=0.327..0.328 rows=10 loops=1)
         ->  Sort  (cost=100.94..103.44 rows=1000 width=20) (actual time=0.327..0.327 rows=10 loops=1)
               Sort Key: s_3.a, s_3.b, s_3.c, s_3.d
               Sort Method: top-N heapsort  Memory: 25kB
               ->  Sort  (cost=66.83..69.33 rows=1000 width=20) (actual time=0.200..0.234 rows=1000 loops=1)
                     Sort Key: s_3.a, s_3.b, s_3.c
                     Sort Method: quicksort  Memory: 103kB
                     ->  Seq Scan on s_3  (cost=0.00..17.00 rows=1000 width=20) (actual time=0.009..0.065 rows=1000 loops=1)
 Planning time: 0.208 ms
 Execution time: 0.354 ms
(11 rows)

===== 128 [Wed Mar  7 01:54:52 CET 2018] scale:1000 groups:100 work_mem:8MB incremental:off max_workers:0 =====
SELECT * FROM (SELECT * FROM s_4 ORDER BY a, b, c, d) foo ORDER BY a, b, c, d, e LIMIT 10
                                                         QUERY PLAN                                                          
-----------------------------------------------------------------------------------------------------------------------------
 Limit  (cost=101.06..101.06 rows=1 width=20) (actual time=0.328..0.328 rows=0 loops=1)
   ->  Limit  (cost=100.94..100.96 rows=10 width=20) (actual time=0.326..0.327 rows=10 loops=1)
         ->  Sort  (cost=100.94..103.44 rows=1000 width=20) (actual time=0.326..0.326 rows=10 loops=1)
               Sort Key: s_4.a, s_4.b, s_4.c, s_4.d, s_4.e
               Sort Method: top-N heapsort  Memory: 25kB
               ->  Sort  (cost=66.83..69.33 rows=1000 width=20) (actual time=0.192..0.226 rows=1000 loops=1)
                     Sort Key: s_4.a, s_4.b, s_4.c, s_4.d
                     Sort Method: quicksort  Memory: 103kB
                     ->  Seq Scan on s_4  (cost=0.00..17.00 rows=1000 width=20) (actual time=0.007..0.059 rows=1000 loops=1)
 Planning time: 0.216 ms
 Execution time: 0.352 ms
(11 rows)

===== 129 [Wed Mar  7 01:54:52 CET 2018] scale:1000 groups:100 work_mem:16MB incremental:on max_workers:0 =====
SELECT * FROM (SELECT * FROM s_1 ORDER BY a) foo ORDER BY a, b LIMIT 10
                                                         QUERY PLAN                                                          
-----------------------------------------------------------------------------------------------------------------------------
 Limit  (cost=67.41..67.41 rows=1 width=20) (actual time=0.238..0.238 rows=0 loops=1)
   ->  Limit  (cost=67.12..67.31 rows=10 width=20) (actual time=0.236..0.237 rows=10 loops=1)
         ->  Incremental Sort  (cost=67.12..86.64 rows=1000 width=20) (actual time=0.236..0.236 rows=10 loops=1)
               Sort Key: s_1.a, s_1.b
               Presorted Key: s_1.a
               Sort Method: quicksort  Memory: 28kB
               Sort Groups: 1
               ->  Sort  (cost=66.83..69.33 rows=1000 width=20) (actual time=0.188..0.189 rows=46 loops=1)
                     Sort Key: s_1.a
                     Sort Method: quicksort  Memory: 103kB
                     ->  Seq Scan on s_1  (cost=0.00..17.00 rows=1000 width=20) (actual time=0.007..0.063 rows=1000 loops=1)
 Planning time: 0.217 ms
 Execution time: 0.263 ms
(13 rows)

===== 130 [Wed Mar  7 01:54:52 CET 2018] scale:1000 groups:100 work_mem:16MB incremental:on max_workers:0 =====
SELECT * FROM (SELECT * FROM s_2 ORDER BY a, b) foo ORDER BY a, b, c LIMIT 10
                                                         QUERY PLAN                                                          
-----------------------------------------------------------------------------------------------------------------------------
 Limit  (cost=67.41..67.41 rows=1 width=20) (actual time=0.230..0.230 rows=0 loops=1)
   ->  Limit  (cost=67.12..67.31 rows=10 width=20) (actual time=0.228..0.229 rows=10 loops=1)
         ->  Incremental Sort  (cost=67.12..86.64 rows=1000 width=20) (actual time=0.227..0.228 rows=10 loops=1)
               Sort Key: s_2.a, s_2.b, s_2.c
               Presorted Key: s_2.a, s_2.b
               Sort Method: quicksort  Memory: 27kB
               Sort Groups: 1
               ->  Sort  (cost=66.83..69.33 rows=1000 width=20) (actual time=0.191..0.192 rows=33 loops=1)
                     Sort Key: s_2.a, s_2.b
                     Sort Method: quicksort  Memory: 103kB
                     ->  Seq Scan on s_2  (cost=0.00..17.00 rows=1000 width=20) (actual time=0.009..0.063 rows=1000 loops=1)
 Planning time: 0.215 ms
 Execution time: 0.254 ms
(13 rows)

===== 131 [Wed Mar  7 01:54:52 CET 2018] scale:1000 groups:100 work_mem:16MB incremental:on max_workers:0 =====
SELECT * FROM (SELECT * FROM s_3 ORDER BY a, b, c) foo ORDER BY a, b, c, d LIMIT 10
                                                         QUERY PLAN                                                          
-----------------------------------------------------------------------------------------------------------------------------
 Limit  (cost=67.41..67.41 rows=1 width=20) (actual time=0.241..0.241 rows=0 loops=1)
   ->  Limit  (cost=67.12..67.31 rows=10 width=20) (actual time=0.238..0.239 rows=10 loops=1)
         ->  Incremental Sort  (cost=67.12..86.64 rows=1000 width=20) (actual time=0.238..0.238 rows=10 loops=1)
               Sort Key: s_3.a, s_3.b, s_3.c, s_3.d
               Presorted Key: s_3.a, s_3.b, s_3.c
               Sort Method: quicksort  Memory: 27kB
               Sort Groups: 1
               ->  Sort  (cost=66.83..69.33 rows=1000 width=20) (actual time=0.202..0.203 rows=33 loops=1)
                     Sort Key: s_3.a, s_3.b, s_3.c
                     Sort Method: quicksort  Memory: 103kB
                     ->  Seq Scan on s_3  (cost=0.00..17.00 rows=1000 width=20) (actual time=0.009..0.065 rows=1000 loops=1)
 Planning time: 0.220 ms
 Execution time: 0.265 ms
(13 rows)

===== 132 [Wed Mar  7 01:54:52 CET 2018] scale:1000 groups:100 work_mem:16MB incremental:on max_workers:0 =====
SELECT * FROM (SELECT * FROM s_4 ORDER BY a, b, c, d) foo ORDER BY a, b, c, d, e LIMIT 10
                                                         QUERY PLAN                                                          
-----------------------------------------------------------------------------------------------------------------------------
 Limit  (cost=67.41..67.41 rows=1 width=20) (actual time=0.236..0.236 rows=0 loops=1)
   ->  Limit  (cost=67.12..67.31 rows=10 width=20) (actual time=0.234..0.235 rows=10 loops=1)
         ->  Incremental Sort  (cost=67.12..86.64 rows=1000 width=20) (actual time=0.234..0.234 rows=10 loops=1)
               Sort Key: s_4.a, s_4.b, s_4.c, s_4.d, s_4.e
               Presorted Key: s_4.a, s_4.b, s_4.c, s_4.d
               Sort Method: quicksort  Memory: 27kB
               Sort Groups: 1
               ->  Sort  (cost=66.83..69.33 rows=1000 width=20) (actual time=0.193..0.194 rows=33 loops=1)
                     Sort Key: s_4.a, s_4.b, s_4.c, s_4.d
                     Sort Method: quicksort  Memory: 103kB
                     ->  Seq Scan on s_4  (cost=0.00..17.00 rows=1000 width=20) (actual time=0.007..0.059 rows=1000 loops=1)
 Planning time: 0.226 ms
 Execution time: 0.260 ms
(13 rows)

===== 133 [Wed Mar  7 01:54:53 CET 2018] scale:1000 groups:100 work_mem:16MB incremental:off max_workers:0 =====
SELECT * FROM (SELECT * FROM s_1 ORDER BY a) foo ORDER BY a, b LIMIT 10
                                                         QUERY PLAN                                                          
-----------------------------------------------------------------------------------------------------------------------------
 Limit  (cost=101.06..101.06 rows=1 width=20) (actual time=0.305..0.305 rows=0 loops=1)
   ->  Limit  (cost=100.94..100.96 rows=10 width=20) (actual time=0.303..0.304 rows=10 loops=1)
         ->  Sort  (cost=100.94..103.44 rows=1000 width=20) (actual time=0.303..0.303 rows=10 loops=1)
               Sort Key: s_1.a, s_1.b
               Sort Method: top-N heapsort  Memory: 26kB
               ->  Sort  (cost=66.83..69.33 rows=1000 width=20) (actual time=0.181..0.214 rows=1000 loops=1)
                     Sort Key: s_1.a
                     Sort Method: quicksort  Memory: 103kB
                     ->  Seq Scan on s_1  (cost=0.00..17.00 rows=1000 width=20) (actual time=0.007..0.063 rows=1000 loops=1)
 Planning time: 0.211 ms
 Execution time: 0.330 ms
(11 rows)

===== 134 [Wed Mar  7 01:54:53 CET 2018] scale:1000 groups:100 work_mem:16MB incremental:off max_workers:0 =====
SELECT * FROM (SELECT * FROM s_2 ORDER BY a, b) foo ORDER BY a, b, c LIMIT 10
                                                         QUERY PLAN                                                          
-----------------------------------------------------------------------------------------------------------------------------
 Limit  (cost=101.06..101.06 rows=1 width=20) (actual time=0.317..0.317 rows=0 loops=1)
   ->  Limit  (cost=100.94..100.96 rows=10 width=20) (actual time=0.315..0.316 rows=10 loops=1)
         ->  Sort  (cost=100.94..103.44 rows=1000 width=20) (actual time=0.314..0.315 rows=10 loops=1)
               Sort Key: s_2.a, s_2.b, s_2.c
               Sort Method: top-N heapsort  Memory: 25kB
               ->  Sort  (cost=66.83..69.33 rows=1000 width=20) (actual time=0.192..0.226 rows=1000 loops=1)
                     Sort Key: s_2.a, s_2.b
                     Sort Method: quicksort  Memory: 103kB
                     ->  Seq Scan on s_2  (cost=0.00..17.00 rows=1000 width=20) (actual time=0.009..0.062 rows=1000 loops=1)
 Planning time: 0.212 ms
 Execution time: 0.343 ms
(11 rows)

===== 135 [Wed Mar  7 01:54:53 CET 2018] scale:1000 groups:100 work_mem:16MB incremental:off max_workers:0 =====
SELECT * FROM (SELECT * FROM s_3 ORDER BY a, b, c) foo ORDER BY a, b, c, d LIMIT 10
                                                         QUERY PLAN                                                          
-----------------------------------------------------------------------------------------------------------------------------
 Limit  (cost=101.06..101.06 rows=1 width=20) (actual time=0.332..0.332 rows=0 loops=1)
   ->  Limit  (cost=100.94..100.96 rows=10 width=20) (actual time=0.330..0.331 rows=10 loops=1)
         ->  Sort  (cost=100.94..103.44 rows=1000 width=20) (actual time=0.329..0.330 rows=10 loops=1)
               Sort Key: s_3.a, s_3.b, s_3.c, s_3.d
               Sort Method: top-N heapsort  Memory: 25kB
               ->  Sort  (cost=66.83..69.33 rows=1000 width=20) (actual time=0.201..0.235 rows=1000 loops=1)
                     Sort Key: s_3.a, s_3.b, s_3.c
                     Sort Method: quicksort  Memory: 103kB
                     ->  Seq Scan on s_3  (cost=0.00..17.00 rows=1000 width=20) (actual time=0.009..0.065 rows=1000 loops=1)
 Planning time: 0.215 ms
 Execution time: 0.356 ms
(11 rows)

===== 136 [Wed Mar  7 01:54:53 CET 2018] scale:1000 groups:100 work_mem:16MB incremental:off max_workers:0 =====
SELECT * FROM (SELECT * FROM s_4 ORDER BY a, b, c, d) foo ORDER BY a, b, c, d, e LIMIT 10
                                                         QUERY PLAN                                                          
-----------------------------------------------------------------------------------------------------------------------------
 Limit  (cost=101.06..101.06 rows=1 width=20) (actual time=0.324..0.324 rows=0 loops=1)
   ->  Limit  (cost=100.94..100.96 rows=10 width=20) (actual time=0.322..0.323 rows=10 loops=1)
         ->  Sort  (cost=100.94..103.44 rows=1000 width=20) (actual time=0.322..0.322 rows=10 loops=1)
               Sort Key: s_4.a, s_4.b, s_4.c, s_4.d, s_4.e
               Sort Method: top-N heapsort  Memory: 25kB
               ->  Sort  (cost=66.83..69.33 rows=1000 width=20) (actual time=0.190..0.224 rows=1000 loops=1)
                     Sort Key: s_4.a, s_4.b, s_4.c, s_4.d
                     Sort Method: quicksort  Memory: 103kB
                     ->  Seq Scan on s_4  (cost=0.00..17.00 rows=1000 width=20) (actual time=0.007..0.059 rows=1000 loops=1)
 Planning time: 0.225 ms
 Execution time: 0.348 ms
(11 rows)

===== 137 [Wed Mar  7 01:54:53 CET 2018] scale:1000 groups:100 work_mem:32MB incremental:on max_workers:0 =====
SELECT * FROM (SELECT * FROM s_1 ORDER BY a) foo ORDER BY a, b LIMIT 10
                                                         QUERY PLAN                                                          
-----------------------------------------------------------------------------------------------------------------------------
 Limit  (cost=67.41..67.41 rows=1 width=20) (actual time=0.233..0.233 rows=0 loops=1)
   ->  Limit  (cost=67.12..67.31 rows=10 width=20) (actual time=0.231..0.232 rows=10 loops=1)
         ->  Incremental Sort  (cost=67.12..86.64 rows=1000 width=20) (actual time=0.231..0.231 rows=10 loops=1)
               Sort Key: s_1.a, s_1.b
               Presorted Key: s_1.a
               Sort Method: quicksort  Memory: 28kB
               Sort Groups: 1
               ->  Sort  (cost=66.83..69.33 rows=1000 width=20) (actual time=0.186..0.188 rows=46 loops=1)
                     Sort Key: s_1.a
                     Sort Method: quicksort  Memory: 103kB
                     ->  Seq Scan on s_1  (cost=0.00..17.00 rows=1000 width=20) (actual time=0.007..0.063 rows=1000 loops=1)
 Planning time: 0.214 ms
 Execution time: 0.258 ms
(13 rows)

===== 138 [Wed Mar  7 01:54:53 CET 2018] scale:1000 groups:100 work_mem:32MB incremental:on max_workers:0 =====
SELECT * FROM (SELECT * FROM s_2 ORDER BY a, b) foo ORDER BY a, b, c LIMIT 10
                                                         QUERY PLAN                                                          
-----------------------------------------------------------------------------------------------------------------------------
 Limit  (cost=67.41..67.41 rows=1 width=20) (actual time=0.234..0.234 rows=0 loops=1)
   ->  Limit  (cost=67.12..67.31 rows=10 width=20) (actual time=0.231..0.233 rows=10 loops=1)
         ->  Incremental Sort  (cost=67.12..86.64 rows=1000 width=20) (actual time=0.231..0.232 rows=10 loops=1)
               Sort Key: s_2.a, s_2.b, s_2.c
               Presorted Key: s_2.a, s_2.b
               Sort Method: quicksort  Memory: 27kB
               Sort Groups: 1
               ->  Sort  (cost=66.83..69.33 rows=1000 width=20) (actual time=0.195..0.197 rows=33 loops=1)
                     Sort Key: s_2.a, s_2.b
                     Sort Method: quicksort  Memory: 103kB
                     ->  Seq Scan on s_2  (cost=0.00..17.00 rows=1000 width=20) (actual time=0.009..0.067 rows=1000 loops=1)
 Planning time: 0.218 ms
 Execution time: 0.258 ms
(13 rows)

===== 139 [Wed Mar  7 01:54:53 CET 2018] scale:1000 groups:100 work_mem:32MB incremental:on max_workers:0 =====
SELECT * FROM (SELECT * FROM s_3 ORDER BY a, b, c) foo ORDER BY a, b, c, d LIMIT 10
                                                         QUERY PLAN                                                          
-----------------------------------------------------------------------------------------------------------------------------
 Limit  (cost=67.41..67.41 rows=1 width=20) (actual time=0.247..0.247 rows=0 loops=1)
   ->  Limit  (cost=67.12..67.31 rows=10 width=20) (actual time=0.244..0.246 rows=10 loops=1)
         ->  Incremental Sort  (cost=67.12..86.64 rows=1000 width=20) (actual time=0.244..0.245 rows=10 loops=1)
               Sort Key: s_3.a, s_3.b, s_3.c, s_3.d
               Presorted Key: s_3.a, s_3.b, s_3.c
               Sort Method: quicksort  Memory: 27kB
               Sort Groups: 1
               ->  Sort  (cost=66.83..69.33 rows=1000 width=20) (actual time=0.209..0.210 rows=33 loops=1)
                     Sort Key: s_3.a, s_3.b, s_3.c
                     Sort Method: quicksort  Memory: 103kB
                     ->  Seq Scan on s_3  (cost=0.00..17.00 rows=1000 width=20) (actual time=0.009..0.065 rows=1000 loops=1)
 Planning time: 0.217 ms
 Execution time: 0.272 ms
(13 rows)

===== 140 [Wed Mar  7 01:54:53 CET 2018] scale:1000 groups:100 work_mem:32MB incremental:on max_workers:0 =====
SELECT * FROM (SELECT * FROM s_4 ORDER BY a, b, c, d) foo ORDER BY a, b, c, d, e LIMIT 10
                                                         QUERY PLAN                                                          
-----------------------------------------------------------------------------------------------------------------------------
 Limit  (cost=67.41..67.41 rows=1 width=20) (actual time=0.249..0.249 rows=0 loops=1)
   ->  Limit  (cost=67.12..67.31 rows=10 width=20) (actual time=0.246..0.247 rows=10 loops=1)
         ->  Incremental Sort  (cost=67.12..86.64 rows=1000 width=20) (actual time=0.246..0.247 rows=10 loops=1)
               Sort Key: s_4.a, s_4.b, s_4.c, s_4.d, s_4.e
               Presorted Key: s_4.a, s_4.b, s_4.c, s_4.d
               Sort Method: quicksort  Memory: 27kB
               Sort Groups: 1
               ->  Sort  (cost=66.83..69.33 rows=1000 width=20) (actual time=0.205..0.206 rows=33 loops=1)
                     Sort Key: s_4.a, s_4.b, s_4.c, s_4.d
                     Sort Method: quicksort  Memory: 103kB
                     ->  Seq Scan on s_4  (cost=0.00..17.00 rows=1000 width=20) (actual time=0.007..0.060 rows=1000 loops=1)
 Planning time: 0.226 ms
 Execution time: 0.275 ms
(13 rows)

===== 141 [Wed Mar  7 01:54:53 CET 2018] scale:1000 groups:100 work_mem:32MB incremental:off max_workers:0 =====
SELECT * FROM (SELECT * FROM s_1 ORDER BY a) foo ORDER BY a, b LIMIT 10
                                                         QUERY PLAN                                                          
-----------------------------------------------------------------------------------------------------------------------------
 Limit  (cost=101.06..101.06 rows=1 width=20) (actual time=0.307..0.307 rows=0 loops=1)
   ->  Limit  (cost=100.94..100.96 rows=10 width=20) (actual time=0.304..0.305 rows=10 loops=1)
         ->  Sort  (cost=100.94..103.44 rows=1000 width=20) (actual time=0.304..0.304 rows=10 loops=1)
               Sort Key: s_1.a, s_1.b
               Sort Method: top-N heapsort  Memory: 26kB
               ->  Sort  (cost=66.83..69.33 rows=1000 width=20) (actual time=0.180..0.213 rows=1000 loops=1)
                     Sort Key: s_1.a
                     Sort Method: quicksort  Memory: 103kB
                     ->  Seq Scan on s_1  (cost=0.00..17.00 rows=1000 width=20) (actual time=0.007..0.062 rows=1000 loops=1)
 Planning time: 0.206 ms
 Execution time: 0.331 ms
(11 rows)

===== 142 [Wed Mar  7 01:54:53 CET 2018] scale:1000 groups:100 work_mem:32MB incremental:off max_workers:0 =====
SELECT * FROM (SELECT * FROM s_2 ORDER BY a, b) foo ORDER BY a, b, c LIMIT 10
                                                         QUERY PLAN                                                          
-----------------------------------------------------------------------------------------------------------------------------
 Limit  (cost=101.06..101.06 rows=1 width=20) (actual time=0.316..0.316 rows=0 loops=1)
   ->  Limit  (cost=100.94..100.96 rows=10 width=20) (actual time=0.314..0.315 rows=10 loops=1)
         ->  Sort  (cost=100.94..103.44 rows=1000 width=20) (actual time=0.314..0.314 rows=10 loops=1)
               Sort Key: s_2.a, s_2.b, s_2.c
               Sort Method: top-N heapsort  Memory: 25kB
               ->  Sort  (cost=66.83..69.33 rows=1000 width=20) (actual time=0.192..0.226 rows=1000 loops=1)
                     Sort Key: s_2.a, s_2.b
                     Sort Method: quicksort  Memory: 103kB
                     ->  Seq Scan on s_2  (cost=0.00..17.00 rows=1000 width=20) (actual time=0.009..0.062 rows=1000 loops=1)
 Planning time: 0.218 ms
 Execution time: 0.341 ms
(11 rows)

===== 143 [Wed Mar  7 01:54:53 CET 2018] scale:1000 groups:100 work_mem:32MB incremental:off max_workers:0 =====
SELECT * FROM (SELECT * FROM s_3 ORDER BY a, b, c) foo ORDER BY a, b, c, d LIMIT 10
                                                         QUERY PLAN                                                          
-----------------------------------------------------------------------------------------------------------------------------
 Limit  (cost=101.06..101.06 rows=1 width=20) (actual time=0.341..0.341 rows=0 loops=1)
   ->  Limit  (cost=100.94..100.96 rows=10 width=20) (actual time=0.338..0.340 rows=10 loops=1)
         ->  Sort  (cost=100.94..103.44 rows=1000 width=20) (actual time=0.338..0.339 rows=10 loops=1)
               Sort Key: s_3.a, s_3.b, s_3.c, s_3.d
               Sort Method: top-N heapsort  Memory: 25kB
               ->  Sort  (cost=66.83..69.33 rows=1000 width=20) (actual time=0.208..0.242 rows=1000 loops=1)
                     Sort Key: s_3.a, s_3.b, s_3.c
                     Sort Method: quicksort  Memory: 103kB
                     ->  Seq Scan on s_3  (cost=0.00..17.00 rows=1000 width=20) (actual time=0.009..0.065 rows=1000 loops=1)
 Planning time: 0.210 ms
 Execution time: 0.365 ms
(11 rows)

===== 144 [Wed Mar  7 01:54:53 CET 2018] scale:1000 groups:100 work_mem:32MB incremental:off max_workers:0 =====
SELECT * FROM (SELECT * FROM s_4 ORDER BY a, b, c, d) foo ORDER BY a, b, c, d, e LIMIT 10
                                                         QUERY PLAN                                                          
-----------------------------------------------------------------------------------------------------------------------------
 Limit  (cost=101.06..101.06 rows=1 width=20) (actual time=0.324..0.324 rows=0 loops=1)
   ->  Limit  (cost=100.94..100.96 rows=10 width=20) (actual time=0.322..0.323 rows=10 loops=1)
         ->  Sort  (cost=100.94..103.44 rows=1000 width=20) (actual time=0.322..0.322 rows=10 loops=1)
               Sort Key: s_4.a, s_4.b, s_4.c, s_4.d, s_4.e
               Sort Method: top-N heapsort  Memory: 25kB
               ->  Sort  (cost=66.83..69.33 rows=1000 width=20) (actual time=0.190..0.224 rows=1000 loops=1)
                     Sort Key: s_4.a, s_4.b, s_4.c, s_4.d
                     Sort Method: quicksort  Memory: 103kB
                     ->  Seq Scan on s_4  (cost=0.00..17.00 rows=1000 width=20) (actual time=0.007..0.059 rows=1000 loops=1)
 Planning time: 0.217 ms
 Execution time: 0.348 ms
(11 rows)

===== 145 [Wed Mar  7 01:54:53 CET 2018] scale:1000 groups:100 work_mem:64MB incremental:on max_workers:0 =====
SELECT * FROM (SELECT * FROM s_1 ORDER BY a) foo ORDER BY a, b LIMIT 10
                                                         QUERY PLAN                                                          
-----------------------------------------------------------------------------------------------------------------------------
 Limit  (cost=67.41..67.41 rows=1 width=20) (actual time=0.233..0.233 rows=0 loops=1)
   ->  Limit  (cost=67.12..67.31 rows=10 width=20) (actual time=0.231..0.232 rows=10 loops=1)
         ->  Incremental Sort  (cost=67.12..86.64 rows=1000 width=20) (actual time=0.230..0.231 rows=10 loops=1)
               Sort Key: s_1.a, s_1.b
               Presorted Key: s_1.a
               Sort Method: quicksort  Memory: 28kB
               Sort Groups: 1
               ->  Sort  (cost=66.83..69.33 rows=1000 width=20) (actual time=0.186..0.188 rows=46 loops=1)
                     Sort Key: s_1.a
                     Sort Method: quicksort  Memory: 103kB
                     ->  Seq Scan on s_1  (cost=0.00..17.00 rows=1000 width=20) (actual time=0.007..0.063 rows=1000 loops=1)
 Planning time: 0.214 ms
 Execution time: 0.257 ms
(13 rows)

===== 146 [Wed Mar  7 01:54:53 CET 2018] scale:1000 groups:100 work_mem:64MB incremental:on max_workers:0 =====
SELECT * FROM (SELECT * FROM s_2 ORDER BY a, b) foo ORDER BY a, b, c LIMIT 10
                                                         QUERY PLAN                                                          
-----------------------------------------------------------------------------------------------------------------------------
 Limit  (cost=67.41..67.41 rows=1 width=20) (actual time=0.231..0.231 rows=0 loops=1)
   ->  Limit  (cost=67.12..67.31 rows=10 width=20) (actual time=0.229..0.230 rows=10 loops=1)
         ->  Incremental Sort  (cost=67.12..86.64 rows=1000 width=20) (actual time=0.229..0.229 rows=10 loops=1)
               Sort Key: s_2.a, s_2.b, s_2.c
               Presorted Key: s_2.a, s_2.b
               Sort Method: quicksort  Memory: 27kB
               Sort Groups: 1
               ->  Sort  (cost=66.83..69.33 rows=1000 width=20) (actual time=0.191..0.192 rows=33 loops=1)
                     Sort Key: s_2.a, s_2.b
                     Sort Method: quicksort  Memory: 103kB
                     ->  Seq Scan on s_2  (cost=0.00..17.00 rows=1000 width=20) (actual time=0.009..0.062 rows=1000 loops=1)
 Planning time: 0.211 ms
 Execution time: 0.256 ms
(13 rows)

===== 147 [Wed Mar  7 01:54:54 CET 2018] scale:1000 groups:100 work_mem:64MB incremental:on max_workers:0 =====
SELECT * FROM (SELECT * FROM s_3 ORDER BY a, b, c) foo ORDER BY a, b, c, d LIMIT 10
                                                         QUERY PLAN                                                          
-----------------------------------------------------------------------------------------------------------------------------
 Limit  (cost=67.41..67.41 rows=1 width=20) (actual time=0.242..0.242 rows=0 loops=1)
   ->  Limit  (cost=67.12..67.31 rows=10 width=20) (actual time=0.239..0.241 rows=10 loops=1)
         ->  Incremental Sort  (cost=67.12..86.64 rows=1000 width=20) (actual time=0.239..0.240 rows=10 loops=1)
               Sort Key: s_3.a, s_3.b, s_3.c, s_3.d
               Presorted Key: s_3.a, s_3.b, s_3.c
               Sort Method: quicksort  Memory: 27kB
               Sort Groups: 1
               ->  Sort  (cost=66.83..69.33 rows=1000 width=20) (actual time=0.203..0.204 rows=33 loops=1)
                     Sort Key: s_3.a, s_3.b, s_3.c
                     Sort Method: quicksort  Memory: 103kB
                     ->  Seq Scan on s_3  (cost=0.00..17.00 rows=1000 width=20) (actual time=0.009..0.065 rows=1000 loops=1)
 Planning time: 0.219 ms
 Execution time: 0.271 ms
(13 rows)

===== 148 [Wed Mar  7 01:54:54 CET 2018] scale:1000 groups:100 work_mem:64MB incremental:on max_workers:0 =====
SELECT * FROM (SELECT * FROM s_4 ORDER BY a, b, c, d) foo ORDER BY a, b, c, d, e LIMIT 10
                                                         QUERY PLAN                                                          
-----------------------------------------------------------------------------------------------------------------------------
 Limit  (cost=67.41..67.41 rows=1 width=20) (actual time=0.236..0.236 rows=0 loops=1)
   ->  Limit  (cost=67.12..67.31 rows=10 width=20) (actual time=0.234..0.235 rows=10 loops=1)
         ->  Incremental Sort  (cost=67.12..86.64 rows=1000 width=20) (actual time=0.234..0.234 rows=10 loops=1)
               Sort Key: s_4.a, s_4.b, s_4.c, s_4.d, s_4.e
               Presorted Key: s_4.a, s_4.b, s_4.c, s_4.d
               Sort Method: quicksort  Memory: 27kB
               Sort Groups: 1
               ->  Sort  (cost=66.83..69.33 rows=1000 width=20) (actual time=0.193..0.194 rows=33 loops=1)
                     Sort Key: s_4.a, s_4.b, s_4.c, s_4.d
                     Sort Method: quicksort  Memory: 103kB
                     ->  Seq Scan on s_4  (cost=0.00..17.00 rows=1000 width=20) (actual time=0.007..0.059 rows=1000 loops=1)
 Planning time: 0.229 ms
 Execution time: 0.261 ms
(13 rows)

===== 149 [Wed Mar  7 01:54:54 CET 2018] scale:1000 groups:100 work_mem:64MB incremental:off max_workers:0 =====
SELECT * FROM (SELECT * FROM s_1 ORDER BY a) foo ORDER BY a, b LIMIT 10
                                                         QUERY PLAN                                                          
-----------------------------------------------------------------------------------------------------------------------------
 Limit  (cost=101.06..101.06 rows=1 width=20) (actual time=0.306..0.306 rows=0 loops=1)
   ->  Limit  (cost=100.94..100.96 rows=10 width=20) (actual time=0.303..0.305 rows=10 loops=1)
         ->  Sort  (cost=100.94..103.44 rows=1000 width=20) (actual time=0.303..0.304 rows=10 loops=1)
               Sort Key: s_1.a, s_1.b
               Sort Method: top-N heapsort  Memory: 26kB
               ->  Sort  (cost=66.83..69.33 rows=1000 width=20) (actual time=0.180..0.214 rows=1000 loops=1)
                     Sort Key: s_1.a
                     Sort Method: quicksort  Memory: 103kB
                     ->  Seq Scan on s_1  (cost=0.00..17.00 rows=1000 width=20) (actual time=0.007..0.062 rows=1000 loops=1)
 Planning time: 0.210 ms
 Execution time: 0.329 ms
(11 rows)

===== 150 [Wed Mar  7 01:54:54 CET 2018] scale:1000 groups:100 work_mem:64MB incremental:off max_workers:0 =====
SELECT * FROM (SELECT * FROM s_2 ORDER BY a, b) foo ORDER BY a, b, c LIMIT 10
                                                         QUERY PLAN                                                          
-----------------------------------------------------------------------------------------------------------------------------
 Limit  (cost=101.06..101.06 rows=1 width=20) (actual time=0.314..0.314 rows=0 loops=1)
   ->  Limit  (cost=100.94..100.96 rows=10 width=20) (actual time=0.312..0.313 rows=10 loops=1)
         ->  Sort  (cost=100.94..103.44 rows=1000 width=20) (actual time=0.312..0.312 rows=10 loops=1)
               Sort Key: s_2.a, s_2.b, s_2.c
               Sort Method: top-N heapsort  Memory: 25kB
               ->  Sort  (cost=66.83..69.33 rows=1000 width=20) (actual time=0.190..0.223 rows=1000 loops=1)
                     Sort Key: s_2.a, s_2.b
                     Sort Method: quicksort  Memory: 103kB
                     ->  Seq Scan on s_2  (cost=0.00..17.00 rows=1000 width=20) (actual time=0.009..0.062 rows=1000 loops=1)
 Planning time: 0.217 ms
 Execution time: 0.338 ms
(11 rows)

===== 151 [Wed Mar  7 01:54:54 CET 2018] scale:1000 groups:100 work_mem:64MB incremental:off max_workers:0 =====
SELECT * FROM (SELECT * FROM s_3 ORDER BY a, b, c) foo ORDER BY a, b, c, d LIMIT 10
                                                         QUERY PLAN                                                          
-----------------------------------------------------------------------------------------------------------------------------
 Limit  (cost=101.06..101.06 rows=1 width=20) (actual time=0.336..0.336 rows=0 loops=1)
   ->  Limit  (cost=100.94..100.96 rows=10 width=20) (actual time=0.334..0.335 rows=10 loops=1)
         ->  Sort  (cost=100.94..103.44 rows=1000 width=20) (actual time=0.334..0.334 rows=10 loops=1)
               Sort Key: s_3.a, s_3.b, s_3.c, s_3.d
               Sort Method: top-N heapsort  Memory: 25kB
               ->  Sort  (cost=66.83..69.33 rows=1000 width=20) (actual time=0.206..0.240 rows=1000 loops=1)
                     Sort Key: s_3.a, s_3.b, s_3.c
                     Sort Method: quicksort  Memory: 103kB
                     ->  Seq Scan on s_3  (cost=0.00..17.00 rows=1000 width=20) (actual time=0.009..0.068 rows=1000 loops=1)
 Planning time: 0.211 ms
 Execution time: 0.360 ms
(11 rows)

===== 152 [Wed Mar  7 01:54:54 CET 2018] scale:1000 groups:100 work_mem:64MB incremental:off max_workers:0 =====
SELECT * FROM (SELECT * FROM s_4 ORDER BY a, b, c, d) foo ORDER BY a, b, c, d, e LIMIT 10
                                                         QUERY PLAN                                                          
-----------------------------------------------------------------------------------------------------------------------------
 Limit  (cost=101.06..101.06 rows=1 width=20) (actual time=0.324..0.324 rows=0 loops=1)
   ->  Limit  (cost=100.94..100.96 rows=10 width=20) (actual time=0.322..0.323 rows=10 loops=1)
         ->  Sort  (cost=100.94..103.44 rows=1000 width=20) (actual time=0.322..0.322 rows=10 loops=1)
               Sort Key: s_4.a, s_4.b, s_4.c, s_4.d, s_4.e
               Sort Method: top-N heapsort  Memory: 25kB
               ->  Sort  (cost=66.83..69.33 rows=1000 width=20) (actual time=0.191..0.225 rows=1000 loops=1)
                     Sort Key: s_4.a, s_4.b, s_4.c, s_4.d
                     Sort Method: quicksort  Memory: 103kB
                     ->  Seq Scan on s_4  (cost=0.00..17.00 rows=1000 width=20) (actual time=0.007..0.059 rows=1000 loops=1)
 Planning time: 0.219 ms
 Execution time: 0.348 ms
(11 rows)

===== 153 [Wed Mar  7 01:54:54 CET 2018] scale:1000 groups:100 work_mem:128MB incremental:on max_workers:0 =====
SELECT * FROM (SELECT * FROM s_1 ORDER BY a) foo ORDER BY a, b LIMIT 10
                                                         QUERY PLAN                                                          
-----------------------------------------------------------------------------------------------------------------------------
 Limit  (cost=67.41..67.41 rows=1 width=20) (actual time=0.227..0.227 rows=0 loops=1)
   ->  Limit  (cost=67.12..67.31 rows=10 width=20) (actual time=0.225..0.226 rows=10 loops=1)
         ->  Incremental Sort  (cost=67.12..86.64 rows=1000 width=20) (actual time=0.224..0.225 rows=10 loops=1)
               Sort Key: s_1.a, s_1.b
               Presorted Key: s_1.a
               Sort Method: quicksort  Memory: 28kB
               Sort Groups: 1
               ->  Sort  (cost=66.83..69.33 rows=1000 width=20) (actual time=0.181..0.183 rows=46 loops=1)
                     Sort Key: s_1.a
                     Sort Method: quicksort  Memory: 103kB
                     ->  Seq Scan on s_1  (cost=0.00..17.00 rows=1000 width=20) (actual time=0.007..0.063 rows=1000 loops=1)
 Planning time: 0.219 ms
 Execution time: 0.251 ms
(13 rows)

===== 154 [Wed Mar  7 01:54:54 CET 2018] scale:1000 groups:100 work_mem:128MB incremental:on max_workers:0 =====
SELECT * FROM (SELECT * FROM s_2 ORDER BY a, b) foo ORDER BY a, b, c LIMIT 10
                                                         QUERY PLAN                                                          
-----------------------------------------------------------------------------------------------------------------------------
 Limit  (cost=67.41..67.41 rows=1 width=20) (actual time=0.232..0.232 rows=0 loops=1)
   ->  Limit  (cost=67.12..67.31 rows=10 width=20) (actual time=0.229..0.230 rows=10 loops=1)
         ->  Incremental Sort  (cost=67.12..86.64 rows=1000 width=20) (actual time=0.229..0.229 rows=10 loops=1)
               Sort Key: s_2.a, s_2.b, s_2.c
               Presorted Key: s_2.a, s_2.b
               Sort Method: quicksort  Memory: 27kB
               Sort Groups: 1
               ->  Sort  (cost=66.83..69.33 rows=1000 width=20) (actual time=0.193..0.194 rows=33 loops=1)
                     Sort Key: s_2.a, s_2.b
                     Sort Method: quicksort  Memory: 103kB
                     ->  Seq Scan on s_2  (cost=0.00..17.00 rows=1000 width=20) (actual time=0.009..0.062 rows=1000 loops=1)
 Planning time: 0.218 ms
 Execution time: 0.256 ms
(13 rows)

===== 155 [Wed Mar  7 01:54:54 CET 2018] scale:1000 groups:100 work_mem:128MB incremental:on max_workers:0 =====
SELECT * FROM (SELECT * FROM s_3 ORDER BY a, b, c) foo ORDER BY a, b, c, d LIMIT 10
                                                         QUERY PLAN                                                          
-----------------------------------------------------------------------------------------------------------------------------
 Limit  (cost=67.41..67.41 rows=1 width=20) (actual time=0.241..0.241 rows=0 loops=1)
   ->  Limit  (cost=67.12..67.31 rows=10 width=20) (actual time=0.239..0.240 rows=10 loops=1)
         ->  Incremental Sort  (cost=67.12..86.64 rows=1000 width=20) (actual time=0.238..0.239 rows=10 loops=1)
               Sort Key: s_3.a, s_3.b, s_3.c, s_3.d
               Presorted Key: s_3.a, s_3.b, s_3.c
               Sort Method: quicksort  Memory: 27kB
               Sort Groups: 1
               ->  Sort  (cost=66.83..69.33 rows=1000 width=20) (actual time=0.202..0.203 rows=33 loops=1)
                     Sort Key: s_3.a, s_3.b, s_3.c
                     Sort Method: quicksort  Memory: 103kB
                     ->  Seq Scan on s_3  (cost=0.00..17.00 rows=1000 width=20) (actual time=0.009..0.064 rows=1000 loops=1)
 Planning time: 0.222 ms
 Execution time: 0.265 ms
(13 rows)

===== 156 [Wed Mar  7 01:54:54 CET 2018] scale:1000 groups:100 work_mem:128MB incremental:on max_workers:0 =====
SELECT * FROM (SELECT * FROM s_4 ORDER BY a, b, c, d) foo ORDER BY a, b, c, d, e LIMIT 10
                                                         QUERY PLAN                                                          
-----------------------------------------------------------------------------------------------------------------------------
 Limit  (cost=67.41..67.41 rows=1 width=20) (actual time=0.236..0.236 rows=0 loops=1)
   ->  Limit  (cost=67.12..67.31 rows=10 width=20) (actual time=0.234..0.235 rows=10 loops=1)
         ->  Incremental Sort  (cost=67.12..86.64 rows=1000 width=20) (actual time=0.234..0.234 rows=10 loops=1)
               Sort Key: s_4.a, s_4.b, s_4.c, s_4.d, s_4.e
               Presorted Key: s_4.a, s_4.b, s_4.c, s_4.d
               Sort Method: quicksort  Memory: 27kB
               Sort Groups: 1
               ->  Sort  (cost=66.83..69.33 rows=1000 width=20) (actual time=0.192..0.194 rows=33 loops=1)
                     Sort Key: s_4.a, s_4.b, s_4.c, s_4.d
                     Sort Method: quicksort  Memory: 103kB
                     ->  Seq Scan on s_4  (cost=0.00..17.00 rows=1000 width=20) (actual time=0.007..0.060 rows=1000 loops=1)
 Planning time: 0.228 ms
 Execution time: 0.261 ms
(13 rows)

===== 157 [Wed Mar  7 01:54:54 CET 2018] scale:1000 groups:100 work_mem:128MB incremental:off max_workers:0 =====
SELECT * FROM (SELECT * FROM s_1 ORDER BY a) foo ORDER BY a, b LIMIT 10
                                                         QUERY PLAN                                                          
-----------------------------------------------------------------------------------------------------------------------------
 Limit  (cost=101.06..101.06 rows=1 width=20) (actual time=0.306..0.306 rows=0 loops=1)
   ->  Limit  (cost=100.94..100.96 rows=10 width=20) (actual time=0.304..0.305 rows=10 loops=1)
         ->  Sort  (cost=100.94..103.44 rows=1000 width=20) (actual time=0.304..0.304 rows=10 loops=1)
               Sort Key: s_1.a, s_1.b
               Sort Method: top-N heapsort  Memory: 26kB
               ->  Sort  (cost=66.83..69.33 rows=1000 width=20) (actual time=0.182..0.215 rows=1000 loops=1)
                     Sort Key: s_1.a
                     Sort Method: quicksort  Memory: 103kB
                     ->  Seq Scan on s_1  (cost=0.00..17.00 rows=1000 width=20) (actual time=0.007..0.062 rows=1000 loops=1)
 Planning time: 0.214 ms
 Execution time: 0.331 ms
(11 rows)

===== 158 [Wed Mar  7 01:54:54 CET 2018] scale:1000 groups:100 work_mem:128MB incremental:off max_workers:0 =====
SELECT * FROM (SELECT * FROM s_2 ORDER BY a, b) foo ORDER BY a, b, c LIMIT 10
                                                         QUERY PLAN                                                          
-----------------------------------------------------------------------------------------------------------------------------
 Limit  (cost=101.06..101.06 rows=1 width=20) (actual time=0.322..0.322 rows=0 loops=1)
   ->  Limit  (cost=100.94..100.96 rows=10 width=20) (actual time=0.320..0.321 rows=10 loops=1)
         ->  Sort  (cost=100.94..103.44 rows=1000 width=20) (actual time=0.320..0.320 rows=10 loops=1)
               Sort Key: s_2.a, s_2.b, s_2.c
               Sort Method: top-N heapsort  Memory: 25kB
               ->  Sort  (cost=66.83..69.33 rows=1000 width=20) (actual time=0.191..0.231 rows=1000 loops=1)
                     Sort Key: s_2.a, s_2.b
                     Sort Method: quicksort  Memory: 103kB
                     ->  Seq Scan on s_2  (cost=0.00..17.00 rows=1000 width=20) (actual time=0.009..0.062 rows=1000 loops=1)
 Planning time: 0.210 ms
 Execution time: 0.349 ms
(11 rows)

===== 159 [Wed Mar  7 01:54:54 CET 2018] scale:1000 groups:100 work_mem:128MB incremental:off max_workers:0 =====
SELECT * FROM (SELECT * FROM s_3 ORDER BY a, b, c) foo ORDER BY a, b, c, d LIMIT 10
                                                         QUERY PLAN                                                          
-----------------------------------------------------------------------------------------------------------------------------
 Limit  (cost=101.06..101.06 rows=1 width=20) (actual time=0.334..0.334 rows=0 loops=1)
   ->  Limit  (cost=100.94..100.96 rows=10 width=20) (actual time=0.332..0.333 rows=10 loops=1)
         ->  Sort  (cost=100.94..103.44 rows=1000 width=20) (actual time=0.332..0.332 rows=10 loops=1)
               Sort Key: s_3.a, s_3.b, s_3.c, s_3.d
               Sort Method: top-N heapsort  Memory: 25kB
               ->  Sort  (cost=66.83..69.33 rows=1000 width=20) (actual time=0.204..0.239 rows=1000 loops=1)
                     Sort Key: s_3.a, s_3.b, s_3.c
                     Sort Method: quicksort  Memory: 103kB
                     ->  Seq Scan on s_3  (cost=0.00..17.00 rows=1000 width=20) (actual time=0.010..0.069 rows=1000 loops=1)
 Planning time: 0.213 ms
 Execution time: 0.358 ms
(11 rows)

===== 160 [Wed Mar  7 01:54:54 CET 2018] scale:1000 groups:100 work_mem:128MB incremental:off max_workers:0 =====
SELECT * FROM (SELECT * FROM s_4 ORDER BY a, b, c, d) foo ORDER BY a, b, c, d, e LIMIT 10
                                                         QUERY PLAN                                                          
-----------------------------------------------------------------------------------------------------------------------------
 Limit  (cost=101.06..101.06 rows=1 width=20) (actual time=0.327..0.327 rows=0 loops=1)
   ->  Limit  (cost=100.94..100.96 rows=10 width=20) (actual time=0.325..0.326 rows=10 loops=1)
         ->  Sort  (cost=100.94..103.44 rows=1000 width=20) (actual time=0.324..0.325 rows=10 loops=1)
               Sort Key: s_4.a, s_4.b, s_4.c, s_4.d, s_4.e
               Sort Method: top-N heapsort  Memory: 25kB
               ->  Sort  (cost=66.83..69.33 rows=1000 width=20) (actual time=0.192..0.226 rows=1000 loops=1)
                     Sort Key: s_4.a, s_4.b, s_4.c, s_4.d
                     Sort Method: quicksort  Memory: 103kB
                     ->  Seq Scan on s_4  (cost=0.00..17.00 rows=1000 width=20) (actual time=0.007..0.059 rows=1000 loops=1)
 Planning time: 0.224 ms
 Execution time: 0.351 ms
(11 rows)

===== 161 [Wed Mar  7 01:54:55 CET 2018] scale:1000 groups:100 work_mem:256MB incremental:on max_workers:0 =====
SELECT * FROM (SELECT * FROM s_1 ORDER BY a) foo ORDER BY a, b LIMIT 10
                                                         QUERY PLAN                                                          
-----------------------------------------------------------------------------------------------------------------------------
 Limit  (cost=67.41..67.41 rows=1 width=20) (actual time=0.230..0.230 rows=0 loops=1)
   ->  Limit  (cost=67.12..67.31 rows=10 width=20) (actual time=0.228..0.229 rows=10 loops=1)
         ->  Incremental Sort  (cost=67.12..86.64 rows=1000 width=20) (actual time=0.228..0.228 rows=10 loops=1)
               Sort Key: s_1.a, s_1.b
               Presorted Key: s_1.a
               Sort Method: quicksort  Memory: 28kB
               Sort Groups: 1
               ->  Sort  (cost=66.83..69.33 rows=1000 width=20) (actual time=0.184..0.186 rows=46 loops=1)
                     Sort Key: s_1.a
                     Sort Method: quicksort  Memory: 103kB
                     ->  Seq Scan on s_1  (cost=0.00..17.00 rows=1000 width=20) (actual time=0.007..0.063 rows=1000 loops=1)
 Planning time: 0.217 ms
 Execution time: 0.254 ms
(13 rows)

===== 162 [Wed Mar  7 01:54:55 CET 2018] scale:1000 groups:100 work_mem:256MB incremental:on max_workers:0 =====
SELECT * FROM (SELECT * FROM s_2 ORDER BY a, b) foo ORDER BY a, b, c LIMIT 10
                                                         QUERY PLAN                                                          
-----------------------------------------------------------------------------------------------------------------------------
 Limit  (cost=67.41..67.41 rows=1 width=20) (actual time=0.232..0.232 rows=0 loops=1)
   ->  Limit  (cost=67.12..67.31 rows=10 width=20) (actual time=0.230..0.231 rows=10 loops=1)
         ->  Incremental Sort  (cost=67.12..86.64 rows=1000 width=20) (actual time=0.230..0.230 rows=10 loops=1)
               Sort Key: s_2.a, s_2.b, s_2.c
               Presorted Key: s_2.a, s_2.b
               Sort Method: quicksort  Memory: 27kB
               Sort Groups: 1
               ->  Sort  (cost=66.83..69.33 rows=1000 width=20) (actual time=0.192..0.194 rows=33 loops=1)
                     Sort Key: s_2.a, s_2.b
                     Sort Method: quicksort  Memory: 103kB
                     ->  Seq Scan on s_2  (cost=0.00..17.00 rows=1000 width=20) (actual time=0.009..0.063 rows=1000 loops=1)
 Planning time: 0.222 ms
 Execution time: 0.257 ms
(13 rows)

===== 163 [Wed Mar  7 01:54:55 CET 2018] scale:1000 groups:100 work_mem:256MB incremental:on max_workers:0 =====
SELECT * FROM (SELECT * FROM s_3 ORDER BY a, b, c) foo ORDER BY a, b, c, d LIMIT 10
                                                         QUERY PLAN                                                          
-----------------------------------------------------------------------------------------------------------------------------
 Limit  (cost=67.41..67.41 rows=1 width=20) (actual time=0.252..0.252 rows=0 loops=1)
   ->  Limit  (cost=67.12..67.31 rows=10 width=20) (actual time=0.249..0.251 rows=10 loops=1)
         ->  Incremental Sort  (cost=67.12..86.64 rows=1000 width=20) (actual time=0.249..0.250 rows=10 loops=1)
               Sort Key: s_3.a, s_3.b, s_3.c, s_3.d
               Presorted Key: s_3.a, s_3.b, s_3.c
               Sort Method: quicksort  Memory: 27kB
               Sort Groups: 1
               ->  Sort  (cost=66.83..69.33 rows=1000 width=20) (actual time=0.211..0.212 rows=33 loops=1)
                     Sort Key: s_3.a, s_3.b, s_3.c
                     Sort Method: quicksort  Memory: 103kB
                     ->  Seq Scan on s_3  (cost=0.00..17.00 rows=1000 width=20) (actual time=0.009..0.065 rows=1000 loops=1)
 Planning time: 0.218 ms
 Execution time: 0.277 ms
(13 rows)

===== 164 [Wed Mar  7 01:54:55 CET 2018] scale:1000 groups:100 work_mem:256MB incremental:on max_workers:0 =====
SELECT * FROM (SELECT * FROM s_4 ORDER BY a, b, c, d) foo ORDER BY a, b, c, d, e LIMIT 10
                                                         QUERY PLAN                                                          
-----------------------------------------------------------------------------------------------------------------------------
 Limit  (cost=67.41..67.41 rows=1 width=20) (actual time=0.247..0.247 rows=0 loops=1)
   ->  Limit  (cost=67.12..67.31 rows=10 width=20) (actual time=0.244..0.246 rows=10 loops=1)
         ->  Incremental Sort  (cost=67.12..86.64 rows=1000 width=20) (actual time=0.244..0.244 rows=10 loops=1)
               Sort Key: s_4.a, s_4.b, s_4.c, s_4.d, s_4.e
               Presorted Key: s_4.a, s_4.b, s_4.c, s_4.d
               Sort Method: quicksort  Memory: 27kB
               Sort Groups: 1
               ->  Sort  (cost=66.83..69.33 rows=1000 width=20) (actual time=0.198..0.200 rows=33 loops=1)
                     Sort Key: s_4.a, s_4.b, s_4.c, s_4.d
                     Sort Method: quicksort  Memory: 103kB
                     ->  Seq Scan on s_4  (cost=0.00..17.00 rows=1000 width=20) (actual time=0.007..0.060 rows=1000 loops=1)
 Planning time: 0.230 ms
 Execution time: 0.271 ms
(13 rows)

===== 165 [Wed Mar  7 01:54:55 CET 2018] scale:1000 groups:100 work_mem:256MB incremental:off max_workers:0 =====
SELECT * FROM (SELECT * FROM s_1 ORDER BY a) foo ORDER BY a, b LIMIT 10
                                                         QUERY PLAN                                                          
-----------------------------------------------------------------------------------------------------------------------------
 Limit  (cost=101.06..101.06 rows=1 width=20) (actual time=0.314..0.314 rows=0 loops=1)
   ->  Limit  (cost=100.94..100.96 rows=10 width=20) (actual time=0.312..0.313 rows=10 loops=1)
         ->  Sort  (cost=100.94..103.44 rows=1000 width=20) (actual time=0.312..0.312 rows=10 loops=1)
               Sort Key: s_1.a, s_1.b
               Sort Method: top-N heapsort  Memory: 26kB
               ->  Sort  (cost=66.83..69.33 rows=1000 width=20) (actual time=0.190..0.223 rows=1000 loops=1)
                     Sort Key: s_1.a
                     Sort Method: quicksort  Memory: 103kB
                     ->  Seq Scan on s_1  (cost=0.00..17.00 rows=1000 width=20) (actual time=0.007..0.062 rows=1000 loops=1)
 Planning time: 0.216 ms
 Execution time: 0.339 ms
(11 rows)

===== 166 [Wed Mar  7 01:54:55 CET 2018] scale:1000 groups:100 work_mem:256MB incremental:off max_workers:0 =====
SELECT * FROM (SELECT * FROM s_2 ORDER BY a, b) foo ORDER BY a, b, c LIMIT 10
                                                         QUERY PLAN                                                          
-----------------------------------------------------------------------------------------------------------------------------
 Limit  (cost=101.06..101.06 rows=1 width=20) (actual time=0.315..0.315 rows=0 loops=1)
   ->  Limit  (cost=100.94..100.96 rows=10 width=20) (actual time=0.313..0.314 rows=10 loops=1)
         ->  Sort  (cost=100.94..103.44 rows=1000 width=20) (actual time=0.313..0.313 rows=10 loops=1)
               Sort Key: s_2.a, s_2.b, s_2.c
               Sort Method: top-N heapsort  Memory: 25kB
               ->  Sort  (cost=66.83..69.33 rows=1000 width=20) (actual time=0.191..0.224 rows=1000 loops=1)
                     Sort Key: s_2.a, s_2.b
                     Sort Method: quicksort  Memory: 103kB
                     ->  Seq Scan on s_2  (cost=0.00..17.00 rows=1000 width=20) (actual time=0.009..0.062 rows=1000 loops=1)
 Planning time: 0.211 ms
 Execution time: 0.339 ms
(11 rows)

===== 167 [Wed Mar  7 01:54:55 CET 2018] scale:1000 groups:100 work_mem:256MB incremental:off max_workers:0 =====
SELECT * FROM (SELECT * FROM s_3 ORDER BY a, b, c) foo ORDER BY a, b, c, d LIMIT 10
                                                         QUERY PLAN                                                          
-----------------------------------------------------------------------------------------------------------------------------
 Limit  (cost=101.06..101.06 rows=1 width=20) (actual time=0.332..0.332 rows=0 loops=1)
   ->  Limit  (cost=100.94..100.96 rows=10 width=20) (actual time=0.330..0.331 rows=10 loops=1)
         ->  Sort  (cost=100.94..103.44 rows=1000 width=20) (actual time=0.330..0.330 rows=10 loops=1)
               Sort Key: s_3.a, s_3.b, s_3.c, s_3.d
               Sort Method: top-N heapsort  Memory: 25kB
               ->  Sort  (cost=66.83..69.33 rows=1000 width=20) (actual time=0.202..0.236 rows=1000 loops=1)
                     Sort Key: s_3.a, s_3.b, s_3.c
                     Sort Method: quicksort  Memory: 103kB
                     ->  Seq Scan on s_3  (cost=0.00..17.00 rows=1000 width=20) (actual time=0.009..0.065 rows=1000 loops=1)
 Planning time: 0.211 ms
 Execution time: 0.359 ms
(11 rows)

===== 168 [Wed Mar  7 01:54:55 CET 2018] scale:1000 groups:100 work_mem:256MB incremental:off max_workers:0 =====
SELECT * FROM (SELECT * FROM s_4 ORDER BY a, b, c, d) foo ORDER BY a, b, c, d, e LIMIT 10
                                                         QUERY PLAN                                                          
-----------------------------------------------------------------------------------------------------------------------------
 Limit  (cost=101.06..101.06 rows=1 width=20) (actual time=0.325..0.325 rows=0 loops=1)
   ->  Limit  (cost=100.94..100.96 rows=10 width=20) (actual time=0.322..0.324 rows=10 loops=1)
         ->  Sort  (cost=100.94..103.44 rows=1000 width=20) (actual time=0.322..0.323 rows=10 loops=1)
               Sort Key: s_4.a, s_4.b, s_4.c, s_4.d, s_4.e
               Sort Method: top-N heapsort  Memory: 25kB
               ->  Sort  (cost=66.83..69.33 rows=1000 width=20) (actual time=0.190..0.224 rows=1000 loops=1)
                     Sort Key: s_4.a, s_4.b, s_4.c, s_4.d
                     Sort Method: quicksort  Memory: 103kB
                     ->  Seq Scan on s_4  (cost=0.00..17.00 rows=1000 width=20) (actual time=0.006..0.059 rows=1000 loops=1)
 Planning time: 0.216 ms
 Execution time: 0.348 ms
(11 rows)

===== 169 [Wed Mar  7 01:54:55 CET 2018] scale:1000 groups:100 work_mem:4MB incremental:on max_workers:2 =====
SELECT * FROM (SELECT * FROM s_1 ORDER BY a) foo ORDER BY a, b LIMIT 10
                                                         QUERY PLAN                                                          
-----------------------------------------------------------------------------------------------------------------------------
 Limit  (cost=67.41..67.41 rows=1 width=20) (actual time=0.224..0.224 rows=0 loops=1)
   ->  Limit  (cost=67.12..67.31 rows=10 width=20) (actual time=0.222..0.223 rows=10 loops=1)
         ->  Incremental Sort  (cost=67.12..86.64 rows=1000 width=20) (actual time=0.222..0.222 rows=10 loops=1)
               Sort Key: s_1.a, s_1.b
               Presorted Key: s_1.a
               Sort Method: quicksort  Memory: 28kB
               Sort Groups: 1
               ->  Sort  (cost=66.83..69.33 rows=1000 width=20) (actual time=0.178..0.180 rows=46 loops=1)
                     Sort Key: s_1.a
                     Sort Method: quicksort  Memory: 103kB
                     ->  Seq Scan on s_1  (cost=0.00..17.00 rows=1000 width=20) (actual time=0.007..0.063 rows=1000 loops=1)
 Planning time: 0.219 ms
 Execution time: 0.249 ms
(13 rows)

===== 170 [Wed Mar  7 01:54:55 CET 2018] scale:1000 groups:100 work_mem:4MB incremental:on max_workers:2 =====
SELECT * FROM (SELECT * FROM s_2 ORDER BY a, b) foo ORDER BY a, b, c LIMIT 10
                                                         QUERY PLAN                                                          
-----------------------------------------------------------------------------------------------------------------------------
 Limit  (cost=67.41..67.41 rows=1 width=20) (actual time=0.234..0.234 rows=0 loops=1)
   ->  Limit  (cost=67.12..67.31 rows=10 width=20) (actual time=0.231..0.232 rows=10 loops=1)
         ->  Incremental Sort  (cost=67.12..86.64 rows=1000 width=20) (actual time=0.231..0.231 rows=10 loops=1)
               Sort Key: s_2.a, s_2.b, s_2.c
               Presorted Key: s_2.a, s_2.b
               Sort Method: quicksort  Memory: 27kB
               Sort Groups: 1
               ->  Sort  (cost=66.83..69.33 rows=1000 width=20) (actual time=0.193..0.194 rows=33 loops=1)
                     Sort Key: s_2.a, s_2.b
                     Sort Method: quicksort  Memory: 103kB
                     ->  Seq Scan on s_2  (cost=0.00..17.00 rows=1000 width=20) (actual time=0.009..0.063 rows=1000 loops=1)
 Planning time: 0.223 ms
 Execution time: 0.258 ms
(13 rows)

===== 171 [Wed Mar  7 01:54:55 CET 2018] scale:1000 groups:100 work_mem:4MB incremental:on max_workers:2 =====
SELECT * FROM (SELECT * FROM s_3 ORDER BY a, b, c) foo ORDER BY a, b, c, d LIMIT 10
                                                         QUERY PLAN                                                          
-----------------------------------------------------------------------------------------------------------------------------
 Limit  (cost=67.41..67.41 rows=1 width=20) (actual time=0.241..0.241 rows=0 loops=1)
   ->  Limit  (cost=67.12..67.31 rows=10 width=20) (actual time=0.239..0.240 rows=10 loops=1)
         ->  Incremental Sort  (cost=67.12..86.64 rows=1000 width=20) (actual time=0.239..0.239 rows=10 loops=1)
               Sort Key: s_3.a, s_3.b, s_3.c, s_3.d
               Presorted Key: s_3.a, s_3.b, s_3.c
               Sort Method: quicksort  Memory: 27kB
               Sort Groups: 1
               ->  Sort  (cost=66.83..69.33 rows=1000 width=20) (actual time=0.202..0.203 rows=33 loops=1)
                     Sort Key: s_3.a, s_3.b, s_3.c
                     Sort Method: quicksort  Memory: 103kB
                     ->  Seq Scan on s_3  (cost=0.00..17.00 rows=1000 width=20) (actual time=0.009..0.065 rows=1000 loops=1)
 Planning time: 0.219 ms
 Execution time: 0.267 ms
(13 rows)

===== 172 [Wed Mar  7 01:54:55 CET 2018] scale:1000 groups:100 work_mem:4MB incremental:on max_workers:2 =====
SELECT * FROM (SELECT * FROM s_4 ORDER BY a, b, c, d) foo ORDER BY a, b, c, d, e LIMIT 10
                                                         QUERY PLAN                                                          
-----------------------------------------------------------------------------------------------------------------------------
 Limit  (cost=67.41..67.41 rows=1 width=20) (actual time=0.238..0.238 rows=0 loops=1)
   ->  Limit  (cost=67.12..67.31 rows=10 width=20) (actual time=0.235..0.236 rows=10 loops=1)
         ->  Incremental Sort  (cost=67.12..86.64 rows=1000 width=20) (actual time=0.235..0.235 rows=10 loops=1)
               Sort Key: s_4.a, s_4.b, s_4.c, s_4.d, s_4.e
               Presorted Key: s_4.a, s_4.b, s_4.c, s_4.d
               Sort Method: quicksort  Memory: 27kB
               Sort Groups: 1
               ->  Sort  (cost=66.83..69.33 rows=1000 width=20) (actual time=0.192..0.194 rows=33 loops=1)
                     Sort Key: s_4.a, s_4.b, s_4.c, s_4.d
                     Sort Method: quicksort  Memory: 103kB
                     ->  Seq Scan on s_4  (cost=0.00..17.00 rows=1000 width=20) (actual time=0.007..0.060 rows=1000 loops=1)
 Planning time: 0.231 ms
 Execution time: 0.262 ms
(13 rows)

===== 173 [Wed Mar  7 01:54:55 CET 2018] scale:1000 groups:100 work_mem:4MB incremental:off max_workers:2 =====
SELECT * FROM (SELECT * FROM s_1 ORDER BY a) foo ORDER BY a, b LIMIT 10
                                                         QUERY PLAN                                                          
-----------------------------------------------------------------------------------------------------------------------------
 Limit  (cost=101.06..101.06 rows=1 width=20) (actual time=0.306..0.306 rows=0 loops=1)
   ->  Limit  (cost=100.94..100.96 rows=10 width=20) (actual time=0.304..0.305 rows=10 loops=1)
         ->  Sort  (cost=100.94..103.44 rows=1000 width=20) (actual time=0.304..0.304 rows=10 loops=1)
               Sort Key: s_1.a, s_1.b
               Sort Method: top-N heapsort  Memory: 26kB
               ->  Sort  (cost=66.83..69.33 rows=1000 width=20) (actual time=0.181..0.215 rows=1000 loops=1)
                     Sort Key: s_1.a
                     Sort Method: quicksort  Memory: 103kB
                     ->  Seq Scan on s_1  (cost=0.00..17.00 rows=1000 width=20) (actual time=0.007..0.063 rows=1000 loops=1)
 Planning time: 0.212 ms
 Execution time: 0.331 ms
(11 rows)

===== 174 [Wed Mar  7 01:54:55 CET 2018] scale:1000 groups:100 work_mem:4MB incremental:off max_workers:2 =====
SELECT * FROM (SELECT * FROM s_2 ORDER BY a, b) foo ORDER BY a, b, c LIMIT 10
                                                         QUERY PLAN                                                          
-----------------------------------------------------------------------------------------------------------------------------
 Limit  (cost=101.06..101.06 rows=1 width=20) (actual time=0.319..0.319 rows=0 loops=1)
   ->  Limit  (cost=100.94..100.96 rows=10 width=20) (actual time=0.317..0.318 rows=10 loops=1)
         ->  Sort  (cost=100.94..103.44 rows=1000 width=20) (actual time=0.316..0.317 rows=10 loops=1)
               Sort Key: s_2.a, s_2.b, s_2.c
               Sort Method: top-N heapsort  Memory: 25kB
               ->  Sort  (cost=66.83..69.33 rows=1000 width=20) (actual time=0.191..0.224 rows=1000 loops=1)
                     Sort Key: s_2.a, s_2.b
                     Sort Method: quicksort  Memory: 103kB
                     ->  Seq Scan on s_2  (cost=0.00..17.00 rows=1000 width=20) (actual time=0.009..0.062 rows=1000 loops=1)
 Planning time: 0.215 ms
 Execution time: 0.343 ms
(11 rows)

===== 175 [Wed Mar  7 01:54:56 CET 2018] scale:1000 groups:100 work_mem:4MB incremental:off max_workers:2 =====
SELECT * FROM (SELECT * FROM s_3 ORDER BY a, b, c) foo ORDER BY a, b, c, d LIMIT 10
                                                         QUERY PLAN                                                          
-----------------------------------------------------------------------------------------------------------------------------
 Limit  (cost=101.06..101.06 rows=1 width=20) (actual time=0.331..0.331 rows=0 loops=1)
   ->  Limit  (cost=100.94..100.96 rows=10 width=20) (actual time=0.329..0.330 rows=10 loops=1)
         ->  Sort  (cost=100.94..103.44 rows=1000 width=20) (actual time=0.328..0.329 rows=10 loops=1)
               Sort Key: s_3.a, s_3.b, s_3.c, s_3.d
               Sort Method: top-N heapsort  Memory: 25kB
               ->  Sort  (cost=66.83..69.33 rows=1000 width=20) (actual time=0.201..0.235 rows=1000 loops=1)
                     Sort Key: s_3.a, s_3.b, s_3.c
                     Sort Method: quicksort  Memory: 103kB
                     ->  Seq Scan on s_3  (cost=0.00..17.00 rows=1000 width=20) (actual time=0.009..0.065 rows=1000 loops=1)
 Planning time: 0.224 ms
 Execution time: 0.355 ms
(11 rows)

===== 176 [Wed Mar  7 01:54:56 CET 2018] scale:1000 groups:100 work_mem:4MB incremental:off max_workers:2 =====
SELECT * FROM (SELECT * FROM s_4 ORDER BY a, b, c, d) foo ORDER BY a, b, c, d, e LIMIT 10
                                                         QUERY PLAN                                                          
-----------------------------------------------------------------------------------------------------------------------------
 Limit  (cost=101.06..101.06 rows=1 width=20) (actual time=0.324..0.324 rows=0 loops=1)
   ->  Limit  (cost=100.94..100.96 rows=10 width=20) (actual time=0.322..0.323 rows=10 loops=1)
         ->  Sort  (cost=100.94..103.44 rows=1000 width=20) (actual time=0.322..0.322 rows=10 loops=1)
               Sort Key: s_4.a, s_4.b, s_4.c, s_4.d, s_4.e
               Sort Method: top-N heapsort  Memory: 25kB
               ->  Sort  (cost=66.83..69.33 rows=1000 width=20) (actual time=0.190..0.224 rows=1000 loops=1)
                     Sort Key: s_4.a, s_4.b, s_4.c, s_4.d
                     Sort Method: quicksort  Memory: 103kB
                     ->  Seq Scan on s_4  (cost=0.00..17.00 rows=1000 width=20) (actual time=0.007..0.060 rows=1000 loops=1)
 Planning time: 0.236 ms
 Execution time: 0.348 ms
(11 rows)

===== 177 [Wed Mar  7 01:54:56 CET 2018] scale:1000 groups:100 work_mem:8MB incremental:on max_workers:2 =====
SELECT * FROM (SELECT * FROM s_1 ORDER BY a) foo ORDER BY a, b LIMIT 10
                                                         QUERY PLAN                                                          
-----------------------------------------------------------------------------------------------------------------------------
 Limit  (cost=67.41..67.41 rows=1 width=20) (actual time=0.226..0.226 rows=0 loops=1)
   ->  Limit  (cost=67.12..67.31 rows=10 width=20) (actual time=0.224..0.225 rows=10 loops=1)
         ->  Incremental Sort  (cost=67.12..86.64 rows=1000 width=20) (actual time=0.224..0.224 rows=10 loops=1)
               Sort Key: s_1.a, s_1.b
               Presorted Key: s_1.a
               Sort Method: quicksort  Memory: 28kB
               Sort Groups: 1
               ->  Sort  (cost=66.83..69.33 rows=1000 width=20) (actual time=0.181..0.183 rows=46 loops=1)
                     Sort Key: s_1.a
                     Sort Method: quicksort  Memory: 103kB
                     ->  Seq Scan on s_1  (cost=0.00..17.00 rows=1000 width=20) (actual time=0.007..0.063 rows=1000 loops=1)
 Planning time: 0.226 ms
 Execution time: 0.251 ms
(13 rows)

===== 178 [Wed Mar  7 01:54:56 CET 2018] scale:1000 groups:100 work_mem:8MB incremental:on max_workers:2 =====
SELECT * FROM (SELECT * FROM s_2 ORDER BY a, b) foo ORDER BY a, b, c LIMIT 10
                                                         QUERY PLAN                                                          
-----------------------------------------------------------------------------------------------------------------------------
 Limit  (cost=67.41..67.41 rows=1 width=20) (actual time=0.236..0.236 rows=0 loops=1)
   ->  Limit  (cost=67.12..67.31 rows=10 width=20) (actual time=0.234..0.235 rows=10 loops=1)
         ->  Incremental Sort  (cost=67.12..86.64 rows=1000 width=20) (actual time=0.233..0.234 rows=10 loops=1)
               Sort Key: s_2.a, s_2.b, s_2.c
               Presorted Key: s_2.a, s_2.b
               Sort Method: quicksort  Memory: 27kB
               Sort Groups: 1
               ->  Sort  (cost=66.83..69.33 rows=1000 width=20) (actual time=0.197..0.199 rows=33 loops=1)
                     Sort Key: s_2.a, s_2.b
                     Sort Method: quicksort  Memory: 103kB
                     ->  Seq Scan on s_2  (cost=0.00..17.00 rows=1000 width=20) (actual time=0.009..0.062 rows=1000 loops=1)
 Planning time: 0.219 ms
 Execution time: 0.261 ms
(13 rows)

===== 179 [Wed Mar  7 01:54:56 CET 2018] scale:1000 groups:100 work_mem:8MB incremental:on max_workers:2 =====
SELECT * FROM (SELECT * FROM s_3 ORDER BY a, b, c) foo ORDER BY a, b, c, d LIMIT 10
                                                         QUERY PLAN                                                          
-----------------------------------------------------------------------------------------------------------------------------
 Limit  (cost=67.41..67.41 rows=1 width=20) (actual time=0.243..0.243 rows=0 loops=1)
   ->  Limit  (cost=67.12..67.31 rows=10 width=20) (actual time=0.241..0.242 rows=10 loops=1)
         ->  Incremental Sort  (cost=67.12..86.64 rows=1000 width=20) (actual time=0.240..0.241 rows=10 loops=1)
               Sort Key: s_3.a, s_3.b, s_3.c, s_3.d
               Presorted Key: s_3.a, s_3.b, s_3.c
               Sort Method: quicksort  Memory: 27kB
               Sort Groups: 1
               ->  Sort  (cost=66.83..69.33 rows=1000 width=20) (actual time=0.202..0.203 rows=33 loops=1)
                     Sort Key: s_3.a, s_3.b, s_3.c
                     Sort Method: quicksort  Memory: 103kB
                     ->  Seq Scan on s_3  (cost=0.00..17.00 rows=1000 width=20) (actual time=0.009..0.065 rows=1000 loops=1)
 Planning time: 0.219 ms
 Execution time: 0.267 ms
(13 rows)

===== 180 [Wed Mar  7 01:54:56 CET 2018] scale:1000 groups:100 work_mem:8MB incremental:on max_workers:2 =====
SELECT * FROM (SELECT * FROM s_4 ORDER BY a, b, c, d) foo ORDER BY a, b, c, d, e LIMIT 10
                                                         QUERY PLAN                                                          
-----------------------------------------------------------------------------------------------------------------------------
 Limit  (cost=67.41..67.41 rows=1 width=20) (actual time=0.242..0.242 rows=0 loops=1)
   ->  Limit  (cost=67.12..67.31 rows=10 width=20) (actual time=0.240..0.241 rows=10 loops=1)
         ->  Incremental Sort  (cost=67.12..86.64 rows=1000 width=20) (actual time=0.240..0.240 rows=10 loops=1)
               Sort Key: s_4.a, s_4.b, s_4.c, s_4.d, s_4.e
               Presorted Key: s_4.a, s_4.b, s_4.c, s_4.d
               Sort Method: quicksort  Memory: 27kB
               Sort Groups: 1
               ->  Sort  (cost=66.83..69.33 rows=1000 width=20) (actual time=0.198..0.200 rows=33 loops=1)
                     Sort Key: s_4.a, s_4.b, s_4.c, s_4.d
                     Sort Method: quicksort  Memory: 103kB
                     ->  Seq Scan on s_4  (cost=0.00..17.00 rows=1000 width=20) (actual time=0.007..0.060 rows=1000 loops=1)
 Planning time: 0.232 ms
 Execution time: 0.266 ms
(13 rows)

===== 181 [Wed Mar  7 01:54:56 CET 2018] scale:1000 groups:100 work_mem:8MB incremental:off max_workers:2 =====
SELECT * FROM (SELECT * FROM s_1 ORDER BY a) foo ORDER BY a, b LIMIT 10
                                                         QUERY PLAN                                                          
-----------------------------------------------------------------------------------------------------------------------------
 Limit  (cost=101.06..101.06 rows=1 width=20) (actual time=0.309..0.309 rows=0 loops=1)
   ->  Limit  (cost=100.94..100.96 rows=10 width=20) (actual time=0.306..0.307 rows=10 loops=1)
         ->  Sort  (cost=100.94..103.44 rows=1000 width=20) (actual time=0.306..0.306 rows=10 loops=1)
               Sort Key: s_1.a, s_1.b
               Sort Method: top-N heapsort  Memory: 26kB
               ->  Sort  (cost=66.83..69.33 rows=1000 width=20) (actual time=0.181..0.215 rows=1000 loops=1)
                     Sort Key: s_1.a
                     Sort Method: quicksort  Memory: 103kB
                     ->  Seq Scan on s_1  (cost=0.00..17.00 rows=1000 width=20) (actual time=0.007..0.062 rows=1000 loops=1)
 Planning time: 0.213 ms
 Execution time: 0.332 ms
(11 rows)

===== 182 [Wed Mar  7 01:54:56 CET 2018] scale:1000 groups:100 work_mem:8MB incremental:off max_workers:2 =====
SELECT * FROM (SELECT * FROM s_2 ORDER BY a, b) foo ORDER BY a, b, c LIMIT 10
                                                         QUERY PLAN                                                          
-----------------------------------------------------------------------------------------------------------------------------
 Limit  (cost=101.06..101.06 rows=1 width=20) (actual time=0.318..0.318 rows=0 loops=1)
   ->  Limit  (cost=100.94..100.96 rows=10 width=20) (actual time=0.316..0.317 rows=10 loops=1)
         ->  Sort  (cost=100.94..103.44 rows=1000 width=20) (actual time=0.316..0.316 rows=10 loops=1)
               Sort Key: s_2.a, s_2.b, s_2.c
               Sort Method: top-N heapsort  Memory: 25kB
               ->  Sort  (cost=66.83..69.33 rows=1000 width=20) (actual time=0.193..0.227 rows=1000 loops=1)
                     Sort Key: s_2.a, s_2.b
                     Sort Method: quicksort  Memory: 103kB
                     ->  Seq Scan on s_2  (cost=0.00..17.00 rows=1000 width=20) (actual time=0.009..0.062 rows=1000 loops=1)
 Planning time: 0.215 ms
 Execution time: 0.343 ms
(11 rows)

===== 183 [Wed Mar  7 01:54:56 CET 2018] scale:1000 groups:100 work_mem:8MB incremental:off max_workers:2 =====
SELECT * FROM (SELECT * FROM s_3 ORDER BY a, b, c) foo ORDER BY a, b, c, d LIMIT 10
                                                         QUERY PLAN                                                          
-----------------------------------------------------------------------------------------------------------------------------
 Limit  (cost=101.06..101.06 rows=1 width=20) (actual time=0.330..0.330 rows=0 loops=1)
   ->  Limit  (cost=100.94..100.96 rows=10 width=20) (actual time=0.327..0.328 rows=10 loops=1)
         ->  Sort  (cost=100.94..103.44 rows=1000 width=20) (actual time=0.327..0.328 rows=10 loops=1)
               Sort Key: s_3.a, s_3.b, s_3.c, s_3.d
               Sort Method: top-N heapsort  Memory: 25kB
               ->  Sort  (cost=66.83..69.33 rows=1000 width=20) (actual time=0.201..0.234 rows=1000 loops=1)
                     Sort Key: s_3.a, s_3.b, s_3.c
                     Sort Method: quicksort  Memory: 103kB
                     ->  Seq Scan on s_3  (cost=0.00..17.00 rows=1000 width=20) (actual time=0.009..0.064 rows=1000 loops=1)
 Planning time: 0.222 ms
 Execution time: 0.354 ms
(11 rows)

===== 184 [Wed Mar  7 01:54:56 CET 2018] scale:1000 groups:100 work_mem:8MB incremental:off max_workers:2 =====
SELECT * FROM (SELECT * FROM s_4 ORDER BY a, b, c, d) foo ORDER BY a, b, c, d, e LIMIT 10
                                                         QUERY PLAN                                                          
-----------------------------------------------------------------------------------------------------------------------------
 Limit  (cost=101.06..101.06 rows=1 width=20) (actual time=0.326..0.326 rows=0 loops=1)
   ->  Limit  (cost=100.94..100.96 rows=10 width=20) (actual time=0.324..0.325 rows=10 loops=1)
         ->  Sort  (cost=100.94..103.44 rows=1000 width=20) (actual time=0.324..0.324 rows=10 loops=1)
               Sort Key: s_4.a, s_4.b, s_4.c, s_4.d, s_4.e
               Sort Method: top-N heapsort  Memory: 25kB
               ->  Sort  (cost=66.83..69.33 rows=1000 width=20) (actual time=0.190..0.224 rows=1000 loops=1)
                     Sort Key: s_4.a, s_4.b, s_4.c, s_4.d
                     Sort Method: quicksort  Memory: 103kB
                     ->  Seq Scan on s_4  (cost=0.00..17.00 rows=1000 width=20) (actual time=0.007..0.059 rows=1000 loops=1)
 Planning time: 0.230 ms
 Execution time: 0.350 ms
(11 rows)

===== 185 [Wed Mar  7 01:54:56 CET 2018] scale:1000 groups:100 work_mem:16MB incremental:on max_workers:2 =====
SELECT * FROM (SELECT * FROM s_1 ORDER BY a) foo ORDER BY a, b LIMIT 10
                                                         QUERY PLAN                                                          
-----------------------------------------------------------------------------------------------------------------------------
 Limit  (cost=67.41..67.41 rows=1 width=20) (actual time=0.226..0.226 rows=0 loops=1)
   ->  Limit  (cost=67.12..67.31 rows=10 width=20) (actual time=0.224..0.225 rows=10 loops=1)
         ->  Incremental Sort  (cost=67.12..86.64 rows=1000 width=20) (actual time=0.224..0.224 rows=10 loops=1)
               Sort Key: s_1.a, s_1.b
               Presorted Key: s_1.a
               Sort Method: quicksort  Memory: 28kB
               Sort Groups: 1
               ->  Sort  (cost=66.83..69.33 rows=1000 width=20) (actual time=0.181..0.183 rows=46 loops=1)
                     Sort Key: s_1.a
                     Sort Method: quicksort  Memory: 103kB
                     ->  Seq Scan on s_1  (cost=0.00..17.00 rows=1000 width=20) (actual time=0.007..0.062 rows=1000 loops=1)
 Planning time: 0.219 ms
 Execution time: 0.251 ms
(13 rows)

===== 186 [Wed Mar  7 01:54:56 CET 2018] scale:1000 groups:100 work_mem:16MB incremental:on max_workers:2 =====
SELECT * FROM (SELECT * FROM s_2 ORDER BY a, b) foo ORDER BY a, b, c LIMIT 10
                                                         QUERY PLAN                                                          
-----------------------------------------------------------------------------------------------------------------------------
 Limit  (cost=67.41..67.41 rows=1 width=20) (actual time=0.231..0.231 rows=0 loops=1)
   ->  Limit  (cost=67.12..67.31 rows=10 width=20) (actual time=0.229..0.230 rows=10 loops=1)
         ->  Incremental Sort  (cost=67.12..86.64 rows=1000 width=20) (actual time=0.229..0.229 rows=10 loops=1)
               Sort Key: s_2.a, s_2.b, s_2.c
               Presorted Key: s_2.a, s_2.b
               Sort Method: quicksort  Memory: 27kB
               Sort Groups: 1
               ->  Sort  (cost=66.83..69.33 rows=1000 width=20) (actual time=0.193..0.194 rows=33 loops=1)
                     Sort Key: s_2.a, s_2.b
                     Sort Method: quicksort  Memory: 103kB
                     ->  Seq Scan on s_2  (cost=0.00..17.00 rows=1000 width=20) (actual time=0.009..0.063 rows=1000 loops=1)
 Planning time: 0.224 ms
 Execution time: 0.257 ms
(13 rows)

===== 187 [Wed Mar  7 01:54:56 CET 2018] scale:1000 groups:100 work_mem:16MB incremental:on max_workers:2 =====
SELECT * FROM (SELECT * FROM s_3 ORDER BY a, b, c) foo ORDER BY a, b, c, d LIMIT 10
                                                         QUERY PLAN                                                          
-----------------------------------------------------------------------------------------------------------------------------
 Limit  (cost=67.41..67.41 rows=1 width=20) (actual time=0.241..0.241 rows=0 loops=1)
   ->  Limit  (cost=67.12..67.31 rows=10 width=20) (actual time=0.239..0.240 rows=10 loops=1)
         ->  Incremental Sort  (cost=67.12..86.64 rows=1000 width=20) (actual time=0.239..0.239 rows=10 loops=1)
               Sort Key: s_3.a, s_3.b, s_3.c, s_3.d
               Presorted Key: s_3.a, s_3.b, s_3.c
               Sort Method: quicksort  Memory: 27kB
               Sort Groups: 1
               ->  Sort  (cost=66.83..69.33 rows=1000 width=20) (actual time=0.202..0.204 rows=33 loops=1)
                     Sort Key: s_3.a, s_3.b, s_3.c
                     Sort Method: quicksort  Memory: 103kB
                     ->  Seq Scan on s_3  (cost=0.00..17.00 rows=1000 width=20) (actual time=0.009..0.065 rows=1000 loops=1)
 Planning time: 0.220 ms
 Execution time: 0.266 ms
(13 rows)

===== 188 [Wed Mar  7 01:54:56 CET 2018] scale:1000 groups:100 work_mem:16MB incremental:on max_workers:2 =====
SELECT * FROM (SELECT * FROM s_4 ORDER BY a, b, c, d) foo ORDER BY a, b, c, d, e LIMIT 10
                                                         QUERY PLAN                                                          
-----------------------------------------------------------------------------------------------------------------------------
 Limit  (cost=67.41..67.41 rows=1 width=20) (actual time=0.236..0.236 rows=0 loops=1)
   ->  Limit  (cost=67.12..67.31 rows=10 width=20) (actual time=0.234..0.235 rows=10 loops=1)
         ->  Incremental Sort  (cost=67.12..86.64 rows=1000 width=20) (actual time=0.234..0.234 rows=10 loops=1)
               Sort Key: s_4.a, s_4.b, s_4.c, s_4.d, s_4.e
               Presorted Key: s_4.a, s_4.b, s_4.c, s_4.d
               Sort Method: quicksort  Memory: 27kB
               Sort Groups: 1
               ->  Sort  (cost=66.83..69.33 rows=1000 width=20) (actual time=0.192..0.194 rows=33 loops=1)
                     Sort Key: s_4.a, s_4.b, s_4.c, s_4.d
                     Sort Method: quicksort  Memory: 103kB
                     ->  Seq Scan on s_4  (cost=0.00..17.00 rows=1000 width=20) (actual time=0.007..0.059 rows=1000 loops=1)
 Planning time: 0.228 ms
 Execution time: 0.261 ms
(13 rows)

===== 189 [Wed Mar  7 01:54:57 CET 2018] scale:1000 groups:100 work_mem:16MB incremental:off max_workers:2 =====
SELECT * FROM (SELECT * FROM s_1 ORDER BY a) foo ORDER BY a, b LIMIT 10
                                                         QUERY PLAN                                                          
-----------------------------------------------------------------------------------------------------------------------------
 Limit  (cost=101.06..101.06 rows=1 width=20) (actual time=0.304..0.304 rows=0 loops=1)
   ->  Limit  (cost=100.94..100.96 rows=10 width=20) (actual time=0.302..0.303 rows=10 loops=1)
         ->  Sort  (cost=100.94..103.44 rows=1000 width=20) (actual time=0.302..0.302 rows=10 loops=1)
               Sort Key: s_1.a, s_1.b
               Sort Method: top-N heapsort  Memory: 26kB
               ->  Sort  (cost=66.83..69.33 rows=1000 width=20) (actual time=0.180..0.213 rows=1000 loops=1)
                     Sort Key: s_1.a
                     Sort Method: quicksort  Memory: 103kB
                     ->  Seq Scan on s_1  (cost=0.00..17.00 rows=1000 width=20) (actual time=0.007..0.063 rows=1000 loops=1)
 Planning time: 0.211 ms
 Execution time: 0.328 ms
(11 rows)

===== 190 [Wed Mar  7 01:54:57 CET 2018] scale:1000 groups:100 work_mem:16MB incremental:off max_workers:2 =====
SELECT * FROM (SELECT * FROM s_2 ORDER BY a, b) foo ORDER BY a, b, c LIMIT 10
                                                         QUERY PLAN                                                          
-----------------------------------------------------------------------------------------------------------------------------
 Limit  (cost=101.06..101.06 rows=1 width=20) (actual time=0.321..0.321 rows=0 loops=1)
   ->  Limit  (cost=100.94..100.96 rows=10 width=20) (actual time=0.319..0.320 rows=10 loops=1)
         ->  Sort  (cost=100.94..103.44 rows=1000 width=20) (actual time=0.319..0.319 rows=10 loops=1)
               Sort Key: s_2.a, s_2.b, s_2.c
               Sort Method: top-N heapsort  Memory: 25kB
               ->  Sort  (cost=66.83..69.33 rows=1000 width=20) (actual time=0.191..0.225 rows=1000 loops=1)
                     Sort Key: s_2.a, s_2.b
                     Sort Method: quicksort  Memory: 103kB
                     ->  Seq Scan on s_2  (cost=0.00..17.00 rows=1000 width=20) (actual time=0.009..0.062 rows=1000 loops=1)
 Planning time: 0.207 ms
 Execution time: 0.345 ms
(11 rows)

===== 191 [Wed Mar  7 01:54:57 CET 2018] scale:1000 groups:100 work_mem:16MB incremental:off max_workers:2 =====
SELECT * FROM (SELECT * FROM s_3 ORDER BY a, b, c) foo ORDER BY a, b, c, d LIMIT 10
                                                         QUERY PLAN                                                          
-----------------------------------------------------------------------------------------------------------------------------
 Limit  (cost=101.06..101.06 rows=1 width=20) (actual time=0.341..0.341 rows=0 loops=1)
   ->  Limit  (cost=100.94..100.96 rows=10 width=20) (actual time=0.338..0.339 rows=10 loops=1)
         ->  Sort  (cost=100.94..103.44 rows=1000 width=20) (actual time=0.338..0.338 rows=10 loops=1)
               Sort Key: s_3.a, s_3.b, s_3.c, s_3.d
               Sort Method: top-N heapsort  Memory: 25kB
               ->  Sort  (cost=66.83..69.33 rows=1000 width=20) (actual time=0.202..0.236 rows=1000 loops=1)
                     Sort Key: s_3.a, s_3.b, s_3.c
                     Sort Method: quicksort  Memory: 103kB
                     ->  Seq Scan on s_3  (cost=0.00..17.00 rows=1000 width=20) (actual time=0.009..0.065 rows=1000 loops=1)
 Planning time: 0.215 ms
 Execution time: 0.365 ms
(11 rows)

===== 192 [Wed Mar  7 01:54:57 CET 2018] scale:1000 groups:100 work_mem:16MB incremental:off max_workers:2 =====
SELECT * FROM (SELECT * FROM s_4 ORDER BY a, b, c, d) foo ORDER BY a, b, c, d, e LIMIT 10
                                                         QUERY PLAN                                                          
-----------------------------------------------------------------------------------------------------------------------------
 Limit  (cost=101.06..101.06 rows=1 width=20) (actual time=0.327..0.327 rows=0 loops=1)
   ->  Limit  (cost=100.94..100.96 rows=10 width=20) (actual time=0.325..0.326 rows=10 loops=1)
         ->  Sort  (cost=100.94..103.44 rows=1000 width=20) (actual time=0.325..0.325 rows=10 loops=1)
               Sort Key: s_4.a, s_4.b, s_4.c, s_4.d, s_4.e
               Sort Method: top-N heapsort  Memory: 25kB
               ->  Sort  (cost=66.83..69.33 rows=1000 width=20) (actual time=0.192..0.226 rows=1000 loops=1)
                     Sort Key: s_4.a, s_4.b, s_4.c, s_4.d
                     Sort Method: quicksort  Memory: 103kB
                     ->  Seq Scan on s_4  (cost=0.00..17.00 rows=1000 width=20) (actual time=0.007..0.059 rows=1000 loops=1)
 Planning time: 0.227 ms
 Execution time: 0.351 ms
(11 rows)

===== 193 [Wed Mar  7 01:54:57 CET 2018] scale:1000 groups:100 work_mem:32MB incremental:on max_workers:2 =====
SELECT * FROM (SELECT * FROM s_1 ORDER BY a) foo ORDER BY a, b LIMIT 10
                                                         QUERY PLAN                                                          
-----------------------------------------------------------------------------------------------------------------------------
 Limit  (cost=67.41..67.41 rows=1 width=20) (actual time=0.232..0.232 rows=0 loops=1)
   ->  Limit  (cost=67.12..67.31 rows=10 width=20) (actual time=0.230..0.231 rows=10 loops=1)
         ->  Incremental Sort  (cost=67.12..86.64 rows=1000 width=20) (actual time=0.230..0.230 rows=10 loops=1)
               Sort Key: s_1.a, s_1.b
               Presorted Key: s_1.a
               Sort Method: quicksort  Memory: 28kB
               Sort Groups: 1
               ->  Sort  (cost=66.83..69.33 rows=1000 width=20) (actual time=0.187..0.189 rows=46 loops=1)
                     Sort Key: s_1.a
                     Sort Method: quicksort  Memory: 103kB
                     ->  Seq Scan on s_1  (cost=0.00..17.00 rows=1000 width=20) (actual time=0.007..0.063 rows=1000 loops=1)
 Planning time: 0.219 ms
 Execution time: 0.257 ms
(13 rows)

===== 194 [Wed Mar  7 01:54:57 CET 2018] scale:1000 groups:100 work_mem:32MB incremental:on max_workers:2 =====
SELECT * FROM (SELECT * FROM s_2 ORDER BY a, b) foo ORDER BY a, b, c LIMIT 10
                                                         QUERY PLAN                                                          
-----------------------------------------------------------------------------------------------------------------------------
 Limit  (cost=67.41..67.41 rows=1 width=20) (actual time=0.229..0.229 rows=0 loops=1)
   ->  Limit  (cost=67.12..67.31 rows=10 width=20) (actual time=0.226..0.228 rows=10 loops=1)
         ->  Incremental Sort  (cost=67.12..86.64 rows=1000 width=20) (actual time=0.226..0.227 rows=10 loops=1)
               Sort Key: s_2.a, s_2.b, s_2.c
               Presorted Key: s_2.a, s_2.b
               Sort Method: quicksort  Memory: 27kB
               Sort Groups: 1
               ->  Sort  (cost=66.83..69.33 rows=1000 width=20) (actual time=0.191..0.192 rows=33 loops=1)
                     Sort Key: s_2.a, s_2.b
                     Sort Method: quicksort  Memory: 103kB
                     ->  Seq Scan on s_2  (cost=0.00..17.00 rows=1000 width=20) (actual time=0.009..0.062 rows=1000 loops=1)
 Planning time: 0.223 ms
 Execution time: 0.254 ms
(13 rows)

===== 195 [Wed Mar  7 01:54:57 CET 2018] scale:1000 groups:100 work_mem:32MB incremental:on max_workers:2 =====
SELECT * FROM (SELECT * FROM s_3 ORDER BY a, b, c) foo ORDER BY a, b, c, d LIMIT 10
                                                         QUERY PLAN                                                          
-----------------------------------------------------------------------------------------------------------------------------
 Limit  (cost=67.41..67.41 rows=1 width=20) (actual time=0.244..0.244 rows=0 loops=1)
   ->  Limit  (cost=67.12..67.31 rows=10 width=20) (actual time=0.242..0.243 rows=10 loops=1)
         ->  Incremental Sort  (cost=67.12..86.64 rows=1000 width=20) (actual time=0.242..0.242 rows=10 loops=1)
               Sort Key: s_3.a, s_3.b, s_3.c, s_3.d
               Presorted Key: s_3.a, s_3.b, s_3.c
               Sort Method: quicksort  Memory: 27kB
               Sort Groups: 1
               ->  Sort  (cost=66.83..69.33 rows=1000 width=20) (actual time=0.205..0.207 rows=33 loops=1)
                     Sort Key: s_3.a, s_3.b, s_3.c
                     Sort Method: quicksort  Memory: 103kB
                     ->  Seq Scan on s_3  (cost=0.00..17.00 rows=1000 width=20) (actual time=0.009..0.069 rows=1000 loops=1)
 Planning time: 0.222 ms
 Execution time: 0.268 ms
(13 rows)

===== 196 [Wed Mar  7 01:54:57 CET 2018] scale:1000 groups:100 work_mem:32MB incremental:on max_workers:2 =====
SELECT * FROM (SELECT * FROM s_4 ORDER BY a, b, c, d) foo ORDER BY a, b, c, d, e LIMIT 10
                                                         QUERY PLAN                                                          
-----------------------------------------------------------------------------------------------------------------------------
 Limit  (cost=67.41..67.41 rows=1 width=20) (actual time=0.236..0.236 rows=0 loops=1)
   ->  Limit  (cost=67.12..67.31 rows=10 width=20) (actual time=0.234..0.235 rows=10 loops=1)
         ->  Incremental Sort  (cost=67.12..86.64 rows=1000 width=20) (actual time=0.234..0.234 rows=10 loops=1)
               Sort Key: s_4.a, s_4.b, s_4.c, s_4.d, s_4.e
               Presorted Key: s_4.a, s_4.b, s_4.c, s_4.d
               Sort Method: quicksort  Memory: 27kB
               Sort Groups: 1
               ->  Sort  (cost=66.83..69.33 rows=1000 width=20) (actual time=0.192..0.194 rows=33 loops=1)
                     Sort Key: s_4.a, s_4.b, s_4.c, s_4.d
                     Sort Method: quicksort  Memory: 103kB
                     ->  Seq Scan on s_4  (cost=0.00..17.00 rows=1000 width=20) (actual time=0.007..0.059 rows=1000 loops=1)
 Planning time: 0.228 ms
 Execution time: 0.262 ms
(13 rows)

===== 197 [Wed Mar  7 01:54:57 CET 2018] scale:1000 groups:100 work_mem:32MB incremental:off max_workers:2 =====
SELECT * FROM (SELECT * FROM s_1 ORDER BY a) foo ORDER BY a, b LIMIT 10
                                                         QUERY PLAN                                                          
-----------------------------------------------------------------------------------------------------------------------------
 Limit  (cost=101.06..101.06 rows=1 width=20) (actual time=0.308..0.308 rows=0 loops=1)
   ->  Limit  (cost=100.94..100.96 rows=10 width=20) (actual time=0.306..0.307 rows=10 loops=1)
         ->  Sort  (cost=100.94..103.44 rows=1000 width=20) (actual time=0.305..0.306 rows=10 loops=1)
               Sort Key: s_1.a, s_1.b
               Sort Method: top-N heapsort  Memory: 26kB
               ->  Sort  (cost=66.83..69.33 rows=1000 width=20) (actual time=0.181..0.214 rows=1000 loops=1)
                     Sort Key: s_1.a
                     Sort Method: quicksort  Memory: 103kB
                     ->  Seq Scan on s_1  (cost=0.00..17.00 rows=1000 width=20) (actual time=0.007..0.062 rows=1000 loops=1)
 Planning time: 0.212 ms
 Execution time: 0.332 ms
(11 rows)

===== 198 [Wed Mar  7 01:54:57 CET 2018] scale:1000 groups:100 work_mem:32MB incremental:off max_workers:2 =====
SELECT * FROM (SELECT * FROM s_2 ORDER BY a, b) foo ORDER BY a, b, c LIMIT 10
                                                         QUERY PLAN                                                          
-----------------------------------------------------------------------------------------------------------------------------
 Limit  (cost=101.06..101.06 rows=1 width=20) (actual time=0.321..0.321 rows=0 loops=1)
   ->  Limit  (cost=100.94..100.96 rows=10 width=20) (actual time=0.319..0.320 rows=10 loops=1)
         ->  Sort  (cost=100.94..103.44 rows=1000 width=20) (actual time=0.318..0.319 rows=10 loops=1)
               Sort Key: s_2.a, s_2.b, s_2.c
               Sort Method: top-N heapsort  Memory: 25kB
               ->  Sort  (cost=66.83..69.33 rows=1000 width=20) (actual time=0.196..0.229 rows=1000 loops=1)
                     Sort Key: s_2.a, s_2.b
                     Sort Method: quicksort  Memory: 103kB
                     ->  Seq Scan on s_2  (cost=0.00..17.00 rows=1000 width=20) (actual time=0.009..0.062 rows=1000 loops=1)
 Planning time: 0.213 ms
 Execution time: 0.345 ms
(11 rows)

===== 199 [Wed Mar  7 01:54:57 CET 2018] scale:1000 groups:100 work_mem:32MB incremental:off max_workers:2 =====
SELECT * FROM (SELECT * FROM s_3 ORDER BY a, b, c) foo ORDER BY a, b, c, d LIMIT 10
                                                         QUERY PLAN                                                          
-----------------------------------------------------------------------------------------------------------------------------
 Limit  (cost=101.06..101.06 rows=1 width=20) (actual time=0.333..0.333 rows=0 loops=1)
   ->  Limit  (cost=100.94..100.96 rows=10 width=20) (actual time=0.331..0.332 rows=10 loops=1)
         ->  Sort  (cost=100.94..103.44 rows=1000 width=20) (actual time=0.331..0.331 rows=10 loops=1)
               Sort Key: s_3.a, s_3.b, s_3.c, s_3.d
               Sort Method: top-N heapsort  Memory: 25kB
               ->  Sort  (cost=66.83..69.33 rows=1000 width=20) (actual time=0.206..0.240 rows=1000 loops=1)
                     Sort Key: s_3.a, s_3.b, s_3.c
                     Sort Method: quicksort  Memory: 103kB
                     ->  Seq Scan on s_3  (cost=0.00..17.00 rows=1000 width=20) (actual time=0.009..0.065 rows=1000 loops=1)
 Planning time: 0.214 ms
 Execution time: 0.358 ms
(11 rows)

===== 200 [Wed Mar  7 01:54:57 CET 2018] scale:1000 groups:100 work_mem:32MB incremental:off max_workers:2 =====
SELECT * FROM (SELECT * FROM s_4 ORDER BY a, b, c, d) foo ORDER BY a, b, c, d, e LIMIT 10
                                                         QUERY PLAN                                                          
-----------------------------------------------------------------------------------------------------------------------------
 Limit  (cost=101.06..101.06 rows=1 width=20) (actual time=0.333..0.333 rows=0 loops=1)
   ->  Limit  (cost=100.94..100.96 rows=10 width=20) (actual time=0.331..0.332 rows=10 loops=1)
         ->  Sort  (cost=100.94..103.44 rows=1000 width=20) (actual time=0.331..0.331 rows=10 loops=1)
               Sort Key: s_4.a, s_4.b, s_4.c, s_4.d, s_4.e
               Sort Method: top-N heapsort  Memory: 25kB
               ->  Sort  (cost=66.83..69.33 rows=1000 width=20) (actual time=0.199..0.233 rows=1000 loops=1)
                     Sort Key: s_4.a, s_4.b, s_4.c, s_4.d
                     Sort Method: quicksort  Memory: 103kB
                     ->  Seq Scan on s_4  (cost=0.00..17.00 rows=1000 width=20) (actual time=0.007..0.060 rows=1000 loops=1)
 Planning time: 0.226 ms
 Execution time: 0.358 ms
(11 rows)

===== 201 [Wed Mar  7 01:54:57 CET 2018] scale:1000 groups:100 work_mem:64MB incremental:on max_workers:2 =====
SELECT * FROM (SELECT * FROM s_1 ORDER BY a) foo ORDER BY a, b LIMIT 10
                                                         QUERY PLAN                                                          
-----------------------------------------------------------------------------------------------------------------------------
 Limit  (cost=67.41..67.41 rows=1 width=20) (actual time=0.227..0.227 rows=0 loops=1)
   ->  Limit  (cost=67.12..67.31 rows=10 width=20) (actual time=0.225..0.226 rows=10 loops=1)
         ->  Incremental Sort  (cost=67.12..86.64 rows=1000 width=20) (actual time=0.225..0.225 rows=10 loops=1)
               Sort Key: s_1.a, s_1.b
               Presorted Key: s_1.a
               Sort Method: quicksort  Memory: 28kB
               Sort Groups: 1
               ->  Sort  (cost=66.83..69.33 rows=1000 width=20) (actual time=0.181..0.183 rows=46 loops=1)
                     Sort Key: s_1.a
                     Sort Method: quicksort  Memory: 103kB
                     ->  Seq Scan on s_1  (cost=0.00..17.00 rows=1000 width=20) (actual time=0.007..0.063 rows=1000 loops=1)
 Planning time: 0.217 ms
 Execution time: 0.254 ms
(13 rows)

===== 202 [Wed Mar  7 01:54:57 CET 2018] scale:1000 groups:100 work_mem:64MB incremental:on max_workers:2 =====
SELECT * FROM (SELECT * FROM s_2 ORDER BY a, b) foo ORDER BY a, b, c LIMIT 10
                                                         QUERY PLAN                                                          
-----------------------------------------------------------------------------------------------------------------------------
 Limit  (cost=67.41..67.41 rows=1 width=20) (actual time=0.230..0.230 rows=0 loops=1)
   ->  Limit  (cost=67.12..67.31 rows=10 width=20) (actual time=0.228..0.229 rows=10 loops=1)
         ->  Incremental Sort  (cost=67.12..86.64 rows=1000 width=20) (actual time=0.228..0.228 rows=10 loops=1)
               Sort Key: s_2.a, s_2.b, s_2.c
               Presorted Key: s_2.a, s_2.b
               Sort Method: quicksort  Memory: 27kB
               Sort Groups: 1
               ->  Sort  (cost=66.83..69.33 rows=1000 width=20) (actual time=0.192..0.193 rows=33 loops=1)
                     Sort Key: s_2.a, s_2.b
                     Sort Method: quicksort  Memory: 103kB
                     ->  Seq Scan on s_2  (cost=0.00..17.00 rows=1000 width=20) (actual time=0.009..0.062 rows=1000 loops=1)
 Planning time: 0.219 ms
 Execution time: 0.255 ms
(13 rows)

===== 203 [Wed Mar  7 01:54:58 CET 2018] scale:1000 groups:100 work_mem:64MB incremental:on max_workers:2 =====
SELECT * FROM (SELECT * FROM s_3 ORDER BY a, b, c) foo ORDER BY a, b, c, d LIMIT 10
                                                         QUERY PLAN                                                          
-----------------------------------------------------------------------------------------------------------------------------
 Limit  (cost=67.41..67.41 rows=1 width=20) (actual time=0.242..0.242 rows=0 loops=1)
   ->  Limit  (cost=67.12..67.31 rows=10 width=20) (actual time=0.240..0.241 rows=10 loops=1)
         ->  Incremental Sort  (cost=67.12..86.64 rows=1000 width=20) (actual time=0.240..0.240 rows=10 loops=1)
               Sort Key: s_3.a, s_3.b, s_3.c, s_3.d
               Presorted Key: s_3.a, s_3.b, s_3.c
               Sort Method: quicksort  Memory: 27kB
               Sort Groups: 1
               ->  Sort  (cost=66.83..69.33 rows=1000 width=20) (actual time=0.203..0.205 rows=33 loops=1)
                     Sort Key: s_3.a, s_3.b, s_3.c
                     Sort Method: quicksort  Memory: 103kB
                     ->  Seq Scan on s_3  (cost=0.00..17.00 rows=1000 width=20) (actual time=0.009..0.065 rows=1000 loops=1)
 Planning time: 0.226 ms
 Execution time: 0.266 ms
(13 rows)

===== 204 [Wed Mar  7 01:54:58 CET 2018] scale:1000 groups:100 work_mem:64MB incremental:on max_workers:2 =====
SELECT * FROM (SELECT * FROM s_4 ORDER BY a, b, c, d) foo ORDER BY a, b, c, d, e LIMIT 10
                                                         QUERY PLAN                                                          
-----------------------------------------------------------------------------------------------------------------------------
 Limit  (cost=67.41..67.41 rows=1 width=20) (actual time=0.239..0.239 rows=0 loops=1)
   ->  Limit  (cost=67.12..67.31 rows=10 width=20) (actual time=0.236..0.237 rows=10 loops=1)
         ->  Incremental Sort  (cost=67.12..86.64 rows=1000 width=20) (actual time=0.236..0.236 rows=10 loops=1)
               Sort Key: s_4.a, s_4.b, s_4.c, s_4.d, s_4.e
               Presorted Key: s_4.a, s_4.b, s_4.c, s_4.d
               Sort Method: quicksort  Memory: 27kB
               Sort Groups: 1
               ->  Sort  (cost=66.83..69.33 rows=1000 width=20) (actual time=0.193..0.195 rows=33 loops=1)
                     Sort Key: s_4.a, s_4.b, s_4.c, s_4.d
                     Sort Method: quicksort  Memory: 103kB
                     ->  Seq Scan on s_4  (cost=0.00..17.00 rows=1000 width=20) (actual time=0.007..0.059 rows=1000 loops=1)
 Planning time: 0.227 ms
 Execution time: 0.263 ms
(13 rows)

===== 205 [Wed Mar  7 01:54:58 CET 2018] scale:1000 groups:100 work_mem:64MB incremental:off max_workers:2 =====
SELECT * FROM (SELECT * FROM s_1 ORDER BY a) foo ORDER BY a, b LIMIT 10
                                                         QUERY PLAN                                                          
-----------------------------------------------------------------------------------------------------------------------------
 Limit  (cost=101.06..101.06 rows=1 width=20) (actual time=0.310..0.310 rows=0 loops=1)
   ->  Limit  (cost=100.94..100.96 rows=10 width=20) (actual time=0.308..0.309 rows=10 loops=1)
         ->  Sort  (cost=100.94..103.44 rows=1000 width=20) (actual time=0.308..0.308 rows=10 loops=1)
               Sort Key: s_1.a, s_1.b
               Sort Method: top-N heapsort  Memory: 26kB
               ->  Sort  (cost=66.83..69.33 rows=1000 width=20) (actual time=0.181..0.214 rows=1000 loops=1)
                     Sort Key: s_1.a
                     Sort Method: quicksort  Memory: 103kB
                     ->  Seq Scan on s_1  (cost=0.00..17.00 rows=1000 width=20) (actual time=0.007..0.063 rows=1000 loops=1)
 Planning time: 0.213 ms
 Execution time: 0.335 ms
(11 rows)

===== 206 [Wed Mar  7 01:54:58 CET 2018] scale:1000 groups:100 work_mem:64MB incremental:off max_workers:2 =====
SELECT * FROM (SELECT * FROM s_2 ORDER BY a, b) foo ORDER BY a, b, c LIMIT 10
                                                         QUERY PLAN                                                          
-----------------------------------------------------------------------------------------------------------------------------
 Limit  (cost=101.06..101.06 rows=1 width=20) (actual time=0.317..0.317 rows=0 loops=1)
   ->  Limit  (cost=100.94..100.96 rows=10 width=20) (actual time=0.315..0.316 rows=10 loops=1)
         ->  Sort  (cost=100.94..103.44 rows=1000 width=20) (actual time=0.315..0.315 rows=10 loops=1)
               Sort Key: s_2.a, s_2.b, s_2.c
               Sort Method: top-N heapsort  Memory: 25kB
               ->  Sort  (cost=66.83..69.33 rows=1000 width=20) (actual time=0.192..0.226 rows=1000 loops=1)
                     Sort Key: s_2.a, s_2.b
                     Sort Method: quicksort  Memory: 103kB
                     ->  Seq Scan on s_2  (cost=0.00..17.00 rows=1000 width=20) (actual time=0.009..0.062 rows=1000 loops=1)
 Planning time: 0.218 ms
 Execution time: 0.342 ms
(11 rows)

===== 207 [Wed Mar  7 01:54:58 CET 2018] scale:1000 groups:100 work_mem:64MB incremental:off max_workers:2 =====
SELECT * FROM (SELECT * FROM s_3 ORDER BY a, b, c) foo ORDER BY a, b, c, d LIMIT 10
                                                         QUERY PLAN                                                          
-----------------------------------------------------------------------------------------------------------------------------
 Limit  (cost=101.06..101.06 rows=1 width=20) (actual time=0.330..0.330 rows=0 loops=1)
   ->  Limit  (cost=100.94..100.96 rows=10 width=20) (actual time=0.328..0.329 rows=10 loops=1)
         ->  Sort  (cost=100.94..103.44 rows=1000 width=20) (actual time=0.328..0.328 rows=10 loops=1)
               Sort Key: s_3.a, s_3.b, s_3.c, s_3.d
               Sort Method: top-N heapsort  Memory: 25kB
               ->  Sort  (cost=66.83..69.33 rows=1000 width=20) (actual time=0.201..0.234 rows=1000 loops=1)
                     Sort Key: s_3.a, s_3.b, s_3.c
                     Sort Method: quicksort  Memory: 103kB
                     ->  Seq Scan on s_3  (cost=0.00..17.00 rows=1000 width=20) (actual time=0.009..0.065 rows=1000 loops=1)
 Planning time: 0.212 ms
 Execution time: 0.354 ms
(11 rows)

===== 208 [Wed Mar  7 01:54:58 CET 2018] scale:1000 groups:100 work_mem:64MB incremental:off max_workers:2 =====
SELECT * FROM (SELECT * FROM s_4 ORDER BY a, b, c, d) foo ORDER BY a, b, c, d, e LIMIT 10
                                                         QUERY PLAN                                                          
-----------------------------------------------------------------------------------------------------------------------------
 Limit  (cost=101.06..101.06 rows=1 width=20) (actual time=0.331..0.331 rows=0 loops=1)
   ->  Limit  (cost=100.94..100.96 rows=10 width=20) (actual time=0.328..0.330 rows=10 loops=1)
         ->  Sort  (cost=100.94..103.44 rows=1000 width=20) (actual time=0.328..0.329 rows=10 loops=1)
               Sort Key: s_4.a, s_4.b, s_4.c, s_4.d, s_4.e
               Sort Method: top-N heapsort  Memory: 25kB
               ->  Sort  (cost=66.83..69.33 rows=1000 width=20) (actual time=0.189..0.224 rows=1000 loops=1)
                     Sort Key: s_4.a, s_4.b, s_4.c, s_4.d
                     Sort Method: quicksort  Memory: 103kB
                     ->  Seq Scan on s_4  (cost=0.00..17.00 rows=1000 width=20) (actual time=0.007..0.059 rows=1000 loops=1)
 Planning time: 0.219 ms
 Execution time: 0.356 ms
(11 rows)

===== 209 [Wed Mar  7 01:54:58 CET 2018] scale:1000 groups:100 work_mem:128MB incremental:on max_workers:2 =====
SELECT * FROM (SELECT * FROM s_1 ORDER BY a) foo ORDER BY a, b LIMIT 10
                                                         QUERY PLAN                                                          
-----------------------------------------------------------------------------------------------------------------------------
 Limit  (cost=67.41..67.41 rows=1 width=20) (actual time=0.227..0.227 rows=0 loops=1)
   ->  Limit  (cost=67.12..67.31 rows=10 width=20) (actual time=0.225..0.226 rows=10 loops=1)
         ->  Incremental Sort  (cost=67.12..86.64 rows=1000 width=20) (actual time=0.225..0.225 rows=10 loops=1)
               Sort Key: s_1.a, s_1.b
               Presorted Key: s_1.a
               Sort Method: quicksort  Memory: 28kB
               Sort Groups: 1
               ->  Sort  (cost=66.83..69.33 rows=1000 width=20) (actual time=0.181..0.183 rows=46 loops=1)
                     Sort Key: s_1.a
                     Sort Method: quicksort  Memory: 103kB
                     ->  Seq Scan on s_1  (cost=0.00..17.00 rows=1000 width=20) (actual time=0.007..0.062 rows=1000 loops=1)
 Planning time: 0.220 ms
 Execution time: 0.253 ms
(13 rows)

===== 210 [Wed Mar  7 01:54:58 CET 2018] scale:1000 groups:100 work_mem:128MB incremental:on max_workers:2 =====
SELECT * FROM (SELECT * FROM s_2 ORDER BY a, b) foo ORDER BY a, b, c LIMIT 10
                                                         QUERY PLAN                                                          
-----------------------------------------------------------------------------------------------------------------------------
 Limit  (cost=67.41..67.41 rows=1 width=20) (actual time=0.229..0.229 rows=0 loops=1)
   ->  Limit  (cost=67.12..67.31 rows=10 width=20) (actual time=0.226..0.227 rows=10 loops=1)
         ->  Incremental Sort  (cost=67.12..86.64 rows=1000 width=20) (actual time=0.226..0.226 rows=10 loops=1)
               Sort Key: s_2.a, s_2.b, s_2.c
               Presorted Key: s_2.a, s_2.b
               Sort Method: quicksort  Memory: 27kB
               Sort Groups: 1
               ->  Sort  (cost=66.83..69.33 rows=1000 width=20) (actual time=0.190..0.191 rows=33 loops=1)
                     Sort Key: s_2.a, s_2.b
                     Sort Method: quicksort  Memory: 103kB
                     ->  Seq Scan on s_2  (cost=0.00..17.00 rows=1000 width=20) (actual time=0.009..0.063 rows=1000 loops=1)
 Planning time: 0.226 ms
 Execution time: 0.253 ms
(13 rows)

===== 211 [Wed Mar  7 01:54:58 CET 2018] scale:1000 groups:100 work_mem:128MB incremental:on max_workers:2 =====
SELECT * FROM (SELECT * FROM s_3 ORDER BY a, b, c) foo ORDER BY a, b, c, d LIMIT 10
                                                         QUERY PLAN                                                          
-----------------------------------------------------------------------------------------------------------------------------
 Limit  (cost=67.41..67.41 rows=1 width=20) (actual time=0.244..0.244 rows=0 loops=1)
   ->  Limit  (cost=67.12..67.31 rows=10 width=20) (actual time=0.242..0.243 rows=10 loops=1)
         ->  Incremental Sort  (cost=67.12..86.64 rows=1000 width=20) (actual time=0.242..0.242 rows=10 loops=1)
               Sort Key: s_3.a, s_3.b, s_3.c, s_3.d
               Presorted Key: s_3.a, s_3.b, s_3.c
               Sort Method: quicksort  Memory: 27kB
               Sort Groups: 1
               ->  Sort  (cost=66.83..69.33 rows=1000 width=20) (actual time=0.202..0.203 rows=33 loops=1)
                     Sort Key: s_3.a, s_3.b, s_3.c
                     Sort Method: quicksort  Memory: 103kB
                     ->  Seq Scan on s_3  (cost=0.00..17.00 rows=1000 width=20) (actual time=0.009..0.065 rows=1000 loops=1)
 Planning time: 0.223 ms
 Execution time: 0.269 ms
(13 rows)

===== 212 [Wed Mar  7 01:54:58 CET 2018] scale:1000 groups:100 work_mem:128MB incremental:on max_workers:2 =====
SELECT * FROM (SELECT * FROM s_4 ORDER BY a, b, c, d) foo ORDER BY a, b, c, d, e LIMIT 10
                                                         QUERY PLAN                                                          
-----------------------------------------------------------------------------------------------------------------------------
 Limit  (cost=67.41..67.41 rows=1 width=20) (actual time=0.243..0.243 rows=0 loops=1)
   ->  Limit  (cost=67.12..67.31 rows=10 width=20) (actual time=0.241..0.242 rows=10 loops=1)
         ->  Incremental Sort  (cost=67.12..86.64 rows=1000 width=20) (actual time=0.240..0.241 rows=10 loops=1)
               Sort Key: s_4.a, s_4.b, s_4.c, s_4.d, s_4.e
               Presorted Key: s_4.a, s_4.b, s_4.c, s_4.d
               Sort Method: quicksort  Memory: 27kB
               Sort Groups: 1
               ->  Sort  (cost=66.83..69.33 rows=1000 width=20) (actual time=0.192..0.194 rows=33 loops=1)
                     Sort Key: s_4.a, s_4.b, s_4.c, s_4.d
                     Sort Method: quicksort  Memory: 103kB
                     ->  Seq Scan on s_4  (cost=0.00..17.00 rows=1000 width=20) (actual time=0.007..0.059 rows=1000 loops=1)
 Planning time: 0.231 ms
 Execution time: 0.267 ms
(13 rows)

===== 213 [Wed Mar  7 01:54:58 CET 2018] scale:1000 groups:100 work_mem:128MB incremental:off max_workers:2 =====
SELECT * FROM (SELECT * FROM s_1 ORDER BY a) foo ORDER BY a, b LIMIT 10
                                                         QUERY PLAN                                                          
-----------------------------------------------------------------------------------------------------------------------------
 Limit  (cost=101.06..101.06 rows=1 width=20) (actual time=0.312..0.312 rows=0 loops=1)
   ->  Limit  (cost=100.94..100.96 rows=10 width=20) (actual time=0.310..0.311 rows=10 loops=1)
         ->  Sort  (cost=100.94..103.44 rows=1000 width=20) (actual time=0.310..0.310 rows=10 loops=1)
               Sort Key: s_1.a, s_1.b
               Sort Method: top-N heapsort  Memory: 26kB
               ->  Sort  (cost=66.83..69.33 rows=1000 width=20) (actual time=0.188..0.221 rows=1000 loops=1)
                     Sort Key: s_1.a
                     Sort Method: quicksort  Memory: 103kB
                     ->  Seq Scan on s_1  (cost=0.00..17.00 rows=1000 width=20) (actual time=0.007..0.063 rows=1000 loops=1)
 Planning time: 0.212 ms
 Execution time: 0.337 ms
(11 rows)

===== 214 [Wed Mar  7 01:54:58 CET 2018] scale:1000 groups:100 work_mem:128MB incremental:off max_workers:2 =====
SELECT * FROM (SELECT * FROM s_2 ORDER BY a, b) foo ORDER BY a, b, c LIMIT 10
                                                         QUERY PLAN                                                          
-----------------------------------------------------------------------------------------------------------------------------
 Limit  (cost=101.06..101.06 rows=1 width=20) (actual time=0.318..0.318 rows=0 loops=1)
   ->  Limit  (cost=100.94..100.96 rows=10 width=20) (actual time=0.315..0.317 rows=10 loops=1)
         ->  Sort  (cost=100.94..103.44 rows=1000 width=20) (actual time=0.315..0.316 rows=10 loops=1)
               Sort Key: s_2.a, s_2.b, s_2.c
               Sort Method: top-N heapsort  Memory: 25kB
               ->  Sort  (cost=66.83..69.33 rows=1000 width=20) (actual time=0.189..0.222 rows=1000 loops=1)
                     Sort Key: s_2.a, s_2.b
                     Sort Method: quicksort  Memory: 103kB
                     ->  Seq Scan on s_2  (cost=0.00..17.00 rows=1000 width=20) (actual time=0.009..0.062 rows=1000 loops=1)
 Planning time: 0.212 ms
 Execution time: 0.346 ms
(11 rows)

===== 215 [Wed Mar  7 01:54:58 CET 2018] scale:1000 groups:100 work_mem:128MB incremental:off max_workers:2 =====
SELECT * FROM (SELECT * FROM s_3 ORDER BY a, b, c) foo ORDER BY a, b, c, d LIMIT 10
                                                         QUERY PLAN                                                          
-----------------------------------------------------------------------------------------------------------------------------
 Limit  (cost=101.06..101.06 rows=1 width=20) (actual time=0.340..0.340 rows=0 loops=1)
   ->  Limit  (cost=100.94..100.96 rows=10 width=20) (actual time=0.338..0.339 rows=10 loops=1)
         ->  Sort  (cost=100.94..103.44 rows=1000 width=20) (actual time=0.338..0.338 rows=10 loops=1)
               Sort Key: s_3.a, s_3.b, s_3.c, s_3.d
               Sort Method: top-N heapsort  Memory: 25kB
               ->  Sort  (cost=66.83..69.33 rows=1000 width=20) (actual time=0.208..0.242 rows=1000 loops=1)
                     Sort Key: s_3.a, s_3.b, s_3.c
                     Sort Method: quicksort  Memory: 103kB
                     ->  Seq Scan on s_3  (cost=0.00..17.00 rows=1000 width=20) (actual time=0.009..0.070 rows=1000 loops=1)
 Planning time: 0.215 ms
 Execution time: 0.364 ms
(11 rows)

===== 216 [Wed Mar  7 01:54:58 CET 2018] scale:1000 groups:100 work_mem:128MB incremental:off max_workers:2 =====
SELECT * FROM (SELECT * FROM s_4 ORDER BY a, b, c, d) foo ORDER BY a, b, c, d, e LIMIT 10
                                                         QUERY PLAN                                                          
-----------------------------------------------------------------------------------------------------------------------------
 Limit  (cost=101.06..101.06 rows=1 width=20) (actual time=0.326..0.326 rows=0 loops=1)
   ->  Limit  (cost=100.94..100.96 rows=10 width=20) (actual time=0.323..0.324 rows=10 loops=1)
         ->  Sort  (cost=100.94..103.44 rows=1000 width=20) (actual time=0.323..0.323 rows=10 loops=1)
               Sort Key: s_4.a, s_4.b, s_4.c, s_4.d, s_4.e
               Sort Method: top-N heapsort  Memory: 25kB
               ->  Sort  (cost=66.83..69.33 rows=1000 width=20) (actual time=0.192..0.226 rows=1000 loops=1)
                     Sort Key: s_4.a, s_4.b, s_4.c, s_4.d
                     Sort Method: quicksort  Memory: 103kB
                     ->  Seq Scan on s_4  (cost=0.00..17.00 rows=1000 width=20) (actual time=0.007..0.059 rows=1000 loops=1)
 Planning time: 0.227 ms
 Execution time: 0.351 ms
(11 rows)

===== 217 [Wed Mar  7 01:54:59 CET 2018] scale:1000 groups:100 work_mem:256MB incremental:on max_workers:2 =====
SELECT * FROM (SELECT * FROM s_1 ORDER BY a) foo ORDER BY a, b LIMIT 10
                                                         QUERY PLAN                                                          
-----------------------------------------------------------------------------------------------------------------------------
 Limit  (cost=67.41..67.41 rows=1 width=20) (actual time=0.233..0.233 rows=0 loops=1)
   ->  Limit  (cost=67.12..67.31 rows=10 width=20) (actual time=0.231..0.232 rows=10 loops=1)
         ->  Incremental Sort  (cost=67.12..86.64 rows=1000 width=20) (actual time=0.231..0.231 rows=10 loops=1)
               Sort Key: s_1.a, s_1.b
               Presorted Key: s_1.a
               Sort Method: quicksort  Memory: 28kB
               Sort Groups: 1
               ->  Sort  (cost=66.83..69.33 rows=1000 width=20) (actual time=0.188..0.190 rows=46 loops=1)
                     Sort Key: s_1.a
                     Sort Method: quicksort  Memory: 103kB
                     ->  Seq Scan on s_1  (cost=0.00..17.00 rows=1000 width=20) (actual time=0.007..0.063 rows=1000 loops=1)
 Planning time: 0.220 ms
 Execution time: 0.258 ms
(13 rows)

===== 218 [Wed Mar  7 01:54:59 CET 2018] scale:1000 groups:100 work_mem:256MB incremental:on max_workers:2 =====
SELECT * FROM (SELECT * FROM s_2 ORDER BY a, b) foo ORDER BY a, b, c LIMIT 10
                                                         QUERY PLAN                                                          
-----------------------------------------------------------------------------------------------------------------------------
 Limit  (cost=67.41..67.41 rows=1 width=20) (actual time=0.229..0.229 rows=0 loops=1)
   ->  Limit  (cost=67.12..67.31 rows=10 width=20) (actual time=0.227..0.228 rows=10 loops=1)
         ->  Incremental Sort  (cost=67.12..86.64 rows=1000 width=20) (actual time=0.226..0.227 rows=10 loops=1)
               Sort Key: s_2.a, s_2.b, s_2.c
               Presorted Key: s_2.a, s_2.b
               Sort Method: quicksort  Memory: 27kB
               Sort Groups: 1
               ->  Sort  (cost=66.83..69.33 rows=1000 width=20) (actual time=0.191..0.192 rows=33 loops=1)
                     Sort Key: s_2.a, s_2.b
                     Sort Method: quicksort  Memory: 103kB
                     ->  Seq Scan on s_2  (cost=0.00..17.00 rows=1000 width=20) (actual time=0.009..0.062 rows=1000 loops=1)
 Planning time: 0.218 ms
 Execution time: 0.253 ms
(13 rows)

===== 219 [Wed Mar  7 01:54:59 CET 2018] scale:1000 groups:100 work_mem:256MB incremental:on max_workers:2 =====
SELECT * FROM (SELECT * FROM s_3 ORDER BY a, b, c) foo ORDER BY a, b, c, d LIMIT 10
                                                         QUERY PLAN                                                          
-----------------------------------------------------------------------------------------------------------------------------
 Limit  (cost=67.41..67.41 rows=1 width=20) (actual time=0.238..0.238 rows=0 loops=1)
   ->  Limit  (cost=67.12..67.31 rows=10 width=20) (actual time=0.236..0.237 rows=10 loops=1)
         ->  Incremental Sort  (cost=67.12..86.64 rows=1000 width=20) (actual time=0.235..0.236 rows=10 loops=1)
               Sort Key: s_3.a, s_3.b, s_3.c, s_3.d
               Presorted Key: s_3.a, s_3.b, s_3.c
               Sort Method: quicksort  Memory: 27kB
               Sort Groups: 1
               ->  Sort  (cost=66.83..69.33 rows=1000 width=20) (actual time=0.200..0.201 rows=33 loops=1)
                     Sort Key: s_3.a, s_3.b, s_3.c
                     Sort Method: quicksort  Memory: 103kB
                     ->  Seq Scan on s_3  (cost=0.00..17.00 rows=1000 width=20) (actual time=0.009..0.065 rows=1000 loops=1)
 Planning time: 0.221 ms
 Execution time: 0.262 ms
(13 rows)

===== 220 [Wed Mar  7 01:54:59 CET 2018] scale:1000 groups:100 work_mem:256MB incremental:on max_workers:2 =====
SELECT * FROM (SELECT * FROM s_4 ORDER BY a, b, c, d) foo ORDER BY a, b, c, d, e LIMIT 10
                                                         QUERY PLAN                                                          
-----------------------------------------------------------------------------------------------------------------------------
 Limit  (cost=67.41..67.41 rows=1 width=20) (actual time=0.236..0.236 rows=0 loops=1)
   ->  Limit  (cost=67.12..67.31 rows=10 width=20) (actual time=0.234..0.235 rows=10 loops=1)
         ->  Incremental Sort  (cost=67.12..86.64 rows=1000 width=20) (actual time=0.233..0.234 rows=10 loops=1)
               Sort Key: s_4.a, s_4.b, s_4.c, s_4.d, s_4.e
               Presorted Key: s_4.a, s_4.b, s_4.c, s_4.d
               Sort Method: quicksort  Memory: 27kB
               Sort Groups: 1
               ->  Sort  (cost=66.83..69.33 rows=1000 width=20) (actual time=0.192..0.194 rows=33 loops=1)
                     Sort Key: s_4.a, s_4.b, s_4.c, s_4.d
                     Sort Method: quicksort  Memory: 103kB
                     ->  Seq Scan on s_4  (cost=0.00..17.00 rows=1000 width=20) (actual time=0.007..0.060 rows=1000 loops=1)
 Planning time: 0.229 ms
 Execution time: 0.260 ms
(13 rows)

===== 221 [Wed Mar  7 01:54:59 CET 2018] scale:1000 groups:100 work_mem:256MB incremental:off max_workers:2 =====
SELECT * FROM (SELECT * FROM s_1 ORDER BY a) foo ORDER BY a, b LIMIT 10
                                                         QUERY PLAN                                                          
-----------------------------------------------------------------------------------------------------------------------------
 Limit  (cost=101.06..101.06 rows=1 width=20) (actual time=0.305..0.305 rows=0 loops=1)
   ->  Limit  (cost=100.94..100.96 rows=10 width=20) (actual time=0.303..0.304 rows=10 loops=1)
         ->  Sort  (cost=100.94..103.44 rows=1000 width=20) (actual time=0.302..0.303 rows=10 loops=1)
               Sort Key: s_1.a, s_1.b
               Sort Method: top-N heapsort  Memory: 26kB
               ->  Sort  (cost=66.83..69.33 rows=1000 width=20) (actual time=0.180..0.214 rows=1000 loops=1)
                     Sort Key: s_1.a
                     Sort Method: quicksort  Memory: 103kB
                     ->  Seq Scan on s_1  (cost=0.00..17.00 rows=1000 width=20) (actual time=0.007..0.062 rows=1000 loops=1)
 Planning time: 0.213 ms
 Execution time: 0.329 ms
(11 rows)

===== 222 [Wed Mar  7 01:54:59 CET 2018] scale:1000 groups:100 work_mem:256MB incremental:off max_workers:2 =====
SELECT * FROM (SELECT * FROM s_2 ORDER BY a, b) foo ORDER BY a, b, c LIMIT 10
                                                         QUERY PLAN                                                          
-----------------------------------------------------------------------------------------------------------------------------
 Limit  (cost=101.06..101.06 rows=1 width=20) (actual time=0.314..0.314 rows=0 loops=1)
   ->  Limit  (cost=100.94..100.96 rows=10 width=20) (actual time=0.312..0.313 rows=10 loops=1)
         ->  Sort  (cost=100.94..103.44 rows=1000 width=20) (actual time=0.312..0.312 rows=10 loops=1)
               Sort Key: s_2.a, s_2.b, s_2.c
               Sort Method: top-N heapsort  Memory: 25kB
               ->  Sort  (cost=66.83..69.33 rows=1000 width=20) (actual time=0.190..0.224 rows=1000 loops=1)
                     Sort Key: s_2.a, s_2.b
                     Sort Method: quicksort  Memory: 103kB
                     ->  Seq Scan on s_2  (cost=0.00..17.00 rows=1000 width=20) (actual time=0.009..0.062 rows=1000 loops=1)
 Planning time: 0.212 ms
 Execution time: 0.338 ms
(11 rows)

===== 223 [Wed Mar  7 01:54:59 CET 2018] scale:1000 groups:100 work_mem:256MB incremental:off max_workers:2 =====
SELECT * FROM (SELECT * FROM s_3 ORDER BY a, b, c) foo ORDER BY a, b, c, d LIMIT 10
                                                         QUERY PLAN                                                          
-----------------------------------------------------------------------------------------------------------------------------
 Limit  (cost=101.06..101.06 rows=1 width=20) (actual time=0.331..0.331 rows=0 loops=1)
   ->  Limit  (cost=100.94..100.96 rows=10 width=20) (actual time=0.329..0.330 rows=10 loops=1)
         ->  Sort  (cost=100.94..103.44 rows=1000 width=20) (actual time=0.328..0.329 rows=10 loops=1)
               Sort Key: s_3.a, s_3.b, s_3.c, s_3.d
               Sort Method: top-N heapsort  Memory: 25kB
               ->  Sort  (cost=66.83..69.33 rows=1000 width=20) (actual time=0.201..0.235 rows=1000 loops=1)
                     Sort Key: s_3.a, s_3.b, s_3.c
                     Sort Method: quicksort  Memory: 103kB
                     ->  Seq Scan on s_3  (cost=0.00..17.00 rows=1000 width=20) (actual time=0.009..0.065 rows=1000 loops=1)
 Planning time: 0.220 ms
 Execution time: 0.355 ms
(11 rows)

===== 224 [Wed Mar  7 01:54:59 CET 2018] scale:1000 groups:100 work_mem:256MB incremental:off max_workers:2 =====
SELECT * FROM (SELECT * FROM s_4 ORDER BY a, b, c, d) foo ORDER BY a, b, c, d, e LIMIT 10
                                                         QUERY PLAN                                                          
-----------------------------------------------------------------------------------------------------------------------------
 Limit  (cost=101.06..101.06 rows=1 width=20) (actual time=0.332..0.332 rows=0 loops=1)
   ->  Limit  (cost=100.94..100.96 rows=10 width=20) (actual time=0.330..0.331 rows=10 loops=1)
         ->  Sort  (cost=100.94..103.44 rows=1000 width=20) (actual time=0.330..0.330 rows=10 loops=1)
               Sort Key: s_4.a, s_4.b, s_4.c, s_4.d, s_4.e
               Sort Method: top-N heapsort  Memory: 25kB
               ->  Sort  (cost=66.83..69.33 rows=1000 width=20) (actual time=0.199..0.233 rows=1000 loops=1)
                     Sort Key: s_4.a, s_4.b, s_4.c, s_4.d
                     Sort Method: quicksort  Memory: 103kB
                     ->  Seq Scan on s_4  (cost=0.00..17.00 rows=1000 width=20) (actual time=0.007..0.060 rows=1000 loops=1)
 Planning time: 0.223 ms
 Execution time: 0.357 ms
(11 rows)

===== 225 [Wed Mar  7 01:55:00 CET 2018] scale:1000 groups:1000 work_mem:4MB incremental:on max_workers:0 =====
SELECT * FROM (SELECT * FROM s_1 ORDER BY a) foo ORDER BY a, b LIMIT 10
                                                         QUERY PLAN                                                          
-----------------------------------------------------------------------------------------------------------------------------
 Limit  (cost=67.26..67.26 rows=1 width=20) (actual time=0.225..0.225 rows=0 loops=1)
   ->  Limit  (cost=66.86..67.16 rows=10 width=20) (actual time=0.223..0.224 rows=10 loops=1)
         ->  Incremental Sort  (cost=66.86..97.08 rows=1000 width=20) (actual time=0.222..0.223 rows=10 loops=1)
               Sort Key: s_1.a, s_1.b
               Presorted Key: s_1.a
               Sort Method: quicksort  Memory: 27kB
               Sort Groups: 1
               ->  Sort  (cost=66.83..69.33 rows=1000 width=20) (actual time=0.182..0.183 rows=34 loops=1)
                     Sort Key: s_1.a
                     Sort Method: quicksort  Memory: 103kB
                     ->  Seq Scan on s_1  (cost=0.00..17.00 rows=1000 width=20) (actual time=0.004..0.063 rows=1000 loops=1)
 Planning time: 0.227 ms
 Execution time: 0.252 ms
(13 rows)

===== 226 [Wed Mar  7 01:55:00 CET 2018] scale:1000 groups:1000 work_mem:4MB incremental:on max_workers:0 =====
SELECT * FROM (SELECT * FROM s_2 ORDER BY a, b) foo ORDER BY a, b, c LIMIT 10
                                                         QUERY PLAN                                                          
-----------------------------------------------------------------------------------------------------------------------------
 Limit  (cost=67.26..67.26 rows=1 width=20) (actual time=0.231..0.231 rows=0 loops=1)
   ->  Limit  (cost=66.86..67.16 rows=10 width=20) (actual time=0.229..0.230 rows=10 loops=1)
         ->  Incremental Sort  (cost=66.86..97.08 rows=1000 width=20) (actual time=0.228..0.229 rows=10 loops=1)
               Sort Key: s_2.a, s_2.b, s_2.c
               Presorted Key: s_2.a, s_2.b
               Sort Method: quicksort  Memory: 27kB
               Sort Groups: 1
               ->  Sort  (cost=66.83..69.33 rows=1000 width=20) (actual time=0.189..0.190 rows=33 loops=1)
                     Sort Key: s_2.a, s_2.b
                     Sort Method: quicksort  Memory: 103kB
                     ->  Seq Scan on s_2  (cost=0.00..17.00 rows=1000 width=20) (actual time=0.009..0.063 rows=1000 loops=1)
 Planning time: 0.224 ms
 Execution time: 0.255 ms
(13 rows)

===== 227 [Wed Mar  7 01:55:00 CET 2018] scale:1000 groups:1000 work_mem:4MB incremental:on max_workers:0 =====
SELECT * FROM (SELECT * FROM s_3 ORDER BY a, b, c) foo ORDER BY a, b, c, d LIMIT 10
                                                         QUERY PLAN                                                          
-----------------------------------------------------------------------------------------------------------------------------
 Limit  (cost=67.26..67.26 rows=1 width=20) (actual time=0.237..0.237 rows=0 loops=1)
   ->  Limit  (cost=66.86..67.16 rows=10 width=20) (actual time=0.234..0.235 rows=10 loops=1)
         ->  Incremental Sort  (cost=66.86..97.26 rows=1000 width=20) (actual time=0.234..0.234 rows=10 loops=1)
               Sort Key: s_3.a, s_3.b, s_3.c, s_3.d
               Presorted Key: s_3.a, s_3.b, s_3.c
               Sort Method: quicksort  Memory: 27kB
               Sort Groups: 1
               ->  Sort  (cost=66.83..69.33 rows=1000 width=20) (actual time=0.196..0.197 rows=33 loops=1)
                     Sort Key: s_3.a, s_3.b, s_3.c
                     Sort Method: quicksort  Memory: 103kB
                     ->  Seq Scan on s_3  (cost=0.00..17.00 rows=1000 width=20) (actual time=0.007..0.063 rows=1000 loops=1)
 Planning time: 0.229 ms
 Execution time: 0.261 ms
(13 rows)

===== 228 [Wed Mar  7 01:55:00 CET 2018] scale:1000 groups:1000 work_mem:4MB incremental:on max_workers:0 =====
SELECT * FROM (SELECT * FROM s_4 ORDER BY a, b, c, d) foo ORDER BY a, b, c, d, e LIMIT 10
                                                         QUERY PLAN                                                          
-----------------------------------------------------------------------------------------------------------------------------
 Limit  (cost=67.26..67.26 rows=1 width=20) (actual time=0.236..0.236 rows=0 loops=1)
   ->  Limit  (cost=66.86..67.16 rows=10 width=20) (actual time=0.233..0.235 rows=10 loops=1)
         ->  Incremental Sort  (cost=66.86..97.32 rows=1000 width=20) (actual time=0.233..0.234 rows=10 loops=1)
               Sort Key: s_4.a, s_4.b, s_4.c, s_4.d, s_4.e
               Presorted Key: s_4.a, s_4.b, s_4.c, s_4.d
               Sort Method: quicksort  Memory: 27kB
               Sort Groups: 1
               ->  Sort  (cost=66.83..69.33 rows=1000 width=20) (actual time=0.191..0.192 rows=33 loops=1)
                     Sort Key: s_4.a, s_4.b, s_4.c, s_4.d
                     Sort Method: quicksort  Memory: 103kB
                     ->  Seq Scan on s_4  (cost=0.00..17.00 rows=1000 width=20) (actual time=0.007..0.062 rows=1000 loops=1)
 Planning time: 0.227 ms
 Execution time: 0.260 ms
(13 rows)

===== 229 [Wed Mar  7 01:55:00 CET 2018] scale:1000 groups:1000 work_mem:4MB incremental:off max_workers:0 =====
SELECT * FROM (SELECT * FROM s_1 ORDER BY a) foo ORDER BY a, b LIMIT 10
                                                         QUERY PLAN                                                          
-----------------------------------------------------------------------------------------------------------------------------
 Limit  (cost=101.06..101.06 rows=1 width=20) (actual time=0.315..0.315 rows=0 loops=1)
   ->  Limit  (cost=100.94..100.96 rows=10 width=20) (actual time=0.312..0.314 rows=10 loops=1)
         ->  Sort  (cost=100.94..103.44 rows=1000 width=20) (actual time=0.312..0.313 rows=10 loops=1)
               Sort Key: s_1.a, s_1.b
               Sort Method: top-N heapsort  Memory: 25kB
               ->  Sort  (cost=66.83..69.33 rows=1000 width=20) (actual time=0.189..0.222 rows=1000 loops=1)
                     Sort Key: s_1.a
                     Sort Method: quicksort  Memory: 103kB
                     ->  Seq Scan on s_1  (cost=0.00..17.00 rows=1000 width=20) (actual time=0.004..0.069 rows=1000 loops=1)
 Planning time: 0.211 ms
 Execution time: 0.338 ms
(11 rows)

===== 230 [Wed Mar  7 01:55:00 CET 2018] scale:1000 groups:1000 work_mem:4MB incremental:off max_workers:0 =====
SELECT * FROM (SELECT * FROM s_2 ORDER BY a, b) foo ORDER BY a, b, c LIMIT 10
                                                         QUERY PLAN                                                          
-----------------------------------------------------------------------------------------------------------------------------
 Limit  (cost=101.06..101.06 rows=1 width=20) (actual time=0.313..0.313 rows=0 loops=1)
   ->  Limit  (cost=100.94..100.96 rows=10 width=20) (actual time=0.311..0.312 rows=10 loops=1)
         ->  Sort  (cost=100.94..103.44 rows=1000 width=20) (actual time=0.311..0.311 rows=10 loops=1)
               Sort Key: s_2.a, s_2.b, s_2.c
               Sort Method: top-N heapsort  Memory: 25kB
               ->  Sort  (cost=66.83..69.33 rows=1000 width=20) (actual time=0.186..0.220 rows=1000 loops=1)
                     Sort Key: s_2.a, s_2.b
                     Sort Method: quicksort  Memory: 103kB
                     ->  Seq Scan on s_2  (cost=0.00..17.00 rows=1000 width=20) (actual time=0.009..0.062 rows=1000 loops=1)
 Planning time: 0.216 ms
 Execution time: 0.338 ms
(11 rows)

===== 231 [Wed Mar  7 01:55:00 CET 2018] scale:1000 groups:1000 work_mem:4MB incremental:off max_workers:0 =====
SELECT * FROM (SELECT * FROM s_3 ORDER BY a, b, c) foo ORDER BY a, b, c, d LIMIT 10
                                                         QUERY PLAN                                                          
-----------------------------------------------------------------------------------------------------------------------------
 Limit  (cost=101.06..101.06 rows=1 width=20) (actual time=0.332..0.332 rows=0 loops=1)
   ->  Limit  (cost=100.94..100.96 rows=10 width=20) (actual time=0.330..0.331 rows=10 loops=1)
         ->  Sort  (cost=100.94..103.44 rows=1000 width=20) (actual time=0.330..0.330 rows=10 loops=1)
               Sort Key: s_3.a, s_3.b, s_3.c, s_3.d
               Sort Method: top-N heapsort  Memory: 25kB
               ->  Sort  (cost=66.83..69.33 rows=1000 width=20) (actual time=0.203..0.236 rows=1000 loops=1)
                     Sort Key: s_3.a, s_3.b, s_3.c
                     Sort Method: quicksort  Memory: 103kB
                     ->  Seq Scan on s_3  (cost=0.00..17.00 rows=1000 width=20) (actual time=0.007..0.063 rows=1000 loops=1)
 Planning time: 0.218 ms
 Execution time: 0.356 ms
(11 rows)

===== 232 [Wed Mar  7 01:55:00 CET 2018] scale:1000 groups:1000 work_mem:4MB incremental:off max_workers:0 =====
SELECT * FROM (SELECT * FROM s_4 ORDER BY a, b, c, d) foo ORDER BY a, b, c, d, e LIMIT 10
                                                         QUERY PLAN                                                          
-----------------------------------------------------------------------------------------------------------------------------
 Limit  (cost=101.06..101.06 rows=1 width=20) (actual time=0.326..0.326 rows=0 loops=1)
   ->  Limit  (cost=100.94..100.96 rows=10 width=20) (actual time=0.324..0.325 rows=10 loops=1)
         ->  Sort  (cost=100.94..103.44 rows=1000 width=20) (actual time=0.323..0.324 rows=10 loops=1)
               Sort Key: s_4.a, s_4.b, s_4.c, s_4.d, s_4.e
               Sort Method: top-N heapsort  Memory: 25kB
               ->  Sort  (cost=66.83..69.33 rows=1000 width=20) (actual time=0.191..0.225 rows=1000 loops=1)
                     Sort Key: s_4.a, s_4.b, s_4.c, s_4.d
                     Sort Method: quicksort  Memory: 103kB
                     ->  Seq Scan on s_4  (cost=0.00..17.00 rows=1000 width=20) (actual time=0.007..0.062 rows=1000 loops=1)
 Planning time: 0.226 ms
 Execution time: 0.349 ms
(11 rows)

===== 233 [Wed Mar  7 01:55:00 CET 2018] scale:1000 groups:1000 work_mem:8MB incremental:on max_workers:0 =====
SELECT * FROM (SELECT * FROM s_1 ORDER BY a) foo ORDER BY a, b LIMIT 10
                                                         QUERY PLAN                                                          
-----------------------------------------------------------------------------------------------------------------------------
 Limit  (cost=67.26..67.26 rows=1 width=20) (actual time=0.230..0.230 rows=0 loops=1)
   ->  Limit  (cost=66.86..67.16 rows=10 width=20) (actual time=0.227..0.228 rows=10 loops=1)
         ->  Incremental Sort  (cost=66.86..97.08 rows=1000 width=20) (actual time=0.227..0.227 rows=10 loops=1)
               Sort Key: s_1.a, s_1.b
               Presorted Key: s_1.a
               Sort Method: quicksort  Memory: 27kB
               Sort Groups: 1
               ->  Sort  (cost=66.83..69.33 rows=1000 width=20) (actual time=0.186..0.188 rows=34 loops=1)
                     Sort Key: s_1.a
                     Sort Method: quicksort  Memory: 103kB
                     ->  Seq Scan on s_1  (cost=0.00..17.00 rows=1000 width=20) (actual time=0.004..0.067 rows=1000 loops=1)
 Planning time: 0.216 ms
 Execution time: 0.254 ms
(13 rows)

===== 234 [Wed Mar  7 01:55:00 CET 2018] scale:1000 groups:1000 work_mem:8MB incremental:on max_workers:0 =====
SELECT * FROM (SELECT * FROM s_2 ORDER BY a, b) foo ORDER BY a, b, c LIMIT 10
                                                         QUERY PLAN                                                          
-----------------------------------------------------------------------------------------------------------------------------
 Limit  (cost=67.26..67.26 rows=1 width=20) (actual time=0.234..0.234 rows=0 loops=1)
   ->  Limit  (cost=66.86..67.16 rows=10 width=20) (actual time=0.231..0.232 rows=10 loops=1)
         ->  Incremental Sort  (cost=66.86..97.08 rows=1000 width=20) (actual time=0.231..0.231 rows=10 loops=1)
               Sort Key: s_2.a, s_2.b, s_2.c
               Presorted Key: s_2.a, s_2.b
               Sort Method: quicksort  Memory: 27kB
               Sort Groups: 1
               ->  Sort  (cost=66.83..69.33 rows=1000 width=20) (actual time=0.193..0.195 rows=33 loops=1)
                     Sort Key: s_2.a, s_2.b
                     Sort Method: quicksort  Memory: 103kB
                     ->  Seq Scan on s_2  (cost=0.00..17.00 rows=1000 width=20) (actual time=0.009..0.067 rows=1000 loops=1)
 Planning time: 0.220 ms
 Execution time: 0.259 ms
(13 rows)

===== 235 [Wed Mar  7 01:55:00 CET 2018] scale:1000 groups:1000 work_mem:8MB incremental:on max_workers:0 =====
SELECT * FROM (SELECT * FROM s_3 ORDER BY a, b, c) foo ORDER BY a, b, c, d LIMIT 10
                                                         QUERY PLAN                                                          
-----------------------------------------------------------------------------------------------------------------------------
 Limit  (cost=67.26..67.26 rows=1 width=20) (actual time=0.237..0.237 rows=0 loops=1)
   ->  Limit  (cost=66.86..67.16 rows=10 width=20) (actual time=0.235..0.236 rows=10 loops=1)
         ->  Incremental Sort  (cost=66.86..97.26 rows=1000 width=20) (actual time=0.235..0.235 rows=10 loops=1)
               Sort Key: s_3.a, s_3.b, s_3.c, s_3.d
               Presorted Key: s_3.a, s_3.b, s_3.c
               Sort Method: quicksort  Memory: 27kB
               Sort Groups: 1
               ->  Sort  (cost=66.83..69.33 rows=1000 width=20) (actual time=0.197..0.198 rows=33 loops=1)
                     Sort Key: s_3.a, s_3.b, s_3.c
                     Sort Method: quicksort  Memory: 103kB
                     ->  Seq Scan on s_3  (cost=0.00..17.00 rows=1000 width=20) (actual time=0.007..0.063 rows=1000 loops=1)
 Planning time: 0.223 ms
 Execution time: 0.262 ms
(13 rows)

===== 236 [Wed Mar  7 01:55:00 CET 2018] scale:1000 groups:1000 work_mem:8MB incremental:on max_workers:0 =====
SELECT * FROM (SELECT * FROM s_4 ORDER BY a, b, c, d) foo ORDER BY a, b, c, d, e LIMIT 10
                                                         QUERY PLAN                                                          
-----------------------------------------------------------------------------------------------------------------------------
 Limit  (cost=67.26..67.26 rows=1 width=20) (actual time=0.238..0.238 rows=0 loops=1)
   ->  Limit  (cost=66.86..67.16 rows=10 width=20) (actual time=0.236..0.237 rows=10 loops=1)
         ->  Incremental Sort  (cost=66.86..97.32 rows=1000 width=20) (actual time=0.236..0.236 rows=10 loops=1)
               Sort Key: s_4.a, s_4.b, s_4.c, s_4.d, s_4.e
               Presorted Key: s_4.a, s_4.b, s_4.c, s_4.d
               Sort Method: quicksort  Memory: 27kB
               Sort Groups: 1
               ->  Sort  (cost=66.83..69.33 rows=1000 width=20) (actual time=0.192..0.193 rows=33 loops=1)
                     Sort Key: s_4.a, s_4.b, s_4.c, s_4.d
                     Sort Method: quicksort  Memory: 103kB
                     ->  Seq Scan on s_4  (cost=0.00..17.00 rows=1000 width=20) (actual time=0.007..0.062 rows=1000 loops=1)
 Planning time: 0.234 ms
 Execution time: 0.262 ms
(13 rows)

===== 237 [Wed Mar  7 01:55:01 CET 2018] scale:1000 groups:1000 work_mem:8MB incremental:off max_workers:0 =====
SELECT * FROM (SELECT * FROM s_1 ORDER BY a) foo ORDER BY a, b LIMIT 10
                                                         QUERY PLAN                                                          
-----------------------------------------------------------------------------------------------------------------------------
 Limit  (cost=101.06..101.06 rows=1 width=20) (actual time=0.308..0.308 rows=0 loops=1)
   ->  Limit  (cost=100.94..100.96 rows=10 width=20) (actual time=0.306..0.307 rows=10 loops=1)
         ->  Sort  (cost=100.94..103.44 rows=1000 width=20) (actual time=0.306..0.306 rows=10 loops=1)
               Sort Key: s_1.a, s_1.b
               Sort Method: top-N heapsort  Memory: 25kB
               ->  Sort  (cost=66.83..69.33 rows=1000 width=20) (actual time=0.184..0.218 rows=1000 loops=1)
                     Sort Key: s_1.a
                     Sort Method: quicksort  Memory: 103kB
                     ->  Seq Scan on s_1  (cost=0.00..17.00 rows=1000 width=20) (actual time=0.008..0.067 rows=1000 loops=1)
 Planning time: 0.210 ms
 Execution time: 0.332 ms
(11 rows)

===== 238 [Wed Mar  7 01:55:01 CET 2018] scale:1000 groups:1000 work_mem:8MB incremental:off max_workers:0 =====
SELECT * FROM (SELECT * FROM s_2 ORDER BY a, b) foo ORDER BY a, b, c LIMIT 10
                                                         QUERY PLAN                                                          
-----------------------------------------------------------------------------------------------------------------------------
 Limit  (cost=101.06..101.06 rows=1 width=20) (actual time=0.312..0.312 rows=0 loops=1)
   ->  Limit  (cost=100.94..100.96 rows=10 width=20) (actual time=0.310..0.311 rows=10 loops=1)
         ->  Sort  (cost=100.94..103.44 rows=1000 width=20) (actual time=0.310..0.310 rows=10 loops=1)
               Sort Key: s_2.a, s_2.b, s_2.c
               Sort Method: top-N heapsort  Memory: 25kB
               ->  Sort  (cost=66.83..69.33 rows=1000 width=20) (actual time=0.187..0.222 rows=1000 loops=1)
                     Sort Key: s_2.a, s_2.b
                     Sort Method: quicksort  Memory: 103kB
                     ->  Seq Scan on s_2  (cost=0.00..17.00 rows=1000 width=20) (actual time=0.009..0.062 rows=1000 loops=1)
 Planning time: 0.218 ms
 Execution time: 0.337 ms
(11 rows)

===== 239 [Wed Mar  7 01:55:01 CET 2018] scale:1000 groups:1000 work_mem:8MB incremental:off max_workers:0 =====
SELECT * FROM (SELECT * FROM s_3 ORDER BY a, b, c) foo ORDER BY a, b, c, d LIMIT 10
                                                         QUERY PLAN                                                          
-----------------------------------------------------------------------------------------------------------------------------
 Limit  (cost=101.06..101.06 rows=1 width=20) (actual time=0.326..0.326 rows=0 loops=1)
   ->  Limit  (cost=100.94..100.96 rows=10 width=20) (actual time=0.324..0.325 rows=10 loops=1)
         ->  Sort  (cost=100.94..103.44 rows=1000 width=20) (actual time=0.323..0.324 rows=10 loops=1)
               Sort Key: s_3.a, s_3.b, s_3.c, s_3.d
               Sort Method: top-N heapsort  Memory: 25kB
               ->  Sort  (cost=66.83..69.33 rows=1000 width=20) (actual time=0.195..0.229 rows=1000 loops=1)
                     Sort Key: s_3.a, s_3.b, s_3.c
                     Sort Method: quicksort  Memory: 103kB
                     ->  Seq Scan on s_3  (cost=0.00..17.00 rows=1000 width=20) (actual time=0.007..0.062 rows=1000 loops=1)
 Planning time: 0.218 ms
 Execution time: 0.350 ms
(11 rows)

===== 240 [Wed Mar  7 01:55:01 CET 2018] scale:1000 groups:1000 work_mem:8MB incremental:off max_workers:0 =====
SELECT * FROM (SELECT * FROM s_4 ORDER BY a, b, c, d) foo ORDER BY a, b, c, d, e LIMIT 10
                                                         QUERY PLAN                                                          
-----------------------------------------------------------------------------------------------------------------------------
 Limit  (cost=101.06..101.06 rows=1 width=20) (actual time=0.328..0.328 rows=0 loops=1)
   ->  Limit  (cost=100.94..100.96 rows=10 width=20) (actual time=0.325..0.327 rows=10 loops=1)
         ->  Sort  (cost=100.94..103.44 rows=1000 width=20) (actual time=0.325..0.326 rows=10 loops=1)
               Sort Key: s_4.a, s_4.b, s_4.c, s_4.d, s_4.e
               Sort Method: top-N heapsort  Memory: 25kB
               ->  Sort  (cost=66.83..69.33 rows=1000 width=20) (actual time=0.192..0.226 rows=1000 loops=1)
                     Sort Key: s_4.a, s_4.b, s_4.c, s_4.d
                     Sort Method: quicksort  Memory: 103kB
                     ->  Seq Scan on s_4  (cost=0.00..17.00 rows=1000 width=20) (actual time=0.007..0.063 rows=1000 loops=1)
 Planning time: 0.221 ms
 Execution time: 0.352 ms
(11 rows)

===== 241 [Wed Mar  7 01:55:01 CET 2018] scale:1000 groups:1000 work_mem:16MB incremental:on max_workers:0 =====
SELECT * FROM (SELECT * FROM s_1 ORDER BY a) foo ORDER BY a, b LIMIT 10
                                                         QUERY PLAN                                                          
-----------------------------------------------------------------------------------------------------------------------------
 Limit  (cost=67.26..67.26 rows=1 width=20) (actual time=0.226..0.226 rows=0 loops=1)
   ->  Limit  (cost=66.86..67.16 rows=10 width=20) (actual time=0.224..0.225 rows=10 loops=1)
         ->  Incremental Sort  (cost=66.86..97.08 rows=1000 width=20) (actual time=0.223..0.224 rows=10 loops=1)
               Sort Key: s_1.a, s_1.b
               Presorted Key: s_1.a
               Sort Method: quicksort  Memory: 27kB
               Sort Groups: 1
               ->  Sort  (cost=66.83..69.33 rows=1000 width=20) (actual time=0.183..0.184 rows=34 loops=1)
                     Sort Key: s_1.a
                     Sort Method: quicksort  Memory: 103kB
                     ->  Seq Scan on s_1  (cost=0.00..17.00 rows=1000 width=20) (actual time=0.004..0.063 rows=1000 loops=1)
 Planning time: 0.221 ms
 Execution time: 0.250 ms
(13 rows)

===== 242 [Wed Mar  7 01:55:01 CET 2018] scale:1000 groups:1000 work_mem:16MB incremental:on max_workers:0 =====
SELECT * FROM (SELECT * FROM s_2 ORDER BY a, b) foo ORDER BY a, b, c LIMIT 10
                                                         QUERY PLAN                                                          
-----------------------------------------------------------------------------------------------------------------------------
 Limit  (cost=67.26..67.26 rows=1 width=20) (actual time=0.243..0.243 rows=0 loops=1)
   ->  Limit  (cost=66.86..67.16 rows=10 width=20) (actual time=0.241..0.242 rows=10 loops=1)
         ->  Incremental Sort  (cost=66.86..97.08 rows=1000 width=20) (actual time=0.240..0.241 rows=10 loops=1)
               Sort Key: s_2.a, s_2.b, s_2.c
               Presorted Key: s_2.a, s_2.b
               Sort Method: quicksort  Memory: 27kB
               Sort Groups: 1
               ->  Sort  (cost=66.83..69.33 rows=1000 width=20) (actual time=0.203..0.204 rows=33 loops=1)
                     Sort Key: s_2.a, s_2.b
                     Sort Method: quicksort  Memory: 103kB
                     ->  Seq Scan on s_2  (cost=0.00..17.00 rows=1000 width=20) (actual time=0.009..0.063 rows=1000 loops=1)
 Planning time: 0.221 ms
 Execution time: 0.268 ms
(13 rows)

===== 243 [Wed Mar  7 01:55:01 CET 2018] scale:1000 groups:1000 work_mem:16MB incremental:on max_workers:0 =====
SELECT * FROM (SELECT * FROM s_3 ORDER BY a, b, c) foo ORDER BY a, b, c, d LIMIT 10
                                                         QUERY PLAN                                                          
-----------------------------------------------------------------------------------------------------------------------------
 Limit  (cost=67.26..67.26 rows=1 width=20) (actual time=0.243..0.243 rows=0 loops=1)
   ->  Limit  (cost=66.86..67.16 rows=10 width=20) (actual time=0.241..0.242 rows=10 loops=1)
         ->  Incremental Sort  (cost=66.86..97.26 rows=1000 width=20) (actual time=0.241..0.241 rows=10 loops=1)
               Sort Key: s_3.a, s_3.b, s_3.c, s_3.d
               Presorted Key: s_3.a, s_3.b, s_3.c
               Sort Method: quicksort  Memory: 27kB
               Sort Groups: 1
               ->  Sort  (cost=66.83..69.33 rows=1000 width=20) (actual time=0.201..0.203 rows=33 loops=1)
                     Sort Key: s_3.a, s_3.b, s_3.c
                     Sort Method: quicksort  Memory: 103kB
                     ->  Seq Scan on s_3  (cost=0.00..17.00 rows=1000 width=20) (actual time=0.007..0.063 rows=1000 loops=1)
 Planning time: 0.224 ms
 Execution time: 0.268 ms
(13 rows)

===== 244 [Wed Mar  7 01:55:01 CET 2018] scale:1000 groups:1000 work_mem:16MB incremental:on max_workers:0 =====
SELECT * FROM (SELECT * FROM s_4 ORDER BY a, b, c, d) foo ORDER BY a, b, c, d, e LIMIT 10
                                                         QUERY PLAN                                                          
-----------------------------------------------------------------------------------------------------------------------------
 Limit  (cost=67.26..67.26 rows=1 width=20) (actual time=0.238..0.238 rows=0 loops=1)
   ->  Limit  (cost=66.86..67.16 rows=10 width=20) (actual time=0.236..0.237 rows=10 loops=1)
         ->  Incremental Sort  (cost=66.86..97.32 rows=1000 width=20) (actual time=0.235..0.236 rows=10 loops=1)
               Sort Key: s_4.a, s_4.b, s_4.c, s_4.d, s_4.e
               Presorted Key: s_4.a, s_4.b, s_4.c, s_4.d
               Sort Method: quicksort  Memory: 27kB
               Sort Groups: 1
               ->  Sort  (cost=66.83..69.33 rows=1000 width=20) (actual time=0.192..0.194 rows=33 loops=1)
                     Sort Key: s_4.a, s_4.b, s_4.c, s_4.d
                     Sort Method: quicksort  Memory: 103kB
                     ->  Seq Scan on s_4  (cost=0.00..17.00 rows=1000 width=20) (actual time=0.007..0.063 rows=1000 loops=1)
 Planning time: 0.229 ms
 Execution time: 0.267 ms
(13 rows)

===== 245 [Wed Mar  7 01:55:01 CET 2018] scale:1000 groups:1000 work_mem:16MB incremental:off max_workers:0 =====
SELECT * FROM (SELECT * FROM s_1 ORDER BY a) foo ORDER BY a, b LIMIT 10
                                                         QUERY PLAN                                                          
-----------------------------------------------------------------------------------------------------------------------------
 Limit  (cost=101.06..101.06 rows=1 width=20) (actual time=0.305..0.305 rows=0 loops=1)
   ->  Limit  (cost=100.94..100.96 rows=10 width=20) (actual time=0.302..0.303 rows=10 loops=1)
         ->  Sort  (cost=100.94..103.44 rows=1000 width=20) (actual time=0.302..0.302 rows=10 loops=1)
               Sort Key: s_1.a, s_1.b
               Sort Method: top-N heapsort  Memory: 25kB
               ->  Sort  (cost=66.83..69.33 rows=1000 width=20) (actual time=0.180..0.214 rows=1000 loops=1)
                     Sort Key: s_1.a
                     Sort Method: quicksort  Memory: 103kB
                     ->  Seq Scan on s_1  (cost=0.00..17.00 rows=1000 width=20) (actual time=0.004..0.063 rows=1000 loops=1)
 Planning time: 0.208 ms
 Execution time: 0.329 ms
(11 rows)

===== 246 [Wed Mar  7 01:55:01 CET 2018] scale:1000 groups:1000 work_mem:16MB incremental:off max_workers:0 =====
SELECT * FROM (SELECT * FROM s_2 ORDER BY a, b) foo ORDER BY a, b, c LIMIT 10
                                                         QUERY PLAN                                                          
-----------------------------------------------------------------------------------------------------------------------------
 Limit  (cost=101.06..101.06 rows=1 width=20) (actual time=0.312..0.312 rows=0 loops=1)
   ->  Limit  (cost=100.94..100.96 rows=10 width=20) (actual time=0.310..0.311 rows=10 loops=1)
         ->  Sort  (cost=100.94..103.44 rows=1000 width=20) (actual time=0.309..0.310 rows=10 loops=1)
               Sort Key: s_2.a, s_2.b, s_2.c
               Sort Method: top-N heapsort  Memory: 25kB
               ->  Sort  (cost=66.83..69.33 rows=1000 width=20) (actual time=0.188..0.222 rows=1000 loops=1)
                     Sort Key: s_2.a, s_2.b
                     Sort Method: quicksort  Memory: 103kB
                     ->  Seq Scan on s_2  (cost=0.00..17.00 rows=1000 width=20) (actual time=0.009..0.062 rows=1000 loops=1)
 Planning time: 0.212 ms
 Execution time: 0.336 ms
(11 rows)

===== 247 [Wed Mar  7 01:55:01 CET 2018] scale:1000 groups:1000 work_mem:16MB incremental:off max_workers:0 =====
SELECT * FROM (SELECT * FROM s_3 ORDER BY a, b, c) foo ORDER BY a, b, c, d LIMIT 10
                                                         QUERY PLAN                                                          
-----------------------------------------------------------------------------------------------------------------------------
 Limit  (cost=101.06..101.06 rows=1 width=20) (actual time=0.329..0.329 rows=0 loops=1)
   ->  Limit  (cost=100.94..100.96 rows=10 width=20) (actual time=0.326..0.327 rows=10 loops=1)
         ->  Sort  (cost=100.94..103.44 rows=1000 width=20) (actual time=0.326..0.326 rows=10 loops=1)
               Sort Key: s_3.a, s_3.b, s_3.c, s_3.d
               Sort Method: top-N heapsort  Memory: 25kB
               ->  Sort  (cost=66.83..69.33 rows=1000 width=20) (actual time=0.195..0.229 rows=1000 loops=1)
                     Sort Key: s_3.a, s_3.b, s_3.c
                     Sort Method: quicksort  Memory: 103kB
                     ->  Seq Scan on s_3  (cost=0.00..17.00 rows=1000 width=20) (actual time=0.007..0.062 rows=1000 loops=1)
 Planning time: 0.217 ms
 Execution time: 0.352 ms
(11 rows)

===== 248 [Wed Mar  7 01:55:01 CET 2018] scale:1000 groups:1000 work_mem:16MB incremental:off max_workers:0 =====
SELECT * FROM (SELECT * FROM s_4 ORDER BY a, b, c, d) foo ORDER BY a, b, c, d, e LIMIT 10
                                                         QUERY PLAN                                                          
-----------------------------------------------------------------------------------------------------------------------------
 Limit  (cost=101.06..101.06 rows=1 width=20) (actual time=0.327..0.327 rows=0 loops=1)
   ->  Limit  (cost=100.94..100.96 rows=10 width=20) (actual time=0.324..0.325 rows=10 loops=1)
         ->  Sort  (cost=100.94..103.44 rows=1000 width=20) (actual time=0.324..0.324 rows=10 loops=1)
               Sort Key: s_4.a, s_4.b, s_4.c, s_4.d, s_4.e
               Sort Method: top-N heapsort  Memory: 25kB
               ->  Sort  (cost=66.83..69.33 rows=1000 width=20) (actual time=0.192..0.226 rows=1000 loops=1)
                     Sort Key: s_4.a, s_4.b, s_4.c, s_4.d
                     Sort Method: quicksort  Memory: 103kB
                     ->  Seq Scan on s_4  (cost=0.00..17.00 rows=1000 width=20) (actual time=0.007..0.062 rows=1000 loops=1)
 Planning time: 0.222 ms
 Execution time: 0.350 ms
(11 rows)

===== 249 [Wed Mar  7 01:55:01 CET 2018] scale:1000 groups:1000 work_mem:32MB incremental:on max_workers:0 =====
SELECT * FROM (SELECT * FROM s_1 ORDER BY a) foo ORDER BY a, b LIMIT 10
                                                         QUERY PLAN                                                          
-----------------------------------------------------------------------------------------------------------------------------
 Limit  (cost=67.26..67.26 rows=1 width=20) (actual time=0.225..0.225 rows=0 loops=1)
   ->  Limit  (cost=66.86..67.16 rows=10 width=20) (actual time=0.223..0.224 rows=10 loops=1)
         ->  Incremental Sort  (cost=66.86..97.08 rows=1000 width=20) (actual time=0.223..0.223 rows=10 loops=1)
               Sort Key: s_1.a, s_1.b
               Presorted Key: s_1.a
               Sort Method: quicksort  Memory: 27kB
               Sort Groups: 1
               ->  Sort  (cost=66.83..69.33 rows=1000 width=20) (actual time=0.182..0.183 rows=34 loops=1)
                     Sort Key: s_1.a
                     Sort Method: quicksort  Memory: 103kB
                     ->  Seq Scan on s_1  (cost=0.00..17.00 rows=1000 width=20) (actual time=0.004..0.063 rows=1000 loops=1)
 Planning time: 0.218 ms
 Execution time: 0.253 ms
(13 rows)

===== 250 [Wed Mar  7 01:55:01 CET 2018] scale:1000 groups:1000 work_mem:32MB incremental:on max_workers:0 =====
SELECT * FROM (SELECT * FROM s_2 ORDER BY a, b) foo ORDER BY a, b, c LIMIT 10
                                                         QUERY PLAN                                                          
-----------------------------------------------------------------------------------------------------------------------------
 Limit  (cost=67.26..67.26 rows=1 width=20) (actual time=0.229..0.229 rows=0 loops=1)
   ->  Limit  (cost=66.86..67.16 rows=10 width=20) (actual time=0.226..0.228 rows=10 loops=1)
         ->  Incremental Sort  (cost=66.86..97.08 rows=1000 width=20) (actual time=0.226..0.227 rows=10 loops=1)
               Sort Key: s_2.a, s_2.b, s_2.c
               Presorted Key: s_2.a, s_2.b
               Sort Method: quicksort  Memory: 27kB
               Sort Groups: 1
               ->  Sort  (cost=66.83..69.33 rows=1000 width=20) (actual time=0.187..0.188 rows=33 loops=1)
                     Sort Key: s_2.a, s_2.b
                     Sort Method: quicksort  Memory: 103kB
                     ->  Seq Scan on s_2  (cost=0.00..17.00 rows=1000 width=20) (actual time=0.009..0.063 rows=1000 loops=1)
 Planning time: 0.222 ms
 Execution time: 0.258 ms
(13 rows)

===== 251 [Wed Mar  7 01:55:02 CET 2018] scale:1000 groups:1000 work_mem:32MB incremental:on max_workers:0 =====
SELECT * FROM (SELECT * FROM s_3 ORDER BY a, b, c) foo ORDER BY a, b, c, d LIMIT 10
                                                         QUERY PLAN                                                          
-----------------------------------------------------------------------------------------------------------------------------
 Limit  (cost=67.26..67.26 rows=1 width=20) (actual time=0.237..0.237 rows=0 loops=1)
   ->  Limit  (cost=66.86..67.16 rows=10 width=20) (actual time=0.235..0.236 rows=10 loops=1)
         ->  Incremental Sort  (cost=66.86..97.26 rows=1000 width=20) (actual time=0.235..0.235 rows=10 loops=1)
               Sort Key: s_3.a, s_3.b, s_3.c, s_3.d
               Presorted Key: s_3.a, s_3.b, s_3.c
               Sort Method: quicksort  Memory: 27kB
               Sort Groups: 1
               ->  Sort  (cost=66.83..69.33 rows=1000 width=20) (actual time=0.196..0.197 rows=33 loops=1)
                     Sort Key: s_3.a, s_3.b, s_3.c
                     Sort Method: quicksort  Memory: 103kB
                     ->  Seq Scan on s_3  (cost=0.00..17.00 rows=1000 width=20) (actual time=0.007..0.062 rows=1000 loops=1)
 Planning time: 0.223 ms
 Execution time: 0.261 ms
(13 rows)

===== 252 [Wed Mar  7 01:55:02 CET 2018] scale:1000 groups:1000 work_mem:32MB incremental:on max_workers:0 =====
SELECT * FROM (SELECT * FROM s_4 ORDER BY a, b, c, d) foo ORDER BY a, b, c, d, e LIMIT 10
                                                         QUERY PLAN                                                          
-----------------------------------------------------------------------------------------------------------------------------
 Limit  (cost=67.26..67.26 rows=1 width=20) (actual time=0.245..0.245 rows=0 loops=1)
   ->  Limit  (cost=66.86..67.16 rows=10 width=20) (actual time=0.243..0.244 rows=10 loops=1)
         ->  Incremental Sort  (cost=66.86..97.32 rows=1000 width=20) (actual time=0.242..0.243 rows=10 loops=1)
               Sort Key: s_4.a, s_4.b, s_4.c, s_4.d, s_4.e
               Presorted Key: s_4.a, s_4.b, s_4.c, s_4.d
               Sort Method: quicksort  Memory: 27kB
               Sort Groups: 1
               ->  Sort  (cost=66.83..69.33 rows=1000 width=20) (actual time=0.200..0.201 rows=33 loops=1)
                     Sort Key: s_4.a, s_4.b, s_4.c, s_4.d
                     Sort Method: quicksort  Memory: 103kB
                     ->  Seq Scan on s_4  (cost=0.00..17.00 rows=1000 width=20) (actual time=0.007..0.063 rows=1000 loops=1)
 Planning time: 0.231 ms
 Execution time: 0.269 ms
(13 rows)

===== 253 [Wed Mar  7 01:55:02 CET 2018] scale:1000 groups:1000 work_mem:32MB incremental:off max_workers:0 =====
SELECT * FROM (SELECT * FROM s_1 ORDER BY a) foo ORDER BY a, b LIMIT 10
                                                         QUERY PLAN                                                          
-----------------------------------------------------------------------------------------------------------------------------
 Limit  (cost=101.06..101.06 rows=1 width=20) (actual time=0.309..0.309 rows=0 loops=1)
   ->  Limit  (cost=100.94..100.96 rows=10 width=20) (actual time=0.307..0.308 rows=10 loops=1)
         ->  Sort  (cost=100.94..103.44 rows=1000 width=20) (actual time=0.307..0.307 rows=10 loops=1)
               Sort Key: s_1.a, s_1.b
               Sort Method: top-N heapsort  Memory: 25kB
               ->  Sort  (cost=66.83..69.33 rows=1000 width=20) (actual time=0.181..0.215 rows=1000 loops=1)
                     Sort Key: s_1.a
                     Sort Method: quicksort  Memory: 103kB
                     ->  Seq Scan on s_1  (cost=0.00..17.00 rows=1000 width=20) (actual time=0.004..0.063 rows=1000 loops=1)
 Planning time: 0.212 ms
 Execution time: 0.334 ms
(11 rows)

===== 254 [Wed Mar  7 01:55:02 CET 2018] scale:1000 groups:1000 work_mem:32MB incremental:off max_workers:0 =====
SELECT * FROM (SELECT * FROM s_2 ORDER BY a, b) foo ORDER BY a, b, c LIMIT 10
                                                         QUERY PLAN                                                          
-----------------------------------------------------------------------------------------------------------------------------
 Limit  (cost=101.06..101.06 rows=1 width=20) (actual time=0.319..0.319 rows=0 loops=1)
   ->  Limit  (cost=100.94..100.96 rows=10 width=20) (actual time=0.316..0.318 rows=10 loops=1)
         ->  Sort  (cost=100.94..103.44 rows=1000 width=20) (actual time=0.316..0.317 rows=10 loops=1)
               Sort Key: s_2.a, s_2.b, s_2.c
               Sort Method: top-N heapsort  Memory: 25kB
               ->  Sort  (cost=66.83..69.33 rows=1000 width=20) (actual time=0.188..0.222 rows=1000 loops=1)
                     Sort Key: s_2.a, s_2.b
                     Sort Method: quicksort  Memory: 103kB
                     ->  Seq Scan on s_2  (cost=0.00..17.00 rows=1000 width=20) (actual time=0.009..0.062 rows=1000 loops=1)
 Planning time: 0.214 ms
 Execution time: 0.342 ms
(11 rows)

===== 255 [Wed Mar  7 01:55:02 CET 2018] scale:1000 groups:1000 work_mem:32MB incremental:off max_workers:0 =====
SELECT * FROM (SELECT * FROM s_3 ORDER BY a, b, c) foo ORDER BY a, b, c, d LIMIT 10
                                                         QUERY PLAN                                                          
-----------------------------------------------------------------------------------------------------------------------------
 Limit  (cost=101.06..101.06 rows=1 width=20) (actual time=0.332..0.332 rows=0 loops=1)
   ->  Limit  (cost=100.94..100.96 rows=10 width=20) (actual time=0.330..0.331 rows=10 loops=1)
         ->  Sort  (cost=100.94..103.44 rows=1000 width=20) (actual time=0.330..0.330 rows=10 loops=1)
               Sort Key: s_3.a, s_3.b, s_3.c, s_3.d
               Sort Method: top-N heapsort  Memory: 25kB
               ->  Sort  (cost=66.83..69.33 rows=1000 width=20) (actual time=0.194..0.234 rows=1000 loops=1)
                     Sort Key: s_3.a, s_3.b, s_3.c
                     Sort Method: quicksort  Memory: 103kB
                     ->  Seq Scan on s_3  (cost=0.00..17.00 rows=1000 width=20) (actual time=0.007..0.062 rows=1000 loops=1)
 Planning time: 0.215 ms
 Execution time: 0.357 ms
(11 rows)

===== 256 [Wed Mar  7 01:55:02 CET 2018] scale:1000 groups:1000 work_mem:32MB incremental:off max_workers:0 =====
SELECT * FROM (SELECT * FROM s_4 ORDER BY a, b, c, d) foo ORDER BY a, b, c, d, e LIMIT 10
                                                         QUERY PLAN                                                          
-----------------------------------------------------------------------------------------------------------------------------
 Limit  (cost=101.06..101.06 rows=1 width=20) (actual time=0.327..0.327 rows=0 loops=1)
   ->  Limit  (cost=100.94..100.96 rows=10 width=20) (actual time=0.325..0.326 rows=10 loops=1)
         ->  Sort  (cost=100.94..103.44 rows=1000 width=20) (actual time=0.325..0.325 rows=10 loops=1)
               Sort Key: s_4.a, s_4.b, s_4.c, s_4.d, s_4.e
               Sort Method: top-N heapsort  Memory: 25kB
               ->  Sort  (cost=66.83..69.33 rows=1000 width=20) (actual time=0.193..0.228 rows=1000 loops=1)
                     Sort Key: s_4.a, s_4.b, s_4.c, s_4.d
                     Sort Method: quicksort  Memory: 103kB
                     ->  Seq Scan on s_4  (cost=0.00..17.00 rows=1000 width=20) (actual time=0.007..0.062 rows=1000 loops=1)
 Planning time: 0.221 ms
 Execution time: 0.352 ms
(11 rows)

===== 257 [Wed Mar  7 01:55:02 CET 2018] scale:1000 groups:1000 work_mem:64MB incremental:on max_workers:0 =====
SELECT * FROM (SELECT * FROM s_1 ORDER BY a) foo ORDER BY a, b LIMIT 10
                                                         QUERY PLAN                                                          
-----------------------------------------------------------------------------------------------------------------------------
 Limit  (cost=67.26..67.26 rows=1 width=20) (actual time=0.233..0.233 rows=0 loops=1)
   ->  Limit  (cost=66.86..67.16 rows=10 width=20) (actual time=0.231..0.232 rows=10 loops=1)
         ->  Incremental Sort  (cost=66.86..97.08 rows=1000 width=20) (actual time=0.231..0.231 rows=10 loops=1)
               Sort Key: s_1.a, s_1.b
               Presorted Key: s_1.a
               Sort Method: quicksort  Memory: 27kB
               Sort Groups: 1
               ->  Sort  (cost=66.83..69.33 rows=1000 width=20) (actual time=0.181..0.182 rows=34 loops=1)
                     Sort Key: s_1.a
                     Sort Method: quicksort  Memory: 103kB
                     ->  Seq Scan on s_1  (cost=0.00..17.00 rows=1000 width=20) (actual time=0.004..0.063 rows=1000 loops=1)
 Planning time: 0.217 ms
 Execution time: 0.258 ms
(13 rows)

===== 258 [Wed Mar  7 01:55:02 CET 2018] scale:1000 groups:1000 work_mem:64MB incremental:on max_workers:0 =====
SELECT * FROM (SELECT * FROM s_2 ORDER BY a, b) foo ORDER BY a, b, c LIMIT 10
                                                         QUERY PLAN                                                          
-----------------------------------------------------------------------------------------------------------------------------
 Limit  (cost=67.26..67.26 rows=1 width=20) (actual time=0.231..0.231 rows=0 loops=1)
   ->  Limit  (cost=66.86..67.16 rows=10 width=20) (actual time=0.229..0.230 rows=10 loops=1)
         ->  Incremental Sort  (cost=66.86..97.08 rows=1000 width=20) (actual time=0.228..0.229 rows=10 loops=1)
               Sort Key: s_2.a, s_2.b, s_2.c
               Presorted Key: s_2.a, s_2.b
               Sort Method: quicksort  Memory: 27kB
               Sort Groups: 1
               ->  Sort  (cost=66.83..69.33 rows=1000 width=20) (actual time=0.189..0.190 rows=33 loops=1)
                     Sort Key: s_2.a, s_2.b
                     Sort Method: quicksort  Memory: 103kB
                     ->  Seq Scan on s_2  (cost=0.00..17.00 rows=1000 width=20) (actual time=0.009..0.062 rows=1000 loops=1)
 Planning time: 0.223 ms
 Execution time: 0.255 ms
(13 rows)

===== 259 [Wed Mar  7 01:55:02 CET 2018] scale:1000 groups:1000 work_mem:64MB incremental:on max_workers:0 =====
SELECT * FROM (SELECT * FROM s_3 ORDER BY a, b, c) foo ORDER BY a, b, c, d LIMIT 10
                                                         QUERY PLAN                                                          
-----------------------------------------------------------------------------------------------------------------------------
 Limit  (cost=67.26..67.26 rows=1 width=20) (actual time=0.236..0.236 rows=0 loops=1)
   ->  Limit  (cost=66.86..67.16 rows=10 width=20) (actual time=0.233..0.234 rows=10 loops=1)
         ->  Incremental Sort  (cost=66.86..97.26 rows=1000 width=20) (actual time=0.233..0.233 rows=10 loops=1)
               Sort Key: s_3.a, s_3.b, s_3.c, s_3.d
               Presorted Key: s_3.a, s_3.b, s_3.c
               Sort Method: quicksort  Memory: 27kB
               Sort Groups: 1
               ->  Sort  (cost=66.83..69.33 rows=1000 width=20) (actual time=0.194..0.195 rows=33 loops=1)
                     Sort Key: s_3.a, s_3.b, s_3.c
                     Sort Method: quicksort  Memory: 103kB
                     ->  Seq Scan on s_3  (cost=0.00..17.00 rows=1000 width=20) (actual time=0.007..0.063 rows=1000 loops=1)
 Planning time: 0.230 ms
 Execution time: 0.261 ms
(13 rows)

===== 260 [Wed Mar  7 01:55:02 CET 2018] scale:1000 groups:1000 work_mem:64MB incremental:on max_workers:0 =====
SELECT * FROM (SELECT * FROM s_4 ORDER BY a, b, c, d) foo ORDER BY a, b, c, d, e LIMIT 10
                                                         QUERY PLAN                                                          
-----------------------------------------------------------------------------------------------------------------------------
 Limit  (cost=67.26..67.26 rows=1 width=20) (actual time=0.244..0.244 rows=0 loops=1)
   ->  Limit  (cost=66.86..67.16 rows=10 width=20) (actual time=0.242..0.243 rows=10 loops=1)
         ->  Incremental Sort  (cost=66.86..97.32 rows=1000 width=20) (actual time=0.241..0.242 rows=10 loops=1)
               Sort Key: s_4.a, s_4.b, s_4.c, s_4.d, s_4.e
               Presorted Key: s_4.a, s_4.b, s_4.c, s_4.d
               Sort Method: quicksort  Memory: 27kB
               Sort Groups: 1
               ->  Sort  (cost=66.83..69.33 rows=1000 width=20) (actual time=0.197..0.198 rows=33 loops=1)
                     Sort Key: s_4.a, s_4.b, s_4.c, s_4.d
                     Sort Method: quicksort  Memory: 103kB
                     ->  Seq Scan on s_4  (cost=0.00..17.00 rows=1000 width=20) (actual time=0.007..0.063 rows=1000 loops=1)
 Planning time: 0.230 ms
 Execution time: 0.269 ms
(13 rows)

===== 261 [Wed Mar  7 01:55:02 CET 2018] scale:1000 groups:1000 work_mem:64MB incremental:off max_workers:0 =====
SELECT * FROM (SELECT * FROM s_1 ORDER BY a) foo ORDER BY a, b LIMIT 10
                                                         QUERY PLAN                                                          
-----------------------------------------------------------------------------------------------------------------------------
 Limit  (cost=101.06..101.06 rows=1 width=20) (actual time=0.306..0.306 rows=0 loops=1)
   ->  Limit  (cost=100.94..100.96 rows=10 width=20) (actual time=0.304..0.305 rows=10 loops=1)
         ->  Sort  (cost=100.94..103.44 rows=1000 width=20) (actual time=0.303..0.304 rows=10 loops=1)
               Sort Key: s_1.a, s_1.b
               Sort Method: top-N heapsort  Memory: 25kB
               ->  Sort  (cost=66.83..69.33 rows=1000 width=20) (actual time=0.181..0.215 rows=1000 loops=1)
                     Sort Key: s_1.a
                     Sort Method: quicksort  Memory: 103kB
                     ->  Seq Scan on s_1  (cost=0.00..17.00 rows=1000 width=20) (actual time=0.004..0.063 rows=1000 loops=1)
 Planning time: 0.212 ms
 Execution time: 0.332 ms
(11 rows)

===== 262 [Wed Mar  7 01:55:02 CET 2018] scale:1000 groups:1000 work_mem:64MB incremental:off max_workers:0 =====
SELECT * FROM (SELECT * FROM s_2 ORDER BY a, b) foo ORDER BY a, b, c LIMIT 10
                                                         QUERY PLAN                                                          
-----------------------------------------------------------------------------------------------------------------------------
 Limit  (cost=101.06..101.06 rows=1 width=20) (actual time=0.312..0.312 rows=0 loops=1)
   ->  Limit  (cost=100.94..100.96 rows=10 width=20) (actual time=0.310..0.311 rows=10 loops=1)
         ->  Sort  (cost=100.94..103.44 rows=1000 width=20) (actual time=0.310..0.310 rows=10 loops=1)
               Sort Key: s_2.a, s_2.b, s_2.c
               Sort Method: top-N heapsort  Memory: 25kB
               ->  Sort  (cost=66.83..69.33 rows=1000 width=20) (actual time=0.188..0.222 rows=1000 loops=1)
                     Sort Key: s_2.a, s_2.b
                     Sort Method: quicksort  Memory: 103kB
                     ->  Seq Scan on s_2  (cost=0.00..17.00 rows=1000 width=20) (actual time=0.009..0.062 rows=1000 loops=1)
 Planning time: 0.217 ms
 Execution time: 0.337 ms
(11 rows)

===== 263 [Wed Mar  7 01:55:02 CET 2018] scale:1000 groups:1000 work_mem:64MB incremental:off max_workers:0 =====
SELECT * FROM (SELECT * FROM s_3 ORDER BY a, b, c) foo ORDER BY a, b, c, d LIMIT 10
                                                         QUERY PLAN                                                          
-----------------------------------------------------------------------------------------------------------------------------
 Limit  (cost=101.06..101.06 rows=1 width=20) (actual time=0.324..0.324 rows=0 loops=1)
   ->  Limit  (cost=100.94..100.96 rows=10 width=20) (actual time=0.322..0.323 rows=10 loops=1)
         ->  Sort  (cost=100.94..103.44 rows=1000 width=20) (actual time=0.322..0.322 rows=10 loops=1)
               Sort Key: s_3.a, s_3.b, s_3.c, s_3.d
               Sort Method: top-N heapsort  Memory: 25kB
               ->  Sort  (cost=66.83..69.33 rows=1000 width=20) (actual time=0.195..0.229 rows=1000 loops=1)
                     Sort Key: s_3.a, s_3.b, s_3.c
                     Sort Method: quicksort  Memory: 103kB
                     ->  Seq Scan on s_3  (cost=0.00..17.00 rows=1000 width=20) (actual time=0.007..0.062 rows=1000 loops=1)
 Planning time: 0.224 ms
 Execution time: 0.348 ms
(11 rows)

===== 264 [Wed Mar  7 01:55:02 CET 2018] scale:1000 groups:1000 work_mem:64MB incremental:off max_workers:0 =====
SELECT * FROM (SELECT * FROM s_4 ORDER BY a, b, c, d) foo ORDER BY a, b, c, d, e LIMIT 10
                                                         QUERY PLAN                                                          
-----------------------------------------------------------------------------------------------------------------------------
 Limit  (cost=101.06..101.06 rows=1 width=20) (actual time=0.326..0.326 rows=0 loops=1)
   ->  Limit  (cost=100.94..100.96 rows=10 width=20) (actual time=0.324..0.325 rows=10 loops=1)
         ->  Sort  (cost=100.94..103.44 rows=1000 width=20) (actual time=0.323..0.324 rows=10 loops=1)
               Sort Key: s_4.a, s_4.b, s_4.c, s_4.d, s_4.e
               Sort Method: top-N heapsort  Memory: 25kB
               ->  Sort  (cost=66.83..69.33 rows=1000 width=20) (actual time=0.191..0.225 rows=1000 loops=1)
                     Sort Key: s_4.a, s_4.b, s_4.c, s_4.d
                     Sort Method: quicksort  Memory: 103kB
                     ->  Seq Scan on s_4  (cost=0.00..17.00 rows=1000 width=20) (actual time=0.006..0.062 rows=1000 loops=1)
 Planning time: 0.219 ms
 Execution time: 0.350 ms
(11 rows)

===== 265 [Wed Mar  7 01:55:03 CET 2018] scale:1000 groups:1000 work_mem:128MB incremental:on max_workers:0 =====
SELECT * FROM (SELECT * FROM s_1 ORDER BY a) foo ORDER BY a, b LIMIT 10
                                                         QUERY PLAN                                                          
-----------------------------------------------------------------------------------------------------------------------------
 Limit  (cost=67.26..67.26 rows=1 width=20) (actual time=0.223..0.223 rows=0 loops=1)
   ->  Limit  (cost=66.86..67.16 rows=10 width=20) (actual time=0.221..0.222 rows=10 loops=1)
         ->  Incremental Sort  (cost=66.86..97.08 rows=1000 width=20) (actual time=0.220..0.221 rows=10 loops=1)
               Sort Key: s_1.a, s_1.b
               Presorted Key: s_1.a
               Sort Method: quicksort  Memory: 27kB
               Sort Groups: 1
               ->  Sort  (cost=66.83..69.33 rows=1000 width=20) (actual time=0.181..0.182 rows=34 loops=1)
                     Sort Key: s_1.a
                     Sort Method: quicksort  Memory: 103kB
                     ->  Seq Scan on s_1  (cost=0.00..17.00 rows=1000 width=20) (actual time=0.004..0.063 rows=1000 loops=1)
 Planning time: 0.220 ms
 Execution time: 0.247 ms
(13 rows)

===== 266 [Wed Mar  7 01:55:03 CET 2018] scale:1000 groups:1000 work_mem:128MB incremental:on max_workers:0 =====
SELECT * FROM (SELECT * FROM s_2 ORDER BY a, b) foo ORDER BY a, b, c LIMIT 10
                                                         QUERY PLAN                                                          
-----------------------------------------------------------------------------------------------------------------------------
 Limit  (cost=67.26..67.26 rows=1 width=20) (actual time=0.234..0.234 rows=0 loops=1)
   ->  Limit  (cost=66.86..67.16 rows=10 width=20) (actual time=0.232..0.233 rows=10 loops=1)
         ->  Incremental Sort  (cost=66.86..97.08 rows=1000 width=20) (actual time=0.231..0.232 rows=10 loops=1)
               Sort Key: s_2.a, s_2.b, s_2.c
               Presorted Key: s_2.a, s_2.b
               Sort Method: quicksort  Memory: 27kB
               Sort Groups: 1
               ->  Sort  (cost=66.83..69.33 rows=1000 width=20) (actual time=0.194..0.195 rows=33 loops=1)
                     Sort Key: s_2.a, s_2.b
                     Sort Method: quicksort  Memory: 103kB
                     ->  Seq Scan on s_2  (cost=0.00..17.00 rows=1000 width=20) (actual time=0.009..0.062 rows=1000 loops=1)
 Planning time: 0.222 ms
 Execution time: 0.258 ms
(13 rows)

===== 267 [Wed Mar  7 01:55:03 CET 2018] scale:1000 groups:1000 work_mem:128MB incremental:on max_workers:0 =====
SELECT * FROM (SELECT * FROM s_3 ORDER BY a, b, c) foo ORDER BY a, b, c, d LIMIT 10
                                                         QUERY PLAN                                                          
-----------------------------------------------------------------------------------------------------------------------------
 Limit  (cost=67.26..67.26 rows=1 width=20) (actual time=0.244..0.244 rows=0 loops=1)
   ->  Limit  (cost=66.86..67.16 rows=10 width=20) (actual time=0.242..0.243 rows=10 loops=1)
         ->  Incremental Sort  (cost=66.86..97.26 rows=1000 width=20) (actual time=0.242..0.242 rows=10 loops=1)
               Sort Key: s_3.a, s_3.b, s_3.c, s_3.d
               Presorted Key: s_3.a, s_3.b, s_3.c
               Sort Method: quicksort  Memory: 27kB
               Sort Groups: 1
               ->  Sort  (cost=66.83..69.33 rows=1000 width=20) (actual time=0.204..0.205 rows=33 loops=1)
                     Sort Key: s_3.a, s_3.b, s_3.c
                     Sort Method: quicksort  Memory: 103kB
                     ->  Seq Scan on s_3  (cost=0.00..17.00 rows=1000 width=20) (actual time=0.007..0.063 rows=1000 loops=1)
 Planning time: 0.220 ms
 Execution time: 0.269 ms
(13 rows)

===== 268 [Wed Mar  7 01:55:03 CET 2018] scale:1000 groups:1000 work_mem:128MB incremental:on max_workers:0 =====
SELECT * FROM (SELECT * FROM s_4 ORDER BY a, b, c, d) foo ORDER BY a, b, c, d, e LIMIT 10
                                                         QUERY PLAN                                                          
-----------------------------------------------------------------------------------------------------------------------------
 Limit  (cost=67.26..67.26 rows=1 width=20) (actual time=0.239..0.239 rows=0 loops=1)
   ->  Limit  (cost=66.86..67.16 rows=10 width=20) (actual time=0.237..0.238 rows=10 loops=1)
         ->  Incremental Sort  (cost=66.86..97.32 rows=1000 width=20) (actual time=0.236..0.237 rows=10 loops=1)
               Sort Key: s_4.a, s_4.b, s_4.c, s_4.d, s_4.e
               Presorted Key: s_4.a, s_4.b, s_4.c, s_4.d
               Sort Method: quicksort  Memory: 27kB
               Sort Groups: 1
               ->  Sort  (cost=66.83..69.33 rows=1000 width=20) (actual time=0.193..0.194 rows=33 loops=1)
                     Sort Key: s_4.a, s_4.b, s_4.c, s_4.d
                     Sort Method: quicksort  Memory: 103kB
                     ->  Seq Scan on s_4  (cost=0.00..17.00 rows=1000 width=20) (actual time=0.007..0.062 rows=1000 loops=1)
 Planning time: 0.228 ms
 Execution time: 0.270 ms
(13 rows)

===== 269 [Wed Mar  7 01:55:03 CET 2018] scale:1000 groups:1000 work_mem:128MB incremental:off max_workers:0 =====
SELECT * FROM (SELECT * FROM s_1 ORDER BY a) foo ORDER BY a, b LIMIT 10
                                                         QUERY PLAN                                                          
-----------------------------------------------------------------------------------------------------------------------------
 Limit  (cost=101.06..101.06 rows=1 width=20) (actual time=0.306..0.306 rows=0 loops=1)
   ->  Limit  (cost=100.94..100.96 rows=10 width=20) (actual time=0.304..0.305 rows=10 loops=1)
         ->  Sort  (cost=100.94..103.44 rows=1000 width=20) (actual time=0.304..0.304 rows=10 loops=1)
               Sort Key: s_1.a, s_1.b
               Sort Method: top-N heapsort  Memory: 25kB
               ->  Sort  (cost=66.83..69.33 rows=1000 width=20) (actual time=0.182..0.215 rows=1000 loops=1)
                     Sort Key: s_1.a
                     Sort Method: quicksort  Memory: 103kB
                     ->  Seq Scan on s_1  (cost=0.00..17.00 rows=1000 width=20) (actual time=0.004..0.063 rows=1000 loops=1)
 Planning time: 0.210 ms
 Execution time: 0.333 ms
(11 rows)

===== 270 [Wed Mar  7 01:55:03 CET 2018] scale:1000 groups:1000 work_mem:128MB incremental:off max_workers:0 =====
SELECT * FROM (SELECT * FROM s_2 ORDER BY a, b) foo ORDER BY a, b, c LIMIT 10
                                                         QUERY PLAN                                                          
-----------------------------------------------------------------------------------------------------------------------------
 Limit  (cost=101.06..101.06 rows=1 width=20) (actual time=0.312..0.312 rows=0 loops=1)
   ->  Limit  (cost=100.94..100.96 rows=10 width=20) (actual time=0.310..0.311 rows=10 loops=1)
         ->  Sort  (cost=100.94..103.44 rows=1000 width=20) (actual time=0.310..0.310 rows=10 loops=1)
               Sort Key: s_2.a, s_2.b, s_2.c
               Sort Method: top-N heapsort  Memory: 25kB
               ->  Sort  (cost=66.83..69.33 rows=1000 width=20) (actual time=0.188..0.222 rows=1000 loops=1)
                     Sort Key: s_2.a, s_2.b
                     Sort Method: quicksort  Memory: 103kB
                     ->  Seq Scan on s_2  (cost=0.00..17.00 rows=1000 width=20) (actual time=0.009..0.062 rows=1000 loops=1)
 Planning time: 0.213 ms
 Execution time: 0.337 ms
(11 rows)

===== 271 [Wed Mar  7 01:55:03 CET 2018] scale:1000 groups:1000 work_mem:128MB incremental:off max_workers:0 =====
SELECT * FROM (SELECT * FROM s_3 ORDER BY a, b, c) foo ORDER BY a, b, c, d LIMIT 10
                                                         QUERY PLAN                                                          
-----------------------------------------------------------------------------------------------------------------------------
 Limit  (cost=101.06..101.06 rows=1 width=20) (actual time=0.324..0.324 rows=0 loops=1)
   ->  Limit  (cost=100.94..100.96 rows=10 width=20) (actual time=0.322..0.323 rows=10 loops=1)
         ->  Sort  (cost=100.94..103.44 rows=1000 width=20) (actual time=0.322..0.322 rows=10 loops=1)
               Sort Key: s_3.a, s_3.b, s_3.c, s_3.d
               Sort Method: top-N heapsort  Memory: 25kB
               ->  Sort  (cost=66.83..69.33 rows=1000 width=20) (actual time=0.194..0.228 rows=1000 loops=1)
                     Sort Key: s_3.a, s_3.b, s_3.c
                     Sort Method: quicksort  Memory: 103kB
                     ->  Seq Scan on s_3  (cost=0.00..17.00 rows=1000 width=20) (actual time=0.006..0.062 rows=1000 loops=1)
 Planning time: 0.216 ms
 Execution time: 0.348 ms
(11 rows)

===== 272 [Wed Mar  7 01:55:03 CET 2018] scale:1000 groups:1000 work_mem:128MB incremental:off max_workers:0 =====
SELECT * FROM (SELECT * FROM s_4 ORDER BY a, b, c, d) foo ORDER BY a, b, c, d, e LIMIT 10
                                                         QUERY PLAN                                                          
-----------------------------------------------------------------------------------------------------------------------------
 Limit  (cost=101.06..101.06 rows=1 width=20) (actual time=0.327..0.327 rows=0 loops=1)
   ->  Limit  (cost=100.94..100.96 rows=10 width=20) (actual time=0.325..0.326 rows=10 loops=1)
         ->  Sort  (cost=100.94..103.44 rows=1000 width=20) (actual time=0.325..0.325 rows=10 loops=1)
               Sort Key: s_4.a, s_4.b, s_4.c, s_4.d, s_4.e
               Sort Method: top-N heapsort  Memory: 25kB
               ->  Sort  (cost=66.83..69.33 rows=1000 width=20) (actual time=0.193..0.227 rows=1000 loops=1)
                     Sort Key: s_4.a, s_4.b, s_4.c, s_4.d
                     Sort Method: quicksort  Memory: 103kB
                     ->  Seq Scan on s_4  (cost=0.00..17.00 rows=1000 width=20) (actual time=0.007..0.062 rows=1000 loops=1)
 Planning time: 0.224 ms
 Execution time: 0.352 ms
(11 rows)

===== 273 [Wed Mar  7 01:55:03 CET 2018] scale:1000 groups:1000 work_mem:256MB incremental:on max_workers:0 =====
SELECT * FROM (SELECT * FROM s_1 ORDER BY a) foo ORDER BY a, b LIMIT 10
                                                         QUERY PLAN                                                          
-----------------------------------------------------------------------------------------------------------------------------
 Limit  (cost=67.26..67.26 rows=1 width=20) (actual time=0.226..0.226 rows=0 loops=1)
   ->  Limit  (cost=66.86..67.16 rows=10 width=20) (actual time=0.224..0.225 rows=10 loops=1)
         ->  Incremental Sort  (cost=66.86..97.08 rows=1000 width=20) (actual time=0.223..0.224 rows=10 loops=1)
               Sort Key: s_1.a, s_1.b
               Presorted Key: s_1.a
               Sort Method: quicksort  Memory: 27kB
               Sort Groups: 1
               ->  Sort  (cost=66.83..69.33 rows=1000 width=20) (actual time=0.182..0.183 rows=34 loops=1)
                     Sort Key: s_1.a
                     Sort Method: quicksort  Memory: 103kB
                     ->  Seq Scan on s_1  (cost=0.00..17.00 rows=1000 width=20) (actual time=0.004..0.063 rows=1000 loops=1)
 Planning time: 0.224 ms
 Execution time: 0.253 ms
(13 rows)

===== 274 [Wed Mar  7 01:55:03 CET 2018] scale:1000 groups:1000 work_mem:256MB incremental:on max_workers:0 =====
SELECT * FROM (SELECT * FROM s_2 ORDER BY a, b) foo ORDER BY a, b, c LIMIT 10
                                                         QUERY PLAN                                                          
-----------------------------------------------------------------------------------------------------------------------------
 Limit  (cost=67.26..67.26 rows=1 width=20) (actual time=0.227..0.227 rows=0 loops=1)
   ->  Limit  (cost=66.86..67.16 rows=10 width=20) (actual time=0.225..0.226 rows=10 loops=1)
         ->  Incremental Sort  (cost=66.86..97.08 rows=1000 width=20) (actual time=0.225..0.225 rows=10 loops=1)
               Sort Key: s_2.a, s_2.b, s_2.c
               Presorted Key: s_2.a, s_2.b
               Sort Method: quicksort  Memory: 27kB
               Sort Groups: 1
               ->  Sort  (cost=66.83..69.33 rows=1000 width=20) (actual time=0.188..0.189 rows=33 loops=1)
                     Sort Key: s_2.a, s_2.b
                     Sort Method: quicksort  Memory: 103kB
                     ->  Seq Scan on s_2  (cost=0.00..17.00 rows=1000 width=20) (actual time=0.009..0.062 rows=1000 loops=1)
 Planning time: 0.218 ms
 Execution time: 0.252 ms
(13 rows)

===== 275 [Wed Mar  7 01:55:03 CET 2018] scale:1000 groups:1000 work_mem:256MB incremental:on max_workers:0 =====
SELECT * FROM (SELECT * FROM s_3 ORDER BY a, b, c) foo ORDER BY a, b, c, d LIMIT 10
                                                         QUERY PLAN                                                          
-----------------------------------------------------------------------------------------------------------------------------
 Limit  (cost=67.26..67.26 rows=1 width=20) (actual time=0.246..0.246 rows=0 loops=1)
   ->  Limit  (cost=66.86..67.16 rows=10 width=20) (actual time=0.243..0.245 rows=10 loops=1)
         ->  Incremental Sort  (cost=66.86..97.26 rows=1000 width=20) (actual time=0.243..0.244 rows=10 loops=1)
               Sort Key: s_3.a, s_3.b, s_3.c, s_3.d
               Presorted Key: s_3.a, s_3.b, s_3.c
               Sort Method: quicksort  Memory: 27kB
               Sort Groups: 1
               ->  Sort  (cost=66.83..69.33 rows=1000 width=20) (actual time=0.205..0.206 rows=33 loops=1)
                     Sort Key: s_3.a, s_3.b, s_3.c
                     Sort Method: quicksort  Memory: 103kB
                     ->  Seq Scan on s_3  (cost=0.00..17.00 rows=1000 width=20) (actual time=0.007..0.063 rows=1000 loops=1)
 Planning time: 0.225 ms
 Execution time: 0.271 ms
(13 rows)

===== 276 [Wed Mar  7 01:55:03 CET 2018] scale:1000 groups:1000 work_mem:256MB incremental:on max_workers:0 =====
SELECT * FROM (SELECT * FROM s_4 ORDER BY a, b, c, d) foo ORDER BY a, b, c, d, e LIMIT 10
                                                         QUERY PLAN                                                          
-----------------------------------------------------------------------------------------------------------------------------
 Limit  (cost=67.26..67.26 rows=1 width=20) (actual time=0.237..0.237 rows=0 loops=1)
   ->  Limit  (cost=66.86..67.16 rows=10 width=20) (actual time=0.234..0.235 rows=10 loops=1)
         ->  Incremental Sort  (cost=66.86..97.32 rows=1000 width=20) (actual time=0.234..0.234 rows=10 loops=1)
               Sort Key: s_4.a, s_4.b, s_4.c, s_4.d, s_4.e
               Presorted Key: s_4.a, s_4.b, s_4.c, s_4.d
               Sort Method: quicksort  Memory: 27kB
               Sort Groups: 1
               ->  Sort  (cost=66.83..69.33 rows=1000 width=20) (actual time=0.192..0.193 rows=33 loops=1)
                     Sort Key: s_4.a, s_4.b, s_4.c, s_4.d
                     Sort Method: quicksort  Memory: 103kB
                     ->  Seq Scan on s_4  (cost=0.00..17.00 rows=1000 width=20) (actual time=0.006..0.062 rows=1000 loops=1)
 Planning time: 0.225 ms
 Execution time: 0.262 ms
(13 rows)

===== 277 [Wed Mar  7 01:55:03 CET 2018] scale:1000 groups:1000 work_mem:256MB incremental:off max_workers:0 =====
SELECT * FROM (SELECT * FROM s_1 ORDER BY a) foo ORDER BY a, b LIMIT 10
                                                         QUERY PLAN                                                          
-----------------------------------------------------------------------------------------------------------------------------
 Limit  (cost=101.06..101.06 rows=1 width=20) (actual time=0.306..0.306 rows=0 loops=1)
   ->  Limit  (cost=100.94..100.96 rows=10 width=20) (actual time=0.304..0.305 rows=10 loops=1)
         ->  Sort  (cost=100.94..103.44 rows=1000 width=20) (actual time=0.304..0.304 rows=10 loops=1)
               Sort Key: s_1.a, s_1.b
               Sort Method: top-N heapsort  Memory: 25kB
               ->  Sort  (cost=66.83..69.33 rows=1000 width=20) (actual time=0.182..0.216 rows=1000 loops=1)
                     Sort Key: s_1.a
                     Sort Method: quicksort  Memory: 103kB
                     ->  Seq Scan on s_1  (cost=0.00..17.00 rows=1000 width=20) (actual time=0.004..0.063 rows=1000 loops=1)
 Planning time: 0.209 ms
 Execution time: 0.333 ms
(11 rows)

===== 278 [Wed Mar  7 01:55:03 CET 2018] scale:1000 groups:1000 work_mem:256MB incremental:off max_workers:0 =====
SELECT * FROM (SELECT * FROM s_2 ORDER BY a, b) foo ORDER BY a, b, c LIMIT 10
                                                         QUERY PLAN                                                          
-----------------------------------------------------------------------------------------------------------------------------
 Limit  (cost=101.06..101.06 rows=1 width=20) (actual time=0.310..0.310 rows=0 loops=1)
   ->  Limit  (cost=100.94..100.96 rows=10 width=20) (actual time=0.308..0.309 rows=10 loops=1)
         ->  Sort  (cost=100.94..103.44 rows=1000 width=20) (actual time=0.308..0.308 rows=10 loops=1)
               Sort Key: s_2.a, s_2.b, s_2.c
               Sort Method: top-N heapsort  Memory: 25kB
               ->  Sort  (cost=66.83..69.33 rows=1000 width=20) (actual time=0.187..0.220 rows=1000 loops=1)
                     Sort Key: s_2.a, s_2.b
                     Sort Method: quicksort  Memory: 103kB
                     ->  Seq Scan on s_2  (cost=0.00..17.00 rows=1000 width=20) (actual time=0.009..0.062 rows=1000 loops=1)
 Planning time: 0.220 ms
 Execution time: 0.336 ms
(11 rows)

===== 279 [Wed Mar  7 01:55:04 CET 2018] scale:1000 groups:1000 work_mem:256MB incremental:off max_workers:0 =====
SELECT * FROM (SELECT * FROM s_3 ORDER BY a, b, c) foo ORDER BY a, b, c, d LIMIT 10
                                                         QUERY PLAN                                                          
-----------------------------------------------------------------------------------------------------------------------------
 Limit  (cost=101.06..101.06 rows=1 width=20) (actual time=0.324..0.324 rows=0 loops=1)
   ->  Limit  (cost=100.94..100.96 rows=10 width=20) (actual time=0.322..0.323 rows=10 loops=1)
         ->  Sort  (cost=100.94..103.44 rows=1000 width=20) (actual time=0.322..0.322 rows=10 loops=1)
               Sort Key: s_3.a, s_3.b, s_3.c, s_3.d
               Sort Method: top-N heapsort  Memory: 25kB
               ->  Sort  (cost=66.83..69.33 rows=1000 width=20) (actual time=0.195..0.229 rows=1000 loops=1)
                     Sort Key: s_3.a, s_3.b, s_3.c
                     Sort Method: quicksort  Memory: 103kB
                     ->  Seq Scan on s_3  (cost=0.00..17.00 rows=1000 width=20) (actual time=0.007..0.062 rows=1000 loops=1)
 Planning time: 0.218 ms
 Execution time: 0.349 ms
(11 rows)

===== 280 [Wed Mar  7 01:55:04 CET 2018] scale:1000 groups:1000 work_mem:256MB incremental:off max_workers:0 =====
SELECT * FROM (SELECT * FROM s_4 ORDER BY a, b, c, d) foo ORDER BY a, b, c, d, e LIMIT 10
                                                         QUERY PLAN                                                          
-----------------------------------------------------------------------------------------------------------------------------
 Limit  (cost=101.06..101.06 rows=1 width=20) (actual time=0.325..0.325 rows=0 loops=1)
   ->  Limit  (cost=100.94..100.96 rows=10 width=20) (actual time=0.323..0.324 rows=10 loops=1)
         ->  Sort  (cost=100.94..103.44 rows=1000 width=20) (actual time=0.322..0.323 rows=10 loops=1)
               Sort Key: s_4.a, s_4.b, s_4.c, s_4.d, s_4.e
               Sort Method: top-N heapsort  Memory: 25kB
               ->  Sort  (cost=66.83..69.33 rows=1000 width=20) (actual time=0.191..0.225 rows=1000 loops=1)
                     Sort Key: s_4.a, s_4.b, s_4.c, s_4.d
                     Sort Method: quicksort  Memory: 103kB
                     ->  Seq Scan on s_4  (cost=0.00..17.00 rows=1000 width=20) (actual time=0.006..0.062 rows=1000 loops=1)
 Planning time: 0.218 ms
 Execution time: 0.350 ms
(11 rows)

===== 281 [Wed Mar  7 01:55:04 CET 2018] scale:1000 groups:1000 work_mem:4MB incremental:on max_workers:2 =====
SELECT * FROM (SELECT * FROM s_1 ORDER BY a) foo ORDER BY a, b LIMIT 10
                                                         QUERY PLAN                                                          
-----------------------------------------------------------------------------------------------------------------------------
 Limit  (cost=67.26..67.26 rows=1 width=20) (actual time=0.225..0.225 rows=0 loops=1)
   ->  Limit  (cost=66.86..67.16 rows=10 width=20) (actual time=0.223..0.224 rows=10 loops=1)
         ->  Incremental Sort  (cost=66.86..97.08 rows=1000 width=20) (actual time=0.222..0.223 rows=10 loops=1)
               Sort Key: s_1.a, s_1.b
               Presorted Key: s_1.a
               Sort Method: quicksort  Memory: 27kB
               Sort Groups: 1
               ->  Sort  (cost=66.83..69.33 rows=1000 width=20) (actual time=0.182..0.183 rows=34 loops=1)
                     Sort Key: s_1.a
                     Sort Method: quicksort  Memory: 103kB
                     ->  Seq Scan on s_1  (cost=0.00..17.00 rows=1000 width=20) (actual time=0.004..0.063 rows=1000 loops=1)
 Planning time: 0.217 ms
 Execution time: 0.252 ms
(13 rows)

===== 282 [Wed Mar  7 01:55:04 CET 2018] scale:1000 groups:1000 work_mem:4MB incremental:on max_workers:2 =====
SELECT * FROM (SELECT * FROM s_2 ORDER BY a, b) foo ORDER BY a, b, c LIMIT 10
                                                         QUERY PLAN                                                          
-----------------------------------------------------------------------------------------------------------------------------
 Limit  (cost=67.26..67.26 rows=1 width=20) (actual time=0.226..0.226 rows=0 loops=1)
   ->  Limit  (cost=66.86..67.16 rows=10 width=20) (actual time=0.224..0.225 rows=10 loops=1)
         ->  Incremental Sort  (cost=66.86..97.08 rows=1000 width=20) (actual time=0.224..0.224 rows=10 loops=1)
               Sort Key: s_2.a, s_2.b, s_2.c
               Presorted Key: s_2.a, s_2.b
               Sort Method: quicksort  Memory: 27kB
               Sort Groups: 1
               ->  Sort  (cost=66.83..69.33 rows=1000 width=20) (actual time=0.187..0.188 rows=33 loops=1)
                     Sort Key: s_2.a, s_2.b
                     Sort Method: quicksort  Memory: 103kB
                     ->  Seq Scan on s_2  (cost=0.00..17.00 rows=1000 width=20) (actual time=0.009..0.062 rows=1000 loops=1)
 Planning time: 0.232 ms
 Execution time: 0.251 ms
(13 rows)

===== 283 [Wed Mar  7 01:55:04 CET 2018] scale:1000 groups:1000 work_mem:4MB incremental:on max_workers:2 =====
SELECT * FROM (SELECT * FROM s_3 ORDER BY a, b, c) foo ORDER BY a, b, c, d LIMIT 10
                                                         QUERY PLAN                                                          
-----------------------------------------------------------------------------------------------------------------------------
 Limit  (cost=67.26..67.26 rows=1 width=20) (actual time=0.236..0.236 rows=0 loops=1)
   ->  Limit  (cost=66.86..67.16 rows=10 width=20) (actual time=0.234..0.235 rows=10 loops=1)
         ->  Incremental Sort  (cost=66.86..97.26 rows=1000 width=20) (actual time=0.234..0.234 rows=10 loops=1)
               Sort Key: s_3.a, s_3.b, s_3.c, s_3.d
               Presorted Key: s_3.a, s_3.b, s_3.c
               Sort Method: quicksort  Memory: 27kB
               Sort Groups: 1
               ->  Sort  (cost=66.83..69.33 rows=1000 width=20) (actual time=0.196..0.197 rows=33 loops=1)
                     Sort Key: s_3.a, s_3.b, s_3.c
                     Sort Method: quicksort  Memory: 103kB
                     ->  Seq Scan on s_3  (cost=0.00..17.00 rows=1000 width=20) (actual time=0.007..0.063 rows=1000 loops=1)
 Planning time: 0.230 ms
 Execution time: 0.261 ms
(13 rows)

===== 284 [Wed Mar  7 01:55:04 CET 2018] scale:1000 groups:1000 work_mem:4MB incremental:on max_workers:2 =====
SELECT * FROM (SELECT * FROM s_4 ORDER BY a, b, c, d) foo ORDER BY a, b, c, d, e LIMIT 10
                                                         QUERY PLAN                                                          
-----------------------------------------------------------------------------------------------------------------------------
 Limit  (cost=67.26..67.26 rows=1 width=20) (actual time=0.238..0.238 rows=0 loops=1)
   ->  Limit  (cost=66.86..67.16 rows=10 width=20) (actual time=0.236..0.237 rows=10 loops=1)
         ->  Incremental Sort  (cost=66.86..97.32 rows=1000 width=20) (actual time=0.236..0.236 rows=10 loops=1)
               Sort Key: s_4.a, s_4.b, s_4.c, s_4.d, s_4.e
               Presorted Key: s_4.a, s_4.b, s_4.c, s_4.d
               Sort Method: quicksort  Memory: 27kB
               Sort Groups: 1
               ->  Sort  (cost=66.83..69.33 rows=1000 width=20) (actual time=0.193..0.195 rows=33 loops=1)
                     Sort Key: s_4.a, s_4.b, s_4.c, s_4.d
                     Sort Method: quicksort  Memory: 103kB
                     ->  Seq Scan on s_4  (cost=0.00..17.00 rows=1000 width=20) (actual time=0.007..0.062 rows=1000 loops=1)
 Planning time: 0.241 ms
 Execution time: 0.263 ms
(13 rows)

===== 285 [Wed Mar  7 01:55:04 CET 2018] scale:1000 groups:1000 work_mem:4MB incremental:off max_workers:2 =====
SELECT * FROM (SELECT * FROM s_1 ORDER BY a) foo ORDER BY a, b LIMIT 10
                                                         QUERY PLAN                                                          
-----------------------------------------------------------------------------------------------------------------------------
 Limit  (cost=101.06..101.06 rows=1 width=20) (actual time=0.314..0.314 rows=0 loops=1)
   ->  Limit  (cost=100.94..100.96 rows=10 width=20) (actual time=0.311..0.312 rows=10 loops=1)
         ->  Sort  (cost=100.94..103.44 rows=1000 width=20) (actual time=0.311..0.311 rows=10 loops=1)
               Sort Key: s_1.a, s_1.b
               Sort Method: top-N heapsort  Memory: 25kB
               ->  Sort  (cost=66.83..69.33 rows=1000 width=20) (actual time=0.181..0.215 rows=1000 loops=1)
                     Sort Key: s_1.a
                     Sort Method: quicksort  Memory: 103kB
                     ->  Seq Scan on s_1  (cost=0.00..17.00 rows=1000 width=20) (actual time=0.004..0.063 rows=1000 loops=1)
 Planning time: 0.215 ms
 Execution time: 0.338 ms
(11 rows)

===== 286 [Wed Mar  7 01:55:04 CET 2018] scale:1000 groups:1000 work_mem:4MB incremental:off max_workers:2 =====
SELECT * FROM (SELECT * FROM s_2 ORDER BY a, b) foo ORDER BY a, b, c LIMIT 10
                                                         QUERY PLAN                                                          
-----------------------------------------------------------------------------------------------------------------------------
 Limit  (cost=101.06..101.06 rows=1 width=20) (actual time=0.313..0.313 rows=0 loops=1)
   ->  Limit  (cost=100.94..100.96 rows=10 width=20) (actual time=0.311..0.312 rows=10 loops=1)
         ->  Sort  (cost=100.94..103.44 rows=1000 width=20) (actual time=0.310..0.311 rows=10 loops=1)
               Sort Key: s_2.a, s_2.b, s_2.c
               Sort Method: top-N heapsort  Memory: 25kB
               ->  Sort  (cost=66.83..69.33 rows=1000 width=20) (actual time=0.189..0.222 rows=1000 loops=1)
                     Sort Key: s_2.a, s_2.b
                     Sort Method: quicksort  Memory: 103kB
                     ->  Seq Scan on s_2  (cost=0.00..17.00 rows=1000 width=20) (actual time=0.009..0.062 rows=1000 loops=1)
 Planning time: 0.225 ms
 Execution time: 0.337 ms
(11 rows)

===== 287 [Wed Mar  7 01:55:04 CET 2018] scale:1000 groups:1000 work_mem:4MB incremental:off max_workers:2 =====
SELECT * FROM (SELECT * FROM s_3 ORDER BY a, b, c) foo ORDER BY a, b, c, d LIMIT 10
                                                         QUERY PLAN                                                          
-----------------------------------------------------------------------------------------------------------------------------
 Limit  (cost=101.06..101.06 rows=1 width=20) (actual time=0.324..0.324 rows=0 loops=1)
   ->  Limit  (cost=100.94..100.96 rows=10 width=20) (actual time=0.322..0.323 rows=10 loops=1)
         ->  Sort  (cost=100.94..103.44 rows=1000 width=20) (actual time=0.322..0.322 rows=10 loops=1)
               Sort Key: s_3.a, s_3.b, s_3.c, s_3.d
               Sort Method: top-N heapsort  Memory: 25kB
               ->  Sort  (cost=66.83..69.33 rows=1000 width=20) (actual time=0.195..0.229 rows=1000 loops=1)
                     Sort Key: s_3.a, s_3.b, s_3.c
                     Sort Method: quicksort  Memory: 103kB
                     ->  Seq Scan on s_3  (cost=0.00..17.00 rows=1000 width=20) (actual time=0.007..0.062 rows=1000 loops=1)
 Planning time: 0.221 ms
 Execution time: 0.348 ms
(11 rows)

===== 288 [Wed Mar  7 01:55:04 CET 2018] scale:1000 groups:1000 work_mem:4MB incremental:off max_workers:2 =====
SELECT * FROM (SELECT * FROM s_4 ORDER BY a, b, c, d) foo ORDER BY a, b, c, d, e LIMIT 10
                                                         QUERY PLAN                                                          
-----------------------------------------------------------------------------------------------------------------------------
 Limit  (cost=101.06..101.06 rows=1 width=20) (actual time=0.327..0.327 rows=0 loops=1)
   ->  Limit  (cost=100.94..100.96 rows=10 width=20) (actual time=0.325..0.326 rows=10 loops=1)
         ->  Sort  (cost=100.94..103.44 rows=1000 width=20) (actual time=0.324..0.325 rows=10 loops=1)
               Sort Key: s_4.a, s_4.b, s_4.c, s_4.d, s_4.e
               Sort Method: top-N heapsort  Memory: 25kB
               ->  Sort  (cost=66.83..69.33 rows=1000 width=20) (actual time=0.193..0.227 rows=1000 loops=1)
                     Sort Key: s_4.a, s_4.b, s_4.c, s_4.d
                     Sort Method: quicksort  Memory: 103kB
                     ->  Seq Scan on s_4  (cost=0.00..17.00 rows=1000 width=20) (actual time=0.007..0.062 rows=1000 loops=1)
 Planning time: 0.224 ms
 Execution time: 0.351 ms
(11 rows)

===== 289 [Wed Mar  7 01:55:04 CET 2018] scale:1000 groups:1000 work_mem:8MB incremental:on max_workers:2 =====
SELECT * FROM (SELECT * FROM s_1 ORDER BY a) foo ORDER BY a, b LIMIT 10
                                                         QUERY PLAN                                                          
-----------------------------------------------------------------------------------------------------------------------------
 Limit  (cost=67.26..67.26 rows=1 width=20) (actual time=0.223..0.223 rows=0 loops=1)
   ->  Limit  (cost=66.86..67.16 rows=10 width=20) (actual time=0.221..0.222 rows=10 loops=1)
         ->  Incremental Sort  (cost=66.86..97.08 rows=1000 width=20) (actual time=0.221..0.221 rows=10 loops=1)
               Sort Key: s_1.a, s_1.b
               Presorted Key: s_1.a
               Sort Method: quicksort  Memory: 27kB
               Sort Groups: 1
               ->  Sort  (cost=66.83..69.33 rows=1000 width=20) (actual time=0.180..0.181 rows=34 loops=1)
                     Sort Key: s_1.a
                     Sort Method: quicksort  Memory: 103kB
                     ->  Seq Scan on s_1  (cost=0.00..17.00 rows=1000 width=20) (actual time=0.004..0.063 rows=1000 loops=1)
 Planning time: 0.226 ms
 Execution time: 0.249 ms
(13 rows)

===== 290 [Wed Mar  7 01:55:04 CET 2018] scale:1000 groups:1000 work_mem:8MB incremental:on max_workers:2 =====
SELECT * FROM (SELECT * FROM s_2 ORDER BY a, b) foo ORDER BY a, b, c LIMIT 10
                                                         QUERY PLAN                                                          
-----------------------------------------------------------------------------------------------------------------------------
 Limit  (cost=67.26..67.26 rows=1 width=20) (actual time=0.237..0.237 rows=0 loops=1)
   ->  Limit  (cost=66.86..67.16 rows=10 width=20) (actual time=0.234..0.235 rows=10 loops=1)
         ->  Incremental Sort  (cost=66.86..97.08 rows=1000 width=20) (actual time=0.234..0.234 rows=10 loops=1)
               Sort Key: s_2.a, s_2.b, s_2.c
               Presorted Key: s_2.a, s_2.b
               Sort Method: quicksort  Memory: 27kB
               Sort Groups: 1
               ->  Sort  (cost=66.83..69.33 rows=1000 width=20) (actual time=0.194..0.196 rows=33 loops=1)
                     Sort Key: s_2.a, s_2.b
                     Sort Method: quicksort  Memory: 103kB
                     ->  Seq Scan on s_2  (cost=0.00..17.00 rows=1000 width=20) (actual time=0.009..0.067 rows=1000 loops=1)
 Planning time: 0.222 ms
 Execution time: 0.261 ms
(13 rows)

===== 291 [Wed Mar  7 01:55:04 CET 2018] scale:1000 groups:1000 work_mem:8MB incremental:on max_workers:2 =====
SELECT * FROM (SELECT * FROM s_3 ORDER BY a, b, c) foo ORDER BY a, b, c, d LIMIT 10
                                                         QUERY PLAN                                                          
-----------------------------------------------------------------------------------------------------------------------------
 Limit  (cost=67.26..67.26 rows=1 width=20) (actual time=0.239..0.239 rows=0 loops=1)
   ->  Limit  (cost=66.86..67.16 rows=10 width=20) (actual time=0.237..0.238 rows=10 loops=1)
         ->  Incremental Sort  (cost=66.86..97.26 rows=1000 width=20) (actual time=0.237..0.237 rows=10 loops=1)
               Sort Key: s_3.a, s_3.b, s_3.c, s_3.d
               Presorted Key: s_3.a, s_3.b, s_3.c
               Sort Method: quicksort  Memory: 27kB
               Sort Groups: 1
               ->  Sort  (cost=66.83..69.33 rows=1000 width=20) (actual time=0.200..0.201 rows=33 loops=1)
                     Sort Key: s_3.a, s_3.b, s_3.c
                     Sort Method: quicksort  Memory: 103kB
                     ->  Seq Scan on s_3  (cost=0.00..17.00 rows=1000 width=20) (actual time=0.007..0.067 rows=1000 loops=1)
 Planning time: 0.227 ms
 Execution time: 0.264 ms
(13 rows)

===== 292 [Wed Mar  7 01:55:04 CET 2018] scale:1000 groups:1000 work_mem:8MB incremental:on max_workers:2 =====
SELECT * FROM (SELECT * FROM s_4 ORDER BY a, b, c, d) foo ORDER BY a, b, c, d, e LIMIT 10
                                                         QUERY PLAN                                                          
-----------------------------------------------------------------------------------------------------------------------------
 Limit  (cost=67.26..67.26 rows=1 width=20) (actual time=0.244..0.244 rows=0 loops=1)
   ->  Limit  (cost=66.86..67.16 rows=10 width=20) (actual time=0.241..0.243 rows=10 loops=1)
         ->  Incremental Sort  (cost=66.86..97.32 rows=1000 width=20) (actual time=0.241..0.242 rows=10 loops=1)
               Sort Key: s_4.a, s_4.b, s_4.c, s_4.d, s_4.e
               Presorted Key: s_4.a, s_4.b, s_4.c, s_4.d
               Sort Method: quicksort  Memory: 27kB
               Sort Groups: 1
               ->  Sort  (cost=66.83..69.33 rows=1000 width=20) (actual time=0.199..0.200 rows=33 loops=1)
                     Sort Key: s_4.a, s_4.b, s_4.c, s_4.d
                     Sort Method: quicksort  Memory: 103kB
                     ->  Seq Scan on s_4  (cost=0.00..17.00 rows=1000 width=20) (actual time=0.007..0.063 rows=1000 loops=1)
 Planning time: 0.230 ms
 Execution time: 0.268 ms
(13 rows)

===== 293 [Wed Mar  7 01:55:04 CET 2018] scale:1000 groups:1000 work_mem:8MB incremental:off max_workers:2 =====
SELECT * FROM (SELECT * FROM s_1 ORDER BY a) foo ORDER BY a, b LIMIT 10
                                                         QUERY PLAN                                                          
-----------------------------------------------------------------------------------------------------------------------------
 Limit  (cost=101.06..101.06 rows=1 width=20) (actual time=0.312..0.312 rows=0 loops=1)
   ->  Limit  (cost=100.94..100.96 rows=10 width=20) (actual time=0.309..0.311 rows=10 loops=1)
         ->  Sort  (cost=100.94..103.44 rows=1000 width=20) (actual time=0.309..0.310 rows=10 loops=1)
               Sort Key: s_1.a, s_1.b
               Sort Method: top-N heapsort  Memory: 25kB
               ->  Sort  (cost=66.83..69.33 rows=1000 width=20) (actual time=0.187..0.221 rows=1000 loops=1)
                     Sort Key: s_1.a
                     Sort Method: quicksort  Memory: 103kB
                     ->  Seq Scan on s_1  (cost=0.00..17.00 rows=1000 width=20) (actual time=0.004..0.063 rows=1000 loops=1)
 Planning time: 0.211 ms
 Execution time: 0.336 ms
(11 rows)

===== 294 [Wed Mar  7 01:55:05 CET 2018] scale:1000 groups:1000 work_mem:8MB incremental:off max_workers:2 =====
SELECT * FROM (SELECT * FROM s_2 ORDER BY a, b) foo ORDER BY a, b, c LIMIT 10
                                                         QUERY PLAN                                                          
-----------------------------------------------------------------------------------------------------------------------------
 Limit  (cost=101.06..101.06 rows=1 width=20) (actual time=0.320..0.320 rows=0 loops=1)
   ->  Limit  (cost=100.94..100.96 rows=10 width=20) (actual time=0.318..0.319 rows=10 loops=1)
         ->  Sort  (cost=100.94..103.44 rows=1000 width=20) (actual time=0.318..0.318 rows=10 loops=1)
               Sort Key: s_2.a, s_2.b, s_2.c
               Sort Method: top-N heapsort  Memory: 25kB
               ->  Sort  (cost=66.83..69.33 rows=1000 width=20) (actual time=0.196..0.230 rows=1000 loops=1)
                     Sort Key: s_2.a, s_2.b
                     Sort Method: quicksort  Memory: 103kB
                     ->  Seq Scan on s_2  (cost=0.00..17.00 rows=1000 width=20) (actual time=0.009..0.063 rows=1000 loops=1)
 Planning time: 0.219 ms
 Execution time: 0.344 ms
(11 rows)

===== 295 [Wed Mar  7 01:55:05 CET 2018] scale:1000 groups:1000 work_mem:8MB incremental:off max_workers:2 =====
SELECT * FROM (SELECT * FROM s_3 ORDER BY a, b, c) foo ORDER BY a, b, c, d LIMIT 10
                                                         QUERY PLAN                                                          
-----------------------------------------------------------------------------------------------------------------------------
 Limit  (cost=101.06..101.06 rows=1 width=20) (actual time=0.325..0.325 rows=0 loops=1)
   ->  Limit  (cost=100.94..100.96 rows=10 width=20) (actual time=0.323..0.324 rows=10 loops=1)
         ->  Sort  (cost=100.94..103.44 rows=1000 width=20) (actual time=0.323..0.323 rows=10 loops=1)
               Sort Key: s_3.a, s_3.b, s_3.c, s_3.d
               Sort Method: top-N heapsort  Memory: 25kB
               ->  Sort  (cost=66.83..69.33 rows=1000 width=20) (actual time=0.194..0.228 rows=1000 loops=1)
                     Sort Key: s_3.a, s_3.b, s_3.c
                     Sort Method: quicksort  Memory: 103kB
                     ->  Seq Scan on s_3  (cost=0.00..17.00 rows=1000 width=20) (actual time=0.007..0.063 rows=1000 loops=1)
 Planning time: 0.230 ms
 Execution time: 0.349 ms
(11 rows)

===== 296 [Wed Mar  7 01:55:05 CET 2018] scale:1000 groups:1000 work_mem:8MB incremental:off max_workers:2 =====
SELECT * FROM (SELECT * FROM s_4 ORDER BY a, b, c, d) foo ORDER BY a, b, c, d, e LIMIT 10
                                                         QUERY PLAN                                                          
-----------------------------------------------------------------------------------------------------------------------------
 Limit  (cost=101.06..101.06 rows=1 width=20) (actual time=0.324..0.324 rows=0 loops=1)
   ->  Limit  (cost=100.94..100.96 rows=10 width=20) (actual time=0.322..0.323 rows=10 loops=1)
         ->  Sort  (cost=100.94..103.44 rows=1000 width=20) (actual time=0.322..0.322 rows=10 loops=1)
               Sort Key: s_4.a, s_4.b, s_4.c, s_4.d, s_4.e
               Sort Method: top-N heapsort  Memory: 25kB
               ->  Sort  (cost=66.83..69.33 rows=1000 width=20) (actual time=0.190..0.224 rows=1000 loops=1)
                     Sort Key: s_4.a, s_4.b, s_4.c, s_4.d
                     Sort Method: quicksort  Memory: 103kB
                     ->  Seq Scan on s_4  (cost=0.00..17.00 rows=1000 width=20) (actual time=0.007..0.062 rows=1000 loops=1)
 Planning time: 0.230 ms
 Execution time: 0.348 ms
(11 rows)

===== 297 [Wed Mar  7 01:55:05 CET 2018] scale:1000 groups:1000 work_mem:16MB incremental:on max_workers:2 =====
SELECT * FROM (SELECT * FROM s_1 ORDER BY a) foo ORDER BY a, b LIMIT 10
                                                         QUERY PLAN                                                          
-----------------------------------------------------------------------------------------------------------------------------
 Limit  (cost=67.26..67.26 rows=1 width=20) (actual time=0.226..0.226 rows=0 loops=1)
   ->  Limit  (cost=66.86..67.16 rows=10 width=20) (actual time=0.224..0.225 rows=10 loops=1)
         ->  Incremental Sort  (cost=66.86..97.08 rows=1000 width=20) (actual time=0.224..0.224 rows=10 loops=1)
               Sort Key: s_1.a, s_1.b
               Presorted Key: s_1.a
               Sort Method: quicksort  Memory: 27kB
               Sort Groups: 1
               ->  Sort  (cost=66.83..69.33 rows=1000 width=20) (actual time=0.182..0.183 rows=34 loops=1)
                     Sort Key: s_1.a
                     Sort Method: quicksort  Memory: 103kB
                     ->  Seq Scan on s_1  (cost=0.00..17.00 rows=1000 width=20) (actual time=0.004..0.064 rows=1000 loops=1)
 Planning time: 0.218 ms
 Execution time: 0.251 ms
(13 rows)

===== 298 [Wed Mar  7 01:55:05 CET 2018] scale:1000 groups:1000 work_mem:16MB incremental:on max_workers:2 =====
SELECT * FROM (SELECT * FROM s_2 ORDER BY a, b) foo ORDER BY a, b, c LIMIT 10
                                                         QUERY PLAN                                                          
-----------------------------------------------------------------------------------------------------------------------------
 Limit  (cost=67.26..67.26 rows=1 width=20) (actual time=0.238..0.238 rows=0 loops=1)
   ->  Limit  (cost=66.86..67.16 rows=10 width=20) (actual time=0.235..0.236 rows=10 loops=1)
         ->  Incremental Sort  (cost=66.86..97.08 rows=1000 width=20) (actual time=0.235..0.235 rows=10 loops=1)
               Sort Key: s_2.a, s_2.b, s_2.c
               Presorted Key: s_2.a, s_2.b
               Sort Method: quicksort  Memory: 27kB
               Sort Groups: 1
               ->  Sort  (cost=66.83..69.33 rows=1000 width=20) (actual time=0.196..0.197 rows=33 loops=1)
                     Sort Key: s_2.a, s_2.b
                     Sort Method: quicksort  Memory: 103kB
                     ->  Seq Scan on s_2  (cost=0.00..17.00 rows=1000 width=20) (actual time=0.009..0.063 rows=1000 loops=1)
 Planning time: 0.223 ms
 Execution time: 0.263 ms
(13 rows)

===== 299 [Wed Mar  7 01:55:05 CET 2018] scale:1000 groups:1000 work_mem:16MB incremental:on max_workers:2 =====
SELECT * FROM (SELECT * FROM s_3 ORDER BY a, b, c) foo ORDER BY a, b, c, d LIMIT 10
                                                         QUERY PLAN                                                          
-----------------------------------------------------------------------------------------------------------------------------
 Limit  (cost=67.26..67.26 rows=1 width=20) (actual time=0.241..0.241 rows=0 loops=1)
   ->  Limit  (cost=66.86..67.16 rows=10 width=20) (actual time=0.239..0.240 rows=10 loops=1)
         ->  Incremental Sort  (cost=66.86..97.26 rows=1000 width=20) (actual time=0.238..0.239 rows=10 loops=1)
               Sort Key: s_3.a, s_3.b, s_3.c, s_3.d
               Presorted Key: s_3.a, s_3.b, s_3.c
               Sort Method: quicksort  Memory: 27kB
               Sort Groups: 1
               ->  Sort  (cost=66.83..69.33 rows=1000 width=20) (actual time=0.198..0.200 rows=33 loops=1)
                     Sort Key: s_3.a, s_3.b, s_3.c
                     Sort Method: quicksort  Memory: 103kB
                     ->  Seq Scan on s_3  (cost=0.00..17.00 rows=1000 width=20) (actual time=0.007..0.063 rows=1000 loops=1)
 Planning time: 0.234 ms
 Execution time: 0.268 ms
(13 rows)

===== 300 [Wed Mar  7 01:55:05 CET 2018] scale:1000 groups:1000 work_mem:16MB incremental:on max_workers:2 =====
SELECT * FROM (SELECT * FROM s_4 ORDER BY a, b, c, d) foo ORDER BY a, b, c, d, e LIMIT 10
                                                         QUERY PLAN                                                          
-----------------------------------------------------------------------------------------------------------------------------
 Limit  (cost=67.26..67.26 rows=1 width=20) (actual time=0.239..0.239 rows=0 loops=1)
   ->  Limit  (cost=66.86..67.16 rows=10 width=20) (actual time=0.237..0.238 rows=10 loops=1)
         ->  Incremental Sort  (cost=66.86..97.32 rows=1000 width=20) (actual time=0.237..0.237 rows=10 loops=1)
               Sort Key: s_4.a, s_4.b, s_4.c, s_4.d, s_4.e
               Presorted Key: s_4.a, s_4.b, s_4.c, s_4.d
               Sort Method: quicksort  Memory: 27kB
               Sort Groups: 1
               ->  Sort  (cost=66.83..69.33 rows=1000 width=20) (actual time=0.193..0.194 rows=33 loops=1)
                     Sort Key: s_4.a, s_4.b, s_4.c, s_4.d
                     Sort Method: quicksort  Memory: 103kB
                     ->  Seq Scan on s_4  (cost=0.00..17.00 rows=1000 width=20) (actual time=0.007..0.063 rows=1000 loops=1)
 Planning time: 0.237 ms
 Execution time: 0.263 ms
(13 rows)

===== 301 [Wed Mar  7 01:55:05 CET 2018] scale:1000 groups:1000 work_mem:16MB incremental:off max_workers:2 =====
SELECT * FROM (SELECT * FROM s_1 ORDER BY a) foo ORDER BY a, b LIMIT 10
                                                         QUERY PLAN                                                          
-----------------------------------------------------------------------------------------------------------------------------
 Limit  (cost=101.06..101.06 rows=1 width=20) (actual time=0.308..0.308 rows=0 loops=1)
   ->  Limit  (cost=100.94..100.96 rows=10 width=20) (actual time=0.306..0.307 rows=10 loops=1)
         ->  Sort  (cost=100.94..103.44 rows=1000 width=20) (actual time=0.305..0.306 rows=10 loops=1)
               Sort Key: s_1.a, s_1.b
               Sort Method: top-N heapsort  Memory: 25kB
               ->  Sort  (cost=66.83..69.33 rows=1000 width=20) (actual time=0.180..0.213 rows=1000 loops=1)
                     Sort Key: s_1.a
                     Sort Method: quicksort  Memory: 103kB
                     ->  Seq Scan on s_1  (cost=0.00..17.00 rows=1000 width=20) (actual time=0.004..0.063 rows=1000 loops=1)
 Planning time: 0.212 ms
 Execution time: 0.332 ms
(11 rows)

===== 302 [Wed Mar  7 01:55:05 CET 2018] scale:1000 groups:1000 work_mem:16MB incremental:off max_workers:2 =====
SELECT * FROM (SELECT * FROM s_2 ORDER BY a, b) foo ORDER BY a, b, c LIMIT 10
                                                         QUERY PLAN                                                          
-----------------------------------------------------------------------------------------------------------------------------
 Limit  (cost=101.06..101.06 rows=1 width=20) (actual time=0.312..0.312 rows=0 loops=1)
   ->  Limit  (cost=100.94..100.96 rows=10 width=20) (actual time=0.310..0.311 rows=10 loops=1)
         ->  Sort  (cost=100.94..103.44 rows=1000 width=20) (actual time=0.309..0.310 rows=10 loops=1)
               Sort Key: s_2.a, s_2.b, s_2.c
               Sort Method: top-N heapsort  Memory: 25kB
               ->  Sort  (cost=66.83..69.33 rows=1000 width=20) (actual time=0.188..0.221 rows=1000 loops=1)
                     Sort Key: s_2.a, s_2.b
                     Sort Method: quicksort  Memory: 103kB
                     ->  Seq Scan on s_2  (cost=0.00..17.00 rows=1000 width=20) (actual time=0.009..0.062 rows=1000 loops=1)
 Planning time: 0.223 ms
 Execution time: 0.336 ms
(11 rows)

===== 303 [Wed Mar  7 01:55:05 CET 2018] scale:1000 groups:1000 work_mem:16MB incremental:off max_workers:2 =====
SELECT * FROM (SELECT * FROM s_3 ORDER BY a, b, c) foo ORDER BY a, b, c, d LIMIT 10
                                                         QUERY PLAN                                                          
-----------------------------------------------------------------------------------------------------------------------------
 Limit  (cost=101.06..101.06 rows=1 width=20) (actual time=0.326..0.326 rows=0 loops=1)
   ->  Limit  (cost=100.94..100.96 rows=10 width=20) (actual time=0.324..0.325 rows=10 loops=1)
         ->  Sort  (cost=100.94..103.44 rows=1000 width=20) (actual time=0.324..0.325 rows=10 loops=1)
               Sort Key: s_3.a, s_3.b, s_3.c, s_3.d
               Sort Method: top-N heapsort  Memory: 25kB
               ->  Sort  (cost=66.83..69.33 rows=1000 width=20) (actual time=0.196..0.230 rows=1000 loops=1)
                     Sort Key: s_3.a, s_3.b, s_3.c
                     Sort Method: quicksort  Memory: 103kB
                     ->  Seq Scan on s_3  (cost=0.00..17.00 rows=1000 width=20) (actual time=0.007..0.062 rows=1000 loops=1)
 Planning time: 0.229 ms
 Execution time: 0.351 ms
(11 rows)

===== 304 [Wed Mar  7 01:55:05 CET 2018] scale:1000 groups:1000 work_mem:16MB incremental:off max_workers:2 =====
SELECT * FROM (SELECT * FROM s_4 ORDER BY a, b, c, d) foo ORDER BY a, b, c, d, e LIMIT 10
                                                         QUERY PLAN                                                          
-----------------------------------------------------------------------------------------------------------------------------
 Limit  (cost=101.06..101.06 rows=1 width=20) (actual time=0.333..0.333 rows=0 loops=1)
   ->  Limit  (cost=100.94..100.96 rows=10 width=20) (actual time=0.331..0.332 rows=10 loops=1)
         ->  Sort  (cost=100.94..103.44 rows=1000 width=20) (actual time=0.331..0.331 rows=10 loops=1)
               Sort Key: s_4.a, s_4.b, s_4.c, s_4.d, s_4.e
               Sort Method: top-N heapsort  Memory: 25kB
               ->  Sort  (cost=66.83..69.33 rows=1000 width=20) (actual time=0.199..0.233 rows=1000 loops=1)
                     Sort Key: s_4.a, s_4.b, s_4.c, s_4.d
                     Sort Method: quicksort  Memory: 103kB
                     ->  Seq Scan on s_4  (cost=0.00..17.00 rows=1000 width=20) (actual time=0.007..0.063 rows=1000 loops=1)
 Planning time: 0.224 ms
 Execution time: 0.357 ms
(11 rows)

===== 305 [Wed Mar  7 01:55:05 CET 2018] scale:1000 groups:1000 work_mem:32MB incremental:on max_workers:2 =====
SELECT * FROM (SELECT * FROM s_1 ORDER BY a) foo ORDER BY a, b LIMIT 10
                                                         QUERY PLAN                                                          
-----------------------------------------------------------------------------------------------------------------------------
 Limit  (cost=67.26..67.26 rows=1 width=20) (actual time=0.223..0.223 rows=0 loops=1)
   ->  Limit  (cost=66.86..67.16 rows=10 width=20) (actual time=0.221..0.222 rows=10 loops=1)
         ->  Incremental Sort  (cost=66.86..97.08 rows=1000 width=20) (actual time=0.221..0.221 rows=10 loops=1)
               Sort Key: s_1.a, s_1.b
               Presorted Key: s_1.a
               Sort Method: quicksort  Memory: 27kB
               Sort Groups: 1
               ->  Sort  (cost=66.83..69.33 rows=1000 width=20) (actual time=0.181..0.182 rows=34 loops=1)
                     Sort Key: s_1.a
                     Sort Method: quicksort  Memory: 103kB
                     ->  Seq Scan on s_1  (cost=0.00..17.00 rows=1000 width=20) (actual time=0.004..0.063 rows=1000 loops=1)
 Planning time: 0.220 ms
 Execution time: 0.247 ms
(13 rows)

===== 306 [Wed Mar  7 01:55:05 CET 2018] scale:1000 groups:1000 work_mem:32MB incremental:on max_workers:2 =====
SELECT * FROM (SELECT * FROM s_2 ORDER BY a, b) foo ORDER BY a, b, c LIMIT 10
                                                         QUERY PLAN                                                          
-----------------------------------------------------------------------------------------------------------------------------
 Limit  (cost=67.26..67.26 rows=1 width=20) (actual time=0.228..0.228 rows=0 loops=1)
   ->  Limit  (cost=66.86..67.16 rows=10 width=20) (actual time=0.225..0.227 rows=10 loops=1)
         ->  Incremental Sort  (cost=66.86..97.08 rows=1000 width=20) (actual time=0.225..0.226 rows=10 loops=1)
               Sort Key: s_2.a, s_2.b, s_2.c
               Presorted Key: s_2.a, s_2.b
               Sort Method: quicksort  Memory: 27kB
               Sort Groups: 1
               ->  Sort  (cost=66.83..69.33 rows=1000 width=20) (actual time=0.187..0.188 rows=33 loops=1)
                     Sort Key: s_2.a, s_2.b
                     Sort Method: quicksort  Memory: 103kB
                     ->  Seq Scan on s_2  (cost=0.00..17.00 rows=1000 width=20) (actual time=0.009..0.062 rows=1000 loops=1)
 Planning time: 0.220 ms
 Execution time: 0.252 ms
(13 rows)

===== 307 [Wed Mar  7 01:55:05 CET 2018] scale:1000 groups:1000 work_mem:32MB incremental:on max_workers:2 =====
SELECT * FROM (SELECT * FROM s_3 ORDER BY a, b, c) foo ORDER BY a, b, c, d LIMIT 10
                                                         QUERY PLAN                                                          
-----------------------------------------------------------------------------------------------------------------------------
 Limit  (cost=67.26..67.26 rows=1 width=20) (actual time=0.235..0.235 rows=0 loops=1)
   ->  Limit  (cost=66.86..67.16 rows=10 width=20) (actual time=0.232..0.233 rows=10 loops=1)
         ->  Incremental Sort  (cost=66.86..97.26 rows=1000 width=20) (actual time=0.232..0.232 rows=10 loops=1)
               Sort Key: s_3.a, s_3.b, s_3.c, s_3.d
               Presorted Key: s_3.a, s_3.b, s_3.c
               Sort Method: quicksort  Memory: 27kB
               Sort Groups: 1
               ->  Sort  (cost=66.83..69.33 rows=1000 width=20) (actual time=0.195..0.196 rows=33 loops=1)
                     Sort Key: s_3.a, s_3.b, s_3.c
                     Sort Method: quicksort  Memory: 103kB
                     ->  Seq Scan on s_3  (cost=0.00..17.00 rows=1000 width=20) (actual time=0.007..0.062 rows=1000 loops=1)
 Planning time: 0.228 ms
 Execution time: 0.259 ms
(13 rows)

===== 308 [Wed Mar  7 01:55:06 CET 2018] scale:1000 groups:1000 work_mem:32MB incremental:on max_workers:2 =====
SELECT * FROM (SELECT * FROM s_4 ORDER BY a, b, c, d) foo ORDER BY a, b, c, d, e LIMIT 10
                                                         QUERY PLAN                                                          
-----------------------------------------------------------------------------------------------------------------------------
 Limit  (cost=67.26..67.26 rows=1 width=20) (actual time=0.239..0.239 rows=0 loops=1)
   ->  Limit  (cost=66.86..67.16 rows=10 width=20) (actual time=0.236..0.237 rows=10 loops=1)
         ->  Incremental Sort  (cost=66.86..97.32 rows=1000 width=20) (actual time=0.236..0.236 rows=10 loops=1)
               Sort Key: s_4.a, s_4.b, s_4.c, s_4.d, s_4.e
               Presorted Key: s_4.a, s_4.b, s_4.c, s_4.d
               Sort Method: quicksort  Memory: 27kB
               Sort Groups: 1
               ->  Sort  (cost=66.83..69.33 rows=1000 width=20) (actual time=0.193..0.194 rows=33 loops=1)
                     Sort Key: s_4.a, s_4.b, s_4.c, s_4.d
                     Sort Method: quicksort  Memory: 103kB
                     ->  Seq Scan on s_4  (cost=0.00..17.00 rows=1000 width=20) (actual time=0.007..0.063 rows=1000 loops=1)
 Planning time: 0.235 ms
 Execution time: 0.263 ms
(13 rows)

===== 309 [Wed Mar  7 01:55:06 CET 2018] scale:1000 groups:1000 work_mem:32MB incremental:off max_workers:2 =====
SELECT * FROM (SELECT * FROM s_1 ORDER BY a) foo ORDER BY a, b LIMIT 10
                                                         QUERY PLAN                                                          
-----------------------------------------------------------------------------------------------------------------------------
 Limit  (cost=101.06..101.06 rows=1 width=20) (actual time=0.305..0.305 rows=0 loops=1)
   ->  Limit  (cost=100.94..100.96 rows=10 width=20) (actual time=0.303..0.304 rows=10 loops=1)
         ->  Sort  (cost=100.94..103.44 rows=1000 width=20) (actual time=0.303..0.303 rows=10 loops=1)
               Sort Key: s_1.a, s_1.b
               Sort Method: top-N heapsort  Memory: 25kB
               ->  Sort  (cost=66.83..69.33 rows=1000 width=20) (actual time=0.180..0.213 rows=1000 loops=1)
                     Sort Key: s_1.a
                     Sort Method: quicksort  Memory: 103kB
                     ->  Seq Scan on s_1  (cost=0.00..17.00 rows=1000 width=20) (actual time=0.004..0.062 rows=1000 loops=1)
 Planning time: 0.213 ms
 Execution time: 0.329 ms
(11 rows)

===== 310 [Wed Mar  7 01:55:06 CET 2018] scale:1000 groups:1000 work_mem:32MB incremental:off max_workers:2 =====
SELECT * FROM (SELECT * FROM s_2 ORDER BY a, b) foo ORDER BY a, b, c LIMIT 10
                                                         QUERY PLAN                                                          
-----------------------------------------------------------------------------------------------------------------------------
 Limit  (cost=101.06..101.06 rows=1 width=20) (actual time=0.312..0.312 rows=0 loops=1)
   ->  Limit  (cost=100.94..100.96 rows=10 width=20) (actual time=0.310..0.311 rows=10 loops=1)
         ->  Sort  (cost=100.94..103.44 rows=1000 width=20) (actual time=0.310..0.310 rows=10 loops=1)
               Sort Key: s_2.a, s_2.b, s_2.c
               Sort Method: top-N heapsort  Memory: 25kB
               ->  Sort  (cost=66.83..69.33 rows=1000 width=20) (actual time=0.188..0.222 rows=1000 loops=1)
                     Sort Key: s_2.a, s_2.b
                     Sort Method: quicksort  Memory: 103kB
                     ->  Seq Scan on s_2  (cost=0.00..17.00 rows=1000 width=20) (actual time=0.010..0.062 rows=1000 loops=1)
 Planning time: 0.218 ms
 Execution time: 0.336 ms
(11 rows)

===== 311 [Wed Mar  7 01:55:06 CET 2018] scale:1000 groups:1000 work_mem:32MB incremental:off max_workers:2 =====
SELECT * FROM (SELECT * FROM s_3 ORDER BY a, b, c) foo ORDER BY a, b, c, d LIMIT 10
                                                         QUERY PLAN                                                          
-----------------------------------------------------------------------------------------------------------------------------
 Limit  (cost=101.06..101.06 rows=1 width=20) (actual time=0.324..0.324 rows=0 loops=1)
   ->  Limit  (cost=100.94..100.96 rows=10 width=20) (actual time=0.322..0.323 rows=10 loops=1)
         ->  Sort  (cost=100.94..103.44 rows=1000 width=20) (actual time=0.322..0.322 rows=10 loops=1)
               Sort Key: s_3.a, s_3.b, s_3.c, s_3.d
               Sort Method: top-N heapsort  Memory: 25kB
               ->  Sort  (cost=66.83..69.33 rows=1000 width=20) (actual time=0.194..0.228 rows=1000 loops=1)
                     Sort Key: s_3.a, s_3.b, s_3.c
                     Sort Method: quicksort  Memory: 103kB
                     ->  Seq Scan on s_3  (cost=0.00..17.00 rows=1000 width=20) (actual time=0.007..0.062 rows=1000 loops=1)
 Planning time: 0.219 ms
 Execution time: 0.349 ms
(11 rows)

===== 312 [Wed Mar  7 01:55:06 CET 2018] scale:1000 groups:1000 work_mem:32MB incremental:off max_workers:2 =====
SELECT * FROM (SELECT * FROM s_4 ORDER BY a, b, c, d) foo ORDER BY a, b, c, d, e LIMIT 10
                                                         QUERY PLAN                                                          
-----------------------------------------------------------------------------------------------------------------------------
 Limit  (cost=101.06..101.06 rows=1 width=20) (actual time=0.326..0.326 rows=0 loops=1)
   ->  Limit  (cost=100.94..100.96 rows=10 width=20) (actual time=0.323..0.325 rows=10 loops=1)
         ->  Sort  (cost=100.94..103.44 rows=1000 width=20) (actual time=0.323..0.324 rows=10 loops=1)
               Sort Key: s_4.a, s_4.b, s_4.c, s_4.d, s_4.e
               Sort Method: top-N heapsort  Memory: 25kB
               ->  Sort  (cost=66.83..69.33 rows=1000 width=20) (actual time=0.191..0.225 rows=1000 loops=1)
                     Sort Key: s_4.a, s_4.b, s_4.c, s_4.d
                     Sort Method: quicksort  Memory: 103kB
                     ->  Seq Scan on s_4  (cost=0.00..17.00 rows=1000 width=20) (actual time=0.007..0.062 rows=1000 loops=1)
 Planning time: 0.231 ms
 Execution time: 0.352 ms
(11 rows)

===== 313 [Wed Mar  7 01:55:06 CET 2018] scale:1000 groups:1000 work_mem:64MB incremental:on max_workers:2 =====
SELECT * FROM (SELECT * FROM s_1 ORDER BY a) foo ORDER BY a, b LIMIT 10
                                                         QUERY PLAN                                                          
-----------------------------------------------------------------------------------------------------------------------------
 Limit  (cost=67.26..67.26 rows=1 width=20) (actual time=0.222..0.222 rows=0 loops=1)
   ->  Limit  (cost=66.86..67.16 rows=10 width=20) (actual time=0.220..0.221 rows=10 loops=1)
         ->  Incremental Sort  (cost=66.86..97.08 rows=1000 width=20) (actual time=0.220..0.220 rows=10 loops=1)
               Sort Key: s_1.a, s_1.b
               Presorted Key: s_1.a
               Sort Method: quicksort  Memory: 27kB
               Sort Groups: 1
               ->  Sort  (cost=66.83..69.33 rows=1000 width=20) (actual time=0.180..0.181 rows=34 loops=1)
                     Sort Key: s_1.a
                     Sort Method: quicksort  Memory: 103kB
                     ->  Seq Scan on s_1  (cost=0.00..17.00 rows=1000 width=20) (actual time=0.004..0.063 rows=1000 loops=1)
 Planning time: 0.218 ms
 Execution time: 0.247 ms
(13 rows)

===== 314 [Wed Mar  7 01:55:06 CET 2018] scale:1000 groups:1000 work_mem:64MB incremental:on max_workers:2 =====
SELECT * FROM (SELECT * FROM s_2 ORDER BY a, b) foo ORDER BY a, b, c LIMIT 10
                                                         QUERY PLAN                                                          
-----------------------------------------------------------------------------------------------------------------------------
 Limit  (cost=67.26..67.26 rows=1 width=20) (actual time=0.227..0.227 rows=0 loops=1)
   ->  Limit  (cost=66.86..67.16 rows=10 width=20) (actual time=0.225..0.226 rows=10 loops=1)
         ->  Incremental Sort  (cost=66.86..97.08 rows=1000 width=20) (actual time=0.225..0.225 rows=10 loops=1)
               Sort Key: s_2.a, s_2.b, s_2.c
               Presorted Key: s_2.a, s_2.b
               Sort Method: quicksort  Memory: 27kB
               Sort Groups: 1
               ->  Sort  (cost=66.83..69.33 rows=1000 width=20) (actual time=0.188..0.189 rows=33 loops=1)
                     Sort Key: s_2.a, s_2.b
                     Sort Method: quicksort  Memory: 103kB
                     ->  Seq Scan on s_2  (cost=0.00..17.00 rows=1000 width=20) (actual time=0.009..0.062 rows=1000 loops=1)
 Planning time: 0.222 ms
 Execution time: 0.251 ms
(13 rows)

===== 315 [Wed Mar  7 01:55:06 CET 2018] scale:1000 groups:1000 work_mem:64MB incremental:on max_workers:2 =====
SELECT * FROM (SELECT * FROM s_3 ORDER BY a, b, c) foo ORDER BY a, b, c, d LIMIT 10
                                                         QUERY PLAN                                                          
-----------------------------------------------------------------------------------------------------------------------------
 Limit  (cost=67.26..67.26 rows=1 width=20) (actual time=0.242..0.242 rows=0 loops=1)
   ->  Limit  (cost=66.86..67.16 rows=10 width=20) (actual time=0.240..0.241 rows=10 loops=1)
         ->  Incremental Sort  (cost=66.86..97.26 rows=1000 width=20) (actual time=0.240..0.240 rows=10 loops=1)
               Sort Key: s_3.a, s_3.b, s_3.c, s_3.d
               Presorted Key: s_3.a, s_3.b, s_3.c
               Sort Method: quicksort  Memory: 27kB
               Sort Groups: 1
               ->  Sort  (cost=66.83..69.33 rows=1000 width=20) (actual time=0.202..0.204 rows=33 loops=1)
                     Sort Key: s_3.a, s_3.b, s_3.c
                     Sort Method: quicksort  Memory: 103kB
                     ->  Seq Scan on s_3  (cost=0.00..17.00 rows=1000 width=20) (actual time=0.007..0.063 rows=1000 loops=1)
 Planning time: 0.228 ms
 Execution time: 0.266 ms
(13 rows)

===== 316 [Wed Mar  7 01:55:06 CET 2018] scale:1000 groups:1000 work_mem:64MB incremental:on max_workers:2 =====
SELECT * FROM (SELECT * FROM s_4 ORDER BY a, b, c, d) foo ORDER BY a, b, c, d, e LIMIT 10
                                                         QUERY PLAN                                                          
-----------------------------------------------------------------------------------------------------------------------------
 Limit  (cost=67.26..67.26 rows=1 width=20) (actual time=0.238..0.238 rows=0 loops=1)
   ->  Limit  (cost=66.86..67.16 rows=10 width=20) (actual time=0.235..0.236 rows=10 loops=1)
         ->  Incremental Sort  (cost=66.86..97.32 rows=1000 width=20) (actual time=0.235..0.236 rows=10 loops=1)
               Sort Key: s_4.a, s_4.b, s_4.c, s_4.d, s_4.e
               Presorted Key: s_4.a, s_4.b, s_4.c, s_4.d
               Sort Method: quicksort  Memory: 27kB
               Sort Groups: 1
               ->  Sort  (cost=66.83..69.33 rows=1000 width=20) (actual time=0.192..0.194 rows=33 loops=1)
                     Sort Key: s_4.a, s_4.b, s_4.c, s_4.d
                     Sort Method: quicksort  Memory: 103kB
                     ->  Seq Scan on s_4  (cost=0.00..17.00 rows=1000 width=20) (actual time=0.007..0.062 rows=1000 loops=1)
 Planning time: 0.229 ms
 Execution time: 0.262 ms
(13 rows)

===== 317 [Wed Mar  7 01:55:06 CET 2018] scale:1000 groups:1000 work_mem:64MB incremental:off max_workers:2 =====
SELECT * FROM (SELECT * FROM s_1 ORDER BY a) foo ORDER BY a, b LIMIT 10
                                                         QUERY PLAN                                                          
-----------------------------------------------------------------------------------------------------------------------------
 Limit  (cost=101.06..101.06 rows=1 width=20) (actual time=0.303..0.303 rows=0 loops=1)
   ->  Limit  (cost=100.94..100.96 rows=10 width=20) (actual time=0.301..0.302 rows=10 loops=1)
         ->  Sort  (cost=100.94..103.44 rows=1000 width=20) (actual time=0.301..0.301 rows=10 loops=1)
               Sort Key: s_1.a, s_1.b
               Sort Method: top-N heapsort  Memory: 25kB
               ->  Sort  (cost=66.83..69.33 rows=1000 width=20) (actual time=0.179..0.213 rows=1000 loops=1)
                     Sort Key: s_1.a
                     Sort Method: quicksort  Memory: 103kB
                     ->  Seq Scan on s_1  (cost=0.00..17.00 rows=1000 width=20) (actual time=0.004..0.063 rows=1000 loops=1)
 Planning time: 0.218 ms
 Execution time: 0.327 ms
(11 rows)

===== 318 [Wed Mar  7 01:55:06 CET 2018] scale:1000 groups:1000 work_mem:64MB incremental:off max_workers:2 =====
SELECT * FROM (SELECT * FROM s_2 ORDER BY a, b) foo ORDER BY a, b, c LIMIT 10
                                                         QUERY PLAN                                                          
-----------------------------------------------------------------------------------------------------------------------------
 Limit  (cost=101.06..101.06 rows=1 width=20) (actual time=0.312..0.312 rows=0 loops=1)
   ->  Limit  (cost=100.94..100.96 rows=10 width=20) (actual time=0.310..0.311 rows=10 loops=1)
         ->  Sort  (cost=100.94..103.44 rows=1000 width=20) (actual time=0.310..0.310 rows=10 loops=1)
               Sort Key: s_2.a, s_2.b, s_2.c
               Sort Method: top-N heapsort  Memory: 25kB
               ->  Sort  (cost=66.83..69.33 rows=1000 width=20) (actual time=0.188..0.222 rows=1000 loops=1)
                     Sort Key: s_2.a, s_2.b
                     Sort Method: quicksort  Memory: 103kB
                     ->  Seq Scan on s_2  (cost=0.00..17.00 rows=1000 width=20) (actual time=0.009..0.062 rows=1000 loops=1)
 Planning time: 0.221 ms
 Execution time: 0.336 ms
(11 rows)

===== 319 [Wed Mar  7 01:55:06 CET 2018] scale:1000 groups:1000 work_mem:64MB incremental:off max_workers:2 =====
SELECT * FROM (SELECT * FROM s_3 ORDER BY a, b, c) foo ORDER BY a, b, c, d LIMIT 10
                                                         QUERY PLAN                                                          
-----------------------------------------------------------------------------------------------------------------------------
 Limit  (cost=101.06..101.06 rows=1 width=20) (actual time=0.324..0.324 rows=0 loops=1)
   ->  Limit  (cost=100.94..100.96 rows=10 width=20) (actual time=0.322..0.323 rows=10 loops=1)
         ->  Sort  (cost=100.94..103.44 rows=1000 width=20) (actual time=0.322..0.322 rows=10 loops=1)
               Sort Key: s_3.a, s_3.b, s_3.c, s_3.d
               Sort Method: top-N heapsort  Memory: 25kB
               ->  Sort  (cost=66.83..69.33 rows=1000 width=20) (actual time=0.195..0.229 rows=1000 loops=1)
                     Sort Key: s_3.a, s_3.b, s_3.c
                     Sort Method: quicksort  Memory: 103kB
                     ->  Seq Scan on s_3  (cost=0.00..17.00 rows=1000 width=20) (actual time=0.007..0.062 rows=1000 loops=1)
 Planning time: 0.226 ms
 Execution time: 0.348 ms
(11 rows)

===== 320 [Wed Mar  7 01:55:06 CET 2018] scale:1000 groups:1000 work_mem:64MB incremental:off max_workers:2 =====
SELECT * FROM (SELECT * FROM s_4 ORDER BY a, b, c, d) foo ORDER BY a, b, c, d, e LIMIT 10
                                                         QUERY PLAN                                                          
-----------------------------------------------------------------------------------------------------------------------------
 Limit  (cost=101.06..101.06 rows=1 width=20) (actual time=0.327..0.327 rows=0 loops=1)
   ->  Limit  (cost=100.94..100.96 rows=10 width=20) (actual time=0.325..0.326 rows=10 loops=1)
         ->  Sort  (cost=100.94..103.44 rows=1000 width=20) (actual time=0.325..0.325 rows=10 loops=1)
               Sort Key: s_4.a, s_4.b, s_4.c, s_4.d, s_4.e
               Sort Method: top-N heapsort  Memory: 25kB
               ->  Sort  (cost=66.83..69.33 rows=1000 width=20) (actual time=0.193..0.227 rows=1000 loops=1)
                     Sort Key: s_4.a, s_4.b, s_4.c, s_4.d
                     Sort Method: quicksort  Memory: 103kB
                     ->  Seq Scan on s_4  (cost=0.00..17.00 rows=1000 width=20) (actual time=0.007..0.062 rows=1000 loops=1)
 Planning time: 0.221 ms
 Execution time: 0.351 ms
(11 rows)

===== 321 [Wed Mar  7 01:55:06 CET 2018] scale:1000 groups:1000 work_mem:128MB incremental:on max_workers:2 =====
SELECT * FROM (SELECT * FROM s_1 ORDER BY a) foo ORDER BY a, b LIMIT 10
                                                         QUERY PLAN                                                          
-----------------------------------------------------------------------------------------------------------------------------
 Limit  (cost=67.26..67.26 rows=1 width=20) (actual time=0.225..0.225 rows=0 loops=1)
   ->  Limit  (cost=66.86..67.16 rows=10 width=20) (actual time=0.223..0.224 rows=10 loops=1)
         ->  Incremental Sort  (cost=66.86..97.08 rows=1000 width=20) (actual time=0.223..0.223 rows=10 loops=1)
               Sort Key: s_1.a, s_1.b
               Presorted Key: s_1.a
               Sort Method: quicksort  Memory: 27kB
               Sort Groups: 1
               ->  Sort  (cost=66.83..69.33 rows=1000 width=20) (actual time=0.182..0.183 rows=34 loops=1)
                     Sort Key: s_1.a
                     Sort Method: quicksort  Memory: 103kB
                     ->  Seq Scan on s_1  (cost=0.00..17.00 rows=1000 width=20) (actual time=0.004..0.063 rows=1000 loops=1)
 Planning time: 0.230 ms
 Execution time: 0.250 ms
(13 rows)

===== 322 [Wed Mar  7 01:55:07 CET 2018] scale:1000 groups:1000 work_mem:128MB incremental:on max_workers:2 =====
SELECT * FROM (SELECT * FROM s_2 ORDER BY a, b) foo ORDER BY a, b, c LIMIT 10
                                                         QUERY PLAN                                                          
-----------------------------------------------------------------------------------------------------------------------------
 Limit  (cost=67.26..67.26 rows=1 width=20) (actual time=0.229..0.229 rows=0 loops=1)
   ->  Limit  (cost=66.86..67.16 rows=10 width=20) (actual time=0.227..0.228 rows=10 loops=1)
         ->  Incremental Sort  (cost=66.86..97.08 rows=1000 width=20) (actual time=0.227..0.227 rows=10 loops=1)
               Sort Key: s_2.a, s_2.b, s_2.c
               Presorted Key: s_2.a, s_2.b
               Sort Method: quicksort  Memory: 27kB
               Sort Groups: 1
               ->  Sort  (cost=66.83..69.33 rows=1000 width=20) (actual time=0.189..0.190 rows=33 loops=1)
                     Sort Key: s_2.a, s_2.b
                     Sort Method: quicksort  Memory: 103kB
                     ->  Seq Scan on s_2  (cost=0.00..17.00 rows=1000 width=20) (actual time=0.009..0.062 rows=1000 loops=1)
 Planning time: 0.230 ms
 Execution time: 0.253 ms
(13 rows)

===== 323 [Wed Mar  7 01:55:07 CET 2018] scale:1000 groups:1000 work_mem:128MB incremental:on max_workers:2 =====
SELECT * FROM (SELECT * FROM s_3 ORDER BY a, b, c) foo ORDER BY a, b, c, d LIMIT 10
                                                         QUERY PLAN                                                          
-----------------------------------------------------------------------------------------------------------------------------
 Limit  (cost=67.26..67.26 rows=1 width=20) (actual time=0.243..0.243 rows=0 loops=1)
   ->  Limit  (cost=66.86..67.16 rows=10 width=20) (actual time=0.241..0.242 rows=10 loops=1)
         ->  Incremental Sort  (cost=66.86..97.26 rows=1000 width=20) (actual time=0.241..0.241 rows=10 loops=1)
               Sort Key: s_3.a, s_3.b, s_3.c, s_3.d
               Presorted Key: s_3.a, s_3.b, s_3.c
               Sort Method: quicksort  Memory: 27kB
               Sort Groups: 1
               ->  Sort  (cost=66.83..69.33 rows=1000 width=20) (actual time=0.203..0.204 rows=33 loops=1)
                     Sort Key: s_3.a, s_3.b, s_3.c
                     Sort Method: quicksort  Memory: 103kB
                     ->  Seq Scan on s_3  (cost=0.00..17.00 rows=1000 width=20) (actual time=0.007..0.063 rows=1000 loops=1)
 Planning time: 0.229 ms
 Execution time: 0.268 ms
(13 rows)

===== 324 [Wed Mar  7 01:55:07 CET 2018] scale:1000 groups:1000 work_mem:128MB incremental:on max_workers:2 =====
SELECT * FROM (SELECT * FROM s_4 ORDER BY a, b, c, d) foo ORDER BY a, b, c, d, e LIMIT 10
                                                         QUERY PLAN                                                          
-----------------------------------------------------------------------------------------------------------------------------
 Limit  (cost=67.26..67.26 rows=1 width=20) (actual time=0.240..0.240 rows=0 loops=1)
   ->  Limit  (cost=66.86..67.16 rows=10 width=20) (actual time=0.238..0.239 rows=10 loops=1)
         ->  Incremental Sort  (cost=66.86..97.32 rows=1000 width=20) (actual time=0.238..0.238 rows=10 loops=1)
               Sort Key: s_4.a, s_4.b, s_4.c, s_4.d, s_4.e
               Presorted Key: s_4.a, s_4.b, s_4.c, s_4.d
               Sort Method: quicksort  Memory: 27kB
               Sort Groups: 1
               ->  Sort  (cost=66.83..69.33 rows=1000 width=20) (actual time=0.196..0.197 rows=33 loops=1)
                     Sort Key: s_4.a, s_4.b, s_4.c, s_4.d
                     Sort Method: quicksort  Memory: 103kB
                     ->  Seq Scan on s_4  (cost=0.00..17.00 rows=1000 width=20) (actual time=0.007..0.062 rows=1000 loops=1)
 Planning time: 0.230 ms
 Execution time: 0.266 ms
(13 rows)

===== 325 [Wed Mar  7 01:55:07 CET 2018] scale:1000 groups:1000 work_mem:128MB incremental:off max_workers:2 =====
SELECT * FROM (SELECT * FROM s_1 ORDER BY a) foo ORDER BY a, b LIMIT 10
                                                         QUERY PLAN                                                          
-----------------------------------------------------------------------------------------------------------------------------
 Limit  (cost=101.06..101.06 rows=1 width=20) (actual time=0.313..0.313 rows=0 loops=1)
   ->  Limit  (cost=100.94..100.96 rows=10 width=20) (actual time=0.311..0.312 rows=10 loops=1)
         ->  Sort  (cost=100.94..103.44 rows=1000 width=20) (actual time=0.311..0.311 rows=10 loops=1)
               Sort Key: s_1.a, s_1.b
               Sort Method: top-N heapsort  Memory: 25kB
               ->  Sort  (cost=66.83..69.33 rows=1000 width=20) (actual time=0.186..0.220 rows=1000 loops=1)
                     Sort Key: s_1.a
                     Sort Method: quicksort  Memory: 103kB
                     ->  Seq Scan on s_1  (cost=0.00..17.00 rows=1000 width=20) (actual time=0.004..0.063 rows=1000 loops=1)
 Planning time: 0.216 ms
 Execution time: 0.338 ms
(11 rows)

===== 326 [Wed Mar  7 01:55:07 CET 2018] scale:1000 groups:1000 work_mem:128MB incremental:off max_workers:2 =====
SELECT * FROM (SELECT * FROM s_2 ORDER BY a, b) foo ORDER BY a, b, c LIMIT 10
                                                         QUERY PLAN                                                          
-----------------------------------------------------------------------------------------------------------------------------
 Limit  (cost=101.06..101.06 rows=1 width=20) (actual time=0.309..0.309 rows=0 loops=1)
   ->  Limit  (cost=100.94..100.96 rows=10 width=20) (actual time=0.307..0.308 rows=10 loops=1)
         ->  Sort  (cost=100.94..103.44 rows=1000 width=20) (actual time=0.307..0.307 rows=10 loops=1)
               Sort Key: s_2.a, s_2.b, s_2.c
               Sort Method: top-N heapsort  Memory: 25kB
               ->  Sort  (cost=66.83..69.33 rows=1000 width=20) (actual time=0.185..0.219 rows=1000 loops=1)
                     Sort Key: s_2.a, s_2.b
                     Sort Method: quicksort  Memory: 103kB
                     ->  Seq Scan on s_2  (cost=0.00..17.00 rows=1000 width=20) (actual time=0.009..0.062 rows=1000 loops=1)
 Planning time: 0.215 ms
 Execution time: 0.334 ms
(11 rows)

===== 327 [Wed Mar  7 01:55:07 CET 2018] scale:1000 groups:1000 work_mem:128MB incremental:off max_workers:2 =====
SELECT * FROM (SELECT * FROM s_3 ORDER BY a, b, c) foo ORDER BY a, b, c, d LIMIT 10
                                                         QUERY PLAN                                                          
-----------------------------------------------------------------------------------------------------------------------------
 Limit  (cost=101.06..101.06 rows=1 width=20) (actual time=0.328..0.328 rows=0 loops=1)
   ->  Limit  (cost=100.94..100.96 rows=10 width=20) (actual time=0.326..0.327 rows=10 loops=1)
         ->  Sort  (cost=100.94..103.44 rows=1000 width=20) (actual time=0.325..0.326 rows=10 loops=1)
               Sort Key: s_3.a, s_3.b, s_3.c, s_3.d
               Sort Method: top-N heapsort  Memory: 25kB
               ->  Sort  (cost=66.83..69.33 rows=1000 width=20) (actual time=0.196..0.230 rows=1000 loops=1)
                     Sort Key: s_3.a, s_3.b, s_3.c
                     Sort Method: quicksort  Memory: 103kB
                     ->  Seq Scan on s_3  (cost=0.00..17.00 rows=1000 width=20) (actual time=0.007..0.062 rows=1000 loops=1)
 Planning time: 0.220 ms
 Execution time: 0.352 ms
(11 rows)

===== 328 [Wed Mar  7 01:55:07 CET 2018] scale:1000 groups:1000 work_mem:128MB incremental:off max_workers:2 =====
SELECT * FROM (SELECT * FROM s_4 ORDER BY a, b, c, d) foo ORDER BY a, b, c, d, e LIMIT 10
                                                         QUERY PLAN                                                          
-----------------------------------------------------------------------------------------------------------------------------
 Limit  (cost=101.06..101.06 rows=1 width=20) (actual time=0.331..0.331 rows=0 loops=1)
   ->  Limit  (cost=100.94..100.96 rows=10 width=20) (actual time=0.329..0.330 rows=10 loops=1)
         ->  Sort  (cost=100.94..103.44 rows=1000 width=20) (actual time=0.329..0.329 rows=10 loops=1)
               Sort Key: s_4.a, s_4.b, s_4.c, s_4.d, s_4.e
               Sort Method: top-N heapsort  Memory: 25kB
               ->  Sort  (cost=66.83..69.33 rows=1000 width=20) (actual time=0.192..0.226 rows=1000 loops=1)
                     Sort Key: s_4.a, s_4.b, s_4.c, s_4.d
                     Sort Method: quicksort  Memory: 103kB
                     ->  Seq Scan on s_4  (cost=0.00..17.00 rows=1000 width=20) (actual time=0.007..0.062 rows=1000 loops=1)
 Planning time: 0.222 ms
 Execution time: 0.355 ms
(11 rows)

===== 329 [Wed Mar  7 01:55:07 CET 2018] scale:1000 groups:1000 work_mem:256MB incremental:on max_workers:2 =====
SELECT * FROM (SELECT * FROM s_1 ORDER BY a) foo ORDER BY a, b LIMIT 10
                                                         QUERY PLAN                                                          
-----------------------------------------------------------------------------------------------------------------------------
 Limit  (cost=67.26..67.26 rows=1 width=20) (actual time=0.228..0.228 rows=0 loops=1)
   ->  Limit  (cost=66.86..67.16 rows=10 width=20) (actual time=0.225..0.226 rows=10 loops=1)
         ->  Incremental Sort  (cost=66.86..97.08 rows=1000 width=20) (actual time=0.225..0.225 rows=10 loops=1)
               Sort Key: s_1.a, s_1.b
               Presorted Key: s_1.a
               Sort Method: quicksort  Memory: 27kB
               Sort Groups: 1
               ->  Sort  (cost=66.83..69.33 rows=1000 width=20) (actual time=0.179..0.180 rows=34 loops=1)
                     Sort Key: s_1.a
                     Sort Method: quicksort  Memory: 103kB
                     ->  Seq Scan on s_1  (cost=0.00..17.00 rows=1000 width=20) (actual time=0.004..0.063 rows=1000 loops=1)
 Planning time: 0.216 ms
 Execution time: 0.252 ms
(13 rows)

===== 330 [Wed Mar  7 01:55:07 CET 2018] scale:1000 groups:1000 work_mem:256MB incremental:on max_workers:2 =====
SELECT * FROM (SELECT * FROM s_2 ORDER BY a, b) foo ORDER BY a, b, c LIMIT 10
                                                         QUERY PLAN                                                          
-----------------------------------------------------------------------------------------------------------------------------
 Limit  (cost=67.26..67.26 rows=1 width=20) (actual time=0.235..0.235 rows=0 loops=1)
   ->  Limit  (cost=66.86..67.16 rows=10 width=20) (actual time=0.233..0.234 rows=10 loops=1)
         ->  Incremental Sort  (cost=66.86..97.08 rows=1000 width=20) (actual time=0.233..0.233 rows=10 loops=1)
               Sort Key: s_2.a, s_2.b, s_2.c
               Presorted Key: s_2.a, s_2.b
               Sort Method: quicksort  Memory: 27kB
               Sort Groups: 1
               ->  Sort  (cost=66.83..69.33 rows=1000 width=20) (actual time=0.194..0.196 rows=33 loops=1)
                     Sort Key: s_2.a, s_2.b
                     Sort Method: quicksort  Memory: 103kB
                     ->  Seq Scan on s_2  (cost=0.00..17.00 rows=1000 width=20) (actual time=0.009..0.062 rows=1000 loops=1)
 Planning time: 0.222 ms
 Execution time: 0.260 ms
(13 rows)

===== 331 [Wed Mar  7 01:55:07 CET 2018] scale:1000 groups:1000 work_mem:256MB incremental:on max_workers:2 =====
SELECT * FROM (SELECT * FROM s_3 ORDER BY a, b, c) foo ORDER BY a, b, c, d LIMIT 10
                                                         QUERY PLAN                                                          
-----------------------------------------------------------------------------------------------------------------------------
 Limit  (cost=67.26..67.26 rows=1 width=20) (actual time=0.239..0.239 rows=0 loops=1)
   ->  Limit  (cost=66.86..67.16 rows=10 width=20) (actual time=0.237..0.238 rows=10 loops=1)
         ->  Incremental Sort  (cost=66.86..97.26 rows=1000 width=20) (actual time=0.237..0.237 rows=10 loops=1)
               Sort Key: s_3.a, s_3.b, s_3.c, s_3.d
               Presorted Key: s_3.a, s_3.b, s_3.c
               Sort Method: quicksort  Memory: 27kB
               Sort Groups: 1
               ->  Sort  (cost=66.83..69.33 rows=1000 width=20) (actual time=0.200..0.201 rows=33 loops=1)
                     Sort Key: s_3.a, s_3.b, s_3.c
                     Sort Method: quicksort  Memory: 103kB
                     ->  Seq Scan on s_3  (cost=0.00..17.00 rows=1000 width=20) (actual time=0.007..0.063 rows=1000 loops=1)
 Planning time: 0.228 ms
 Execution time: 0.263 ms
(13 rows)

===== 332 [Wed Mar  7 01:55:07 CET 2018] scale:1000 groups:1000 work_mem:256MB incremental:on max_workers:2 =====
SELECT * FROM (SELECT * FROM s_4 ORDER BY a, b, c, d) foo ORDER BY a, b, c, d, e LIMIT 10
                                                         QUERY PLAN                                                          
-----------------------------------------------------------------------------------------------------------------------------
 Limit  (cost=67.26..67.26 rows=1 width=20) (actual time=0.236..0.236 rows=0 loops=1)
   ->  Limit  (cost=66.86..67.16 rows=10 width=20) (actual time=0.233..0.235 rows=10 loops=1)
         ->  Incremental Sort  (cost=66.86..97.32 rows=1000 width=20) (actual time=0.233..0.234 rows=10 loops=1)
               Sort Key: s_4.a, s_4.b, s_4.c, s_4.d, s_4.e
               Presorted Key: s_4.a, s_4.b, s_4.c, s_4.d
               Sort Method: quicksort  Memory: 27kB
               Sort Groups: 1
               ->  Sort  (cost=66.83..69.33 rows=1000 width=20) (actual time=0.191..0.192 rows=33 loops=1)
                     Sort Key: s_4.a, s_4.b, s_4.c, s_4.d
                     Sort Method: quicksort  Memory: 103kB
                     ->  Seq Scan on s_4  (cost=0.00..17.00 rows=1000 width=20) (actual time=0.007..0.062 rows=1000 loops=1)
 Planning time: 0.230 ms
 Execution time: 0.261 ms
(13 rows)

===== 333 [Wed Mar  7 01:55:07 CET 2018] scale:1000 groups:1000 work_mem:256MB incremental:off max_workers:2 =====
SELECT * FROM (SELECT * FROM s_1 ORDER BY a) foo ORDER BY a, b LIMIT 10
                                                         QUERY PLAN                                                          
-----------------------------------------------------------------------------------------------------------------------------
 Limit  (cost=101.06..101.06 rows=1 width=20) (actual time=0.306..0.306 rows=0 loops=1)
   ->  Limit  (cost=100.94..100.96 rows=10 width=20) (actual time=0.304..0.305 rows=10 loops=1)
         ->  Sort  (cost=100.94..103.44 rows=1000 width=20) (actual time=0.303..0.304 rows=10 loops=1)
               Sort Key: s_1.a, s_1.b
               Sort Method: top-N heapsort  Memory: 25kB
               ->  Sort  (cost=66.83..69.33 rows=1000 width=20) (actual time=0.182..0.215 rows=1000 loops=1)
                     Sort Key: s_1.a
                     Sort Method: quicksort  Memory: 103kB
                     ->  Seq Scan on s_1  (cost=0.00..17.00 rows=1000 width=20) (actual time=0.004..0.063 rows=1000 loops=1)
 Planning time: 0.213 ms
 Execution time: 0.330 ms
(11 rows)

===== 334 [Wed Mar  7 01:55:07 CET 2018] scale:1000 groups:1000 work_mem:256MB incremental:off max_workers:2 =====
SELECT * FROM (SELECT * FROM s_2 ORDER BY a, b) foo ORDER BY a, b, c LIMIT 10
                                                         QUERY PLAN                                                          
-----------------------------------------------------------------------------------------------------------------------------
 Limit  (cost=101.06..101.06 rows=1 width=20) (actual time=0.310..0.310 rows=0 loops=1)
   ->  Limit  (cost=100.94..100.96 rows=10 width=20) (actual time=0.308..0.309 rows=10 loops=1)
         ->  Sort  (cost=100.94..103.44 rows=1000 width=20) (actual time=0.308..0.308 rows=10 loops=1)
               Sort Key: s_2.a, s_2.b, s_2.c
               Sort Method: top-N heapsort  Memory: 25kB
               ->  Sort  (cost=66.83..69.33 rows=1000 width=20) (actual time=0.187..0.220 rows=1000 loops=1)
                     Sort Key: s_2.a, s_2.b
                     Sort Method: quicksort  Memory: 103kB
                     ->  Seq Scan on s_2  (cost=0.00..17.00 rows=1000 width=20) (actual time=0.009..0.062 rows=1000 loops=1)
 Planning time: 0.223 ms
 Execution time: 0.334 ms
(11 rows)

===== 335 [Wed Mar  7 01:55:07 CET 2018] scale:1000 groups:1000 work_mem:256MB incremental:off max_workers:2 =====
SELECT * FROM (SELECT * FROM s_3 ORDER BY a, b, c) foo ORDER BY a, b, c, d LIMIT 10
                                                         QUERY PLAN                                                          
-----------------------------------------------------------------------------------------------------------------------------
 Limit  (cost=101.06..101.06 rows=1 width=20) (actual time=0.326..0.326 rows=0 loops=1)
   ->  Limit  (cost=100.94..100.96 rows=10 width=20) (actual time=0.324..0.325 rows=10 loops=1)
         ->  Sort  (cost=100.94..103.44 rows=1000 width=20) (actual time=0.324..0.324 rows=10 loops=1)
               Sort Key: s_3.a, s_3.b, s_3.c, s_3.d
               Sort Method: top-N heapsort  Memory: 25kB
               ->  Sort  (cost=66.83..69.33 rows=1000 width=20) (actual time=0.196..0.230 rows=1000 loops=1)
                     Sort Key: s_3.a, s_3.b, s_3.c
                     Sort Method: quicksort  Memory: 103kB
                     ->  Seq Scan on s_3  (cost=0.00..17.00 rows=1000 width=20) (actual time=0.007..0.063 rows=1000 loops=1)
 Planning time: 0.224 ms
 Execution time: 0.350 ms
(11 rows)

===== 336 [Wed Mar  7 01:55:08 CET 2018] scale:1000 groups:1000 work_mem:256MB incremental:off max_workers:2 =====
SELECT * FROM (SELECT * FROM s_4 ORDER BY a, b, c, d) foo ORDER BY a, b, c, d, e LIMIT 10
                                                         QUERY PLAN                                                          
-----------------------------------------------------------------------------------------------------------------------------
 Limit  (cost=101.06..101.06 rows=1 width=20) (actual time=0.327..0.327 rows=0 loops=1)
   ->  Limit  (cost=100.94..100.96 rows=10 width=20) (actual time=0.325..0.326 rows=10 loops=1)
         ->  Sort  (cost=100.94..103.44 rows=1000 width=20) (actual time=0.324..0.325 rows=10 loops=1)
               Sort Key: s_4.a, s_4.b, s_4.c, s_4.d, s_4.e
               Sort Method: top-N heapsort  Memory: 25kB
               ->  Sort  (cost=66.83..69.33 rows=1000 width=20) (actual time=0.192..0.226 rows=1000 loops=1)
                     Sort Key: s_4.a, s_4.b, s_4.c, s_4.d
                     Sort Method: quicksort  Memory: 103kB
                     ->  Seq Scan on s_4  (cost=0.00..17.00 rows=1000 width=20) (actual time=0.007..0.062 rows=1000 loops=1)
 Planning time: 0.229 ms
 Execution time: 0.351 ms
(11 rows)

===== 337 [Wed Mar  7 01:55:08 CET 2018] scale:1000 groups:10000 work_mem:4MB incremental:on max_workers:0 =====
SELECT * FROM (SELECT * FROM s_1 ORDER BY a) foo ORDER BY a, b LIMIT 10
                                                         QUERY PLAN                                                          
-----------------------------------------------------------------------------------------------------------------------------
 Limit  (cost=67.31..67.31 rows=1 width=20) (actual time=0.219..0.219 rows=0 loops=1)
   ->  Limit  (cost=66.85..67.21 rows=10 width=20) (actual time=0.217..0.218 rows=10 loops=1)
         ->  Incremental Sort  (cost=66.85..103.46 rows=1000 width=20) (actual time=0.217..0.217 rows=10 loops=1)
               Sort Key: s_1.a, s_1.b
               Presorted Key: s_1.a
               Sort Method: quicksort  Memory: 27kB
               Sort Groups: 1
               ->  Sort  (cost=66.83..69.33 rows=1000 width=20) (actual time=0.180..0.181 rows=33 loops=1)
                     Sort Key: s_1.a
                     Sort Method: quicksort  Memory: 103kB
                     ->  Seq Scan on s_1  (cost=0.00..17.00 rows=1000 width=20) (actual time=0.007..0.063 rows=1000 loops=1)
 Planning time: 0.223 ms
 Execution time: 0.244 ms
(13 rows)

===== 338 [Wed Mar  7 01:55:08 CET 2018] scale:1000 groups:10000 work_mem:4MB incremental:on max_workers:0 =====
SELECT * FROM (SELECT * FROM s_2 ORDER BY a, b) foo ORDER BY a, b, c LIMIT 10
                                                         QUERY PLAN                                                          
-----------------------------------------------------------------------------------------------------------------------------
 Limit  (cost=67.31..67.31 rows=1 width=20) (actual time=0.230..0.230 rows=0 loops=1)
   ->  Limit  (cost=66.85..67.21 rows=10 width=20) (actual time=0.228..0.229 rows=10 loops=1)
         ->  Incremental Sort  (cost=66.85..103.48 rows=1000 width=20) (actual time=0.228..0.228 rows=10 loops=1)
               Sort Key: s_2.a, s_2.b, s_2.c
               Presorted Key: s_2.a, s_2.b
               Sort Method: quicksort  Memory: 27kB
               Sort Groups: 1
               ->  Sort  (cost=66.83..69.33 rows=1000 width=20) (actual time=0.191..0.192 rows=33 loops=1)
                     Sort Key: s_2.a, s_2.b
                     Sort Method: quicksort  Memory: 103kB
                     ->  Seq Scan on s_2  (cost=0.00..17.00 rows=1000 width=20) (actual time=0.007..0.068 rows=1000 loops=1)
 Planning time: 0.231 ms
 Execution time: 0.255 ms
(13 rows)

===== 339 [Wed Mar  7 01:55:08 CET 2018] scale:1000 groups:10000 work_mem:4MB incremental:on max_workers:0 =====
SELECT * FROM (SELECT * FROM s_3 ORDER BY a, b, c) foo ORDER BY a, b, c, d LIMIT 10
                                                         QUERY PLAN                                                          
-----------------------------------------------------------------------------------------------------------------------------
 Limit  (cost=67.31..67.31 rows=1 width=20) (actual time=0.228..0.228 rows=0 loops=1)
   ->  Limit  (cost=66.85..67.21 rows=10 width=20) (actual time=0.226..0.227 rows=10 loops=1)
         ->  Incremental Sort  (cost=66.85..103.58 rows=1000 width=20) (actual time=0.226..0.226 rows=10 loops=1)
               Sort Key: s_3.a, s_3.b, s_3.c, s_3.d
               Presorted Key: s_3.a, s_3.b, s_3.c
               Sort Method: quicksort  Memory: 27kB
               Sort Groups: 1
               ->  Sort  (cost=66.83..69.33 rows=1000 width=20) (actual time=0.188..0.190 rows=33 loops=1)
                     Sort Key: s_3.a, s_3.b, s_3.c
                     Sort Method: quicksort  Memory: 103kB
                     ->  Seq Scan on s_3  (cost=0.00..17.00 rows=1000 width=20) (actual time=0.007..0.059 rows=1000 loops=1)
 Planning time: 0.239 ms
 Execution time: 0.252 ms
(13 rows)

===== 340 [Wed Mar  7 01:55:08 CET 2018] scale:1000 groups:10000 work_mem:4MB incremental:on max_workers:0 =====
SELECT * FROM (SELECT * FROM s_4 ORDER BY a, b, c, d) foo ORDER BY a, b, c, d, e LIMIT 10
                                                         QUERY PLAN                                                          
-----------------------------------------------------------------------------------------------------------------------------
 Limit  (cost=67.31..67.31 rows=1 width=20) (actual time=0.229..0.229 rows=0 loops=1)
   ->  Limit  (cost=66.85..67.21 rows=10 width=20) (actual time=0.227..0.228 rows=10 loops=1)
         ->  Incremental Sort  (cost=66.85..103.60 rows=1000 width=20) (actual time=0.227..0.227 rows=10 loops=1)
               Sort Key: s_4.a, s_4.b, s_4.c, s_4.d, s_4.e
               Presorted Key: s_4.a, s_4.b, s_4.c, s_4.d
               Sort Method: quicksort  Memory: 27kB
               Sort Groups: 1
               ->  Sort  (cost=66.83..69.33 rows=1000 width=20) (actual time=0.185..0.187 rows=33 loops=1)
                     Sort Key: s_4.a, s_4.b, s_4.c, s_4.d
                     Sort Method: quicksort  Memory: 103kB
                     ->  Seq Scan on s_4  (cost=0.00..17.00 rows=1000 width=20) (actual time=0.007..0.060 rows=1000 loops=1)
 Planning time: 0.243 ms
 Execution time: 0.254 ms
(13 rows)

===== 341 [Wed Mar  7 01:55:09 CET 2018] scale:1000 groups:10000 work_mem:4MB incremental:off max_workers:0 =====
SELECT * FROM (SELECT * FROM s_1 ORDER BY a) foo ORDER BY a, b LIMIT 10
                                                         QUERY PLAN                                                          
-----------------------------------------------------------------------------------------------------------------------------
 Limit  (cost=101.06..101.06 rows=1 width=20) (actual time=0.306..0.306 rows=0 loops=1)
   ->  Limit  (cost=100.94..100.96 rows=10 width=20) (actual time=0.304..0.305 rows=10 loops=1)
         ->  Sort  (cost=100.94..103.44 rows=1000 width=20) (actual time=0.303..0.304 rows=10 loops=1)
               Sort Key: s_1.a, s_1.b
               Sort Method: top-N heapsort  Memory: 25kB
               ->  Sort  (cost=66.83..69.33 rows=1000 width=20) (actual time=0.181..0.215 rows=1000 loops=1)
                     Sort Key: s_1.a
                     Sort Method: quicksort  Memory: 103kB
                     ->  Seq Scan on s_1  (cost=0.00..17.00 rows=1000 width=20) (actual time=0.007..0.063 rows=1000 loops=1)
 Planning time: 0.220 ms
 Execution time: 0.330 ms
(11 rows)

===== 342 [Wed Mar  7 01:55:09 CET 2018] scale:1000 groups:10000 work_mem:4MB incremental:off max_workers:0 =====
SELECT * FROM (SELECT * FROM s_2 ORDER BY a, b) foo ORDER BY a, b, c LIMIT 10
                                                         QUERY PLAN                                                          
-----------------------------------------------------------------------------------------------------------------------------
 Limit  (cost=101.06..101.06 rows=1 width=20) (actual time=0.314..0.314 rows=0 loops=1)
   ->  Limit  (cost=100.94..100.96 rows=10 width=20) (actual time=0.312..0.313 rows=10 loops=1)
         ->  Sort  (cost=100.94..103.44 rows=1000 width=20) (actual time=0.311..0.312 rows=10 loops=1)
               Sort Key: s_2.a, s_2.b, s_2.c
               Sort Method: top-N heapsort  Memory: 25kB
               ->  Sort  (cost=66.83..69.33 rows=1000 width=20) (actual time=0.190..0.224 rows=1000 loops=1)
                     Sort Key: s_2.a, s_2.b
                     Sort Method: quicksort  Memory: 103kB
                     ->  Seq Scan on s_2  (cost=0.00..17.00 rows=1000 width=20) (actual time=0.007..0.062 rows=1000 loops=1)
 Planning time: 0.221 ms
 Execution time: 0.338 ms
(11 rows)

===== 343 [Wed Mar  7 01:55:09 CET 2018] scale:1000 groups:10000 work_mem:4MB incremental:off max_workers:0 =====
SELECT * FROM (SELECT * FROM s_3 ORDER BY a, b, c) foo ORDER BY a, b, c, d LIMIT 10
                                                         QUERY PLAN                                                          
-----------------------------------------------------------------------------------------------------------------------------
 Limit  (cost=101.06..101.06 rows=1 width=20) (actual time=0.314..0.314 rows=0 loops=1)
   ->  Limit  (cost=100.94..100.96 rows=10 width=20) (actual time=0.312..0.313 rows=10 loops=1)
         ->  Sort  (cost=100.94..103.44 rows=1000 width=20) (actual time=0.312..0.312 rows=10 loops=1)
               Sort Key: s_3.a, s_3.b, s_3.c, s_3.d
               Sort Method: top-N heapsort  Memory: 25kB
               ->  Sort  (cost=66.83..69.33 rows=1000 width=20) (actual time=0.186..0.220 rows=1000 loops=1)
                     Sort Key: s_3.a, s_3.b, s_3.c
                     Sort Method: quicksort  Memory: 103kB
                     ->  Seq Scan on s_3  (cost=0.00..17.00 rows=1000 width=20) (actual time=0.007..0.060 rows=1000 loops=1)
 Planning time: 0.222 ms
 Execution time: 0.338 ms
(11 rows)

===== 344 [Wed Mar  7 01:55:09 CET 2018] scale:1000 groups:10000 work_mem:4MB incremental:off max_workers:0 =====
SELECT * FROM (SELECT * FROM s_4 ORDER BY a, b, c, d) foo ORDER BY a, b, c, d, e LIMIT 10
                                                         QUERY PLAN                                                          
-----------------------------------------------------------------------------------------------------------------------------
 Limit  (cost=101.06..101.06 rows=1 width=20) (actual time=0.318..0.318 rows=0 loops=1)
   ->  Limit  (cost=100.94..100.96 rows=10 width=20) (actual time=0.316..0.317 rows=10 loops=1)
         ->  Sort  (cost=100.94..103.44 rows=1000 width=20) (actual time=0.316..0.316 rows=10 loops=1)
               Sort Key: s_4.a, s_4.b, s_4.c, s_4.d, s_4.e
               Sort Method: top-N heapsort  Memory: 25kB
               ->  Sort  (cost=66.83..69.33 rows=1000 width=20) (actual time=0.183..0.217 rows=1000 loops=1)
                     Sort Key: s_4.a, s_4.b, s_4.c, s_4.d
                     Sort Method: quicksort  Memory: 103kB
                     ->  Seq Scan on s_4  (cost=0.00..17.00 rows=1000 width=20) (actual time=0.007..0.059 rows=1000 loops=1)
 Planning time: 0.227 ms
 Execution time: 0.343 ms
(11 rows)

===== 345 [Wed Mar  7 01:55:09 CET 2018] scale:1000 groups:10000 work_mem:8MB incremental:on max_workers:0 =====
SELECT * FROM (SELECT * FROM s_1 ORDER BY a) foo ORDER BY a, b LIMIT 10
                                                         QUERY PLAN                                                          
-----------------------------------------------------------------------------------------------------------------------------
 Limit  (cost=67.31..67.31 rows=1 width=20) (actual time=0.220..0.220 rows=0 loops=1)
   ->  Limit  (cost=66.85..67.21 rows=10 width=20) (actual time=0.218..0.219 rows=10 loops=1)
         ->  Incremental Sort  (cost=66.85..103.46 rows=1000 width=20) (actual time=0.218..0.218 rows=10 loops=1)
               Sort Key: s_1.a, s_1.b
               Presorted Key: s_1.a
               Sort Method: quicksort  Memory: 27kB
               Sort Groups: 1
               ->  Sort  (cost=66.83..69.33 rows=1000 width=20) (actual time=0.181..0.182 rows=33 loops=1)
                     Sort Key: s_1.a
                     Sort Method: quicksort  Memory: 103kB
                     ->  Seq Scan on s_1  (cost=0.00..17.00 rows=1000 width=20) (actual time=0.007..0.063 rows=1000 loops=1)
 Planning time: 0.229 ms
 Execution time: 0.244 ms
(13 rows)

===== 346 [Wed Mar  7 01:55:09 CET 2018] scale:1000 groups:10000 work_mem:8MB incremental:on max_workers:0 =====
SELECT * FROM (SELECT * FROM s_2 ORDER BY a, b) foo ORDER BY a, b, c LIMIT 10
                                                         QUERY PLAN                                                          
-----------------------------------------------------------------------------------------------------------------------------
 Limit  (cost=67.31..67.31 rows=1 width=20) (actual time=0.224..0.224 rows=0 loops=1)
   ->  Limit  (cost=66.85..67.21 rows=10 width=20) (actual time=0.222..0.223 rows=10 loops=1)
         ->  Incremental Sort  (cost=66.85..103.48 rows=1000 width=20) (actual time=0.222..0.222 rows=10 loops=1)
               Sort Key: s_2.a, s_2.b, s_2.c
               Presorted Key: s_2.a, s_2.b
               Sort Method: quicksort  Memory: 27kB
               Sort Groups: 1
               ->  Sort  (cost=66.83..69.33 rows=1000 width=20) (actual time=0.185..0.186 rows=33 loops=1)
                     Sort Key: s_2.a, s_2.b
                     Sort Method: quicksort  Memory: 103kB
                     ->  Seq Scan on s_2  (cost=0.00..17.00 rows=1000 width=20) (actual time=0.006..0.063 rows=1000 loops=1)
 Planning time: 0.234 ms
 Execution time: 0.249 ms
(13 rows)

===== 347 [Wed Mar  7 01:55:09 CET 2018] scale:1000 groups:10000 work_mem:8MB incremental:on max_workers:0 =====
SELECT * FROM (SELECT * FROM s_3 ORDER BY a, b, c) foo ORDER BY a, b, c, d LIMIT 10
                                                         QUERY PLAN                                                          
-----------------------------------------------------------------------------------------------------------------------------
 Limit  (cost=67.31..67.31 rows=1 width=20) (actual time=0.230..0.230 rows=0 loops=1)
   ->  Limit  (cost=66.85..67.21 rows=10 width=20) (actual time=0.228..0.229 rows=10 loops=1)
         ->  Incremental Sort  (cost=66.85..103.58 rows=1000 width=20) (actual time=0.227..0.228 rows=10 loops=1)
               Sort Key: s_3.a, s_3.b, s_3.c, s_3.d
               Presorted Key: s_3.a, s_3.b, s_3.c
               Sort Method: quicksort  Memory: 27kB
               Sort Groups: 1
               ->  Sort  (cost=66.83..69.33 rows=1000 width=20) (actual time=0.189..0.190 rows=33 loops=1)
                     Sort Key: s_3.a, s_3.b, s_3.c
                     Sort Method: quicksort  Memory: 103kB
                     ->  Seq Scan on s_3  (cost=0.00..17.00 rows=1000 width=20) (actual time=0.007..0.060 rows=1000 loops=1)
 Planning time: 0.245 ms
 Execution time: 0.255 ms
(13 rows)

===== 348 [Wed Mar  7 01:55:09 CET 2018] scale:1000 groups:10000 work_mem:8MB incremental:on max_workers:0 =====
SELECT * FROM (SELECT * FROM s_4 ORDER BY a, b, c, d) foo ORDER BY a, b, c, d, e LIMIT 10
                                                         QUERY PLAN                                                          
-----------------------------------------------------------------------------------------------------------------------------
 Limit  (cost=67.31..67.31 rows=1 width=20) (actual time=0.240..0.240 rows=0 loops=1)
   ->  Limit  (cost=66.85..67.21 rows=10 width=20) (actual time=0.238..0.239 rows=10 loops=1)
         ->  Incremental Sort  (cost=66.85..103.60 rows=1000 width=20) (actual time=0.238..0.238 rows=10 loops=1)
               Sort Key: s_4.a, s_4.b, s_4.c, s_4.d, s_4.e
               Presorted Key: s_4.a, s_4.b, s_4.c, s_4.d
               Sort Method: quicksort  Memory: 27kB
               Sort Groups: 1
               ->  Sort  (cost=66.83..69.33 rows=1000 width=20) (actual time=0.196..0.197 rows=33 loops=1)
                     Sort Key: s_4.a, s_4.b, s_4.c, s_4.d
                     Sort Method: quicksort  Memory: 103kB
                     ->  Seq Scan on s_4  (cost=0.00..17.00 rows=1000 width=20) (actual time=0.007..0.060 rows=1000 loops=1)
 Planning time: 0.241 ms
 Execution time: 0.266 ms
(13 rows)

===== 349 [Wed Mar  7 01:55:09 CET 2018] scale:1000 groups:10000 work_mem:8MB incremental:off max_workers:0 =====
SELECT * FROM (SELECT * FROM s_1 ORDER BY a) foo ORDER BY a, b LIMIT 10
                                                         QUERY PLAN                                                          
-----------------------------------------------------------------------------------------------------------------------------
 Limit  (cost=101.06..101.06 rows=1 width=20) (actual time=0.311..0.311 rows=0 loops=1)
   ->  Limit  (cost=100.94..100.96 rows=10 width=20) (actual time=0.309..0.310 rows=10 loops=1)
         ->  Sort  (cost=100.94..103.44 rows=1000 width=20) (actual time=0.309..0.309 rows=10 loops=1)
               Sort Key: s_1.a, s_1.b
               Sort Method: top-N heapsort  Memory: 25kB
               ->  Sort  (cost=66.83..69.33 rows=1000 width=20) (actual time=0.186..0.220 rows=1000 loops=1)
                     Sort Key: s_1.a
                     Sort Method: quicksort  Memory: 103kB
                     ->  Seq Scan on s_1  (cost=0.00..17.00 rows=1000 width=20) (actual time=0.007..0.063 rows=1000 loops=1)
 Planning time: 0.220 ms
 Execution time: 0.335 ms
(11 rows)

===== 350 [Wed Mar  7 01:55:09 CET 2018] scale:1000 groups:10000 work_mem:8MB incremental:off max_workers:0 =====
SELECT * FROM (SELECT * FROM s_2 ORDER BY a, b) foo ORDER BY a, b, c LIMIT 10
                                                         QUERY PLAN                                                          
-----------------------------------------------------------------------------------------------------------------------------
 Limit  (cost=101.06..101.06 rows=1 width=20) (actual time=0.310..0.310 rows=0 loops=1)
   ->  Limit  (cost=100.94..100.96 rows=10 width=20) (actual time=0.308..0.309 rows=10 loops=1)
         ->  Sort  (cost=100.94..103.44 rows=1000 width=20) (actual time=0.308..0.308 rows=10 loops=1)
               Sort Key: s_2.a, s_2.b, s_2.c
               Sort Method: top-N heapsort  Memory: 25kB
               ->  Sort  (cost=66.83..69.33 rows=1000 width=20) (actual time=0.187..0.220 rows=1000 loops=1)
                     Sort Key: s_2.a, s_2.b
                     Sort Method: quicksort  Memory: 103kB
                     ->  Seq Scan on s_2  (cost=0.00..17.00 rows=1000 width=20) (actual time=0.007..0.067 rows=1000 loops=1)
 Planning time: 0.220 ms
 Execution time: 0.334 ms
(11 rows)

===== 351 [Wed Mar  7 01:55:09 CET 2018] scale:1000 groups:10000 work_mem:8MB incremental:off max_workers:0 =====
SELECT * FROM (SELECT * FROM s_3 ORDER BY a, b, c) foo ORDER BY a, b, c, d LIMIT 10
                                                         QUERY PLAN                                                          
-----------------------------------------------------------------------------------------------------------------------------
 Limit  (cost=101.06..101.06 rows=1 width=20) (actual time=0.320..0.320 rows=0 loops=1)
   ->  Limit  (cost=100.94..100.96 rows=10 width=20) (actual time=0.318..0.319 rows=10 loops=1)
         ->  Sort  (cost=100.94..103.44 rows=1000 width=20) (actual time=0.318..0.318 rows=10 loops=1)
               Sort Key: s_3.a, s_3.b, s_3.c, s_3.d
               Sort Method: top-N heapsort  Memory: 25kB
               ->  Sort  (cost=66.83..69.33 rows=1000 width=20) (actual time=0.187..0.221 rows=1000 loops=1)
                     Sort Key: s_3.a, s_3.b, s_3.c
                     Sort Method: quicksort  Memory: 103kB
                     ->  Seq Scan on s_3  (cost=0.00..17.00 rows=1000 width=20) (actual time=0.007..0.059 rows=1000 loops=1)
 Planning time: 0.223 ms
 Execution time: 0.344 ms
(11 rows)

===== 352 [Wed Mar  7 01:55:09 CET 2018] scale:1000 groups:10000 work_mem:8MB incremental:off max_workers:0 =====
SELECT * FROM (SELECT * FROM s_4 ORDER BY a, b, c, d) foo ORDER BY a, b, c, d, e LIMIT 10
                                                         QUERY PLAN                                                          
-----------------------------------------------------------------------------------------------------------------------------
 Limit  (cost=101.06..101.06 rows=1 width=20) (actual time=0.320..0.320 rows=0 loops=1)
   ->  Limit  (cost=100.94..100.96 rows=10 width=20) (actual time=0.318..0.319 rows=10 loops=1)
         ->  Sort  (cost=100.94..103.44 rows=1000 width=20) (actual time=0.317..0.318 rows=10 loops=1)
               Sort Key: s_4.a, s_4.b, s_4.c, s_4.d, s_4.e
               Sort Method: top-N heapsort  Memory: 25kB
               ->  Sort  (cost=66.83..69.33 rows=1000 width=20) (actual time=0.182..0.216 rows=1000 loops=1)
                     Sort Key: s_4.a, s_4.b, s_4.c, s_4.d
                     Sort Method: quicksort  Memory: 103kB
                     ->  Seq Scan on s_4  (cost=0.00..17.00 rows=1000 width=20) (actual time=0.007..0.060 rows=1000 loops=1)
 Planning time: 0.230 ms
 Execution time: 0.344 ms
(11 rows)

===== 353 [Wed Mar  7 01:55:09 CET 2018] scale:1000 groups:10000 work_mem:16MB incremental:on max_workers:0 =====
SELECT * FROM (SELECT * FROM s_1 ORDER BY a) foo ORDER BY a, b LIMIT 10
                                                         QUERY PLAN                                                          
-----------------------------------------------------------------------------------------------------------------------------
 Limit  (cost=67.31..67.31 rows=1 width=20) (actual time=0.222..0.222 rows=0 loops=1)
   ->  Limit  (cost=66.85..67.21 rows=10 width=20) (actual time=0.220..0.221 rows=10 loops=1)
         ->  Incremental Sort  (cost=66.85..103.46 rows=1000 width=20) (actual time=0.220..0.220 rows=10 loops=1)
               Sort Key: s_1.a, s_1.b
               Presorted Key: s_1.a
               Sort Method: quicksort  Memory: 27kB
               Sort Groups: 1
               ->  Sort  (cost=66.83..69.33 rows=1000 width=20) (actual time=0.180..0.181 rows=33 loops=1)
                     Sort Key: s_1.a
                     Sort Method: quicksort  Memory: 103kB
                     ->  Seq Scan on s_1  (cost=0.00..17.00 rows=1000 width=20) (actual time=0.007..0.063 rows=1000 loops=1)
 Planning time: 0.225 ms
 Execution time: 0.258 ms
(13 rows)

===== 354 [Wed Mar  7 01:55:09 CET 2018] scale:1000 groups:10000 work_mem:16MB incremental:on max_workers:0 =====
SELECT * FROM (SELECT * FROM s_2 ORDER BY a, b) foo ORDER BY a, b, c LIMIT 10
                                                         QUERY PLAN                                                          
-----------------------------------------------------------------------------------------------------------------------------
 Limit  (cost=67.31..67.31 rows=1 width=20) (actual time=0.222..0.222 rows=0 loops=1)
   ->  Limit  (cost=66.85..67.21 rows=10 width=20) (actual time=0.220..0.221 rows=10 loops=1)
         ->  Incremental Sort  (cost=66.85..103.48 rows=1000 width=20) (actual time=0.220..0.220 rows=10 loops=1)
               Sort Key: s_2.a, s_2.b, s_2.c
               Presorted Key: s_2.a, s_2.b
               Sort Method: quicksort  Memory: 27kB
               Sort Groups: 1
               ->  Sort  (cost=66.83..69.33 rows=1000 width=20) (actual time=0.181..0.182 rows=33 loops=1)
                     Sort Key: s_2.a, s_2.b
                     Sort Method: quicksort  Memory: 103kB
                     ->  Seq Scan on s_2  (cost=0.00..17.00 rows=1000 width=20) (actual time=0.007..0.063 rows=1000 loops=1)
 Planning time: 0.232 ms
 Execution time: 0.247 ms
(13 rows)

===== 355 [Wed Mar  7 01:55:09 CET 2018] scale:1000 groups:10000 work_mem:16MB incremental:on max_workers:0 =====
SELECT * FROM (SELECT * FROM s_3 ORDER BY a, b, c) foo ORDER BY a, b, c, d LIMIT 10
                                                         QUERY PLAN                                                          
-----------------------------------------------------------------------------------------------------------------------------
 Limit  (cost=67.31..67.31 rows=1 width=20) (actual time=0.235..0.235 rows=0 loops=1)
   ->  Limit  (cost=66.85..67.21 rows=10 width=20) (actual time=0.233..0.234 rows=10 loops=1)
         ->  Incremental Sort  (cost=66.85..103.58 rows=1000 width=20) (actual time=0.233..0.233 rows=10 loops=1)
               Sort Key: s_3.a, s_3.b, s_3.c, s_3.d
               Presorted Key: s_3.a, s_3.b, s_3.c
               Sort Method: quicksort  Memory: 27kB
               Sort Groups: 1
               ->  Sort  (cost=66.83..69.33 rows=1000 width=20) (actual time=0.194..0.195 rows=33 loops=1)
                     Sort Key: s_3.a, s_3.b, s_3.c
                     Sort Method: quicksort  Memory: 103kB
                     ->  Seq Scan on s_3  (cost=0.00..17.00 rows=1000 width=20) (actual time=0.007..0.060 rows=1000 loops=1)
 Planning time: 0.232 ms
 Execution time: 0.260 ms
(13 rows)

===== 356 [Wed Mar  7 01:55:10 CET 2018] scale:1000 groups:10000 work_mem:16MB incremental:on max_workers:0 =====
SELECT * FROM (SELECT * FROM s_4 ORDER BY a, b, c, d) foo ORDER BY a, b, c, d, e LIMIT 10
                                                         QUERY PLAN                                                          
-----------------------------------------------------------------------------------------------------------------------------
 Limit  (cost=67.31..67.31 rows=1 width=20) (actual time=0.237..0.237 rows=0 loops=1)
   ->  Limit  (cost=66.85..67.21 rows=10 width=20) (actual time=0.235..0.236 rows=10 loops=1)
         ->  Incremental Sort  (cost=66.85..103.60 rows=1000 width=20) (actual time=0.235..0.235 rows=10 loops=1)
               Sort Key: s_4.a, s_4.b, s_4.c, s_4.d, s_4.e
               Presorted Key: s_4.a, s_4.b, s_4.c, s_4.d
               Sort Method: quicksort  Memory: 27kB
               Sort Groups: 1
               ->  Sort  (cost=66.83..69.33 rows=1000 width=20) (actual time=0.192..0.194 rows=33 loops=1)
                     Sort Key: s_4.a, s_4.b, s_4.c, s_4.d
                     Sort Method: quicksort  Memory: 103kB
                     ->  Seq Scan on s_4  (cost=0.00..17.00 rows=1000 width=20) (actual time=0.007..0.067 rows=1000 loops=1)
 Planning time: 0.237 ms
 Execution time: 0.262 ms
(13 rows)

===== 357 [Wed Mar  7 01:55:10 CET 2018] scale:1000 groups:10000 work_mem:16MB incremental:off max_workers:0 =====
SELECT * FROM (SELECT * FROM s_1 ORDER BY a) foo ORDER BY a, b LIMIT 10
                                                         QUERY PLAN                                                          
-----------------------------------------------------------------------------------------------------------------------------
 Limit  (cost=101.06..101.06 rows=1 width=20) (actual time=0.303..0.303 rows=0 loops=1)
   ->  Limit  (cost=100.94..100.96 rows=10 width=20) (actual time=0.301..0.302 rows=10 loops=1)
         ->  Sort  (cost=100.94..103.44 rows=1000 width=20) (actual time=0.301..0.301 rows=10 loops=1)
               Sort Key: s_1.a, s_1.b
               Sort Method: top-N heapsort  Memory: 25kB
               ->  Sort  (cost=66.83..69.33 rows=1000 width=20) (actual time=0.180..0.213 rows=1000 loops=1)
                     Sort Key: s_1.a
                     Sort Method: quicksort  Memory: 103kB
                     ->  Seq Scan on s_1  (cost=0.00..17.00 rows=1000 width=20) (actual time=0.007..0.063 rows=1000 loops=1)
 Planning time: 0.228 ms
 Execution time: 0.327 ms
(11 rows)

===== 358 [Wed Mar  7 01:55:10 CET 2018] scale:1000 groups:10000 work_mem:16MB incremental:off max_workers:0 =====
SELECT * FROM (SELECT * FROM s_2 ORDER BY a, b) foo ORDER BY a, b, c LIMIT 10
                                                         QUERY PLAN                                                          
-----------------------------------------------------------------------------------------------------------------------------
 Limit  (cost=101.06..101.06 rows=1 width=20) (actual time=0.307..0.307 rows=0 loops=1)
   ->  Limit  (cost=100.94..100.96 rows=10 width=20) (actual time=0.304..0.306 rows=10 loops=1)
         ->  Sort  (cost=100.94..103.44 rows=1000 width=20) (actual time=0.304..0.305 rows=10 loops=1)
               Sort Key: s_2.a, s_2.b, s_2.c
               Sort Method: top-N heapsort  Memory: 25kB
               ->  Sort  (cost=66.83..69.33 rows=1000 width=20) (actual time=0.183..0.217 rows=1000 loops=1)
                     Sort Key: s_2.a, s_2.b
                     Sort Method: quicksort  Memory: 103kB
                     ->  Seq Scan on s_2  (cost=0.00..17.00 rows=1000 width=20) (actual time=0.006..0.062 rows=1000 loops=1)
 Planning time: 0.226 ms
 Execution time: 0.332 ms
(11 rows)

===== 359 [Wed Mar  7 01:55:10 CET 2018] scale:1000 groups:10000 work_mem:16MB incremental:off max_workers:0 =====
SELECT * FROM (SELECT * FROM s_3 ORDER BY a, b, c) foo ORDER BY a, b, c, d LIMIT 10
                                                         QUERY PLAN                                                          
-----------------------------------------------------------------------------------------------------------------------------
 Limit  (cost=101.06..101.06 rows=1 width=20) (actual time=0.318..0.318 rows=0 loops=1)
   ->  Limit  (cost=100.94..100.96 rows=10 width=20) (actual time=0.316..0.317 rows=10 loops=1)
         ->  Sort  (cost=100.94..103.44 rows=1000 width=20) (actual time=0.316..0.316 rows=10 loops=1)
               Sort Key: s_3.a, s_3.b, s_3.c, s_3.d
               Sort Method: top-N heapsort  Memory: 25kB
               ->  Sort  (cost=66.83..69.33 rows=1000 width=20) (actual time=0.187..0.221 rows=1000 loops=1)
                     Sort Key: s_3.a, s_3.b, s_3.c
                     Sort Method: quicksort  Memory: 103kB
                     ->  Seq Scan on s_3  (cost=0.00..17.00 rows=1000 width=20) (actual time=0.007..0.060 rows=1000 loops=1)
 Planning time: 0.231 ms
 Execution time: 0.342 ms
(11 rows)

===== 360 [Wed Mar  7 01:55:10 CET 2018] scale:1000 groups:10000 work_mem:16MB incremental:off max_workers:0 =====
SELECT * FROM (SELECT * FROM s_4 ORDER BY a, b, c, d) foo ORDER BY a, b, c, d, e LIMIT 10
                                                         QUERY PLAN                                                          
-----------------------------------------------------------------------------------------------------------------------------
 Limit  (cost=101.06..101.06 rows=1 width=20) (actual time=0.324..0.324 rows=0 loops=1)
   ->  Limit  (cost=100.94..100.96 rows=10 width=20) (actual time=0.322..0.323 rows=10 loops=1)
         ->  Sort  (cost=100.94..103.44 rows=1000 width=20) (actual time=0.321..0.322 rows=10 loops=1)
               Sort Key: s_4.a, s_4.b, s_4.c, s_4.d, s_4.e
               Sort Method: top-N heapsort  Memory: 25kB
               ->  Sort  (cost=66.83..69.33 rows=1000 width=20) (actual time=0.190..0.224 rows=1000 loops=1)
                     Sort Key: s_4.a, s_4.b, s_4.c, s_4.d
                     Sort Method: quicksort  Memory: 103kB
                     ->  Seq Scan on s_4  (cost=0.00..17.00 rows=1000 width=20) (actual time=0.007..0.060 rows=1000 loops=1)
 Planning time: 0.229 ms
 Execution time: 0.348 ms
(11 rows)

===== 361 [Wed Mar  7 01:55:10 CET 2018] scale:1000 groups:10000 work_mem:32MB incremental:on max_workers:0 =====
SELECT * FROM (SELECT * FROM s_1 ORDER BY a) foo ORDER BY a, b LIMIT 10
                                                         QUERY PLAN                                                          
-----------------------------------------------------------------------------------------------------------------------------
 Limit  (cost=67.31..67.31 rows=1 width=20) (actual time=0.222..0.222 rows=0 loops=1)
   ->  Limit  (cost=66.85..67.21 rows=10 width=20) (actual time=0.220..0.221 rows=10 loops=1)
         ->  Incremental Sort  (cost=66.85..103.46 rows=1000 width=20) (actual time=0.220..0.220 rows=10 loops=1)
               Sort Key: s_1.a, s_1.b
               Presorted Key: s_1.a
               Sort Method: quicksort  Memory: 27kB
               Sort Groups: 1
               ->  Sort  (cost=66.83..69.33 rows=1000 width=20) (actual time=0.182..0.183 rows=33 loops=1)
                     Sort Key: s_1.a
                     Sort Method: quicksort  Memory: 103kB
                     ->  Seq Scan on s_1  (cost=0.00..17.00 rows=1000 width=20) (actual time=0.007..0.063 rows=1000 loops=1)
 Planning time: 0.240 ms
 Execution time: 0.247 ms
(13 rows)

===== 362 [Wed Mar  7 01:55:10 CET 2018] scale:1000 groups:10000 work_mem:32MB incremental:on max_workers:0 =====
SELECT * FROM (SELECT * FROM s_2 ORDER BY a, b) foo ORDER BY a, b, c LIMIT 10
                                                         QUERY PLAN                                                          
-----------------------------------------------------------------------------------------------------------------------------
 Limit  (cost=67.31..67.31 rows=1 width=20) (actual time=0.230..0.230 rows=0 loops=1)
   ->  Limit  (cost=66.85..67.21 rows=10 width=20) (actual time=0.228..0.229 rows=10 loops=1)
         ->  Incremental Sort  (cost=66.85..103.48 rows=1000 width=20) (actual time=0.228..0.228 rows=10 loops=1)
               Sort Key: s_2.a, s_2.b, s_2.c
               Presorted Key: s_2.a, s_2.b
               Sort Method: quicksort  Memory: 27kB
               Sort Groups: 1
               ->  Sort  (cost=66.83..69.33 rows=1000 width=20) (actual time=0.190..0.191 rows=33 loops=1)
                     Sort Key: s_2.a, s_2.b
                     Sort Method: quicksort  Memory: 103kB
                     ->  Seq Scan on s_2  (cost=0.00..17.00 rows=1000 width=20) (actual time=0.007..0.069 rows=1000 loops=1)
 Planning time: 0.222 ms
 Execution time: 0.255 ms
(13 rows)

===== 363 [Wed Mar  7 01:55:10 CET 2018] scale:1000 groups:10000 work_mem:32MB incremental:on max_workers:0 =====
SELECT * FROM (SELECT * FROM s_3 ORDER BY a, b, c) foo ORDER BY a, b, c, d LIMIT 10
                                                         QUERY PLAN                                                          
-----------------------------------------------------------------------------------------------------------------------------
 Limit  (cost=67.31..67.31 rows=1 width=20) (actual time=0.226..0.226 rows=0 loops=1)
   ->  Limit  (cost=66.85..67.21 rows=10 width=20) (actual time=0.224..0.225 rows=10 loops=1)
         ->  Incremental Sort  (cost=66.85..103.58 rows=1000 width=20) (actual time=0.224..0.224 rows=10 loops=1)
               Sort Key: s_3.a, s_3.b, s_3.c, s_3.d
               Presorted Key: s_3.a, s_3.b, s_3.c
               Sort Method: quicksort  Memory: 27kB
               Sort Groups: 1
               ->  Sort  (cost=66.83..69.33 rows=1000 width=20) (actual time=0.187..0.188 rows=33 loops=1)
                     Sort Key: s_3.a, s_3.b, s_3.c
                     Sort Method: quicksort  Memory: 103kB
                     ->  Seq Scan on s_3  (cost=0.00..17.00 rows=1000 width=20) (actual time=0.007..0.060 rows=1000 loops=1)
 Planning time: 0.232 ms
 Execution time: 0.250 ms
(13 rows)

===== 364 [Wed Mar  7 01:55:10 CET 2018] scale:1000 groups:10000 work_mem:32MB incremental:on max_workers:0 =====
SELECT * FROM (SELECT * FROM s_4 ORDER BY a, b, c, d) foo ORDER BY a, b, c, d, e LIMIT 10
                                                         QUERY PLAN                                                          
-----------------------------------------------------------------------------------------------------------------------------
 Limit  (cost=67.31..67.31 rows=1 width=20) (actual time=0.227..0.227 rows=0 loops=1)
   ->  Limit  (cost=66.85..67.21 rows=10 width=20) (actual time=0.225..0.226 rows=10 loops=1)
         ->  Incremental Sort  (cost=66.85..103.60 rows=1000 width=20) (actual time=0.225..0.225 rows=10 loops=1)
               Sort Key: s_4.a, s_4.b, s_4.c, s_4.d, s_4.e
               Presorted Key: s_4.a, s_4.b, s_4.c, s_4.d
               Sort Method: quicksort  Memory: 27kB
               Sort Groups: 1
               ->  Sort  (cost=66.83..69.33 rows=1000 width=20) (actual time=0.184..0.185 rows=33 loops=1)
                     Sort Key: s_4.a, s_4.b, s_4.c, s_4.d
                     Sort Method: quicksort  Memory: 103kB
                     ->  Seq Scan on s_4  (cost=0.00..17.00 rows=1000 width=20) (actual time=0.007..0.059 rows=1000 loops=1)
 Planning time: 0.232 ms
 Execution time: 0.254 ms
(13 rows)

===== 365 [Wed Mar  7 01:55:10 CET 2018] scale:1000 groups:10000 work_mem:32MB incremental:off max_workers:0 =====
SELECT * FROM (SELECT * FROM s_1 ORDER BY a) foo ORDER BY a, b LIMIT 10
                                                         QUERY PLAN                                                          
-----------------------------------------------------------------------------------------------------------------------------
 Limit  (cost=101.06..101.06 rows=1 width=20) (actual time=0.305..0.305 rows=0 loops=1)
   ->  Limit  (cost=100.94..100.96 rows=10 width=20) (actual time=0.303..0.304 rows=10 loops=1)
         ->  Sort  (cost=100.94..103.44 rows=1000 width=20) (actual time=0.303..0.303 rows=10 loops=1)
               Sort Key: s_1.a, s_1.b
               Sort Method: top-N heapsort  Memory: 25kB
               ->  Sort  (cost=66.83..69.33 rows=1000 width=20) (actual time=0.181..0.215 rows=1000 loops=1)
                     Sort Key: s_1.a
                     Sort Method: quicksort  Memory: 103kB
                     ->  Seq Scan on s_1  (cost=0.00..17.00 rows=1000 width=20) (actual time=0.007..0.063 rows=1000 loops=1)
 Planning time: 0.236 ms
 Execution time: 0.329 ms
(11 rows)

===== 366 [Wed Mar  7 01:55:10 CET 2018] scale:1000 groups:10000 work_mem:32MB incremental:off max_workers:0 =====
SELECT * FROM (SELECT * FROM s_2 ORDER BY a, b) foo ORDER BY a, b, c LIMIT 10
                                                         QUERY PLAN                                                          
-----------------------------------------------------------------------------------------------------------------------------
 Limit  (cost=101.06..101.06 rows=1 width=20) (actual time=0.309..0.309 rows=0 loops=1)
   ->  Limit  (cost=100.94..100.96 rows=10 width=20) (actual time=0.307..0.308 rows=10 loops=1)
         ->  Sort  (cost=100.94..103.44 rows=1000 width=20) (actual time=0.307..0.307 rows=10 loops=1)
               Sort Key: s_2.a, s_2.b, s_2.c
               Sort Method: top-N heapsort  Memory: 25kB
               ->  Sort  (cost=66.83..69.33 rows=1000 width=20) (actual time=0.186..0.219 rows=1000 loops=1)
                     Sort Key: s_2.a, s_2.b
                     Sort Method: quicksort  Memory: 103kB
                     ->  Seq Scan on s_2  (cost=0.00..17.00 rows=1000 width=20) (actual time=0.007..0.062 rows=1000 loops=1)
 Planning time: 0.231 ms
 Execution time: 0.333 ms
(11 rows)

===== 367 [Wed Mar  7 01:55:10 CET 2018] scale:1000 groups:10000 work_mem:32MB incremental:off max_workers:0 =====
SELECT * FROM (SELECT * FROM s_3 ORDER BY a, b, c) foo ORDER BY a, b, c, d LIMIT 10
                                                         QUERY PLAN                                                          
-----------------------------------------------------------------------------------------------------------------------------
 Limit  (cost=101.06..101.06 rows=1 width=20) (actual time=0.318..0.318 rows=0 loops=1)
   ->  Limit  (cost=100.94..100.96 rows=10 width=20) (actual time=0.316..0.317 rows=10 loops=1)
         ->  Sort  (cost=100.94..103.44 rows=1000 width=20) (actual time=0.316..0.316 rows=10 loops=1)
               Sort Key: s_3.a, s_3.b, s_3.c, s_3.d
               Sort Method: top-N heapsort  Memory: 25kB
               ->  Sort  (cost=66.83..69.33 rows=1000 width=20) (actual time=0.188..0.222 rows=1000 loops=1)
                     Sort Key: s_3.a, s_3.b, s_3.c
                     Sort Method: quicksort  Memory: 103kB
                     ->  Seq Scan on s_3  (cost=0.00..17.00 rows=1000 width=20) (actual time=0.007..0.059 rows=1000 loops=1)
 Planning time: 0.223 ms
 Execution time: 0.349 ms
(11 rows)

===== 368 [Wed Mar  7 01:55:10 CET 2018] scale:1000 groups:10000 work_mem:32MB incremental:off max_workers:0 =====
SELECT * FROM (SELECT * FROM s_4 ORDER BY a, b, c, d) foo ORDER BY a, b, c, d, e LIMIT 10
                                                         QUERY PLAN                                                          
-----------------------------------------------------------------------------------------------------------------------------
 Limit  (cost=101.06..101.06 rows=1 width=20) (actual time=0.314..0.314 rows=0 loops=1)
   ->  Limit  (cost=100.94..100.96 rows=10 width=20) (actual time=0.312..0.313 rows=10 loops=1)
         ->  Sort  (cost=100.94..103.44 rows=1000 width=20) (actual time=0.312..0.312 rows=10 loops=1)
               Sort Key: s_4.a, s_4.b, s_4.c, s_4.d, s_4.e
               Sort Method: top-N heapsort  Memory: 25kB
               ->  Sort  (cost=66.83..69.33 rows=1000 width=20) (actual time=0.181..0.215 rows=1000 loops=1)
                     Sort Key: s_4.a, s_4.b, s_4.c, s_4.d
                     Sort Method: quicksort  Memory: 103kB
                     ->  Seq Scan on s_4  (cost=0.00..17.00 rows=1000 width=20) (actual time=0.007..0.059 rows=1000 loops=1)
 Planning time: 0.233 ms
 Execution time: 0.340 ms
(11 rows)

===== 369 [Wed Mar  7 01:55:10 CET 2018] scale:1000 groups:10000 work_mem:64MB incremental:on max_workers:0 =====
SELECT * FROM (SELECT * FROM s_1 ORDER BY a) foo ORDER BY a, b LIMIT 10
                                                         QUERY PLAN                                                          
-----------------------------------------------------------------------------------------------------------------------------
 Limit  (cost=67.31..67.31 rows=1 width=20) (actual time=0.235..0.235 rows=0 loops=1)
   ->  Limit  (cost=66.85..67.21 rows=10 width=20) (actual time=0.233..0.234 rows=10 loops=1)
         ->  Incremental Sort  (cost=66.85..103.46 rows=1000 width=20) (actual time=0.232..0.233 rows=10 loops=1)
               Sort Key: s_1.a, s_1.b
               Presorted Key: s_1.a
               Sort Method: quicksort  Memory: 27kB
               Sort Groups: 1
               ->  Sort  (cost=66.83..69.33 rows=1000 width=20) (actual time=0.194..0.195 rows=33 loops=1)
                     Sort Key: s_1.a
                     Sort Method: quicksort  Memory: 103kB
                     ->  Seq Scan on s_1  (cost=0.00..17.00 rows=1000 width=20) (actual time=0.007..0.073 rows=1000 loops=1)
 Planning time: 0.227 ms
 Execution time: 0.260 ms
(13 rows)

===== 370 [Wed Mar  7 01:55:11 CET 2018] scale:1000 groups:10000 work_mem:64MB incremental:on max_workers:0 =====
SELECT * FROM (SELECT * FROM s_2 ORDER BY a, b) foo ORDER BY a, b, c LIMIT 10
                                                         QUERY PLAN                                                          
-----------------------------------------------------------------------------------------------------------------------------
 Limit  (cost=67.31..67.31 rows=1 width=20) (actual time=0.223..0.223 rows=0 loops=1)
   ->  Limit  (cost=66.85..67.21 rows=10 width=20) (actual time=0.221..0.222 rows=10 loops=1)
         ->  Incremental Sort  (cost=66.85..103.48 rows=1000 width=20) (actual time=0.220..0.221 rows=10 loops=1)
               Sort Key: s_2.a, s_2.b, s_2.c
               Presorted Key: s_2.a, s_2.b
               Sort Method: quicksort  Memory: 27kB
               Sort Groups: 1
               ->  Sort  (cost=66.83..69.33 rows=1000 width=20) (actual time=0.184..0.185 rows=33 loops=1)
                     Sort Key: s_2.a, s_2.b
                     Sort Method: quicksort  Memory: 103kB
                     ->  Seq Scan on s_2  (cost=0.00..17.00 rows=1000 width=20) (actual time=0.007..0.063 rows=1000 loops=1)
 Planning time: 0.228 ms
 Execution time: 0.247 ms
(13 rows)

===== 371 [Wed Mar  7 01:55:11 CET 2018] scale:1000 groups:10000 work_mem:64MB incremental:on max_workers:0 =====
SELECT * FROM (SELECT * FROM s_3 ORDER BY a, b, c) foo ORDER BY a, b, c, d LIMIT 10
                                                         QUERY PLAN                                                          
-----------------------------------------------------------------------------------------------------------------------------
 Limit  (cost=67.31..67.31 rows=1 width=20) (actual time=0.235..0.235 rows=0 loops=1)
   ->  Limit  (cost=66.85..67.21 rows=10 width=20) (actual time=0.233..0.234 rows=10 loops=1)
         ->  Incremental Sort  (cost=66.85..103.58 rows=1000 width=20) (actual time=0.232..0.233 rows=10 loops=1)
               Sort Key: s_3.a, s_3.b, s_3.c, s_3.d
               Presorted Key: s_3.a, s_3.b, s_3.c
               Sort Method: quicksort  Memory: 27kB
               Sort Groups: 1
               ->  Sort  (cost=66.83..69.33 rows=1000 width=20) (actual time=0.193..0.194 rows=33 loops=1)
                     Sort Key: s_3.a, s_3.b, s_3.c
                     Sort Method: quicksort  Memory: 103kB
                     ->  Seq Scan on s_3  (cost=0.00..17.00 rows=1000 width=20) (actual time=0.007..0.060 rows=1000 loops=1)
 Planning time: 0.228 ms
 Execution time: 0.259 ms
(13 rows)

===== 372 [Wed Mar  7 01:55:11 CET 2018] scale:1000 groups:10000 work_mem:64MB incremental:on max_workers:0 =====
SELECT * FROM (SELECT * FROM s_4 ORDER BY a, b, c, d) foo ORDER BY a, b, c, d, e LIMIT 10
                                                         QUERY PLAN                                                          
-----------------------------------------------------------------------------------------------------------------------------
 Limit  (cost=67.31..67.31 rows=1 width=20) (actual time=0.235..0.235 rows=0 loops=1)
   ->  Limit  (cost=66.85..67.21 rows=10 width=20) (actual time=0.233..0.234 rows=10 loops=1)
         ->  Incremental Sort  (cost=66.85..103.60 rows=1000 width=20) (actual time=0.233..0.233 rows=10 loops=1)
               Sort Key: s_4.a, s_4.b, s_4.c, s_4.d, s_4.e
               Presorted Key: s_4.a, s_4.b, s_4.c, s_4.d
               Sort Method: quicksort  Memory: 27kB
               Sort Groups: 1
               ->  Sort  (cost=66.83..69.33 rows=1000 width=20) (actual time=0.191..0.193 rows=33 loops=1)
                     Sort Key: s_4.a, s_4.b, s_4.c, s_4.d
                     Sort Method: quicksort  Memory: 103kB
                     ->  Seq Scan on s_4  (cost=0.00..17.00 rows=1000 width=20) (actual time=0.007..0.067 rows=1000 loops=1)
 Planning time: 0.238 ms
 Execution time: 0.261 ms
(13 rows)

===== 373 [Wed Mar  7 01:55:11 CET 2018] scale:1000 groups:10000 work_mem:64MB incremental:off max_workers:0 =====
SELECT * FROM (SELECT * FROM s_1 ORDER BY a) foo ORDER BY a, b LIMIT 10
                                                         QUERY PLAN                                                          
-----------------------------------------------------------------------------------------------------------------------------
 Limit  (cost=101.06..101.06 rows=1 width=20) (actual time=0.309..0.309 rows=0 loops=1)
   ->  Limit  (cost=100.94..100.96 rows=10 width=20) (actual time=0.306..0.308 rows=10 loops=1)
         ->  Sort  (cost=100.94..103.44 rows=1000 width=20) (actual time=0.306..0.307 rows=10 loops=1)
               Sort Key: s_1.a, s_1.b
               Sort Method: top-N heapsort  Memory: 25kB
               ->  Sort  (cost=66.83..69.33 rows=1000 width=20) (actual time=0.182..0.215 rows=1000 loops=1)
                     Sort Key: s_1.a
                     Sort Method: quicksort  Memory: 103kB
                     ->  Seq Scan on s_1  (cost=0.00..17.00 rows=1000 width=20) (actual time=0.007..0.063 rows=1000 loops=1)
 Planning time: 0.218 ms
 Execution time: 0.332 ms
(11 rows)

===== 374 [Wed Mar  7 01:55:11 CET 2018] scale:1000 groups:10000 work_mem:64MB incremental:off max_workers:0 =====
SELECT * FROM (SELECT * FROM s_2 ORDER BY a, b) foo ORDER BY a, b, c LIMIT 10
                                                         QUERY PLAN                                                          
-----------------------------------------------------------------------------------------------------------------------------
 Limit  (cost=101.06..101.06 rows=1 width=20) (actual time=0.315..0.315 rows=0 loops=1)
   ->  Limit  (cost=100.94..100.96 rows=10 width=20) (actual time=0.313..0.314 rows=10 loops=1)
         ->  Sort  (cost=100.94..103.44 rows=1000 width=20) (actual time=0.313..0.313 rows=10 loops=1)
               Sort Key: s_2.a, s_2.b, s_2.c
               Sort Method: top-N heapsort  Memory: 25kB
               ->  Sort  (cost=66.83..69.33 rows=1000 width=20) (actual time=0.184..0.218 rows=1000 loops=1)
                     Sort Key: s_2.a, s_2.b
                     Sort Method: quicksort  Memory: 103kB
                     ->  Seq Scan on s_2  (cost=0.00..17.00 rows=1000 width=20) (actual time=0.007..0.062 rows=1000 loops=1)
 Planning time: 0.219 ms
 Execution time: 0.340 ms
(11 rows)

===== 375 [Wed Mar  7 01:55:11 CET 2018] scale:1000 groups:10000 work_mem:64MB incremental:off max_workers:0 =====
SELECT * FROM (SELECT * FROM s_3 ORDER BY a, b, c) foo ORDER BY a, b, c, d LIMIT 10
                                                         QUERY PLAN                                                          
-----------------------------------------------------------------------------------------------------------------------------
 Limit  (cost=101.06..101.06 rows=1 width=20) (actual time=0.319..0.319 rows=0 loops=1)
   ->  Limit  (cost=100.94..100.96 rows=10 width=20) (actual time=0.317..0.318 rows=10 loops=1)
         ->  Sort  (cost=100.94..103.44 rows=1000 width=20) (actual time=0.317..0.317 rows=10 loops=1)
               Sort Key: s_3.a, s_3.b, s_3.c, s_3.d
               Sort Method: top-N heapsort  Memory: 25kB
               ->  Sort  (cost=66.83..69.33 rows=1000 width=20) (actual time=0.186..0.224 rows=1000 loops=1)
                     Sort Key: s_3.a, s_3.b, s_3.c
                     Sort Method: quicksort  Memory: 103kB
                     ->  Seq Scan on s_3  (cost=0.00..17.00 rows=1000 width=20) (actual time=0.007..0.060 rows=1000 loops=1)
 Planning time: 0.223 ms
 Execution time: 0.343 ms
(11 rows)

===== 376 [Wed Mar  7 01:55:11 CET 2018] scale:1000 groups:10000 work_mem:64MB incremental:off max_workers:0 =====
SELECT * FROM (SELECT * FROM s_4 ORDER BY a, b, c, d) foo ORDER BY a, b, c, d, e LIMIT 10
                                                         QUERY PLAN                                                          
-----------------------------------------------------------------------------------------------------------------------------
 Limit  (cost=101.06..101.06 rows=1 width=20) (actual time=0.317..0.317 rows=0 loops=1)
   ->  Limit  (cost=100.94..100.96 rows=10 width=20) (actual time=0.315..0.316 rows=10 loops=1)
         ->  Sort  (cost=100.94..103.44 rows=1000 width=20) (actual time=0.315..0.315 rows=10 loops=1)
               Sort Key: s_4.a, s_4.b, s_4.c, s_4.d, s_4.e
               Sort Method: top-N heapsort  Memory: 25kB
               ->  Sort  (cost=66.83..69.33 rows=1000 width=20) (actual time=0.183..0.217 rows=1000 loops=1)
                     Sort Key: s_4.a, s_4.b, s_4.c, s_4.d
                     Sort Method: quicksort  Memory: 103kB
                     ->  Seq Scan on s_4  (cost=0.00..17.00 rows=1000 width=20) (actual time=0.007..0.059 rows=1000 loops=1)
 Planning time: 0.225 ms
 Execution time: 0.342 ms
(11 rows)

===== 377 [Wed Mar  7 01:55:11 CET 2018] scale:1000 groups:10000 work_mem:128MB incremental:on max_workers:0 =====
SELECT * FROM (SELECT * FROM s_1 ORDER BY a) foo ORDER BY a, b LIMIT 10
                                                         QUERY PLAN                                                          
-----------------------------------------------------------------------------------------------------------------------------
 Limit  (cost=67.31..67.31 rows=1 width=20) (actual time=0.219..0.219 rows=0 loops=1)
   ->  Limit  (cost=66.85..67.21 rows=10 width=20) (actual time=0.217..0.218 rows=10 loops=1)
         ->  Incremental Sort  (cost=66.85..103.46 rows=1000 width=20) (actual time=0.217..0.217 rows=10 loops=1)
               Sort Key: s_1.a, s_1.b
               Presorted Key: s_1.a
               Sort Method: quicksort  Memory: 27kB
               Sort Groups: 1
               ->  Sort  (cost=66.83..69.33 rows=1000 width=20) (actual time=0.180..0.182 rows=33 loops=1)
                     Sort Key: s_1.a
                     Sort Method: quicksort  Memory: 103kB
                     ->  Seq Scan on s_1  (cost=0.00..17.00 rows=1000 width=20) (actual time=0.007..0.063 rows=1000 loops=1)
 Planning time: 0.226 ms
 Execution time: 0.244 ms
(13 rows)

===== 378 [Wed Mar  7 01:55:11 CET 2018] scale:1000 groups:10000 work_mem:128MB incremental:on max_workers:0 =====
SELECT * FROM (SELECT * FROM s_2 ORDER BY a, b) foo ORDER BY a, b, c LIMIT 10
                                                         QUERY PLAN                                                          
-----------------------------------------------------------------------------------------------------------------------------
 Limit  (cost=67.31..67.31 rows=1 width=20) (actual time=0.226..0.226 rows=0 loops=1)
   ->  Limit  (cost=66.85..67.21 rows=10 width=20) (actual time=0.224..0.225 rows=10 loops=1)
         ->  Incremental Sort  (cost=66.85..103.48 rows=1000 width=20) (actual time=0.224..0.224 rows=10 loops=1)
               Sort Key: s_2.a, s_2.b, s_2.c
               Presorted Key: s_2.a, s_2.b
               Sort Method: quicksort  Memory: 27kB
               Sort Groups: 1
               ->  Sort  (cost=66.83..69.33 rows=1000 width=20) (actual time=0.186..0.187 rows=33 loops=1)
                     Sort Key: s_2.a, s_2.b
                     Sort Method: quicksort  Memory: 103kB
                     ->  Seq Scan on s_2  (cost=0.00..17.00 rows=1000 width=20) (actual time=0.006..0.063 rows=1000 loops=1)
 Planning time: 0.241 ms
 Execution time: 0.251 ms
(13 rows)

===== 379 [Wed Mar  7 01:55:11 CET 2018] scale:1000 groups:10000 work_mem:128MB incremental:on max_workers:0 =====
SELECT * FROM (SELECT * FROM s_3 ORDER BY a, b, c) foo ORDER BY a, b, c, d LIMIT 10
                                                         QUERY PLAN                                                          
-----------------------------------------------------------------------------------------------------------------------------
 Limit  (cost=67.31..67.31 rows=1 width=20) (actual time=0.230..0.230 rows=0 loops=1)
   ->  Limit  (cost=66.85..67.21 rows=10 width=20) (actual time=0.228..0.229 rows=10 loops=1)
         ->  Incremental Sort  (cost=66.85..103.58 rows=1000 width=20) (actual time=0.228..0.228 rows=10 loops=1)
               Sort Key: s_3.a, s_3.b, s_3.c, s_3.d
               Presorted Key: s_3.a, s_3.b, s_3.c
               Sort Method: quicksort  Memory: 27kB
               Sort Groups: 1
               ->  Sort  (cost=66.83..69.33 rows=1000 width=20) (actual time=0.190..0.192 rows=33 loops=1)
                     Sort Key: s_3.a, s_3.b, s_3.c
                     Sort Method: quicksort  Memory: 103kB
                     ->  Seq Scan on s_3  (cost=0.00..17.00 rows=1000 width=20) (actual time=0.007..0.063 rows=1000 loops=1)
 Planning time: 0.229 ms
 Execution time: 0.254 ms
(13 rows)

===== 380 [Wed Mar  7 01:55:11 CET 2018] scale:1000 groups:10000 work_mem:128MB incremental:on max_workers:0 =====
SELECT * FROM (SELECT * FROM s_4 ORDER BY a, b, c, d) foo ORDER BY a, b, c, d, e LIMIT 10
                                                         QUERY PLAN                                                          
-----------------------------------------------------------------------------------------------------------------------------
 Limit  (cost=67.31..67.31 rows=1 width=20) (actual time=0.227..0.227 rows=0 loops=1)
   ->  Limit  (cost=66.85..67.21 rows=10 width=20) (actual time=0.225..0.226 rows=10 loops=1)
         ->  Incremental Sort  (cost=66.85..103.60 rows=1000 width=20) (actual time=0.225..0.225 rows=10 loops=1)
               Sort Key: s_4.a, s_4.b, s_4.c, s_4.d, s_4.e
               Presorted Key: s_4.a, s_4.b, s_4.c, s_4.d
               Sort Method: quicksort  Memory: 27kB
               Sort Groups: 1
               ->  Sort  (cost=66.83..69.33 rows=1000 width=20) (actual time=0.183..0.184 rows=33 loops=1)
                     Sort Key: s_4.a, s_4.b, s_4.c, s_4.d
                     Sort Method: quicksort  Memory: 103kB
                     ->  Seq Scan on s_4  (cost=0.00..17.00 rows=1000 width=20) (actual time=0.007..0.059 rows=1000 loops=1)
 Planning time: 0.236 ms
 Execution time: 0.252 ms
(13 rows)

===== 381 [Wed Mar  7 01:55:11 CET 2018] scale:1000 groups:10000 work_mem:128MB incremental:off max_workers:0 =====
SELECT * FROM (SELECT * FROM s_1 ORDER BY a) foo ORDER BY a, b LIMIT 10
                                                         QUERY PLAN                                                          
-----------------------------------------------------------------------------------------------------------------------------
 Limit  (cost=101.06..101.06 rows=1 width=20) (actual time=0.306..0.306 rows=0 loops=1)
   ->  Limit  (cost=100.94..100.96 rows=10 width=20) (actual time=0.303..0.305 rows=10 loops=1)
         ->  Sort  (cost=100.94..103.44 rows=1000 width=20) (actual time=0.303..0.304 rows=10 loops=1)
               Sort Key: s_1.a, s_1.b
               Sort Method: top-N heapsort  Memory: 25kB
               ->  Sort  (cost=66.83..69.33 rows=1000 width=20) (actual time=0.181..0.215 rows=1000 loops=1)
                     Sort Key: s_1.a
                     Sort Method: quicksort  Memory: 103kB
                     ->  Seq Scan on s_1  (cost=0.00..17.00 rows=1000 width=20) (actual time=0.007..0.063 rows=1000 loops=1)
 Planning time: 0.222 ms
 Execution time: 0.330 ms
(11 rows)

===== 382 [Wed Mar  7 01:55:11 CET 2018] scale:1000 groups:10000 work_mem:128MB incremental:off max_workers:0 =====
SELECT * FROM (SELECT * FROM s_2 ORDER BY a, b) foo ORDER BY a, b, c LIMIT 10
                                                         QUERY PLAN                                                          
-----------------------------------------------------------------------------------------------------------------------------
 Limit  (cost=101.06..101.06 rows=1 width=20) (actual time=0.308..0.308 rows=0 loops=1)
   ->  Limit  (cost=100.94..100.96 rows=10 width=20) (actual time=0.306..0.307 rows=10 loops=1)
         ->  Sort  (cost=100.94..103.44 rows=1000 width=20) (actual time=0.306..0.306 rows=10 loops=1)
               Sort Key: s_2.a, s_2.b, s_2.c
               Sort Method: top-N heapsort  Memory: 25kB
               ->  Sort  (cost=66.83..69.33 rows=1000 width=20) (actual time=0.184..0.218 rows=1000 loops=1)
                     Sort Key: s_2.a, s_2.b
                     Sort Method: quicksort  Memory: 103kB
                     ->  Seq Scan on s_2  (cost=0.00..17.00 rows=1000 width=20) (actual time=0.007..0.063 rows=1000 loops=1)
 Planning time: 0.227 ms
 Execution time: 0.332 ms
(11 rows)

===== 383 [Wed Mar  7 01:55:11 CET 2018] scale:1000 groups:10000 work_mem:128MB incremental:off max_workers:0 =====
SELECT * FROM (SELECT * FROM s_3 ORDER BY a, b, c) foo ORDER BY a, b, c, d LIMIT 10
                                                         QUERY PLAN                                                          
-----------------------------------------------------------------------------------------------------------------------------
 Limit  (cost=101.06..101.06 rows=1 width=20) (actual time=0.318..0.318 rows=0 loops=1)
   ->  Limit  (cost=100.94..100.96 rows=10 width=20) (actual time=0.316..0.317 rows=10 loops=1)
         ->  Sort  (cost=100.94..103.44 rows=1000 width=20) (actual time=0.315..0.316 rows=10 loops=1)
               Sort Key: s_3.a, s_3.b, s_3.c, s_3.d
               Sort Method: top-N heapsort  Memory: 25kB
               ->  Sort  (cost=66.83..69.33 rows=1000 width=20) (actual time=0.188..0.222 rows=1000 loops=1)
                     Sort Key: s_3.a, s_3.b, s_3.c
                     Sort Method: quicksort  Memory: 103kB
                     ->  Seq Scan on s_3  (cost=0.00..17.00 rows=1000 width=20) (actual time=0.007..0.060 rows=1000 loops=1)
 Planning time: 0.230 ms
 Execution time: 0.342 ms
(11 rows)

===== 384 [Wed Mar  7 01:55:12 CET 2018] scale:1000 groups:10000 work_mem:128MB incremental:off max_workers:0 =====
SELECT * FROM (SELECT * FROM s_4 ORDER BY a, b, c, d) foo ORDER BY a, b, c, d, e LIMIT 10
                                                         QUERY PLAN                                                          
-----------------------------------------------------------------------------------------------------------------------------
 Limit  (cost=101.06..101.06 rows=1 width=20) (actual time=0.315..0.315 rows=0 loops=1)
   ->  Limit  (cost=100.94..100.96 rows=10 width=20) (actual time=0.313..0.314 rows=10 loops=1)
         ->  Sort  (cost=100.94..103.44 rows=1000 width=20) (actual time=0.313..0.313 rows=10 loops=1)
               Sort Key: s_4.a, s_4.b, s_4.c, s_4.d, s_4.e
               Sort Method: top-N heapsort  Memory: 25kB
               ->  Sort  (cost=66.83..69.33 rows=1000 width=20) (actual time=0.182..0.216 rows=1000 loops=1)
                     Sort Key: s_4.a, s_4.b, s_4.c, s_4.d
                     Sort Method: quicksort  Memory: 103kB
                     ->  Seq Scan on s_4  (cost=0.00..17.00 rows=1000 width=20) (actual time=0.007..0.059 rows=1000 loops=1)
 Planning time: 0.236 ms
 Execution time: 0.340 ms
(11 rows)

===== 385 [Wed Mar  7 01:55:12 CET 2018] scale:1000 groups:10000 work_mem:256MB incremental:on max_workers:0 =====
SELECT * FROM (SELECT * FROM s_1 ORDER BY a) foo ORDER BY a, b LIMIT 10
                                                         QUERY PLAN                                                          
-----------------------------------------------------------------------------------------------------------------------------
 Limit  (cost=67.31..67.31 rows=1 width=20) (actual time=0.221..0.221 rows=0 loops=1)
   ->  Limit  (cost=66.85..67.21 rows=10 width=20) (actual time=0.219..0.220 rows=10 loops=1)
         ->  Incremental Sort  (cost=66.85..103.46 rows=1000 width=20) (actual time=0.219..0.219 rows=10 loops=1)
               Sort Key: s_1.a, s_1.b
               Presorted Key: s_1.a
               Sort Method: quicksort  Memory: 27kB
               Sort Groups: 1
               ->  Sort  (cost=66.83..69.33 rows=1000 width=20) (actual time=0.182..0.183 rows=33 loops=1)
                     Sort Key: s_1.a
                     Sort Method: quicksort  Memory: 103kB
                     ->  Seq Scan on s_1  (cost=0.00..17.00 rows=1000 width=20) (actual time=0.007..0.063 rows=1000 loops=1)
 Planning time: 0.227 ms
 Execution time: 0.246 ms
(13 rows)

===== 386 [Wed Mar  7 01:55:12 CET 2018] scale:1000 groups:10000 work_mem:256MB incremental:on max_workers:0 =====
SELECT * FROM (SELECT * FROM s_2 ORDER BY a, b) foo ORDER BY a, b, c LIMIT 10
                                                         QUERY PLAN                                                          
-----------------------------------------------------------------------------------------------------------------------------
 Limit  (cost=67.31..67.31 rows=1 width=20) (actual time=0.227..0.227 rows=0 loops=1)
   ->  Limit  (cost=66.85..67.21 rows=10 width=20) (actual time=0.225..0.226 rows=10 loops=1)
         ->  Incremental Sort  (cost=66.85..103.48 rows=1000 width=20) (actual time=0.224..0.225 rows=10 loops=1)
               Sort Key: s_2.a, s_2.b, s_2.c
               Presorted Key: s_2.a, s_2.b
               Sort Method: quicksort  Memory: 27kB
               Sort Groups: 1
               ->  Sort  (cost=66.83..69.33 rows=1000 width=20) (actual time=0.188..0.189 rows=33 loops=1)
                     Sort Key: s_2.a, s_2.b
                     Sort Method: quicksort  Memory: 103kB
                     ->  Seq Scan on s_2  (cost=0.00..17.00 rows=1000 width=20) (actual time=0.007..0.067 rows=1000 loops=1)
 Planning time: 0.226 ms
 Execution time: 0.251 ms
(13 rows)

===== 387 [Wed Mar  7 01:55:12 CET 2018] scale:1000 groups:10000 work_mem:256MB incremental:on max_workers:0 =====
SELECT * FROM (SELECT * FROM s_3 ORDER BY a, b, c) foo ORDER BY a, b, c, d LIMIT 10
                                                         QUERY PLAN                                                          
-----------------------------------------------------------------------------------------------------------------------------
 Limit  (cost=67.31..67.31 rows=1 width=20) (actual time=0.229..0.229 rows=0 loops=1)
   ->  Limit  (cost=66.85..67.21 rows=10 width=20) (actual time=0.227..0.228 rows=10 loops=1)
         ->  Incremental Sort  (cost=66.85..103.58 rows=1000 width=20) (actual time=0.227..0.227 rows=10 loops=1)
               Sort Key: s_3.a, s_3.b, s_3.c, s_3.d
               Presorted Key: s_3.a, s_3.b, s_3.c
               Sort Method: quicksort  Memory: 27kB
               Sort Groups: 1
               ->  Sort  (cost=66.83..69.33 rows=1000 width=20) (actual time=0.189..0.190 rows=33 loops=1)
                     Sort Key: s_3.a, s_3.b, s_3.c
                     Sort Method: quicksort  Memory: 103kB
                     ->  Seq Scan on s_3  (cost=0.00..17.00 rows=1000 width=20) (actual time=0.007..0.060 rows=1000 loops=1)
 Planning time: 0.238 ms
 Execution time: 0.253 ms
(13 rows)

===== 388 [Wed Mar  7 01:55:12 CET 2018] scale:1000 groups:10000 work_mem:256MB incremental:on max_workers:0 =====
SELECT * FROM (SELECT * FROM s_4 ORDER BY a, b, c, d) foo ORDER BY a, b, c, d, e LIMIT 10
                                                         QUERY PLAN                                                          
-----------------------------------------------------------------------------------------------------------------------------
 Limit  (cost=67.31..67.31 rows=1 width=20) (actual time=0.226..0.226 rows=0 loops=1)
   ->  Limit  (cost=66.85..67.21 rows=10 width=20) (actual time=0.224..0.225 rows=10 loops=1)
         ->  Incremental Sort  (cost=66.85..103.60 rows=1000 width=20) (actual time=0.223..0.224 rows=10 loops=1)
               Sort Key: s_4.a, s_4.b, s_4.c, s_4.d, s_4.e
               Presorted Key: s_4.a, s_4.b, s_4.c, s_4.d
               Sort Method: quicksort  Memory: 27kB
               Sort Groups: 1
               ->  Sort  (cost=66.83..69.33 rows=1000 width=20) (actual time=0.182..0.183 rows=33 loops=1)
                     Sort Key: s_4.a, s_4.b, s_4.c, s_4.d
                     Sort Method: quicksort  Memory: 103kB
                     ->  Seq Scan on s_4  (cost=0.00..17.00 rows=1000 width=20) (actual time=0.007..0.059 rows=1000 loops=1)
 Planning time: 0.248 ms
 Execution time: 0.251 ms
(13 rows)

===== 389 [Wed Mar  7 01:55:12 CET 2018] scale:1000 groups:10000 work_mem:256MB incremental:off max_workers:0 =====
SELECT * FROM (SELECT * FROM s_1 ORDER BY a) foo ORDER BY a, b LIMIT 10
                                                         QUERY PLAN                                                          
-----------------------------------------------------------------------------------------------------------------------------
 Limit  (cost=101.06..101.06 rows=1 width=20) (actual time=0.304..0.304 rows=0 loops=1)
   ->  Limit  (cost=100.94..100.96 rows=10 width=20) (actual time=0.302..0.303 rows=10 loops=1)
         ->  Sort  (cost=100.94..103.44 rows=1000 width=20) (actual time=0.302..0.302 rows=10 loops=1)
               Sort Key: s_1.a, s_1.b
               Sort Method: top-N heapsort  Memory: 25kB
               ->  Sort  (cost=66.83..69.33 rows=1000 width=20) (actual time=0.179..0.212 rows=1000 loops=1)
                     Sort Key: s_1.a
                     Sort Method: quicksort  Memory: 103kB
                     ->  Seq Scan on s_1  (cost=0.00..17.00 rows=1000 width=20) (actual time=0.007..0.063 rows=1000 loops=1)
 Planning time: 0.220 ms
 Execution time: 0.328 ms
(11 rows)

===== 390 [Wed Mar  7 01:55:12 CET 2018] scale:1000 groups:10000 work_mem:256MB incremental:off max_workers:0 =====
SELECT * FROM (SELECT * FROM s_2 ORDER BY a, b) foo ORDER BY a, b, c LIMIT 10
                                                         QUERY PLAN                                                          
-----------------------------------------------------------------------------------------------------------------------------
 Limit  (cost=101.06..101.06 rows=1 width=20) (actual time=0.316..0.316 rows=0 loops=1)
   ->  Limit  (cost=100.94..100.96 rows=10 width=20) (actual time=0.314..0.315 rows=10 loops=1)
         ->  Sort  (cost=100.94..103.44 rows=1000 width=20) (actual time=0.313..0.314 rows=10 loops=1)
               Sort Key: s_2.a, s_2.b, s_2.c
               Sort Method: top-N heapsort  Memory: 25kB
               ->  Sort  (cost=66.83..69.33 rows=1000 width=20) (actual time=0.192..0.226 rows=1000 loops=1)
                     Sort Key: s_2.a, s_2.b
                     Sort Method: quicksort  Memory: 103kB
                     ->  Seq Scan on s_2  (cost=0.00..17.00 rows=1000 width=20) (actual time=0.007..0.063 rows=1000 loops=1)
 Planning time: 0.221 ms
 Execution time: 0.340 ms
(11 rows)

===== 391 [Wed Mar  7 01:55:12 CET 2018] scale:1000 groups:10000 work_mem:256MB incremental:off max_workers:0 =====
SELECT * FROM (SELECT * FROM s_3 ORDER BY a, b, c) foo ORDER BY a, b, c, d LIMIT 10
                                                         QUERY PLAN                                                          
-----------------------------------------------------------------------------------------------------------------------------
 Limit  (cost=101.06..101.06 rows=1 width=20) (actual time=0.325..0.325 rows=0 loops=1)
   ->  Limit  (cost=100.94..100.96 rows=10 width=20) (actual time=0.322..0.324 rows=10 loops=1)
         ->  Sort  (cost=100.94..103.44 rows=1000 width=20) (actual time=0.322..0.323 rows=10 loops=1)
               Sort Key: s_3.a, s_3.b, s_3.c, s_3.d
               Sort Method: top-N heapsort  Memory: 25kB
               ->  Sort  (cost=66.83..69.33 rows=1000 width=20) (actual time=0.186..0.221 rows=1000 loops=1)
                     Sort Key: s_3.a, s_3.b, s_3.c
                     Sort Method: quicksort  Memory: 103kB
                     ->  Seq Scan on s_3  (cost=0.00..17.00 rows=1000 width=20) (actual time=0.007..0.059 rows=1000 loops=1)
 Planning time: 0.226 ms
 Execution time: 0.349 ms
(11 rows)

===== 392 [Wed Mar  7 01:55:12 CET 2018] scale:1000 groups:10000 work_mem:256MB incremental:off max_workers:0 =====
SELECT * FROM (SELECT * FROM s_4 ORDER BY a, b, c, d) foo ORDER BY a, b, c, d, e LIMIT 10
                                                         QUERY PLAN                                                          
-----------------------------------------------------------------------------------------------------------------------------
 Limit  (cost=101.06..101.06 rows=1 width=20) (actual time=0.314..0.314 rows=0 loops=1)
   ->  Limit  (cost=100.94..100.96 rows=10 width=20) (actual time=0.312..0.313 rows=10 loops=1)
         ->  Sort  (cost=100.94..103.44 rows=1000 width=20) (actual time=0.312..0.312 rows=10 loops=1)
               Sort Key: s_4.a, s_4.b, s_4.c, s_4.d, s_4.e
               Sort Method: top-N heapsort  Memory: 25kB
               ->  Sort  (cost=66.83..69.33 rows=1000 width=20) (actual time=0.182..0.216 rows=1000 loops=1)
                     Sort Key: s_4.a, s_4.b, s_4.c, s_4.d
                     Sort Method: quicksort  Memory: 103kB
                     ->  Seq Scan on s_4  (cost=0.00..17.00 rows=1000 width=20) (actual time=0.007..0.059 rows=1000 loops=1)
 Planning time: 0.229 ms
 Execution time: 0.338 ms
(11 rows)

===== 393 [Wed Mar  7 01:55:12 CET 2018] scale:1000 groups:10000 work_mem:4MB incremental:on max_workers:2 =====
SELECT * FROM (SELECT * FROM s_1 ORDER BY a) foo ORDER BY a, b LIMIT 10
                                                         QUERY PLAN                                                          
-----------------------------------------------------------------------------------------------------------------------------
 Limit  (cost=67.31..67.31 rows=1 width=20) (actual time=0.226..0.226 rows=0 loops=1)
   ->  Limit  (cost=66.85..67.21 rows=10 width=20) (actual time=0.224..0.225 rows=10 loops=1)
         ->  Incremental Sort  (cost=66.85..103.46 rows=1000 width=20) (actual time=0.224..0.224 rows=10 loops=1)
               Sort Key: s_1.a, s_1.b
               Presorted Key: s_1.a
               Sort Method: quicksort  Memory: 27kB
               Sort Groups: 1
               ->  Sort  (cost=66.83..69.33 rows=1000 width=20) (actual time=0.187..0.188 rows=33 loops=1)
                     Sort Key: s_1.a
                     Sort Method: quicksort  Memory: 103kB
                     ->  Seq Scan on s_1  (cost=0.00..17.00 rows=1000 width=20) (actual time=0.011..0.068 rows=1000 loops=1)
 Planning time: 0.231 ms
 Execution time: 0.251 ms
(13 rows)

===== 394 [Wed Mar  7 01:55:12 CET 2018] scale:1000 groups:10000 work_mem:4MB incremental:on max_workers:2 =====
SELECT * FROM (SELECT * FROM s_2 ORDER BY a, b) foo ORDER BY a, b, c LIMIT 10
                                                         QUERY PLAN                                                          
-----------------------------------------------------------------------------------------------------------------------------
 Limit  (cost=67.31..67.31 rows=1 width=20) (actual time=0.223..0.223 rows=0 loops=1)
   ->  Limit  (cost=66.85..67.21 rows=10 width=20) (actual time=0.221..0.222 rows=10 loops=1)
         ->  Incremental Sort  (cost=66.85..103.48 rows=1000 width=20) (actual time=0.220..0.221 rows=10 loops=1)
               Sort Key: s_2.a, s_2.b, s_2.c
               Presorted Key: s_2.a, s_2.b
               Sort Method: quicksort  Memory: 27kB
               Sort Groups: 1
               ->  Sort  (cost=66.83..69.33 rows=1000 width=20) (actual time=0.183..0.185 rows=33 loops=1)
                     Sort Key: s_2.a, s_2.b
                     Sort Method: quicksort  Memory: 103kB
                     ->  Seq Scan on s_2  (cost=0.00..17.00 rows=1000 width=20) (actual time=0.007..0.062 rows=1000 loops=1)
 Planning time: 0.229 ms
 Execution time: 0.248 ms
(13 rows)

===== 395 [Wed Mar  7 01:55:12 CET 2018] scale:1000 groups:10000 work_mem:4MB incremental:on max_workers:2 =====
SELECT * FROM (SELECT * FROM s_3 ORDER BY a, b, c) foo ORDER BY a, b, c, d LIMIT 10
                                                         QUERY PLAN                                                          
-----------------------------------------------------------------------------------------------------------------------------
 Limit  (cost=67.31..67.31 rows=1 width=20) (actual time=0.228..0.228 rows=0 loops=1)
   ->  Limit  (cost=66.85..67.21 rows=10 width=20) (actual time=0.226..0.227 rows=10 loops=1)
         ->  Incremental Sort  (cost=66.85..103.58 rows=1000 width=20) (actual time=0.226..0.226 rows=10 loops=1)
               Sort Key: s_3.a, s_3.b, s_3.c, s_3.d
               Presorted Key: s_3.a, s_3.b, s_3.c
               Sort Method: quicksort  Memory: 27kB
               Sort Groups: 1
               ->  Sort  (cost=66.83..69.33 rows=1000 width=20) (actual time=0.188..0.189 rows=33 loops=1)
                     Sort Key: s_3.a, s_3.b, s_3.c
                     Sort Method: quicksort  Memory: 103kB
                     ->  Seq Scan on s_3  (cost=0.00..17.00 rows=1000 width=20) (actual time=0.007..0.060 rows=1000 loops=1)
 Planning time: 0.238 ms
 Execution time: 0.252 ms
(13 rows)

===== 396 [Wed Mar  7 01:55:12 CET 2018] scale:1000 groups:10000 work_mem:4MB incremental:on max_workers:2 =====
SELECT * FROM (SELECT * FROM s_4 ORDER BY a, b, c, d) foo ORDER BY a, b, c, d, e LIMIT 10
                                                         QUERY PLAN                                                          
-----------------------------------------------------------------------------------------------------------------------------
 Limit  (cost=67.31..67.31 rows=1 width=20) (actual time=0.233..0.233 rows=0 loops=1)
   ->  Limit  (cost=66.85..67.21 rows=10 width=20) (actual time=0.231..0.232 rows=10 loops=1)
         ->  Incremental Sort  (cost=66.85..103.60 rows=1000 width=20) (actual time=0.231..0.231 rows=10 loops=1)
               Sort Key: s_4.a, s_4.b, s_4.c, s_4.d, s_4.e
               Presorted Key: s_4.a, s_4.b, s_4.c, s_4.d
               Sort Method: quicksort  Memory: 27kB
               Sort Groups: 1
               ->  Sort  (cost=66.83..69.33 rows=1000 width=20) (actual time=0.190..0.191 rows=33 loops=1)
                     Sort Key: s_4.a, s_4.b, s_4.c, s_4.d
                     Sort Method: quicksort  Memory: 103kB
                     ->  Seq Scan on s_4  (cost=0.00..17.00 rows=1000 width=20) (actual time=0.007..0.066 rows=1000 loops=1)
 Planning time: 0.243 ms
 Execution time: 0.258 ms
(13 rows)

===== 397 [Wed Mar  7 01:55:12 CET 2018] scale:1000 groups:10000 work_mem:4MB incremental:off max_workers:2 =====
SELECT * FROM (SELECT * FROM s_1 ORDER BY a) foo ORDER BY a, b LIMIT 10
                                                         QUERY PLAN                                                          
-----------------------------------------------------------------------------------------------------------------------------
 Limit  (cost=101.06..101.06 rows=1 width=20) (actual time=0.306..0.306 rows=0 loops=1)
   ->  Limit  (cost=100.94..100.96 rows=10 width=20) (actual time=0.304..0.305 rows=10 loops=1)
         ->  Sort  (cost=100.94..103.44 rows=1000 width=20) (actual time=0.304..0.304 rows=10 loops=1)
               Sort Key: s_1.a, s_1.b
               Sort Method: top-N heapsort  Memory: 25kB
               ->  Sort  (cost=66.83..69.33 rows=1000 width=20) (actual time=0.181..0.215 rows=1000 loops=1)
                     Sort Key: s_1.a
                     Sort Method: quicksort  Memory: 103kB
                     ->  Seq Scan on s_1  (cost=0.00..17.00 rows=1000 width=20) (actual time=0.007..0.063 rows=1000 loops=1)
 Planning time: 0.224 ms
 Execution time: 0.331 ms
(11 rows)

===== 398 [Wed Mar  7 01:55:13 CET 2018] scale:1000 groups:10000 work_mem:4MB incremental:off max_workers:2 =====
SELECT * FROM (SELECT * FROM s_2 ORDER BY a, b) foo ORDER BY a, b, c LIMIT 10
                                                         QUERY PLAN                                                          
-----------------------------------------------------------------------------------------------------------------------------
 Limit  (cost=101.06..101.06 rows=1 width=20) (actual time=0.310..0.310 rows=0 loops=1)
   ->  Limit  (cost=100.94..100.96 rows=10 width=20) (actual time=0.307..0.308 rows=10 loops=1)
         ->  Sort  (cost=100.94..103.44 rows=1000 width=20) (actual time=0.307..0.307 rows=10 loops=1)
               Sort Key: s_2.a, s_2.b, s_2.c
               Sort Method: top-N heapsort  Memory: 25kB
               ->  Sort  (cost=66.83..69.33 rows=1000 width=20) (actual time=0.186..0.219 rows=1000 loops=1)
                     Sort Key: s_2.a, s_2.b
                     Sort Method: quicksort  Memory: 103kB
                     ->  Seq Scan on s_2  (cost=0.00..17.00 rows=1000 width=20) (actual time=0.007..0.062 rows=1000 loops=1)
 Planning time: 0.227 ms
 Execution time: 0.334 ms
(11 rows)

===== 399 [Wed Mar  7 01:55:13 CET 2018] scale:1000 groups:10000 work_mem:4MB incremental:off max_workers:2 =====
SELECT * FROM (SELECT * FROM s_3 ORDER BY a, b, c) foo ORDER BY a, b, c, d LIMIT 10
                                                         QUERY PLAN                                                          
-----------------------------------------------------------------------------------------------------------------------------
 Limit  (cost=101.06..101.06 rows=1 width=20) (actual time=0.325..0.325 rows=0 loops=1)
   ->  Limit  (cost=100.94..100.96 rows=10 width=20) (actual time=0.323..0.324 rows=10 loops=1)
         ->  Sort  (cost=100.94..103.44 rows=1000 width=20) (actual time=0.323..0.323 rows=10 loops=1)
               Sort Key: s_3.a, s_3.b, s_3.c, s_3.d
               Sort Method: top-N heapsort  Memory: 25kB
               ->  Sort  (cost=66.83..69.33 rows=1000 width=20) (actual time=0.194..0.228 rows=1000 loops=1)
                     Sort Key: s_3.a, s_3.b, s_3.c
                     Sort Method: quicksort  Memory: 103kB
                     ->  Seq Scan on s_3  (cost=0.00..17.00 rows=1000 width=20) (actual time=0.007..0.060 rows=1000 loops=1)
 Planning time: 0.227 ms
 Execution time: 0.349 ms
(11 rows)

===== 400 [Wed Mar  7 01:55:13 CET 2018] scale:1000 groups:10000 work_mem:4MB incremental:off max_workers:2 =====
SELECT * FROM (SELECT * FROM s_4 ORDER BY a, b, c, d) foo ORDER BY a, b, c, d, e LIMIT 10
                                                         QUERY PLAN                                                          
-----------------------------------------------------------------------------------------------------------------------------
 Limit  (cost=101.06..101.06 rows=1 width=20) (actual time=0.322..0.322 rows=0 loops=1)
   ->  Limit  (cost=100.94..100.96 rows=10 width=20) (actual time=0.320..0.321 rows=10 loops=1)
         ->  Sort  (cost=100.94..103.44 rows=1000 width=20) (actual time=0.320..0.320 rows=10 loops=1)
               Sort Key: s_4.a, s_4.b, s_4.c, s_4.d, s_4.e
               Sort Method: top-N heapsort  Memory: 25kB
               ->  Sort  (cost=66.83..69.33 rows=1000 width=20) (actual time=0.190..0.223 rows=1000 loops=1)
                     Sort Key: s_4.a, s_4.b, s_4.c, s_4.d
                     Sort Method: quicksort  Memory: 103kB
                     ->  Seq Scan on s_4  (cost=0.00..17.00 rows=1000 width=20) (actual time=0.007..0.066 rows=1000 loops=1)
 Planning time: 0.234 ms
 Execution time: 0.347 ms
(11 rows)

===== 401 [Wed Mar  7 01:55:13 CET 2018] scale:1000 groups:10000 work_mem:8MB incremental:on max_workers:2 =====
SELECT * FROM (SELECT * FROM s_1 ORDER BY a) foo ORDER BY a, b LIMIT 10
                                                         QUERY PLAN                                                          
-----------------------------------------------------------------------------------------------------------------------------
 Limit  (cost=67.31..67.31 rows=1 width=20) (actual time=0.228..0.228 rows=0 loops=1)
   ->  Limit  (cost=66.85..67.21 rows=10 width=20) (actual time=0.226..0.227 rows=10 loops=1)
         ->  Incremental Sort  (cost=66.85..103.46 rows=1000 width=20) (actual time=0.226..0.226 rows=10 loops=1)
               Sort Key: s_1.a, s_1.b
               Presorted Key: s_1.a
               Sort Method: quicksort  Memory: 27kB
               Sort Groups: 1
               ->  Sort  (cost=66.83..69.33 rows=1000 width=20) (actual time=0.186..0.187 rows=33 loops=1)
                     Sort Key: s_1.a
                     Sort Method: quicksort  Memory: 103kB
                     ->  Seq Scan on s_1  (cost=0.00..17.00 rows=1000 width=20) (actual time=0.007..0.063 rows=1000 loops=1)
 Planning time: 0.230 ms
 Execution time: 0.253 ms
(13 rows)

===== 402 [Wed Mar  7 01:55:13 CET 2018] scale:1000 groups:10000 work_mem:8MB incremental:on max_workers:2 =====
SELECT * FROM (SELECT * FROM s_2 ORDER BY a, b) foo ORDER BY a, b, c LIMIT 10
                                                         QUERY PLAN                                                          
-----------------------------------------------------------------------------------------------------------------------------
 Limit  (cost=67.31..67.31 rows=1 width=20) (actual time=0.222..0.222 rows=0 loops=1)
   ->  Limit  (cost=66.85..67.21 rows=10 width=20) (actual time=0.220..0.221 rows=10 loops=1)
         ->  Incremental Sort  (cost=66.85..103.48 rows=1000 width=20) (actual time=0.220..0.220 rows=10 loops=1)
               Sort Key: s_2.a, s_2.b, s_2.c
               Presorted Key: s_2.a, s_2.b
               Sort Method: quicksort  Memory: 27kB
               Sort Groups: 1
               ->  Sort  (cost=66.83..69.33 rows=1000 width=20) (actual time=0.183..0.184 rows=33 loops=1)
                     Sort Key: s_2.a, s_2.b
                     Sort Method: quicksort  Memory: 103kB
                     ->  Seq Scan on s_2  (cost=0.00..17.00 rows=1000 width=20) (actual time=0.006..0.063 rows=1000 loops=1)
 Planning time: 0.229 ms
 Execution time: 0.246 ms
(13 rows)

===== 403 [Wed Mar  7 01:55:13 CET 2018] scale:1000 groups:10000 work_mem:8MB incremental:on max_workers:2 =====
SELECT * FROM (SELECT * FROM s_3 ORDER BY a, b, c) foo ORDER BY a, b, c, d LIMIT 10
                                                         QUERY PLAN                                                          
-----------------------------------------------------------------------------------------------------------------------------
 Limit  (cost=67.31..67.31 rows=1 width=20) (actual time=0.233..0.233 rows=0 loops=1)
   ->  Limit  (cost=66.85..67.21 rows=10 width=20) (actual time=0.231..0.232 rows=10 loops=1)
         ->  Incremental Sort  (cost=66.85..103.58 rows=1000 width=20) (actual time=0.230..0.231 rows=10 loops=1)
               Sort Key: s_3.a, s_3.b, s_3.c, s_3.d
               Presorted Key: s_3.a, s_3.b, s_3.c
               Sort Method: quicksort  Memory: 27kB
               Sort Groups: 1
               ->  Sort  (cost=66.83..69.33 rows=1000 width=20) (actual time=0.189..0.190 rows=33 loops=1)
                     Sort Key: s_3.a, s_3.b, s_3.c
                     Sort Method: quicksort  Memory: 103kB
                     ->  Seq Scan on s_3  (cost=0.00..17.00 rows=1000 width=20) (actual time=0.007..0.060 rows=1000 loops=1)
 Planning time: 0.233 ms
 Execution time: 0.257 ms
(13 rows)

===== 404 [Wed Mar  7 01:55:13 CET 2018] scale:1000 groups:10000 work_mem:8MB incremental:on max_workers:2 =====
SELECT * FROM (SELECT * FROM s_4 ORDER BY a, b, c, d) foo ORDER BY a, b, c, d, e LIMIT 10
                                                         QUERY PLAN                                                          
-----------------------------------------------------------------------------------------------------------------------------
 Limit  (cost=67.31..67.31 rows=1 width=20) (actual time=0.231..0.231 rows=0 loops=1)
   ->  Limit  (cost=66.85..67.21 rows=10 width=20) (actual time=0.229..0.230 rows=10 loops=1)
         ->  Incremental Sort  (cost=66.85..103.60 rows=1000 width=20) (actual time=0.228..0.229 rows=10 loops=1)
               Sort Key: s_4.a, s_4.b, s_4.c, s_4.d, s_4.e
               Presorted Key: s_4.a, s_4.b, s_4.c, s_4.d
               Sort Method: quicksort  Memory: 27kB
               Sort Groups: 1
               ->  Sort  (cost=66.83..69.33 rows=1000 width=20) (actual time=0.185..0.186 rows=33 loops=1)
                     Sort Key: s_4.a, s_4.b, s_4.c, s_4.d
                     Sort Method: quicksort  Memory: 103kB
                     ->  Seq Scan on s_4  (cost=0.00..17.00 rows=1000 width=20) (actual time=0.007..0.060 rows=1000 loops=1)
 Planning time: 0.238 ms
 Execution time: 0.256 ms
(13 rows)

===== 405 [Wed Mar  7 01:55:13 CET 2018] scale:1000 groups:10000 work_mem:8MB incremental:off max_workers:2 =====
SELECT * FROM (SELECT * FROM s_1 ORDER BY a) foo ORDER BY a, b LIMIT 10
                                                         QUERY PLAN                                                          
-----------------------------------------------------------------------------------------------------------------------------
 Limit  (cost=101.06..101.06 rows=1 width=20) (actual time=0.304..0.304 rows=0 loops=1)
   ->  Limit  (cost=100.94..100.96 rows=10 width=20) (actual time=0.302..0.303 rows=10 loops=1)
         ->  Sort  (cost=100.94..103.44 rows=1000 width=20) (actual time=0.301..0.302 rows=10 loops=1)
               Sort Key: s_1.a, s_1.b
               Sort Method: top-N heapsort  Memory: 25kB
               ->  Sort  (cost=66.83..69.33 rows=1000 width=20) (actual time=0.180..0.214 rows=1000 loops=1)
                     Sort Key: s_1.a
                     Sort Method: quicksort  Memory: 103kB
                     ->  Seq Scan on s_1  (cost=0.00..17.00 rows=1000 width=20) (actual time=0.007..0.063 rows=1000 loops=1)
 Planning time: 0.220 ms
 Execution time: 0.328 ms
(11 rows)

===== 406 [Wed Mar  7 01:55:13 CET 2018] scale:1000 groups:10000 work_mem:8MB incremental:off max_workers:2 =====
SELECT * FROM (SELECT * FROM s_2 ORDER BY a, b) foo ORDER BY a, b, c LIMIT 10
                                                         QUERY PLAN                                                          
-----------------------------------------------------------------------------------------------------------------------------
 Limit  (cost=101.06..101.06 rows=1 width=20) (actual time=0.308..0.308 rows=0 loops=1)
   ->  Limit  (cost=100.94..100.96 rows=10 width=20) (actual time=0.306..0.307 rows=10 loops=1)
         ->  Sort  (cost=100.94..103.44 rows=1000 width=20) (actual time=0.306..0.306 rows=10 loops=1)
               Sort Key: s_2.a, s_2.b, s_2.c
               Sort Method: top-N heapsort  Memory: 25kB
               ->  Sort  (cost=66.83..69.33 rows=1000 width=20) (actual time=0.184..0.218 rows=1000 loops=1)
                     Sort Key: s_2.a, s_2.b
                     Sort Method: quicksort  Memory: 103kB
                     ->  Seq Scan on s_2  (cost=0.00..17.00 rows=1000 width=20) (actual time=0.007..0.063 rows=1000 loops=1)
 Planning time: 0.229 ms
 Execution time: 0.335 ms
(11 rows)

===== 407 [Wed Mar  7 01:55:13 CET 2018] scale:1000 groups:10000 work_mem:8MB incremental:off max_workers:2 =====
SELECT * FROM (SELECT * FROM s_3 ORDER BY a, b, c) foo ORDER BY a, b, c, d LIMIT 10
                                                         QUERY PLAN                                                          
-----------------------------------------------------------------------------------------------------------------------------
 Limit  (cost=101.06..101.06 rows=1 width=20) (actual time=0.319..0.319 rows=0 loops=1)
   ->  Limit  (cost=100.94..100.96 rows=10 width=20) (actual time=0.317..0.318 rows=10 loops=1)
         ->  Sort  (cost=100.94..103.44 rows=1000 width=20) (actual time=0.317..0.317 rows=10 loops=1)
               Sort Key: s_3.a, s_3.b, s_3.c, s_3.d
               Sort Method: top-N heapsort  Memory: 25kB
               ->  Sort  (cost=66.83..69.33 rows=1000 width=20) (actual time=0.188..0.222 rows=1000 loops=1)
                     Sort Key: s_3.a, s_3.b, s_3.c
                     Sort Method: quicksort  Memory: 103kB
                     ->  Seq Scan on s_3  (cost=0.00..17.00 rows=1000 width=20) (actual time=0.007..0.059 rows=1000 loops=1)
 Planning time: 0.233 ms
 Execution time: 0.343 ms
(11 rows)

===== 408 [Wed Mar  7 01:55:13 CET 2018] scale:1000 groups:10000 work_mem:8MB incremental:off max_workers:2 =====
SELECT * FROM (SELECT * FROM s_4 ORDER BY a, b, c, d) foo ORDER BY a, b, c, d, e LIMIT 10
                                                         QUERY PLAN                                                          
-----------------------------------------------------------------------------------------------------------------------------
 Limit  (cost=101.06..101.06 rows=1 width=20) (actual time=0.314..0.314 rows=0 loops=1)
   ->  Limit  (cost=100.94..100.96 rows=10 width=20) (actual time=0.312..0.313 rows=10 loops=1)
         ->  Sort  (cost=100.94..103.44 rows=1000 width=20) (actual time=0.312..0.312 rows=10 loops=1)
               Sort Key: s_4.a, s_4.b, s_4.c, s_4.d, s_4.e
               Sort Method: top-N heapsort  Memory: 25kB
               ->  Sort  (cost=66.83..69.33 rows=1000 width=20) (actual time=0.181..0.215 rows=1000 loops=1)
                     Sort Key: s_4.a, s_4.b, s_4.c, s_4.d
                     Sort Method: quicksort  Memory: 103kB
                     ->  Seq Scan on s_4  (cost=0.00..17.00 rows=1000 width=20) (actual time=0.007..0.059 rows=1000 loops=1)
 Planning time: 0.232 ms
 Execution time: 0.339 ms
(11 rows)

===== 409 [Wed Mar  7 01:55:13 CET 2018] scale:1000 groups:10000 work_mem:16MB incremental:on max_workers:2 =====
SELECT * FROM (SELECT * FROM s_1 ORDER BY a) foo ORDER BY a, b LIMIT 10
                                                         QUERY PLAN                                                          
-----------------------------------------------------------------------------------------------------------------------------
 Limit  (cost=67.31..67.31 rows=1 width=20) (actual time=0.229..0.229 rows=0 loops=1)
   ->  Limit  (cost=66.85..67.21 rows=10 width=20) (actual time=0.227..0.228 rows=10 loops=1)
         ->  Incremental Sort  (cost=66.85..103.46 rows=1000 width=20) (actual time=0.227..0.227 rows=10 loops=1)
               Sort Key: s_1.a, s_1.b
               Presorted Key: s_1.a
               Sort Method: quicksort  Memory: 27kB
               Sort Groups: 1
               ->  Sort  (cost=66.83..69.33 rows=1000 width=20) (actual time=0.187..0.188 rows=33 loops=1)
                     Sort Key: s_1.a
                     Sort Method: quicksort  Memory: 103kB
                     ->  Seq Scan on s_1  (cost=0.00..17.00 rows=1000 width=20) (actual time=0.007..0.067 rows=1000 loops=1)
 Planning time: 0.230 ms
 Execution time: 0.254 ms
(13 rows)

===== 410 [Wed Mar  7 01:55:13 CET 2018] scale:1000 groups:10000 work_mem:16MB incremental:on max_workers:2 =====
SELECT * FROM (SELECT * FROM s_2 ORDER BY a, b) foo ORDER BY a, b, c LIMIT 10
                                                         QUERY PLAN                                                          
-----------------------------------------------------------------------------------------------------------------------------
 Limit  (cost=67.31..67.31 rows=1 width=20) (actual time=0.228..0.228 rows=0 loops=1)
   ->  Limit  (cost=66.85..67.21 rows=10 width=20) (actual time=0.226..0.227 rows=10 loops=1)
         ->  Incremental Sort  (cost=66.85..103.48 rows=1000 width=20) (actual time=0.226..0.226 rows=10 loops=1)
               Sort Key: s_2.a, s_2.b, s_2.c
               Presorted Key: s_2.a, s_2.b
               Sort Method: quicksort  Memory: 27kB
               Sort Groups: 1
               ->  Sort  (cost=66.83..69.33 rows=1000 width=20) (actual time=0.189..0.190 rows=33 loops=1)
                     Sort Key: s_2.a, s_2.b
                     Sort Method: quicksort  Memory: 103kB
                     ->  Seq Scan on s_2  (cost=0.00..17.00 rows=1000 width=20) (actual time=0.010..0.066 rows=1000 loops=1)
 Planning time: 0.231 ms
 Execution time: 0.252 ms
(13 rows)

===== 411 [Wed Mar  7 01:55:13 CET 2018] scale:1000 groups:10000 work_mem:16MB incremental:on max_workers:2 =====
SELECT * FROM (SELECT * FROM s_3 ORDER BY a, b, c) foo ORDER BY a, b, c, d LIMIT 10
                                                         QUERY PLAN                                                          
-----------------------------------------------------------------------------------------------------------------------------
 Limit  (cost=67.31..67.31 rows=1 width=20) (actual time=0.228..0.228 rows=0 loops=1)
   ->  Limit  (cost=66.85..67.21 rows=10 width=20) (actual time=0.225..0.226 rows=10 loops=1)
         ->  Incremental Sort  (cost=66.85..103.58 rows=1000 width=20) (actual time=0.225..0.226 rows=10 loops=1)
               Sort Key: s_3.a, s_3.b, s_3.c, s_3.d
               Presorted Key: s_3.a, s_3.b, s_3.c
               Sort Method: quicksort  Memory: 27kB
               Sort Groups: 1
               ->  Sort  (cost=66.83..69.33 rows=1000 width=20) (actual time=0.188..0.189 rows=33 loops=1)
                     Sort Key: s_3.a, s_3.b, s_3.c
                     Sort Method: quicksort  Memory: 103kB
                     ->  Seq Scan on s_3  (cost=0.00..17.00 rows=1000 width=20) (actual time=0.007..0.060 rows=1000 loops=1)
 Planning time: 0.233 ms
 Execution time: 0.252 ms
(13 rows)

===== 412 [Wed Mar  7 01:55:14 CET 2018] scale:1000 groups:10000 work_mem:16MB incremental:on max_workers:2 =====
SELECT * FROM (SELECT * FROM s_4 ORDER BY a, b, c, d) foo ORDER BY a, b, c, d, e LIMIT 10
                                                         QUERY PLAN                                                          
-----------------------------------------------------------------------------------------------------------------------------
 Limit  (cost=67.31..67.31 rows=1 width=20) (actual time=0.228..0.228 rows=0 loops=1)
   ->  Limit  (cost=66.85..67.21 rows=10 width=20) (actual time=0.226..0.227 rows=10 loops=1)
         ->  Incremental Sort  (cost=66.85..103.60 rows=1000 width=20) (actual time=0.226..0.226 rows=10 loops=1)
               Sort Key: s_4.a, s_4.b, s_4.c, s_4.d, s_4.e
               Presorted Key: s_4.a, s_4.b, s_4.c, s_4.d
               Sort Method: quicksort  Memory: 27kB
               Sort Groups: 1
               ->  Sort  (cost=66.83..69.33 rows=1000 width=20) (actual time=0.184..0.185 rows=33 loops=1)
                     Sort Key: s_4.a, s_4.b, s_4.c, s_4.d
                     Sort Method: quicksort  Memory: 103kB
                     ->  Seq Scan on s_4  (cost=0.00..17.00 rows=1000 width=20) (actual time=0.007..0.060 rows=1000 loops=1)
 Planning time: 0.242 ms
 Execution time: 0.253 ms
(13 rows)

===== 413 [Wed Mar  7 01:55:14 CET 2018] scale:1000 groups:10000 work_mem:16MB incremental:off max_workers:2 =====
SELECT * FROM (SELECT * FROM s_1 ORDER BY a) foo ORDER BY a, b LIMIT 10
                                                         QUERY PLAN                                                          
-----------------------------------------------------------------------------------------------------------------------------
 Limit  (cost=101.06..101.06 rows=1 width=20) (actual time=0.309..0.309 rows=0 loops=1)
   ->  Limit  (cost=100.94..100.96 rows=10 width=20) (actual time=0.307..0.308 rows=10 loops=1)
         ->  Sort  (cost=100.94..103.44 rows=1000 width=20) (actual time=0.307..0.307 rows=10 loops=1)
               Sort Key: s_1.a, s_1.b
               Sort Method: top-N heapsort  Memory: 25kB
               ->  Sort  (cost=66.83..69.33 rows=1000 width=20) (actual time=0.184..0.218 rows=1000 loops=1)
                     Sort Key: s_1.a
                     Sort Method: quicksort  Memory: 103kB
                     ->  Seq Scan on s_1  (cost=0.00..17.00 rows=1000 width=20) (actual time=0.007..0.063 rows=1000 loops=1)
 Planning time: 0.225 ms
 Execution time: 0.333 ms
(11 rows)

===== 414 [Wed Mar  7 01:55:14 CET 2018] scale:1000 groups:10000 work_mem:16MB incremental:off max_workers:2 =====
SELECT * FROM (SELECT * FROM s_2 ORDER BY a, b) foo ORDER BY a, b, c LIMIT 10
                                                         QUERY PLAN                                                          
-----------------------------------------------------------------------------------------------------------------------------
 Limit  (cost=101.06..101.06 rows=1 width=20) (actual time=0.312..0.312 rows=0 loops=1)
   ->  Limit  (cost=100.94..100.96 rows=10 width=20) (actual time=0.310..0.311 rows=10 loops=1)
         ->  Sort  (cost=100.94..103.44 rows=1000 width=20) (actual time=0.310..0.310 rows=10 loops=1)
               Sort Key: s_2.a, s_2.b, s_2.c
               Sort Method: top-N heapsort  Memory: 25kB
               ->  Sort  (cost=66.83..69.33 rows=1000 width=20) (actual time=0.189..0.222 rows=1000 loops=1)
                     Sort Key: s_2.a, s_2.b
                     Sort Method: quicksort  Memory: 103kB
                     ->  Seq Scan on s_2  (cost=0.00..17.00 rows=1000 width=20) (actual time=0.007..0.067 rows=1000 loops=1)
 Planning time: 0.223 ms
 Execution time: 0.337 ms
(11 rows)

===== 415 [Wed Mar  7 01:55:14 CET 2018] scale:1000 groups:10000 work_mem:16MB incremental:off max_workers:2 =====
SELECT * FROM (SELECT * FROM s_3 ORDER BY a, b, c) foo ORDER BY a, b, c, d LIMIT 10
                                                         QUERY PLAN                                                          
-----------------------------------------------------------------------------------------------------------------------------
 Limit  (cost=101.06..101.06 rows=1 width=20) (actual time=0.320..0.320 rows=0 loops=1)
   ->  Limit  (cost=100.94..100.96 rows=10 width=20) (actual time=0.318..0.319 rows=10 loops=1)
         ->  Sort  (cost=100.94..103.44 rows=1000 width=20) (actual time=0.318..0.318 rows=10 loops=1)
               Sort Key: s_3.a, s_3.b, s_3.c, s_3.d
               Sort Method: top-N heapsort  Memory: 25kB
               ->  Sort  (cost=66.83..69.33 rows=1000 width=20) (actual time=0.191..0.225 rows=1000 loops=1)
                     Sort Key: s_3.a, s_3.b, s_3.c
                     Sort Method: quicksort  Memory: 103kB
                     ->  Seq Scan on s_3  (cost=0.00..17.00 rows=1000 width=20) (actual time=0.007..0.060 rows=1000 loops=1)
 Planning time: 0.228 ms
 Execution time: 0.345 ms
(11 rows)

===== 416 [Wed Mar  7 01:55:14 CET 2018] scale:1000 groups:10000 work_mem:16MB incremental:off max_workers:2 =====
SELECT * FROM (SELECT * FROM s_4 ORDER BY a, b, c, d) foo ORDER BY a, b, c, d, e LIMIT 10
                                                         QUERY PLAN                                                          
-----------------------------------------------------------------------------------------------------------------------------
 Limit  (cost=101.06..101.06 rows=1 width=20) (actual time=0.314..0.314 rows=0 loops=1)
   ->  Limit  (cost=100.94..100.96 rows=10 width=20) (actual time=0.312..0.313 rows=10 loops=1)
         ->  Sort  (cost=100.94..103.44 rows=1000 width=20) (actual time=0.312..0.312 rows=10 loops=1)
               Sort Key: s_4.a, s_4.b, s_4.c, s_4.d, s_4.e
               Sort Method: top-N heapsort  Memory: 25kB
               ->  Sort  (cost=66.83..69.33 rows=1000 width=20) (actual time=0.182..0.216 rows=1000 loops=1)
                     Sort Key: s_4.a, s_4.b, s_4.c, s_4.d
                     Sort Method: quicksort  Memory: 103kB
                     ->  Seq Scan on s_4  (cost=0.00..17.00 rows=1000 width=20) (actual time=0.007..0.059 rows=1000 loops=1)
 Planning time: 0.234 ms
 Execution time: 0.338 ms
(11 rows)

===== 417 [Wed Mar  7 01:55:14 CET 2018] scale:1000 groups:10000 work_mem:32MB incremental:on max_workers:2 =====
SELECT * FROM (SELECT * FROM s_1 ORDER BY a) foo ORDER BY a, b LIMIT 10
                                                         QUERY PLAN                                                          
-----------------------------------------------------------------------------------------------------------------------------
 Limit  (cost=67.31..67.31 rows=1 width=20) (actual time=0.226..0.226 rows=0 loops=1)
   ->  Limit  (cost=66.85..67.21 rows=10 width=20) (actual time=0.223..0.225 rows=10 loops=1)
         ->  Incremental Sort  (cost=66.85..103.46 rows=1000 width=20) (actual time=0.223..0.224 rows=10 loops=1)
               Sort Key: s_1.a, s_1.b
               Presorted Key: s_1.a
               Sort Method: quicksort  Memory: 27kB
               Sort Groups: 1
               ->  Sort  (cost=66.83..69.33 rows=1000 width=20) (actual time=0.184..0.185 rows=33 loops=1)
                     Sort Key: s_1.a
                     Sort Method: quicksort  Memory: 103kB
                     ->  Seq Scan on s_1  (cost=0.00..17.00 rows=1000 width=20) (actual time=0.007..0.066 rows=1000 loops=1)
 Planning time: 0.229 ms
 Execution time: 0.250 ms
(13 rows)

===== 418 [Wed Mar  7 01:55:14 CET 2018] scale:1000 groups:10000 work_mem:32MB incremental:on max_workers:2 =====
SELECT * FROM (SELECT * FROM s_2 ORDER BY a, b) foo ORDER BY a, b, c LIMIT 10
                                                         QUERY PLAN                                                          
-----------------------------------------------------------------------------------------------------------------------------
 Limit  (cost=67.31..67.31 rows=1 width=20) (actual time=0.234..0.234 rows=0 loops=1)
   ->  Limit  (cost=66.85..67.21 rows=10 width=20) (actual time=0.232..0.233 rows=10 loops=1)
         ->  Incremental Sort  (cost=66.85..103.48 rows=1000 width=20) (actual time=0.231..0.232 rows=10 loops=1)
               Sort Key: s_2.a, s_2.b, s_2.c
               Presorted Key: s_2.a, s_2.b
               Sort Method: quicksort  Memory: 27kB
               Sort Groups: 1
               ->  Sort  (cost=66.83..69.33 rows=1000 width=20) (actual time=0.192..0.193 rows=33 loops=1)
                     Sort Key: s_2.a, s_2.b
                     Sort Method: quicksort  Memory: 103kB
                     ->  Seq Scan on s_2  (cost=0.00..17.00 rows=1000 width=20) (actual time=0.006..0.063 rows=1000 loops=1)
 Planning time: 0.234 ms
 Execution time: 0.258 ms
(13 rows)

===== 419 [Wed Mar  7 01:55:14 CET 2018] scale:1000 groups:10000 work_mem:32MB incremental:on max_workers:2 =====
SELECT * FROM (SELECT * FROM s_3 ORDER BY a, b, c) foo ORDER BY a, b, c, d LIMIT 10
                                                         QUERY PLAN                                                          
-----------------------------------------------------------------------------------------------------------------------------
 Limit  (cost=67.31..67.31 rows=1 width=20) (actual time=0.229..0.229 rows=0 loops=1)
   ->  Limit  (cost=66.85..67.21 rows=10 width=20) (actual time=0.227..0.228 rows=10 loops=1)
         ->  Incremental Sort  (cost=66.85..103.58 rows=1000 width=20) (actual time=0.227..0.227 rows=10 loops=1)
               Sort Key: s_3.a, s_3.b, s_3.c, s_3.d
               Presorted Key: s_3.a, s_3.b, s_3.c
               Sort Method: quicksort  Memory: 27kB
               Sort Groups: 1
               ->  Sort  (cost=66.83..69.33 rows=1000 width=20) (actual time=0.188..0.189 rows=33 loops=1)
                     Sort Key: s_3.a, s_3.b, s_3.c
                     Sort Method: quicksort  Memory: 103kB
                     ->  Seq Scan on s_3  (cost=0.00..17.00 rows=1000 width=20) (actual time=0.007..0.060 rows=1000 loops=1)
 Planning time: 0.231 ms
 Execution time: 0.254 ms
(13 rows)

===== 420 [Wed Mar  7 01:55:14 CET 2018] scale:1000 groups:10000 work_mem:32MB incremental:on max_workers:2 =====
SELECT * FROM (SELECT * FROM s_4 ORDER BY a, b, c, d) foo ORDER BY a, b, c, d, e LIMIT 10
                                                         QUERY PLAN                                                          
-----------------------------------------------------------------------------------------------------------------------------
 Limit  (cost=67.31..67.31 rows=1 width=20) (actual time=0.233..0.233 rows=0 loops=1)
   ->  Limit  (cost=66.85..67.21 rows=10 width=20) (actual time=0.231..0.232 rows=10 loops=1)
         ->  Incremental Sort  (cost=66.85..103.60 rows=1000 width=20) (actual time=0.231..0.231 rows=10 loops=1)
               Sort Key: s_4.a, s_4.b, s_4.c, s_4.d, s_4.e
               Presorted Key: s_4.a, s_4.b, s_4.c, s_4.d
               Sort Method: quicksort  Memory: 27kB
               Sort Groups: 1
               ->  Sort  (cost=66.83..69.33 rows=1000 width=20) (actual time=0.183..0.185 rows=33 loops=1)
                     Sort Key: s_4.a, s_4.b, s_4.c, s_4.d
                     Sort Method: quicksort  Memory: 103kB
                     ->  Seq Scan on s_4  (cost=0.00..17.00 rows=1000 width=20) (actual time=0.007..0.060 rows=1000 loops=1)
 Planning time: 0.239 ms
 Execution time: 0.258 ms
(13 rows)

===== 421 [Wed Mar  7 01:55:14 CET 2018] scale:1000 groups:10000 work_mem:32MB incremental:off max_workers:2 =====
SELECT * FROM (SELECT * FROM s_1 ORDER BY a) foo ORDER BY a, b LIMIT 10
                                                         QUERY PLAN                                                          
-----------------------------------------------------------------------------------------------------------------------------
 Limit  (cost=101.06..101.06 rows=1 width=20) (actual time=0.306..0.306 rows=0 loops=1)
   ->  Limit  (cost=100.94..100.96 rows=10 width=20) (actual time=0.304..0.305 rows=10 loops=1)
         ->  Sort  (cost=100.94..103.44 rows=1000 width=20) (actual time=0.304..0.304 rows=10 loops=1)
               Sort Key: s_1.a, s_1.b
               Sort Method: top-N heapsort  Memory: 25kB
               ->  Sort  (cost=66.83..69.33 rows=1000 width=20) (actual time=0.181..0.215 rows=1000 loops=1)
                     Sort Key: s_1.a
                     Sort Method: quicksort  Memory: 103kB
                     ->  Seq Scan on s_1  (cost=0.00..17.00 rows=1000 width=20) (actual time=0.007..0.063 rows=1000 loops=1)
 Planning time: 0.224 ms
 Execution time: 0.335 ms
(11 rows)

===== 422 [Wed Mar  7 01:55:14 CET 2018] scale:1000 groups:10000 work_mem:32MB incremental:off max_workers:2 =====
SELECT * FROM (SELECT * FROM s_2 ORDER BY a, b) foo ORDER BY a, b, c LIMIT 10
                                                         QUERY PLAN                                                          
-----------------------------------------------------------------------------------------------------------------------------
 Limit  (cost=101.06..101.06 rows=1 width=20) (actual time=0.315..0.315 rows=0 loops=1)
   ->  Limit  (cost=100.94..100.96 rows=10 width=20) (actual time=0.313..0.314 rows=10 loops=1)
         ->  Sort  (cost=100.94..103.44 rows=1000 width=20) (actual time=0.313..0.313 rows=10 loops=1)
               Sort Key: s_2.a, s_2.b, s_2.c
               Sort Method: top-N heapsort  Memory: 25kB
               ->  Sort  (cost=66.83..69.33 rows=1000 width=20) (actual time=0.184..0.218 rows=1000 loops=1)
                     Sort Key: s_2.a, s_2.b
                     Sort Method: quicksort  Memory: 103kB
                     ->  Seq Scan on s_2  (cost=0.00..17.00 rows=1000 width=20) (actual time=0.007..0.062 rows=1000 loops=1)
 Planning time: 0.228 ms
 Execution time: 0.339 ms
(11 rows)

===== 423 [Wed Mar  7 01:55:14 CET 2018] scale:1000 groups:10000 work_mem:32MB incremental:off max_workers:2 =====
SELECT * FROM (SELECT * FROM s_3 ORDER BY a, b, c) foo ORDER BY a, b, c, d LIMIT 10
                                                         QUERY PLAN                                                          
-----------------------------------------------------------------------------------------------------------------------------
 Limit  (cost=101.06..101.06 rows=1 width=20) (actual time=0.316..0.316 rows=0 loops=1)
   ->  Limit  (cost=100.94..100.96 rows=10 width=20) (actual time=0.314..0.315 rows=10 loops=1)
         ->  Sort  (cost=100.94..103.44 rows=1000 width=20) (actual time=0.314..0.314 rows=10 loops=1)
               Sort Key: s_3.a, s_3.b, s_3.c, s_3.d
               Sort Method: top-N heapsort  Memory: 25kB
               ->  Sort  (cost=66.83..69.33 rows=1000 width=20) (actual time=0.187..0.221 rows=1000 loops=1)
                     Sort Key: s_3.a, s_3.b, s_3.c
                     Sort Method: quicksort  Memory: 103kB
                     ->  Seq Scan on s_3  (cost=0.00..17.00 rows=1000 width=20) (actual time=0.007..0.060 rows=1000 loops=1)
 Planning time: 0.228 ms
 Execution time: 0.340 ms
(11 rows)

===== 424 [Wed Mar  7 01:55:14 CET 2018] scale:1000 groups:10000 work_mem:32MB incremental:off max_workers:2 =====
SELECT * FROM (SELECT * FROM s_4 ORDER BY a, b, c, d) foo ORDER BY a, b, c, d, e LIMIT 10
                                                         QUERY PLAN                                                          
-----------------------------------------------------------------------------------------------------------------------------
 Limit  (cost=101.06..101.06 rows=1 width=20) (actual time=0.315..0.315 rows=0 loops=1)
   ->  Limit  (cost=100.94..100.96 rows=10 width=20) (actual time=0.313..0.314 rows=10 loops=1)
         ->  Sort  (cost=100.94..103.44 rows=1000 width=20) (actual time=0.313..0.313 rows=10 loops=1)
               Sort Key: s_4.a, s_4.b, s_4.c, s_4.d, s_4.e
               Sort Method: top-N heapsort  Memory: 25kB
               ->  Sort  (cost=66.83..69.33 rows=1000 width=20) (actual time=0.182..0.216 rows=1000 loops=1)
                     Sort Key: s_4.a, s_4.b, s_4.c, s_4.d
                     Sort Method: quicksort  Memory: 103kB
                     ->  Seq Scan on s_4  (cost=0.00..17.00 rows=1000 width=20) (actual time=0.007..0.059 rows=1000 loops=1)
 Planning time: 0.242 ms
 Execution time: 0.340 ms
(11 rows)

===== 425 [Wed Mar  7 01:55:14 CET 2018] scale:1000 groups:10000 work_mem:64MB incremental:on max_workers:2 =====
SELECT * FROM (SELECT * FROM s_1 ORDER BY a) foo ORDER BY a, b LIMIT 10
                                                         QUERY PLAN                                                          
-----------------------------------------------------------------------------------------------------------------------------
 Limit  (cost=67.31..67.31 rows=1 width=20) (actual time=0.224..0.224 rows=0 loops=1)
   ->  Limit  (cost=66.85..67.21 rows=10 width=20) (actual time=0.222..0.223 rows=10 loops=1)
         ->  Incremental Sort  (cost=66.85..103.46 rows=1000 width=20) (actual time=0.222..0.222 rows=10 loops=1)
               Sort Key: s_1.a, s_1.b
               Presorted Key: s_1.a
               Sort Method: quicksort  Memory: 27kB
               Sort Groups: 1
               ->  Sort  (cost=66.83..69.33 rows=1000 width=20) (actual time=0.182..0.183 rows=33 loops=1)
                     Sort Key: s_1.a
                     Sort Method: quicksort  Memory: 103kB
                     ->  Seq Scan on s_1  (cost=0.00..17.00 rows=1000 width=20) (actual time=0.007..0.063 rows=1000 loops=1)
 Planning time: 0.236 ms
 Execution time: 0.249 ms
(13 rows)

===== 426 [Wed Mar  7 01:55:15 CET 2018] scale:1000 groups:10000 work_mem:64MB incremental:on max_workers:2 =====
SELECT * FROM (SELECT * FROM s_2 ORDER BY a, b) foo ORDER BY a, b, c LIMIT 10
                                                         QUERY PLAN                                                          
-----------------------------------------------------------------------------------------------------------------------------
 Limit  (cost=67.31..67.31 rows=1 width=20) (actual time=0.226..0.226 rows=0 loops=1)
   ->  Limit  (cost=66.85..67.21 rows=10 width=20) (actual time=0.224..0.225 rows=10 loops=1)
         ->  Incremental Sort  (cost=66.85..103.48 rows=1000 width=20) (actual time=0.223..0.224 rows=10 loops=1)
               Sort Key: s_2.a, s_2.b, s_2.c
               Presorted Key: s_2.a, s_2.b
               Sort Method: quicksort  Memory: 27kB
               Sort Groups: 1
               ->  Sort  (cost=66.83..69.33 rows=1000 width=20) (actual time=0.183..0.185 rows=33 loops=1)
                     Sort Key: s_2.a, s_2.b
                     Sort Method: quicksort  Memory: 103kB
                     ->  Seq Scan on s_2  (cost=0.00..17.00 rows=1000 width=20) (actual time=0.007..0.063 rows=1000 loops=1)
 Planning time: 0.234 ms
 Execution time: 0.250 ms
(13 rows)

===== 427 [Wed Mar  7 01:55:15 CET 2018] scale:1000 groups:10000 work_mem:64MB incremental:on max_workers:2 =====
SELECT * FROM (SELECT * FROM s_3 ORDER BY a, b, c) foo ORDER BY a, b, c, d LIMIT 10
                                                         QUERY PLAN                                                          
-----------------------------------------------------------------------------------------------------------------------------
 Limit  (cost=67.31..67.31 rows=1 width=20) (actual time=0.237..0.237 rows=0 loops=1)
   ->  Limit  (cost=66.85..67.21 rows=10 width=20) (actual time=0.234..0.235 rows=10 loops=1)
         ->  Incremental Sort  (cost=66.85..103.58 rows=1000 width=20) (actual time=0.234..0.234 rows=10 loops=1)
               Sort Key: s_3.a, s_3.b, s_3.c, s_3.d
               Presorted Key: s_3.a, s_3.b, s_3.c
               Sort Method: quicksort  Memory: 27kB
               Sort Groups: 1
               ->  Sort  (cost=66.83..69.33 rows=1000 width=20) (actual time=0.194..0.195 rows=33 loops=1)
                     Sort Key: s_3.a, s_3.b, s_3.c
                     Sort Method: quicksort  Memory: 103kB
                     ->  Seq Scan on s_3  (cost=0.00..17.00 rows=1000 width=20) (actual time=0.007..0.060 rows=1000 loops=1)
 Planning time: 0.230 ms
 Execution time: 0.260 ms
(13 rows)

===== 428 [Wed Mar  7 01:55:15 CET 2018] scale:1000 groups:10000 work_mem:64MB incremental:on max_workers:2 =====
SELECT * FROM (SELECT * FROM s_4 ORDER BY a, b, c, d) foo ORDER BY a, b, c, d, e LIMIT 10
                                                         QUERY PLAN                                                          
-----------------------------------------------------------------------------------------------------------------------------
 Limit  (cost=67.31..67.31 rows=1 width=20) (actual time=0.234..0.234 rows=0 loops=1)
   ->  Limit  (cost=66.85..67.21 rows=10 width=20) (actual time=0.232..0.233 rows=10 loops=1)
         ->  Incremental Sort  (cost=66.85..103.60 rows=1000 width=20) (actual time=0.232..0.232 rows=10 loops=1)
               Sort Key: s_4.a, s_4.b, s_4.c, s_4.d, s_4.e
               Presorted Key: s_4.a, s_4.b, s_4.c, s_4.d
               Sort Method: quicksort  Memory: 27kB
               Sort Groups: 1
               ->  Sort  (cost=66.83..69.33 rows=1000 width=20) (actual time=0.188..0.189 rows=33 loops=1)
                     Sort Key: s_4.a, s_4.b, s_4.c, s_4.d
                     Sort Method: quicksort  Memory: 103kB
                     ->  Seq Scan on s_4  (cost=0.00..17.00 rows=1000 width=20) (actual time=0.007..0.060 rows=1000 loops=1)
 Planning time: 0.242 ms
 Execution time: 0.259 ms
(13 rows)

===== 429 [Wed Mar  7 01:55:15 CET 2018] scale:1000 groups:10000 work_mem:64MB incremental:off max_workers:2 =====
SELECT * FROM (SELECT * FROM s_1 ORDER BY a) foo ORDER BY a, b LIMIT 10
                                                         QUERY PLAN                                                          
-----------------------------------------------------------------------------------------------------------------------------
 Limit  (cost=101.06..101.06 rows=1 width=20) (actual time=0.303..0.303 rows=0 loops=1)
   ->  Limit  (cost=100.94..100.96 rows=10 width=20) (actual time=0.301..0.302 rows=10 loops=1)
         ->  Sort  (cost=100.94..103.44 rows=1000 width=20) (actual time=0.301..0.301 rows=10 loops=1)
               Sort Key: s_1.a, s_1.b
               Sort Method: top-N heapsort  Memory: 25kB
               ->  Sort  (cost=66.83..69.33 rows=1000 width=20) (actual time=0.179..0.213 rows=1000 loops=1)
                     Sort Key: s_1.a
                     Sort Method: quicksort  Memory: 103kB
                     ->  Seq Scan on s_1  (cost=0.00..17.00 rows=1000 width=20) (actual time=0.007..0.062 rows=1000 loops=1)
 Planning time: 0.221 ms
 Execution time: 0.327 ms
(11 rows)

===== 430 [Wed Mar  7 01:55:15 CET 2018] scale:1000 groups:10000 work_mem:64MB incremental:off max_workers:2 =====
SELECT * FROM (SELECT * FROM s_2 ORDER BY a, b) foo ORDER BY a, b, c LIMIT 10
                                                         QUERY PLAN                                                          
-----------------------------------------------------------------------------------------------------------------------------
 Limit  (cost=101.06..101.06 rows=1 width=20) (actual time=0.317..0.317 rows=0 loops=1)
   ->  Limit  (cost=100.94..100.96 rows=10 width=20) (actual time=0.315..0.316 rows=10 loops=1)
         ->  Sort  (cost=100.94..103.44 rows=1000 width=20) (actual time=0.315..0.315 rows=10 loops=1)
               Sort Key: s_2.a, s_2.b, s_2.c
               Sort Method: top-N heapsort  Memory: 25kB
               ->  Sort  (cost=66.83..69.33 rows=1000 width=20) (actual time=0.184..0.225 rows=1000 loops=1)
                     Sort Key: s_2.a, s_2.b
                     Sort Method: quicksort  Memory: 103kB
                     ->  Seq Scan on s_2  (cost=0.00..17.00 rows=1000 width=20) (actual time=0.007..0.062 rows=1000 loops=1)
 Planning time: 0.221 ms
 Execution time: 0.342 ms
(11 rows)

===== 431 [Wed Mar  7 01:55:15 CET 2018] scale:1000 groups:10000 work_mem:64MB incremental:off max_workers:2 =====
SELECT * FROM (SELECT * FROM s_3 ORDER BY a, b, c) foo ORDER BY a, b, c, d LIMIT 10
                                                         QUERY PLAN                                                          
-----------------------------------------------------------------------------------------------------------------------------
 Limit  (cost=101.06..101.06 rows=1 width=20) (actual time=0.314..0.314 rows=0 loops=1)
   ->  Limit  (cost=100.94..100.96 rows=10 width=20) (actual time=0.312..0.313 rows=10 loops=1)
         ->  Sort  (cost=100.94..103.44 rows=1000 width=20) (actual time=0.312..0.312 rows=10 loops=1)
               Sort Key: s_3.a, s_3.b, s_3.c, s_3.d
               Sort Method: top-N heapsort  Memory: 25kB
               ->  Sort  (cost=66.83..69.33 rows=1000 width=20) (actual time=0.186..0.220 rows=1000 loops=1)
                     Sort Key: s_3.a, s_3.b, s_3.c
                     Sort Method: quicksort  Memory: 103kB
                     ->  Seq Scan on s_3  (cost=0.00..17.00 rows=1000 width=20) (actual time=0.007..0.059 rows=1000 loops=1)
 Planning time: 0.225 ms
 Execution time: 0.338 ms
(11 rows)

===== 432 [Wed Mar  7 01:55:15 CET 2018] scale:1000 groups:10000 work_mem:64MB incremental:off max_workers:2 =====
SELECT * FROM (SELECT * FROM s_4 ORDER BY a, b, c, d) foo ORDER BY a, b, c, d, e LIMIT 10
                                                         QUERY PLAN                                                          
-----------------------------------------------------------------------------------------------------------------------------
 Limit  (cost=101.06..101.06 rows=1 width=20) (actual time=0.317..0.317 rows=0 loops=1)
   ->  Limit  (cost=100.94..100.96 rows=10 width=20) (actual time=0.314..0.316 rows=10 loops=1)
         ->  Sort  (cost=100.94..103.44 rows=1000 width=20) (actual time=0.314..0.315 rows=10 loops=1)
               Sort Key: s_4.a, s_4.b, s_4.c, s_4.d, s_4.e
               Sort Method: top-N heapsort  Memory: 25kB
               ->  Sort  (cost=66.83..69.33 rows=1000 width=20) (actual time=0.183..0.217 rows=1000 loops=1)
                     Sort Key: s_4.a, s_4.b, s_4.c, s_4.d
                     Sort Method: quicksort  Memory: 103kB
                     ->  Seq Scan on s_4  (cost=0.00..17.00 rows=1000 width=20) (actual time=0.007..0.059 rows=1000 loops=1)
 Planning time: 0.242 ms
 Execution time: 0.342 ms
(11 rows)

===== 433 [Wed Mar  7 01:55:15 CET 2018] scale:1000 groups:10000 work_mem:128MB incremental:on max_workers:2 =====
SELECT * FROM (SELECT * FROM s_1 ORDER BY a) foo ORDER BY a, b LIMIT 10
                                                         QUERY PLAN                                                          
-----------------------------------------------------------------------------------------------------------------------------
 Limit  (cost=67.31..67.31 rows=1 width=20) (actual time=0.219..0.219 rows=0 loops=1)
   ->  Limit  (cost=66.85..67.21 rows=10 width=20) (actual time=0.217..0.218 rows=10 loops=1)
         ->  Incremental Sort  (cost=66.85..103.46 rows=1000 width=20) (actual time=0.217..0.217 rows=10 loops=1)
               Sort Key: s_1.a, s_1.b
               Presorted Key: s_1.a
               Sort Method: quicksort  Memory: 27kB
               Sort Groups: 1
               ->  Sort  (cost=66.83..69.33 rows=1000 width=20) (actual time=0.179..0.181 rows=33 loops=1)
                     Sort Key: s_1.a
                     Sort Method: quicksort  Memory: 103kB
                     ->  Seq Scan on s_1  (cost=0.00..17.00 rows=1000 width=20) (actual time=0.007..0.063 rows=1000 loops=1)
 Planning time: 0.226 ms
 Execution time: 0.243 ms
(13 rows)

===== 434 [Wed Mar  7 01:55:15 CET 2018] scale:1000 groups:10000 work_mem:128MB incremental:on max_workers:2 =====
SELECT * FROM (SELECT * FROM s_2 ORDER BY a, b) foo ORDER BY a, b, c LIMIT 10
                                                         QUERY PLAN                                                          
-----------------------------------------------------------------------------------------------------------------------------
 Limit  (cost=67.31..67.31 rows=1 width=20) (actual time=0.227..0.227 rows=0 loops=1)
   ->  Limit  (cost=66.85..67.21 rows=10 width=20) (actual time=0.225..0.226 rows=10 loops=1)
         ->  Incremental Sort  (cost=66.85..103.48 rows=1000 width=20) (actual time=0.224..0.225 rows=10 loops=1)
               Sort Key: s_2.a, s_2.b, s_2.c
               Presorted Key: s_2.a, s_2.b
               Sort Method: quicksort  Memory: 27kB
               Sort Groups: 1
               ->  Sort  (cost=66.83..69.33 rows=1000 width=20) (actual time=0.184..0.185 rows=33 loops=1)
                     Sort Key: s_2.a, s_2.b
                     Sort Method: quicksort  Memory: 103kB
                     ->  Seq Scan on s_2  (cost=0.00..17.00 rows=1000 width=20) (actual time=0.007..0.063 rows=1000 loops=1)
 Planning time: 0.234 ms
 Execution time: 0.251 ms
(13 rows)

===== 435 [Wed Mar  7 01:55:15 CET 2018] scale:1000 groups:10000 work_mem:128MB incremental:on max_workers:2 =====
SELECT * FROM (SELECT * FROM s_3 ORDER BY a, b, c) foo ORDER BY a, b, c, d LIMIT 10
                                                         QUERY PLAN                                                          
-----------------------------------------------------------------------------------------------------------------------------
 Limit  (cost=67.31..67.31 rows=1 width=20) (actual time=0.228..0.228 rows=0 loops=1)
   ->  Limit  (cost=66.85..67.21 rows=10 width=20) (actual time=0.226..0.227 rows=10 loops=1)
         ->  Incremental Sort  (cost=66.85..103.58 rows=1000 width=20) (actual time=0.225..0.226 rows=10 loops=1)
               Sort Key: s_3.a, s_3.b, s_3.c, s_3.d
               Presorted Key: s_3.a, s_3.b, s_3.c
               Sort Method: quicksort  Memory: 27kB
               Sort Groups: 1
               ->  Sort  (cost=66.83..69.33 rows=1000 width=20) (actual time=0.188..0.190 rows=33 loops=1)
                     Sort Key: s_3.a, s_3.b, s_3.c
                     Sort Method: quicksort  Memory: 103kB
                     ->  Seq Scan on s_3  (cost=0.00..17.00 rows=1000 width=20) (actual time=0.007..0.060 rows=1000 loops=1)
 Planning time: 0.230 ms
 Execution time: 0.252 ms
(13 rows)

===== 436 [Wed Mar  7 01:55:15 CET 2018] scale:1000 groups:10000 work_mem:128MB incremental:on max_workers:2 =====
SELECT * FROM (SELECT * FROM s_4 ORDER BY a, b, c, d) foo ORDER BY a, b, c, d, e LIMIT 10
                                                         QUERY PLAN                                                          
-----------------------------------------------------------------------------------------------------------------------------
 Limit  (cost=67.31..67.31 rows=1 width=20) (actual time=0.232..0.232 rows=0 loops=1)
   ->  Limit  (cost=66.85..67.21 rows=10 width=20) (actual time=0.230..0.231 rows=10 loops=1)
         ->  Incremental Sort  (cost=66.85..103.60 rows=1000 width=20) (actual time=0.230..0.230 rows=10 loops=1)
               Sort Key: s_4.a, s_4.b, s_4.c, s_4.d, s_4.e
               Presorted Key: s_4.a, s_4.b, s_4.c, s_4.d
               Sort Method: quicksort  Memory: 27kB
               Sort Groups: 1
               ->  Sort  (cost=66.83..69.33 rows=1000 width=20) (actual time=0.188..0.189 rows=33 loops=1)
                     Sort Key: s_4.a, s_4.b, s_4.c, s_4.d
                     Sort Method: quicksort  Memory: 103kB
                     ->  Seq Scan on s_4  (cost=0.00..17.00 rows=1000 width=20) (actual time=0.007..0.060 rows=1000 loops=1)
 Planning time: 0.241 ms
 Execution time: 0.257 ms
(13 rows)

===== 437 [Wed Mar  7 01:55:15 CET 2018] scale:1000 groups:10000 work_mem:128MB incremental:off max_workers:2 =====
SELECT * FROM (SELECT * FROM s_1 ORDER BY a) foo ORDER BY a, b LIMIT 10
                                                         QUERY PLAN                                                          
-----------------------------------------------------------------------------------------------------------------------------
 Limit  (cost=101.06..101.06 rows=1 width=20) (actual time=0.304..0.304 rows=0 loops=1)
   ->  Limit  (cost=100.94..100.96 rows=10 width=20) (actual time=0.302..0.303 rows=10 loops=1)
         ->  Sort  (cost=100.94..103.44 rows=1000 width=20) (actual time=0.301..0.302 rows=10 loops=1)
               Sort Key: s_1.a, s_1.b
               Sort Method: top-N heapsort  Memory: 25kB
               ->  Sort  (cost=66.83..69.33 rows=1000 width=20) (actual time=0.180..0.213 rows=1000 loops=1)
                     Sort Key: s_1.a
                     Sort Method: quicksort  Memory: 103kB
                     ->  Seq Scan on s_1  (cost=0.00..17.00 rows=1000 width=20) (actual time=0.007..0.062 rows=1000 loops=1)
 Planning time: 0.218 ms
 Execution time: 0.327 ms
(11 rows)

===== 438 [Wed Mar  7 01:55:15 CET 2018] scale:1000 groups:10000 work_mem:128MB incremental:off max_workers:2 =====
SELECT * FROM (SELECT * FROM s_2 ORDER BY a, b) foo ORDER BY a, b, c LIMIT 10
                                                         QUERY PLAN                                                          
-----------------------------------------------------------------------------------------------------------------------------
 Limit  (cost=101.06..101.06 rows=1 width=20) (actual time=0.308..0.308 rows=0 loops=1)
   ->  Limit  (cost=100.94..100.96 rows=10 width=20) (actual time=0.306..0.307 rows=10 loops=1)
         ->  Sort  (cost=100.94..103.44 rows=1000 width=20) (actual time=0.306..0.306 rows=10 loops=1)
               Sort Key: s_2.a, s_2.b, s_2.c
               Sort Method: top-N heapsort  Memory: 25kB
               ->  Sort  (cost=66.83..69.33 rows=1000 width=20) (actual time=0.183..0.217 rows=1000 loops=1)
                     Sort Key: s_2.a, s_2.b
                     Sort Method: quicksort  Memory: 103kB
                     ->  Seq Scan on s_2  (cost=0.00..17.00 rows=1000 width=20) (actual time=0.007..0.062 rows=1000 loops=1)
 Planning time: 0.226 ms
 Execution time: 0.333 ms
(11 rows)

===== 439 [Wed Mar  7 01:55:15 CET 2018] scale:1000 groups:10000 work_mem:128MB incremental:off max_workers:2 =====
SELECT * FROM (SELECT * FROM s_3 ORDER BY a, b, c) foo ORDER BY a, b, c, d LIMIT 10
                                                         QUERY PLAN                                                          
-----------------------------------------------------------------------------------------------------------------------------
 Limit  (cost=101.06..101.06 rows=1 width=20) (actual time=0.314..0.314 rows=0 loops=1)
   ->  Limit  (cost=100.94..100.96 rows=10 width=20) (actual time=0.312..0.313 rows=10 loops=1)
         ->  Sort  (cost=100.94..103.44 rows=1000 width=20) (actual time=0.311..0.312 rows=10 loops=1)
               Sort Key: s_3.a, s_3.b, s_3.c, s_3.d
               Sort Method: top-N heapsort  Memory: 25kB
               ->  Sort  (cost=66.83..69.33 rows=1000 width=20) (actual time=0.186..0.220 rows=1000 loops=1)
                     Sort Key: s_3.a, s_3.b, s_3.c
                     Sort Method: quicksort  Memory: 103kB
                     ->  Seq Scan on s_3  (cost=0.00..17.00 rows=1000 width=20) (actual time=0.007..0.060 rows=1000 loops=1)
 Planning time: 0.235 ms
 Execution time: 0.338 ms
(11 rows)

===== 440 [Wed Mar  7 01:55:15 CET 2018] scale:1000 groups:10000 work_mem:128MB incremental:off max_workers:2 =====
SELECT * FROM (SELECT * FROM s_4 ORDER BY a, b, c, d) foo ORDER BY a, b, c, d, e LIMIT 10
                                                         QUERY PLAN                                                          
-----------------------------------------------------------------------------------------------------------------------------
 Limit  (cost=101.06..101.06 rows=1 width=20) (actual time=0.320..0.320 rows=0 loops=1)
   ->  Limit  (cost=100.94..100.96 rows=10 width=20) (actual time=0.318..0.319 rows=10 loops=1)
         ->  Sort  (cost=100.94..103.44 rows=1000 width=20) (actual time=0.318..0.318 rows=10 loops=1)
               Sort Key: s_4.a, s_4.b, s_4.c, s_4.d, s_4.e
               Sort Method: top-N heapsort  Memory: 25kB
               ->  Sort  (cost=66.83..69.33 rows=1000 width=20) (actual time=0.183..0.217 rows=1000 loops=1)
                     Sort Key: s_4.a, s_4.b, s_4.c, s_4.d
                     Sort Method: quicksort  Memory: 103kB
                     ->  Seq Scan on s_4  (cost=0.00..17.00 rows=1000 width=20) (actual time=0.007..0.059 rows=1000 loops=1)
 Planning time: 0.231 ms
 Execution time: 0.347 ms
(11 rows)

===== 441 [Wed Mar  7 01:55:16 CET 2018] scale:1000 groups:10000 work_mem:256MB incremental:on max_workers:2 =====
SELECT * FROM (SELECT * FROM s_1 ORDER BY a) foo ORDER BY a, b LIMIT 10
                                                         QUERY PLAN                                                          
-----------------------------------------------------------------------------------------------------------------------------
 Limit  (cost=67.31..67.31 rows=1 width=20) (actual time=0.224..0.224 rows=0 loops=1)
   ->  Limit  (cost=66.85..67.21 rows=10 width=20) (actual time=0.222..0.223 rows=10 loops=1)
         ->  Incremental Sort  (cost=66.85..103.46 rows=1000 width=20) (actual time=0.222..0.222 rows=10 loops=1)
               Sort Key: s_1.a, s_1.b
               Presorted Key: s_1.a
               Sort Method: quicksort  Memory: 27kB
               Sort Groups: 1
               ->  Sort  (cost=66.83..69.33 rows=1000 width=20) (actual time=0.182..0.184 rows=33 loops=1)
                     Sort Key: s_1.a
                     Sort Method: quicksort  Memory: 103kB
                     ->  Seq Scan on s_1  (cost=0.00..17.00 rows=1000 width=20) (actual time=0.007..0.063 rows=1000 loops=1)
 Planning time: 0.225 ms
 Execution time: 0.249 ms
(13 rows)

===== 442 [Wed Mar  7 01:55:16 CET 2018] scale:1000 groups:10000 work_mem:256MB incremental:on max_workers:2 =====
SELECT * FROM (SELECT * FROM s_2 ORDER BY a, b) foo ORDER BY a, b, c LIMIT 10
                                                         QUERY PLAN                                                          
-----------------------------------------------------------------------------------------------------------------------------
 Limit  (cost=67.31..67.31 rows=1 width=20) (actual time=0.228..0.228 rows=0 loops=1)
   ->  Limit  (cost=66.85..67.21 rows=10 width=20) (actual time=0.226..0.227 rows=10 loops=1)
         ->  Incremental Sort  (cost=66.85..103.48 rows=1000 width=20) (actual time=0.225..0.226 rows=10 loops=1)
               Sort Key: s_2.a, s_2.b, s_2.c
               Presorted Key: s_2.a, s_2.b
               Sort Method: quicksort  Memory: 27kB
               Sort Groups: 1
               ->  Sort  (cost=66.83..69.33 rows=1000 width=20) (actual time=0.185..0.186 rows=33 loops=1)
                     Sort Key: s_2.a, s_2.b
                     Sort Method: quicksort  Memory: 103kB
                     ->  Seq Scan on s_2  (cost=0.00..17.00 rows=1000 width=20) (actual time=0.006..0.063 rows=1000 loops=1)
 Planning time: 0.232 ms
 Execution time: 0.253 ms
(13 rows)

===== 443 [Wed Mar  7 01:55:16 CET 2018] scale:1000 groups:10000 work_mem:256MB incremental:on max_workers:2 =====
SELECT * FROM (SELECT * FROM s_3 ORDER BY a, b, c) foo ORDER BY a, b, c, d LIMIT 10
                                                         QUERY PLAN                                                          
-----------------------------------------------------------------------------------------------------------------------------
 Limit  (cost=67.31..67.31 rows=1 width=20) (actual time=0.236..0.236 rows=0 loops=1)
   ->  Limit  (cost=66.85..67.21 rows=10 width=20) (actual time=0.233..0.235 rows=10 loops=1)
         ->  Incremental Sort  (cost=66.85..103.58 rows=1000 width=20) (actual time=0.233..0.234 rows=10 loops=1)
               Sort Key: s_3.a, s_3.b, s_3.c, s_3.d
               Presorted Key: s_3.a, s_3.b, s_3.c
               Sort Method: quicksort  Memory: 27kB
               Sort Groups: 1
               ->  Sort  (cost=66.83..69.33 rows=1000 width=20) (actual time=0.194..0.195 rows=33 loops=1)
                     Sort Key: s_3.a, s_3.b, s_3.c
                     Sort Method: quicksort  Memory: 103kB
                     ->  Seq Scan on s_3  (cost=0.00..17.00 rows=1000 width=20) (actual time=0.007..0.060 rows=1000 loops=1)
 Planning time: 0.234 ms
 Execution time: 0.260 ms
(13 rows)

===== 444 [Wed Mar  7 01:55:16 CET 2018] scale:1000 groups:10000 work_mem:256MB incremental:on max_workers:2 =====
SELECT * FROM (SELECT * FROM s_4 ORDER BY a, b, c, d) foo ORDER BY a, b, c, d, e LIMIT 10
                                                         QUERY PLAN                                                          
-----------------------------------------------------------------------------------------------------------------------------
 Limit  (cost=67.31..67.31 rows=1 width=20) (actual time=0.230..0.230 rows=0 loops=1)
   ->  Limit  (cost=66.85..67.21 rows=10 width=20) (actual time=0.228..0.229 rows=10 loops=1)
         ->  Incremental Sort  (cost=66.85..103.60 rows=1000 width=20) (actual time=0.227..0.228 rows=10 loops=1)
               Sort Key: s_4.a, s_4.b, s_4.c, s_4.d, s_4.e
               Presorted Key: s_4.a, s_4.b, s_4.c, s_4.d
               Sort Method: quicksort  Memory: 27kB
               Sort Groups: 1
               ->  Sort  (cost=66.83..69.33 rows=1000 width=20) (actual time=0.184..0.186 rows=33 loops=1)
                     Sort Key: s_4.a, s_4.b, s_4.c, s_4.d
                     Sort Method: quicksort  Memory: 103kB
                     ->  Seq Scan on s_4  (cost=0.00..17.00 rows=1000 width=20) (actual time=0.007..0.060 rows=1000 loops=1)
 Planning time: 0.239 ms
 Execution time: 0.255 ms
(13 rows)

===== 445 [Wed Mar  7 01:55:16 CET 2018] scale:1000 groups:10000 work_mem:256MB incremental:off max_workers:2 =====
SELECT * FROM (SELECT * FROM s_1 ORDER BY a) foo ORDER BY a, b LIMIT 10
                                                         QUERY PLAN                                                          
-----------------------------------------------------------------------------------------------------------------------------
 Limit  (cost=101.06..101.06 rows=1 width=20) (actual time=0.305..0.305 rows=0 loops=1)
   ->  Limit  (cost=100.94..100.96 rows=10 width=20) (actual time=0.303..0.304 rows=10 loops=1)
         ->  Sort  (cost=100.94..103.44 rows=1000 width=20) (actual time=0.302..0.303 rows=10 loops=1)
               Sort Key: s_1.a, s_1.b
               Sort Method: top-N heapsort  Memory: 25kB
               ->  Sort  (cost=66.83..69.33 rows=1000 width=20) (actual time=0.181..0.215 rows=1000 loops=1)
                     Sort Key: s_1.a
                     Sort Method: quicksort  Memory: 103kB
                     ->  Seq Scan on s_1  (cost=0.00..17.00 rows=1000 width=20) (actual time=0.007..0.062 rows=1000 loops=1)
 Planning time: 0.224 ms
 Execution time: 0.329 ms
(11 rows)

===== 446 [Wed Mar  7 01:55:16 CET 2018] scale:1000 groups:10000 work_mem:256MB incremental:off max_workers:2 =====
SELECT * FROM (SELECT * FROM s_2 ORDER BY a, b) foo ORDER BY a, b, c LIMIT 10
                                                         QUERY PLAN                                                          
-----------------------------------------------------------------------------------------------------------------------------
 Limit  (cost=101.06..101.06 rows=1 width=20) (actual time=0.308..0.308 rows=0 loops=1)
   ->  Limit  (cost=100.94..100.96 rows=10 width=20) (actual time=0.306..0.307 rows=10 loops=1)
         ->  Sort  (cost=100.94..103.44 rows=1000 width=20) (actual time=0.306..0.306 rows=10 loops=1)
               Sort Key: s_2.a, s_2.b, s_2.c
               Sort Method: top-N heapsort  Memory: 25kB
               ->  Sort  (cost=66.83..69.33 rows=1000 width=20) (actual time=0.184..0.217 rows=1000 loops=1)
                     Sort Key: s_2.a, s_2.b
                     Sort Method: quicksort  Memory: 103kB
                     ->  Seq Scan on s_2  (cost=0.00..17.00 rows=1000 width=20) (actual time=0.006..0.062 rows=1000 loops=1)
 Planning time: 0.230 ms
 Execution time: 0.333 ms
(11 rows)

===== 447 [Wed Mar  7 01:55:16 CET 2018] scale:1000 groups:10000 work_mem:256MB incremental:off max_workers:2 =====
SELECT * FROM (SELECT * FROM s_3 ORDER BY a, b, c) foo ORDER BY a, b, c, d LIMIT 10
                                                         QUERY PLAN                                                          
-----------------------------------------------------------------------------------------------------------------------------
 Limit  (cost=101.06..101.06 rows=1 width=20) (actual time=0.323..0.323 rows=0 loops=1)
   ->  Limit  (cost=100.94..100.96 rows=10 width=20) (actual time=0.321..0.322 rows=10 loops=1)
         ->  Sort  (cost=100.94..103.44 rows=1000 width=20) (actual time=0.321..0.321 rows=10 loops=1)
               Sort Key: s_3.a, s_3.b, s_3.c, s_3.d
               Sort Method: top-N heapsort  Memory: 25kB
               ->  Sort  (cost=66.83..69.33 rows=1000 width=20) (actual time=0.194..0.228 rows=1000 loops=1)
                     Sort Key: s_3.a, s_3.b, s_3.c
                     Sort Method: quicksort  Memory: 103kB
                     ->  Seq Scan on s_3  (cost=0.00..17.00 rows=1000 width=20) (actual time=0.007..0.060 rows=1000 loops=1)
 Planning time: 0.229 ms
 Execution time: 0.347 ms
(11 rows)

===== 448 [Wed Mar  7 01:55:16 CET 2018] scale:1000 groups:10000 work_mem:256MB incremental:off max_workers:2 =====
SELECT * FROM (SELECT * FROM s_4 ORDER BY a, b, c, d) foo ORDER BY a, b, c, d, e LIMIT 10
                                                         QUERY PLAN                                                          
-----------------------------------------------------------------------------------------------------------------------------
 Limit  (cost=101.06..101.06 rows=1 width=20) (actual time=0.322..0.322 rows=0 loops=1)
   ->  Limit  (cost=100.94..100.96 rows=10 width=20) (actual time=0.320..0.321 rows=10 loops=1)
         ->  Sort  (cost=100.94..103.44 rows=1000 width=20) (actual time=0.319..0.320 rows=10 loops=1)
               Sort Key: s_4.a, s_4.b, s_4.c, s_4.d, s_4.e
               Sort Method: top-N heapsort  Memory: 25kB
               ->  Sort  (cost=66.83..69.33 rows=1000 width=20) (actual time=0.189..0.223 rows=1000 loops=1)
                     Sort Key: s_4.a, s_4.b, s_4.c, s_4.d
                     Sort Method: quicksort  Memory: 103kB
                     ->  Seq Scan on s_4  (cost=0.00..17.00 rows=1000 width=20) (actual time=0.007..0.064 rows=1000 loops=1)
 Planning time: 0.234 ms
 Execution time: 0.347 ms
(11 rows)

