===== 1 [Wed Mar  7 01:54:08 CET 2018] scale:1000 groups:10 work_mem:4MB incremental:on max_workers:0 =====
SELECT * FROM (SELECT * FROM s_1 ORDER BY a) foo ORDER BY a, b
                                                      QUERY PLAN                                                       
-----------------------------------------------------------------------------------------------------------------------
 Limit  (cost=139.58..139.58 rows=1 width=20) (actual time=0.485..0.485 rows=0 loops=1)
   ->  Incremental Sort  (cost=70.92..129.58 rows=1000 width=20) (actual time=0.234..0.459 rows=1000 loops=1)
         Sort Key: s_1.a, s_1.b
         Presorted Key: s_1.a
         Sort Method: quicksort  Memory: 34kB
         Sort Groups: 11
         ->  Sort  (cost=66.83..69.33 rows=1000 width=20) (actual time=0.185..0.221 rows=1000 loops=1)
               Sort Key: s_1.a
               Sort Method: quicksort  Memory: 103kB
               ->  Seq Scan on s_1  (cost=0.00..17.00 rows=1000 width=20) (actual time=0.004..0.063 rows=1000 loops=1)
 Planning time: 0.209 ms
 Execution time: 0.508 ms
(12 rows)

===== 2 [Wed Mar  7 01:54:08 CET 2018] scale:1000 groups:10 work_mem:4MB incremental:on max_workers:0 =====
SELECT * FROM (SELECT * FROM s_2 ORDER BY a, b) foo ORDER BY a, b, c
                                                      QUERY PLAN                                                       
-----------------------------------------------------------------------------------------------------------------------
 Limit  (cost=125.44..125.44 rows=1 width=20) (actual time=0.527..0.527 rows=0 loops=1)
   ->  Incremental Sort  (cost=67.12..115.44 rows=1000 width=20) (actual time=0.237..0.501 rows=1000 loops=1)
         Sort Key: s_2.a, s_2.b, s_2.c
         Presorted Key: s_2.a, s_2.b
         Sort Method: quicksort  Memory: 28kB
         Sort Groups: 27
         ->  Sort  (cost=66.83..69.33 rows=1000 width=20) (actual time=0.191..0.230 rows=1000 loops=1)
               Sort Key: s_2.a, s_2.b
               Sort Method: quicksort  Memory: 103kB
               ->  Seq Scan on s_2  (cost=0.00..17.00 rows=1000 width=20) (actual time=0.006..0.062 rows=1000 loops=1)
 Planning time: 0.213 ms
 Execution time: 0.548 ms
(12 rows)

===== 3 [Wed Mar  7 01:54:08 CET 2018] scale:1000 groups:10 work_mem:4MB incremental:on max_workers:0 =====
SELECT * FROM (SELECT * FROM s_3 ORDER BY a, b, c) foo ORDER BY a, b, c, d
                                                      QUERY PLAN                                                       
-----------------------------------------------------------------------------------------------------------------------
 Limit  (cost=125.44..125.44 rows=1 width=20) (actual time=0.544..0.544 rows=0 loops=1)
   ->  Incremental Sort  (cost=67.12..115.44 rows=1000 width=20) (actual time=0.251..0.518 rows=1000 loops=1)
         Sort Key: s_3.a, s_3.b, s_3.c, s_3.d
         Presorted Key: s_3.a, s_3.b, s_3.c
         Sort Method: quicksort  Memory: 27kB
         Sort Groups: 31
         ->  Sort  (cost=66.83..69.33 rows=1000 width=20) (actual time=0.201..0.240 rows=1000 loops=1)
               Sort Key: s_3.a, s_3.b, s_3.c
               Sort Method: quicksort  Memory: 103kB
               ->  Seq Scan on s_3  (cost=0.00..17.00 rows=1000 width=20) (actual time=0.007..0.062 rows=1000 loops=1)
 Planning time: 0.213 ms
 Execution time: 0.566 ms
(12 rows)

===== 4 [Wed Mar  7 01:54:08 CET 2018] scale:1000 groups:10 work_mem:4MB incremental:on max_workers:0 =====
SELECT * FROM (SELECT * FROM s_4 ORDER BY a, b, c, d) foo ORDER BY a, b, c, d, e
                                                      QUERY PLAN                                                       
-----------------------------------------------------------------------------------------------------------------------
 Limit  (cost=125.44..125.44 rows=1 width=20) (actual time=0.500..0.500 rows=0 loops=1)
   ->  Incremental Sort  (cost=67.12..115.44 rows=1000 width=20) (actual time=0.252..0.476 rows=1000 loops=1)
         Sort Key: s_4.a, s_4.b, s_4.c, s_4.d, s_4.e
         Presorted Key: s_4.a, s_4.b, s_4.c, s_4.d
         Sort Method: quicksort  Memory: 27kB
         Sort Groups: 32
         ->  Sort  (cost=66.83..69.33 rows=1000 width=20) (actual time=0.210..0.251 rows=1000 loops=1)
               Sort Key: s_4.a, s_4.b, s_4.c, s_4.d
               Sort Method: quicksort  Memory: 103kB
               ->  Seq Scan on s_4  (cost=0.00..17.00 rows=1000 width=20) (actual time=0.007..0.063 rows=1000 loops=1)
 Planning time: 0.218 ms
 Execution time: 0.520 ms
(12 rows)

===== 5 [Wed Mar  7 01:54:09 CET 2018] scale:1000 groups:10 work_mem:4MB incremental:off max_workers:0 =====
SELECT * FROM (SELECT * FROM s_1 ORDER BY a) foo ORDER BY a, b
                                                      QUERY PLAN                                                       
-----------------------------------------------------------------------------------------------------------------------
 Limit  (cost=141.66..141.66 rows=1 width=20) (actual time=0.490..0.490 rows=0 loops=1)
   ->  Sort  (cost=129.16..131.66 rows=1000 width=20) (actual time=0.435..0.468 rows=1000 loops=1)
         Sort Key: s_1.a, s_1.b
         Sort Method: quicksort  Memory: 103kB
         ->  Sort  (cost=66.83..69.33 rows=1000 width=20) (actual time=0.180..0.215 rows=1000 loops=1)
               Sort Key: s_1.a
               Sort Method: quicksort  Memory: 103kB
               ->  Seq Scan on s_1  (cost=0.00..17.00 rows=1000 width=20) (actual time=0.004..0.063 rows=1000 loops=1)
 Planning time: 0.203 ms
 Execution time: 0.512 ms
(10 rows)

===== 6 [Wed Mar  7 01:54:09 CET 2018] scale:1000 groups:10 work_mem:4MB incremental:off max_workers:0 =====
SELECT * FROM (SELECT * FROM s_2 ORDER BY a, b) foo ORDER BY a, b, c
                                                      QUERY PLAN                                                       
-----------------------------------------------------------------------------------------------------------------------
 Limit  (cost=141.66..141.66 rows=1 width=20) (actual time=0.570..0.570 rows=0 loops=1)
   ->  Sort  (cost=129.16..131.66 rows=1000 width=20) (actual time=0.516..0.548 rows=1000 loops=1)
         Sort Key: s_2.a, s_2.b, s_2.c
         Sort Method: quicksort  Memory: 103kB
         ->  Sort  (cost=66.83..69.33 rows=1000 width=20) (actual time=0.196..0.231 rows=1000 loops=1)
               Sort Key: s_2.a, s_2.b
               Sort Method: quicksort  Memory: 103kB
               ->  Seq Scan on s_2  (cost=0.00..17.00 rows=1000 width=20) (actual time=0.007..0.065 rows=1000 loops=1)
 Planning time: 0.206 ms
 Execution time: 0.591 ms
(10 rows)

===== 7 [Wed Mar  7 01:54:09 CET 2018] scale:1000 groups:10 work_mem:4MB incremental:off max_workers:0 =====
SELECT * FROM (SELECT * FROM s_3 ORDER BY a, b, c) foo ORDER BY a, b, c, d
                                                      QUERY PLAN                                                       
-----------------------------------------------------------------------------------------------------------------------
 Limit  (cost=141.66..141.66 rows=1 width=20) (actual time=0.581..0.581 rows=0 loops=1)
   ->  Sort  (cost=129.16..131.66 rows=1000 width=20) (actual time=0.527..0.559 rows=1000 loops=1)
         Sort Key: s_3.a, s_3.b, s_3.c, s_3.d
         Sort Method: quicksort  Memory: 103kB
         ->  Sort  (cost=66.83..69.33 rows=1000 width=20) (actual time=0.208..0.244 rows=1000 loops=1)
               Sort Key: s_3.a, s_3.b, s_3.c
               Sort Method: quicksort  Memory: 103kB
               ->  Seq Scan on s_3  (cost=0.00..17.00 rows=1000 width=20) (actual time=0.007..0.063 rows=1000 loops=1)
 Planning time: 0.207 ms
 Execution time: 0.602 ms
(10 rows)

===== 8 [Wed Mar  7 01:54:09 CET 2018] scale:1000 groups:10 work_mem:4MB incremental:off max_workers:0 =====
SELECT * FROM (SELECT * FROM s_4 ORDER BY a, b, c, d) foo ORDER BY a, b, c, d, e
                                                      QUERY PLAN                                                       
-----------------------------------------------------------------------------------------------------------------------
 Limit  (cost=141.66..141.66 rows=1 width=20) (actual time=0.560..0.560 rows=0 loops=1)
   ->  Sort  (cost=129.16..131.66 rows=1000 width=20) (actual time=0.505..0.537 rows=1000 loops=1)
         Sort Key: s_4.a, s_4.b, s_4.c, s_4.d, s_4.e
         Sort Method: quicksort  Memory: 103kB
         ->  Sort  (cost=66.83..69.33 rows=1000 width=20) (actual time=0.208..0.244 rows=1000 loops=1)
               Sort Key: s_4.a, s_4.b, s_4.c, s_4.d
               Sort Method: quicksort  Memory: 103kB
               ->  Seq Scan on s_4  (cost=0.00..17.00 rows=1000 width=20) (actual time=0.007..0.067 rows=1000 loops=1)
 Planning time: 0.211 ms
 Execution time: 0.581 ms
(10 rows)

===== 9 [Wed Mar  7 01:54:09 CET 2018] scale:1000 groups:10 work_mem:8MB incremental:on max_workers:0 =====
SELECT * FROM (SELECT * FROM s_1 ORDER BY a) foo ORDER BY a, b
                                                      QUERY PLAN                                                       
-----------------------------------------------------------------------------------------------------------------------
 Limit  (cost=139.58..139.58 rows=1 width=20) (actual time=0.478..0.478 rows=0 loops=1)
   ->  Incremental Sort  (cost=70.92..129.58 rows=1000 width=20) (actual time=0.227..0.452 rows=1000 loops=1)
         Sort Key: s_1.a, s_1.b
         Presorted Key: s_1.a
         Sort Method: quicksort  Memory: 34kB
         Sort Groups: 11
         ->  Sort  (cost=66.83..69.33 rows=1000 width=20) (actual time=0.179..0.215 rows=1000 loops=1)
               Sort Key: s_1.a
               Sort Method: quicksort  Memory: 103kB
               ->  Seq Scan on s_1  (cost=0.00..17.00 rows=1000 width=20) (actual time=0.004..0.062 rows=1000 loops=1)
 Planning time: 0.204 ms
 Execution time: 0.499 ms
(12 rows)

===== 10 [Wed Mar  7 01:54:09 CET 2018] scale:1000 groups:10 work_mem:8MB incremental:on max_workers:0 =====
SELECT * FROM (SELECT * FROM s_2 ORDER BY a, b) foo ORDER BY a, b, c
                                                      QUERY PLAN                                                       
-----------------------------------------------------------------------------------------------------------------------
 Limit  (cost=125.44..125.44 rows=1 width=20) (actual time=0.534..0.534 rows=0 loops=1)
   ->  Incremental Sort  (cost=67.12..115.44 rows=1000 width=20) (actual time=0.242..0.507 rows=1000 loops=1)
         Sort Key: s_2.a, s_2.b, s_2.c
         Presorted Key: s_2.a, s_2.b
         Sort Method: quicksort  Memory: 28kB
         Sort Groups: 27
         ->  Sort  (cost=66.83..69.33 rows=1000 width=20) (actual time=0.196..0.235 rows=1000 loops=1)
               Sort Key: s_2.a, s_2.b
               Sort Method: quicksort  Memory: 103kB
               ->  Seq Scan on s_2  (cost=0.00..17.00 rows=1000 width=20) (actual time=0.006..0.062 rows=1000 loops=1)
 Planning time: 0.204 ms
 Execution time: 0.554 ms
(12 rows)

===== 11 [Wed Mar  7 01:54:09 CET 2018] scale:1000 groups:10 work_mem:8MB incremental:on max_workers:0 =====
SELECT * FROM (SELECT * FROM s_3 ORDER BY a, b, c) foo ORDER BY a, b, c, d
                                                      QUERY PLAN                                                       
-----------------------------------------------------------------------------------------------------------------------
 Limit  (cost=125.44..125.44 rows=1 width=20) (actual time=0.535..0.535 rows=0 loops=1)
   ->  Incremental Sort  (cost=67.12..115.44 rows=1000 width=20) (actual time=0.244..0.509 rows=1000 loops=1)
         Sort Key: s_3.a, s_3.b, s_3.c, s_3.d
         Presorted Key: s_3.a, s_3.b, s_3.c
         Sort Method: quicksort  Memory: 27kB
         Sort Groups: 31
         ->  Sort  (cost=66.83..69.33 rows=1000 width=20) (actual time=0.201..0.240 rows=1000 loops=1)
               Sort Key: s_3.a, s_3.b, s_3.c
               Sort Method: quicksort  Memory: 103kB
               ->  Seq Scan on s_3  (cost=0.00..17.00 rows=1000 width=20) (actual time=0.007..0.062 rows=1000 loops=1)
 Planning time: 0.215 ms
 Execution time: 0.557 ms
(12 rows)

===== 12 [Wed Mar  7 01:54:09 CET 2018] scale:1000 groups:10 work_mem:8MB incremental:on max_workers:0 =====
SELECT * FROM (SELECT * FROM s_4 ORDER BY a, b, c, d) foo ORDER BY a, b, c, d, e
                                                      QUERY PLAN                                                       
-----------------------------------------------------------------------------------------------------------------------
 Limit  (cost=125.44..125.44 rows=1 width=20) (actual time=0.501..0.501 rows=0 loops=1)
   ->  Incremental Sort  (cost=67.12..115.44 rows=1000 width=20) (actual time=0.246..0.472 rows=1000 loops=1)
         Sort Key: s_4.a, s_4.b, s_4.c, s_4.d, s_4.e
         Presorted Key: s_4.a, s_4.b, s_4.c, s_4.d
         Sort Method: quicksort  Memory: 27kB
         Sort Groups: 32
         ->  Sort  (cost=66.83..69.33 rows=1000 width=20) (actual time=0.205..0.245 rows=1000 loops=1)
               Sort Key: s_4.a, s_4.b, s_4.c, s_4.d
               Sort Method: quicksort  Memory: 103kB
               ->  Seq Scan on s_4  (cost=0.00..17.00 rows=1000 width=20) (actual time=0.006..0.062 rows=1000 loops=1)
 Planning time: 0.214 ms
 Execution time: 0.522 ms
(12 rows)

===== 13 [Wed Mar  7 01:54:09 CET 2018] scale:1000 groups:10 work_mem:8MB incremental:off max_workers:0 =====
SELECT * FROM (SELECT * FROM s_1 ORDER BY a) foo ORDER BY a, b
                                                      QUERY PLAN                                                       
-----------------------------------------------------------------------------------------------------------------------
 Limit  (cost=141.66..141.66 rows=1 width=20) (actual time=0.487..0.487 rows=0 loops=1)
   ->  Sort  (cost=129.16..131.66 rows=1000 width=20) (actual time=0.433..0.465 rows=1000 loops=1)
         Sort Key: s_1.a, s_1.b
         Sort Method: quicksort  Memory: 103kB
         ->  Sort  (cost=66.83..69.33 rows=1000 width=20) (actual time=0.178..0.214 rows=1000 loops=1)
               Sort Key: s_1.a
               Sort Method: quicksort  Memory: 103kB
               ->  Seq Scan on s_1  (cost=0.00..17.00 rows=1000 width=20) (actual time=0.004..0.062 rows=1000 loops=1)
 Planning time: 0.201 ms
 Execution time: 0.508 ms
(10 rows)

===== 14 [Wed Mar  7 01:54:09 CET 2018] scale:1000 groups:10 work_mem:8MB incremental:off max_workers:0 =====
SELECT * FROM (SELECT * FROM s_2 ORDER BY a, b) foo ORDER BY a, b, c
                                                      QUERY PLAN                                                       
-----------------------------------------------------------------------------------------------------------------------
 Limit  (cost=141.66..141.66 rows=1 width=20) (actual time=0.568..0.568 rows=0 loops=1)
   ->  Sort  (cost=129.16..131.66 rows=1000 width=20) (actual time=0.514..0.545 rows=1000 loops=1)
         Sort Key: s_2.a, s_2.b, s_2.c
         Sort Method: quicksort  Memory: 103kB
         ->  Sort  (cost=66.83..69.33 rows=1000 width=20) (actual time=0.192..0.228 rows=1000 loops=1)
               Sort Key: s_2.a, s_2.b
               Sort Method: quicksort  Memory: 103kB
               ->  Seq Scan on s_2  (cost=0.00..17.00 rows=1000 width=20) (actual time=0.006..0.065 rows=1000 loops=1)
 Planning time: 0.199 ms
 Execution time: 0.591 ms
(10 rows)

===== 15 [Wed Mar  7 01:54:09 CET 2018] scale:1000 groups:10 work_mem:8MB incremental:off max_workers:0 =====
SELECT * FROM (SELECT * FROM s_3 ORDER BY a, b, c) foo ORDER BY a, b, c, d
                                                      QUERY PLAN                                                       
-----------------------------------------------------------------------------------------------------------------------
 Limit  (cost=141.66..141.66 rows=1 width=20) (actual time=0.580..0.580 rows=0 loops=1)
   ->  Sort  (cost=129.16..131.66 rows=1000 width=20) (actual time=0.526..0.557 rows=1000 loops=1)
         Sort Key: s_3.a, s_3.b, s_3.c, s_3.d
         Sort Method: quicksort  Memory: 103kB
         ->  Sort  (cost=66.83..69.33 rows=1000 width=20) (actual time=0.207..0.242 rows=1000 loops=1)
               Sort Key: s_3.a, s_3.b, s_3.c
               Sort Method: quicksort  Memory: 103kB
               ->  Seq Scan on s_3  (cost=0.00..17.00 rows=1000 width=20) (actual time=0.007..0.067 rows=1000 loops=1)
 Planning time: 0.208 ms
 Execution time: 0.600 ms
(10 rows)

===== 16 [Wed Mar  7 01:54:09 CET 2018] scale:1000 groups:10 work_mem:8MB incremental:off max_workers:0 =====
SELECT * FROM (SELECT * FROM s_4 ORDER BY a, b, c, d) foo ORDER BY a, b, c, d, e
                                                      QUERY PLAN                                                       
-----------------------------------------------------------------------------------------------------------------------
 Limit  (cost=141.66..141.66 rows=1 width=20) (actual time=0.556..0.556 rows=0 loops=1)
   ->  Sort  (cost=129.16..131.66 rows=1000 width=20) (actual time=0.502..0.534 rows=1000 loops=1)
         Sort Key: s_4.a, s_4.b, s_4.c, s_4.d, s_4.e
         Sort Method: quicksort  Memory: 103kB
         ->  Sort  (cost=66.83..69.33 rows=1000 width=20) (actual time=0.205..0.241 rows=1000 loops=1)
               Sort Key: s_4.a, s_4.b, s_4.c, s_4.d
               Sort Method: quicksort  Memory: 103kB
               ->  Seq Scan on s_4  (cost=0.00..17.00 rows=1000 width=20) (actual time=0.007..0.062 rows=1000 loops=1)
 Planning time: 0.210 ms
 Execution time: 0.577 ms
(10 rows)

===== 17 [Wed Mar  7 01:54:09 CET 2018] scale:1000 groups:10 work_mem:16MB incremental:on max_workers:0 =====
SELECT * FROM (SELECT * FROM s_1 ORDER BY a) foo ORDER BY a, b
                                                      QUERY PLAN                                                       
-----------------------------------------------------------------------------------------------------------------------
 Limit  (cost=139.58..139.58 rows=1 width=20) (actual time=0.479..0.479 rows=0 loops=1)
   ->  Incremental Sort  (cost=70.92..129.58 rows=1000 width=20) (actual time=0.229..0.452 rows=1000 loops=1)
         Sort Key: s_1.a, s_1.b
         Presorted Key: s_1.a
         Sort Method: quicksort  Memory: 34kB
         Sort Groups: 11
         ->  Sort  (cost=66.83..69.33 rows=1000 width=20) (actual time=0.180..0.217 rows=1000 loops=1)
               Sort Key: s_1.a
               Sort Method: quicksort  Memory: 103kB
               ->  Seq Scan on s_1  (cost=0.00..17.00 rows=1000 width=20) (actual time=0.004..0.062 rows=1000 loops=1)
 Planning time: 0.209 ms
 Execution time: 0.500 ms
(12 rows)

===== 18 [Wed Mar  7 01:54:09 CET 2018] scale:1000 groups:10 work_mem:16MB incremental:on max_workers:0 =====
SELECT * FROM (SELECT * FROM s_2 ORDER BY a, b) foo ORDER BY a, b, c
                                                      QUERY PLAN                                                       
-----------------------------------------------------------------------------------------------------------------------
 Limit  (cost=125.44..125.44 rows=1 width=20) (actual time=0.533..0.533 rows=0 loops=1)
   ->  Incremental Sort  (cost=67.12..115.44 rows=1000 width=20) (actual time=0.238..0.506 rows=1000 loops=1)
         Sort Key: s_2.a, s_2.b, s_2.c
         Presorted Key: s_2.a, s_2.b
         Sort Method: quicksort  Memory: 28kB
         Sort Groups: 27
         ->  Sort  (cost=66.83..69.33 rows=1000 width=20) (actual time=0.193..0.231 rows=1000 loops=1)
               Sort Key: s_2.a, s_2.b
               Sort Method: quicksort  Memory: 103kB
               ->  Seq Scan on s_2  (cost=0.00..17.00 rows=1000 width=20) (actual time=0.007..0.063 rows=1000 loops=1)
 Planning time: 0.209 ms
 Execution time: 0.554 ms
(12 rows)

===== 19 [Wed Mar  7 01:54:10 CET 2018] scale:1000 groups:10 work_mem:16MB incremental:on max_workers:0 =====
SELECT * FROM (SELECT * FROM s_3 ORDER BY a, b, c) foo ORDER BY a, b, c, d
                                                      QUERY PLAN                                                       
-----------------------------------------------------------------------------------------------------------------------
 Limit  (cost=125.44..125.44 rows=1 width=20) (actual time=0.538..0.538 rows=0 loops=1)
   ->  Incremental Sort  (cost=67.12..115.44 rows=1000 width=20) (actual time=0.246..0.512 rows=1000 loops=1)
         Sort Key: s_3.a, s_3.b, s_3.c, s_3.d
         Presorted Key: s_3.a, s_3.b, s_3.c
         Sort Method: quicksort  Memory: 27kB
         Sort Groups: 31
         ->  Sort  (cost=66.83..69.33 rows=1000 width=20) (actual time=0.202..0.242 rows=1000 loops=1)
               Sort Key: s_3.a, s_3.b, s_3.c
               Sort Method: quicksort  Memory: 103kB
               ->  Seq Scan on s_3  (cost=0.00..17.00 rows=1000 width=20) (actual time=0.007..0.062 rows=1000 loops=1)
 Planning time: 0.219 ms
 Execution time: 0.559 ms
(12 rows)

===== 20 [Wed Mar  7 01:54:10 CET 2018] scale:1000 groups:10 work_mem:16MB incremental:on max_workers:0 =====
SELECT * FROM (SELECT * FROM s_4 ORDER BY a, b, c, d) foo ORDER BY a, b, c, d, e
                                                      QUERY PLAN                                                       
-----------------------------------------------------------------------------------------------------------------------
 Limit  (cost=125.44..125.44 rows=1 width=20) (actual time=0.495..0.495 rows=0 loops=1)
   ->  Incremental Sort  (cost=67.12..115.44 rows=1000 width=20) (actual time=0.247..0.472 rows=1000 loops=1)
         Sort Key: s_4.a, s_4.b, s_4.c, s_4.d, s_4.e
         Presorted Key: s_4.a, s_4.b, s_4.c, s_4.d
         Sort Method: quicksort  Memory: 27kB
         Sort Groups: 32
         ->  Sort  (cost=66.83..69.33 rows=1000 width=20) (actual time=0.205..0.245 rows=1000 loops=1)
               Sort Key: s_4.a, s_4.b, s_4.c, s_4.d
               Sort Method: quicksort  Memory: 103kB
               ->  Seq Scan on s_4  (cost=0.00..17.00 rows=1000 width=20) (actual time=0.007..0.062 rows=1000 loops=1)
 Planning time: 0.230 ms
 Execution time: 0.516 ms
(12 rows)

===== 21 [Wed Mar  7 01:54:10 CET 2018] scale:1000 groups:10 work_mem:16MB incremental:off max_workers:0 =====
SELECT * FROM (SELECT * FROM s_1 ORDER BY a) foo ORDER BY a, b
                                                      QUERY PLAN                                                       
-----------------------------------------------------------------------------------------------------------------------
 Limit  (cost=141.66..141.66 rows=1 width=20) (actual time=0.488..0.488 rows=0 loops=1)
   ->  Sort  (cost=129.16..131.66 rows=1000 width=20) (actual time=0.433..0.465 rows=1000 loops=1)
         Sort Key: s_1.a, s_1.b
         Sort Method: quicksort  Memory: 103kB
         ->  Sort  (cost=66.83..69.33 rows=1000 width=20) (actual time=0.182..0.217 rows=1000 loops=1)
               Sort Key: s_1.a
               Sort Method: quicksort  Memory: 103kB
               ->  Seq Scan on s_1  (cost=0.00..17.00 rows=1000 width=20) (actual time=0.004..0.063 rows=1000 loops=1)
 Planning time: 0.203 ms
 Execution time: 0.509 ms
(10 rows)

===== 22 [Wed Mar  7 01:54:10 CET 2018] scale:1000 groups:10 work_mem:16MB incremental:off max_workers:0 =====
SELECT * FROM (SELECT * FROM s_2 ORDER BY a, b) foo ORDER BY a, b, c
                                                      QUERY PLAN                                                       
-----------------------------------------------------------------------------------------------------------------------
 Limit  (cost=141.66..141.66 rows=1 width=20) (actual time=0.577..0.577 rows=0 loops=1)
   ->  Sort  (cost=129.16..131.66 rows=1000 width=20) (actual time=0.523..0.555 rows=1000 loops=1)
         Sort Key: s_2.a, s_2.b, s_2.c
         Sort Method: quicksort  Memory: 103kB
         ->  Sort  (cost=66.83..69.33 rows=1000 width=20) (actual time=0.202..0.237 rows=1000 loops=1)
               Sort Key: s_2.a, s_2.b
               Sort Method: quicksort  Memory: 103kB
               ->  Seq Scan on s_2  (cost=0.00..17.00 rows=1000 width=20) (actual time=0.007..0.066 rows=1000 loops=1)
 Planning time: 0.206 ms
 Execution time: 0.599 ms
(10 rows)

===== 23 [Wed Mar  7 01:54:10 CET 2018] scale:1000 groups:10 work_mem:16MB incremental:off max_workers:0 =====
SELECT * FROM (SELECT * FROM s_3 ORDER BY a, b, c) foo ORDER BY a, b, c, d
                                                      QUERY PLAN                                                       
-----------------------------------------------------------------------------------------------------------------------
 Limit  (cost=141.66..141.66 rows=1 width=20) (actual time=0.575..0.575 rows=0 loops=1)
   ->  Sort  (cost=129.16..131.66 rows=1000 width=20) (actual time=0.520..0.552 rows=1000 loops=1)
         Sort Key: s_3.a, s_3.b, s_3.c, s_3.d
         Sort Method: quicksort  Memory: 103kB
         ->  Sort  (cost=66.83..69.33 rows=1000 width=20) (actual time=0.203..0.239 rows=1000 loops=1)
               Sort Key: s_3.a, s_3.b, s_3.c
               Sort Method: quicksort  Memory: 103kB
               ->  Seq Scan on s_3  (cost=0.00..17.00 rows=1000 width=20) (actual time=0.007..0.063 rows=1000 loops=1)
 Planning time: 0.209 ms
 Execution time: 0.596 ms
(10 rows)

===== 24 [Wed Mar  7 01:54:10 CET 2018] scale:1000 groups:10 work_mem:16MB incremental:off max_workers:0 =====
SELECT * FROM (SELECT * FROM s_4 ORDER BY a, b, c, d) foo ORDER BY a, b, c, d, e
                                                      QUERY PLAN                                                       
-----------------------------------------------------------------------------------------------------------------------
 Limit  (cost=141.66..141.66 rows=1 width=20) (actual time=0.571..0.571 rows=0 loops=1)
   ->  Sort  (cost=129.16..131.66 rows=1000 width=20) (actual time=0.517..0.548 rows=1000 loops=1)
         Sort Key: s_4.a, s_4.b, s_4.c, s_4.d, s_4.e
         Sort Method: quicksort  Memory: 103kB
         ->  Sort  (cost=66.83..69.33 rows=1000 width=20) (actual time=0.214..0.255 rows=1000 loops=1)
               Sort Key: s_4.a, s_4.b, s_4.c, s_4.d
               Sort Method: quicksort  Memory: 103kB
               ->  Seq Scan on s_4  (cost=0.00..17.00 rows=1000 width=20) (actual time=0.007..0.062 rows=1000 loops=1)
 Planning time: 0.212 ms
 Execution time: 0.592 ms
(10 rows)

===== 25 [Wed Mar  7 01:54:10 CET 2018] scale:1000 groups:10 work_mem:32MB incremental:on max_workers:0 =====
SELECT * FROM (SELECT * FROM s_1 ORDER BY a) foo ORDER BY a, b
                                                      QUERY PLAN                                                       
-----------------------------------------------------------------------------------------------------------------------
 Limit  (cost=139.58..139.58 rows=1 width=20) (actual time=0.480..0.480 rows=0 loops=1)
   ->  Incremental Sort  (cost=70.92..129.58 rows=1000 width=20) (actual time=0.231..0.454 rows=1000 loops=1)
         Sort Key: s_1.a, s_1.b
         Presorted Key: s_1.a
         Sort Method: quicksort  Memory: 34kB
         Sort Groups: 11
         ->  Sort  (cost=66.83..69.33 rows=1000 width=20) (actual time=0.177..0.213 rows=1000 loops=1)
               Sort Key: s_1.a
               Sort Method: quicksort  Memory: 103kB
               ->  Seq Scan on s_1  (cost=0.00..17.00 rows=1000 width=20) (actual time=0.004..0.062 rows=1000 loops=1)
 Planning time: 0.208 ms
 Execution time: 0.502 ms
(12 rows)

===== 26 [Wed Mar  7 01:54:10 CET 2018] scale:1000 groups:10 work_mem:32MB incremental:on max_workers:0 =====
SELECT * FROM (SELECT * FROM s_2 ORDER BY a, b) foo ORDER BY a, b, c
                                                      QUERY PLAN                                                       
-----------------------------------------------------------------------------------------------------------------------
 Limit  (cost=125.44..125.44 rows=1 width=20) (actual time=0.531..0.531 rows=0 loops=1)
   ->  Incremental Sort  (cost=67.12..115.44 rows=1000 width=20) (actual time=0.237..0.501 rows=1000 loops=1)
         Sort Key: s_2.a, s_2.b, s_2.c
         Presorted Key: s_2.a, s_2.b
         Sort Method: quicksort  Memory: 28kB
         Sort Groups: 27
         ->  Sort  (cost=66.83..69.33 rows=1000 width=20) (actual time=0.192..0.230 rows=1000 loops=1)
               Sort Key: s_2.a, s_2.b
               Sort Method: quicksort  Memory: 103kB
               ->  Seq Scan on s_2  (cost=0.00..17.00 rows=1000 width=20) (actual time=0.007..0.063 rows=1000 loops=1)
 Planning time: 0.210 ms
 Execution time: 0.551 ms
(12 rows)

===== 27 [Wed Mar  7 01:54:10 CET 2018] scale:1000 groups:10 work_mem:32MB incremental:on max_workers:0 =====
SELECT * FROM (SELECT * FROM s_3 ORDER BY a, b, c) foo ORDER BY a, b, c, d
                                                      QUERY PLAN                                                       
-----------------------------------------------------------------------------------------------------------------------
 Limit  (cost=125.44..125.44 rows=1 width=20) (actual time=0.538..0.538 rows=0 loops=1)
   ->  Incremental Sort  (cost=67.12..115.44 rows=1000 width=20) (actual time=0.245..0.512 rows=1000 loops=1)
         Sort Key: s_3.a, s_3.b, s_3.c, s_3.d
         Presorted Key: s_3.a, s_3.b, s_3.c
         Sort Method: quicksort  Memory: 27kB
         Sort Groups: 31
         ->  Sort  (cost=66.83..69.33 rows=1000 width=20) (actual time=0.200..0.240 rows=1000 loops=1)
               Sort Key: s_3.a, s_3.b, s_3.c
               Sort Method: quicksort  Memory: 103kB
               ->  Seq Scan on s_3  (cost=0.00..17.00 rows=1000 width=20) (actual time=0.007..0.062 rows=1000 loops=1)
 Planning time: 0.215 ms
 Execution time: 0.560 ms
(12 rows)

===== 28 [Wed Mar  7 01:54:10 CET 2018] scale:1000 groups:10 work_mem:32MB incremental:on max_workers:0 =====
SELECT * FROM (SELECT * FROM s_4 ORDER BY a, b, c, d) foo ORDER BY a, b, c, d, e
                                                      QUERY PLAN                                                       
-----------------------------------------------------------------------------------------------------------------------
 Limit  (cost=125.44..125.44 rows=1 width=20) (actual time=0.498..0.498 rows=0 loops=1)
   ->  Incremental Sort  (cost=67.12..115.44 rows=1000 width=20) (actual time=0.245..0.474 rows=1000 loops=1)
         Sort Key: s_4.a, s_4.b, s_4.c, s_4.d, s_4.e
         Presorted Key: s_4.a, s_4.b, s_4.c, s_4.d
         Sort Method: quicksort  Memory: 27kB
         Sort Groups: 32
         ->  Sort  (cost=66.83..69.33 rows=1000 width=20) (actual time=0.204..0.244 rows=1000 loops=1)
               Sort Key: s_4.a, s_4.b, s_4.c, s_4.d
               Sort Method: quicksort  Memory: 103kB
               ->  Seq Scan on s_4  (cost=0.00..17.00 rows=1000 width=20) (actual time=0.006..0.062 rows=1000 loops=1)
 Planning time: 0.218 ms
 Execution time: 0.518 ms
(12 rows)

===== 29 [Wed Mar  7 01:54:10 CET 2018] scale:1000 groups:10 work_mem:32MB incremental:off max_workers:0 =====
SELECT * FROM (SELECT * FROM s_1 ORDER BY a) foo ORDER BY a, b
                                                      QUERY PLAN                                                       
-----------------------------------------------------------------------------------------------------------------------
 Limit  (cost=141.66..141.66 rows=1 width=20) (actual time=0.484..0.484 rows=0 loops=1)
   ->  Sort  (cost=129.16..131.66 rows=1000 width=20) (actual time=0.429..0.461 rows=1000 loops=1)
         Sort Key: s_1.a, s_1.b
         Sort Method: quicksort  Memory: 103kB
         ->  Sort  (cost=66.83..69.33 rows=1000 width=20) (actual time=0.179..0.214 rows=1000 loops=1)
               Sort Key: s_1.a
               Sort Method: quicksort  Memory: 103kB
               ->  Seq Scan on s_1  (cost=0.00..17.00 rows=1000 width=20) (actual time=0.004..0.063 rows=1000 loops=1)
 Planning time: 0.207 ms
 Execution time: 0.505 ms
(10 rows)

===== 30 [Wed Mar  7 01:54:10 CET 2018] scale:1000 groups:10 work_mem:32MB incremental:off max_workers:0 =====
SELECT * FROM (SELECT * FROM s_2 ORDER BY a, b) foo ORDER BY a, b, c
                                                      QUERY PLAN                                                       
-----------------------------------------------------------------------------------------------------------------------
 Limit  (cost=141.66..141.66 rows=1 width=20) (actual time=0.567..0.567 rows=0 loops=1)
   ->  Sort  (cost=129.16..131.66 rows=1000 width=20) (actual time=0.512..0.544 rows=1000 loops=1)
         Sort Key: s_2.a, s_2.b, s_2.c
         Sort Method: quicksort  Memory: 103kB
         ->  Sort  (cost=66.83..69.33 rows=1000 width=20) (actual time=0.193..0.228 rows=1000 loops=1)
               Sort Key: s_2.a, s_2.b
               Sort Method: quicksort  Memory: 103kB
               ->  Seq Scan on s_2  (cost=0.00..17.00 rows=1000 width=20) (actual time=0.007..0.065 rows=1000 loops=1)
 Planning time: 0.202 ms
 Execution time: 0.588 ms
(10 rows)

===== 31 [Wed Mar  7 01:54:10 CET 2018] scale:1000 groups:10 work_mem:32MB incremental:off max_workers:0 =====
SELECT * FROM (SELECT * FROM s_3 ORDER BY a, b, c) foo ORDER BY a, b, c, d
                                                      QUERY PLAN                                                       
-----------------------------------------------------------------------------------------------------------------------
 Limit  (cost=141.66..141.66 rows=1 width=20) (actual time=0.577..0.577 rows=0 loops=1)
   ->  Sort  (cost=129.16..131.66 rows=1000 width=20) (actual time=0.522..0.554 rows=1000 loops=1)
         Sort Key: s_3.a, s_3.b, s_3.c, s_3.d
         Sort Method: quicksort  Memory: 103kB
         ->  Sort  (cost=66.83..69.33 rows=1000 width=20) (actual time=0.203..0.239 rows=1000 loops=1)
               Sort Key: s_3.a, s_3.b, s_3.c
               Sort Method: quicksort  Memory: 103kB
               ->  Seq Scan on s_3  (cost=0.00..17.00 rows=1000 width=20) (actual time=0.007..0.063 rows=1000 loops=1)
 Planning time: 0.206 ms
 Execution time: 0.598 ms
(10 rows)

===== 32 [Wed Mar  7 01:54:10 CET 2018] scale:1000 groups:10 work_mem:32MB incremental:off max_workers:0 =====
SELECT * FROM (SELECT * FROM s_4 ORDER BY a, b, c, d) foo ORDER BY a, b, c, d, e
                                                      QUERY PLAN                                                       
-----------------------------------------------------------------------------------------------------------------------
 Limit  (cost=141.66..141.66 rows=1 width=20) (actual time=0.560..0.560 rows=0 loops=1)
   ->  Sort  (cost=129.16..131.66 rows=1000 width=20) (actual time=0.506..0.537 rows=1000 loops=1)
         Sort Key: s_4.a, s_4.b, s_4.c, s_4.d, s_4.e
         Sort Method: quicksort  Memory: 103kB
         ->  Sort  (cost=66.83..69.33 rows=1000 width=20) (actual time=0.203..0.239 rows=1000 loops=1)
               Sort Key: s_4.a, s_4.b, s_4.c, s_4.d
               Sort Method: quicksort  Memory: 103kB
               ->  Seq Scan on s_4  (cost=0.00..17.00 rows=1000 width=20) (actual time=0.007..0.063 rows=1000 loops=1)
 Planning time: 0.212 ms
 Execution time: 0.581 ms
(10 rows)

===== 33 [Wed Mar  7 01:54:11 CET 2018] scale:1000 groups:10 work_mem:64MB incremental:on max_workers:0 =====
SELECT * FROM (SELECT * FROM s_1 ORDER BY a) foo ORDER BY a, b
                                                      QUERY PLAN                                                       
-----------------------------------------------------------------------------------------------------------------------
 Limit  (cost=139.58..139.58 rows=1 width=20) (actual time=0.475..0.475 rows=0 loops=1)
   ->  Incremental Sort  (cost=70.92..129.58 rows=1000 width=20) (actual time=0.231..0.452 rows=1000 loops=1)
         Sort Key: s_1.a, s_1.b
         Presorted Key: s_1.a
         Sort Method: quicksort  Memory: 34kB
         Sort Groups: 11
         ->  Sort  (cost=66.83..69.33 rows=1000 width=20) (actual time=0.179..0.216 rows=1000 loops=1)
               Sort Key: s_1.a
               Sort Method: quicksort  Memory: 103kB
               ->  Seq Scan on s_1  (cost=0.00..17.00 rows=1000 width=20) (actual time=0.004..0.062 rows=1000 loops=1)
 Planning time: 0.212 ms
 Execution time: 0.496 ms
(12 rows)

===== 34 [Wed Mar  7 01:54:11 CET 2018] scale:1000 groups:10 work_mem:64MB incremental:on max_workers:0 =====
SELECT * FROM (SELECT * FROM s_2 ORDER BY a, b) foo ORDER BY a, b, c
                                                      QUERY PLAN                                                       
-----------------------------------------------------------------------------------------------------------------------
 Limit  (cost=125.44..125.44 rows=1 width=20) (actual time=0.515..0.515 rows=0 loops=1)
   ->  Incremental Sort  (cost=67.12..115.44 rows=1000 width=20) (actual time=0.236..0.492 rows=1000 loops=1)
         Sort Key: s_2.a, s_2.b, s_2.c
         Presorted Key: s_2.a, s_2.b
         Sort Method: quicksort  Memory: 28kB
         Sort Groups: 27
         ->  Sort  (cost=66.83..69.33 rows=1000 width=20) (actual time=0.191..0.230 rows=1000 loops=1)
               Sort Key: s_2.a, s_2.b
               Sort Method: quicksort  Memory: 103kB
               ->  Seq Scan on s_2  (cost=0.00..17.00 rows=1000 width=20) (actual time=0.007..0.063 rows=1000 loops=1)
 Planning time: 0.209 ms
 Execution time: 0.537 ms
(12 rows)

===== 35 [Wed Mar  7 01:54:11 CET 2018] scale:1000 groups:10 work_mem:64MB incremental:on max_workers:0 =====
SELECT * FROM (SELECT * FROM s_3 ORDER BY a, b, c) foo ORDER BY a, b, c, d
                                                      QUERY PLAN                                                       
-----------------------------------------------------------------------------------------------------------------------
 Limit  (cost=125.44..125.44 rows=1 width=20) (actual time=0.536..0.536 rows=0 loops=1)
   ->  Incremental Sort  (cost=67.12..115.44 rows=1000 width=20) (actual time=0.248..0.513 rows=1000 loops=1)
         Sort Key: s_3.a, s_3.b, s_3.c, s_3.d
         Presorted Key: s_3.a, s_3.b, s_3.c
         Sort Method: quicksort  Memory: 27kB
         Sort Groups: 31
         ->  Sort  (cost=66.83..69.33 rows=1000 width=20) (actual time=0.200..0.239 rows=1000 loops=1)
               Sort Key: s_3.a, s_3.b, s_3.c
               Sort Method: quicksort  Memory: 103kB
               ->  Seq Scan on s_3  (cost=0.00..17.00 rows=1000 width=20) (actual time=0.007..0.062 rows=1000 loops=1)
 Planning time: 0.209 ms
 Execution time: 0.557 ms
(12 rows)

===== 36 [Wed Mar  7 01:54:11 CET 2018] scale:1000 groups:10 work_mem:64MB incremental:on max_workers:0 =====
SELECT * FROM (SELECT * FROM s_4 ORDER BY a, b, c, d) foo ORDER BY a, b, c, d, e
                                                      QUERY PLAN                                                       
-----------------------------------------------------------------------------------------------------------------------
 Limit  (cost=125.44..125.44 rows=1 width=20) (actual time=0.475..0.475 rows=0 loops=1)
   ->  Incremental Sort  (cost=67.12..115.44 rows=1000 width=20) (actual time=0.247..0.453 rows=1000 loops=1)
         Sort Key: s_4.a, s_4.b, s_4.c, s_4.d, s_4.e
         Presorted Key: s_4.a, s_4.b, s_4.c, s_4.d
         Sort Method: quicksort  Memory: 27kB
         Sort Groups: 32
         ->  Sort  (cost=66.83..69.33 rows=1000 width=20) (actual time=0.204..0.244 rows=1000 loops=1)
               Sort Key: s_4.a, s_4.b, s_4.c, s_4.d
               Sort Method: quicksort  Memory: 103kB
               ->  Seq Scan on s_4  (cost=0.00..17.00 rows=1000 width=20) (actual time=0.007..0.062 rows=1000 loops=1)
 Planning time: 0.218 ms
 Execution time: 0.497 ms
(12 rows)

===== 37 [Wed Mar  7 01:54:11 CET 2018] scale:1000 groups:10 work_mem:64MB incremental:off max_workers:0 =====
SELECT * FROM (SELECT * FROM s_1 ORDER BY a) foo ORDER BY a, b
                                                      QUERY PLAN                                                       
-----------------------------------------------------------------------------------------------------------------------
 Limit  (cost=141.66..141.66 rows=1 width=20) (actual time=0.498..0.498 rows=0 loops=1)
   ->  Sort  (cost=129.16..131.66 rows=1000 width=20) (actual time=0.443..0.475 rows=1000 loops=1)
         Sort Key: s_1.a, s_1.b
         Sort Method: quicksort  Memory: 103kB
         ->  Sort  (cost=66.83..69.33 rows=1000 width=20) (actual time=0.191..0.226 rows=1000 loops=1)
               Sort Key: s_1.a
               Sort Method: quicksort  Memory: 103kB
               ->  Seq Scan on s_1  (cost=0.00..17.00 rows=1000 width=20) (actual time=0.004..0.063 rows=1000 loops=1)
 Planning time: 0.204 ms
 Execution time: 0.519 ms
(10 rows)

===== 38 [Wed Mar  7 01:54:11 CET 2018] scale:1000 groups:10 work_mem:64MB incremental:off max_workers:0 =====
SELECT * FROM (SELECT * FROM s_2 ORDER BY a, b) foo ORDER BY a, b, c
                                                      QUERY PLAN                                                       
-----------------------------------------------------------------------------------------------------------------------
 Limit  (cost=141.66..141.66 rows=1 width=20) (actual time=0.569..0.569 rows=0 loops=1)
   ->  Sort  (cost=129.16..131.66 rows=1000 width=20) (actual time=0.514..0.547 rows=1000 loops=1)
         Sort Key: s_2.a, s_2.b, s_2.c
         Sort Method: quicksort  Memory: 103kB
         ->  Sort  (cost=66.83..69.33 rows=1000 width=20) (actual time=0.194..0.230 rows=1000 loops=1)
               Sort Key: s_2.a, s_2.b
               Sort Method: quicksort  Memory: 103kB
               ->  Seq Scan on s_2  (cost=0.00..17.00 rows=1000 width=20) (actual time=0.006..0.065 rows=1000 loops=1)
 Planning time: 0.201 ms
 Execution time: 0.590 ms
(10 rows)

===== 39 [Wed Mar  7 01:54:11 CET 2018] scale:1000 groups:10 work_mem:64MB incremental:off max_workers:0 =====
SELECT * FROM (SELECT * FROM s_3 ORDER BY a, b, c) foo ORDER BY a, b, c, d
                                                      QUERY PLAN                                                       
-----------------------------------------------------------------------------------------------------------------------
 Limit  (cost=141.66..141.66 rows=1 width=20) (actual time=0.577..0.577 rows=0 loops=1)
   ->  Sort  (cost=129.16..131.66 rows=1000 width=20) (actual time=0.522..0.554 rows=1000 loops=1)
         Sort Key: s_3.a, s_3.b, s_3.c, s_3.d
         Sort Method: quicksort  Memory: 103kB
         ->  Sort  (cost=66.83..69.33 rows=1000 width=20) (actual time=0.203..0.239 rows=1000 loops=1)
               Sort Key: s_3.a, s_3.b, s_3.c
               Sort Method: quicksort  Memory: 103kB
               ->  Seq Scan on s_3  (cost=0.00..17.00 rows=1000 width=20) (actual time=0.007..0.063 rows=1000 loops=1)
 Planning time: 0.209 ms
 Execution time: 0.597 ms
(10 rows)

===== 40 [Wed Mar  7 01:54:11 CET 2018] scale:1000 groups:10 work_mem:64MB incremental:off max_workers:0 =====
SELECT * FROM (SELECT * FROM s_4 ORDER BY a, b, c, d) foo ORDER BY a, b, c, d, e
                                                      QUERY PLAN                                                       
-----------------------------------------------------------------------------------------------------------------------
 Limit  (cost=141.66..141.66 rows=1 width=20) (actual time=0.560..0.560 rows=0 loops=1)
   ->  Sort  (cost=129.16..131.66 rows=1000 width=20) (actual time=0.506..0.537 rows=1000 loops=1)
         Sort Key: s_4.a, s_4.b, s_4.c, s_4.d, s_4.e
         Sort Method: quicksort  Memory: 103kB
         ->  Sort  (cost=66.83..69.33 rows=1000 width=20) (actual time=0.209..0.245 rows=1000 loops=1)
               Sort Key: s_4.a, s_4.b, s_4.c, s_4.d
               Sort Method: quicksort  Memory: 103kB
               ->  Seq Scan on s_4  (cost=0.00..17.00 rows=1000 width=20) (actual time=0.007..0.063 rows=1000 loops=1)
 Planning time: 0.212 ms
 Execution time: 0.581 ms
(10 rows)

===== 41 [Wed Mar  7 01:54:11 CET 2018] scale:1000 groups:10 work_mem:128MB incremental:on max_workers:0 =====
SELECT * FROM (SELECT * FROM s_1 ORDER BY a) foo ORDER BY a, b
                                                      QUERY PLAN                                                       
-----------------------------------------------------------------------------------------------------------------------
 Limit  (cost=139.58..139.58 rows=1 width=20) (actual time=0.479..0.479 rows=0 loops=1)
   ->  Incremental Sort  (cost=70.92..129.58 rows=1000 width=20) (actual time=0.228..0.453 rows=1000 loops=1)
         Sort Key: s_1.a, s_1.b
         Presorted Key: s_1.a
         Sort Method: quicksort  Memory: 34kB
         Sort Groups: 11
         ->  Sort  (cost=66.83..69.33 rows=1000 width=20) (actual time=0.179..0.215 rows=1000 loops=1)
               Sort Key: s_1.a
               Sort Method: quicksort  Memory: 103kB
               ->  Seq Scan on s_1  (cost=0.00..17.00 rows=1000 width=20) (actual time=0.004..0.062 rows=1000 loops=1)
 Planning time: 0.207 ms
 Execution time: 0.500 ms
(12 rows)

===== 42 [Wed Mar  7 01:54:11 CET 2018] scale:1000 groups:10 work_mem:128MB incremental:on max_workers:0 =====
SELECT * FROM (SELECT * FROM s_2 ORDER BY a, b) foo ORDER BY a, b, c
                                                      QUERY PLAN                                                       
-----------------------------------------------------------------------------------------------------------------------
 Limit  (cost=125.44..125.44 rows=1 width=20) (actual time=0.534..0.534 rows=0 loops=1)
   ->  Incremental Sort  (cost=67.12..115.44 rows=1000 width=20) (actual time=0.245..0.508 rows=1000 loops=1)
         Sort Key: s_2.a, s_2.b, s_2.c
         Presorted Key: s_2.a, s_2.b
         Sort Method: quicksort  Memory: 28kB
         Sort Groups: 27
         ->  Sort  (cost=66.83..69.33 rows=1000 width=20) (actual time=0.200..0.238 rows=1000 loops=1)
               Sort Key: s_2.a, s_2.b
               Sort Method: quicksort  Memory: 103kB
               ->  Seq Scan on s_2  (cost=0.00..17.00 rows=1000 width=20) (actual time=0.006..0.062 rows=1000 loops=1)
 Planning time: 0.209 ms
 Execution time: 0.555 ms
(12 rows)

===== 43 [Wed Mar  7 01:54:11 CET 2018] scale:1000 groups:10 work_mem:128MB incremental:on max_workers:0 =====
SELECT * FROM (SELECT * FROM s_3 ORDER BY a, b, c) foo ORDER BY a, b, c, d
                                                      QUERY PLAN                                                       
-----------------------------------------------------------------------------------------------------------------------
 Limit  (cost=125.44..125.44 rows=1 width=20) (actual time=0.545..0.545 rows=0 loops=1)
   ->  Incremental Sort  (cost=67.12..115.44 rows=1000 width=20) (actual time=0.247..0.519 rows=1000 loops=1)
         Sort Key: s_3.a, s_3.b, s_3.c, s_3.d
         Presorted Key: s_3.a, s_3.b, s_3.c
         Sort Method: quicksort  Memory: 27kB
         Sort Groups: 31
         ->  Sort  (cost=66.83..69.33 rows=1000 width=20) (actual time=0.202..0.242 rows=1000 loops=1)
               Sort Key: s_3.a, s_3.b, s_3.c
               Sort Method: quicksort  Memory: 103kB
               ->  Seq Scan on s_3  (cost=0.00..17.00 rows=1000 width=20) (actual time=0.007..0.063 rows=1000 loops=1)
 Planning time: 0.214 ms
 Execution time: 0.566 ms
(12 rows)

===== 44 [Wed Mar  7 01:54:11 CET 2018] scale:1000 groups:10 work_mem:128MB incremental:on max_workers:0 =====
SELECT * FROM (SELECT * FROM s_4 ORDER BY a, b, c, d) foo ORDER BY a, b, c, d, e
                                                      QUERY PLAN                                                       
-----------------------------------------------------------------------------------------------------------------------
 Limit  (cost=125.44..125.44 rows=1 width=20) (actual time=0.501..0.501 rows=0 loops=1)
   ->  Incremental Sort  (cost=67.12..115.44 rows=1000 width=20) (actual time=0.253..0.478 rows=1000 loops=1)
         Sort Key: s_4.a, s_4.b, s_4.c, s_4.d, s_4.e
         Presorted Key: s_4.a, s_4.b, s_4.c, s_4.d
         Sort Method: quicksort  Memory: 27kB
         Sort Groups: 32
         ->  Sort  (cost=66.83..69.33 rows=1000 width=20) (actual time=0.205..0.245 rows=1000 loops=1)
               Sort Key: s_4.a, s_4.b, s_4.c, s_4.d
               Sort Method: quicksort  Memory: 103kB
               ->  Seq Scan on s_4  (cost=0.00..17.00 rows=1000 width=20) (actual time=0.006..0.062 rows=1000 loops=1)
 Planning time: 0.218 ms
 Execution time: 0.522 ms
(12 rows)

===== 45 [Wed Mar  7 01:54:11 CET 2018] scale:1000 groups:10 work_mem:128MB incremental:off max_workers:0 =====
SELECT * FROM (SELECT * FROM s_1 ORDER BY a) foo ORDER BY a, b
                                                      QUERY PLAN                                                       
-----------------------------------------------------------------------------------------------------------------------
 Limit  (cost=141.66..141.66 rows=1 width=20) (actual time=0.488..0.488 rows=0 loops=1)
   ->  Sort  (cost=129.16..131.66 rows=1000 width=20) (actual time=0.434..0.466 rows=1000 loops=1)
         Sort Key: s_1.a, s_1.b
         Sort Method: quicksort  Memory: 103kB
         ->  Sort  (cost=66.83..69.33 rows=1000 width=20) (actual time=0.181..0.217 rows=1000 loops=1)
               Sort Key: s_1.a
               Sort Method: quicksort  Memory: 103kB
               ->  Seq Scan on s_1  (cost=0.00..17.00 rows=1000 width=20) (actual time=0.004..0.063 rows=1000 loops=1)
 Planning time: 0.206 ms
 Execution time: 0.510 ms
(10 rows)

===== 46 [Wed Mar  7 01:54:11 CET 2018] scale:1000 groups:10 work_mem:128MB incremental:off max_workers:0 =====
SELECT * FROM (SELECT * FROM s_2 ORDER BY a, b) foo ORDER BY a, b, c
                                                      QUERY PLAN                                                       
-----------------------------------------------------------------------------------------------------------------------
 Limit  (cost=141.66..141.66 rows=1 width=20) (actual time=0.573..0.573 rows=0 loops=1)
   ->  Sort  (cost=129.16..131.66 rows=1000 width=20) (actual time=0.518..0.550 rows=1000 loops=1)
         Sort Key: s_2.a, s_2.b, s_2.c
         Sort Method: quicksort  Memory: 103kB
         ->  Sort  (cost=66.83..69.33 rows=1000 width=20) (actual time=0.194..0.230 rows=1000 loops=1)
               Sort Key: s_2.a, s_2.b
               Sort Method: quicksort  Memory: 103kB
               ->  Seq Scan on s_2  (cost=0.00..17.00 rows=1000 width=20) (actual time=0.007..0.065 rows=1000 loops=1)
 Planning time: 0.201 ms
 Execution time: 0.594 ms
(10 rows)

===== 47 [Wed Mar  7 01:54:12 CET 2018] scale:1000 groups:10 work_mem:128MB incremental:off max_workers:0 =====
SELECT * FROM (SELECT * FROM s_3 ORDER BY a, b, c) foo ORDER BY a, b, c, d
                                                      QUERY PLAN                                                       
-----------------------------------------------------------------------------------------------------------------------
 Limit  (cost=141.66..141.66 rows=1 width=20) (actual time=0.582..0.582 rows=0 loops=1)
   ->  Sort  (cost=129.16..131.66 rows=1000 width=20) (actual time=0.528..0.560 rows=1000 loops=1)
         Sort Key: s_3.a, s_3.b, s_3.c, s_3.d
         Sort Method: quicksort  Memory: 103kB
         ->  Sort  (cost=66.83..69.33 rows=1000 width=20) (actual time=0.209..0.245 rows=1000 loops=1)
               Sort Key: s_3.a, s_3.b, s_3.c
               Sort Method: quicksort  Memory: 103kB
               ->  Seq Scan on s_3  (cost=0.00..17.00 rows=1000 width=20) (actual time=0.007..0.063 rows=1000 loops=1)
 Planning time: 0.207 ms
 Execution time: 0.603 ms
(10 rows)

===== 48 [Wed Mar  7 01:54:12 CET 2018] scale:1000 groups:10 work_mem:128MB incremental:off max_workers:0 =====
SELECT * FROM (SELECT * FROM s_4 ORDER BY a, b, c, d) foo ORDER BY a, b, c, d, e
                                                      QUERY PLAN                                                       
-----------------------------------------------------------------------------------------------------------------------
 Limit  (cost=141.66..141.66 rows=1 width=20) (actual time=0.554..0.554 rows=0 loops=1)
   ->  Sort  (cost=129.16..131.66 rows=1000 width=20) (actual time=0.500..0.532 rows=1000 loops=1)
         Sort Key: s_4.a, s_4.b, s_4.c, s_4.d, s_4.e
         Sort Method: quicksort  Memory: 103kB
         ->  Sort  (cost=66.83..69.33 rows=1000 width=20) (actual time=0.204..0.240 rows=1000 loops=1)
               Sort Key: s_4.a, s_4.b, s_4.c, s_4.d
               Sort Method: quicksort  Memory: 103kB
               ->  Seq Scan on s_4  (cost=0.00..17.00 rows=1000 width=20) (actual time=0.007..0.062 rows=1000 loops=1)
 Planning time: 0.213 ms
 Execution time: 0.575 ms
(10 rows)

===== 49 [Wed Mar  7 01:54:12 CET 2018] scale:1000 groups:10 work_mem:256MB incremental:on max_workers:0 =====
SELECT * FROM (SELECT * FROM s_1 ORDER BY a) foo ORDER BY a, b
                                                      QUERY PLAN                                                       
-----------------------------------------------------------------------------------------------------------------------
 Limit  (cost=139.58..139.58 rows=1 width=20) (actual time=0.485..0.485 rows=0 loops=1)
   ->  Incremental Sort  (cost=70.92..129.58 rows=1000 width=20) (actual time=0.230..0.455 rows=1000 loops=1)
         Sort Key: s_1.a, s_1.b
         Presorted Key: s_1.a
         Sort Method: quicksort  Memory: 34kB
         Sort Groups: 11
         ->  Sort  (cost=66.83..69.33 rows=1000 width=20) (actual time=0.181..0.217 rows=1000 loops=1)
               Sort Key: s_1.a
               Sort Method: quicksort  Memory: 103kB
               ->  Seq Scan on s_1  (cost=0.00..17.00 rows=1000 width=20) (actual time=0.004..0.062 rows=1000 loops=1)
 Planning time: 0.210 ms
 Execution time: 0.506 ms
(12 rows)

===== 50 [Wed Mar  7 01:54:12 CET 2018] scale:1000 groups:10 work_mem:256MB incremental:on max_workers:0 =====
SELECT * FROM (SELECT * FROM s_2 ORDER BY a, b) foo ORDER BY a, b, c
                                                      QUERY PLAN                                                       
-----------------------------------------------------------------------------------------------------------------------
 Limit  (cost=125.44..125.44 rows=1 width=20) (actual time=0.525..0.525 rows=0 loops=1)
   ->  Incremental Sort  (cost=67.12..115.44 rows=1000 width=20) (actual time=0.237..0.499 rows=1000 loops=1)
         Sort Key: s_2.a, s_2.b, s_2.c
         Presorted Key: s_2.a, s_2.b
         Sort Method: quicksort  Memory: 28kB
         Sort Groups: 27
         ->  Sort  (cost=66.83..69.33 rows=1000 width=20) (actual time=0.192..0.231 rows=1000 loops=1)
               Sort Key: s_2.a, s_2.b
               Sort Method: quicksort  Memory: 103kB
               ->  Seq Scan on s_2  (cost=0.00..17.00 rows=1000 width=20) (actual time=0.006..0.063 rows=1000 loops=1)
 Planning time: 0.216 ms
 Execution time: 0.546 ms
(12 rows)

===== 51 [Wed Mar  7 01:54:12 CET 2018] scale:1000 groups:10 work_mem:256MB incremental:on max_workers:0 =====
SELECT * FROM (SELECT * FROM s_3 ORDER BY a, b, c) foo ORDER BY a, b, c, d
                                                      QUERY PLAN                                                       
-----------------------------------------------------------------------------------------------------------------------
 Limit  (cost=125.44..125.44 rows=1 width=20) (actual time=0.547..0.547 rows=0 loops=1)
   ->  Incremental Sort  (cost=67.12..115.44 rows=1000 width=20) (actual time=0.255..0.521 rows=1000 loops=1)
         Sort Key: s_3.a, s_3.b, s_3.c, s_3.d
         Presorted Key: s_3.a, s_3.b, s_3.c
         Sort Method: quicksort  Memory: 27kB
         Sort Groups: 31
         ->  Sort  (cost=66.83..69.33 rows=1000 width=20) (actual time=0.211..0.251 rows=1000 loops=1)
               Sort Key: s_3.a, s_3.b, s_3.c
               Sort Method: quicksort  Memory: 103kB
               ->  Seq Scan on s_3  (cost=0.00..17.00 rows=1000 width=20) (actual time=0.007..0.063 rows=1000 loops=1)
 Planning time: 0.215 ms
 Execution time: 0.568 ms
(12 rows)

===== 52 [Wed Mar  7 01:54:12 CET 2018] scale:1000 groups:10 work_mem:256MB incremental:on max_workers:0 =====
SELECT * FROM (SELECT * FROM s_4 ORDER BY a, b, c, d) foo ORDER BY a, b, c, d, e
                                                      QUERY PLAN                                                       
-----------------------------------------------------------------------------------------------------------------------
 Limit  (cost=125.44..125.44 rows=1 width=20) (actual time=0.498..0.498 rows=0 loops=1)
   ->  Incremental Sort  (cost=67.12..115.44 rows=1000 width=20) (actual time=0.251..0.475 rows=1000 loops=1)
         Sort Key: s_4.a, s_4.b, s_4.c, s_4.d, s_4.e
         Presorted Key: s_4.a, s_4.b, s_4.c, s_4.d
         Sort Method: quicksort  Memory: 27kB
         Sort Groups: 32
         ->  Sort  (cost=66.83..69.33 rows=1000 width=20) (actual time=0.205..0.246 rows=1000 loops=1)
               Sort Key: s_4.a, s_4.b, s_4.c, s_4.d
               Sort Method: quicksort  Memory: 103kB
               ->  Seq Scan on s_4  (cost=0.00..17.00 rows=1000 width=20) (actual time=0.006..0.062 rows=1000 loops=1)
 Planning time: 0.219 ms
 Execution time: 0.519 ms
(12 rows)

===== 53 [Wed Mar  7 01:54:12 CET 2018] scale:1000 groups:10 work_mem:256MB incremental:off max_workers:0 =====
SELECT * FROM (SELECT * FROM s_1 ORDER BY a) foo ORDER BY a, b
                                                      QUERY PLAN                                                       
-----------------------------------------------------------------------------------------------------------------------
 Limit  (cost=141.66..141.66 rows=1 width=20) (actual time=0.490..0.490 rows=0 loops=1)
   ->  Sort  (cost=129.16..131.66 rows=1000 width=20) (actual time=0.436..0.468 rows=1000 loops=1)
         Sort Key: s_1.a, s_1.b
         Sort Method: quicksort  Memory: 103kB
         ->  Sort  (cost=66.83..69.33 rows=1000 width=20) (actual time=0.180..0.216 rows=1000 loops=1)
               Sort Key: s_1.a
               Sort Method: quicksort  Memory: 103kB
               ->  Seq Scan on s_1  (cost=0.00..17.00 rows=1000 width=20) (actual time=0.004..0.063 rows=1000 loops=1)
 Planning time: 0.205 ms
 Execution time: 0.511 ms
(10 rows)

===== 54 [Wed Mar  7 01:54:12 CET 2018] scale:1000 groups:10 work_mem:256MB incremental:off max_workers:0 =====
SELECT * FROM (SELECT * FROM s_2 ORDER BY a, b) foo ORDER BY a, b, c
                                                      QUERY PLAN                                                       
-----------------------------------------------------------------------------------------------------------------------
 Limit  (cost=141.66..141.66 rows=1 width=20) (actual time=0.566..0.566 rows=0 loops=1)
   ->  Sort  (cost=129.16..131.66 rows=1000 width=20) (actual time=0.512..0.544 rows=1000 loops=1)
         Sort Key: s_2.a, s_2.b, s_2.c
         Sort Method: quicksort  Memory: 103kB
         ->  Sort  (cost=66.83..69.33 rows=1000 width=20) (actual time=0.193..0.228 rows=1000 loops=1)
               Sort Key: s_2.a, s_2.b
               Sort Method: quicksort  Memory: 103kB
               ->  Seq Scan on s_2  (cost=0.00..17.00 rows=1000 width=20) (actual time=0.006..0.065 rows=1000 loops=1)
 Planning time: 0.200 ms
 Execution time: 0.587 ms
(10 rows)

===== 55 [Wed Mar  7 01:54:12 CET 2018] scale:1000 groups:10 work_mem:256MB incremental:off max_workers:0 =====
SELECT * FROM (SELECT * FROM s_3 ORDER BY a, b, c) foo ORDER BY a, b, c, d
                                                      QUERY PLAN                                                       
-----------------------------------------------------------------------------------------------------------------------
 Limit  (cost=141.66..141.66 rows=1 width=20) (actual time=0.580..0.580 rows=0 loops=1)
   ->  Sort  (cost=129.16..131.66 rows=1000 width=20) (actual time=0.525..0.557 rows=1000 loops=1)
         Sort Key: s_3.a, s_3.b, s_3.c, s_3.d
         Sort Method: quicksort  Memory: 103kB
         ->  Sort  (cost=66.83..69.33 rows=1000 width=20) (actual time=0.208..0.243 rows=1000 loops=1)
               Sort Key: s_3.a, s_3.b, s_3.c
               Sort Method: quicksort  Memory: 103kB
               ->  Seq Scan on s_3  (cost=0.00..17.00 rows=1000 width=20) (actual time=0.007..0.063 rows=1000 loops=1)
 Planning time: 0.208 ms
 Execution time: 0.600 ms
(10 rows)

===== 56 [Wed Mar  7 01:54:12 CET 2018] scale:1000 groups:10 work_mem:256MB incremental:off max_workers:0 =====
SELECT * FROM (SELECT * FROM s_4 ORDER BY a, b, c, d) foo ORDER BY a, b, c, d, e
                                                      QUERY PLAN                                                       
-----------------------------------------------------------------------------------------------------------------------
 Limit  (cost=141.66..141.66 rows=1 width=20) (actual time=0.561..0.561 rows=0 loops=1)
   ->  Sort  (cost=129.16..131.66 rows=1000 width=20) (actual time=0.507..0.539 rows=1000 loops=1)
         Sort Key: s_4.a, s_4.b, s_4.c, s_4.d, s_4.e
         Sort Method: quicksort  Memory: 103kB
         ->  Sort  (cost=66.83..69.33 rows=1000 width=20) (actual time=0.211..0.247 rows=1000 loops=1)
               Sort Key: s_4.a, s_4.b, s_4.c, s_4.d
               Sort Method: quicksort  Memory: 103kB
               ->  Seq Scan on s_4  (cost=0.00..17.00 rows=1000 width=20) (actual time=0.007..0.068 rows=1000 loops=1)
 Planning time: 0.211 ms
 Execution time: 0.583 ms
(10 rows)

===== 57 [Wed Mar  7 01:54:12 CET 2018] scale:1000 groups:10 work_mem:4MB incremental:on max_workers:2 =====
SELECT * FROM (SELECT * FROM s_1 ORDER BY a) foo ORDER BY a, b
                                                      QUERY PLAN                                                       
-----------------------------------------------------------------------------------------------------------------------
 Limit  (cost=139.58..139.58 rows=1 width=20) (actual time=0.480..0.480 rows=0 loops=1)
   ->  Incremental Sort  (cost=70.92..129.58 rows=1000 width=20) (actual time=0.228..0.453 rows=1000 loops=1)
         Sort Key: s_1.a, s_1.b
         Presorted Key: s_1.a
         Sort Method: quicksort  Memory: 34kB
         Sort Groups: 11
         ->  Sort  (cost=66.83..69.33 rows=1000 width=20) (actual time=0.180..0.216 rows=1000 loops=1)
               Sort Key: s_1.a
               Sort Method: quicksort  Memory: 103kB
               ->  Seq Scan on s_1  (cost=0.00..17.00 rows=1000 width=20) (actual time=0.004..0.063 rows=1000 loops=1)
 Planning time: 0.212 ms
 Execution time: 0.500 ms
(12 rows)

===== 58 [Wed Mar  7 01:54:12 CET 2018] scale:1000 groups:10 work_mem:4MB incremental:on max_workers:2 =====
SELECT * FROM (SELECT * FROM s_2 ORDER BY a, b) foo ORDER BY a, b, c
                                                      QUERY PLAN                                                       
-----------------------------------------------------------------------------------------------------------------------
 Limit  (cost=125.44..125.44 rows=1 width=20) (actual time=0.526..0.526 rows=0 loops=1)
   ->  Incremental Sort  (cost=67.12..115.44 rows=1000 width=20) (actual time=0.237..0.500 rows=1000 loops=1)
         Sort Key: s_2.a, s_2.b, s_2.c
         Presorted Key: s_2.a, s_2.b
         Sort Method: quicksort  Memory: 28kB
         Sort Groups: 27
         ->  Sort  (cost=66.83..69.33 rows=1000 width=20) (actual time=0.192..0.231 rows=1000 loops=1)
               Sort Key: s_2.a, s_2.b
               Sort Method: quicksort  Memory: 103kB
               ->  Seq Scan on s_2  (cost=0.00..17.00 rows=1000 width=20) (actual time=0.007..0.062 rows=1000 loops=1)
 Planning time: 0.211 ms
 Execution time: 0.547 ms
(12 rows)

===== 59 [Wed Mar  7 01:54:12 CET 2018] scale:1000 groups:10 work_mem:4MB incremental:on max_workers:2 =====
SELECT * FROM (SELECT * FROM s_3 ORDER BY a, b, c) foo ORDER BY a, b, c, d
                                                      QUERY PLAN                                                       
-----------------------------------------------------------------------------------------------------------------------
 Limit  (cost=125.44..125.44 rows=1 width=20) (actual time=0.538..0.538 rows=0 loops=1)
   ->  Incremental Sort  (cost=67.12..115.44 rows=1000 width=20) (actual time=0.247..0.512 rows=1000 loops=1)
         Sort Key: s_3.a, s_3.b, s_3.c, s_3.d
         Presorted Key: s_3.a, s_3.b, s_3.c
         Sort Method: quicksort  Memory: 27kB
         Sort Groups: 31
         ->  Sort  (cost=66.83..69.33 rows=1000 width=20) (actual time=0.204..0.243 rows=1000 loops=1)
               Sort Key: s_3.a, s_3.b, s_3.c
               Sort Method: quicksort  Memory: 103kB
               ->  Seq Scan on s_3  (cost=0.00..17.00 rows=1000 width=20) (actual time=0.007..0.063 rows=1000 loops=1)
 Planning time: 0.217 ms
 Execution time: 0.560 ms
(12 rows)

===== 60 [Wed Mar  7 01:54:12 CET 2018] scale:1000 groups:10 work_mem:4MB incremental:on max_workers:2 =====
SELECT * FROM (SELECT * FROM s_4 ORDER BY a, b, c, d) foo ORDER BY a, b, c, d, e
                                                      QUERY PLAN                                                       
-----------------------------------------------------------------------------------------------------------------------
 Limit  (cost=125.44..125.44 rows=1 width=20) (actual time=0.499..0.499 rows=0 loops=1)
   ->  Incremental Sort  (cost=67.12..115.44 rows=1000 width=20) (actual time=0.251..0.476 rows=1000 loops=1)
         Sort Key: s_4.a, s_4.b, s_4.c, s_4.d, s_4.e
         Presorted Key: s_4.a, s_4.b, s_4.c, s_4.d
         Sort Method: quicksort  Memory: 27kB
         Sort Groups: 32
         ->  Sort  (cost=66.83..69.33 rows=1000 width=20) (actual time=0.206..0.247 rows=1000 loops=1)
               Sort Key: s_4.a, s_4.b, s_4.c, s_4.d
               Sort Method: quicksort  Memory: 103kB
               ->  Seq Scan on s_4  (cost=0.00..17.00 rows=1000 width=20) (actual time=0.007..0.062 rows=1000 loops=1)
 Planning time: 0.226 ms
 Execution time: 0.520 ms
(12 rows)

===== 61 [Wed Mar  7 01:54:13 CET 2018] scale:1000 groups:10 work_mem:4MB incremental:off max_workers:2 =====
SELECT * FROM (SELECT * FROM s_1 ORDER BY a) foo ORDER BY a, b
                                                      QUERY PLAN                                                       
-----------------------------------------------------------------------------------------------------------------------
 Limit  (cost=141.66..141.66 rows=1 width=20) (actual time=0.493..0.493 rows=0 loops=1)
   ->  Sort  (cost=129.16..131.66 rows=1000 width=20) (actual time=0.438..0.470 rows=1000 loops=1)
         Sort Key: s_1.a, s_1.b
         Sort Method: quicksort  Memory: 103kB
         ->  Sort  (cost=66.83..69.33 rows=1000 width=20) (actual time=0.180..0.215 rows=1000 loops=1)
               Sort Key: s_1.a
               Sort Method: quicksort  Memory: 103kB
               ->  Seq Scan on s_1  (cost=0.00..17.00 rows=1000 width=20) (actual time=0.004..0.063 rows=1000 loops=1)
 Planning time: 0.204 ms
 Execution time: 0.516 ms
(10 rows)

===== 62 [Wed Mar  7 01:54:13 CET 2018] scale:1000 groups:10 work_mem:4MB incremental:off max_workers:2 =====
SELECT * FROM (SELECT * FROM s_2 ORDER BY a, b) foo ORDER BY a, b, c
                                                      QUERY PLAN                                                       
-----------------------------------------------------------------------------------------------------------------------
 Limit  (cost=141.66..141.66 rows=1 width=20) (actual time=0.568..0.568 rows=0 loops=1)
   ->  Sort  (cost=129.16..131.66 rows=1000 width=20) (actual time=0.514..0.546 rows=1000 loops=1)
         Sort Key: s_2.a, s_2.b, s_2.c
         Sort Method: quicksort  Memory: 103kB
         ->  Sort  (cost=66.83..69.33 rows=1000 width=20) (actual time=0.194..0.230 rows=1000 loops=1)
               Sort Key: s_2.a, s_2.b
               Sort Method: quicksort  Memory: 103kB
               ->  Seq Scan on s_2  (cost=0.00..17.00 rows=1000 width=20) (actual time=0.007..0.065 rows=1000 loops=1)
 Planning time: 0.212 ms
 Execution time: 0.590 ms
(10 rows)

===== 63 [Wed Mar  7 01:54:13 CET 2018] scale:1000 groups:10 work_mem:4MB incremental:off max_workers:2 =====
SELECT * FROM (SELECT * FROM s_3 ORDER BY a, b, c) foo ORDER BY a, b, c, d
                                                      QUERY PLAN                                                       
-----------------------------------------------------------------------------------------------------------------------
 Limit  (cost=141.66..141.66 rows=1 width=20) (actual time=0.584..0.584 rows=0 loops=1)
   ->  Sort  (cost=129.16..131.66 rows=1000 width=20) (actual time=0.530..0.561 rows=1000 loops=1)
         Sort Key: s_3.a, s_3.b, s_3.c, s_3.d
         Sort Method: quicksort  Memory: 103kB
         ->  Sort  (cost=66.83..69.33 rows=1000 width=20) (actual time=0.203..0.238 rows=1000 loops=1)
               Sort Key: s_3.a, s_3.b, s_3.c
               Sort Method: quicksort  Memory: 103kB
               ->  Seq Scan on s_3  (cost=0.00..17.00 rows=1000 width=20) (actual time=0.007..0.063 rows=1000 loops=1)
 Planning time: 0.212 ms
 Execution time: 0.605 ms
(10 rows)

===== 64 [Wed Mar  7 01:54:13 CET 2018] scale:1000 groups:10 work_mem:4MB incremental:off max_workers:2 =====
SELECT * FROM (SELECT * FROM s_4 ORDER BY a, b, c, d) foo ORDER BY a, b, c, d, e
                                                      QUERY PLAN                                                       
-----------------------------------------------------------------------------------------------------------------------
 Limit  (cost=141.66..141.66 rows=1 width=20) (actual time=0.559..0.559 rows=0 loops=1)
   ->  Sort  (cost=129.16..131.66 rows=1000 width=20) (actual time=0.505..0.536 rows=1000 loops=1)
         Sort Key: s_4.a, s_4.b, s_4.c, s_4.d, s_4.e
         Sort Method: quicksort  Memory: 103kB
         ->  Sort  (cost=66.83..69.33 rows=1000 width=20) (actual time=0.206..0.242 rows=1000 loops=1)
               Sort Key: s_4.a, s_4.b, s_4.c, s_4.d
               Sort Method: quicksort  Memory: 103kB
               ->  Seq Scan on s_4  (cost=0.00..17.00 rows=1000 width=20) (actual time=0.007..0.063 rows=1000 loops=1)
 Planning time: 0.217 ms
 Execution time: 0.580 ms
(10 rows)

===== 65 [Wed Mar  7 01:54:13 CET 2018] scale:1000 groups:10 work_mem:8MB incremental:on max_workers:2 =====
SELECT * FROM (SELECT * FROM s_1 ORDER BY a) foo ORDER BY a, b
                                                      QUERY PLAN                                                       
-----------------------------------------------------------------------------------------------------------------------
 Limit  (cost=139.58..139.58 rows=1 width=20) (actual time=0.485..0.485 rows=0 loops=1)
   ->  Incremental Sort  (cost=70.92..129.58 rows=1000 width=20) (actual time=0.234..0.459 rows=1000 loops=1)
         Sort Key: s_1.a, s_1.b
         Presorted Key: s_1.a
         Sort Method: quicksort  Memory: 34kB
         Sort Groups: 11
         ->  Sort  (cost=66.83..69.33 rows=1000 width=20) (actual time=0.185..0.221 rows=1000 loops=1)
               Sort Key: s_1.a
               Sort Method: quicksort  Memory: 103kB
               ->  Seq Scan on s_1  (cost=0.00..17.00 rows=1000 width=20) (actual time=0.004..0.063 rows=1000 loops=1)
 Planning time: 0.214 ms
 Execution time: 0.506 ms
(12 rows)

===== 66 [Wed Mar  7 01:54:13 CET 2018] scale:1000 groups:10 work_mem:8MB incremental:on max_workers:2 =====
SELECT * FROM (SELECT * FROM s_2 ORDER BY a, b) foo ORDER BY a, b, c
                                                      QUERY PLAN                                                       
-----------------------------------------------------------------------------------------------------------------------
 Limit  (cost=125.44..125.44 rows=1 width=20) (actual time=0.526..0.526 rows=0 loops=1)
   ->  Incremental Sort  (cost=67.12..115.44 rows=1000 width=20) (actual time=0.238..0.499 rows=1000 loops=1)
         Sort Key: s_2.a, s_2.b, s_2.c
         Presorted Key: s_2.a, s_2.b
         Sort Method: quicksort  Memory: 28kB
         Sort Groups: 27
         ->  Sort  (cost=66.83..69.33 rows=1000 width=20) (actual time=0.193..0.231 rows=1000 loops=1)
               Sort Key: s_2.a, s_2.b
               Sort Method: quicksort  Memory: 103kB
               ->  Seq Scan on s_2  (cost=0.00..17.00 rows=1000 width=20) (actual time=0.007..0.063 rows=1000 loops=1)
 Planning time: 0.217 ms
 Execution time: 0.546 ms
(12 rows)

===== 67 [Wed Mar  7 01:54:13 CET 2018] scale:1000 groups:10 work_mem:8MB incremental:on max_workers:2 =====
SELECT * FROM (SELECT * FROM s_3 ORDER BY a, b, c) foo ORDER BY a, b, c, d
                                                      QUERY PLAN                                                       
-----------------------------------------------------------------------------------------------------------------------
 Limit  (cost=125.44..125.44 rows=1 width=20) (actual time=0.546..0.546 rows=0 loops=1)
   ->  Incremental Sort  (cost=67.12..115.44 rows=1000 width=20) (actual time=0.253..0.520 rows=1000 loops=1)
         Sort Key: s_3.a, s_3.b, s_3.c, s_3.d
         Presorted Key: s_3.a, s_3.b, s_3.c
         Sort Method: quicksort  Memory: 27kB
         Sort Groups: 31
         ->  Sort  (cost=66.83..69.33 rows=1000 width=20) (actual time=0.203..0.243 rows=1000 loops=1)
               Sort Key: s_3.a, s_3.b, s_3.c
               Sort Method: quicksort  Memory: 103kB
               ->  Seq Scan on s_3  (cost=0.00..17.00 rows=1000 width=20) (actual time=0.007..0.062 rows=1000 loops=1)
 Planning time: 0.219 ms
 Execution time: 0.568 ms
(12 rows)

===== 68 [Wed Mar  7 01:54:13 CET 2018] scale:1000 groups:10 work_mem:8MB incremental:on max_workers:2 =====
SELECT * FROM (SELECT * FROM s_4 ORDER BY a, b, c, d) foo ORDER BY a, b, c, d, e
                                                      QUERY PLAN                                                       
-----------------------------------------------------------------------------------------------------------------------
 Limit  (cost=125.44..125.44 rows=1 width=20) (actual time=0.497..0.497 rows=0 loops=1)
   ->  Incremental Sort  (cost=67.12..115.44 rows=1000 width=20) (actual time=0.243..0.473 rows=1000 loops=1)
         Sort Key: s_4.a, s_4.b, s_4.c, s_4.d, s_4.e
         Presorted Key: s_4.a, s_4.b, s_4.c, s_4.d
         Sort Method: quicksort  Memory: 27kB
         Sort Groups: 32
         ->  Sort  (cost=66.83..69.33 rows=1000 width=20) (actual time=0.203..0.243 rows=1000 loops=1)
               Sort Key: s_4.a, s_4.b, s_4.c, s_4.d
               Sort Method: quicksort  Memory: 103kB
               ->  Seq Scan on s_4  (cost=0.00..17.00 rows=1000 width=20) (actual time=0.006..0.062 rows=1000 loops=1)
 Planning time: 0.222 ms
 Execution time: 0.517 ms
(12 rows)

===== 69 [Wed Mar  7 01:54:13 CET 2018] scale:1000 groups:10 work_mem:8MB incremental:off max_workers:2 =====
SELECT * FROM (SELECT * FROM s_1 ORDER BY a) foo ORDER BY a, b
                                                      QUERY PLAN                                                       
-----------------------------------------------------------------------------------------------------------------------
 Limit  (cost=141.66..141.66 rows=1 width=20) (actual time=0.486..0.486 rows=0 loops=1)
   ->  Sort  (cost=129.16..131.66 rows=1000 width=20) (actual time=0.431..0.463 rows=1000 loops=1)
         Sort Key: s_1.a, s_1.b
         Sort Method: quicksort  Memory: 103kB
         ->  Sort  (cost=66.83..69.33 rows=1000 width=20) (actual time=0.179..0.215 rows=1000 loops=1)
               Sort Key: s_1.a
               Sort Method: quicksort  Memory: 103kB
               ->  Seq Scan on s_1  (cost=0.00..17.00 rows=1000 width=20) (actual time=0.004..0.063 rows=1000 loops=1)
 Planning time: 0.204 ms
 Execution time: 0.507 ms
(10 rows)

===== 70 [Wed Mar  7 01:54:13 CET 2018] scale:1000 groups:10 work_mem:8MB incremental:off max_workers:2 =====
SELECT * FROM (SELECT * FROM s_2 ORDER BY a, b) foo ORDER BY a, b, c
                                                      QUERY PLAN                                                       
-----------------------------------------------------------------------------------------------------------------------
 Limit  (cost=141.66..141.66 rows=1 width=20) (actual time=0.572..0.572 rows=0 loops=1)
   ->  Sort  (cost=129.16..131.66 rows=1000 width=20) (actual time=0.518..0.550 rows=1000 loops=1)
         Sort Key: s_2.a, s_2.b, s_2.c
         Sort Method: quicksort  Memory: 103kB
         ->  Sort  (cost=66.83..69.33 rows=1000 width=20) (actual time=0.194..0.233 rows=1000 loops=1)
               Sort Key: s_2.a, s_2.b
               Sort Method: quicksort  Memory: 103kB
               ->  Seq Scan on s_2  (cost=0.00..17.00 rows=1000 width=20) (actual time=0.007..0.065 rows=1000 loops=1)
 Planning time: 0.205 ms
 Execution time: 0.593 ms
(10 rows)

===== 71 [Wed Mar  7 01:54:13 CET 2018] scale:1000 groups:10 work_mem:8MB incremental:off max_workers:2 =====
SELECT * FROM (SELECT * FROM s_3 ORDER BY a, b, c) foo ORDER BY a, b, c, d
                                                      QUERY PLAN                                                       
-----------------------------------------------------------------------------------------------------------------------
 Limit  (cost=141.66..141.66 rows=1 width=20) (actual time=0.586..0.586 rows=0 loops=1)
   ->  Sort  (cost=129.16..131.66 rows=1000 width=20) (actual time=0.531..0.564 rows=1000 loops=1)
         Sort Key: s_3.a, s_3.b, s_3.c, s_3.d
         Sort Method: quicksort  Memory: 103kB
         ->  Sort  (cost=66.83..69.33 rows=1000 width=20) (actual time=0.205..0.240 rows=1000 loops=1)
               Sort Key: s_3.a, s_3.b, s_3.c
               Sort Method: quicksort  Memory: 103kB
               ->  Seq Scan on s_3  (cost=0.00..17.00 rows=1000 width=20) (actual time=0.007..0.063 rows=1000 loops=1)
 Planning time: 0.210 ms
 Execution time: 0.606 ms
(10 rows)

===== 72 [Wed Mar  7 01:54:13 CET 2018] scale:1000 groups:10 work_mem:8MB incremental:off max_workers:2 =====
SELECT * FROM (SELECT * FROM s_4 ORDER BY a, b, c, d) foo ORDER BY a, b, c, d, e
                                                      QUERY PLAN                                                       
-----------------------------------------------------------------------------------------------------------------------
 Limit  (cost=141.66..141.66 rows=1 width=20) (actual time=0.559..0.559 rows=0 loops=1)
   ->  Sort  (cost=129.16..131.66 rows=1000 width=20) (actual time=0.505..0.537 rows=1000 loops=1)
         Sort Key: s_4.a, s_4.b, s_4.c, s_4.d, s_4.e
         Sort Method: quicksort  Memory: 103kB
         ->  Sort  (cost=66.83..69.33 rows=1000 width=20) (actual time=0.210..0.245 rows=1000 loops=1)
               Sort Key: s_4.a, s_4.b, s_4.c, s_4.d
               Sort Method: quicksort  Memory: 103kB
               ->  Seq Scan on s_4  (cost=0.00..17.00 rows=1000 width=20) (actual time=0.007..0.063 rows=1000 loops=1)
 Planning time: 0.213 ms
 Execution time: 0.580 ms
(10 rows)

===== 73 [Wed Mar  7 01:54:13 CET 2018] scale:1000 groups:10 work_mem:16MB incremental:on max_workers:2 =====
SELECT * FROM (SELECT * FROM s_1 ORDER BY a) foo ORDER BY a, b
                                                      QUERY PLAN                                                       
-----------------------------------------------------------------------------------------------------------------------
 Limit  (cost=139.58..139.58 rows=1 width=20) (actual time=0.467..0.467 rows=0 loops=1)
   ->  Incremental Sort  (cost=70.92..129.58 rows=1000 width=20) (actual time=0.229..0.444 rows=1000 loops=1)
         Sort Key: s_1.a, s_1.b
         Presorted Key: s_1.a
         Sort Method: quicksort  Memory: 34kB
         Sort Groups: 11
         ->  Sort  (cost=66.83..69.33 rows=1000 width=20) (actual time=0.180..0.216 rows=1000 loops=1)
               Sort Key: s_1.a
               Sort Method: quicksort  Memory: 103kB
               ->  Seq Scan on s_1  (cost=0.00..17.00 rows=1000 width=20) (actual time=0.004..0.063 rows=1000 loops=1)
 Planning time: 0.209 ms
 Execution time: 0.487 ms
(12 rows)

===== 74 [Wed Mar  7 01:54:13 CET 2018] scale:1000 groups:10 work_mem:16MB incremental:on max_workers:2 =====
SELECT * FROM (SELECT * FROM s_2 ORDER BY a, b) foo ORDER BY a, b, c
                                                      QUERY PLAN                                                       
-----------------------------------------------------------------------------------------------------------------------
 Limit  (cost=125.44..125.44 rows=1 width=20) (actual time=0.510..0.510 rows=0 loops=1)
   ->  Incremental Sort  (cost=67.12..115.44 rows=1000 width=20) (actual time=0.236..0.487 rows=1000 loops=1)
         Sort Key: s_2.a, s_2.b, s_2.c
         Presorted Key: s_2.a, s_2.b
         Sort Method: quicksort  Memory: 28kB
         Sort Groups: 27
         ->  Sort  (cost=66.83..69.33 rows=1000 width=20) (actual time=0.188..0.227 rows=1000 loops=1)
               Sort Key: s_2.a, s_2.b
               Sort Method: quicksort  Memory: 103kB
               ->  Seq Scan on s_2  (cost=0.00..17.00 rows=1000 width=20) (actual time=0.006..0.063 rows=1000 loops=1)
 Planning time: 0.208 ms
 Execution time: 0.531 ms
(12 rows)

===== 75 [Wed Mar  7 01:54:14 CET 2018] scale:1000 groups:10 work_mem:16MB incremental:on max_workers:2 =====
SELECT * FROM (SELECT * FROM s_3 ORDER BY a, b, c) foo ORDER BY a, b, c, d
                                                      QUERY PLAN                                                       
-----------------------------------------------------------------------------------------------------------------------
 Limit  (cost=125.44..125.44 rows=1 width=20) (actual time=0.529..0.529 rows=0 loops=1)
   ->  Incremental Sort  (cost=67.12..115.44 rows=1000 width=20) (actual time=0.247..0.507 rows=1000 loops=1)
         Sort Key: s_3.a, s_3.b, s_3.c, s_3.d
         Presorted Key: s_3.a, s_3.b, s_3.c
         Sort Method: quicksort  Memory: 27kB
         Sort Groups: 31
         ->  Sort  (cost=66.83..69.33 rows=1000 width=20) (actual time=0.202..0.241 rows=1000 loops=1)
               Sort Key: s_3.a, s_3.b, s_3.c
               Sort Method: quicksort  Memory: 103kB
               ->  Seq Scan on s_3  (cost=0.00..17.00 rows=1000 width=20) (actual time=0.007..0.062 rows=1000 loops=1)
 Planning time: 0.223 ms
 Execution time: 0.551 ms
(12 rows)

===== 76 [Wed Mar  7 01:54:14 CET 2018] scale:1000 groups:10 work_mem:16MB incremental:on max_workers:2 =====
SELECT * FROM (SELECT * FROM s_4 ORDER BY a, b, c, d) foo ORDER BY a, b, c, d, e
                                                      QUERY PLAN                                                       
-----------------------------------------------------------------------------------------------------------------------
 Limit  (cost=125.44..125.44 rows=1 width=20) (actual time=0.485..0.485 rows=0 loops=1)
   ->  Incremental Sort  (cost=67.12..115.44 rows=1000 width=20) (actual time=0.254..0.462 rows=1000 loops=1)
         Sort Key: s_4.a, s_4.b, s_4.c, s_4.d, s_4.e
         Presorted Key: s_4.a, s_4.b, s_4.c, s_4.d
         Sort Method: quicksort  Memory: 27kB
         Sort Groups: 32
         ->  Sort  (cost=66.83..69.33 rows=1000 width=20) (actual time=0.205..0.244 rows=1000 loops=1)
               Sort Key: s_4.a, s_4.b, s_4.c, s_4.d
               Sort Method: quicksort  Memory: 103kB
               ->  Seq Scan on s_4  (cost=0.00..17.00 rows=1000 width=20) (actual time=0.006..0.062 rows=1000 loops=1)
 Planning time: 0.220 ms
 Execution time: 0.506 ms
(12 rows)

===== 77 [Wed Mar  7 01:54:14 CET 2018] scale:1000 groups:10 work_mem:16MB incremental:off max_workers:2 =====
SELECT * FROM (SELECT * FROM s_1 ORDER BY a) foo ORDER BY a, b
                                                      QUERY PLAN                                                       
-----------------------------------------------------------------------------------------------------------------------
 Limit  (cost=141.66..141.66 rows=1 width=20) (actual time=0.492..0.492 rows=0 loops=1)
   ->  Sort  (cost=129.16..131.66 rows=1000 width=20) (actual time=0.438..0.470 rows=1000 loops=1)
         Sort Key: s_1.a, s_1.b
         Sort Method: quicksort  Memory: 103kB
         ->  Sort  (cost=66.83..69.33 rows=1000 width=20) (actual time=0.186..0.221 rows=1000 loops=1)
               Sort Key: s_1.a
               Sort Method: quicksort  Memory: 103kB
               ->  Seq Scan on s_1  (cost=0.00..17.00 rows=1000 width=20) (actual time=0.004..0.063 rows=1000 loops=1)
 Planning time: 0.206 ms
 Execution time: 0.514 ms
(10 rows)

===== 78 [Wed Mar  7 01:54:14 CET 2018] scale:1000 groups:10 work_mem:16MB incremental:off max_workers:2 =====
SELECT * FROM (SELECT * FROM s_2 ORDER BY a, b) foo ORDER BY a, b, c
                                                      QUERY PLAN                                                       
-----------------------------------------------------------------------------------------------------------------------
 Limit  (cost=141.66..141.66 rows=1 width=20) (actual time=0.570..0.570 rows=0 loops=1)
   ->  Sort  (cost=129.16..131.66 rows=1000 width=20) (actual time=0.516..0.548 rows=1000 loops=1)
         Sort Key: s_2.a, s_2.b, s_2.c
         Sort Method: quicksort  Memory: 103kB
         ->  Sort  (cost=66.83..69.33 rows=1000 width=20) (actual time=0.191..0.227 rows=1000 loops=1)
               Sort Key: s_2.a, s_2.b
               Sort Method: quicksort  Memory: 103kB
               ->  Seq Scan on s_2  (cost=0.00..17.00 rows=1000 width=20) (actual time=0.007..0.066 rows=1000 loops=1)
 Planning time: 0.205 ms
 Execution time: 0.591 ms
(10 rows)

===== 79 [Wed Mar  7 01:54:14 CET 2018] scale:1000 groups:10 work_mem:16MB incremental:off max_workers:2 =====
SELECT * FROM (SELECT * FROM s_3 ORDER BY a, b, c) foo ORDER BY a, b, c, d
                                                      QUERY PLAN                                                       
-----------------------------------------------------------------------------------------------------------------------
 Limit  (cost=141.66..141.66 rows=1 width=20) (actual time=0.586..0.586 rows=0 loops=1)
   ->  Sort  (cost=129.16..131.66 rows=1000 width=20) (actual time=0.532..0.564 rows=1000 loops=1)
         Sort Key: s_3.a, s_3.b, s_3.c, s_3.d
         Sort Method: quicksort  Memory: 103kB
         ->  Sort  (cost=66.83..69.33 rows=1000 width=20) (actual time=0.212..0.247 rows=1000 loops=1)
               Sort Key: s_3.a, s_3.b, s_3.c
               Sort Method: quicksort  Memory: 103kB
               ->  Seq Scan on s_3  (cost=0.00..17.00 rows=1000 width=20) (actual time=0.007..0.064 rows=1000 loops=1)
 Planning time: 0.212 ms
 Execution time: 0.608 ms
(10 rows)

===== 80 [Wed Mar  7 01:54:14 CET 2018] scale:1000 groups:10 work_mem:16MB incremental:off max_workers:2 =====
SELECT * FROM (SELECT * FROM s_4 ORDER BY a, b, c, d) foo ORDER BY a, b, c, d, e
                                                      QUERY PLAN                                                       
-----------------------------------------------------------------------------------------------------------------------
 Limit  (cost=141.66..141.66 rows=1 width=20) (actual time=0.554..0.554 rows=0 loops=1)
   ->  Sort  (cost=129.16..131.66 rows=1000 width=20) (actual time=0.501..0.532 rows=1000 loops=1)
         Sort Key: s_4.a, s_4.b, s_4.c, s_4.d, s_4.e
         Sort Method: quicksort  Memory: 103kB
         ->  Sort  (cost=66.83..69.33 rows=1000 width=20) (actual time=0.204..0.240 rows=1000 loops=1)
               Sort Key: s_4.a, s_4.b, s_4.c, s_4.d
               Sort Method: quicksort  Memory: 103kB
               ->  Seq Scan on s_4  (cost=0.00..17.00 rows=1000 width=20) (actual time=0.007..0.062 rows=1000 loops=1)
 Planning time: 0.219 ms
 Execution time: 0.576 ms
(10 rows)

===== 81 [Wed Mar  7 01:54:14 CET 2018] scale:1000 groups:10 work_mem:32MB incremental:on max_workers:2 =====
SELECT * FROM (SELECT * FROM s_1 ORDER BY a) foo ORDER BY a, b
                                                      QUERY PLAN                                                       
-----------------------------------------------------------------------------------------------------------------------
 Limit  (cost=139.58..139.58 rows=1 width=20) (actual time=0.491..0.491 rows=0 loops=1)
   ->  Incremental Sort  (cost=70.92..129.58 rows=1000 width=20) (actual time=0.242..0.465 rows=1000 loops=1)
         Sort Key: s_1.a, s_1.b
         Presorted Key: s_1.a
         Sort Method: quicksort  Memory: 34kB
         Sort Groups: 11
         ->  Sort  (cost=66.83..69.33 rows=1000 width=20) (actual time=0.190..0.227 rows=1000 loops=1)
               Sort Key: s_1.a
               Sort Method: quicksort  Memory: 103kB
               ->  Seq Scan on s_1  (cost=0.00..17.00 rows=1000 width=20) (actual time=0.004..0.063 rows=1000 loops=1)
 Planning time: 0.210 ms
 Execution time: 0.512 ms
(12 rows)

===== 82 [Wed Mar  7 01:54:14 CET 2018] scale:1000 groups:10 work_mem:32MB incremental:on max_workers:2 =====
SELECT * FROM (SELECT * FROM s_2 ORDER BY a, b) foo ORDER BY a, b, c
                                                      QUERY PLAN                                                       
-----------------------------------------------------------------------------------------------------------------------
 Limit  (cost=125.44..125.44 rows=1 width=20) (actual time=0.529..0.529 rows=0 loops=1)
   ->  Incremental Sort  (cost=67.12..115.44 rows=1000 width=20) (actual time=0.239..0.502 rows=1000 loops=1)
         Sort Key: s_2.a, s_2.b, s_2.c
         Presorted Key: s_2.a, s_2.b
         Sort Method: quicksort  Memory: 28kB
         Sort Groups: 27
         ->  Sort  (cost=66.83..69.33 rows=1000 width=20) (actual time=0.194..0.232 rows=1000 loops=1)
               Sort Key: s_2.a, s_2.b
               Sort Method: quicksort  Memory: 103kB
               ->  Seq Scan on s_2  (cost=0.00..17.00 rows=1000 width=20) (actual time=0.007..0.063 rows=1000 loops=1)
 Planning time: 0.214 ms
 Execution time: 0.549 ms
(12 rows)

===== 83 [Wed Mar  7 01:54:14 CET 2018] scale:1000 groups:10 work_mem:32MB incremental:on max_workers:2 =====
SELECT * FROM (SELECT * FROM s_3 ORDER BY a, b, c) foo ORDER BY a, b, c, d
                                                      QUERY PLAN                                                       
-----------------------------------------------------------------------------------------------------------------------
 Limit  (cost=125.44..125.44 rows=1 width=20) (actual time=0.540..0.540 rows=0 loops=1)
   ->  Incremental Sort  (cost=67.12..115.44 rows=1000 width=20) (actual time=0.248..0.514 rows=1000 loops=1)
         Sort Key: s_3.a, s_3.b, s_3.c, s_3.d
         Presorted Key: s_3.a, s_3.b, s_3.c
         Sort Method: quicksort  Memory: 27kB
         Sort Groups: 31
         ->  Sort  (cost=66.83..69.33 rows=1000 width=20) (actual time=0.204..0.243 rows=1000 loops=1)
               Sort Key: s_3.a, s_3.b, s_3.c
               Sort Method: quicksort  Memory: 103kB
               ->  Seq Scan on s_3  (cost=0.00..17.00 rows=1000 width=20) (actual time=0.007..0.063 rows=1000 loops=1)
 Planning time: 0.217 ms
 Execution time: 0.560 ms
(12 rows)

===== 84 [Wed Mar  7 01:54:14 CET 2018] scale:1000 groups:10 work_mem:32MB incremental:on max_workers:2 =====
SELECT * FROM (SELECT * FROM s_4 ORDER BY a, b, c, d) foo ORDER BY a, b, c, d, e
                                                      QUERY PLAN                                                       
-----------------------------------------------------------------------------------------------------------------------
 Limit  (cost=125.44..125.44 rows=1 width=20) (actual time=0.492..0.492 rows=0 loops=1)
   ->  Incremental Sort  (cost=67.12..115.44 rows=1000 width=20) (actual time=0.244..0.468 rows=1000 loops=1)
         Sort Key: s_4.a, s_4.b, s_4.c, s_4.d, s_4.e
         Presorted Key: s_4.a, s_4.b, s_4.c, s_4.d
         Sort Method: quicksort  Memory: 27kB
         Sort Groups: 32
         ->  Sort  (cost=66.83..69.33 rows=1000 width=20) (actual time=0.203..0.243 rows=1000 loops=1)
               Sort Key: s_4.a, s_4.b, s_4.c, s_4.d
               Sort Method: quicksort  Memory: 103kB
               ->  Seq Scan on s_4  (cost=0.00..17.00 rows=1000 width=20) (actual time=0.007..0.062 rows=1000 loops=1)
 Planning time: 0.220 ms
 Execution time: 0.513 ms
(12 rows)

===== 85 [Wed Mar  7 01:54:14 CET 2018] scale:1000 groups:10 work_mem:32MB incremental:off max_workers:2 =====
SELECT * FROM (SELECT * FROM s_1 ORDER BY a) foo ORDER BY a, b
                                                      QUERY PLAN                                                       
-----------------------------------------------------------------------------------------------------------------------
 Limit  (cost=141.66..141.66 rows=1 width=20) (actual time=0.484..0.484 rows=0 loops=1)
   ->  Sort  (cost=129.16..131.66 rows=1000 width=20) (actual time=0.430..0.462 rows=1000 loops=1)
         Sort Key: s_1.a, s_1.b
         Sort Method: quicksort  Memory: 103kB
         ->  Sort  (cost=66.83..69.33 rows=1000 width=20) (actual time=0.179..0.214 rows=1000 loops=1)
               Sort Key: s_1.a
               Sort Method: quicksort  Memory: 103kB
               ->  Seq Scan on s_1  (cost=0.00..17.00 rows=1000 width=20) (actual time=0.004..0.063 rows=1000 loops=1)
 Planning time: 0.206 ms
 Execution time: 0.505 ms
(10 rows)

===== 86 [Wed Mar  7 01:54:14 CET 2018] scale:1000 groups:10 work_mem:32MB incremental:off max_workers:2 =====
SELECT * FROM (SELECT * FROM s_2 ORDER BY a, b) foo ORDER BY a, b, c
                                                      QUERY PLAN                                                       
-----------------------------------------------------------------------------------------------------------------------
 Limit  (cost=141.66..141.66 rows=1 width=20) (actual time=0.577..0.577 rows=0 loops=1)
   ->  Sort  (cost=129.16..131.66 rows=1000 width=20) (actual time=0.523..0.555 rows=1000 loops=1)
         Sort Key: s_2.a, s_2.b, s_2.c
         Sort Method: quicksort  Memory: 103kB
         ->  Sort  (cost=66.83..69.33 rows=1000 width=20) (actual time=0.202..0.237 rows=1000 loops=1)
               Sort Key: s_2.a, s_2.b
               Sort Method: quicksort  Memory: 103kB
               ->  Seq Scan on s_2  (cost=0.00..17.00 rows=1000 width=20) (actual time=0.006..0.070 rows=1000 loops=1)
 Planning time: 0.203 ms
 Execution time: 0.600 ms
(10 rows)

===== 87 [Wed Mar  7 01:54:14 CET 2018] scale:1000 groups:10 work_mem:32MB incremental:off max_workers:2 =====
SELECT * FROM (SELECT * FROM s_3 ORDER BY a, b, c) foo ORDER BY a, b, c, d
                                                      QUERY PLAN                                                       
-----------------------------------------------------------------------------------------------------------------------
 Limit  (cost=141.66..141.66 rows=1 width=20) (actual time=0.577..0.577 rows=0 loops=1)
   ->  Sort  (cost=129.16..131.66 rows=1000 width=20) (actual time=0.523..0.555 rows=1000 loops=1)
         Sort Key: s_3.a, s_3.b, s_3.c, s_3.d
         Sort Method: quicksort  Memory: 103kB
         ->  Sort  (cost=66.83..69.33 rows=1000 width=20) (actual time=0.204..0.239 rows=1000 loops=1)
               Sort Key: s_3.a, s_3.b, s_3.c
               Sort Method: quicksort  Memory: 103kB
               ->  Seq Scan on s_3  (cost=0.00..17.00 rows=1000 width=20) (actual time=0.007..0.063 rows=1000 loops=1)
 Planning time: 0.209 ms
 Execution time: 0.598 ms
(10 rows)

===== 88 [Wed Mar  7 01:54:14 CET 2018] scale:1000 groups:10 work_mem:32MB incremental:off max_workers:2 =====
SELECT * FROM (SELECT * FROM s_4 ORDER BY a, b, c, d) foo ORDER BY a, b, c, d, e
                                                      QUERY PLAN                                                       
-----------------------------------------------------------------------------------------------------------------------
 Limit  (cost=141.66..141.66 rows=1 width=20) (actual time=0.560..0.560 rows=0 loops=1)
   ->  Sort  (cost=129.16..131.66 rows=1000 width=20) (actual time=0.506..0.538 rows=1000 loops=1)
         Sort Key: s_4.a, s_4.b, s_4.c, s_4.d, s_4.e
         Sort Method: quicksort  Memory: 103kB
         ->  Sort  (cost=66.83..69.33 rows=1000 width=20) (actual time=0.206..0.242 rows=1000 loops=1)
               Sort Key: s_4.a, s_4.b, s_4.c, s_4.d
               Sort Method: quicksort  Memory: 103kB
               ->  Seq Scan on s_4  (cost=0.00..17.00 rows=1000 width=20) (actual time=0.007..0.063 rows=1000 loops=1)
 Planning time: 0.213 ms
 Execution time: 0.583 ms
(10 rows)

===== 89 [Wed Mar  7 01:54:15 CET 2018] scale:1000 groups:10 work_mem:64MB incremental:on max_workers:2 =====
SELECT * FROM (SELECT * FROM s_1 ORDER BY a) foo ORDER BY a, b
                                                      QUERY PLAN                                                       
-----------------------------------------------------------------------------------------------------------------------
 Limit  (cost=139.58..139.58 rows=1 width=20) (actual time=0.491..0.491 rows=0 loops=1)
   ->  Incremental Sort  (cost=70.92..129.58 rows=1000 width=20) (actual time=0.227..0.464 rows=1000 loops=1)
         Sort Key: s_1.a, s_1.b
         Presorted Key: s_1.a
         Sort Method: quicksort  Memory: 34kB
         Sort Groups: 11
         ->  Sort  (cost=66.83..69.33 rows=1000 width=20) (actual time=0.178..0.214 rows=1000 loops=1)
               Sort Key: s_1.a
               Sort Method: quicksort  Memory: 103kB
               ->  Seq Scan on s_1  (cost=0.00..17.00 rows=1000 width=20) (actual time=0.004..0.062 rows=1000 loops=1)
 Planning time: 0.210 ms
 Execution time: 0.511 ms
(12 rows)

===== 90 [Wed Mar  7 01:54:15 CET 2018] scale:1000 groups:10 work_mem:64MB incremental:on max_workers:2 =====
SELECT * FROM (SELECT * FROM s_2 ORDER BY a, b) foo ORDER BY a, b, c
                                                      QUERY PLAN                                                       
-----------------------------------------------------------------------------------------------------------------------
 Limit  (cost=125.44..125.44 rows=1 width=20) (actual time=0.533..0.533 rows=0 loops=1)
   ->  Incremental Sort  (cost=67.12..115.44 rows=1000 width=20) (actual time=0.243..0.507 rows=1000 loops=1)
         Sort Key: s_2.a, s_2.b, s_2.c
         Presorted Key: s_2.a, s_2.b
         Sort Method: quicksort  Memory: 28kB
         Sort Groups: 27
         ->  Sort  (cost=66.83..69.33 rows=1000 width=20) (actual time=0.198..0.237 rows=1000 loops=1)
               Sort Key: s_2.a, s_2.b
               Sort Method: quicksort  Memory: 103kB
               ->  Seq Scan on s_2  (cost=0.00..17.00 rows=1000 width=20) (actual time=0.007..0.063 rows=1000 loops=1)
 Planning time: 0.213 ms
 Execution time: 0.554 ms
(12 rows)

===== 91 [Wed Mar  7 01:54:15 CET 2018] scale:1000 groups:10 work_mem:64MB incremental:on max_workers:2 =====
SELECT * FROM (SELECT * FROM s_3 ORDER BY a, b, c) foo ORDER BY a, b, c, d
                                                      QUERY PLAN                                                       
-----------------------------------------------------------------------------------------------------------------------
 Limit  (cost=125.44..125.44 rows=1 width=20) (actual time=0.547..0.547 rows=0 loops=1)
   ->  Incremental Sort  (cost=67.12..115.44 rows=1000 width=20) (actual time=0.249..0.515 rows=1000 loops=1)
         Sort Key: s_3.a, s_3.b, s_3.c, s_3.d
         Presorted Key: s_3.a, s_3.b, s_3.c
         Sort Method: quicksort  Memory: 27kB
         Sort Groups: 31
         ->  Sort  (cost=66.83..69.33 rows=1000 width=20) (actual time=0.203..0.242 rows=1000 loops=1)
               Sort Key: s_3.a, s_3.b, s_3.c
               Sort Method: quicksort  Memory: 103kB
               ->  Seq Scan on s_3  (cost=0.00..17.00 rows=1000 width=20) (actual time=0.007..0.063 rows=1000 loops=1)
 Planning time: 0.217 ms
 Execution time: 0.567 ms
(12 rows)

===== 92 [Wed Mar  7 01:54:15 CET 2018] scale:1000 groups:10 work_mem:64MB incremental:on max_workers:2 =====
SELECT * FROM (SELECT * FROM s_4 ORDER BY a, b, c, d) foo ORDER BY a, b, c, d, e
                                                      QUERY PLAN                                                       
-----------------------------------------------------------------------------------------------------------------------
 Limit  (cost=125.44..125.44 rows=1 width=20) (actual time=0.496..0.496 rows=0 loops=1)
   ->  Incremental Sort  (cost=67.12..115.44 rows=1000 width=20) (actual time=0.248..0.473 rows=1000 loops=1)
         Sort Key: s_4.a, s_4.b, s_4.c, s_4.d, s_4.e
         Presorted Key: s_4.a, s_4.b, s_4.c, s_4.d
         Sort Method: quicksort  Memory: 27kB
         Sort Groups: 32
         ->  Sort  (cost=66.83..69.33 rows=1000 width=20) (actual time=0.206..0.246 rows=1000 loops=1)
               Sort Key: s_4.a, s_4.b, s_4.c, s_4.d
               Sort Method: quicksort  Memory: 103kB
               ->  Seq Scan on s_4  (cost=0.00..17.00 rows=1000 width=20) (actual time=0.007..0.063 rows=1000 loops=1)
 Planning time: 0.229 ms
 Execution time: 0.520 ms
(12 rows)

===== 93 [Wed Mar  7 01:54:15 CET 2018] scale:1000 groups:10 work_mem:64MB incremental:off max_workers:2 =====
SELECT * FROM (SELECT * FROM s_1 ORDER BY a) foo ORDER BY a, b
                                                      QUERY PLAN                                                       
-----------------------------------------------------------------------------------------------------------------------
 Limit  (cost=141.66..141.66 rows=1 width=20) (actual time=0.494..0.494 rows=0 loops=1)
   ->  Sort  (cost=129.16..131.66 rows=1000 width=20) (actual time=0.439..0.471 rows=1000 loops=1)
         Sort Key: s_1.a, s_1.b
         Sort Method: quicksort  Memory: 103kB
         ->  Sort  (cost=66.83..69.33 rows=1000 width=20) (actual time=0.179..0.221 rows=1000 loops=1)
               Sort Key: s_1.a
               Sort Method: quicksort  Memory: 103kB
               ->  Seq Scan on s_1  (cost=0.00..17.00 rows=1000 width=20) (actual time=0.004..0.062 rows=1000 loops=1)
 Planning time: 0.206 ms
 Execution time: 0.516 ms
(10 rows)

===== 94 [Wed Mar  7 01:54:15 CET 2018] scale:1000 groups:10 work_mem:64MB incremental:off max_workers:2 =====
SELECT * FROM (SELECT * FROM s_2 ORDER BY a, b) foo ORDER BY a, b, c
                                                      QUERY PLAN                                                       
-----------------------------------------------------------------------------------------------------------------------
 Limit  (cost=141.66..141.66 rows=1 width=20) (actual time=0.571..0.571 rows=0 loops=1)
   ->  Sort  (cost=129.16..131.66 rows=1000 width=20) (actual time=0.517..0.549 rows=1000 loops=1)
         Sort Key: s_2.a, s_2.b, s_2.c
         Sort Method: quicksort  Memory: 103kB
         ->  Sort  (cost=66.83..69.33 rows=1000 width=20) (actual time=0.196..0.231 rows=1000 loops=1)
               Sort Key: s_2.a, s_2.b
               Sort Method: quicksort  Memory: 103kB
               ->  Seq Scan on s_2  (cost=0.00..17.00 rows=1000 width=20) (actual time=0.007..0.065 rows=1000 loops=1)
 Planning time: 0.206 ms
 Execution time: 0.592 ms
(10 rows)

===== 95 [Wed Mar  7 01:54:15 CET 2018] scale:1000 groups:10 work_mem:64MB incremental:off max_workers:2 =====
SELECT * FROM (SELECT * FROM s_3 ORDER BY a, b, c) foo ORDER BY a, b, c, d
                                                      QUERY PLAN                                                       
-----------------------------------------------------------------------------------------------------------------------
 Limit  (cost=141.66..141.66 rows=1 width=20) (actual time=0.585..0.585 rows=0 loops=1)
   ->  Sort  (cost=129.16..131.66 rows=1000 width=20) (actual time=0.531..0.562 rows=1000 loops=1)
         Sort Key: s_3.a, s_3.b, s_3.c, s_3.d
         Sort Method: quicksort  Memory: 103kB
         ->  Sort  (cost=66.83..69.33 rows=1000 width=20) (actual time=0.212..0.247 rows=1000 loops=1)
               Sort Key: s_3.a, s_3.b, s_3.c
               Sort Method: quicksort  Memory: 103kB
               ->  Seq Scan on s_3  (cost=0.00..17.00 rows=1000 width=20) (actual time=0.007..0.071 rows=1000 loops=1)
 Planning time: 0.212 ms
 Execution time: 0.605 ms
(10 rows)

===== 96 [Wed Mar  7 01:54:15 CET 2018] scale:1000 groups:10 work_mem:64MB incremental:off max_workers:2 =====
SELECT * FROM (SELECT * FROM s_4 ORDER BY a, b, c, d) foo ORDER BY a, b, c, d, e
                                                      QUERY PLAN                                                       
-----------------------------------------------------------------------------------------------------------------------
 Limit  (cost=141.66..141.66 rows=1 width=20) (actual time=0.559..0.559 rows=0 loops=1)
   ->  Sort  (cost=129.16..131.66 rows=1000 width=20) (actual time=0.501..0.533 rows=1000 loops=1)
         Sort Key: s_4.a, s_4.b, s_4.c, s_4.d, s_4.e
         Sort Method: quicksort  Memory: 103kB
         ->  Sort  (cost=66.83..69.33 rows=1000 width=20) (actual time=0.205..0.241 rows=1000 loops=1)
               Sort Key: s_4.a, s_4.b, s_4.c, s_4.d
               Sort Method: quicksort  Memory: 103kB
               ->  Seq Scan on s_4  (cost=0.00..17.00 rows=1000 width=20) (actual time=0.007..0.063 rows=1000 loops=1)
 Planning time: 0.216 ms
 Execution time: 0.580 ms
(10 rows)

===== 97 [Wed Mar  7 01:54:15 CET 2018] scale:1000 groups:10 work_mem:128MB incremental:on max_workers:2 =====
SELECT * FROM (SELECT * FROM s_1 ORDER BY a) foo ORDER BY a, b
                                                      QUERY PLAN                                                       
-----------------------------------------------------------------------------------------------------------------------
 Limit  (cost=139.58..139.58 rows=1 width=20) (actual time=0.480..0.480 rows=0 loops=1)
   ->  Incremental Sort  (cost=70.92..129.58 rows=1000 width=20) (actual time=0.229..0.454 rows=1000 loops=1)
         Sort Key: s_1.a, s_1.b
         Presorted Key: s_1.a
         Sort Method: quicksort  Memory: 34kB
         Sort Groups: 11
         ->  Sort  (cost=66.83..69.33 rows=1000 width=20) (actual time=0.180..0.216 rows=1000 loops=1)
               Sort Key: s_1.a
               Sort Method: quicksort  Memory: 103kB
               ->  Seq Scan on s_1  (cost=0.00..17.00 rows=1000 width=20) (actual time=0.004..0.062 rows=1000 loops=1)
 Planning time: 0.214 ms
 Execution time: 0.501 ms
(12 rows)

===== 98 [Wed Mar  7 01:54:15 CET 2018] scale:1000 groups:10 work_mem:128MB incremental:on max_workers:2 =====
SELECT * FROM (SELECT * FROM s_2 ORDER BY a, b) foo ORDER BY a, b, c
                                                      QUERY PLAN                                                       
-----------------------------------------------------------------------------------------------------------------------
 Limit  (cost=125.44..125.44 rows=1 width=20) (actual time=0.532..0.532 rows=0 loops=1)
   ->  Incremental Sort  (cost=67.12..115.44 rows=1000 width=20) (actual time=0.241..0.505 rows=1000 loops=1)
         Sort Key: s_2.a, s_2.b, s_2.c
         Presorted Key: s_2.a, s_2.b
         Sort Method: quicksort  Memory: 28kB
         Sort Groups: 27
         ->  Sort  (cost=66.83..69.33 rows=1000 width=20) (actual time=0.196..0.235 rows=1000 loops=1)
               Sort Key: s_2.a, s_2.b
               Sort Method: quicksort  Memory: 103kB
               ->  Seq Scan on s_2  (cost=0.00..17.00 rows=1000 width=20) (actual time=0.007..0.063 rows=1000 loops=1)
 Planning time: 0.213 ms
 Execution time: 0.553 ms
(12 rows)

===== 99 [Wed Mar  7 01:54:15 CET 2018] scale:1000 groups:10 work_mem:128MB incremental:on max_workers:2 =====
SELECT * FROM (SELECT * FROM s_3 ORDER BY a, b, c) foo ORDER BY a, b, c, d
                                                      QUERY PLAN                                                       
-----------------------------------------------------------------------------------------------------------------------
 Limit  (cost=125.44..125.44 rows=1 width=20) (actual time=0.537..0.537 rows=0 loops=1)
   ->  Incremental Sort  (cost=67.12..115.44 rows=1000 width=20) (actual time=0.247..0.512 rows=1000 loops=1)
         Sort Key: s_3.a, s_3.b, s_3.c, s_3.d
         Presorted Key: s_3.a, s_3.b, s_3.c
         Sort Method: quicksort  Memory: 27kB
         Sort Groups: 31
         ->  Sort  (cost=66.83..69.33 rows=1000 width=20) (actual time=0.203..0.242 rows=1000 loops=1)
               Sort Key: s_3.a, s_3.b, s_3.c
               Sort Method: quicksort  Memory: 103kB
               ->  Seq Scan on s_3  (cost=0.00..17.00 rows=1000 width=20) (actual time=0.007..0.063 rows=1000 loops=1)
 Planning time: 0.214 ms
 Execution time: 0.559 ms
(12 rows)

===== 100 [Wed Mar  7 01:54:15 CET 2018] scale:1000 groups:10 work_mem:128MB incremental:on max_workers:2 =====
SELECT * FROM (SELECT * FROM s_4 ORDER BY a, b, c, d) foo ORDER BY a, b, c, d, e
                                                      QUERY PLAN                                                       
-----------------------------------------------------------------------------------------------------------------------
 Limit  (cost=125.44..125.44 rows=1 width=20) (actual time=0.493..0.493 rows=0 loops=1)
   ->  Incremental Sort  (cost=67.12..115.44 rows=1000 width=20) (actual time=0.246..0.470 rows=1000 loops=1)
         Sort Key: s_4.a, s_4.b, s_4.c, s_4.d, s_4.e
         Presorted Key: s_4.a, s_4.b, s_4.c, s_4.d
         Sort Method: quicksort  Memory: 27kB
         Sort Groups: 32
         ->  Sort  (cost=66.83..69.33 rows=1000 width=20) (actual time=0.204..0.245 rows=1000 loops=1)
               Sort Key: s_4.a, s_4.b, s_4.c, s_4.d
               Sort Method: quicksort  Memory: 103kB
               ->  Seq Scan on s_4  (cost=0.00..17.00 rows=1000 width=20) (actual time=0.006..0.062 rows=1000 loops=1)
 Planning time: 0.218 ms
 Execution time: 0.514 ms
(12 rows)

===== 101 [Wed Mar  7 01:54:15 CET 2018] scale:1000 groups:10 work_mem:128MB incremental:off max_workers:2 =====
SELECT * FROM (SELECT * FROM s_1 ORDER BY a) foo ORDER BY a, b
                                                      QUERY PLAN                                                       
-----------------------------------------------------------------------------------------------------------------------
 Limit  (cost=141.66..141.66 rows=1 width=20) (actual time=0.489..0.489 rows=0 loops=1)
   ->  Sort  (cost=129.16..131.66 rows=1000 width=20) (actual time=0.435..0.467 rows=1000 loops=1)
         Sort Key: s_1.a, s_1.b
         Sort Method: quicksort  Memory: 103kB
         ->  Sort  (cost=66.83..69.33 rows=1000 width=20) (actual time=0.184..0.219 rows=1000 loops=1)
               Sort Key: s_1.a
               Sort Method: quicksort  Memory: 103kB
               ->  Seq Scan on s_1  (cost=0.00..17.00 rows=1000 width=20) (actual time=0.004..0.067 rows=1000 loops=1)
 Planning time: 0.208 ms
 Execution time: 0.511 ms
(10 rows)

===== 102 [Wed Mar  7 01:54:15 CET 2018] scale:1000 groups:10 work_mem:128MB incremental:off max_workers:2 =====
SELECT * FROM (SELECT * FROM s_2 ORDER BY a, b) foo ORDER BY a, b, c
                                                      QUERY PLAN                                                       
-----------------------------------------------------------------------------------------------------------------------
 Limit  (cost=141.66..141.66 rows=1 width=20) (actual time=0.566..0.566 rows=0 loops=1)
   ->  Sort  (cost=129.16..131.66 rows=1000 width=20) (actual time=0.512..0.544 rows=1000 loops=1)
         Sort Key: s_2.a, s_2.b, s_2.c
         Sort Method: quicksort  Memory: 103kB
         ->  Sort  (cost=66.83..69.33 rows=1000 width=20) (actual time=0.194..0.230 rows=1000 loops=1)
               Sort Key: s_2.a, s_2.b
               Sort Method: quicksort  Memory: 103kB
               ->  Seq Scan on s_2  (cost=0.00..17.00 rows=1000 width=20) (actual time=0.007..0.065 rows=1000 loops=1)
 Planning time: 0.209 ms
 Execution time: 0.589 ms
(10 rows)

===== 103 [Wed Mar  7 01:54:16 CET 2018] scale:1000 groups:10 work_mem:128MB incremental:off max_workers:2 =====
SELECT * FROM (SELECT * FROM s_3 ORDER BY a, b, c) foo ORDER BY a, b, c, d
                                                      QUERY PLAN                                                       
-----------------------------------------------------------------------------------------------------------------------
 Limit  (cost=141.66..141.66 rows=1 width=20) (actual time=0.583..0.583 rows=0 loops=1)
   ->  Sort  (cost=129.16..131.66 rows=1000 width=20) (actual time=0.528..0.560 rows=1000 loops=1)
         Sort Key: s_3.a, s_3.b, s_3.c, s_3.d
         Sort Method: quicksort  Memory: 103kB
         ->  Sort  (cost=66.83..69.33 rows=1000 width=20) (actual time=0.203..0.238 rows=1000 loops=1)
               Sort Key: s_3.a, s_3.b, s_3.c
               Sort Method: quicksort  Memory: 103kB
               ->  Seq Scan on s_3  (cost=0.00..17.00 rows=1000 width=20) (actual time=0.007..0.063 rows=1000 loops=1)
 Planning time: 0.204 ms
 Execution time: 0.603 ms
(10 rows)

===== 104 [Wed Mar  7 01:54:16 CET 2018] scale:1000 groups:10 work_mem:128MB incremental:off max_workers:2 =====
SELECT * FROM (SELECT * FROM s_4 ORDER BY a, b, c, d) foo ORDER BY a, b, c, d, e
                                                      QUERY PLAN                                                       
-----------------------------------------------------------------------------------------------------------------------
 Limit  (cost=141.66..141.66 rows=1 width=20) (actual time=0.556..0.556 rows=0 loops=1)
   ->  Sort  (cost=129.16..131.66 rows=1000 width=20) (actual time=0.502..0.534 rows=1000 loops=1)
         Sort Key: s_4.a, s_4.b, s_4.c, s_4.d, s_4.e
         Sort Method: quicksort  Memory: 103kB
         ->  Sort  (cost=66.83..69.33 rows=1000 width=20) (actual time=0.205..0.241 rows=1000 loops=1)
               Sort Key: s_4.a, s_4.b, s_4.c, s_4.d
               Sort Method: quicksort  Memory: 103kB
               ->  Seq Scan on s_4  (cost=0.00..17.00 rows=1000 width=20) (actual time=0.007..0.063 rows=1000 loops=1)
 Planning time: 0.218 ms
 Execution time: 0.578 ms
(10 rows)

===== 105 [Wed Mar  7 01:54:16 CET 2018] scale:1000 groups:10 work_mem:256MB incremental:on max_workers:2 =====
SELECT * FROM (SELECT * FROM s_1 ORDER BY a) foo ORDER BY a, b
                                                      QUERY PLAN                                                       
-----------------------------------------------------------------------------------------------------------------------
 Limit  (cost=139.58..139.58 rows=1 width=20) (actual time=0.487..0.487 rows=0 loops=1)
   ->  Incremental Sort  (cost=70.92..129.58 rows=1000 width=20) (actual time=0.236..0.460 rows=1000 loops=1)
         Sort Key: s_1.a, s_1.b
         Presorted Key: s_1.a
         Sort Method: quicksort  Memory: 34kB
         Sort Groups: 11
         ->  Sort  (cost=66.83..69.33 rows=1000 width=20) (actual time=0.187..0.223 rows=1000 loops=1)
               Sort Key: s_1.a
               Sort Method: quicksort  Memory: 103kB
               ->  Seq Scan on s_1  (cost=0.00..17.00 rows=1000 width=20) (actual time=0.011..0.070 rows=1000 loops=1)
 Planning time: 0.210 ms
 Execution time: 0.507 ms
(12 rows)

===== 106 [Wed Mar  7 01:54:16 CET 2018] scale:1000 groups:10 work_mem:256MB incremental:on max_workers:2 =====
SELECT * FROM (SELECT * FROM s_2 ORDER BY a, b) foo ORDER BY a, b, c
                                                      QUERY PLAN                                                       
-----------------------------------------------------------------------------------------------------------------------
 Limit  (cost=125.44..125.44 rows=1 width=20) (actual time=0.532..0.532 rows=0 loops=1)
   ->  Incremental Sort  (cost=67.12..115.44 rows=1000 width=20) (actual time=0.243..0.506 rows=1000 loops=1)
         Sort Key: s_2.a, s_2.b, s_2.c
         Presorted Key: s_2.a, s_2.b
         Sort Method: quicksort  Memory: 28kB
         Sort Groups: 27
         ->  Sort  (cost=66.83..69.33 rows=1000 width=20) (actual time=0.197..0.236 rows=1000 loops=1)
               Sort Key: s_2.a, s_2.b
               Sort Method: quicksort  Memory: 103kB
               ->  Seq Scan on s_2  (cost=0.00..17.00 rows=1000 width=20) (actual time=0.006..0.062 rows=1000 loops=1)
 Planning time: 0.204 ms
 Execution time: 0.555 ms
(12 rows)

===== 107 [Wed Mar  7 01:54:16 CET 2018] scale:1000 groups:10 work_mem:256MB incremental:on max_workers:2 =====
SELECT * FROM (SELECT * FROM s_3 ORDER BY a, b, c) foo ORDER BY a, b, c, d
                                                      QUERY PLAN                                                       
-----------------------------------------------------------------------------------------------------------------------
 Limit  (cost=125.44..125.44 rows=1 width=20) (actual time=0.545..0.545 rows=0 loops=1)
   ->  Incremental Sort  (cost=67.12..115.44 rows=1000 width=20) (actual time=0.251..0.519 rows=1000 loops=1)
         Sort Key: s_3.a, s_3.b, s_3.c, s_3.d
         Presorted Key: s_3.a, s_3.b, s_3.c
         Sort Method: quicksort  Memory: 27kB
         Sort Groups: 31
         ->  Sort  (cost=66.83..69.33 rows=1000 width=20) (actual time=0.206..0.245 rows=1000 loops=1)
               Sort Key: s_3.a, s_3.b, s_3.c
               Sort Method: quicksort  Memory: 103kB
               ->  Seq Scan on s_3  (cost=0.00..17.00 rows=1000 width=20) (actual time=0.007..0.067 rows=1000 loops=1)
 Planning time: 0.216 ms
 Execution time: 0.566 ms
(12 rows)

===== 108 [Wed Mar  7 01:54:16 CET 2018] scale:1000 groups:10 work_mem:256MB incremental:on max_workers:2 =====
SELECT * FROM (SELECT * FROM s_4 ORDER BY a, b, c, d) foo ORDER BY a, b, c, d, e
                                                      QUERY PLAN                                                       
-----------------------------------------------------------------------------------------------------------------------
 Limit  (cost=125.44..125.44 rows=1 width=20) (actual time=0.500..0.500 rows=0 loops=1)
   ->  Incremental Sort  (cost=67.12..115.44 rows=1000 width=20) (actual time=0.252..0.477 rows=1000 loops=1)
         Sort Key: s_4.a, s_4.b, s_4.c, s_4.d, s_4.e
         Presorted Key: s_4.a, s_4.b, s_4.c, s_4.d
         Sort Method: quicksort  Memory: 27kB
         Sort Groups: 32
         ->  Sort  (cost=66.83..69.33 rows=1000 width=20) (actual time=0.206..0.246 rows=1000 loops=1)
               Sort Key: s_4.a, s_4.b, s_4.c, s_4.d
               Sort Method: quicksort  Memory: 103kB
               ->  Seq Scan on s_4  (cost=0.00..17.00 rows=1000 width=20) (actual time=0.007..0.062 rows=1000 loops=1)
 Planning time: 0.222 ms
 Execution time: 0.521 ms
(12 rows)

===== 109 [Wed Mar  7 01:54:16 CET 2018] scale:1000 groups:10 work_mem:256MB incremental:off max_workers:2 =====
SELECT * FROM (SELECT * FROM s_1 ORDER BY a) foo ORDER BY a, b
                                                      QUERY PLAN                                                       
-----------------------------------------------------------------------------------------------------------------------
 Limit  (cost=141.66..141.66 rows=1 width=20) (actual time=0.485..0.485 rows=0 loops=1)
   ->  Sort  (cost=129.16..131.66 rows=1000 width=20) (actual time=0.431..0.463 rows=1000 loops=1)
         Sort Key: s_1.a, s_1.b
         Sort Method: quicksort  Memory: 103kB
         ->  Sort  (cost=66.83..69.33 rows=1000 width=20) (actual time=0.180..0.215 rows=1000 loops=1)
               Sort Key: s_1.a
               Sort Method: quicksort  Memory: 103kB
               ->  Seq Scan on s_1  (cost=0.00..17.00 rows=1000 width=20) (actual time=0.004..0.063 rows=1000 loops=1)
 Planning time: 0.209 ms
 Execution time: 0.507 ms
(10 rows)

===== 110 [Wed Mar  7 01:54:16 CET 2018] scale:1000 groups:10 work_mem:256MB incremental:off max_workers:2 =====
SELECT * FROM (SELECT * FROM s_2 ORDER BY a, b) foo ORDER BY a, b, c
                                                      QUERY PLAN                                                       
-----------------------------------------------------------------------------------------------------------------------
 Limit  (cost=141.66..141.66 rows=1 width=20) (actual time=0.567..0.567 rows=0 loops=1)
   ->  Sort  (cost=129.16..131.66 rows=1000 width=20) (actual time=0.513..0.545 rows=1000 loops=1)
         Sort Key: s_2.a, s_2.b, s_2.c
         Sort Method: quicksort  Memory: 103kB
         ->  Sort  (cost=66.83..69.33 rows=1000 width=20) (actual time=0.194..0.230 rows=1000 loops=1)
               Sort Key: s_2.a, s_2.b
               Sort Method: quicksort  Memory: 103kB
               ->  Seq Scan on s_2  (cost=0.00..17.00 rows=1000 width=20) (actual time=0.006..0.065 rows=1000 loops=1)
 Planning time: 0.213 ms
 Execution time: 0.588 ms
(10 rows)

===== 111 [Wed Mar  7 01:54:16 CET 2018] scale:1000 groups:10 work_mem:256MB incremental:off max_workers:2 =====
SELECT * FROM (SELECT * FROM s_3 ORDER BY a, b, c) foo ORDER BY a, b, c, d
                                                      QUERY PLAN                                                       
-----------------------------------------------------------------------------------------------------------------------
 Limit  (cost=141.66..141.66 rows=1 width=20) (actual time=0.584..0.584 rows=0 loops=1)
   ->  Sort  (cost=129.16..131.66 rows=1000 width=20) (actual time=0.530..0.561 rows=1000 loops=1)
         Sort Key: s_3.a, s_3.b, s_3.c, s_3.d
         Sort Method: quicksort  Memory: 103kB
         ->  Sort  (cost=66.83..69.33 rows=1000 width=20) (actual time=0.205..0.240 rows=1000 loops=1)
               Sort Key: s_3.a, s_3.b, s_3.c
               Sort Method: quicksort  Memory: 103kB
               ->  Seq Scan on s_3  (cost=0.00..17.00 rows=1000 width=20) (actual time=0.007..0.063 rows=1000 loops=1)
 Planning time: 0.212 ms
 Execution time: 0.605 ms
(10 rows)

===== 112 [Wed Mar  7 01:54:16 CET 2018] scale:1000 groups:10 work_mem:256MB incremental:off max_workers:2 =====
SELECT * FROM (SELECT * FROM s_4 ORDER BY a, b, c, d) foo ORDER BY a, b, c, d, e
                                                      QUERY PLAN                                                       
-----------------------------------------------------------------------------------------------------------------------
 Limit  (cost=141.66..141.66 rows=1 width=20) (actual time=0.557..0.557 rows=0 loops=1)
   ->  Sort  (cost=129.16..131.66 rows=1000 width=20) (actual time=0.502..0.534 rows=1000 loops=1)
         Sort Key: s_4.a, s_4.b, s_4.c, s_4.d, s_4.e
         Sort Method: quicksort  Memory: 103kB
         ->  Sort  (cost=66.83..69.33 rows=1000 width=20) (actual time=0.206..0.241 rows=1000 loops=1)
               Sort Key: s_4.a, s_4.b, s_4.c, s_4.d
               Sort Method: quicksort  Memory: 103kB
               ->  Seq Scan on s_4  (cost=0.00..17.00 rows=1000 width=20) (actual time=0.007..0.062 rows=1000 loops=1)
 Planning time: 0.219 ms
 Execution time: 0.579 ms
(10 rows)

===== 113 [Wed Mar  7 01:54:17 CET 2018] scale:1000 groups:100 work_mem:4MB incremental:on max_workers:0 =====
SELECT * FROM (SELECT * FROM s_1 ORDER BY a) foo ORDER BY a, b
                                                      QUERY PLAN                                                       
-----------------------------------------------------------------------------------------------------------------------
 Limit  (cost=125.39..125.39 rows=1 width=20) (actual time=0.489..0.489 rows=0 loops=1)
   ->  Incremental Sort  (cost=67.12..115.39 rows=1000 width=20) (actual time=0.229..0.462 rows=1000 loops=1)
         Sort Key: s_1.a, s_1.b
         Presorted Key: s_1.a
         Sort Method: quicksort  Memory: 28kB
         Sort Groups: 27
         ->  Sort  (cost=66.83..69.33 rows=1000 width=20) (actual time=0.185..0.224 rows=1000 loops=1)
               Sort Key: s_1.a
               Sort Method: quicksort  Memory: 103kB
               ->  Seq Scan on s_1  (cost=0.00..17.00 rows=1000 width=20) (actual time=0.004..0.068 rows=1000 loops=1)
 Planning time: 0.205 ms
 Execution time: 0.509 ms
(12 rows)

===== 114 [Wed Mar  7 01:54:17 CET 2018] scale:1000 groups:100 work_mem:4MB incremental:on max_workers:0 =====
SELECT * FROM (SELECT * FROM s_2 ORDER BY a, b) foo ORDER BY a, b, c
                                                      QUERY PLAN                                                       
-----------------------------------------------------------------------------------------------------------------------
 Limit  (cost=125.39..125.39 rows=1 width=20) (actual time=0.447..0.447 rows=0 loops=1)
   ->  Incremental Sort  (cost=67.12..115.39 rows=1000 width=20) (actual time=0.236..0.421 rows=1000 loops=1)
         Sort Key: s_2.a, s_2.b, s_2.c
         Presorted Key: s_2.a, s_2.b
         Sort Method: quicksort  Memory: 27kB
         Sort Groups: 32
         ->  Sort  (cost=66.83..69.33 rows=1000 width=20) (actual time=0.198..0.237 rows=1000 loops=1)
               Sort Key: s_2.a, s_2.b
               Sort Method: quicksort  Memory: 103kB
               ->  Seq Scan on s_2  (cost=0.00..17.00 rows=1000 width=20) (actual time=0.007..0.063 rows=1000 loops=1)
 Planning time: 0.211 ms
 Execution time: 0.468 ms
(12 rows)

===== 115 [Wed Mar  7 01:54:17 CET 2018] scale:1000 groups:100 work_mem:4MB incremental:on max_workers:0 =====
SELECT * FROM (SELECT * FROM s_3 ORDER BY a, b, c) foo ORDER BY a, b, c, d
                                                      QUERY PLAN                                                       
-----------------------------------------------------------------------------------------------------------------------
 Limit  (cost=125.39..125.39 rows=1 width=20) (actual time=0.442..0.442 rows=0 loops=1)
   ->  Incremental Sort  (cost=67.12..115.39 rows=1000 width=20) (actual time=0.238..0.416 rows=1000 loops=1)
         Sort Key: s_3.a, s_3.b, s_3.c, s_3.d
         Presorted Key: s_3.a, s_3.b, s_3.c
         Sort Method: quicksort  Memory: 27kB
         Sort Groups: 32
         ->  Sort  (cost=66.83..69.33 rows=1000 width=20) (actual time=0.198..0.238 rows=1000 loops=1)
               Sort Key: s_3.a, s_3.b, s_3.c
               Sort Method: quicksort  Memory: 103kB
               ->  Seq Scan on s_3  (cost=0.00..17.00 rows=1000 width=20) (actual time=0.009..0.063 rows=1000 loops=1)
 Planning time: 0.213 ms
 Execution time: 0.463 ms
(12 rows)

===== 116 [Wed Mar  7 01:54:17 CET 2018] scale:1000 groups:100 work_mem:4MB incremental:on max_workers:0 =====
SELECT * FROM (SELECT * FROM s_4 ORDER BY a, b, c, d) foo ORDER BY a, b, c, d, e
                                                      QUERY PLAN                                                       
-----------------------------------------------------------------------------------------------------------------------
 Limit  (cost=125.39..125.39 rows=1 width=20) (actual time=0.430..0.430 rows=0 loops=1)
   ->  Incremental Sort  (cost=67.12..115.39 rows=1000 width=20) (actual time=0.227..0.407 rows=1000 loops=1)
         Sort Key: s_4.a, s_4.b, s_4.c, s_4.d, s_4.e
         Presorted Key: s_4.a, s_4.b, s_4.c, s_4.d
         Sort Method: quicksort  Memory: 27kB
         Sort Groups: 32
         ->  Sort  (cost=66.83..69.33 rows=1000 width=20) (actual time=0.191..0.231 rows=1000 loops=1)
               Sort Key: s_4.a, s_4.b, s_4.c, s_4.d
               Sort Method: quicksort  Memory: 103kB
               ->  Seq Scan on s_4  (cost=0.00..17.00 rows=1000 width=20) (actual time=0.007..0.062 rows=1000 loops=1)
 Planning time: 0.229 ms
 Execution time: 0.451 ms
(12 rows)

===== 117 [Wed Mar  7 01:54:17 CET 2018] scale:1000 groups:100 work_mem:4MB incremental:off max_workers:0 =====
SELECT * FROM (SELECT * FROM s_1 ORDER BY a) foo ORDER BY a, b
                                                      QUERY PLAN                                                       
-----------------------------------------------------------------------------------------------------------------------
 Limit  (cost=141.66..141.66 rows=1 width=20) (actual time=0.515..0.515 rows=0 loops=1)
   ->  Sort  (cost=129.16..131.66 rows=1000 width=20) (actual time=0.461..0.492 rows=1000 loops=1)
         Sort Key: s_1.a, s_1.b
         Sort Method: quicksort  Memory: 103kB
         ->  Sort  (cost=66.83..69.33 rows=1000 width=20) (actual time=0.186..0.222 rows=1000 loops=1)
               Sort Key: s_1.a
               Sort Method: quicksort  Memory: 103kB
               ->  Seq Scan on s_1  (cost=0.00..17.00 rows=1000 width=20) (actual time=0.004..0.069 rows=1000 loops=1)
 Planning time: 0.206 ms
 Execution time: 0.536 ms
(10 rows)

===== 118 [Wed Mar  7 01:54:17 CET 2018] scale:1000 groups:100 work_mem:4MB incremental:off max_workers:0 =====
SELECT * FROM (SELECT * FROM s_2 ORDER BY a, b) foo ORDER BY a, b, c
                                                      QUERY PLAN                                                       
-----------------------------------------------------------------------------------------------------------------------
 Limit  (cost=141.66..141.66 rows=1 width=20) (actual time=0.491..0.491 rows=0 loops=1)
   ->  Sort  (cost=129.16..131.66 rows=1000 width=20) (actual time=0.437..0.469 rows=1000 loops=1)
         Sort Key: s_2.a, s_2.b, s_2.c
         Sort Method: quicksort  Memory: 103kB
         ->  Sort  (cost=66.83..69.33 rows=1000 width=20) (actual time=0.190..0.226 rows=1000 loops=1)
               Sort Key: s_2.a, s_2.b
               Sort Method: quicksort  Memory: 103kB
               ->  Seq Scan on s_2  (cost=0.00..17.00 rows=1000 width=20) (actual time=0.007..0.062 rows=1000 loops=1)
 Planning time: 0.198 ms
 Execution time: 0.512 ms
(10 rows)

===== 119 [Wed Mar  7 01:54:17 CET 2018] scale:1000 groups:100 work_mem:4MB incremental:off max_workers:0 =====
SELECT * FROM (SELECT * FROM s_3 ORDER BY a, b, c) foo ORDER BY a, b, c, d
                                                      QUERY PLAN                                                       
-----------------------------------------------------------------------------------------------------------------------
 Limit  (cost=141.66..141.66 rows=1 width=20) (actual time=0.422..0.422 rows=0 loops=1)
   ->  Sort  (cost=129.16..131.66 rows=1000 width=20) (actual time=0.369..0.400 rows=1000 loops=1)
         Sort Key: s_3.a, s_3.b, s_3.c, s_3.d
         Sort Method: quicksort  Memory: 103kB
         ->  Sort  (cost=66.83..69.33 rows=1000 width=20) (actual time=0.199..0.234 rows=1000 loops=1)
               Sort Key: s_3.a, s_3.b, s_3.c
               Sort Method: quicksort  Memory: 103kB
               ->  Seq Scan on s_3  (cost=0.00..17.00 rows=1000 width=20) (actual time=0.010..0.063 rows=1000 loops=1)
 Planning time: 0.205 ms
 Execution time: 0.444 ms
(10 rows)

===== 120 [Wed Mar  7 01:54:17 CET 2018] scale:1000 groups:100 work_mem:4MB incremental:off max_workers:0 =====
SELECT * FROM (SELECT * FROM s_4 ORDER BY a, b, c, d) foo ORDER BY a, b, c, d, e
                                                      QUERY PLAN                                                       
-----------------------------------------------------------------------------------------------------------------------
 Limit  (cost=141.66..141.66 rows=1 width=20) (actual time=0.422..0.422 rows=0 loops=1)
   ->  Sort  (cost=129.16..131.66 rows=1000 width=20) (actual time=0.369..0.400 rows=1000 loops=1)
         Sort Key: s_4.a, s_4.b, s_4.c, s_4.d, s_4.e
         Sort Method: quicksort  Memory: 103kB
         ->  Sort  (cost=66.83..69.33 rows=1000 width=20) (actual time=0.199..0.235 rows=1000 loops=1)
               Sort Key: s_4.a, s_4.b, s_4.c, s_4.d
               Sort Method: quicksort  Memory: 103kB
               ->  Seq Scan on s_4  (cost=0.00..17.00 rows=1000 width=20) (actual time=0.007..0.069 rows=1000 loops=1)
 Planning time: 0.213 ms
 Execution time: 0.443 ms
(10 rows)

===== 121 [Wed Mar  7 01:54:17 CET 2018] scale:1000 groups:100 work_mem:8MB incremental:on max_workers:0 =====
SELECT * FROM (SELECT * FROM s_1 ORDER BY a) foo ORDER BY a, b
                                                      QUERY PLAN                                                       
-----------------------------------------------------------------------------------------------------------------------
 Limit  (cost=125.39..125.39 rows=1 width=20) (actual time=0.490..0.490 rows=0 loops=1)
   ->  Incremental Sort  (cost=67.12..115.39 rows=1000 width=20) (actual time=0.233..0.464 rows=1000 loops=1)
         Sort Key: s_1.a, s_1.b
         Presorted Key: s_1.a
         Sort Method: quicksort  Memory: 28kB
         Sort Groups: 27
         ->  Sort  (cost=66.83..69.33 rows=1000 width=20) (actual time=0.190..0.228 rows=1000 loops=1)
               Sort Key: s_1.a
               Sort Method: quicksort  Memory: 103kB
               ->  Seq Scan on s_1  (cost=0.00..17.00 rows=1000 width=20) (actual time=0.004..0.072 rows=1000 loops=1)
 Planning time: 0.210 ms
 Execution time: 0.510 ms
(12 rows)

===== 122 [Wed Mar  7 01:54:18 CET 2018] scale:1000 groups:100 work_mem:8MB incremental:on max_workers:0 =====
SELECT * FROM (SELECT * FROM s_2 ORDER BY a, b) foo ORDER BY a, b, c
                                                      QUERY PLAN                                                       
-----------------------------------------------------------------------------------------------------------------------
 Limit  (cost=125.39..125.39 rows=1 width=20) (actual time=0.442..0.442 rows=0 loops=1)
   ->  Incremental Sort  (cost=67.12..115.39 rows=1000 width=20) (actual time=0.229..0.416 rows=1000 loops=1)
         Sort Key: s_2.a, s_2.b, s_2.c
         Presorted Key: s_2.a, s_2.b
         Sort Method: quicksort  Memory: 27kB
         Sort Groups: 32
         ->  Sort  (cost=66.83..69.33 rows=1000 width=20) (actual time=0.190..0.230 rows=1000 loops=1)
               Sort Key: s_2.a, s_2.b
               Sort Method: quicksort  Memory: 103kB
               ->  Seq Scan on s_2  (cost=0.00..17.00 rows=1000 width=20) (actual time=0.006..0.062 rows=1000 loops=1)
 Planning time: 0.206 ms
 Execution time: 0.462 ms
(12 rows)

===== 123 [Wed Mar  7 01:54:18 CET 2018] scale:1000 groups:100 work_mem:8MB incremental:on max_workers:0 =====
SELECT * FROM (SELECT * FROM s_3 ORDER BY a, b, c) foo ORDER BY a, b, c, d
                                                      QUERY PLAN                                                       
-----------------------------------------------------------------------------------------------------------------------
 Limit  (cost=125.39..125.39 rows=1 width=20) (actual time=0.434..0.434 rows=0 loops=1)
   ->  Incremental Sort  (cost=67.12..115.39 rows=1000 width=20) (actual time=0.230..0.408 rows=1000 loops=1)
         Sort Key: s_3.a, s_3.b, s_3.c, s_3.d
         Presorted Key: s_3.a, s_3.b, s_3.c
         Sort Method: quicksort  Memory: 27kB
         Sort Groups: 32
         ->  Sort  (cost=66.83..69.33 rows=1000 width=20) (actual time=0.191..0.230 rows=1000 loops=1)
               Sort Key: s_3.a, s_3.b, s_3.c
               Sort Method: quicksort  Memory: 103kB
               ->  Seq Scan on s_3  (cost=0.00..17.00 rows=1000 width=20) (actual time=0.009..0.062 rows=1000 loops=1)
 Planning time: 0.210 ms
 Execution time: 0.455 ms
(12 rows)

===== 124 [Wed Mar  7 01:54:18 CET 2018] scale:1000 groups:100 work_mem:8MB incremental:on max_workers:0 =====
SELECT * FROM (SELECT * FROM s_4 ORDER BY a, b, c, d) foo ORDER BY a, b, c, d, e
                                                      QUERY PLAN                                                       
-----------------------------------------------------------------------------------------------------------------------
 Limit  (cost=125.39..125.39 rows=1 width=20) (actual time=0.438..0.438 rows=0 loops=1)
   ->  Incremental Sort  (cost=67.12..115.39 rows=1000 width=20) (actual time=0.236..0.415 rows=1000 loops=1)
         Sort Key: s_4.a, s_4.b, s_4.c, s_4.d, s_4.e
         Presorted Key: s_4.a, s_4.b, s_4.c, s_4.d
         Sort Method: quicksort  Memory: 27kB
         Sort Groups: 32
         ->  Sort  (cost=66.83..69.33 rows=1000 width=20) (actual time=0.192..0.239 rows=1000 loops=1)
               Sort Key: s_4.a, s_4.b, s_4.c, s_4.d
               Sort Method: quicksort  Memory: 103kB
               ->  Seq Scan on s_4  (cost=0.00..17.00 rows=1000 width=20) (actual time=0.007..0.063 rows=1000 loops=1)
 Planning time: 0.223 ms
 Execution time: 0.459 ms
(12 rows)

===== 125 [Wed Mar  7 01:54:18 CET 2018] scale:1000 groups:100 work_mem:8MB incremental:off max_workers:0 =====
SELECT * FROM (SELECT * FROM s_1 ORDER BY a) foo ORDER BY a, b
                                                      QUERY PLAN                                                       
-----------------------------------------------------------------------------------------------------------------------
 Limit  (cost=141.66..141.66 rows=1 width=20) (actual time=0.517..0.517 rows=0 loops=1)
   ->  Sort  (cost=129.16..131.66 rows=1000 width=20) (actual time=0.463..0.494 rows=1000 loops=1)
         Sort Key: s_1.a, s_1.b
         Sort Method: quicksort  Memory: 103kB
         ->  Sort  (cost=66.83..69.33 rows=1000 width=20) (actual time=0.187..0.223 rows=1000 loops=1)
               Sort Key: s_1.a
               Sort Method: quicksort  Memory: 103kB
               ->  Seq Scan on s_1  (cost=0.00..17.00 rows=1000 width=20) (actual time=0.004..0.069 rows=1000 loops=1)
 Planning time: 0.207 ms
 Execution time: 0.538 ms
(10 rows)

===== 126 [Wed Mar  7 01:54:18 CET 2018] scale:1000 groups:100 work_mem:8MB incremental:off max_workers:0 =====
SELECT * FROM (SELECT * FROM s_2 ORDER BY a, b) foo ORDER BY a, b, c
                                                      QUERY PLAN                                                       
-----------------------------------------------------------------------------------------------------------------------
 Limit  (cost=141.66..141.66 rows=1 width=20) (actual time=0.484..0.484 rows=0 loops=1)
   ->  Sort  (cost=129.16..131.66 rows=1000 width=20) (actual time=0.430..0.462 rows=1000 loops=1)
         Sort Key: s_2.a, s_2.b, s_2.c
         Sort Method: quicksort  Memory: 103kB
         ->  Sort  (cost=66.83..69.33 rows=1000 width=20) (actual time=0.189..0.225 rows=1000 loops=1)
               Sort Key: s_2.a, s_2.b
               Sort Method: quicksort  Memory: 103kB
               ->  Seq Scan on s_2  (cost=0.00..17.00 rows=1000 width=20) (actual time=0.007..0.062 rows=1000 loops=1)
 Planning time: 0.197 ms
 Execution time: 0.505 ms
(10 rows)

===== 127 [Wed Mar  7 01:54:18 CET 2018] scale:1000 groups:100 work_mem:8MB incremental:off max_workers:0 =====
SELECT * FROM (SELECT * FROM s_3 ORDER BY a, b, c) foo ORDER BY a, b, c, d
                                                      QUERY PLAN                                                       
-----------------------------------------------------------------------------------------------------------------------
 Limit  (cost=141.66..141.66 rows=1 width=20) (actual time=0.418..0.418 rows=0 loops=1)
   ->  Sort  (cost=129.16..131.66 rows=1000 width=20) (actual time=0.365..0.396 rows=1000 loops=1)
         Sort Key: s_3.a, s_3.b, s_3.c, s_3.d
         Sort Method: quicksort  Memory: 103kB
         ->  Sort  (cost=66.83..69.33 rows=1000 width=20) (actual time=0.196..0.232 rows=1000 loops=1)
               Sort Key: s_3.a, s_3.b, s_3.c
               Sort Method: quicksort  Memory: 103kB
               ->  Seq Scan on s_3  (cost=0.00..17.00 rows=1000 width=20) (actual time=0.009..0.066 rows=1000 loops=1)
 Planning time: 0.204 ms
 Execution time: 0.439 ms
(10 rows)

===== 128 [Wed Mar  7 01:54:18 CET 2018] scale:1000 groups:100 work_mem:8MB incremental:off max_workers:0 =====
SELECT * FROM (SELECT * FROM s_4 ORDER BY a, b, c, d) foo ORDER BY a, b, c, d, e
                                                      QUERY PLAN                                                       
-----------------------------------------------------------------------------------------------------------------------
 Limit  (cost=141.66..141.66 rows=1 width=20) (actual time=0.415..0.415 rows=0 loops=1)
   ->  Sort  (cost=129.16..131.66 rows=1000 width=20) (actual time=0.361..0.392 rows=1000 loops=1)
         Sort Key: s_4.a, s_4.b, s_4.c, s_4.d, s_4.e
         Sort Method: quicksort  Memory: 103kB
         ->  Sort  (cost=66.83..69.33 rows=1000 width=20) (actual time=0.191..0.227 rows=1000 loops=1)
               Sort Key: s_4.a, s_4.b, s_4.c, s_4.d
               Sort Method: quicksort  Memory: 103kB
               ->  Seq Scan on s_4  (cost=0.00..17.00 rows=1000 width=20) (actual time=0.007..0.063 rows=1000 loops=1)
 Planning time: 0.211 ms
 Execution time: 0.436 ms
(10 rows)

===== 129 [Wed Mar  7 01:54:18 CET 2018] scale:1000 groups:100 work_mem:16MB incremental:on max_workers:0 =====
SELECT * FROM (SELECT * FROM s_1 ORDER BY a) foo ORDER BY a, b
                                                      QUERY PLAN                                                       
-----------------------------------------------------------------------------------------------------------------------
 Limit  (cost=125.39..125.39 rows=1 width=20) (actual time=0.491..0.491 rows=0 loops=1)
   ->  Incremental Sort  (cost=67.12..115.39 rows=1000 width=20) (actual time=0.231..0.464 rows=1000 loops=1)
         Sort Key: s_1.a, s_1.b
         Presorted Key: s_1.a
         Sort Method: quicksort  Memory: 28kB
         Sort Groups: 27
         ->  Sort  (cost=66.83..69.33 rows=1000 width=20) (actual time=0.188..0.226 rows=1000 loops=1)
               Sort Key: s_1.a
               Sort Method: quicksort  Memory: 103kB
               ->  Seq Scan on s_1  (cost=0.00..17.00 rows=1000 width=20) (actual time=0.004..0.068 rows=1000 loops=1)
 Planning time: 0.212 ms
 Execution time: 0.511 ms
(12 rows)

===== 130 [Wed Mar  7 01:54:18 CET 2018] scale:1000 groups:100 work_mem:16MB incremental:on max_workers:0 =====
SELECT * FROM (SELECT * FROM s_2 ORDER BY a, b) foo ORDER BY a, b, c
                                                      QUERY PLAN                                                       
-----------------------------------------------------------------------------------------------------------------------
 Limit  (cost=125.39..125.39 rows=1 width=20) (actual time=0.445..0.445 rows=0 loops=1)
   ->  Incremental Sort  (cost=67.12..115.39 rows=1000 width=20) (actual time=0.232..0.419 rows=1000 loops=1)
         Sort Key: s_2.a, s_2.b, s_2.c
         Presorted Key: s_2.a, s_2.b
         Sort Method: quicksort  Memory: 27kB
         Sort Groups: 32
         ->  Sort  (cost=66.83..69.33 rows=1000 width=20) (actual time=0.193..0.233 rows=1000 loops=1)
               Sort Key: s_2.a, s_2.b
               Sort Method: quicksort  Memory: 103kB
               ->  Seq Scan on s_2  (cost=0.00..17.00 rows=1000 width=20) (actual time=0.006..0.063 rows=1000 loops=1)
 Planning time: 0.205 ms
 Execution time: 0.465 ms
(12 rows)

===== 131 [Wed Mar  7 01:54:18 CET 2018] scale:1000 groups:100 work_mem:16MB incremental:on max_workers:0 =====
SELECT * FROM (SELECT * FROM s_3 ORDER BY a, b, c) foo ORDER BY a, b, c, d
                                                      QUERY PLAN                                                       
-----------------------------------------------------------------------------------------------------------------------
 Limit  (cost=125.39..125.39 rows=1 width=20) (actual time=0.439..0.439 rows=0 loops=1)
   ->  Incremental Sort  (cost=67.12..115.39 rows=1000 width=20) (actual time=0.229..0.412 rows=1000 loops=1)
         Sort Key: s_3.a, s_3.b, s_3.c, s_3.d
         Presorted Key: s_3.a, s_3.b, s_3.c
         Sort Method: quicksort  Memory: 27kB
         Sort Groups: 32
         ->  Sort  (cost=66.83..69.33 rows=1000 width=20) (actual time=0.190..0.229 rows=1000 loops=1)
               Sort Key: s_3.a, s_3.b, s_3.c
               Sort Method: quicksort  Memory: 103kB
               ->  Seq Scan on s_3  (cost=0.00..17.00 rows=1000 width=20) (actual time=0.009..0.062 rows=1000 loops=1)
 Planning time: 0.212 ms
 Execution time: 0.459 ms
(12 rows)

===== 132 [Wed Mar  7 01:54:18 CET 2018] scale:1000 groups:100 work_mem:16MB incremental:on max_workers:0 =====
SELECT * FROM (SELECT * FROM s_4 ORDER BY a, b, c, d) foo ORDER BY a, b, c, d, e
                                                      QUERY PLAN                                                       
-----------------------------------------------------------------------------------------------------------------------
 Limit  (cost=125.39..125.39 rows=1 width=20) (actual time=0.435..0.435 rows=0 loops=1)
   ->  Incremental Sort  (cost=67.12..115.39 rows=1000 width=20) (actual time=0.234..0.412 rows=1000 loops=1)
         Sort Key: s_4.a, s_4.b, s_4.c, s_4.d, s_4.e
         Presorted Key: s_4.a, s_4.b, s_4.c, s_4.d
         Sort Method: quicksort  Memory: 27kB
         Sort Groups: 32
         ->  Sort  (cost=66.83..69.33 rows=1000 width=20) (actual time=0.196..0.236 rows=1000 loops=1)
               Sort Key: s_4.a, s_4.b, s_4.c, s_4.d
               Sort Method: quicksort  Memory: 103kB
               ->  Seq Scan on s_4  (cost=0.00..17.00 rows=1000 width=20) (actual time=0.007..0.063 rows=1000 loops=1)
 Planning time: 0.222 ms
 Execution time: 0.456 ms
(12 rows)

===== 133 [Wed Mar  7 01:54:18 CET 2018] scale:1000 groups:100 work_mem:16MB incremental:off max_workers:0 =====
SELECT * FROM (SELECT * FROM s_1 ORDER BY a) foo ORDER BY a, b
                                                      QUERY PLAN                                                       
-----------------------------------------------------------------------------------------------------------------------
 Limit  (cost=141.66..141.66 rows=1 width=20) (actual time=0.513..0.513 rows=0 loops=1)
   ->  Sort  (cost=129.16..131.66 rows=1000 width=20) (actual time=0.458..0.490 rows=1000 loops=1)
         Sort Key: s_1.a, s_1.b
         Sort Method: quicksort  Memory: 103kB
         ->  Sort  (cost=66.83..69.33 rows=1000 width=20) (actual time=0.187..0.222 rows=1000 loops=1)
               Sort Key: s_1.a
               Sort Method: quicksort  Memory: 103kB
               ->  Seq Scan on s_1  (cost=0.00..17.00 rows=1000 width=20) (actual time=0.004..0.068 rows=1000 loops=1)
 Planning time: 0.205 ms
 Execution time: 0.534 ms
(10 rows)

===== 134 [Wed Mar  7 01:54:18 CET 2018] scale:1000 groups:100 work_mem:16MB incremental:off max_workers:0 =====
SELECT * FROM (SELECT * FROM s_2 ORDER BY a, b) foo ORDER BY a, b, c
                                                      QUERY PLAN                                                       
-----------------------------------------------------------------------------------------------------------------------
 Limit  (cost=141.66..141.66 rows=1 width=20) (actual time=0.488..0.488 rows=0 loops=1)
   ->  Sort  (cost=129.16..131.66 rows=1000 width=20) (actual time=0.434..0.465 rows=1000 loops=1)
         Sort Key: s_2.a, s_2.b, s_2.c
         Sort Method: quicksort  Memory: 103kB
         ->  Sort  (cost=66.83..69.33 rows=1000 width=20) (actual time=0.189..0.225 rows=1000 loops=1)
               Sort Key: s_2.a, s_2.b
               Sort Method: quicksort  Memory: 103kB
               ->  Seq Scan on s_2  (cost=0.00..17.00 rows=1000 width=20) (actual time=0.007..0.062 rows=1000 loops=1)
 Planning time: 0.205 ms
 Execution time: 0.509 ms
(10 rows)

===== 135 [Wed Mar  7 01:54:18 CET 2018] scale:1000 groups:100 work_mem:16MB incremental:off max_workers:0 =====
SELECT * FROM (SELECT * FROM s_3 ORDER BY a, b, c) foo ORDER BY a, b, c, d
                                                      QUERY PLAN                                                       
-----------------------------------------------------------------------------------------------------------------------
 Limit  (cost=141.66..141.66 rows=1 width=20) (actual time=0.418..0.418 rows=0 loops=1)
   ->  Sort  (cost=129.16..131.66 rows=1000 width=20) (actual time=0.364..0.395 rows=1000 loops=1)
         Sort Key: s_3.a, s_3.b, s_3.c, s_3.d
         Sort Method: quicksort  Memory: 103kB
         ->  Sort  (cost=66.83..69.33 rows=1000 width=20) (actual time=0.196..0.231 rows=1000 loops=1)
               Sort Key: s_3.a, s_3.b, s_3.c
               Sort Method: quicksort  Memory: 103kB
               ->  Seq Scan on s_3  (cost=0.00..17.00 rows=1000 width=20) (actual time=0.009..0.063 rows=1000 loops=1)
 Planning time: 0.203 ms
 Execution time: 0.438 ms
(10 rows)

===== 136 [Wed Mar  7 01:54:19 CET 2018] scale:1000 groups:100 work_mem:16MB incremental:off max_workers:0 =====
SELECT * FROM (SELECT * FROM s_4 ORDER BY a, b, c, d) foo ORDER BY a, b, c, d, e
                                                      QUERY PLAN                                                       
-----------------------------------------------------------------------------------------------------------------------
 Limit  (cost=141.66..141.66 rows=1 width=20) (actual time=0.423..0.423 rows=0 loops=1)
   ->  Sort  (cost=129.16..131.66 rows=1000 width=20) (actual time=0.369..0.400 rows=1000 loops=1)
         Sort Key: s_4.a, s_4.b, s_4.c, s_4.d, s_4.e
         Sort Method: quicksort  Memory: 103kB
         ->  Sort  (cost=66.83..69.33 rows=1000 width=20) (actual time=0.192..0.228 rows=1000 loops=1)
               Sort Key: s_4.a, s_4.b, s_4.c, s_4.d
               Sort Method: quicksort  Memory: 103kB
               ->  Seq Scan on s_4  (cost=0.00..17.00 rows=1000 width=20) (actual time=0.007..0.062 rows=1000 loops=1)
 Planning time: 0.211 ms
 Execution time: 0.443 ms
(10 rows)

===== 137 [Wed Mar  7 01:54:19 CET 2018] scale:1000 groups:100 work_mem:32MB incremental:on max_workers:0 =====
SELECT * FROM (SELECT * FROM s_1 ORDER BY a) foo ORDER BY a, b
                                                      QUERY PLAN                                                       
-----------------------------------------------------------------------------------------------------------------------
 Limit  (cost=125.39..125.39 rows=1 width=20) (actual time=0.491..0.491 rows=0 loops=1)
   ->  Incremental Sort  (cost=67.12..115.39 rows=1000 width=20) (actual time=0.234..0.465 rows=1000 loops=1)
         Sort Key: s_1.a, s_1.b
         Presorted Key: s_1.a
         Sort Method: quicksort  Memory: 28kB
         Sort Groups: 27
         ->  Sort  (cost=66.83..69.33 rows=1000 width=20) (actual time=0.188..0.226 rows=1000 loops=1)
               Sort Key: s_1.a
               Sort Method: quicksort  Memory: 103kB
               ->  Seq Scan on s_1  (cost=0.00..17.00 rows=1000 width=20) (actual time=0.004..0.069 rows=1000 loops=1)
 Planning time: 0.217 ms
 Execution time: 0.511 ms
(12 rows)

===== 138 [Wed Mar  7 01:54:19 CET 2018] scale:1000 groups:100 work_mem:32MB incremental:on max_workers:0 =====
SELECT * FROM (SELECT * FROM s_2 ORDER BY a, b) foo ORDER BY a, b, c
                                                      QUERY PLAN                                                       
-----------------------------------------------------------------------------------------------------------------------
 Limit  (cost=125.39..125.39 rows=1 width=20) (actual time=0.444..0.444 rows=0 loops=1)
   ->  Incremental Sort  (cost=67.12..115.39 rows=1000 width=20) (actual time=0.229..0.418 rows=1000 loops=1)
         Sort Key: s_2.a, s_2.b, s_2.c
         Presorted Key: s_2.a, s_2.b
         Sort Method: quicksort  Memory: 27kB
         Sort Groups: 32
         ->  Sort  (cost=66.83..69.33 rows=1000 width=20) (actual time=0.191..0.230 rows=1000 loops=1)
               Sort Key: s_2.a, s_2.b
               Sort Method: quicksort  Memory: 103kB
               ->  Seq Scan on s_2  (cost=0.00..17.00 rows=1000 width=20) (actual time=0.006..0.062 rows=1000 loops=1)
 Planning time: 0.203 ms
 Execution time: 0.464 ms
(12 rows)

===== 139 [Wed Mar  7 01:54:19 CET 2018] scale:1000 groups:100 work_mem:32MB incremental:on max_workers:0 =====
SELECT * FROM (SELECT * FROM s_3 ORDER BY a, b, c) foo ORDER BY a, b, c, d
                                                      QUERY PLAN                                                       
-----------------------------------------------------------------------------------------------------------------------
 Limit  (cost=125.39..125.39 rows=1 width=20) (actual time=0.442..0.442 rows=0 loops=1)
   ->  Incremental Sort  (cost=67.12..115.39 rows=1000 width=20) (actual time=0.234..0.416 rows=1000 loops=1)
         Sort Key: s_3.a, s_3.b, s_3.c, s_3.d
         Presorted Key: s_3.a, s_3.b, s_3.c
         Sort Method: quicksort  Memory: 27kB
         Sort Groups: 32
         ->  Sort  (cost=66.83..69.33 rows=1000 width=20) (actual time=0.193..0.233 rows=1000 loops=1)
               Sort Key: s_3.a, s_3.b, s_3.c
               Sort Method: quicksort  Memory: 103kB
               ->  Seq Scan on s_3  (cost=0.00..17.00 rows=1000 width=20) (actual time=0.009..0.062 rows=1000 loops=1)
 Planning time: 0.209 ms
 Execution time: 0.463 ms
(12 rows)

===== 140 [Wed Mar  7 01:54:19 CET 2018] scale:1000 groups:100 work_mem:32MB incremental:on max_workers:0 =====
SELECT * FROM (SELECT * FROM s_4 ORDER BY a, b, c, d) foo ORDER BY a, b, c, d, e
                                                      QUERY PLAN                                                       
-----------------------------------------------------------------------------------------------------------------------
 Limit  (cost=125.39..125.39 rows=1 width=20) (actual time=0.438..0.438 rows=0 loops=1)
   ->  Incremental Sort  (cost=67.12..115.39 rows=1000 width=20) (actual time=0.235..0.414 rows=1000 loops=1)
         Sort Key: s_4.a, s_4.b, s_4.c, s_4.d, s_4.e
         Presorted Key: s_4.a, s_4.b, s_4.c, s_4.d
         Sort Method: quicksort  Memory: 27kB
         Sort Groups: 32
         ->  Sort  (cost=66.83..69.33 rows=1000 width=20) (actual time=0.198..0.239 rows=1000 loops=1)
               Sort Key: s_4.a, s_4.b, s_4.c, s_4.d
               Sort Method: quicksort  Memory: 103kB
               ->  Seq Scan on s_4  (cost=0.00..17.00 rows=1000 width=20) (actual time=0.006..0.063 rows=1000 loops=1)
 Planning time: 0.221 ms
 Execution time: 0.458 ms
(12 rows)

===== 141 [Wed Mar  7 01:54:19 CET 2018] scale:1000 groups:100 work_mem:32MB incremental:off max_workers:0 =====
SELECT * FROM (SELECT * FROM s_1 ORDER BY a) foo ORDER BY a, b
                                                      QUERY PLAN                                                       
-----------------------------------------------------------------------------------------------------------------------
 Limit  (cost=141.66..141.66 rows=1 width=20) (actual time=0.511..0.511 rows=0 loops=1)
   ->  Sort  (cost=129.16..131.66 rows=1000 width=20) (actual time=0.457..0.488 rows=1000 loops=1)
         Sort Key: s_1.a, s_1.b
         Sort Method: quicksort  Memory: 103kB
         ->  Sort  (cost=66.83..69.33 rows=1000 width=20) (actual time=0.186..0.222 rows=1000 loops=1)
               Sort Key: s_1.a
               Sort Method: quicksort  Memory: 103kB
               ->  Seq Scan on s_1  (cost=0.00..17.00 rows=1000 width=20) (actual time=0.004..0.069 rows=1000 loops=1)
 Planning time: 0.203 ms
 Execution time: 0.532 ms
(10 rows)

===== 142 [Wed Mar  7 01:54:19 CET 2018] scale:1000 groups:100 work_mem:32MB incremental:off max_workers:0 =====
SELECT * FROM (SELECT * FROM s_2 ORDER BY a, b) foo ORDER BY a, b, c
                                                      QUERY PLAN                                                       
-----------------------------------------------------------------------------------------------------------------------
 Limit  (cost=141.66..141.66 rows=1 width=20) (actual time=0.489..0.489 rows=0 loops=1)
   ->  Sort  (cost=129.16..131.66 rows=1000 width=20) (actual time=0.434..0.466 rows=1000 loops=1)
         Sort Key: s_2.a, s_2.b, s_2.c
         Sort Method: quicksort  Memory: 103kB
         ->  Sort  (cost=66.83..69.33 rows=1000 width=20) (actual time=0.190..0.226 rows=1000 loops=1)
               Sort Key: s_2.a, s_2.b
               Sort Method: quicksort  Memory: 103kB
               ->  Seq Scan on s_2  (cost=0.00..17.00 rows=1000 width=20) (actual time=0.007..0.063 rows=1000 loops=1)
 Planning time: 0.200 ms
 Execution time: 0.511 ms
(10 rows)

===== 143 [Wed Mar  7 01:54:19 CET 2018] scale:1000 groups:100 work_mem:32MB incremental:off max_workers:0 =====
SELECT * FROM (SELECT * FROM s_3 ORDER BY a, b, c) foo ORDER BY a, b, c, d
                                                      QUERY PLAN                                                       
-----------------------------------------------------------------------------------------------------------------------
 Limit  (cost=141.66..141.66 rows=1 width=20) (actual time=0.414..0.414 rows=0 loops=1)
   ->  Sort  (cost=129.16..131.66 rows=1000 width=20) (actual time=0.360..0.391 rows=1000 loops=1)
         Sort Key: s_3.a, s_3.b, s_3.c, s_3.d
         Sort Method: quicksort  Memory: 103kB
         ->  Sort  (cost=66.83..69.33 rows=1000 width=20) (actual time=0.192..0.227 rows=1000 loops=1)
               Sort Key: s_3.a, s_3.b, s_3.c
               Sort Method: quicksort  Memory: 103kB
               ->  Seq Scan on s_3  (cost=0.00..17.00 rows=1000 width=20) (actual time=0.009..0.063 rows=1000 loops=1)
 Planning time: 0.211 ms
 Execution time: 0.435 ms
(10 rows)

===== 144 [Wed Mar  7 01:54:19 CET 2018] scale:1000 groups:100 work_mem:32MB incremental:off max_workers:0 =====
SELECT * FROM (SELECT * FROM s_4 ORDER BY a, b, c, d) foo ORDER BY a, b, c, d, e
                                                      QUERY PLAN                                                       
-----------------------------------------------------------------------------------------------------------------------
 Limit  (cost=141.66..141.66 rows=1 width=20) (actual time=0.414..0.414 rows=0 loops=1)
   ->  Sort  (cost=129.16..131.66 rows=1000 width=20) (actual time=0.360..0.391 rows=1000 loops=1)
         Sort Key: s_4.a, s_4.b, s_4.c, s_4.d, s_4.e
         Sort Method: quicksort  Memory: 103kB
         ->  Sort  (cost=66.83..69.33 rows=1000 width=20) (actual time=0.188..0.224 rows=1000 loops=1)
               Sort Key: s_4.a, s_4.b, s_4.c, s_4.d
               Sort Method: quicksort  Memory: 103kB
               ->  Seq Scan on s_4  (cost=0.00..17.00 rows=1000 width=20) (actual time=0.007..0.063 rows=1000 loops=1)
 Planning time: 0.209 ms
 Execution time: 0.435 ms
(10 rows)

===== 145 [Wed Mar  7 01:54:19 CET 2018] scale:1000 groups:100 work_mem:64MB incremental:on max_workers:0 =====
SELECT * FROM (SELECT * FROM s_1 ORDER BY a) foo ORDER BY a, b
                                                      QUERY PLAN                                                       
-----------------------------------------------------------------------------------------------------------------------
 Limit  (cost=125.39..125.39 rows=1 width=20) (actual time=0.479..0.479 rows=0 loops=1)
   ->  Incremental Sort  (cost=67.12..115.39 rows=1000 width=20) (actual time=0.230..0.457 rows=1000 loops=1)
         Sort Key: s_1.a, s_1.b
         Presorted Key: s_1.a
         Sort Method: quicksort  Memory: 28kB
         Sort Groups: 27
         ->  Sort  (cost=66.83..69.33 rows=1000 width=20) (actual time=0.187..0.226 rows=1000 loops=1)
               Sort Key: s_1.a
               Sort Method: quicksort  Memory: 103kB
               ->  Seq Scan on s_1  (cost=0.00..17.00 rows=1000 width=20) (actual time=0.004..0.069 rows=1000 loops=1)
 Planning time: 0.207 ms
 Execution time: 0.500 ms
(12 rows)

===== 146 [Wed Mar  7 01:54:19 CET 2018] scale:1000 groups:100 work_mem:64MB incremental:on max_workers:0 =====
SELECT * FROM (SELECT * FROM s_2 ORDER BY a, b) foo ORDER BY a, b, c
                                                      QUERY PLAN                                                       
-----------------------------------------------------------------------------------------------------------------------
 Limit  (cost=125.39..125.39 rows=1 width=20) (actual time=0.433..0.433 rows=0 loops=1)
   ->  Incremental Sort  (cost=67.12..115.39 rows=1000 width=20) (actual time=0.228..0.411 rows=1000 loops=1)
         Sort Key: s_2.a, s_2.b, s_2.c
         Presorted Key: s_2.a, s_2.b
         Sort Method: quicksort  Memory: 27kB
         Sort Groups: 32
         ->  Sort  (cost=66.83..69.33 rows=1000 width=20) (actual time=0.189..0.229 rows=1000 loops=1)
               Sort Key: s_2.a, s_2.b
               Sort Method: quicksort  Memory: 103kB
               ->  Seq Scan on s_2  (cost=0.00..17.00 rows=1000 width=20) (actual time=0.007..0.062 rows=1000 loops=1)
 Planning time: 0.214 ms
 Execution time: 0.454 ms
(12 rows)

===== 147 [Wed Mar  7 01:54:19 CET 2018] scale:1000 groups:100 work_mem:64MB incremental:on max_workers:0 =====
SELECT * FROM (SELECT * FROM s_3 ORDER BY a, b, c) foo ORDER BY a, b, c, d
                                                      QUERY PLAN                                                       
-----------------------------------------------------------------------------------------------------------------------
 Limit  (cost=125.39..125.39 rows=1 width=20) (actual time=0.421..0.421 rows=0 loops=1)
   ->  Incremental Sort  (cost=67.12..115.39 rows=1000 width=20) (actual time=0.233..0.399 rows=1000 loops=1)
         Sort Key: s_3.a, s_3.b, s_3.c, s_3.d
         Presorted Key: s_3.a, s_3.b, s_3.c
         Sort Method: quicksort  Memory: 27kB
         Sort Groups: 32
         ->  Sort  (cost=66.83..69.33 rows=1000 width=20) (actual time=0.191..0.230 rows=1000 loops=1)
               Sort Key: s_3.a, s_3.b, s_3.c
               Sort Method: quicksort  Memory: 103kB
               ->  Seq Scan on s_3  (cost=0.00..17.00 rows=1000 width=20) (actual time=0.010..0.063 rows=1000 loops=1)
 Planning time: 0.212 ms
 Execution time: 0.442 ms
(12 rows)

===== 148 [Wed Mar  7 01:54:19 CET 2018] scale:1000 groups:100 work_mem:64MB incremental:on max_workers:0 =====
SELECT * FROM (SELECT * FROM s_4 ORDER BY a, b, c, d) foo ORDER BY a, b, c, d, e
                                                      QUERY PLAN                                                       
-----------------------------------------------------------------------------------------------------------------------
 Limit  (cost=125.39..125.39 rows=1 width=20) (actual time=0.418..0.418 rows=0 loops=1)
   ->  Incremental Sort  (cost=67.12..115.39 rows=1000 width=20) (actual time=0.230..0.396 rows=1000 loops=1)
         Sort Key: s_4.a, s_4.b, s_4.c, s_4.d, s_4.e
         Presorted Key: s_4.a, s_4.b, s_4.c, s_4.d
         Sort Method: quicksort  Memory: 27kB
         Sort Groups: 32
         ->  Sort  (cost=66.83..69.33 rows=1000 width=20) (actual time=0.192..0.232 rows=1000 loops=1)
               Sort Key: s_4.a, s_4.b, s_4.c, s_4.d
               Sort Method: quicksort  Memory: 103kB
               ->  Seq Scan on s_4  (cost=0.00..17.00 rows=1000 width=20) (actual time=0.007..0.063 rows=1000 loops=1)
 Planning time: 0.222 ms
 Execution time: 0.439 ms
(12 rows)

===== 149 [Wed Mar  7 01:54:19 CET 2018] scale:1000 groups:100 work_mem:64MB incremental:off max_workers:0 =====
SELECT * FROM (SELECT * FROM s_1 ORDER BY a) foo ORDER BY a, b
                                                      QUERY PLAN                                                       
-----------------------------------------------------------------------------------------------------------------------
 Limit  (cost=141.66..141.66 rows=1 width=20) (actual time=0.512..0.512 rows=0 loops=1)
   ->  Sort  (cost=129.16..131.66 rows=1000 width=20) (actual time=0.457..0.489 rows=1000 loops=1)
         Sort Key: s_1.a, s_1.b
         Sort Method: quicksort  Memory: 103kB
         ->  Sort  (cost=66.83..69.33 rows=1000 width=20) (actual time=0.186..0.222 rows=1000 loops=1)
               Sort Key: s_1.a
               Sort Method: quicksort  Memory: 103kB
               ->  Seq Scan on s_1  (cost=0.00..17.00 rows=1000 width=20) (actual time=0.004..0.069 rows=1000 loops=1)
 Planning time: 0.206 ms
 Execution time: 0.533 ms
(10 rows)

===== 150 [Wed Mar  7 01:54:20 CET 2018] scale:1000 groups:100 work_mem:64MB incremental:off max_workers:0 =====
SELECT * FROM (SELECT * FROM s_2 ORDER BY a, b) foo ORDER BY a, b, c
                                                      QUERY PLAN                                                       
-----------------------------------------------------------------------------------------------------------------------
 Limit  (cost=141.66..141.66 rows=1 width=20) (actual time=0.494..0.494 rows=0 loops=1)
   ->  Sort  (cost=129.16..131.66 rows=1000 width=20) (actual time=0.440..0.471 rows=1000 loops=1)
         Sort Key: s_2.a, s_2.b, s_2.c
         Sort Method: quicksort  Memory: 103kB
         ->  Sort  (cost=66.83..69.33 rows=1000 width=20) (actual time=0.195..0.231 rows=1000 loops=1)
               Sort Key: s_2.a, s_2.b
               Sort Method: quicksort  Memory: 103kB
               ->  Seq Scan on s_2  (cost=0.00..17.00 rows=1000 width=20) (actual time=0.007..0.067 rows=1000 loops=1)
 Planning time: 0.196 ms
 Execution time: 0.514 ms
(10 rows)

===== 151 [Wed Mar  7 01:54:20 CET 2018] scale:1000 groups:100 work_mem:64MB incremental:off max_workers:0 =====
SELECT * FROM (SELECT * FROM s_3 ORDER BY a, b, c) foo ORDER BY a, b, c, d
                                                      QUERY PLAN                                                       
-----------------------------------------------------------------------------------------------------------------------
 Limit  (cost=141.66..141.66 rows=1 width=20) (actual time=0.416..0.416 rows=0 loops=1)
   ->  Sort  (cost=129.16..131.66 rows=1000 width=20) (actual time=0.362..0.393 rows=1000 loops=1)
         Sort Key: s_3.a, s_3.b, s_3.c, s_3.d
         Sort Method: quicksort  Memory: 103kB
         ->  Sort  (cost=66.83..69.33 rows=1000 width=20) (actual time=0.193..0.229 rows=1000 loops=1)
               Sort Key: s_3.a, s_3.b, s_3.c
               Sort Method: quicksort  Memory: 103kB
               ->  Seq Scan on s_3  (cost=0.00..17.00 rows=1000 width=20) (actual time=0.010..0.063 rows=1000 loops=1)
 Planning time: 0.205 ms
 Execution time: 0.437 ms
(10 rows)

===== 152 [Wed Mar  7 01:54:20 CET 2018] scale:1000 groups:100 work_mem:64MB incremental:off max_workers:0 =====
SELECT * FROM (SELECT * FROM s_4 ORDER BY a, b, c, d) foo ORDER BY a, b, c, d, e
                                                      QUERY PLAN                                                       
-----------------------------------------------------------------------------------------------------------------------
 Limit  (cost=141.66..141.66 rows=1 width=20) (actual time=0.416..0.416 rows=0 loops=1)
   ->  Sort  (cost=129.16..131.66 rows=1000 width=20) (actual time=0.363..0.394 rows=1000 loops=1)
         Sort Key: s_4.a, s_4.b, s_4.c, s_4.d, s_4.e
         Sort Method: quicksort  Memory: 103kB
         ->  Sort  (cost=66.83..69.33 rows=1000 width=20) (actual time=0.192..0.228 rows=1000 loops=1)
               Sort Key: s_4.a, s_4.b, s_4.c, s_4.d
               Sort Method: quicksort  Memory: 103kB
               ->  Seq Scan on s_4  (cost=0.00..17.00 rows=1000 width=20) (actual time=0.007..0.063 rows=1000 loops=1)
 Planning time: 0.221 ms
 Execution time: 0.437 ms
(10 rows)

===== 153 [Wed Mar  7 01:54:20 CET 2018] scale:1000 groups:100 work_mem:128MB incremental:on max_workers:0 =====
SELECT * FROM (SELECT * FROM s_1 ORDER BY a) foo ORDER BY a, b
                                                      QUERY PLAN                                                       
-----------------------------------------------------------------------------------------------------------------------
 Limit  (cost=125.39..125.39 rows=1 width=20) (actual time=0.492..0.492 rows=0 loops=1)
   ->  Incremental Sort  (cost=67.12..115.39 rows=1000 width=20) (actual time=0.236..0.466 rows=1000 loops=1)
         Sort Key: s_1.a, s_1.b
         Presorted Key: s_1.a
         Sort Method: quicksort  Memory: 28kB
         Sort Groups: 27
         ->  Sort  (cost=66.83..69.33 rows=1000 width=20) (actual time=0.192..0.231 rows=1000 loops=1)
               Sort Key: s_1.a
               Sort Method: quicksort  Memory: 103kB
               ->  Seq Scan on s_1  (cost=0.00..17.00 rows=1000 width=20) (actual time=0.004..0.069 rows=1000 loops=1)
 Planning time: 0.211 ms
 Execution time: 0.513 ms
(12 rows)

===== 154 [Wed Mar  7 01:54:20 CET 2018] scale:1000 groups:100 work_mem:128MB incremental:on max_workers:0 =====
SELECT * FROM (SELECT * FROM s_2 ORDER BY a, b) foo ORDER BY a, b, c
                                                      QUERY PLAN                                                       
-----------------------------------------------------------------------------------------------------------------------
 Limit  (cost=125.39..125.39 rows=1 width=20) (actual time=0.443..0.443 rows=0 loops=1)
   ->  Incremental Sort  (cost=67.12..115.39 rows=1000 width=20) (actual time=0.227..0.417 rows=1000 loops=1)
         Sort Key: s_2.a, s_2.b, s_2.c
         Presorted Key: s_2.a, s_2.b
         Sort Method: quicksort  Memory: 27kB
         Sort Groups: 32
         ->  Sort  (cost=66.83..69.33 rows=1000 width=20) (actual time=0.190..0.229 rows=1000 loops=1)
               Sort Key: s_2.a, s_2.b
               Sort Method: quicksort  Memory: 103kB
               ->  Seq Scan on s_2  (cost=0.00..17.00 rows=1000 width=20) (actual time=0.007..0.062 rows=1000 loops=1)
 Planning time: 0.208 ms
 Execution time: 0.464 ms
(12 rows)

===== 155 [Wed Mar  7 01:54:20 CET 2018] scale:1000 groups:100 work_mem:128MB incremental:on max_workers:0 =====
SELECT * FROM (SELECT * FROM s_3 ORDER BY a, b, c) foo ORDER BY a, b, c, d
                                                      QUERY PLAN                                                       
-----------------------------------------------------------------------------------------------------------------------
 Limit  (cost=125.39..125.39 rows=1 width=20) (actual time=0.433..0.433 rows=0 loops=1)
   ->  Incremental Sort  (cost=67.12..115.39 rows=1000 width=20) (actual time=0.228..0.407 rows=1000 loops=1)
         Sort Key: s_3.a, s_3.b, s_3.c, s_3.d
         Presorted Key: s_3.a, s_3.b, s_3.c
         Sort Method: quicksort  Memory: 27kB
         Sort Groups: 32
         ->  Sort  (cost=66.83..69.33 rows=1000 width=20) (actual time=0.189..0.229 rows=1000 loops=1)
               Sort Key: s_3.a, s_3.b, s_3.c
               Sort Method: quicksort  Memory: 103kB
               ->  Seq Scan on s_3  (cost=0.00..17.00 rows=1000 width=20) (actual time=0.010..0.063 rows=1000 loops=1)
 Planning time: 0.216 ms
 Execution time: 0.453 ms
(12 rows)

===== 156 [Wed Mar  7 01:54:20 CET 2018] scale:1000 groups:100 work_mem:128MB incremental:on max_workers:0 =====
SELECT * FROM (SELECT * FROM s_4 ORDER BY a, b, c, d) foo ORDER BY a, b, c, d, e
                                                      QUERY PLAN                                                       
-----------------------------------------------------------------------------------------------------------------------
 Limit  (cost=125.39..125.39 rows=1 width=20) (actual time=0.430..0.430 rows=0 loops=1)
   ->  Incremental Sort  (cost=67.12..115.39 rows=1000 width=20) (actual time=0.229..0.407 rows=1000 loops=1)
         Sort Key: s_4.a, s_4.b, s_4.c, s_4.d, s_4.e
         Presorted Key: s_4.a, s_4.b, s_4.c, s_4.d
         Sort Method: quicksort  Memory: 27kB
         Sort Groups: 32
         ->  Sort  (cost=66.83..69.33 rows=1000 width=20) (actual time=0.192..0.232 rows=1000 loops=1)
               Sort Key: s_4.a, s_4.b, s_4.c, s_4.d
               Sort Method: quicksort  Memory: 103kB
               ->  Seq Scan on s_4  (cost=0.00..17.00 rows=1000 width=20) (actual time=0.007..0.062 rows=1000 loops=1)
 Planning time: 0.217 ms
 Execution time: 0.453 ms
(12 rows)

===== 157 [Wed Mar  7 01:54:20 CET 2018] scale:1000 groups:100 work_mem:128MB incremental:off max_workers:0 =====
SELECT * FROM (SELECT * FROM s_1 ORDER BY a) foo ORDER BY a, b
                                                      QUERY PLAN                                                       
-----------------------------------------------------------------------------------------------------------------------
 Limit  (cost=141.66..141.66 rows=1 width=20) (actual time=0.510..0.510 rows=0 loops=1)
   ->  Sort  (cost=129.16..131.66 rows=1000 width=20) (actual time=0.456..0.487 rows=1000 loops=1)
         Sort Key: s_1.a, s_1.b
         Sort Method: quicksort  Memory: 103kB
         ->  Sort  (cost=66.83..69.33 rows=1000 width=20) (actual time=0.186..0.221 rows=1000 loops=1)
               Sort Key: s_1.a
               Sort Method: quicksort  Memory: 103kB
               ->  Seq Scan on s_1  (cost=0.00..17.00 rows=1000 width=20) (actual time=0.004..0.069 rows=1000 loops=1)
 Planning time: 0.203 ms
 Execution time: 0.531 ms
(10 rows)

===== 158 [Wed Mar  7 01:54:20 CET 2018] scale:1000 groups:100 work_mem:128MB incremental:off max_workers:0 =====
SELECT * FROM (SELECT * FROM s_2 ORDER BY a, b) foo ORDER BY a, b, c
                                                      QUERY PLAN                                                       
-----------------------------------------------------------------------------------------------------------------------
 Limit  (cost=141.66..141.66 rows=1 width=20) (actual time=0.487..0.487 rows=0 loops=1)
   ->  Sort  (cost=129.16..131.66 rows=1000 width=20) (actual time=0.433..0.465 rows=1000 loops=1)
         Sort Key: s_2.a, s_2.b, s_2.c
         Sort Method: quicksort  Memory: 103kB
         ->  Sort  (cost=66.83..69.33 rows=1000 width=20) (actual time=0.189..0.224 rows=1000 loops=1)
               Sort Key: s_2.a, s_2.b
               Sort Method: quicksort  Memory: 103kB
               ->  Seq Scan on s_2  (cost=0.00..17.00 rows=1000 width=20) (actual time=0.007..0.063 rows=1000 loops=1)
 Planning time: 0.203 ms
 Execution time: 0.509 ms
(10 rows)

===== 159 [Wed Mar  7 01:54:20 CET 2018] scale:1000 groups:100 work_mem:128MB incremental:off max_workers:0 =====
SELECT * FROM (SELECT * FROM s_3 ORDER BY a, b, c) foo ORDER BY a, b, c, d
                                                      QUERY PLAN                                                       
-----------------------------------------------------------------------------------------------------------------------
 Limit  (cost=141.66..141.66 rows=1 width=20) (actual time=0.422..0.422 rows=0 loops=1)
   ->  Sort  (cost=129.16..131.66 rows=1000 width=20) (actual time=0.369..0.399 rows=1000 loops=1)
         Sort Key: s_3.a, s_3.b, s_3.c, s_3.d
         Sort Method: quicksort  Memory: 103kB
         ->  Sort  (cost=66.83..69.33 rows=1000 width=20) (actual time=0.194..0.230 rows=1000 loops=1)
               Sort Key: s_3.a, s_3.b, s_3.c
               Sort Method: quicksort  Memory: 103kB
               ->  Seq Scan on s_3  (cost=0.00..17.00 rows=1000 width=20) (actual time=0.010..0.063 rows=1000 loops=1)
 Planning time: 0.207 ms
 Execution time: 0.444 ms
(10 rows)

===== 160 [Wed Mar  7 01:54:20 CET 2018] scale:1000 groups:100 work_mem:128MB incremental:off max_workers:0 =====
SELECT * FROM (SELECT * FROM s_4 ORDER BY a, b, c, d) foo ORDER BY a, b, c, d, e
                                                      QUERY PLAN                                                       
-----------------------------------------------------------------------------------------------------------------------
 Limit  (cost=141.66..141.66 rows=1 width=20) (actual time=0.421..0.421 rows=0 loops=1)
   ->  Sort  (cost=129.16..131.66 rows=1000 width=20) (actual time=0.368..0.399 rows=1000 loops=1)
         Sort Key: s_4.a, s_4.b, s_4.c, s_4.d, s_4.e
         Sort Method: quicksort  Memory: 103kB
         ->  Sort  (cost=66.83..69.33 rows=1000 width=20) (actual time=0.197..0.233 rows=1000 loops=1)
               Sort Key: s_4.a, s_4.b, s_4.c, s_4.d
               Sort Method: quicksort  Memory: 103kB
               ->  Seq Scan on s_4  (cost=0.00..17.00 rows=1000 width=20) (actual time=0.007..0.063 rows=1000 loops=1)
 Planning time: 0.212 ms
 Execution time: 0.442 ms
(10 rows)

===== 161 [Wed Mar  7 01:54:20 CET 2018] scale:1000 groups:100 work_mem:256MB incremental:on max_workers:0 =====
SELECT * FROM (SELECT * FROM s_1 ORDER BY a) foo ORDER BY a, b
                                                      QUERY PLAN                                                       
-----------------------------------------------------------------------------------------------------------------------
 Limit  (cost=125.39..125.39 rows=1 width=20) (actual time=0.496..0.496 rows=0 loops=1)
   ->  Incremental Sort  (cost=67.12..115.39 rows=1000 width=20) (actual time=0.231..0.469 rows=1000 loops=1)
         Sort Key: s_1.a, s_1.b
         Presorted Key: s_1.a
         Sort Method: quicksort  Memory: 28kB
         Sort Groups: 27
         ->  Sort  (cost=66.83..69.33 rows=1000 width=20) (actual time=0.187..0.226 rows=1000 loops=1)
               Sort Key: s_1.a
               Sort Method: quicksort  Memory: 103kB
               ->  Seq Scan on s_1  (cost=0.00..17.00 rows=1000 width=20) (actual time=0.004..0.068 rows=1000 loops=1)
 Planning time: 0.209 ms
 Execution time: 0.517 ms
(12 rows)

===== 162 [Wed Mar  7 01:54:20 CET 2018] scale:1000 groups:100 work_mem:256MB incremental:on max_workers:0 =====
SELECT * FROM (SELECT * FROM s_2 ORDER BY a, b) foo ORDER BY a, b, c
                                                      QUERY PLAN                                                       
-----------------------------------------------------------------------------------------------------------------------
 Limit  (cost=125.39..125.39 rows=1 width=20) (actual time=0.453..0.453 rows=0 loops=1)
   ->  Incremental Sort  (cost=67.12..115.39 rows=1000 width=20) (actual time=0.232..0.427 rows=1000 loops=1)
         Sort Key: s_2.a, s_2.b, s_2.c
         Presorted Key: s_2.a, s_2.b
         Sort Method: quicksort  Memory: 27kB
         Sort Groups: 32
         ->  Sort  (cost=66.83..69.33 rows=1000 width=20) (actual time=0.192..0.239 rows=1000 loops=1)
               Sort Key: s_2.a, s_2.b
               Sort Method: quicksort  Memory: 103kB
               ->  Seq Scan on s_2  (cost=0.00..17.00 rows=1000 width=20) (actual time=0.007..0.062 rows=1000 loops=1)
 Planning time: 0.206 ms
 Execution time: 0.474 ms
(12 rows)

===== 163 [Wed Mar  7 01:54:20 CET 2018] scale:1000 groups:100 work_mem:256MB incremental:on max_workers:0 =====
SELECT * FROM (SELECT * FROM s_3 ORDER BY a, b, c) foo ORDER BY a, b, c, d
                                                      QUERY PLAN                                                       
-----------------------------------------------------------------------------------------------------------------------
 Limit  (cost=125.39..125.39 rows=1 width=20) (actual time=0.436..0.436 rows=0 loops=1)
   ->  Incremental Sort  (cost=67.12..115.39 rows=1000 width=20) (actual time=0.229..0.410 rows=1000 loops=1)
         Sort Key: s_3.a, s_3.b, s_3.c, s_3.d
         Presorted Key: s_3.a, s_3.b, s_3.c
         Sort Method: quicksort  Memory: 27kB
         Sort Groups: 32
         ->  Sort  (cost=66.83..69.33 rows=1000 width=20) (actual time=0.190..0.230 rows=1000 loops=1)
               Sort Key: s_3.a, s_3.b, s_3.c
               Sort Method: quicksort  Memory: 103kB
               ->  Seq Scan on s_3  (cost=0.00..17.00 rows=1000 width=20) (actual time=0.009..0.062 rows=1000 loops=1)
 Planning time: 0.212 ms
 Execution time: 0.458 ms
(12 rows)

===== 164 [Wed Mar  7 01:54:20 CET 2018] scale:1000 groups:100 work_mem:256MB incremental:on max_workers:0 =====
SELECT * FROM (SELECT * FROM s_4 ORDER BY a, b, c, d) foo ORDER BY a, b, c, d, e
                                                      QUERY PLAN                                                       
-----------------------------------------------------------------------------------------------------------------------
 Limit  (cost=125.39..125.39 rows=1 width=20) (actual time=0.433..0.433 rows=0 loops=1)
   ->  Incremental Sort  (cost=67.12..115.39 rows=1000 width=20) (actual time=0.230..0.410 rows=1000 loops=1)
         Sort Key: s_4.a, s_4.b, s_4.c, s_4.d, s_4.e
         Presorted Key: s_4.a, s_4.b, s_4.c, s_4.d
         Sort Method: quicksort  Memory: 27kB
         Sort Groups: 32
         ->  Sort  (cost=66.83..69.33 rows=1000 width=20) (actual time=0.194..0.234 rows=1000 loops=1)
               Sort Key: s_4.a, s_4.b, s_4.c, s_4.d
               Sort Method: quicksort  Memory: 103kB
               ->  Seq Scan on s_4  (cost=0.00..17.00 rows=1000 width=20) (actual time=0.007..0.063 rows=1000 loops=1)
 Planning time: 0.226 ms
 Execution time: 0.454 ms
(12 rows)

===== 165 [Wed Mar  7 01:54:21 CET 2018] scale:1000 groups:100 work_mem:256MB incremental:off max_workers:0 =====
SELECT * FROM (SELECT * FROM s_1 ORDER BY a) foo ORDER BY a, b
                                                      QUERY PLAN                                                       
-----------------------------------------------------------------------------------------------------------------------
 Limit  (cost=141.66..141.66 rows=1 width=20) (actual time=0.520..0.520 rows=0 loops=1)
   ->  Sort  (cost=129.16..131.66 rows=1000 width=20) (actual time=0.465..0.497 rows=1000 loops=1)
         Sort Key: s_1.a, s_1.b
         Sort Method: quicksort  Memory: 103kB
         ->  Sort  (cost=66.83..69.33 rows=1000 width=20) (actual time=0.187..0.223 rows=1000 loops=1)
               Sort Key: s_1.a
               Sort Method: quicksort  Memory: 103kB
               ->  Seq Scan on s_1  (cost=0.00..17.00 rows=1000 width=20) (actual time=0.004..0.069 rows=1000 loops=1)
 Planning time: 0.203 ms
 Execution time: 0.541 ms
(10 rows)

===== 166 [Wed Mar  7 01:54:21 CET 2018] scale:1000 groups:100 work_mem:256MB incremental:off max_workers:0 =====
SELECT * FROM (SELECT * FROM s_2 ORDER BY a, b) foo ORDER BY a, b, c
                                                      QUERY PLAN                                                       
-----------------------------------------------------------------------------------------------------------------------
 Limit  (cost=141.66..141.66 rows=1 width=20) (actual time=0.488..0.488 rows=0 loops=1)
   ->  Sort  (cost=129.16..131.66 rows=1000 width=20) (actual time=0.434..0.466 rows=1000 loops=1)
         Sort Key: s_2.a, s_2.b, s_2.c
         Sort Method: quicksort  Memory: 103kB
         ->  Sort  (cost=66.83..69.33 rows=1000 width=20) (actual time=0.191..0.226 rows=1000 loops=1)
               Sort Key: s_2.a, s_2.b
               Sort Method: quicksort  Memory: 103kB
               ->  Seq Scan on s_2  (cost=0.00..17.00 rows=1000 width=20) (actual time=0.007..0.062 rows=1000 loops=1)
 Planning time: 0.210 ms
 Execution time: 0.509 ms
(10 rows)

===== 167 [Wed Mar  7 01:54:21 CET 2018] scale:1000 groups:100 work_mem:256MB incremental:off max_workers:0 =====
SELECT * FROM (SELECT * FROM s_3 ORDER BY a, b, c) foo ORDER BY a, b, c, d
                                                      QUERY PLAN                                                       
-----------------------------------------------------------------------------------------------------------------------
 Limit  (cost=141.66..141.66 rows=1 width=20) (actual time=0.426..0.426 rows=0 loops=1)
   ->  Sort  (cost=129.16..131.66 rows=1000 width=20) (actual time=0.372..0.403 rows=1000 loops=1)
         Sort Key: s_3.a, s_3.b, s_3.c, s_3.d
         Sort Method: quicksort  Memory: 103kB
         ->  Sort  (cost=66.83..69.33 rows=1000 width=20) (actual time=0.202..0.238 rows=1000 loops=1)
               Sort Key: s_3.a, s_3.b, s_3.c
               Sort Method: quicksort  Memory: 103kB
               ->  Seq Scan on s_3  (cost=0.00..17.00 rows=1000 width=20) (actual time=0.010..0.063 rows=1000 loops=1)
 Planning time: 0.206 ms
 Execution time: 0.447 ms
(10 rows)

===== 168 [Wed Mar  7 01:54:21 CET 2018] scale:1000 groups:100 work_mem:256MB incremental:off max_workers:0 =====
SELECT * FROM (SELECT * FROM s_4 ORDER BY a, b, c, d) foo ORDER BY a, b, c, d, e
                                                      QUERY PLAN                                                       
-----------------------------------------------------------------------------------------------------------------------
 Limit  (cost=141.66..141.66 rows=1 width=20) (actual time=0.416..0.416 rows=0 loops=1)
   ->  Sort  (cost=129.16..131.66 rows=1000 width=20) (actual time=0.362..0.393 rows=1000 loops=1)
         Sort Key: s_4.a, s_4.b, s_4.c, s_4.d, s_4.e
         Sort Method: quicksort  Memory: 103kB
         ->  Sort  (cost=66.83..69.33 rows=1000 width=20) (actual time=0.192..0.228 rows=1000 loops=1)
               Sort Key: s_4.a, s_4.b, s_4.c, s_4.d
               Sort Method: quicksort  Memory: 103kB
               ->  Seq Scan on s_4  (cost=0.00..17.00 rows=1000 width=20) (actual time=0.007..0.062 rows=1000 loops=1)
 Planning time: 0.211 ms
 Execution time: 0.437 ms
(10 rows)

===== 169 [Wed Mar  7 01:54:21 CET 2018] scale:1000 groups:100 work_mem:4MB incremental:on max_workers:2 =====
SELECT * FROM (SELECT * FROM s_1 ORDER BY a) foo ORDER BY a, b
                                                      QUERY PLAN                                                       
-----------------------------------------------------------------------------------------------------------------------
 Limit  (cost=125.39..125.39 rows=1 width=20) (actual time=0.477..0.477 rows=0 loops=1)
   ->  Incremental Sort  (cost=67.12..115.39 rows=1000 width=20) (actual time=0.231..0.454 rows=1000 loops=1)
         Sort Key: s_1.a, s_1.b
         Presorted Key: s_1.a
         Sort Method: quicksort  Memory: 28kB
         Sort Groups: 27
         ->  Sort  (cost=66.83..69.33 rows=1000 width=20) (actual time=0.188..0.227 rows=1000 loops=1)
               Sort Key: s_1.a
               Sort Method: quicksort  Memory: 103kB
               ->  Seq Scan on s_1  (cost=0.00..17.00 rows=1000 width=20) (actual time=0.004..0.069 rows=1000 loops=1)
 Planning time: 0.229 ms
 Execution time: 0.498 ms
(12 rows)

===== 170 [Wed Mar  7 01:54:21 CET 2018] scale:1000 groups:100 work_mem:4MB incremental:on max_workers:2 =====
SELECT * FROM (SELECT * FROM s_2 ORDER BY a, b) foo ORDER BY a, b, c
                                                      QUERY PLAN                                                       
-----------------------------------------------------------------------------------------------------------------------
 Limit  (cost=125.39..125.39 rows=1 width=20) (actual time=0.441..0.441 rows=0 loops=1)
   ->  Incremental Sort  (cost=67.12..115.39 rows=1000 width=20) (actual time=0.229..0.418 rows=1000 loops=1)
         Sort Key: s_2.a, s_2.b, s_2.c
         Presorted Key: s_2.a, s_2.b
         Sort Method: quicksort  Memory: 27kB
         Sort Groups: 32
         ->  Sort  (cost=66.83..69.33 rows=1000 width=20) (actual time=0.190..0.229 rows=1000 loops=1)
               Sort Key: s_2.a, s_2.b
               Sort Method: quicksort  Memory: 103kB
               ->  Seq Scan on s_2  (cost=0.00..17.00 rows=1000 width=20) (actual time=0.007..0.062 rows=1000 loops=1)
 Planning time: 0.209 ms
 Execution time: 0.461 ms
(12 rows)

===== 171 [Wed Mar  7 01:54:21 CET 2018] scale:1000 groups:100 work_mem:4MB incremental:on max_workers:2 =====
SELECT * FROM (SELECT * FROM s_3 ORDER BY a, b, c) foo ORDER BY a, b, c, d
                                                      QUERY PLAN                                                       
-----------------------------------------------------------------------------------------------------------------------
 Limit  (cost=125.39..125.39 rows=1 width=20) (actual time=0.429..0.429 rows=0 loops=1)
   ->  Incremental Sort  (cost=67.12..115.39 rows=1000 width=20) (actual time=0.242..0.407 rows=1000 loops=1)
         Sort Key: s_3.a, s_3.b, s_3.c, s_3.d
         Presorted Key: s_3.a, s_3.b, s_3.c
         Sort Method: quicksort  Memory: 27kB
         Sort Groups: 32
         ->  Sort  (cost=66.83..69.33 rows=1000 width=20) (actual time=0.199..0.238 rows=1000 loops=1)
               Sort Key: s_3.a, s_3.b, s_3.c
               Sort Method: quicksort  Memory: 103kB
               ->  Seq Scan on s_3  (cost=0.00..17.00 rows=1000 width=20) (actual time=0.016..0.069 rows=1000 loops=1)
 Planning time: 0.215 ms
 Execution time: 0.450 ms
(12 rows)

===== 172 [Wed Mar  7 01:54:21 CET 2018] scale:1000 groups:100 work_mem:4MB incremental:on max_workers:2 =====
SELECT * FROM (SELECT * FROM s_4 ORDER BY a, b, c, d) foo ORDER BY a, b, c, d, e
                                                      QUERY PLAN                                                       
-----------------------------------------------------------------------------------------------------------------------
 Limit  (cost=125.39..125.39 rows=1 width=20) (actual time=0.424..0.424 rows=0 loops=1)
   ->  Incremental Sort  (cost=67.12..115.39 rows=1000 width=20) (actual time=0.237..0.401 rows=1000 loops=1)
         Sort Key: s_4.a, s_4.b, s_4.c, s_4.d, s_4.e
         Presorted Key: s_4.a, s_4.b, s_4.c, s_4.d
         Sort Method: quicksort  Memory: 27kB
         Sort Groups: 32
         ->  Sort  (cost=66.83..69.33 rows=1000 width=20) (actual time=0.199..0.239 rows=1000 loops=1)
               Sort Key: s_4.a, s_4.b, s_4.c, s_4.d
               Sort Method: quicksort  Memory: 103kB
               ->  Seq Scan on s_4  (cost=0.00..17.00 rows=1000 width=20) (actual time=0.007..0.063 rows=1000 loops=1)
 Planning time: 0.223 ms
 Execution time: 0.443 ms
(12 rows)

===== 173 [Wed Mar  7 01:54:21 CET 2018] scale:1000 groups:100 work_mem:4MB incremental:off max_workers:2 =====
SELECT * FROM (SELECT * FROM s_1 ORDER BY a) foo ORDER BY a, b
                                                      QUERY PLAN                                                       
-----------------------------------------------------------------------------------------------------------------------
 Limit  (cost=141.66..141.66 rows=1 width=20) (actual time=0.518..0.518 rows=0 loops=1)
   ->  Sort  (cost=129.16..131.66 rows=1000 width=20) (actual time=0.464..0.496 rows=1000 loops=1)
         Sort Key: s_1.a, s_1.b
         Sort Method: quicksort  Memory: 103kB
         ->  Sort  (cost=66.83..69.33 rows=1000 width=20) (actual time=0.192..0.228 rows=1000 loops=1)
               Sort Key: s_1.a
               Sort Method: quicksort  Memory: 103kB
               ->  Seq Scan on s_1  (cost=0.00..17.00 rows=1000 width=20) (actual time=0.004..0.069 rows=1000 loops=1)
 Planning time: 0.210 ms
 Execution time: 0.539 ms
(10 rows)

===== 174 [Wed Mar  7 01:54:21 CET 2018] scale:1000 groups:100 work_mem:4MB incremental:off max_workers:2 =====
SELECT * FROM (SELECT * FROM s_2 ORDER BY a, b) foo ORDER BY a, b, c
                                                      QUERY PLAN                                                       
-----------------------------------------------------------------------------------------------------------------------
 Limit  (cost=141.66..141.66 rows=1 width=20) (actual time=0.489..0.489 rows=0 loops=1)
   ->  Sort  (cost=129.16..131.66 rows=1000 width=20) (actual time=0.435..0.466 rows=1000 loops=1)
         Sort Key: s_2.a, s_2.b, s_2.c
         Sort Method: quicksort  Memory: 103kB
         ->  Sort  (cost=66.83..69.33 rows=1000 width=20) (actual time=0.194..0.229 rows=1000 loops=1)
               Sort Key: s_2.a, s_2.b
               Sort Method: quicksort  Memory: 103kB
               ->  Seq Scan on s_2  (cost=0.00..17.00 rows=1000 width=20) (actual time=0.007..0.063 rows=1000 loops=1)
 Planning time: 0.201 ms
 Execution time: 0.510 ms
(10 rows)

===== 175 [Wed Mar  7 01:54:21 CET 2018] scale:1000 groups:100 work_mem:4MB incremental:off max_workers:2 =====
SELECT * FROM (SELECT * FROM s_3 ORDER BY a, b, c) foo ORDER BY a, b, c, d
                                                      QUERY PLAN                                                       
-----------------------------------------------------------------------------------------------------------------------
 Limit  (cost=141.66..141.66 rows=1 width=20) (actual time=0.416..0.416 rows=0 loops=1)
   ->  Sort  (cost=129.16..131.66 rows=1000 width=20) (actual time=0.362..0.393 rows=1000 loops=1)
         Sort Key: s_3.a, s_3.b, s_3.c, s_3.d
         Sort Method: quicksort  Memory: 103kB
         ->  Sort  (cost=66.83..69.33 rows=1000 width=20) (actual time=0.193..0.228 rows=1000 loops=1)
               Sort Key: s_3.a, s_3.b, s_3.c
               Sort Method: quicksort  Memory: 103kB
               ->  Seq Scan on s_3  (cost=0.00..17.00 rows=1000 width=20) (actual time=0.010..0.063 rows=1000 loops=1)
 Planning time: 0.207 ms
 Execution time: 0.437 ms
(10 rows)

===== 176 [Wed Mar  7 01:54:21 CET 2018] scale:1000 groups:100 work_mem:4MB incremental:off max_workers:2 =====
SELECT * FROM (SELECT * FROM s_4 ORDER BY a, b, c, d) foo ORDER BY a, b, c, d, e
                                                      QUERY PLAN                                                       
-----------------------------------------------------------------------------------------------------------------------
 Limit  (cost=141.66..141.66 rows=1 width=20) (actual time=0.421..0.421 rows=0 loops=1)
   ->  Sort  (cost=129.16..131.66 rows=1000 width=20) (actual time=0.367..0.398 rows=1000 loops=1)
         Sort Key: s_4.a, s_4.b, s_4.c, s_4.d, s_4.e
         Sort Method: quicksort  Memory: 103kB
         ->  Sort  (cost=66.83..69.33 rows=1000 width=20) (actual time=0.190..0.226 rows=1000 loops=1)
               Sort Key: s_4.a, s_4.b, s_4.c, s_4.d
               Sort Method: quicksort  Memory: 103kB
               ->  Seq Scan on s_4  (cost=0.00..17.00 rows=1000 width=20) (actual time=0.007..0.063 rows=1000 loops=1)
 Planning time: 0.215 ms
 Execution time: 0.441 ms
(10 rows)

===== 177 [Wed Mar  7 01:54:21 CET 2018] scale:1000 groups:100 work_mem:8MB incremental:on max_workers:2 =====
SELECT * FROM (SELECT * FROM s_1 ORDER BY a) foo ORDER BY a, b
                                                      QUERY PLAN                                                       
-----------------------------------------------------------------------------------------------------------------------
 Limit  (cost=125.39..125.39 rows=1 width=20) (actual time=0.491..0.491 rows=0 loops=1)
   ->  Incremental Sort  (cost=67.12..115.39 rows=1000 width=20) (actual time=0.231..0.465 rows=1000 loops=1)
         Sort Key: s_1.a, s_1.b
         Presorted Key: s_1.a
         Sort Method: quicksort  Memory: 28kB
         Sort Groups: 27
         ->  Sort  (cost=66.83..69.33 rows=1000 width=20) (actual time=0.187..0.226 rows=1000 loops=1)
               Sort Key: s_1.a
               Sort Method: quicksort  Memory: 103kB
               ->  Seq Scan on s_1  (cost=0.00..17.00 rows=1000 width=20) (actual time=0.004..0.068 rows=1000 loops=1)
 Planning time: 0.212 ms
 Execution time: 0.514 ms
(12 rows)

===== 178 [Wed Mar  7 01:54:22 CET 2018] scale:1000 groups:100 work_mem:8MB incremental:on max_workers:2 =====
SELECT * FROM (SELECT * FROM s_2 ORDER BY a, b) foo ORDER BY a, b, c
                                                      QUERY PLAN                                                       
-----------------------------------------------------------------------------------------------------------------------
 Limit  (cost=125.39..125.39 rows=1 width=20) (actual time=0.444..0.444 rows=0 loops=1)
   ->  Incremental Sort  (cost=67.12..115.39 rows=1000 width=20) (actual time=0.233..0.418 rows=1000 loops=1)
         Sort Key: s_2.a, s_2.b, s_2.c
         Presorted Key: s_2.a, s_2.b
         Sort Method: quicksort  Memory: 27kB
         Sort Groups: 32
         ->  Sort  (cost=66.83..69.33 rows=1000 width=20) (actual time=0.196..0.235 rows=1000 loops=1)
               Sort Key: s_2.a, s_2.b
               Sort Method: quicksort  Memory: 103kB
               ->  Seq Scan on s_2  (cost=0.00..17.00 rows=1000 width=20) (actual time=0.007..0.062 rows=1000 loops=1)
 Planning time: 0.208 ms
 Execution time: 0.465 ms
(12 rows)

===== 179 [Wed Mar  7 01:54:22 CET 2018] scale:1000 groups:100 work_mem:8MB incremental:on max_workers:2 =====
SELECT * FROM (SELECT * FROM s_3 ORDER BY a, b, c) foo ORDER BY a, b, c, d
                                                      QUERY PLAN                                                       
-----------------------------------------------------------------------------------------------------------------------
 Limit  (cost=125.39..125.39 rows=1 width=20) (actual time=0.435..0.435 rows=0 loops=1)
   ->  Incremental Sort  (cost=67.12..115.39 rows=1000 width=20) (actual time=0.230..0.409 rows=1000 loops=1)
         Sort Key: s_3.a, s_3.b, s_3.c, s_3.d
         Presorted Key: s_3.a, s_3.b, s_3.c
         Sort Method: quicksort  Memory: 27kB
         Sort Groups: 32
         ->  Sort  (cost=66.83..69.33 rows=1000 width=20) (actual time=0.190..0.230 rows=1000 loops=1)
               Sort Key: s_3.a, s_3.b, s_3.c
               Sort Method: quicksort  Memory: 103kB
               ->  Seq Scan on s_3  (cost=0.00..17.00 rows=1000 width=20) (actual time=0.010..0.062 rows=1000 loops=1)
 Planning time: 0.223 ms
 Execution time: 0.456 ms
(12 rows)

===== 180 [Wed Mar  7 01:54:22 CET 2018] scale:1000 groups:100 work_mem:8MB incremental:on max_workers:2 =====
SELECT * FROM (SELECT * FROM s_4 ORDER BY a, b, c, d) foo ORDER BY a, b, c, d, e
                                                      QUERY PLAN                                                       
-----------------------------------------------------------------------------------------------------------------------
 Limit  (cost=125.39..125.39 rows=1 width=20) (actual time=0.430..0.430 rows=0 loops=1)
   ->  Incremental Sort  (cost=67.12..115.39 rows=1000 width=20) (actual time=0.228..0.407 rows=1000 loops=1)
         Sort Key: s_4.a, s_4.b, s_4.c, s_4.d, s_4.e
         Presorted Key: s_4.a, s_4.b, s_4.c, s_4.d
         Sort Method: quicksort  Memory: 27kB
         Sort Groups: 32
         ->  Sort  (cost=66.83..69.33 rows=1000 width=20) (actual time=0.190..0.230 rows=1000 loops=1)
               Sort Key: s_4.a, s_4.b, s_4.c, s_4.d
               Sort Method: quicksort  Memory: 103kB
               ->  Seq Scan on s_4  (cost=0.00..17.00 rows=1000 width=20) (actual time=0.007..0.062 rows=1000 loops=1)
 Planning time: 0.223 ms
 Execution time: 0.451 ms
(12 rows)

===== 181 [Wed Mar  7 01:54:22 CET 2018] scale:1000 groups:100 work_mem:8MB incremental:off max_workers:2 =====
SELECT * FROM (SELECT * FROM s_1 ORDER BY a) foo ORDER BY a, b
                                                      QUERY PLAN                                                       
-----------------------------------------------------------------------------------------------------------------------
 Limit  (cost=141.66..141.66 rows=1 width=20) (actual time=0.519..0.519 rows=0 loops=1)
   ->  Sort  (cost=129.16..131.66 rows=1000 width=20) (actual time=0.465..0.496 rows=1000 loops=1)
         Sort Key: s_1.a, s_1.b
         Sort Method: quicksort  Memory: 103kB
         ->  Sort  (cost=66.83..69.33 rows=1000 width=20) (actual time=0.187..0.222 rows=1000 loops=1)
               Sort Key: s_1.a
               Sort Method: quicksort  Memory: 103kB
               ->  Seq Scan on s_1  (cost=0.00..17.00 rows=1000 width=20) (actual time=0.004..0.069 rows=1000 loops=1)
 Planning time: 0.207 ms
 Execution time: 0.540 ms
(10 rows)

===== 182 [Wed Mar  7 01:54:22 CET 2018] scale:1000 groups:100 work_mem:8MB incremental:off max_workers:2 =====
SELECT * FROM (SELECT * FROM s_2 ORDER BY a, b) foo ORDER BY a, b, c
                                                      QUERY PLAN                                                       
-----------------------------------------------------------------------------------------------------------------------
 Limit  (cost=141.66..141.66 rows=1 width=20) (actual time=0.491..0.491 rows=0 loops=1)
   ->  Sort  (cost=129.16..131.66 rows=1000 width=20) (actual time=0.437..0.468 rows=1000 loops=1)
         Sort Key: s_2.a, s_2.b, s_2.c
         Sort Method: quicksort  Memory: 103kB
         ->  Sort  (cost=66.83..69.33 rows=1000 width=20) (actual time=0.194..0.230 rows=1000 loops=1)
               Sort Key: s_2.a, s_2.b
               Sort Method: quicksort  Memory: 103kB
               ->  Seq Scan on s_2  (cost=0.00..17.00 rows=1000 width=20) (actual time=0.007..0.067 rows=1000 loops=1)
 Planning time: 0.202 ms
 Execution time: 0.512 ms
(10 rows)

===== 183 [Wed Mar  7 01:54:22 CET 2018] scale:1000 groups:100 work_mem:8MB incremental:off max_workers:2 =====
SELECT * FROM (SELECT * FROM s_3 ORDER BY a, b, c) foo ORDER BY a, b, c, d
                                                      QUERY PLAN                                                       
-----------------------------------------------------------------------------------------------------------------------
 Limit  (cost=141.66..141.66 rows=1 width=20) (actual time=0.419..0.419 rows=0 loops=1)
   ->  Sort  (cost=129.16..131.66 rows=1000 width=20) (actual time=0.365..0.396 rows=1000 loops=1)
         Sort Key: s_3.a, s_3.b, s_3.c, s_3.d
         Sort Method: quicksort  Memory: 103kB
         ->  Sort  (cost=66.83..69.33 rows=1000 width=20) (actual time=0.196..0.231 rows=1000 loops=1)
               Sort Key: s_3.a, s_3.b, s_3.c
               Sort Method: quicksort  Memory: 103kB
               ->  Seq Scan on s_3  (cost=0.00..17.00 rows=1000 width=20) (actual time=0.010..0.063 rows=1000 loops=1)
 Planning time: 0.206 ms
 Execution time: 0.440 ms
(10 rows)

===== 184 [Wed Mar  7 01:54:22 CET 2018] scale:1000 groups:100 work_mem:8MB incremental:off max_workers:2 =====
SELECT * FROM (SELECT * FROM s_4 ORDER BY a, b, c, d) foo ORDER BY a, b, c, d, e
                                                      QUERY PLAN                                                       
-----------------------------------------------------------------------------------------------------------------------
 Limit  (cost=141.66..141.66 rows=1 width=20) (actual time=0.414..0.414 rows=0 loops=1)
   ->  Sort  (cost=129.16..131.66 rows=1000 width=20) (actual time=0.360..0.392 rows=1000 loops=1)
         Sort Key: s_4.a, s_4.b, s_4.c, s_4.d, s_4.e
         Sort Method: quicksort  Memory: 103kB
         ->  Sort  (cost=66.83..69.33 rows=1000 width=20) (actual time=0.191..0.227 rows=1000 loops=1)
               Sort Key: s_4.a, s_4.b, s_4.c, s_4.d
               Sort Method: quicksort  Memory: 103kB
               ->  Seq Scan on s_4  (cost=0.00..17.00 rows=1000 width=20) (actual time=0.007..0.063 rows=1000 loops=1)
 Planning time: 0.218 ms
 Execution time: 0.434 ms
(10 rows)

===== 185 [Wed Mar  7 01:54:22 CET 2018] scale:1000 groups:100 work_mem:16MB incremental:on max_workers:2 =====
SELECT * FROM (SELECT * FROM s_1 ORDER BY a) foo ORDER BY a, b
                                                      QUERY PLAN                                                       
-----------------------------------------------------------------------------------------------------------------------
 Limit  (cost=125.39..125.39 rows=1 width=20) (actual time=0.493..0.493 rows=0 loops=1)
   ->  Incremental Sort  (cost=67.12..115.39 rows=1000 width=20) (actual time=0.235..0.467 rows=1000 loops=1)
         Sort Key: s_1.a, s_1.b
         Presorted Key: s_1.a
         Sort Method: quicksort  Memory: 28kB
         Sort Groups: 27
         ->  Sort  (cost=66.83..69.33 rows=1000 width=20) (actual time=0.191..0.230 rows=1000 loops=1)
               Sort Key: s_1.a
               Sort Method: quicksort  Memory: 103kB
               ->  Seq Scan on s_1  (cost=0.00..17.00 rows=1000 width=20) (actual time=0.004..0.072 rows=1000 loops=1)
 Planning time: 0.216 ms
 Execution time: 0.514 ms
(12 rows)

===== 186 [Wed Mar  7 01:54:22 CET 2018] scale:1000 groups:100 work_mem:16MB incremental:on max_workers:2 =====
SELECT * FROM (SELECT * FROM s_2 ORDER BY a, b) foo ORDER BY a, b, c
                                                      QUERY PLAN                                                       
-----------------------------------------------------------------------------------------------------------------------
 Limit  (cost=125.39..125.39 rows=1 width=20) (actual time=0.441..0.441 rows=0 loops=1)
   ->  Incremental Sort  (cost=67.12..115.39 rows=1000 width=20) (actual time=0.229..0.415 rows=1000 loops=1)
         Sort Key: s_2.a, s_2.b, s_2.c
         Presorted Key: s_2.a, s_2.b
         Sort Method: quicksort  Memory: 27kB
         Sort Groups: 32
         ->  Sort  (cost=66.83..69.33 rows=1000 width=20) (actual time=0.191..0.231 rows=1000 loops=1)
               Sort Key: s_2.a, s_2.b
               Sort Method: quicksort  Memory: 103kB
               ->  Seq Scan on s_2  (cost=0.00..17.00 rows=1000 width=20) (actual time=0.007..0.062 rows=1000 loops=1)
 Planning time: 0.215 ms
 Execution time: 0.461 ms
(12 rows)

===== 187 [Wed Mar  7 01:54:22 CET 2018] scale:1000 groups:100 work_mem:16MB incremental:on max_workers:2 =====
SELECT * FROM (SELECT * FROM s_3 ORDER BY a, b, c) foo ORDER BY a, b, c, d
                                                      QUERY PLAN                                                       
-----------------------------------------------------------------------------------------------------------------------
 Limit  (cost=125.39..125.39 rows=1 width=20) (actual time=0.433..0.433 rows=0 loops=1)
   ->  Incremental Sort  (cost=67.12..115.39 rows=1000 width=20) (actual time=0.230..0.407 rows=1000 loops=1)
         Sort Key: s_3.a, s_3.b, s_3.c, s_3.d
         Presorted Key: s_3.a, s_3.b, s_3.c
         Sort Method: quicksort  Memory: 27kB
         Sort Groups: 32
         ->  Sort  (cost=66.83..69.33 rows=1000 width=20) (actual time=0.190..0.230 rows=1000 loops=1)
               Sort Key: s_3.a, s_3.b, s_3.c
               Sort Method: quicksort  Memory: 103kB
               ->  Seq Scan on s_3  (cost=0.00..17.00 rows=1000 width=20) (actual time=0.009..0.062 rows=1000 loops=1)
 Planning time: 0.210 ms
 Execution time: 0.455 ms
(12 rows)

===== 188 [Wed Mar  7 01:54:22 CET 2018] scale:1000 groups:100 work_mem:16MB incremental:on max_workers:2 =====
SELECT * FROM (SELECT * FROM s_4 ORDER BY a, b, c, d) foo ORDER BY a, b, c, d, e
                                                      QUERY PLAN                                                       
-----------------------------------------------------------------------------------------------------------------------
 Limit  (cost=125.39..125.39 rows=1 width=20) (actual time=0.438..0.438 rows=0 loops=1)
   ->  Incremental Sort  (cost=67.12..115.39 rows=1000 width=20) (actual time=0.236..0.415 rows=1000 loops=1)
         Sort Key: s_4.a, s_4.b, s_4.c, s_4.d, s_4.e
         Presorted Key: s_4.a, s_4.b, s_4.c, s_4.d
         Sort Method: quicksort  Memory: 27kB
         Sort Groups: 32
         ->  Sort  (cost=66.83..69.33 rows=1000 width=20) (actual time=0.192..0.232 rows=1000 loops=1)
               Sort Key: s_4.a, s_4.b, s_4.c, s_4.d
               Sort Method: quicksort  Memory: 103kB
               ->  Seq Scan on s_4  (cost=0.00..17.00 rows=1000 width=20) (actual time=0.007..0.062 rows=1000 loops=1)
 Planning time: 0.223 ms
 Execution time: 0.459 ms
(12 rows)

===== 189 [Wed Mar  7 01:54:22 CET 2018] scale:1000 groups:100 work_mem:16MB incremental:off max_workers:2 =====
SELECT * FROM (SELECT * FROM s_1 ORDER BY a) foo ORDER BY a, b
                                                      QUERY PLAN                                                       
-----------------------------------------------------------------------------------------------------------------------
 Limit  (cost=141.66..141.66 rows=1 width=20) (actual time=0.513..0.513 rows=0 loops=1)
   ->  Sort  (cost=129.16..131.66 rows=1000 width=20) (actual time=0.459..0.491 rows=1000 loops=1)
         Sort Key: s_1.a, s_1.b
         Sort Method: quicksort  Memory: 103kB
         ->  Sort  (cost=66.83..69.33 rows=1000 width=20) (actual time=0.187..0.223 rows=1000 loops=1)
               Sort Key: s_1.a
               Sort Method: quicksort  Memory: 103kB
               ->  Seq Scan on s_1  (cost=0.00..17.00 rows=1000 width=20) (actual time=0.004..0.069 rows=1000 loops=1)
 Planning time: 0.209 ms
 Execution time: 0.535 ms
(10 rows)

===== 190 [Wed Mar  7 01:54:22 CET 2018] scale:1000 groups:100 work_mem:16MB incremental:off max_workers:2 =====
SELECT * FROM (SELECT * FROM s_2 ORDER BY a, b) foo ORDER BY a, b, c
                                                      QUERY PLAN                                                       
-----------------------------------------------------------------------------------------------------------------------
 Limit  (cost=141.66..141.66 rows=1 width=20) (actual time=0.494..0.494 rows=0 loops=1)
   ->  Sort  (cost=129.16..131.66 rows=1000 width=20) (actual time=0.440..0.471 rows=1000 loops=1)
         Sort Key: s_2.a, s_2.b, s_2.c
         Sort Method: quicksort  Memory: 103kB
         ->  Sort  (cost=66.83..69.33 rows=1000 width=20) (actual time=0.197..0.233 rows=1000 loops=1)
               Sort Key: s_2.a, s_2.b
               Sort Method: quicksort  Memory: 103kB
               ->  Seq Scan on s_2  (cost=0.00..17.00 rows=1000 width=20) (actual time=0.007..0.063 rows=1000 loops=1)
 Planning time: 0.204 ms
 Execution time: 0.515 ms
(10 rows)

===== 191 [Wed Mar  7 01:54:22 CET 2018] scale:1000 groups:100 work_mem:16MB incremental:off max_workers:2 =====
SELECT * FROM (SELECT * FROM s_3 ORDER BY a, b, c) foo ORDER BY a, b, c, d
                                                      QUERY PLAN                                                       
-----------------------------------------------------------------------------------------------------------------------
 Limit  (cost=141.66..141.66 rows=1 width=20) (actual time=0.413..0.413 rows=0 loops=1)
   ->  Sort  (cost=129.16..131.66 rows=1000 width=20) (actual time=0.360..0.391 rows=1000 loops=1)
         Sort Key: s_3.a, s_3.b, s_3.c, s_3.d
         Sort Method: quicksort  Memory: 103kB
         ->  Sort  (cost=66.83..69.33 rows=1000 width=20) (actual time=0.191..0.227 rows=1000 loops=1)
               Sort Key: s_3.a, s_3.b, s_3.c
               Sort Method: quicksort  Memory: 103kB
               ->  Seq Scan on s_3  (cost=0.00..17.00 rows=1000 width=20) (actual time=0.009..0.062 rows=1000 loops=1)
 Planning time: 0.205 ms
 Execution time: 0.434 ms
(10 rows)

===== 192 [Wed Mar  7 01:54:22 CET 2018] scale:1000 groups:100 work_mem:16MB incremental:off max_workers:2 =====
SELECT * FROM (SELECT * FROM s_4 ORDER BY a, b, c, d) foo ORDER BY a, b, c, d, e
                                                      QUERY PLAN                                                       
-----------------------------------------------------------------------------------------------------------------------
 Limit  (cost=141.66..141.66 rows=1 width=20) (actual time=0.422..0.422 rows=0 loops=1)
   ->  Sort  (cost=129.16..131.66 rows=1000 width=20) (actual time=0.369..0.400 rows=1000 loops=1)
         Sort Key: s_4.a, s_4.b, s_4.c, s_4.d, s_4.e
         Sort Method: quicksort  Memory: 103kB
         ->  Sort  (cost=66.83..69.33 rows=1000 width=20) (actual time=0.192..0.234 rows=1000 loops=1)
               Sort Key: s_4.a, s_4.b, s_4.c, s_4.d
               Sort Method: quicksort  Memory: 103kB
               ->  Seq Scan on s_4  (cost=0.00..17.00 rows=1000 width=20) (actual time=0.007..0.063 rows=1000 loops=1)
 Planning time: 0.216 ms
 Execution time: 0.444 ms
(10 rows)

===== 193 [Wed Mar  7 01:54:23 CET 2018] scale:1000 groups:100 work_mem:32MB incremental:on max_workers:2 =====
SELECT * FROM (SELECT * FROM s_1 ORDER BY a) foo ORDER BY a, b
                                                      QUERY PLAN                                                       
-----------------------------------------------------------------------------------------------------------------------
 Limit  (cost=125.39..125.39 rows=1 width=20) (actual time=0.484..0.484 rows=0 loops=1)
   ->  Incremental Sort  (cost=67.12..115.39 rows=1000 width=20) (actual time=0.231..0.461 rows=1000 loops=1)
         Sort Key: s_1.a, s_1.b
         Presorted Key: s_1.a
         Sort Method: quicksort  Memory: 28kB
         Sort Groups: 27
         ->  Sort  (cost=66.83..69.33 rows=1000 width=20) (actual time=0.188..0.227 rows=1000 loops=1)
               Sort Key: s_1.a
               Sort Method: quicksort  Memory: 103kB
               ->  Seq Scan on s_1  (cost=0.00..17.00 rows=1000 width=20) (actual time=0.004..0.069 rows=1000 loops=1)
 Planning time: 0.214 ms
 Execution time: 0.508 ms
(12 rows)

===== 194 [Wed Mar  7 01:54:23 CET 2018] scale:1000 groups:100 work_mem:32MB incremental:on max_workers:2 =====
SELECT * FROM (SELECT * FROM s_2 ORDER BY a, b) foo ORDER BY a, b, c
                                                      QUERY PLAN                                                       
-----------------------------------------------------------------------------------------------------------------------
 Limit  (cost=125.39..125.39 rows=1 width=20) (actual time=0.435..0.435 rows=0 loops=1)
   ->  Incremental Sort  (cost=67.12..115.39 rows=1000 width=20) (actual time=0.230..0.413 rows=1000 loops=1)
         Sort Key: s_2.a, s_2.b, s_2.c
         Presorted Key: s_2.a, s_2.b
         Sort Method: quicksort  Memory: 27kB
         Sort Groups: 32
         ->  Sort  (cost=66.83..69.33 rows=1000 width=20) (actual time=0.190..0.230 rows=1000 loops=1)
               Sort Key: s_2.a, s_2.b
               Sort Method: quicksort  Memory: 103kB
               ->  Seq Scan on s_2  (cost=0.00..17.00 rows=1000 width=20) (actual time=0.007..0.063 rows=1000 loops=1)
 Planning time: 0.206 ms
 Execution time: 0.456 ms
(12 rows)

===== 195 [Wed Mar  7 01:54:23 CET 2018] scale:1000 groups:100 work_mem:32MB incremental:on max_workers:2 =====
SELECT * FROM (SELECT * FROM s_3 ORDER BY a, b, c) foo ORDER BY a, b, c, d
                                                      QUERY PLAN                                                       
-----------------------------------------------------------------------------------------------------------------------
 Limit  (cost=125.39..125.39 rows=1 width=20) (actual time=0.423..0.423 rows=0 loops=1)
   ->  Incremental Sort  (cost=67.12..115.39 rows=1000 width=20) (actual time=0.236..0.400 rows=1000 loops=1)
         Sort Key: s_3.a, s_3.b, s_3.c, s_3.d
         Presorted Key: s_3.a, s_3.b, s_3.c
         Sort Method: quicksort  Memory: 27kB
         Sort Groups: 32
         ->  Sort  (cost=66.83..69.33 rows=1000 width=20) (actual time=0.194..0.234 rows=1000 loops=1)
               Sort Key: s_3.a, s_3.b, s_3.c
               Sort Method: quicksort  Memory: 103kB
               ->  Seq Scan on s_3  (cost=0.00..17.00 rows=1000 width=20) (actual time=0.009..0.062 rows=1000 loops=1)
 Planning time: 0.214 ms
 Execution time: 0.443 ms
(12 rows)

===== 196 [Wed Mar  7 01:54:23 CET 2018] scale:1000 groups:100 work_mem:32MB incremental:on max_workers:2 =====
SELECT * FROM (SELECT * FROM s_4 ORDER BY a, b, c, d) foo ORDER BY a, b, c, d, e
                                                      QUERY PLAN                                                       
-----------------------------------------------------------------------------------------------------------------------
 Limit  (cost=125.39..125.39 rows=1 width=20) (actual time=0.416..0.416 rows=0 loops=1)
   ->  Incremental Sort  (cost=67.12..115.39 rows=1000 width=20) (actual time=0.229..0.394 rows=1000 loops=1)
         Sort Key: s_4.a, s_4.b, s_4.c, s_4.d, s_4.e
         Presorted Key: s_4.a, s_4.b, s_4.c, s_4.d
         Sort Method: quicksort  Memory: 27kB
         Sort Groups: 32
         ->  Sort  (cost=66.83..69.33 rows=1000 width=20) (actual time=0.191..0.231 rows=1000 loops=1)
               Sort Key: s_4.a, s_4.b, s_4.c, s_4.d
               Sort Method: quicksort  Memory: 103kB
               ->  Seq Scan on s_4  (cost=0.00..17.00 rows=1000 width=20) (actual time=0.007..0.062 rows=1000 loops=1)
 Planning time: 0.229 ms
 Execution time: 0.437 ms
(12 rows)

===== 197 [Wed Mar  7 01:54:23 CET 2018] scale:1000 groups:100 work_mem:32MB incremental:off max_workers:2 =====
SELECT * FROM (SELECT * FROM s_1 ORDER BY a) foo ORDER BY a, b
                                                      QUERY PLAN                                                       
-----------------------------------------------------------------------------------------------------------------------
 Limit  (cost=141.66..141.66 rows=1 width=20) (actual time=0.516..0.516 rows=0 loops=1)
   ->  Sort  (cost=129.16..131.66 rows=1000 width=20) (actual time=0.461..0.493 rows=1000 loops=1)
         Sort Key: s_1.a, s_1.b
         Sort Method: quicksort  Memory: 103kB
         ->  Sort  (cost=66.83..69.33 rows=1000 width=20) (actual time=0.187..0.222 rows=1000 loops=1)
               Sort Key: s_1.a
               Sort Method: quicksort  Memory: 103kB
               ->  Seq Scan on s_1  (cost=0.00..17.00 rows=1000 width=20) (actual time=0.004..0.069 rows=1000 loops=1)
 Planning time: 0.206 ms
 Execution time: 0.537 ms
(10 rows)

===== 198 [Wed Mar  7 01:54:23 CET 2018] scale:1000 groups:100 work_mem:32MB incremental:off max_workers:2 =====
SELECT * FROM (SELECT * FROM s_2 ORDER BY a, b) foo ORDER BY a, b, c
                                                      QUERY PLAN                                                       
-----------------------------------------------------------------------------------------------------------------------
 Limit  (cost=141.66..141.66 rows=1 width=20) (actual time=0.486..0.486 rows=0 loops=1)
   ->  Sort  (cost=129.16..131.66 rows=1000 width=20) (actual time=0.432..0.463 rows=1000 loops=1)
         Sort Key: s_2.a, s_2.b, s_2.c
         Sort Method: quicksort  Memory: 103kB
         ->  Sort  (cost=66.83..69.33 rows=1000 width=20) (actual time=0.190..0.226 rows=1000 loops=1)
               Sort Key: s_2.a, s_2.b
               Sort Method: quicksort  Memory: 103kB
               ->  Seq Scan on s_2  (cost=0.00..17.00 rows=1000 width=20) (actual time=0.007..0.063 rows=1000 loops=1)
 Planning time: 0.201 ms
 Execution time: 0.506 ms
(10 rows)

===== 199 [Wed Mar  7 01:54:23 CET 2018] scale:1000 groups:100 work_mem:32MB incremental:off max_workers:2 =====
SELECT * FROM (SELECT * FROM s_3 ORDER BY a, b, c) foo ORDER BY a, b, c, d
                                                      QUERY PLAN                                                       
-----------------------------------------------------------------------------------------------------------------------
 Limit  (cost=141.66..141.66 rows=1 width=20) (actual time=0.415..0.415 rows=0 loops=1)
   ->  Sort  (cost=129.16..131.66 rows=1000 width=20) (actual time=0.361..0.392 rows=1000 loops=1)
         Sort Key: s_3.a, s_3.b, s_3.c, s_3.d
         Sort Method: quicksort  Memory: 103kB
         ->  Sort  (cost=66.83..69.33 rows=1000 width=20) (actual time=0.194..0.229 rows=1000 loops=1)
               Sort Key: s_3.a, s_3.b, s_3.c
               Sort Method: quicksort  Memory: 103kB
               ->  Seq Scan on s_3  (cost=0.00..17.00 rows=1000 width=20) (actual time=0.010..0.063 rows=1000 loops=1)
 Planning time: 0.207 ms
 Execution time: 0.438 ms
(10 rows)

===== 200 [Wed Mar  7 01:54:23 CET 2018] scale:1000 groups:100 work_mem:32MB incremental:off max_workers:2 =====
SELECT * FROM (SELECT * FROM s_4 ORDER BY a, b, c, d) foo ORDER BY a, b, c, d, e
                                                      QUERY PLAN                                                       
-----------------------------------------------------------------------------------------------------------------------
 Limit  (cost=141.66..141.66 rows=1 width=20) (actual time=0.417..0.417 rows=0 loops=1)
   ->  Sort  (cost=129.16..131.66 rows=1000 width=20) (actual time=0.364..0.395 rows=1000 loops=1)
         Sort Key: s_4.a, s_4.b, s_4.c, s_4.d, s_4.e
         Sort Method: quicksort  Memory: 103kB
         ->  Sort  (cost=66.83..69.33 rows=1000 width=20) (actual time=0.195..0.231 rows=1000 loops=1)
               Sort Key: s_4.a, s_4.b, s_4.c, s_4.d
               Sort Method: quicksort  Memory: 103kB
               ->  Seq Scan on s_4  (cost=0.00..17.00 rows=1000 width=20) (actual time=0.007..0.067 rows=1000 loops=1)
 Planning time: 0.214 ms
 Execution time: 0.438 ms
(10 rows)

===== 201 [Wed Mar  7 01:54:23 CET 2018] scale:1000 groups:100 work_mem:64MB incremental:on max_workers:2 =====
SELECT * FROM (SELECT * FROM s_1 ORDER BY a) foo ORDER BY a, b
                                                      QUERY PLAN                                                       
-----------------------------------------------------------------------------------------------------------------------
 Limit  (cost=125.39..125.39 rows=1 width=20) (actual time=0.492..0.492 rows=0 loops=1)
   ->  Incremental Sort  (cost=67.12..115.39 rows=1000 width=20) (actual time=0.234..0.466 rows=1000 loops=1)
         Sort Key: s_1.a, s_1.b
         Presorted Key: s_1.a
         Sort Method: quicksort  Memory: 28kB
         Sort Groups: 27
         ->  Sort  (cost=66.83..69.33 rows=1000 width=20) (actual time=0.191..0.230 rows=1000 loops=1)
               Sort Key: s_1.a
               Sort Method: quicksort  Memory: 103kB
               ->  Seq Scan on s_1  (cost=0.00..17.00 rows=1000 width=20) (actual time=0.004..0.074 rows=1000 loops=1)
 Planning time: 0.212 ms
 Execution time: 0.513 ms
(12 rows)

===== 202 [Wed Mar  7 01:54:23 CET 2018] scale:1000 groups:100 work_mem:64MB incremental:on max_workers:2 =====
SELECT * FROM (SELECT * FROM s_2 ORDER BY a, b) foo ORDER BY a, b, c
                                                      QUERY PLAN                                                       
-----------------------------------------------------------------------------------------------------------------------
 Limit  (cost=125.39..125.39 rows=1 width=20) (actual time=0.448..0.448 rows=0 loops=1)
   ->  Incremental Sort  (cost=67.12..115.39 rows=1000 width=20) (actual time=0.227..0.422 rows=1000 loops=1)
         Sort Key: s_2.a, s_2.b, s_2.c
         Presorted Key: s_2.a, s_2.b
         Sort Method: quicksort  Memory: 27kB
         Sort Groups: 32
         ->  Sort  (cost=66.83..69.33 rows=1000 width=20) (actual time=0.189..0.236 rows=1000 loops=1)
               Sort Key: s_2.a, s_2.b
               Sort Method: quicksort  Memory: 103kB
               ->  Seq Scan on s_2  (cost=0.00..17.00 rows=1000 width=20) (actual time=0.007..0.062 rows=1000 loops=1)
 Planning time: 0.209 ms
 Execution time: 0.468 ms
(12 rows)

===== 203 [Wed Mar  7 01:54:23 CET 2018] scale:1000 groups:100 work_mem:64MB incremental:on max_workers:2 =====
SELECT * FROM (SELECT * FROM s_3 ORDER BY a, b, c) foo ORDER BY a, b, c, d
                                                      QUERY PLAN                                                       
-----------------------------------------------------------------------------------------------------------------------
 Limit  (cost=125.39..125.39 rows=1 width=20) (actual time=0.443..0.443 rows=0 loops=1)
   ->  Incremental Sort  (cost=67.12..115.39 rows=1000 width=20) (actual time=0.240..0.416 rows=1000 loops=1)
         Sort Key: s_3.a, s_3.b, s_3.c, s_3.d
         Presorted Key: s_3.a, s_3.b, s_3.c
         Sort Method: quicksort  Memory: 27kB
         Sort Groups: 32
         ->  Sort  (cost=66.83..69.33 rows=1000 width=20) (actual time=0.201..0.240 rows=1000 loops=1)
               Sort Key: s_3.a, s_3.b, s_3.c
               Sort Method: quicksort  Memory: 103kB
               ->  Seq Scan on s_3  (cost=0.00..17.00 rows=1000 width=20) (actual time=0.009..0.071 rows=1000 loops=1)
 Planning time: 0.215 ms
 Execution time: 0.463 ms
(12 rows)

===== 204 [Wed Mar  7 01:54:23 CET 2018] scale:1000 groups:100 work_mem:64MB incremental:on max_workers:2 =====
SELECT * FROM (SELECT * FROM s_4 ORDER BY a, b, c, d) foo ORDER BY a, b, c, d, e
                                                      QUERY PLAN                                                       
-----------------------------------------------------------------------------------------------------------------------
 Limit  (cost=125.39..125.39 rows=1 width=20) (actual time=0.431..0.431 rows=0 loops=1)
   ->  Incremental Sort  (cost=67.12..115.39 rows=1000 width=20) (actual time=0.230..0.408 rows=1000 loops=1)
         Sort Key: s_4.a, s_4.b, s_4.c, s_4.d, s_4.e
         Presorted Key: s_4.a, s_4.b, s_4.c, s_4.d
         Sort Method: quicksort  Memory: 27kB
         Sort Groups: 32
         ->  Sort  (cost=66.83..69.33 rows=1000 width=20) (actual time=0.190..0.230 rows=1000 loops=1)
               Sort Key: s_4.a, s_4.b, s_4.c, s_4.d
               Sort Method: quicksort  Memory: 103kB
               ->  Seq Scan on s_4  (cost=0.00..17.00 rows=1000 width=20) (actual time=0.007..0.062 rows=1000 loops=1)
 Planning time: 0.224 ms
 Execution time: 0.452 ms
(12 rows)

===== 205 [Wed Mar  7 01:54:23 CET 2018] scale:1000 groups:100 work_mem:64MB incremental:off max_workers:2 =====
SELECT * FROM (SELECT * FROM s_1 ORDER BY a) foo ORDER BY a, b
                                                      QUERY PLAN                                                       
-----------------------------------------------------------------------------------------------------------------------
 Limit  (cost=141.66..141.66 rows=1 width=20) (actual time=0.510..0.510 rows=0 loops=1)
   ->  Sort  (cost=129.16..131.66 rows=1000 width=20) (actual time=0.455..0.487 rows=1000 loops=1)
         Sort Key: s_1.a, s_1.b
         Sort Method: quicksort  Memory: 103kB
         ->  Sort  (cost=66.83..69.33 rows=1000 width=20) (actual time=0.185..0.221 rows=1000 loops=1)
               Sort Key: s_1.a
               Sort Method: quicksort  Memory: 103kB
               ->  Seq Scan on s_1  (cost=0.00..17.00 rows=1000 width=20) (actual time=0.004..0.069 rows=1000 loops=1)
 Planning time: 0.205 ms
 Execution time: 0.530 ms
(10 rows)

===== 206 [Wed Mar  7 01:54:24 CET 2018] scale:1000 groups:100 work_mem:64MB incremental:off max_workers:2 =====
SELECT * FROM (SELECT * FROM s_2 ORDER BY a, b) foo ORDER BY a, b, c
                                                      QUERY PLAN                                                       
-----------------------------------------------------------------------------------------------------------------------
 Limit  (cost=141.66..141.66 rows=1 width=20) (actual time=0.492..0.492 rows=0 loops=1)
   ->  Sort  (cost=129.16..131.66 rows=1000 width=20) (actual time=0.438..0.469 rows=1000 loops=1)
         Sort Key: s_2.a, s_2.b, s_2.c
         Sort Method: quicksort  Memory: 103kB
         ->  Sort  (cost=66.83..69.33 rows=1000 width=20) (actual time=0.196..0.231 rows=1000 loops=1)
               Sort Key: s_2.a, s_2.b
               Sort Method: quicksort  Memory: 103kB
               ->  Seq Scan on s_2  (cost=0.00..17.00 rows=1000 width=20) (actual time=0.007..0.063 rows=1000 loops=1)
 Planning time: 0.200 ms
 Execution time: 0.513 ms
(10 rows)

===== 207 [Wed Mar  7 01:54:24 CET 2018] scale:1000 groups:100 work_mem:64MB incremental:off max_workers:2 =====
SELECT * FROM (SELECT * FROM s_3 ORDER BY a, b, c) foo ORDER BY a, b, c, d
                                                      QUERY PLAN                                                       
-----------------------------------------------------------------------------------------------------------------------
 Limit  (cost=141.66..141.66 rows=1 width=20) (actual time=0.424..0.424 rows=0 loops=1)
   ->  Sort  (cost=129.16..131.66 rows=1000 width=20) (actual time=0.370..0.401 rows=1000 loops=1)
         Sort Key: s_3.a, s_3.b, s_3.c, s_3.d
         Sort Method: quicksort  Memory: 103kB
         ->  Sort  (cost=66.83..69.33 rows=1000 width=20) (actual time=0.193..0.229 rows=1000 loops=1)
               Sort Key: s_3.a, s_3.b, s_3.c
               Sort Method: quicksort  Memory: 103kB
               ->  Seq Scan on s_3  (cost=0.00..17.00 rows=1000 width=20) (actual time=0.010..0.063 rows=1000 loops=1)
 Planning time: 0.209 ms
 Execution time: 0.444 ms
(10 rows)

===== 208 [Wed Mar  7 01:54:24 CET 2018] scale:1000 groups:100 work_mem:64MB incremental:off max_workers:2 =====
SELECT * FROM (SELECT * FROM s_4 ORDER BY a, b, c, d) foo ORDER BY a, b, c, d, e
                                                      QUERY PLAN                                                       
-----------------------------------------------------------------------------------------------------------------------
 Limit  (cost=141.66..141.66 rows=1 width=20) (actual time=0.417..0.417 rows=0 loops=1)
   ->  Sort  (cost=129.16..131.66 rows=1000 width=20) (actual time=0.364..0.395 rows=1000 loops=1)
         Sort Key: s_4.a, s_4.b, s_4.c, s_4.d, s_4.e
         Sort Method: quicksort  Memory: 103kB
         ->  Sort  (cost=66.83..69.33 rows=1000 width=20) (actual time=0.193..0.228 rows=1000 loops=1)
               Sort Key: s_4.a, s_4.b, s_4.c, s_4.d
               Sort Method: quicksort  Memory: 103kB
               ->  Seq Scan on s_4  (cost=0.00..17.00 rows=1000 width=20) (actual time=0.007..0.063 rows=1000 loops=1)
 Planning time: 0.223 ms
 Execution time: 0.438 ms
(10 rows)

===== 209 [Wed Mar  7 01:54:24 CET 2018] scale:1000 groups:100 work_mem:128MB incremental:on max_workers:2 =====
SELECT * FROM (SELECT * FROM s_1 ORDER BY a) foo ORDER BY a, b
                                                      QUERY PLAN                                                       
-----------------------------------------------------------------------------------------------------------------------
 Limit  (cost=125.39..125.39 rows=1 width=20) (actual time=0.493..0.493 rows=0 loops=1)
   ->  Incremental Sort  (cost=67.12..115.39 rows=1000 width=20) (actual time=0.229..0.467 rows=1000 loops=1)
         Sort Key: s_1.a, s_1.b
         Presorted Key: s_1.a
         Sort Method: quicksort  Memory: 28kB
         Sort Groups: 27
         ->  Sort  (cost=66.83..69.33 rows=1000 width=20) (actual time=0.186..0.225 rows=1000 loops=1)
               Sort Key: s_1.a
               Sort Method: quicksort  Memory: 103kB
               ->  Seq Scan on s_1  (cost=0.00..17.00 rows=1000 width=20) (actual time=0.004..0.069 rows=1000 loops=1)
 Planning time: 0.210 ms
 Execution time: 0.513 ms
(12 rows)

===== 210 [Wed Mar  7 01:54:24 CET 2018] scale:1000 groups:100 work_mem:128MB incremental:on max_workers:2 =====
SELECT * FROM (SELECT * FROM s_2 ORDER BY a, b) foo ORDER BY a, b, c
                                                      QUERY PLAN                                                       
-----------------------------------------------------------------------------------------------------------------------
 Limit  (cost=125.39..125.39 rows=1 width=20) (actual time=0.443..0.443 rows=0 loops=1)
   ->  Incremental Sort  (cost=67.12..115.39 rows=1000 width=20) (actual time=0.231..0.418 rows=1000 loops=1)
         Sort Key: s_2.a, s_2.b, s_2.c
         Presorted Key: s_2.a, s_2.b
         Sort Method: quicksort  Memory: 27kB
         Sort Groups: 32
         ->  Sort  (cost=66.83..69.33 rows=1000 width=20) (actual time=0.194..0.233 rows=1000 loops=1)
               Sort Key: s_2.a, s_2.b
               Sort Method: quicksort  Memory: 103kB
               ->  Seq Scan on s_2  (cost=0.00..17.00 rows=1000 width=20) (actual time=0.007..0.067 rows=1000 loops=1)
 Planning time: 0.209 ms
 Execution time: 0.464 ms
(12 rows)

===== 211 [Wed Mar  7 01:54:24 CET 2018] scale:1000 groups:100 work_mem:128MB incremental:on max_workers:2 =====
SELECT * FROM (SELECT * FROM s_3 ORDER BY a, b, c) foo ORDER BY a, b, c, d
                                                      QUERY PLAN                                                       
-----------------------------------------------------------------------------------------------------------------------
 Limit  (cost=125.39..125.39 rows=1 width=20) (actual time=0.441..0.441 rows=0 loops=1)
   ->  Incremental Sort  (cost=67.12..115.39 rows=1000 width=20) (actual time=0.237..0.414 rows=1000 loops=1)
         Sort Key: s_3.a, s_3.b, s_3.c, s_3.d
         Presorted Key: s_3.a, s_3.b, s_3.c
         Sort Method: quicksort  Memory: 27kB
         Sort Groups: 32
         ->  Sort  (cost=66.83..69.33 rows=1000 width=20) (actual time=0.198..0.237 rows=1000 loops=1)
               Sort Key: s_3.a, s_3.b, s_3.c
               Sort Method: quicksort  Memory: 103kB
               ->  Seq Scan on s_3  (cost=0.00..17.00 rows=1000 width=20) (actual time=0.009..0.063 rows=1000 loops=1)
 Planning time: 0.217 ms
 Execution time: 0.461 ms
(12 rows)

===== 212 [Wed Mar  7 01:54:24 CET 2018] scale:1000 groups:100 work_mem:128MB incremental:on max_workers:2 =====
SELECT * FROM (SELECT * FROM s_4 ORDER BY a, b, c, d) foo ORDER BY a, b, c, d, e
                                                      QUERY PLAN                                                       
-----------------------------------------------------------------------------------------------------------------------
 Limit  (cost=125.39..125.39 rows=1 width=20) (actual time=0.435..0.435 rows=0 loops=1)
   ->  Incremental Sort  (cost=67.12..115.39 rows=1000 width=20) (actual time=0.233..0.411 rows=1000 loops=1)
         Sort Key: s_4.a, s_4.b, s_4.c, s_4.d, s_4.e
         Presorted Key: s_4.a, s_4.b, s_4.c, s_4.d
         Sort Method: quicksort  Memory: 27kB
         Sort Groups: 32
         ->  Sort  (cost=66.83..69.33 rows=1000 width=20) (actual time=0.197..0.237 rows=1000 loops=1)
               Sort Key: s_4.a, s_4.b, s_4.c, s_4.d
               Sort Method: quicksort  Memory: 103kB
               ->  Seq Scan on s_4  (cost=0.00..17.00 rows=1000 width=20) (actual time=0.007..0.063 rows=1000 loops=1)
 Planning time: 0.223 ms
 Execution time: 0.455 ms
(12 rows)

===== 213 [Wed Mar  7 01:54:24 CET 2018] scale:1000 groups:100 work_mem:128MB incremental:off max_workers:2 =====
SELECT * FROM (SELECT * FROM s_1 ORDER BY a) foo ORDER BY a, b
                                                      QUERY PLAN                                                       
-----------------------------------------------------------------------------------------------------------------------
 Limit  (cost=141.66..141.66 rows=1 width=20) (actual time=0.512..0.512 rows=0 loops=1)
   ->  Sort  (cost=129.16..131.66 rows=1000 width=20) (actual time=0.458..0.489 rows=1000 loops=1)
         Sort Key: s_1.a, s_1.b
         Sort Method: quicksort  Memory: 103kB
         ->  Sort  (cost=66.83..69.33 rows=1000 width=20) (actual time=0.187..0.222 rows=1000 loops=1)
               Sort Key: s_1.a
               Sort Method: quicksort  Memory: 103kB
               ->  Seq Scan on s_1  (cost=0.00..17.00 rows=1000 width=20) (actual time=0.004..0.069 rows=1000 loops=1)
 Planning time: 0.210 ms
 Execution time: 0.533 ms
(10 rows)

===== 214 [Wed Mar  7 01:54:24 CET 2018] scale:1000 groups:100 work_mem:128MB incremental:off max_workers:2 =====
SELECT * FROM (SELECT * FROM s_2 ORDER BY a, b) foo ORDER BY a, b, c
                                                      QUERY PLAN                                                       
-----------------------------------------------------------------------------------------------------------------------
 Limit  (cost=141.66..141.66 rows=1 width=20) (actual time=0.491..0.491 rows=0 loops=1)
   ->  Sort  (cost=129.16..131.66 rows=1000 width=20) (actual time=0.437..0.468 rows=1000 loops=1)
         Sort Key: s_2.a, s_2.b, s_2.c
         Sort Method: quicksort  Memory: 103kB
         ->  Sort  (cost=66.83..69.33 rows=1000 width=20) (actual time=0.196..0.231 rows=1000 loops=1)
               Sort Key: s_2.a, s_2.b
               Sort Method: quicksort  Memory: 103kB
               ->  Seq Scan on s_2  (cost=0.00..17.00 rows=1000 width=20) (actual time=0.007..0.063 rows=1000 loops=1)
 Planning time: 0.200 ms
 Execution time: 0.512 ms
(10 rows)

===== 215 [Wed Mar  7 01:54:24 CET 2018] scale:1000 groups:100 work_mem:128MB incremental:off max_workers:2 =====
SELECT * FROM (SELECT * FROM s_3 ORDER BY a, b, c) foo ORDER BY a, b, c, d
                                                      QUERY PLAN                                                       
-----------------------------------------------------------------------------------------------------------------------
 Limit  (cost=141.66..141.66 rows=1 width=20) (actual time=0.417..0.417 rows=0 loops=1)
   ->  Sort  (cost=129.16..131.66 rows=1000 width=20) (actual time=0.364..0.395 rows=1000 loops=1)
         Sort Key: s_3.a, s_3.b, s_3.c, s_3.d
         Sort Method: quicksort  Memory: 103kB
         ->  Sort  (cost=66.83..69.33 rows=1000 width=20) (actual time=0.193..0.232 rows=1000 loops=1)
               Sort Key: s_3.a, s_3.b, s_3.c
               Sort Method: quicksort  Memory: 103kB
               ->  Seq Scan on s_3  (cost=0.00..17.00 rows=1000 width=20) (actual time=0.010..0.063 rows=1000 loops=1)
 Planning time: 0.207 ms
 Execution time: 0.439 ms
(10 rows)

===== 216 [Wed Mar  7 01:54:24 CET 2018] scale:1000 groups:100 work_mem:128MB incremental:off max_workers:2 =====
SELECT * FROM (SELECT * FROM s_4 ORDER BY a, b, c, d) foo ORDER BY a, b, c, d, e
                                                      QUERY PLAN                                                       
-----------------------------------------------------------------------------------------------------------------------
 Limit  (cost=141.66..141.66 rows=1 width=20) (actual time=0.422..0.422 rows=0 loops=1)
   ->  Sort  (cost=129.16..131.66 rows=1000 width=20) (actual time=0.368..0.399 rows=1000 loops=1)
         Sort Key: s_4.a, s_4.b, s_4.c, s_4.d, s_4.e
         Sort Method: quicksort  Memory: 103kB
         ->  Sort  (cost=66.83..69.33 rows=1000 width=20) (actual time=0.198..0.234 rows=1000 loops=1)
               Sort Key: s_4.a, s_4.b, s_4.c, s_4.d
               Sort Method: quicksort  Memory: 103kB
               ->  Seq Scan on s_4  (cost=0.00..17.00 rows=1000 width=20) (actual time=0.007..0.063 rows=1000 loops=1)
 Planning time: 0.216 ms
 Execution time: 0.443 ms
(10 rows)

===== 217 [Wed Mar  7 01:54:24 CET 2018] scale:1000 groups:100 work_mem:256MB incremental:on max_workers:2 =====
SELECT * FROM (SELECT * FROM s_1 ORDER BY a) foo ORDER BY a, b
                                                      QUERY PLAN                                                       
-----------------------------------------------------------------------------------------------------------------------
 Limit  (cost=125.39..125.39 rows=1 width=20) (actual time=0.487..0.487 rows=0 loops=1)
   ->  Incremental Sort  (cost=67.12..115.39 rows=1000 width=20) (actual time=0.228..0.461 rows=1000 loops=1)
         Sort Key: s_1.a, s_1.b
         Presorted Key: s_1.a
         Sort Method: quicksort  Memory: 28kB
         Sort Groups: 27
         ->  Sort  (cost=66.83..69.33 rows=1000 width=20) (actual time=0.186..0.225 rows=1000 loops=1)
               Sort Key: s_1.a
               Sort Method: quicksort  Memory: 103kB
               ->  Seq Scan on s_1  (cost=0.00..17.00 rows=1000 width=20) (actual time=0.004..0.069 rows=1000 loops=1)
 Planning time: 0.218 ms
 Execution time: 0.508 ms
(12 rows)

===== 218 [Wed Mar  7 01:54:24 CET 2018] scale:1000 groups:100 work_mem:256MB incremental:on max_workers:2 =====
SELECT * FROM (SELECT * FROM s_2 ORDER BY a, b) foo ORDER BY a, b, c
                                                      QUERY PLAN                                                       
-----------------------------------------------------------------------------------------------------------------------
 Limit  (cost=125.39..125.39 rows=1 width=20) (actual time=0.442..0.442 rows=0 loops=1)
   ->  Incremental Sort  (cost=67.12..115.39 rows=1000 width=20) (actual time=0.230..0.416 rows=1000 loops=1)
         Sort Key: s_2.a, s_2.b, s_2.c
         Presorted Key: s_2.a, s_2.b
         Sort Method: quicksort  Memory: 27kB
         Sort Groups: 32
         ->  Sort  (cost=66.83..69.33 rows=1000 width=20) (actual time=0.193..0.232 rows=1000 loops=1)
               Sort Key: s_2.a, s_2.b
               Sort Method: quicksort  Memory: 103kB
               ->  Seq Scan on s_2  (cost=0.00..17.00 rows=1000 width=20) (actual time=0.007..0.063 rows=1000 loops=1)
 Planning time: 0.210 ms
 Execution time: 0.462 ms
(12 rows)

===== 219 [Wed Mar  7 01:54:24 CET 2018] scale:1000 groups:100 work_mem:256MB incremental:on max_workers:2 =====
SELECT * FROM (SELECT * FROM s_3 ORDER BY a, b, c) foo ORDER BY a, b, c, d
                                                      QUERY PLAN                                                       
-----------------------------------------------------------------------------------------------------------------------
 Limit  (cost=125.39..125.39 rows=1 width=20) (actual time=0.433..0.433 rows=0 loops=1)
   ->  Incremental Sort  (cost=67.12..115.39 rows=1000 width=20) (actual time=0.230..0.407 rows=1000 loops=1)
         Sort Key: s_3.a, s_3.b, s_3.c, s_3.d
         Presorted Key: s_3.a, s_3.b, s_3.c
         Sort Method: quicksort  Memory: 27kB
         Sort Groups: 32
         ->  Sort  (cost=66.83..69.33 rows=1000 width=20) (actual time=0.190..0.230 rows=1000 loops=1)
               Sort Key: s_3.a, s_3.b, s_3.c
               Sort Method: quicksort  Memory: 103kB
               ->  Seq Scan on s_3  (cost=0.00..17.00 rows=1000 width=20) (actual time=0.009..0.063 rows=1000 loops=1)
 Planning time: 0.210 ms
 Execution time: 0.454 ms
(12 rows)

===== 220 [Wed Mar  7 01:54:24 CET 2018] scale:1000 groups:100 work_mem:256MB incremental:on max_workers:2 =====
SELECT * FROM (SELECT * FROM s_4 ORDER BY a, b, c, d) foo ORDER BY a, b, c, d, e
                                                      QUERY PLAN                                                       
-----------------------------------------------------------------------------------------------------------------------
 Limit  (cost=125.39..125.39 rows=1 width=20) (actual time=0.436..0.436 rows=0 loops=1)
   ->  Incremental Sort  (cost=67.12..115.39 rows=1000 width=20) (actual time=0.229..0.409 rows=1000 loops=1)
         Sort Key: s_4.a, s_4.b, s_4.c, s_4.d, s_4.e
         Presorted Key: s_4.a, s_4.b, s_4.c, s_4.d
         Sort Method: quicksort  Memory: 27kB
         Sort Groups: 32
         ->  Sort  (cost=66.83..69.33 rows=1000 width=20) (actual time=0.193..0.233 rows=1000 loops=1)
               Sort Key: s_4.a, s_4.b, s_4.c, s_4.d
               Sort Method: quicksort  Memory: 103kB
               ->  Seq Scan on s_4  (cost=0.00..17.00 rows=1000 width=20) (actual time=0.007..0.062 rows=1000 loops=1)
 Planning time: 0.220 ms
 Execution time: 0.456 ms
(12 rows)

===== 221 [Wed Mar  7 01:54:25 CET 2018] scale:1000 groups:100 work_mem:256MB incremental:off max_workers:2 =====
SELECT * FROM (SELECT * FROM s_1 ORDER BY a) foo ORDER BY a, b
                                                      QUERY PLAN                                                       
-----------------------------------------------------------------------------------------------------------------------
 Limit  (cost=141.66..141.66 rows=1 width=20) (actual time=0.510..0.510 rows=0 loops=1)
   ->  Sort  (cost=129.16..131.66 rows=1000 width=20) (actual time=0.455..0.487 rows=1000 loops=1)
         Sort Key: s_1.a, s_1.b
         Sort Method: quicksort  Memory: 103kB
         ->  Sort  (cost=66.83..69.33 rows=1000 width=20) (actual time=0.185..0.220 rows=1000 loops=1)
               Sort Key: s_1.a
               Sort Method: quicksort  Memory: 103kB
               ->  Seq Scan on s_1  (cost=0.00..17.00 rows=1000 width=20) (actual time=0.004..0.069 rows=1000 loops=1)
 Planning time: 0.204 ms
 Execution time: 0.530 ms
(10 rows)

===== 222 [Wed Mar  7 01:54:25 CET 2018] scale:1000 groups:100 work_mem:256MB incremental:off max_workers:2 =====
SELECT * FROM (SELECT * FROM s_2 ORDER BY a, b) foo ORDER BY a, b, c
                                                      QUERY PLAN                                                       
-----------------------------------------------------------------------------------------------------------------------
 Limit  (cost=141.66..141.66 rows=1 width=20) (actual time=0.494..0.494 rows=0 loops=1)
   ->  Sort  (cost=129.16..131.66 rows=1000 width=20) (actual time=0.440..0.472 rows=1000 loops=1)
         Sort Key: s_2.a, s_2.b, s_2.c
         Sort Method: quicksort  Memory: 103kB
         ->  Sort  (cost=66.83..69.33 rows=1000 width=20) (actual time=0.199..0.234 rows=1000 loops=1)
               Sort Key: s_2.a, s_2.b
               Sort Method: quicksort  Memory: 103kB
               ->  Seq Scan on s_2  (cost=0.00..17.00 rows=1000 width=20) (actual time=0.007..0.070 rows=1000 loops=1)
 Planning time: 0.201 ms
 Execution time: 0.515 ms
(10 rows)

===== 223 [Wed Mar  7 01:54:25 CET 2018] scale:1000 groups:100 work_mem:256MB incremental:off max_workers:2 =====
SELECT * FROM (SELECT * FROM s_3 ORDER BY a, b, c) foo ORDER BY a, b, c, d
                                                      QUERY PLAN                                                       
-----------------------------------------------------------------------------------------------------------------------
 Limit  (cost=141.66..141.66 rows=1 width=20) (actual time=0.414..0.414 rows=0 loops=1)
   ->  Sort  (cost=129.16..131.66 rows=1000 width=20) (actual time=0.360..0.391 rows=1000 loops=1)
         Sort Key: s_3.a, s_3.b, s_3.c, s_3.d
         Sort Method: quicksort  Memory: 103kB
         ->  Sort  (cost=66.83..69.33 rows=1000 width=20) (actual time=0.192..0.228 rows=1000 loops=1)
               Sort Key: s_3.a, s_3.b, s_3.c
               Sort Method: quicksort  Memory: 103kB
               ->  Seq Scan on s_3  (cost=0.00..17.00 rows=1000 width=20) (actual time=0.010..0.063 rows=1000 loops=1)
 Planning time: 0.207 ms
 Execution time: 0.435 ms
(10 rows)

===== 224 [Wed Mar  7 01:54:25 CET 2018] scale:1000 groups:100 work_mem:256MB incremental:off max_workers:2 =====
SELECT * FROM (SELECT * FROM s_4 ORDER BY a, b, c, d) foo ORDER BY a, b, c, d, e
                                                      QUERY PLAN                                                       
-----------------------------------------------------------------------------------------------------------------------
 Limit  (cost=141.66..141.66 rows=1 width=20) (actual time=0.418..0.418 rows=0 loops=1)
   ->  Sort  (cost=129.16..131.66 rows=1000 width=20) (actual time=0.364..0.396 rows=1000 loops=1)
         Sort Key: s_4.a, s_4.b, s_4.c, s_4.d, s_4.e
         Sort Method: quicksort  Memory: 103kB
         ->  Sort  (cost=66.83..69.33 rows=1000 width=20) (actual time=0.195..0.231 rows=1000 loops=1)
               Sort Key: s_4.a, s_4.b, s_4.c, s_4.d
               Sort Method: quicksort  Memory: 103kB
               ->  Seq Scan on s_4  (cost=0.00..17.00 rows=1000 width=20) (actual time=0.007..0.063 rows=1000 loops=1)
 Planning time: 0.213 ms
 Execution time: 0.439 ms
(10 rows)

===== 225 [Wed Mar  7 01:54:25 CET 2018] scale:1000 groups:1000 work_mem:4MB incremental:on max_workers:0 =====
SELECT * FROM (SELECT * FROM s_1 ORDER BY a) foo ORDER BY a, b
                                                      QUERY PLAN                                                       
-----------------------------------------------------------------------------------------------------------------------
 Limit  (cost=124.07..124.07 rows=1 width=20) (actual time=0.459..0.459 rows=0 loops=1)
   ->  Incremental Sort  (cost=66.86..114.07 rows=1000 width=20) (actual time=0.225..0.432 rows=1000 loops=1)
         Sort Key: s_1.a, s_1.b
         Presorted Key: s_1.a
         Sort Method: quicksort  Memory: 27kB
         Sort Groups: 31
         ->  Sort  (cost=66.83..69.33 rows=1000 width=20) (actual time=0.183..0.222 rows=1000 loops=1)
               Sort Key: s_1.a
               Sort Method: quicksort  Memory: 103kB
               ->  Seq Scan on s_1  (cost=0.00..17.00 rows=1000 width=20) (actual time=0.004..0.065 rows=1000 loops=1)
 Planning time: 0.215 ms
 Execution time: 0.480 ms
(12 rows)

===== 226 [Wed Mar  7 01:54:26 CET 2018] scale:1000 groups:1000 work_mem:4MB incremental:on max_workers:0 =====
SELECT * FROM (SELECT * FROM s_2 ORDER BY a, b) foo ORDER BY a, b, c
                                                      QUERY PLAN                                                       
-----------------------------------------------------------------------------------------------------------------------
 Limit  (cost=124.69..124.69 rows=1 width=20) (actual time=0.405..0.405 rows=0 loops=1)
   ->  Incremental Sort  (cost=66.86..114.69 rows=1000 width=20) (actual time=0.224..0.379 rows=1000 loops=1)
         Sort Key: s_2.a, s_2.b, s_2.c
         Presorted Key: s_2.a, s_2.b
         Sort Method: quicksort  Memory: 27kB
         Sort Groups: 32
         ->  Sort  (cost=66.83..69.33 rows=1000 width=20) (actual time=0.185..0.225 rows=1000 loops=1)
               Sort Key: s_2.a, s_2.b
               Sort Method: quicksort  Memory: 103kB
               ->  Seq Scan on s_2  (cost=0.00..17.00 rows=1000 width=20) (actual time=0.007..0.060 rows=1000 loops=1)
 Planning time: 0.228 ms
 Execution time: 0.426 ms
(12 rows)

===== 227 [Wed Mar  7 01:54:26 CET 2018] scale:1000 groups:1000 work_mem:4MB incremental:on max_workers:0 =====
SELECT * FROM (SELECT * FROM s_3 ORDER BY a, b, c) foo ORDER BY a, b, c, d
                                                      QUERY PLAN                                                       
-----------------------------------------------------------------------------------------------------------------------
 Limit  (cost=124.71..124.71 rows=1 width=20) (actual time=0.432..0.432 rows=0 loops=1)
   ->  Incremental Sort  (cost=66.86..114.71 rows=1000 width=20) (actual time=0.232..0.406 rows=1000 loops=1)
         Sort Key: s_3.a, s_3.b, s_3.c, s_3.d
         Presorted Key: s_3.a, s_3.b, s_3.c
         Sort Method: quicksort  Memory: 27kB
         Sort Groups: 32
         ->  Sort  (cost=66.83..69.33 rows=1000 width=20) (actual time=0.191..0.231 rows=1000 loops=1)
               Sort Key: s_3.a, s_3.b, s_3.c
               Sort Method: quicksort  Memory: 103kB
               ->  Seq Scan on s_3  (cost=0.00..17.00 rows=1000 width=20) (actual time=0.007..0.066 rows=1000 loops=1)
 Planning time: 0.224 ms
 Execution time: 0.453 ms
(12 rows)

===== 228 [Wed Mar  7 01:54:26 CET 2018] scale:1000 groups:1000 work_mem:4MB incremental:on max_workers:0 =====
SELECT * FROM (SELECT * FROM s_4 ORDER BY a, b, c, d) foo ORDER BY a, b, c, d, e
                                                      QUERY PLAN                                                       
-----------------------------------------------------------------------------------------------------------------------
 Limit  (cost=124.71..124.71 rows=1 width=20) (actual time=0.429..0.429 rows=0 loops=1)
   ->  Incremental Sort  (cost=66.86..114.71 rows=1000 width=20) (actual time=0.230..0.406 rows=1000 loops=1)
         Sort Key: s_4.a, s_4.b, s_4.c, s_4.d, s_4.e
         Presorted Key: s_4.a, s_4.b, s_4.c, s_4.d
         Sort Method: quicksort  Memory: 27kB
         Sort Groups: 32
         ->  Sort  (cost=66.83..69.33 rows=1000 width=20) (actual time=0.189..0.229 rows=1000 loops=1)
               Sort Key: s_4.a, s_4.b, s_4.c, s_4.d
               Sort Method: quicksort  Memory: 103kB
               ->  Seq Scan on s_4  (cost=0.00..17.00 rows=1000 width=20) (actual time=0.007..0.062 rows=1000 loops=1)
 Planning time: 0.227 ms
 Execution time: 0.450 ms
(12 rows)

===== 229 [Wed Mar  7 01:54:26 CET 2018] scale:1000 groups:1000 work_mem:4MB incremental:off max_workers:0 =====
SELECT * FROM (SELECT * FROM s_1 ORDER BY a) foo ORDER BY a, b
                                                      QUERY PLAN                                                       
-----------------------------------------------------------------------------------------------------------------------
 Limit  (cost=141.66..141.66 rows=1 width=20) (actual time=0.476..0.476 rows=0 loops=1)
   ->  Sort  (cost=129.16..131.66 rows=1000 width=20) (actual time=0.422..0.454 rows=1000 loops=1)
         Sort Key: s_1.a, s_1.b
         Sort Method: quicksort  Memory: 103kB
         ->  Sort  (cost=66.83..69.33 rows=1000 width=20) (actual time=0.185..0.220 rows=1000 loops=1)
               Sort Key: s_1.a
               Sort Method: quicksort  Memory: 103kB
               ->  Seq Scan on s_1  (cost=0.00..17.00 rows=1000 width=20) (actual time=0.004..0.066 rows=1000 loops=1)
 Planning time: 0.208 ms
 Execution time: 0.497 ms
(10 rows)

===== 230 [Wed Mar  7 01:54:26 CET 2018] scale:1000 groups:1000 work_mem:4MB incremental:off max_workers:0 =====
SELECT * FROM (SELECT * FROM s_2 ORDER BY a, b) foo ORDER BY a, b, c
                                                      QUERY PLAN                                                       
-----------------------------------------------------------------------------------------------------------------------
 Limit  (cost=141.66..141.66 rows=1 width=20) (actual time=0.400..0.400 rows=0 loops=1)
   ->  Sort  (cost=129.16..131.66 rows=1000 width=20) (actual time=0.346..0.377 rows=1000 loops=1)
         Sort Key: s_2.a, s_2.b, s_2.c
         Sort Method: quicksort  Memory: 103kB
         ->  Sort  (cost=66.83..69.33 rows=1000 width=20) (actual time=0.183..0.219 rows=1000 loops=1)
               Sort Key: s_2.a, s_2.b
               Sort Method: quicksort  Memory: 103kB
               ->  Seq Scan on s_2  (cost=0.00..17.00 rows=1000 width=20) (actual time=0.007..0.060 rows=1000 loops=1)
 Planning time: 0.217 ms
 Execution time: 0.422 ms
(10 rows)

===== 231 [Wed Mar  7 01:54:26 CET 2018] scale:1000 groups:1000 work_mem:4MB incremental:off max_workers:0 =====
SELECT * FROM (SELECT * FROM s_3 ORDER BY a, b, c) foo ORDER BY a, b, c, d
                                                      QUERY PLAN                                                       
-----------------------------------------------------------------------------------------------------------------------
 Limit  (cost=141.66..141.66 rows=1 width=20) (actual time=0.414..0.414 rows=0 loops=1)
   ->  Sort  (cost=129.16..131.66 rows=1000 width=20) (actual time=0.361..0.392 rows=1000 loops=1)
         Sort Key: s_3.a, s_3.b, s_3.c, s_3.d
         Sort Method: quicksort  Memory: 103kB
         ->  Sort  (cost=66.83..69.33 rows=1000 width=20) (actual time=0.194..0.229 rows=1000 loops=1)
               Sort Key: s_3.a, s_3.b, s_3.c
               Sort Method: quicksort  Memory: 103kB
               ->  Seq Scan on s_3  (cost=0.00..17.00 rows=1000 width=20) (actual time=0.007..0.065 rows=1000 loops=1)
 Planning time: 0.222 ms
 Execution time: 0.435 ms
(10 rows)

===== 232 [Wed Mar  7 01:54:26 CET 2018] scale:1000 groups:1000 work_mem:4MB incremental:off max_workers:0 =====
SELECT * FROM (SELECT * FROM s_4 ORDER BY a, b, c, d) foo ORDER BY a, b, c, d, e
                                                      QUERY PLAN                                                       
-----------------------------------------------------------------------------------------------------------------------
 Limit  (cost=141.66..141.66 rows=1 width=20) (actual time=0.411..0.411 rows=0 loops=1)
   ->  Sort  (cost=129.16..131.66 rows=1000 width=20) (actual time=0.357..0.388 rows=1000 loops=1)
         Sort Key: s_4.a, s_4.b, s_4.c, s_4.d, s_4.e
         Sort Method: quicksort  Memory: 103kB
         ->  Sort  (cost=66.83..69.33 rows=1000 width=20) (actual time=0.190..0.226 rows=1000 loops=1)
               Sort Key: s_4.a, s_4.b, s_4.c, s_4.d
               Sort Method: quicksort  Memory: 103kB
               ->  Seq Scan on s_4  (cost=0.00..17.00 rows=1000 width=20) (actual time=0.007..0.065 rows=1000 loops=1)
 Planning time: 0.215 ms
 Execution time: 0.431 ms
(10 rows)

===== 233 [Wed Mar  7 01:54:26 CET 2018] scale:1000 groups:1000 work_mem:8MB incremental:on max_workers:0 =====
SELECT * FROM (SELECT * FROM s_1 ORDER BY a) foo ORDER BY a, b
                                                      QUERY PLAN                                                       
-----------------------------------------------------------------------------------------------------------------------
 Limit  (cost=124.07..124.07 rows=1 width=20) (actual time=0.443..0.443 rows=0 loops=1)
   ->  Incremental Sort  (cost=66.86..114.07 rows=1000 width=20) (actual time=0.226..0.421 rows=1000 loops=1)
         Sort Key: s_1.a, s_1.b
         Presorted Key: s_1.a
         Sort Method: quicksort  Memory: 27kB
         Sort Groups: 31
         ->  Sort  (cost=66.83..69.33 rows=1000 width=20) (actual time=0.183..0.223 rows=1000 loops=1)
               Sort Key: s_1.a
               Sort Method: quicksort  Memory: 103kB
               ->  Seq Scan on s_1  (cost=0.00..17.00 rows=1000 width=20) (actual time=0.004..0.065 rows=1000 loops=1)
 Planning time: 0.215 ms
 Execution time: 0.464 ms
(12 rows)

===== 234 [Wed Mar  7 01:54:26 CET 2018] scale:1000 groups:1000 work_mem:8MB incremental:on max_workers:0 =====
SELECT * FROM (SELECT * FROM s_2 ORDER BY a, b) foo ORDER BY a, b, c
                                                      QUERY PLAN                                                       
-----------------------------------------------------------------------------------------------------------------------
 Limit  (cost=124.69..124.69 rows=1 width=20) (actual time=0.402..0.402 rows=0 loops=1)
   ->  Incremental Sort  (cost=66.86..114.69 rows=1000 width=20) (actual time=0.227..0.380 rows=1000 loops=1)
         Sort Key: s_2.a, s_2.b, s_2.c
         Presorted Key: s_2.a, s_2.b
         Sort Method: quicksort  Memory: 27kB
         Sort Groups: 32
         ->  Sort  (cost=66.83..69.33 rows=1000 width=20) (actual time=0.186..0.225 rows=1000 loops=1)
               Sort Key: s_2.a, s_2.b
               Sort Method: quicksort  Memory: 103kB
               ->  Seq Scan on s_2  (cost=0.00..17.00 rows=1000 width=20) (actual time=0.007..0.060 rows=1000 loops=1)
 Planning time: 0.226 ms
 Execution time: 0.423 ms
(12 rows)

===== 235 [Wed Mar  7 01:54:26 CET 2018] scale:1000 groups:1000 work_mem:8MB incremental:on max_workers:0 =====
SELECT * FROM (SELECT * FROM s_3 ORDER BY a, b, c) foo ORDER BY a, b, c, d
                                                      QUERY PLAN                                                       
-----------------------------------------------------------------------------------------------------------------------
 Limit  (cost=124.71..124.71 rows=1 width=20) (actual time=0.416..0.416 rows=0 loops=1)
   ->  Incremental Sort  (cost=66.86..114.71 rows=1000 width=20) (actual time=0.232..0.394 rows=1000 loops=1)
         Sort Key: s_3.a, s_3.b, s_3.c, s_3.d
         Presorted Key: s_3.a, s_3.b, s_3.c
         Sort Method: quicksort  Memory: 27kB
         Sort Groups: 32
         ->  Sort  (cost=66.83..69.33 rows=1000 width=20) (actual time=0.190..0.229 rows=1000 loops=1)
               Sort Key: s_3.a, s_3.b, s_3.c
               Sort Method: quicksort  Memory: 103kB
               ->  Seq Scan on s_3  (cost=0.00..17.00 rows=1000 width=20) (actual time=0.007..0.065 rows=1000 loops=1)
 Planning time: 0.227 ms
 Execution time: 0.437 ms
(12 rows)

===== 236 [Wed Mar  7 01:54:26 CET 2018] scale:1000 groups:1000 work_mem:8MB incremental:on max_workers:0 =====
SELECT * FROM (SELECT * FROM s_4 ORDER BY a, b, c, d) foo ORDER BY a, b, c, d, e
                                                      QUERY PLAN                                                       
-----------------------------------------------------------------------------------------------------------------------
 Limit  (cost=124.71..124.71 rows=1 width=20) (actual time=0.421..0.421 rows=0 loops=1)
   ->  Incremental Sort  (cost=66.86..114.71 rows=1000 width=20) (actual time=0.231..0.398 rows=1000 loops=1)
         Sort Key: s_4.a, s_4.b, s_4.c, s_4.d, s_4.e
         Presorted Key: s_4.a, s_4.b, s_4.c, s_4.d
         Sort Method: quicksort  Memory: 27kB
         Sort Groups: 32
         ->  Sort  (cost=66.83..69.33 rows=1000 width=20) (actual time=0.188..0.234 rows=1000 loops=1)
               Sort Key: s_4.a, s_4.b, s_4.c, s_4.d
               Sort Method: quicksort  Memory: 103kB
               ->  Seq Scan on s_4  (cost=0.00..17.00 rows=1000 width=20) (actual time=0.006..0.062 rows=1000 loops=1)
 Planning time: 0.227 ms
 Execution time: 0.442 ms
(12 rows)

===== 237 [Wed Mar  7 01:54:26 CET 2018] scale:1000 groups:1000 work_mem:8MB incremental:off max_workers:0 =====
SELECT * FROM (SELECT * FROM s_1 ORDER BY a) foo ORDER BY a, b
                                                      QUERY PLAN                                                       
-----------------------------------------------------------------------------------------------------------------------
 Limit  (cost=141.66..141.66 rows=1 width=20) (actual time=0.472..0.472 rows=0 loops=1)
   ->  Sort  (cost=129.16..131.66 rows=1000 width=20) (actual time=0.417..0.449 rows=1000 loops=1)
         Sort Key: s_1.a, s_1.b
         Sort Method: quicksort  Memory: 103kB
         ->  Sort  (cost=66.83..69.33 rows=1000 width=20) (actual time=0.180..0.216 rows=1000 loops=1)
               Sort Key: s_1.a
               Sort Method: quicksort  Memory: 103kB
               ->  Seq Scan on s_1  (cost=0.00..17.00 rows=1000 width=20) (actual time=0.004..0.065 rows=1000 loops=1)
 Planning time: 0.206 ms
 Execution time: 0.493 ms
(10 rows)

===== 238 [Wed Mar  7 01:54:26 CET 2018] scale:1000 groups:1000 work_mem:8MB incremental:off max_workers:0 =====
SELECT * FROM (SELECT * FROM s_2 ORDER BY a, b) foo ORDER BY a, b, c
                                                      QUERY PLAN                                                       
-----------------------------------------------------------------------------------------------------------------------
 Limit  (cost=141.66..141.66 rows=1 width=20) (actual time=0.411..0.411 rows=0 loops=1)
   ->  Sort  (cost=129.16..131.66 rows=1000 width=20) (actual time=0.358..0.389 rows=1000 loops=1)
         Sort Key: s_2.a, s_2.b, s_2.c
         Sort Method: quicksort  Memory: 103kB
         ->  Sort  (cost=66.83..69.33 rows=1000 width=20) (actual time=0.185..0.220 rows=1000 loops=1)
               Sort Key: s_2.a, s_2.b
               Sort Method: quicksort  Memory: 103kB
               ->  Seq Scan on s_2  (cost=0.00..17.00 rows=1000 width=20) (actual time=0.007..0.060 rows=1000 loops=1)
 Planning time: 0.214 ms
 Execution time: 0.432 ms
(10 rows)

===== 239 [Wed Mar  7 01:54:26 CET 2018] scale:1000 groups:1000 work_mem:8MB incremental:off max_workers:0 =====
SELECT * FROM (SELECT * FROM s_3 ORDER BY a, b, c) foo ORDER BY a, b, c, d
                                                      QUERY PLAN                                                       
-----------------------------------------------------------------------------------------------------------------------
 Limit  (cost=141.66..141.66 rows=1 width=20) (actual time=0.420..0.420 rows=0 loops=1)
   ->  Sort  (cost=129.16..131.66 rows=1000 width=20) (actual time=0.366..0.397 rows=1000 loops=1)
         Sort Key: s_3.a, s_3.b, s_3.c, s_3.d
         Sort Method: quicksort  Memory: 103kB
         ->  Sort  (cost=66.83..69.33 rows=1000 width=20) (actual time=0.199..0.234 rows=1000 loops=1)
               Sort Key: s_3.a, s_3.b, s_3.c
               Sort Method: quicksort  Memory: 103kB
               ->  Seq Scan on s_3  (cost=0.00..17.00 rows=1000 width=20) (actual time=0.007..0.066 rows=1000 loops=1)
 Planning time: 0.214 ms
 Execution time: 0.441 ms
(10 rows)

===== 240 [Wed Mar  7 01:54:27 CET 2018] scale:1000 groups:1000 work_mem:8MB incremental:off max_workers:0 =====
SELECT * FROM (SELECT * FROM s_4 ORDER BY a, b, c, d) foo ORDER BY a, b, c, d, e
                                                      QUERY PLAN                                                       
-----------------------------------------------------------------------------------------------------------------------
 Limit  (cost=141.66..141.66 rows=1 width=20) (actual time=0.415..0.415 rows=0 loops=1)
   ->  Sort  (cost=129.16..131.66 rows=1000 width=20) (actual time=0.362..0.393 rows=1000 loops=1)
         Sort Key: s_4.a, s_4.b, s_4.c, s_4.d, s_4.e
         Sort Method: quicksort  Memory: 103kB
         ->  Sort  (cost=66.83..69.33 rows=1000 width=20) (actual time=0.195..0.231 rows=1000 loops=1)
               Sort Key: s_4.a, s_4.b, s_4.c, s_4.d
               Sort Method: quicksort  Memory: 103kB
               ->  Seq Scan on s_4  (cost=0.00..17.00 rows=1000 width=20) (actual time=0.007..0.066 rows=1000 loops=1)
 Planning time: 0.220 ms
 Execution time: 0.436 ms
(10 rows)

===== 241 [Wed Mar  7 01:54:27 CET 2018] scale:1000 groups:1000 work_mem:16MB incremental:on max_workers:0 =====
SELECT * FROM (SELECT * FROM s_1 ORDER BY a) foo ORDER BY a, b
                                                      QUERY PLAN                                                       
-----------------------------------------------------------------------------------------------------------------------
 Limit  (cost=124.07..124.07 rows=1 width=20) (actual time=0.453..0.453 rows=0 loops=1)
   ->  Incremental Sort  (cost=66.86..114.07 rows=1000 width=20) (actual time=0.224..0.426 rows=1000 loops=1)
         Sort Key: s_1.a, s_1.b
         Presorted Key: s_1.a
         Sort Method: quicksort  Memory: 27kB
         Sort Groups: 31
         ->  Sort  (cost=66.83..69.33 rows=1000 width=20) (actual time=0.181..0.220 rows=1000 loops=1)
               Sort Key: s_1.a
               Sort Method: quicksort  Memory: 103kB
               ->  Seq Scan on s_1  (cost=0.00..17.00 rows=1000 width=20) (actual time=0.004..0.065 rows=1000 loops=1)
 Planning time: 0.219 ms
 Execution time: 0.473 ms
(12 rows)

===== 242 [Wed Mar  7 01:54:27 CET 2018] scale:1000 groups:1000 work_mem:16MB incremental:on max_workers:0 =====
SELECT * FROM (SELECT * FROM s_2 ORDER BY a, b) foo ORDER BY a, b, c
                                                      QUERY PLAN                                                       
-----------------------------------------------------------------------------------------------------------------------
 Limit  (cost=124.69..124.69 rows=1 width=20) (actual time=0.404..0.404 rows=0 loops=1)
   ->  Incremental Sort  (cost=66.86..114.69 rows=1000 width=20) (actual time=0.222..0.378 rows=1000 loops=1)
         Sort Key: s_2.a, s_2.b, s_2.c
         Presorted Key: s_2.a, s_2.b
         Sort Method: quicksort  Memory: 27kB
         Sort Groups: 32
         ->  Sort  (cost=66.83..69.33 rows=1000 width=20) (actual time=0.183..0.223 rows=1000 loops=1)
               Sort Key: s_2.a, s_2.b
               Sort Method: quicksort  Memory: 103kB
               ->  Seq Scan on s_2  (cost=0.00..17.00 rows=1000 width=20) (actual time=0.007..0.060 rows=1000 loops=1)
 Planning time: 0.225 ms
 Execution time: 0.424 ms
(12 rows)

===== 243 [Wed Mar  7 01:54:27 CET 2018] scale:1000 groups:1000 work_mem:16MB incremental:on max_workers:0 =====
SELECT * FROM (SELECT * FROM s_3 ORDER BY a, b, c) foo ORDER BY a, b, c, d
                                                      QUERY PLAN                                                       
-----------------------------------------------------------------------------------------------------------------------
 Limit  (cost=124.71..124.71 rows=1 width=20) (actual time=0.431..0.431 rows=0 loops=1)
   ->  Incremental Sort  (cost=66.86..114.71 rows=1000 width=20) (actual time=0.233..0.405 rows=1000 loops=1)
         Sort Key: s_3.a, s_3.b, s_3.c, s_3.d
         Presorted Key: s_3.a, s_3.b, s_3.c
         Sort Method: quicksort  Memory: 27kB
         Sort Groups: 32
         ->  Sort  (cost=66.83..69.33 rows=1000 width=20) (actual time=0.192..0.231 rows=1000 loops=1)
               Sort Key: s_3.a, s_3.b, s_3.c
               Sort Method: quicksort  Memory: 103kB
               ->  Seq Scan on s_3  (cost=0.00..17.00 rows=1000 width=20) (actual time=0.007..0.066 rows=1000 loops=1)
 Planning time: 0.226 ms
 Execution time: 0.452 ms
(12 rows)

===== 244 [Wed Mar  7 01:54:27 CET 2018] scale:1000 groups:1000 work_mem:16MB incremental:on max_workers:0 =====
SELECT * FROM (SELECT * FROM s_4 ORDER BY a, b, c, d) foo ORDER BY a, b, c, d, e
                                                      QUERY PLAN                                                       
-----------------------------------------------------------------------------------------------------------------------
 Limit  (cost=124.71..124.71 rows=1 width=20) (actual time=0.434..0.434 rows=0 loops=1)
   ->  Incremental Sort  (cost=66.86..114.71 rows=1000 width=20) (actual time=0.231..0.411 rows=1000 loops=1)
         Sort Key: s_4.a, s_4.b, s_4.c, s_4.d, s_4.e
         Presorted Key: s_4.a, s_4.b, s_4.c, s_4.d
         Sort Method: quicksort  Memory: 27kB
         Sort Groups: 32
         ->  Sort  (cost=66.83..69.33 rows=1000 width=20) (actual time=0.189..0.229 rows=1000 loops=1)
               Sort Key: s_4.a, s_4.b, s_4.c, s_4.d
               Sort Method: quicksort  Memory: 103kB
               ->  Seq Scan on s_4  (cost=0.00..17.00 rows=1000 width=20) (actual time=0.007..0.062 rows=1000 loops=1)
 Planning time: 0.226 ms
 Execution time: 0.454 ms
(12 rows)

===== 245 [Wed Mar  7 01:54:27 CET 2018] scale:1000 groups:1000 work_mem:16MB incremental:off max_workers:0 =====
SELECT * FROM (SELECT * FROM s_1 ORDER BY a) foo ORDER BY a, b
                                                      QUERY PLAN                                                       
-----------------------------------------------------------------------------------------------------------------------
 Limit  (cost=141.66..141.66 rows=1 width=20) (actual time=0.476..0.476 rows=0 loops=1)
   ->  Sort  (cost=129.16..131.66 rows=1000 width=20) (actual time=0.422..0.454 rows=1000 loops=1)
         Sort Key: s_1.a, s_1.b
         Sort Method: quicksort  Memory: 103kB
         ->  Sort  (cost=66.83..69.33 rows=1000 width=20) (actual time=0.183..0.219 rows=1000 loops=1)
               Sort Key: s_1.a
               Sort Method: quicksort  Memory: 103kB
               ->  Seq Scan on s_1  (cost=0.00..17.00 rows=1000 width=20) (actual time=0.004..0.066 rows=1000 loops=1)
 Planning time: 0.212 ms
 Execution time: 0.498 ms
(10 rows)

===== 246 [Wed Mar  7 01:54:27 CET 2018] scale:1000 groups:1000 work_mem:16MB incremental:off max_workers:0 =====
SELECT * FROM (SELECT * FROM s_2 ORDER BY a, b) foo ORDER BY a, b, c
                                                      QUERY PLAN                                                       
-----------------------------------------------------------------------------------------------------------------------
 Limit  (cost=141.66..141.66 rows=1 width=20) (actual time=0.408..0.408 rows=0 loops=1)
   ->  Sort  (cost=129.16..131.66 rows=1000 width=20) (actual time=0.354..0.386 rows=1000 loops=1)
         Sort Key: s_2.a, s_2.b, s_2.c
         Sort Method: quicksort  Memory: 103kB
         ->  Sort  (cost=66.83..69.33 rows=1000 width=20) (actual time=0.189..0.224 rows=1000 loops=1)
               Sort Key: s_2.a, s_2.b
               Sort Method: quicksort  Memory: 103kB
               ->  Seq Scan on s_2  (cost=0.00..17.00 rows=1000 width=20) (actual time=0.007..0.064 rows=1000 loops=1)
 Planning time: 0.215 ms
 Execution time: 0.429 ms
(10 rows)

===== 247 [Wed Mar  7 01:54:27 CET 2018] scale:1000 groups:1000 work_mem:16MB incremental:off max_workers:0 =====
SELECT * FROM (SELECT * FROM s_3 ORDER BY a, b, c) foo ORDER BY a, b, c, d
                                                      QUERY PLAN                                                       
-----------------------------------------------------------------------------------------------------------------------
 Limit  (cost=141.66..141.66 rows=1 width=20) (actual time=0.419..0.419 rows=0 loops=1)
   ->  Sort  (cost=129.16..131.66 rows=1000 width=20) (actual time=0.365..0.396 rows=1000 loops=1)
         Sort Key: s_3.a, s_3.b, s_3.c, s_3.d
         Sort Method: quicksort  Memory: 103kB
         ->  Sort  (cost=66.83..69.33 rows=1000 width=20) (actual time=0.199..0.234 rows=1000 loops=1)
               Sort Key: s_3.a, s_3.b, s_3.c
               Sort Method: quicksort  Memory: 103kB
               ->  Seq Scan on s_3  (cost=0.00..17.00 rows=1000 width=20) (actual time=0.007..0.066 rows=1000 loops=1)
 Planning time: 0.212 ms
 Execution time: 0.440 ms
(10 rows)

===== 248 [Wed Mar  7 01:54:27 CET 2018] scale:1000 groups:1000 work_mem:16MB incremental:off max_workers:0 =====
SELECT * FROM (SELECT * FROM s_4 ORDER BY a, b, c, d) foo ORDER BY a, b, c, d, e
                                                      QUERY PLAN                                                       
-----------------------------------------------------------------------------------------------------------------------
 Limit  (cost=141.66..141.66 rows=1 width=20) (actual time=0.416..0.416 rows=0 loops=1)
   ->  Sort  (cost=129.16..131.66 rows=1000 width=20) (actual time=0.362..0.393 rows=1000 loops=1)
         Sort Key: s_4.a, s_4.b, s_4.c, s_4.d, s_4.e
         Sort Method: quicksort  Memory: 103kB
         ->  Sort  (cost=66.83..69.33 rows=1000 width=20) (actual time=0.197..0.233 rows=1000 loops=1)
               Sort Key: s_4.a, s_4.b, s_4.c, s_4.d
               Sort Method: quicksort  Memory: 103kB
               ->  Seq Scan on s_4  (cost=0.00..17.00 rows=1000 width=20) (actual time=0.007..0.065 rows=1000 loops=1)
 Planning time: 0.220 ms
 Execution time: 0.438 ms
(10 rows)

===== 249 [Wed Mar  7 01:54:27 CET 2018] scale:1000 groups:1000 work_mem:32MB incremental:on max_workers:0 =====
SELECT * FROM (SELECT * FROM s_1 ORDER BY a) foo ORDER BY a, b
                                                      QUERY PLAN                                                       
-----------------------------------------------------------------------------------------------------------------------
 Limit  (cost=124.07..124.07 rows=1 width=20) (actual time=0.455..0.455 rows=0 loops=1)
   ->  Incremental Sort  (cost=66.86..114.07 rows=1000 width=20) (actual time=0.225..0.429 rows=1000 loops=1)
         Sort Key: s_1.a, s_1.b
         Presorted Key: s_1.a
         Sort Method: quicksort  Memory: 27kB
         Sort Groups: 31
         ->  Sort  (cost=66.83..69.33 rows=1000 width=20) (actual time=0.183..0.223 rows=1000 loops=1)
               Sort Key: s_1.a
               Sort Method: quicksort  Memory: 103kB
               ->  Seq Scan on s_1  (cost=0.00..17.00 rows=1000 width=20) (actual time=0.004..0.066 rows=1000 loops=1)
 Planning time: 0.211 ms
 Execution time: 0.478 ms
(12 rows)

===== 250 [Wed Mar  7 01:54:27 CET 2018] scale:1000 groups:1000 work_mem:32MB incremental:on max_workers:0 =====
SELECT * FROM (SELECT * FROM s_2 ORDER BY a, b) foo ORDER BY a, b, c
                                                      QUERY PLAN                                                       
-----------------------------------------------------------------------------------------------------------------------
 Limit  (cost=124.69..124.69 rows=1 width=20) (actual time=0.413..0.413 rows=0 loops=1)
   ->  Incremental Sort  (cost=66.86..114.69 rows=1000 width=20) (actual time=0.230..0.387 rows=1000 loops=1)
         Sort Key: s_2.a, s_2.b, s_2.c
         Presorted Key: s_2.a, s_2.b
         Sort Method: quicksort  Memory: 27kB
         Sort Groups: 32
         ->  Sort  (cost=66.83..69.33 rows=1000 width=20) (actual time=0.191..0.230 rows=1000 loops=1)
               Sort Key: s_2.a, s_2.b
               Sort Method: quicksort  Memory: 103kB
               ->  Seq Scan on s_2  (cost=0.00..17.00 rows=1000 width=20) (actual time=0.007..0.060 rows=1000 loops=1)
 Planning time: 0.221 ms
 Execution time: 0.434 ms
(12 rows)

===== 251 [Wed Mar  7 01:54:27 CET 2018] scale:1000 groups:1000 work_mem:32MB incremental:on max_workers:0 =====
SELECT * FROM (SELECT * FROM s_3 ORDER BY a, b, c) foo ORDER BY a, b, c, d
                                                      QUERY PLAN                                                       
-----------------------------------------------------------------------------------------------------------------------
 Limit  (cost=124.71..124.71 rows=1 width=20) (actual time=0.441..0.441 rows=0 loops=1)
   ->  Incremental Sort  (cost=66.86..114.71 rows=1000 width=20) (actual time=0.241..0.415 rows=1000 loops=1)
         Sort Key: s_3.a, s_3.b, s_3.c, s_3.d
         Presorted Key: s_3.a, s_3.b, s_3.c
         Sort Method: quicksort  Memory: 27kB
         Sort Groups: 32
         ->  Sort  (cost=66.83..69.33 rows=1000 width=20) (actual time=0.201..0.240 rows=1000 loops=1)
               Sort Key: s_3.a, s_3.b, s_3.c
               Sort Method: quicksort  Memory: 103kB
               ->  Seq Scan on s_3  (cost=0.00..17.00 rows=1000 width=20) (actual time=0.007..0.074 rows=1000 loops=1)
 Planning time: 0.222 ms
 Execution time: 0.462 ms
(12 rows)

===== 252 [Wed Mar  7 01:54:27 CET 2018] scale:1000 groups:1000 work_mem:32MB incremental:on max_workers:0 =====
SELECT * FROM (SELECT * FROM s_4 ORDER BY a, b, c, d) foo ORDER BY a, b, c, d, e
                                                      QUERY PLAN                                                       
-----------------------------------------------------------------------------------------------------------------------
 Limit  (cost=124.71..124.71 rows=1 width=20) (actual time=0.432..0.432 rows=0 loops=1)
   ->  Incremental Sort  (cost=66.86..114.71 rows=1000 width=20) (actual time=0.233..0.408 rows=1000 loops=1)
         Sort Key: s_4.a, s_4.b, s_4.c, s_4.d, s_4.e
         Presorted Key: s_4.a, s_4.b, s_4.c, s_4.d
         Sort Method: quicksort  Memory: 27kB
         Sort Groups: 32
         ->  Sort  (cost=66.83..69.33 rows=1000 width=20) (actual time=0.191..0.231 rows=1000 loops=1)
               Sort Key: s_4.a, s_4.b, s_4.c, s_4.d
               Sort Method: quicksort  Memory: 103kB
               ->  Seq Scan on s_4  (cost=0.00..17.00 rows=1000 width=20) (actual time=0.007..0.063 rows=1000 loops=1)
 Planning time: 0.235 ms
 Execution time: 0.455 ms
(12 rows)

===== 253 [Wed Mar  7 01:54:27 CET 2018] scale:1000 groups:1000 work_mem:32MB incremental:off max_workers:0 =====
SELECT * FROM (SELECT * FROM s_1 ORDER BY a) foo ORDER BY a, b
                                                      QUERY PLAN                                                       
-----------------------------------------------------------------------------------------------------------------------
 Limit  (cost=141.66..141.66 rows=1 width=20) (actual time=0.477..0.477 rows=0 loops=1)
   ->  Sort  (cost=129.16..131.66 rows=1000 width=20) (actual time=0.423..0.455 rows=1000 loops=1)
         Sort Key: s_1.a, s_1.b
         Sort Method: quicksort  Memory: 103kB
         ->  Sort  (cost=66.83..69.33 rows=1000 width=20) (actual time=0.184..0.220 rows=1000 loops=1)
               Sort Key: s_1.a
               Sort Method: quicksort  Memory: 103kB
               ->  Seq Scan on s_1  (cost=0.00..17.00 rows=1000 width=20) (actual time=0.004..0.066 rows=1000 loops=1)
 Planning time: 0.215 ms
 Execution time: 0.499 ms
(10 rows)

===== 254 [Wed Mar  7 01:54:28 CET 2018] scale:1000 groups:1000 work_mem:32MB incremental:off max_workers:0 =====
SELECT * FROM (SELECT * FROM s_2 ORDER BY a, b) foo ORDER BY a, b, c
                                                      QUERY PLAN                                                       
-----------------------------------------------------------------------------------------------------------------------
 Limit  (cost=141.66..141.66 rows=1 width=20) (actual time=0.408..0.408 rows=0 loops=1)
   ->  Sort  (cost=129.16..131.66 rows=1000 width=20) (actual time=0.355..0.385 rows=1000 loops=1)
         Sort Key: s_2.a, s_2.b, s_2.c
         Sort Method: quicksort  Memory: 103kB
         ->  Sort  (cost=66.83..69.33 rows=1000 width=20) (actual time=0.189..0.224 rows=1000 loops=1)
               Sort Key: s_2.a, s_2.b
               Sort Method: quicksort  Memory: 103kB
               ->  Seq Scan on s_2  (cost=0.00..17.00 rows=1000 width=20) (actual time=0.013..0.066 rows=1000 loops=1)
 Planning time: 0.215 ms
 Execution time: 0.429 ms
(10 rows)

===== 255 [Wed Mar  7 01:54:28 CET 2018] scale:1000 groups:1000 work_mem:32MB incremental:off max_workers:0 =====
SELECT * FROM (SELECT * FROM s_3 ORDER BY a, b, c) foo ORDER BY a, b, c, d
                                                      QUERY PLAN                                                       
-----------------------------------------------------------------------------------------------------------------------
 Limit  (cost=141.66..141.66 rows=1 width=20) (actual time=0.415..0.415 rows=0 loops=1)
   ->  Sort  (cost=129.16..131.66 rows=1000 width=20) (actual time=0.361..0.393 rows=1000 loops=1)
         Sort Key: s_3.a, s_3.b, s_3.c, s_3.d
         Sort Method: quicksort  Memory: 103kB
         ->  Sort  (cost=66.83..69.33 rows=1000 width=20) (actual time=0.195..0.230 rows=1000 loops=1)
               Sort Key: s_3.a, s_3.b, s_3.c
               Sort Method: quicksort  Memory: 103kB
               ->  Seq Scan on s_3  (cost=0.00..17.00 rows=1000 width=20) (actual time=0.007..0.066 rows=1000 loops=1)
 Planning time: 0.222 ms
 Execution time: 0.436 ms
(10 rows)

===== 256 [Wed Mar  7 01:54:28 CET 2018] scale:1000 groups:1000 work_mem:32MB incremental:off max_workers:0 =====
SELECT * FROM (SELECT * FROM s_4 ORDER BY a, b, c, d) foo ORDER BY a, b, c, d, e
                                                      QUERY PLAN                                                       
-----------------------------------------------------------------------------------------------------------------------
 Limit  (cost=141.66..141.66 rows=1 width=20) (actual time=0.411..0.411 rows=0 loops=1)
   ->  Sort  (cost=129.16..131.66 rows=1000 width=20) (actual time=0.357..0.389 rows=1000 loops=1)
         Sort Key: s_4.a, s_4.b, s_4.c, s_4.d, s_4.e
         Sort Method: quicksort  Memory: 103kB
         ->  Sort  (cost=66.83..69.33 rows=1000 width=20) (actual time=0.191..0.227 rows=1000 loops=1)
               Sort Key: s_4.a, s_4.b, s_4.c, s_4.d
               Sort Method: quicksort  Memory: 103kB
               ->  Seq Scan on s_4  (cost=0.00..17.00 rows=1000 width=20) (actual time=0.007..0.065 rows=1000 loops=1)
 Planning time: 0.217 ms
 Execution time: 0.432 ms
(10 rows)

===== 257 [Wed Mar  7 01:54:28 CET 2018] scale:1000 groups:1000 work_mem:64MB incremental:on max_workers:0 =====
SELECT * FROM (SELECT * FROM s_1 ORDER BY a) foo ORDER BY a, b
                                                      QUERY PLAN                                                       
-----------------------------------------------------------------------------------------------------------------------
 Limit  (cost=124.07..124.07 rows=1 width=20) (actual time=0.452..0.452 rows=0 loops=1)
   ->  Incremental Sort  (cost=66.86..114.07 rows=1000 width=20) (actual time=0.235..0.429 rows=1000 loops=1)
         Sort Key: s_1.a, s_1.b
         Presorted Key: s_1.a
         Sort Method: quicksort  Memory: 27kB
         Sort Groups: 31
         ->  Sort  (cost=66.83..69.33 rows=1000 width=20) (actual time=0.182..0.222 rows=1000 loops=1)
               Sort Key: s_1.a
               Sort Method: quicksort  Memory: 103kB
               ->  Seq Scan on s_1  (cost=0.00..17.00 rows=1000 width=20) (actual time=0.004..0.066 rows=1000 loops=1)
 Planning time: 0.217 ms
 Execution time: 0.473 ms
(12 rows)

===== 258 [Wed Mar  7 01:54:28 CET 2018] scale:1000 groups:1000 work_mem:64MB incremental:on max_workers:0 =====
SELECT * FROM (SELECT * FROM s_2 ORDER BY a, b) foo ORDER BY a, b, c
                                                      QUERY PLAN                                                       
-----------------------------------------------------------------------------------------------------------------------
 Limit  (cost=124.69..124.69 rows=1 width=20) (actual time=0.401..0.401 rows=0 loops=1)
   ->  Incremental Sort  (cost=66.86..114.69 rows=1000 width=20) (actual time=0.225..0.378 rows=1000 loops=1)
         Sort Key: s_2.a, s_2.b, s_2.c
         Presorted Key: s_2.a, s_2.b
         Sort Method: quicksort  Memory: 27kB
         Sort Groups: 32
         ->  Sort  (cost=66.83..69.33 rows=1000 width=20) (actual time=0.184..0.224 rows=1000 loops=1)
               Sort Key: s_2.a, s_2.b
               Sort Method: quicksort  Memory: 103kB
               ->  Seq Scan on s_2  (cost=0.00..17.00 rows=1000 width=20) (actual time=0.007..0.060 rows=1000 loops=1)
 Planning time: 0.219 ms
 Execution time: 0.421 ms
(12 rows)

===== 259 [Wed Mar  7 01:54:28 CET 2018] scale:1000 groups:1000 work_mem:64MB incremental:on max_workers:0 =====
SELECT * FROM (SELECT * FROM s_3 ORDER BY a, b, c) foo ORDER BY a, b, c, d
                                                      QUERY PLAN                                                       
-----------------------------------------------------------------------------------------------------------------------
 Limit  (cost=124.71..124.71 rows=1 width=20) (actual time=0.421..0.421 rows=0 loops=1)
   ->  Incremental Sort  (cost=66.86..114.71 rows=1000 width=20) (actual time=0.237..0.399 rows=1000 loops=1)
         Sort Key: s_3.a, s_3.b, s_3.c, s_3.d
         Presorted Key: s_3.a, s_3.b, s_3.c
         Sort Method: quicksort  Memory: 27kB
         Sort Groups: 32
         ->  Sort  (cost=66.83..69.33 rows=1000 width=20) (actual time=0.194..0.233 rows=1000 loops=1)
               Sort Key: s_3.a, s_3.b, s_3.c
               Sort Method: quicksort  Memory: 103kB
               ->  Seq Scan on s_3  (cost=0.00..17.00 rows=1000 width=20) (actual time=0.007..0.069 rows=1000 loops=1)
 Planning time: 0.213 ms
 Execution time: 0.442 ms
(12 rows)

===== 260 [Wed Mar  7 01:54:28 CET 2018] scale:1000 groups:1000 work_mem:64MB incremental:on max_workers:0 =====
SELECT * FROM (SELECT * FROM s_4 ORDER BY a, b, c, d) foo ORDER BY a, b, c, d, e
                                                      QUERY PLAN                                                       
-----------------------------------------------------------------------------------------------------------------------
 Limit  (cost=124.71..124.71 rows=1 width=20) (actual time=0.416..0.416 rows=0 loops=1)
   ->  Incremental Sort  (cost=66.86..114.71 rows=1000 width=20) (actual time=0.232..0.393 rows=1000 loops=1)
         Sort Key: s_4.a, s_4.b, s_4.c, s_4.d, s_4.e
         Presorted Key: s_4.a, s_4.b, s_4.c, s_4.d
         Sort Method: quicksort  Memory: 27kB
         Sort Groups: 32
         ->  Sort  (cost=66.83..69.33 rows=1000 width=20) (actual time=0.189..0.228 rows=1000 loops=1)
               Sort Key: s_4.a, s_4.b, s_4.c, s_4.d
               Sort Method: quicksort  Memory: 103kB
               ->  Seq Scan on s_4  (cost=0.00..17.00 rows=1000 width=20) (actual time=0.007..0.062 rows=1000 loops=1)
 Planning time: 0.228 ms
 Execution time: 0.436 ms
(12 rows)

===== 261 [Wed Mar  7 01:54:28 CET 2018] scale:1000 groups:1000 work_mem:64MB incremental:off max_workers:0 =====
SELECT * FROM (SELECT * FROM s_1 ORDER BY a) foo ORDER BY a, b
                                                      QUERY PLAN                                                       
-----------------------------------------------------------------------------------------------------------------------
 Limit  (cost=141.66..141.66 rows=1 width=20) (actual time=0.477..0.477 rows=0 loops=1)
   ->  Sort  (cost=129.16..131.66 rows=1000 width=20) (actual time=0.423..0.455 rows=1000 loops=1)
         Sort Key: s_1.a, s_1.b
         Sort Method: quicksort  Memory: 103kB
         ->  Sort  (cost=66.83..69.33 rows=1000 width=20) (actual time=0.185..0.220 rows=1000 loops=1)
               Sort Key: s_1.a
               Sort Method: quicksort  Memory: 103kB
               ->  Seq Scan on s_1  (cost=0.00..17.00 rows=1000 width=20) (actual time=0.004..0.066 rows=1000 loops=1)
 Planning time: 0.220 ms
 Execution time: 0.498 ms
(10 rows)

===== 262 [Wed Mar  7 01:54:28 CET 2018] scale:1000 groups:1000 work_mem:64MB incremental:off max_workers:0 =====
SELECT * FROM (SELECT * FROM s_2 ORDER BY a, b) foo ORDER BY a, b, c
                                                      QUERY PLAN                                                       
-----------------------------------------------------------------------------------------------------------------------
 Limit  (cost=141.66..141.66 rows=1 width=20) (actual time=0.412..0.412 rows=0 loops=1)
   ->  Sort  (cost=129.16..131.66 rows=1000 width=20) (actual time=0.358..0.389 rows=1000 loops=1)
         Sort Key: s_2.a, s_2.b, s_2.c
         Sort Method: quicksort  Memory: 103kB
         ->  Sort  (cost=66.83..69.33 rows=1000 width=20) (actual time=0.192..0.227 rows=1000 loops=1)
               Sort Key: s_2.a, s_2.b
               Sort Method: quicksort  Memory: 103kB
               ->  Seq Scan on s_2  (cost=0.00..17.00 rows=1000 width=20) (actual time=0.007..0.060 rows=1000 loops=1)
 Planning time: 0.213 ms
 Execution time: 0.433 ms
(10 rows)

===== 263 [Wed Mar  7 01:54:28 CET 2018] scale:1000 groups:1000 work_mem:64MB incremental:off max_workers:0 =====
SELECT * FROM (SELECT * FROM s_3 ORDER BY a, b, c) foo ORDER BY a, b, c, d
                                                      QUERY PLAN                                                       
-----------------------------------------------------------------------------------------------------------------------
 Limit  (cost=141.66..141.66 rows=1 width=20) (actual time=0.419..0.419 rows=0 loops=1)
   ->  Sort  (cost=129.16..131.66 rows=1000 width=20) (actual time=0.365..0.396 rows=1000 loops=1)
         Sort Key: s_3.a, s_3.b, s_3.c, s_3.d
         Sort Method: quicksort  Memory: 103kB
         ->  Sort  (cost=66.83..69.33 rows=1000 width=20) (actual time=0.194..0.230 rows=1000 loops=1)
               Sort Key: s_3.a, s_3.b, s_3.c
               Sort Method: quicksort  Memory: 103kB
               ->  Seq Scan on s_3  (cost=0.00..17.00 rows=1000 width=20) (actual time=0.007..0.066 rows=1000 loops=1)
 Planning time: 0.214 ms
 Execution time: 0.440 ms
(10 rows)

===== 264 [Wed Mar  7 01:54:28 CET 2018] scale:1000 groups:1000 work_mem:64MB incremental:off max_workers:0 =====
SELECT * FROM (SELECT * FROM s_4 ORDER BY a, b, c, d) foo ORDER BY a, b, c, d, e
                                                      QUERY PLAN                                                       
-----------------------------------------------------------------------------------------------------------------------
 Limit  (cost=141.66..141.66 rows=1 width=20) (actual time=0.414..0.414 rows=0 loops=1)
   ->  Sort  (cost=129.16..131.66 rows=1000 width=20) (actual time=0.360..0.391 rows=1000 loops=1)
         Sort Key: s_4.a, s_4.b, s_4.c, s_4.d, s_4.e
         Sort Method: quicksort  Memory: 103kB
         ->  Sort  (cost=66.83..69.33 rows=1000 width=20) (actual time=0.192..0.228 rows=1000 loops=1)
               Sort Key: s_4.a, s_4.b, s_4.c, s_4.d
               Sort Method: quicksort  Memory: 103kB
               ->  Seq Scan on s_4  (cost=0.00..17.00 rows=1000 width=20) (actual time=0.007..0.065 rows=1000 loops=1)
 Planning time: 0.229 ms
 Execution time: 0.435 ms
(10 rows)

===== 265 [Wed Mar  7 01:54:28 CET 2018] scale:1000 groups:1000 work_mem:128MB incremental:on max_workers:0 =====
SELECT * FROM (SELECT * FROM s_1 ORDER BY a) foo ORDER BY a, b
                                                      QUERY PLAN                                                       
-----------------------------------------------------------------------------------------------------------------------
 Limit  (cost=124.07..124.07 rows=1 width=20) (actual time=0.447..0.447 rows=0 loops=1)
   ->  Incremental Sort  (cost=66.86..114.07 rows=1000 width=20) (actual time=0.230..0.424 rows=1000 loops=1)
         Sort Key: s_1.a, s_1.b
         Presorted Key: s_1.a
         Sort Method: quicksort  Memory: 27kB
         Sort Groups: 31
         ->  Sort  (cost=66.83..69.33 rows=1000 width=20) (actual time=0.183..0.222 rows=1000 loops=1)
               Sort Key: s_1.a
               Sort Method: quicksort  Memory: 103kB
               ->  Seq Scan on s_1  (cost=0.00..17.00 rows=1000 width=20) (actual time=0.004..0.066 rows=1000 loops=1)
 Planning time: 0.214 ms
 Execution time: 0.469 ms
(12 rows)

===== 266 [Wed Mar  7 01:54:28 CET 2018] scale:1000 groups:1000 work_mem:128MB incremental:on max_workers:0 =====
SELECT * FROM (SELECT * FROM s_2 ORDER BY a, b) foo ORDER BY a, b, c
                                                      QUERY PLAN                                                       
-----------------------------------------------------------------------------------------------------------------------
 Limit  (cost=124.69..124.69 rows=1 width=20) (actual time=0.406..0.406 rows=0 loops=1)
   ->  Incremental Sort  (cost=66.86..114.69 rows=1000 width=20) (actual time=0.230..0.383 rows=1000 loops=1)
         Sort Key: s_2.a, s_2.b, s_2.c
         Presorted Key: s_2.a, s_2.b
         Sort Method: quicksort  Memory: 27kB
         Sort Groups: 32
         ->  Sort  (cost=66.83..69.33 rows=1000 width=20) (actual time=0.190..0.229 rows=1000 loops=1)
               Sort Key: s_2.a, s_2.b
               Sort Method: quicksort  Memory: 103kB
               ->  Seq Scan on s_2  (cost=0.00..17.00 rows=1000 width=20) (actual time=0.007..0.065 rows=1000 loops=1)
 Planning time: 0.220 ms
 Execution time: 0.426 ms
(12 rows)

===== 267 [Wed Mar  7 01:54:28 CET 2018] scale:1000 groups:1000 work_mem:128MB incremental:on max_workers:0 =====
SELECT * FROM (SELECT * FROM s_3 ORDER BY a, b, c) foo ORDER BY a, b, c, d
                                                      QUERY PLAN                                                       
-----------------------------------------------------------------------------------------------------------------------
 Limit  (cost=124.71..124.71 rows=1 width=20) (actual time=0.419..0.419 rows=0 loops=1)
   ->  Incremental Sort  (cost=66.86..114.71 rows=1000 width=20) (actual time=0.234..0.397 rows=1000 loops=1)
         Sort Key: s_3.a, s_3.b, s_3.c, s_3.d
         Presorted Key: s_3.a, s_3.b, s_3.c
         Sort Method: quicksort  Memory: 27kB
         Sort Groups: 32
         ->  Sort  (cost=66.83..69.33 rows=1000 width=20) (actual time=0.192..0.231 rows=1000 loops=1)
               Sort Key: s_3.a, s_3.b, s_3.c
               Sort Method: quicksort  Memory: 103kB
               ->  Seq Scan on s_3  (cost=0.00..17.00 rows=1000 width=20) (actual time=0.007..0.065 rows=1000 loops=1)
 Planning time: 0.227 ms
 Execution time: 0.442 ms
(12 rows)

===== 268 [Wed Mar  7 01:54:29 CET 2018] scale:1000 groups:1000 work_mem:128MB incremental:on max_workers:0 =====
SELECT * FROM (SELECT * FROM s_4 ORDER BY a, b, c, d) foo ORDER BY a, b, c, d, e
                                                      QUERY PLAN                                                       
-----------------------------------------------------------------------------------------------------------------------
 Limit  (cost=124.71..124.71 rows=1 width=20) (actual time=0.416..0.416 rows=0 loops=1)
   ->  Incremental Sort  (cost=66.86..114.71 rows=1000 width=20) (actual time=0.232..0.393 rows=1000 loops=1)
         Sort Key: s_4.a, s_4.b, s_4.c, s_4.d, s_4.e
         Presorted Key: s_4.a, s_4.b, s_4.c, s_4.d
         Sort Method: quicksort  Memory: 27kB
         Sort Groups: 32
         ->  Sort  (cost=66.83..69.33 rows=1000 width=20) (actual time=0.188..0.228 rows=1000 loops=1)
               Sort Key: s_4.a, s_4.b, s_4.c, s_4.d
               Sort Method: quicksort  Memory: 103kB
               ->  Seq Scan on s_4  (cost=0.00..17.00 rows=1000 width=20) (actual time=0.007..0.062 rows=1000 loops=1)
 Planning time: 0.233 ms
 Execution time: 0.437 ms
(12 rows)

===== 269 [Wed Mar  7 01:54:29 CET 2018] scale:1000 groups:1000 work_mem:128MB incremental:off max_workers:0 =====
SELECT * FROM (SELECT * FROM s_1 ORDER BY a) foo ORDER BY a, b
                                                      QUERY PLAN                                                       
-----------------------------------------------------------------------------------------------------------------------
 Limit  (cost=141.66..141.66 rows=1 width=20) (actual time=0.486..0.486 rows=0 loops=1)
   ->  Sort  (cost=129.16..131.66 rows=1000 width=20) (actual time=0.432..0.463 rows=1000 loops=1)
         Sort Key: s_1.a, s_1.b
         Sort Method: quicksort  Memory: 103kB
         ->  Sort  (cost=66.83..69.33 rows=1000 width=20) (actual time=0.196..0.231 rows=1000 loops=1)
               Sort Key: s_1.a
               Sort Method: quicksort  Memory: 103kB
               ->  Seq Scan on s_1  (cost=0.00..17.00 rows=1000 width=20) (actual time=0.004..0.067 rows=1000 loops=1)
 Planning time: 0.211 ms
 Execution time: 0.510 ms
(10 rows)

===== 270 [Wed Mar  7 01:54:29 CET 2018] scale:1000 groups:1000 work_mem:128MB incremental:off max_workers:0 =====
SELECT * FROM (SELECT * FROM s_2 ORDER BY a, b) foo ORDER BY a, b, c
                                                      QUERY PLAN                                                       
-----------------------------------------------------------------------------------------------------------------------
 Limit  (cost=141.66..141.66 rows=1 width=20) (actual time=0.410..0.410 rows=0 loops=1)
   ->  Sort  (cost=129.16..131.66 rows=1000 width=20) (actual time=0.356..0.387 rows=1000 loops=1)
         Sort Key: s_2.a, s_2.b, s_2.c
         Sort Method: quicksort  Memory: 103kB
         ->  Sort  (cost=66.83..69.33 rows=1000 width=20) (actual time=0.185..0.221 rows=1000 loops=1)
               Sort Key: s_2.a, s_2.b
               Sort Method: quicksort  Memory: 103kB
               ->  Seq Scan on s_2  (cost=0.00..17.00 rows=1000 width=20) (actual time=0.007..0.060 rows=1000 loops=1)
 Planning time: 0.214 ms
 Execution time: 0.431 ms
(10 rows)

===== 271 [Wed Mar  7 01:54:29 CET 2018] scale:1000 groups:1000 work_mem:128MB incremental:off max_workers:0 =====
SELECT * FROM (SELECT * FROM s_3 ORDER BY a, b, c) foo ORDER BY a, b, c, d
                                                      QUERY PLAN                                                       
-----------------------------------------------------------------------------------------------------------------------
 Limit  (cost=141.66..141.66 rows=1 width=20) (actual time=0.418..0.418 rows=0 loops=1)
   ->  Sort  (cost=129.16..131.66 rows=1000 width=20) (actual time=0.364..0.395 rows=1000 loops=1)
         Sort Key: s_3.a, s_3.b, s_3.c, s_3.d
         Sort Method: quicksort  Memory: 103kB
         ->  Sort  (cost=66.83..69.33 rows=1000 width=20) (actual time=0.194..0.230 rows=1000 loops=1)
               Sort Key: s_3.a, s_3.b, s_3.c
               Sort Method: quicksort  Memory: 103kB
               ->  Seq Scan on s_3  (cost=0.00..17.00 rows=1000 width=20) (actual time=0.007..0.065 rows=1000 loops=1)
 Planning time: 0.214 ms
 Execution time: 0.439 ms
(10 rows)

===== 272 [Wed Mar  7 01:54:29 CET 2018] scale:1000 groups:1000 work_mem:128MB incremental:off max_workers:0 =====
SELECT * FROM (SELECT * FROM s_4 ORDER BY a, b, c, d) foo ORDER BY a, b, c, d, e
                                                      QUERY PLAN                                                       
-----------------------------------------------------------------------------------------------------------------------
 Limit  (cost=141.66..141.66 rows=1 width=20) (actual time=0.414..0.414 rows=0 loops=1)
   ->  Sort  (cost=129.16..131.66 rows=1000 width=20) (actual time=0.357..0.392 rows=1000 loops=1)
         Sort Key: s_4.a, s_4.b, s_4.c, s_4.d, s_4.e
         Sort Method: quicksort  Memory: 103kB
         ->  Sort  (cost=66.83..69.33 rows=1000 width=20) (actual time=0.192..0.228 rows=1000 loops=1)
               Sort Key: s_4.a, s_4.b, s_4.c, s_4.d
               Sort Method: quicksort  Memory: 103kB
               ->  Seq Scan on s_4  (cost=0.00..17.00 rows=1000 width=20) (actual time=0.007..0.065 rows=1000 loops=1)
 Planning time: 0.215 ms
 Execution time: 0.437 ms
(10 rows)

===== 273 [Wed Mar  7 01:54:29 CET 2018] scale:1000 groups:1000 work_mem:256MB incremental:on max_workers:0 =====
SELECT * FROM (SELECT * FROM s_1 ORDER BY a) foo ORDER BY a, b
                                                      QUERY PLAN                                                       
-----------------------------------------------------------------------------------------------------------------------
 Limit  (cost=124.07..124.07 rows=1 width=20) (actual time=0.455..0.455 rows=0 loops=1)
   ->  Incremental Sort  (cost=66.86..114.07 rows=1000 width=20) (actual time=0.225..0.429 rows=1000 loops=1)
         Sort Key: s_1.a, s_1.b
         Presorted Key: s_1.a
         Sort Method: quicksort  Memory: 27kB
         Sort Groups: 31
         ->  Sort  (cost=66.83..69.33 rows=1000 width=20) (actual time=0.183..0.222 rows=1000 loops=1)
               Sort Key: s_1.a
               Sort Method: quicksort  Memory: 103kB
               ->  Seq Scan on s_1  (cost=0.00..17.00 rows=1000 width=20) (actual time=0.004..0.066 rows=1000 loops=1)
 Planning time: 0.216 ms
 Execution time: 0.476 ms
(12 rows)

===== 274 [Wed Mar  7 01:54:29 CET 2018] scale:1000 groups:1000 work_mem:256MB incremental:on max_workers:0 =====
SELECT * FROM (SELECT * FROM s_2 ORDER BY a, b) foo ORDER BY a, b, c
                                                      QUERY PLAN                                                       
-----------------------------------------------------------------------------------------------------------------------
 Limit  (cost=124.69..124.69 rows=1 width=20) (actual time=0.410..0.410 rows=0 loops=1)
   ->  Incremental Sort  (cost=66.86..114.69 rows=1000 width=20) (actual time=0.229..0.384 rows=1000 loops=1)
         Sort Key: s_2.a, s_2.b, s_2.c
         Presorted Key: s_2.a, s_2.b
         Sort Method: quicksort  Memory: 27kB
         Sort Groups: 32
         ->  Sort  (cost=66.83..69.33 rows=1000 width=20) (actual time=0.190..0.229 rows=1000 loops=1)
               Sort Key: s_2.a, s_2.b
               Sort Method: quicksort  Memory: 103kB
               ->  Seq Scan on s_2  (cost=0.00..17.00 rows=1000 width=20) (actual time=0.007..0.059 rows=1000 loops=1)
 Planning time: 0.222 ms
 Execution time: 0.430 ms
(12 rows)

===== 275 [Wed Mar  7 01:54:29 CET 2018] scale:1000 groups:1000 work_mem:256MB incremental:on max_workers:0 =====
SELECT * FROM (SELECT * FROM s_3 ORDER BY a, b, c) foo ORDER BY a, b, c, d
                                                      QUERY PLAN                                                       
-----------------------------------------------------------------------------------------------------------------------
 Limit  (cost=124.71..124.71 rows=1 width=20) (actual time=0.436..0.436 rows=0 loops=1)
   ->  Incremental Sort  (cost=66.86..114.71 rows=1000 width=20) (actual time=0.237..0.410 rows=1000 loops=1)
         Sort Key: s_3.a, s_3.b, s_3.c, s_3.d
         Presorted Key: s_3.a, s_3.b, s_3.c
         Sort Method: quicksort  Memory: 27kB
         Sort Groups: 32
         ->  Sort  (cost=66.83..69.33 rows=1000 width=20) (actual time=0.196..0.235 rows=1000 loops=1)
               Sort Key: s_3.a, s_3.b, s_3.c
               Sort Method: quicksort  Memory: 103kB
               ->  Seq Scan on s_3  (cost=0.00..17.00 rows=1000 width=20) (actual time=0.007..0.066 rows=1000 loops=1)
 Planning time: 0.219 ms
 Execution time: 0.458 ms
(12 rows)

===== 276 [Wed Mar  7 01:54:29 CET 2018] scale:1000 groups:1000 work_mem:256MB incremental:on max_workers:0 =====
SELECT * FROM (SELECT * FROM s_4 ORDER BY a, b, c, d) foo ORDER BY a, b, c, d, e
                                                      QUERY PLAN                                                       
-----------------------------------------------------------------------------------------------------------------------
 Limit  (cost=124.71..124.71 rows=1 width=20) (actual time=0.428..0.428 rows=0 loops=1)
   ->  Incremental Sort  (cost=66.86..114.71 rows=1000 width=20) (actual time=0.230..0.405 rows=1000 loops=1)
         Sort Key: s_4.a, s_4.b, s_4.c, s_4.d, s_4.e
         Presorted Key: s_4.a, s_4.b, s_4.c, s_4.d
         Sort Method: quicksort  Memory: 27kB
         Sort Groups: 32
         ->  Sort  (cost=66.83..69.33 rows=1000 width=20) (actual time=0.189..0.229 rows=1000 loops=1)
               Sort Key: s_4.a, s_4.b, s_4.c, s_4.d
               Sort Method: quicksort  Memory: 103kB
               ->  Seq Scan on s_4  (cost=0.00..17.00 rows=1000 width=20) (actual time=0.007..0.062 rows=1000 loops=1)
 Planning time: 0.234 ms
 Execution time: 0.448 ms
(12 rows)

===== 277 [Wed Mar  7 01:54:29 CET 2018] scale:1000 groups:1000 work_mem:256MB incremental:off max_workers:0 =====
SELECT * FROM (SELECT * FROM s_1 ORDER BY a) foo ORDER BY a, b
                                                      QUERY PLAN                                                       
-----------------------------------------------------------------------------------------------------------------------
 Limit  (cost=141.66..141.66 rows=1 width=20) (actual time=0.478..0.478 rows=0 loops=1)
   ->  Sort  (cost=129.16..131.66 rows=1000 width=20) (actual time=0.424..0.455 rows=1000 loops=1)
         Sort Key: s_1.a, s_1.b
         Sort Method: quicksort  Memory: 103kB
         ->  Sort  (cost=66.83..69.33 rows=1000 width=20) (actual time=0.182..0.217 rows=1000 loops=1)
               Sort Key: s_1.a
               Sort Method: quicksort  Memory: 103kB
               ->  Seq Scan on s_1  (cost=0.00..17.00 rows=1000 width=20) (actual time=0.004..0.066 rows=1000 loops=1)
 Planning time: 0.210 ms
 Execution time: 0.499 ms
(10 rows)

===== 278 [Wed Mar  7 01:54:29 CET 2018] scale:1000 groups:1000 work_mem:256MB incremental:off max_workers:0 =====
SELECT * FROM (SELECT * FROM s_2 ORDER BY a, b) foo ORDER BY a, b, c
                                                      QUERY PLAN                                                       
-----------------------------------------------------------------------------------------------------------------------
 Limit  (cost=141.66..141.66 rows=1 width=20) (actual time=0.404..0.404 rows=0 loops=1)
   ->  Sort  (cost=129.16..131.66 rows=1000 width=20) (actual time=0.350..0.381 rows=1000 loops=1)
         Sort Key: s_2.a, s_2.b, s_2.c
         Sort Method: quicksort  Memory: 103kB
         ->  Sort  (cost=66.83..69.33 rows=1000 width=20) (actual time=0.184..0.220 rows=1000 loops=1)
               Sort Key: s_2.a, s_2.b
               Sort Method: quicksort  Memory: 103kB
               ->  Seq Scan on s_2  (cost=0.00..17.00 rows=1000 width=20) (actual time=0.007..0.060 rows=1000 loops=1)
 Planning time: 0.213 ms
 Execution time: 0.424 ms
(10 rows)

===== 279 [Wed Mar  7 01:54:29 CET 2018] scale:1000 groups:1000 work_mem:256MB incremental:off max_workers:0 =====
SELECT * FROM (SELECT * FROM s_3 ORDER BY a, b, c) foo ORDER BY a, b, c, d
                                                      QUERY PLAN                                                       
-----------------------------------------------------------------------------------------------------------------------
 Limit  (cost=141.66..141.66 rows=1 width=20) (actual time=0.417..0.417 rows=0 loops=1)
   ->  Sort  (cost=129.16..131.66 rows=1000 width=20) (actual time=0.363..0.394 rows=1000 loops=1)
         Sort Key: s_3.a, s_3.b, s_3.c, s_3.d
         Sort Method: quicksort  Memory: 103kB
         ->  Sort  (cost=66.83..69.33 rows=1000 width=20) (actual time=0.196..0.232 rows=1000 loops=1)
               Sort Key: s_3.a, s_3.b, s_3.c
               Sort Method: quicksort  Memory: 103kB
               ->  Seq Scan on s_3  (cost=0.00..17.00 rows=1000 width=20) (actual time=0.007..0.070 rows=1000 loops=1)
 Planning time: 0.214 ms
 Execution time: 0.437 ms
(10 rows)

===== 280 [Wed Mar  7 01:54:29 CET 2018] scale:1000 groups:1000 work_mem:256MB incremental:off max_workers:0 =====
SELECT * FROM (SELECT * FROM s_4 ORDER BY a, b, c, d) foo ORDER BY a, b, c, d, e
                                                      QUERY PLAN                                                       
-----------------------------------------------------------------------------------------------------------------------
 Limit  (cost=141.66..141.66 rows=1 width=20) (actual time=0.408..0.408 rows=0 loops=1)
   ->  Sort  (cost=129.16..131.66 rows=1000 width=20) (actual time=0.355..0.386 rows=1000 loops=1)
         Sort Key: s_4.a, s_4.b, s_4.c, s_4.d, s_4.e
         Sort Method: quicksort  Memory: 103kB
         ->  Sort  (cost=66.83..69.33 rows=1000 width=20) (actual time=0.189..0.224 rows=1000 loops=1)
               Sort Key: s_4.a, s_4.b, s_4.c, s_4.d
               Sort Method: quicksort  Memory: 103kB
               ->  Seq Scan on s_4  (cost=0.00..17.00 rows=1000 width=20) (actual time=0.007..0.065 rows=1000 loops=1)
 Planning time: 0.224 ms
 Execution time: 0.429 ms
(10 rows)

===== 281 [Wed Mar  7 01:54:29 CET 2018] scale:1000 groups:1000 work_mem:4MB incremental:on max_workers:2 =====
SELECT * FROM (SELECT * FROM s_1 ORDER BY a) foo ORDER BY a, b
                                                      QUERY PLAN                                                       
-----------------------------------------------------------------------------------------------------------------------
 Limit  (cost=124.07..124.07 rows=1 width=20) (actual time=0.456..0.456 rows=0 loops=1)
   ->  Incremental Sort  (cost=66.86..114.07 rows=1000 width=20) (actual time=0.228..0.430 rows=1000 loops=1)
         Sort Key: s_1.a, s_1.b
         Presorted Key: s_1.a
         Sort Method: quicksort  Memory: 27kB
         Sort Groups: 31
         ->  Sort  (cost=66.83..69.33 rows=1000 width=20) (actual time=0.186..0.226 rows=1000 loops=1)
               Sort Key: s_1.a
               Sort Method: quicksort  Memory: 103kB
               ->  Seq Scan on s_1  (cost=0.00..17.00 rows=1000 width=20) (actual time=0.004..0.070 rows=1000 loops=1)
 Planning time: 0.216 ms
 Execution time: 0.477 ms
(12 rows)

===== 282 [Wed Mar  7 01:54:30 CET 2018] scale:1000 groups:1000 work_mem:4MB incremental:on max_workers:2 =====
SELECT * FROM (SELECT * FROM s_2 ORDER BY a, b) foo ORDER BY a, b, c
                                                      QUERY PLAN                                                       
-----------------------------------------------------------------------------------------------------------------------
 Limit  (cost=124.69..124.69 rows=1 width=20) (actual time=0.406..0.406 rows=0 loops=1)
   ->  Incremental Sort  (cost=66.86..114.69 rows=1000 width=20) (actual time=0.224..0.380 rows=1000 loops=1)
         Sort Key: s_2.a, s_2.b, s_2.c
         Presorted Key: s_2.a, s_2.b
         Sort Method: quicksort  Memory: 27kB
         Sort Groups: 32
         ->  Sort  (cost=66.83..69.33 rows=1000 width=20) (actual time=0.185..0.225 rows=1000 loops=1)
               Sort Key: s_2.a, s_2.b
               Sort Method: quicksort  Memory: 103kB
               ->  Seq Scan on s_2  (cost=0.00..17.00 rows=1000 width=20) (actual time=0.006..0.059 rows=1000 loops=1)
 Planning time: 0.229 ms
 Execution time: 0.427 ms
(12 rows)

===== 283 [Wed Mar  7 01:54:30 CET 2018] scale:1000 groups:1000 work_mem:4MB incremental:on max_workers:2 =====
SELECT * FROM (SELECT * FROM s_3 ORDER BY a, b, c) foo ORDER BY a, b, c, d
                                                      QUERY PLAN                                                       
-----------------------------------------------------------------------------------------------------------------------
 Limit  (cost=124.71..124.71 rows=1 width=20) (actual time=0.441..0.441 rows=0 loops=1)
   ->  Incremental Sort  (cost=66.86..114.71 rows=1000 width=20) (actual time=0.240..0.414 rows=1000 loops=1)
         Sort Key: s_3.a, s_3.b, s_3.c, s_3.d
         Presorted Key: s_3.a, s_3.b, s_3.c
         Sort Method: quicksort  Memory: 27kB
         Sort Groups: 32
         ->  Sort  (cost=66.83..69.33 rows=1000 width=20) (actual time=0.199..0.239 rows=1000 loops=1)
               Sort Key: s_3.a, s_3.b, s_3.c
               Sort Method: quicksort  Memory: 103kB
               ->  Seq Scan on s_3  (cost=0.00..17.00 rows=1000 width=20) (actual time=0.007..0.066 rows=1000 loops=1)
 Planning time: 0.225 ms
 Execution time: 0.462 ms
(12 rows)

===== 284 [Wed Mar  7 01:54:30 CET 2018] scale:1000 groups:1000 work_mem:4MB incremental:on max_workers:2 =====
SELECT * FROM (SELECT * FROM s_4 ORDER BY a, b, c, d) foo ORDER BY a, b, c, d, e
                                                      QUERY PLAN                                                       
-----------------------------------------------------------------------------------------------------------------------
 Limit  (cost=124.71..124.71 rows=1 width=20) (actual time=0.432..0.432 rows=0 loops=1)
   ->  Incremental Sort  (cost=66.86..114.71 rows=1000 width=20) (actual time=0.233..0.409 rows=1000 loops=1)
         Sort Key: s_4.a, s_4.b, s_4.c, s_4.d, s_4.e
         Presorted Key: s_4.a, s_4.b, s_4.c, s_4.d
         Sort Method: quicksort  Memory: 27kB
         Sort Groups: 32
         ->  Sort  (cost=66.83..69.33 rows=1000 width=20) (actual time=0.189..0.229 rows=1000 loops=1)
               Sort Key: s_4.a, s_4.b, s_4.c, s_4.d
               Sort Method: quicksort  Memory: 103kB
               ->  Seq Scan on s_4  (cost=0.00..17.00 rows=1000 width=20) (actual time=0.007..0.062 rows=1000 loops=1)
 Planning time: 0.231 ms
 Execution time: 0.453 ms
(12 rows)

===== 285 [Wed Mar  7 01:54:30 CET 2018] scale:1000 groups:1000 work_mem:4MB incremental:off max_workers:2 =====
SELECT * FROM (SELECT * FROM s_1 ORDER BY a) foo ORDER BY a, b
                                                      QUERY PLAN                                                       
-----------------------------------------------------------------------------------------------------------------------
 Limit  (cost=141.66..141.66 rows=1 width=20) (actual time=0.473..0.473 rows=0 loops=1)
   ->  Sort  (cost=129.16..131.66 rows=1000 width=20) (actual time=0.419..0.451 rows=1000 loops=1)
         Sort Key: s_1.a, s_1.b
         Sort Method: quicksort  Memory: 103kB
         ->  Sort  (cost=66.83..69.33 rows=1000 width=20) (actual time=0.181..0.216 rows=1000 loops=1)
               Sort Key: s_1.a
               Sort Method: quicksort  Memory: 103kB
               ->  Seq Scan on s_1  (cost=0.00..17.00 rows=1000 width=20) (actual time=0.004..0.066 rows=1000 loops=1)
 Planning time: 0.210 ms
 Execution time: 0.496 ms
(10 rows)

===== 286 [Wed Mar  7 01:54:30 CET 2018] scale:1000 groups:1000 work_mem:4MB incremental:off max_workers:2 =====
SELECT * FROM (SELECT * FROM s_2 ORDER BY a, b) foo ORDER BY a, b, c
                                                      QUERY PLAN                                                       
-----------------------------------------------------------------------------------------------------------------------
 Limit  (cost=141.66..141.66 rows=1 width=20) (actual time=0.410..0.410 rows=0 loops=1)
   ->  Sort  (cost=129.16..131.66 rows=1000 width=20) (actual time=0.356..0.387 rows=1000 loops=1)
         Sort Key: s_2.a, s_2.b, s_2.c
         Sort Method: quicksort  Memory: 103kB
         ->  Sort  (cost=66.83..69.33 rows=1000 width=20) (actual time=0.185..0.225 rows=1000 loops=1)
               Sort Key: s_2.a, s_2.b
               Sort Method: quicksort  Memory: 103kB
               ->  Seq Scan on s_2  (cost=0.00..17.00 rows=1000 width=20) (actual time=0.007..0.060 rows=1000 loops=1)
 Planning time: 0.218 ms
 Execution time: 0.431 ms
(10 rows)

===== 287 [Wed Mar  7 01:54:30 CET 2018] scale:1000 groups:1000 work_mem:4MB incremental:off max_workers:2 =====
SELECT * FROM (SELECT * FROM s_3 ORDER BY a, b, c) foo ORDER BY a, b, c, d
                                                      QUERY PLAN                                                       
-----------------------------------------------------------------------------------------------------------------------
 Limit  (cost=141.66..141.66 rows=1 width=20) (actual time=0.423..0.423 rows=0 loops=1)
   ->  Sort  (cost=129.16..131.66 rows=1000 width=20) (actual time=0.360..0.401 rows=1000 loops=1)
         Sort Key: s_3.a, s_3.b, s_3.c, s_3.d
         Sort Method: quicksort  Memory: 103kB
         ->  Sort  (cost=66.83..69.33 rows=1000 width=20) (actual time=0.193..0.229 rows=1000 loops=1)
               Sort Key: s_3.a, s_3.b, s_3.c
               Sort Method: quicksort  Memory: 103kB
               ->  Seq Scan on s_3  (cost=0.00..17.00 rows=1000 width=20) (actual time=0.007..0.066 rows=1000 loops=1)
 Planning time: 0.217 ms
 Execution time: 0.444 ms
(10 rows)

===== 288 [Wed Mar  7 01:54:30 CET 2018] scale:1000 groups:1000 work_mem:4MB incremental:off max_workers:2 =====
SELECT * FROM (SELECT * FROM s_4 ORDER BY a, b, c, d) foo ORDER BY a, b, c, d, e
                                                      QUERY PLAN                                                       
-----------------------------------------------------------------------------------------------------------------------
 Limit  (cost=141.66..141.66 rows=1 width=20) (actual time=0.409..0.409 rows=0 loops=1)
   ->  Sort  (cost=129.16..131.66 rows=1000 width=20) (actual time=0.355..0.386 rows=1000 loops=1)
         Sort Key: s_4.a, s_4.b, s_4.c, s_4.d, s_4.e
         Sort Method: quicksort  Memory: 103kB
         ->  Sort  (cost=66.83..69.33 rows=1000 width=20) (actual time=0.189..0.225 rows=1000 loops=1)
               Sort Key: s_4.a, s_4.b, s_4.c, s_4.d
               Sort Method: quicksort  Memory: 103kB
               ->  Seq Scan on s_4  (cost=0.00..17.00 rows=1000 width=20) (actual time=0.007..0.065 rows=1000 loops=1)
 Planning time: 0.220 ms
 Execution time: 0.430 ms
(10 rows)

===== 289 [Wed Mar  7 01:54:30 CET 2018] scale:1000 groups:1000 work_mem:8MB incremental:on max_workers:2 =====
SELECT * FROM (SELECT * FROM s_1 ORDER BY a) foo ORDER BY a, b
                                                      QUERY PLAN                                                       
-----------------------------------------------------------------------------------------------------------------------
 Limit  (cost=124.07..124.07 rows=1 width=20) (actual time=0.459..0.459 rows=0 loops=1)
   ->  Incremental Sort  (cost=66.86..114.07 rows=1000 width=20) (actual time=0.226..0.433 rows=1000 loops=1)
         Sort Key: s_1.a, s_1.b
         Presorted Key: s_1.a
         Sort Method: quicksort  Memory: 27kB
         Sort Groups: 31
         ->  Sort  (cost=66.83..69.33 rows=1000 width=20) (actual time=0.183..0.223 rows=1000 loops=1)
               Sort Key: s_1.a
               Sort Method: quicksort  Memory: 103kB
               ->  Seq Scan on s_1  (cost=0.00..17.00 rows=1000 width=20) (actual time=0.004..0.065 rows=1000 loops=1)
 Planning time: 0.215 ms
 Execution time: 0.480 ms
(12 rows)

===== 290 [Wed Mar  7 01:54:30 CET 2018] scale:1000 groups:1000 work_mem:8MB incremental:on max_workers:2 =====
SELECT * FROM (SELECT * FROM s_2 ORDER BY a, b) foo ORDER BY a, b, c
                                                      QUERY PLAN                                                       
-----------------------------------------------------------------------------------------------------------------------
 Limit  (cost=124.69..124.69 rows=1 width=20) (actual time=0.414..0.414 rows=0 loops=1)
   ->  Incremental Sort  (cost=66.86..114.69 rows=1000 width=20) (actual time=0.233..0.388 rows=1000 loops=1)
         Sort Key: s_2.a, s_2.b, s_2.c
         Presorted Key: s_2.a, s_2.b
         Sort Method: quicksort  Memory: 27kB
         Sort Groups: 32
         ->  Sort  (cost=66.83..69.33 rows=1000 width=20) (actual time=0.194..0.234 rows=1000 loops=1)
               Sort Key: s_2.a, s_2.b
               Sort Method: quicksort  Memory: 103kB
               ->  Seq Scan on s_2  (cost=0.00..17.00 rows=1000 width=20) (actual time=0.007..0.067 rows=1000 loops=1)
 Planning time: 0.224 ms
 Execution time: 0.435 ms
(12 rows)

===== 291 [Wed Mar  7 01:54:30 CET 2018] scale:1000 groups:1000 work_mem:8MB incremental:on max_workers:2 =====
SELECT * FROM (SELECT * FROM s_3 ORDER BY a, b, c) foo ORDER BY a, b, c, d
                                                      QUERY PLAN                                                       
-----------------------------------------------------------------------------------------------------------------------
 Limit  (cost=124.71..124.71 rows=1 width=20) (actual time=0.432..0.432 rows=0 loops=1)
   ->  Incremental Sort  (cost=66.86..114.71 rows=1000 width=20) (actual time=0.233..0.406 rows=1000 loops=1)
         Sort Key: s_3.a, s_3.b, s_3.c, s_3.d
         Presorted Key: s_3.a, s_3.b, s_3.c
         Sort Method: quicksort  Memory: 27kB
         Sort Groups: 32
         ->  Sort  (cost=66.83..69.33 rows=1000 width=20) (actual time=0.192..0.231 rows=1000 loops=1)
               Sort Key: s_3.a, s_3.b, s_3.c
               Sort Method: quicksort  Memory: 103kB
               ->  Seq Scan on s_3  (cost=0.00..17.00 rows=1000 width=20) (actual time=0.007..0.065 rows=1000 loops=1)
 Planning time: 0.231 ms
 Execution time: 0.453 ms
(12 rows)

===== 292 [Wed Mar  7 01:54:30 CET 2018] scale:1000 groups:1000 work_mem:8MB incremental:on max_workers:2 =====
SELECT * FROM (SELECT * FROM s_4 ORDER BY a, b, c, d) foo ORDER BY a, b, c, d, e
                                                      QUERY PLAN                                                       
-----------------------------------------------------------------------------------------------------------------------
 Limit  (cost=124.71..124.71 rows=1 width=20) (actual time=0.429..0.429 rows=0 loops=1)
   ->  Incremental Sort  (cost=66.86..114.71 rows=1000 width=20) (actual time=0.226..0.405 rows=1000 loops=1)
         Sort Key: s_4.a, s_4.b, s_4.c, s_4.d, s_4.e
         Presorted Key: s_4.a, s_4.b, s_4.c, s_4.d
         Sort Method: quicksort  Memory: 27kB
         Sort Groups: 32
         ->  Sort  (cost=66.83..69.33 rows=1000 width=20) (actual time=0.186..0.226 rows=1000 loops=1)
               Sort Key: s_4.a, s_4.b, s_4.c, s_4.d
               Sort Method: quicksort  Memory: 103kB
               ->  Seq Scan on s_4  (cost=0.00..17.00 rows=1000 width=20) (actual time=0.007..0.062 rows=1000 loops=1)
 Planning time: 0.228 ms
 Execution time: 0.449 ms
(12 rows)

===== 293 [Wed Mar  7 01:54:30 CET 2018] scale:1000 groups:1000 work_mem:8MB incremental:off max_workers:2 =====
SELECT * FROM (SELECT * FROM s_1 ORDER BY a) foo ORDER BY a, b
                                                      QUERY PLAN                                                       
-----------------------------------------------------------------------------------------------------------------------
 Limit  (cost=141.66..141.66 rows=1 width=20) (actual time=0.480..0.480 rows=0 loops=1)
   ->  Sort  (cost=129.16..131.66 rows=1000 width=20) (actual time=0.426..0.457 rows=1000 loops=1)
         Sort Key: s_1.a, s_1.b
         Sort Method: quicksort  Memory: 103kB
         ->  Sort  (cost=66.83..69.33 rows=1000 width=20) (actual time=0.183..0.219 rows=1000 loops=1)
               Sort Key: s_1.a
               Sort Method: quicksort  Memory: 103kB
               ->  Seq Scan on s_1  (cost=0.00..17.00 rows=1000 width=20) (actual time=0.004..0.066 rows=1000 loops=1)
 Planning time: 0.212 ms
 Execution time: 0.501 ms
(10 rows)

===== 294 [Wed Mar  7 01:54:30 CET 2018] scale:1000 groups:1000 work_mem:8MB incremental:off max_workers:2 =====
SELECT * FROM (SELECT * FROM s_2 ORDER BY a, b) foo ORDER BY a, b, c
                                                      QUERY PLAN                                                       
-----------------------------------------------------------------------------------------------------------------------
 Limit  (cost=141.66..141.66 rows=1 width=20) (actual time=0.404..0.404 rows=0 loops=1)
   ->  Sort  (cost=129.16..131.66 rows=1000 width=20) (actual time=0.350..0.381 rows=1000 loops=1)
         Sort Key: s_2.a, s_2.b, s_2.c
         Sort Method: quicksort  Memory: 103kB
         ->  Sort  (cost=66.83..69.33 rows=1000 width=20) (actual time=0.184..0.220 rows=1000 loops=1)
               Sort Key: s_2.a, s_2.b
               Sort Method: quicksort  Memory: 103kB
               ->  Seq Scan on s_2  (cost=0.00..17.00 rows=1000 width=20) (actual time=0.006..0.060 rows=1000 loops=1)
 Planning time: 0.213 ms
 Execution time: 0.424 ms
(10 rows)

===== 295 [Wed Mar  7 01:54:30 CET 2018] scale:1000 groups:1000 work_mem:8MB incremental:off max_workers:2 =====
SELECT * FROM (SELECT * FROM s_3 ORDER BY a, b, c) foo ORDER BY a, b, c, d
                                                      QUERY PLAN                                                       
-----------------------------------------------------------------------------------------------------------------------
 Limit  (cost=141.66..141.66 rows=1 width=20) (actual time=0.420..0.420 rows=0 loops=1)
   ->  Sort  (cost=129.16..131.66 rows=1000 width=20) (actual time=0.366..0.397 rows=1000 loops=1)
         Sort Key: s_3.a, s_3.b, s_3.c, s_3.d
         Sort Method: quicksort  Memory: 103kB
         ->  Sort  (cost=66.83..69.33 rows=1000 width=20) (actual time=0.200..0.235 rows=1000 loops=1)
               Sort Key: s_3.a, s_3.b, s_3.c
               Sort Method: quicksort  Memory: 103kB
               ->  Seq Scan on s_3  (cost=0.00..17.00 rows=1000 width=20) (actual time=0.007..0.066 rows=1000 loops=1)
 Planning time: 0.216 ms
 Execution time: 0.441 ms
(10 rows)

===== 296 [Wed Mar  7 01:54:31 CET 2018] scale:1000 groups:1000 work_mem:8MB incremental:off max_workers:2 =====
SELECT * FROM (SELECT * FROM s_4 ORDER BY a, b, c, d) foo ORDER BY a, b, c, d, e
                                                      QUERY PLAN                                                       
-----------------------------------------------------------------------------------------------------------------------
 Limit  (cost=141.66..141.66 rows=1 width=20) (actual time=0.413..0.413 rows=0 loops=1)
   ->  Sort  (cost=129.16..131.66 rows=1000 width=20) (actual time=0.359..0.390 rows=1000 loops=1)
         Sort Key: s_4.a, s_4.b, s_4.c, s_4.d, s_4.e
         Sort Method: quicksort  Memory: 103kB
         ->  Sort  (cost=66.83..69.33 rows=1000 width=20) (actual time=0.192..0.228 rows=1000 loops=1)
               Sort Key: s_4.a, s_4.b, s_4.c, s_4.d
               Sort Method: quicksort  Memory: 103kB
               ->  Seq Scan on s_4  (cost=0.00..17.00 rows=1000 width=20) (actual time=0.007..0.065 rows=1000 loops=1)
 Planning time: 0.222 ms
 Execution time: 0.434 ms
(10 rows)

===== 297 [Wed Mar  7 01:54:31 CET 2018] scale:1000 groups:1000 work_mem:16MB incremental:on max_workers:2 =====
SELECT * FROM (SELECT * FROM s_1 ORDER BY a) foo ORDER BY a, b
                                                      QUERY PLAN                                                       
-----------------------------------------------------------------------------------------------------------------------
 Limit  (cost=124.07..124.07 rows=1 width=20) (actual time=0.442..0.442 rows=0 loops=1)
   ->  Incremental Sort  (cost=66.86..114.07 rows=1000 width=20) (actual time=0.227..0.419 rows=1000 loops=1)
         Sort Key: s_1.a, s_1.b
         Presorted Key: s_1.a
         Sort Method: quicksort  Memory: 27kB
         Sort Groups: 31
         ->  Sort  (cost=66.83..69.33 rows=1000 width=20) (actual time=0.183..0.223 rows=1000 loops=1)
               Sort Key: s_1.a
               Sort Method: quicksort  Memory: 103kB
               ->  Seq Scan on s_1  (cost=0.00..17.00 rows=1000 width=20) (actual time=0.004..0.066 rows=1000 loops=1)
 Planning time: 0.221 ms
 Execution time: 0.462 ms
(12 rows)

===== 298 [Wed Mar  7 01:54:31 CET 2018] scale:1000 groups:1000 work_mem:16MB incremental:on max_workers:2 =====
SELECT * FROM (SELECT * FROM s_2 ORDER BY a, b) foo ORDER BY a, b, c
                                                      QUERY PLAN                                                       
-----------------------------------------------------------------------------------------------------------------------
 Limit  (cost=124.69..124.69 rows=1 width=20) (actual time=0.405..0.405 rows=0 loops=1)
   ->  Incremental Sort  (cost=66.86..114.69 rows=1000 width=20) (actual time=0.223..0.382 rows=1000 loops=1)
         Sort Key: s_2.a, s_2.b, s_2.c
         Presorted Key: s_2.a, s_2.b
         Sort Method: quicksort  Memory: 27kB
         Sort Groups: 32
         ->  Sort  (cost=66.83..69.33 rows=1000 width=20) (actual time=0.183..0.222 rows=1000 loops=1)
               Sort Key: s_2.a, s_2.b
               Sort Method: quicksort  Memory: 103kB
               ->  Seq Scan on s_2  (cost=0.00..17.00 rows=1000 width=20) (actual time=0.007..0.060 rows=1000 loops=1)
 Planning time: 0.224 ms
 Execution time: 0.426 ms
(12 rows)

===== 299 [Wed Mar  7 01:54:31 CET 2018] scale:1000 groups:1000 work_mem:16MB incremental:on max_workers:2 =====
SELECT * FROM (SELECT * FROM s_3 ORDER BY a, b, c) foo ORDER BY a, b, c, d
                                                      QUERY PLAN                                                       
-----------------------------------------------------------------------------------------------------------------------
 Limit  (cost=124.71..124.71 rows=1 width=20) (actual time=0.422..0.422 rows=0 loops=1)
   ->  Incremental Sort  (cost=66.86..114.71 rows=1000 width=20) (actual time=0.238..0.399 rows=1000 loops=1)
         Sort Key: s_3.a, s_3.b, s_3.c, s_3.d
         Presorted Key: s_3.a, s_3.b, s_3.c
         Sort Method: quicksort  Memory: 27kB
         Sort Groups: 32
         ->  Sort  (cost=66.83..69.33 rows=1000 width=20) (actual time=0.196..0.235 rows=1000 loops=1)
               Sort Key: s_3.a, s_3.b, s_3.c
               Sort Method: quicksort  Memory: 103kB
               ->  Seq Scan on s_3  (cost=0.00..17.00 rows=1000 width=20) (actual time=0.007..0.065 rows=1000 loops=1)
 Planning time: 0.222 ms
 Execution time: 0.443 ms
(12 rows)

===== 300 [Wed Mar  7 01:54:31 CET 2018] scale:1000 groups:1000 work_mem:16MB incremental:on max_workers:2 =====
SELECT * FROM (SELECT * FROM s_4 ORDER BY a, b, c, d) foo ORDER BY a, b, c, d, e
                                                      QUERY PLAN                                                       
-----------------------------------------------------------------------------------------------------------------------
 Limit  (cost=124.71..124.71 rows=1 width=20) (actual time=0.423..0.423 rows=0 loops=1)
   ->  Incremental Sort  (cost=66.86..114.71 rows=1000 width=20) (actual time=0.239..0.400 rows=1000 loops=1)
         Sort Key: s_4.a, s_4.b, s_4.c, s_4.d, s_4.e
         Presorted Key: s_4.a, s_4.b, s_4.c, s_4.d
         Sort Method: quicksort  Memory: 27kB
         Sort Groups: 32
         ->  Sort  (cost=66.83..69.33 rows=1000 width=20) (actual time=0.197..0.236 rows=1000 loops=1)
               Sort Key: s_4.a, s_4.b, s_4.c, s_4.d
               Sort Method: quicksort  Memory: 103kB
               ->  Seq Scan on s_4  (cost=0.00..17.00 rows=1000 width=20) (actual time=0.007..0.063 rows=1000 loops=1)
 Planning time: 0.231 ms
 Execution time: 0.443 ms
(12 rows)

===== 301 [Wed Mar  7 01:54:31 CET 2018] scale:1000 groups:1000 work_mem:16MB incremental:off max_workers:2 =====
SELECT * FROM (SELECT * FROM s_1 ORDER BY a) foo ORDER BY a, b
                                                      QUERY PLAN                                                       
-----------------------------------------------------------------------------------------------------------------------
 Limit  (cost=141.66..141.66 rows=1 width=20) (actual time=0.476..0.476 rows=0 loops=1)
   ->  Sort  (cost=129.16..131.66 rows=1000 width=20) (actual time=0.422..0.453 rows=1000 loops=1)
         Sort Key: s_1.a, s_1.b
         Sort Method: quicksort  Memory: 103kB
         ->  Sort  (cost=66.83..69.33 rows=1000 width=20) (actual time=0.183..0.219 rows=1000 loops=1)
               Sort Key: s_1.a
               Sort Method: quicksort  Memory: 103kB
               ->  Seq Scan on s_1  (cost=0.00..17.00 rows=1000 width=20) (actual time=0.004..0.066 rows=1000 loops=1)
 Planning time: 0.212 ms
 Execution time: 0.497 ms
(10 rows)

===== 302 [Wed Mar  7 01:54:31 CET 2018] scale:1000 groups:1000 work_mem:16MB incremental:off max_workers:2 =====
SELECT * FROM (SELECT * FROM s_2 ORDER BY a, b) foo ORDER BY a, b, c
                                                      QUERY PLAN                                                       
-----------------------------------------------------------------------------------------------------------------------
 Limit  (cost=141.66..141.66 rows=1 width=20) (actual time=0.404..0.404 rows=0 loops=1)
   ->  Sort  (cost=129.16..131.66 rows=1000 width=20) (actual time=0.351..0.382 rows=1000 loops=1)
         Sort Key: s_2.a, s_2.b, s_2.c
         Sort Method: quicksort  Memory: 103kB
         ->  Sort  (cost=66.83..69.33 rows=1000 width=20) (actual time=0.185..0.220 rows=1000 loops=1)
               Sort Key: s_2.a, s_2.b
               Sort Method: quicksort  Memory: 103kB
               ->  Seq Scan on s_2  (cost=0.00..17.00 rows=1000 width=20) (actual time=0.007..0.060 rows=1000 loops=1)
 Planning time: 0.217 ms
 Execution time: 0.425 ms
(10 rows)

===== 303 [Wed Mar  7 01:54:31 CET 2018] scale:1000 groups:1000 work_mem:16MB incremental:off max_workers:2 =====
SELECT * FROM (SELECT * FROM s_3 ORDER BY a, b, c) foo ORDER BY a, b, c, d
                                                      QUERY PLAN                                                       
-----------------------------------------------------------------------------------------------------------------------
 Limit  (cost=141.66..141.66 rows=1 width=20) (actual time=0.413..0.413 rows=0 loops=1)
   ->  Sort  (cost=129.16..131.66 rows=1000 width=20) (actual time=0.359..0.390 rows=1000 loops=1)
         Sort Key: s_3.a, s_3.b, s_3.c, s_3.d
         Sort Method: quicksort  Memory: 103kB
         ->  Sort  (cost=66.83..69.33 rows=1000 width=20) (actual time=0.190..0.226 rows=1000 loops=1)
               Sort Key: s_3.a, s_3.b, s_3.c
               Sort Method: quicksort  Memory: 103kB
               ->  Seq Scan on s_3  (cost=0.00..17.00 rows=1000 width=20) (actual time=0.007..0.065 rows=1000 loops=1)
 Planning time: 0.211 ms
 Execution time: 0.434 ms
(10 rows)

===== 304 [Wed Mar  7 01:54:31 CET 2018] scale:1000 groups:1000 work_mem:16MB incremental:off max_workers:2 =====
SELECT * FROM (SELECT * FROM s_4 ORDER BY a, b, c, d) foo ORDER BY a, b, c, d, e
                                                      QUERY PLAN                                                       
-----------------------------------------------------------------------------------------------------------------------
 Limit  (cost=141.66..141.66 rows=1 width=20) (actual time=0.417..0.417 rows=0 loops=1)
   ->  Sort  (cost=129.16..131.66 rows=1000 width=20) (actual time=0.363..0.394 rows=1000 loops=1)
         Sort Key: s_4.a, s_4.b, s_4.c, s_4.d, s_4.e
         Sort Method: quicksort  Memory: 103kB
         ->  Sort  (cost=66.83..69.33 rows=1000 width=20) (actual time=0.196..0.232 rows=1000 loops=1)
               Sort Key: s_4.a, s_4.b, s_4.c, s_4.d
               Sort Method: quicksort  Memory: 103kB
               ->  Seq Scan on s_4  (cost=0.00..17.00 rows=1000 width=20) (actual time=0.007..0.069 rows=1000 loops=1)
 Planning time: 0.225 ms
 Execution time: 0.438 ms
(10 rows)

===== 305 [Wed Mar  7 01:54:31 CET 2018] scale:1000 groups:1000 work_mem:32MB incremental:on max_workers:2 =====
SELECT * FROM (SELECT * FROM s_1 ORDER BY a) foo ORDER BY a, b
                                                      QUERY PLAN                                                       
-----------------------------------------------------------------------------------------------------------------------
 Limit  (cost=124.07..124.07 rows=1 width=20) (actual time=0.455..0.455 rows=0 loops=1)
   ->  Incremental Sort  (cost=66.86..114.07 rows=1000 width=20) (actual time=0.225..0.428 rows=1000 loops=1)
         Sort Key: s_1.a, s_1.b
         Presorted Key: s_1.a
         Sort Method: quicksort  Memory: 27kB
         Sort Groups: 31
         ->  Sort  (cost=66.83..69.33 rows=1000 width=20) (actual time=0.180..0.220 rows=1000 loops=1)
               Sort Key: s_1.a
               Sort Method: quicksort  Memory: 103kB
               ->  Seq Scan on s_1  (cost=0.00..17.00 rows=1000 width=20) (actual time=0.004..0.065 rows=1000 loops=1)
 Planning time: 0.228 ms
 Execution time: 0.476 ms
(12 rows)

===== 306 [Wed Mar  7 01:54:31 CET 2018] scale:1000 groups:1000 work_mem:32MB incremental:on max_workers:2 =====
SELECT * FROM (SELECT * FROM s_2 ORDER BY a, b) foo ORDER BY a, b, c
                                                      QUERY PLAN                                                       
-----------------------------------------------------------------------------------------------------------------------
 Limit  (cost=124.69..124.69 rows=1 width=20) (actual time=0.407..0.407 rows=0 loops=1)
   ->  Incremental Sort  (cost=66.86..114.69 rows=1000 width=20) (actual time=0.225..0.381 rows=1000 loops=1)
         Sort Key: s_2.a, s_2.b, s_2.c
         Presorted Key: s_2.a, s_2.b
         Sort Method: quicksort  Memory: 27kB
         Sort Groups: 32
         ->  Sort  (cost=66.83..69.33 rows=1000 width=20) (actual time=0.185..0.224 rows=1000 loops=1)
               Sort Key: s_2.a, s_2.b
               Sort Method: quicksort  Memory: 103kB
               ->  Seq Scan on s_2  (cost=0.00..17.00 rows=1000 width=20) (actual time=0.007..0.060 rows=1000 loops=1)
 Planning time: 0.220 ms
 Execution time: 0.428 ms
(12 rows)

===== 307 [Wed Mar  7 01:54:31 CET 2018] scale:1000 groups:1000 work_mem:32MB incremental:on max_workers:2 =====
SELECT * FROM (SELECT * FROM s_3 ORDER BY a, b, c) foo ORDER BY a, b, c, d
                                                      QUERY PLAN                                                       
-----------------------------------------------------------------------------------------------------------------------
 Limit  (cost=124.71..124.71 rows=1 width=20) (actual time=0.433..0.433 rows=0 loops=1)
   ->  Incremental Sort  (cost=66.86..114.71 rows=1000 width=20) (actual time=0.232..0.407 rows=1000 loops=1)
         Sort Key: s_3.a, s_3.b, s_3.c, s_3.d
         Presorted Key: s_3.a, s_3.b, s_3.c
         Sort Method: quicksort  Memory: 27kB
         Sort Groups: 32
         ->  Sort  (cost=66.83..69.33 rows=1000 width=20) (actual time=0.192..0.231 rows=1000 loops=1)
               Sort Key: s_3.a, s_3.b, s_3.c
               Sort Method: quicksort  Memory: 103kB
               ->  Seq Scan on s_3  (cost=0.00..17.00 rows=1000 width=20) (actual time=0.007..0.066 rows=1000 loops=1)
 Planning time: 0.231 ms
 Execution time: 0.455 ms
(12 rows)

===== 308 [Wed Mar  7 01:54:31 CET 2018] scale:1000 groups:1000 work_mem:32MB incremental:on max_workers:2 =====
SELECT * FROM (SELECT * FROM s_4 ORDER BY a, b, c, d) foo ORDER BY a, b, c, d, e
                                                      QUERY PLAN                                                       
-----------------------------------------------------------------------------------------------------------------------
 Limit  (cost=124.71..124.71 rows=1 width=20) (actual time=0.437..0.437 rows=0 loops=1)
   ->  Incremental Sort  (cost=66.86..114.71 rows=1000 width=20) (actual time=0.238..0.413 rows=1000 loops=1)
         Sort Key: s_4.a, s_4.b, s_4.c, s_4.d, s_4.e
         Presorted Key: s_4.a, s_4.b, s_4.c, s_4.d
         Sort Method: quicksort  Memory: 27kB
         Sort Groups: 32
         ->  Sort  (cost=66.83..69.33 rows=1000 width=20) (actual time=0.197..0.237 rows=1000 loops=1)
               Sort Key: s_4.a, s_4.b, s_4.c, s_4.d
               Sort Method: quicksort  Memory: 103kB
               ->  Seq Scan on s_4  (cost=0.00..17.00 rows=1000 width=20) (actual time=0.007..0.063 rows=1000 loops=1)
 Planning time: 0.231 ms
 Execution time: 0.457 ms
(12 rows)

===== 309 [Wed Mar  7 01:54:31 CET 2018] scale:1000 groups:1000 work_mem:32MB incremental:off max_workers:2 =====
SELECT * FROM (SELECT * FROM s_1 ORDER BY a) foo ORDER BY a, b
                                                      QUERY PLAN                                                       
-----------------------------------------------------------------------------------------------------------------------
 Limit  (cost=141.66..141.66 rows=1 width=20) (actual time=0.474..0.474 rows=0 loops=1)
   ->  Sort  (cost=129.16..131.66 rows=1000 width=20) (actual time=0.420..0.451 rows=1000 loops=1)
         Sort Key: s_1.a, s_1.b
         Sort Method: quicksort  Memory: 103kB
         ->  Sort  (cost=66.83..69.33 rows=1000 width=20) (actual time=0.180..0.216 rows=1000 loops=1)
               Sort Key: s_1.a
               Sort Method: quicksort  Memory: 103kB
               ->  Seq Scan on s_1  (cost=0.00..17.00 rows=1000 width=20) (actual time=0.004..0.066 rows=1000 loops=1)
 Planning time: 0.228 ms
 Execution time: 0.495 ms
(10 rows)

===== 310 [Wed Mar  7 01:54:32 CET 2018] scale:1000 groups:1000 work_mem:32MB incremental:off max_workers:2 =====
SELECT * FROM (SELECT * FROM s_2 ORDER BY a, b) foo ORDER BY a, b, c
                                                      QUERY PLAN                                                       
-----------------------------------------------------------------------------------------------------------------------
 Limit  (cost=141.66..141.66 rows=1 width=20) (actual time=0.401..0.401 rows=0 loops=1)
   ->  Sort  (cost=129.16..131.66 rows=1000 width=20) (actual time=0.347..0.379 rows=1000 loops=1)
         Sort Key: s_2.a, s_2.b, s_2.c
         Sort Method: quicksort  Memory: 103kB
         ->  Sort  (cost=66.83..69.33 rows=1000 width=20) (actual time=0.183..0.218 rows=1000 loops=1)
               Sort Key: s_2.a, s_2.b
               Sort Method: quicksort  Memory: 103kB
               ->  Seq Scan on s_2  (cost=0.00..17.00 rows=1000 width=20) (actual time=0.007..0.060 rows=1000 loops=1)
 Planning time: 0.215 ms
 Execution time: 0.422 ms
(10 rows)

===== 311 [Wed Mar  7 01:54:32 CET 2018] scale:1000 groups:1000 work_mem:32MB incremental:off max_workers:2 =====
SELECT * FROM (SELECT * FROM s_3 ORDER BY a, b, c) foo ORDER BY a, b, c, d
                                                      QUERY PLAN                                                       
-----------------------------------------------------------------------------------------------------------------------
 Limit  (cost=141.66..141.66 rows=1 width=20) (actual time=0.418..0.418 rows=0 loops=1)
   ->  Sort  (cost=129.16..131.66 rows=1000 width=20) (actual time=0.365..0.396 rows=1000 loops=1)
         Sort Key: s_3.a, s_3.b, s_3.c, s_3.d
         Sort Method: quicksort  Memory: 103kB
         ->  Sort  (cost=66.83..69.33 rows=1000 width=20) (actual time=0.194..0.234 rows=1000 loops=1)
               Sort Key: s_3.a, s_3.b, s_3.c
               Sort Method: quicksort  Memory: 103kB
               ->  Seq Scan on s_3  (cost=0.00..17.00 rows=1000 width=20) (actual time=0.007..0.065 rows=1000 loops=1)
 Planning time: 0.214 ms
 Execution time: 0.440 ms
(10 rows)

===== 312 [Wed Mar  7 01:54:32 CET 2018] scale:1000 groups:1000 work_mem:32MB incremental:off max_workers:2 =====
SELECT * FROM (SELECT * FROM s_4 ORDER BY a, b, c, d) foo ORDER BY a, b, c, d, e
                                                      QUERY PLAN                                                       
-----------------------------------------------------------------------------------------------------------------------
 Limit  (cost=141.66..141.66 rows=1 width=20) (actual time=0.411..0.411 rows=0 loops=1)
   ->  Sort  (cost=129.16..131.66 rows=1000 width=20) (actual time=0.357..0.388 rows=1000 loops=1)
         Sort Key: s_4.a, s_4.b, s_4.c, s_4.d, s_4.e
         Sort Method: quicksort  Memory: 103kB
         ->  Sort  (cost=66.83..69.33 rows=1000 width=20) (actual time=0.190..0.226 rows=1000 loops=1)
               Sort Key: s_4.a, s_4.b, s_4.c, s_4.d
               Sort Method: quicksort  Memory: 103kB
               ->  Seq Scan on s_4  (cost=0.00..17.00 rows=1000 width=20) (actual time=0.007..0.065 rows=1000 loops=1)
 Planning time: 0.224 ms
 Execution time: 0.431 ms
(10 rows)

===== 313 [Wed Mar  7 01:54:32 CET 2018] scale:1000 groups:1000 work_mem:64MB incremental:on max_workers:2 =====
SELECT * FROM (SELECT * FROM s_1 ORDER BY a) foo ORDER BY a, b
                                                      QUERY PLAN                                                       
-----------------------------------------------------------------------------------------------------------------------
 Limit  (cost=124.07..124.07 rows=1 width=20) (actual time=0.457..0.457 rows=0 loops=1)
   ->  Incremental Sort  (cost=66.86..114.07 rows=1000 width=20) (actual time=0.225..0.431 rows=1000 loops=1)
         Sort Key: s_1.a, s_1.b
         Presorted Key: s_1.a
         Sort Method: quicksort  Memory: 27kB
         Sort Groups: 31
         ->  Sort  (cost=66.83..69.33 rows=1000 width=20) (actual time=0.181..0.221 rows=1000 loops=1)
               Sort Key: s_1.a
               Sort Method: quicksort  Memory: 103kB
               ->  Seq Scan on s_1  (cost=0.00..17.00 rows=1000 width=20) (actual time=0.004..0.066 rows=1000 loops=1)
 Planning time: 0.214 ms
 Execution time: 0.478 ms
(12 rows)

===== 314 [Wed Mar  7 01:54:32 CET 2018] scale:1000 groups:1000 work_mem:64MB incremental:on max_workers:2 =====
SELECT * FROM (SELECT * FROM s_2 ORDER BY a, b) foo ORDER BY a, b, c
                                                      QUERY PLAN                                                       
-----------------------------------------------------------------------------------------------------------------------
 Limit  (cost=124.69..124.69 rows=1 width=20) (actual time=0.410..0.410 rows=0 loops=1)
   ->  Incremental Sort  (cost=66.86..114.69 rows=1000 width=20) (actual time=0.229..0.384 rows=1000 loops=1)
         Sort Key: s_2.a, s_2.b, s_2.c
         Presorted Key: s_2.a, s_2.b
         Sort Method: quicksort  Memory: 27kB
         Sort Groups: 32
         ->  Sort  (cost=66.83..69.33 rows=1000 width=20) (actual time=0.190..0.229 rows=1000 loops=1)
               Sort Key: s_2.a, s_2.b
               Sort Method: quicksort  Memory: 103kB
               ->  Seq Scan on s_2  (cost=0.00..17.00 rows=1000 width=20) (actual time=0.007..0.059 rows=1000 loops=1)
 Planning time: 0.224 ms
 Execution time: 0.431 ms
(12 rows)

===== 315 [Wed Mar  7 01:54:32 CET 2018] scale:1000 groups:1000 work_mem:64MB incremental:on max_workers:2 =====
SELECT * FROM (SELECT * FROM s_3 ORDER BY a, b, c) foo ORDER BY a, b, c, d
                                                      QUERY PLAN                                                       
-----------------------------------------------------------------------------------------------------------------------
 Limit  (cost=124.71..124.71 rows=1 width=20) (actual time=0.435..0.435 rows=0 loops=1)
   ->  Incremental Sort  (cost=66.86..114.71 rows=1000 width=20) (actual time=0.235..0.409 rows=1000 loops=1)
         Sort Key: s_3.a, s_3.b, s_3.c, s_3.d
         Presorted Key: s_3.a, s_3.b, s_3.c
         Sort Method: quicksort  Memory: 27kB
         Sort Groups: 32
         ->  Sort  (cost=66.83..69.33 rows=1000 width=20) (actual time=0.193..0.232 rows=1000 loops=1)
               Sort Key: s_3.a, s_3.b, s_3.c
               Sort Method: quicksort  Memory: 103kB
               ->  Seq Scan on s_3  (cost=0.00..17.00 rows=1000 width=20) (actual time=0.007..0.065 rows=1000 loops=1)
 Planning time: 0.219 ms
 Execution time: 0.456 ms
(12 rows)

===== 316 [Wed Mar  7 01:54:32 CET 2018] scale:1000 groups:1000 work_mem:64MB incremental:on max_workers:2 =====
SELECT * FROM (SELECT * FROM s_4 ORDER BY a, b, c, d) foo ORDER BY a, b, c, d, e
                                                      QUERY PLAN                                                       
-----------------------------------------------------------------------------------------------------------------------
 Limit  (cost=124.71..124.71 rows=1 width=20) (actual time=0.432..0.432 rows=0 loops=1)
   ->  Incremental Sort  (cost=66.86..114.71 rows=1000 width=20) (actual time=0.228..0.405 rows=1000 loops=1)
         Sort Key: s_4.a, s_4.b, s_4.c, s_4.d, s_4.e
         Presorted Key: s_4.a, s_4.b, s_4.c, s_4.d
         Sort Method: quicksort  Memory: 27kB
         Sort Groups: 32
         ->  Sort  (cost=66.83..69.33 rows=1000 width=20) (actual time=0.188..0.228 rows=1000 loops=1)
               Sort Key: s_4.a, s_4.b, s_4.c, s_4.d
               Sort Method: quicksort  Memory: 103kB
               ->  Seq Scan on s_4  (cost=0.00..17.00 rows=1000 width=20) (actual time=0.007..0.062 rows=1000 loops=1)
 Planning time: 0.229 ms
 Execution time: 0.452 ms
(12 rows)

===== 317 [Wed Mar  7 01:54:32 CET 2018] scale:1000 groups:1000 work_mem:64MB incremental:off max_workers:2 =====
SELECT * FROM (SELECT * FROM s_1 ORDER BY a) foo ORDER BY a, b
                                                      QUERY PLAN                                                       
-----------------------------------------------------------------------------------------------------------------------
 Limit  (cost=141.66..141.66 rows=1 width=20) (actual time=0.478..0.478 rows=0 loops=1)
   ->  Sort  (cost=129.16..131.66 rows=1000 width=20) (actual time=0.424..0.456 rows=1000 loops=1)
         Sort Key: s_1.a, s_1.b
         Sort Method: quicksort  Memory: 103kB
         ->  Sort  (cost=66.83..69.33 rows=1000 width=20) (actual time=0.186..0.221 rows=1000 loops=1)
               Sort Key: s_1.a
               Sort Method: quicksort  Memory: 103kB
               ->  Seq Scan on s_1  (cost=0.00..17.00 rows=1000 width=20) (actual time=0.004..0.066 rows=1000 loops=1)
 Planning time: 0.212 ms
 Execution time: 0.499 ms
(10 rows)

===== 318 [Wed Mar  7 01:54:32 CET 2018] scale:1000 groups:1000 work_mem:64MB incremental:off max_workers:2 =====
SELECT * FROM (SELECT * FROM s_2 ORDER BY a, b) foo ORDER BY a, b, c
                                                      QUERY PLAN                                                       
-----------------------------------------------------------------------------------------------------------------------
 Limit  (cost=141.66..141.66 rows=1 width=20) (actual time=0.406..0.406 rows=0 loops=1)
   ->  Sort  (cost=129.16..131.66 rows=1000 width=20) (actual time=0.352..0.383 rows=1000 loops=1)
         Sort Key: s_2.a, s_2.b, s_2.c
         Sort Method: quicksort  Memory: 103kB
         ->  Sort  (cost=66.83..69.33 rows=1000 width=20) (actual time=0.184..0.219 rows=1000 loops=1)
               Sort Key: s_2.a, s_2.b
               Sort Method: quicksort  Memory: 103kB
               ->  Seq Scan on s_2  (cost=0.00..17.00 rows=1000 width=20) (actual time=0.007..0.060 rows=1000 loops=1)
 Planning time: 0.214 ms
 Execution time: 0.426 ms
(10 rows)

===== 319 [Wed Mar  7 01:54:32 CET 2018] scale:1000 groups:1000 work_mem:64MB incremental:off max_workers:2 =====
SELECT * FROM (SELECT * FROM s_3 ORDER BY a, b, c) foo ORDER BY a, b, c, d
                                                      QUERY PLAN                                                       
-----------------------------------------------------------------------------------------------------------------------
 Limit  (cost=141.66..141.66 rows=1 width=20) (actual time=0.419..0.419 rows=0 loops=1)
   ->  Sort  (cost=129.16..131.66 rows=1000 width=20) (actual time=0.365..0.396 rows=1000 loops=1)
         Sort Key: s_3.a, s_3.b, s_3.c, s_3.d
         Sort Method: quicksort  Memory: 103kB
         ->  Sort  (cost=66.83..69.33 rows=1000 width=20) (actual time=0.194..0.230 rows=1000 loops=1)
               Sort Key: s_3.a, s_3.b, s_3.c
               Sort Method: quicksort  Memory: 103kB
               ->  Seq Scan on s_3  (cost=0.00..17.00 rows=1000 width=20) (actual time=0.007..0.065 rows=1000 loops=1)
 Planning time: 0.216 ms
 Execution time: 0.440 ms
(10 rows)

===== 320 [Wed Mar  7 01:54:32 CET 2018] scale:1000 groups:1000 work_mem:64MB incremental:off max_workers:2 =====
SELECT * FROM (SELECT * FROM s_4 ORDER BY a, b, c, d) foo ORDER BY a, b, c, d, e
                                                      QUERY PLAN                                                       
-----------------------------------------------------------------------------------------------------------------------
 Limit  (cost=141.66..141.66 rows=1 width=20) (actual time=0.418..0.418 rows=0 loops=1)
   ->  Sort  (cost=129.16..131.66 rows=1000 width=20) (actual time=0.365..0.396 rows=1000 loops=1)
         Sort Key: s_4.a, s_4.b, s_4.c, s_4.d, s_4.e
         Sort Method: quicksort  Memory: 103kB
         ->  Sort  (cost=66.83..69.33 rows=1000 width=20) (actual time=0.197..0.233 rows=1000 loops=1)
               Sort Key: s_4.a, s_4.b, s_4.c, s_4.d
               Sort Method: quicksort  Memory: 103kB
               ->  Seq Scan on s_4  (cost=0.00..17.00 rows=1000 width=20) (actual time=0.007..0.065 rows=1000 loops=1)
 Planning time: 0.220 ms
 Execution time: 0.439 ms
(10 rows)

===== 321 [Wed Mar  7 01:54:32 CET 2018] scale:1000 groups:1000 work_mem:128MB incremental:on max_workers:2 =====
SELECT * FROM (SELECT * FROM s_1 ORDER BY a) foo ORDER BY a, b
                                                      QUERY PLAN                                                       
-----------------------------------------------------------------------------------------------------------------------
 Limit  (cost=124.07..124.07 rows=1 width=20) (actual time=0.461..0.461 rows=0 loops=1)
   ->  Incremental Sort  (cost=66.86..114.07 rows=1000 width=20) (actual time=0.225..0.435 rows=1000 loops=1)
         Sort Key: s_1.a, s_1.b
         Presorted Key: s_1.a
         Sort Method: quicksort  Memory: 27kB
         Sort Groups: 31
         ->  Sort  (cost=66.83..69.33 rows=1000 width=20) (actual time=0.183..0.223 rows=1000 loops=1)
               Sort Key: s_1.a
               Sort Method: quicksort  Memory: 103kB
               ->  Seq Scan on s_1  (cost=0.00..17.00 rows=1000 width=20) (actual time=0.004..0.065 rows=1000 loops=1)
 Planning time: 0.217 ms
 Execution time: 0.482 ms
(12 rows)

===== 322 [Wed Mar  7 01:54:32 CET 2018] scale:1000 groups:1000 work_mem:128MB incremental:on max_workers:2 =====
SELECT * FROM (SELECT * FROM s_2 ORDER BY a, b) foo ORDER BY a, b, c
                                                      QUERY PLAN                                                       
-----------------------------------------------------------------------------------------------------------------------
 Limit  (cost=124.69..124.69 rows=1 width=20) (actual time=0.413..0.413 rows=0 loops=1)
   ->  Incremental Sort  (cost=66.86..114.69 rows=1000 width=20) (actual time=0.232..0.387 rows=1000 loops=1)
         Sort Key: s_2.a, s_2.b, s_2.c
         Presorted Key: s_2.a, s_2.b
         Sort Method: quicksort  Memory: 27kB
         Sort Groups: 32
         ->  Sort  (cost=66.83..69.33 rows=1000 width=20) (actual time=0.193..0.232 rows=1000 loops=1)
               Sort Key: s_2.a, s_2.b
               Sort Method: quicksort  Memory: 103kB
               ->  Seq Scan on s_2  (cost=0.00..17.00 rows=1000 width=20) (actual time=0.007..0.060 rows=1000 loops=1)
 Planning time: 0.223 ms
 Execution time: 0.433 ms
(12 rows)

===== 323 [Wed Mar  7 01:54:32 CET 2018] scale:1000 groups:1000 work_mem:128MB incremental:on max_workers:2 =====
SELECT * FROM (SELECT * FROM s_3 ORDER BY a, b, c) foo ORDER BY a, b, c, d
                                                      QUERY PLAN                                                       
-----------------------------------------------------------------------------------------------------------------------
 Limit  (cost=124.71..124.71 rows=1 width=20) (actual time=0.434..0.434 rows=0 loops=1)
   ->  Incremental Sort  (cost=66.86..114.71 rows=1000 width=20) (actual time=0.232..0.407 rows=1000 loops=1)
         Sort Key: s_3.a, s_3.b, s_3.c, s_3.d
         Presorted Key: s_3.a, s_3.b, s_3.c
         Sort Method: quicksort  Memory: 27kB
         Sort Groups: 32
         ->  Sort  (cost=66.83..69.33 rows=1000 width=20) (actual time=0.192..0.231 rows=1000 loops=1)
               Sort Key: s_3.a, s_3.b, s_3.c
               Sort Method: quicksort  Memory: 103kB
               ->  Seq Scan on s_3  (cost=0.00..17.00 rows=1000 width=20) (actual time=0.007..0.065 rows=1000 loops=1)
 Planning time: 0.221 ms
 Execution time: 0.454 ms
(12 rows)

===== 324 [Wed Mar  7 01:54:33 CET 2018] scale:1000 groups:1000 work_mem:128MB incremental:on max_workers:2 =====
SELECT * FROM (SELECT * FROM s_4 ORDER BY a, b, c, d) foo ORDER BY a, b, c, d, e
                                                      QUERY PLAN                                                       
-----------------------------------------------------------------------------------------------------------------------
 Limit  (cost=124.71..124.71 rows=1 width=20) (actual time=0.434..0.434 rows=0 loops=1)
   ->  Incremental Sort  (cost=66.86..114.71 rows=1000 width=20) (actual time=0.235..0.411 rows=1000 loops=1)
         Sort Key: s_4.a, s_4.b, s_4.c, s_4.d, s_4.e
         Presorted Key: s_4.a, s_4.b, s_4.c, s_4.d
         Sort Method: quicksort  Memory: 27kB
         Sort Groups: 32
         ->  Sort  (cost=66.83..69.33 rows=1000 width=20) (actual time=0.194..0.234 rows=1000 loops=1)
               Sort Key: s_4.a, s_4.b, s_4.c, s_4.d
               Sort Method: quicksort  Memory: 103kB
               ->  Seq Scan on s_4  (cost=0.00..17.00 rows=1000 width=20) (actual time=0.007..0.068 rows=1000 loops=1)
 Planning time: 0.232 ms
 Execution time: 0.455 ms
(12 rows)

===== 325 [Wed Mar  7 01:54:33 CET 2018] scale:1000 groups:1000 work_mem:128MB incremental:off max_workers:2 =====
SELECT * FROM (SELECT * FROM s_1 ORDER BY a) foo ORDER BY a, b
                                                      QUERY PLAN                                                       
-----------------------------------------------------------------------------------------------------------------------
 Limit  (cost=141.66..141.66 rows=1 width=20) (actual time=0.477..0.477 rows=0 loops=1)
   ->  Sort  (cost=129.16..131.66 rows=1000 width=20) (actual time=0.422..0.454 rows=1000 loops=1)
         Sort Key: s_1.a, s_1.b
         Sort Method: quicksort  Memory: 103kB
         ->  Sort  (cost=66.83..69.33 rows=1000 width=20) (actual time=0.183..0.219 rows=1000 loops=1)
               Sort Key: s_1.a
               Sort Method: quicksort  Memory: 103kB
               ->  Seq Scan on s_1  (cost=0.00..17.00 rows=1000 width=20) (actual time=0.004..0.066 rows=1000 loops=1)
 Planning time: 0.214 ms
 Execution time: 0.498 ms
(10 rows)

===== 326 [Wed Mar  7 01:54:33 CET 2018] scale:1000 groups:1000 work_mem:128MB incremental:off max_workers:2 =====
SELECT * FROM (SELECT * FROM s_2 ORDER BY a, b) foo ORDER BY a, b, c
                                                      QUERY PLAN                                                       
-----------------------------------------------------------------------------------------------------------------------
 Limit  (cost=141.66..141.66 rows=1 width=20) (actual time=0.408..0.408 rows=0 loops=1)
   ->  Sort  (cost=129.16..131.66 rows=1000 width=20) (actual time=0.354..0.385 rows=1000 loops=1)
         Sort Key: s_2.a, s_2.b, s_2.c
         Sort Method: quicksort  Memory: 103kB
         ->  Sort  (cost=66.83..69.33 rows=1000 width=20) (actual time=0.188..0.224 rows=1000 loops=1)
               Sort Key: s_2.a, s_2.b
               Sort Method: quicksort  Memory: 103kB
               ->  Seq Scan on s_2  (cost=0.00..17.00 rows=1000 width=20) (actual time=0.007..0.060 rows=1000 loops=1)
 Planning time: 0.216 ms
 Execution time: 0.429 ms
(10 rows)

===== 327 [Wed Mar  7 01:54:33 CET 2018] scale:1000 groups:1000 work_mem:128MB incremental:off max_workers:2 =====
SELECT * FROM (SELECT * FROM s_3 ORDER BY a, b, c) foo ORDER BY a, b, c, d
                                                      QUERY PLAN                                                       
-----------------------------------------------------------------------------------------------------------------------
 Limit  (cost=141.66..141.66 rows=1 width=20) (actual time=0.414..0.414 rows=0 loops=1)
   ->  Sort  (cost=129.16..131.66 rows=1000 width=20) (actual time=0.360..0.391 rows=1000 loops=1)
         Sort Key: s_3.a, s_3.b, s_3.c, s_3.d
         Sort Method: quicksort  Memory: 103kB
         ->  Sort  (cost=66.83..69.33 rows=1000 width=20) (actual time=0.194..0.230 rows=1000 loops=1)
               Sort Key: s_3.a, s_3.b, s_3.c
               Sort Method: quicksort  Memory: 103kB
               ->  Seq Scan on s_3  (cost=0.00..17.00 rows=1000 width=20) (actual time=0.007..0.065 rows=1000 loops=1)
 Planning time: 0.214 ms
 Execution time: 0.434 ms
(10 rows)

===== 328 [Wed Mar  7 01:54:33 CET 2018] scale:1000 groups:1000 work_mem:128MB incremental:off max_workers:2 =====
SELECT * FROM (SELECT * FROM s_4 ORDER BY a, b, c, d) foo ORDER BY a, b, c, d, e
                                                      QUERY PLAN                                                       
-----------------------------------------------------------------------------------------------------------------------
 Limit  (cost=141.66..141.66 rows=1 width=20) (actual time=0.414..0.414 rows=0 loops=1)
   ->  Sort  (cost=129.16..131.66 rows=1000 width=20) (actual time=0.361..0.392 rows=1000 loops=1)
         Sort Key: s_4.a, s_4.b, s_4.c, s_4.d, s_4.e
         Sort Method: quicksort  Memory: 103kB
         ->  Sort  (cost=66.83..69.33 rows=1000 width=20) (actual time=0.193..0.229 rows=1000 loops=1)
               Sort Key: s_4.a, s_4.b, s_4.c, s_4.d
               Sort Method: quicksort  Memory: 103kB
               ->  Seq Scan on s_4  (cost=0.00..17.00 rows=1000 width=20) (actual time=0.007..0.065 rows=1000 loops=1)
 Planning time: 0.221 ms
 Execution time: 0.435 ms
(10 rows)

===== 329 [Wed Mar  7 01:54:33 CET 2018] scale:1000 groups:1000 work_mem:256MB incremental:on max_workers:2 =====
SELECT * FROM (SELECT * FROM s_1 ORDER BY a) foo ORDER BY a, b
                                                      QUERY PLAN                                                       
-----------------------------------------------------------------------------------------------------------------------
 Limit  (cost=124.07..124.07 rows=1 width=20) (actual time=0.461..0.461 rows=0 loops=1)
   ->  Incremental Sort  (cost=66.86..114.07 rows=1000 width=20) (actual time=0.230..0.435 rows=1000 loops=1)
         Sort Key: s_1.a, s_1.b
         Presorted Key: s_1.a
         Sort Method: quicksort  Memory: 27kB
         Sort Groups: 31
         ->  Sort  (cost=66.83..69.33 rows=1000 width=20) (actual time=0.187..0.226 rows=1000 loops=1)
               Sort Key: s_1.a
               Sort Method: quicksort  Memory: 103kB
               ->  Seq Scan on s_1  (cost=0.00..17.00 rows=1000 width=20) (actual time=0.004..0.070 rows=1000 loops=1)
 Planning time: 0.217 ms
 Execution time: 0.482 ms
(12 rows)

===== 330 [Wed Mar  7 01:54:33 CET 2018] scale:1000 groups:1000 work_mem:256MB incremental:on max_workers:2 =====
SELECT * FROM (SELECT * FROM s_2 ORDER BY a, b) foo ORDER BY a, b, c
                                                      QUERY PLAN                                                       
-----------------------------------------------------------------------------------------------------------------------
 Limit  (cost=124.69..124.69 rows=1 width=20) (actual time=0.416..0.416 rows=0 loops=1)
   ->  Incremental Sort  (cost=66.86..114.69 rows=1000 width=20) (actual time=0.233..0.390 rows=1000 loops=1)
         Sort Key: s_2.a, s_2.b, s_2.c
         Presorted Key: s_2.a, s_2.b
         Sort Method: quicksort  Memory: 27kB
         Sort Groups: 32
         ->  Sort  (cost=66.83..69.33 rows=1000 width=20) (actual time=0.194..0.234 rows=1000 loops=1)
               Sort Key: s_2.a, s_2.b
               Sort Method: quicksort  Memory: 103kB
               ->  Seq Scan on s_2  (cost=0.00..17.00 rows=1000 width=20) (actual time=0.007..0.067 rows=1000 loops=1)
 Planning time: 0.225 ms
 Execution time: 0.436 ms
(12 rows)

===== 331 [Wed Mar  7 01:54:33 CET 2018] scale:1000 groups:1000 work_mem:256MB incremental:on max_workers:2 =====
SELECT * FROM (SELECT * FROM s_3 ORDER BY a, b, c) foo ORDER BY a, b, c, d
                                                      QUERY PLAN                                                       
-----------------------------------------------------------------------------------------------------------------------
 Limit  (cost=124.71..124.71 rows=1 width=20) (actual time=0.442..0.442 rows=0 loops=1)
   ->  Incremental Sort  (cost=66.86..114.71 rows=1000 width=20) (actual time=0.238..0.411 rows=1000 loops=1)
         Sort Key: s_3.a, s_3.b, s_3.c, s_3.d
         Presorted Key: s_3.a, s_3.b, s_3.c
         Sort Method: quicksort  Memory: 27kB
         Sort Groups: 32
         ->  Sort  (cost=66.83..69.33 rows=1000 width=20) (actual time=0.197..0.236 rows=1000 loops=1)
               Sort Key: s_3.a, s_3.b, s_3.c
               Sort Method: quicksort  Memory: 103kB
               ->  Seq Scan on s_3  (cost=0.00..17.00 rows=1000 width=20) (actual time=0.007..0.069 rows=1000 loops=1)
 Planning time: 0.223 ms
 Execution time: 0.464 ms
(12 rows)

===== 332 [Wed Mar  7 01:54:33 CET 2018] scale:1000 groups:1000 work_mem:256MB incremental:on max_workers:2 =====
SELECT * FROM (SELECT * FROM s_4 ORDER BY a, b, c, d) foo ORDER BY a, b, c, d, e
                                                      QUERY PLAN                                                       
-----------------------------------------------------------------------------------------------------------------------
 Limit  (cost=124.71..124.71 rows=1 width=20) (actual time=0.427..0.427 rows=0 loops=1)
   ->  Incremental Sort  (cost=66.86..114.71 rows=1000 width=20) (actual time=0.228..0.404 rows=1000 loops=1)
         Sort Key: s_4.a, s_4.b, s_4.c, s_4.d, s_4.e
         Presorted Key: s_4.a, s_4.b, s_4.c, s_4.d
         Sort Method: quicksort  Memory: 27kB
         Sort Groups: 32
         ->  Sort  (cost=66.83..69.33 rows=1000 width=20) (actual time=0.187..0.228 rows=1000 loops=1)
               Sort Key: s_4.a, s_4.b, s_4.c, s_4.d
               Sort Method: quicksort  Memory: 103kB
               ->  Seq Scan on s_4  (cost=0.00..17.00 rows=1000 width=20) (actual time=0.007..0.063 rows=1000 loops=1)
 Planning time: 0.230 ms
 Execution time: 0.449 ms
(12 rows)

===== 333 [Wed Mar  7 01:54:33 CET 2018] scale:1000 groups:1000 work_mem:256MB incremental:off max_workers:2 =====
SELECT * FROM (SELECT * FROM s_1 ORDER BY a) foo ORDER BY a, b
                                                      QUERY PLAN                                                       
-----------------------------------------------------------------------------------------------------------------------
 Limit  (cost=141.66..141.66 rows=1 width=20) (actual time=0.483..0.483 rows=0 loops=1)
   ->  Sort  (cost=129.16..131.66 rows=1000 width=20) (actual time=0.429..0.461 rows=1000 loops=1)
         Sort Key: s_1.a, s_1.b
         Sort Method: quicksort  Memory: 103kB
         ->  Sort  (cost=66.83..69.33 rows=1000 width=20) (actual time=0.191..0.226 rows=1000 loops=1)
               Sort Key: s_1.a
               Sort Method: quicksort  Memory: 103kB
               ->  Seq Scan on s_1  (cost=0.00..17.00 rows=1000 width=20) (actual time=0.004..0.066 rows=1000 loops=1)
 Planning time: 0.212 ms
 Execution time: 0.504 ms
(10 rows)

===== 334 [Wed Mar  7 01:54:33 CET 2018] scale:1000 groups:1000 work_mem:256MB incremental:off max_workers:2 =====
SELECT * FROM (SELECT * FROM s_2 ORDER BY a, b) foo ORDER BY a, b, c
                                                      QUERY PLAN                                                       
-----------------------------------------------------------------------------------------------------------------------
 Limit  (cost=141.66..141.66 rows=1 width=20) (actual time=0.406..0.406 rows=0 loops=1)
   ->  Sort  (cost=129.16..131.66 rows=1000 width=20) (actual time=0.352..0.383 rows=1000 loops=1)
         Sort Key: s_2.a, s_2.b, s_2.c
         Sort Method: quicksort  Memory: 103kB
         ->  Sort  (cost=66.83..69.33 rows=1000 width=20) (actual time=0.186..0.221 rows=1000 loops=1)
               Sort Key: s_2.a, s_2.b
               Sort Method: quicksort  Memory: 103kB
               ->  Seq Scan on s_2  (cost=0.00..17.00 rows=1000 width=20) (actual time=0.007..0.060 rows=1000 loops=1)
 Planning time: 0.214 ms
 Execution time: 0.427 ms
(10 rows)

===== 335 [Wed Mar  7 01:54:33 CET 2018] scale:1000 groups:1000 work_mem:256MB incremental:off max_workers:2 =====
SELECT * FROM (SELECT * FROM s_3 ORDER BY a, b, c) foo ORDER BY a, b, c, d
                                                      QUERY PLAN                                                       
-----------------------------------------------------------------------------------------------------------------------
 Limit  (cost=141.66..141.66 rows=1 width=20) (actual time=0.410..0.410 rows=0 loops=1)
   ->  Sort  (cost=129.16..131.66 rows=1000 width=20) (actual time=0.356..0.387 rows=1000 loops=1)
         Sort Key: s_3.a, s_3.b, s_3.c, s_3.d
         Sort Method: quicksort  Memory: 103kB
         ->  Sort  (cost=66.83..69.33 rows=1000 width=20) (actual time=0.191..0.226 rows=1000 loops=1)
               Sort Key: s_3.a, s_3.b, s_3.c
               Sort Method: quicksort  Memory: 103kB
               ->  Seq Scan on s_3  (cost=0.00..17.00 rows=1000 width=20) (actual time=0.007..0.065 rows=1000 loops=1)
 Planning time: 0.213 ms
 Execution time: 0.436 ms
(10 rows)

===== 336 [Wed Mar  7 01:54:33 CET 2018] scale:1000 groups:1000 work_mem:256MB incremental:off max_workers:2 =====
SELECT * FROM (SELECT * FROM s_4 ORDER BY a, b, c, d) foo ORDER BY a, b, c, d, e
                                                      QUERY PLAN                                                       
-----------------------------------------------------------------------------------------------------------------------
 Limit  (cost=141.66..141.66 rows=1 width=20) (actual time=0.413..0.413 rows=0 loops=1)
   ->  Sort  (cost=129.16..131.66 rows=1000 width=20) (actual time=0.359..0.390 rows=1000 loops=1)
         Sort Key: s_4.a, s_4.b, s_4.c, s_4.d, s_4.e
         Sort Method: quicksort  Memory: 103kB
         ->  Sort  (cost=66.83..69.33 rows=1000 width=20) (actual time=0.192..0.228 rows=1000 loops=1)
               Sort Key: s_4.a, s_4.b, s_4.c, s_4.d
               Sort Method: quicksort  Memory: 103kB
               ->  Seq Scan on s_4  (cost=0.00..17.00 rows=1000 width=20) (actual time=0.007..0.065 rows=1000 loops=1)
 Planning time: 0.220 ms
 Execution time: 0.434 ms
(10 rows)

===== 337 [Wed Mar  7 01:54:34 CET 2018] scale:1000 groups:10000 work_mem:4MB incremental:on max_workers:0 =====
SELECT * FROM (SELECT * FROM s_1 ORDER BY a) foo ORDER BY a, b
                                                      QUERY PLAN                                                       
-----------------------------------------------------------------------------------------------------------------------
 Limit  (cost=130.65..130.65 rows=1 width=20) (actual time=0.412..0.412 rows=0 loops=1)
   ->  Incremental Sort  (cost=66.85..120.65 rows=1000 width=20) (actual time=0.215..0.386 rows=1000 loops=1)
         Sort Key: s_1.a, s_1.b
         Presorted Key: s_1.a
         Sort Method: quicksort  Memory: 27kB
         Sort Groups: 32
         ->  Sort  (cost=66.83..69.33 rows=1000 width=20) (actual time=0.175..0.215 rows=1000 loops=1)
               Sort Key: s_1.a
               Sort Method: quicksort  Memory: 103kB
               ->  Seq Scan on s_1  (cost=0.00..17.00 rows=1000 width=20) (actual time=0.004..0.059 rows=1000 loops=1)
 Planning time: 0.213 ms
 Execution time: 0.433 ms
(12 rows)

===== 338 [Wed Mar  7 01:54:34 CET 2018] scale:1000 groups:10000 work_mem:4MB incremental:on max_workers:0 =====
SELECT * FROM (SELECT * FROM s_2 ORDER BY a, b) foo ORDER BY a, b, c
                                                      QUERY PLAN                                                       
-----------------------------------------------------------------------------------------------------------------------
 Limit  (cost=130.73..130.73 rows=1 width=20) (actual time=0.393..0.393 rows=0 loops=1)
   ->  Incremental Sort  (cost=66.85..120.73 rows=1000 width=20) (actual time=0.216..0.367 rows=1000 loops=1)
         Sort Key: s_2.a, s_2.b, s_2.c
         Presorted Key: s_2.a, s_2.b
         Sort Method: quicksort  Memory: 27kB
         Sort Groups: 32
         ->  Sort  (cost=66.83..69.33 rows=1000 width=20) (actual time=0.180..0.219 rows=1000 loops=1)
               Sort Key: s_2.a, s_2.b
               Sort Method: quicksort  Memory: 103kB
               ->  Seq Scan on s_2  (cost=0.00..17.00 rows=1000 width=20) (actual time=0.006..0.059 rows=1000 loops=1)
 Planning time: 0.222 ms
 Execution time: 0.414 ms
(12 rows)

===== 339 [Wed Mar  7 01:54:34 CET 2018] scale:1000 groups:10000 work_mem:4MB incremental:on max_workers:0 =====
SELECT * FROM (SELECT * FROM s_3 ORDER BY a, b, c) foo ORDER BY a, b, c, d
                                                      QUERY PLAN                                                       
-----------------------------------------------------------------------------------------------------------------------
 Limit  (cost=131.03..131.03 rows=1 width=20) (actual time=0.422..0.422 rows=0 loops=1)
   ->  Incremental Sort  (cost=66.85..121.03 rows=1000 width=20) (actual time=0.225..0.395 rows=1000 loops=1)
         Sort Key: s_3.a, s_3.b, s_3.c, s_3.d
         Presorted Key: s_3.a, s_3.b, s_3.c
         Sort Method: quicksort  Memory: 27kB
         Sort Groups: 32
         ->  Sort  (cost=66.83..69.33 rows=1000 width=20) (actual time=0.187..0.226 rows=1000 loops=1)
               Sort Key: s_3.a, s_3.b, s_3.c
               Sort Method: quicksort  Memory: 103kB
               ->  Seq Scan on s_3  (cost=0.00..17.00 rows=1000 width=20) (actual time=0.009..0.065 rows=1000 loops=1)
 Planning time: 0.215 ms
 Execution time: 0.442 ms
(12 rows)

===== 340 [Wed Mar  7 01:54:34 CET 2018] scale:1000 groups:10000 work_mem:4MB incremental:on max_workers:0 =====
SELECT * FROM (SELECT * FROM s_4 ORDER BY a, b, c, d) foo ORDER BY a, b, c, d, e
                                                      QUERY PLAN                                                       
-----------------------------------------------------------------------------------------------------------------------
 Limit  (cost=131.03..131.03 rows=1 width=20) (actual time=0.428..0.428 rows=0 loops=1)
   ->  Incremental Sort  (cost=66.85..121.03 rows=1000 width=20) (actual time=0.234..0.405 rows=1000 loops=1)
         Sort Key: s_4.a, s_4.b, s_4.c, s_4.d, s_4.e
         Presorted Key: s_4.a, s_4.b, s_4.c, s_4.d
         Sort Method: quicksort  Memory: 27kB
         Sort Groups: 32
         ->  Sort  (cost=66.83..69.33 rows=1000 width=20) (actual time=0.192..0.232 rows=1000 loops=1)
               Sort Key: s_4.a, s_4.b, s_4.c, s_4.d
               Sort Method: quicksort  Memory: 103kB
               ->  Seq Scan on s_4  (cost=0.00..17.00 rows=1000 width=20) (actual time=0.009..0.065 rows=1000 loops=1)
 Planning time: 0.230 ms
 Execution time: 0.449 ms
(12 rows)

===== 341 [Wed Mar  7 01:54:34 CET 2018] scale:1000 groups:10000 work_mem:4MB incremental:off max_workers:0 =====
SELECT * FROM (SELECT * FROM s_1 ORDER BY a) foo ORDER BY a, b
                                                      QUERY PLAN                                                       
-----------------------------------------------------------------------------------------------------------------------
 Limit  (cost=141.66..141.66 rows=1 width=20) (actual time=0.449..0.449 rows=0 loops=1)
   ->  Sort  (cost=129.16..131.66 rows=1000 width=20) (actual time=0.394..0.426 rows=1000 loops=1)
         Sort Key: s_1.a, s_1.b
         Sort Method: quicksort  Memory: 103kB
         ->  Sort  (cost=66.83..69.33 rows=1000 width=20) (actual time=0.176..0.211 rows=1000 loops=1)
               Sort Key: s_1.a
               Sort Method: quicksort  Memory: 103kB
               ->  Seq Scan on s_1  (cost=0.00..17.00 rows=1000 width=20) (actual time=0.004..0.059 rows=1000 loops=1)
 Planning time: 0.210 ms
 Execution time: 0.470 ms
(10 rows)

===== 342 [Wed Mar  7 01:54:34 CET 2018] scale:1000 groups:10000 work_mem:4MB incremental:off max_workers:0 =====
SELECT * FROM (SELECT * FROM s_2 ORDER BY a, b) foo ORDER BY a, b, c
                                                      QUERY PLAN                                                       
-----------------------------------------------------------------------------------------------------------------------
 Limit  (cost=141.66..141.66 rows=1 width=20) (actual time=0.392..0.392 rows=0 loops=1)
   ->  Sort  (cost=129.16..131.66 rows=1000 width=20) (actual time=0.338..0.370 rows=1000 loops=1)
         Sort Key: s_2.a, s_2.b, s_2.c
         Sort Method: quicksort  Memory: 103kB
         ->  Sort  (cost=66.83..69.33 rows=1000 width=20) (actual time=0.178..0.214 rows=1000 loops=1)
               Sort Key: s_2.a, s_2.b
               Sort Method: quicksort  Memory: 103kB
               ->  Seq Scan on s_2  (cost=0.00..17.00 rows=1000 width=20) (actual time=0.007..0.059 rows=1000 loops=1)
 Planning time: 0.216 ms
 Execution time: 0.413 ms
(10 rows)

===== 343 [Wed Mar  7 01:54:34 CET 2018] scale:1000 groups:10000 work_mem:4MB incremental:off max_workers:0 =====
SELECT * FROM (SELECT * FROM s_3 ORDER BY a, b, c) foo ORDER BY a, b, c, d
                                                      QUERY PLAN                                                       
-----------------------------------------------------------------------------------------------------------------------
 Limit  (cost=141.66..141.66 rows=1 width=20) (actual time=0.404..0.404 rows=0 loops=1)
   ->  Sort  (cost=129.16..131.66 rows=1000 width=20) (actual time=0.350..0.382 rows=1000 loops=1)
         Sort Key: s_3.a, s_3.b, s_3.c, s_3.d
         Sort Method: quicksort  Memory: 103kB
         ->  Sort  (cost=66.83..69.33 rows=1000 width=20) (actual time=0.189..0.225 rows=1000 loops=1)
               Sort Key: s_3.a, s_3.b, s_3.c
               Sort Method: quicksort  Memory: 103kB
               ->  Seq Scan on s_3  (cost=0.00..17.00 rows=1000 width=20) (actual time=0.009..0.066 rows=1000 loops=1)
 Planning time: 0.214 ms
 Execution time: 0.426 ms
(10 rows)

===== 344 [Wed Mar  7 01:54:35 CET 2018] scale:1000 groups:10000 work_mem:4MB incremental:off max_workers:0 =====
SELECT * FROM (SELECT * FROM s_4 ORDER BY a, b, c, d) foo ORDER BY a, b, c, d, e
                                                      QUERY PLAN                                                       
-----------------------------------------------------------------------------------------------------------------------
 Limit  (cost=141.66..141.66 rows=1 width=20) (actual time=0.405..0.405 rows=0 loops=1)
   ->  Sort  (cost=129.16..131.66 rows=1000 width=20) (actual time=0.351..0.382 rows=1000 loops=1)
         Sort Key: s_4.a, s_4.b, s_4.c, s_4.d, s_4.e
         Sort Method: quicksort  Memory: 103kB
         ->  Sort  (cost=66.83..69.33 rows=1000 width=20) (actual time=0.185..0.220 rows=1000 loops=1)
               Sort Key: s_4.a, s_4.b, s_4.c, s_4.d
               Sort Method: quicksort  Memory: 103kB
               ->  Seq Scan on s_4  (cost=0.00..17.00 rows=1000 width=20) (actual time=0.009..0.064 rows=1000 loops=1)
 Planning time: 0.220 ms
 Execution time: 0.426 ms
(10 rows)

===== 345 [Wed Mar  7 01:54:35 CET 2018] scale:1000 groups:10000 work_mem:8MB incremental:on max_workers:0 =====
SELECT * FROM (SELECT * FROM s_1 ORDER BY a) foo ORDER BY a, b
                                                      QUERY PLAN                                                       
-----------------------------------------------------------------------------------------------------------------------
 Limit  (cost=130.65..130.65 rows=1 width=20) (actual time=0.414..0.414 rows=0 loops=1)
   ->  Incremental Sort  (cost=66.85..120.65 rows=1000 width=20) (actual time=0.218..0.388 rows=1000 loops=1)
         Sort Key: s_1.a, s_1.b
         Presorted Key: s_1.a
         Sort Method: quicksort  Memory: 27kB
         Sort Groups: 32
         ->  Sort  (cost=66.83..69.33 rows=1000 width=20) (actual time=0.178..0.218 rows=1000 loops=1)
               Sort Key: s_1.a
               Sort Method: quicksort  Memory: 103kB
               ->  Seq Scan on s_1  (cost=0.00..17.00 rows=1000 width=20) (actual time=0.004..0.060 rows=1000 loops=1)
 Planning time: 0.225 ms
 Execution time: 0.435 ms
(12 rows)

===== 346 [Wed Mar  7 01:54:35 CET 2018] scale:1000 groups:10000 work_mem:8MB incremental:on max_workers:0 =====
SELECT * FROM (SELECT * FROM s_2 ORDER BY a, b) foo ORDER BY a, b, c
                                                      QUERY PLAN                                                       
-----------------------------------------------------------------------------------------------------------------------
 Limit  (cost=130.73..130.73 rows=1 width=20) (actual time=0.397..0.397 rows=0 loops=1)
   ->  Incremental Sort  (cost=66.85..120.73 rows=1000 width=20) (actual time=0.221..0.371 rows=1000 loops=1)
         Sort Key: s_2.a, s_2.b, s_2.c
         Presorted Key: s_2.a, s_2.b
         Sort Method: quicksort  Memory: 27kB
         Sort Groups: 32
         ->  Sort  (cost=66.83..69.33 rows=1000 width=20) (actual time=0.184..0.223 rows=1000 loops=1)
               Sort Key: s_2.a, s_2.b
               Sort Method: quicksort  Memory: 103kB
               ->  Seq Scan on s_2  (cost=0.00..17.00 rows=1000 width=20) (actual time=0.006..0.063 rows=1000 loops=1)
 Planning time: 0.212 ms
 Execution time: 0.418 ms
(12 rows)

===== 347 [Wed Mar  7 01:54:35 CET 2018] scale:1000 groups:10000 work_mem:8MB incremental:on max_workers:0 =====
SELECT * FROM (SELECT * FROM s_3 ORDER BY a, b, c) foo ORDER BY a, b, c, d
                                                      QUERY PLAN                                                       
-----------------------------------------------------------------------------------------------------------------------
 Limit  (cost=131.03..131.03 rows=1 width=20) (actual time=0.424..0.424 rows=0 loops=1)
   ->  Incremental Sort  (cost=66.85..121.03 rows=1000 width=20) (actual time=0.229..0.398 rows=1000 loops=1)
         Sort Key: s_3.a, s_3.b, s_3.c, s_3.d
         Presorted Key: s_3.a, s_3.b, s_3.c
         Sort Method: quicksort  Memory: 27kB
         Sort Groups: 32
         ->  Sort  (cost=66.83..69.33 rows=1000 width=20) (actual time=0.190..0.230 rows=1000 loops=1)
               Sort Key: s_3.a, s_3.b, s_3.c
               Sort Method: quicksort  Memory: 103kB
               ->  Seq Scan on s_3  (cost=0.00..17.00 rows=1000 width=20) (actual time=0.009..0.066 rows=1000 loops=1)
 Planning time: 0.218 ms
 Execution time: 0.445 ms
(12 rows)

===== 348 [Wed Mar  7 01:54:35 CET 2018] scale:1000 groups:10000 work_mem:8MB incremental:on max_workers:0 =====
SELECT * FROM (SELECT * FROM s_4 ORDER BY a, b, c, d) foo ORDER BY a, b, c, d, e
                                                      QUERY PLAN                                                       
-----------------------------------------------------------------------------------------------------------------------
 Limit  (cost=131.03..131.03 rows=1 width=20) (actual time=0.422..0.422 rows=0 loops=1)
   ->  Incremental Sort  (cost=66.85..121.03 rows=1000 width=20) (actual time=0.223..0.398 rows=1000 loops=1)
         Sort Key: s_4.a, s_4.b, s_4.c, s_4.d, s_4.e
         Presorted Key: s_4.a, s_4.b, s_4.c, s_4.d
         Sort Method: quicksort  Memory: 27kB
         Sort Groups: 32
         ->  Sort  (cost=66.83..69.33 rows=1000 width=20) (actual time=0.185..0.225 rows=1000 loops=1)
               Sort Key: s_4.a, s_4.b, s_4.c, s_4.d
               Sort Method: quicksort  Memory: 103kB
               ->  Seq Scan on s_4  (cost=0.00..17.00 rows=1000 width=20) (actual time=0.009..0.064 rows=1000 loops=1)
 Planning time: 0.218 ms
 Execution time: 0.443 ms
(12 rows)

===== 349 [Wed Mar  7 01:54:35 CET 2018] scale:1000 groups:10000 work_mem:8MB incremental:off max_workers:0 =====
SELECT * FROM (SELECT * FROM s_1 ORDER BY a) foo ORDER BY a, b
                                                      QUERY PLAN                                                       
-----------------------------------------------------------------------------------------------------------------------
 Limit  (cost=141.66..141.66 rows=1 width=20) (actual time=0.448..0.448 rows=0 loops=1)
   ->  Sort  (cost=129.16..131.66 rows=1000 width=20) (actual time=0.393..0.425 rows=1000 loops=1)
         Sort Key: s_1.a, s_1.b
         Sort Method: quicksort  Memory: 103kB
         ->  Sort  (cost=66.83..69.33 rows=1000 width=20) (actual time=0.176..0.211 rows=1000 loops=1)
               Sort Key: s_1.a
               Sort Method: quicksort  Memory: 103kB
               ->  Seq Scan on s_1  (cost=0.00..17.00 rows=1000 width=20) (actual time=0.004..0.060 rows=1000 loops=1)
 Planning time: 0.209 ms
 Execution time: 0.469 ms
(10 rows)

===== 350 [Wed Mar  7 01:54:35 CET 2018] scale:1000 groups:10000 work_mem:8MB incremental:off max_workers:0 =====
SELECT * FROM (SELECT * FROM s_2 ORDER BY a, b) foo ORDER BY a, b, c
                                                      QUERY PLAN                                                       
-----------------------------------------------------------------------------------------------------------------------
 Limit  (cost=141.66..141.66 rows=1 width=20) (actual time=0.394..0.394 rows=0 loops=1)
   ->  Sort  (cost=129.16..131.66 rows=1000 width=20) (actual time=0.340..0.372 rows=1000 loops=1)
         Sort Key: s_2.a, s_2.b, s_2.c
         Sort Method: quicksort  Memory: 103kB
         ->  Sort  (cost=66.83..69.33 rows=1000 width=20) (actual time=0.179..0.215 rows=1000 loops=1)
               Sort Key: s_2.a, s_2.b
               Sort Method: quicksort  Memory: 103kB
               ->  Seq Scan on s_2  (cost=0.00..17.00 rows=1000 width=20) (actual time=0.007..0.060 rows=1000 loops=1)
 Planning time: 0.207 ms
 Execution time: 0.415 ms
(10 rows)

===== 351 [Wed Mar  7 01:54:35 CET 2018] scale:1000 groups:10000 work_mem:8MB incremental:off max_workers:0 =====
SELECT * FROM (SELECT * FROM s_3 ORDER BY a, b, c) foo ORDER BY a, b, c, d
                                                      QUERY PLAN                                                       
-----------------------------------------------------------------------------------------------------------------------
 Limit  (cost=141.66..141.66 rows=1 width=20) (actual time=0.401..0.401 rows=0 loops=1)
   ->  Sort  (cost=129.16..131.66 rows=1000 width=20) (actual time=0.347..0.378 rows=1000 loops=1)
         Sort Key: s_3.a, s_3.b, s_3.c, s_3.d
         Sort Method: quicksort  Memory: 103kB
         ->  Sort  (cost=66.83..69.33 rows=1000 width=20) (actual time=0.187..0.223 rows=1000 loops=1)
               Sort Key: s_3.a, s_3.b, s_3.c
               Sort Method: quicksort  Memory: 103kB
               ->  Seq Scan on s_3  (cost=0.00..17.00 rows=1000 width=20) (actual time=0.009..0.065 rows=1000 loops=1)
 Planning time: 0.210 ms
 Execution time: 0.422 ms
(10 rows)

===== 352 [Wed Mar  7 01:54:35 CET 2018] scale:1000 groups:10000 work_mem:8MB incremental:off max_workers:0 =====
SELECT * FROM (SELECT * FROM s_4 ORDER BY a, b, c, d) foo ORDER BY a, b, c, d, e
                                                      QUERY PLAN                                                       
-----------------------------------------------------------------------------------------------------------------------
 Limit  (cost=141.66..141.66 rows=1 width=20) (actual time=0.405..0.405 rows=0 loops=1)
   ->  Sort  (cost=129.16..131.66 rows=1000 width=20) (actual time=0.351..0.382 rows=1000 loops=1)
         Sort Key: s_4.a, s_4.b, s_4.c, s_4.d, s_4.e
         Sort Method: quicksort  Memory: 103kB
         ->  Sort  (cost=66.83..69.33 rows=1000 width=20) (actual time=0.185..0.221 rows=1000 loops=1)
               Sort Key: s_4.a, s_4.b, s_4.c, s_4.d
               Sort Method: quicksort  Memory: 103kB
               ->  Seq Scan on s_4  (cost=0.00..17.00 rows=1000 width=20) (actual time=0.009..0.065 rows=1000 loops=1)
 Planning time: 0.219 ms
 Execution time: 0.425 ms
(10 rows)

===== 353 [Wed Mar  7 01:54:35 CET 2018] scale:1000 groups:10000 work_mem:16MB incremental:on max_workers:0 =====
SELECT * FROM (SELECT * FROM s_1 ORDER BY a) foo ORDER BY a, b
                                                      QUERY PLAN                                                       
-----------------------------------------------------------------------------------------------------------------------
 Limit  (cost=130.65..130.65 rows=1 width=20) (actual time=0.415..0.415 rows=0 loops=1)
   ->  Incremental Sort  (cost=66.85..120.65 rows=1000 width=20) (actual time=0.217..0.389 rows=1000 loops=1)
         Sort Key: s_1.a, s_1.b
         Presorted Key: s_1.a
         Sort Method: quicksort  Memory: 27kB
         Sort Groups: 32
         ->  Sort  (cost=66.83..69.33 rows=1000 width=20) (actual time=0.176..0.216 rows=1000 loops=1)
               Sort Key: s_1.a
               Sort Method: quicksort  Memory: 103kB
               ->  Seq Scan on s_1  (cost=0.00..17.00 rows=1000 width=20) (actual time=0.004..0.059 rows=1000 loops=1)
 Planning time: 0.210 ms
 Execution time: 0.436 ms
(12 rows)

===== 354 [Wed Mar  7 01:54:35 CET 2018] scale:1000 groups:10000 work_mem:16MB incremental:on max_workers:0 =====
SELECT * FROM (SELECT * FROM s_2 ORDER BY a, b) foo ORDER BY a, b, c
                                                      QUERY PLAN                                                       
-----------------------------------------------------------------------------------------------------------------------
 Limit  (cost=130.73..130.73 rows=1 width=20) (actual time=0.403..0.403 rows=0 loops=1)
   ->  Incremental Sort  (cost=66.85..120.73 rows=1000 width=20) (actual time=0.222..0.377 rows=1000 loops=1)
         Sort Key: s_2.a, s_2.b, s_2.c
         Presorted Key: s_2.a, s_2.b
         Sort Method: quicksort  Memory: 27kB
         Sort Groups: 32
         ->  Sort  (cost=66.83..69.33 rows=1000 width=20) (actual time=0.184..0.223 rows=1000 loops=1)
               Sort Key: s_2.a, s_2.b
               Sort Method: quicksort  Memory: 103kB
               ->  Seq Scan on s_2  (cost=0.00..17.00 rows=1000 width=20) (actual time=0.006..0.059 rows=1000 loops=1)
 Planning time: 0.206 ms
 Execution time: 0.423 ms
(12 rows)

===== 355 [Wed Mar  7 01:54:35 CET 2018] scale:1000 groups:10000 work_mem:16MB incremental:on max_workers:0 =====
SELECT * FROM (SELECT * FROM s_3 ORDER BY a, b, c) foo ORDER BY a, b, c, d
                                                      QUERY PLAN                                                       
-----------------------------------------------------------------------------------------------------------------------
 Limit  (cost=131.03..131.03 rows=1 width=20) (actual time=0.418..0.418 rows=0 loops=1)
   ->  Incremental Sort  (cost=66.85..121.03 rows=1000 width=20) (actual time=0.224..0.392 rows=1000 loops=1)
         Sort Key: s_3.a, s_3.b, s_3.c, s_3.d
         Presorted Key: s_3.a, s_3.b, s_3.c
         Sort Method: quicksort  Memory: 27kB
         Sort Groups: 32
         ->  Sort  (cost=66.83..69.33 rows=1000 width=20) (actual time=0.185..0.224 rows=1000 loops=1)
               Sort Key: s_3.a, s_3.b, s_3.c
               Sort Method: quicksort  Memory: 103kB
               ->  Seq Scan on s_3  (cost=0.00..17.00 rows=1000 width=20) (actual time=0.009..0.065 rows=1000 loops=1)
 Planning time: 0.223 ms
 Execution time: 0.440 ms
(12 rows)

===== 356 [Wed Mar  7 01:54:35 CET 2018] scale:1000 groups:10000 work_mem:16MB incremental:on max_workers:0 =====
SELECT * FROM (SELECT * FROM s_4 ORDER BY a, b, c, d) foo ORDER BY a, b, c, d, e
                                                      QUERY PLAN                                                       
-----------------------------------------------------------------------------------------------------------------------
 Limit  (cost=131.03..131.03 rows=1 width=20) (actual time=0.420..0.420 rows=0 loops=1)
   ->  Incremental Sort  (cost=66.85..121.03 rows=1000 width=20) (actual time=0.225..0.396 rows=1000 loops=1)
         Sort Key: s_4.a, s_4.b, s_4.c, s_4.d, s_4.e
         Presorted Key: s_4.a, s_4.b, s_4.c, s_4.d
         Sort Method: quicksort  Memory: 27kB
         Sort Groups: 32
         ->  Sort  (cost=66.83..69.33 rows=1000 width=20) (actual time=0.186..0.227 rows=1000 loops=1)
               Sort Key: s_4.a, s_4.b, s_4.c, s_4.d
               Sort Method: quicksort  Memory: 103kB
               ->  Seq Scan on s_4  (cost=0.00..17.00 rows=1000 width=20) (actual time=0.009..0.065 rows=1000 loops=1)
 Planning time: 0.232 ms
 Execution time: 0.440 ms
(12 rows)

===== 357 [Wed Mar  7 01:54:35 CET 2018] scale:1000 groups:10000 work_mem:16MB incremental:off max_workers:0 =====
SELECT * FROM (SELECT * FROM s_1 ORDER BY a) foo ORDER BY a, b
                                                      QUERY PLAN                                                       
-----------------------------------------------------------------------------------------------------------------------
 Limit  (cost=141.66..141.66 rows=1 width=20) (actual time=0.451..0.451 rows=0 loops=1)
   ->  Sort  (cost=129.16..131.66 rows=1000 width=20) (actual time=0.397..0.428 rows=1000 loops=1)
         Sort Key: s_1.a, s_1.b
         Sort Method: quicksort  Memory: 103kB
         ->  Sort  (cost=66.83..69.33 rows=1000 width=20) (actual time=0.177..0.216 rows=1000 loops=1)
               Sort Key: s_1.a
               Sort Method: quicksort  Memory: 103kB
               ->  Seq Scan on s_1  (cost=0.00..17.00 rows=1000 width=20) (actual time=0.004..0.060 rows=1000 loops=1)
 Planning time: 0.211 ms
 Execution time: 0.473 ms
(10 rows)

===== 358 [Wed Mar  7 01:54:36 CET 2018] scale:1000 groups:10000 work_mem:16MB incremental:off max_workers:0 =====
SELECT * FROM (SELECT * FROM s_2 ORDER BY a, b) foo ORDER BY a, b, c
                                                      QUERY PLAN                                                       
-----------------------------------------------------------------------------------------------------------------------
 Limit  (cost=141.66..141.66 rows=1 width=20) (actual time=0.391..0.391 rows=0 loops=1)
   ->  Sort  (cost=129.16..131.66 rows=1000 width=20) (actual time=0.337..0.369 rows=1000 loops=1)
         Sort Key: s_2.a, s_2.b, s_2.c
         Sort Method: quicksort  Memory: 103kB
         ->  Sort  (cost=66.83..69.33 rows=1000 width=20) (actual time=0.177..0.212 rows=1000 loops=1)
               Sort Key: s_2.a, s_2.b
               Sort Method: quicksort  Memory: 103kB
               ->  Seq Scan on s_2  (cost=0.00..17.00 rows=1000 width=20) (actual time=0.006..0.059 rows=1000 loops=1)
 Planning time: 0.213 ms
 Execution time: 0.412 ms
(10 rows)

===== 359 [Wed Mar  7 01:54:36 CET 2018] scale:1000 groups:10000 work_mem:16MB incremental:off max_workers:0 =====
SELECT * FROM (SELECT * FROM s_3 ORDER BY a, b, c) foo ORDER BY a, b, c, d
                                                      QUERY PLAN                                                       
-----------------------------------------------------------------------------------------------------------------------
 Limit  (cost=141.66..141.66 rows=1 width=20) (actual time=0.409..0.409 rows=0 loops=1)
   ->  Sort  (cost=129.16..131.66 rows=1000 width=20) (actual time=0.355..0.387 rows=1000 loops=1)
         Sort Key: s_3.a, s_3.b, s_3.c, s_3.d
         Sort Method: quicksort  Memory: 103kB
         ->  Sort  (cost=66.83..69.33 rows=1000 width=20) (actual time=0.193..0.229 rows=1000 loops=1)
               Sort Key: s_3.a, s_3.b, s_3.c
               Sort Method: quicksort  Memory: 103kB
               ->  Seq Scan on s_3  (cost=0.00..17.00 rows=1000 width=20) (actual time=0.009..0.065 rows=1000 loops=1)
 Planning time: 0.208 ms
 Execution time: 0.430 ms
(10 rows)

===== 360 [Wed Mar  7 01:54:36 CET 2018] scale:1000 groups:10000 work_mem:16MB incremental:off max_workers:0 =====
SELECT * FROM (SELECT * FROM s_4 ORDER BY a, b, c, d) foo ORDER BY a, b, c, d, e
                                                      QUERY PLAN                                                       
-----------------------------------------------------------------------------------------------------------------------
 Limit  (cost=141.66..141.66 rows=1 width=20) (actual time=0.400..0.400 rows=0 loops=1)
   ->  Sort  (cost=129.16..131.66 rows=1000 width=20) (actual time=0.347..0.378 rows=1000 loops=1)
         Sort Key: s_4.a, s_4.b, s_4.c, s_4.d, s_4.e
         Sort Method: quicksort  Memory: 103kB
         ->  Sort  (cost=66.83..69.33 rows=1000 width=20) (actual time=0.186..0.221 rows=1000 loops=1)
               Sort Key: s_4.a, s_4.b, s_4.c, s_4.d
               Sort Method: quicksort  Memory: 103kB
               ->  Seq Scan on s_4  (cost=0.00..17.00 rows=1000 width=20) (actual time=0.009..0.065 rows=1000 loops=1)
 Planning time: 0.220 ms
 Execution time: 0.421 ms
(10 rows)

===== 361 [Wed Mar  7 01:54:36 CET 2018] scale:1000 groups:10000 work_mem:32MB incremental:on max_workers:0 =====
SELECT * FROM (SELECT * FROM s_1 ORDER BY a) foo ORDER BY a, b
                                                      QUERY PLAN                                                       
-----------------------------------------------------------------------------------------------------------------------
 Limit  (cost=130.65..130.65 rows=1 width=20) (actual time=0.420..0.420 rows=0 loops=1)
   ->  Incremental Sort  (cost=66.85..120.65 rows=1000 width=20) (actual time=0.228..0.397 rows=1000 loops=1)
         Sort Key: s_1.a, s_1.b
         Presorted Key: s_1.a
         Sort Method: quicksort  Memory: 27kB
         Sort Groups: 32
         ->  Sort  (cost=66.83..69.33 rows=1000 width=20) (actual time=0.185..0.225 rows=1000 loops=1)
               Sort Key: s_1.a
               Sort Method: quicksort  Memory: 103kB
               ->  Seq Scan on s_1  (cost=0.00..17.00 rows=1000 width=20) (actual time=0.004..0.060 rows=1000 loops=1)
 Planning time: 0.215 ms
 Execution time: 0.440 ms
(12 rows)

===== 362 [Wed Mar  7 01:54:36 CET 2018] scale:1000 groups:10000 work_mem:32MB incremental:on max_workers:0 =====
SELECT * FROM (SELECT * FROM s_2 ORDER BY a, b) foo ORDER BY a, b, c
                                                      QUERY PLAN                                                       
-----------------------------------------------------------------------------------------------------------------------
 Limit  (cost=130.73..130.73 rows=1 width=20) (actual time=0.389..0.389 rows=0 loops=1)
   ->  Incremental Sort  (cost=66.85..120.73 rows=1000 width=20) (actual time=0.217..0.366 rows=1000 loops=1)
         Sort Key: s_2.a, s_2.b, s_2.c
         Presorted Key: s_2.a, s_2.b
         Sort Method: quicksort  Memory: 27kB
         Sort Groups: 32
         ->  Sort  (cost=66.83..69.33 rows=1000 width=20) (actual time=0.178..0.218 rows=1000 loops=1)
               Sort Key: s_2.a, s_2.b
               Sort Method: quicksort  Memory: 103kB
               ->  Seq Scan on s_2  (cost=0.00..17.00 rows=1000 width=20) (actual time=0.006..0.059 rows=1000 loops=1)
 Planning time: 0.218 ms
 Execution time: 0.410 ms
(12 rows)

===== 363 [Wed Mar  7 01:54:36 CET 2018] scale:1000 groups:10000 work_mem:32MB incremental:on max_workers:0 =====
SELECT * FROM (SELECT * FROM s_3 ORDER BY a, b, c) foo ORDER BY a, b, c, d
                                                      QUERY PLAN                                                       
-----------------------------------------------------------------------------------------------------------------------
 Limit  (cost=131.03..131.03 rows=1 width=20) (actual time=0.415..0.415 rows=0 loops=1)
   ->  Incremental Sort  (cost=66.85..121.03 rows=1000 width=20) (actual time=0.236..0.393 rows=1000 loops=1)
         Sort Key: s_3.a, s_3.b, s_3.c, s_3.d
         Presorted Key: s_3.a, s_3.b, s_3.c
         Sort Method: quicksort  Memory: 27kB
         Sort Groups: 32
         ->  Sort  (cost=66.83..69.33 rows=1000 width=20) (actual time=0.195..0.234 rows=1000 loops=1)
               Sort Key: s_3.a, s_3.b, s_3.c
               Sort Method: quicksort  Memory: 103kB
               ->  Seq Scan on s_3  (cost=0.00..17.00 rows=1000 width=20) (actual time=0.009..0.072 rows=1000 loops=1)
 Planning time: 0.217 ms
 Execution time: 0.436 ms
(12 rows)

===== 364 [Wed Mar  7 01:54:36 CET 2018] scale:1000 groups:10000 work_mem:32MB incremental:on max_workers:0 =====
SELECT * FROM (SELECT * FROM s_4 ORDER BY a, b, c, d) foo ORDER BY a, b, c, d, e
                                                      QUERY PLAN                                                       
-----------------------------------------------------------------------------------------------------------------------
 Limit  (cost=131.03..131.03 rows=1 width=20) (actual time=0.413..0.413 rows=0 loops=1)
   ->  Incremental Sort  (cost=66.85..121.03 rows=1000 width=20) (actual time=0.234..0.390 rows=1000 loops=1)
         Sort Key: s_4.a, s_4.b, s_4.c, s_4.d, s_4.e
         Presorted Key: s_4.a, s_4.b, s_4.c, s_4.d
         Sort Method: quicksort  Memory: 27kB
         Sort Groups: 32
         ->  Sort  (cost=66.83..69.33 rows=1000 width=20) (actual time=0.185..0.224 rows=1000 loops=1)
               Sort Key: s_4.a, s_4.b, s_4.c, s_4.d
               Sort Method: quicksort  Memory: 103kB
               ->  Seq Scan on s_4  (cost=0.00..17.00 rows=1000 width=20) (actual time=0.009..0.064 rows=1000 loops=1)
 Planning time: 0.225 ms
 Execution time: 0.433 ms
(12 rows)

===== 365 [Wed Mar  7 01:54:36 CET 2018] scale:1000 groups:10000 work_mem:32MB incremental:off max_workers:0 =====
SELECT * FROM (SELECT * FROM s_1 ORDER BY a) foo ORDER BY a, b
                                                      QUERY PLAN                                                       
-----------------------------------------------------------------------------------------------------------------------
 Limit  (cost=141.66..141.66 rows=1 width=20) (actual time=0.448..0.448 rows=0 loops=1)
   ->  Sort  (cost=129.16..131.66 rows=1000 width=20) (actual time=0.390..0.422 rows=1000 loops=1)
         Sort Key: s_1.a, s_1.b
         Sort Method: quicksort  Memory: 103kB
         ->  Sort  (cost=66.83..69.33 rows=1000 width=20) (actual time=0.176..0.211 rows=1000 loops=1)
               Sort Key: s_1.a
               Sort Method: quicksort  Memory: 103kB
               ->  Seq Scan on s_1  (cost=0.00..17.00 rows=1000 width=20) (actual time=0.004..0.060 rows=1000 loops=1)
 Planning time: 0.204 ms
 Execution time: 0.468 ms
(10 rows)

===== 366 [Wed Mar  7 01:54:36 CET 2018] scale:1000 groups:10000 work_mem:32MB incremental:off max_workers:0 =====
SELECT * FROM (SELECT * FROM s_2 ORDER BY a, b) foo ORDER BY a, b, c
                                                      QUERY PLAN                                                       
-----------------------------------------------------------------------------------------------------------------------
 Limit  (cost=141.66..141.66 rows=1 width=20) (actual time=0.398..0.398 rows=0 loops=1)
   ->  Sort  (cost=129.16..131.66 rows=1000 width=20) (actual time=0.344..0.376 rows=1000 loops=1)
         Sort Key: s_2.a, s_2.b, s_2.c
         Sort Method: quicksort  Memory: 103kB
         ->  Sort  (cost=66.83..69.33 rows=1000 width=20) (actual time=0.184..0.219 rows=1000 loops=1)
               Sort Key: s_2.a, s_2.b
               Sort Method: quicksort  Memory: 103kB
               ->  Seq Scan on s_2  (cost=0.00..17.00 rows=1000 width=20) (actual time=0.007..0.060 rows=1000 loops=1)
 Planning time: 0.208 ms
 Execution time: 0.419 ms
(10 rows)

===== 367 [Wed Mar  7 01:54:36 CET 2018] scale:1000 groups:10000 work_mem:32MB incremental:off max_workers:0 =====
SELECT * FROM (SELECT * FROM s_3 ORDER BY a, b, c) foo ORDER BY a, b, c, d
                                                      QUERY PLAN                                                       
-----------------------------------------------------------------------------------------------------------------------
 Limit  (cost=141.66..141.66 rows=1 width=20) (actual time=0.408..0.408 rows=0 loops=1)
   ->  Sort  (cost=129.16..131.66 rows=1000 width=20) (actual time=0.354..0.386 rows=1000 loops=1)
         Sort Key: s_3.a, s_3.b, s_3.c, s_3.d
         Sort Method: quicksort  Memory: 103kB
         ->  Sort  (cost=66.83..69.33 rows=1000 width=20) (actual time=0.193..0.228 rows=1000 loops=1)
               Sort Key: s_3.a, s_3.b, s_3.c
               Sort Method: quicksort  Memory: 103kB
               ->  Seq Scan on s_3  (cost=0.00..17.00 rows=1000 width=20) (actual time=0.009..0.065 rows=1000 loops=1)
 Planning time: 0.211 ms
 Execution time: 0.429 ms
(10 rows)

===== 368 [Wed Mar  7 01:54:36 CET 2018] scale:1000 groups:10000 work_mem:32MB incremental:off max_workers:0 =====
SELECT * FROM (SELECT * FROM s_4 ORDER BY a, b, c, d) foo ORDER BY a, b, c, d, e
                                                      QUERY PLAN                                                       
-----------------------------------------------------------------------------------------------------------------------
 Limit  (cost=141.66..141.66 rows=1 width=20) (actual time=0.404..0.404 rows=0 loops=1)
   ->  Sort  (cost=129.16..131.66 rows=1000 width=20) (actual time=0.350..0.382 rows=1000 loops=1)
         Sort Key: s_4.a, s_4.b, s_4.c, s_4.d, s_4.e
         Sort Method: quicksort  Memory: 103kB
         ->  Sort  (cost=66.83..69.33 rows=1000 width=20) (actual time=0.189..0.225 rows=1000 loops=1)
               Sort Key: s_4.a, s_4.b, s_4.c, s_4.d
               Sort Method: quicksort  Memory: 103kB
               ->  Seq Scan on s_4  (cost=0.00..17.00 rows=1000 width=20) (actual time=0.013..0.069 rows=1000 loops=1)
 Planning time: 0.217 ms
 Execution time: 0.425 ms
(10 rows)

===== 369 [Wed Mar  7 01:54:36 CET 2018] scale:1000 groups:10000 work_mem:64MB incremental:on max_workers:0 =====
SELECT * FROM (SELECT * FROM s_1 ORDER BY a) foo ORDER BY a, b
                                                      QUERY PLAN                                                       
-----------------------------------------------------------------------------------------------------------------------
 Limit  (cost=130.65..130.65 rows=1 width=20) (actual time=0.416..0.416 rows=0 loops=1)
   ->  Incremental Sort  (cost=66.85..120.65 rows=1000 width=20) (actual time=0.217..0.389 rows=1000 loops=1)
         Sort Key: s_1.a, s_1.b
         Presorted Key: s_1.a
         Sort Method: quicksort  Memory: 27kB
         Sort Groups: 32
         ->  Sort  (cost=66.83..69.33 rows=1000 width=20) (actual time=0.177..0.217 rows=1000 loops=1)
               Sort Key: s_1.a
               Sort Method: quicksort  Memory: 103kB
               ->  Seq Scan on s_1  (cost=0.00..17.00 rows=1000 width=20) (actual time=0.004..0.059 rows=1000 loops=1)
 Planning time: 0.213 ms
 Execution time: 0.436 ms
(12 rows)

===== 370 [Wed Mar  7 01:54:36 CET 2018] scale:1000 groups:10000 work_mem:64MB incremental:on max_workers:0 =====
SELECT * FROM (SELECT * FROM s_2 ORDER BY a, b) foo ORDER BY a, b, c
                                                      QUERY PLAN                                                       
-----------------------------------------------------------------------------------------------------------------------
 Limit  (cost=130.73..130.73 rows=1 width=20) (actual time=0.397..0.397 rows=0 loops=1)
   ->  Incremental Sort  (cost=66.85..120.73 rows=1000 width=20) (actual time=0.215..0.371 rows=1000 loops=1)
         Sort Key: s_2.a, s_2.b, s_2.c
         Presorted Key: s_2.a, s_2.b
         Sort Method: quicksort  Memory: 27kB
         Sort Groups: 32
         ->  Sort  (cost=66.83..69.33 rows=1000 width=20) (actual time=0.178..0.221 rows=1000 loops=1)
               Sort Key: s_2.a, s_2.b
               Sort Method: quicksort  Memory: 103kB
               ->  Seq Scan on s_2  (cost=0.00..17.00 rows=1000 width=20) (actual time=0.007..0.059 rows=1000 loops=1)
 Planning time: 0.214 ms
 Execution time: 0.417 ms
(12 rows)

===== 371 [Wed Mar  7 01:54:36 CET 2018] scale:1000 groups:10000 work_mem:64MB incremental:on max_workers:0 =====
SELECT * FROM (SELECT * FROM s_3 ORDER BY a, b, c) foo ORDER BY a, b, c, d
                                                      QUERY PLAN                                                       
-----------------------------------------------------------------------------------------------------------------------
 Limit  (cost=131.03..131.03 rows=1 width=20) (actual time=0.425..0.425 rows=0 loops=1)
   ->  Incremental Sort  (cost=66.85..121.03 rows=1000 width=20) (actual time=0.230..0.398 rows=1000 loops=1)
         Sort Key: s_3.a, s_3.b, s_3.c, s_3.d
         Presorted Key: s_3.a, s_3.b, s_3.c
         Sort Method: quicksort  Memory: 27kB
         Sort Groups: 32
         ->  Sort  (cost=66.83..69.33 rows=1000 width=20) (actual time=0.191..0.230 rows=1000 loops=1)
               Sort Key: s_3.a, s_3.b, s_3.c
               Sort Method: quicksort  Memory: 103kB
               ->  Seq Scan on s_3  (cost=0.00..17.00 rows=1000 width=20) (actual time=0.009..0.065 rows=1000 loops=1)
 Planning time: 0.220 ms
 Execution time: 0.446 ms
(12 rows)

===== 372 [Wed Mar  7 01:54:37 CET 2018] scale:1000 groups:10000 work_mem:64MB incremental:on max_workers:0 =====
SELECT * FROM (SELECT * FROM s_4 ORDER BY a, b, c, d) foo ORDER BY a, b, c, d, e
                                                      QUERY PLAN                                                       
-----------------------------------------------------------------------------------------------------------------------
 Limit  (cost=131.03..131.03 rows=1 width=20) (actual time=0.417..0.417 rows=0 loops=1)
   ->  Incremental Sort  (cost=66.85..121.03 rows=1000 width=20) (actual time=0.224..0.394 rows=1000 loops=1)
         Sort Key: s_4.a, s_4.b, s_4.c, s_4.d, s_4.e
         Presorted Key: s_4.a, s_4.b, s_4.c, s_4.d
         Sort Method: quicksort  Memory: 27kB
         Sort Groups: 32
         ->  Sort  (cost=66.83..69.33 rows=1000 width=20) (actual time=0.184..0.224 rows=1000 loops=1)
               Sort Key: s_4.a, s_4.b, s_4.c, s_4.d
               Sort Method: quicksort  Memory: 103kB
               ->  Seq Scan on s_4  (cost=0.00..17.00 rows=1000 width=20) (actual time=0.009..0.065 rows=1000 loops=1)
 Planning time: 0.228 ms
 Execution time: 0.437 ms
(12 rows)

===== 373 [Wed Mar  7 01:54:37 CET 2018] scale:1000 groups:10000 work_mem:64MB incremental:off max_workers:0 =====
SELECT * FROM (SELECT * FROM s_1 ORDER BY a) foo ORDER BY a, b
                                                      QUERY PLAN                                                       
-----------------------------------------------------------------------------------------------------------------------
 Limit  (cost=141.66..141.66 rows=1 width=20) (actual time=0.448..0.448 rows=0 loops=1)
   ->  Sort  (cost=129.16..131.66 rows=1000 width=20) (actual time=0.394..0.425 rows=1000 loops=1)
         Sort Key: s_1.a, s_1.b
         Sort Method: quicksort  Memory: 103kB
         ->  Sort  (cost=66.83..69.33 rows=1000 width=20) (actual time=0.178..0.214 rows=1000 loops=1)
               Sort Key: s_1.a
               Sort Method: quicksort  Memory: 103kB
               ->  Seq Scan on s_1  (cost=0.00..17.00 rows=1000 width=20) (actual time=0.004..0.060 rows=1000 loops=1)
 Planning time: 0.209 ms
 Execution time: 0.469 ms
(10 rows)

===== 374 [Wed Mar  7 01:54:37 CET 2018] scale:1000 groups:10000 work_mem:64MB incremental:off max_workers:0 =====
SELECT * FROM (SELECT * FROM s_2 ORDER BY a, b) foo ORDER BY a, b, c
                                                      QUERY PLAN                                                       
-----------------------------------------------------------------------------------------------------------------------
 Limit  (cost=141.66..141.66 rows=1 width=20) (actual time=0.400..0.400 rows=0 loops=1)
   ->  Sort  (cost=129.16..131.66 rows=1000 width=20) (actual time=0.346..0.378 rows=1000 loops=1)
         Sort Key: s_2.a, s_2.b, s_2.c
         Sort Method: quicksort  Memory: 103kB
         ->  Sort  (cost=66.83..69.33 rows=1000 width=20) (actual time=0.178..0.214 rows=1000 loops=1)
               Sort Key: s_2.a, s_2.b
               Sort Method: quicksort  Memory: 103kB
               ->  Seq Scan on s_2  (cost=0.00..17.00 rows=1000 width=20) (actual time=0.007..0.059 rows=1000 loops=1)
 Planning time: 0.209 ms
 Execution time: 0.421 ms
(10 rows)

===== 375 [Wed Mar  7 01:54:37 CET 2018] scale:1000 groups:10000 work_mem:64MB incremental:off max_workers:0 =====
SELECT * FROM (SELECT * FROM s_3 ORDER BY a, b, c) foo ORDER BY a, b, c, d
                                                      QUERY PLAN                                                       
-----------------------------------------------------------------------------------------------------------------------
 Limit  (cost=141.66..141.66 rows=1 width=20) (actual time=0.410..0.410 rows=0 loops=1)
   ->  Sort  (cost=129.16..131.66 rows=1000 width=20) (actual time=0.356..0.387 rows=1000 loops=1)
         Sort Key: s_3.a, s_3.b, s_3.c, s_3.d
         Sort Method: quicksort  Memory: 103kB
         ->  Sort  (cost=66.83..69.33 rows=1000 width=20) (actual time=0.186..0.221 rows=1000 loops=1)
               Sort Key: s_3.a, s_3.b, s_3.c
               Sort Method: quicksort  Memory: 103kB
               ->  Seq Scan on s_3  (cost=0.00..17.00 rows=1000 width=20) (actual time=0.009..0.065 rows=1000 loops=1)
 Planning time: 0.210 ms
 Execution time: 0.430 ms
(10 rows)

===== 376 [Wed Mar  7 01:54:37 CET 2018] scale:1000 groups:10000 work_mem:64MB incremental:off max_workers:0 =====
SELECT * FROM (SELECT * FROM s_4 ORDER BY a, b, c, d) foo ORDER BY a, b, c, d, e
                                                      QUERY PLAN                                                       
-----------------------------------------------------------------------------------------------------------------------
 Limit  (cost=141.66..141.66 rows=1 width=20) (actual time=0.399..0.399 rows=0 loops=1)
   ->  Sort  (cost=129.16..131.66 rows=1000 width=20) (actual time=0.345..0.376 rows=1000 loops=1)
         Sort Key: s_4.a, s_4.b, s_4.c, s_4.d, s_4.e
         Sort Method: quicksort  Memory: 103kB
         ->  Sort  (cost=66.83..69.33 rows=1000 width=20) (actual time=0.185..0.220 rows=1000 loops=1)
               Sort Key: s_4.a, s_4.b, s_4.c, s_4.d
               Sort Method: quicksort  Memory: 103kB
               ->  Seq Scan on s_4  (cost=0.00..17.00 rows=1000 width=20) (actual time=0.009..0.065 rows=1000 loops=1)
 Planning time: 0.224 ms
 Execution time: 0.419 ms
(10 rows)

===== 377 [Wed Mar  7 01:54:37 CET 2018] scale:1000 groups:10000 work_mem:128MB incremental:on max_workers:0 =====
SELECT * FROM (SELECT * FROM s_1 ORDER BY a) foo ORDER BY a, b
                                                      QUERY PLAN                                                       
-----------------------------------------------------------------------------------------------------------------------
 Limit  (cost=130.65..130.65 rows=1 width=20) (actual time=0.415..0.415 rows=0 loops=1)
   ->  Incremental Sort  (cost=66.85..120.65 rows=1000 width=20) (actual time=0.218..0.389 rows=1000 loops=1)
         Sort Key: s_1.a, s_1.b
         Presorted Key: s_1.a
         Sort Method: quicksort  Memory: 27kB
         Sort Groups: 32
         ->  Sort  (cost=66.83..69.33 rows=1000 width=20) (actual time=0.176..0.216 rows=1000 loops=1)
               Sort Key: s_1.a
               Sort Method: quicksort  Memory: 103kB
               ->  Seq Scan on s_1  (cost=0.00..17.00 rows=1000 width=20) (actual time=0.004..0.059 rows=1000 loops=1)
 Planning time: 0.209 ms
 Execution time: 0.436 ms
(12 rows)

===== 378 [Wed Mar  7 01:54:37 CET 2018] scale:1000 groups:10000 work_mem:128MB incremental:on max_workers:0 =====
SELECT * FROM (SELECT * FROM s_2 ORDER BY a, b) foo ORDER BY a, b, c
                                                      QUERY PLAN                                                       
-----------------------------------------------------------------------------------------------------------------------
 Limit  (cost=130.73..130.73 rows=1 width=20) (actual time=0.403..0.403 rows=0 loops=1)
   ->  Incremental Sort  (cost=66.85..120.73 rows=1000 width=20) (actual time=0.219..0.377 rows=1000 loops=1)
         Sort Key: s_2.a, s_2.b, s_2.c
         Presorted Key: s_2.a, s_2.b
         Sort Method: quicksort  Memory: 27kB
         Sort Groups: 32
         ->  Sort  (cost=66.83..69.33 rows=1000 width=20) (actual time=0.180..0.220 rows=1000 loops=1)
               Sort Key: s_2.a, s_2.b
               Sort Method: quicksort  Memory: 103kB
               ->  Seq Scan on s_2  (cost=0.00..17.00 rows=1000 width=20) (actual time=0.006..0.059 rows=1000 loops=1)
 Planning time: 0.216 ms
 Execution time: 0.424 ms
(12 rows)

===== 379 [Wed Mar  7 01:54:37 CET 2018] scale:1000 groups:10000 work_mem:128MB incremental:on max_workers:0 =====
SELECT * FROM (SELECT * FROM s_3 ORDER BY a, b, c) foo ORDER BY a, b, c, d
                                                      QUERY PLAN                                                       
-----------------------------------------------------------------------------------------------------------------------
 Limit  (cost=131.03..131.03 rows=1 width=20) (actual time=0.425..0.425 rows=0 loops=1)
   ->  Incremental Sort  (cost=66.85..121.03 rows=1000 width=20) (actual time=0.225..0.399 rows=1000 loops=1)
         Sort Key: s_3.a, s_3.b, s_3.c, s_3.d
         Presorted Key: s_3.a, s_3.b, s_3.c
         Sort Method: quicksort  Memory: 27kB
         Sort Groups: 32
         ->  Sort  (cost=66.83..69.33 rows=1000 width=20) (actual time=0.186..0.226 rows=1000 loops=1)
               Sort Key: s_3.a, s_3.b, s_3.c
               Sort Method: quicksort  Memory: 103kB
               ->  Seq Scan on s_3  (cost=0.00..17.00 rows=1000 width=20) (actual time=0.009..0.065 rows=1000 loops=1)
 Planning time: 0.216 ms
 Execution time: 0.448 ms
(12 rows)

===== 380 [Wed Mar  7 01:54:37 CET 2018] scale:1000 groups:10000 work_mem:128MB incremental:on max_workers:0 =====
SELECT * FROM (SELECT * FROM s_4 ORDER BY a, b, c, d) foo ORDER BY a, b, c, d, e
                                                      QUERY PLAN                                                       
-----------------------------------------------------------------------------------------------------------------------
 Limit  (cost=131.03..131.03 rows=1 width=20) (actual time=0.419..0.419 rows=0 loops=1)
   ->  Incremental Sort  (cost=66.85..121.03 rows=1000 width=20) (actual time=0.225..0.396 rows=1000 loops=1)
         Sort Key: s_4.a, s_4.b, s_4.c, s_4.d, s_4.e
         Presorted Key: s_4.a, s_4.b, s_4.c, s_4.d
         Sort Method: quicksort  Memory: 27kB
         Sort Groups: 32
         ->  Sort  (cost=66.83..69.33 rows=1000 width=20) (actual time=0.186..0.226 rows=1000 loops=1)
               Sort Key: s_4.a, s_4.b, s_4.c, s_4.d
               Sort Method: quicksort  Memory: 103kB
               ->  Seq Scan on s_4  (cost=0.00..17.00 rows=1000 width=20) (actual time=0.009..0.065 rows=1000 loops=1)
 Planning time: 0.237 ms
 Execution time: 0.440 ms
(12 rows)

===== 381 [Wed Mar  7 01:54:37 CET 2018] scale:1000 groups:10000 work_mem:128MB incremental:off max_workers:0 =====
SELECT * FROM (SELECT * FROM s_1 ORDER BY a) foo ORDER BY a, b
                                                      QUERY PLAN                                                       
-----------------------------------------------------------------------------------------------------------------------
 Limit  (cost=141.66..141.66 rows=1 width=20) (actual time=0.443..0.443 rows=0 loops=1)
   ->  Sort  (cost=129.16..131.66 rows=1000 width=20) (actual time=0.389..0.421 rows=1000 loops=1)
         Sort Key: s_1.a, s_1.b
         Sort Method: quicksort  Memory: 103kB
         ->  Sort  (cost=66.83..69.33 rows=1000 width=20) (actual time=0.175..0.211 rows=1000 loops=1)
               Sort Key: s_1.a
               Sort Method: quicksort  Memory: 103kB
               ->  Seq Scan on s_1  (cost=0.00..17.00 rows=1000 width=20) (actual time=0.004..0.060 rows=1000 loops=1)
 Planning time: 0.203 ms
 Execution time: 0.464 ms
(10 rows)

===== 382 [Wed Mar  7 01:54:37 CET 2018] scale:1000 groups:10000 work_mem:128MB incremental:off max_workers:0 =====
SELECT * FROM (SELECT * FROM s_2 ORDER BY a, b) foo ORDER BY a, b, c
                                                      QUERY PLAN                                                       
-----------------------------------------------------------------------------------------------------------------------
 Limit  (cost=141.66..141.66 rows=1 width=20) (actual time=0.394..0.394 rows=0 loops=1)
   ->  Sort  (cost=129.16..131.66 rows=1000 width=20) (actual time=0.340..0.371 rows=1000 loops=1)
         Sort Key: s_2.a, s_2.b, s_2.c
         Sort Method: quicksort  Memory: 103kB
         ->  Sort  (cost=66.83..69.33 rows=1000 width=20) (actual time=0.179..0.214 rows=1000 loops=1)
               Sort Key: s_2.a, s_2.b
               Sort Method: quicksort  Memory: 103kB
               ->  Seq Scan on s_2  (cost=0.00..17.00 rows=1000 width=20) (actual time=0.006..0.060 rows=1000 loops=1)
 Planning time: 0.207 ms
 Execution time: 0.415 ms
(10 rows)

===== 383 [Wed Mar  7 01:54:37 CET 2018] scale:1000 groups:10000 work_mem:128MB incremental:off max_workers:0 =====
SELECT * FROM (SELECT * FROM s_3 ORDER BY a, b, c) foo ORDER BY a, b, c, d
                                                      QUERY PLAN                                                       
-----------------------------------------------------------------------------------------------------------------------
 Limit  (cost=141.66..141.66 rows=1 width=20) (actual time=0.401..0.401 rows=0 loops=1)
   ->  Sort  (cost=129.16..131.66 rows=1000 width=20) (actual time=0.347..0.378 rows=1000 loops=1)
         Sort Key: s_3.a, s_3.b, s_3.c, s_3.d
         Sort Method: quicksort  Memory: 103kB
         ->  Sort  (cost=66.83..69.33 rows=1000 width=20) (actual time=0.187..0.222 rows=1000 loops=1)
               Sort Key: s_3.a, s_3.b, s_3.c
               Sort Method: quicksort  Memory: 103kB
               ->  Seq Scan on s_3  (cost=0.00..17.00 rows=1000 width=20) (actual time=0.009..0.064 rows=1000 loops=1)
 Planning time: 0.209 ms
 Execution time: 0.422 ms
(10 rows)

===== 384 [Wed Mar  7 01:54:37 CET 2018] scale:1000 groups:10000 work_mem:128MB incremental:off max_workers:0 =====
SELECT * FROM (SELECT * FROM s_4 ORDER BY a, b, c, d) foo ORDER BY a, b, c, d, e
                                                      QUERY PLAN                                                       
-----------------------------------------------------------------------------------------------------------------------
 Limit  (cost=141.66..141.66 rows=1 width=20) (actual time=0.404..0.404 rows=0 loops=1)
   ->  Sort  (cost=129.16..131.66 rows=1000 width=20) (actual time=0.350..0.381 rows=1000 loops=1)
         Sort Key: s_4.a, s_4.b, s_4.c, s_4.d, s_4.e
         Sort Method: quicksort  Memory: 103kB
         ->  Sort  (cost=66.83..69.33 rows=1000 width=20) (actual time=0.184..0.220 rows=1000 loops=1)
               Sort Key: s_4.a, s_4.b, s_4.c, s_4.d
               Sort Method: quicksort  Memory: 103kB
               ->  Seq Scan on s_4  (cost=0.00..17.00 rows=1000 width=20) (actual time=0.009..0.065 rows=1000 loops=1)
 Planning time: 0.218 ms
 Execution time: 0.424 ms
(10 rows)

===== 385 [Wed Mar  7 01:54:37 CET 2018] scale:1000 groups:10000 work_mem:256MB incremental:on max_workers:0 =====
SELECT * FROM (SELECT * FROM s_1 ORDER BY a) foo ORDER BY a, b
                                                      QUERY PLAN                                                       
-----------------------------------------------------------------------------------------------------------------------
 Limit  (cost=130.65..130.65 rows=1 width=20) (actual time=0.413..0.413 rows=0 loops=1)
   ->  Incremental Sort  (cost=66.85..120.65 rows=1000 width=20) (actual time=0.216..0.387 rows=1000 loops=1)
         Sort Key: s_1.a, s_1.b
         Presorted Key: s_1.a
         Sort Method: quicksort  Memory: 27kB
         Sort Groups: 32
         ->  Sort  (cost=66.83..69.33 rows=1000 width=20) (actual time=0.177..0.216 rows=1000 loops=1)
               Sort Key: s_1.a
               Sort Method: quicksort  Memory: 103kB
               ->  Seq Scan on s_1  (cost=0.00..17.00 rows=1000 width=20) (actual time=0.004..0.059 rows=1000 loops=1)
 Planning time: 0.207 ms
 Execution time: 0.434 ms
(12 rows)

===== 386 [Wed Mar  7 01:54:38 CET 2018] scale:1000 groups:10000 work_mem:256MB incremental:on max_workers:0 =====
SELECT * FROM (SELECT * FROM s_2 ORDER BY a, b) foo ORDER BY a, b, c
                                                      QUERY PLAN                                                       
-----------------------------------------------------------------------------------------------------------------------
 Limit  (cost=130.73..130.73 rows=1 width=20) (actual time=0.399..0.399 rows=0 loops=1)
   ->  Incremental Sort  (cost=66.85..120.73 rows=1000 width=20) (actual time=0.216..0.373 rows=1000 loops=1)
         Sort Key: s_2.a, s_2.b, s_2.c
         Presorted Key: s_2.a, s_2.b
         Sort Method: quicksort  Memory: 27kB
         Sort Groups: 32
         ->  Sort  (cost=66.83..69.33 rows=1000 width=20) (actual time=0.179..0.219 rows=1000 loops=1)
               Sort Key: s_2.a, s_2.b
               Sort Method: quicksort  Memory: 103kB
               ->  Seq Scan on s_2  (cost=0.00..17.00 rows=1000 width=20) (actual time=0.006..0.059 rows=1000 loops=1)
 Planning time: 0.215 ms
 Execution time: 0.419 ms
(12 rows)

===== 387 [Wed Mar  7 01:54:38 CET 2018] scale:1000 groups:10000 work_mem:256MB incremental:on max_workers:0 =====
SELECT * FROM (SELECT * FROM s_3 ORDER BY a, b, c) foo ORDER BY a, b, c, d
                                                      QUERY PLAN                                                       
-----------------------------------------------------------------------------------------------------------------------
 Limit  (cost=131.03..131.03 rows=1 width=20) (actual time=0.427..0.427 rows=0 loops=1)
   ->  Incremental Sort  (cost=66.85..121.03 rows=1000 width=20) (actual time=0.225..0.400 rows=1000 loops=1)
         Sort Key: s_3.a, s_3.b, s_3.c, s_3.d
         Presorted Key: s_3.a, s_3.b, s_3.c
         Sort Method: quicksort  Memory: 27kB
         Sort Groups: 32
         ->  Sort  (cost=66.83..69.33 rows=1000 width=20) (actual time=0.186..0.231 rows=1000 loops=1)
               Sort Key: s_3.a, s_3.b, s_3.c
               Sort Method: quicksort  Memory: 103kB
               ->  Seq Scan on s_3  (cost=0.00..17.00 rows=1000 width=20) (actual time=0.009..0.065 rows=1000 loops=1)
 Planning time: 0.216 ms
 Execution time: 0.448 ms
(12 rows)

===== 388 [Wed Mar  7 01:54:38 CET 2018] scale:1000 groups:10000 work_mem:256MB incremental:on max_workers:0 =====
SELECT * FROM (SELECT * FROM s_4 ORDER BY a, b, c, d) foo ORDER BY a, b, c, d, e
                                                      QUERY PLAN                                                       
-----------------------------------------------------------------------------------------------------------------------
 Limit  (cost=131.03..131.03 rows=1 width=20) (actual time=0.425..0.425 rows=0 loops=1)
   ->  Incremental Sort  (cost=66.85..121.03 rows=1000 width=20) (actual time=0.225..0.402 rows=1000 loops=1)
         Sort Key: s_4.a, s_4.b, s_4.c, s_4.d, s_4.e
         Presorted Key: s_4.a, s_4.b, s_4.c, s_4.d
         Sort Method: quicksort  Memory: 27kB
         Sort Groups: 32
         ->  Sort  (cost=66.83..69.33 rows=1000 width=20) (actual time=0.185..0.231 rows=1000 loops=1)
               Sort Key: s_4.a, s_4.b, s_4.c, s_4.d
               Sort Method: quicksort  Memory: 103kB
               ->  Seq Scan on s_4  (cost=0.00..17.00 rows=1000 width=20) (actual time=0.009..0.064 rows=1000 loops=1)
 Planning time: 0.227 ms
 Execution time: 0.446 ms
(12 rows)

===== 389 [Wed Mar  7 01:54:38 CET 2018] scale:1000 groups:10000 work_mem:256MB incremental:off max_workers:0 =====
SELECT * FROM (SELECT * FROM s_1 ORDER BY a) foo ORDER BY a, b
                                                      QUERY PLAN                                                       
-----------------------------------------------------------------------------------------------------------------------
 Limit  (cost=141.66..141.66 rows=1 width=20) (actual time=0.445..0.445 rows=0 loops=1)
   ->  Sort  (cost=129.16..131.66 rows=1000 width=20) (actual time=0.390..0.422 rows=1000 loops=1)
         Sort Key: s_1.a, s_1.b
         Sort Method: quicksort  Memory: 103kB
         ->  Sort  (cost=66.83..69.33 rows=1000 width=20) (actual time=0.176..0.212 rows=1000 loops=1)
               Sort Key: s_1.a
               Sort Method: quicksort  Memory: 103kB
               ->  Seq Scan on s_1  (cost=0.00..17.00 rows=1000 width=20) (actual time=0.004..0.060 rows=1000 loops=1)
 Planning time: 0.203 ms
 Execution time: 0.465 ms
(10 rows)

===== 390 [Wed Mar  7 01:54:38 CET 2018] scale:1000 groups:10000 work_mem:256MB incremental:off max_workers:0 =====
SELECT * FROM (SELECT * FROM s_2 ORDER BY a, b) foo ORDER BY a, b, c
                                                      QUERY PLAN                                                       
-----------------------------------------------------------------------------------------------------------------------
 Limit  (cost=141.66..141.66 rows=1 width=20) (actual time=0.392..0.392 rows=0 loops=1)
   ->  Sort  (cost=129.16..131.66 rows=1000 width=20) (actual time=0.338..0.369 rows=1000 loops=1)
         Sort Key: s_2.a, s_2.b, s_2.c
         Sort Method: quicksort  Memory: 103kB
         ->  Sort  (cost=66.83..69.33 rows=1000 width=20) (actual time=0.177..0.213 rows=1000 loops=1)
               Sort Key: s_2.a, s_2.b
               Sort Method: quicksort  Memory: 103kB
               ->  Seq Scan on s_2  (cost=0.00..17.00 rows=1000 width=20) (actual time=0.007..0.059 rows=1000 loops=1)
 Planning time: 0.207 ms
 Execution time: 0.412 ms
(10 rows)

===== 391 [Wed Mar  7 01:54:38 CET 2018] scale:1000 groups:10000 work_mem:256MB incremental:off max_workers:0 =====
SELECT * FROM (SELECT * FROM s_3 ORDER BY a, b, c) foo ORDER BY a, b, c, d
                                                      QUERY PLAN                                                       
-----------------------------------------------------------------------------------------------------------------------
 Limit  (cost=141.66..141.66 rows=1 width=20) (actual time=0.408..0.408 rows=0 loops=1)
   ->  Sort  (cost=129.16..131.66 rows=1000 width=20) (actual time=0.355..0.386 rows=1000 loops=1)
         Sort Key: s_3.a, s_3.b, s_3.c, s_3.d
         Sort Method: quicksort  Memory: 103kB
         ->  Sort  (cost=66.83..69.33 rows=1000 width=20) (actual time=0.187..0.223 rows=1000 loops=1)
               Sort Key: s_3.a, s_3.b, s_3.c
               Sort Method: quicksort  Memory: 103kB
               ->  Seq Scan on s_3  (cost=0.00..17.00 rows=1000 width=20) (actual time=0.009..0.065 rows=1000 loops=1)
 Planning time: 0.211 ms
 Execution time: 0.429 ms
(10 rows)

===== 392 [Wed Mar  7 01:54:38 CET 2018] scale:1000 groups:10000 work_mem:256MB incremental:off max_workers:0 =====
SELECT * FROM (SELECT * FROM s_4 ORDER BY a, b, c, d) foo ORDER BY a, b, c, d, e
                                                      QUERY PLAN                                                       
-----------------------------------------------------------------------------------------------------------------------
 Limit  (cost=141.66..141.66 rows=1 width=20) (actual time=0.406..0.406 rows=0 loops=1)
   ->  Sort  (cost=129.16..131.66 rows=1000 width=20) (actual time=0.353..0.384 rows=1000 loops=1)
         Sort Key: s_4.a, s_4.b, s_4.c, s_4.d, s_4.e
         Sort Method: quicksort  Memory: 103kB
         ->  Sort  (cost=66.83..69.33 rows=1000 width=20) (actual time=0.191..0.226 rows=1000 loops=1)
               Sort Key: s_4.a, s_4.b, s_4.c, s_4.d
               Sort Method: quicksort  Memory: 103kB
               ->  Seq Scan on s_4  (cost=0.00..17.00 rows=1000 width=20) (actual time=0.009..0.065 rows=1000 loops=1)
 Planning time: 0.219 ms
 Execution time: 0.427 ms
(10 rows)

===== 393 [Wed Mar  7 01:54:38 CET 2018] scale:1000 groups:10000 work_mem:4MB incremental:on max_workers:2 =====
SELECT * FROM (SELECT * FROM s_1 ORDER BY a) foo ORDER BY a, b
                                                      QUERY PLAN                                                       
-----------------------------------------------------------------------------------------------------------------------
 Limit  (cost=130.65..130.65 rows=1 width=20) (actual time=0.414..0.414 rows=0 loops=1)
   ->  Incremental Sort  (cost=66.85..120.65 rows=1000 width=20) (actual time=0.217..0.388 rows=1000 loops=1)
         Sort Key: s_1.a, s_1.b
         Presorted Key: s_1.a
         Sort Method: quicksort  Memory: 27kB
         Sort Groups: 32
         ->  Sort  (cost=66.83..69.33 rows=1000 width=20) (actual time=0.177..0.217 rows=1000 loops=1)
               Sort Key: s_1.a
               Sort Method: quicksort  Memory: 103kB
               ->  Seq Scan on s_1  (cost=0.00..17.00 rows=1000 width=20) (actual time=0.004..0.059 rows=1000 loops=1)
 Planning time: 0.218 ms
 Execution time: 0.434 ms
(12 rows)

===== 394 [Wed Mar  7 01:54:38 CET 2018] scale:1000 groups:10000 work_mem:4MB incremental:on max_workers:2 =====
SELECT * FROM (SELECT * FROM s_2 ORDER BY a, b) foo ORDER BY a, b, c
                                                      QUERY PLAN                                                       
-----------------------------------------------------------------------------------------------------------------------
 Limit  (cost=130.73..130.73 rows=1 width=20) (actual time=0.393..0.393 rows=0 loops=1)
   ->  Incremental Sort  (cost=66.85..120.73 rows=1000 width=20) (actual time=0.216..0.367 rows=1000 loops=1)
         Sort Key: s_2.a, s_2.b, s_2.c
         Presorted Key: s_2.a, s_2.b
         Sort Method: quicksort  Memory: 27kB
         Sort Groups: 32
         ->  Sort  (cost=66.83..69.33 rows=1000 width=20) (actual time=0.178..0.218 rows=1000 loops=1)
               Sort Key: s_2.a, s_2.b
               Sort Method: quicksort  Memory: 103kB
               ->  Seq Scan on s_2  (cost=0.00..17.00 rows=1000 width=20) (actual time=0.006..0.059 rows=1000 loops=1)
 Planning time: 0.216 ms
 Execution time: 0.413 ms
(12 rows)

===== 395 [Wed Mar  7 01:54:38 CET 2018] scale:1000 groups:10000 work_mem:4MB incremental:on max_workers:2 =====
SELECT * FROM (SELECT * FROM s_3 ORDER BY a, b, c) foo ORDER BY a, b, c, d
                                                      QUERY PLAN                                                       
-----------------------------------------------------------------------------------------------------------------------
 Limit  (cost=131.03..131.03 rows=1 width=20) (actual time=0.420..0.420 rows=0 loops=1)
   ->  Incremental Sort  (cost=66.85..121.03 rows=1000 width=20) (actual time=0.225..0.394 rows=1000 loops=1)
         Sort Key: s_3.a, s_3.b, s_3.c, s_3.d
         Presorted Key: s_3.a, s_3.b, s_3.c
         Sort Method: quicksort  Memory: 27kB
         Sort Groups: 32
         ->  Sort  (cost=66.83..69.33 rows=1000 width=20) (actual time=0.186..0.226 rows=1000 loops=1)
               Sort Key: s_3.a, s_3.b, s_3.c
               Sort Method: quicksort  Memory: 103kB
               ->  Seq Scan on s_3  (cost=0.00..17.00 rows=1000 width=20) (actual time=0.009..0.065 rows=1000 loops=1)
 Planning time: 0.214 ms
 Execution time: 0.441 ms
(12 rows)

===== 396 [Wed Mar  7 01:54:38 CET 2018] scale:1000 groups:10000 work_mem:4MB incremental:on max_workers:2 =====
SELECT * FROM (SELECT * FROM s_4 ORDER BY a, b, c, d) foo ORDER BY a, b, c, d, e
                                                      QUERY PLAN                                                       
-----------------------------------------------------------------------------------------------------------------------
 Limit  (cost=131.03..131.03 rows=1 width=20) (actual time=0.419..0.419 rows=0 loops=1)
   ->  Incremental Sort  (cost=66.85..121.03 rows=1000 width=20) (actual time=0.224..0.396 rows=1000 loops=1)
         Sort Key: s_4.a, s_4.b, s_4.c, s_4.d, s_4.e
         Presorted Key: s_4.a, s_4.b, s_4.c, s_4.d
         Sort Method: quicksort  Memory: 27kB
         Sort Groups: 32
         ->  Sort  (cost=66.83..69.33 rows=1000 width=20) (actual time=0.185..0.226 rows=1000 loops=1)
               Sort Key: s_4.a, s_4.b, s_4.c, s_4.d
               Sort Method: quicksort  Memory: 103kB
               ->  Seq Scan on s_4  (cost=0.00..17.00 rows=1000 width=20) (actual time=0.009..0.065 rows=1000 loops=1)
 Planning time: 0.238 ms
 Execution time: 0.440 ms
(12 rows)

===== 397 [Wed Mar  7 01:54:38 CET 2018] scale:1000 groups:10000 work_mem:4MB incremental:off max_workers:2 =====
SELECT * FROM (SELECT * FROM s_1 ORDER BY a) foo ORDER BY a, b
                                                      QUERY PLAN                                                       
-----------------------------------------------------------------------------------------------------------------------
 Limit  (cost=141.66..141.66 rows=1 width=20) (actual time=0.444..0.444 rows=0 loops=1)
   ->  Sort  (cost=129.16..131.66 rows=1000 width=20) (actual time=0.390..0.421 rows=1000 loops=1)
         Sort Key: s_1.a, s_1.b
         Sort Method: quicksort  Memory: 103kB
         ->  Sort  (cost=66.83..69.33 rows=1000 width=20) (actual time=0.176..0.211 rows=1000 loops=1)
               Sort Key: s_1.a
               Sort Method: quicksort  Memory: 103kB
               ->  Seq Scan on s_1  (cost=0.00..17.00 rows=1000 width=20) (actual time=0.004..0.060 rows=1000 loops=1)
 Planning time: 0.222 ms
 Execution time: 0.465 ms
(10 rows)

===== 398 [Wed Mar  7 01:54:38 CET 2018] scale:1000 groups:10000 work_mem:4MB incremental:off max_workers:2 =====
SELECT * FROM (SELECT * FROM s_2 ORDER BY a, b) foo ORDER BY a, b, c
                                                      QUERY PLAN                                                       
-----------------------------------------------------------------------------------------------------------------------
 Limit  (cost=141.66..141.66 rows=1 width=20) (actual time=0.398..0.398 rows=0 loops=1)
   ->  Sort  (cost=129.16..131.66 rows=1000 width=20) (actual time=0.344..0.376 rows=1000 loops=1)
         Sort Key: s_2.a, s_2.b, s_2.c
         Sort Method: quicksort  Memory: 103kB
         ->  Sort  (cost=66.83..69.33 rows=1000 width=20) (actual time=0.184..0.220 rows=1000 loops=1)
               Sort Key: s_2.a, s_2.b
               Sort Method: quicksort  Memory: 103kB
               ->  Seq Scan on s_2  (cost=0.00..17.00 rows=1000 width=20) (actual time=0.007..0.065 rows=1000 loops=1)
 Planning time: 0.209 ms
 Execution time: 0.418 ms
(10 rows)

===== 399 [Wed Mar  7 01:54:38 CET 2018] scale:1000 groups:10000 work_mem:4MB incremental:off max_workers:2 =====
SELECT * FROM (SELECT * FROM s_3 ORDER BY a, b, c) foo ORDER BY a, b, c, d
                                                      QUERY PLAN                                                       
-----------------------------------------------------------------------------------------------------------------------
 Limit  (cost=141.66..141.66 rows=1 width=20) (actual time=0.405..0.405 rows=0 loops=1)
   ->  Sort  (cost=129.16..131.66 rows=1000 width=20) (actual time=0.351..0.382 rows=1000 loops=1)
         Sort Key: s_3.a, s_3.b, s_3.c, s_3.d
         Sort Method: quicksort  Memory: 103kB
         ->  Sort  (cost=66.83..69.33 rows=1000 width=20) (actual time=0.185..0.221 rows=1000 loops=1)
               Sort Key: s_3.a, s_3.b, s_3.c
               Sort Method: quicksort  Memory: 103kB
               ->  Seq Scan on s_3  (cost=0.00..17.00 rows=1000 width=20) (actual time=0.009..0.065 rows=1000 loops=1)
 Planning time: 0.212 ms
 Execution time: 0.425 ms
(10 rows)

===== 400 [Wed Mar  7 01:54:39 CET 2018] scale:1000 groups:10000 work_mem:4MB incremental:off max_workers:2 =====
SELECT * FROM (SELECT * FROM s_4 ORDER BY a, b, c, d) foo ORDER BY a, b, c, d, e
                                                      QUERY PLAN                                                       
-----------------------------------------------------------------------------------------------------------------------
 Limit  (cost=141.66..141.66 rows=1 width=20) (actual time=0.406..0.406 rows=0 loops=1)
   ->  Sort  (cost=129.16..131.66 rows=1000 width=20) (actual time=0.352..0.383 rows=1000 loops=1)
         Sort Key: s_4.a, s_4.b, s_4.c, s_4.d, s_4.e
         Sort Method: quicksort  Memory: 103kB
         ->  Sort  (cost=66.83..69.33 rows=1000 width=20) (actual time=0.190..0.226 rows=1000 loops=1)
               Sort Key: s_4.a, s_4.b, s_4.c, s_4.d
               Sort Method: quicksort  Memory: 103kB
               ->  Seq Scan on s_4  (cost=0.00..17.00 rows=1000 width=20) (actual time=0.009..0.065 rows=1000 loops=1)
 Planning time: 0.224 ms
 Execution time: 0.426 ms
(10 rows)

===== 401 [Wed Mar  7 01:54:39 CET 2018] scale:1000 groups:10000 work_mem:8MB incremental:on max_workers:2 =====
SELECT * FROM (SELECT * FROM s_1 ORDER BY a) foo ORDER BY a, b
                                                      QUERY PLAN                                                       
-----------------------------------------------------------------------------------------------------------------------
 Limit  (cost=130.65..130.65 rows=1 width=20) (actual time=0.409..0.409 rows=0 loops=1)
   ->  Incremental Sort  (cost=66.85..120.65 rows=1000 width=20) (actual time=0.219..0.386 rows=1000 loops=1)
         Sort Key: s_1.a, s_1.b
         Presorted Key: s_1.a
         Sort Method: quicksort  Memory: 27kB
         Sort Groups: 32
         ->  Sort  (cost=66.83..69.33 rows=1000 width=20) (actual time=0.179..0.219 rows=1000 loops=1)
               Sort Key: s_1.a
               Sort Method: quicksort  Memory: 103kB
               ->  Seq Scan on s_1  (cost=0.00..17.00 rows=1000 width=20) (actual time=0.004..0.060 rows=1000 loops=1)
 Planning time: 0.215 ms
 Execution time: 0.430 ms
(12 rows)

===== 402 [Wed Mar  7 01:54:39 CET 2018] scale:1000 groups:10000 work_mem:8MB incremental:on max_workers:2 =====
SELECT * FROM (SELECT * FROM s_2 ORDER BY a, b) foo ORDER BY a, b, c
                                                      QUERY PLAN                                                       
-----------------------------------------------------------------------------------------------------------------------
 Limit  (cost=130.73..130.73 rows=1 width=20) (actual time=0.385..0.385 rows=0 loops=1)
   ->  Incremental Sort  (cost=66.85..120.73 rows=1000 width=20) (actual time=0.215..0.363 rows=1000 loops=1)
         Sort Key: s_2.a, s_2.b, s_2.c
         Presorted Key: s_2.a, s_2.b
         Sort Method: quicksort  Memory: 27kB
         Sort Groups: 32
         ->  Sort  (cost=66.83..69.33 rows=1000 width=20) (actual time=0.176..0.216 rows=1000 loops=1)
               Sort Key: s_2.a, s_2.b
               Sort Method: quicksort  Memory: 103kB
               ->  Seq Scan on s_2  (cost=0.00..17.00 rows=1000 width=20) (actual time=0.006..0.059 rows=1000 loops=1)
 Planning time: 0.223 ms
 Execution time: 0.406 ms
(12 rows)

===== 403 [Wed Mar  7 01:54:39 CET 2018] scale:1000 groups:10000 work_mem:8MB incremental:on max_workers:2 =====
SELECT * FROM (SELECT * FROM s_3 ORDER BY a, b, c) foo ORDER BY a, b, c, d
                                                      QUERY PLAN                                                       
-----------------------------------------------------------------------------------------------------------------------
 Limit  (cost=131.03..131.03 rows=1 width=20) (actual time=0.410..0.410 rows=0 loops=1)
   ->  Incremental Sort  (cost=66.85..121.03 rows=1000 width=20) (actual time=0.231..0.387 rows=1000 loops=1)
         Sort Key: s_3.a, s_3.b, s_3.c, s_3.d
         Presorted Key: s_3.a, s_3.b, s_3.c
         Sort Method: quicksort  Memory: 27kB
         Sort Groups: 32
         ->  Sort  (cost=66.83..69.33 rows=1000 width=20) (actual time=0.186..0.225 rows=1000 loops=1)
               Sort Key: s_3.a, s_3.b, s_3.c
               Sort Method: quicksort  Memory: 103kB
               ->  Seq Scan on s_3  (cost=0.00..17.00 rows=1000 width=20) (actual time=0.009..0.065 rows=1000 loops=1)
 Planning time: 0.224 ms
 Execution time: 0.431 ms
(12 rows)

===== 404 [Wed Mar  7 01:54:39 CET 2018] scale:1000 groups:10000 work_mem:8MB incremental:on max_workers:2 =====
SELECT * FROM (SELECT * FROM s_4 ORDER BY a, b, c, d) foo ORDER BY a, b, c, d, e
                                                      QUERY PLAN                                                       
-----------------------------------------------------------------------------------------------------------------------
 Limit  (cost=131.03..131.03 rows=1 width=20) (actual time=0.404..0.404 rows=0 loops=1)
   ->  Incremental Sort  (cost=66.85..121.03 rows=1000 width=20) (actual time=0.226..0.382 rows=1000 loops=1)
         Sort Key: s_4.a, s_4.b, s_4.c, s_4.d, s_4.e
         Presorted Key: s_4.a, s_4.b, s_4.c, s_4.d
         Sort Method: quicksort  Memory: 27kB
         Sort Groups: 32
         ->  Sort  (cost=66.83..69.33 rows=1000 width=20) (actual time=0.186..0.225 rows=1000 loops=1)
               Sort Key: s_4.a, s_4.b, s_4.c, s_4.d
               Sort Method: quicksort  Memory: 103kB
               ->  Seq Scan on s_4  (cost=0.00..17.00 rows=1000 width=20) (actual time=0.009..0.064 rows=1000 loops=1)
 Planning time: 0.238 ms
 Execution time: 0.425 ms
(12 rows)

===== 405 [Wed Mar  7 01:54:39 CET 2018] scale:1000 groups:10000 work_mem:8MB incremental:off max_workers:2 =====
SELECT * FROM (SELECT * FROM s_1 ORDER BY a) foo ORDER BY a, b
                                                      QUERY PLAN                                                       
-----------------------------------------------------------------------------------------------------------------------
 Limit  (cost=141.66..141.66 rows=1 width=20) (actual time=0.444..0.444 rows=0 loops=1)
   ->  Sort  (cost=129.16..131.66 rows=1000 width=20) (actual time=0.389..0.421 rows=1000 loops=1)
         Sort Key: s_1.a, s_1.b
         Sort Method: quicksort  Memory: 103kB
         ->  Sort  (cost=66.83..69.33 rows=1000 width=20) (actual time=0.174..0.210 rows=1000 loops=1)
               Sort Key: s_1.a
               Sort Method: quicksort  Memory: 103kB
               ->  Seq Scan on s_1  (cost=0.00..17.00 rows=1000 width=20) (actual time=0.004..0.060 rows=1000 loops=1)
 Planning time: 0.206 ms
 Execution time: 0.466 ms
(10 rows)

===== 406 [Wed Mar  7 01:54:39 CET 2018] scale:1000 groups:10000 work_mem:8MB incremental:off max_workers:2 =====
SELECT * FROM (SELECT * FROM s_2 ORDER BY a, b) foo ORDER BY a, b, c
                                                      QUERY PLAN                                                       
-----------------------------------------------------------------------------------------------------------------------
 Limit  (cost=141.66..141.66 rows=1 width=20) (actual time=0.397..0.397 rows=0 loops=1)
   ->  Sort  (cost=129.16..131.66 rows=1000 width=20) (actual time=0.343..0.374 rows=1000 loops=1)
         Sort Key: s_2.a, s_2.b, s_2.c
         Sort Method: quicksort  Memory: 103kB
         ->  Sort  (cost=66.83..69.33 rows=1000 width=20) (actual time=0.178..0.213 rows=1000 loops=1)
               Sort Key: s_2.a, s_2.b
               Sort Method: quicksort  Memory: 103kB
               ->  Seq Scan on s_2  (cost=0.00..17.00 rows=1000 width=20) (actual time=0.007..0.059 rows=1000 loops=1)
 Planning time: 0.209 ms
 Execution time: 0.418 ms
(10 rows)

===== 407 [Wed Mar  7 01:54:39 CET 2018] scale:1000 groups:10000 work_mem:8MB incremental:off max_workers:2 =====
SELECT * FROM (SELECT * FROM s_3 ORDER BY a, b, c) foo ORDER BY a, b, c, d
                                                      QUERY PLAN                                                       
-----------------------------------------------------------------------------------------------------------------------
 Limit  (cost=141.66..141.66 rows=1 width=20) (actual time=0.404..0.404 rows=0 loops=1)
   ->  Sort  (cost=129.16..131.66 rows=1000 width=20) (actual time=0.350..0.381 rows=1000 loops=1)
         Sort Key: s_3.a, s_3.b, s_3.c, s_3.d
         Sort Method: quicksort  Memory: 103kB
         ->  Sort  (cost=66.83..69.33 rows=1000 width=20) (actual time=0.189..0.224 rows=1000 loops=1)
               Sort Key: s_3.a, s_3.b, s_3.c
               Sort Method: quicksort  Memory: 103kB
               ->  Seq Scan on s_3  (cost=0.00..17.00 rows=1000 width=20) (actual time=0.009..0.066 rows=1000 loops=1)
 Planning time: 0.223 ms
 Execution time: 0.424 ms
(10 rows)

===== 408 [Wed Mar  7 01:54:39 CET 2018] scale:1000 groups:10000 work_mem:8MB incremental:off max_workers:2 =====
SELECT * FROM (SELECT * FROM s_4 ORDER BY a, b, c, d) foo ORDER BY a, b, c, d, e
                                                      QUERY PLAN                                                       
-----------------------------------------------------------------------------------------------------------------------
 Limit  (cost=141.66..141.66 rows=1 width=20) (actual time=0.404..0.404 rows=0 loops=1)
   ->  Sort  (cost=129.16..131.66 rows=1000 width=20) (actual time=0.350..0.381 rows=1000 loops=1)
         Sort Key: s_4.a, s_4.b, s_4.c, s_4.d, s_4.e
         Sort Method: quicksort  Memory: 103kB
         ->  Sort  (cost=66.83..69.33 rows=1000 width=20) (actual time=0.184..0.220 rows=1000 loops=1)
               Sort Key: s_4.a, s_4.b, s_4.c, s_4.d
               Sort Method: quicksort  Memory: 103kB
               ->  Seq Scan on s_4  (cost=0.00..17.00 rows=1000 width=20) (actual time=0.009..0.065 rows=1000 loops=1)
 Planning time: 0.217 ms
 Execution time: 0.424 ms
(10 rows)

===== 409 [Wed Mar  7 01:54:39 CET 2018] scale:1000 groups:10000 work_mem:16MB incremental:on max_workers:2 =====
SELECT * FROM (SELECT * FROM s_1 ORDER BY a) foo ORDER BY a, b
                                                      QUERY PLAN                                                       
-----------------------------------------------------------------------------------------------------------------------
 Limit  (cost=130.65..130.65 rows=1 width=20) (actual time=0.420..0.420 rows=0 loops=1)
   ->  Incremental Sort  (cost=66.85..120.65 rows=1000 width=20) (actual time=0.223..0.394 rows=1000 loops=1)
         Sort Key: s_1.a, s_1.b
         Presorted Key: s_1.a
         Sort Method: quicksort  Memory: 27kB
         Sort Groups: 32
         ->  Sort  (cost=66.83..69.33 rows=1000 width=20) (actual time=0.184..0.223 rows=1000 loops=1)
               Sort Key: s_1.a
               Sort Method: quicksort  Memory: 103kB
               ->  Seq Scan on s_1  (cost=0.00..17.00 rows=1000 width=20) (actual time=0.004..0.060 rows=1000 loops=1)
 Planning time: 0.214 ms
 Execution time: 0.440 ms
(12 rows)

===== 410 [Wed Mar  7 01:54:39 CET 2018] scale:1000 groups:10000 work_mem:16MB incremental:on max_workers:2 =====
SELECT * FROM (SELECT * FROM s_2 ORDER BY a, b) foo ORDER BY a, b, c
                                                      QUERY PLAN                                                       
-----------------------------------------------------------------------------------------------------------------------
 Limit  (cost=130.73..130.73 rows=1 width=20) (actual time=0.399..0.399 rows=0 loops=1)
   ->  Incremental Sort  (cost=66.85..120.73 rows=1000 width=20) (actual time=0.222..0.373 rows=1000 loops=1)
         Sort Key: s_2.a, s_2.b, s_2.c
         Presorted Key: s_2.a, s_2.b
         Sort Method: quicksort  Memory: 27kB
         Sort Groups: 32
         ->  Sort  (cost=66.83..69.33 rows=1000 width=20) (actual time=0.185..0.224 rows=1000 loops=1)
               Sort Key: s_2.a, s_2.b
               Sort Method: quicksort  Memory: 103kB
               ->  Seq Scan on s_2  (cost=0.00..17.00 rows=1000 width=20) (actual time=0.007..0.064 rows=1000 loops=1)
 Planning time: 0.216 ms
 Execution time: 0.419 ms
(12 rows)

===== 411 [Wed Mar  7 01:54:39 CET 2018] scale:1000 groups:10000 work_mem:16MB incremental:on max_workers:2 =====
SELECT * FROM (SELECT * FROM s_3 ORDER BY a, b, c) foo ORDER BY a, b, c, d
                                                      QUERY PLAN                                                       
-----------------------------------------------------------------------------------------------------------------------
 Limit  (cost=131.03..131.03 rows=1 width=20) (actual time=0.425..0.425 rows=0 loops=1)
   ->  Incremental Sort  (cost=66.85..121.03 rows=1000 width=20) (actual time=0.231..0.399 rows=1000 loops=1)
         Sort Key: s_3.a, s_3.b, s_3.c, s_3.d
         Presorted Key: s_3.a, s_3.b, s_3.c
         Sort Method: quicksort  Memory: 27kB
         Sort Groups: 32
         ->  Sort  (cost=66.83..69.33 rows=1000 width=20) (actual time=0.192..0.232 rows=1000 loops=1)
               Sort Key: s_3.a, s_3.b, s_3.c
               Sort Method: quicksort  Memory: 103kB
               ->  Seq Scan on s_3  (cost=0.00..17.00 rows=1000 width=20) (actual time=0.009..0.065 rows=1000 loops=1)
 Planning time: 0.224 ms
 Execution time: 0.446 ms
(12 rows)

===== 412 [Wed Mar  7 01:54:39 CET 2018] scale:1000 groups:10000 work_mem:16MB incremental:on max_workers:2 =====
SELECT * FROM (SELECT * FROM s_4 ORDER BY a, b, c, d) foo ORDER BY a, b, c, d, e
                                                      QUERY PLAN                                                       
-----------------------------------------------------------------------------------------------------------------------
 Limit  (cost=131.03..131.03 rows=1 width=20) (actual time=0.419..0.419 rows=0 loops=1)
   ->  Incremental Sort  (cost=66.85..121.03 rows=1000 width=20) (actual time=0.225..0.396 rows=1000 loops=1)
         Sort Key: s_4.a, s_4.b, s_4.c, s_4.d, s_4.e
         Presorted Key: s_4.a, s_4.b, s_4.c, s_4.d
         Sort Method: quicksort  Memory: 27kB
         Sort Groups: 32
         ->  Sort  (cost=66.83..69.33 rows=1000 width=20) (actual time=0.186..0.226 rows=1000 loops=1)
               Sort Key: s_4.a, s_4.b, s_4.c, s_4.d
               Sort Method: quicksort  Memory: 103kB
               ->  Seq Scan on s_4  (cost=0.00..17.00 rows=1000 width=20) (actual time=0.009..0.065 rows=1000 loops=1)
 Planning time: 0.228 ms
 Execution time: 0.439 ms
(12 rows)

===== 413 [Wed Mar  7 01:54:39 CET 2018] scale:1000 groups:10000 work_mem:16MB incremental:off max_workers:2 =====
SELECT * FROM (SELECT * FROM s_1 ORDER BY a) foo ORDER BY a, b
                                                      QUERY PLAN                                                       
-----------------------------------------------------------------------------------------------------------------------
 Limit  (cost=141.66..141.66 rows=1 width=20) (actual time=0.443..0.443 rows=0 loops=1)
   ->  Sort  (cost=129.16..131.66 rows=1000 width=20) (actual time=0.388..0.420 rows=1000 loops=1)
         Sort Key: s_1.a, s_1.b
         Sort Method: quicksort  Memory: 103kB
         ->  Sort  (cost=66.83..69.33 rows=1000 width=20) (actual time=0.174..0.210 rows=1000 loops=1)
               Sort Key: s_1.a
               Sort Method: quicksort  Memory: 103kB
               ->  Seq Scan on s_1  (cost=0.00..17.00 rows=1000 width=20) (actual time=0.004..0.060 rows=1000 loops=1)
 Planning time: 0.217 ms
 Execution time: 0.464 ms
(10 rows)

===== 414 [Wed Mar  7 01:54:40 CET 2018] scale:1000 groups:10000 work_mem:16MB incremental:off max_workers:2 =====
SELECT * FROM (SELECT * FROM s_2 ORDER BY a, b) foo ORDER BY a, b, c
                                                      QUERY PLAN                                                       
-----------------------------------------------------------------------------------------------------------------------
 Limit  (cost=141.66..141.66 rows=1 width=20) (actual time=0.393..0.393 rows=0 loops=1)
   ->  Sort  (cost=129.16..131.66 rows=1000 width=20) (actual time=0.339..0.370 rows=1000 loops=1)
         Sort Key: s_2.a, s_2.b, s_2.c
         Sort Method: quicksort  Memory: 103kB
         ->  Sort  (cost=66.83..69.33 rows=1000 width=20) (actual time=0.179..0.215 rows=1000 loops=1)
               Sort Key: s_2.a, s_2.b
               Sort Method: quicksort  Memory: 103kB
               ->  Seq Scan on s_2  (cost=0.00..17.00 rows=1000 width=20) (actual time=0.007..0.060 rows=1000 loops=1)
 Planning time: 0.210 ms
 Execution time: 0.414 ms
(10 rows)

===== 415 [Wed Mar  7 01:54:40 CET 2018] scale:1000 groups:10000 work_mem:16MB incremental:off max_workers:2 =====
SELECT * FROM (SELECT * FROM s_3 ORDER BY a, b, c) foo ORDER BY a, b, c, d
                                                      QUERY PLAN                                                       
-----------------------------------------------------------------------------------------------------------------------
 Limit  (cost=141.66..141.66 rows=1 width=20) (actual time=0.401..0.401 rows=0 loops=1)
   ->  Sort  (cost=129.16..131.66 rows=1000 width=20) (actual time=0.347..0.379 rows=1000 loops=1)
         Sort Key: s_3.a, s_3.b, s_3.c, s_3.d
         Sort Method: quicksort  Memory: 103kB
         ->  Sort  (cost=66.83..69.33 rows=1000 width=20) (actual time=0.187..0.222 rows=1000 loops=1)
               Sort Key: s_3.a, s_3.b, s_3.c
               Sort Method: quicksort  Memory: 103kB
               ->  Seq Scan on s_3  (cost=0.00..17.00 rows=1000 width=20) (actual time=0.009..0.065 rows=1000 loops=1)
 Planning time: 0.212 ms
 Execution time: 0.422 ms
(10 rows)

===== 416 [Wed Mar  7 01:54:40 CET 2018] scale:1000 groups:10000 work_mem:16MB incremental:off max_workers:2 =====
SELECT * FROM (SELECT * FROM s_4 ORDER BY a, b, c, d) foo ORDER BY a, b, c, d, e
                                                      QUERY PLAN                                                       
-----------------------------------------------------------------------------------------------------------------------
 Limit  (cost=141.66..141.66 rows=1 width=20) (actual time=0.401..0.401 rows=0 loops=1)
   ->  Sort  (cost=129.16..131.66 rows=1000 width=20) (actual time=0.348..0.379 rows=1000 loops=1)
         Sort Key: s_4.a, s_4.b, s_4.c, s_4.d, s_4.e
         Sort Method: quicksort  Memory: 103kB
         ->  Sort  (cost=66.83..69.33 rows=1000 width=20) (actual time=0.185..0.221 rows=1000 loops=1)
               Sort Key: s_4.a, s_4.b, s_4.c, s_4.d
               Sort Method: quicksort  Memory: 103kB
               ->  Seq Scan on s_4  (cost=0.00..17.00 rows=1000 width=20) (actual time=0.009..0.065 rows=1000 loops=1)
 Planning time: 0.223 ms
 Execution time: 0.422 ms
(10 rows)

===== 417 [Wed Mar  7 01:54:40 CET 2018] scale:1000 groups:10000 work_mem:32MB incremental:on max_workers:2 =====
SELECT * FROM (SELECT * FROM s_1 ORDER BY a) foo ORDER BY a, b
                                                      QUERY PLAN                                                       
-----------------------------------------------------------------------------------------------------------------------
 Limit  (cost=130.65..130.65 rows=1 width=20) (actual time=0.420..0.420 rows=0 loops=1)
   ->  Incremental Sort  (cost=66.85..120.65 rows=1000 width=20) (actual time=0.216..0.394 rows=1000 loops=1)
         Sort Key: s_1.a, s_1.b
         Presorted Key: s_1.a
         Sort Method: quicksort  Memory: 27kB
         Sort Groups: 32
         ->  Sort  (cost=66.83..69.33 rows=1000 width=20) (actual time=0.177..0.217 rows=1000 loops=1)
               Sort Key: s_1.a
               Sort Method: quicksort  Memory: 103kB
               ->  Seq Scan on s_1  (cost=0.00..17.00 rows=1000 width=20) (actual time=0.004..0.059 rows=1000 loops=1)
 Planning time: 0.215 ms
 Execution time: 0.440 ms
(12 rows)

===== 418 [Wed Mar  7 01:54:40 CET 2018] scale:1000 groups:10000 work_mem:32MB incremental:on max_workers:2 =====
SELECT * FROM (SELECT * FROM s_2 ORDER BY a, b) foo ORDER BY a, b, c
                                                      QUERY PLAN                                                       
-----------------------------------------------------------------------------------------------------------------------
 Limit  (cost=130.73..130.73 rows=1 width=20) (actual time=0.401..0.401 rows=0 loops=1)
   ->  Incremental Sort  (cost=66.85..120.73 rows=1000 width=20) (actual time=0.218..0.375 rows=1000 loops=1)
         Sort Key: s_2.a, s_2.b, s_2.c
         Presorted Key: s_2.a, s_2.b
         Sort Method: quicksort  Memory: 27kB
         Sort Groups: 32
         ->  Sort  (cost=66.83..69.33 rows=1000 width=20) (actual time=0.181..0.221 rows=1000 loops=1)
               Sort Key: s_2.a, s_2.b
               Sort Method: quicksort  Memory: 103kB
               ->  Seq Scan on s_2  (cost=0.00..17.00 rows=1000 width=20) (actual time=0.007..0.060 rows=1000 loops=1)
 Planning time: 0.222 ms
 Execution time: 0.422 ms
(12 rows)

===== 419 [Wed Mar  7 01:54:40 CET 2018] scale:1000 groups:10000 work_mem:32MB incremental:on max_workers:2 =====
SELECT * FROM (SELECT * FROM s_3 ORDER BY a, b, c) foo ORDER BY a, b, c, d
                                                      QUERY PLAN                                                       
-----------------------------------------------------------------------------------------------------------------------
 Limit  (cost=131.03..131.03 rows=1 width=20) (actual time=0.425..0.425 rows=0 loops=1)
   ->  Incremental Sort  (cost=66.85..121.03 rows=1000 width=20) (actual time=0.230..0.399 rows=1000 loops=1)
         Sort Key: s_3.a, s_3.b, s_3.c, s_3.d
         Presorted Key: s_3.a, s_3.b, s_3.c
         Sort Method: quicksort  Memory: 27kB
         Sort Groups: 32
         ->  Sort  (cost=66.83..69.33 rows=1000 width=20) (actual time=0.191..0.231 rows=1000 loops=1)
               Sort Key: s_3.a, s_3.b, s_3.c
               Sort Method: quicksort  Memory: 103kB
               ->  Seq Scan on s_3  (cost=0.00..17.00 rows=1000 width=20) (actual time=0.009..0.066 rows=1000 loops=1)
 Planning time: 0.219 ms
 Execution time: 0.447 ms
(12 rows)

===== 420 [Wed Mar  7 01:54:40 CET 2018] scale:1000 groups:10000 work_mem:32MB incremental:on max_workers:2 =====
SELECT * FROM (SELECT * FROM s_4 ORDER BY a, b, c, d) foo ORDER BY a, b, c, d, e
                                                      QUERY PLAN                                                       
-----------------------------------------------------------------------------------------------------------------------
 Limit  (cost=131.03..131.03 rows=1 width=20) (actual time=0.416..0.416 rows=0 loops=1)
   ->  Incremental Sort  (cost=66.85..121.03 rows=1000 width=20) (actual time=0.222..0.392 rows=1000 loops=1)
         Sort Key: s_4.a, s_4.b, s_4.c, s_4.d, s_4.e
         Presorted Key: s_4.a, s_4.b, s_4.c, s_4.d
         Sort Method: quicksort  Memory: 27kB
         Sort Groups: 32
         ->  Sort  (cost=66.83..69.33 rows=1000 width=20) (actual time=0.183..0.223 rows=1000 loops=1)
               Sort Key: s_4.a, s_4.b, s_4.c, s_4.d
               Sort Method: quicksort  Memory: 103kB
               ->  Seq Scan on s_4  (cost=0.00..17.00 rows=1000 width=20) (actual time=0.008..0.064 rows=1000 loops=1)
 Planning time: 0.224 ms
 Execution time: 0.436 ms
(12 rows)

===== 421 [Wed Mar  7 01:54:40 CET 2018] scale:1000 groups:10000 work_mem:32MB incremental:off max_workers:2 =====
SELECT * FROM (SELECT * FROM s_1 ORDER BY a) foo ORDER BY a, b
                                                      QUERY PLAN                                                       
-----------------------------------------------------------------------------------------------------------------------
 Limit  (cost=141.66..141.66 rows=1 width=20) (actual time=0.452..0.452 rows=0 loops=1)
   ->  Sort  (cost=129.16..131.66 rows=1000 width=20) (actual time=0.398..0.429 rows=1000 loops=1)
         Sort Key: s_1.a, s_1.b
         Sort Method: quicksort  Memory: 103kB
         ->  Sort  (cost=66.83..69.33 rows=1000 width=20) (actual time=0.180..0.216 rows=1000 loops=1)
               Sort Key: s_1.a
               Sort Method: quicksort  Memory: 103kB
               ->  Seq Scan on s_1  (cost=0.00..17.00 rows=1000 width=20) (actual time=0.004..0.065 rows=1000 loops=1)
 Planning time: 0.209 ms
 Execution time: 0.474 ms
(10 rows)

===== 422 [Wed Mar  7 01:54:40 CET 2018] scale:1000 groups:10000 work_mem:32MB incremental:off max_workers:2 =====
SELECT * FROM (SELECT * FROM s_2 ORDER BY a, b) foo ORDER BY a, b, c
                                                      QUERY PLAN                                                       
-----------------------------------------------------------------------------------------------------------------------
 Limit  (cost=141.66..141.66 rows=1 width=20) (actual time=0.392..0.392 rows=0 loops=1)
   ->  Sort  (cost=129.16..131.66 rows=1000 width=20) (actual time=0.338..0.369 rows=1000 loops=1)
         Sort Key: s_2.a, s_2.b, s_2.c
         Sort Method: quicksort  Memory: 103kB
         ->  Sort  (cost=66.83..69.33 rows=1000 width=20) (actual time=0.178..0.213 rows=1000 loops=1)
               Sort Key: s_2.a, s_2.b
               Sort Method: quicksort  Memory: 103kB
               ->  Seq Scan on s_2  (cost=0.00..17.00 rows=1000 width=20) (actual time=0.006..0.059 rows=1000 loops=1)
 Planning time: 0.215 ms
 Execution time: 0.414 ms
(10 rows)

===== 423 [Wed Mar  7 01:54:40 CET 2018] scale:1000 groups:10000 work_mem:32MB incremental:off max_workers:2 =====
SELECT * FROM (SELECT * FROM s_3 ORDER BY a, b, c) foo ORDER BY a, b, c, d
                                                      QUERY PLAN                                                       
-----------------------------------------------------------------------------------------------------------------------
 Limit  (cost=141.66..141.66 rows=1 width=20) (actual time=0.401..0.401 rows=0 loops=1)
   ->  Sort  (cost=129.16..131.66 rows=1000 width=20) (actual time=0.347..0.378 rows=1000 loops=1)
         Sort Key: s_3.a, s_3.b, s_3.c, s_3.d
         Sort Method: quicksort  Memory: 103kB
         ->  Sort  (cost=66.83..69.33 rows=1000 width=20) (actual time=0.187..0.222 rows=1000 loops=1)
               Sort Key: s_3.a, s_3.b, s_3.c
               Sort Method: quicksort  Memory: 103kB
               ->  Seq Scan on s_3  (cost=0.00..17.00 rows=1000 width=20) (actual time=0.009..0.066 rows=1000 loops=1)
 Planning time: 0.214 ms
 Execution time: 0.422 ms
(10 rows)

===== 424 [Wed Mar  7 01:54:40 CET 2018] scale:1000 groups:10000 work_mem:32MB incremental:off max_workers:2 =====
SELECT * FROM (SELECT * FROM s_4 ORDER BY a, b, c, d) foo ORDER BY a, b, c, d, e
                                                      QUERY PLAN                                                       
-----------------------------------------------------------------------------------------------------------------------
 Limit  (cost=141.66..141.66 rows=1 width=20) (actual time=0.406..0.406 rows=0 loops=1)
   ->  Sort  (cost=129.16..131.66 rows=1000 width=20) (actual time=0.353..0.384 rows=1000 loops=1)
         Sort Key: s_4.a, s_4.b, s_4.c, s_4.d, s_4.e
         Sort Method: quicksort  Memory: 103kB
         ->  Sort  (cost=66.83..69.33 rows=1000 width=20) (actual time=0.184..0.220 rows=1000 loops=1)
               Sort Key: s_4.a, s_4.b, s_4.c, s_4.d
               Sort Method: quicksort  Memory: 103kB
               ->  Seq Scan on s_4  (cost=0.00..17.00 rows=1000 width=20) (actual time=0.009..0.065 rows=1000 loops=1)
 Planning time: 0.221 ms
 Execution time: 0.427 ms
(10 rows)

===== 425 [Wed Mar  7 01:54:40 CET 2018] scale:1000 groups:10000 work_mem:64MB incremental:on max_workers:2 =====
SELECT * FROM (SELECT * FROM s_1 ORDER BY a) foo ORDER BY a, b
                                                      QUERY PLAN                                                       
-----------------------------------------------------------------------------------------------------------------------
 Limit  (cost=130.65..130.65 rows=1 width=20) (actual time=0.412..0.412 rows=0 loops=1)
   ->  Incremental Sort  (cost=66.85..120.65 rows=1000 width=20) (actual time=0.216..0.386 rows=1000 loops=1)
         Sort Key: s_1.a, s_1.b
         Presorted Key: s_1.a
         Sort Method: quicksort  Memory: 27kB
         Sort Groups: 32
         ->  Sort  (cost=66.83..69.33 rows=1000 width=20) (actual time=0.177..0.216 rows=1000 loops=1)
               Sort Key: s_1.a
               Sort Method: quicksort  Memory: 103kB
               ->  Seq Scan on s_1  (cost=0.00..17.00 rows=1000 width=20) (actual time=0.004..0.059 rows=1000 loops=1)
 Planning time: 0.214 ms
 Execution time: 0.433 ms
(12 rows)

===== 426 [Wed Mar  7 01:54:40 CET 2018] scale:1000 groups:10000 work_mem:64MB incremental:on max_workers:2 =====
SELECT * FROM (SELECT * FROM s_2 ORDER BY a, b) foo ORDER BY a, b, c
                                                      QUERY PLAN                                                       
-----------------------------------------------------------------------------------------------------------------------
 Limit  (cost=130.73..130.73 rows=1 width=20) (actual time=0.390..0.390 rows=0 loops=1)
   ->  Incremental Sort  (cost=66.85..120.73 rows=1000 width=20) (actual time=0.214..0.364 rows=1000 loops=1)
         Sort Key: s_2.a, s_2.b, s_2.c
         Presorted Key: s_2.a, s_2.b
         Sort Method: quicksort  Memory: 27kB
         Sort Groups: 32
         ->  Sort  (cost=66.83..69.33 rows=1000 width=20) (actual time=0.176..0.215 rows=1000 loops=1)
               Sort Key: s_2.a, s_2.b
               Sort Method: quicksort  Memory: 103kB
               ->  Seq Scan on s_2  (cost=0.00..17.00 rows=1000 width=20) (actual time=0.006..0.059 rows=1000 loops=1)
 Planning time: 0.212 ms
 Execution time: 0.410 ms
(12 rows)

===== 427 [Wed Mar  7 01:54:40 CET 2018] scale:1000 groups:10000 work_mem:64MB incremental:on max_workers:2 =====
SELECT * FROM (SELECT * FROM s_3 ORDER BY a, b, c) foo ORDER BY a, b, c, d
                                                      QUERY PLAN                                                       
-----------------------------------------------------------------------------------------------------------------------
 Limit  (cost=131.03..131.03 rows=1 width=20) (actual time=0.418..0.418 rows=0 loops=1)
   ->  Incremental Sort  (cost=66.85..121.03 rows=1000 width=20) (actual time=0.224..0.392 rows=1000 loops=1)
         Sort Key: s_3.a, s_3.b, s_3.c, s_3.d
         Presorted Key: s_3.a, s_3.b, s_3.c
         Sort Method: quicksort  Memory: 27kB
         Sort Groups: 32
         ->  Sort  (cost=66.83..69.33 rows=1000 width=20) (actual time=0.185..0.225 rows=1000 loops=1)
               Sort Key: s_3.a, s_3.b, s_3.c
               Sort Method: quicksort  Memory: 103kB
               ->  Seq Scan on s_3  (cost=0.00..17.00 rows=1000 width=20) (actual time=0.009..0.065 rows=1000 loops=1)
 Planning time: 0.227 ms
 Execution time: 0.438 ms
(12 rows)

===== 428 [Wed Mar  7 01:54:41 CET 2018] scale:1000 groups:10000 work_mem:64MB incremental:on max_workers:2 =====
SELECT * FROM (SELECT * FROM s_4 ORDER BY a, b, c, d) foo ORDER BY a, b, c, d, e
                                                      QUERY PLAN                                                       
-----------------------------------------------------------------------------------------------------------------------
 Limit  (cost=131.03..131.03 rows=1 width=20) (actual time=0.424..0.424 rows=0 loops=1)
   ->  Incremental Sort  (cost=66.85..121.03 rows=1000 width=20) (actual time=0.224..0.400 rows=1000 loops=1)
         Sort Key: s_4.a, s_4.b, s_4.c, s_4.d, s_4.e
         Presorted Key: s_4.a, s_4.b, s_4.c, s_4.d
         Sort Method: quicksort  Memory: 27kB
         Sort Groups: 32
         ->  Sort  (cost=66.83..69.33 rows=1000 width=20) (actual time=0.185..0.225 rows=1000 loops=1)
               Sort Key: s_4.a, s_4.b, s_4.c, s_4.d
               Sort Method: quicksort  Memory: 103kB
               ->  Seq Scan on s_4  (cost=0.00..17.00 rows=1000 width=20) (actual time=0.009..0.065 rows=1000 loops=1)
 Planning time: 0.227 ms
 Execution time: 0.444 ms
(12 rows)

===== 429 [Wed Mar  7 01:54:41 CET 2018] scale:1000 groups:10000 work_mem:64MB incremental:off max_workers:2 =====
SELECT * FROM (SELECT * FROM s_1 ORDER BY a) foo ORDER BY a, b
                                                      QUERY PLAN                                                       
-----------------------------------------------------------------------------------------------------------------------
 Limit  (cost=141.66..141.66 rows=1 width=20) (actual time=0.449..0.449 rows=0 loops=1)
   ->  Sort  (cost=129.16..131.66 rows=1000 width=20) (actual time=0.395..0.427 rows=1000 loops=1)
         Sort Key: s_1.a, s_1.b
         Sort Method: quicksort  Memory: 103kB
         ->  Sort  (cost=66.83..69.33 rows=1000 width=20) (actual time=0.175..0.211 rows=1000 loops=1)
               Sort Key: s_1.a
               Sort Method: quicksort  Memory: 103kB
               ->  Seq Scan on s_1  (cost=0.00..17.00 rows=1000 width=20) (actual time=0.004..0.060 rows=1000 loops=1)
 Planning time: 0.206 ms
 Execution time: 0.470 ms
(10 rows)

===== 430 [Wed Mar  7 01:54:41 CET 2018] scale:1000 groups:10000 work_mem:64MB incremental:off max_workers:2 =====
SELECT * FROM (SELECT * FROM s_2 ORDER BY a, b) foo ORDER BY a, b, c
                                                      QUERY PLAN                                                       
-----------------------------------------------------------------------------------------------------------------------
 Limit  (cost=141.66..141.66 rows=1 width=20) (actual time=0.395..0.395 rows=0 loops=1)
   ->  Sort  (cost=129.16..131.66 rows=1000 width=20) (actual time=0.341..0.372 rows=1000 loops=1)
         Sort Key: s_2.a, s_2.b, s_2.c
         Sort Method: quicksort  Memory: 103kB
         ->  Sort  (cost=66.83..69.33 rows=1000 width=20) (actual time=0.180..0.215 rows=1000 loops=1)
               Sort Key: s_2.a, s_2.b
               Sort Method: quicksort  Memory: 103kB
               ->  Seq Scan on s_2  (cost=0.00..17.00 rows=1000 width=20) (actual time=0.006..0.059 rows=1000 loops=1)
 Planning time: 0.210 ms
 Execution time: 0.416 ms
(10 rows)

===== 431 [Wed Mar  7 01:54:41 CET 2018] scale:1000 groups:10000 work_mem:64MB incremental:off max_workers:2 =====
SELECT * FROM (SELECT * FROM s_3 ORDER BY a, b, c) foo ORDER BY a, b, c, d
                                                      QUERY PLAN                                                       
-----------------------------------------------------------------------------------------------------------------------
 Limit  (cost=141.66..141.66 rows=1 width=20) (actual time=0.404..0.404 rows=0 loops=1)
   ->  Sort  (cost=129.16..131.66 rows=1000 width=20) (actual time=0.347..0.382 rows=1000 loops=1)
         Sort Key: s_3.a, s_3.b, s_3.c, s_3.d
         Sort Method: quicksort  Memory: 103kB
         ->  Sort  (cost=66.83..69.33 rows=1000 width=20) (actual time=0.186..0.222 rows=1000 loops=1)
               Sort Key: s_3.a, s_3.b, s_3.c
               Sort Method: quicksort  Memory: 103kB
               ->  Seq Scan on s_3  (cost=0.00..17.00 rows=1000 width=20) (actual time=0.009..0.065 rows=1000 loops=1)
 Planning time: 0.215 ms
 Execution time: 0.425 ms
(10 rows)

===== 432 [Wed Mar  7 01:54:41 CET 2018] scale:1000 groups:10000 work_mem:64MB incremental:off max_workers:2 =====
SELECT * FROM (SELECT * FROM s_4 ORDER BY a, b, c, d) foo ORDER BY a, b, c, d, e
                                                      QUERY PLAN                                                       
-----------------------------------------------------------------------------------------------------------------------
 Limit  (cost=141.66..141.66 rows=1 width=20) (actual time=0.403..0.403 rows=0 loops=1)
   ->  Sort  (cost=129.16..131.66 rows=1000 width=20) (actual time=0.350..0.381 rows=1000 loops=1)
         Sort Key: s_4.a, s_4.b, s_4.c, s_4.d, s_4.e
         Sort Method: quicksort  Memory: 103kB
         ->  Sort  (cost=66.83..69.33 rows=1000 width=20) (actual time=0.183..0.219 rows=1000 loops=1)
               Sort Key: s_4.a, s_4.b, s_4.c, s_4.d
               Sort Method: quicksort  Memory: 103kB
               ->  Seq Scan on s_4  (cost=0.00..17.00 rows=1000 width=20) (actual time=0.009..0.065 rows=1000 loops=1)
 Planning time: 0.221 ms
 Execution time: 0.424 ms
(10 rows)

===== 433 [Wed Mar  7 01:54:41 CET 2018] scale:1000 groups:10000 work_mem:128MB incremental:on max_workers:2 =====
SELECT * FROM (SELECT * FROM s_1 ORDER BY a) foo ORDER BY a, b
                                                      QUERY PLAN                                                       
-----------------------------------------------------------------------------------------------------------------------
 Limit  (cost=130.65..130.65 rows=1 width=20) (actual time=0.414..0.414 rows=0 loops=1)
   ->  Incremental Sort  (cost=66.85..120.65 rows=1000 width=20) (actual time=0.216..0.388 rows=1000 loops=1)
         Sort Key: s_1.a, s_1.b
         Presorted Key: s_1.a
         Sort Method: quicksort  Memory: 27kB
         Sort Groups: 32
         ->  Sort  (cost=66.83..69.33 rows=1000 width=20) (actual time=0.177..0.217 rows=1000 loops=1)
               Sort Key: s_1.a
               Sort Method: quicksort  Memory: 103kB
               ->  Seq Scan on s_1  (cost=0.00..17.00 rows=1000 width=20) (actual time=0.004..0.059 rows=1000 loops=1)
 Planning time: 0.221 ms
 Execution time: 0.435 ms
(12 rows)

===== 434 [Wed Mar  7 01:54:41 CET 2018] scale:1000 groups:10000 work_mem:128MB incremental:on max_workers:2 =====
SELECT * FROM (SELECT * FROM s_2 ORDER BY a, b) foo ORDER BY a, b, c
                                                      QUERY PLAN                                                       
-----------------------------------------------------------------------------------------------------------------------
 Limit  (cost=130.73..130.73 rows=1 width=20) (actual time=0.397..0.397 rows=0 loops=1)
   ->  Incremental Sort  (cost=66.85..120.73 rows=1000 width=20) (actual time=0.214..0.365 rows=1000 loops=1)
         Sort Key: s_2.a, s_2.b, s_2.c
         Presorted Key: s_2.a, s_2.b
         Sort Method: quicksort  Memory: 27kB
         Sort Groups: 32
         ->  Sort  (cost=66.83..69.33 rows=1000 width=20) (actual time=0.177..0.217 rows=1000 loops=1)
               Sort Key: s_2.a, s_2.b
               Sort Method: quicksort  Memory: 103kB
               ->  Seq Scan on s_2  (cost=0.00..17.00 rows=1000 width=20) (actual time=0.006..0.059 rows=1000 loops=1)
 Planning time: 0.218 ms
 Execution time: 0.417 ms
(12 rows)

===== 435 [Wed Mar  7 01:54:41 CET 2018] scale:1000 groups:10000 work_mem:128MB incremental:on max_workers:2 =====
SELECT * FROM (SELECT * FROM s_3 ORDER BY a, b, c) foo ORDER BY a, b, c, d
                                                      QUERY PLAN                                                       
-----------------------------------------------------------------------------------------------------------------------
 Limit  (cost=131.03..131.03 rows=1 width=20) (actual time=0.420..0.420 rows=0 loops=1)
   ->  Incremental Sort  (cost=66.85..121.03 rows=1000 width=20) (actual time=0.227..0.394 rows=1000 loops=1)
         Sort Key: s_3.a, s_3.b, s_3.c, s_3.d
         Presorted Key: s_3.a, s_3.b, s_3.c
         Sort Method: quicksort  Memory: 27kB
         Sort Groups: 32
         ->  Sort  (cost=66.83..69.33 rows=1000 width=20) (actual time=0.188..0.227 rows=1000 loops=1)
               Sort Key: s_3.a, s_3.b, s_3.c
               Sort Method: quicksort  Memory: 103kB
               ->  Seq Scan on s_3  (cost=0.00..17.00 rows=1000 width=20) (actual time=0.009..0.066 rows=1000 loops=1)
 Planning time: 0.222 ms
 Execution time: 0.441 ms
(12 rows)

===== 436 [Wed Mar  7 01:54:41 CET 2018] scale:1000 groups:10000 work_mem:128MB incremental:on max_workers:2 =====
SELECT * FROM (SELECT * FROM s_4 ORDER BY a, b, c, d) foo ORDER BY a, b, c, d, e
                                                      QUERY PLAN                                                       
-----------------------------------------------------------------------------------------------------------------------
 Limit  (cost=131.03..131.03 rows=1 width=20) (actual time=0.423..0.423 rows=0 loops=1)
   ->  Incremental Sort  (cost=66.85..121.03 rows=1000 width=20) (actual time=0.228..0.400 rows=1000 loops=1)
         Sort Key: s_4.a, s_4.b, s_4.c, s_4.d, s_4.e
         Presorted Key: s_4.a, s_4.b, s_4.c, s_4.d
         Sort Method: quicksort  Memory: 27kB
         Sort Groups: 32
         ->  Sort  (cost=66.83..69.33 rows=1000 width=20) (actual time=0.189..0.230 rows=1000 loops=1)
               Sort Key: s_4.a, s_4.b, s_4.c, s_4.d
               Sort Method: quicksort  Memory: 103kB
               ->  Seq Scan on s_4  (cost=0.00..17.00 rows=1000 width=20) (actual time=0.009..0.064 rows=1000 loops=1)
 Planning time: 0.230 ms
 Execution time: 0.443 ms
(12 rows)

===== 437 [Wed Mar  7 01:54:41 CET 2018] scale:1000 groups:10000 work_mem:128MB incremental:off max_workers:2 =====
SELECT * FROM (SELECT * FROM s_1 ORDER BY a) foo ORDER BY a, b
                                                      QUERY PLAN                                                       
-----------------------------------------------------------------------------------------------------------------------
 Limit  (cost=141.66..141.66 rows=1 width=20) (actual time=0.449..0.449 rows=0 loops=1)
   ->  Sort  (cost=129.16..131.66 rows=1000 width=20) (actual time=0.391..0.423 rows=1000 loops=1)
         Sort Key: s_1.a, s_1.b
         Sort Method: quicksort  Memory: 103kB
         ->  Sort  (cost=66.83..69.33 rows=1000 width=20) (actual time=0.176..0.212 rows=1000 loops=1)
               Sort Key: s_1.a
               Sort Method: quicksort  Memory: 103kB
               ->  Seq Scan on s_1  (cost=0.00..17.00 rows=1000 width=20) (actual time=0.004..0.060 rows=1000 loops=1)
 Planning time: 0.210 ms
 Execution time: 0.470 ms
(10 rows)

===== 438 [Wed Mar  7 01:54:41 CET 2018] scale:1000 groups:10000 work_mem:128MB incremental:off max_workers:2 =====
SELECT * FROM (SELECT * FROM s_2 ORDER BY a, b) foo ORDER BY a, b, c
                                                      QUERY PLAN                                                       
-----------------------------------------------------------------------------------------------------------------------
 Limit  (cost=141.66..141.66 rows=1 width=20) (actual time=0.397..0.397 rows=0 loops=1)
   ->  Sort  (cost=129.16..131.66 rows=1000 width=20) (actual time=0.343..0.375 rows=1000 loops=1)
         Sort Key: s_2.a, s_2.b, s_2.c
         Sort Method: quicksort  Memory: 103kB
         ->  Sort  (cost=66.83..69.33 rows=1000 width=20) (actual time=0.177..0.213 rows=1000 loops=1)
               Sort Key: s_2.a, s_2.b
               Sort Method: quicksort  Memory: 103kB
               ->  Seq Scan on s_2  (cost=0.00..17.00 rows=1000 width=20) (actual time=0.007..0.059 rows=1000 loops=1)
 Planning time: 0.205 ms
 Execution time: 0.418 ms
(10 rows)

===== 439 [Wed Mar  7 01:54:41 CET 2018] scale:1000 groups:10000 work_mem:128MB incremental:off max_workers:2 =====
SELECT * FROM (SELECT * FROM s_3 ORDER BY a, b, c) foo ORDER BY a, b, c, d
                                                      QUERY PLAN                                                       
-----------------------------------------------------------------------------------------------------------------------
 Limit  (cost=141.66..141.66 rows=1 width=20) (actual time=0.402..0.402 rows=0 loops=1)
   ->  Sort  (cost=129.16..131.66 rows=1000 width=20) (actual time=0.348..0.379 rows=1000 loops=1)
         Sort Key: s_3.a, s_3.b, s_3.c, s_3.d
         Sort Method: quicksort  Memory: 103kB
         ->  Sort  (cost=66.83..69.33 rows=1000 width=20) (actual time=0.187..0.222 rows=1000 loops=1)
               Sort Key: s_3.a, s_3.b, s_3.c
               Sort Method: quicksort  Memory: 103kB
               ->  Seq Scan on s_3  (cost=0.00..17.00 rows=1000 width=20) (actual time=0.009..0.066 rows=1000 loops=1)
 Planning time: 0.220 ms
 Execution time: 0.423 ms
(10 rows)

===== 440 [Wed Mar  7 01:54:41 CET 2018] scale:1000 groups:10000 work_mem:128MB incremental:off max_workers:2 =====
SELECT * FROM (SELECT * FROM s_4 ORDER BY a, b, c, d) foo ORDER BY a, b, c, d, e
                                                      QUERY PLAN                                                       
-----------------------------------------------------------------------------------------------------------------------
 Limit  (cost=141.66..141.66 rows=1 width=20) (actual time=0.407..0.407 rows=0 loops=1)
   ->  Sort  (cost=129.16..131.66 rows=1000 width=20) (actual time=0.353..0.384 rows=1000 loops=1)
         Sort Key: s_4.a, s_4.b, s_4.c, s_4.d, s_4.e
         Sort Method: quicksort  Memory: 103kB
         ->  Sort  (cost=66.83..69.33 rows=1000 width=20) (actual time=0.192..0.228 rows=1000 loops=1)
               Sort Key: s_4.a, s_4.b, s_4.c, s_4.d
               Sort Method: quicksort  Memory: 103kB
               ->  Seq Scan on s_4  (cost=0.00..17.00 rows=1000 width=20) (actual time=0.009..0.065 rows=1000 loops=1)
 Planning time: 0.220 ms
 Execution time: 0.428 ms
(10 rows)

===== 441 [Wed Mar  7 01:54:41 CET 2018] scale:1000 groups:10000 work_mem:256MB incremental:on max_workers:2 =====
SELECT * FROM (SELECT * FROM s_1 ORDER BY a) foo ORDER BY a, b
                                                      QUERY PLAN                                                       
-----------------------------------------------------------------------------------------------------------------------
 Limit  (cost=130.65..130.65 rows=1 width=20) (actual time=0.425..0.425 rows=0 loops=1)
   ->  Incremental Sort  (cost=66.85..120.65 rows=1000 width=20) (actual time=0.228..0.399 rows=1000 loops=1)
         Sort Key: s_1.a, s_1.b
         Presorted Key: s_1.a
         Sort Method: quicksort  Memory: 27kB
         Sort Groups: 32
         ->  Sort  (cost=66.83..69.33 rows=1000 width=20) (actual time=0.186..0.225 rows=1000 loops=1)
               Sort Key: s_1.a
               Sort Method: quicksort  Memory: 103kB
               ->  Seq Scan on s_1  (cost=0.00..17.00 rows=1000 width=20) (actual time=0.004..0.060 rows=1000 loops=1)
 Planning time: 0.215 ms
 Execution time: 0.446 ms
(12 rows)

===== 442 [Wed Mar  7 01:54:42 CET 2018] scale:1000 groups:10000 work_mem:256MB incremental:on max_workers:2 =====
SELECT * FROM (SELECT * FROM s_2 ORDER BY a, b) foo ORDER BY a, b, c
                                                      QUERY PLAN                                                       
-----------------------------------------------------------------------------------------------------------------------
 Limit  (cost=130.73..130.73 rows=1 width=20) (actual time=0.396..0.396 rows=0 loops=1)
   ->  Incremental Sort  (cost=66.85..120.73 rows=1000 width=20) (actual time=0.220..0.370 rows=1000 loops=1)
         Sort Key: s_2.a, s_2.b, s_2.c
         Presorted Key: s_2.a, s_2.b
         Sort Method: quicksort  Memory: 27kB
         Sort Groups: 32
         ->  Sort  (cost=66.83..69.33 rows=1000 width=20) (actual time=0.183..0.223 rows=1000 loops=1)
               Sort Key: s_2.a, s_2.b
               Sort Method: quicksort  Memory: 103kB
               ->  Seq Scan on s_2  (cost=0.00..17.00 rows=1000 width=20) (actual time=0.007..0.060 rows=1000 loops=1)
 Planning time: 0.220 ms
 Execution time: 0.417 ms
(12 rows)

===== 443 [Wed Mar  7 01:54:42 CET 2018] scale:1000 groups:10000 work_mem:256MB incremental:on max_workers:2 =====
SELECT * FROM (SELECT * FROM s_3 ORDER BY a, b, c) foo ORDER BY a, b, c, d
                                                      QUERY PLAN                                                       
-----------------------------------------------------------------------------------------------------------------------
 Limit  (cost=131.03..131.03 rows=1 width=20) (actual time=0.422..0.422 rows=0 loops=1)
   ->  Incremental Sort  (cost=66.85..121.03 rows=1000 width=20) (actual time=0.225..0.396 rows=1000 loops=1)
         Sort Key: s_3.a, s_3.b, s_3.c, s_3.d
         Presorted Key: s_3.a, s_3.b, s_3.c
         Sort Method: quicksort  Memory: 27kB
         Sort Groups: 32
         ->  Sort  (cost=66.83..69.33 rows=1000 width=20) (actual time=0.186..0.226 rows=1000 loops=1)
               Sort Key: s_3.a, s_3.b, s_3.c
               Sort Method: quicksort  Memory: 103kB
               ->  Seq Scan on s_3  (cost=0.00..17.00 rows=1000 width=20) (actual time=0.009..0.064 rows=1000 loops=1)
 Planning time: 0.216 ms
 Execution time: 0.443 ms
(12 rows)

===== 444 [Wed Mar  7 01:54:42 CET 2018] scale:1000 groups:10000 work_mem:256MB incremental:on max_workers:2 =====
SELECT * FROM (SELECT * FROM s_4 ORDER BY a, b, c, d) foo ORDER BY a, b, c, d, e
                                                      QUERY PLAN                                                       
-----------------------------------------------------------------------------------------------------------------------
 Limit  (cost=131.03..131.03 rows=1 width=20) (actual time=0.419..0.419 rows=0 loops=1)
   ->  Incremental Sort  (cost=66.85..121.03 rows=1000 width=20) (actual time=0.225..0.396 rows=1000 loops=1)
         Sort Key: s_4.a, s_4.b, s_4.c, s_4.d, s_4.e
         Presorted Key: s_4.a, s_4.b, s_4.c, s_4.d
         Sort Method: quicksort  Memory: 27kB
         Sort Groups: 32
         ->  Sort  (cost=66.83..69.33 rows=1000 width=20) (actual time=0.185..0.225 rows=1000 loops=1)
               Sort Key: s_4.a, s_4.b, s_4.c, s_4.d
               Sort Method: quicksort  Memory: 103kB
               ->  Seq Scan on s_4  (cost=0.00..17.00 rows=1000 width=20) (actual time=0.009..0.064 rows=1000 loops=1)
 Planning time: 0.229 ms
 Execution time: 0.439 ms
(12 rows)

===== 445 [Wed Mar  7 01:54:42 CET 2018] scale:1000 groups:10000 work_mem:256MB incremental:off max_workers:2 =====
SELECT * FROM (SELECT * FROM s_1 ORDER BY a) foo ORDER BY a, b
                                                      QUERY PLAN                                                       
-----------------------------------------------------------------------------------------------------------------------
 Limit  (cost=141.66..141.66 rows=1 width=20) (actual time=0.450..0.450 rows=0 loops=1)
   ->  Sort  (cost=129.16..131.66 rows=1000 width=20) (actual time=0.395..0.427 rows=1000 loops=1)
         Sort Key: s_1.a, s_1.b
         Sort Method: quicksort  Memory: 103kB
         ->  Sort  (cost=66.83..69.33 rows=1000 width=20) (actual time=0.177..0.212 rows=1000 loops=1)
               Sort Key: s_1.a
               Sort Method: quicksort  Memory: 103kB
               ->  Seq Scan on s_1  (cost=0.00..17.00 rows=1000 width=20) (actual time=0.004..0.060 rows=1000 loops=1)
 Planning time: 0.211 ms
 Execution time: 0.471 ms
(10 rows)

===== 446 [Wed Mar  7 01:54:42 CET 2018] scale:1000 groups:10000 work_mem:256MB incremental:off max_workers:2 =====
SELECT * FROM (SELECT * FROM s_2 ORDER BY a, b) foo ORDER BY a, b, c
                                                      QUERY PLAN                                                       
-----------------------------------------------------------------------------------------------------------------------
 Limit  (cost=141.66..141.66 rows=1 width=20) (actual time=0.394..0.394 rows=0 loops=1)
   ->  Sort  (cost=129.16..131.66 rows=1000 width=20) (actual time=0.340..0.372 rows=1000 loops=1)
         Sort Key: s_2.a, s_2.b, s_2.c
         Sort Method: quicksort  Memory: 103kB
         ->  Sort  (cost=66.83..69.33 rows=1000 width=20) (actual time=0.179..0.215 rows=1000 loops=1)
               Sort Key: s_2.a, s_2.b
               Sort Method: quicksort  Memory: 103kB
               ->  Seq Scan on s_2  (cost=0.00..17.00 rows=1000 width=20) (actual time=0.007..0.059 rows=1000 loops=1)
 Planning time: 0.221 ms
 Execution time: 0.417 ms
(10 rows)

===== 447 [Wed Mar  7 01:54:42 CET 2018] scale:1000 groups:10000 work_mem:256MB incremental:off max_workers:2 =====
SELECT * FROM (SELECT * FROM s_3 ORDER BY a, b, c) foo ORDER BY a, b, c, d
                                                      QUERY PLAN                                                       
-----------------------------------------------------------------------------------------------------------------------
 Limit  (cost=141.66..141.66 rows=1 width=20) (actual time=0.403..0.403 rows=0 loops=1)
   ->  Sort  (cost=129.16..131.66 rows=1000 width=20) (actual time=0.349..0.380 rows=1000 loops=1)
         Sort Key: s_3.a, s_3.b, s_3.c, s_3.d
         Sort Method: quicksort  Memory: 103kB
         ->  Sort  (cost=66.83..69.33 rows=1000 width=20) (actual time=0.188..0.223 rows=1000 loops=1)
               Sort Key: s_3.a, s_3.b, s_3.c
               Sort Method: quicksort  Memory: 103kB
               ->  Seq Scan on s_3  (cost=0.00..17.00 rows=1000 width=20) (actual time=0.009..0.065 rows=1000 loops=1)
 Planning time: 0.213 ms
 Execution time: 0.424 ms
(10 rows)

===== 448 [Wed Mar  7 01:54:42 CET 2018] scale:1000 groups:10000 work_mem:256MB incremental:off max_workers:2 =====
SELECT * FROM (SELECT * FROM s_4 ORDER BY a, b, c, d) foo ORDER BY a, b, c, d, e
                                                      QUERY PLAN                                                       
-----------------------------------------------------------------------------------------------------------------------
 Limit  (cost=141.66..141.66 rows=1 width=20) (actual time=0.407..0.407 rows=0 loops=1)
   ->  Sort  (cost=129.16..131.66 rows=1000 width=20) (actual time=0.353..0.384 rows=1000 loops=1)
         Sort Key: s_4.a, s_4.b, s_4.c, s_4.d, s_4.e
         Sort Method: quicksort  Memory: 103kB
         ->  Sort  (cost=66.83..69.33 rows=1000 width=20) (actual time=0.191..0.226 rows=1000 loops=1)
               Sort Key: s_4.a, s_4.b, s_4.c, s_4.d
               Sort Method: quicksort  Memory: 103kB
               ->  Seq Scan on s_4  (cost=0.00..17.00 rows=1000 width=20) (actual time=0.014..0.069 rows=1000 loops=1)
 Planning time: 0.224 ms
 Execution time: 0.427 ms
(10 rows)

