===== 1 [Wed Mar  7 13:40:08 CET 2018] scale:10000000 groups:10 work_mem:4MB incremental:on max_workers:0 =====
SELECT * FROM s_1 ORDER BY a, b
                                                QUERY PLAN                                                 
-----------------------------------------------------------------------------------------------------------
 Limit  (cost=1818113.56..1818113.56 rows=1 width=20)
   ->  Incremental Sort  (cost=140283.41..1718113.02 rows=10000054 width=20)
         Sort Key: s_1.a, s_1.b
         Presorted Key: s_1.a
         ->  Index Only Scan using s_1_a_e_d_c_b_idx on s_1  (cost=0.56..348313.37 rows=10000054 width=20)
(5 rows)

===== 2 [Wed Mar  7 13:40:35 CET 2018] scale:10000000 groups:10 work_mem:4MB incremental:on max_workers:0 =====
SELECT * FROM s_2 ORDER BY a, b, c
                                                QUERY PLAN                                                 
-----------------------------------------------------------------------------------------------------------
 Limit  (cost=1440053.75..1440053.75 rows=1 width=20)
   ->  Incremental Sort  (cost=9629.07..1340053.21 rows=10000054 width=20)
         Sort Key: s_2.a, s_2.b, s_2.c
         Presorted Key: s_2.a, s_2.b
         ->  Index Only Scan using s_2_a_b_e_d_c_idx on s_2  (cost=0.56..348313.37 rows=10000054 width=20)
(5 rows)

===== 3 [Wed Mar  7 13:41:03 CET 2018] scale:10000000 groups:10 work_mem:4MB incremental:on max_workers:0 =====
SELECT * FROM s_3 ORDER BY a, b, c, d
                                                QUERY PLAN                                                 
-----------------------------------------------------------------------------------------------------------
 Limit  (cost=1267105.43..1267105.43 rows=1 width=20)
   ->  Incremental Sort  (cost=745.92..1167104.89 rows=10000054 width=20)
         Sort Key: s_3.a, s_3.b, s_3.c, s_3.d
         Presorted Key: s_3.a, s_3.b, s_3.c
         ->  Index Only Scan using s_3_a_b_c_e_d_idx on s_3  (cost=0.56..348313.37 rows=10000054 width=20)
(5 rows)

===== 4 [Wed Mar  7 13:41:25 CET 2018] scale:10000000 groups:10 work_mem:4MB incremental:off max_workers:0 =====
SELECT * FROM s_1 ORDER BY a, b
                                 QUERY PLAN                                 
----------------------------------------------------------------------------
 Limit  (cost=1861542.72..1861542.72 rows=1 width=20)
   ->  Sort  (cost=1736542.04..1761542.18 rows=10000054 width=20)
         Sort Key: s_1.a, s_1.b
         ->  Seq Scan on s_1  (cost=0.00..163695.54 rows=10000054 width=20)
(4 rows)

===== 5 [Wed Mar  7 13:41:54 CET 2018] scale:10000000 groups:10 work_mem:4MB incremental:off max_workers:0 =====
SELECT * FROM s_2 ORDER BY a, b, c
                                 QUERY PLAN                                 
----------------------------------------------------------------------------
 Limit  (cost=1861542.72..1861542.72 rows=1 width=20)
   ->  Sort  (cost=1736542.04..1761542.18 rows=10000054 width=20)
         Sort Key: s_2.a, s_2.b, s_2.c
         ->  Seq Scan on s_2  (cost=0.00..163695.54 rows=10000054 width=20)
(4 rows)

===== 6 [Wed Mar  7 13:42:24 CET 2018] scale:10000000 groups:10 work_mem:4MB incremental:off max_workers:0 =====
SELECT * FROM s_3 ORDER BY a, b, c, d
                                 QUERY PLAN                                 
----------------------------------------------------------------------------
 Limit  (cost=1861542.72..1861542.72 rows=1 width=20)
   ->  Sort  (cost=1736542.04..1761542.18 rows=10000054 width=20)
         Sort Key: s_3.a, s_3.b, s_3.c, s_3.d
         ->  Seq Scan on s_3  (cost=0.00..163695.54 rows=10000054 width=20)
(4 rows)

===== 7 [Wed Mar  7 13:42:59 CET 2018] scale:10000000 groups:10 work_mem:8MB incremental:on max_workers:0 =====
SELECT * FROM s_1 ORDER BY a, b
                                                QUERY PLAN                                                 
-----------------------------------------------------------------------------------------------------------
 Limit  (cost=1818113.56..1818113.56 rows=1 width=20)
   ->  Incremental Sort  (cost=140283.41..1718113.02 rows=10000054 width=20)
         Sort Key: s_1.a, s_1.b
         Presorted Key: s_1.a
         ->  Index Only Scan using s_1_a_e_d_c_b_idx on s_1  (cost=0.56..348313.37 rows=10000054 width=20)
(5 rows)

===== 8 [Wed Mar  7 13:43:23 CET 2018] scale:10000000 groups:10 work_mem:8MB incremental:on max_workers:0 =====
SELECT * FROM s_2 ORDER BY a, b, c
                                                QUERY PLAN                                                 
-----------------------------------------------------------------------------------------------------------
 Limit  (cost=1440053.75..1440053.75 rows=1 width=20)
   ->  Incremental Sort  (cost=9629.07..1340053.21 rows=10000054 width=20)
         Sort Key: s_2.a, s_2.b, s_2.c
         Presorted Key: s_2.a, s_2.b
         ->  Index Only Scan using s_2_a_b_e_d_c_idx on s_2  (cost=0.56..348313.37 rows=10000054 width=20)
(5 rows)

===== 9 [Wed Mar  7 13:43:50 CET 2018] scale:10000000 groups:10 work_mem:8MB incremental:on max_workers:0 =====
SELECT * FROM s_3 ORDER BY a, b, c, d
                                                QUERY PLAN                                                 
-----------------------------------------------------------------------------------------------------------
 Limit  (cost=1267105.43..1267105.43 rows=1 width=20)
   ->  Incremental Sort  (cost=745.92..1167104.89 rows=10000054 width=20)
         Sort Key: s_3.a, s_3.b, s_3.c, s_3.d
         Presorted Key: s_3.a, s_3.b, s_3.c
         ->  Index Only Scan using s_3_a_b_c_e_d_idx on s_3  (cost=0.56..348313.37 rows=10000054 width=20)
(5 rows)

===== 10 [Wed Mar  7 13:44:12 CET 2018] scale:10000000 groups:10 work_mem:8MB incremental:off max_workers:0 =====
SELECT * FROM s_1 ORDER BY a, b
                                 QUERY PLAN                                 
----------------------------------------------------------------------------
 Limit  (cost=1861542.72..1861542.72 rows=1 width=20)
   ->  Sort  (cost=1736542.04..1761542.18 rows=10000054 width=20)
         Sort Key: s_1.a, s_1.b
         ->  Seq Scan on s_1  (cost=0.00..163695.54 rows=10000054 width=20)
(4 rows)

===== 11 [Wed Mar  7 13:44:38 CET 2018] scale:10000000 groups:10 work_mem:8MB incremental:off max_workers:0 =====
SELECT * FROM s_2 ORDER BY a, b, c
                                 QUERY PLAN                                 
----------------------------------------------------------------------------
 Limit  (cost=1861542.72..1861542.72 rows=1 width=20)
   ->  Sort  (cost=1736542.04..1761542.18 rows=10000054 width=20)
         Sort Key: s_2.a, s_2.b, s_2.c
         ->  Seq Scan on s_2  (cost=0.00..163695.54 rows=10000054 width=20)
(4 rows)

===== 12 [Wed Mar  7 13:45:06 CET 2018] scale:10000000 groups:10 work_mem:8MB incremental:off max_workers:0 =====
SELECT * FROM s_3 ORDER BY a, b, c, d
                                 QUERY PLAN                                 
----------------------------------------------------------------------------
 Limit  (cost=1861542.72..1861542.72 rows=1 width=20)
   ->  Sort  (cost=1736542.04..1761542.18 rows=10000054 width=20)
         Sort Key: s_3.a, s_3.b, s_3.c, s_3.d
         ->  Seq Scan on s_3  (cost=0.00..163695.54 rows=10000054 width=20)
(4 rows)

===== 13 [Wed Mar  7 13:45:37 CET 2018] scale:10000000 groups:10 work_mem:16MB incremental:on max_workers:0 =====
SELECT * FROM s_1 ORDER BY a, b
                                 QUERY PLAN                                 
----------------------------------------------------------------------------
 Limit  (cost=1656460.22..1656460.22 rows=1 width=20)
   ->  Sort  (cost=1531459.54..1556459.68 rows=10000054 width=20)
         Sort Key: s_1.a, s_1.b
         ->  Seq Scan on s_1  (cost=0.00..163695.54 rows=10000054 width=20)
(4 rows)

===== 14 [Wed Mar  7 13:46:01 CET 2018] scale:10000000 groups:10 work_mem:16MB incremental:on max_workers:0 =====
SELECT * FROM s_2 ORDER BY a, b, c
                                                QUERY PLAN                                                 
-----------------------------------------------------------------------------------------------------------
 Limit  (cost=1440053.75..1440053.75 rows=1 width=20)
   ->  Incremental Sort  (cost=9629.07..1340053.21 rows=10000054 width=20)
         Sort Key: s_2.a, s_2.b, s_2.c
         Presorted Key: s_2.a, s_2.b
         ->  Index Only Scan using s_2_a_b_e_d_c_idx on s_2  (cost=0.56..348313.37 rows=10000054 width=20)
(5 rows)

===== 15 [Wed Mar  7 13:46:21 CET 2018] scale:10000000 groups:10 work_mem:16MB incremental:on max_workers:0 =====
SELECT * FROM s_3 ORDER BY a, b, c, d
                                                QUERY PLAN                                                 
-----------------------------------------------------------------------------------------------------------
 Limit  (cost=1267105.43..1267105.43 rows=1 width=20)
   ->  Incremental Sort  (cost=745.92..1167104.89 rows=10000054 width=20)
         Sort Key: s_3.a, s_3.b, s_3.c, s_3.d
         Presorted Key: s_3.a, s_3.b, s_3.c
         ->  Index Only Scan using s_3_a_b_c_e_d_idx on s_3  (cost=0.56..348313.37 rows=10000054 width=20)
(5 rows)

===== 16 [Wed Mar  7 13:46:43 CET 2018] scale:10000000 groups:10 work_mem:16MB incremental:off max_workers:0 =====
SELECT * FROM s_1 ORDER BY a, b
                                 QUERY PLAN                                 
----------------------------------------------------------------------------
 Limit  (cost=1656460.22..1656460.22 rows=1 width=20)
   ->  Sort  (cost=1531459.54..1556459.68 rows=10000054 width=20)
         Sort Key: s_1.a, s_1.b
         ->  Seq Scan on s_1  (cost=0.00..163695.54 rows=10000054 width=20)
(4 rows)

===== 17 [Wed Mar  7 13:47:06 CET 2018] scale:10000000 groups:10 work_mem:16MB incremental:off max_workers:0 =====
SELECT * FROM s_2 ORDER BY a, b, c
                                 QUERY PLAN                                 
----------------------------------------------------------------------------
 Limit  (cost=1656460.22..1656460.22 rows=1 width=20)
   ->  Sort  (cost=1531459.54..1556459.68 rows=10000054 width=20)
         Sort Key: s_2.a, s_2.b, s_2.c
         ->  Seq Scan on s_2  (cost=0.00..163695.54 rows=10000054 width=20)
(4 rows)

===== 18 [Wed Mar  7 13:47:30 CET 2018] scale:10000000 groups:10 work_mem:16MB incremental:off max_workers:0 =====
SELECT * FROM s_3 ORDER BY a, b, c, d
                                 QUERY PLAN                                 
----------------------------------------------------------------------------
 Limit  (cost=1656460.22..1656460.22 rows=1 width=20)
   ->  Sort  (cost=1531459.54..1556459.68 rows=10000054 width=20)
         Sort Key: s_3.a, s_3.b, s_3.c, s_3.d
         ->  Seq Scan on s_3  (cost=0.00..163695.54 rows=10000054 width=20)
(4 rows)

===== 19 [Wed Mar  7 13:47:58 CET 2018] scale:10000000 groups:10 work_mem:32MB incremental:on max_workers:0 =====
SELECT * FROM s_1 ORDER BY a, b
                                 QUERY PLAN                                 
----------------------------------------------------------------------------
 Limit  (cost=1656460.22..1656460.22 rows=1 width=20)
   ->  Sort  (cost=1531459.54..1556459.68 rows=10000054 width=20)
         Sort Key: s_1.a, s_1.b
         ->  Seq Scan on s_1  (cost=0.00..163695.54 rows=10000054 width=20)
(4 rows)

===== 20 [Wed Mar  7 13:48:22 CET 2018] scale:10000000 groups:10 work_mem:32MB incremental:on max_workers:0 =====
SELECT * FROM s_2 ORDER BY a, b, c
                                                QUERY PLAN                                                 
-----------------------------------------------------------------------------------------------------------
 Limit  (cost=1440053.75..1440053.75 rows=1 width=20)
   ->  Incremental Sort  (cost=9629.07..1340053.21 rows=10000054 width=20)
         Sort Key: s_2.a, s_2.b, s_2.c
         Presorted Key: s_2.a, s_2.b
         ->  Index Only Scan using s_2_a_b_e_d_c_idx on s_2  (cost=0.56..348313.37 rows=10000054 width=20)
(5 rows)

===== 21 [Wed Mar  7 13:48:43 CET 2018] scale:10000000 groups:10 work_mem:32MB incremental:on max_workers:0 =====
SELECT * FROM s_3 ORDER BY a, b, c, d
                                                QUERY PLAN                                                 
-----------------------------------------------------------------------------------------------------------
 Limit  (cost=1267105.43..1267105.43 rows=1 width=20)
   ->  Incremental Sort  (cost=745.92..1167104.89 rows=10000054 width=20)
         Sort Key: s_3.a, s_3.b, s_3.c, s_3.d
         Presorted Key: s_3.a, s_3.b, s_3.c
         ->  Index Only Scan using s_3_a_b_c_e_d_idx on s_3  (cost=0.56..348313.37 rows=10000054 width=20)
(5 rows)

===== 22 [Wed Mar  7 13:49:05 CET 2018] scale:10000000 groups:10 work_mem:32MB incremental:off max_workers:0 =====
SELECT * FROM s_1 ORDER BY a, b
                                 QUERY PLAN                                 
----------------------------------------------------------------------------
 Limit  (cost=1656460.22..1656460.22 rows=1 width=20)
   ->  Sort  (cost=1531459.54..1556459.68 rows=10000054 width=20)
         Sort Key: s_1.a, s_1.b
         ->  Seq Scan on s_1  (cost=0.00..163695.54 rows=10000054 width=20)
(4 rows)

===== 23 [Wed Mar  7 13:49:29 CET 2018] scale:10000000 groups:10 work_mem:32MB incremental:off max_workers:0 =====
SELECT * FROM s_2 ORDER BY a, b, c
                                 QUERY PLAN                                 
----------------------------------------------------------------------------
 Limit  (cost=1656460.22..1656460.22 rows=1 width=20)
   ->  Sort  (cost=1531459.54..1556459.68 rows=10000054 width=20)
         Sort Key: s_2.a, s_2.b, s_2.c
         ->  Seq Scan on s_2  (cost=0.00..163695.54 rows=10000054 width=20)
(4 rows)

===== 24 [Wed Mar  7 13:49:54 CET 2018] scale:10000000 groups:10 work_mem:32MB incremental:off max_workers:0 =====
SELECT * FROM s_3 ORDER BY a, b, c, d
                                 QUERY PLAN                                 
----------------------------------------------------------------------------
 Limit  (cost=1656460.22..1656460.22 rows=1 width=20)
   ->  Sort  (cost=1531459.54..1556459.68 rows=10000054 width=20)
         Sort Key: s_3.a, s_3.b, s_3.c, s_3.d
         ->  Seq Scan on s_3  (cost=0.00..163695.54 rows=10000054 width=20)
(4 rows)

===== 25 [Wed Mar  7 13:50:22 CET 2018] scale:10000000 groups:10 work_mem:64MB incremental:on max_workers:0 =====
SELECT * FROM s_1 ORDER BY a, b
                                                QUERY PLAN                                                 
-----------------------------------------------------------------------------------------------------------
 Limit  (cost=1613024.06..1613024.06 rows=1 width=20)
   ->  Incremental Sort  (cost=121638.91..1513023.52 rows=10000054 width=20)
         Sort Key: s_1.a, s_1.b
         Presorted Key: s_1.a
         ->  Index Only Scan using s_1_a_e_d_c_b_idx on s_1  (cost=0.56..348313.37 rows=10000054 width=20)
(5 rows)

===== 26 [Wed Mar  7 13:50:47 CET 2018] scale:10000000 groups:10 work_mem:64MB incremental:on max_workers:0 =====
SELECT * FROM s_2 ORDER BY a, b, c
                                                QUERY PLAN                                                 
-----------------------------------------------------------------------------------------------------------
 Limit  (cost=1440053.75..1440053.75 rows=1 width=20)
   ->  Incremental Sort  (cost=9629.07..1340053.21 rows=10000054 width=20)
         Sort Key: s_2.a, s_2.b, s_2.c
         Presorted Key: s_2.a, s_2.b
         ->  Index Only Scan using s_2_a_b_e_d_c_idx on s_2  (cost=0.56..348313.37 rows=10000054 width=20)
(5 rows)

===== 27 [Wed Mar  7 13:51:08 CET 2018] scale:10000000 groups:10 work_mem:64MB incremental:on max_workers:0 =====
SELECT * FROM s_3 ORDER BY a, b, c, d
                                                QUERY PLAN                                                 
-----------------------------------------------------------------------------------------------------------
 Limit  (cost=1267105.43..1267105.43 rows=1 width=20)
   ->  Incremental Sort  (cost=745.92..1167104.89 rows=10000054 width=20)
         Sort Key: s_3.a, s_3.b, s_3.c, s_3.d
         Presorted Key: s_3.a, s_3.b, s_3.c
         ->  Index Only Scan using s_3_a_b_c_e_d_idx on s_3  (cost=0.56..348313.37 rows=10000054 width=20)
(5 rows)

===== 28 [Wed Mar  7 13:51:30 CET 2018] scale:10000000 groups:10 work_mem:64MB incremental:off max_workers:0 =====
SELECT * FROM s_1 ORDER BY a, b
                                 QUERY PLAN                                 
----------------------------------------------------------------------------
 Limit  (cost=1656460.22..1656460.22 rows=1 width=20)
   ->  Sort  (cost=1531459.54..1556459.68 rows=10000054 width=20)
         Sort Key: s_1.a, s_1.b
         ->  Seq Scan on s_1  (cost=0.00..163695.54 rows=10000054 width=20)
(4 rows)

===== 29 [Wed Mar  7 13:51:55 CET 2018] scale:10000000 groups:10 work_mem:64MB incremental:off max_workers:0 =====
SELECT * FROM s_2 ORDER BY a, b, c
                                 QUERY PLAN                                 
----------------------------------------------------------------------------
 Limit  (cost=1656460.22..1656460.22 rows=1 width=20)
   ->  Sort  (cost=1531459.54..1556459.68 rows=10000054 width=20)
         Sort Key: s_2.a, s_2.b, s_2.c
         ->  Seq Scan on s_2  (cost=0.00..163695.54 rows=10000054 width=20)
(4 rows)

===== 30 [Wed Mar  7 13:52:21 CET 2018] scale:10000000 groups:10 work_mem:64MB incremental:off max_workers:0 =====
SELECT * FROM s_3 ORDER BY a, b, c, d
                                 QUERY PLAN                                 
----------------------------------------------------------------------------
 Limit  (cost=1656460.22..1656460.22 rows=1 width=20)
   ->  Sort  (cost=1531459.54..1556459.68 rows=10000054 width=20)
         Sort Key: s_3.a, s_3.b, s_3.c, s_3.d
         ->  Seq Scan on s_3  (cost=0.00..163695.54 rows=10000054 width=20)
(4 rows)

===== 31 [Wed Mar  7 13:52:51 CET 2018] scale:10000000 groups:10 work_mem:128MB incremental:on max_workers:0 =====
SELECT * FROM s_1 ORDER BY a, b
                                                QUERY PLAN                                                 
-----------------------------------------------------------------------------------------------------------
 Limit  (cost=1613024.06..1613024.06 rows=1 width=20)
   ->  Incremental Sort  (cost=121638.91..1513023.52 rows=10000054 width=20)
         Sort Key: s_1.a, s_1.b
         Presorted Key: s_1.a
         ->  Index Only Scan using s_1_a_e_d_c_b_idx on s_1  (cost=0.56..348313.37 rows=10000054 width=20)
(5 rows)

===== 32 [Wed Mar  7 13:53:11 CET 2018] scale:10000000 groups:10 work_mem:128MB incremental:on max_workers:0 =====
SELECT * FROM s_2 ORDER BY a, b, c
                                                QUERY PLAN                                                 
-----------------------------------------------------------------------------------------------------------
 Limit  (cost=1440053.75..1440053.75 rows=1 width=20)
   ->  Incremental Sort  (cost=9629.07..1340053.21 rows=10000054 width=20)
         Sort Key: s_2.a, s_2.b, s_2.c
         Presorted Key: s_2.a, s_2.b
         ->  Index Only Scan using s_2_a_b_e_d_c_idx on s_2  (cost=0.56..348313.37 rows=10000054 width=20)
(5 rows)

===== 33 [Wed Mar  7 13:53:32 CET 2018] scale:10000000 groups:10 work_mem:128MB incremental:on max_workers:0 =====
SELECT * FROM s_3 ORDER BY a, b, c, d
                                                QUERY PLAN                                                 
-----------------------------------------------------------------------------------------------------------
 Limit  (cost=1267105.43..1267105.43 rows=1 width=20)
   ->  Incremental Sort  (cost=745.92..1167104.89 rows=10000054 width=20)
         Sort Key: s_3.a, s_3.b, s_3.c, s_3.d
         Presorted Key: s_3.a, s_3.b, s_3.c
         ->  Index Only Scan using s_3_a_b_c_e_d_idx on s_3  (cost=0.56..348313.37 rows=10000054 width=20)
(5 rows)

===== 34 [Wed Mar  7 13:53:53 CET 2018] scale:10000000 groups:10 work_mem:128MB incremental:off max_workers:0 =====
SELECT * FROM s_1 ORDER BY a, b
                                 QUERY PLAN                                 
----------------------------------------------------------------------------
 Limit  (cost=1656460.22..1656460.22 rows=1 width=20)
   ->  Sort  (cost=1531459.54..1556459.68 rows=10000054 width=20)
         Sort Key: s_1.a, s_1.b
         ->  Seq Scan on s_1  (cost=0.00..163695.54 rows=10000054 width=20)
(4 rows)

===== 35 [Wed Mar  7 13:54:18 CET 2018] scale:10000000 groups:10 work_mem:128MB incremental:off max_workers:0 =====
SELECT * FROM s_2 ORDER BY a, b, c
                                 QUERY PLAN                                 
----------------------------------------------------------------------------
 Limit  (cost=1656460.22..1656460.22 rows=1 width=20)
   ->  Sort  (cost=1531459.54..1556459.68 rows=10000054 width=20)
         Sort Key: s_2.a, s_2.b, s_2.c
         ->  Seq Scan on s_2  (cost=0.00..163695.54 rows=10000054 width=20)
(4 rows)

===== 36 [Wed Mar  7 13:54:45 CET 2018] scale:10000000 groups:10 work_mem:128MB incremental:off max_workers:0 =====
SELECT * FROM s_3 ORDER BY a, b, c, d
                                 QUERY PLAN                                 
----------------------------------------------------------------------------
 Limit  (cost=1656460.22..1656460.22 rows=1 width=20)
   ->  Sort  (cost=1531459.54..1556459.68 rows=10000054 width=20)
         Sort Key: s_3.a, s_3.b, s_3.c, s_3.d
         ->  Seq Scan on s_3  (cost=0.00..163695.54 rows=10000054 width=20)
(4 rows)

===== 37 [Wed Mar  7 13:55:16 CET 2018] scale:10000000 groups:10 work_mem:256MB incremental:on max_workers:0 =====
SELECT * FROM s_1 ORDER BY a, b
                                                QUERY PLAN                                                 
-----------------------------------------------------------------------------------------------------------
 Limit  (cost=1613024.06..1613024.06 rows=1 width=20)
   ->  Incremental Sort  (cost=121638.91..1513023.52 rows=10000054 width=20)
         Sort Key: s_1.a, s_1.b
         Presorted Key: s_1.a
         ->  Index Only Scan using s_1_a_e_d_c_b_idx on s_1  (cost=0.56..348313.37 rows=10000054 width=20)
(5 rows)

===== 38 [Wed Mar  7 13:55:36 CET 2018] scale:10000000 groups:10 work_mem:256MB incremental:on max_workers:0 =====
SELECT * FROM s_2 ORDER BY a, b, c
                                                QUERY PLAN                                                 
-----------------------------------------------------------------------------------------------------------
 Limit  (cost=1440053.75..1440053.75 rows=1 width=20)
   ->  Incremental Sort  (cost=9629.07..1340053.21 rows=10000054 width=20)
         Sort Key: s_2.a, s_2.b, s_2.c
         Presorted Key: s_2.a, s_2.b
         ->  Index Only Scan using s_2_a_b_e_d_c_idx on s_2  (cost=0.56..348313.37 rows=10000054 width=20)
(5 rows)

===== 39 [Wed Mar  7 13:55:57 CET 2018] scale:10000000 groups:10 work_mem:256MB incremental:on max_workers:0 =====
SELECT * FROM s_3 ORDER BY a, b, c, d
                                                QUERY PLAN                                                 
-----------------------------------------------------------------------------------------------------------
 Limit  (cost=1267105.43..1267105.43 rows=1 width=20)
   ->  Incremental Sort  (cost=745.92..1167104.89 rows=10000054 width=20)
         Sort Key: s_3.a, s_3.b, s_3.c, s_3.d
         Presorted Key: s_3.a, s_3.b, s_3.c
         ->  Index Only Scan using s_3_a_b_c_e_d_idx on s_3  (cost=0.56..348313.37 rows=10000054 width=20)
(5 rows)

===== 40 [Wed Mar  7 13:56:19 CET 2018] scale:10000000 groups:10 work_mem:256MB incremental:off max_workers:0 =====
SELECT * FROM s_1 ORDER BY a, b
                                 QUERY PLAN                                 
----------------------------------------------------------------------------
 Limit  (cost=1656460.22..1656460.22 rows=1 width=20)
   ->  Sort  (cost=1531459.54..1556459.68 rows=10000054 width=20)
         Sort Key: s_1.a, s_1.b
         ->  Seq Scan on s_1  (cost=0.00..163695.54 rows=10000054 width=20)
(4 rows)

===== 41 [Wed Mar  7 13:56:44 CET 2018] scale:10000000 groups:10 work_mem:256MB incremental:off max_workers:0 =====
SELECT * FROM s_2 ORDER BY a, b, c
                                 QUERY PLAN                                 
----------------------------------------------------------------------------
 Limit  (cost=1656460.22..1656460.22 rows=1 width=20)
   ->  Sort  (cost=1531459.54..1556459.68 rows=10000054 width=20)
         Sort Key: s_2.a, s_2.b, s_2.c
         ->  Seq Scan on s_2  (cost=0.00..163695.54 rows=10000054 width=20)
(4 rows)

===== 42 [Wed Mar  7 13:57:12 CET 2018] scale:10000000 groups:10 work_mem:256MB incremental:off max_workers:0 =====
SELECT * FROM s_3 ORDER BY a, b, c, d
                                 QUERY PLAN                                 
----------------------------------------------------------------------------
 Limit  (cost=1656460.22..1656460.22 rows=1 width=20)
   ->  Sort  (cost=1531459.54..1556459.68 rows=10000054 width=20)
         Sort Key: s_3.a, s_3.b, s_3.c, s_3.d
         ->  Seq Scan on s_3  (cost=0.00..163695.54 rows=10000054 width=20)
(4 rows)

===== 43 [Wed Mar  7 13:57:43 CET 2018] scale:10000000 groups:10 work_mem:4MB incremental:on max_workers:2 =====
SELECT * FROM s_1 ORDER BY a, b
                                                QUERY PLAN                                                 
-----------------------------------------------------------------------------------------------------------
 Limit  (cost=1801446.80..1801446.80 rows=1 width=20)
   ->  Incremental Sort  (cost=140283.41..1718113.02 rows=10000054 width=20)
         Sort Key: s_1.a, s_1.b
         Presorted Key: s_1.a
         ->  Index Only Scan using s_1_a_e_d_c_b_idx on s_1  (cost=0.56..348313.37 rows=10000054 width=20)
(5 rows)

===== 44 [Wed Mar  7 13:58:10 CET 2018] scale:10000000 groups:10 work_mem:4MB incremental:on max_workers:2 =====
SELECT * FROM s_2 ORDER BY a, b, c
                                                QUERY PLAN                                                 
-----------------------------------------------------------------------------------------------------------
 Limit  (cost=1440053.75..1440053.75 rows=1 width=20)
   ->  Incremental Sort  (cost=9629.07..1340053.21 rows=10000054 width=20)
         Sort Key: s_2.a, s_2.b, s_2.c
         Presorted Key: s_2.a, s_2.b
         ->  Index Only Scan using s_2_a_b_e_d_c_idx on s_2  (cost=0.56..348313.37 rows=10000054 width=20)
(5 rows)

===== 45 [Wed Mar  7 13:58:38 CET 2018] scale:10000000 groups:10 work_mem:4MB incremental:on max_workers:2 =====
SELECT * FROM s_3 ORDER BY a, b, c, d
                                                QUERY PLAN                                                 
-----------------------------------------------------------------------------------------------------------
 Limit  (cost=1267105.43..1267105.43 rows=1 width=20)
   ->  Incremental Sort  (cost=745.92..1167104.89 rows=10000054 width=20)
         Sort Key: s_3.a, s_3.b, s_3.c, s_3.d
         Presorted Key: s_3.a, s_3.b, s_3.c
         ->  Index Only Scan using s_3_a_b_c_e_d_idx on s_3  (cost=0.56..348313.37 rows=10000054 width=20)
(5 rows)

===== 46 [Wed Mar  7 13:59:00 CET 2018] scale:10000000 groups:10 work_mem:4MB incremental:off max_workers:2 =====
SELECT * FROM s_1 ORDER BY a, b
                                        QUERY PLAN                                        
------------------------------------------------------------------------------------------
 Limit  (cost=1791033.26..1791033.26 rows=1 width=20)
   ->  Gather Merge  (cost=735404.16..1707699.48 rows=8333378 width=20)
         Workers Planned: 2
         ->  Sort  (cost=734404.14..744820.86 rows=4166689 width=20)
               Sort Key: s_1.a, s_1.b
               ->  Parallel Seq Scan on s_1  (cost=0.00..105361.89 rows=4166689 width=20)
(6 rows)

===== 47 [Wed Mar  7 13:59:20 CET 2018] scale:10000000 groups:10 work_mem:4MB incremental:off max_workers:2 =====
SELECT * FROM s_2 ORDER BY a, b, c
                                        QUERY PLAN                                        
------------------------------------------------------------------------------------------
 Limit  (cost=1791033.26..1791033.26 rows=1 width=20)
   ->  Gather Merge  (cost=735404.16..1707699.48 rows=8333378 width=20)
         Workers Planned: 2
         ->  Sort  (cost=734404.14..744820.86 rows=4166689 width=20)
               Sort Key: s_2.a, s_2.b, s_2.c
               ->  Parallel Seq Scan on s_2  (cost=0.00..105361.89 rows=4166689 width=20)
(6 rows)

===== 48 [Wed Mar  7 13:59:39 CET 2018] scale:10000000 groups:10 work_mem:4MB incremental:off max_workers:2 =====
SELECT * FROM s_3 ORDER BY a, b, c, d
                                        QUERY PLAN                                        
------------------------------------------------------------------------------------------
 Limit  (cost=1791033.26..1791033.26 rows=1 width=20)
   ->  Gather Merge  (cost=735404.16..1707699.48 rows=8333378 width=20)
         Workers Planned: 2
         ->  Sort  (cost=734404.14..744820.86 rows=4166689 width=20)
               Sort Key: s_3.a, s_3.b, s_3.c, s_3.d
               ->  Parallel Seq Scan on s_3  (cost=0.00..105361.89 rows=4166689 width=20)
(6 rows)

===== 49 [Wed Mar  7 14:00:00 CET 2018] scale:10000000 groups:10 work_mem:8MB incremental:on max_workers:2 =====
SELECT * FROM s_1 ORDER BY a, b
                                        QUERY PLAN                                        
------------------------------------------------------------------------------------------
 Limit  (cost=1705580.76..1705580.76 rows=1 width=20)
   ->  Gather Merge  (cost=649951.66..1622246.98 rows=8333378 width=20)
         Workers Planned: 2
         ->  Sort  (cost=648951.64..659368.36 rows=4166689 width=20)
               Sort Key: s_1.a, s_1.b
               ->  Parallel Seq Scan on s_1  (cost=0.00..105361.89 rows=4166689 width=20)
(6 rows)

===== 50 [Wed Mar  7 14:00:20 CET 2018] scale:10000000 groups:10 work_mem:8MB incremental:on max_workers:2 =====
SELECT * FROM s_2 ORDER BY a, b, c
                                                QUERY PLAN                                                 
-----------------------------------------------------------------------------------------------------------
 Limit  (cost=1440053.75..1440053.75 rows=1 width=20)
   ->  Incremental Sort  (cost=9629.07..1340053.21 rows=10000054 width=20)
         Sort Key: s_2.a, s_2.b, s_2.c
         Presorted Key: s_2.a, s_2.b
         ->  Index Only Scan using s_2_a_b_e_d_c_idx on s_2  (cost=0.56..348313.37 rows=10000054 width=20)
(5 rows)

===== 51 [Wed Mar  7 14:00:46 CET 2018] scale:10000000 groups:10 work_mem:8MB incremental:on max_workers:2 =====
SELECT * FROM s_3 ORDER BY a, b, c, d
                                                QUERY PLAN                                                 
-----------------------------------------------------------------------------------------------------------
 Limit  (cost=1267105.43..1267105.43 rows=1 width=20)
   ->  Incremental Sort  (cost=745.92..1167104.89 rows=10000054 width=20)
         Sort Key: s_3.a, s_3.b, s_3.c, s_3.d
         Presorted Key: s_3.a, s_3.b, s_3.c
         ->  Index Only Scan using s_3_a_b_c_e_d_idx on s_3  (cost=0.56..348313.37 rows=10000054 width=20)
(5 rows)

===== 52 [Wed Mar  7 14:01:08 CET 2018] scale:10000000 groups:10 work_mem:8MB incremental:off max_workers:2 =====
SELECT * FROM s_1 ORDER BY a, b
                                        QUERY PLAN                                        
------------------------------------------------------------------------------------------
 Limit  (cost=1705580.76..1705580.76 rows=1 width=20)
   ->  Gather Merge  (cost=649951.66..1622246.98 rows=8333378 width=20)
         Workers Planned: 2
         ->  Sort  (cost=648951.64..659368.36 rows=4166689 width=20)
               Sort Key: s_1.a, s_1.b
               ->  Parallel Seq Scan on s_1  (cost=0.00..105361.89 rows=4166689 width=20)
(6 rows)

===== 53 [Wed Mar  7 14:01:27 CET 2018] scale:10000000 groups:10 work_mem:8MB incremental:off max_workers:2 =====
SELECT * FROM s_2 ORDER BY a, b, c
                                        QUERY PLAN                                        
------------------------------------------------------------------------------------------
 Limit  (cost=1705580.76..1705580.76 rows=1 width=20)
   ->  Gather Merge  (cost=649951.66..1622246.98 rows=8333378 width=20)
         Workers Planned: 2
         ->  Sort  (cost=648951.64..659368.36 rows=4166689 width=20)
               Sort Key: s_2.a, s_2.b, s_2.c
               ->  Parallel Seq Scan on s_2  (cost=0.00..105361.89 rows=4166689 width=20)
(6 rows)

===== 54 [Wed Mar  7 14:01:46 CET 2018] scale:10000000 groups:10 work_mem:8MB incremental:off max_workers:2 =====
SELECT * FROM s_3 ORDER BY a, b, c, d
                                        QUERY PLAN                                        
------------------------------------------------------------------------------------------
 Limit  (cost=1705580.76..1705580.76 rows=1 width=20)
   ->  Gather Merge  (cost=649951.66..1622246.98 rows=8333378 width=20)
         Workers Planned: 2
         ->  Sort  (cost=648951.64..659368.36 rows=4166689 width=20)
               Sort Key: s_3.a, s_3.b, s_3.c, s_3.d
               ->  Parallel Seq Scan on s_3  (cost=0.00..105361.89 rows=4166689 width=20)
(6 rows)

===== 55 [Wed Mar  7 14:02:06 CET 2018] scale:10000000 groups:10 work_mem:16MB incremental:on max_workers:2 =====
SELECT * FROM s_1 ORDER BY a, b
                                 QUERY PLAN                                 
----------------------------------------------------------------------------
 Limit  (cost=1656460.22..1656460.22 rows=1 width=20)
   ->  Sort  (cost=1531459.54..1556459.68 rows=10000054 width=20)
         Sort Key: s_1.a, s_1.b
         ->  Seq Scan on s_1  (cost=0.00..163695.54 rows=10000054 width=20)
(4 rows)

===== 56 [Wed Mar  7 14:02:29 CET 2018] scale:10000000 groups:10 work_mem:16MB incremental:on max_workers:2 =====
SELECT * FROM s_2 ORDER BY a, b, c
                                                QUERY PLAN                                                 
-----------------------------------------------------------------------------------------------------------
 Limit  (cost=1440053.75..1440053.75 rows=1 width=20)
   ->  Incremental Sort  (cost=9629.07..1340053.21 rows=10000054 width=20)
         Sort Key: s_2.a, s_2.b, s_2.c
         Presorted Key: s_2.a, s_2.b
         ->  Index Only Scan using s_2_a_b_e_d_c_idx on s_2  (cost=0.56..348313.37 rows=10000054 width=20)
(5 rows)

===== 57 [Wed Mar  7 14:02:50 CET 2018] scale:10000000 groups:10 work_mem:16MB incremental:on max_workers:2 =====
SELECT * FROM s_3 ORDER BY a, b, c, d
                                                QUERY PLAN                                                 
-----------------------------------------------------------------------------------------------------------
 Limit  (cost=1267105.43..1267105.43 rows=1 width=20)
   ->  Incremental Sort  (cost=745.92..1167104.89 rows=10000054 width=20)
         Sort Key: s_3.a, s_3.b, s_3.c, s_3.d
         Presorted Key: s_3.a, s_3.b, s_3.c
         ->  Index Only Scan using s_3_a_b_c_e_d_idx on s_3  (cost=0.56..348313.37 rows=10000054 width=20)
(5 rows)

===== 58 [Wed Mar  7 14:03:12 CET 2018] scale:10000000 groups:10 work_mem:16MB incremental:off max_workers:2 =====
SELECT * FROM s_1 ORDER BY a, b
                                 QUERY PLAN                                 
----------------------------------------------------------------------------
 Limit  (cost=1656460.22..1656460.22 rows=1 width=20)
   ->  Sort  (cost=1531459.54..1556459.68 rows=10000054 width=20)
         Sort Key: s_1.a, s_1.b
         ->  Seq Scan on s_1  (cost=0.00..163695.54 rows=10000054 width=20)
(4 rows)

===== 59 [Wed Mar  7 14:03:35 CET 2018] scale:10000000 groups:10 work_mem:16MB incremental:off max_workers:2 =====
SELECT * FROM s_2 ORDER BY a, b, c
                                 QUERY PLAN                                 
----------------------------------------------------------------------------
 Limit  (cost=1656460.22..1656460.22 rows=1 width=20)
   ->  Sort  (cost=1531459.54..1556459.68 rows=10000054 width=20)
         Sort Key: s_2.a, s_2.b, s_2.c
         ->  Seq Scan on s_2  (cost=0.00..163695.54 rows=10000054 width=20)
(4 rows)

===== 60 [Wed Mar  7 14:03:59 CET 2018] scale:10000000 groups:10 work_mem:16MB incremental:off max_workers:2 =====
SELECT * FROM s_3 ORDER BY a, b, c, d
                                 QUERY PLAN                                 
----------------------------------------------------------------------------
 Limit  (cost=1656460.22..1656460.22 rows=1 width=20)
   ->  Sort  (cost=1531459.54..1556459.68 rows=10000054 width=20)
         Sort Key: s_3.a, s_3.b, s_3.c, s_3.d
         ->  Seq Scan on s_3  (cost=0.00..163695.54 rows=10000054 width=20)
(4 rows)

===== 61 [Wed Mar  7 14:04:27 CET 2018] scale:10000000 groups:10 work_mem:32MB incremental:on max_workers:2 =====
SELECT * FROM s_1 ORDER BY a, b
                                 QUERY PLAN                                 
----------------------------------------------------------------------------
 Limit  (cost=1656460.22..1656460.22 rows=1 width=20)
   ->  Sort  (cost=1531459.54..1556459.68 rows=10000054 width=20)
         Sort Key: s_1.a, s_1.b
         ->  Seq Scan on s_1  (cost=0.00..163695.54 rows=10000054 width=20)
(4 rows)

===== 62 [Wed Mar  7 14:04:51 CET 2018] scale:10000000 groups:10 work_mem:32MB incremental:on max_workers:2 =====
SELECT * FROM s_2 ORDER BY a, b, c
                                                QUERY PLAN                                                 
-----------------------------------------------------------------------------------------------------------
 Limit  (cost=1440053.75..1440053.75 rows=1 width=20)
   ->  Incremental Sort  (cost=9629.07..1340053.21 rows=10000054 width=20)
         Sort Key: s_2.a, s_2.b, s_2.c
         Presorted Key: s_2.a, s_2.b
         ->  Index Only Scan using s_2_a_b_e_d_c_idx on s_2  (cost=0.56..348313.37 rows=10000054 width=20)
(5 rows)

===== 63 [Wed Mar  7 14:05:12 CET 2018] scale:10000000 groups:10 work_mem:32MB incremental:on max_workers:2 =====
SELECT * FROM s_3 ORDER BY a, b, c, d
                                                QUERY PLAN                                                 
-----------------------------------------------------------------------------------------------------------
 Limit  (cost=1267105.43..1267105.43 rows=1 width=20)
   ->  Incremental Sort  (cost=745.92..1167104.89 rows=10000054 width=20)
         Sort Key: s_3.a, s_3.b, s_3.c, s_3.d
         Presorted Key: s_3.a, s_3.b, s_3.c
         ->  Index Only Scan using s_3_a_b_c_e_d_idx on s_3  (cost=0.56..348313.37 rows=10000054 width=20)
(5 rows)

===== 64 [Wed Mar  7 14:05:33 CET 2018] scale:10000000 groups:10 work_mem:32MB incremental:off max_workers:2 =====
SELECT * FROM s_1 ORDER BY a, b
                                 QUERY PLAN                                 
----------------------------------------------------------------------------
 Limit  (cost=1656460.22..1656460.22 rows=1 width=20)
   ->  Sort  (cost=1531459.54..1556459.68 rows=10000054 width=20)
         Sort Key: s_1.a, s_1.b
         ->  Seq Scan on s_1  (cost=0.00..163695.54 rows=10000054 width=20)
(4 rows)

===== 65 [Wed Mar  7 14:05:57 CET 2018] scale:10000000 groups:10 work_mem:32MB incremental:off max_workers:2 =====
SELECT * FROM s_2 ORDER BY a, b, c
                                 QUERY PLAN                                 
----------------------------------------------------------------------------
 Limit  (cost=1656460.22..1656460.22 rows=1 width=20)
   ->  Sort  (cost=1531459.54..1556459.68 rows=10000054 width=20)
         Sort Key: s_2.a, s_2.b, s_2.c
         ->  Seq Scan on s_2  (cost=0.00..163695.54 rows=10000054 width=20)
(4 rows)

===== 66 [Wed Mar  7 14:06:22 CET 2018] scale:10000000 groups:10 work_mem:32MB incremental:off max_workers:2 =====
SELECT * FROM s_3 ORDER BY a, b, c, d
                                 QUERY PLAN                                 
----------------------------------------------------------------------------
 Limit  (cost=1656460.22..1656460.22 rows=1 width=20)
   ->  Sort  (cost=1531459.54..1556459.68 rows=10000054 width=20)
         Sort Key: s_3.a, s_3.b, s_3.c, s_3.d
         ->  Seq Scan on s_3  (cost=0.00..163695.54 rows=10000054 width=20)
(4 rows)

===== 67 [Wed Mar  7 14:06:51 CET 2018] scale:10000000 groups:10 work_mem:64MB incremental:on max_workers:2 =====
SELECT * FROM s_1 ORDER BY a, b
                                                QUERY PLAN                                                 
-----------------------------------------------------------------------------------------------------------
 Limit  (cost=1613024.06..1613024.06 rows=1 width=20)
   ->  Incremental Sort  (cost=121638.91..1513023.52 rows=10000054 width=20)
         Sort Key: s_1.a, s_1.b
         Presorted Key: s_1.a
         ->  Index Only Scan using s_1_a_e_d_c_b_idx on s_1  (cost=0.56..348313.37 rows=10000054 width=20)
(5 rows)

===== 68 [Wed Mar  7 14:07:16 CET 2018] scale:10000000 groups:10 work_mem:64MB incremental:on max_workers:2 =====
SELECT * FROM s_2 ORDER BY a, b, c
                                                QUERY PLAN                                                 
-----------------------------------------------------------------------------------------------------------
 Limit  (cost=1440053.75..1440053.75 rows=1 width=20)
   ->  Incremental Sort  (cost=9629.07..1340053.21 rows=10000054 width=20)
         Sort Key: s_2.a, s_2.b, s_2.c
         Presorted Key: s_2.a, s_2.b
         ->  Index Only Scan using s_2_a_b_e_d_c_idx on s_2  (cost=0.56..348313.37 rows=10000054 width=20)
(5 rows)

===== 69 [Wed Mar  7 14:07:37 CET 2018] scale:10000000 groups:10 work_mem:64MB incremental:on max_workers:2 =====
SELECT * FROM s_3 ORDER BY a, b, c, d
                                                QUERY PLAN                                                 
-----------------------------------------------------------------------------------------------------------
 Limit  (cost=1267105.43..1267105.43 rows=1 width=20)
   ->  Incremental Sort  (cost=745.92..1167104.89 rows=10000054 width=20)
         Sort Key: s_3.a, s_3.b, s_3.c, s_3.d
         Presorted Key: s_3.a, s_3.b, s_3.c
         ->  Index Only Scan using s_3_a_b_c_e_d_idx on s_3  (cost=0.56..348313.37 rows=10000054 width=20)
(5 rows)

===== 70 [Wed Mar  7 14:07:59 CET 2018] scale:10000000 groups:10 work_mem:64MB incremental:off max_workers:2 =====
SELECT * FROM s_1 ORDER BY a, b
                                 QUERY PLAN                                 
----------------------------------------------------------------------------
 Limit  (cost=1656460.22..1656460.22 rows=1 width=20)
   ->  Sort  (cost=1531459.54..1556459.68 rows=10000054 width=20)
         Sort Key: s_1.a, s_1.b
         ->  Seq Scan on s_1  (cost=0.00..163695.54 rows=10000054 width=20)
(4 rows)

===== 71 [Wed Mar  7 14:08:23 CET 2018] scale:10000000 groups:10 work_mem:64MB incremental:off max_workers:2 =====
SELECT * FROM s_2 ORDER BY a, b, c
                                 QUERY PLAN                                 
----------------------------------------------------------------------------
 Limit  (cost=1656460.22..1656460.22 rows=1 width=20)
   ->  Sort  (cost=1531459.54..1556459.68 rows=10000054 width=20)
         Sort Key: s_2.a, s_2.b, s_2.c
         ->  Seq Scan on s_2  (cost=0.00..163695.54 rows=10000054 width=20)
(4 rows)

===== 72 [Wed Mar  7 14:08:49 CET 2018] scale:10000000 groups:10 work_mem:64MB incremental:off max_workers:2 =====
SELECT * FROM s_3 ORDER BY a, b, c, d
                                 QUERY PLAN                                 
----------------------------------------------------------------------------
 Limit  (cost=1656460.22..1656460.22 rows=1 width=20)
   ->  Sort  (cost=1531459.54..1556459.68 rows=10000054 width=20)
         Sort Key: s_3.a, s_3.b, s_3.c, s_3.d
         ->  Seq Scan on s_3  (cost=0.00..163695.54 rows=10000054 width=20)
(4 rows)

===== 73 [Wed Mar  7 14:09:19 CET 2018] scale:10000000 groups:10 work_mem:128MB incremental:on max_workers:2 =====
SELECT * FROM s_1 ORDER BY a, b
                                                QUERY PLAN                                                 
-----------------------------------------------------------------------------------------------------------
 Limit  (cost=1613024.06..1613024.06 rows=1 width=20)
   ->  Incremental Sort  (cost=121638.91..1513023.52 rows=10000054 width=20)
         Sort Key: s_1.a, s_1.b
         Presorted Key: s_1.a
         ->  Index Only Scan using s_1_a_e_d_c_b_idx on s_1  (cost=0.56..348313.37 rows=10000054 width=20)
(5 rows)

===== 74 [Wed Mar  7 14:09:39 CET 2018] scale:10000000 groups:10 work_mem:128MB incremental:on max_workers:2 =====
SELECT * FROM s_2 ORDER BY a, b, c
                                                QUERY PLAN                                                 
-----------------------------------------------------------------------------------------------------------
 Limit  (cost=1440053.75..1440053.75 rows=1 width=20)
   ->  Incremental Sort  (cost=9629.07..1340053.21 rows=10000054 width=20)
         Sort Key: s_2.a, s_2.b, s_2.c
         Presorted Key: s_2.a, s_2.b
         ->  Index Only Scan using s_2_a_b_e_d_c_idx on s_2  (cost=0.56..348313.37 rows=10000054 width=20)
(5 rows)

===== 75 [Wed Mar  7 14:10:00 CET 2018] scale:10000000 groups:10 work_mem:128MB incremental:on max_workers:2 =====
SELECT * FROM s_3 ORDER BY a, b, c, d
                                                QUERY PLAN                                                 
-----------------------------------------------------------------------------------------------------------
 Limit  (cost=1267105.43..1267105.43 rows=1 width=20)
   ->  Incremental Sort  (cost=745.92..1167104.89 rows=10000054 width=20)
         Sort Key: s_3.a, s_3.b, s_3.c, s_3.d
         Presorted Key: s_3.a, s_3.b, s_3.c
         ->  Index Only Scan using s_3_a_b_c_e_d_idx on s_3  (cost=0.56..348313.37 rows=10000054 width=20)
(5 rows)

===== 76 [Wed Mar  7 14:10:22 CET 2018] scale:10000000 groups:10 work_mem:128MB incremental:off max_workers:2 =====
SELECT * FROM s_1 ORDER BY a, b
                                 QUERY PLAN                                 
----------------------------------------------------------------------------
 Limit  (cost=1656460.22..1656460.22 rows=1 width=20)
   ->  Sort  (cost=1531459.54..1556459.68 rows=10000054 width=20)
         Sort Key: s_1.a, s_1.b
         ->  Seq Scan on s_1  (cost=0.00..163695.54 rows=10000054 width=20)
(4 rows)

===== 77 [Wed Mar  7 14:10:47 CET 2018] scale:10000000 groups:10 work_mem:128MB incremental:off max_workers:2 =====
SELECT * FROM s_2 ORDER BY a, b, c
                                 QUERY PLAN                                 
----------------------------------------------------------------------------
 Limit  (cost=1656460.22..1656460.22 rows=1 width=20)
   ->  Sort  (cost=1531459.54..1556459.68 rows=10000054 width=20)
         Sort Key: s_2.a, s_2.b, s_2.c
         ->  Seq Scan on s_2  (cost=0.00..163695.54 rows=10000054 width=20)
(4 rows)

===== 78 [Wed Mar  7 14:11:14 CET 2018] scale:10000000 groups:10 work_mem:128MB incremental:off max_workers:2 =====
SELECT * FROM s_3 ORDER BY a, b, c, d
                                 QUERY PLAN                                 
----------------------------------------------------------------------------
 Limit  (cost=1656460.22..1656460.22 rows=1 width=20)
   ->  Sort  (cost=1531459.54..1556459.68 rows=10000054 width=20)
         Sort Key: s_3.a, s_3.b, s_3.c, s_3.d
         ->  Seq Scan on s_3  (cost=0.00..163695.54 rows=10000054 width=20)
(4 rows)

===== 79 [Wed Mar  7 14:11:44 CET 2018] scale:10000000 groups:10 work_mem:256MB incremental:on max_workers:2 =====
SELECT * FROM s_1 ORDER BY a, b
                                                QUERY PLAN                                                 
-----------------------------------------------------------------------------------------------------------
 Limit  (cost=1613024.06..1613024.06 rows=1 width=20)
   ->  Incremental Sort  (cost=121638.91..1513023.52 rows=10000054 width=20)
         Sort Key: s_1.a, s_1.b
         Presorted Key: s_1.a
         ->  Index Only Scan using s_1_a_e_d_c_b_idx on s_1  (cost=0.56..348313.37 rows=10000054 width=20)
(5 rows)

===== 80 [Wed Mar  7 14:12:04 CET 2018] scale:10000000 groups:10 work_mem:256MB incremental:on max_workers:2 =====
SELECT * FROM s_2 ORDER BY a, b, c
                                                QUERY PLAN                                                 
-----------------------------------------------------------------------------------------------------------
 Limit  (cost=1440053.75..1440053.75 rows=1 width=20)
   ->  Incremental Sort  (cost=9629.07..1340053.21 rows=10000054 width=20)
         Sort Key: s_2.a, s_2.b, s_2.c
         Presorted Key: s_2.a, s_2.b
         ->  Index Only Scan using s_2_a_b_e_d_c_idx on s_2  (cost=0.56..348313.37 rows=10000054 width=20)
(5 rows)

===== 81 [Wed Mar  7 14:12:25 CET 2018] scale:10000000 groups:10 work_mem:256MB incremental:on max_workers:2 =====
SELECT * FROM s_3 ORDER BY a, b, c, d
                                                QUERY PLAN                                                 
-----------------------------------------------------------------------------------------------------------
 Limit  (cost=1267105.43..1267105.43 rows=1 width=20)
   ->  Incremental Sort  (cost=745.92..1167104.89 rows=10000054 width=20)
         Sort Key: s_3.a, s_3.b, s_3.c, s_3.d
         Presorted Key: s_3.a, s_3.b, s_3.c
         ->  Index Only Scan using s_3_a_b_c_e_d_idx on s_3  (cost=0.56..348313.37 rows=10000054 width=20)
(5 rows)

===== 82 [Wed Mar  7 14:12:47 CET 2018] scale:10000000 groups:10 work_mem:256MB incremental:off max_workers:2 =====
SELECT * FROM s_1 ORDER BY a, b
                                        QUERY PLAN                                        
------------------------------------------------------------------------------------------
 Limit  (cost=1620128.26..1620128.26 rows=1 width=20)
   ->  Gather Merge  (cost=564499.16..1536794.48 rows=8333378 width=20)
         Workers Planned: 2
         ->  Sort  (cost=563499.14..573915.86 rows=4166689 width=20)
               Sort Key: s_1.a, s_1.b
               ->  Parallel Seq Scan on s_1  (cost=0.00..105361.89 rows=4166689 width=20)
(6 rows)

===== 83 [Wed Mar  7 14:13:06 CET 2018] scale:10000000 groups:10 work_mem:256MB incremental:off max_workers:2 =====
SELECT * FROM s_2 ORDER BY a, b, c
                                        QUERY PLAN                                        
------------------------------------------------------------------------------------------
 Limit  (cost=1620128.26..1620128.26 rows=1 width=20)
   ->  Gather Merge  (cost=564499.16..1536794.48 rows=8333378 width=20)
         Workers Planned: 2
         ->  Sort  (cost=563499.14..573915.86 rows=4166689 width=20)
               Sort Key: s_2.a, s_2.b, s_2.c
               ->  Parallel Seq Scan on s_2  (cost=0.00..105361.89 rows=4166689 width=20)
(6 rows)

===== 84 [Wed Mar  7 14:13:26 CET 2018] scale:10000000 groups:10 work_mem:256MB incremental:off max_workers:2 =====
SELECT * FROM s_3 ORDER BY a, b, c, d
                                        QUERY PLAN                                        
------------------------------------------------------------------------------------------
 Limit  (cost=1620128.26..1620128.26 rows=1 width=20)
   ->  Gather Merge  (cost=564499.16..1536794.48 rows=8333378 width=20)
         Workers Planned: 2
         ->  Sort  (cost=563499.14..573915.86 rows=4166689 width=20)
               Sort Key: s_3.a, s_3.b, s_3.c, s_3.d
               ->  Parallel Seq Scan on s_3  (cost=0.00..105361.89 rows=4166689 width=20)
(6 rows)

===== 85 [Wed Mar  7 14:15:01 CET 2018] scale:10000000 groups:100 work_mem:4MB incremental:on max_workers:0 =====
SELECT * FROM s_1 ORDER BY a, b
                                                QUERY PLAN                                                
----------------------------------------------------------------------------------------------------------
 Limit  (cost=1658454.24..1658454.24 rows=1 width=20)
   ->  Incremental Sort  (cost=13698.12..1558454.85 rows=9999939 width=20)
         Sort Key: s_1.a, s_1.b
         Presorted Key: s_1.a
         ->  Index Only Scan using s_1_a_e_d_c_b_idx on s_1  (cost=0.56..348311.65 rows=9999939 width=20)
(5 rows)

===== 86 [Wed Mar  7 14:15:31 CET 2018] scale:10000000 groups:100 work_mem:4MB incremental:on max_workers:0 =====
SELECT * FROM s_2 ORDER BY a, b, c
                                                QUERY PLAN                                                
----------------------------------------------------------------------------------------------------------
 Limit  (cost=1120364.20..1120364.20 rows=1 width=20)
   ->  Incremental Sort  (cost=83.41..1020364.81 rows=9999939 width=20)
         Sort Key: s_2.a, s_2.b, s_2.c
         Presorted Key: s_2.a, s_2.b
         ->  Index Only Scan using s_2_a_b_e_d_c_idx on s_2  (cost=0.56..348311.65 rows=9999939 width=20)
(5 rows)

===== 87 [Wed Mar  7 14:15:56 CET 2018] scale:10000000 groups:100 work_mem:4MB incremental:on max_workers:0 =====
SELECT * FROM s_3 ORDER BY a, b, c, d
                                                QUERY PLAN                                                 
-----------------------------------------------------------------------------------------------------------
 Limit  (cost=809412.29..809412.29 rows=1 width=20)
   ->  Incremental Sort  (cost=1.07..709411.75 rows=10000054 width=20)
         Sort Key: s_3.a, s_3.b, s_3.c, s_3.d
         Presorted Key: s_3.a, s_3.b, s_3.c
         ->  Index Only Scan using s_3_a_b_c_e_d_idx on s_3  (cost=0.56..348313.37 rows=10000054 width=20)
(5 rows)

===== 88 [Wed Mar  7 14:16:19 CET 2018] scale:10000000 groups:100 work_mem:4MB incremental:off max_workers:0 =====
SELECT * FROM s_1 ORDER BY a, b
                                QUERY PLAN                                 
---------------------------------------------------------------------------
 Limit  (cost=1861518.93..1861518.93 rows=1 width=20)
   ->  Sort  (cost=1736519.69..1761519.54 rows=9999939 width=20)
         Sort Key: s_1.a, s_1.b
         ->  Seq Scan on s_1  (cost=0.00..163694.39 rows=9999939 width=20)
(4 rows)

===== 89 [Wed Mar  7 14:16:51 CET 2018] scale:10000000 groups:100 work_mem:4MB incremental:off max_workers:0 =====
SELECT * FROM s_2 ORDER BY a, b, c
                                QUERY PLAN                                 
---------------------------------------------------------------------------
 Limit  (cost=1861518.93..1861518.93 rows=1 width=20)
   ->  Sort  (cost=1736519.69..1761519.54 rows=9999939 width=20)
         Sort Key: s_2.a, s_2.b, s_2.c
         ->  Seq Scan on s_2  (cost=0.00..163694.39 rows=9999939 width=20)
(4 rows)

===== 90 [Wed Mar  7 14:17:30 CET 2018] scale:10000000 groups:100 work_mem:4MB incremental:off max_workers:0 =====
SELECT * FROM s_3 ORDER BY a, b, c, d
                                 QUERY PLAN                                 
----------------------------------------------------------------------------
 Limit  (cost=1861542.72..1861542.72 rows=1 width=20)
   ->  Sort  (cost=1736542.04..1761542.18 rows=10000054 width=20)
         Sort Key: s_3.a, s_3.b, s_3.c, s_3.d
         ->  Seq Scan on s_3  (cost=0.00..163695.54 rows=10000054 width=20)
(4 rows)

===== 91 [Wed Mar  7 14:18:14 CET 2018] scale:10000000 groups:100 work_mem:8MB incremental:on max_workers:0 =====
SELECT * FROM s_1 ORDER BY a, b
                                                QUERY PLAN                                                
----------------------------------------------------------------------------------------------------------
 Limit  (cost=1453070.74..1453070.74 rows=1 width=20)
   ->  Incremental Sort  (cost=11664.62..1353071.35 rows=9999939 width=20)
         Sort Key: s_1.a, s_1.b
         Presorted Key: s_1.a
         ->  Index Only Scan using s_1_a_e_d_c_b_idx on s_1  (cost=0.56..348311.65 rows=9999939 width=20)
(5 rows)

===== 92 [Wed Mar  7 14:18:48 CET 2018] scale:10000000 groups:100 work_mem:8MB incremental:on max_workers:0 =====
SELECT * FROM s_2 ORDER BY a, b, c
                                                QUERY PLAN                                                
----------------------------------------------------------------------------------------------------------
 Limit  (cost=1120364.20..1120364.20 rows=1 width=20)
   ->  Incremental Sort  (cost=83.41..1020364.81 rows=9999939 width=20)
         Sort Key: s_2.a, s_2.b, s_2.c
         Presorted Key: s_2.a, s_2.b
         ->  Index Only Scan using s_2_a_b_e_d_c_idx on s_2  (cost=0.56..348311.65 rows=9999939 width=20)
(5 rows)

===== 93 [Wed Mar  7 14:19:13 CET 2018] scale:10000000 groups:100 work_mem:8MB incremental:on max_workers:0 =====
SELECT * FROM s_3 ORDER BY a, b, c, d
                                                QUERY PLAN                                                 
-----------------------------------------------------------------------------------------------------------
 Limit  (cost=809412.29..809412.29 rows=1 width=20)
   ->  Incremental Sort  (cost=1.07..709411.75 rows=10000054 width=20)
         Sort Key: s_3.a, s_3.b, s_3.c, s_3.d
         Presorted Key: s_3.a, s_3.b, s_3.c
         ->  Index Only Scan using s_3_a_b_c_e_d_idx on s_3  (cost=0.56..348313.37 rows=10000054 width=20)
(5 rows)

===== 94 [Wed Mar  7 14:19:36 CET 2018] scale:10000000 groups:100 work_mem:8MB incremental:off max_workers:0 =====
SELECT * FROM s_1 ORDER BY a, b
                                QUERY PLAN                                 
---------------------------------------------------------------------------
 Limit  (cost=1861518.93..1861518.93 rows=1 width=20)
   ->  Sort  (cost=1736519.69..1761519.54 rows=9999939 width=20)
         Sort Key: s_1.a, s_1.b
         ->  Seq Scan on s_1  (cost=0.00..163694.39 rows=9999939 width=20)
(4 rows)

===== 95 [Wed Mar  7 14:20:06 CET 2018] scale:10000000 groups:100 work_mem:8MB incremental:off max_workers:0 =====
SELECT * FROM s_2 ORDER BY a, b, c
                                QUERY PLAN                                 
---------------------------------------------------------------------------
 Limit  (cost=1861518.93..1861518.93 rows=1 width=20)
   ->  Sort  (cost=1736519.69..1761519.54 rows=9999939 width=20)
         Sort Key: s_2.a, s_2.b, s_2.c
         ->  Seq Scan on s_2  (cost=0.00..163694.39 rows=9999939 width=20)
(4 rows)

===== 96 [Wed Mar  7 14:20:41 CET 2018] scale:10000000 groups:100 work_mem:8MB incremental:off max_workers:0 =====
SELECT * FROM s_3 ORDER BY a, b, c, d
                                 QUERY PLAN                                 
----------------------------------------------------------------------------
 Limit  (cost=1861542.72..1861542.72 rows=1 width=20)
   ->  Sort  (cost=1736542.04..1761542.18 rows=10000054 width=20)
         Sort Key: s_3.a, s_3.b, s_3.c, s_3.d
         ->  Seq Scan on s_3  (cost=0.00..163695.54 rows=10000054 width=20)
(4 rows)

===== 97 [Wed Mar  7 14:21:22 CET 2018] scale:10000000 groups:100 work_mem:16MB incremental:on max_workers:0 =====
SELECT * FROM s_1 ORDER BY a, b
                                                QUERY PLAN                                                
----------------------------------------------------------------------------------------------------------
 Limit  (cost=1453070.74..1453070.74 rows=1 width=20)
   ->  Incremental Sort  (cost=11664.62..1353071.35 rows=9999939 width=20)
         Sort Key: s_1.a, s_1.b
         Presorted Key: s_1.a
         ->  Index Only Scan using s_1_a_e_d_c_b_idx on s_1  (cost=0.56..348311.65 rows=9999939 width=20)
(5 rows)

===== 98 [Wed Mar  7 14:21:50 CET 2018] scale:10000000 groups:100 work_mem:16MB incremental:on max_workers:0 =====
SELECT * FROM s_2 ORDER BY a, b, c
                                                QUERY PLAN                                                
----------------------------------------------------------------------------------------------------------
 Limit  (cost=1120364.20..1120364.20 rows=1 width=20)
   ->  Incremental Sort  (cost=83.41..1020364.81 rows=9999939 width=20)
         Sort Key: s_2.a, s_2.b, s_2.c
         Presorted Key: s_2.a, s_2.b
         ->  Index Only Scan using s_2_a_b_e_d_c_idx on s_2  (cost=0.56..348311.65 rows=9999939 width=20)
(5 rows)

===== 99 [Wed Mar  7 14:22:15 CET 2018] scale:10000000 groups:100 work_mem:16MB incremental:on max_workers:0 =====
SELECT * FROM s_3 ORDER BY a, b, c, d
                                                QUERY PLAN                                                 
-----------------------------------------------------------------------------------------------------------
 Limit  (cost=809412.29..809412.29 rows=1 width=20)
   ->  Incremental Sort  (cost=1.07..709411.75 rows=10000054 width=20)
         Sort Key: s_3.a, s_3.b, s_3.c, s_3.d
         Presorted Key: s_3.a, s_3.b, s_3.c
         ->  Index Only Scan using s_3_a_b_c_e_d_idx on s_3  (cost=0.56..348313.37 rows=10000054 width=20)
(5 rows)

===== 100 [Wed Mar  7 14:22:38 CET 2018] scale:10000000 groups:100 work_mem:16MB incremental:off max_workers:0 =====
SELECT * FROM s_1 ORDER BY a, b
                                QUERY PLAN                                 
---------------------------------------------------------------------------
 Limit  (cost=1656439.93..1656439.93 rows=1 width=20)
   ->  Sort  (cost=1531440.69..1556440.54 rows=9999939 width=20)
         Sort Key: s_1.a, s_1.b
         ->  Seq Scan on s_1  (cost=0.00..163694.39 rows=9999939 width=20)
(4 rows)

===== 101 [Wed Mar  7 14:23:05 CET 2018] scale:10000000 groups:100 work_mem:16MB incremental:off max_workers:0 =====
SELECT * FROM s_2 ORDER BY a, b, c
                                QUERY PLAN                                 
---------------------------------------------------------------------------
 Limit  (cost=1656439.93..1656439.93 rows=1 width=20)
   ->  Sort  (cost=1531440.69..1556440.54 rows=9999939 width=20)
         Sort Key: s_2.a, s_2.b, s_2.c
         ->  Seq Scan on s_2  (cost=0.00..163694.39 rows=9999939 width=20)
(4 rows)

===== 102 [Wed Mar  7 14:23:37 CET 2018] scale:10000000 groups:100 work_mem:16MB incremental:off max_workers:0 =====
SELECT * FROM s_3 ORDER BY a, b, c, d
                                 QUERY PLAN                                 
----------------------------------------------------------------------------
 Limit  (cost=1656460.22..1656460.22 rows=1 width=20)
   ->  Sort  (cost=1531459.54..1556459.68 rows=10000054 width=20)
         Sort Key: s_3.a, s_3.b, s_3.c, s_3.d
         ->  Seq Scan on s_3  (cost=0.00..163695.54 rows=10000054 width=20)
(4 rows)

===== 103 [Wed Mar  7 14:24:13 CET 2018] scale:10000000 groups:100 work_mem:32MB incremental:on max_workers:0 =====
SELECT * FROM s_1 ORDER BY a, b
                                                QUERY PLAN                                                
----------------------------------------------------------------------------------------------------------
 Limit  (cost=1453070.74..1453070.74 rows=1 width=20)
   ->  Incremental Sort  (cost=11664.62..1353071.35 rows=9999939 width=20)
         Sort Key: s_1.a, s_1.b
         Presorted Key: s_1.a
         ->  Index Only Scan using s_1_a_e_d_c_b_idx on s_1  (cost=0.56..348311.65 rows=9999939 width=20)
(5 rows)

===== 104 [Wed Mar  7 14:24:41 CET 2018] scale:10000000 groups:100 work_mem:32MB incremental:on max_workers:0 =====
SELECT * FROM s_2 ORDER BY a, b, c
                                                QUERY PLAN                                                
----------------------------------------------------------------------------------------------------------
 Limit  (cost=1120364.20..1120364.20 rows=1 width=20)
   ->  Incremental Sort  (cost=83.41..1020364.81 rows=9999939 width=20)
         Sort Key: s_2.a, s_2.b, s_2.c
         Presorted Key: s_2.a, s_2.b
         ->  Index Only Scan using s_2_a_b_e_d_c_idx on s_2  (cost=0.56..348311.65 rows=9999939 width=20)
(5 rows)

===== 105 [Wed Mar  7 14:25:06 CET 2018] scale:10000000 groups:100 work_mem:32MB incremental:on max_workers:0 =====
SELECT * FROM s_3 ORDER BY a, b, c, d
                                                QUERY PLAN                                                 
-----------------------------------------------------------------------------------------------------------
 Limit  (cost=809412.29..809412.29 rows=1 width=20)
   ->  Incremental Sort  (cost=1.07..709411.75 rows=10000054 width=20)
         Sort Key: s_3.a, s_3.b, s_3.c, s_3.d
         Presorted Key: s_3.a, s_3.b, s_3.c
         ->  Index Only Scan using s_3_a_b_c_e_d_idx on s_3  (cost=0.56..348313.37 rows=10000054 width=20)
(5 rows)

===== 106 [Wed Mar  7 14:25:29 CET 2018] scale:10000000 groups:100 work_mem:32MB incremental:off max_workers:0 =====
SELECT * FROM s_1 ORDER BY a, b
                                QUERY PLAN                                 
---------------------------------------------------------------------------
 Limit  (cost=1656439.93..1656439.93 rows=1 width=20)
   ->  Sort  (cost=1531440.69..1556440.54 rows=9999939 width=20)
         Sort Key: s_1.a, s_1.b
         ->  Seq Scan on s_1  (cost=0.00..163694.39 rows=9999939 width=20)
(4 rows)

===== 107 [Wed Mar  7 14:25:57 CET 2018] scale:10000000 groups:100 work_mem:32MB incremental:off max_workers:0 =====
SELECT * FROM s_2 ORDER BY a, b, c
                                QUERY PLAN                                 
---------------------------------------------------------------------------
 Limit  (cost=1656439.93..1656439.93 rows=1 width=20)
   ->  Sort  (cost=1531440.69..1556440.54 rows=9999939 width=20)
         Sort Key: s_2.a, s_2.b, s_2.c
         ->  Seq Scan on s_2  (cost=0.00..163694.39 rows=9999939 width=20)
(4 rows)

===== 108 [Wed Mar  7 14:26:29 CET 2018] scale:10000000 groups:100 work_mem:32MB incremental:off max_workers:0 =====
SELECT * FROM s_3 ORDER BY a, b, c, d
                                 QUERY PLAN                                 
----------------------------------------------------------------------------
 Limit  (cost=1656460.22..1656460.22 rows=1 width=20)
   ->  Sort  (cost=1531459.54..1556459.68 rows=10000054 width=20)
         Sort Key: s_3.a, s_3.b, s_3.c, s_3.d
         ->  Seq Scan on s_3  (cost=0.00..163695.54 rows=10000054 width=20)
(4 rows)

===== 109 [Wed Mar  7 14:27:06 CET 2018] scale:10000000 groups:100 work_mem:64MB incremental:on max_workers:0 =====
SELECT * FROM s_1 ORDER BY a, b
                                                QUERY PLAN                                                
----------------------------------------------------------------------------------------------------------
 Limit  (cost=1453070.74..1453070.74 rows=1 width=20)
   ->  Incremental Sort  (cost=11664.62..1353071.35 rows=9999939 width=20)
         Sort Key: s_1.a, s_1.b
         Presorted Key: s_1.a
         ->  Index Only Scan using s_1_a_e_d_c_b_idx on s_1  (cost=0.56..348311.65 rows=9999939 width=20)
(5 rows)

===== 110 [Wed Mar  7 14:27:34 CET 2018] scale:10000000 groups:100 work_mem:64MB incremental:on max_workers:0 =====
SELECT * FROM s_2 ORDER BY a, b, c
                                                QUERY PLAN                                                
----------------------------------------------------------------------------------------------------------
 Limit  (cost=1120364.20..1120364.20 rows=1 width=20)
   ->  Incremental Sort  (cost=83.41..1020364.81 rows=9999939 width=20)
         Sort Key: s_2.a, s_2.b, s_2.c
         Presorted Key: s_2.a, s_2.b
         ->  Index Only Scan using s_2_a_b_e_d_c_idx on s_2  (cost=0.56..348311.65 rows=9999939 width=20)
(5 rows)

===== 111 [Wed Mar  7 14:27:59 CET 2018] scale:10000000 groups:100 work_mem:64MB incremental:on max_workers:0 =====
SELECT * FROM s_3 ORDER BY a, b, c, d
                                                QUERY PLAN                                                 
-----------------------------------------------------------------------------------------------------------
 Limit  (cost=809412.29..809412.29 rows=1 width=20)
   ->  Incremental Sort  (cost=1.07..709411.75 rows=10000054 width=20)
         Sort Key: s_3.a, s_3.b, s_3.c, s_3.d
         Presorted Key: s_3.a, s_3.b, s_3.c
         ->  Index Only Scan using s_3_a_b_c_e_d_idx on s_3  (cost=0.56..348313.37 rows=10000054 width=20)
(5 rows)

===== 112 [Wed Mar  7 14:28:22 CET 2018] scale:10000000 groups:100 work_mem:64MB incremental:off max_workers:0 =====
SELECT * FROM s_1 ORDER BY a, b
                                QUERY PLAN                                 
---------------------------------------------------------------------------
 Limit  (cost=1656439.93..1656439.93 rows=1 width=20)
   ->  Sort  (cost=1531440.69..1556440.54 rows=9999939 width=20)
         Sort Key: s_1.a, s_1.b
         ->  Seq Scan on s_1  (cost=0.00..163694.39 rows=9999939 width=20)
(4 rows)

===== 113 [Wed Mar  7 14:28:50 CET 2018] scale:10000000 groups:100 work_mem:64MB incremental:off max_workers:0 =====
SELECT * FROM s_2 ORDER BY a, b, c
                                QUERY PLAN                                 
---------------------------------------------------------------------------
 Limit  (cost=1656439.93..1656439.93 rows=1 width=20)
   ->  Sort  (cost=1531440.69..1556440.54 rows=9999939 width=20)
         Sort Key: s_2.a, s_2.b, s_2.c
         ->  Seq Scan on s_2  (cost=0.00..163694.39 rows=9999939 width=20)
(4 rows)

===== 114 [Wed Mar  7 14:29:23 CET 2018] scale:10000000 groups:100 work_mem:64MB incremental:off max_workers:0 =====
SELECT * FROM s_3 ORDER BY a, b, c, d
                                 QUERY PLAN                                 
----------------------------------------------------------------------------
 Limit  (cost=1656460.22..1656460.22 rows=1 width=20)
   ->  Sort  (cost=1531459.54..1556459.68 rows=10000054 width=20)
         Sort Key: s_3.a, s_3.b, s_3.c, s_3.d
         ->  Seq Scan on s_3  (cost=0.00..163695.54 rows=10000054 width=20)
(4 rows)

===== 115 [Wed Mar  7 14:30:01 CET 2018] scale:10000000 groups:100 work_mem:128MB incremental:on max_workers:0 =====
SELECT * FROM s_1 ORDER BY a, b
                                                QUERY PLAN                                                
----------------------------------------------------------------------------------------------------------
 Limit  (cost=1453070.74..1453070.74 rows=1 width=20)
   ->  Incremental Sort  (cost=11664.62..1353071.35 rows=9999939 width=20)
         Sort Key: s_1.a, s_1.b
         Presorted Key: s_1.a
         ->  Index Only Scan using s_1_a_e_d_c_b_idx on s_1  (cost=0.56..348311.65 rows=9999939 width=20)
(5 rows)

===== 116 [Wed Mar  7 14:30:29 CET 2018] scale:10000000 groups:100 work_mem:128MB incremental:on max_workers:0 =====
SELECT * FROM s_2 ORDER BY a, b, c
                                                QUERY PLAN                                                
----------------------------------------------------------------------------------------------------------
 Limit  (cost=1120364.20..1120364.20 rows=1 width=20)
   ->  Incremental Sort  (cost=83.41..1020364.81 rows=9999939 width=20)
         Sort Key: s_2.a, s_2.b, s_2.c
         Presorted Key: s_2.a, s_2.b
         ->  Index Only Scan using s_2_a_b_e_d_c_idx on s_2  (cost=0.56..348311.65 rows=9999939 width=20)
(5 rows)

===== 117 [Wed Mar  7 14:30:53 CET 2018] scale:10000000 groups:100 work_mem:128MB incremental:on max_workers:0 =====
SELECT * FROM s_3 ORDER BY a, b, c, d
                                                QUERY PLAN                                                 
-----------------------------------------------------------------------------------------------------------
 Limit  (cost=809412.29..809412.29 rows=1 width=20)
   ->  Incremental Sort  (cost=1.07..709411.75 rows=10000054 width=20)
         Sort Key: s_3.a, s_3.b, s_3.c, s_3.d
         Presorted Key: s_3.a, s_3.b, s_3.c
         ->  Index Only Scan using s_3_a_b_c_e_d_idx on s_3  (cost=0.56..348313.37 rows=10000054 width=20)
(5 rows)

===== 118 [Wed Mar  7 14:31:16 CET 2018] scale:10000000 groups:100 work_mem:128MB incremental:off max_workers:0 =====
SELECT * FROM s_1 ORDER BY a, b
                                QUERY PLAN                                 
---------------------------------------------------------------------------
 Limit  (cost=1656439.93..1656439.93 rows=1 width=20)
   ->  Sort  (cost=1531440.69..1556440.54 rows=9999939 width=20)
         Sort Key: s_1.a, s_1.b
         ->  Seq Scan on s_1  (cost=0.00..163694.39 rows=9999939 width=20)
(4 rows)

===== 119 [Wed Mar  7 14:31:45 CET 2018] scale:10000000 groups:100 work_mem:128MB incremental:off max_workers:0 =====
SELECT * FROM s_2 ORDER BY a, b, c
                                QUERY PLAN                                 
---------------------------------------------------------------------------
 Limit  (cost=1656439.93..1656439.93 rows=1 width=20)
   ->  Sort  (cost=1531440.69..1556440.54 rows=9999939 width=20)
         Sort Key: s_2.a, s_2.b, s_2.c
         ->  Seq Scan on s_2  (cost=0.00..163694.39 rows=9999939 width=20)
(4 rows)

===== 120 [Wed Mar  7 14:32:19 CET 2018] scale:10000000 groups:100 work_mem:128MB incremental:off max_workers:0 =====
SELECT * FROM s_3 ORDER BY a, b, c, d
                                 QUERY PLAN                                 
----------------------------------------------------------------------------
 Limit  (cost=1656460.22..1656460.22 rows=1 width=20)
   ->  Sort  (cost=1531459.54..1556459.68 rows=10000054 width=20)
         Sort Key: s_3.a, s_3.b, s_3.c, s_3.d
         ->  Seq Scan on s_3  (cost=0.00..163695.54 rows=10000054 width=20)
(4 rows)

===== 121 [Wed Mar  7 14:32:58 CET 2018] scale:10000000 groups:100 work_mem:256MB incremental:on max_workers:0 =====
SELECT * FROM s_1 ORDER BY a, b
                                                QUERY PLAN                                                
----------------------------------------------------------------------------------------------------------
 Limit  (cost=1453070.74..1453070.74 rows=1 width=20)
   ->  Incremental Sort  (cost=11664.62..1353071.35 rows=9999939 width=20)
         Sort Key: s_1.a, s_1.b
         Presorted Key: s_1.a
         ->  Index Only Scan using s_1_a_e_d_c_b_idx on s_1  (cost=0.56..348311.65 rows=9999939 width=20)
(5 rows)

===== 122 [Wed Mar  7 14:33:25 CET 2018] scale:10000000 groups:100 work_mem:256MB incremental:on max_workers:0 =====
SELECT * FROM s_2 ORDER BY a, b, c
                                                QUERY PLAN                                                
----------------------------------------------------------------------------------------------------------
 Limit  (cost=1120364.20..1120364.20 rows=1 width=20)
   ->  Incremental Sort  (cost=83.41..1020364.81 rows=9999939 width=20)
         Sort Key: s_2.a, s_2.b, s_2.c
         Presorted Key: s_2.a, s_2.b
         ->  Index Only Scan using s_2_a_b_e_d_c_idx on s_2  (cost=0.56..348311.65 rows=9999939 width=20)
(5 rows)

===== 123 [Wed Mar  7 14:33:50 CET 2018] scale:10000000 groups:100 work_mem:256MB incremental:on max_workers:0 =====
SELECT * FROM s_3 ORDER BY a, b, c, d
                                                QUERY PLAN                                                 
-----------------------------------------------------------------------------------------------------------
 Limit  (cost=809412.29..809412.29 rows=1 width=20)
   ->  Incremental Sort  (cost=1.07..709411.75 rows=10000054 width=20)
         Sort Key: s_3.a, s_3.b, s_3.c, s_3.d
         Presorted Key: s_3.a, s_3.b, s_3.c
         ->  Index Only Scan using s_3_a_b_c_e_d_idx on s_3  (cost=0.56..348313.37 rows=10000054 width=20)
(5 rows)

===== 124 [Wed Mar  7 14:34:14 CET 2018] scale:10000000 groups:100 work_mem:256MB incremental:off max_workers:0 =====
SELECT * FROM s_1 ORDER BY a, b
                                QUERY PLAN                                 
---------------------------------------------------------------------------
 Limit  (cost=1656439.93..1656439.93 rows=1 width=20)
   ->  Sort  (cost=1531440.69..1556440.54 rows=9999939 width=20)
         Sort Key: s_1.a, s_1.b
         ->  Seq Scan on s_1  (cost=0.00..163694.39 rows=9999939 width=20)
(4 rows)

===== 125 [Wed Mar  7 14:34:43 CET 2018] scale:10000000 groups:100 work_mem:256MB incremental:off max_workers:0 =====
SELECT * FROM s_2 ORDER BY a, b, c
                                QUERY PLAN                                 
---------------------------------------------------------------------------
 Limit  (cost=1656439.93..1656439.93 rows=1 width=20)
   ->  Sort  (cost=1531440.69..1556440.54 rows=9999939 width=20)
         Sort Key: s_2.a, s_2.b, s_2.c
         ->  Seq Scan on s_2  (cost=0.00..163694.39 rows=9999939 width=20)
(4 rows)

===== 126 [Wed Mar  7 14:35:18 CET 2018] scale:10000000 groups:100 work_mem:256MB incremental:off max_workers:0 =====
SELECT * FROM s_3 ORDER BY a, b, c, d
                                 QUERY PLAN                                 
----------------------------------------------------------------------------
 Limit  (cost=1656460.22..1656460.22 rows=1 width=20)
   ->  Sort  (cost=1531459.54..1556459.68 rows=10000054 width=20)
         Sort Key: s_3.a, s_3.b, s_3.c, s_3.d
         ->  Seq Scan on s_3  (cost=0.00..163695.54 rows=10000054 width=20)
(4 rows)

===== 127 [Wed Mar  7 14:35:57 CET 2018] scale:10000000 groups:100 work_mem:4MB incremental:on max_workers:2 =====
SELECT * FROM s_1 ORDER BY a, b
                                                QUERY PLAN                                                
----------------------------------------------------------------------------------------------------------
 Limit  (cost=1658454.24..1658454.24 rows=1 width=20)
   ->  Incremental Sort  (cost=13698.12..1558454.85 rows=9999939 width=20)
         Sort Key: s_1.a, s_1.b
         Presorted Key: s_1.a
         ->  Index Only Scan using s_1_a_e_d_c_b_idx on s_1  (cost=0.56..348311.65 rows=9999939 width=20)
(5 rows)

===== 128 [Wed Mar  7 14:36:27 CET 2018] scale:10000000 groups:100 work_mem:4MB incremental:on max_workers:2 =====
SELECT * FROM s_2 ORDER BY a, b, c
                                                QUERY PLAN                                                
----------------------------------------------------------------------------------------------------------
 Limit  (cost=1120364.20..1120364.20 rows=1 width=20)
   ->  Incremental Sort  (cost=83.41..1020364.81 rows=9999939 width=20)
         Sort Key: s_2.a, s_2.b, s_2.c
         Presorted Key: s_2.a, s_2.b
         ->  Index Only Scan using s_2_a_b_e_d_c_idx on s_2  (cost=0.56..348311.65 rows=9999939 width=20)
(5 rows)

===== 129 [Wed Mar  7 14:36:52 CET 2018] scale:10000000 groups:100 work_mem:4MB incremental:on max_workers:2 =====
SELECT * FROM s_3 ORDER BY a, b, c, d
                                                QUERY PLAN                                                 
-----------------------------------------------------------------------------------------------------------
 Limit  (cost=809412.29..809412.29 rows=1 width=20)
   ->  Incremental Sort  (cost=1.07..709411.75 rows=10000054 width=20)
         Sort Key: s_3.a, s_3.b, s_3.c, s_3.d
         Presorted Key: s_3.a, s_3.b, s_3.c
         ->  Index Only Scan using s_3_a_b_c_e_d_idx on s_3  (cost=0.56..348313.37 rows=10000054 width=20)
(5 rows)

===== 130 [Wed Mar  7 14:37:15 CET 2018] scale:10000000 groups:100 work_mem:4MB incremental:off max_workers:2 =====
SELECT * FROM s_1 ORDER BY a, b
                                        QUERY PLAN                                        
------------------------------------------------------------------------------------------
 Limit  (cost=1791007.99..1791007.99 rows=1 width=20)
   ->  Gather Merge  (cost=735391.06..1707675.17 rows=8333282 width=20)
         Workers Planned: 2
         ->  Sort  (cost=734391.04..744807.64 rows=4166641 width=20)
               Sort Key: s_1.a, s_1.b
               ->  Parallel Seq Scan on s_1  (cost=0.00..105361.41 rows=4166641 width=20)
(6 rows)

===== 131 [Wed Mar  7 14:37:34 CET 2018] scale:10000000 groups:100 work_mem:4MB incremental:off max_workers:2 =====
SELECT * FROM s_2 ORDER BY a, b, c
                                        QUERY PLAN                                        
------------------------------------------------------------------------------------------
 Limit  (cost=1791007.99..1791007.99 rows=1 width=20)
   ->  Gather Merge  (cost=735391.06..1707675.17 rows=8333282 width=20)
         Workers Planned: 2
         ->  Sort  (cost=734391.04..744807.64 rows=4166641 width=20)
               Sort Key: s_2.a, s_2.b, s_2.c
               ->  Parallel Seq Scan on s_2  (cost=0.00..105361.41 rows=4166641 width=20)
(6 rows)

===== 132 [Wed Mar  7 14:37:56 CET 2018] scale:10000000 groups:100 work_mem:4MB incremental:off max_workers:2 =====
SELECT * FROM s_3 ORDER BY a, b, c, d
                                        QUERY PLAN                                        
------------------------------------------------------------------------------------------
 Limit  (cost=1791033.26..1791033.26 rows=1 width=20)
   ->  Gather Merge  (cost=735404.16..1707699.48 rows=8333378 width=20)
         Workers Planned: 2
         ->  Sort  (cost=734404.14..744820.86 rows=4166689 width=20)
               Sort Key: s_3.a, s_3.b, s_3.c, s_3.d
               ->  Parallel Seq Scan on s_3  (cost=0.00..105361.89 rows=4166689 width=20)
(6 rows)

===== 133 [Wed Mar  7 14:38:19 CET 2018] scale:10000000 groups:100 work_mem:8MB incremental:on max_workers:2 =====
SELECT * FROM s_1 ORDER BY a, b
                                                QUERY PLAN                                                
----------------------------------------------------------------------------------------------------------
 Limit  (cost=1453070.74..1453070.74 rows=1 width=20)
   ->  Incremental Sort  (cost=11664.62..1353071.35 rows=9999939 width=20)
         Sort Key: s_1.a, s_1.b
         Presorted Key: s_1.a
         ->  Index Only Scan using s_1_a_e_d_c_b_idx on s_1  (cost=0.56..348311.65 rows=9999939 width=20)
(5 rows)

===== 134 [Wed Mar  7 14:38:52 CET 2018] scale:10000000 groups:100 work_mem:8MB incremental:on max_workers:2 =====
SELECT * FROM s_2 ORDER BY a, b, c
                                                QUERY PLAN                                                
----------------------------------------------------------------------------------------------------------
 Limit  (cost=1120364.20..1120364.20 rows=1 width=20)
   ->  Incremental Sort  (cost=83.41..1020364.81 rows=9999939 width=20)
         Sort Key: s_2.a, s_2.b, s_2.c
         Presorted Key: s_2.a, s_2.b
         ->  Index Only Scan using s_2_a_b_e_d_c_idx on s_2  (cost=0.56..348311.65 rows=9999939 width=20)
(5 rows)

===== 135 [Wed Mar  7 14:39:17 CET 2018] scale:10000000 groups:100 work_mem:8MB incremental:on max_workers:2 =====
SELECT * FROM s_3 ORDER BY a, b, c, d
                                                QUERY PLAN                                                 
-----------------------------------------------------------------------------------------------------------
 Limit  (cost=809412.29..809412.29 rows=1 width=20)
   ->  Incremental Sort  (cost=1.07..709411.75 rows=10000054 width=20)
         Sort Key: s_3.a, s_3.b, s_3.c, s_3.d
         Presorted Key: s_3.a, s_3.b, s_3.c
         ->  Index Only Scan using s_3_a_b_c_e_d_idx on s_3  (cost=0.56..348313.37 rows=10000054 width=20)
(5 rows)

===== 136 [Wed Mar  7 14:39:40 CET 2018] scale:10000000 groups:100 work_mem:8MB incremental:off max_workers:2 =====
SELECT * FROM s_1 ORDER BY a, b
                                        QUERY PLAN                                        
------------------------------------------------------------------------------------------
 Limit  (cost=1705558.99..1705558.99 rows=1 width=20)
   ->  Gather Merge  (cost=649942.06..1622226.17 rows=8333282 width=20)
         Workers Planned: 2
         ->  Sort  (cost=648942.04..659358.64 rows=4166641 width=20)
               Sort Key: s_1.a, s_1.b
               ->  Parallel Seq Scan on s_1  (cost=0.00..105361.41 rows=4166641 width=20)
(6 rows)

===== 137 [Wed Mar  7 14:39:58 CET 2018] scale:10000000 groups:100 work_mem:8MB incremental:off max_workers:2 =====
SELECT * FROM s_2 ORDER BY a, b, c
                                        QUERY PLAN                                        
------------------------------------------------------------------------------------------
 Limit  (cost=1705558.99..1705558.99 rows=1 width=20)
   ->  Gather Merge  (cost=649942.06..1622226.17 rows=8333282 width=20)
         Workers Planned: 2
         ->  Sort  (cost=648942.04..659358.64 rows=4166641 width=20)
               Sort Key: s_2.a, s_2.b, s_2.c
               ->  Parallel Seq Scan on s_2  (cost=0.00..105361.41 rows=4166641 width=20)
(6 rows)

===== 138 [Wed Mar  7 14:40:19 CET 2018] scale:10000000 groups:100 work_mem:8MB incremental:off max_workers:2 =====
SELECT * FROM s_3 ORDER BY a, b, c, d
                                        QUERY PLAN                                        
------------------------------------------------------------------------------------------
 Limit  (cost=1705580.76..1705580.76 rows=1 width=20)
   ->  Gather Merge  (cost=649951.66..1622246.98 rows=8333378 width=20)
         Workers Planned: 2
         ->  Sort  (cost=648951.64..659368.36 rows=4166689 width=20)
               Sort Key: s_3.a, s_3.b, s_3.c, s_3.d
               ->  Parallel Seq Scan on s_3  (cost=0.00..105361.89 rows=4166689 width=20)
(6 rows)

===== 139 [Wed Mar  7 14:40:40 CET 2018] scale:10000000 groups:100 work_mem:16MB incremental:on max_workers:2 =====
SELECT * FROM s_1 ORDER BY a, b
                                                QUERY PLAN                                                
----------------------------------------------------------------------------------------------------------
 Limit  (cost=1453070.74..1453070.74 rows=1 width=20)
   ->  Incremental Sort  (cost=11664.62..1353071.35 rows=9999939 width=20)
         Sort Key: s_1.a, s_1.b
         Presorted Key: s_1.a
         ->  Index Only Scan using s_1_a_e_d_c_b_idx on s_1  (cost=0.56..348311.65 rows=9999939 width=20)
(5 rows)

===== 140 [Wed Mar  7 14:41:08 CET 2018] scale:10000000 groups:100 work_mem:16MB incremental:on max_workers:2 =====
SELECT * FROM s_2 ORDER BY a, b, c
                                                QUERY PLAN                                                
----------------------------------------------------------------------------------------------------------
 Limit  (cost=1120364.20..1120364.20 rows=1 width=20)
   ->  Incremental Sort  (cost=83.41..1020364.81 rows=9999939 width=20)
         Sort Key: s_2.a, s_2.b, s_2.c
         Presorted Key: s_2.a, s_2.b
         ->  Index Only Scan using s_2_a_b_e_d_c_idx on s_2  (cost=0.56..348311.65 rows=9999939 width=20)
(5 rows)

===== 141 [Wed Mar  7 14:41:33 CET 2018] scale:10000000 groups:100 work_mem:16MB incremental:on max_workers:2 =====
SELECT * FROM s_3 ORDER BY a, b, c, d
                                                QUERY PLAN                                                 
-----------------------------------------------------------------------------------------------------------
 Limit  (cost=809412.29..809412.29 rows=1 width=20)
   ->  Incremental Sort  (cost=1.07..709411.75 rows=10000054 width=20)
         Sort Key: s_3.a, s_3.b, s_3.c, s_3.d
         Presorted Key: s_3.a, s_3.b, s_3.c
         ->  Index Only Scan using s_3_a_b_c_e_d_idx on s_3  (cost=0.56..348313.37 rows=10000054 width=20)
(5 rows)

===== 142 [Wed Mar  7 14:41:56 CET 2018] scale:10000000 groups:100 work_mem:16MB incremental:off max_workers:2 =====
SELECT * FROM s_1 ORDER BY a, b
                                QUERY PLAN                                 
---------------------------------------------------------------------------
 Limit  (cost=1656439.93..1656439.93 rows=1 width=20)
   ->  Sort  (cost=1531440.69..1556440.54 rows=9999939 width=20)
         Sort Key: s_1.a, s_1.b
         ->  Seq Scan on s_1  (cost=0.00..163694.39 rows=9999939 width=20)
(4 rows)

===== 143 [Wed Mar  7 14:42:22 CET 2018] scale:10000000 groups:100 work_mem:16MB incremental:off max_workers:2 =====
SELECT * FROM s_2 ORDER BY a, b, c
                                QUERY PLAN                                 
---------------------------------------------------------------------------
 Limit  (cost=1656439.93..1656439.93 rows=1 width=20)
   ->  Sort  (cost=1531440.69..1556440.54 rows=9999939 width=20)
         Sort Key: s_2.a, s_2.b, s_2.c
         ->  Seq Scan on s_2  (cost=0.00..163694.39 rows=9999939 width=20)
(4 rows)

===== 144 [Wed Mar  7 14:42:55 CET 2018] scale:10000000 groups:100 work_mem:16MB incremental:off max_workers:2 =====
SELECT * FROM s_3 ORDER BY a, b, c, d
                                 QUERY PLAN                                 
----------------------------------------------------------------------------
 Limit  (cost=1656460.22..1656460.22 rows=1 width=20)
   ->  Sort  (cost=1531459.54..1556459.68 rows=10000054 width=20)
         Sort Key: s_3.a, s_3.b, s_3.c, s_3.d
         ->  Seq Scan on s_3  (cost=0.00..163695.54 rows=10000054 width=20)
(4 rows)

===== 145 [Wed Mar  7 14:43:31 CET 2018] scale:10000000 groups:100 work_mem:32MB incremental:on max_workers:2 =====
SELECT * FROM s_1 ORDER BY a, b
                                                QUERY PLAN                                                
----------------------------------------------------------------------------------------------------------
 Limit  (cost=1453070.74..1453070.74 rows=1 width=20)
   ->  Incremental Sort  (cost=11664.62..1353071.35 rows=9999939 width=20)
         Sort Key: s_1.a, s_1.b
         Presorted Key: s_1.a
         ->  Index Only Scan using s_1_a_e_d_c_b_idx on s_1  (cost=0.56..348311.65 rows=9999939 width=20)
(5 rows)

===== 146 [Wed Mar  7 14:43:59 CET 2018] scale:10000000 groups:100 work_mem:32MB incremental:on max_workers:2 =====
SELECT * FROM s_2 ORDER BY a, b, c
                                                QUERY PLAN                                                
----------------------------------------------------------------------------------------------------------
 Limit  (cost=1120364.20..1120364.20 rows=1 width=20)
   ->  Incremental Sort  (cost=83.41..1020364.81 rows=9999939 width=20)
         Sort Key: s_2.a, s_2.b, s_2.c
         Presorted Key: s_2.a, s_2.b
         ->  Index Only Scan using s_2_a_b_e_d_c_idx on s_2  (cost=0.56..348311.65 rows=9999939 width=20)
(5 rows)

===== 147 [Wed Mar  7 14:44:24 CET 2018] scale:10000000 groups:100 work_mem:32MB incremental:on max_workers:2 =====
SELECT * FROM s_3 ORDER BY a, b, c, d
                                                QUERY PLAN                                                 
-----------------------------------------------------------------------------------------------------------
 Limit  (cost=809412.29..809412.29 rows=1 width=20)
   ->  Incremental Sort  (cost=1.07..709411.75 rows=10000054 width=20)
         Sort Key: s_3.a, s_3.b, s_3.c, s_3.d
         Presorted Key: s_3.a, s_3.b, s_3.c
         ->  Index Only Scan using s_3_a_b_c_e_d_idx on s_3  (cost=0.56..348313.37 rows=10000054 width=20)
(5 rows)

===== 148 [Wed Mar  7 14:44:47 CET 2018] scale:10000000 groups:100 work_mem:32MB incremental:off max_workers:2 =====
SELECT * FROM s_1 ORDER BY a, b
                                QUERY PLAN                                 
---------------------------------------------------------------------------
 Limit  (cost=1656439.93..1656439.93 rows=1 width=20)
   ->  Sort  (cost=1531440.69..1556440.54 rows=9999939 width=20)
         Sort Key: s_1.a, s_1.b
         ->  Seq Scan on s_1  (cost=0.00..163694.39 rows=9999939 width=20)
(4 rows)

===== 149 [Wed Mar  7 14:45:14 CET 2018] scale:10000000 groups:100 work_mem:32MB incremental:off max_workers:2 =====
SELECT * FROM s_2 ORDER BY a, b, c
                                QUERY PLAN                                 
---------------------------------------------------------------------------
 Limit  (cost=1656439.93..1656439.93 rows=1 width=20)
   ->  Sort  (cost=1531440.69..1556440.54 rows=9999939 width=20)
         Sort Key: s_2.a, s_2.b, s_2.c
         ->  Seq Scan on s_2  (cost=0.00..163694.39 rows=9999939 width=20)
(4 rows)

===== 150 [Wed Mar  7 14:45:46 CET 2018] scale:10000000 groups:100 work_mem:32MB incremental:off max_workers:2 =====
SELECT * FROM s_3 ORDER BY a, b, c, d
                                 QUERY PLAN                                 
----------------------------------------------------------------------------
 Limit  (cost=1656460.22..1656460.22 rows=1 width=20)
   ->  Sort  (cost=1531459.54..1556459.68 rows=10000054 width=20)
         Sort Key: s_3.a, s_3.b, s_3.c, s_3.d
         ->  Seq Scan on s_3  (cost=0.00..163695.54 rows=10000054 width=20)
(4 rows)

===== 151 [Wed Mar  7 14:46:23 CET 2018] scale:10000000 groups:100 work_mem:64MB incremental:on max_workers:2 =====
SELECT * FROM s_1 ORDER BY a, b
                                                QUERY PLAN                                                
----------------------------------------------------------------------------------------------------------
 Limit  (cost=1453070.74..1453070.74 rows=1 width=20)
   ->  Incremental Sort  (cost=11664.62..1353071.35 rows=9999939 width=20)
         Sort Key: s_1.a, s_1.b
         Presorted Key: s_1.a
         ->  Index Only Scan using s_1_a_e_d_c_b_idx on s_1  (cost=0.56..348311.65 rows=9999939 width=20)
(5 rows)

===== 152 [Wed Mar  7 14:46:51 CET 2018] scale:10000000 groups:100 work_mem:64MB incremental:on max_workers:2 =====
SELECT * FROM s_2 ORDER BY a, b, c
                                                QUERY PLAN                                                
----------------------------------------------------------------------------------------------------------
 Limit  (cost=1120364.20..1120364.20 rows=1 width=20)
   ->  Incremental Sort  (cost=83.41..1020364.81 rows=9999939 width=20)
         Sort Key: s_2.a, s_2.b, s_2.c
         Presorted Key: s_2.a, s_2.b
         ->  Index Only Scan using s_2_a_b_e_d_c_idx on s_2  (cost=0.56..348311.65 rows=9999939 width=20)
(5 rows)

===== 153 [Wed Mar  7 14:47:16 CET 2018] scale:10000000 groups:100 work_mem:64MB incremental:on max_workers:2 =====
SELECT * FROM s_3 ORDER BY a, b, c, d
                                                QUERY PLAN                                                 
-----------------------------------------------------------------------------------------------------------
 Limit  (cost=809412.29..809412.29 rows=1 width=20)
   ->  Incremental Sort  (cost=1.07..709411.75 rows=10000054 width=20)
         Sort Key: s_3.a, s_3.b, s_3.c, s_3.d
         Presorted Key: s_3.a, s_3.b, s_3.c
         ->  Index Only Scan using s_3_a_b_c_e_d_idx on s_3  (cost=0.56..348313.37 rows=10000054 width=20)
(5 rows)

===== 154 [Wed Mar  7 14:47:39 CET 2018] scale:10000000 groups:100 work_mem:64MB incremental:off max_workers:2 =====
SELECT * FROM s_1 ORDER BY a, b
                                QUERY PLAN                                 
---------------------------------------------------------------------------
 Limit  (cost=1656439.93..1656439.93 rows=1 width=20)
   ->  Sort  (cost=1531440.69..1556440.54 rows=9999939 width=20)
         Sort Key: s_1.a, s_1.b
         ->  Seq Scan on s_1  (cost=0.00..163694.39 rows=9999939 width=20)
(4 rows)

===== 155 [Wed Mar  7 14:48:07 CET 2018] scale:10000000 groups:100 work_mem:64MB incremental:off max_workers:2 =====
SELECT * FROM s_2 ORDER BY a, b, c
                                QUERY PLAN                                 
---------------------------------------------------------------------------
 Limit  (cost=1656439.93..1656439.93 rows=1 width=20)
   ->  Sort  (cost=1531440.69..1556440.54 rows=9999939 width=20)
         Sort Key: s_2.a, s_2.b, s_2.c
         ->  Seq Scan on s_2  (cost=0.00..163694.39 rows=9999939 width=20)
(4 rows)

===== 156 [Wed Mar  7 14:48:40 CET 2018] scale:10000000 groups:100 work_mem:64MB incremental:off max_workers:2 =====
SELECT * FROM s_3 ORDER BY a, b, c, d
                                 QUERY PLAN                                 
----------------------------------------------------------------------------
 Limit  (cost=1656460.22..1656460.22 rows=1 width=20)
   ->  Sort  (cost=1531459.54..1556459.68 rows=10000054 width=20)
         Sort Key: s_3.a, s_3.b, s_3.c, s_3.d
         ->  Seq Scan on s_3  (cost=0.00..163695.54 rows=10000054 width=20)
(4 rows)

===== 157 [Wed Mar  7 14:49:18 CET 2018] scale:10000000 groups:100 work_mem:128MB incremental:on max_workers:2 =====
SELECT * FROM s_1 ORDER BY a, b
                                                QUERY PLAN                                                
----------------------------------------------------------------------------------------------------------
 Limit  (cost=1453070.74..1453070.74 rows=1 width=20)
   ->  Incremental Sort  (cost=11664.62..1353071.35 rows=9999939 width=20)
         Sort Key: s_1.a, s_1.b
         Presorted Key: s_1.a
         ->  Index Only Scan using s_1_a_e_d_c_b_idx on s_1  (cost=0.56..348311.65 rows=9999939 width=20)
(5 rows)

===== 158 [Wed Mar  7 14:49:45 CET 2018] scale:10000000 groups:100 work_mem:128MB incremental:on max_workers:2 =====
SELECT * FROM s_2 ORDER BY a, b, c
                                                QUERY PLAN                                                
----------------------------------------------------------------------------------------------------------
 Limit  (cost=1120364.20..1120364.20 rows=1 width=20)
   ->  Incremental Sort  (cost=83.41..1020364.81 rows=9999939 width=20)
         Sort Key: s_2.a, s_2.b, s_2.c
         Presorted Key: s_2.a, s_2.b
         ->  Index Only Scan using s_2_a_b_e_d_c_idx on s_2  (cost=0.56..348311.65 rows=9999939 width=20)
(5 rows)

===== 159 [Wed Mar  7 14:50:10 CET 2018] scale:10000000 groups:100 work_mem:128MB incremental:on max_workers:2 =====
SELECT * FROM s_3 ORDER BY a, b, c, d
                                                QUERY PLAN                                                 
-----------------------------------------------------------------------------------------------------------
 Limit  (cost=809412.29..809412.29 rows=1 width=20)
   ->  Incremental Sort  (cost=1.07..709411.75 rows=10000054 width=20)
         Sort Key: s_3.a, s_3.b, s_3.c, s_3.d
         Presorted Key: s_3.a, s_3.b, s_3.c
         ->  Index Only Scan using s_3_a_b_c_e_d_idx on s_3  (cost=0.56..348313.37 rows=10000054 width=20)
(5 rows)

===== 160 [Wed Mar  7 14:50:33 CET 2018] scale:10000000 groups:100 work_mem:128MB incremental:off max_workers:2 =====
SELECT * FROM s_1 ORDER BY a, b
                                QUERY PLAN                                 
---------------------------------------------------------------------------
 Limit  (cost=1656439.93..1656439.93 rows=1 width=20)
   ->  Sort  (cost=1531440.69..1556440.54 rows=9999939 width=20)
         Sort Key: s_1.a, s_1.b
         ->  Seq Scan on s_1  (cost=0.00..163694.39 rows=9999939 width=20)
(4 rows)

===== 161 [Wed Mar  7 14:51:02 CET 2018] scale:10000000 groups:100 work_mem:128MB incremental:off max_workers:2 =====
SELECT * FROM s_2 ORDER BY a, b, c
                                QUERY PLAN                                 
---------------------------------------------------------------------------
 Limit  (cost=1656439.93..1656439.93 rows=1 width=20)
   ->  Sort  (cost=1531440.69..1556440.54 rows=9999939 width=20)
         Sort Key: s_2.a, s_2.b, s_2.c
         ->  Seq Scan on s_2  (cost=0.00..163694.39 rows=9999939 width=20)
(4 rows)

===== 162 [Wed Mar  7 14:51:36 CET 2018] scale:10000000 groups:100 work_mem:128MB incremental:off max_workers:2 =====
SELECT * FROM s_3 ORDER BY a, b, c, d
                                 QUERY PLAN                                 
----------------------------------------------------------------------------
 Limit  (cost=1656460.22..1656460.22 rows=1 width=20)
   ->  Sort  (cost=1531459.54..1556459.68 rows=10000054 width=20)
         Sort Key: s_3.a, s_3.b, s_3.c, s_3.d
         ->  Seq Scan on s_3  (cost=0.00..163695.54 rows=10000054 width=20)
(4 rows)

===== 163 [Wed Mar  7 14:52:15 CET 2018] scale:10000000 groups:100 work_mem:256MB incremental:on max_workers:2 =====
SELECT * FROM s_1 ORDER BY a, b
                                                QUERY PLAN                                                
----------------------------------------------------------------------------------------------------------
 Limit  (cost=1453070.74..1453070.74 rows=1 width=20)
   ->  Incremental Sort  (cost=11664.62..1353071.35 rows=9999939 width=20)
         Sort Key: s_1.a, s_1.b
         Presorted Key: s_1.a
         ->  Index Only Scan using s_1_a_e_d_c_b_idx on s_1  (cost=0.56..348311.65 rows=9999939 width=20)
(5 rows)

===== 164 [Wed Mar  7 14:52:42 CET 2018] scale:10000000 groups:100 work_mem:256MB incremental:on max_workers:2 =====
SELECT * FROM s_2 ORDER BY a, b, c
                                                QUERY PLAN                                                
----------------------------------------------------------------------------------------------------------
 Limit  (cost=1120364.20..1120364.20 rows=1 width=20)
   ->  Incremental Sort  (cost=83.41..1020364.81 rows=9999939 width=20)
         Sort Key: s_2.a, s_2.b, s_2.c
         Presorted Key: s_2.a, s_2.b
         ->  Index Only Scan using s_2_a_b_e_d_c_idx on s_2  (cost=0.56..348311.65 rows=9999939 width=20)
(5 rows)

===== 165 [Wed Mar  7 14:53:07 CET 2018] scale:10000000 groups:100 work_mem:256MB incremental:on max_workers:2 =====
SELECT * FROM s_3 ORDER BY a, b, c, d
                                                QUERY PLAN                                                 
-----------------------------------------------------------------------------------------------------------
 Limit  (cost=809412.29..809412.29 rows=1 width=20)
   ->  Incremental Sort  (cost=1.07..709411.75 rows=10000054 width=20)
         Sort Key: s_3.a, s_3.b, s_3.c, s_3.d
         Presorted Key: s_3.a, s_3.b, s_3.c
         ->  Index Only Scan using s_3_a_b_c_e_d_idx on s_3  (cost=0.56..348313.37 rows=10000054 width=20)
(5 rows)

===== 166 [Wed Mar  7 14:53:30 CET 2018] scale:10000000 groups:100 work_mem:256MB incremental:off max_workers:2 =====
SELECT * FROM s_1 ORDER BY a, b
                                        QUERY PLAN                                        
------------------------------------------------------------------------------------------
 Limit  (cost=1620109.99..1620109.99 rows=1 width=20)
   ->  Gather Merge  (cost=564493.06..1536777.17 rows=8333282 width=20)
         Workers Planned: 2
         ->  Sort  (cost=563493.04..573909.64 rows=4166641 width=20)
               Sort Key: s_1.a, s_1.b
               ->  Parallel Seq Scan on s_1  (cost=0.00..105361.41 rows=4166641 width=20)
(6 rows)

===== 167 [Wed Mar  7 14:53:49 CET 2018] scale:10000000 groups:100 work_mem:256MB incremental:off max_workers:2 =====
SELECT * FROM s_2 ORDER BY a, b, c
                                        QUERY PLAN                                        
------------------------------------------------------------------------------------------
 Limit  (cost=1620109.99..1620109.99 rows=1 width=20)
   ->  Gather Merge  (cost=564493.06..1536777.17 rows=8333282 width=20)
         Workers Planned: 2
         ->  Sort  (cost=563493.04..573909.64 rows=4166641 width=20)
               Sort Key: s_2.a, s_2.b, s_2.c
               ->  Parallel Seq Scan on s_2  (cost=0.00..105361.41 rows=4166641 width=20)
(6 rows)

===== 168 [Wed Mar  7 14:54:12 CET 2018] scale:10000000 groups:100 work_mem:256MB incremental:off max_workers:2 =====
SELECT * FROM s_3 ORDER BY a, b, c, d
                                        QUERY PLAN                                        
------------------------------------------------------------------------------------------
 Limit  (cost=1620128.26..1620128.26 rows=1 width=20)
   ->  Gather Merge  (cost=564499.16..1536794.48 rows=8333378 width=20)
         Workers Planned: 2
         ->  Sort  (cost=563499.14..573915.86 rows=4166689 width=20)
               Sort Key: s_3.a, s_3.b, s_3.c, s_3.d
               ->  Parallel Seq Scan on s_3  (cost=0.00..105361.89 rows=4166689 width=20)
(6 rows)

===== 169 [Wed Mar  7 14:55:44 CET 2018] scale:10000000 groups:1000 work_mem:4MB incremental:on max_workers:0 =====
SELECT * FROM s_1 ORDER BY a, b
                                                QUERY PLAN                                                
----------------------------------------------------------------------------------------------------------
 Limit  (cost=1287639.02..1287639.02 rows=1 width=20)
   ->  Incremental Sort  (cost=1012.17..1187639.63 rows=9999939 width=20)
         Sort Key: s_1.a, s_1.b
         Presorted Key: s_1.a
         ->  Index Only Scan using s_1_a_e_d_c_b_idx on s_1  (cost=0.56..348311.65 rows=9999939 width=20)
(5 rows)

===== 170 [Wed Mar  7 14:56:11 CET 2018] scale:10000000 groups:1000 work_mem:4MB incremental:on max_workers:0 =====
SELECT * FROM s_2 ORDER BY a, b, c
                                                QUERY PLAN                                                
----------------------------------------------------------------------------------------------------------
 Limit  (cost=809405.23..809405.23 rows=1 width=20)
   ->  Incremental Sort  (cost=1.07..709405.84 rows=9999939 width=20)
         Sort Key: s_2.a, s_2.b, s_2.c
         Presorted Key: s_2.a, s_2.b
         ->  Index Only Scan using s_2_a_b_e_d_c_idx on s_2  (cost=0.56..348311.65 rows=9999939 width=20)
(5 rows)

===== 171 [Wed Mar  7 14:56:32 CET 2018] scale:10000000 groups:1000 work_mem:4MB incremental:on max_workers:0 =====
SELECT * FROM s_3 ORDER BY a, b, c, d
                                                QUERY PLAN                                                
----------------------------------------------------------------------------------------------------------
 Limit  (cost=809405.23..809405.23 rows=1 width=20)
   ->  Incremental Sort  (cost=1.07..709405.84 rows=9999939 width=20)
         Sort Key: s_3.a, s_3.b, s_3.c, s_3.d
         Presorted Key: s_3.a, s_3.b, s_3.c
         ->  Index Only Scan using s_3_a_b_c_e_d_idx on s_3  (cost=0.56..348311.65 rows=9999939 width=20)
(5 rows)

===== 172 [Wed Mar  7 14:56:47 CET 2018] scale:10000000 groups:1000 work_mem:4MB incremental:off max_workers:0 =====
SELECT * FROM s_1 ORDER BY a, b
                                QUERY PLAN                                 
---------------------------------------------------------------------------
 Limit  (cost=1861518.93..1861518.93 rows=1 width=20)
   ->  Sort  (cost=1736519.69..1761519.54 rows=9999939 width=20)
         Sort Key: s_1.a, s_1.b
         ->  Seq Scan on s_1  (cost=0.00..163694.39 rows=9999939 width=20)
(4 rows)

===== 173 [Wed Mar  7 14:57:23 CET 2018] scale:10000000 groups:1000 work_mem:4MB incremental:off max_workers:0 =====
SELECT * FROM s_2 ORDER BY a, b, c
                                QUERY PLAN                                 
---------------------------------------------------------------------------
 Limit  (cost=1861518.93..1861518.93 rows=1 width=20)
   ->  Sort  (cost=1736519.69..1761519.54 rows=9999939 width=20)
         Sort Key: s_2.a, s_2.b, s_2.c
         ->  Seq Scan on s_2  (cost=0.00..163694.39 rows=9999939 width=20)
(4 rows)

===== 174 [Wed Mar  7 14:58:01 CET 2018] scale:10000000 groups:1000 work_mem:4MB incremental:off max_workers:0 =====
SELECT * FROM s_3 ORDER BY a, b, c, d
                                QUERY PLAN                                 
---------------------------------------------------------------------------
 Limit  (cost=1861518.93..1861518.93 rows=1 width=20)
   ->  Sort  (cost=1736519.69..1761519.54 rows=9999939 width=20)
         Sort Key: s_3.a, s_3.b, s_3.c, s_3.d
         ->  Seq Scan on s_3  (cost=0.00..163694.39 rows=9999939 width=20)
(4 rows)

===== 175 [Wed Mar  7 14:58:33 CET 2018] scale:10000000 groups:1000 work_mem:8MB incremental:on max_workers:0 =====
SELECT * FROM s_1 ORDER BY a, b
                                                QUERY PLAN                                                
----------------------------------------------------------------------------------------------------------
 Limit  (cost=1287639.02..1287639.02 rows=1 width=20)
   ->  Incremental Sort  (cost=1012.17..1187639.63 rows=9999939 width=20)
         Sort Key: s_1.a, s_1.b
         Presorted Key: s_1.a
         ->  Index Only Scan using s_1_a_e_d_c_b_idx on s_1  (cost=0.56..348311.65 rows=9999939 width=20)
(5 rows)

===== 176 [Wed Mar  7 14:59:00 CET 2018] scale:10000000 groups:1000 work_mem:8MB incremental:on max_workers:0 =====
SELECT * FROM s_2 ORDER BY a, b, c
                                                QUERY PLAN                                                
----------------------------------------------------------------------------------------------------------
 Limit  (cost=809405.23..809405.23 rows=1 width=20)
   ->  Incremental Sort  (cost=1.07..709405.84 rows=9999939 width=20)
         Sort Key: s_2.a, s_2.b, s_2.c
         Presorted Key: s_2.a, s_2.b
         ->  Index Only Scan using s_2_a_b_e_d_c_idx on s_2  (cost=0.56..348311.65 rows=9999939 width=20)
(5 rows)

===== 177 [Wed Mar  7 14:59:21 CET 2018] scale:10000000 groups:1000 work_mem:8MB incremental:on max_workers:0 =====
SELECT * FROM s_3 ORDER BY a, b, c, d
                                                QUERY PLAN                                                
----------------------------------------------------------------------------------------------------------
 Limit  (cost=809405.23..809405.23 rows=1 width=20)
   ->  Incremental Sort  (cost=1.07..709405.84 rows=9999939 width=20)
         Sort Key: s_3.a, s_3.b, s_3.c, s_3.d
         Presorted Key: s_3.a, s_3.b, s_3.c
         ->  Index Only Scan using s_3_a_b_c_e_d_idx on s_3  (cost=0.56..348311.65 rows=9999939 width=20)
(5 rows)

===== 178 [Wed Mar  7 14:59:36 CET 2018] scale:10000000 groups:1000 work_mem:8MB incremental:off max_workers:0 =====
SELECT * FROM s_1 ORDER BY a, b
                                QUERY PLAN                                 
---------------------------------------------------------------------------
 Limit  (cost=1861518.93..1861518.93 rows=1 width=20)
   ->  Sort  (cost=1736519.69..1761519.54 rows=9999939 width=20)
         Sort Key: s_1.a, s_1.b
         ->  Seq Scan on s_1  (cost=0.00..163694.39 rows=9999939 width=20)
(4 rows)

===== 179 [Wed Mar  7 15:00:10 CET 2018] scale:10000000 groups:1000 work_mem:8MB incremental:off max_workers:0 =====
SELECT * FROM s_2 ORDER BY a, b, c
                                QUERY PLAN                                 
---------------------------------------------------------------------------
 Limit  (cost=1861518.93..1861518.93 rows=1 width=20)
   ->  Sort  (cost=1736519.69..1761519.54 rows=9999939 width=20)
         Sort Key: s_2.a, s_2.b, s_2.c
         ->  Seq Scan on s_2  (cost=0.00..163694.39 rows=9999939 width=20)
(4 rows)

===== 180 [Wed Mar  7 15:00:44 CET 2018] scale:10000000 groups:1000 work_mem:8MB incremental:off max_workers:0 =====
SELECT * FROM s_3 ORDER BY a, b, c, d
                                QUERY PLAN                                 
---------------------------------------------------------------------------
 Limit  (cost=1861518.93..1861518.93 rows=1 width=20)
   ->  Sort  (cost=1736519.69..1761519.54 rows=9999939 width=20)
         Sort Key: s_3.a, s_3.b, s_3.c, s_3.d
         ->  Seq Scan on s_3  (cost=0.00..163694.39 rows=9999939 width=20)
(4 rows)

===== 181 [Wed Mar  7 15:01:13 CET 2018] scale:10000000 groups:1000 work_mem:16MB incremental:on max_workers:0 =====
SELECT * FROM s_1 ORDER BY a, b
                                                QUERY PLAN                                                
----------------------------------------------------------------------------------------------------------
 Limit  (cost=1287639.02..1287639.02 rows=1 width=20)
   ->  Incremental Sort  (cost=1012.17..1187639.63 rows=9999939 width=20)
         Sort Key: s_1.a, s_1.b
         Presorted Key: s_1.a
         ->  Index Only Scan using s_1_a_e_d_c_b_idx on s_1  (cost=0.56..348311.65 rows=9999939 width=20)
(5 rows)

===== 182 [Wed Mar  7 15:01:40 CET 2018] scale:10000000 groups:1000 work_mem:16MB incremental:on max_workers:0 =====
SELECT * FROM s_2 ORDER BY a, b, c
                                                QUERY PLAN                                                
----------------------------------------------------------------------------------------------------------
 Limit  (cost=809405.23..809405.23 rows=1 width=20)
   ->  Incremental Sort  (cost=1.07..709405.84 rows=9999939 width=20)
         Sort Key: s_2.a, s_2.b, s_2.c
         Presorted Key: s_2.a, s_2.b
         ->  Index Only Scan using s_2_a_b_e_d_c_idx on s_2  (cost=0.56..348311.65 rows=9999939 width=20)
(5 rows)

===== 183 [Wed Mar  7 15:02:01 CET 2018] scale:10000000 groups:1000 work_mem:16MB incremental:on max_workers:0 =====
SELECT * FROM s_3 ORDER BY a, b, c, d
                                                QUERY PLAN                                                
----------------------------------------------------------------------------------------------------------
 Limit  (cost=809405.23..809405.23 rows=1 width=20)
   ->  Incremental Sort  (cost=1.07..709405.84 rows=9999939 width=20)
         Sort Key: s_3.a, s_3.b, s_3.c, s_3.d
         Presorted Key: s_3.a, s_3.b, s_3.c
         ->  Index Only Scan using s_3_a_b_c_e_d_idx on s_3  (cost=0.56..348311.65 rows=9999939 width=20)
(5 rows)

===== 184 [Wed Mar  7 15:02:16 CET 2018] scale:10000000 groups:1000 work_mem:16MB incremental:off max_workers:0 =====
SELECT * FROM s_1 ORDER BY a, b
                                QUERY PLAN                                 
---------------------------------------------------------------------------
 Limit  (cost=1656439.93..1656439.93 rows=1 width=20)
   ->  Sort  (cost=1531440.69..1556440.54 rows=9999939 width=20)
         Sort Key: s_1.a, s_1.b
         ->  Seq Scan on s_1  (cost=0.00..163694.39 rows=9999939 width=20)
(4 rows)

===== 185 [Wed Mar  7 15:02:45 CET 2018] scale:10000000 groups:1000 work_mem:16MB incremental:off max_workers:0 =====
SELECT * FROM s_2 ORDER BY a, b, c
                                QUERY PLAN                                 
---------------------------------------------------------------------------
 Limit  (cost=1656439.93..1656439.93 rows=1 width=20)
   ->  Sort  (cost=1531440.69..1556440.54 rows=9999939 width=20)
         Sort Key: s_2.a, s_2.b, s_2.c
         ->  Seq Scan on s_2  (cost=0.00..163694.39 rows=9999939 width=20)
(4 rows)

===== 186 [Wed Mar  7 15:03:16 CET 2018] scale:10000000 groups:1000 work_mem:16MB incremental:off max_workers:0 =====
SELECT * FROM s_3 ORDER BY a, b, c, d
                                QUERY PLAN                                 
---------------------------------------------------------------------------
 Limit  (cost=1656439.93..1656439.93 rows=1 width=20)
   ->  Sort  (cost=1531440.69..1556440.54 rows=9999939 width=20)
         Sort Key: s_3.a, s_3.b, s_3.c, s_3.d
         ->  Seq Scan on s_3  (cost=0.00..163694.39 rows=9999939 width=20)
(4 rows)

===== 187 [Wed Mar  7 15:03:40 CET 2018] scale:10000000 groups:1000 work_mem:32MB incremental:on max_workers:0 =====
SELECT * FROM s_1 ORDER BY a, b
                                                QUERY PLAN                                                
----------------------------------------------------------------------------------------------------------
 Limit  (cost=1287639.02..1287639.02 rows=1 width=20)
   ->  Incremental Sort  (cost=1012.17..1187639.63 rows=9999939 width=20)
         Sort Key: s_1.a, s_1.b
         Presorted Key: s_1.a
         ->  Index Only Scan using s_1_a_e_d_c_b_idx on s_1  (cost=0.56..348311.65 rows=9999939 width=20)
(5 rows)

===== 188 [Wed Mar  7 15:04:07 CET 2018] scale:10000000 groups:1000 work_mem:32MB incremental:on max_workers:0 =====
SELECT * FROM s_2 ORDER BY a, b, c
                                                QUERY PLAN                                                
----------------------------------------------------------------------------------------------------------
 Limit  (cost=809405.23..809405.23 rows=1 width=20)
   ->  Incremental Sort  (cost=1.07..709405.84 rows=9999939 width=20)
         Sort Key: s_2.a, s_2.b, s_2.c
         Presorted Key: s_2.a, s_2.b
         ->  Index Only Scan using s_2_a_b_e_d_c_idx on s_2  (cost=0.56..348311.65 rows=9999939 width=20)
(5 rows)

===== 189 [Wed Mar  7 15:04:28 CET 2018] scale:10000000 groups:1000 work_mem:32MB incremental:on max_workers:0 =====
SELECT * FROM s_3 ORDER BY a, b, c, d
                                                QUERY PLAN                                                
----------------------------------------------------------------------------------------------------------
 Limit  (cost=809405.23..809405.23 rows=1 width=20)
   ->  Incremental Sort  (cost=1.07..709405.84 rows=9999939 width=20)
         Sort Key: s_3.a, s_3.b, s_3.c, s_3.d
         Presorted Key: s_3.a, s_3.b, s_3.c
         ->  Index Only Scan using s_3_a_b_c_e_d_idx on s_3  (cost=0.56..348311.65 rows=9999939 width=20)
(5 rows)

===== 190 [Wed Mar  7 15:04:43 CET 2018] scale:10000000 groups:1000 work_mem:32MB incremental:off max_workers:0 =====
SELECT * FROM s_1 ORDER BY a, b
                                QUERY PLAN                                 
---------------------------------------------------------------------------
 Limit  (cost=1656439.93..1656439.93 rows=1 width=20)
   ->  Sort  (cost=1531440.69..1556440.54 rows=9999939 width=20)
         Sort Key: s_1.a, s_1.b
         ->  Seq Scan on s_1  (cost=0.00..163694.39 rows=9999939 width=20)
(4 rows)

===== 191 [Wed Mar  7 15:05:13 CET 2018] scale:10000000 groups:1000 work_mem:32MB incremental:off max_workers:0 =====
SELECT * FROM s_2 ORDER BY a, b, c
                                QUERY PLAN                                 
---------------------------------------------------------------------------
 Limit  (cost=1656439.93..1656439.93 rows=1 width=20)
   ->  Sort  (cost=1531440.69..1556440.54 rows=9999939 width=20)
         Sort Key: s_2.a, s_2.b, s_2.c
         ->  Seq Scan on s_2  (cost=0.00..163694.39 rows=9999939 width=20)
(4 rows)

===== 192 [Wed Mar  7 15:05:44 CET 2018] scale:10000000 groups:1000 work_mem:32MB incremental:off max_workers:0 =====
SELECT * FROM s_3 ORDER BY a, b, c, d
                                QUERY PLAN                                 
---------------------------------------------------------------------------
 Limit  (cost=1656439.93..1656439.93 rows=1 width=20)
   ->  Sort  (cost=1531440.69..1556440.54 rows=9999939 width=20)
         Sort Key: s_3.a, s_3.b, s_3.c, s_3.d
         ->  Seq Scan on s_3  (cost=0.00..163694.39 rows=9999939 width=20)
(4 rows)

===== 193 [Wed Mar  7 15:06:08 CET 2018] scale:10000000 groups:1000 work_mem:64MB incremental:on max_workers:0 =====
SELECT * FROM s_1 ORDER BY a, b
                                                QUERY PLAN                                                
----------------------------------------------------------------------------------------------------------
 Limit  (cost=1287639.02..1287639.02 rows=1 width=20)
   ->  Incremental Sort  (cost=1012.17..1187639.63 rows=9999939 width=20)
         Sort Key: s_1.a, s_1.b
         Presorted Key: s_1.a
         ->  Index Only Scan using s_1_a_e_d_c_b_idx on s_1  (cost=0.56..348311.65 rows=9999939 width=20)
(5 rows)

===== 194 [Wed Mar  7 15:06:35 CET 2018] scale:10000000 groups:1000 work_mem:64MB incremental:on max_workers:0 =====
SELECT * FROM s_2 ORDER BY a, b, c
                                                QUERY PLAN                                                
----------------------------------------------------------------------------------------------------------
 Limit  (cost=809405.23..809405.23 rows=1 width=20)
   ->  Incremental Sort  (cost=1.07..709405.84 rows=9999939 width=20)
         Sort Key: s_2.a, s_2.b, s_2.c
         Presorted Key: s_2.a, s_2.b
         ->  Index Only Scan using s_2_a_b_e_d_c_idx on s_2  (cost=0.56..348311.65 rows=9999939 width=20)
(5 rows)

===== 195 [Wed Mar  7 15:06:56 CET 2018] scale:10000000 groups:1000 work_mem:64MB incremental:on max_workers:0 =====
SELECT * FROM s_3 ORDER BY a, b, c, d
                                                QUERY PLAN                                                
----------------------------------------------------------------------------------------------------------
 Limit  (cost=809405.23..809405.23 rows=1 width=20)
   ->  Incremental Sort  (cost=1.07..709405.84 rows=9999939 width=20)
         Sort Key: s_3.a, s_3.b, s_3.c, s_3.d
         Presorted Key: s_3.a, s_3.b, s_3.c
         ->  Index Only Scan using s_3_a_b_c_e_d_idx on s_3  (cost=0.56..348311.65 rows=9999939 width=20)
(5 rows)

===== 196 [Wed Mar  7 15:07:11 CET 2018] scale:10000000 groups:1000 work_mem:64MB incremental:off max_workers:0 =====
SELECT * FROM s_1 ORDER BY a, b
                                QUERY PLAN                                 
---------------------------------------------------------------------------
 Limit  (cost=1656439.93..1656439.93 rows=1 width=20)
   ->  Sort  (cost=1531440.69..1556440.54 rows=9999939 width=20)
         Sort Key: s_1.a, s_1.b
         ->  Seq Scan on s_1  (cost=0.00..163694.39 rows=9999939 width=20)
(4 rows)

===== 197 [Wed Mar  7 15:07:42 CET 2018] scale:10000000 groups:1000 work_mem:64MB incremental:off max_workers:0 =====
SELECT * FROM s_2 ORDER BY a, b, c
                                QUERY PLAN                                 
---------------------------------------------------------------------------
 Limit  (cost=1656439.93..1656439.93 rows=1 width=20)
   ->  Sort  (cost=1531440.69..1556440.54 rows=9999939 width=20)
         Sort Key: s_2.a, s_2.b, s_2.c
         ->  Seq Scan on s_2  (cost=0.00..163694.39 rows=9999939 width=20)
(4 rows)

===== 198 [Wed Mar  7 15:08:13 CET 2018] scale:10000000 groups:1000 work_mem:64MB incremental:off max_workers:0 =====
SELECT * FROM s_3 ORDER BY a, b, c, d
                                QUERY PLAN                                 
---------------------------------------------------------------------------
 Limit  (cost=1656439.93..1656439.93 rows=1 width=20)
   ->  Sort  (cost=1531440.69..1556440.54 rows=9999939 width=20)
         Sort Key: s_3.a, s_3.b, s_3.c, s_3.d
         ->  Seq Scan on s_3  (cost=0.00..163694.39 rows=9999939 width=20)
(4 rows)

===== 199 [Wed Mar  7 15:08:38 CET 2018] scale:10000000 groups:1000 work_mem:128MB incremental:on max_workers:0 =====
SELECT * FROM s_1 ORDER BY a, b
                                                QUERY PLAN                                                
----------------------------------------------------------------------------------------------------------
 Limit  (cost=1287639.02..1287639.02 rows=1 width=20)
   ->  Incremental Sort  (cost=1012.17..1187639.63 rows=9999939 width=20)
         Sort Key: s_1.a, s_1.b
         Presorted Key: s_1.a
         ->  Index Only Scan using s_1_a_e_d_c_b_idx on s_1  (cost=0.56..348311.65 rows=9999939 width=20)
(5 rows)

===== 200 [Wed Mar  7 15:09:05 CET 2018] scale:10000000 groups:1000 work_mem:128MB incremental:on max_workers:0 =====
SELECT * FROM s_2 ORDER BY a, b, c
                                                QUERY PLAN                                                
----------------------------------------------------------------------------------------------------------
 Limit  (cost=809405.23..809405.23 rows=1 width=20)
   ->  Incremental Sort  (cost=1.07..709405.84 rows=9999939 width=20)
         Sort Key: s_2.a, s_2.b, s_2.c
         Presorted Key: s_2.a, s_2.b
         ->  Index Only Scan using s_2_a_b_e_d_c_idx on s_2  (cost=0.56..348311.65 rows=9999939 width=20)
(5 rows)

===== 201 [Wed Mar  7 15:09:26 CET 2018] scale:10000000 groups:1000 work_mem:128MB incremental:on max_workers:0 =====
SELECT * FROM s_3 ORDER BY a, b, c, d
                                                QUERY PLAN                                                
----------------------------------------------------------------------------------------------------------
 Limit  (cost=809405.23..809405.23 rows=1 width=20)
   ->  Incremental Sort  (cost=1.07..709405.84 rows=9999939 width=20)
         Sort Key: s_3.a, s_3.b, s_3.c, s_3.d
         Presorted Key: s_3.a, s_3.b, s_3.c
         ->  Index Only Scan using s_3_a_b_c_e_d_idx on s_3  (cost=0.56..348311.65 rows=9999939 width=20)
(5 rows)

===== 202 [Wed Mar  7 15:09:41 CET 2018] scale:10000000 groups:1000 work_mem:128MB incremental:off max_workers:0 =====
SELECT * FROM s_1 ORDER BY a, b
                                QUERY PLAN                                 
---------------------------------------------------------------------------
 Limit  (cost=1656439.93..1656439.93 rows=1 width=20)
   ->  Sort  (cost=1531440.69..1556440.54 rows=9999939 width=20)
         Sort Key: s_1.a, s_1.b
         ->  Seq Scan on s_1  (cost=0.00..163694.39 rows=9999939 width=20)
(4 rows)

===== 203 [Wed Mar  7 15:10:13 CET 2018] scale:10000000 groups:1000 work_mem:128MB incremental:off max_workers:0 =====
SELECT * FROM s_2 ORDER BY a, b, c
                                QUERY PLAN                                 
---------------------------------------------------------------------------
 Limit  (cost=1656439.93..1656439.93 rows=1 width=20)
   ->  Sort  (cost=1531440.69..1556440.54 rows=9999939 width=20)
         Sort Key: s_2.a, s_2.b, s_2.c
         ->  Seq Scan on s_2  (cost=0.00..163694.39 rows=9999939 width=20)
(4 rows)

===== 204 [Wed Mar  7 15:10:44 CET 2018] scale:10000000 groups:1000 work_mem:128MB incremental:off max_workers:0 =====
SELECT * FROM s_3 ORDER BY a, b, c, d
                                QUERY PLAN                                 
---------------------------------------------------------------------------
 Limit  (cost=1656439.93..1656439.93 rows=1 width=20)
   ->  Sort  (cost=1531440.69..1556440.54 rows=9999939 width=20)
         Sort Key: s_3.a, s_3.b, s_3.c, s_3.d
         ->  Seq Scan on s_3  (cost=0.00..163694.39 rows=9999939 width=20)
(4 rows)

===== 205 [Wed Mar  7 15:11:10 CET 2018] scale:10000000 groups:1000 work_mem:256MB incremental:on max_workers:0 =====
SELECT * FROM s_1 ORDER BY a, b
                                                QUERY PLAN                                                
----------------------------------------------------------------------------------------------------------
 Limit  (cost=1287639.02..1287639.02 rows=1 width=20)
   ->  Incremental Sort  (cost=1012.17..1187639.63 rows=9999939 width=20)
         Sort Key: s_1.a, s_1.b
         Presorted Key: s_1.a
         ->  Index Only Scan using s_1_a_e_d_c_b_idx on s_1  (cost=0.56..348311.65 rows=9999939 width=20)
(5 rows)

===== 206 [Wed Mar  7 15:11:37 CET 2018] scale:10000000 groups:1000 work_mem:256MB incremental:on max_workers:0 =====
SELECT * FROM s_2 ORDER BY a, b, c
                                                QUERY PLAN                                                
----------------------------------------------------------------------------------------------------------
 Limit  (cost=809405.23..809405.23 rows=1 width=20)
   ->  Incremental Sort  (cost=1.07..709405.84 rows=9999939 width=20)
         Sort Key: s_2.a, s_2.b, s_2.c
         Presorted Key: s_2.a, s_2.b
         ->  Index Only Scan using s_2_a_b_e_d_c_idx on s_2  (cost=0.56..348311.65 rows=9999939 width=20)
(5 rows)

===== 207 [Wed Mar  7 15:11:58 CET 2018] scale:10000000 groups:1000 work_mem:256MB incremental:on max_workers:0 =====
SELECT * FROM s_3 ORDER BY a, b, c, d
                                                QUERY PLAN                                                
----------------------------------------------------------------------------------------------------------
 Limit  (cost=809405.23..809405.23 rows=1 width=20)
   ->  Incremental Sort  (cost=1.07..709405.84 rows=9999939 width=20)
         Sort Key: s_3.a, s_3.b, s_3.c, s_3.d
         Presorted Key: s_3.a, s_3.b, s_3.c
         ->  Index Only Scan using s_3_a_b_c_e_d_idx on s_3  (cost=0.56..348311.65 rows=9999939 width=20)
(5 rows)

===== 208 [Wed Mar  7 15:12:13 CET 2018] scale:10000000 groups:1000 work_mem:256MB incremental:off max_workers:0 =====
SELECT * FROM s_1 ORDER BY a, b
                                QUERY PLAN                                 
---------------------------------------------------------------------------
 Limit  (cost=1656439.93..1656439.93 rows=1 width=20)
   ->  Sort  (cost=1531440.69..1556440.54 rows=9999939 width=20)
         Sort Key: s_1.a, s_1.b
         ->  Seq Scan on s_1  (cost=0.00..163694.39 rows=9999939 width=20)
(4 rows)

===== 209 [Wed Mar  7 15:12:45 CET 2018] scale:10000000 groups:1000 work_mem:256MB incremental:off max_workers:0 =====
SELECT * FROM s_2 ORDER BY a, b, c
                                QUERY PLAN                                 
---------------------------------------------------------------------------
 Limit  (cost=1656439.93..1656439.93 rows=1 width=20)
   ->  Sort  (cost=1531440.69..1556440.54 rows=9999939 width=20)
         Sort Key: s_2.a, s_2.b, s_2.c
         ->  Seq Scan on s_2  (cost=0.00..163694.39 rows=9999939 width=20)
(4 rows)

===== 210 [Wed Mar  7 15:13:18 CET 2018] scale:10000000 groups:1000 work_mem:256MB incremental:off max_workers:0 =====
SELECT * FROM s_3 ORDER BY a, b, c, d
                                QUERY PLAN                                 
---------------------------------------------------------------------------
 Limit  (cost=1656439.93..1656439.93 rows=1 width=20)
   ->  Sort  (cost=1531440.69..1556440.54 rows=9999939 width=20)
         Sort Key: s_3.a, s_3.b, s_3.c, s_3.d
         ->  Seq Scan on s_3  (cost=0.00..163694.39 rows=9999939 width=20)
(4 rows)

===== 211 [Wed Mar  7 15:13:45 CET 2018] scale:10000000 groups:1000 work_mem:4MB incremental:on max_workers:2 =====
SELECT * FROM s_1 ORDER BY a, b
                                                QUERY PLAN                                                
----------------------------------------------------------------------------------------------------------
 Limit  (cost=1287639.02..1287639.02 rows=1 width=20)
   ->  Incremental Sort  (cost=1012.17..1187639.63 rows=9999939 width=20)
         Sort Key: s_1.a, s_1.b
         Presorted Key: s_1.a
         ->  Index Only Scan using s_1_a_e_d_c_b_idx on s_1  (cost=0.56..348311.65 rows=9999939 width=20)
(5 rows)

===== 212 [Wed Mar  7 15:14:12 CET 2018] scale:10000000 groups:1000 work_mem:4MB incremental:on max_workers:2 =====
SELECT * FROM s_2 ORDER BY a, b, c
                                                QUERY PLAN                                                
----------------------------------------------------------------------------------------------------------
 Limit  (cost=809405.23..809405.23 rows=1 width=20)
   ->  Incremental Sort  (cost=1.07..709405.84 rows=9999939 width=20)
         Sort Key: s_2.a, s_2.b, s_2.c
         Presorted Key: s_2.a, s_2.b
         ->  Index Only Scan using s_2_a_b_e_d_c_idx on s_2  (cost=0.56..348311.65 rows=9999939 width=20)
(5 rows)

===== 213 [Wed Mar  7 15:14:33 CET 2018] scale:10000000 groups:1000 work_mem:4MB incremental:on max_workers:2 =====
SELECT * FROM s_3 ORDER BY a, b, c, d
                                                QUERY PLAN                                                
----------------------------------------------------------------------------------------------------------
 Limit  (cost=809405.23..809405.23 rows=1 width=20)
   ->  Incremental Sort  (cost=1.07..709405.84 rows=9999939 width=20)
         Sort Key: s_3.a, s_3.b, s_3.c, s_3.d
         Presorted Key: s_3.a, s_3.b, s_3.c
         ->  Index Only Scan using s_3_a_b_c_e_d_idx on s_3  (cost=0.56..348311.65 rows=9999939 width=20)
(5 rows)

===== 214 [Wed Mar  7 15:14:48 CET 2018] scale:10000000 groups:1000 work_mem:4MB incremental:off max_workers:2 =====
SELECT * FROM s_1 ORDER BY a, b
                                        QUERY PLAN                                        
------------------------------------------------------------------------------------------
 Limit  (cost=1791007.99..1791007.99 rows=1 width=20)
   ->  Gather Merge  (cost=735391.06..1707675.17 rows=8333282 width=20)
         Workers Planned: 2
         ->  Sort  (cost=734391.04..744807.64 rows=4166641 width=20)
               Sort Key: s_1.a, s_1.b
               ->  Parallel Seq Scan on s_1  (cost=0.00..105361.41 rows=4166641 width=20)
(6 rows)

===== 215 [Wed Mar  7 15:15:08 CET 2018] scale:10000000 groups:1000 work_mem:4MB incremental:off max_workers:2 =====
SELECT * FROM s_2 ORDER BY a, b, c
                                        QUERY PLAN                                        
------------------------------------------------------------------------------------------
 Limit  (cost=1791007.99..1791007.99 rows=1 width=20)
   ->  Gather Merge  (cost=735391.06..1707675.17 rows=8333282 width=20)
         Workers Planned: 2
         ->  Sort  (cost=734391.04..744807.64 rows=4166641 width=20)
               Sort Key: s_2.a, s_2.b, s_2.c
               ->  Parallel Seq Scan on s_2  (cost=0.00..105361.41 rows=4166641 width=20)
(6 rows)

===== 216 [Wed Mar  7 15:15:28 CET 2018] scale:10000000 groups:1000 work_mem:4MB incremental:off max_workers:2 =====
SELECT * FROM s_3 ORDER BY a, b, c, d
                                        QUERY PLAN                                        
------------------------------------------------------------------------------------------
 Limit  (cost=1791007.99..1791007.99 rows=1 width=20)
   ->  Gather Merge  (cost=735391.06..1707675.17 rows=8333282 width=20)
         Workers Planned: 2
         ->  Sort  (cost=734391.04..744807.64 rows=4166641 width=20)
               Sort Key: s_3.a, s_3.b, s_3.c, s_3.d
               ->  Parallel Seq Scan on s_3  (cost=0.00..105361.41 rows=4166641 width=20)
(6 rows)

===== 217 [Wed Mar  7 15:15:46 CET 2018] scale:10000000 groups:1000 work_mem:8MB incremental:on max_workers:2 =====
SELECT * FROM s_1 ORDER BY a, b
                                                QUERY PLAN                                                
----------------------------------------------------------------------------------------------------------
 Limit  (cost=1287639.02..1287639.02 rows=1 width=20)
   ->  Incremental Sort  (cost=1012.17..1187639.63 rows=9999939 width=20)
         Sort Key: s_1.a, s_1.b
         Presorted Key: s_1.a
         ->  Index Only Scan using s_1_a_e_d_c_b_idx on s_1  (cost=0.56..348311.65 rows=9999939 width=20)
(5 rows)

===== 218 [Wed Mar  7 15:16:13 CET 2018] scale:10000000 groups:1000 work_mem:8MB incremental:on max_workers:2 =====
SELECT * FROM s_2 ORDER BY a, b, c
                                                QUERY PLAN                                                
----------------------------------------------------------------------------------------------------------
 Limit  (cost=809405.23..809405.23 rows=1 width=20)
   ->  Incremental Sort  (cost=1.07..709405.84 rows=9999939 width=20)
         Sort Key: s_2.a, s_2.b, s_2.c
         Presorted Key: s_2.a, s_2.b
         ->  Index Only Scan using s_2_a_b_e_d_c_idx on s_2  (cost=0.56..348311.65 rows=9999939 width=20)
(5 rows)

===== 219 [Wed Mar  7 15:16:34 CET 2018] scale:10000000 groups:1000 work_mem:8MB incremental:on max_workers:2 =====
SELECT * FROM s_3 ORDER BY a, b, c, d
                                                QUERY PLAN                                                
----------------------------------------------------------------------------------------------------------
 Limit  (cost=809405.23..809405.23 rows=1 width=20)
   ->  Incremental Sort  (cost=1.07..709405.84 rows=9999939 width=20)
         Sort Key: s_3.a, s_3.b, s_3.c, s_3.d
         Presorted Key: s_3.a, s_3.b, s_3.c
         ->  Index Only Scan using s_3_a_b_c_e_d_idx on s_3  (cost=0.56..348311.65 rows=9999939 width=20)
(5 rows)

===== 220 [Wed Mar  7 15:16:49 CET 2018] scale:10000000 groups:1000 work_mem:8MB incremental:off max_workers:2 =====
SELECT * FROM s_1 ORDER BY a, b
                                        QUERY PLAN                                        
------------------------------------------------------------------------------------------
 Limit  (cost=1705558.99..1705558.99 rows=1 width=20)
   ->  Gather Merge  (cost=649942.06..1622226.17 rows=8333282 width=20)
         Workers Planned: 2
         ->  Sort  (cost=648942.04..659358.64 rows=4166641 width=20)
               Sort Key: s_1.a, s_1.b
               ->  Parallel Seq Scan on s_1  (cost=0.00..105361.41 rows=4166641 width=20)
(6 rows)

===== 221 [Wed Mar  7 15:17:07 CET 2018] scale:10000000 groups:1000 work_mem:8MB incremental:off max_workers:2 =====
SELECT * FROM s_2 ORDER BY a, b, c
                                        QUERY PLAN                                        
------------------------------------------------------------------------------------------
 Limit  (cost=1705558.99..1705558.99 rows=1 width=20)
   ->  Gather Merge  (cost=649942.06..1622226.17 rows=8333282 width=20)
         Workers Planned: 2
         ->  Sort  (cost=648942.04..659358.64 rows=4166641 width=20)
               Sort Key: s_2.a, s_2.b, s_2.c
               ->  Parallel Seq Scan on s_2  (cost=0.00..105361.41 rows=4166641 width=20)
(6 rows)

===== 222 [Wed Mar  7 15:17:25 CET 2018] scale:10000000 groups:1000 work_mem:8MB incremental:off max_workers:2 =====
SELECT * FROM s_3 ORDER BY a, b, c, d
                                        QUERY PLAN                                        
------------------------------------------------------------------------------------------
 Limit  (cost=1705558.99..1705558.99 rows=1 width=20)
   ->  Gather Merge  (cost=649942.06..1622226.17 rows=8333282 width=20)
         Workers Planned: 2
         ->  Sort  (cost=648942.04..659358.64 rows=4166641 width=20)
               Sort Key: s_3.a, s_3.b, s_3.c, s_3.d
               ->  Parallel Seq Scan on s_3  (cost=0.00..105361.41 rows=4166641 width=20)
(6 rows)

===== 223 [Wed Mar  7 15:17:42 CET 2018] scale:10000000 groups:1000 work_mem:16MB incremental:on max_workers:2 =====
SELECT * FROM s_1 ORDER BY a, b
                                                QUERY PLAN                                                
----------------------------------------------------------------------------------------------------------
 Limit  (cost=1287639.02..1287639.02 rows=1 width=20)
   ->  Incremental Sort  (cost=1012.17..1187639.63 rows=9999939 width=20)
         Sort Key: s_1.a, s_1.b
         Presorted Key: s_1.a
         ->  Index Only Scan using s_1_a_e_d_c_b_idx on s_1  (cost=0.56..348311.65 rows=9999939 width=20)
(5 rows)

===== 224 [Wed Mar  7 15:18:09 CET 2018] scale:10000000 groups:1000 work_mem:16MB incremental:on max_workers:2 =====
SELECT * FROM s_2 ORDER BY a, b, c
                                                QUERY PLAN                                                
----------------------------------------------------------------------------------------------------------
 Limit  (cost=809405.23..809405.23 rows=1 width=20)
   ->  Incremental Sort  (cost=1.07..709405.84 rows=9999939 width=20)
         Sort Key: s_2.a, s_2.b, s_2.c
         Presorted Key: s_2.a, s_2.b
         ->  Index Only Scan using s_2_a_b_e_d_c_idx on s_2  (cost=0.56..348311.65 rows=9999939 width=20)
(5 rows)

===== 225 [Wed Mar  7 15:18:30 CET 2018] scale:10000000 groups:1000 work_mem:16MB incremental:on max_workers:2 =====
SELECT * FROM s_3 ORDER BY a, b, c, d
                                                QUERY PLAN                                                
----------------------------------------------------------------------------------------------------------
 Limit  (cost=809405.23..809405.23 rows=1 width=20)
   ->  Incremental Sort  (cost=1.07..709405.84 rows=9999939 width=20)
         Sort Key: s_3.a, s_3.b, s_3.c, s_3.d
         Presorted Key: s_3.a, s_3.b, s_3.c
         ->  Index Only Scan using s_3_a_b_c_e_d_idx on s_3  (cost=0.56..348311.65 rows=9999939 width=20)
(5 rows)

===== 226 [Wed Mar  7 15:18:45 CET 2018] scale:10000000 groups:1000 work_mem:16MB incremental:off max_workers:2 =====
SELECT * FROM s_1 ORDER BY a, b
                                QUERY PLAN                                 
---------------------------------------------------------------------------
 Limit  (cost=1656439.93..1656439.93 rows=1 width=20)
   ->  Sort  (cost=1531440.69..1556440.54 rows=9999939 width=20)
         Sort Key: s_1.a, s_1.b
         ->  Seq Scan on s_1  (cost=0.00..163694.39 rows=9999939 width=20)
(4 rows)

===== 227 [Wed Mar  7 15:19:14 CET 2018] scale:10000000 groups:1000 work_mem:16MB incremental:off max_workers:2 =====
SELECT * FROM s_2 ORDER BY a, b, c
                                QUERY PLAN                                 
---------------------------------------------------------------------------
 Limit  (cost=1656439.93..1656439.93 rows=1 width=20)
   ->  Sort  (cost=1531440.69..1556440.54 rows=9999939 width=20)
         Sort Key: s_2.a, s_2.b, s_2.c
         ->  Seq Scan on s_2  (cost=0.00..163694.39 rows=9999939 width=20)
(4 rows)

===== 228 [Wed Mar  7 15:19:45 CET 2018] scale:10000000 groups:1000 work_mem:16MB incremental:off max_workers:2 =====
SELECT * FROM s_3 ORDER BY a, b, c, d
                                QUERY PLAN                                 
---------------------------------------------------------------------------
 Limit  (cost=1656439.93..1656439.93 rows=1 width=20)
   ->  Sort  (cost=1531440.69..1556440.54 rows=9999939 width=20)
         Sort Key: s_3.a, s_3.b, s_3.c, s_3.d
         ->  Seq Scan on s_3  (cost=0.00..163694.39 rows=9999939 width=20)
(4 rows)

===== 229 [Wed Mar  7 15:20:09 CET 2018] scale:10000000 groups:1000 work_mem:32MB incremental:on max_workers:2 =====
SELECT * FROM s_1 ORDER BY a, b
                                                QUERY PLAN                                                
----------------------------------------------------------------------------------------------------------
 Limit  (cost=1287639.02..1287639.02 rows=1 width=20)
   ->  Incremental Sort  (cost=1012.17..1187639.63 rows=9999939 width=20)
         Sort Key: s_1.a, s_1.b
         Presorted Key: s_1.a
         ->  Index Only Scan using s_1_a_e_d_c_b_idx on s_1  (cost=0.56..348311.65 rows=9999939 width=20)
(5 rows)

===== 230 [Wed Mar  7 15:20:36 CET 2018] scale:10000000 groups:1000 work_mem:32MB incremental:on max_workers:2 =====
SELECT * FROM s_2 ORDER BY a, b, c
                                                QUERY PLAN                                                
----------------------------------------------------------------------------------------------------------
 Limit  (cost=809405.23..809405.23 rows=1 width=20)
   ->  Incremental Sort  (cost=1.07..709405.84 rows=9999939 width=20)
         Sort Key: s_2.a, s_2.b, s_2.c
         Presorted Key: s_2.a, s_2.b
         ->  Index Only Scan using s_2_a_b_e_d_c_idx on s_2  (cost=0.56..348311.65 rows=9999939 width=20)
(5 rows)

===== 231 [Wed Mar  7 15:20:57 CET 2018] scale:10000000 groups:1000 work_mem:32MB incremental:on max_workers:2 =====
SELECT * FROM s_3 ORDER BY a, b, c, d
                                                QUERY PLAN                                                
----------------------------------------------------------------------------------------------------------
 Limit  (cost=809405.23..809405.23 rows=1 width=20)
   ->  Incremental Sort  (cost=1.07..709405.84 rows=9999939 width=20)
         Sort Key: s_3.a, s_3.b, s_3.c, s_3.d
         Presorted Key: s_3.a, s_3.b, s_3.c
         ->  Index Only Scan using s_3_a_b_c_e_d_idx on s_3  (cost=0.56..348311.65 rows=9999939 width=20)
(5 rows)

===== 232 [Wed Mar  7 15:21:12 CET 2018] scale:10000000 groups:1000 work_mem:32MB incremental:off max_workers:2 =====
SELECT * FROM s_1 ORDER BY a, b
                                QUERY PLAN                                 
---------------------------------------------------------------------------
 Limit  (cost=1656439.93..1656439.93 rows=1 width=20)
   ->  Sort  (cost=1531440.69..1556440.54 rows=9999939 width=20)
         Sort Key: s_1.a, s_1.b
         ->  Seq Scan on s_1  (cost=0.00..163694.39 rows=9999939 width=20)
(4 rows)

===== 233 [Wed Mar  7 15:21:42 CET 2018] scale:10000000 groups:1000 work_mem:32MB incremental:off max_workers:2 =====
SELECT * FROM s_2 ORDER BY a, b, c
                                QUERY PLAN                                 
---------------------------------------------------------------------------
 Limit  (cost=1656439.93..1656439.93 rows=1 width=20)
   ->  Sort  (cost=1531440.69..1556440.54 rows=9999939 width=20)
         Sort Key: s_2.a, s_2.b, s_2.c
         ->  Seq Scan on s_2  (cost=0.00..163694.39 rows=9999939 width=20)
(4 rows)

===== 234 [Wed Mar  7 15:22:13 CET 2018] scale:10000000 groups:1000 work_mem:32MB incremental:off max_workers:2 =====
SELECT * FROM s_3 ORDER BY a, b, c, d
                                QUERY PLAN                                 
---------------------------------------------------------------------------
 Limit  (cost=1656439.93..1656439.93 rows=1 width=20)
   ->  Sort  (cost=1531440.69..1556440.54 rows=9999939 width=20)
         Sort Key: s_3.a, s_3.b, s_3.c, s_3.d
         ->  Seq Scan on s_3  (cost=0.00..163694.39 rows=9999939 width=20)
(4 rows)

===== 235 [Wed Mar  7 15:22:37 CET 2018] scale:10000000 groups:1000 work_mem:64MB incremental:on max_workers:2 =====
SELECT * FROM s_1 ORDER BY a, b
                                                QUERY PLAN                                                
----------------------------------------------------------------------------------------------------------
 Limit  (cost=1287639.02..1287639.02 rows=1 width=20)
   ->  Incremental Sort  (cost=1012.17..1187639.63 rows=9999939 width=20)
         Sort Key: s_1.a, s_1.b
         Presorted Key: s_1.a
         ->  Index Only Scan using s_1_a_e_d_c_b_idx on s_1  (cost=0.56..348311.65 rows=9999939 width=20)
(5 rows)

===== 236 [Wed Mar  7 15:23:04 CET 2018] scale:10000000 groups:1000 work_mem:64MB incremental:on max_workers:2 =====
SELECT * FROM s_2 ORDER BY a, b, c
                                                QUERY PLAN                                                
----------------------------------------------------------------------------------------------------------
 Limit  (cost=809405.23..809405.23 rows=1 width=20)
   ->  Incremental Sort  (cost=1.07..709405.84 rows=9999939 width=20)
         Sort Key: s_2.a, s_2.b, s_2.c
         Presorted Key: s_2.a, s_2.b
         ->  Index Only Scan using s_2_a_b_e_d_c_idx on s_2  (cost=0.56..348311.65 rows=9999939 width=20)
(5 rows)

===== 237 [Wed Mar  7 15:23:25 CET 2018] scale:10000000 groups:1000 work_mem:64MB incremental:on max_workers:2 =====
SELECT * FROM s_3 ORDER BY a, b, c, d
                                                QUERY PLAN                                                
----------------------------------------------------------------------------------------------------------
 Limit  (cost=809405.23..809405.23 rows=1 width=20)
   ->  Incremental Sort  (cost=1.07..709405.84 rows=9999939 width=20)
         Sort Key: s_3.a, s_3.b, s_3.c, s_3.d
         Presorted Key: s_3.a, s_3.b, s_3.c
         ->  Index Only Scan using s_3_a_b_c_e_d_idx on s_3  (cost=0.56..348311.65 rows=9999939 width=20)
(5 rows)

===== 238 [Wed Mar  7 15:23:40 CET 2018] scale:10000000 groups:1000 work_mem:64MB incremental:off max_workers:2 =====
SELECT * FROM s_1 ORDER BY a, b
                                QUERY PLAN                                 
---------------------------------------------------------------------------
 Limit  (cost=1656439.93..1656439.93 rows=1 width=20)
   ->  Sort  (cost=1531440.69..1556440.54 rows=9999939 width=20)
         Sort Key: s_1.a, s_1.b
         ->  Seq Scan on s_1  (cost=0.00..163694.39 rows=9999939 width=20)
(4 rows)

===== 239 [Wed Mar  7 15:24:11 CET 2018] scale:10000000 groups:1000 work_mem:64MB incremental:off max_workers:2 =====
SELECT * FROM s_2 ORDER BY a, b, c
                                QUERY PLAN                                 
---------------------------------------------------------------------------
 Limit  (cost=1656439.93..1656439.93 rows=1 width=20)
   ->  Sort  (cost=1531440.69..1556440.54 rows=9999939 width=20)
         Sort Key: s_2.a, s_2.b, s_2.c
         ->  Seq Scan on s_2  (cost=0.00..163694.39 rows=9999939 width=20)
(4 rows)

===== 240 [Wed Mar  7 15:24:42 CET 2018] scale:10000000 groups:1000 work_mem:64MB incremental:off max_workers:2 =====
SELECT * FROM s_3 ORDER BY a, b, c, d
                                QUERY PLAN                                 
---------------------------------------------------------------------------
 Limit  (cost=1656439.93..1656439.93 rows=1 width=20)
   ->  Sort  (cost=1531440.69..1556440.54 rows=9999939 width=20)
         Sort Key: s_3.a, s_3.b, s_3.c, s_3.d
         ->  Seq Scan on s_3  (cost=0.00..163694.39 rows=9999939 width=20)
(4 rows)

===== 241 [Wed Mar  7 15:25:07 CET 2018] scale:10000000 groups:1000 work_mem:128MB incremental:on max_workers:2 =====
SELECT * FROM s_1 ORDER BY a, b
                                                QUERY PLAN                                                
----------------------------------------------------------------------------------------------------------
 Limit  (cost=1287639.02..1287639.02 rows=1 width=20)
   ->  Incremental Sort  (cost=1012.17..1187639.63 rows=9999939 width=20)
         Sort Key: s_1.a, s_1.b
         Presorted Key: s_1.a
         ->  Index Only Scan using s_1_a_e_d_c_b_idx on s_1  (cost=0.56..348311.65 rows=9999939 width=20)
(5 rows)

===== 242 [Wed Mar  7 15:25:34 CET 2018] scale:10000000 groups:1000 work_mem:128MB incremental:on max_workers:2 =====
SELECT * FROM s_2 ORDER BY a, b, c
                                                QUERY PLAN                                                
----------------------------------------------------------------------------------------------------------
 Limit  (cost=809405.23..809405.23 rows=1 width=20)
   ->  Incremental Sort  (cost=1.07..709405.84 rows=9999939 width=20)
         Sort Key: s_2.a, s_2.b, s_2.c
         Presorted Key: s_2.a, s_2.b
         ->  Index Only Scan using s_2_a_b_e_d_c_idx on s_2  (cost=0.56..348311.65 rows=9999939 width=20)
(5 rows)

===== 243 [Wed Mar  7 15:25:55 CET 2018] scale:10000000 groups:1000 work_mem:128MB incremental:on max_workers:2 =====
SELECT * FROM s_3 ORDER BY a, b, c, d
                                                QUERY PLAN                                                
----------------------------------------------------------------------------------------------------------
 Limit  (cost=809405.23..809405.23 rows=1 width=20)
   ->  Incremental Sort  (cost=1.07..709405.84 rows=9999939 width=20)
         Sort Key: s_3.a, s_3.b, s_3.c, s_3.d
         Presorted Key: s_3.a, s_3.b, s_3.c
         ->  Index Only Scan using s_3_a_b_c_e_d_idx on s_3  (cost=0.56..348311.65 rows=9999939 width=20)
(5 rows)

===== 244 [Wed Mar  7 15:26:10 CET 2018] scale:10000000 groups:1000 work_mem:128MB incremental:off max_workers:2 =====
SELECT * FROM s_1 ORDER BY a, b
                                QUERY PLAN                                 
---------------------------------------------------------------------------
 Limit  (cost=1656439.93..1656439.93 rows=1 width=20)
   ->  Sort  (cost=1531440.69..1556440.54 rows=9999939 width=20)
         Sort Key: s_1.a, s_1.b
         ->  Seq Scan on s_1  (cost=0.00..163694.39 rows=9999939 width=20)
(4 rows)

===== 245 [Wed Mar  7 15:26:42 CET 2018] scale:10000000 groups:1000 work_mem:128MB incremental:off max_workers:2 =====
SELECT * FROM s_2 ORDER BY a, b, c
                                QUERY PLAN                                 
---------------------------------------------------------------------------
 Limit  (cost=1656439.93..1656439.93 rows=1 width=20)
   ->  Sort  (cost=1531440.69..1556440.54 rows=9999939 width=20)
         Sort Key: s_2.a, s_2.b, s_2.c
         ->  Seq Scan on s_2  (cost=0.00..163694.39 rows=9999939 width=20)
(4 rows)

===== 246 [Wed Mar  7 15:27:14 CET 2018] scale:10000000 groups:1000 work_mem:128MB incremental:off max_workers:2 =====
SELECT * FROM s_3 ORDER BY a, b, c, d
                                QUERY PLAN                                 
---------------------------------------------------------------------------
 Limit  (cost=1656439.93..1656439.93 rows=1 width=20)
   ->  Sort  (cost=1531440.69..1556440.54 rows=9999939 width=20)
         Sort Key: s_3.a, s_3.b, s_3.c, s_3.d
         ->  Seq Scan on s_3  (cost=0.00..163694.39 rows=9999939 width=20)
(4 rows)

===== 247 [Wed Mar  7 15:27:39 CET 2018] scale:10000000 groups:1000 work_mem:256MB incremental:on max_workers:2 =====
SELECT * FROM s_1 ORDER BY a, b
                                                QUERY PLAN                                                
----------------------------------------------------------------------------------------------------------
 Limit  (cost=1287639.02..1287639.02 rows=1 width=20)
   ->  Incremental Sort  (cost=1012.17..1187639.63 rows=9999939 width=20)
         Sort Key: s_1.a, s_1.b
         Presorted Key: s_1.a
         ->  Index Only Scan using s_1_a_e_d_c_b_idx on s_1  (cost=0.56..348311.65 rows=9999939 width=20)
(5 rows)

===== 248 [Wed Mar  7 15:28:07 CET 2018] scale:10000000 groups:1000 work_mem:256MB incremental:on max_workers:2 =====
SELECT * FROM s_2 ORDER BY a, b, c
                                                QUERY PLAN                                                
----------------------------------------------------------------------------------------------------------
 Limit  (cost=809405.23..809405.23 rows=1 width=20)
   ->  Incremental Sort  (cost=1.07..709405.84 rows=9999939 width=20)
         Sort Key: s_2.a, s_2.b, s_2.c
         Presorted Key: s_2.a, s_2.b
         ->  Index Only Scan using s_2_a_b_e_d_c_idx on s_2  (cost=0.56..348311.65 rows=9999939 width=20)
(5 rows)

===== 249 [Wed Mar  7 15:28:27 CET 2018] scale:10000000 groups:1000 work_mem:256MB incremental:on max_workers:2 =====
SELECT * FROM s_3 ORDER BY a, b, c, d
                                                QUERY PLAN                                                
----------------------------------------------------------------------------------------------------------
 Limit  (cost=809405.23..809405.23 rows=1 width=20)
   ->  Incremental Sort  (cost=1.07..709405.84 rows=9999939 width=20)
         Sort Key: s_3.a, s_3.b, s_3.c, s_3.d
         Presorted Key: s_3.a, s_3.b, s_3.c
         ->  Index Only Scan using s_3_a_b_c_e_d_idx on s_3  (cost=0.56..348311.65 rows=9999939 width=20)
(5 rows)

===== 250 [Wed Mar  7 15:28:43 CET 2018] scale:10000000 groups:1000 work_mem:256MB incremental:off max_workers:2 =====
SELECT * FROM s_1 ORDER BY a, b
                                        QUERY PLAN                                        
------------------------------------------------------------------------------------------
 Limit  (cost=1620109.99..1620109.99 rows=1 width=20)
   ->  Gather Merge  (cost=564493.06..1536777.17 rows=8333282 width=20)
         Workers Planned: 2
         ->  Sort  (cost=563493.04..573909.64 rows=4166641 width=20)
               Sort Key: s_1.a, s_1.b
               ->  Parallel Seq Scan on s_1  (cost=0.00..105361.41 rows=4166641 width=20)
(6 rows)

===== 251 [Wed Mar  7 15:29:03 CET 2018] scale:10000000 groups:1000 work_mem:256MB incremental:off max_workers:2 =====
SELECT * FROM s_2 ORDER BY a, b, c
                                        QUERY PLAN                                        
------------------------------------------------------------------------------------------
 Limit  (cost=1620109.99..1620109.99 rows=1 width=20)
   ->  Gather Merge  (cost=564493.06..1536777.17 rows=8333282 width=20)
         Workers Planned: 2
         ->  Sort  (cost=563493.04..573909.64 rows=4166641 width=20)
               Sort Key: s_2.a, s_2.b, s_2.c
               ->  Parallel Seq Scan on s_2  (cost=0.00..105361.41 rows=4166641 width=20)
(6 rows)

===== 252 [Wed Mar  7 15:29:22 CET 2018] scale:10000000 groups:1000 work_mem:256MB incremental:off max_workers:2 =====
SELECT * FROM s_3 ORDER BY a, b, c, d
                                        QUERY PLAN                                        
------------------------------------------------------------------------------------------
 Limit  (cost=1620109.99..1620109.99 rows=1 width=20)
   ->  Gather Merge  (cost=564493.06..1536777.17 rows=8333282 width=20)
         Workers Planned: 2
         ->  Sort  (cost=563493.04..573909.64 rows=4166641 width=20)
               Sort Key: s_3.a, s_3.b, s_3.c, s_3.d
               ->  Parallel Seq Scan on s_3  (cost=0.00..105361.41 rows=4166641 width=20)
(6 rows)

===== 253 [Wed Mar  7 15:30:48 CET 2018] scale:10000000 groups:10000 work_mem:4MB incremental:on max_workers:0 =====
SELECT * FROM s_1 ORDER BY a, b
                                                QUERY PLAN                                                 
-----------------------------------------------------------------------------------------------------------
 Limit  (cost=1125421.51..1125421.51 rows=1 width=20)
   ->  Incremental Sort  (cost=89.96..1025420.97 rows=10000054 width=20)
         Sort Key: s_1.a, s_1.b
         Presorted Key: s_1.a
         ->  Index Only Scan using s_1_a_e_d_c_b_idx on s_1  (cost=0.56..348313.37 rows=10000054 width=20)
(5 rows)

===== 254 [Wed Mar  7 15:31:14 CET 2018] scale:10000000 groups:10000 work_mem:4MB incremental:on max_workers:0 =====
SELECT * FROM s_2 ORDER BY a, b, c
                                                QUERY PLAN                                                
----------------------------------------------------------------------------------------------------------
 Limit  (cost=809405.23..809405.23 rows=1 width=20)
   ->  Incremental Sort  (cost=1.07..709405.84 rows=9999939 width=20)
         Sort Key: s_2.a, s_2.b, s_2.c
         Presorted Key: s_2.a, s_2.b
         ->  Index Only Scan using s_2_a_b_e_d_c_idx on s_2  (cost=0.56..348311.65 rows=9999939 width=20)
(5 rows)

===== 255 [Wed Mar  7 15:31:30 CET 2018] scale:10000000 groups:10000 work_mem:4MB incremental:on max_workers:0 =====
SELECT * FROM s_3 ORDER BY a, b, c, d
                                                QUERY PLAN                                                
----------------------------------------------------------------------------------------------------------
 Limit  (cost=809405.23..809405.23 rows=1 width=20)
   ->  Incremental Sort  (cost=1.07..709405.84 rows=9999939 width=20)
         Sort Key: s_3.a, s_3.b, s_3.c, s_3.d
         Presorted Key: s_3.a, s_3.b, s_3.c
         ->  Index Only Scan using s_3_a_b_c_e_d_idx on s_3  (cost=0.56..348311.65 rows=9999939 width=20)
(5 rows)

===== 256 [Wed Mar  7 15:31:44 CET 2018] scale:10000000 groups:10000 work_mem:4MB incremental:off max_workers:0 =====
SELECT * FROM s_1 ORDER BY a, b
                                 QUERY PLAN                                 
----------------------------------------------------------------------------
 Limit  (cost=1861542.72..1861542.72 rows=1 width=20)
   ->  Sort  (cost=1736542.04..1761542.18 rows=10000054 width=20)
         Sort Key: s_1.a, s_1.b
         ->  Seq Scan on s_1  (cost=0.00..163695.54 rows=10000054 width=20)
(4 rows)

===== 257 [Wed Mar  7 15:32:21 CET 2018] scale:10000000 groups:10000 work_mem:4MB incremental:off max_workers:0 =====
SELECT * FROM s_2 ORDER BY a, b, c
                                QUERY PLAN                                 
---------------------------------------------------------------------------
 Limit  (cost=1861518.93..1861518.93 rows=1 width=20)
   ->  Sort  (cost=1736519.69..1761519.54 rows=9999939 width=20)
         Sort Key: s_2.a, s_2.b, s_2.c
         ->  Seq Scan on s_2  (cost=0.00..163694.39 rows=9999939 width=20)
(4 rows)

===== 258 [Wed Mar  7 15:32:53 CET 2018] scale:10000000 groups:10000 work_mem:4MB incremental:off max_workers:0 =====
SELECT * FROM s_3 ORDER BY a, b, c, d
                                QUERY PLAN                                 
---------------------------------------------------------------------------
 Limit  (cost=1861518.93..1861518.93 rows=1 width=20)
   ->  Sort  (cost=1736519.69..1761519.54 rows=9999939 width=20)
         Sort Key: s_3.a, s_3.b, s_3.c, s_3.d
         ->  Seq Scan on s_3  (cost=0.00..163694.39 rows=9999939 width=20)
(4 rows)

===== 259 [Wed Mar  7 15:33:17 CET 2018] scale:10000000 groups:10000 work_mem:8MB incremental:on max_workers:0 =====
SELECT * FROM s_1 ORDER BY a, b
                                                QUERY PLAN                                                 
-----------------------------------------------------------------------------------------------------------
 Limit  (cost=1125421.51..1125421.51 rows=1 width=20)
   ->  Incremental Sort  (cost=89.96..1025420.97 rows=10000054 width=20)
         Sort Key: s_1.a, s_1.b
         Presorted Key: s_1.a
         ->  Index Only Scan using s_1_a_e_d_c_b_idx on s_1  (cost=0.56..348313.37 rows=10000054 width=20)
(5 rows)

===== 260 [Wed Mar  7 15:33:43 CET 2018] scale:10000000 groups:10000 work_mem:8MB incremental:on max_workers:0 =====
SELECT * FROM s_2 ORDER BY a, b, c
                                                QUERY PLAN                                                
----------------------------------------------------------------------------------------------------------
 Limit  (cost=809405.23..809405.23 rows=1 width=20)
   ->  Incremental Sort  (cost=1.07..709405.84 rows=9999939 width=20)
         Sort Key: s_2.a, s_2.b, s_2.c
         Presorted Key: s_2.a, s_2.b
         ->  Index Only Scan using s_2_a_b_e_d_c_idx on s_2  (cost=0.56..348311.65 rows=9999939 width=20)
(5 rows)

===== 261 [Wed Mar  7 15:33:58 CET 2018] scale:10000000 groups:10000 work_mem:8MB incremental:on max_workers:0 =====
SELECT * FROM s_3 ORDER BY a, b, c, d
                                                QUERY PLAN                                                
----------------------------------------------------------------------------------------------------------
 Limit  (cost=809405.23..809405.23 rows=1 width=20)
   ->  Incremental Sort  (cost=1.07..709405.84 rows=9999939 width=20)
         Sort Key: s_3.a, s_3.b, s_3.c, s_3.d
         Presorted Key: s_3.a, s_3.b, s_3.c
         ->  Index Only Scan using s_3_a_b_c_e_d_idx on s_3  (cost=0.56..348311.65 rows=9999939 width=20)
(5 rows)

===== 262 [Wed Mar  7 15:34:13 CET 2018] scale:10000000 groups:10000 work_mem:8MB incremental:off max_workers:0 =====
SELECT * FROM s_1 ORDER BY a, b
                                 QUERY PLAN                                 
----------------------------------------------------------------------------
 Limit  (cost=1861542.72..1861542.72 rows=1 width=20)
   ->  Sort  (cost=1736542.04..1761542.18 rows=10000054 width=20)
         Sort Key: s_1.a, s_1.b
         ->  Seq Scan on s_1  (cost=0.00..163695.54 rows=10000054 width=20)
(4 rows)

===== 263 [Wed Mar  7 15:34:47 CET 2018] scale:10000000 groups:10000 work_mem:8MB incremental:off max_workers:0 =====
SELECT * FROM s_2 ORDER BY a, b, c
                                QUERY PLAN                                 
---------------------------------------------------------------------------
 Limit  (cost=1861518.93..1861518.93 rows=1 width=20)
   ->  Sort  (cost=1736519.69..1761519.54 rows=9999939 width=20)
         Sort Key: s_2.a, s_2.b, s_2.c
         ->  Seq Scan on s_2  (cost=0.00..163694.39 rows=9999939 width=20)
(4 rows)

===== 264 [Wed Mar  7 15:35:15 CET 2018] scale:10000000 groups:10000 work_mem:8MB incremental:off max_workers:0 =====
SELECT * FROM s_3 ORDER BY a, b, c, d
                                QUERY PLAN                                 
---------------------------------------------------------------------------
 Limit  (cost=1861518.93..1861518.93 rows=1 width=20)
   ->  Sort  (cost=1736519.69..1761519.54 rows=9999939 width=20)
         Sort Key: s_3.a, s_3.b, s_3.c, s_3.d
         ->  Seq Scan on s_3  (cost=0.00..163694.39 rows=9999939 width=20)
(4 rows)

===== 265 [Wed Mar  7 15:35:34 CET 2018] scale:10000000 groups:10000 work_mem:16MB incremental:on max_workers:0 =====
SELECT * FROM s_1 ORDER BY a, b
                                                QUERY PLAN                                                 
-----------------------------------------------------------------------------------------------------------
 Limit  (cost=1125421.51..1125421.51 rows=1 width=20)
   ->  Incremental Sort  (cost=89.96..1025420.97 rows=10000054 width=20)
         Sort Key: s_1.a, s_1.b
         Presorted Key: s_1.a
         ->  Index Only Scan using s_1_a_e_d_c_b_idx on s_1  (cost=0.56..348313.37 rows=10000054 width=20)
(5 rows)

===== 266 [Wed Mar  7 15:36:00 CET 2018] scale:10000000 groups:10000 work_mem:16MB incremental:on max_workers:0 =====
SELECT * FROM s_2 ORDER BY a, b, c
                                                QUERY PLAN                                                
----------------------------------------------------------------------------------------------------------
 Limit  (cost=809405.23..809405.23 rows=1 width=20)
   ->  Incremental Sort  (cost=1.07..709405.84 rows=9999939 width=20)
         Sort Key: s_2.a, s_2.b, s_2.c
         Presorted Key: s_2.a, s_2.b
         ->  Index Only Scan using s_2_a_b_e_d_c_idx on s_2  (cost=0.56..348311.65 rows=9999939 width=20)
(5 rows)

===== 267 [Wed Mar  7 15:36:16 CET 2018] scale:10000000 groups:10000 work_mem:16MB incremental:on max_workers:0 =====
SELECT * FROM s_3 ORDER BY a, b, c, d
                                                QUERY PLAN                                                
----------------------------------------------------------------------------------------------------------
 Limit  (cost=809405.23..809405.23 rows=1 width=20)
   ->  Incremental Sort  (cost=1.07..709405.84 rows=9999939 width=20)
         Sort Key: s_3.a, s_3.b, s_3.c, s_3.d
         Presorted Key: s_3.a, s_3.b, s_3.c
         ->  Index Only Scan using s_3_a_b_c_e_d_idx on s_3  (cost=0.56..348311.65 rows=9999939 width=20)
(5 rows)

===== 268 [Wed Mar  7 15:36:30 CET 2018] scale:10000000 groups:10000 work_mem:16MB incremental:off max_workers:0 =====
SELECT * FROM s_1 ORDER BY a, b
                                 QUERY PLAN                                 
----------------------------------------------------------------------------
 Limit  (cost=1656460.22..1656460.22 rows=1 width=20)
   ->  Sort  (cost=1531459.54..1556459.68 rows=10000054 width=20)
         Sort Key: s_1.a, s_1.b
         ->  Seq Scan on s_1  (cost=0.00..163695.54 rows=10000054 width=20)
(4 rows)

===== 269 [Wed Mar  7 15:37:00 CET 2018] scale:10000000 groups:10000 work_mem:16MB incremental:off max_workers:0 =====
SELECT * FROM s_2 ORDER BY a, b, c
                                QUERY PLAN                                 
---------------------------------------------------------------------------
 Limit  (cost=1656439.93..1656439.93 rows=1 width=20)
   ->  Sort  (cost=1531440.69..1556440.54 rows=9999939 width=20)
         Sort Key: s_2.a, s_2.b, s_2.c
         ->  Seq Scan on s_2  (cost=0.00..163694.39 rows=9999939 width=20)
(4 rows)

===== 270 [Wed Mar  7 15:37:24 CET 2018] scale:10000000 groups:10000 work_mem:16MB incremental:off max_workers:0 =====
SELECT * FROM s_3 ORDER BY a, b, c, d
                                QUERY PLAN                                 
---------------------------------------------------------------------------
 Limit  (cost=1656439.93..1656439.93 rows=1 width=20)
   ->  Sort  (cost=1531440.69..1556440.54 rows=9999939 width=20)
         Sort Key: s_3.a, s_3.b, s_3.c, s_3.d
         ->  Seq Scan on s_3  (cost=0.00..163694.39 rows=9999939 width=20)
(4 rows)

===== 271 [Wed Mar  7 15:37:39 CET 2018] scale:10000000 groups:10000 work_mem:32MB incremental:on max_workers:0 =====
SELECT * FROM s_1 ORDER BY a, b
                                                QUERY PLAN                                                 
-----------------------------------------------------------------------------------------------------------
 Limit  (cost=1125421.51..1125421.51 rows=1 width=20)
   ->  Incremental Sort  (cost=89.96..1025420.97 rows=10000054 width=20)
         Sort Key: s_1.a, s_1.b
         Presorted Key: s_1.a
         ->  Index Only Scan using s_1_a_e_d_c_b_idx on s_1  (cost=0.56..348313.37 rows=10000054 width=20)
(5 rows)

===== 272 [Wed Mar  7 15:38:05 CET 2018] scale:10000000 groups:10000 work_mem:32MB incremental:on max_workers:0 =====
SELECT * FROM s_2 ORDER BY a, b, c
                                                QUERY PLAN                                                
----------------------------------------------------------------------------------------------------------
 Limit  (cost=809405.23..809405.23 rows=1 width=20)
   ->  Incremental Sort  (cost=1.07..709405.84 rows=9999939 width=20)
         Sort Key: s_2.a, s_2.b, s_2.c
         Presorted Key: s_2.a, s_2.b
         ->  Index Only Scan using s_2_a_b_e_d_c_idx on s_2  (cost=0.56..348311.65 rows=9999939 width=20)
(5 rows)

===== 273 [Wed Mar  7 15:38:21 CET 2018] scale:10000000 groups:10000 work_mem:32MB incremental:on max_workers:0 =====
SELECT * FROM s_3 ORDER BY a, b, c, d
                                                QUERY PLAN                                                
----------------------------------------------------------------------------------------------------------
 Limit  (cost=809405.23..809405.23 rows=1 width=20)
   ->  Incremental Sort  (cost=1.07..709405.84 rows=9999939 width=20)
         Sort Key: s_3.a, s_3.b, s_3.c, s_3.d
         Presorted Key: s_3.a, s_3.b, s_3.c
         ->  Index Only Scan using s_3_a_b_c_e_d_idx on s_3  (cost=0.56..348311.65 rows=9999939 width=20)
(5 rows)

===== 274 [Wed Mar  7 15:38:35 CET 2018] scale:10000000 groups:10000 work_mem:32MB incremental:off max_workers:0 =====
SELECT * FROM s_1 ORDER BY a, b
                                 QUERY PLAN                                 
----------------------------------------------------------------------------
 Limit  (cost=1656460.22..1656460.22 rows=1 width=20)
   ->  Sort  (cost=1531459.54..1556459.68 rows=10000054 width=20)
         Sort Key: s_1.a, s_1.b
         ->  Seq Scan on s_1  (cost=0.00..163695.54 rows=10000054 width=20)
(4 rows)

===== 275 [Wed Mar  7 15:39:05 CET 2018] scale:10000000 groups:10000 work_mem:32MB incremental:off max_workers:0 =====
SELECT * FROM s_2 ORDER BY a, b, c
                                QUERY PLAN                                 
---------------------------------------------------------------------------
 Limit  (cost=1656439.93..1656439.93 rows=1 width=20)
   ->  Sort  (cost=1531440.69..1556440.54 rows=9999939 width=20)
         Sort Key: s_2.a, s_2.b, s_2.c
         ->  Seq Scan on s_2  (cost=0.00..163694.39 rows=9999939 width=20)
(4 rows)

===== 276 [Wed Mar  7 15:39:30 CET 2018] scale:10000000 groups:10000 work_mem:32MB incremental:off max_workers:0 =====
SELECT * FROM s_3 ORDER BY a, b, c, d
                                QUERY PLAN                                 
---------------------------------------------------------------------------
 Limit  (cost=1656439.93..1656439.93 rows=1 width=20)
   ->  Sort  (cost=1531440.69..1556440.54 rows=9999939 width=20)
         Sort Key: s_3.a, s_3.b, s_3.c, s_3.d
         ->  Seq Scan on s_3  (cost=0.00..163694.39 rows=9999939 width=20)
(4 rows)

===== 277 [Wed Mar  7 15:39:45 CET 2018] scale:10000000 groups:10000 work_mem:64MB incremental:on max_workers:0 =====
SELECT * FROM s_1 ORDER BY a, b
                                                QUERY PLAN                                                 
-----------------------------------------------------------------------------------------------------------
 Limit  (cost=1125421.51..1125421.51 rows=1 width=20)
   ->  Incremental Sort  (cost=89.96..1025420.97 rows=10000054 width=20)
         Sort Key: s_1.a, s_1.b
         Presorted Key: s_1.a
         ->  Index Only Scan using s_1_a_e_d_c_b_idx on s_1  (cost=0.56..348313.37 rows=10000054 width=20)
(5 rows)

===== 278 [Wed Mar  7 15:40:10 CET 2018] scale:10000000 groups:10000 work_mem:64MB incremental:on max_workers:0 =====
SELECT * FROM s_2 ORDER BY a, b, c
                                                QUERY PLAN                                                
----------------------------------------------------------------------------------------------------------
 Limit  (cost=809405.23..809405.23 rows=1 width=20)
   ->  Incremental Sort  (cost=1.07..709405.84 rows=9999939 width=20)
         Sort Key: s_2.a, s_2.b, s_2.c
         Presorted Key: s_2.a, s_2.b
         ->  Index Only Scan using s_2_a_b_e_d_c_idx on s_2  (cost=0.56..348311.65 rows=9999939 width=20)
(5 rows)

===== 279 [Wed Mar  7 15:40:26 CET 2018] scale:10000000 groups:10000 work_mem:64MB incremental:on max_workers:0 =====
SELECT * FROM s_3 ORDER BY a, b, c, d
                                                QUERY PLAN                                                
----------------------------------------------------------------------------------------------------------
 Limit  (cost=809405.23..809405.23 rows=1 width=20)
   ->  Incremental Sort  (cost=1.07..709405.84 rows=9999939 width=20)
         Sort Key: s_3.a, s_3.b, s_3.c, s_3.d
         Presorted Key: s_3.a, s_3.b, s_3.c
         ->  Index Only Scan using s_3_a_b_c_e_d_idx on s_3  (cost=0.56..348311.65 rows=9999939 width=20)
(5 rows)

===== 280 [Wed Mar  7 15:40:41 CET 2018] scale:10000000 groups:10000 work_mem:64MB incremental:off max_workers:0 =====
SELECT * FROM s_1 ORDER BY a, b
                                 QUERY PLAN                                 
----------------------------------------------------------------------------
 Limit  (cost=1656460.22..1656460.22 rows=1 width=20)
   ->  Sort  (cost=1531459.54..1556459.68 rows=10000054 width=20)
         Sort Key: s_1.a, s_1.b
         ->  Seq Scan on s_1  (cost=0.00..163695.54 rows=10000054 width=20)
(4 rows)

===== 281 [Wed Mar  7 15:41:11 CET 2018] scale:10000000 groups:10000 work_mem:64MB incremental:off max_workers:0 =====
SELECT * FROM s_2 ORDER BY a, b, c
                                QUERY PLAN                                 
---------------------------------------------------------------------------
 Limit  (cost=1656439.93..1656439.93 rows=1 width=20)
   ->  Sort  (cost=1531440.69..1556440.54 rows=9999939 width=20)
         Sort Key: s_2.a, s_2.b, s_2.c
         ->  Seq Scan on s_2  (cost=0.00..163694.39 rows=9999939 width=20)
(4 rows)

===== 282 [Wed Mar  7 15:41:36 CET 2018] scale:10000000 groups:10000 work_mem:64MB incremental:off max_workers:0 =====
SELECT * FROM s_3 ORDER BY a, b, c, d
                                QUERY PLAN                                 
---------------------------------------------------------------------------
 Limit  (cost=1656439.93..1656439.93 rows=1 width=20)
   ->  Sort  (cost=1531440.69..1556440.54 rows=9999939 width=20)
         Sort Key: s_3.a, s_3.b, s_3.c, s_3.d
         ->  Seq Scan on s_3  (cost=0.00..163694.39 rows=9999939 width=20)
(4 rows)

===== 283 [Wed Mar  7 15:41:52 CET 2018] scale:10000000 groups:10000 work_mem:128MB incremental:on max_workers:0 =====
SELECT * FROM s_1 ORDER BY a, b
                                                QUERY PLAN                                                 
-----------------------------------------------------------------------------------------------------------
 Limit  (cost=1125421.51..1125421.51 rows=1 width=20)
   ->  Incremental Sort  (cost=89.96..1025420.97 rows=10000054 width=20)
         Sort Key: s_1.a, s_1.b
         Presorted Key: s_1.a
         ->  Index Only Scan using s_1_a_e_d_c_b_idx on s_1  (cost=0.56..348313.37 rows=10000054 width=20)
(5 rows)

===== 284 [Wed Mar  7 15:42:18 CET 2018] scale:10000000 groups:10000 work_mem:128MB incremental:on max_workers:0 =====
SELECT * FROM s_2 ORDER BY a, b, c
                                                QUERY PLAN                                                
----------------------------------------------------------------------------------------------------------
 Limit  (cost=809405.23..809405.23 rows=1 width=20)
   ->  Incremental Sort  (cost=1.07..709405.84 rows=9999939 width=20)
         Sort Key: s_2.a, s_2.b, s_2.c
         Presorted Key: s_2.a, s_2.b
         ->  Index Only Scan using s_2_a_b_e_d_c_idx on s_2  (cost=0.56..348311.65 rows=9999939 width=20)
(5 rows)

===== 285 [Wed Mar  7 15:42:34 CET 2018] scale:10000000 groups:10000 work_mem:128MB incremental:on max_workers:0 =====
SELECT * FROM s_3 ORDER BY a, b, c, d
                                                QUERY PLAN                                                
----------------------------------------------------------------------------------------------------------
 Limit  (cost=809405.23..809405.23 rows=1 width=20)
   ->  Incremental Sort  (cost=1.07..709405.84 rows=9999939 width=20)
         Sort Key: s_3.a, s_3.b, s_3.c, s_3.d
         Presorted Key: s_3.a, s_3.b, s_3.c
         ->  Index Only Scan using s_3_a_b_c_e_d_idx on s_3  (cost=0.56..348311.65 rows=9999939 width=20)
(5 rows)

===== 286 [Wed Mar  7 15:42:48 CET 2018] scale:10000000 groups:10000 work_mem:128MB incremental:off max_workers:0 =====
SELECT * FROM s_1 ORDER BY a, b
                                 QUERY PLAN                                 
----------------------------------------------------------------------------
 Limit  (cost=1656460.22..1656460.22 rows=1 width=20)
   ->  Sort  (cost=1531459.54..1556459.68 rows=10000054 width=20)
         Sort Key: s_1.a, s_1.b
         ->  Seq Scan on s_1  (cost=0.00..163695.54 rows=10000054 width=20)
(4 rows)

===== 287 [Wed Mar  7 15:43:20 CET 2018] scale:10000000 groups:10000 work_mem:128MB incremental:off max_workers:0 =====
SELECT * FROM s_2 ORDER BY a, b, c
                                QUERY PLAN                                 
---------------------------------------------------------------------------
 Limit  (cost=1656439.93..1656439.93 rows=1 width=20)
   ->  Sort  (cost=1531440.69..1556440.54 rows=9999939 width=20)
         Sort Key: s_2.a, s_2.b, s_2.c
         ->  Seq Scan on s_2  (cost=0.00..163694.39 rows=9999939 width=20)
(4 rows)

===== 288 [Wed Mar  7 15:43:45 CET 2018] scale:10000000 groups:10000 work_mem:128MB incremental:off max_workers:0 =====
SELECT * FROM s_3 ORDER BY a, b, c, d
                                QUERY PLAN                                 
---------------------------------------------------------------------------
 Limit  (cost=1656439.93..1656439.93 rows=1 width=20)
   ->  Sort  (cost=1531440.69..1556440.54 rows=9999939 width=20)
         Sort Key: s_3.a, s_3.b, s_3.c, s_3.d
         ->  Seq Scan on s_3  (cost=0.00..163694.39 rows=9999939 width=20)
(4 rows)

===== 289 [Wed Mar  7 15:44:02 CET 2018] scale:10000000 groups:10000 work_mem:256MB incremental:on max_workers:0 =====
SELECT * FROM s_1 ORDER BY a, b
                                                QUERY PLAN                                                 
-----------------------------------------------------------------------------------------------------------
 Limit  (cost=1125421.51..1125421.51 rows=1 width=20)
   ->  Incremental Sort  (cost=89.96..1025420.97 rows=10000054 width=20)
         Sort Key: s_1.a, s_1.b
         Presorted Key: s_1.a
         ->  Index Only Scan using s_1_a_e_d_c_b_idx on s_1  (cost=0.56..348313.37 rows=10000054 width=20)
(5 rows)

===== 290 [Wed Mar  7 15:44:28 CET 2018] scale:10000000 groups:10000 work_mem:256MB incremental:on max_workers:0 =====
SELECT * FROM s_2 ORDER BY a, b, c
                                                QUERY PLAN                                                
----------------------------------------------------------------------------------------------------------
 Limit  (cost=809405.23..809405.23 rows=1 width=20)
   ->  Incremental Sort  (cost=1.07..709405.84 rows=9999939 width=20)
         Sort Key: s_2.a, s_2.b, s_2.c
         Presorted Key: s_2.a, s_2.b
         ->  Index Only Scan using s_2_a_b_e_d_c_idx on s_2  (cost=0.56..348311.65 rows=9999939 width=20)
(5 rows)

===== 291 [Wed Mar  7 15:44:44 CET 2018] scale:10000000 groups:10000 work_mem:256MB incremental:on max_workers:0 =====
SELECT * FROM s_3 ORDER BY a, b, c, d
                                                QUERY PLAN                                                
----------------------------------------------------------------------------------------------------------
 Limit  (cost=809405.23..809405.23 rows=1 width=20)
   ->  Incremental Sort  (cost=1.07..709405.84 rows=9999939 width=20)
         Sort Key: s_3.a, s_3.b, s_3.c, s_3.d
         Presorted Key: s_3.a, s_3.b, s_3.c
         ->  Index Only Scan using s_3_a_b_c_e_d_idx on s_3  (cost=0.56..348311.65 rows=9999939 width=20)
(5 rows)

===== 292 [Wed Mar  7 15:44:58 CET 2018] scale:10000000 groups:10000 work_mem:256MB incremental:off max_workers:0 =====
SELECT * FROM s_1 ORDER BY a, b
                                 QUERY PLAN                                 
----------------------------------------------------------------------------
 Limit  (cost=1656460.22..1656460.22 rows=1 width=20)
   ->  Sort  (cost=1531459.54..1556459.68 rows=10000054 width=20)
         Sort Key: s_1.a, s_1.b
         ->  Seq Scan on s_1  (cost=0.00..163695.54 rows=10000054 width=20)
(4 rows)

===== 293 [Wed Mar  7 15:45:30 CET 2018] scale:10000000 groups:10000 work_mem:256MB incremental:off max_workers:0 =====
SELECT * FROM s_2 ORDER BY a, b, c
                                QUERY PLAN                                 
---------------------------------------------------------------------------
 Limit  (cost=1656439.93..1656439.93 rows=1 width=20)
   ->  Sort  (cost=1531440.69..1556440.54 rows=9999939 width=20)
         Sort Key: s_2.a, s_2.b, s_2.c
         ->  Seq Scan on s_2  (cost=0.00..163694.39 rows=9999939 width=20)
(4 rows)

===== 294 [Wed Mar  7 15:45:57 CET 2018] scale:10000000 groups:10000 work_mem:256MB incremental:off max_workers:0 =====
SELECT * FROM s_3 ORDER BY a, b, c, d
                                QUERY PLAN                                 
---------------------------------------------------------------------------
 Limit  (cost=1656439.93..1656439.93 rows=1 width=20)
   ->  Sort  (cost=1531440.69..1556440.54 rows=9999939 width=20)
         Sort Key: s_3.a, s_3.b, s_3.c, s_3.d
         ->  Seq Scan on s_3  (cost=0.00..163694.39 rows=9999939 width=20)
(4 rows)

===== 295 [Wed Mar  7 15:46:15 CET 2018] scale:10000000 groups:10000 work_mem:4MB incremental:on max_workers:2 =====
SELECT * FROM s_1 ORDER BY a, b
                                                QUERY PLAN                                                 
-----------------------------------------------------------------------------------------------------------
 Limit  (cost=1125421.51..1125421.51 rows=1 width=20)
   ->  Incremental Sort  (cost=89.96..1025420.97 rows=10000054 width=20)
         Sort Key: s_1.a, s_1.b
         Presorted Key: s_1.a
         ->  Index Only Scan using s_1_a_e_d_c_b_idx on s_1  (cost=0.56..348313.37 rows=10000054 width=20)
(5 rows)

===== 296 [Wed Mar  7 15:46:40 CET 2018] scale:10000000 groups:10000 work_mem:4MB incremental:on max_workers:2 =====
SELECT * FROM s_2 ORDER BY a, b, c
                                                QUERY PLAN                                                
----------------------------------------------------------------------------------------------------------
 Limit  (cost=809405.23..809405.23 rows=1 width=20)
   ->  Incremental Sort  (cost=1.07..709405.84 rows=9999939 width=20)
         Sort Key: s_2.a, s_2.b, s_2.c
         Presorted Key: s_2.a, s_2.b
         ->  Index Only Scan using s_2_a_b_e_d_c_idx on s_2  (cost=0.56..348311.65 rows=9999939 width=20)
(5 rows)

===== 297 [Wed Mar  7 15:46:56 CET 2018] scale:10000000 groups:10000 work_mem:4MB incremental:on max_workers:2 =====
SELECT * FROM s_3 ORDER BY a, b, c, d
                                                QUERY PLAN                                                
----------------------------------------------------------------------------------------------------------
 Limit  (cost=809405.23..809405.23 rows=1 width=20)
   ->  Incremental Sort  (cost=1.07..709405.84 rows=9999939 width=20)
         Sort Key: s_3.a, s_3.b, s_3.c, s_3.d
         Presorted Key: s_3.a, s_3.b, s_3.c
         ->  Index Only Scan using s_3_a_b_c_e_d_idx on s_3  (cost=0.56..348311.65 rows=9999939 width=20)
(5 rows)

===== 298 [Wed Mar  7 15:47:11 CET 2018] scale:10000000 groups:10000 work_mem:4MB incremental:off max_workers:2 =====
SELECT * FROM s_1 ORDER BY a, b
                                        QUERY PLAN                                        
------------------------------------------------------------------------------------------
 Limit  (cost=1791033.26..1791033.26 rows=1 width=20)
   ->  Gather Merge  (cost=735404.16..1707699.48 rows=8333378 width=20)
         Workers Planned: 2
         ->  Sort  (cost=734404.14..744820.86 rows=4166689 width=20)
               Sort Key: s_1.a, s_1.b
               ->  Parallel Seq Scan on s_1  (cost=0.00..105361.89 rows=4166689 width=20)
(6 rows)

===== 299 [Wed Mar  7 15:47:31 CET 2018] scale:10000000 groups:10000 work_mem:4MB incremental:off max_workers:2 =====
SELECT * FROM s_2 ORDER BY a, b, c
                                        QUERY PLAN                                        
------------------------------------------------------------------------------------------
 Limit  (cost=1791007.99..1791007.99 rows=1 width=20)
   ->  Gather Merge  (cost=735391.06..1707675.17 rows=8333282 width=20)
         Workers Planned: 2
         ->  Sort  (cost=734391.04..744807.64 rows=4166641 width=20)
               Sort Key: s_2.a, s_2.b, s_2.c
               ->  Parallel Seq Scan on s_2  (cost=0.00..105361.41 rows=4166641 width=20)
(6 rows)

===== 300 [Wed Mar  7 15:47:48 CET 2018] scale:10000000 groups:10000 work_mem:4MB incremental:off max_workers:2 =====
SELECT * FROM s_3 ORDER BY a, b, c, d
                                        QUERY PLAN                                        
------------------------------------------------------------------------------------------
 Limit  (cost=1791007.99..1791007.99 rows=1 width=20)
   ->  Gather Merge  (cost=735391.06..1707675.17 rows=8333282 width=20)
         Workers Planned: 2
         ->  Sort  (cost=734391.04..744807.64 rows=4166641 width=20)
               Sort Key: s_3.a, s_3.b, s_3.c, s_3.d
               ->  Parallel Seq Scan on s_3  (cost=0.00..105361.41 rows=4166641 width=20)
(6 rows)

===== 301 [Wed Mar  7 15:48:03 CET 2018] scale:10000000 groups:10000 work_mem:8MB incremental:on max_workers:2 =====
SELECT * FROM s_1 ORDER BY a, b
                                                QUERY PLAN                                                 
-----------------------------------------------------------------------------------------------------------
 Limit  (cost=1125421.51..1125421.51 rows=1 width=20)
   ->  Incremental Sort  (cost=89.96..1025420.97 rows=10000054 width=20)
         Sort Key: s_1.a, s_1.b
         Presorted Key: s_1.a
         ->  Index Only Scan using s_1_a_e_d_c_b_idx on s_1  (cost=0.56..348313.37 rows=10000054 width=20)
(5 rows)

===== 302 [Wed Mar  7 15:48:28 CET 2018] scale:10000000 groups:10000 work_mem:8MB incremental:on max_workers:2 =====
SELECT * FROM s_2 ORDER BY a, b, c
                                                QUERY PLAN                                                
----------------------------------------------------------------------------------------------------------
 Limit  (cost=809405.23..809405.23 rows=1 width=20)
   ->  Incremental Sort  (cost=1.07..709405.84 rows=9999939 width=20)
         Sort Key: s_2.a, s_2.b, s_2.c
         Presorted Key: s_2.a, s_2.b
         ->  Index Only Scan using s_2_a_b_e_d_c_idx on s_2  (cost=0.56..348311.65 rows=9999939 width=20)
(5 rows)

===== 303 [Wed Mar  7 15:48:44 CET 2018] scale:10000000 groups:10000 work_mem:8MB incremental:on max_workers:2 =====
SELECT * FROM s_3 ORDER BY a, b, c, d
                                                QUERY PLAN                                                
----------------------------------------------------------------------------------------------------------
 Limit  (cost=809405.23..809405.23 rows=1 width=20)
   ->  Incremental Sort  (cost=1.07..709405.84 rows=9999939 width=20)
         Sort Key: s_3.a, s_3.b, s_3.c, s_3.d
         Presorted Key: s_3.a, s_3.b, s_3.c
         ->  Index Only Scan using s_3_a_b_c_e_d_idx on s_3  (cost=0.56..348311.65 rows=9999939 width=20)
(5 rows)

===== 304 [Wed Mar  7 15:48:59 CET 2018] scale:10000000 groups:10000 work_mem:8MB incremental:off max_workers:2 =====
SELECT * FROM s_1 ORDER BY a, b
                                        QUERY PLAN                                        
------------------------------------------------------------------------------------------
 Limit  (cost=1705580.76..1705580.76 rows=1 width=20)
   ->  Gather Merge  (cost=649951.66..1622246.98 rows=8333378 width=20)
         Workers Planned: 2
         ->  Sort  (cost=648951.64..659368.36 rows=4166689 width=20)
               Sort Key: s_1.a, s_1.b
               ->  Parallel Seq Scan on s_1  (cost=0.00..105361.89 rows=4166689 width=20)
(6 rows)

===== 305 [Wed Mar  7 15:49:18 CET 2018] scale:10000000 groups:10000 work_mem:8MB incremental:off max_workers:2 =====
SELECT * FROM s_2 ORDER BY a, b, c
                                        QUERY PLAN                                        
------------------------------------------------------------------------------------------
 Limit  (cost=1705558.99..1705558.99 rows=1 width=20)
   ->  Gather Merge  (cost=649942.06..1622226.17 rows=8333282 width=20)
         Workers Planned: 2
         ->  Sort  (cost=648942.04..659358.64 rows=4166641 width=20)
               Sort Key: s_2.a, s_2.b, s_2.c
               ->  Parallel Seq Scan on s_2  (cost=0.00..105361.41 rows=4166641 width=20)
(6 rows)

===== 306 [Wed Mar  7 15:49:33 CET 2018] scale:10000000 groups:10000 work_mem:8MB incremental:off max_workers:2 =====
SELECT * FROM s_3 ORDER BY a, b, c, d
                                        QUERY PLAN                                        
------------------------------------------------------------------------------------------
 Limit  (cost=1705558.99..1705558.99 rows=1 width=20)
   ->  Gather Merge  (cost=649942.06..1622226.17 rows=8333282 width=20)
         Workers Planned: 2
         ->  Sort  (cost=648942.04..659358.64 rows=4166641 width=20)
               Sort Key: s_3.a, s_3.b, s_3.c, s_3.d
               ->  Parallel Seq Scan on s_3  (cost=0.00..105361.41 rows=4166641 width=20)
(6 rows)

===== 307 [Wed Mar  7 15:49:47 CET 2018] scale:10000000 groups:10000 work_mem:16MB incremental:on max_workers:2 =====
SELECT * FROM s_1 ORDER BY a, b
                                                QUERY PLAN                                                 
-----------------------------------------------------------------------------------------------------------
 Limit  (cost=1125421.51..1125421.51 rows=1 width=20)
   ->  Incremental Sort  (cost=89.96..1025420.97 rows=10000054 width=20)
         Sort Key: s_1.a, s_1.b
         Presorted Key: s_1.a
         ->  Index Only Scan using s_1_a_e_d_c_b_idx on s_1  (cost=0.56..348313.37 rows=10000054 width=20)
(5 rows)

===== 308 [Wed Mar  7 15:50:12 CET 2018] scale:10000000 groups:10000 work_mem:16MB incremental:on max_workers:2 =====
SELECT * FROM s_2 ORDER BY a, b, c
                                                QUERY PLAN                                                
----------------------------------------------------------------------------------------------------------
 Limit  (cost=809405.23..809405.23 rows=1 width=20)
   ->  Incremental Sort  (cost=1.07..709405.84 rows=9999939 width=20)
         Sort Key: s_2.a, s_2.b, s_2.c
         Presorted Key: s_2.a, s_2.b
         ->  Index Only Scan using s_2_a_b_e_d_c_idx on s_2  (cost=0.56..348311.65 rows=9999939 width=20)
(5 rows)

===== 309 [Wed Mar  7 15:50:28 CET 2018] scale:10000000 groups:10000 work_mem:16MB incremental:on max_workers:2 =====
SELECT * FROM s_3 ORDER BY a, b, c, d
                                                QUERY PLAN                                                
----------------------------------------------------------------------------------------------------------
 Limit  (cost=809405.23..809405.23 rows=1 width=20)
   ->  Incremental Sort  (cost=1.07..709405.84 rows=9999939 width=20)
         Sort Key: s_3.a, s_3.b, s_3.c, s_3.d
         Presorted Key: s_3.a, s_3.b, s_3.c
         ->  Index Only Scan using s_3_a_b_c_e_d_idx on s_3  (cost=0.56..348311.65 rows=9999939 width=20)
(5 rows)

===== 310 [Wed Mar  7 15:50:43 CET 2018] scale:10000000 groups:10000 work_mem:16MB incremental:off max_workers:2 =====
SELECT * FROM s_1 ORDER BY a, b
                                 QUERY PLAN                                 
----------------------------------------------------------------------------
 Limit  (cost=1656460.22..1656460.22 rows=1 width=20)
   ->  Sort  (cost=1531459.54..1556459.68 rows=10000054 width=20)
         Sort Key: s_1.a, s_1.b
         ->  Seq Scan on s_1  (cost=0.00..163695.54 rows=10000054 width=20)
(4 rows)

===== 311 [Wed Mar  7 15:51:13 CET 2018] scale:10000000 groups:10000 work_mem:16MB incremental:off max_workers:2 =====
SELECT * FROM s_2 ORDER BY a, b, c
                                QUERY PLAN                                 
---------------------------------------------------------------------------
 Limit  (cost=1656439.93..1656439.93 rows=1 width=20)
   ->  Sort  (cost=1531440.69..1556440.54 rows=9999939 width=20)
         Sort Key: s_2.a, s_2.b, s_2.c
         ->  Seq Scan on s_2  (cost=0.00..163694.39 rows=9999939 width=20)
(4 rows)

===== 312 [Wed Mar  7 15:51:37 CET 2018] scale:10000000 groups:10000 work_mem:16MB incremental:off max_workers:2 =====
SELECT * FROM s_3 ORDER BY a, b, c, d
                                QUERY PLAN                                 
---------------------------------------------------------------------------
 Limit  (cost=1656439.93..1656439.93 rows=1 width=20)
   ->  Sort  (cost=1531440.69..1556440.54 rows=9999939 width=20)
         Sort Key: s_3.a, s_3.b, s_3.c, s_3.d
         ->  Seq Scan on s_3  (cost=0.00..163694.39 rows=9999939 width=20)
(4 rows)

===== 313 [Wed Mar  7 15:51:52 CET 2018] scale:10000000 groups:10000 work_mem:32MB incremental:on max_workers:2 =====
SELECT * FROM s_1 ORDER BY a, b
                                                QUERY PLAN                                                 
-----------------------------------------------------------------------------------------------------------
 Limit  (cost=1125421.51..1125421.51 rows=1 width=20)
   ->  Incremental Sort  (cost=89.96..1025420.97 rows=10000054 width=20)
         Sort Key: s_1.a, s_1.b
         Presorted Key: s_1.a
         ->  Index Only Scan using s_1_a_e_d_c_b_idx on s_1  (cost=0.56..348313.37 rows=10000054 width=20)
(5 rows)

===== 314 [Wed Mar  7 15:52:17 CET 2018] scale:10000000 groups:10000 work_mem:32MB incremental:on max_workers:2 =====
SELECT * FROM s_2 ORDER BY a, b, c
                                                QUERY PLAN                                                
----------------------------------------------------------------------------------------------------------
 Limit  (cost=809405.23..809405.23 rows=1 width=20)
   ->  Incremental Sort  (cost=1.07..709405.84 rows=9999939 width=20)
         Sort Key: s_2.a, s_2.b, s_2.c
         Presorted Key: s_2.a, s_2.b
         ->  Index Only Scan using s_2_a_b_e_d_c_idx on s_2  (cost=0.56..348311.65 rows=9999939 width=20)
(5 rows)

===== 315 [Wed Mar  7 15:52:33 CET 2018] scale:10000000 groups:10000 work_mem:32MB incremental:on max_workers:2 =====
SELECT * FROM s_3 ORDER BY a, b, c, d
                                                QUERY PLAN                                                
----------------------------------------------------------------------------------------------------------
 Limit  (cost=809405.23..809405.23 rows=1 width=20)
   ->  Incremental Sort  (cost=1.07..709405.84 rows=9999939 width=20)
         Sort Key: s_3.a, s_3.b, s_3.c, s_3.d
         Presorted Key: s_3.a, s_3.b, s_3.c
         ->  Index Only Scan using s_3_a_b_c_e_d_idx on s_3  (cost=0.56..348311.65 rows=9999939 width=20)
(5 rows)

===== 316 [Wed Mar  7 15:52:48 CET 2018] scale:10000000 groups:10000 work_mem:32MB incremental:off max_workers:2 =====
SELECT * FROM s_1 ORDER BY a, b
                                 QUERY PLAN                                 
----------------------------------------------------------------------------
 Limit  (cost=1656460.22..1656460.22 rows=1 width=20)
   ->  Sort  (cost=1531459.54..1556459.68 rows=10000054 width=20)
         Sort Key: s_1.a, s_1.b
         ->  Seq Scan on s_1  (cost=0.00..163695.54 rows=10000054 width=20)
(4 rows)

===== 317 [Wed Mar  7 15:53:18 CET 2018] scale:10000000 groups:10000 work_mem:32MB incremental:off max_workers:2 =====
SELECT * FROM s_2 ORDER BY a, b, c
                                QUERY PLAN                                 
---------------------------------------------------------------------------
 Limit  (cost=1656439.93..1656439.93 rows=1 width=20)
   ->  Sort  (cost=1531440.69..1556440.54 rows=9999939 width=20)
         Sort Key: s_2.a, s_2.b, s_2.c
         ->  Seq Scan on s_2  (cost=0.00..163694.39 rows=9999939 width=20)
(4 rows)

===== 318 [Wed Mar  7 15:53:42 CET 2018] scale:10000000 groups:10000 work_mem:32MB incremental:off max_workers:2 =====
SELECT * FROM s_3 ORDER BY a, b, c, d
                                QUERY PLAN                                 
---------------------------------------------------------------------------
 Limit  (cost=1656439.93..1656439.93 rows=1 width=20)
   ->  Sort  (cost=1531440.69..1556440.54 rows=9999939 width=20)
         Sort Key: s_3.a, s_3.b, s_3.c, s_3.d
         ->  Seq Scan on s_3  (cost=0.00..163694.39 rows=9999939 width=20)
(4 rows)

===== 319 [Wed Mar  7 15:53:57 CET 2018] scale:10000000 groups:10000 work_mem:64MB incremental:on max_workers:2 =====
SELECT * FROM s_1 ORDER BY a, b
                                                QUERY PLAN                                                 
-----------------------------------------------------------------------------------------------------------
 Limit  (cost=1125421.51..1125421.51 rows=1 width=20)
   ->  Incremental Sort  (cost=89.96..1025420.97 rows=10000054 width=20)
         Sort Key: s_1.a, s_1.b
         Presorted Key: s_1.a
         ->  Index Only Scan using s_1_a_e_d_c_b_idx on s_1  (cost=0.56..348313.37 rows=10000054 width=20)
(5 rows)

===== 320 [Wed Mar  7 15:54:23 CET 2018] scale:10000000 groups:10000 work_mem:64MB incremental:on max_workers:2 =====
SELECT * FROM s_2 ORDER BY a, b, c
                                                QUERY PLAN                                                
----------------------------------------------------------------------------------------------------------
 Limit  (cost=809405.23..809405.23 rows=1 width=20)
   ->  Incremental Sort  (cost=1.07..709405.84 rows=9999939 width=20)
         Sort Key: s_2.a, s_2.b, s_2.c
         Presorted Key: s_2.a, s_2.b
         ->  Index Only Scan using s_2_a_b_e_d_c_idx on s_2  (cost=0.56..348311.65 rows=9999939 width=20)
(5 rows)

===== 321 [Wed Mar  7 15:54:39 CET 2018] scale:10000000 groups:10000 work_mem:64MB incremental:on max_workers:2 =====
SELECT * FROM s_3 ORDER BY a, b, c, d
                                                QUERY PLAN                                                
----------------------------------------------------------------------------------------------------------
 Limit  (cost=809405.23..809405.23 rows=1 width=20)
   ->  Incremental Sort  (cost=1.07..709405.84 rows=9999939 width=20)
         Sort Key: s_3.a, s_3.b, s_3.c, s_3.d
         Presorted Key: s_3.a, s_3.b, s_3.c
         ->  Index Only Scan using s_3_a_b_c_e_d_idx on s_3  (cost=0.56..348311.65 rows=9999939 width=20)
(5 rows)

===== 322 [Wed Mar  7 15:54:53 CET 2018] scale:10000000 groups:10000 work_mem:64MB incremental:off max_workers:2 =====
SELECT * FROM s_1 ORDER BY a, b
                                 QUERY PLAN                                 
----------------------------------------------------------------------------
 Limit  (cost=1656460.22..1656460.22 rows=1 width=20)
   ->  Sort  (cost=1531459.54..1556459.68 rows=10000054 width=20)
         Sort Key: s_1.a, s_1.b
         ->  Seq Scan on s_1  (cost=0.00..163695.54 rows=10000054 width=20)
(4 rows)

===== 323 [Wed Mar  7 15:55:24 CET 2018] scale:10000000 groups:10000 work_mem:64MB incremental:off max_workers:2 =====
SELECT * FROM s_2 ORDER BY a, b, c
                                QUERY PLAN                                 
---------------------------------------------------------------------------
 Limit  (cost=1656439.93..1656439.93 rows=1 width=20)
   ->  Sort  (cost=1531440.69..1556440.54 rows=9999939 width=20)
         Sort Key: s_2.a, s_2.b, s_2.c
         ->  Seq Scan on s_2  (cost=0.00..163694.39 rows=9999939 width=20)
(4 rows)

===== 324 [Wed Mar  7 15:55:49 CET 2018] scale:10000000 groups:10000 work_mem:64MB incremental:off max_workers:2 =====
SELECT * FROM s_3 ORDER BY a, b, c, d
                                QUERY PLAN                                 
---------------------------------------------------------------------------
 Limit  (cost=1656439.93..1656439.93 rows=1 width=20)
   ->  Sort  (cost=1531440.69..1556440.54 rows=9999939 width=20)
         Sort Key: s_3.a, s_3.b, s_3.c, s_3.d
         ->  Seq Scan on s_3  (cost=0.00..163694.39 rows=9999939 width=20)
(4 rows)

===== 325 [Wed Mar  7 15:56:05 CET 2018] scale:10000000 groups:10000 work_mem:128MB incremental:on max_workers:2 =====
SELECT * FROM s_1 ORDER BY a, b
                                                QUERY PLAN                                                 
-----------------------------------------------------------------------------------------------------------
 Limit  (cost=1125421.51..1125421.51 rows=1 width=20)
   ->  Incremental Sort  (cost=89.96..1025420.97 rows=10000054 width=20)
         Sort Key: s_1.a, s_1.b
         Presorted Key: s_1.a
         ->  Index Only Scan using s_1_a_e_d_c_b_idx on s_1  (cost=0.56..348313.37 rows=10000054 width=20)
(5 rows)

===== 326 [Wed Mar  7 15:56:30 CET 2018] scale:10000000 groups:10000 work_mem:128MB incremental:on max_workers:2 =====
SELECT * FROM s_2 ORDER BY a, b, c
                                                QUERY PLAN                                                
----------------------------------------------------------------------------------------------------------
 Limit  (cost=809405.23..809405.23 rows=1 width=20)
   ->  Incremental Sort  (cost=1.07..709405.84 rows=9999939 width=20)
         Sort Key: s_2.a, s_2.b, s_2.c
         Presorted Key: s_2.a, s_2.b
         ->  Index Only Scan using s_2_a_b_e_d_c_idx on s_2  (cost=0.56..348311.65 rows=9999939 width=20)
(5 rows)

===== 327 [Wed Mar  7 15:56:46 CET 2018] scale:10000000 groups:10000 work_mem:128MB incremental:on max_workers:2 =====
SELECT * FROM s_3 ORDER BY a, b, c, d
                                                QUERY PLAN                                                
----------------------------------------------------------------------------------------------------------
 Limit  (cost=809405.23..809405.23 rows=1 width=20)
   ->  Incremental Sort  (cost=1.07..709405.84 rows=9999939 width=20)
         Sort Key: s_3.a, s_3.b, s_3.c, s_3.d
         Presorted Key: s_3.a, s_3.b, s_3.c
         ->  Index Only Scan using s_3_a_b_c_e_d_idx on s_3  (cost=0.56..348311.65 rows=9999939 width=20)
(5 rows)

===== 328 [Wed Mar  7 15:57:01 CET 2018] scale:10000000 groups:10000 work_mem:128MB incremental:off max_workers:2 =====
SELECT * FROM s_1 ORDER BY a, b
                                 QUERY PLAN                                 
----------------------------------------------------------------------------
 Limit  (cost=1656460.22..1656460.22 rows=1 width=20)
   ->  Sort  (cost=1531459.54..1556459.68 rows=10000054 width=20)
         Sort Key: s_1.a, s_1.b
         ->  Seq Scan on s_1  (cost=0.00..163695.54 rows=10000054 width=20)
(4 rows)

===== 329 [Wed Mar  7 15:57:32 CET 2018] scale:10000000 groups:10000 work_mem:128MB incremental:off max_workers:2 =====
SELECT * FROM s_2 ORDER BY a, b, c
                                QUERY PLAN                                 
---------------------------------------------------------------------------
 Limit  (cost=1656439.93..1656439.93 rows=1 width=20)
   ->  Sort  (cost=1531440.69..1556440.54 rows=9999939 width=20)
         Sort Key: s_2.a, s_2.b, s_2.c
         ->  Seq Scan on s_2  (cost=0.00..163694.39 rows=9999939 width=20)
(4 rows)

===== 330 [Wed Mar  7 15:57:58 CET 2018] scale:10000000 groups:10000 work_mem:128MB incremental:off max_workers:2 =====
SELECT * FROM s_3 ORDER BY a, b, c, d
                                QUERY PLAN                                 
---------------------------------------------------------------------------
 Limit  (cost=1656439.93..1656439.93 rows=1 width=20)
   ->  Sort  (cost=1531440.69..1556440.54 rows=9999939 width=20)
         Sort Key: s_3.a, s_3.b, s_3.c, s_3.d
         ->  Seq Scan on s_3  (cost=0.00..163694.39 rows=9999939 width=20)
(4 rows)

===== 331 [Wed Mar  7 15:58:15 CET 2018] scale:10000000 groups:10000 work_mem:256MB incremental:on max_workers:2 =====
SELECT * FROM s_1 ORDER BY a, b
                                                QUERY PLAN                                                 
-----------------------------------------------------------------------------------------------------------
 Limit  (cost=1125421.51..1125421.51 rows=1 width=20)
   ->  Incremental Sort  (cost=89.96..1025420.97 rows=10000054 width=20)
         Sort Key: s_1.a, s_1.b
         Presorted Key: s_1.a
         ->  Index Only Scan using s_1_a_e_d_c_b_idx on s_1  (cost=0.56..348313.37 rows=10000054 width=20)
(5 rows)

===== 332 [Wed Mar  7 15:58:40 CET 2018] scale:10000000 groups:10000 work_mem:256MB incremental:on max_workers:2 =====
SELECT * FROM s_2 ORDER BY a, b, c
                                                QUERY PLAN                                                
----------------------------------------------------------------------------------------------------------
 Limit  (cost=809405.23..809405.23 rows=1 width=20)
   ->  Incremental Sort  (cost=1.07..709405.84 rows=9999939 width=20)
         Sort Key: s_2.a, s_2.b, s_2.c
         Presorted Key: s_2.a, s_2.b
         ->  Index Only Scan using s_2_a_b_e_d_c_idx on s_2  (cost=0.56..348311.65 rows=9999939 width=20)
(5 rows)

===== 333 [Wed Mar  7 15:58:56 CET 2018] scale:10000000 groups:10000 work_mem:256MB incremental:on max_workers:2 =====
SELECT * FROM s_3 ORDER BY a, b, c, d
                                                QUERY PLAN                                                
----------------------------------------------------------------------------------------------------------
 Limit  (cost=809405.23..809405.23 rows=1 width=20)
   ->  Incremental Sort  (cost=1.07..709405.84 rows=9999939 width=20)
         Sort Key: s_3.a, s_3.b, s_3.c, s_3.d
         Presorted Key: s_3.a, s_3.b, s_3.c
         ->  Index Only Scan using s_3_a_b_c_e_d_idx on s_3  (cost=0.56..348311.65 rows=9999939 width=20)
(5 rows)

===== 334 [Wed Mar  7 15:59:11 CET 2018] scale:10000000 groups:10000 work_mem:256MB incremental:off max_workers:2 =====
SELECT * FROM s_1 ORDER BY a, b
                                        QUERY PLAN                                        
------------------------------------------------------------------------------------------
 Limit  (cost=1620128.26..1620128.26 rows=1 width=20)
   ->  Gather Merge  (cost=564499.16..1536794.48 rows=8333378 width=20)
         Workers Planned: 2
         ->  Sort  (cost=563499.14..573915.86 rows=4166689 width=20)
               Sort Key: s_1.a, s_1.b
               ->  Parallel Seq Scan on s_1  (cost=0.00..105361.89 rows=4166689 width=20)
(6 rows)

===== 335 [Wed Mar  7 15:59:30 CET 2018] scale:10000000 groups:10000 work_mem:256MB incremental:off max_workers:2 =====
SELECT * FROM s_2 ORDER BY a, b, c
                                        QUERY PLAN                                        
------------------------------------------------------------------------------------------
 Limit  (cost=1620109.99..1620109.99 rows=1 width=20)
   ->  Gather Merge  (cost=564493.06..1536777.17 rows=8333282 width=20)
         Workers Planned: 2
         ->  Sort  (cost=563493.04..573909.64 rows=4166641 width=20)
               Sort Key: s_2.a, s_2.b, s_2.c
               ->  Parallel Seq Scan on s_2  (cost=0.00..105361.41 rows=4166641 width=20)
(6 rows)

===== 336 [Wed Mar  7 15:59:47 CET 2018] scale:10000000 groups:10000 work_mem:256MB incremental:off max_workers:2 =====
SELECT * FROM s_3 ORDER BY a, b, c, d
                                        QUERY PLAN                                        
------------------------------------------------------------------------------------------
 Limit  (cost=1620109.99..1620109.99 rows=1 width=20)
   ->  Gather Merge  (cost=564493.06..1536777.17 rows=8333282 width=20)
         Workers Planned: 2
         ->  Sort  (cost=563493.04..573909.64 rows=4166641 width=20)
               Sort Key: s_3.a, s_3.b, s_3.c, s_3.d
               ->  Parallel Seq Scan on s_3  (cost=0.00..105361.41 rows=4166641 width=20)
(6 rows)

