===== 1 [Wed Mar  7 16:01:21 CET 2018] scale:10000000 groups:10 work_mem:4MB incremental:on max_workers:0 =====
SELECT * FROM s_1 ORDER BY a, b LIMIT 100000
                                                   QUERY PLAN                                                    
-----------------------------------------------------------------------------------------------------------------
 Limit  (cost=143033.41..143033.41 rows=1 width=20)
   ->  Limit  (cost=140283.41..142033.41 rows=100000 width=20)
         ->  Incremental Sort  (cost=140283.41..315284.57 rows=10000054 width=20)
               Sort Key: s_1.a, s_1.b
               Presorted Key: s_1.a
               ->  Index Only Scan using s_1_a_e_d_c_b_idx on s_1  (cost=0.56..348313.37 rows=10000054 width=20)
(6 rows)

===== 2 [Wed Mar  7 16:01:22 CET 2018] scale:10000000 groups:10 work_mem:4MB incremental:on max_workers:0 =====
SELECT * FROM s_2 ORDER BY a, b, c LIMIT 100000
                                                   QUERY PLAN                                                   
----------------------------------------------------------------------------------------------------------------
 Limit  (cost=12399.21..12399.21 rows=1 width=20)
   ->  Limit  (cost=9628.97..11399.21 rows=100000 width=20)
         ->  Incremental Sort  (cost=9628.97..186652.36 rows=9999939 width=20)
               Sort Key: s_2.a, s_2.b, s_2.c
               Presorted Key: s_2.a, s_2.b
               ->  Index Only Scan using s_2_a_b_e_d_c_idx on s_2  (cost=0.56..348311.65 rows=9999939 width=20)
(6 rows)

===== 3 [Wed Mar  7 16:01:23 CET 2018] scale:10000000 groups:10 work_mem:4MB incremental:on max_workers:0 =====
SELECT * FROM s_3 ORDER BY a, b, c, d LIMIT 100000
                                                   QUERY PLAN                                                   
----------------------------------------------------------------------------------------------------------------
 Limit  (cost=3587.93..3587.93 rows=1 width=20)
   ->  Limit  (cost=745.91..2587.93 rows=100000 width=20)
         ->  Incremental Sort  (cost=745.91..184946.84 rows=9999939 width=20)
               Sort Key: s_3.a, s_3.b, s_3.c, s_3.d
               Presorted Key: s_3.a, s_3.b, s_3.c
               ->  Index Only Scan using s_3_a_b_c_e_d_idx on s_3  (cost=0.56..348311.65 rows=9999939 width=20)
(6 rows)

===== 4 [Wed Mar  7 16:01:23 CET 2018] scale:10000000 groups:10 work_mem:4MB incremental:off max_workers:0 =====
SELECT * FROM s_1 ORDER BY a, b LIMIT 100000
                                    QUERY PLAN                                    
----------------------------------------------------------------------------------
 Limit  (cost=1737792.04..1737792.04 rows=1 width=20)
   ->  Limit  (cost=1736542.04..1736792.04 rows=100000 width=20)
         ->  Sort  (cost=1736542.04..1761542.18 rows=10000054 width=20)
               Sort Key: s_1.a, s_1.b
               ->  Seq Scan on s_1  (cost=0.00..163695.54 rows=10000054 width=20)
(5 rows)

===== 5 [Wed Mar  7 16:01:47 CET 2018] scale:10000000 groups:10 work_mem:4MB incremental:off max_workers:0 =====
SELECT * FROM s_2 ORDER BY a, b, c LIMIT 100000
                                   QUERY PLAN                                    
---------------------------------------------------------------------------------
 Limit  (cost=1737769.69..1737769.69 rows=1 width=20)
   ->  Limit  (cost=1736519.69..1736769.69 rows=100000 width=20)
         ->  Sort  (cost=1736519.69..1761519.54 rows=9999939 width=20)
               Sort Key: s_2.a, s_2.b, s_2.c
               ->  Seq Scan on s_2  (cost=0.00..163694.39 rows=9999939 width=20)
(5 rows)

===== 6 [Wed Mar  7 16:02:13 CET 2018] scale:10000000 groups:10 work_mem:4MB incremental:off max_workers:0 =====
SELECT * FROM s_3 ORDER BY a, b, c, d LIMIT 100000
                                   QUERY PLAN                                    
---------------------------------------------------------------------------------
 Limit  (cost=1737769.69..1737769.69 rows=1 width=20)
   ->  Limit  (cost=1736519.69..1736769.69 rows=100000 width=20)
         ->  Sort  (cost=1736519.69..1761519.54 rows=9999939 width=20)
               Sort Key: s_3.a, s_3.b, s_3.c, s_3.d
               ->  Seq Scan on s_3  (cost=0.00..163694.39 rows=9999939 width=20)
(5 rows)

===== 7 [Wed Mar  7 16:02:42 CET 2018] scale:10000000 groups:10 work_mem:8MB incremental:on max_workers:0 =====
SELECT * FROM s_1 ORDER BY a, b LIMIT 100000
                                                   QUERY PLAN                                                    
-----------------------------------------------------------------------------------------------------------------
 Limit  (cost=114459.62..114459.62 rows=1 width=20)
   ->  Limit  (cost=111709.61..113459.62 rows=100000 width=20)
         ->  Incremental Sort  (cost=111709.61..286710.78 rows=10000054 width=20)
               Sort Key: s_1.a, s_1.b
               Presorted Key: s_1.a
               ->  Index Only Scan using s_1_a_e_d_c_b_idx on s_1  (cost=0.56..348313.37 rows=10000054 width=20)
(6 rows)

===== 8 [Wed Mar  7 16:02:43 CET 2018] scale:10000000 groups:10 work_mem:8MB incremental:on max_workers:0 =====
SELECT * FROM s_2 ORDER BY a, b, c LIMIT 100000
                                                   QUERY PLAN                                                   
----------------------------------------------------------------------------------------------------------------
 Limit  (cost=12399.21..12399.21 rows=1 width=20)
   ->  Limit  (cost=9628.97..11399.21 rows=100000 width=20)
         ->  Incremental Sort  (cost=9628.97..186652.36 rows=9999939 width=20)
               Sort Key: s_2.a, s_2.b, s_2.c
               Presorted Key: s_2.a, s_2.b
               ->  Index Only Scan using s_2_a_b_e_d_c_idx on s_2  (cost=0.56..348311.65 rows=9999939 width=20)
(6 rows)

===== 9 [Wed Mar  7 16:02:43 CET 2018] scale:10000000 groups:10 work_mem:8MB incremental:on max_workers:0 =====
SELECT * FROM s_3 ORDER BY a, b, c, d LIMIT 100000
                                                   QUERY PLAN                                                   
----------------------------------------------------------------------------------------------------------------
 Limit  (cost=3587.93..3587.93 rows=1 width=20)
   ->  Limit  (cost=745.91..2587.93 rows=100000 width=20)
         ->  Incremental Sort  (cost=745.91..184946.84 rows=9999939 width=20)
               Sort Key: s_3.a, s_3.b, s_3.c, s_3.d
               Presorted Key: s_3.a, s_3.b, s_3.c
               ->  Index Only Scan using s_3_a_b_c_e_d_idx on s_3  (cost=0.56..348311.65 rows=9999939 width=20)
(6 rows)

===== 10 [Wed Mar  7 16:02:44 CET 2018] scale:10000000 groups:10 work_mem:8MB incremental:off max_workers:0 =====
SELECT * FROM s_1 ORDER BY a, b LIMIT 100000
                                    QUERY PLAN                                    
----------------------------------------------------------------------------------
 Limit  (cost=1045432.32..1045432.32 rows=1 width=20)
   ->  Limit  (cost=1044182.32..1044432.32 rows=100000 width=20)
         ->  Sort  (cost=1044182.32..1069182.45 rows=10000054 width=20)
               Sort Key: s_1.a, s_1.b
               ->  Seq Scan on s_1  (cost=0.00..163695.54 rows=10000054 width=20)
(5 rows)

===== 11 [Wed Mar  7 16:03:05 CET 2018] scale:10000000 groups:10 work_mem:8MB incremental:off max_workers:0 =====
SELECT * FROM s_2 ORDER BY a, b, c LIMIT 100000
                                   QUERY PLAN                                    
---------------------------------------------------------------------------------
 Limit  (cost=1045421.04..1045421.04 rows=1 width=20)
   ->  Limit  (cost=1044171.04..1044421.04 rows=100000 width=20)
         ->  Sort  (cost=1044171.04..1069170.89 rows=9999939 width=20)
               Sort Key: s_2.a, s_2.b, s_2.c
               ->  Seq Scan on s_2  (cost=0.00..163694.39 rows=9999939 width=20)
(5 rows)

===== 12 [Wed Mar  7 16:03:28 CET 2018] scale:10000000 groups:10 work_mem:8MB incremental:off max_workers:0 =====
SELECT * FROM s_3 ORDER BY a, b, c, d LIMIT 100000
                                   QUERY PLAN                                    
---------------------------------------------------------------------------------
 Limit  (cost=1045421.04..1045421.04 rows=1 width=20)
   ->  Limit  (cost=1044171.04..1044421.04 rows=100000 width=20)
         ->  Sort  (cost=1044171.04..1069170.89 rows=9999939 width=20)
               Sort Key: s_3.a, s_3.b, s_3.c, s_3.d
               ->  Seq Scan on s_3  (cost=0.00..163694.39 rows=9999939 width=20)
(5 rows)

===== 13 [Wed Mar  7 16:03:54 CET 2018] scale:10000000 groups:10 work_mem:16MB incremental:on max_workers:0 =====
SELECT * FROM s_1 ORDER BY a, b LIMIT 100000
                                                   QUERY PLAN                                                    
-----------------------------------------------------------------------------------------------------------------
 Limit  (cost=114459.62..114459.62 rows=1 width=20)
   ->  Limit  (cost=111709.61..113459.62 rows=100000 width=20)
         ->  Incremental Sort  (cost=111709.61..286710.78 rows=10000054 width=20)
               Sort Key: s_1.a, s_1.b
               Presorted Key: s_1.a
               ->  Index Only Scan using s_1_a_e_d_c_b_idx on s_1  (cost=0.56..348313.37 rows=10000054 width=20)
(6 rows)

===== 14 [Wed Mar  7 16:03:55 CET 2018] scale:10000000 groups:10 work_mem:16MB incremental:on max_workers:0 =====
SELECT * FROM s_2 ORDER BY a, b, c LIMIT 100000
                                                   QUERY PLAN                                                   
----------------------------------------------------------------------------------------------------------------
 Limit  (cost=12399.21..12399.21 rows=1 width=20)
   ->  Limit  (cost=9628.97..11399.21 rows=100000 width=20)
         ->  Incremental Sort  (cost=9628.97..186652.36 rows=9999939 width=20)
               Sort Key: s_2.a, s_2.b, s_2.c
               Presorted Key: s_2.a, s_2.b
               ->  Index Only Scan using s_2_a_b_e_d_c_idx on s_2  (cost=0.56..348311.65 rows=9999939 width=20)
(6 rows)

===== 15 [Wed Mar  7 16:03:56 CET 2018] scale:10000000 groups:10 work_mem:16MB incremental:on max_workers:0 =====
SELECT * FROM s_3 ORDER BY a, b, c, d LIMIT 100000
                                                   QUERY PLAN                                                   
----------------------------------------------------------------------------------------------------------------
 Limit  (cost=3587.93..3587.93 rows=1 width=20)
   ->  Limit  (cost=745.91..2587.93 rows=100000 width=20)
         ->  Incremental Sort  (cost=745.91..184946.84 rows=9999939 width=20)
               Sort Key: s_3.a, s_3.b, s_3.c, s_3.d
               Presorted Key: s_3.a, s_3.b, s_3.c
               ->  Index Only Scan using s_3_a_b_c_e_d_idx on s_3  (cost=0.56..348311.65 rows=9999939 width=20)
(6 rows)

===== 16 [Wed Mar  7 16:03:56 CET 2018] scale:10000000 groups:10 work_mem:16MB incremental:off max_workers:0 =====
SELECT * FROM s_1 ORDER BY a, b LIMIT 100000
                                    QUERY PLAN                                    
----------------------------------------------------------------------------------
 Limit  (cost=1045432.32..1045432.32 rows=1 width=20)
   ->  Limit  (cost=1044182.32..1044432.32 rows=100000 width=20)
         ->  Sort  (cost=1044182.32..1069182.45 rows=10000054 width=20)
               Sort Key: s_1.a, s_1.b
               ->  Seq Scan on s_1  (cost=0.00..163695.54 rows=10000054 width=20)
(5 rows)

===== 17 [Wed Mar  7 16:04:14 CET 2018] scale:10000000 groups:10 work_mem:16MB incremental:off max_workers:0 =====
SELECT * FROM s_2 ORDER BY a, b, c LIMIT 100000
                                   QUERY PLAN                                    
---------------------------------------------------------------------------------
 Limit  (cost=1045421.04..1045421.04 rows=1 width=20)
   ->  Limit  (cost=1044171.04..1044421.04 rows=100000 width=20)
         ->  Sort  (cost=1044171.04..1069170.89 rows=9999939 width=20)
               Sort Key: s_2.a, s_2.b, s_2.c
               ->  Seq Scan on s_2  (cost=0.00..163694.39 rows=9999939 width=20)
(5 rows)

===== 18 [Wed Mar  7 16:04:33 CET 2018] scale:10000000 groups:10 work_mem:16MB incremental:off max_workers:0 =====
SELECT * FROM s_3 ORDER BY a, b, c, d LIMIT 100000
                                   QUERY PLAN                                    
---------------------------------------------------------------------------------
 Limit  (cost=1045421.04..1045421.04 rows=1 width=20)
   ->  Limit  (cost=1044171.04..1044421.04 rows=100000 width=20)
         ->  Sort  (cost=1044171.04..1069170.89 rows=9999939 width=20)
               Sort Key: s_3.a, s_3.b, s_3.c, s_3.d
               ->  Seq Scan on s_3  (cost=0.00..163694.39 rows=9999939 width=20)
(5 rows)

===== 19 [Wed Mar  7 16:04:56 CET 2018] scale:10000000 groups:10 work_mem:32MB incremental:on max_workers:0 =====
SELECT * FROM s_1 ORDER BY a, b LIMIT 100000
                                                   QUERY PLAN                                                    
-----------------------------------------------------------------------------------------------------------------
 Limit  (cost=114459.62..114459.62 rows=1 width=20)
   ->  Limit  (cost=111709.61..113459.62 rows=100000 width=20)
         ->  Incremental Sort  (cost=111709.61..286710.78 rows=10000054 width=20)
               Sort Key: s_1.a, s_1.b
               Presorted Key: s_1.a
               ->  Index Only Scan using s_1_a_e_d_c_b_idx on s_1  (cost=0.56..348313.37 rows=10000054 width=20)
(6 rows)

===== 20 [Wed Mar  7 16:04:57 CET 2018] scale:10000000 groups:10 work_mem:32MB incremental:on max_workers:0 =====
SELECT * FROM s_2 ORDER BY a, b, c LIMIT 100000
                                                   QUERY PLAN                                                   
----------------------------------------------------------------------------------------------------------------
 Limit  (cost=12399.21..12399.21 rows=1 width=20)
   ->  Limit  (cost=9628.97..11399.21 rows=100000 width=20)
         ->  Incremental Sort  (cost=9628.97..186652.36 rows=9999939 width=20)
               Sort Key: s_2.a, s_2.b, s_2.c
               Presorted Key: s_2.a, s_2.b
               ->  Index Only Scan using s_2_a_b_e_d_c_idx on s_2  (cost=0.56..348311.65 rows=9999939 width=20)
(6 rows)

===== 21 [Wed Mar  7 16:04:57 CET 2018] scale:10000000 groups:10 work_mem:32MB incremental:on max_workers:0 =====
SELECT * FROM s_3 ORDER BY a, b, c, d LIMIT 100000
                                                   QUERY PLAN                                                   
----------------------------------------------------------------------------------------------------------------
 Limit  (cost=3587.93..3587.93 rows=1 width=20)
   ->  Limit  (cost=745.91..2587.93 rows=100000 width=20)
         ->  Incremental Sort  (cost=745.91..184946.84 rows=9999939 width=20)
               Sort Key: s_3.a, s_3.b, s_3.c, s_3.d
               Presorted Key: s_3.a, s_3.b, s_3.c
               ->  Index Only Scan using s_3_a_b_c_e_d_idx on s_3  (cost=0.56..348311.65 rows=9999939 width=20)
(6 rows)

===== 22 [Wed Mar  7 16:04:57 CET 2018] scale:10000000 groups:10 work_mem:32MB incremental:off max_workers:0 =====
SELECT * FROM s_1 ORDER BY a, b LIMIT 100000
                                    QUERY PLAN                                    
----------------------------------------------------------------------------------
 Limit  (cost=1045432.32..1045432.32 rows=1 width=20)
   ->  Limit  (cost=1044182.32..1044432.32 rows=100000 width=20)
         ->  Sort  (cost=1044182.32..1069182.45 rows=10000054 width=20)
               Sort Key: s_1.a, s_1.b
               ->  Seq Scan on s_1  (cost=0.00..163695.54 rows=10000054 width=20)
(5 rows)

===== 23 [Wed Mar  7 16:05:04 CET 2018] scale:10000000 groups:10 work_mem:32MB incremental:off max_workers:0 =====
SELECT * FROM s_2 ORDER BY a, b, c LIMIT 100000
                                   QUERY PLAN                                    
---------------------------------------------------------------------------------
 Limit  (cost=1045421.04..1045421.04 rows=1 width=20)
   ->  Limit  (cost=1044171.04..1044421.04 rows=100000 width=20)
         ->  Sort  (cost=1044171.04..1069170.89 rows=9999939 width=20)
               Sort Key: s_2.a, s_2.b, s_2.c
               ->  Seq Scan on s_2  (cost=0.00..163694.39 rows=9999939 width=20)
(5 rows)

===== 24 [Wed Mar  7 16:05:11 CET 2018] scale:10000000 groups:10 work_mem:32MB incremental:off max_workers:0 =====
SELECT * FROM s_3 ORDER BY a, b, c, d LIMIT 100000
                                   QUERY PLAN                                    
---------------------------------------------------------------------------------
 Limit  (cost=1045421.04..1045421.04 rows=1 width=20)
   ->  Limit  (cost=1044171.04..1044421.04 rows=100000 width=20)
         ->  Sort  (cost=1044171.04..1069170.89 rows=9999939 width=20)
               Sort Key: s_3.a, s_3.b, s_3.c, s_3.d
               ->  Seq Scan on s_3  (cost=0.00..163694.39 rows=9999939 width=20)
(5 rows)

===== 25 [Wed Mar  7 16:05:17 CET 2018] scale:10000000 groups:10 work_mem:64MB incremental:on max_workers:0 =====
SELECT * FROM s_1 ORDER BY a, b LIMIT 100000
                                                   QUERY PLAN                                                    
-----------------------------------------------------------------------------------------------------------------
 Limit  (cost=114459.62..114459.62 rows=1 width=20)
   ->  Limit  (cost=111709.61..113459.62 rows=100000 width=20)
         ->  Incremental Sort  (cost=111709.61..286710.78 rows=10000054 width=20)
               Sort Key: s_1.a, s_1.b
               Presorted Key: s_1.a
               ->  Index Only Scan using s_1_a_e_d_c_b_idx on s_1  (cost=0.56..348313.37 rows=10000054 width=20)
(6 rows)

===== 26 [Wed Mar  7 16:05:18 CET 2018] scale:10000000 groups:10 work_mem:64MB incremental:on max_workers:0 =====
SELECT * FROM s_2 ORDER BY a, b, c LIMIT 100000
                                                   QUERY PLAN                                                   
----------------------------------------------------------------------------------------------------------------
 Limit  (cost=12399.21..12399.21 rows=1 width=20)
   ->  Limit  (cost=9628.97..11399.21 rows=100000 width=20)
         ->  Incremental Sort  (cost=9628.97..186652.36 rows=9999939 width=20)
               Sort Key: s_2.a, s_2.b, s_2.c
               Presorted Key: s_2.a, s_2.b
               ->  Index Only Scan using s_2_a_b_e_d_c_idx on s_2  (cost=0.56..348311.65 rows=9999939 width=20)
(6 rows)

===== 27 [Wed Mar  7 16:05:19 CET 2018] scale:10000000 groups:10 work_mem:64MB incremental:on max_workers:0 =====
SELECT * FROM s_3 ORDER BY a, b, c, d LIMIT 100000
                                                   QUERY PLAN                                                   
----------------------------------------------------------------------------------------------------------------
 Limit  (cost=3587.93..3587.93 rows=1 width=20)
   ->  Limit  (cost=745.91..2587.93 rows=100000 width=20)
         ->  Incremental Sort  (cost=745.91..184946.84 rows=9999939 width=20)
               Sort Key: s_3.a, s_3.b, s_3.c, s_3.d
               Presorted Key: s_3.a, s_3.b, s_3.c
               ->  Index Only Scan using s_3_a_b_c_e_d_idx on s_3  (cost=0.56..348311.65 rows=9999939 width=20)
(6 rows)

===== 28 [Wed Mar  7 16:05:19 CET 2018] scale:10000000 groups:10 work_mem:64MB incremental:off max_workers:0 =====
SELECT * FROM s_1 ORDER BY a, b LIMIT 100000
                                    QUERY PLAN                                    
----------------------------------------------------------------------------------
 Limit  (cost=1045432.32..1045432.32 rows=1 width=20)
   ->  Limit  (cost=1044182.32..1044432.32 rows=100000 width=20)
         ->  Sort  (cost=1044182.32..1069182.45 rows=10000054 width=20)
               Sort Key: s_1.a, s_1.b
               ->  Seq Scan on s_1  (cost=0.00..163695.54 rows=10000054 width=20)
(5 rows)

===== 29 [Wed Mar  7 16:05:26 CET 2018] scale:10000000 groups:10 work_mem:64MB incremental:off max_workers:0 =====
SELECT * FROM s_2 ORDER BY a, b, c LIMIT 100000
                                   QUERY PLAN                                    
---------------------------------------------------------------------------------
 Limit  (cost=1045421.04..1045421.04 rows=1 width=20)
   ->  Limit  (cost=1044171.04..1044421.04 rows=100000 width=20)
         ->  Sort  (cost=1044171.04..1069170.89 rows=9999939 width=20)
               Sort Key: s_2.a, s_2.b, s_2.c
               ->  Seq Scan on s_2  (cost=0.00..163694.39 rows=9999939 width=20)
(5 rows)

===== 30 [Wed Mar  7 16:05:32 CET 2018] scale:10000000 groups:10 work_mem:64MB incremental:off max_workers:0 =====
SELECT * FROM s_3 ORDER BY a, b, c, d LIMIT 100000
                                   QUERY PLAN                                    
---------------------------------------------------------------------------------
 Limit  (cost=1045421.04..1045421.04 rows=1 width=20)
   ->  Limit  (cost=1044171.04..1044421.04 rows=100000 width=20)
         ->  Sort  (cost=1044171.04..1069170.89 rows=9999939 width=20)
               Sort Key: s_3.a, s_3.b, s_3.c, s_3.d
               ->  Seq Scan on s_3  (cost=0.00..163694.39 rows=9999939 width=20)
(5 rows)

===== 31 [Wed Mar  7 16:05:39 CET 2018] scale:10000000 groups:10 work_mem:128MB incremental:on max_workers:0 =====
SELECT * FROM s_1 ORDER BY a, b LIMIT 100000
                                                   QUERY PLAN                                                    
-----------------------------------------------------------------------------------------------------------------
 Limit  (cost=114459.62..114459.62 rows=1 width=20)
   ->  Limit  (cost=111709.61..113459.62 rows=100000 width=20)
         ->  Incremental Sort  (cost=111709.61..286710.78 rows=10000054 width=20)
               Sort Key: s_1.a, s_1.b
               Presorted Key: s_1.a
               ->  Index Only Scan using s_1_a_e_d_c_b_idx on s_1  (cost=0.56..348313.37 rows=10000054 width=20)
(6 rows)

===== 32 [Wed Mar  7 16:05:40 CET 2018] scale:10000000 groups:10 work_mem:128MB incremental:on max_workers:0 =====
SELECT * FROM s_2 ORDER BY a, b, c LIMIT 100000
                                                   QUERY PLAN                                                   
----------------------------------------------------------------------------------------------------------------
 Limit  (cost=12399.21..12399.21 rows=1 width=20)
   ->  Limit  (cost=9628.97..11399.21 rows=100000 width=20)
         ->  Incremental Sort  (cost=9628.97..186652.36 rows=9999939 width=20)
               Sort Key: s_2.a, s_2.b, s_2.c
               Presorted Key: s_2.a, s_2.b
               ->  Index Only Scan using s_2_a_b_e_d_c_idx on s_2  (cost=0.56..348311.65 rows=9999939 width=20)
(6 rows)

===== 33 [Wed Mar  7 16:05:40 CET 2018] scale:10000000 groups:10 work_mem:128MB incremental:on max_workers:0 =====
SELECT * FROM s_3 ORDER BY a, b, c, d LIMIT 100000
                                                   QUERY PLAN                                                   
----------------------------------------------------------------------------------------------------------------
 Limit  (cost=3587.93..3587.93 rows=1 width=20)
   ->  Limit  (cost=745.91..2587.93 rows=100000 width=20)
         ->  Incremental Sort  (cost=745.91..184946.84 rows=9999939 width=20)
               Sort Key: s_3.a, s_3.b, s_3.c, s_3.d
               Presorted Key: s_3.a, s_3.b, s_3.c
               ->  Index Only Scan using s_3_a_b_c_e_d_idx on s_3  (cost=0.56..348311.65 rows=9999939 width=20)
(6 rows)

===== 34 [Wed Mar  7 16:05:40 CET 2018] scale:10000000 groups:10 work_mem:128MB incremental:off max_workers:0 =====
SELECT * FROM s_1 ORDER BY a, b LIMIT 100000
                                    QUERY PLAN                                    
----------------------------------------------------------------------------------
 Limit  (cost=1045432.32..1045432.32 rows=1 width=20)
   ->  Limit  (cost=1044182.32..1044432.32 rows=100000 width=20)
         ->  Sort  (cost=1044182.32..1069182.45 rows=10000054 width=20)
               Sort Key: s_1.a, s_1.b
               ->  Seq Scan on s_1  (cost=0.00..163695.54 rows=10000054 width=20)
(5 rows)

===== 35 [Wed Mar  7 16:05:47 CET 2018] scale:10000000 groups:10 work_mem:128MB incremental:off max_workers:0 =====
SELECT * FROM s_2 ORDER BY a, b, c LIMIT 100000
                                   QUERY PLAN                                    
---------------------------------------------------------------------------------
 Limit  (cost=1045421.04..1045421.04 rows=1 width=20)
   ->  Limit  (cost=1044171.04..1044421.04 rows=100000 width=20)
         ->  Sort  (cost=1044171.04..1069170.89 rows=9999939 width=20)
               Sort Key: s_2.a, s_2.b, s_2.c
               ->  Seq Scan on s_2  (cost=0.00..163694.39 rows=9999939 width=20)
(5 rows)

===== 36 [Wed Mar  7 16:05:53 CET 2018] scale:10000000 groups:10 work_mem:128MB incremental:off max_workers:0 =====
SELECT * FROM s_3 ORDER BY a, b, c, d LIMIT 100000
                                   QUERY PLAN                                    
---------------------------------------------------------------------------------
 Limit  (cost=1045421.04..1045421.04 rows=1 width=20)
   ->  Limit  (cost=1044171.04..1044421.04 rows=100000 width=20)
         ->  Sort  (cost=1044171.04..1069170.89 rows=9999939 width=20)
               Sort Key: s_3.a, s_3.b, s_3.c, s_3.d
               ->  Seq Scan on s_3  (cost=0.00..163694.39 rows=9999939 width=20)
(5 rows)

===== 37 [Wed Mar  7 16:06:00 CET 2018] scale:10000000 groups:10 work_mem:256MB incremental:on max_workers:0 =====
SELECT * FROM s_1 ORDER BY a, b LIMIT 100000
                                                   QUERY PLAN                                                    
-----------------------------------------------------------------------------------------------------------------
 Limit  (cost=114459.62..114459.62 rows=1 width=20)
   ->  Limit  (cost=111709.61..113459.62 rows=100000 width=20)
         ->  Incremental Sort  (cost=111709.61..286710.78 rows=10000054 width=20)
               Sort Key: s_1.a, s_1.b
               Presorted Key: s_1.a
               ->  Index Only Scan using s_1_a_e_d_c_b_idx on s_1  (cost=0.56..348313.37 rows=10000054 width=20)
(6 rows)

===== 38 [Wed Mar  7 16:06:01 CET 2018] scale:10000000 groups:10 work_mem:256MB incremental:on max_workers:0 =====
SELECT * FROM s_2 ORDER BY a, b, c LIMIT 100000
                                                   QUERY PLAN                                                   
----------------------------------------------------------------------------------------------------------------
 Limit  (cost=12399.21..12399.21 rows=1 width=20)
   ->  Limit  (cost=9628.97..11399.21 rows=100000 width=20)
         ->  Incremental Sort  (cost=9628.97..186652.36 rows=9999939 width=20)
               Sort Key: s_2.a, s_2.b, s_2.c
               Presorted Key: s_2.a, s_2.b
               ->  Index Only Scan using s_2_a_b_e_d_c_idx on s_2  (cost=0.56..348311.65 rows=9999939 width=20)
(6 rows)

===== 39 [Wed Mar  7 16:06:01 CET 2018] scale:10000000 groups:10 work_mem:256MB incremental:on max_workers:0 =====
SELECT * FROM s_3 ORDER BY a, b, c, d LIMIT 100000
                                                   QUERY PLAN                                                   
----------------------------------------------------------------------------------------------------------------
 Limit  (cost=3587.93..3587.93 rows=1 width=20)
   ->  Limit  (cost=745.91..2587.93 rows=100000 width=20)
         ->  Incremental Sort  (cost=745.91..184946.84 rows=9999939 width=20)
               Sort Key: s_3.a, s_3.b, s_3.c, s_3.d
               Presorted Key: s_3.a, s_3.b, s_3.c
               ->  Index Only Scan using s_3_a_b_c_e_d_idx on s_3  (cost=0.56..348311.65 rows=9999939 width=20)
(6 rows)

===== 40 [Wed Mar  7 16:06:02 CET 2018] scale:10000000 groups:10 work_mem:256MB incremental:off max_workers:0 =====
SELECT * FROM s_1 ORDER BY a, b LIMIT 100000
                                    QUERY PLAN                                    
----------------------------------------------------------------------------------
 Limit  (cost=1045432.32..1045432.32 rows=1 width=20)
   ->  Limit  (cost=1044182.32..1044432.32 rows=100000 width=20)
         ->  Sort  (cost=1044182.32..1069182.45 rows=10000054 width=20)
               Sort Key: s_1.a, s_1.b
               ->  Seq Scan on s_1  (cost=0.00..163695.54 rows=10000054 width=20)
(5 rows)

===== 41 [Wed Mar  7 16:06:08 CET 2018] scale:10000000 groups:10 work_mem:256MB incremental:off max_workers:0 =====
SELECT * FROM s_2 ORDER BY a, b, c LIMIT 100000
                                   QUERY PLAN                                    
---------------------------------------------------------------------------------
 Limit  (cost=1045421.04..1045421.04 rows=1 width=20)
   ->  Limit  (cost=1044171.04..1044421.04 rows=100000 width=20)
         ->  Sort  (cost=1044171.04..1069170.89 rows=9999939 width=20)
               Sort Key: s_2.a, s_2.b, s_2.c
               ->  Seq Scan on s_2  (cost=0.00..163694.39 rows=9999939 width=20)
(5 rows)

===== 42 [Wed Mar  7 16:06:15 CET 2018] scale:10000000 groups:10 work_mem:256MB incremental:off max_workers:0 =====
SELECT * FROM s_3 ORDER BY a, b, c, d LIMIT 100000
                                   QUERY PLAN                                    
---------------------------------------------------------------------------------
 Limit  (cost=1045421.04..1045421.04 rows=1 width=20)
   ->  Limit  (cost=1044171.04..1044421.04 rows=100000 width=20)
         ->  Sort  (cost=1044171.04..1069170.89 rows=9999939 width=20)
               Sort Key: s_3.a, s_3.b, s_3.c, s_3.d
               ->  Seq Scan on s_3  (cost=0.00..163694.39 rows=9999939 width=20)
(5 rows)

===== 43 [Wed Mar  7 16:06:21 CET 2018] scale:10000000 groups:10 work_mem:4MB incremental:on max_workers:2 =====
SELECT * FROM s_1 ORDER BY a, b LIMIT 100000
                                                   QUERY PLAN                                                    
-----------------------------------------------------------------------------------------------------------------
 Limit  (cost=143033.41..143033.41 rows=1 width=20)
   ->  Limit  (cost=140283.41..142033.41 rows=100000 width=20)
         ->  Incremental Sort  (cost=140283.41..315284.57 rows=10000054 width=20)
               Sort Key: s_1.a, s_1.b
               Presorted Key: s_1.a
               ->  Index Only Scan using s_1_a_e_d_c_b_idx on s_1  (cost=0.56..348313.37 rows=10000054 width=20)
(6 rows)

===== 44 [Wed Mar  7 16:06:22 CET 2018] scale:10000000 groups:10 work_mem:4MB incremental:on max_workers:2 =====
SELECT * FROM s_2 ORDER BY a, b, c LIMIT 100000
                                                   QUERY PLAN                                                   
----------------------------------------------------------------------------------------------------------------
 Limit  (cost=12399.21..12399.21 rows=1 width=20)
   ->  Limit  (cost=9628.97..11399.21 rows=100000 width=20)
         ->  Incremental Sort  (cost=9628.97..186652.36 rows=9999939 width=20)
               Sort Key: s_2.a, s_2.b, s_2.c
               Presorted Key: s_2.a, s_2.b
               ->  Index Only Scan using s_2_a_b_e_d_c_idx on s_2  (cost=0.56..348311.65 rows=9999939 width=20)
(6 rows)

===== 45 [Wed Mar  7 16:06:23 CET 2018] scale:10000000 groups:10 work_mem:4MB incremental:on max_workers:2 =====
SELECT * FROM s_3 ORDER BY a, b, c, d LIMIT 100000
                                                   QUERY PLAN                                                   
----------------------------------------------------------------------------------------------------------------
 Limit  (cost=3587.93..3587.93 rows=1 width=20)
   ->  Limit  (cost=745.91..2587.93 rows=100000 width=20)
         ->  Incremental Sort  (cost=745.91..184946.84 rows=9999939 width=20)
               Sort Key: s_3.a, s_3.b, s_3.c, s_3.d
               Presorted Key: s_3.a, s_3.b, s_3.c
               ->  Index Only Scan using s_3_a_b_c_e_d_idx on s_3  (cost=0.56..348311.65 rows=9999939 width=20)
(6 rows)

===== 46 [Wed Mar  7 16:06:23 CET 2018] scale:10000000 groups:10 work_mem:4MB incremental:off max_workers:2 =====
SELECT * FROM s_1 ORDER BY a, b LIMIT 100000
                                           QUERY PLAN                                           
------------------------------------------------------------------------------------------------
 Limit  (cost=748071.64..748071.64 rows=1 width=20)
   ->  Limit  (cost=735404.16..747071.64 rows=100000 width=20)
         ->  Gather Merge  (cost=735404.16..1707699.48 rows=8333378 width=20)
               Workers Planned: 2
               ->  Sort  (cost=734404.14..744820.86 rows=4166689 width=20)
                     Sort Key: s_1.a, s_1.b
                     ->  Parallel Seq Scan on s_1  (cost=0.00..105361.89 rows=4166689 width=20)
(7 rows)

===== 47 [Wed Mar  7 16:06:32 CET 2018] scale:10000000 groups:10 work_mem:4MB incremental:off max_workers:2 =====
SELECT * FROM s_2 ORDER BY a, b, c LIMIT 100000
                                           QUERY PLAN                                           
------------------------------------------------------------------------------------------------
 Limit  (cost=748058.54..748058.54 rows=1 width=20)
   ->  Limit  (cost=735391.06..747058.54 rows=100000 width=20)
         ->  Gather Merge  (cost=735391.06..1707675.17 rows=8333282 width=20)
               Workers Planned: 2
               ->  Sort  (cost=734391.04..744807.64 rows=4166641 width=20)
                     Sort Key: s_2.a, s_2.b, s_2.c
                     ->  Parallel Seq Scan on s_2  (cost=0.00..105361.41 rows=4166641 width=20)
(7 rows)

===== 48 [Wed Mar  7 16:06:41 CET 2018] scale:10000000 groups:10 work_mem:4MB incremental:off max_workers:2 =====
SELECT * FROM s_3 ORDER BY a, b, c, d LIMIT 100000
                                           QUERY PLAN                                           
------------------------------------------------------------------------------------------------
 Limit  (cost=748058.54..748058.54 rows=1 width=20)
   ->  Limit  (cost=735391.06..747058.54 rows=100000 width=20)
         ->  Gather Merge  (cost=735391.06..1707675.17 rows=8333282 width=20)
               Workers Planned: 2
               ->  Sort  (cost=734391.04..744807.64 rows=4166641 width=20)
                     Sort Key: s_3.a, s_3.b, s_3.c, s_3.d
                     ->  Parallel Seq Scan on s_3  (cost=0.00..105361.41 rows=4166641 width=20)
(7 rows)

===== 49 [Wed Mar  7 16:06:51 CET 2018] scale:10000000 groups:10 work_mem:8MB incremental:on max_workers:2 =====
SELECT * FROM s_1 ORDER BY a, b LIMIT 100000
                                                   QUERY PLAN                                                    
-----------------------------------------------------------------------------------------------------------------
 Limit  (cost=114459.62..114459.62 rows=1 width=20)
   ->  Limit  (cost=111709.61..113459.62 rows=100000 width=20)
         ->  Incremental Sort  (cost=111709.61..286710.78 rows=10000054 width=20)
               Sort Key: s_1.a, s_1.b
               Presorted Key: s_1.a
               ->  Index Only Scan using s_1_a_e_d_c_b_idx on s_1  (cost=0.56..348313.37 rows=10000054 width=20)
(6 rows)

===== 50 [Wed Mar  7 16:06:52 CET 2018] scale:10000000 groups:10 work_mem:8MB incremental:on max_workers:2 =====
SELECT * FROM s_2 ORDER BY a, b, c LIMIT 100000
                                                   QUERY PLAN                                                   
----------------------------------------------------------------------------------------------------------------
 Limit  (cost=12399.21..12399.21 rows=1 width=20)
   ->  Limit  (cost=9628.97..11399.21 rows=100000 width=20)
         ->  Incremental Sort  (cost=9628.97..186652.36 rows=9999939 width=20)
               Sort Key: s_2.a, s_2.b, s_2.c
               Presorted Key: s_2.a, s_2.b
               ->  Index Only Scan using s_2_a_b_e_d_c_idx on s_2  (cost=0.56..348311.65 rows=9999939 width=20)
(6 rows)

===== 51 [Wed Mar  7 16:06:52 CET 2018] scale:10000000 groups:10 work_mem:8MB incremental:on max_workers:2 =====
SELECT * FROM s_3 ORDER BY a, b, c, d LIMIT 100000
                                                   QUERY PLAN                                                   
----------------------------------------------------------------------------------------------------------------
 Limit  (cost=3587.93..3587.93 rows=1 width=20)
   ->  Limit  (cost=745.91..2587.93 rows=100000 width=20)
         ->  Incremental Sort  (cost=745.91..184946.84 rows=9999939 width=20)
               Sort Key: s_3.a, s_3.b, s_3.c, s_3.d
               Presorted Key: s_3.a, s_3.b, s_3.c
               ->  Index Only Scan using s_3_a_b_c_e_d_idx on s_3  (cost=0.56..348311.65 rows=9999939 width=20)
(6 rows)

===== 52 [Wed Mar  7 16:06:53 CET 2018] scale:10000000 groups:10 work_mem:8MB incremental:off max_workers:2 =====
SELECT * FROM s_1 ORDER BY a, b LIMIT 100000
                                           QUERY PLAN                                           
------------------------------------------------------------------------------------------------
 Limit  (cost=485898.87..485898.87 rows=1 width=20)
   ->  Limit  (cost=473231.39..484898.87 rows=100000 width=20)
         ->  Gather Merge  (cost=473231.39..1445526.71 rows=8333378 width=20)
               Workers Planned: 2
               ->  Sort  (cost=472231.37..482648.09 rows=4166689 width=20)
                     Sort Key: s_1.a, s_1.b
                     ->  Parallel Seq Scan on s_1  (cost=0.00..105361.89 rows=4166689 width=20)
(7 rows)

===== 53 [Wed Mar  7 16:07:00 CET 2018] scale:10000000 groups:10 work_mem:8MB incremental:off max_workers:2 =====
SELECT * FROM s_2 ORDER BY a, b, c LIMIT 100000
                                           QUERY PLAN                                           
------------------------------------------------------------------------------------------------
 Limit  (cost=485894.17..485894.17 rows=1 width=20)
   ->  Limit  (cost=473226.69..484894.17 rows=100000 width=20)
         ->  Gather Merge  (cost=473226.69..1445510.80 rows=8333282 width=20)
               Workers Planned: 2
               ->  Sort  (cost=472226.66..482643.26 rows=4166641 width=20)
                     Sort Key: s_2.a, s_2.b, s_2.c
                     ->  Parallel Seq Scan on s_2  (cost=0.00..105361.41 rows=4166641 width=20)
(7 rows)

===== 54 [Wed Mar  7 16:07:08 CET 2018] scale:10000000 groups:10 work_mem:8MB incremental:off max_workers:2 =====
SELECT * FROM s_3 ORDER BY a, b, c, d LIMIT 100000
                                           QUERY PLAN                                           
------------------------------------------------------------------------------------------------
 Limit  (cost=485894.17..485894.17 rows=1 width=20)
   ->  Limit  (cost=473226.69..484894.17 rows=100000 width=20)
         ->  Gather Merge  (cost=473226.69..1445510.80 rows=8333282 width=20)
               Workers Planned: 2
               ->  Sort  (cost=472226.66..482643.26 rows=4166641 width=20)
                     Sort Key: s_3.a, s_3.b, s_3.c, s_3.d
                     ->  Parallel Seq Scan on s_3  (cost=0.00..105361.41 rows=4166641 width=20)
(7 rows)

===== 55 [Wed Mar  7 16:07:17 CET 2018] scale:10000000 groups:10 work_mem:16MB incremental:on max_workers:2 =====
SELECT * FROM s_1 ORDER BY a, b LIMIT 100000
                                                   QUERY PLAN                                                    
-----------------------------------------------------------------------------------------------------------------
 Limit  (cost=114459.62..114459.62 rows=1 width=20)
   ->  Limit  (cost=111709.61..113459.62 rows=100000 width=20)
         ->  Incremental Sort  (cost=111709.61..286710.78 rows=10000054 width=20)
               Sort Key: s_1.a, s_1.b
               Presorted Key: s_1.a
               ->  Index Only Scan using s_1_a_e_d_c_b_idx on s_1  (cost=0.56..348313.37 rows=10000054 width=20)
(6 rows)

===== 56 [Wed Mar  7 16:07:18 CET 2018] scale:10000000 groups:10 work_mem:16MB incremental:on max_workers:2 =====
SELECT * FROM s_2 ORDER BY a, b, c LIMIT 100000
                                                   QUERY PLAN                                                   
----------------------------------------------------------------------------------------------------------------
 Limit  (cost=12399.21..12399.21 rows=1 width=20)
   ->  Limit  (cost=9628.97..11399.21 rows=100000 width=20)
         ->  Incremental Sort  (cost=9628.97..186652.36 rows=9999939 width=20)
               Sort Key: s_2.a, s_2.b, s_2.c
               Presorted Key: s_2.a, s_2.b
               ->  Index Only Scan using s_2_a_b_e_d_c_idx on s_2  (cost=0.56..348311.65 rows=9999939 width=20)
(6 rows)

===== 57 [Wed Mar  7 16:07:19 CET 2018] scale:10000000 groups:10 work_mem:16MB incremental:on max_workers:2 =====
SELECT * FROM s_3 ORDER BY a, b, c, d LIMIT 100000
                                                   QUERY PLAN                                                   
----------------------------------------------------------------------------------------------------------------
 Limit  (cost=3587.93..3587.93 rows=1 width=20)
   ->  Limit  (cost=745.91..2587.93 rows=100000 width=20)
         ->  Incremental Sort  (cost=745.91..184946.84 rows=9999939 width=20)
               Sort Key: s_3.a, s_3.b, s_3.c, s_3.d
               Presorted Key: s_3.a, s_3.b, s_3.c
               ->  Index Only Scan using s_3_a_b_c_e_d_idx on s_3  (cost=0.56..348311.65 rows=9999939 width=20)
(6 rows)

===== 58 [Wed Mar  7 16:07:19 CET 2018] scale:10000000 groups:10 work_mem:16MB incremental:off max_workers:2 =====
SELECT * FROM s_1 ORDER BY a, b LIMIT 100000
                                           QUERY PLAN                                           
------------------------------------------------------------------------------------------------
 Limit  (cost=485898.87..485898.87 rows=1 width=20)
   ->  Limit  (cost=473231.39..484898.87 rows=100000 width=20)
         ->  Gather Merge  (cost=473231.39..1445526.71 rows=8333378 width=20)
               Workers Planned: 2
               ->  Sort  (cost=472231.37..482648.09 rows=4166689 width=20)
                     Sort Key: s_1.a, s_1.b
                     ->  Parallel Seq Scan on s_1  (cost=0.00..105361.89 rows=4166689 width=20)
(7 rows)

===== 59 [Wed Mar  7 16:07:26 CET 2018] scale:10000000 groups:10 work_mem:16MB incremental:off max_workers:2 =====
SELECT * FROM s_2 ORDER BY a, b, c LIMIT 100000
                                           QUERY PLAN                                           
------------------------------------------------------------------------------------------------
 Limit  (cost=485894.17..485894.17 rows=1 width=20)
   ->  Limit  (cost=473226.69..484894.17 rows=100000 width=20)
         ->  Gather Merge  (cost=473226.69..1445510.80 rows=8333282 width=20)
               Workers Planned: 2
               ->  Sort  (cost=472226.66..482643.26 rows=4166641 width=20)
                     Sort Key: s_2.a, s_2.b, s_2.c
                     ->  Parallel Seq Scan on s_2  (cost=0.00..105361.41 rows=4166641 width=20)
(7 rows)

===== 60 [Wed Mar  7 16:07:34 CET 2018] scale:10000000 groups:10 work_mem:16MB incremental:off max_workers:2 =====
SELECT * FROM s_3 ORDER BY a, b, c, d LIMIT 100000
                                           QUERY PLAN                                           
------------------------------------------------------------------------------------------------
 Limit  (cost=485894.17..485894.17 rows=1 width=20)
   ->  Limit  (cost=473226.69..484894.17 rows=100000 width=20)
         ->  Gather Merge  (cost=473226.69..1445510.80 rows=8333282 width=20)
               Workers Planned: 2
               ->  Sort  (cost=472226.66..482643.26 rows=4166641 width=20)
                     Sort Key: s_3.a, s_3.b, s_3.c, s_3.d
                     ->  Parallel Seq Scan on s_3  (cost=0.00..105361.41 rows=4166641 width=20)
(7 rows)

===== 61 [Wed Mar  7 16:07:43 CET 2018] scale:10000000 groups:10 work_mem:32MB incremental:on max_workers:2 =====
SELECT * FROM s_1 ORDER BY a, b LIMIT 100000
                                                   QUERY PLAN                                                    
-----------------------------------------------------------------------------------------------------------------
 Limit  (cost=114459.62..114459.62 rows=1 width=20)
   ->  Limit  (cost=111709.61..113459.62 rows=100000 width=20)
         ->  Incremental Sort  (cost=111709.61..286710.78 rows=10000054 width=20)
               Sort Key: s_1.a, s_1.b
               Presorted Key: s_1.a
               ->  Index Only Scan using s_1_a_e_d_c_b_idx on s_1  (cost=0.56..348313.37 rows=10000054 width=20)
(6 rows)

===== 62 [Wed Mar  7 16:07:44 CET 2018] scale:10000000 groups:10 work_mem:32MB incremental:on max_workers:2 =====
SELECT * FROM s_2 ORDER BY a, b, c LIMIT 100000
                                                   QUERY PLAN                                                   
----------------------------------------------------------------------------------------------------------------
 Limit  (cost=12399.21..12399.21 rows=1 width=20)
   ->  Limit  (cost=9628.97..11399.21 rows=100000 width=20)
         ->  Incremental Sort  (cost=9628.97..186652.36 rows=9999939 width=20)
               Sort Key: s_2.a, s_2.b, s_2.c
               Presorted Key: s_2.a, s_2.b
               ->  Index Only Scan using s_2_a_b_e_d_c_idx on s_2  (cost=0.56..348311.65 rows=9999939 width=20)
(6 rows)

===== 63 [Wed Mar  7 16:07:44 CET 2018] scale:10000000 groups:10 work_mem:32MB incremental:on max_workers:2 =====
SELECT * FROM s_3 ORDER BY a, b, c, d LIMIT 100000
                                                   QUERY PLAN                                                   
----------------------------------------------------------------------------------------------------------------
 Limit  (cost=3587.93..3587.93 rows=1 width=20)
   ->  Limit  (cost=745.91..2587.93 rows=100000 width=20)
         ->  Incremental Sort  (cost=745.91..184946.84 rows=9999939 width=20)
               Sort Key: s_3.a, s_3.b, s_3.c, s_3.d
               Presorted Key: s_3.a, s_3.b, s_3.c
               ->  Index Only Scan using s_3_a_b_c_e_d_idx on s_3  (cost=0.56..348311.65 rows=9999939 width=20)
(6 rows)

===== 64 [Wed Mar  7 16:07:45 CET 2018] scale:10000000 groups:10 work_mem:32MB incremental:off max_workers:2 =====
SELECT * FROM s_1 ORDER BY a, b LIMIT 100000
                                           QUERY PLAN                                           
------------------------------------------------------------------------------------------------
 Limit  (cost=485898.87..485898.87 rows=1 width=20)
   ->  Limit  (cost=473231.39..484898.87 rows=100000 width=20)
         ->  Gather Merge  (cost=473231.39..1445526.71 rows=8333378 width=20)
               Workers Planned: 2
               ->  Sort  (cost=472231.37..482648.09 rows=4166689 width=20)
                     Sort Key: s_1.a, s_1.b
                     ->  Parallel Seq Scan on s_1  (cost=0.00..105361.89 rows=4166689 width=20)
(7 rows)

===== 65 [Wed Mar  7 16:07:48 CET 2018] scale:10000000 groups:10 work_mem:32MB incremental:off max_workers:2 =====
SELECT * FROM s_2 ORDER BY a, b, c LIMIT 100000
                                           QUERY PLAN                                           
------------------------------------------------------------------------------------------------
 Limit  (cost=485894.17..485894.17 rows=1 width=20)
   ->  Limit  (cost=473226.69..484894.17 rows=100000 width=20)
         ->  Gather Merge  (cost=473226.69..1445510.80 rows=8333282 width=20)
               Workers Planned: 2
               ->  Sort  (cost=472226.66..482643.26 rows=4166641 width=20)
                     Sort Key: s_2.a, s_2.b, s_2.c
                     ->  Parallel Seq Scan on s_2  (cost=0.00..105361.41 rows=4166641 width=20)
(7 rows)

===== 66 [Wed Mar  7 16:07:50 CET 2018] scale:10000000 groups:10 work_mem:32MB incremental:off max_workers:2 =====
SELECT * FROM s_3 ORDER BY a, b, c, d LIMIT 100000
                                           QUERY PLAN                                           
------------------------------------------------------------------------------------------------
 Limit  (cost=485894.17..485894.17 rows=1 width=20)
   ->  Limit  (cost=473226.69..484894.17 rows=100000 width=20)
         ->  Gather Merge  (cost=473226.69..1445510.80 rows=8333282 width=20)
               Workers Planned: 2
               ->  Sort  (cost=472226.66..482643.26 rows=4166641 width=20)
                     Sort Key: s_3.a, s_3.b, s_3.c, s_3.d
                     ->  Parallel Seq Scan on s_3  (cost=0.00..105361.41 rows=4166641 width=20)
(7 rows)

===== 67 [Wed Mar  7 16:07:53 CET 2018] scale:10000000 groups:10 work_mem:64MB incremental:on max_workers:2 =====
SELECT * FROM s_1 ORDER BY a, b LIMIT 100000
                                                   QUERY PLAN                                                    
-----------------------------------------------------------------------------------------------------------------
 Limit  (cost=114459.62..114459.62 rows=1 width=20)
   ->  Limit  (cost=111709.61..113459.62 rows=100000 width=20)
         ->  Incremental Sort  (cost=111709.61..286710.78 rows=10000054 width=20)
               Sort Key: s_1.a, s_1.b
               Presorted Key: s_1.a
               ->  Index Only Scan using s_1_a_e_d_c_b_idx on s_1  (cost=0.56..348313.37 rows=10000054 width=20)
(6 rows)

===== 68 [Wed Mar  7 16:07:54 CET 2018] scale:10000000 groups:10 work_mem:64MB incremental:on max_workers:2 =====
SELECT * FROM s_2 ORDER BY a, b, c LIMIT 100000
                                                   QUERY PLAN                                                   
----------------------------------------------------------------------------------------------------------------
 Limit  (cost=12399.21..12399.21 rows=1 width=20)
   ->  Limit  (cost=9628.97..11399.21 rows=100000 width=20)
         ->  Incremental Sort  (cost=9628.97..186652.36 rows=9999939 width=20)
               Sort Key: s_2.a, s_2.b, s_2.c
               Presorted Key: s_2.a, s_2.b
               ->  Index Only Scan using s_2_a_b_e_d_c_idx on s_2  (cost=0.56..348311.65 rows=9999939 width=20)
(6 rows)

===== 69 [Wed Mar  7 16:07:55 CET 2018] scale:10000000 groups:10 work_mem:64MB incremental:on max_workers:2 =====
SELECT * FROM s_3 ORDER BY a, b, c, d LIMIT 100000
                                                   QUERY PLAN                                                   
----------------------------------------------------------------------------------------------------------------
 Limit  (cost=3587.93..3587.93 rows=1 width=20)
   ->  Limit  (cost=745.91..2587.93 rows=100000 width=20)
         ->  Incremental Sort  (cost=745.91..184946.84 rows=9999939 width=20)
               Sort Key: s_3.a, s_3.b, s_3.c, s_3.d
               Presorted Key: s_3.a, s_3.b, s_3.c
               ->  Index Only Scan using s_3_a_b_c_e_d_idx on s_3  (cost=0.56..348311.65 rows=9999939 width=20)
(6 rows)

===== 70 [Wed Mar  7 16:07:55 CET 2018] scale:10000000 groups:10 work_mem:64MB incremental:off max_workers:2 =====
SELECT * FROM s_1 ORDER BY a, b LIMIT 100000
                                           QUERY PLAN                                           
------------------------------------------------------------------------------------------------
 Limit  (cost=485898.87..485898.87 rows=1 width=20)
   ->  Limit  (cost=473231.39..484898.87 rows=100000 width=20)
         ->  Gather Merge  (cost=473231.39..1445526.71 rows=8333378 width=20)
               Workers Planned: 2
               ->  Sort  (cost=472231.37..482648.09 rows=4166689 width=20)
                     Sort Key: s_1.a, s_1.b
                     ->  Parallel Seq Scan on s_1  (cost=0.00..105361.89 rows=4166689 width=20)
(7 rows)

===== 71 [Wed Mar  7 16:07:58 CET 2018] scale:10000000 groups:10 work_mem:64MB incremental:off max_workers:2 =====
SELECT * FROM s_2 ORDER BY a, b, c LIMIT 100000
                                           QUERY PLAN                                           
------------------------------------------------------------------------------------------------
 Limit  (cost=485894.17..485894.17 rows=1 width=20)
   ->  Limit  (cost=473226.69..484894.17 rows=100000 width=20)
         ->  Gather Merge  (cost=473226.69..1445510.80 rows=8333282 width=20)
               Workers Planned: 2
               ->  Sort  (cost=472226.66..482643.26 rows=4166641 width=20)
                     Sort Key: s_2.a, s_2.b, s_2.c
                     ->  Parallel Seq Scan on s_2  (cost=0.00..105361.41 rows=4166641 width=20)
(7 rows)

===== 72 [Wed Mar  7 16:08:01 CET 2018] scale:10000000 groups:10 work_mem:64MB incremental:off max_workers:2 =====
SELECT * FROM s_3 ORDER BY a, b, c, d LIMIT 100000
                                           QUERY PLAN                                           
------------------------------------------------------------------------------------------------
 Limit  (cost=485894.17..485894.17 rows=1 width=20)
   ->  Limit  (cost=473226.69..484894.17 rows=100000 width=20)
         ->  Gather Merge  (cost=473226.69..1445510.80 rows=8333282 width=20)
               Workers Planned: 2
               ->  Sort  (cost=472226.66..482643.26 rows=4166641 width=20)
                     Sort Key: s_3.a, s_3.b, s_3.c, s_3.d
                     ->  Parallel Seq Scan on s_3  (cost=0.00..105361.41 rows=4166641 width=20)
(7 rows)

===== 73 [Wed Mar  7 16:08:04 CET 2018] scale:10000000 groups:10 work_mem:128MB incremental:on max_workers:2 =====
SELECT * FROM s_1 ORDER BY a, b LIMIT 100000
                                                   QUERY PLAN                                                    
-----------------------------------------------------------------------------------------------------------------
 Limit  (cost=114459.62..114459.62 rows=1 width=20)
   ->  Limit  (cost=111709.61..113459.62 rows=100000 width=20)
         ->  Incremental Sort  (cost=111709.61..286710.78 rows=10000054 width=20)
               Sort Key: s_1.a, s_1.b
               Presorted Key: s_1.a
               ->  Index Only Scan using s_1_a_e_d_c_b_idx on s_1  (cost=0.56..348313.37 rows=10000054 width=20)
(6 rows)

===== 74 [Wed Mar  7 16:08:05 CET 2018] scale:10000000 groups:10 work_mem:128MB incremental:on max_workers:2 =====
SELECT * FROM s_2 ORDER BY a, b, c LIMIT 100000
                                                   QUERY PLAN                                                   
----------------------------------------------------------------------------------------------------------------
 Limit  (cost=12399.21..12399.21 rows=1 width=20)
   ->  Limit  (cost=9628.97..11399.21 rows=100000 width=20)
         ->  Incremental Sort  (cost=9628.97..186652.36 rows=9999939 width=20)
               Sort Key: s_2.a, s_2.b, s_2.c
               Presorted Key: s_2.a, s_2.b
               ->  Index Only Scan using s_2_a_b_e_d_c_idx on s_2  (cost=0.56..348311.65 rows=9999939 width=20)
(6 rows)

===== 75 [Wed Mar  7 16:08:05 CET 2018] scale:10000000 groups:10 work_mem:128MB incremental:on max_workers:2 =====
SELECT * FROM s_3 ORDER BY a, b, c, d LIMIT 100000
                                                   QUERY PLAN                                                   
----------------------------------------------------------------------------------------------------------------
 Limit  (cost=3587.93..3587.93 rows=1 width=20)
   ->  Limit  (cost=745.91..2587.93 rows=100000 width=20)
         ->  Incremental Sort  (cost=745.91..184946.84 rows=9999939 width=20)
               Sort Key: s_3.a, s_3.b, s_3.c, s_3.d
               Presorted Key: s_3.a, s_3.b, s_3.c
               ->  Index Only Scan using s_3_a_b_c_e_d_idx on s_3  (cost=0.56..348311.65 rows=9999939 width=20)
(6 rows)

===== 76 [Wed Mar  7 16:08:05 CET 2018] scale:10000000 groups:10 work_mem:128MB incremental:off max_workers:2 =====
SELECT * FROM s_1 ORDER BY a, b LIMIT 100000
                                           QUERY PLAN                                           
------------------------------------------------------------------------------------------------
 Limit  (cost=485898.87..485898.87 rows=1 width=20)
   ->  Limit  (cost=473231.39..484898.87 rows=100000 width=20)
         ->  Gather Merge  (cost=473231.39..1445526.71 rows=8333378 width=20)
               Workers Planned: 2
               ->  Sort  (cost=472231.37..482648.09 rows=4166689 width=20)
                     Sort Key: s_1.a, s_1.b
                     ->  Parallel Seq Scan on s_1  (cost=0.00..105361.89 rows=4166689 width=20)
(7 rows)

===== 77 [Wed Mar  7 16:08:08 CET 2018] scale:10000000 groups:10 work_mem:128MB incremental:off max_workers:2 =====
SELECT * FROM s_2 ORDER BY a, b, c LIMIT 100000
                                           QUERY PLAN                                           
------------------------------------------------------------------------------------------------
 Limit  (cost=485894.17..485894.17 rows=1 width=20)
   ->  Limit  (cost=473226.69..484894.17 rows=100000 width=20)
         ->  Gather Merge  (cost=473226.69..1445510.80 rows=8333282 width=20)
               Workers Planned: 2
               ->  Sort  (cost=472226.66..482643.26 rows=4166641 width=20)
                     Sort Key: s_2.a, s_2.b, s_2.c
                     ->  Parallel Seq Scan on s_2  (cost=0.00..105361.41 rows=4166641 width=20)
(7 rows)

===== 78 [Wed Mar  7 16:08:11 CET 2018] scale:10000000 groups:10 work_mem:128MB incremental:off max_workers:2 =====
SELECT * FROM s_3 ORDER BY a, b, c, d LIMIT 100000
                                           QUERY PLAN                                           
------------------------------------------------------------------------------------------------
 Limit  (cost=485894.17..485894.17 rows=1 width=20)
   ->  Limit  (cost=473226.69..484894.17 rows=100000 width=20)
         ->  Gather Merge  (cost=473226.69..1445510.80 rows=8333282 width=20)
               Workers Planned: 2
               ->  Sort  (cost=472226.66..482643.26 rows=4166641 width=20)
                     Sort Key: s_3.a, s_3.b, s_3.c, s_3.d
                     ->  Parallel Seq Scan on s_3  (cost=0.00..105361.41 rows=4166641 width=20)
(7 rows)

===== 79 [Wed Mar  7 16:08:14 CET 2018] scale:10000000 groups:10 work_mem:256MB incremental:on max_workers:2 =====
SELECT * FROM s_1 ORDER BY a, b LIMIT 100000
                                                   QUERY PLAN                                                    
-----------------------------------------------------------------------------------------------------------------
 Limit  (cost=114459.62..114459.62 rows=1 width=20)
   ->  Limit  (cost=111709.61..113459.62 rows=100000 width=20)
         ->  Incremental Sort  (cost=111709.61..286710.78 rows=10000054 width=20)
               Sort Key: s_1.a, s_1.b
               Presorted Key: s_1.a
               ->  Index Only Scan using s_1_a_e_d_c_b_idx on s_1  (cost=0.56..348313.37 rows=10000054 width=20)
(6 rows)

===== 80 [Wed Mar  7 16:08:15 CET 2018] scale:10000000 groups:10 work_mem:256MB incremental:on max_workers:2 =====
SELECT * FROM s_2 ORDER BY a, b, c LIMIT 100000
                                                   QUERY PLAN                                                   
----------------------------------------------------------------------------------------------------------------
 Limit  (cost=12399.21..12399.21 rows=1 width=20)
   ->  Limit  (cost=9628.97..11399.21 rows=100000 width=20)
         ->  Incremental Sort  (cost=9628.97..186652.36 rows=9999939 width=20)
               Sort Key: s_2.a, s_2.b, s_2.c
               Presorted Key: s_2.a, s_2.b
               ->  Index Only Scan using s_2_a_b_e_d_c_idx on s_2  (cost=0.56..348311.65 rows=9999939 width=20)
(6 rows)

===== 81 [Wed Mar  7 16:08:15 CET 2018] scale:10000000 groups:10 work_mem:256MB incremental:on max_workers:2 =====
SELECT * FROM s_3 ORDER BY a, b, c, d LIMIT 100000
                                                   QUERY PLAN                                                   
----------------------------------------------------------------------------------------------------------------
 Limit  (cost=3587.93..3587.93 rows=1 width=20)
   ->  Limit  (cost=745.91..2587.93 rows=100000 width=20)
         ->  Incremental Sort  (cost=745.91..184946.84 rows=9999939 width=20)
               Sort Key: s_3.a, s_3.b, s_3.c, s_3.d
               Presorted Key: s_3.a, s_3.b, s_3.c
               ->  Index Only Scan using s_3_a_b_c_e_d_idx on s_3  (cost=0.56..348311.65 rows=9999939 width=20)
(6 rows)

===== 82 [Wed Mar  7 16:08:15 CET 2018] scale:10000000 groups:10 work_mem:256MB incremental:off max_workers:2 =====
SELECT * FROM s_1 ORDER BY a, b LIMIT 100000
                                           QUERY PLAN                                           
------------------------------------------------------------------------------------------------
 Limit  (cost=485898.87..485898.87 rows=1 width=20)
   ->  Limit  (cost=473231.39..484898.87 rows=100000 width=20)
         ->  Gather Merge  (cost=473231.39..1445526.71 rows=8333378 width=20)
               Workers Planned: 2
               ->  Sort  (cost=472231.37..482648.09 rows=4166689 width=20)
                     Sort Key: s_1.a, s_1.b
                     ->  Parallel Seq Scan on s_1  (cost=0.00..105361.89 rows=4166689 width=20)
(7 rows)

===== 83 [Wed Mar  7 16:08:18 CET 2018] scale:10000000 groups:10 work_mem:256MB incremental:off max_workers:2 =====
SELECT * FROM s_2 ORDER BY a, b, c LIMIT 100000
                                           QUERY PLAN                                           
------------------------------------------------------------------------------------------------
 Limit  (cost=485894.17..485894.17 rows=1 width=20)
   ->  Limit  (cost=473226.69..484894.17 rows=100000 width=20)
         ->  Gather Merge  (cost=473226.69..1445510.80 rows=8333282 width=20)
               Workers Planned: 2
               ->  Sort  (cost=472226.66..482643.26 rows=4166641 width=20)
                     Sort Key: s_2.a, s_2.b, s_2.c
                     ->  Parallel Seq Scan on s_2  (cost=0.00..105361.41 rows=4166641 width=20)
(7 rows)

===== 84 [Wed Mar  7 16:08:21 CET 2018] scale:10000000 groups:10 work_mem:256MB incremental:off max_workers:2 =====
SELECT * FROM s_3 ORDER BY a, b, c, d LIMIT 100000
                                           QUERY PLAN                                           
------------------------------------------------------------------------------------------------
 Limit  (cost=485894.17..485894.17 rows=1 width=20)
   ->  Limit  (cost=473226.69..484894.17 rows=100000 width=20)
         ->  Gather Merge  (cost=473226.69..1445510.80 rows=8333282 width=20)
               Workers Planned: 2
               ->  Sort  (cost=472226.66..482643.26 rows=4166641 width=20)
                     Sort Key: s_3.a, s_3.b, s_3.c, s_3.d
                     ->  Parallel Seq Scan on s_3  (cost=0.00..105361.41 rows=4166641 width=20)
(7 rows)

===== 85 [Wed Mar  7 16:09:36 CET 2018] scale:10000000 groups:100 work_mem:4MB incremental:on max_workers:0 =====
SELECT * FROM s_1 ORDER BY a, b LIMIT 100000
                                                   QUERY PLAN                                                   
----------------------------------------------------------------------------------------------------------------
 Limit  (cost=16449.51..16449.51 rows=1 width=20)
   ->  Limit  (cost=13698.12..15449.51 rows=100000 width=20)
         ->  Incremental Sort  (cost=13698.12..188836.13 rows=9999939 width=20)
               Sort Key: s_1.a, s_1.b
               Presorted Key: s_1.a
               ->  Index Only Scan using s_1_a_e_d_c_b_idx on s_1  (cost=0.56..348311.65 rows=9999939 width=20)
(6 rows)

===== 86 [Wed Mar  7 16:09:37 CET 2018] scale:10000000 groups:100 work_mem:4MB incremental:on max_workers:0 =====
SELECT * FROM s_2 ORDER BY a, b, c LIMIT 100000
                                                   QUERY PLAN                                                   
----------------------------------------------------------------------------------------------------------------
 Limit  (cost=2919.14..2919.14 rows=1 width=20)
   ->  Limit  (cost=83.41..1919.14 rows=100000 width=20)
         ->  Incremental Sort  (cost=83.41..183655.18 rows=9999939 width=20)
               Sort Key: s_2.a, s_2.b, s_2.c
               Presorted Key: s_2.a, s_2.b
               ->  Index Only Scan using s_2_a_b_e_d_c_idx on s_2  (cost=0.56..348311.65 rows=9999939 width=20)
(6 rows)

===== 87 [Wed Mar  7 16:09:37 CET 2018] scale:10000000 groups:100 work_mem:4MB incremental:on max_workers:0 =====
SELECT * FROM s_3 ORDER BY a, b, c, d LIMIT 100000
                                                   QUERY PLAN                                                    
-----------------------------------------------------------------------------------------------------------------
 Limit  (cost=3002.51..3002.51 rows=1 width=20)
   ->  Limit  (cost=1.07..2002.51 rows=100000 width=20)
         ->  Incremental Sort  (cost=1.07..200145.68 rows=10000054 width=20)
               Sort Key: s_3.a, s_3.b, s_3.c, s_3.d
               Presorted Key: s_3.a, s_3.b, s_3.c
               ->  Index Only Scan using s_3_a_b_c_e_d_idx on s_3  (cost=0.56..348313.37 rows=10000054 width=20)
(6 rows)

===== 88 [Wed Mar  7 16:09:37 CET 2018] scale:10000000 groups:100 work_mem:4MB incremental:off max_workers:0 =====
SELECT * FROM s_1 ORDER BY a, b LIMIT 100000
                                   QUERY PLAN                                    
---------------------------------------------------------------------------------
 Limit  (cost=1737769.69..1737769.69 rows=1 width=20)
   ->  Limit  (cost=1736519.69..1736769.69 rows=100000 width=20)
         ->  Sort  (cost=1736519.69..1761519.54 rows=9999939 width=20)
               Sort Key: s_1.a, s_1.b
               ->  Seq Scan on s_1  (cost=0.00..163694.39 rows=9999939 width=20)
(5 rows)

===== 89 [Wed Mar  7 16:10:05 CET 2018] scale:10000000 groups:100 work_mem:4MB incremental:off max_workers:0 =====
SELECT * FROM s_2 ORDER BY a, b, c LIMIT 100000
                                   QUERY PLAN                                    
---------------------------------------------------------------------------------
 Limit  (cost=1737769.69..1737769.69 rows=1 width=20)
   ->  Limit  (cost=1736519.69..1736769.69 rows=100000 width=20)
         ->  Sort  (cost=1736519.69..1761519.54 rows=9999939 width=20)
               Sort Key: s_2.a, s_2.b, s_2.c
               ->  Seq Scan on s_2  (cost=0.00..163694.39 rows=9999939 width=20)
(5 rows)

===== 90 [Wed Mar  7 16:10:39 CET 2018] scale:10000000 groups:100 work_mem:4MB incremental:off max_workers:0 =====
SELECT * FROM s_3 ORDER BY a, b, c, d LIMIT 100000
                                    QUERY PLAN                                    
----------------------------------------------------------------------------------
 Limit  (cost=1737792.04..1737792.04 rows=1 width=20)
   ->  Limit  (cost=1736542.04..1736792.04 rows=100000 width=20)
         ->  Sort  (cost=1736542.04..1761542.18 rows=10000054 width=20)
               Sort Key: s_3.a, s_3.b, s_3.c, s_3.d
               ->  Seq Scan on s_3  (cost=0.00..163695.54 rows=10000054 width=20)
(5 rows)

===== 91 [Wed Mar  7 16:11:19 CET 2018] scale:10000000 groups:100 work_mem:8MB incremental:on max_workers:0 =====
SELECT * FROM s_1 ORDER BY a, b LIMIT 100000
                                                   QUERY PLAN                                                   
----------------------------------------------------------------------------------------------------------------
 Limit  (cost=14415.81..14415.81 rows=1 width=20)
   ->  Limit  (cost=11664.62..13415.81 rows=100000 width=20)
         ->  Incremental Sort  (cost=11664.62..186782.28 rows=9999939 width=20)
               Sort Key: s_1.a, s_1.b
               Presorted Key: s_1.a
               ->  Index Only Scan using s_1_a_e_d_c_b_idx on s_1  (cost=0.56..348311.65 rows=9999939 width=20)
(6 rows)

===== 92 [Wed Mar  7 16:11:20 CET 2018] scale:10000000 groups:100 work_mem:8MB incremental:on max_workers:0 =====
SELECT * FROM s_2 ORDER BY a, b, c LIMIT 100000
                                                   QUERY PLAN                                                   
----------------------------------------------------------------------------------------------------------------
 Limit  (cost=2919.14..2919.14 rows=1 width=20)
   ->  Limit  (cost=83.41..1919.14 rows=100000 width=20)
         ->  Incremental Sort  (cost=83.41..183655.18 rows=9999939 width=20)
               Sort Key: s_2.a, s_2.b, s_2.c
               Presorted Key: s_2.a, s_2.b
               ->  Index Only Scan using s_2_a_b_e_d_c_idx on s_2  (cost=0.56..348311.65 rows=9999939 width=20)
(6 rows)

===== 93 [Wed Mar  7 16:11:20 CET 2018] scale:10000000 groups:100 work_mem:8MB incremental:on max_workers:0 =====
SELECT * FROM s_3 ORDER BY a, b, c, d LIMIT 100000
                                                   QUERY PLAN                                                    
-----------------------------------------------------------------------------------------------------------------
 Limit  (cost=3002.51..3002.51 rows=1 width=20)
   ->  Limit  (cost=1.07..2002.51 rows=100000 width=20)
         ->  Incremental Sort  (cost=1.07..200145.68 rows=10000054 width=20)
               Sort Key: s_3.a, s_3.b, s_3.c, s_3.d
               Presorted Key: s_3.a, s_3.b, s_3.c
               ->  Index Only Scan using s_3_a_b_c_e_d_idx on s_3  (cost=0.56..348313.37 rows=10000054 width=20)
(6 rows)

===== 94 [Wed Mar  7 16:11:20 CET 2018] scale:10000000 groups:100 work_mem:8MB incremental:off max_workers:0 =====
SELECT * FROM s_1 ORDER BY a, b LIMIT 100000
                                   QUERY PLAN                                    
---------------------------------------------------------------------------------
 Limit  (cost=1045421.04..1045421.04 rows=1 width=20)
   ->  Limit  (cost=1044171.04..1044421.04 rows=100000 width=20)
         ->  Sort  (cost=1044171.04..1069170.89 rows=9999939 width=20)
               Sort Key: s_1.a, s_1.b
               ->  Seq Scan on s_1  (cost=0.00..163694.39 rows=9999939 width=20)
(5 rows)

===== 95 [Wed Mar  7 16:11:45 CET 2018] scale:10000000 groups:100 work_mem:8MB incremental:off max_workers:0 =====
SELECT * FROM s_2 ORDER BY a, b, c LIMIT 100000
                                   QUERY PLAN                                    
---------------------------------------------------------------------------------
 Limit  (cost=1045421.04..1045421.04 rows=1 width=20)
   ->  Limit  (cost=1044171.04..1044421.04 rows=100000 width=20)
         ->  Sort  (cost=1044171.04..1069170.89 rows=9999939 width=20)
               Sort Key: s_2.a, s_2.b, s_2.c
               ->  Seq Scan on s_2  (cost=0.00..163694.39 rows=9999939 width=20)
(5 rows)

===== 96 [Wed Mar  7 16:12:17 CET 2018] scale:10000000 groups:100 work_mem:8MB incremental:off max_workers:0 =====
SELECT * FROM s_3 ORDER BY a, b, c, d LIMIT 100000
                                    QUERY PLAN                                    
----------------------------------------------------------------------------------
 Limit  (cost=1045432.32..1045432.32 rows=1 width=20)
   ->  Limit  (cost=1044182.32..1044432.32 rows=100000 width=20)
         ->  Sort  (cost=1044182.32..1069182.45 rows=10000054 width=20)
               Sort Key: s_3.a, s_3.b, s_3.c, s_3.d
               ->  Seq Scan on s_3  (cost=0.00..163695.54 rows=10000054 width=20)
(5 rows)

===== 97 [Wed Mar  7 16:12:53 CET 2018] scale:10000000 groups:100 work_mem:16MB incremental:on max_workers:0 =====
SELECT * FROM s_1 ORDER BY a, b LIMIT 100000
                                                   QUERY PLAN                                                   
----------------------------------------------------------------------------------------------------------------
 Limit  (cost=14415.81..14415.81 rows=1 width=20)
   ->  Limit  (cost=11664.62..13415.81 rows=100000 width=20)
         ->  Incremental Sort  (cost=11664.62..186782.28 rows=9999939 width=20)
               Sort Key: s_1.a, s_1.b
               Presorted Key: s_1.a
               ->  Index Only Scan using s_1_a_e_d_c_b_idx on s_1  (cost=0.56..348311.65 rows=9999939 width=20)
(6 rows)

===== 98 [Wed Mar  7 16:12:53 CET 2018] scale:10000000 groups:100 work_mem:16MB incremental:on max_workers:0 =====
SELECT * FROM s_2 ORDER BY a, b, c LIMIT 100000
                                                   QUERY PLAN                                                   
----------------------------------------------------------------------------------------------------------------
 Limit  (cost=2919.14..2919.14 rows=1 width=20)
   ->  Limit  (cost=83.41..1919.14 rows=100000 width=20)
         ->  Incremental Sort  (cost=83.41..183655.18 rows=9999939 width=20)
               Sort Key: s_2.a, s_2.b, s_2.c
               Presorted Key: s_2.a, s_2.b
               ->  Index Only Scan using s_2_a_b_e_d_c_idx on s_2  (cost=0.56..348311.65 rows=9999939 width=20)
(6 rows)

===== 99 [Wed Mar  7 16:12:54 CET 2018] scale:10000000 groups:100 work_mem:16MB incremental:on max_workers:0 =====
SELECT * FROM s_3 ORDER BY a, b, c, d LIMIT 100000
                                                   QUERY PLAN                                                    
-----------------------------------------------------------------------------------------------------------------
 Limit  (cost=3002.51..3002.51 rows=1 width=20)
   ->  Limit  (cost=1.07..2002.51 rows=100000 width=20)
         ->  Incremental Sort  (cost=1.07..200145.68 rows=10000054 width=20)
               Sort Key: s_3.a, s_3.b, s_3.c, s_3.d
               Presorted Key: s_3.a, s_3.b, s_3.c
               ->  Index Only Scan using s_3_a_b_c_e_d_idx on s_3  (cost=0.56..348313.37 rows=10000054 width=20)
(6 rows)

===== 100 [Wed Mar  7 16:12:54 CET 2018] scale:10000000 groups:100 work_mem:16MB incremental:off max_workers:0 =====
SELECT * FROM s_1 ORDER BY a, b LIMIT 100000
                                   QUERY PLAN                                    
---------------------------------------------------------------------------------
 Limit  (cost=1045421.04..1045421.04 rows=1 width=20)
   ->  Limit  (cost=1044171.04..1044421.04 rows=100000 width=20)
         ->  Sort  (cost=1044171.04..1069170.89 rows=9999939 width=20)
               Sort Key: s_1.a, s_1.b
               ->  Seq Scan on s_1  (cost=0.00..163694.39 rows=9999939 width=20)
(5 rows)

===== 101 [Wed Mar  7 16:13:16 CET 2018] scale:10000000 groups:100 work_mem:16MB incremental:off max_workers:0 =====
SELECT * FROM s_2 ORDER BY a, b, c LIMIT 100000
                                   QUERY PLAN                                    
---------------------------------------------------------------------------------
 Limit  (cost=1045421.04..1045421.04 rows=1 width=20)
   ->  Limit  (cost=1044171.04..1044421.04 rows=100000 width=20)
         ->  Sort  (cost=1044171.04..1069170.89 rows=9999939 width=20)
               Sort Key: s_2.a, s_2.b, s_2.c
               ->  Seq Scan on s_2  (cost=0.00..163694.39 rows=9999939 width=20)
(5 rows)

===== 102 [Wed Mar  7 16:13:44 CET 2018] scale:10000000 groups:100 work_mem:16MB incremental:off max_workers:0 =====
SELECT * FROM s_3 ORDER BY a, b, c, d LIMIT 100000
                                    QUERY PLAN                                    
----------------------------------------------------------------------------------
 Limit  (cost=1045432.32..1045432.32 rows=1 width=20)
   ->  Limit  (cost=1044182.32..1044432.32 rows=100000 width=20)
         ->  Sort  (cost=1044182.32..1069182.45 rows=10000054 width=20)
               Sort Key: s_3.a, s_3.b, s_3.c, s_3.d
               ->  Seq Scan on s_3  (cost=0.00..163695.54 rows=10000054 width=20)
(5 rows)

===== 103 [Wed Mar  7 16:14:16 CET 2018] scale:10000000 groups:100 work_mem:32MB incremental:on max_workers:0 =====
SELECT * FROM s_1 ORDER BY a, b LIMIT 100000
                                                   QUERY PLAN                                                   
----------------------------------------------------------------------------------------------------------------
 Limit  (cost=14415.81..14415.81 rows=1 width=20)
   ->  Limit  (cost=11664.62..13415.81 rows=100000 width=20)
         ->  Incremental Sort  (cost=11664.62..186782.28 rows=9999939 width=20)
               Sort Key: s_1.a, s_1.b
               Presorted Key: s_1.a
               ->  Index Only Scan using s_1_a_e_d_c_b_idx on s_1  (cost=0.56..348311.65 rows=9999939 width=20)
(6 rows)

===== 104 [Wed Mar  7 16:14:16 CET 2018] scale:10000000 groups:100 work_mem:32MB incremental:on max_workers:0 =====
SELECT * FROM s_2 ORDER BY a, b, c LIMIT 100000
                                                   QUERY PLAN                                                   
----------------------------------------------------------------------------------------------------------------
 Limit  (cost=2919.14..2919.14 rows=1 width=20)
   ->  Limit  (cost=83.41..1919.14 rows=100000 width=20)
         ->  Incremental Sort  (cost=83.41..183655.18 rows=9999939 width=20)
               Sort Key: s_2.a, s_2.b, s_2.c
               Presorted Key: s_2.a, s_2.b
               ->  Index Only Scan using s_2_a_b_e_d_c_idx on s_2  (cost=0.56..348311.65 rows=9999939 width=20)
(6 rows)

===== 105 [Wed Mar  7 16:14:17 CET 2018] scale:10000000 groups:100 work_mem:32MB incremental:on max_workers:0 =====
SELECT * FROM s_3 ORDER BY a, b, c, d LIMIT 100000
                                                   QUERY PLAN                                                    
-----------------------------------------------------------------------------------------------------------------
 Limit  (cost=3002.51..3002.51 rows=1 width=20)
   ->  Limit  (cost=1.07..2002.51 rows=100000 width=20)
         ->  Incremental Sort  (cost=1.07..200145.68 rows=10000054 width=20)
               Sort Key: s_3.a, s_3.b, s_3.c, s_3.d
               Presorted Key: s_3.a, s_3.b, s_3.c
               ->  Index Only Scan using s_3_a_b_c_e_d_idx on s_3  (cost=0.56..348313.37 rows=10000054 width=20)
(6 rows)

===== 106 [Wed Mar  7 16:14:17 CET 2018] scale:10000000 groups:100 work_mem:32MB incremental:off max_workers:0 =====
SELECT * FROM s_1 ORDER BY a, b LIMIT 100000
                                   QUERY PLAN                                    
---------------------------------------------------------------------------------
 Limit  (cost=1045421.04..1045421.04 rows=1 width=20)
   ->  Limit  (cost=1044171.04..1044421.04 rows=100000 width=20)
         ->  Sort  (cost=1044171.04..1069170.89 rows=9999939 width=20)
               Sort Key: s_1.a, s_1.b
               ->  Seq Scan on s_1  (cost=0.00..163694.39 rows=9999939 width=20)
(5 rows)

===== 107 [Wed Mar  7 16:14:23 CET 2018] scale:10000000 groups:100 work_mem:32MB incremental:off max_workers:0 =====
SELECT * FROM s_2 ORDER BY a, b, c LIMIT 100000
                                   QUERY PLAN                                    
---------------------------------------------------------------------------------
 Limit  (cost=1045421.04..1045421.04 rows=1 width=20)
   ->  Limit  (cost=1044171.04..1044421.04 rows=100000 width=20)
         ->  Sort  (cost=1044171.04..1069170.89 rows=9999939 width=20)
               Sort Key: s_2.a, s_2.b, s_2.c
               ->  Seq Scan on s_2  (cost=0.00..163694.39 rows=9999939 width=20)
(5 rows)

===== 108 [Wed Mar  7 16:14:30 CET 2018] scale:10000000 groups:100 work_mem:32MB incremental:off max_workers:0 =====
SELECT * FROM s_3 ORDER BY a, b, c, d LIMIT 100000
                                    QUERY PLAN                                    
----------------------------------------------------------------------------------
 Limit  (cost=1045432.32..1045432.32 rows=1 width=20)
   ->  Limit  (cost=1044182.32..1044432.32 rows=100000 width=20)
         ->  Sort  (cost=1044182.32..1069182.45 rows=10000054 width=20)
               Sort Key: s_3.a, s_3.b, s_3.c, s_3.d
               ->  Seq Scan on s_3  (cost=0.00..163695.54 rows=10000054 width=20)
(5 rows)

===== 109 [Wed Mar  7 16:14:36 CET 2018] scale:10000000 groups:100 work_mem:64MB incremental:on max_workers:0 =====
SELECT * FROM s_1 ORDER BY a, b LIMIT 100000
                                                   QUERY PLAN                                                   
----------------------------------------------------------------------------------------------------------------
 Limit  (cost=14415.81..14415.81 rows=1 width=20)
   ->  Limit  (cost=11664.62..13415.81 rows=100000 width=20)
         ->  Incremental Sort  (cost=11664.62..186782.28 rows=9999939 width=20)
               Sort Key: s_1.a, s_1.b
               Presorted Key: s_1.a
               ->  Index Only Scan using s_1_a_e_d_c_b_idx on s_1  (cost=0.56..348311.65 rows=9999939 width=20)
(6 rows)

===== 110 [Wed Mar  7 16:14:37 CET 2018] scale:10000000 groups:100 work_mem:64MB incremental:on max_workers:0 =====
SELECT * FROM s_2 ORDER BY a, b, c LIMIT 100000
                                                   QUERY PLAN                                                   
----------------------------------------------------------------------------------------------------------------
 Limit  (cost=2919.14..2919.14 rows=1 width=20)
   ->  Limit  (cost=83.41..1919.14 rows=100000 width=20)
         ->  Incremental Sort  (cost=83.41..183655.18 rows=9999939 width=20)
               Sort Key: s_2.a, s_2.b, s_2.c
               Presorted Key: s_2.a, s_2.b
               ->  Index Only Scan using s_2_a_b_e_d_c_idx on s_2  (cost=0.56..348311.65 rows=9999939 width=20)
(6 rows)

===== 111 [Wed Mar  7 16:14:37 CET 2018] scale:10000000 groups:100 work_mem:64MB incremental:on max_workers:0 =====
SELECT * FROM s_3 ORDER BY a, b, c, d LIMIT 100000
                                                   QUERY PLAN                                                    
-----------------------------------------------------------------------------------------------------------------
 Limit  (cost=3002.51..3002.51 rows=1 width=20)
   ->  Limit  (cost=1.07..2002.51 rows=100000 width=20)
         ->  Incremental Sort  (cost=1.07..200145.68 rows=10000054 width=20)
               Sort Key: s_3.a, s_3.b, s_3.c, s_3.d
               Presorted Key: s_3.a, s_3.b, s_3.c
               ->  Index Only Scan using s_3_a_b_c_e_d_idx on s_3  (cost=0.56..348313.37 rows=10000054 width=20)
(6 rows)

===== 112 [Wed Mar  7 16:14:37 CET 2018] scale:10000000 groups:100 work_mem:64MB incremental:off max_workers:0 =====
SELECT * FROM s_1 ORDER BY a, b LIMIT 100000
                                   QUERY PLAN                                    
---------------------------------------------------------------------------------
 Limit  (cost=1045421.04..1045421.04 rows=1 width=20)
   ->  Limit  (cost=1044171.04..1044421.04 rows=100000 width=20)
         ->  Sort  (cost=1044171.04..1069170.89 rows=9999939 width=20)
               Sort Key: s_1.a, s_1.b
               ->  Seq Scan on s_1  (cost=0.00..163694.39 rows=9999939 width=20)
(5 rows)

===== 113 [Wed Mar  7 16:14:44 CET 2018] scale:10000000 groups:100 work_mem:64MB incremental:off max_workers:0 =====
SELECT * FROM s_2 ORDER BY a, b, c LIMIT 100000
                                   QUERY PLAN                                    
---------------------------------------------------------------------------------
 Limit  (cost=1045421.04..1045421.04 rows=1 width=20)
   ->  Limit  (cost=1044171.04..1044421.04 rows=100000 width=20)
         ->  Sort  (cost=1044171.04..1069170.89 rows=9999939 width=20)
               Sort Key: s_2.a, s_2.b, s_2.c
               ->  Seq Scan on s_2  (cost=0.00..163694.39 rows=9999939 width=20)
(5 rows)

===== 114 [Wed Mar  7 16:14:50 CET 2018] scale:10000000 groups:100 work_mem:64MB incremental:off max_workers:0 =====
SELECT * FROM s_3 ORDER BY a, b, c, d LIMIT 100000
                                    QUERY PLAN                                    
----------------------------------------------------------------------------------
 Limit  (cost=1045432.32..1045432.32 rows=1 width=20)
   ->  Limit  (cost=1044182.32..1044432.32 rows=100000 width=20)
         ->  Sort  (cost=1044182.32..1069182.45 rows=10000054 width=20)
               Sort Key: s_3.a, s_3.b, s_3.c, s_3.d
               ->  Seq Scan on s_3  (cost=0.00..163695.54 rows=10000054 width=20)
(5 rows)

===== 115 [Wed Mar  7 16:14:56 CET 2018] scale:10000000 groups:100 work_mem:128MB incremental:on max_workers:0 =====
SELECT * FROM s_1 ORDER BY a, b LIMIT 100000
                                                   QUERY PLAN                                                   
----------------------------------------------------------------------------------------------------------------
 Limit  (cost=14415.81..14415.81 rows=1 width=20)
   ->  Limit  (cost=11664.62..13415.81 rows=100000 width=20)
         ->  Incremental Sort  (cost=11664.62..186782.28 rows=9999939 width=20)
               Sort Key: s_1.a, s_1.b
               Presorted Key: s_1.a
               ->  Index Only Scan using s_1_a_e_d_c_b_idx on s_1  (cost=0.56..348311.65 rows=9999939 width=20)
(6 rows)

===== 116 [Wed Mar  7 16:14:57 CET 2018] scale:10000000 groups:100 work_mem:128MB incremental:on max_workers:0 =====
SELECT * FROM s_2 ORDER BY a, b, c LIMIT 100000
                                                   QUERY PLAN                                                   
----------------------------------------------------------------------------------------------------------------
 Limit  (cost=2919.14..2919.14 rows=1 width=20)
   ->  Limit  (cost=83.41..1919.14 rows=100000 width=20)
         ->  Incremental Sort  (cost=83.41..183655.18 rows=9999939 width=20)
               Sort Key: s_2.a, s_2.b, s_2.c
               Presorted Key: s_2.a, s_2.b
               ->  Index Only Scan using s_2_a_b_e_d_c_idx on s_2  (cost=0.56..348311.65 rows=9999939 width=20)
(6 rows)

===== 117 [Wed Mar  7 16:14:57 CET 2018] scale:10000000 groups:100 work_mem:128MB incremental:on max_workers:0 =====
SELECT * FROM s_3 ORDER BY a, b, c, d LIMIT 100000
                                                   QUERY PLAN                                                    
-----------------------------------------------------------------------------------------------------------------
 Limit  (cost=3002.51..3002.51 rows=1 width=20)
   ->  Limit  (cost=1.07..2002.51 rows=100000 width=20)
         ->  Incremental Sort  (cost=1.07..200145.68 rows=10000054 width=20)
               Sort Key: s_3.a, s_3.b, s_3.c, s_3.d
               Presorted Key: s_3.a, s_3.b, s_3.c
               ->  Index Only Scan using s_3_a_b_c_e_d_idx on s_3  (cost=0.56..348313.37 rows=10000054 width=20)
(6 rows)

===== 118 [Wed Mar  7 16:14:57 CET 2018] scale:10000000 groups:100 work_mem:128MB incremental:off max_workers:0 =====
SELECT * FROM s_1 ORDER BY a, b LIMIT 100000
                                   QUERY PLAN                                    
---------------------------------------------------------------------------------
 Limit  (cost=1045421.04..1045421.04 rows=1 width=20)
   ->  Limit  (cost=1044171.04..1044421.04 rows=100000 width=20)
         ->  Sort  (cost=1044171.04..1069170.89 rows=9999939 width=20)
               Sort Key: s_1.a, s_1.b
               ->  Seq Scan on s_1  (cost=0.00..163694.39 rows=9999939 width=20)
(5 rows)

===== 119 [Wed Mar  7 16:15:04 CET 2018] scale:10000000 groups:100 work_mem:128MB incremental:off max_workers:0 =====
SELECT * FROM s_2 ORDER BY a, b, c LIMIT 100000
                                   QUERY PLAN                                    
---------------------------------------------------------------------------------
 Limit  (cost=1045421.04..1045421.04 rows=1 width=20)
   ->  Limit  (cost=1044171.04..1044421.04 rows=100000 width=20)
         ->  Sort  (cost=1044171.04..1069170.89 rows=9999939 width=20)
               Sort Key: s_2.a, s_2.b, s_2.c
               ->  Seq Scan on s_2  (cost=0.00..163694.39 rows=9999939 width=20)
(5 rows)

===== 120 [Wed Mar  7 16:15:10 CET 2018] scale:10000000 groups:100 work_mem:128MB incremental:off max_workers:0 =====
SELECT * FROM s_3 ORDER BY a, b, c, d LIMIT 100000
                                    QUERY PLAN                                    
----------------------------------------------------------------------------------
 Limit  (cost=1045432.32..1045432.32 rows=1 width=20)
   ->  Limit  (cost=1044182.32..1044432.32 rows=100000 width=20)
         ->  Sort  (cost=1044182.32..1069182.45 rows=10000054 width=20)
               Sort Key: s_3.a, s_3.b, s_3.c, s_3.d
               ->  Seq Scan on s_3  (cost=0.00..163695.54 rows=10000054 width=20)
(5 rows)

===== 121 [Wed Mar  7 16:15:17 CET 2018] scale:10000000 groups:100 work_mem:256MB incremental:on max_workers:0 =====
SELECT * FROM s_1 ORDER BY a, b LIMIT 100000
                                                   QUERY PLAN                                                   
----------------------------------------------------------------------------------------------------------------
 Limit  (cost=14415.81..14415.81 rows=1 width=20)
   ->  Limit  (cost=11664.62..13415.81 rows=100000 width=20)
         ->  Incremental Sort  (cost=11664.62..186782.28 rows=9999939 width=20)
               Sort Key: s_1.a, s_1.b
               Presorted Key: s_1.a
               ->  Index Only Scan using s_1_a_e_d_c_b_idx on s_1  (cost=0.56..348311.65 rows=9999939 width=20)
(6 rows)

===== 122 [Wed Mar  7 16:15:17 CET 2018] scale:10000000 groups:100 work_mem:256MB incremental:on max_workers:0 =====
SELECT * FROM s_2 ORDER BY a, b, c LIMIT 100000
                                                   QUERY PLAN                                                   
----------------------------------------------------------------------------------------------------------------
 Limit  (cost=2919.14..2919.14 rows=1 width=20)
   ->  Limit  (cost=83.41..1919.14 rows=100000 width=20)
         ->  Incremental Sort  (cost=83.41..183655.18 rows=9999939 width=20)
               Sort Key: s_2.a, s_2.b, s_2.c
               Presorted Key: s_2.a, s_2.b
               ->  Index Only Scan using s_2_a_b_e_d_c_idx on s_2  (cost=0.56..348311.65 rows=9999939 width=20)
(6 rows)

===== 123 [Wed Mar  7 16:15:17 CET 2018] scale:10000000 groups:100 work_mem:256MB incremental:on max_workers:0 =====
SELECT * FROM s_3 ORDER BY a, b, c, d LIMIT 100000
                                                   QUERY PLAN                                                    
-----------------------------------------------------------------------------------------------------------------
 Limit  (cost=3002.51..3002.51 rows=1 width=20)
   ->  Limit  (cost=1.07..2002.51 rows=100000 width=20)
         ->  Incremental Sort  (cost=1.07..200145.68 rows=10000054 width=20)
               Sort Key: s_3.a, s_3.b, s_3.c, s_3.d
               Presorted Key: s_3.a, s_3.b, s_3.c
               ->  Index Only Scan using s_3_a_b_c_e_d_idx on s_3  (cost=0.56..348313.37 rows=10000054 width=20)
(6 rows)

===== 124 [Wed Mar  7 16:15:18 CET 2018] scale:10000000 groups:100 work_mem:256MB incremental:off max_workers:0 =====
SELECT * FROM s_1 ORDER BY a, b LIMIT 100000
                                   QUERY PLAN                                    
---------------------------------------------------------------------------------
 Limit  (cost=1045421.04..1045421.04 rows=1 width=20)
   ->  Limit  (cost=1044171.04..1044421.04 rows=100000 width=20)
         ->  Sort  (cost=1044171.04..1069170.89 rows=9999939 width=20)
               Sort Key: s_1.a, s_1.b
               ->  Seq Scan on s_1  (cost=0.00..163694.39 rows=9999939 width=20)
(5 rows)

===== 125 [Wed Mar  7 16:15:24 CET 2018] scale:10000000 groups:100 work_mem:256MB incremental:off max_workers:0 =====
SELECT * FROM s_2 ORDER BY a, b, c LIMIT 100000
                                   QUERY PLAN                                    
---------------------------------------------------------------------------------
 Limit  (cost=1045421.04..1045421.04 rows=1 width=20)
   ->  Limit  (cost=1044171.04..1044421.04 rows=100000 width=20)
         ->  Sort  (cost=1044171.04..1069170.89 rows=9999939 width=20)
               Sort Key: s_2.a, s_2.b, s_2.c
               ->  Seq Scan on s_2  (cost=0.00..163694.39 rows=9999939 width=20)
(5 rows)

===== 126 [Wed Mar  7 16:15:31 CET 2018] scale:10000000 groups:100 work_mem:256MB incremental:off max_workers:0 =====
SELECT * FROM s_3 ORDER BY a, b, c, d LIMIT 100000
                                    QUERY PLAN                                    
----------------------------------------------------------------------------------
 Limit  (cost=1045432.32..1045432.32 rows=1 width=20)
   ->  Limit  (cost=1044182.32..1044432.32 rows=100000 width=20)
         ->  Sort  (cost=1044182.32..1069182.45 rows=10000054 width=20)
               Sort Key: s_3.a, s_3.b, s_3.c, s_3.d
               ->  Seq Scan on s_3  (cost=0.00..163695.54 rows=10000054 width=20)
(5 rows)

===== 127 [Wed Mar  7 16:15:37 CET 2018] scale:10000000 groups:100 work_mem:4MB incremental:on max_workers:2 =====
SELECT * FROM s_1 ORDER BY a, b LIMIT 100000
                                                   QUERY PLAN                                                   
----------------------------------------------------------------------------------------------------------------
 Limit  (cost=16449.51..16449.51 rows=1 width=20)
   ->  Limit  (cost=13698.12..15449.51 rows=100000 width=20)
         ->  Incremental Sort  (cost=13698.12..188836.13 rows=9999939 width=20)
               Sort Key: s_1.a, s_1.b
               Presorted Key: s_1.a
               ->  Index Only Scan using s_1_a_e_d_c_b_idx on s_1  (cost=0.56..348311.65 rows=9999939 width=20)
(6 rows)

===== 128 [Wed Mar  7 16:15:38 CET 2018] scale:10000000 groups:100 work_mem:4MB incremental:on max_workers:2 =====
SELECT * FROM s_2 ORDER BY a, b, c LIMIT 100000
                                                   QUERY PLAN                                                   
----------------------------------------------------------------------------------------------------------------
 Limit  (cost=2919.14..2919.14 rows=1 width=20)
   ->  Limit  (cost=83.41..1919.14 rows=100000 width=20)
         ->  Incremental Sort  (cost=83.41..183655.18 rows=9999939 width=20)
               Sort Key: s_2.a, s_2.b, s_2.c
               Presorted Key: s_2.a, s_2.b
               ->  Index Only Scan using s_2_a_b_e_d_c_idx on s_2  (cost=0.56..348311.65 rows=9999939 width=20)
(6 rows)

===== 129 [Wed Mar  7 16:15:38 CET 2018] scale:10000000 groups:100 work_mem:4MB incremental:on max_workers:2 =====
SELECT * FROM s_3 ORDER BY a, b, c, d LIMIT 100000
                                                   QUERY PLAN                                                    
-----------------------------------------------------------------------------------------------------------------
 Limit  (cost=3002.51..3002.51 rows=1 width=20)
   ->  Limit  (cost=1.07..2002.51 rows=100000 width=20)
         ->  Incremental Sort  (cost=1.07..200145.68 rows=10000054 width=20)
               Sort Key: s_3.a, s_3.b, s_3.c, s_3.d
               Presorted Key: s_3.a, s_3.b, s_3.c
               ->  Index Only Scan using s_3_a_b_c_e_d_idx on s_3  (cost=0.56..348313.37 rows=10000054 width=20)
(6 rows)

===== 130 [Wed Mar  7 16:15:38 CET 2018] scale:10000000 groups:100 work_mem:4MB incremental:off max_workers:2 =====
SELECT * FROM s_1 ORDER BY a, b LIMIT 100000
                                           QUERY PLAN                                           
------------------------------------------------------------------------------------------------
 Limit  (cost=748058.54..748058.54 rows=1 width=20)
   ->  Limit  (cost=735391.06..747058.54 rows=100000 width=20)
         ->  Gather Merge  (cost=735391.06..1707675.17 rows=8333282 width=20)
               Workers Planned: 2
               ->  Sort  (cost=734391.04..744807.64 rows=4166641 width=20)
                     Sort Key: s_1.a, s_1.b
                     ->  Parallel Seq Scan on s_1  (cost=0.00..105361.41 rows=4166641 width=20)
(7 rows)

===== 131 [Wed Mar  7 16:15:48 CET 2018] scale:10000000 groups:100 work_mem:4MB incremental:off max_workers:2 =====
SELECT * FROM s_2 ORDER BY a, b, c LIMIT 100000
                                           QUERY PLAN                                           
------------------------------------------------------------------------------------------------
 Limit  (cost=748058.54..748058.54 rows=1 width=20)
   ->  Limit  (cost=735391.06..747058.54 rows=100000 width=20)
         ->  Gather Merge  (cost=735391.06..1707675.17 rows=8333282 width=20)
               Workers Planned: 2
               ->  Sort  (cost=734391.04..744807.64 rows=4166641 width=20)
                     Sort Key: s_2.a, s_2.b, s_2.c
                     ->  Parallel Seq Scan on s_2  (cost=0.00..105361.41 rows=4166641 width=20)
(7 rows)

===== 132 [Wed Mar  7 16:15:59 CET 2018] scale:10000000 groups:100 work_mem:4MB incremental:off max_workers:2 =====
SELECT * FROM s_3 ORDER BY a, b, c, d LIMIT 100000
                                           QUERY PLAN                                           
------------------------------------------------------------------------------------------------
 Limit  (cost=748071.64..748071.64 rows=1 width=20)
   ->  Limit  (cost=735404.16..747071.64 rows=100000 width=20)
         ->  Gather Merge  (cost=735404.16..1707699.48 rows=8333378 width=20)
               Workers Planned: 2
               ->  Sort  (cost=734404.14..744820.86 rows=4166689 width=20)
                     Sort Key: s_3.a, s_3.b, s_3.c, s_3.d
                     ->  Parallel Seq Scan on s_3  (cost=0.00..105361.89 rows=4166689 width=20)
(7 rows)

===== 133 [Wed Mar  7 16:16:12 CET 2018] scale:10000000 groups:100 work_mem:8MB incremental:on max_workers:2 =====
SELECT * FROM s_1 ORDER BY a, b LIMIT 100000
                                                   QUERY PLAN                                                   
----------------------------------------------------------------------------------------------------------------
 Limit  (cost=14415.81..14415.81 rows=1 width=20)
   ->  Limit  (cost=11664.62..13415.81 rows=100000 width=20)
         ->  Incremental Sort  (cost=11664.62..186782.28 rows=9999939 width=20)
               Sort Key: s_1.a, s_1.b
               Presorted Key: s_1.a
               ->  Index Only Scan using s_1_a_e_d_c_b_idx on s_1  (cost=0.56..348311.65 rows=9999939 width=20)
(6 rows)

===== 134 [Wed Mar  7 16:16:12 CET 2018] scale:10000000 groups:100 work_mem:8MB incremental:on max_workers:2 =====
SELECT * FROM s_2 ORDER BY a, b, c LIMIT 100000
                                                   QUERY PLAN                                                   
----------------------------------------------------------------------------------------------------------------
 Limit  (cost=2919.14..2919.14 rows=1 width=20)
   ->  Limit  (cost=83.41..1919.14 rows=100000 width=20)
         ->  Incremental Sort  (cost=83.41..183655.18 rows=9999939 width=20)
               Sort Key: s_2.a, s_2.b, s_2.c
               Presorted Key: s_2.a, s_2.b
               ->  Index Only Scan using s_2_a_b_e_d_c_idx on s_2  (cost=0.56..348311.65 rows=9999939 width=20)
(6 rows)

===== 135 [Wed Mar  7 16:16:13 CET 2018] scale:10000000 groups:100 work_mem:8MB incremental:on max_workers:2 =====
SELECT * FROM s_3 ORDER BY a, b, c, d LIMIT 100000
                                                   QUERY PLAN                                                    
-----------------------------------------------------------------------------------------------------------------
 Limit  (cost=3002.51..3002.51 rows=1 width=20)
   ->  Limit  (cost=1.07..2002.51 rows=100000 width=20)
         ->  Incremental Sort  (cost=1.07..200145.68 rows=10000054 width=20)
               Sort Key: s_3.a, s_3.b, s_3.c, s_3.d
               Presorted Key: s_3.a, s_3.b, s_3.c
               ->  Index Only Scan using s_3_a_b_c_e_d_idx on s_3  (cost=0.56..348313.37 rows=10000054 width=20)
(6 rows)

===== 136 [Wed Mar  7 16:16:13 CET 2018] scale:10000000 groups:100 work_mem:8MB incremental:off max_workers:2 =====
SELECT * FROM s_1 ORDER BY a, b LIMIT 100000
                                           QUERY PLAN                                           
------------------------------------------------------------------------------------------------
 Limit  (cost=485894.17..485894.17 rows=1 width=20)
   ->  Limit  (cost=473226.69..484894.17 rows=100000 width=20)
         ->  Gather Merge  (cost=473226.69..1445510.80 rows=8333282 width=20)
               Workers Planned: 2
               ->  Sort  (cost=472226.66..482643.26 rows=4166641 width=20)
                     Sort Key: s_1.a, s_1.b
                     ->  Parallel Seq Scan on s_1  (cost=0.00..105361.41 rows=4166641 width=20)
(7 rows)

===== 137 [Wed Mar  7 16:16:22 CET 2018] scale:10000000 groups:100 work_mem:8MB incremental:off max_workers:2 =====
SELECT * FROM s_2 ORDER BY a, b, c LIMIT 100000
                                           QUERY PLAN                                           
------------------------------------------------------------------------------------------------
 Limit  (cost=485894.17..485894.17 rows=1 width=20)
   ->  Limit  (cost=473226.69..484894.17 rows=100000 width=20)
         ->  Gather Merge  (cost=473226.69..1445510.80 rows=8333282 width=20)
               Workers Planned: 2
               ->  Sort  (cost=472226.66..482643.26 rows=4166641 width=20)
                     Sort Key: s_2.a, s_2.b, s_2.c
                     ->  Parallel Seq Scan on s_2  (cost=0.00..105361.41 rows=4166641 width=20)
(7 rows)

===== 138 [Wed Mar  7 16:16:32 CET 2018] scale:10000000 groups:100 work_mem:8MB incremental:off max_workers:2 =====
SELECT * FROM s_3 ORDER BY a, b, c, d LIMIT 100000
                                           QUERY PLAN                                           
------------------------------------------------------------------------------------------------
 Limit  (cost=485898.87..485898.87 rows=1 width=20)
   ->  Limit  (cost=473231.39..484898.87 rows=100000 width=20)
         ->  Gather Merge  (cost=473231.39..1445526.71 rows=8333378 width=20)
               Workers Planned: 2
               ->  Sort  (cost=472231.37..482648.09 rows=4166689 width=20)
                     Sort Key: s_3.a, s_3.b, s_3.c, s_3.d
                     ->  Parallel Seq Scan on s_3  (cost=0.00..105361.89 rows=4166689 width=20)
(7 rows)

===== 139 [Wed Mar  7 16:16:43 CET 2018] scale:10000000 groups:100 work_mem:16MB incremental:on max_workers:2 =====
SELECT * FROM s_1 ORDER BY a, b LIMIT 100000
                                                   QUERY PLAN                                                   
----------------------------------------------------------------------------------------------------------------
 Limit  (cost=14415.81..14415.81 rows=1 width=20)
   ->  Limit  (cost=11664.62..13415.81 rows=100000 width=20)
         ->  Incremental Sort  (cost=11664.62..186782.28 rows=9999939 width=20)
               Sort Key: s_1.a, s_1.b
               Presorted Key: s_1.a
               ->  Index Only Scan using s_1_a_e_d_c_b_idx on s_1  (cost=0.56..348311.65 rows=9999939 width=20)
(6 rows)

===== 140 [Wed Mar  7 16:16:44 CET 2018] scale:10000000 groups:100 work_mem:16MB incremental:on max_workers:2 =====
SELECT * FROM s_2 ORDER BY a, b, c LIMIT 100000
                                                   QUERY PLAN                                                   
----------------------------------------------------------------------------------------------------------------
 Limit  (cost=2919.14..2919.14 rows=1 width=20)
   ->  Limit  (cost=83.41..1919.14 rows=100000 width=20)
         ->  Incremental Sort  (cost=83.41..183655.18 rows=9999939 width=20)
               Sort Key: s_2.a, s_2.b, s_2.c
               Presorted Key: s_2.a, s_2.b
               ->  Index Only Scan using s_2_a_b_e_d_c_idx on s_2  (cost=0.56..348311.65 rows=9999939 width=20)
(6 rows)

===== 141 [Wed Mar  7 16:16:44 CET 2018] scale:10000000 groups:100 work_mem:16MB incremental:on max_workers:2 =====
SELECT * FROM s_3 ORDER BY a, b, c, d LIMIT 100000
                                                   QUERY PLAN                                                    
-----------------------------------------------------------------------------------------------------------------
 Limit  (cost=3002.51..3002.51 rows=1 width=20)
   ->  Limit  (cost=1.07..2002.51 rows=100000 width=20)
         ->  Incremental Sort  (cost=1.07..200145.68 rows=10000054 width=20)
               Sort Key: s_3.a, s_3.b, s_3.c, s_3.d
               Presorted Key: s_3.a, s_3.b, s_3.c
               ->  Index Only Scan using s_3_a_b_c_e_d_idx on s_3  (cost=0.56..348313.37 rows=10000054 width=20)
(6 rows)

===== 142 [Wed Mar  7 16:16:45 CET 2018] scale:10000000 groups:100 work_mem:16MB incremental:off max_workers:2 =====
SELECT * FROM s_1 ORDER BY a, b LIMIT 100000
                                           QUERY PLAN                                           
------------------------------------------------------------------------------------------------
 Limit  (cost=485894.17..485894.17 rows=1 width=20)
   ->  Limit  (cost=473226.69..484894.17 rows=100000 width=20)
         ->  Gather Merge  (cost=473226.69..1445510.80 rows=8333282 width=20)
               Workers Planned: 2
               ->  Sort  (cost=472226.66..482643.26 rows=4166641 width=20)
                     Sort Key: s_1.a, s_1.b
                     ->  Parallel Seq Scan on s_1  (cost=0.00..105361.41 rows=4166641 width=20)
(7 rows)

===== 143 [Wed Mar  7 16:16:53 CET 2018] scale:10000000 groups:100 work_mem:16MB incremental:off max_workers:2 =====
SELECT * FROM s_2 ORDER BY a, b, c LIMIT 100000
                                           QUERY PLAN                                           
------------------------------------------------------------------------------------------------
 Limit  (cost=485894.17..485894.17 rows=1 width=20)
   ->  Limit  (cost=473226.69..484894.17 rows=100000 width=20)
         ->  Gather Merge  (cost=473226.69..1445510.80 rows=8333282 width=20)
               Workers Planned: 2
               ->  Sort  (cost=472226.66..482643.26 rows=4166641 width=20)
                     Sort Key: s_2.a, s_2.b, s_2.c
                     ->  Parallel Seq Scan on s_2  (cost=0.00..105361.41 rows=4166641 width=20)
(7 rows)

===== 144 [Wed Mar  7 16:17:03 CET 2018] scale:10000000 groups:100 work_mem:16MB incremental:off max_workers:2 =====
SELECT * FROM s_3 ORDER BY a, b, c, d LIMIT 100000
                                           QUERY PLAN                                           
------------------------------------------------------------------------------------------------
 Limit  (cost=485898.87..485898.87 rows=1 width=20)
   ->  Limit  (cost=473231.39..484898.87 rows=100000 width=20)
         ->  Gather Merge  (cost=473231.39..1445526.71 rows=8333378 width=20)
               Workers Planned: 2
               ->  Sort  (cost=472231.37..482648.09 rows=4166689 width=20)
                     Sort Key: s_3.a, s_3.b, s_3.c, s_3.d
                     ->  Parallel Seq Scan on s_3  (cost=0.00..105361.89 rows=4166689 width=20)
(7 rows)

===== 145 [Wed Mar  7 16:17:14 CET 2018] scale:10000000 groups:100 work_mem:32MB incremental:on max_workers:2 =====
SELECT * FROM s_1 ORDER BY a, b LIMIT 100000
                                                   QUERY PLAN                                                   
----------------------------------------------------------------------------------------------------------------
 Limit  (cost=14415.81..14415.81 rows=1 width=20)
   ->  Limit  (cost=11664.62..13415.81 rows=100000 width=20)
         ->  Incremental Sort  (cost=11664.62..186782.28 rows=9999939 width=20)
               Sort Key: s_1.a, s_1.b
               Presorted Key: s_1.a
               ->  Index Only Scan using s_1_a_e_d_c_b_idx on s_1  (cost=0.56..348311.65 rows=9999939 width=20)
(6 rows)

===== 146 [Wed Mar  7 16:17:15 CET 2018] scale:10000000 groups:100 work_mem:32MB incremental:on max_workers:2 =====
SELECT * FROM s_2 ORDER BY a, b, c LIMIT 100000
                                                   QUERY PLAN                                                   
----------------------------------------------------------------------------------------------------------------
 Limit  (cost=2919.14..2919.14 rows=1 width=20)
   ->  Limit  (cost=83.41..1919.14 rows=100000 width=20)
         ->  Incremental Sort  (cost=83.41..183655.18 rows=9999939 width=20)
               Sort Key: s_2.a, s_2.b, s_2.c
               Presorted Key: s_2.a, s_2.b
               ->  Index Only Scan using s_2_a_b_e_d_c_idx on s_2  (cost=0.56..348311.65 rows=9999939 width=20)
(6 rows)

===== 147 [Wed Mar  7 16:17:15 CET 2018] scale:10000000 groups:100 work_mem:32MB incremental:on max_workers:2 =====
SELECT * FROM s_3 ORDER BY a, b, c, d LIMIT 100000
                                                   QUERY PLAN                                                    
-----------------------------------------------------------------------------------------------------------------
 Limit  (cost=3002.51..3002.51 rows=1 width=20)
   ->  Limit  (cost=1.07..2002.51 rows=100000 width=20)
         ->  Incremental Sort  (cost=1.07..200145.68 rows=10000054 width=20)
               Sort Key: s_3.a, s_3.b, s_3.c, s_3.d
               Presorted Key: s_3.a, s_3.b, s_3.c
               ->  Index Only Scan using s_3_a_b_c_e_d_idx on s_3  (cost=0.56..348313.37 rows=10000054 width=20)
(6 rows)

===== 148 [Wed Mar  7 16:17:15 CET 2018] scale:10000000 groups:100 work_mem:32MB incremental:off max_workers:2 =====
SELECT * FROM s_1 ORDER BY a, b LIMIT 100000
                                           QUERY PLAN                                           
------------------------------------------------------------------------------------------------
 Limit  (cost=485894.17..485894.17 rows=1 width=20)
   ->  Limit  (cost=473226.69..484894.17 rows=100000 width=20)
         ->  Gather Merge  (cost=473226.69..1445510.80 rows=8333282 width=20)
               Workers Planned: 2
               ->  Sort  (cost=472226.66..482643.26 rows=4166641 width=20)
                     Sort Key: s_1.a, s_1.b
                     ->  Parallel Seq Scan on s_1  (cost=0.00..105361.41 rows=4166641 width=20)
(7 rows)

===== 149 [Wed Mar  7 16:17:18 CET 2018] scale:10000000 groups:100 work_mem:32MB incremental:off max_workers:2 =====
SELECT * FROM s_2 ORDER BY a, b, c LIMIT 100000
                                           QUERY PLAN                                           
------------------------------------------------------------------------------------------------
 Limit  (cost=485894.17..485894.17 rows=1 width=20)
   ->  Limit  (cost=473226.69..484894.17 rows=100000 width=20)
         ->  Gather Merge  (cost=473226.69..1445510.80 rows=8333282 width=20)
               Workers Planned: 2
               ->  Sort  (cost=472226.66..482643.26 rows=4166641 width=20)
                     Sort Key: s_2.a, s_2.b, s_2.c
                     ->  Parallel Seq Scan on s_2  (cost=0.00..105361.41 rows=4166641 width=20)
(7 rows)

===== 150 [Wed Mar  7 16:17:21 CET 2018] scale:10000000 groups:100 work_mem:32MB incremental:off max_workers:2 =====
SELECT * FROM s_3 ORDER BY a, b, c, d LIMIT 100000
                                           QUERY PLAN                                           
------------------------------------------------------------------------------------------------
 Limit  (cost=485898.87..485898.87 rows=1 width=20)
   ->  Limit  (cost=473231.39..484898.87 rows=100000 width=20)
         ->  Gather Merge  (cost=473231.39..1445526.71 rows=8333378 width=20)
               Workers Planned: 2
               ->  Sort  (cost=472231.37..482648.09 rows=4166689 width=20)
                     Sort Key: s_3.a, s_3.b, s_3.c, s_3.d
                     ->  Parallel Seq Scan on s_3  (cost=0.00..105361.89 rows=4166689 width=20)
(7 rows)

===== 151 [Wed Mar  7 16:17:23 CET 2018] scale:10000000 groups:100 work_mem:64MB incremental:on max_workers:2 =====
SELECT * FROM s_1 ORDER BY a, b LIMIT 100000
                                                   QUERY PLAN                                                   
----------------------------------------------------------------------------------------------------------------
 Limit  (cost=14415.81..14415.81 rows=1 width=20)
   ->  Limit  (cost=11664.62..13415.81 rows=100000 width=20)
         ->  Incremental Sort  (cost=11664.62..186782.28 rows=9999939 width=20)
               Sort Key: s_1.a, s_1.b
               Presorted Key: s_1.a
               ->  Index Only Scan using s_1_a_e_d_c_b_idx on s_1  (cost=0.56..348311.65 rows=9999939 width=20)
(6 rows)

===== 152 [Wed Mar  7 16:17:24 CET 2018] scale:10000000 groups:100 work_mem:64MB incremental:on max_workers:2 =====
SELECT * FROM s_2 ORDER BY a, b, c LIMIT 100000
                                                   QUERY PLAN                                                   
----------------------------------------------------------------------------------------------------------------
 Limit  (cost=2919.14..2919.14 rows=1 width=20)
   ->  Limit  (cost=83.41..1919.14 rows=100000 width=20)
         ->  Incremental Sort  (cost=83.41..183655.18 rows=9999939 width=20)
               Sort Key: s_2.a, s_2.b, s_2.c
               Presorted Key: s_2.a, s_2.b
               ->  Index Only Scan using s_2_a_b_e_d_c_idx on s_2  (cost=0.56..348311.65 rows=9999939 width=20)
(6 rows)

===== 153 [Wed Mar  7 16:17:24 CET 2018] scale:10000000 groups:100 work_mem:64MB incremental:on max_workers:2 =====
SELECT * FROM s_3 ORDER BY a, b, c, d LIMIT 100000
                                                   QUERY PLAN                                                    
-----------------------------------------------------------------------------------------------------------------
 Limit  (cost=3002.51..3002.51 rows=1 width=20)
   ->  Limit  (cost=1.07..2002.51 rows=100000 width=20)
         ->  Incremental Sort  (cost=1.07..200145.68 rows=10000054 width=20)
               Sort Key: s_3.a, s_3.b, s_3.c, s_3.d
               Presorted Key: s_3.a, s_3.b, s_3.c
               ->  Index Only Scan using s_3_a_b_c_e_d_idx on s_3  (cost=0.56..348313.37 rows=10000054 width=20)
(6 rows)

===== 154 [Wed Mar  7 16:17:24 CET 2018] scale:10000000 groups:100 work_mem:64MB incremental:off max_workers:2 =====
SELECT * FROM s_1 ORDER BY a, b LIMIT 100000
                                           QUERY PLAN                                           
------------------------------------------------------------------------------------------------
 Limit  (cost=485894.17..485894.17 rows=1 width=20)
   ->  Limit  (cost=473226.69..484894.17 rows=100000 width=20)
         ->  Gather Merge  (cost=473226.69..1445510.80 rows=8333282 width=20)
               Workers Planned: 2
               ->  Sort  (cost=472226.66..482643.26 rows=4166641 width=20)
                     Sort Key: s_1.a, s_1.b
                     ->  Parallel Seq Scan on s_1  (cost=0.00..105361.41 rows=4166641 width=20)
(7 rows)

===== 155 [Wed Mar  7 16:17:27 CET 2018] scale:10000000 groups:100 work_mem:64MB incremental:off max_workers:2 =====
SELECT * FROM s_2 ORDER BY a, b, c LIMIT 100000
                                           QUERY PLAN                                           
------------------------------------------------------------------------------------------------
 Limit  (cost=485894.17..485894.17 rows=1 width=20)
   ->  Limit  (cost=473226.69..484894.17 rows=100000 width=20)
         ->  Gather Merge  (cost=473226.69..1445510.80 rows=8333282 width=20)
               Workers Planned: 2
               ->  Sort  (cost=472226.66..482643.26 rows=4166641 width=20)
                     Sort Key: s_2.a, s_2.b, s_2.c
                     ->  Parallel Seq Scan on s_2  (cost=0.00..105361.41 rows=4166641 width=20)
(7 rows)

===== 156 [Wed Mar  7 16:17:30 CET 2018] scale:10000000 groups:100 work_mem:64MB incremental:off max_workers:2 =====
SELECT * FROM s_3 ORDER BY a, b, c, d LIMIT 100000
                                           QUERY PLAN                                           
------------------------------------------------------------------------------------------------
 Limit  (cost=485898.87..485898.87 rows=1 width=20)
   ->  Limit  (cost=473231.39..484898.87 rows=100000 width=20)
         ->  Gather Merge  (cost=473231.39..1445526.71 rows=8333378 width=20)
               Workers Planned: 2
               ->  Sort  (cost=472231.37..482648.09 rows=4166689 width=20)
                     Sort Key: s_3.a, s_3.b, s_3.c, s_3.d
                     ->  Parallel Seq Scan on s_3  (cost=0.00..105361.89 rows=4166689 width=20)
(7 rows)

===== 157 [Wed Mar  7 16:17:33 CET 2018] scale:10000000 groups:100 work_mem:128MB incremental:on max_workers:2 =====
SELECT * FROM s_1 ORDER BY a, b LIMIT 100000
                                                   QUERY PLAN                                                   
----------------------------------------------------------------------------------------------------------------
 Limit  (cost=14415.81..14415.81 rows=1 width=20)
   ->  Limit  (cost=11664.62..13415.81 rows=100000 width=20)
         ->  Incremental Sort  (cost=11664.62..186782.28 rows=9999939 width=20)
               Sort Key: s_1.a, s_1.b
               Presorted Key: s_1.a
               ->  Index Only Scan using s_1_a_e_d_c_b_idx on s_1  (cost=0.56..348311.65 rows=9999939 width=20)
(6 rows)

===== 158 [Wed Mar  7 16:17:33 CET 2018] scale:10000000 groups:100 work_mem:128MB incremental:on max_workers:2 =====
SELECT * FROM s_2 ORDER BY a, b, c LIMIT 100000
                                                   QUERY PLAN                                                   
----------------------------------------------------------------------------------------------------------------
 Limit  (cost=2919.14..2919.14 rows=1 width=20)
   ->  Limit  (cost=83.41..1919.14 rows=100000 width=20)
         ->  Incremental Sort  (cost=83.41..183655.18 rows=9999939 width=20)
               Sort Key: s_2.a, s_2.b, s_2.c
               Presorted Key: s_2.a, s_2.b
               ->  Index Only Scan using s_2_a_b_e_d_c_idx on s_2  (cost=0.56..348311.65 rows=9999939 width=20)
(6 rows)

===== 159 [Wed Mar  7 16:17:33 CET 2018] scale:10000000 groups:100 work_mem:128MB incremental:on max_workers:2 =====
SELECT * FROM s_3 ORDER BY a, b, c, d LIMIT 100000
                                                   QUERY PLAN                                                    
-----------------------------------------------------------------------------------------------------------------
 Limit  (cost=3002.51..3002.51 rows=1 width=20)
   ->  Limit  (cost=1.07..2002.51 rows=100000 width=20)
         ->  Incremental Sort  (cost=1.07..200145.68 rows=10000054 width=20)
               Sort Key: s_3.a, s_3.b, s_3.c, s_3.d
               Presorted Key: s_3.a, s_3.b, s_3.c
               ->  Index Only Scan using s_3_a_b_c_e_d_idx on s_3  (cost=0.56..348313.37 rows=10000054 width=20)
(6 rows)

===== 160 [Wed Mar  7 16:17:34 CET 2018] scale:10000000 groups:100 work_mem:128MB incremental:off max_workers:2 =====
SELECT * FROM s_1 ORDER BY a, b LIMIT 100000
                                           QUERY PLAN                                           
------------------------------------------------------------------------------------------------
 Limit  (cost=485894.17..485894.17 rows=1 width=20)
   ->  Limit  (cost=473226.69..484894.17 rows=100000 width=20)
         ->  Gather Merge  (cost=473226.69..1445510.80 rows=8333282 width=20)
               Workers Planned: 2
               ->  Sort  (cost=472226.66..482643.26 rows=4166641 width=20)
                     Sort Key: s_1.a, s_1.b
                     ->  Parallel Seq Scan on s_1  (cost=0.00..105361.41 rows=4166641 width=20)
(7 rows)

===== 161 [Wed Mar  7 16:17:36 CET 2018] scale:10000000 groups:100 work_mem:128MB incremental:off max_workers:2 =====
SELECT * FROM s_2 ORDER BY a, b, c LIMIT 100000
                                           QUERY PLAN                                           
------------------------------------------------------------------------------------------------
 Limit  (cost=485894.17..485894.17 rows=1 width=20)
   ->  Limit  (cost=473226.69..484894.17 rows=100000 width=20)
         ->  Gather Merge  (cost=473226.69..1445510.80 rows=8333282 width=20)
               Workers Planned: 2
               ->  Sort  (cost=472226.66..482643.26 rows=4166641 width=20)
                     Sort Key: s_2.a, s_2.b, s_2.c
                     ->  Parallel Seq Scan on s_2  (cost=0.00..105361.41 rows=4166641 width=20)
(7 rows)

===== 162 [Wed Mar  7 16:17:39 CET 2018] scale:10000000 groups:100 work_mem:128MB incremental:off max_workers:2 =====
SELECT * FROM s_3 ORDER BY a, b, c, d LIMIT 100000
                                           QUERY PLAN                                           
------------------------------------------------------------------------------------------------
 Limit  (cost=485898.87..485898.87 rows=1 width=20)
   ->  Limit  (cost=473231.39..484898.87 rows=100000 width=20)
         ->  Gather Merge  (cost=473231.39..1445526.71 rows=8333378 width=20)
               Workers Planned: 2
               ->  Sort  (cost=472231.37..482648.09 rows=4166689 width=20)
                     Sort Key: s_3.a, s_3.b, s_3.c, s_3.d
                     ->  Parallel Seq Scan on s_3  (cost=0.00..105361.89 rows=4166689 width=20)
(7 rows)

===== 163 [Wed Mar  7 16:17:42 CET 2018] scale:10000000 groups:100 work_mem:256MB incremental:on max_workers:2 =====
SELECT * FROM s_1 ORDER BY a, b LIMIT 100000
                                                   QUERY PLAN                                                   
----------------------------------------------------------------------------------------------------------------
 Limit  (cost=14415.81..14415.81 rows=1 width=20)
   ->  Limit  (cost=11664.62..13415.81 rows=100000 width=20)
         ->  Incremental Sort  (cost=11664.62..186782.28 rows=9999939 width=20)
               Sort Key: s_1.a, s_1.b
               Presorted Key: s_1.a
               ->  Index Only Scan using s_1_a_e_d_c_b_idx on s_1  (cost=0.56..348311.65 rows=9999939 width=20)
(6 rows)

===== 164 [Wed Mar  7 16:17:42 CET 2018] scale:10000000 groups:100 work_mem:256MB incremental:on max_workers:2 =====
SELECT * FROM s_2 ORDER BY a, b, c LIMIT 100000
                                                   QUERY PLAN                                                   
----------------------------------------------------------------------------------------------------------------
 Limit  (cost=2919.14..2919.14 rows=1 width=20)
   ->  Limit  (cost=83.41..1919.14 rows=100000 width=20)
         ->  Incremental Sort  (cost=83.41..183655.18 rows=9999939 width=20)
               Sort Key: s_2.a, s_2.b, s_2.c
               Presorted Key: s_2.a, s_2.b
               ->  Index Only Scan using s_2_a_b_e_d_c_idx on s_2  (cost=0.56..348311.65 rows=9999939 width=20)
(6 rows)

===== 165 [Wed Mar  7 16:17:43 CET 2018] scale:10000000 groups:100 work_mem:256MB incremental:on max_workers:2 =====
SELECT * FROM s_3 ORDER BY a, b, c, d LIMIT 100000
                                                   QUERY PLAN                                                    
-----------------------------------------------------------------------------------------------------------------
 Limit  (cost=3002.51..3002.51 rows=1 width=20)
   ->  Limit  (cost=1.07..2002.51 rows=100000 width=20)
         ->  Incremental Sort  (cost=1.07..200145.68 rows=10000054 width=20)
               Sort Key: s_3.a, s_3.b, s_3.c, s_3.d
               Presorted Key: s_3.a, s_3.b, s_3.c
               ->  Index Only Scan using s_3_a_b_c_e_d_idx on s_3  (cost=0.56..348313.37 rows=10000054 width=20)
(6 rows)

===== 166 [Wed Mar  7 16:17:43 CET 2018] scale:10000000 groups:100 work_mem:256MB incremental:off max_workers:2 =====
SELECT * FROM s_1 ORDER BY a, b LIMIT 100000
                                           QUERY PLAN                                           
------------------------------------------------------------------------------------------------
 Limit  (cost=485894.17..485894.17 rows=1 width=20)
   ->  Limit  (cost=473226.69..484894.17 rows=100000 width=20)
         ->  Gather Merge  (cost=473226.69..1445510.80 rows=8333282 width=20)
               Workers Planned: 2
               ->  Sort  (cost=472226.66..482643.26 rows=4166641 width=20)
                     Sort Key: s_1.a, s_1.b
                     ->  Parallel Seq Scan on s_1  (cost=0.00..105361.41 rows=4166641 width=20)
(7 rows)

===== 167 [Wed Mar  7 16:17:46 CET 2018] scale:10000000 groups:100 work_mem:256MB incremental:off max_workers:2 =====
SELECT * FROM s_2 ORDER BY a, b, c LIMIT 100000
                                           QUERY PLAN                                           
------------------------------------------------------------------------------------------------
 Limit  (cost=485894.17..485894.17 rows=1 width=20)
   ->  Limit  (cost=473226.69..484894.17 rows=100000 width=20)
         ->  Gather Merge  (cost=473226.69..1445510.80 rows=8333282 width=20)
               Workers Planned: 2
               ->  Sort  (cost=472226.66..482643.26 rows=4166641 width=20)
                     Sort Key: s_2.a, s_2.b, s_2.c
                     ->  Parallel Seq Scan on s_2  (cost=0.00..105361.41 rows=4166641 width=20)
(7 rows)

===== 168 [Wed Mar  7 16:17:48 CET 2018] scale:10000000 groups:100 work_mem:256MB incremental:off max_workers:2 =====
SELECT * FROM s_3 ORDER BY a, b, c, d LIMIT 100000
                                           QUERY PLAN                                           
------------------------------------------------------------------------------------------------
 Limit  (cost=485898.87..485898.87 rows=1 width=20)
   ->  Limit  (cost=473231.39..484898.87 rows=100000 width=20)
         ->  Gather Merge  (cost=473231.39..1445526.71 rows=8333378 width=20)
               Workers Planned: 2
               ->  Sort  (cost=472231.37..482648.09 rows=4166689 width=20)
                     Sort Key: s_3.a, s_3.b, s_3.c, s_3.d
                     ->  Parallel Seq Scan on s_3  (cost=0.00..105361.89 rows=4166689 width=20)
(7 rows)

===== 169 [Wed Mar  7 16:19:00 CET 2018] scale:10000000 groups:1000 work_mem:4MB incremental:on max_workers:0 =====
SELECT * FROM s_1 ORDER BY a, b LIMIT 100000
                                                   QUERY PLAN                                                   
----------------------------------------------------------------------------------------------------------------
 Limit  (cost=3853.52..3853.52 rows=1 width=20)
   ->  Limit  (cost=1012.17..2853.52 rows=100000 width=20)
         ->  Incremental Sort  (cost=1012.17..185145.78 rows=9999939 width=20)
               Sort Key: s_1.a, s_1.b
               Presorted Key: s_1.a
               ->  Index Only Scan using s_1_a_e_d_c_b_idx on s_1  (cost=0.56..348311.65 rows=9999939 width=20)
(6 rows)

===== 170 [Wed Mar  7 16:19:01 CET 2018] scale:10000000 groups:1000 work_mem:4MB incremental:on max_workers:0 =====
SELECT * FROM s_2 ORDER BY a, b, c LIMIT 100000
                                                   QUERY PLAN                                                    
-----------------------------------------------------------------------------------------------------------------
 Limit  (cost=3002.51..3002.51 rows=1 width=20)
   ->  Limit  (cost=1.07..2002.51 rows=100000 width=20)
         ->  Incremental Sort  (cost=1.07..200145.68 rows=10000054 width=20)
               Sort Key: s_2.a, s_2.b, s_2.c
               Presorted Key: s_2.a, s_2.b
               ->  Index Only Scan using s_2_a_b_e_d_c_idx on s_2  (cost=0.56..348313.37 rows=10000054 width=20)
(6 rows)

===== 171 [Wed Mar  7 16:19:01 CET 2018] scale:10000000 groups:1000 work_mem:4MB incremental:on max_workers:0 =====
SELECT * FROM s_3 ORDER BY a, b, c, d LIMIT 100000
                                                   QUERY PLAN                                                    
-----------------------------------------------------------------------------------------------------------------
 Limit  (cost=3002.51..3002.51 rows=1 width=20)
   ->  Limit  (cost=1.07..2002.51 rows=100000 width=20)
         ->  Incremental Sort  (cost=1.07..200145.68 rows=10000054 width=20)
               Sort Key: s_3.a, s_3.b, s_3.c, s_3.d
               Presorted Key: s_3.a, s_3.b, s_3.c
               ->  Index Only Scan using s_3_a_b_c_e_d_idx on s_3  (cost=0.56..348313.37 rows=10000054 width=20)
(6 rows)

===== 172 [Wed Mar  7 16:19:01 CET 2018] scale:10000000 groups:1000 work_mem:4MB incremental:off max_workers:0 =====
SELECT * FROM s_1 ORDER BY a, b LIMIT 100000
                                   QUERY PLAN                                    
---------------------------------------------------------------------------------
 Limit  (cost=1737769.69..1737769.69 rows=1 width=20)
   ->  Limit  (cost=1736519.69..1736769.69 rows=100000 width=20)
         ->  Sort  (cost=1736519.69..1761519.54 rows=9999939 width=20)
               Sort Key: s_1.a, s_1.b
               ->  Seq Scan on s_1  (cost=0.00..163694.39 rows=9999939 width=20)
(5 rows)

===== 173 [Wed Mar  7 16:19:33 CET 2018] scale:10000000 groups:1000 work_mem:4MB incremental:off max_workers:0 =====
SELECT * FROM s_2 ORDER BY a, b, c LIMIT 100000
                                    QUERY PLAN                                    
----------------------------------------------------------------------------------
 Limit  (cost=1737792.04..1737792.04 rows=1 width=20)
   ->  Limit  (cost=1736542.04..1736792.04 rows=100000 width=20)
         ->  Sort  (cost=1736542.04..1761542.18 rows=10000054 width=20)
               Sort Key: s_2.a, s_2.b, s_2.c
               ->  Seq Scan on s_2  (cost=0.00..163695.54 rows=10000054 width=20)
(5 rows)

===== 174 [Wed Mar  7 16:20:07 CET 2018] scale:10000000 groups:1000 work_mem:4MB incremental:off max_workers:0 =====
SELECT * FROM s_3 ORDER BY a, b, c, d LIMIT 100000
                                    QUERY PLAN                                    
----------------------------------------------------------------------------------
 Limit  (cost=1737792.04..1737792.04 rows=1 width=20)
   ->  Limit  (cost=1736542.04..1736792.04 rows=100000 width=20)
         ->  Sort  (cost=1736542.04..1761542.18 rows=10000054 width=20)
               Sort Key: s_3.a, s_3.b, s_3.c, s_3.d
               ->  Seq Scan on s_3  (cost=0.00..163695.54 rows=10000054 width=20)
(5 rows)

===== 175 [Wed Mar  7 16:20:35 CET 2018] scale:10000000 groups:1000 work_mem:8MB incremental:on max_workers:0 =====
SELECT * FROM s_1 ORDER BY a, b LIMIT 100000
                                                   QUERY PLAN                                                   
----------------------------------------------------------------------------------------------------------------
 Limit  (cost=3853.52..3853.52 rows=1 width=20)
   ->  Limit  (cost=1012.17..2853.52 rows=100000 width=20)
         ->  Incremental Sort  (cost=1012.17..185145.78 rows=9999939 width=20)
               Sort Key: s_1.a, s_1.b
               Presorted Key: s_1.a
               ->  Index Only Scan using s_1_a_e_d_c_b_idx on s_1  (cost=0.56..348311.65 rows=9999939 width=20)
(6 rows)

===== 176 [Wed Mar  7 16:20:35 CET 2018] scale:10000000 groups:1000 work_mem:8MB incremental:on max_workers:0 =====
SELECT * FROM s_2 ORDER BY a, b, c LIMIT 100000
                                                   QUERY PLAN                                                    
-----------------------------------------------------------------------------------------------------------------
 Limit  (cost=3002.51..3002.51 rows=1 width=20)
   ->  Limit  (cost=1.07..2002.51 rows=100000 width=20)
         ->  Incremental Sort  (cost=1.07..200145.68 rows=10000054 width=20)
               Sort Key: s_2.a, s_2.b, s_2.c
               Presorted Key: s_2.a, s_2.b
               ->  Index Only Scan using s_2_a_b_e_d_c_idx on s_2  (cost=0.56..348313.37 rows=10000054 width=20)
(6 rows)

===== 177 [Wed Mar  7 16:20:36 CET 2018] scale:10000000 groups:1000 work_mem:8MB incremental:on max_workers:0 =====
SELECT * FROM s_3 ORDER BY a, b, c, d LIMIT 100000
                                                   QUERY PLAN                                                    
-----------------------------------------------------------------------------------------------------------------
 Limit  (cost=3002.51..3002.51 rows=1 width=20)
   ->  Limit  (cost=1.07..2002.51 rows=100000 width=20)
         ->  Incremental Sort  (cost=1.07..200145.68 rows=10000054 width=20)
               Sort Key: s_3.a, s_3.b, s_3.c, s_3.d
               Presorted Key: s_3.a, s_3.b, s_3.c
               ->  Index Only Scan using s_3_a_b_c_e_d_idx on s_3  (cost=0.56..348313.37 rows=10000054 width=20)
(6 rows)

===== 178 [Wed Mar  7 16:20:36 CET 2018] scale:10000000 groups:1000 work_mem:8MB incremental:off max_workers:0 =====
SELECT * FROM s_1 ORDER BY a, b LIMIT 100000
                                   QUERY PLAN                                    
---------------------------------------------------------------------------------
 Limit  (cost=1045421.04..1045421.04 rows=1 width=20)
   ->  Limit  (cost=1044171.04..1044421.04 rows=100000 width=20)
         ->  Sort  (cost=1044171.04..1069170.89 rows=9999939 width=20)
               Sort Key: s_1.a, s_1.b
               ->  Seq Scan on s_1  (cost=0.00..163694.39 rows=9999939 width=20)
(5 rows)

===== 179 [Wed Mar  7 16:21:05 CET 2018] scale:10000000 groups:1000 work_mem:8MB incremental:off max_workers:0 =====
SELECT * FROM s_2 ORDER BY a, b, c LIMIT 100000
                                    QUERY PLAN                                    
----------------------------------------------------------------------------------
 Limit  (cost=1045432.32..1045432.32 rows=1 width=20)
   ->  Limit  (cost=1044182.32..1044432.32 rows=100000 width=20)
         ->  Sort  (cost=1044182.32..1069182.45 rows=10000054 width=20)
               Sort Key: s_2.a, s_2.b, s_2.c
               ->  Seq Scan on s_2  (cost=0.00..163695.54 rows=10000054 width=20)
(5 rows)

===== 180 [Wed Mar  7 16:21:35 CET 2018] scale:10000000 groups:1000 work_mem:8MB incremental:off max_workers:0 =====
SELECT * FROM s_3 ORDER BY a, b, c, d LIMIT 100000
                                    QUERY PLAN                                    
----------------------------------------------------------------------------------
 Limit  (cost=1045432.32..1045432.32 rows=1 width=20)
   ->  Limit  (cost=1044182.32..1044432.32 rows=100000 width=20)
         ->  Sort  (cost=1044182.32..1069182.45 rows=10000054 width=20)
               Sort Key: s_3.a, s_3.b, s_3.c, s_3.d
               ->  Seq Scan on s_3  (cost=0.00..163695.54 rows=10000054 width=20)
(5 rows)

===== 181 [Wed Mar  7 16:21:59 CET 2018] scale:10000000 groups:1000 work_mem:16MB incremental:on max_workers:0 =====
SELECT * FROM s_1 ORDER BY a, b LIMIT 100000
                                                   QUERY PLAN                                                   
----------------------------------------------------------------------------------------------------------------
 Limit  (cost=3853.52..3853.52 rows=1 width=20)
   ->  Limit  (cost=1012.17..2853.52 rows=100000 width=20)
         ->  Incremental Sort  (cost=1012.17..185145.78 rows=9999939 width=20)
               Sort Key: s_1.a, s_1.b
               Presorted Key: s_1.a
               ->  Index Only Scan using s_1_a_e_d_c_b_idx on s_1  (cost=0.56..348311.65 rows=9999939 width=20)
(6 rows)

===== 182 [Wed Mar  7 16:21:59 CET 2018] scale:10000000 groups:1000 work_mem:16MB incremental:on max_workers:0 =====
SELECT * FROM s_2 ORDER BY a, b, c LIMIT 100000
                                                   QUERY PLAN                                                    
-----------------------------------------------------------------------------------------------------------------
 Limit  (cost=3002.51..3002.51 rows=1 width=20)
   ->  Limit  (cost=1.07..2002.51 rows=100000 width=20)
         ->  Incremental Sort  (cost=1.07..200145.68 rows=10000054 width=20)
               Sort Key: s_2.a, s_2.b, s_2.c
               Presorted Key: s_2.a, s_2.b
               ->  Index Only Scan using s_2_a_b_e_d_c_idx on s_2  (cost=0.56..348313.37 rows=10000054 width=20)
(6 rows)

===== 183 [Wed Mar  7 16:21:59 CET 2018] scale:10000000 groups:1000 work_mem:16MB incremental:on max_workers:0 =====
SELECT * FROM s_3 ORDER BY a, b, c, d LIMIT 100000
                                                   QUERY PLAN                                                    
-----------------------------------------------------------------------------------------------------------------
 Limit  (cost=3002.51..3002.51 rows=1 width=20)
   ->  Limit  (cost=1.07..2002.51 rows=100000 width=20)
         ->  Incremental Sort  (cost=1.07..200145.68 rows=10000054 width=20)
               Sort Key: s_3.a, s_3.b, s_3.c, s_3.d
               Presorted Key: s_3.a, s_3.b, s_3.c
               ->  Index Only Scan using s_3_a_b_c_e_d_idx on s_3  (cost=0.56..348313.37 rows=10000054 width=20)
(6 rows)

===== 184 [Wed Mar  7 16:22:00 CET 2018] scale:10000000 groups:1000 work_mem:16MB incremental:off max_workers:0 =====
SELECT * FROM s_1 ORDER BY a, b LIMIT 100000
                                   QUERY PLAN                                    
---------------------------------------------------------------------------------
 Limit  (cost=1045421.04..1045421.04 rows=1 width=20)
   ->  Limit  (cost=1044171.04..1044421.04 rows=100000 width=20)
         ->  Sort  (cost=1044171.04..1069170.89 rows=9999939 width=20)
               Sort Key: s_1.a, s_1.b
               ->  Seq Scan on s_1  (cost=0.00..163694.39 rows=9999939 width=20)
(5 rows)

===== 185 [Wed Mar  7 16:22:25 CET 2018] scale:10000000 groups:1000 work_mem:16MB incremental:off max_workers:0 =====
SELECT * FROM s_2 ORDER BY a, b, c LIMIT 100000
                                    QUERY PLAN                                    
----------------------------------------------------------------------------------
 Limit  (cost=1045432.32..1045432.32 rows=1 width=20)
   ->  Limit  (cost=1044182.32..1044432.32 rows=100000 width=20)
         ->  Sort  (cost=1044182.32..1069182.45 rows=10000054 width=20)
               Sort Key: s_2.a, s_2.b, s_2.c
               ->  Seq Scan on s_2  (cost=0.00..163695.54 rows=10000054 width=20)
(5 rows)

===== 186 [Wed Mar  7 16:22:51 CET 2018] scale:10000000 groups:1000 work_mem:16MB incremental:off max_workers:0 =====
SELECT * FROM s_3 ORDER BY a, b, c, d LIMIT 100000
                                    QUERY PLAN                                    
----------------------------------------------------------------------------------
 Limit  (cost=1045432.32..1045432.32 rows=1 width=20)
   ->  Limit  (cost=1044182.32..1044432.32 rows=100000 width=20)
         ->  Sort  (cost=1044182.32..1069182.45 rows=10000054 width=20)
               Sort Key: s_3.a, s_3.b, s_3.c, s_3.d
               ->  Seq Scan on s_3  (cost=0.00..163695.54 rows=10000054 width=20)
(5 rows)

===== 187 [Wed Mar  7 16:23:11 CET 2018] scale:10000000 groups:1000 work_mem:32MB incremental:on max_workers:0 =====
SELECT * FROM s_1 ORDER BY a, b LIMIT 100000
                                                   QUERY PLAN                                                   
----------------------------------------------------------------------------------------------------------------
 Limit  (cost=3853.52..3853.52 rows=1 width=20)
   ->  Limit  (cost=1012.17..2853.52 rows=100000 width=20)
         ->  Incremental Sort  (cost=1012.17..185145.78 rows=9999939 width=20)
               Sort Key: s_1.a, s_1.b
               Presorted Key: s_1.a
               ->  Index Only Scan using s_1_a_e_d_c_b_idx on s_1  (cost=0.56..348311.65 rows=9999939 width=20)
(6 rows)

===== 188 [Wed Mar  7 16:23:11 CET 2018] scale:10000000 groups:1000 work_mem:32MB incremental:on max_workers:0 =====
SELECT * FROM s_2 ORDER BY a, b, c LIMIT 100000
                                                   QUERY PLAN                                                    
-----------------------------------------------------------------------------------------------------------------
 Limit  (cost=3002.51..3002.51 rows=1 width=20)
   ->  Limit  (cost=1.07..2002.51 rows=100000 width=20)
         ->  Incremental Sort  (cost=1.07..200145.68 rows=10000054 width=20)
               Sort Key: s_2.a, s_2.b, s_2.c
               Presorted Key: s_2.a, s_2.b
               ->  Index Only Scan using s_2_a_b_e_d_c_idx on s_2  (cost=0.56..348313.37 rows=10000054 width=20)
(6 rows)

===== 189 [Wed Mar  7 16:23:12 CET 2018] scale:10000000 groups:1000 work_mem:32MB incremental:on max_workers:0 =====
SELECT * FROM s_3 ORDER BY a, b, c, d LIMIT 100000
                                                   QUERY PLAN                                                    
-----------------------------------------------------------------------------------------------------------------
 Limit  (cost=3002.51..3002.51 rows=1 width=20)
   ->  Limit  (cost=1.07..2002.51 rows=100000 width=20)
         ->  Incremental Sort  (cost=1.07..200145.68 rows=10000054 width=20)
               Sort Key: s_3.a, s_3.b, s_3.c, s_3.d
               Presorted Key: s_3.a, s_3.b, s_3.c
               ->  Index Only Scan using s_3_a_b_c_e_d_idx on s_3  (cost=0.56..348313.37 rows=10000054 width=20)
(6 rows)

===== 190 [Wed Mar  7 16:23:12 CET 2018] scale:10000000 groups:1000 work_mem:32MB incremental:off max_workers:0 =====
SELECT * FROM s_1 ORDER BY a, b LIMIT 100000
                                   QUERY PLAN                                    
---------------------------------------------------------------------------------
 Limit  (cost=1045421.04..1045421.04 rows=1 width=20)
   ->  Limit  (cost=1044171.04..1044421.04 rows=100000 width=20)
         ->  Sort  (cost=1044171.04..1069170.89 rows=9999939 width=20)
               Sort Key: s_1.a, s_1.b
               ->  Seq Scan on s_1  (cost=0.00..163694.39 rows=9999939 width=20)
(5 rows)

===== 191 [Wed Mar  7 16:23:18 CET 2018] scale:10000000 groups:1000 work_mem:32MB incremental:off max_workers:0 =====
SELECT * FROM s_2 ORDER BY a, b, c LIMIT 100000
                                    QUERY PLAN                                    
----------------------------------------------------------------------------------
 Limit  (cost=1045432.32..1045432.32 rows=1 width=20)
   ->  Limit  (cost=1044182.32..1044432.32 rows=100000 width=20)
         ->  Sort  (cost=1044182.32..1069182.45 rows=10000054 width=20)
               Sort Key: s_2.a, s_2.b, s_2.c
               ->  Seq Scan on s_2  (cost=0.00..163695.54 rows=10000054 width=20)
(5 rows)

===== 192 [Wed Mar  7 16:23:24 CET 2018] scale:10000000 groups:1000 work_mem:32MB incremental:off max_workers:0 =====
SELECT * FROM s_3 ORDER BY a, b, c, d LIMIT 100000
                                    QUERY PLAN                                    
----------------------------------------------------------------------------------
 Limit  (cost=1045432.32..1045432.32 rows=1 width=20)
   ->  Limit  (cost=1044182.32..1044432.32 rows=100000 width=20)
         ->  Sort  (cost=1044182.32..1069182.45 rows=10000054 width=20)
               Sort Key: s_3.a, s_3.b, s_3.c, s_3.d
               ->  Seq Scan on s_3  (cost=0.00..163695.54 rows=10000054 width=20)
(5 rows)

===== 193 [Wed Mar  7 16:23:31 CET 2018] scale:10000000 groups:1000 work_mem:64MB incremental:on max_workers:0 =====
SELECT * FROM s_1 ORDER BY a, b LIMIT 100000
                                                   QUERY PLAN                                                   
----------------------------------------------------------------------------------------------------------------
 Limit  (cost=3853.52..3853.52 rows=1 width=20)
   ->  Limit  (cost=1012.17..2853.52 rows=100000 width=20)
         ->  Incremental Sort  (cost=1012.17..185145.78 rows=9999939 width=20)
               Sort Key: s_1.a, s_1.b
               Presorted Key: s_1.a
               ->  Index Only Scan using s_1_a_e_d_c_b_idx on s_1  (cost=0.56..348311.65 rows=9999939 width=20)
(6 rows)

===== 194 [Wed Mar  7 16:23:31 CET 2018] scale:10000000 groups:1000 work_mem:64MB incremental:on max_workers:0 =====
SELECT * FROM s_2 ORDER BY a, b, c LIMIT 100000
                                                   QUERY PLAN                                                    
-----------------------------------------------------------------------------------------------------------------
 Limit  (cost=3002.51..3002.51 rows=1 width=20)
   ->  Limit  (cost=1.07..2002.51 rows=100000 width=20)
         ->  Incremental Sort  (cost=1.07..200145.68 rows=10000054 width=20)
               Sort Key: s_2.a, s_2.b, s_2.c
               Presorted Key: s_2.a, s_2.b
               ->  Index Only Scan using s_2_a_b_e_d_c_idx on s_2  (cost=0.56..348313.37 rows=10000054 width=20)
(6 rows)

===== 195 [Wed Mar  7 16:23:31 CET 2018] scale:10000000 groups:1000 work_mem:64MB incremental:on max_workers:0 =====
SELECT * FROM s_3 ORDER BY a, b, c, d LIMIT 100000
                                                   QUERY PLAN                                                    
-----------------------------------------------------------------------------------------------------------------
 Limit  (cost=3002.51..3002.51 rows=1 width=20)
   ->  Limit  (cost=1.07..2002.51 rows=100000 width=20)
         ->  Incremental Sort  (cost=1.07..200145.68 rows=10000054 width=20)
               Sort Key: s_3.a, s_3.b, s_3.c, s_3.d
               Presorted Key: s_3.a, s_3.b, s_3.c
               ->  Index Only Scan using s_3_a_b_c_e_d_idx on s_3  (cost=0.56..348313.37 rows=10000054 width=20)
(6 rows)

===== 196 [Wed Mar  7 16:23:32 CET 2018] scale:10000000 groups:1000 work_mem:64MB incremental:off max_workers:0 =====
SELECT * FROM s_1 ORDER BY a, b LIMIT 100000
                                   QUERY PLAN                                    
---------------------------------------------------------------------------------
 Limit  (cost=1045421.04..1045421.04 rows=1 width=20)
   ->  Limit  (cost=1044171.04..1044421.04 rows=100000 width=20)
         ->  Sort  (cost=1044171.04..1069170.89 rows=9999939 width=20)
               Sort Key: s_1.a, s_1.b
               ->  Seq Scan on s_1  (cost=0.00..163694.39 rows=9999939 width=20)
(5 rows)

===== 197 [Wed Mar  7 16:23:38 CET 2018] scale:10000000 groups:1000 work_mem:64MB incremental:off max_workers:0 =====
SELECT * FROM s_2 ORDER BY a, b, c LIMIT 100000
                                    QUERY PLAN                                    
----------------------------------------------------------------------------------
 Limit  (cost=1045432.32..1045432.32 rows=1 width=20)
   ->  Limit  (cost=1044182.32..1044432.32 rows=100000 width=20)
         ->  Sort  (cost=1044182.32..1069182.45 rows=10000054 width=20)
               Sort Key: s_2.a, s_2.b, s_2.c
               ->  Seq Scan on s_2  (cost=0.00..163695.54 rows=10000054 width=20)
(5 rows)

===== 198 [Wed Mar  7 16:23:44 CET 2018] scale:10000000 groups:1000 work_mem:64MB incremental:off max_workers:0 =====
SELECT * FROM s_3 ORDER BY a, b, c, d LIMIT 100000
                                    QUERY PLAN                                    
----------------------------------------------------------------------------------
 Limit  (cost=1045432.32..1045432.32 rows=1 width=20)
   ->  Limit  (cost=1044182.32..1044432.32 rows=100000 width=20)
         ->  Sort  (cost=1044182.32..1069182.45 rows=10000054 width=20)
               Sort Key: s_3.a, s_3.b, s_3.c, s_3.d
               ->  Seq Scan on s_3  (cost=0.00..163695.54 rows=10000054 width=20)
(5 rows)

===== 199 [Wed Mar  7 16:23:50 CET 2018] scale:10000000 groups:1000 work_mem:128MB incremental:on max_workers:0 =====
SELECT * FROM s_1 ORDER BY a, b LIMIT 100000
                                                   QUERY PLAN                                                   
----------------------------------------------------------------------------------------------------------------
 Limit  (cost=3853.52..3853.52 rows=1 width=20)
   ->  Limit  (cost=1012.17..2853.52 rows=100000 width=20)
         ->  Incremental Sort  (cost=1012.17..185145.78 rows=9999939 width=20)
               Sort Key: s_1.a, s_1.b
               Presorted Key: s_1.a
               ->  Index Only Scan using s_1_a_e_d_c_b_idx on s_1  (cost=0.56..348311.65 rows=9999939 width=20)
(6 rows)

===== 200 [Wed Mar  7 16:23:51 CET 2018] scale:10000000 groups:1000 work_mem:128MB incremental:on max_workers:0 =====
SELECT * FROM s_2 ORDER BY a, b, c LIMIT 100000
                                                   QUERY PLAN                                                    
-----------------------------------------------------------------------------------------------------------------
 Limit  (cost=3002.51..3002.51 rows=1 width=20)
   ->  Limit  (cost=1.07..2002.51 rows=100000 width=20)
         ->  Incremental Sort  (cost=1.07..200145.68 rows=10000054 width=20)
               Sort Key: s_2.a, s_2.b, s_2.c
               Presorted Key: s_2.a, s_2.b
               ->  Index Only Scan using s_2_a_b_e_d_c_idx on s_2  (cost=0.56..348313.37 rows=10000054 width=20)
(6 rows)

===== 201 [Wed Mar  7 16:23:51 CET 2018] scale:10000000 groups:1000 work_mem:128MB incremental:on max_workers:0 =====
SELECT * FROM s_3 ORDER BY a, b, c, d LIMIT 100000
                                                   QUERY PLAN                                                    
-----------------------------------------------------------------------------------------------------------------
 Limit  (cost=3002.51..3002.51 rows=1 width=20)
   ->  Limit  (cost=1.07..2002.51 rows=100000 width=20)
         ->  Incremental Sort  (cost=1.07..200145.68 rows=10000054 width=20)
               Sort Key: s_3.a, s_3.b, s_3.c, s_3.d
               Presorted Key: s_3.a, s_3.b, s_3.c
               ->  Index Only Scan using s_3_a_b_c_e_d_idx on s_3  (cost=0.56..348313.37 rows=10000054 width=20)
(6 rows)

===== 202 [Wed Mar  7 16:23:51 CET 2018] scale:10000000 groups:1000 work_mem:128MB incremental:off max_workers:0 =====
SELECT * FROM s_1 ORDER BY a, b LIMIT 100000
                                   QUERY PLAN                                    
---------------------------------------------------------------------------------
 Limit  (cost=1045421.04..1045421.04 rows=1 width=20)
   ->  Limit  (cost=1044171.04..1044421.04 rows=100000 width=20)
         ->  Sort  (cost=1044171.04..1069170.89 rows=9999939 width=20)
               Sort Key: s_1.a, s_1.b
               ->  Seq Scan on s_1  (cost=0.00..163694.39 rows=9999939 width=20)
(5 rows)

===== 203 [Wed Mar  7 16:23:58 CET 2018] scale:10000000 groups:1000 work_mem:128MB incremental:off max_workers:0 =====
SELECT * FROM s_2 ORDER BY a, b, c LIMIT 100000
                                    QUERY PLAN                                    
----------------------------------------------------------------------------------
 Limit  (cost=1045432.32..1045432.32 rows=1 width=20)
   ->  Limit  (cost=1044182.32..1044432.32 rows=100000 width=20)
         ->  Sort  (cost=1044182.32..1069182.45 rows=10000054 width=20)
               Sort Key: s_2.a, s_2.b, s_2.c
               ->  Seq Scan on s_2  (cost=0.00..163695.54 rows=10000054 width=20)
(5 rows)

===== 204 [Wed Mar  7 16:24:04 CET 2018] scale:10000000 groups:1000 work_mem:128MB incremental:off max_workers:0 =====
SELECT * FROM s_3 ORDER BY a, b, c, d LIMIT 100000
                                    QUERY PLAN                                    
----------------------------------------------------------------------------------
 Limit  (cost=1045432.32..1045432.32 rows=1 width=20)
   ->  Limit  (cost=1044182.32..1044432.32 rows=100000 width=20)
         ->  Sort  (cost=1044182.32..1069182.45 rows=10000054 width=20)
               Sort Key: s_3.a, s_3.b, s_3.c, s_3.d
               ->  Seq Scan on s_3  (cost=0.00..163695.54 rows=10000054 width=20)
(5 rows)

===== 205 [Wed Mar  7 16:24:10 CET 2018] scale:10000000 groups:1000 work_mem:256MB incremental:on max_workers:0 =====
SELECT * FROM s_1 ORDER BY a, b LIMIT 100000
                                                   QUERY PLAN                                                   
----------------------------------------------------------------------------------------------------------------
 Limit  (cost=3853.52..3853.52 rows=1 width=20)
   ->  Limit  (cost=1012.17..2853.52 rows=100000 width=20)
         ->  Incremental Sort  (cost=1012.17..185145.78 rows=9999939 width=20)
               Sort Key: s_1.a, s_1.b
               Presorted Key: s_1.a
               ->  Index Only Scan using s_1_a_e_d_c_b_idx on s_1  (cost=0.56..348311.65 rows=9999939 width=20)
(6 rows)

===== 206 [Wed Mar  7 16:24:10 CET 2018] scale:10000000 groups:1000 work_mem:256MB incremental:on max_workers:0 =====
SELECT * FROM s_2 ORDER BY a, b, c LIMIT 100000
                                                   QUERY PLAN                                                    
-----------------------------------------------------------------------------------------------------------------
 Limit  (cost=3002.51..3002.51 rows=1 width=20)
   ->  Limit  (cost=1.07..2002.51 rows=100000 width=20)
         ->  Incremental Sort  (cost=1.07..200145.68 rows=10000054 width=20)
               Sort Key: s_2.a, s_2.b, s_2.c
               Presorted Key: s_2.a, s_2.b
               ->  Index Only Scan using s_2_a_b_e_d_c_idx on s_2  (cost=0.56..348313.37 rows=10000054 width=20)
(6 rows)

===== 207 [Wed Mar  7 16:24:11 CET 2018] scale:10000000 groups:1000 work_mem:256MB incremental:on max_workers:0 =====
SELECT * FROM s_3 ORDER BY a, b, c, d LIMIT 100000
                                                   QUERY PLAN                                                    
-----------------------------------------------------------------------------------------------------------------
 Limit  (cost=3002.51..3002.51 rows=1 width=20)
   ->  Limit  (cost=1.07..2002.51 rows=100000 width=20)
         ->  Incremental Sort  (cost=1.07..200145.68 rows=10000054 width=20)
               Sort Key: s_3.a, s_3.b, s_3.c, s_3.d
               Presorted Key: s_3.a, s_3.b, s_3.c
               ->  Index Only Scan using s_3_a_b_c_e_d_idx on s_3  (cost=0.56..348313.37 rows=10000054 width=20)
(6 rows)

===== 208 [Wed Mar  7 16:24:11 CET 2018] scale:10000000 groups:1000 work_mem:256MB incremental:off max_workers:0 =====
SELECT * FROM s_1 ORDER BY a, b LIMIT 100000
                                   QUERY PLAN                                    
---------------------------------------------------------------------------------
 Limit  (cost=1045421.04..1045421.04 rows=1 width=20)
   ->  Limit  (cost=1044171.04..1044421.04 rows=100000 width=20)
         ->  Sort  (cost=1044171.04..1069170.89 rows=9999939 width=20)
               Sort Key: s_1.a, s_1.b
               ->  Seq Scan on s_1  (cost=0.00..163694.39 rows=9999939 width=20)
(5 rows)

===== 209 [Wed Mar  7 16:24:17 CET 2018] scale:10000000 groups:1000 work_mem:256MB incremental:off max_workers:0 =====
SELECT * FROM s_2 ORDER BY a, b, c LIMIT 100000
                                    QUERY PLAN                                    
----------------------------------------------------------------------------------
 Limit  (cost=1045432.32..1045432.32 rows=1 width=20)
   ->  Limit  (cost=1044182.32..1044432.32 rows=100000 width=20)
         ->  Sort  (cost=1044182.32..1069182.45 rows=10000054 width=20)
               Sort Key: s_2.a, s_2.b, s_2.c
               ->  Seq Scan on s_2  (cost=0.00..163695.54 rows=10000054 width=20)
(5 rows)

===== 210 [Wed Mar  7 16:24:23 CET 2018] scale:10000000 groups:1000 work_mem:256MB incremental:off max_workers:0 =====
SELECT * FROM s_3 ORDER BY a, b, c, d LIMIT 100000
                                    QUERY PLAN                                    
----------------------------------------------------------------------------------
 Limit  (cost=1045432.32..1045432.32 rows=1 width=20)
   ->  Limit  (cost=1044182.32..1044432.32 rows=100000 width=20)
         ->  Sort  (cost=1044182.32..1069182.45 rows=10000054 width=20)
               Sort Key: s_3.a, s_3.b, s_3.c, s_3.d
               ->  Seq Scan on s_3  (cost=0.00..163695.54 rows=10000054 width=20)
(5 rows)

===== 211 [Wed Mar  7 16:24:30 CET 2018] scale:10000000 groups:1000 work_mem:4MB incremental:on max_workers:2 =====
SELECT * FROM s_1 ORDER BY a, b LIMIT 100000
                                                   QUERY PLAN                                                   
----------------------------------------------------------------------------------------------------------------
 Limit  (cost=3853.52..3853.52 rows=1 width=20)
   ->  Limit  (cost=1012.17..2853.52 rows=100000 width=20)
         ->  Incremental Sort  (cost=1012.17..185145.78 rows=9999939 width=20)
               Sort Key: s_1.a, s_1.b
               Presorted Key: s_1.a
               ->  Index Only Scan using s_1_a_e_d_c_b_idx on s_1  (cost=0.56..348311.65 rows=9999939 width=20)
(6 rows)

===== 212 [Wed Mar  7 16:24:30 CET 2018] scale:10000000 groups:1000 work_mem:4MB incremental:on max_workers:2 =====
SELECT * FROM s_2 ORDER BY a, b, c LIMIT 100000
                                                   QUERY PLAN                                                    
-----------------------------------------------------------------------------------------------------------------
 Limit  (cost=3002.51..3002.51 rows=1 width=20)
   ->  Limit  (cost=1.07..2002.51 rows=100000 width=20)
         ->  Incremental Sort  (cost=1.07..200145.68 rows=10000054 width=20)
               Sort Key: s_2.a, s_2.b, s_2.c
               Presorted Key: s_2.a, s_2.b
               ->  Index Only Scan using s_2_a_b_e_d_c_idx on s_2  (cost=0.56..348313.37 rows=10000054 width=20)
(6 rows)

===== 213 [Wed Mar  7 16:24:30 CET 2018] scale:10000000 groups:1000 work_mem:4MB incremental:on max_workers:2 =====
SELECT * FROM s_3 ORDER BY a, b, c, d LIMIT 100000
                                                   QUERY PLAN                                                    
-----------------------------------------------------------------------------------------------------------------
 Limit  (cost=3002.51..3002.51 rows=1 width=20)
   ->  Limit  (cost=1.07..2002.51 rows=100000 width=20)
         ->  Incremental Sort  (cost=1.07..200145.68 rows=10000054 width=20)
               Sort Key: s_3.a, s_3.b, s_3.c, s_3.d
               Presorted Key: s_3.a, s_3.b, s_3.c
               ->  Index Only Scan using s_3_a_b_c_e_d_idx on s_3  (cost=0.56..348313.37 rows=10000054 width=20)
(6 rows)

===== 214 [Wed Mar  7 16:24:31 CET 2018] scale:10000000 groups:1000 work_mem:4MB incremental:off max_workers:2 =====
SELECT * FROM s_1 ORDER BY a, b LIMIT 100000
                                           QUERY PLAN                                           
------------------------------------------------------------------------------------------------
 Limit  (cost=748058.54..748058.54 rows=1 width=20)
   ->  Limit  (cost=735391.06..747058.54 rows=100000 width=20)
         ->  Gather Merge  (cost=735391.06..1707675.17 rows=8333282 width=20)
               Workers Planned: 2
               ->  Sort  (cost=734391.04..744807.64 rows=4166641 width=20)
                     Sort Key: s_1.a, s_1.b
                     ->  Parallel Seq Scan on s_1  (cost=0.00..105361.41 rows=4166641 width=20)
(7 rows)

===== 215 [Wed Mar  7 16:24:41 CET 2018] scale:10000000 groups:1000 work_mem:4MB incremental:off max_workers:2 =====
SELECT * FROM s_2 ORDER BY a, b, c LIMIT 100000
                                           QUERY PLAN                                           
------------------------------------------------------------------------------------------------
 Limit  (cost=748071.64..748071.64 rows=1 width=20)
   ->  Limit  (cost=735404.16..747071.64 rows=100000 width=20)
         ->  Gather Merge  (cost=735404.16..1707699.48 rows=8333378 width=20)
               Workers Planned: 2
               ->  Sort  (cost=734404.14..744820.86 rows=4166689 width=20)
                     Sort Key: s_2.a, s_2.b, s_2.c
                     ->  Parallel Seq Scan on s_2  (cost=0.00..105361.89 rows=4166689 width=20)
(7 rows)

===== 216 [Wed Mar  7 16:24:52 CET 2018] scale:10000000 groups:1000 work_mem:4MB incremental:off max_workers:2 =====
SELECT * FROM s_3 ORDER BY a, b, c, d LIMIT 100000
                                           QUERY PLAN                                           
------------------------------------------------------------------------------------------------
 Limit  (cost=748071.64..748071.64 rows=1 width=20)
   ->  Limit  (cost=735404.16..747071.64 rows=100000 width=20)
         ->  Gather Merge  (cost=735404.16..1707699.48 rows=8333378 width=20)
               Workers Planned: 2
               ->  Sort  (cost=734404.14..744820.86 rows=4166689 width=20)
                     Sort Key: s_3.a, s_3.b, s_3.c, s_3.d
                     ->  Parallel Seq Scan on s_3  (cost=0.00..105361.89 rows=4166689 width=20)
(7 rows)

===== 217 [Wed Mar  7 16:25:01 CET 2018] scale:10000000 groups:1000 work_mem:8MB incremental:on max_workers:2 =====
SELECT * FROM s_1 ORDER BY a, b LIMIT 100000
                                                   QUERY PLAN                                                   
----------------------------------------------------------------------------------------------------------------
 Limit  (cost=3853.52..3853.52 rows=1 width=20)
   ->  Limit  (cost=1012.17..2853.52 rows=100000 width=20)
         ->  Incremental Sort  (cost=1012.17..185145.78 rows=9999939 width=20)
               Sort Key: s_1.a, s_1.b
               Presorted Key: s_1.a
               ->  Index Only Scan using s_1_a_e_d_c_b_idx on s_1  (cost=0.56..348311.65 rows=9999939 width=20)
(6 rows)

===== 218 [Wed Mar  7 16:25:01 CET 2018] scale:10000000 groups:1000 work_mem:8MB incremental:on max_workers:2 =====
SELECT * FROM s_2 ORDER BY a, b, c LIMIT 100000
                                                   QUERY PLAN                                                    
-----------------------------------------------------------------------------------------------------------------
 Limit  (cost=3002.51..3002.51 rows=1 width=20)
   ->  Limit  (cost=1.07..2002.51 rows=100000 width=20)
         ->  Incremental Sort  (cost=1.07..200145.68 rows=10000054 width=20)
               Sort Key: s_2.a, s_2.b, s_2.c
               Presorted Key: s_2.a, s_2.b
               ->  Index Only Scan using s_2_a_b_e_d_c_idx on s_2  (cost=0.56..348313.37 rows=10000054 width=20)
(6 rows)

===== 219 [Wed Mar  7 16:25:01 CET 2018] scale:10000000 groups:1000 work_mem:8MB incremental:on max_workers:2 =====
SELECT * FROM s_3 ORDER BY a, b, c, d LIMIT 100000
                                                   QUERY PLAN                                                    
-----------------------------------------------------------------------------------------------------------------
 Limit  (cost=3002.51..3002.51 rows=1 width=20)
   ->  Limit  (cost=1.07..2002.51 rows=100000 width=20)
         ->  Incremental Sort  (cost=1.07..200145.68 rows=10000054 width=20)
               Sort Key: s_3.a, s_3.b, s_3.c, s_3.d
               Presorted Key: s_3.a, s_3.b, s_3.c
               ->  Index Only Scan using s_3_a_b_c_e_d_idx on s_3  (cost=0.56..348313.37 rows=10000054 width=20)
(6 rows)

===== 220 [Wed Mar  7 16:25:01 CET 2018] scale:10000000 groups:1000 work_mem:8MB incremental:off max_workers:2 =====
SELECT * FROM s_1 ORDER BY a, b LIMIT 100000
                                           QUERY PLAN                                           
------------------------------------------------------------------------------------------------
 Limit  (cost=485894.17..485894.17 rows=1 width=20)
   ->  Limit  (cost=473226.69..484894.17 rows=100000 width=20)
         ->  Gather Merge  (cost=473226.69..1445510.80 rows=8333282 width=20)
               Workers Planned: 2
               ->  Sort  (cost=472226.66..482643.26 rows=4166641 width=20)
                     Sort Key: s_1.a, s_1.b
                     ->  Parallel Seq Scan on s_1  (cost=0.00..105361.41 rows=4166641 width=20)
(7 rows)

===== 221 [Wed Mar  7 16:25:11 CET 2018] scale:10000000 groups:1000 work_mem:8MB incremental:off max_workers:2 =====
SELECT * FROM s_2 ORDER BY a, b, c LIMIT 100000
                                           QUERY PLAN                                           
------------------------------------------------------------------------------------------------
 Limit  (cost=485898.87..485898.87 rows=1 width=20)
   ->  Limit  (cost=473231.39..484898.87 rows=100000 width=20)
         ->  Gather Merge  (cost=473231.39..1445526.71 rows=8333378 width=20)
               Workers Planned: 2
               ->  Sort  (cost=472231.37..482648.09 rows=4166689 width=20)
                     Sort Key: s_2.a, s_2.b, s_2.c
                     ->  Parallel Seq Scan on s_2  (cost=0.00..105361.89 rows=4166689 width=20)
(7 rows)

===== 222 [Wed Mar  7 16:25:20 CET 2018] scale:10000000 groups:1000 work_mem:8MB incremental:off max_workers:2 =====
SELECT * FROM s_3 ORDER BY a, b, c, d LIMIT 100000
                                           QUERY PLAN                                           
------------------------------------------------------------------------------------------------
 Limit  (cost=485898.87..485898.87 rows=1 width=20)
   ->  Limit  (cost=473231.39..484898.87 rows=100000 width=20)
         ->  Gather Merge  (cost=473231.39..1445526.71 rows=8333378 width=20)
               Workers Planned: 2
               ->  Sort  (cost=472231.37..482648.09 rows=4166689 width=20)
                     Sort Key: s_3.a, s_3.b, s_3.c, s_3.d
                     ->  Parallel Seq Scan on s_3  (cost=0.00..105361.89 rows=4166689 width=20)
(7 rows)

===== 223 [Wed Mar  7 16:25:28 CET 2018] scale:10000000 groups:1000 work_mem:16MB incremental:on max_workers:2 =====
SELECT * FROM s_1 ORDER BY a, b LIMIT 100000
                                                   QUERY PLAN                                                   
----------------------------------------------------------------------------------------------------------------
 Limit  (cost=3853.52..3853.52 rows=1 width=20)
   ->  Limit  (cost=1012.17..2853.52 rows=100000 width=20)
         ->  Incremental Sort  (cost=1012.17..185145.78 rows=9999939 width=20)
               Sort Key: s_1.a, s_1.b
               Presorted Key: s_1.a
               ->  Index Only Scan using s_1_a_e_d_c_b_idx on s_1  (cost=0.56..348311.65 rows=9999939 width=20)
(6 rows)

===== 224 [Wed Mar  7 16:25:28 CET 2018] scale:10000000 groups:1000 work_mem:16MB incremental:on max_workers:2 =====
SELECT * FROM s_2 ORDER BY a, b, c LIMIT 100000
                                                   QUERY PLAN                                                    
-----------------------------------------------------------------------------------------------------------------
 Limit  (cost=3002.51..3002.51 rows=1 width=20)
   ->  Limit  (cost=1.07..2002.51 rows=100000 width=20)
         ->  Incremental Sort  (cost=1.07..200145.68 rows=10000054 width=20)
               Sort Key: s_2.a, s_2.b, s_2.c
               Presorted Key: s_2.a, s_2.b
               ->  Index Only Scan using s_2_a_b_e_d_c_idx on s_2  (cost=0.56..348313.37 rows=10000054 width=20)
(6 rows)

===== 225 [Wed Mar  7 16:25:28 CET 2018] scale:10000000 groups:1000 work_mem:16MB incremental:on max_workers:2 =====
SELECT * FROM s_3 ORDER BY a, b, c, d LIMIT 100000
                                                   QUERY PLAN                                                    
-----------------------------------------------------------------------------------------------------------------
 Limit  (cost=3002.51..3002.51 rows=1 width=20)
   ->  Limit  (cost=1.07..2002.51 rows=100000 width=20)
         ->  Incremental Sort  (cost=1.07..200145.68 rows=10000054 width=20)
               Sort Key: s_3.a, s_3.b, s_3.c, s_3.d
               Presorted Key: s_3.a, s_3.b, s_3.c
               ->  Index Only Scan using s_3_a_b_c_e_d_idx on s_3  (cost=0.56..348313.37 rows=10000054 width=20)
(6 rows)

===== 226 [Wed Mar  7 16:25:29 CET 2018] scale:10000000 groups:1000 work_mem:16MB incremental:off max_workers:2 =====
SELECT * FROM s_1 ORDER BY a, b LIMIT 100000
                                           QUERY PLAN                                           
------------------------------------------------------------------------------------------------
 Limit  (cost=485894.17..485894.17 rows=1 width=20)
   ->  Limit  (cost=473226.69..484894.17 rows=100000 width=20)
         ->  Gather Merge  (cost=473226.69..1445510.80 rows=8333282 width=20)
               Workers Planned: 2
               ->  Sort  (cost=472226.66..482643.26 rows=4166641 width=20)
                     Sort Key: s_1.a, s_1.b
                     ->  Parallel Seq Scan on s_1  (cost=0.00..105361.41 rows=4166641 width=20)
(7 rows)

===== 227 [Wed Mar  7 16:25:38 CET 2018] scale:10000000 groups:1000 work_mem:16MB incremental:off max_workers:2 =====
SELECT * FROM s_2 ORDER BY a, b, c LIMIT 100000
                                           QUERY PLAN                                           
------------------------------------------------------------------------------------------------
 Limit  (cost=485898.87..485898.87 rows=1 width=20)
   ->  Limit  (cost=473231.39..484898.87 rows=100000 width=20)
         ->  Gather Merge  (cost=473231.39..1445526.71 rows=8333378 width=20)
               Workers Planned: 2
               ->  Sort  (cost=472231.37..482648.09 rows=4166689 width=20)
                     Sort Key: s_2.a, s_2.b, s_2.c
                     ->  Parallel Seq Scan on s_2  (cost=0.00..105361.89 rows=4166689 width=20)
(7 rows)

===== 228 [Wed Mar  7 16:25:47 CET 2018] scale:10000000 groups:1000 work_mem:16MB incremental:off max_workers:2 =====
SELECT * FROM s_3 ORDER BY a, b, c, d LIMIT 100000
                                           QUERY PLAN                                           
------------------------------------------------------------------------------------------------
 Limit  (cost=485898.87..485898.87 rows=1 width=20)
   ->  Limit  (cost=473231.39..484898.87 rows=100000 width=20)
         ->  Gather Merge  (cost=473231.39..1445526.71 rows=8333378 width=20)
               Workers Planned: 2
               ->  Sort  (cost=472231.37..482648.09 rows=4166689 width=20)
                     Sort Key: s_3.a, s_3.b, s_3.c, s_3.d
                     ->  Parallel Seq Scan on s_3  (cost=0.00..105361.89 rows=4166689 width=20)
(7 rows)

===== 229 [Wed Mar  7 16:25:54 CET 2018] scale:10000000 groups:1000 work_mem:32MB incremental:on max_workers:2 =====
SELECT * FROM s_1 ORDER BY a, b LIMIT 100000
                                                   QUERY PLAN                                                   
----------------------------------------------------------------------------------------------------------------
 Limit  (cost=3853.52..3853.52 rows=1 width=20)
   ->  Limit  (cost=1012.17..2853.52 rows=100000 width=20)
         ->  Incremental Sort  (cost=1012.17..185145.78 rows=9999939 width=20)
               Sort Key: s_1.a, s_1.b
               Presorted Key: s_1.a
               ->  Index Only Scan using s_1_a_e_d_c_b_idx on s_1  (cost=0.56..348311.65 rows=9999939 width=20)
(6 rows)

===== 230 [Wed Mar  7 16:25:54 CET 2018] scale:10000000 groups:1000 work_mem:32MB incremental:on max_workers:2 =====
SELECT * FROM s_2 ORDER BY a, b, c LIMIT 100000
                                                   QUERY PLAN                                                    
-----------------------------------------------------------------------------------------------------------------
 Limit  (cost=3002.51..3002.51 rows=1 width=20)
   ->  Limit  (cost=1.07..2002.51 rows=100000 width=20)
         ->  Incremental Sort  (cost=1.07..200145.68 rows=10000054 width=20)
               Sort Key: s_2.a, s_2.b, s_2.c
               Presorted Key: s_2.a, s_2.b
               ->  Index Only Scan using s_2_a_b_e_d_c_idx on s_2  (cost=0.56..348313.37 rows=10000054 width=20)
(6 rows)

===== 231 [Wed Mar  7 16:25:54 CET 2018] scale:10000000 groups:1000 work_mem:32MB incremental:on max_workers:2 =====
SELECT * FROM s_3 ORDER BY a, b, c, d LIMIT 100000
                                                   QUERY PLAN                                                    
-----------------------------------------------------------------------------------------------------------------
 Limit  (cost=3002.51..3002.51 rows=1 width=20)
   ->  Limit  (cost=1.07..2002.51 rows=100000 width=20)
         ->  Incremental Sort  (cost=1.07..200145.68 rows=10000054 width=20)
               Sort Key: s_3.a, s_3.b, s_3.c, s_3.d
               Presorted Key: s_3.a, s_3.b, s_3.c
               ->  Index Only Scan using s_3_a_b_c_e_d_idx on s_3  (cost=0.56..348313.37 rows=10000054 width=20)
(6 rows)

===== 232 [Wed Mar  7 16:25:55 CET 2018] scale:10000000 groups:1000 work_mem:32MB incremental:off max_workers:2 =====
SELECT * FROM s_1 ORDER BY a, b LIMIT 100000
                                           QUERY PLAN                                           
------------------------------------------------------------------------------------------------
 Limit  (cost=485894.17..485894.17 rows=1 width=20)
   ->  Limit  (cost=473226.69..484894.17 rows=100000 width=20)
         ->  Gather Merge  (cost=473226.69..1445510.80 rows=8333282 width=20)
               Workers Planned: 2
               ->  Sort  (cost=472226.66..482643.26 rows=4166641 width=20)
                     Sort Key: s_1.a, s_1.b
                     ->  Parallel Seq Scan on s_1  (cost=0.00..105361.41 rows=4166641 width=20)
(7 rows)

===== 233 [Wed Mar  7 16:25:57 CET 2018] scale:10000000 groups:1000 work_mem:32MB incremental:off max_workers:2 =====
SELECT * FROM s_2 ORDER BY a, b, c LIMIT 100000
                                           QUERY PLAN                                           
------------------------------------------------------------------------------------------------
 Limit  (cost=485898.87..485898.87 rows=1 width=20)
   ->  Limit  (cost=473231.39..484898.87 rows=100000 width=20)
         ->  Gather Merge  (cost=473231.39..1445526.71 rows=8333378 width=20)
               Workers Planned: 2
               ->  Sort  (cost=472231.37..482648.09 rows=4166689 width=20)
                     Sort Key: s_2.a, s_2.b, s_2.c
                     ->  Parallel Seq Scan on s_2  (cost=0.00..105361.89 rows=4166689 width=20)
(7 rows)

===== 234 [Wed Mar  7 16:26:00 CET 2018] scale:10000000 groups:1000 work_mem:32MB incremental:off max_workers:2 =====
SELECT * FROM s_3 ORDER BY a, b, c, d LIMIT 100000
                                           QUERY PLAN                                           
------------------------------------------------------------------------------------------------
 Limit  (cost=485898.87..485898.87 rows=1 width=20)
   ->  Limit  (cost=473231.39..484898.87 rows=100000 width=20)
         ->  Gather Merge  (cost=473231.39..1445526.71 rows=8333378 width=20)
               Workers Planned: 2
               ->  Sort  (cost=472231.37..482648.09 rows=4166689 width=20)
                     Sort Key: s_3.a, s_3.b, s_3.c, s_3.d
                     ->  Parallel Seq Scan on s_3  (cost=0.00..105361.89 rows=4166689 width=20)
(7 rows)

===== 235 [Wed Mar  7 16:26:03 CET 2018] scale:10000000 groups:1000 work_mem:64MB incremental:on max_workers:2 =====
SELECT * FROM s_1 ORDER BY a, b LIMIT 100000
                                                   QUERY PLAN                                                   
----------------------------------------------------------------------------------------------------------------
 Limit  (cost=3853.52..3853.52 rows=1 width=20)
   ->  Limit  (cost=1012.17..2853.52 rows=100000 width=20)
         ->  Incremental Sort  (cost=1012.17..185145.78 rows=9999939 width=20)
               Sort Key: s_1.a, s_1.b
               Presorted Key: s_1.a
               ->  Index Only Scan using s_1_a_e_d_c_b_idx on s_1  (cost=0.56..348311.65 rows=9999939 width=20)
(6 rows)

===== 236 [Wed Mar  7 16:26:03 CET 2018] scale:10000000 groups:1000 work_mem:64MB incremental:on max_workers:2 =====
SELECT * FROM s_2 ORDER BY a, b, c LIMIT 100000
                                                   QUERY PLAN                                                    
-----------------------------------------------------------------------------------------------------------------
 Limit  (cost=3002.51..3002.51 rows=1 width=20)
   ->  Limit  (cost=1.07..2002.51 rows=100000 width=20)
         ->  Incremental Sort  (cost=1.07..200145.68 rows=10000054 width=20)
               Sort Key: s_2.a, s_2.b, s_2.c
               Presorted Key: s_2.a, s_2.b
               ->  Index Only Scan using s_2_a_b_e_d_c_idx on s_2  (cost=0.56..348313.37 rows=10000054 width=20)
(6 rows)

===== 237 [Wed Mar  7 16:26:03 CET 2018] scale:10000000 groups:1000 work_mem:64MB incremental:on max_workers:2 =====
SELECT * FROM s_3 ORDER BY a, b, c, d LIMIT 100000
                                                   QUERY PLAN                                                    
-----------------------------------------------------------------------------------------------------------------
 Limit  (cost=3002.51..3002.51 rows=1 width=20)
   ->  Limit  (cost=1.07..2002.51 rows=100000 width=20)
         ->  Incremental Sort  (cost=1.07..200145.68 rows=10000054 width=20)
               Sort Key: s_3.a, s_3.b, s_3.c, s_3.d
               Presorted Key: s_3.a, s_3.b, s_3.c
               ->  Index Only Scan using s_3_a_b_c_e_d_idx on s_3  (cost=0.56..348313.37 rows=10000054 width=20)
(6 rows)

===== 238 [Wed Mar  7 16:26:03 CET 2018] scale:10000000 groups:1000 work_mem:64MB incremental:off max_workers:2 =====
SELECT * FROM s_1 ORDER BY a, b LIMIT 100000
                                           QUERY PLAN                                           
------------------------------------------------------------------------------------------------
 Limit  (cost=485894.17..485894.17 rows=1 width=20)
   ->  Limit  (cost=473226.69..484894.17 rows=100000 width=20)
         ->  Gather Merge  (cost=473226.69..1445510.80 rows=8333282 width=20)
               Workers Planned: 2
               ->  Sort  (cost=472226.66..482643.26 rows=4166641 width=20)
                     Sort Key: s_1.a, s_1.b
                     ->  Parallel Seq Scan on s_1  (cost=0.00..105361.41 rows=4166641 width=20)
(7 rows)

===== 239 [Wed Mar  7 16:26:06 CET 2018] scale:10000000 groups:1000 work_mem:64MB incremental:off max_workers:2 =====
SELECT * FROM s_2 ORDER BY a, b, c LIMIT 100000
                                           QUERY PLAN                                           
------------------------------------------------------------------------------------------------
 Limit  (cost=485898.87..485898.87 rows=1 width=20)
   ->  Limit  (cost=473231.39..484898.87 rows=100000 width=20)
         ->  Gather Merge  (cost=473231.39..1445526.71 rows=8333378 width=20)
               Workers Planned: 2
               ->  Sort  (cost=472231.37..482648.09 rows=4166689 width=20)
                     Sort Key: s_2.a, s_2.b, s_2.c
                     ->  Parallel Seq Scan on s_2  (cost=0.00..105361.89 rows=4166689 width=20)
(7 rows)

===== 240 [Wed Mar  7 16:26:09 CET 2018] scale:10000000 groups:1000 work_mem:64MB incremental:off max_workers:2 =====
SELECT * FROM s_3 ORDER BY a, b, c, d LIMIT 100000
                                           QUERY PLAN                                           
------------------------------------------------------------------------------------------------
 Limit  (cost=485898.87..485898.87 rows=1 width=20)
   ->  Limit  (cost=473231.39..484898.87 rows=100000 width=20)
         ->  Gather Merge  (cost=473231.39..1445526.71 rows=8333378 width=20)
               Workers Planned: 2
               ->  Sort  (cost=472231.37..482648.09 rows=4166689 width=20)
                     Sort Key: s_3.a, s_3.b, s_3.c, s_3.d
                     ->  Parallel Seq Scan on s_3  (cost=0.00..105361.89 rows=4166689 width=20)
(7 rows)

===== 241 [Wed Mar  7 16:26:11 CET 2018] scale:10000000 groups:1000 work_mem:128MB incremental:on max_workers:2 =====
SELECT * FROM s_1 ORDER BY a, b LIMIT 100000
                                                   QUERY PLAN                                                   
----------------------------------------------------------------------------------------------------------------
 Limit  (cost=3853.52..3853.52 rows=1 width=20)
   ->  Limit  (cost=1012.17..2853.52 rows=100000 width=20)
         ->  Incremental Sort  (cost=1012.17..185145.78 rows=9999939 width=20)
               Sort Key: s_1.a, s_1.b
               Presorted Key: s_1.a
               ->  Index Only Scan using s_1_a_e_d_c_b_idx on s_1  (cost=0.56..348311.65 rows=9999939 width=20)
(6 rows)

===== 242 [Wed Mar  7 16:26:12 CET 2018] scale:10000000 groups:1000 work_mem:128MB incremental:on max_workers:2 =====
SELECT * FROM s_2 ORDER BY a, b, c LIMIT 100000
                                                   QUERY PLAN                                                    
-----------------------------------------------------------------------------------------------------------------
 Limit  (cost=3002.51..3002.51 rows=1 width=20)
   ->  Limit  (cost=1.07..2002.51 rows=100000 width=20)
         ->  Incremental Sort  (cost=1.07..200145.68 rows=10000054 width=20)
               Sort Key: s_2.a, s_2.b, s_2.c
               Presorted Key: s_2.a, s_2.b
               ->  Index Only Scan using s_2_a_b_e_d_c_idx on s_2  (cost=0.56..348313.37 rows=10000054 width=20)
(6 rows)

===== 243 [Wed Mar  7 16:26:12 CET 2018] scale:10000000 groups:1000 work_mem:128MB incremental:on max_workers:2 =====
SELECT * FROM s_3 ORDER BY a, b, c, d LIMIT 100000
                                                   QUERY PLAN                                                    
-----------------------------------------------------------------------------------------------------------------
 Limit  (cost=3002.51..3002.51 rows=1 width=20)
   ->  Limit  (cost=1.07..2002.51 rows=100000 width=20)
         ->  Incremental Sort  (cost=1.07..200145.68 rows=10000054 width=20)
               Sort Key: s_3.a, s_3.b, s_3.c, s_3.d
               Presorted Key: s_3.a, s_3.b, s_3.c
               ->  Index Only Scan using s_3_a_b_c_e_d_idx on s_3  (cost=0.56..348313.37 rows=10000054 width=20)
(6 rows)

===== 244 [Wed Mar  7 16:26:12 CET 2018] scale:10000000 groups:1000 work_mem:128MB incremental:off max_workers:2 =====
SELECT * FROM s_1 ORDER BY a, b LIMIT 100000
                                           QUERY PLAN                                           
------------------------------------------------------------------------------------------------
 Limit  (cost=485894.17..485894.17 rows=1 width=20)
   ->  Limit  (cost=473226.69..484894.17 rows=100000 width=20)
         ->  Gather Merge  (cost=473226.69..1445510.80 rows=8333282 width=20)
               Workers Planned: 2
               ->  Sort  (cost=472226.66..482643.26 rows=4166641 width=20)
                     Sort Key: s_1.a, s_1.b
                     ->  Parallel Seq Scan on s_1  (cost=0.00..105361.41 rows=4166641 width=20)
(7 rows)

===== 245 [Wed Mar  7 16:26:15 CET 2018] scale:10000000 groups:1000 work_mem:128MB incremental:off max_workers:2 =====
SELECT * FROM s_2 ORDER BY a, b, c LIMIT 100000
                                           QUERY PLAN                                           
------------------------------------------------------------------------------------------------
 Limit  (cost=485898.87..485898.87 rows=1 width=20)
   ->  Limit  (cost=473231.39..484898.87 rows=100000 width=20)
         ->  Gather Merge  (cost=473231.39..1445526.71 rows=8333378 width=20)
               Workers Planned: 2
               ->  Sort  (cost=472231.37..482648.09 rows=4166689 width=20)
                     Sort Key: s_2.a, s_2.b, s_2.c
                     ->  Parallel Seq Scan on s_2  (cost=0.00..105361.89 rows=4166689 width=20)
(7 rows)

===== 246 [Wed Mar  7 16:26:17 CET 2018] scale:10000000 groups:1000 work_mem:128MB incremental:off max_workers:2 =====
SELECT * FROM s_3 ORDER BY a, b, c, d LIMIT 100000
                                           QUERY PLAN                                           
------------------------------------------------------------------------------------------------
 Limit  (cost=485898.87..485898.87 rows=1 width=20)
   ->  Limit  (cost=473231.39..484898.87 rows=100000 width=20)
         ->  Gather Merge  (cost=473231.39..1445526.71 rows=8333378 width=20)
               Workers Planned: 2
               ->  Sort  (cost=472231.37..482648.09 rows=4166689 width=20)
                     Sort Key: s_3.a, s_3.b, s_3.c, s_3.d
                     ->  Parallel Seq Scan on s_3  (cost=0.00..105361.89 rows=4166689 width=20)
(7 rows)

===== 247 [Wed Mar  7 16:26:20 CET 2018] scale:10000000 groups:1000 work_mem:256MB incremental:on max_workers:2 =====
SELECT * FROM s_1 ORDER BY a, b LIMIT 100000
                                                   QUERY PLAN                                                   
----------------------------------------------------------------------------------------------------------------
 Limit  (cost=3853.52..3853.52 rows=1 width=20)
   ->  Limit  (cost=1012.17..2853.52 rows=100000 width=20)
         ->  Incremental Sort  (cost=1012.17..185145.78 rows=9999939 width=20)
               Sort Key: s_1.a, s_1.b
               Presorted Key: s_1.a
               ->  Index Only Scan using s_1_a_e_d_c_b_idx on s_1  (cost=0.56..348311.65 rows=9999939 width=20)
(6 rows)

===== 248 [Wed Mar  7 16:26:20 CET 2018] scale:10000000 groups:1000 work_mem:256MB incremental:on max_workers:2 =====
SELECT * FROM s_2 ORDER BY a, b, c LIMIT 100000
                                                   QUERY PLAN                                                    
-----------------------------------------------------------------------------------------------------------------
 Limit  (cost=3002.51..3002.51 rows=1 width=20)
   ->  Limit  (cost=1.07..2002.51 rows=100000 width=20)
         ->  Incremental Sort  (cost=1.07..200145.68 rows=10000054 width=20)
               Sort Key: s_2.a, s_2.b, s_2.c
               Presorted Key: s_2.a, s_2.b
               ->  Index Only Scan using s_2_a_b_e_d_c_idx on s_2  (cost=0.56..348313.37 rows=10000054 width=20)
(6 rows)

===== 249 [Wed Mar  7 16:26:21 CET 2018] scale:10000000 groups:1000 work_mem:256MB incremental:on max_workers:2 =====
SELECT * FROM s_3 ORDER BY a, b, c, d LIMIT 100000
                                                   QUERY PLAN                                                    
-----------------------------------------------------------------------------------------------------------------
 Limit  (cost=3002.51..3002.51 rows=1 width=20)
   ->  Limit  (cost=1.07..2002.51 rows=100000 width=20)
         ->  Incremental Sort  (cost=1.07..200145.68 rows=10000054 width=20)
               Sort Key: s_3.a, s_3.b, s_3.c, s_3.d
               Presorted Key: s_3.a, s_3.b, s_3.c
               ->  Index Only Scan using s_3_a_b_c_e_d_idx on s_3  (cost=0.56..348313.37 rows=10000054 width=20)
(6 rows)

===== 250 [Wed Mar  7 16:26:21 CET 2018] scale:10000000 groups:1000 work_mem:256MB incremental:off max_workers:2 =====
SELECT * FROM s_1 ORDER BY a, b LIMIT 100000
                                           QUERY PLAN                                           
------------------------------------------------------------------------------------------------
 Limit  (cost=485894.17..485894.17 rows=1 width=20)
   ->  Limit  (cost=473226.69..484894.17 rows=100000 width=20)
         ->  Gather Merge  (cost=473226.69..1445510.80 rows=8333282 width=20)
               Workers Planned: 2
               ->  Sort  (cost=472226.66..482643.26 rows=4166641 width=20)
                     Sort Key: s_1.a, s_1.b
                     ->  Parallel Seq Scan on s_1  (cost=0.00..105361.41 rows=4166641 width=20)
(7 rows)

===== 251 [Wed Mar  7 16:26:23 CET 2018] scale:10000000 groups:1000 work_mem:256MB incremental:off max_workers:2 =====
SELECT * FROM s_2 ORDER BY a, b, c LIMIT 100000
                                           QUERY PLAN                                           
------------------------------------------------------------------------------------------------
 Limit  (cost=485898.87..485898.87 rows=1 width=20)
   ->  Limit  (cost=473231.39..484898.87 rows=100000 width=20)
         ->  Gather Merge  (cost=473231.39..1445526.71 rows=8333378 width=20)
               Workers Planned: 2
               ->  Sort  (cost=472231.37..482648.09 rows=4166689 width=20)
                     Sort Key: s_2.a, s_2.b, s_2.c
                     ->  Parallel Seq Scan on s_2  (cost=0.00..105361.89 rows=4166689 width=20)
(7 rows)

===== 252 [Wed Mar  7 16:26:26 CET 2018] scale:10000000 groups:1000 work_mem:256MB incremental:off max_workers:2 =====
SELECT * FROM s_3 ORDER BY a, b, c, d LIMIT 100000
                                           QUERY PLAN                                           
------------------------------------------------------------------------------------------------
 Limit  (cost=485898.87..485898.87 rows=1 width=20)
   ->  Limit  (cost=473231.39..484898.87 rows=100000 width=20)
         ->  Gather Merge  (cost=473231.39..1445526.71 rows=8333378 width=20)
               Workers Planned: 2
               ->  Sort  (cost=472231.37..482648.09 rows=4166689 width=20)
                     Sort Key: s_3.a, s_3.b, s_3.c, s_3.d
                     ->  Parallel Seq Scan on s_3  (cost=0.00..105361.89 rows=4166689 width=20)
(7 rows)

===== 253 [Wed Mar  7 16:27:36 CET 2018] scale:10000000 groups:10000 work_mem:4MB incremental:on max_workers:0 =====
SELECT * FROM s_1 ORDER BY a, b LIMIT 100000
                                                   QUERY PLAN                                                   
----------------------------------------------------------------------------------------------------------------
 Limit  (cost=2926.04..2926.04 rows=1 width=20)
   ->  Limit  (cost=90.00..1926.04 rows=100000 width=20)
         ->  Incremental Sort  (cost=90.00..183692.18 rows=9999939 width=20)
               Sort Key: s_1.a, s_1.b
               Presorted Key: s_1.a
               ->  Index Only Scan using s_1_a_e_d_c_b_idx on s_1  (cost=0.56..348311.65 rows=9999939 width=20)
(6 rows)

===== 254 [Wed Mar  7 16:27:36 CET 2018] scale:10000000 groups:10000 work_mem:4MB incremental:on max_workers:0 =====
SELECT * FROM s_2 ORDER BY a, b, c LIMIT 100000
                                                   QUERY PLAN                                                   
----------------------------------------------------------------------------------------------------------------
 Limit  (cost=3002.51..3002.51 rows=1 width=20)
   ->  Limit  (cost=1.07..2002.51 rows=100000 width=20)
         ->  Incremental Sort  (cost=1.07..200143.47 rows=9999939 width=20)
               Sort Key: s_2.a, s_2.b, s_2.c
               Presorted Key: s_2.a, s_2.b
               ->  Index Only Scan using s_2_a_b_e_d_c_idx on s_2  (cost=0.56..348311.65 rows=9999939 width=20)
(6 rows)

===== 255 [Wed Mar  7 16:27:36 CET 2018] scale:10000000 groups:10000 work_mem:4MB incremental:on max_workers:0 =====
SELECT * FROM s_3 ORDER BY a, b, c, d LIMIT 100000
                                                   QUERY PLAN                                                    
-----------------------------------------------------------------------------------------------------------------
 Limit  (cost=3002.51..3002.51 rows=1 width=20)
   ->  Limit  (cost=1.07..2002.51 rows=100000 width=20)
         ->  Incremental Sort  (cost=1.07..200145.68 rows=10000054 width=20)
               Sort Key: s_3.a, s_3.b, s_3.c, s_3.d
               Presorted Key: s_3.a, s_3.b, s_3.c
               ->  Index Only Scan using s_3_a_b_c_e_d_idx on s_3  (cost=0.56..348313.37 rows=10000054 width=20)
(6 rows)

===== 256 [Wed Mar  7 16:27:36 CET 2018] scale:10000000 groups:10000 work_mem:4MB incremental:off max_workers:0 =====
SELECT * FROM s_1 ORDER BY a, b LIMIT 100000
                                   QUERY PLAN                                    
---------------------------------------------------------------------------------
 Limit  (cost=1737769.69..1737769.69 rows=1 width=20)
   ->  Limit  (cost=1736519.69..1736769.69 rows=100000 width=20)
         ->  Sort  (cost=1736519.69..1761519.54 rows=9999939 width=20)
               Sort Key: s_1.a, s_1.b
               ->  Seq Scan on s_1  (cost=0.00..163694.39 rows=9999939 width=20)
(5 rows)

===== 257 [Wed Mar  7 16:28:09 CET 2018] scale:10000000 groups:10000 work_mem:4MB incremental:off max_workers:0 =====
SELECT * FROM s_2 ORDER BY a, b, c LIMIT 100000
                                   QUERY PLAN                                    
---------------------------------------------------------------------------------
 Limit  (cost=1737769.69..1737769.69 rows=1 width=20)
   ->  Limit  (cost=1736519.69..1736769.69 rows=100000 width=20)
         ->  Sort  (cost=1736519.69..1761519.54 rows=9999939 width=20)
               Sort Key: s_2.a, s_2.b, s_2.c
               ->  Seq Scan on s_2  (cost=0.00..163694.39 rows=9999939 width=20)
(5 rows)

===== 258 [Wed Mar  7 16:28:37 CET 2018] scale:10000000 groups:10000 work_mem:4MB incremental:off max_workers:0 =====
SELECT * FROM s_3 ORDER BY a, b, c, d LIMIT 100000
                                    QUERY PLAN                                    
----------------------------------------------------------------------------------
 Limit  (cost=1737792.04..1737792.04 rows=1 width=20)
   ->  Limit  (cost=1736542.04..1736792.04 rows=100000 width=20)
         ->  Sort  (cost=1736542.04..1761542.18 rows=10000054 width=20)
               Sort Key: s_3.a, s_3.b, s_3.c, s_3.d
               ->  Seq Scan on s_3  (cost=0.00..163695.54 rows=10000054 width=20)
(5 rows)

===== 259 [Wed Mar  7 16:28:57 CET 2018] scale:10000000 groups:10000 work_mem:8MB incremental:on max_workers:0 =====
SELECT * FROM s_1 ORDER BY a, b LIMIT 100000
                                                   QUERY PLAN                                                   
----------------------------------------------------------------------------------------------------------------
 Limit  (cost=2926.04..2926.04 rows=1 width=20)
   ->  Limit  (cost=90.00..1926.04 rows=100000 width=20)
         ->  Incremental Sort  (cost=90.00..183692.18 rows=9999939 width=20)
               Sort Key: s_1.a, s_1.b
               Presorted Key: s_1.a
               ->  Index Only Scan using s_1_a_e_d_c_b_idx on s_1  (cost=0.56..348311.65 rows=9999939 width=20)
(6 rows)

===== 260 [Wed Mar  7 16:28:57 CET 2018] scale:10000000 groups:10000 work_mem:8MB incremental:on max_workers:0 =====
SELECT * FROM s_2 ORDER BY a, b, c LIMIT 100000
                                                   QUERY PLAN                                                   
----------------------------------------------------------------------------------------------------------------
 Limit  (cost=3002.51..3002.51 rows=1 width=20)
   ->  Limit  (cost=1.07..2002.51 rows=100000 width=20)
         ->  Incremental Sort  (cost=1.07..200143.47 rows=9999939 width=20)
               Sort Key: s_2.a, s_2.b, s_2.c
               Presorted Key: s_2.a, s_2.b
               ->  Index Only Scan using s_2_a_b_e_d_c_idx on s_2  (cost=0.56..348311.65 rows=9999939 width=20)
(6 rows)

===== 261 [Wed Mar  7 16:28:57 CET 2018] scale:10000000 groups:10000 work_mem:8MB incremental:on max_workers:0 =====
SELECT * FROM s_3 ORDER BY a, b, c, d LIMIT 100000
                                                   QUERY PLAN                                                    
-----------------------------------------------------------------------------------------------------------------
 Limit  (cost=3002.51..3002.51 rows=1 width=20)
   ->  Limit  (cost=1.07..2002.51 rows=100000 width=20)
         ->  Incremental Sort  (cost=1.07..200145.68 rows=10000054 width=20)
               Sort Key: s_3.a, s_3.b, s_3.c, s_3.d
               Presorted Key: s_3.a, s_3.b, s_3.c
               ->  Index Only Scan using s_3_a_b_c_e_d_idx on s_3  (cost=0.56..348313.37 rows=10000054 width=20)
(6 rows)

===== 262 [Wed Mar  7 16:28:57 CET 2018] scale:10000000 groups:10000 work_mem:8MB incremental:off max_workers:0 =====
SELECT * FROM s_1 ORDER BY a, b LIMIT 100000
                                   QUERY PLAN                                    
---------------------------------------------------------------------------------
 Limit  (cost=1045421.04..1045421.04 rows=1 width=20)
   ->  Limit  (cost=1044171.04..1044421.04 rows=100000 width=20)
         ->  Sort  (cost=1044171.04..1069170.89 rows=9999939 width=20)
               Sort Key: s_1.a, s_1.b
               ->  Seq Scan on s_1  (cost=0.00..163694.39 rows=9999939 width=20)
(5 rows)

===== 263 [Wed Mar  7 16:29:27 CET 2018] scale:10000000 groups:10000 work_mem:8MB incremental:off max_workers:0 =====
SELECT * FROM s_2 ORDER BY a, b, c LIMIT 100000
                                   QUERY PLAN                                    
---------------------------------------------------------------------------------
 Limit  (cost=1045421.04..1045421.04 rows=1 width=20)
   ->  Limit  (cost=1044171.04..1044421.04 rows=100000 width=20)
         ->  Sort  (cost=1044171.04..1069170.89 rows=9999939 width=20)
               Sort Key: s_2.a, s_2.b, s_2.c
               ->  Seq Scan on s_2  (cost=0.00..163694.39 rows=9999939 width=20)
(5 rows)

===== 264 [Wed Mar  7 16:29:51 CET 2018] scale:10000000 groups:10000 work_mem:8MB incremental:off max_workers:0 =====
SELECT * FROM s_3 ORDER BY a, b, c, d LIMIT 100000
                                    QUERY PLAN                                    
----------------------------------------------------------------------------------
 Limit  (cost=1045432.32..1045432.32 rows=1 width=20)
   ->  Limit  (cost=1044182.32..1044432.32 rows=100000 width=20)
         ->  Sort  (cost=1044182.32..1069182.45 rows=10000054 width=20)
               Sort Key: s_3.a, s_3.b, s_3.c, s_3.d
               ->  Seq Scan on s_3  (cost=0.00..163695.54 rows=10000054 width=20)
(5 rows)

===== 265 [Wed Mar  7 16:30:06 CET 2018] scale:10000000 groups:10000 work_mem:16MB incremental:on max_workers:0 =====
SELECT * FROM s_1 ORDER BY a, b LIMIT 100000
                                                   QUERY PLAN                                                   
----------------------------------------------------------------------------------------------------------------
 Limit  (cost=2926.04..2926.04 rows=1 width=20)
   ->  Limit  (cost=90.00..1926.04 rows=100000 width=20)
         ->  Incremental Sort  (cost=90.00..183692.18 rows=9999939 width=20)
               Sort Key: s_1.a, s_1.b
               Presorted Key: s_1.a
               ->  Index Only Scan using s_1_a_e_d_c_b_idx on s_1  (cost=0.56..348311.65 rows=9999939 width=20)
(6 rows)

===== 266 [Wed Mar  7 16:30:06 CET 2018] scale:10000000 groups:10000 work_mem:16MB incremental:on max_workers:0 =====
SELECT * FROM s_2 ORDER BY a, b, c LIMIT 100000
                                                   QUERY PLAN                                                   
----------------------------------------------------------------------------------------------------------------
 Limit  (cost=3002.51..3002.51 rows=1 width=20)
   ->  Limit  (cost=1.07..2002.51 rows=100000 width=20)
         ->  Incremental Sort  (cost=1.07..200143.47 rows=9999939 width=20)
               Sort Key: s_2.a, s_2.b, s_2.c
               Presorted Key: s_2.a, s_2.b
               ->  Index Only Scan using s_2_a_b_e_d_c_idx on s_2  (cost=0.56..348311.65 rows=9999939 width=20)
(6 rows)

===== 267 [Wed Mar  7 16:30:06 CET 2018] scale:10000000 groups:10000 work_mem:16MB incremental:on max_workers:0 =====
SELECT * FROM s_3 ORDER BY a, b, c, d LIMIT 100000
                                                   QUERY PLAN                                                    
-----------------------------------------------------------------------------------------------------------------
 Limit  (cost=3002.51..3002.51 rows=1 width=20)
   ->  Limit  (cost=1.07..2002.51 rows=100000 width=20)
         ->  Incremental Sort  (cost=1.07..200145.68 rows=10000054 width=20)
               Sort Key: s_3.a, s_3.b, s_3.c, s_3.d
               Presorted Key: s_3.a, s_3.b, s_3.c
               ->  Index Only Scan using s_3_a_b_c_e_d_idx on s_3  (cost=0.56..348313.37 rows=10000054 width=20)
(6 rows)

===== 268 [Wed Mar  7 16:30:07 CET 2018] scale:10000000 groups:10000 work_mem:16MB incremental:off max_workers:0 =====
SELECT * FROM s_1 ORDER BY a, b LIMIT 100000
                                   QUERY PLAN                                    
---------------------------------------------------------------------------------
 Limit  (cost=1045421.04..1045421.04 rows=1 width=20)
   ->  Limit  (cost=1044171.04..1044421.04 rows=100000 width=20)
         ->  Sort  (cost=1044171.04..1069170.89 rows=9999939 width=20)
               Sort Key: s_1.a, s_1.b
               ->  Seq Scan on s_1  (cost=0.00..163694.39 rows=9999939 width=20)
(5 rows)

===== 269 [Wed Mar  7 16:30:32 CET 2018] scale:10000000 groups:10000 work_mem:16MB incremental:off max_workers:0 =====
SELECT * FROM s_2 ORDER BY a, b, c LIMIT 100000
                                   QUERY PLAN                                    
---------------------------------------------------------------------------------
 Limit  (cost=1045421.04..1045421.04 rows=1 width=20)
   ->  Limit  (cost=1044171.04..1044421.04 rows=100000 width=20)
         ->  Sort  (cost=1044171.04..1069170.89 rows=9999939 width=20)
               Sort Key: s_2.a, s_2.b, s_2.c
               ->  Seq Scan on s_2  (cost=0.00..163694.39 rows=9999939 width=20)
(5 rows)

===== 270 [Wed Mar  7 16:30:52 CET 2018] scale:10000000 groups:10000 work_mem:16MB incremental:off max_workers:0 =====
SELECT * FROM s_3 ORDER BY a, b, c, d LIMIT 100000
                                    QUERY PLAN                                    
----------------------------------------------------------------------------------
 Limit  (cost=1045432.32..1045432.32 rows=1 width=20)
   ->  Limit  (cost=1044182.32..1044432.32 rows=100000 width=20)
         ->  Sort  (cost=1044182.32..1069182.45 rows=10000054 width=20)
               Sort Key: s_3.a, s_3.b, s_3.c, s_3.d
               ->  Seq Scan on s_3  (cost=0.00..163695.54 rows=10000054 width=20)
(5 rows)

===== 271 [Wed Mar  7 16:31:03 CET 2018] scale:10000000 groups:10000 work_mem:32MB incremental:on max_workers:0 =====
SELECT * FROM s_1 ORDER BY a, b LIMIT 100000
                                                   QUERY PLAN                                                   
----------------------------------------------------------------------------------------------------------------
 Limit  (cost=2926.04..2926.04 rows=1 width=20)
   ->  Limit  (cost=90.00..1926.04 rows=100000 width=20)
         ->  Incremental Sort  (cost=90.00..183692.18 rows=9999939 width=20)
               Sort Key: s_1.a, s_1.b
               Presorted Key: s_1.a
               ->  Index Only Scan using s_1_a_e_d_c_b_idx on s_1  (cost=0.56..348311.65 rows=9999939 width=20)
(6 rows)

===== 272 [Wed Mar  7 16:31:03 CET 2018] scale:10000000 groups:10000 work_mem:32MB incremental:on max_workers:0 =====
SELECT * FROM s_2 ORDER BY a, b, c LIMIT 100000
                                                   QUERY PLAN                                                   
----------------------------------------------------------------------------------------------------------------
 Limit  (cost=3002.51..3002.51 rows=1 width=20)
   ->  Limit  (cost=1.07..2002.51 rows=100000 width=20)
         ->  Incremental Sort  (cost=1.07..200143.47 rows=9999939 width=20)
               Sort Key: s_2.a, s_2.b, s_2.c
               Presorted Key: s_2.a, s_2.b
               ->  Index Only Scan using s_2_a_b_e_d_c_idx on s_2  (cost=0.56..348311.65 rows=9999939 width=20)
(6 rows)

===== 273 [Wed Mar  7 16:31:03 CET 2018] scale:10000000 groups:10000 work_mem:32MB incremental:on max_workers:0 =====
SELECT * FROM s_3 ORDER BY a, b, c, d LIMIT 100000
                                                   QUERY PLAN                                                    
-----------------------------------------------------------------------------------------------------------------
 Limit  (cost=3002.51..3002.51 rows=1 width=20)
   ->  Limit  (cost=1.07..2002.51 rows=100000 width=20)
         ->  Incremental Sort  (cost=1.07..200145.68 rows=10000054 width=20)
               Sort Key: s_3.a, s_3.b, s_3.c, s_3.d
               Presorted Key: s_3.a, s_3.b, s_3.c
               ->  Index Only Scan using s_3_a_b_c_e_d_idx on s_3  (cost=0.56..348313.37 rows=10000054 width=20)
(6 rows)

===== 274 [Wed Mar  7 16:31:04 CET 2018] scale:10000000 groups:10000 work_mem:32MB incremental:off max_workers:0 =====
SELECT * FROM s_1 ORDER BY a, b LIMIT 100000
                                   QUERY PLAN                                    
---------------------------------------------------------------------------------
 Limit  (cost=1045421.04..1045421.04 rows=1 width=20)
   ->  Limit  (cost=1044171.04..1044421.04 rows=100000 width=20)
         ->  Sort  (cost=1044171.04..1069170.89 rows=9999939 width=20)
               Sort Key: s_1.a, s_1.b
               ->  Seq Scan on s_1  (cost=0.00..163694.39 rows=9999939 width=20)
(5 rows)

===== 275 [Wed Mar  7 16:31:10 CET 2018] scale:10000000 groups:10000 work_mem:32MB incremental:off max_workers:0 =====
SELECT * FROM s_2 ORDER BY a, b, c LIMIT 100000
                                   QUERY PLAN                                    
---------------------------------------------------------------------------------
 Limit  (cost=1045421.04..1045421.04 rows=1 width=20)
   ->  Limit  (cost=1044171.04..1044421.04 rows=100000 width=20)
         ->  Sort  (cost=1044171.04..1069170.89 rows=9999939 width=20)
               Sort Key: s_2.a, s_2.b, s_2.c
               ->  Seq Scan on s_2  (cost=0.00..163694.39 rows=9999939 width=20)
(5 rows)

===== 276 [Wed Mar  7 16:31:16 CET 2018] scale:10000000 groups:10000 work_mem:32MB incremental:off max_workers:0 =====
SELECT * FROM s_3 ORDER BY a, b, c, d LIMIT 100000
                                    QUERY PLAN                                    
----------------------------------------------------------------------------------
 Limit  (cost=1045432.32..1045432.32 rows=1 width=20)
   ->  Limit  (cost=1044182.32..1044432.32 rows=100000 width=20)
         ->  Sort  (cost=1044182.32..1069182.45 rows=10000054 width=20)
               Sort Key: s_3.a, s_3.b, s_3.c, s_3.d
               ->  Seq Scan on s_3  (cost=0.00..163695.54 rows=10000054 width=20)
(5 rows)

===== 277 [Wed Mar  7 16:31:22 CET 2018] scale:10000000 groups:10000 work_mem:64MB incremental:on max_workers:0 =====
SELECT * FROM s_1 ORDER BY a, b LIMIT 100000
                                                   QUERY PLAN                                                   
----------------------------------------------------------------------------------------------------------------
 Limit  (cost=2926.04..2926.04 rows=1 width=20)
   ->  Limit  (cost=90.00..1926.04 rows=100000 width=20)
         ->  Incremental Sort  (cost=90.00..183692.18 rows=9999939 width=20)
               Sort Key: s_1.a, s_1.b
               Presorted Key: s_1.a
               ->  Index Only Scan using s_1_a_e_d_c_b_idx on s_1  (cost=0.56..348311.65 rows=9999939 width=20)
(6 rows)

===== 278 [Wed Mar  7 16:31:23 CET 2018] scale:10000000 groups:10000 work_mem:64MB incremental:on max_workers:0 =====
SELECT * FROM s_2 ORDER BY a, b, c LIMIT 100000
                                                   QUERY PLAN                                                   
----------------------------------------------------------------------------------------------------------------
 Limit  (cost=3002.51..3002.51 rows=1 width=20)
   ->  Limit  (cost=1.07..2002.51 rows=100000 width=20)
         ->  Incremental Sort  (cost=1.07..200143.47 rows=9999939 width=20)
               Sort Key: s_2.a, s_2.b, s_2.c
               Presorted Key: s_2.a, s_2.b
               ->  Index Only Scan using s_2_a_b_e_d_c_idx on s_2  (cost=0.56..348311.65 rows=9999939 width=20)
(6 rows)

===== 279 [Wed Mar  7 16:31:23 CET 2018] scale:10000000 groups:10000 work_mem:64MB incremental:on max_workers:0 =====
SELECT * FROM s_3 ORDER BY a, b, c, d LIMIT 100000
                                                   QUERY PLAN                                                    
-----------------------------------------------------------------------------------------------------------------
 Limit  (cost=3002.51..3002.51 rows=1 width=20)
   ->  Limit  (cost=1.07..2002.51 rows=100000 width=20)
         ->  Incremental Sort  (cost=1.07..200145.68 rows=10000054 width=20)
               Sort Key: s_3.a, s_3.b, s_3.c, s_3.d
               Presorted Key: s_3.a, s_3.b, s_3.c
               ->  Index Only Scan using s_3_a_b_c_e_d_idx on s_3  (cost=0.56..348313.37 rows=10000054 width=20)
(6 rows)

===== 280 [Wed Mar  7 16:31:23 CET 2018] scale:10000000 groups:10000 work_mem:64MB incremental:off max_workers:0 =====
SELECT * FROM s_1 ORDER BY a, b LIMIT 100000
                                   QUERY PLAN                                    
---------------------------------------------------------------------------------
 Limit  (cost=1045421.04..1045421.04 rows=1 width=20)
   ->  Limit  (cost=1044171.04..1044421.04 rows=100000 width=20)
         ->  Sort  (cost=1044171.04..1069170.89 rows=9999939 width=20)
               Sort Key: s_1.a, s_1.b
               ->  Seq Scan on s_1  (cost=0.00..163694.39 rows=9999939 width=20)
(5 rows)

===== 281 [Wed Mar  7 16:31:29 CET 2018] scale:10000000 groups:10000 work_mem:64MB incremental:off max_workers:0 =====
SELECT * FROM s_2 ORDER BY a, b, c LIMIT 100000
                                   QUERY PLAN                                    
---------------------------------------------------------------------------------
 Limit  (cost=1045421.04..1045421.04 rows=1 width=20)
   ->  Limit  (cost=1044171.04..1044421.04 rows=100000 width=20)
         ->  Sort  (cost=1044171.04..1069170.89 rows=9999939 width=20)
               Sort Key: s_2.a, s_2.b, s_2.c
               ->  Seq Scan on s_2  (cost=0.00..163694.39 rows=9999939 width=20)
(5 rows)

===== 282 [Wed Mar  7 16:31:35 CET 2018] scale:10000000 groups:10000 work_mem:64MB incremental:off max_workers:0 =====
SELECT * FROM s_3 ORDER BY a, b, c, d LIMIT 100000
                                    QUERY PLAN                                    
----------------------------------------------------------------------------------
 Limit  (cost=1045432.32..1045432.32 rows=1 width=20)
   ->  Limit  (cost=1044182.32..1044432.32 rows=100000 width=20)
         ->  Sort  (cost=1044182.32..1069182.45 rows=10000054 width=20)
               Sort Key: s_3.a, s_3.b, s_3.c, s_3.d
               ->  Seq Scan on s_3  (cost=0.00..163695.54 rows=10000054 width=20)
(5 rows)

===== 283 [Wed Mar  7 16:31:42 CET 2018] scale:10000000 groups:10000 work_mem:128MB incremental:on max_workers:0 =====
SELECT * FROM s_1 ORDER BY a, b LIMIT 100000
                                                   QUERY PLAN                                                   
----------------------------------------------------------------------------------------------------------------
 Limit  (cost=2926.04..2926.04 rows=1 width=20)
   ->  Limit  (cost=90.00..1926.04 rows=100000 width=20)
         ->  Incremental Sort  (cost=90.00..183692.18 rows=9999939 width=20)
               Sort Key: s_1.a, s_1.b
               Presorted Key: s_1.a
               ->  Index Only Scan using s_1_a_e_d_c_b_idx on s_1  (cost=0.56..348311.65 rows=9999939 width=20)
(6 rows)

===== 284 [Wed Mar  7 16:31:42 CET 2018] scale:10000000 groups:10000 work_mem:128MB incremental:on max_workers:0 =====
SELECT * FROM s_2 ORDER BY a, b, c LIMIT 100000
                                                   QUERY PLAN                                                   
----------------------------------------------------------------------------------------------------------------
 Limit  (cost=3002.51..3002.51 rows=1 width=20)
   ->  Limit  (cost=1.07..2002.51 rows=100000 width=20)
         ->  Incremental Sort  (cost=1.07..200143.47 rows=9999939 width=20)
               Sort Key: s_2.a, s_2.b, s_2.c
               Presorted Key: s_2.a, s_2.b
               ->  Index Only Scan using s_2_a_b_e_d_c_idx on s_2  (cost=0.56..348311.65 rows=9999939 width=20)
(6 rows)

===== 285 [Wed Mar  7 16:31:42 CET 2018] scale:10000000 groups:10000 work_mem:128MB incremental:on max_workers:0 =====
SELECT * FROM s_3 ORDER BY a, b, c, d LIMIT 100000
                                                   QUERY PLAN                                                    
-----------------------------------------------------------------------------------------------------------------
 Limit  (cost=3002.51..3002.51 rows=1 width=20)
   ->  Limit  (cost=1.07..2002.51 rows=100000 width=20)
         ->  Incremental Sort  (cost=1.07..200145.68 rows=10000054 width=20)
               Sort Key: s_3.a, s_3.b, s_3.c, s_3.d
               Presorted Key: s_3.a, s_3.b, s_3.c
               ->  Index Only Scan using s_3_a_b_c_e_d_idx on s_3  (cost=0.56..348313.37 rows=10000054 width=20)
(6 rows)

===== 286 [Wed Mar  7 16:31:42 CET 2018] scale:10000000 groups:10000 work_mem:128MB incremental:off max_workers:0 =====
SELECT * FROM s_1 ORDER BY a, b LIMIT 100000
                                   QUERY PLAN                                    
---------------------------------------------------------------------------------
 Limit  (cost=1045421.04..1045421.04 rows=1 width=20)
   ->  Limit  (cost=1044171.04..1044421.04 rows=100000 width=20)
         ->  Sort  (cost=1044171.04..1069170.89 rows=9999939 width=20)
               Sort Key: s_1.a, s_1.b
               ->  Seq Scan on s_1  (cost=0.00..163694.39 rows=9999939 width=20)
(5 rows)

===== 287 [Wed Mar  7 16:31:49 CET 2018] scale:10000000 groups:10000 work_mem:128MB incremental:off max_workers:0 =====
SELECT * FROM s_2 ORDER BY a, b, c LIMIT 100000
                                   QUERY PLAN                                    
---------------------------------------------------------------------------------
 Limit  (cost=1045421.04..1045421.04 rows=1 width=20)
   ->  Limit  (cost=1044171.04..1044421.04 rows=100000 width=20)
         ->  Sort  (cost=1044171.04..1069170.89 rows=9999939 width=20)
               Sort Key: s_2.a, s_2.b, s_2.c
               ->  Seq Scan on s_2  (cost=0.00..163694.39 rows=9999939 width=20)
(5 rows)

===== 288 [Wed Mar  7 16:31:55 CET 2018] scale:10000000 groups:10000 work_mem:128MB incremental:off max_workers:0 =====
SELECT * FROM s_3 ORDER BY a, b, c, d LIMIT 100000
                                    QUERY PLAN                                    
----------------------------------------------------------------------------------
 Limit  (cost=1045432.32..1045432.32 rows=1 width=20)
   ->  Limit  (cost=1044182.32..1044432.32 rows=100000 width=20)
         ->  Sort  (cost=1044182.32..1069182.45 rows=10000054 width=20)
               Sort Key: s_3.a, s_3.b, s_3.c, s_3.d
               ->  Seq Scan on s_3  (cost=0.00..163695.54 rows=10000054 width=20)
(5 rows)

===== 289 [Wed Mar  7 16:32:01 CET 2018] scale:10000000 groups:10000 work_mem:256MB incremental:on max_workers:0 =====
SELECT * FROM s_1 ORDER BY a, b LIMIT 100000
                                                   QUERY PLAN                                                   
----------------------------------------------------------------------------------------------------------------
 Limit  (cost=2926.04..2926.04 rows=1 width=20)
   ->  Limit  (cost=90.00..1926.04 rows=100000 width=20)
         ->  Incremental Sort  (cost=90.00..183692.18 rows=9999939 width=20)
               Sort Key: s_1.a, s_1.b
               Presorted Key: s_1.a
               ->  Index Only Scan using s_1_a_e_d_c_b_idx on s_1  (cost=0.56..348311.65 rows=9999939 width=20)
(6 rows)

===== 290 [Wed Mar  7 16:32:01 CET 2018] scale:10000000 groups:10000 work_mem:256MB incremental:on max_workers:0 =====
SELECT * FROM s_2 ORDER BY a, b, c LIMIT 100000
                                                   QUERY PLAN                                                   
----------------------------------------------------------------------------------------------------------------
 Limit  (cost=3002.51..3002.51 rows=1 width=20)
   ->  Limit  (cost=1.07..2002.51 rows=100000 width=20)
         ->  Incremental Sort  (cost=1.07..200143.47 rows=9999939 width=20)
               Sort Key: s_2.a, s_2.b, s_2.c
               Presorted Key: s_2.a, s_2.b
               ->  Index Only Scan using s_2_a_b_e_d_c_idx on s_2  (cost=0.56..348311.65 rows=9999939 width=20)
(6 rows)

===== 291 [Wed Mar  7 16:32:02 CET 2018] scale:10000000 groups:10000 work_mem:256MB incremental:on max_workers:0 =====
SELECT * FROM s_3 ORDER BY a, b, c, d LIMIT 100000
                                                   QUERY PLAN                                                    
-----------------------------------------------------------------------------------------------------------------
 Limit  (cost=3002.51..3002.51 rows=1 width=20)
   ->  Limit  (cost=1.07..2002.51 rows=100000 width=20)
         ->  Incremental Sort  (cost=1.07..200145.68 rows=10000054 width=20)
               Sort Key: s_3.a, s_3.b, s_3.c, s_3.d
               Presorted Key: s_3.a, s_3.b, s_3.c
               ->  Index Only Scan using s_3_a_b_c_e_d_idx on s_3  (cost=0.56..348313.37 rows=10000054 width=20)
(6 rows)

===== 292 [Wed Mar  7 16:32:02 CET 2018] scale:10000000 groups:10000 work_mem:256MB incremental:off max_workers:0 =====
SELECT * FROM s_1 ORDER BY a, b LIMIT 100000
                                   QUERY PLAN                                    
---------------------------------------------------------------------------------
 Limit  (cost=1045421.04..1045421.04 rows=1 width=20)
   ->  Limit  (cost=1044171.04..1044421.04 rows=100000 width=20)
         ->  Sort  (cost=1044171.04..1069170.89 rows=9999939 width=20)
               Sort Key: s_1.a, s_1.b
               ->  Seq Scan on s_1  (cost=0.00..163694.39 rows=9999939 width=20)
(5 rows)

===== 293 [Wed Mar  7 16:32:08 CET 2018] scale:10000000 groups:10000 work_mem:256MB incremental:off max_workers:0 =====
SELECT * FROM s_2 ORDER BY a, b, c LIMIT 100000
                                   QUERY PLAN                                    
---------------------------------------------------------------------------------
 Limit  (cost=1045421.04..1045421.04 rows=1 width=20)
   ->  Limit  (cost=1044171.04..1044421.04 rows=100000 width=20)
         ->  Sort  (cost=1044171.04..1069170.89 rows=9999939 width=20)
               Sort Key: s_2.a, s_2.b, s_2.c
               ->  Seq Scan on s_2  (cost=0.00..163694.39 rows=9999939 width=20)
(5 rows)

===== 294 [Wed Mar  7 16:32:14 CET 2018] scale:10000000 groups:10000 work_mem:256MB incremental:off max_workers:0 =====
SELECT * FROM s_3 ORDER BY a, b, c, d LIMIT 100000
                                    QUERY PLAN                                    
----------------------------------------------------------------------------------
 Limit  (cost=1045432.32..1045432.32 rows=1 width=20)
   ->  Limit  (cost=1044182.32..1044432.32 rows=100000 width=20)
         ->  Sort  (cost=1044182.32..1069182.45 rows=10000054 width=20)
               Sort Key: s_3.a, s_3.b, s_3.c, s_3.d
               ->  Seq Scan on s_3  (cost=0.00..163695.54 rows=10000054 width=20)
(5 rows)

===== 295 [Wed Mar  7 16:32:21 CET 2018] scale:10000000 groups:10000 work_mem:4MB incremental:on max_workers:2 =====
SELECT * FROM s_1 ORDER BY a, b LIMIT 100000
                                                   QUERY PLAN                                                   
----------------------------------------------------------------------------------------------------------------
 Limit  (cost=2926.04..2926.04 rows=1 width=20)
   ->  Limit  (cost=90.00..1926.04 rows=100000 width=20)
         ->  Incremental Sort  (cost=90.00..183692.18 rows=9999939 width=20)
               Sort Key: s_1.a, s_1.b
               Presorted Key: s_1.a
               ->  Index Only Scan using s_1_a_e_d_c_b_idx on s_1  (cost=0.56..348311.65 rows=9999939 width=20)
(6 rows)

===== 296 [Wed Mar  7 16:32:21 CET 2018] scale:10000000 groups:10000 work_mem:4MB incremental:on max_workers:2 =====
SELECT * FROM s_2 ORDER BY a, b, c LIMIT 100000
                                                   QUERY PLAN                                                   
----------------------------------------------------------------------------------------------------------------
 Limit  (cost=3002.51..3002.51 rows=1 width=20)
   ->  Limit  (cost=1.07..2002.51 rows=100000 width=20)
         ->  Incremental Sort  (cost=1.07..200143.47 rows=9999939 width=20)
               Sort Key: s_2.a, s_2.b, s_2.c
               Presorted Key: s_2.a, s_2.b
               ->  Index Only Scan using s_2_a_b_e_d_c_idx on s_2  (cost=0.56..348311.65 rows=9999939 width=20)
(6 rows)

===== 297 [Wed Mar  7 16:32:21 CET 2018] scale:10000000 groups:10000 work_mem:4MB incremental:on max_workers:2 =====
SELECT * FROM s_3 ORDER BY a, b, c, d LIMIT 100000
                                                   QUERY PLAN                                                    
-----------------------------------------------------------------------------------------------------------------
 Limit  (cost=3002.51..3002.51 rows=1 width=20)
   ->  Limit  (cost=1.07..2002.51 rows=100000 width=20)
         ->  Incremental Sort  (cost=1.07..200145.68 rows=10000054 width=20)
               Sort Key: s_3.a, s_3.b, s_3.c, s_3.d
               Presorted Key: s_3.a, s_3.b, s_3.c
               ->  Index Only Scan using s_3_a_b_c_e_d_idx on s_3  (cost=0.56..348313.37 rows=10000054 width=20)
(6 rows)

===== 298 [Wed Mar  7 16:32:21 CET 2018] scale:10000000 groups:10000 work_mem:4MB incremental:off max_workers:2 =====
SELECT * FROM s_1 ORDER BY a, b LIMIT 100000
                                           QUERY PLAN                                           
------------------------------------------------------------------------------------------------
 Limit  (cost=748058.54..748058.54 rows=1 width=20)
   ->  Limit  (cost=735391.06..747058.54 rows=100000 width=20)
         ->  Gather Merge  (cost=735391.06..1707675.17 rows=8333282 width=20)
               Workers Planned: 2
               ->  Sort  (cost=734391.04..744807.64 rows=4166641 width=20)
                     Sort Key: s_1.a, s_1.b
                     ->  Parallel Seq Scan on s_1  (cost=0.00..105361.41 rows=4166641 width=20)
(7 rows)

===== 299 [Wed Mar  7 16:32:32 CET 2018] scale:10000000 groups:10000 work_mem:4MB incremental:off max_workers:2 =====
SELECT * FROM s_2 ORDER BY a, b, c LIMIT 100000
                                           QUERY PLAN                                           
------------------------------------------------------------------------------------------------
 Limit  (cost=748058.54..748058.54 rows=1 width=20)
   ->  Limit  (cost=735391.06..747058.54 rows=100000 width=20)
         ->  Gather Merge  (cost=735391.06..1707675.17 rows=8333282 width=20)
               Workers Planned: 2
               ->  Sort  (cost=734391.04..744807.64 rows=4166641 width=20)
                     Sort Key: s_2.a, s_2.b, s_2.c
                     ->  Parallel Seq Scan on s_2  (cost=0.00..105361.41 rows=4166641 width=20)
(7 rows)

===== 300 [Wed Mar  7 16:32:40 CET 2018] scale:10000000 groups:10000 work_mem:4MB incremental:off max_workers:2 =====
SELECT * FROM s_3 ORDER BY a, b, c, d LIMIT 100000
                                           QUERY PLAN                                           
------------------------------------------------------------------------------------------------
 Limit  (cost=748071.64..748071.64 rows=1 width=20)
   ->  Limit  (cost=735404.16..747071.64 rows=100000 width=20)
         ->  Gather Merge  (cost=735404.16..1707699.48 rows=8333378 width=20)
               Workers Planned: 2
               ->  Sort  (cost=734404.14..744820.86 rows=4166689 width=20)
                     Sort Key: s_3.a, s_3.b, s_3.c, s_3.d
                     ->  Parallel Seq Scan on s_3  (cost=0.00..105361.89 rows=4166689 width=20)
(7 rows)

===== 301 [Wed Mar  7 16:32:46 CET 2018] scale:10000000 groups:10000 work_mem:8MB incremental:on max_workers:2 =====
SELECT * FROM s_1 ORDER BY a, b LIMIT 100000
                                                   QUERY PLAN                                                   
----------------------------------------------------------------------------------------------------------------
 Limit  (cost=2926.04..2926.04 rows=1 width=20)
   ->  Limit  (cost=90.00..1926.04 rows=100000 width=20)
         ->  Incremental Sort  (cost=90.00..183692.18 rows=9999939 width=20)
               Sort Key: s_1.a, s_1.b
               Presorted Key: s_1.a
               ->  Index Only Scan using s_1_a_e_d_c_b_idx on s_1  (cost=0.56..348311.65 rows=9999939 width=20)
(6 rows)

===== 302 [Wed Mar  7 16:32:47 CET 2018] scale:10000000 groups:10000 work_mem:8MB incremental:on max_workers:2 =====
SELECT * FROM s_2 ORDER BY a, b, c LIMIT 100000
                                                   QUERY PLAN                                                   
----------------------------------------------------------------------------------------------------------------
 Limit  (cost=3002.51..3002.51 rows=1 width=20)
   ->  Limit  (cost=1.07..2002.51 rows=100000 width=20)
         ->  Incremental Sort  (cost=1.07..200143.47 rows=9999939 width=20)
               Sort Key: s_2.a, s_2.b, s_2.c
               Presorted Key: s_2.a, s_2.b
               ->  Index Only Scan using s_2_a_b_e_d_c_idx on s_2  (cost=0.56..348311.65 rows=9999939 width=20)
(6 rows)

===== 303 [Wed Mar  7 16:32:47 CET 2018] scale:10000000 groups:10000 work_mem:8MB incremental:on max_workers:2 =====
SELECT * FROM s_3 ORDER BY a, b, c, d LIMIT 100000
                                                   QUERY PLAN                                                    
-----------------------------------------------------------------------------------------------------------------
 Limit  (cost=3002.51..3002.51 rows=1 width=20)
   ->  Limit  (cost=1.07..2002.51 rows=100000 width=20)
         ->  Incremental Sort  (cost=1.07..200145.68 rows=10000054 width=20)
               Sort Key: s_3.a, s_3.b, s_3.c, s_3.d
               Presorted Key: s_3.a, s_3.b, s_3.c
               ->  Index Only Scan using s_3_a_b_c_e_d_idx on s_3  (cost=0.56..348313.37 rows=10000054 width=20)
(6 rows)

===== 304 [Wed Mar  7 16:32:47 CET 2018] scale:10000000 groups:10000 work_mem:8MB incremental:off max_workers:2 =====
SELECT * FROM s_1 ORDER BY a, b LIMIT 100000
                                           QUERY PLAN                                           
------------------------------------------------------------------------------------------------
 Limit  (cost=485894.17..485894.17 rows=1 width=20)
   ->  Limit  (cost=473226.69..484894.17 rows=100000 width=20)
         ->  Gather Merge  (cost=473226.69..1445510.80 rows=8333282 width=20)
               Workers Planned: 2
               ->  Sort  (cost=472226.66..482643.26 rows=4166641 width=20)
                     Sort Key: s_1.a, s_1.b
                     ->  Parallel Seq Scan on s_1  (cost=0.00..105361.41 rows=4166641 width=20)
(7 rows)

===== 305 [Wed Mar  7 16:32:56 CET 2018] scale:10000000 groups:10000 work_mem:8MB incremental:off max_workers:2 =====
SELECT * FROM s_2 ORDER BY a, b, c LIMIT 100000
                                           QUERY PLAN                                           
------------------------------------------------------------------------------------------------
 Limit  (cost=485894.17..485894.17 rows=1 width=20)
   ->  Limit  (cost=473226.69..484894.17 rows=100000 width=20)
         ->  Gather Merge  (cost=473226.69..1445510.80 rows=8333282 width=20)
               Workers Planned: 2
               ->  Sort  (cost=472226.66..482643.26 rows=4166641 width=20)
                     Sort Key: s_2.a, s_2.b, s_2.c
                     ->  Parallel Seq Scan on s_2  (cost=0.00..105361.41 rows=4166641 width=20)
(7 rows)

===== 306 [Wed Mar  7 16:33:04 CET 2018] scale:10000000 groups:10000 work_mem:8MB incremental:off max_workers:2 =====
SELECT * FROM s_3 ORDER BY a, b, c, d LIMIT 100000
                                           QUERY PLAN                                           
------------------------------------------------------------------------------------------------
 Limit  (cost=485898.87..485898.87 rows=1 width=20)
   ->  Limit  (cost=473231.39..484898.87 rows=100000 width=20)
         ->  Gather Merge  (cost=473231.39..1445526.71 rows=8333378 width=20)
               Workers Planned: 2
               ->  Sort  (cost=472231.37..482648.09 rows=4166689 width=20)
                     Sort Key: s_3.a, s_3.b, s_3.c, s_3.d
                     ->  Parallel Seq Scan on s_3  (cost=0.00..105361.89 rows=4166689 width=20)
(7 rows)

===== 307 [Wed Mar  7 16:33:08 CET 2018] scale:10000000 groups:10000 work_mem:16MB incremental:on max_workers:2 =====
SELECT * FROM s_1 ORDER BY a, b LIMIT 100000
                                                   QUERY PLAN                                                   
----------------------------------------------------------------------------------------------------------------
 Limit  (cost=2926.04..2926.04 rows=1 width=20)
   ->  Limit  (cost=90.00..1926.04 rows=100000 width=20)
         ->  Incremental Sort  (cost=90.00..183692.18 rows=9999939 width=20)
               Sort Key: s_1.a, s_1.b
               Presorted Key: s_1.a
               ->  Index Only Scan using s_1_a_e_d_c_b_idx on s_1  (cost=0.56..348311.65 rows=9999939 width=20)
(6 rows)

===== 308 [Wed Mar  7 16:33:08 CET 2018] scale:10000000 groups:10000 work_mem:16MB incremental:on max_workers:2 =====
SELECT * FROM s_2 ORDER BY a, b, c LIMIT 100000
                                                   QUERY PLAN                                                   
----------------------------------------------------------------------------------------------------------------
 Limit  (cost=3002.51..3002.51 rows=1 width=20)
   ->  Limit  (cost=1.07..2002.51 rows=100000 width=20)
         ->  Incremental Sort  (cost=1.07..200143.47 rows=9999939 width=20)
               Sort Key: s_2.a, s_2.b, s_2.c
               Presorted Key: s_2.a, s_2.b
               ->  Index Only Scan using s_2_a_b_e_d_c_idx on s_2  (cost=0.56..348311.65 rows=9999939 width=20)
(6 rows)

===== 309 [Wed Mar  7 16:33:09 CET 2018] scale:10000000 groups:10000 work_mem:16MB incremental:on max_workers:2 =====
SELECT * FROM s_3 ORDER BY a, b, c, d LIMIT 100000
                                                   QUERY PLAN                                                    
-----------------------------------------------------------------------------------------------------------------
 Limit  (cost=3002.51..3002.51 rows=1 width=20)
   ->  Limit  (cost=1.07..2002.51 rows=100000 width=20)
         ->  Incremental Sort  (cost=1.07..200145.68 rows=10000054 width=20)
               Sort Key: s_3.a, s_3.b, s_3.c, s_3.d
               Presorted Key: s_3.a, s_3.b, s_3.c
               ->  Index Only Scan using s_3_a_b_c_e_d_idx on s_3  (cost=0.56..348313.37 rows=10000054 width=20)
(6 rows)

===== 310 [Wed Mar  7 16:33:09 CET 2018] scale:10000000 groups:10000 work_mem:16MB incremental:off max_workers:2 =====
SELECT * FROM s_1 ORDER BY a, b LIMIT 100000
                                           QUERY PLAN                                           
------------------------------------------------------------------------------------------------
 Limit  (cost=485894.17..485894.17 rows=1 width=20)
   ->  Limit  (cost=473226.69..484894.17 rows=100000 width=20)
         ->  Gather Merge  (cost=473226.69..1445510.80 rows=8333282 width=20)
               Workers Planned: 2
               ->  Sort  (cost=472226.66..482643.26 rows=4166641 width=20)
                     Sort Key: s_1.a, s_1.b
                     ->  Parallel Seq Scan on s_1  (cost=0.00..105361.41 rows=4166641 width=20)
(7 rows)

===== 311 [Wed Mar  7 16:33:18 CET 2018] scale:10000000 groups:10000 work_mem:16MB incremental:off max_workers:2 =====
SELECT * FROM s_2 ORDER BY a, b, c LIMIT 100000
                                           QUERY PLAN                                           
------------------------------------------------------------------------------------------------
 Limit  (cost=485894.17..485894.17 rows=1 width=20)
   ->  Limit  (cost=473226.69..484894.17 rows=100000 width=20)
         ->  Gather Merge  (cost=473226.69..1445510.80 rows=8333282 width=20)
               Workers Planned: 2
               ->  Sort  (cost=472226.66..482643.26 rows=4166641 width=20)
                     Sort Key: s_2.a, s_2.b, s_2.c
                     ->  Parallel Seq Scan on s_2  (cost=0.00..105361.41 rows=4166641 width=20)
(7 rows)

===== 312 [Wed Mar  7 16:33:25 CET 2018] scale:10000000 groups:10000 work_mem:16MB incremental:off max_workers:2 =====
SELECT * FROM s_3 ORDER BY a, b, c, d LIMIT 100000
                                           QUERY PLAN                                           
------------------------------------------------------------------------------------------------
 Limit  (cost=485898.87..485898.87 rows=1 width=20)
   ->  Limit  (cost=473231.39..484898.87 rows=100000 width=20)
         ->  Gather Merge  (cost=473231.39..1445526.71 rows=8333378 width=20)
               Workers Planned: 2
               ->  Sort  (cost=472231.37..482648.09 rows=4166689 width=20)
                     Sort Key: s_3.a, s_3.b, s_3.c, s_3.d
                     ->  Parallel Seq Scan on s_3  (cost=0.00..105361.89 rows=4166689 width=20)
(7 rows)

===== 313 [Wed Mar  7 16:33:29 CET 2018] scale:10000000 groups:10000 work_mem:32MB incremental:on max_workers:2 =====
SELECT * FROM s_1 ORDER BY a, b LIMIT 100000
                                                   QUERY PLAN                                                   
----------------------------------------------------------------------------------------------------------------
 Limit  (cost=2926.04..2926.04 rows=1 width=20)
   ->  Limit  (cost=90.00..1926.04 rows=100000 width=20)
         ->  Incremental Sort  (cost=90.00..183692.18 rows=9999939 width=20)
               Sort Key: s_1.a, s_1.b
               Presorted Key: s_1.a
               ->  Index Only Scan using s_1_a_e_d_c_b_idx on s_1  (cost=0.56..348311.65 rows=9999939 width=20)
(6 rows)

===== 314 [Wed Mar  7 16:33:29 CET 2018] scale:10000000 groups:10000 work_mem:32MB incremental:on max_workers:2 =====
SELECT * FROM s_2 ORDER BY a, b, c LIMIT 100000
                                                   QUERY PLAN                                                   
----------------------------------------------------------------------------------------------------------------
 Limit  (cost=3002.51..3002.51 rows=1 width=20)
   ->  Limit  (cost=1.07..2002.51 rows=100000 width=20)
         ->  Incremental Sort  (cost=1.07..200143.47 rows=9999939 width=20)
               Sort Key: s_2.a, s_2.b, s_2.c
               Presorted Key: s_2.a, s_2.b
               ->  Index Only Scan using s_2_a_b_e_d_c_idx on s_2  (cost=0.56..348311.65 rows=9999939 width=20)
(6 rows)

===== 315 [Wed Mar  7 16:33:29 CET 2018] scale:10000000 groups:10000 work_mem:32MB incremental:on max_workers:2 =====
SELECT * FROM s_3 ORDER BY a, b, c, d LIMIT 100000
                                                   QUERY PLAN                                                    
-----------------------------------------------------------------------------------------------------------------
 Limit  (cost=3002.51..3002.51 rows=1 width=20)
   ->  Limit  (cost=1.07..2002.51 rows=100000 width=20)
         ->  Incremental Sort  (cost=1.07..200145.68 rows=10000054 width=20)
               Sort Key: s_3.a, s_3.b, s_3.c, s_3.d
               Presorted Key: s_3.a, s_3.b, s_3.c
               ->  Index Only Scan using s_3_a_b_c_e_d_idx on s_3  (cost=0.56..348313.37 rows=10000054 width=20)
(6 rows)

===== 316 [Wed Mar  7 16:33:30 CET 2018] scale:10000000 groups:10000 work_mem:32MB incremental:off max_workers:2 =====
SELECT * FROM s_1 ORDER BY a, b LIMIT 100000
                                           QUERY PLAN                                           
------------------------------------------------------------------------------------------------
 Limit  (cost=485894.17..485894.17 rows=1 width=20)
   ->  Limit  (cost=473226.69..484894.17 rows=100000 width=20)
         ->  Gather Merge  (cost=473226.69..1445510.80 rows=8333282 width=20)
               Workers Planned: 2
               ->  Sort  (cost=472226.66..482643.26 rows=4166641 width=20)
                     Sort Key: s_1.a, s_1.b
                     ->  Parallel Seq Scan on s_1  (cost=0.00..105361.41 rows=4166641 width=20)
(7 rows)

===== 317 [Wed Mar  7 16:33:32 CET 2018] scale:10000000 groups:10000 work_mem:32MB incremental:off max_workers:2 =====
SELECT * FROM s_2 ORDER BY a, b, c LIMIT 100000
                                           QUERY PLAN                                           
------------------------------------------------------------------------------------------------
 Limit  (cost=485894.17..485894.17 rows=1 width=20)
   ->  Limit  (cost=473226.69..484894.17 rows=100000 width=20)
         ->  Gather Merge  (cost=473226.69..1445510.80 rows=8333282 width=20)
               Workers Planned: 2
               ->  Sort  (cost=472226.66..482643.26 rows=4166641 width=20)
                     Sort Key: s_2.a, s_2.b, s_2.c
                     ->  Parallel Seq Scan on s_2  (cost=0.00..105361.41 rows=4166641 width=20)
(7 rows)

===== 318 [Wed Mar  7 16:33:35 CET 2018] scale:10000000 groups:10000 work_mem:32MB incremental:off max_workers:2 =====
SELECT * FROM s_3 ORDER BY a, b, c, d LIMIT 100000
                                           QUERY PLAN                                           
------------------------------------------------------------------------------------------------
 Limit  (cost=485898.87..485898.87 rows=1 width=20)
   ->  Limit  (cost=473231.39..484898.87 rows=100000 width=20)
         ->  Gather Merge  (cost=473231.39..1445526.71 rows=8333378 width=20)
               Workers Planned: 2
               ->  Sort  (cost=472231.37..482648.09 rows=4166689 width=20)
                     Sort Key: s_3.a, s_3.b, s_3.c, s_3.d
                     ->  Parallel Seq Scan on s_3  (cost=0.00..105361.89 rows=4166689 width=20)
(7 rows)

===== 319 [Wed Mar  7 16:33:37 CET 2018] scale:10000000 groups:10000 work_mem:64MB incremental:on max_workers:2 =====
SELECT * FROM s_1 ORDER BY a, b LIMIT 100000
                                                   QUERY PLAN                                                   
----------------------------------------------------------------------------------------------------------------
 Limit  (cost=2926.04..2926.04 rows=1 width=20)
   ->  Limit  (cost=90.00..1926.04 rows=100000 width=20)
         ->  Incremental Sort  (cost=90.00..183692.18 rows=9999939 width=20)
               Sort Key: s_1.a, s_1.b
               Presorted Key: s_1.a
               ->  Index Only Scan using s_1_a_e_d_c_b_idx on s_1  (cost=0.56..348311.65 rows=9999939 width=20)
(6 rows)

===== 320 [Wed Mar  7 16:33:38 CET 2018] scale:10000000 groups:10000 work_mem:64MB incremental:on max_workers:2 =====
SELECT * FROM s_2 ORDER BY a, b, c LIMIT 100000
                                                   QUERY PLAN                                                   
----------------------------------------------------------------------------------------------------------------
 Limit  (cost=3002.51..3002.51 rows=1 width=20)
   ->  Limit  (cost=1.07..2002.51 rows=100000 width=20)
         ->  Incremental Sort  (cost=1.07..200143.47 rows=9999939 width=20)
               Sort Key: s_2.a, s_2.b, s_2.c
               Presorted Key: s_2.a, s_2.b
               ->  Index Only Scan using s_2_a_b_e_d_c_idx on s_2  (cost=0.56..348311.65 rows=9999939 width=20)
(6 rows)

===== 321 [Wed Mar  7 16:33:38 CET 2018] scale:10000000 groups:10000 work_mem:64MB incremental:on max_workers:2 =====
SELECT * FROM s_3 ORDER BY a, b, c, d LIMIT 100000
                                                   QUERY PLAN                                                    
-----------------------------------------------------------------------------------------------------------------
 Limit  (cost=3002.51..3002.51 rows=1 width=20)
   ->  Limit  (cost=1.07..2002.51 rows=100000 width=20)
         ->  Incremental Sort  (cost=1.07..200145.68 rows=10000054 width=20)
               Sort Key: s_3.a, s_3.b, s_3.c, s_3.d
               Presorted Key: s_3.a, s_3.b, s_3.c
               ->  Index Only Scan using s_3_a_b_c_e_d_idx on s_3  (cost=0.56..348313.37 rows=10000054 width=20)
(6 rows)

===== 322 [Wed Mar  7 16:33:38 CET 2018] scale:10000000 groups:10000 work_mem:64MB incremental:off max_workers:2 =====
SELECT * FROM s_1 ORDER BY a, b LIMIT 100000
                                           QUERY PLAN                                           
------------------------------------------------------------------------------------------------
 Limit  (cost=485894.17..485894.17 rows=1 width=20)
   ->  Limit  (cost=473226.69..484894.17 rows=100000 width=20)
         ->  Gather Merge  (cost=473226.69..1445510.80 rows=8333282 width=20)
               Workers Planned: 2
               ->  Sort  (cost=472226.66..482643.26 rows=4166641 width=20)
                     Sort Key: s_1.a, s_1.b
                     ->  Parallel Seq Scan on s_1  (cost=0.00..105361.41 rows=4166641 width=20)
(7 rows)

===== 323 [Wed Mar  7 16:33:41 CET 2018] scale:10000000 groups:10000 work_mem:64MB incremental:off max_workers:2 =====
SELECT * FROM s_2 ORDER BY a, b, c LIMIT 100000
                                           QUERY PLAN                                           
------------------------------------------------------------------------------------------------
 Limit  (cost=485894.17..485894.17 rows=1 width=20)
   ->  Limit  (cost=473226.69..484894.17 rows=100000 width=20)
         ->  Gather Merge  (cost=473226.69..1445510.80 rows=8333282 width=20)
               Workers Planned: 2
               ->  Sort  (cost=472226.66..482643.26 rows=4166641 width=20)
                     Sort Key: s_2.a, s_2.b, s_2.c
                     ->  Parallel Seq Scan on s_2  (cost=0.00..105361.41 rows=4166641 width=20)
(7 rows)

===== 324 [Wed Mar  7 16:33:43 CET 2018] scale:10000000 groups:10000 work_mem:64MB incremental:off max_workers:2 =====
SELECT * FROM s_3 ORDER BY a, b, c, d LIMIT 100000
                                           QUERY PLAN                                           
------------------------------------------------------------------------------------------------
 Limit  (cost=485898.87..485898.87 rows=1 width=20)
   ->  Limit  (cost=473231.39..484898.87 rows=100000 width=20)
         ->  Gather Merge  (cost=473231.39..1445526.71 rows=8333378 width=20)
               Workers Planned: 2
               ->  Sort  (cost=472231.37..482648.09 rows=4166689 width=20)
                     Sort Key: s_3.a, s_3.b, s_3.c, s_3.d
                     ->  Parallel Seq Scan on s_3  (cost=0.00..105361.89 rows=4166689 width=20)
(7 rows)

===== 325 [Wed Mar  7 16:33:46 CET 2018] scale:10000000 groups:10000 work_mem:128MB incremental:on max_workers:2 =====
SELECT * FROM s_1 ORDER BY a, b LIMIT 100000
                                                   QUERY PLAN                                                   
----------------------------------------------------------------------------------------------------------------
 Limit  (cost=2926.04..2926.04 rows=1 width=20)
   ->  Limit  (cost=90.00..1926.04 rows=100000 width=20)
         ->  Incremental Sort  (cost=90.00..183692.18 rows=9999939 width=20)
               Sort Key: s_1.a, s_1.b
               Presorted Key: s_1.a
               ->  Index Only Scan using s_1_a_e_d_c_b_idx on s_1  (cost=0.56..348311.65 rows=9999939 width=20)
(6 rows)

===== 326 [Wed Mar  7 16:33:46 CET 2018] scale:10000000 groups:10000 work_mem:128MB incremental:on max_workers:2 =====
SELECT * FROM s_2 ORDER BY a, b, c LIMIT 100000
                                                   QUERY PLAN                                                   
----------------------------------------------------------------------------------------------------------------
 Limit  (cost=3002.51..3002.51 rows=1 width=20)
   ->  Limit  (cost=1.07..2002.51 rows=100000 width=20)
         ->  Incremental Sort  (cost=1.07..200143.47 rows=9999939 width=20)
               Sort Key: s_2.a, s_2.b, s_2.c
               Presorted Key: s_2.a, s_2.b
               ->  Index Only Scan using s_2_a_b_e_d_c_idx on s_2  (cost=0.56..348311.65 rows=9999939 width=20)
(6 rows)

===== 327 [Wed Mar  7 16:33:46 CET 2018] scale:10000000 groups:10000 work_mem:128MB incremental:on max_workers:2 =====
SELECT * FROM s_3 ORDER BY a, b, c, d LIMIT 100000
                                                   QUERY PLAN                                                    
-----------------------------------------------------------------------------------------------------------------
 Limit  (cost=3002.51..3002.51 rows=1 width=20)
   ->  Limit  (cost=1.07..2002.51 rows=100000 width=20)
         ->  Incremental Sort  (cost=1.07..200145.68 rows=10000054 width=20)
               Sort Key: s_3.a, s_3.b, s_3.c, s_3.d
               Presorted Key: s_3.a, s_3.b, s_3.c
               ->  Index Only Scan using s_3_a_b_c_e_d_idx on s_3  (cost=0.56..348313.37 rows=10000054 width=20)
(6 rows)

===== 328 [Wed Mar  7 16:33:46 CET 2018] scale:10000000 groups:10000 work_mem:128MB incremental:off max_workers:2 =====
SELECT * FROM s_1 ORDER BY a, b LIMIT 100000
                                           QUERY PLAN                                           
------------------------------------------------------------------------------------------------
 Limit  (cost=485894.17..485894.17 rows=1 width=20)
   ->  Limit  (cost=473226.69..484894.17 rows=100000 width=20)
         ->  Gather Merge  (cost=473226.69..1445510.80 rows=8333282 width=20)
               Workers Planned: 2
               ->  Sort  (cost=472226.66..482643.26 rows=4166641 width=20)
                     Sort Key: s_1.a, s_1.b
                     ->  Parallel Seq Scan on s_1  (cost=0.00..105361.41 rows=4166641 width=20)
(7 rows)

===== 329 [Wed Mar  7 16:33:49 CET 2018] scale:10000000 groups:10000 work_mem:128MB incremental:off max_workers:2 =====
SELECT * FROM s_2 ORDER BY a, b, c LIMIT 100000
                                           QUERY PLAN                                           
------------------------------------------------------------------------------------------------
 Limit  (cost=485894.17..485894.17 rows=1 width=20)
   ->  Limit  (cost=473226.69..484894.17 rows=100000 width=20)
         ->  Gather Merge  (cost=473226.69..1445510.80 rows=8333282 width=20)
               Workers Planned: 2
               ->  Sort  (cost=472226.66..482643.26 rows=4166641 width=20)
                     Sort Key: s_2.a, s_2.b, s_2.c
                     ->  Parallel Seq Scan on s_2  (cost=0.00..105361.41 rows=4166641 width=20)
(7 rows)

===== 330 [Wed Mar  7 16:33:52 CET 2018] scale:10000000 groups:10000 work_mem:128MB incremental:off max_workers:2 =====
SELECT * FROM s_3 ORDER BY a, b, c, d LIMIT 100000
                                           QUERY PLAN                                           
------------------------------------------------------------------------------------------------
 Limit  (cost=485898.87..485898.87 rows=1 width=20)
   ->  Limit  (cost=473231.39..484898.87 rows=100000 width=20)
         ->  Gather Merge  (cost=473231.39..1445526.71 rows=8333378 width=20)
               Workers Planned: 2
               ->  Sort  (cost=472231.37..482648.09 rows=4166689 width=20)
                     Sort Key: s_3.a, s_3.b, s_3.c, s_3.d
                     ->  Parallel Seq Scan on s_3  (cost=0.00..105361.89 rows=4166689 width=20)
(7 rows)

===== 331 [Wed Mar  7 16:33:54 CET 2018] scale:10000000 groups:10000 work_mem:256MB incremental:on max_workers:2 =====
SELECT * FROM s_1 ORDER BY a, b LIMIT 100000
                                                   QUERY PLAN                                                   
----------------------------------------------------------------------------------------------------------------
 Limit  (cost=2926.04..2926.04 rows=1 width=20)
   ->  Limit  (cost=90.00..1926.04 rows=100000 width=20)
         ->  Incremental Sort  (cost=90.00..183692.18 rows=9999939 width=20)
               Sort Key: s_1.a, s_1.b
               Presorted Key: s_1.a
               ->  Index Only Scan using s_1_a_e_d_c_b_idx on s_1  (cost=0.56..348311.65 rows=9999939 width=20)
(6 rows)

===== 332 [Wed Mar  7 16:33:54 CET 2018] scale:10000000 groups:10000 work_mem:256MB incremental:on max_workers:2 =====
SELECT * FROM s_2 ORDER BY a, b, c LIMIT 100000
                                                   QUERY PLAN                                                   
----------------------------------------------------------------------------------------------------------------
 Limit  (cost=3002.51..3002.51 rows=1 width=20)
   ->  Limit  (cost=1.07..2002.51 rows=100000 width=20)
         ->  Incremental Sort  (cost=1.07..200143.47 rows=9999939 width=20)
               Sort Key: s_2.a, s_2.b, s_2.c
               Presorted Key: s_2.a, s_2.b
               ->  Index Only Scan using s_2_a_b_e_d_c_idx on s_2  (cost=0.56..348311.65 rows=9999939 width=20)
(6 rows)

===== 333 [Wed Mar  7 16:33:55 CET 2018] scale:10000000 groups:10000 work_mem:256MB incremental:on max_workers:2 =====
SELECT * FROM s_3 ORDER BY a, b, c, d LIMIT 100000
                                                   QUERY PLAN                                                    
-----------------------------------------------------------------------------------------------------------------
 Limit  (cost=3002.51..3002.51 rows=1 width=20)
   ->  Limit  (cost=1.07..2002.51 rows=100000 width=20)
         ->  Incremental Sort  (cost=1.07..200145.68 rows=10000054 width=20)
               Sort Key: s_3.a, s_3.b, s_3.c, s_3.d
               Presorted Key: s_3.a, s_3.b, s_3.c
               ->  Index Only Scan using s_3_a_b_c_e_d_idx on s_3  (cost=0.56..348313.37 rows=10000054 width=20)
(6 rows)

===== 334 [Wed Mar  7 16:33:55 CET 2018] scale:10000000 groups:10000 work_mem:256MB incremental:off max_workers:2 =====
SELECT * FROM s_1 ORDER BY a, b LIMIT 100000
                                           QUERY PLAN                                           
------------------------------------------------------------------------------------------------
 Limit  (cost=485894.17..485894.17 rows=1 width=20)
   ->  Limit  (cost=473226.69..484894.17 rows=100000 width=20)
         ->  Gather Merge  (cost=473226.69..1445510.80 rows=8333282 width=20)
               Workers Planned: 2
               ->  Sort  (cost=472226.66..482643.26 rows=4166641 width=20)
                     Sort Key: s_1.a, s_1.b
                     ->  Parallel Seq Scan on s_1  (cost=0.00..105361.41 rows=4166641 width=20)
(7 rows)

===== 335 [Wed Mar  7 16:33:57 CET 2018] scale:10000000 groups:10000 work_mem:256MB incremental:off max_workers:2 =====
SELECT * FROM s_2 ORDER BY a, b, c LIMIT 100000
                                           QUERY PLAN                                           
------------------------------------------------------------------------------------------------
 Limit  (cost=485894.17..485894.17 rows=1 width=20)
   ->  Limit  (cost=473226.69..484894.17 rows=100000 width=20)
         ->  Gather Merge  (cost=473226.69..1445510.80 rows=8333282 width=20)
               Workers Planned: 2
               ->  Sort  (cost=472226.66..482643.26 rows=4166641 width=20)
                     Sort Key: s_2.a, s_2.b, s_2.c
                     ->  Parallel Seq Scan on s_2  (cost=0.00..105361.41 rows=4166641 width=20)
(7 rows)

===== 336 [Wed Mar  7 16:34:00 CET 2018] scale:10000000 groups:10000 work_mem:256MB incremental:off max_workers:2 =====
SELECT * FROM s_3 ORDER BY a, b, c, d LIMIT 100000
                                           QUERY PLAN                                           
------------------------------------------------------------------------------------------------
 Limit  (cost=485898.87..485898.87 rows=1 width=20)
   ->  Limit  (cost=473231.39..484898.87 rows=100000 width=20)
         ->  Gather Merge  (cost=473231.39..1445526.71 rows=8333378 width=20)
               Workers Planned: 2
               ->  Sort  (cost=472231.37..482648.09 rows=4166689 width=20)
                     Sort Key: s_3.a, s_3.b, s_3.c, s_3.d
                     ->  Parallel Seq Scan on s_3  (cost=0.00..105361.89 rows=4166689 width=20)
(7 rows)

