===== 1 [Wed Mar  7 03:18:51 CET 2018] scale:10000000 groups:10 work_mem:4MB incremental:on max_workers:0 =====
SELECT * FROM (SELECT * FROM s_1 ORDER BY a) foo ORDER BY a, b
                                   QUERY PLAN                                    
---------------------------------------------------------------------------------
 Limit  (cost=3331303.75..3331303.75 rows=1 width=20)
   ->  Incremental Sort  (cost=1856500.19..3231304.36 rows=9999939 width=20)
         Sort Key: s_1.a, s_1.b
         Presorted Key: s_1.a
         ->  Sort  (cost=1736519.69..1761519.54 rows=9999939 width=20)
               Sort Key: s_1.a
               ->  Seq Scan on s_1  (cost=0.00..163694.39 rows=9999939 width=20)
(7 rows)

===== 2 [Wed Mar  7 03:19:33 CET 2018] scale:10000000 groups:10 work_mem:4MB incremental:on max_workers:0 =====
SELECT * FROM (SELECT * FROM s_2 ORDER BY a, b) foo ORDER BY a, b, c
                                    QUERY PLAN                                    
----------------------------------------------------------------------------------
 Limit  (cost=2953283.09..2953283.09 rows=1 width=20)
   ->  Incremental Sort  (cost=1744324.99..2853282.55 rows=10000054 width=20)
         Sort Key: s_2.a, s_2.b, s_2.c
         Presorted Key: s_2.a, s_2.b
         ->  Sort  (cost=1736542.04..1761542.18 rows=10000054 width=20)
               Sort Key: s_2.a, s_2.b
               ->  Seq Scan on s_2  (cost=0.00..163695.54 rows=10000054 width=20)
(7 rows)

===== 3 [Wed Mar  7 03:20:19 CET 2018] scale:10000000 groups:10 work_mem:4MB incremental:on max_workers:0 =====
SELECT * FROM (SELECT * FROM s_3 ORDER BY a, b, c) foo ORDER BY a, b, c, d
                                   QUERY PLAN                                    
---------------------------------------------------------------------------------
 Limit  (cost=2780299.59..2780299.59 rows=1 width=20)
   ->  Incremental Sort  (cost=1737097.27..2680300.20 rows=9999939 width=20)
         Sort Key: s_3.a, s_3.b, s_3.c, s_3.d
         Presorted Key: s_3.a, s_3.b, s_3.c
         ->  Sort  (cost=1736519.69..1761519.54 rows=9999939 width=20)
               Sort Key: s_3.a, s_3.b, s_3.c
               ->  Seq Scan on s_3  (cost=0.00..163694.39 rows=9999939 width=20)
(7 rows)

===== 4 [Wed Mar  7 03:20:58 CET 2018] scale:10000000 groups:10 work_mem:4MB incremental:on max_workers:0 =====
SELECT * FROM (SELECT * FROM s_4 ORDER BY a, b, c, d) foo ORDER BY a, b, c, d, e
                                    QUERY PLAN                                    
----------------------------------------------------------------------------------
 Limit  (cost=2607628.46..2607628.46 rows=1 width=20)
   ->  Incremental Sort  (cost=1736582.73..2507627.92 rows=10000054 width=20)
         Sort Key: s_4.a, s_4.b, s_4.c, s_4.d, s_4.e
         Presorted Key: s_4.a, s_4.b, s_4.c, s_4.d
         ->  Sort  (cost=1736542.04..1761542.18 rows=10000054 width=20)
               Sort Key: s_4.a, s_4.b, s_4.c, s_4.d
               ->  Seq Scan on s_4  (cost=0.00..163695.54 rows=10000054 width=20)
(7 rows)

===== 5 [Wed Mar  7 03:21:39 CET 2018] scale:10000000 groups:10 work_mem:4MB incremental:off max_workers:0 =====
SELECT * FROM (SELECT * FROM s_1 ORDER BY a) foo ORDER BY a, b
                                   QUERY PLAN                                    
---------------------------------------------------------------------------------
 Limit  (cost=3559343.47..3559343.47 rows=1 width=20)
   ->  Sort  (cost=3434344.23..3459344.08 rows=9999939 width=20)
         Sort Key: s_1.a, s_1.b
         ->  Sort  (cost=1736519.69..1761519.54 rows=9999939 width=20)
               Sort Key: s_1.a
               ->  Seq Scan on s_1  (cost=0.00..163694.39 rows=9999939 width=20)
(6 rows)

===== 6 [Wed Mar  7 03:22:28 CET 2018] scale:10000000 groups:10 work_mem:4MB incremental:off max_workers:0 =====
SELECT * FROM (SELECT * FROM s_2 ORDER BY a, b) foo ORDER BY a, b, c
                                    QUERY PLAN                                    
----------------------------------------------------------------------------------
 Limit  (cost=3559389.89..3559389.89 rows=1 width=20)
   ->  Sort  (cost=3434389.22..3459389.35 rows=10000054 width=20)
         Sort Key: s_2.a, s_2.b, s_2.c
         ->  Sort  (cost=1736542.04..1761542.18 rows=10000054 width=20)
               Sort Key: s_2.a, s_2.b
               ->  Seq Scan on s_2  (cost=0.00..163695.54 rows=10000054 width=20)
(6 rows)

===== 7 [Wed Mar  7 03:23:20 CET 2018] scale:10000000 groups:10 work_mem:4MB incremental:off max_workers:0 =====
SELECT * FROM (SELECT * FROM s_3 ORDER BY a, b, c) foo ORDER BY a, b, c, d
                                   QUERY PLAN                                    
---------------------------------------------------------------------------------
 Limit  (cost=3559343.47..3559343.47 rows=1 width=20)
   ->  Sort  (cost=3434344.23..3459344.08 rows=9999939 width=20)
         Sort Key: s_3.a, s_3.b, s_3.c, s_3.d
         ->  Sort  (cost=1736519.69..1761519.54 rows=9999939 width=20)
               Sort Key: s_3.a, s_3.b, s_3.c
               ->  Seq Scan on s_3  (cost=0.00..163694.39 rows=9999939 width=20)
(6 rows)

===== 8 [Wed Mar  7 03:24:16 CET 2018] scale:10000000 groups:10 work_mem:4MB incremental:off max_workers:0 =====
SELECT * FROM (SELECT * FROM s_4 ORDER BY a, b, c, d) foo ORDER BY a, b, c, d, e
                                    QUERY PLAN                                    
----------------------------------------------------------------------------------
 Limit  (cost=3559389.89..3559389.89 rows=1 width=20)
   ->  Sort  (cost=3434389.22..3459389.35 rows=10000054 width=20)
         Sort Key: s_4.a, s_4.b, s_4.c, s_4.d, s_4.e
         ->  Sort  (cost=1736542.04..1761542.18 rows=10000054 width=20)
               Sort Key: s_4.a, s_4.b, s_4.c, s_4.d
               ->  Seq Scan on s_4  (cost=0.00..163695.54 rows=10000054 width=20)
(6 rows)

===== 9 [Wed Mar  7 03:25:21 CET 2018] scale:10000000 groups:10 work_mem:8MB incremental:on max_workers:0 =====
SELECT * FROM (SELECT * FROM s_1 ORDER BY a) foo ORDER BY a, b
                                   QUERY PLAN                                    
---------------------------------------------------------------------------------
 Limit  (cost=3331303.75..3331303.75 rows=1 width=20)
   ->  Incremental Sort  (cost=1856500.19..3231304.36 rows=9999939 width=20)
         Sort Key: s_1.a, s_1.b
         Presorted Key: s_1.a
         ->  Sort  (cost=1736519.69..1761519.54 rows=9999939 width=20)
               Sort Key: s_1.a
               ->  Seq Scan on s_1  (cost=0.00..163694.39 rows=9999939 width=20)
(7 rows)

===== 10 [Wed Mar  7 03:25:59 CET 2018] scale:10000000 groups:10 work_mem:8MB incremental:on max_workers:0 =====
SELECT * FROM (SELECT * FROM s_2 ORDER BY a, b) foo ORDER BY a, b, c
                                    QUERY PLAN                                    
----------------------------------------------------------------------------------
 Limit  (cost=2953283.09..2953283.09 rows=1 width=20)
   ->  Incremental Sort  (cost=1744324.99..2853282.55 rows=10000054 width=20)
         Sort Key: s_2.a, s_2.b, s_2.c
         Presorted Key: s_2.a, s_2.b
         ->  Sort  (cost=1736542.04..1761542.18 rows=10000054 width=20)
               Sort Key: s_2.a, s_2.b
               ->  Seq Scan on s_2  (cost=0.00..163695.54 rows=10000054 width=20)
(7 rows)

===== 11 [Wed Mar  7 03:26:40 CET 2018] scale:10000000 groups:10 work_mem:8MB incremental:on max_workers:0 =====
SELECT * FROM (SELECT * FROM s_3 ORDER BY a, b, c) foo ORDER BY a, b, c, d
                                   QUERY PLAN                                    
---------------------------------------------------------------------------------
 Limit  (cost=2780299.59..2780299.59 rows=1 width=20)
   ->  Incremental Sort  (cost=1737097.27..2680300.20 rows=9999939 width=20)
         Sort Key: s_3.a, s_3.b, s_3.c, s_3.d
         Presorted Key: s_3.a, s_3.b, s_3.c
         ->  Sort  (cost=1736519.69..1761519.54 rows=9999939 width=20)
               Sort Key: s_3.a, s_3.b, s_3.c
               ->  Seq Scan on s_3  (cost=0.00..163694.39 rows=9999939 width=20)
(7 rows)

===== 12 [Wed Mar  7 03:27:14 CET 2018] scale:10000000 groups:10 work_mem:8MB incremental:on max_workers:0 =====
SELECT * FROM (SELECT * FROM s_4 ORDER BY a, b, c, d) foo ORDER BY a, b, c, d, e
                                    QUERY PLAN                                    
----------------------------------------------------------------------------------
 Limit  (cost=2607628.46..2607628.46 rows=1 width=20)
   ->  Incremental Sort  (cost=1736582.73..2507627.92 rows=10000054 width=20)
         Sort Key: s_4.a, s_4.b, s_4.c, s_4.d, s_4.e
         Presorted Key: s_4.a, s_4.b, s_4.c, s_4.d
         ->  Sort  (cost=1736542.04..1761542.18 rows=10000054 width=20)
               Sort Key: s_4.a, s_4.b, s_4.c, s_4.d
               ->  Seq Scan on s_4  (cost=0.00..163695.54 rows=10000054 width=20)
(7 rows)

===== 13 [Wed Mar  7 03:27:51 CET 2018] scale:10000000 groups:10 work_mem:8MB incremental:off max_workers:0 =====
SELECT * FROM (SELECT * FROM s_1 ORDER BY a) foo ORDER BY a, b
                                   QUERY PLAN                                    
---------------------------------------------------------------------------------
 Limit  (cost=3559343.47..3559343.47 rows=1 width=20)
   ->  Sort  (cost=3434344.23..3459344.08 rows=9999939 width=20)
         Sort Key: s_1.a, s_1.b
         ->  Sort  (cost=1736519.69..1761519.54 rows=9999939 width=20)
               Sort Key: s_1.a
               ->  Seq Scan on s_1  (cost=0.00..163694.39 rows=9999939 width=20)
(6 rows)

===== 14 [Wed Mar  7 03:28:32 CET 2018] scale:10000000 groups:10 work_mem:8MB incremental:off max_workers:0 =====
SELECT * FROM (SELECT * FROM s_2 ORDER BY a, b) foo ORDER BY a, b, c
                                    QUERY PLAN                                    
----------------------------------------------------------------------------------
 Limit  (cost=3559389.89..3559389.89 rows=1 width=20)
   ->  Sort  (cost=3434389.22..3459389.35 rows=10000054 width=20)
         Sort Key: s_2.a, s_2.b, s_2.c
         ->  Sort  (cost=1736542.04..1761542.18 rows=10000054 width=20)
               Sort Key: s_2.a, s_2.b
               ->  Seq Scan on s_2  (cost=0.00..163695.54 rows=10000054 width=20)
(6 rows)

===== 15 [Wed Mar  7 03:29:17 CET 2018] scale:10000000 groups:10 work_mem:8MB incremental:off max_workers:0 =====
SELECT * FROM (SELECT * FROM s_3 ORDER BY a, b, c) foo ORDER BY a, b, c, d
                                   QUERY PLAN                                    
---------------------------------------------------------------------------------
 Limit  (cost=3559343.47..3559343.47 rows=1 width=20)
   ->  Sort  (cost=3434344.23..3459344.08 rows=9999939 width=20)
         Sort Key: s_3.a, s_3.b, s_3.c, s_3.d
         ->  Sort  (cost=1736519.69..1761519.54 rows=9999939 width=20)
               Sort Key: s_3.a, s_3.b, s_3.c
               ->  Seq Scan on s_3  (cost=0.00..163694.39 rows=9999939 width=20)
(6 rows)

===== 16 [Wed Mar  7 03:30:06 CET 2018] scale:10000000 groups:10 work_mem:8MB incremental:off max_workers:0 =====
SELECT * FROM (SELECT * FROM s_4 ORDER BY a, b, c, d) foo ORDER BY a, b, c, d, e
                                    QUERY PLAN                                    
----------------------------------------------------------------------------------
 Limit  (cost=3559389.89..3559389.89 rows=1 width=20)
   ->  Sort  (cost=3434389.22..3459389.35 rows=10000054 width=20)
         Sort Key: s_4.a, s_4.b, s_4.c, s_4.d, s_4.e
         ->  Sort  (cost=1736542.04..1761542.18 rows=10000054 width=20)
               Sort Key: s_4.a, s_4.b, s_4.c, s_4.d
               ->  Seq Scan on s_4  (cost=0.00..163695.54 rows=10000054 width=20)
(6 rows)

===== 17 [Wed Mar  7 03:31:02 CET 2018] scale:10000000 groups:10 work_mem:16MB incremental:on max_workers:0 =====
SELECT * FROM (SELECT * FROM s_1 ORDER BY a) foo ORDER BY a, b
                                   QUERY PLAN                                    
---------------------------------------------------------------------------------
 Limit  (cost=3126224.75..3126224.75 rows=1 width=20)
   ->  Incremental Sort  (cost=1651421.19..3026225.36 rows=9999939 width=20)
         Sort Key: s_1.a, s_1.b
         Presorted Key: s_1.a
         ->  Sort  (cost=1531440.69..1556440.54 rows=9999939 width=20)
               Sort Key: s_1.a
               ->  Seq Scan on s_1  (cost=0.00..163694.39 rows=9999939 width=20)
(7 rows)

===== 18 [Wed Mar  7 03:31:38 CET 2018] scale:10000000 groups:10 work_mem:16MB incremental:on max_workers:0 =====
SELECT * FROM (SELECT * FROM s_2 ORDER BY a, b) foo ORDER BY a, b, c
                                    QUERY PLAN                                    
----------------------------------------------------------------------------------
 Limit  (cost=2748200.59..2748200.59 rows=1 width=20)
   ->  Incremental Sort  (cost=1539242.49..2648200.05 rows=10000054 width=20)
         Sort Key: s_2.a, s_2.b, s_2.c
         Presorted Key: s_2.a, s_2.b
         ->  Sort  (cost=1531459.54..1556459.68 rows=10000054 width=20)
               Sort Key: s_2.a, s_2.b
               ->  Seq Scan on s_2  (cost=0.00..163695.54 rows=10000054 width=20)
(7 rows)

===== 19 [Wed Mar  7 03:32:07 CET 2018] scale:10000000 groups:10 work_mem:16MB incremental:on max_workers:0 =====
SELECT * FROM (SELECT * FROM s_3 ORDER BY a, b, c) foo ORDER BY a, b, c, d
                                   QUERY PLAN                                    
---------------------------------------------------------------------------------
 Limit  (cost=2575220.59..2575220.59 rows=1 width=20)
   ->  Incremental Sort  (cost=1532018.27..2475221.20 rows=9999939 width=20)
         Sort Key: s_3.a, s_3.b, s_3.c, s_3.d
         Presorted Key: s_3.a, s_3.b, s_3.c
         ->  Sort  (cost=1531440.69..1556440.54 rows=9999939 width=20)
               Sort Key: s_3.a, s_3.b, s_3.c
               ->  Seq Scan on s_3  (cost=0.00..163694.39 rows=9999939 width=20)
(7 rows)

===== 20 [Wed Mar  7 03:32:37 CET 2018] scale:10000000 groups:10 work_mem:16MB incremental:on max_workers:0 =====
SELECT * FROM (SELECT * FROM s_4 ORDER BY a, b, c, d) foo ORDER BY a, b, c, d, e
                                    QUERY PLAN                                    
----------------------------------------------------------------------------------
 Limit  (cost=2402545.96..2402545.96 rows=1 width=20)
   ->  Incremental Sort  (cost=1531500.23..2302545.42 rows=10000054 width=20)
         Sort Key: s_4.a, s_4.b, s_4.c, s_4.d, s_4.e
         Presorted Key: s_4.a, s_4.b, s_4.c, s_4.d
         ->  Sort  (cost=1531459.54..1556459.68 rows=10000054 width=20)
               Sort Key: s_4.a, s_4.b, s_4.c, s_4.d
               ->  Seq Scan on s_4  (cost=0.00..163695.54 rows=10000054 width=20)
(7 rows)

===== 21 [Wed Mar  7 03:33:08 CET 2018] scale:10000000 groups:10 work_mem:16MB incremental:off max_workers:0 =====
SELECT * FROM (SELECT * FROM s_1 ORDER BY a) foo ORDER BY a, b
                                   QUERY PLAN                                    
---------------------------------------------------------------------------------
 Limit  (cost=3149185.47..3149185.47 rows=1 width=20)
   ->  Sort  (cost=3024186.23..3049186.08 rows=9999939 width=20)
         Sort Key: s_1.a, s_1.b
         ->  Sort  (cost=1531440.69..1556440.54 rows=9999939 width=20)
               Sort Key: s_1.a
               ->  Seq Scan on s_1  (cost=0.00..163694.39 rows=9999939 width=20)
(6 rows)

===== 22 [Wed Mar  7 03:33:42 CET 2018] scale:10000000 groups:10 work_mem:16MB incremental:off max_workers:0 =====
SELECT * FROM (SELECT * FROM s_2 ORDER BY a, b) foo ORDER BY a, b, c
                                    QUERY PLAN                                    
----------------------------------------------------------------------------------
 Limit  (cost=3149224.89..3149224.89 rows=1 width=20)
   ->  Sort  (cost=3024224.22..3049224.35 rows=10000054 width=20)
         Sort Key: s_2.a, s_2.b, s_2.c
         ->  Sort  (cost=1531459.54..1556459.68 rows=10000054 width=20)
               Sort Key: s_2.a, s_2.b
               ->  Seq Scan on s_2  (cost=0.00..163695.54 rows=10000054 width=20)
(6 rows)

===== 23 [Wed Mar  7 03:34:18 CET 2018] scale:10000000 groups:10 work_mem:16MB incremental:off max_workers:0 =====
SELECT * FROM (SELECT * FROM s_3 ORDER BY a, b, c) foo ORDER BY a, b, c, d
                                   QUERY PLAN                                    
---------------------------------------------------------------------------------
 Limit  (cost=3149185.47..3149185.47 rows=1 width=20)
   ->  Sort  (cost=3024186.23..3049186.08 rows=9999939 width=20)
         Sort Key: s_3.a, s_3.b, s_3.c, s_3.d
         ->  Sort  (cost=1531440.69..1556440.54 rows=9999939 width=20)
               Sort Key: s_3.a, s_3.b, s_3.c
               ->  Seq Scan on s_3  (cost=0.00..163694.39 rows=9999939 width=20)
(6 rows)

===== 24 [Wed Mar  7 03:34:59 CET 2018] scale:10000000 groups:10 work_mem:16MB incremental:off max_workers:0 =====
SELECT * FROM (SELECT * FROM s_4 ORDER BY a, b, c, d) foo ORDER BY a, b, c, d, e
                                    QUERY PLAN                                    
----------------------------------------------------------------------------------
 Limit  (cost=3149224.89..3149224.89 rows=1 width=20)
   ->  Sort  (cost=3024224.22..3049224.35 rows=10000054 width=20)
         Sort Key: s_4.a, s_4.b, s_4.c, s_4.d, s_4.e
         ->  Sort  (cost=1531459.54..1556459.68 rows=10000054 width=20)
               Sort Key: s_4.a, s_4.b, s_4.c, s_4.d
               ->  Seq Scan on s_4  (cost=0.00..163695.54 rows=10000054 width=20)
(6 rows)

===== 25 [Wed Mar  7 03:35:47 CET 2018] scale:10000000 groups:10 work_mem:32MB incremental:on max_workers:0 =====
SELECT * FROM (SELECT * FROM s_1 ORDER BY a) foo ORDER BY a, b
                                   QUERY PLAN                                    
---------------------------------------------------------------------------------
 Limit  (cost=3126224.75..3126224.75 rows=1 width=20)
   ->  Incremental Sort  (cost=1651421.19..3026225.36 rows=9999939 width=20)
         Sort Key: s_1.a, s_1.b
         Presorted Key: s_1.a
         ->  Sort  (cost=1531440.69..1556440.54 rows=9999939 width=20)
               Sort Key: s_1.a
               ->  Seq Scan on s_1  (cost=0.00..163694.39 rows=9999939 width=20)
(7 rows)

===== 26 [Wed Mar  7 03:36:23 CET 2018] scale:10000000 groups:10 work_mem:32MB incremental:on max_workers:0 =====
SELECT * FROM (SELECT * FROM s_2 ORDER BY a, b) foo ORDER BY a, b, c
                                    QUERY PLAN                                    
----------------------------------------------------------------------------------
 Limit  (cost=2748200.59..2748200.59 rows=1 width=20)
   ->  Incremental Sort  (cost=1539242.49..2648200.05 rows=10000054 width=20)
         Sort Key: s_2.a, s_2.b, s_2.c
         Presorted Key: s_2.a, s_2.b
         ->  Sort  (cost=1531459.54..1556459.68 rows=10000054 width=20)
               Sort Key: s_2.a, s_2.b
               ->  Seq Scan on s_2  (cost=0.00..163695.54 rows=10000054 width=20)
(7 rows)

===== 27 [Wed Mar  7 03:36:53 CET 2018] scale:10000000 groups:10 work_mem:32MB incremental:on max_workers:0 =====
SELECT * FROM (SELECT * FROM s_3 ORDER BY a, b, c) foo ORDER BY a, b, c, d
                                   QUERY PLAN                                    
---------------------------------------------------------------------------------
 Limit  (cost=2575220.59..2575220.59 rows=1 width=20)
   ->  Incremental Sort  (cost=1532018.27..2475221.20 rows=9999939 width=20)
         Sort Key: s_3.a, s_3.b, s_3.c, s_3.d
         Presorted Key: s_3.a, s_3.b, s_3.c
         ->  Sort  (cost=1531440.69..1556440.54 rows=9999939 width=20)
               Sort Key: s_3.a, s_3.b, s_3.c
               ->  Seq Scan on s_3  (cost=0.00..163694.39 rows=9999939 width=20)
(7 rows)

===== 28 [Wed Mar  7 03:37:21 CET 2018] scale:10000000 groups:10 work_mem:32MB incremental:on max_workers:0 =====
SELECT * FROM (SELECT * FROM s_4 ORDER BY a, b, c, d) foo ORDER BY a, b, c, d, e
                                    QUERY PLAN                                    
----------------------------------------------------------------------------------
 Limit  (cost=2402545.96..2402545.96 rows=1 width=20)
   ->  Incremental Sort  (cost=1531500.23..2302545.42 rows=10000054 width=20)
         Sort Key: s_4.a, s_4.b, s_4.c, s_4.d, s_4.e
         Presorted Key: s_4.a, s_4.b, s_4.c, s_4.d
         ->  Sort  (cost=1531459.54..1556459.68 rows=10000054 width=20)
               Sort Key: s_4.a, s_4.b, s_4.c, s_4.d
               ->  Seq Scan on s_4  (cost=0.00..163695.54 rows=10000054 width=20)
(7 rows)

===== 29 [Wed Mar  7 03:37:53 CET 2018] scale:10000000 groups:10 work_mem:32MB incremental:off max_workers:0 =====
SELECT * FROM (SELECT * FROM s_1 ORDER BY a) foo ORDER BY a, b
                                   QUERY PLAN                                    
---------------------------------------------------------------------------------
 Limit  (cost=3149185.47..3149185.47 rows=1 width=20)
   ->  Sort  (cost=3024186.23..3049186.08 rows=9999939 width=20)
         Sort Key: s_1.a, s_1.b
         ->  Sort  (cost=1531440.69..1556440.54 rows=9999939 width=20)
               Sort Key: s_1.a
               ->  Seq Scan on s_1  (cost=0.00..163694.39 rows=9999939 width=20)
(6 rows)

===== 30 [Wed Mar  7 03:38:27 CET 2018] scale:10000000 groups:10 work_mem:32MB incremental:off max_workers:0 =====
SELECT * FROM (SELECT * FROM s_2 ORDER BY a, b) foo ORDER BY a, b, c
                                    QUERY PLAN                                    
----------------------------------------------------------------------------------
 Limit  (cost=3149224.89..3149224.89 rows=1 width=20)
   ->  Sort  (cost=3024224.22..3049224.35 rows=10000054 width=20)
         Sort Key: s_2.a, s_2.b, s_2.c
         ->  Sort  (cost=1531459.54..1556459.68 rows=10000054 width=20)
               Sort Key: s_2.a, s_2.b
               ->  Seq Scan on s_2  (cost=0.00..163695.54 rows=10000054 width=20)
(6 rows)

===== 31 [Wed Mar  7 03:39:03 CET 2018] scale:10000000 groups:10 work_mem:32MB incremental:off max_workers:0 =====
SELECT * FROM (SELECT * FROM s_3 ORDER BY a, b, c) foo ORDER BY a, b, c, d
                                   QUERY PLAN                                    
---------------------------------------------------------------------------------
 Limit  (cost=3149185.47..3149185.47 rows=1 width=20)
   ->  Sort  (cost=3024186.23..3049186.08 rows=9999939 width=20)
         Sort Key: s_3.a, s_3.b, s_3.c, s_3.d
         ->  Sort  (cost=1531440.69..1556440.54 rows=9999939 width=20)
               Sort Key: s_3.a, s_3.b, s_3.c
               ->  Seq Scan on s_3  (cost=0.00..163694.39 rows=9999939 width=20)
(6 rows)

===== 32 [Wed Mar  7 03:39:44 CET 2018] scale:10000000 groups:10 work_mem:32MB incremental:off max_workers:0 =====
SELECT * FROM (SELECT * FROM s_4 ORDER BY a, b, c, d) foo ORDER BY a, b, c, d, e
                                    QUERY PLAN                                    
----------------------------------------------------------------------------------
 Limit  (cost=3149224.89..3149224.89 rows=1 width=20)
   ->  Sort  (cost=3024224.22..3049224.35 rows=10000054 width=20)
         Sort Key: s_4.a, s_4.b, s_4.c, s_4.d, s_4.e
         ->  Sort  (cost=1531459.54..1556459.68 rows=10000054 width=20)
               Sort Key: s_4.a, s_4.b, s_4.c, s_4.d
               ->  Seq Scan on s_4  (cost=0.00..163695.54 rows=10000054 width=20)
(6 rows)

===== 33 [Wed Mar  7 03:40:32 CET 2018] scale:10000000 groups:10 work_mem:64MB incremental:on max_workers:0 =====
SELECT * FROM (SELECT * FROM s_1 ORDER BY a) foo ORDER BY a, b
                                   QUERY PLAN                                    
---------------------------------------------------------------------------------
 Limit  (cost=2921135.25..2921135.25 rows=1 width=20)
   ->  Incremental Sort  (cost=1632776.69..2821135.86 rows=9999939 width=20)
         Sort Key: s_1.a, s_1.b
         Presorted Key: s_1.a
         ->  Sort  (cost=1531440.69..1556440.54 rows=9999939 width=20)
               Sort Key: s_1.a
               ->  Seq Scan on s_1  (cost=0.00..163694.39 rows=9999939 width=20)
(7 rows)

===== 34 [Wed Mar  7 03:41:08 CET 2018] scale:10000000 groups:10 work_mem:64MB incremental:on max_workers:0 =====
SELECT * FROM (SELECT * FROM s_2 ORDER BY a, b) foo ORDER BY a, b, c
                                    QUERY PLAN                                    
----------------------------------------------------------------------------------
 Limit  (cost=2748200.59..2748200.59 rows=1 width=20)
   ->  Incremental Sort  (cost=1539242.49..2648200.05 rows=10000054 width=20)
         Sort Key: s_2.a, s_2.b, s_2.c
         Presorted Key: s_2.a, s_2.b
         ->  Sort  (cost=1531459.54..1556459.68 rows=10000054 width=20)
               Sort Key: s_2.a, s_2.b
               ->  Seq Scan on s_2  (cost=0.00..163695.54 rows=10000054 width=20)
(7 rows)

===== 35 [Wed Mar  7 03:41:38 CET 2018] scale:10000000 groups:10 work_mem:64MB incremental:on max_workers:0 =====
SELECT * FROM (SELECT * FROM s_3 ORDER BY a, b, c) foo ORDER BY a, b, c, d
                                   QUERY PLAN                                    
---------------------------------------------------------------------------------
 Limit  (cost=2575220.59..2575220.59 rows=1 width=20)
   ->  Incremental Sort  (cost=1532018.27..2475221.20 rows=9999939 width=20)
         Sort Key: s_3.a, s_3.b, s_3.c, s_3.d
         Presorted Key: s_3.a, s_3.b, s_3.c
         ->  Sort  (cost=1531440.69..1556440.54 rows=9999939 width=20)
               Sort Key: s_3.a, s_3.b, s_3.c
               ->  Seq Scan on s_3  (cost=0.00..163694.39 rows=9999939 width=20)
(7 rows)

===== 36 [Wed Mar  7 03:42:07 CET 2018] scale:10000000 groups:10 work_mem:64MB incremental:on max_workers:0 =====
SELECT * FROM (SELECT * FROM s_4 ORDER BY a, b, c, d) foo ORDER BY a, b, c, d, e
                                    QUERY PLAN                                    
----------------------------------------------------------------------------------
 Limit  (cost=2402545.96..2402545.96 rows=1 width=20)
   ->  Incremental Sort  (cost=1531500.23..2302545.42 rows=10000054 width=20)
         Sort Key: s_4.a, s_4.b, s_4.c, s_4.d, s_4.e
         Presorted Key: s_4.a, s_4.b, s_4.c, s_4.d
         ->  Sort  (cost=1531459.54..1556459.68 rows=10000054 width=20)
               Sort Key: s_4.a, s_4.b, s_4.c, s_4.d
               ->  Seq Scan on s_4  (cost=0.00..163695.54 rows=10000054 width=20)
(7 rows)

===== 37 [Wed Mar  7 03:42:38 CET 2018] scale:10000000 groups:10 work_mem:64MB incremental:off max_workers:0 =====
SELECT * FROM (SELECT * FROM s_1 ORDER BY a) foo ORDER BY a, b
                                   QUERY PLAN                                    
---------------------------------------------------------------------------------
 Limit  (cost=3149185.47..3149185.47 rows=1 width=20)
   ->  Sort  (cost=3024186.23..3049186.08 rows=9999939 width=20)
         Sort Key: s_1.a, s_1.b
         ->  Sort  (cost=1531440.69..1556440.54 rows=9999939 width=20)
               Sort Key: s_1.a
               ->  Seq Scan on s_1  (cost=0.00..163694.39 rows=9999939 width=20)
(6 rows)

===== 38 [Wed Mar  7 03:43:13 CET 2018] scale:10000000 groups:10 work_mem:64MB incremental:off max_workers:0 =====
SELECT * FROM (SELECT * FROM s_2 ORDER BY a, b) foo ORDER BY a, b, c
                                    QUERY PLAN                                    
----------------------------------------------------------------------------------
 Limit  (cost=3149224.89..3149224.89 rows=1 width=20)
   ->  Sort  (cost=3024224.22..3049224.35 rows=10000054 width=20)
         Sort Key: s_2.a, s_2.b, s_2.c
         ->  Sort  (cost=1531459.54..1556459.68 rows=10000054 width=20)
               Sort Key: s_2.a, s_2.b
               ->  Seq Scan on s_2  (cost=0.00..163695.54 rows=10000054 width=20)
(6 rows)

===== 39 [Wed Mar  7 03:43:51 CET 2018] scale:10000000 groups:10 work_mem:64MB incremental:off max_workers:0 =====
SELECT * FROM (SELECT * FROM s_3 ORDER BY a, b, c) foo ORDER BY a, b, c, d
                                   QUERY PLAN                                    
---------------------------------------------------------------------------------
 Limit  (cost=3149185.47..3149185.47 rows=1 width=20)
   ->  Sort  (cost=3024186.23..3049186.08 rows=9999939 width=20)
         Sort Key: s_3.a, s_3.b, s_3.c, s_3.d
         ->  Sort  (cost=1531440.69..1556440.54 rows=9999939 width=20)
               Sort Key: s_3.a, s_3.b, s_3.c
               ->  Seq Scan on s_3  (cost=0.00..163694.39 rows=9999939 width=20)
(6 rows)

===== 40 [Wed Mar  7 03:44:32 CET 2018] scale:10000000 groups:10 work_mem:64MB incremental:off max_workers:0 =====
SELECT * FROM (SELECT * FROM s_4 ORDER BY a, b, c, d) foo ORDER BY a, b, c, d, e
                                    QUERY PLAN                                    
----------------------------------------------------------------------------------
 Limit  (cost=3149224.89..3149224.89 rows=1 width=20)
   ->  Sort  (cost=3024224.22..3049224.35 rows=10000054 width=20)
         Sort Key: s_4.a, s_4.b, s_4.c, s_4.d, s_4.e
         ->  Sort  (cost=1531459.54..1556459.68 rows=10000054 width=20)
               Sort Key: s_4.a, s_4.b, s_4.c, s_4.d
               ->  Seq Scan on s_4  (cost=0.00..163695.54 rows=10000054 width=20)
(6 rows)

===== 41 [Wed Mar  7 03:45:22 CET 2018] scale:10000000 groups:10 work_mem:128MB incremental:on max_workers:0 =====
SELECT * FROM (SELECT * FROM s_1 ORDER BY a) foo ORDER BY a, b
                                   QUERY PLAN                                    
---------------------------------------------------------------------------------
 Limit  (cost=2921135.25..2921135.25 rows=1 width=20)
   ->  Incremental Sort  (cost=1632776.69..2821135.86 rows=9999939 width=20)
         Sort Key: s_1.a, s_1.b
         Presorted Key: s_1.a
         ->  Sort  (cost=1531440.69..1556440.54 rows=9999939 width=20)
               Sort Key: s_1.a
               ->  Seq Scan on s_1  (cost=0.00..163694.39 rows=9999939 width=20)
(7 rows)

===== 42 [Wed Mar  7 03:45:51 CET 2018] scale:10000000 groups:10 work_mem:128MB incremental:on max_workers:0 =====
SELECT * FROM (SELECT * FROM s_2 ORDER BY a, b) foo ORDER BY a, b, c
                                    QUERY PLAN                                    
----------------------------------------------------------------------------------
 Limit  (cost=2748200.59..2748200.59 rows=1 width=20)
   ->  Incremental Sort  (cost=1539242.49..2648200.05 rows=10000054 width=20)
         Sort Key: s_2.a, s_2.b, s_2.c
         Presorted Key: s_2.a, s_2.b
         ->  Sort  (cost=1531459.54..1556459.68 rows=10000054 width=20)
               Sort Key: s_2.a, s_2.b
               ->  Seq Scan on s_2  (cost=0.00..163695.54 rows=10000054 width=20)
(7 rows)

===== 43 [Wed Mar  7 03:46:21 CET 2018] scale:10000000 groups:10 work_mem:128MB incremental:on max_workers:0 =====
SELECT * FROM (SELECT * FROM s_3 ORDER BY a, b, c) foo ORDER BY a, b, c, d
                                   QUERY PLAN                                    
---------------------------------------------------------------------------------
 Limit  (cost=2575220.59..2575220.59 rows=1 width=20)
   ->  Incremental Sort  (cost=1532018.27..2475221.20 rows=9999939 width=20)
         Sort Key: s_3.a, s_3.b, s_3.c, s_3.d
         Presorted Key: s_3.a, s_3.b, s_3.c
         ->  Sort  (cost=1531440.69..1556440.54 rows=9999939 width=20)
               Sort Key: s_3.a, s_3.b, s_3.c
               ->  Seq Scan on s_3  (cost=0.00..163694.39 rows=9999939 width=20)
(7 rows)

===== 44 [Wed Mar  7 03:46:50 CET 2018] scale:10000000 groups:10 work_mem:128MB incremental:on max_workers:0 =====
SELECT * FROM (SELECT * FROM s_4 ORDER BY a, b, c, d) foo ORDER BY a, b, c, d, e
                                    QUERY PLAN                                    
----------------------------------------------------------------------------------
 Limit  (cost=2402545.96..2402545.96 rows=1 width=20)
   ->  Incremental Sort  (cost=1531500.23..2302545.42 rows=10000054 width=20)
         Sort Key: s_4.a, s_4.b, s_4.c, s_4.d, s_4.e
         Presorted Key: s_4.a, s_4.b, s_4.c, s_4.d
         ->  Sort  (cost=1531459.54..1556459.68 rows=10000054 width=20)
               Sort Key: s_4.a, s_4.b, s_4.c, s_4.d
               ->  Seq Scan on s_4  (cost=0.00..163695.54 rows=10000054 width=20)
(7 rows)

===== 45 [Wed Mar  7 03:47:21 CET 2018] scale:10000000 groups:10 work_mem:128MB incremental:off max_workers:0 =====
SELECT * FROM (SELECT * FROM s_1 ORDER BY a) foo ORDER BY a, b
                                   QUERY PLAN                                    
---------------------------------------------------------------------------------
 Limit  (cost=3149185.47..3149185.47 rows=1 width=20)
   ->  Sort  (cost=3024186.23..3049186.08 rows=9999939 width=20)
         Sort Key: s_1.a, s_1.b
         ->  Sort  (cost=1531440.69..1556440.54 rows=9999939 width=20)
               Sort Key: s_1.a
               ->  Seq Scan on s_1  (cost=0.00..163694.39 rows=9999939 width=20)
(6 rows)

===== 46 [Wed Mar  7 03:47:56 CET 2018] scale:10000000 groups:10 work_mem:128MB incremental:off max_workers:0 =====
SELECT * FROM (SELECT * FROM s_2 ORDER BY a, b) foo ORDER BY a, b, c
                                    QUERY PLAN                                    
----------------------------------------------------------------------------------
 Limit  (cost=3149224.89..3149224.89 rows=1 width=20)
   ->  Sort  (cost=3024224.22..3049224.35 rows=10000054 width=20)
         Sort Key: s_2.a, s_2.b, s_2.c
         ->  Sort  (cost=1531459.54..1556459.68 rows=10000054 width=20)
               Sort Key: s_2.a, s_2.b
               ->  Seq Scan on s_2  (cost=0.00..163695.54 rows=10000054 width=20)
(6 rows)

===== 47 [Wed Mar  7 03:48:35 CET 2018] scale:10000000 groups:10 work_mem:128MB incremental:off max_workers:0 =====
SELECT * FROM (SELECT * FROM s_3 ORDER BY a, b, c) foo ORDER BY a, b, c, d
                                   QUERY PLAN                                    
---------------------------------------------------------------------------------
 Limit  (cost=3149185.47..3149185.47 rows=1 width=20)
   ->  Sort  (cost=3024186.23..3049186.08 rows=9999939 width=20)
         Sort Key: s_3.a, s_3.b, s_3.c, s_3.d
         ->  Sort  (cost=1531440.69..1556440.54 rows=9999939 width=20)
               Sort Key: s_3.a, s_3.b, s_3.c
               ->  Seq Scan on s_3  (cost=0.00..163694.39 rows=9999939 width=20)
(6 rows)

===== 48 [Wed Mar  7 03:49:17 CET 2018] scale:10000000 groups:10 work_mem:128MB incremental:off max_workers:0 =====
SELECT * FROM (SELECT * FROM s_4 ORDER BY a, b, c, d) foo ORDER BY a, b, c, d, e
                                    QUERY PLAN                                    
----------------------------------------------------------------------------------
 Limit  (cost=3149224.89..3149224.89 rows=1 width=20)
   ->  Sort  (cost=3024224.22..3049224.35 rows=10000054 width=20)
         Sort Key: s_4.a, s_4.b, s_4.c, s_4.d, s_4.e
         ->  Sort  (cost=1531459.54..1556459.68 rows=10000054 width=20)
               Sort Key: s_4.a, s_4.b, s_4.c, s_4.d
               ->  Seq Scan on s_4  (cost=0.00..163695.54 rows=10000054 width=20)
(6 rows)

===== 49 [Wed Mar  7 03:50:07 CET 2018] scale:10000000 groups:10 work_mem:256MB incremental:on max_workers:0 =====
SELECT * FROM (SELECT * FROM s_1 ORDER BY a) foo ORDER BY a, b
                                   QUERY PLAN                                    
---------------------------------------------------------------------------------
 Limit  (cost=2921135.25..2921135.25 rows=1 width=20)
   ->  Incremental Sort  (cost=1632776.69..2821135.86 rows=9999939 width=20)
         Sort Key: s_1.a, s_1.b
         Presorted Key: s_1.a
         ->  Sort  (cost=1531440.69..1556440.54 rows=9999939 width=20)
               Sort Key: s_1.a
               ->  Seq Scan on s_1  (cost=0.00..163694.39 rows=9999939 width=20)
(7 rows)

===== 50 [Wed Mar  7 03:50:38 CET 2018] scale:10000000 groups:10 work_mem:256MB incremental:on max_workers:0 =====
SELECT * FROM (SELECT * FROM s_2 ORDER BY a, b) foo ORDER BY a, b, c
                                    QUERY PLAN                                    
----------------------------------------------------------------------------------
 Limit  (cost=2748200.59..2748200.59 rows=1 width=20)
   ->  Incremental Sort  (cost=1539242.49..2648200.05 rows=10000054 width=20)
         Sort Key: s_2.a, s_2.b, s_2.c
         Presorted Key: s_2.a, s_2.b
         ->  Sort  (cost=1531459.54..1556459.68 rows=10000054 width=20)
               Sort Key: s_2.a, s_2.b
               ->  Seq Scan on s_2  (cost=0.00..163695.54 rows=10000054 width=20)
(7 rows)

===== 51 [Wed Mar  7 03:51:07 CET 2018] scale:10000000 groups:10 work_mem:256MB incremental:on max_workers:0 =====
SELECT * FROM (SELECT * FROM s_3 ORDER BY a, b, c) foo ORDER BY a, b, c, d
                                   QUERY PLAN                                    
---------------------------------------------------------------------------------
 Limit  (cost=2575220.59..2575220.59 rows=1 width=20)
   ->  Incremental Sort  (cost=1532018.27..2475221.20 rows=9999939 width=20)
         Sort Key: s_3.a, s_3.b, s_3.c, s_3.d
         Presorted Key: s_3.a, s_3.b, s_3.c
         ->  Sort  (cost=1531440.69..1556440.54 rows=9999939 width=20)
               Sort Key: s_3.a, s_3.b, s_3.c
               ->  Seq Scan on s_3  (cost=0.00..163694.39 rows=9999939 width=20)
(7 rows)

===== 52 [Wed Mar  7 03:51:36 CET 2018] scale:10000000 groups:10 work_mem:256MB incremental:on max_workers:0 =====
SELECT * FROM (SELECT * FROM s_4 ORDER BY a, b, c, d) foo ORDER BY a, b, c, d, e
                                    QUERY PLAN                                    
----------------------------------------------------------------------------------
 Limit  (cost=2402545.96..2402545.96 rows=1 width=20)
   ->  Incremental Sort  (cost=1531500.23..2302545.42 rows=10000054 width=20)
         Sort Key: s_4.a, s_4.b, s_4.c, s_4.d, s_4.e
         Presorted Key: s_4.a, s_4.b, s_4.c, s_4.d
         ->  Sort  (cost=1531459.54..1556459.68 rows=10000054 width=20)
               Sort Key: s_4.a, s_4.b, s_4.c, s_4.d
               ->  Seq Scan on s_4  (cost=0.00..163695.54 rows=10000054 width=20)
(7 rows)

===== 53 [Wed Mar  7 03:52:07 CET 2018] scale:10000000 groups:10 work_mem:256MB incremental:off max_workers:0 =====
SELECT * FROM (SELECT * FROM s_1 ORDER BY a) foo ORDER BY a, b
                                   QUERY PLAN                                    
---------------------------------------------------------------------------------
 Limit  (cost=3149185.47..3149185.47 rows=1 width=20)
   ->  Sort  (cost=3024186.23..3049186.08 rows=9999939 width=20)
         Sort Key: s_1.a, s_1.b
         ->  Sort  (cost=1531440.69..1556440.54 rows=9999939 width=20)
               Sort Key: s_1.a
               ->  Seq Scan on s_1  (cost=0.00..163694.39 rows=9999939 width=20)
(6 rows)

===== 54 [Wed Mar  7 03:52:44 CET 2018] scale:10000000 groups:10 work_mem:256MB incremental:off max_workers:0 =====
SELECT * FROM (SELECT * FROM s_2 ORDER BY a, b) foo ORDER BY a, b, c
                                    QUERY PLAN                                    
----------------------------------------------------------------------------------
 Limit  (cost=3149224.89..3149224.89 rows=1 width=20)
   ->  Sort  (cost=3024224.22..3049224.35 rows=10000054 width=20)
         Sort Key: s_2.a, s_2.b, s_2.c
         ->  Sort  (cost=1531459.54..1556459.68 rows=10000054 width=20)
               Sort Key: s_2.a, s_2.b
               ->  Seq Scan on s_2  (cost=0.00..163695.54 rows=10000054 width=20)
(6 rows)

===== 55 [Wed Mar  7 03:53:24 CET 2018] scale:10000000 groups:10 work_mem:256MB incremental:off max_workers:0 =====
SELECT * FROM (SELECT * FROM s_3 ORDER BY a, b, c) foo ORDER BY a, b, c, d
                                   QUERY PLAN                                    
---------------------------------------------------------------------------------
 Limit  (cost=3149185.47..3149185.47 rows=1 width=20)
   ->  Sort  (cost=3024186.23..3049186.08 rows=9999939 width=20)
         Sort Key: s_3.a, s_3.b, s_3.c, s_3.d
         ->  Sort  (cost=1531440.69..1556440.54 rows=9999939 width=20)
               Sort Key: s_3.a, s_3.b, s_3.c
               ->  Seq Scan on s_3  (cost=0.00..163694.39 rows=9999939 width=20)
(6 rows)

===== 56 [Wed Mar  7 03:54:07 CET 2018] scale:10000000 groups:10 work_mem:256MB incremental:off max_workers:0 =====
SELECT * FROM (SELECT * FROM s_4 ORDER BY a, b, c, d) foo ORDER BY a, b, c, d, e
                                    QUERY PLAN                                    
----------------------------------------------------------------------------------
 Limit  (cost=3149224.89..3149224.89 rows=1 width=20)
   ->  Sort  (cost=3024224.22..3049224.35 rows=10000054 width=20)
         Sort Key: s_4.a, s_4.b, s_4.c, s_4.d, s_4.e
         ->  Sort  (cost=1531459.54..1556459.68 rows=10000054 width=20)
               Sort Key: s_4.a, s_4.b, s_4.c, s_4.d
               ->  Seq Scan on s_4  (cost=0.00..163695.54 rows=10000054 width=20)
(6 rows)

===== 57 [Wed Mar  7 03:54:58 CET 2018] scale:10000000 groups:10 work_mem:4MB incremental:on max_workers:2 =====
SELECT * FROM (SELECT * FROM s_1 ORDER BY a) foo ORDER BY a, b
                                           QUERY PLAN                                           
------------------------------------------------------------------------------------------------
 Limit  (cost=3004862.53..3004862.53 rows=1 width=20)
   ->  Incremental Sort  (cost=920873.42..2921529.71 rows=8333282 width=20)
         Sort Key: s_1.a, s_1.b
         Presorted Key: s_1.a
         ->  Gather Merge  (cost=735391.06..1707675.17 rows=8333282 width=20)
               Workers Planned: 2
               ->  Sort  (cost=734391.04..744807.64 rows=4166641 width=20)
                     Sort Key: s_1.a
                     ->  Parallel Seq Scan on s_1  (cost=0.00..105361.41 rows=4166641 width=20)
(9 rows)

===== 58 [Wed Mar  7 03:55:30 CET 2018] scale:10000000 groups:10 work_mem:4MB incremental:on max_workers:2 =====
SELECT * FROM (SELECT * FROM s_2 ORDER BY a, b) foo ORDER BY a, b, c
                                           QUERY PLAN                                           
------------------------------------------------------------------------------------------------
 Limit  (cost=2689857.44..2689857.44 rows=1 width=20)
   ->  Incremental Sort  (cost=749662.70..2606523.66 rows=8333378 width=20)
         Sort Key: s_2.a, s_2.b, s_2.c
         Presorted Key: s_2.a, s_2.b
         ->  Gather Merge  (cost=735404.16..1707699.48 rows=8333378 width=20)
               Workers Planned: 2
               ->  Sort  (cost=734404.14..744820.86 rows=4166689 width=20)
                     Sort Key: s_2.a, s_2.b
                     ->  Parallel Seq Scan on s_2  (cost=0.00..105361.89 rows=4166689 width=20)
(9 rows)

===== 59 [Wed Mar  7 03:56:05 CET 2018] scale:10000000 groups:10 work_mem:4MB incremental:on max_workers:2 =====
SELECT * FROM (SELECT * FROM s_3 ORDER BY a, b, c) foo ORDER BY a, b, c, d
                                           QUERY PLAN                                           
------------------------------------------------------------------------------------------------
 Limit  (cost=2545703.24..2545703.24 rows=1 width=20)
   ->  Incremental Sort  (cost=736578.98..2462370.42 rows=8333282 width=20)
         Sort Key: s_3.a, s_3.b, s_3.c, s_3.d
         Presorted Key: s_3.a, s_3.b, s_3.c
         ->  Gather Merge  (cost=735391.06..1707675.17 rows=8333282 width=20)
               Workers Planned: 2
               ->  Sort  (cost=734391.04..744807.64 rows=4166641 width=20)
                     Sort Key: s_3.a, s_3.b, s_3.c
                     ->  Parallel Seq Scan on s_3  (cost=0.00..105361.41 rows=4166641 width=20)
(9 rows)

===== 60 [Wed Mar  7 03:56:34 CET 2018] scale:10000000 groups:10 work_mem:4MB incremental:on max_workers:2 =====
SELECT * FROM (SELECT * FROM s_4 ORDER BY a, b, c, d) foo ORDER BY a, b, c, d, e
                                           QUERY PLAN                                           
------------------------------------------------------------------------------------------------
 Limit  (cost=2401860.33..2401860.33 rows=1 width=20)
   ->  Incremental Sort  (cost=735502.31..2318526.55 rows=8333378 width=20)
         Sort Key: s_4.a, s_4.b, s_4.c, s_4.d, s_4.e
         Presorted Key: s_4.a, s_4.b, s_4.c, s_4.d
         ->  Gather Merge  (cost=735404.16..1707699.48 rows=8333378 width=20)
               Workers Planned: 2
               ->  Sort  (cost=734404.14..744820.86 rows=4166689 width=20)
                     Sort Key: s_4.a, s_4.b, s_4.c, s_4.d
                     ->  Parallel Seq Scan on s_4  (cost=0.00..105361.89 rows=4166689 width=20)
(9 rows)

===== 61 [Wed Mar  7 03:57:06 CET 2018] scale:10000000 groups:10 work_mem:4MB incremental:off max_workers:2 =====
SELECT * FROM (SELECT * FROM s_1 ORDER BY a) foo ORDER BY a, b
                                           QUERY PLAN                                           
------------------------------------------------------------------------------------------------
 Limit  (cost=3194899.68..3194899.68 rows=1 width=20)
   ->  Sort  (cost=3090733.65..3111566.86 rows=8333282 width=20)
         Sort Key: s_1.a, s_1.b
         ->  Gather Merge  (cost=735391.06..1707675.17 rows=8333282 width=20)
               Workers Planned: 2
               ->  Sort  (cost=734391.04..744807.64 rows=4166641 width=20)
                     Sort Key: s_1.a
                     ->  Parallel Seq Scan on s_1  (cost=0.00..105361.41 rows=4166641 width=20)
(8 rows)

===== 62 [Wed Mar  7 03:57:45 CET 2018] scale:10000000 groups:10 work_mem:4MB incremental:off max_workers:2 =====
SELECT * FROM (SELECT * FROM s_2 ORDER BY a, b) foo ORDER BY a, b, c
                                           QUERY PLAN                                           
------------------------------------------------------------------------------------------------
 Limit  (cost=3194944.87..3194944.87 rows=1 width=20)
   ->  Sort  (cost=3090777.64..3111611.09 rows=8333378 width=20)
         Sort Key: s_2.a, s_2.b, s_2.c
         ->  Gather Merge  (cost=735404.16..1707699.48 rows=8333378 width=20)
               Workers Planned: 2
               ->  Sort  (cost=734404.14..744820.86 rows=4166689 width=20)
                     Sort Key: s_2.a, s_2.b
                     ->  Parallel Seq Scan on s_2  (cost=0.00..105361.89 rows=4166689 width=20)
(8 rows)

===== 63 [Wed Mar  7 03:58:27 CET 2018] scale:10000000 groups:10 work_mem:4MB incremental:off max_workers:2 =====
SELECT * FROM (SELECT * FROM s_3 ORDER BY a, b, c) foo ORDER BY a, b, c, d
                                           QUERY PLAN                                           
------------------------------------------------------------------------------------------------
 Limit  (cost=3194899.68..3194899.68 rows=1 width=20)
   ->  Sort  (cost=3090733.65..3111566.86 rows=8333282 width=20)
         Sort Key: s_3.a, s_3.b, s_3.c, s_3.d
         ->  Gather Merge  (cost=735391.06..1707675.17 rows=8333282 width=20)
               Workers Planned: 2
               ->  Sort  (cost=734391.04..744807.64 rows=4166641 width=20)
                     Sort Key: s_3.a, s_3.b, s_3.c
                     ->  Parallel Seq Scan on s_3  (cost=0.00..105361.41 rows=4166641 width=20)
(8 rows)

===== 64 [Wed Mar  7 03:59:15 CET 2018] scale:10000000 groups:10 work_mem:4MB incremental:off max_workers:2 =====
SELECT * FROM (SELECT * FROM s_4 ORDER BY a, b, c, d) foo ORDER BY a, b, c, d, e
                                           QUERY PLAN                                           
------------------------------------------------------------------------------------------------
 Limit  (cost=3194944.87..3194944.87 rows=1 width=20)
   ->  Sort  (cost=3090777.64..3111611.09 rows=8333378 width=20)
         Sort Key: s_4.a, s_4.b, s_4.c, s_4.d, s_4.e
         ->  Gather Merge  (cost=735404.16..1707699.48 rows=8333378 width=20)
               Workers Planned: 2
               ->  Sort  (cost=734404.14..744820.86 rows=4166689 width=20)
                     Sort Key: s_4.a, s_4.b, s_4.c, s_4.d
                     ->  Parallel Seq Scan on s_4  (cost=0.00..105361.89 rows=4166689 width=20)
(8 rows)

===== 65 [Wed Mar  7 04:00:11 CET 2018] scale:10000000 groups:10 work_mem:8MB incremental:on max_workers:2 =====
SELECT * FROM (SELECT * FROM s_1 ORDER BY a) foo ORDER BY a, b
                                           QUERY PLAN                                           
------------------------------------------------------------------------------------------------
 Limit  (cost=2919413.53..2919413.53 rows=1 width=20)
   ->  Incremental Sort  (cost=835424.42..2836080.71 rows=8333282 width=20)
         Sort Key: s_1.a, s_1.b
         Presorted Key: s_1.a
         ->  Gather Merge  (cost=649942.06..1622226.17 rows=8333282 width=20)
               Workers Planned: 2
               ->  Sort  (cost=648942.04..659358.64 rows=4166641 width=20)
                     Sort Key: s_1.a
                     ->  Parallel Seq Scan on s_1  (cost=0.00..105361.41 rows=4166641 width=20)
(9 rows)

===== 66 [Wed Mar  7 04:00:41 CET 2018] scale:10000000 groups:10 work_mem:8MB incremental:on max_workers:2 =====
SELECT * FROM (SELECT * FROM s_2 ORDER BY a, b) foo ORDER BY a, b, c
                                           QUERY PLAN                                           
------------------------------------------------------------------------------------------------
 Limit  (cost=2604404.94..2604404.94 rows=1 width=20)
   ->  Incremental Sort  (cost=664210.20..2521071.16 rows=8333378 width=20)
         Sort Key: s_2.a, s_2.b, s_2.c
         Presorted Key: s_2.a, s_2.b
         ->  Gather Merge  (cost=649951.66..1622246.98 rows=8333378 width=20)
               Workers Planned: 2
               ->  Sort  (cost=648951.64..659368.36 rows=4166689 width=20)
                     Sort Key: s_2.a, s_2.b
                     ->  Parallel Seq Scan on s_2  (cost=0.00..105361.89 rows=4166689 width=20)
(9 rows)

===== 67 [Wed Mar  7 04:01:14 CET 2018] scale:10000000 groups:10 work_mem:8MB incremental:on max_workers:2 =====
SELECT * FROM (SELECT * FROM s_3 ORDER BY a, b, c) foo ORDER BY a, b, c, d
                                           QUERY PLAN                                           
------------------------------------------------------------------------------------------------
 Limit  (cost=2460254.24..2460254.24 rows=1 width=20)
   ->  Incremental Sort  (cost=651129.98..2376921.42 rows=8333282 width=20)
         Sort Key: s_3.a, s_3.b, s_3.c, s_3.d
         Presorted Key: s_3.a, s_3.b, s_3.c
         ->  Gather Merge  (cost=649942.06..1622226.17 rows=8333282 width=20)
               Workers Planned: 2
               ->  Sort  (cost=648942.04..659358.64 rows=4166641 width=20)
                     Sort Key: s_3.a, s_3.b, s_3.c
                     ->  Parallel Seq Scan on s_3  (cost=0.00..105361.41 rows=4166641 width=20)
(9 rows)

===== 68 [Wed Mar  7 04:01:42 CET 2018] scale:10000000 groups:10 work_mem:8MB incremental:on max_workers:2 =====
SELECT * FROM (SELECT * FROM s_4 ORDER BY a, b, c, d) foo ORDER BY a, b, c, d, e
                                           QUERY PLAN                                           
------------------------------------------------------------------------------------------------
 Limit  (cost=2316407.83..2316407.83 rows=1 width=20)
   ->  Incremental Sort  (cost=650049.81..2233074.05 rows=8333378 width=20)
         Sort Key: s_4.a, s_4.b, s_4.c, s_4.d, s_4.e
         Presorted Key: s_4.a, s_4.b, s_4.c, s_4.d
         ->  Gather Merge  (cost=649951.66..1622246.98 rows=8333378 width=20)
               Workers Planned: 2
               ->  Sort  (cost=648951.64..659368.36 rows=4166689 width=20)
                     Sort Key: s_4.a, s_4.b, s_4.c, s_4.d
                     ->  Parallel Seq Scan on s_4  (cost=0.00..105361.89 rows=4166689 width=20)
(9 rows)

===== 69 [Wed Mar  7 04:02:12 CET 2018] scale:10000000 groups:10 work_mem:8MB incremental:off max_workers:2 =====
SELECT * FROM (SELECT * FROM s_1 ORDER BY a) foo ORDER BY a, b
                                           QUERY PLAN                                           
------------------------------------------------------------------------------------------------
 Limit  (cost=3109450.68..3109450.68 rows=1 width=20)
   ->  Sort  (cost=3005284.65..3026117.86 rows=8333282 width=20)
         Sort Key: s_1.a, s_1.b
         ->  Gather Merge  (cost=649942.06..1622226.17 rows=8333282 width=20)
               Workers Planned: 2
               ->  Sort  (cost=648942.04..659358.64 rows=4166641 width=20)
                     Sort Key: s_1.a
                     ->  Parallel Seq Scan on s_1  (cost=0.00..105361.41 rows=4166641 width=20)
(8 rows)

===== 70 [Wed Mar  7 04:02:47 CET 2018] scale:10000000 groups:10 work_mem:8MB incremental:off max_workers:2 =====
SELECT * FROM (SELECT * FROM s_2 ORDER BY a, b) foo ORDER BY a, b, c
                                           QUERY PLAN                                           
------------------------------------------------------------------------------------------------
 Limit  (cost=3109492.37..3109492.37 rows=1 width=20)
   ->  Sort  (cost=3005325.14..3026158.59 rows=8333378 width=20)
         Sort Key: s_2.a, s_2.b, s_2.c
         ->  Gather Merge  (cost=649951.66..1622246.98 rows=8333378 width=20)
               Workers Planned: 2
               ->  Sort  (cost=648951.64..659368.36 rows=4166689 width=20)
                     Sort Key: s_2.a, s_2.b
                     ->  Parallel Seq Scan on s_2  (cost=0.00..105361.89 rows=4166689 width=20)
(8 rows)

===== 71 [Wed Mar  7 04:03:25 CET 2018] scale:10000000 groups:10 work_mem:8MB incremental:off max_workers:2 =====
SELECT * FROM (SELECT * FROM s_3 ORDER BY a, b, c) foo ORDER BY a, b, c, d
                                           QUERY PLAN                                           
------------------------------------------------------------------------------------------------
 Limit  (cost=3109450.68..3109450.68 rows=1 width=20)
   ->  Sort  (cost=3005284.65..3026117.86 rows=8333282 width=20)
         Sort Key: s_3.a, s_3.b, s_3.c, s_3.d
         ->  Gather Merge  (cost=649942.06..1622226.17 rows=8333282 width=20)
               Workers Planned: 2
               ->  Sort  (cost=648942.04..659358.64 rows=4166641 width=20)
                     Sort Key: s_3.a, s_3.b, s_3.c
                     ->  Parallel Seq Scan on s_3  (cost=0.00..105361.41 rows=4166641 width=20)
(8 rows)

===== 72 [Wed Mar  7 04:04:08 CET 2018] scale:10000000 groups:10 work_mem:8MB incremental:off max_workers:2 =====
SELECT * FROM (SELECT * FROM s_4 ORDER BY a, b, c, d) foo ORDER BY a, b, c, d, e
                                           QUERY PLAN                                           
------------------------------------------------------------------------------------------------
 Limit  (cost=3109492.37..3109492.37 rows=1 width=20)
   ->  Sort  (cost=3005325.14..3026158.59 rows=8333378 width=20)
         Sort Key: s_4.a, s_4.b, s_4.c, s_4.d, s_4.e
         ->  Gather Merge  (cost=649951.66..1622246.98 rows=8333378 width=20)
               Workers Planned: 2
               ->  Sort  (cost=648951.64..659368.36 rows=4166689 width=20)
                     Sort Key: s_4.a, s_4.b, s_4.c, s_4.d
                     ->  Parallel Seq Scan on s_4  (cost=0.00..105361.89 rows=4166689 width=20)
(8 rows)

===== 73 [Wed Mar  7 04:04:59 CET 2018] scale:10000000 groups:10 work_mem:16MB incremental:on max_workers:2 =====
SELECT * FROM (SELECT * FROM s_1 ORDER BY a) foo ORDER BY a, b
                                   QUERY PLAN                                    
---------------------------------------------------------------------------------
 Limit  (cost=3126224.75..3126224.75 rows=1 width=20)
   ->  Incremental Sort  (cost=1651421.19..3026225.36 rows=9999939 width=20)
         Sort Key: s_1.a, s_1.b
         Presorted Key: s_1.a
         ->  Sort  (cost=1531440.69..1556440.54 rows=9999939 width=20)
               Sort Key: s_1.a
               ->  Seq Scan on s_1  (cost=0.00..163694.39 rows=9999939 width=20)
(7 rows)

===== 74 [Wed Mar  7 04:05:35 CET 2018] scale:10000000 groups:10 work_mem:16MB incremental:on max_workers:2 =====
SELECT * FROM (SELECT * FROM s_2 ORDER BY a, b) foo ORDER BY a, b, c
                                    QUERY PLAN                                    
----------------------------------------------------------------------------------
 Limit  (cost=2748200.59..2748200.59 rows=1 width=20)
   ->  Incremental Sort  (cost=1539242.49..2648200.05 rows=10000054 width=20)
         Sort Key: s_2.a, s_2.b, s_2.c
         Presorted Key: s_2.a, s_2.b
         ->  Sort  (cost=1531459.54..1556459.68 rows=10000054 width=20)
               Sort Key: s_2.a, s_2.b
               ->  Seq Scan on s_2  (cost=0.00..163695.54 rows=10000054 width=20)
(7 rows)

===== 75 [Wed Mar  7 04:06:05 CET 2018] scale:10000000 groups:10 work_mem:16MB incremental:on max_workers:2 =====
SELECT * FROM (SELECT * FROM s_3 ORDER BY a, b, c) foo ORDER BY a, b, c, d
                                   QUERY PLAN                                    
---------------------------------------------------------------------------------
 Limit  (cost=2575220.59..2575220.59 rows=1 width=20)
   ->  Incremental Sort  (cost=1532018.27..2475221.20 rows=9999939 width=20)
         Sort Key: s_3.a, s_3.b, s_3.c, s_3.d
         Presorted Key: s_3.a, s_3.b, s_3.c
         ->  Sort  (cost=1531440.69..1556440.54 rows=9999939 width=20)
               Sort Key: s_3.a, s_3.b, s_3.c
               ->  Seq Scan on s_3  (cost=0.00..163694.39 rows=9999939 width=20)
(7 rows)

===== 76 [Wed Mar  7 04:06:34 CET 2018] scale:10000000 groups:10 work_mem:16MB incremental:on max_workers:2 =====
SELECT * FROM (SELECT * FROM s_4 ORDER BY a, b, c, d) foo ORDER BY a, b, c, d, e
                                    QUERY PLAN                                    
----------------------------------------------------------------------------------
 Limit  (cost=2402545.96..2402545.96 rows=1 width=20)
   ->  Incremental Sort  (cost=1531500.23..2302545.42 rows=10000054 width=20)
         Sort Key: s_4.a, s_4.b, s_4.c, s_4.d, s_4.e
         Presorted Key: s_4.a, s_4.b, s_4.c, s_4.d
         ->  Sort  (cost=1531459.54..1556459.68 rows=10000054 width=20)
               Sort Key: s_4.a, s_4.b, s_4.c, s_4.d
               ->  Seq Scan on s_4  (cost=0.00..163695.54 rows=10000054 width=20)
(7 rows)

===== 77 [Wed Mar  7 04:07:05 CET 2018] scale:10000000 groups:10 work_mem:16MB incremental:off max_workers:2 =====
SELECT * FROM (SELECT * FROM s_1 ORDER BY a) foo ORDER BY a, b
                                   QUERY PLAN                                    
---------------------------------------------------------------------------------
 Limit  (cost=3149185.47..3149185.47 rows=1 width=20)
   ->  Sort  (cost=3024186.23..3049186.08 rows=9999939 width=20)
         Sort Key: s_1.a, s_1.b
         ->  Sort  (cost=1531440.69..1556440.54 rows=9999939 width=20)
               Sort Key: s_1.a
               ->  Seq Scan on s_1  (cost=0.00..163694.39 rows=9999939 width=20)
(6 rows)

===== 78 [Wed Mar  7 04:07:39 CET 2018] scale:10000000 groups:10 work_mem:16MB incremental:off max_workers:2 =====
SELECT * FROM (SELECT * FROM s_2 ORDER BY a, b) foo ORDER BY a, b, c
                                    QUERY PLAN                                    
----------------------------------------------------------------------------------
 Limit  (cost=3149224.89..3149224.89 rows=1 width=20)
   ->  Sort  (cost=3024224.22..3049224.35 rows=10000054 width=20)
         Sort Key: s_2.a, s_2.b, s_2.c
         ->  Sort  (cost=1531459.54..1556459.68 rows=10000054 width=20)
               Sort Key: s_2.a, s_2.b
               ->  Seq Scan on s_2  (cost=0.00..163695.54 rows=10000054 width=20)
(6 rows)

===== 79 [Wed Mar  7 04:08:15 CET 2018] scale:10000000 groups:10 work_mem:16MB incremental:off max_workers:2 =====
SELECT * FROM (SELECT * FROM s_3 ORDER BY a, b, c) foo ORDER BY a, b, c, d
                                   QUERY PLAN                                    
---------------------------------------------------------------------------------
 Limit  (cost=3149185.47..3149185.47 rows=1 width=20)
   ->  Sort  (cost=3024186.23..3049186.08 rows=9999939 width=20)
         Sort Key: s_3.a, s_3.b, s_3.c, s_3.d
         ->  Sort  (cost=1531440.69..1556440.54 rows=9999939 width=20)
               Sort Key: s_3.a, s_3.b, s_3.c
               ->  Seq Scan on s_3  (cost=0.00..163694.39 rows=9999939 width=20)
(6 rows)

===== 80 [Wed Mar  7 04:08:56 CET 2018] scale:10000000 groups:10 work_mem:16MB incremental:off max_workers:2 =====
SELECT * FROM (SELECT * FROM s_4 ORDER BY a, b, c, d) foo ORDER BY a, b, c, d, e
                                    QUERY PLAN                                    
----------------------------------------------------------------------------------
 Limit  (cost=3149224.89..3149224.89 rows=1 width=20)
   ->  Sort  (cost=3024224.22..3049224.35 rows=10000054 width=20)
         Sort Key: s_4.a, s_4.b, s_4.c, s_4.d, s_4.e
         ->  Sort  (cost=1531459.54..1556459.68 rows=10000054 width=20)
               Sort Key: s_4.a, s_4.b, s_4.c, s_4.d
               ->  Seq Scan on s_4  (cost=0.00..163695.54 rows=10000054 width=20)
(6 rows)

===== 81 [Wed Mar  7 04:09:44 CET 2018] scale:10000000 groups:10 work_mem:32MB incremental:on max_workers:2 =====
SELECT * FROM (SELECT * FROM s_1 ORDER BY a) foo ORDER BY a, b
                                   QUERY PLAN                                    
---------------------------------------------------------------------------------
 Limit  (cost=3126224.75..3126224.75 rows=1 width=20)
   ->  Incremental Sort  (cost=1651421.19..3026225.36 rows=9999939 width=20)
         Sort Key: s_1.a, s_1.b
         Presorted Key: s_1.a
         ->  Sort  (cost=1531440.69..1556440.54 rows=9999939 width=20)
               Sort Key: s_1.a
               ->  Seq Scan on s_1  (cost=0.00..163694.39 rows=9999939 width=20)
(7 rows)

===== 82 [Wed Mar  7 04:10:20 CET 2018] scale:10000000 groups:10 work_mem:32MB incremental:on max_workers:2 =====
SELECT * FROM (SELECT * FROM s_2 ORDER BY a, b) foo ORDER BY a, b, c
                                    QUERY PLAN                                    
----------------------------------------------------------------------------------
 Limit  (cost=2748200.59..2748200.59 rows=1 width=20)
   ->  Incremental Sort  (cost=1539242.49..2648200.05 rows=10000054 width=20)
         Sort Key: s_2.a, s_2.b, s_2.c
         Presorted Key: s_2.a, s_2.b
         ->  Sort  (cost=1531459.54..1556459.68 rows=10000054 width=20)
               Sort Key: s_2.a, s_2.b
               ->  Seq Scan on s_2  (cost=0.00..163695.54 rows=10000054 width=20)
(7 rows)

===== 83 [Wed Mar  7 04:10:50 CET 2018] scale:10000000 groups:10 work_mem:32MB incremental:on max_workers:2 =====
SELECT * FROM (SELECT * FROM s_3 ORDER BY a, b, c) foo ORDER BY a, b, c, d
                                   QUERY PLAN                                    
---------------------------------------------------------------------------------
 Limit  (cost=2575220.59..2575220.59 rows=1 width=20)
   ->  Incremental Sort  (cost=1532018.27..2475221.20 rows=9999939 width=20)
         Sort Key: s_3.a, s_3.b, s_3.c, s_3.d
         Presorted Key: s_3.a, s_3.b, s_3.c
         ->  Sort  (cost=1531440.69..1556440.54 rows=9999939 width=20)
               Sort Key: s_3.a, s_3.b, s_3.c
               ->  Seq Scan on s_3  (cost=0.00..163694.39 rows=9999939 width=20)
(7 rows)

===== 84 [Wed Mar  7 04:11:18 CET 2018] scale:10000000 groups:10 work_mem:32MB incremental:on max_workers:2 =====
SELECT * FROM (SELECT * FROM s_4 ORDER BY a, b, c, d) foo ORDER BY a, b, c, d, e
                                    QUERY PLAN                                    
----------------------------------------------------------------------------------
 Limit  (cost=2402545.96..2402545.96 rows=1 width=20)
   ->  Incremental Sort  (cost=1531500.23..2302545.42 rows=10000054 width=20)
         Sort Key: s_4.a, s_4.b, s_4.c, s_4.d, s_4.e
         Presorted Key: s_4.a, s_4.b, s_4.c, s_4.d
         ->  Sort  (cost=1531459.54..1556459.68 rows=10000054 width=20)
               Sort Key: s_4.a, s_4.b, s_4.c, s_4.d
               ->  Seq Scan on s_4  (cost=0.00..163695.54 rows=10000054 width=20)
(7 rows)

===== 85 [Wed Mar  7 04:11:49 CET 2018] scale:10000000 groups:10 work_mem:32MB incremental:off max_workers:2 =====
SELECT * FROM (SELECT * FROM s_1 ORDER BY a) foo ORDER BY a, b
                                   QUERY PLAN                                    
---------------------------------------------------------------------------------
 Limit  (cost=3149185.47..3149185.47 rows=1 width=20)
   ->  Sort  (cost=3024186.23..3049186.08 rows=9999939 width=20)
         Sort Key: s_1.a, s_1.b
         ->  Sort  (cost=1531440.69..1556440.54 rows=9999939 width=20)
               Sort Key: s_1.a
               ->  Seq Scan on s_1  (cost=0.00..163694.39 rows=9999939 width=20)
(6 rows)

===== 86 [Wed Mar  7 04:12:24 CET 2018] scale:10000000 groups:10 work_mem:32MB incremental:off max_workers:2 =====
SELECT * FROM (SELECT * FROM s_2 ORDER BY a, b) foo ORDER BY a, b, c
                                    QUERY PLAN                                    
----------------------------------------------------------------------------------
 Limit  (cost=3149224.89..3149224.89 rows=1 width=20)
   ->  Sort  (cost=3024224.22..3049224.35 rows=10000054 width=20)
         Sort Key: s_2.a, s_2.b, s_2.c
         ->  Sort  (cost=1531459.54..1556459.68 rows=10000054 width=20)
               Sort Key: s_2.a, s_2.b
               ->  Seq Scan on s_2  (cost=0.00..163695.54 rows=10000054 width=20)
(6 rows)

===== 87 [Wed Mar  7 04:13:00 CET 2018] scale:10000000 groups:10 work_mem:32MB incremental:off max_workers:2 =====
SELECT * FROM (SELECT * FROM s_3 ORDER BY a, b, c) foo ORDER BY a, b, c, d
                                   QUERY PLAN                                    
---------------------------------------------------------------------------------
 Limit  (cost=3149185.47..3149185.47 rows=1 width=20)
   ->  Sort  (cost=3024186.23..3049186.08 rows=9999939 width=20)
         Sort Key: s_3.a, s_3.b, s_3.c, s_3.d
         ->  Sort  (cost=1531440.69..1556440.54 rows=9999939 width=20)
               Sort Key: s_3.a, s_3.b, s_3.c
               ->  Seq Scan on s_3  (cost=0.00..163694.39 rows=9999939 width=20)
(6 rows)

===== 88 [Wed Mar  7 04:13:41 CET 2018] scale:10000000 groups:10 work_mem:32MB incremental:off max_workers:2 =====
SELECT * FROM (SELECT * FROM s_4 ORDER BY a, b, c, d) foo ORDER BY a, b, c, d, e
                                    QUERY PLAN                                    
----------------------------------------------------------------------------------
 Limit  (cost=3149224.89..3149224.89 rows=1 width=20)
   ->  Sort  (cost=3024224.22..3049224.35 rows=10000054 width=20)
         Sort Key: s_4.a, s_4.b, s_4.c, s_4.d, s_4.e
         ->  Sort  (cost=1531459.54..1556459.68 rows=10000054 width=20)
               Sort Key: s_4.a, s_4.b, s_4.c, s_4.d
               ->  Seq Scan on s_4  (cost=0.00..163695.54 rows=10000054 width=20)
(6 rows)

===== 89 [Wed Mar  7 04:14:29 CET 2018] scale:10000000 groups:10 work_mem:64MB incremental:on max_workers:2 =====
SELECT * FROM (SELECT * FROM s_1 ORDER BY a) foo ORDER BY a, b
                                   QUERY PLAN                                    
---------------------------------------------------------------------------------
 Limit  (cost=2921135.25..2921135.25 rows=1 width=20)
   ->  Incremental Sort  (cost=1632776.69..2821135.86 rows=9999939 width=20)
         Sort Key: s_1.a, s_1.b
         Presorted Key: s_1.a
         ->  Sort  (cost=1531440.69..1556440.54 rows=9999939 width=20)
               Sort Key: s_1.a
               ->  Seq Scan on s_1  (cost=0.00..163694.39 rows=9999939 width=20)
(7 rows)

===== 90 [Wed Mar  7 04:15:05 CET 2018] scale:10000000 groups:10 work_mem:64MB incremental:on max_workers:2 =====
SELECT * FROM (SELECT * FROM s_2 ORDER BY a, b) foo ORDER BY a, b, c
                                    QUERY PLAN                                    
----------------------------------------------------------------------------------
 Limit  (cost=2748200.59..2748200.59 rows=1 width=20)
   ->  Incremental Sort  (cost=1539242.49..2648200.05 rows=10000054 width=20)
         Sort Key: s_2.a, s_2.b, s_2.c
         Presorted Key: s_2.a, s_2.b
         ->  Sort  (cost=1531459.54..1556459.68 rows=10000054 width=20)
               Sort Key: s_2.a, s_2.b
               ->  Seq Scan on s_2  (cost=0.00..163695.54 rows=10000054 width=20)
(7 rows)

===== 91 [Wed Mar  7 04:15:35 CET 2018] scale:10000000 groups:10 work_mem:64MB incremental:on max_workers:2 =====
SELECT * FROM (SELECT * FROM s_3 ORDER BY a, b, c) foo ORDER BY a, b, c, d
                                   QUERY PLAN                                    
---------------------------------------------------------------------------------
 Limit  (cost=2575220.59..2575220.59 rows=1 width=20)
   ->  Incremental Sort  (cost=1532018.27..2475221.20 rows=9999939 width=20)
         Sort Key: s_3.a, s_3.b, s_3.c, s_3.d
         Presorted Key: s_3.a, s_3.b, s_3.c
         ->  Sort  (cost=1531440.69..1556440.54 rows=9999939 width=20)
               Sort Key: s_3.a, s_3.b, s_3.c
               ->  Seq Scan on s_3  (cost=0.00..163694.39 rows=9999939 width=20)
(7 rows)

===== 92 [Wed Mar  7 04:16:03 CET 2018] scale:10000000 groups:10 work_mem:64MB incremental:on max_workers:2 =====
SELECT * FROM (SELECT * FROM s_4 ORDER BY a, b, c, d) foo ORDER BY a, b, c, d, e
                                    QUERY PLAN                                    
----------------------------------------------------------------------------------
 Limit  (cost=2402545.96..2402545.96 rows=1 width=20)
   ->  Incremental Sort  (cost=1531500.23..2302545.42 rows=10000054 width=20)
         Sort Key: s_4.a, s_4.b, s_4.c, s_4.d, s_4.e
         Presorted Key: s_4.a, s_4.b, s_4.c, s_4.d
         ->  Sort  (cost=1531459.54..1556459.68 rows=10000054 width=20)
               Sort Key: s_4.a, s_4.b, s_4.c, s_4.d
               ->  Seq Scan on s_4  (cost=0.00..163695.54 rows=10000054 width=20)
(7 rows)

===== 93 [Wed Mar  7 04:16:34 CET 2018] scale:10000000 groups:10 work_mem:64MB incremental:off max_workers:2 =====
SELECT * FROM (SELECT * FROM s_1 ORDER BY a) foo ORDER BY a, b
                                   QUERY PLAN                                    
---------------------------------------------------------------------------------
 Limit  (cost=3149185.47..3149185.47 rows=1 width=20)
   ->  Sort  (cost=3024186.23..3049186.08 rows=9999939 width=20)
         Sort Key: s_1.a, s_1.b
         ->  Sort  (cost=1531440.69..1556440.54 rows=9999939 width=20)
               Sort Key: s_1.a
               ->  Seq Scan on s_1  (cost=0.00..163694.39 rows=9999939 width=20)
(6 rows)

===== 94 [Wed Mar  7 04:17:09 CET 2018] scale:10000000 groups:10 work_mem:64MB incremental:off max_workers:2 =====
SELECT * FROM (SELECT * FROM s_2 ORDER BY a, b) foo ORDER BY a, b, c
                                    QUERY PLAN                                    
----------------------------------------------------------------------------------
 Limit  (cost=3149224.89..3149224.89 rows=1 width=20)
   ->  Sort  (cost=3024224.22..3049224.35 rows=10000054 width=20)
         Sort Key: s_2.a, s_2.b, s_2.c
         ->  Sort  (cost=1531459.54..1556459.68 rows=10000054 width=20)
               Sort Key: s_2.a, s_2.b
               ->  Seq Scan on s_2  (cost=0.00..163695.54 rows=10000054 width=20)
(6 rows)

===== 95 [Wed Mar  7 04:17:47 CET 2018] scale:10000000 groups:10 work_mem:64MB incremental:off max_workers:2 =====
SELECT * FROM (SELECT * FROM s_3 ORDER BY a, b, c) foo ORDER BY a, b, c, d
                                   QUERY PLAN                                    
---------------------------------------------------------------------------------
 Limit  (cost=3149185.47..3149185.47 rows=1 width=20)
   ->  Sort  (cost=3024186.23..3049186.08 rows=9999939 width=20)
         Sort Key: s_3.a, s_3.b, s_3.c, s_3.d
         ->  Sort  (cost=1531440.69..1556440.54 rows=9999939 width=20)
               Sort Key: s_3.a, s_3.b, s_3.c
               ->  Seq Scan on s_3  (cost=0.00..163694.39 rows=9999939 width=20)
(6 rows)

===== 96 [Wed Mar  7 04:18:29 CET 2018] scale:10000000 groups:10 work_mem:64MB incremental:off max_workers:2 =====
SELECT * FROM (SELECT * FROM s_4 ORDER BY a, b, c, d) foo ORDER BY a, b, c, d, e
                                    QUERY PLAN                                    
----------------------------------------------------------------------------------
 Limit  (cost=3149224.89..3149224.89 rows=1 width=20)
   ->  Sort  (cost=3024224.22..3049224.35 rows=10000054 width=20)
         Sort Key: s_4.a, s_4.b, s_4.c, s_4.d, s_4.e
         ->  Sort  (cost=1531459.54..1556459.68 rows=10000054 width=20)
               Sort Key: s_4.a, s_4.b, s_4.c, s_4.d
               ->  Seq Scan on s_4  (cost=0.00..163695.54 rows=10000054 width=20)
(6 rows)

===== 97 [Wed Mar  7 04:19:18 CET 2018] scale:10000000 groups:10 work_mem:128MB incremental:on max_workers:2 =====
SELECT * FROM (SELECT * FROM s_1 ORDER BY a) foo ORDER BY a, b
                                   QUERY PLAN                                    
---------------------------------------------------------------------------------
 Limit  (cost=2921135.25..2921135.25 rows=1 width=20)
   ->  Incremental Sort  (cost=1632776.69..2821135.86 rows=9999939 width=20)
         Sort Key: s_1.a, s_1.b
         Presorted Key: s_1.a
         ->  Sort  (cost=1531440.69..1556440.54 rows=9999939 width=20)
               Sort Key: s_1.a
               ->  Seq Scan on s_1  (cost=0.00..163694.39 rows=9999939 width=20)
(7 rows)

===== 98 [Wed Mar  7 04:19:48 CET 2018] scale:10000000 groups:10 work_mem:128MB incremental:on max_workers:2 =====
SELECT * FROM (SELECT * FROM s_2 ORDER BY a, b) foo ORDER BY a, b, c
                                    QUERY PLAN                                    
----------------------------------------------------------------------------------
 Limit  (cost=2748200.59..2748200.59 rows=1 width=20)
   ->  Incremental Sort  (cost=1539242.49..2648200.05 rows=10000054 width=20)
         Sort Key: s_2.a, s_2.b, s_2.c
         Presorted Key: s_2.a, s_2.b
         ->  Sort  (cost=1531459.54..1556459.68 rows=10000054 width=20)
               Sort Key: s_2.a, s_2.b
               ->  Seq Scan on s_2  (cost=0.00..163695.54 rows=10000054 width=20)
(7 rows)

===== 99 [Wed Mar  7 04:20:17 CET 2018] scale:10000000 groups:10 work_mem:128MB incremental:on max_workers:2 =====
SELECT * FROM (SELECT * FROM s_3 ORDER BY a, b, c) foo ORDER BY a, b, c, d
                                   QUERY PLAN                                    
---------------------------------------------------------------------------------
 Limit  (cost=2575220.59..2575220.59 rows=1 width=20)
   ->  Incremental Sort  (cost=1532018.27..2475221.20 rows=9999939 width=20)
         Sort Key: s_3.a, s_3.b, s_3.c, s_3.d
         Presorted Key: s_3.a, s_3.b, s_3.c
         ->  Sort  (cost=1531440.69..1556440.54 rows=9999939 width=20)
               Sort Key: s_3.a, s_3.b, s_3.c
               ->  Seq Scan on s_3  (cost=0.00..163694.39 rows=9999939 width=20)
(7 rows)

===== 100 [Wed Mar  7 04:20:46 CET 2018] scale:10000000 groups:10 work_mem:128MB incremental:on max_workers:2 =====
SELECT * FROM (SELECT * FROM s_4 ORDER BY a, b, c, d) foo ORDER BY a, b, c, d, e
                                    QUERY PLAN                                    
----------------------------------------------------------------------------------
 Limit  (cost=2402545.96..2402545.96 rows=1 width=20)
   ->  Incremental Sort  (cost=1531500.23..2302545.42 rows=10000054 width=20)
         Sort Key: s_4.a, s_4.b, s_4.c, s_4.d, s_4.e
         Presorted Key: s_4.a, s_4.b, s_4.c, s_4.d
         ->  Sort  (cost=1531459.54..1556459.68 rows=10000054 width=20)
               Sort Key: s_4.a, s_4.b, s_4.c, s_4.d
               ->  Seq Scan on s_4  (cost=0.00..163695.54 rows=10000054 width=20)
(7 rows)

===== 101 [Wed Mar  7 04:21:17 CET 2018] scale:10000000 groups:10 work_mem:128MB incremental:off max_workers:2 =====
SELECT * FROM (SELECT * FROM s_1 ORDER BY a) foo ORDER BY a, b
                                   QUERY PLAN                                    
---------------------------------------------------------------------------------
 Limit  (cost=3149185.47..3149185.47 rows=1 width=20)
   ->  Sort  (cost=3024186.23..3049186.08 rows=9999939 width=20)
         Sort Key: s_1.a, s_1.b
         ->  Sort  (cost=1531440.69..1556440.54 rows=9999939 width=20)
               Sort Key: s_1.a
               ->  Seq Scan on s_1  (cost=0.00..163694.39 rows=9999939 width=20)
(6 rows)

===== 102 [Wed Mar  7 04:21:53 CET 2018] scale:10000000 groups:10 work_mem:128MB incremental:off max_workers:2 =====
SELECT * FROM (SELECT * FROM s_2 ORDER BY a, b) foo ORDER BY a, b, c
                                    QUERY PLAN                                    
----------------------------------------------------------------------------------
 Limit  (cost=3149224.89..3149224.89 rows=1 width=20)
   ->  Sort  (cost=3024224.22..3049224.35 rows=10000054 width=20)
         Sort Key: s_2.a, s_2.b, s_2.c
         ->  Sort  (cost=1531459.54..1556459.68 rows=10000054 width=20)
               Sort Key: s_2.a, s_2.b
               ->  Seq Scan on s_2  (cost=0.00..163695.54 rows=10000054 width=20)
(6 rows)

===== 103 [Wed Mar  7 04:22:31 CET 2018] scale:10000000 groups:10 work_mem:128MB incremental:off max_workers:2 =====
SELECT * FROM (SELECT * FROM s_3 ORDER BY a, b, c) foo ORDER BY a, b, c, d
                                   QUERY PLAN                                    
---------------------------------------------------------------------------------
 Limit  (cost=3149185.47..3149185.47 rows=1 width=20)
   ->  Sort  (cost=3024186.23..3049186.08 rows=9999939 width=20)
         Sort Key: s_3.a, s_3.b, s_3.c, s_3.d
         ->  Sort  (cost=1531440.69..1556440.54 rows=9999939 width=20)
               Sort Key: s_3.a, s_3.b, s_3.c
               ->  Seq Scan on s_3  (cost=0.00..163694.39 rows=9999939 width=20)
(6 rows)

===== 104 [Wed Mar  7 04:23:14 CET 2018] scale:10000000 groups:10 work_mem:128MB incremental:off max_workers:2 =====
SELECT * FROM (SELECT * FROM s_4 ORDER BY a, b, c, d) foo ORDER BY a, b, c, d, e
                                    QUERY PLAN                                    
----------------------------------------------------------------------------------
 Limit  (cost=3149224.89..3149224.89 rows=1 width=20)
   ->  Sort  (cost=3024224.22..3049224.35 rows=10000054 width=20)
         Sort Key: s_4.a, s_4.b, s_4.c, s_4.d, s_4.e
         ->  Sort  (cost=1531459.54..1556459.68 rows=10000054 width=20)
               Sort Key: s_4.a, s_4.b, s_4.c, s_4.d
               ->  Seq Scan on s_4  (cost=0.00..163695.54 rows=10000054 width=20)
(6 rows)

===== 105 [Wed Mar  7 04:24:04 CET 2018] scale:10000000 groups:10 work_mem:256MB incremental:on max_workers:2 =====
SELECT * FROM (SELECT * FROM s_1 ORDER BY a) foo ORDER BY a, b
                                   QUERY PLAN                                    
---------------------------------------------------------------------------------
 Limit  (cost=2682726.39..2682726.39 rows=1 width=20)
   ->  Incremental Sort  (cost=1615269.80..2599393.57 rows=8333282 width=20)
         Sort Key: s_1.a, s_1.b
         Presorted Key: s_1.a
         ->  Sort  (cost=1531440.69..1556440.54 rows=9999939 width=20)
               Sort Key: s_1.a
               ->  Seq Scan on s_1  (cost=0.00..163694.39 rows=9999939 width=20)
(7 rows)

===== 106 [Wed Mar  7 04:24:34 CET 2018] scale:10000000 groups:10 work_mem:256MB incremental:on max_workers:2 =====
SELECT * FROM (SELECT * FROM s_2 ORDER BY a, b) foo ORDER BY a, b, c
                                    QUERY PLAN                                    
----------------------------------------------------------------------------------
 Limit  (cost=2538617.64..2538617.64 rows=1 width=20)
   ->  Incremental Sort  (cost=1537889.19..2455283.86 rows=8333378 width=20)
         Sort Key: s_2.a, s_2.b, s_2.c
         Presorted Key: s_2.a, s_2.b
         ->  Sort  (cost=1531459.54..1556459.68 rows=10000054 width=20)
               Sort Key: s_2.a, s_2.b
               ->  Seq Scan on s_2  (cost=0.00..163695.54 rows=10000054 width=20)
(7 rows)

===== 107 [Wed Mar  7 04:25:04 CET 2018] scale:10000000 groups:10 work_mem:256MB incremental:on max_workers:2 =====
SELECT * FROM (SELECT * FROM s_3 ORDER BY a, b, c) foo ORDER BY a, b, c, d
                                   QUERY PLAN                                    
---------------------------------------------------------------------------------
 Limit  (cost=2394468.60..2394468.60 rows=1 width=20)
   ->  Incremental Sort  (cost=1531916.90..2311135.78 rows=8333282 width=20)
         Sort Key: s_3.a, s_3.b, s_3.c, s_3.d
         Presorted Key: s_3.a, s_3.b, s_3.c
         ->  Sort  (cost=1531440.69..1556440.54 rows=9999939 width=20)
               Sort Key: s_3.a, s_3.b, s_3.c
               ->  Seq Scan on s_3  (cost=0.00..163694.39 rows=9999939 width=20)
(7 rows)

===== 108 [Wed Mar  7 04:25:33 CET 2018] scale:10000000 groups:10 work_mem:256MB incremental:on max_workers:2 =====
SELECT * FROM (SELECT * FROM s_4 ORDER BY a, b, c, d) foo ORDER BY a, b, c, d, e
                                    QUERY PLAN                                    
----------------------------------------------------------------------------------
 Limit  (cost=2250620.53..2250620.53 rows=1 width=20)
   ->  Incremental Sort  (cost=1531492.99..2167286.75 rows=8333378 width=20)
         Sort Key: s_4.a, s_4.b, s_4.c, s_4.d, s_4.e
         Presorted Key: s_4.a, s_4.b, s_4.c, s_4.d
         ->  Sort  (cost=1531459.54..1556459.68 rows=10000054 width=20)
               Sort Key: s_4.a, s_4.b, s_4.c, s_4.d
               ->  Seq Scan on s_4  (cost=0.00..163695.54 rows=10000054 width=20)
(7 rows)

===== 109 [Wed Mar  7 04:26:04 CET 2018] scale:10000000 groups:10 work_mem:256MB incremental:off max_workers:2 =====
SELECT * FROM (SELECT * FROM s_1 ORDER BY a) foo ORDER BY a, b
                                           QUERY PLAN                                           
------------------------------------------------------------------------------------------------
 Limit  (cost=2853103.68..2853103.68 rows=1 width=20)
   ->  Sort  (cost=2748937.65..2769770.86 rows=8333282 width=20)
         Sort Key: s_1.a, s_1.b
         ->  Gather Merge  (cost=564493.06..1536777.17 rows=8333282 width=20)
               Workers Planned: 2
               ->  Sort  (cost=563493.04..573909.64 rows=4166641 width=20)
                     Sort Key: s_1.a
                     ->  Parallel Seq Scan on s_1  (cost=0.00..105361.41 rows=4166641 width=20)
(8 rows)

===== 110 [Wed Mar  7 04:26:38 CET 2018] scale:10000000 groups:10 work_mem:256MB incremental:off max_workers:2 =====
SELECT * FROM (SELECT * FROM s_2 ORDER BY a, b) foo ORDER BY a, b, c
                                           QUERY PLAN                                           
------------------------------------------------------------------------------------------------
 Limit  (cost=2853138.37..2853138.37 rows=1 width=20)
   ->  Sort  (cost=2748971.14..2769804.59 rows=8333378 width=20)
         Sort Key: s_2.a, s_2.b, s_2.c
         ->  Gather Merge  (cost=564499.16..1536794.48 rows=8333378 width=20)
               Workers Planned: 2
               ->  Sort  (cost=563499.14..573915.86 rows=4166689 width=20)
                     Sort Key: s_2.a, s_2.b
                     ->  Parallel Seq Scan on s_2  (cost=0.00..105361.89 rows=4166689 width=20)
(8 rows)

===== 111 [Wed Mar  7 04:27:18 CET 2018] scale:10000000 groups:10 work_mem:256MB incremental:off max_workers:2 =====
SELECT * FROM (SELECT * FROM s_3 ORDER BY a, b, c) foo ORDER BY a, b, c, d
                                           QUERY PLAN                                           
------------------------------------------------------------------------------------------------
 Limit  (cost=2853103.68..2853103.68 rows=1 width=20)
   ->  Sort  (cost=2748937.65..2769770.86 rows=8333282 width=20)
         Sort Key: s_3.a, s_3.b, s_3.c, s_3.d
         ->  Gather Merge  (cost=564493.06..1536777.17 rows=8333282 width=20)
               Workers Planned: 2
               ->  Sort  (cost=563493.04..573909.64 rows=4166641 width=20)
                     Sort Key: s_3.a, s_3.b, s_3.c
                     ->  Parallel Seq Scan on s_3  (cost=0.00..105361.41 rows=4166641 width=20)
(8 rows)

===== 112 [Wed Mar  7 04:28:02 CET 2018] scale:10000000 groups:10 work_mem:256MB incremental:off max_workers:2 =====
SELECT * FROM (SELECT * FROM s_4 ORDER BY a, b, c, d) foo ORDER BY a, b, c, d, e
                                           QUERY PLAN                                           
------------------------------------------------------------------------------------------------
 Limit  (cost=2853138.37..2853138.37 rows=1 width=20)
   ->  Sort  (cost=2748971.14..2769804.59 rows=8333378 width=20)
         Sort Key: s_4.a, s_4.b, s_4.c, s_4.d, s_4.e
         ->  Gather Merge  (cost=564499.16..1536794.48 rows=8333378 width=20)
               Workers Planned: 2
               ->  Sort  (cost=563499.14..573915.86 rows=4166689 width=20)
                     Sort Key: s_4.a, s_4.b, s_4.c, s_4.d
                     ->  Parallel Seq Scan on s_4  (cost=0.00..105361.89 rows=4166689 width=20)
(8 rows)

===== 113 [Wed Mar  7 04:29:59 CET 2018] scale:10000000 groups:100 work_mem:4MB incremental:on max_workers:0 =====
SELECT * FROM (SELECT * FROM s_1 ORDER BY a) foo ORDER BY a, b
                                    QUERY PLAN                                    
----------------------------------------------------------------------------------
 Limit  (cost=3171698.85..3171698.85 rows=1 width=20)
   ->  Incremental Sort  (cost=1748028.71..3071698.31 rows=10000054 width=20)
         Sort Key: s_1.a, s_1.b
         Presorted Key: s_1.a
         ->  Sort  (cost=1736542.04..1761542.18 rows=10000054 width=20)
               Sort Key: s_1.a
               ->  Seq Scan on s_1  (cost=0.00..163695.54 rows=10000054 width=20)
(7 rows)

===== 114 [Wed Mar  7 04:30:44 CET 2018] scale:10000000 groups:100 work_mem:4MB incremental:on max_workers:0 =====
SELECT * FROM (SELECT * FROM s_2 ORDER BY a, b) foo ORDER BY a, b, c
                                    QUERY PLAN                                    
----------------------------------------------------------------------------------
 Limit  (cost=2633604.98..2633604.98 rows=1 width=20)
   ->  Incremental Sort  (cost=1736603.00..2533604.44 rows=10000054 width=20)
         Sort Key: s_2.a, s_2.b, s_2.c
         Presorted Key: s_2.a, s_2.b
         ->  Sort  (cost=1736542.04..1761542.18 rows=10000054 width=20)
               Sort Key: s_2.a, s_2.b
               ->  Seq Scan on s_2  (cost=0.00..163695.54 rows=10000054 width=20)
(7 rows)

===== 115 [Wed Mar  7 04:31:25 CET 2018] scale:10000000 groups:100 work_mem:4MB incremental:on max_workers:0 =====
SELECT * FROM (SELECT * FROM s_3 ORDER BY a, b, c) foo ORDER BY a, b, c, d
                                    QUERY PLAN                                    
----------------------------------------------------------------------------------
 Limit  (cost=2322641.63..2322641.63 rows=1 width=20)
   ->  Incremental Sort  (cost=1736542.33..2222641.09 rows=10000054 width=20)
         Sort Key: s_3.a, s_3.b, s_3.c, s_3.d
         Presorted Key: s_3.a, s_3.b, s_3.c
         ->  Sort  (cost=1736542.04..1761542.18 rows=10000054 width=20)
               Sort Key: s_3.a, s_3.b, s_3.c
               ->  Seq Scan on s_3  (cost=0.00..163695.54 rows=10000054 width=20)
(7 rows)

===== 116 [Wed Mar  7 04:32:03 CET 2018] scale:10000000 groups:100 work_mem:4MB incremental:on max_workers:0 =====
SELECT * FROM (SELECT * FROM s_4 ORDER BY a, b, c, d) foo ORDER BY a, b, c, d, e
                                   QUERY PLAN                                    
---------------------------------------------------------------------------------
 Limit  (cost=2322612.52..2322612.52 rows=1 width=20)
   ->  Incremental Sort  (cost=1736519.98..2222613.13 rows=9999939 width=20)
         Sort Key: s_4.a, s_4.b, s_4.c, s_4.d, s_4.e
         Presorted Key: s_4.a, s_4.b, s_4.c, s_4.d
         ->  Sort  (cost=1736519.69..1761519.54 rows=9999939 width=20)
               Sort Key: s_4.a, s_4.b, s_4.c, s_4.d
               ->  Seq Scan on s_4  (cost=0.00..163694.39 rows=9999939 width=20)
(7 rows)

===== 117 [Wed Mar  7 04:32:37 CET 2018] scale:10000000 groups:100 work_mem:4MB incremental:off max_workers:0 =====
SELECT * FROM (SELECT * FROM s_1 ORDER BY a) foo ORDER BY a, b
                                    QUERY PLAN                                    
----------------------------------------------------------------------------------
 Limit  (cost=3559389.89..3559389.89 rows=1 width=20)
   ->  Sort  (cost=3434389.22..3459389.35 rows=10000054 width=20)
         Sort Key: s_1.a, s_1.b
         ->  Sort  (cost=1736542.04..1761542.18 rows=10000054 width=20)
               Sort Key: s_1.a
               ->  Seq Scan on s_1  (cost=0.00..163695.54 rows=10000054 width=20)
(6 rows)

===== 118 [Wed Mar  7 04:33:29 CET 2018] scale:10000000 groups:100 work_mem:4MB incremental:off max_workers:0 =====
SELECT * FROM (SELECT * FROM s_2 ORDER BY a, b) foo ORDER BY a, b, c
                                    QUERY PLAN                                    
----------------------------------------------------------------------------------
 Limit  (cost=3559389.89..3559389.89 rows=1 width=20)
   ->  Sort  (cost=3434389.22..3459389.35 rows=10000054 width=20)
         Sort Key: s_2.a, s_2.b, s_2.c
         ->  Sort  (cost=1736542.04..1761542.18 rows=10000054 width=20)
               Sort Key: s_2.a, s_2.b
               ->  Seq Scan on s_2  (cost=0.00..163695.54 rows=10000054 width=20)
(6 rows)

===== 119 [Wed Mar  7 04:34:28 CET 2018] scale:10000000 groups:100 work_mem:4MB incremental:off max_workers:0 =====
SELECT * FROM (SELECT * FROM s_3 ORDER BY a, b, c) foo ORDER BY a, b, c, d
                                    QUERY PLAN                                    
----------------------------------------------------------------------------------
 Limit  (cost=3559389.89..3559389.89 rows=1 width=20)
   ->  Sort  (cost=3434389.22..3459389.35 rows=10000054 width=20)
         Sort Key: s_3.a, s_3.b, s_3.c, s_3.d
         ->  Sort  (cost=1736542.04..1761542.18 rows=10000054 width=20)
               Sort Key: s_3.a, s_3.b, s_3.c
               ->  Seq Scan on s_3  (cost=0.00..163695.54 rows=10000054 width=20)
(6 rows)

===== 120 [Wed Mar  7 04:35:34 CET 2018] scale:10000000 groups:100 work_mem:4MB incremental:off max_workers:0 =====
SELECT * FROM (SELECT * FROM s_4 ORDER BY a, b, c, d) foo ORDER BY a, b, c, d, e
                                   QUERY PLAN                                    
---------------------------------------------------------------------------------
 Limit  (cost=3559343.47..3559343.47 rows=1 width=20)
   ->  Sort  (cost=3434344.23..3459344.08 rows=9999939 width=20)
         Sort Key: s_4.a, s_4.b, s_4.c, s_4.d, s_4.e
         ->  Sort  (cost=1736519.69..1761519.54 rows=9999939 width=20)
               Sort Key: s_4.a, s_4.b, s_4.c, s_4.d
               ->  Seq Scan on s_4  (cost=0.00..163694.39 rows=9999939 width=20)
(6 rows)

===== 121 [Wed Mar  7 04:36:36 CET 2018] scale:10000000 groups:100 work_mem:8MB incremental:on max_workers:0 =====
SELECT * FROM (SELECT * FROM s_1 ORDER BY a) foo ORDER BY a, b
                                    QUERY PLAN                                    
----------------------------------------------------------------------------------
 Limit  (cost=2966315.35..2966315.35 rows=1 width=20)
   ->  Incremental Sort  (cost=1745995.21..2866314.81 rows=10000054 width=20)
         Sort Key: s_1.a, s_1.b
         Presorted Key: s_1.a
         ->  Sort  (cost=1736542.04..1761542.18 rows=10000054 width=20)
               Sort Key: s_1.a
               ->  Seq Scan on s_1  (cost=0.00..163695.54 rows=10000054 width=20)
(7 rows)

===== 122 [Wed Mar  7 04:37:20 CET 2018] scale:10000000 groups:100 work_mem:8MB incremental:on max_workers:0 =====
SELECT * FROM (SELECT * FROM s_2 ORDER BY a, b) foo ORDER BY a, b, c
                                    QUERY PLAN                                    
----------------------------------------------------------------------------------
 Limit  (cost=2633604.98..2633604.98 rows=1 width=20)
   ->  Incremental Sort  (cost=1736603.00..2533604.44 rows=10000054 width=20)
         Sort Key: s_2.a, s_2.b, s_2.c
         Presorted Key: s_2.a, s_2.b
         ->  Sort  (cost=1736542.04..1761542.18 rows=10000054 width=20)
               Sort Key: s_2.a, s_2.b
               ->  Seq Scan on s_2  (cost=0.00..163695.54 rows=10000054 width=20)
(7 rows)

===== 123 [Wed Mar  7 04:37:56 CET 2018] scale:10000000 groups:100 work_mem:8MB incremental:on max_workers:0 =====
SELECT * FROM (SELECT * FROM s_3 ORDER BY a, b, c) foo ORDER BY a, b, c, d
                                    QUERY PLAN                                    
----------------------------------------------------------------------------------
 Limit  (cost=2322641.63..2322641.63 rows=1 width=20)
   ->  Incremental Sort  (cost=1736542.33..2222641.09 rows=10000054 width=20)
         Sort Key: s_3.a, s_3.b, s_3.c, s_3.d
         Presorted Key: s_3.a, s_3.b, s_3.c
         ->  Sort  (cost=1736542.04..1761542.18 rows=10000054 width=20)
               Sort Key: s_3.a, s_3.b, s_3.c
               ->  Seq Scan on s_3  (cost=0.00..163695.54 rows=10000054 width=20)
(7 rows)

===== 124 [Wed Mar  7 04:38:30 CET 2018] scale:10000000 groups:100 work_mem:8MB incremental:on max_workers:0 =====
SELECT * FROM (SELECT * FROM s_4 ORDER BY a, b, c, d) foo ORDER BY a, b, c, d, e
                                   QUERY PLAN                                    
---------------------------------------------------------------------------------
 Limit  (cost=2322612.52..2322612.52 rows=1 width=20)
   ->  Incremental Sort  (cost=1736519.98..2222613.13 rows=9999939 width=20)
         Sort Key: s_4.a, s_4.b, s_4.c, s_4.d, s_4.e
         Presorted Key: s_4.a, s_4.b, s_4.c, s_4.d
         ->  Sort  (cost=1736519.69..1761519.54 rows=9999939 width=20)
               Sort Key: s_4.a, s_4.b, s_4.c, s_4.d
               ->  Seq Scan on s_4  (cost=0.00..163694.39 rows=9999939 width=20)
(7 rows)

===== 125 [Wed Mar  7 04:38:59 CET 2018] scale:10000000 groups:100 work_mem:8MB incremental:off max_workers:0 =====
SELECT * FROM (SELECT * FROM s_1 ORDER BY a) foo ORDER BY a, b
                                    QUERY PLAN                                    
----------------------------------------------------------------------------------
 Limit  (cost=3559389.89..3559389.89 rows=1 width=20)
   ->  Sort  (cost=3434389.22..3459389.35 rows=10000054 width=20)
         Sort Key: s_1.a, s_1.b
         ->  Sort  (cost=1736542.04..1761542.18 rows=10000054 width=20)
               Sort Key: s_1.a
               ->  Seq Scan on s_1  (cost=0.00..163695.54 rows=10000054 width=20)
(6 rows)

===== 126 [Wed Mar  7 04:39:44 CET 2018] scale:10000000 groups:100 work_mem:8MB incremental:off max_workers:0 =====
SELECT * FROM (SELECT * FROM s_2 ORDER BY a, b) foo ORDER BY a, b, c
                                    QUERY PLAN                                    
----------------------------------------------------------------------------------
 Limit  (cost=3559389.89..3559389.89 rows=1 width=20)
   ->  Sort  (cost=3434389.22..3459389.35 rows=10000054 width=20)
         Sort Key: s_2.a, s_2.b, s_2.c
         ->  Sort  (cost=1736542.04..1761542.18 rows=10000054 width=20)
               Sort Key: s_2.a, s_2.b
               ->  Seq Scan on s_2  (cost=0.00..163695.54 rows=10000054 width=20)
(6 rows)

===== 127 [Wed Mar  7 04:40:36 CET 2018] scale:10000000 groups:100 work_mem:8MB incremental:off max_workers:0 =====
SELECT * FROM (SELECT * FROM s_3 ORDER BY a, b, c) foo ORDER BY a, b, c, d
                                    QUERY PLAN                                    
----------------------------------------------------------------------------------
 Limit  (cost=3559389.89..3559389.89 rows=1 width=20)
   ->  Sort  (cost=3434389.22..3459389.35 rows=10000054 width=20)
         Sort Key: s_3.a, s_3.b, s_3.c, s_3.d
         ->  Sort  (cost=1736542.04..1761542.18 rows=10000054 width=20)
               Sort Key: s_3.a, s_3.b, s_3.c
               ->  Seq Scan on s_3  (cost=0.00..163695.54 rows=10000054 width=20)
(6 rows)

===== 128 [Wed Mar  7 04:41:34 CET 2018] scale:10000000 groups:100 work_mem:8MB incremental:off max_workers:0 =====
SELECT * FROM (SELECT * FROM s_4 ORDER BY a, b, c, d) foo ORDER BY a, b, c, d, e
                                   QUERY PLAN                                    
---------------------------------------------------------------------------------
 Limit  (cost=3559343.47..3559343.47 rows=1 width=20)
   ->  Sort  (cost=3434344.23..3459344.08 rows=9999939 width=20)
         Sort Key: s_4.a, s_4.b, s_4.c, s_4.d, s_4.e
         ->  Sort  (cost=1736519.69..1761519.54 rows=9999939 width=20)
               Sort Key: s_4.a, s_4.b, s_4.c, s_4.d
               ->  Seq Scan on s_4  (cost=0.00..163694.39 rows=9999939 width=20)
(6 rows)

===== 129 [Wed Mar  7 04:42:28 CET 2018] scale:10000000 groups:100 work_mem:16MB incremental:on max_workers:0 =====
SELECT * FROM (SELECT * FROM s_1 ORDER BY a) foo ORDER BY a, b
                                    QUERY PLAN                                    
----------------------------------------------------------------------------------
 Limit  (cost=2761232.85..2761232.85 rows=1 width=20)
   ->  Incremental Sort  (cost=1540912.71..2661232.31 rows=10000054 width=20)
         Sort Key: s_1.a, s_1.b
         Presorted Key: s_1.a
         ->  Sort  (cost=1531459.54..1556459.68 rows=10000054 width=20)
               Sort Key: s_1.a
               ->  Seq Scan on s_1  (cost=0.00..163695.54 rows=10000054 width=20)
(7 rows)

===== 130 [Wed Mar  7 04:42:59 CET 2018] scale:10000000 groups:100 work_mem:16MB incremental:on max_workers:0 =====
SELECT * FROM (SELECT * FROM s_2 ORDER BY a, b) foo ORDER BY a, b, c
                                    QUERY PLAN                                    
----------------------------------------------------------------------------------
 Limit  (cost=2428522.48..2428522.48 rows=1 width=20)
   ->  Incremental Sort  (cost=1531520.50..2328521.94 rows=10000054 width=20)
         Sort Key: s_2.a, s_2.b, s_2.c
         Presorted Key: s_2.a, s_2.b
         ->  Sort  (cost=1531459.54..1556459.68 rows=10000054 width=20)
               Sort Key: s_2.a, s_2.b
               ->  Seq Scan on s_2  (cost=0.00..163695.54 rows=10000054 width=20)
(7 rows)

===== 131 [Wed Mar  7 04:43:30 CET 2018] scale:10000000 groups:100 work_mem:16MB incremental:on max_workers:0 =====
SELECT * FROM (SELECT * FROM s_3 ORDER BY a, b, c) foo ORDER BY a, b, c, d
                                    QUERY PLAN                                    
----------------------------------------------------------------------------------
 Limit  (cost=2117559.13..2117559.13 rows=1 width=20)
   ->  Incremental Sort  (cost=1531459.83..2017558.59 rows=10000054 width=20)
         Sort Key: s_3.a, s_3.b, s_3.c, s_3.d
         Presorted Key: s_3.a, s_3.b, s_3.c
         ->  Sort  (cost=1531459.54..1556459.68 rows=10000054 width=20)
               Sort Key: s_3.a, s_3.b, s_3.c
               ->  Seq Scan on s_3  (cost=0.00..163695.54 rows=10000054 width=20)
(7 rows)

===== 132 [Wed Mar  7 04:44:00 CET 2018] scale:10000000 groups:100 work_mem:16MB incremental:on max_workers:0 =====
SELECT * FROM (SELECT * FROM s_4 ORDER BY a, b, c, d) foo ORDER BY a, b, c, d, e
                                   QUERY PLAN                                    
---------------------------------------------------------------------------------
 Limit  (cost=2117533.52..2117533.52 rows=1 width=20)
   ->  Incremental Sort  (cost=1531440.98..2017534.13 rows=9999939 width=20)
         Sort Key: s_4.a, s_4.b, s_4.c, s_4.d, s_4.e
         Presorted Key: s_4.a, s_4.b, s_4.c, s_4.d
         ->  Sort  (cost=1531440.69..1556440.54 rows=9999939 width=20)
               Sort Key: s_4.a, s_4.b, s_4.c, s_4.d
               ->  Seq Scan on s_4  (cost=0.00..163694.39 rows=9999939 width=20)
(7 rows)

===== 133 [Wed Mar  7 04:44:24 CET 2018] scale:10000000 groups:100 work_mem:16MB incremental:off max_workers:0 =====
SELECT * FROM (SELECT * FROM s_1 ORDER BY a) foo ORDER BY a, b
                                    QUERY PLAN                                    
----------------------------------------------------------------------------------
 Limit  (cost=3149224.89..3149224.89 rows=1 width=20)
   ->  Sort  (cost=3024224.22..3049224.35 rows=10000054 width=20)
         Sort Key: s_1.a, s_1.b
         ->  Sort  (cost=1531459.54..1556459.68 rows=10000054 width=20)
               Sort Key: s_1.a
               ->  Seq Scan on s_1  (cost=0.00..163695.54 rows=10000054 width=20)
(6 rows)

===== 134 [Wed Mar  7 04:45:01 CET 2018] scale:10000000 groups:100 work_mem:16MB incremental:off max_workers:0 =====
SELECT * FROM (SELECT * FROM s_2 ORDER BY a, b) foo ORDER BY a, b, c
                                    QUERY PLAN                                    
----------------------------------------------------------------------------------
 Limit  (cost=3149224.89..3149224.89 rows=1 width=20)
   ->  Sort  (cost=3024224.22..3049224.35 rows=10000054 width=20)
         Sort Key: s_2.a, s_2.b, s_2.c
         ->  Sort  (cost=1531459.54..1556459.68 rows=10000054 width=20)
               Sort Key: s_2.a, s_2.b
               ->  Seq Scan on s_2  (cost=0.00..163695.54 rows=10000054 width=20)
(6 rows)

===== 135 [Wed Mar  7 04:45:45 CET 2018] scale:10000000 groups:100 work_mem:16MB incremental:off max_workers:0 =====
SELECT * FROM (SELECT * FROM s_3 ORDER BY a, b, c) foo ORDER BY a, b, c, d
                                    QUERY PLAN                                    
----------------------------------------------------------------------------------
 Limit  (cost=3149224.89..3149224.89 rows=1 width=20)
   ->  Sort  (cost=3024224.22..3049224.35 rows=10000054 width=20)
         Sort Key: s_3.a, s_3.b, s_3.c, s_3.d
         ->  Sort  (cost=1531459.54..1556459.68 rows=10000054 width=20)
               Sort Key: s_3.a, s_3.b, s_3.c
               ->  Seq Scan on s_3  (cost=0.00..163695.54 rows=10000054 width=20)
(6 rows)

===== 136 [Wed Mar  7 04:46:33 CET 2018] scale:10000000 groups:100 work_mem:16MB incremental:off max_workers:0 =====
SELECT * FROM (SELECT * FROM s_4 ORDER BY a, b, c, d) foo ORDER BY a, b, c, d, e
                                   QUERY PLAN                                    
---------------------------------------------------------------------------------
 Limit  (cost=3149185.47..3149185.47 rows=1 width=20)
   ->  Sort  (cost=3024186.23..3049186.08 rows=9999939 width=20)
         Sort Key: s_4.a, s_4.b, s_4.c, s_4.d, s_4.e
         ->  Sort  (cost=1531440.69..1556440.54 rows=9999939 width=20)
               Sort Key: s_4.a, s_4.b, s_4.c, s_4.d
               ->  Seq Scan on s_4  (cost=0.00..163694.39 rows=9999939 width=20)
(6 rows)

===== 137 [Wed Mar  7 04:47:18 CET 2018] scale:10000000 groups:100 work_mem:32MB incremental:on max_workers:0 =====
SELECT * FROM (SELECT * FROM s_1 ORDER BY a) foo ORDER BY a, b
                                    QUERY PLAN                                    
----------------------------------------------------------------------------------
 Limit  (cost=2761232.85..2761232.85 rows=1 width=20)
   ->  Incremental Sort  (cost=1540912.71..2661232.31 rows=10000054 width=20)
         Sort Key: s_1.a, s_1.b
         Presorted Key: s_1.a
         ->  Sort  (cost=1531459.54..1556459.68 rows=10000054 width=20)
               Sort Key: s_1.a
               ->  Seq Scan on s_1  (cost=0.00..163695.54 rows=10000054 width=20)
(7 rows)

===== 138 [Wed Mar  7 04:47:50 CET 2018] scale:10000000 groups:100 work_mem:32MB incremental:on max_workers:0 =====
SELECT * FROM (SELECT * FROM s_2 ORDER BY a, b) foo ORDER BY a, b, c
                                    QUERY PLAN                                    
----------------------------------------------------------------------------------
 Limit  (cost=2428522.48..2428522.48 rows=1 width=20)
   ->  Incremental Sort  (cost=1531520.50..2328521.94 rows=10000054 width=20)
         Sort Key: s_2.a, s_2.b, s_2.c
         Presorted Key: s_2.a, s_2.b
         ->  Sort  (cost=1531459.54..1556459.68 rows=10000054 width=20)
               Sort Key: s_2.a, s_2.b
               ->  Seq Scan on s_2  (cost=0.00..163695.54 rows=10000054 width=20)
(7 rows)

===== 139 [Wed Mar  7 04:48:21 CET 2018] scale:10000000 groups:100 work_mem:32MB incremental:on max_workers:0 =====
SELECT * FROM (SELECT * FROM s_3 ORDER BY a, b, c) foo ORDER BY a, b, c, d
                                    QUERY PLAN                                    
----------------------------------------------------------------------------------
 Limit  (cost=2117559.13..2117559.13 rows=1 width=20)
   ->  Incremental Sort  (cost=1531459.83..2017558.59 rows=10000054 width=20)
         Sort Key: s_3.a, s_3.b, s_3.c, s_3.d
         Presorted Key: s_3.a, s_3.b, s_3.c
         ->  Sort  (cost=1531459.54..1556459.68 rows=10000054 width=20)
               Sort Key: s_3.a, s_3.b, s_3.c
               ->  Seq Scan on s_3  (cost=0.00..163695.54 rows=10000054 width=20)
(7 rows)

===== 140 [Wed Mar  7 04:48:50 CET 2018] scale:10000000 groups:100 work_mem:32MB incremental:on max_workers:0 =====
SELECT * FROM (SELECT * FROM s_4 ORDER BY a, b, c, d) foo ORDER BY a, b, c, d, e
                                   QUERY PLAN                                    
---------------------------------------------------------------------------------
 Limit  (cost=2117533.52..2117533.52 rows=1 width=20)
   ->  Incremental Sort  (cost=1531440.98..2017534.13 rows=9999939 width=20)
         Sort Key: s_4.a, s_4.b, s_4.c, s_4.d, s_4.e
         Presorted Key: s_4.a, s_4.b, s_4.c, s_4.d
         ->  Sort  (cost=1531440.69..1556440.54 rows=9999939 width=20)
               Sort Key: s_4.a, s_4.b, s_4.c, s_4.d
               ->  Seq Scan on s_4  (cost=0.00..163694.39 rows=9999939 width=20)
(7 rows)

===== 141 [Wed Mar  7 04:49:14 CET 2018] scale:10000000 groups:100 work_mem:32MB incremental:off max_workers:0 =====
SELECT * FROM (SELECT * FROM s_1 ORDER BY a) foo ORDER BY a, b
                                    QUERY PLAN                                    
----------------------------------------------------------------------------------
 Limit  (cost=3149224.89..3149224.89 rows=1 width=20)
   ->  Sort  (cost=3024224.22..3049224.35 rows=10000054 width=20)
         Sort Key: s_1.a, s_1.b
         ->  Sort  (cost=1531459.54..1556459.68 rows=10000054 width=20)
               Sort Key: s_1.a
               ->  Seq Scan on s_1  (cost=0.00..163695.54 rows=10000054 width=20)
(6 rows)

===== 142 [Wed Mar  7 04:49:51 CET 2018] scale:10000000 groups:100 work_mem:32MB incremental:off max_workers:0 =====
SELECT * FROM (SELECT * FROM s_2 ORDER BY a, b) foo ORDER BY a, b, c
                                    QUERY PLAN                                    
----------------------------------------------------------------------------------
 Limit  (cost=3149224.89..3149224.89 rows=1 width=20)
   ->  Sort  (cost=3024224.22..3049224.35 rows=10000054 width=20)
         Sort Key: s_2.a, s_2.b, s_2.c
         ->  Sort  (cost=1531459.54..1556459.68 rows=10000054 width=20)
               Sort Key: s_2.a, s_2.b
               ->  Seq Scan on s_2  (cost=0.00..163695.54 rows=10000054 width=20)
(6 rows)

===== 143 [Wed Mar  7 04:50:35 CET 2018] scale:10000000 groups:100 work_mem:32MB incremental:off max_workers:0 =====
SELECT * FROM (SELECT * FROM s_3 ORDER BY a, b, c) foo ORDER BY a, b, c, d
                                    QUERY PLAN                                    
----------------------------------------------------------------------------------
 Limit  (cost=3149224.89..3149224.89 rows=1 width=20)
   ->  Sort  (cost=3024224.22..3049224.35 rows=10000054 width=20)
         Sort Key: s_3.a, s_3.b, s_3.c, s_3.d
         ->  Sort  (cost=1531459.54..1556459.68 rows=10000054 width=20)
               Sort Key: s_3.a, s_3.b, s_3.c
               ->  Seq Scan on s_3  (cost=0.00..163695.54 rows=10000054 width=20)
(6 rows)

===== 144 [Wed Mar  7 04:51:24 CET 2018] scale:10000000 groups:100 work_mem:32MB incremental:off max_workers:0 =====
SELECT * FROM (SELECT * FROM s_4 ORDER BY a, b, c, d) foo ORDER BY a, b, c, d, e
                                   QUERY PLAN                                    
---------------------------------------------------------------------------------
 Limit  (cost=3149185.47..3149185.47 rows=1 width=20)
   ->  Sort  (cost=3024186.23..3049186.08 rows=9999939 width=20)
         Sort Key: s_4.a, s_4.b, s_4.c, s_4.d, s_4.e
         ->  Sort  (cost=1531440.69..1556440.54 rows=9999939 width=20)
               Sort Key: s_4.a, s_4.b, s_4.c, s_4.d
               ->  Seq Scan on s_4  (cost=0.00..163694.39 rows=9999939 width=20)
(6 rows)

===== 145 [Wed Mar  7 04:52:09 CET 2018] scale:10000000 groups:100 work_mem:64MB incremental:on max_workers:0 =====
SELECT * FROM (SELECT * FROM s_1 ORDER BY a) foo ORDER BY a, b
                                    QUERY PLAN                                    
----------------------------------------------------------------------------------
 Limit  (cost=2761232.85..2761232.85 rows=1 width=20)
   ->  Incremental Sort  (cost=1540912.71..2661232.31 rows=10000054 width=20)
         Sort Key: s_1.a, s_1.b
         Presorted Key: s_1.a
         ->  Sort  (cost=1531459.54..1556459.68 rows=10000054 width=20)
               Sort Key: s_1.a
               ->  Seq Scan on s_1  (cost=0.00..163695.54 rows=10000054 width=20)
(7 rows)

===== 146 [Wed Mar  7 04:52:40 CET 2018] scale:10000000 groups:100 work_mem:64MB incremental:on max_workers:0 =====
SELECT * FROM (SELECT * FROM s_2 ORDER BY a, b) foo ORDER BY a, b, c
                                    QUERY PLAN                                    
----------------------------------------------------------------------------------
 Limit  (cost=2428522.48..2428522.48 rows=1 width=20)
   ->  Incremental Sort  (cost=1531520.50..2328521.94 rows=10000054 width=20)
         Sort Key: s_2.a, s_2.b, s_2.c
         Presorted Key: s_2.a, s_2.b
         ->  Sort  (cost=1531459.54..1556459.68 rows=10000054 width=20)
               Sort Key: s_2.a, s_2.b
               ->  Seq Scan on s_2  (cost=0.00..163695.54 rows=10000054 width=20)
(7 rows)

===== 147 [Wed Mar  7 04:53:11 CET 2018] scale:10000000 groups:100 work_mem:64MB incremental:on max_workers:0 =====
SELECT * FROM (SELECT * FROM s_3 ORDER BY a, b, c) foo ORDER BY a, b, c, d
                                    QUERY PLAN                                    
----------------------------------------------------------------------------------
 Limit  (cost=2117559.13..2117559.13 rows=1 width=20)
   ->  Incremental Sort  (cost=1531459.83..2017558.59 rows=10000054 width=20)
         Sort Key: s_3.a, s_3.b, s_3.c, s_3.d
         Presorted Key: s_3.a, s_3.b, s_3.c
         ->  Sort  (cost=1531459.54..1556459.68 rows=10000054 width=20)
               Sort Key: s_3.a, s_3.b, s_3.c
               ->  Seq Scan on s_3  (cost=0.00..163695.54 rows=10000054 width=20)
(7 rows)

===== 148 [Wed Mar  7 04:53:40 CET 2018] scale:10000000 groups:100 work_mem:64MB incremental:on max_workers:0 =====
SELECT * FROM (SELECT * FROM s_4 ORDER BY a, b, c, d) foo ORDER BY a, b, c, d, e
                                   QUERY PLAN                                    
---------------------------------------------------------------------------------
 Limit  (cost=2117533.52..2117533.52 rows=1 width=20)
   ->  Incremental Sort  (cost=1531440.98..2017534.13 rows=9999939 width=20)
         Sort Key: s_4.a, s_4.b, s_4.c, s_4.d, s_4.e
         Presorted Key: s_4.a, s_4.b, s_4.c, s_4.d
         ->  Sort  (cost=1531440.69..1556440.54 rows=9999939 width=20)
               Sort Key: s_4.a, s_4.b, s_4.c, s_4.d
               ->  Seq Scan on s_4  (cost=0.00..163694.39 rows=9999939 width=20)
(7 rows)

===== 149 [Wed Mar  7 04:54:05 CET 2018] scale:10000000 groups:100 work_mem:64MB incremental:off max_workers:0 =====
SELECT * FROM (SELECT * FROM s_1 ORDER BY a) foo ORDER BY a, b
                                    QUERY PLAN                                    
----------------------------------------------------------------------------------
 Limit  (cost=3149224.89..3149224.89 rows=1 width=20)
   ->  Sort  (cost=3024224.22..3049224.35 rows=10000054 width=20)
         Sort Key: s_1.a, s_1.b
         ->  Sort  (cost=1531459.54..1556459.68 rows=10000054 width=20)
               Sort Key: s_1.a
               ->  Seq Scan on s_1  (cost=0.00..163695.54 rows=10000054 width=20)
(6 rows)

===== 150 [Wed Mar  7 04:54:43 CET 2018] scale:10000000 groups:100 work_mem:64MB incremental:off max_workers:0 =====
SELECT * FROM (SELECT * FROM s_2 ORDER BY a, b) foo ORDER BY a, b, c
                                    QUERY PLAN                                    
----------------------------------------------------------------------------------
 Limit  (cost=3149224.89..3149224.89 rows=1 width=20)
   ->  Sort  (cost=3024224.22..3049224.35 rows=10000054 width=20)
         Sort Key: s_2.a, s_2.b, s_2.c
         ->  Sort  (cost=1531459.54..1556459.68 rows=10000054 width=20)
               Sort Key: s_2.a, s_2.b
               ->  Seq Scan on s_2  (cost=0.00..163695.54 rows=10000054 width=20)
(6 rows)

===== 151 [Wed Mar  7 04:55:28 CET 2018] scale:10000000 groups:100 work_mem:64MB incremental:off max_workers:0 =====
SELECT * FROM (SELECT * FROM s_3 ORDER BY a, b, c) foo ORDER BY a, b, c, d
                                    QUERY PLAN                                    
----------------------------------------------------------------------------------
 Limit  (cost=3149224.89..3149224.89 rows=1 width=20)
   ->  Sort  (cost=3024224.22..3049224.35 rows=10000054 width=20)
         Sort Key: s_3.a, s_3.b, s_3.c, s_3.d
         ->  Sort  (cost=1531459.54..1556459.68 rows=10000054 width=20)
               Sort Key: s_3.a, s_3.b, s_3.c
               ->  Seq Scan on s_3  (cost=0.00..163695.54 rows=10000054 width=20)
(6 rows)

===== 152 [Wed Mar  7 04:56:17 CET 2018] scale:10000000 groups:100 work_mem:64MB incremental:off max_workers:0 =====
SELECT * FROM (SELECT * FROM s_4 ORDER BY a, b, c, d) foo ORDER BY a, b, c, d, e
                                   QUERY PLAN                                    
---------------------------------------------------------------------------------
 Limit  (cost=3149185.47..3149185.47 rows=1 width=20)
   ->  Sort  (cost=3024186.23..3049186.08 rows=9999939 width=20)
         Sort Key: s_4.a, s_4.b, s_4.c, s_4.d, s_4.e
         ->  Sort  (cost=1531440.69..1556440.54 rows=9999939 width=20)
               Sort Key: s_4.a, s_4.b, s_4.c, s_4.d
               ->  Seq Scan on s_4  (cost=0.00..163694.39 rows=9999939 width=20)
(6 rows)

===== 153 [Wed Mar  7 04:57:03 CET 2018] scale:10000000 groups:100 work_mem:128MB incremental:on max_workers:0 =====
SELECT * FROM (SELECT * FROM s_1 ORDER BY a) foo ORDER BY a, b
                                    QUERY PLAN                                    
----------------------------------------------------------------------------------
 Limit  (cost=2761232.85..2761232.85 rows=1 width=20)
   ->  Incremental Sort  (cost=1540912.71..2661232.31 rows=10000054 width=20)
         Sort Key: s_1.a, s_1.b
         Presorted Key: s_1.a
         ->  Sort  (cost=1531459.54..1556459.68 rows=10000054 width=20)
               Sort Key: s_1.a
               ->  Seq Scan on s_1  (cost=0.00..163695.54 rows=10000054 width=20)
(7 rows)

===== 154 [Wed Mar  7 04:57:34 CET 2018] scale:10000000 groups:100 work_mem:128MB incremental:on max_workers:0 =====
SELECT * FROM (SELECT * FROM s_2 ORDER BY a, b) foo ORDER BY a, b, c
                                    QUERY PLAN                                    
----------------------------------------------------------------------------------
 Limit  (cost=2428522.48..2428522.48 rows=1 width=20)
   ->  Incremental Sort  (cost=1531520.50..2328521.94 rows=10000054 width=20)
         Sort Key: s_2.a, s_2.b, s_2.c
         Presorted Key: s_2.a, s_2.b
         ->  Sort  (cost=1531459.54..1556459.68 rows=10000054 width=20)
               Sort Key: s_2.a, s_2.b
               ->  Seq Scan on s_2  (cost=0.00..163695.54 rows=10000054 width=20)
(7 rows)

===== 155 [Wed Mar  7 04:58:06 CET 2018] scale:10000000 groups:100 work_mem:128MB incremental:on max_workers:0 =====
SELECT * FROM (SELECT * FROM s_3 ORDER BY a, b, c) foo ORDER BY a, b, c, d
                                    QUERY PLAN                                    
----------------------------------------------------------------------------------
 Limit  (cost=2117559.13..2117559.13 rows=1 width=20)
   ->  Incremental Sort  (cost=1531459.83..2017558.59 rows=10000054 width=20)
         Sort Key: s_3.a, s_3.b, s_3.c, s_3.d
         Presorted Key: s_3.a, s_3.b, s_3.c
         ->  Sort  (cost=1531459.54..1556459.68 rows=10000054 width=20)
               Sort Key: s_3.a, s_3.b, s_3.c
               ->  Seq Scan on s_3  (cost=0.00..163695.54 rows=10000054 width=20)
(7 rows)

===== 156 [Wed Mar  7 04:58:35 CET 2018] scale:10000000 groups:100 work_mem:128MB incremental:on max_workers:0 =====
SELECT * FROM (SELECT * FROM s_4 ORDER BY a, b, c, d) foo ORDER BY a, b, c, d, e
                                   QUERY PLAN                                    
---------------------------------------------------------------------------------
 Limit  (cost=2117533.52..2117533.52 rows=1 width=20)
   ->  Incremental Sort  (cost=1531440.98..2017534.13 rows=9999939 width=20)
         Sort Key: s_4.a, s_4.b, s_4.c, s_4.d, s_4.e
         Presorted Key: s_4.a, s_4.b, s_4.c, s_4.d
         ->  Sort  (cost=1531440.69..1556440.54 rows=9999939 width=20)
               Sort Key: s_4.a, s_4.b, s_4.c, s_4.d
               ->  Seq Scan on s_4  (cost=0.00..163694.39 rows=9999939 width=20)
(7 rows)

===== 157 [Wed Mar  7 04:59:00 CET 2018] scale:10000000 groups:100 work_mem:128MB incremental:off max_workers:0 =====
SELECT * FROM (SELECT * FROM s_1 ORDER BY a) foo ORDER BY a, b
                                    QUERY PLAN                                    
----------------------------------------------------------------------------------
 Limit  (cost=3149224.89..3149224.89 rows=1 width=20)
   ->  Sort  (cost=3024224.22..3049224.35 rows=10000054 width=20)
         Sort Key: s_1.a, s_1.b
         ->  Sort  (cost=1531459.54..1556459.68 rows=10000054 width=20)
               Sort Key: s_1.a
               ->  Seq Scan on s_1  (cost=0.00..163695.54 rows=10000054 width=20)
(6 rows)

===== 158 [Wed Mar  7 04:59:39 CET 2018] scale:10000000 groups:100 work_mem:128MB incremental:off max_workers:0 =====
SELECT * FROM (SELECT * FROM s_2 ORDER BY a, b) foo ORDER BY a, b, c
                                    QUERY PLAN                                    
----------------------------------------------------------------------------------
 Limit  (cost=3149224.89..3149224.89 rows=1 width=20)
   ->  Sort  (cost=3024224.22..3049224.35 rows=10000054 width=20)
         Sort Key: s_2.a, s_2.b, s_2.c
         ->  Sort  (cost=1531459.54..1556459.68 rows=10000054 width=20)
               Sort Key: s_2.a, s_2.b
               ->  Seq Scan on s_2  (cost=0.00..163695.54 rows=10000054 width=20)
(6 rows)

===== 159 [Wed Mar  7 05:00:25 CET 2018] scale:10000000 groups:100 work_mem:128MB incremental:off max_workers:0 =====
SELECT * FROM (SELECT * FROM s_3 ORDER BY a, b, c) foo ORDER BY a, b, c, d
                                    QUERY PLAN                                    
----------------------------------------------------------------------------------
 Limit  (cost=3149224.89..3149224.89 rows=1 width=20)
   ->  Sort  (cost=3024224.22..3049224.35 rows=10000054 width=20)
         Sort Key: s_3.a, s_3.b, s_3.c, s_3.d
         ->  Sort  (cost=1531459.54..1556459.68 rows=10000054 width=20)
               Sort Key: s_3.a, s_3.b, s_3.c
               ->  Seq Scan on s_3  (cost=0.00..163695.54 rows=10000054 width=20)
(6 rows)

===== 160 [Wed Mar  7 05:01:15 CET 2018] scale:10000000 groups:100 work_mem:128MB incremental:off max_workers:0 =====
SELECT * FROM (SELECT * FROM s_4 ORDER BY a, b, c, d) foo ORDER BY a, b, c, d, e
                                   QUERY PLAN                                    
---------------------------------------------------------------------------------
 Limit  (cost=3149185.47..3149185.47 rows=1 width=20)
   ->  Sort  (cost=3024186.23..3049186.08 rows=9999939 width=20)
         Sort Key: s_4.a, s_4.b, s_4.c, s_4.d, s_4.e
         ->  Sort  (cost=1531440.69..1556440.54 rows=9999939 width=20)
               Sort Key: s_4.a, s_4.b, s_4.c, s_4.d
               ->  Seq Scan on s_4  (cost=0.00..163694.39 rows=9999939 width=20)
(6 rows)

===== 161 [Wed Mar  7 05:02:02 CET 2018] scale:10000000 groups:100 work_mem:256MB incremental:on max_workers:0 =====
SELECT * FROM (SELECT * FROM s_1 ORDER BY a) foo ORDER BY a, b
                                    QUERY PLAN                                    
----------------------------------------------------------------------------------
 Limit  (cost=2761232.85..2761232.85 rows=1 width=20)
   ->  Incremental Sort  (cost=1540912.71..2661232.31 rows=10000054 width=20)
         Sort Key: s_1.a, s_1.b
         Presorted Key: s_1.a
         ->  Sort  (cost=1531459.54..1556459.68 rows=10000054 width=20)
               Sort Key: s_1.a
               ->  Seq Scan on s_1  (cost=0.00..163695.54 rows=10000054 width=20)
(7 rows)

===== 162 [Wed Mar  7 05:02:33 CET 2018] scale:10000000 groups:100 work_mem:256MB incremental:on max_workers:0 =====
SELECT * FROM (SELECT * FROM s_2 ORDER BY a, b) foo ORDER BY a, b, c
                                    QUERY PLAN                                    
----------------------------------------------------------------------------------
 Limit  (cost=2428522.48..2428522.48 rows=1 width=20)
   ->  Incremental Sort  (cost=1531520.50..2328521.94 rows=10000054 width=20)
         Sort Key: s_2.a, s_2.b, s_2.c
         Presorted Key: s_2.a, s_2.b
         ->  Sort  (cost=1531459.54..1556459.68 rows=10000054 width=20)
               Sort Key: s_2.a, s_2.b
               ->  Seq Scan on s_2  (cost=0.00..163695.54 rows=10000054 width=20)
(7 rows)

===== 163 [Wed Mar  7 05:03:05 CET 2018] scale:10000000 groups:100 work_mem:256MB incremental:on max_workers:0 =====
SELECT * FROM (SELECT * FROM s_3 ORDER BY a, b, c) foo ORDER BY a, b, c, d
                                    QUERY PLAN                                    
----------------------------------------------------------------------------------
 Limit  (cost=2117559.13..2117559.13 rows=1 width=20)
   ->  Incremental Sort  (cost=1531459.83..2017558.59 rows=10000054 width=20)
         Sort Key: s_3.a, s_3.b, s_3.c, s_3.d
         Presorted Key: s_3.a, s_3.b, s_3.c
         ->  Sort  (cost=1531459.54..1556459.68 rows=10000054 width=20)
               Sort Key: s_3.a, s_3.b, s_3.c
               ->  Seq Scan on s_3  (cost=0.00..163695.54 rows=10000054 width=20)
(7 rows)

===== 164 [Wed Mar  7 05:03:35 CET 2018] scale:10000000 groups:100 work_mem:256MB incremental:on max_workers:0 =====
SELECT * FROM (SELECT * FROM s_4 ORDER BY a, b, c, d) foo ORDER BY a, b, c, d, e
                                   QUERY PLAN                                    
---------------------------------------------------------------------------------
 Limit  (cost=2117533.52..2117533.52 rows=1 width=20)
   ->  Incremental Sort  (cost=1531440.98..2017534.13 rows=9999939 width=20)
         Sort Key: s_4.a, s_4.b, s_4.c, s_4.d, s_4.e
         Presorted Key: s_4.a, s_4.b, s_4.c, s_4.d
         ->  Sort  (cost=1531440.69..1556440.54 rows=9999939 width=20)
               Sort Key: s_4.a, s_4.b, s_4.c, s_4.d
               ->  Seq Scan on s_4  (cost=0.00..163694.39 rows=9999939 width=20)
(7 rows)

===== 165 [Wed Mar  7 05:04:00 CET 2018] scale:10000000 groups:100 work_mem:256MB incremental:off max_workers:0 =====
SELECT * FROM (SELECT * FROM s_1 ORDER BY a) foo ORDER BY a, b
                                    QUERY PLAN                                    
----------------------------------------------------------------------------------
 Limit  (cost=3149224.89..3149224.89 rows=1 width=20)
   ->  Sort  (cost=3024224.22..3049224.35 rows=10000054 width=20)
         Sort Key: s_1.a, s_1.b
         ->  Sort  (cost=1531459.54..1556459.68 rows=10000054 width=20)
               Sort Key: s_1.a
               ->  Seq Scan on s_1  (cost=0.00..163695.54 rows=10000054 width=20)
(6 rows)

===== 166 [Wed Mar  7 05:04:41 CET 2018] scale:10000000 groups:100 work_mem:256MB incremental:off max_workers:0 =====
SELECT * FROM (SELECT * FROM s_2 ORDER BY a, b) foo ORDER BY a, b, c
                                    QUERY PLAN                                    
----------------------------------------------------------------------------------
 Limit  (cost=3149224.89..3149224.89 rows=1 width=20)
   ->  Sort  (cost=3024224.22..3049224.35 rows=10000054 width=20)
         Sort Key: s_2.a, s_2.b, s_2.c
         ->  Sort  (cost=1531459.54..1556459.68 rows=10000054 width=20)
               Sort Key: s_2.a, s_2.b
               ->  Seq Scan on s_2  (cost=0.00..163695.54 rows=10000054 width=20)
(6 rows)

===== 167 [Wed Mar  7 05:05:28 CET 2018] scale:10000000 groups:100 work_mem:256MB incremental:off max_workers:0 =====
SELECT * FROM (SELECT * FROM s_3 ORDER BY a, b, c) foo ORDER BY a, b, c, d
                                    QUERY PLAN                                    
----------------------------------------------------------------------------------
 Limit  (cost=3149224.89..3149224.89 rows=1 width=20)
   ->  Sort  (cost=3024224.22..3049224.35 rows=10000054 width=20)
         Sort Key: s_3.a, s_3.b, s_3.c, s_3.d
         ->  Sort  (cost=1531459.54..1556459.68 rows=10000054 width=20)
               Sort Key: s_3.a, s_3.b, s_3.c
               ->  Seq Scan on s_3  (cost=0.00..163695.54 rows=10000054 width=20)
(6 rows)

===== 168 [Wed Mar  7 05:06:19 CET 2018] scale:10000000 groups:100 work_mem:256MB incremental:off max_workers:0 =====
SELECT * FROM (SELECT * FROM s_4 ORDER BY a, b, c, d) foo ORDER BY a, b, c, d, e
                                   QUERY PLAN                                    
---------------------------------------------------------------------------------
 Limit  (cost=3149185.47..3149185.47 rows=1 width=20)
   ->  Sort  (cost=3024186.23..3049186.08 rows=9999939 width=20)
         Sort Key: s_4.a, s_4.b, s_4.c, s_4.d, s_4.e
         ->  Sort  (cost=1531440.69..1556440.54 rows=9999939 width=20)
               Sort Key: s_4.a, s_4.b, s_4.c, s_4.d
               ->  Seq Scan on s_4  (cost=0.00..163694.39 rows=9999939 width=20)
(6 rows)

===== 169 [Wed Mar  7 05:07:07 CET 2018] scale:10000000 groups:100 work_mem:4MB incremental:on max_workers:2 =====
SELECT * FROM (SELECT * FROM s_1 ORDER BY a) foo ORDER BY a, b
                                           QUERY PLAN                                           
------------------------------------------------------------------------------------------------
 Limit  (cost=2700717.59..2700717.59 rows=1 width=20)
   ->  Incremental Sort  (cost=752593.70..2617383.81 rows=8333378 width=20)
         Sort Key: s_1.a, s_1.b
         Presorted Key: s_1.a
         ->  Gather Merge  (cost=735404.16..1707699.48 rows=8333378 width=20)
               Workers Planned: 2
               ->  Sort  (cost=734404.14..744820.86 rows=4166689 width=20)
                     Sort Key: s_1.a
                     ->  Parallel Seq Scan on s_1  (cost=0.00..105361.89 rows=4166689 width=20)
(9 rows)

===== 170 [Wed Mar  7 05:07:42 CET 2018] scale:10000000 groups:100 work_mem:4MB incremental:on max_workers:2 =====
SELECT * FROM (SELECT * FROM s_2 ORDER BY a, b) foo ORDER BY a, b, c
                                           QUERY PLAN                                           
------------------------------------------------------------------------------------------------
 Limit  (cost=2423492.63..2423492.63 rows=1 width=20)
   ->  Incremental Sort  (cost=735547.16..2340158.85 rows=8333378 width=20)
         Sort Key: s_2.a, s_2.b, s_2.c
         Presorted Key: s_2.a, s_2.b
         ->  Gather Merge  (cost=735404.16..1707699.48 rows=8333378 width=20)
               Workers Planned: 2
               ->  Sort  (cost=734404.14..744820.86 rows=4166689 width=20)
                     Sort Key: s_2.a, s_2.b
                     ->  Parallel Seq Scan on s_2  (cost=0.00..105361.89 rows=4166689 width=20)
(9 rows)

===== 171 [Wed Mar  7 05:08:12 CET 2018] scale:10000000 groups:100 work_mem:4MB incremental:on max_workers:2 =====
SELECT * FROM (SELECT * FROM s_3 ORDER BY a, b, c) foo ORDER BY a, b, c, d
                                           QUERY PLAN                                           
------------------------------------------------------------------------------------------------
 Limit  (cost=2175282.31..2175282.31 rows=1 width=20)
   ->  Incremental Sort  (cost=735405.60..2091948.53 rows=8333378 width=20)
         Sort Key: s_3.a, s_3.b, s_3.c, s_3.d
         Presorted Key: s_3.a, s_3.b, s_3.c
         ->  Gather Merge  (cost=735404.16..1707699.48 rows=8333378 width=20)
               Workers Planned: 2
               ->  Sort  (cost=734404.14..744820.86 rows=4166689 width=20)
                     Sort Key: s_3.a, s_3.b, s_3.c
                     ->  Parallel Seq Scan on s_3  (cost=0.00..105361.89 rows=4166689 width=20)
(9 rows)

===== 172 [Wed Mar  7 05:08:42 CET 2018] scale:10000000 groups:100 work_mem:4MB incremental:on max_workers:2 =====
SELECT * FROM (SELECT * FROM s_4 ORDER BY a, b, c, d) foo ORDER BY a, b, c, d, e
                                           QUERY PLAN                                           
------------------------------------------------------------------------------------------------
 Limit  (cost=2175252.64..2175252.64 rows=1 width=20)
   ->  Incremental Sort  (cost=735392.49..2091919.82 rows=8333282 width=20)
         Sort Key: s_4.a, s_4.b, s_4.c, s_4.d, s_4.e
         Presorted Key: s_4.a, s_4.b, s_4.c, s_4.d
         ->  Gather Merge  (cost=735391.06..1707675.17 rows=8333282 width=20)
               Workers Planned: 2
               ->  Sort  (cost=734391.04..744807.64 rows=4166641 width=20)
                     Sort Key: s_4.a, s_4.b, s_4.c, s_4.d
                     ->  Parallel Seq Scan on s_4  (cost=0.00..105361.41 rows=4166641 width=20)
(9 rows)

===== 173 [Wed Mar  7 05:09:07 CET 2018] scale:10000000 groups:100 work_mem:4MB incremental:off max_workers:2 =====
SELECT * FROM (SELECT * FROM s_1 ORDER BY a) foo ORDER BY a, b
                                           QUERY PLAN                                           
------------------------------------------------------------------------------------------------
 Limit  (cost=3194944.87..3194944.87 rows=1 width=20)
   ->  Sort  (cost=3090777.64..3111611.09 rows=8333378 width=20)
         Sort Key: s_1.a, s_1.b
         ->  Gather Merge  (cost=735404.16..1707699.48 rows=8333378 width=20)
               Workers Planned: 2
               ->  Sort  (cost=734404.14..744820.86 rows=4166689 width=20)
                     Sort Key: s_1.a
                     ->  Parallel Seq Scan on s_1  (cost=0.00..105361.89 rows=4166689 width=20)
(8 rows)

===== 174 [Wed Mar  7 05:09:49 CET 2018] scale:10000000 groups:100 work_mem:4MB incremental:off max_workers:2 =====
SELECT * FROM (SELECT * FROM s_2 ORDER BY a, b) foo ORDER BY a, b, c
                                           QUERY PLAN                                           
------------------------------------------------------------------------------------------------
 Limit  (cost=3194944.87..3194944.87 rows=1 width=20)
   ->  Sort  (cost=3090777.64..3111611.09 rows=8333378 width=20)
         Sort Key: s_2.a, s_2.b, s_2.c
         ->  Gather Merge  (cost=735404.16..1707699.48 rows=8333378 width=20)
               Workers Planned: 2
               ->  Sort  (cost=734404.14..744820.86 rows=4166689 width=20)
                     Sort Key: s_2.a, s_2.b
                     ->  Parallel Seq Scan on s_2  (cost=0.00..105361.89 rows=4166689 width=20)
(8 rows)

===== 175 [Wed Mar  7 05:10:39 CET 2018] scale:10000000 groups:100 work_mem:4MB incremental:off max_workers:2 =====
SELECT * FROM (SELECT * FROM s_3 ORDER BY a, b, c) foo ORDER BY a, b, c, d
                                           QUERY PLAN                                           
------------------------------------------------------------------------------------------------
 Limit  (cost=3194944.87..3194944.87 rows=1 width=20)
   ->  Sort  (cost=3090777.64..3111611.09 rows=8333378 width=20)
         Sort Key: s_3.a, s_3.b, s_3.c, s_3.d
         ->  Gather Merge  (cost=735404.16..1707699.48 rows=8333378 width=20)
               Workers Planned: 2
               ->  Sort  (cost=734404.14..744820.86 rows=4166689 width=20)
                     Sort Key: s_3.a, s_3.b, s_3.c
                     ->  Parallel Seq Scan on s_3  (cost=0.00..105361.89 rows=4166689 width=20)
(8 rows)

===== 176 [Wed Mar  7 05:11:36 CET 2018] scale:10000000 groups:100 work_mem:4MB incremental:off max_workers:2 =====
SELECT * FROM (SELECT * FROM s_4 ORDER BY a, b, c, d) foo ORDER BY a, b, c, d, e
                                           QUERY PLAN                                           
------------------------------------------------------------------------------------------------
 Limit  (cost=3194899.68..3194899.68 rows=1 width=20)
   ->  Sort  (cost=3090733.65..3111566.86 rows=8333282 width=20)
         Sort Key: s_4.a, s_4.b, s_4.c, s_4.d, s_4.e
         ->  Gather Merge  (cost=735391.06..1707675.17 rows=8333282 width=20)
               Workers Planned: 2
               ->  Sort  (cost=734391.04..744807.64 rows=4166641 width=20)
                     Sort Key: s_4.a, s_4.b, s_4.c, s_4.d
                     ->  Parallel Seq Scan on s_4  (cost=0.00..105361.41 rows=4166641 width=20)
(8 rows)

===== 177 [Wed Mar  7 05:12:29 CET 2018] scale:10000000 groups:100 work_mem:8MB incremental:on max_workers:2 =====
SELECT * FROM (SELECT * FROM s_1 ORDER BY a) foo ORDER BY a, b
                                           QUERY PLAN                                           
------------------------------------------------------------------------------------------------
 Limit  (cost=2615265.09..2615265.09 rows=1 width=20)
   ->  Incremental Sort  (cost=667141.20..2531931.31 rows=8333378 width=20)
         Sort Key: s_1.a, s_1.b
         Presorted Key: s_1.a
         ->  Gather Merge  (cost=649951.66..1622246.98 rows=8333378 width=20)
               Workers Planned: 2
               ->  Sort  (cost=648951.64..659368.36 rows=4166689 width=20)
                     Sort Key: s_1.a
                     ->  Parallel Seq Scan on s_1  (cost=0.00..105361.89 rows=4166689 width=20)
(9 rows)

===== 178 [Wed Mar  7 05:13:04 CET 2018] scale:10000000 groups:100 work_mem:8MB incremental:on max_workers:2 =====
SELECT * FROM (SELECT * FROM s_2 ORDER BY a, b) foo ORDER BY a, b, c
                                           QUERY PLAN                                           
------------------------------------------------------------------------------------------------
 Limit  (cost=2338040.13..2338040.13 rows=1 width=20)
   ->  Incremental Sort  (cost=650094.66..2254706.35 rows=8333378 width=20)
         Sort Key: s_2.a, s_2.b, s_2.c
         Presorted Key: s_2.a, s_2.b
         ->  Gather Merge  (cost=649951.66..1622246.98 rows=8333378 width=20)
               Workers Planned: 2
               ->  Sort  (cost=648951.64..659368.36 rows=4166689 width=20)
                     Sort Key: s_2.a, s_2.b
                     ->  Parallel Seq Scan on s_2  (cost=0.00..105361.89 rows=4166689 width=20)
(9 rows)

===== 179 [Wed Mar  7 05:13:33 CET 2018] scale:10000000 groups:100 work_mem:8MB incremental:on max_workers:2 =====
SELECT * FROM (SELECT * FROM s_3 ORDER BY a, b, c) foo ORDER BY a, b, c, d
                                           QUERY PLAN                                           
------------------------------------------------------------------------------------------------
 Limit  (cost=2089829.81..2089829.81 rows=1 width=20)
   ->  Incremental Sort  (cost=649953.10..2006496.03 rows=8333378 width=20)
         Sort Key: s_3.a, s_3.b, s_3.c, s_3.d
         Presorted Key: s_3.a, s_3.b, s_3.c
         ->  Gather Merge  (cost=649951.66..1622246.98 rows=8333378 width=20)
               Workers Planned: 2
               ->  Sort  (cost=648951.64..659368.36 rows=4166689 width=20)
                     Sort Key: s_3.a, s_3.b, s_3.c
                     ->  Parallel Seq Scan on s_3  (cost=0.00..105361.89 rows=4166689 width=20)
(9 rows)

===== 180 [Wed Mar  7 05:14:02 CET 2018] scale:10000000 groups:100 work_mem:8MB incremental:on max_workers:2 =====
SELECT * FROM (SELECT * FROM s_4 ORDER BY a, b, c, d) foo ORDER BY a, b, c, d, e
                                           QUERY PLAN                                           
------------------------------------------------------------------------------------------------
 Limit  (cost=2089803.64..2089803.64 rows=1 width=20)
   ->  Incremental Sort  (cost=649943.49..2006470.82 rows=8333282 width=20)
         Sort Key: s_4.a, s_4.b, s_4.c, s_4.d, s_4.e
         Presorted Key: s_4.a, s_4.b, s_4.c, s_4.d
         ->  Gather Merge  (cost=649942.06..1622226.17 rows=8333282 width=20)
               Workers Planned: 2
               ->  Sort  (cost=648942.04..659358.64 rows=4166641 width=20)
                     Sort Key: s_4.a, s_4.b, s_4.c, s_4.d
                     ->  Parallel Seq Scan on s_4  (cost=0.00..105361.41 rows=4166641 width=20)
(9 rows)

===== 181 [Wed Mar  7 05:14:25 CET 2018] scale:10000000 groups:100 work_mem:8MB incremental:off max_workers:2 =====
SELECT * FROM (SELECT * FROM s_1 ORDER BY a) foo ORDER BY a, b
                                           QUERY PLAN                                           
------------------------------------------------------------------------------------------------
 Limit  (cost=3109492.37..3109492.37 rows=1 width=20)
   ->  Sort  (cost=3005325.14..3026158.59 rows=8333378 width=20)
         Sort Key: s_1.a, s_1.b
         ->  Gather Merge  (cost=649951.66..1622246.98 rows=8333378 width=20)
               Workers Planned: 2
               ->  Sort  (cost=648951.64..659368.36 rows=4166689 width=20)
                     Sort Key: s_1.a
                     ->  Parallel Seq Scan on s_1  (cost=0.00..105361.89 rows=4166689 width=20)
(8 rows)

===== 182 [Wed Mar  7 05:15:03 CET 2018] scale:10000000 groups:100 work_mem:8MB incremental:off max_workers:2 =====
SELECT * FROM (SELECT * FROM s_2 ORDER BY a, b) foo ORDER BY a, b, c
                                           QUERY PLAN                                           
------------------------------------------------------------------------------------------------
 Limit  (cost=3109492.37..3109492.37 rows=1 width=20)
   ->  Sort  (cost=3005325.14..3026158.59 rows=8333378 width=20)
         Sort Key: s_2.a, s_2.b, s_2.c
         ->  Gather Merge  (cost=649951.66..1622246.98 rows=8333378 width=20)
               Workers Planned: 2
               ->  Sort  (cost=648951.64..659368.36 rows=4166689 width=20)
                     Sort Key: s_2.a, s_2.b
                     ->  Parallel Seq Scan on s_2  (cost=0.00..105361.89 rows=4166689 width=20)
(8 rows)

===== 183 [Wed Mar  7 05:15:49 CET 2018] scale:10000000 groups:100 work_mem:8MB incremental:off max_workers:2 =====
SELECT * FROM (SELECT * FROM s_3 ORDER BY a, b, c) foo ORDER BY a, b, c, d
                                           QUERY PLAN                                           
------------------------------------------------------------------------------------------------
 Limit  (cost=3109492.37..3109492.37 rows=1 width=20)
   ->  Sort  (cost=3005325.14..3026158.59 rows=8333378 width=20)
         Sort Key: s_3.a, s_3.b, s_3.c, s_3.d
         ->  Gather Merge  (cost=649951.66..1622246.98 rows=8333378 width=20)
               Workers Planned: 2
               ->  Sort  (cost=648951.64..659368.36 rows=4166689 width=20)
                     Sort Key: s_3.a, s_3.b, s_3.c
                     ->  Parallel Seq Scan on s_3  (cost=0.00..105361.89 rows=4166689 width=20)
(8 rows)

===== 184 [Wed Mar  7 05:16:41 CET 2018] scale:10000000 groups:100 work_mem:8MB incremental:off max_workers:2 =====
SELECT * FROM (SELECT * FROM s_4 ORDER BY a, b, c, d) foo ORDER BY a, b, c, d, e
                                           QUERY PLAN                                           
------------------------------------------------------------------------------------------------
 Limit  (cost=3109450.68..3109450.68 rows=1 width=20)
   ->  Sort  (cost=3005284.65..3026117.86 rows=8333282 width=20)
         Sort Key: s_4.a, s_4.b, s_4.c, s_4.d, s_4.e
         ->  Gather Merge  (cost=649942.06..1622226.17 rows=8333282 width=20)
               Workers Planned: 2
               ->  Sort  (cost=648942.04..659358.64 rows=4166641 width=20)
                     Sort Key: s_4.a, s_4.b, s_4.c, s_4.d
                     ->  Parallel Seq Scan on s_4  (cost=0.00..105361.41 rows=4166641 width=20)
(8 rows)

===== 185 [Wed Mar  7 05:17:29 CET 2018] scale:10000000 groups:100 work_mem:16MB incremental:on max_workers:2 =====
SELECT * FROM (SELECT * FROM s_1 ORDER BY a) foo ORDER BY a, b
                                    QUERY PLAN                                    
----------------------------------------------------------------------------------
 Limit  (cost=2761232.85..2761232.85 rows=1 width=20)
   ->  Incremental Sort  (cost=1540912.71..2661232.31 rows=10000054 width=20)
         Sort Key: s_1.a, s_1.b
         Presorted Key: s_1.a
         ->  Sort  (cost=1531459.54..1556459.68 rows=10000054 width=20)
               Sort Key: s_1.a
               ->  Seq Scan on s_1  (cost=0.00..163695.54 rows=10000054 width=20)
(7 rows)

===== 186 [Wed Mar  7 05:18:00 CET 2018] scale:10000000 groups:100 work_mem:16MB incremental:on max_workers:2 =====
SELECT * FROM (SELECT * FROM s_2 ORDER BY a, b) foo ORDER BY a, b, c
                                    QUERY PLAN                                    
----------------------------------------------------------------------------------
 Limit  (cost=2428522.48..2428522.48 rows=1 width=20)
   ->  Incremental Sort  (cost=1531520.50..2328521.94 rows=10000054 width=20)
         Sort Key: s_2.a, s_2.b, s_2.c
         Presorted Key: s_2.a, s_2.b
         ->  Sort  (cost=1531459.54..1556459.68 rows=10000054 width=20)
               Sort Key: s_2.a, s_2.b
               ->  Seq Scan on s_2  (cost=0.00..163695.54 rows=10000054 width=20)
(7 rows)

===== 187 [Wed Mar  7 05:18:31 CET 2018] scale:10000000 groups:100 work_mem:16MB incremental:on max_workers:2 =====
SELECT * FROM (SELECT * FROM s_3 ORDER BY a, b, c) foo ORDER BY a, b, c, d
                                    QUERY PLAN                                    
----------------------------------------------------------------------------------
 Limit  (cost=2117559.13..2117559.13 rows=1 width=20)
   ->  Incremental Sort  (cost=1531459.83..2017558.59 rows=10000054 width=20)
         Sort Key: s_3.a, s_3.b, s_3.c, s_3.d
         Presorted Key: s_3.a, s_3.b, s_3.c
         ->  Sort  (cost=1531459.54..1556459.68 rows=10000054 width=20)
               Sort Key: s_3.a, s_3.b, s_3.c
               ->  Seq Scan on s_3  (cost=0.00..163695.54 rows=10000054 width=20)
(7 rows)

===== 188 [Wed Mar  7 05:19:01 CET 2018] scale:10000000 groups:100 work_mem:16MB incremental:on max_workers:2 =====
SELECT * FROM (SELECT * FROM s_4 ORDER BY a, b, c, d) foo ORDER BY a, b, c, d, e
                                   QUERY PLAN                                    
---------------------------------------------------------------------------------
 Limit  (cost=2117533.52..2117533.52 rows=1 width=20)
   ->  Incremental Sort  (cost=1531440.98..2017534.13 rows=9999939 width=20)
         Sort Key: s_4.a, s_4.b, s_4.c, s_4.d, s_4.e
         Presorted Key: s_4.a, s_4.b, s_4.c, s_4.d
         ->  Sort  (cost=1531440.69..1556440.54 rows=9999939 width=20)
               Sort Key: s_4.a, s_4.b, s_4.c, s_4.d
               ->  Seq Scan on s_4  (cost=0.00..163694.39 rows=9999939 width=20)
(7 rows)

===== 189 [Wed Mar  7 05:19:25 CET 2018] scale:10000000 groups:100 work_mem:16MB incremental:off max_workers:2 =====
SELECT * FROM (SELECT * FROM s_1 ORDER BY a) foo ORDER BY a, b
                                    QUERY PLAN                                    
----------------------------------------------------------------------------------
 Limit  (cost=3149224.89..3149224.89 rows=1 width=20)
   ->  Sort  (cost=3024224.22..3049224.35 rows=10000054 width=20)
         Sort Key: s_1.a, s_1.b
         ->  Sort  (cost=1531459.54..1556459.68 rows=10000054 width=20)
               Sort Key: s_1.a
               ->  Seq Scan on s_1  (cost=0.00..163695.54 rows=10000054 width=20)
(6 rows)

===== 190 [Wed Mar  7 05:20:02 CET 2018] scale:10000000 groups:100 work_mem:16MB incremental:off max_workers:2 =====
SELECT * FROM (SELECT * FROM s_2 ORDER BY a, b) foo ORDER BY a, b, c
                                    QUERY PLAN                                    
----------------------------------------------------------------------------------
 Limit  (cost=3149224.89..3149224.89 rows=1 width=20)
   ->  Sort  (cost=3024224.22..3049224.35 rows=10000054 width=20)
         Sort Key: s_2.a, s_2.b, s_2.c
         ->  Sort  (cost=1531459.54..1556459.68 rows=10000054 width=20)
               Sort Key: s_2.a, s_2.b
               ->  Seq Scan on s_2  (cost=0.00..163695.54 rows=10000054 width=20)
(6 rows)

===== 191 [Wed Mar  7 05:20:46 CET 2018] scale:10000000 groups:100 work_mem:16MB incremental:off max_workers:2 =====
SELECT * FROM (SELECT * FROM s_3 ORDER BY a, b, c) foo ORDER BY a, b, c, d
                                    QUERY PLAN                                    
----------------------------------------------------------------------------------
 Limit  (cost=3149224.89..3149224.89 rows=1 width=20)
   ->  Sort  (cost=3024224.22..3049224.35 rows=10000054 width=20)
         Sort Key: s_3.a, s_3.b, s_3.c, s_3.d
         ->  Sort  (cost=1531459.54..1556459.68 rows=10000054 width=20)
               Sort Key: s_3.a, s_3.b, s_3.c
               ->  Seq Scan on s_3  (cost=0.00..163695.54 rows=10000054 width=20)
(6 rows)

===== 192 [Wed Mar  7 05:21:35 CET 2018] scale:10000000 groups:100 work_mem:16MB incremental:off max_workers:2 =====
SELECT * FROM (SELECT * FROM s_4 ORDER BY a, b, c, d) foo ORDER BY a, b, c, d, e
                                   QUERY PLAN                                    
---------------------------------------------------------------------------------
 Limit  (cost=3149185.47..3149185.47 rows=1 width=20)
   ->  Sort  (cost=3024186.23..3049186.08 rows=9999939 width=20)
         Sort Key: s_4.a, s_4.b, s_4.c, s_4.d, s_4.e
         ->  Sort  (cost=1531440.69..1556440.54 rows=9999939 width=20)
               Sort Key: s_4.a, s_4.b, s_4.c, s_4.d
               ->  Seq Scan on s_4  (cost=0.00..163694.39 rows=9999939 width=20)
(6 rows)

===== 193 [Wed Mar  7 05:22:20 CET 2018] scale:10000000 groups:100 work_mem:32MB incremental:on max_workers:2 =====
SELECT * FROM (SELECT * FROM s_1 ORDER BY a) foo ORDER BY a, b
                                    QUERY PLAN                                    
----------------------------------------------------------------------------------
 Limit  (cost=2761232.85..2761232.85 rows=1 width=20)
   ->  Incremental Sort  (cost=1540912.71..2661232.31 rows=10000054 width=20)
         Sort Key: s_1.a, s_1.b
         Presorted Key: s_1.a
         ->  Sort  (cost=1531459.54..1556459.68 rows=10000054 width=20)
               Sort Key: s_1.a
               ->  Seq Scan on s_1  (cost=0.00..163695.54 rows=10000054 width=20)
(7 rows)

===== 194 [Wed Mar  7 05:22:51 CET 2018] scale:10000000 groups:100 work_mem:32MB incremental:on max_workers:2 =====
SELECT * FROM (SELECT * FROM s_2 ORDER BY a, b) foo ORDER BY a, b, c
                                    QUERY PLAN                                    
----------------------------------------------------------------------------------
 Limit  (cost=2428522.48..2428522.48 rows=1 width=20)
   ->  Incremental Sort  (cost=1531520.50..2328521.94 rows=10000054 width=20)
         Sort Key: s_2.a, s_2.b, s_2.c
         Presorted Key: s_2.a, s_2.b
         ->  Sort  (cost=1531459.54..1556459.68 rows=10000054 width=20)
               Sort Key: s_2.a, s_2.b
               ->  Seq Scan on s_2  (cost=0.00..163695.54 rows=10000054 width=20)
(7 rows)

===== 195 [Wed Mar  7 05:23:22 CET 2018] scale:10000000 groups:100 work_mem:32MB incremental:on max_workers:2 =====
SELECT * FROM (SELECT * FROM s_3 ORDER BY a, b, c) foo ORDER BY a, b, c, d
                                    QUERY PLAN                                    
----------------------------------------------------------------------------------
 Limit  (cost=2117559.13..2117559.13 rows=1 width=20)
   ->  Incremental Sort  (cost=1531459.83..2017558.59 rows=10000054 width=20)
         Sort Key: s_3.a, s_3.b, s_3.c, s_3.d
         Presorted Key: s_3.a, s_3.b, s_3.c
         ->  Sort  (cost=1531459.54..1556459.68 rows=10000054 width=20)
               Sort Key: s_3.a, s_3.b, s_3.c
               ->  Seq Scan on s_3  (cost=0.00..163695.54 rows=10000054 width=20)
(7 rows)

===== 196 [Wed Mar  7 05:23:51 CET 2018] scale:10000000 groups:100 work_mem:32MB incremental:on max_workers:2 =====
SELECT * FROM (SELECT * FROM s_4 ORDER BY a, b, c, d) foo ORDER BY a, b, c, d, e
                                   QUERY PLAN                                    
---------------------------------------------------------------------------------
 Limit  (cost=2117533.52..2117533.52 rows=1 width=20)
   ->  Incremental Sort  (cost=1531440.98..2017534.13 rows=9999939 width=20)
         Sort Key: s_4.a, s_4.b, s_4.c, s_4.d, s_4.e
         Presorted Key: s_4.a, s_4.b, s_4.c, s_4.d
         ->  Sort  (cost=1531440.69..1556440.54 rows=9999939 width=20)
               Sort Key: s_4.a, s_4.b, s_4.c, s_4.d
               ->  Seq Scan on s_4  (cost=0.00..163694.39 rows=9999939 width=20)
(7 rows)

===== 197 [Wed Mar  7 05:24:15 CET 2018] scale:10000000 groups:100 work_mem:32MB incremental:off max_workers:2 =====
SELECT * FROM (SELECT * FROM s_1 ORDER BY a) foo ORDER BY a, b
                                    QUERY PLAN                                    
----------------------------------------------------------------------------------
 Limit  (cost=3149224.89..3149224.89 rows=1 width=20)
   ->  Sort  (cost=3024224.22..3049224.35 rows=10000054 width=20)
         Sort Key: s_1.a, s_1.b
         ->  Sort  (cost=1531459.54..1556459.68 rows=10000054 width=20)
               Sort Key: s_1.a
               ->  Seq Scan on s_1  (cost=0.00..163695.54 rows=10000054 width=20)
(6 rows)

===== 198 [Wed Mar  7 05:24:52 CET 2018] scale:10000000 groups:100 work_mem:32MB incremental:off max_workers:2 =====
SELECT * FROM (SELECT * FROM s_2 ORDER BY a, b) foo ORDER BY a, b, c
                                    QUERY PLAN                                    
----------------------------------------------------------------------------------
 Limit  (cost=3149224.89..3149224.89 rows=1 width=20)
   ->  Sort  (cost=3024224.22..3049224.35 rows=10000054 width=20)
         Sort Key: s_2.a, s_2.b, s_2.c
         ->  Sort  (cost=1531459.54..1556459.68 rows=10000054 width=20)
               Sort Key: s_2.a, s_2.b
               ->  Seq Scan on s_2  (cost=0.00..163695.54 rows=10000054 width=20)
(6 rows)

===== 199 [Wed Mar  7 05:25:36 CET 2018] scale:10000000 groups:100 work_mem:32MB incremental:off max_workers:2 =====
SELECT * FROM (SELECT * FROM s_3 ORDER BY a, b, c) foo ORDER BY a, b, c, d
                                    QUERY PLAN                                    
----------------------------------------------------------------------------------
 Limit  (cost=3149224.89..3149224.89 rows=1 width=20)
   ->  Sort  (cost=3024224.22..3049224.35 rows=10000054 width=20)
         Sort Key: s_3.a, s_3.b, s_3.c, s_3.d
         ->  Sort  (cost=1531459.54..1556459.68 rows=10000054 width=20)
               Sort Key: s_3.a, s_3.b, s_3.c
               ->  Seq Scan on s_3  (cost=0.00..163695.54 rows=10000054 width=20)
(6 rows)

===== 200 [Wed Mar  7 05:26:25 CET 2018] scale:10000000 groups:100 work_mem:32MB incremental:off max_workers:2 =====
SELECT * FROM (SELECT * FROM s_4 ORDER BY a, b, c, d) foo ORDER BY a, b, c, d, e
                                   QUERY PLAN                                    
---------------------------------------------------------------------------------
 Limit  (cost=3149185.47..3149185.47 rows=1 width=20)
   ->  Sort  (cost=3024186.23..3049186.08 rows=9999939 width=20)
         Sort Key: s_4.a, s_4.b, s_4.c, s_4.d, s_4.e
         ->  Sort  (cost=1531440.69..1556440.54 rows=9999939 width=20)
               Sort Key: s_4.a, s_4.b, s_4.c, s_4.d
               ->  Seq Scan on s_4  (cost=0.00..163694.39 rows=9999939 width=20)
(6 rows)

===== 201 [Wed Mar  7 05:27:10 CET 2018] scale:10000000 groups:100 work_mem:64MB incremental:on max_workers:2 =====
SELECT * FROM (SELECT * FROM s_1 ORDER BY a) foo ORDER BY a, b
                                    QUERY PLAN                                    
----------------------------------------------------------------------------------
 Limit  (cost=2761232.85..2761232.85 rows=1 width=20)
   ->  Incremental Sort  (cost=1540912.71..2661232.31 rows=10000054 width=20)
         Sort Key: s_1.a, s_1.b
         Presorted Key: s_1.a
         ->  Sort  (cost=1531459.54..1556459.68 rows=10000054 width=20)
               Sort Key: s_1.a
               ->  Seq Scan on s_1  (cost=0.00..163695.54 rows=10000054 width=20)
(7 rows)

===== 202 [Wed Mar  7 05:27:41 CET 2018] scale:10000000 groups:100 work_mem:64MB incremental:on max_workers:2 =====
SELECT * FROM (SELECT * FROM s_2 ORDER BY a, b) foo ORDER BY a, b, c
                                    QUERY PLAN                                    
----------------------------------------------------------------------------------
 Limit  (cost=2428522.48..2428522.48 rows=1 width=20)
   ->  Incremental Sort  (cost=1531520.50..2328521.94 rows=10000054 width=20)
         Sort Key: s_2.a, s_2.b, s_2.c
         Presorted Key: s_2.a, s_2.b
         ->  Sort  (cost=1531459.54..1556459.68 rows=10000054 width=20)
               Sort Key: s_2.a, s_2.b
               ->  Seq Scan on s_2  (cost=0.00..163695.54 rows=10000054 width=20)
(7 rows)

===== 203 [Wed Mar  7 05:28:12 CET 2018] scale:10000000 groups:100 work_mem:64MB incremental:on max_workers:2 =====
SELECT * FROM (SELECT * FROM s_3 ORDER BY a, b, c) foo ORDER BY a, b, c, d
                                    QUERY PLAN                                    
----------------------------------------------------------------------------------
 Limit  (cost=2117559.13..2117559.13 rows=1 width=20)
   ->  Incremental Sort  (cost=1531459.83..2017558.59 rows=10000054 width=20)
         Sort Key: s_3.a, s_3.b, s_3.c, s_3.d
         Presorted Key: s_3.a, s_3.b, s_3.c
         ->  Sort  (cost=1531459.54..1556459.68 rows=10000054 width=20)
               Sort Key: s_3.a, s_3.b, s_3.c
               ->  Seq Scan on s_3  (cost=0.00..163695.54 rows=10000054 width=20)
(7 rows)

===== 204 [Wed Mar  7 05:28:41 CET 2018] scale:10000000 groups:100 work_mem:64MB incremental:on max_workers:2 =====
SELECT * FROM (SELECT * FROM s_4 ORDER BY a, b, c, d) foo ORDER BY a, b, c, d, e
                                   QUERY PLAN                                    
---------------------------------------------------------------------------------
 Limit  (cost=2117533.52..2117533.52 rows=1 width=20)
   ->  Incremental Sort  (cost=1531440.98..2017534.13 rows=9999939 width=20)
         Sort Key: s_4.a, s_4.b, s_4.c, s_4.d, s_4.e
         Presorted Key: s_4.a, s_4.b, s_4.c, s_4.d
         ->  Sort  (cost=1531440.69..1556440.54 rows=9999939 width=20)
               Sort Key: s_4.a, s_4.b, s_4.c, s_4.d
               ->  Seq Scan on s_4  (cost=0.00..163694.39 rows=9999939 width=20)
(7 rows)

===== 205 [Wed Mar  7 05:29:06 CET 2018] scale:10000000 groups:100 work_mem:64MB incremental:off max_workers:2 =====
SELECT * FROM (SELECT * FROM s_1 ORDER BY a) foo ORDER BY a, b
                                    QUERY PLAN                                    
----------------------------------------------------------------------------------
 Limit  (cost=3149224.89..3149224.89 rows=1 width=20)
   ->  Sort  (cost=3024224.22..3049224.35 rows=10000054 width=20)
         Sort Key: s_1.a, s_1.b
         ->  Sort  (cost=1531459.54..1556459.68 rows=10000054 width=20)
               Sort Key: s_1.a
               ->  Seq Scan on s_1  (cost=0.00..163695.54 rows=10000054 width=20)
(6 rows)

===== 206 [Wed Mar  7 05:29:44 CET 2018] scale:10000000 groups:100 work_mem:64MB incremental:off max_workers:2 =====
SELECT * FROM (SELECT * FROM s_2 ORDER BY a, b) foo ORDER BY a, b, c
                                    QUERY PLAN                                    
----------------------------------------------------------------------------------
 Limit  (cost=3149224.89..3149224.89 rows=1 width=20)
   ->  Sort  (cost=3024224.22..3049224.35 rows=10000054 width=20)
         Sort Key: s_2.a, s_2.b, s_2.c
         ->  Sort  (cost=1531459.54..1556459.68 rows=10000054 width=20)
               Sort Key: s_2.a, s_2.b
               ->  Seq Scan on s_2  (cost=0.00..163695.54 rows=10000054 width=20)
(6 rows)

===== 207 [Wed Mar  7 05:30:29 CET 2018] scale:10000000 groups:100 work_mem:64MB incremental:off max_workers:2 =====
SELECT * FROM (SELECT * FROM s_3 ORDER BY a, b, c) foo ORDER BY a, b, c, d
                                    QUERY PLAN                                    
----------------------------------------------------------------------------------
 Limit  (cost=3149224.89..3149224.89 rows=1 width=20)
   ->  Sort  (cost=3024224.22..3049224.35 rows=10000054 width=20)
         Sort Key: s_3.a, s_3.b, s_3.c, s_3.d
         ->  Sort  (cost=1531459.54..1556459.68 rows=10000054 width=20)
               Sort Key: s_3.a, s_3.b, s_3.c
               ->  Seq Scan on s_3  (cost=0.00..163695.54 rows=10000054 width=20)
(6 rows)

===== 208 [Wed Mar  7 05:31:18 CET 2018] scale:10000000 groups:100 work_mem:64MB incremental:off max_workers:2 =====
SELECT * FROM (SELECT * FROM s_4 ORDER BY a, b, c, d) foo ORDER BY a, b, c, d, e
                                   QUERY PLAN                                    
---------------------------------------------------------------------------------
 Limit  (cost=3149185.47..3149185.47 rows=1 width=20)
   ->  Sort  (cost=3024186.23..3049186.08 rows=9999939 width=20)
         Sort Key: s_4.a, s_4.b, s_4.c, s_4.d, s_4.e
         ->  Sort  (cost=1531440.69..1556440.54 rows=9999939 width=20)
               Sort Key: s_4.a, s_4.b, s_4.c, s_4.d
               ->  Seq Scan on s_4  (cost=0.00..163694.39 rows=9999939 width=20)
(6 rows)

===== 209 [Wed Mar  7 05:32:04 CET 2018] scale:10000000 groups:100 work_mem:128MB incremental:on max_workers:2 =====
SELECT * FROM (SELECT * FROM s_1 ORDER BY a) foo ORDER BY a, b
                                    QUERY PLAN                                    
----------------------------------------------------------------------------------
 Limit  (cost=2761232.85..2761232.85 rows=1 width=20)
   ->  Incremental Sort  (cost=1540912.71..2661232.31 rows=10000054 width=20)
         Sort Key: s_1.a, s_1.b
         Presorted Key: s_1.a
         ->  Sort  (cost=1531459.54..1556459.68 rows=10000054 width=20)
               Sort Key: s_1.a
               ->  Seq Scan on s_1  (cost=0.00..163695.54 rows=10000054 width=20)
(7 rows)

===== 210 [Wed Mar  7 05:32:35 CET 2018] scale:10000000 groups:100 work_mem:128MB incremental:on max_workers:2 =====
SELECT * FROM (SELECT * FROM s_2 ORDER BY a, b) foo ORDER BY a, b, c
                                    QUERY PLAN                                    
----------------------------------------------------------------------------------
 Limit  (cost=2428522.48..2428522.48 rows=1 width=20)
   ->  Incremental Sort  (cost=1531520.50..2328521.94 rows=10000054 width=20)
         Sort Key: s_2.a, s_2.b, s_2.c
         Presorted Key: s_2.a, s_2.b
         ->  Sort  (cost=1531459.54..1556459.68 rows=10000054 width=20)
               Sort Key: s_2.a, s_2.b
               ->  Seq Scan on s_2  (cost=0.00..163695.54 rows=10000054 width=20)
(7 rows)

===== 211 [Wed Mar  7 05:33:07 CET 2018] scale:10000000 groups:100 work_mem:128MB incremental:on max_workers:2 =====
SELECT * FROM (SELECT * FROM s_3 ORDER BY a, b, c) foo ORDER BY a, b, c, d
                                    QUERY PLAN                                    
----------------------------------------------------------------------------------
 Limit  (cost=2117559.13..2117559.13 rows=1 width=20)
   ->  Incremental Sort  (cost=1531459.83..2017558.59 rows=10000054 width=20)
         Sort Key: s_3.a, s_3.b, s_3.c, s_3.d
         Presorted Key: s_3.a, s_3.b, s_3.c
         ->  Sort  (cost=1531459.54..1556459.68 rows=10000054 width=20)
               Sort Key: s_3.a, s_3.b, s_3.c
               ->  Seq Scan on s_3  (cost=0.00..163695.54 rows=10000054 width=20)
(7 rows)

===== 212 [Wed Mar  7 05:33:36 CET 2018] scale:10000000 groups:100 work_mem:128MB incremental:on max_workers:2 =====
SELECT * FROM (SELECT * FROM s_4 ORDER BY a, b, c, d) foo ORDER BY a, b, c, d, e
                                   QUERY PLAN                                    
---------------------------------------------------------------------------------
 Limit  (cost=2117533.52..2117533.52 rows=1 width=20)
   ->  Incremental Sort  (cost=1531440.98..2017534.13 rows=9999939 width=20)
         Sort Key: s_4.a, s_4.b, s_4.c, s_4.d, s_4.e
         Presorted Key: s_4.a, s_4.b, s_4.c, s_4.d
         ->  Sort  (cost=1531440.69..1556440.54 rows=9999939 width=20)
               Sort Key: s_4.a, s_4.b, s_4.c, s_4.d
               ->  Seq Scan on s_4  (cost=0.00..163694.39 rows=9999939 width=20)
(7 rows)

===== 213 [Wed Mar  7 05:34:01 CET 2018] scale:10000000 groups:100 work_mem:128MB incremental:off max_workers:2 =====
SELECT * FROM (SELECT * FROM s_1 ORDER BY a) foo ORDER BY a, b
                                    QUERY PLAN                                    
----------------------------------------------------------------------------------
 Limit  (cost=3149224.89..3149224.89 rows=1 width=20)
   ->  Sort  (cost=3024224.22..3049224.35 rows=10000054 width=20)
         Sort Key: s_1.a, s_1.b
         ->  Sort  (cost=1531459.54..1556459.68 rows=10000054 width=20)
               Sort Key: s_1.a
               ->  Seq Scan on s_1  (cost=0.00..163695.54 rows=10000054 width=20)
(6 rows)

===== 214 [Wed Mar  7 05:34:41 CET 2018] scale:10000000 groups:100 work_mem:128MB incremental:off max_workers:2 =====
SELECT * FROM (SELECT * FROM s_2 ORDER BY a, b) foo ORDER BY a, b, c
                                    QUERY PLAN                                    
----------------------------------------------------------------------------------
 Limit  (cost=3149224.89..3149224.89 rows=1 width=20)
   ->  Sort  (cost=3024224.22..3049224.35 rows=10000054 width=20)
         Sort Key: s_2.a, s_2.b, s_2.c
         ->  Sort  (cost=1531459.54..1556459.68 rows=10000054 width=20)
               Sort Key: s_2.a, s_2.b
               ->  Seq Scan on s_2  (cost=0.00..163695.54 rows=10000054 width=20)
(6 rows)

===== 215 [Wed Mar  7 05:35:26 CET 2018] scale:10000000 groups:100 work_mem:128MB incremental:off max_workers:2 =====
SELECT * FROM (SELECT * FROM s_3 ORDER BY a, b, c) foo ORDER BY a, b, c, d
                                    QUERY PLAN                                    
----------------------------------------------------------------------------------
 Limit  (cost=3149224.89..3149224.89 rows=1 width=20)
   ->  Sort  (cost=3024224.22..3049224.35 rows=10000054 width=20)
         Sort Key: s_3.a, s_3.b, s_3.c, s_3.d
         ->  Sort  (cost=1531459.54..1556459.68 rows=10000054 width=20)
               Sort Key: s_3.a, s_3.b, s_3.c
               ->  Seq Scan on s_3  (cost=0.00..163695.54 rows=10000054 width=20)
(6 rows)

===== 216 [Wed Mar  7 05:36:16 CET 2018] scale:10000000 groups:100 work_mem:128MB incremental:off max_workers:2 =====
SELECT * FROM (SELECT * FROM s_4 ORDER BY a, b, c, d) foo ORDER BY a, b, c, d, e
                                   QUERY PLAN                                    
---------------------------------------------------------------------------------
 Limit  (cost=3149185.47..3149185.47 rows=1 width=20)
   ->  Sort  (cost=3024186.23..3049186.08 rows=9999939 width=20)
         Sort Key: s_4.a, s_4.b, s_4.c, s_4.d, s_4.e
         ->  Sort  (cost=1531440.69..1556440.54 rows=9999939 width=20)
               Sort Key: s_4.a, s_4.b, s_4.c, s_4.d
               ->  Seq Scan on s_4  (cost=0.00..163694.39 rows=9999939 width=20)
(6 rows)

===== 217 [Wed Mar  7 05:37:03 CET 2018] scale:10000000 groups:100 work_mem:256MB incremental:on max_workers:2 =====
SELECT * FROM (SELECT * FROM s_1 ORDER BY a) foo ORDER BY a, b
                                    QUERY PLAN                                    
----------------------------------------------------------------------------------
 Limit  (cost=2549477.79..2549477.79 rows=1 width=20)
   ->  Incremental Sort  (cost=1539269.92..2466144.01 rows=8333378 width=20)
         Sort Key: s_1.a, s_1.b
         Presorted Key: s_1.a
         ->  Sort  (cost=1531459.54..1556459.68 rows=10000054 width=20)
               Sort Key: s_1.a
               ->  Seq Scan on s_1  (cost=0.00..163695.54 rows=10000054 width=20)
(7 rows)

===== 218 [Wed Mar  7 05:37:35 CET 2018] scale:10000000 groups:100 work_mem:256MB incremental:on max_workers:2 =====
SELECT * FROM (SELECT * FROM s_2 ORDER BY a, b) foo ORDER BY a, b, c
                                    QUERY PLAN                                    
----------------------------------------------------------------------------------
 Limit  (cost=2272252.82..2272252.82 rows=1 width=20)
   ->  Incremental Sort  (cost=1531509.68..2188919.04 rows=8333378 width=20)
         Sort Key: s_2.a, s_2.b, s_2.c
         Presorted Key: s_2.a, s_2.b
         ->  Sort  (cost=1531459.54..1556459.68 rows=10000054 width=20)
               Sort Key: s_2.a, s_2.b
               ->  Seq Scan on s_2  (cost=0.00..163695.54 rows=10000054 width=20)
(7 rows)

===== 219 [Wed Mar  7 05:38:07 CET 2018] scale:10000000 groups:100 work_mem:256MB incremental:on max_workers:2 =====
SELECT * FROM (SELECT * FROM s_3 ORDER BY a, b, c) foo ORDER BY a, b, c, d
                                    QUERY PLAN                                    
----------------------------------------------------------------------------------
 Limit  (cost=2024042.51..2024042.51 rows=1 width=20)
   ->  Incremental Sort  (cost=1531459.84..1940708.73 rows=8333378 width=20)
         Sort Key: s_3.a, s_3.b, s_3.c, s_3.d
         Presorted Key: s_3.a, s_3.b, s_3.c
         ->  Sort  (cost=1531459.54..1556459.68 rows=10000054 width=20)
               Sort Key: s_3.a, s_3.b, s_3.c
               ->  Seq Scan on s_3  (cost=0.00..163695.54 rows=10000054 width=20)
(7 rows)

===== 220 [Wed Mar  7 05:38:36 CET 2018] scale:10000000 groups:100 work_mem:256MB incremental:on max_workers:2 =====
SELECT * FROM (SELECT * FROM s_4 ORDER BY a, b, c, d) foo ORDER BY a, b, c, d, e
                                   QUERY PLAN                                    
---------------------------------------------------------------------------------
 Limit  (cost=2024018.01..2024018.01 rows=1 width=20)
   ->  Incremental Sort  (cost=1531440.99..1940685.19 rows=8333282 width=20)
         Sort Key: s_4.a, s_4.b, s_4.c, s_4.d, s_4.e
         Presorted Key: s_4.a, s_4.b, s_4.c, s_4.d
         ->  Sort  (cost=1531440.69..1556440.54 rows=9999939 width=20)
               Sort Key: s_4.a, s_4.b, s_4.c, s_4.d
               ->  Seq Scan on s_4  (cost=0.00..163694.39 rows=9999939 width=20)
(7 rows)

===== 221 [Wed Mar  7 05:39:01 CET 2018] scale:10000000 groups:100 work_mem:256MB incremental:off max_workers:2 =====
SELECT * FROM (SELECT * FROM s_1 ORDER BY a) foo ORDER BY a, b
                                           QUERY PLAN                                           
------------------------------------------------------------------------------------------------
 Limit  (cost=2853138.37..2853138.37 rows=1 width=20)
   ->  Sort  (cost=2748971.14..2769804.59 rows=8333378 width=20)
         Sort Key: s_1.a, s_1.b
         ->  Gather Merge  (cost=564499.16..1536794.48 rows=8333378 width=20)
               Workers Planned: 2
               ->  Sort  (cost=563499.14..573915.86 rows=4166689 width=20)
                     Sort Key: s_1.a
                     ->  Parallel Seq Scan on s_1  (cost=0.00..105361.89 rows=4166689 width=20)
(8 rows)

===== 222 [Wed Mar  7 05:39:40 CET 2018] scale:10000000 groups:100 work_mem:256MB incremental:off max_workers:2 =====
SELECT * FROM (SELECT * FROM s_2 ORDER BY a, b) foo ORDER BY a, b, c
                                           QUERY PLAN                                           
------------------------------------------------------------------------------------------------
 Limit  (cost=2853138.37..2853138.37 rows=1 width=20)
   ->  Sort  (cost=2748971.14..2769804.59 rows=8333378 width=20)
         Sort Key: s_2.a, s_2.b, s_2.c
         ->  Gather Merge  (cost=564499.16..1536794.48 rows=8333378 width=20)
               Workers Planned: 2
               ->  Sort  (cost=563499.14..573915.86 rows=4166689 width=20)
                     Sort Key: s_2.a, s_2.b
                     ->  Parallel Seq Scan on s_2  (cost=0.00..105361.89 rows=4166689 width=20)
(8 rows)

===== 223 [Wed Mar  7 05:40:26 CET 2018] scale:10000000 groups:100 work_mem:256MB incremental:off max_workers:2 =====
SELECT * FROM (SELECT * FROM s_3 ORDER BY a, b, c) foo ORDER BY a, b, c, d
                                           QUERY PLAN                                           
------------------------------------------------------------------------------------------------
 Limit  (cost=2853138.37..2853138.37 rows=1 width=20)
   ->  Sort  (cost=2748971.14..2769804.59 rows=8333378 width=20)
         Sort Key: s_3.a, s_3.b, s_3.c, s_3.d
         ->  Gather Merge  (cost=564499.16..1536794.48 rows=8333378 width=20)
               Workers Planned: 2
               ->  Sort  (cost=563499.14..573915.86 rows=4166689 width=20)
                     Sort Key: s_3.a, s_3.b, s_3.c
                     ->  Parallel Seq Scan on s_3  (cost=0.00..105361.89 rows=4166689 width=20)
(8 rows)

===== 224 [Wed Mar  7 05:41:18 CET 2018] scale:10000000 groups:100 work_mem:256MB incremental:off max_workers:2 =====
SELECT * FROM (SELECT * FROM s_4 ORDER BY a, b, c, d) foo ORDER BY a, b, c, d, e
                                           QUERY PLAN                                           
------------------------------------------------------------------------------------------------
 Limit  (cost=2853103.68..2853103.68 rows=1 width=20)
   ->  Sort  (cost=2748937.65..2769770.86 rows=8333282 width=20)
         Sort Key: s_4.a, s_4.b, s_4.c, s_4.d, s_4.e
         ->  Gather Merge  (cost=564493.06..1536777.17 rows=8333282 width=20)
               Workers Planned: 2
               ->  Sort  (cost=563493.04..573909.64 rows=4166641 width=20)
                     Sort Key: s_4.a, s_4.b, s_4.c, s_4.d
                     ->  Parallel Seq Scan on s_4  (cost=0.00..105361.41 rows=4166641 width=20)
(8 rows)

===== 225 [Wed Mar  7 05:43:10 CET 2018] scale:10000000 groups:1000 work_mem:4MB incremental:on max_workers:0 =====
SELECT * FROM (SELECT * FROM s_1 ORDER BY a) foo ORDER BY a, b
                                   QUERY PLAN                                    
---------------------------------------------------------------------------------
 Limit  (cost=2800846.30..2800846.30 rows=1 width=20)
   ->  Incremental Sort  (cost=1737308.21..2700846.91 rows=9999939 width=20)
         Sort Key: s_1.a, s_1.b
         Presorted Key: s_1.a
         ->  Sort  (cost=1736519.69..1761519.54 rows=9999939 width=20)
               Sort Key: s_1.a
               ->  Seq Scan on s_1  (cost=0.00..163694.39 rows=9999939 width=20)
(7 rows)

===== 226 [Wed Mar  7 05:43:50 CET 2018] scale:10000000 groups:1000 work_mem:4MB incremental:on max_workers:0 =====
SELECT * FROM (SELECT * FROM s_2 ORDER BY a, b) foo ORDER BY a, b, c
                                   QUERY PLAN                                    
---------------------------------------------------------------------------------
 Limit  (cost=2322612.52..2322612.52 rows=1 width=20)
   ->  Incremental Sort  (cost=1736519.98..2222613.13 rows=9999939 width=20)
         Sort Key: s_2.a, s_2.b, s_2.c
         Presorted Key: s_2.a, s_2.b
         ->  Sort  (cost=1736519.69..1761519.54 rows=9999939 width=20)
               Sort Key: s_2.a, s_2.b
               ->  Seq Scan on s_2  (cost=0.00..163694.39 rows=9999939 width=20)
(7 rows)

===== 227 [Wed Mar  7 05:44:26 CET 2018] scale:10000000 groups:1000 work_mem:4MB incremental:on max_workers:0 =====
SELECT * FROM (SELECT * FROM s_3 ORDER BY a, b, c) foo ORDER BY a, b, c, d
                                   QUERY PLAN                                    
---------------------------------------------------------------------------------
 Limit  (cost=2322612.52..2322612.52 rows=1 width=20)
   ->  Incremental Sort  (cost=1736519.98..2222613.13 rows=9999939 width=20)
         Sort Key: s_3.a, s_3.b, s_3.c, s_3.d
         Presorted Key: s_3.a, s_3.b, s_3.c
         ->  Sort  (cost=1736519.69..1761519.54 rows=9999939 width=20)
               Sort Key: s_3.a, s_3.b, s_3.c
               ->  Seq Scan on s_3  (cost=0.00..163694.39 rows=9999939 width=20)
(7 rows)

===== 228 [Wed Mar  7 05:44:56 CET 2018] scale:10000000 groups:1000 work_mem:4MB incremental:on max_workers:0 =====
SELECT * FROM (SELECT * FROM s_4 ORDER BY a, b, c, d) foo ORDER BY a, b, c, d, e
                                    QUERY PLAN                                    
----------------------------------------------------------------------------------
 Limit  (cost=2322641.63..2322641.63 rows=1 width=20)
   ->  Incremental Sort  (cost=1736542.33..2222641.09 rows=10000054 width=20)
         Sort Key: s_4.a, s_4.b, s_4.c, s_4.d, s_4.e
         Presorted Key: s_4.a, s_4.b, s_4.c, s_4.d
         ->  Sort  (cost=1736542.04..1761542.18 rows=10000054 width=20)
               Sort Key: s_4.a, s_4.b, s_4.c, s_4.d
               ->  Seq Scan on s_4  (cost=0.00..163695.54 rows=10000054 width=20)
(7 rows)

===== 229 [Wed Mar  7 05:45:25 CET 2018] scale:10000000 groups:1000 work_mem:4MB incremental:off max_workers:0 =====
SELECT * FROM (SELECT * FROM s_1 ORDER BY a) foo ORDER BY a, b
                                   QUERY PLAN                                    
---------------------------------------------------------------------------------
 Limit  (cost=3559343.47..3559343.47 rows=1 width=20)
   ->  Sort  (cost=3434344.23..3459344.08 rows=9999939 width=20)
         Sort Key: s_1.a, s_1.b
         ->  Sort  (cost=1736519.69..1761519.54 rows=9999939 width=20)
               Sort Key: s_1.a
               ->  Seq Scan on s_1  (cost=0.00..163694.39 rows=9999939 width=20)
(6 rows)

===== 230 [Wed Mar  7 05:46:21 CET 2018] scale:10000000 groups:1000 work_mem:4MB incremental:off max_workers:0 =====
SELECT * FROM (SELECT * FROM s_2 ORDER BY a, b) foo ORDER BY a, b, c
                                   QUERY PLAN                                    
---------------------------------------------------------------------------------
 Limit  (cost=3559343.47..3559343.47 rows=1 width=20)
   ->  Sort  (cost=3434344.23..3459344.08 rows=9999939 width=20)
         Sort Key: s_2.a, s_2.b, s_2.c
         ->  Sort  (cost=1736519.69..1761519.54 rows=9999939 width=20)
               Sort Key: s_2.a, s_2.b
               ->  Seq Scan on s_2  (cost=0.00..163694.39 rows=9999939 width=20)
(6 rows)

===== 231 [Wed Mar  7 05:47:20 CET 2018] scale:10000000 groups:1000 work_mem:4MB incremental:off max_workers:0 =====
SELECT * FROM (SELECT * FROM s_3 ORDER BY a, b, c) foo ORDER BY a, b, c, d
                                   QUERY PLAN                                    
---------------------------------------------------------------------------------
 Limit  (cost=3559343.47..3559343.47 rows=1 width=20)
   ->  Sort  (cost=3434344.23..3459344.08 rows=9999939 width=20)
         Sort Key: s_3.a, s_3.b, s_3.c, s_3.d
         ->  Sort  (cost=1736519.69..1761519.54 rows=9999939 width=20)
               Sort Key: s_3.a, s_3.b, s_3.c
               ->  Seq Scan on s_3  (cost=0.00..163694.39 rows=9999939 width=20)
(6 rows)

===== 232 [Wed Mar  7 05:48:12 CET 2018] scale:10000000 groups:1000 work_mem:4MB incremental:off max_workers:0 =====
SELECT * FROM (SELECT * FROM s_4 ORDER BY a, b, c, d) foo ORDER BY a, b, c, d, e
                                    QUERY PLAN                                    
----------------------------------------------------------------------------------
 Limit  (cost=3559389.89..3559389.89 rows=1 width=20)
   ->  Sort  (cost=3434389.22..3459389.35 rows=10000054 width=20)
         Sort Key: s_4.a, s_4.b, s_4.c, s_4.d, s_4.e
         ->  Sort  (cost=1736542.04..1761542.18 rows=10000054 width=20)
               Sort Key: s_4.a, s_4.b, s_4.c, s_4.d
               ->  Seq Scan on s_4  (cost=0.00..163695.54 rows=10000054 width=20)
(6 rows)

===== 233 [Wed Mar  7 05:48:57 CET 2018] scale:10000000 groups:1000 work_mem:8MB incremental:on max_workers:0 =====
SELECT * FROM (SELECT * FROM s_1 ORDER BY a) foo ORDER BY a, b
                                   QUERY PLAN                                    
---------------------------------------------------------------------------------
 Limit  (cost=2800846.30..2800846.30 rows=1 width=20)
   ->  Incremental Sort  (cost=1737308.21..2700846.91 rows=9999939 width=20)
         Sort Key: s_1.a, s_1.b
         Presorted Key: s_1.a
         ->  Sort  (cost=1736519.69..1761519.54 rows=9999939 width=20)
               Sort Key: s_1.a
               ->  Seq Scan on s_1  (cost=0.00..163694.39 rows=9999939 width=20)
(7 rows)

===== 234 [Wed Mar  7 05:49:33 CET 2018] scale:10000000 groups:1000 work_mem:8MB incremental:on max_workers:0 =====
SELECT * FROM (SELECT * FROM s_2 ORDER BY a, b) foo ORDER BY a, b, c
                                   QUERY PLAN                                    
---------------------------------------------------------------------------------
 Limit  (cost=2322612.52..2322612.52 rows=1 width=20)
   ->  Incremental Sort  (cost=1736519.98..2222613.13 rows=9999939 width=20)
         Sort Key: s_2.a, s_2.b, s_2.c
         Presorted Key: s_2.a, s_2.b
         ->  Sort  (cost=1736519.69..1761519.54 rows=9999939 width=20)
               Sort Key: s_2.a, s_2.b
               ->  Seq Scan on s_2  (cost=0.00..163694.39 rows=9999939 width=20)
(7 rows)

===== 235 [Wed Mar  7 05:50:04 CET 2018] scale:10000000 groups:1000 work_mem:8MB incremental:on max_workers:0 =====
SELECT * FROM (SELECT * FROM s_3 ORDER BY a, b, c) foo ORDER BY a, b, c, d
                                   QUERY PLAN                                    
---------------------------------------------------------------------------------
 Limit  (cost=2322612.52..2322612.52 rows=1 width=20)
   ->  Incremental Sort  (cost=1736519.98..2222613.13 rows=9999939 width=20)
         Sort Key: s_3.a, s_3.b, s_3.c, s_3.d
         Presorted Key: s_3.a, s_3.b, s_3.c
         ->  Sort  (cost=1736519.69..1761519.54 rows=9999939 width=20)
               Sort Key: s_3.a, s_3.b, s_3.c
               ->  Seq Scan on s_3  (cost=0.00..163694.39 rows=9999939 width=20)
(7 rows)

===== 236 [Wed Mar  7 05:50:30 CET 2018] scale:10000000 groups:1000 work_mem:8MB incremental:on max_workers:0 =====
SELECT * FROM (SELECT * FROM s_4 ORDER BY a, b, c, d) foo ORDER BY a, b, c, d, e
                                    QUERY PLAN                                    
----------------------------------------------------------------------------------
 Limit  (cost=2322641.63..2322641.63 rows=1 width=20)
   ->  Incremental Sort  (cost=1736542.33..2222641.09 rows=10000054 width=20)
         Sort Key: s_4.a, s_4.b, s_4.c, s_4.d, s_4.e
         Presorted Key: s_4.a, s_4.b, s_4.c, s_4.d
         ->  Sort  (cost=1736542.04..1761542.18 rows=10000054 width=20)
               Sort Key: s_4.a, s_4.b, s_4.c, s_4.d
               ->  Seq Scan on s_4  (cost=0.00..163695.54 rows=10000054 width=20)
(7 rows)

===== 237 [Wed Mar  7 05:50:55 CET 2018] scale:10000000 groups:1000 work_mem:8MB incremental:off max_workers:0 =====
SELECT * FROM (SELECT * FROM s_1 ORDER BY a) foo ORDER BY a, b
                                   QUERY PLAN                                    
---------------------------------------------------------------------------------
 Limit  (cost=3559343.47..3559343.47 rows=1 width=20)
   ->  Sort  (cost=3434344.23..3459344.08 rows=9999939 width=20)
         Sort Key: s_1.a, s_1.b
         ->  Sort  (cost=1736519.69..1761519.54 rows=9999939 width=20)
               Sort Key: s_1.a
               ->  Seq Scan on s_1  (cost=0.00..163694.39 rows=9999939 width=20)
(6 rows)

===== 238 [Wed Mar  7 05:51:44 CET 2018] scale:10000000 groups:1000 work_mem:8MB incremental:off max_workers:0 =====
SELECT * FROM (SELECT * FROM s_2 ORDER BY a, b) foo ORDER BY a, b, c
                                   QUERY PLAN                                    
---------------------------------------------------------------------------------
 Limit  (cost=3559343.47..3559343.47 rows=1 width=20)
   ->  Sort  (cost=3434344.23..3459344.08 rows=9999939 width=20)
         Sort Key: s_2.a, s_2.b, s_2.c
         ->  Sort  (cost=1736519.69..1761519.54 rows=9999939 width=20)
               Sort Key: s_2.a, s_2.b
               ->  Seq Scan on s_2  (cost=0.00..163694.39 rows=9999939 width=20)
(6 rows)

===== 239 [Wed Mar  7 05:52:34 CET 2018] scale:10000000 groups:1000 work_mem:8MB incremental:off max_workers:0 =====
SELECT * FROM (SELECT * FROM s_3 ORDER BY a, b, c) foo ORDER BY a, b, c, d
                                   QUERY PLAN                                    
---------------------------------------------------------------------------------
 Limit  (cost=3559343.47..3559343.47 rows=1 width=20)
   ->  Sort  (cost=3434344.23..3459344.08 rows=9999939 width=20)
         Sort Key: s_3.a, s_3.b, s_3.c, s_3.d
         ->  Sort  (cost=1736519.69..1761519.54 rows=9999939 width=20)
               Sort Key: s_3.a, s_3.b, s_3.c
               ->  Seq Scan on s_3  (cost=0.00..163694.39 rows=9999939 width=20)
(6 rows)

===== 240 [Wed Mar  7 05:53:19 CET 2018] scale:10000000 groups:1000 work_mem:8MB incremental:off max_workers:0 =====
SELECT * FROM (SELECT * FROM s_4 ORDER BY a, b, c, d) foo ORDER BY a, b, c, d, e
                                    QUERY PLAN                                    
----------------------------------------------------------------------------------
 Limit  (cost=3559389.89..3559389.89 rows=1 width=20)
   ->  Sort  (cost=3434389.22..3459389.35 rows=10000054 width=20)
         Sort Key: s_4.a, s_4.b, s_4.c, s_4.d, s_4.e
         ->  Sort  (cost=1736542.04..1761542.18 rows=10000054 width=20)
               Sort Key: s_4.a, s_4.b, s_4.c, s_4.d
               ->  Seq Scan on s_4  (cost=0.00..163695.54 rows=10000054 width=20)
(6 rows)

===== 241 [Wed Mar  7 05:53:55 CET 2018] scale:10000000 groups:1000 work_mem:16MB incremental:on max_workers:0 =====
SELECT * FROM (SELECT * FROM s_1 ORDER BY a) foo ORDER BY a, b
                                   QUERY PLAN                                    
---------------------------------------------------------------------------------
 Limit  (cost=2595767.30..2595767.30 rows=1 width=20)
   ->  Incremental Sort  (cost=1532229.21..2495767.91 rows=9999939 width=20)
         Sort Key: s_1.a, s_1.b
         Presorted Key: s_1.a
         ->  Sort  (cost=1531440.69..1556440.54 rows=9999939 width=20)
               Sort Key: s_1.a
               ->  Seq Scan on s_1  (cost=0.00..163694.39 rows=9999939 width=20)
(7 rows)

===== 242 [Wed Mar  7 05:54:26 CET 2018] scale:10000000 groups:1000 work_mem:16MB incremental:on max_workers:0 =====
SELECT * FROM (SELECT * FROM s_2 ORDER BY a, b) foo ORDER BY a, b, c
                                   QUERY PLAN                                    
---------------------------------------------------------------------------------
 Limit  (cost=2117533.52..2117533.52 rows=1 width=20)
   ->  Incremental Sort  (cost=1531440.98..2017534.13 rows=9999939 width=20)
         Sort Key: s_2.a, s_2.b, s_2.c
         Presorted Key: s_2.a, s_2.b
         ->  Sort  (cost=1531440.69..1556440.54 rows=9999939 width=20)
               Sort Key: s_2.a, s_2.b
               ->  Seq Scan on s_2  (cost=0.00..163694.39 rows=9999939 width=20)
(7 rows)

===== 243 [Wed Mar  7 05:54:53 CET 2018] scale:10000000 groups:1000 work_mem:16MB incremental:on max_workers:0 =====
SELECT * FROM (SELECT * FROM s_3 ORDER BY a, b, c) foo ORDER BY a, b, c, d
                                   QUERY PLAN                                    
---------------------------------------------------------------------------------
 Limit  (cost=2117533.52..2117533.52 rows=1 width=20)
   ->  Incremental Sort  (cost=1531440.98..2017534.13 rows=9999939 width=20)
         Sort Key: s_3.a, s_3.b, s_3.c, s_3.d
         Presorted Key: s_3.a, s_3.b, s_3.c
         ->  Sort  (cost=1531440.69..1556440.54 rows=9999939 width=20)
               Sort Key: s_3.a, s_3.b, s_3.c
               ->  Seq Scan on s_3  (cost=0.00..163694.39 rows=9999939 width=20)
(7 rows)

===== 244 [Wed Mar  7 05:55:14 CET 2018] scale:10000000 groups:1000 work_mem:16MB incremental:on max_workers:0 =====
SELECT * FROM (SELECT * FROM s_4 ORDER BY a, b, c, d) foo ORDER BY a, b, c, d, e
                                    QUERY PLAN                                    
----------------------------------------------------------------------------------
 Limit  (cost=2117559.13..2117559.13 rows=1 width=20)
   ->  Incremental Sort  (cost=1531459.83..2017558.59 rows=10000054 width=20)
         Sort Key: s_4.a, s_4.b, s_4.c, s_4.d, s_4.e
         Presorted Key: s_4.a, s_4.b, s_4.c, s_4.d
         ->  Sort  (cost=1531459.54..1556459.68 rows=10000054 width=20)
               Sort Key: s_4.a, s_4.b, s_4.c, s_4.d
               ->  Seq Scan on s_4  (cost=0.00..163695.54 rows=10000054 width=20)
(7 rows)

===== 245 [Wed Mar  7 05:55:34 CET 2018] scale:10000000 groups:1000 work_mem:16MB incremental:off max_workers:0 =====
SELECT * FROM (SELECT * FROM s_1 ORDER BY a) foo ORDER BY a, b
                                   QUERY PLAN                                    
---------------------------------------------------------------------------------
 Limit  (cost=3149185.47..3149185.47 rows=1 width=20)
   ->  Sort  (cost=3024186.23..3049186.08 rows=9999939 width=20)
         Sort Key: s_1.a, s_1.b
         ->  Sort  (cost=1531440.69..1556440.54 rows=9999939 width=20)
               Sort Key: s_1.a
               ->  Seq Scan on s_1  (cost=0.00..163694.39 rows=9999939 width=20)
(6 rows)

===== 246 [Wed Mar  7 05:56:15 CET 2018] scale:10000000 groups:1000 work_mem:16MB incremental:off max_workers:0 =====
SELECT * FROM (SELECT * FROM s_2 ORDER BY a, b) foo ORDER BY a, b, c
                                   QUERY PLAN                                    
---------------------------------------------------------------------------------
 Limit  (cost=3149185.47..3149185.47 rows=1 width=20)
   ->  Sort  (cost=3024186.23..3049186.08 rows=9999939 width=20)
         Sort Key: s_2.a, s_2.b, s_2.c
         ->  Sort  (cost=1531440.69..1556440.54 rows=9999939 width=20)
               Sort Key: s_2.a, s_2.b
               ->  Seq Scan on s_2  (cost=0.00..163694.39 rows=9999939 width=20)
(6 rows)

===== 247 [Wed Mar  7 05:56:57 CET 2018] scale:10000000 groups:1000 work_mem:16MB incremental:off max_workers:0 =====
SELECT * FROM (SELECT * FROM s_3 ORDER BY a, b, c) foo ORDER BY a, b, c, d
                                   QUERY PLAN                                    
---------------------------------------------------------------------------------
 Limit  (cost=3149185.47..3149185.47 rows=1 width=20)
   ->  Sort  (cost=3024186.23..3049186.08 rows=9999939 width=20)
         Sort Key: s_3.a, s_3.b, s_3.c, s_3.d
         ->  Sort  (cost=1531440.69..1556440.54 rows=9999939 width=20)
               Sort Key: s_3.a, s_3.b, s_3.c
               ->  Seq Scan on s_3  (cost=0.00..163694.39 rows=9999939 width=20)
(6 rows)

===== 248 [Wed Mar  7 05:57:33 CET 2018] scale:10000000 groups:1000 work_mem:16MB incremental:off max_workers:0 =====
SELECT * FROM (SELECT * FROM s_4 ORDER BY a, b, c, d) foo ORDER BY a, b, c, d, e
                                    QUERY PLAN                                    
----------------------------------------------------------------------------------
 Limit  (cost=3149224.89..3149224.89 rows=1 width=20)
   ->  Sort  (cost=3024224.22..3049224.35 rows=10000054 width=20)
         Sort Key: s_4.a, s_4.b, s_4.c, s_4.d, s_4.e
         ->  Sort  (cost=1531459.54..1556459.68 rows=10000054 width=20)
               Sort Key: s_4.a, s_4.b, s_4.c, s_4.d
               ->  Seq Scan on s_4  (cost=0.00..163695.54 rows=10000054 width=20)
(6 rows)

===== 249 [Wed Mar  7 05:58:00 CET 2018] scale:10000000 groups:1000 work_mem:32MB incremental:on max_workers:0 =====
SELECT * FROM (SELECT * FROM s_1 ORDER BY a) foo ORDER BY a, b
                                   QUERY PLAN                                    
---------------------------------------------------------------------------------
 Limit  (cost=2595767.30..2595767.30 rows=1 width=20)
   ->  Incremental Sort  (cost=1532229.21..2495767.91 rows=9999939 width=20)
         Sort Key: s_1.a, s_1.b
         Presorted Key: s_1.a
         ->  Sort  (cost=1531440.69..1556440.54 rows=9999939 width=20)
               Sort Key: s_1.a
               ->  Seq Scan on s_1  (cost=0.00..163694.39 rows=9999939 width=20)
(7 rows)

===== 250 [Wed Mar  7 05:58:31 CET 2018] scale:10000000 groups:1000 work_mem:32MB incremental:on max_workers:0 =====
SELECT * FROM (SELECT * FROM s_2 ORDER BY a, b) foo ORDER BY a, b, c
                                   QUERY PLAN                                    
---------------------------------------------------------------------------------
 Limit  (cost=2117533.52..2117533.52 rows=1 width=20)
   ->  Incremental Sort  (cost=1531440.98..2017534.13 rows=9999939 width=20)
         Sort Key: s_2.a, s_2.b, s_2.c
         Presorted Key: s_2.a, s_2.b
         ->  Sort  (cost=1531440.69..1556440.54 rows=9999939 width=20)
               Sort Key: s_2.a, s_2.b
               ->  Seq Scan on s_2  (cost=0.00..163694.39 rows=9999939 width=20)
(7 rows)

===== 251 [Wed Mar  7 05:58:57 CET 2018] scale:10000000 groups:1000 work_mem:32MB incremental:on max_workers:0 =====
SELECT * FROM (SELECT * FROM s_3 ORDER BY a, b, c) foo ORDER BY a, b, c, d
                                   QUERY PLAN                                    
---------------------------------------------------------------------------------
 Limit  (cost=2117533.52..2117533.52 rows=1 width=20)
   ->  Incremental Sort  (cost=1531440.98..2017534.13 rows=9999939 width=20)
         Sort Key: s_3.a, s_3.b, s_3.c, s_3.d
         Presorted Key: s_3.a, s_3.b, s_3.c
         ->  Sort  (cost=1531440.69..1556440.54 rows=9999939 width=20)
               Sort Key: s_3.a, s_3.b, s_3.c
               ->  Seq Scan on s_3  (cost=0.00..163694.39 rows=9999939 width=20)
(7 rows)

===== 252 [Wed Mar  7 05:59:18 CET 2018] scale:10000000 groups:1000 work_mem:32MB incremental:on max_workers:0 =====
SELECT * FROM (SELECT * FROM s_4 ORDER BY a, b, c, d) foo ORDER BY a, b, c, d, e
                                    QUERY PLAN                                    
----------------------------------------------------------------------------------
 Limit  (cost=2117559.13..2117559.13 rows=1 width=20)
   ->  Incremental Sort  (cost=1531459.83..2017558.59 rows=10000054 width=20)
         Sort Key: s_4.a, s_4.b, s_4.c, s_4.d, s_4.e
         Presorted Key: s_4.a, s_4.b, s_4.c, s_4.d
         ->  Sort  (cost=1531459.54..1556459.68 rows=10000054 width=20)
               Sort Key: s_4.a, s_4.b, s_4.c, s_4.d
               ->  Seq Scan on s_4  (cost=0.00..163695.54 rows=10000054 width=20)
(7 rows)

===== 253 [Wed Mar  7 05:59:39 CET 2018] scale:10000000 groups:1000 work_mem:32MB incremental:off max_workers:0 =====
SELECT * FROM (SELECT * FROM s_1 ORDER BY a) foo ORDER BY a, b
                                   QUERY PLAN                                    
---------------------------------------------------------------------------------
 Limit  (cost=3149185.47..3149185.47 rows=1 width=20)
   ->  Sort  (cost=3024186.23..3049186.08 rows=9999939 width=20)
         Sort Key: s_1.a, s_1.b
         ->  Sort  (cost=1531440.69..1556440.54 rows=9999939 width=20)
               Sort Key: s_1.a
               ->  Seq Scan on s_1  (cost=0.00..163694.39 rows=9999939 width=20)
(6 rows)

===== 254 [Wed Mar  7 06:00:19 CET 2018] scale:10000000 groups:1000 work_mem:32MB incremental:off max_workers:0 =====
SELECT * FROM (SELECT * FROM s_2 ORDER BY a, b) foo ORDER BY a, b, c
                                   QUERY PLAN                                    
---------------------------------------------------------------------------------
 Limit  (cost=3149185.47..3149185.47 rows=1 width=20)
   ->  Sort  (cost=3024186.23..3049186.08 rows=9999939 width=20)
         Sort Key: s_2.a, s_2.b, s_2.c
         ->  Sort  (cost=1531440.69..1556440.54 rows=9999939 width=20)
               Sort Key: s_2.a, s_2.b
               ->  Seq Scan on s_2  (cost=0.00..163694.39 rows=9999939 width=20)
(6 rows)

===== 255 [Wed Mar  7 06:01:01 CET 2018] scale:10000000 groups:1000 work_mem:32MB incremental:off max_workers:0 =====
SELECT * FROM (SELECT * FROM s_3 ORDER BY a, b, c) foo ORDER BY a, b, c, d
                                   QUERY PLAN                                    
---------------------------------------------------------------------------------
 Limit  (cost=3149185.47..3149185.47 rows=1 width=20)
   ->  Sort  (cost=3024186.23..3049186.08 rows=9999939 width=20)
         Sort Key: s_3.a, s_3.b, s_3.c, s_3.d
         ->  Sort  (cost=1531440.69..1556440.54 rows=9999939 width=20)
               Sort Key: s_3.a, s_3.b, s_3.c
               ->  Seq Scan on s_3  (cost=0.00..163694.39 rows=9999939 width=20)
(6 rows)

===== 256 [Wed Mar  7 06:01:37 CET 2018] scale:10000000 groups:1000 work_mem:32MB incremental:off max_workers:0 =====
SELECT * FROM (SELECT * FROM s_4 ORDER BY a, b, c, d) foo ORDER BY a, b, c, d, e
                                    QUERY PLAN                                    
----------------------------------------------------------------------------------
 Limit  (cost=3149224.89..3149224.89 rows=1 width=20)
   ->  Sort  (cost=3024224.22..3049224.35 rows=10000054 width=20)
         Sort Key: s_4.a, s_4.b, s_4.c, s_4.d, s_4.e
         ->  Sort  (cost=1531459.54..1556459.68 rows=10000054 width=20)
               Sort Key: s_4.a, s_4.b, s_4.c, s_4.d
               ->  Seq Scan on s_4  (cost=0.00..163695.54 rows=10000054 width=20)
(6 rows)

===== 257 [Wed Mar  7 06:02:04 CET 2018] scale:10000000 groups:1000 work_mem:64MB incremental:on max_workers:0 =====
SELECT * FROM (SELECT * FROM s_1 ORDER BY a) foo ORDER BY a, b
                                   QUERY PLAN                                    
---------------------------------------------------------------------------------
 Limit  (cost=2595767.30..2595767.30 rows=1 width=20)
   ->  Incremental Sort  (cost=1532229.21..2495767.91 rows=9999939 width=20)
         Sort Key: s_1.a, s_1.b
         Presorted Key: s_1.a
         ->  Sort  (cost=1531440.69..1556440.54 rows=9999939 width=20)
               Sort Key: s_1.a
               ->  Seq Scan on s_1  (cost=0.00..163694.39 rows=9999939 width=20)
(7 rows)

===== 258 [Wed Mar  7 06:02:35 CET 2018] scale:10000000 groups:1000 work_mem:64MB incremental:on max_workers:0 =====
SELECT * FROM (SELECT * FROM s_2 ORDER BY a, b) foo ORDER BY a, b, c
                                   QUERY PLAN                                    
---------------------------------------------------------------------------------
 Limit  (cost=2117533.52..2117533.52 rows=1 width=20)
   ->  Incremental Sort  (cost=1531440.98..2017534.13 rows=9999939 width=20)
         Sort Key: s_2.a, s_2.b, s_2.c
         Presorted Key: s_2.a, s_2.b
         ->  Sort  (cost=1531440.69..1556440.54 rows=9999939 width=20)
               Sort Key: s_2.a, s_2.b
               ->  Seq Scan on s_2  (cost=0.00..163694.39 rows=9999939 width=20)
(7 rows)

===== 259 [Wed Mar  7 06:03:02 CET 2018] scale:10000000 groups:1000 work_mem:64MB incremental:on max_workers:0 =====
SELECT * FROM (SELECT * FROM s_3 ORDER BY a, b, c) foo ORDER BY a, b, c, d
                                   QUERY PLAN                                    
---------------------------------------------------------------------------------
 Limit  (cost=2117533.52..2117533.52 rows=1 width=20)
   ->  Incremental Sort  (cost=1531440.98..2017534.13 rows=9999939 width=20)
         Sort Key: s_3.a, s_3.b, s_3.c, s_3.d
         Presorted Key: s_3.a, s_3.b, s_3.c
         ->  Sort  (cost=1531440.69..1556440.54 rows=9999939 width=20)
               Sort Key: s_3.a, s_3.b, s_3.c
               ->  Seq Scan on s_3  (cost=0.00..163694.39 rows=9999939 width=20)
(7 rows)

===== 260 [Wed Mar  7 06:03:23 CET 2018] scale:10000000 groups:1000 work_mem:64MB incremental:on max_workers:0 =====
SELECT * FROM (SELECT * FROM s_4 ORDER BY a, b, c, d) foo ORDER BY a, b, c, d, e
                                    QUERY PLAN                                    
----------------------------------------------------------------------------------
 Limit  (cost=2117559.13..2117559.13 rows=1 width=20)
   ->  Incremental Sort  (cost=1531459.83..2017558.59 rows=10000054 width=20)
         Sort Key: s_4.a, s_4.b, s_4.c, s_4.d, s_4.e
         Presorted Key: s_4.a, s_4.b, s_4.c, s_4.d
         ->  Sort  (cost=1531459.54..1556459.68 rows=10000054 width=20)
               Sort Key: s_4.a, s_4.b, s_4.c, s_4.d
               ->  Seq Scan on s_4  (cost=0.00..163695.54 rows=10000054 width=20)
(7 rows)

===== 261 [Wed Mar  7 06:03:44 CET 2018] scale:10000000 groups:1000 work_mem:64MB incremental:off max_workers:0 =====
SELECT * FROM (SELECT * FROM s_1 ORDER BY a) foo ORDER BY a, b
                                   QUERY PLAN                                    
---------------------------------------------------------------------------------
 Limit  (cost=3149185.47..3149185.47 rows=1 width=20)
   ->  Sort  (cost=3024186.23..3049186.08 rows=9999939 width=20)
         Sort Key: s_1.a, s_1.b
         ->  Sort  (cost=1531440.69..1556440.54 rows=9999939 width=20)
               Sort Key: s_1.a
               ->  Seq Scan on s_1  (cost=0.00..163694.39 rows=9999939 width=20)
(6 rows)

===== 262 [Wed Mar  7 06:04:25 CET 2018] scale:10000000 groups:1000 work_mem:64MB incremental:off max_workers:0 =====
SELECT * FROM (SELECT * FROM s_2 ORDER BY a, b) foo ORDER BY a, b, c
                                   QUERY PLAN                                    
---------------------------------------------------------------------------------
 Limit  (cost=3149185.47..3149185.47 rows=1 width=20)
   ->  Sort  (cost=3024186.23..3049186.08 rows=9999939 width=20)
         Sort Key: s_2.a, s_2.b, s_2.c
         ->  Sort  (cost=1531440.69..1556440.54 rows=9999939 width=20)
               Sort Key: s_2.a, s_2.b
               ->  Seq Scan on s_2  (cost=0.00..163694.39 rows=9999939 width=20)
(6 rows)

===== 263 [Wed Mar  7 06:05:08 CET 2018] scale:10000000 groups:1000 work_mem:64MB incremental:off max_workers:0 =====
SELECT * FROM (SELECT * FROM s_3 ORDER BY a, b, c) foo ORDER BY a, b, c, d
                                   QUERY PLAN                                    
---------------------------------------------------------------------------------
 Limit  (cost=3149185.47..3149185.47 rows=1 width=20)
   ->  Sort  (cost=3024186.23..3049186.08 rows=9999939 width=20)
         Sort Key: s_3.a, s_3.b, s_3.c, s_3.d
         ->  Sort  (cost=1531440.69..1556440.54 rows=9999939 width=20)
               Sort Key: s_3.a, s_3.b, s_3.c
               ->  Seq Scan on s_3  (cost=0.00..163694.39 rows=9999939 width=20)
(6 rows)

===== 264 [Wed Mar  7 06:05:44 CET 2018] scale:10000000 groups:1000 work_mem:64MB incremental:off max_workers:0 =====
SELECT * FROM (SELECT * FROM s_4 ORDER BY a, b, c, d) foo ORDER BY a, b, c, d, e
                                    QUERY PLAN                                    
----------------------------------------------------------------------------------
 Limit  (cost=3149224.89..3149224.89 rows=1 width=20)
   ->  Sort  (cost=3024224.22..3049224.35 rows=10000054 width=20)
         Sort Key: s_4.a, s_4.b, s_4.c, s_4.d, s_4.e
         ->  Sort  (cost=1531459.54..1556459.68 rows=10000054 width=20)
               Sort Key: s_4.a, s_4.b, s_4.c, s_4.d
               ->  Seq Scan on s_4  (cost=0.00..163695.54 rows=10000054 width=20)
(6 rows)

===== 265 [Wed Mar  7 06:06:13 CET 2018] scale:10000000 groups:1000 work_mem:128MB incremental:on max_workers:0 =====
SELECT * FROM (SELECT * FROM s_1 ORDER BY a) foo ORDER BY a, b
                                   QUERY PLAN                                    
---------------------------------------------------------------------------------
 Limit  (cost=2595767.30..2595767.30 rows=1 width=20)
   ->  Incremental Sort  (cost=1532229.21..2495767.91 rows=9999939 width=20)
         Sort Key: s_1.a, s_1.b
         Presorted Key: s_1.a
         ->  Sort  (cost=1531440.69..1556440.54 rows=9999939 width=20)
               Sort Key: s_1.a
               ->  Seq Scan on s_1  (cost=0.00..163694.39 rows=9999939 width=20)
(7 rows)

===== 266 [Wed Mar  7 06:06:44 CET 2018] scale:10000000 groups:1000 work_mem:128MB incremental:on max_workers:0 =====
SELECT * FROM (SELECT * FROM s_2 ORDER BY a, b) foo ORDER BY a, b, c
                                   QUERY PLAN                                    
---------------------------------------------------------------------------------
 Limit  (cost=2117533.52..2117533.52 rows=1 width=20)
   ->  Incremental Sort  (cost=1531440.98..2017534.13 rows=9999939 width=20)
         Sort Key: s_2.a, s_2.b, s_2.c
         Presorted Key: s_2.a, s_2.b
         ->  Sort  (cost=1531440.69..1556440.54 rows=9999939 width=20)
               Sort Key: s_2.a, s_2.b
               ->  Seq Scan on s_2  (cost=0.00..163694.39 rows=9999939 width=20)
(7 rows)

===== 267 [Wed Mar  7 06:07:11 CET 2018] scale:10000000 groups:1000 work_mem:128MB incremental:on max_workers:0 =====
SELECT * FROM (SELECT * FROM s_3 ORDER BY a, b, c) foo ORDER BY a, b, c, d
                                   QUERY PLAN                                    
---------------------------------------------------------------------------------
 Limit  (cost=2117533.52..2117533.52 rows=1 width=20)
   ->  Incremental Sort  (cost=1531440.98..2017534.13 rows=9999939 width=20)
         Sort Key: s_3.a, s_3.b, s_3.c, s_3.d
         Presorted Key: s_3.a, s_3.b, s_3.c
         ->  Sort  (cost=1531440.69..1556440.54 rows=9999939 width=20)
               Sort Key: s_3.a, s_3.b, s_3.c
               ->  Seq Scan on s_3  (cost=0.00..163694.39 rows=9999939 width=20)
(7 rows)

===== 268 [Wed Mar  7 06:07:33 CET 2018] scale:10000000 groups:1000 work_mem:128MB incremental:on max_workers:0 =====
SELECT * FROM (SELECT * FROM s_4 ORDER BY a, b, c, d) foo ORDER BY a, b, c, d, e
                                    QUERY PLAN                                    
----------------------------------------------------------------------------------
 Limit  (cost=2117559.13..2117559.13 rows=1 width=20)
   ->  Incremental Sort  (cost=1531459.83..2017558.59 rows=10000054 width=20)
         Sort Key: s_4.a, s_4.b, s_4.c, s_4.d, s_4.e
         Presorted Key: s_4.a, s_4.b, s_4.c, s_4.d
         ->  Sort  (cost=1531459.54..1556459.68 rows=10000054 width=20)
               Sort Key: s_4.a, s_4.b, s_4.c, s_4.d
               ->  Seq Scan on s_4  (cost=0.00..163695.54 rows=10000054 width=20)
(7 rows)

===== 269 [Wed Mar  7 06:07:54 CET 2018] scale:10000000 groups:1000 work_mem:128MB incremental:off max_workers:0 =====
SELECT * FROM (SELECT * FROM s_1 ORDER BY a) foo ORDER BY a, b
                                   QUERY PLAN                                    
---------------------------------------------------------------------------------
 Limit  (cost=3149185.47..3149185.47 rows=1 width=20)
   ->  Sort  (cost=3024186.23..3049186.08 rows=9999939 width=20)
         Sort Key: s_1.a, s_1.b
         ->  Sort  (cost=1531440.69..1556440.54 rows=9999939 width=20)
               Sort Key: s_1.a
               ->  Seq Scan on s_1  (cost=0.00..163694.39 rows=9999939 width=20)
(6 rows)

===== 270 [Wed Mar  7 06:08:36 CET 2018] scale:10000000 groups:1000 work_mem:128MB incremental:off max_workers:0 =====
SELECT * FROM (SELECT * FROM s_2 ORDER BY a, b) foo ORDER BY a, b, c
                                   QUERY PLAN                                    
---------------------------------------------------------------------------------
 Limit  (cost=3149185.47..3149185.47 rows=1 width=20)
   ->  Sort  (cost=3024186.23..3049186.08 rows=9999939 width=20)
         Sort Key: s_2.a, s_2.b, s_2.c
         ->  Sort  (cost=1531440.69..1556440.54 rows=9999939 width=20)
               Sort Key: s_2.a, s_2.b
               ->  Seq Scan on s_2  (cost=0.00..163694.39 rows=9999939 width=20)
(6 rows)

===== 271 [Wed Mar  7 06:09:20 CET 2018] scale:10000000 groups:1000 work_mem:128MB incremental:off max_workers:0 =====
SELECT * FROM (SELECT * FROM s_3 ORDER BY a, b, c) foo ORDER BY a, b, c, d
                                   QUERY PLAN                                    
---------------------------------------------------------------------------------
 Limit  (cost=3149185.47..3149185.47 rows=1 width=20)
   ->  Sort  (cost=3024186.23..3049186.08 rows=9999939 width=20)
         Sort Key: s_3.a, s_3.b, s_3.c, s_3.d
         ->  Sort  (cost=1531440.69..1556440.54 rows=9999939 width=20)
               Sort Key: s_3.a, s_3.b, s_3.c
               ->  Seq Scan on s_3  (cost=0.00..163694.39 rows=9999939 width=20)
(6 rows)

===== 272 [Wed Mar  7 06:09:57 CET 2018] scale:10000000 groups:1000 work_mem:128MB incremental:off max_workers:0 =====
SELECT * FROM (SELECT * FROM s_4 ORDER BY a, b, c, d) foo ORDER BY a, b, c, d, e
                                    QUERY PLAN                                    
----------------------------------------------------------------------------------
 Limit  (cost=3149224.89..3149224.89 rows=1 width=20)
   ->  Sort  (cost=3024224.22..3049224.35 rows=10000054 width=20)
         Sort Key: s_4.a, s_4.b, s_4.c, s_4.d, s_4.e
         ->  Sort  (cost=1531459.54..1556459.68 rows=10000054 width=20)
               Sort Key: s_4.a, s_4.b, s_4.c, s_4.d
               ->  Seq Scan on s_4  (cost=0.00..163695.54 rows=10000054 width=20)
(6 rows)

===== 273 [Wed Mar  7 06:10:27 CET 2018] scale:10000000 groups:1000 work_mem:256MB incremental:on max_workers:0 =====
SELECT * FROM (SELECT * FROM s_1 ORDER BY a) foo ORDER BY a, b
                                   QUERY PLAN                                    
---------------------------------------------------------------------------------
 Limit  (cost=2595767.30..2595767.30 rows=1 width=20)
   ->  Incremental Sort  (cost=1532229.21..2495767.91 rows=9999939 width=20)
         Sort Key: s_1.a, s_1.b
         Presorted Key: s_1.a
         ->  Sort  (cost=1531440.69..1556440.54 rows=9999939 width=20)
               Sort Key: s_1.a
               ->  Seq Scan on s_1  (cost=0.00..163694.39 rows=9999939 width=20)
(7 rows)

===== 274 [Wed Mar  7 06:10:59 CET 2018] scale:10000000 groups:1000 work_mem:256MB incremental:on max_workers:0 =====
SELECT * FROM (SELECT * FROM s_2 ORDER BY a, b) foo ORDER BY a, b, c
                                   QUERY PLAN                                    
---------------------------------------------------------------------------------
 Limit  (cost=2117533.52..2117533.52 rows=1 width=20)
   ->  Incremental Sort  (cost=1531440.98..2017534.13 rows=9999939 width=20)
         Sort Key: s_2.a, s_2.b, s_2.c
         Presorted Key: s_2.a, s_2.b
         ->  Sort  (cost=1531440.69..1556440.54 rows=9999939 width=20)
               Sort Key: s_2.a, s_2.b
               ->  Seq Scan on s_2  (cost=0.00..163694.39 rows=9999939 width=20)
(7 rows)

===== 275 [Wed Mar  7 06:11:26 CET 2018] scale:10000000 groups:1000 work_mem:256MB incremental:on max_workers:0 =====
SELECT * FROM (SELECT * FROM s_3 ORDER BY a, b, c) foo ORDER BY a, b, c, d
                                   QUERY PLAN                                    
---------------------------------------------------------------------------------
 Limit  (cost=2117533.52..2117533.52 rows=1 width=20)
   ->  Incremental Sort  (cost=1531440.98..2017534.13 rows=9999939 width=20)
         Sort Key: s_3.a, s_3.b, s_3.c, s_3.d
         Presorted Key: s_3.a, s_3.b, s_3.c
         ->  Sort  (cost=1531440.69..1556440.54 rows=9999939 width=20)
               Sort Key: s_3.a, s_3.b, s_3.c
               ->  Seq Scan on s_3  (cost=0.00..163694.39 rows=9999939 width=20)
(7 rows)

===== 276 [Wed Mar  7 06:11:48 CET 2018] scale:10000000 groups:1000 work_mem:256MB incremental:on max_workers:0 =====
SELECT * FROM (SELECT * FROM s_4 ORDER BY a, b, c, d) foo ORDER BY a, b, c, d, e
                                    QUERY PLAN                                    
----------------------------------------------------------------------------------
 Limit  (cost=2117559.13..2117559.13 rows=1 width=20)
   ->  Incremental Sort  (cost=1531459.83..2017558.59 rows=10000054 width=20)
         Sort Key: s_4.a, s_4.b, s_4.c, s_4.d, s_4.e
         Presorted Key: s_4.a, s_4.b, s_4.c, s_4.d
         ->  Sort  (cost=1531459.54..1556459.68 rows=10000054 width=20)
               Sort Key: s_4.a, s_4.b, s_4.c, s_4.d
               ->  Seq Scan on s_4  (cost=0.00..163695.54 rows=10000054 width=20)
(7 rows)

===== 277 [Wed Mar  7 06:12:09 CET 2018] scale:10000000 groups:1000 work_mem:256MB incremental:off max_workers:0 =====
SELECT * FROM (SELECT * FROM s_1 ORDER BY a) foo ORDER BY a, b
                                   QUERY PLAN                                    
---------------------------------------------------------------------------------
 Limit  (cost=3149185.47..3149185.47 rows=1 width=20)
   ->  Sort  (cost=3024186.23..3049186.08 rows=9999939 width=20)
         Sort Key: s_1.a, s_1.b
         ->  Sort  (cost=1531440.69..1556440.54 rows=9999939 width=20)
               Sort Key: s_1.a
               ->  Seq Scan on s_1  (cost=0.00..163694.39 rows=9999939 width=20)
(6 rows)

===== 278 [Wed Mar  7 06:12:53 CET 2018] scale:10000000 groups:1000 work_mem:256MB incremental:off max_workers:0 =====
SELECT * FROM (SELECT * FROM s_2 ORDER BY a, b) foo ORDER BY a, b, c
                                   QUERY PLAN                                    
---------------------------------------------------------------------------------
 Limit  (cost=3149185.47..3149185.47 rows=1 width=20)
   ->  Sort  (cost=3024186.23..3049186.08 rows=9999939 width=20)
         Sort Key: s_2.a, s_2.b, s_2.c
         ->  Sort  (cost=1531440.69..1556440.54 rows=9999939 width=20)
               Sort Key: s_2.a, s_2.b
               ->  Seq Scan on s_2  (cost=0.00..163694.39 rows=9999939 width=20)
(6 rows)

===== 279 [Wed Mar  7 06:13:37 CET 2018] scale:10000000 groups:1000 work_mem:256MB incremental:off max_workers:0 =====
SELECT * FROM (SELECT * FROM s_3 ORDER BY a, b, c) foo ORDER BY a, b, c, d
                                   QUERY PLAN                                    
---------------------------------------------------------------------------------
 Limit  (cost=3149185.47..3149185.47 rows=1 width=20)
   ->  Sort  (cost=3024186.23..3049186.08 rows=9999939 width=20)
         Sort Key: s_3.a, s_3.b, s_3.c, s_3.d
         ->  Sort  (cost=1531440.69..1556440.54 rows=9999939 width=20)
               Sort Key: s_3.a, s_3.b, s_3.c
               ->  Seq Scan on s_3  (cost=0.00..163694.39 rows=9999939 width=20)
(6 rows)

===== 280 [Wed Mar  7 06:14:16 CET 2018] scale:10000000 groups:1000 work_mem:256MB incremental:off max_workers:0 =====
SELECT * FROM (SELECT * FROM s_4 ORDER BY a, b, c, d) foo ORDER BY a, b, c, d, e
                                    QUERY PLAN                                    
----------------------------------------------------------------------------------
 Limit  (cost=3149224.89..3149224.89 rows=1 width=20)
   ->  Sort  (cost=3024224.22..3049224.35 rows=10000054 width=20)
         Sort Key: s_4.a, s_4.b, s_4.c, s_4.d, s_4.e
         ->  Sort  (cost=1531459.54..1556459.68 rows=10000054 width=20)
               Sort Key: s_4.a, s_4.b, s_4.c, s_4.d
               ->  Seq Scan on s_4  (cost=0.00..163695.54 rows=10000054 width=20)
(6 rows)

===== 281 [Wed Mar  7 06:14:48 CET 2018] scale:10000000 groups:1000 work_mem:4MB incremental:on max_workers:2 =====
SELECT * FROM (SELECT * FROM s_1 ORDER BY a) foo ORDER BY a, b
                                           QUERY PLAN                                           
------------------------------------------------------------------------------------------------
 Limit  (cost=2562824.39..2562824.39 rows=1 width=20)
   ->  Incremental Sort  (cost=736987.71..2479491.57 rows=8333282 width=20)
         Sort Key: s_1.a, s_1.b
         Presorted Key: s_1.a
         ->  Gather Merge  (cost=735391.06..1707675.17 rows=8333282 width=20)
               Workers Planned: 2
               ->  Sort  (cost=734391.04..744807.64 rows=4166641 width=20)
                     Sort Key: s_1.a
                     ->  Parallel Seq Scan on s_1  (cost=0.00..105361.41 rows=4166641 width=20)
(9 rows)

===== 282 [Wed Mar  7 06:15:17 CET 2018] scale:10000000 groups:1000 work_mem:4MB incremental:on max_workers:2 =====
SELECT * FROM (SELECT * FROM s_2 ORDER BY a, b) foo ORDER BY a, b, c
                                           QUERY PLAN                                           
------------------------------------------------------------------------------------------------
 Limit  (cost=2175252.64..2175252.64 rows=1 width=20)
   ->  Incremental Sort  (cost=735392.49..2091919.82 rows=8333282 width=20)
         Sort Key: s_2.a, s_2.b, s_2.c
         Presorted Key: s_2.a, s_2.b
         ->  Gather Merge  (cost=735391.06..1707675.17 rows=8333282 width=20)
               Workers Planned: 2
               ->  Sort  (cost=734391.04..744807.64 rows=4166641 width=20)
                     Sort Key: s_2.a, s_2.b
                     ->  Parallel Seq Scan on s_2  (cost=0.00..105361.41 rows=4166641 width=20)
(9 rows)

===== 283 [Wed Mar  7 06:15:43 CET 2018] scale:10000000 groups:1000 work_mem:4MB incremental:on max_workers:2 =====
SELECT * FROM (SELECT * FROM s_3 ORDER BY a, b, c) foo ORDER BY a, b, c, d
                                           QUERY PLAN                                           
------------------------------------------------------------------------------------------------
 Limit  (cost=2175252.64..2175252.64 rows=1 width=20)
   ->  Incremental Sort  (cost=735392.49..2091919.82 rows=8333282 width=20)
         Sort Key: s_3.a, s_3.b, s_3.c, s_3.d
         Presorted Key: s_3.a, s_3.b, s_3.c
         ->  Gather Merge  (cost=735391.06..1707675.17 rows=8333282 width=20)
               Workers Planned: 2
               ->  Sort  (cost=734391.04..744807.64 rows=4166641 width=20)
                     Sort Key: s_3.a, s_3.b, s_3.c
                     ->  Parallel Seq Scan on s_3  (cost=0.00..105361.41 rows=4166641 width=20)
(9 rows)

===== 284 [Wed Mar  7 06:16:04 CET 2018] scale:10000000 groups:1000 work_mem:4MB incremental:on max_workers:2 =====
SELECT * FROM (SELECT * FROM s_4 ORDER BY a, b, c, d) foo ORDER BY a, b, c, d, e
                                           QUERY PLAN                                           
------------------------------------------------------------------------------------------------
 Limit  (cost=2175282.31..2175282.31 rows=1 width=20)
   ->  Incremental Sort  (cost=735405.60..2091948.53 rows=8333378 width=20)
         Sort Key: s_4.a, s_4.b, s_4.c, s_4.d, s_4.e
         Presorted Key: s_4.a, s_4.b, s_4.c, s_4.d
         ->  Gather Merge  (cost=735404.16..1707699.48 rows=8333378 width=20)
               Workers Planned: 2
               ->  Sort  (cost=734404.14..744820.86 rows=4166689 width=20)
                     Sort Key: s_4.a, s_4.b, s_4.c, s_4.d
                     ->  Parallel Seq Scan on s_4  (cost=0.00..105361.89 rows=4166689 width=20)
(9 rows)

===== 285 [Wed Mar  7 06:16:24 CET 2018] scale:10000000 groups:1000 work_mem:4MB incremental:off max_workers:2 =====
SELECT * FROM (SELECT * FROM s_1 ORDER BY a) foo ORDER BY a, b
                                           QUERY PLAN                                           
------------------------------------------------------------------------------------------------
 Limit  (cost=3194899.68..3194899.68 rows=1 width=20)
   ->  Sort  (cost=3090733.65..3111566.86 rows=8333282 width=20)
         Sort Key: s_1.a, s_1.b
         ->  Gather Merge  (cost=735391.06..1707675.17 rows=8333282 width=20)
               Workers Planned: 2
               ->  Sort  (cost=734391.04..744807.64 rows=4166641 width=20)
                     Sort Key: s_1.a
                     ->  Parallel Seq Scan on s_1  (cost=0.00..105361.41 rows=4166641 width=20)
(8 rows)

===== 286 [Wed Mar  7 06:17:10 CET 2018] scale:10000000 groups:1000 work_mem:4MB incremental:off max_workers:2 =====
SELECT * FROM (SELECT * FROM s_2 ORDER BY a, b) foo ORDER BY a, b, c
                                           QUERY PLAN                                           
------------------------------------------------------------------------------------------------
 Limit  (cost=3194899.68..3194899.68 rows=1 width=20)
   ->  Sort  (cost=3090733.65..3111566.86 rows=8333282 width=20)
         Sort Key: s_2.a, s_2.b, s_2.c
         ->  Gather Merge  (cost=735391.06..1707675.17 rows=8333282 width=20)
               Workers Planned: 2
               ->  Sort  (cost=734391.04..744807.64 rows=4166641 width=20)
                     Sort Key: s_2.a, s_2.b
                     ->  Parallel Seq Scan on s_2  (cost=0.00..105361.41 rows=4166641 width=20)
(8 rows)

===== 287 [Wed Mar  7 06:18:00 CET 2018] scale:10000000 groups:1000 work_mem:4MB incremental:off max_workers:2 =====
SELECT * FROM (SELECT * FROM s_3 ORDER BY a, b, c) foo ORDER BY a, b, c, d
                                           QUERY PLAN                                           
------------------------------------------------------------------------------------------------
 Limit  (cost=3194899.68..3194899.68 rows=1 width=20)
   ->  Sort  (cost=3090733.65..3111566.86 rows=8333282 width=20)
         Sort Key: s_3.a, s_3.b, s_3.c, s_3.d
         ->  Gather Merge  (cost=735391.06..1707675.17 rows=8333282 width=20)
               Workers Planned: 2
               ->  Sort  (cost=734391.04..744807.64 rows=4166641 width=20)
                     Sort Key: s_3.a, s_3.b, s_3.c
                     ->  Parallel Seq Scan on s_3  (cost=0.00..105361.41 rows=4166641 width=20)
(8 rows)

===== 288 [Wed Mar  7 06:18:43 CET 2018] scale:10000000 groups:1000 work_mem:4MB incremental:off max_workers:2 =====
SELECT * FROM (SELECT * FROM s_4 ORDER BY a, b, c, d) foo ORDER BY a, b, c, d, e
                                           QUERY PLAN                                           
------------------------------------------------------------------------------------------------
 Limit  (cost=3194944.87..3194944.87 rows=1 width=20)
   ->  Sort  (cost=3090777.64..3111611.09 rows=8333378 width=20)
         Sort Key: s_4.a, s_4.b, s_4.c, s_4.d, s_4.e
         ->  Gather Merge  (cost=735404.16..1707699.48 rows=8333378 width=20)
               Workers Planned: 2
               ->  Sort  (cost=734404.14..744820.86 rows=4166689 width=20)
                     Sort Key: s_4.a, s_4.b, s_4.c, s_4.d
                     ->  Parallel Seq Scan on s_4  (cost=0.00..105361.89 rows=4166689 width=20)
(8 rows)

===== 289 [Wed Mar  7 06:19:18 CET 2018] scale:10000000 groups:1000 work_mem:8MB incremental:on max_workers:2 =====
SELECT * FROM (SELECT * FROM s_1 ORDER BY a) foo ORDER BY a, b
                                           QUERY PLAN                                           
------------------------------------------------------------------------------------------------
 Limit  (cost=2477375.39..2477375.39 rows=1 width=20)
   ->  Incremental Sort  (cost=651538.71..2394042.57 rows=8333282 width=20)
         Sort Key: s_1.a, s_1.b
         Presorted Key: s_1.a
         ->  Gather Merge  (cost=649942.06..1622226.17 rows=8333282 width=20)
               Workers Planned: 2
               ->  Sort  (cost=648942.04..659358.64 rows=4166641 width=20)
                     Sort Key: s_1.a
                     ->  Parallel Seq Scan on s_1  (cost=0.00..105361.41 rows=4166641 width=20)
(9 rows)

===== 290 [Wed Mar  7 06:19:46 CET 2018] scale:10000000 groups:1000 work_mem:8MB incremental:on max_workers:2 =====
SELECT * FROM (SELECT * FROM s_2 ORDER BY a, b) foo ORDER BY a, b, c
                                           QUERY PLAN                                           
------------------------------------------------------------------------------------------------
 Limit  (cost=2089803.64..2089803.64 rows=1 width=20)
   ->  Incremental Sort  (cost=649943.49..2006470.82 rows=8333282 width=20)
         Sort Key: s_2.a, s_2.b, s_2.c
         Presorted Key: s_2.a, s_2.b
         ->  Gather Merge  (cost=649942.06..1622226.17 rows=8333282 width=20)
               Workers Planned: 2
               ->  Sort  (cost=648942.04..659358.64 rows=4166641 width=20)
                     Sort Key: s_2.a, s_2.b
                     ->  Parallel Seq Scan on s_2  (cost=0.00..105361.41 rows=4166641 width=20)
(9 rows)

===== 291 [Wed Mar  7 06:20:11 CET 2018] scale:10000000 groups:1000 work_mem:8MB incremental:on max_workers:2 =====
SELECT * FROM (SELECT * FROM s_3 ORDER BY a, b, c) foo ORDER BY a, b, c, d
                                           QUERY PLAN                                           
------------------------------------------------------------------------------------------------
 Limit  (cost=2089803.64..2089803.64 rows=1 width=20)
   ->  Incremental Sort  (cost=649943.49..2006470.82 rows=8333282 width=20)
         Sort Key: s_3.a, s_3.b, s_3.c, s_3.d
         Presorted Key: s_3.a, s_3.b, s_3.c
         ->  Gather Merge  (cost=649942.06..1622226.17 rows=8333282 width=20)
               Workers Planned: 2
               ->  Sort  (cost=648942.04..659358.64 rows=4166641 width=20)
                     Sort Key: s_3.a, s_3.b, s_3.c
                     ->  Parallel Seq Scan on s_3  (cost=0.00..105361.41 rows=4166641 width=20)
(9 rows)

===== 292 [Wed Mar  7 06:20:30 CET 2018] scale:10000000 groups:1000 work_mem:8MB incremental:on max_workers:2 =====
SELECT * FROM (SELECT * FROM s_4 ORDER BY a, b, c, d) foo ORDER BY a, b, c, d, e
                                           QUERY PLAN                                           
------------------------------------------------------------------------------------------------
 Limit  (cost=2089829.81..2089829.81 rows=1 width=20)
   ->  Incremental Sort  (cost=649953.10..2006496.03 rows=8333378 width=20)
         Sort Key: s_4.a, s_4.b, s_4.c, s_4.d, s_4.e
         Presorted Key: s_4.a, s_4.b, s_4.c, s_4.d
         ->  Gather Merge  (cost=649951.66..1622246.98 rows=8333378 width=20)
               Workers Planned: 2
               ->  Sort  (cost=648951.64..659368.36 rows=4166689 width=20)
                     Sort Key: s_4.a, s_4.b, s_4.c, s_4.d
                     ->  Parallel Seq Scan on s_4  (cost=0.00..105361.89 rows=4166689 width=20)
(9 rows)

===== 293 [Wed Mar  7 06:20:49 CET 2018] scale:10000000 groups:1000 work_mem:8MB incremental:off max_workers:2 =====
SELECT * FROM (SELECT * FROM s_1 ORDER BY a) foo ORDER BY a, b
                                           QUERY PLAN                                           
------------------------------------------------------------------------------------------------
 Limit  (cost=3109450.68..3109450.68 rows=1 width=20)
   ->  Sort  (cost=3005284.65..3026117.86 rows=8333282 width=20)
         Sort Key: s_1.a, s_1.b
         ->  Gather Merge  (cost=649942.06..1622226.17 rows=8333282 width=20)
               Workers Planned: 2
               ->  Sort  (cost=648942.04..659358.64 rows=4166641 width=20)
                     Sort Key: s_1.a
                     ->  Parallel Seq Scan on s_1  (cost=0.00..105361.41 rows=4166641 width=20)
(8 rows)

===== 294 [Wed Mar  7 06:21:31 CET 2018] scale:10000000 groups:1000 work_mem:8MB incremental:off max_workers:2 =====
SELECT * FROM (SELECT * FROM s_2 ORDER BY a, b) foo ORDER BY a, b, c
                                           QUERY PLAN                                           
------------------------------------------------------------------------------------------------
 Limit  (cost=3109450.68..3109450.68 rows=1 width=20)
   ->  Sort  (cost=3005284.65..3026117.86 rows=8333282 width=20)
         Sort Key: s_2.a, s_2.b, s_2.c
         ->  Gather Merge  (cost=649942.06..1622226.17 rows=8333282 width=20)
               Workers Planned: 2
               ->  Sort  (cost=648942.04..659358.64 rows=4166641 width=20)
                     Sort Key: s_2.a, s_2.b
                     ->  Parallel Seq Scan on s_2  (cost=0.00..105361.41 rows=4166641 width=20)
(8 rows)

===== 295 [Wed Mar  7 06:22:15 CET 2018] scale:10000000 groups:1000 work_mem:8MB incremental:off max_workers:2 =====
SELECT * FROM (SELECT * FROM s_3 ORDER BY a, b, c) foo ORDER BY a, b, c, d
                                           QUERY PLAN                                           
------------------------------------------------------------------------------------------------
 Limit  (cost=3109450.68..3109450.68 rows=1 width=20)
   ->  Sort  (cost=3005284.65..3026117.86 rows=8333282 width=20)
         Sort Key: s_3.a, s_3.b, s_3.c, s_3.d
         ->  Gather Merge  (cost=649942.06..1622226.17 rows=8333282 width=20)
               Workers Planned: 2
               ->  Sort  (cost=648942.04..659358.64 rows=4166641 width=20)
                     Sort Key: s_3.a, s_3.b, s_3.c
                     ->  Parallel Seq Scan on s_3  (cost=0.00..105361.41 rows=4166641 width=20)
(8 rows)

===== 296 [Wed Mar  7 06:22:53 CET 2018] scale:10000000 groups:1000 work_mem:8MB incremental:off max_workers:2 =====
SELECT * FROM (SELECT * FROM s_4 ORDER BY a, b, c, d) foo ORDER BY a, b, c, d, e
                                           QUERY PLAN                                           
------------------------------------------------------------------------------------------------
 Limit  (cost=3109492.37..3109492.37 rows=1 width=20)
   ->  Sort  (cost=3005325.14..3026158.59 rows=8333378 width=20)
         Sort Key: s_4.a, s_4.b, s_4.c, s_4.d, s_4.e
         ->  Gather Merge  (cost=649951.66..1622246.98 rows=8333378 width=20)
               Workers Planned: 2
               ->  Sort  (cost=648951.64..659368.36 rows=4166689 width=20)
                     Sort Key: s_4.a, s_4.b, s_4.c, s_4.d
                     ->  Parallel Seq Scan on s_4  (cost=0.00..105361.89 rows=4166689 width=20)
(8 rows)

===== 297 [Wed Mar  7 06:23:22 CET 2018] scale:10000000 groups:1000 work_mem:16MB incremental:on max_workers:2 =====
SELECT * FROM (SELECT * FROM s_1 ORDER BY a) foo ORDER BY a, b
                                   QUERY PLAN                                    
---------------------------------------------------------------------------------
 Limit  (cost=2595767.30..2595767.30 rows=1 width=20)
   ->  Incremental Sort  (cost=1532229.21..2495767.91 rows=9999939 width=20)
         Sort Key: s_1.a, s_1.b
         Presorted Key: s_1.a
         ->  Sort  (cost=1531440.69..1556440.54 rows=9999939 width=20)
               Sort Key: s_1.a
               ->  Seq Scan on s_1  (cost=0.00..163694.39 rows=9999939 width=20)
(7 rows)

===== 298 [Wed Mar  7 06:23:54 CET 2018] scale:10000000 groups:1000 work_mem:16MB incremental:on max_workers:2 =====
SELECT * FROM (SELECT * FROM s_2 ORDER BY a, b) foo ORDER BY a, b, c
                                   QUERY PLAN                                    
---------------------------------------------------------------------------------
 Limit  (cost=2117533.52..2117533.52 rows=1 width=20)
   ->  Incremental Sort  (cost=1531440.98..2017534.13 rows=9999939 width=20)
         Sort Key: s_2.a, s_2.b, s_2.c
         Presorted Key: s_2.a, s_2.b
         ->  Sort  (cost=1531440.69..1556440.54 rows=9999939 width=20)
               Sort Key: s_2.a, s_2.b
               ->  Seq Scan on s_2  (cost=0.00..163694.39 rows=9999939 width=20)
(7 rows)

===== 299 [Wed Mar  7 06:24:20 CET 2018] scale:10000000 groups:1000 work_mem:16MB incremental:on max_workers:2 =====
SELECT * FROM (SELECT * FROM s_3 ORDER BY a, b, c) foo ORDER BY a, b, c, d
                                   QUERY PLAN                                    
---------------------------------------------------------------------------------
 Limit  (cost=2117533.52..2117533.52 rows=1 width=20)
   ->  Incremental Sort  (cost=1531440.98..2017534.13 rows=9999939 width=20)
         Sort Key: s_3.a, s_3.b, s_3.c, s_3.d
         Presorted Key: s_3.a, s_3.b, s_3.c
         ->  Sort  (cost=1531440.69..1556440.54 rows=9999939 width=20)
               Sort Key: s_3.a, s_3.b, s_3.c
               ->  Seq Scan on s_3  (cost=0.00..163694.39 rows=9999939 width=20)
(7 rows)

===== 300 [Wed Mar  7 06:24:41 CET 2018] scale:10000000 groups:1000 work_mem:16MB incremental:on max_workers:2 =====
SELECT * FROM (SELECT * FROM s_4 ORDER BY a, b, c, d) foo ORDER BY a, b, c, d, e
                                    QUERY PLAN                                    
----------------------------------------------------------------------------------
 Limit  (cost=2117559.13..2117559.13 rows=1 width=20)
   ->  Incremental Sort  (cost=1531459.83..2017558.59 rows=10000054 width=20)
         Sort Key: s_4.a, s_4.b, s_4.c, s_4.d, s_4.e
         Presorted Key: s_4.a, s_4.b, s_4.c, s_4.d
         ->  Sort  (cost=1531459.54..1556459.68 rows=10000054 width=20)
               Sort Key: s_4.a, s_4.b, s_4.c, s_4.d
               ->  Seq Scan on s_4  (cost=0.00..163695.54 rows=10000054 width=20)
(7 rows)

===== 301 [Wed Mar  7 06:25:02 CET 2018] scale:10000000 groups:1000 work_mem:16MB incremental:off max_workers:2 =====
SELECT * FROM (SELECT * FROM s_1 ORDER BY a) foo ORDER BY a, b
                                   QUERY PLAN                                    
---------------------------------------------------------------------------------
 Limit  (cost=3149185.47..3149185.47 rows=1 width=20)
   ->  Sort  (cost=3024186.23..3049186.08 rows=9999939 width=20)
         Sort Key: s_1.a, s_1.b
         ->  Sort  (cost=1531440.69..1556440.54 rows=9999939 width=20)
               Sort Key: s_1.a
               ->  Seq Scan on s_1  (cost=0.00..163694.39 rows=9999939 width=20)
(6 rows)

===== 302 [Wed Mar  7 06:25:42 CET 2018] scale:10000000 groups:1000 work_mem:16MB incremental:off max_workers:2 =====
SELECT * FROM (SELECT * FROM s_2 ORDER BY a, b) foo ORDER BY a, b, c
                                   QUERY PLAN                                    
---------------------------------------------------------------------------------
 Limit  (cost=3149185.47..3149185.47 rows=1 width=20)
   ->  Sort  (cost=3024186.23..3049186.08 rows=9999939 width=20)
         Sort Key: s_2.a, s_2.b, s_2.c
         ->  Sort  (cost=1531440.69..1556440.54 rows=9999939 width=20)
               Sort Key: s_2.a, s_2.b
               ->  Seq Scan on s_2  (cost=0.00..163694.39 rows=9999939 width=20)
(6 rows)

===== 303 [Wed Mar  7 06:26:24 CET 2018] scale:10000000 groups:1000 work_mem:16MB incremental:off max_workers:2 =====
SELECT * FROM (SELECT * FROM s_3 ORDER BY a, b, c) foo ORDER BY a, b, c, d
                                   QUERY PLAN                                    
---------------------------------------------------------------------------------
 Limit  (cost=3149185.47..3149185.47 rows=1 width=20)
   ->  Sort  (cost=3024186.23..3049186.08 rows=9999939 width=20)
         Sort Key: s_3.a, s_3.b, s_3.c, s_3.d
         ->  Sort  (cost=1531440.69..1556440.54 rows=9999939 width=20)
               Sort Key: s_3.a, s_3.b, s_3.c
               ->  Seq Scan on s_3  (cost=0.00..163694.39 rows=9999939 width=20)
(6 rows)

===== 304 [Wed Mar  7 06:27:00 CET 2018] scale:10000000 groups:1000 work_mem:16MB incremental:off max_workers:2 =====
SELECT * FROM (SELECT * FROM s_4 ORDER BY a, b, c, d) foo ORDER BY a, b, c, d, e
                                    QUERY PLAN                                    
----------------------------------------------------------------------------------
 Limit  (cost=3149224.89..3149224.89 rows=1 width=20)
   ->  Sort  (cost=3024224.22..3049224.35 rows=10000054 width=20)
         Sort Key: s_4.a, s_4.b, s_4.c, s_4.d, s_4.e
         ->  Sort  (cost=1531459.54..1556459.68 rows=10000054 width=20)
               Sort Key: s_4.a, s_4.b, s_4.c, s_4.d
               ->  Seq Scan on s_4  (cost=0.00..163695.54 rows=10000054 width=20)
(6 rows)

===== 305 [Wed Mar  7 06:27:27 CET 2018] scale:10000000 groups:1000 work_mem:32MB incremental:on max_workers:2 =====
SELECT * FROM (SELECT * FROM s_1 ORDER BY a) foo ORDER BY a, b
                                   QUERY PLAN                                    
---------------------------------------------------------------------------------
 Limit  (cost=2595767.30..2595767.30 rows=1 width=20)
   ->  Incremental Sort  (cost=1532229.21..2495767.91 rows=9999939 width=20)
         Sort Key: s_1.a, s_1.b
         Presorted Key: s_1.a
         ->  Sort  (cost=1531440.69..1556440.54 rows=9999939 width=20)
               Sort Key: s_1.a
               ->  Seq Scan on s_1  (cost=0.00..163694.39 rows=9999939 width=20)
(7 rows)

===== 306 [Wed Mar  7 06:27:58 CET 2018] scale:10000000 groups:1000 work_mem:32MB incremental:on max_workers:2 =====
SELECT * FROM (SELECT * FROM s_2 ORDER BY a, b) foo ORDER BY a, b, c
                                   QUERY PLAN                                    
---------------------------------------------------------------------------------
 Limit  (cost=2117533.52..2117533.52 rows=1 width=20)
   ->  Incremental Sort  (cost=1531440.98..2017534.13 rows=9999939 width=20)
         Sort Key: s_2.a, s_2.b, s_2.c
         Presorted Key: s_2.a, s_2.b
         ->  Sort  (cost=1531440.69..1556440.54 rows=9999939 width=20)
               Sort Key: s_2.a, s_2.b
               ->  Seq Scan on s_2  (cost=0.00..163694.39 rows=9999939 width=20)
(7 rows)

===== 307 [Wed Mar  7 06:28:24 CET 2018] scale:10000000 groups:1000 work_mem:32MB incremental:on max_workers:2 =====
SELECT * FROM (SELECT * FROM s_3 ORDER BY a, b, c) foo ORDER BY a, b, c, d
                                   QUERY PLAN                                    
---------------------------------------------------------------------------------
 Limit  (cost=2117533.52..2117533.52 rows=1 width=20)
   ->  Incremental Sort  (cost=1531440.98..2017534.13 rows=9999939 width=20)
         Sort Key: s_3.a, s_3.b, s_3.c, s_3.d
         Presorted Key: s_3.a, s_3.b, s_3.c
         ->  Sort  (cost=1531440.69..1556440.54 rows=9999939 width=20)
               Sort Key: s_3.a, s_3.b, s_3.c
               ->  Seq Scan on s_3  (cost=0.00..163694.39 rows=9999939 width=20)
(7 rows)

===== 308 [Wed Mar  7 06:28:45 CET 2018] scale:10000000 groups:1000 work_mem:32MB incremental:on max_workers:2 =====
SELECT * FROM (SELECT * FROM s_4 ORDER BY a, b, c, d) foo ORDER BY a, b, c, d, e
                                    QUERY PLAN                                    
----------------------------------------------------------------------------------
 Limit  (cost=2117559.13..2117559.13 rows=1 width=20)
   ->  Incremental Sort  (cost=1531459.83..2017558.59 rows=10000054 width=20)
         Sort Key: s_4.a, s_4.b, s_4.c, s_4.d, s_4.e
         Presorted Key: s_4.a, s_4.b, s_4.c, s_4.d
         ->  Sort  (cost=1531459.54..1556459.68 rows=10000054 width=20)
               Sort Key: s_4.a, s_4.b, s_4.c, s_4.d
               ->  Seq Scan on s_4  (cost=0.00..163695.54 rows=10000054 width=20)
(7 rows)

===== 309 [Wed Mar  7 06:29:06 CET 2018] scale:10000000 groups:1000 work_mem:32MB incremental:off max_workers:2 =====
SELECT * FROM (SELECT * FROM s_1 ORDER BY a) foo ORDER BY a, b
                                   QUERY PLAN                                    
---------------------------------------------------------------------------------
 Limit  (cost=3149185.47..3149185.47 rows=1 width=20)
   ->  Sort  (cost=3024186.23..3049186.08 rows=9999939 width=20)
         Sort Key: s_1.a, s_1.b
         ->  Sort  (cost=1531440.69..1556440.54 rows=9999939 width=20)
               Sort Key: s_1.a
               ->  Seq Scan on s_1  (cost=0.00..163694.39 rows=9999939 width=20)
(6 rows)

===== 310 [Wed Mar  7 06:29:46 CET 2018] scale:10000000 groups:1000 work_mem:32MB incremental:off max_workers:2 =====
SELECT * FROM (SELECT * FROM s_2 ORDER BY a, b) foo ORDER BY a, b, c
                                   QUERY PLAN                                    
---------------------------------------------------------------------------------
 Limit  (cost=3149185.47..3149185.47 rows=1 width=20)
   ->  Sort  (cost=3024186.23..3049186.08 rows=9999939 width=20)
         Sort Key: s_2.a, s_2.b, s_2.c
         ->  Sort  (cost=1531440.69..1556440.54 rows=9999939 width=20)
               Sort Key: s_2.a, s_2.b
               ->  Seq Scan on s_2  (cost=0.00..163694.39 rows=9999939 width=20)
(6 rows)

===== 311 [Wed Mar  7 06:30:28 CET 2018] scale:10000000 groups:1000 work_mem:32MB incremental:off max_workers:2 =====
SELECT * FROM (SELECT * FROM s_3 ORDER BY a, b, c) foo ORDER BY a, b, c, d
                                   QUERY PLAN                                    
---------------------------------------------------------------------------------
 Limit  (cost=3149185.47..3149185.47 rows=1 width=20)
   ->  Sort  (cost=3024186.23..3049186.08 rows=9999939 width=20)
         Sort Key: s_3.a, s_3.b, s_3.c, s_3.d
         ->  Sort  (cost=1531440.69..1556440.54 rows=9999939 width=20)
               Sort Key: s_3.a, s_3.b, s_3.c
               ->  Seq Scan on s_3  (cost=0.00..163694.39 rows=9999939 width=20)
(6 rows)

===== 312 [Wed Mar  7 06:31:04 CET 2018] scale:10000000 groups:1000 work_mem:32MB incremental:off max_workers:2 =====
SELECT * FROM (SELECT * FROM s_4 ORDER BY a, b, c, d) foo ORDER BY a, b, c, d, e
                                    QUERY PLAN                                    
----------------------------------------------------------------------------------
 Limit  (cost=3149224.89..3149224.89 rows=1 width=20)
   ->  Sort  (cost=3024224.22..3049224.35 rows=10000054 width=20)
         Sort Key: s_4.a, s_4.b, s_4.c, s_4.d, s_4.e
         ->  Sort  (cost=1531459.54..1556459.68 rows=10000054 width=20)
               Sort Key: s_4.a, s_4.b, s_4.c, s_4.d
               ->  Seq Scan on s_4  (cost=0.00..163695.54 rows=10000054 width=20)
(6 rows)

===== 313 [Wed Mar  7 06:31:31 CET 2018] scale:10000000 groups:1000 work_mem:64MB incremental:on max_workers:2 =====
SELECT * FROM (SELECT * FROM s_1 ORDER BY a) foo ORDER BY a, b
                                   QUERY PLAN                                    
---------------------------------------------------------------------------------
 Limit  (cost=2595767.30..2595767.30 rows=1 width=20)
   ->  Incremental Sort  (cost=1532229.21..2495767.91 rows=9999939 width=20)
         Sort Key: s_1.a, s_1.b
         Presorted Key: s_1.a
         ->  Sort  (cost=1531440.69..1556440.54 rows=9999939 width=20)
               Sort Key: s_1.a
               ->  Seq Scan on s_1  (cost=0.00..163694.39 rows=9999939 width=20)
(7 rows)

===== 314 [Wed Mar  7 06:32:02 CET 2018] scale:10000000 groups:1000 work_mem:64MB incremental:on max_workers:2 =====
SELECT * FROM (SELECT * FROM s_2 ORDER BY a, b) foo ORDER BY a, b, c
                                   QUERY PLAN                                    
---------------------------------------------------------------------------------
 Limit  (cost=2117533.52..2117533.52 rows=1 width=20)
   ->  Incremental Sort  (cost=1531440.98..2017534.13 rows=9999939 width=20)
         Sort Key: s_2.a, s_2.b, s_2.c
         Presorted Key: s_2.a, s_2.b
         ->  Sort  (cost=1531440.69..1556440.54 rows=9999939 width=20)
               Sort Key: s_2.a, s_2.b
               ->  Seq Scan on s_2  (cost=0.00..163694.39 rows=9999939 width=20)
(7 rows)

===== 315 [Wed Mar  7 06:32:29 CET 2018] scale:10000000 groups:1000 work_mem:64MB incremental:on max_workers:2 =====
SELECT * FROM (SELECT * FROM s_3 ORDER BY a, b, c) foo ORDER BY a, b, c, d
                                   QUERY PLAN                                    
---------------------------------------------------------------------------------
 Limit  (cost=2117533.52..2117533.52 rows=1 width=20)
   ->  Incremental Sort  (cost=1531440.98..2017534.13 rows=9999939 width=20)
         Sort Key: s_3.a, s_3.b, s_3.c, s_3.d
         Presorted Key: s_3.a, s_3.b, s_3.c
         ->  Sort  (cost=1531440.69..1556440.54 rows=9999939 width=20)
               Sort Key: s_3.a, s_3.b, s_3.c
               ->  Seq Scan on s_3  (cost=0.00..163694.39 rows=9999939 width=20)
(7 rows)

===== 316 [Wed Mar  7 06:32:50 CET 2018] scale:10000000 groups:1000 work_mem:64MB incremental:on max_workers:2 =====
SELECT * FROM (SELECT * FROM s_4 ORDER BY a, b, c, d) foo ORDER BY a, b, c, d, e
                                    QUERY PLAN                                    
----------------------------------------------------------------------------------
 Limit  (cost=2117559.13..2117559.13 rows=1 width=20)
   ->  Incremental Sort  (cost=1531459.83..2017558.59 rows=10000054 width=20)
         Sort Key: s_4.a, s_4.b, s_4.c, s_4.d, s_4.e
         Presorted Key: s_4.a, s_4.b, s_4.c, s_4.d
         ->  Sort  (cost=1531459.54..1556459.68 rows=10000054 width=20)
               Sort Key: s_4.a, s_4.b, s_4.c, s_4.d
               ->  Seq Scan on s_4  (cost=0.00..163695.54 rows=10000054 width=20)
(7 rows)

===== 317 [Wed Mar  7 06:33:10 CET 2018] scale:10000000 groups:1000 work_mem:64MB incremental:off max_workers:2 =====
SELECT * FROM (SELECT * FROM s_1 ORDER BY a) foo ORDER BY a, b
                                   QUERY PLAN                                    
---------------------------------------------------------------------------------
 Limit  (cost=3149185.47..3149185.47 rows=1 width=20)
   ->  Sort  (cost=3024186.23..3049186.08 rows=9999939 width=20)
         Sort Key: s_1.a, s_1.b
         ->  Sort  (cost=1531440.69..1556440.54 rows=9999939 width=20)
               Sort Key: s_1.a
               ->  Seq Scan on s_1  (cost=0.00..163694.39 rows=9999939 width=20)
(6 rows)

===== 318 [Wed Mar  7 06:33:52 CET 2018] scale:10000000 groups:1000 work_mem:64MB incremental:off max_workers:2 =====
SELECT * FROM (SELECT * FROM s_2 ORDER BY a, b) foo ORDER BY a, b, c
                                   QUERY PLAN                                    
---------------------------------------------------------------------------------
 Limit  (cost=3149185.47..3149185.47 rows=1 width=20)
   ->  Sort  (cost=3024186.23..3049186.08 rows=9999939 width=20)
         Sort Key: s_2.a, s_2.b, s_2.c
         ->  Sort  (cost=1531440.69..1556440.54 rows=9999939 width=20)
               Sort Key: s_2.a, s_2.b
               ->  Seq Scan on s_2  (cost=0.00..163694.39 rows=9999939 width=20)
(6 rows)

===== 319 [Wed Mar  7 06:34:34 CET 2018] scale:10000000 groups:1000 work_mem:64MB incremental:off max_workers:2 =====
SELECT * FROM (SELECT * FROM s_3 ORDER BY a, b, c) foo ORDER BY a, b, c, d
                                   QUERY PLAN                                    
---------------------------------------------------------------------------------
 Limit  (cost=3149185.47..3149185.47 rows=1 width=20)
   ->  Sort  (cost=3024186.23..3049186.08 rows=9999939 width=20)
         Sort Key: s_3.a, s_3.b, s_3.c, s_3.d
         ->  Sort  (cost=1531440.69..1556440.54 rows=9999939 width=20)
               Sort Key: s_3.a, s_3.b, s_3.c
               ->  Seq Scan on s_3  (cost=0.00..163694.39 rows=9999939 width=20)
(6 rows)

===== 320 [Wed Mar  7 06:35:11 CET 2018] scale:10000000 groups:1000 work_mem:64MB incremental:off max_workers:2 =====
SELECT * FROM (SELECT * FROM s_4 ORDER BY a, b, c, d) foo ORDER BY a, b, c, d, e
                                    QUERY PLAN                                    
----------------------------------------------------------------------------------
 Limit  (cost=3149224.89..3149224.89 rows=1 width=20)
   ->  Sort  (cost=3024224.22..3049224.35 rows=10000054 width=20)
         Sort Key: s_4.a, s_4.b, s_4.c, s_4.d, s_4.e
         ->  Sort  (cost=1531459.54..1556459.68 rows=10000054 width=20)
               Sort Key: s_4.a, s_4.b, s_4.c, s_4.d
               ->  Seq Scan on s_4  (cost=0.00..163695.54 rows=10000054 width=20)
(6 rows)

===== 321 [Wed Mar  7 06:35:39 CET 2018] scale:10000000 groups:1000 work_mem:128MB incremental:on max_workers:2 =====
SELECT * FROM (SELECT * FROM s_1 ORDER BY a) foo ORDER BY a, b
                                   QUERY PLAN                                    
---------------------------------------------------------------------------------
 Limit  (cost=2595767.30..2595767.30 rows=1 width=20)
   ->  Incremental Sort  (cost=1532229.21..2495767.91 rows=9999939 width=20)
         Sort Key: s_1.a, s_1.b
         Presorted Key: s_1.a
         ->  Sort  (cost=1531440.69..1556440.54 rows=9999939 width=20)
               Sort Key: s_1.a
               ->  Seq Scan on s_1  (cost=0.00..163694.39 rows=9999939 width=20)
(7 rows)

===== 322 [Wed Mar  7 06:36:11 CET 2018] scale:10000000 groups:1000 work_mem:128MB incremental:on max_workers:2 =====
SELECT * FROM (SELECT * FROM s_2 ORDER BY a, b) foo ORDER BY a, b, c
                                   QUERY PLAN                                    
---------------------------------------------------------------------------------
 Limit  (cost=2117533.52..2117533.52 rows=1 width=20)
   ->  Incremental Sort  (cost=1531440.98..2017534.13 rows=9999939 width=20)
         Sort Key: s_2.a, s_2.b, s_2.c
         Presorted Key: s_2.a, s_2.b
         ->  Sort  (cost=1531440.69..1556440.54 rows=9999939 width=20)
               Sort Key: s_2.a, s_2.b
               ->  Seq Scan on s_2  (cost=0.00..163694.39 rows=9999939 width=20)
(7 rows)

===== 323 [Wed Mar  7 06:36:38 CET 2018] scale:10000000 groups:1000 work_mem:128MB incremental:on max_workers:2 =====
SELECT * FROM (SELECT * FROM s_3 ORDER BY a, b, c) foo ORDER BY a, b, c, d
                                   QUERY PLAN                                    
---------------------------------------------------------------------------------
 Limit  (cost=2117533.52..2117533.52 rows=1 width=20)
   ->  Incremental Sort  (cost=1531440.98..2017534.13 rows=9999939 width=20)
         Sort Key: s_3.a, s_3.b, s_3.c, s_3.d
         Presorted Key: s_3.a, s_3.b, s_3.c
         ->  Sort  (cost=1531440.69..1556440.54 rows=9999939 width=20)
               Sort Key: s_3.a, s_3.b, s_3.c
               ->  Seq Scan on s_3  (cost=0.00..163694.39 rows=9999939 width=20)
(7 rows)

===== 324 [Wed Mar  7 06:36:59 CET 2018] scale:10000000 groups:1000 work_mem:128MB incremental:on max_workers:2 =====
SELECT * FROM (SELECT * FROM s_4 ORDER BY a, b, c, d) foo ORDER BY a, b, c, d, e
                                    QUERY PLAN                                    
----------------------------------------------------------------------------------
 Limit  (cost=2117559.13..2117559.13 rows=1 width=20)
   ->  Incremental Sort  (cost=1531459.83..2017558.59 rows=10000054 width=20)
         Sort Key: s_4.a, s_4.b, s_4.c, s_4.d, s_4.e
         Presorted Key: s_4.a, s_4.b, s_4.c, s_4.d
         ->  Sort  (cost=1531459.54..1556459.68 rows=10000054 width=20)
               Sort Key: s_4.a, s_4.b, s_4.c, s_4.d
               ->  Seq Scan on s_4  (cost=0.00..163695.54 rows=10000054 width=20)
(7 rows)

===== 325 [Wed Mar  7 06:37:20 CET 2018] scale:10000000 groups:1000 work_mem:128MB incremental:off max_workers:2 =====
SELECT * FROM (SELECT * FROM s_1 ORDER BY a) foo ORDER BY a, b
                                   QUERY PLAN                                    
---------------------------------------------------------------------------------
 Limit  (cost=3149185.47..3149185.47 rows=1 width=20)
   ->  Sort  (cost=3024186.23..3049186.08 rows=9999939 width=20)
         Sort Key: s_1.a, s_1.b
         ->  Sort  (cost=1531440.69..1556440.54 rows=9999939 width=20)
               Sort Key: s_1.a
               ->  Seq Scan on s_1  (cost=0.00..163694.39 rows=9999939 width=20)
(6 rows)

===== 326 [Wed Mar  7 06:38:03 CET 2018] scale:10000000 groups:1000 work_mem:128MB incremental:off max_workers:2 =====
SELECT * FROM (SELECT * FROM s_2 ORDER BY a, b) foo ORDER BY a, b, c
                                   QUERY PLAN                                    
---------------------------------------------------------------------------------
 Limit  (cost=3149185.47..3149185.47 rows=1 width=20)
   ->  Sort  (cost=3024186.23..3049186.08 rows=9999939 width=20)
         Sort Key: s_2.a, s_2.b, s_2.c
         ->  Sort  (cost=1531440.69..1556440.54 rows=9999939 width=20)
               Sort Key: s_2.a, s_2.b
               ->  Seq Scan on s_2  (cost=0.00..163694.39 rows=9999939 width=20)
(6 rows)

===== 327 [Wed Mar  7 06:38:46 CET 2018] scale:10000000 groups:1000 work_mem:128MB incremental:off max_workers:2 =====
SELECT * FROM (SELECT * FROM s_3 ORDER BY a, b, c) foo ORDER BY a, b, c, d
                                   QUERY PLAN                                    
---------------------------------------------------------------------------------
 Limit  (cost=3149185.47..3149185.47 rows=1 width=20)
   ->  Sort  (cost=3024186.23..3049186.08 rows=9999939 width=20)
         Sort Key: s_3.a, s_3.b, s_3.c, s_3.d
         ->  Sort  (cost=1531440.69..1556440.54 rows=9999939 width=20)
               Sort Key: s_3.a, s_3.b, s_3.c
               ->  Seq Scan on s_3  (cost=0.00..163694.39 rows=9999939 width=20)
(6 rows)

===== 328 [Wed Mar  7 06:39:23 CET 2018] scale:10000000 groups:1000 work_mem:128MB incremental:off max_workers:2 =====
SELECT * FROM (SELECT * FROM s_4 ORDER BY a, b, c, d) foo ORDER BY a, b, c, d, e
                                    QUERY PLAN                                    
----------------------------------------------------------------------------------
 Limit  (cost=3149224.89..3149224.89 rows=1 width=20)
   ->  Sort  (cost=3024224.22..3049224.35 rows=10000054 width=20)
         Sort Key: s_4.a, s_4.b, s_4.c, s_4.d, s_4.e
         ->  Sort  (cost=1531459.54..1556459.68 rows=10000054 width=20)
               Sort Key: s_4.a, s_4.b, s_4.c, s_4.d
               ->  Seq Scan on s_4  (cost=0.00..163695.54 rows=10000054 width=20)
(6 rows)

===== 329 [Wed Mar  7 06:39:53 CET 2018] scale:10000000 groups:1000 work_mem:256MB incremental:on max_workers:2 =====
SELECT * FROM (SELECT * FROM s_1 ORDER BY a) foo ORDER BY a, b
                                   QUERY PLAN                                    
---------------------------------------------------------------------------------
 Limit  (cost=2411589.75..2411589.75 rows=1 width=20)
   ->  Incremental Sort  (cost=1532091.00..2328256.93 rows=8333282 width=20)
         Sort Key: s_1.a, s_1.b
         Presorted Key: s_1.a
         ->  Sort  (cost=1531440.69..1556440.54 rows=9999939 width=20)
               Sort Key: s_1.a
               ->  Seq Scan on s_1  (cost=0.00..163694.39 rows=9999939 width=20)
(7 rows)

===== 330 [Wed Mar  7 06:40:25 CET 2018] scale:10000000 groups:1000 work_mem:256MB incremental:on max_workers:2 =====
SELECT * FROM (SELECT * FROM s_2 ORDER BY a, b) foo ORDER BY a, b, c
                                   QUERY PLAN                                    
---------------------------------------------------------------------------------
 Limit  (cost=2024018.01..2024018.01 rows=1 width=20)
   ->  Incremental Sort  (cost=1531440.99..1940685.19 rows=8333282 width=20)
         Sort Key: s_2.a, s_2.b, s_2.c
         Presorted Key: s_2.a, s_2.b
         ->  Sort  (cost=1531440.69..1556440.54 rows=9999939 width=20)
               Sort Key: s_2.a, s_2.b
               ->  Seq Scan on s_2  (cost=0.00..163694.39 rows=9999939 width=20)
(7 rows)

===== 331 [Wed Mar  7 06:40:53 CET 2018] scale:10000000 groups:1000 work_mem:256MB incremental:on max_workers:2 =====
SELECT * FROM (SELECT * FROM s_3 ORDER BY a, b, c) foo ORDER BY a, b, c, d
                                   QUERY PLAN                                    
---------------------------------------------------------------------------------
 Limit  (cost=2024018.01..2024018.01 rows=1 width=20)
   ->  Incremental Sort  (cost=1531440.99..1940685.19 rows=8333282 width=20)
         Sort Key: s_3.a, s_3.b, s_3.c, s_3.d
         Presorted Key: s_3.a, s_3.b, s_3.c
         ->  Sort  (cost=1531440.69..1556440.54 rows=9999939 width=20)
               Sort Key: s_3.a, s_3.b, s_3.c
               ->  Seq Scan on s_3  (cost=0.00..163694.39 rows=9999939 width=20)
(7 rows)

===== 332 [Wed Mar  7 06:41:14 CET 2018] scale:10000000 groups:1000 work_mem:256MB incremental:on max_workers:2 =====
SELECT * FROM (SELECT * FROM s_4 ORDER BY a, b, c, d) foo ORDER BY a, b, c, d, e
                                    QUERY PLAN                                    
----------------------------------------------------------------------------------
 Limit  (cost=2024042.51..2024042.51 rows=1 width=20)
   ->  Incremental Sort  (cost=1531459.84..1940708.73 rows=8333378 width=20)
         Sort Key: s_4.a, s_4.b, s_4.c, s_4.d, s_4.e
         Presorted Key: s_4.a, s_4.b, s_4.c, s_4.d
         ->  Sort  (cost=1531459.54..1556459.68 rows=10000054 width=20)
               Sort Key: s_4.a, s_4.b, s_4.c, s_4.d
               ->  Seq Scan on s_4  (cost=0.00..163695.54 rows=10000054 width=20)
(7 rows)

===== 333 [Wed Mar  7 06:41:36 CET 2018] scale:10000000 groups:1000 work_mem:256MB incremental:off max_workers:2 =====
SELECT * FROM (SELECT * FROM s_1 ORDER BY a) foo ORDER BY a, b
                                           QUERY PLAN                                           
------------------------------------------------------------------------------------------------
 Limit  (cost=2853103.68..2853103.68 rows=1 width=20)
   ->  Sort  (cost=2748937.65..2769770.86 rows=8333282 width=20)
         Sort Key: s_1.a, s_1.b
         ->  Gather Merge  (cost=564493.06..1536777.17 rows=8333282 width=20)
               Workers Planned: 2
               ->  Sort  (cost=563493.04..573909.64 rows=4166641 width=20)
                     Sort Key: s_1.a
                     ->  Parallel Seq Scan on s_1  (cost=0.00..105361.41 rows=4166641 width=20)
(8 rows)

===== 334 [Wed Mar  7 06:42:17 CET 2018] scale:10000000 groups:1000 work_mem:256MB incremental:off max_workers:2 =====
SELECT * FROM (SELECT * FROM s_2 ORDER BY a, b) foo ORDER BY a, b, c
                                           QUERY PLAN                                           
------------------------------------------------------------------------------------------------
 Limit  (cost=2853103.68..2853103.68 rows=1 width=20)
   ->  Sort  (cost=2748937.65..2769770.86 rows=8333282 width=20)
         Sort Key: s_2.a, s_2.b, s_2.c
         ->  Gather Merge  (cost=564493.06..1536777.17 rows=8333282 width=20)
               Workers Planned: 2
               ->  Sort  (cost=563493.04..573909.64 rows=4166641 width=20)
                     Sort Key: s_2.a, s_2.b
                     ->  Parallel Seq Scan on s_2  (cost=0.00..105361.41 rows=4166641 width=20)
(8 rows)

===== 335 [Wed Mar  7 06:43:01 CET 2018] scale:10000000 groups:1000 work_mem:256MB incremental:off max_workers:2 =====
SELECT * FROM (SELECT * FROM s_3 ORDER BY a, b, c) foo ORDER BY a, b, c, d
                                           QUERY PLAN                                           
------------------------------------------------------------------------------------------------
 Limit  (cost=2853103.68..2853103.68 rows=1 width=20)
   ->  Sort  (cost=2748937.65..2769770.86 rows=8333282 width=20)
         Sort Key: s_3.a, s_3.b, s_3.c, s_3.d
         ->  Gather Merge  (cost=564493.06..1536777.17 rows=8333282 width=20)
               Workers Planned: 2
               ->  Sort  (cost=563493.04..573909.64 rows=4166641 width=20)
                     Sort Key: s_3.a, s_3.b, s_3.c
                     ->  Parallel Seq Scan on s_3  (cost=0.00..105361.41 rows=4166641 width=20)
(8 rows)

===== 336 [Wed Mar  7 06:43:39 CET 2018] scale:10000000 groups:1000 work_mem:256MB incremental:off max_workers:2 =====
SELECT * FROM (SELECT * FROM s_4 ORDER BY a, b, c, d) foo ORDER BY a, b, c, d, e
                                           QUERY PLAN                                           
------------------------------------------------------------------------------------------------
 Limit  (cost=2853138.37..2853138.37 rows=1 width=20)
   ->  Sort  (cost=2748971.14..2769804.59 rows=8333378 width=20)
         Sort Key: s_4.a, s_4.b, s_4.c, s_4.d, s_4.e
         ->  Gather Merge  (cost=564499.16..1536794.48 rows=8333378 width=20)
               Workers Planned: 2
               ->  Sort  (cost=563499.14..573915.86 rows=4166689 width=20)
                     Sort Key: s_4.a, s_4.b, s_4.c, s_4.d
                     ->  Parallel Seq Scan on s_4  (cost=0.00..105361.89 rows=4166689 width=20)
(8 rows)

===== 337 [Wed Mar  7 06:45:13 CET 2018] scale:10000000 groups:10000 work_mem:4MB incremental:on max_workers:0 =====
SELECT * FROM (SELECT * FROM s_1 ORDER BY a) foo ORDER BY a, b
                                    QUERY PLAN                                    
----------------------------------------------------------------------------------
 Limit  (cost=2638711.40..2638711.40 rows=1 width=20)
   ->  Incremental Sort  (cost=1736608.02..2538710.86 rows=10000054 width=20)
         Sort Key: s_1.a, s_1.b
         Presorted Key: s_1.a
         ->  Sort  (cost=1736542.04..1761542.18 rows=10000054 width=20)
               Sort Key: s_1.a
               ->  Seq Scan on s_1  (cost=0.00..163695.54 rows=10000054 width=20)
(7 rows)

===== 338 [Wed Mar  7 06:45:53 CET 2018] scale:10000000 groups:10000 work_mem:4MB incremental:on max_workers:0 =====
SELECT * FROM (SELECT * FROM s_2 ORDER BY a, b) foo ORDER BY a, b, c
                                    QUERY PLAN                                    
----------------------------------------------------------------------------------
 Limit  (cost=2322641.63..2322641.63 rows=1 width=20)
   ->  Incremental Sort  (cost=1736542.33..2222641.09 rows=10000054 width=20)
         Sort Key: s_2.a, s_2.b, s_2.c
         Presorted Key: s_2.a, s_2.b
         ->  Sort  (cost=1736542.04..1761542.18 rows=10000054 width=20)
               Sort Key: s_2.a, s_2.b
               ->  Seq Scan on s_2  (cost=0.00..163695.54 rows=10000054 width=20)
(7 rows)

===== 339 [Wed Mar  7 06:46:23 CET 2018] scale:10000000 groups:10000 work_mem:4MB incremental:on max_workers:0 =====
SELECT * FROM (SELECT * FROM s_3 ORDER BY a, b, c) foo ORDER BY a, b, c, d
                                    QUERY PLAN                                    
----------------------------------------------------------------------------------
 Limit  (cost=2322641.63..2322641.63 rows=1 width=20)
   ->  Incremental Sort  (cost=1736542.33..2222641.09 rows=10000054 width=20)
         Sort Key: s_3.a, s_3.b, s_3.c, s_3.d
         Presorted Key: s_3.a, s_3.b, s_3.c
         ->  Sort  (cost=1736542.04..1761542.18 rows=10000054 width=20)
               Sort Key: s_3.a, s_3.b, s_3.c
               ->  Seq Scan on s_3  (cost=0.00..163695.54 rows=10000054 width=20)
(7 rows)

===== 340 [Wed Mar  7 06:46:52 CET 2018] scale:10000000 groups:10000 work_mem:4MB incremental:on max_workers:0 =====
SELECT * FROM (SELECT * FROM s_4 ORDER BY a, b, c, d) foo ORDER BY a, b, c, d, e
                                    QUERY PLAN                                    
----------------------------------------------------------------------------------
 Limit  (cost=2322641.63..2322641.63 rows=1 width=20)
   ->  Incremental Sort  (cost=1736542.33..2222641.09 rows=10000054 width=20)
         Sort Key: s_4.a, s_4.b, s_4.c, s_4.d, s_4.e
         Presorted Key: s_4.a, s_4.b, s_4.c, s_4.d
         ->  Sort  (cost=1736542.04..1761542.18 rows=10000054 width=20)
               Sort Key: s_4.a, s_4.b, s_4.c, s_4.d
               ->  Seq Scan on s_4  (cost=0.00..163695.54 rows=10000054 width=20)
(7 rows)

===== 341 [Wed Mar  7 06:47:21 CET 2018] scale:10000000 groups:10000 work_mem:4MB incremental:off max_workers:0 =====
SELECT * FROM (SELECT * FROM s_1 ORDER BY a) foo ORDER BY a, b
                                    QUERY PLAN                                    
----------------------------------------------------------------------------------
 Limit  (cost=3559389.89..3559389.89 rows=1 width=20)
   ->  Sort  (cost=3434389.22..3459389.35 rows=10000054 width=20)
         Sort Key: s_1.a, s_1.b
         ->  Sort  (cost=1736542.04..1761542.18 rows=10000054 width=20)
               Sort Key: s_1.a
               ->  Seq Scan on s_1  (cost=0.00..163695.54 rows=10000054 width=20)
(6 rows)

===== 342 [Wed Mar  7 06:48:17 CET 2018] scale:10000000 groups:10000 work_mem:4MB incremental:off max_workers:0 =====
SELECT * FROM (SELECT * FROM s_2 ORDER BY a, b) foo ORDER BY a, b, c
                                    QUERY PLAN                                    
----------------------------------------------------------------------------------
 Limit  (cost=3559389.89..3559389.89 rows=1 width=20)
   ->  Sort  (cost=3434389.22..3459389.35 rows=10000054 width=20)
         Sort Key: s_2.a, s_2.b, s_2.c
         ->  Sort  (cost=1736542.04..1761542.18 rows=10000054 width=20)
               Sort Key: s_2.a, s_2.b
               ->  Seq Scan on s_2  (cost=0.00..163695.54 rows=10000054 width=20)
(6 rows)

===== 343 [Wed Mar  7 06:49:09 CET 2018] scale:10000000 groups:10000 work_mem:4MB incremental:off max_workers:0 =====
SELECT * FROM (SELECT * FROM s_3 ORDER BY a, b, c) foo ORDER BY a, b, c, d
                                    QUERY PLAN                                    
----------------------------------------------------------------------------------
 Limit  (cost=3559389.89..3559389.89 rows=1 width=20)
   ->  Sort  (cost=3434389.22..3459389.35 rows=10000054 width=20)
         Sort Key: s_3.a, s_3.b, s_3.c, s_3.d
         ->  Sort  (cost=1736542.04..1761542.18 rows=10000054 width=20)
               Sort Key: s_3.a, s_3.b, s_3.c
               ->  Seq Scan on s_3  (cost=0.00..163695.54 rows=10000054 width=20)
(6 rows)

===== 344 [Wed Mar  7 06:49:53 CET 2018] scale:10000000 groups:10000 work_mem:4MB incremental:off max_workers:0 =====
SELECT * FROM (SELECT * FROM s_4 ORDER BY a, b, c, d) foo ORDER BY a, b, c, d, e
                                    QUERY PLAN                                    
----------------------------------------------------------------------------------
 Limit  (cost=3559389.89..3559389.89 rows=1 width=20)
   ->  Sort  (cost=3434389.22..3459389.35 rows=10000054 width=20)
         Sort Key: s_4.a, s_4.b, s_4.c, s_4.d, s_4.e
         ->  Sort  (cost=1736542.04..1761542.18 rows=10000054 width=20)
               Sort Key: s_4.a, s_4.b, s_4.c, s_4.d
               ->  Seq Scan on s_4  (cost=0.00..163695.54 rows=10000054 width=20)
(6 rows)

===== 345 [Wed Mar  7 06:50:37 CET 2018] scale:10000000 groups:10000 work_mem:8MB incremental:on max_workers:0 =====
SELECT * FROM (SELECT * FROM s_1 ORDER BY a) foo ORDER BY a, b
                                    QUERY PLAN                                    
----------------------------------------------------------------------------------
 Limit  (cost=2638711.40..2638711.40 rows=1 width=20)
   ->  Incremental Sort  (cost=1736608.02..2538710.86 rows=10000054 width=20)
         Sort Key: s_1.a, s_1.b
         Presorted Key: s_1.a
         ->  Sort  (cost=1736542.04..1761542.18 rows=10000054 width=20)
               Sort Key: s_1.a
               ->  Seq Scan on s_1  (cost=0.00..163695.54 rows=10000054 width=20)
(7 rows)

===== 346 [Wed Mar  7 06:51:12 CET 2018] scale:10000000 groups:10000 work_mem:8MB incremental:on max_workers:0 =====
SELECT * FROM (SELECT * FROM s_2 ORDER BY a, b) foo ORDER BY a, b, c
                                    QUERY PLAN                                    
----------------------------------------------------------------------------------
 Limit  (cost=2322641.63..2322641.63 rows=1 width=20)
   ->  Incremental Sort  (cost=1736542.33..2222641.09 rows=10000054 width=20)
         Sort Key: s_2.a, s_2.b, s_2.c
         Presorted Key: s_2.a, s_2.b
         ->  Sort  (cost=1736542.04..1761542.18 rows=10000054 width=20)
               Sort Key: s_2.a, s_2.b
               ->  Seq Scan on s_2  (cost=0.00..163695.54 rows=10000054 width=20)
(7 rows)

===== 347 [Wed Mar  7 06:51:38 CET 2018] scale:10000000 groups:10000 work_mem:8MB incremental:on max_workers:0 =====
SELECT * FROM (SELECT * FROM s_3 ORDER BY a, b, c) foo ORDER BY a, b, c, d
                                    QUERY PLAN                                    
----------------------------------------------------------------------------------
 Limit  (cost=2322641.63..2322641.63 rows=1 width=20)
   ->  Incremental Sort  (cost=1736542.33..2222641.09 rows=10000054 width=20)
         Sort Key: s_3.a, s_3.b, s_3.c, s_3.d
         Presorted Key: s_3.a, s_3.b, s_3.c
         ->  Sort  (cost=1736542.04..1761542.18 rows=10000054 width=20)
               Sort Key: s_3.a, s_3.b, s_3.c
               ->  Seq Scan on s_3  (cost=0.00..163695.54 rows=10000054 width=20)
(7 rows)

===== 348 [Wed Mar  7 06:52:02 CET 2018] scale:10000000 groups:10000 work_mem:8MB incremental:on max_workers:0 =====
SELECT * FROM (SELECT * FROM s_4 ORDER BY a, b, c, d) foo ORDER BY a, b, c, d, e
                                    QUERY PLAN                                    
----------------------------------------------------------------------------------
 Limit  (cost=2322641.63..2322641.63 rows=1 width=20)
   ->  Incremental Sort  (cost=1736542.33..2222641.09 rows=10000054 width=20)
         Sort Key: s_4.a, s_4.b, s_4.c, s_4.d, s_4.e
         Presorted Key: s_4.a, s_4.b, s_4.c, s_4.d
         ->  Sort  (cost=1736542.04..1761542.18 rows=10000054 width=20)
               Sort Key: s_4.a, s_4.b, s_4.c, s_4.d
               ->  Seq Scan on s_4  (cost=0.00..163695.54 rows=10000054 width=20)
(7 rows)

===== 349 [Wed Mar  7 06:52:27 CET 2018] scale:10000000 groups:10000 work_mem:8MB incremental:off max_workers:0 =====
SELECT * FROM (SELECT * FROM s_1 ORDER BY a) foo ORDER BY a, b
                                    QUERY PLAN                                    
----------------------------------------------------------------------------------
 Limit  (cost=3559389.89..3559389.89 rows=1 width=20)
   ->  Sort  (cost=3434389.22..3459389.35 rows=10000054 width=20)
         Sort Key: s_1.a, s_1.b
         ->  Sort  (cost=1736542.04..1761542.18 rows=10000054 width=20)
               Sort Key: s_1.a
               ->  Seq Scan on s_1  (cost=0.00..163695.54 rows=10000054 width=20)
(6 rows)

===== 350 [Wed Mar  7 06:53:16 CET 2018] scale:10000000 groups:10000 work_mem:8MB incremental:off max_workers:0 =====
SELECT * FROM (SELECT * FROM s_2 ORDER BY a, b) foo ORDER BY a, b, c
                                    QUERY PLAN                                    
----------------------------------------------------------------------------------
 Limit  (cost=3559389.89..3559389.89 rows=1 width=20)
   ->  Sort  (cost=3434389.22..3459389.35 rows=10000054 width=20)
         Sort Key: s_2.a, s_2.b, s_2.c
         ->  Sort  (cost=1736542.04..1761542.18 rows=10000054 width=20)
               Sort Key: s_2.a, s_2.b
               ->  Seq Scan on s_2  (cost=0.00..163695.54 rows=10000054 width=20)
(6 rows)

===== 351 [Wed Mar  7 06:54:00 CET 2018] scale:10000000 groups:10000 work_mem:8MB incremental:off max_workers:0 =====
SELECT * FROM (SELECT * FROM s_3 ORDER BY a, b, c) foo ORDER BY a, b, c, d
                                    QUERY PLAN                                    
----------------------------------------------------------------------------------
 Limit  (cost=3559389.89..3559389.89 rows=1 width=20)
   ->  Sort  (cost=3434389.22..3459389.35 rows=10000054 width=20)
         Sort Key: s_3.a, s_3.b, s_3.c, s_3.d
         ->  Sort  (cost=1736542.04..1761542.18 rows=10000054 width=20)
               Sort Key: s_3.a, s_3.b, s_3.c
               ->  Seq Scan on s_3  (cost=0.00..163695.54 rows=10000054 width=20)
(6 rows)

===== 352 [Wed Mar  7 06:54:35 CET 2018] scale:10000000 groups:10000 work_mem:8MB incremental:off max_workers:0 =====
SELECT * FROM (SELECT * FROM s_4 ORDER BY a, b, c, d) foo ORDER BY a, b, c, d, e
                                    QUERY PLAN                                    
----------------------------------------------------------------------------------
 Limit  (cost=3559389.89..3559389.89 rows=1 width=20)
   ->  Sort  (cost=3434389.22..3459389.35 rows=10000054 width=20)
         Sort Key: s_4.a, s_4.b, s_4.c, s_4.d, s_4.e
         ->  Sort  (cost=1736542.04..1761542.18 rows=10000054 width=20)
               Sort Key: s_4.a, s_4.b, s_4.c, s_4.d
               ->  Seq Scan on s_4  (cost=0.00..163695.54 rows=10000054 width=20)
(6 rows)

===== 353 [Wed Mar  7 06:55:10 CET 2018] scale:10000000 groups:10000 work_mem:16MB incremental:on max_workers:0 =====
SELECT * FROM (SELECT * FROM s_1 ORDER BY a) foo ORDER BY a, b
                                    QUERY PLAN                                    
----------------------------------------------------------------------------------
 Limit  (cost=2433628.90..2433628.90 rows=1 width=20)
   ->  Incremental Sort  (cost=1531525.52..2333628.36 rows=10000054 width=20)
         Sort Key: s_1.a, s_1.b
         Presorted Key: s_1.a
         ->  Sort  (cost=1531459.54..1556459.68 rows=10000054 width=20)
               Sort Key: s_1.a
               ->  Seq Scan on s_1  (cost=0.00..163695.54 rows=10000054 width=20)
(7 rows)

===== 354 [Wed Mar  7 06:55:41 CET 2018] scale:10000000 groups:10000 work_mem:16MB incremental:on max_workers:0 =====
SELECT * FROM (SELECT * FROM s_2 ORDER BY a, b) foo ORDER BY a, b, c
                                    QUERY PLAN                                    
----------------------------------------------------------------------------------
 Limit  (cost=2117559.13..2117559.13 rows=1 width=20)
   ->  Incremental Sort  (cost=1531459.83..2017558.59 rows=10000054 width=20)
         Sort Key: s_2.a, s_2.b, s_2.c
         Presorted Key: s_2.a, s_2.b
         ->  Sort  (cost=1531459.54..1556459.68 rows=10000054 width=20)
               Sort Key: s_2.a, s_2.b
               ->  Seq Scan on s_2  (cost=0.00..163695.54 rows=10000054 width=20)
(7 rows)

===== 355 [Wed Mar  7 06:56:02 CET 2018] scale:10000000 groups:10000 work_mem:16MB incremental:on max_workers:0 =====
SELECT * FROM (SELECT * FROM s_3 ORDER BY a, b, c) foo ORDER BY a, b, c, d
                                    QUERY PLAN                                    
----------------------------------------------------------------------------------
 Limit  (cost=2117559.13..2117559.13 rows=1 width=20)
   ->  Incremental Sort  (cost=1531459.83..2017558.59 rows=10000054 width=20)
         Sort Key: s_3.a, s_3.b, s_3.c, s_3.d
         Presorted Key: s_3.a, s_3.b, s_3.c
         ->  Sort  (cost=1531459.54..1556459.68 rows=10000054 width=20)
               Sort Key: s_3.a, s_3.b, s_3.c
               ->  Seq Scan on s_3  (cost=0.00..163695.54 rows=10000054 width=20)
(7 rows)

===== 356 [Wed Mar  7 06:56:22 CET 2018] scale:10000000 groups:10000 work_mem:16MB incremental:on max_workers:0 =====
SELECT * FROM (SELECT * FROM s_4 ORDER BY a, b, c, d) foo ORDER BY a, b, c, d, e
                                    QUERY PLAN                                    
----------------------------------------------------------------------------------
 Limit  (cost=2117559.13..2117559.13 rows=1 width=20)
   ->  Incremental Sort  (cost=1531459.83..2017558.59 rows=10000054 width=20)
         Sort Key: s_4.a, s_4.b, s_4.c, s_4.d, s_4.e
         Presorted Key: s_4.a, s_4.b, s_4.c, s_4.d
         ->  Sort  (cost=1531459.54..1556459.68 rows=10000054 width=20)
               Sort Key: s_4.a, s_4.b, s_4.c, s_4.d
               ->  Seq Scan on s_4  (cost=0.00..163695.54 rows=10000054 width=20)
(7 rows)

===== 357 [Wed Mar  7 06:56:42 CET 2018] scale:10000000 groups:10000 work_mem:16MB incremental:off max_workers:0 =====
SELECT * FROM (SELECT * FROM s_1 ORDER BY a) foo ORDER BY a, b
                                    QUERY PLAN                                    
----------------------------------------------------------------------------------
 Limit  (cost=3149224.89..3149224.89 rows=1 width=20)
   ->  Sort  (cost=3024224.22..3049224.35 rows=10000054 width=20)
         Sort Key: s_1.a, s_1.b
         ->  Sort  (cost=1531459.54..1556459.68 rows=10000054 width=20)
               Sort Key: s_1.a
               ->  Seq Scan on s_1  (cost=0.00..163695.54 rows=10000054 width=20)
(6 rows)

===== 358 [Wed Mar  7 06:57:23 CET 2018] scale:10000000 groups:10000 work_mem:16MB incremental:off max_workers:0 =====
SELECT * FROM (SELECT * FROM s_2 ORDER BY a, b) foo ORDER BY a, b, c
                                    QUERY PLAN                                    
----------------------------------------------------------------------------------
 Limit  (cost=3149224.89..3149224.89 rows=1 width=20)
   ->  Sort  (cost=3024224.22..3049224.35 rows=10000054 width=20)
         Sort Key: s_2.a, s_2.b, s_2.c
         ->  Sort  (cost=1531459.54..1556459.68 rows=10000054 width=20)
               Sort Key: s_2.a, s_2.b
               ->  Seq Scan on s_2  (cost=0.00..163695.54 rows=10000054 width=20)
(6 rows)

===== 359 [Wed Mar  7 06:57:58 CET 2018] scale:10000000 groups:10000 work_mem:16MB incremental:off max_workers:0 =====
SELECT * FROM (SELECT * FROM s_3 ORDER BY a, b, c) foo ORDER BY a, b, c, d
                                    QUERY PLAN                                    
----------------------------------------------------------------------------------
 Limit  (cost=3149224.89..3149224.89 rows=1 width=20)
   ->  Sort  (cost=3024224.22..3049224.35 rows=10000054 width=20)
         Sort Key: s_3.a, s_3.b, s_3.c, s_3.d
         ->  Sort  (cost=1531459.54..1556459.68 rows=10000054 width=20)
               Sort Key: s_3.a, s_3.b, s_3.c
               ->  Seq Scan on s_3  (cost=0.00..163695.54 rows=10000054 width=20)
(6 rows)

===== 360 [Wed Mar  7 06:58:25 CET 2018] scale:10000000 groups:10000 work_mem:16MB incremental:off max_workers:0 =====
SELECT * FROM (SELECT * FROM s_4 ORDER BY a, b, c, d) foo ORDER BY a, b, c, d, e
                                    QUERY PLAN                                    
----------------------------------------------------------------------------------
 Limit  (cost=3149224.89..3149224.89 rows=1 width=20)
   ->  Sort  (cost=3024224.22..3049224.35 rows=10000054 width=20)
         Sort Key: s_4.a, s_4.b, s_4.c, s_4.d, s_4.e
         ->  Sort  (cost=1531459.54..1556459.68 rows=10000054 width=20)
               Sort Key: s_4.a, s_4.b, s_4.c, s_4.d
               ->  Seq Scan on s_4  (cost=0.00..163695.54 rows=10000054 width=20)
(6 rows)

===== 361 [Wed Mar  7 06:58:50 CET 2018] scale:10000000 groups:10000 work_mem:32MB incremental:on max_workers:0 =====
SELECT * FROM (SELECT * FROM s_1 ORDER BY a) foo ORDER BY a, b
                                    QUERY PLAN                                    
----------------------------------------------------------------------------------
 Limit  (cost=2433628.90..2433628.90 rows=1 width=20)
   ->  Incremental Sort  (cost=1531525.52..2333628.36 rows=10000054 width=20)
         Sort Key: s_1.a, s_1.b
         Presorted Key: s_1.a
         ->  Sort  (cost=1531459.54..1556459.68 rows=10000054 width=20)
               Sort Key: s_1.a
               ->  Seq Scan on s_1  (cost=0.00..163695.54 rows=10000054 width=20)
(7 rows)

===== 362 [Wed Mar  7 06:59:21 CET 2018] scale:10000000 groups:10000 work_mem:32MB incremental:on max_workers:0 =====
SELECT * FROM (SELECT * FROM s_2 ORDER BY a, b) foo ORDER BY a, b, c
                                    QUERY PLAN                                    
----------------------------------------------------------------------------------
 Limit  (cost=2117559.13..2117559.13 rows=1 width=20)
   ->  Incremental Sort  (cost=1531459.83..2017558.59 rows=10000054 width=20)
         Sort Key: s_2.a, s_2.b, s_2.c
         Presorted Key: s_2.a, s_2.b
         ->  Sort  (cost=1531459.54..1556459.68 rows=10000054 width=20)
               Sort Key: s_2.a, s_2.b
               ->  Seq Scan on s_2  (cost=0.00..163695.54 rows=10000054 width=20)
(7 rows)

===== 363 [Wed Mar  7 06:59:42 CET 2018] scale:10000000 groups:10000 work_mem:32MB incremental:on max_workers:0 =====
SELECT * FROM (SELECT * FROM s_3 ORDER BY a, b, c) foo ORDER BY a, b, c, d
                                    QUERY PLAN                                    
----------------------------------------------------------------------------------
 Limit  (cost=2117559.13..2117559.13 rows=1 width=20)
   ->  Incremental Sort  (cost=1531459.83..2017558.59 rows=10000054 width=20)
         Sort Key: s_3.a, s_3.b, s_3.c, s_3.d
         Presorted Key: s_3.a, s_3.b, s_3.c
         ->  Sort  (cost=1531459.54..1556459.68 rows=10000054 width=20)
               Sort Key: s_3.a, s_3.b, s_3.c
               ->  Seq Scan on s_3  (cost=0.00..163695.54 rows=10000054 width=20)
(7 rows)

===== 364 [Wed Mar  7 07:00:02 CET 2018] scale:10000000 groups:10000 work_mem:32MB incremental:on max_workers:0 =====
SELECT * FROM (SELECT * FROM s_4 ORDER BY a, b, c, d) foo ORDER BY a, b, c, d, e
                                    QUERY PLAN                                    
----------------------------------------------------------------------------------
 Limit  (cost=2117559.13..2117559.13 rows=1 width=20)
   ->  Incremental Sort  (cost=1531459.83..2017558.59 rows=10000054 width=20)
         Sort Key: s_4.a, s_4.b, s_4.c, s_4.d, s_4.e
         Presorted Key: s_4.a, s_4.b, s_4.c, s_4.d
         ->  Sort  (cost=1531459.54..1556459.68 rows=10000054 width=20)
               Sort Key: s_4.a, s_4.b, s_4.c, s_4.d
               ->  Seq Scan on s_4  (cost=0.00..163695.54 rows=10000054 width=20)
(7 rows)

===== 365 [Wed Mar  7 07:00:22 CET 2018] scale:10000000 groups:10000 work_mem:32MB incremental:off max_workers:0 =====
SELECT * FROM (SELECT * FROM s_1 ORDER BY a) foo ORDER BY a, b
                                    QUERY PLAN                                    
----------------------------------------------------------------------------------
 Limit  (cost=3149224.89..3149224.89 rows=1 width=20)
   ->  Sort  (cost=3024224.22..3049224.35 rows=10000054 width=20)
         Sort Key: s_1.a, s_1.b
         ->  Sort  (cost=1531459.54..1556459.68 rows=10000054 width=20)
               Sort Key: s_1.a
               ->  Seq Scan on s_1  (cost=0.00..163695.54 rows=10000054 width=20)
(6 rows)

===== 366 [Wed Mar  7 07:01:02 CET 2018] scale:10000000 groups:10000 work_mem:32MB incremental:off max_workers:0 =====
SELECT * FROM (SELECT * FROM s_2 ORDER BY a, b) foo ORDER BY a, b, c
                                    QUERY PLAN                                    
----------------------------------------------------------------------------------
 Limit  (cost=3149224.89..3149224.89 rows=1 width=20)
   ->  Sort  (cost=3024224.22..3049224.35 rows=10000054 width=20)
         Sort Key: s_2.a, s_2.b, s_2.c
         ->  Sort  (cost=1531459.54..1556459.68 rows=10000054 width=20)
               Sort Key: s_2.a, s_2.b
               ->  Seq Scan on s_2  (cost=0.00..163695.54 rows=10000054 width=20)
(6 rows)

===== 367 [Wed Mar  7 07:01:38 CET 2018] scale:10000000 groups:10000 work_mem:32MB incremental:off max_workers:0 =====
SELECT * FROM (SELECT * FROM s_3 ORDER BY a, b, c) foo ORDER BY a, b, c, d
                                    QUERY PLAN                                    
----------------------------------------------------------------------------------
 Limit  (cost=3149224.89..3149224.89 rows=1 width=20)
   ->  Sort  (cost=3024224.22..3049224.35 rows=10000054 width=20)
         Sort Key: s_3.a, s_3.b, s_3.c, s_3.d
         ->  Sort  (cost=1531459.54..1556459.68 rows=10000054 width=20)
               Sort Key: s_3.a, s_3.b, s_3.c
               ->  Seq Scan on s_3  (cost=0.00..163695.54 rows=10000054 width=20)
(6 rows)

===== 368 [Wed Mar  7 07:02:04 CET 2018] scale:10000000 groups:10000 work_mem:32MB incremental:off max_workers:0 =====
SELECT * FROM (SELECT * FROM s_4 ORDER BY a, b, c, d) foo ORDER BY a, b, c, d, e
                                    QUERY PLAN                                    
----------------------------------------------------------------------------------
 Limit  (cost=3149224.89..3149224.89 rows=1 width=20)
   ->  Sort  (cost=3024224.22..3049224.35 rows=10000054 width=20)
         Sort Key: s_4.a, s_4.b, s_4.c, s_4.d, s_4.e
         ->  Sort  (cost=1531459.54..1556459.68 rows=10000054 width=20)
               Sort Key: s_4.a, s_4.b, s_4.c, s_4.d
               ->  Seq Scan on s_4  (cost=0.00..163695.54 rows=10000054 width=20)
(6 rows)

===== 369 [Wed Mar  7 07:02:30 CET 2018] scale:10000000 groups:10000 work_mem:64MB incremental:on max_workers:0 =====
SELECT * FROM (SELECT * FROM s_1 ORDER BY a) foo ORDER BY a, b
                                    QUERY PLAN                                    
----------------------------------------------------------------------------------
 Limit  (cost=2433628.90..2433628.90 rows=1 width=20)
   ->  Incremental Sort  (cost=1531525.52..2333628.36 rows=10000054 width=20)
         Sort Key: s_1.a, s_1.b
         Presorted Key: s_1.a
         ->  Sort  (cost=1531459.54..1556459.68 rows=10000054 width=20)
               Sort Key: s_1.a
               ->  Seq Scan on s_1  (cost=0.00..163695.54 rows=10000054 width=20)
(7 rows)

===== 370 [Wed Mar  7 07:03:01 CET 2018] scale:10000000 groups:10000 work_mem:64MB incremental:on max_workers:0 =====
SELECT * FROM (SELECT * FROM s_2 ORDER BY a, b) foo ORDER BY a, b, c
                                    QUERY PLAN                                    
----------------------------------------------------------------------------------
 Limit  (cost=2117559.13..2117559.13 rows=1 width=20)
   ->  Incremental Sort  (cost=1531459.83..2017558.59 rows=10000054 width=20)
         Sort Key: s_2.a, s_2.b, s_2.c
         Presorted Key: s_2.a, s_2.b
         ->  Sort  (cost=1531459.54..1556459.68 rows=10000054 width=20)
               Sort Key: s_2.a, s_2.b
               ->  Seq Scan on s_2  (cost=0.00..163695.54 rows=10000054 width=20)
(7 rows)

===== 371 [Wed Mar  7 07:03:22 CET 2018] scale:10000000 groups:10000 work_mem:64MB incremental:on max_workers:0 =====
SELECT * FROM (SELECT * FROM s_3 ORDER BY a, b, c) foo ORDER BY a, b, c, d
                                    QUERY PLAN                                    
----------------------------------------------------------------------------------
 Limit  (cost=2117559.13..2117559.13 rows=1 width=20)
   ->  Incremental Sort  (cost=1531459.83..2017558.59 rows=10000054 width=20)
         Sort Key: s_3.a, s_3.b, s_3.c, s_3.d
         Presorted Key: s_3.a, s_3.b, s_3.c
         ->  Sort  (cost=1531459.54..1556459.68 rows=10000054 width=20)
               Sort Key: s_3.a, s_3.b, s_3.c
               ->  Seq Scan on s_3  (cost=0.00..163695.54 rows=10000054 width=20)
(7 rows)

===== 372 [Wed Mar  7 07:03:42 CET 2018] scale:10000000 groups:10000 work_mem:64MB incremental:on max_workers:0 =====
SELECT * FROM (SELECT * FROM s_4 ORDER BY a, b, c, d) foo ORDER BY a, b, c, d, e
                                    QUERY PLAN                                    
----------------------------------------------------------------------------------
 Limit  (cost=2117559.13..2117559.13 rows=1 width=20)
   ->  Incremental Sort  (cost=1531459.83..2017558.59 rows=10000054 width=20)
         Sort Key: s_4.a, s_4.b, s_4.c, s_4.d, s_4.e
         Presorted Key: s_4.a, s_4.b, s_4.c, s_4.d
         ->  Sort  (cost=1531459.54..1556459.68 rows=10000054 width=20)
               Sort Key: s_4.a, s_4.b, s_4.c, s_4.d
               ->  Seq Scan on s_4  (cost=0.00..163695.54 rows=10000054 width=20)
(7 rows)

===== 373 [Wed Mar  7 07:04:02 CET 2018] scale:10000000 groups:10000 work_mem:64MB incremental:off max_workers:0 =====
SELECT * FROM (SELECT * FROM s_1 ORDER BY a) foo ORDER BY a, b
                                    QUERY PLAN                                    
----------------------------------------------------------------------------------
 Limit  (cost=3149224.89..3149224.89 rows=1 width=20)
   ->  Sort  (cost=3024224.22..3049224.35 rows=10000054 width=20)
         Sort Key: s_1.a, s_1.b
         ->  Sort  (cost=1531459.54..1556459.68 rows=10000054 width=20)
               Sort Key: s_1.a
               ->  Seq Scan on s_1  (cost=0.00..163695.54 rows=10000054 width=20)
(6 rows)

===== 374 [Wed Mar  7 07:04:43 CET 2018] scale:10000000 groups:10000 work_mem:64MB incremental:off max_workers:0 =====
SELECT * FROM (SELECT * FROM s_2 ORDER BY a, b) foo ORDER BY a, b, c
                                    QUERY PLAN                                    
----------------------------------------------------------------------------------
 Limit  (cost=3149224.89..3149224.89 rows=1 width=20)
   ->  Sort  (cost=3024224.22..3049224.35 rows=10000054 width=20)
         Sort Key: s_2.a, s_2.b, s_2.c
         ->  Sort  (cost=1531459.54..1556459.68 rows=10000054 width=20)
               Sort Key: s_2.a, s_2.b
               ->  Seq Scan on s_2  (cost=0.00..163695.54 rows=10000054 width=20)
(6 rows)

===== 375 [Wed Mar  7 07:05:20 CET 2018] scale:10000000 groups:10000 work_mem:64MB incremental:off max_workers:0 =====
SELECT * FROM (SELECT * FROM s_3 ORDER BY a, b, c) foo ORDER BY a, b, c, d
                                    QUERY PLAN                                    
----------------------------------------------------------------------------------
 Limit  (cost=3149224.89..3149224.89 rows=1 width=20)
   ->  Sort  (cost=3024224.22..3049224.35 rows=10000054 width=20)
         Sort Key: s_3.a, s_3.b, s_3.c, s_3.d
         ->  Sort  (cost=1531459.54..1556459.68 rows=10000054 width=20)
               Sort Key: s_3.a, s_3.b, s_3.c
               ->  Seq Scan on s_3  (cost=0.00..163695.54 rows=10000054 width=20)
(6 rows)

===== 376 [Wed Mar  7 07:05:47 CET 2018] scale:10000000 groups:10000 work_mem:64MB incremental:off max_workers:0 =====
SELECT * FROM (SELECT * FROM s_4 ORDER BY a, b, c, d) foo ORDER BY a, b, c, d, e
                                    QUERY PLAN                                    
----------------------------------------------------------------------------------
 Limit  (cost=3149224.89..3149224.89 rows=1 width=20)
   ->  Sort  (cost=3024224.22..3049224.35 rows=10000054 width=20)
         Sort Key: s_4.a, s_4.b, s_4.c, s_4.d, s_4.e
         ->  Sort  (cost=1531459.54..1556459.68 rows=10000054 width=20)
               Sort Key: s_4.a, s_4.b, s_4.c, s_4.d
               ->  Seq Scan on s_4  (cost=0.00..163695.54 rows=10000054 width=20)
(6 rows)

===== 377 [Wed Mar  7 07:06:13 CET 2018] scale:10000000 groups:10000 work_mem:128MB incremental:on max_workers:0 =====
SELECT * FROM (SELECT * FROM s_1 ORDER BY a) foo ORDER BY a, b
                                    QUERY PLAN                                    
----------------------------------------------------------------------------------
 Limit  (cost=2433628.90..2433628.90 rows=1 width=20)
   ->  Incremental Sort  (cost=1531525.52..2333628.36 rows=10000054 width=20)
         Sort Key: s_1.a, s_1.b
         Presorted Key: s_1.a
         ->  Sort  (cost=1531459.54..1556459.68 rows=10000054 width=20)
               Sort Key: s_1.a
               ->  Seq Scan on s_1  (cost=0.00..163695.54 rows=10000054 width=20)
(7 rows)

===== 378 [Wed Mar  7 07:06:44 CET 2018] scale:10000000 groups:10000 work_mem:128MB incremental:on max_workers:0 =====
SELECT * FROM (SELECT * FROM s_2 ORDER BY a, b) foo ORDER BY a, b, c
                                    QUERY PLAN                                    
----------------------------------------------------------------------------------
 Limit  (cost=2117559.13..2117559.13 rows=1 width=20)
   ->  Incremental Sort  (cost=1531459.83..2017558.59 rows=10000054 width=20)
         Sort Key: s_2.a, s_2.b, s_2.c
         Presorted Key: s_2.a, s_2.b
         ->  Sort  (cost=1531459.54..1556459.68 rows=10000054 width=20)
               Sort Key: s_2.a, s_2.b
               ->  Seq Scan on s_2  (cost=0.00..163695.54 rows=10000054 width=20)
(7 rows)

===== 379 [Wed Mar  7 07:07:06 CET 2018] scale:10000000 groups:10000 work_mem:128MB incremental:on max_workers:0 =====
SELECT * FROM (SELECT * FROM s_3 ORDER BY a, b, c) foo ORDER BY a, b, c, d
                                    QUERY PLAN                                    
----------------------------------------------------------------------------------
 Limit  (cost=2117559.13..2117559.13 rows=1 width=20)
   ->  Incremental Sort  (cost=1531459.83..2017558.59 rows=10000054 width=20)
         Sort Key: s_3.a, s_3.b, s_3.c, s_3.d
         Presorted Key: s_3.a, s_3.b, s_3.c
         ->  Sort  (cost=1531459.54..1556459.68 rows=10000054 width=20)
               Sort Key: s_3.a, s_3.b, s_3.c
               ->  Seq Scan on s_3  (cost=0.00..163695.54 rows=10000054 width=20)
(7 rows)

===== 380 [Wed Mar  7 07:07:27 CET 2018] scale:10000000 groups:10000 work_mem:128MB incremental:on max_workers:0 =====
SELECT * FROM (SELECT * FROM s_4 ORDER BY a, b, c, d) foo ORDER BY a, b, c, d, e
                                    QUERY PLAN                                    
----------------------------------------------------------------------------------
 Limit  (cost=2117559.13..2117559.13 rows=1 width=20)
   ->  Incremental Sort  (cost=1531459.83..2017558.59 rows=10000054 width=20)
         Sort Key: s_4.a, s_4.b, s_4.c, s_4.d, s_4.e
         Presorted Key: s_4.a, s_4.b, s_4.c, s_4.d
         ->  Sort  (cost=1531459.54..1556459.68 rows=10000054 width=20)
               Sort Key: s_4.a, s_4.b, s_4.c, s_4.d
               ->  Seq Scan on s_4  (cost=0.00..163695.54 rows=10000054 width=20)
(7 rows)

===== 381 [Wed Mar  7 07:07:47 CET 2018] scale:10000000 groups:10000 work_mem:128MB incremental:off max_workers:0 =====
SELECT * FROM (SELECT * FROM s_1 ORDER BY a) foo ORDER BY a, b
                                    QUERY PLAN                                    
----------------------------------------------------------------------------------
 Limit  (cost=3149224.89..3149224.89 rows=1 width=20)
   ->  Sort  (cost=3024224.22..3049224.35 rows=10000054 width=20)
         Sort Key: s_1.a, s_1.b
         ->  Sort  (cost=1531459.54..1556459.68 rows=10000054 width=20)
               Sort Key: s_1.a
               ->  Seq Scan on s_1  (cost=0.00..163695.54 rows=10000054 width=20)
(6 rows)

===== 382 [Wed Mar  7 07:08:29 CET 2018] scale:10000000 groups:10000 work_mem:128MB incremental:off max_workers:0 =====
SELECT * FROM (SELECT * FROM s_2 ORDER BY a, b) foo ORDER BY a, b, c
                                    QUERY PLAN                                    
----------------------------------------------------------------------------------
 Limit  (cost=3149224.89..3149224.89 rows=1 width=20)
   ->  Sort  (cost=3024224.22..3049224.35 rows=10000054 width=20)
         Sort Key: s_2.a, s_2.b, s_2.c
         ->  Sort  (cost=1531459.54..1556459.68 rows=10000054 width=20)
               Sort Key: s_2.a, s_2.b
               ->  Seq Scan on s_2  (cost=0.00..163695.54 rows=10000054 width=20)
(6 rows)

===== 383 [Wed Mar  7 07:09:06 CET 2018] scale:10000000 groups:10000 work_mem:128MB incremental:off max_workers:0 =====
SELECT * FROM (SELECT * FROM s_3 ORDER BY a, b, c) foo ORDER BY a, b, c, d
                                    QUERY PLAN                                    
----------------------------------------------------------------------------------
 Limit  (cost=3149224.89..3149224.89 rows=1 width=20)
   ->  Sort  (cost=3024224.22..3049224.35 rows=10000054 width=20)
         Sort Key: s_3.a, s_3.b, s_3.c, s_3.d
         ->  Sort  (cost=1531459.54..1556459.68 rows=10000054 width=20)
               Sort Key: s_3.a, s_3.b, s_3.c
               ->  Seq Scan on s_3  (cost=0.00..163695.54 rows=10000054 width=20)
(6 rows)

===== 384 [Wed Mar  7 07:09:35 CET 2018] scale:10000000 groups:10000 work_mem:128MB incremental:off max_workers:0 =====
SELECT * FROM (SELECT * FROM s_4 ORDER BY a, b, c, d) foo ORDER BY a, b, c, d, e
                                    QUERY PLAN                                    
----------------------------------------------------------------------------------
 Limit  (cost=3149224.89..3149224.89 rows=1 width=20)
   ->  Sort  (cost=3024224.22..3049224.35 rows=10000054 width=20)
         Sort Key: s_4.a, s_4.b, s_4.c, s_4.d, s_4.e
         ->  Sort  (cost=1531459.54..1556459.68 rows=10000054 width=20)
               Sort Key: s_4.a, s_4.b, s_4.c, s_4.d
               ->  Seq Scan on s_4  (cost=0.00..163695.54 rows=10000054 width=20)
(6 rows)

===== 385 [Wed Mar  7 07:10:01 CET 2018] scale:10000000 groups:10000 work_mem:256MB incremental:on max_workers:0 =====
SELECT * FROM (SELECT * FROM s_1 ORDER BY a) foo ORDER BY a, b
                                    QUERY PLAN                                    
----------------------------------------------------------------------------------
 Limit  (cost=2433628.90..2433628.90 rows=1 width=20)
   ->  Incremental Sort  (cost=1531525.52..2333628.36 rows=10000054 width=20)
         Sort Key: s_1.a, s_1.b
         Presorted Key: s_1.a
         ->  Sort  (cost=1531459.54..1556459.68 rows=10000054 width=20)
               Sort Key: s_1.a
               ->  Seq Scan on s_1  (cost=0.00..163695.54 rows=10000054 width=20)
(7 rows)

===== 386 [Wed Mar  7 07:10:33 CET 2018] scale:10000000 groups:10000 work_mem:256MB incremental:on max_workers:0 =====
SELECT * FROM (SELECT * FROM s_2 ORDER BY a, b) foo ORDER BY a, b, c
                                    QUERY PLAN                                    
----------------------------------------------------------------------------------
 Limit  (cost=2117559.13..2117559.13 rows=1 width=20)
   ->  Incremental Sort  (cost=1531459.83..2017558.59 rows=10000054 width=20)
         Sort Key: s_2.a, s_2.b, s_2.c
         Presorted Key: s_2.a, s_2.b
         ->  Sort  (cost=1531459.54..1556459.68 rows=10000054 width=20)
               Sort Key: s_2.a, s_2.b
               ->  Seq Scan on s_2  (cost=0.00..163695.54 rows=10000054 width=20)
(7 rows)

===== 387 [Wed Mar  7 07:10:55 CET 2018] scale:10000000 groups:10000 work_mem:256MB incremental:on max_workers:0 =====
SELECT * FROM (SELECT * FROM s_3 ORDER BY a, b, c) foo ORDER BY a, b, c, d
                                    QUERY PLAN                                    
----------------------------------------------------------------------------------
 Limit  (cost=2117559.13..2117559.13 rows=1 width=20)
   ->  Incremental Sort  (cost=1531459.83..2017558.59 rows=10000054 width=20)
         Sort Key: s_3.a, s_3.b, s_3.c, s_3.d
         Presorted Key: s_3.a, s_3.b, s_3.c
         ->  Sort  (cost=1531459.54..1556459.68 rows=10000054 width=20)
               Sort Key: s_3.a, s_3.b, s_3.c
               ->  Seq Scan on s_3  (cost=0.00..163695.54 rows=10000054 width=20)
(7 rows)

===== 388 [Wed Mar  7 07:11:16 CET 2018] scale:10000000 groups:10000 work_mem:256MB incremental:on max_workers:0 =====
SELECT * FROM (SELECT * FROM s_4 ORDER BY a, b, c, d) foo ORDER BY a, b, c, d, e
                                    QUERY PLAN                                    
----------------------------------------------------------------------------------
 Limit  (cost=2117559.13..2117559.13 rows=1 width=20)
   ->  Incremental Sort  (cost=1531459.83..2017558.59 rows=10000054 width=20)
         Sort Key: s_4.a, s_4.b, s_4.c, s_4.d, s_4.e
         Presorted Key: s_4.a, s_4.b, s_4.c, s_4.d
         ->  Sort  (cost=1531459.54..1556459.68 rows=10000054 width=20)
               Sort Key: s_4.a, s_4.b, s_4.c, s_4.d
               ->  Seq Scan on s_4  (cost=0.00..163695.54 rows=10000054 width=20)
(7 rows)

===== 389 [Wed Mar  7 07:11:37 CET 2018] scale:10000000 groups:10000 work_mem:256MB incremental:off max_workers:0 =====
SELECT * FROM (SELECT * FROM s_1 ORDER BY a) foo ORDER BY a, b
                                    QUERY PLAN                                    
----------------------------------------------------------------------------------
 Limit  (cost=3149224.89..3149224.89 rows=1 width=20)
   ->  Sort  (cost=3024224.22..3049224.35 rows=10000054 width=20)
         Sort Key: s_1.a, s_1.b
         ->  Sort  (cost=1531459.54..1556459.68 rows=10000054 width=20)
               Sort Key: s_1.a
               ->  Seq Scan on s_1  (cost=0.00..163695.54 rows=10000054 width=20)
(6 rows)

===== 390 [Wed Mar  7 07:12:20 CET 2018] scale:10000000 groups:10000 work_mem:256MB incremental:off max_workers:0 =====
SELECT * FROM (SELECT * FROM s_2 ORDER BY a, b) foo ORDER BY a, b, c
                                    QUERY PLAN                                    
----------------------------------------------------------------------------------
 Limit  (cost=3149224.89..3149224.89 rows=1 width=20)
   ->  Sort  (cost=3024224.22..3049224.35 rows=10000054 width=20)
         Sort Key: s_2.a, s_2.b, s_2.c
         ->  Sort  (cost=1531459.54..1556459.68 rows=10000054 width=20)
               Sort Key: s_2.a, s_2.b
               ->  Seq Scan on s_2  (cost=0.00..163695.54 rows=10000054 width=20)
(6 rows)

===== 391 [Wed Mar  7 07:12:59 CET 2018] scale:10000000 groups:10000 work_mem:256MB incremental:off max_workers:0 =====
SELECT * FROM (SELECT * FROM s_3 ORDER BY a, b, c) foo ORDER BY a, b, c, d
                                    QUERY PLAN                                    
----------------------------------------------------------------------------------
 Limit  (cost=3149224.89..3149224.89 rows=1 width=20)
   ->  Sort  (cost=3024224.22..3049224.35 rows=10000054 width=20)
         Sort Key: s_3.a, s_3.b, s_3.c, s_3.d
         ->  Sort  (cost=1531459.54..1556459.68 rows=10000054 width=20)
               Sort Key: s_3.a, s_3.b, s_3.c
               ->  Seq Scan on s_3  (cost=0.00..163695.54 rows=10000054 width=20)
(6 rows)

===== 392 [Wed Mar  7 07:13:29 CET 2018] scale:10000000 groups:10000 work_mem:256MB incremental:off max_workers:0 =====
SELECT * FROM (SELECT * FROM s_4 ORDER BY a, b, c, d) foo ORDER BY a, b, c, d, e
                                    QUERY PLAN                                    
----------------------------------------------------------------------------------
 Limit  (cost=3149224.89..3149224.89 rows=1 width=20)
   ->  Sort  (cost=3024224.22..3049224.35 rows=10000054 width=20)
         Sort Key: s_4.a, s_4.b, s_4.c, s_4.d, s_4.e
         ->  Sort  (cost=1531459.54..1556459.68 rows=10000054 width=20)
               Sort Key: s_4.a, s_4.b, s_4.c, s_4.d
               ->  Seq Scan on s_4  (cost=0.00..163695.54 rows=10000054 width=20)
(6 rows)

===== 393 [Wed Mar  7 07:13:56 CET 2018] scale:10000000 groups:10000 work_mem:4MB incremental:on max_workers:2 =====
SELECT * FROM (SELECT * FROM s_1 ORDER BY a) foo ORDER BY a, b
                                           QUERY PLAN                                           
------------------------------------------------------------------------------------------------
 Limit  (cost=2427745.65..2427745.65 rows=1 width=20)
   ->  Incremental Sort  (cost=735558.13..2344411.87 rows=8333378 width=20)
         Sort Key: s_1.a, s_1.b
         Presorted Key: s_1.a
         ->  Gather Merge  (cost=735404.16..1707699.48 rows=8333378 width=20)
               Workers Planned: 2
               ->  Sort  (cost=734404.14..744820.86 rows=4166689 width=20)
                     Sort Key: s_1.a
                     ->  Parallel Seq Scan on s_1  (cost=0.00..105361.89 rows=4166689 width=20)
(9 rows)

===== 394 [Wed Mar  7 07:14:25 CET 2018] scale:10000000 groups:10000 work_mem:4MB incremental:on max_workers:2 =====
SELECT * FROM (SELECT * FROM s_2 ORDER BY a, b) foo ORDER BY a, b, c
                                           QUERY PLAN                                           
------------------------------------------------------------------------------------------------
 Limit  (cost=2175282.31..2175282.31 rows=1 width=20)
   ->  Incremental Sort  (cost=735405.60..2091948.53 rows=8333378 width=20)
         Sort Key: s_2.a, s_2.b, s_2.c
         Presorted Key: s_2.a, s_2.b
         ->  Gather Merge  (cost=735404.16..1707699.48 rows=8333378 width=20)
               Workers Planned: 2
               ->  Sort  (cost=734404.14..744820.86 rows=4166689 width=20)
                     Sort Key: s_2.a, s_2.b
                     ->  Parallel Seq Scan on s_2  (cost=0.00..105361.89 rows=4166689 width=20)
(9 rows)

===== 395 [Wed Mar  7 07:14:46 CET 2018] scale:10000000 groups:10000 work_mem:4MB incremental:on max_workers:2 =====
SELECT * FROM (SELECT * FROM s_3 ORDER BY a, b, c) foo ORDER BY a, b, c, d
                                           QUERY PLAN                                           
------------------------------------------------------------------------------------------------
 Limit  (cost=2175282.31..2175282.31 rows=1 width=20)
   ->  Incremental Sort  (cost=735405.60..2091948.53 rows=8333378 width=20)
         Sort Key: s_3.a, s_3.b, s_3.c, s_3.d
         Presorted Key: s_3.a, s_3.b, s_3.c
         ->  Gather Merge  (cost=735404.16..1707699.48 rows=8333378 width=20)
               Workers Planned: 2
               ->  Sort  (cost=734404.14..744820.86 rows=4166689 width=20)
                     Sort Key: s_3.a, s_3.b, s_3.c
                     ->  Parallel Seq Scan on s_3  (cost=0.00..105361.89 rows=4166689 width=20)
(9 rows)

===== 396 [Wed Mar  7 07:15:06 CET 2018] scale:10000000 groups:10000 work_mem:4MB incremental:on max_workers:2 =====
SELECT * FROM (SELECT * FROM s_4 ORDER BY a, b, c, d) foo ORDER BY a, b, c, d, e
                                           QUERY PLAN                                           
------------------------------------------------------------------------------------------------
 Limit  (cost=2175282.31..2175282.31 rows=1 width=20)
   ->  Incremental Sort  (cost=735405.60..2091948.53 rows=8333378 width=20)
         Sort Key: s_4.a, s_4.b, s_4.c, s_4.d, s_4.e
         Presorted Key: s_4.a, s_4.b, s_4.c, s_4.d
         ->  Gather Merge  (cost=735404.16..1707699.48 rows=8333378 width=20)
               Workers Planned: 2
               ->  Sort  (cost=734404.14..744820.86 rows=4166689 width=20)
                     Sort Key: s_4.a, s_4.b, s_4.c, s_4.d
                     ->  Parallel Seq Scan on s_4  (cost=0.00..105361.89 rows=4166689 width=20)
(9 rows)

===== 397 [Wed Mar  7 07:15:26 CET 2018] scale:10000000 groups:10000 work_mem:4MB incremental:off max_workers:2 =====
SELECT * FROM (SELECT * FROM s_1 ORDER BY a) foo ORDER BY a, b
                                           QUERY PLAN                                           
------------------------------------------------------------------------------------------------
 Limit  (cost=3194944.87..3194944.87 rows=1 width=20)
   ->  Sort  (cost=3090777.64..3111611.09 rows=8333378 width=20)
         Sort Key: s_1.a, s_1.b
         ->  Gather Merge  (cost=735404.16..1707699.48 rows=8333378 width=20)
               Workers Planned: 2
               ->  Sort  (cost=734404.14..744820.86 rows=4166689 width=20)
                     Sort Key: s_1.a
                     ->  Parallel Seq Scan on s_1  (cost=0.00..105361.89 rows=4166689 width=20)
(8 rows)

===== 398 [Wed Mar  7 07:16:12 CET 2018] scale:10000000 groups:10000 work_mem:4MB incremental:off max_workers:2 =====
SELECT * FROM (SELECT * FROM s_2 ORDER BY a, b) foo ORDER BY a, b, c
                                           QUERY PLAN                                           
------------------------------------------------------------------------------------------------
 Limit  (cost=3194944.87..3194944.87 rows=1 width=20)
   ->  Sort  (cost=3090777.64..3111611.09 rows=8333378 width=20)
         Sort Key: s_2.a, s_2.b, s_2.c
         ->  Gather Merge  (cost=735404.16..1707699.48 rows=8333378 width=20)
               Workers Planned: 2
               ->  Sort  (cost=734404.14..744820.86 rows=4166689 width=20)
                     Sort Key: s_2.a, s_2.b
                     ->  Parallel Seq Scan on s_2  (cost=0.00..105361.89 rows=4166689 width=20)
(8 rows)

===== 399 [Wed Mar  7 07:16:56 CET 2018] scale:10000000 groups:10000 work_mem:4MB incremental:off max_workers:2 =====
SELECT * FROM (SELECT * FROM s_3 ORDER BY a, b, c) foo ORDER BY a, b, c, d
                                           QUERY PLAN                                           
------------------------------------------------------------------------------------------------
 Limit  (cost=3194944.87..3194944.87 rows=1 width=20)
   ->  Sort  (cost=3090777.64..3111611.09 rows=8333378 width=20)
         Sort Key: s_3.a, s_3.b, s_3.c, s_3.d
         ->  Gather Merge  (cost=735404.16..1707699.48 rows=8333378 width=20)
               Workers Planned: 2
               ->  Sort  (cost=734404.14..744820.86 rows=4166689 width=20)
                     Sort Key: s_3.a, s_3.b, s_3.c
                     ->  Parallel Seq Scan on s_3  (cost=0.00..105361.89 rows=4166689 width=20)
(8 rows)

===== 400 [Wed Mar  7 07:17:30 CET 2018] scale:10000000 groups:10000 work_mem:4MB incremental:off max_workers:2 =====
SELECT * FROM (SELECT * FROM s_4 ORDER BY a, b, c, d) foo ORDER BY a, b, c, d, e
                                           QUERY PLAN                                           
------------------------------------------------------------------------------------------------
 Limit  (cost=3194944.87..3194944.87 rows=1 width=20)
   ->  Sort  (cost=3090777.64..3111611.09 rows=8333378 width=20)
         Sort Key: s_4.a, s_4.b, s_4.c, s_4.d, s_4.e
         ->  Gather Merge  (cost=735404.16..1707699.48 rows=8333378 width=20)
               Workers Planned: 2
               ->  Sort  (cost=734404.14..744820.86 rows=4166689 width=20)
                     Sort Key: s_4.a, s_4.b, s_4.c, s_4.d
                     ->  Parallel Seq Scan on s_4  (cost=0.00..105361.89 rows=4166689 width=20)
(8 rows)

===== 401 [Wed Mar  7 07:18:05 CET 2018] scale:10000000 groups:10000 work_mem:8MB incremental:on max_workers:2 =====
SELECT * FROM (SELECT * FROM s_1 ORDER BY a) foo ORDER BY a, b
                                           QUERY PLAN                                           
------------------------------------------------------------------------------------------------
 Limit  (cost=2342293.15..2342293.15 rows=1 width=20)
   ->  Incremental Sort  (cost=650105.63..2258959.37 rows=8333378 width=20)
         Sort Key: s_1.a, s_1.b
         Presorted Key: s_1.a
         ->  Gather Merge  (cost=649951.66..1622246.98 rows=8333378 width=20)
               Workers Planned: 2
               ->  Sort  (cost=648951.64..659368.36 rows=4166689 width=20)
                     Sort Key: s_1.a
                     ->  Parallel Seq Scan on s_1  (cost=0.00..105361.89 rows=4166689 width=20)
(9 rows)

===== 402 [Wed Mar  7 07:18:33 CET 2018] scale:10000000 groups:10000 work_mem:8MB incremental:on max_workers:2 =====
SELECT * FROM (SELECT * FROM s_2 ORDER BY a, b) foo ORDER BY a, b, c
                                           QUERY PLAN                                           
------------------------------------------------------------------------------------------------
 Limit  (cost=2089829.81..2089829.81 rows=1 width=20)
   ->  Incremental Sort  (cost=649953.10..2006496.03 rows=8333378 width=20)
         Sort Key: s_2.a, s_2.b, s_2.c
         Presorted Key: s_2.a, s_2.b
         ->  Gather Merge  (cost=649951.66..1622246.98 rows=8333378 width=20)
               Workers Planned: 2
               ->  Sort  (cost=648951.64..659368.36 rows=4166689 width=20)
                     Sort Key: s_2.a, s_2.b
                     ->  Parallel Seq Scan on s_2  (cost=0.00..105361.89 rows=4166689 width=20)
(9 rows)

===== 403 [Wed Mar  7 07:18:53 CET 2018] scale:10000000 groups:10000 work_mem:8MB incremental:on max_workers:2 =====
SELECT * FROM (SELECT * FROM s_3 ORDER BY a, b, c) foo ORDER BY a, b, c, d
                                           QUERY PLAN                                           
------------------------------------------------------------------------------------------------
 Limit  (cost=2089829.81..2089829.81 rows=1 width=20)
   ->  Incremental Sort  (cost=649953.10..2006496.03 rows=8333378 width=20)
         Sort Key: s_3.a, s_3.b, s_3.c, s_3.d
         Presorted Key: s_3.a, s_3.b, s_3.c
         ->  Gather Merge  (cost=649951.66..1622246.98 rows=8333378 width=20)
               Workers Planned: 2
               ->  Sort  (cost=648951.64..659368.36 rows=4166689 width=20)
                     Sort Key: s_3.a, s_3.b, s_3.c
                     ->  Parallel Seq Scan on s_3  (cost=0.00..105361.89 rows=4166689 width=20)
(9 rows)

===== 404 [Wed Mar  7 07:19:11 CET 2018] scale:10000000 groups:10000 work_mem:8MB incremental:on max_workers:2 =====
SELECT * FROM (SELECT * FROM s_4 ORDER BY a, b, c, d) foo ORDER BY a, b, c, d, e
                                           QUERY PLAN                                           
------------------------------------------------------------------------------------------------
 Limit  (cost=2089829.81..2089829.81 rows=1 width=20)
   ->  Incremental Sort  (cost=649953.10..2006496.03 rows=8333378 width=20)
         Sort Key: s_4.a, s_4.b, s_4.c, s_4.d, s_4.e
         Presorted Key: s_4.a, s_4.b, s_4.c, s_4.d
         ->  Gather Merge  (cost=649951.66..1622246.98 rows=8333378 width=20)
               Workers Planned: 2
               ->  Sort  (cost=648951.64..659368.36 rows=4166689 width=20)
                     Sort Key: s_4.a, s_4.b, s_4.c, s_4.d
                     ->  Parallel Seq Scan on s_4  (cost=0.00..105361.89 rows=4166689 width=20)
(9 rows)

===== 405 [Wed Mar  7 07:19:29 CET 2018] scale:10000000 groups:10000 work_mem:8MB incremental:off max_workers:2 =====
SELECT * FROM (SELECT * FROM s_1 ORDER BY a) foo ORDER BY a, b
                                           QUERY PLAN                                           
------------------------------------------------------------------------------------------------
 Limit  (cost=3109492.37..3109492.37 rows=1 width=20)
   ->  Sort  (cost=3005325.14..3026158.59 rows=8333378 width=20)
         Sort Key: s_1.a, s_1.b
         ->  Gather Merge  (cost=649951.66..1622246.98 rows=8333378 width=20)
               Workers Planned: 2
               ->  Sort  (cost=648951.64..659368.36 rows=4166689 width=20)
                     Sort Key: s_1.a
                     ->  Parallel Seq Scan on s_1  (cost=0.00..105361.89 rows=4166689 width=20)
(8 rows)

===== 406 [Wed Mar  7 07:20:11 CET 2018] scale:10000000 groups:10000 work_mem:8MB incremental:off max_workers:2 =====
SELECT * FROM (SELECT * FROM s_2 ORDER BY a, b) foo ORDER BY a, b, c
                                           QUERY PLAN                                           
------------------------------------------------------------------------------------------------
 Limit  (cost=3109492.37..3109492.37 rows=1 width=20)
   ->  Sort  (cost=3005325.14..3026158.59 rows=8333378 width=20)
         Sort Key: s_2.a, s_2.b, s_2.c
         ->  Gather Merge  (cost=649951.66..1622246.98 rows=8333378 width=20)
               Workers Planned: 2
               ->  Sort  (cost=648951.64..659368.36 rows=4166689 width=20)
                     Sort Key: s_2.a, s_2.b
                     ->  Parallel Seq Scan on s_2  (cost=0.00..105361.89 rows=4166689 width=20)
(8 rows)

===== 407 [Wed Mar  7 07:20:48 CET 2018] scale:10000000 groups:10000 work_mem:8MB incremental:off max_workers:2 =====
SELECT * FROM (SELECT * FROM s_3 ORDER BY a, b, c) foo ORDER BY a, b, c, d
                                           QUERY PLAN                                           
------------------------------------------------------------------------------------------------
 Limit  (cost=3109492.37..3109492.37 rows=1 width=20)
   ->  Sort  (cost=3005325.14..3026158.59 rows=8333378 width=20)
         Sort Key: s_3.a, s_3.b, s_3.c, s_3.d
         ->  Gather Merge  (cost=649951.66..1622246.98 rows=8333378 width=20)
               Workers Planned: 2
               ->  Sort  (cost=648951.64..659368.36 rows=4166689 width=20)
                     Sort Key: s_3.a, s_3.b, s_3.c
                     ->  Parallel Seq Scan on s_3  (cost=0.00..105361.89 rows=4166689 width=20)
(8 rows)

===== 408 [Wed Mar  7 07:21:18 CET 2018] scale:10000000 groups:10000 work_mem:8MB incremental:off max_workers:2 =====
SELECT * FROM (SELECT * FROM s_4 ORDER BY a, b, c, d) foo ORDER BY a, b, c, d, e
                                           QUERY PLAN                                           
------------------------------------------------------------------------------------------------
 Limit  (cost=3109492.37..3109492.37 rows=1 width=20)
   ->  Sort  (cost=3005325.14..3026158.59 rows=8333378 width=20)
         Sort Key: s_4.a, s_4.b, s_4.c, s_4.d, s_4.e
         ->  Gather Merge  (cost=649951.66..1622246.98 rows=8333378 width=20)
               Workers Planned: 2
               ->  Sort  (cost=648951.64..659368.36 rows=4166689 width=20)
                     Sort Key: s_4.a, s_4.b, s_4.c, s_4.d
                     ->  Parallel Seq Scan on s_4  (cost=0.00..105361.89 rows=4166689 width=20)
(8 rows)

===== 409 [Wed Mar  7 07:21:46 CET 2018] scale:10000000 groups:10000 work_mem:16MB incremental:on max_workers:2 =====
SELECT * FROM (SELECT * FROM s_1 ORDER BY a) foo ORDER BY a, b
                                    QUERY PLAN                                    
----------------------------------------------------------------------------------
 Limit  (cost=2433628.90..2433628.90 rows=1 width=20)
   ->  Incremental Sort  (cost=1531525.52..2333628.36 rows=10000054 width=20)
         Sort Key: s_1.a, s_1.b
         Presorted Key: s_1.a
         ->  Sort  (cost=1531459.54..1556459.68 rows=10000054 width=20)
               Sort Key: s_1.a
               ->  Seq Scan on s_1  (cost=0.00..163695.54 rows=10000054 width=20)
(7 rows)

===== 410 [Wed Mar  7 07:22:17 CET 2018] scale:10000000 groups:10000 work_mem:16MB incremental:on max_workers:2 =====
SELECT * FROM (SELECT * FROM s_2 ORDER BY a, b) foo ORDER BY a, b, c
                                    QUERY PLAN                                    
----------------------------------------------------------------------------------
 Limit  (cost=2117559.13..2117559.13 rows=1 width=20)
   ->  Incremental Sort  (cost=1531459.83..2017558.59 rows=10000054 width=20)
         Sort Key: s_2.a, s_2.b, s_2.c
         Presorted Key: s_2.a, s_2.b
         ->  Sort  (cost=1531459.54..1556459.68 rows=10000054 width=20)
               Sort Key: s_2.a, s_2.b
               ->  Seq Scan on s_2  (cost=0.00..163695.54 rows=10000054 width=20)
(7 rows)

===== 411 [Wed Mar  7 07:22:39 CET 2018] scale:10000000 groups:10000 work_mem:16MB incremental:on max_workers:2 =====
SELECT * FROM (SELECT * FROM s_3 ORDER BY a, b, c) foo ORDER BY a, b, c, d
                                    QUERY PLAN                                    
----------------------------------------------------------------------------------
 Limit  (cost=2117559.13..2117559.13 rows=1 width=20)
   ->  Incremental Sort  (cost=1531459.83..2017558.59 rows=10000054 width=20)
         Sort Key: s_3.a, s_3.b, s_3.c, s_3.d
         Presorted Key: s_3.a, s_3.b, s_3.c
         ->  Sort  (cost=1531459.54..1556459.68 rows=10000054 width=20)
               Sort Key: s_3.a, s_3.b, s_3.c
               ->  Seq Scan on s_3  (cost=0.00..163695.54 rows=10000054 width=20)
(7 rows)

===== 412 [Wed Mar  7 07:22:59 CET 2018] scale:10000000 groups:10000 work_mem:16MB incremental:on max_workers:2 =====
SELECT * FROM (SELECT * FROM s_4 ORDER BY a, b, c, d) foo ORDER BY a, b, c, d, e
                                    QUERY PLAN                                    
----------------------------------------------------------------------------------
 Limit  (cost=2117559.13..2117559.13 rows=1 width=20)
   ->  Incremental Sort  (cost=1531459.83..2017558.59 rows=10000054 width=20)
         Sort Key: s_4.a, s_4.b, s_4.c, s_4.d, s_4.e
         Presorted Key: s_4.a, s_4.b, s_4.c, s_4.d
         ->  Sort  (cost=1531459.54..1556459.68 rows=10000054 width=20)
               Sort Key: s_4.a, s_4.b, s_4.c, s_4.d
               ->  Seq Scan on s_4  (cost=0.00..163695.54 rows=10000054 width=20)
(7 rows)

===== 413 [Wed Mar  7 07:23:19 CET 2018] scale:10000000 groups:10000 work_mem:16MB incremental:off max_workers:2 =====
SELECT * FROM (SELECT * FROM s_1 ORDER BY a) foo ORDER BY a, b
                                    QUERY PLAN                                    
----------------------------------------------------------------------------------
 Limit  (cost=3149224.89..3149224.89 rows=1 width=20)
   ->  Sort  (cost=3024224.22..3049224.35 rows=10000054 width=20)
         Sort Key: s_1.a, s_1.b
         ->  Sort  (cost=1531459.54..1556459.68 rows=10000054 width=20)
               Sort Key: s_1.a
               ->  Seq Scan on s_1  (cost=0.00..163695.54 rows=10000054 width=20)
(6 rows)

===== 414 [Wed Mar  7 07:23:59 CET 2018] scale:10000000 groups:10000 work_mem:16MB incremental:off max_workers:2 =====
SELECT * FROM (SELECT * FROM s_2 ORDER BY a, b) foo ORDER BY a, b, c
                                    QUERY PLAN                                    
----------------------------------------------------------------------------------
 Limit  (cost=3149224.89..3149224.89 rows=1 width=20)
   ->  Sort  (cost=3024224.22..3049224.35 rows=10000054 width=20)
         Sort Key: s_2.a, s_2.b, s_2.c
         ->  Sort  (cost=1531459.54..1556459.68 rows=10000054 width=20)
               Sort Key: s_2.a, s_2.b
               ->  Seq Scan on s_2  (cost=0.00..163695.54 rows=10000054 width=20)
(6 rows)

===== 415 [Wed Mar  7 07:24:35 CET 2018] scale:10000000 groups:10000 work_mem:16MB incremental:off max_workers:2 =====
SELECT * FROM (SELECT * FROM s_3 ORDER BY a, b, c) foo ORDER BY a, b, c, d
                                    QUERY PLAN                                    
----------------------------------------------------------------------------------
 Limit  (cost=3149224.89..3149224.89 rows=1 width=20)
   ->  Sort  (cost=3024224.22..3049224.35 rows=10000054 width=20)
         Sort Key: s_3.a, s_3.b, s_3.c, s_3.d
         ->  Sort  (cost=1531459.54..1556459.68 rows=10000054 width=20)
               Sort Key: s_3.a, s_3.b, s_3.c
               ->  Seq Scan on s_3  (cost=0.00..163695.54 rows=10000054 width=20)
(6 rows)

===== 416 [Wed Mar  7 07:25:01 CET 2018] scale:10000000 groups:10000 work_mem:16MB incremental:off max_workers:2 =====
SELECT * FROM (SELECT * FROM s_4 ORDER BY a, b, c, d) foo ORDER BY a, b, c, d, e
                                    QUERY PLAN                                    
----------------------------------------------------------------------------------
 Limit  (cost=3149224.89..3149224.89 rows=1 width=20)
   ->  Sort  (cost=3024224.22..3049224.35 rows=10000054 width=20)
         Sort Key: s_4.a, s_4.b, s_4.c, s_4.d, s_4.e
         ->  Sort  (cost=1531459.54..1556459.68 rows=10000054 width=20)
               Sort Key: s_4.a, s_4.b, s_4.c, s_4.d
               ->  Seq Scan on s_4  (cost=0.00..163695.54 rows=10000054 width=20)
(6 rows)

===== 417 [Wed Mar  7 07:25:27 CET 2018] scale:10000000 groups:10000 work_mem:32MB incremental:on max_workers:2 =====
SELECT * FROM (SELECT * FROM s_1 ORDER BY a) foo ORDER BY a, b
                                    QUERY PLAN                                    
----------------------------------------------------------------------------------
 Limit  (cost=2433628.90..2433628.90 rows=1 width=20)
   ->  Incremental Sort  (cost=1531525.52..2333628.36 rows=10000054 width=20)
         Sort Key: s_1.a, s_1.b
         Presorted Key: s_1.a
         ->  Sort  (cost=1531459.54..1556459.68 rows=10000054 width=20)
               Sort Key: s_1.a
               ->  Seq Scan on s_1  (cost=0.00..163695.54 rows=10000054 width=20)
(7 rows)

===== 418 [Wed Mar  7 07:25:58 CET 2018] scale:10000000 groups:10000 work_mem:32MB incremental:on max_workers:2 =====
SELECT * FROM (SELECT * FROM s_2 ORDER BY a, b) foo ORDER BY a, b, c
                                    QUERY PLAN                                    
----------------------------------------------------------------------------------
 Limit  (cost=2117559.13..2117559.13 rows=1 width=20)
   ->  Incremental Sort  (cost=1531459.83..2017558.59 rows=10000054 width=20)
         Sort Key: s_2.a, s_2.b, s_2.c
         Presorted Key: s_2.a, s_2.b
         ->  Sort  (cost=1531459.54..1556459.68 rows=10000054 width=20)
               Sort Key: s_2.a, s_2.b
               ->  Seq Scan on s_2  (cost=0.00..163695.54 rows=10000054 width=20)
(7 rows)

===== 419 [Wed Mar  7 07:26:19 CET 2018] scale:10000000 groups:10000 work_mem:32MB incremental:on max_workers:2 =====
SELECT * FROM (SELECT * FROM s_3 ORDER BY a, b, c) foo ORDER BY a, b, c, d
                                    QUERY PLAN                                    
----------------------------------------------------------------------------------
 Limit  (cost=2117559.13..2117559.13 rows=1 width=20)
   ->  Incremental Sort  (cost=1531459.83..2017558.59 rows=10000054 width=20)
         Sort Key: s_3.a, s_3.b, s_3.c, s_3.d
         Presorted Key: s_3.a, s_3.b, s_3.c
         ->  Sort  (cost=1531459.54..1556459.68 rows=10000054 width=20)
               Sort Key: s_3.a, s_3.b, s_3.c
               ->  Seq Scan on s_3  (cost=0.00..163695.54 rows=10000054 width=20)
(7 rows)

===== 420 [Wed Mar  7 07:26:39 CET 2018] scale:10000000 groups:10000 work_mem:32MB incremental:on max_workers:2 =====
SELECT * FROM (SELECT * FROM s_4 ORDER BY a, b, c, d) foo ORDER BY a, b, c, d, e
                                    QUERY PLAN                                    
----------------------------------------------------------------------------------
 Limit  (cost=2117559.13..2117559.13 rows=1 width=20)
   ->  Incremental Sort  (cost=1531459.83..2017558.59 rows=10000054 width=20)
         Sort Key: s_4.a, s_4.b, s_4.c, s_4.d, s_4.e
         Presorted Key: s_4.a, s_4.b, s_4.c, s_4.d
         ->  Sort  (cost=1531459.54..1556459.68 rows=10000054 width=20)
               Sort Key: s_4.a, s_4.b, s_4.c, s_4.d
               ->  Seq Scan on s_4  (cost=0.00..163695.54 rows=10000054 width=20)
(7 rows)

===== 421 [Wed Mar  7 07:26:58 CET 2018] scale:10000000 groups:10000 work_mem:32MB incremental:off max_workers:2 =====
SELECT * FROM (SELECT * FROM s_1 ORDER BY a) foo ORDER BY a, b
                                    QUERY PLAN                                    
----------------------------------------------------------------------------------
 Limit  (cost=3149224.89..3149224.89 rows=1 width=20)
   ->  Sort  (cost=3024224.22..3049224.35 rows=10000054 width=20)
         Sort Key: s_1.a, s_1.b
         ->  Sort  (cost=1531459.54..1556459.68 rows=10000054 width=20)
               Sort Key: s_1.a
               ->  Seq Scan on s_1  (cost=0.00..163695.54 rows=10000054 width=20)
(6 rows)

===== 422 [Wed Mar  7 07:27:39 CET 2018] scale:10000000 groups:10000 work_mem:32MB incremental:off max_workers:2 =====
SELECT * FROM (SELECT * FROM s_2 ORDER BY a, b) foo ORDER BY a, b, c
                                    QUERY PLAN                                    
----------------------------------------------------------------------------------
 Limit  (cost=3149224.89..3149224.89 rows=1 width=20)
   ->  Sort  (cost=3024224.22..3049224.35 rows=10000054 width=20)
         Sort Key: s_2.a, s_2.b, s_2.c
         ->  Sort  (cost=1531459.54..1556459.68 rows=10000054 width=20)
               Sort Key: s_2.a, s_2.b
               ->  Seq Scan on s_2  (cost=0.00..163695.54 rows=10000054 width=20)
(6 rows)

===== 423 [Wed Mar  7 07:28:14 CET 2018] scale:10000000 groups:10000 work_mem:32MB incremental:off max_workers:2 =====
SELECT * FROM (SELECT * FROM s_3 ORDER BY a, b, c) foo ORDER BY a, b, c, d
                                    QUERY PLAN                                    
----------------------------------------------------------------------------------
 Limit  (cost=3149224.89..3149224.89 rows=1 width=20)
   ->  Sort  (cost=3024224.22..3049224.35 rows=10000054 width=20)
         Sort Key: s_3.a, s_3.b, s_3.c, s_3.d
         ->  Sort  (cost=1531459.54..1556459.68 rows=10000054 width=20)
               Sort Key: s_3.a, s_3.b, s_3.c
               ->  Seq Scan on s_3  (cost=0.00..163695.54 rows=10000054 width=20)
(6 rows)

===== 424 [Wed Mar  7 07:28:41 CET 2018] scale:10000000 groups:10000 work_mem:32MB incremental:off max_workers:2 =====
SELECT * FROM (SELECT * FROM s_4 ORDER BY a, b, c, d) foo ORDER BY a, b, c, d, e
                                    QUERY PLAN                                    
----------------------------------------------------------------------------------
 Limit  (cost=3149224.89..3149224.89 rows=1 width=20)
   ->  Sort  (cost=3024224.22..3049224.35 rows=10000054 width=20)
         Sort Key: s_4.a, s_4.b, s_4.c, s_4.d, s_4.e
         ->  Sort  (cost=1531459.54..1556459.68 rows=10000054 width=20)
               Sort Key: s_4.a, s_4.b, s_4.c, s_4.d
               ->  Seq Scan on s_4  (cost=0.00..163695.54 rows=10000054 width=20)
(6 rows)

===== 425 [Wed Mar  7 07:29:06 CET 2018] scale:10000000 groups:10000 work_mem:64MB incremental:on max_workers:2 =====
SELECT * FROM (SELECT * FROM s_1 ORDER BY a) foo ORDER BY a, b
                                    QUERY PLAN                                    
----------------------------------------------------------------------------------
 Limit  (cost=2433628.90..2433628.90 rows=1 width=20)
   ->  Incremental Sort  (cost=1531525.52..2333628.36 rows=10000054 width=20)
         Sort Key: s_1.a, s_1.b
         Presorted Key: s_1.a
         ->  Sort  (cost=1531459.54..1556459.68 rows=10000054 width=20)
               Sort Key: s_1.a
               ->  Seq Scan on s_1  (cost=0.00..163695.54 rows=10000054 width=20)
(7 rows)

===== 426 [Wed Mar  7 07:29:37 CET 2018] scale:10000000 groups:10000 work_mem:64MB incremental:on max_workers:2 =====
SELECT * FROM (SELECT * FROM s_2 ORDER BY a, b) foo ORDER BY a, b, c
                                    QUERY PLAN                                    
----------------------------------------------------------------------------------
 Limit  (cost=2117559.13..2117559.13 rows=1 width=20)
   ->  Incremental Sort  (cost=1531459.83..2017558.59 rows=10000054 width=20)
         Sort Key: s_2.a, s_2.b, s_2.c
         Presorted Key: s_2.a, s_2.b
         ->  Sort  (cost=1531459.54..1556459.68 rows=10000054 width=20)
               Sort Key: s_2.a, s_2.b
               ->  Seq Scan on s_2  (cost=0.00..163695.54 rows=10000054 width=20)
(7 rows)

===== 427 [Wed Mar  7 07:29:59 CET 2018] scale:10000000 groups:10000 work_mem:64MB incremental:on max_workers:2 =====
SELECT * FROM (SELECT * FROM s_3 ORDER BY a, b, c) foo ORDER BY a, b, c, d
                                    QUERY PLAN                                    
----------------------------------------------------------------------------------
 Limit  (cost=2117559.13..2117559.13 rows=1 width=20)
   ->  Incremental Sort  (cost=1531459.83..2017558.59 rows=10000054 width=20)
         Sort Key: s_3.a, s_3.b, s_3.c, s_3.d
         Presorted Key: s_3.a, s_3.b, s_3.c
         ->  Sort  (cost=1531459.54..1556459.68 rows=10000054 width=20)
               Sort Key: s_3.a, s_3.b, s_3.c
               ->  Seq Scan on s_3  (cost=0.00..163695.54 rows=10000054 width=20)
(7 rows)

===== 428 [Wed Mar  7 07:30:19 CET 2018] scale:10000000 groups:10000 work_mem:64MB incremental:on max_workers:2 =====
SELECT * FROM (SELECT * FROM s_4 ORDER BY a, b, c, d) foo ORDER BY a, b, c, d, e
                                    QUERY PLAN                                    
----------------------------------------------------------------------------------
 Limit  (cost=2117559.13..2117559.13 rows=1 width=20)
   ->  Incremental Sort  (cost=1531459.83..2017558.59 rows=10000054 width=20)
         Sort Key: s_4.a, s_4.b, s_4.c, s_4.d, s_4.e
         Presorted Key: s_4.a, s_4.b, s_4.c, s_4.d
         ->  Sort  (cost=1531459.54..1556459.68 rows=10000054 width=20)
               Sort Key: s_4.a, s_4.b, s_4.c, s_4.d
               ->  Seq Scan on s_4  (cost=0.00..163695.54 rows=10000054 width=20)
(7 rows)

===== 429 [Wed Mar  7 07:30:39 CET 2018] scale:10000000 groups:10000 work_mem:64MB incremental:off max_workers:2 =====
SELECT * FROM (SELECT * FROM s_1 ORDER BY a) foo ORDER BY a, b
                                    QUERY PLAN                                    
----------------------------------------------------------------------------------
 Limit  (cost=3149224.89..3149224.89 rows=1 width=20)
   ->  Sort  (cost=3024224.22..3049224.35 rows=10000054 width=20)
         Sort Key: s_1.a, s_1.b
         ->  Sort  (cost=1531459.54..1556459.68 rows=10000054 width=20)
               Sort Key: s_1.a
               ->  Seq Scan on s_1  (cost=0.00..163695.54 rows=10000054 width=20)
(6 rows)

===== 430 [Wed Mar  7 07:31:20 CET 2018] scale:10000000 groups:10000 work_mem:64MB incremental:off max_workers:2 =====
SELECT * FROM (SELECT * FROM s_2 ORDER BY a, b) foo ORDER BY a, b, c
                                    QUERY PLAN                                    
----------------------------------------------------------------------------------
 Limit  (cost=3149224.89..3149224.89 rows=1 width=20)
   ->  Sort  (cost=3024224.22..3049224.35 rows=10000054 width=20)
         Sort Key: s_2.a, s_2.b, s_2.c
         ->  Sort  (cost=1531459.54..1556459.68 rows=10000054 width=20)
               Sort Key: s_2.a, s_2.b
               ->  Seq Scan on s_2  (cost=0.00..163695.54 rows=10000054 width=20)
(6 rows)

===== 431 [Wed Mar  7 07:31:56 CET 2018] scale:10000000 groups:10000 work_mem:64MB incremental:off max_workers:2 =====
SELECT * FROM (SELECT * FROM s_3 ORDER BY a, b, c) foo ORDER BY a, b, c, d
                                    QUERY PLAN                                    
----------------------------------------------------------------------------------
 Limit  (cost=3149224.89..3149224.89 rows=1 width=20)
   ->  Sort  (cost=3024224.22..3049224.35 rows=10000054 width=20)
         Sort Key: s_3.a, s_3.b, s_3.c, s_3.d
         ->  Sort  (cost=1531459.54..1556459.68 rows=10000054 width=20)
               Sort Key: s_3.a, s_3.b, s_3.c
               ->  Seq Scan on s_3  (cost=0.00..163695.54 rows=10000054 width=20)
(6 rows)

===== 432 [Wed Mar  7 07:32:24 CET 2018] scale:10000000 groups:10000 work_mem:64MB incremental:off max_workers:2 =====
SELECT * FROM (SELECT * FROM s_4 ORDER BY a, b, c, d) foo ORDER BY a, b, c, d, e
                                    QUERY PLAN                                    
----------------------------------------------------------------------------------
 Limit  (cost=3149224.89..3149224.89 rows=1 width=20)
   ->  Sort  (cost=3024224.22..3049224.35 rows=10000054 width=20)
         Sort Key: s_4.a, s_4.b, s_4.c, s_4.d, s_4.e
         ->  Sort  (cost=1531459.54..1556459.68 rows=10000054 width=20)
               Sort Key: s_4.a, s_4.b, s_4.c, s_4.d
               ->  Seq Scan on s_4  (cost=0.00..163695.54 rows=10000054 width=20)
(6 rows)

===== 433 [Wed Mar  7 07:32:50 CET 2018] scale:10000000 groups:10000 work_mem:128MB incremental:on max_workers:2 =====
SELECT * FROM (SELECT * FROM s_1 ORDER BY a) foo ORDER BY a, b
                                    QUERY PLAN                                    
----------------------------------------------------------------------------------
 Limit  (cost=2433628.90..2433628.90 rows=1 width=20)
   ->  Incremental Sort  (cost=1531525.52..2333628.36 rows=10000054 width=20)
         Sort Key: s_1.a, s_1.b
         Presorted Key: s_1.a
         ->  Sort  (cost=1531459.54..1556459.68 rows=10000054 width=20)
               Sort Key: s_1.a
               ->  Seq Scan on s_1  (cost=0.00..163695.54 rows=10000054 width=20)
(7 rows)

===== 434 [Wed Mar  7 07:33:21 CET 2018] scale:10000000 groups:10000 work_mem:128MB incremental:on max_workers:2 =====
SELECT * FROM (SELECT * FROM s_2 ORDER BY a, b) foo ORDER BY a, b, c
                                    QUERY PLAN                                    
----------------------------------------------------------------------------------
 Limit  (cost=2117559.13..2117559.13 rows=1 width=20)
   ->  Incremental Sort  (cost=1531459.83..2017558.59 rows=10000054 width=20)
         Sort Key: s_2.a, s_2.b, s_2.c
         Presorted Key: s_2.a, s_2.b
         ->  Sort  (cost=1531459.54..1556459.68 rows=10000054 width=20)
               Sort Key: s_2.a, s_2.b
               ->  Seq Scan on s_2  (cost=0.00..163695.54 rows=10000054 width=20)
(7 rows)

===== 435 [Wed Mar  7 07:33:43 CET 2018] scale:10000000 groups:10000 work_mem:128MB incremental:on max_workers:2 =====
SELECT * FROM (SELECT * FROM s_3 ORDER BY a, b, c) foo ORDER BY a, b, c, d
                                    QUERY PLAN                                    
----------------------------------------------------------------------------------
 Limit  (cost=2117559.13..2117559.13 rows=1 width=20)
   ->  Incremental Sort  (cost=1531459.83..2017558.59 rows=10000054 width=20)
         Sort Key: s_3.a, s_3.b, s_3.c, s_3.d
         Presorted Key: s_3.a, s_3.b, s_3.c
         ->  Sort  (cost=1531459.54..1556459.68 rows=10000054 width=20)
               Sort Key: s_3.a, s_3.b, s_3.c
               ->  Seq Scan on s_3  (cost=0.00..163695.54 rows=10000054 width=20)
(7 rows)

===== 436 [Wed Mar  7 07:34:03 CET 2018] scale:10000000 groups:10000 work_mem:128MB incremental:on max_workers:2 =====
SELECT * FROM (SELECT * FROM s_4 ORDER BY a, b, c, d) foo ORDER BY a, b, c, d, e
                                    QUERY PLAN                                    
----------------------------------------------------------------------------------
 Limit  (cost=2117559.13..2117559.13 rows=1 width=20)
   ->  Incremental Sort  (cost=1531459.83..2017558.59 rows=10000054 width=20)
         Sort Key: s_4.a, s_4.b, s_4.c, s_4.d, s_4.e
         Presorted Key: s_4.a, s_4.b, s_4.c, s_4.d
         ->  Sort  (cost=1531459.54..1556459.68 rows=10000054 width=20)
               Sort Key: s_4.a, s_4.b, s_4.c, s_4.d
               ->  Seq Scan on s_4  (cost=0.00..163695.54 rows=10000054 width=20)
(7 rows)

===== 437 [Wed Mar  7 07:34:24 CET 2018] scale:10000000 groups:10000 work_mem:128MB incremental:off max_workers:2 =====
SELECT * FROM (SELECT * FROM s_1 ORDER BY a) foo ORDER BY a, b
                                    QUERY PLAN                                    
----------------------------------------------------------------------------------
 Limit  (cost=3149224.89..3149224.89 rows=1 width=20)
   ->  Sort  (cost=3024224.22..3049224.35 rows=10000054 width=20)
         Sort Key: s_1.a, s_1.b
         ->  Sort  (cost=1531459.54..1556459.68 rows=10000054 width=20)
               Sort Key: s_1.a
               ->  Seq Scan on s_1  (cost=0.00..163695.54 rows=10000054 width=20)
(6 rows)

===== 438 [Wed Mar  7 07:35:06 CET 2018] scale:10000000 groups:10000 work_mem:128MB incremental:off max_workers:2 =====
SELECT * FROM (SELECT * FROM s_2 ORDER BY a, b) foo ORDER BY a, b, c
                                    QUERY PLAN                                    
----------------------------------------------------------------------------------
 Limit  (cost=3149224.89..3149224.89 rows=1 width=20)
   ->  Sort  (cost=3024224.22..3049224.35 rows=10000054 width=20)
         Sort Key: s_2.a, s_2.b, s_2.c
         ->  Sort  (cost=1531459.54..1556459.68 rows=10000054 width=20)
               Sort Key: s_2.a, s_2.b
               ->  Seq Scan on s_2  (cost=0.00..163695.54 rows=10000054 width=20)
(6 rows)

===== 439 [Wed Mar  7 07:35:43 CET 2018] scale:10000000 groups:10000 work_mem:128MB incremental:off max_workers:2 =====
SELECT * FROM (SELECT * FROM s_3 ORDER BY a, b, c) foo ORDER BY a, b, c, d
                                    QUERY PLAN                                    
----------------------------------------------------------------------------------
 Limit  (cost=3149224.89..3149224.89 rows=1 width=20)
   ->  Sort  (cost=3024224.22..3049224.35 rows=10000054 width=20)
         Sort Key: s_3.a, s_3.b, s_3.c, s_3.d
         ->  Sort  (cost=1531459.54..1556459.68 rows=10000054 width=20)
               Sort Key: s_3.a, s_3.b, s_3.c
               ->  Seq Scan on s_3  (cost=0.00..163695.54 rows=10000054 width=20)
(6 rows)

===== 440 [Wed Mar  7 07:36:12 CET 2018] scale:10000000 groups:10000 work_mem:128MB incremental:off max_workers:2 =====
SELECT * FROM (SELECT * FROM s_4 ORDER BY a, b, c, d) foo ORDER BY a, b, c, d, e
                                    QUERY PLAN                                    
----------------------------------------------------------------------------------
 Limit  (cost=3149224.89..3149224.89 rows=1 width=20)
   ->  Sort  (cost=3024224.22..3049224.35 rows=10000054 width=20)
         Sort Key: s_4.a, s_4.b, s_4.c, s_4.d, s_4.e
         ->  Sort  (cost=1531459.54..1556459.68 rows=10000054 width=20)
               Sort Key: s_4.a, s_4.b, s_4.c, s_4.d
               ->  Seq Scan on s_4  (cost=0.00..163695.54 rows=10000054 width=20)
(6 rows)

===== 441 [Wed Mar  7 07:36:38 CET 2018] scale:10000000 groups:10000 work_mem:256MB incremental:on max_workers:2 =====
SELECT * FROM (SELECT * FROM s_1 ORDER BY a) foo ORDER BY a, b
                                    QUERY PLAN                                    
----------------------------------------------------------------------------------
 Limit  (cost=2276505.85..2276505.85 rows=1 width=20)
   ->  Incremental Sort  (cost=1531513.81..2193172.07 rows=8333378 width=20)
         Sort Key: s_1.a, s_1.b
         Presorted Key: s_1.a
         ->  Sort  (cost=1531459.54..1556459.68 rows=10000054 width=20)
               Sort Key: s_1.a
               ->  Seq Scan on s_1  (cost=0.00..163695.54 rows=10000054 width=20)
(7 rows)

===== 442 [Wed Mar  7 07:37:10 CET 2018] scale:10000000 groups:10000 work_mem:256MB incremental:on max_workers:2 =====
SELECT * FROM (SELECT * FROM s_2 ORDER BY a, b) foo ORDER BY a, b, c
                                    QUERY PLAN                                    
----------------------------------------------------------------------------------
 Limit  (cost=2024042.51..2024042.51 rows=1 width=20)
   ->  Incremental Sort  (cost=1531459.84..1940708.73 rows=8333378 width=20)
         Sort Key: s_2.a, s_2.b, s_2.c
         Presorted Key: s_2.a, s_2.b
         ->  Sort  (cost=1531459.54..1556459.68 rows=10000054 width=20)
               Sort Key: s_2.a, s_2.b
               ->  Seq Scan on s_2  (cost=0.00..163695.54 rows=10000054 width=20)
(7 rows)

===== 443 [Wed Mar  7 07:37:32 CET 2018] scale:10000000 groups:10000 work_mem:256MB incremental:on max_workers:2 =====
SELECT * FROM (SELECT * FROM s_3 ORDER BY a, b, c) foo ORDER BY a, b, c, d
                                    QUERY PLAN                                    
----------------------------------------------------------------------------------
 Limit  (cost=2024042.51..2024042.51 rows=1 width=20)
   ->  Incremental Sort  (cost=1531459.84..1940708.73 rows=8333378 width=20)
         Sort Key: s_3.a, s_3.b, s_3.c, s_3.d
         Presorted Key: s_3.a, s_3.b, s_3.c
         ->  Sort  (cost=1531459.54..1556459.68 rows=10000054 width=20)
               Sort Key: s_3.a, s_3.b, s_3.c
               ->  Seq Scan on s_3  (cost=0.00..163695.54 rows=10000054 width=20)
(7 rows)

===== 444 [Wed Mar  7 07:37:53 CET 2018] scale:10000000 groups:10000 work_mem:256MB incremental:on max_workers:2 =====
SELECT * FROM (SELECT * FROM s_4 ORDER BY a, b, c, d) foo ORDER BY a, b, c, d, e
                                    QUERY PLAN                                    
----------------------------------------------------------------------------------
 Limit  (cost=2024042.51..2024042.51 rows=1 width=20)
   ->  Incremental Sort  (cost=1531459.84..1940708.73 rows=8333378 width=20)
         Sort Key: s_4.a, s_4.b, s_4.c, s_4.d, s_4.e
         Presorted Key: s_4.a, s_4.b, s_4.c, s_4.d
         ->  Sort  (cost=1531459.54..1556459.68 rows=10000054 width=20)
               Sort Key: s_4.a, s_4.b, s_4.c, s_4.d
               ->  Seq Scan on s_4  (cost=0.00..163695.54 rows=10000054 width=20)
(7 rows)

===== 445 [Wed Mar  7 07:38:14 CET 2018] scale:10000000 groups:10000 work_mem:256MB incremental:off max_workers:2 =====
SELECT * FROM (SELECT * FROM s_1 ORDER BY a) foo ORDER BY a, b
                                           QUERY PLAN                                           
------------------------------------------------------------------------------------------------
 Limit  (cost=2853138.37..2853138.37 rows=1 width=20)
   ->  Sort  (cost=2748971.14..2769804.59 rows=8333378 width=20)
         Sort Key: s_1.a, s_1.b
         ->  Gather Merge  (cost=564499.16..1536794.48 rows=8333378 width=20)
               Workers Planned: 2
               ->  Sort  (cost=563499.14..573915.86 rows=4166689 width=20)
                     Sort Key: s_1.a
                     ->  Parallel Seq Scan on s_1  (cost=0.00..105361.89 rows=4166689 width=20)
(8 rows)

===== 446 [Wed Mar  7 07:38:55 CET 2018] scale:10000000 groups:10000 work_mem:256MB incremental:off max_workers:2 =====
SELECT * FROM (SELECT * FROM s_2 ORDER BY a, b) foo ORDER BY a, b, c
                                           QUERY PLAN                                           
------------------------------------------------------------------------------------------------
 Limit  (cost=2853138.37..2853138.37 rows=1 width=20)
   ->  Sort  (cost=2748971.14..2769804.59 rows=8333378 width=20)
         Sort Key: s_2.a, s_2.b, s_2.c
         ->  Gather Merge  (cost=564499.16..1536794.48 rows=8333378 width=20)
               Workers Planned: 2
               ->  Sort  (cost=563499.14..573915.86 rows=4166689 width=20)
                     Sort Key: s_2.a, s_2.b
                     ->  Parallel Seq Scan on s_2  (cost=0.00..105361.89 rows=4166689 width=20)
(8 rows)

===== 447 [Wed Mar  7 07:39:32 CET 2018] scale:10000000 groups:10000 work_mem:256MB incremental:off max_workers:2 =====
SELECT * FROM (SELECT * FROM s_3 ORDER BY a, b, c) foo ORDER BY a, b, c, d
                                           QUERY PLAN                                           
------------------------------------------------------------------------------------------------
 Limit  (cost=2853138.37..2853138.37 rows=1 width=20)
   ->  Sort  (cost=2748971.14..2769804.59 rows=8333378 width=20)
         Sort Key: s_3.a, s_3.b, s_3.c, s_3.d
         ->  Gather Merge  (cost=564499.16..1536794.48 rows=8333378 width=20)
               Workers Planned: 2
               ->  Sort  (cost=563499.14..573915.86 rows=4166689 width=20)
                     Sort Key: s_3.a, s_3.b, s_3.c
                     ->  Parallel Seq Scan on s_3  (cost=0.00..105361.89 rows=4166689 width=20)
(8 rows)

===== 448 [Wed Mar  7 07:40:01 CET 2018] scale:10000000 groups:10000 work_mem:256MB incremental:off max_workers:2 =====
SELECT * FROM (SELECT * FROM s_4 ORDER BY a, b, c, d) foo ORDER BY a, b, c, d, e
                                           QUERY PLAN                                           
------------------------------------------------------------------------------------------------
 Limit  (cost=2853138.37..2853138.37 rows=1 width=20)
   ->  Sort  (cost=2748971.14..2769804.59 rows=8333378 width=20)
         Sort Key: s_4.a, s_4.b, s_4.c, s_4.d, s_4.e
         ->  Gather Merge  (cost=564499.16..1536794.48 rows=8333378 width=20)
               Workers Planned: 2
               ->  Sort  (cost=563499.14..573915.86 rows=4166689 width=20)
                     Sort Key: s_4.a, s_4.b, s_4.c, s_4.d
                     ->  Parallel Seq Scan on s_4  (cost=0.00..105361.89 rows=4166689 width=20)
(8 rows)

