===== 1 [Wed Mar  7 07:41:31 CET 2018] scale:10000000 groups:10 work_mem:4MB incremental:on max_workers:0 =====
SELECT * FROM (SELECT * FROM s_1 ORDER BY a) foo ORDER BY a, b LIMIT 100000
                                      QUERY PLAN                                       
---------------------------------------------------------------------------------------
 Limit  (cost=1859250.19..1859250.19 rows=1 width=20)
   ->  Limit  (cost=1856500.19..1858250.19 rows=100000 width=20)
         ->  Incremental Sort  (cost=1856500.19..2031499.34 rows=9999939 width=20)
               Sort Key: s_1.a, s_1.b
               Presorted Key: s_1.a
               ->  Sort  (cost=1736519.69..1761519.54 rows=9999939 width=20)
                     Sort Key: s_1.a
                     ->  Seq Scan on s_1  (cost=0.00..163694.39 rows=9999939 width=20)
(8 rows)

===== 2 [Wed Mar  7 07:41:51 CET 2018] scale:10000000 groups:10 work_mem:4MB incremental:on max_workers:0 =====
SELECT * FROM (SELECT * FROM s_2 ORDER BY a, b) foo ORDER BY a, b, c LIMIT 100000
                                       QUERY PLAN                                       
----------------------------------------------------------------------------------------
 Limit  (cost=1747091.36..1747091.36 rows=1 width=20)
   ->  Limit  (cost=1744324.99..1746091.36 rows=100000 width=20)
         ->  Incremental Sort  (cost=1744324.99..1920962.73 rows=10000054 width=20)
               Sort Key: s_2.a, s_2.b, s_2.c
               Presorted Key: s_2.a, s_2.b
               ->  Sort  (cost=1736542.04..1761542.18 rows=10000054 width=20)
                     Sort Key: s_2.a, s_2.b
                     ->  Seq Scan on s_2  (cost=0.00..163695.54 rows=10000054 width=20)
(8 rows)

===== 3 [Wed Mar  7 07:42:11 CET 2018] scale:10000000 groups:10 work_mem:4MB incremental:on max_workers:0 =====
SELECT * FROM (SELECT * FROM s_3 ORDER BY a, b, c) foo ORDER BY a, b, c, d LIMIT 100000
                                       QUERY PLAN                                       
----------------------------------------------------------------------------------------
 Limit  (cost=1739940.99..1739940.99 rows=1 width=20)
   ->  Limit  (cost=1737119.63..1738940.99 rows=100000 width=20)
         ->  Incremental Sort  (cost=1737119.63..1919257.21 rows=10000054 width=20)
               Sort Key: s_3.a, s_3.b, s_3.c, s_3.d
               Presorted Key: s_3.a, s_3.b, s_3.c
               ->  Sort  (cost=1736542.04..1761542.18 rows=10000054 width=20)
                     Sort Key: s_3.a, s_3.b, s_3.c
                     ->  Seq Scan on s_3  (cost=0.00..163695.54 rows=10000054 width=20)
(8 rows)

===== 4 [Wed Mar  7 07:42:32 CET 2018] scale:10000000 groups:10 work_mem:4MB incremental:on max_workers:0 =====
SELECT * FROM (SELECT * FROM s_4 ORDER BY a, b, c, d) foo ORDER BY a, b, c, d, e LIMIT 100000
                                       QUERY PLAN                                       
----------------------------------------------------------------------------------------
 Limit  (cost=1739394.83..1739394.83 rows=1 width=20)
   ->  Limit  (cost=1736582.73..1738394.83 rows=100000 width=20)
         ->  Incremental Sort  (cost=1736582.73..1917793.70 rows=10000054 width=20)
               Sort Key: s_4.a, s_4.b, s_4.c, s_4.d, s_4.e
               Presorted Key: s_4.a, s_4.b, s_4.c, s_4.d
               ->  Sort  (cost=1736542.04..1761542.18 rows=10000054 width=20)
                     Sort Key: s_4.a, s_4.b, s_4.c, s_4.d
                     ->  Seq Scan on s_4  (cost=0.00..163695.54 rows=10000054 width=20)
(8 rows)

===== 5 [Wed Mar  7 07:42:54 CET 2018] scale:10000000 groups:10 work_mem:4MB incremental:off max_workers:0 =====
SELECT * FROM (SELECT * FROM s_1 ORDER BY a) foo ORDER BY a, b LIMIT 100000
                                      QUERY PLAN                                       
---------------------------------------------------------------------------------------
 Limit  (cost=3435594.23..3435594.23 rows=1 width=20)
   ->  Limit  (cost=3434344.23..3434594.23 rows=100000 width=20)
         ->  Sort  (cost=3434344.23..3459344.08 rows=9999939 width=20)
               Sort Key: s_1.a, s_1.b
               ->  Sort  (cost=1736519.69..1761519.54 rows=9999939 width=20)
                     Sort Key: s_1.a
                     ->  Seq Scan on s_1  (cost=0.00..163694.39 rows=9999939 width=20)
(7 rows)

===== 6 [Wed Mar  7 07:43:37 CET 2018] scale:10000000 groups:10 work_mem:4MB incremental:off max_workers:0 =====
SELECT * FROM (SELECT * FROM s_2 ORDER BY a, b) foo ORDER BY a, b, c LIMIT 100000
                                       QUERY PLAN                                       
----------------------------------------------------------------------------------------
 Limit  (cost=3435639.22..3435639.22 rows=1 width=20)
   ->  Limit  (cost=3434389.22..3434639.22 rows=100000 width=20)
         ->  Sort  (cost=3434389.22..3459389.35 rows=10000054 width=20)
               Sort Key: s_2.a, s_2.b, s_2.c
               ->  Sort  (cost=1736542.04..1761542.18 rows=10000054 width=20)
                     Sort Key: s_2.a, s_2.b
                     ->  Seq Scan on s_2  (cost=0.00..163695.54 rows=10000054 width=20)
(7 rows)

===== 7 [Wed Mar  7 07:44:25 CET 2018] scale:10000000 groups:10 work_mem:4MB incremental:off max_workers:0 =====
SELECT * FROM (SELECT * FROM s_3 ORDER BY a, b, c) foo ORDER BY a, b, c, d LIMIT 100000
                                       QUERY PLAN                                       
----------------------------------------------------------------------------------------
 Limit  (cost=3435639.22..3435639.22 rows=1 width=20)
   ->  Limit  (cost=3434389.22..3434639.22 rows=100000 width=20)
         ->  Sort  (cost=3434389.22..3459389.35 rows=10000054 width=20)
               Sort Key: s_3.a, s_3.b, s_3.c, s_3.d
               ->  Sort  (cost=1736542.04..1761542.18 rows=10000054 width=20)
                     Sort Key: s_3.a, s_3.b, s_3.c
                     ->  Seq Scan on s_3  (cost=0.00..163695.54 rows=10000054 width=20)
(7 rows)

===== 8 [Wed Mar  7 07:45:17 CET 2018] scale:10000000 groups:10 work_mem:4MB incremental:off max_workers:0 =====
SELECT * FROM (SELECT * FROM s_4 ORDER BY a, b, c, d) foo ORDER BY a, b, c, d, e LIMIT 100000
                                       QUERY PLAN                                       
----------------------------------------------------------------------------------------
 Limit  (cost=3435639.22..3435639.22 rows=1 width=20)
   ->  Limit  (cost=3434389.22..3434639.22 rows=100000 width=20)
         ->  Sort  (cost=3434389.22..3459389.35 rows=10000054 width=20)
               Sort Key: s_4.a, s_4.b, s_4.c, s_4.d, s_4.e
               ->  Sort  (cost=1736542.04..1761542.18 rows=10000054 width=20)
                     Sort Key: s_4.a, s_4.b, s_4.c, s_4.d
                     ->  Seq Scan on s_4  (cost=0.00..163695.54 rows=10000054 width=20)
(7 rows)

===== 9 [Wed Mar  7 07:46:17 CET 2018] scale:10000000 groups:10 work_mem:8MB incremental:on max_workers:0 =====
SELECT * FROM (SELECT * FROM s_1 ORDER BY a) foo ORDER BY a, b LIMIT 100000
                                      QUERY PLAN                                       
---------------------------------------------------------------------------------------
 Limit  (cost=1830676.59..1830676.59 rows=1 width=20)
   ->  Limit  (cost=1827926.59..1829676.59 rows=100000 width=20)
         ->  Incremental Sort  (cost=1827926.59..2002925.74 rows=9999939 width=20)
               Sort Key: s_1.a, s_1.b
               Presorted Key: s_1.a
               ->  Sort  (cost=1736519.69..1761519.54 rows=9999939 width=20)
                     Sort Key: s_1.a
                     ->  Seq Scan on s_1  (cost=0.00..163694.39 rows=9999939 width=20)
(8 rows)

===== 10 [Wed Mar  7 07:46:32 CET 2018] scale:10000000 groups:10 work_mem:8MB incremental:on max_workers:0 =====
SELECT * FROM (SELECT * FROM s_2 ORDER BY a, b) foo ORDER BY a, b, c LIMIT 100000
                                       QUERY PLAN                                       
----------------------------------------------------------------------------------------
 Limit  (cost=1747091.36..1747091.36 rows=1 width=20)
   ->  Limit  (cost=1744324.99..1746091.36 rows=100000 width=20)
         ->  Incremental Sort  (cost=1744324.99..1920962.73 rows=10000054 width=20)
               Sort Key: s_2.a, s_2.b, s_2.c
               Presorted Key: s_2.a, s_2.b
               ->  Sort  (cost=1736542.04..1761542.18 rows=10000054 width=20)
                     Sort Key: s_2.a, s_2.b
                     ->  Seq Scan on s_2  (cost=0.00..163695.54 rows=10000054 width=20)
(8 rows)

===== 11 [Wed Mar  7 07:46:48 CET 2018] scale:10000000 groups:10 work_mem:8MB incremental:on max_workers:0 =====
SELECT * FROM (SELECT * FROM s_3 ORDER BY a, b, c) foo ORDER BY a, b, c, d LIMIT 100000
                                       QUERY PLAN                                       
----------------------------------------------------------------------------------------
 Limit  (cost=1739940.99..1739940.99 rows=1 width=20)
   ->  Limit  (cost=1737119.63..1738940.99 rows=100000 width=20)
         ->  Incremental Sort  (cost=1737119.63..1919257.21 rows=10000054 width=20)
               Sort Key: s_3.a, s_3.b, s_3.c, s_3.d
               Presorted Key: s_3.a, s_3.b, s_3.c
               ->  Sort  (cost=1736542.04..1761542.18 rows=10000054 width=20)
                     Sort Key: s_3.a, s_3.b, s_3.c
                     ->  Seq Scan on s_3  (cost=0.00..163695.54 rows=10000054 width=20)
(8 rows)

===== 12 [Wed Mar  7 07:47:04 CET 2018] scale:10000000 groups:10 work_mem:8MB incremental:on max_workers:0 =====
SELECT * FROM (SELECT * FROM s_4 ORDER BY a, b, c, d) foo ORDER BY a, b, c, d, e LIMIT 100000
                                       QUERY PLAN                                       
----------------------------------------------------------------------------------------
 Limit  (cost=1739394.83..1739394.83 rows=1 width=20)
   ->  Limit  (cost=1736582.73..1738394.83 rows=100000 width=20)
         ->  Incremental Sort  (cost=1736582.73..1917793.70 rows=10000054 width=20)
               Sort Key: s_4.a, s_4.b, s_4.c, s_4.d, s_4.e
               Presorted Key: s_4.a, s_4.b, s_4.c, s_4.d
               ->  Sort  (cost=1736542.04..1761542.18 rows=10000054 width=20)
                     Sort Key: s_4.a, s_4.b, s_4.c, s_4.d
                     ->  Seq Scan on s_4  (cost=0.00..163695.54 rows=10000054 width=20)
(8 rows)

===== 13 [Wed Mar  7 07:47:21 CET 2018] scale:10000000 groups:10 work_mem:8MB incremental:off max_workers:0 =====
SELECT * FROM (SELECT * FROM s_1 ORDER BY a) foo ORDER BY a, b LIMIT 100000
                                      QUERY PLAN                                       
---------------------------------------------------------------------------------------
 Limit  (cost=2743245.58..2743245.58 rows=1 width=20)
   ->  Limit  (cost=2741995.58..2742245.58 rows=100000 width=20)
         ->  Sort  (cost=2741995.58..2766995.43 rows=9999939 width=20)
               Sort Key: s_1.a, s_1.b
               ->  Sort  (cost=1736519.69..1761519.54 rows=9999939 width=20)
                     Sort Key: s_1.a
                     ->  Seq Scan on s_1  (cost=0.00..163694.39 rows=9999939 width=20)
(7 rows)

===== 14 [Wed Mar  7 07:47:57 CET 2018] scale:10000000 groups:10 work_mem:8MB incremental:off max_workers:0 =====
SELECT * FROM (SELECT * FROM s_2 ORDER BY a, b) foo ORDER BY a, b, c LIMIT 100000
                                       QUERY PLAN                                       
----------------------------------------------------------------------------------------
 Limit  (cost=2743279.49..2743279.49 rows=1 width=20)
   ->  Limit  (cost=2742029.49..2742279.49 rows=100000 width=20)
         ->  Sort  (cost=2742029.49..2767029.63 rows=10000054 width=20)
               Sort Key: s_2.a, s_2.b, s_2.c
               ->  Sort  (cost=1736542.04..1761542.18 rows=10000054 width=20)
                     Sort Key: s_2.a, s_2.b
                     ->  Seq Scan on s_2  (cost=0.00..163695.54 rows=10000054 width=20)
(7 rows)

===== 15 [Wed Mar  7 07:48:37 CET 2018] scale:10000000 groups:10 work_mem:8MB incremental:off max_workers:0 =====
SELECT * FROM (SELECT * FROM s_3 ORDER BY a, b, c) foo ORDER BY a, b, c, d LIMIT 100000
                                       QUERY PLAN                                       
----------------------------------------------------------------------------------------
 Limit  (cost=2743279.49..2743279.49 rows=1 width=20)
   ->  Limit  (cost=2742029.49..2742279.49 rows=100000 width=20)
         ->  Sort  (cost=2742029.49..2767029.63 rows=10000054 width=20)
               Sort Key: s_3.a, s_3.b, s_3.c, s_3.d
               ->  Sort  (cost=1736542.04..1761542.18 rows=10000054 width=20)
                     Sort Key: s_3.a, s_3.b, s_3.c
                     ->  Seq Scan on s_3  (cost=0.00..163695.54 rows=10000054 width=20)
(7 rows)

===== 16 [Wed Mar  7 07:49:21 CET 2018] scale:10000000 groups:10 work_mem:8MB incremental:off max_workers:0 =====
SELECT * FROM (SELECT * FROM s_4 ORDER BY a, b, c, d) foo ORDER BY a, b, c, d, e LIMIT 100000
                                       QUERY PLAN                                       
----------------------------------------------------------------------------------------
 Limit  (cost=2743279.49..2743279.49 rows=1 width=20)
   ->  Limit  (cost=2742029.49..2742279.49 rows=100000 width=20)
         ->  Sort  (cost=2742029.49..2767029.63 rows=10000054 width=20)
               Sort Key: s_4.a, s_4.b, s_4.c, s_4.d, s_4.e
               ->  Sort  (cost=1736542.04..1761542.18 rows=10000054 width=20)
                     Sort Key: s_4.a, s_4.b, s_4.c, s_4.d
                     ->  Seq Scan on s_4  (cost=0.00..163695.54 rows=10000054 width=20)
(7 rows)

===== 17 [Wed Mar  7 07:50:13 CET 2018] scale:10000000 groups:10 work_mem:16MB incremental:on max_workers:0 =====
SELECT * FROM (SELECT * FROM s_1 ORDER BY a) foo ORDER BY a, b LIMIT 100000
                                      QUERY PLAN                                       
---------------------------------------------------------------------------------------
 Limit  (cost=1625597.59..1625597.59 rows=1 width=20)
   ->  Limit  (cost=1622847.59..1624597.59 rows=100000 width=20)
         ->  Incremental Sort  (cost=1622847.59..1797846.74 rows=9999939 width=20)
               Sort Key: s_1.a, s_1.b
               Presorted Key: s_1.a
               ->  Sort  (cost=1531440.69..1556440.54 rows=9999939 width=20)
                     Sort Key: s_1.a
                     ->  Seq Scan on s_1  (cost=0.00..163694.39 rows=9999939 width=20)
(8 rows)

===== 18 [Wed Mar  7 07:50:24 CET 2018] scale:10000000 groups:10 work_mem:16MB incremental:on max_workers:0 =====
SELECT * FROM (SELECT * FROM s_2 ORDER BY a, b) foo ORDER BY a, b, c LIMIT 100000
                                       QUERY PLAN                                       
----------------------------------------------------------------------------------------
 Limit  (cost=1542008.86..1542008.86 rows=1 width=20)
   ->  Limit  (cost=1539242.49..1541008.86 rows=100000 width=20)
         ->  Incremental Sort  (cost=1539242.49..1715880.23 rows=10000054 width=20)
               Sort Key: s_2.a, s_2.b, s_2.c
               Presorted Key: s_2.a, s_2.b
               ->  Sort  (cost=1531459.54..1556459.68 rows=10000054 width=20)
                     Sort Key: s_2.a, s_2.b
                     ->  Seq Scan on s_2  (cost=0.00..163695.54 rows=10000054 width=20)
(8 rows)

===== 19 [Wed Mar  7 07:50:34 CET 2018] scale:10000000 groups:10 work_mem:16MB incremental:on max_workers:0 =====
SELECT * FROM (SELECT * FROM s_3 ORDER BY a, b, c) foo ORDER BY a, b, c, d LIMIT 100000
                                       QUERY PLAN                                       
----------------------------------------------------------------------------------------
 Limit  (cost=1534858.49..1534858.49 rows=1 width=20)
   ->  Limit  (cost=1532037.13..1533858.49 rows=100000 width=20)
         ->  Incremental Sort  (cost=1532037.13..1714174.71 rows=10000054 width=20)
               Sort Key: s_3.a, s_3.b, s_3.c, s_3.d
               Presorted Key: s_3.a, s_3.b, s_3.c
               ->  Sort  (cost=1531459.54..1556459.68 rows=10000054 width=20)
                     Sort Key: s_3.a, s_3.b, s_3.c
                     ->  Seq Scan on s_3  (cost=0.00..163695.54 rows=10000054 width=20)
(8 rows)

===== 20 [Wed Mar  7 07:50:45 CET 2018] scale:10000000 groups:10 work_mem:16MB incremental:on max_workers:0 =====
SELECT * FROM (SELECT * FROM s_4 ORDER BY a, b, c, d) foo ORDER BY a, b, c, d, e LIMIT 100000
                                       QUERY PLAN                                       
----------------------------------------------------------------------------------------
 Limit  (cost=1534312.33..1534312.33 rows=1 width=20)
   ->  Limit  (cost=1531500.23..1533312.33 rows=100000 width=20)
         ->  Incremental Sort  (cost=1531500.23..1712711.20 rows=10000054 width=20)
               Sort Key: s_4.a, s_4.b, s_4.c, s_4.d, s_4.e
               Presorted Key: s_4.a, s_4.b, s_4.c, s_4.d
               ->  Sort  (cost=1531459.54..1556459.68 rows=10000054 width=20)
                     Sort Key: s_4.a, s_4.b, s_4.c, s_4.d
                     ->  Seq Scan on s_4  (cost=0.00..163695.54 rows=10000054 width=20)
(8 rows)

===== 21 [Wed Mar  7 07:50:56 CET 2018] scale:10000000 groups:10 work_mem:16MB incremental:off max_workers:0 =====
SELECT * FROM (SELECT * FROM s_1 ORDER BY a) foo ORDER BY a, b LIMIT 100000
                                      QUERY PLAN                                       
---------------------------------------------------------------------------------------
 Limit  (cost=2538166.58..2538166.58 rows=1 width=20)
   ->  Limit  (cost=2536916.58..2537166.58 rows=100000 width=20)
         ->  Sort  (cost=2536916.58..2561916.43 rows=9999939 width=20)
               Sort Key: s_1.a, s_1.b
               ->  Sort  (cost=1531440.69..1556440.54 rows=9999939 width=20)
                     Sort Key: s_1.a
                     ->  Seq Scan on s_1  (cost=0.00..163694.39 rows=9999939 width=20)
(7 rows)

===== 22 [Wed Mar  7 07:51:25 CET 2018] scale:10000000 groups:10 work_mem:16MB incremental:off max_workers:0 =====
SELECT * FROM (SELECT * FROM s_2 ORDER BY a, b) foo ORDER BY a, b, c LIMIT 100000
                                       QUERY PLAN                                       
----------------------------------------------------------------------------------------
 Limit  (cost=2538196.99..2538196.99 rows=1 width=20)
   ->  Limit  (cost=2536946.99..2537196.99 rows=100000 width=20)
         ->  Sort  (cost=2536946.99..2561947.13 rows=10000054 width=20)
               Sort Key: s_2.a, s_2.b, s_2.c
               ->  Sort  (cost=1531459.54..1556459.68 rows=10000054 width=20)
                     Sort Key: s_2.a, s_2.b
                     ->  Seq Scan on s_2  (cost=0.00..163695.54 rows=10000054 width=20)
(7 rows)

===== 23 [Wed Mar  7 07:51:56 CET 2018] scale:10000000 groups:10 work_mem:16MB incremental:off max_workers:0 =====
SELECT * FROM (SELECT * FROM s_3 ORDER BY a, b, c) foo ORDER BY a, b, c, d LIMIT 100000
                                       QUERY PLAN                                       
----------------------------------------------------------------------------------------
 Limit  (cost=2538196.99..2538196.99 rows=1 width=20)
   ->  Limit  (cost=2536946.99..2537196.99 rows=100000 width=20)
         ->  Sort  (cost=2536946.99..2561947.13 rows=10000054 width=20)
               Sort Key: s_3.a, s_3.b, s_3.c, s_3.d
               ->  Sort  (cost=1531459.54..1556459.68 rows=10000054 width=20)
                     Sort Key: s_3.a, s_3.b, s_3.c
                     ->  Seq Scan on s_3  (cost=0.00..163695.54 rows=10000054 width=20)
(7 rows)

===== 24 [Wed Mar  7 07:52:32 CET 2018] scale:10000000 groups:10 work_mem:16MB incremental:off max_workers:0 =====
SELECT * FROM (SELECT * FROM s_4 ORDER BY a, b, c, d) foo ORDER BY a, b, c, d, e LIMIT 100000
                                       QUERY PLAN                                       
----------------------------------------------------------------------------------------
 Limit  (cost=2538196.99..2538196.99 rows=1 width=20)
   ->  Limit  (cost=2536946.99..2537196.99 rows=100000 width=20)
         ->  Sort  (cost=2536946.99..2561947.13 rows=10000054 width=20)
               Sort Key: s_4.a, s_4.b, s_4.c, s_4.d, s_4.e
               ->  Sort  (cost=1531459.54..1556459.68 rows=10000054 width=20)
                     Sort Key: s_4.a, s_4.b, s_4.c, s_4.d
                     ->  Seq Scan on s_4  (cost=0.00..163695.54 rows=10000054 width=20)
(7 rows)

===== 25 [Wed Mar  7 07:53:14 CET 2018] scale:10000000 groups:10 work_mem:32MB incremental:on max_workers:0 =====
SELECT * FROM (SELECT * FROM s_1 ORDER BY a) foo ORDER BY a, b LIMIT 100000
                                      QUERY PLAN                                       
---------------------------------------------------------------------------------------
 Limit  (cost=1625597.59..1625597.59 rows=1 width=20)
   ->  Limit  (cost=1622847.59..1624597.59 rows=100000 width=20)
         ->  Incremental Sort  (cost=1622847.59..1797846.74 rows=9999939 width=20)
               Sort Key: s_1.a, s_1.b
               Presorted Key: s_1.a
               ->  Sort  (cost=1531440.69..1556440.54 rows=9999939 width=20)
                     Sort Key: s_1.a
                     ->  Seq Scan on s_1  (cost=0.00..163694.39 rows=9999939 width=20)
(8 rows)

===== 26 [Wed Mar  7 07:53:25 CET 2018] scale:10000000 groups:10 work_mem:32MB incremental:on max_workers:0 =====
SELECT * FROM (SELECT * FROM s_2 ORDER BY a, b) foo ORDER BY a, b, c LIMIT 100000
                                       QUERY PLAN                                       
----------------------------------------------------------------------------------------
 Limit  (cost=1542008.86..1542008.86 rows=1 width=20)
   ->  Limit  (cost=1539242.49..1541008.86 rows=100000 width=20)
         ->  Incremental Sort  (cost=1539242.49..1715880.23 rows=10000054 width=20)
               Sort Key: s_2.a, s_2.b, s_2.c
               Presorted Key: s_2.a, s_2.b
               ->  Sort  (cost=1531459.54..1556459.68 rows=10000054 width=20)
                     Sort Key: s_2.a, s_2.b
                     ->  Seq Scan on s_2  (cost=0.00..163695.54 rows=10000054 width=20)
(8 rows)

===== 27 [Wed Mar  7 07:53:35 CET 2018] scale:10000000 groups:10 work_mem:32MB incremental:on max_workers:0 =====
SELECT * FROM (SELECT * FROM s_3 ORDER BY a, b, c) foo ORDER BY a, b, c, d LIMIT 100000
                                       QUERY PLAN                                       
----------------------------------------------------------------------------------------
 Limit  (cost=1534858.49..1534858.49 rows=1 width=20)
   ->  Limit  (cost=1532037.13..1533858.49 rows=100000 width=20)
         ->  Incremental Sort  (cost=1532037.13..1714174.71 rows=10000054 width=20)
               Sort Key: s_3.a, s_3.b, s_3.c, s_3.d
               Presorted Key: s_3.a, s_3.b, s_3.c
               ->  Sort  (cost=1531459.54..1556459.68 rows=10000054 width=20)
                     Sort Key: s_3.a, s_3.b, s_3.c
                     ->  Seq Scan on s_3  (cost=0.00..163695.54 rows=10000054 width=20)
(8 rows)

===== 28 [Wed Mar  7 07:53:46 CET 2018] scale:10000000 groups:10 work_mem:32MB incremental:on max_workers:0 =====
SELECT * FROM (SELECT * FROM s_4 ORDER BY a, b, c, d) foo ORDER BY a, b, c, d, e LIMIT 100000
                                       QUERY PLAN                                       
----------------------------------------------------------------------------------------
 Limit  (cost=1534312.33..1534312.33 rows=1 width=20)
   ->  Limit  (cost=1531500.23..1533312.33 rows=100000 width=20)
         ->  Incremental Sort  (cost=1531500.23..1712711.20 rows=10000054 width=20)
               Sort Key: s_4.a, s_4.b, s_4.c, s_4.d, s_4.e
               Presorted Key: s_4.a, s_4.b, s_4.c, s_4.d
               ->  Sort  (cost=1531459.54..1556459.68 rows=10000054 width=20)
                     Sort Key: s_4.a, s_4.b, s_4.c, s_4.d
                     ->  Seq Scan on s_4  (cost=0.00..163695.54 rows=10000054 width=20)
(8 rows)

===== 29 [Wed Mar  7 07:53:57 CET 2018] scale:10000000 groups:10 work_mem:32MB incremental:off max_workers:0 =====
SELECT * FROM (SELECT * FROM s_1 ORDER BY a) foo ORDER BY a, b LIMIT 100000
                                      QUERY PLAN                                       
---------------------------------------------------------------------------------------
 Limit  (cost=2538166.58..2538166.58 rows=1 width=20)
   ->  Limit  (cost=2536916.58..2537166.58 rows=100000 width=20)
         ->  Sort  (cost=2536916.58..2561916.43 rows=9999939 width=20)
               Sort Key: s_1.a, s_1.b
               ->  Sort  (cost=1531440.69..1556440.54 rows=9999939 width=20)
                     Sort Key: s_1.a
                     ->  Seq Scan on s_1  (cost=0.00..163694.39 rows=9999939 width=20)
(7 rows)

===== 30 [Wed Mar  7 07:54:14 CET 2018] scale:10000000 groups:10 work_mem:32MB incremental:off max_workers:0 =====
SELECT * FROM (SELECT * FROM s_2 ORDER BY a, b) foo ORDER BY a, b, c LIMIT 100000
                                       QUERY PLAN                                       
----------------------------------------------------------------------------------------
 Limit  (cost=2538196.99..2538196.99 rows=1 width=20)
   ->  Limit  (cost=2536946.99..2537196.99 rows=100000 width=20)
         ->  Sort  (cost=2536946.99..2561947.13 rows=10000054 width=20)
               Sort Key: s_2.a, s_2.b, s_2.c
               ->  Sort  (cost=1531459.54..1556459.68 rows=10000054 width=20)
                     Sort Key: s_2.a, s_2.b
                     ->  Seq Scan on s_2  (cost=0.00..163695.54 rows=10000054 width=20)
(7 rows)

===== 31 [Wed Mar  7 07:54:32 CET 2018] scale:10000000 groups:10 work_mem:32MB incremental:off max_workers:0 =====
SELECT * FROM (SELECT * FROM s_3 ORDER BY a, b, c) foo ORDER BY a, b, c, d LIMIT 100000
                                       QUERY PLAN                                       
----------------------------------------------------------------------------------------
 Limit  (cost=2538196.99..2538196.99 rows=1 width=20)
   ->  Limit  (cost=2536946.99..2537196.99 rows=100000 width=20)
         ->  Sort  (cost=2536946.99..2561947.13 rows=10000054 width=20)
               Sort Key: s_3.a, s_3.b, s_3.c, s_3.d
               ->  Sort  (cost=1531459.54..1556459.68 rows=10000054 width=20)
                     Sort Key: s_3.a, s_3.b, s_3.c
                     ->  Seq Scan on s_3  (cost=0.00..163695.54 rows=10000054 width=20)
(7 rows)

===== 32 [Wed Mar  7 07:54:51 CET 2018] scale:10000000 groups:10 work_mem:32MB incremental:off max_workers:0 =====
SELECT * FROM (SELECT * FROM s_4 ORDER BY a, b, c, d) foo ORDER BY a, b, c, d, e LIMIT 100000
                                       QUERY PLAN                                       
----------------------------------------------------------------------------------------
 Limit  (cost=2538196.99..2538196.99 rows=1 width=20)
   ->  Limit  (cost=2536946.99..2537196.99 rows=100000 width=20)
         ->  Sort  (cost=2536946.99..2561947.13 rows=10000054 width=20)
               Sort Key: s_4.a, s_4.b, s_4.c, s_4.d, s_4.e
               ->  Sort  (cost=1531459.54..1556459.68 rows=10000054 width=20)
                     Sort Key: s_4.a, s_4.b, s_4.c, s_4.d
                     ->  Seq Scan on s_4  (cost=0.00..163695.54 rows=10000054 width=20)
(7 rows)

===== 33 [Wed Mar  7 07:55:11 CET 2018] scale:10000000 groups:10 work_mem:64MB incremental:on max_workers:0 =====
SELECT * FROM (SELECT * FROM s_1 ORDER BY a) foo ORDER BY a, b LIMIT 100000
                                      QUERY PLAN                                       
---------------------------------------------------------------------------------------
 Limit  (cost=1625597.59..1625597.59 rows=1 width=20)
   ->  Limit  (cost=1622847.59..1624597.59 rows=100000 width=20)
         ->  Incremental Sort  (cost=1622847.59..1797846.74 rows=9999939 width=20)
               Sort Key: s_1.a, s_1.b
               Presorted Key: s_1.a
               ->  Sort  (cost=1531440.69..1556440.54 rows=9999939 width=20)
                     Sort Key: s_1.a
                     ->  Seq Scan on s_1  (cost=0.00..163694.39 rows=9999939 width=20)
(8 rows)

===== 34 [Wed Mar  7 07:55:21 CET 2018] scale:10000000 groups:10 work_mem:64MB incremental:on max_workers:0 =====
SELECT * FROM (SELECT * FROM s_2 ORDER BY a, b) foo ORDER BY a, b, c LIMIT 100000
                                       QUERY PLAN                                       
----------------------------------------------------------------------------------------
 Limit  (cost=1542008.86..1542008.86 rows=1 width=20)
   ->  Limit  (cost=1539242.49..1541008.86 rows=100000 width=20)
         ->  Incremental Sort  (cost=1539242.49..1715880.23 rows=10000054 width=20)
               Sort Key: s_2.a, s_2.b, s_2.c
               Presorted Key: s_2.a, s_2.b
               ->  Sort  (cost=1531459.54..1556459.68 rows=10000054 width=20)
                     Sort Key: s_2.a, s_2.b
                     ->  Seq Scan on s_2  (cost=0.00..163695.54 rows=10000054 width=20)
(8 rows)

===== 35 [Wed Mar  7 07:55:32 CET 2018] scale:10000000 groups:10 work_mem:64MB incremental:on max_workers:0 =====
SELECT * FROM (SELECT * FROM s_3 ORDER BY a, b, c) foo ORDER BY a, b, c, d LIMIT 100000
                                       QUERY PLAN                                       
----------------------------------------------------------------------------------------
 Limit  (cost=1534858.49..1534858.49 rows=1 width=20)
   ->  Limit  (cost=1532037.13..1533858.49 rows=100000 width=20)
         ->  Incremental Sort  (cost=1532037.13..1714174.71 rows=10000054 width=20)
               Sort Key: s_3.a, s_3.b, s_3.c, s_3.d
               Presorted Key: s_3.a, s_3.b, s_3.c
               ->  Sort  (cost=1531459.54..1556459.68 rows=10000054 width=20)
                     Sort Key: s_3.a, s_3.b, s_3.c
                     ->  Seq Scan on s_3  (cost=0.00..163695.54 rows=10000054 width=20)
(8 rows)

===== 36 [Wed Mar  7 07:55:42 CET 2018] scale:10000000 groups:10 work_mem:64MB incremental:on max_workers:0 =====
SELECT * FROM (SELECT * FROM s_4 ORDER BY a, b, c, d) foo ORDER BY a, b, c, d, e LIMIT 100000
                                       QUERY PLAN                                       
----------------------------------------------------------------------------------------
 Limit  (cost=1534312.33..1534312.33 rows=1 width=20)
   ->  Limit  (cost=1531500.23..1533312.33 rows=100000 width=20)
         ->  Incremental Sort  (cost=1531500.23..1712711.20 rows=10000054 width=20)
               Sort Key: s_4.a, s_4.b, s_4.c, s_4.d, s_4.e
               Presorted Key: s_4.a, s_4.b, s_4.c, s_4.d
               ->  Sort  (cost=1531459.54..1556459.68 rows=10000054 width=20)
                     Sort Key: s_4.a, s_4.b, s_4.c, s_4.d
                     ->  Seq Scan on s_4  (cost=0.00..163695.54 rows=10000054 width=20)
(8 rows)

===== 37 [Wed Mar  7 07:55:54 CET 2018] scale:10000000 groups:10 work_mem:64MB incremental:off max_workers:0 =====
SELECT * FROM (SELECT * FROM s_1 ORDER BY a) foo ORDER BY a, b LIMIT 100000
                                      QUERY PLAN                                       
---------------------------------------------------------------------------------------
 Limit  (cost=2538166.58..2538166.58 rows=1 width=20)
   ->  Limit  (cost=2536916.58..2537166.58 rows=100000 width=20)
         ->  Sort  (cost=2536916.58..2561916.43 rows=9999939 width=20)
               Sort Key: s_1.a, s_1.b
               ->  Sort  (cost=1531440.69..1556440.54 rows=9999939 width=20)
                     Sort Key: s_1.a
                     ->  Seq Scan on s_1  (cost=0.00..163694.39 rows=9999939 width=20)
(7 rows)

===== 38 [Wed Mar  7 07:56:11 CET 2018] scale:10000000 groups:10 work_mem:64MB incremental:off max_workers:0 =====
SELECT * FROM (SELECT * FROM s_2 ORDER BY a, b) foo ORDER BY a, b, c LIMIT 100000
                                       QUERY PLAN                                       
----------------------------------------------------------------------------------------
 Limit  (cost=2538196.99..2538196.99 rows=1 width=20)
   ->  Limit  (cost=2536946.99..2537196.99 rows=100000 width=20)
         ->  Sort  (cost=2536946.99..2561947.13 rows=10000054 width=20)
               Sort Key: s_2.a, s_2.b, s_2.c
               ->  Sort  (cost=1531459.54..1556459.68 rows=10000054 width=20)
                     Sort Key: s_2.a, s_2.b
                     ->  Seq Scan on s_2  (cost=0.00..163695.54 rows=10000054 width=20)
(7 rows)

===== 39 [Wed Mar  7 07:56:30 CET 2018] scale:10000000 groups:10 work_mem:64MB incremental:off max_workers:0 =====
SELECT * FROM (SELECT * FROM s_3 ORDER BY a, b, c) foo ORDER BY a, b, c, d LIMIT 100000
                                       QUERY PLAN                                       
----------------------------------------------------------------------------------------
 Limit  (cost=2538196.99..2538196.99 rows=1 width=20)
   ->  Limit  (cost=2536946.99..2537196.99 rows=100000 width=20)
         ->  Sort  (cost=2536946.99..2561947.13 rows=10000054 width=20)
               Sort Key: s_3.a, s_3.b, s_3.c, s_3.d
               ->  Sort  (cost=1531459.54..1556459.68 rows=10000054 width=20)
                     Sort Key: s_3.a, s_3.b, s_3.c
                     ->  Seq Scan on s_3  (cost=0.00..163695.54 rows=10000054 width=20)
(7 rows)

===== 40 [Wed Mar  7 07:56:49 CET 2018] scale:10000000 groups:10 work_mem:64MB incremental:off max_workers:0 =====
SELECT * FROM (SELECT * FROM s_4 ORDER BY a, b, c, d) foo ORDER BY a, b, c, d, e LIMIT 100000
                                       QUERY PLAN                                       
----------------------------------------------------------------------------------------
 Limit  (cost=2538196.99..2538196.99 rows=1 width=20)
   ->  Limit  (cost=2536946.99..2537196.99 rows=100000 width=20)
         ->  Sort  (cost=2536946.99..2561947.13 rows=10000054 width=20)
               Sort Key: s_4.a, s_4.b, s_4.c, s_4.d, s_4.e
               ->  Sort  (cost=1531459.54..1556459.68 rows=10000054 width=20)
                     Sort Key: s_4.a, s_4.b, s_4.c, s_4.d
                     ->  Seq Scan on s_4  (cost=0.00..163695.54 rows=10000054 width=20)
(7 rows)

===== 41 [Wed Mar  7 07:57:09 CET 2018] scale:10000000 groups:10 work_mem:128MB incremental:on max_workers:0 =====
SELECT * FROM (SELECT * FROM s_1 ORDER BY a) foo ORDER BY a, b LIMIT 100000
                                      QUERY PLAN                                       
---------------------------------------------------------------------------------------
 Limit  (cost=1625597.59..1625597.59 rows=1 width=20)
   ->  Limit  (cost=1622847.59..1624597.59 rows=100000 width=20)
         ->  Incremental Sort  (cost=1622847.59..1797846.74 rows=9999939 width=20)
               Sort Key: s_1.a, s_1.b
               Presorted Key: s_1.a
               ->  Sort  (cost=1531440.69..1556440.54 rows=9999939 width=20)
                     Sort Key: s_1.a
                     ->  Seq Scan on s_1  (cost=0.00..163694.39 rows=9999939 width=20)
(8 rows)

===== 42 [Wed Mar  7 07:57:19 CET 2018] scale:10000000 groups:10 work_mem:128MB incremental:on max_workers:0 =====
SELECT * FROM (SELECT * FROM s_2 ORDER BY a, b) foo ORDER BY a, b, c LIMIT 100000
                                       QUERY PLAN                                       
----------------------------------------------------------------------------------------
 Limit  (cost=1542008.86..1542008.86 rows=1 width=20)
   ->  Limit  (cost=1539242.49..1541008.86 rows=100000 width=20)
         ->  Incremental Sort  (cost=1539242.49..1715880.23 rows=10000054 width=20)
               Sort Key: s_2.a, s_2.b, s_2.c
               Presorted Key: s_2.a, s_2.b
               ->  Sort  (cost=1531459.54..1556459.68 rows=10000054 width=20)
                     Sort Key: s_2.a, s_2.b
                     ->  Seq Scan on s_2  (cost=0.00..163695.54 rows=10000054 width=20)
(8 rows)

===== 43 [Wed Mar  7 07:57:30 CET 2018] scale:10000000 groups:10 work_mem:128MB incremental:on max_workers:0 =====
SELECT * FROM (SELECT * FROM s_3 ORDER BY a, b, c) foo ORDER BY a, b, c, d LIMIT 100000
                                       QUERY PLAN                                       
----------------------------------------------------------------------------------------
 Limit  (cost=1534858.49..1534858.49 rows=1 width=20)
   ->  Limit  (cost=1532037.13..1533858.49 rows=100000 width=20)
         ->  Incremental Sort  (cost=1532037.13..1714174.71 rows=10000054 width=20)
               Sort Key: s_3.a, s_3.b, s_3.c, s_3.d
               Presorted Key: s_3.a, s_3.b, s_3.c
               ->  Sort  (cost=1531459.54..1556459.68 rows=10000054 width=20)
                     Sort Key: s_3.a, s_3.b, s_3.c
                     ->  Seq Scan on s_3  (cost=0.00..163695.54 rows=10000054 width=20)
(8 rows)

===== 44 [Wed Mar  7 07:57:41 CET 2018] scale:10000000 groups:10 work_mem:128MB incremental:on max_workers:0 =====
SELECT * FROM (SELECT * FROM s_4 ORDER BY a, b, c, d) foo ORDER BY a, b, c, d, e LIMIT 100000
                                       QUERY PLAN                                       
----------------------------------------------------------------------------------------
 Limit  (cost=1534312.33..1534312.33 rows=1 width=20)
   ->  Limit  (cost=1531500.23..1533312.33 rows=100000 width=20)
         ->  Incremental Sort  (cost=1531500.23..1712711.20 rows=10000054 width=20)
               Sort Key: s_4.a, s_4.b, s_4.c, s_4.d, s_4.e
               Presorted Key: s_4.a, s_4.b, s_4.c, s_4.d
               ->  Sort  (cost=1531459.54..1556459.68 rows=10000054 width=20)
                     Sort Key: s_4.a, s_4.b, s_4.c, s_4.d
                     ->  Seq Scan on s_4  (cost=0.00..163695.54 rows=10000054 width=20)
(8 rows)

===== 45 [Wed Mar  7 07:57:53 CET 2018] scale:10000000 groups:10 work_mem:128MB incremental:off max_workers:0 =====
SELECT * FROM (SELECT * FROM s_1 ORDER BY a) foo ORDER BY a, b LIMIT 100000
                                      QUERY PLAN                                       
---------------------------------------------------------------------------------------
 Limit  (cost=2538166.58..2538166.58 rows=1 width=20)
   ->  Limit  (cost=2536916.58..2537166.58 rows=100000 width=20)
         ->  Sort  (cost=2536916.58..2561916.43 rows=9999939 width=20)
               Sort Key: s_1.a, s_1.b
               ->  Sort  (cost=1531440.69..1556440.54 rows=9999939 width=20)
                     Sort Key: s_1.a
                     ->  Seq Scan on s_1  (cost=0.00..163694.39 rows=9999939 width=20)
(7 rows)

===== 46 [Wed Mar  7 07:58:11 CET 2018] scale:10000000 groups:10 work_mem:128MB incremental:off max_workers:0 =====
SELECT * FROM (SELECT * FROM s_2 ORDER BY a, b) foo ORDER BY a, b, c LIMIT 100000
                                       QUERY PLAN                                       
----------------------------------------------------------------------------------------
 Limit  (cost=2538196.99..2538196.99 rows=1 width=20)
   ->  Limit  (cost=2536946.99..2537196.99 rows=100000 width=20)
         ->  Sort  (cost=2536946.99..2561947.13 rows=10000054 width=20)
               Sort Key: s_2.a, s_2.b, s_2.c
               ->  Sort  (cost=1531459.54..1556459.68 rows=10000054 width=20)
                     Sort Key: s_2.a, s_2.b
                     ->  Seq Scan on s_2  (cost=0.00..163695.54 rows=10000054 width=20)
(7 rows)

===== 47 [Wed Mar  7 07:58:30 CET 2018] scale:10000000 groups:10 work_mem:128MB incremental:off max_workers:0 =====
SELECT * FROM (SELECT * FROM s_3 ORDER BY a, b, c) foo ORDER BY a, b, c, d LIMIT 100000
                                       QUERY PLAN                                       
----------------------------------------------------------------------------------------
 Limit  (cost=2538196.99..2538196.99 rows=1 width=20)
   ->  Limit  (cost=2536946.99..2537196.99 rows=100000 width=20)
         ->  Sort  (cost=2536946.99..2561947.13 rows=10000054 width=20)
               Sort Key: s_3.a, s_3.b, s_3.c, s_3.d
               ->  Sort  (cost=1531459.54..1556459.68 rows=10000054 width=20)
                     Sort Key: s_3.a, s_3.b, s_3.c
                     ->  Seq Scan on s_3  (cost=0.00..163695.54 rows=10000054 width=20)
(7 rows)

===== 48 [Wed Mar  7 07:58:49 CET 2018] scale:10000000 groups:10 work_mem:128MB incremental:off max_workers:0 =====
SELECT * FROM (SELECT * FROM s_4 ORDER BY a, b, c, d) foo ORDER BY a, b, c, d, e LIMIT 100000
                                       QUERY PLAN                                       
----------------------------------------------------------------------------------------
 Limit  (cost=2538196.99..2538196.99 rows=1 width=20)
   ->  Limit  (cost=2536946.99..2537196.99 rows=100000 width=20)
         ->  Sort  (cost=2536946.99..2561947.13 rows=10000054 width=20)
               Sort Key: s_4.a, s_4.b, s_4.c, s_4.d, s_4.e
               ->  Sort  (cost=1531459.54..1556459.68 rows=10000054 width=20)
                     Sort Key: s_4.a, s_4.b, s_4.c, s_4.d
                     ->  Seq Scan on s_4  (cost=0.00..163695.54 rows=10000054 width=20)
(7 rows)

===== 49 [Wed Mar  7 07:59:08 CET 2018] scale:10000000 groups:10 work_mem:256MB incremental:on max_workers:0 =====
SELECT * FROM (SELECT * FROM s_1 ORDER BY a) foo ORDER BY a, b LIMIT 100000
                                      QUERY PLAN                                       
---------------------------------------------------------------------------------------
 Limit  (cost=1625597.59..1625597.59 rows=1 width=20)
   ->  Limit  (cost=1622847.59..1624597.59 rows=100000 width=20)
         ->  Incremental Sort  (cost=1622847.59..1797846.74 rows=9999939 width=20)
               Sort Key: s_1.a, s_1.b
               Presorted Key: s_1.a
               ->  Sort  (cost=1531440.69..1556440.54 rows=9999939 width=20)
                     Sort Key: s_1.a
                     ->  Seq Scan on s_1  (cost=0.00..163694.39 rows=9999939 width=20)
(8 rows)

===== 50 [Wed Mar  7 07:59:20 CET 2018] scale:10000000 groups:10 work_mem:256MB incremental:on max_workers:0 =====
SELECT * FROM (SELECT * FROM s_2 ORDER BY a, b) foo ORDER BY a, b, c LIMIT 100000
                                       QUERY PLAN                                       
----------------------------------------------------------------------------------------
 Limit  (cost=1542008.86..1542008.86 rows=1 width=20)
   ->  Limit  (cost=1539242.49..1541008.86 rows=100000 width=20)
         ->  Incremental Sort  (cost=1539242.49..1715880.23 rows=10000054 width=20)
               Sort Key: s_2.a, s_2.b, s_2.c
               Presorted Key: s_2.a, s_2.b
               ->  Sort  (cost=1531459.54..1556459.68 rows=10000054 width=20)
                     Sort Key: s_2.a, s_2.b
                     ->  Seq Scan on s_2  (cost=0.00..163695.54 rows=10000054 width=20)
(8 rows)

===== 51 [Wed Mar  7 07:59:32 CET 2018] scale:10000000 groups:10 work_mem:256MB incremental:on max_workers:0 =====
SELECT * FROM (SELECT * FROM s_3 ORDER BY a, b, c) foo ORDER BY a, b, c, d LIMIT 100000
                                       QUERY PLAN                                       
----------------------------------------------------------------------------------------
 Limit  (cost=1534858.49..1534858.49 rows=1 width=20)
   ->  Limit  (cost=1532037.13..1533858.49 rows=100000 width=20)
         ->  Incremental Sort  (cost=1532037.13..1714174.71 rows=10000054 width=20)
               Sort Key: s_3.a, s_3.b, s_3.c, s_3.d
               Presorted Key: s_3.a, s_3.b, s_3.c
               ->  Sort  (cost=1531459.54..1556459.68 rows=10000054 width=20)
                     Sort Key: s_3.a, s_3.b, s_3.c
                     ->  Seq Scan on s_3  (cost=0.00..163695.54 rows=10000054 width=20)
(8 rows)

===== 52 [Wed Mar  7 07:59:44 CET 2018] scale:10000000 groups:10 work_mem:256MB incremental:on max_workers:0 =====
SELECT * FROM (SELECT * FROM s_4 ORDER BY a, b, c, d) foo ORDER BY a, b, c, d, e LIMIT 100000
                                       QUERY PLAN                                       
----------------------------------------------------------------------------------------
 Limit  (cost=1534312.33..1534312.33 rows=1 width=20)
   ->  Limit  (cost=1531500.23..1533312.33 rows=100000 width=20)
         ->  Incremental Sort  (cost=1531500.23..1712711.20 rows=10000054 width=20)
               Sort Key: s_4.a, s_4.b, s_4.c, s_4.d, s_4.e
               Presorted Key: s_4.a, s_4.b, s_4.c, s_4.d
               ->  Sort  (cost=1531459.54..1556459.68 rows=10000054 width=20)
                     Sort Key: s_4.a, s_4.b, s_4.c, s_4.d
                     ->  Seq Scan on s_4  (cost=0.00..163695.54 rows=10000054 width=20)
(8 rows)

===== 53 [Wed Mar  7 07:59:56 CET 2018] scale:10000000 groups:10 work_mem:256MB incremental:off max_workers:0 =====
SELECT * FROM (SELECT * FROM s_1 ORDER BY a) foo ORDER BY a, b LIMIT 100000
                                      QUERY PLAN                                       
---------------------------------------------------------------------------------------
 Limit  (cost=2538166.58..2538166.58 rows=1 width=20)
   ->  Limit  (cost=2536916.58..2537166.58 rows=100000 width=20)
         ->  Sort  (cost=2536916.58..2561916.43 rows=9999939 width=20)
               Sort Key: s_1.a, s_1.b
               ->  Sort  (cost=1531440.69..1556440.54 rows=9999939 width=20)
                     Sort Key: s_1.a
                     ->  Seq Scan on s_1  (cost=0.00..163694.39 rows=9999939 width=20)
(7 rows)

===== 54 [Wed Mar  7 08:00:14 CET 2018] scale:10000000 groups:10 work_mem:256MB incremental:off max_workers:0 =====
SELECT * FROM (SELECT * FROM s_2 ORDER BY a, b) foo ORDER BY a, b, c LIMIT 100000
                                       QUERY PLAN                                       
----------------------------------------------------------------------------------------
 Limit  (cost=2538196.99..2538196.99 rows=1 width=20)
   ->  Limit  (cost=2536946.99..2537196.99 rows=100000 width=20)
         ->  Sort  (cost=2536946.99..2561947.13 rows=10000054 width=20)
               Sort Key: s_2.a, s_2.b, s_2.c
               ->  Sort  (cost=1531459.54..1556459.68 rows=10000054 width=20)
                     Sort Key: s_2.a, s_2.b
                     ->  Seq Scan on s_2  (cost=0.00..163695.54 rows=10000054 width=20)
(7 rows)

===== 55 [Wed Mar  7 08:00:33 CET 2018] scale:10000000 groups:10 work_mem:256MB incremental:off max_workers:0 =====
SELECT * FROM (SELECT * FROM s_3 ORDER BY a, b, c) foo ORDER BY a, b, c, d LIMIT 100000
                                       QUERY PLAN                                       
----------------------------------------------------------------------------------------
 Limit  (cost=2538196.99..2538196.99 rows=1 width=20)
   ->  Limit  (cost=2536946.99..2537196.99 rows=100000 width=20)
         ->  Sort  (cost=2536946.99..2561947.13 rows=10000054 width=20)
               Sort Key: s_3.a, s_3.b, s_3.c, s_3.d
               ->  Sort  (cost=1531459.54..1556459.68 rows=10000054 width=20)
                     Sort Key: s_3.a, s_3.b, s_3.c
                     ->  Seq Scan on s_3  (cost=0.00..163695.54 rows=10000054 width=20)
(7 rows)

===== 56 [Wed Mar  7 08:00:53 CET 2018] scale:10000000 groups:10 work_mem:256MB incremental:off max_workers:0 =====
SELECT * FROM (SELECT * FROM s_4 ORDER BY a, b, c, d) foo ORDER BY a, b, c, d, e LIMIT 100000
                                       QUERY PLAN                                       
----------------------------------------------------------------------------------------
 Limit  (cost=2538196.99..2538196.99 rows=1 width=20)
   ->  Limit  (cost=2536946.99..2537196.99 rows=100000 width=20)
         ->  Sort  (cost=2536946.99..2561947.13 rows=10000054 width=20)
               Sort Key: s_4.a, s_4.b, s_4.c, s_4.d, s_4.e
               ->  Sort  (cost=1531459.54..1556459.68 rows=10000054 width=20)
                     Sort Key: s_4.a, s_4.b, s_4.c, s_4.d
                     ->  Seq Scan on s_4  (cost=0.00..163695.54 rows=10000054 width=20)
(7 rows)

===== 57 [Wed Mar  7 08:01:12 CET 2018] scale:10000000 groups:10 work_mem:4MB incremental:on max_workers:2 =====
SELECT * FROM (SELECT * FROM s_1 ORDER BY a) foo ORDER BY a, b LIMIT 100000
                                              QUERY PLAN                                              
------------------------------------------------------------------------------------------------------
 Limit  (cost=923623.43..923623.43 rows=1 width=20)
   ->  Limit  (cost=920873.42..922623.43 rows=100000 width=20)
         ->  Incremental Sort  (cost=920873.42..1066706.08 rows=8333282 width=20)
               Sort Key: s_1.a, s_1.b
               Presorted Key: s_1.a
               ->  Gather Merge  (cost=735391.06..1707675.17 rows=8333282 width=20)
                     Workers Planned: 2
                     ->  Sort  (cost=734391.04..744807.64 rows=4166641 width=20)
                           Sort Key: s_1.a
                           ->  Parallel Seq Scan on s_1  (cost=0.00..105361.41 rows=4166641 width=20)
(10 rows)

===== 58 [Wed Mar  7 08:01:19 CET 2018] scale:10000000 groups:10 work_mem:4MB incremental:on max_workers:2 =====
SELECT * FROM (SELECT * FROM s_2 ORDER BY a, b) foo ORDER BY a, b, c LIMIT 100000
                                              QUERY PLAN                                              
------------------------------------------------------------------------------------------------------
 Limit  (cost=752490.07..752490.07 rows=1 width=20)
   ->  Limit  (cost=749662.70..751490.07 rows=100000 width=20)
         ->  Incremental Sort  (cost=749662.70..901943.98 rows=8333378 width=20)
               Sort Key: s_2.a, s_2.b, s_2.c
               Presorted Key: s_2.a, s_2.b
               ->  Gather Merge  (cost=735404.16..1707699.48 rows=8333378 width=20)
                     Workers Planned: 2
                     ->  Sort  (cost=734404.14..744820.86 rows=4166689 width=20)
                           Sort Key: s_2.a, s_2.b
                           ->  Parallel Seq Scan on s_2  (cost=0.00..105361.89 rows=4166689 width=20)
(10 rows)

===== 59 [Wed Mar  7 08:01:25 CET 2018] scale:10000000 groups:10 work_mem:4MB incremental:on max_workers:2 =====
SELECT * FROM (SELECT * FROM s_3 ORDER BY a, b, c) foo ORDER BY a, b, c, d LIMIT 100000
                                              QUERY PLAN                                              
------------------------------------------------------------------------------------------------------
 Limit  (cost=739555.84..739555.84 rows=1 width=20)
   ->  Limit  (cost=736592.10..738555.84 rows=100000 width=20)
         ->  Incremental Sort  (cost=736592.10..900238.47 rows=8333378 width=20)
               Sort Key: s_3.a, s_3.b, s_3.c, s_3.d
               Presorted Key: s_3.a, s_3.b, s_3.c
               ->  Gather Merge  (cost=735404.16..1707699.48 rows=8333378 width=20)
                     Workers Planned: 2
                     ->  Sort  (cost=734404.14..744820.86 rows=4166689 width=20)
                           Sort Key: s_3.a, s_3.b, s_3.c
                           ->  Parallel Seq Scan on s_3  (cost=0.00..105361.89 rows=4166689 width=20)
(10 rows)

===== 60 [Wed Mar  7 08:01:32 CET 2018] scale:10000000 groups:10 work_mem:4MB incremental:on max_workers:2 =====
SELECT * FROM (SELECT * FROM s_4 ORDER BY a, b, c, d) foo ORDER BY a, b, c, d, e LIMIT 100000
                                              QUERY PLAN                                              
------------------------------------------------------------------------------------------------------
 Limit  (cost=738461.57..738461.57 rows=1 width=20)
   ->  Limit  (cost=735502.31..737461.57 rows=100000 width=20)
         ->  Incremental Sort  (cost=735502.31..898774.95 rows=8333378 width=20)
               Sort Key: s_4.a, s_4.b, s_4.c, s_4.d, s_4.e
               Presorted Key: s_4.a, s_4.b, s_4.c, s_4.d
               ->  Gather Merge  (cost=735404.16..1707699.48 rows=8333378 width=20)
                     Workers Planned: 2
                     ->  Sort  (cost=734404.14..744820.86 rows=4166689 width=20)
                           Sort Key: s_4.a, s_4.b, s_4.c, s_4.d
                           ->  Parallel Seq Scan on s_4  (cost=0.00..105361.89 rows=4166689 width=20)
(10 rows)

===== 61 [Wed Mar  7 08:01:38 CET 2018] scale:10000000 groups:10 work_mem:4MB incremental:off max_workers:2 =====
SELECT * FROM (SELECT * FROM s_1 ORDER BY a) foo ORDER BY a, b LIMIT 100000
                                              QUERY PLAN                                              
------------------------------------------------------------------------------------------------------
 Limit  (cost=3091983.65..3091983.65 rows=1 width=20)
   ->  Limit  (cost=3090733.65..3090983.65 rows=100000 width=20)
         ->  Sort  (cost=3090733.65..3111566.86 rows=8333282 width=20)
               Sort Key: s_1.a, s_1.b
               ->  Gather Merge  (cost=735391.06..1707675.17 rows=8333282 width=20)
                     Workers Planned: 2
                     ->  Sort  (cost=734391.04..744807.64 rows=4166641 width=20)
                           Sort Key: s_1.a
                           ->  Parallel Seq Scan on s_1  (cost=0.00..105361.41 rows=4166641 width=20)
(9 rows)

===== 62 [Wed Mar  7 08:02:12 CET 2018] scale:10000000 groups:10 work_mem:4MB incremental:off max_workers:2 =====
SELECT * FROM (SELECT * FROM s_2 ORDER BY a, b) foo ORDER BY a, b, c LIMIT 100000
                                              QUERY PLAN                                              
------------------------------------------------------------------------------------------------------
 Limit  (cost=3092027.64..3092027.64 rows=1 width=20)
   ->  Limit  (cost=3090777.64..3091027.64 rows=100000 width=20)
         ->  Sort  (cost=3090777.64..3111611.09 rows=8333378 width=20)
               Sort Key: s_2.a, s_2.b, s_2.c
               ->  Gather Merge  (cost=735404.16..1707699.48 rows=8333378 width=20)
                     Workers Planned: 2
                     ->  Sort  (cost=734404.14..744820.86 rows=4166689 width=20)
                           Sort Key: s_2.a, s_2.b
                           ->  Parallel Seq Scan on s_2  (cost=0.00..105361.89 rows=4166689 width=20)
(9 rows)

===== 63 [Wed Mar  7 08:02:50 CET 2018] scale:10000000 groups:10 work_mem:4MB incremental:off max_workers:2 =====
SELECT * FROM (SELECT * FROM s_3 ORDER BY a, b, c) foo ORDER BY a, b, c, d LIMIT 100000
                                              QUERY PLAN                                              
------------------------------------------------------------------------------------------------------
 Limit  (cost=3092027.64..3092027.64 rows=1 width=20)
   ->  Limit  (cost=3090777.64..3091027.64 rows=100000 width=20)
         ->  Sort  (cost=3090777.64..3111611.09 rows=8333378 width=20)
               Sort Key: s_3.a, s_3.b, s_3.c, s_3.d
               ->  Gather Merge  (cost=735404.16..1707699.48 rows=8333378 width=20)
                     Workers Planned: 2
                     ->  Sort  (cost=734404.14..744820.86 rows=4166689 width=20)
                           Sort Key: s_3.a, s_3.b, s_3.c
                           ->  Parallel Seq Scan on s_3  (cost=0.00..105361.89 rows=4166689 width=20)
(9 rows)

===== 64 [Wed Mar  7 08:03:33 CET 2018] scale:10000000 groups:10 work_mem:4MB incremental:off max_workers:2 =====
SELECT * FROM (SELECT * FROM s_4 ORDER BY a, b, c, d) foo ORDER BY a, b, c, d, e LIMIT 100000
                                              QUERY PLAN                                              
------------------------------------------------------------------------------------------------------
 Limit  (cost=3092027.64..3092027.64 rows=1 width=20)
   ->  Limit  (cost=3090777.64..3091027.64 rows=100000 width=20)
         ->  Sort  (cost=3090777.64..3111611.09 rows=8333378 width=20)
               Sort Key: s_4.a, s_4.b, s_4.c, s_4.d, s_4.e
               ->  Gather Merge  (cost=735404.16..1707699.48 rows=8333378 width=20)
                     Workers Planned: 2
                     ->  Sort  (cost=734404.14..744820.86 rows=4166689 width=20)
                           Sort Key: s_4.a, s_4.b, s_4.c, s_4.d
                           ->  Parallel Seq Scan on s_4  (cost=0.00..105361.89 rows=4166689 width=20)
(9 rows)

===== 65 [Wed Mar  7 08:04:24 CET 2018] scale:10000000 groups:10 work_mem:8MB incremental:on max_workers:2 =====
SELECT * FROM (SELECT * FROM s_1 ORDER BY a) foo ORDER BY a, b LIMIT 100000
                                              QUERY PLAN                                              
------------------------------------------------------------------------------------------------------
 Limit  (cost=815360.01..815360.01 rows=1 width=20)
   ->  Limit  (cost=812610.01..814360.01 rows=100000 width=20)
         ->  Incremental Sort  (cost=812610.01..958442.66 rows=8333282 width=20)
               Sort Key: s_1.a, s_1.b
               Presorted Key: s_1.a
               ->  Gather Merge  (cost=649942.06..1622226.17 rows=8333282 width=20)
                     Workers Planned: 2
                     ->  Sort  (cost=648942.04..659358.64 rows=4166641 width=20)
                           Sort Key: s_1.a
                           ->  Parallel Seq Scan on s_1  (cost=0.00..105361.41 rows=4166641 width=20)
(10 rows)

===== 66 [Wed Mar  7 08:04:29 CET 2018] scale:10000000 groups:10 work_mem:8MB incremental:on max_workers:2 =====
SELECT * FROM (SELECT * FROM s_2 ORDER BY a, b) foo ORDER BY a, b, c LIMIT 100000
                                              QUERY PLAN                                              
------------------------------------------------------------------------------------------------------
 Limit  (cost=667037.57..667037.57 rows=1 width=20)
   ->  Limit  (cost=664210.20..666037.57 rows=100000 width=20)
         ->  Incremental Sort  (cost=664210.20..816491.48 rows=8333378 width=20)
               Sort Key: s_2.a, s_2.b, s_2.c
               Presorted Key: s_2.a, s_2.b
               ->  Gather Merge  (cost=649951.66..1622246.98 rows=8333378 width=20)
                     Workers Planned: 2
                     ->  Sort  (cost=648951.64..659368.36 rows=4166689 width=20)
                           Sort Key: s_2.a, s_2.b
                           ->  Parallel Seq Scan on s_2  (cost=0.00..105361.89 rows=4166689 width=20)
(10 rows)

===== 67 [Wed Mar  7 08:04:34 CET 2018] scale:10000000 groups:10 work_mem:8MB incremental:on max_workers:2 =====
SELECT * FROM (SELECT * FROM s_3 ORDER BY a, b, c) foo ORDER BY a, b, c, d LIMIT 100000
                                              QUERY PLAN                                              
------------------------------------------------------------------------------------------------------
 Limit  (cost=654103.34..654103.34 rows=1 width=20)
   ->  Limit  (cost=651139.60..653103.34 rows=100000 width=20)
         ->  Incremental Sort  (cost=651139.60..814785.97 rows=8333378 width=20)
               Sort Key: s_3.a, s_3.b, s_3.c, s_3.d
               Presorted Key: s_3.a, s_3.b, s_3.c
               ->  Gather Merge  (cost=649951.66..1622246.98 rows=8333378 width=20)
                     Workers Planned: 2
                     ->  Sort  (cost=648951.64..659368.36 rows=4166689 width=20)
                           Sort Key: s_3.a, s_3.b, s_3.c
                           ->  Parallel Seq Scan on s_3  (cost=0.00..105361.89 rows=4166689 width=20)
(10 rows)

===== 68 [Wed Mar  7 08:04:39 CET 2018] scale:10000000 groups:10 work_mem:8MB incremental:on max_workers:2 =====
SELECT * FROM (SELECT * FROM s_4 ORDER BY a, b, c, d) foo ORDER BY a, b, c, d, e LIMIT 100000
                                              QUERY PLAN                                              
------------------------------------------------------------------------------------------------------
 Limit  (cost=653009.07..653009.07 rows=1 width=20)
   ->  Limit  (cost=650049.81..652009.07 rows=100000 width=20)
         ->  Incremental Sort  (cost=650049.81..813322.45 rows=8333378 width=20)
               Sort Key: s_4.a, s_4.b, s_4.c, s_4.d, s_4.e
               Presorted Key: s_4.a, s_4.b, s_4.c, s_4.d
               ->  Gather Merge  (cost=649951.66..1622246.98 rows=8333378 width=20)
                     Workers Planned: 2
                     ->  Sort  (cost=648951.64..659368.36 rows=4166689 width=20)
                           Sort Key: s_4.a, s_4.b, s_4.c, s_4.d
                           ->  Parallel Seq Scan on s_4  (cost=0.00..105361.89 rows=4166689 width=20)
(10 rows)

===== 69 [Wed Mar  7 08:04:43 CET 2018] scale:10000000 groups:10 work_mem:8MB incremental:off max_workers:2 =====
SELECT * FROM (SELECT * FROM s_1 ORDER BY a) foo ORDER BY a, b LIMIT 100000
                                              QUERY PLAN                                              
------------------------------------------------------------------------------------------------------
 Limit  (cost=2440539.49..2440539.49 rows=1 width=20)
   ->  Limit  (cost=2439289.49..2439539.49 rows=100000 width=20)
         ->  Sort  (cost=2439289.49..2460122.70 rows=8333282 width=20)
               Sort Key: s_1.a, s_1.b
               ->  Gather Merge  (cost=649942.06..1622226.17 rows=8333282 width=20)
                     Workers Planned: 2
                     ->  Sort  (cost=648942.04..659358.64 rows=4166641 width=20)
                           Sort Key: s_1.a
                           ->  Parallel Seq Scan on s_1  (cost=0.00..105361.41 rows=4166641 width=20)
(9 rows)

===== 70 [Wed Mar  7 08:05:13 CET 2018] scale:10000000 groups:10 work_mem:8MB incremental:off max_workers:2 =====
SELECT * FROM (SELECT * FROM s_2 ORDER BY a, b) foo ORDER BY a, b, c LIMIT 100000
                                              QUERY PLAN                                              
------------------------------------------------------------------------------------------------------
 Limit  (cost=2440569.71..2440569.71 rows=1 width=20)
   ->  Limit  (cost=2439319.71..2439569.71 rows=100000 width=20)
         ->  Sort  (cost=2439319.71..2460153.16 rows=8333378 width=20)
               Sort Key: s_2.a, s_2.b, s_2.c
               ->  Gather Merge  (cost=649951.66..1622246.98 rows=8333378 width=20)
                     Workers Planned: 2
                     ->  Sort  (cost=648951.64..659368.36 rows=4166689 width=20)
                           Sort Key: s_2.a, s_2.b
                           ->  Parallel Seq Scan on s_2  (cost=0.00..105361.89 rows=4166689 width=20)
(9 rows)

===== 71 [Wed Mar  7 08:05:46 CET 2018] scale:10000000 groups:10 work_mem:8MB incremental:off max_workers:2 =====
SELECT * FROM (SELECT * FROM s_3 ORDER BY a, b, c) foo ORDER BY a, b, c, d LIMIT 100000
                                              QUERY PLAN                                              
------------------------------------------------------------------------------------------------------
 Limit  (cost=2440569.71..2440569.71 rows=1 width=20)
   ->  Limit  (cost=2439319.71..2439569.71 rows=100000 width=20)
         ->  Sort  (cost=2439319.71..2460153.16 rows=8333378 width=20)
               Sort Key: s_3.a, s_3.b, s_3.c, s_3.d
               ->  Gather Merge  (cost=649951.66..1622246.98 rows=8333378 width=20)
                     Workers Planned: 2
                     ->  Sort  (cost=648951.64..659368.36 rows=4166689 width=20)
                           Sort Key: s_3.a, s_3.b, s_3.c
                           ->  Parallel Seq Scan on s_3  (cost=0.00..105361.89 rows=4166689 width=20)
(9 rows)

===== 72 [Wed Mar  7 08:06:25 CET 2018] scale:10000000 groups:10 work_mem:8MB incremental:off max_workers:2 =====
SELECT * FROM (SELECT * FROM s_4 ORDER BY a, b, c, d) foo ORDER BY a, b, c, d, e LIMIT 100000
                                              QUERY PLAN                                              
------------------------------------------------------------------------------------------------------
 Limit  (cost=2440569.71..2440569.71 rows=1 width=20)
   ->  Limit  (cost=2439319.71..2439569.71 rows=100000 width=20)
         ->  Sort  (cost=2439319.71..2460153.16 rows=8333378 width=20)
               Sort Key: s_4.a, s_4.b, s_4.c, s_4.d, s_4.e
               ->  Gather Merge  (cost=649951.66..1622246.98 rows=8333378 width=20)
                     Workers Planned: 2
                     ->  Sort  (cost=648951.64..659368.36 rows=4166689 width=20)
                           Sort Key: s_4.a, s_4.b, s_4.c, s_4.d
                           ->  Parallel Seq Scan on s_4  (cost=0.00..105361.89 rows=4166689 width=20)
(9 rows)

===== 73 [Wed Mar  7 08:07:12 CET 2018] scale:10000000 groups:10 work_mem:16MB incremental:on max_workers:2 =====
SELECT * FROM (SELECT * FROM s_1 ORDER BY a) foo ORDER BY a, b LIMIT 100000
                                              QUERY PLAN                                              
------------------------------------------------------------------------------------------------------
 Limit  (cost=830215.71..830215.71 rows=1 width=20)
   ->  Limit  (cost=827465.71..829215.71 rows=100000 width=20)
         ->  Incremental Sort  (cost=827465.71..1002464.86 rows=9999939 width=20)
               Sort Key: s_1.a, s_1.b
               Presorted Key: s_1.a
               ->  Gather Merge  (cost=649942.06..1622226.17 rows=8333282 width=20)
                     Workers Planned: 2
                     ->  Sort  (cost=648942.04..659358.64 rows=4166641 width=20)
                           Sort Key: s_1.a
                           ->  Parallel Seq Scan on s_1  (cost=0.00..105361.41 rows=4166641 width=20)
(10 rows)

===== 74 [Wed Mar  7 08:07:17 CET 2018] scale:10000000 groups:10 work_mem:16MB incremental:on max_workers:2 =====
SELECT * FROM (SELECT * FROM s_2 ORDER BY a, b) foo ORDER BY a, b, c LIMIT 100000
                                              QUERY PLAN                                              
------------------------------------------------------------------------------------------------------
 Limit  (cost=668346.31..668346.31 rows=1 width=20)
   ->  Limit  (cost=665563.50..667346.31 rows=100000 width=20)
         ->  Incremental Sort  (cost=665563.50..843845.25 rows=10000054 width=20)
               Sort Key: s_2.a, s_2.b, s_2.c
               Presorted Key: s_2.a, s_2.b
               ->  Gather Merge  (cost=649951.66..1622246.98 rows=8333378 width=20)
                     Workers Planned: 2
                     ->  Sort  (cost=648951.64..659368.36 rows=4166689 width=20)
                           Sort Key: s_2.a, s_2.b
                           ->  Parallel Seq Scan on s_2  (cost=0.00..105361.89 rows=4166689 width=20)
(10 rows)

===== 75 [Wed Mar  7 08:07:21 CET 2018] scale:10000000 groups:10 work_mem:16MB incremental:on max_workers:2 =====
SELECT * FROM (SELECT * FROM s_3 ORDER BY a, b, c) foo ORDER BY a, b, c, d LIMIT 100000
                                              QUERY PLAN                                              
------------------------------------------------------------------------------------------------------
 Limit  (cost=654149.94..654149.94 rows=1 width=20)
   ->  Limit  (cost=651240.96..653149.94 rows=100000 width=20)
         ->  Incremental Sort  (cost=651240.96..842139.73 rows=10000054 width=20)
               Sort Key: s_3.a, s_3.b, s_3.c, s_3.d
               Presorted Key: s_3.a, s_3.b, s_3.c
               ->  Gather Merge  (cost=649951.66..1622246.98 rows=8333378 width=20)
                     Workers Planned: 2
                     ->  Sort  (cost=648951.64..659368.36 rows=4166689 width=20)
                           Sort Key: s_3.a, s_3.b, s_3.c
                           ->  Parallel Seq Scan on s_3  (cost=0.00..105361.89 rows=4166689 width=20)
(10 rows)

===== 76 [Wed Mar  7 08:07:25 CET 2018] scale:10000000 groups:10 work_mem:16MB incremental:on max_workers:2 =====
SELECT * FROM (SELECT * FROM s_4 ORDER BY a, b, c, d) foo ORDER BY a, b, c, d, e LIMIT 100000
                                              QUERY PLAN                                              
------------------------------------------------------------------------------------------------------
 Limit  (cost=652963.24..652963.24 rows=1 width=20)
   ->  Limit  (cost=650057.06..651963.24 rows=100000 width=20)
         ->  Incremental Sort  (cost=650057.06..840676.22 rows=10000054 width=20)
               Sort Key: s_4.a, s_4.b, s_4.c, s_4.d, s_4.e
               Presorted Key: s_4.a, s_4.b, s_4.c, s_4.d
               ->  Gather Merge  (cost=649951.66..1622246.98 rows=8333378 width=20)
                     Workers Planned: 2
                     ->  Sort  (cost=648951.64..659368.36 rows=4166689 width=20)
                           Sort Key: s_4.a, s_4.b, s_4.c, s_4.d
                           ->  Parallel Seq Scan on s_4  (cost=0.00..105361.89 rows=4166689 width=20)
(10 rows)

===== 77 [Wed Mar  7 08:07:29 CET 2018] scale:10000000 groups:10 work_mem:16MB incremental:off max_workers:2 =====
SELECT * FROM (SELECT * FROM s_1 ORDER BY a) foo ORDER BY a, b LIMIT 100000
                                      QUERY PLAN                                       
---------------------------------------------------------------------------------------
 Limit  (cost=2538166.58..2538166.58 rows=1 width=20)
   ->  Limit  (cost=2536916.58..2537166.58 rows=100000 width=20)
         ->  Sort  (cost=2536916.58..2561916.43 rows=9999939 width=20)
               Sort Key: s_1.a, s_1.b
               ->  Sort  (cost=1531440.69..1556440.54 rows=9999939 width=20)
                     Sort Key: s_1.a
                     ->  Seq Scan on s_1  (cost=0.00..163694.39 rows=9999939 width=20)
(7 rows)

===== 78 [Wed Mar  7 08:07:58 CET 2018] scale:10000000 groups:10 work_mem:16MB incremental:off max_workers:2 =====
SELECT * FROM (SELECT * FROM s_2 ORDER BY a, b) foo ORDER BY a, b, c LIMIT 100000
                                       QUERY PLAN                                       
----------------------------------------------------------------------------------------
 Limit  (cost=2538196.99..2538196.99 rows=1 width=20)
   ->  Limit  (cost=2536946.99..2537196.99 rows=100000 width=20)
         ->  Sort  (cost=2536946.99..2561947.13 rows=10000054 width=20)
               Sort Key: s_2.a, s_2.b, s_2.c
               ->  Sort  (cost=1531459.54..1556459.68 rows=10000054 width=20)
                     Sort Key: s_2.a, s_2.b
                     ->  Seq Scan on s_2  (cost=0.00..163695.54 rows=10000054 width=20)
(7 rows)

===== 79 [Wed Mar  7 08:08:29 CET 2018] scale:10000000 groups:10 work_mem:16MB incremental:off max_workers:2 =====
SELECT * FROM (SELECT * FROM s_3 ORDER BY a, b, c) foo ORDER BY a, b, c, d LIMIT 100000
                                       QUERY PLAN                                       
----------------------------------------------------------------------------------------
 Limit  (cost=2538196.99..2538196.99 rows=1 width=20)
   ->  Limit  (cost=2536946.99..2537196.99 rows=100000 width=20)
         ->  Sort  (cost=2536946.99..2561947.13 rows=10000054 width=20)
               Sort Key: s_3.a, s_3.b, s_3.c, s_3.d
               ->  Sort  (cost=1531459.54..1556459.68 rows=10000054 width=20)
                     Sort Key: s_3.a, s_3.b, s_3.c
                     ->  Seq Scan on s_3  (cost=0.00..163695.54 rows=10000054 width=20)
(7 rows)

===== 80 [Wed Mar  7 08:09:04 CET 2018] scale:10000000 groups:10 work_mem:16MB incremental:off max_workers:2 =====
SELECT * FROM (SELECT * FROM s_4 ORDER BY a, b, c, d) foo ORDER BY a, b, c, d, e LIMIT 100000
                                       QUERY PLAN                                       
----------------------------------------------------------------------------------------
 Limit  (cost=2538196.99..2538196.99 rows=1 width=20)
   ->  Limit  (cost=2536946.99..2537196.99 rows=100000 width=20)
         ->  Sort  (cost=2536946.99..2561947.13 rows=10000054 width=20)
               Sort Key: s_4.a, s_4.b, s_4.c, s_4.d, s_4.e
               ->  Sort  (cost=1531459.54..1556459.68 rows=10000054 width=20)
                     Sort Key: s_4.a, s_4.b, s_4.c, s_4.d
                     ->  Seq Scan on s_4  (cost=0.00..163695.54 rows=10000054 width=20)
(7 rows)

===== 81 [Wed Mar  7 08:09:47 CET 2018] scale:10000000 groups:10 work_mem:32MB incremental:on max_workers:2 =====
SELECT * FROM (SELECT * FROM s_1 ORDER BY a) foo ORDER BY a, b LIMIT 100000
                                              QUERY PLAN                                              
------------------------------------------------------------------------------------------------------
 Limit  (cost=830215.71..830215.71 rows=1 width=20)
   ->  Limit  (cost=827465.71..829215.71 rows=100000 width=20)
         ->  Incremental Sort  (cost=827465.71..1002464.86 rows=9999939 width=20)
               Sort Key: s_1.a, s_1.b
               Presorted Key: s_1.a
               ->  Gather Merge  (cost=649942.06..1622226.17 rows=8333282 width=20)
                     Workers Planned: 2
                     ->  Sort  (cost=648942.04..659358.64 rows=4166641 width=20)
                           Sort Key: s_1.a
                           ->  Parallel Seq Scan on s_1  (cost=0.00..105361.41 rows=4166641 width=20)
(10 rows)

===== 82 [Wed Mar  7 08:09:52 CET 2018] scale:10000000 groups:10 work_mem:32MB incremental:on max_workers:2 =====
SELECT * FROM (SELECT * FROM s_2 ORDER BY a, b) foo ORDER BY a, b, c LIMIT 100000
                                              QUERY PLAN                                              
------------------------------------------------------------------------------------------------------
 Limit  (cost=668346.31..668346.31 rows=1 width=20)
   ->  Limit  (cost=665563.50..667346.31 rows=100000 width=20)
         ->  Incremental Sort  (cost=665563.50..843845.25 rows=10000054 width=20)
               Sort Key: s_2.a, s_2.b, s_2.c
               Presorted Key: s_2.a, s_2.b
               ->  Gather Merge  (cost=649951.66..1622246.98 rows=8333378 width=20)
                     Workers Planned: 2
                     ->  Sort  (cost=648951.64..659368.36 rows=4166689 width=20)
                           Sort Key: s_2.a, s_2.b
                           ->  Parallel Seq Scan on s_2  (cost=0.00..105361.89 rows=4166689 width=20)
(10 rows)

===== 83 [Wed Mar  7 08:09:56 CET 2018] scale:10000000 groups:10 work_mem:32MB incremental:on max_workers:2 =====
SELECT * FROM (SELECT * FROM s_3 ORDER BY a, b, c) foo ORDER BY a, b, c, d LIMIT 100000
                                              QUERY PLAN                                              
------------------------------------------------------------------------------------------------------
 Limit  (cost=654149.94..654149.94 rows=1 width=20)
   ->  Limit  (cost=651240.96..653149.94 rows=100000 width=20)
         ->  Incremental Sort  (cost=651240.96..842139.73 rows=10000054 width=20)
               Sort Key: s_3.a, s_3.b, s_3.c, s_3.d
               Presorted Key: s_3.a, s_3.b, s_3.c
               ->  Gather Merge  (cost=649951.66..1622246.98 rows=8333378 width=20)
                     Workers Planned: 2
                     ->  Sort  (cost=648951.64..659368.36 rows=4166689 width=20)
                           Sort Key: s_3.a, s_3.b, s_3.c
                           ->  Parallel Seq Scan on s_3  (cost=0.00..105361.89 rows=4166689 width=20)
(10 rows)

===== 84 [Wed Mar  7 08:10:01 CET 2018] scale:10000000 groups:10 work_mem:32MB incremental:on max_workers:2 =====
SELECT * FROM (SELECT * FROM s_4 ORDER BY a, b, c, d) foo ORDER BY a, b, c, d, e LIMIT 100000
                                              QUERY PLAN                                              
------------------------------------------------------------------------------------------------------
 Limit  (cost=652963.24..652963.24 rows=1 width=20)
   ->  Limit  (cost=650057.06..651963.24 rows=100000 width=20)
         ->  Incremental Sort  (cost=650057.06..840676.22 rows=10000054 width=20)
               Sort Key: s_4.a, s_4.b, s_4.c, s_4.d, s_4.e
               Presorted Key: s_4.a, s_4.b, s_4.c, s_4.d
               ->  Gather Merge  (cost=649951.66..1622246.98 rows=8333378 width=20)
                     Workers Planned: 2
                     ->  Sort  (cost=648951.64..659368.36 rows=4166689 width=20)
                           Sort Key: s_4.a, s_4.b, s_4.c, s_4.d
                           ->  Parallel Seq Scan on s_4  (cost=0.00..105361.89 rows=4166689 width=20)
(10 rows)

===== 85 [Wed Mar  7 08:10:05 CET 2018] scale:10000000 groups:10 work_mem:32MB incremental:off max_workers:2 =====
SELECT * FROM (SELECT * FROM s_1 ORDER BY a) foo ORDER BY a, b LIMIT 100000
                                      QUERY PLAN                                       
---------------------------------------------------------------------------------------
 Limit  (cost=2538166.58..2538166.58 rows=1 width=20)
   ->  Limit  (cost=2536916.58..2537166.58 rows=100000 width=20)
         ->  Sort  (cost=2536916.58..2561916.43 rows=9999939 width=20)
               Sort Key: s_1.a, s_1.b
               ->  Sort  (cost=1531440.69..1556440.54 rows=9999939 width=20)
                     Sort Key: s_1.a
                     ->  Seq Scan on s_1  (cost=0.00..163694.39 rows=9999939 width=20)
(7 rows)

===== 86 [Wed Mar  7 08:10:22 CET 2018] scale:10000000 groups:10 work_mem:32MB incremental:off max_workers:2 =====
SELECT * FROM (SELECT * FROM s_2 ORDER BY a, b) foo ORDER BY a, b, c LIMIT 100000
                                       QUERY PLAN                                       
----------------------------------------------------------------------------------------
 Limit  (cost=2538196.99..2538196.99 rows=1 width=20)
   ->  Limit  (cost=2536946.99..2537196.99 rows=100000 width=20)
         ->  Sort  (cost=2536946.99..2561947.13 rows=10000054 width=20)
               Sort Key: s_2.a, s_2.b, s_2.c
               ->  Sort  (cost=1531459.54..1556459.68 rows=10000054 width=20)
                     Sort Key: s_2.a, s_2.b
                     ->  Seq Scan on s_2  (cost=0.00..163695.54 rows=10000054 width=20)
(7 rows)

===== 87 [Wed Mar  7 08:10:41 CET 2018] scale:10000000 groups:10 work_mem:32MB incremental:off max_workers:2 =====
SELECT * FROM (SELECT * FROM s_3 ORDER BY a, b, c) foo ORDER BY a, b, c, d LIMIT 100000
                                       QUERY PLAN                                       
----------------------------------------------------------------------------------------
 Limit  (cost=2538196.99..2538196.99 rows=1 width=20)
   ->  Limit  (cost=2536946.99..2537196.99 rows=100000 width=20)
         ->  Sort  (cost=2536946.99..2561947.13 rows=10000054 width=20)
               Sort Key: s_3.a, s_3.b, s_3.c, s_3.d
               ->  Sort  (cost=1531459.54..1556459.68 rows=10000054 width=20)
                     Sort Key: s_3.a, s_3.b, s_3.c
                     ->  Seq Scan on s_3  (cost=0.00..163695.54 rows=10000054 width=20)
(7 rows)

===== 88 [Wed Mar  7 08:11:00 CET 2018] scale:10000000 groups:10 work_mem:32MB incremental:off max_workers:2 =====
SELECT * FROM (SELECT * FROM s_4 ORDER BY a, b, c, d) foo ORDER BY a, b, c, d, e LIMIT 100000
                                       QUERY PLAN                                       
----------------------------------------------------------------------------------------
 Limit  (cost=2538196.99..2538196.99 rows=1 width=20)
   ->  Limit  (cost=2536946.99..2537196.99 rows=100000 width=20)
         ->  Sort  (cost=2536946.99..2561947.13 rows=10000054 width=20)
               Sort Key: s_4.a, s_4.b, s_4.c, s_4.d, s_4.e
               ->  Sort  (cost=1531459.54..1556459.68 rows=10000054 width=20)
                     Sort Key: s_4.a, s_4.b, s_4.c, s_4.d
                     ->  Seq Scan on s_4  (cost=0.00..163695.54 rows=10000054 width=20)
(7 rows)

===== 89 [Wed Mar  7 08:11:19 CET 2018] scale:10000000 groups:10 work_mem:64MB incremental:on max_workers:2 =====
SELECT * FROM (SELECT * FROM s_1 ORDER BY a) foo ORDER BY a, b LIMIT 100000
                                              QUERY PLAN                                              
------------------------------------------------------------------------------------------------------
 Limit  (cost=830215.71..830215.71 rows=1 width=20)
   ->  Limit  (cost=827465.71..829215.71 rows=100000 width=20)
         ->  Incremental Sort  (cost=827465.71..1002464.86 rows=9999939 width=20)
               Sort Key: s_1.a, s_1.b
               Presorted Key: s_1.a
               ->  Gather Merge  (cost=649942.06..1622226.17 rows=8333282 width=20)
                     Workers Planned: 2
                     ->  Sort  (cost=648942.04..659358.64 rows=4166641 width=20)
                           Sort Key: s_1.a
                           ->  Parallel Seq Scan on s_1  (cost=0.00..105361.41 rows=4166641 width=20)
(10 rows)

===== 90 [Wed Mar  7 08:11:24 CET 2018] scale:10000000 groups:10 work_mem:64MB incremental:on max_workers:2 =====
SELECT * FROM (SELECT * FROM s_2 ORDER BY a, b) foo ORDER BY a, b, c LIMIT 100000
                                              QUERY PLAN                                              
------------------------------------------------------------------------------------------------------
 Limit  (cost=668346.31..668346.31 rows=1 width=20)
   ->  Limit  (cost=665563.50..667346.31 rows=100000 width=20)
         ->  Incremental Sort  (cost=665563.50..843845.25 rows=10000054 width=20)
               Sort Key: s_2.a, s_2.b, s_2.c
               Presorted Key: s_2.a, s_2.b
               ->  Gather Merge  (cost=649951.66..1622246.98 rows=8333378 width=20)
                     Workers Planned: 2
                     ->  Sort  (cost=648951.64..659368.36 rows=4166689 width=20)
                           Sort Key: s_2.a, s_2.b
                           ->  Parallel Seq Scan on s_2  (cost=0.00..105361.89 rows=4166689 width=20)
(10 rows)

===== 91 [Wed Mar  7 08:11:29 CET 2018] scale:10000000 groups:10 work_mem:64MB incremental:on max_workers:2 =====
SELECT * FROM (SELECT * FROM s_3 ORDER BY a, b, c) foo ORDER BY a, b, c, d LIMIT 100000
                                              QUERY PLAN                                              
------------------------------------------------------------------------------------------------------
 Limit  (cost=654149.94..654149.94 rows=1 width=20)
   ->  Limit  (cost=651240.96..653149.94 rows=100000 width=20)
         ->  Incremental Sort  (cost=651240.96..842139.73 rows=10000054 width=20)
               Sort Key: s_3.a, s_3.b, s_3.c, s_3.d
               Presorted Key: s_3.a, s_3.b, s_3.c
               ->  Gather Merge  (cost=649951.66..1622246.98 rows=8333378 width=20)
                     Workers Planned: 2
                     ->  Sort  (cost=648951.64..659368.36 rows=4166689 width=20)
                           Sort Key: s_3.a, s_3.b, s_3.c
                           ->  Parallel Seq Scan on s_3  (cost=0.00..105361.89 rows=4166689 width=20)
(10 rows)

===== 92 [Wed Mar  7 08:11:33 CET 2018] scale:10000000 groups:10 work_mem:64MB incremental:on max_workers:2 =====
SELECT * FROM (SELECT * FROM s_4 ORDER BY a, b, c, d) foo ORDER BY a, b, c, d, e LIMIT 100000
                                              QUERY PLAN                                              
------------------------------------------------------------------------------------------------------
 Limit  (cost=652963.24..652963.24 rows=1 width=20)
   ->  Limit  (cost=650057.06..651963.24 rows=100000 width=20)
         ->  Incremental Sort  (cost=650057.06..840676.22 rows=10000054 width=20)
               Sort Key: s_4.a, s_4.b, s_4.c, s_4.d, s_4.e
               Presorted Key: s_4.a, s_4.b, s_4.c, s_4.d
               ->  Gather Merge  (cost=649951.66..1622246.98 rows=8333378 width=20)
                     Workers Planned: 2
                     ->  Sort  (cost=648951.64..659368.36 rows=4166689 width=20)
                           Sort Key: s_4.a, s_4.b, s_4.c, s_4.d
                           ->  Parallel Seq Scan on s_4  (cost=0.00..105361.89 rows=4166689 width=20)
(10 rows)

===== 93 [Wed Mar  7 08:11:38 CET 2018] scale:10000000 groups:10 work_mem:64MB incremental:off max_workers:2 =====
SELECT * FROM (SELECT * FROM s_1 ORDER BY a) foo ORDER BY a, b LIMIT 100000
                                      QUERY PLAN                                       
---------------------------------------------------------------------------------------
 Limit  (cost=2538166.58..2538166.58 rows=1 width=20)
   ->  Limit  (cost=2536916.58..2537166.58 rows=100000 width=20)
         ->  Sort  (cost=2536916.58..2561916.43 rows=9999939 width=20)
               Sort Key: s_1.a, s_1.b
               ->  Sort  (cost=1531440.69..1556440.54 rows=9999939 width=20)
                     Sort Key: s_1.a
                     ->  Seq Scan on s_1  (cost=0.00..163694.39 rows=9999939 width=20)
(7 rows)

===== 94 [Wed Mar  7 08:11:55 CET 2018] scale:10000000 groups:10 work_mem:64MB incremental:off max_workers:2 =====
SELECT * FROM (SELECT * FROM s_2 ORDER BY a, b) foo ORDER BY a, b, c LIMIT 100000
                                       QUERY PLAN                                       
----------------------------------------------------------------------------------------
 Limit  (cost=2538196.99..2538196.99 rows=1 width=20)
   ->  Limit  (cost=2536946.99..2537196.99 rows=100000 width=20)
         ->  Sort  (cost=2536946.99..2561947.13 rows=10000054 width=20)
               Sort Key: s_2.a, s_2.b, s_2.c
               ->  Sort  (cost=1531459.54..1556459.68 rows=10000054 width=20)
                     Sort Key: s_2.a, s_2.b
                     ->  Seq Scan on s_2  (cost=0.00..163695.54 rows=10000054 width=20)
(7 rows)

===== 95 [Wed Mar  7 08:12:14 CET 2018] scale:10000000 groups:10 work_mem:64MB incremental:off max_workers:2 =====
SELECT * FROM (SELECT * FROM s_3 ORDER BY a, b, c) foo ORDER BY a, b, c, d LIMIT 100000
                                       QUERY PLAN                                       
----------------------------------------------------------------------------------------
 Limit  (cost=2538196.99..2538196.99 rows=1 width=20)
   ->  Limit  (cost=2536946.99..2537196.99 rows=100000 width=20)
         ->  Sort  (cost=2536946.99..2561947.13 rows=10000054 width=20)
               Sort Key: s_3.a, s_3.b, s_3.c, s_3.d
               ->  Sort  (cost=1531459.54..1556459.68 rows=10000054 width=20)
                     Sort Key: s_3.a, s_3.b, s_3.c
                     ->  Seq Scan on s_3  (cost=0.00..163695.54 rows=10000054 width=20)
(7 rows)

===== 96 [Wed Mar  7 08:12:33 CET 2018] scale:10000000 groups:10 work_mem:64MB incremental:off max_workers:2 =====
SELECT * FROM (SELECT * FROM s_4 ORDER BY a, b, c, d) foo ORDER BY a, b, c, d, e LIMIT 100000
                                       QUERY PLAN                                       
----------------------------------------------------------------------------------------
 Limit  (cost=2538196.99..2538196.99 rows=1 width=20)
   ->  Limit  (cost=2536946.99..2537196.99 rows=100000 width=20)
         ->  Sort  (cost=2536946.99..2561947.13 rows=10000054 width=20)
               Sort Key: s_4.a, s_4.b, s_4.c, s_4.d, s_4.e
               ->  Sort  (cost=1531459.54..1556459.68 rows=10000054 width=20)
                     Sort Key: s_4.a, s_4.b, s_4.c, s_4.d
                     ->  Seq Scan on s_4  (cost=0.00..163695.54 rows=10000054 width=20)
(7 rows)

===== 97 [Wed Mar  7 08:12:53 CET 2018] scale:10000000 groups:10 work_mem:128MB incremental:on max_workers:2 =====
SELECT * FROM (SELECT * FROM s_1 ORDER BY a) foo ORDER BY a, b LIMIT 100000
                                              QUERY PLAN                                              
------------------------------------------------------------------------------------------------------
 Limit  (cost=830215.71..830215.71 rows=1 width=20)
   ->  Limit  (cost=827465.71..829215.71 rows=100000 width=20)
         ->  Incremental Sort  (cost=827465.71..1002464.86 rows=9999939 width=20)
               Sort Key: s_1.a, s_1.b
               Presorted Key: s_1.a
               ->  Gather Merge  (cost=649942.06..1622226.17 rows=8333282 width=20)
                     Workers Planned: 2
                     ->  Sort  (cost=648942.04..659358.64 rows=4166641 width=20)
                           Sort Key: s_1.a
                           ->  Parallel Seq Scan on s_1  (cost=0.00..105361.41 rows=4166641 width=20)
(10 rows)

===== 98 [Wed Mar  7 08:12:58 CET 2018] scale:10000000 groups:10 work_mem:128MB incremental:on max_workers:2 =====
SELECT * FROM (SELECT * FROM s_2 ORDER BY a, b) foo ORDER BY a, b, c LIMIT 100000
                                              QUERY PLAN                                              
------------------------------------------------------------------------------------------------------
 Limit  (cost=668346.31..668346.31 rows=1 width=20)
   ->  Limit  (cost=665563.50..667346.31 rows=100000 width=20)
         ->  Incremental Sort  (cost=665563.50..843845.25 rows=10000054 width=20)
               Sort Key: s_2.a, s_2.b, s_2.c
               Presorted Key: s_2.a, s_2.b
               ->  Gather Merge  (cost=649951.66..1622246.98 rows=8333378 width=20)
                     Workers Planned: 2
                     ->  Sort  (cost=648951.64..659368.36 rows=4166689 width=20)
                           Sort Key: s_2.a, s_2.b
                           ->  Parallel Seq Scan on s_2  (cost=0.00..105361.89 rows=4166689 width=20)
(10 rows)

===== 99 [Wed Mar  7 08:13:03 CET 2018] scale:10000000 groups:10 work_mem:128MB incremental:on max_workers:2 =====
SELECT * FROM (SELECT * FROM s_3 ORDER BY a, b, c) foo ORDER BY a, b, c, d LIMIT 100000
                                              QUERY PLAN                                              
------------------------------------------------------------------------------------------------------
 Limit  (cost=654149.94..654149.94 rows=1 width=20)
   ->  Limit  (cost=651240.96..653149.94 rows=100000 width=20)
         ->  Incremental Sort  (cost=651240.96..842139.73 rows=10000054 width=20)
               Sort Key: s_3.a, s_3.b, s_3.c, s_3.d
               Presorted Key: s_3.a, s_3.b, s_3.c
               ->  Gather Merge  (cost=649951.66..1622246.98 rows=8333378 width=20)
                     Workers Planned: 2
                     ->  Sort  (cost=648951.64..659368.36 rows=4166689 width=20)
                           Sort Key: s_3.a, s_3.b, s_3.c
                           ->  Parallel Seq Scan on s_3  (cost=0.00..105361.89 rows=4166689 width=20)
(10 rows)

===== 100 [Wed Mar  7 08:13:08 CET 2018] scale:10000000 groups:10 work_mem:128MB incremental:on max_workers:2 =====
SELECT * FROM (SELECT * FROM s_4 ORDER BY a, b, c, d) foo ORDER BY a, b, c, d, e LIMIT 100000
                                              QUERY PLAN                                              
------------------------------------------------------------------------------------------------------
 Limit  (cost=652963.24..652963.24 rows=1 width=20)
   ->  Limit  (cost=650057.06..651963.24 rows=100000 width=20)
         ->  Incremental Sort  (cost=650057.06..840676.22 rows=10000054 width=20)
               Sort Key: s_4.a, s_4.b, s_4.c, s_4.d, s_4.e
               Presorted Key: s_4.a, s_4.b, s_4.c, s_4.d
               ->  Gather Merge  (cost=649951.66..1622246.98 rows=8333378 width=20)
                     Workers Planned: 2
                     ->  Sort  (cost=648951.64..659368.36 rows=4166689 width=20)
                           Sort Key: s_4.a, s_4.b, s_4.c, s_4.d
                           ->  Parallel Seq Scan on s_4  (cost=0.00..105361.89 rows=4166689 width=20)
(10 rows)

===== 101 [Wed Mar  7 08:13:13 CET 2018] scale:10000000 groups:10 work_mem:128MB incremental:off max_workers:2 =====
SELECT * FROM (SELECT * FROM s_1 ORDER BY a) foo ORDER BY a, b LIMIT 100000
                                      QUERY PLAN                                       
---------------------------------------------------------------------------------------
 Limit  (cost=2538166.58..2538166.58 rows=1 width=20)
   ->  Limit  (cost=2536916.58..2537166.58 rows=100000 width=20)
         ->  Sort  (cost=2536916.58..2561916.43 rows=9999939 width=20)
               Sort Key: s_1.a, s_1.b
               ->  Sort  (cost=1531440.69..1556440.54 rows=9999939 width=20)
                     Sort Key: s_1.a
                     ->  Seq Scan on s_1  (cost=0.00..163694.39 rows=9999939 width=20)
(7 rows)

===== 102 [Wed Mar  7 08:13:31 CET 2018] scale:10000000 groups:10 work_mem:128MB incremental:off max_workers:2 =====
SELECT * FROM (SELECT * FROM s_2 ORDER BY a, b) foo ORDER BY a, b, c LIMIT 100000
                                       QUERY PLAN                                       
----------------------------------------------------------------------------------------
 Limit  (cost=2538196.99..2538196.99 rows=1 width=20)
   ->  Limit  (cost=2536946.99..2537196.99 rows=100000 width=20)
         ->  Sort  (cost=2536946.99..2561947.13 rows=10000054 width=20)
               Sort Key: s_2.a, s_2.b, s_2.c
               ->  Sort  (cost=1531459.54..1556459.68 rows=10000054 width=20)
                     Sort Key: s_2.a, s_2.b
                     ->  Seq Scan on s_2  (cost=0.00..163695.54 rows=10000054 width=20)
(7 rows)

===== 103 [Wed Mar  7 08:13:49 CET 2018] scale:10000000 groups:10 work_mem:128MB incremental:off max_workers:2 =====
SELECT * FROM (SELECT * FROM s_3 ORDER BY a, b, c) foo ORDER BY a, b, c, d LIMIT 100000
                                       QUERY PLAN                                       
----------------------------------------------------------------------------------------
 Limit  (cost=2538196.99..2538196.99 rows=1 width=20)
   ->  Limit  (cost=2536946.99..2537196.99 rows=100000 width=20)
         ->  Sort  (cost=2536946.99..2561947.13 rows=10000054 width=20)
               Sort Key: s_3.a, s_3.b, s_3.c, s_3.d
               ->  Sort  (cost=1531459.54..1556459.68 rows=10000054 width=20)
                     Sort Key: s_3.a, s_3.b, s_3.c
                     ->  Seq Scan on s_3  (cost=0.00..163695.54 rows=10000054 width=20)
(7 rows)

===== 104 [Wed Mar  7 08:14:09 CET 2018] scale:10000000 groups:10 work_mem:128MB incremental:off max_workers:2 =====
SELECT * FROM (SELECT * FROM s_4 ORDER BY a, b, c, d) foo ORDER BY a, b, c, d, e LIMIT 100000
                                       QUERY PLAN                                       
----------------------------------------------------------------------------------------
 Limit  (cost=2538196.99..2538196.99 rows=1 width=20)
   ->  Limit  (cost=2536946.99..2537196.99 rows=100000 width=20)
         ->  Sort  (cost=2536946.99..2561947.13 rows=10000054 width=20)
               Sort Key: s_4.a, s_4.b, s_4.c, s_4.d, s_4.e
               ->  Sort  (cost=1531459.54..1556459.68 rows=10000054 width=20)
                     Sort Key: s_4.a, s_4.b, s_4.c, s_4.d
                     ->  Seq Scan on s_4  (cost=0.00..163695.54 rows=10000054 width=20)
(7 rows)

===== 105 [Wed Mar  7 08:14:28 CET 2018] scale:10000000 groups:10 work_mem:256MB incremental:on max_workers:2 =====
SELECT * FROM (SELECT * FROM s_1 ORDER BY a) foo ORDER BY a, b LIMIT 100000
                                              QUERY PLAN                                              
------------------------------------------------------------------------------------------------------
 Limit  (cost=729911.01..729911.01 rows=1 width=20)
   ->  Limit  (cost=727161.01..728911.01 rows=100000 width=20)
         ->  Incremental Sort  (cost=727161.01..872993.66 rows=8333282 width=20)
               Sort Key: s_1.a, s_1.b
               Presorted Key: s_1.a
               ->  Gather Merge  (cost=564493.06..1536777.17 rows=8333282 width=20)
                     Workers Planned: 2
                     ->  Sort  (cost=563493.04..573909.64 rows=4166641 width=20)
                           Sort Key: s_1.a
                           ->  Parallel Seq Scan on s_1  (cost=0.00..105361.41 rows=4166641 width=20)
(10 rows)

===== 106 [Wed Mar  7 08:14:34 CET 2018] scale:10000000 groups:10 work_mem:256MB incremental:on max_workers:2 =====
SELECT * FROM (SELECT * FROM s_2 ORDER BY a, b) foo ORDER BY a, b, c LIMIT 100000
                                              QUERY PLAN                                              
------------------------------------------------------------------------------------------------------
 Limit  (cost=581585.07..581585.07 rows=1 width=20)
   ->  Limit  (cost=578757.70..580585.07 rows=100000 width=20)
         ->  Incremental Sort  (cost=578757.70..731038.98 rows=8333378 width=20)
               Sort Key: s_2.a, s_2.b, s_2.c
               Presorted Key: s_2.a, s_2.b
               ->  Gather Merge  (cost=564499.16..1536794.48 rows=8333378 width=20)
                     Workers Planned: 2
                     ->  Sort  (cost=563499.14..573915.86 rows=4166689 width=20)
                           Sort Key: s_2.a, s_2.b
                           ->  Parallel Seq Scan on s_2  (cost=0.00..105361.89 rows=4166689 width=20)
(10 rows)

===== 107 [Wed Mar  7 08:14:39 CET 2018] scale:10000000 groups:10 work_mem:256MB incremental:on max_workers:2 =====
SELECT * FROM (SELECT * FROM s_3 ORDER BY a, b, c) foo ORDER BY a, b, c, d LIMIT 100000
                                              QUERY PLAN                                              
------------------------------------------------------------------------------------------------------
 Limit  (cost=568650.84..568650.84 rows=1 width=20)
   ->  Limit  (cost=565687.10..567650.84 rows=100000 width=20)
         ->  Incremental Sort  (cost=565687.10..729333.47 rows=8333378 width=20)
               Sort Key: s_3.a, s_3.b, s_3.c, s_3.d
               Presorted Key: s_3.a, s_3.b, s_3.c
               ->  Gather Merge  (cost=564499.16..1536794.48 rows=8333378 width=20)
                     Workers Planned: 2
                     ->  Sort  (cost=563499.14..573915.86 rows=4166689 width=20)
                           Sort Key: s_3.a, s_3.b, s_3.c
                           ->  Parallel Seq Scan on s_3  (cost=0.00..105361.89 rows=4166689 width=20)
(10 rows)

===== 108 [Wed Mar  7 08:14:44 CET 2018] scale:10000000 groups:10 work_mem:256MB incremental:on max_workers:2 =====
SELECT * FROM (SELECT * FROM s_4 ORDER BY a, b, c, d) foo ORDER BY a, b, c, d, e LIMIT 100000
                                              QUERY PLAN                                              
------------------------------------------------------------------------------------------------------
 Limit  (cost=567556.57..567556.57 rows=1 width=20)
   ->  Limit  (cost=564597.31..566556.57 rows=100000 width=20)
         ->  Incremental Sort  (cost=564597.31..727869.95 rows=8333378 width=20)
               Sort Key: s_4.a, s_4.b, s_4.c, s_4.d, s_4.e
               Presorted Key: s_4.a, s_4.b, s_4.c, s_4.d
               ->  Gather Merge  (cost=564499.16..1536794.48 rows=8333378 width=20)
                     Workers Planned: 2
                     ->  Sort  (cost=563499.14..573915.86 rows=4166689 width=20)
                           Sort Key: s_4.a, s_4.b, s_4.c, s_4.d
                           ->  Parallel Seq Scan on s_4  (cost=0.00..105361.89 rows=4166689 width=20)
(10 rows)

===== 109 [Wed Mar  7 08:14:49 CET 2018] scale:10000000 groups:10 work_mem:256MB incremental:off max_workers:2 =====
SELECT * FROM (SELECT * FROM s_1 ORDER BY a) foo ORDER BY a, b LIMIT 100000
                                              QUERY PLAN                                              
------------------------------------------------------------------------------------------------------
 Limit  (cost=2355090.49..2355090.49 rows=1 width=20)
   ->  Limit  (cost=2353840.49..2354090.49 rows=100000 width=20)
         ->  Sort  (cost=2353840.49..2374673.70 rows=8333282 width=20)
               Sort Key: s_1.a, s_1.b
               ->  Gather Merge  (cost=564493.06..1536777.17 rows=8333282 width=20)
                     Workers Planned: 2
                     ->  Sort  (cost=563493.04..573909.64 rows=4166641 width=20)
                           Sort Key: s_1.a
                           ->  Parallel Seq Scan on s_1  (cost=0.00..105361.41 rows=4166641 width=20)
(9 rows)

===== 110 [Wed Mar  7 08:15:05 CET 2018] scale:10000000 groups:10 work_mem:256MB incremental:off max_workers:2 =====
SELECT * FROM (SELECT * FROM s_2 ORDER BY a, b) foo ORDER BY a, b, c LIMIT 100000
                                              QUERY PLAN                                              
------------------------------------------------------------------------------------------------------
 Limit  (cost=2355117.21..2355117.21 rows=1 width=20)
   ->  Limit  (cost=2353867.21..2354117.21 rows=100000 width=20)
         ->  Sort  (cost=2353867.21..2374700.66 rows=8333378 width=20)
               Sort Key: s_2.a, s_2.b, s_2.c
               ->  Gather Merge  (cost=564499.16..1536794.48 rows=8333378 width=20)
                     Workers Planned: 2
                     ->  Sort  (cost=563499.14..573915.86 rows=4166689 width=20)
                           Sort Key: s_2.a, s_2.b
                           ->  Parallel Seq Scan on s_2  (cost=0.00..105361.89 rows=4166689 width=20)
(9 rows)

===== 111 [Wed Mar  7 08:15:22 CET 2018] scale:10000000 groups:10 work_mem:256MB incremental:off max_workers:2 =====
SELECT * FROM (SELECT * FROM s_3 ORDER BY a, b, c) foo ORDER BY a, b, c, d LIMIT 100000
                                              QUERY PLAN                                              
------------------------------------------------------------------------------------------------------
 Limit  (cost=2355117.21..2355117.21 rows=1 width=20)
   ->  Limit  (cost=2353867.21..2354117.21 rows=100000 width=20)
         ->  Sort  (cost=2353867.21..2374700.66 rows=8333378 width=20)
               Sort Key: s_3.a, s_3.b, s_3.c, s_3.d
               ->  Gather Merge  (cost=564499.16..1536794.48 rows=8333378 width=20)
                     Workers Planned: 2
                     ->  Sort  (cost=563499.14..573915.86 rows=4166689 width=20)
                           Sort Key: s_3.a, s_3.b, s_3.c
                           ->  Parallel Seq Scan on s_3  (cost=0.00..105361.89 rows=4166689 width=20)
(9 rows)

===== 112 [Wed Mar  7 08:15:41 CET 2018] scale:10000000 groups:10 work_mem:256MB incremental:off max_workers:2 =====
SELECT * FROM (SELECT * FROM s_4 ORDER BY a, b, c, d) foo ORDER BY a, b, c, d, e LIMIT 100000
                                              QUERY PLAN                                              
------------------------------------------------------------------------------------------------------
 Limit  (cost=2355117.21..2355117.21 rows=1 width=20)
   ->  Limit  (cost=2353867.21..2354117.21 rows=100000 width=20)
         ->  Sort  (cost=2353867.21..2374700.66 rows=8333378 width=20)
               Sort Key: s_4.a, s_4.b, s_4.c, s_4.d, s_4.e
               ->  Gather Merge  (cost=564499.16..1536794.48 rows=8333378 width=20)
                     Workers Planned: 2
                     ->  Sort  (cost=563499.14..573915.86 rows=4166689 width=20)
                           Sort Key: s_4.a, s_4.b, s_4.c, s_4.d
                           ->  Parallel Seq Scan on s_4  (cost=0.00..105361.89 rows=4166689 width=20)
(9 rows)

===== 113 [Wed Mar  7 08:17:06 CET 2018] scale:10000000 groups:100 work_mem:4MB incremental:on max_workers:0 =====
SELECT * FROM (SELECT * FROM s_1 ORDER BY a) foo ORDER BY a, b LIMIT 100000
                                      QUERY PLAN                                       
---------------------------------------------------------------------------------------
 Limit  (cost=1750757.41..1750757.41 rows=1 width=20)
   ->  Limit  (cost=1748006.24..1749757.41 rows=100000 width=20)
         ->  Incremental Sort  (cost=1748006.24..1923122.13 rows=9999939 width=20)
               Sort Key: s_1.a, s_1.b
               Presorted Key: s_1.a
               ->  Sort  (cost=1736519.69..1761519.54 rows=9999939 width=20)
                     Sort Key: s_1.a
                     ->  Seq Scan on s_1  (cost=0.00..163694.39 rows=9999939 width=20)
(8 rows)

===== 114 [Wed Mar  7 08:17:25 CET 2018] scale:10000000 groups:100 work_mem:4MB incremental:on max_workers:0 =====
SELECT * FROM (SELECT * FROM s_2 ORDER BY a, b) foo ORDER BY a, b, c LIMIT 100000
                                       QUERY PLAN                                       
----------------------------------------------------------------------------------------
 Limit  (cost=1739416.62..1739416.62 rows=1 width=20)
   ->  Limit  (cost=1736603.00..1738416.62 rows=100000 width=20)
         ->  Incremental Sort  (cost=1736603.00..1917965.55 rows=10000054 width=20)
               Sort Key: s_2.a, s_2.b, s_2.c
               Presorted Key: s_2.a, s_2.b
               ->  Sort  (cost=1736542.04..1761542.18 rows=10000054 width=20)
                     Sort Key: s_2.a, s_2.b
                     ->  Seq Scan on s_2  (cost=0.00..163695.54 rows=10000054 width=20)
(8 rows)

===== 115 [Wed Mar  7 08:17:44 CET 2018] scale:10000000 groups:100 work_mem:4MB incremental:on max_workers:0 =====
SELECT * FROM (SELECT * FROM s_3 ORDER BY a, b, c) foo ORDER BY a, b, c, d LIMIT 100000
                                       QUERY PLAN                                       
----------------------------------------------------------------------------------------
 Limit  (cost=1739521.44..1739521.44 rows=1 width=20)
   ->  Limit  (cost=1736542.33..1738521.44 rows=100000 width=20)
         ->  Incremental Sort  (cost=1736542.33..1934454.05 rows=10000054 width=20)
               Sort Key: s_3.a, s_3.b, s_3.c, s_3.d
               Presorted Key: s_3.a, s_3.b, s_3.c
               ->  Sort  (cost=1736542.04..1761542.18 rows=10000054 width=20)
                     Sort Key: s_3.a, s_3.b, s_3.c
                     ->  Seq Scan on s_3  (cost=0.00..163695.54 rows=10000054 width=20)
(8 rows)

===== 116 [Wed Mar  7 08:18:05 CET 2018] scale:10000000 groups:100 work_mem:4MB incremental:on max_workers:0 =====
SELECT * FROM (SELECT * FROM s_4 ORDER BY a, b, c, d) foo ORDER BY a, b, c, d, e LIMIT 100000
                                      QUERY PLAN                                       
---------------------------------------------------------------------------------------
 Limit  (cost=1739499.09..1739499.09 rows=1 width=20)
   ->  Limit  (cost=1736519.98..1738499.09 rows=100000 width=20)
         ->  Incremental Sort  (cost=1736519.98..1934429.47 rows=9999939 width=20)
               Sort Key: s_4.a, s_4.b, s_4.c, s_4.d, s_4.e
               Presorted Key: s_4.a, s_4.b, s_4.c, s_4.d
               ->  Sort  (cost=1736519.69..1761519.54 rows=9999939 width=20)
                     Sort Key: s_4.a, s_4.b, s_4.c, s_4.d
                     ->  Seq Scan on s_4  (cost=0.00..163694.39 rows=9999939 width=20)
(8 rows)

===== 117 [Wed Mar  7 08:18:25 CET 2018] scale:10000000 groups:100 work_mem:4MB incremental:off max_workers:0 =====
SELECT * FROM (SELECT * FROM s_1 ORDER BY a) foo ORDER BY a, b LIMIT 100000
                                      QUERY PLAN                                       
---------------------------------------------------------------------------------------
 Limit  (cost=3435594.23..3435594.23 rows=1 width=20)
   ->  Limit  (cost=3434344.23..3434594.23 rows=100000 width=20)
         ->  Sort  (cost=3434344.23..3459344.08 rows=9999939 width=20)
               Sort Key: s_1.a, s_1.b
               ->  Sort  (cost=1736519.69..1761519.54 rows=9999939 width=20)
                     Sort Key: s_1.a
                     ->  Seq Scan on s_1  (cost=0.00..163694.39 rows=9999939 width=20)
(7 rows)

===== 118 [Wed Mar  7 08:19:13 CET 2018] scale:10000000 groups:100 work_mem:4MB incremental:off max_workers:0 =====
SELECT * FROM (SELECT * FROM s_2 ORDER BY a, b) foo ORDER BY a, b, c LIMIT 100000
                                       QUERY PLAN                                       
----------------------------------------------------------------------------------------
 Limit  (cost=3435639.22..3435639.22 rows=1 width=20)
   ->  Limit  (cost=3434389.22..3434639.22 rows=100000 width=20)
         ->  Sort  (cost=3434389.22..3459389.35 rows=10000054 width=20)
               Sort Key: s_2.a, s_2.b, s_2.c
               ->  Sort  (cost=1736542.04..1761542.18 rows=10000054 width=20)
                     Sort Key: s_2.a, s_2.b
                     ->  Seq Scan on s_2  (cost=0.00..163695.54 rows=10000054 width=20)
(7 rows)

===== 119 [Wed Mar  7 08:20:08 CET 2018] scale:10000000 groups:100 work_mem:4MB incremental:off max_workers:0 =====
SELECT * FROM (SELECT * FROM s_3 ORDER BY a, b, c) foo ORDER BY a, b, c, d LIMIT 100000
                                       QUERY PLAN                                       
----------------------------------------------------------------------------------------
 Limit  (cost=3435639.22..3435639.22 rows=1 width=20)
   ->  Limit  (cost=3434389.22..3434639.22 rows=100000 width=20)
         ->  Sort  (cost=3434389.22..3459389.35 rows=10000054 width=20)
               Sort Key: s_3.a, s_3.b, s_3.c, s_3.d
               ->  Sort  (cost=1736542.04..1761542.18 rows=10000054 width=20)
                     Sort Key: s_3.a, s_3.b, s_3.c
                     ->  Seq Scan on s_3  (cost=0.00..163695.54 rows=10000054 width=20)
(7 rows)

===== 120 [Wed Mar  7 08:21:10 CET 2018] scale:10000000 groups:100 work_mem:4MB incremental:off max_workers:0 =====
SELECT * FROM (SELECT * FROM s_4 ORDER BY a, b, c, d) foo ORDER BY a, b, c, d, e LIMIT 100000
                                      QUERY PLAN                                       
---------------------------------------------------------------------------------------
 Limit  (cost=3435594.23..3435594.23 rows=1 width=20)
   ->  Limit  (cost=3434344.23..3434594.23 rows=100000 width=20)
         ->  Sort  (cost=3434344.23..3459344.08 rows=9999939 width=20)
               Sort Key: s_4.a, s_4.b, s_4.c, s_4.d, s_4.e
               ->  Sort  (cost=1736519.69..1761519.54 rows=9999939 width=20)
                     Sort Key: s_4.a, s_4.b, s_4.c, s_4.d
                     ->  Seq Scan on s_4  (cost=0.00..163694.39 rows=9999939 width=20)
(7 rows)

===== 121 [Wed Mar  7 08:22:08 CET 2018] scale:10000000 groups:100 work_mem:8MB incremental:on max_workers:0 =====
SELECT * FROM (SELECT * FROM s_1 ORDER BY a) foo ORDER BY a, b LIMIT 100000
                                      QUERY PLAN                                       
---------------------------------------------------------------------------------------
 Limit  (cost=1748723.71..1748723.71 rows=1 width=20)
   ->  Limit  (cost=1745972.74..1747723.71 rows=100000 width=20)
         ->  Incremental Sort  (cost=1745972.74..1921068.28 rows=9999939 width=20)
               Sort Key: s_1.a, s_1.b
               Presorted Key: s_1.a
               ->  Sort  (cost=1736519.69..1761519.54 rows=9999939 width=20)
                     Sort Key: s_1.a
                     ->  Seq Scan on s_1  (cost=0.00..163694.39 rows=9999939 width=20)
(8 rows)

===== 122 [Wed Mar  7 08:22:22 CET 2018] scale:10000000 groups:100 work_mem:8MB incremental:on max_workers:0 =====
SELECT * FROM (SELECT * FROM s_2 ORDER BY a, b) foo ORDER BY a, b, c LIMIT 100000
                                       QUERY PLAN                                       
----------------------------------------------------------------------------------------
 Limit  (cost=1739416.62..1739416.62 rows=1 width=20)
   ->  Limit  (cost=1736603.00..1738416.62 rows=100000 width=20)
         ->  Incremental Sort  (cost=1736603.00..1917965.55 rows=10000054 width=20)
               Sort Key: s_2.a, s_2.b, s_2.c
               Presorted Key: s_2.a, s_2.b
               ->  Sort  (cost=1736542.04..1761542.18 rows=10000054 width=20)
                     Sort Key: s_2.a, s_2.b
                     ->  Seq Scan on s_2  (cost=0.00..163695.54 rows=10000054 width=20)
(8 rows)

===== 123 [Wed Mar  7 08:22:37 CET 2018] scale:10000000 groups:100 work_mem:8MB incremental:on max_workers:0 =====
SELECT * FROM (SELECT * FROM s_3 ORDER BY a, b, c) foo ORDER BY a, b, c, d LIMIT 100000
                                       QUERY PLAN                                       
----------------------------------------------------------------------------------------
 Limit  (cost=1739521.44..1739521.44 rows=1 width=20)
   ->  Limit  (cost=1736542.33..1738521.44 rows=100000 width=20)
         ->  Incremental Sort  (cost=1736542.33..1934454.05 rows=10000054 width=20)
               Sort Key: s_3.a, s_3.b, s_3.c, s_3.d
               Presorted Key: s_3.a, s_3.b, s_3.c
               ->  Sort  (cost=1736542.04..1761542.18 rows=10000054 width=20)
                     Sort Key: s_3.a, s_3.b, s_3.c
                     ->  Seq Scan on s_3  (cost=0.00..163695.54 rows=10000054 width=20)
(8 rows)

===== 124 [Wed Mar  7 08:22:53 CET 2018] scale:10000000 groups:100 work_mem:8MB incremental:on max_workers:0 =====
SELECT * FROM (SELECT * FROM s_4 ORDER BY a, b, c, d) foo ORDER BY a, b, c, d, e LIMIT 100000
                                      QUERY PLAN                                       
---------------------------------------------------------------------------------------
 Limit  (cost=1739499.09..1739499.09 rows=1 width=20)
   ->  Limit  (cost=1736519.98..1738499.09 rows=100000 width=20)
         ->  Incremental Sort  (cost=1736519.98..1934429.47 rows=9999939 width=20)
               Sort Key: s_4.a, s_4.b, s_4.c, s_4.d, s_4.e
               Presorted Key: s_4.a, s_4.b, s_4.c, s_4.d
               ->  Sort  (cost=1736519.69..1761519.54 rows=9999939 width=20)
                     Sort Key: s_4.a, s_4.b, s_4.c, s_4.d
                     ->  Seq Scan on s_4  (cost=0.00..163694.39 rows=9999939 width=20)
(8 rows)

===== 125 [Wed Mar  7 08:23:09 CET 2018] scale:10000000 groups:100 work_mem:8MB incremental:off max_workers:0 =====
SELECT * FROM (SELECT * FROM s_1 ORDER BY a) foo ORDER BY a, b LIMIT 100000
                                      QUERY PLAN                                       
---------------------------------------------------------------------------------------
 Limit  (cost=2743245.58..2743245.58 rows=1 width=20)
   ->  Limit  (cost=2741995.58..2742245.58 rows=100000 width=20)
         ->  Sort  (cost=2741995.58..2766995.43 rows=9999939 width=20)
               Sort Key: s_1.a, s_1.b
               ->  Sort  (cost=1736519.69..1761519.54 rows=9999939 width=20)
                     Sort Key: s_1.a
                     ->  Seq Scan on s_1  (cost=0.00..163694.39 rows=9999939 width=20)
(7 rows)

===== 126 [Wed Mar  7 08:23:49 CET 2018] scale:10000000 groups:100 work_mem:8MB incremental:off max_workers:0 =====
SELECT * FROM (SELECT * FROM s_2 ORDER BY a, b) foo ORDER BY a, b, c LIMIT 100000
                                       QUERY PLAN                                       
----------------------------------------------------------------------------------------
 Limit  (cost=2743279.49..2743279.49 rows=1 width=20)
   ->  Limit  (cost=2742029.49..2742279.49 rows=100000 width=20)
         ->  Sort  (cost=2742029.49..2767029.63 rows=10000054 width=20)
               Sort Key: s_2.a, s_2.b, s_2.c
               ->  Sort  (cost=1736542.04..1761542.18 rows=10000054 width=20)
                     Sort Key: s_2.a, s_2.b
                     ->  Seq Scan on s_2  (cost=0.00..163695.54 rows=10000054 width=20)
(7 rows)

===== 127 [Wed Mar  7 08:24:37 CET 2018] scale:10000000 groups:100 work_mem:8MB incremental:off max_workers:0 =====
SELECT * FROM (SELECT * FROM s_3 ORDER BY a, b, c) foo ORDER BY a, b, c, d LIMIT 100000
                                       QUERY PLAN                                       
----------------------------------------------------------------------------------------
 Limit  (cost=2743279.49..2743279.49 rows=1 width=20)
   ->  Limit  (cost=2742029.49..2742279.49 rows=100000 width=20)
         ->  Sort  (cost=2742029.49..2767029.63 rows=10000054 width=20)
               Sort Key: s_3.a, s_3.b, s_3.c, s_3.d
               ->  Sort  (cost=1736542.04..1761542.18 rows=10000054 width=20)
                     Sort Key: s_3.a, s_3.b, s_3.c
                     ->  Seq Scan on s_3  (cost=0.00..163695.54 rows=10000054 width=20)
(7 rows)

===== 128 [Wed Mar  7 08:25:30 CET 2018] scale:10000000 groups:100 work_mem:8MB incremental:off max_workers:0 =====
SELECT * FROM (SELECT * FROM s_4 ORDER BY a, b, c, d) foo ORDER BY a, b, c, d, e LIMIT 100000
                                      QUERY PLAN                                       
---------------------------------------------------------------------------------------
 Limit  (cost=2743245.58..2743245.58 rows=1 width=20)
   ->  Limit  (cost=2741995.58..2742245.58 rows=100000 width=20)
         ->  Sort  (cost=2741995.58..2766995.43 rows=9999939 width=20)
               Sort Key: s_4.a, s_4.b, s_4.c, s_4.d, s_4.e
               ->  Sort  (cost=1736519.69..1761519.54 rows=9999939 width=20)
                     Sort Key: s_4.a, s_4.b, s_4.c, s_4.d
                     ->  Seq Scan on s_4  (cost=0.00..163694.39 rows=9999939 width=20)
(7 rows)

===== 129 [Wed Mar  7 08:26:20 CET 2018] scale:10000000 groups:100 work_mem:16MB incremental:on max_workers:0 =====
SELECT * FROM (SELECT * FROM s_1 ORDER BY a) foo ORDER BY a, b LIMIT 100000
                                      QUERY PLAN                                       
---------------------------------------------------------------------------------------
 Limit  (cost=1543644.71..1543644.71 rows=1 width=20)
   ->  Limit  (cost=1540893.74..1542644.71 rows=100000 width=20)
         ->  Incremental Sort  (cost=1540893.74..1715989.28 rows=9999939 width=20)
               Sort Key: s_1.a, s_1.b
               Presorted Key: s_1.a
               ->  Sort  (cost=1531440.69..1556440.54 rows=9999939 width=20)
                     Sort Key: s_1.a
                     ->  Seq Scan on s_1  (cost=0.00..163694.39 rows=9999939 width=20)
(8 rows)

===== 130 [Wed Mar  7 08:26:29 CET 2018] scale:10000000 groups:100 work_mem:16MB incremental:on max_workers:0 =====
SELECT * FROM (SELECT * FROM s_2 ORDER BY a, b) foo ORDER BY a, b, c LIMIT 100000
                                       QUERY PLAN                                       
----------------------------------------------------------------------------------------
 Limit  (cost=1534334.12..1534334.12 rows=1 width=20)
   ->  Limit  (cost=1531520.50..1533334.12 rows=100000 width=20)
         ->  Incremental Sort  (cost=1531520.50..1712883.05 rows=10000054 width=20)
               Sort Key: s_2.a, s_2.b, s_2.c
               Presorted Key: s_2.a, s_2.b
               ->  Sort  (cost=1531459.54..1556459.68 rows=10000054 width=20)
                     Sort Key: s_2.a, s_2.b
                     ->  Seq Scan on s_2  (cost=0.00..163695.54 rows=10000054 width=20)
(8 rows)

===== 131 [Wed Mar  7 08:26:40 CET 2018] scale:10000000 groups:100 work_mem:16MB incremental:on max_workers:0 =====
SELECT * FROM (SELECT * FROM s_3 ORDER BY a, b, c) foo ORDER BY a, b, c, d LIMIT 100000
                                       QUERY PLAN                                       
----------------------------------------------------------------------------------------
 Limit  (cost=1534438.94..1534438.94 rows=1 width=20)
   ->  Limit  (cost=1531459.83..1533438.94 rows=100000 width=20)
         ->  Incremental Sort  (cost=1531459.83..1729371.55 rows=10000054 width=20)
               Sort Key: s_3.a, s_3.b, s_3.c, s_3.d
               Presorted Key: s_3.a, s_3.b, s_3.c
               ->  Sort  (cost=1531459.54..1556459.68 rows=10000054 width=20)
                     Sort Key: s_3.a, s_3.b, s_3.c
                     ->  Seq Scan on s_3  (cost=0.00..163695.54 rows=10000054 width=20)
(8 rows)

===== 132 [Wed Mar  7 08:26:51 CET 2018] scale:10000000 groups:100 work_mem:16MB incremental:on max_workers:0 =====
SELECT * FROM (SELECT * FROM s_4 ORDER BY a, b, c, d) foo ORDER BY a, b, c, d, e LIMIT 100000
                                      QUERY PLAN                                       
---------------------------------------------------------------------------------------
 Limit  (cost=1534420.09..1534420.09 rows=1 width=20)
   ->  Limit  (cost=1531440.98..1533420.09 rows=100000 width=20)
         ->  Incremental Sort  (cost=1531440.98..1729350.47 rows=9999939 width=20)
               Sort Key: s_4.a, s_4.b, s_4.c, s_4.d, s_4.e
               Presorted Key: s_4.a, s_4.b, s_4.c, s_4.d
               ->  Sort  (cost=1531440.69..1556440.54 rows=9999939 width=20)
                     Sort Key: s_4.a, s_4.b, s_4.c, s_4.d
                     ->  Seq Scan on s_4  (cost=0.00..163694.39 rows=9999939 width=20)
(8 rows)

===== 133 [Wed Mar  7 08:27:02 CET 2018] scale:10000000 groups:100 work_mem:16MB incremental:off max_workers:0 =====
SELECT * FROM (SELECT * FROM s_1 ORDER BY a) foo ORDER BY a, b LIMIT 100000
                                      QUERY PLAN                                       
---------------------------------------------------------------------------------------
 Limit  (cost=2538166.58..2538166.58 rows=1 width=20)
   ->  Limit  (cost=2536916.58..2537166.58 rows=100000 width=20)
         ->  Sort  (cost=2536916.58..2561916.43 rows=9999939 width=20)
               Sort Key: s_1.a, s_1.b
               ->  Sort  (cost=1531440.69..1556440.54 rows=9999939 width=20)
                     Sort Key: s_1.a
                     ->  Seq Scan on s_1  (cost=0.00..163694.39 rows=9999939 width=20)
(7 rows)

===== 134 [Wed Mar  7 08:27:35 CET 2018] scale:10000000 groups:100 work_mem:16MB incremental:off max_workers:0 =====
SELECT * FROM (SELECT * FROM s_2 ORDER BY a, b) foo ORDER BY a, b, c LIMIT 100000
                                       QUERY PLAN                                       
----------------------------------------------------------------------------------------
 Limit  (cost=2538196.99..2538196.99 rows=1 width=20)
   ->  Limit  (cost=2536946.99..2537196.99 rows=100000 width=20)
         ->  Sort  (cost=2536946.99..2561947.13 rows=10000054 width=20)
               Sort Key: s_2.a, s_2.b, s_2.c
               ->  Sort  (cost=1531459.54..1556459.68 rows=10000054 width=20)
                     Sort Key: s_2.a, s_2.b
                     ->  Seq Scan on s_2  (cost=0.00..163695.54 rows=10000054 width=20)
(7 rows)

===== 135 [Wed Mar  7 08:28:14 CET 2018] scale:10000000 groups:100 work_mem:16MB incremental:off max_workers:0 =====
SELECT * FROM (SELECT * FROM s_3 ORDER BY a, b, c) foo ORDER BY a, b, c, d LIMIT 100000
                                       QUERY PLAN                                       
----------------------------------------------------------------------------------------
 Limit  (cost=2538196.99..2538196.99 rows=1 width=20)
   ->  Limit  (cost=2536946.99..2537196.99 rows=100000 width=20)
         ->  Sort  (cost=2536946.99..2561947.13 rows=10000054 width=20)
               Sort Key: s_3.a, s_3.b, s_3.c, s_3.d
               ->  Sort  (cost=1531459.54..1556459.68 rows=10000054 width=20)
                     Sort Key: s_3.a, s_3.b, s_3.c
                     ->  Seq Scan on s_3  (cost=0.00..163695.54 rows=10000054 width=20)
(7 rows)

===== 136 [Wed Mar  7 08:28:58 CET 2018] scale:10000000 groups:100 work_mem:16MB incremental:off max_workers:0 =====
SELECT * FROM (SELECT * FROM s_4 ORDER BY a, b, c, d) foo ORDER BY a, b, c, d, e LIMIT 100000
                                      QUERY PLAN                                       
---------------------------------------------------------------------------------------
 Limit  (cost=2538166.58..2538166.58 rows=1 width=20)
   ->  Limit  (cost=2536916.58..2537166.58 rows=100000 width=20)
         ->  Sort  (cost=2536916.58..2561916.43 rows=9999939 width=20)
               Sort Key: s_4.a, s_4.b, s_4.c, s_4.d, s_4.e
               ->  Sort  (cost=1531440.69..1556440.54 rows=9999939 width=20)
                     Sort Key: s_4.a, s_4.b, s_4.c, s_4.d
                     ->  Seq Scan on s_4  (cost=0.00..163694.39 rows=9999939 width=20)
(7 rows)

===== 137 [Wed Mar  7 08:29:39 CET 2018] scale:10000000 groups:100 work_mem:32MB incremental:on max_workers:0 =====
SELECT * FROM (SELECT * FROM s_1 ORDER BY a) foo ORDER BY a, b LIMIT 100000
                                      QUERY PLAN                                       
---------------------------------------------------------------------------------------
 Limit  (cost=1543644.71..1543644.71 rows=1 width=20)
   ->  Limit  (cost=1540893.74..1542644.71 rows=100000 width=20)
         ->  Incremental Sort  (cost=1540893.74..1715989.28 rows=9999939 width=20)
               Sort Key: s_1.a, s_1.b
               Presorted Key: s_1.a
               ->  Sort  (cost=1531440.69..1556440.54 rows=9999939 width=20)
                     Sort Key: s_1.a
                     ->  Seq Scan on s_1  (cost=0.00..163694.39 rows=9999939 width=20)
(8 rows)

===== 138 [Wed Mar  7 08:29:49 CET 2018] scale:10000000 groups:100 work_mem:32MB incremental:on max_workers:0 =====
SELECT * FROM (SELECT * FROM s_2 ORDER BY a, b) foo ORDER BY a, b, c LIMIT 100000
                                       QUERY PLAN                                       
----------------------------------------------------------------------------------------
 Limit  (cost=1534334.12..1534334.12 rows=1 width=20)
   ->  Limit  (cost=1531520.50..1533334.12 rows=100000 width=20)
         ->  Incremental Sort  (cost=1531520.50..1712883.05 rows=10000054 width=20)
               Sort Key: s_2.a, s_2.b, s_2.c
               Presorted Key: s_2.a, s_2.b
               ->  Sort  (cost=1531459.54..1556459.68 rows=10000054 width=20)
                     Sort Key: s_2.a, s_2.b
                     ->  Seq Scan on s_2  (cost=0.00..163695.54 rows=10000054 width=20)
(8 rows)

===== 139 [Wed Mar  7 08:29:59 CET 2018] scale:10000000 groups:100 work_mem:32MB incremental:on max_workers:0 =====
SELECT * FROM (SELECT * FROM s_3 ORDER BY a, b, c) foo ORDER BY a, b, c, d LIMIT 100000
                                       QUERY PLAN                                       
----------------------------------------------------------------------------------------
 Limit  (cost=1534438.94..1534438.94 rows=1 width=20)
   ->  Limit  (cost=1531459.83..1533438.94 rows=100000 width=20)
         ->  Incremental Sort  (cost=1531459.83..1729371.55 rows=10000054 width=20)
               Sort Key: s_3.a, s_3.b, s_3.c, s_3.d
               Presorted Key: s_3.a, s_3.b, s_3.c
               ->  Sort  (cost=1531459.54..1556459.68 rows=10000054 width=20)
                     Sort Key: s_3.a, s_3.b, s_3.c
                     ->  Seq Scan on s_3  (cost=0.00..163695.54 rows=10000054 width=20)
(8 rows)

===== 140 [Wed Mar  7 08:30:10 CET 2018] scale:10000000 groups:100 work_mem:32MB incremental:on max_workers:0 =====
SELECT * FROM (SELECT * FROM s_4 ORDER BY a, b, c, d) foo ORDER BY a, b, c, d, e LIMIT 100000
                                      QUERY PLAN                                       
---------------------------------------------------------------------------------------
 Limit  (cost=1534420.09..1534420.09 rows=1 width=20)
   ->  Limit  (cost=1531440.98..1533420.09 rows=100000 width=20)
         ->  Incremental Sort  (cost=1531440.98..1729350.47 rows=9999939 width=20)
               Sort Key: s_4.a, s_4.b, s_4.c, s_4.d, s_4.e
               Presorted Key: s_4.a, s_4.b, s_4.c, s_4.d
               ->  Sort  (cost=1531440.69..1556440.54 rows=9999939 width=20)
                     Sort Key: s_4.a, s_4.b, s_4.c, s_4.d
                     ->  Seq Scan on s_4  (cost=0.00..163694.39 rows=9999939 width=20)
(8 rows)

===== 141 [Wed Mar  7 08:30:21 CET 2018] scale:10000000 groups:100 work_mem:32MB incremental:off max_workers:0 =====
SELECT * FROM (SELECT * FROM s_1 ORDER BY a) foo ORDER BY a, b LIMIT 100000
                                      QUERY PLAN                                       
---------------------------------------------------------------------------------------
 Limit  (cost=2538166.58..2538166.58 rows=1 width=20)
   ->  Limit  (cost=2536916.58..2537166.58 rows=100000 width=20)
         ->  Sort  (cost=2536916.58..2561916.43 rows=9999939 width=20)
               Sort Key: s_1.a, s_1.b
               ->  Sort  (cost=1531440.69..1556440.54 rows=9999939 width=20)
                     Sort Key: s_1.a
                     ->  Seq Scan on s_1  (cost=0.00..163694.39 rows=9999939 width=20)
(7 rows)

===== 142 [Wed Mar  7 08:30:38 CET 2018] scale:10000000 groups:100 work_mem:32MB incremental:off max_workers:0 =====
SELECT * FROM (SELECT * FROM s_2 ORDER BY a, b) foo ORDER BY a, b, c LIMIT 100000
                                       QUERY PLAN                                       
----------------------------------------------------------------------------------------
 Limit  (cost=2538196.99..2538196.99 rows=1 width=20)
   ->  Limit  (cost=2536946.99..2537196.99 rows=100000 width=20)
         ->  Sort  (cost=2536946.99..2561947.13 rows=10000054 width=20)
               Sort Key: s_2.a, s_2.b, s_2.c
               ->  Sort  (cost=1531459.54..1556459.68 rows=10000054 width=20)
                     Sort Key: s_2.a, s_2.b
                     ->  Seq Scan on s_2  (cost=0.00..163695.54 rows=10000054 width=20)
(7 rows)

===== 143 [Wed Mar  7 08:30:55 CET 2018] scale:10000000 groups:100 work_mem:32MB incremental:off max_workers:0 =====
SELECT * FROM (SELECT * FROM s_3 ORDER BY a, b, c) foo ORDER BY a, b, c, d LIMIT 100000
                                       QUERY PLAN                                       
----------------------------------------------------------------------------------------
 Limit  (cost=2538196.99..2538196.99 rows=1 width=20)
   ->  Limit  (cost=2536946.99..2537196.99 rows=100000 width=20)
         ->  Sort  (cost=2536946.99..2561947.13 rows=10000054 width=20)
               Sort Key: s_3.a, s_3.b, s_3.c, s_3.d
               ->  Sort  (cost=1531459.54..1556459.68 rows=10000054 width=20)
                     Sort Key: s_3.a, s_3.b, s_3.c
                     ->  Seq Scan on s_3  (cost=0.00..163695.54 rows=10000054 width=20)
(7 rows)

===== 144 [Wed Mar  7 08:31:14 CET 2018] scale:10000000 groups:100 work_mem:32MB incremental:off max_workers:0 =====
SELECT * FROM (SELECT * FROM s_4 ORDER BY a, b, c, d) foo ORDER BY a, b, c, d, e LIMIT 100000
                                      QUERY PLAN                                       
---------------------------------------------------------------------------------------
 Limit  (cost=2538166.58..2538166.58 rows=1 width=20)
   ->  Limit  (cost=2536916.58..2537166.58 rows=100000 width=20)
         ->  Sort  (cost=2536916.58..2561916.43 rows=9999939 width=20)
               Sort Key: s_4.a, s_4.b, s_4.c, s_4.d, s_4.e
               ->  Sort  (cost=1531440.69..1556440.54 rows=9999939 width=20)
                     Sort Key: s_4.a, s_4.b, s_4.c, s_4.d
                     ->  Seq Scan on s_4  (cost=0.00..163694.39 rows=9999939 width=20)
(7 rows)

===== 145 [Wed Mar  7 08:31:32 CET 2018] scale:10000000 groups:100 work_mem:64MB incremental:on max_workers:0 =====
SELECT * FROM (SELECT * FROM s_1 ORDER BY a) foo ORDER BY a, b LIMIT 100000
                                      QUERY PLAN                                       
---------------------------------------------------------------------------------------
 Limit  (cost=1543644.71..1543644.71 rows=1 width=20)
   ->  Limit  (cost=1540893.74..1542644.71 rows=100000 width=20)
         ->  Incremental Sort  (cost=1540893.74..1715989.28 rows=9999939 width=20)
               Sort Key: s_1.a, s_1.b
               Presorted Key: s_1.a
               ->  Sort  (cost=1531440.69..1556440.54 rows=9999939 width=20)
                     Sort Key: s_1.a
                     ->  Seq Scan on s_1  (cost=0.00..163694.39 rows=9999939 width=20)
(8 rows)

===== 146 [Wed Mar  7 08:31:42 CET 2018] scale:10000000 groups:100 work_mem:64MB incremental:on max_workers:0 =====
SELECT * FROM (SELECT * FROM s_2 ORDER BY a, b) foo ORDER BY a, b, c LIMIT 100000
                                       QUERY PLAN                                       
----------------------------------------------------------------------------------------
 Limit  (cost=1534334.12..1534334.12 rows=1 width=20)
   ->  Limit  (cost=1531520.50..1533334.12 rows=100000 width=20)
         ->  Incremental Sort  (cost=1531520.50..1712883.05 rows=10000054 width=20)
               Sort Key: s_2.a, s_2.b, s_2.c
               Presorted Key: s_2.a, s_2.b
               ->  Sort  (cost=1531459.54..1556459.68 rows=10000054 width=20)
                     Sort Key: s_2.a, s_2.b
                     ->  Seq Scan on s_2  (cost=0.00..163695.54 rows=10000054 width=20)
(8 rows)

===== 147 [Wed Mar  7 08:31:53 CET 2018] scale:10000000 groups:100 work_mem:64MB incremental:on max_workers:0 =====
SELECT * FROM (SELECT * FROM s_3 ORDER BY a, b, c) foo ORDER BY a, b, c, d LIMIT 100000
                                       QUERY PLAN                                       
----------------------------------------------------------------------------------------
 Limit  (cost=1534438.94..1534438.94 rows=1 width=20)
   ->  Limit  (cost=1531459.83..1533438.94 rows=100000 width=20)
         ->  Incremental Sort  (cost=1531459.83..1729371.55 rows=10000054 width=20)
               Sort Key: s_3.a, s_3.b, s_3.c, s_3.d
               Presorted Key: s_3.a, s_3.b, s_3.c
               ->  Sort  (cost=1531459.54..1556459.68 rows=10000054 width=20)
                     Sort Key: s_3.a, s_3.b, s_3.c
                     ->  Seq Scan on s_3  (cost=0.00..163695.54 rows=10000054 width=20)
(8 rows)

===== 148 [Wed Mar  7 08:32:04 CET 2018] scale:10000000 groups:100 work_mem:64MB incremental:on max_workers:0 =====
SELECT * FROM (SELECT * FROM s_4 ORDER BY a, b, c, d) foo ORDER BY a, b, c, d, e LIMIT 100000
                                      QUERY PLAN                                       
---------------------------------------------------------------------------------------
 Limit  (cost=1534420.09..1534420.09 rows=1 width=20)
   ->  Limit  (cost=1531440.98..1533420.09 rows=100000 width=20)
         ->  Incremental Sort  (cost=1531440.98..1729350.47 rows=9999939 width=20)
               Sort Key: s_4.a, s_4.b, s_4.c, s_4.d, s_4.e
               Presorted Key: s_4.a, s_4.b, s_4.c, s_4.d
               ->  Sort  (cost=1531440.69..1556440.54 rows=9999939 width=20)
                     Sort Key: s_4.a, s_4.b, s_4.c, s_4.d
                     ->  Seq Scan on s_4  (cost=0.00..163694.39 rows=9999939 width=20)
(8 rows)

===== 149 [Wed Mar  7 08:32:15 CET 2018] scale:10000000 groups:100 work_mem:64MB incremental:off max_workers:0 =====
SELECT * FROM (SELECT * FROM s_1 ORDER BY a) foo ORDER BY a, b LIMIT 100000
                                      QUERY PLAN                                       
---------------------------------------------------------------------------------------
 Limit  (cost=2538166.58..2538166.58 rows=1 width=20)
   ->  Limit  (cost=2536916.58..2537166.58 rows=100000 width=20)
         ->  Sort  (cost=2536916.58..2561916.43 rows=9999939 width=20)
               Sort Key: s_1.a, s_1.b
               ->  Sort  (cost=1531440.69..1556440.54 rows=9999939 width=20)
                     Sort Key: s_1.a
                     ->  Seq Scan on s_1  (cost=0.00..163694.39 rows=9999939 width=20)
(7 rows)

===== 150 [Wed Mar  7 08:32:32 CET 2018] scale:10000000 groups:100 work_mem:64MB incremental:off max_workers:0 =====
SELECT * FROM (SELECT * FROM s_2 ORDER BY a, b) foo ORDER BY a, b, c LIMIT 100000
                                       QUERY PLAN                                       
----------------------------------------------------------------------------------------
 Limit  (cost=2538196.99..2538196.99 rows=1 width=20)
   ->  Limit  (cost=2536946.99..2537196.99 rows=100000 width=20)
         ->  Sort  (cost=2536946.99..2561947.13 rows=10000054 width=20)
               Sort Key: s_2.a, s_2.b, s_2.c
               ->  Sort  (cost=1531459.54..1556459.68 rows=10000054 width=20)
                     Sort Key: s_2.a, s_2.b
                     ->  Seq Scan on s_2  (cost=0.00..163695.54 rows=10000054 width=20)
(7 rows)

===== 151 [Wed Mar  7 08:32:50 CET 2018] scale:10000000 groups:100 work_mem:64MB incremental:off max_workers:0 =====
SELECT * FROM (SELECT * FROM s_3 ORDER BY a, b, c) foo ORDER BY a, b, c, d LIMIT 100000
                                       QUERY PLAN                                       
----------------------------------------------------------------------------------------
 Limit  (cost=2538196.99..2538196.99 rows=1 width=20)
   ->  Limit  (cost=2536946.99..2537196.99 rows=100000 width=20)
         ->  Sort  (cost=2536946.99..2561947.13 rows=10000054 width=20)
               Sort Key: s_3.a, s_3.b, s_3.c, s_3.d
               ->  Sort  (cost=1531459.54..1556459.68 rows=10000054 width=20)
                     Sort Key: s_3.a, s_3.b, s_3.c
                     ->  Seq Scan on s_3  (cost=0.00..163695.54 rows=10000054 width=20)
(7 rows)

===== 152 [Wed Mar  7 08:33:09 CET 2018] scale:10000000 groups:100 work_mem:64MB incremental:off max_workers:0 =====
SELECT * FROM (SELECT * FROM s_4 ORDER BY a, b, c, d) foo ORDER BY a, b, c, d, e LIMIT 100000
                                      QUERY PLAN                                       
---------------------------------------------------------------------------------------
 Limit  (cost=2538166.58..2538166.58 rows=1 width=20)
   ->  Limit  (cost=2536916.58..2537166.58 rows=100000 width=20)
         ->  Sort  (cost=2536916.58..2561916.43 rows=9999939 width=20)
               Sort Key: s_4.a, s_4.b, s_4.c, s_4.d, s_4.e
               ->  Sort  (cost=1531440.69..1556440.54 rows=9999939 width=20)
                     Sort Key: s_4.a, s_4.b, s_4.c, s_4.d
                     ->  Seq Scan on s_4  (cost=0.00..163694.39 rows=9999939 width=20)
(7 rows)

===== 153 [Wed Mar  7 08:33:28 CET 2018] scale:10000000 groups:100 work_mem:128MB incremental:on max_workers:0 =====
SELECT * FROM (SELECT * FROM s_1 ORDER BY a) foo ORDER BY a, b LIMIT 100000
                                      QUERY PLAN                                       
---------------------------------------------------------------------------------------
 Limit  (cost=1543644.71..1543644.71 rows=1 width=20)
   ->  Limit  (cost=1540893.74..1542644.71 rows=100000 width=20)
         ->  Incremental Sort  (cost=1540893.74..1715989.28 rows=9999939 width=20)
               Sort Key: s_1.a, s_1.b
               Presorted Key: s_1.a
               ->  Sort  (cost=1531440.69..1556440.54 rows=9999939 width=20)
                     Sort Key: s_1.a
                     ->  Seq Scan on s_1  (cost=0.00..163694.39 rows=9999939 width=20)
(8 rows)

===== 154 [Wed Mar  7 08:33:38 CET 2018] scale:10000000 groups:100 work_mem:128MB incremental:on max_workers:0 =====
SELECT * FROM (SELECT * FROM s_2 ORDER BY a, b) foo ORDER BY a, b, c LIMIT 100000
                                       QUERY PLAN                                       
----------------------------------------------------------------------------------------
 Limit  (cost=1534334.12..1534334.12 rows=1 width=20)
   ->  Limit  (cost=1531520.50..1533334.12 rows=100000 width=20)
         ->  Incremental Sort  (cost=1531520.50..1712883.05 rows=10000054 width=20)
               Sort Key: s_2.a, s_2.b, s_2.c
               Presorted Key: s_2.a, s_2.b
               ->  Sort  (cost=1531459.54..1556459.68 rows=10000054 width=20)
                     Sort Key: s_2.a, s_2.b
                     ->  Seq Scan on s_2  (cost=0.00..163695.54 rows=10000054 width=20)
(8 rows)

===== 155 [Wed Mar  7 08:33:49 CET 2018] scale:10000000 groups:100 work_mem:128MB incremental:on max_workers:0 =====
SELECT * FROM (SELECT * FROM s_3 ORDER BY a, b, c) foo ORDER BY a, b, c, d LIMIT 100000
                                       QUERY PLAN                                       
----------------------------------------------------------------------------------------
 Limit  (cost=1534438.94..1534438.94 rows=1 width=20)
   ->  Limit  (cost=1531459.83..1533438.94 rows=100000 width=20)
         ->  Incremental Sort  (cost=1531459.83..1729371.55 rows=10000054 width=20)
               Sort Key: s_3.a, s_3.b, s_3.c, s_3.d
               Presorted Key: s_3.a, s_3.b, s_3.c
               ->  Sort  (cost=1531459.54..1556459.68 rows=10000054 width=20)
                     Sort Key: s_3.a, s_3.b, s_3.c
                     ->  Seq Scan on s_3  (cost=0.00..163695.54 rows=10000054 width=20)
(8 rows)

===== 156 [Wed Mar  7 08:34:00 CET 2018] scale:10000000 groups:100 work_mem:128MB incremental:on max_workers:0 =====
SELECT * FROM (SELECT * FROM s_4 ORDER BY a, b, c, d) foo ORDER BY a, b, c, d, e LIMIT 100000
                                      QUERY PLAN                                       
---------------------------------------------------------------------------------------
 Limit  (cost=1534420.09..1534420.09 rows=1 width=20)
   ->  Limit  (cost=1531440.98..1533420.09 rows=100000 width=20)
         ->  Incremental Sort  (cost=1531440.98..1729350.47 rows=9999939 width=20)
               Sort Key: s_4.a, s_4.b, s_4.c, s_4.d, s_4.e
               Presorted Key: s_4.a, s_4.b, s_4.c, s_4.d
               ->  Sort  (cost=1531440.69..1556440.54 rows=9999939 width=20)
                     Sort Key: s_4.a, s_4.b, s_4.c, s_4.d
                     ->  Seq Scan on s_4  (cost=0.00..163694.39 rows=9999939 width=20)
(8 rows)

===== 157 [Wed Mar  7 08:34:12 CET 2018] scale:10000000 groups:100 work_mem:128MB incremental:off max_workers:0 =====
SELECT * FROM (SELECT * FROM s_1 ORDER BY a) foo ORDER BY a, b LIMIT 100000
                                      QUERY PLAN                                       
---------------------------------------------------------------------------------------
 Limit  (cost=2538166.58..2538166.58 rows=1 width=20)
   ->  Limit  (cost=2536916.58..2537166.58 rows=100000 width=20)
         ->  Sort  (cost=2536916.58..2561916.43 rows=9999939 width=20)
               Sort Key: s_1.a, s_1.b
               ->  Sort  (cost=1531440.69..1556440.54 rows=9999939 width=20)
                     Sort Key: s_1.a
                     ->  Seq Scan on s_1  (cost=0.00..163694.39 rows=9999939 width=20)
(7 rows)

===== 158 [Wed Mar  7 08:34:29 CET 2018] scale:10000000 groups:100 work_mem:128MB incremental:off max_workers:0 =====
SELECT * FROM (SELECT * FROM s_2 ORDER BY a, b) foo ORDER BY a, b, c LIMIT 100000
                                       QUERY PLAN                                       
----------------------------------------------------------------------------------------
 Limit  (cost=2538196.99..2538196.99 rows=1 width=20)
   ->  Limit  (cost=2536946.99..2537196.99 rows=100000 width=20)
         ->  Sort  (cost=2536946.99..2561947.13 rows=10000054 width=20)
               Sort Key: s_2.a, s_2.b, s_2.c
               ->  Sort  (cost=1531459.54..1556459.68 rows=10000054 width=20)
                     Sort Key: s_2.a, s_2.b
                     ->  Seq Scan on s_2  (cost=0.00..163695.54 rows=10000054 width=20)
(7 rows)

===== 159 [Wed Mar  7 08:34:47 CET 2018] scale:10000000 groups:100 work_mem:128MB incremental:off max_workers:0 =====
SELECT * FROM (SELECT * FROM s_3 ORDER BY a, b, c) foo ORDER BY a, b, c, d LIMIT 100000
                                       QUERY PLAN                                       
----------------------------------------------------------------------------------------
 Limit  (cost=2538196.99..2538196.99 rows=1 width=20)
   ->  Limit  (cost=2536946.99..2537196.99 rows=100000 width=20)
         ->  Sort  (cost=2536946.99..2561947.13 rows=10000054 width=20)
               Sort Key: s_3.a, s_3.b, s_3.c, s_3.d
               ->  Sort  (cost=1531459.54..1556459.68 rows=10000054 width=20)
                     Sort Key: s_3.a, s_3.b, s_3.c
                     ->  Seq Scan on s_3  (cost=0.00..163695.54 rows=10000054 width=20)
(7 rows)

===== 160 [Wed Mar  7 08:35:06 CET 2018] scale:10000000 groups:100 work_mem:128MB incremental:off max_workers:0 =====
SELECT * FROM (SELECT * FROM s_4 ORDER BY a, b, c, d) foo ORDER BY a, b, c, d, e LIMIT 100000
                                      QUERY PLAN                                       
---------------------------------------------------------------------------------------
 Limit  (cost=2538166.58..2538166.58 rows=1 width=20)
   ->  Limit  (cost=2536916.58..2537166.58 rows=100000 width=20)
         ->  Sort  (cost=2536916.58..2561916.43 rows=9999939 width=20)
               Sort Key: s_4.a, s_4.b, s_4.c, s_4.d, s_4.e
               ->  Sort  (cost=1531440.69..1556440.54 rows=9999939 width=20)
                     Sort Key: s_4.a, s_4.b, s_4.c, s_4.d
                     ->  Seq Scan on s_4  (cost=0.00..163694.39 rows=9999939 width=20)
(7 rows)

===== 161 [Wed Mar  7 08:35:26 CET 2018] scale:10000000 groups:100 work_mem:256MB incremental:on max_workers:0 =====
SELECT * FROM (SELECT * FROM s_1 ORDER BY a) foo ORDER BY a, b LIMIT 100000
                                      QUERY PLAN                                       
---------------------------------------------------------------------------------------
 Limit  (cost=1543644.71..1543644.71 rows=1 width=20)
   ->  Limit  (cost=1540893.74..1542644.71 rows=100000 width=20)
         ->  Incremental Sort  (cost=1540893.74..1715989.28 rows=9999939 width=20)
               Sort Key: s_1.a, s_1.b
               Presorted Key: s_1.a
               ->  Sort  (cost=1531440.69..1556440.54 rows=9999939 width=20)
                     Sort Key: s_1.a
                     ->  Seq Scan on s_1  (cost=0.00..163694.39 rows=9999939 width=20)
(8 rows)

===== 162 [Wed Mar  7 08:35:37 CET 2018] scale:10000000 groups:100 work_mem:256MB incremental:on max_workers:0 =====
SELECT * FROM (SELECT * FROM s_2 ORDER BY a, b) foo ORDER BY a, b, c LIMIT 100000
                                       QUERY PLAN                                       
----------------------------------------------------------------------------------------
 Limit  (cost=1534334.12..1534334.12 rows=1 width=20)
   ->  Limit  (cost=1531520.50..1533334.12 rows=100000 width=20)
         ->  Incremental Sort  (cost=1531520.50..1712883.05 rows=10000054 width=20)
               Sort Key: s_2.a, s_2.b, s_2.c
               Presorted Key: s_2.a, s_2.b
               ->  Sort  (cost=1531459.54..1556459.68 rows=10000054 width=20)
                     Sort Key: s_2.a, s_2.b
                     ->  Seq Scan on s_2  (cost=0.00..163695.54 rows=10000054 width=20)
(8 rows)

===== 163 [Wed Mar  7 08:35:48 CET 2018] scale:10000000 groups:100 work_mem:256MB incremental:on max_workers:0 =====
SELECT * FROM (SELECT * FROM s_3 ORDER BY a, b, c) foo ORDER BY a, b, c, d LIMIT 100000
                                       QUERY PLAN                                       
----------------------------------------------------------------------------------------
 Limit  (cost=1534438.94..1534438.94 rows=1 width=20)
   ->  Limit  (cost=1531459.83..1533438.94 rows=100000 width=20)
         ->  Incremental Sort  (cost=1531459.83..1729371.55 rows=10000054 width=20)
               Sort Key: s_3.a, s_3.b, s_3.c, s_3.d
               Presorted Key: s_3.a, s_3.b, s_3.c
               ->  Sort  (cost=1531459.54..1556459.68 rows=10000054 width=20)
                     Sort Key: s_3.a, s_3.b, s_3.c
                     ->  Seq Scan on s_3  (cost=0.00..163695.54 rows=10000054 width=20)
(8 rows)

===== 164 [Wed Mar  7 08:36:01 CET 2018] scale:10000000 groups:100 work_mem:256MB incremental:on max_workers:0 =====
SELECT * FROM (SELECT * FROM s_4 ORDER BY a, b, c, d) foo ORDER BY a, b, c, d, e LIMIT 100000
                                      QUERY PLAN                                       
---------------------------------------------------------------------------------------
 Limit  (cost=1534420.09..1534420.09 rows=1 width=20)
   ->  Limit  (cost=1531440.98..1533420.09 rows=100000 width=20)
         ->  Incremental Sort  (cost=1531440.98..1729350.47 rows=9999939 width=20)
               Sort Key: s_4.a, s_4.b, s_4.c, s_4.d, s_4.e
               Presorted Key: s_4.a, s_4.b, s_4.c, s_4.d
               ->  Sort  (cost=1531440.69..1556440.54 rows=9999939 width=20)
                     Sort Key: s_4.a, s_4.b, s_4.c, s_4.d
                     ->  Seq Scan on s_4  (cost=0.00..163694.39 rows=9999939 width=20)
(8 rows)

===== 165 [Wed Mar  7 08:36:13 CET 2018] scale:10000000 groups:100 work_mem:256MB incremental:off max_workers:0 =====
SELECT * FROM (SELECT * FROM s_1 ORDER BY a) foo ORDER BY a, b LIMIT 100000
                                      QUERY PLAN                                       
---------------------------------------------------------------------------------------
 Limit  (cost=2538166.58..2538166.58 rows=1 width=20)
   ->  Limit  (cost=2536916.58..2537166.58 rows=100000 width=20)
         ->  Sort  (cost=2536916.58..2561916.43 rows=9999939 width=20)
               Sort Key: s_1.a, s_1.b
               ->  Sort  (cost=1531440.69..1556440.54 rows=9999939 width=20)
                     Sort Key: s_1.a
                     ->  Seq Scan on s_1  (cost=0.00..163694.39 rows=9999939 width=20)
(7 rows)

===== 166 [Wed Mar  7 08:36:31 CET 2018] scale:10000000 groups:100 work_mem:256MB incremental:off max_workers:0 =====
SELECT * FROM (SELECT * FROM s_2 ORDER BY a, b) foo ORDER BY a, b, c LIMIT 100000
                                       QUERY PLAN                                       
----------------------------------------------------------------------------------------
 Limit  (cost=2538196.99..2538196.99 rows=1 width=20)
   ->  Limit  (cost=2536946.99..2537196.99 rows=100000 width=20)
         ->  Sort  (cost=2536946.99..2561947.13 rows=10000054 width=20)
               Sort Key: s_2.a, s_2.b, s_2.c
               ->  Sort  (cost=1531459.54..1556459.68 rows=10000054 width=20)
                     Sort Key: s_2.a, s_2.b
                     ->  Seq Scan on s_2  (cost=0.00..163695.54 rows=10000054 width=20)
(7 rows)

===== 167 [Wed Mar  7 08:36:50 CET 2018] scale:10000000 groups:100 work_mem:256MB incremental:off max_workers:0 =====
SELECT * FROM (SELECT * FROM s_3 ORDER BY a, b, c) foo ORDER BY a, b, c, d LIMIT 100000
                                       QUERY PLAN                                       
----------------------------------------------------------------------------------------
 Limit  (cost=2538196.99..2538196.99 rows=1 width=20)
   ->  Limit  (cost=2536946.99..2537196.99 rows=100000 width=20)
         ->  Sort  (cost=2536946.99..2561947.13 rows=10000054 width=20)
               Sort Key: s_3.a, s_3.b, s_3.c, s_3.d
               ->  Sort  (cost=1531459.54..1556459.68 rows=10000054 width=20)
                     Sort Key: s_3.a, s_3.b, s_3.c
                     ->  Seq Scan on s_3  (cost=0.00..163695.54 rows=10000054 width=20)
(7 rows)

===== 168 [Wed Mar  7 08:37:09 CET 2018] scale:10000000 groups:100 work_mem:256MB incremental:off max_workers:0 =====
SELECT * FROM (SELECT * FROM s_4 ORDER BY a, b, c, d) foo ORDER BY a, b, c, d, e LIMIT 100000
                                      QUERY PLAN                                       
---------------------------------------------------------------------------------------
 Limit  (cost=2538166.58..2538166.58 rows=1 width=20)
   ->  Limit  (cost=2536916.58..2537166.58 rows=100000 width=20)
         ->  Sort  (cost=2536916.58..2561916.43 rows=9999939 width=20)
               Sort Key: s_4.a, s_4.b, s_4.c, s_4.d, s_4.e
               ->  Sort  (cost=1531440.69..1556440.54 rows=9999939 width=20)
                     Sort Key: s_4.a, s_4.b, s_4.c, s_4.d
                     ->  Seq Scan on s_4  (cost=0.00..163694.39 rows=9999939 width=20)
(7 rows)

===== 169 [Wed Mar  7 08:37:29 CET 2018] scale:10000000 groups:100 work_mem:4MB incremental:on max_workers:2 =====
SELECT * FROM (SELECT * FROM s_1 ORDER BY a) foo ORDER BY a, b LIMIT 100000
                                              QUERY PLAN                                              
------------------------------------------------------------------------------------------------------
 Limit  (cost=755374.15..755374.15 rows=1 width=20)
   ->  Limit  (cost=752580.39..754374.15 rows=100000 width=20)
         ->  Incremental Sort  (cost=752580.39..902059.12 rows=8333282 width=20)
               Sort Key: s_1.a, s_1.b
               Presorted Key: s_1.a
               ->  Gather Merge  (cost=735391.06..1707675.17 rows=8333282 width=20)
                     Workers Planned: 2
                     ->  Sort  (cost=734391.04..744807.64 rows=4166641 width=20)
                           Sort Key: s_1.a
                           ->  Parallel Seq Scan on s_1  (cost=0.00..105361.41 rows=4166641 width=20)
(10 rows)

===== 170 [Wed Mar  7 08:37:35 CET 2018] scale:10000000 groups:100 work_mem:4MB incremental:on max_workers:2 =====
SELECT * FROM (SELECT * FROM s_2 ORDER BY a, b) foo ORDER BY a, b, c LIMIT 100000
                                              QUERY PLAN                                              
------------------------------------------------------------------------------------------------------
 Limit  (cost=738507.95..738507.95 rows=1 width=20)
   ->  Limit  (cost=735547.16..737507.95 rows=100000 width=20)
         ->  Incremental Sort  (cost=735547.16..898946.80 rows=8333378 width=20)
               Sort Key: s_2.a, s_2.b, s_2.c
               Presorted Key: s_2.a, s_2.b
               ->  Gather Merge  (cost=735404.16..1707699.48 rows=8333378 width=20)
                     Workers Planned: 2
                     ->  Sort  (cost=734404.14..744820.86 rows=4166689 width=20)
                           Sort Key: s_2.a, s_2.b
                           ->  Parallel Seq Scan on s_2  (cost=0.00..105361.89 rows=4166689 width=20)
(10 rows)

===== 171 [Wed Mar  7 08:37:41 CET 2018] scale:10000000 groups:100 work_mem:4MB incremental:on max_workers:2 =====
SELECT * FROM (SELECT * FROM s_3 ORDER BY a, b, c) foo ORDER BY a, b, c, d LIMIT 100000
                                              QUERY PLAN                                              
------------------------------------------------------------------------------------------------------
 Limit  (cost=738527.52..738527.52 rows=1 width=20)
   ->  Limit  (cost=735405.60..737527.52 rows=100000 width=20)
         ->  Incremental Sort  (cost=735405.60..912233.48 rows=8333378 width=20)
               Sort Key: s_3.a, s_3.b, s_3.c, s_3.d
               Presorted Key: s_3.a, s_3.b, s_3.c
               ->  Gather Merge  (cost=735404.16..1707699.48 rows=8333378 width=20)
                     Workers Planned: 2
                     ->  Sort  (cost=734404.14..744820.86 rows=4166689 width=20)
                           Sort Key: s_3.a, s_3.b, s_3.c
                           ->  Parallel Seq Scan on s_3  (cost=0.00..105361.89 rows=4166689 width=20)
(10 rows)

===== 172 [Wed Mar  7 08:37:47 CET 2018] scale:10000000 groups:100 work_mem:4MB incremental:on max_workers:2 =====
SELECT * FROM (SELECT * FROM s_4 ORDER BY a, b, c, d) foo ORDER BY a, b, c, d, e LIMIT 100000
                                              QUERY PLAN                                              
------------------------------------------------------------------------------------------------------
 Limit  (cost=738514.42..738514.42 rows=1 width=20)
   ->  Limit  (cost=735392.49..737514.42 rows=100000 width=20)
         ->  Incremental Sort  (cost=735392.49..912218.50 rows=8333282 width=20)
               Sort Key: s_4.a, s_4.b, s_4.c, s_4.d, s_4.e
               Presorted Key: s_4.a, s_4.b, s_4.c, s_4.d
               ->  Gather Merge  (cost=735391.06..1707675.17 rows=8333282 width=20)
                     Workers Planned: 2
                     ->  Sort  (cost=734391.04..744807.64 rows=4166641 width=20)
                           Sort Key: s_4.a, s_4.b, s_4.c, s_4.d
                           ->  Parallel Seq Scan on s_4  (cost=0.00..105361.41 rows=4166641 width=20)
(10 rows)

===== 173 [Wed Mar  7 08:37:53 CET 2018] scale:10000000 groups:100 work_mem:4MB incremental:off max_workers:2 =====
SELECT * FROM (SELECT * FROM s_1 ORDER BY a) foo ORDER BY a, b LIMIT 100000
                                              QUERY PLAN                                              
------------------------------------------------------------------------------------------------------
 Limit  (cost=3091983.65..3091983.65 rows=1 width=20)
   ->  Limit  (cost=3090733.65..3090983.65 rows=100000 width=20)
         ->  Sort  (cost=3090733.65..3111566.86 rows=8333282 width=20)
               Sort Key: s_1.a, s_1.b
               ->  Gather Merge  (cost=735391.06..1707675.17 rows=8333282 width=20)
                     Workers Planned: 2
                     ->  Sort  (cost=734391.04..744807.64 rows=4166641 width=20)
                           Sort Key: s_1.a
                           ->  Parallel Seq Scan on s_1  (cost=0.00..105361.41 rows=4166641 width=20)
(9 rows)

===== 174 [Wed Mar  7 08:38:31 CET 2018] scale:10000000 groups:100 work_mem:4MB incremental:off max_workers:2 =====
SELECT * FROM (SELECT * FROM s_2 ORDER BY a, b) foo ORDER BY a, b, c LIMIT 100000
                                              QUERY PLAN                                              
------------------------------------------------------------------------------------------------------
 Limit  (cost=3092027.64..3092027.64 rows=1 width=20)
   ->  Limit  (cost=3090777.64..3091027.64 rows=100000 width=20)
         ->  Sort  (cost=3090777.64..3111611.09 rows=8333378 width=20)
               Sort Key: s_2.a, s_2.b, s_2.c
               ->  Gather Merge  (cost=735404.16..1707699.48 rows=8333378 width=20)
                     Workers Planned: 2
                     ->  Sort  (cost=734404.14..744820.86 rows=4166689 width=20)
                           Sort Key: s_2.a, s_2.b
                           ->  Parallel Seq Scan on s_2  (cost=0.00..105361.89 rows=4166689 width=20)
(9 rows)

===== 175 [Wed Mar  7 08:39:17 CET 2018] scale:10000000 groups:100 work_mem:4MB incremental:off max_workers:2 =====
SELECT * FROM (SELECT * FROM s_3 ORDER BY a, b, c) foo ORDER BY a, b, c, d LIMIT 100000
                                              QUERY PLAN                                              
------------------------------------------------------------------------------------------------------
 Limit  (cost=3092027.64..3092027.64 rows=1 width=20)
   ->  Limit  (cost=3090777.64..3091027.64 rows=100000 width=20)
         ->  Sort  (cost=3090777.64..3111611.09 rows=8333378 width=20)
               Sort Key: s_3.a, s_3.b, s_3.c, s_3.d
               ->  Gather Merge  (cost=735404.16..1707699.48 rows=8333378 width=20)
                     Workers Planned: 2
                     ->  Sort  (cost=734404.14..744820.86 rows=4166689 width=20)
                           Sort Key: s_3.a, s_3.b, s_3.c
                           ->  Parallel Seq Scan on s_3  (cost=0.00..105361.89 rows=4166689 width=20)
(9 rows)

===== 176 [Wed Mar  7 08:40:10 CET 2018] scale:10000000 groups:100 work_mem:4MB incremental:off max_workers:2 =====
SELECT * FROM (SELECT * FROM s_4 ORDER BY a, b, c, d) foo ORDER BY a, b, c, d, e LIMIT 100000
                                              QUERY PLAN                                              
------------------------------------------------------------------------------------------------------
 Limit  (cost=3091983.65..3091983.65 rows=1 width=20)
   ->  Limit  (cost=3090733.65..3090983.65 rows=100000 width=20)
         ->  Sort  (cost=3090733.65..3111566.86 rows=8333282 width=20)
               Sort Key: s_4.a, s_4.b, s_4.c, s_4.d, s_4.e
               ->  Gather Merge  (cost=735391.06..1707675.17 rows=8333282 width=20)
                     Workers Planned: 2
                     ->  Sort  (cost=734391.04..744807.64 rows=4166641 width=20)
                           Sort Key: s_4.a, s_4.b, s_4.c, s_4.d
                           ->  Parallel Seq Scan on s_4  (cost=0.00..105361.41 rows=4166641 width=20)
(9 rows)

===== 177 [Wed Mar  7 08:40:58 CET 2018] scale:10000000 groups:100 work_mem:8MB incremental:on max_workers:2 =====
SELECT * FROM (SELECT * FROM s_1 ORDER BY a) foo ORDER BY a, b LIMIT 100000
                                              QUERY PLAN                                              
------------------------------------------------------------------------------------------------------
 Limit  (cost=669925.15..669925.15 rows=1 width=20)
   ->  Limit  (cost=667131.39..668925.15 rows=100000 width=20)
         ->  Incremental Sort  (cost=667131.39..816610.12 rows=8333282 width=20)
               Sort Key: s_1.a, s_1.b
               Presorted Key: s_1.a
               ->  Gather Merge  (cost=649942.06..1622226.17 rows=8333282 width=20)
                     Workers Planned: 2
                     ->  Sort  (cost=648942.04..659358.64 rows=4166641 width=20)
                           Sort Key: s_1.a
                           ->  Parallel Seq Scan on s_1  (cost=0.00..105361.41 rows=4166641 width=20)
(10 rows)

===== 178 [Wed Mar  7 08:41:03 CET 2018] scale:10000000 groups:100 work_mem:8MB incremental:on max_workers:2 =====
SELECT * FROM (SELECT * FROM s_2 ORDER BY a, b) foo ORDER BY a, b, c LIMIT 100000
                                              QUERY PLAN                                              
------------------------------------------------------------------------------------------------------
 Limit  (cost=653055.45..653055.45 rows=1 width=20)
   ->  Limit  (cost=650094.66..652055.45 rows=100000 width=20)
         ->  Incremental Sort  (cost=650094.66..813494.30 rows=8333378 width=20)
               Sort Key: s_2.a, s_2.b, s_2.c
               Presorted Key: s_2.a, s_2.b
               ->  Gather Merge  (cost=649951.66..1622246.98 rows=8333378 width=20)
                     Workers Planned: 2
                     ->  Sort  (cost=648951.64..659368.36 rows=4166689 width=20)
                           Sort Key: s_2.a, s_2.b
                           ->  Parallel Seq Scan on s_2  (cost=0.00..105361.89 rows=4166689 width=20)
(10 rows)

===== 179 [Wed Mar  7 08:41:07 CET 2018] scale:10000000 groups:100 work_mem:8MB incremental:on max_workers:2 =====
SELECT * FROM (SELECT * FROM s_3 ORDER BY a, b, c) foo ORDER BY a, b, c, d LIMIT 100000
                                              QUERY PLAN                                              
------------------------------------------------------------------------------------------------------
 Limit  (cost=653075.02..653075.02 rows=1 width=20)
   ->  Limit  (cost=649953.10..652075.02 rows=100000 width=20)
         ->  Incremental Sort  (cost=649953.10..826780.98 rows=8333378 width=20)
               Sort Key: s_3.a, s_3.b, s_3.c, s_3.d
               Presorted Key: s_3.a, s_3.b, s_3.c
               ->  Gather Merge  (cost=649951.66..1622246.98 rows=8333378 width=20)
                     Workers Planned: 2
                     ->  Sort  (cost=648951.64..659368.36 rows=4166689 width=20)
                           Sort Key: s_3.a, s_3.b, s_3.c
                           ->  Parallel Seq Scan on s_3  (cost=0.00..105361.89 rows=4166689 width=20)
(10 rows)

===== 180 [Wed Mar  7 08:41:12 CET 2018] scale:10000000 groups:100 work_mem:8MB incremental:on max_workers:2 =====
SELECT * FROM (SELECT * FROM s_4 ORDER BY a, b, c, d) foo ORDER BY a, b, c, d, e LIMIT 100000
                                              QUERY PLAN                                              
------------------------------------------------------------------------------------------------------
 Limit  (cost=653065.42..653065.42 rows=1 width=20)
   ->  Limit  (cost=649943.49..652065.42 rows=100000 width=20)
         ->  Incremental Sort  (cost=649943.49..826769.50 rows=8333282 width=20)
               Sort Key: s_4.a, s_4.b, s_4.c, s_4.d, s_4.e
               Presorted Key: s_4.a, s_4.b, s_4.c, s_4.d
               ->  Gather Merge  (cost=649942.06..1622226.17 rows=8333282 width=20)
                     Workers Planned: 2
                     ->  Sort  (cost=648942.04..659358.64 rows=4166641 width=20)
                           Sort Key: s_4.a, s_4.b, s_4.c, s_4.d
                           ->  Parallel Seq Scan on s_4  (cost=0.00..105361.41 rows=4166641 width=20)
(10 rows)

===== 181 [Wed Mar  7 08:41:17 CET 2018] scale:10000000 groups:100 work_mem:8MB incremental:off max_workers:2 =====
SELECT * FROM (SELECT * FROM s_1 ORDER BY a) foo ORDER BY a, b LIMIT 100000
                                              QUERY PLAN                                              
------------------------------------------------------------------------------------------------------
 Limit  (cost=2440539.49..2440539.49 rows=1 width=20)
   ->  Limit  (cost=2439289.49..2439539.49 rows=100000 width=20)
         ->  Sort  (cost=2439289.49..2460122.70 rows=8333282 width=20)
               Sort Key: s_1.a, s_1.b
               ->  Gather Merge  (cost=649942.06..1622226.17 rows=8333282 width=20)
                     Workers Planned: 2
                     ->  Sort  (cost=648942.04..659358.64 rows=4166641 width=20)
                           Sort Key: s_1.a
                           ->  Parallel Seq Scan on s_1  (cost=0.00..105361.41 rows=4166641 width=20)
(9 rows)

===== 182 [Wed Mar  7 08:41:50 CET 2018] scale:10000000 groups:100 work_mem:8MB incremental:off max_workers:2 =====
SELECT * FROM (SELECT * FROM s_2 ORDER BY a, b) foo ORDER BY a, b, c LIMIT 100000
                                              QUERY PLAN                                              
------------------------------------------------------------------------------------------------------
 Limit  (cost=2440569.71..2440569.71 rows=1 width=20)
   ->  Limit  (cost=2439319.71..2439569.71 rows=100000 width=20)
         ->  Sort  (cost=2439319.71..2460153.16 rows=8333378 width=20)
               Sort Key: s_2.a, s_2.b, s_2.c
               ->  Gather Merge  (cost=649951.66..1622246.98 rows=8333378 width=20)
                     Workers Planned: 2
                     ->  Sort  (cost=648951.64..659368.36 rows=4166689 width=20)
                           Sort Key: s_2.a, s_2.b
                           ->  Parallel Seq Scan on s_2  (cost=0.00..105361.89 rows=4166689 width=20)
(9 rows)

===== 183 [Wed Mar  7 08:42:32 CET 2018] scale:10000000 groups:100 work_mem:8MB incremental:off max_workers:2 =====
SELECT * FROM (SELECT * FROM s_3 ORDER BY a, b, c) foo ORDER BY a, b, c, d LIMIT 100000
                                              QUERY PLAN                                              
------------------------------------------------------------------------------------------------------
 Limit  (cost=2440569.71..2440569.71 rows=1 width=20)
   ->  Limit  (cost=2439319.71..2439569.71 rows=100000 width=20)
         ->  Sort  (cost=2439319.71..2460153.16 rows=8333378 width=20)
               Sort Key: s_3.a, s_3.b, s_3.c, s_3.d
               ->  Gather Merge  (cost=649951.66..1622246.98 rows=8333378 width=20)
                     Workers Planned: 2
                     ->  Sort  (cost=648951.64..659368.36 rows=4166689 width=20)
                           Sort Key: s_3.a, s_3.b, s_3.c
                           ->  Parallel Seq Scan on s_3  (cost=0.00..105361.89 rows=4166689 width=20)
(9 rows)

===== 184 [Wed Mar  7 08:43:19 CET 2018] scale:10000000 groups:100 work_mem:8MB incremental:off max_workers:2 =====
SELECT * FROM (SELECT * FROM s_4 ORDER BY a, b, c, d) foo ORDER BY a, b, c, d, e LIMIT 100000
                                              QUERY PLAN                                              
------------------------------------------------------------------------------------------------------
 Limit  (cost=2440539.49..2440539.49 rows=1 width=20)
   ->  Limit  (cost=2439289.49..2439539.49 rows=100000 width=20)
         ->  Sort  (cost=2439289.49..2460122.70 rows=8333282 width=20)
               Sort Key: s_4.a, s_4.b, s_4.c, s_4.d, s_4.e
               ->  Gather Merge  (cost=649942.06..1622226.17 rows=8333282 width=20)
                     Workers Planned: 2
                     ->  Sort  (cost=648942.04..659358.64 rows=4166641 width=20)
                           Sort Key: s_4.a, s_4.b, s_4.c, s_4.d
                           ->  Parallel Seq Scan on s_4  (cost=0.00..105361.41 rows=4166641 width=20)
(9 rows)

===== 185 [Wed Mar  7 08:44:03 CET 2018] scale:10000000 groups:100 work_mem:16MB incremental:on max_workers:2 =====
SELECT * FROM (SELECT * FROM s_1 ORDER BY a) foo ORDER BY a, b LIMIT 100000
                                              QUERY PLAN                                              
------------------------------------------------------------------------------------------------------
 Limit  (cost=671526.07..671526.07 rows=1 width=20)
   ->  Limit  (cost=668774.16..670526.07 rows=100000 width=20)
         ->  Incremental Sort  (cost=668774.16..843963.55 rows=9999939 width=20)
               Sort Key: s_1.a, s_1.b
               Presorted Key: s_1.a
               ->  Gather Merge  (cost=649942.06..1622226.17 rows=8333282 width=20)
                     Workers Planned: 2
                     ->  Sort  (cost=648942.04..659358.64 rows=4166641 width=20)
                           Sort Key: s_1.a
                           ->  Parallel Seq Scan on s_1  (cost=0.00..105361.41 rows=4166641 width=20)
(10 rows)

===== 186 [Wed Mar  7 08:44:07 CET 2018] scale:10000000 groups:100 work_mem:16MB incremental:on max_workers:2 =====
SELECT * FROM (SELECT * FROM s_2 ORDER BY a, b) foo ORDER BY a, b, c LIMIT 100000
                                              QUERY PLAN                                              
------------------------------------------------------------------------------------------------------
 Limit  (cost=653012.90..653012.90 rows=1 width=20)
   ->  Limit  (cost=650105.49..652012.90 rows=100000 width=20)
         ->  Incremental Sort  (cost=650105.49..840848.07 rows=10000054 width=20)
               Sort Key: s_2.a, s_2.b, s_2.c
               Presorted Key: s_2.a, s_2.b
               ->  Gather Merge  (cost=649951.66..1622246.98 rows=8333378 width=20)
                     Workers Planned: 2
                     ->  Sort  (cost=648951.64..659368.36 rows=4166689 width=20)
                           Sort Key: s_2.a, s_2.b
                           ->  Parallel Seq Scan on s_2  (cost=0.00..105361.89 rows=4166689 width=20)
(10 rows)

===== 187 [Wed Mar  7 08:44:11 CET 2018] scale:10000000 groups:100 work_mem:16MB incremental:on max_workers:2 =====
SELECT * FROM (SELECT * FROM s_3 ORDER BY a, b, c) foo ORDER BY a, b, c, d LIMIT 100000
                                              QUERY PLAN                                              
------------------------------------------------------------------------------------------------------
 Limit  (cost=653026.73..653026.73 rows=1 width=20)
   ->  Limit  (cost=649952.90..652026.73 rows=100000 width=20)
         ->  Incremental Sort  (cost=649952.90..857336.57 rows=10000054 width=20)
               Sort Key: s_3.a, s_3.b, s_3.c, s_3.d
               Presorted Key: s_3.a, s_3.b, s_3.c
               ->  Gather Merge  (cost=649951.66..1622246.98 rows=8333378 width=20)
                     Workers Planned: 2
                     ->  Sort  (cost=648951.64..659368.36 rows=4166689 width=20)
                           Sort Key: s_3.a, s_3.b, s_3.c
                           ->  Parallel Seq Scan on s_3  (cost=0.00..105361.89 rows=4166689 width=20)
(10 rows)

===== 188 [Wed Mar  7 08:44:15 CET 2018] scale:10000000 groups:100 work_mem:16MB incremental:on max_workers:2 =====
SELECT * FROM (SELECT * FROM s_4 ORDER BY a, b, c, d) foo ORDER BY a, b, c, d, e LIMIT 100000
                                              QUERY PLAN                                              
------------------------------------------------------------------------------------------------------
 Limit  (cost=653017.12..653017.12 rows=1 width=20)
   ->  Limit  (cost=649943.30..652017.12 rows=100000 width=20)
         ->  Incremental Sort  (cost=649943.30..857324.74 rows=9999939 width=20)
               Sort Key: s_4.a, s_4.b, s_4.c, s_4.d, s_4.e
               Presorted Key: s_4.a, s_4.b, s_4.c, s_4.d
               ->  Gather Merge  (cost=649942.06..1622226.17 rows=8333282 width=20)
                     Workers Planned: 2
                     ->  Sort  (cost=648942.04..659358.64 rows=4166641 width=20)
                           Sort Key: s_4.a, s_4.b, s_4.c, s_4.d
                           ->  Parallel Seq Scan on s_4  (cost=0.00..105361.41 rows=4166641 width=20)
(10 rows)

===== 189 [Wed Mar  7 08:44:19 CET 2018] scale:10000000 groups:100 work_mem:16MB incremental:off max_workers:2 =====
SELECT * FROM (SELECT * FROM s_1 ORDER BY a) foo ORDER BY a, b LIMIT 100000
                                      QUERY PLAN                                       
---------------------------------------------------------------------------------------
 Limit  (cost=2538166.58..2538166.58 rows=1 width=20)
   ->  Limit  (cost=2536916.58..2537166.58 rows=100000 width=20)
         ->  Sort  (cost=2536916.58..2561916.43 rows=9999939 width=20)
               Sort Key: s_1.a, s_1.b
               ->  Sort  (cost=1531440.69..1556440.54 rows=9999939 width=20)
                     Sort Key: s_1.a
                     ->  Seq Scan on s_1  (cost=0.00..163694.39 rows=9999939 width=20)
(7 rows)

===== 190 [Wed Mar  7 08:44:52 CET 2018] scale:10000000 groups:100 work_mem:16MB incremental:off max_workers:2 =====
SELECT * FROM (SELECT * FROM s_2 ORDER BY a, b) foo ORDER BY a, b, c LIMIT 100000
                                       QUERY PLAN                                       
----------------------------------------------------------------------------------------
 Limit  (cost=2538196.99..2538196.99 rows=1 width=20)
   ->  Limit  (cost=2536946.99..2537196.99 rows=100000 width=20)
         ->  Sort  (cost=2536946.99..2561947.13 rows=10000054 width=20)
               Sort Key: s_2.a, s_2.b, s_2.c
               ->  Sort  (cost=1531459.54..1556459.68 rows=10000054 width=20)
                     Sort Key: s_2.a, s_2.b
                     ->  Seq Scan on s_2  (cost=0.00..163695.54 rows=10000054 width=20)
(7 rows)

===== 191 [Wed Mar  7 08:45:31 CET 2018] scale:10000000 groups:100 work_mem:16MB incremental:off max_workers:2 =====
SELECT * FROM (SELECT * FROM s_3 ORDER BY a, b, c) foo ORDER BY a, b, c, d LIMIT 100000
                                       QUERY PLAN                                       
----------------------------------------------------------------------------------------
 Limit  (cost=2538196.99..2538196.99 rows=1 width=20)
   ->  Limit  (cost=2536946.99..2537196.99 rows=100000 width=20)
         ->  Sort  (cost=2536946.99..2561947.13 rows=10000054 width=20)
               Sort Key: s_3.a, s_3.b, s_3.c, s_3.d
               ->  Sort  (cost=1531459.54..1556459.68 rows=10000054 width=20)
                     Sort Key: s_3.a, s_3.b, s_3.c
                     ->  Seq Scan on s_3  (cost=0.00..163695.54 rows=10000054 width=20)
(7 rows)

===== 192 [Wed Mar  7 08:46:15 CET 2018] scale:10000000 groups:100 work_mem:16MB incremental:off max_workers:2 =====
SELECT * FROM (SELECT * FROM s_4 ORDER BY a, b, c, d) foo ORDER BY a, b, c, d, e LIMIT 100000
                                      QUERY PLAN                                       
---------------------------------------------------------------------------------------
 Limit  (cost=2538166.58..2538166.58 rows=1 width=20)
   ->  Limit  (cost=2536916.58..2537166.58 rows=100000 width=20)
         ->  Sort  (cost=2536916.58..2561916.43 rows=9999939 width=20)
               Sort Key: s_4.a, s_4.b, s_4.c, s_4.d, s_4.e
               ->  Sort  (cost=1531440.69..1556440.54 rows=9999939 width=20)
                     Sort Key: s_4.a, s_4.b, s_4.c, s_4.d
                     ->  Seq Scan on s_4  (cost=0.00..163694.39 rows=9999939 width=20)
(7 rows)

===== 193 [Wed Mar  7 08:46:56 CET 2018] scale:10000000 groups:100 work_mem:32MB incremental:on max_workers:2 =====
SELECT * FROM (SELECT * FROM s_1 ORDER BY a) foo ORDER BY a, b LIMIT 100000
                                              QUERY PLAN                                              
------------------------------------------------------------------------------------------------------
 Limit  (cost=671526.07..671526.07 rows=1 width=20)
   ->  Limit  (cost=668774.16..670526.07 rows=100000 width=20)
         ->  Incremental Sort  (cost=668774.16..843963.55 rows=9999939 width=20)
               Sort Key: s_1.a, s_1.b
               Presorted Key: s_1.a
               ->  Gather Merge  (cost=649942.06..1622226.17 rows=8333282 width=20)
                     Workers Planned: 2
                     ->  Sort  (cost=648942.04..659358.64 rows=4166641 width=20)
                           Sort Key: s_1.a
                           ->  Parallel Seq Scan on s_1  (cost=0.00..105361.41 rows=4166641 width=20)
(10 rows)

===== 194 [Wed Mar  7 08:47:00 CET 2018] scale:10000000 groups:100 work_mem:32MB incremental:on max_workers:2 =====
SELECT * FROM (SELECT * FROM s_2 ORDER BY a, b) foo ORDER BY a, b, c LIMIT 100000
                                              QUERY PLAN                                              
------------------------------------------------------------------------------------------------------
 Limit  (cost=653012.90..653012.90 rows=1 width=20)
   ->  Limit  (cost=650105.49..652012.90 rows=100000 width=20)
         ->  Incremental Sort  (cost=650105.49..840848.07 rows=10000054 width=20)
               Sort Key: s_2.a, s_2.b, s_2.c
               Presorted Key: s_2.a, s_2.b
               ->  Gather Merge  (cost=649951.66..1622246.98 rows=8333378 width=20)
                     Workers Planned: 2
                     ->  Sort  (cost=648951.64..659368.36 rows=4166689 width=20)
                           Sort Key: s_2.a, s_2.b
                           ->  Parallel Seq Scan on s_2  (cost=0.00..105361.89 rows=4166689 width=20)
(10 rows)

===== 195 [Wed Mar  7 08:47:04 CET 2018] scale:10000000 groups:100 work_mem:32MB incremental:on max_workers:2 =====
SELECT * FROM (SELECT * FROM s_3 ORDER BY a, b, c) foo ORDER BY a, b, c, d LIMIT 100000
                                              QUERY PLAN                                              
------------------------------------------------------------------------------------------------------
 Limit  (cost=653026.73..653026.73 rows=1 width=20)
   ->  Limit  (cost=649952.90..652026.73 rows=100000 width=20)
         ->  Incremental Sort  (cost=649952.90..857336.57 rows=10000054 width=20)
               Sort Key: s_3.a, s_3.b, s_3.c, s_3.d
               Presorted Key: s_3.a, s_3.b, s_3.c
               ->  Gather Merge  (cost=649951.66..1622246.98 rows=8333378 width=20)
                     Workers Planned: 2
                     ->  Sort  (cost=648951.64..659368.36 rows=4166689 width=20)
                           Sort Key: s_3.a, s_3.b, s_3.c
                           ->  Parallel Seq Scan on s_3  (cost=0.00..105361.89 rows=4166689 width=20)
(10 rows)

===== 196 [Wed Mar  7 08:47:09 CET 2018] scale:10000000 groups:100 work_mem:32MB incremental:on max_workers:2 =====
SELECT * FROM (SELECT * FROM s_4 ORDER BY a, b, c, d) foo ORDER BY a, b, c, d, e LIMIT 100000
                                              QUERY PLAN                                              
------------------------------------------------------------------------------------------------------
 Limit  (cost=653017.12..653017.12 rows=1 width=20)
   ->  Limit  (cost=649943.30..652017.12 rows=100000 width=20)
         ->  Incremental Sort  (cost=649943.30..857324.74 rows=9999939 width=20)
               Sort Key: s_4.a, s_4.b, s_4.c, s_4.d, s_4.e
               Presorted Key: s_4.a, s_4.b, s_4.c, s_4.d
               ->  Gather Merge  (cost=649942.06..1622226.17 rows=8333282 width=20)
                     Workers Planned: 2
                     ->  Sort  (cost=648942.04..659358.64 rows=4166641 width=20)
                           Sort Key: s_4.a, s_4.b, s_4.c, s_4.d
                           ->  Parallel Seq Scan on s_4  (cost=0.00..105361.41 rows=4166641 width=20)
(10 rows)

===== 197 [Wed Mar  7 08:47:13 CET 2018] scale:10000000 groups:100 work_mem:32MB incremental:off max_workers:2 =====
SELECT * FROM (SELECT * FROM s_1 ORDER BY a) foo ORDER BY a, b LIMIT 100000
                                      QUERY PLAN                                       
---------------------------------------------------------------------------------------
 Limit  (cost=2538166.58..2538166.58 rows=1 width=20)
   ->  Limit  (cost=2536916.58..2537166.58 rows=100000 width=20)
         ->  Sort  (cost=2536916.58..2561916.43 rows=9999939 width=20)
               Sort Key: s_1.a, s_1.b
               ->  Sort  (cost=1531440.69..1556440.54 rows=9999939 width=20)
                     Sort Key: s_1.a
                     ->  Seq Scan on s_1  (cost=0.00..163694.39 rows=9999939 width=20)
(7 rows)

===== 198 [Wed Mar  7 08:47:30 CET 2018] scale:10000000 groups:100 work_mem:32MB incremental:off max_workers:2 =====
SELECT * FROM (SELECT * FROM s_2 ORDER BY a, b) foo ORDER BY a, b, c LIMIT 100000
                                       QUERY PLAN                                       
----------------------------------------------------------------------------------------
 Limit  (cost=2538196.99..2538196.99 rows=1 width=20)
   ->  Limit  (cost=2536946.99..2537196.99 rows=100000 width=20)
         ->  Sort  (cost=2536946.99..2561947.13 rows=10000054 width=20)
               Sort Key: s_2.a, s_2.b, s_2.c
               ->  Sort  (cost=1531459.54..1556459.68 rows=10000054 width=20)
                     Sort Key: s_2.a, s_2.b
                     ->  Seq Scan on s_2  (cost=0.00..163695.54 rows=10000054 width=20)
(7 rows)

===== 199 [Wed Mar  7 08:47:48 CET 2018] scale:10000000 groups:100 work_mem:32MB incremental:off max_workers:2 =====
SELECT * FROM (SELECT * FROM s_3 ORDER BY a, b, c) foo ORDER BY a, b, c, d LIMIT 100000
                                       QUERY PLAN                                       
----------------------------------------------------------------------------------------
 Limit  (cost=2538196.99..2538196.99 rows=1 width=20)
   ->  Limit  (cost=2536946.99..2537196.99 rows=100000 width=20)
         ->  Sort  (cost=2536946.99..2561947.13 rows=10000054 width=20)
               Sort Key: s_3.a, s_3.b, s_3.c, s_3.d
               ->  Sort  (cost=1531459.54..1556459.68 rows=10000054 width=20)
                     Sort Key: s_3.a, s_3.b, s_3.c
                     ->  Seq Scan on s_3  (cost=0.00..163695.54 rows=10000054 width=20)
(7 rows)

===== 200 [Wed Mar  7 08:48:06 CET 2018] scale:10000000 groups:100 work_mem:32MB incremental:off max_workers:2 =====
SELECT * FROM (SELECT * FROM s_4 ORDER BY a, b, c, d) foo ORDER BY a, b, c, d, e LIMIT 100000
                                      QUERY PLAN                                       
---------------------------------------------------------------------------------------
 Limit  (cost=2538166.58..2538166.58 rows=1 width=20)
   ->  Limit  (cost=2536916.58..2537166.58 rows=100000 width=20)
         ->  Sort  (cost=2536916.58..2561916.43 rows=9999939 width=20)
               Sort Key: s_4.a, s_4.b, s_4.c, s_4.d, s_4.e
               ->  Sort  (cost=1531440.69..1556440.54 rows=9999939 width=20)
                     Sort Key: s_4.a, s_4.b, s_4.c, s_4.d
                     ->  Seq Scan on s_4  (cost=0.00..163694.39 rows=9999939 width=20)
(7 rows)

===== 201 [Wed Mar  7 08:48:25 CET 2018] scale:10000000 groups:100 work_mem:64MB incremental:on max_workers:2 =====
SELECT * FROM (SELECT * FROM s_1 ORDER BY a) foo ORDER BY a, b LIMIT 100000
                                              QUERY PLAN                                              
------------------------------------------------------------------------------------------------------
 Limit  (cost=671526.07..671526.07 rows=1 width=20)
   ->  Limit  (cost=668774.16..670526.07 rows=100000 width=20)
         ->  Incremental Sort  (cost=668774.16..843963.55 rows=9999939 width=20)
               Sort Key: s_1.a, s_1.b
               Presorted Key: s_1.a
               ->  Gather Merge  (cost=649942.06..1622226.17 rows=8333282 width=20)
                     Workers Planned: 2
                     ->  Sort  (cost=648942.04..659358.64 rows=4166641 width=20)
                           Sort Key: s_1.a
                           ->  Parallel Seq Scan on s_1  (cost=0.00..105361.41 rows=4166641 width=20)
(10 rows)

===== 202 [Wed Mar  7 08:48:29 CET 2018] scale:10000000 groups:100 work_mem:64MB incremental:on max_workers:2 =====
SELECT * FROM (SELECT * FROM s_2 ORDER BY a, b) foo ORDER BY a, b, c LIMIT 100000
                                              QUERY PLAN                                              
------------------------------------------------------------------------------------------------------
 Limit  (cost=653012.90..653012.90 rows=1 width=20)
   ->  Limit  (cost=650105.49..652012.90 rows=100000 width=20)
         ->  Incremental Sort  (cost=650105.49..840848.07 rows=10000054 width=20)
               Sort Key: s_2.a, s_2.b, s_2.c
               Presorted Key: s_2.a, s_2.b
               ->  Gather Merge  (cost=649951.66..1622246.98 rows=8333378 width=20)
                     Workers Planned: 2
                     ->  Sort  (cost=648951.64..659368.36 rows=4166689 width=20)
                           Sort Key: s_2.a, s_2.b
                           ->  Parallel Seq Scan on s_2  (cost=0.00..105361.89 rows=4166689 width=20)
(10 rows)

===== 203 [Wed Mar  7 08:48:33 CET 2018] scale:10000000 groups:100 work_mem:64MB incremental:on max_workers:2 =====
SELECT * FROM (SELECT * FROM s_3 ORDER BY a, b, c) foo ORDER BY a, b, c, d LIMIT 100000
                                              QUERY PLAN                                              
------------------------------------------------------------------------------------------------------
 Limit  (cost=653026.73..653026.73 rows=1 width=20)
   ->  Limit  (cost=649952.90..652026.73 rows=100000 width=20)
         ->  Incremental Sort  (cost=649952.90..857336.57 rows=10000054 width=20)
               Sort Key: s_3.a, s_3.b, s_3.c, s_3.d
               Presorted Key: s_3.a, s_3.b, s_3.c
               ->  Gather Merge  (cost=649951.66..1622246.98 rows=8333378 width=20)
                     Workers Planned: 2
                     ->  Sort  (cost=648951.64..659368.36 rows=4166689 width=20)
                           Sort Key: s_3.a, s_3.b, s_3.c
                           ->  Parallel Seq Scan on s_3  (cost=0.00..105361.89 rows=4166689 width=20)
(10 rows)

===== 204 [Wed Mar  7 08:48:38 CET 2018] scale:10000000 groups:100 work_mem:64MB incremental:on max_workers:2 =====
SELECT * FROM (SELECT * FROM s_4 ORDER BY a, b, c, d) foo ORDER BY a, b, c, d, e LIMIT 100000
                                              QUERY PLAN                                              
------------------------------------------------------------------------------------------------------
 Limit  (cost=653017.12..653017.12 rows=1 width=20)
   ->  Limit  (cost=649943.30..652017.12 rows=100000 width=20)
         ->  Incremental Sort  (cost=649943.30..857324.74 rows=9999939 width=20)
               Sort Key: s_4.a, s_4.b, s_4.c, s_4.d, s_4.e
               Presorted Key: s_4.a, s_4.b, s_4.c, s_4.d
               ->  Gather Merge  (cost=649942.06..1622226.17 rows=8333282 width=20)
                     Workers Planned: 2
                     ->  Sort  (cost=648942.04..659358.64 rows=4166641 width=20)
                           Sort Key: s_4.a, s_4.b, s_4.c, s_4.d
                           ->  Parallel Seq Scan on s_4  (cost=0.00..105361.41 rows=4166641 width=20)
(10 rows)

===== 205 [Wed Mar  7 08:48:43 CET 2018] scale:10000000 groups:100 work_mem:64MB incremental:off max_workers:2 =====
SELECT * FROM (SELECT * FROM s_1 ORDER BY a) foo ORDER BY a, b LIMIT 100000
                                      QUERY PLAN                                       
---------------------------------------------------------------------------------------
 Limit  (cost=2538166.58..2538166.58 rows=1 width=20)
   ->  Limit  (cost=2536916.58..2537166.58 rows=100000 width=20)
         ->  Sort  (cost=2536916.58..2561916.43 rows=9999939 width=20)
               Sort Key: s_1.a, s_1.b
               ->  Sort  (cost=1531440.69..1556440.54 rows=9999939 width=20)
                     Sort Key: s_1.a
                     ->  Seq Scan on s_1  (cost=0.00..163694.39 rows=9999939 width=20)
(7 rows)

===== 206 [Wed Mar  7 08:49:00 CET 2018] scale:10000000 groups:100 work_mem:64MB incremental:off max_workers:2 =====
SELECT * FROM (SELECT * FROM s_2 ORDER BY a, b) foo ORDER BY a, b, c LIMIT 100000
                                       QUERY PLAN                                       
----------------------------------------------------------------------------------------
 Limit  (cost=2538196.99..2538196.99 rows=1 width=20)
   ->  Limit  (cost=2536946.99..2537196.99 rows=100000 width=20)
         ->  Sort  (cost=2536946.99..2561947.13 rows=10000054 width=20)
               Sort Key: s_2.a, s_2.b, s_2.c
               ->  Sort  (cost=1531459.54..1556459.68 rows=10000054 width=20)
                     Sort Key: s_2.a, s_2.b
                     ->  Seq Scan on s_2  (cost=0.00..163695.54 rows=10000054 width=20)
(7 rows)

===== 207 [Wed Mar  7 08:49:18 CET 2018] scale:10000000 groups:100 work_mem:64MB incremental:off max_workers:2 =====
SELECT * FROM (SELECT * FROM s_3 ORDER BY a, b, c) foo ORDER BY a, b, c, d LIMIT 100000
                                       QUERY PLAN                                       
----------------------------------------------------------------------------------------
 Limit  (cost=2538196.99..2538196.99 rows=1 width=20)
   ->  Limit  (cost=2536946.99..2537196.99 rows=100000 width=20)
         ->  Sort  (cost=2536946.99..2561947.13 rows=10000054 width=20)
               Sort Key: s_3.a, s_3.b, s_3.c, s_3.d
               ->  Sort  (cost=1531459.54..1556459.68 rows=10000054 width=20)
                     Sort Key: s_3.a, s_3.b, s_3.c
                     ->  Seq Scan on s_3  (cost=0.00..163695.54 rows=10000054 width=20)
(7 rows)

===== 208 [Wed Mar  7 08:49:36 CET 2018] scale:10000000 groups:100 work_mem:64MB incremental:off max_workers:2 =====
SELECT * FROM (SELECT * FROM s_4 ORDER BY a, b, c, d) foo ORDER BY a, b, c, d, e LIMIT 100000
                                      QUERY PLAN                                       
---------------------------------------------------------------------------------------
 Limit  (cost=2538166.58..2538166.58 rows=1 width=20)
   ->  Limit  (cost=2536916.58..2537166.58 rows=100000 width=20)
         ->  Sort  (cost=2536916.58..2561916.43 rows=9999939 width=20)
               Sort Key: s_4.a, s_4.b, s_4.c, s_4.d, s_4.e
               ->  Sort  (cost=1531440.69..1556440.54 rows=9999939 width=20)
                     Sort Key: s_4.a, s_4.b, s_4.c, s_4.d
                     ->  Seq Scan on s_4  (cost=0.00..163694.39 rows=9999939 width=20)
(7 rows)

===== 209 [Wed Mar  7 08:49:55 CET 2018] scale:10000000 groups:100 work_mem:128MB incremental:on max_workers:2 =====
SELECT * FROM (SELECT * FROM s_1 ORDER BY a) foo ORDER BY a, b LIMIT 100000
                                              QUERY PLAN                                              
------------------------------------------------------------------------------------------------------
 Limit  (cost=671526.07..671526.07 rows=1 width=20)
   ->  Limit  (cost=668774.16..670526.07 rows=100000 width=20)
         ->  Incremental Sort  (cost=668774.16..843963.55 rows=9999939 width=20)
               Sort Key: s_1.a, s_1.b
               Presorted Key: s_1.a
               ->  Gather Merge  (cost=649942.06..1622226.17 rows=8333282 width=20)
                     Workers Planned: 2
                     ->  Sort  (cost=648942.04..659358.64 rows=4166641 width=20)
                           Sort Key: s_1.a
                           ->  Parallel Seq Scan on s_1  (cost=0.00..105361.41 rows=4166641 width=20)
(10 rows)

===== 210 [Wed Mar  7 08:50:00 CET 2018] scale:10000000 groups:100 work_mem:128MB incremental:on max_workers:2 =====
SELECT * FROM (SELECT * FROM s_2 ORDER BY a, b) foo ORDER BY a, b, c LIMIT 100000
                                              QUERY PLAN                                              
------------------------------------------------------------------------------------------------------
 Limit  (cost=653012.90..653012.90 rows=1 width=20)
   ->  Limit  (cost=650105.49..652012.90 rows=100000 width=20)
         ->  Incremental Sort  (cost=650105.49..840848.07 rows=10000054 width=20)
               Sort Key: s_2.a, s_2.b, s_2.c
               Presorted Key: s_2.a, s_2.b
               ->  Gather Merge  (cost=649951.66..1622246.98 rows=8333378 width=20)
                     Workers Planned: 2
                     ->  Sort  (cost=648951.64..659368.36 rows=4166689 width=20)
                           Sort Key: s_2.a, s_2.b
                           ->  Parallel Seq Scan on s_2  (cost=0.00..105361.89 rows=4166689 width=20)
(10 rows)

===== 211 [Wed Mar  7 08:50:05 CET 2018] scale:10000000 groups:100 work_mem:128MB incremental:on max_workers:2 =====
SELECT * FROM (SELECT * FROM s_3 ORDER BY a, b, c) foo ORDER BY a, b, c, d LIMIT 100000
                                              QUERY PLAN                                              
------------------------------------------------------------------------------------------------------
 Limit  (cost=653026.73..653026.73 rows=1 width=20)
   ->  Limit  (cost=649952.90..652026.73 rows=100000 width=20)
         ->  Incremental Sort  (cost=649952.90..857336.57 rows=10000054 width=20)
               Sort Key: s_3.a, s_3.b, s_3.c, s_3.d
               Presorted Key: s_3.a, s_3.b, s_3.c
               ->  Gather Merge  (cost=649951.66..1622246.98 rows=8333378 width=20)
                     Workers Planned: 2
                     ->  Sort  (cost=648951.64..659368.36 rows=4166689 width=20)
                           Sort Key: s_3.a, s_3.b, s_3.c
                           ->  Parallel Seq Scan on s_3  (cost=0.00..105361.89 rows=4166689 width=20)
(10 rows)

===== 212 [Wed Mar  7 08:50:10 CET 2018] scale:10000000 groups:100 work_mem:128MB incremental:on max_workers:2 =====
SELECT * FROM (SELECT * FROM s_4 ORDER BY a, b, c, d) foo ORDER BY a, b, c, d, e LIMIT 100000
                                              QUERY PLAN                                              
------------------------------------------------------------------------------------------------------
 Limit  (cost=653017.12..653017.12 rows=1 width=20)
   ->  Limit  (cost=649943.30..652017.12 rows=100000 width=20)
         ->  Incremental Sort  (cost=649943.30..857324.74 rows=9999939 width=20)
               Sort Key: s_4.a, s_4.b, s_4.c, s_4.d, s_4.e
               Presorted Key: s_4.a, s_4.b, s_4.c, s_4.d
               ->  Gather Merge  (cost=649942.06..1622226.17 rows=8333282 width=20)
                     Workers Planned: 2
                     ->  Sort  (cost=648942.04..659358.64 rows=4166641 width=20)
                           Sort Key: s_4.a, s_4.b, s_4.c, s_4.d
                           ->  Parallel Seq Scan on s_4  (cost=0.00..105361.41 rows=4166641 width=20)
(10 rows)

===== 213 [Wed Mar  7 08:50:15 CET 2018] scale:10000000 groups:100 work_mem:128MB incremental:off max_workers:2 =====
SELECT * FROM (SELECT * FROM s_1 ORDER BY a) foo ORDER BY a, b LIMIT 100000
                                      QUERY PLAN                                       
---------------------------------------------------------------------------------------
 Limit  (cost=2538166.58..2538166.58 rows=1 width=20)
   ->  Limit  (cost=2536916.58..2537166.58 rows=100000 width=20)
         ->  Sort  (cost=2536916.58..2561916.43 rows=9999939 width=20)
               Sort Key: s_1.a, s_1.b
               ->  Sort  (cost=1531440.69..1556440.54 rows=9999939 width=20)
                     Sort Key: s_1.a
                     ->  Seq Scan on s_1  (cost=0.00..163694.39 rows=9999939 width=20)
(7 rows)

===== 214 [Wed Mar  7 08:50:32 CET 2018] scale:10000000 groups:100 work_mem:128MB incremental:off max_workers:2 =====
SELECT * FROM (SELECT * FROM s_2 ORDER BY a, b) foo ORDER BY a, b, c LIMIT 100000
                                       QUERY PLAN                                       
----------------------------------------------------------------------------------------
 Limit  (cost=2538196.99..2538196.99 rows=1 width=20)
   ->  Limit  (cost=2536946.99..2537196.99 rows=100000 width=20)
         ->  Sort  (cost=2536946.99..2561947.13 rows=10000054 width=20)
               Sort Key: s_2.a, s_2.b, s_2.c
               ->  Sort  (cost=1531459.54..1556459.68 rows=10000054 width=20)
                     Sort Key: s_2.a, s_2.b
                     ->  Seq Scan on s_2  (cost=0.00..163695.54 rows=10000054 width=20)
(7 rows)

===== 215 [Wed Mar  7 08:50:51 CET 2018] scale:10000000 groups:100 work_mem:128MB incremental:off max_workers:2 =====
SELECT * FROM (SELECT * FROM s_3 ORDER BY a, b, c) foo ORDER BY a, b, c, d LIMIT 100000
                                       QUERY PLAN                                       
----------------------------------------------------------------------------------------
 Limit  (cost=2538196.99..2538196.99 rows=1 width=20)
   ->  Limit  (cost=2536946.99..2537196.99 rows=100000 width=20)
         ->  Sort  (cost=2536946.99..2561947.13 rows=10000054 width=20)
               Sort Key: s_3.a, s_3.b, s_3.c, s_3.d
               ->  Sort  (cost=1531459.54..1556459.68 rows=10000054 width=20)
                     Sort Key: s_3.a, s_3.b, s_3.c
                     ->  Seq Scan on s_3  (cost=0.00..163695.54 rows=10000054 width=20)
(7 rows)

===== 216 [Wed Mar  7 08:51:10 CET 2018] scale:10000000 groups:100 work_mem:128MB incremental:off max_workers:2 =====
SELECT * FROM (SELECT * FROM s_4 ORDER BY a, b, c, d) foo ORDER BY a, b, c, d, e LIMIT 100000
                                      QUERY PLAN                                       
---------------------------------------------------------------------------------------
 Limit  (cost=2538166.58..2538166.58 rows=1 width=20)
   ->  Limit  (cost=2536916.58..2537166.58 rows=100000 width=20)
         ->  Sort  (cost=2536916.58..2561916.43 rows=9999939 width=20)
               Sort Key: s_4.a, s_4.b, s_4.c, s_4.d, s_4.e
               ->  Sort  (cost=1531440.69..1556440.54 rows=9999939 width=20)
                     Sort Key: s_4.a, s_4.b, s_4.c, s_4.d
                     ->  Seq Scan on s_4  (cost=0.00..163694.39 rows=9999939 width=20)
(7 rows)

===== 217 [Wed Mar  7 08:51:29 CET 2018] scale:10000000 groups:100 work_mem:256MB incremental:on max_workers:2 =====
SELECT * FROM (SELECT * FROM s_1 ORDER BY a) foo ORDER BY a, b LIMIT 100000
                                              QUERY PLAN                                              
------------------------------------------------------------------------------------------------------
 Limit  (cost=584476.15..584476.15 rows=1 width=20)
   ->  Limit  (cost=581682.39..583476.15 rows=100000 width=20)
         ->  Incremental Sort  (cost=581682.39..731161.12 rows=8333282 width=20)
               Sort Key: s_1.a, s_1.b
               Presorted Key: s_1.a
               ->  Gather Merge  (cost=564493.06..1536777.17 rows=8333282 width=20)
                     Workers Planned: 2
                     ->  Sort  (cost=563493.04..573909.64 rows=4166641 width=20)
                           Sort Key: s_1.a
                           ->  Parallel Seq Scan on s_1  (cost=0.00..105361.41 rows=4166641 width=20)
(10 rows)

===== 218 [Wed Mar  7 08:51:34 CET 2018] scale:10000000 groups:100 work_mem:256MB incremental:on max_workers:2 =====
SELECT * FROM (SELECT * FROM s_2 ORDER BY a, b) foo ORDER BY a, b, c LIMIT 100000
                                              QUERY PLAN                                              
------------------------------------------------------------------------------------------------------
 Limit  (cost=567602.95..567602.95 rows=1 width=20)
   ->  Limit  (cost=564642.16..566602.95 rows=100000 width=20)
         ->  Incremental Sort  (cost=564642.16..728041.80 rows=8333378 width=20)
               Sort Key: s_2.a, s_2.b, s_2.c
               Presorted Key: s_2.a, s_2.b
               ->  Gather Merge  (cost=564499.16..1536794.48 rows=8333378 width=20)
                     Workers Planned: 2
                     ->  Sort  (cost=563499.14..573915.86 rows=4166689 width=20)
                           Sort Key: s_2.a, s_2.b
                           ->  Parallel Seq Scan on s_2  (cost=0.00..105361.89 rows=4166689 width=20)
(10 rows)

===== 219 [Wed Mar  7 08:51:39 CET 2018] scale:10000000 groups:100 work_mem:256MB incremental:on max_workers:2 =====
SELECT * FROM (SELECT * FROM s_3 ORDER BY a, b, c) foo ORDER BY a, b, c, d LIMIT 100000
                                              QUERY PLAN                                              
------------------------------------------------------------------------------------------------------
 Limit  (cost=567622.52..567622.52 rows=1 width=20)
   ->  Limit  (cost=564500.60..566622.52 rows=100000 width=20)
         ->  Incremental Sort  (cost=564500.60..741328.48 rows=8333378 width=20)
               Sort Key: s_3.a, s_3.b, s_3.c, s_3.d
               Presorted Key: s_3.a, s_3.b, s_3.c
               ->  Gather Merge  (cost=564499.16..1536794.48 rows=8333378 width=20)
                     Workers Planned: 2
                     ->  Sort  (cost=563499.14..573915.86 rows=4166689 width=20)
                           Sort Key: s_3.a, s_3.b, s_3.c
                           ->  Parallel Seq Scan on s_3  (cost=0.00..105361.89 rows=4166689 width=20)
(10 rows)

===== 220 [Wed Mar  7 08:51:44 CET 2018] scale:10000000 groups:100 work_mem:256MB incremental:on max_workers:2 =====
SELECT * FROM (SELECT * FROM s_4 ORDER BY a, b, c, d) foo ORDER BY a, b, c, d, e LIMIT 100000
                                              QUERY PLAN                                              
------------------------------------------------------------------------------------------------------
 Limit  (cost=567616.42..567616.42 rows=1 width=20)
   ->  Limit  (cost=564494.49..566616.42 rows=100000 width=20)
         ->  Incremental Sort  (cost=564494.49..741320.50 rows=8333282 width=20)
               Sort Key: s_4.a, s_4.b, s_4.c, s_4.d, s_4.e
               Presorted Key: s_4.a, s_4.b, s_4.c, s_4.d
               ->  Gather Merge  (cost=564493.06..1536777.17 rows=8333282 width=20)
                     Workers Planned: 2
                     ->  Sort  (cost=563493.04..573909.64 rows=4166641 width=20)
                           Sort Key: s_4.a, s_4.b, s_4.c, s_4.d
                           ->  Parallel Seq Scan on s_4  (cost=0.00..105361.41 rows=4166641 width=20)
(10 rows)

===== 221 [Wed Mar  7 08:51:49 CET 2018] scale:10000000 groups:100 work_mem:256MB incremental:off max_workers:2 =====
SELECT * FROM (SELECT * FROM s_1 ORDER BY a) foo ORDER BY a, b LIMIT 100000
                                              QUERY PLAN                                              
------------------------------------------------------------------------------------------------------
 Limit  (cost=2355090.49..2355090.49 rows=1 width=20)
   ->  Limit  (cost=2353840.49..2354090.49 rows=100000 width=20)
         ->  Sort  (cost=2353840.49..2374673.70 rows=8333282 width=20)
               Sort Key: s_1.a, s_1.b
               ->  Gather Merge  (cost=564493.06..1536777.17 rows=8333282 width=20)
                     Workers Planned: 2
                     ->  Sort  (cost=563493.04..573909.64 rows=4166641 width=20)
                           Sort Key: s_1.a
                           ->  Parallel Seq Scan on s_1  (cost=0.00..105361.41 rows=4166641 width=20)
(9 rows)

===== 222 [Wed Mar  7 08:52:05 CET 2018] scale:10000000 groups:100 work_mem:256MB incremental:off max_workers:2 =====
SELECT * FROM (SELECT * FROM s_2 ORDER BY a, b) foo ORDER BY a, b, c LIMIT 100000
                                              QUERY PLAN                                              
------------------------------------------------------------------------------------------------------
 Limit  (cost=2355117.21..2355117.21 rows=1 width=20)
   ->  Limit  (cost=2353867.21..2354117.21 rows=100000 width=20)
         ->  Sort  (cost=2353867.21..2374700.66 rows=8333378 width=20)
               Sort Key: s_2.a, s_2.b, s_2.c
               ->  Gather Merge  (cost=564499.16..1536794.48 rows=8333378 width=20)
                     Workers Planned: 2
                     ->  Sort  (cost=563499.14..573915.86 rows=4166689 width=20)
                           Sort Key: s_2.a, s_2.b
                           ->  Parallel Seq Scan on s_2  (cost=0.00..105361.89 rows=4166689 width=20)
(9 rows)

===== 223 [Wed Mar  7 08:52:21 CET 2018] scale:10000000 groups:100 work_mem:256MB incremental:off max_workers:2 =====
SELECT * FROM (SELECT * FROM s_3 ORDER BY a, b, c) foo ORDER BY a, b, c, d LIMIT 100000
                                              QUERY PLAN                                              
------------------------------------------------------------------------------------------------------
 Limit  (cost=2355117.21..2355117.21 rows=1 width=20)
   ->  Limit  (cost=2353867.21..2354117.21 rows=100000 width=20)
         ->  Sort  (cost=2353867.21..2374700.66 rows=8333378 width=20)
               Sort Key: s_3.a, s_3.b, s_3.c, s_3.d
               ->  Gather Merge  (cost=564499.16..1536794.48 rows=8333378 width=20)
                     Workers Planned: 2
                     ->  Sort  (cost=563499.14..573915.86 rows=4166689 width=20)
                           Sort Key: s_3.a, s_3.b, s_3.c
                           ->  Parallel Seq Scan on s_3  (cost=0.00..105361.89 rows=4166689 width=20)
(9 rows)

===== 224 [Wed Mar  7 08:52:40 CET 2018] scale:10000000 groups:100 work_mem:256MB incremental:off max_workers:2 =====
SELECT * FROM (SELECT * FROM s_4 ORDER BY a, b, c, d) foo ORDER BY a, b, c, d, e LIMIT 100000
                                              QUERY PLAN                                              
------------------------------------------------------------------------------------------------------
 Limit  (cost=2355090.49..2355090.49 rows=1 width=20)
   ->  Limit  (cost=2353840.49..2354090.49 rows=100000 width=20)
         ->  Sort  (cost=2353840.49..2374673.70 rows=8333282 width=20)
               Sort Key: s_4.a, s_4.b, s_4.c, s_4.d, s_4.e
               ->  Gather Merge  (cost=564493.06..1536777.17 rows=8333282 width=20)
                     Workers Planned: 2
                     ->  Sort  (cost=563493.04..573909.64 rows=4166641 width=20)
                           Sort Key: s_4.a, s_4.b, s_4.c, s_4.d
                           ->  Parallel Seq Scan on s_4  (cost=0.00..105361.41 rows=4166641 width=20)
(9 rows)

===== 225 [Wed Mar  7 08:54:02 CET 2018] scale:10000000 groups:1000 work_mem:4MB incremental:on max_workers:0 =====
SELECT * FROM (SELECT * FROM s_1 ORDER BY a) foo ORDER BY a, b LIMIT 100000
                                       QUERY PLAN                                       
----------------------------------------------------------------------------------------
 Limit  (cost=1740151.82..1740151.82 rows=1 width=20)
   ->  Limit  (cost=1737330.57..1739151.82 rows=100000 width=20)
         ->  Incremental Sort  (cost=1737330.57..1919456.15 rows=10000054 width=20)
               Sort Key: s_1.a, s_1.b
               Presorted Key: s_1.a
               ->  Sort  (cost=1736542.04..1761542.18 rows=10000054 width=20)
                     Sort Key: s_1.a
                     ->  Seq Scan on s_1  (cost=0.00..163695.54 rows=10000054 width=20)
(8 rows)

===== 226 [Wed Mar  7 08:54:21 CET 2018] scale:10000000 groups:1000 work_mem:4MB incremental:on max_workers:0 =====
SELECT * FROM (SELECT * FROM s_2 ORDER BY a, b) foo ORDER BY a, b, c LIMIT 100000
                                       QUERY PLAN                                       
----------------------------------------------------------------------------------------
 Limit  (cost=1739521.44..1739521.44 rows=1 width=20)
   ->  Limit  (cost=1736542.33..1738521.44 rows=100000 width=20)
         ->  Incremental Sort  (cost=1736542.33..1934454.05 rows=10000054 width=20)
               Sort Key: s_2.a, s_2.b, s_2.c
               Presorted Key: s_2.a, s_2.b
               ->  Sort  (cost=1736542.04..1761542.18 rows=10000054 width=20)
                     Sort Key: s_2.a, s_2.b
                     ->  Seq Scan on s_2  (cost=0.00..163695.54 rows=10000054 width=20)
(8 rows)

===== 227 [Wed Mar  7 08:54:40 CET 2018] scale:10000000 groups:1000 work_mem:4MB incremental:on max_workers:0 =====
SELECT * FROM (SELECT * FROM s_3 ORDER BY a, b, c) foo ORDER BY a, b, c, d LIMIT 100000
                                       QUERY PLAN                                       
----------------------------------------------------------------------------------------
 Limit  (cost=1739521.44..1739521.44 rows=1 width=20)
   ->  Limit  (cost=1736542.33..1738521.44 rows=100000 width=20)
         ->  Incremental Sort  (cost=1736542.33..1934454.05 rows=10000054 width=20)
               Sort Key: s_3.a, s_3.b, s_3.c, s_3.d
               Presorted Key: s_3.a, s_3.b, s_3.c
               ->  Sort  (cost=1736542.04..1761542.18 rows=10000054 width=20)
                     Sort Key: s_3.a, s_3.b, s_3.c
                     ->  Seq Scan on s_3  (cost=0.00..163695.54 rows=10000054 width=20)
(8 rows)

===== 228 [Wed Mar  7 08:55:00 CET 2018] scale:10000000 groups:1000 work_mem:4MB incremental:on max_workers:0 =====
SELECT * FROM (SELECT * FROM s_4 ORDER BY a, b, c, d) foo ORDER BY a, b, c, d, e LIMIT 100000
                                       QUERY PLAN                                       
----------------------------------------------------------------------------------------
 Limit  (cost=1739521.44..1739521.44 rows=1 width=20)
   ->  Limit  (cost=1736542.33..1738521.44 rows=100000 width=20)
         ->  Incremental Sort  (cost=1736542.33..1934454.05 rows=10000054 width=20)
               Sort Key: s_4.a, s_4.b, s_4.c, s_4.d, s_4.e
               Presorted Key: s_4.a, s_4.b, s_4.c, s_4.d
               ->  Sort  (cost=1736542.04..1761542.18 rows=10000054 width=20)
                     Sort Key: s_4.a, s_4.b, s_4.c, s_4.d
                     ->  Seq Scan on s_4  (cost=0.00..163695.54 rows=10000054 width=20)
(8 rows)

===== 229 [Wed Mar  7 08:55:20 CET 2018] scale:10000000 groups:1000 work_mem:4MB incremental:off max_workers:0 =====
SELECT * FROM (SELECT * FROM s_1 ORDER BY a) foo ORDER BY a, b LIMIT 100000
                                       QUERY PLAN                                       
----------------------------------------------------------------------------------------
 Limit  (cost=3435639.22..3435639.22 rows=1 width=20)
   ->  Limit  (cost=3434389.22..3434639.22 rows=100000 width=20)
         ->  Sort  (cost=3434389.22..3459389.35 rows=10000054 width=20)
               Sort Key: s_1.a, s_1.b
               ->  Sort  (cost=1736542.04..1761542.18 rows=10000054 width=20)
                     Sort Key: s_1.a
                     ->  Seq Scan on s_1  (cost=0.00..163695.54 rows=10000054 width=20)
(7 rows)

===== 230 [Wed Mar  7 08:56:11 CET 2018] scale:10000000 groups:1000 work_mem:4MB incremental:off max_workers:0 =====
SELECT * FROM (SELECT * FROM s_2 ORDER BY a, b) foo ORDER BY a, b, c LIMIT 100000
                                       QUERY PLAN                                       
----------------------------------------------------------------------------------------
 Limit  (cost=3435639.22..3435639.22 rows=1 width=20)
   ->  Limit  (cost=3434389.22..3434639.22 rows=100000 width=20)
         ->  Sort  (cost=3434389.22..3459389.35 rows=10000054 width=20)
               Sort Key: s_2.a, s_2.b, s_2.c
               ->  Sort  (cost=1736542.04..1761542.18 rows=10000054 width=20)
                     Sort Key: s_2.a, s_2.b
                     ->  Seq Scan on s_2  (cost=0.00..163695.54 rows=10000054 width=20)
(7 rows)

===== 231 [Wed Mar  7 08:57:05 CET 2018] scale:10000000 groups:1000 work_mem:4MB incremental:off max_workers:0 =====
SELECT * FROM (SELECT * FROM s_3 ORDER BY a, b, c) foo ORDER BY a, b, c, d LIMIT 100000
                                       QUERY PLAN                                       
----------------------------------------------------------------------------------------
 Limit  (cost=3435639.22..3435639.22 rows=1 width=20)
   ->  Limit  (cost=3434389.22..3434639.22 rows=100000 width=20)
         ->  Sort  (cost=3434389.22..3459389.35 rows=10000054 width=20)
               Sort Key: s_3.a, s_3.b, s_3.c, s_3.d
               ->  Sort  (cost=1736542.04..1761542.18 rows=10000054 width=20)
                     Sort Key: s_3.a, s_3.b, s_3.c
                     ->  Seq Scan on s_3  (cost=0.00..163695.54 rows=10000054 width=20)
(7 rows)

===== 232 [Wed Mar  7 08:57:54 CET 2018] scale:10000000 groups:1000 work_mem:4MB incremental:off max_workers:0 =====
SELECT * FROM (SELECT * FROM s_4 ORDER BY a, b, c, d) foo ORDER BY a, b, c, d, e LIMIT 100000
                                       QUERY PLAN                                       
----------------------------------------------------------------------------------------
 Limit  (cost=3435639.22..3435639.22 rows=1 width=20)
   ->  Limit  (cost=3434389.22..3434639.22 rows=100000 width=20)
         ->  Sort  (cost=3434389.22..3459389.35 rows=10000054 width=20)
               Sort Key: s_4.a, s_4.b, s_4.c, s_4.d, s_4.e
               ->  Sort  (cost=1736542.04..1761542.18 rows=10000054 width=20)
                     Sort Key: s_4.a, s_4.b, s_4.c, s_4.d
                     ->  Seq Scan on s_4  (cost=0.00..163695.54 rows=10000054 width=20)
(7 rows)

===== 233 [Wed Mar  7 08:58:35 CET 2018] scale:10000000 groups:1000 work_mem:8MB incremental:on max_workers:0 =====
SELECT * FROM (SELECT * FROM s_1 ORDER BY a) foo ORDER BY a, b LIMIT 100000
                                       QUERY PLAN                                       
----------------------------------------------------------------------------------------
 Limit  (cost=1740151.82..1740151.82 rows=1 width=20)
   ->  Limit  (cost=1737330.57..1739151.82 rows=100000 width=20)
         ->  Incremental Sort  (cost=1737330.57..1919456.15 rows=10000054 width=20)
               Sort Key: s_1.a, s_1.b
               Presorted Key: s_1.a
               ->  Sort  (cost=1736542.04..1761542.18 rows=10000054 width=20)
                     Sort Key: s_1.a
                     ->  Seq Scan on s_1  (cost=0.00..163695.54 rows=10000054 width=20)
(8 rows)

===== 234 [Wed Mar  7 08:58:49 CET 2018] scale:10000000 groups:1000 work_mem:8MB incremental:on max_workers:0 =====
SELECT * FROM (SELECT * FROM s_2 ORDER BY a, b) foo ORDER BY a, b, c LIMIT 100000
                                       QUERY PLAN                                       
----------------------------------------------------------------------------------------
 Limit  (cost=1739521.44..1739521.44 rows=1 width=20)
   ->  Limit  (cost=1736542.33..1738521.44 rows=100000 width=20)
         ->  Incremental Sort  (cost=1736542.33..1934454.05 rows=10000054 width=20)
               Sort Key: s_2.a, s_2.b, s_2.c
               Presorted Key: s_2.a, s_2.b
               ->  Sort  (cost=1736542.04..1761542.18 rows=10000054 width=20)
                     Sort Key: s_2.a, s_2.b
                     ->  Seq Scan on s_2  (cost=0.00..163695.54 rows=10000054 width=20)
(8 rows)

===== 235 [Wed Mar  7 08:59:04 CET 2018] scale:10000000 groups:1000 work_mem:8MB incremental:on max_workers:0 =====
SELECT * FROM (SELECT * FROM s_3 ORDER BY a, b, c) foo ORDER BY a, b, c, d LIMIT 100000
                                       QUERY PLAN                                       
----------------------------------------------------------------------------------------
 Limit  (cost=1739521.44..1739521.44 rows=1 width=20)
   ->  Limit  (cost=1736542.33..1738521.44 rows=100000 width=20)
         ->  Incremental Sort  (cost=1736542.33..1934454.05 rows=10000054 width=20)
               Sort Key: s_3.a, s_3.b, s_3.c, s_3.d
               Presorted Key: s_3.a, s_3.b, s_3.c
               ->  Sort  (cost=1736542.04..1761542.18 rows=10000054 width=20)
                     Sort Key: s_3.a, s_3.b, s_3.c
                     ->  Seq Scan on s_3  (cost=0.00..163695.54 rows=10000054 width=20)
(8 rows)

===== 236 [Wed Mar  7 08:59:19 CET 2018] scale:10000000 groups:1000 work_mem:8MB incremental:on max_workers:0 =====
SELECT * FROM (SELECT * FROM s_4 ORDER BY a, b, c, d) foo ORDER BY a, b, c, d, e LIMIT 100000
                                       QUERY PLAN                                       
----------------------------------------------------------------------------------------
 Limit  (cost=1739521.44..1739521.44 rows=1 width=20)
   ->  Limit  (cost=1736542.33..1738521.44 rows=100000 width=20)
         ->  Incremental Sort  (cost=1736542.33..1934454.05 rows=10000054 width=20)
               Sort Key: s_4.a, s_4.b, s_4.c, s_4.d, s_4.e
               Presorted Key: s_4.a, s_4.b, s_4.c, s_4.d
               ->  Sort  (cost=1736542.04..1761542.18 rows=10000054 width=20)
                     Sort Key: s_4.a, s_4.b, s_4.c, s_4.d
                     ->  Seq Scan on s_4  (cost=0.00..163695.54 rows=10000054 width=20)
(8 rows)

===== 237 [Wed Mar  7 08:59:35 CET 2018] scale:10000000 groups:1000 work_mem:8MB incremental:off max_workers:0 =====
SELECT * FROM (SELECT * FROM s_1 ORDER BY a) foo ORDER BY a, b LIMIT 100000
                                       QUERY PLAN                                       
----------------------------------------------------------------------------------------
 Limit  (cost=2743279.49..2743279.49 rows=1 width=20)
   ->  Limit  (cost=2742029.49..2742279.49 rows=100000 width=20)
         ->  Sort  (cost=2742029.49..2767029.63 rows=10000054 width=20)
               Sort Key: s_1.a, s_1.b
               ->  Sort  (cost=1736542.04..1761542.18 rows=10000054 width=20)
                     Sort Key: s_1.a
                     ->  Seq Scan on s_1  (cost=0.00..163695.54 rows=10000054 width=20)
(7 rows)

===== 238 [Wed Mar  7 09:00:19 CET 2018] scale:10000000 groups:1000 work_mem:8MB incremental:off max_workers:0 =====
SELECT * FROM (SELECT * FROM s_2 ORDER BY a, b) foo ORDER BY a, b, c LIMIT 100000
                                       QUERY PLAN                                       
----------------------------------------------------------------------------------------
 Limit  (cost=2743279.49..2743279.49 rows=1 width=20)
   ->  Limit  (cost=2742029.49..2742279.49 rows=100000 width=20)
         ->  Sort  (cost=2742029.49..2767029.63 rows=10000054 width=20)
               Sort Key: s_2.a, s_2.b, s_2.c
               ->  Sort  (cost=1736542.04..1761542.18 rows=10000054 width=20)
                     Sort Key: s_2.a, s_2.b
                     ->  Seq Scan on s_2  (cost=0.00..163695.54 rows=10000054 width=20)
(7 rows)

===== 239 [Wed Mar  7 09:01:05 CET 2018] scale:10000000 groups:1000 work_mem:8MB incremental:off max_workers:0 =====
SELECT * FROM (SELECT * FROM s_3 ORDER BY a, b, c) foo ORDER BY a, b, c, d LIMIT 100000
                                       QUERY PLAN                                       
----------------------------------------------------------------------------------------
 Limit  (cost=2743279.49..2743279.49 rows=1 width=20)
   ->  Limit  (cost=2742029.49..2742279.49 rows=100000 width=20)
         ->  Sort  (cost=2742029.49..2767029.63 rows=10000054 width=20)
               Sort Key: s_3.a, s_3.b, s_3.c, s_3.d
               ->  Sort  (cost=1736542.04..1761542.18 rows=10000054 width=20)
                     Sort Key: s_3.a, s_3.b, s_3.c
                     ->  Seq Scan on s_3  (cost=0.00..163695.54 rows=10000054 width=20)
(7 rows)

===== 240 [Wed Mar  7 09:01:45 CET 2018] scale:10000000 groups:1000 work_mem:8MB incremental:off max_workers:0 =====
SELECT * FROM (SELECT * FROM s_4 ORDER BY a, b, c, d) foo ORDER BY a, b, c, d, e LIMIT 100000
                                       QUERY PLAN                                       
----------------------------------------------------------------------------------------
 Limit  (cost=2743279.49..2743279.49 rows=1 width=20)
   ->  Limit  (cost=2742029.49..2742279.49 rows=100000 width=20)
         ->  Sort  (cost=2742029.49..2767029.63 rows=10000054 width=20)
               Sort Key: s_4.a, s_4.b, s_4.c, s_4.d, s_4.e
               ->  Sort  (cost=1736542.04..1761542.18 rows=10000054 width=20)
                     Sort Key: s_4.a, s_4.b, s_4.c, s_4.d
                     ->  Seq Scan on s_4  (cost=0.00..163695.54 rows=10000054 width=20)
(7 rows)

===== 241 [Wed Mar  7 09:02:17 CET 2018] scale:10000000 groups:1000 work_mem:16MB incremental:on max_workers:0 =====
SELECT * FROM (SELECT * FROM s_1 ORDER BY a) foo ORDER BY a, b LIMIT 100000
                                       QUERY PLAN                                       
----------------------------------------------------------------------------------------
 Limit  (cost=1535069.32..1535069.32 rows=1 width=20)
   ->  Limit  (cost=1532248.07..1534069.32 rows=100000 width=20)
         ->  Incremental Sort  (cost=1532248.07..1714373.65 rows=10000054 width=20)
               Sort Key: s_1.a, s_1.b
               Presorted Key: s_1.a
               ->  Sort  (cost=1531459.54..1556459.68 rows=10000054 width=20)
                     Sort Key: s_1.a
                     ->  Seq Scan on s_1  (cost=0.00..163695.54 rows=10000054 width=20)
(8 rows)

===== 242 [Wed Mar  7 09:02:27 CET 2018] scale:10000000 groups:1000 work_mem:16MB incremental:on max_workers:0 =====
SELECT * FROM (SELECT * FROM s_2 ORDER BY a, b) foo ORDER BY a, b, c LIMIT 100000
                                       QUERY PLAN                                       
----------------------------------------------------------------------------------------
 Limit  (cost=1534438.94..1534438.94 rows=1 width=20)
   ->  Limit  (cost=1531459.83..1533438.94 rows=100000 width=20)
         ->  Incremental Sort  (cost=1531459.83..1729371.55 rows=10000054 width=20)
               Sort Key: s_2.a, s_2.b, s_2.c
               Presorted Key: s_2.a, s_2.b
               ->  Sort  (cost=1531459.54..1556459.68 rows=10000054 width=20)
                     Sort Key: s_2.a, s_2.b
                     ->  Seq Scan on s_2  (cost=0.00..163695.54 rows=10000054 width=20)
(8 rows)

===== 243 [Wed Mar  7 09:02:37 CET 2018] scale:10000000 groups:1000 work_mem:16MB incremental:on max_workers:0 =====
SELECT * FROM (SELECT * FROM s_3 ORDER BY a, b, c) foo ORDER BY a, b, c, d LIMIT 100000
                                       QUERY PLAN                                       
----------------------------------------------------------------------------------------
 Limit  (cost=1534438.94..1534438.94 rows=1 width=20)
   ->  Limit  (cost=1531459.83..1533438.94 rows=100000 width=20)
         ->  Incremental Sort  (cost=1531459.83..1729371.55 rows=10000054 width=20)
               Sort Key: s_3.a, s_3.b, s_3.c, s_3.d
               Presorted Key: s_3.a, s_3.b, s_3.c
               ->  Sort  (cost=1531459.54..1556459.68 rows=10000054 width=20)
                     Sort Key: s_3.a, s_3.b, s_3.c
                     ->  Seq Scan on s_3  (cost=0.00..163695.54 rows=10000054 width=20)
(8 rows)

===== 244 [Wed Mar  7 09:02:48 CET 2018] scale:10000000 groups:1000 work_mem:16MB incremental:on max_workers:0 =====
SELECT * FROM (SELECT * FROM s_4 ORDER BY a, b, c, d) foo ORDER BY a, b, c, d, e LIMIT 100000
                                       QUERY PLAN                                       
----------------------------------------------------------------------------------------
 Limit  (cost=1534438.94..1534438.94 rows=1 width=20)
   ->  Limit  (cost=1531459.83..1533438.94 rows=100000 width=20)
         ->  Incremental Sort  (cost=1531459.83..1729371.55 rows=10000054 width=20)
               Sort Key: s_4.a, s_4.b, s_4.c, s_4.d, s_4.e
               Presorted Key: s_4.a, s_4.b, s_4.c, s_4.d
               ->  Sort  (cost=1531459.54..1556459.68 rows=10000054 width=20)
                     Sort Key: s_4.a, s_4.b, s_4.c, s_4.d
                     ->  Seq Scan on s_4  (cost=0.00..163695.54 rows=10000054 width=20)
(8 rows)

===== 245 [Wed Mar  7 09:02:59 CET 2018] scale:10000000 groups:1000 work_mem:16MB incremental:off max_workers:0 =====
SELECT * FROM (SELECT * FROM s_1 ORDER BY a) foo ORDER BY a, b LIMIT 100000
                                       QUERY PLAN                                       
----------------------------------------------------------------------------------------
 Limit  (cost=2538196.99..2538196.99 rows=1 width=20)
   ->  Limit  (cost=2536946.99..2537196.99 rows=100000 width=20)
         ->  Sort  (cost=2536946.99..2561947.13 rows=10000054 width=20)
               Sort Key: s_1.a, s_1.b
               ->  Sort  (cost=1531459.54..1556459.68 rows=10000054 width=20)
                     Sort Key: s_1.a
                     ->  Seq Scan on s_1  (cost=0.00..163695.54 rows=10000054 width=20)
(7 rows)

===== 246 [Wed Mar  7 09:03:35 CET 2018] scale:10000000 groups:1000 work_mem:16MB incremental:off max_workers:0 =====
SELECT * FROM (SELECT * FROM s_2 ORDER BY a, b) foo ORDER BY a, b, c LIMIT 100000
                                       QUERY PLAN                                       
----------------------------------------------------------------------------------------
 Limit  (cost=2538196.99..2538196.99 rows=1 width=20)
   ->  Limit  (cost=2536946.99..2537196.99 rows=100000 width=20)
         ->  Sort  (cost=2536946.99..2561947.13 rows=10000054 width=20)
               Sort Key: s_2.a, s_2.b, s_2.c
               ->  Sort  (cost=1531459.54..1556459.68 rows=10000054 width=20)
                     Sort Key: s_2.a, s_2.b
                     ->  Seq Scan on s_2  (cost=0.00..163695.54 rows=10000054 width=20)
(7 rows)

===== 247 [Wed Mar  7 09:04:13 CET 2018] scale:10000000 groups:1000 work_mem:16MB incremental:off max_workers:0 =====
SELECT * FROM (SELECT * FROM s_3 ORDER BY a, b, c) foo ORDER BY a, b, c, d LIMIT 100000
                                       QUERY PLAN                                       
----------------------------------------------------------------------------------------
 Limit  (cost=2538196.99..2538196.99 rows=1 width=20)
   ->  Limit  (cost=2536946.99..2537196.99 rows=100000 width=20)
         ->  Sort  (cost=2536946.99..2561947.13 rows=10000054 width=20)
               Sort Key: s_3.a, s_3.b, s_3.c, s_3.d
               ->  Sort  (cost=1531459.54..1556459.68 rows=10000054 width=20)
                     Sort Key: s_3.a, s_3.b, s_3.c
                     ->  Seq Scan on s_3  (cost=0.00..163695.54 rows=10000054 width=20)
(7 rows)

===== 248 [Wed Mar  7 09:04:45 CET 2018] scale:10000000 groups:1000 work_mem:16MB incremental:off max_workers:0 =====
SELECT * FROM (SELECT * FROM s_4 ORDER BY a, b, c, d) foo ORDER BY a, b, c, d, e LIMIT 100000
                                       QUERY PLAN                                       
----------------------------------------------------------------------------------------
 Limit  (cost=2538196.99..2538196.99 rows=1 width=20)
   ->  Limit  (cost=2536946.99..2537196.99 rows=100000 width=20)
         ->  Sort  (cost=2536946.99..2561947.13 rows=10000054 width=20)
               Sort Key: s_4.a, s_4.b, s_4.c, s_4.d, s_4.e
               ->  Sort  (cost=1531459.54..1556459.68 rows=10000054 width=20)
                     Sort Key: s_4.a, s_4.b, s_4.c, s_4.d
                     ->  Seq Scan on s_4  (cost=0.00..163695.54 rows=10000054 width=20)
(7 rows)

===== 249 [Wed Mar  7 09:05:08 CET 2018] scale:10000000 groups:1000 work_mem:32MB incremental:on max_workers:0 =====
SELECT * FROM (SELECT * FROM s_1 ORDER BY a) foo ORDER BY a, b LIMIT 100000
                                       QUERY PLAN                                       
----------------------------------------------------------------------------------------
 Limit  (cost=1535069.32..1535069.32 rows=1 width=20)
   ->  Limit  (cost=1532248.07..1534069.32 rows=100000 width=20)
         ->  Incremental Sort  (cost=1532248.07..1714373.65 rows=10000054 width=20)
               Sort Key: s_1.a, s_1.b
               Presorted Key: s_1.a
               ->  Sort  (cost=1531459.54..1556459.68 rows=10000054 width=20)
                     Sort Key: s_1.a
                     ->  Seq Scan on s_1  (cost=0.00..163695.54 rows=10000054 width=20)
(8 rows)

===== 250 [Wed Mar  7 09:05:17 CET 2018] scale:10000000 groups:1000 work_mem:32MB incremental:on max_workers:0 =====
SELECT * FROM (SELECT * FROM s_2 ORDER BY a, b) foo ORDER BY a, b, c LIMIT 100000
                                       QUERY PLAN                                       
----------------------------------------------------------------------------------------
 Limit  (cost=1534438.94..1534438.94 rows=1 width=20)
   ->  Limit  (cost=1531459.83..1533438.94 rows=100000 width=20)
         ->  Incremental Sort  (cost=1531459.83..1729371.55 rows=10000054 width=20)
               Sort Key: s_2.a, s_2.b, s_2.c
               Presorted Key: s_2.a, s_2.b
               ->  Sort  (cost=1531459.54..1556459.68 rows=10000054 width=20)
                     Sort Key: s_2.a, s_2.b
                     ->  Seq Scan on s_2  (cost=0.00..163695.54 rows=10000054 width=20)
(8 rows)

===== 251 [Wed Mar  7 09:05:27 CET 2018] scale:10000000 groups:1000 work_mem:32MB incremental:on max_workers:0 =====
SELECT * FROM (SELECT * FROM s_3 ORDER BY a, b, c) foo ORDER BY a, b, c, d LIMIT 100000
                                       QUERY PLAN                                       
----------------------------------------------------------------------------------------
 Limit  (cost=1534438.94..1534438.94 rows=1 width=20)
   ->  Limit  (cost=1531459.83..1533438.94 rows=100000 width=20)
         ->  Incremental Sort  (cost=1531459.83..1729371.55 rows=10000054 width=20)
               Sort Key: s_3.a, s_3.b, s_3.c, s_3.d
               Presorted Key: s_3.a, s_3.b, s_3.c
               ->  Sort  (cost=1531459.54..1556459.68 rows=10000054 width=20)
                     Sort Key: s_3.a, s_3.b, s_3.c
                     ->  Seq Scan on s_3  (cost=0.00..163695.54 rows=10000054 width=20)
(8 rows)

===== 252 [Wed Mar  7 09:05:38 CET 2018] scale:10000000 groups:1000 work_mem:32MB incremental:on max_workers:0 =====
SELECT * FROM (SELECT * FROM s_4 ORDER BY a, b, c, d) foo ORDER BY a, b, c, d, e LIMIT 100000
                                       QUERY PLAN                                       
----------------------------------------------------------------------------------------
 Limit  (cost=1534438.94..1534438.94 rows=1 width=20)
   ->  Limit  (cost=1531459.83..1533438.94 rows=100000 width=20)
         ->  Incremental Sort  (cost=1531459.83..1729371.55 rows=10000054 width=20)
               Sort Key: s_4.a, s_4.b, s_4.c, s_4.d, s_4.e
               Presorted Key: s_4.a, s_4.b, s_4.c, s_4.d
               ->  Sort  (cost=1531459.54..1556459.68 rows=10000054 width=20)
                     Sort Key: s_4.a, s_4.b, s_4.c, s_4.d
                     ->  Seq Scan on s_4  (cost=0.00..163695.54 rows=10000054 width=20)
(8 rows)

===== 253 [Wed Mar  7 09:05:49 CET 2018] scale:10000000 groups:1000 work_mem:32MB incremental:off max_workers:0 =====
SELECT * FROM (SELECT * FROM s_1 ORDER BY a) foo ORDER BY a, b LIMIT 100000
                                       QUERY PLAN                                       
----------------------------------------------------------------------------------------
 Limit  (cost=2538196.99..2538196.99 rows=1 width=20)
   ->  Limit  (cost=2536946.99..2537196.99 rows=100000 width=20)
         ->  Sort  (cost=2536946.99..2561947.13 rows=10000054 width=20)
               Sort Key: s_1.a, s_1.b
               ->  Sort  (cost=1531459.54..1556459.68 rows=10000054 width=20)
                     Sort Key: s_1.a
                     ->  Seq Scan on s_1  (cost=0.00..163695.54 rows=10000054 width=20)
(7 rows)

===== 254 [Wed Mar  7 09:06:05 CET 2018] scale:10000000 groups:1000 work_mem:32MB incremental:off max_workers:0 =====
SELECT * FROM (SELECT * FROM s_2 ORDER BY a, b) foo ORDER BY a, b, c LIMIT 100000
                                       QUERY PLAN                                       
----------------------------------------------------------------------------------------
 Limit  (cost=2538196.99..2538196.99 rows=1 width=20)
   ->  Limit  (cost=2536946.99..2537196.99 rows=100000 width=20)
         ->  Sort  (cost=2536946.99..2561947.13 rows=10000054 width=20)
               Sort Key: s_2.a, s_2.b, s_2.c
               ->  Sort  (cost=1531459.54..1556459.68 rows=10000054 width=20)
                     Sort Key: s_2.a, s_2.b
                     ->  Seq Scan on s_2  (cost=0.00..163695.54 rows=10000054 width=20)
(7 rows)

===== 255 [Wed Mar  7 09:06:23 CET 2018] scale:10000000 groups:1000 work_mem:32MB incremental:off max_workers:0 =====
SELECT * FROM (SELECT * FROM s_3 ORDER BY a, b, c) foo ORDER BY a, b, c, d LIMIT 100000
                                       QUERY PLAN                                       
----------------------------------------------------------------------------------------
 Limit  (cost=2538196.99..2538196.99 rows=1 width=20)
   ->  Limit  (cost=2536946.99..2537196.99 rows=100000 width=20)
         ->  Sort  (cost=2536946.99..2561947.13 rows=10000054 width=20)
               Sort Key: s_3.a, s_3.b, s_3.c, s_3.d
               ->  Sort  (cost=1531459.54..1556459.68 rows=10000054 width=20)
                     Sort Key: s_3.a, s_3.b, s_3.c
                     ->  Seq Scan on s_3  (cost=0.00..163695.54 rows=10000054 width=20)
(7 rows)

===== 256 [Wed Mar  7 09:06:41 CET 2018] scale:10000000 groups:1000 work_mem:32MB incremental:off max_workers:0 =====
SELECT * FROM (SELECT * FROM s_4 ORDER BY a, b, c, d) foo ORDER BY a, b, c, d, e LIMIT 100000
                                       QUERY PLAN                                       
----------------------------------------------------------------------------------------
 Limit  (cost=2538196.99..2538196.99 rows=1 width=20)
   ->  Limit  (cost=2536946.99..2537196.99 rows=100000 width=20)
         ->  Sort  (cost=2536946.99..2561947.13 rows=10000054 width=20)
               Sort Key: s_4.a, s_4.b, s_4.c, s_4.d, s_4.e
               ->  Sort  (cost=1531459.54..1556459.68 rows=10000054 width=20)
                     Sort Key: s_4.a, s_4.b, s_4.c, s_4.d
                     ->  Seq Scan on s_4  (cost=0.00..163695.54 rows=10000054 width=20)
(7 rows)

===== 257 [Wed Mar  7 09:06:59 CET 2018] scale:10000000 groups:1000 work_mem:64MB incremental:on max_workers:0 =====
SELECT * FROM (SELECT * FROM s_1 ORDER BY a) foo ORDER BY a, b LIMIT 100000
                                       QUERY PLAN                                       
----------------------------------------------------------------------------------------
 Limit  (cost=1535069.32..1535069.32 rows=1 width=20)
   ->  Limit  (cost=1532248.07..1534069.32 rows=100000 width=20)
         ->  Incremental Sort  (cost=1532248.07..1714373.65 rows=10000054 width=20)
               Sort Key: s_1.a, s_1.b
               Presorted Key: s_1.a
               ->  Sort  (cost=1531459.54..1556459.68 rows=10000054 width=20)
                     Sort Key: s_1.a
                     ->  Seq Scan on s_1  (cost=0.00..163695.54 rows=10000054 width=20)
(8 rows)

===== 258 [Wed Mar  7 09:07:09 CET 2018] scale:10000000 groups:1000 work_mem:64MB incremental:on max_workers:0 =====
SELECT * FROM (SELECT * FROM s_2 ORDER BY a, b) foo ORDER BY a, b, c LIMIT 100000
                                       QUERY PLAN                                       
----------------------------------------------------------------------------------------
 Limit  (cost=1534438.94..1534438.94 rows=1 width=20)
   ->  Limit  (cost=1531459.83..1533438.94 rows=100000 width=20)
         ->  Incremental Sort  (cost=1531459.83..1729371.55 rows=10000054 width=20)
               Sort Key: s_2.a, s_2.b, s_2.c
               Presorted Key: s_2.a, s_2.b
               ->  Sort  (cost=1531459.54..1556459.68 rows=10000054 width=20)
                     Sort Key: s_2.a, s_2.b
                     ->  Seq Scan on s_2  (cost=0.00..163695.54 rows=10000054 width=20)
(8 rows)

===== 259 [Wed Mar  7 09:07:19 CET 2018] scale:10000000 groups:1000 work_mem:64MB incremental:on max_workers:0 =====
SELECT * FROM (SELECT * FROM s_3 ORDER BY a, b, c) foo ORDER BY a, b, c, d LIMIT 100000
                                       QUERY PLAN                                       
----------------------------------------------------------------------------------------
 Limit  (cost=1534438.94..1534438.94 rows=1 width=20)
   ->  Limit  (cost=1531459.83..1533438.94 rows=100000 width=20)
         ->  Incremental Sort  (cost=1531459.83..1729371.55 rows=10000054 width=20)
               Sort Key: s_3.a, s_3.b, s_3.c, s_3.d
               Presorted Key: s_3.a, s_3.b, s_3.c
               ->  Sort  (cost=1531459.54..1556459.68 rows=10000054 width=20)
                     Sort Key: s_3.a, s_3.b, s_3.c
                     ->  Seq Scan on s_3  (cost=0.00..163695.54 rows=10000054 width=20)
(8 rows)

===== 260 [Wed Mar  7 09:07:30 CET 2018] scale:10000000 groups:1000 work_mem:64MB incremental:on max_workers:0 =====
SELECT * FROM (SELECT * FROM s_4 ORDER BY a, b, c, d) foo ORDER BY a, b, c, d, e LIMIT 100000
                                       QUERY PLAN                                       
----------------------------------------------------------------------------------------
 Limit  (cost=1534438.94..1534438.94 rows=1 width=20)
   ->  Limit  (cost=1531459.83..1533438.94 rows=100000 width=20)
         ->  Incremental Sort  (cost=1531459.83..1729371.55 rows=10000054 width=20)
               Sort Key: s_4.a, s_4.b, s_4.c, s_4.d, s_4.e
               Presorted Key: s_4.a, s_4.b, s_4.c, s_4.d
               ->  Sort  (cost=1531459.54..1556459.68 rows=10000054 width=20)
                     Sort Key: s_4.a, s_4.b, s_4.c, s_4.d
                     ->  Seq Scan on s_4  (cost=0.00..163695.54 rows=10000054 width=20)
(8 rows)

===== 261 [Wed Mar  7 09:07:41 CET 2018] scale:10000000 groups:1000 work_mem:64MB incremental:off max_workers:0 =====
SELECT * FROM (SELECT * FROM s_1 ORDER BY a) foo ORDER BY a, b LIMIT 100000
                                       QUERY PLAN                                       
----------------------------------------------------------------------------------------
 Limit  (cost=2538196.99..2538196.99 rows=1 width=20)
   ->  Limit  (cost=2536946.99..2537196.99 rows=100000 width=20)
         ->  Sort  (cost=2536946.99..2561947.13 rows=10000054 width=20)
               Sort Key: s_1.a, s_1.b
               ->  Sort  (cost=1531459.54..1556459.68 rows=10000054 width=20)
                     Sort Key: s_1.a
                     ->  Seq Scan on s_1  (cost=0.00..163695.54 rows=10000054 width=20)
(7 rows)

===== 262 [Wed Mar  7 09:07:58 CET 2018] scale:10000000 groups:1000 work_mem:64MB incremental:off max_workers:0 =====
SELECT * FROM (SELECT * FROM s_2 ORDER BY a, b) foo ORDER BY a, b, c LIMIT 100000
                                       QUERY PLAN                                       
----------------------------------------------------------------------------------------
 Limit  (cost=2538196.99..2538196.99 rows=1 width=20)
   ->  Limit  (cost=2536946.99..2537196.99 rows=100000 width=20)
         ->  Sort  (cost=2536946.99..2561947.13 rows=10000054 width=20)
               Sort Key: s_2.a, s_2.b, s_2.c
               ->  Sort  (cost=1531459.54..1556459.68 rows=10000054 width=20)
                     Sort Key: s_2.a, s_2.b
                     ->  Seq Scan on s_2  (cost=0.00..163695.54 rows=10000054 width=20)
(7 rows)

===== 263 [Wed Mar  7 09:08:15 CET 2018] scale:10000000 groups:1000 work_mem:64MB incremental:off max_workers:0 =====
SELECT * FROM (SELECT * FROM s_3 ORDER BY a, b, c) foo ORDER BY a, b, c, d LIMIT 100000
                                       QUERY PLAN                                       
----------------------------------------------------------------------------------------
 Limit  (cost=2538196.99..2538196.99 rows=1 width=20)
   ->  Limit  (cost=2536946.99..2537196.99 rows=100000 width=20)
         ->  Sort  (cost=2536946.99..2561947.13 rows=10000054 width=20)
               Sort Key: s_3.a, s_3.b, s_3.c, s_3.d
               ->  Sort  (cost=1531459.54..1556459.68 rows=10000054 width=20)
                     Sort Key: s_3.a, s_3.b, s_3.c
                     ->  Seq Scan on s_3  (cost=0.00..163695.54 rows=10000054 width=20)
(7 rows)

===== 264 [Wed Mar  7 09:08:34 CET 2018] scale:10000000 groups:1000 work_mem:64MB incremental:off max_workers:0 =====
SELECT * FROM (SELECT * FROM s_4 ORDER BY a, b, c, d) foo ORDER BY a, b, c, d, e LIMIT 100000
                                       QUERY PLAN                                       
----------------------------------------------------------------------------------------
 Limit  (cost=2538196.99..2538196.99 rows=1 width=20)
   ->  Limit  (cost=2536946.99..2537196.99 rows=100000 width=20)
         ->  Sort  (cost=2536946.99..2561947.13 rows=10000054 width=20)
               Sort Key: s_4.a, s_4.b, s_4.c, s_4.d, s_4.e
               ->  Sort  (cost=1531459.54..1556459.68 rows=10000054 width=20)
                     Sort Key: s_4.a, s_4.b, s_4.c, s_4.d
                     ->  Seq Scan on s_4  (cost=0.00..163695.54 rows=10000054 width=20)
(7 rows)

===== 265 [Wed Mar  7 09:08:52 CET 2018] scale:10000000 groups:1000 work_mem:128MB incremental:on max_workers:0 =====
SELECT * FROM (SELECT * FROM s_1 ORDER BY a) foo ORDER BY a, b LIMIT 100000
                                       QUERY PLAN                                       
----------------------------------------------------------------------------------------
 Limit  (cost=1535069.32..1535069.32 rows=1 width=20)
   ->  Limit  (cost=1532248.07..1534069.32 rows=100000 width=20)
         ->  Incremental Sort  (cost=1532248.07..1714373.65 rows=10000054 width=20)
               Sort Key: s_1.a, s_1.b
               Presorted Key: s_1.a
               ->  Sort  (cost=1531459.54..1556459.68 rows=10000054 width=20)
                     Sort Key: s_1.a
                     ->  Seq Scan on s_1  (cost=0.00..163695.54 rows=10000054 width=20)
(8 rows)

===== 266 [Wed Mar  7 09:09:02 CET 2018] scale:10000000 groups:1000 work_mem:128MB incremental:on max_workers:0 =====
SELECT * FROM (SELECT * FROM s_2 ORDER BY a, b) foo ORDER BY a, b, c LIMIT 100000
                                       QUERY PLAN                                       
----------------------------------------------------------------------------------------
 Limit  (cost=1534438.94..1534438.94 rows=1 width=20)
   ->  Limit  (cost=1531459.83..1533438.94 rows=100000 width=20)
         ->  Incremental Sort  (cost=1531459.83..1729371.55 rows=10000054 width=20)
               Sort Key: s_2.a, s_2.b, s_2.c
               Presorted Key: s_2.a, s_2.b
               ->  Sort  (cost=1531459.54..1556459.68 rows=10000054 width=20)
                     Sort Key: s_2.a, s_2.b
                     ->  Seq Scan on s_2  (cost=0.00..163695.54 rows=10000054 width=20)
(8 rows)

===== 267 [Wed Mar  7 09:09:13 CET 2018] scale:10000000 groups:1000 work_mem:128MB incremental:on max_workers:0 =====
SELECT * FROM (SELECT * FROM s_3 ORDER BY a, b, c) foo ORDER BY a, b, c, d LIMIT 100000
                                       QUERY PLAN                                       
----------------------------------------------------------------------------------------
 Limit  (cost=1534438.94..1534438.94 rows=1 width=20)
   ->  Limit  (cost=1531459.83..1533438.94 rows=100000 width=20)
         ->  Incremental Sort  (cost=1531459.83..1729371.55 rows=10000054 width=20)
               Sort Key: s_3.a, s_3.b, s_3.c, s_3.d
               Presorted Key: s_3.a, s_3.b, s_3.c
               ->  Sort  (cost=1531459.54..1556459.68 rows=10000054 width=20)
                     Sort Key: s_3.a, s_3.b, s_3.c
                     ->  Seq Scan on s_3  (cost=0.00..163695.54 rows=10000054 width=20)
(8 rows)

===== 268 [Wed Mar  7 09:09:24 CET 2018] scale:10000000 groups:1000 work_mem:128MB incremental:on max_workers:0 =====
SELECT * FROM (SELECT * FROM s_4 ORDER BY a, b, c, d) foo ORDER BY a, b, c, d, e LIMIT 100000
                                       QUERY PLAN                                       
----------------------------------------------------------------------------------------
 Limit  (cost=1534438.94..1534438.94 rows=1 width=20)
   ->  Limit  (cost=1531459.83..1533438.94 rows=100000 width=20)
         ->  Incremental Sort  (cost=1531459.83..1729371.55 rows=10000054 width=20)
               Sort Key: s_4.a, s_4.b, s_4.c, s_4.d, s_4.e
               Presorted Key: s_4.a, s_4.b, s_4.c, s_4.d
               ->  Sort  (cost=1531459.54..1556459.68 rows=10000054 width=20)
                     Sort Key: s_4.a, s_4.b, s_4.c, s_4.d
                     ->  Seq Scan on s_4  (cost=0.00..163695.54 rows=10000054 width=20)
(8 rows)

===== 269 [Wed Mar  7 09:09:35 CET 2018] scale:10000000 groups:1000 work_mem:128MB incremental:off max_workers:0 =====
SELECT * FROM (SELECT * FROM s_1 ORDER BY a) foo ORDER BY a, b LIMIT 100000
                                       QUERY PLAN                                       
----------------------------------------------------------------------------------------
 Limit  (cost=2538196.99..2538196.99 rows=1 width=20)
   ->  Limit  (cost=2536946.99..2537196.99 rows=100000 width=20)
         ->  Sort  (cost=2536946.99..2561947.13 rows=10000054 width=20)
               Sort Key: s_1.a, s_1.b
               ->  Sort  (cost=1531459.54..1556459.68 rows=10000054 width=20)
                     Sort Key: s_1.a
                     ->  Seq Scan on s_1  (cost=0.00..163695.54 rows=10000054 width=20)
(7 rows)

===== 270 [Wed Mar  7 09:09:53 CET 2018] scale:10000000 groups:1000 work_mem:128MB incremental:off max_workers:0 =====
SELECT * FROM (SELECT * FROM s_2 ORDER BY a, b) foo ORDER BY a, b, c LIMIT 100000
                                       QUERY PLAN                                       
----------------------------------------------------------------------------------------
 Limit  (cost=2538196.99..2538196.99 rows=1 width=20)
   ->  Limit  (cost=2536946.99..2537196.99 rows=100000 width=20)
         ->  Sort  (cost=2536946.99..2561947.13 rows=10000054 width=20)
               Sort Key: s_2.a, s_2.b, s_2.c
               ->  Sort  (cost=1531459.54..1556459.68 rows=10000054 width=20)
                     Sort Key: s_2.a, s_2.b
                     ->  Seq Scan on s_2  (cost=0.00..163695.54 rows=10000054 width=20)
(7 rows)

===== 271 [Wed Mar  7 09:10:11 CET 2018] scale:10000000 groups:1000 work_mem:128MB incremental:off max_workers:0 =====
SELECT * FROM (SELECT * FROM s_3 ORDER BY a, b, c) foo ORDER BY a, b, c, d LIMIT 100000
                                       QUERY PLAN                                       
----------------------------------------------------------------------------------------
 Limit  (cost=2538196.99..2538196.99 rows=1 width=20)
   ->  Limit  (cost=2536946.99..2537196.99 rows=100000 width=20)
         ->  Sort  (cost=2536946.99..2561947.13 rows=10000054 width=20)
               Sort Key: s_3.a, s_3.b, s_3.c, s_3.d
               ->  Sort  (cost=1531459.54..1556459.68 rows=10000054 width=20)
                     Sort Key: s_3.a, s_3.b, s_3.c
                     ->  Seq Scan on s_3  (cost=0.00..163695.54 rows=10000054 width=20)
(7 rows)

===== 272 [Wed Mar  7 09:10:30 CET 2018] scale:10000000 groups:1000 work_mem:128MB incremental:off max_workers:0 =====
SELECT * FROM (SELECT * FROM s_4 ORDER BY a, b, c, d) foo ORDER BY a, b, c, d, e LIMIT 100000
                                       QUERY PLAN                                       
----------------------------------------------------------------------------------------
 Limit  (cost=2538196.99..2538196.99 rows=1 width=20)
   ->  Limit  (cost=2536946.99..2537196.99 rows=100000 width=20)
         ->  Sort  (cost=2536946.99..2561947.13 rows=10000054 width=20)
               Sort Key: s_4.a, s_4.b, s_4.c, s_4.d, s_4.e
               ->  Sort  (cost=1531459.54..1556459.68 rows=10000054 width=20)
                     Sort Key: s_4.a, s_4.b, s_4.c, s_4.d
                     ->  Seq Scan on s_4  (cost=0.00..163695.54 rows=10000054 width=20)
(7 rows)

===== 273 [Wed Mar  7 09:10:48 CET 2018] scale:10000000 groups:1000 work_mem:256MB incremental:on max_workers:0 =====
SELECT * FROM (SELECT * FROM s_1 ORDER BY a) foo ORDER BY a, b LIMIT 100000
                                       QUERY PLAN                                       
----------------------------------------------------------------------------------------
 Limit  (cost=1535069.32..1535069.32 rows=1 width=20)
   ->  Limit  (cost=1532248.07..1534069.32 rows=100000 width=20)
         ->  Incremental Sort  (cost=1532248.07..1714373.65 rows=10000054 width=20)
               Sort Key: s_1.a, s_1.b
               Presorted Key: s_1.a
               ->  Sort  (cost=1531459.54..1556459.68 rows=10000054 width=20)
                     Sort Key: s_1.a
                     ->  Seq Scan on s_1  (cost=0.00..163695.54 rows=10000054 width=20)
(8 rows)

===== 274 [Wed Mar  7 09:10:59 CET 2018] scale:10000000 groups:1000 work_mem:256MB incremental:on max_workers:0 =====
SELECT * FROM (SELECT * FROM s_2 ORDER BY a, b) foo ORDER BY a, b, c LIMIT 100000
                                       QUERY PLAN                                       
----------------------------------------------------------------------------------------
 Limit  (cost=1534438.94..1534438.94 rows=1 width=20)
   ->  Limit  (cost=1531459.83..1533438.94 rows=100000 width=20)
         ->  Incremental Sort  (cost=1531459.83..1729371.55 rows=10000054 width=20)
               Sort Key: s_2.a, s_2.b, s_2.c
               Presorted Key: s_2.a, s_2.b
               ->  Sort  (cost=1531459.54..1556459.68 rows=10000054 width=20)
                     Sort Key: s_2.a, s_2.b
                     ->  Seq Scan on s_2  (cost=0.00..163695.54 rows=10000054 width=20)
(8 rows)

===== 275 [Wed Mar  7 09:11:11 CET 2018] scale:10000000 groups:1000 work_mem:256MB incremental:on max_workers:0 =====
SELECT * FROM (SELECT * FROM s_3 ORDER BY a, b, c) foo ORDER BY a, b, c, d LIMIT 100000
                                       QUERY PLAN                                       
----------------------------------------------------------------------------------------
 Limit  (cost=1534438.94..1534438.94 rows=1 width=20)
   ->  Limit  (cost=1531459.83..1533438.94 rows=100000 width=20)
         ->  Incremental Sort  (cost=1531459.83..1729371.55 rows=10000054 width=20)
               Sort Key: s_3.a, s_3.b, s_3.c, s_3.d
               Presorted Key: s_3.a, s_3.b, s_3.c
               ->  Sort  (cost=1531459.54..1556459.68 rows=10000054 width=20)
                     Sort Key: s_3.a, s_3.b, s_3.c
                     ->  Seq Scan on s_3  (cost=0.00..163695.54 rows=10000054 width=20)
(8 rows)

===== 276 [Wed Mar  7 09:11:23 CET 2018] scale:10000000 groups:1000 work_mem:256MB incremental:on max_workers:0 =====
SELECT * FROM (SELECT * FROM s_4 ORDER BY a, b, c, d) foo ORDER BY a, b, c, d, e LIMIT 100000
                                       QUERY PLAN                                       
----------------------------------------------------------------------------------------
 Limit  (cost=1534438.94..1534438.94 rows=1 width=20)
   ->  Limit  (cost=1531459.83..1533438.94 rows=100000 width=20)
         ->  Incremental Sort  (cost=1531459.83..1729371.55 rows=10000054 width=20)
               Sort Key: s_4.a, s_4.b, s_4.c, s_4.d, s_4.e
               Presorted Key: s_4.a, s_4.b, s_4.c, s_4.d
               ->  Sort  (cost=1531459.54..1556459.68 rows=10000054 width=20)
                     Sort Key: s_4.a, s_4.b, s_4.c, s_4.d
                     ->  Seq Scan on s_4  (cost=0.00..163695.54 rows=10000054 width=20)
(8 rows)

===== 277 [Wed Mar  7 09:11:35 CET 2018] scale:10000000 groups:1000 work_mem:256MB incremental:off max_workers:0 =====
SELECT * FROM (SELECT * FROM s_1 ORDER BY a) foo ORDER BY a, b LIMIT 100000
                                       QUERY PLAN                                       
----------------------------------------------------------------------------------------
 Limit  (cost=2538196.99..2538196.99 rows=1 width=20)
   ->  Limit  (cost=2536946.99..2537196.99 rows=100000 width=20)
         ->  Sort  (cost=2536946.99..2561947.13 rows=10000054 width=20)
               Sort Key: s_1.a, s_1.b
               ->  Sort  (cost=1531459.54..1556459.68 rows=10000054 width=20)
                     Sort Key: s_1.a
                     ->  Seq Scan on s_1  (cost=0.00..163695.54 rows=10000054 width=20)
(7 rows)

===== 278 [Wed Mar  7 09:11:53 CET 2018] scale:10000000 groups:1000 work_mem:256MB incremental:off max_workers:0 =====
SELECT * FROM (SELECT * FROM s_2 ORDER BY a, b) foo ORDER BY a, b, c LIMIT 100000
                                       QUERY PLAN                                       
----------------------------------------------------------------------------------------
 Limit  (cost=2538196.99..2538196.99 rows=1 width=20)
   ->  Limit  (cost=2536946.99..2537196.99 rows=100000 width=20)
         ->  Sort  (cost=2536946.99..2561947.13 rows=10000054 width=20)
               Sort Key: s_2.a, s_2.b, s_2.c
               ->  Sort  (cost=1531459.54..1556459.68 rows=10000054 width=20)
                     Sort Key: s_2.a, s_2.b
                     ->  Seq Scan on s_2  (cost=0.00..163695.54 rows=10000054 width=20)
(7 rows)

===== 279 [Wed Mar  7 09:12:11 CET 2018] scale:10000000 groups:1000 work_mem:256MB incremental:off max_workers:0 =====
SELECT * FROM (SELECT * FROM s_3 ORDER BY a, b, c) foo ORDER BY a, b, c, d LIMIT 100000
                                       QUERY PLAN                                       
----------------------------------------------------------------------------------------
 Limit  (cost=2538196.99..2538196.99 rows=1 width=20)
   ->  Limit  (cost=2536946.99..2537196.99 rows=100000 width=20)
         ->  Sort  (cost=2536946.99..2561947.13 rows=10000054 width=20)
               Sort Key: s_3.a, s_3.b, s_3.c, s_3.d
               ->  Sort  (cost=1531459.54..1556459.68 rows=10000054 width=20)
                     Sort Key: s_3.a, s_3.b, s_3.c
                     ->  Seq Scan on s_3  (cost=0.00..163695.54 rows=10000054 width=20)
(7 rows)

===== 280 [Wed Mar  7 09:12:30 CET 2018] scale:10000000 groups:1000 work_mem:256MB incremental:off max_workers:0 =====
SELECT * FROM (SELECT * FROM s_4 ORDER BY a, b, c, d) foo ORDER BY a, b, c, d, e LIMIT 100000
                                       QUERY PLAN                                       
----------------------------------------------------------------------------------------
 Limit  (cost=2538196.99..2538196.99 rows=1 width=20)
   ->  Limit  (cost=2536946.99..2537196.99 rows=100000 width=20)
         ->  Sort  (cost=2536946.99..2561947.13 rows=10000054 width=20)
               Sort Key: s_4.a, s_4.b, s_4.c, s_4.d, s_4.e
               ->  Sort  (cost=1531459.54..1556459.68 rows=10000054 width=20)
                     Sort Key: s_4.a, s_4.b, s_4.c, s_4.d
                     ->  Seq Scan on s_4  (cost=0.00..163695.54 rows=10000054 width=20)
(7 rows)

===== 281 [Wed Mar  7 09:12:49 CET 2018] scale:10000000 groups:1000 work_mem:4MB incremental:on max_workers:2 =====
SELECT * FROM (SELECT * FROM s_1 ORDER BY a) foo ORDER BY a, b LIMIT 100000
                                              QUERY PLAN                                              
------------------------------------------------------------------------------------------------------
 Limit  (cost=739962.06..739962.06 rows=1 width=20)
   ->  Limit  (cost=737000.83..738962.06 rows=100000 width=20)
         ->  Incremental Sort  (cost=737000.83..900437.40 rows=8333378 width=20)
               Sort Key: s_1.a, s_1.b
               Presorted Key: s_1.a
               ->  Gather Merge  (cost=735404.16..1707699.48 rows=8333378 width=20)
                     Workers Planned: 2
                     ->  Sort  (cost=734404.14..744820.86 rows=4166689 width=20)
                           Sort Key: s_1.a
                           ->  Parallel Seq Scan on s_1  (cost=0.00..105361.89 rows=4166689 width=20)
(10 rows)

===== 282 [Wed Mar  7 09:12:55 CET 2018] scale:10000000 groups:1000 work_mem:4MB incremental:on max_workers:2 =====
SELECT * FROM (SELECT * FROM s_2 ORDER BY a, b) foo ORDER BY a, b, c LIMIT 100000
                                              QUERY PLAN                                              
------------------------------------------------------------------------------------------------------
 Limit  (cost=738527.52..738527.52 rows=1 width=20)
   ->  Limit  (cost=735405.60..737527.52 rows=100000 width=20)
         ->  Incremental Sort  (cost=735405.60..912233.48 rows=8333378 width=20)
               Sort Key: s_2.a, s_2.b, s_2.c
               Presorted Key: s_2.a, s_2.b
               ->  Gather Merge  (cost=735404.16..1707699.48 rows=8333378 width=20)
                     Workers Planned: 2
                     ->  Sort  (cost=734404.14..744820.86 rows=4166689 width=20)
                           Sort Key: s_2.a, s_2.b
                           ->  Parallel Seq Scan on s_2  (cost=0.00..105361.89 rows=4166689 width=20)
(10 rows)

===== 283 [Wed Mar  7 09:13:01 CET 2018] scale:10000000 groups:1000 work_mem:4MB incremental:on max_workers:2 =====
SELECT * FROM (SELECT * FROM s_3 ORDER BY a, b, c) foo ORDER BY a, b, c, d LIMIT 100000
                                              QUERY PLAN                                              
------------------------------------------------------------------------------------------------------
 Limit  (cost=738527.52..738527.52 rows=1 width=20)
   ->  Limit  (cost=735405.60..737527.52 rows=100000 width=20)
         ->  Incremental Sort  (cost=735405.60..912233.48 rows=8333378 width=20)
               Sort Key: s_3.a, s_3.b, s_3.c, s_3.d
               Presorted Key: s_3.a, s_3.b, s_3.c
               ->  Gather Merge  (cost=735404.16..1707699.48 rows=8333378 width=20)
                     Workers Planned: 2
                     ->  Sort  (cost=734404.14..744820.86 rows=4166689 width=20)
                           Sort Key: s_3.a, s_3.b, s_3.c
                           ->  Parallel Seq Scan on s_3  (cost=0.00..105361.89 rows=4166689 width=20)
(10 rows)

===== 284 [Wed Mar  7 09:13:07 CET 2018] scale:10000000 groups:1000 work_mem:4MB incremental:on max_workers:2 =====
SELECT * FROM (SELECT * FROM s_4 ORDER BY a, b, c, d) foo ORDER BY a, b, c, d, e LIMIT 100000
                                              QUERY PLAN                                              
------------------------------------------------------------------------------------------------------
 Limit  (cost=738527.52..738527.52 rows=1 width=20)
   ->  Limit  (cost=735405.60..737527.52 rows=100000 width=20)
         ->  Incremental Sort  (cost=735405.60..912233.48 rows=8333378 width=20)
               Sort Key: s_4.a, s_4.b, s_4.c, s_4.d, s_4.e
               Presorted Key: s_4.a, s_4.b, s_4.c, s_4.d
               ->  Gather Merge  (cost=735404.16..1707699.48 rows=8333378 width=20)
                     Workers Planned: 2
                     ->  Sort  (cost=734404.14..744820.86 rows=4166689 width=20)
                           Sort Key: s_4.a, s_4.b, s_4.c, s_4.d
                           ->  Parallel Seq Scan on s_4  (cost=0.00..105361.89 rows=4166689 width=20)
(10 rows)

===== 285 [Wed Mar  7 09:13:13 CET 2018] scale:10000000 groups:1000 work_mem:4MB incremental:off max_workers:2 =====
SELECT * FROM (SELECT * FROM s_1 ORDER BY a) foo ORDER BY a, b LIMIT 100000
                                              QUERY PLAN                                              
------------------------------------------------------------------------------------------------------
 Limit  (cost=3092027.64..3092027.64 rows=1 width=20)
   ->  Limit  (cost=3090777.64..3091027.64 rows=100000 width=20)
         ->  Sort  (cost=3090777.64..3111611.09 rows=8333378 width=20)
               Sort Key: s_1.a, s_1.b
               ->  Gather Merge  (cost=735404.16..1707699.48 rows=8333378 width=20)
                     Workers Planned: 2
                     ->  Sort  (cost=734404.14..744820.86 rows=4166689 width=20)
                           Sort Key: s_1.a
                           ->  Parallel Seq Scan on s_1  (cost=0.00..105361.89 rows=4166689 width=20)
(9 rows)

===== 286 [Wed Mar  7 09:13:55 CET 2018] scale:10000000 groups:1000 work_mem:4MB incremental:off max_workers:2 =====
SELECT * FROM (SELECT * FROM s_2 ORDER BY a, b) foo ORDER BY a, b, c LIMIT 100000
                                              QUERY PLAN                                              
------------------------------------------------------------------------------------------------------
 Limit  (cost=3092027.64..3092027.64 rows=1 width=20)
   ->  Limit  (cost=3090777.64..3091027.64 rows=100000 width=20)
         ->  Sort  (cost=3090777.64..3111611.09 rows=8333378 width=20)
               Sort Key: s_2.a, s_2.b, s_2.c
               ->  Gather Merge  (cost=735404.16..1707699.48 rows=8333378 width=20)
                     Workers Planned: 2
                     ->  Sort  (cost=734404.14..744820.86 rows=4166689 width=20)
                           Sort Key: s_2.a, s_2.b
                           ->  Parallel Seq Scan on s_2  (cost=0.00..105361.89 rows=4166689 width=20)
(9 rows)

===== 287 [Wed Mar  7 09:14:40 CET 2018] scale:10000000 groups:1000 work_mem:4MB incremental:off max_workers:2 =====
SELECT * FROM (SELECT * FROM s_3 ORDER BY a, b, c) foo ORDER BY a, b, c, d LIMIT 100000
                                              QUERY PLAN                                              
------------------------------------------------------------------------------------------------------
 Limit  (cost=3092027.64..3092027.64 rows=1 width=20)
   ->  Limit  (cost=3090777.64..3091027.64 rows=100000 width=20)
         ->  Sort  (cost=3090777.64..3111611.09 rows=8333378 width=20)
               Sort Key: s_3.a, s_3.b, s_3.c, s_3.d
               ->  Gather Merge  (cost=735404.16..1707699.48 rows=8333378 width=20)
                     Workers Planned: 2
                     ->  Sort  (cost=734404.14..744820.86 rows=4166689 width=20)
                           Sort Key: s_3.a, s_3.b, s_3.c
                           ->  Parallel Seq Scan on s_3  (cost=0.00..105361.89 rows=4166689 width=20)
(9 rows)

===== 288 [Wed Mar  7 09:15:19 CET 2018] scale:10000000 groups:1000 work_mem:4MB incremental:off max_workers:2 =====
SELECT * FROM (SELECT * FROM s_4 ORDER BY a, b, c, d) foo ORDER BY a, b, c, d, e LIMIT 100000
                                              QUERY PLAN                                              
------------------------------------------------------------------------------------------------------
 Limit  (cost=3092027.64..3092027.64 rows=1 width=20)
   ->  Limit  (cost=3090777.64..3091027.64 rows=100000 width=20)
         ->  Sort  (cost=3090777.64..3111611.09 rows=8333378 width=20)
               Sort Key: s_4.a, s_4.b, s_4.c, s_4.d, s_4.e
               ->  Gather Merge  (cost=735404.16..1707699.48 rows=8333378 width=20)
                     Workers Planned: 2
                     ->  Sort  (cost=734404.14..744820.86 rows=4166689 width=20)
                           Sort Key: s_4.a, s_4.b, s_4.c, s_4.d
                           ->  Parallel Seq Scan on s_4  (cost=0.00..105361.89 rows=4166689 width=20)
(9 rows)

===== 289 [Wed Mar  7 09:15:50 CET 2018] scale:10000000 groups:1000 work_mem:8MB incremental:on max_workers:2 =====
SELECT * FROM (SELECT * FROM s_1 ORDER BY a) foo ORDER BY a, b LIMIT 100000
                                              QUERY PLAN                                              
------------------------------------------------------------------------------------------------------
 Limit  (cost=654509.56..654509.56 rows=1 width=20)
   ->  Limit  (cost=651548.33..653509.56 rows=100000 width=20)
         ->  Incremental Sort  (cost=651548.33..814984.90 rows=8333378 width=20)
               Sort Key: s_1.a, s_1.b
               Presorted Key: s_1.a
               ->  Gather Merge  (cost=649951.66..1622246.98 rows=8333378 width=20)
                     Workers Planned: 2
                     ->  Sort  (cost=648951.64..659368.36 rows=4166689 width=20)
                           Sort Key: s_1.a
                           ->  Parallel Seq Scan on s_1  (cost=0.00..105361.89 rows=4166689 width=20)
(10 rows)

===== 290 [Wed Mar  7 09:15:55 CET 2018] scale:10000000 groups:1000 work_mem:8MB incremental:on max_workers:2 =====
SELECT * FROM (SELECT * FROM s_2 ORDER BY a, b) foo ORDER BY a, b, c LIMIT 100000
                                              QUERY PLAN                                              
------------------------------------------------------------------------------------------------------
 Limit  (cost=653075.02..653075.02 rows=1 width=20)
   ->  Limit  (cost=649953.10..652075.02 rows=100000 width=20)
         ->  Incremental Sort  (cost=649953.10..826780.98 rows=8333378 width=20)
               Sort Key: s_2.a, s_2.b, s_2.c
               Presorted Key: s_2.a, s_2.b
               ->  Gather Merge  (cost=649951.66..1622246.98 rows=8333378 width=20)
                     Workers Planned: 2
                     ->  Sort  (cost=648951.64..659368.36 rows=4166689 width=20)
                           Sort Key: s_2.a, s_2.b
                           ->  Parallel Seq Scan on s_2  (cost=0.00..105361.89 rows=4166689 width=20)
(10 rows)

===== 291 [Wed Mar  7 09:15:59 CET 2018] scale:10000000 groups:1000 work_mem:8MB incremental:on max_workers:2 =====
SELECT * FROM (SELECT * FROM s_3 ORDER BY a, b, c) foo ORDER BY a, b, c, d LIMIT 100000
                                              QUERY PLAN                                              
------------------------------------------------------------------------------------------------------
 Limit  (cost=653075.02..653075.02 rows=1 width=20)
   ->  Limit  (cost=649953.10..652075.02 rows=100000 width=20)
         ->  Incremental Sort  (cost=649953.10..826780.98 rows=8333378 width=20)
               Sort Key: s_3.a, s_3.b, s_3.c, s_3.d
               Presorted Key: s_3.a, s_3.b, s_3.c
               ->  Gather Merge  (cost=649951.66..1622246.98 rows=8333378 width=20)
                     Workers Planned: 2
                     ->  Sort  (cost=648951.64..659368.36 rows=4166689 width=20)
                           Sort Key: s_3.a, s_3.b, s_3.c
                           ->  Parallel Seq Scan on s_3  (cost=0.00..105361.89 rows=4166689 width=20)
(10 rows)

===== 292 [Wed Mar  7 09:16:04 CET 2018] scale:10000000 groups:1000 work_mem:8MB incremental:on max_workers:2 =====
SELECT * FROM (SELECT * FROM s_4 ORDER BY a, b, c, d) foo ORDER BY a, b, c, d, e LIMIT 100000
                                              QUERY PLAN                                              
------------------------------------------------------------------------------------------------------
 Limit  (cost=653075.02..653075.02 rows=1 width=20)
   ->  Limit  (cost=649953.10..652075.02 rows=100000 width=20)
         ->  Incremental Sort  (cost=649953.10..826780.98 rows=8333378 width=20)
               Sort Key: s_4.a, s_4.b, s_4.c, s_4.d, s_4.e
               Presorted Key: s_4.a, s_4.b, s_4.c, s_4.d
               ->  Gather Merge  (cost=649951.66..1622246.98 rows=8333378 width=20)
                     Workers Planned: 2
                     ->  Sort  (cost=648951.64..659368.36 rows=4166689 width=20)
                           Sort Key: s_4.a, s_4.b, s_4.c, s_4.d
                           ->  Parallel Seq Scan on s_4  (cost=0.00..105361.89 rows=4166689 width=20)
(10 rows)

===== 293 [Wed Mar  7 09:16:08 CET 2018] scale:10000000 groups:1000 work_mem:8MB incremental:off max_workers:2 =====
SELECT * FROM (SELECT * FROM s_1 ORDER BY a) foo ORDER BY a, b LIMIT 100000
                                              QUERY PLAN                                              
------------------------------------------------------------------------------------------------------
 Limit  (cost=2440569.71..2440569.71 rows=1 width=20)
   ->  Limit  (cost=2439319.71..2439569.71 rows=100000 width=20)
         ->  Sort  (cost=2439319.71..2460153.16 rows=8333378 width=20)
               Sort Key: s_1.a, s_1.b
               ->  Gather Merge  (cost=649951.66..1622246.98 rows=8333378 width=20)
                     Workers Planned: 2
                     ->  Sort  (cost=648951.64..659368.36 rows=4166689 width=20)
                           Sort Key: s_1.a
                           ->  Parallel Seq Scan on s_1  (cost=0.00..105361.89 rows=4166689 width=20)
(9 rows)

===== 294 [Wed Mar  7 09:16:46 CET 2018] scale:10000000 groups:1000 work_mem:8MB incremental:off max_workers:2 =====
SELECT * FROM (SELECT * FROM s_2 ORDER BY a, b) foo ORDER BY a, b, c LIMIT 100000
                                              QUERY PLAN                                              
------------------------------------------------------------------------------------------------------
 Limit  (cost=2440569.71..2440569.71 rows=1 width=20)
   ->  Limit  (cost=2439319.71..2439569.71 rows=100000 width=20)
         ->  Sort  (cost=2439319.71..2460153.16 rows=8333378 width=20)
               Sort Key: s_2.a, s_2.b, s_2.c
               ->  Gather Merge  (cost=649951.66..1622246.98 rows=8333378 width=20)
                     Workers Planned: 2
                     ->  Sort  (cost=648951.64..659368.36 rows=4166689 width=20)
                           Sort Key: s_2.a, s_2.b
                           ->  Parallel Seq Scan on s_2  (cost=0.00..105361.89 rows=4166689 width=20)
(9 rows)

===== 295 [Wed Mar  7 09:17:26 CET 2018] scale:10000000 groups:1000 work_mem:8MB incremental:off max_workers:2 =====
SELECT * FROM (SELECT * FROM s_3 ORDER BY a, b, c) foo ORDER BY a, b, c, d LIMIT 100000
                                              QUERY PLAN                                              
------------------------------------------------------------------------------------------------------
 Limit  (cost=2440569.71..2440569.71 rows=1 width=20)
   ->  Limit  (cost=2439319.71..2439569.71 rows=100000 width=20)
         ->  Sort  (cost=2439319.71..2460153.16 rows=8333378 width=20)
               Sort Key: s_3.a, s_3.b, s_3.c, s_3.d
               ->  Gather Merge  (cost=649951.66..1622246.98 rows=8333378 width=20)
                     Workers Planned: 2
                     ->  Sort  (cost=648951.64..659368.36 rows=4166689 width=20)
                           Sort Key: s_3.a, s_3.b, s_3.c
                           ->  Parallel Seq Scan on s_3  (cost=0.00..105361.89 rows=4166689 width=20)
(9 rows)

===== 296 [Wed Mar  7 09:17:59 CET 2018] scale:10000000 groups:1000 work_mem:8MB incremental:off max_workers:2 =====
SELECT * FROM (SELECT * FROM s_4 ORDER BY a, b, c, d) foo ORDER BY a, b, c, d, e LIMIT 100000
                                              QUERY PLAN                                              
------------------------------------------------------------------------------------------------------
 Limit  (cost=2440569.71..2440569.71 rows=1 width=20)
   ->  Limit  (cost=2439319.71..2439569.71 rows=100000 width=20)
         ->  Sort  (cost=2439319.71..2460153.16 rows=8333378 width=20)
               Sort Key: s_4.a, s_4.b, s_4.c, s_4.d, s_4.e
               ->  Gather Merge  (cost=649951.66..1622246.98 rows=8333378 width=20)
                     Workers Planned: 2
                     ->  Sort  (cost=648951.64..659368.36 rows=4166689 width=20)
                           Sort Key: s_4.a, s_4.b, s_4.c, s_4.d
                           ->  Parallel Seq Scan on s_4  (cost=0.00..105361.89 rows=4166689 width=20)
(9 rows)

===== 297 [Wed Mar  7 09:18:25 CET 2018] scale:10000000 groups:1000 work_mem:16MB incremental:on max_workers:2 =====
SELECT * FROM (SELECT * FROM s_1 ORDER BY a) foo ORDER BY a, b LIMIT 100000
                                              QUERY PLAN                                              
------------------------------------------------------------------------------------------------------
 Limit  (cost=654593.05..654593.05 rows=1 width=20)
   ->  Limit  (cost=651686.54..653593.05 rows=100000 width=20)
         ->  Incremental Sort  (cost=651686.54..842338.67 rows=10000054 width=20)
               Sort Key: s_1.a, s_1.b
               Presorted Key: s_1.a
               ->  Gather Merge  (cost=649951.66..1622246.98 rows=8333378 width=20)
                     Workers Planned: 2
                     ->  Sort  (cost=648951.64..659368.36 rows=4166689 width=20)
                           Sort Key: s_1.a
                           ->  Parallel Seq Scan on s_1  (cost=0.00..105361.89 rows=4166689 width=20)
(10 rows)

===== 298 [Wed Mar  7 09:18:29 CET 2018] scale:10000000 groups:1000 work_mem:16MB incremental:on max_workers:2 =====
SELECT * FROM (SELECT * FROM s_2 ORDER BY a, b) foo ORDER BY a, b, c LIMIT 100000
                                              QUERY PLAN                                              
------------------------------------------------------------------------------------------------------
 Limit  (cost=653026.73..653026.73 rows=1 width=20)
   ->  Limit  (cost=649952.90..652026.73 rows=100000 width=20)
         ->  Incremental Sort  (cost=649952.90..857336.57 rows=10000054 width=20)
               Sort Key: s_2.a, s_2.b, s_2.c
               Presorted Key: s_2.a, s_2.b
               ->  Gather Merge  (cost=649951.66..1622246.98 rows=8333378 width=20)
                     Workers Planned: 2
                     ->  Sort  (cost=648951.64..659368.36 rows=4166689 width=20)
                           Sort Key: s_2.a, s_2.b
                           ->  Parallel Seq Scan on s_2  (cost=0.00..105361.89 rows=4166689 width=20)
(10 rows)

===== 299 [Wed Mar  7 09:18:33 CET 2018] scale:10000000 groups:1000 work_mem:16MB incremental:on max_workers:2 =====
SELECT * FROM (SELECT * FROM s_3 ORDER BY a, b, c) foo ORDER BY a, b, c, d LIMIT 100000
                                              QUERY PLAN                                              
------------------------------------------------------------------------------------------------------
 Limit  (cost=653026.73..653026.73 rows=1 width=20)
   ->  Limit  (cost=649952.90..652026.73 rows=100000 width=20)
         ->  Incremental Sort  (cost=649952.90..857336.57 rows=10000054 width=20)
               Sort Key: s_3.a, s_3.b, s_3.c, s_3.d
               Presorted Key: s_3.a, s_3.b, s_3.c
               ->  Gather Merge  (cost=649951.66..1622246.98 rows=8333378 width=20)
                     Workers Planned: 2
                     ->  Sort  (cost=648951.64..659368.36 rows=4166689 width=20)
                           Sort Key: s_3.a, s_3.b, s_3.c
                           ->  Parallel Seq Scan on s_3  (cost=0.00..105361.89 rows=4166689 width=20)
(10 rows)

===== 300 [Wed Mar  7 09:18:37 CET 2018] scale:10000000 groups:1000 work_mem:16MB incremental:on max_workers:2 =====
SELECT * FROM (SELECT * FROM s_4 ORDER BY a, b, c, d) foo ORDER BY a, b, c, d, e LIMIT 100000
                                              QUERY PLAN                                              
------------------------------------------------------------------------------------------------------
 Limit  (cost=653026.73..653026.73 rows=1 width=20)
   ->  Limit  (cost=649952.90..652026.73 rows=100000 width=20)
         ->  Incremental Sort  (cost=649952.90..857336.57 rows=10000054 width=20)
               Sort Key: s_4.a, s_4.b, s_4.c, s_4.d, s_4.e
               Presorted Key: s_4.a, s_4.b, s_4.c, s_4.d
               ->  Gather Merge  (cost=649951.66..1622246.98 rows=8333378 width=20)
                     Workers Planned: 2
                     ->  Sort  (cost=648951.64..659368.36 rows=4166689 width=20)
                           Sort Key: s_4.a, s_4.b, s_4.c, s_4.d
                           ->  Parallel Seq Scan on s_4  (cost=0.00..105361.89 rows=4166689 width=20)
(10 rows)

===== 301 [Wed Mar  7 09:18:41 CET 2018] scale:10000000 groups:1000 work_mem:16MB incremental:off max_workers:2 =====
SELECT * FROM (SELECT * FROM s_1 ORDER BY a) foo ORDER BY a, b LIMIT 100000
                                       QUERY PLAN                                       
----------------------------------------------------------------------------------------
 Limit  (cost=2538196.99..2538196.99 rows=1 width=20)
   ->  Limit  (cost=2536946.99..2537196.99 rows=100000 width=20)
         ->  Sort  (cost=2536946.99..2561947.13 rows=10000054 width=20)
               Sort Key: s_1.a, s_1.b
               ->  Sort  (cost=1531459.54..1556459.68 rows=10000054 width=20)
                     Sort Key: s_1.a
                     ->  Seq Scan on s_1  (cost=0.00..163695.54 rows=10000054 width=20)
(7 rows)

===== 302 [Wed Mar  7 09:19:17 CET 2018] scale:10000000 groups:1000 work_mem:16MB incremental:off max_workers:2 =====
SELECT * FROM (SELECT * FROM s_2 ORDER BY a, b) foo ORDER BY a, b, c LIMIT 100000
                                       QUERY PLAN                                       
----------------------------------------------------------------------------------------
 Limit  (cost=2538196.99..2538196.99 rows=1 width=20)
   ->  Limit  (cost=2536946.99..2537196.99 rows=100000 width=20)
         ->  Sort  (cost=2536946.99..2561947.13 rows=10000054 width=20)
               Sort Key: s_2.a, s_2.b, s_2.c
               ->  Sort  (cost=1531459.54..1556459.68 rows=10000054 width=20)
                     Sort Key: s_2.a, s_2.b
                     ->  Seq Scan on s_2  (cost=0.00..163695.54 rows=10000054 width=20)
(7 rows)

===== 303 [Wed Mar  7 09:19:55 CET 2018] scale:10000000 groups:1000 work_mem:16MB incremental:off max_workers:2 =====
SELECT * FROM (SELECT * FROM s_3 ORDER BY a, b, c) foo ORDER BY a, b, c, d LIMIT 100000
                                       QUERY PLAN                                       
----------------------------------------------------------------------------------------
 Limit  (cost=2538196.99..2538196.99 rows=1 width=20)
   ->  Limit  (cost=2536946.99..2537196.99 rows=100000 width=20)
         ->  Sort  (cost=2536946.99..2561947.13 rows=10000054 width=20)
               Sort Key: s_3.a, s_3.b, s_3.c, s_3.d
               ->  Sort  (cost=1531459.54..1556459.68 rows=10000054 width=20)
                     Sort Key: s_3.a, s_3.b, s_3.c
                     ->  Seq Scan on s_3  (cost=0.00..163695.54 rows=10000054 width=20)
(7 rows)

===== 304 [Wed Mar  7 09:20:26 CET 2018] scale:10000000 groups:1000 work_mem:16MB incremental:off max_workers:2 =====
SELECT * FROM (SELECT * FROM s_4 ORDER BY a, b, c, d) foo ORDER BY a, b, c, d, e LIMIT 100000
                                       QUERY PLAN                                       
----------------------------------------------------------------------------------------
 Limit  (cost=2538196.99..2538196.99 rows=1 width=20)
   ->  Limit  (cost=2536946.99..2537196.99 rows=100000 width=20)
         ->  Sort  (cost=2536946.99..2561947.13 rows=10000054 width=20)
               Sort Key: s_4.a, s_4.b, s_4.c, s_4.d, s_4.e
               ->  Sort  (cost=1531459.54..1556459.68 rows=10000054 width=20)
                     Sort Key: s_4.a, s_4.b, s_4.c, s_4.d
                     ->  Seq Scan on s_4  (cost=0.00..163695.54 rows=10000054 width=20)
(7 rows)

===== 305 [Wed Mar  7 09:20:50 CET 2018] scale:10000000 groups:1000 work_mem:32MB incremental:on max_workers:2 =====
SELECT * FROM (SELECT * FROM s_1 ORDER BY a) foo ORDER BY a, b LIMIT 100000
                                              QUERY PLAN                                              
------------------------------------------------------------------------------------------------------
 Limit  (cost=654593.05..654593.05 rows=1 width=20)
   ->  Limit  (cost=651686.54..653593.05 rows=100000 width=20)
         ->  Incremental Sort  (cost=651686.54..842338.67 rows=10000054 width=20)
               Sort Key: s_1.a, s_1.b
               Presorted Key: s_1.a
               ->  Gather Merge  (cost=649951.66..1622246.98 rows=8333378 width=20)
                     Workers Planned: 2
                     ->  Sort  (cost=648951.64..659368.36 rows=4166689 width=20)
                           Sort Key: s_1.a
                           ->  Parallel Seq Scan on s_1  (cost=0.00..105361.89 rows=4166689 width=20)
(10 rows)

===== 306 [Wed Mar  7 09:20:53 CET 2018] scale:10000000 groups:1000 work_mem:32MB incremental:on max_workers:2 =====
SELECT * FROM (SELECT * FROM s_2 ORDER BY a, b) foo ORDER BY a, b, c LIMIT 100000
                                              QUERY PLAN                                              
------------------------------------------------------------------------------------------------------
 Limit  (cost=653026.73..653026.73 rows=1 width=20)
   ->  Limit  (cost=649952.90..652026.73 rows=100000 width=20)
         ->  Incremental Sort  (cost=649952.90..857336.57 rows=10000054 width=20)
               Sort Key: s_2.a, s_2.b, s_2.c
               Presorted Key: s_2.a, s_2.b
               ->  Gather Merge  (cost=649951.66..1622246.98 rows=8333378 width=20)
                     Workers Planned: 2
                     ->  Sort  (cost=648951.64..659368.36 rows=4166689 width=20)
                           Sort Key: s_2.a, s_2.b
                           ->  Parallel Seq Scan on s_2  (cost=0.00..105361.89 rows=4166689 width=20)
(10 rows)

===== 307 [Wed Mar  7 09:20:58 CET 2018] scale:10000000 groups:1000 work_mem:32MB incremental:on max_workers:2 =====
SELECT * FROM (SELECT * FROM s_3 ORDER BY a, b, c) foo ORDER BY a, b, c, d LIMIT 100000
                                              QUERY PLAN                                              
------------------------------------------------------------------------------------------------------
 Limit  (cost=653026.73..653026.73 rows=1 width=20)
   ->  Limit  (cost=649952.90..652026.73 rows=100000 width=20)
         ->  Incremental Sort  (cost=649952.90..857336.57 rows=10000054 width=20)
               Sort Key: s_3.a, s_3.b, s_3.c, s_3.d
               Presorted Key: s_3.a, s_3.b, s_3.c
               ->  Gather Merge  (cost=649951.66..1622246.98 rows=8333378 width=20)
                     Workers Planned: 2
                     ->  Sort  (cost=648951.64..659368.36 rows=4166689 width=20)
                           Sort Key: s_3.a, s_3.b, s_3.c
                           ->  Parallel Seq Scan on s_3  (cost=0.00..105361.89 rows=4166689 width=20)
(10 rows)

===== 308 [Wed Mar  7 09:21:02 CET 2018] scale:10000000 groups:1000 work_mem:32MB incremental:on max_workers:2 =====
SELECT * FROM (SELECT * FROM s_4 ORDER BY a, b, c, d) foo ORDER BY a, b, c, d, e LIMIT 100000
                                              QUERY PLAN                                              
------------------------------------------------------------------------------------------------------
 Limit  (cost=653026.73..653026.73 rows=1 width=20)
   ->  Limit  (cost=649952.90..652026.73 rows=100000 width=20)
         ->  Incremental Sort  (cost=649952.90..857336.57 rows=10000054 width=20)
               Sort Key: s_4.a, s_4.b, s_4.c, s_4.d, s_4.e
               Presorted Key: s_4.a, s_4.b, s_4.c, s_4.d
               ->  Gather Merge  (cost=649951.66..1622246.98 rows=8333378 width=20)
                     Workers Planned: 2
                     ->  Sort  (cost=648951.64..659368.36 rows=4166689 width=20)
                           Sort Key: s_4.a, s_4.b, s_4.c, s_4.d
                           ->  Parallel Seq Scan on s_4  (cost=0.00..105361.89 rows=4166689 width=20)
(10 rows)

===== 309 [Wed Mar  7 09:21:06 CET 2018] scale:10000000 groups:1000 work_mem:32MB incremental:off max_workers:2 =====
SELECT * FROM (SELECT * FROM s_1 ORDER BY a) foo ORDER BY a, b LIMIT 100000
                                       QUERY PLAN                                       
----------------------------------------------------------------------------------------
 Limit  (cost=2538196.99..2538196.99 rows=1 width=20)
   ->  Limit  (cost=2536946.99..2537196.99 rows=100000 width=20)
         ->  Sort  (cost=2536946.99..2561947.13 rows=10000054 width=20)
               Sort Key: s_1.a, s_1.b
               ->  Sort  (cost=1531459.54..1556459.68 rows=10000054 width=20)
                     Sort Key: s_1.a
                     ->  Seq Scan on s_1  (cost=0.00..163695.54 rows=10000054 width=20)
(7 rows)

===== 310 [Wed Mar  7 09:21:23 CET 2018] scale:10000000 groups:1000 work_mem:32MB incremental:off max_workers:2 =====
SELECT * FROM (SELECT * FROM s_2 ORDER BY a, b) foo ORDER BY a, b, c LIMIT 100000
                                       QUERY PLAN                                       
----------------------------------------------------------------------------------------
 Limit  (cost=2538196.99..2538196.99 rows=1 width=20)
   ->  Limit  (cost=2536946.99..2537196.99 rows=100000 width=20)
         ->  Sort  (cost=2536946.99..2561947.13 rows=10000054 width=20)
               Sort Key: s_2.a, s_2.b, s_2.c
               ->  Sort  (cost=1531459.54..1556459.68 rows=10000054 width=20)
                     Sort Key: s_2.a, s_2.b
                     ->  Seq Scan on s_2  (cost=0.00..163695.54 rows=10000054 width=20)
(7 rows)

===== 311 [Wed Mar  7 09:21:40 CET 2018] scale:10000000 groups:1000 work_mem:32MB incremental:off max_workers:2 =====
SELECT * FROM (SELECT * FROM s_3 ORDER BY a, b, c) foo ORDER BY a, b, c, d LIMIT 100000
                                       QUERY PLAN                                       
----------------------------------------------------------------------------------------
 Limit  (cost=2538196.99..2538196.99 rows=1 width=20)
   ->  Limit  (cost=2536946.99..2537196.99 rows=100000 width=20)
         ->  Sort  (cost=2536946.99..2561947.13 rows=10000054 width=20)
               Sort Key: s_3.a, s_3.b, s_3.c, s_3.d
               ->  Sort  (cost=1531459.54..1556459.68 rows=10000054 width=20)
                     Sort Key: s_3.a, s_3.b, s_3.c
                     ->  Seq Scan on s_3  (cost=0.00..163695.54 rows=10000054 width=20)
(7 rows)

===== 312 [Wed Mar  7 09:21:58 CET 2018] scale:10000000 groups:1000 work_mem:32MB incremental:off max_workers:2 =====
SELECT * FROM (SELECT * FROM s_4 ORDER BY a, b, c, d) foo ORDER BY a, b, c, d, e LIMIT 100000
                                       QUERY PLAN                                       
----------------------------------------------------------------------------------------
 Limit  (cost=2538196.99..2538196.99 rows=1 width=20)
   ->  Limit  (cost=2536946.99..2537196.99 rows=100000 width=20)
         ->  Sort  (cost=2536946.99..2561947.13 rows=10000054 width=20)
               Sort Key: s_4.a, s_4.b, s_4.c, s_4.d, s_4.e
               ->  Sort  (cost=1531459.54..1556459.68 rows=10000054 width=20)
                     Sort Key: s_4.a, s_4.b, s_4.c, s_4.d
                     ->  Seq Scan on s_4  (cost=0.00..163695.54 rows=10000054 width=20)
(7 rows)

===== 313 [Wed Mar  7 09:22:16 CET 2018] scale:10000000 groups:1000 work_mem:64MB incremental:on max_workers:2 =====
SELECT * FROM (SELECT * FROM s_1 ORDER BY a) foo ORDER BY a, b LIMIT 100000
                                              QUERY PLAN                                              
------------------------------------------------------------------------------------------------------
 Limit  (cost=654593.05..654593.05 rows=1 width=20)
   ->  Limit  (cost=651686.54..653593.05 rows=100000 width=20)
         ->  Incremental Sort  (cost=651686.54..842338.67 rows=10000054 width=20)
               Sort Key: s_1.a, s_1.b
               Presorted Key: s_1.a
               ->  Gather Merge  (cost=649951.66..1622246.98 rows=8333378 width=20)
                     Workers Planned: 2
                     ->  Sort  (cost=648951.64..659368.36 rows=4166689 width=20)
                           Sort Key: s_1.a
                           ->  Parallel Seq Scan on s_1  (cost=0.00..105361.89 rows=4166689 width=20)
(10 rows)

===== 314 [Wed Mar  7 09:22:21 CET 2018] scale:10000000 groups:1000 work_mem:64MB incremental:on max_workers:2 =====
SELECT * FROM (SELECT * FROM s_2 ORDER BY a, b) foo ORDER BY a, b, c LIMIT 100000
                                              QUERY PLAN                                              
------------------------------------------------------------------------------------------------------
 Limit  (cost=653026.73..653026.73 rows=1 width=20)
   ->  Limit  (cost=649952.90..652026.73 rows=100000 width=20)
         ->  Incremental Sort  (cost=649952.90..857336.57 rows=10000054 width=20)
               Sort Key: s_2.a, s_2.b, s_2.c
               Presorted Key: s_2.a, s_2.b
               ->  Gather Merge  (cost=649951.66..1622246.98 rows=8333378 width=20)
                     Workers Planned: 2
                     ->  Sort  (cost=648951.64..659368.36 rows=4166689 width=20)
                           Sort Key: s_2.a, s_2.b
                           ->  Parallel Seq Scan on s_2  (cost=0.00..105361.89 rows=4166689 width=20)
(10 rows)

===== 315 [Wed Mar  7 09:22:25 CET 2018] scale:10000000 groups:1000 work_mem:64MB incremental:on max_workers:2 =====
SELECT * FROM (SELECT * FROM s_3 ORDER BY a, b, c) foo ORDER BY a, b, c, d LIMIT 100000
                                              QUERY PLAN                                              
------------------------------------------------------------------------------------------------------
 Limit  (cost=653026.73..653026.73 rows=1 width=20)
   ->  Limit  (cost=649952.90..652026.73 rows=100000 width=20)
         ->  Incremental Sort  (cost=649952.90..857336.57 rows=10000054 width=20)
               Sort Key: s_3.a, s_3.b, s_3.c, s_3.d
               Presorted Key: s_3.a, s_3.b, s_3.c
               ->  Gather Merge  (cost=649951.66..1622246.98 rows=8333378 width=20)
                     Workers Planned: 2
                     ->  Sort  (cost=648951.64..659368.36 rows=4166689 width=20)
                           Sort Key: s_3.a, s_3.b, s_3.c
                           ->  Parallel Seq Scan on s_3  (cost=0.00..105361.89 rows=4166689 width=20)
(10 rows)

===== 316 [Wed Mar  7 09:22:29 CET 2018] scale:10000000 groups:1000 work_mem:64MB incremental:on max_workers:2 =====
SELECT * FROM (SELECT * FROM s_4 ORDER BY a, b, c, d) foo ORDER BY a, b, c, d, e LIMIT 100000
                                              QUERY PLAN                                              
------------------------------------------------------------------------------------------------------
 Limit  (cost=653026.73..653026.73 rows=1 width=20)
   ->  Limit  (cost=649952.90..652026.73 rows=100000 width=20)
         ->  Incremental Sort  (cost=649952.90..857336.57 rows=10000054 width=20)
               Sort Key: s_4.a, s_4.b, s_4.c, s_4.d, s_4.e
               Presorted Key: s_4.a, s_4.b, s_4.c, s_4.d
               ->  Gather Merge  (cost=649951.66..1622246.98 rows=8333378 width=20)
                     Workers Planned: 2
                     ->  Sort  (cost=648951.64..659368.36 rows=4166689 width=20)
                           Sort Key: s_4.a, s_4.b, s_4.c, s_4.d
                           ->  Parallel Seq Scan on s_4  (cost=0.00..105361.89 rows=4166689 width=20)
(10 rows)

===== 317 [Wed Mar  7 09:22:34 CET 2018] scale:10000000 groups:1000 work_mem:64MB incremental:off max_workers:2 =====
SELECT * FROM (SELECT * FROM s_1 ORDER BY a) foo ORDER BY a, b LIMIT 100000
                                       QUERY PLAN                                       
----------------------------------------------------------------------------------------
 Limit  (cost=2538196.99..2538196.99 rows=1 width=20)
   ->  Limit  (cost=2536946.99..2537196.99 rows=100000 width=20)
         ->  Sort  (cost=2536946.99..2561947.13 rows=10000054 width=20)
               Sort Key: s_1.a, s_1.b
               ->  Sort  (cost=1531459.54..1556459.68 rows=10000054 width=20)
                     Sort Key: s_1.a
                     ->  Seq Scan on s_1  (cost=0.00..163695.54 rows=10000054 width=20)
(7 rows)

===== 318 [Wed Mar  7 09:22:51 CET 2018] scale:10000000 groups:1000 work_mem:64MB incremental:off max_workers:2 =====
SELECT * FROM (SELECT * FROM s_2 ORDER BY a, b) foo ORDER BY a, b, c LIMIT 100000
                                       QUERY PLAN                                       
----------------------------------------------------------------------------------------
 Limit  (cost=2538196.99..2538196.99 rows=1 width=20)
   ->  Limit  (cost=2536946.99..2537196.99 rows=100000 width=20)
         ->  Sort  (cost=2536946.99..2561947.13 rows=10000054 width=20)
               Sort Key: s_2.a, s_2.b, s_2.c
               ->  Sort  (cost=1531459.54..1556459.68 rows=10000054 width=20)
                     Sort Key: s_2.a, s_2.b
                     ->  Seq Scan on s_2  (cost=0.00..163695.54 rows=10000054 width=20)
(7 rows)

===== 319 [Wed Mar  7 09:23:09 CET 2018] scale:10000000 groups:1000 work_mem:64MB incremental:off max_workers:2 =====
SELECT * FROM (SELECT * FROM s_3 ORDER BY a, b, c) foo ORDER BY a, b, c, d LIMIT 100000
                                       QUERY PLAN                                       
----------------------------------------------------------------------------------------
 Limit  (cost=2538196.99..2538196.99 rows=1 width=20)
   ->  Limit  (cost=2536946.99..2537196.99 rows=100000 width=20)
         ->  Sort  (cost=2536946.99..2561947.13 rows=10000054 width=20)
               Sort Key: s_3.a, s_3.b, s_3.c, s_3.d
               ->  Sort  (cost=1531459.54..1556459.68 rows=10000054 width=20)
                     Sort Key: s_3.a, s_3.b, s_3.c
                     ->  Seq Scan on s_3  (cost=0.00..163695.54 rows=10000054 width=20)
(7 rows)

===== 320 [Wed Mar  7 09:23:27 CET 2018] scale:10000000 groups:1000 work_mem:64MB incremental:off max_workers:2 =====
SELECT * FROM (SELECT * FROM s_4 ORDER BY a, b, c, d) foo ORDER BY a, b, c, d, e LIMIT 100000
                                       QUERY PLAN                                       
----------------------------------------------------------------------------------------
 Limit  (cost=2538196.99..2538196.99 rows=1 width=20)
   ->  Limit  (cost=2536946.99..2537196.99 rows=100000 width=20)
         ->  Sort  (cost=2536946.99..2561947.13 rows=10000054 width=20)
               Sort Key: s_4.a, s_4.b, s_4.c, s_4.d, s_4.e
               ->  Sort  (cost=1531459.54..1556459.68 rows=10000054 width=20)
                     Sort Key: s_4.a, s_4.b, s_4.c, s_4.d
                     ->  Seq Scan on s_4  (cost=0.00..163695.54 rows=10000054 width=20)
(7 rows)

===== 321 [Wed Mar  7 09:23:45 CET 2018] scale:10000000 groups:1000 work_mem:128MB incremental:on max_workers:2 =====
SELECT * FROM (SELECT * FROM s_1 ORDER BY a) foo ORDER BY a, b LIMIT 100000
                                              QUERY PLAN                                              
------------------------------------------------------------------------------------------------------
 Limit  (cost=654593.05..654593.05 rows=1 width=20)
   ->  Limit  (cost=651686.54..653593.05 rows=100000 width=20)
         ->  Incremental Sort  (cost=651686.54..842338.67 rows=10000054 width=20)
               Sort Key: s_1.a, s_1.b
               Presorted Key: s_1.a
               ->  Gather Merge  (cost=649951.66..1622246.98 rows=8333378 width=20)
                     Workers Planned: 2
                     ->  Sort  (cost=648951.64..659368.36 rows=4166689 width=20)
                           Sort Key: s_1.a
                           ->  Parallel Seq Scan on s_1  (cost=0.00..105361.89 rows=4166689 width=20)
(10 rows)

===== 322 [Wed Mar  7 09:23:50 CET 2018] scale:10000000 groups:1000 work_mem:128MB incremental:on max_workers:2 =====
SELECT * FROM (SELECT * FROM s_2 ORDER BY a, b) foo ORDER BY a, b, c LIMIT 100000
                                              QUERY PLAN                                              
------------------------------------------------------------------------------------------------------
 Limit  (cost=653026.73..653026.73 rows=1 width=20)
   ->  Limit  (cost=649952.90..652026.73 rows=100000 width=20)
         ->  Incremental Sort  (cost=649952.90..857336.57 rows=10000054 width=20)
               Sort Key: s_2.a, s_2.b, s_2.c
               Presorted Key: s_2.a, s_2.b
               ->  Gather Merge  (cost=649951.66..1622246.98 rows=8333378 width=20)
                     Workers Planned: 2
                     ->  Sort  (cost=648951.64..659368.36 rows=4166689 width=20)
                           Sort Key: s_2.a, s_2.b
                           ->  Parallel Seq Scan on s_2  (cost=0.00..105361.89 rows=4166689 width=20)
(10 rows)

===== 323 [Wed Mar  7 09:23:55 CET 2018] scale:10000000 groups:1000 work_mem:128MB incremental:on max_workers:2 =====
SELECT * FROM (SELECT * FROM s_3 ORDER BY a, b, c) foo ORDER BY a, b, c, d LIMIT 100000
                                              QUERY PLAN                                              
------------------------------------------------------------------------------------------------------
 Limit  (cost=653026.73..653026.73 rows=1 width=20)
   ->  Limit  (cost=649952.90..652026.73 rows=100000 width=20)
         ->  Incremental Sort  (cost=649952.90..857336.57 rows=10000054 width=20)
               Sort Key: s_3.a, s_3.b, s_3.c, s_3.d
               Presorted Key: s_3.a, s_3.b, s_3.c
               ->  Gather Merge  (cost=649951.66..1622246.98 rows=8333378 width=20)
                     Workers Planned: 2
                     ->  Sort  (cost=648951.64..659368.36 rows=4166689 width=20)
                           Sort Key: s_3.a, s_3.b, s_3.c
                           ->  Parallel Seq Scan on s_3  (cost=0.00..105361.89 rows=4166689 width=20)
(10 rows)

===== 324 [Wed Mar  7 09:24:00 CET 2018] scale:10000000 groups:1000 work_mem:128MB incremental:on max_workers:2 =====
SELECT * FROM (SELECT * FROM s_4 ORDER BY a, b, c, d) foo ORDER BY a, b, c, d, e LIMIT 100000
                                              QUERY PLAN                                              
------------------------------------------------------------------------------------------------------
 Limit  (cost=653026.73..653026.73 rows=1 width=20)
   ->  Limit  (cost=649952.90..652026.73 rows=100000 width=20)
         ->  Incremental Sort  (cost=649952.90..857336.57 rows=10000054 width=20)
               Sort Key: s_4.a, s_4.b, s_4.c, s_4.d, s_4.e
               Presorted Key: s_4.a, s_4.b, s_4.c, s_4.d
               ->  Gather Merge  (cost=649951.66..1622246.98 rows=8333378 width=20)
                     Workers Planned: 2
                     ->  Sort  (cost=648951.64..659368.36 rows=4166689 width=20)
                           Sort Key: s_4.a, s_4.b, s_4.c, s_4.d
                           ->  Parallel Seq Scan on s_4  (cost=0.00..105361.89 rows=4166689 width=20)
(10 rows)

===== 325 [Wed Mar  7 09:24:04 CET 2018] scale:10000000 groups:1000 work_mem:128MB incremental:off max_workers:2 =====
SELECT * FROM (SELECT * FROM s_1 ORDER BY a) foo ORDER BY a, b LIMIT 100000
                                       QUERY PLAN                                       
----------------------------------------------------------------------------------------
 Limit  (cost=2538196.99..2538196.99 rows=1 width=20)
   ->  Limit  (cost=2536946.99..2537196.99 rows=100000 width=20)
         ->  Sort  (cost=2536946.99..2561947.13 rows=10000054 width=20)
               Sort Key: s_1.a, s_1.b
               ->  Sort  (cost=1531459.54..1556459.68 rows=10000054 width=20)
                     Sort Key: s_1.a
                     ->  Seq Scan on s_1  (cost=0.00..163695.54 rows=10000054 width=20)
(7 rows)

===== 326 [Wed Mar  7 09:24:22 CET 2018] scale:10000000 groups:1000 work_mem:128MB incremental:off max_workers:2 =====
SELECT * FROM (SELECT * FROM s_2 ORDER BY a, b) foo ORDER BY a, b, c LIMIT 100000
                                       QUERY PLAN                                       
----------------------------------------------------------------------------------------
 Limit  (cost=2538196.99..2538196.99 rows=1 width=20)
   ->  Limit  (cost=2536946.99..2537196.99 rows=100000 width=20)
         ->  Sort  (cost=2536946.99..2561947.13 rows=10000054 width=20)
               Sort Key: s_2.a, s_2.b, s_2.c
               ->  Sort  (cost=1531459.54..1556459.68 rows=10000054 width=20)
                     Sort Key: s_2.a, s_2.b
                     ->  Seq Scan on s_2  (cost=0.00..163695.54 rows=10000054 width=20)
(7 rows)

===== 327 [Wed Mar  7 09:24:40 CET 2018] scale:10000000 groups:1000 work_mem:128MB incremental:off max_workers:2 =====
SELECT * FROM (SELECT * FROM s_3 ORDER BY a, b, c) foo ORDER BY a, b, c, d LIMIT 100000
                                       QUERY PLAN                                       
----------------------------------------------------------------------------------------
 Limit  (cost=2538196.99..2538196.99 rows=1 width=20)
   ->  Limit  (cost=2536946.99..2537196.99 rows=100000 width=20)
         ->  Sort  (cost=2536946.99..2561947.13 rows=10000054 width=20)
               Sort Key: s_3.a, s_3.b, s_3.c, s_3.d
               ->  Sort  (cost=1531459.54..1556459.68 rows=10000054 width=20)
                     Sort Key: s_3.a, s_3.b, s_3.c
                     ->  Seq Scan on s_3  (cost=0.00..163695.54 rows=10000054 width=20)
(7 rows)

===== 328 [Wed Mar  7 09:24:59 CET 2018] scale:10000000 groups:1000 work_mem:128MB incremental:off max_workers:2 =====
SELECT * FROM (SELECT * FROM s_4 ORDER BY a, b, c, d) foo ORDER BY a, b, c, d, e LIMIT 100000
                                       QUERY PLAN                                       
----------------------------------------------------------------------------------------
 Limit  (cost=2538196.99..2538196.99 rows=1 width=20)
   ->  Limit  (cost=2536946.99..2537196.99 rows=100000 width=20)
         ->  Sort  (cost=2536946.99..2561947.13 rows=10000054 width=20)
               Sort Key: s_4.a, s_4.b, s_4.c, s_4.d, s_4.e
               ->  Sort  (cost=1531459.54..1556459.68 rows=10000054 width=20)
                     Sort Key: s_4.a, s_4.b, s_4.c, s_4.d
                     ->  Seq Scan on s_4  (cost=0.00..163695.54 rows=10000054 width=20)
(7 rows)

===== 329 [Wed Mar  7 09:25:17 CET 2018] scale:10000000 groups:1000 work_mem:256MB incremental:on max_workers:2 =====
SELECT * FROM (SELECT * FROM s_1 ORDER BY a) foo ORDER BY a, b LIMIT 100000
                                              QUERY PLAN                                              
------------------------------------------------------------------------------------------------------
 Limit  (cost=569057.06..569057.06 rows=1 width=20)
   ->  Limit  (cost=566095.83..568057.06 rows=100000 width=20)
         ->  Incremental Sort  (cost=566095.83..729532.40 rows=8333378 width=20)
               Sort Key: s_1.a, s_1.b
               Presorted Key: s_1.a
               ->  Gather Merge  (cost=564499.16..1536794.48 rows=8333378 width=20)
                     Workers Planned: 2
                     ->  Sort  (cost=563499.14..573915.86 rows=4166689 width=20)
                           Sort Key: s_1.a
                           ->  Parallel Seq Scan on s_1  (cost=0.00..105361.89 rows=4166689 width=20)
(10 rows)

===== 330 [Wed Mar  7 09:25:22 CET 2018] scale:10000000 groups:1000 work_mem:256MB incremental:on max_workers:2 =====
SELECT * FROM (SELECT * FROM s_2 ORDER BY a, b) foo ORDER BY a, b, c LIMIT 100000
                                              QUERY PLAN                                              
------------------------------------------------------------------------------------------------------
 Limit  (cost=567622.52..567622.52 rows=1 width=20)
   ->  Limit  (cost=564500.60..566622.52 rows=100000 width=20)
         ->  Incremental Sort  (cost=564500.60..741328.48 rows=8333378 width=20)
               Sort Key: s_2.a, s_2.b, s_2.c
               Presorted Key: s_2.a, s_2.b
               ->  Gather Merge  (cost=564499.16..1536794.48 rows=8333378 width=20)
                     Workers Planned: 2
                     ->  Sort  (cost=563499.14..573915.86 rows=4166689 width=20)
                           Sort Key: s_2.a, s_2.b
                           ->  Parallel Seq Scan on s_2  (cost=0.00..105361.89 rows=4166689 width=20)
(10 rows)

===== 331 [Wed Mar  7 09:25:27 CET 2018] scale:10000000 groups:1000 work_mem:256MB incremental:on max_workers:2 =====
SELECT * FROM (SELECT * FROM s_3 ORDER BY a, b, c) foo ORDER BY a, b, c, d LIMIT 100000
                                              QUERY PLAN                                              
------------------------------------------------------------------------------------------------------
 Limit  (cost=567622.52..567622.52 rows=1 width=20)
   ->  Limit  (cost=564500.60..566622.52 rows=100000 width=20)
         ->  Incremental Sort  (cost=564500.60..741328.48 rows=8333378 width=20)
               Sort Key: s_3.a, s_3.b, s_3.c, s_3.d
               Presorted Key: s_3.a, s_3.b, s_3.c
               ->  Gather Merge  (cost=564499.16..1536794.48 rows=8333378 width=20)
                     Workers Planned: 2
                     ->  Sort  (cost=563499.14..573915.86 rows=4166689 width=20)
                           Sort Key: s_3.a, s_3.b, s_3.c
                           ->  Parallel Seq Scan on s_3  (cost=0.00..105361.89 rows=4166689 width=20)
(10 rows)

===== 332 [Wed Mar  7 09:25:32 CET 2018] scale:10000000 groups:1000 work_mem:256MB incremental:on max_workers:2 =====
SELECT * FROM (SELECT * FROM s_4 ORDER BY a, b, c, d) foo ORDER BY a, b, c, d, e LIMIT 100000
                                              QUERY PLAN                                              
------------------------------------------------------------------------------------------------------
 Limit  (cost=567622.52..567622.52 rows=1 width=20)
   ->  Limit  (cost=564500.60..566622.52 rows=100000 width=20)
         ->  Incremental Sort  (cost=564500.60..741328.48 rows=8333378 width=20)
               Sort Key: s_4.a, s_4.b, s_4.c, s_4.d, s_4.e
               Presorted Key: s_4.a, s_4.b, s_4.c, s_4.d
               ->  Gather Merge  (cost=564499.16..1536794.48 rows=8333378 width=20)
                     Workers Planned: 2
                     ->  Sort  (cost=563499.14..573915.86 rows=4166689 width=20)
                           Sort Key: s_4.a, s_4.b, s_4.c, s_4.d
                           ->  Parallel Seq Scan on s_4  (cost=0.00..105361.89 rows=4166689 width=20)
(10 rows)

===== 333 [Wed Mar  7 09:25:37 CET 2018] scale:10000000 groups:1000 work_mem:256MB incremental:off max_workers:2 =====
SELECT * FROM (SELECT * FROM s_1 ORDER BY a) foo ORDER BY a, b LIMIT 100000
                                              QUERY PLAN                                              
------------------------------------------------------------------------------------------------------
 Limit  (cost=2355117.21..2355117.21 rows=1 width=20)
   ->  Limit  (cost=2353867.21..2354117.21 rows=100000 width=20)
         ->  Sort  (cost=2353867.21..2374700.66 rows=8333378 width=20)
               Sort Key: s_1.a, s_1.b
               ->  Gather Merge  (cost=564499.16..1536794.48 rows=8333378 width=20)
                     Workers Planned: 2
                     ->  Sort  (cost=563499.14..573915.86 rows=4166689 width=20)
                           Sort Key: s_1.a
                           ->  Parallel Seq Scan on s_1  (cost=0.00..105361.89 rows=4166689 width=20)
(9 rows)

===== 334 [Wed Mar  7 09:25:52 CET 2018] scale:10000000 groups:1000 work_mem:256MB incremental:off max_workers:2 =====
SELECT * FROM (SELECT * FROM s_2 ORDER BY a, b) foo ORDER BY a, b, c LIMIT 100000
                                              QUERY PLAN                                              
------------------------------------------------------------------------------------------------------
 Limit  (cost=2355117.21..2355117.21 rows=1 width=20)
   ->  Limit  (cost=2353867.21..2354117.21 rows=100000 width=20)
         ->  Sort  (cost=2353867.21..2374700.66 rows=8333378 width=20)
               Sort Key: s_2.a, s_2.b, s_2.c
               ->  Gather Merge  (cost=564499.16..1536794.48 rows=8333378 width=20)
                     Workers Planned: 2
                     ->  Sort  (cost=563499.14..573915.86 rows=4166689 width=20)
                           Sort Key: s_2.a, s_2.b
                           ->  Parallel Seq Scan on s_2  (cost=0.00..105361.89 rows=4166689 width=20)
(9 rows)

===== 335 [Wed Mar  7 09:26:09 CET 2018] scale:10000000 groups:1000 work_mem:256MB incremental:off max_workers:2 =====
SELECT * FROM (SELECT * FROM s_3 ORDER BY a, b, c) foo ORDER BY a, b, c, d LIMIT 100000
                                              QUERY PLAN                                              
------------------------------------------------------------------------------------------------------
 Limit  (cost=2355117.21..2355117.21 rows=1 width=20)
   ->  Limit  (cost=2353867.21..2354117.21 rows=100000 width=20)
         ->  Sort  (cost=2353867.21..2374700.66 rows=8333378 width=20)
               Sort Key: s_3.a, s_3.b, s_3.c, s_3.d
               ->  Gather Merge  (cost=564499.16..1536794.48 rows=8333378 width=20)
                     Workers Planned: 2
                     ->  Sort  (cost=563499.14..573915.86 rows=4166689 width=20)
                           Sort Key: s_3.a, s_3.b, s_3.c
                           ->  Parallel Seq Scan on s_3  (cost=0.00..105361.89 rows=4166689 width=20)
(9 rows)

===== 336 [Wed Mar  7 09:26:26 CET 2018] scale:10000000 groups:1000 work_mem:256MB incremental:off max_workers:2 =====
SELECT * FROM (SELECT * FROM s_4 ORDER BY a, b, c, d) foo ORDER BY a, b, c, d, e LIMIT 100000
                                              QUERY PLAN                                              
------------------------------------------------------------------------------------------------------
 Limit  (cost=2355117.21..2355117.21 rows=1 width=20)
   ->  Limit  (cost=2353867.21..2354117.21 rows=100000 width=20)
         ->  Sort  (cost=2353867.21..2374700.66 rows=8333378 width=20)
               Sort Key: s_4.a, s_4.b, s_4.c, s_4.d, s_4.e
               ->  Gather Merge  (cost=564499.16..1536794.48 rows=8333378 width=20)
                     Workers Planned: 2
                     ->  Sort  (cost=563499.14..573915.86 rows=4166689 width=20)
                           Sort Key: s_4.a, s_4.b, s_4.c, s_4.d
                           ->  Parallel Seq Scan on s_4  (cost=0.00..105361.89 rows=4166689 width=20)
(9 rows)

===== 337 [Wed Mar  7 09:27:46 CET 2018] scale:10000000 groups:10000 work_mem:4MB incremental:on max_workers:0 =====
SELECT * FROM (SELECT * FROM s_1 ORDER BY a) foo ORDER BY a, b LIMIT 100000
                                      QUERY PLAN                                       
---------------------------------------------------------------------------------------
 Limit  (cost=1739399.45..1739399.45 rows=1 width=20)
   ->  Limit  (cost=1736585.52..1738399.45 rows=100000 width=20)
         ->  Incremental Sort  (cost=1736585.52..1917977.28 rows=9999939 width=20)
               Sort Key: s_1.a, s_1.b
               Presorted Key: s_1.a
               ->  Sort  (cost=1736519.69..1761519.54 rows=9999939 width=20)
                     Sort Key: s_1.a
                     ->  Seq Scan on s_1  (cost=0.00..163694.39 rows=9999939 width=20)
(8 rows)

===== 338 [Wed Mar  7 09:28:04 CET 2018] scale:10000000 groups:10000 work_mem:4MB incremental:on max_workers:0 =====
SELECT * FROM (SELECT * FROM s_2 ORDER BY a, b) foo ORDER BY a, b, c LIMIT 100000
                                       QUERY PLAN                                       
----------------------------------------------------------------------------------------
 Limit  (cost=1739521.44..1739521.44 rows=1 width=20)
   ->  Limit  (cost=1736542.33..1738521.44 rows=100000 width=20)
         ->  Incremental Sort  (cost=1736542.33..1934454.05 rows=10000054 width=20)
               Sort Key: s_2.a, s_2.b, s_2.c
               Presorted Key: s_2.a, s_2.b
               ->  Sort  (cost=1736542.04..1761542.18 rows=10000054 width=20)
                     Sort Key: s_2.a, s_2.b
                     ->  Seq Scan on s_2  (cost=0.00..163695.54 rows=10000054 width=20)
(8 rows)

===== 339 [Wed Mar  7 09:28:23 CET 2018] scale:10000000 groups:10000 work_mem:4MB incremental:on max_workers:0 =====
SELECT * FROM (SELECT * FROM s_3 ORDER BY a, b, c) foo ORDER BY a, b, c, d LIMIT 100000
                                      QUERY PLAN                                       
---------------------------------------------------------------------------------------
 Limit  (cost=1739499.09..1739499.09 rows=1 width=20)
   ->  Limit  (cost=1736519.98..1738499.09 rows=100000 width=20)
         ->  Incremental Sort  (cost=1736519.98..1934429.47 rows=9999939 width=20)
               Sort Key: s_3.a, s_3.b, s_3.c, s_3.d
               Presorted Key: s_3.a, s_3.b, s_3.c
               ->  Sort  (cost=1736519.69..1761519.54 rows=9999939 width=20)
                     Sort Key: s_3.a, s_3.b, s_3.c
                     ->  Seq Scan on s_3  (cost=0.00..163694.39 rows=9999939 width=20)
(8 rows)

===== 340 [Wed Mar  7 09:28:43 CET 2018] scale:10000000 groups:10000 work_mem:4MB incremental:on max_workers:0 =====
SELECT * FROM (SELECT * FROM s_4 ORDER BY a, b, c, d) foo ORDER BY a, b, c, d, e LIMIT 100000
                                       QUERY PLAN                                       
----------------------------------------------------------------------------------------
 Limit  (cost=1739521.44..1739521.44 rows=1 width=20)
   ->  Limit  (cost=1736542.33..1738521.44 rows=100000 width=20)
         ->  Incremental Sort  (cost=1736542.33..1934454.05 rows=10000054 width=20)
               Sort Key: s_4.a, s_4.b, s_4.c, s_4.d, s_4.e
               Presorted Key: s_4.a, s_4.b, s_4.c, s_4.d
               ->  Sort  (cost=1736542.04..1761542.18 rows=10000054 width=20)
                     Sort Key: s_4.a, s_4.b, s_4.c, s_4.d
                     ->  Seq Scan on s_4  (cost=0.00..163695.54 rows=10000054 width=20)
(8 rows)

===== 341 [Wed Mar  7 09:29:02 CET 2018] scale:10000000 groups:10000 work_mem:4MB incremental:off max_workers:0 =====
SELECT * FROM (SELECT * FROM s_1 ORDER BY a) foo ORDER BY a, b LIMIT 100000
                                      QUERY PLAN                                       
---------------------------------------------------------------------------------------
 Limit  (cost=3435594.23..3435594.23 rows=1 width=20)
   ->  Limit  (cost=3434344.23..3434594.23 rows=100000 width=20)
         ->  Sort  (cost=3434344.23..3459344.08 rows=9999939 width=20)
               Sort Key: s_1.a, s_1.b
               ->  Sort  (cost=1736519.69..1761519.54 rows=9999939 width=20)
                     Sort Key: s_1.a
                     ->  Seq Scan on s_1  (cost=0.00..163694.39 rows=9999939 width=20)
(7 rows)

===== 342 [Wed Mar  7 09:29:54 CET 2018] scale:10000000 groups:10000 work_mem:4MB incremental:off max_workers:0 =====
SELECT * FROM (SELECT * FROM s_2 ORDER BY a, b) foo ORDER BY a, b, c LIMIT 100000
                                       QUERY PLAN                                       
----------------------------------------------------------------------------------------
 Limit  (cost=3435639.22..3435639.22 rows=1 width=20)
   ->  Limit  (cost=3434389.22..3434639.22 rows=100000 width=20)
         ->  Sort  (cost=3434389.22..3459389.35 rows=10000054 width=20)
               Sort Key: s_2.a, s_2.b, s_2.c
               ->  Sort  (cost=1736542.04..1761542.18 rows=10000054 width=20)
                     Sort Key: s_2.a, s_2.b
                     ->  Seq Scan on s_2  (cost=0.00..163695.54 rows=10000054 width=20)
(7 rows)

===== 343 [Wed Mar  7 09:30:42 CET 2018] scale:10000000 groups:10000 work_mem:4MB incremental:off max_workers:0 =====
SELECT * FROM (SELECT * FROM s_3 ORDER BY a, b, c) foo ORDER BY a, b, c, d LIMIT 100000
                                      QUERY PLAN                                       
---------------------------------------------------------------------------------------
 Limit  (cost=3435594.23..3435594.23 rows=1 width=20)
   ->  Limit  (cost=3434344.23..3434594.23 rows=100000 width=20)
         ->  Sort  (cost=3434344.23..3459344.08 rows=9999939 width=20)
               Sort Key: s_3.a, s_3.b, s_3.c, s_3.d
               ->  Sort  (cost=1736519.69..1761519.54 rows=9999939 width=20)
                     Sort Key: s_3.a, s_3.b, s_3.c
                     ->  Seq Scan on s_3  (cost=0.00..163694.39 rows=9999939 width=20)
(7 rows)

===== 344 [Wed Mar  7 09:31:22 CET 2018] scale:10000000 groups:10000 work_mem:4MB incremental:off max_workers:0 =====
SELECT * FROM (SELECT * FROM s_4 ORDER BY a, b, c, d) foo ORDER BY a, b, c, d, e LIMIT 100000
                                       QUERY PLAN                                       
----------------------------------------------------------------------------------------
 Limit  (cost=3435639.22..3435639.22 rows=1 width=20)
   ->  Limit  (cost=3434389.22..3434639.22 rows=100000 width=20)
         ->  Sort  (cost=3434389.22..3459389.35 rows=10000054 width=20)
               Sort Key: s_4.a, s_4.b, s_4.c, s_4.d, s_4.e
               ->  Sort  (cost=1736542.04..1761542.18 rows=10000054 width=20)
                     Sort Key: s_4.a, s_4.b, s_4.c, s_4.d
                     ->  Seq Scan on s_4  (cost=0.00..163695.54 rows=10000054 width=20)
(7 rows)

===== 345 [Wed Mar  7 09:32:01 CET 2018] scale:10000000 groups:10000 work_mem:8MB incremental:on max_workers:0 =====
SELECT * FROM (SELECT * FROM s_1 ORDER BY a) foo ORDER BY a, b LIMIT 100000
                                      QUERY PLAN                                       
---------------------------------------------------------------------------------------
 Limit  (cost=1739399.45..1739399.45 rows=1 width=20)
   ->  Limit  (cost=1736585.52..1738399.45 rows=100000 width=20)
         ->  Incremental Sort  (cost=1736585.52..1917977.28 rows=9999939 width=20)
               Sort Key: s_1.a, s_1.b
               Presorted Key: s_1.a
               ->  Sort  (cost=1736519.69..1761519.54 rows=9999939 width=20)
                     Sort Key: s_1.a
                     ->  Seq Scan on s_1  (cost=0.00..163694.39 rows=9999939 width=20)
(8 rows)

===== 346 [Wed Mar  7 09:32:15 CET 2018] scale:10000000 groups:10000 work_mem:8MB incremental:on max_workers:0 =====
SELECT * FROM (SELECT * FROM s_2 ORDER BY a, b) foo ORDER BY a, b, c LIMIT 100000
                                       QUERY PLAN                                       
----------------------------------------------------------------------------------------
 Limit  (cost=1739521.44..1739521.44 rows=1 width=20)
   ->  Limit  (cost=1736542.33..1738521.44 rows=100000 width=20)
         ->  Incremental Sort  (cost=1736542.33..1934454.05 rows=10000054 width=20)
               Sort Key: s_2.a, s_2.b, s_2.c
               Presorted Key: s_2.a, s_2.b
               ->  Sort  (cost=1736542.04..1761542.18 rows=10000054 width=20)
                     Sort Key: s_2.a, s_2.b
                     ->  Seq Scan on s_2  (cost=0.00..163695.54 rows=10000054 width=20)
(8 rows)

===== 347 [Wed Mar  7 09:32:30 CET 2018] scale:10000000 groups:10000 work_mem:8MB incremental:on max_workers:0 =====
SELECT * FROM (SELECT * FROM s_3 ORDER BY a, b, c) foo ORDER BY a, b, c, d LIMIT 100000
                                      QUERY PLAN                                       
---------------------------------------------------------------------------------------
 Limit  (cost=1739499.09..1739499.09 rows=1 width=20)
   ->  Limit  (cost=1736519.98..1738499.09 rows=100000 width=20)
         ->  Incremental Sort  (cost=1736519.98..1934429.47 rows=9999939 width=20)
               Sort Key: s_3.a, s_3.b, s_3.c, s_3.d
               Presorted Key: s_3.a, s_3.b, s_3.c
               ->  Sort  (cost=1736519.69..1761519.54 rows=9999939 width=20)
                     Sort Key: s_3.a, s_3.b, s_3.c
                     ->  Seq Scan on s_3  (cost=0.00..163694.39 rows=9999939 width=20)
(8 rows)

===== 348 [Wed Mar  7 09:32:45 CET 2018] scale:10000000 groups:10000 work_mem:8MB incremental:on max_workers:0 =====
SELECT * FROM (SELECT * FROM s_4 ORDER BY a, b, c, d) foo ORDER BY a, b, c, d, e LIMIT 100000
                                       QUERY PLAN                                       
----------------------------------------------------------------------------------------
 Limit  (cost=1739521.44..1739521.44 rows=1 width=20)
   ->  Limit  (cost=1736542.33..1738521.44 rows=100000 width=20)
         ->  Incremental Sort  (cost=1736542.33..1934454.05 rows=10000054 width=20)
               Sort Key: s_4.a, s_4.b, s_4.c, s_4.d, s_4.e
               Presorted Key: s_4.a, s_4.b, s_4.c, s_4.d
               ->  Sort  (cost=1736542.04..1761542.18 rows=10000054 width=20)
                     Sort Key: s_4.a, s_4.b, s_4.c, s_4.d
                     ->  Seq Scan on s_4  (cost=0.00..163695.54 rows=10000054 width=20)
(8 rows)

===== 349 [Wed Mar  7 09:33:00 CET 2018] scale:10000000 groups:10000 work_mem:8MB incremental:off max_workers:0 =====
SELECT * FROM (SELECT * FROM s_1 ORDER BY a) foo ORDER BY a, b LIMIT 100000
                                      QUERY PLAN                                       
---------------------------------------------------------------------------------------
 Limit  (cost=2743245.58..2743245.58 rows=1 width=20)
   ->  Limit  (cost=2741995.58..2742245.58 rows=100000 width=20)
         ->  Sort  (cost=2741995.58..2766995.43 rows=9999939 width=20)
               Sort Key: s_1.a, s_1.b
               ->  Sort  (cost=1736519.69..1761519.54 rows=9999939 width=20)
                     Sort Key: s_1.a
                     ->  Seq Scan on s_1  (cost=0.00..163694.39 rows=9999939 width=20)
(7 rows)

===== 350 [Wed Mar  7 09:33:45 CET 2018] scale:10000000 groups:10000 work_mem:8MB incremental:off max_workers:0 =====
SELECT * FROM (SELECT * FROM s_2 ORDER BY a, b) foo ORDER BY a, b, c LIMIT 100000
                                       QUERY PLAN                                       
----------------------------------------------------------------------------------------
 Limit  (cost=2743279.49..2743279.49 rows=1 width=20)
   ->  Limit  (cost=2742029.49..2742279.49 rows=100000 width=20)
         ->  Sort  (cost=2742029.49..2767029.63 rows=10000054 width=20)
               Sort Key: s_2.a, s_2.b, s_2.c
               ->  Sort  (cost=1736542.04..1761542.18 rows=10000054 width=20)
                     Sort Key: s_2.a, s_2.b
                     ->  Seq Scan on s_2  (cost=0.00..163695.54 rows=10000054 width=20)
(7 rows)

===== 351 [Wed Mar  7 09:34:24 CET 2018] scale:10000000 groups:10000 work_mem:8MB incremental:off max_workers:0 =====
SELECT * FROM (SELECT * FROM s_3 ORDER BY a, b, c) foo ORDER BY a, b, c, d LIMIT 100000
                                      QUERY PLAN                                       
---------------------------------------------------------------------------------------
 Limit  (cost=2743245.58..2743245.58 rows=1 width=20)
   ->  Limit  (cost=2741995.58..2742245.58 rows=100000 width=20)
         ->  Sort  (cost=2741995.58..2766995.43 rows=9999939 width=20)
               Sort Key: s_3.a, s_3.b, s_3.c, s_3.d
               ->  Sort  (cost=1736519.69..1761519.54 rows=9999939 width=20)
                     Sort Key: s_3.a, s_3.b, s_3.c
                     ->  Seq Scan on s_3  (cost=0.00..163694.39 rows=9999939 width=20)
(7 rows)

===== 352 [Wed Mar  7 09:34:56 CET 2018] scale:10000000 groups:10000 work_mem:8MB incremental:off max_workers:0 =====
SELECT * FROM (SELECT * FROM s_4 ORDER BY a, b, c, d) foo ORDER BY a, b, c, d, e LIMIT 100000
                                       QUERY PLAN                                       
----------------------------------------------------------------------------------------
 Limit  (cost=2743279.49..2743279.49 rows=1 width=20)
   ->  Limit  (cost=2742029.49..2742279.49 rows=100000 width=20)
         ->  Sort  (cost=2742029.49..2767029.63 rows=10000054 width=20)
               Sort Key: s_4.a, s_4.b, s_4.c, s_4.d, s_4.e
               ->  Sort  (cost=1736542.04..1761542.18 rows=10000054 width=20)
                     Sort Key: s_4.a, s_4.b, s_4.c, s_4.d
                     ->  Seq Scan on s_4  (cost=0.00..163695.54 rows=10000054 width=20)
(7 rows)

===== 353 [Wed Mar  7 09:35:26 CET 2018] scale:10000000 groups:10000 work_mem:16MB incremental:on max_workers:0 =====
SELECT * FROM (SELECT * FROM s_1 ORDER BY a) foo ORDER BY a, b LIMIT 100000
                                      QUERY PLAN                                       
---------------------------------------------------------------------------------------
 Limit  (cost=1534320.45..1534320.45 rows=1 width=20)
   ->  Limit  (cost=1531506.52..1533320.45 rows=100000 width=20)
         ->  Incremental Sort  (cost=1531506.52..1712898.28 rows=9999939 width=20)
               Sort Key: s_1.a, s_1.b
               Presorted Key: s_1.a
               ->  Sort  (cost=1531440.69..1556440.54 rows=9999939 width=20)
                     Sort Key: s_1.a
                     ->  Seq Scan on s_1  (cost=0.00..163694.39 rows=9999939 width=20)
(8 rows)

===== 354 [Wed Mar  7 09:35:36 CET 2018] scale:10000000 groups:10000 work_mem:16MB incremental:on max_workers:0 =====
SELECT * FROM (SELECT * FROM s_2 ORDER BY a, b) foo ORDER BY a, b, c LIMIT 100000
                                       QUERY PLAN                                       
----------------------------------------------------------------------------------------
 Limit  (cost=1534438.94..1534438.94 rows=1 width=20)
   ->  Limit  (cost=1531459.83..1533438.94 rows=100000 width=20)
         ->  Incremental Sort  (cost=1531459.83..1729371.55 rows=10000054 width=20)
               Sort Key: s_2.a, s_2.b, s_2.c
               Presorted Key: s_2.a, s_2.b
               ->  Sort  (cost=1531459.54..1556459.68 rows=10000054 width=20)
                     Sort Key: s_2.a, s_2.b
                     ->  Seq Scan on s_2  (cost=0.00..163695.54 rows=10000054 width=20)
(8 rows)

===== 355 [Wed Mar  7 09:35:46 CET 2018] scale:10000000 groups:10000 work_mem:16MB incremental:on max_workers:0 =====
SELECT * FROM (SELECT * FROM s_3 ORDER BY a, b, c) foo ORDER BY a, b, c, d LIMIT 100000
                                      QUERY PLAN                                       
---------------------------------------------------------------------------------------
 Limit  (cost=1534420.09..1534420.09 rows=1 width=20)
   ->  Limit  (cost=1531440.98..1533420.09 rows=100000 width=20)
         ->  Incremental Sort  (cost=1531440.98..1729350.47 rows=9999939 width=20)
               Sort Key: s_3.a, s_3.b, s_3.c, s_3.d
               Presorted Key: s_3.a, s_3.b, s_3.c
               ->  Sort  (cost=1531440.69..1556440.54 rows=9999939 width=20)
                     Sort Key: s_3.a, s_3.b, s_3.c
                     ->  Seq Scan on s_3  (cost=0.00..163694.39 rows=9999939 width=20)
(8 rows)

===== 356 [Wed Mar  7 09:35:57 CET 2018] scale:10000000 groups:10000 work_mem:16MB incremental:on max_workers:0 =====
SELECT * FROM (SELECT * FROM s_4 ORDER BY a, b, c, d) foo ORDER BY a, b, c, d, e LIMIT 100000
                                       QUERY PLAN                                       
----------------------------------------------------------------------------------------
 Limit  (cost=1534438.94..1534438.94 rows=1 width=20)
   ->  Limit  (cost=1531459.83..1533438.94 rows=100000 width=20)
         ->  Incremental Sort  (cost=1531459.83..1729371.55 rows=10000054 width=20)
               Sort Key: s_4.a, s_4.b, s_4.c, s_4.d, s_4.e
               Presorted Key: s_4.a, s_4.b, s_4.c, s_4.d
               ->  Sort  (cost=1531459.54..1556459.68 rows=10000054 width=20)
                     Sort Key: s_4.a, s_4.b, s_4.c, s_4.d
                     ->  Seq Scan on s_4  (cost=0.00..163695.54 rows=10000054 width=20)
(8 rows)

===== 357 [Wed Mar  7 09:36:07 CET 2018] scale:10000000 groups:10000 work_mem:16MB incremental:off max_workers:0 =====
SELECT * FROM (SELECT * FROM s_1 ORDER BY a) foo ORDER BY a, b LIMIT 100000
                                      QUERY PLAN                                       
---------------------------------------------------------------------------------------
 Limit  (cost=2538166.58..2538166.58 rows=1 width=20)
   ->  Limit  (cost=2536916.58..2537166.58 rows=100000 width=20)
         ->  Sort  (cost=2536916.58..2561916.43 rows=9999939 width=20)
               Sort Key: s_1.a, s_1.b
               ->  Sort  (cost=1531440.69..1556440.54 rows=9999939 width=20)
                     Sort Key: s_1.a
                     ->  Seq Scan on s_1  (cost=0.00..163694.39 rows=9999939 width=20)
(7 rows)

===== 358 [Wed Mar  7 09:36:43 CET 2018] scale:10000000 groups:10000 work_mem:16MB incremental:off max_workers:0 =====
SELECT * FROM (SELECT * FROM s_2 ORDER BY a, b) foo ORDER BY a, b, c LIMIT 100000
                                       QUERY PLAN                                       
----------------------------------------------------------------------------------------
 Limit  (cost=2538196.99..2538196.99 rows=1 width=20)
   ->  Limit  (cost=2536946.99..2537196.99 rows=100000 width=20)
         ->  Sort  (cost=2536946.99..2561947.13 rows=10000054 width=20)
               Sort Key: s_2.a, s_2.b, s_2.c
               ->  Sort  (cost=1531459.54..1556459.68 rows=10000054 width=20)
                     Sort Key: s_2.a, s_2.b
                     ->  Seq Scan on s_2  (cost=0.00..163695.54 rows=10000054 width=20)
(7 rows)

===== 359 [Wed Mar  7 09:37:15 CET 2018] scale:10000000 groups:10000 work_mem:16MB incremental:off max_workers:0 =====
SELECT * FROM (SELECT * FROM s_3 ORDER BY a, b, c) foo ORDER BY a, b, c, d LIMIT 100000
                                      QUERY PLAN                                       
---------------------------------------------------------------------------------------
 Limit  (cost=2538166.58..2538166.58 rows=1 width=20)
   ->  Limit  (cost=2536916.58..2537166.58 rows=100000 width=20)
         ->  Sort  (cost=2536916.58..2561916.43 rows=9999939 width=20)
               Sort Key: s_3.a, s_3.b, s_3.c, s_3.d
               ->  Sort  (cost=1531440.69..1556440.54 rows=9999939 width=20)
                     Sort Key: s_3.a, s_3.b, s_3.c
                     ->  Seq Scan on s_3  (cost=0.00..163694.39 rows=9999939 width=20)
(7 rows)

===== 360 [Wed Mar  7 09:37:37 CET 2018] scale:10000000 groups:10000 work_mem:16MB incremental:off max_workers:0 =====
SELECT * FROM (SELECT * FROM s_4 ORDER BY a, b, c, d) foo ORDER BY a, b, c, d, e LIMIT 100000
                                       QUERY PLAN                                       
----------------------------------------------------------------------------------------
 Limit  (cost=2538196.99..2538196.99 rows=1 width=20)
   ->  Limit  (cost=2536946.99..2537196.99 rows=100000 width=20)
         ->  Sort  (cost=2536946.99..2561947.13 rows=10000054 width=20)
               Sort Key: s_4.a, s_4.b, s_4.c, s_4.d, s_4.e
               ->  Sort  (cost=1531459.54..1556459.68 rows=10000054 width=20)
                     Sort Key: s_4.a, s_4.b, s_4.c, s_4.d
                     ->  Seq Scan on s_4  (cost=0.00..163695.54 rows=10000054 width=20)
(7 rows)

===== 361 [Wed Mar  7 09:37:58 CET 2018] scale:10000000 groups:10000 work_mem:32MB incremental:on max_workers:0 =====
SELECT * FROM (SELECT * FROM s_1 ORDER BY a) foo ORDER BY a, b LIMIT 100000
                                      QUERY PLAN                                       
---------------------------------------------------------------------------------------
 Limit  (cost=1534320.45..1534320.45 rows=1 width=20)
   ->  Limit  (cost=1531506.52..1533320.45 rows=100000 width=20)
         ->  Incremental Sort  (cost=1531506.52..1712898.28 rows=9999939 width=20)
               Sort Key: s_1.a, s_1.b
               Presorted Key: s_1.a
               ->  Sort  (cost=1531440.69..1556440.54 rows=9999939 width=20)
                     Sort Key: s_1.a
                     ->  Seq Scan on s_1  (cost=0.00..163694.39 rows=9999939 width=20)
(8 rows)

===== 362 [Wed Mar  7 09:38:08 CET 2018] scale:10000000 groups:10000 work_mem:32MB incremental:on max_workers:0 =====
SELECT * FROM (SELECT * FROM s_2 ORDER BY a, b) foo ORDER BY a, b, c LIMIT 100000
                                       QUERY PLAN                                       
----------------------------------------------------------------------------------------
 Limit  (cost=1534438.94..1534438.94 rows=1 width=20)
   ->  Limit  (cost=1531459.83..1533438.94 rows=100000 width=20)
         ->  Incremental Sort  (cost=1531459.83..1729371.55 rows=10000054 width=20)
               Sort Key: s_2.a, s_2.b, s_2.c
               Presorted Key: s_2.a, s_2.b
               ->  Sort  (cost=1531459.54..1556459.68 rows=10000054 width=20)
                     Sort Key: s_2.a, s_2.b
                     ->  Seq Scan on s_2  (cost=0.00..163695.54 rows=10000054 width=20)
(8 rows)

===== 363 [Wed Mar  7 09:38:18 CET 2018] scale:10000000 groups:10000 work_mem:32MB incremental:on max_workers:0 =====
SELECT * FROM (SELECT * FROM s_3 ORDER BY a, b, c) foo ORDER BY a, b, c, d LIMIT 100000
                                      QUERY PLAN                                       
---------------------------------------------------------------------------------------
 Limit  (cost=1534420.09..1534420.09 rows=1 width=20)
   ->  Limit  (cost=1531440.98..1533420.09 rows=100000 width=20)
         ->  Incremental Sort  (cost=1531440.98..1729350.47 rows=9999939 width=20)
               Sort Key: s_3.a, s_3.b, s_3.c, s_3.d
               Presorted Key: s_3.a, s_3.b, s_3.c
               ->  Sort  (cost=1531440.69..1556440.54 rows=9999939 width=20)
                     Sort Key: s_3.a, s_3.b, s_3.c
                     ->  Seq Scan on s_3  (cost=0.00..163694.39 rows=9999939 width=20)
(8 rows)

===== 364 [Wed Mar  7 09:38:28 CET 2018] scale:10000000 groups:10000 work_mem:32MB incremental:on max_workers:0 =====
SELECT * FROM (SELECT * FROM s_4 ORDER BY a, b, c, d) foo ORDER BY a, b, c, d, e LIMIT 100000
                                       QUERY PLAN                                       
----------------------------------------------------------------------------------------
 Limit  (cost=1534438.94..1534438.94 rows=1 width=20)
   ->  Limit  (cost=1531459.83..1533438.94 rows=100000 width=20)
         ->  Incremental Sort  (cost=1531459.83..1729371.55 rows=10000054 width=20)
               Sort Key: s_4.a, s_4.b, s_4.c, s_4.d, s_4.e
               Presorted Key: s_4.a, s_4.b, s_4.c, s_4.d
               ->  Sort  (cost=1531459.54..1556459.68 rows=10000054 width=20)
                     Sort Key: s_4.a, s_4.b, s_4.c, s_4.d
                     ->  Seq Scan on s_4  (cost=0.00..163695.54 rows=10000054 width=20)
(8 rows)

===== 365 [Wed Mar  7 09:38:38 CET 2018] scale:10000000 groups:10000 work_mem:32MB incremental:off max_workers:0 =====
SELECT * FROM (SELECT * FROM s_1 ORDER BY a) foo ORDER BY a, b LIMIT 100000
                                      QUERY PLAN                                       
---------------------------------------------------------------------------------------
 Limit  (cost=2538166.58..2538166.58 rows=1 width=20)
   ->  Limit  (cost=2536916.58..2537166.58 rows=100000 width=20)
         ->  Sort  (cost=2536916.58..2561916.43 rows=9999939 width=20)
               Sort Key: s_1.a, s_1.b
               ->  Sort  (cost=1531440.69..1556440.54 rows=9999939 width=20)
                     Sort Key: s_1.a
                     ->  Seq Scan on s_1  (cost=0.00..163694.39 rows=9999939 width=20)
(7 rows)

===== 366 [Wed Mar  7 09:38:55 CET 2018] scale:10000000 groups:10000 work_mem:32MB incremental:off max_workers:0 =====
SELECT * FROM (SELECT * FROM s_2 ORDER BY a, b) foo ORDER BY a, b, c LIMIT 100000
                                       QUERY PLAN                                       
----------------------------------------------------------------------------------------
 Limit  (cost=2538196.99..2538196.99 rows=1 width=20)
   ->  Limit  (cost=2536946.99..2537196.99 rows=100000 width=20)
         ->  Sort  (cost=2536946.99..2561947.13 rows=10000054 width=20)
               Sort Key: s_2.a, s_2.b, s_2.c
               ->  Sort  (cost=1531459.54..1556459.68 rows=10000054 width=20)
                     Sort Key: s_2.a, s_2.b
                     ->  Seq Scan on s_2  (cost=0.00..163695.54 rows=10000054 width=20)
(7 rows)

===== 367 [Wed Mar  7 09:39:12 CET 2018] scale:10000000 groups:10000 work_mem:32MB incremental:off max_workers:0 =====
SELECT * FROM (SELECT * FROM s_3 ORDER BY a, b, c) foo ORDER BY a, b, c, d LIMIT 100000
                                      QUERY PLAN                                       
---------------------------------------------------------------------------------------
 Limit  (cost=2538166.58..2538166.58 rows=1 width=20)
   ->  Limit  (cost=2536916.58..2537166.58 rows=100000 width=20)
         ->  Sort  (cost=2536916.58..2561916.43 rows=9999939 width=20)
               Sort Key: s_3.a, s_3.b, s_3.c, s_3.d
               ->  Sort  (cost=1531440.69..1556440.54 rows=9999939 width=20)
                     Sort Key: s_3.a, s_3.b, s_3.c
                     ->  Seq Scan on s_3  (cost=0.00..163694.39 rows=9999939 width=20)
(7 rows)

===== 368 [Wed Mar  7 09:39:30 CET 2018] scale:10000000 groups:10000 work_mem:32MB incremental:off max_workers:0 =====
SELECT * FROM (SELECT * FROM s_4 ORDER BY a, b, c, d) foo ORDER BY a, b, c, d, e LIMIT 100000
                                       QUERY PLAN                                       
----------------------------------------------------------------------------------------
 Limit  (cost=2538196.99..2538196.99 rows=1 width=20)
   ->  Limit  (cost=2536946.99..2537196.99 rows=100000 width=20)
         ->  Sort  (cost=2536946.99..2561947.13 rows=10000054 width=20)
               Sort Key: s_4.a, s_4.b, s_4.c, s_4.d, s_4.e
               ->  Sort  (cost=1531459.54..1556459.68 rows=10000054 width=20)
                     Sort Key: s_4.a, s_4.b, s_4.c, s_4.d
                     ->  Seq Scan on s_4  (cost=0.00..163695.54 rows=10000054 width=20)
(7 rows)

===== 369 [Wed Mar  7 09:39:48 CET 2018] scale:10000000 groups:10000 work_mem:64MB incremental:on max_workers:0 =====
SELECT * FROM (SELECT * FROM s_1 ORDER BY a) foo ORDER BY a, b LIMIT 100000
                                      QUERY PLAN                                       
---------------------------------------------------------------------------------------
 Limit  (cost=1534320.45..1534320.45 rows=1 width=20)
   ->  Limit  (cost=1531506.52..1533320.45 rows=100000 width=20)
         ->  Incremental Sort  (cost=1531506.52..1712898.28 rows=9999939 width=20)
               Sort Key: s_1.a, s_1.b
               Presorted Key: s_1.a
               ->  Sort  (cost=1531440.69..1556440.54 rows=9999939 width=20)
                     Sort Key: s_1.a
                     ->  Seq Scan on s_1  (cost=0.00..163694.39 rows=9999939 width=20)
(8 rows)

===== 370 [Wed Mar  7 09:39:57 CET 2018] scale:10000000 groups:10000 work_mem:64MB incremental:on max_workers:0 =====
SELECT * FROM (SELECT * FROM s_2 ORDER BY a, b) foo ORDER BY a, b, c LIMIT 100000
                                       QUERY PLAN                                       
----------------------------------------------------------------------------------------
 Limit  (cost=1534438.94..1534438.94 rows=1 width=20)
   ->  Limit  (cost=1531459.83..1533438.94 rows=100000 width=20)
         ->  Incremental Sort  (cost=1531459.83..1729371.55 rows=10000054 width=20)
               Sort Key: s_2.a, s_2.b, s_2.c
               Presorted Key: s_2.a, s_2.b
               ->  Sort  (cost=1531459.54..1556459.68 rows=10000054 width=20)
                     Sort Key: s_2.a, s_2.b
                     ->  Seq Scan on s_2  (cost=0.00..163695.54 rows=10000054 width=20)
(8 rows)

===== 371 [Wed Mar  7 09:40:08 CET 2018] scale:10000000 groups:10000 work_mem:64MB incremental:on max_workers:0 =====
SELECT * FROM (SELECT * FROM s_3 ORDER BY a, b, c) foo ORDER BY a, b, c, d LIMIT 100000
                                      QUERY PLAN                                       
---------------------------------------------------------------------------------------
 Limit  (cost=1534420.09..1534420.09 rows=1 width=20)
   ->  Limit  (cost=1531440.98..1533420.09 rows=100000 width=20)
         ->  Incremental Sort  (cost=1531440.98..1729350.47 rows=9999939 width=20)
               Sort Key: s_3.a, s_3.b, s_3.c, s_3.d
               Presorted Key: s_3.a, s_3.b, s_3.c
               ->  Sort  (cost=1531440.69..1556440.54 rows=9999939 width=20)
                     Sort Key: s_3.a, s_3.b, s_3.c
                     ->  Seq Scan on s_3  (cost=0.00..163694.39 rows=9999939 width=20)
(8 rows)

===== 372 [Wed Mar  7 09:40:18 CET 2018] scale:10000000 groups:10000 work_mem:64MB incremental:on max_workers:0 =====
SELECT * FROM (SELECT * FROM s_4 ORDER BY a, b, c, d) foo ORDER BY a, b, c, d, e LIMIT 100000
                                       QUERY PLAN                                       
----------------------------------------------------------------------------------------
 Limit  (cost=1534438.94..1534438.94 rows=1 width=20)
   ->  Limit  (cost=1531459.83..1533438.94 rows=100000 width=20)
         ->  Incremental Sort  (cost=1531459.83..1729371.55 rows=10000054 width=20)
               Sort Key: s_4.a, s_4.b, s_4.c, s_4.d, s_4.e
               Presorted Key: s_4.a, s_4.b, s_4.c, s_4.d
               ->  Sort  (cost=1531459.54..1556459.68 rows=10000054 width=20)
                     Sort Key: s_4.a, s_4.b, s_4.c, s_4.d
                     ->  Seq Scan on s_4  (cost=0.00..163695.54 rows=10000054 width=20)
(8 rows)

===== 373 [Wed Mar  7 09:40:28 CET 2018] scale:10000000 groups:10000 work_mem:64MB incremental:off max_workers:0 =====
SELECT * FROM (SELECT * FROM s_1 ORDER BY a) foo ORDER BY a, b LIMIT 100000
                                      QUERY PLAN                                       
---------------------------------------------------------------------------------------
 Limit  (cost=2538166.58..2538166.58 rows=1 width=20)
   ->  Limit  (cost=2536916.58..2537166.58 rows=100000 width=20)
         ->  Sort  (cost=2536916.58..2561916.43 rows=9999939 width=20)
               Sort Key: s_1.a, s_1.b
               ->  Sort  (cost=1531440.69..1556440.54 rows=9999939 width=20)
                     Sort Key: s_1.a
                     ->  Seq Scan on s_1  (cost=0.00..163694.39 rows=9999939 width=20)
(7 rows)

===== 374 [Wed Mar  7 09:40:45 CET 2018] scale:10000000 groups:10000 work_mem:64MB incremental:off max_workers:0 =====
SELECT * FROM (SELECT * FROM s_2 ORDER BY a, b) foo ORDER BY a, b, c LIMIT 100000
                                       QUERY PLAN                                       
----------------------------------------------------------------------------------------
 Limit  (cost=2538196.99..2538196.99 rows=1 width=20)
   ->  Limit  (cost=2536946.99..2537196.99 rows=100000 width=20)
         ->  Sort  (cost=2536946.99..2561947.13 rows=10000054 width=20)
               Sort Key: s_2.a, s_2.b, s_2.c
               ->  Sort  (cost=1531459.54..1556459.68 rows=10000054 width=20)
                     Sort Key: s_2.a, s_2.b
                     ->  Seq Scan on s_2  (cost=0.00..163695.54 rows=10000054 width=20)
(7 rows)

===== 375 [Wed Mar  7 09:41:03 CET 2018] scale:10000000 groups:10000 work_mem:64MB incremental:off max_workers:0 =====
SELECT * FROM (SELECT * FROM s_3 ORDER BY a, b, c) foo ORDER BY a, b, c, d LIMIT 100000
                                      QUERY PLAN                                       
---------------------------------------------------------------------------------------
 Limit  (cost=2538166.58..2538166.58 rows=1 width=20)
   ->  Limit  (cost=2536916.58..2537166.58 rows=100000 width=20)
         ->  Sort  (cost=2536916.58..2561916.43 rows=9999939 width=20)
               Sort Key: s_3.a, s_3.b, s_3.c, s_3.d
               ->  Sort  (cost=1531440.69..1556440.54 rows=9999939 width=20)
                     Sort Key: s_3.a, s_3.b, s_3.c
                     ->  Seq Scan on s_3  (cost=0.00..163694.39 rows=9999939 width=20)
(7 rows)

===== 376 [Wed Mar  7 09:41:21 CET 2018] scale:10000000 groups:10000 work_mem:64MB incremental:off max_workers:0 =====
SELECT * FROM (SELECT * FROM s_4 ORDER BY a, b, c, d) foo ORDER BY a, b, c, d, e LIMIT 100000
                                       QUERY PLAN                                       
----------------------------------------------------------------------------------------
 Limit  (cost=2538196.99..2538196.99 rows=1 width=20)
   ->  Limit  (cost=2536946.99..2537196.99 rows=100000 width=20)
         ->  Sort  (cost=2536946.99..2561947.13 rows=10000054 width=20)
               Sort Key: s_4.a, s_4.b, s_4.c, s_4.d, s_4.e
               ->  Sort  (cost=1531459.54..1556459.68 rows=10000054 width=20)
                     Sort Key: s_4.a, s_4.b, s_4.c, s_4.d
                     ->  Seq Scan on s_4  (cost=0.00..163695.54 rows=10000054 width=20)
(7 rows)

===== 377 [Wed Mar  7 09:41:39 CET 2018] scale:10000000 groups:10000 work_mem:128MB incremental:on max_workers:0 =====
SELECT * FROM (SELECT * FROM s_1 ORDER BY a) foo ORDER BY a, b LIMIT 100000
                                      QUERY PLAN                                       
---------------------------------------------------------------------------------------
 Limit  (cost=1534320.45..1534320.45 rows=1 width=20)
   ->  Limit  (cost=1531506.52..1533320.45 rows=100000 width=20)
         ->  Incremental Sort  (cost=1531506.52..1712898.28 rows=9999939 width=20)
               Sort Key: s_1.a, s_1.b
               Presorted Key: s_1.a
               ->  Sort  (cost=1531440.69..1556440.54 rows=9999939 width=20)
                     Sort Key: s_1.a
                     ->  Seq Scan on s_1  (cost=0.00..163694.39 rows=9999939 width=20)
(8 rows)

===== 378 [Wed Mar  7 09:41:49 CET 2018] scale:10000000 groups:10000 work_mem:128MB incremental:on max_workers:0 =====
SELECT * FROM (SELECT * FROM s_2 ORDER BY a, b) foo ORDER BY a, b, c LIMIT 100000
                                       QUERY PLAN                                       
----------------------------------------------------------------------------------------
 Limit  (cost=1534438.94..1534438.94 rows=1 width=20)
   ->  Limit  (cost=1531459.83..1533438.94 rows=100000 width=20)
         ->  Incremental Sort  (cost=1531459.83..1729371.55 rows=10000054 width=20)
               Sort Key: s_2.a, s_2.b, s_2.c
               Presorted Key: s_2.a, s_2.b
               ->  Sort  (cost=1531459.54..1556459.68 rows=10000054 width=20)
                     Sort Key: s_2.a, s_2.b
                     ->  Seq Scan on s_2  (cost=0.00..163695.54 rows=10000054 width=20)
(8 rows)

===== 379 [Wed Mar  7 09:42:00 CET 2018] scale:10000000 groups:10000 work_mem:128MB incremental:on max_workers:0 =====
SELECT * FROM (SELECT * FROM s_3 ORDER BY a, b, c) foo ORDER BY a, b, c, d LIMIT 100000
                                      QUERY PLAN                                       
---------------------------------------------------------------------------------------
 Limit  (cost=1534420.09..1534420.09 rows=1 width=20)
   ->  Limit  (cost=1531440.98..1533420.09 rows=100000 width=20)
         ->  Incremental Sort  (cost=1531440.98..1729350.47 rows=9999939 width=20)
               Sort Key: s_3.a, s_3.b, s_3.c, s_3.d
               Presorted Key: s_3.a, s_3.b, s_3.c
               ->  Sort  (cost=1531440.69..1556440.54 rows=9999939 width=20)
                     Sort Key: s_3.a, s_3.b, s_3.c
                     ->  Seq Scan on s_3  (cost=0.00..163694.39 rows=9999939 width=20)
(8 rows)

===== 380 [Wed Mar  7 09:42:10 CET 2018] scale:10000000 groups:10000 work_mem:128MB incremental:on max_workers:0 =====
SELECT * FROM (SELECT * FROM s_4 ORDER BY a, b, c, d) foo ORDER BY a, b, c, d, e LIMIT 100000
                                       QUERY PLAN                                       
----------------------------------------------------------------------------------------
 Limit  (cost=1534438.94..1534438.94 rows=1 width=20)
   ->  Limit  (cost=1531459.83..1533438.94 rows=100000 width=20)
         ->  Incremental Sort  (cost=1531459.83..1729371.55 rows=10000054 width=20)
               Sort Key: s_4.a, s_4.b, s_4.c, s_4.d, s_4.e
               Presorted Key: s_4.a, s_4.b, s_4.c, s_4.d
               ->  Sort  (cost=1531459.54..1556459.68 rows=10000054 width=20)
                     Sort Key: s_4.a, s_4.b, s_4.c, s_4.d
                     ->  Seq Scan on s_4  (cost=0.00..163695.54 rows=10000054 width=20)
(8 rows)

===== 381 [Wed Mar  7 09:42:21 CET 2018] scale:10000000 groups:10000 work_mem:128MB incremental:off max_workers:0 =====
SELECT * FROM (SELECT * FROM s_1 ORDER BY a) foo ORDER BY a, b LIMIT 100000
                                      QUERY PLAN                                       
---------------------------------------------------------------------------------------
 Limit  (cost=2538166.58..2538166.58 rows=1 width=20)
   ->  Limit  (cost=2536916.58..2537166.58 rows=100000 width=20)
         ->  Sort  (cost=2536916.58..2561916.43 rows=9999939 width=20)
               Sort Key: s_1.a, s_1.b
               ->  Sort  (cost=1531440.69..1556440.54 rows=9999939 width=20)
                     Sort Key: s_1.a
                     ->  Seq Scan on s_1  (cost=0.00..163694.39 rows=9999939 width=20)
(7 rows)

===== 382 [Wed Mar  7 09:42:38 CET 2018] scale:10000000 groups:10000 work_mem:128MB incremental:off max_workers:0 =====
SELECT * FROM (SELECT * FROM s_2 ORDER BY a, b) foo ORDER BY a, b, c LIMIT 100000
                                       QUERY PLAN                                       
----------------------------------------------------------------------------------------
 Limit  (cost=2538196.99..2538196.99 rows=1 width=20)
   ->  Limit  (cost=2536946.99..2537196.99 rows=100000 width=20)
         ->  Sort  (cost=2536946.99..2561947.13 rows=10000054 width=20)
               Sort Key: s_2.a, s_2.b, s_2.c
               ->  Sort  (cost=1531459.54..1556459.68 rows=10000054 width=20)
                     Sort Key: s_2.a, s_2.b
                     ->  Seq Scan on s_2  (cost=0.00..163695.54 rows=10000054 width=20)
(7 rows)

===== 383 [Wed Mar  7 09:42:57 CET 2018] scale:10000000 groups:10000 work_mem:128MB incremental:off max_workers:0 =====
SELECT * FROM (SELECT * FROM s_3 ORDER BY a, b, c) foo ORDER BY a, b, c, d LIMIT 100000
                                      QUERY PLAN                                       
---------------------------------------------------------------------------------------
 Limit  (cost=2538166.58..2538166.58 rows=1 width=20)
   ->  Limit  (cost=2536916.58..2537166.58 rows=100000 width=20)
         ->  Sort  (cost=2536916.58..2561916.43 rows=9999939 width=20)
               Sort Key: s_3.a, s_3.b, s_3.c, s_3.d
               ->  Sort  (cost=1531440.69..1556440.54 rows=9999939 width=20)
                     Sort Key: s_3.a, s_3.b, s_3.c
                     ->  Seq Scan on s_3  (cost=0.00..163694.39 rows=9999939 width=20)
(7 rows)

===== 384 [Wed Mar  7 09:43:15 CET 2018] scale:10000000 groups:10000 work_mem:128MB incremental:off max_workers:0 =====
SELECT * FROM (SELECT * FROM s_4 ORDER BY a, b, c, d) foo ORDER BY a, b, c, d, e LIMIT 100000
                                       QUERY PLAN                                       
----------------------------------------------------------------------------------------
 Limit  (cost=2538196.99..2538196.99 rows=1 width=20)
   ->  Limit  (cost=2536946.99..2537196.99 rows=100000 width=20)
         ->  Sort  (cost=2536946.99..2561947.13 rows=10000054 width=20)
               Sort Key: s_4.a, s_4.b, s_4.c, s_4.d, s_4.e
               ->  Sort  (cost=1531459.54..1556459.68 rows=10000054 width=20)
                     Sort Key: s_4.a, s_4.b, s_4.c, s_4.d
                     ->  Seq Scan on s_4  (cost=0.00..163695.54 rows=10000054 width=20)
(7 rows)

===== 385 [Wed Mar  7 09:43:33 CET 2018] scale:10000000 groups:10000 work_mem:256MB incremental:on max_workers:0 =====
SELECT * FROM (SELECT * FROM s_1 ORDER BY a) foo ORDER BY a, b LIMIT 100000
                                      QUERY PLAN                                       
---------------------------------------------------------------------------------------
 Limit  (cost=1534320.45..1534320.45 rows=1 width=20)
   ->  Limit  (cost=1531506.52..1533320.45 rows=100000 width=20)
         ->  Incremental Sort  (cost=1531506.52..1712898.28 rows=9999939 width=20)
               Sort Key: s_1.a, s_1.b
               Presorted Key: s_1.a
               ->  Sort  (cost=1531440.69..1556440.54 rows=9999939 width=20)
                     Sort Key: s_1.a
                     ->  Seq Scan on s_1  (cost=0.00..163694.39 rows=9999939 width=20)
(8 rows)

===== 386 [Wed Mar  7 09:43:44 CET 2018] scale:10000000 groups:10000 work_mem:256MB incremental:on max_workers:0 =====
SELECT * FROM (SELECT * FROM s_2 ORDER BY a, b) foo ORDER BY a, b, c LIMIT 100000
                                       QUERY PLAN                                       
----------------------------------------------------------------------------------------
 Limit  (cost=1534438.94..1534438.94 rows=1 width=20)
   ->  Limit  (cost=1531459.83..1533438.94 rows=100000 width=20)
         ->  Incremental Sort  (cost=1531459.83..1729371.55 rows=10000054 width=20)
               Sort Key: s_2.a, s_2.b, s_2.c
               Presorted Key: s_2.a, s_2.b
               ->  Sort  (cost=1531459.54..1556459.68 rows=10000054 width=20)
                     Sort Key: s_2.a, s_2.b
                     ->  Seq Scan on s_2  (cost=0.00..163695.54 rows=10000054 width=20)
(8 rows)

===== 387 [Wed Mar  7 09:43:55 CET 2018] scale:10000000 groups:10000 work_mem:256MB incremental:on max_workers:0 =====
SELECT * FROM (SELECT * FROM s_3 ORDER BY a, b, c) foo ORDER BY a, b, c, d LIMIT 100000
                                      QUERY PLAN                                       
---------------------------------------------------------------------------------------
 Limit  (cost=1534420.09..1534420.09 rows=1 width=20)
   ->  Limit  (cost=1531440.98..1533420.09 rows=100000 width=20)
         ->  Incremental Sort  (cost=1531440.98..1729350.47 rows=9999939 width=20)
               Sort Key: s_3.a, s_3.b, s_3.c, s_3.d
               Presorted Key: s_3.a, s_3.b, s_3.c
               ->  Sort  (cost=1531440.69..1556440.54 rows=9999939 width=20)
                     Sort Key: s_3.a, s_3.b, s_3.c
                     ->  Seq Scan on s_3  (cost=0.00..163694.39 rows=9999939 width=20)
(8 rows)

===== 388 [Wed Mar  7 09:44:07 CET 2018] scale:10000000 groups:10000 work_mem:256MB incremental:on max_workers:0 =====
SELECT * FROM (SELECT * FROM s_4 ORDER BY a, b, c, d) foo ORDER BY a, b, c, d, e LIMIT 100000
                                       QUERY PLAN                                       
----------------------------------------------------------------------------------------
 Limit  (cost=1534438.94..1534438.94 rows=1 width=20)
   ->  Limit  (cost=1531459.83..1533438.94 rows=100000 width=20)
         ->  Incremental Sort  (cost=1531459.83..1729371.55 rows=10000054 width=20)
               Sort Key: s_4.a, s_4.b, s_4.c, s_4.d, s_4.e
               Presorted Key: s_4.a, s_4.b, s_4.c, s_4.d
               ->  Sort  (cost=1531459.54..1556459.68 rows=10000054 width=20)
                     Sort Key: s_4.a, s_4.b, s_4.c, s_4.d
                     ->  Seq Scan on s_4  (cost=0.00..163695.54 rows=10000054 width=20)
(8 rows)

===== 389 [Wed Mar  7 09:44:19 CET 2018] scale:10000000 groups:10000 work_mem:256MB incremental:off max_workers:0 =====
SELECT * FROM (SELECT * FROM s_1 ORDER BY a) foo ORDER BY a, b LIMIT 100000
                                      QUERY PLAN                                       
---------------------------------------------------------------------------------------
 Limit  (cost=2538166.58..2538166.58 rows=1 width=20)
   ->  Limit  (cost=2536916.58..2537166.58 rows=100000 width=20)
         ->  Sort  (cost=2536916.58..2561916.43 rows=9999939 width=20)
               Sort Key: s_1.a, s_1.b
               ->  Sort  (cost=1531440.69..1556440.54 rows=9999939 width=20)
                     Sort Key: s_1.a
                     ->  Seq Scan on s_1  (cost=0.00..163694.39 rows=9999939 width=20)
(7 rows)

===== 390 [Wed Mar  7 09:44:36 CET 2018] scale:10000000 groups:10000 work_mem:256MB incremental:off max_workers:0 =====
SELECT * FROM (SELECT * FROM s_2 ORDER BY a, b) foo ORDER BY a, b, c LIMIT 100000
                                       QUERY PLAN                                       
----------------------------------------------------------------------------------------
 Limit  (cost=2538196.99..2538196.99 rows=1 width=20)
   ->  Limit  (cost=2536946.99..2537196.99 rows=100000 width=20)
         ->  Sort  (cost=2536946.99..2561947.13 rows=10000054 width=20)
               Sort Key: s_2.a, s_2.b, s_2.c
               ->  Sort  (cost=1531459.54..1556459.68 rows=10000054 width=20)
                     Sort Key: s_2.a, s_2.b
                     ->  Seq Scan on s_2  (cost=0.00..163695.54 rows=10000054 width=20)
(7 rows)

===== 391 [Wed Mar  7 09:44:55 CET 2018] scale:10000000 groups:10000 work_mem:256MB incremental:off max_workers:0 =====
SELECT * FROM (SELECT * FROM s_3 ORDER BY a, b, c) foo ORDER BY a, b, c, d LIMIT 100000
                                      QUERY PLAN                                       
---------------------------------------------------------------------------------------
 Limit  (cost=2538166.58..2538166.58 rows=1 width=20)
   ->  Limit  (cost=2536916.58..2537166.58 rows=100000 width=20)
         ->  Sort  (cost=2536916.58..2561916.43 rows=9999939 width=20)
               Sort Key: s_3.a, s_3.b, s_3.c, s_3.d
               ->  Sort  (cost=1531440.69..1556440.54 rows=9999939 width=20)
                     Sort Key: s_3.a, s_3.b, s_3.c
                     ->  Seq Scan on s_3  (cost=0.00..163694.39 rows=9999939 width=20)
(7 rows)

===== 392 [Wed Mar  7 09:45:13 CET 2018] scale:10000000 groups:10000 work_mem:256MB incremental:off max_workers:0 =====
SELECT * FROM (SELECT * FROM s_4 ORDER BY a, b, c, d) foo ORDER BY a, b, c, d, e LIMIT 100000
                                       QUERY PLAN                                       
----------------------------------------------------------------------------------------
 Limit  (cost=2538196.99..2538196.99 rows=1 width=20)
   ->  Limit  (cost=2536946.99..2537196.99 rows=100000 width=20)
         ->  Sort  (cost=2536946.99..2561947.13 rows=10000054 width=20)
               Sort Key: s_4.a, s_4.b, s_4.c, s_4.d, s_4.e
               ->  Sort  (cost=1531459.54..1556459.68 rows=10000054 width=20)
                     Sort Key: s_4.a, s_4.b, s_4.c, s_4.d
                     ->  Seq Scan on s_4  (cost=0.00..163695.54 rows=10000054 width=20)
(7 rows)

===== 393 [Wed Mar  7 09:45:32 CET 2018] scale:10000000 groups:10000 work_mem:4MB incremental:on max_workers:2 =====
SELECT * FROM (SELECT * FROM s_1 ORDER BY a) foo ORDER BY a, b LIMIT 100000
                                              QUERY PLAN                                              
------------------------------------------------------------------------------------------------------
 Limit  (cost=738505.78..738505.78 rows=1 width=20)
   ->  Limit  (cost=735544.69..737505.78 rows=100000 width=20)
         ->  Incremental Sort  (cost=735544.69..898968.12 rows=8333282 width=20)
               Sort Key: s_1.a, s_1.b
               Presorted Key: s_1.a
               ->  Gather Merge  (cost=735391.06..1707675.17 rows=8333282 width=20)
                     Workers Planned: 2
                     ->  Sort  (cost=734391.04..744807.64 rows=4166641 width=20)
                           Sort Key: s_1.a
                           ->  Parallel Seq Scan on s_1  (cost=0.00..105361.41 rows=4166641 width=20)
(10 rows)

===== 394 [Wed Mar  7 09:45:38 CET 2018] scale:10000000 groups:10000 work_mem:4MB incremental:on max_workers:2 =====
SELECT * FROM (SELECT * FROM s_2 ORDER BY a, b) foo ORDER BY a, b, c LIMIT 100000
                                              QUERY PLAN                                              
------------------------------------------------------------------------------------------------------
 Limit  (cost=738527.52..738527.52 rows=1 width=20)
   ->  Limit  (cost=735405.60..737527.52 rows=100000 width=20)
         ->  Incremental Sort  (cost=735405.60..912233.48 rows=8333378 width=20)
               Sort Key: s_2.a, s_2.b, s_2.c
               Presorted Key: s_2.a, s_2.b
               ->  Gather Merge  (cost=735404.16..1707699.48 rows=8333378 width=20)
                     Workers Planned: 2
                     ->  Sort  (cost=734404.14..744820.86 rows=4166689 width=20)
                           Sort Key: s_2.a, s_2.b
                           ->  Parallel Seq Scan on s_2  (cost=0.00..105361.89 rows=4166689 width=20)
(10 rows)

===== 395 [Wed Mar  7 09:45:44 CET 2018] scale:10000000 groups:10000 work_mem:4MB incremental:on max_workers:2 =====
SELECT * FROM (SELECT * FROM s_3 ORDER BY a, b, c) foo ORDER BY a, b, c, d LIMIT 100000
                                              QUERY PLAN                                              
------------------------------------------------------------------------------------------------------
 Limit  (cost=738514.42..738514.42 rows=1 width=20)
   ->  Limit  (cost=735392.49..737514.42 rows=100000 width=20)
         ->  Incremental Sort  (cost=735392.49..912218.50 rows=8333282 width=20)
               Sort Key: s_3.a, s_3.b, s_3.c, s_3.d
               Presorted Key: s_3.a, s_3.b, s_3.c
               ->  Gather Merge  (cost=735391.06..1707675.17 rows=8333282 width=20)
                     Workers Planned: 2
                     ->  Sort  (cost=734391.04..744807.64 rows=4166641 width=20)
                           Sort Key: s_3.a, s_3.b, s_3.c
                           ->  Parallel Seq Scan on s_3  (cost=0.00..105361.41 rows=4166641 width=20)
(10 rows)

===== 396 [Wed Mar  7 09:45:50 CET 2018] scale:10000000 groups:10000 work_mem:4MB incremental:on max_workers:2 =====
SELECT * FROM (SELECT * FROM s_4 ORDER BY a, b, c, d) foo ORDER BY a, b, c, d, e LIMIT 100000
                                              QUERY PLAN                                              
------------------------------------------------------------------------------------------------------
 Limit  (cost=738527.52..738527.52 rows=1 width=20)
   ->  Limit  (cost=735405.60..737527.52 rows=100000 width=20)
         ->  Incremental Sort  (cost=735405.60..912233.48 rows=8333378 width=20)
               Sort Key: s_4.a, s_4.b, s_4.c, s_4.d, s_4.e
               Presorted Key: s_4.a, s_4.b, s_4.c, s_4.d
               ->  Gather Merge  (cost=735404.16..1707699.48 rows=8333378 width=20)
                     Workers Planned: 2
                     ->  Sort  (cost=734404.14..744820.86 rows=4166689 width=20)
                           Sort Key: s_4.a, s_4.b, s_4.c, s_4.d
                           ->  Parallel Seq Scan on s_4  (cost=0.00..105361.89 rows=4166689 width=20)
(10 rows)

===== 397 [Wed Mar  7 09:45:56 CET 2018] scale:10000000 groups:10000 work_mem:4MB incremental:off max_workers:2 =====
SELECT * FROM (SELECT * FROM s_1 ORDER BY a) foo ORDER BY a, b LIMIT 100000
                                              QUERY PLAN                                              
------------------------------------------------------------------------------------------------------
 Limit  (cost=3091983.65..3091983.65 rows=1 width=20)
   ->  Limit  (cost=3090733.65..3090983.65 rows=100000 width=20)
         ->  Sort  (cost=3090733.65..3111566.86 rows=8333282 width=20)
               Sort Key: s_1.a, s_1.b
               ->  Gather Merge  (cost=735391.06..1707675.17 rows=8333282 width=20)
                     Workers Planned: 2
                     ->  Sort  (cost=734391.04..744807.64 rows=4166641 width=20)
                           Sort Key: s_1.a
                           ->  Parallel Seq Scan on s_1  (cost=0.00..105361.41 rows=4166641 width=20)
(9 rows)

===== 398 [Wed Mar  7 09:46:38 CET 2018] scale:10000000 groups:10000 work_mem:4MB incremental:off max_workers:2 =====
SELECT * FROM (SELECT * FROM s_2 ORDER BY a, b) foo ORDER BY a, b, c LIMIT 100000
                                              QUERY PLAN                                              
------------------------------------------------------------------------------------------------------
 Limit  (cost=3092027.64..3092027.64 rows=1 width=20)
   ->  Limit  (cost=3090777.64..3091027.64 rows=100000 width=20)
         ->  Sort  (cost=3090777.64..3111611.09 rows=8333378 width=20)
               Sort Key: s_2.a, s_2.b, s_2.c
               ->  Gather Merge  (cost=735404.16..1707699.48 rows=8333378 width=20)
                     Workers Planned: 2
                     ->  Sort  (cost=734404.14..744820.86 rows=4166689 width=20)
                           Sort Key: s_2.a, s_2.b
                           ->  Parallel Seq Scan on s_2  (cost=0.00..105361.89 rows=4166689 width=20)
(9 rows)

===== 399 [Wed Mar  7 09:47:17 CET 2018] scale:10000000 groups:10000 work_mem:4MB incremental:off max_workers:2 =====
SELECT * FROM (SELECT * FROM s_3 ORDER BY a, b, c) foo ORDER BY a, b, c, d LIMIT 100000
                                              QUERY PLAN                                              
------------------------------------------------------------------------------------------------------
 Limit  (cost=3091983.65..3091983.65 rows=1 width=20)
   ->  Limit  (cost=3090733.65..3090983.65 rows=100000 width=20)
         ->  Sort  (cost=3090733.65..3111566.86 rows=8333282 width=20)
               Sort Key: s_3.a, s_3.b, s_3.c, s_3.d
               ->  Gather Merge  (cost=735391.06..1707675.17 rows=8333282 width=20)
                     Workers Planned: 2
                     ->  Sort  (cost=734391.04..744807.64 rows=4166641 width=20)
                           Sort Key: s_3.a, s_3.b, s_3.c
                           ->  Parallel Seq Scan on s_3  (cost=0.00..105361.41 rows=4166641 width=20)
(9 rows)

===== 400 [Wed Mar  7 09:47:47 CET 2018] scale:10000000 groups:10000 work_mem:4MB incremental:off max_workers:2 =====
SELECT * FROM (SELECT * FROM s_4 ORDER BY a, b, c, d) foo ORDER BY a, b, c, d, e LIMIT 100000
                                              QUERY PLAN                                              
------------------------------------------------------------------------------------------------------
 Limit  (cost=3092027.64..3092027.64 rows=1 width=20)
   ->  Limit  (cost=3090777.64..3091027.64 rows=100000 width=20)
         ->  Sort  (cost=3090777.64..3111611.09 rows=8333378 width=20)
               Sort Key: s_4.a, s_4.b, s_4.c, s_4.d, s_4.e
               ->  Gather Merge  (cost=735404.16..1707699.48 rows=8333378 width=20)
                     Workers Planned: 2
                     ->  Sort  (cost=734404.14..744820.86 rows=4166689 width=20)
                           Sort Key: s_4.a, s_4.b, s_4.c, s_4.d
                           ->  Parallel Seq Scan on s_4  (cost=0.00..105361.89 rows=4166689 width=20)
(9 rows)

===== 401 [Wed Mar  7 09:48:18 CET 2018] scale:10000000 groups:10000 work_mem:8MB incremental:on max_workers:2 =====
SELECT * FROM (SELECT * FROM s_1 ORDER BY a) foo ORDER BY a, b LIMIT 100000
                                              QUERY PLAN                                              
------------------------------------------------------------------------------------------------------
 Limit  (cost=653056.78..653056.78 rows=1 width=20)
   ->  Limit  (cost=650095.69..652056.78 rows=100000 width=20)
         ->  Incremental Sort  (cost=650095.69..813519.12 rows=8333282 width=20)
               Sort Key: s_1.a, s_1.b
               Presorted Key: s_1.a
               ->  Gather Merge  (cost=649942.06..1622226.17 rows=8333282 width=20)
                     Workers Planned: 2
                     ->  Sort  (cost=648942.04..659358.64 rows=4166641 width=20)
                           Sort Key: s_1.a
                           ->  Parallel Seq Scan on s_1  (cost=0.00..105361.41 rows=4166641 width=20)
(10 rows)

===== 402 [Wed Mar  7 09:48:22 CET 2018] scale:10000000 groups:10000 work_mem:8MB incremental:on max_workers:2 =====
SELECT * FROM (SELECT * FROM s_2 ORDER BY a, b) foo ORDER BY a, b, c LIMIT 100000
                                              QUERY PLAN                                              
------------------------------------------------------------------------------------------------------
 Limit  (cost=653075.02..653075.02 rows=1 width=20)
   ->  Limit  (cost=649953.10..652075.02 rows=100000 width=20)
         ->  Incremental Sort  (cost=649953.10..826780.98 rows=8333378 width=20)
               Sort Key: s_2.a, s_2.b, s_2.c
               Presorted Key: s_2.a, s_2.b
               ->  Gather Merge  (cost=649951.66..1622246.98 rows=8333378 width=20)
                     Workers Planned: 2
                     ->  Sort  (cost=648951.64..659368.36 rows=4166689 width=20)
                           Sort Key: s_2.a, s_2.b
                           ->  Parallel Seq Scan on s_2  (cost=0.00..105361.89 rows=4166689 width=20)
(10 rows)

===== 403 [Wed Mar  7 09:48:26 CET 2018] scale:10000000 groups:10000 work_mem:8MB incremental:on max_workers:2 =====
SELECT * FROM (SELECT * FROM s_3 ORDER BY a, b, c) foo ORDER BY a, b, c, d LIMIT 100000
                                              QUERY PLAN                                              
------------------------------------------------------------------------------------------------------
 Limit  (cost=653065.42..653065.42 rows=1 width=20)
   ->  Limit  (cost=649943.49..652065.42 rows=100000 width=20)
         ->  Incremental Sort  (cost=649943.49..826769.50 rows=8333282 width=20)
               Sort Key: s_3.a, s_3.b, s_3.c, s_3.d
               Presorted Key: s_3.a, s_3.b, s_3.c
               ->  Gather Merge  (cost=649942.06..1622226.17 rows=8333282 width=20)
                     Workers Planned: 2
                     ->  Sort  (cost=648942.04..659358.64 rows=4166641 width=20)
                           Sort Key: s_3.a, s_3.b, s_3.c
                           ->  Parallel Seq Scan on s_3  (cost=0.00..105361.41 rows=4166641 width=20)
(10 rows)

===== 404 [Wed Mar  7 09:48:31 CET 2018] scale:10000000 groups:10000 work_mem:8MB incremental:on max_workers:2 =====
SELECT * FROM (SELECT * FROM s_4 ORDER BY a, b, c, d) foo ORDER BY a, b, c, d, e LIMIT 100000
                                              QUERY PLAN                                              
------------------------------------------------------------------------------------------------------
 Limit  (cost=653075.02..653075.02 rows=1 width=20)
   ->  Limit  (cost=649953.10..652075.02 rows=100000 width=20)
         ->  Incremental Sort  (cost=649953.10..826780.98 rows=8333378 width=20)
               Sort Key: s_4.a, s_4.b, s_4.c, s_4.d, s_4.e
               Presorted Key: s_4.a, s_4.b, s_4.c, s_4.d
               ->  Gather Merge  (cost=649951.66..1622246.98 rows=8333378 width=20)
                     Workers Planned: 2
                     ->  Sort  (cost=648951.64..659368.36 rows=4166689 width=20)
                           Sort Key: s_4.a, s_4.b, s_4.c, s_4.d
                           ->  Parallel Seq Scan on s_4  (cost=0.00..105361.89 rows=4166689 width=20)
(10 rows)

===== 405 [Wed Mar  7 09:48:35 CET 2018] scale:10000000 groups:10000 work_mem:8MB incremental:off max_workers:2 =====
SELECT * FROM (SELECT * FROM s_1 ORDER BY a) foo ORDER BY a, b LIMIT 100000
                                              QUERY PLAN                                              
------------------------------------------------------------------------------------------------------
 Limit  (cost=2440539.49..2440539.49 rows=1 width=20)
   ->  Limit  (cost=2439289.49..2439539.49 rows=100000 width=20)
         ->  Sort  (cost=2439289.49..2460122.70 rows=8333282 width=20)
               Sort Key: s_1.a, s_1.b
               ->  Gather Merge  (cost=649942.06..1622226.17 rows=8333282 width=20)
                     Workers Planned: 2
                     ->  Sort  (cost=648942.04..659358.64 rows=4166641 width=20)
                           Sort Key: s_1.a
                           ->  Parallel Seq Scan on s_1  (cost=0.00..105361.41 rows=4166641 width=20)
(9 rows)

===== 406 [Wed Mar  7 09:49:13 CET 2018] scale:10000000 groups:10000 work_mem:8MB incremental:off max_workers:2 =====
SELECT * FROM (SELECT * FROM s_2 ORDER BY a, b) foo ORDER BY a, b, c LIMIT 100000
                                              QUERY PLAN                                              
------------------------------------------------------------------------------------------------------
 Limit  (cost=2440569.71..2440569.71 rows=1 width=20)
   ->  Limit  (cost=2439319.71..2439569.71 rows=100000 width=20)
         ->  Sort  (cost=2439319.71..2460153.16 rows=8333378 width=20)
               Sort Key: s_2.a, s_2.b, s_2.c
               ->  Gather Merge  (cost=649951.66..1622246.98 rows=8333378 width=20)
                     Workers Planned: 2
                     ->  Sort  (cost=648951.64..659368.36 rows=4166689 width=20)
                           Sort Key: s_2.a, s_2.b
                           ->  Parallel Seq Scan on s_2  (cost=0.00..105361.89 rows=4166689 width=20)
(9 rows)

===== 407 [Wed Mar  7 09:49:46 CET 2018] scale:10000000 groups:10000 work_mem:8MB incremental:off max_workers:2 =====
SELECT * FROM (SELECT * FROM s_3 ORDER BY a, b, c) foo ORDER BY a, b, c, d LIMIT 100000
                                              QUERY PLAN                                              
------------------------------------------------------------------------------------------------------
 Limit  (cost=2440539.49..2440539.49 rows=1 width=20)
   ->  Limit  (cost=2439289.49..2439539.49 rows=100000 width=20)
         ->  Sort  (cost=2439289.49..2460122.70 rows=8333282 width=20)
               Sort Key: s_3.a, s_3.b, s_3.c, s_3.d
               ->  Gather Merge  (cost=649942.06..1622226.17 rows=8333282 width=20)
                     Workers Planned: 2
                     ->  Sort  (cost=648942.04..659358.64 rows=4166641 width=20)
                           Sort Key: s_3.a, s_3.b, s_3.c
                           ->  Parallel Seq Scan on s_3  (cost=0.00..105361.41 rows=4166641 width=20)
(9 rows)

===== 408 [Wed Mar  7 09:50:11 CET 2018] scale:10000000 groups:10000 work_mem:8MB incremental:off max_workers:2 =====
SELECT * FROM (SELECT * FROM s_4 ORDER BY a, b, c, d) foo ORDER BY a, b, c, d, e LIMIT 100000
                                              QUERY PLAN                                              
------------------------------------------------------------------------------------------------------
 Limit  (cost=2440569.71..2440569.71 rows=1 width=20)
   ->  Limit  (cost=2439319.71..2439569.71 rows=100000 width=20)
         ->  Sort  (cost=2439319.71..2460153.16 rows=8333378 width=20)
               Sort Key: s_4.a, s_4.b, s_4.c, s_4.d, s_4.e
               ->  Gather Merge  (cost=649951.66..1622246.98 rows=8333378 width=20)
                     Workers Planned: 2
                     ->  Sort  (cost=648951.64..659368.36 rows=4166689 width=20)
                           Sort Key: s_4.a, s_4.b, s_4.c, s_4.d
                           ->  Parallel Seq Scan on s_4  (cost=0.00..105361.89 rows=4166689 width=20)
(9 rows)

===== 409 [Wed Mar  7 09:50:35 CET 2018] scale:10000000 groups:10000 work_mem:16MB incremental:on max_workers:2 =====
SELECT * FROM (SELECT * FROM s_1 ORDER BY a) foo ORDER BY a, b LIMIT 100000
                                              QUERY PLAN                                              
------------------------------------------------------------------------------------------------------
 Limit  (cost=653015.04..653015.04 rows=1 width=20)
   ->  Limit  (cost=650107.37..652015.04 rows=100000 width=20)
         ->  Incremental Sort  (cost=650107.37..840872.55 rows=9999939 width=20)
               Sort Key: s_1.a, s_1.b
               Presorted Key: s_1.a
               ->  Gather Merge  (cost=649942.06..1622226.17 rows=8333282 width=20)
                     Workers Planned: 2
                     ->  Sort  (cost=648942.04..659358.64 rows=4166641 width=20)
                           Sort Key: s_1.a
                           ->  Parallel Seq Scan on s_1  (cost=0.00..105361.41 rows=4166641 width=20)
(10 rows)

===== 410 [Wed Mar  7 09:50:39 CET 2018] scale:10000000 groups:10000 work_mem:16MB incremental:on max_workers:2 =====
SELECT * FROM (SELECT * FROM s_2 ORDER BY a, b) foo ORDER BY a, b, c LIMIT 100000
                                              QUERY PLAN                                              
------------------------------------------------------------------------------------------------------
 Limit  (cost=653026.73..653026.73 rows=1 width=20)
   ->  Limit  (cost=649952.90..652026.73 rows=100000 width=20)
         ->  Incremental Sort  (cost=649952.90..857336.57 rows=10000054 width=20)
               Sort Key: s_2.a, s_2.b, s_2.c
               Presorted Key: s_2.a, s_2.b
               ->  Gather Merge  (cost=649951.66..1622246.98 rows=8333378 width=20)
                     Workers Planned: 2
                     ->  Sort  (cost=648951.64..659368.36 rows=4166689 width=20)
                           Sort Key: s_2.a, s_2.b
                           ->  Parallel Seq Scan on s_2  (cost=0.00..105361.89 rows=4166689 width=20)
(10 rows)

===== 411 [Wed Mar  7 09:50:43 CET 2018] scale:10000000 groups:10000 work_mem:16MB incremental:on max_workers:2 =====
SELECT * FROM (SELECT * FROM s_3 ORDER BY a, b, c) foo ORDER BY a, b, c, d LIMIT 100000
                                              QUERY PLAN                                              
------------------------------------------------------------------------------------------------------
 Limit  (cost=653017.12..653017.12 rows=1 width=20)
   ->  Limit  (cost=649943.30..652017.12 rows=100000 width=20)
         ->  Incremental Sort  (cost=649943.30..857324.74 rows=9999939 width=20)
               Sort Key: s_3.a, s_3.b, s_3.c, s_3.d
               Presorted Key: s_3.a, s_3.b, s_3.c
               ->  Gather Merge  (cost=649942.06..1622226.17 rows=8333282 width=20)
                     Workers Planned: 2
                     ->  Sort  (cost=648942.04..659358.64 rows=4166641 width=20)
                           Sort Key: s_3.a, s_3.b, s_3.c
                           ->  Parallel Seq Scan on s_3  (cost=0.00..105361.41 rows=4166641 width=20)
(10 rows)

===== 412 [Wed Mar  7 09:50:47 CET 2018] scale:10000000 groups:10000 work_mem:16MB incremental:on max_workers:2 =====
SELECT * FROM (SELECT * FROM s_4 ORDER BY a, b, c, d) foo ORDER BY a, b, c, d, e LIMIT 100000
                                              QUERY PLAN                                              
------------------------------------------------------------------------------------------------------
 Limit  (cost=653026.73..653026.73 rows=1 width=20)
   ->  Limit  (cost=649952.90..652026.73 rows=100000 width=20)
         ->  Incremental Sort  (cost=649952.90..857336.57 rows=10000054 width=20)
               Sort Key: s_4.a, s_4.b, s_4.c, s_4.d, s_4.e
               Presorted Key: s_4.a, s_4.b, s_4.c, s_4.d
               ->  Gather Merge  (cost=649951.66..1622246.98 rows=8333378 width=20)
                     Workers Planned: 2
                     ->  Sort  (cost=648951.64..659368.36 rows=4166689 width=20)
                           Sort Key: s_4.a, s_4.b, s_4.c, s_4.d
                           ->  Parallel Seq Scan on s_4  (cost=0.00..105361.89 rows=4166689 width=20)
(10 rows)

===== 413 [Wed Mar  7 09:50:51 CET 2018] scale:10000000 groups:10000 work_mem:16MB incremental:off max_workers:2 =====
SELECT * FROM (SELECT * FROM s_1 ORDER BY a) foo ORDER BY a, b LIMIT 100000
                                      QUERY PLAN                                       
---------------------------------------------------------------------------------------
 Limit  (cost=2538166.58..2538166.58 rows=1 width=20)
   ->  Limit  (cost=2536916.58..2537166.58 rows=100000 width=20)
         ->  Sort  (cost=2536916.58..2561916.43 rows=9999939 width=20)
               Sort Key: s_1.a, s_1.b
               ->  Sort  (cost=1531440.69..1556440.54 rows=9999939 width=20)
                     Sort Key: s_1.a
                     ->  Seq Scan on s_1  (cost=0.00..163694.39 rows=9999939 width=20)
(7 rows)

===== 414 [Wed Mar  7 09:51:27 CET 2018] scale:10000000 groups:10000 work_mem:16MB incremental:off max_workers:2 =====
SELECT * FROM (SELECT * FROM s_2 ORDER BY a, b) foo ORDER BY a, b, c LIMIT 100000
                                       QUERY PLAN                                       
----------------------------------------------------------------------------------------
 Limit  (cost=2538196.99..2538196.99 rows=1 width=20)
   ->  Limit  (cost=2536946.99..2537196.99 rows=100000 width=20)
         ->  Sort  (cost=2536946.99..2561947.13 rows=10000054 width=20)
               Sort Key: s_2.a, s_2.b, s_2.c
               ->  Sort  (cost=1531459.54..1556459.68 rows=10000054 width=20)
                     Sort Key: s_2.a, s_2.b
                     ->  Seq Scan on s_2  (cost=0.00..163695.54 rows=10000054 width=20)
(7 rows)

===== 415 [Wed Mar  7 09:51:58 CET 2018] scale:10000000 groups:10000 work_mem:16MB incremental:off max_workers:2 =====
SELECT * FROM (SELECT * FROM s_3 ORDER BY a, b, c) foo ORDER BY a, b, c, d LIMIT 100000
                                      QUERY PLAN                                       
---------------------------------------------------------------------------------------
 Limit  (cost=2538166.58..2538166.58 rows=1 width=20)
   ->  Limit  (cost=2536916.58..2537166.58 rows=100000 width=20)
         ->  Sort  (cost=2536916.58..2561916.43 rows=9999939 width=20)
               Sort Key: s_3.a, s_3.b, s_3.c, s_3.d
               ->  Sort  (cost=1531440.69..1556440.54 rows=9999939 width=20)
                     Sort Key: s_3.a, s_3.b, s_3.c
                     ->  Seq Scan on s_3  (cost=0.00..163694.39 rows=9999939 width=20)
(7 rows)

===== 416 [Wed Mar  7 09:52:20 CET 2018] scale:10000000 groups:10000 work_mem:16MB incremental:off max_workers:2 =====
SELECT * FROM (SELECT * FROM s_4 ORDER BY a, b, c, d) foo ORDER BY a, b, c, d, e LIMIT 100000
                                       QUERY PLAN                                       
----------------------------------------------------------------------------------------
 Limit  (cost=2538196.99..2538196.99 rows=1 width=20)
   ->  Limit  (cost=2536946.99..2537196.99 rows=100000 width=20)
         ->  Sort  (cost=2536946.99..2561947.13 rows=10000054 width=20)
               Sort Key: s_4.a, s_4.b, s_4.c, s_4.d, s_4.e
               ->  Sort  (cost=1531459.54..1556459.68 rows=10000054 width=20)
                     Sort Key: s_4.a, s_4.b, s_4.c, s_4.d
                     ->  Seq Scan on s_4  (cost=0.00..163695.54 rows=10000054 width=20)
(7 rows)

===== 417 [Wed Mar  7 09:52:42 CET 2018] scale:10000000 groups:10000 work_mem:32MB incremental:on max_workers:2 =====
SELECT * FROM (SELECT * FROM s_1 ORDER BY a) foo ORDER BY a, b LIMIT 100000
                                              QUERY PLAN                                              
------------------------------------------------------------------------------------------------------
 Limit  (cost=653015.04..653015.04 rows=1 width=20)
   ->  Limit  (cost=650107.37..652015.04 rows=100000 width=20)
         ->  Incremental Sort  (cost=650107.37..840872.55 rows=9999939 width=20)
               Sort Key: s_1.a, s_1.b
               Presorted Key: s_1.a
               ->  Gather Merge  (cost=649942.06..1622226.17 rows=8333282 width=20)
                     Workers Planned: 2
                     ->  Sort  (cost=648942.04..659358.64 rows=4166641 width=20)
                           Sort Key: s_1.a
                           ->  Parallel Seq Scan on s_1  (cost=0.00..105361.41 rows=4166641 width=20)
(10 rows)

===== 418 [Wed Mar  7 09:52:46 CET 2018] scale:10000000 groups:10000 work_mem:32MB incremental:on max_workers:2 =====
SELECT * FROM (SELECT * FROM s_2 ORDER BY a, b) foo ORDER BY a, b, c LIMIT 100000
                                              QUERY PLAN                                              
------------------------------------------------------------------------------------------------------
 Limit  (cost=653026.73..653026.73 rows=1 width=20)
   ->  Limit  (cost=649952.90..652026.73 rows=100000 width=20)
         ->  Incremental Sort  (cost=649952.90..857336.57 rows=10000054 width=20)
               Sort Key: s_2.a, s_2.b, s_2.c
               Presorted Key: s_2.a, s_2.b
               ->  Gather Merge  (cost=649951.66..1622246.98 rows=8333378 width=20)
                     Workers Planned: 2
                     ->  Sort  (cost=648951.64..659368.36 rows=4166689 width=20)
                           Sort Key: s_2.a, s_2.b
                           ->  Parallel Seq Scan on s_2  (cost=0.00..105361.89 rows=4166689 width=20)
(10 rows)

===== 419 [Wed Mar  7 09:52:50 CET 2018] scale:10000000 groups:10000 work_mem:32MB incremental:on max_workers:2 =====
SELECT * FROM (SELECT * FROM s_3 ORDER BY a, b, c) foo ORDER BY a, b, c, d LIMIT 100000
                                              QUERY PLAN                                              
------------------------------------------------------------------------------------------------------
 Limit  (cost=653017.12..653017.12 rows=1 width=20)
   ->  Limit  (cost=649943.30..652017.12 rows=100000 width=20)
         ->  Incremental Sort  (cost=649943.30..857324.74 rows=9999939 width=20)
               Sort Key: s_3.a, s_3.b, s_3.c, s_3.d
               Presorted Key: s_3.a, s_3.b, s_3.c
               ->  Gather Merge  (cost=649942.06..1622226.17 rows=8333282 width=20)
                     Workers Planned: 2
                     ->  Sort  (cost=648942.04..659358.64 rows=4166641 width=20)
                           Sort Key: s_3.a, s_3.b, s_3.c
                           ->  Parallel Seq Scan on s_3  (cost=0.00..105361.41 rows=4166641 width=20)
(10 rows)

===== 420 [Wed Mar  7 09:52:54 CET 2018] scale:10000000 groups:10000 work_mem:32MB incremental:on max_workers:2 =====
SELECT * FROM (SELECT * FROM s_4 ORDER BY a, b, c, d) foo ORDER BY a, b, c, d, e LIMIT 100000
                                              QUERY PLAN                                              
------------------------------------------------------------------------------------------------------
 Limit  (cost=653026.73..653026.73 rows=1 width=20)
   ->  Limit  (cost=649952.90..652026.73 rows=100000 width=20)
         ->  Incremental Sort  (cost=649952.90..857336.57 rows=10000054 width=20)
               Sort Key: s_4.a, s_4.b, s_4.c, s_4.d, s_4.e
               Presorted Key: s_4.a, s_4.b, s_4.c, s_4.d
               ->  Gather Merge  (cost=649951.66..1622246.98 rows=8333378 width=20)
                     Workers Planned: 2
                     ->  Sort  (cost=648951.64..659368.36 rows=4166689 width=20)
                           Sort Key: s_4.a, s_4.b, s_4.c, s_4.d
                           ->  Parallel Seq Scan on s_4  (cost=0.00..105361.89 rows=4166689 width=20)
(10 rows)

===== 421 [Wed Mar  7 09:52:58 CET 2018] scale:10000000 groups:10000 work_mem:32MB incremental:off max_workers:2 =====
SELECT * FROM (SELECT * FROM s_1 ORDER BY a) foo ORDER BY a, b LIMIT 100000
                                      QUERY PLAN                                       
---------------------------------------------------------------------------------------
 Limit  (cost=2538166.58..2538166.58 rows=1 width=20)
   ->  Limit  (cost=2536916.58..2537166.58 rows=100000 width=20)
         ->  Sort  (cost=2536916.58..2561916.43 rows=9999939 width=20)
               Sort Key: s_1.a, s_1.b
               ->  Sort  (cost=1531440.69..1556440.54 rows=9999939 width=20)
                     Sort Key: s_1.a
                     ->  Seq Scan on s_1  (cost=0.00..163694.39 rows=9999939 width=20)
(7 rows)

===== 422 [Wed Mar  7 09:53:15 CET 2018] scale:10000000 groups:10000 work_mem:32MB incremental:off max_workers:2 =====
SELECT * FROM (SELECT * FROM s_2 ORDER BY a, b) foo ORDER BY a, b, c LIMIT 100000
                                       QUERY PLAN                                       
----------------------------------------------------------------------------------------
 Limit  (cost=2538196.99..2538196.99 rows=1 width=20)
   ->  Limit  (cost=2536946.99..2537196.99 rows=100000 width=20)
         ->  Sort  (cost=2536946.99..2561947.13 rows=10000054 width=20)
               Sort Key: s_2.a, s_2.b, s_2.c
               ->  Sort  (cost=1531459.54..1556459.68 rows=10000054 width=20)
                     Sort Key: s_2.a, s_2.b
                     ->  Seq Scan on s_2  (cost=0.00..163695.54 rows=10000054 width=20)
(7 rows)

===== 423 [Wed Mar  7 09:53:32 CET 2018] scale:10000000 groups:10000 work_mem:32MB incremental:off max_workers:2 =====
SELECT * FROM (SELECT * FROM s_3 ORDER BY a, b, c) foo ORDER BY a, b, c, d LIMIT 100000
                                      QUERY PLAN                                       
---------------------------------------------------------------------------------------
 Limit  (cost=2538166.58..2538166.58 rows=1 width=20)
   ->  Limit  (cost=2536916.58..2537166.58 rows=100000 width=20)
         ->  Sort  (cost=2536916.58..2561916.43 rows=9999939 width=20)
               Sort Key: s_3.a, s_3.b, s_3.c, s_3.d
               ->  Sort  (cost=1531440.69..1556440.54 rows=9999939 width=20)
                     Sort Key: s_3.a, s_3.b, s_3.c
                     ->  Seq Scan on s_3  (cost=0.00..163694.39 rows=9999939 width=20)
(7 rows)

===== 424 [Wed Mar  7 09:53:50 CET 2018] scale:10000000 groups:10000 work_mem:32MB incremental:off max_workers:2 =====
SELECT * FROM (SELECT * FROM s_4 ORDER BY a, b, c, d) foo ORDER BY a, b, c, d, e LIMIT 100000
                                       QUERY PLAN                                       
----------------------------------------------------------------------------------------
 Limit  (cost=2538196.99..2538196.99 rows=1 width=20)
   ->  Limit  (cost=2536946.99..2537196.99 rows=100000 width=20)
         ->  Sort  (cost=2536946.99..2561947.13 rows=10000054 width=20)
               Sort Key: s_4.a, s_4.b, s_4.c, s_4.d, s_4.e
               ->  Sort  (cost=1531459.54..1556459.68 rows=10000054 width=20)
                     Sort Key: s_4.a, s_4.b, s_4.c, s_4.d
                     ->  Seq Scan on s_4  (cost=0.00..163695.54 rows=10000054 width=20)
(7 rows)

===== 425 [Wed Mar  7 09:54:08 CET 2018] scale:10000000 groups:10000 work_mem:64MB incremental:on max_workers:2 =====
SELECT * FROM (SELECT * FROM s_1 ORDER BY a) foo ORDER BY a, b LIMIT 100000
                                              QUERY PLAN                                              
------------------------------------------------------------------------------------------------------
 Limit  (cost=653015.04..653015.04 rows=1 width=20)
   ->  Limit  (cost=650107.37..652015.04 rows=100000 width=20)
         ->  Incremental Sort  (cost=650107.37..840872.55 rows=9999939 width=20)
               Sort Key: s_1.a, s_1.b
               Presorted Key: s_1.a
               ->  Gather Merge  (cost=649942.06..1622226.17 rows=8333282 width=20)
                     Workers Planned: 2
                     ->  Sort  (cost=648942.04..659358.64 rows=4166641 width=20)
                           Sort Key: s_1.a
                           ->  Parallel Seq Scan on s_1  (cost=0.00..105361.41 rows=4166641 width=20)
(10 rows)

===== 426 [Wed Mar  7 09:54:12 CET 2018] scale:10000000 groups:10000 work_mem:64MB incremental:on max_workers:2 =====
SELECT * FROM (SELECT * FROM s_2 ORDER BY a, b) foo ORDER BY a, b, c LIMIT 100000
                                              QUERY PLAN                                              
------------------------------------------------------------------------------------------------------
 Limit  (cost=653026.73..653026.73 rows=1 width=20)
   ->  Limit  (cost=649952.90..652026.73 rows=100000 width=20)
         ->  Incremental Sort  (cost=649952.90..857336.57 rows=10000054 width=20)
               Sort Key: s_2.a, s_2.b, s_2.c
               Presorted Key: s_2.a, s_2.b
               ->  Gather Merge  (cost=649951.66..1622246.98 rows=8333378 width=20)
                     Workers Planned: 2
                     ->  Sort  (cost=648951.64..659368.36 rows=4166689 width=20)
                           Sort Key: s_2.a, s_2.b
                           ->  Parallel Seq Scan on s_2  (cost=0.00..105361.89 rows=4166689 width=20)
(10 rows)

===== 427 [Wed Mar  7 09:54:16 CET 2018] scale:10000000 groups:10000 work_mem:64MB incremental:on max_workers:2 =====
SELECT * FROM (SELECT * FROM s_3 ORDER BY a, b, c) foo ORDER BY a, b, c, d LIMIT 100000
                                              QUERY PLAN                                              
------------------------------------------------------------------------------------------------------
 Limit  (cost=653017.12..653017.12 rows=1 width=20)
   ->  Limit  (cost=649943.30..652017.12 rows=100000 width=20)
         ->  Incremental Sort  (cost=649943.30..857324.74 rows=9999939 width=20)
               Sort Key: s_3.a, s_3.b, s_3.c, s_3.d
               Presorted Key: s_3.a, s_3.b, s_3.c
               ->  Gather Merge  (cost=649942.06..1622226.17 rows=8333282 width=20)
                     Workers Planned: 2
                     ->  Sort  (cost=648942.04..659358.64 rows=4166641 width=20)
                           Sort Key: s_3.a, s_3.b, s_3.c
                           ->  Parallel Seq Scan on s_3  (cost=0.00..105361.41 rows=4166641 width=20)
(10 rows)

===== 428 [Wed Mar  7 09:54:20 CET 2018] scale:10000000 groups:10000 work_mem:64MB incremental:on max_workers:2 =====
SELECT * FROM (SELECT * FROM s_4 ORDER BY a, b, c, d) foo ORDER BY a, b, c, d, e LIMIT 100000
                                              QUERY PLAN                                              
------------------------------------------------------------------------------------------------------
 Limit  (cost=653026.73..653026.73 rows=1 width=20)
   ->  Limit  (cost=649952.90..652026.73 rows=100000 width=20)
         ->  Incremental Sort  (cost=649952.90..857336.57 rows=10000054 width=20)
               Sort Key: s_4.a, s_4.b, s_4.c, s_4.d, s_4.e
               Presorted Key: s_4.a, s_4.b, s_4.c, s_4.d
               ->  Gather Merge  (cost=649951.66..1622246.98 rows=8333378 width=20)
                     Workers Planned: 2
                     ->  Sort  (cost=648951.64..659368.36 rows=4166689 width=20)
                           Sort Key: s_4.a, s_4.b, s_4.c, s_4.d
                           ->  Parallel Seq Scan on s_4  (cost=0.00..105361.89 rows=4166689 width=20)
(10 rows)

===== 429 [Wed Mar  7 09:54:25 CET 2018] scale:10000000 groups:10000 work_mem:64MB incremental:off max_workers:2 =====
SELECT * FROM (SELECT * FROM s_1 ORDER BY a) foo ORDER BY a, b LIMIT 100000
                                      QUERY PLAN                                       
---------------------------------------------------------------------------------------
 Limit  (cost=2538166.58..2538166.58 rows=1 width=20)
   ->  Limit  (cost=2536916.58..2537166.58 rows=100000 width=20)
         ->  Sort  (cost=2536916.58..2561916.43 rows=9999939 width=20)
               Sort Key: s_1.a, s_1.b
               ->  Sort  (cost=1531440.69..1556440.54 rows=9999939 width=20)
                     Sort Key: s_1.a
                     ->  Seq Scan on s_1  (cost=0.00..163694.39 rows=9999939 width=20)
(7 rows)

===== 430 [Wed Mar  7 09:54:42 CET 2018] scale:10000000 groups:10000 work_mem:64MB incremental:off max_workers:2 =====
SELECT * FROM (SELECT * FROM s_2 ORDER BY a, b) foo ORDER BY a, b, c LIMIT 100000
                                       QUERY PLAN                                       
----------------------------------------------------------------------------------------
 Limit  (cost=2538196.99..2538196.99 rows=1 width=20)
   ->  Limit  (cost=2536946.99..2537196.99 rows=100000 width=20)
         ->  Sort  (cost=2536946.99..2561947.13 rows=10000054 width=20)
               Sort Key: s_2.a, s_2.b, s_2.c
               ->  Sort  (cost=1531459.54..1556459.68 rows=10000054 width=20)
                     Sort Key: s_2.a, s_2.b
                     ->  Seq Scan on s_2  (cost=0.00..163695.54 rows=10000054 width=20)
(7 rows)

===== 431 [Wed Mar  7 09:54:59 CET 2018] scale:10000000 groups:10000 work_mem:64MB incremental:off max_workers:2 =====
SELECT * FROM (SELECT * FROM s_3 ORDER BY a, b, c) foo ORDER BY a, b, c, d LIMIT 100000
                                      QUERY PLAN                                       
---------------------------------------------------------------------------------------
 Limit  (cost=2538166.58..2538166.58 rows=1 width=20)
   ->  Limit  (cost=2536916.58..2537166.58 rows=100000 width=20)
         ->  Sort  (cost=2536916.58..2561916.43 rows=9999939 width=20)
               Sort Key: s_3.a, s_3.b, s_3.c, s_3.d
               ->  Sort  (cost=1531440.69..1556440.54 rows=9999939 width=20)
                     Sort Key: s_3.a, s_3.b, s_3.c
                     ->  Seq Scan on s_3  (cost=0.00..163694.39 rows=9999939 width=20)
(7 rows)

===== 432 [Wed Mar  7 09:55:17 CET 2018] scale:10000000 groups:10000 work_mem:64MB incremental:off max_workers:2 =====
SELECT * FROM (SELECT * FROM s_4 ORDER BY a, b, c, d) foo ORDER BY a, b, c, d, e LIMIT 100000
                                       QUERY PLAN                                       
----------------------------------------------------------------------------------------
 Limit  (cost=2538196.99..2538196.99 rows=1 width=20)
   ->  Limit  (cost=2536946.99..2537196.99 rows=100000 width=20)
         ->  Sort  (cost=2536946.99..2561947.13 rows=10000054 width=20)
               Sort Key: s_4.a, s_4.b, s_4.c, s_4.d, s_4.e
               ->  Sort  (cost=1531459.54..1556459.68 rows=10000054 width=20)
                     Sort Key: s_4.a, s_4.b, s_4.c, s_4.d
                     ->  Seq Scan on s_4  (cost=0.00..163695.54 rows=10000054 width=20)
(7 rows)

===== 433 [Wed Mar  7 09:55:35 CET 2018] scale:10000000 groups:10000 work_mem:128MB incremental:on max_workers:2 =====
SELECT * FROM (SELECT * FROM s_1 ORDER BY a) foo ORDER BY a, b LIMIT 100000
                                              QUERY PLAN                                              
------------------------------------------------------------------------------------------------------
 Limit  (cost=653015.04..653015.04 rows=1 width=20)
   ->  Limit  (cost=650107.37..652015.04 rows=100000 width=20)
         ->  Incremental Sort  (cost=650107.37..840872.55 rows=9999939 width=20)
               Sort Key: s_1.a, s_1.b
               Presorted Key: s_1.a
               ->  Gather Merge  (cost=649942.06..1622226.17 rows=8333282 width=20)
                     Workers Planned: 2
                     ->  Sort  (cost=648942.04..659358.64 rows=4166641 width=20)
                           Sort Key: s_1.a
                           ->  Parallel Seq Scan on s_1  (cost=0.00..105361.41 rows=4166641 width=20)
(10 rows)

===== 434 [Wed Mar  7 09:55:40 CET 2018] scale:10000000 groups:10000 work_mem:128MB incremental:on max_workers:2 =====
SELECT * FROM (SELECT * FROM s_2 ORDER BY a, b) foo ORDER BY a, b, c LIMIT 100000
                                              QUERY PLAN                                              
------------------------------------------------------------------------------------------------------
 Limit  (cost=653026.73..653026.73 rows=1 width=20)
   ->  Limit  (cost=649952.90..652026.73 rows=100000 width=20)
         ->  Incremental Sort  (cost=649952.90..857336.57 rows=10000054 width=20)
               Sort Key: s_2.a, s_2.b, s_2.c
               Presorted Key: s_2.a, s_2.b
               ->  Gather Merge  (cost=649951.66..1622246.98 rows=8333378 width=20)
                     Workers Planned: 2
                     ->  Sort  (cost=648951.64..659368.36 rows=4166689 width=20)
                           Sort Key: s_2.a, s_2.b
                           ->  Parallel Seq Scan on s_2  (cost=0.00..105361.89 rows=4166689 width=20)
(10 rows)

===== 435 [Wed Mar  7 09:55:44 CET 2018] scale:10000000 groups:10000 work_mem:128MB incremental:on max_workers:2 =====
SELECT * FROM (SELECT * FROM s_3 ORDER BY a, b, c) foo ORDER BY a, b, c, d LIMIT 100000
                                              QUERY PLAN                                              
------------------------------------------------------------------------------------------------------
 Limit  (cost=653017.12..653017.12 rows=1 width=20)
   ->  Limit  (cost=649943.30..652017.12 rows=100000 width=20)
         ->  Incremental Sort  (cost=649943.30..857324.74 rows=9999939 width=20)
               Sort Key: s_3.a, s_3.b, s_3.c, s_3.d
               Presorted Key: s_3.a, s_3.b, s_3.c
               ->  Gather Merge  (cost=649942.06..1622226.17 rows=8333282 width=20)
                     Workers Planned: 2
                     ->  Sort  (cost=648942.04..659358.64 rows=4166641 width=20)
                           Sort Key: s_3.a, s_3.b, s_3.c
                           ->  Parallel Seq Scan on s_3  (cost=0.00..105361.41 rows=4166641 width=20)
(10 rows)

===== 436 [Wed Mar  7 09:55:49 CET 2018] scale:10000000 groups:10000 work_mem:128MB incremental:on max_workers:2 =====
SELECT * FROM (SELECT * FROM s_4 ORDER BY a, b, c, d) foo ORDER BY a, b, c, d, e LIMIT 100000
                                              QUERY PLAN                                              
------------------------------------------------------------------------------------------------------
 Limit  (cost=653026.73..653026.73 rows=1 width=20)
   ->  Limit  (cost=649952.90..652026.73 rows=100000 width=20)
         ->  Incremental Sort  (cost=649952.90..857336.57 rows=10000054 width=20)
               Sort Key: s_4.a, s_4.b, s_4.c, s_4.d, s_4.e
               Presorted Key: s_4.a, s_4.b, s_4.c, s_4.d
               ->  Gather Merge  (cost=649951.66..1622246.98 rows=8333378 width=20)
                     Workers Planned: 2
                     ->  Sort  (cost=648951.64..659368.36 rows=4166689 width=20)
                           Sort Key: s_4.a, s_4.b, s_4.c, s_4.d
                           ->  Parallel Seq Scan on s_4  (cost=0.00..105361.89 rows=4166689 width=20)
(10 rows)

===== 437 [Wed Mar  7 09:55:54 CET 2018] scale:10000000 groups:10000 work_mem:128MB incremental:off max_workers:2 =====
SELECT * FROM (SELECT * FROM s_1 ORDER BY a) foo ORDER BY a, b LIMIT 100000
                                      QUERY PLAN                                       
---------------------------------------------------------------------------------------
 Limit  (cost=2538166.58..2538166.58 rows=1 width=20)
   ->  Limit  (cost=2536916.58..2537166.58 rows=100000 width=20)
         ->  Sort  (cost=2536916.58..2561916.43 rows=9999939 width=20)
               Sort Key: s_1.a, s_1.b
               ->  Sort  (cost=1531440.69..1556440.54 rows=9999939 width=20)
                     Sort Key: s_1.a
                     ->  Seq Scan on s_1  (cost=0.00..163694.39 rows=9999939 width=20)
(7 rows)

===== 438 [Wed Mar  7 09:56:11 CET 2018] scale:10000000 groups:10000 work_mem:128MB incremental:off max_workers:2 =====
SELECT * FROM (SELECT * FROM s_2 ORDER BY a, b) foo ORDER BY a, b, c LIMIT 100000
                                       QUERY PLAN                                       
----------------------------------------------------------------------------------------
 Limit  (cost=2538196.99..2538196.99 rows=1 width=20)
   ->  Limit  (cost=2536946.99..2537196.99 rows=100000 width=20)
         ->  Sort  (cost=2536946.99..2561947.13 rows=10000054 width=20)
               Sort Key: s_2.a, s_2.b, s_2.c
               ->  Sort  (cost=1531459.54..1556459.68 rows=10000054 width=20)
                     Sort Key: s_2.a, s_2.b
                     ->  Seq Scan on s_2  (cost=0.00..163695.54 rows=10000054 width=20)
(7 rows)

===== 439 [Wed Mar  7 09:56:29 CET 2018] scale:10000000 groups:10000 work_mem:128MB incremental:off max_workers:2 =====
SELECT * FROM (SELECT * FROM s_3 ORDER BY a, b, c) foo ORDER BY a, b, c, d LIMIT 100000
                                      QUERY PLAN                                       
---------------------------------------------------------------------------------------
 Limit  (cost=2538166.58..2538166.58 rows=1 width=20)
   ->  Limit  (cost=2536916.58..2537166.58 rows=100000 width=20)
         ->  Sort  (cost=2536916.58..2561916.43 rows=9999939 width=20)
               Sort Key: s_3.a, s_3.b, s_3.c, s_3.d
               ->  Sort  (cost=1531440.69..1556440.54 rows=9999939 width=20)
                     Sort Key: s_3.a, s_3.b, s_3.c
                     ->  Seq Scan on s_3  (cost=0.00..163694.39 rows=9999939 width=20)
(7 rows)

===== 440 [Wed Mar  7 09:56:47 CET 2018] scale:10000000 groups:10000 work_mem:128MB incremental:off max_workers:2 =====
SELECT * FROM (SELECT * FROM s_4 ORDER BY a, b, c, d) foo ORDER BY a, b, c, d, e LIMIT 100000
                                       QUERY PLAN                                       
----------------------------------------------------------------------------------------
 Limit  (cost=2538196.99..2538196.99 rows=1 width=20)
   ->  Limit  (cost=2536946.99..2537196.99 rows=100000 width=20)
         ->  Sort  (cost=2536946.99..2561947.13 rows=10000054 width=20)
               Sort Key: s_4.a, s_4.b, s_4.c, s_4.d, s_4.e
               ->  Sort  (cost=1531459.54..1556459.68 rows=10000054 width=20)
                     Sort Key: s_4.a, s_4.b, s_4.c, s_4.d
                     ->  Seq Scan on s_4  (cost=0.00..163695.54 rows=10000054 width=20)
(7 rows)

===== 441 [Wed Mar  7 09:57:06 CET 2018] scale:10000000 groups:10000 work_mem:256MB incremental:on max_workers:2 =====
SELECT * FROM (SELECT * FROM s_1 ORDER BY a) foo ORDER BY a, b LIMIT 100000
                                              QUERY PLAN                                              
------------------------------------------------------------------------------------------------------
 Limit  (cost=567607.78..567607.78 rows=1 width=20)
   ->  Limit  (cost=564646.69..566607.78 rows=100000 width=20)
         ->  Incremental Sort  (cost=564646.69..728070.12 rows=8333282 width=20)
               Sort Key: s_1.a, s_1.b
               Presorted Key: s_1.a
               ->  Gather Merge  (cost=564493.06..1536777.17 rows=8333282 width=20)
                     Workers Planned: 2
                     ->  Sort  (cost=563493.04..573909.64 rows=4166641 width=20)
                           Sort Key: s_1.a
                           ->  Parallel Seq Scan on s_1  (cost=0.00..105361.41 rows=4166641 width=20)
(10 rows)

===== 442 [Wed Mar  7 09:57:10 CET 2018] scale:10000000 groups:10000 work_mem:256MB incremental:on max_workers:2 =====
SELECT * FROM (SELECT * FROM s_2 ORDER BY a, b) foo ORDER BY a, b, c LIMIT 100000
                                              QUERY PLAN                                              
------------------------------------------------------------------------------------------------------
 Limit  (cost=567622.52..567622.52 rows=1 width=20)
   ->  Limit  (cost=564500.60..566622.52 rows=100000 width=20)
         ->  Incremental Sort  (cost=564500.60..741328.48 rows=8333378 width=20)
               Sort Key: s_2.a, s_2.b, s_2.c
               Presorted Key: s_2.a, s_2.b
               ->  Gather Merge  (cost=564499.16..1536794.48 rows=8333378 width=20)
                     Workers Planned: 2
                     ->  Sort  (cost=563499.14..573915.86 rows=4166689 width=20)
                           Sort Key: s_2.a, s_2.b
                           ->  Parallel Seq Scan on s_2  (cost=0.00..105361.89 rows=4166689 width=20)
(10 rows)

===== 443 [Wed Mar  7 09:57:15 CET 2018] scale:10000000 groups:10000 work_mem:256MB incremental:on max_workers:2 =====
SELECT * FROM (SELECT * FROM s_3 ORDER BY a, b, c) foo ORDER BY a, b, c, d LIMIT 100000
                                              QUERY PLAN                                              
------------------------------------------------------------------------------------------------------
 Limit  (cost=567616.42..567616.42 rows=1 width=20)
   ->  Limit  (cost=564494.49..566616.42 rows=100000 width=20)
         ->  Incremental Sort  (cost=564494.49..741320.50 rows=8333282 width=20)
               Sort Key: s_3.a, s_3.b, s_3.c, s_3.d
               Presorted Key: s_3.a, s_3.b, s_3.c
               ->  Gather Merge  (cost=564493.06..1536777.17 rows=8333282 width=20)
                     Workers Planned: 2
                     ->  Sort  (cost=563493.04..573909.64 rows=4166641 width=20)
                           Sort Key: s_3.a, s_3.b, s_3.c
                           ->  Parallel Seq Scan on s_3  (cost=0.00..105361.41 rows=4166641 width=20)
(10 rows)

===== 444 [Wed Mar  7 09:57:20 CET 2018] scale:10000000 groups:10000 work_mem:256MB incremental:on max_workers:2 =====
SELECT * FROM (SELECT * FROM s_4 ORDER BY a, b, c, d) foo ORDER BY a, b, c, d, e LIMIT 100000
                                              QUERY PLAN                                              
------------------------------------------------------------------------------------------------------
 Limit  (cost=567622.52..567622.52 rows=1 width=20)
   ->  Limit  (cost=564500.60..566622.52 rows=100000 width=20)
         ->  Incremental Sort  (cost=564500.60..741328.48 rows=8333378 width=20)
               Sort Key: s_4.a, s_4.b, s_4.c, s_4.d, s_4.e
               Presorted Key: s_4.a, s_4.b, s_4.c, s_4.d
               ->  Gather Merge  (cost=564499.16..1536794.48 rows=8333378 width=20)
                     Workers Planned: 2
                     ->  Sort  (cost=563499.14..573915.86 rows=4166689 width=20)
                           Sort Key: s_4.a, s_4.b, s_4.c, s_4.d
                           ->  Parallel Seq Scan on s_4  (cost=0.00..105361.89 rows=4166689 width=20)
(10 rows)

===== 445 [Wed Mar  7 09:57:25 CET 2018] scale:10000000 groups:10000 work_mem:256MB incremental:off max_workers:2 =====
SELECT * FROM (SELECT * FROM s_1 ORDER BY a) foo ORDER BY a, b LIMIT 100000
                                              QUERY PLAN                                              
------------------------------------------------------------------------------------------------------
 Limit  (cost=2355090.49..2355090.49 rows=1 width=20)
   ->  Limit  (cost=2353840.49..2354090.49 rows=100000 width=20)
         ->  Sort  (cost=2353840.49..2374673.70 rows=8333282 width=20)
               Sort Key: s_1.a, s_1.b
               ->  Gather Merge  (cost=564493.06..1536777.17 rows=8333282 width=20)
                     Workers Planned: 2
                     ->  Sort  (cost=563493.04..573909.64 rows=4166641 width=20)
                           Sort Key: s_1.a
                           ->  Parallel Seq Scan on s_1  (cost=0.00..105361.41 rows=4166641 width=20)
(9 rows)

===== 446 [Wed Mar  7 09:57:40 CET 2018] scale:10000000 groups:10000 work_mem:256MB incremental:off max_workers:2 =====
SELECT * FROM (SELECT * FROM s_2 ORDER BY a, b) foo ORDER BY a, b, c LIMIT 100000
                                              QUERY PLAN                                              
------------------------------------------------------------------------------------------------------
 Limit  (cost=2355117.21..2355117.21 rows=1 width=20)
   ->  Limit  (cost=2353867.21..2354117.21 rows=100000 width=20)
         ->  Sort  (cost=2353867.21..2374700.66 rows=8333378 width=20)
               Sort Key: s_2.a, s_2.b, s_2.c
               ->  Gather Merge  (cost=564499.16..1536794.48 rows=8333378 width=20)
                     Workers Planned: 2
                     ->  Sort  (cost=563499.14..573915.86 rows=4166689 width=20)
                           Sort Key: s_2.a, s_2.b
                           ->  Parallel Seq Scan on s_2  (cost=0.00..105361.89 rows=4166689 width=20)
(9 rows)

===== 447 [Wed Mar  7 09:57:56 CET 2018] scale:10000000 groups:10000 work_mem:256MB incremental:off max_workers:2 =====
SELECT * FROM (SELECT * FROM s_3 ORDER BY a, b, c) foo ORDER BY a, b, c, d LIMIT 100000
                                              QUERY PLAN                                              
------------------------------------------------------------------------------------------------------
 Limit  (cost=2355090.49..2355090.49 rows=1 width=20)
   ->  Limit  (cost=2353840.49..2354090.49 rows=100000 width=20)
         ->  Sort  (cost=2353840.49..2374673.70 rows=8333282 width=20)
               Sort Key: s_3.a, s_3.b, s_3.c, s_3.d
               ->  Gather Merge  (cost=564493.06..1536777.17 rows=8333282 width=20)
                     Workers Planned: 2
                     ->  Sort  (cost=563493.04..573909.64 rows=4166641 width=20)
                           Sort Key: s_3.a, s_3.b, s_3.c
                           ->  Parallel Seq Scan on s_3  (cost=0.00..105361.41 rows=4166641 width=20)
(9 rows)

===== 448 [Wed Mar  7 09:58:13 CET 2018] scale:10000000 groups:10000 work_mem:256MB incremental:off max_workers:2 =====
SELECT * FROM (SELECT * FROM s_4 ORDER BY a, b, c, d) foo ORDER BY a, b, c, d, e LIMIT 100000
                                              QUERY PLAN                                              
------------------------------------------------------------------------------------------------------
 Limit  (cost=2355117.21..2355117.21 rows=1 width=20)
   ->  Limit  (cost=2353867.21..2354117.21 rows=100000 width=20)
         ->  Sort  (cost=2353867.21..2374700.66 rows=8333378 width=20)
               Sort Key: s_4.a, s_4.b, s_4.c, s_4.d, s_4.e
               ->  Gather Merge  (cost=564499.16..1536794.48 rows=8333378 width=20)
                     Workers Planned: 2
                     ->  Sort  (cost=563499.14..573915.86 rows=4166689 width=20)
                           Sort Key: s_4.a, s_4.b, s_4.c, s_4.d
                           ->  Parallel Seq Scan on s_4  (cost=0.00..105361.89 rows=4166689 width=20)
(9 rows)

