===== 1 [Wed Mar  7 02:05:03 CET 2018] scale:100000 groups:10 work_mem:4MB incremental:on max_workers:0 =====
SELECT * FROM s_1 ORDER BY a, b
                                                                QUERY PLAN                                                                
------------------------------------------------------------------------------------------------------------------------------------------
 Limit  (cost=12569.62..12569.62 rows=1 width=20) (actual time=37.197..37.197 rows=0 loops=1)
   ->  Incremental Sort  (cost=892.94..11569.62 rows=100000 width=20) (actual time=1.787..35.038 rows=100000 loops=1)
         Sort Key: s_1.a, s_1.b
         Presorted Key: s_1.a
         Sort Method: quicksort  Memory: 1185kB
         Sort Groups: 11
         ->  Index Scan using s_1_a_idx on s_1  (cost=0.29..3244.29 rows=100000 width=20) (actual time=0.022..13.460 rows=100000 loops=1)
 Planning time: 0.265 ms
 Execution time: 37.236 ms
(9 rows)

===== 2 [Wed Mar  7 02:05:03 CET 2018] scale:100000 groups:10 work_mem:4MB incremental:on max_workers:0 =====
SELECT * FROM s_2 ORDER BY a, b, c
                                                                 QUERY PLAN                                                                 
--------------------------------------------------------------------------------------------------------------------------------------------
 Limit  (cost=11676.85..11676.85 rows=1 width=20) (actual time=37.162..37.162 rows=0 loops=1)
   ->  Incremental Sort  (cost=74.05..10676.85 rows=100000 width=20) (actual time=0.154..34.990 rows=100000 loops=1)
         Sort Key: s_2.a, s_2.b, s_2.c
         Presorted Key: s_2.a, s_2.b
         Sort Method: quicksort  Memory: 133kB
         Sort Groups: 121
         ->  Index Scan using s_2_a_b_idx on s_2  (cost=0.29..4079.04 rows=100000 width=20) (actual time=0.028..12.840 rows=100000 loops=1)
 Planning time: 0.274 ms
 Execution time: 37.196 ms
(9 rows)

===== 3 [Wed Mar  7 02:05:04 CET 2018] scale:100000 groups:10 work_mem:4MB incremental:on max_workers:0 =====
SELECT * FROM s_3 ORDER BY a, b, c, d
                                                                  QUERY PLAN                                                                  
----------------------------------------------------------------------------------------------------------------------------------------------
 Limit  (cost=10419.46..10419.46 rows=1 width=20) (actual time=41.910..41.910 rows=0 loops=1)
   ->  Incremental Sort  (cost=6.16..9419.46 rows=100000 width=20) (actual time=0.086..39.737 rows=100000 loops=1)
         Sort Key: s_3.a, s_3.b, s_3.c, s_3.d
         Presorted Key: s_3.a, s_3.b, s_3.c
         Sort Method: quicksort  Memory: 35kB
         Sort Groups: 1261
         ->  Index Scan using s_3_a_b_c_idx on s_3  (cost=0.42..4527.17 rows=100000 width=20) (actual time=0.033..13.517 rows=100000 loops=1)
 Planning time: 0.279 ms
 Execution time: 41.932 ms
(9 rows)

===== 4 [Wed Mar  7 02:05:04 CET 2018] scale:100000 groups:10 work_mem:4MB incremental:on max_workers:0 =====
SELECT * FROM s_4 ORDER BY a, b, c, d, e
                                                                   QUERY PLAN                                                                   
------------------------------------------------------------------------------------------------------------------------------------------------
 Limit  (cost=9138.13..9138.13 rows=1 width=20) (actual time=44.672..44.672 rows=0 loops=1)
   ->  Incremental Sort  (cost=1.04..8138.13 rows=100000 width=20) (actual time=0.085..42.468 rows=100000 loops=1)
         Sort Key: s_4.a, s_4.b, s_4.c, s_4.d, s_4.e
         Presorted Key: s_4.a, s_4.b, s_4.c, s_4.d
         Sort Method: quicksort  Memory: 28kB
         Sort Groups: 2779
         ->  Index Scan using s_4_a_b_c_d_idx on s_4  (cost=0.42..4527.17 rows=100000 width=20) (actual time=0.032..13.433 rows=100000 loops=1)
 Planning time: 0.267 ms
 Execution time: 44.693 ms
(9 rows)

===== 5 [Wed Mar  7 02:05:04 CET 2018] scale:100000 groups:10 work_mem:4MB incremental:off max_workers:0 =====
SELECT * FROM s_1 ORDER BY a, b
                                                      QUERY PLAN                                                       
-----------------------------------------------------------------------------------------------------------------------
 Limit  (cost=13242.82..13242.82 rows=1 width=20) (actual time=38.423..38.423 rows=0 loops=1)
   ->  Sort  (cost=11992.82..12242.82 rows=100000 width=20) (actual time=28.788..36.239 rows=100000 loops=1)
         Sort Key: s_1.a, s_1.b
         Sort Method: external merge  Disk: 2936kB
         ->  Seq Scan on s_1  (cost=0.00..1637.00 rows=100000 width=20) (actual time=0.007..5.473 rows=100000 loops=1)
 Planning time: 0.257 ms
 Execution time: 38.995 ms
(7 rows)

===== 6 [Wed Mar  7 02:05:04 CET 2018] scale:100000 groups:10 work_mem:4MB incremental:off max_workers:0 =====
SELECT * FROM s_2 ORDER BY a, b, c
                                                      QUERY PLAN                                                       
-----------------------------------------------------------------------------------------------------------------------
 Limit  (cost=13242.82..13242.82 rows=1 width=20) (actual time=45.745..45.745 rows=0 loops=1)
   ->  Sort  (cost=11992.82..12242.82 rows=100000 width=20) (actual time=36.249..43.569 rows=100000 loops=1)
         Sort Key: s_2.a, s_2.b, s_2.c
         Sort Method: external merge  Disk: 2936kB
         ->  Seq Scan on s_2  (cost=0.00..1637.00 rows=100000 width=20) (actual time=0.010..5.508 rows=100000 loops=1)
 Planning time: 0.269 ms
 Execution time: 46.317 ms
(7 rows)

===== 7 [Wed Mar  7 02:05:05 CET 2018] scale:100000 groups:10 work_mem:4MB incremental:off max_workers:0 =====
SELECT * FROM s_3 ORDER BY a, b, c, d
                                                      QUERY PLAN                                                       
-----------------------------------------------------------------------------------------------------------------------
 Limit  (cost=13242.82..13242.82 rows=1 width=20) (actual time=57.505..57.505 rows=0 loops=1)
   ->  Sort  (cost=11992.82..12242.82 rows=100000 width=20) (actual time=47.990..55.317 rows=100000 loops=1)
         Sort Key: s_3.a, s_3.b, s_3.c, s_3.d
         Sort Method: external merge  Disk: 2936kB
         ->  Seq Scan on s_3  (cost=0.00..1637.00 rows=100000 width=20) (actual time=0.010..5.513 rows=100000 loops=1)
 Planning time: 0.266 ms
 Execution time: 58.072 ms
(7 rows)

===== 8 [Wed Mar  7 02:05:05 CET 2018] scale:100000 groups:10 work_mem:4MB incremental:off max_workers:0 =====
SELECT * FROM s_4 ORDER BY a, b, c, d, e
                                                      QUERY PLAN                                                       
-----------------------------------------------------------------------------------------------------------------------
 Limit  (cost=13242.82..13242.82 rows=1 width=20) (actual time=66.660..66.660 rows=0 loops=1)
   ->  Sort  (cost=11992.82..12242.82 rows=100000 width=20) (actual time=57.106..64.483 rows=100000 loops=1)
         Sort Key: s_4.a, s_4.b, s_4.c, s_4.d, s_4.e
         Sort Method: external merge  Disk: 2936kB
         ->  Seq Scan on s_4  (cost=0.00..1637.00 rows=100000 width=20) (actual time=0.007..5.513 rows=100000 loops=1)
 Planning time: 0.252 ms
 Execution time: 67.208 ms
(7 rows)

===== 9 [Wed Mar  7 02:05:06 CET 2018] scale:100000 groups:10 work_mem:8MB incremental:on max_workers:0 =====
SELECT * FROM s_1 ORDER BY a, b
                                                      QUERY PLAN                                                       
-----------------------------------------------------------------------------------------------------------------------
 Limit  (cost=11191.82..11191.82 rows=1 width=20) (actual time=42.451..42.451 rows=0 loops=1)
   ->  Sort  (cost=9941.82..10191.82 rows=100000 width=20) (actual time=33.020..40.263 rows=100000 loops=1)
         Sort Key: s_1.a, s_1.b
         Sort Method: external merge  Disk: 2936kB
         ->  Seq Scan on s_1  (cost=0.00..1637.00 rows=100000 width=20) (actual time=0.007..5.561 rows=100000 loops=1)
 Planning time: 0.260 ms
 Execution time: 42.867 ms
(7 rows)

===== 10 [Wed Mar  7 02:05:06 CET 2018] scale:100000 groups:10 work_mem:8MB incremental:on max_workers:0 =====
SELECT * FROM s_2 ORDER BY a, b, c
                                                      QUERY PLAN                                                       
-----------------------------------------------------------------------------------------------------------------------
 Limit  (cost=11191.82..11191.82 rows=1 width=20) (actual time=48.888..48.888 rows=0 loops=1)
   ->  Sort  (cost=9941.82..10191.82 rows=100000 width=20) (actual time=39.523..46.699 rows=100000 loops=1)
         Sort Key: s_2.a, s_2.b, s_2.c
         Sort Method: external merge  Disk: 2936kB
         ->  Seq Scan on s_2  (cost=0.00..1637.00 rows=100000 width=20) (actual time=0.010..5.589 rows=100000 loops=1)
 Planning time: 0.276 ms
 Execution time: 49.302 ms
(7 rows)

===== 11 [Wed Mar  7 02:05:06 CET 2018] scale:100000 groups:10 work_mem:8MB incremental:on max_workers:0 =====
SELECT * FROM s_3 ORDER BY a, b, c, d
                                                                  QUERY PLAN                                                                  
----------------------------------------------------------------------------------------------------------------------------------------------
 Limit  (cost=10419.46..10419.46 rows=1 width=20) (actual time=40.014..40.014 rows=0 loops=1)
   ->  Incremental Sort  (cost=6.16..9419.46 rows=100000 width=20) (actual time=0.069..37.841 rows=100000 loops=1)
         Sort Key: s_3.a, s_3.b, s_3.c, s_3.d
         Presorted Key: s_3.a, s_3.b, s_3.c
         Sort Method: quicksort  Memory: 35kB
         Sort Groups: 1261
         ->  Index Scan using s_3_a_b_c_idx on s_3  (cost=0.42..4527.17 rows=100000 width=20) (actual time=0.016..11.846 rows=100000 loops=1)
 Planning time: 0.277 ms
 Execution time: 40.035 ms
(9 rows)

===== 12 [Wed Mar  7 02:05:06 CET 2018] scale:100000 groups:10 work_mem:8MB incremental:on max_workers:0 =====
SELECT * FROM s_4 ORDER BY a, b, c, d, e
                                                                   QUERY PLAN                                                                   
------------------------------------------------------------------------------------------------------------------------------------------------
 Limit  (cost=9138.13..9138.13 rows=1 width=20) (actual time=42.920..42.920 rows=0 loops=1)
   ->  Incremental Sort  (cost=1.04..8138.13 rows=100000 width=20) (actual time=0.074..40.724 rows=100000 loops=1)
         Sort Key: s_4.a, s_4.b, s_4.c, s_4.d, s_4.e
         Presorted Key: s_4.a, s_4.b, s_4.c, s_4.d
         Sort Method: quicksort  Memory: 28kB
         Sort Groups: 2779
         ->  Index Scan using s_4_a_b_c_d_idx on s_4  (cost=0.42..4527.17 rows=100000 width=20) (actual time=0.015..11.854 rows=100000 loops=1)
 Planning time: 0.269 ms
 Execution time: 42.941 ms
(9 rows)

===== 13 [Wed Mar  7 02:05:07 CET 2018] scale:100000 groups:10 work_mem:8MB incremental:off max_workers:0 =====
SELECT * FROM s_1 ORDER BY a, b
                                                      QUERY PLAN                                                       
-----------------------------------------------------------------------------------------------------------------------
 Limit  (cost=11191.82..11191.82 rows=1 width=20) (actual time=42.356..42.356 rows=0 loops=1)
   ->  Sort  (cost=9941.82..10191.82 rows=100000 width=20) (actual time=32.946..40.169 rows=100000 loops=1)
         Sort Key: s_1.a, s_1.b
         Sort Method: external merge  Disk: 2936kB
         ->  Seq Scan on s_1  (cost=0.00..1637.00 rows=100000 width=20) (actual time=0.007..5.605 rows=100000 loops=1)
 Planning time: 0.267 ms
 Execution time: 42.766 ms
(7 rows)

===== 14 [Wed Mar  7 02:05:07 CET 2018] scale:100000 groups:10 work_mem:8MB incremental:off max_workers:0 =====
SELECT * FROM s_2 ORDER BY a, b, c
                                                      QUERY PLAN                                                       
-----------------------------------------------------------------------------------------------------------------------
 Limit  (cost=11191.82..11191.82 rows=1 width=20) (actual time=48.890..48.890 rows=0 loops=1)
   ->  Sort  (cost=9941.82..10191.82 rows=100000 width=20) (actual time=39.551..46.703 rows=100000 loops=1)
         Sort Key: s_2.a, s_2.b, s_2.c
         Sort Method: external merge  Disk: 2936kB
         ->  Seq Scan on s_2  (cost=0.00..1637.00 rows=100000 width=20) (actual time=0.011..5.572 rows=100000 loops=1)
 Planning time: 0.267 ms
 Execution time: 49.301 ms
(7 rows)

===== 15 [Wed Mar  7 02:05:07 CET 2018] scale:100000 groups:10 work_mem:8MB incremental:off max_workers:0 =====
SELECT * FROM s_3 ORDER BY a, b, c, d
                                                      QUERY PLAN                                                       
-----------------------------------------------------------------------------------------------------------------------
 Limit  (cost=11191.82..11191.82 rows=1 width=20) (actual time=60.488..60.488 rows=0 loops=1)
   ->  Sort  (cost=9941.82..10191.82 rows=100000 width=20) (actual time=51.091..58.299 rows=100000 loops=1)
         Sort Key: s_3.a, s_3.b, s_3.c, s_3.d
         Sort Method: external merge  Disk: 2936kB
         ->  Seq Scan on s_3  (cost=0.00..1637.00 rows=100000 width=20) (actual time=0.011..5.608 rows=100000 loops=1)
 Planning time: 0.266 ms
 Execution time: 60.893 ms
(7 rows)

===== 16 [Wed Mar  7 02:05:08 CET 2018] scale:100000 groups:10 work_mem:8MB incremental:off max_workers:0 =====
SELECT * FROM s_4 ORDER BY a, b, c, d, e
                                                      QUERY PLAN                                                       
-----------------------------------------------------------------------------------------------------------------------
 Limit  (cost=11191.82..11191.82 rows=1 width=20) (actual time=68.869..68.869 rows=0 loops=1)
   ->  Sort  (cost=9941.82..10191.82 rows=100000 width=20) (actual time=59.499..66.679 rows=100000 loops=1)
         Sort Key: s_4.a, s_4.b, s_4.c, s_4.d, s_4.e
         Sort Method: external merge  Disk: 2936kB
         ->  Seq Scan on s_4  (cost=0.00..1637.00 rows=100000 width=20) (actual time=0.007..5.622 rows=100000 loops=1)
 Planning time: 0.260 ms
 Execution time: 69.281 ms
(7 rows)

===== 17 [Wed Mar  7 02:05:08 CET 2018] scale:100000 groups:10 work_mem:16MB incremental:on max_workers:0 =====
SELECT * FROM s_1 ORDER BY a, b
                                                      QUERY PLAN                                                       
-----------------------------------------------------------------------------------------------------------------------
 Limit  (cost=11191.82..11191.82 rows=1 width=20) (actual time=33.331..33.331 rows=0 loops=1)
   ->  Sort  (cost=9941.82..10191.82 rows=100000 width=20) (actual time=24.779..31.159 rows=100000 loops=1)
         Sort Key: s_1.a, s_1.b
         Sort Method: quicksort  Memory: 10885kB
         ->  Seq Scan on s_1  (cost=0.00..1637.00 rows=100000 width=20) (actual time=0.007..5.577 rows=100000 loops=1)
 Planning time: 0.257 ms
 Execution time: 33.809 ms
(7 rows)

===== 18 [Wed Mar  7 02:05:08 CET 2018] scale:100000 groups:10 work_mem:16MB incremental:on max_workers:0 =====
SELECT * FROM s_2 ORDER BY a, b, c
                                                      QUERY PLAN                                                       
-----------------------------------------------------------------------------------------------------------------------
 Limit  (cost=11191.82..11191.82 rows=1 width=20) (actual time=40.081..40.081 rows=0 loops=1)
   ->  Sort  (cost=9941.82..10191.82 rows=100000 width=20) (actual time=32.286..37.909 rows=100000 loops=1)
         Sort Key: s_2.a, s_2.b, s_2.c
         Sort Method: quicksort  Memory: 10885kB
         ->  Seq Scan on s_2  (cost=0.00..1637.00 rows=100000 width=20) (actual time=0.010..5.602 rows=100000 loops=1)
 Planning time: 0.274 ms
 Execution time: 40.556 ms
(7 rows)

===== 19 [Wed Mar  7 02:05:09 CET 2018] scale:100000 groups:10 work_mem:16MB incremental:on max_workers:0 =====
SELECT * FROM s_3 ORDER BY a, b, c, d
                                                                  QUERY PLAN                                                                  
----------------------------------------------------------------------------------------------------------------------------------------------
 Limit  (cost=10419.46..10419.46 rows=1 width=20) (actual time=40.046..40.046 rows=0 loops=1)
   ->  Incremental Sort  (cost=6.16..9419.46 rows=100000 width=20) (actual time=0.071..37.875 rows=100000 loops=1)
         Sort Key: s_3.a, s_3.b, s_3.c, s_3.d
         Presorted Key: s_3.a, s_3.b, s_3.c
         Sort Method: quicksort  Memory: 35kB
         Sort Groups: 1261
         ->  Index Scan using s_3_a_b_c_idx on s_3  (cost=0.42..4527.17 rows=100000 width=20) (actual time=0.016..11.855 rows=100000 loops=1)
 Planning time: 0.278 ms
 Execution time: 40.068 ms
(9 rows)

===== 20 [Wed Mar  7 02:05:09 CET 2018] scale:100000 groups:10 work_mem:16MB incremental:on max_workers:0 =====
SELECT * FROM s_4 ORDER BY a, b, c, d, e
                                                                   QUERY PLAN                                                                   
------------------------------------------------------------------------------------------------------------------------------------------------
 Limit  (cost=9138.13..9138.13 rows=1 width=20) (actual time=42.939..42.939 rows=0 loops=1)
   ->  Incremental Sort  (cost=1.04..8138.13 rows=100000 width=20) (actual time=0.068..40.737 rows=100000 loops=1)
         Sort Key: s_4.a, s_4.b, s_4.c, s_4.d, s_4.e
         Presorted Key: s_4.a, s_4.b, s_4.c, s_4.d
         Sort Method: quicksort  Memory: 28kB
         Sort Groups: 2779
         ->  Index Scan using s_4_a_b_c_d_idx on s_4  (cost=0.42..4527.17 rows=100000 width=20) (actual time=0.014..11.879 rows=100000 loops=1)
 Planning time: 0.268 ms
 Execution time: 42.960 ms
(9 rows)

===== 21 [Wed Mar  7 02:05:09 CET 2018] scale:100000 groups:10 work_mem:16MB incremental:off max_workers:0 =====
SELECT * FROM s_1 ORDER BY a, b
                                                      QUERY PLAN                                                       
-----------------------------------------------------------------------------------------------------------------------
 Limit  (cost=11191.82..11191.82 rows=1 width=20) (actual time=33.158..33.158 rows=0 loops=1)
   ->  Sort  (cost=9941.82..10191.82 rows=100000 width=20) (actual time=24.680..30.999 rows=100000 loops=1)
         Sort Key: s_1.a, s_1.b
         Sort Method: quicksort  Memory: 10885kB
         ->  Seq Scan on s_1  (cost=0.00..1637.00 rows=100000 width=20) (actual time=0.007..5.590 rows=100000 loops=1)
 Planning time: 0.248 ms
 Execution time: 33.630 ms
(7 rows)

===== 22 [Wed Mar  7 02:05:10 CET 2018] scale:100000 groups:10 work_mem:16MB incremental:off max_workers:0 =====
SELECT * FROM s_2 ORDER BY a, b, c
                                                      QUERY PLAN                                                       
-----------------------------------------------------------------------------------------------------------------------
 Limit  (cost=11191.82..11191.82 rows=1 width=20) (actual time=40.052..40.052 rows=0 loops=1)
   ->  Sort  (cost=9941.82..10191.82 rows=100000 width=20) (actual time=32.296..37.886 rows=100000 loops=1)
         Sort Key: s_2.a, s_2.b, s_2.c
         Sort Method: quicksort  Memory: 10885kB
         ->  Seq Scan on s_2  (cost=0.00..1637.00 rows=100000 width=20) (actual time=0.010..5.570 rows=100000 loops=1)
 Planning time: 0.261 ms
 Execution time: 40.522 ms
(7 rows)

===== 23 [Wed Mar  7 02:05:10 CET 2018] scale:100000 groups:10 work_mem:16MB incremental:off max_workers:0 =====
SELECT * FROM s_3 ORDER BY a, b, c, d
                                                      QUERY PLAN                                                       
-----------------------------------------------------------------------------------------------------------------------
 Limit  (cost=11191.82..11191.82 rows=1 width=20) (actual time=51.877..51.877 rows=0 loops=1)
   ->  Sort  (cost=9941.82..10191.82 rows=100000 width=20) (actual time=44.261..49.699 rows=100000 loops=1)
         Sort Key: s_3.a, s_3.b, s_3.c, s_3.d
         Sort Method: quicksort  Memory: 10885kB
         ->  Seq Scan on s_3  (cost=0.00..1637.00 rows=100000 width=20) (actual time=0.011..5.620 rows=100000 loops=1)
 Planning time: 0.269 ms
 Execution time: 52.350 ms
(7 rows)

===== 24 [Wed Mar  7 02:05:10 CET 2018] scale:100000 groups:10 work_mem:16MB incremental:off max_workers:0 =====
SELECT * FROM s_4 ORDER BY a, b, c, d, e
                                                      QUERY PLAN                                                       
-----------------------------------------------------------------------------------------------------------------------
 Limit  (cost=11191.82..11191.82 rows=1 width=20) (actual time=59.850..59.850 rows=0 loops=1)
   ->  Sort  (cost=9941.82..10191.82 rows=100000 width=20) (actual time=53.807..57.673 rows=100000 loops=1)
         Sort Key: s_4.a, s_4.b, s_4.c, s_4.d, s_4.e
         Sort Method: quicksort  Memory: 10885kB
         ->  Seq Scan on s_4  (cost=0.00..1637.00 rows=100000 width=20) (actual time=0.007..5.605 rows=100000 loops=1)
 Planning time: 0.250 ms
 Execution time: 60.323 ms
(7 rows)

===== 25 [Wed Mar  7 02:05:11 CET 2018] scale:100000 groups:10 work_mem:32MB incremental:on max_workers:0 =====
SELECT * FROM s_1 ORDER BY a, b
                                                      QUERY PLAN                                                       
-----------------------------------------------------------------------------------------------------------------------
 Limit  (cost=11191.82..11191.82 rows=1 width=20) (actual time=33.372..33.372 rows=0 loops=1)
   ->  Sort  (cost=9941.82..10191.82 rows=100000 width=20) (actual time=24.800..31.200 rows=100000 loops=1)
         Sort Key: s_1.a, s_1.b
         Sort Method: quicksort  Memory: 10885kB
         ->  Seq Scan on s_1  (cost=0.00..1637.00 rows=100000 width=20) (actual time=0.007..5.567 rows=100000 loops=1)
 Planning time: 0.255 ms
 Execution time: 33.855 ms
(7 rows)

===== 26 [Wed Mar  7 02:05:11 CET 2018] scale:100000 groups:10 work_mem:32MB incremental:on max_workers:0 =====
SELECT * FROM s_2 ORDER BY a, b, c
                                                      QUERY PLAN                                                       
-----------------------------------------------------------------------------------------------------------------------
 Limit  (cost=11191.82..11191.82 rows=1 width=20) (actual time=40.126..40.126 rows=0 loops=1)
   ->  Sort  (cost=9941.82..10191.82 rows=100000 width=20) (actual time=32.302..37.943 rows=100000 loops=1)
         Sort Key: s_2.a, s_2.b, s_2.c
         Sort Method: quicksort  Memory: 10885kB
         ->  Seq Scan on s_2  (cost=0.00..1637.00 rows=100000 width=20) (actual time=0.010..5.597 rows=100000 loops=1)
 Planning time: 0.276 ms
 Execution time: 40.604 ms
(7 rows)

===== 27 [Wed Mar  7 02:05:11 CET 2018] scale:100000 groups:10 work_mem:32MB incremental:on max_workers:0 =====
SELECT * FROM s_3 ORDER BY a, b, c, d
                                                                  QUERY PLAN                                                                  
----------------------------------------------------------------------------------------------------------------------------------------------
 Limit  (cost=10419.46..10419.46 rows=1 width=20) (actual time=40.005..40.005 rows=0 loops=1)
   ->  Incremental Sort  (cost=6.16..9419.46 rows=100000 width=20) (actual time=0.070..37.837 rows=100000 loops=1)
         Sort Key: s_3.a, s_3.b, s_3.c, s_3.d
         Presorted Key: s_3.a, s_3.b, s_3.c
         Sort Method: quicksort  Memory: 35kB
         Sort Groups: 1261
         ->  Index Scan using s_3_a_b_c_idx on s_3  (cost=0.42..4527.17 rows=100000 width=20) (actual time=0.016..11.836 rows=100000 loops=1)
 Planning time: 0.286 ms
 Execution time: 40.026 ms
(9 rows)

===== 28 [Wed Mar  7 02:05:11 CET 2018] scale:100000 groups:10 work_mem:32MB incremental:on max_workers:0 =====
SELECT * FROM s_4 ORDER BY a, b, c, d, e
                                                                   QUERY PLAN                                                                   
------------------------------------------------------------------------------------------------------------------------------------------------
 Limit  (cost=9138.13..9138.13 rows=1 width=20) (actual time=42.918..42.918 rows=0 loops=1)
   ->  Incremental Sort  (cost=1.04..8138.13 rows=100000 width=20) (actual time=0.068..40.721 rows=100000 loops=1)
         Sort Key: s_4.a, s_4.b, s_4.c, s_4.d, s_4.e
         Presorted Key: s_4.a, s_4.b, s_4.c, s_4.d
         Sort Method: quicksort  Memory: 28kB
         Sort Groups: 2779
         ->  Index Scan using s_4_a_b_c_d_idx on s_4  (cost=0.42..4527.17 rows=100000 width=20) (actual time=0.014..11.855 rows=100000 loops=1)
 Planning time: 0.275 ms
 Execution time: 42.940 ms
(9 rows)

===== 29 [Wed Mar  7 02:05:12 CET 2018] scale:100000 groups:10 work_mem:32MB incremental:off max_workers:0 =====
SELECT * FROM s_1 ORDER BY a, b
                                                      QUERY PLAN                                                       
-----------------------------------------------------------------------------------------------------------------------
 Limit  (cost=11191.82..11191.82 rows=1 width=20) (actual time=33.190..33.190 rows=0 loops=1)
   ->  Sort  (cost=9941.82..10191.82 rows=100000 width=20) (actual time=24.696..31.030 rows=100000 loops=1)
         Sort Key: s_1.a, s_1.b
         Sort Method: quicksort  Memory: 10885kB
         ->  Seq Scan on s_1  (cost=0.00..1637.00 rows=100000 width=20) (actual time=0.007..5.604 rows=100000 loops=1)
 Planning time: 0.250 ms
 Execution time: 33.662 ms
(7 rows)

===== 30 [Wed Mar  7 02:05:12 CET 2018] scale:100000 groups:10 work_mem:32MB incremental:off max_workers:0 =====
SELECT * FROM s_2 ORDER BY a, b, c
                                                      QUERY PLAN                                                       
-----------------------------------------------------------------------------------------------------------------------
 Limit  (cost=11191.82..11191.82 rows=1 width=20) (actual time=40.137..40.137 rows=0 loops=1)
   ->  Sort  (cost=9941.82..10191.82 rows=100000 width=20) (actual time=32.349..37.969 rows=100000 loops=1)
         Sort Key: s_2.a, s_2.b, s_2.c
         Sort Method: quicksort  Memory: 10885kB
         ->  Seq Scan on s_2  (cost=0.00..1637.00 rows=100000 width=20) (actual time=0.010..5.588 rows=100000 loops=1)
 Planning time: 0.261 ms
 Execution time: 40.616 ms
(7 rows)

===== 31 [Wed Mar  7 02:05:12 CET 2018] scale:100000 groups:10 work_mem:32MB incremental:off max_workers:0 =====
SELECT * FROM s_3 ORDER BY a, b, c, d
                                                      QUERY PLAN                                                       
-----------------------------------------------------------------------------------------------------------------------
 Limit  (cost=11191.82..11191.82 rows=1 width=20) (actual time=51.934..51.934 rows=0 loops=1)
   ->  Sort  (cost=9941.82..10191.82 rows=100000 width=20) (actual time=44.234..49.759 rows=100000 loops=1)
         Sort Key: s_3.a, s_3.b, s_3.c, s_3.d
         Sort Method: quicksort  Memory: 10885kB
         ->  Seq Scan on s_3  (cost=0.00..1637.00 rows=100000 width=20) (actual time=0.011..5.620 rows=100000 loops=1)
 Planning time: 0.263 ms
 Execution time: 52.405 ms
(7 rows)

===== 32 [Wed Mar  7 02:05:12 CET 2018] scale:100000 groups:10 work_mem:32MB incremental:off max_workers:0 =====
SELECT * FROM s_4 ORDER BY a, b, c, d, e
                                                      QUERY PLAN                                                       
-----------------------------------------------------------------------------------------------------------------------
 Limit  (cost=11191.82..11191.82 rows=1 width=20) (actual time=59.856..59.856 rows=0 loops=1)
   ->  Sort  (cost=9941.82..10191.82 rows=100000 width=20) (actual time=53.820..57.677 rows=100000 loops=1)
         Sort Key: s_4.a, s_4.b, s_4.c, s_4.d, s_4.e
         Sort Method: quicksort  Memory: 10885kB
         ->  Seq Scan on s_4  (cost=0.00..1637.00 rows=100000 width=20) (actual time=0.006..5.629 rows=100000 loops=1)
 Planning time: 0.253 ms
 Execution time: 60.334 ms
(7 rows)

===== 33 [Wed Mar  7 02:05:13 CET 2018] scale:100000 groups:10 work_mem:64MB incremental:on max_workers:0 =====
SELECT * FROM s_1 ORDER BY a, b
                                                      QUERY PLAN                                                       
-----------------------------------------------------------------------------------------------------------------------
 Limit  (cost=11191.82..11191.82 rows=1 width=20) (actual time=33.390..33.390 rows=0 loops=1)
   ->  Sort  (cost=9941.82..10191.82 rows=100000 width=20) (actual time=24.790..31.218 rows=100000 loops=1)
         Sort Key: s_1.a, s_1.b
         Sort Method: quicksort  Memory: 10885kB
         ->  Seq Scan on s_1  (cost=0.00..1637.00 rows=100000 width=20) (actual time=0.007..5.585 rows=100000 loops=1)
 Planning time: 0.257 ms
 Execution time: 33.866 ms
(7 rows)

===== 34 [Wed Mar  7 02:05:13 CET 2018] scale:100000 groups:10 work_mem:64MB incremental:on max_workers:0 =====
SELECT * FROM s_2 ORDER BY a, b, c
                                                      QUERY PLAN                                                       
-----------------------------------------------------------------------------------------------------------------------
 Limit  (cost=11191.82..11191.82 rows=1 width=20) (actual time=40.048..40.048 rows=0 loops=1)
   ->  Sort  (cost=9941.82..10191.82 rows=100000 width=20) (actual time=32.272..37.881 rows=100000 loops=1)
         Sort Key: s_2.a, s_2.b, s_2.c
         Sort Method: quicksort  Memory: 10885kB
         ->  Seq Scan on s_2  (cost=0.00..1637.00 rows=100000 width=20) (actual time=0.010..5.575 rows=100000 loops=1)
 Planning time: 0.282 ms
 Execution time: 40.522 ms
(7 rows)

===== 35 [Wed Mar  7 02:05:13 CET 2018] scale:100000 groups:10 work_mem:64MB incremental:on max_workers:0 =====
SELECT * FROM s_3 ORDER BY a, b, c, d
                                                                  QUERY PLAN                                                                  
----------------------------------------------------------------------------------------------------------------------------------------------
 Limit  (cost=10419.46..10419.46 rows=1 width=20) (actual time=40.001..40.001 rows=0 loops=1)
   ->  Incremental Sort  (cost=6.16..9419.46 rows=100000 width=20) (actual time=0.073..37.833 rows=100000 loops=1)
         Sort Key: s_3.a, s_3.b, s_3.c, s_3.d
         Presorted Key: s_3.a, s_3.b, s_3.c
         Sort Method: quicksort  Memory: 35kB
         Sort Groups: 1261
         ->  Index Scan using s_3_a_b_c_idx on s_3  (cost=0.42..4527.17 rows=100000 width=20) (actual time=0.016..11.851 rows=100000 loops=1)
 Planning time: 0.280 ms
 Execution time: 40.022 ms
(9 rows)

===== 36 [Wed Mar  7 02:05:14 CET 2018] scale:100000 groups:10 work_mem:64MB incremental:on max_workers:0 =====
SELECT * FROM s_4 ORDER BY a, b, c, d, e
                                                                   QUERY PLAN                                                                   
------------------------------------------------------------------------------------------------------------------------------------------------
 Limit  (cost=9138.13..9138.13 rows=1 width=20) (actual time=42.919..42.919 rows=0 loops=1)
   ->  Incremental Sort  (cost=1.04..8138.13 rows=100000 width=20) (actual time=0.068..40.713 rows=100000 loops=1)
         Sort Key: s_4.a, s_4.b, s_4.c, s_4.d, s_4.e
         Presorted Key: s_4.a, s_4.b, s_4.c, s_4.d
         Sort Method: quicksort  Memory: 28kB
         Sort Groups: 2779
         ->  Index Scan using s_4_a_b_c_d_idx on s_4  (cost=0.42..4527.17 rows=100000 width=20) (actual time=0.014..11.859 rows=100000 loops=1)
 Planning time: 0.266 ms
 Execution time: 42.940 ms
(9 rows)

===== 37 [Wed Mar  7 02:05:14 CET 2018] scale:100000 groups:10 work_mem:64MB incremental:off max_workers:0 =====
SELECT * FROM s_1 ORDER BY a, b
                                                      QUERY PLAN                                                       
-----------------------------------------------------------------------------------------------------------------------
 Limit  (cost=11191.82..11191.82 rows=1 width=20) (actual time=33.531..33.531 rows=0 loops=1)
   ->  Sort  (cost=9941.82..10191.82 rows=100000 width=20) (actual time=24.707..31.370 rows=100000 loops=1)
         Sort Key: s_1.a, s_1.b
         Sort Method: quicksort  Memory: 10885kB
         ->  Seq Scan on s_1  (cost=0.00..1637.00 rows=100000 width=20) (actual time=0.007..5.589 rows=100000 loops=1)
 Planning time: 0.247 ms
 Execution time: 34.003 ms
(7 rows)

===== 38 [Wed Mar  7 02:05:14 CET 2018] scale:100000 groups:10 work_mem:64MB incremental:off max_workers:0 =====
SELECT * FROM s_2 ORDER BY a, b, c
                                                      QUERY PLAN                                                       
-----------------------------------------------------------------------------------------------------------------------
 Limit  (cost=11191.82..11191.82 rows=1 width=20) (actual time=40.062..40.062 rows=0 loops=1)
   ->  Sort  (cost=9941.82..10191.82 rows=100000 width=20) (actual time=32.309..37.886 rows=100000 loops=1)
         Sort Key: s_2.a, s_2.b, s_2.c
         Sort Method: quicksort  Memory: 10885kB
         ->  Seq Scan on s_2  (cost=0.00..1637.00 rows=100000 width=20) (actual time=0.010..5.582 rows=100000 loops=1)
 Planning time: 0.258 ms
 Execution time: 40.543 ms
(7 rows)

===== 39 [Wed Mar  7 02:05:14 CET 2018] scale:100000 groups:10 work_mem:64MB incremental:off max_workers:0 =====
SELECT * FROM s_3 ORDER BY a, b, c, d
                                                      QUERY PLAN                                                       
-----------------------------------------------------------------------------------------------------------------------
 Limit  (cost=11191.82..11191.82 rows=1 width=20) (actual time=51.822..51.822 rows=0 loops=1)
   ->  Sort  (cost=9941.82..10191.82 rows=100000 width=20) (actual time=44.232..49.648 rows=100000 loops=1)
         Sort Key: s_3.a, s_3.b, s_3.c, s_3.d
         Sort Method: quicksort  Memory: 10885kB
         ->  Seq Scan on s_3  (cost=0.00..1637.00 rows=100000 width=20) (actual time=0.010..5.627 rows=100000 loops=1)
 Planning time: 0.272 ms
 Execution time: 52.297 ms
(7 rows)

===== 40 [Wed Mar  7 02:05:15 CET 2018] scale:100000 groups:10 work_mem:64MB incremental:off max_workers:0 =====
SELECT * FROM s_4 ORDER BY a, b, c, d, e
                                                      QUERY PLAN                                                       
-----------------------------------------------------------------------------------------------------------------------
 Limit  (cost=11191.82..11191.82 rows=1 width=20) (actual time=59.889..59.889 rows=0 loops=1)
   ->  Sort  (cost=9941.82..10191.82 rows=100000 width=20) (actual time=53.862..57.716 rows=100000 loops=1)
         Sort Key: s_4.a, s_4.b, s_4.c, s_4.d, s_4.e
         Sort Method: quicksort  Memory: 10885kB
         ->  Seq Scan on s_4  (cost=0.00..1637.00 rows=100000 width=20) (actual time=0.007..5.629 rows=100000 loops=1)
 Planning time: 0.251 ms
 Execution time: 60.365 ms
(7 rows)

===== 41 [Wed Mar  7 02:05:15 CET 2018] scale:100000 groups:10 work_mem:128MB incremental:on max_workers:0 =====
SELECT * FROM s_1 ORDER BY a, b
                                                      QUERY PLAN                                                       
-----------------------------------------------------------------------------------------------------------------------
 Limit  (cost=11191.82..11191.82 rows=1 width=20) (actual time=33.385..33.385 rows=0 loops=1)
   ->  Sort  (cost=9941.82..10191.82 rows=100000 width=20) (actual time=24.784..31.219 rows=100000 loops=1)
         Sort Key: s_1.a, s_1.b
         Sort Method: quicksort  Memory: 10885kB
         ->  Seq Scan on s_1  (cost=0.00..1637.00 rows=100000 width=20) (actual time=0.007..5.560 rows=100000 loops=1)
 Planning time: 0.259 ms
 Execution time: 33.868 ms
(7 rows)

===== 42 [Wed Mar  7 02:05:15 CET 2018] scale:100000 groups:10 work_mem:128MB incremental:on max_workers:0 =====
SELECT * FROM s_2 ORDER BY a, b, c
                                                      QUERY PLAN                                                       
-----------------------------------------------------------------------------------------------------------------------
 Limit  (cost=11191.82..11191.82 rows=1 width=20) (actual time=40.068..40.068 rows=0 loops=1)
   ->  Sort  (cost=9941.82..10191.82 rows=100000 width=20) (actual time=32.272..37.897 rows=100000 loops=1)
         Sort Key: s_2.a, s_2.b, s_2.c
         Sort Method: quicksort  Memory: 10885kB
         ->  Seq Scan on s_2  (cost=0.00..1637.00 rows=100000 width=20) (actual time=0.010..5.603 rows=100000 loops=1)
 Planning time: 0.281 ms
 Execution time: 40.543 ms
(7 rows)

===== 43 [Wed Mar  7 02:05:16 CET 2018] scale:100000 groups:10 work_mem:128MB incremental:on max_workers:0 =====
SELECT * FROM s_3 ORDER BY a, b, c, d
                                                                  QUERY PLAN                                                                  
----------------------------------------------------------------------------------------------------------------------------------------------
 Limit  (cost=10419.46..10419.46 rows=1 width=20) (actual time=40.033..40.033 rows=0 loops=1)
   ->  Incremental Sort  (cost=6.16..9419.46 rows=100000 width=20) (actual time=0.069..37.866 rows=100000 loops=1)
         Sort Key: s_3.a, s_3.b, s_3.c, s_3.d
         Presorted Key: s_3.a, s_3.b, s_3.c
         Sort Method: quicksort  Memory: 35kB
         Sort Groups: 1261
         ->  Index Scan using s_3_a_b_c_idx on s_3  (cost=0.42..4527.17 rows=100000 width=20) (actual time=0.016..11.844 rows=100000 loops=1)
 Planning time: 0.276 ms
 Execution time: 40.057 ms
(9 rows)

===== 44 [Wed Mar  7 02:05:16 CET 2018] scale:100000 groups:10 work_mem:128MB incremental:on max_workers:0 =====
SELECT * FROM s_4 ORDER BY a, b, c, d, e
                                                                   QUERY PLAN                                                                   
------------------------------------------------------------------------------------------------------------------------------------------------
 Limit  (cost=9138.13..9138.13 rows=1 width=20) (actual time=42.918..42.918 rows=0 loops=1)
   ->  Incremental Sort  (cost=1.04..8138.13 rows=100000 width=20) (actual time=0.068..40.725 rows=100000 loops=1)
         Sort Key: s_4.a, s_4.b, s_4.c, s_4.d, s_4.e
         Presorted Key: s_4.a, s_4.b, s_4.c, s_4.d
         Sort Method: quicksort  Memory: 28kB
         Sort Groups: 2779
         ->  Index Scan using s_4_a_b_c_d_idx on s_4  (cost=0.42..4527.17 rows=100000 width=20) (actual time=0.014..11.855 rows=100000 loops=1)
 Planning time: 0.272 ms
 Execution time: 42.939 ms
(9 rows)

===== 45 [Wed Mar  7 02:05:16 CET 2018] scale:100000 groups:10 work_mem:128MB incremental:off max_workers:0 =====
SELECT * FROM s_1 ORDER BY a, b
                                                      QUERY PLAN                                                       
-----------------------------------------------------------------------------------------------------------------------
 Limit  (cost=11191.82..11191.82 rows=1 width=20) (actual time=33.296..33.296 rows=0 loops=1)
   ->  Sort  (cost=9941.82..10191.82 rows=100000 width=20) (actual time=24.709..31.127 rows=100000 loops=1)
         Sort Key: s_1.a, s_1.b
         Sort Method: quicksort  Memory: 10885kB
         ->  Seq Scan on s_1  (cost=0.00..1637.00 rows=100000 width=20) (actual time=0.007..5.602 rows=100000 loops=1)
 Planning time: 0.248 ms
 Execution time: 33.774 ms
(7 rows)

===== 46 [Wed Mar  7 02:05:16 CET 2018] scale:100000 groups:10 work_mem:128MB incremental:off max_workers:0 =====
SELECT * FROM s_2 ORDER BY a, b, c
                                                      QUERY PLAN                                                       
-----------------------------------------------------------------------------------------------------------------------
 Limit  (cost=11191.82..11191.82 rows=1 width=20) (actual time=40.071..40.071 rows=0 loops=1)
   ->  Sort  (cost=9941.82..10191.82 rows=100000 width=20) (actual time=32.332..37.892 rows=100000 loops=1)
         Sort Key: s_2.a, s_2.b, s_2.c
         Sort Method: quicksort  Memory: 10885kB
         ->  Seq Scan on s_2  (cost=0.00..1637.00 rows=100000 width=20) (actual time=0.010..5.579 rows=100000 loops=1)
 Planning time: 0.259 ms
 Execution time: 40.549 ms
(7 rows)

===== 47 [Wed Mar  7 02:05:17 CET 2018] scale:100000 groups:10 work_mem:128MB incremental:off max_workers:0 =====
SELECT * FROM s_3 ORDER BY a, b, c, d
                                                      QUERY PLAN                                                       
-----------------------------------------------------------------------------------------------------------------------
 Limit  (cost=11191.82..11191.82 rows=1 width=20) (actual time=51.852..51.852 rows=0 loops=1)
   ->  Sort  (cost=9941.82..10191.82 rows=100000 width=20) (actual time=44.264..49.681 rows=100000 loops=1)
         Sort Key: s_3.a, s_3.b, s_3.c, s_3.d
         Sort Method: quicksort  Memory: 10885kB
         ->  Seq Scan on s_3  (cost=0.00..1637.00 rows=100000 width=20) (actual time=0.010..5.617 rows=100000 loops=1)
 Planning time: 0.265 ms
 Execution time: 52.336 ms
(7 rows)

===== 48 [Wed Mar  7 02:05:17 CET 2018] scale:100000 groups:10 work_mem:128MB incremental:off max_workers:0 =====
SELECT * FROM s_4 ORDER BY a, b, c, d, e
                                                      QUERY PLAN                                                       
-----------------------------------------------------------------------------------------------------------------------
 Limit  (cost=11191.82..11191.82 rows=1 width=20) (actual time=59.807..59.807 rows=0 loops=1)
   ->  Sort  (cost=9941.82..10191.82 rows=100000 width=20) (actual time=53.777..57.632 rows=100000 loops=1)
         Sort Key: s_4.a, s_4.b, s_4.c, s_4.d, s_4.e
         Sort Method: quicksort  Memory: 10885kB
         ->  Seq Scan on s_4  (cost=0.00..1637.00 rows=100000 width=20) (actual time=0.007..5.625 rows=100000 loops=1)
 Planning time: 0.252 ms
 Execution time: 60.284 ms
(7 rows)

===== 49 [Wed Mar  7 02:05:17 CET 2018] scale:100000 groups:10 work_mem:256MB incremental:on max_workers:0 =====
SELECT * FROM s_1 ORDER BY a, b
                                                      QUERY PLAN                                                       
-----------------------------------------------------------------------------------------------------------------------
 Limit  (cost=11191.82..11191.82 rows=1 width=20) (actual time=33.272..33.272 rows=0 loops=1)
   ->  Sort  (cost=9941.82..10191.82 rows=100000 width=20) (actual time=24.748..31.107 rows=100000 loops=1)
         Sort Key: s_1.a, s_1.b
         Sort Method: quicksort  Memory: 10885kB
         ->  Seq Scan on s_1  (cost=0.00..1637.00 rows=100000 width=20) (actual time=0.007..5.557 rows=100000 loops=1)
 Planning time: 0.257 ms
 Execution time: 33.752 ms
(7 rows)

===== 50 [Wed Mar  7 02:05:18 CET 2018] scale:100000 groups:10 work_mem:256MB incremental:on max_workers:0 =====
SELECT * FROM s_2 ORDER BY a, b, c
                                                      QUERY PLAN                                                       
-----------------------------------------------------------------------------------------------------------------------
 Limit  (cost=11191.82..11191.82 rows=1 width=20) (actual time=40.058..40.058 rows=0 loops=1)
   ->  Sort  (cost=9941.82..10191.82 rows=100000 width=20) (actual time=32.274..37.889 rows=100000 loops=1)
         Sort Key: s_2.a, s_2.b, s_2.c
         Sort Method: quicksort  Memory: 10885kB
         ->  Seq Scan on s_2  (cost=0.00..1637.00 rows=100000 width=20) (actual time=0.010..5.601 rows=100000 loops=1)
 Planning time: 0.273 ms
 Execution time: 40.538 ms
(7 rows)

===== 51 [Wed Mar  7 02:05:18 CET 2018] scale:100000 groups:10 work_mem:256MB incremental:on max_workers:0 =====
SELECT * FROM s_3 ORDER BY a, b, c, d
                                                                  QUERY PLAN                                                                  
----------------------------------------------------------------------------------------------------------------------------------------------
 Limit  (cost=10419.46..10419.46 rows=1 width=20) (actual time=40.049..40.049 rows=0 loops=1)
   ->  Incremental Sort  (cost=6.16..9419.46 rows=100000 width=20) (actual time=0.068..37.881 rows=100000 loops=1)
         Sort Key: s_3.a, s_3.b, s_3.c, s_3.d
         Presorted Key: s_3.a, s_3.b, s_3.c
         Sort Method: quicksort  Memory: 35kB
         Sort Groups: 1261
         ->  Index Scan using s_3_a_b_c_idx on s_3  (cost=0.42..4527.17 rows=100000 width=20) (actual time=0.016..11.840 rows=100000 loops=1)
 Planning time: 0.277 ms
 Execution time: 40.070 ms
(9 rows)

===== 52 [Wed Mar  7 02:05:18 CET 2018] scale:100000 groups:10 work_mem:256MB incremental:on max_workers:0 =====
SELECT * FROM s_4 ORDER BY a, b, c, d, e
                                                                   QUERY PLAN                                                                   
------------------------------------------------------------------------------------------------------------------------------------------------
 Limit  (cost=9138.13..9138.13 rows=1 width=20) (actual time=42.907..42.907 rows=0 loops=1)
   ->  Incremental Sort  (cost=1.04..8138.13 rows=100000 width=20) (actual time=0.068..40.713 rows=100000 loops=1)
         Sort Key: s_4.a, s_4.b, s_4.c, s_4.d, s_4.e
         Presorted Key: s_4.a, s_4.b, s_4.c, s_4.d
         Sort Method: quicksort  Memory: 28kB
         Sort Groups: 2779
         ->  Index Scan using s_4_a_b_c_d_idx on s_4  (cost=0.42..4527.17 rows=100000 width=20) (actual time=0.015..11.848 rows=100000 loops=1)
 Planning time: 0.272 ms
 Execution time: 42.928 ms
(9 rows)

===== 53 [Wed Mar  7 02:05:19 CET 2018] scale:100000 groups:10 work_mem:256MB incremental:off max_workers:0 =====
SELECT * FROM s_1 ORDER BY a, b
                                                      QUERY PLAN                                                       
-----------------------------------------------------------------------------------------------------------------------
 Limit  (cost=11191.82..11191.82 rows=1 width=20) (actual time=33.244..33.244 rows=0 loops=1)
   ->  Sort  (cost=9941.82..10191.82 rows=100000 width=20) (actual time=24.707..31.083 rows=100000 loops=1)
         Sort Key: s_1.a, s_1.b
         Sort Method: quicksort  Memory: 10885kB
         ->  Seq Scan on s_1  (cost=0.00..1637.00 rows=100000 width=20) (actual time=0.007..5.589 rows=100000 loops=1)
 Planning time: 0.250 ms
 Execution time: 33.725 ms
(7 rows)

===== 54 [Wed Mar  7 02:05:19 CET 2018] scale:100000 groups:10 work_mem:256MB incremental:off max_workers:0 =====
SELECT * FROM s_2 ORDER BY a, b, c
                                                      QUERY PLAN                                                       
-----------------------------------------------------------------------------------------------------------------------
 Limit  (cost=11191.82..11191.82 rows=1 width=20) (actual time=40.135..40.135 rows=0 loops=1)
   ->  Sort  (cost=9941.82..10191.82 rows=100000 width=20) (actual time=32.360..37.960 rows=100000 loops=1)
         Sort Key: s_2.a, s_2.b, s_2.c
         Sort Method: quicksort  Memory: 10885kB
         ->  Seq Scan on s_2  (cost=0.00..1637.00 rows=100000 width=20) (actual time=0.010..5.570 rows=100000 loops=1)
 Planning time: 0.262 ms
 Execution time: 40.614 ms
(7 rows)

===== 55 [Wed Mar  7 02:05:19 CET 2018] scale:100000 groups:10 work_mem:256MB incremental:off max_workers:0 =====
SELECT * FROM s_3 ORDER BY a, b, c, d
                                                      QUERY PLAN                                                       
-----------------------------------------------------------------------------------------------------------------------
 Limit  (cost=11191.82..11191.82 rows=1 width=20) (actual time=51.895..51.895 rows=0 loops=1)
   ->  Sort  (cost=9941.82..10191.82 rows=100000 width=20) (actual time=44.237..49.719 rows=100000 loops=1)
         Sort Key: s_3.a, s_3.b, s_3.c, s_3.d
         Sort Method: quicksort  Memory: 10885kB
         ->  Seq Scan on s_3  (cost=0.00..1637.00 rows=100000 width=20) (actual time=0.010..5.633 rows=100000 loops=1)
 Planning time: 0.270 ms
 Execution time: 52.370 ms
(7 rows)

===== 56 [Wed Mar  7 02:05:19 CET 2018] scale:100000 groups:10 work_mem:256MB incremental:off max_workers:0 =====
SELECT * FROM s_4 ORDER BY a, b, c, d, e
                                                      QUERY PLAN                                                       
-----------------------------------------------------------------------------------------------------------------------
 Limit  (cost=11191.82..11191.82 rows=1 width=20) (actual time=59.841..59.841 rows=0 loops=1)
   ->  Sort  (cost=9941.82..10191.82 rows=100000 width=20) (actual time=53.808..57.672 rows=100000 loops=1)
         Sort Key: s_4.a, s_4.b, s_4.c, s_4.d, s_4.e
         Sort Method: quicksort  Memory: 10885kB
         ->  Seq Scan on s_4  (cost=0.00..1637.00 rows=100000 width=20) (actual time=0.007..5.626 rows=100000 loops=1)
 Planning time: 0.259 ms
 Execution time: 60.315 ms
(7 rows)

===== 57 [Wed Mar  7 02:05:20 CET 2018] scale:100000 groups:10 work_mem:4MB incremental:on max_workers:2 =====
SELECT * FROM s_1 ORDER BY a, b
                                                                QUERY PLAN                                                                
------------------------------------------------------------------------------------------------------------------------------------------
 Limit  (cost=12569.62..12569.62 rows=1 width=20) (actual time=35.904..35.904 rows=0 loops=1)
   ->  Incremental Sort  (cost=892.94..11569.62 rows=100000 width=20) (actual time=1.700..33.735 rows=100000 loops=1)
         Sort Key: s_1.a, s_1.b
         Presorted Key: s_1.a
         Sort Method: quicksort  Memory: 1185kB
         Sort Groups: 11
         ->  Index Scan using s_1_a_idx on s_1  (cost=0.29..3244.29 rows=100000 width=20) (actual time=0.009..12.297 rows=100000 loops=1)
 Planning time: 0.266 ms
 Execution time: 35.944 ms
(9 rows)

===== 58 [Wed Mar  7 02:05:20 CET 2018] scale:100000 groups:10 work_mem:4MB incremental:on max_workers:2 =====
SELECT * FROM s_2 ORDER BY a, b, c
                                                                 QUERY PLAN                                                                 
--------------------------------------------------------------------------------------------------------------------------------------------
 Limit  (cost=11676.85..11676.85 rows=1 width=20) (actual time=35.823..35.823 rows=0 loops=1)
   ->  Incremental Sort  (cost=74.05..10676.85 rows=100000 width=20) (actual time=0.143..33.651 rows=100000 loops=1)
         Sort Key: s_2.a, s_2.b, s_2.c
         Presorted Key: s_2.a, s_2.b
         Sort Method: quicksort  Memory: 133kB
         Sort Groups: 121
         ->  Index Scan using s_2_a_b_idx on s_2  (cost=0.29..4079.04 rows=100000 width=20) (actual time=0.015..11.607 rows=100000 loops=1)
 Planning time: 0.279 ms
 Execution time: 35.856 ms
(9 rows)

===== 59 [Wed Mar  7 02:05:20 CET 2018] scale:100000 groups:10 work_mem:4MB incremental:on max_workers:2 =====
SELECT * FROM s_3 ORDER BY a, b, c, d
                                                                  QUERY PLAN                                                                  
----------------------------------------------------------------------------------------------------------------------------------------------
 Limit  (cost=10419.46..10419.46 rows=1 width=20) (actual time=39.950..39.950 rows=0 loops=1)
   ->  Incremental Sort  (cost=6.16..9419.46 rows=100000 width=20) (actual time=0.067..37.783 rows=100000 loops=1)
         Sort Key: s_3.a, s_3.b, s_3.c, s_3.d
         Presorted Key: s_3.a, s_3.b, s_3.c
         Sort Method: quicksort  Memory: 35kB
         Sort Groups: 1261
         ->  Index Scan using s_3_a_b_c_idx on s_3  (cost=0.42..4527.17 rows=100000 width=20) (actual time=0.016..11.844 rows=100000 loops=1)
 Planning time: 0.280 ms
 Execution time: 39.971 ms
(9 rows)

===== 60 [Wed Mar  7 02:05:21 CET 2018] scale:100000 groups:10 work_mem:4MB incremental:on max_workers:2 =====
SELECT * FROM s_4 ORDER BY a, b, c, d, e
                                                                   QUERY PLAN                                                                   
------------------------------------------------------------------------------------------------------------------------------------------------
 Limit  (cost=9138.13..9138.13 rows=1 width=20) (actual time=42.924..42.924 rows=0 loops=1)
   ->  Incremental Sort  (cost=1.04..8138.13 rows=100000 width=20) (actual time=0.070..40.726 rows=100000 loops=1)
         Sort Key: s_4.a, s_4.b, s_4.c, s_4.d, s_4.e
         Presorted Key: s_4.a, s_4.b, s_4.c, s_4.d
         Sort Method: quicksort  Memory: 28kB
         Sort Groups: 2779
         ->  Index Scan using s_4_a_b_c_d_idx on s_4  (cost=0.42..4527.17 rows=100000 width=20) (actual time=0.014..11.878 rows=100000 loops=1)
 Planning time: 0.280 ms
 Execution time: 42.946 ms
(9 rows)

===== 61 [Wed Mar  7 02:05:21 CET 2018] scale:100000 groups:10 work_mem:4MB incremental:off max_workers:2 =====
SELECT * FROM s_1 ORDER BY a, b
                                                      QUERY PLAN                                                       
-----------------------------------------------------------------------------------------------------------------------
 Limit  (cost=13242.82..13242.82 rows=1 width=20) (actual time=38.597..38.597 rows=0 loops=1)
   ->  Sort  (cost=11992.82..12242.82 rows=100000 width=20) (actual time=28.919..36.412 rows=100000 loops=1)
         Sort Key: s_1.a, s_1.b
         Sort Method: external merge  Disk: 2936kB
         ->  Seq Scan on s_1  (cost=0.00..1637.00 rows=100000 width=20) (actual time=0.007..5.474 rows=100000 loops=1)
 Planning time: 0.260 ms
 Execution time: 39.171 ms
(7 rows)

===== 62 [Wed Mar  7 02:05:21 CET 2018] scale:100000 groups:10 work_mem:4MB incremental:off max_workers:2 =====
SELECT * FROM s_2 ORDER BY a, b, c
                                                      QUERY PLAN                                                       
-----------------------------------------------------------------------------------------------------------------------
 Limit  (cost=13242.82..13242.82 rows=1 width=20) (actual time=45.731..45.731 rows=0 loops=1)
   ->  Sort  (cost=11992.82..12242.82 rows=100000 width=20) (actual time=36.233..43.550 rows=100000 loops=1)
         Sort Key: s_2.a, s_2.b, s_2.c
         Sort Method: external merge  Disk: 2936kB
         ->  Seq Scan on s_2  (cost=0.00..1637.00 rows=100000 width=20) (actual time=0.012..5.484 rows=100000 loops=1)
 Planning time: 0.270 ms
 Execution time: 46.303 ms
(7 rows)

===== 63 [Wed Mar  7 02:05:21 CET 2018] scale:100000 groups:10 work_mem:4MB incremental:off max_workers:2 =====
SELECT * FROM s_3 ORDER BY a, b, c, d
                                                      QUERY PLAN                                                       
-----------------------------------------------------------------------------------------------------------------------
 Limit  (cost=13242.82..13242.82 rows=1 width=20) (actual time=57.538..57.538 rows=0 loops=1)
   ->  Sort  (cost=11992.82..12242.82 rows=100000 width=20) (actual time=48.031..55.354 rows=100000 loops=1)
         Sort Key: s_3.a, s_3.b, s_3.c, s_3.d
         Sort Method: external merge  Disk: 2936kB
         ->  Seq Scan on s_3  (cost=0.00..1637.00 rows=100000 width=20) (actual time=0.011..5.517 rows=100000 loops=1)
 Planning time: 0.269 ms
 Execution time: 58.104 ms
(7 rows)

===== 64 [Wed Mar  7 02:05:22 CET 2018] scale:100000 groups:10 work_mem:4MB incremental:off max_workers:2 =====
SELECT * FROM s_4 ORDER BY a, b, c, d, e
                                                      QUERY PLAN                                                       
-----------------------------------------------------------------------------------------------------------------------
 Limit  (cost=13242.82..13242.82 rows=1 width=20) (actual time=66.732..66.732 rows=0 loops=1)
   ->  Sort  (cost=11992.82..12242.82 rows=100000 width=20) (actual time=57.173..64.555 rows=100000 loops=1)
         Sort Key: s_4.a, s_4.b, s_4.c, s_4.d, s_4.e
         Sort Method: external merge  Disk: 2936kB
         ->  Seq Scan on s_4  (cost=0.00..1637.00 rows=100000 width=20) (actual time=0.007..5.520 rows=100000 loops=1)
 Planning time: 0.259 ms
 Execution time: 67.301 ms
(7 rows)

===== 65 [Wed Mar  7 02:05:22 CET 2018] scale:100000 groups:10 work_mem:8MB incremental:on max_workers:2 =====
SELECT * FROM s_1 ORDER BY a, b
                                                      QUERY PLAN                                                       
-----------------------------------------------------------------------------------------------------------------------
 Limit  (cost=11191.82..11191.82 rows=1 width=20) (actual time=42.408..42.408 rows=0 loops=1)
   ->  Sort  (cost=9941.82..10191.82 rows=100000 width=20) (actual time=32.986..40.216 rows=100000 loops=1)
         Sort Key: s_1.a, s_1.b
         Sort Method: external merge  Disk: 2936kB
         ->  Seq Scan on s_1  (cost=0.00..1637.00 rows=100000 width=20) (actual time=0.007..5.572 rows=100000 loops=1)
 Planning time: 0.265 ms
 Execution time: 42.834 ms
(7 rows)

===== 66 [Wed Mar  7 02:05:22 CET 2018] scale:100000 groups:10 work_mem:8MB incremental:on max_workers:2 =====
SELECT * FROM s_2 ORDER BY a, b, c
                                                      QUERY PLAN                                                       
-----------------------------------------------------------------------------------------------------------------------
 Limit  (cost=11191.82..11191.82 rows=1 width=20) (actual time=48.949..48.949 rows=0 loops=1)
   ->  Sort  (cost=9941.82..10191.82 rows=100000 width=20) (actual time=39.578..46.761 rows=100000 loops=1)
         Sort Key: s_2.a, s_2.b, s_2.c
         Sort Method: external merge  Disk: 2936kB
         ->  Seq Scan on s_2  (cost=0.00..1637.00 rows=100000 width=20) (actual time=0.010..5.598 rows=100000 loops=1)
 Planning time: 0.276 ms
 Execution time: 49.371 ms
(7 rows)

===== 67 [Wed Mar  7 02:05:23 CET 2018] scale:100000 groups:10 work_mem:8MB incremental:on max_workers:2 =====
SELECT * FROM s_3 ORDER BY a, b, c, d
                                                                  QUERY PLAN                                                                  
----------------------------------------------------------------------------------------------------------------------------------------------
 Limit  (cost=10419.46..10419.46 rows=1 width=20) (actual time=40.003..40.003 rows=0 loops=1)
   ->  Incremental Sort  (cost=6.16..9419.46 rows=100000 width=20) (actual time=0.069..37.837 rows=100000 loops=1)
         Sort Key: s_3.a, s_3.b, s_3.c, s_3.d
         Presorted Key: s_3.a, s_3.b, s_3.c
         Sort Method: quicksort  Memory: 35kB
         Sort Groups: 1261
         ->  Index Scan using s_3_a_b_c_idx on s_3  (cost=0.42..4527.17 rows=100000 width=20) (actual time=0.016..11.836 rows=100000 loops=1)
 Planning time: 0.281 ms
 Execution time: 40.026 ms
(9 rows)

===== 68 [Wed Mar  7 02:05:23 CET 2018] scale:100000 groups:10 work_mem:8MB incremental:on max_workers:2 =====
SELECT * FROM s_4 ORDER BY a, b, c, d, e
                                                                   QUERY PLAN                                                                   
------------------------------------------------------------------------------------------------------------------------------------------------
 Limit  (cost=9138.13..9138.13 rows=1 width=20) (actual time=42.914..42.914 rows=0 loops=1)
   ->  Incremental Sort  (cost=1.04..8138.13 rows=100000 width=20) (actual time=0.070..40.719 rows=100000 loops=1)
         Sort Key: s_4.a, s_4.b, s_4.c, s_4.d, s_4.e
         Presorted Key: s_4.a, s_4.b, s_4.c, s_4.d
         Sort Method: quicksort  Memory: 28kB
         Sort Groups: 2779
         ->  Index Scan using s_4_a_b_c_d_idx on s_4  (cost=0.42..4527.17 rows=100000 width=20) (actual time=0.015..11.839 rows=100000 loops=1)
 Planning time: 0.279 ms
 Execution time: 42.935 ms
(9 rows)

===== 69 [Wed Mar  7 02:05:23 CET 2018] scale:100000 groups:10 work_mem:8MB incremental:off max_workers:2 =====
SELECT * FROM s_1 ORDER BY a, b
                                                      QUERY PLAN                                                       
-----------------------------------------------------------------------------------------------------------------------
 Limit  (cost=11191.82..11191.82 rows=1 width=20) (actual time=42.372..42.372 rows=0 loops=1)
   ->  Sort  (cost=9941.82..10191.82 rows=100000 width=20) (actual time=32.944..40.185 rows=100000 loops=1)
         Sort Key: s_1.a, s_1.b
         Sort Method: external merge  Disk: 2936kB
         ->  Seq Scan on s_1  (cost=0.00..1637.00 rows=100000 width=20) (actual time=0.007..5.601 rows=100000 loops=1)
 Planning time: 0.258 ms
 Execution time: 42.792 ms
(7 rows)

===== 70 [Wed Mar  7 02:05:24 CET 2018] scale:100000 groups:10 work_mem:8MB incremental:off max_workers:2 =====
SELECT * FROM s_2 ORDER BY a, b, c
                                                      QUERY PLAN                                                       
-----------------------------------------------------------------------------------------------------------------------
 Limit  (cost=11191.82..11191.82 rows=1 width=20) (actual time=48.950..48.950 rows=0 loops=1)
   ->  Sort  (cost=9941.82..10191.82 rows=100000 width=20) (actual time=39.613..46.758 rows=100000 loops=1)
         Sort Key: s_2.a, s_2.b, s_2.c
         Sort Method: external merge  Disk: 2936kB
         ->  Seq Scan on s_2  (cost=0.00..1637.00 rows=100000 width=20) (actual time=0.010..5.580 rows=100000 loops=1)
 Planning time: 0.263 ms
 Execution time: 49.369 ms
(7 rows)

===== 71 [Wed Mar  7 02:05:24 CET 2018] scale:100000 groups:10 work_mem:8MB incremental:off max_workers:2 =====
SELECT * FROM s_3 ORDER BY a, b, c, d
                                                      QUERY PLAN                                                       
-----------------------------------------------------------------------------------------------------------------------
 Limit  (cost=11191.82..11191.82 rows=1 width=20) (actual time=60.298..60.298 rows=0 loops=1)
   ->  Sort  (cost=9941.82..10191.82 rows=100000 width=20) (actual time=50.909..58.105 rows=100000 loops=1)
         Sort Key: s_3.a, s_3.b, s_3.c, s_3.d
         Sort Method: external merge  Disk: 2936kB
         ->  Seq Scan on s_3  (cost=0.00..1637.00 rows=100000 width=20) (actual time=0.010..5.622 rows=100000 loops=1)
 Planning time: 0.265 ms
 Execution time: 60.707 ms
(7 rows)

===== 72 [Wed Mar  7 02:05:24 CET 2018] scale:100000 groups:10 work_mem:8MB incremental:off max_workers:2 =====
SELECT * FROM s_4 ORDER BY a, b, c, d, e
                                                      QUERY PLAN                                                       
-----------------------------------------------------------------------------------------------------------------------
 Limit  (cost=11191.82..11191.82 rows=1 width=20) (actual time=68.803..68.803 rows=0 loops=1)
   ->  Sort  (cost=9941.82..10191.82 rows=100000 width=20) (actual time=59.443..66.617 rows=100000 loops=1)
         Sort Key: s_4.a, s_4.b, s_4.c, s_4.d, s_4.e
         Sort Method: external merge  Disk: 2936kB
         ->  Seq Scan on s_4  (cost=0.00..1637.00 rows=100000 width=20) (actual time=0.007..5.623 rows=100000 loops=1)
 Planning time: 0.252 ms
 Execution time: 69.214 ms
(7 rows)

===== 73 [Wed Mar  7 02:05:25 CET 2018] scale:100000 groups:10 work_mem:16MB incremental:on max_workers:2 =====
SELECT * FROM s_1 ORDER BY a, b
                                                      QUERY PLAN                                                       
-----------------------------------------------------------------------------------------------------------------------
 Limit  (cost=11191.82..11191.82 rows=1 width=20) (actual time=33.401..33.401 rows=0 loops=1)
   ->  Sort  (cost=9941.82..10191.82 rows=100000 width=20) (actual time=24.814..31.231 rows=100000 loops=1)
         Sort Key: s_1.a, s_1.b
         Sort Method: quicksort  Memory: 10885kB
         ->  Seq Scan on s_1  (cost=0.00..1637.00 rows=100000 width=20) (actual time=0.007..5.582 rows=100000 loops=1)
 Planning time: 0.263 ms
 Execution time: 33.875 ms
(7 rows)

===== 74 [Wed Mar  7 02:05:25 CET 2018] scale:100000 groups:10 work_mem:16MB incremental:on max_workers:2 =====
SELECT * FROM s_2 ORDER BY a, b, c
                                                      QUERY PLAN                                                       
-----------------------------------------------------------------------------------------------------------------------
 Limit  (cost=11191.82..11191.82 rows=1 width=20) (actual time=40.080..40.080 rows=0 loops=1)
   ->  Sort  (cost=9941.82..10191.82 rows=100000 width=20) (actual time=32.291..37.903 rows=100000 loops=1)
         Sort Key: s_2.a, s_2.b, s_2.c
         Sort Method: quicksort  Memory: 10885kB
         ->  Seq Scan on s_2  (cost=0.00..1637.00 rows=100000 width=20) (actual time=0.010..5.597 rows=100000 loops=1)
 Planning time: 0.277 ms
 Execution time: 40.556 ms
(7 rows)

===== 75 [Wed Mar  7 02:05:25 CET 2018] scale:100000 groups:10 work_mem:16MB incremental:on max_workers:2 =====
SELECT * FROM s_3 ORDER BY a, b, c, d
                                                                  QUERY PLAN                                                                  
----------------------------------------------------------------------------------------------------------------------------------------------
 Limit  (cost=10419.46..10419.46 rows=1 width=20) (actual time=40.036..40.036 rows=0 loops=1)
   ->  Incremental Sort  (cost=6.16..9419.46 rows=100000 width=20) (actual time=0.070..37.871 rows=100000 loops=1)
         Sort Key: s_3.a, s_3.b, s_3.c, s_3.d
         Presorted Key: s_3.a, s_3.b, s_3.c
         Sort Method: quicksort  Memory: 35kB
         Sort Groups: 1261
         ->  Index Scan using s_3_a_b_c_idx on s_3  (cost=0.42..4527.17 rows=100000 width=20) (actual time=0.016..11.855 rows=100000 loops=1)
 Planning time: 0.288 ms
 Execution time: 40.057 ms
(9 rows)

===== 76 [Wed Mar  7 02:05:26 CET 2018] scale:100000 groups:10 work_mem:16MB incremental:on max_workers:2 =====
SELECT * FROM s_4 ORDER BY a, b, c, d, e
                                                                   QUERY PLAN                                                                   
------------------------------------------------------------------------------------------------------------------------------------------------
 Limit  (cost=9138.13..9138.13 rows=1 width=20) (actual time=42.918..42.918 rows=0 loops=1)
   ->  Incremental Sort  (cost=1.04..8138.13 rows=100000 width=20) (actual time=0.068..40.720 rows=100000 loops=1)
         Sort Key: s_4.a, s_4.b, s_4.c, s_4.d, s_4.e
         Presorted Key: s_4.a, s_4.b, s_4.c, s_4.d
         Sort Method: quicksort  Memory: 28kB
         Sort Groups: 2779
         ->  Index Scan using s_4_a_b_c_d_idx on s_4  (cost=0.42..4527.17 rows=100000 width=20) (actual time=0.014..11.856 rows=100000 loops=1)
 Planning time: 0.283 ms
 Execution time: 42.939 ms
(9 rows)

===== 77 [Wed Mar  7 02:05:26 CET 2018] scale:100000 groups:10 work_mem:16MB incremental:off max_workers:2 =====
SELECT * FROM s_1 ORDER BY a, b
                                                      QUERY PLAN                                                       
-----------------------------------------------------------------------------------------------------------------------
 Limit  (cost=11191.82..11191.82 rows=1 width=20) (actual time=33.265..33.265 rows=0 loops=1)
   ->  Sort  (cost=9941.82..10191.82 rows=100000 width=20) (actual time=24.735..31.101 rows=100000 loops=1)
         Sort Key: s_1.a, s_1.b
         Sort Method: quicksort  Memory: 10885kB
         ->  Seq Scan on s_1  (cost=0.00..1637.00 rows=100000 width=20) (actual time=0.007..5.606 rows=100000 loops=1)
 Planning time: 0.254 ms
 Execution time: 33.740 ms
(7 rows)

===== 78 [Wed Mar  7 02:05:26 CET 2018] scale:100000 groups:10 work_mem:16MB incremental:off max_workers:2 =====
SELECT * FROM s_2 ORDER BY a, b, c
                                                      QUERY PLAN                                                       
-----------------------------------------------------------------------------------------------------------------------
 Limit  (cost=11191.82..11191.82 rows=1 width=20) (actual time=40.062..40.062 rows=0 loops=1)
   ->  Sort  (cost=9941.82..10191.82 rows=100000 width=20) (actual time=32.310..37.894 rows=100000 loops=1)
         Sort Key: s_2.a, s_2.b, s_2.c
         Sort Method: quicksort  Memory: 10885kB
         ->  Seq Scan on s_2  (cost=0.00..1637.00 rows=100000 width=20) (actual time=0.010..5.580 rows=100000 loops=1)
 Planning time: 0.262 ms
 Execution time: 40.536 ms
(7 rows)

===== 79 [Wed Mar  7 02:05:26 CET 2018] scale:100000 groups:10 work_mem:16MB incremental:off max_workers:2 =====
SELECT * FROM s_3 ORDER BY a, b, c, d
                                                      QUERY PLAN                                                       
-----------------------------------------------------------------------------------------------------------------------
 Limit  (cost=11191.82..11191.82 rows=1 width=20) (actual time=51.881..51.881 rows=0 loops=1)
   ->  Sort  (cost=9941.82..10191.82 rows=100000 width=20) (actual time=44.262..49.704 rows=100000 loops=1)
         Sort Key: s_3.a, s_3.b, s_3.c, s_3.d
         Sort Method: quicksort  Memory: 10885kB
         ->  Seq Scan on s_3  (cost=0.00..1637.00 rows=100000 width=20) (actual time=0.010..5.615 rows=100000 loops=1)
 Planning time: 0.275 ms
 Execution time: 52.355 ms
(7 rows)

===== 80 [Wed Mar  7 02:05:27 CET 2018] scale:100000 groups:10 work_mem:16MB incremental:off max_workers:2 =====
SELECT * FROM s_4 ORDER BY a, b, c, d, e
                                                      QUERY PLAN                                                       
-----------------------------------------------------------------------------------------------------------------------
 Limit  (cost=11191.82..11191.82 rows=1 width=20) (actual time=59.864..59.864 rows=0 loops=1)
   ->  Sort  (cost=9941.82..10191.82 rows=100000 width=20) (actual time=53.819..57.687 rows=100000 loops=1)
         Sort Key: s_4.a, s_4.b, s_4.c, s_4.d, s_4.e
         Sort Method: quicksort  Memory: 10885kB
         ->  Seq Scan on s_4  (cost=0.00..1637.00 rows=100000 width=20) (actual time=0.007..5.619 rows=100000 loops=1)
 Planning time: 0.258 ms
 Execution time: 60.334 ms
(7 rows)

===== 81 [Wed Mar  7 02:05:27 CET 2018] scale:100000 groups:10 work_mem:32MB incremental:on max_workers:2 =====
SELECT * FROM s_1 ORDER BY a, b
                                                      QUERY PLAN                                                       
-----------------------------------------------------------------------------------------------------------------------
 Limit  (cost=11191.82..11191.82 rows=1 width=20) (actual time=33.443..33.443 rows=0 loops=1)
   ->  Sort  (cost=9941.82..10191.82 rows=100000 width=20) (actual time=24.785..31.271 rows=100000 loops=1)
         Sort Key: s_1.a, s_1.b
         Sort Method: quicksort  Memory: 10885kB
         ->  Seq Scan on s_1  (cost=0.00..1637.00 rows=100000 width=20) (actual time=0.007..5.565 rows=100000 loops=1)
 Planning time: 0.268 ms
 Execution time: 33.923 ms
(7 rows)

===== 82 [Wed Mar  7 02:05:27 CET 2018] scale:100000 groups:10 work_mem:32MB incremental:on max_workers:2 =====
SELECT * FROM s_2 ORDER BY a, b, c
                                                      QUERY PLAN                                                       
-----------------------------------------------------------------------------------------------------------------------
 Limit  (cost=11191.82..11191.82 rows=1 width=20) (actual time=40.132..40.132 rows=0 loops=1)
   ->  Sort  (cost=9941.82..10191.82 rows=100000 width=20) (actual time=32.266..37.965 rows=100000 loops=1)
         Sort Key: s_2.a, s_2.b, s_2.c
         Sort Method: quicksort  Memory: 10885kB
         ->  Seq Scan on s_2  (cost=0.00..1637.00 rows=100000 width=20) (actual time=0.010..5.595 rows=100000 loops=1)
 Planning time: 0.276 ms
 Execution time: 40.609 ms
(7 rows)

===== 83 [Wed Mar  7 02:05:28 CET 2018] scale:100000 groups:10 work_mem:32MB incremental:on max_workers:2 =====
SELECT * FROM s_3 ORDER BY a, b, c, d
                                                                  QUERY PLAN                                                                  
----------------------------------------------------------------------------------------------------------------------------------------------
 Limit  (cost=10419.46..10419.46 rows=1 width=20) (actual time=40.040..40.040 rows=0 loops=1)
   ->  Incremental Sort  (cost=6.16..9419.46 rows=100000 width=20) (actual time=0.069..37.865 rows=100000 loops=1)
         Sort Key: s_3.a, s_3.b, s_3.c, s_3.d
         Presorted Key: s_3.a, s_3.b, s_3.c
         Sort Method: quicksort  Memory: 35kB
         Sort Groups: 1261
         ->  Index Scan using s_3_a_b_c_idx on s_3  (cost=0.42..4527.17 rows=100000 width=20) (actual time=0.016..11.843 rows=100000 loops=1)
 Planning time: 0.290 ms
 Execution time: 40.061 ms
(9 rows)

===== 84 [Wed Mar  7 02:05:28 CET 2018] scale:100000 groups:10 work_mem:32MB incremental:on max_workers:2 =====
SELECT * FROM s_4 ORDER BY a, b, c, d, e
                                                                   QUERY PLAN                                                                   
------------------------------------------------------------------------------------------------------------------------------------------------
 Limit  (cost=9138.13..9138.13 rows=1 width=20) (actual time=42.921..42.921 rows=0 loops=1)
   ->  Incremental Sort  (cost=1.04..8138.13 rows=100000 width=20) (actual time=0.073..40.723 rows=100000 loops=1)
         Sort Key: s_4.a, s_4.b, s_4.c, s_4.d, s_4.e
         Presorted Key: s_4.a, s_4.b, s_4.c, s_4.d
         Sort Method: quicksort  Memory: 28kB
         Sort Groups: 2779
         ->  Index Scan using s_4_a_b_c_d_idx on s_4  (cost=0.42..4527.17 rows=100000 width=20) (actual time=0.014..11.870 rows=100000 loops=1)
 Planning time: 0.271 ms
 Execution time: 42.942 ms
(9 rows)

===== 85 [Wed Mar  7 02:05:28 CET 2018] scale:100000 groups:10 work_mem:32MB incremental:off max_workers:2 =====
SELECT * FROM s_1 ORDER BY a, b
                                                      QUERY PLAN                                                       
-----------------------------------------------------------------------------------------------------------------------
 Limit  (cost=11191.82..11191.82 rows=1 width=20) (actual time=33.172..33.172 rows=0 loops=1)
   ->  Sort  (cost=9941.82..10191.82 rows=100000 width=20) (actual time=24.677..31.001 rows=100000 loops=1)
         Sort Key: s_1.a, s_1.b
         Sort Method: quicksort  Memory: 10885kB
         ->  Seq Scan on s_1  (cost=0.00..1637.00 rows=100000 width=20) (actual time=0.007..5.600 rows=100000 loops=1)
 Planning time: 0.252 ms
 Execution time: 33.642 ms
(7 rows)

===== 86 [Wed Mar  7 02:05:28 CET 2018] scale:100000 groups:10 work_mem:32MB incremental:off max_workers:2 =====
SELECT * FROM s_2 ORDER BY a, b, c
                                                      QUERY PLAN                                                       
-----------------------------------------------------------------------------------------------------------------------
 Limit  (cost=11191.82..11191.82 rows=1 width=20) (actual time=40.058..40.058 rows=0 loops=1)
   ->  Sort  (cost=9941.82..10191.82 rows=100000 width=20) (actual time=32.291..37.882 rows=100000 loops=1)
         Sort Key: s_2.a, s_2.b, s_2.c
         Sort Method: quicksort  Memory: 10885kB
         ->  Seq Scan on s_2  (cost=0.00..1637.00 rows=100000 width=20) (actual time=0.010..5.581 rows=100000 loops=1)
 Planning time: 0.275 ms
 Execution time: 40.528 ms
(7 rows)

===== 87 [Wed Mar  7 02:05:29 CET 2018] scale:100000 groups:10 work_mem:32MB incremental:off max_workers:2 =====
SELECT * FROM s_3 ORDER BY a, b, c, d
                                                      QUERY PLAN                                                       
-----------------------------------------------------------------------------------------------------------------------
 Limit  (cost=11191.82..11191.82 rows=1 width=20) (actual time=51.809..51.809 rows=0 loops=1)
   ->  Sort  (cost=9941.82..10191.82 rows=100000 width=20) (actual time=44.201..49.635 rows=100000 loops=1)
         Sort Key: s_3.a, s_3.b, s_3.c, s_3.d
         Sort Method: quicksort  Memory: 10885kB
         ->  Seq Scan on s_3  (cost=0.00..1637.00 rows=100000 width=20) (actual time=0.010..5.618 rows=100000 loops=1)
 Planning time: 0.268 ms
 Execution time: 52.285 ms
(7 rows)

===== 88 [Wed Mar  7 02:05:29 CET 2018] scale:100000 groups:10 work_mem:32MB incremental:off max_workers:2 =====
SELECT * FROM s_4 ORDER BY a, b, c, d, e
                                                      QUERY PLAN                                                       
-----------------------------------------------------------------------------------------------------------------------
 Limit  (cost=11191.82..11191.82 rows=1 width=20) (actual time=59.817..59.817 rows=0 loops=1)
   ->  Sort  (cost=9941.82..10191.82 rows=100000 width=20) (actual time=53.790..57.639 rows=100000 loops=1)
         Sort Key: s_4.a, s_4.b, s_4.c, s_4.d, s_4.e
         Sort Method: quicksort  Memory: 10885kB
         ->  Seq Scan on s_4  (cost=0.00..1637.00 rows=100000 width=20) (actual time=0.007..5.660 rows=100000 loops=1)
 Planning time: 0.260 ms
 Execution time: 60.290 ms
(7 rows)

===== 89 [Wed Mar  7 02:05:29 CET 2018] scale:100000 groups:10 work_mem:64MB incremental:on max_workers:2 =====
SELECT * FROM s_1 ORDER BY a, b
                                                      QUERY PLAN                                                       
-----------------------------------------------------------------------------------------------------------------------
 Limit  (cost=11191.82..11191.82 rows=1 width=20) (actual time=33.391..33.391 rows=0 loops=1)
   ->  Sort  (cost=9941.82..10191.82 rows=100000 width=20) (actual time=24.774..31.224 rows=100000 loops=1)
         Sort Key: s_1.a, s_1.b
         Sort Method: quicksort  Memory: 10885kB
         ->  Seq Scan on s_1  (cost=0.00..1637.00 rows=100000 width=20) (actual time=0.007..5.573 rows=100000 loops=1)
 Planning time: 0.266 ms
 Execution time: 33.871 ms
(7 rows)

===== 90 [Wed Mar  7 02:05:30 CET 2018] scale:100000 groups:10 work_mem:64MB incremental:on max_workers:2 =====
SELECT * FROM s_2 ORDER BY a, b, c
                                                      QUERY PLAN                                                       
-----------------------------------------------------------------------------------------------------------------------
 Limit  (cost=11191.82..11191.82 rows=1 width=20) (actual time=40.040..40.040 rows=0 loops=1)
   ->  Sort  (cost=9941.82..10191.82 rows=100000 width=20) (actual time=32.276..37.871 rows=100000 loops=1)
         Sort Key: s_2.a, s_2.b, s_2.c
         Sort Method: quicksort  Memory: 10885kB
         ->  Seq Scan on s_2  (cost=0.00..1637.00 rows=100000 width=20) (actual time=0.010..5.604 rows=100000 loops=1)
 Planning time: 0.290 ms
 Execution time: 40.513 ms
(7 rows)

===== 91 [Wed Mar  7 02:05:30 CET 2018] scale:100000 groups:10 work_mem:64MB incremental:on max_workers:2 =====
SELECT * FROM s_3 ORDER BY a, b, c, d
                                                                  QUERY PLAN                                                                  
----------------------------------------------------------------------------------------------------------------------------------------------
 Limit  (cost=10419.46..10419.46 rows=1 width=20) (actual time=40.007..40.007 rows=0 loops=1)
   ->  Incremental Sort  (cost=6.16..9419.46 rows=100000 width=20) (actual time=0.069..37.840 rows=100000 loops=1)
         Sort Key: s_3.a, s_3.b, s_3.c, s_3.d
         Presorted Key: s_3.a, s_3.b, s_3.c
         Sort Method: quicksort  Memory: 35kB
         Sort Groups: 1261
         ->  Index Scan using s_3_a_b_c_idx on s_3  (cost=0.42..4527.17 rows=100000 width=20) (actual time=0.016..11.838 rows=100000 loops=1)
 Planning time: 0.288 ms
 Execution time: 40.028 ms
(9 rows)

===== 92 [Wed Mar  7 02:05:30 CET 2018] scale:100000 groups:10 work_mem:64MB incremental:on max_workers:2 =====
SELECT * FROM s_4 ORDER BY a, b, c, d, e
                                                                   QUERY PLAN                                                                   
------------------------------------------------------------------------------------------------------------------------------------------------
 Limit  (cost=9138.13..9138.13 rows=1 width=20) (actual time=42.914..42.914 rows=0 loops=1)
   ->  Incremental Sort  (cost=1.04..8138.13 rows=100000 width=20) (actual time=0.068..40.721 rows=100000 loops=1)
         Sort Key: s_4.a, s_4.b, s_4.c, s_4.d, s_4.e
         Presorted Key: s_4.a, s_4.b, s_4.c, s_4.d
         Sort Method: quicksort  Memory: 28kB
         Sort Groups: 2779
         ->  Index Scan using s_4_a_b_c_d_idx on s_4  (cost=0.42..4527.17 rows=100000 width=20) (actual time=0.014..11.847 rows=100000 loops=1)
 Planning time: 0.272 ms
 Execution time: 42.944 ms
(9 rows)

===== 93 [Wed Mar  7 02:05:31 CET 2018] scale:100000 groups:10 work_mem:64MB incremental:off max_workers:2 =====
SELECT * FROM s_1 ORDER BY a, b
                                                      QUERY PLAN                                                       
-----------------------------------------------------------------------------------------------------------------------
 Limit  (cost=11191.82..11191.82 rows=1 width=20) (actual time=33.303..33.303 rows=0 loops=1)
   ->  Sort  (cost=9941.82..10191.82 rows=100000 width=20) (actual time=24.710..31.131 rows=100000 loops=1)
         Sort Key: s_1.a, s_1.b
         Sort Method: quicksort  Memory: 10885kB
         ->  Seq Scan on s_1  (cost=0.00..1637.00 rows=100000 width=20) (actual time=0.007..5.596 rows=100000 loops=1)
 Planning time: 0.253 ms
 Execution time: 33.778 ms
(7 rows)

===== 94 [Wed Mar  7 02:05:31 CET 2018] scale:100000 groups:10 work_mem:64MB incremental:off max_workers:2 =====
SELECT * FROM s_2 ORDER BY a, b, c
                                                      QUERY PLAN                                                       
-----------------------------------------------------------------------------------------------------------------------
 Limit  (cost=11191.82..11191.82 rows=1 width=20) (actual time=40.034..40.034 rows=0 loops=1)
   ->  Sort  (cost=9941.82..10191.82 rows=100000 width=20) (actual time=32.286..37.868 rows=100000 loops=1)
         Sort Key: s_2.a, s_2.b, s_2.c
         Sort Method: quicksort  Memory: 10885kB
         ->  Seq Scan on s_2  (cost=0.00..1637.00 rows=100000 width=20) (actual time=0.010..5.580 rows=100000 loops=1)
 Planning time: 0.260 ms
 Execution time: 40.512 ms
(7 rows)

===== 95 [Wed Mar  7 02:05:31 CET 2018] scale:100000 groups:10 work_mem:64MB incremental:off max_workers:2 =====
SELECT * FROM s_3 ORDER BY a, b, c, d
                                                      QUERY PLAN                                                       
-----------------------------------------------------------------------------------------------------------------------
 Limit  (cost=11191.82..11191.82 rows=1 width=20) (actual time=51.827..51.827 rows=0 loops=1)
   ->  Sort  (cost=9941.82..10191.82 rows=100000 width=20) (actual time=44.228..49.650 rows=100000 loops=1)
         Sort Key: s_3.a, s_3.b, s_3.c, s_3.d
         Sort Method: quicksort  Memory: 10885kB
         ->  Seq Scan on s_3  (cost=0.00..1637.00 rows=100000 width=20) (actual time=0.011..5.625 rows=100000 loops=1)
 Planning time: 0.270 ms
 Execution time: 52.303 ms
(7 rows)

===== 96 [Wed Mar  7 02:05:31 CET 2018] scale:100000 groups:10 work_mem:64MB incremental:off max_workers:2 =====
SELECT * FROM s_4 ORDER BY a, b, c, d, e
                                                      QUERY PLAN                                                       
-----------------------------------------------------------------------------------------------------------------------
 Limit  (cost=11191.82..11191.82 rows=1 width=20) (actual time=59.829..59.829 rows=0 loops=1)
   ->  Sort  (cost=9941.82..10191.82 rows=100000 width=20) (actual time=53.794..57.657 rows=100000 loops=1)
         Sort Key: s_4.a, s_4.b, s_4.c, s_4.d, s_4.e
         Sort Method: quicksort  Memory: 10885kB
         ->  Seq Scan on s_4  (cost=0.00..1637.00 rows=100000 width=20) (actual time=0.007..5.624 rows=100000 loops=1)
 Planning time: 0.258 ms
 Execution time: 60.308 ms
(7 rows)

===== 97 [Wed Mar  7 02:05:32 CET 2018] scale:100000 groups:10 work_mem:128MB incremental:on max_workers:2 =====
SELECT * FROM s_1 ORDER BY a, b
                                                      QUERY PLAN                                                       
-----------------------------------------------------------------------------------------------------------------------
 Limit  (cost=11191.82..11191.82 rows=1 width=20) (actual time=33.357..33.357 rows=0 loops=1)
   ->  Sort  (cost=9941.82..10191.82 rows=100000 width=20) (actual time=24.802..31.192 rows=100000 loops=1)
         Sort Key: s_1.a, s_1.b
         Sort Method: quicksort  Memory: 10885kB
         ->  Seq Scan on s_1  (cost=0.00..1637.00 rows=100000 width=20) (actual time=0.007..5.575 rows=100000 loops=1)
 Planning time: 0.259 ms
 Execution time: 33.840 ms
(7 rows)

===== 98 [Wed Mar  7 02:05:32 CET 2018] scale:100000 groups:10 work_mem:128MB incremental:on max_workers:2 =====
SELECT * FROM s_2 ORDER BY a, b, c
                                                      QUERY PLAN                                                       
-----------------------------------------------------------------------------------------------------------------------
 Limit  (cost=11191.82..11191.82 rows=1 width=20) (actual time=40.053..40.053 rows=0 loops=1)
   ->  Sort  (cost=9941.82..10191.82 rows=100000 width=20) (actual time=32.275..37.888 rows=100000 loops=1)
         Sort Key: s_2.a, s_2.b, s_2.c
         Sort Method: quicksort  Memory: 10885kB
         ->  Seq Scan on s_2  (cost=0.00..1637.00 rows=100000 width=20) (actual time=0.010..5.593 rows=100000 loops=1)
 Planning time: 0.277 ms
 Execution time: 40.532 ms
(7 rows)

===== 99 [Wed Mar  7 02:05:32 CET 2018] scale:100000 groups:10 work_mem:128MB incremental:on max_workers:2 =====
SELECT * FROM s_3 ORDER BY a, b, c, d
                                                                  QUERY PLAN                                                                  
----------------------------------------------------------------------------------------------------------------------------------------------
 Limit  (cost=10419.46..10419.46 rows=1 width=20) (actual time=40.026..40.026 rows=0 loops=1)
   ->  Incremental Sort  (cost=6.16..9419.46 rows=100000 width=20) (actual time=0.069..37.858 rows=100000 loops=1)
         Sort Key: s_3.a, s_3.b, s_3.c, s_3.d
         Presorted Key: s_3.a, s_3.b, s_3.c
         Sort Method: quicksort  Memory: 35kB
         Sort Groups: 1261
         ->  Index Scan using s_3_a_b_c_idx on s_3  (cost=0.42..4527.17 rows=100000 width=20) (actual time=0.016..11.829 rows=100000 loops=1)
 Planning time: 0.279 ms
 Execution time: 40.046 ms
(9 rows)

===== 100 [Wed Mar  7 02:05:33 CET 2018] scale:100000 groups:10 work_mem:128MB incremental:on max_workers:2 =====
SELECT * FROM s_4 ORDER BY a, b, c, d, e
                                                                   QUERY PLAN                                                                   
------------------------------------------------------------------------------------------------------------------------------------------------
 Limit  (cost=9138.13..9138.13 rows=1 width=20) (actual time=42.910..42.910 rows=0 loops=1)
   ->  Incremental Sort  (cost=1.04..8138.13 rows=100000 width=20) (actual time=0.068..40.717 rows=100000 loops=1)
         Sort Key: s_4.a, s_4.b, s_4.c, s_4.d, s_4.e
         Presorted Key: s_4.a, s_4.b, s_4.c, s_4.d
         Sort Method: quicksort  Memory: 28kB
         Sort Groups: 2779
         ->  Index Scan using s_4_a_b_c_d_idx on s_4  (cost=0.42..4527.17 rows=100000 width=20) (actual time=0.015..11.860 rows=100000 loops=1)
 Planning time: 0.278 ms
 Execution time: 42.931 ms
(9 rows)

===== 101 [Wed Mar  7 02:05:33 CET 2018] scale:100000 groups:10 work_mem:128MB incremental:off max_workers:2 =====
SELECT * FROM s_1 ORDER BY a, b
                                                      QUERY PLAN                                                       
-----------------------------------------------------------------------------------------------------------------------
 Limit  (cost=11191.82..11191.82 rows=1 width=20) (actual time=33.169..33.169 rows=0 loops=1)
   ->  Sort  (cost=9941.82..10191.82 rows=100000 width=20) (actual time=24.676..31.011 rows=100000 loops=1)
         Sort Key: s_1.a, s_1.b
         Sort Method: quicksort  Memory: 10885kB
         ->  Seq Scan on s_1  (cost=0.00..1637.00 rows=100000 width=20) (actual time=0.007..5.586 rows=100000 loops=1)
 Planning time: 0.251 ms
 Execution time: 33.644 ms
(7 rows)

===== 102 [Wed Mar  7 02:05:33 CET 2018] scale:100000 groups:10 work_mem:128MB incremental:off max_workers:2 =====
SELECT * FROM s_2 ORDER BY a, b, c
                                                      QUERY PLAN                                                       
-----------------------------------------------------------------------------------------------------------------------
 Limit  (cost=11191.82..11191.82 rows=1 width=20) (actual time=40.137..40.137 rows=0 loops=1)
   ->  Sort  (cost=9941.82..10191.82 rows=100000 width=20) (actual time=32.333..37.963 rows=100000 loops=1)
         Sort Key: s_2.a, s_2.b, s_2.c
         Sort Method: quicksort  Memory: 10885kB
         ->  Seq Scan on s_2  (cost=0.00..1637.00 rows=100000 width=20) (actual time=0.010..5.573 rows=100000 loops=1)
 Planning time: 0.263 ms
 Execution time: 40.618 ms
(7 rows)

===== 103 [Wed Mar  7 02:05:33 CET 2018] scale:100000 groups:10 work_mem:128MB incremental:off max_workers:2 =====
SELECT * FROM s_3 ORDER BY a, b, c, d
                                                      QUERY PLAN                                                       
-----------------------------------------------------------------------------------------------------------------------
 Limit  (cost=11191.82..11191.82 rows=1 width=20) (actual time=51.849..51.849 rows=0 loops=1)
   ->  Sort  (cost=9941.82..10191.82 rows=100000 width=20) (actual time=44.255..49.674 rows=100000 loops=1)
         Sort Key: s_3.a, s_3.b, s_3.c, s_3.d
         Sort Method: quicksort  Memory: 10885kB
         ->  Seq Scan on s_3  (cost=0.00..1637.00 rows=100000 width=20) (actual time=0.010..5.617 rows=100000 loops=1)
 Planning time: 0.270 ms
 Execution time: 52.325 ms
(7 rows)

===== 104 [Wed Mar  7 02:05:34 CET 2018] scale:100000 groups:10 work_mem:128MB incremental:off max_workers:2 =====
SELECT * FROM s_4 ORDER BY a, b, c, d, e
                                                      QUERY PLAN                                                       
-----------------------------------------------------------------------------------------------------------------------
 Limit  (cost=11191.82..11191.82 rows=1 width=20) (actual time=59.876..59.876 rows=0 loops=1)
   ->  Sort  (cost=9941.82..10191.82 rows=100000 width=20) (actual time=53.823..57.700 rows=100000 loops=1)
         Sort Key: s_4.a, s_4.b, s_4.c, s_4.d, s_4.e
         Sort Method: quicksort  Memory: 10885kB
         ->  Seq Scan on s_4  (cost=0.00..1637.00 rows=100000 width=20) (actual time=0.007..5.625 rows=100000 loops=1)
 Planning time: 0.256 ms
 Execution time: 60.351 ms
(7 rows)

===== 105 [Wed Mar  7 02:05:34 CET 2018] scale:100000 groups:10 work_mem:256MB incremental:on max_workers:2 =====
SELECT * FROM s_1 ORDER BY a, b
                                                      QUERY PLAN                                                       
-----------------------------------------------------------------------------------------------------------------------
 Limit  (cost=11191.82..11191.82 rows=1 width=20) (actual time=33.336..33.336 rows=0 loops=1)
   ->  Sort  (cost=9941.82..10191.82 rows=100000 width=20) (actual time=24.791..31.164 rows=100000 loops=1)
         Sort Key: s_1.a, s_1.b
         Sort Method: quicksort  Memory: 10885kB
         ->  Seq Scan on s_1  (cost=0.00..1637.00 rows=100000 width=20) (actual time=0.007..5.577 rows=100000 loops=1)
 Planning time: 0.262 ms
 Execution time: 33.817 ms
(7 rows)

===== 106 [Wed Mar  7 02:05:34 CET 2018] scale:100000 groups:10 work_mem:256MB incremental:on max_workers:2 =====
SELECT * FROM s_2 ORDER BY a, b, c
                                                      QUERY PLAN                                                       
-----------------------------------------------------------------------------------------------------------------------
 Limit  (cost=11191.82..11191.82 rows=1 width=20) (actual time=40.099..40.099 rows=0 loops=1)
   ->  Sort  (cost=9941.82..10191.82 rows=100000 width=20) (actual time=32.288..37.931 rows=100000 loops=1)
         Sort Key: s_2.a, s_2.b, s_2.c
         Sort Method: quicksort  Memory: 10885kB
         ->  Seq Scan on s_2  (cost=0.00..1637.00 rows=100000 width=20) (actual time=0.011..5.611 rows=100000 loops=1)
 Planning time: 0.280 ms
 Execution time: 40.576 ms
(7 rows)

===== 107 [Wed Mar  7 02:05:35 CET 2018] scale:100000 groups:10 work_mem:256MB incremental:on max_workers:2 =====
SELECT * FROM s_3 ORDER BY a, b, c, d
                                                                  QUERY PLAN                                                                  
----------------------------------------------------------------------------------------------------------------------------------------------
 Limit  (cost=10419.46..10419.46 rows=1 width=20) (actual time=40.036..40.036 rows=0 loops=1)
   ->  Incremental Sort  (cost=6.16..9419.46 rows=100000 width=20) (actual time=0.075..37.871 rows=100000 loops=1)
         Sort Key: s_3.a, s_3.b, s_3.c, s_3.d
         Presorted Key: s_3.a, s_3.b, s_3.c
         Sort Method: quicksort  Memory: 35kB
         Sort Groups: 1261
         ->  Index Scan using s_3_a_b_c_idx on s_3  (cost=0.42..4527.17 rows=100000 width=20) (actual time=0.016..11.838 rows=100000 loops=1)
 Planning time: 0.283 ms
 Execution time: 40.058 ms
(9 rows)

===== 108 [Wed Mar  7 02:05:35 CET 2018] scale:100000 groups:10 work_mem:256MB incremental:on max_workers:2 =====
SELECT * FROM s_4 ORDER BY a, b, c, d, e
                                                                   QUERY PLAN                                                                   
------------------------------------------------------------------------------------------------------------------------------------------------
 Limit  (cost=9138.13..9138.13 rows=1 width=20) (actual time=42.920..42.920 rows=0 loops=1)
   ->  Incremental Sort  (cost=1.04..8138.13 rows=100000 width=20) (actual time=0.068..40.726 rows=100000 loops=1)
         Sort Key: s_4.a, s_4.b, s_4.c, s_4.d, s_4.e
         Presorted Key: s_4.a, s_4.b, s_4.c, s_4.d
         Sort Method: quicksort  Memory: 28kB
         Sort Groups: 2779
         ->  Index Scan using s_4_a_b_c_d_idx on s_4  (cost=0.42..4527.17 rows=100000 width=20) (actual time=0.014..11.855 rows=100000 loops=1)
 Planning time: 0.272 ms
 Execution time: 42.941 ms
(9 rows)

===== 109 [Wed Mar  7 02:05:35 CET 2018] scale:100000 groups:10 work_mem:256MB incremental:off max_workers:2 =====
SELECT * FROM s_1 ORDER BY a, b
                                                      QUERY PLAN                                                       
-----------------------------------------------------------------------------------------------------------------------
 Limit  (cost=11191.82..11191.82 rows=1 width=20) (actual time=33.242..33.242 rows=0 loops=1)
   ->  Sort  (cost=9941.82..10191.82 rows=100000 width=20) (actual time=24.682..31.077 rows=100000 loops=1)
         Sort Key: s_1.a, s_1.b
         Sort Method: quicksort  Memory: 10885kB
         ->  Seq Scan on s_1  (cost=0.00..1637.00 rows=100000 width=20) (actual time=0.007..5.597 rows=100000 loops=1)
 Planning time: 0.254 ms
 Execution time: 33.714 ms
(7 rows)

===== 110 [Wed Mar  7 02:05:35 CET 2018] scale:100000 groups:10 work_mem:256MB incremental:off max_workers:2 =====
SELECT * FROM s_2 ORDER BY a, b, c
                                                      QUERY PLAN                                                       
-----------------------------------------------------------------------------------------------------------------------
 Limit  (cost=11191.82..11191.82 rows=1 width=20) (actual time=40.318..40.318 rows=0 loops=1)
   ->  Sort  (cost=9941.82..10191.82 rows=100000 width=20) (actual time=32.337..38.155 rows=100000 loops=1)
         Sort Key: s_2.a, s_2.b, s_2.c
         Sort Method: quicksort  Memory: 10885kB
         ->  Seq Scan on s_2  (cost=0.00..1637.00 rows=100000 width=20) (actual time=0.010..5.584 rows=100000 loops=1)
 Planning time: 0.264 ms
 Execution time: 40.790 ms
(7 rows)

===== 111 [Wed Mar  7 02:05:36 CET 2018] scale:100000 groups:10 work_mem:256MB incremental:off max_workers:2 =====
SELECT * FROM s_3 ORDER BY a, b, c, d
                                                      QUERY PLAN                                                       
-----------------------------------------------------------------------------------------------------------------------
 Limit  (cost=11191.82..11191.82 rows=1 width=20) (actual time=51.870..51.870 rows=0 loops=1)
   ->  Sort  (cost=9941.82..10191.82 rows=100000 width=20) (actual time=44.231..49.697 rows=100000 loops=1)
         Sort Key: s_3.a, s_3.b, s_3.c, s_3.d
         Sort Method: quicksort  Memory: 10885kB
         ->  Seq Scan on s_3  (cost=0.00..1637.00 rows=100000 width=20) (actual time=0.010..5.622 rows=100000 loops=1)
 Planning time: 0.265 ms
 Execution time: 52.345 ms
(7 rows)

===== 112 [Wed Mar  7 02:05:36 CET 2018] scale:100000 groups:10 work_mem:256MB incremental:off max_workers:2 =====
SELECT * FROM s_4 ORDER BY a, b, c, d, e
                                                      QUERY PLAN                                                       
-----------------------------------------------------------------------------------------------------------------------
 Limit  (cost=11191.82..11191.82 rows=1 width=20) (actual time=59.844..59.844 rows=0 loops=1)
   ->  Sort  (cost=9941.82..10191.82 rows=100000 width=20) (actual time=53.811..57.668 rows=100000 loops=1)
         Sort Key: s_4.a, s_4.b, s_4.c, s_4.d, s_4.e
         Sort Method: quicksort  Memory: 10885kB
         ->  Seq Scan on s_4  (cost=0.00..1637.00 rows=100000 width=20) (actual time=0.007..5.613 rows=100000 loops=1)
 Planning time: 0.254 ms
 Execution time: 60.320 ms
(7 rows)

===== 113 [Wed Mar  7 02:05:38 CET 2018] scale:100000 groups:100 work_mem:4MB incremental:on max_workers:0 =====
SELECT * FROM s_1 ORDER BY a, b
                                                                QUERY PLAN                                                                
------------------------------------------------------------------------------------------------------------------------------------------
 Limit  (cost=10972.03..10972.03 rows=1 width=20) (actual time=41.122..41.122 rows=0 loops=1)
   ->  Incremental Sort  (cost=81.68..9972.03 rows=100000 width=20) (actual time=0.255..38.947 rows=100000 loops=1)
         Sort Key: s_1.a, s_1.b
         Presorted Key: s_1.a
         Sort Method: quicksort  Memory: 133kB
         Sort Groups: 101
         ->  Index Scan using s_1_a_idx on s_1  (cost=0.29..3244.29 rows=100000 width=20) (actual time=0.024..13.037 rows=100000 loops=1)
 Planning time: 0.269 ms
 Execution time: 41.162 ms
(9 rows)

===== 114 [Wed Mar  7 02:05:38 CET 2018] scale:100000 groups:100 work_mem:4MB incremental:on max_workers:0 =====
SELECT * FROM s_2 ORDER BY a, b, c
                                                                 QUERY PLAN                                                                 
--------------------------------------------------------------------------------------------------------------------------------------------
 Limit  (cost=8690.01..8690.01 rows=1 width=20) (actual time=38.244..38.244 rows=0 loops=1)
   ->  Incremental Sort  (cost=0.87..7690.01 rows=100000 width=20) (actual time=0.076..36.056 rows=100000 loops=1)
         Sort Key: s_2.a, s_2.b, s_2.c
         Presorted Key: s_2.a, s_2.b
         Sort Method: quicksort  Memory: 28kB
         Sort Groups: 2702
         ->  Index Scan using s_2_a_b_idx on s_2  (cost=0.29..4079.04 rows=100000 width=20) (actual time=0.028..12.777 rows=100000 loops=1)
 Planning time: 0.275 ms
 Execution time: 38.265 ms
(9 rows)

===== 115 [Wed Mar  7 02:05:38 CET 2018] scale:100000 groups:100 work_mem:4MB incremental:on max_workers:0 =====
SELECT * FROM s_3 ORDER BY a, b, c, d
                                                                  QUERY PLAN                                                                  
----------------------------------------------------------------------------------------------------------------------------------------------
 Limit  (cost=9138.13..9138.13 rows=1 width=20) (actual time=32.438..32.438 rows=0 loops=1)
   ->  Incremental Sort  (cost=1.04..8138.13 rows=100000 width=20) (actual time=0.080..30.254 rows=100000 loops=1)
         Sort Key: s_3.a, s_3.b, s_3.c, s_3.d
         Presorted Key: s_3.a, s_3.b, s_3.c
         Sort Method: quicksort  Memory: 27kB
         Sort Groups: 3121
         ->  Index Scan using s_3_a_b_c_idx on s_3  (cost=0.42..4527.17 rows=100000 width=20) (actual time=0.035..13.535 rows=100000 loops=1)
 Planning time: 0.285 ms
 Execution time: 32.461 ms
(9 rows)

===== 116 [Wed Mar  7 02:05:39 CET 2018] scale:100000 groups:100 work_mem:4MB incremental:on max_workers:0 =====
SELECT * FROM s_4 ORDER BY a, b, c, d, e
                                                                   QUERY PLAN                                                                   
------------------------------------------------------------------------------------------------------------------------------------------------
 Limit  (cost=9138.13..9138.13 rows=1 width=20) (actual time=28.871..28.871 rows=0 loops=1)
   ->  Incremental Sort  (cost=1.04..8138.13 rows=100000 width=20) (actual time=0.073..26.665 rows=100000 loops=1)
         Sort Key: s_4.a, s_4.b, s_4.c, s_4.d, s_4.e
         Presorted Key: s_4.a, s_4.b, s_4.c, s_4.d
         Sort Method: quicksort  Memory: 27kB
         Sort Groups: 3125
         ->  Index Scan using s_4_a_b_c_d_idx on s_4  (cost=0.42..4527.17 rows=100000 width=20) (actual time=0.029..13.422 rows=100000 loops=1)
 Planning time: 0.271 ms
 Execution time: 28.893 ms
(9 rows)

===== 117 [Wed Mar  7 02:05:39 CET 2018] scale:100000 groups:100 work_mem:4MB incremental:off max_workers:0 =====
SELECT * FROM s_1 ORDER BY a, b
                                                      QUERY PLAN                                                       
-----------------------------------------------------------------------------------------------------------------------
 Limit  (cost=13242.82..13242.82 rows=1 width=20) (actual time=47.359..47.359 rows=0 loops=1)
   ->  Sort  (cost=11992.82..12242.82 rows=100000 width=20) (actual time=37.964..45.179 rows=100000 loops=1)
         Sort Key: s_1.a, s_1.b
         Sort Method: external merge  Disk: 2936kB
         ->  Seq Scan on s_1  (cost=0.00..1637.00 rows=100000 width=20) (actual time=0.007..5.484 rows=100000 loops=1)
 Planning time: 0.254 ms
 Execution time: 47.925 ms
(7 rows)

===== 118 [Wed Mar  7 02:05:39 CET 2018] scale:100000 groups:100 work_mem:4MB incremental:off max_workers:0 =====
SELECT * FROM s_2 ORDER BY a, b, c
                                                      QUERY PLAN                                                       
-----------------------------------------------------------------------------------------------------------------------
 Limit  (cost=13242.82..13242.82 rows=1 width=20) (actual time=53.703..53.703 rows=0 loops=1)
   ->  Sort  (cost=11992.82..12242.82 rows=100000 width=20) (actual time=44.319..51.516 rows=100000 loops=1)
         Sort Key: s_2.a, s_2.b, s_2.c
         Sort Method: external merge  Disk: 2936kB
         ->  Seq Scan on s_2  (cost=0.00..1637.00 rows=100000 width=20) (actual time=0.010..5.503 rows=100000 loops=1)
 Planning time: 0.264 ms
 Execution time: 54.247 ms
(7 rows)

===== 119 [Wed Mar  7 02:05:39 CET 2018] scale:100000 groups:100 work_mem:4MB incremental:off max_workers:0 =====
SELECT * FROM s_3 ORDER BY a, b, c, d
                                                      QUERY PLAN                                                       
-----------------------------------------------------------------------------------------------------------------------
 Limit  (cost=13242.82..13242.82 rows=1 width=20) (actual time=48.892..48.892 rows=0 loops=1)
   ->  Sort  (cost=11992.82..12242.82 rows=100000 width=20) (actual time=39.492..46.714 rows=100000 loops=1)
         Sort Key: s_3.a, s_3.b, s_3.c, s_3.d
         Sort Method: external merge  Disk: 2936kB
         ->  Seq Scan on s_3  (cost=0.00..1637.00 rows=100000 width=20) (actual time=0.010..5.509 rows=100000 loops=1)
 Planning time: 0.266 ms
 Execution time: 49.470 ms
(7 rows)

===== 120 [Wed Mar  7 02:05:40 CET 2018] scale:100000 groups:100 work_mem:4MB incremental:off max_workers:0 =====
SELECT * FROM s_4 ORDER BY a, b, c, d, e
                                                      QUERY PLAN                                                       
-----------------------------------------------------------------------------------------------------------------------
 Limit  (cost=13242.82..13242.82 rows=1 width=20) (actual time=39.578..39.578 rows=0 loops=1)
   ->  Sort  (cost=11992.82..12242.82 rows=100000 width=20) (actual time=30.126..37.402 rows=100000 loops=1)
         Sort Key: s_4.a, s_4.b, s_4.c, s_4.d, s_4.e
         Sort Method: external merge  Disk: 2936kB
         ->  Seq Scan on s_4  (cost=0.00..1637.00 rows=100000 width=20) (actual time=0.006..5.510 rows=100000 loops=1)
 Planning time: 0.253 ms
 Execution time: 40.145 ms
(7 rows)

===== 121 [Wed Mar  7 02:05:40 CET 2018] scale:100000 groups:100 work_mem:8MB incremental:on max_workers:0 =====
SELECT * FROM s_1 ORDER BY a, b
                                                                QUERY PLAN                                                                
------------------------------------------------------------------------------------------------------------------------------------------
 Limit  (cost=10972.03..10972.03 rows=1 width=20) (actual time=39.806..39.806 rows=0 loops=1)
   ->  Incremental Sort  (cost=81.68..9972.03 rows=100000 width=20) (actual time=0.239..37.626 rows=100000 loops=1)
         Sort Key: s_1.a, s_1.b
         Presorted Key: s_1.a
         Sort Method: quicksort  Memory: 133kB
         Sort Groups: 101
         ->  Index Scan using s_1_a_idx on s_1  (cost=0.29..3244.29 rows=100000 width=20) (actual time=0.012..11.808 rows=100000 loops=1)
 Planning time: 0.258 ms
 Execution time: 39.841 ms
(9 rows)

===== 122 [Wed Mar  7 02:05:40 CET 2018] scale:100000 groups:100 work_mem:8MB incremental:on max_workers:0 =====
SELECT * FROM s_2 ORDER BY a, b, c
                                                                 QUERY PLAN                                                                 
--------------------------------------------------------------------------------------------------------------------------------------------
 Limit  (cost=8690.01..8690.01 rows=1 width=20) (actual time=36.862..36.862 rows=0 loops=1)
   ->  Incremental Sort  (cost=0.87..7690.01 rows=100000 width=20) (actual time=0.063..34.676 rows=100000 loops=1)
         Sort Key: s_2.a, s_2.b, s_2.c
         Presorted Key: s_2.a, s_2.b
         Sort Method: quicksort  Memory: 28kB
         Sort Groups: 2702
         ->  Index Scan using s_2_a_b_idx on s_2  (cost=0.29..4079.04 rows=100000 width=20) (actual time=0.015..11.548 rows=100000 loops=1)
 Planning time: 0.270 ms
 Execution time: 36.885 ms
(9 rows)

===== 123 [Wed Mar  7 02:05:41 CET 2018] scale:100000 groups:100 work_mem:8MB incremental:on max_workers:0 =====
SELECT * FROM s_3 ORDER BY a, b, c, d
                                                                  QUERY PLAN                                                                  
----------------------------------------------------------------------------------------------------------------------------------------------
 Limit  (cost=9138.13..9138.13 rows=1 width=20) (actual time=30.559..30.559 rows=0 loops=1)
   ->  Incremental Sort  (cost=1.04..8138.13 rows=100000 width=20) (actual time=0.064..28.380 rows=100000 loops=1)
         Sort Key: s_3.a, s_3.b, s_3.c, s_3.d
         Presorted Key: s_3.a, s_3.b, s_3.c
         Sort Method: quicksort  Memory: 27kB
         Sort Groups: 3121
         ->  Index Scan using s_3_a_b_c_idx on s_3  (cost=0.42..4527.17 rows=100000 width=20) (actual time=0.018..11.877 rows=100000 loops=1)
 Planning time: 0.279 ms
 Execution time: 30.580 ms
(9 rows)

===== 124 [Wed Mar  7 02:05:41 CET 2018] scale:100000 groups:100 work_mem:8MB incremental:on max_workers:0 =====
SELECT * FROM s_4 ORDER BY a, b, c, d, e
                                                                   QUERY PLAN                                                                   
------------------------------------------------------------------------------------------------------------------------------------------------
 Limit  (cost=9138.13..9138.13 rows=1 width=20) (actual time=27.122..27.122 rows=0 loops=1)
   ->  Incremental Sort  (cost=1.04..8138.13 rows=100000 width=20) (actual time=0.056..24.916 rows=100000 loops=1)
         Sort Key: s_4.a, s_4.b, s_4.c, s_4.d, s_4.e
         Presorted Key: s_4.a, s_4.b, s_4.c, s_4.d
         Sort Method: quicksort  Memory: 27kB
         Sort Groups: 3125
         ->  Index Scan using s_4_a_b_c_d_idx on s_4  (cost=0.42..4527.17 rows=100000 width=20) (actual time=0.012..11.867 rows=100000 loops=1)
 Planning time: 0.273 ms
 Execution time: 27.144 ms
(9 rows)

===== 125 [Wed Mar  7 02:05:41 CET 2018] scale:100000 groups:100 work_mem:8MB incremental:off max_workers:0 =====
SELECT * FROM s_1 ORDER BY a, b
                                                      QUERY PLAN                                                       
-----------------------------------------------------------------------------------------------------------------------
 Limit  (cost=11191.82..11191.82 rows=1 width=20) (actual time=50.070..50.070 rows=0 loops=1)
   ->  Sort  (cost=9941.82..10191.82 rows=100000 width=20) (actual time=40.758..47.884 rows=100000 loops=1)
         Sort Key: s_1.a, s_1.b
         Sort Method: external merge  Disk: 2936kB
         ->  Seq Scan on s_1  (cost=0.00..1637.00 rows=100000 width=20) (actual time=0.007..5.588 rows=100000 loops=1)
 Planning time: 0.254 ms
 Execution time: 50.485 ms
(7 rows)

===== 126 [Wed Mar  7 02:05:41 CET 2018] scale:100000 groups:100 work_mem:8MB incremental:off max_workers:0 =====
SELECT * FROM s_2 ORDER BY a, b, c
                                                      QUERY PLAN                                                       
-----------------------------------------------------------------------------------------------------------------------
 Limit  (cost=11191.82..11191.82 rows=1 width=20) (actual time=55.833..55.833 rows=0 loops=1)
   ->  Sort  (cost=9941.82..10191.82 rows=100000 width=20) (actual time=46.571..53.643 rows=100000 loops=1)
         Sort Key: s_2.a, s_2.b, s_2.c
         Sort Method: external merge  Disk: 2936kB
         ->  Seq Scan on s_2  (cost=0.00..1637.00 rows=100000 width=20) (actual time=0.010..5.597 rows=100000 loops=1)
 Planning time: 0.264 ms
 Execution time: 56.221 ms
(7 rows)

===== 127 [Wed Mar  7 02:05:42 CET 2018] scale:100000 groups:100 work_mem:8MB incremental:off max_workers:0 =====
SELECT * FROM s_3 ORDER BY a, b, c, d
                                                      QUERY PLAN                                                       
-----------------------------------------------------------------------------------------------------------------------
 Limit  (cost=11191.82..11191.82 rows=1 width=20) (actual time=50.947..50.947 rows=0 loops=1)
   ->  Sort  (cost=9941.82..10191.82 rows=100000 width=20) (actual time=41.613..48.758 rows=100000 loops=1)
         Sort Key: s_3.a, s_3.b, s_3.c, s_3.d
         Sort Method: external merge  Disk: 2936kB
         ->  Seq Scan on s_3  (cost=0.00..1637.00 rows=100000 width=20) (actual time=0.010..5.616 rows=100000 loops=1)
 Planning time: 0.266 ms
 Execution time: 51.361 ms
(7 rows)

===== 128 [Wed Mar  7 02:05:42 CET 2018] scale:100000 groups:100 work_mem:8MB incremental:off max_workers:0 =====
SELECT * FROM s_4 ORDER BY a, b, c, d, e
                                                      QUERY PLAN                                                       
-----------------------------------------------------------------------------------------------------------------------
 Limit  (cost=11191.82..11191.82 rows=1 width=20) (actual time=41.515..41.515 rows=0 loops=1)
   ->  Sort  (cost=9941.82..10191.82 rows=100000 width=20) (actual time=32.194..39.321 rows=100000 loops=1)
         Sort Key: s_4.a, s_4.b, s_4.c, s_4.d, s_4.e
         Sort Method: external merge  Disk: 2936kB
         ->  Seq Scan on s_4  (cost=0.00..1637.00 rows=100000 width=20) (actual time=0.007..5.627 rows=100000 loops=1)
 Planning time: 0.256 ms
 Execution time: 41.903 ms
(7 rows)

===== 129 [Wed Mar  7 02:05:42 CET 2018] scale:100000 groups:100 work_mem:16MB incremental:on max_workers:0 =====
SELECT * FROM s_1 ORDER BY a, b
                                                                QUERY PLAN                                                                
------------------------------------------------------------------------------------------------------------------------------------------
 Limit  (cost=10972.03..10972.03 rows=1 width=20) (actual time=39.749..39.749 rows=0 loops=1)
   ->  Incremental Sort  (cost=81.68..9972.03 rows=100000 width=20) (actual time=0.240..37.572 rows=100000 loops=1)
         Sort Key: s_1.a, s_1.b
         Presorted Key: s_1.a
         Sort Method: quicksort  Memory: 133kB
         Sort Groups: 101
         ->  Index Scan using s_1_a_idx on s_1  (cost=0.29..3244.29 rows=100000 width=20) (actual time=0.012..11.789 rows=100000 loops=1)
 Planning time: 0.267 ms
 Execution time: 39.789 ms
(9 rows)

===== 130 [Wed Mar  7 02:05:43 CET 2018] scale:100000 groups:100 work_mem:16MB incremental:on max_workers:0 =====
SELECT * FROM s_2 ORDER BY a, b, c
                                                                 QUERY PLAN                                                                 
--------------------------------------------------------------------------------------------------------------------------------------------
 Limit  (cost=8690.01..8690.01 rows=1 width=20) (actual time=36.876..36.876 rows=0 loops=1)
   ->  Incremental Sort  (cost=0.87..7690.01 rows=100000 width=20) (actual time=0.062..34.692 rows=100000 loops=1)
         Sort Key: s_2.a, s_2.b, s_2.c
         Presorted Key: s_2.a, s_2.b
         Sort Method: quicksort  Memory: 28kB
         Sort Groups: 2702
         ->  Index Scan using s_2_a_b_idx on s_2  (cost=0.29..4079.04 rows=100000 width=20) (actual time=0.015..11.551 rows=100000 loops=1)
 Planning time: 0.275 ms
 Execution time: 36.898 ms
(9 rows)

===== 131 [Wed Mar  7 02:05:43 CET 2018] scale:100000 groups:100 work_mem:16MB incremental:on max_workers:0 =====
SELECT * FROM s_3 ORDER BY a, b, c, d
                                                                  QUERY PLAN                                                                  
----------------------------------------------------------------------------------------------------------------------------------------------
 Limit  (cost=9138.13..9138.13 rows=1 width=20) (actual time=30.605..30.605 rows=0 loops=1)
   ->  Incremental Sort  (cost=1.04..8138.13 rows=100000 width=20) (actual time=0.063..28.425 rows=100000 loops=1)
         Sort Key: s_3.a, s_3.b, s_3.c, s_3.d
         Presorted Key: s_3.a, s_3.b, s_3.c
         Sort Method: quicksort  Memory: 27kB
         Sort Groups: 3121
         ->  Index Scan using s_3_a_b_c_idx on s_3  (cost=0.42..4527.17 rows=100000 width=20) (actual time=0.018..11.884 rows=100000 loops=1)
 Planning time: 0.275 ms
 Execution time: 30.633 ms
(9 rows)

===== 132 [Wed Mar  7 02:05:43 CET 2018] scale:100000 groups:100 work_mem:16MB incremental:on max_workers:0 =====
SELECT * FROM s_4 ORDER BY a, b, c, d, e
                                                                   QUERY PLAN                                                                   
------------------------------------------------------------------------------------------------------------------------------------------------
 Limit  (cost=9138.13..9138.13 rows=1 width=20) (actual time=27.114..27.114 rows=0 loops=1)
   ->  Incremental Sort  (cost=1.04..8138.13 rows=100000 width=20) (actual time=0.055..24.910 rows=100000 loops=1)
         Sort Key: s_4.a, s_4.b, s_4.c, s_4.d, s_4.e
         Presorted Key: s_4.a, s_4.b, s_4.c, s_4.d
         Sort Method: quicksort  Memory: 27kB
         Sort Groups: 3125
         ->  Index Scan using s_4_a_b_c_d_idx on s_4  (cost=0.42..4527.17 rows=100000 width=20) (actual time=0.012..11.844 rows=100000 loops=1)
 Planning time: 0.272 ms
 Execution time: 27.136 ms
(9 rows)

===== 133 [Wed Mar  7 02:05:43 CET 2018] scale:100000 groups:100 work_mem:16MB incremental:off max_workers:0 =====
SELECT * FROM s_1 ORDER BY a, b
                                                      QUERY PLAN                                                       
-----------------------------------------------------------------------------------------------------------------------
 Limit  (cost=11191.82..11191.82 rows=1 width=20) (actual time=41.649..41.649 rows=0 loops=1)
   ->  Sort  (cost=9941.82..10191.82 rows=100000 width=20) (actual time=33.955..39.476 rows=100000 loops=1)
         Sort Key: s_1.a, s_1.b
         Sort Method: quicksort  Memory: 10885kB
         ->  Seq Scan on s_1  (cost=0.00..1637.00 rows=100000 width=20) (actual time=0.007..5.595 rows=100000 loops=1)
 Planning time: 0.263 ms
 Execution time: 42.129 ms
(7 rows)

===== 134 [Wed Mar  7 02:05:44 CET 2018] scale:100000 groups:100 work_mem:16MB incremental:off max_workers:0 =====
SELECT * FROM s_2 ORDER BY a, b, c
                                                      QUERY PLAN                                                       
-----------------------------------------------------------------------------------------------------------------------
 Limit  (cost=11191.82..11191.82 rows=1 width=20) (actual time=46.756..46.756 rows=0 loops=1)
   ->  Sort  (cost=9941.82..10191.82 rows=100000 width=20) (actual time=40.603..44.576 rows=100000 loops=1)
         Sort Key: s_2.a, s_2.b, s_2.c
         Sort Method: quicksort  Memory: 10885kB
         ->  Seq Scan on s_2  (cost=0.00..1637.00 rows=100000 width=20) (actual time=0.011..5.592 rows=100000 loops=1)
 Planning time: 0.268 ms
 Execution time: 47.235 ms
(7 rows)

===== 135 [Wed Mar  7 02:05:44 CET 2018] scale:100000 groups:100 work_mem:16MB incremental:off max_workers:0 =====
SELECT * FROM s_3 ORDER BY a, b, c, d
                                                      QUERY PLAN                                                       
-----------------------------------------------------------------------------------------------------------------------
 Limit  (cost=11191.82..11191.82 rows=1 width=20) (actual time=41.273..41.273 rows=0 loops=1)
   ->  Sort  (cost=9941.82..10191.82 rows=100000 width=20) (actual time=35.787..39.109 rows=100000 loops=1)
         Sort Key: s_3.a, s_3.b, s_3.c, s_3.d
         Sort Method: quicksort  Memory: 10885kB
         ->  Seq Scan on s_3  (cost=0.00..1637.00 rows=100000 width=20) (actual time=0.010..5.611 rows=100000 loops=1)
 Planning time: 0.264 ms
 Execution time: 41.751 ms
(7 rows)

===== 136 [Wed Mar  7 02:05:44 CET 2018] scale:100000 groups:100 work_mem:16MB incremental:off max_workers:0 =====
SELECT * FROM s_4 ORDER BY a, b, c, d, e
                                                      QUERY PLAN                                                       
-----------------------------------------------------------------------------------------------------------------------
 Limit  (cost=11191.82..11191.82 rows=1 width=20) (actual time=32.345..32.345 rows=0 loops=1)
   ->  Sort  (cost=9941.82..10191.82 rows=100000 width=20) (actual time=26.896..30.159 rows=100000 loops=1)
         Sort Key: s_4.a, s_4.b, s_4.c, s_4.d, s_4.e
         Sort Method: quicksort  Memory: 10885kB
         ->  Seq Scan on s_4  (cost=0.00..1637.00 rows=100000 width=20) (actual time=0.007..5.615 rows=100000 loops=1)
 Planning time: 0.256 ms
 Execution time: 32.818 ms
(7 rows)

===== 137 [Wed Mar  7 02:05:44 CET 2018] scale:100000 groups:100 work_mem:32MB incremental:on max_workers:0 =====
SELECT * FROM s_1 ORDER BY a, b
                                                                QUERY PLAN                                                                
------------------------------------------------------------------------------------------------------------------------------------------
 Limit  (cost=10972.03..10972.03 rows=1 width=20) (actual time=39.815..39.815 rows=0 loops=1)
   ->  Incremental Sort  (cost=81.68..9972.03 rows=100000 width=20) (actual time=0.238..37.635 rows=100000 loops=1)
         Sort Key: s_1.a, s_1.b
         Presorted Key: s_1.a
         Sort Method: quicksort  Memory: 133kB
         Sort Groups: 101
         ->  Index Scan using s_1_a_idx on s_1  (cost=0.29..3244.29 rows=100000 width=20) (actual time=0.012..11.807 rows=100000 loops=1)
 Planning time: 0.270 ms
 Execution time: 39.854 ms
(9 rows)

===== 138 [Wed Mar  7 02:05:45 CET 2018] scale:100000 groups:100 work_mem:32MB incremental:on max_workers:0 =====
SELECT * FROM s_2 ORDER BY a, b, c
                                                                 QUERY PLAN                                                                 
--------------------------------------------------------------------------------------------------------------------------------------------
 Limit  (cost=8690.01..8690.01 rows=1 width=20) (actual time=36.854..36.854 rows=0 loops=1)
   ->  Incremental Sort  (cost=0.87..7690.01 rows=100000 width=20) (actual time=0.063..34.673 rows=100000 loops=1)
         Sort Key: s_2.a, s_2.b, s_2.c
         Presorted Key: s_2.a, s_2.b
         Sort Method: quicksort  Memory: 28kB
         Sort Groups: 2702
         ->  Index Scan using s_2_a_b_idx on s_2  (cost=0.29..4079.04 rows=100000 width=20) (actual time=0.015..11.545 rows=100000 loops=1)
 Planning time: 0.275 ms
 Execution time: 36.875 ms
(9 rows)

===== 139 [Wed Mar  7 02:05:45 CET 2018] scale:100000 groups:100 work_mem:32MB incremental:on max_workers:0 =====
SELECT * FROM s_3 ORDER BY a, b, c, d
                                                                  QUERY PLAN                                                                  
----------------------------------------------------------------------------------------------------------------------------------------------
 Limit  (cost=9138.13..9138.13 rows=1 width=20) (actual time=30.575..30.575 rows=0 loops=1)
   ->  Incremental Sort  (cost=1.04..8138.13 rows=100000 width=20) (actual time=0.062..28.400 rows=100000 loops=1)
         Sort Key: s_3.a, s_3.b, s_3.c, s_3.d
         Presorted Key: s_3.a, s_3.b, s_3.c
         Sort Method: quicksort  Memory: 27kB
         Sort Groups: 3121
         ->  Index Scan using s_3_a_b_c_idx on s_3  (cost=0.42..4527.17 rows=100000 width=20) (actual time=0.018..11.879 rows=100000 loops=1)
 Planning time: 0.286 ms
 Execution time: 30.596 ms
(9 rows)

===== 140 [Wed Mar  7 02:05:45 CET 2018] scale:100000 groups:100 work_mem:32MB incremental:on max_workers:0 =====
SELECT * FROM s_4 ORDER BY a, b, c, d, e
                                                                   QUERY PLAN                                                                   
------------------------------------------------------------------------------------------------------------------------------------------------
 Limit  (cost=9138.13..9138.13 rows=1 width=20) (actual time=27.106..27.106 rows=0 loops=1)
   ->  Incremental Sort  (cost=1.04..8138.13 rows=100000 width=20) (actual time=0.055..24.899 rows=100000 loops=1)
         Sort Key: s_4.a, s_4.b, s_4.c, s_4.d, s_4.e
         Presorted Key: s_4.a, s_4.b, s_4.c, s_4.d
         Sort Method: quicksort  Memory: 27kB
         Sort Groups: 3125
         ->  Index Scan using s_4_a_b_c_d_idx on s_4  (cost=0.42..4527.17 rows=100000 width=20) (actual time=0.011..11.831 rows=100000 loops=1)
 Planning time: 0.273 ms
 Execution time: 27.127 ms
(9 rows)

===== 141 [Wed Mar  7 02:05:45 CET 2018] scale:100000 groups:100 work_mem:32MB incremental:off max_workers:0 =====
SELECT * FROM s_1 ORDER BY a, b
                                                      QUERY PLAN                                                       
-----------------------------------------------------------------------------------------------------------------------
 Limit  (cost=11191.82..11191.82 rows=1 width=20) (actual time=41.687..41.687 rows=0 loops=1)
   ->  Sort  (cost=9941.82..10191.82 rows=100000 width=20) (actual time=33.939..39.516 rows=100000 loops=1)
         Sort Key: s_1.a, s_1.b
         Sort Method: quicksort  Memory: 10885kB
         ->  Seq Scan on s_1  (cost=0.00..1637.00 rows=100000 width=20) (actual time=0.007..5.608 rows=100000 loops=1)
 Planning time: 0.256 ms
 Execution time: 42.157 ms
(7 rows)

===== 142 [Wed Mar  7 02:05:46 CET 2018] scale:100000 groups:100 work_mem:32MB incremental:off max_workers:0 =====
SELECT * FROM s_2 ORDER BY a, b, c
                                                      QUERY PLAN                                                       
-----------------------------------------------------------------------------------------------------------------------
 Limit  (cost=11191.82..11191.82 rows=1 width=20) (actual time=46.776..46.776 rows=0 loops=1)
   ->  Sort  (cost=9941.82..10191.82 rows=100000 width=20) (actual time=40.598..44.600 rows=100000 loops=1)
         Sort Key: s_2.a, s_2.b, s_2.c
         Sort Method: quicksort  Memory: 10885kB
         ->  Seq Scan on s_2  (cost=0.00..1637.00 rows=100000 width=20) (actual time=0.010..5.585 rows=100000 loops=1)
 Planning time: 0.257 ms
 Execution time: 47.247 ms
(7 rows)

===== 143 [Wed Mar  7 02:05:46 CET 2018] scale:100000 groups:100 work_mem:32MB incremental:off max_workers:0 =====
SELECT * FROM s_3 ORDER BY a, b, c, d
                                                      QUERY PLAN                                                       
-----------------------------------------------------------------------------------------------------------------------
 Limit  (cost=11191.82..11191.82 rows=1 width=20) (actual time=41.312..41.312 rows=0 loops=1)
   ->  Sort  (cost=9941.82..10191.82 rows=100000 width=20) (actual time=35.829..39.137 rows=100000 loops=1)
         Sort Key: s_3.a, s_3.b, s_3.c, s_3.d
         Sort Method: quicksort  Memory: 10885kB
         ->  Seq Scan on s_3  (cost=0.00..1637.00 rows=100000 width=20) (actual time=0.010..5.622 rows=100000 loops=1)
 Planning time: 0.264 ms
 Execution time: 41.788 ms
(7 rows)

===== 144 [Wed Mar  7 02:05:46 CET 2018] scale:100000 groups:100 work_mem:32MB incremental:off max_workers:0 =====
SELECT * FROM s_4 ORDER BY a, b, c, d, e
                                                      QUERY PLAN                                                       
-----------------------------------------------------------------------------------------------------------------------
 Limit  (cost=11191.82..11191.82 rows=1 width=20) (actual time=32.354..32.354 rows=0 loops=1)
   ->  Sort  (cost=9941.82..10191.82 rows=100000 width=20) (actual time=26.910..30.172 rows=100000 loops=1)
         Sort Key: s_4.a, s_4.b, s_4.c, s_4.d, s_4.e
         Sort Method: quicksort  Memory: 10885kB
         ->  Seq Scan on s_4  (cost=0.00..1637.00 rows=100000 width=20) (actual time=0.007..5.620 rows=100000 loops=1)
 Planning time: 0.257 ms
 Execution time: 32.830 ms
(7 rows)

===== 145 [Wed Mar  7 02:05:46 CET 2018] scale:100000 groups:100 work_mem:64MB incremental:on max_workers:0 =====
SELECT * FROM s_1 ORDER BY a, b
                                                                QUERY PLAN                                                                
------------------------------------------------------------------------------------------------------------------------------------------
 Limit  (cost=10972.03..10972.03 rows=1 width=20) (actual time=39.745..39.745 rows=0 loops=1)
   ->  Incremental Sort  (cost=81.68..9972.03 rows=100000 width=20) (actual time=0.236..37.568 rows=100000 loops=1)
         Sort Key: s_1.a, s_1.b
         Presorted Key: s_1.a
         Sort Method: quicksort  Memory: 133kB
         Sort Groups: 101
         ->  Index Scan using s_1_a_idx on s_1  (cost=0.29..3244.29 rows=100000 width=20) (actual time=0.012..11.790 rows=100000 loops=1)
 Planning time: 0.262 ms
 Execution time: 39.785 ms
(9 rows)

===== 146 [Wed Mar  7 02:05:47 CET 2018] scale:100000 groups:100 work_mem:64MB incremental:on max_workers:0 =====
SELECT * FROM s_2 ORDER BY a, b, c
                                                                 QUERY PLAN                                                                 
--------------------------------------------------------------------------------------------------------------------------------------------
 Limit  (cost=8690.01..8690.01 rows=1 width=20) (actual time=36.861..36.861 rows=0 loops=1)
   ->  Incremental Sort  (cost=0.87..7690.01 rows=100000 width=20) (actual time=0.062..34.682 rows=100000 loops=1)
         Sort Key: s_2.a, s_2.b, s_2.c
         Presorted Key: s_2.a, s_2.b
         Sort Method: quicksort  Memory: 28kB
         Sort Groups: 2702
         ->  Index Scan using s_2_a_b_idx on s_2  (cost=0.29..4079.04 rows=100000 width=20) (actual time=0.015..11.571 rows=100000 loops=1)
 Planning time: 0.272 ms
 Execution time: 36.883 ms
(9 rows)

===== 147 [Wed Mar  7 02:05:47 CET 2018] scale:100000 groups:100 work_mem:64MB incremental:on max_workers:0 =====
SELECT * FROM s_3 ORDER BY a, b, c, d
                                                                  QUERY PLAN                                                                  
----------------------------------------------------------------------------------------------------------------------------------------------
 Limit  (cost=9138.13..9138.13 rows=1 width=20) (actual time=30.579..30.579 rows=0 loops=1)
   ->  Incremental Sort  (cost=1.04..8138.13 rows=100000 width=20) (actual time=0.063..28.406 rows=100000 loops=1)
         Sort Key: s_3.a, s_3.b, s_3.c, s_3.d
         Presorted Key: s_3.a, s_3.b, s_3.c
         Sort Method: quicksort  Memory: 27kB
         Sort Groups: 3121
         ->  Index Scan using s_3_a_b_c_idx on s_3  (cost=0.42..4527.17 rows=100000 width=20) (actual time=0.018..11.880 rows=100000 loops=1)
 Planning time: 0.278 ms
 Execution time: 30.600 ms
(9 rows)

===== 148 [Wed Mar  7 02:05:47 CET 2018] scale:100000 groups:100 work_mem:64MB incremental:on max_workers:0 =====
SELECT * FROM s_4 ORDER BY a, b, c, d, e
                                                                   QUERY PLAN                                                                   
------------------------------------------------------------------------------------------------------------------------------------------------
 Limit  (cost=9138.13..9138.13 rows=1 width=20) (actual time=27.131..27.131 rows=0 loops=1)
   ->  Incremental Sort  (cost=1.04..8138.13 rows=100000 width=20) (actual time=0.058..24.911 rows=100000 loops=1)
         Sort Key: s_4.a, s_4.b, s_4.c, s_4.d, s_4.e
         Presorted Key: s_4.a, s_4.b, s_4.c, s_4.d
         Sort Method: quicksort  Memory: 27kB
         Sort Groups: 3125
         ->  Index Scan using s_4_a_b_c_d_idx on s_4  (cost=0.42..4527.17 rows=100000 width=20) (actual time=0.012..11.858 rows=100000 loops=1)
 Planning time: 0.272 ms
 Execution time: 27.153 ms
(9 rows)

===== 149 [Wed Mar  7 02:05:47 CET 2018] scale:100000 groups:100 work_mem:64MB incremental:off max_workers:0 =====
SELECT * FROM s_1 ORDER BY a, b
                                                      QUERY PLAN                                                       
-----------------------------------------------------------------------------------------------------------------------
 Limit  (cost=11191.82..11191.82 rows=1 width=20) (actual time=41.684..41.684 rows=0 loops=1)
   ->  Sort  (cost=9941.82..10191.82 rows=100000 width=20) (actual time=33.952..39.512 rows=100000 loops=1)
         Sort Key: s_1.a, s_1.b
         Sort Method: quicksort  Memory: 10885kB
         ->  Seq Scan on s_1  (cost=0.00..1637.00 rows=100000 width=20) (actual time=0.007..5.598 rows=100000 loops=1)
 Planning time: 0.252 ms
 Execution time: 42.153 ms
(7 rows)

===== 150 [Wed Mar  7 02:05:48 CET 2018] scale:100000 groups:100 work_mem:64MB incremental:off max_workers:0 =====
SELECT * FROM s_2 ORDER BY a, b, c
                                                      QUERY PLAN                                                       
-----------------------------------------------------------------------------------------------------------------------
 Limit  (cost=11191.82..11191.82 rows=1 width=20) (actual time=46.767..46.767 rows=0 loops=1)
   ->  Sort  (cost=9941.82..10191.82 rows=100000 width=20) (actual time=40.612..44.583 rows=100000 loops=1)
         Sort Key: s_2.a, s_2.b, s_2.c
         Sort Method: quicksort  Memory: 10885kB
         ->  Seq Scan on s_2  (cost=0.00..1637.00 rows=100000 width=20) (actual time=0.010..5.573 rows=100000 loops=1)
 Planning time: 0.259 ms
 Execution time: 47.239 ms
(7 rows)

===== 151 [Wed Mar  7 02:05:48 CET 2018] scale:100000 groups:100 work_mem:64MB incremental:off max_workers:0 =====
SELECT * FROM s_3 ORDER BY a, b, c, d
                                                      QUERY PLAN                                                       
-----------------------------------------------------------------------------------------------------------------------
 Limit  (cost=11191.82..11191.82 rows=1 width=20) (actual time=41.324..41.324 rows=0 loops=1)
   ->  Sort  (cost=9941.82..10191.82 rows=100000 width=20) (actual time=35.838..39.147 rows=100000 loops=1)
         Sort Key: s_3.a, s_3.b, s_3.c, s_3.d
         Sort Method: quicksort  Memory: 10885kB
         ->  Seq Scan on s_3  (cost=0.00..1637.00 rows=100000 width=20) (actual time=0.010..5.614 rows=100000 loops=1)
 Planning time: 0.264 ms
 Execution time: 41.804 ms
(7 rows)

===== 152 [Wed Mar  7 02:05:48 CET 2018] scale:100000 groups:100 work_mem:64MB incremental:off max_workers:0 =====
SELECT * FROM s_4 ORDER BY a, b, c, d, e
                                                      QUERY PLAN                                                       
-----------------------------------------------------------------------------------------------------------------------
 Limit  (cost=11191.82..11191.82 rows=1 width=20) (actual time=32.356..32.356 rows=0 loops=1)
   ->  Sort  (cost=9941.82..10191.82 rows=100000 width=20) (actual time=26.912..30.170 rows=100000 loops=1)
         Sort Key: s_4.a, s_4.b, s_4.c, s_4.d, s_4.e
         Sort Method: quicksort  Memory: 10885kB
         ->  Seq Scan on s_4  (cost=0.00..1637.00 rows=100000 width=20) (actual time=0.007..5.612 rows=100000 loops=1)
 Planning time: 0.257 ms
 Execution time: 32.833 ms
(7 rows)

===== 153 [Wed Mar  7 02:05:48 CET 2018] scale:100000 groups:100 work_mem:128MB incremental:on max_workers:0 =====
SELECT * FROM s_1 ORDER BY a, b
                                                                QUERY PLAN                                                                
------------------------------------------------------------------------------------------------------------------------------------------
 Limit  (cost=10972.03..10972.03 rows=1 width=20) (actual time=38.962..38.962 rows=0 loops=1)
   ->  Incremental Sort  (cost=81.68..9972.03 rows=100000 width=20) (actual time=0.231..36.797 rows=100000 loops=1)
         Sort Key: s_1.a, s_1.b
         Presorted Key: s_1.a
         Sort Method: quicksort  Memory: 133kB
         Sort Groups: 101
         ->  Index Scan using s_1_a_idx on s_1  (cost=0.29..3244.29 rows=100000 width=20) (actual time=0.012..11.613 rows=100000 loops=1)
 Planning time: 0.264 ms
 Execution time: 38.998 ms
(9 rows)

===== 154 [Wed Mar  7 02:05:49 CET 2018] scale:100000 groups:100 work_mem:128MB incremental:on max_workers:0 =====
SELECT * FROM s_2 ORDER BY a, b, c
                                                                 QUERY PLAN                                                                 
--------------------------------------------------------------------------------------------------------------------------------------------
 Limit  (cost=8690.01..8690.01 rows=1 width=20) (actual time=37.042..37.042 rows=0 loops=1)
   ->  Incremental Sort  (cost=0.87..7690.01 rows=100000 width=20) (actual time=0.065..34.828 rows=100000 loops=1)
         Sort Key: s_2.a, s_2.b, s_2.c
         Presorted Key: s_2.a, s_2.b
         Sort Method: quicksort  Memory: 28kB
         Sort Groups: 2702
         ->  Index Scan using s_2_a_b_idx on s_2  (cost=0.29..4079.04 rows=100000 width=20) (actual time=0.015..11.615 rows=100000 loops=1)
 Planning time: 0.271 ms
 Execution time: 37.063 ms
(9 rows)

===== 155 [Wed Mar  7 02:05:49 CET 2018] scale:100000 groups:100 work_mem:128MB incremental:on max_workers:0 =====
SELECT * FROM s_3 ORDER BY a, b, c, d
                                                                  QUERY PLAN                                                                  
----------------------------------------------------------------------------------------------------------------------------------------------
 Limit  (cost=9138.13..9138.13 rows=1 width=20) (actual time=30.646..30.646 rows=0 loops=1)
   ->  Incremental Sort  (cost=1.04..8138.13 rows=100000 width=20) (actual time=0.061..28.444 rows=100000 loops=1)
         Sort Key: s_3.a, s_3.b, s_3.c, s_3.d
         Presorted Key: s_3.a, s_3.b, s_3.c
         Sort Method: quicksort  Memory: 27kB
         Sort Groups: 3121
         ->  Index Scan using s_3_a_b_c_idx on s_3  (cost=0.42..4527.17 rows=100000 width=20) (actual time=0.018..11.848 rows=100000 loops=1)
 Planning time: 0.278 ms
 Execution time: 30.667 ms
(9 rows)

===== 156 [Wed Mar  7 02:05:49 CET 2018] scale:100000 groups:100 work_mem:128MB incremental:on max_workers:0 =====
SELECT * FROM s_4 ORDER BY a, b, c, d, e
                                                                   QUERY PLAN                                                                   
------------------------------------------------------------------------------------------------------------------------------------------------
 Limit  (cost=9138.13..9138.13 rows=1 width=20) (actual time=26.887..26.887 rows=0 loops=1)
   ->  Incremental Sort  (cost=1.04..8138.13 rows=100000 width=20) (actual time=0.058..24.716 rows=100000 loops=1)
         Sort Key: s_4.a, s_4.b, s_4.c, s_4.d, s_4.e
         Presorted Key: s_4.a, s_4.b, s_4.c, s_4.d
         Sort Method: quicksort  Memory: 27kB
         Sort Groups: 3125
         ->  Index Scan using s_4_a_b_c_d_idx on s_4  (cost=0.42..4527.17 rows=100000 width=20) (actual time=0.011..11.840 rows=100000 loops=1)
 Planning time: 0.276 ms
 Execution time: 26.909 ms
(9 rows)

===== 157 [Wed Mar  7 02:05:49 CET 2018] scale:100000 groups:100 work_mem:128MB incremental:off max_workers:0 =====
SELECT * FROM s_1 ORDER BY a, b
                                                      QUERY PLAN                                                       
-----------------------------------------------------------------------------------------------------------------------
 Limit  (cost=11191.82..11191.82 rows=1 width=20) (actual time=41.637..41.637 rows=0 loops=1)
   ->  Sort  (cost=9941.82..10191.82 rows=100000 width=20) (actual time=33.928..39.463 rows=100000 loops=1)
         Sort Key: s_1.a, s_1.b
         Sort Method: quicksort  Memory: 10885kB
         ->  Seq Scan on s_1  (cost=0.00..1637.00 rows=100000 width=20) (actual time=0.007..5.592 rows=100000 loops=1)
 Planning time: 0.253 ms
 Execution time: 42.112 ms
(7 rows)

===== 158 [Wed Mar  7 02:05:50 CET 2018] scale:100000 groups:100 work_mem:128MB incremental:off max_workers:0 =====
SELECT * FROM s_2 ORDER BY a, b, c
                                                      QUERY PLAN                                                       
-----------------------------------------------------------------------------------------------------------------------
 Limit  (cost=11191.82..11191.82 rows=1 width=20) (actual time=46.785..46.785 rows=0 loops=1)
   ->  Sort  (cost=9941.82..10191.82 rows=100000 width=20) (actual time=40.627..44.612 rows=100000 loops=1)
         Sort Key: s_2.a, s_2.b, s_2.c
         Sort Method: quicksort  Memory: 10885kB
         ->  Seq Scan on s_2  (cost=0.00..1637.00 rows=100000 width=20) (actual time=0.010..5.589 rows=100000 loops=1)
 Planning time: 0.262 ms
 Execution time: 47.264 ms
(7 rows)

===== 159 [Wed Mar  7 02:05:50 CET 2018] scale:100000 groups:100 work_mem:128MB incremental:off max_workers:0 =====
SELECT * FROM s_3 ORDER BY a, b, c, d
                                                      QUERY PLAN                                                       
-----------------------------------------------------------------------------------------------------------------------
 Limit  (cost=11191.82..11191.82 rows=1 width=20) (actual time=41.296..41.296 rows=0 loops=1)
   ->  Sort  (cost=9941.82..10191.82 rows=100000 width=20) (actual time=35.810..39.130 rows=100000 loops=1)
         Sort Key: s_3.a, s_3.b, s_3.c, s_3.d
         Sort Method: quicksort  Memory: 10885kB
         ->  Seq Scan on s_3  (cost=0.00..1637.00 rows=100000 width=20) (actual time=0.010..5.615 rows=100000 loops=1)
 Planning time: 0.265 ms
 Execution time: 41.766 ms
(7 rows)

===== 160 [Wed Mar  7 02:05:50 CET 2018] scale:100000 groups:100 work_mem:128MB incremental:off max_workers:0 =====
SELECT * FROM s_4 ORDER BY a, b, c, d, e
                                                      QUERY PLAN                                                       
-----------------------------------------------------------------------------------------------------------------------
 Limit  (cost=11191.82..11191.82 rows=1 width=20) (actual time=32.343..32.343 rows=0 loops=1)
   ->  Sort  (cost=9941.82..10191.82 rows=100000 width=20) (actual time=26.893..30.153 rows=100000 loops=1)
         Sort Key: s_4.a, s_4.b, s_4.c, s_4.d, s_4.e
         Sort Method: quicksort  Memory: 10885kB
         ->  Seq Scan on s_4  (cost=0.00..1637.00 rows=100000 width=20) (actual time=0.007..5.613 rows=100000 loops=1)
 Planning time: 0.254 ms
 Execution time: 32.815 ms
(7 rows)

===== 161 [Wed Mar  7 02:05:50 CET 2018] scale:100000 groups:100 work_mem:256MB incremental:on max_workers:0 =====
SELECT * FROM s_1 ORDER BY a, b
                                                                QUERY PLAN                                                                
------------------------------------------------------------------------------------------------------------------------------------------
 Limit  (cost=10972.03..10972.03 rows=1 width=20) (actual time=39.763..39.763 rows=0 loops=1)
   ->  Incremental Sort  (cost=81.68..9972.03 rows=100000 width=20) (actual time=0.237..37.586 rows=100000 loops=1)
         Sort Key: s_1.a, s_1.b
         Presorted Key: s_1.a
         Sort Method: quicksort  Memory: 133kB
         Sort Groups: 101
         ->  Index Scan using s_1_a_idx on s_1  (cost=0.29..3244.29 rows=100000 width=20) (actual time=0.012..11.794 rows=100000 loops=1)
 Planning time: 0.277 ms
 Execution time: 39.803 ms
(9 rows)

===== 162 [Wed Mar  7 02:05:51 CET 2018] scale:100000 groups:100 work_mem:256MB incremental:on max_workers:0 =====
SELECT * FROM s_2 ORDER BY a, b, c
                                                                 QUERY PLAN                                                                 
--------------------------------------------------------------------------------------------------------------------------------------------
 Limit  (cost=8690.01..8690.01 rows=1 width=20) (actual time=36.867..36.867 rows=0 loops=1)
   ->  Incremental Sort  (cost=0.87..7690.01 rows=100000 width=20) (actual time=0.062..34.681 rows=100000 loops=1)
         Sort Key: s_2.a, s_2.b, s_2.c
         Presorted Key: s_2.a, s_2.b
         Sort Method: quicksort  Memory: 28kB
         Sort Groups: 2702
         ->  Index Scan using s_2_a_b_idx on s_2  (cost=0.29..4079.04 rows=100000 width=20) (actual time=0.015..11.553 rows=100000 loops=1)
 Planning time: 0.280 ms
 Execution time: 36.888 ms
(9 rows)

===== 163 [Wed Mar  7 02:05:51 CET 2018] scale:100000 groups:100 work_mem:256MB incremental:on max_workers:0 =====
SELECT * FROM s_3 ORDER BY a, b, c, d
                                                                  QUERY PLAN                                                                  
----------------------------------------------------------------------------------------------------------------------------------------------
 Limit  (cost=9138.13..9138.13 rows=1 width=20) (actual time=30.571..30.571 rows=0 loops=1)
   ->  Incremental Sort  (cost=1.04..8138.13 rows=100000 width=20) (actual time=0.062..28.393 rows=100000 loops=1)
         Sort Key: s_3.a, s_3.b, s_3.c, s_3.d
         Presorted Key: s_3.a, s_3.b, s_3.c
         Sort Method: quicksort  Memory: 27kB
         Sort Groups: 3121
         ->  Index Scan using s_3_a_b_c_idx on s_3  (cost=0.42..4527.17 rows=100000 width=20) (actual time=0.018..11.894 rows=100000 loops=1)
 Planning time: 0.285 ms
 Execution time: 30.593 ms
(9 rows)

===== 164 [Wed Mar  7 02:05:51 CET 2018] scale:100000 groups:100 work_mem:256MB incremental:on max_workers:0 =====
SELECT * FROM s_4 ORDER BY a, b, c, d, e
                                                                   QUERY PLAN                                                                   
------------------------------------------------------------------------------------------------------------------------------------------------
 Limit  (cost=9138.13..9138.13 rows=1 width=20) (actual time=27.114..27.114 rows=0 loops=1)
   ->  Incremental Sort  (cost=1.04..8138.13 rows=100000 width=20) (actual time=0.056..24.909 rows=100000 loops=1)
         Sort Key: s_4.a, s_4.b, s_4.c, s_4.d, s_4.e
         Presorted Key: s_4.a, s_4.b, s_4.c, s_4.d
         Sort Method: quicksort  Memory: 27kB
         Sort Groups: 3125
         ->  Index Scan using s_4_a_b_c_d_idx on s_4  (cost=0.42..4527.17 rows=100000 width=20) (actual time=0.012..11.841 rows=100000 loops=1)
 Planning time: 0.271 ms
 Execution time: 27.135 ms
(9 rows)

===== 165 [Wed Mar  7 02:05:51 CET 2018] scale:100000 groups:100 work_mem:256MB incremental:off max_workers:0 =====
SELECT * FROM s_1 ORDER BY a, b
                                                      QUERY PLAN                                                       
-----------------------------------------------------------------------------------------------------------------------
 Limit  (cost=11191.82..11191.82 rows=1 width=20) (actual time=41.652..41.652 rows=0 loops=1)
   ->  Sort  (cost=9941.82..10191.82 rows=100000 width=20) (actual time=33.914..39.480 rows=100000 loops=1)
         Sort Key: s_1.a, s_1.b
         Sort Method: quicksort  Memory: 10885kB
         ->  Seq Scan on s_1  (cost=0.00..1637.00 rows=100000 width=20) (actual time=0.007..5.604 rows=100000 loops=1)
 Planning time: 0.252 ms
 Execution time: 42.120 ms
(7 rows)

===== 166 [Wed Mar  7 02:05:52 CET 2018] scale:100000 groups:100 work_mem:256MB incremental:off max_workers:0 =====
SELECT * FROM s_2 ORDER BY a, b, c
                                                      QUERY PLAN                                                       
-----------------------------------------------------------------------------------------------------------------------
 Limit  (cost=11191.82..11191.82 rows=1 width=20) (actual time=46.780..46.780 rows=0 loops=1)
   ->  Sort  (cost=9941.82..10191.82 rows=100000 width=20) (actual time=40.614..44.597 rows=100000 loops=1)
         Sort Key: s_2.a, s_2.b, s_2.c
         Sort Method: quicksort  Memory: 10885kB
         ->  Seq Scan on s_2  (cost=0.00..1637.00 rows=100000 width=20) (actual time=0.010..5.590 rows=100000 loops=1)
 Planning time: 0.261 ms
 Execution time: 47.252 ms
(7 rows)

===== 167 [Wed Mar  7 02:05:52 CET 2018] scale:100000 groups:100 work_mem:256MB incremental:off max_workers:0 =====
SELECT * FROM s_3 ORDER BY a, b, c, d
                                                      QUERY PLAN                                                       
-----------------------------------------------------------------------------------------------------------------------
 Limit  (cost=11191.82..11191.82 rows=1 width=20) (actual time=41.316..41.316 rows=0 loops=1)
   ->  Sort  (cost=9941.82..10191.82 rows=100000 width=20) (actual time=35.825..39.138 rows=100000 loops=1)
         Sort Key: s_3.a, s_3.b, s_3.c, s_3.d
         Sort Method: quicksort  Memory: 10885kB
         ->  Seq Scan on s_3  (cost=0.00..1637.00 rows=100000 width=20) (actual time=0.010..5.613 rows=100000 loops=1)
 Planning time: 0.261 ms
 Execution time: 41.791 ms
(7 rows)

===== 168 [Wed Mar  7 02:05:52 CET 2018] scale:100000 groups:100 work_mem:256MB incremental:off max_workers:0 =====
SELECT * FROM s_4 ORDER BY a, b, c, d, e
                                                      QUERY PLAN                                                       
-----------------------------------------------------------------------------------------------------------------------
 Limit  (cost=11191.82..11191.82 rows=1 width=20) (actual time=32.353..32.353 rows=0 loops=1)
   ->  Sort  (cost=9941.82..10191.82 rows=100000 width=20) (actual time=26.905..30.166 rows=100000 loops=1)
         Sort Key: s_4.a, s_4.b, s_4.c, s_4.d, s_4.e
         Sort Method: quicksort  Memory: 10885kB
         ->  Seq Scan on s_4  (cost=0.00..1637.00 rows=100000 width=20) (actual time=0.006..5.622 rows=100000 loops=1)
 Planning time: 0.256 ms
 Execution time: 32.830 ms
(7 rows)

===== 169 [Wed Mar  7 02:05:53 CET 2018] scale:100000 groups:100 work_mem:4MB incremental:on max_workers:2 =====
SELECT * FROM s_1 ORDER BY a, b
                                                                QUERY PLAN                                                                
------------------------------------------------------------------------------------------------------------------------------------------
 Limit  (cost=10972.03..10972.03 rows=1 width=20) (actual time=39.740..39.740 rows=0 loops=1)
   ->  Incremental Sort  (cost=81.68..9972.03 rows=100000 width=20) (actual time=0.236..37.565 rows=100000 loops=1)
         Sort Key: s_1.a, s_1.b
         Presorted Key: s_1.a
         Sort Method: quicksort  Memory: 133kB
         Sort Groups: 101
         ->  Index Scan using s_1_a_idx on s_1  (cost=0.29..3244.29 rows=100000 width=20) (actual time=0.012..11.778 rows=100000 loops=1)
 Planning time: 0.267 ms
 Execution time: 39.789 ms
(9 rows)

===== 170 [Wed Mar  7 02:05:53 CET 2018] scale:100000 groups:100 work_mem:4MB incremental:on max_workers:2 =====
SELECT * FROM s_2 ORDER BY a, b, c
                                                                 QUERY PLAN                                                                 
--------------------------------------------------------------------------------------------------------------------------------------------
 Limit  (cost=8690.01..8690.01 rows=1 width=20) (actual time=36.885..36.885 rows=0 loops=1)
   ->  Incremental Sort  (cost=0.87..7690.01 rows=100000 width=20) (actual time=0.064..34.699 rows=100000 loops=1)
         Sort Key: s_2.a, s_2.b, s_2.c
         Presorted Key: s_2.a, s_2.b
         Sort Method: quicksort  Memory: 28kB
         Sort Groups: 2702
         ->  Index Scan using s_2_a_b_idx on s_2  (cost=0.29..4079.04 rows=100000 width=20) (actual time=0.015..11.549 rows=100000 loops=1)
 Planning time: 0.283 ms
 Execution time: 36.906 ms
(9 rows)

===== 171 [Wed Mar  7 02:05:53 CET 2018] scale:100000 groups:100 work_mem:4MB incremental:on max_workers:2 =====
SELECT * FROM s_3 ORDER BY a, b, c, d
                                                                  QUERY PLAN                                                                  
----------------------------------------------------------------------------------------------------------------------------------------------
 Limit  (cost=9138.13..9138.13 rows=1 width=20) (actual time=30.564..30.564 rows=0 loops=1)
   ->  Incremental Sort  (cost=1.04..8138.13 rows=100000 width=20) (actual time=0.061..28.381 rows=100000 loops=1)
         Sort Key: s_3.a, s_3.b, s_3.c, s_3.d
         Presorted Key: s_3.a, s_3.b, s_3.c
         Sort Method: quicksort  Memory: 27kB
         Sort Groups: 3121
         ->  Index Scan using s_3_a_b_c_idx on s_3  (cost=0.42..4527.17 rows=100000 width=20) (actual time=0.017..11.889 rows=100000 loops=1)
 Planning time: 0.281 ms
 Execution time: 30.586 ms
(9 rows)

===== 172 [Wed Mar  7 02:05:53 CET 2018] scale:100000 groups:100 work_mem:4MB incremental:on max_workers:2 =====
SELECT * FROM s_4 ORDER BY a, b, c, d, e
                                                                   QUERY PLAN                                                                   
------------------------------------------------------------------------------------------------------------------------------------------------
 Limit  (cost=9138.13..9138.13 rows=1 width=20) (actual time=27.104..27.104 rows=0 loops=1)
   ->  Incremental Sort  (cost=1.04..8138.13 rows=100000 width=20) (actual time=0.056..24.903 rows=100000 loops=1)
         Sort Key: s_4.a, s_4.b, s_4.c, s_4.d, s_4.e
         Presorted Key: s_4.a, s_4.b, s_4.c, s_4.d
         Sort Method: quicksort  Memory: 27kB
         Sort Groups: 3125
         ->  Index Scan using s_4_a_b_c_d_idx on s_4  (cost=0.42..4527.17 rows=100000 width=20) (actual time=0.012..11.842 rows=100000 loops=1)
 Planning time: 0.275 ms
 Execution time: 27.126 ms
(9 rows)

===== 173 [Wed Mar  7 02:05:53 CET 2018] scale:100000 groups:100 work_mem:4MB incremental:off max_workers:2 =====
SELECT * FROM s_1 ORDER BY a, b
                                                      QUERY PLAN                                                       
-----------------------------------------------------------------------------------------------------------------------
 Limit  (cost=13242.82..13242.82 rows=1 width=20) (actual time=47.326..47.326 rows=0 loops=1)
   ->  Sort  (cost=11992.82..12242.82 rows=100000 width=20) (actual time=37.930..45.143 rows=100000 loops=1)
         Sort Key: s_1.a, s_1.b
         Sort Method: external merge  Disk: 2936kB
         ->  Seq Scan on s_1  (cost=0.00..1637.00 rows=100000 width=20) (actual time=0.007..5.489 rows=100000 loops=1)
 Planning time: 0.260 ms
 Execution time: 47.902 ms
(7 rows)

===== 174 [Wed Mar  7 02:05:54 CET 2018] scale:100000 groups:100 work_mem:4MB incremental:off max_workers:2 =====
SELECT * FROM s_2 ORDER BY a, b, c
                                                      QUERY PLAN                                                       
-----------------------------------------------------------------------------------------------------------------------
 Limit  (cost=13242.82..13242.82 rows=1 width=20) (actual time=53.715..53.715 rows=0 loops=1)
   ->  Sort  (cost=11992.82..12242.82 rows=100000 width=20) (actual time=44.329..51.532 rows=100000 loops=1)
         Sort Key: s_2.a, s_2.b, s_2.c
         Sort Method: external merge  Disk: 2936kB
         ->  Seq Scan on s_2  (cost=0.00..1637.00 rows=100000 width=20) (actual time=0.010..5.480 rows=100000 loops=1)
 Planning time: 0.261 ms
 Execution time: 54.278 ms
(7 rows)

===== 175 [Wed Mar  7 02:05:54 CET 2018] scale:100000 groups:100 work_mem:4MB incremental:off max_workers:2 =====
SELECT * FROM s_3 ORDER BY a, b, c, d
                                                      QUERY PLAN                                                       
-----------------------------------------------------------------------------------------------------------------------
 Limit  (cost=13242.82..13242.82 rows=1 width=20) (actual time=48.856..48.856 rows=0 loops=1)
   ->  Sort  (cost=11992.82..12242.82 rows=100000 width=20) (actual time=39.448..46.671 rows=100000 loops=1)
         Sort Key: s_3.a, s_3.b, s_3.c, s_3.d
         Sort Method: external merge  Disk: 2936kB
         ->  Seq Scan on s_3  (cost=0.00..1637.00 rows=100000 width=20) (actual time=0.010..5.505 rows=100000 loops=1)
 Planning time: 0.267 ms
 Execution time: 49.430 ms
(7 rows)

===== 176 [Wed Mar  7 02:05:54 CET 2018] scale:100000 groups:100 work_mem:4MB incremental:off max_workers:2 =====
SELECT * FROM s_4 ORDER BY a, b, c, d, e
                                                      QUERY PLAN                                                       
-----------------------------------------------------------------------------------------------------------------------
 Limit  (cost=13242.82..13242.82 rows=1 width=20) (actual time=39.591..39.591 rows=0 loops=1)
   ->  Sort  (cost=11992.82..12242.82 rows=100000 width=20) (actual time=30.133..37.413 rows=100000 loops=1)
         Sort Key: s_4.a, s_4.b, s_4.c, s_4.d, s_4.e
         Sort Method: external merge  Disk: 2936kB
         ->  Seq Scan on s_4  (cost=0.00..1637.00 rows=100000 width=20) (actual time=0.007..5.513 rows=100000 loops=1)
 Planning time: 0.257 ms
 Execution time: 40.156 ms
(7 rows)

===== 177 [Wed Mar  7 02:05:55 CET 2018] scale:100000 groups:100 work_mem:8MB incremental:on max_workers:2 =====
SELECT * FROM s_1 ORDER BY a, b
                                                                QUERY PLAN                                                                
------------------------------------------------------------------------------------------------------------------------------------------
 Limit  (cost=10972.03..10972.03 rows=1 width=20) (actual time=39.750..39.750 rows=0 loops=1)
   ->  Incremental Sort  (cost=81.68..9972.03 rows=100000 width=20) (actual time=0.237..37.576 rows=100000 loops=1)
         Sort Key: s_1.a, s_1.b
         Presorted Key: s_1.a
         Sort Method: quicksort  Memory: 133kB
         Sort Groups: 101
         ->  Index Scan using s_1_a_idx on s_1  (cost=0.29..3244.29 rows=100000 width=20) (actual time=0.011..11.775 rows=100000 loops=1)
 Planning time: 0.283 ms
 Execution time: 39.791 ms
(9 rows)

===== 178 [Wed Mar  7 02:05:55 CET 2018] scale:100000 groups:100 work_mem:8MB incremental:on max_workers:2 =====
SELECT * FROM s_2 ORDER BY a, b, c
                                                                 QUERY PLAN                                                                 
--------------------------------------------------------------------------------------------------------------------------------------------
 Limit  (cost=8690.01..8690.01 rows=1 width=20) (actual time=36.858..36.858 rows=0 loops=1)
   ->  Incremental Sort  (cost=0.87..7690.01 rows=100000 width=20) (actual time=0.064..34.672 rows=100000 loops=1)
         Sort Key: s_2.a, s_2.b, s_2.c
         Presorted Key: s_2.a, s_2.b
         Sort Method: quicksort  Memory: 28kB
         Sort Groups: 2702
         ->  Index Scan using s_2_a_b_idx on s_2  (cost=0.29..4079.04 rows=100000 width=20) (actual time=0.015..11.561 rows=100000 loops=1)
 Planning time: 0.285 ms
 Execution time: 36.880 ms
(9 rows)

===== 179 [Wed Mar  7 02:05:55 CET 2018] scale:100000 groups:100 work_mem:8MB incremental:on max_workers:2 =====
SELECT * FROM s_3 ORDER BY a, b, c, d
                                                                  QUERY PLAN                                                                  
----------------------------------------------------------------------------------------------------------------------------------------------
 Limit  (cost=9138.13..9138.13 rows=1 width=20) (actual time=30.587..30.587 rows=0 loops=1)
   ->  Incremental Sort  (cost=1.04..8138.13 rows=100000 width=20) (actual time=0.062..28.415 rows=100000 loops=1)
         Sort Key: s_3.a, s_3.b, s_3.c, s_3.d
         Presorted Key: s_3.a, s_3.b, s_3.c
         Sort Method: quicksort  Memory: 27kB
         Sort Groups: 3121
         ->  Index Scan using s_3_a_b_c_idx on s_3  (cost=0.42..4527.17 rows=100000 width=20) (actual time=0.018..11.891 rows=100000 loops=1)
 Planning time: 0.284 ms
 Execution time: 30.609 ms
(9 rows)

===== 180 [Wed Mar  7 02:05:55 CET 2018] scale:100000 groups:100 work_mem:8MB incremental:on max_workers:2 =====
SELECT * FROM s_4 ORDER BY a, b, c, d, e
                                                                   QUERY PLAN                                                                   
------------------------------------------------------------------------------------------------------------------------------------------------
 Limit  (cost=9138.13..9138.13 rows=1 width=20) (actual time=27.100..27.100 rows=0 loops=1)
   ->  Incremental Sort  (cost=1.04..8138.13 rows=100000 width=20) (actual time=0.057..24.895 rows=100000 loops=1)
         Sort Key: s_4.a, s_4.b, s_4.c, s_4.d, s_4.e
         Presorted Key: s_4.a, s_4.b, s_4.c, s_4.d
         Sort Method: quicksort  Memory: 27kB
         Sort Groups: 3125
         ->  Index Scan using s_4_a_b_c_d_idx on s_4  (cost=0.42..4527.17 rows=100000 width=20) (actual time=0.011..11.830 rows=100000 loops=1)
 Planning time: 0.286 ms
 Execution time: 27.121 ms
(9 rows)

===== 181 [Wed Mar  7 02:05:56 CET 2018] scale:100000 groups:100 work_mem:8MB incremental:off max_workers:2 =====
SELECT * FROM s_1 ORDER BY a, b
                                                      QUERY PLAN                                                       
-----------------------------------------------------------------------------------------------------------------------
 Limit  (cost=11191.82..11191.82 rows=1 width=20) (actual time=50.183..50.183 rows=0 loops=1)
   ->  Sort  (cost=9941.82..10191.82 rows=100000 width=20) (actual time=40.880..47.996 rows=100000 loops=1)
         Sort Key: s_1.a, s_1.b
         Sort Method: external merge  Disk: 2936kB
         ->  Seq Scan on s_1  (cost=0.00..1637.00 rows=100000 width=20) (actual time=0.007..5.591 rows=100000 loops=1)
 Planning time: 0.264 ms
 Execution time: 50.571 ms
(7 rows)

===== 182 [Wed Mar  7 02:05:56 CET 2018] scale:100000 groups:100 work_mem:8MB incremental:off max_workers:2 =====
SELECT * FROM s_2 ORDER BY a, b, c
                                                      QUERY PLAN                                                       
-----------------------------------------------------------------------------------------------------------------------
 Limit  (cost=11191.82..11191.82 rows=1 width=20) (actual time=55.814..55.814 rows=0 loops=1)
   ->  Sort  (cost=9941.82..10191.82 rows=100000 width=20) (actual time=46.552..53.626 rows=100000 loops=1)
         Sort Key: s_2.a, s_2.b, s_2.c
         Sort Method: external merge  Disk: 2936kB
         ->  Seq Scan on s_2  (cost=0.00..1637.00 rows=100000 width=20) (actual time=0.010..5.581 rows=100000 loops=1)
 Planning time: 0.272 ms
 Execution time: 56.220 ms
(7 rows)

===== 183 [Wed Mar  7 02:05:56 CET 2018] scale:100000 groups:100 work_mem:8MB incremental:off max_workers:2 =====
SELECT * FROM s_3 ORDER BY a, b, c, d
                                                      QUERY PLAN                                                       
-----------------------------------------------------------------------------------------------------------------------
 Limit  (cost=11191.82..11191.82 rows=1 width=20) (actual time=50.968..50.968 rows=0 loops=1)
   ->  Sort  (cost=9941.82..10191.82 rows=100000 width=20) (actual time=41.635..48.777 rows=100000 loops=1)
         Sort Key: s_3.a, s_3.b, s_3.c, s_3.d
         Sort Method: external merge  Disk: 2936kB
         ->  Seq Scan on s_3  (cost=0.00..1637.00 rows=100000 width=20) (actual time=0.010..5.612 rows=100000 loops=1)
 Planning time: 0.285 ms
 Execution time: 51.384 ms
(7 rows)

===== 184 [Wed Mar  7 02:05:57 CET 2018] scale:100000 groups:100 work_mem:8MB incremental:off max_workers:2 =====
SELECT * FROM s_4 ORDER BY a, b, c, d, e
                                                      QUERY PLAN                                                       
-----------------------------------------------------------------------------------------------------------------------
 Limit  (cost=11191.82..11191.82 rows=1 width=20) (actual time=41.552..41.552 rows=0 loops=1)
   ->  Sort  (cost=9941.82..10191.82 rows=100000 width=20) (actual time=32.223..39.361 rows=100000 loops=1)
         Sort Key: s_4.a, s_4.b, s_4.c, s_4.d, s_4.e
         Sort Method: external merge  Disk: 2936kB
         ->  Seq Scan on s_4  (cost=0.00..1637.00 rows=100000 width=20) (actual time=0.007..5.606 rows=100000 loops=1)
 Planning time: 0.272 ms
 Execution time: 41.943 ms
(7 rows)

===== 185 [Wed Mar  7 02:05:57 CET 2018] scale:100000 groups:100 work_mem:16MB incremental:on max_workers:2 =====
SELECT * FROM s_1 ORDER BY a, b
                                                                QUERY PLAN                                                                
------------------------------------------------------------------------------------------------------------------------------------------
 Limit  (cost=10972.03..10972.03 rows=1 width=20) (actual time=39.761..39.761 rows=0 loops=1)
   ->  Incremental Sort  (cost=81.68..9972.03 rows=100000 width=20) (actual time=0.248..37.583 rows=100000 loops=1)
         Sort Key: s_1.a, s_1.b
         Presorted Key: s_1.a
         Sort Method: quicksort  Memory: 133kB
         Sort Groups: 101
         ->  Index Scan using s_1_a_idx on s_1  (cost=0.29..3244.29 rows=100000 width=20) (actual time=0.012..11.799 rows=100000 loops=1)
 Planning time: 0.270 ms
 Execution time: 39.801 ms
(9 rows)

===== 186 [Wed Mar  7 02:05:57 CET 2018] scale:100000 groups:100 work_mem:16MB incremental:on max_workers:2 =====
SELECT * FROM s_2 ORDER BY a, b, c
                                                                 QUERY PLAN                                                                 
--------------------------------------------------------------------------------------------------------------------------------------------
 Limit  (cost=8690.01..8690.01 rows=1 width=20) (actual time=36.866..36.866 rows=0 loops=1)
   ->  Incremental Sort  (cost=0.87..7690.01 rows=100000 width=20) (actual time=0.065..34.684 rows=100000 loops=1)
         Sort Key: s_2.a, s_2.b, s_2.c
         Presorted Key: s_2.a, s_2.b
         Sort Method: quicksort  Memory: 28kB
         Sort Groups: 2702
         ->  Index Scan using s_2_a_b_idx on s_2  (cost=0.29..4079.04 rows=100000 width=20) (actual time=0.015..11.554 rows=100000 loops=1)
 Planning time: 0.290 ms
 Execution time: 36.888 ms
(9 rows)

===== 187 [Wed Mar  7 02:05:57 CET 2018] scale:100000 groups:100 work_mem:16MB incremental:on max_workers:2 =====
SELECT * FROM s_3 ORDER BY a, b, c, d
                                                                  QUERY PLAN                                                                  
----------------------------------------------------------------------------------------------------------------------------------------------
 Limit  (cost=9138.13..9138.13 rows=1 width=20) (actual time=30.582..30.582 rows=0 loops=1)
   ->  Incremental Sort  (cost=1.04..8138.13 rows=100000 width=20) (actual time=0.062..28.398 rows=100000 loops=1)
         Sort Key: s_3.a, s_3.b, s_3.c, s_3.d
         Presorted Key: s_3.a, s_3.b, s_3.c
         Sort Method: quicksort  Memory: 27kB
         Sort Groups: 3121
         ->  Index Scan using s_3_a_b_c_idx on s_3  (cost=0.42..4527.17 rows=100000 width=20) (actual time=0.018..11.893 rows=100000 loops=1)
 Planning time: 0.280 ms
 Execution time: 30.603 ms
(9 rows)

===== 188 [Wed Mar  7 02:05:58 CET 2018] scale:100000 groups:100 work_mem:16MB incremental:on max_workers:2 =====
SELECT * FROM s_4 ORDER BY a, b, c, d, e
                                                                   QUERY PLAN                                                                   
------------------------------------------------------------------------------------------------------------------------------------------------
 Limit  (cost=9138.13..9138.13 rows=1 width=20) (actual time=27.120..27.120 rows=0 loops=1)
   ->  Incremental Sort  (cost=1.04..8138.13 rows=100000 width=20) (actual time=0.055..24.916 rows=100000 loops=1)
         Sort Key: s_4.a, s_4.b, s_4.c, s_4.d, s_4.e
         Presorted Key: s_4.a, s_4.b, s_4.c, s_4.d
         Sort Method: quicksort  Memory: 27kB
         Sort Groups: 3125
         ->  Index Scan using s_4_a_b_c_d_idx on s_4  (cost=0.42..4527.17 rows=100000 width=20) (actual time=0.011..11.846 rows=100000 loops=1)
 Planning time: 0.272 ms
 Execution time: 27.146 ms
(9 rows)

===== 189 [Wed Mar  7 02:05:58 CET 2018] scale:100000 groups:100 work_mem:16MB incremental:off max_workers:2 =====
SELECT * FROM s_1 ORDER BY a, b
                                                      QUERY PLAN                                                       
-----------------------------------------------------------------------------------------------------------------------
 Limit  (cost=11191.82..11191.82 rows=1 width=20) (actual time=41.680..41.680 rows=0 loops=1)
   ->  Sort  (cost=9941.82..10191.82 rows=100000 width=20) (actual time=33.981..39.500 rows=100000 loops=1)
         Sort Key: s_1.a, s_1.b
         Sort Method: quicksort  Memory: 10885kB
         ->  Seq Scan on s_1  (cost=0.00..1637.00 rows=100000 width=20) (actual time=0.019..5.614 rows=100000 loops=1)
 Planning time: 0.255 ms
 Execution time: 42.156 ms
(7 rows)

===== 190 [Wed Mar  7 02:05:58 CET 2018] scale:100000 groups:100 work_mem:16MB incremental:off max_workers:2 =====
SELECT * FROM s_2 ORDER BY a, b, c
                                                      QUERY PLAN                                                       
-----------------------------------------------------------------------------------------------------------------------
 Limit  (cost=11191.82..11191.82 rows=1 width=20) (actual time=46.804..46.804 rows=0 loops=1)
   ->  Sort  (cost=9941.82..10191.82 rows=100000 width=20) (actual time=40.630..44.625 rows=100000 loops=1)
         Sort Key: s_2.a, s_2.b, s_2.c
         Sort Method: quicksort  Memory: 10885kB
         ->  Seq Scan on s_2  (cost=0.00..1637.00 rows=100000 width=20) (actual time=0.010..5.578 rows=100000 loops=1)
 Planning time: 0.262 ms
 Execution time: 47.282 ms
(7 rows)

===== 191 [Wed Mar  7 02:05:58 CET 2018] scale:100000 groups:100 work_mem:16MB incremental:off max_workers:2 =====
SELECT * FROM s_3 ORDER BY a, b, c, d
                                                      QUERY PLAN                                                       
-----------------------------------------------------------------------------------------------------------------------
 Limit  (cost=11191.82..11191.82 rows=1 width=20) (actual time=41.304..41.304 rows=0 loops=1)
   ->  Sort  (cost=9941.82..10191.82 rows=100000 width=20) (actual time=35.817..39.128 rows=100000 loops=1)
         Sort Key: s_3.a, s_3.b, s_3.c, s_3.d
         Sort Method: quicksort  Memory: 10885kB
         ->  Seq Scan on s_3  (cost=0.00..1637.00 rows=100000 width=20) (actual time=0.010..5.620 rows=100000 loops=1)
 Planning time: 0.272 ms
 Execution time: 41.784 ms
(7 rows)

===== 192 [Wed Mar  7 02:05:59 CET 2018] scale:100000 groups:100 work_mem:16MB incremental:off max_workers:2 =====
SELECT * FROM s_4 ORDER BY a, b, c, d, e
                                                      QUERY PLAN                                                       
-----------------------------------------------------------------------------------------------------------------------
 Limit  (cost=11191.82..11191.82 rows=1 width=20) (actual time=32.319..32.319 rows=0 loops=1)
   ->  Sort  (cost=9941.82..10191.82 rows=100000 width=20) (actual time=26.876..30.136 rows=100000 loops=1)
         Sort Key: s_4.a, s_4.b, s_4.c, s_4.d, s_4.e
         Sort Method: quicksort  Memory: 10885kB
         ->  Seq Scan on s_4  (cost=0.00..1637.00 rows=100000 width=20) (actual time=0.007..5.616 rows=100000 loops=1)
 Planning time: 0.265 ms
 Execution time: 32.788 ms
(7 rows)

===== 193 [Wed Mar  7 02:05:59 CET 2018] scale:100000 groups:100 work_mem:32MB incremental:on max_workers:2 =====
SELECT * FROM s_1 ORDER BY a, b
                                                                QUERY PLAN                                                                
------------------------------------------------------------------------------------------------------------------------------------------
 Limit  (cost=10972.03..10972.03 rows=1 width=20) (actual time=39.788..39.788 rows=0 loops=1)
   ->  Incremental Sort  (cost=81.68..9972.03 rows=100000 width=20) (actual time=0.244..37.613 rows=100000 loops=1)
         Sort Key: s_1.a, s_1.b
         Presorted Key: s_1.a
         Sort Method: quicksort  Memory: 133kB
         Sort Groups: 101
         ->  Index Scan using s_1_a_idx on s_1  (cost=0.29..3244.29 rows=100000 width=20) (actual time=0.012..11.801 rows=100000 loops=1)
 Planning time: 0.265 ms
 Execution time: 39.827 ms
(9 rows)

===== 194 [Wed Mar  7 02:05:59 CET 2018] scale:100000 groups:100 work_mem:32MB incremental:on max_workers:2 =====
SELECT * FROM s_2 ORDER BY a, b, c
                                                                 QUERY PLAN                                                                 
--------------------------------------------------------------------------------------------------------------------------------------------
 Limit  (cost=8690.01..8690.01 rows=1 width=20) (actual time=36.862..36.862 rows=0 loops=1)
   ->  Incremental Sort  (cost=0.87..7690.01 rows=100000 width=20) (actual time=0.063..34.680 rows=100000 loops=1)
         Sort Key: s_2.a, s_2.b, s_2.c
         Presorted Key: s_2.a, s_2.b
         Sort Method: quicksort  Memory: 28kB
         Sort Groups: 2702
         ->  Index Scan using s_2_a_b_idx on s_2  (cost=0.29..4079.04 rows=100000 width=20) (actual time=0.015..11.546 rows=100000 loops=1)
 Planning time: 0.277 ms
 Execution time: 36.890 ms
(9 rows)

===== 195 [Wed Mar  7 02:06:00 CET 2018] scale:100000 groups:100 work_mem:32MB incremental:on max_workers:2 =====
SELECT * FROM s_3 ORDER BY a, b, c, d
                                                                  QUERY PLAN                                                                  
----------------------------------------------------------------------------------------------------------------------------------------------
 Limit  (cost=9138.13..9138.13 rows=1 width=20) (actual time=30.557..30.557 rows=0 loops=1)
   ->  Incremental Sort  (cost=1.04..8138.13 rows=100000 width=20) (actual time=0.062..28.381 rows=100000 loops=1)
         Sort Key: s_3.a, s_3.b, s_3.c, s_3.d
         Presorted Key: s_3.a, s_3.b, s_3.c
         Sort Method: quicksort  Memory: 27kB
         Sort Groups: 3121
         ->  Index Scan using s_3_a_b_c_idx on s_3  (cost=0.42..4527.17 rows=100000 width=20) (actual time=0.017..11.907 rows=100000 loops=1)
 Planning time: 0.281 ms
 Execution time: 30.578 ms
(9 rows)

===== 196 [Wed Mar  7 02:06:00 CET 2018] scale:100000 groups:100 work_mem:32MB incremental:on max_workers:2 =====
SELECT * FROM s_4 ORDER BY a, b, c, d, e
                                                                   QUERY PLAN                                                                   
------------------------------------------------------------------------------------------------------------------------------------------------
 Limit  (cost=9138.13..9138.13 rows=1 width=20) (actual time=27.120..27.120 rows=0 loops=1)
   ->  Incremental Sort  (cost=1.04..8138.13 rows=100000 width=20) (actual time=0.057..24.915 rows=100000 loops=1)
         Sort Key: s_4.a, s_4.b, s_4.c, s_4.d, s_4.e
         Presorted Key: s_4.a, s_4.b, s_4.c, s_4.d
         Sort Method: quicksort  Memory: 27kB
         Sort Groups: 3125
         ->  Index Scan using s_4_a_b_c_d_idx on s_4  (cost=0.42..4527.17 rows=100000 width=20) (actual time=0.012..11.854 rows=100000 loops=1)
 Planning time: 0.274 ms
 Execution time: 27.141 ms
(9 rows)

===== 197 [Wed Mar  7 02:06:00 CET 2018] scale:100000 groups:100 work_mem:32MB incremental:off max_workers:2 =====
SELECT * FROM s_1 ORDER BY a, b
                                                      QUERY PLAN                                                       
-----------------------------------------------------------------------------------------------------------------------
 Limit  (cost=11191.82..11191.82 rows=1 width=20) (actual time=41.698..41.698 rows=0 loops=1)
   ->  Sort  (cost=9941.82..10191.82 rows=100000 width=20) (actual time=33.949..39.528 rows=100000 loops=1)
         Sort Key: s_1.a, s_1.b
         Sort Method: quicksort  Memory: 10885kB
         ->  Seq Scan on s_1  (cost=0.00..1637.00 rows=100000 width=20) (actual time=0.007..5.600 rows=100000 loops=1)
 Planning time: 0.257 ms
 Execution time: 42.182 ms
(7 rows)

===== 198 [Wed Mar  7 02:06:00 CET 2018] scale:100000 groups:100 work_mem:32MB incremental:off max_workers:2 =====
SELECT * FROM s_2 ORDER BY a, b, c
                                                      QUERY PLAN                                                       
-----------------------------------------------------------------------------------------------------------------------
 Limit  (cost=11191.82..11191.82 rows=1 width=20) (actual time=46.785..46.785 rows=0 loops=1)
   ->  Sort  (cost=9941.82..10191.82 rows=100000 width=20) (actual time=40.628..44.602 rows=100000 loops=1)
         Sort Key: s_2.a, s_2.b, s_2.c
         Sort Method: quicksort  Memory: 10885kB
         ->  Seq Scan on s_2  (cost=0.00..1637.00 rows=100000 width=20) (actual time=0.010..5.581 rows=100000 loops=1)
 Planning time: 0.262 ms
 Execution time: 47.263 ms
(7 rows)

===== 199 [Wed Mar  7 02:06:01 CET 2018] scale:100000 groups:100 work_mem:32MB incremental:off max_workers:2 =====
SELECT * FROM s_3 ORDER BY a, b, c, d
                                                      QUERY PLAN                                                       
-----------------------------------------------------------------------------------------------------------------------
 Limit  (cost=11191.82..11191.82 rows=1 width=20) (actual time=41.320..41.320 rows=0 loops=1)
   ->  Sort  (cost=9941.82..10191.82 rows=100000 width=20) (actual time=35.834..39.148 rows=100000 loops=1)
         Sort Key: s_3.a, s_3.b, s_3.c, s_3.d
         Sort Method: quicksort  Memory: 10885kB
         ->  Seq Scan on s_3  (cost=0.00..1637.00 rows=100000 width=20) (actual time=0.010..5.624 rows=100000 loops=1)
 Planning time: 0.267 ms
 Execution time: 41.792 ms
(7 rows)

===== 200 [Wed Mar  7 02:06:01 CET 2018] scale:100000 groups:100 work_mem:32MB incremental:off max_workers:2 =====
SELECT * FROM s_4 ORDER BY a, b, c, d, e
                                                      QUERY PLAN                                                       
-----------------------------------------------------------------------------------------------------------------------
 Limit  (cost=11191.82..11191.82 rows=1 width=20) (actual time=32.330..32.330 rows=0 loops=1)
   ->  Sort  (cost=9941.82..10191.82 rows=100000 width=20) (actual time=26.884..30.152 rows=100000 loops=1)
         Sort Key: s_4.a, s_4.b, s_4.c, s_4.d, s_4.e
         Sort Method: quicksort  Memory: 10885kB
         ->  Seq Scan on s_4  (cost=0.00..1637.00 rows=100000 width=20) (actual time=0.007..5.629 rows=100000 loops=1)
 Planning time: 0.259 ms
 Execution time: 32.803 ms
(7 rows)

===== 201 [Wed Mar  7 02:06:01 CET 2018] scale:100000 groups:100 work_mem:64MB incremental:on max_workers:2 =====
SELECT * FROM s_1 ORDER BY a, b
                                                                QUERY PLAN                                                                
------------------------------------------------------------------------------------------------------------------------------------------
 Limit  (cost=10972.03..10972.03 rows=1 width=20) (actual time=39.783..39.783 rows=0 loops=1)
   ->  Incremental Sort  (cost=81.68..9972.03 rows=100000 width=20) (actual time=0.238..37.601 rows=100000 loops=1)
         Sort Key: s_1.a, s_1.b
         Presorted Key: s_1.a
         Sort Method: quicksort  Memory: 133kB
         Sort Groups: 101
         ->  Index Scan using s_1_a_idx on s_1  (cost=0.29..3244.29 rows=100000 width=20) (actual time=0.012..11.809 rows=100000 loops=1)
 Planning time: 0.270 ms
 Execution time: 39.823 ms
(9 rows)

===== 202 [Wed Mar  7 02:06:01 CET 2018] scale:100000 groups:100 work_mem:64MB incremental:on max_workers:2 =====
SELECT * FROM s_2 ORDER BY a, b, c
                                                                 QUERY PLAN                                                                 
--------------------------------------------------------------------------------------------------------------------------------------------
 Limit  (cost=8690.01..8690.01 rows=1 width=20) (actual time=36.847..36.847 rows=0 loops=1)
   ->  Incremental Sort  (cost=0.87..7690.01 rows=100000 width=20) (actual time=0.068..34.661 rows=100000 loops=1)
         Sort Key: s_2.a, s_2.b, s_2.c
         Presorted Key: s_2.a, s_2.b
         Sort Method: quicksort  Memory: 28kB
         Sort Groups: 2702
         ->  Index Scan using s_2_a_b_idx on s_2  (cost=0.29..4079.04 rows=100000 width=20) (actual time=0.016..11.548 rows=100000 loops=1)
 Planning time: 0.278 ms
 Execution time: 36.869 ms
(9 rows)

===== 203 [Wed Mar  7 02:06:02 CET 2018] scale:100000 groups:100 work_mem:64MB incremental:on max_workers:2 =====
SELECT * FROM s_3 ORDER BY a, b, c, d
                                                                  QUERY PLAN                                                                  
----------------------------------------------------------------------------------------------------------------------------------------------
 Limit  (cost=9138.13..9138.13 rows=1 width=20) (actual time=30.566..30.566 rows=0 loops=1)
   ->  Incremental Sort  (cost=1.04..8138.13 rows=100000 width=20) (actual time=0.063..28.392 rows=100000 loops=1)
         Sort Key: s_3.a, s_3.b, s_3.c, s_3.d
         Presorted Key: s_3.a, s_3.b, s_3.c
         Sort Method: quicksort  Memory: 27kB
         Sort Groups: 3121
         ->  Index Scan using s_3_a_b_c_idx on s_3  (cost=0.42..4527.17 rows=100000 width=20) (actual time=0.018..11.896 rows=100000 loops=1)
 Planning time: 0.280 ms
 Execution time: 30.588 ms
(9 rows)

===== 204 [Wed Mar  7 02:06:02 CET 2018] scale:100000 groups:100 work_mem:64MB incremental:on max_workers:2 =====
SELECT * FROM s_4 ORDER BY a, b, c, d, e
                                                                   QUERY PLAN                                                                   
------------------------------------------------------------------------------------------------------------------------------------------------
 Limit  (cost=9138.13..9138.13 rows=1 width=20) (actual time=27.109..27.109 rows=0 loops=1)
   ->  Incremental Sort  (cost=1.04..8138.13 rows=100000 width=20) (actual time=0.056..24.899 rows=100000 loops=1)
         Sort Key: s_4.a, s_4.b, s_4.c, s_4.d, s_4.e
         Presorted Key: s_4.a, s_4.b, s_4.c, s_4.d
         Sort Method: quicksort  Memory: 27kB
         Sort Groups: 3125
         ->  Index Scan using s_4_a_b_c_d_idx on s_4  (cost=0.42..4527.17 rows=100000 width=20) (actual time=0.012..11.846 rows=100000 loops=1)
 Planning time: 0.278 ms
 Execution time: 27.131 ms
(9 rows)

===== 205 [Wed Mar  7 02:06:02 CET 2018] scale:100000 groups:100 work_mem:64MB incremental:off max_workers:2 =====
SELECT * FROM s_1 ORDER BY a, b
                                                      QUERY PLAN                                                       
-----------------------------------------------------------------------------------------------------------------------
 Limit  (cost=11191.82..11191.82 rows=1 width=20) (actual time=41.632..41.632 rows=0 loops=1)
   ->  Sort  (cost=9941.82..10191.82 rows=100000 width=20) (actual time=33.921..39.457 rows=100000 loops=1)
         Sort Key: s_1.a, s_1.b
         Sort Method: quicksort  Memory: 10885kB
         ->  Seq Scan on s_1  (cost=0.00..1637.00 rows=100000 width=20) (actual time=0.007..5.578 rows=100000 loops=1)
 Planning time: 0.251 ms
 Execution time: 42.103 ms
(7 rows)

===== 206 [Wed Mar  7 02:06:02 CET 2018] scale:100000 groups:100 work_mem:64MB incremental:off max_workers:2 =====
SELECT * FROM s_2 ORDER BY a, b, c
                                                      QUERY PLAN                                                       
-----------------------------------------------------------------------------------------------------------------------
 Limit  (cost=11191.82..11191.82 rows=1 width=20) (actual time=46.820..46.820 rows=0 loops=1)
   ->  Sort  (cost=9941.82..10191.82 rows=100000 width=20) (actual time=40.662..44.643 rows=100000 loops=1)
         Sort Key: s_2.a, s_2.b, s_2.c
         Sort Method: quicksort  Memory: 10885kB
         ->  Seq Scan on s_2  (cost=0.00..1637.00 rows=100000 width=20) (actual time=0.010..5.583 rows=100000 loops=1)
 Planning time: 0.266 ms
 Execution time: 47.299 ms
(7 rows)

===== 207 [Wed Mar  7 02:06:03 CET 2018] scale:100000 groups:100 work_mem:64MB incremental:off max_workers:2 =====
SELECT * FROM s_3 ORDER BY a, b, c, d
                                                      QUERY PLAN                                                       
-----------------------------------------------------------------------------------------------------------------------
 Limit  (cost=11191.82..11191.82 rows=1 width=20) (actual time=41.318..41.318 rows=0 loops=1)
   ->  Sort  (cost=9941.82..10191.82 rows=100000 width=20) (actual time=35.834..39.141 rows=100000 loops=1)
         Sort Key: s_3.a, s_3.b, s_3.c, s_3.d
         Sort Method: quicksort  Memory: 10885kB
         ->  Seq Scan on s_3  (cost=0.00..1637.00 rows=100000 width=20) (actual time=0.010..5.610 rows=100000 loops=1)
 Planning time: 0.264 ms
 Execution time: 41.794 ms
(7 rows)

===== 208 [Wed Mar  7 02:06:03 CET 2018] scale:100000 groups:100 work_mem:64MB incremental:off max_workers:2 =====
SELECT * FROM s_4 ORDER BY a, b, c, d, e
                                                      QUERY PLAN                                                       
-----------------------------------------------------------------------------------------------------------------------
 Limit  (cost=11191.82..11191.82 rows=1 width=20) (actual time=32.349..32.349 rows=0 loops=1)
   ->  Sort  (cost=9941.82..10191.82 rows=100000 width=20) (actual time=26.905..30.165 rows=100000 loops=1)
         Sort Key: s_4.a, s_4.b, s_4.c, s_4.d, s_4.e
         Sort Method: quicksort  Memory: 10885kB
         ->  Seq Scan on s_4  (cost=0.00..1637.00 rows=100000 width=20) (actual time=0.007..5.625 rows=100000 loops=1)
 Planning time: 0.259 ms
 Execution time: 32.821 ms
(7 rows)

===== 209 [Wed Mar  7 02:06:03 CET 2018] scale:100000 groups:100 work_mem:128MB incremental:on max_workers:2 =====
SELECT * FROM s_1 ORDER BY a, b
                                                                QUERY PLAN                                                                
------------------------------------------------------------------------------------------------------------------------------------------
 Limit  (cost=10972.03..10972.03 rows=1 width=20) (actual time=39.772..39.772 rows=0 loops=1)
   ->  Incremental Sort  (cost=81.68..9972.03 rows=100000 width=20) (actual time=0.236..37.598 rows=100000 loops=1)
         Sort Key: s_1.a, s_1.b
         Presorted Key: s_1.a
         Sort Method: quicksort  Memory: 133kB
         Sort Groups: 101
         ->  Index Scan using s_1_a_idx on s_1  (cost=0.29..3244.29 rows=100000 width=20) (actual time=0.012..11.805 rows=100000 loops=1)
 Planning time: 0.265 ms
 Execution time: 39.811 ms
(9 rows)

===== 210 [Wed Mar  7 02:06:03 CET 2018] scale:100000 groups:100 work_mem:128MB incremental:on max_workers:2 =====
SELECT * FROM s_2 ORDER BY a, b, c
                                                                 QUERY PLAN                                                                 
--------------------------------------------------------------------------------------------------------------------------------------------
 Limit  (cost=8690.01..8690.01 rows=1 width=20) (actual time=36.916..36.916 rows=0 loops=1)
   ->  Incremental Sort  (cost=0.87..7690.01 rows=100000 width=20) (actual time=0.064..34.701 rows=100000 loops=1)
         Sort Key: s_2.a, s_2.b, s_2.c
         Presorted Key: s_2.a, s_2.b
         Sort Method: quicksort  Memory: 28kB
         Sort Groups: 2702
         ->  Index Scan using s_2_a_b_idx on s_2  (cost=0.29..4079.04 rows=100000 width=20) (actual time=0.015..11.556 rows=100000 loops=1)
 Planning time: 0.287 ms
 Execution time: 36.937 ms
(9 rows)

===== 211 [Wed Mar  7 02:06:04 CET 2018] scale:100000 groups:100 work_mem:128MB incremental:on max_workers:2 =====
SELECT * FROM s_3 ORDER BY a, b, c, d
                                                                  QUERY PLAN                                                                  
----------------------------------------------------------------------------------------------------------------------------------------------
 Limit  (cost=9138.13..9138.13 rows=1 width=20) (actual time=30.546..30.546 rows=0 loops=1)
   ->  Incremental Sort  (cost=1.04..8138.13 rows=100000 width=20) (actual time=0.067..28.372 rows=100000 loops=1)
         Sort Key: s_3.a, s_3.b, s_3.c, s_3.d
         Presorted Key: s_3.a, s_3.b, s_3.c
         Sort Method: quicksort  Memory: 27kB
         Sort Groups: 3121
         ->  Index Scan using s_3_a_b_c_idx on s_3  (cost=0.42..4527.17 rows=100000 width=20) (actual time=0.018..11.864 rows=100000 loops=1)
 Planning time: 0.285 ms
 Execution time: 30.567 ms
(9 rows)

===== 212 [Wed Mar  7 02:06:04 CET 2018] scale:100000 groups:100 work_mem:128MB incremental:on max_workers:2 =====
SELECT * FROM s_4 ORDER BY a, b, c, d, e
                                                                   QUERY PLAN                                                                   
------------------------------------------------------------------------------------------------------------------------------------------------
 Limit  (cost=9138.13..9138.13 rows=1 width=20) (actual time=27.136..27.136 rows=0 loops=1)
   ->  Incremental Sort  (cost=1.04..8138.13 rows=100000 width=20) (actual time=0.055..24.936 rows=100000 loops=1)
         Sort Key: s_4.a, s_4.b, s_4.c, s_4.d, s_4.e
         Presorted Key: s_4.a, s_4.b, s_4.c, s_4.d
         Sort Method: quicksort  Memory: 27kB
         Sort Groups: 3125
         ->  Index Scan using s_4_a_b_c_d_idx on s_4  (cost=0.42..4527.17 rows=100000 width=20) (actual time=0.011..11.870 rows=100000 loops=1)
 Planning time: 0.274 ms
 Execution time: 27.159 ms
(9 rows)

===== 213 [Wed Mar  7 02:06:04 CET 2018] scale:100000 groups:100 work_mem:128MB incremental:off max_workers:2 =====
SELECT * FROM s_1 ORDER BY a, b
                                                      QUERY PLAN                                                       
-----------------------------------------------------------------------------------------------------------------------
 Limit  (cost=11191.82..11191.82 rows=1 width=20) (actual time=41.678..41.678 rows=0 loops=1)
   ->  Sort  (cost=9941.82..10191.82 rows=100000 width=20) (actual time=33.965..39.505 rows=100000 loops=1)
         Sort Key: s_1.a, s_1.b
         Sort Method: quicksort  Memory: 10885kB
         ->  Seq Scan on s_1  (cost=0.00..1637.00 rows=100000 width=20) (actual time=0.007..5.603 rows=100000 loops=1)
 Planning time: 0.258 ms
 Execution time: 42.151 ms
(7 rows)

===== 214 [Wed Mar  7 02:06:04 CET 2018] scale:100000 groups:100 work_mem:128MB incremental:off max_workers:2 =====
SELECT * FROM s_2 ORDER BY a, b, c
                                                      QUERY PLAN                                                       
-----------------------------------------------------------------------------------------------------------------------
 Limit  (cost=11191.82..11191.82 rows=1 width=20) (actual time=46.762..46.762 rows=0 loops=1)
   ->  Sort  (cost=9941.82..10191.82 rows=100000 width=20) (actual time=40.605..44.588 rows=100000 loops=1)
         Sort Key: s_2.a, s_2.b, s_2.c
         Sort Method: quicksort  Memory: 10885kB
         ->  Seq Scan on s_2  (cost=0.00..1637.00 rows=100000 width=20) (actual time=0.010..5.595 rows=100000 loops=1)
 Planning time: 0.274 ms
 Execution time: 47.236 ms
(7 rows)

===== 215 [Wed Mar  7 02:06:05 CET 2018] scale:100000 groups:100 work_mem:128MB incremental:off max_workers:2 =====
SELECT * FROM s_3 ORDER BY a, b, c, d
                                                      QUERY PLAN                                                       
-----------------------------------------------------------------------------------------------------------------------
 Limit  (cost=11191.82..11191.82 rows=1 width=20) (actual time=41.306..41.306 rows=0 loops=1)
   ->  Sort  (cost=9941.82..10191.82 rows=100000 width=20) (actual time=35.822..39.138 rows=100000 loops=1)
         Sort Key: s_3.a, s_3.b, s_3.c, s_3.d
         Sort Method: quicksort  Memory: 10885kB
         ->  Seq Scan on s_3  (cost=0.00..1637.00 rows=100000 width=20) (actual time=0.010..5.615 rows=100000 loops=1)
 Planning time: 0.267 ms
 Execution time: 41.783 ms
(7 rows)

===== 216 [Wed Mar  7 02:06:05 CET 2018] scale:100000 groups:100 work_mem:128MB incremental:off max_workers:2 =====
SELECT * FROM s_4 ORDER BY a, b, c, d, e
                                                      QUERY PLAN                                                       
-----------------------------------------------------------------------------------------------------------------------
 Limit  (cost=11191.82..11191.82 rows=1 width=20) (actual time=32.373..32.373 rows=0 loops=1)
   ->  Sort  (cost=9941.82..10191.82 rows=100000 width=20) (actual time=26.921..30.191 rows=100000 loops=1)
         Sort Key: s_4.a, s_4.b, s_4.c, s_4.d, s_4.e
         Sort Method: quicksort  Memory: 10885kB
         ->  Seq Scan on s_4  (cost=0.00..1637.00 rows=100000 width=20) (actual time=0.007..5.621 rows=100000 loops=1)
 Planning time: 0.258 ms
 Execution time: 32.845 ms
(7 rows)

===== 217 [Wed Mar  7 02:06:05 CET 2018] scale:100000 groups:100 work_mem:256MB incremental:on max_workers:2 =====
SELECT * FROM s_1 ORDER BY a, b
                                                                QUERY PLAN                                                                
------------------------------------------------------------------------------------------------------------------------------------------
 Limit  (cost=10972.03..10972.03 rows=1 width=20) (actual time=39.767..39.767 rows=0 loops=1)
   ->  Incremental Sort  (cost=81.68..9972.03 rows=100000 width=20) (actual time=0.237..37.584 rows=100000 loops=1)
         Sort Key: s_1.a, s_1.b
         Presorted Key: s_1.a
         Sort Method: quicksort  Memory: 133kB
         Sort Groups: 101
         ->  Index Scan using s_1_a_idx on s_1  (cost=0.29..3244.29 rows=100000 width=20) (actual time=0.012..11.810 rows=100000 loops=1)
 Planning time: 0.267 ms
 Execution time: 39.806 ms
(9 rows)

===== 218 [Wed Mar  7 02:06:05 CET 2018] scale:100000 groups:100 work_mem:256MB incremental:on max_workers:2 =====
SELECT * FROM s_2 ORDER BY a, b, c
                                                                 QUERY PLAN                                                                 
--------------------------------------------------------------------------------------------------------------------------------------------
 Limit  (cost=8690.01..8690.01 rows=1 width=20) (actual time=36.870..36.870 rows=0 loops=1)
   ->  Incremental Sort  (cost=0.87..7690.01 rows=100000 width=20) (actual time=0.067..34.685 rows=100000 loops=1)
         Sort Key: s_2.a, s_2.b, s_2.c
         Presorted Key: s_2.a, s_2.b
         Sort Method: quicksort  Memory: 28kB
         Sort Groups: 2702
         ->  Index Scan using s_2_a_b_idx on s_2  (cost=0.29..4079.04 rows=100000 width=20) (actual time=0.015..11.563 rows=100000 loops=1)
 Planning time: 0.278 ms
 Execution time: 36.891 ms
(9 rows)

===== 219 [Wed Mar  7 02:06:06 CET 2018] scale:100000 groups:100 work_mem:256MB incremental:on max_workers:2 =====
SELECT * FROM s_3 ORDER BY a, b, c, d
                                                                  QUERY PLAN                                                                  
----------------------------------------------------------------------------------------------------------------------------------------------
 Limit  (cost=9138.13..9138.13 rows=1 width=20) (actual time=30.571..30.571 rows=0 loops=1)
   ->  Incremental Sort  (cost=1.04..8138.13 rows=100000 width=20) (actual time=0.063..28.391 rows=100000 loops=1)
         Sort Key: s_3.a, s_3.b, s_3.c, s_3.d
         Presorted Key: s_3.a, s_3.b, s_3.c
         Sort Method: quicksort  Memory: 27kB
         Sort Groups: 3121
         ->  Index Scan using s_3_a_b_c_idx on s_3  (cost=0.42..4527.17 rows=100000 width=20) (actual time=0.018..11.874 rows=100000 loops=1)
 Planning time: 0.288 ms
 Execution time: 30.593 ms
(9 rows)

===== 220 [Wed Mar  7 02:06:06 CET 2018] scale:100000 groups:100 work_mem:256MB incremental:on max_workers:2 =====
SELECT * FROM s_4 ORDER BY a, b, c, d, e
                                                                   QUERY PLAN                                                                   
------------------------------------------------------------------------------------------------------------------------------------------------
 Limit  (cost=9138.13..9138.13 rows=1 width=20) (actual time=27.118..27.118 rows=0 loops=1)
   ->  Incremental Sort  (cost=1.04..8138.13 rows=100000 width=20) (actual time=0.056..24.916 rows=100000 loops=1)
         Sort Key: s_4.a, s_4.b, s_4.c, s_4.d, s_4.e
         Presorted Key: s_4.a, s_4.b, s_4.c, s_4.d
         Sort Method: quicksort  Memory: 27kB
         Sort Groups: 3125
         ->  Index Scan using s_4_a_b_c_d_idx on s_4  (cost=0.42..4527.17 rows=100000 width=20) (actual time=0.012..11.835 rows=100000 loops=1)
 Planning time: 0.272 ms
 Execution time: 27.140 ms
(9 rows)

===== 221 [Wed Mar  7 02:06:06 CET 2018] scale:100000 groups:100 work_mem:256MB incremental:off max_workers:2 =====
SELECT * FROM s_1 ORDER BY a, b
                                                      QUERY PLAN                                                       
-----------------------------------------------------------------------------------------------------------------------
 Limit  (cost=11191.82..11191.82 rows=1 width=20) (actual time=41.697..41.697 rows=0 loops=1)
   ->  Sort  (cost=9941.82..10191.82 rows=100000 width=20) (actual time=33.961..39.523 rows=100000 loops=1)
         Sort Key: s_1.a, s_1.b
         Sort Method: quicksort  Memory: 10885kB
         ->  Seq Scan on s_1  (cost=0.00..1637.00 rows=100000 width=20) (actual time=0.007..5.603 rows=100000 loops=1)
 Planning time: 0.257 ms
 Execution time: 42.169 ms
(7 rows)

===== 222 [Wed Mar  7 02:06:06 CET 2018] scale:100000 groups:100 work_mem:256MB incremental:off max_workers:2 =====
SELECT * FROM s_2 ORDER BY a, b, c
                                                      QUERY PLAN                                                       
-----------------------------------------------------------------------------------------------------------------------
 Limit  (cost=11191.82..11191.82 rows=1 width=20) (actual time=46.757..46.757 rows=0 loops=1)
   ->  Sort  (cost=9941.82..10191.82 rows=100000 width=20) (actual time=40.605..44.572 rows=100000 loops=1)
         Sort Key: s_2.a, s_2.b, s_2.c
         Sort Method: quicksort  Memory: 10885kB
         ->  Seq Scan on s_2  (cost=0.00..1637.00 rows=100000 width=20) (actual time=0.010..5.587 rows=100000 loops=1)
 Planning time: 0.269 ms
 Execution time: 47.229 ms
(7 rows)

===== 223 [Wed Mar  7 02:06:07 CET 2018] scale:100000 groups:100 work_mem:256MB incremental:off max_workers:2 =====
SELECT * FROM s_3 ORDER BY a, b, c, d
                                                      QUERY PLAN                                                       
-----------------------------------------------------------------------------------------------------------------------
 Limit  (cost=11191.82..11191.82 rows=1 width=20) (actual time=41.341..41.341 rows=0 loops=1)
   ->  Sort  (cost=9941.82..10191.82 rows=100000 width=20) (actual time=35.850..39.169 rows=100000 loops=1)
         Sort Key: s_3.a, s_3.b, s_3.c, s_3.d
         Sort Method: quicksort  Memory: 10885kB
         ->  Seq Scan on s_3  (cost=0.00..1637.00 rows=100000 width=20) (actual time=0.010..5.617 rows=100000 loops=1)
 Planning time: 0.269 ms
 Execution time: 41.812 ms
(7 rows)

===== 224 [Wed Mar  7 02:06:07 CET 2018] scale:100000 groups:100 work_mem:256MB incremental:off max_workers:2 =====
SELECT * FROM s_4 ORDER BY a, b, c, d, e
                                                      QUERY PLAN                                                       
-----------------------------------------------------------------------------------------------------------------------
 Limit  (cost=11191.82..11191.82 rows=1 width=20) (actual time=32.372..32.372 rows=0 loops=1)
   ->  Sort  (cost=9941.82..10191.82 rows=100000 width=20) (actual time=26.933..30.194 rows=100000 loops=1)
         Sort Key: s_4.a, s_4.b, s_4.c, s_4.d, s_4.e
         Sort Method: quicksort  Memory: 10885kB
         ->  Seq Scan on s_4  (cost=0.00..1637.00 rows=100000 width=20) (actual time=0.007..5.616 rows=100000 loops=1)
 Planning time: 0.257 ms
 Execution time: 32.842 ms
(7 rows)

===== 225 [Wed Mar  7 02:06:09 CET 2018] scale:100000 groups:1000 work_mem:4MB incremental:on max_workers:0 =====
SELECT * FROM s_1 ORDER BY a, b
                                                                QUERY PLAN                                                                
------------------------------------------------------------------------------------------------------------------------------------------
 Limit  (cost=9335.52..9335.52 rows=1 width=20) (actual time=40.728..40.728 rows=0 loops=1)
   ->  Incremental Sort  (cost=6.85..8335.52 rows=100000 width=20) (actual time=0.080..38.516 rows=100000 loops=1)
         Sort Key: s_1.a, s_1.b
         Presorted Key: s_1.a
         Sort Method: quicksort  Memory: 35kB
         Sort Groups: 1001
         ->  Index Scan using s_1_a_idx on s_1  (cost=0.29..3244.29 rows=100000 width=20) (actual time=0.025..12.991 rows=100000 loops=1)
 Planning time: 0.265 ms
 Execution time: 40.753 ms
(9 rows)

===== 226 [Wed Mar  7 02:06:09 CET 2018] scale:100000 groups:1000 work_mem:4MB incremental:on max_workers:0 =====
SELECT * FROM s_2 ORDER BY a, b, c
                                                                 QUERY PLAN                                                                 
--------------------------------------------------------------------------------------------------------------------------------------------
 Limit  (cost=8690.01..8690.01 rows=1 width=20) (actual time=29.814..29.814 rows=0 loops=1)
   ->  Incremental Sort  (cost=0.87..7690.01 rows=100000 width=20) (actual time=0.065..27.622 rows=100000 loops=1)
         Sort Key: s_2.a, s_2.b, s_2.c
         Presorted Key: s_2.a, s_2.b
         Sort Method: quicksort  Memory: 27kB
         Sort Groups: 3120
         ->  Index Scan using s_2_a_b_idx on s_2  (cost=0.29..4079.04 rows=100000 width=20) (actual time=0.025..12.757 rows=100000 loops=1)
 Planning time: 0.284 ms
 Execution time: 29.835 ms
(9 rows)

===== 227 [Wed Mar  7 02:06:09 CET 2018] scale:100000 groups:1000 work_mem:4MB incremental:on max_workers:0 =====
SELECT * FROM s_3 ORDER BY a, b, c, d
                                                                  QUERY PLAN                                                                  
----------------------------------------------------------------------------------------------------------------------------------------------
 Limit  (cost=9138.13..9138.13 rows=1 width=20) (actual time=28.375..28.375 rows=0 loops=1)
   ->  Incremental Sort  (cost=1.04..8138.13 rows=100000 width=20) (actual time=0.080..26.182 rows=100000 loops=1)
         Sort Key: s_3.a, s_3.b, s_3.c, s_3.d
         Presorted Key: s_3.a, s_3.b, s_3.c
         Sort Method: quicksort  Memory: 27kB
         Sort Groups: 3125
         ->  Index Scan using s_3_a_b_c_idx on s_3  (cost=0.42..4527.17 rows=100000 width=20) (actual time=0.033..13.518 rows=100000 loops=1)
 Planning time: 0.291 ms
 Execution time: 28.397 ms
(9 rows)

===== 228 [Wed Mar  7 02:06:09 CET 2018] scale:100000 groups:1000 work_mem:4MB incremental:on max_workers:0 =====
SELECT * FROM s_4 ORDER BY a, b, c, d, e
                                                                   QUERY PLAN                                                                   
------------------------------------------------------------------------------------------------------------------------------------------------
 Limit  (cost=9138.13..9138.13 rows=1 width=20) (actual time=28.080..28.080 rows=0 loops=1)
   ->  Incremental Sort  (cost=1.04..8138.13 rows=100000 width=20) (actual time=0.074..25.872 rows=100000 loops=1)
         Sort Key: s_4.a, s_4.b, s_4.c, s_4.d, s_4.e
         Presorted Key: s_4.a, s_4.b, s_4.c, s_4.d
         Sort Method: quicksort  Memory: 27kB
         Sort Groups: 3125
         ->  Index Scan using s_4_a_b_c_d_idx on s_4  (cost=0.42..4527.17 rows=100000 width=20) (actual time=0.028..13.408 rows=100000 loops=1)
 Planning time: 0.269 ms
 Execution time: 28.101 ms
(9 rows)

===== 229 [Wed Mar  7 02:06:10 CET 2018] scale:100000 groups:1000 work_mem:4MB incremental:off max_workers:0 =====
SELECT * FROM s_1 ORDER BY a, b
                                                      QUERY PLAN                                                       
-----------------------------------------------------------------------------------------------------------------------
 Limit  (cost=13242.82..13242.82 rows=1 width=20) (actual time=49.749..49.749 rows=0 loops=1)
   ->  Sort  (cost=11992.82..12242.82 rows=100000 width=20) (actual time=40.377..47.559 rows=100000 loops=1)
         Sort Key: s_1.a, s_1.b
         Sort Method: external merge  Disk: 2936kB
         ->  Seq Scan on s_1  (cost=0.00..1637.00 rows=100000 width=20) (actual time=0.007..5.496 rows=100000 loops=1)
 Planning time: 0.253 ms
 Execution time: 50.287 ms
(7 rows)

===== 230 [Wed Mar  7 02:06:10 CET 2018] scale:100000 groups:1000 work_mem:4MB incremental:off max_workers:0 =====
SELECT * FROM s_2 ORDER BY a, b, c
                                                      QUERY PLAN                                                       
-----------------------------------------------------------------------------------------------------------------------
 Limit  (cost=13242.82..13242.82 rows=1 width=20) (actual time=43.863..43.863 rows=0 loops=1)
   ->  Sort  (cost=11992.82..12242.82 rows=100000 width=20) (actual time=34.482..41.684 rows=100000 loops=1)
         Sort Key: s_2.a, s_2.b, s_2.c
         Sort Method: external merge  Disk: 2936kB
         ->  Seq Scan on s_2  (cost=0.00..1637.00 rows=100000 width=20) (actual time=0.010..5.479 rows=100000 loops=1)
 Planning time: 0.267 ms
 Execution time: 44.420 ms
(7 rows)

===== 231 [Wed Mar  7 02:06:10 CET 2018] scale:100000 groups:1000 work_mem:4MB incremental:off max_workers:0 =====
SELECT * FROM s_3 ORDER BY a, b, c, d
                                                      QUERY PLAN                                                       
-----------------------------------------------------------------------------------------------------------------------
 Limit  (cost=13242.82..13242.82 rows=1 width=20) (actual time=33.183..33.183 rows=0 loops=1)
   ->  Sort  (cost=11992.82..12242.82 rows=100000 width=20) (actual time=23.797..31.006 rows=100000 loops=1)
         Sort Key: s_3.a, s_3.b, s_3.c, s_3.d
         Sort Method: external merge  Disk: 2936kB
         ->  Seq Scan on s_3  (cost=0.00..1637.00 rows=100000 width=20) (actual time=0.011..5.508 rows=100000 loops=1)
 Planning time: 0.261 ms
 Execution time: 33.757 ms
(7 rows)

===== 232 [Wed Mar  7 02:06:10 CET 2018] scale:100000 groups:1000 work_mem:4MB incremental:off max_workers:0 =====
SELECT * FROM s_4 ORDER BY a, b, c, d, e
                                                      QUERY PLAN                                                       
-----------------------------------------------------------------------------------------------------------------------
 Limit  (cost=13242.82..13242.82 rows=1 width=20) (actual time=31.745..31.745 rows=0 loops=1)
   ->  Sort  (cost=11992.82..12242.82 rows=100000 width=20) (actual time=22.301..29.567 rows=100000 loops=1)
         Sort Key: s_4.a, s_4.b, s_4.c, s_4.d, s_4.e
         Sort Method: external merge  Disk: 2936kB
         ->  Seq Scan on s_4  (cost=0.00..1637.00 rows=100000 width=20) (actual time=0.007..5.521 rows=100000 loops=1)
 Planning time: 0.254 ms
 Execution time: 32.295 ms
(7 rows)

===== 233 [Wed Mar  7 02:06:11 CET 2018] scale:100000 groups:1000 work_mem:8MB incremental:on max_workers:0 =====
SELECT * FROM s_1 ORDER BY a, b
                                                                QUERY PLAN                                                                
------------------------------------------------------------------------------------------------------------------------------------------
 Limit  (cost=9335.52..9335.52 rows=1 width=20) (actual time=39.305..39.305 rows=0 loops=1)
   ->  Incremental Sort  (cost=6.85..8335.52 rows=100000 width=20) (actual time=0.065..37.101 rows=100000 loops=1)
         Sort Key: s_1.a, s_1.b
         Presorted Key: s_1.a
         Sort Method: quicksort  Memory: 35kB
         Sort Groups: 1001
         ->  Index Scan using s_1_a_idx on s_1  (cost=0.29..3244.29 rows=100000 width=20) (actual time=0.012..11.732 rows=100000 loops=1)
 Planning time: 0.272 ms
 Execution time: 39.329 ms
(9 rows)

===== 234 [Wed Mar  7 02:06:11 CET 2018] scale:100000 groups:1000 work_mem:8MB incremental:on max_workers:0 =====
SELECT * FROM s_2 ORDER BY a, b, c
                                                                 QUERY PLAN                                                                 
--------------------------------------------------------------------------------------------------------------------------------------------
 Limit  (cost=8690.01..8690.01 rows=1 width=20) (actual time=28.447..28.447 rows=0 loops=1)
   ->  Incremental Sort  (cost=0.87..7690.01 rows=100000 width=20) (actual time=0.051..26.263 rows=100000 loops=1)
         Sort Key: s_2.a, s_2.b, s_2.c
         Presorted Key: s_2.a, s_2.b
         Sort Method: quicksort  Memory: 27kB
         Sort Groups: 3120
         ->  Index Scan using s_2_a_b_idx on s_2  (cost=0.29..4079.04 rows=100000 width=20) (actual time=0.012..11.540 rows=100000 loops=1)
 Planning time: 0.271 ms
 Execution time: 28.469 ms
(9 rows)

===== 235 [Wed Mar  7 02:06:11 CET 2018] scale:100000 groups:1000 work_mem:8MB incremental:on max_workers:0 =====
SELECT * FROM s_3 ORDER BY a, b, c, d
                                                                  QUERY PLAN                                                                  
----------------------------------------------------------------------------------------------------------------------------------------------
 Limit  (cost=9138.13..9138.13 rows=1 width=20) (actual time=26.537..26.537 rows=0 loops=1)
   ->  Incremental Sort  (cost=1.04..8138.13 rows=100000 width=20) (actual time=0.061..24.355 rows=100000 loops=1)
         Sort Key: s_3.a, s_3.b, s_3.c, s_3.d
         Presorted Key: s_3.a, s_3.b, s_3.c
         Sort Method: quicksort  Memory: 27kB
         Sort Groups: 3125
         ->  Index Scan using s_3_a_b_c_idx on s_3  (cost=0.42..4527.17 rows=100000 width=20) (actual time=0.016..11.871 rows=100000 loops=1)
 Planning time: 0.280 ms
 Execution time: 26.559 ms
(9 rows)

===== 236 [Wed Mar  7 02:06:11 CET 2018] scale:100000 groups:1000 work_mem:8MB incremental:on max_workers:0 =====
SELECT * FROM s_4 ORDER BY a, b, c, d, e
                                                                   QUERY PLAN                                                                   
------------------------------------------------------------------------------------------------------------------------------------------------
 Limit  (cost=9138.13..9138.13 rows=1 width=20) (actual time=26.368..26.368 rows=0 loops=1)
   ->  Incremental Sort  (cost=1.04..8138.13 rows=100000 width=20) (actual time=0.057..24.156 rows=100000 loops=1)
         Sort Key: s_4.a, s_4.b, s_4.c, s_4.d, s_4.e
         Presorted Key: s_4.a, s_4.b, s_4.c, s_4.d
         Sort Method: quicksort  Memory: 27kB
         Sort Groups: 3125
         ->  Index Scan using s_4_a_b_c_d_idx on s_4  (cost=0.42..4527.17 rows=100000 width=20) (actual time=0.012..11.851 rows=100000 loops=1)
 Planning time: 0.269 ms
 Execution time: 26.390 ms
(9 rows)

===== 237 [Wed Mar  7 02:06:11 CET 2018] scale:100000 groups:1000 work_mem:8MB incremental:off max_workers:0 =====
SELECT * FROM s_1 ORDER BY a, b
                                                      QUERY PLAN                                                       
-----------------------------------------------------------------------------------------------------------------------
 Limit  (cost=11191.82..11191.82 rows=1 width=20) (actual time=53.023..53.023 rows=0 loops=1)
   ->  Sort  (cost=9941.82..10191.82 rows=100000 width=20) (actual time=43.731..50.834 rows=100000 loops=1)
         Sort Key: s_1.a, s_1.b
         Sort Method: external merge  Disk: 2936kB
         ->  Seq Scan on s_1  (cost=0.00..1637.00 rows=100000 width=20) (actual time=0.007..5.590 rows=100000 loops=1)
 Planning time: 0.255 ms
 Execution time: 53.441 ms
(7 rows)

===== 238 [Wed Mar  7 02:06:12 CET 2018] scale:100000 groups:1000 work_mem:8MB incremental:off max_workers:0 =====
SELECT * FROM s_2 ORDER BY a, b, c
                                                      QUERY PLAN                                                       
-----------------------------------------------------------------------------------------------------------------------
 Limit  (cost=11191.82..11191.82 rows=1 width=20) (actual time=46.093..46.093 rows=0 loops=1)
   ->  Sort  (cost=9941.82..10191.82 rows=100000 width=20) (actual time=36.827..43.903 rows=100000 loops=1)
         Sort Key: s_2.a, s_2.b, s_2.c
         Sort Method: external merge  Disk: 2936kB
         ->  Seq Scan on s_2  (cost=0.00..1637.00 rows=100000 width=20) (actual time=0.010..5.585 rows=100000 loops=1)
 Planning time: 0.263 ms
 Execution time: 46.491 ms
(7 rows)

===== 239 [Wed Mar  7 02:06:12 CET 2018] scale:100000 groups:1000 work_mem:8MB incremental:off max_workers:0 =====
SELECT * FROM s_3 ORDER BY a, b, c, d
                                                      QUERY PLAN                                                       
-----------------------------------------------------------------------------------------------------------------------
 Limit  (cost=11191.82..11191.82 rows=1 width=20) (actual time=35.637..35.637 rows=0 loops=1)
   ->  Sort  (cost=9941.82..10191.82 rows=100000 width=20) (actual time=26.302..33.449 rows=100000 loops=1)
         Sort Key: s_3.a, s_3.b, s_3.c, s_3.d
         Sort Method: external merge  Disk: 2936kB
         ->  Seq Scan on s_3  (cost=0.00..1637.00 rows=100000 width=20) (actual time=0.011..5.602 rows=100000 loops=1)
 Planning time: 0.262 ms
 Execution time: 36.045 ms
(7 rows)

===== 240 [Wed Mar  7 02:06:12 CET 2018] scale:100000 groups:1000 work_mem:8MB incremental:off max_workers:0 =====
SELECT * FROM s_4 ORDER BY a, b, c, d, e
                                                      QUERY PLAN                                                       
-----------------------------------------------------------------------------------------------------------------------
 Limit  (cost=11191.82..11191.82 rows=1 width=20) (actual time=33.343..33.343 rows=0 loops=1)
   ->  Sort  (cost=9941.82..10191.82 rows=100000 width=20) (actual time=24.021..31.152 rows=100000 loops=1)
         Sort Key: s_4.a, s_4.b, s_4.c, s_4.d, s_4.e
         Sort Method: external merge  Disk: 2936kB
         ->  Seq Scan on s_4  (cost=0.00..1637.00 rows=100000 width=20) (actual time=0.007..5.622 rows=100000 loops=1)
 Planning time: 0.253 ms
 Execution time: 33.750 ms
(7 rows)

===== 241 [Wed Mar  7 02:06:13 CET 2018] scale:100000 groups:1000 work_mem:16MB incremental:on max_workers:0 =====
SELECT * FROM s_1 ORDER BY a, b
                                                                QUERY PLAN                                                                
------------------------------------------------------------------------------------------------------------------------------------------
 Limit  (cost=9335.52..9335.52 rows=1 width=20) (actual time=38.539..38.539 rows=0 loops=1)
   ->  Incremental Sort  (cost=6.85..8335.52 rows=100000 width=20) (actual time=0.064..36.355 rows=100000 loops=1)
         Sort Key: s_1.a, s_1.b
         Presorted Key: s_1.a
         Sort Method: quicksort  Memory: 35kB
         Sort Groups: 1001
         ->  Index Scan using s_1_a_idx on s_1  (cost=0.29..3244.29 rows=100000 width=20) (actual time=0.012..11.556 rows=100000 loops=1)
 Planning time: 0.271 ms
 Execution time: 38.560 ms
(9 rows)

===== 242 [Wed Mar  7 02:06:13 CET 2018] scale:100000 groups:1000 work_mem:16MB incremental:on max_workers:0 =====
SELECT * FROM s_2 ORDER BY a, b, c
                                                                 QUERY PLAN                                                                 
--------------------------------------------------------------------------------------------------------------------------------------------
 Limit  (cost=8690.01..8690.01 rows=1 width=20) (actual time=28.670..28.670 rows=0 loops=1)
   ->  Incremental Sort  (cost=0.87..7690.01 rows=100000 width=20) (actual time=0.052..26.457 rows=100000 loops=1)
         Sort Key: s_2.a, s_2.b, s_2.c
         Presorted Key: s_2.a, s_2.b
         Sort Method: quicksort  Memory: 27kB
         Sort Groups: 3120
         ->  Index Scan using s_2_a_b_idx on s_2  (cost=0.29..4079.04 rows=100000 width=20) (actual time=0.013..11.609 rows=100000 loops=1)
 Planning time: 0.280 ms
 Execution time: 28.691 ms
(9 rows)

===== 243 [Wed Mar  7 02:06:13 CET 2018] scale:100000 groups:1000 work_mem:16MB incremental:on max_workers:0 =====
SELECT * FROM s_3 ORDER BY a, b, c, d
                                                                  QUERY PLAN                                                                  
----------------------------------------------------------------------------------------------------------------------------------------------
 Limit  (cost=9138.13..9138.13 rows=1 width=20) (actual time=26.510..26.510 rows=0 loops=1)
   ->  Incremental Sort  (cost=1.04..8138.13 rows=100000 width=20) (actual time=0.062..24.307 rows=100000 loops=1)
         Sort Key: s_3.a, s_3.b, s_3.c, s_3.d
         Presorted Key: s_3.a, s_3.b, s_3.c
         Sort Method: quicksort  Memory: 27kB
         Sort Groups: 3125
         ->  Index Scan using s_3_a_b_c_idx on s_3  (cost=0.42..4527.17 rows=100000 width=20) (actual time=0.015..11.826 rows=100000 loops=1)
 Planning time: 0.282 ms
 Execution time: 26.531 ms
(9 rows)

===== 244 [Wed Mar  7 02:06:13 CET 2018] scale:100000 groups:1000 work_mem:16MB incremental:on max_workers:0 =====
SELECT * FROM s_4 ORDER BY a, b, c, d, e
                                                                   QUERY PLAN                                                                   
------------------------------------------------------------------------------------------------------------------------------------------------
 Limit  (cost=9138.13..9138.13 rows=1 width=20) (actual time=26.128..26.128 rows=0 loops=1)
   ->  Incremental Sort  (cost=1.04..8138.13 rows=100000 width=20) (actual time=0.058..23.956 rows=100000 loops=1)
         Sort Key: s_4.a, s_4.b, s_4.c, s_4.d, s_4.e
         Presorted Key: s_4.a, s_4.b, s_4.c, s_4.d
         Sort Method: quicksort  Memory: 27kB
         Sort Groups: 3125
         ->  Index Scan using s_4_a_b_c_d_idx on s_4  (cost=0.42..4527.17 rows=100000 width=20) (actual time=0.012..11.813 rows=100000 loops=1)
 Planning time: 0.270 ms
 Execution time: 26.150 ms
(9 rows)

===== 245 [Wed Mar  7 02:06:13 CET 2018] scale:100000 groups:1000 work_mem:16MB incremental:off max_workers:0 =====
SELECT * FROM s_1 ORDER BY a, b
                                                      QUERY PLAN                                                       
-----------------------------------------------------------------------------------------------------------------------
 Limit  (cost=11191.82..11191.82 rows=1 width=20) (actual time=44.329..44.329 rows=0 loops=1)
   ->  Sort  (cost=9941.82..10191.82 rows=100000 width=20) (actual time=36.883..42.158 rows=100000 loops=1)
         Sort Key: s_1.a, s_1.b
         Sort Method: quicksort  Memory: 10885kB
         ->  Seq Scan on s_1  (cost=0.00..1637.00 rows=100000 width=20) (actual time=0.007..5.596 rows=100000 loops=1)
 Planning time: 0.269 ms
 Execution time: 44.804 ms
(7 rows)

===== 246 [Wed Mar  7 02:06:14 CET 2018] scale:100000 groups:1000 work_mem:16MB incremental:off max_workers:0 =====
SELECT * FROM s_2 ORDER BY a, b, c
                                                      QUERY PLAN                                                       
-----------------------------------------------------------------------------------------------------------------------
 Limit  (cost=11191.82..11191.82 rows=1 width=20) (actual time=36.589..36.589 rows=0 loops=1)
   ->  Sort  (cost=9941.82..10191.82 rows=100000 width=20) (actual time=31.099..34.404 rows=100000 loops=1)
         Sort Key: s_2.a, s_2.b, s_2.c
         Sort Method: quicksort  Memory: 10885kB
         ->  Seq Scan on s_2  (cost=0.00..1637.00 rows=100000 width=20) (actual time=0.010..5.582 rows=100000 loops=1)
 Planning time: 0.269 ms
 Execution time: 37.072 ms
(7 rows)

===== 247 [Wed Mar  7 02:06:14 CET 2018] scale:100000 groups:1000 work_mem:16MB incremental:off max_workers:0 =====
SELECT * FROM s_3 ORDER BY a, b, c, d
                                                      QUERY PLAN                                                       
-----------------------------------------------------------------------------------------------------------------------
 Limit  (cost=11191.82..11191.82 rows=1 width=20) (actual time=25.586..25.586 rows=0 loops=1)
   ->  Sort  (cost=9941.82..10191.82 rows=100000 width=20) (actual time=20.108..23.404 rows=100000 loops=1)
         Sort Key: s_3.a, s_3.b, s_3.c, s_3.d
         Sort Method: quicksort  Memory: 10885kB
         ->  Seq Scan on s_3  (cost=0.00..1637.00 rows=100000 width=20) (actual time=0.010..5.617 rows=100000 loops=1)
 Planning time: 0.261 ms
 Execution time: 26.061 ms
(7 rows)

===== 248 [Wed Mar  7 02:06:14 CET 2018] scale:100000 groups:1000 work_mem:16MB incremental:off max_workers:0 =====
SELECT * FROM s_4 ORDER BY a, b, c, d, e
                                                      QUERY PLAN                                                       
-----------------------------------------------------------------------------------------------------------------------
 Limit  (cost=11191.82..11191.82 rows=1 width=20) (actual time=23.200..23.200 rows=0 loops=1)
   ->  Sort  (cost=9941.82..10191.82 rows=100000 width=20) (actual time=17.678..21.016 rows=100000 loops=1)
         Sort Key: s_4.a, s_4.b, s_4.c, s_4.d, s_4.e
         Sort Method: quicksort  Memory: 10885kB
         ->  Seq Scan on s_4  (cost=0.00..1637.00 rows=100000 width=20) (actual time=0.007..5.631 rows=100000 loops=1)
 Planning time: 0.253 ms
 Execution time: 23.672 ms
(7 rows)

===== 249 [Wed Mar  7 02:06:14 CET 2018] scale:100000 groups:1000 work_mem:32MB incremental:on max_workers:0 =====
SELECT * FROM s_1 ORDER BY a, b
                                                                QUERY PLAN                                                                
------------------------------------------------------------------------------------------------------------------------------------------
 Limit  (cost=9335.52..9335.52 rows=1 width=20) (actual time=38.520..38.520 rows=0 loops=1)
   ->  Incremental Sort  (cost=6.85..8335.52 rows=100000 width=20) (actual time=0.061..36.340 rows=100000 loops=1)
         Sort Key: s_1.a, s_1.b
         Presorted Key: s_1.a
         Sort Method: quicksort  Memory: 35kB
         Sort Groups: 1001
         ->  Index Scan using s_1_a_idx on s_1  (cost=0.29..3244.29 rows=100000 width=20) (actual time=0.012..11.547 rows=100000 loops=1)
 Planning time: 0.271 ms
 Execution time: 38.542 ms
(9 rows)

===== 250 [Wed Mar  7 02:06:15 CET 2018] scale:100000 groups:1000 work_mem:32MB incremental:on max_workers:0 =====
SELECT * FROM s_2 ORDER BY a, b, c
                                                                 QUERY PLAN                                                                 
--------------------------------------------------------------------------------------------------------------------------------------------
 Limit  (cost=8690.01..8690.01 rows=1 width=20) (actual time=28.658..28.658 rows=0 loops=1)
   ->  Incremental Sort  (cost=0.87..7690.01 rows=100000 width=20) (actual time=0.051..26.442 rows=100000 loops=1)
         Sort Key: s_2.a, s_2.b, s_2.c
         Presorted Key: s_2.a, s_2.b
         Sort Method: quicksort  Memory: 27kB
         Sort Groups: 3120
         ->  Index Scan using s_2_a_b_idx on s_2  (cost=0.29..4079.04 rows=100000 width=20) (actual time=0.012..11.610 rows=100000 loops=1)
 Planning time: 0.275 ms
 Execution time: 28.679 ms
(9 rows)

===== 251 [Wed Mar  7 02:06:15 CET 2018] scale:100000 groups:1000 work_mem:32MB incremental:on max_workers:0 =====
SELECT * FROM s_3 ORDER BY a, b, c, d
                                                                  QUERY PLAN                                                                  
----------------------------------------------------------------------------------------------------------------------------------------------
 Limit  (cost=9138.13..9138.13 rows=1 width=20) (actual time=26.540..26.540 rows=0 loops=1)
   ->  Incremental Sort  (cost=1.04..8138.13 rows=100000 width=20) (actual time=0.062..24.340 rows=100000 loops=1)
         Sort Key: s_3.a, s_3.b, s_3.c, s_3.d
         Presorted Key: s_3.a, s_3.b, s_3.c
         Sort Method: quicksort  Memory: 27kB
         Sort Groups: 3125
         ->  Index Scan using s_3_a_b_c_idx on s_3  (cost=0.42..4527.17 rows=100000 width=20) (actual time=0.015..11.844 rows=100000 loops=1)
 Planning time: 0.294 ms
 Execution time: 26.562 ms
(9 rows)

===== 252 [Wed Mar  7 02:06:15 CET 2018] scale:100000 groups:1000 work_mem:32MB incremental:on max_workers:0 =====
SELECT * FROM s_4 ORDER BY a, b, c, d, e
                                                                   QUERY PLAN                                                                   
------------------------------------------------------------------------------------------------------------------------------------------------
 Limit  (cost=9138.13..9138.13 rows=1 width=20) (actual time=26.156..26.156 rows=0 loops=1)
   ->  Incremental Sort  (cost=1.04..8138.13 rows=100000 width=20) (actual time=0.062..23.974 rows=100000 loops=1)
         Sort Key: s_4.a, s_4.b, s_4.c, s_4.d, s_4.e
         Presorted Key: s_4.a, s_4.b, s_4.c, s_4.d
         Sort Method: quicksort  Memory: 27kB
         Sort Groups: 3125
         ->  Index Scan using s_4_a_b_c_d_idx on s_4  (cost=0.42..4527.17 rows=100000 width=20) (actual time=0.012..11.827 rows=100000 loops=1)
 Planning time: 0.270 ms
 Execution time: 26.178 ms
(9 rows)

===== 253 [Wed Mar  7 02:06:15 CET 2018] scale:100000 groups:1000 work_mem:32MB incremental:off max_workers:0 =====
SELECT * FROM s_1 ORDER BY a, b
                                                      QUERY PLAN                                                       
-----------------------------------------------------------------------------------------------------------------------
 Limit  (cost=11191.82..11191.82 rows=1 width=20) (actual time=44.381..44.381 rows=0 loops=1)
   ->  Sort  (cost=9941.82..10191.82 rows=100000 width=20) (actual time=36.855..42.206 rows=100000 loops=1)
         Sort Key: s_1.a, s_1.b
         Sort Method: quicksort  Memory: 10885kB
         ->  Seq Scan on s_1  (cost=0.00..1637.00 rows=100000 width=20) (actual time=0.007..5.603 rows=100000 loops=1)
 Planning time: 0.252 ms
 Execution time: 44.851 ms
(7 rows)

===== 254 [Wed Mar  7 02:06:16 CET 2018] scale:100000 groups:1000 work_mem:32MB incremental:off max_workers:0 =====
SELECT * FROM s_2 ORDER BY a, b, c
                                                      QUERY PLAN                                                       
-----------------------------------------------------------------------------------------------------------------------
 Limit  (cost=11191.82..11191.82 rows=1 width=20) (actual time=36.592..36.592 rows=0 loops=1)
   ->  Sort  (cost=9941.82..10191.82 rows=100000 width=20) (actual time=31.112..34.418 rows=100000 loops=1)
         Sort Key: s_2.a, s_2.b, s_2.c
         Sort Method: quicksort  Memory: 10885kB
         ->  Seq Scan on s_2  (cost=0.00..1637.00 rows=100000 width=20) (actual time=0.010..5.577 rows=100000 loops=1)
 Planning time: 0.263 ms
 Execution time: 37.065 ms
(7 rows)

===== 255 [Wed Mar  7 02:06:16 CET 2018] scale:100000 groups:1000 work_mem:32MB incremental:off max_workers:0 =====
SELECT * FROM s_3 ORDER BY a, b, c, d
                                                      QUERY PLAN                                                       
-----------------------------------------------------------------------------------------------------------------------
 Limit  (cost=11191.82..11191.82 rows=1 width=20) (actual time=25.593..25.593 rows=0 loops=1)
   ->  Sort  (cost=9941.82..10191.82 rows=100000 width=20) (actual time=20.117..23.415 rows=100000 loops=1)
         Sort Key: s_3.a, s_3.b, s_3.c, s_3.d
         Sort Method: quicksort  Memory: 10885kB
         ->  Seq Scan on s_3  (cost=0.00..1637.00 rows=100000 width=20) (actual time=0.010..5.626 rows=100000 loops=1)
 Planning time: 0.262 ms
 Execution time: 26.064 ms
(7 rows)

===== 256 [Wed Mar  7 02:06:16 CET 2018] scale:100000 groups:1000 work_mem:32MB incremental:off max_workers:0 =====
SELECT * FROM s_4 ORDER BY a, b, c, d, e
                                                      QUERY PLAN                                                       
-----------------------------------------------------------------------------------------------------------------------
 Limit  (cost=11191.82..11191.82 rows=1 width=20) (actual time=23.196..23.196 rows=0 loops=1)
   ->  Sort  (cost=9941.82..10191.82 rows=100000 width=20) (actual time=17.685..21.017 rows=100000 loops=1)
         Sort Key: s_4.a, s_4.b, s_4.c, s_4.d, s_4.e
         Sort Method: quicksort  Memory: 10885kB
         ->  Seq Scan on s_4  (cost=0.00..1637.00 rows=100000 width=20) (actual time=0.007..5.628 rows=100000 loops=1)
 Planning time: 0.259 ms
 Execution time: 23.672 ms
(7 rows)

===== 257 [Wed Mar  7 02:06:16 CET 2018] scale:100000 groups:1000 work_mem:64MB incremental:on max_workers:0 =====
SELECT * FROM s_1 ORDER BY a, b
                                                                QUERY PLAN                                                                
------------------------------------------------------------------------------------------------------------------------------------------
 Limit  (cost=9335.52..9335.52 rows=1 width=20) (actual time=39.300..39.300 rows=0 loops=1)
   ->  Incremental Sort  (cost=6.85..8335.52 rows=100000 width=20) (actual time=0.066..37.096 rows=100000 loops=1)
         Sort Key: s_1.a, s_1.b
         Presorted Key: s_1.a
         Sort Method: quicksort  Memory: 35kB
         Sort Groups: 1001
         ->  Index Scan using s_1_a_idx on s_1  (cost=0.29..3244.29 rows=100000 width=20) (actual time=0.012..11.744 rows=100000 loops=1)
 Planning time: 0.263 ms
 Execution time: 39.325 ms
(9 rows)

===== 258 [Wed Mar  7 02:06:16 CET 2018] scale:100000 groups:1000 work_mem:64MB incremental:on max_workers:0 =====
SELECT * FROM s_2 ORDER BY a, b, c
                                                                 QUERY PLAN                                                                 
--------------------------------------------------------------------------------------------------------------------------------------------
 Limit  (cost=8690.01..8690.01 rows=1 width=20) (actual time=28.449..28.449 rows=0 loops=1)
   ->  Incremental Sort  (cost=0.87..7690.01 rows=100000 width=20) (actual time=0.053..26.265 rows=100000 loops=1)
         Sort Key: s_2.a, s_2.b, s_2.c
         Presorted Key: s_2.a, s_2.b
         Sort Method: quicksort  Memory: 27kB
         Sort Groups: 3120
         ->  Index Scan using s_2_a_b_idx on s_2  (cost=0.29..4079.04 rows=100000 width=20) (actual time=0.013..11.562 rows=100000 loops=1)
 Planning time: 0.273 ms
 Execution time: 28.471 ms
(9 rows)

===== 259 [Wed Mar  7 02:06:17 CET 2018] scale:100000 groups:1000 work_mem:64MB incremental:on max_workers:0 =====
SELECT * FROM s_3 ORDER BY a, b, c, d
                                                                  QUERY PLAN                                                                  
----------------------------------------------------------------------------------------------------------------------------------------------
 Limit  (cost=9138.13..9138.13 rows=1 width=20) (actual time=26.531..26.531 rows=0 loops=1)
   ->  Incremental Sort  (cost=1.04..8138.13 rows=100000 width=20) (actual time=0.062..24.354 rows=100000 loops=1)
         Sort Key: s_3.a, s_3.b, s_3.c, s_3.d
         Presorted Key: s_3.a, s_3.b, s_3.c
         Sort Method: quicksort  Memory: 27kB
         Sort Groups: 3125
         ->  Index Scan using s_3_a_b_c_idx on s_3  (cost=0.42..4527.17 rows=100000 width=20) (actual time=0.015..11.871 rows=100000 loops=1)
 Planning time: 0.278 ms
 Execution time: 26.552 ms
(9 rows)

===== 260 [Wed Mar  7 02:06:17 CET 2018] scale:100000 groups:1000 work_mem:64MB incremental:on max_workers:0 =====
SELECT * FROM s_4 ORDER BY a, b, c, d, e
                                                                   QUERY PLAN                                                                   
------------------------------------------------------------------------------------------------------------------------------------------------
 Limit  (cost=9138.13..9138.13 rows=1 width=20) (actual time=26.383..26.383 rows=0 loops=1)
   ->  Incremental Sort  (cost=1.04..8138.13 rows=100000 width=20) (actual time=0.058..24.176 rows=100000 loops=1)
         Sort Key: s_4.a, s_4.b, s_4.c, s_4.d, s_4.e
         Presorted Key: s_4.a, s_4.b, s_4.c, s_4.d
         Sort Method: quicksort  Memory: 27kB
         Sort Groups: 3125
         ->  Index Scan using s_4_a_b_c_d_idx on s_4  (cost=0.42..4527.17 rows=100000 width=20) (actual time=0.012..11.872 rows=100000 loops=1)
 Planning time: 0.276 ms
 Execution time: 26.404 ms
(9 rows)

===== 261 [Wed Mar  7 02:06:17 CET 2018] scale:100000 groups:1000 work_mem:64MB incremental:off max_workers:0 =====
SELECT * FROM s_1 ORDER BY a, b
                                                      QUERY PLAN                                                       
-----------------------------------------------------------------------------------------------------------------------
 Limit  (cost=11191.82..11191.82 rows=1 width=20) (actual time=44.303..44.303 rows=0 loops=1)
   ->  Sort  (cost=9941.82..10191.82 rows=100000 width=20) (actual time=36.852..42.134 rows=100000 loops=1)
         Sort Key: s_1.a, s_1.b
         Sort Method: quicksort  Memory: 10885kB
         ->  Seq Scan on s_1  (cost=0.00..1637.00 rows=100000 width=20) (actual time=0.007..5.608 rows=100000 loops=1)
 Planning time: 0.254 ms
 Execution time: 44.783 ms
(7 rows)

===== 262 [Wed Mar  7 02:06:17 CET 2018] scale:100000 groups:1000 work_mem:64MB incremental:off max_workers:0 =====
SELECT * FROM s_2 ORDER BY a, b, c
                                                      QUERY PLAN                                                       
-----------------------------------------------------------------------------------------------------------------------
 Limit  (cost=11191.82..11191.82 rows=1 width=20) (actual time=36.598..36.598 rows=0 loops=1)
   ->  Sort  (cost=9941.82..10191.82 rows=100000 width=20) (actual time=31.114..34.424 rows=100000 loops=1)
         Sort Key: s_2.a, s_2.b, s_2.c
         Sort Method: quicksort  Memory: 10885kB
         ->  Seq Scan on s_2  (cost=0.00..1637.00 rows=100000 width=20) (actual time=0.010..5.577 rows=100000 loops=1)
 Planning time: 0.259 ms
 Execution time: 37.074 ms
(7 rows)

===== 263 [Wed Mar  7 02:06:18 CET 2018] scale:100000 groups:1000 work_mem:64MB incremental:off max_workers:0 =====
SELECT * FROM s_3 ORDER BY a, b, c, d
                                                      QUERY PLAN                                                       
-----------------------------------------------------------------------------------------------------------------------
 Limit  (cost=11191.82..11191.82 rows=1 width=20) (actual time=25.593..25.593 rows=0 loops=1)
   ->  Sort  (cost=9941.82..10191.82 rows=100000 width=20) (actual time=20.121..23.421 rows=100000 loops=1)
         Sort Key: s_3.a, s_3.b, s_3.c, s_3.d
         Sort Method: quicksort  Memory: 10885kB
         ->  Seq Scan on s_3  (cost=0.00..1637.00 rows=100000 width=20) (actual time=0.010..5.616 rows=100000 loops=1)
 Planning time: 0.263 ms
 Execution time: 26.068 ms
(7 rows)

===== 264 [Wed Mar  7 02:06:18 CET 2018] scale:100000 groups:1000 work_mem:64MB incremental:off max_workers:0 =====
SELECT * FROM s_4 ORDER BY a, b, c, d, e
                                                      QUERY PLAN                                                       
-----------------------------------------------------------------------------------------------------------------------
 Limit  (cost=11191.82..11191.82 rows=1 width=20) (actual time=23.238..23.238 rows=0 loops=1)
   ->  Sort  (cost=9941.82..10191.82 rows=100000 width=20) (actual time=17.712..21.041 rows=100000 loops=1)
         Sort Key: s_4.a, s_4.b, s_4.c, s_4.d, s_4.e
         Sort Method: quicksort  Memory: 10885kB
         ->  Seq Scan on s_4  (cost=0.00..1637.00 rows=100000 width=20) (actual time=0.007..5.623 rows=100000 loops=1)
 Planning time: 0.255 ms
 Execution time: 23.707 ms
(7 rows)

===== 265 [Wed Mar  7 02:06:18 CET 2018] scale:100000 groups:1000 work_mem:128MB incremental:on max_workers:0 =====
SELECT * FROM s_1 ORDER BY a, b
                                                                QUERY PLAN                                                                
------------------------------------------------------------------------------------------------------------------------------------------
 Limit  (cost=9335.52..9335.52 rows=1 width=20) (actual time=39.297..39.297 rows=0 loops=1)
   ->  Incremental Sort  (cost=6.85..8335.52 rows=100000 width=20) (actual time=0.066..37.093 rows=100000 loops=1)
         Sort Key: s_1.a, s_1.b
         Presorted Key: s_1.a
         Sort Method: quicksort  Memory: 35kB
         Sort Groups: 1001
         ->  Index Scan using s_1_a_idx on s_1  (cost=0.29..3244.29 rows=100000 width=20) (actual time=0.012..11.749 rows=100000 loops=1)
 Planning time: 0.262 ms
 Execution time: 39.321 ms
(9 rows)

===== 266 [Wed Mar  7 02:06:18 CET 2018] scale:100000 groups:1000 work_mem:128MB incremental:on max_workers:0 =====
SELECT * FROM s_2 ORDER BY a, b, c
                                                                 QUERY PLAN                                                                 
--------------------------------------------------------------------------------------------------------------------------------------------
 Limit  (cost=8690.01..8690.01 rows=1 width=20) (actual time=28.447..28.447 rows=0 loops=1)
   ->  Incremental Sort  (cost=0.87..7690.01 rows=100000 width=20) (actual time=0.057..26.261 rows=100000 loops=1)
         Sort Key: s_2.a, s_2.b, s_2.c
         Presorted Key: s_2.a, s_2.b
         Sort Method: quicksort  Memory: 27kB
         Sort Groups: 3120
         ->  Index Scan using s_2_a_b_idx on s_2  (cost=0.29..4079.04 rows=100000 width=20) (actual time=0.016..11.556 rows=100000 loops=1)
 Planning time: 0.273 ms
 Execution time: 28.468 ms
(9 rows)

===== 267 [Wed Mar  7 02:06:18 CET 2018] scale:100000 groups:1000 work_mem:128MB incremental:on max_workers:0 =====
SELECT * FROM s_3 ORDER BY a, b, c, d
                                                                  QUERY PLAN                                                                  
----------------------------------------------------------------------------------------------------------------------------------------------
 Limit  (cost=9138.13..9138.13 rows=1 width=20) (actual time=26.533..26.533 rows=0 loops=1)
   ->  Incremental Sort  (cost=1.04..8138.13 rows=100000 width=20) (actual time=0.061..24.344 rows=100000 loops=1)
         Sort Key: s_3.a, s_3.b, s_3.c, s_3.d
         Presorted Key: s_3.a, s_3.b, s_3.c
         Sort Method: quicksort  Memory: 27kB
         Sort Groups: 3125
         ->  Index Scan using s_3_a_b_c_idx on s_3  (cost=0.42..4527.17 rows=100000 width=20) (actual time=0.016..11.869 rows=100000 loops=1)
 Planning time: 0.272 ms
 Execution time: 26.554 ms
(9 rows)

===== 268 [Wed Mar  7 02:06:19 CET 2018] scale:100000 groups:1000 work_mem:128MB incremental:on max_workers:0 =====
SELECT * FROM s_4 ORDER BY a, b, c, d, e
                                                                   QUERY PLAN                                                                   
------------------------------------------------------------------------------------------------------------------------------------------------
 Limit  (cost=9138.13..9138.13 rows=1 width=20) (actual time=26.356..26.356 rows=0 loops=1)
   ->  Incremental Sort  (cost=1.04..8138.13 rows=100000 width=20) (actual time=0.057..24.146 rows=100000 loops=1)
         Sort Key: s_4.a, s_4.b, s_4.c, s_4.d, s_4.e
         Presorted Key: s_4.a, s_4.b, s_4.c, s_4.d
         Sort Method: quicksort  Memory: 27kB
         Sort Groups: 3125
         ->  Index Scan using s_4_a_b_c_d_idx on s_4  (cost=0.42..4527.17 rows=100000 width=20) (actual time=0.012..11.849 rows=100000 loops=1)
 Planning time: 0.269 ms
 Execution time: 26.378 ms
(9 rows)

===== 269 [Wed Mar  7 02:06:19 CET 2018] scale:100000 groups:1000 work_mem:128MB incremental:off max_workers:0 =====
SELECT * FROM s_1 ORDER BY a, b
                                                      QUERY PLAN                                                       
-----------------------------------------------------------------------------------------------------------------------
 Limit  (cost=11191.82..11191.82 rows=1 width=20) (actual time=44.366..44.366 rows=0 loops=1)
   ->  Sort  (cost=9941.82..10191.82 rows=100000 width=20) (actual time=36.898..42.199 rows=100000 loops=1)
         Sort Key: s_1.a, s_1.b
         Sort Method: quicksort  Memory: 10885kB
         ->  Seq Scan on s_1  (cost=0.00..1637.00 rows=100000 width=20) (actual time=0.007..5.601 rows=100000 loops=1)
 Planning time: 0.253 ms
 Execution time: 44.841 ms
(7 rows)

===== 270 [Wed Mar  7 02:06:19 CET 2018] scale:100000 groups:1000 work_mem:128MB incremental:off max_workers:0 =====
SELECT * FROM s_2 ORDER BY a, b, c
                                                      QUERY PLAN                                                       
-----------------------------------------------------------------------------------------------------------------------
 Limit  (cost=11191.82..11191.82 rows=1 width=20) (actual time=36.631..36.631 rows=0 loops=1)
   ->  Sort  (cost=9941.82..10191.82 rows=100000 width=20) (actual time=31.095..34.453 rows=100000 loops=1)
         Sort Key: s_2.a, s_2.b, s_2.c
         Sort Method: quicksort  Memory: 10885kB
         ->  Seq Scan on s_2  (cost=0.00..1637.00 rows=100000 width=20) (actual time=0.011..5.589 rows=100000 loops=1)
 Planning time: 0.262 ms
 Execution time: 37.106 ms
(7 rows)

===== 271 [Wed Mar  7 02:06:19 CET 2018] scale:100000 groups:1000 work_mem:128MB incremental:off max_workers:0 =====
SELECT * FROM s_3 ORDER BY a, b, c, d
                                                      QUERY PLAN                                                       
-----------------------------------------------------------------------------------------------------------------------
 Limit  (cost=11191.82..11191.82 rows=1 width=20) (actual time=25.597..25.597 rows=0 loops=1)
   ->  Sort  (cost=9941.82..10191.82 rows=100000 width=20) (actual time=20.125..23.423 rows=100000 loops=1)
         Sort Key: s_3.a, s_3.b, s_3.c, s_3.d
         Sort Method: quicksort  Memory: 10885kB
         ->  Seq Scan on s_3  (cost=0.00..1637.00 rows=100000 width=20) (actual time=0.010..5.613 rows=100000 loops=1)
 Planning time: 0.270 ms
 Execution time: 26.075 ms
(7 rows)

===== 272 [Wed Mar  7 02:06:19 CET 2018] scale:100000 groups:1000 work_mem:128MB incremental:off max_workers:0 =====
SELECT * FROM s_4 ORDER BY a, b, c, d, e
                                                      QUERY PLAN                                                       
-----------------------------------------------------------------------------------------------------------------------
 Limit  (cost=11191.82..11191.82 rows=1 width=20) (actual time=23.182..23.182 rows=0 loops=1)
   ->  Sort  (cost=9941.82..10191.82 rows=100000 width=20) (actual time=17.672..20.998 rows=100000 loops=1)
         Sort Key: s_4.a, s_4.b, s_4.c, s_4.d, s_4.e
         Sort Method: quicksort  Memory: 10885kB
         ->  Seq Scan on s_4  (cost=0.00..1637.00 rows=100000 width=20) (actual time=0.006..5.625 rows=100000 loops=1)
 Planning time: 0.249 ms
 Execution time: 23.657 ms
(7 rows)

===== 273 [Wed Mar  7 02:06:20 CET 2018] scale:100000 groups:1000 work_mem:256MB incremental:on max_workers:0 =====
SELECT * FROM s_1 ORDER BY a, b
                                                                QUERY PLAN                                                                
------------------------------------------------------------------------------------------------------------------------------------------
 Limit  (cost=9335.52..9335.52 rows=1 width=20) (actual time=39.304..39.304 rows=0 loops=1)
   ->  Incremental Sort  (cost=6.85..8335.52 rows=100000 width=20) (actual time=0.067..37.096 rows=100000 loops=1)
         Sort Key: s_1.a, s_1.b
         Presorted Key: s_1.a
         Sort Method: quicksort  Memory: 35kB
         Sort Groups: 1001
         ->  Index Scan using s_1_a_idx on s_1  (cost=0.29..3244.29 rows=100000 width=20) (actual time=0.012..11.760 rows=100000 loops=1)
 Planning time: 0.269 ms
 Execution time: 39.329 ms
(9 rows)

===== 274 [Wed Mar  7 02:06:20 CET 2018] scale:100000 groups:1000 work_mem:256MB incremental:on max_workers:0 =====
SELECT * FROM s_2 ORDER BY a, b, c
                                                                 QUERY PLAN                                                                 
--------------------------------------------------------------------------------------------------------------------------------------------
 Limit  (cost=8690.01..8690.01 rows=1 width=20) (actual time=28.459..28.459 rows=0 loops=1)
   ->  Incremental Sort  (cost=0.87..7690.01 rows=100000 width=20) (actual time=0.052..26.277 rows=100000 loops=1)
         Sort Key: s_2.a, s_2.b, s_2.c
         Presorted Key: s_2.a, s_2.b
         Sort Method: quicksort  Memory: 27kB
         Sort Groups: 3120
         ->  Index Scan using s_2_a_b_idx on s_2  (cost=0.29..4079.04 rows=100000 width=20) (actual time=0.012..11.573 rows=100000 loops=1)
 Planning time: 0.280 ms
 Execution time: 28.481 ms
(9 rows)

===== 275 [Wed Mar  7 02:06:20 CET 2018] scale:100000 groups:1000 work_mem:256MB incremental:on max_workers:0 =====
SELECT * FROM s_3 ORDER BY a, b, c, d
                                                                  QUERY PLAN                                                                  
----------------------------------------------------------------------------------------------------------------------------------------------
 Limit  (cost=9138.13..9138.13 rows=1 width=20) (actual time=26.538..26.538 rows=0 loops=1)
   ->  Incremental Sort  (cost=1.04..8138.13 rows=100000 width=20) (actual time=0.060..24.359 rows=100000 loops=1)
         Sort Key: s_3.a, s_3.b, s_3.c, s_3.d
         Presorted Key: s_3.a, s_3.b, s_3.c
         Sort Method: quicksort  Memory: 27kB
         Sort Groups: 3125
         ->  Index Scan using s_3_a_b_c_idx on s_3  (cost=0.42..4527.17 rows=100000 width=20) (actual time=0.015..11.875 rows=100000 loops=1)
 Planning time: 0.270 ms
 Execution time: 26.559 ms
(9 rows)

===== 276 [Wed Mar  7 02:06:20 CET 2018] scale:100000 groups:1000 work_mem:256MB incremental:on max_workers:0 =====
SELECT * FROM s_4 ORDER BY a, b, c, d, e
                                                                   QUERY PLAN                                                                   
------------------------------------------------------------------------------------------------------------------------------------------------
 Limit  (cost=9138.13..9138.13 rows=1 width=20) (actual time=26.343..26.343 rows=0 loops=1)
   ->  Incremental Sort  (cost=1.04..8138.13 rows=100000 width=20) (actual time=0.057..24.135 rows=100000 loops=1)
         Sort Key: s_4.a, s_4.b, s_4.c, s_4.d, s_4.e
         Presorted Key: s_4.a, s_4.b, s_4.c, s_4.d
         Sort Method: quicksort  Memory: 27kB
         Sort Groups: 3125
         ->  Index Scan using s_4_a_b_c_d_idx on s_4  (cost=0.42..4527.17 rows=100000 width=20) (actual time=0.012..11.837 rows=100000 loops=1)
 Planning time: 0.271 ms
 Execution time: 26.364 ms
(9 rows)

===== 277 [Wed Mar  7 02:06:21 CET 2018] scale:100000 groups:1000 work_mem:256MB incremental:off max_workers:0 =====
SELECT * FROM s_1 ORDER BY a, b
                                                      QUERY PLAN                                                       
-----------------------------------------------------------------------------------------------------------------------
 Limit  (cost=11191.82..11191.82 rows=1 width=20) (actual time=44.332..44.332 rows=0 loops=1)
   ->  Sort  (cost=9941.82..10191.82 rows=100000 width=20) (actual time=36.872..42.152 rows=100000 loops=1)
         Sort Key: s_1.a, s_1.b
         Sort Method: quicksort  Memory: 10885kB
         ->  Seq Scan on s_1  (cost=0.00..1637.00 rows=100000 width=20) (actual time=0.007..5.609 rows=100000 loops=1)
 Planning time: 0.255 ms
 Execution time: 44.804 ms
(7 rows)

===== 278 [Wed Mar  7 02:06:21 CET 2018] scale:100000 groups:1000 work_mem:256MB incremental:off max_workers:0 =====
SELECT * FROM s_2 ORDER BY a, b, c
                                                      QUERY PLAN                                                       
-----------------------------------------------------------------------------------------------------------------------
 Limit  (cost=11191.82..11191.82 rows=1 width=20) (actual time=36.604..36.604 rows=0 loops=1)
   ->  Sort  (cost=9941.82..10191.82 rows=100000 width=20) (actual time=31.115..34.423 rows=100000 loops=1)
         Sort Key: s_2.a, s_2.b, s_2.c
         Sort Method: quicksort  Memory: 10885kB
         ->  Seq Scan on s_2  (cost=0.00..1637.00 rows=100000 width=20) (actual time=0.010..5.582 rows=100000 loops=1)
 Planning time: 0.265 ms
 Execution time: 37.080 ms
(7 rows)

===== 279 [Wed Mar  7 02:06:21 CET 2018] scale:100000 groups:1000 work_mem:256MB incremental:off max_workers:0 =====
SELECT * FROM s_3 ORDER BY a, b, c, d
                                                      QUERY PLAN                                                       
-----------------------------------------------------------------------------------------------------------------------
 Limit  (cost=11191.82..11191.82 rows=1 width=20) (actual time=25.588..25.588 rows=0 loops=1)
   ->  Sort  (cost=9941.82..10191.82 rows=100000 width=20) (actual time=20.120..23.419 rows=100000 loops=1)
         Sort Key: s_3.a, s_3.b, s_3.c, s_3.d
         Sort Method: quicksort  Memory: 10885kB
         ->  Seq Scan on s_3  (cost=0.00..1637.00 rows=100000 width=20) (actual time=0.010..5.620 rows=100000 loops=1)
 Planning time: 0.273 ms
 Execution time: 26.064 ms
(7 rows)

===== 280 [Wed Mar  7 02:06:21 CET 2018] scale:100000 groups:1000 work_mem:256MB incremental:off max_workers:0 =====
SELECT * FROM s_4 ORDER BY a, b, c, d, e
                                                      QUERY PLAN                                                       
-----------------------------------------------------------------------------------------------------------------------
 Limit  (cost=11191.82..11191.82 rows=1 width=20) (actual time=23.210..23.210 rows=0 loops=1)
   ->  Sort  (cost=9941.82..10191.82 rows=100000 width=20) (actual time=17.685..21.011 rows=100000 loops=1)
         Sort Key: s_4.a, s_4.b, s_4.c, s_4.d, s_4.e
         Sort Method: quicksort  Memory: 10885kB
         ->  Seq Scan on s_4  (cost=0.00..1637.00 rows=100000 width=20) (actual time=0.007..5.622 rows=100000 loops=1)
 Planning time: 0.267 ms
 Execution time: 23.681 ms
(7 rows)

===== 281 [Wed Mar  7 02:06:21 CET 2018] scale:100000 groups:1000 work_mem:4MB incremental:on max_workers:2 =====
SELECT * FROM s_1 ORDER BY a, b
                                                                QUERY PLAN                                                                
------------------------------------------------------------------------------------------------------------------------------------------
 Limit  (cost=9335.52..9335.52 rows=1 width=20) (actual time=39.327..39.327 rows=0 loops=1)
   ->  Incremental Sort  (cost=6.85..8335.52 rows=100000 width=20) (actual time=0.065..37.124 rows=100000 loops=1)
         Sort Key: s_1.a, s_1.b
         Presorted Key: s_1.a
         Sort Method: quicksort  Memory: 35kB
         Sort Groups: 1001
         ->  Index Scan using s_1_a_idx on s_1  (cost=0.29..3244.29 rows=100000 width=20) (actual time=0.012..11.751 rows=100000 loops=1)
 Planning time: 0.265 ms
 Execution time: 39.352 ms
(9 rows)

===== 282 [Wed Mar  7 02:06:22 CET 2018] scale:100000 groups:1000 work_mem:4MB incremental:on max_workers:2 =====
SELECT * FROM s_2 ORDER BY a, b, c
                                                                 QUERY PLAN                                                                 
--------------------------------------------------------------------------------------------------------------------------------------------
 Limit  (cost=8690.01..8690.01 rows=1 width=20) (actual time=28.439..28.439 rows=0 loops=1)
   ->  Incremental Sort  (cost=0.87..7690.01 rows=100000 width=20) (actual time=0.053..26.254 rows=100000 loops=1)
         Sort Key: s_2.a, s_2.b, s_2.c
         Presorted Key: s_2.a, s_2.b
         Sort Method: quicksort  Memory: 27kB
         Sort Groups: 3120
         ->  Index Scan using s_2_a_b_idx on s_2  (cost=0.29..4079.04 rows=100000 width=20) (actual time=0.012..11.553 rows=100000 loops=1)
 Planning time: 0.273 ms
 Execution time: 28.460 ms
(9 rows)

===== 283 [Wed Mar  7 02:06:22 CET 2018] scale:100000 groups:1000 work_mem:4MB incremental:on max_workers:2 =====
SELECT * FROM s_3 ORDER BY a, b, c, d
                                                                  QUERY PLAN                                                                  
----------------------------------------------------------------------------------------------------------------------------------------------
 Limit  (cost=9138.13..9138.13 rows=1 width=20) (actual time=26.546..26.546 rows=0 loops=1)
   ->  Incremental Sort  (cost=1.04..8138.13 rows=100000 width=20) (actual time=0.061..24.365 rows=100000 loops=1)
         Sort Key: s_3.a, s_3.b, s_3.c, s_3.d
         Presorted Key: s_3.a, s_3.b, s_3.c
         Sort Method: quicksort  Memory: 27kB
         Sort Groups: 3125
         ->  Index Scan using s_3_a_b_c_idx on s_3  (cost=0.42..4527.17 rows=100000 width=20) (actual time=0.015..11.870 rows=100000 loops=1)
 Planning time: 0.285 ms
 Execution time: 26.567 ms
(9 rows)

===== 284 [Wed Mar  7 02:06:22 CET 2018] scale:100000 groups:1000 work_mem:4MB incremental:on max_workers:2 =====
SELECT * FROM s_4 ORDER BY a, b, c, d, e
                                                                   QUERY PLAN                                                                   
------------------------------------------------------------------------------------------------------------------------------------------------
 Limit  (cost=9138.13..9138.13 rows=1 width=20) (actual time=26.352..26.352 rows=0 loops=1)
   ->  Incremental Sort  (cost=1.04..8138.13 rows=100000 width=20) (actual time=0.058..24.147 rows=100000 loops=1)
         Sort Key: s_4.a, s_4.b, s_4.c, s_4.d, s_4.e
         Presorted Key: s_4.a, s_4.b, s_4.c, s_4.d
         Sort Method: quicksort  Memory: 27kB
         Sort Groups: 3125
         ->  Index Scan using s_4_a_b_c_d_idx on s_4  (cost=0.42..4527.17 rows=100000 width=20) (actual time=0.012..11.854 rows=100000 loops=1)
 Planning time: 0.291 ms
 Execution time: 26.374 ms
(9 rows)

===== 285 [Wed Mar  7 02:06:22 CET 2018] scale:100000 groups:1000 work_mem:4MB incremental:off max_workers:2 =====
SELECT * FROM s_1 ORDER BY a, b
                                                      QUERY PLAN                                                       
-----------------------------------------------------------------------------------------------------------------------
 Limit  (cost=13242.82..13242.82 rows=1 width=20) (actual time=49.745..49.745 rows=0 loops=1)
   ->  Sort  (cost=11992.82..12242.82 rows=100000 width=20) (actual time=40.372..47.564 rows=100000 loops=1)
         Sort Key: s_1.a, s_1.b
         Sort Method: external merge  Disk: 2936kB
         ->  Seq Scan on s_1  (cost=0.00..1637.00 rows=100000 width=20) (actual time=0.007..5.472 rows=100000 loops=1)
 Planning time: 0.257 ms
 Execution time: 50.314 ms
(7 rows)

===== 286 [Wed Mar  7 02:06:23 CET 2018] scale:100000 groups:1000 work_mem:4MB incremental:off max_workers:2 =====
SELECT * FROM s_2 ORDER BY a, b, c
                                                      QUERY PLAN                                                       
-----------------------------------------------------------------------------------------------------------------------
 Limit  (cost=13242.82..13242.82 rows=1 width=20) (actual time=43.895..43.895 rows=0 loops=1)
   ->  Sort  (cost=11992.82..12242.82 rows=100000 width=20) (actual time=34.527..41.710 rows=100000 loops=1)
         Sort Key: s_2.a, s_2.b, s_2.c
         Sort Method: external merge  Disk: 2936kB
         ->  Seq Scan on s_2  (cost=0.00..1637.00 rows=100000 width=20) (actual time=0.011..5.501 rows=100000 loops=1)
 Planning time: 0.268 ms
 Execution time: 44.465 ms
(7 rows)

===== 287 [Wed Mar  7 02:06:23 CET 2018] scale:100000 groups:1000 work_mem:4MB incremental:off max_workers:2 =====
SELECT * FROM s_3 ORDER BY a, b, c, d
                                                      QUERY PLAN                                                       
-----------------------------------------------------------------------------------------------------------------------
 Limit  (cost=13242.82..13242.82 rows=1 width=20) (actual time=33.232..33.232 rows=0 loops=1)
   ->  Sort  (cost=11992.82..12242.82 rows=100000 width=20) (actual time=23.784..31.052 rows=100000 loops=1)
         Sort Key: s_3.a, s_3.b, s_3.c, s_3.d
         Sort Method: external merge  Disk: 2936kB
         ->  Seq Scan on s_3  (cost=0.00..1637.00 rows=100000 width=20) (actual time=0.010..5.508 rows=100000 loops=1)
 Planning time: 0.262 ms
 Execution time: 33.798 ms
(7 rows)

===== 288 [Wed Mar  7 02:06:23 CET 2018] scale:100000 groups:1000 work_mem:4MB incremental:off max_workers:2 =====
SELECT * FROM s_4 ORDER BY a, b, c, d, e
                                                      QUERY PLAN                                                       
-----------------------------------------------------------------------------------------------------------------------
 Limit  (cost=13242.82..13242.82 rows=1 width=20) (actual time=31.848..31.848 rows=0 loops=1)
   ->  Sort  (cost=11992.82..12242.82 rows=100000 width=20) (actual time=22.410..29.670 rows=100000 loops=1)
         Sort Key: s_4.a, s_4.b, s_4.c, s_4.d, s_4.e
         Sort Method: external merge  Disk: 2936kB
         ->  Seq Scan on s_4  (cost=0.00..1637.00 rows=100000 width=20) (actual time=0.007..5.519 rows=100000 loops=1)
 Planning time: 0.259 ms
 Execution time: 32.427 ms
(7 rows)

===== 289 [Wed Mar  7 02:06:23 CET 2018] scale:100000 groups:1000 work_mem:8MB incremental:on max_workers:2 =====
SELECT * FROM s_1 ORDER BY a, b
                                                                QUERY PLAN                                                                
------------------------------------------------------------------------------------------------------------------------------------------
 Limit  (cost=9335.52..9335.52 rows=1 width=20) (actual time=39.298..39.298 rows=0 loops=1)
   ->  Incremental Sort  (cost=6.85..8335.52 rows=100000 width=20) (actual time=0.066..37.087 rows=100000 loops=1)
         Sort Key: s_1.a, s_1.b
         Presorted Key: s_1.a
         Sort Method: quicksort  Memory: 35kB
         Sort Groups: 1001
         ->  Index Scan using s_1_a_idx on s_1  (cost=0.29..3244.29 rows=100000 width=20) (actual time=0.012..11.740 rows=100000 loops=1)
 Planning time: 0.271 ms
 Execution time: 39.323 ms
(9 rows)

===== 290 [Wed Mar  7 02:06:24 CET 2018] scale:100000 groups:1000 work_mem:8MB incremental:on max_workers:2 =====
SELECT * FROM s_2 ORDER BY a, b, c
                                                                 QUERY PLAN                                                                 
--------------------------------------------------------------------------------------------------------------------------------------------
 Limit  (cost=8690.01..8690.01 rows=1 width=20) (actual time=28.436..28.436 rows=0 loops=1)
   ->  Incremental Sort  (cost=0.87..7690.01 rows=100000 width=20) (actual time=0.051..26.248 rows=100000 loops=1)
         Sort Key: s_2.a, s_2.b, s_2.c
         Presorted Key: s_2.a, s_2.b
         Sort Method: quicksort  Memory: 27kB
         Sort Groups: 3120
         ->  Index Scan using s_2_a_b_idx on s_2  (cost=0.29..4079.04 rows=100000 width=20) (actual time=0.012..11.558 rows=100000 loops=1)
 Planning time: 0.278 ms
 Execution time: 28.457 ms
(9 rows)

===== 291 [Wed Mar  7 02:06:24 CET 2018] scale:100000 groups:1000 work_mem:8MB incremental:on max_workers:2 =====
SELECT * FROM s_3 ORDER BY a, b, c, d
                                                                  QUERY PLAN                                                                  
----------------------------------------------------------------------------------------------------------------------------------------------
 Limit  (cost=9138.13..9138.13 rows=1 width=20) (actual time=26.543..26.543 rows=0 loops=1)
   ->  Incremental Sort  (cost=1.04..8138.13 rows=100000 width=20) (actual time=0.060..24.355 rows=100000 loops=1)
         Sort Key: s_3.a, s_3.b, s_3.c, s_3.d
         Presorted Key: s_3.a, s_3.b, s_3.c
         Sort Method: quicksort  Memory: 27kB
         Sort Groups: 3125
         ->  Index Scan using s_3_a_b_c_idx on s_3  (cost=0.42..4527.17 rows=100000 width=20) (actual time=0.016..11.861 rows=100000 loops=1)
 Planning time: 0.282 ms
 Execution time: 26.564 ms
(9 rows)

===== 292 [Wed Mar  7 02:06:24 CET 2018] scale:100000 groups:1000 work_mem:8MB incremental:on max_workers:2 =====
SELECT * FROM s_4 ORDER BY a, b, c, d, e
                                                                   QUERY PLAN                                                                   
------------------------------------------------------------------------------------------------------------------------------------------------
 Limit  (cost=9138.13..9138.13 rows=1 width=20) (actual time=26.353..26.353 rows=0 loops=1)
   ->  Incremental Sort  (cost=1.04..8138.13 rows=100000 width=20) (actual time=0.057..24.152 rows=100000 loops=1)
         Sort Key: s_4.a, s_4.b, s_4.c, s_4.d, s_4.e
         Presorted Key: s_4.a, s_4.b, s_4.c, s_4.d
         Sort Method: quicksort  Memory: 27kB
         Sort Groups: 3125
         ->  Index Scan using s_4_a_b_c_d_idx on s_4  (cost=0.42..4527.17 rows=100000 width=20) (actual time=0.012..11.856 rows=100000 loops=1)
 Planning time: 0.274 ms
 Execution time: 26.373 ms
(9 rows)

===== 293 [Wed Mar  7 02:06:24 CET 2018] scale:100000 groups:1000 work_mem:8MB incremental:off max_workers:2 =====
SELECT * FROM s_1 ORDER BY a, b
                                                      QUERY PLAN                                                       
-----------------------------------------------------------------------------------------------------------------------
 Limit  (cost=11191.82..11191.82 rows=1 width=20) (actual time=52.869..52.869 rows=0 loops=1)
   ->  Sort  (cost=9941.82..10191.82 rows=100000 width=20) (actual time=43.580..50.682 rows=100000 loops=1)
         Sort Key: s_1.a, s_1.b
         Sort Method: external merge  Disk: 2936kB
         ->  Seq Scan on s_1  (cost=0.00..1637.00 rows=100000 width=20) (actual time=0.007..5.612 rows=100000 loops=1)
 Planning time: 0.255 ms
 Execution time: 53.273 ms
(7 rows)

===== 294 [Wed Mar  7 02:06:25 CET 2018] scale:100000 groups:1000 work_mem:8MB incremental:off max_workers:2 =====
SELECT * FROM s_2 ORDER BY a, b, c
                                                      QUERY PLAN                                                       
-----------------------------------------------------------------------------------------------------------------------
 Limit  (cost=11191.82..11191.82 rows=1 width=20) (actual time=46.135..46.135 rows=0 loops=1)
   ->  Sort  (cost=9941.82..10191.82 rows=100000 width=20) (actual time=36.866..43.942 rows=100000 loops=1)
         Sort Key: s_2.a, s_2.b, s_2.c
         Sort Method: external merge  Disk: 2936kB
         ->  Seq Scan on s_2  (cost=0.00..1637.00 rows=100000 width=20) (actual time=0.010..5.577 rows=100000 loops=1)
 Planning time: 0.270 ms
 Execution time: 46.529 ms
(7 rows)

===== 295 [Wed Mar  7 02:06:25 CET 2018] scale:100000 groups:1000 work_mem:8MB incremental:off max_workers:2 =====
SELECT * FROM s_3 ORDER BY a, b, c, d
                                                      QUERY PLAN                                                       
-----------------------------------------------------------------------------------------------------------------------
 Limit  (cost=11191.82..11191.82 rows=1 width=20) (actual time=35.572..35.572 rows=0 loops=1)
   ->  Sort  (cost=9941.82..10191.82 rows=100000 width=20) (actual time=26.231..33.380 rows=100000 loops=1)
         Sort Key: s_3.a, s_3.b, s_3.c, s_3.d
         Sort Method: external merge  Disk: 2936kB
         ->  Seq Scan on s_3  (cost=0.00..1637.00 rows=100000 width=20) (actual time=0.010..5.606 rows=100000 loops=1)
 Planning time: 0.263 ms
 Execution time: 35.963 ms
(7 rows)

===== 296 [Wed Mar  7 02:06:25 CET 2018] scale:100000 groups:1000 work_mem:8MB incremental:off max_workers:2 =====
SELECT * FROM s_4 ORDER BY a, b, c, d, e
                                                      QUERY PLAN                                                       
-----------------------------------------------------------------------------------------------------------------------
 Limit  (cost=11191.82..11191.82 rows=1 width=20) (actual time=33.304..33.304 rows=0 loops=1)
   ->  Sort  (cost=9941.82..10191.82 rows=100000 width=20) (actual time=23.985..31.118 rows=100000 loops=1)
         Sort Key: s_4.a, s_4.b, s_4.c, s_4.d, s_4.e
         Sort Method: external merge  Disk: 2936kB
         ->  Seq Scan on s_4  (cost=0.00..1637.00 rows=100000 width=20) (actual time=0.006..5.620 rows=100000 loops=1)
 Planning time: 0.255 ms
 Execution time: 33.709 ms
(7 rows)

===== 297 [Wed Mar  7 02:06:25 CET 2018] scale:100000 groups:1000 work_mem:16MB incremental:on max_workers:2 =====
SELECT * FROM s_1 ORDER BY a, b
                                                                QUERY PLAN                                                                
------------------------------------------------------------------------------------------------------------------------------------------
 Limit  (cost=9335.52..9335.52 rows=1 width=20) (actual time=39.299..39.299 rows=0 loops=1)
   ->  Incremental Sort  (cost=6.85..8335.52 rows=100000 width=20) (actual time=0.065..37.086 rows=100000 loops=1)
         Sort Key: s_1.a, s_1.b
         Presorted Key: s_1.a
         Sort Method: quicksort  Memory: 35kB
         Sort Groups: 1001
         ->  Index Scan using s_1_a_idx on s_1  (cost=0.29..3244.29 rows=100000 width=20) (actual time=0.012..11.737 rows=100000 loops=1)
 Planning time: 0.265 ms
 Execution time: 39.323 ms
(9 rows)

===== 298 [Wed Mar  7 02:06:26 CET 2018] scale:100000 groups:1000 work_mem:16MB incremental:on max_workers:2 =====
SELECT * FROM s_2 ORDER BY a, b, c
                                                                 QUERY PLAN                                                                 
--------------------------------------------------------------------------------------------------------------------------------------------
 Limit  (cost=8690.01..8690.01 rows=1 width=20) (actual time=28.449..28.449 rows=0 loops=1)
   ->  Incremental Sort  (cost=0.87..7690.01 rows=100000 width=20) (actual time=0.053..26.261 rows=100000 loops=1)
         Sort Key: s_2.a, s_2.b, s_2.c
         Presorted Key: s_2.a, s_2.b
         Sort Method: quicksort  Memory: 27kB
         Sort Groups: 3120
         ->  Index Scan using s_2_a_b_idx on s_2  (cost=0.29..4079.04 rows=100000 width=20) (actual time=0.012..11.541 rows=100000 loops=1)
 Planning time: 0.288 ms
 Execution time: 28.469 ms
(9 rows)

===== 299 [Wed Mar  7 02:06:26 CET 2018] scale:100000 groups:1000 work_mem:16MB incremental:on max_workers:2 =====
SELECT * FROM s_3 ORDER BY a, b, c, d
                                                                  QUERY PLAN                                                                  
----------------------------------------------------------------------------------------------------------------------------------------------
 Limit  (cost=9138.13..9138.13 rows=1 width=20) (actual time=26.529..26.529 rows=0 loops=1)
   ->  Incremental Sort  (cost=1.04..8138.13 rows=100000 width=20) (actual time=0.060..24.347 rows=100000 loops=1)
         Sort Key: s_3.a, s_3.b, s_3.c, s_3.d
         Presorted Key: s_3.a, s_3.b, s_3.c
         Sort Method: quicksort  Memory: 27kB
         Sort Groups: 3125
         ->  Index Scan using s_3_a_b_c_idx on s_3  (cost=0.42..4527.17 rows=100000 width=20) (actual time=0.015..11.882 rows=100000 loops=1)
 Planning time: 0.285 ms
 Execution time: 26.550 ms
(9 rows)

===== 300 [Wed Mar  7 02:06:26 CET 2018] scale:100000 groups:1000 work_mem:16MB incremental:on max_workers:2 =====
SELECT * FROM s_4 ORDER BY a, b, c, d, e
                                                                   QUERY PLAN                                                                   
------------------------------------------------------------------------------------------------------------------------------------------------
 Limit  (cost=9138.13..9138.13 rows=1 width=20) (actual time=26.345..26.345 rows=0 loops=1)
   ->  Incremental Sort  (cost=1.04..8138.13 rows=100000 width=20) (actual time=0.056..24.137 rows=100000 loops=1)
         Sort Key: s_4.a, s_4.b, s_4.c, s_4.d, s_4.e
         Presorted Key: s_4.a, s_4.b, s_4.c, s_4.d
         Sort Method: quicksort  Memory: 27kB
         Sort Groups: 3125
         ->  Index Scan using s_4_a_b_c_d_idx on s_4  (cost=0.42..4527.17 rows=100000 width=20) (actual time=0.012..11.854 rows=100000 loops=1)
 Planning time: 0.271 ms
 Execution time: 26.366 ms
(9 rows)

===== 301 [Wed Mar  7 02:06:26 CET 2018] scale:100000 groups:1000 work_mem:16MB incremental:off max_workers:2 =====
SELECT * FROM s_1 ORDER BY a, b
                                                      QUERY PLAN                                                       
-----------------------------------------------------------------------------------------------------------------------
 Limit  (cost=11191.82..11191.82 rows=1 width=20) (actual time=44.326..44.326 rows=0 loops=1)
   ->  Sort  (cost=9941.82..10191.82 rows=100000 width=20) (actual time=36.867..42.154 rows=100000 loops=1)
         Sort Key: s_1.a, s_1.b
         Sort Method: quicksort  Memory: 10885kB
         ->  Seq Scan on s_1  (cost=0.00..1637.00 rows=100000 width=20) (actual time=0.007..5.606 rows=100000 loops=1)
 Planning time: 0.254 ms
 Execution time: 44.798 ms
(7 rows)

===== 302 [Wed Mar  7 02:06:26 CET 2018] scale:100000 groups:1000 work_mem:16MB incremental:off max_workers:2 =====
SELECT * FROM s_2 ORDER BY a, b, c
                                                      QUERY PLAN                                                       
-----------------------------------------------------------------------------------------------------------------------
 Limit  (cost=11191.82..11191.82 rows=1 width=20) (actual time=36.592..36.592 rows=0 loops=1)
   ->  Sort  (cost=9941.82..10191.82 rows=100000 width=20) (actual time=31.104..34.409 rows=100000 loops=1)
         Sort Key: s_2.a, s_2.b, s_2.c
         Sort Method: quicksort  Memory: 10885kB
         ->  Seq Scan on s_2  (cost=0.00..1637.00 rows=100000 width=20) (actual time=0.010..5.589 rows=100000 loops=1)
 Planning time: 0.262 ms
 Execution time: 37.064 ms
(7 rows)

===== 303 [Wed Mar  7 02:06:27 CET 2018] scale:100000 groups:1000 work_mem:16MB incremental:off max_workers:2 =====
SELECT * FROM s_3 ORDER BY a, b, c, d
                                                      QUERY PLAN                                                       
-----------------------------------------------------------------------------------------------------------------------
 Limit  (cost=11191.82..11191.82 rows=1 width=20) (actual time=25.584..25.584 rows=0 loops=1)
   ->  Sort  (cost=9941.82..10191.82 rows=100000 width=20) (actual time=20.109..23.416 rows=100000 loops=1)
         Sort Key: s_3.a, s_3.b, s_3.c, s_3.d
         Sort Method: quicksort  Memory: 10885kB
         ->  Seq Scan on s_3  (cost=0.00..1637.00 rows=100000 width=20) (actual time=0.010..5.624 rows=100000 loops=1)
 Planning time: 0.270 ms
 Execution time: 26.062 ms
(7 rows)

===== 304 [Wed Mar  7 02:06:27 CET 2018] scale:100000 groups:1000 work_mem:16MB incremental:off max_workers:2 =====
SELECT * FROM s_4 ORDER BY a, b, c, d, e
                                                      QUERY PLAN                                                       
-----------------------------------------------------------------------------------------------------------------------
 Limit  (cost=11191.82..11191.82 rows=1 width=20) (actual time=23.209..23.209 rows=0 loops=1)
   ->  Sort  (cost=9941.82..10191.82 rows=100000 width=20) (actual time=17.691..21.020 rows=100000 loops=1)
         Sort Key: s_4.a, s_4.b, s_4.c, s_4.d, s_4.e
         Sort Method: quicksort  Memory: 10885kB
         ->  Seq Scan on s_4  (cost=0.00..1637.00 rows=100000 width=20) (actual time=0.007..5.619 rows=100000 loops=1)
 Planning time: 0.256 ms
 Execution time: 23.686 ms
(7 rows)

===== 305 [Wed Mar  7 02:06:27 CET 2018] scale:100000 groups:1000 work_mem:32MB incremental:on max_workers:2 =====
SELECT * FROM s_1 ORDER BY a, b
                                                                QUERY PLAN                                                                
------------------------------------------------------------------------------------------------------------------------------------------
 Limit  (cost=9335.52..9335.52 rows=1 width=20) (actual time=39.312..39.312 rows=0 loops=1)
   ->  Incremental Sort  (cost=6.85..8335.52 rows=100000 width=20) (actual time=0.066..37.107 rows=100000 loops=1)
         Sort Key: s_1.a, s_1.b
         Presorted Key: s_1.a
         Sort Method: quicksort  Memory: 35kB
         Sort Groups: 1001
         ->  Index Scan using s_1_a_idx on s_1  (cost=0.29..3244.29 rows=100000 width=20) (actual time=0.012..11.742 rows=100000 loops=1)
 Planning time: 0.271 ms
 Execution time: 39.337 ms
(9 rows)

===== 306 [Wed Mar  7 02:06:27 CET 2018] scale:100000 groups:1000 work_mem:32MB incremental:on max_workers:2 =====
SELECT * FROM s_2 ORDER BY a, b, c
                                                                 QUERY PLAN                                                                 
--------------------------------------------------------------------------------------------------------------------------------------------
 Limit  (cost=8690.01..8690.01 rows=1 width=20) (actual time=28.443..28.443 rows=0 loops=1)
   ->  Incremental Sort  (cost=0.87..7690.01 rows=100000 width=20) (actual time=0.051..26.260 rows=100000 loops=1)
         Sort Key: s_2.a, s_2.b, s_2.c
         Presorted Key: s_2.a, s_2.b
         Sort Method: quicksort  Memory: 27kB
         Sort Groups: 3120
         ->  Index Scan using s_2_a_b_idx on s_2  (cost=0.29..4079.04 rows=100000 width=20) (actual time=0.012..11.566 rows=100000 loops=1)
 Planning time: 0.286 ms
 Execution time: 28.464 ms
(9 rows)

===== 307 [Wed Mar  7 02:06:28 CET 2018] scale:100000 groups:1000 work_mem:32MB incremental:on max_workers:2 =====
SELECT * FROM s_3 ORDER BY a, b, c, d
                                                                  QUERY PLAN                                                                  
----------------------------------------------------------------------------------------------------------------------------------------------
 Limit  (cost=9138.13..9138.13 rows=1 width=20) (actual time=26.537..26.537 rows=0 loops=1)
   ->  Incremental Sort  (cost=1.04..8138.13 rows=100000 width=20) (actual time=0.070..24.351 rows=100000 loops=1)
         Sort Key: s_3.a, s_3.b, s_3.c, s_3.d
         Presorted Key: s_3.a, s_3.b, s_3.c
         Sort Method: quicksort  Memory: 27kB
         Sort Groups: 3125
         ->  Index Scan using s_3_a_b_c_idx on s_3  (cost=0.42..4527.17 rows=100000 width=20) (actual time=0.015..11.879 rows=100000 loops=1)
 Planning time: 0.282 ms
 Execution time: 26.560 ms
(9 rows)

===== 308 [Wed Mar  7 02:06:28 CET 2018] scale:100000 groups:1000 work_mem:32MB incremental:on max_workers:2 =====
SELECT * FROM s_4 ORDER BY a, b, c, d, e
                                                                   QUERY PLAN                                                                   
------------------------------------------------------------------------------------------------------------------------------------------------
 Limit  (cost=9138.13..9138.13 rows=1 width=20) (actual time=26.353..26.353 rows=0 loops=1)
   ->  Incremental Sort  (cost=1.04..8138.13 rows=100000 width=20) (actual time=0.058..24.139 rows=100000 loops=1)
         Sort Key: s_4.a, s_4.b, s_4.c, s_4.d, s_4.e
         Presorted Key: s_4.a, s_4.b, s_4.c, s_4.d
         Sort Method: quicksort  Memory: 27kB
         Sort Groups: 3125
         ->  Index Scan using s_4_a_b_c_d_idx on s_4  (cost=0.42..4527.17 rows=100000 width=20) (actual time=0.012..11.839 rows=100000 loops=1)
 Planning time: 0.272 ms
 Execution time: 26.374 ms
(9 rows)

===== 309 [Wed Mar  7 02:06:28 CET 2018] scale:100000 groups:1000 work_mem:32MB incremental:off max_workers:2 =====
SELECT * FROM s_1 ORDER BY a, b
                                                      QUERY PLAN                                                       
-----------------------------------------------------------------------------------------------------------------------
 Limit  (cost=11191.82..11191.82 rows=1 width=20) (actual time=44.357..44.357 rows=0 loops=1)
   ->  Sort  (cost=9941.82..10191.82 rows=100000 width=20) (actual time=36.873..42.180 rows=100000 loops=1)
         Sort Key: s_1.a, s_1.b
         Sort Method: quicksort  Memory: 10885kB
         ->  Seq Scan on s_1  (cost=0.00..1637.00 rows=100000 width=20) (actual time=0.007..5.606 rows=100000 loops=1)
 Planning time: 0.260 ms
 Execution time: 44.830 ms
(7 rows)

===== 310 [Wed Mar  7 02:06:28 CET 2018] scale:100000 groups:1000 work_mem:32MB incremental:off max_workers:2 =====
SELECT * FROM s_2 ORDER BY a, b, c
                                                      QUERY PLAN                                                       
-----------------------------------------------------------------------------------------------------------------------
 Limit  (cost=11191.82..11191.82 rows=1 width=20) (actual time=36.591..36.591 rows=0 loops=1)
   ->  Sort  (cost=9941.82..10191.82 rows=100000 width=20) (actual time=31.109..34.415 rows=100000 loops=1)
         Sort Key: s_2.a, s_2.b, s_2.c
         Sort Method: quicksort  Memory: 10885kB
         ->  Seq Scan on s_2  (cost=0.00..1637.00 rows=100000 width=20) (actual time=0.010..5.577 rows=100000 loops=1)
 Planning time: 0.265 ms
 Execution time: 37.068 ms
(7 rows)

===== 311 [Wed Mar  7 02:06:28 CET 2018] scale:100000 groups:1000 work_mem:32MB incremental:off max_workers:2 =====
SELECT * FROM s_3 ORDER BY a, b, c, d
                                                      QUERY PLAN                                                       
-----------------------------------------------------------------------------------------------------------------------
 Limit  (cost=11191.82..11191.82 rows=1 width=20) (actual time=25.595..25.595 rows=0 loops=1)
   ->  Sort  (cost=9941.82..10191.82 rows=100000 width=20) (actual time=20.117..23.429 rows=100000 loops=1)
         Sort Key: s_3.a, s_3.b, s_3.c, s_3.d
         Sort Method: quicksort  Memory: 10885kB
         ->  Seq Scan on s_3  (cost=0.00..1637.00 rows=100000 width=20) (actual time=0.010..5.619 rows=100000 loops=1)
 Planning time: 0.264 ms
 Execution time: 26.071 ms
(7 rows)

===== 312 [Wed Mar  7 02:06:29 CET 2018] scale:100000 groups:1000 work_mem:32MB incremental:off max_workers:2 =====
SELECT * FROM s_4 ORDER BY a, b, c, d, e
                                                      QUERY PLAN                                                       
-----------------------------------------------------------------------------------------------------------------------
 Limit  (cost=11191.82..11191.82 rows=1 width=20) (actual time=23.277..23.277 rows=0 loops=1)
   ->  Sort  (cost=9941.82..10191.82 rows=100000 width=20) (actual time=17.745..21.091 rows=100000 loops=1)
         Sort Key: s_4.a, s_4.b, s_4.c, s_4.d, s_4.e
         Sort Method: quicksort  Memory: 10885kB
         ->  Seq Scan on s_4  (cost=0.00..1637.00 rows=100000 width=20) (actual time=0.007..5.633 rows=100000 loops=1)
 Planning time: 0.257 ms
 Execution time: 23.751 ms
(7 rows)

===== 313 [Wed Mar  7 02:06:29 CET 2018] scale:100000 groups:1000 work_mem:64MB incremental:on max_workers:2 =====
SELECT * FROM s_1 ORDER BY a, b
                                                                QUERY PLAN                                                                
------------------------------------------------------------------------------------------------------------------------------------------
 Limit  (cost=9335.52..9335.52 rows=1 width=20) (actual time=39.300..39.300 rows=0 loops=1)
   ->  Incremental Sort  (cost=6.85..8335.52 rows=100000 width=20) (actual time=0.066..37.085 rows=100000 loops=1)
         Sort Key: s_1.a, s_1.b
         Presorted Key: s_1.a
         Sort Method: quicksort  Memory: 35kB
         Sort Groups: 1001
         ->  Index Scan using s_1_a_idx on s_1  (cost=0.29..3244.29 rows=100000 width=20) (actual time=0.012..11.746 rows=100000 loops=1)
 Planning time: 0.264 ms
 Execution time: 39.324 ms
(9 rows)

===== 314 [Wed Mar  7 02:06:29 CET 2018] scale:100000 groups:1000 work_mem:64MB incremental:on max_workers:2 =====
SELECT * FROM s_2 ORDER BY a, b, c
                                                                 QUERY PLAN                                                                 
--------------------------------------------------------------------------------------------------------------------------------------------
 Limit  (cost=8690.01..8690.01 rows=1 width=20) (actual time=28.456..28.456 rows=0 loops=1)
   ->  Incremental Sort  (cost=0.87..7690.01 rows=100000 width=20) (actual time=0.053..26.270 rows=100000 loops=1)
         Sort Key: s_2.a, s_2.b, s_2.c
         Presorted Key: s_2.a, s_2.b
         Sort Method: quicksort  Memory: 27kB
         Sort Groups: 3120
         ->  Index Scan using s_2_a_b_idx on s_2  (cost=0.29..4079.04 rows=100000 width=20) (actual time=0.012..11.557 rows=100000 loops=1)
 Planning time: 0.272 ms
 Execution time: 28.478 ms
(9 rows)

===== 315 [Wed Mar  7 02:06:29 CET 2018] scale:100000 groups:1000 work_mem:64MB incremental:on max_workers:2 =====
SELECT * FROM s_3 ORDER BY a, b, c, d
                                                                  QUERY PLAN                                                                  
----------------------------------------------------------------------------------------------------------------------------------------------
 Limit  (cost=9138.13..9138.13 rows=1 width=20) (actual time=26.529..26.529 rows=0 loops=1)
   ->  Incremental Sort  (cost=1.04..8138.13 rows=100000 width=20) (actual time=0.061..24.350 rows=100000 loops=1)
         Sort Key: s_3.a, s_3.b, s_3.c, s_3.d
         Presorted Key: s_3.a, s_3.b, s_3.c
         Sort Method: quicksort  Memory: 27kB
         Sort Groups: 3125
         ->  Index Scan using s_3_a_b_c_idx on s_3  (cost=0.42..4527.17 rows=100000 width=20) (actual time=0.016..11.876 rows=100000 loops=1)
 Planning time: 0.280 ms
 Execution time: 26.551 ms
(9 rows)

===== 316 [Wed Mar  7 02:06:30 CET 2018] scale:100000 groups:1000 work_mem:64MB incremental:on max_workers:2 =====
SELECT * FROM s_4 ORDER BY a, b, c, d, e
                                                                   QUERY PLAN                                                                   
------------------------------------------------------------------------------------------------------------------------------------------------
 Limit  (cost=9138.13..9138.13 rows=1 width=20) (actual time=26.339..26.339 rows=0 loops=1)
   ->  Incremental Sort  (cost=1.04..8138.13 rows=100000 width=20) (actual time=0.058..24.129 rows=100000 loops=1)
         Sort Key: s_4.a, s_4.b, s_4.c, s_4.d, s_4.e
         Presorted Key: s_4.a, s_4.b, s_4.c, s_4.d
         Sort Method: quicksort  Memory: 27kB
         Sort Groups: 3125
         ->  Index Scan using s_4_a_b_c_d_idx on s_4  (cost=0.42..4527.17 rows=100000 width=20) (actual time=0.012..11.824 rows=100000 loops=1)
 Planning time: 0.269 ms
 Execution time: 26.360 ms
(9 rows)

===== 317 [Wed Mar  7 02:06:30 CET 2018] scale:100000 groups:1000 work_mem:64MB incremental:off max_workers:2 =====
SELECT * FROM s_1 ORDER BY a, b
                                                      QUERY PLAN                                                       
-----------------------------------------------------------------------------------------------------------------------
 Limit  (cost=11191.82..11191.82 rows=1 width=20) (actual time=44.386..44.386 rows=0 loops=1)
   ->  Sort  (cost=9941.82..10191.82 rows=100000 width=20) (actual time=36.920..42.220 rows=100000 loops=1)
         Sort Key: s_1.a, s_1.b
         Sort Method: quicksort  Memory: 10885kB
         ->  Seq Scan on s_1  (cost=0.00..1637.00 rows=100000 width=20) (actual time=0.007..5.608 rows=100000 loops=1)
 Planning time: 0.252 ms
 Execution time: 44.864 ms
(7 rows)

===== 318 [Wed Mar  7 02:06:30 CET 2018] scale:100000 groups:1000 work_mem:64MB incremental:off max_workers:2 =====
SELECT * FROM s_2 ORDER BY a, b, c
                                                      QUERY PLAN                                                       
-----------------------------------------------------------------------------------------------------------------------
 Limit  (cost=11191.82..11191.82 rows=1 width=20) (actual time=36.635..36.635 rows=0 loops=1)
   ->  Sort  (cost=9941.82..10191.82 rows=100000 width=20) (actual time=31.136..34.434 rows=100000 loops=1)
         Sort Key: s_2.a, s_2.b, s_2.c
         Sort Method: quicksort  Memory: 10885kB
         ->  Seq Scan on s_2  (cost=0.00..1637.00 rows=100000 width=20) (actual time=0.010..5.587 rows=100000 loops=1)
 Planning time: 0.263 ms
 Execution time: 37.106 ms
(7 rows)

===== 319 [Wed Mar  7 02:06:30 CET 2018] scale:100000 groups:1000 work_mem:64MB incremental:off max_workers:2 =====
SELECT * FROM s_3 ORDER BY a, b, c, d
                                                      QUERY PLAN                                                       
-----------------------------------------------------------------------------------------------------------------------
 Limit  (cost=11191.82..11191.82 rows=1 width=20) (actual time=25.619..25.619 rows=0 loops=1)
   ->  Sort  (cost=9941.82..10191.82 rows=100000 width=20) (actual time=20.144..23.448 rows=100000 loops=1)
         Sort Key: s_3.a, s_3.b, s_3.c, s_3.d
         Sort Method: quicksort  Memory: 10885kB
         ->  Seq Scan on s_3  (cost=0.00..1637.00 rows=100000 width=20) (actual time=0.011..5.621 rows=100000 loops=1)
 Planning time: 0.270 ms
 Execution time: 26.100 ms
(7 rows)

===== 320 [Wed Mar  7 02:06:30 CET 2018] scale:100000 groups:1000 work_mem:64MB incremental:off max_workers:2 =====
SELECT * FROM s_4 ORDER BY a, b, c, d, e
                                                      QUERY PLAN                                                       
-----------------------------------------------------------------------------------------------------------------------
 Limit  (cost=11191.82..11191.82 rows=1 width=20) (actual time=23.226..23.226 rows=0 loops=1)
   ->  Sort  (cost=9941.82..10191.82 rows=100000 width=20) (actual time=17.706..21.041 rows=100000 loops=1)
         Sort Key: s_4.a, s_4.b, s_4.c, s_4.d, s_4.e
         Sort Method: quicksort  Memory: 10885kB
         ->  Seq Scan on s_4  (cost=0.00..1637.00 rows=100000 width=20) (actual time=0.007..5.624 rows=100000 loops=1)
 Planning time: 0.254 ms
 Execution time: 23.701 ms
(7 rows)

===== 321 [Wed Mar  7 02:06:31 CET 2018] scale:100000 groups:1000 work_mem:128MB incremental:on max_workers:2 =====
SELECT * FROM s_1 ORDER BY a, b
                                                                QUERY PLAN                                                                
------------------------------------------------------------------------------------------------------------------------------------------
 Limit  (cost=9335.52..9335.52 rows=1 width=20) (actual time=39.297..39.297 rows=0 loops=1)
   ->  Incremental Sort  (cost=6.85..8335.52 rows=100000 width=20) (actual time=0.066..37.090 rows=100000 loops=1)
         Sort Key: s_1.a, s_1.b
         Presorted Key: s_1.a
         Sort Method: quicksort  Memory: 35kB
         Sort Groups: 1001
         ->  Index Scan using s_1_a_idx on s_1  (cost=0.29..3244.29 rows=100000 width=20) (actual time=0.012..11.755 rows=100000 loops=1)
 Planning time: 0.268 ms
 Execution time: 39.328 ms
(9 rows)

===== 322 [Wed Mar  7 02:06:31 CET 2018] scale:100000 groups:1000 work_mem:128MB incremental:on max_workers:2 =====
SELECT * FROM s_2 ORDER BY a, b, c
                                                                 QUERY PLAN                                                                 
--------------------------------------------------------------------------------------------------------------------------------------------
 Limit  (cost=8690.01..8690.01 rows=1 width=20) (actual time=28.437..28.437 rows=0 loops=1)
   ->  Incremental Sort  (cost=0.87..7690.01 rows=100000 width=20) (actual time=0.053..26.249 rows=100000 loops=1)
         Sort Key: s_2.a, s_2.b, s_2.c
         Presorted Key: s_2.a, s_2.b
         Sort Method: quicksort  Memory: 27kB
         Sort Groups: 3120
         ->  Index Scan using s_2_a_b_idx on s_2  (cost=0.29..4079.04 rows=100000 width=20) (actual time=0.012..11.556 rows=100000 loops=1)
 Planning time: 0.276 ms
 Execution time: 28.458 ms
(9 rows)

===== 323 [Wed Mar  7 02:06:31 CET 2018] scale:100000 groups:1000 work_mem:128MB incremental:on max_workers:2 =====
SELECT * FROM s_3 ORDER BY a, b, c, d
                                                                  QUERY PLAN                                                                  
----------------------------------------------------------------------------------------------------------------------------------------------
 Limit  (cost=9138.13..9138.13 rows=1 width=20) (actual time=26.531..26.531 rows=0 loops=1)
   ->  Incremental Sort  (cost=1.04..8138.13 rows=100000 width=20) (actual time=0.061..24.349 rows=100000 loops=1)
         Sort Key: s_3.a, s_3.b, s_3.c, s_3.d
         Presorted Key: s_3.a, s_3.b, s_3.c
         Sort Method: quicksort  Memory: 27kB
         Sort Groups: 3125
         ->  Index Scan using s_3_a_b_c_idx on s_3  (cost=0.42..4527.17 rows=100000 width=20) (actual time=0.016..11.863 rows=100000 loops=1)
 Planning time: 0.279 ms
 Execution time: 26.552 ms
(9 rows)

===== 324 [Wed Mar  7 02:06:31 CET 2018] scale:100000 groups:1000 work_mem:128MB incremental:on max_workers:2 =====
SELECT * FROM s_4 ORDER BY a, b, c, d, e
                                                                   QUERY PLAN                                                                   
------------------------------------------------------------------------------------------------------------------------------------------------
 Limit  (cost=9138.13..9138.13 rows=1 width=20) (actual time=26.364..26.364 rows=0 loops=1)
   ->  Incremental Sort  (cost=1.04..8138.13 rows=100000 width=20) (actual time=0.058..24.158 rows=100000 loops=1)
         Sort Key: s_4.a, s_4.b, s_4.c, s_4.d, s_4.e
         Presorted Key: s_4.a, s_4.b, s_4.c, s_4.d
         Sort Method: quicksort  Memory: 27kB
         Sort Groups: 3125
         ->  Index Scan using s_4_a_b_c_d_idx on s_4  (cost=0.42..4527.17 rows=100000 width=20) (actual time=0.012..11.867 rows=100000 loops=1)
 Planning time: 0.280 ms
 Execution time: 26.386 ms
(9 rows)

===== 325 [Wed Mar  7 02:06:31 CET 2018] scale:100000 groups:1000 work_mem:128MB incremental:off max_workers:2 =====
SELECT * FROM s_1 ORDER BY a, b
                                                      QUERY PLAN                                                       
-----------------------------------------------------------------------------------------------------------------------
 Limit  (cost=11191.82..11191.82 rows=1 width=20) (actual time=44.334..44.334 rows=0 loops=1)
   ->  Sort  (cost=9941.82..10191.82 rows=100000 width=20) (actual time=36.859..42.160 rows=100000 loops=1)
         Sort Key: s_1.a, s_1.b
         Sort Method: quicksort  Memory: 10885kB
         ->  Seq Scan on s_1  (cost=0.00..1637.00 rows=100000 width=20) (actual time=0.007..5.601 rows=100000 loops=1)
 Planning time: 0.264 ms
 Execution time: 44.806 ms
(7 rows)

===== 326 [Wed Mar  7 02:06:32 CET 2018] scale:100000 groups:1000 work_mem:128MB incremental:off max_workers:2 =====
SELECT * FROM s_2 ORDER BY a, b, c
                                                      QUERY PLAN                                                       
-----------------------------------------------------------------------------------------------------------------------
 Limit  (cost=11191.82..11191.82 rows=1 width=20) (actual time=36.578..36.578 rows=0 loops=1)
   ->  Sort  (cost=9941.82..10191.82 rows=100000 width=20) (actual time=31.101..34.401 rows=100000 loops=1)
         Sort Key: s_2.a, s_2.b, s_2.c
         Sort Method: quicksort  Memory: 10885kB
         ->  Seq Scan on s_2  (cost=0.00..1637.00 rows=100000 width=20) (actual time=0.010..5.572 rows=100000 loops=1)
 Planning time: 0.271 ms
 Execution time: 37.053 ms
(7 rows)

===== 327 [Wed Mar  7 02:06:32 CET 2018] scale:100000 groups:1000 work_mem:128MB incremental:off max_workers:2 =====
SELECT * FROM s_3 ORDER BY a, b, c, d
                                                      QUERY PLAN                                                       
-----------------------------------------------------------------------------------------------------------------------
 Limit  (cost=11191.82..11191.82 rows=1 width=20) (actual time=25.607..25.607 rows=0 loops=1)
   ->  Sort  (cost=9941.82..10191.82 rows=100000 width=20) (actual time=20.125..23.442 rows=100000 loops=1)
         Sort Key: s_3.a, s_3.b, s_3.c, s_3.d
         Sort Method: quicksort  Memory: 10885kB
         ->  Seq Scan on s_3  (cost=0.00..1637.00 rows=100000 width=20) (actual time=0.010..5.620 rows=100000 loops=1)
 Planning time: 0.264 ms
 Execution time: 26.082 ms
(7 rows)

===== 328 [Wed Mar  7 02:06:32 CET 2018] scale:100000 groups:1000 work_mem:128MB incremental:off max_workers:2 =====
SELECT * FROM s_4 ORDER BY a, b, c, d, e
                                                      QUERY PLAN                                                       
-----------------------------------------------------------------------------------------------------------------------
 Limit  (cost=11191.82..11191.82 rows=1 width=20) (actual time=23.226..23.226 rows=0 loops=1)
   ->  Sort  (cost=9941.82..10191.82 rows=100000 width=20) (actual time=17.710..21.046 rows=100000 loops=1)
         Sort Key: s_4.a, s_4.b, s_4.c, s_4.d, s_4.e
         Sort Method: quicksort  Memory: 10885kB
         ->  Seq Scan on s_4  (cost=0.00..1637.00 rows=100000 width=20) (actual time=0.007..5.619 rows=100000 loops=1)
 Planning time: 0.258 ms
 Execution time: 23.704 ms
(7 rows)

===== 329 [Wed Mar  7 02:06:32 CET 2018] scale:100000 groups:1000 work_mem:256MB incremental:on max_workers:2 =====
SELECT * FROM s_1 ORDER BY a, b
                                                                QUERY PLAN                                                                
------------------------------------------------------------------------------------------------------------------------------------------
 Limit  (cost=9335.52..9335.52 rows=1 width=20) (actual time=38.537..38.537 rows=0 loops=1)
   ->  Incremental Sort  (cost=6.85..8335.52 rows=100000 width=20) (actual time=0.078..36.359 rows=100000 loops=1)
         Sort Key: s_1.a, s_1.b
         Presorted Key: s_1.a
         Sort Method: quicksort  Memory: 35kB
         Sort Groups: 1001
         ->  Index Scan using s_1_a_idx on s_1  (cost=0.29..3244.29 rows=100000 width=20) (actual time=0.012..11.532 rows=100000 loops=1)
 Planning time: 0.267 ms
 Execution time: 38.558 ms
(9 rows)

===== 330 [Wed Mar  7 02:06:33 CET 2018] scale:100000 groups:1000 work_mem:256MB incremental:on max_workers:2 =====
SELECT * FROM s_2 ORDER BY a, b, c
                                                                 QUERY PLAN                                                                 
--------------------------------------------------------------------------------------------------------------------------------------------
 Limit  (cost=8690.01..8690.01 rows=1 width=20) (actual time=28.679..28.679 rows=0 loops=1)
   ->  Incremental Sort  (cost=0.87..7690.01 rows=100000 width=20) (actual time=0.053..26.460 rows=100000 loops=1)
         Sort Key: s_2.a, s_2.b, s_2.c
         Presorted Key: s_2.a, s_2.b
         Sort Method: quicksort  Memory: 27kB
         Sort Groups: 3120
         ->  Index Scan using s_2_a_b_idx on s_2  (cost=0.29..4079.04 rows=100000 width=20) (actual time=0.013..11.621 rows=100000 loops=1)
 Planning time: 0.275 ms
 Execution time: 28.700 ms
(9 rows)

===== 331 [Wed Mar  7 02:06:33 CET 2018] scale:100000 groups:1000 work_mem:256MB incremental:on max_workers:2 =====
SELECT * FROM s_3 ORDER BY a, b, c, d
                                                                  QUERY PLAN                                                                  
----------------------------------------------------------------------------------------------------------------------------------------------
 Limit  (cost=9138.13..9138.13 rows=1 width=20) (actual time=26.511..26.511 rows=0 loops=1)
   ->  Incremental Sort  (cost=1.04..8138.13 rows=100000 width=20) (actual time=0.062..24.298 rows=100000 loops=1)
         Sort Key: s_3.a, s_3.b, s_3.c, s_3.d
         Presorted Key: s_3.a, s_3.b, s_3.c
         Sort Method: quicksort  Memory: 27kB
         Sort Groups: 3125
         ->  Index Scan using s_3_a_b_c_idx on s_3  (cost=0.42..4527.17 rows=100000 width=20) (actual time=0.015..11.838 rows=100000 loops=1)
 Planning time: 0.281 ms
 Execution time: 26.533 ms
(9 rows)

===== 332 [Wed Mar  7 02:06:33 CET 2018] scale:100000 groups:1000 work_mem:256MB incremental:on max_workers:2 =====
SELECT * FROM s_4 ORDER BY a, b, c, d, e
                                                                   QUERY PLAN                                                                   
------------------------------------------------------------------------------------------------------------------------------------------------
 Limit  (cost=9138.13..9138.13 rows=1 width=20) (actual time=26.127..26.127 rows=0 loops=1)
   ->  Incremental Sort  (cost=1.04..8138.13 rows=100000 width=20) (actual time=0.062..23.951 rows=100000 loops=1)
         Sort Key: s_4.a, s_4.b, s_4.c, s_4.d, s_4.e
         Presorted Key: s_4.a, s_4.b, s_4.c, s_4.d
         Sort Method: quicksort  Memory: 27kB
         Sort Groups: 3125
         ->  Index Scan using s_4_a_b_c_d_idx on s_4  (cost=0.42..4527.17 rows=100000 width=20) (actual time=0.012..11.820 rows=100000 loops=1)
 Planning time: 0.265 ms
 Execution time: 26.148 ms
(9 rows)

===== 333 [Wed Mar  7 02:06:33 CET 2018] scale:100000 groups:1000 work_mem:256MB incremental:off max_workers:2 =====
SELECT * FROM s_1 ORDER BY a, b
                                                      QUERY PLAN                                                       
-----------------------------------------------------------------------------------------------------------------------
 Limit  (cost=11191.82..11191.82 rows=1 width=20) (actual time=44.324..44.324 rows=0 loops=1)
   ->  Sort  (cost=9941.82..10191.82 rows=100000 width=20) (actual time=36.850..42.149 rows=100000 loops=1)
         Sort Key: s_1.a, s_1.b
         Sort Method: quicksort  Memory: 10885kB
         ->  Seq Scan on s_1  (cost=0.00..1637.00 rows=100000 width=20) (actual time=0.007..5.610 rows=100000 loops=1)
 Planning time: 0.266 ms
 Execution time: 44.800 ms
(7 rows)

===== 334 [Wed Mar  7 02:06:34 CET 2018] scale:100000 groups:1000 work_mem:256MB incremental:off max_workers:2 =====
SELECT * FROM s_2 ORDER BY a, b, c
                                                      QUERY PLAN                                                       
-----------------------------------------------------------------------------------------------------------------------
 Limit  (cost=11191.82..11191.82 rows=1 width=20) (actual time=36.598..36.598 rows=0 loops=1)
   ->  Sort  (cost=9941.82..10191.82 rows=100000 width=20) (actual time=31.114..34.424 rows=100000 loops=1)
         Sort Key: s_2.a, s_2.b, s_2.c
         Sort Method: quicksort  Memory: 10885kB
         ->  Seq Scan on s_2  (cost=0.00..1637.00 rows=100000 width=20) (actual time=0.010..5.596 rows=100000 loops=1)
 Planning time: 0.267 ms
 Execution time: 37.075 ms
(7 rows)

===== 335 [Wed Mar  7 02:06:34 CET 2018] scale:100000 groups:1000 work_mem:256MB incremental:off max_workers:2 =====
SELECT * FROM s_3 ORDER BY a, b, c, d
                                                      QUERY PLAN                                                       
-----------------------------------------------------------------------------------------------------------------------
 Limit  (cost=11191.82..11191.82 rows=1 width=20) (actual time=25.589..25.589 rows=0 loops=1)
   ->  Sort  (cost=9941.82..10191.82 rows=100000 width=20) (actual time=20.119..23.412 rows=100000 loops=1)
         Sort Key: s_3.a, s_3.b, s_3.c, s_3.d
         Sort Method: quicksort  Memory: 10885kB
         ->  Seq Scan on s_3  (cost=0.00..1637.00 rows=100000 width=20) (actual time=0.010..5.631 rows=100000 loops=1)
 Planning time: 0.263 ms
 Execution time: 26.060 ms
(7 rows)

===== 336 [Wed Mar  7 02:06:34 CET 2018] scale:100000 groups:1000 work_mem:256MB incremental:off max_workers:2 =====
SELECT * FROM s_4 ORDER BY a, b, c, d, e
                                                      QUERY PLAN                                                       
-----------------------------------------------------------------------------------------------------------------------
 Limit  (cost=11191.82..11191.82 rows=1 width=20) (actual time=23.233..23.233 rows=0 loops=1)
   ->  Sort  (cost=9941.82..10191.82 rows=100000 width=20) (actual time=17.702..21.042 rows=100000 loops=1)
         Sort Key: s_4.a, s_4.b, s_4.c, s_4.d, s_4.e
         Sort Method: quicksort  Memory: 10885kB
         ->  Seq Scan on s_4  (cost=0.00..1637.00 rows=100000 width=20) (actual time=0.006..5.627 rows=100000 loops=1)
 Planning time: 0.256 ms
 Execution time: 23.707 ms
(7 rows)

===== 337 [Wed Mar  7 02:06:36 CET 2018] scale:100000 groups:10000 work_mem:4MB incremental:on max_workers:0 =====
SELECT * FROM s_1 ORDER BY a, b
                                                                QUERY PLAN                                                                
------------------------------------------------------------------------------------------------------------------------------------------
 Limit  (cost=7864.12..7864.12 rows=1 width=20) (actual time=34.840..34.840 rows=0 loops=1)
   ->  Incremental Sort  (cost=0.79..6864.12 rows=100000 width=20) (actual time=0.077..32.637 rows=100000 loops=1)
         Sort Key: s_1.a, s_1.b
         Presorted Key: s_1.a
         Sort Method: quicksort  Memory: 28kB
         Sort Groups: 2704
         ->  Index Scan using s_1_a_idx on s_1  (cost=0.29..3244.29 rows=100000 width=20) (actual time=0.022..12.970 rows=100000 loops=1)
 Planning time: 0.267 ms
 Execution time: 34.866 ms
(9 rows)

===== 338 [Wed Mar  7 02:06:36 CET 2018] scale:100000 groups:10000 work_mem:4MB incremental:on max_workers:0 =====
SELECT * FROM s_2 ORDER BY a, b, c
                                                                 QUERY PLAN                                                                 
--------------------------------------------------------------------------------------------------------------------------------------------
 Limit  (cost=8690.01..8690.01 rows=1 width=20) (actual time=27.192..27.192 rows=0 loops=1)
   ->  Incremental Sort  (cost=0.87..7690.01 rows=100000 width=20) (actual time=0.072..25.004 rows=100000 loops=1)
         Sort Key: s_2.a, s_2.b, s_2.c
         Presorted Key: s_2.a, s_2.b
         Sort Method: quicksort  Memory: 27kB
         Sort Groups: 3125
         ->  Index Scan using s_2_a_b_idx on s_2  (cost=0.29..4079.04 rows=100000 width=20) (actual time=0.030..12.763 rows=100000 loops=1)
 Planning time: 0.279 ms
 Execution time: 27.214 ms
(9 rows)

===== 339 [Wed Mar  7 02:06:36 CET 2018] scale:100000 groups:10000 work_mem:4MB incremental:on max_workers:0 =====
SELECT * FROM s_3 ORDER BY a, b, c, d
                                                                  QUERY PLAN                                                                  
----------------------------------------------------------------------------------------------------------------------------------------------
 Limit  (cost=9138.13..9138.13 rows=1 width=20) (actual time=28.280..28.280 rows=0 loops=1)
   ->  Incremental Sort  (cost=1.04..8138.13 rows=100000 width=20) (actual time=0.075..26.093 rows=100000 loops=1)
         Sort Key: s_3.a, s_3.b, s_3.c, s_3.d
         Presorted Key: s_3.a, s_3.b, s_3.c
         Sort Method: quicksort  Memory: 27kB
         Sort Groups: 3125
         ->  Index Scan using s_3_a_b_c_idx on s_3  (cost=0.42..4527.17 rows=100000 width=20) (actual time=0.033..13.509 rows=100000 loops=1)
 Planning time: 0.283 ms
 Execution time: 28.302 ms
(9 rows)

===== 340 [Wed Mar  7 02:06:36 CET 2018] scale:100000 groups:10000 work_mem:4MB incremental:on max_workers:0 =====
SELECT * FROM s_4 ORDER BY a, b, c, d, e
                                                                   QUERY PLAN                                                                   
------------------------------------------------------------------------------------------------------------------------------------------------
 Limit  (cost=9138.13..9138.13 rows=1 width=20) (actual time=27.971..27.971 rows=0 loops=1)
   ->  Incremental Sort  (cost=1.04..8138.13 rows=100000 width=20) (actual time=0.068..25.766 rows=100000 loops=1)
         Sort Key: s_4.a, s_4.b, s_4.c, s_4.d, s_4.e
         Presorted Key: s_4.a, s_4.b, s_4.c, s_4.d
         Sort Method: quicksort  Memory: 27kB
         Sort Groups: 3125
         ->  Index Scan using s_4_a_b_c_d_idx on s_4  (cost=0.42..4527.17 rows=100000 width=20) (actual time=0.026..13.396 rows=100000 loops=1)
 Planning time: 0.281 ms
 Execution time: 27.993 ms
(9 rows)

===== 341 [Wed Mar  7 02:06:36 CET 2018] scale:100000 groups:10000 work_mem:4MB incremental:off max_workers:0 =====
SELECT * FROM s_1 ORDER BY a, b
                                                      QUERY PLAN                                                       
-----------------------------------------------------------------------------------------------------------------------
 Limit  (cost=13242.82..13242.82 rows=1 width=20) (actual time=45.003..45.003 rows=0 loops=1)
   ->  Sort  (cost=11992.82..12242.82 rows=100000 width=20) (actual time=35.645..42.827 rows=100000 loops=1)
         Sort Key: s_1.a, s_1.b
         Sort Method: external merge  Disk: 2936kB
         ->  Seq Scan on s_1  (cost=0.00..1637.00 rows=100000 width=20) (actual time=0.007..5.492 rows=100000 loops=1)
 Planning time: 0.251 ms
 Execution time: 45.569 ms
(7 rows)

===== 342 [Wed Mar  7 02:06:37 CET 2018] scale:100000 groups:10000 work_mem:4MB incremental:off max_workers:0 =====
SELECT * FROM s_2 ORDER BY a, b, c
                                                      QUERY PLAN                                                       
-----------------------------------------------------------------------------------------------------------------------
 Limit  (cost=13242.82..13242.82 rows=1 width=20) (actual time=36.502..36.502 rows=0 loops=1)
   ->  Sort  (cost=11992.82..12242.82 rows=100000 width=20) (actual time=27.127..34.325 rows=100000 loops=1)
         Sort Key: s_2.a, s_2.b, s_2.c
         Sort Method: external merge  Disk: 2936kB
         ->  Seq Scan on s_2  (cost=0.00..1637.00 rows=100000 width=20) (actual time=0.010..5.473 rows=100000 loops=1)
 Planning time: 0.277 ms
 Execution time: 37.074 ms
(7 rows)

===== 343 [Wed Mar  7 02:06:37 CET 2018] scale:100000 groups:10000 work_mem:4MB incremental:off max_workers:0 =====
SELECT * FROM s_3 ORDER BY a, b, c, d
                                                      QUERY PLAN                                                       
-----------------------------------------------------------------------------------------------------------------------
 Limit  (cost=13242.82..13242.82 rows=1 width=20) (actual time=31.922..31.922 rows=0 loops=1)
   ->  Sort  (cost=11992.82..12242.82 rows=100000 width=20) (actual time=22.530..29.740 rows=100000 loops=1)
         Sort Key: s_3.a, s_3.b, s_3.c, s_3.d
         Sort Method: external merge  Disk: 2936kB
         ->  Seq Scan on s_3  (cost=0.00..1637.00 rows=100000 width=20) (actual time=0.010..5.501 rows=100000 loops=1)
 Planning time: 0.261 ms
 Execution time: 32.491 ms
(7 rows)

===== 344 [Wed Mar  7 02:06:37 CET 2018] scale:100000 groups:10000 work_mem:4MB incremental:off max_workers:0 =====
SELECT * FROM s_4 ORDER BY a, b, c, d, e
                                                      QUERY PLAN                                                       
-----------------------------------------------------------------------------------------------------------------------
 Limit  (cost=13242.82..13242.82 rows=1 width=20) (actual time=31.708..31.708 rows=0 loops=1)
   ->  Sort  (cost=11992.82..12242.82 rows=100000 width=20) (actual time=22.266..29.536 rows=100000 loops=1)
         Sort Key: s_4.a, s_4.b, s_4.c, s_4.d, s_4.e
         Sort Method: external merge  Disk: 2936kB
         ->  Seq Scan on s_4  (cost=0.00..1637.00 rows=100000 width=20) (actual time=0.007..5.503 rows=100000 loops=1)
 Planning time: 0.269 ms
 Execution time: 32.269 ms
(7 rows)

===== 345 [Wed Mar  7 02:06:37 CET 2018] scale:100000 groups:10000 work_mem:8MB incremental:on max_workers:0 =====
SELECT * FROM s_1 ORDER BY a, b
                                                                QUERY PLAN                                                                
------------------------------------------------------------------------------------------------------------------------------------------
 Limit  (cost=7864.12..7864.12 rows=1 width=20) (actual time=32.729..32.729 rows=0 loops=1)
   ->  Incremental Sort  (cost=0.79..6864.12 rows=100000 width=20) (actual time=0.062..30.543 rows=100000 loops=1)
         Sort Key: s_1.a, s_1.b
         Presorted Key: s_1.a
         Sort Method: quicksort  Memory: 28kB
         Sort Groups: 2704
         ->  Index Scan using s_1_a_idx on s_1  (cost=0.29..3244.29 rows=100000 width=20) (actual time=0.009..11.580 rows=100000 loops=1)
 Planning time: 0.263 ms
 Execution time: 32.751 ms
(9 rows)

===== 346 [Wed Mar  7 02:06:38 CET 2018] scale:100000 groups:10000 work_mem:8MB incremental:on max_workers:0 =====
SELECT * FROM s_2 ORDER BY a, b, c
                                                                 QUERY PLAN                                                                 
--------------------------------------------------------------------------------------------------------------------------------------------
 Limit  (cost=8690.01..8690.01 rows=1 width=20) (actual time=26.038..26.038 rows=0 loops=1)
   ->  Incremental Sort  (cost=0.87..7690.01 rows=100000 width=20) (actual time=0.056..23.810 rows=100000 loops=1)
         Sort Key: s_2.a, s_2.b, s_2.c
         Presorted Key: s_2.a, s_2.b
         Sort Method: quicksort  Memory: 27kB
         Sort Groups: 3125
         ->  Index Scan using s_2_a_b_idx on s_2  (cost=0.29..4079.04 rows=100000 width=20) (actual time=0.012..11.584 rows=100000 loops=1)
 Planning time: 0.282 ms
 Execution time: 26.060 ms
(9 rows)

===== 347 [Wed Mar  7 02:06:38 CET 2018] scale:100000 groups:10000 work_mem:8MB incremental:on max_workers:0 =====
SELECT * FROM s_3 ORDER BY a, b, c, d
                                                                  QUERY PLAN                                                                  
----------------------------------------------------------------------------------------------------------------------------------------------
 Limit  (cost=9138.13..9138.13 rows=1 width=20) (actual time=26.433..26.433 rows=0 loops=1)
   ->  Incremental Sort  (cost=1.04..8138.13 rows=100000 width=20) (actual time=0.058..24.231 rows=100000 loops=1)
         Sort Key: s_3.a, s_3.b, s_3.c, s_3.d
         Presorted Key: s_3.a, s_3.b, s_3.c
         Sort Method: quicksort  Memory: 27kB
         Sort Groups: 3125
         ->  Index Scan using s_3_a_b_c_idx on s_3  (cost=0.42..4527.17 rows=100000 width=20) (actual time=0.016..11.811 rows=100000 loops=1)
 Planning time: 0.281 ms
 Execution time: 26.454 ms
(9 rows)

===== 348 [Wed Mar  7 02:06:38 CET 2018] scale:100000 groups:10000 work_mem:8MB incremental:on max_workers:0 =====
SELECT * FROM s_4 ORDER BY a, b, c, d, e
                                                                   QUERY PLAN                                                                   
------------------------------------------------------------------------------------------------------------------------------------------------
 Limit  (cost=9138.13..9138.13 rows=1 width=20) (actual time=26.031..26.031 rows=0 loops=1)
   ->  Incremental Sort  (cost=1.04..8138.13 rows=100000 width=20) (actual time=0.053..23.855 rows=100000 loops=1)
         Sort Key: s_4.a, s_4.b, s_4.c, s_4.d, s_4.e
         Presorted Key: s_4.a, s_4.b, s_4.c, s_4.d
         Sort Method: quicksort  Memory: 27kB
         Sort Groups: 3125
         ->  Index Scan using s_4_a_b_c_d_idx on s_4  (cost=0.42..4527.17 rows=100000 width=20) (actual time=0.009..11.835 rows=100000 loops=1)
 Planning time: 0.280 ms
 Execution time: 26.052 ms
(9 rows)

===== 349 [Wed Mar  7 02:06:38 CET 2018] scale:100000 groups:10000 work_mem:8MB incremental:off max_workers:0 =====
SELECT * FROM s_1 ORDER BY a, b
                                                      QUERY PLAN                                                       
-----------------------------------------------------------------------------------------------------------------------
 Limit  (cost=11191.82..11191.82 rows=1 width=20) (actual time=47.698..47.698 rows=0 loops=1)
   ->  Sort  (cost=9941.82..10191.82 rows=100000 width=20) (actual time=38.398..45.514 rows=100000 loops=1)
         Sort Key: s_1.a, s_1.b
         Sort Method: external merge  Disk: 2936kB
         ->  Seq Scan on s_1  (cost=0.00..1637.00 rows=100000 width=20) (actual time=0.007..5.592 rows=100000 loops=1)
 Planning time: 0.257 ms
 Execution time: 48.127 ms
(7 rows)

===== 350 [Wed Mar  7 02:06:39 CET 2018] scale:100000 groups:10000 work_mem:8MB incremental:off max_workers:0 =====
SELECT * FROM s_2 ORDER BY a, b, c
                                                      QUERY PLAN                                                       
-----------------------------------------------------------------------------------------------------------------------
 Limit  (cost=11191.82..11191.82 rows=1 width=20) (actual time=38.948..38.948 rows=0 loops=1)
   ->  Sort  (cost=9941.82..10191.82 rows=100000 width=20) (actual time=29.679..36.762 rows=100000 loops=1)
         Sort Key: s_2.a, s_2.b, s_2.c
         Sort Method: external merge  Disk: 2936kB
         ->  Seq Scan on s_2  (cost=0.00..1637.00 rows=100000 width=20) (actual time=0.010..5.567 rows=100000 loops=1)
 Planning time: 0.282 ms
 Execution time: 39.358 ms
(7 rows)

===== 351 [Wed Mar  7 02:06:39 CET 2018] scale:100000 groups:10000 work_mem:8MB incremental:off max_workers:0 =====
SELECT * FROM s_3 ORDER BY a, b, c, d
                                                      QUERY PLAN                                                       
-----------------------------------------------------------------------------------------------------------------------
 Limit  (cost=11191.82..11191.82 rows=1 width=20) (actual time=33.464..33.464 rows=0 loops=1)
   ->  Sort  (cost=9941.82..10191.82 rows=100000 width=20) (actual time=24.124..31.271 rows=100000 loops=1)
         Sort Key: s_3.a, s_3.b, s_3.c, s_3.d
         Sort Method: external merge  Disk: 2936kB
         ->  Seq Scan on s_3  (cost=0.00..1637.00 rows=100000 width=20) (actual time=0.010..5.612 rows=100000 loops=1)
 Planning time: 0.263 ms
 Execution time: 33.873 ms
(7 rows)

===== 352 [Wed Mar  7 02:06:39 CET 2018] scale:100000 groups:10000 work_mem:8MB incremental:off max_workers:0 =====
SELECT * FROM s_4 ORDER BY a, b, c, d, e
                                                      QUERY PLAN                                                       
-----------------------------------------------------------------------------------------------------------------------
 Limit  (cost=11191.82..11191.82 rows=1 width=20) (actual time=33.193..33.193 rows=0 loops=1)
   ->  Sort  (cost=9941.82..10191.82 rows=100000 width=20) (actual time=23.877..31.007 rows=100000 loops=1)
         Sort Key: s_4.a, s_4.b, s_4.c, s_4.d, s_4.e
         Sort Method: external merge  Disk: 2936kB
         ->  Seq Scan on s_4  (cost=0.00..1637.00 rows=100000 width=20) (actual time=0.006..5.619 rows=100000 loops=1)
 Planning time: 0.256 ms
 Execution time: 33.614 ms
(7 rows)

===== 353 [Wed Mar  7 02:06:39 CET 2018] scale:100000 groups:10000 work_mem:16MB incremental:on max_workers:0 =====
SELECT * FROM s_1 ORDER BY a, b
                                                                QUERY PLAN                                                                
------------------------------------------------------------------------------------------------------------------------------------------
 Limit  (cost=7864.12..7864.12 rows=1 width=20) (actual time=33.483..33.483 rows=0 loops=1)
   ->  Incremental Sort  (cost=0.79..6864.12 rows=100000 width=20) (actual time=0.064..31.284 rows=100000 loops=1)
         Sort Key: s_1.a, s_1.b
         Presorted Key: s_1.a
         Sort Method: quicksort  Memory: 28kB
         Sort Groups: 2704
         ->  Index Scan using s_1_a_idx on s_1  (cost=0.29..3244.29 rows=100000 width=20) (actual time=0.009..11.759 rows=100000 loops=1)
 Planning time: 0.260 ms
 Execution time: 33.514 ms
(9 rows)

===== 354 [Wed Mar  7 02:06:40 CET 2018] scale:100000 groups:10000 work_mem:16MB incremental:on max_workers:0 =====
SELECT * FROM s_2 ORDER BY a, b, c
                                                                 QUERY PLAN                                                                 
--------------------------------------------------------------------------------------------------------------------------------------------
 Limit  (cost=8690.01..8690.01 rows=1 width=20) (actual time=25.846..25.846 rows=0 loops=1)
   ->  Incremental Sort  (cost=0.87..7690.01 rows=100000 width=20) (actual time=0.055..23.658 rows=100000 loops=1)
         Sort Key: s_2.a, s_2.b, s_2.c
         Presorted Key: s_2.a, s_2.b
         Sort Method: quicksort  Memory: 27kB
         Sort Groups: 3125
         ->  Index Scan using s_2_a_b_idx on s_2  (cost=0.29..4079.04 rows=100000 width=20) (actual time=0.012..11.537 rows=100000 loops=1)
 Planning time: 0.279 ms
 Execution time: 25.868 ms
(9 rows)

===== 355 [Wed Mar  7 02:06:40 CET 2018] scale:100000 groups:10000 work_mem:16MB incremental:on max_workers:0 =====
SELECT * FROM s_3 ORDER BY a, b, c, d
                                                                  QUERY PLAN                                                                  
----------------------------------------------------------------------------------------------------------------------------------------------
 Limit  (cost=9138.13..9138.13 rows=1 width=20) (actual time=26.436..26.436 rows=0 loops=1)
   ->  Incremental Sort  (cost=1.04..8138.13 rows=100000 width=20) (actual time=0.058..24.259 rows=100000 loops=1)
         Sort Key: s_3.a, s_3.b, s_3.c, s_3.d
         Presorted Key: s_3.a, s_3.b, s_3.c
         Sort Method: quicksort  Memory: 27kB
         Sort Groups: 3125
         ->  Index Scan using s_3_a_b_c_idx on s_3  (cost=0.42..4527.17 rows=100000 width=20) (actual time=0.016..11.870 rows=100000 loops=1)
 Planning time: 0.276 ms
 Execution time: 26.458 ms
(9 rows)

===== 356 [Wed Mar  7 02:06:40 CET 2018] scale:100000 groups:10000 work_mem:16MB incremental:on max_workers:0 =====
SELECT * FROM s_4 ORDER BY a, b, c, d, e
                                                                   QUERY PLAN                                                                   
------------------------------------------------------------------------------------------------------------------------------------------------
 Limit  (cost=9138.13..9138.13 rows=1 width=20) (actual time=26.248..26.248 rows=0 loops=1)
   ->  Incremental Sort  (cost=1.04..8138.13 rows=100000 width=20) (actual time=0.053..24.038 rows=100000 loops=1)
         Sort Key: s_4.a, s_4.b, s_4.c, s_4.d, s_4.e
         Presorted Key: s_4.a, s_4.b, s_4.c, s_4.d
         Sort Method: quicksort  Memory: 27kB
         Sort Groups: 3125
         ->  Index Scan using s_4_a_b_c_d_idx on s_4  (cost=0.42..4527.17 rows=100000 width=20) (actual time=0.009..11.825 rows=100000 loops=1)
 Planning time: 0.271 ms
 Execution time: 26.269 ms
(9 rows)

===== 357 [Wed Mar  7 02:06:40 CET 2018] scale:100000 groups:10000 work_mem:16MB incremental:off max_workers:0 =====
SELECT * FROM s_1 ORDER BY a, b
                                                      QUERY PLAN                                                       
-----------------------------------------------------------------------------------------------------------------------
 Limit  (cost=11191.82..11191.82 rows=1 width=20) (actual time=38.246..38.246 rows=0 loops=1)
   ->  Sort  (cost=9941.82..10191.82 rows=100000 width=20) (actual time=32.423..36.069 rows=100000 loops=1)
         Sort Key: s_1.a, s_1.b
         Sort Method: quicksort  Memory: 10885kB
         ->  Seq Scan on s_1  (cost=0.00..1637.00 rows=100000 width=20) (actual time=0.008..5.600 rows=100000 loops=1)
 Planning time: 0.251 ms
 Execution time: 38.718 ms
(7 rows)

===== 358 [Wed Mar  7 02:06:40 CET 2018] scale:100000 groups:10000 work_mem:16MB incremental:off max_workers:0 =====
SELECT * FROM s_2 ORDER BY a, b, c
                                                      QUERY PLAN                                                       
-----------------------------------------------------------------------------------------------------------------------
 Limit  (cost=11191.82..11191.82 rows=1 width=20) (actual time=29.160..29.160 rows=0 loops=1)
   ->  Sort  (cost=9941.82..10191.82 rows=100000 width=20) (actual time=23.685..26.970 rows=100000 loops=1)
         Sort Key: s_2.a, s_2.b, s_2.c
         Sort Method: quicksort  Memory: 10885kB
         ->  Seq Scan on s_2  (cost=0.00..1637.00 rows=100000 width=20) (actual time=0.010..5.586 rows=100000 loops=1)
 Planning time: 0.273 ms
 Execution time: 29.632 ms
(7 rows)

===== 359 [Wed Mar  7 02:06:41 CET 2018] scale:100000 groups:10000 work_mem:16MB incremental:off max_workers:0 =====
SELECT * FROM s_3 ORDER BY a, b, c, d
                                                      QUERY PLAN                                                       
-----------------------------------------------------------------------------------------------------------------------
 Limit  (cost=11191.82..11191.82 rows=1 width=20) (actual time=23.387..23.387 rows=0 loops=1)
   ->  Sort  (cost=9941.82..10191.82 rows=100000 width=20) (actual time=17.830..21.209 rows=100000 loops=1)
         Sort Key: s_3.a, s_3.b, s_3.c, s_3.d
         Sort Method: quicksort  Memory: 10885kB
         ->  Seq Scan on s_3  (cost=0.00..1637.00 rows=100000 width=20) (actual time=0.010..5.620 rows=100000 loops=1)
 Planning time: 0.262 ms
 Execution time: 23.857 ms
(7 rows)

===== 360 [Wed Mar  7 02:06:41 CET 2018] scale:100000 groups:10000 work_mem:16MB incremental:off max_workers:0 =====
SELECT * FROM s_4 ORDER BY a, b, c, d, e
                                                      QUERY PLAN                                                       
-----------------------------------------------------------------------------------------------------------------------
 Limit  (cost=11191.82..11191.82 rows=1 width=20) (actual time=23.154..23.154 rows=0 loops=1)
   ->  Sort  (cost=9941.82..10191.82 rows=100000 width=20) (actual time=17.636..20.966 rows=100000 loops=1)
         Sort Key: s_4.a, s_4.b, s_4.c, s_4.d, s_4.e
         Sort Method: quicksort  Memory: 10885kB
         ->  Seq Scan on s_4  (cost=0.00..1637.00 rows=100000 width=20) (actual time=0.007..5.627 rows=100000 loops=1)
 Planning time: 0.256 ms
 Execution time: 23.632 ms
(7 rows)

===== 361 [Wed Mar  7 02:06:41 CET 2018] scale:100000 groups:10000 work_mem:32MB incremental:on max_workers:0 =====
SELECT * FROM s_1 ORDER BY a, b
                                                                QUERY PLAN                                                                
------------------------------------------------------------------------------------------------------------------------------------------
 Limit  (cost=7864.12..7864.12 rows=1 width=20) (actual time=33.460..33.460 rows=0 loops=1)
   ->  Incremental Sort  (cost=0.79..6864.12 rows=100000 width=20) (actual time=0.062..31.258 rows=100000 loops=1)
         Sort Key: s_1.a, s_1.b
         Presorted Key: s_1.a
         Sort Method: quicksort  Memory: 28kB
         Sort Groups: 2704
         ->  Index Scan using s_1_a_idx on s_1  (cost=0.29..3244.29 rows=100000 width=20) (actual time=0.009..11.741 rows=100000 loops=1)
 Planning time: 0.259 ms
 Execution time: 33.484 ms
(9 rows)

===== 362 [Wed Mar  7 02:06:41 CET 2018] scale:100000 groups:10000 work_mem:32MB incremental:on max_workers:0 =====
SELECT * FROM s_2 ORDER BY a, b, c
                                                                 QUERY PLAN                                                                 
--------------------------------------------------------------------------------------------------------------------------------------------
 Limit  (cost=8690.01..8690.01 rows=1 width=20) (actual time=25.835..25.835 rows=0 loops=1)
   ->  Incremental Sort  (cost=0.87..7690.01 rows=100000 width=20) (actual time=0.056..23.654 rows=100000 loops=1)
         Sort Key: s_2.a, s_2.b, s_2.c
         Presorted Key: s_2.a, s_2.b
         Sort Method: quicksort  Memory: 27kB
         Sort Groups: 3125
         ->  Index Scan using s_2_a_b_idx on s_2  (cost=0.29..4079.04 rows=100000 width=20) (actual time=0.012..11.531 rows=100000 loops=1)
 Planning time: 0.278 ms
 Execution time: 25.856 ms
(9 rows)

===== 363 [Wed Mar  7 02:06:41 CET 2018] scale:100000 groups:10000 work_mem:32MB incremental:on max_workers:0 =====
SELECT * FROM s_3 ORDER BY a, b, c, d
                                                                  QUERY PLAN                                                                  
----------------------------------------------------------------------------------------------------------------------------------------------
 Limit  (cost=9138.13..9138.13 rows=1 width=20) (actual time=26.450..26.450 rows=0 loops=1)
   ->  Incremental Sort  (cost=1.04..8138.13 rows=100000 width=20) (actual time=0.059..24.273 rows=100000 loops=1)
         Sort Key: s_3.a, s_3.b, s_3.c, s_3.d
         Presorted Key: s_3.a, s_3.b, s_3.c
         Sort Method: quicksort  Memory: 27kB
         Sort Groups: 3125
         ->  Index Scan using s_3_a_b_c_idx on s_3  (cost=0.42..4527.17 rows=100000 width=20) (actual time=0.015..11.893 rows=100000 loops=1)
 Planning time: 0.281 ms
 Execution time: 26.471 ms
(9 rows)

===== 364 [Wed Mar  7 02:06:42 CET 2018] scale:100000 groups:10000 work_mem:32MB incremental:on max_workers:0 =====
SELECT * FROM s_4 ORDER BY a, b, c, d, e
                                                                   QUERY PLAN                                                                   
------------------------------------------------------------------------------------------------------------------------------------------------
 Limit  (cost=9138.13..9138.13 rows=1 width=20) (actual time=26.265..26.265 rows=0 loops=1)
   ->  Incremental Sort  (cost=1.04..8138.13 rows=100000 width=20) (actual time=0.053..24.058 rows=100000 loops=1)
         Sort Key: s_4.a, s_4.b, s_4.c, s_4.d, s_4.e
         Presorted Key: s_4.a, s_4.b, s_4.c, s_4.d
         Sort Method: quicksort  Memory: 27kB
         Sort Groups: 3125
         ->  Index Scan using s_4_a_b_c_d_idx on s_4  (cost=0.42..4527.17 rows=100000 width=20) (actual time=0.009..11.844 rows=100000 loops=1)
 Planning time: 0.272 ms
 Execution time: 26.286 ms
(9 rows)

===== 365 [Wed Mar  7 02:06:42 CET 2018] scale:100000 groups:10000 work_mem:32MB incremental:off max_workers:0 =====
SELECT * FROM s_1 ORDER BY a, b
                                                      QUERY PLAN                                                       
-----------------------------------------------------------------------------------------------------------------------
 Limit  (cost=11191.82..11191.82 rows=1 width=20) (actual time=38.239..38.239 rows=0 loops=1)
   ->  Sort  (cost=9941.82..10191.82 rows=100000 width=20) (actual time=32.391..36.059 rows=100000 loops=1)
         Sort Key: s_1.a, s_1.b
         Sort Method: quicksort  Memory: 10885kB
         ->  Seq Scan on s_1  (cost=0.00..1637.00 rows=100000 width=20) (actual time=0.007..5.601 rows=100000 loops=1)
 Planning time: 0.248 ms
 Execution time: 38.721 ms
(7 rows)

===== 366 [Wed Mar  7 02:06:42 CET 2018] scale:100000 groups:10000 work_mem:32MB incremental:off max_workers:0 =====
SELECT * FROM s_2 ORDER BY a, b, c
                                                      QUERY PLAN                                                       
-----------------------------------------------------------------------------------------------------------------------
 Limit  (cost=11191.82..11191.82 rows=1 width=20) (actual time=29.233..29.233 rows=0 loops=1)
   ->  Sort  (cost=9941.82..10191.82 rows=100000 width=20) (actual time=23.757..27.048 rows=100000 loops=1)
         Sort Key: s_2.a, s_2.b, s_2.c
         Sort Method: quicksort  Memory: 10885kB
         ->  Seq Scan on s_2  (cost=0.00..1637.00 rows=100000 width=20) (actual time=0.010..5.575 rows=100000 loops=1)
 Planning time: 0.276 ms
 Execution time: 29.709 ms
(7 rows)

===== 367 [Wed Mar  7 02:06:42 CET 2018] scale:100000 groups:10000 work_mem:32MB incremental:off max_workers:0 =====
SELECT * FROM s_3 ORDER BY a, b, c, d
                                                      QUERY PLAN                                                       
-----------------------------------------------------------------------------------------------------------------------
 Limit  (cost=11191.82..11191.82 rows=1 width=20) (actual time=23.376..23.376 rows=0 loops=1)
   ->  Sort  (cost=9941.82..10191.82 rows=100000 width=20) (actual time=17.822..21.193 rows=100000 loops=1)
         Sort Key: s_3.a, s_3.b, s_3.c, s_3.d
         Sort Method: quicksort  Memory: 10885kB
         ->  Seq Scan on s_3  (cost=0.00..1637.00 rows=100000 width=20) (actual time=0.010..5.627 rows=100000 loops=1)
 Planning time: 0.261 ms
 Execution time: 23.848 ms
(7 rows)

===== 368 [Wed Mar  7 02:06:42 CET 2018] scale:100000 groups:10000 work_mem:32MB incremental:off max_workers:0 =====
SELECT * FROM s_4 ORDER BY a, b, c, d, e
                                                      QUERY PLAN                                                       
-----------------------------------------------------------------------------------------------------------------------
 Limit  (cost=11191.82..11191.82 rows=1 width=20) (actual time=23.120..23.120 rows=0 loops=1)
   ->  Sort  (cost=9941.82..10191.82 rows=100000 width=20) (actual time=17.609..20.928 rows=100000 loops=1)
         Sort Key: s_4.a, s_4.b, s_4.c, s_4.d, s_4.e
         Sort Method: quicksort  Memory: 10885kB
         ->  Seq Scan on s_4  (cost=0.00..1637.00 rows=100000 width=20) (actual time=0.007..5.619 rows=100000 loops=1)
 Planning time: 0.257 ms
 Execution time: 23.595 ms
(7 rows)

===== 369 [Wed Mar  7 02:06:43 CET 2018] scale:100000 groups:10000 work_mem:64MB incremental:on max_workers:0 =====
SELECT * FROM s_1 ORDER BY a, b
                                                                QUERY PLAN                                                                
------------------------------------------------------------------------------------------------------------------------------------------
 Limit  (cost=7864.12..7864.12 rows=1 width=20) (actual time=33.473..33.473 rows=0 loops=1)
   ->  Incremental Sort  (cost=0.79..6864.12 rows=100000 width=20) (actual time=0.062..31.266 rows=100000 loops=1)
         Sort Key: s_1.a, s_1.b
         Presorted Key: s_1.a
         Sort Method: quicksort  Memory: 28kB
         Sort Groups: 2704
         ->  Index Scan using s_1_a_idx on s_1  (cost=0.29..3244.29 rows=100000 width=20) (actual time=0.009..11.754 rows=100000 loops=1)
 Planning time: 0.257 ms
 Execution time: 33.497 ms
(9 rows)

===== 370 [Wed Mar  7 02:06:43 CET 2018] scale:100000 groups:10000 work_mem:64MB incremental:on max_workers:0 =====
SELECT * FROM s_2 ORDER BY a, b, c
                                                                 QUERY PLAN                                                                 
--------------------------------------------------------------------------------------------------------------------------------------------
 Limit  (cost=8690.01..8690.01 rows=1 width=20) (actual time=25.855..25.855 rows=0 loops=1)
   ->  Incremental Sort  (cost=0.87..7690.01 rows=100000 width=20) (actual time=0.055..23.674 rows=100000 loops=1)
         Sort Key: s_2.a, s_2.b, s_2.c
         Presorted Key: s_2.a, s_2.b
         Sort Method: quicksort  Memory: 27kB
         Sort Groups: 3125
         ->  Index Scan using s_2_a_b_idx on s_2  (cost=0.29..4079.04 rows=100000 width=20) (actual time=0.012..11.546 rows=100000 loops=1)
 Planning time: 0.278 ms
 Execution time: 25.877 ms
(9 rows)

===== 371 [Wed Mar  7 02:06:43 CET 2018] scale:100000 groups:10000 work_mem:64MB incremental:on max_workers:0 =====
SELECT * FROM s_3 ORDER BY a, b, c, d
                                                                  QUERY PLAN                                                                  
----------------------------------------------------------------------------------------------------------------------------------------------
 Limit  (cost=9138.13..9138.13 rows=1 width=20) (actual time=26.423..26.423 rows=0 loops=1)
   ->  Incremental Sort  (cost=1.04..8138.13 rows=100000 width=20) (actual time=0.058..24.242 rows=100000 loops=1)
         Sort Key: s_3.a, s_3.b, s_3.c, s_3.d
         Presorted Key: s_3.a, s_3.b, s_3.c
         Sort Method: quicksort  Memory: 27kB
         Sort Groups: 3125
         ->  Index Scan using s_3_a_b_c_idx on s_3  (cost=0.42..4527.17 rows=100000 width=20) (actual time=0.015..11.868 rows=100000 loops=1)
 Planning time: 0.285 ms
 Execution time: 26.444 ms
(9 rows)

===== 372 [Wed Mar  7 02:06:43 CET 2018] scale:100000 groups:10000 work_mem:64MB incremental:on max_workers:0 =====
SELECT * FROM s_4 ORDER BY a, b, c, d, e
                                                                   QUERY PLAN                                                                   
------------------------------------------------------------------------------------------------------------------------------------------------
 Limit  (cost=9138.13..9138.13 rows=1 width=20) (actual time=26.252..26.252 rows=0 loops=1)
   ->  Incremental Sort  (cost=1.04..8138.13 rows=100000 width=20) (actual time=0.052..24.047 rows=100000 loops=1)
         Sort Key: s_4.a, s_4.b, s_4.c, s_4.d, s_4.e
         Presorted Key: s_4.a, s_4.b, s_4.c, s_4.d
         Sort Method: quicksort  Memory: 27kB
         Sort Groups: 3125
         ->  Index Scan using s_4_a_b_c_d_idx on s_4  (cost=0.42..4527.17 rows=100000 width=20) (actual time=0.009..11.840 rows=100000 loops=1)
 Planning time: 0.272 ms
 Execution time: 26.275 ms
(9 rows)

===== 373 [Wed Mar  7 02:06:43 CET 2018] scale:100000 groups:10000 work_mem:64MB incremental:off max_workers:0 =====
SELECT * FROM s_1 ORDER BY a, b
                                                      QUERY PLAN                                                       
-----------------------------------------------------------------------------------------------------------------------
 Limit  (cost=11191.82..11191.82 rows=1 width=20) (actual time=38.176..38.176 rows=0 loops=1)
   ->  Sort  (cost=9941.82..10191.82 rows=100000 width=20) (actual time=32.364..36.001 rows=100000 loops=1)
         Sort Key: s_1.a, s_1.b
         Sort Method: quicksort  Memory: 10885kB
         ->  Seq Scan on s_1  (cost=0.00..1637.00 rows=100000 width=20) (actual time=0.007..5.612 rows=100000 loops=1)
 Planning time: 0.250 ms
 Execution time: 38.651 ms
(7 rows)

===== 374 [Wed Mar  7 02:06:44 CET 2018] scale:100000 groups:10000 work_mem:64MB incremental:off max_workers:0 =====
SELECT * FROM s_2 ORDER BY a, b, c
                                                      QUERY PLAN                                                       
-----------------------------------------------------------------------------------------------------------------------
 Limit  (cost=11191.82..11191.82 rows=1 width=20) (actual time=29.161..29.161 rows=0 loops=1)
   ->  Sort  (cost=9941.82..10191.82 rows=100000 width=20) (actual time=23.684..26.984 rows=100000 loops=1)
         Sort Key: s_2.a, s_2.b, s_2.c
         Sort Method: quicksort  Memory: 10885kB
         ->  Seq Scan on s_2  (cost=0.00..1637.00 rows=100000 width=20) (actual time=0.010..5.570 rows=100000 loops=1)
 Planning time: 0.265 ms
 Execution time: 29.642 ms
(7 rows)

===== 375 [Wed Mar  7 02:06:44 CET 2018] scale:100000 groups:10000 work_mem:64MB incremental:off max_workers:0 =====
SELECT * FROM s_3 ORDER BY a, b, c, d
                                                      QUERY PLAN                                                       
-----------------------------------------------------------------------------------------------------------------------
 Limit  (cost=11191.82..11191.82 rows=1 width=20) (actual time=23.382..23.382 rows=0 loops=1)
   ->  Sort  (cost=9941.82..10191.82 rows=100000 width=20) (actual time=17.837..21.203 rows=100000 loops=1)
         Sort Key: s_3.a, s_3.b, s_3.c, s_3.d
         Sort Method: quicksort  Memory: 10885kB
         ->  Seq Scan on s_3  (cost=0.00..1637.00 rows=100000 width=20) (actual time=0.010..5.613 rows=100000 loops=1)
 Planning time: 0.270 ms
 Execution time: 23.862 ms
(7 rows)

===== 376 [Wed Mar  7 02:06:44 CET 2018] scale:100000 groups:10000 work_mem:64MB incremental:off max_workers:0 =====
SELECT * FROM s_4 ORDER BY a, b, c, d, e
                                                      QUERY PLAN                                                       
-----------------------------------------------------------------------------------------------------------------------
 Limit  (cost=11191.82..11191.82 rows=1 width=20) (actual time=23.122..23.122 rows=0 loops=1)
   ->  Sort  (cost=9941.82..10191.82 rows=100000 width=20) (actual time=17.586..20.929 rows=100000 loops=1)
         Sort Key: s_4.a, s_4.b, s_4.c, s_4.d, s_4.e
         Sort Method: quicksort  Memory: 10885kB
         ->  Seq Scan on s_4  (cost=0.00..1637.00 rows=100000 width=20) (actual time=0.007..5.614 rows=100000 loops=1)
 Planning time: 0.258 ms
 Execution time: 23.598 ms
(7 rows)

===== 377 [Wed Mar  7 02:06:44 CET 2018] scale:100000 groups:10000 work_mem:128MB incremental:on max_workers:0 =====
SELECT * FROM s_1 ORDER BY a, b
                                                                QUERY PLAN                                                                
------------------------------------------------------------------------------------------------------------------------------------------
 Limit  (cost=7864.12..7864.12 rows=1 width=20) (actual time=33.474..33.474 rows=0 loops=1)
   ->  Incremental Sort  (cost=0.79..6864.12 rows=100000 width=20) (actual time=0.063..31.268 rows=100000 loops=1)
         Sort Key: s_1.a, s_1.b
         Presorted Key: s_1.a
         Sort Method: quicksort  Memory: 28kB
         Sort Groups: 2704
         ->  Index Scan using s_1_a_idx on s_1  (cost=0.29..3244.29 rows=100000 width=20) (actual time=0.009..11.744 rows=100000 loops=1)
 Planning time: 0.267 ms
 Execution time: 33.498 ms
(9 rows)

===== 378 [Wed Mar  7 02:06:44 CET 2018] scale:100000 groups:10000 work_mem:128MB incremental:on max_workers:0 =====
SELECT * FROM s_2 ORDER BY a, b, c
                                                                 QUERY PLAN                                                                 
--------------------------------------------------------------------------------------------------------------------------------------------
 Limit  (cost=8690.01..8690.01 rows=1 width=20) (actual time=25.857..25.857 rows=0 loops=1)
   ->  Incremental Sort  (cost=0.87..7690.01 rows=100000 width=20) (actual time=0.055..23.669 rows=100000 loops=1)
         Sort Key: s_2.a, s_2.b, s_2.c
         Presorted Key: s_2.a, s_2.b
         Sort Method: quicksort  Memory: 27kB
         Sort Groups: 3125
         ->  Index Scan using s_2_a_b_idx on s_2  (cost=0.29..4079.04 rows=100000 width=20) (actual time=0.012..11.553 rows=100000 loops=1)
 Planning time: 0.280 ms
 Execution time: 25.878 ms
(9 rows)

===== 379 [Wed Mar  7 02:06:45 CET 2018] scale:100000 groups:10000 work_mem:128MB incremental:on max_workers:0 =====
SELECT * FROM s_3 ORDER BY a, b, c, d
                                                                  QUERY PLAN                                                                  
----------------------------------------------------------------------------------------------------------------------------------------------
 Limit  (cost=9138.13..9138.13 rows=1 width=20) (actual time=26.448..26.448 rows=0 loops=1)
   ->  Incremental Sort  (cost=1.04..8138.13 rows=100000 width=20) (actual time=0.058..24.262 rows=100000 loops=1)
         Sort Key: s_3.a, s_3.b, s_3.c, s_3.d
         Presorted Key: s_3.a, s_3.b, s_3.c
         Sort Method: quicksort  Memory: 27kB
         Sort Groups: 3125
         ->  Index Scan using s_3_a_b_c_idx on s_3  (cost=0.42..4527.17 rows=100000 width=20) (actual time=0.016..11.870 rows=100000 loops=1)
 Planning time: 0.281 ms
 Execution time: 26.469 ms
(9 rows)

===== 380 [Wed Mar  7 02:06:45 CET 2018] scale:100000 groups:10000 work_mem:128MB incremental:on max_workers:0 =====
SELECT * FROM s_4 ORDER BY a, b, c, d, e
                                                                   QUERY PLAN                                                                   
------------------------------------------------------------------------------------------------------------------------------------------------
 Limit  (cost=9138.13..9138.13 rows=1 width=20) (actual time=26.314..26.314 rows=0 loops=1)
   ->  Incremental Sort  (cost=1.04..8138.13 rows=100000 width=20) (actual time=0.052..24.115 rows=100000 loops=1)
         Sort Key: s_4.a, s_4.b, s_4.c, s_4.d, s_4.e
         Presorted Key: s_4.a, s_4.b, s_4.c, s_4.d
         Sort Method: quicksort  Memory: 27kB
         Sort Groups: 3125
         ->  Index Scan using s_4_a_b_c_d_idx on s_4  (cost=0.42..4527.17 rows=100000 width=20) (actual time=0.009..11.842 rows=100000 loops=1)
 Planning time: 0.271 ms
 Execution time: 26.336 ms
(9 rows)

===== 381 [Wed Mar  7 02:06:45 CET 2018] scale:100000 groups:10000 work_mem:128MB incremental:off max_workers:0 =====
SELECT * FROM s_1 ORDER BY a, b
                                                      QUERY PLAN                                                       
-----------------------------------------------------------------------------------------------------------------------
 Limit  (cost=11191.82..11191.82 rows=1 width=20) (actual time=38.222..38.222 rows=0 loops=1)
   ->  Sort  (cost=9941.82..10191.82 rows=100000 width=20) (actual time=32.383..36.039 rows=100000 loops=1)
         Sort Key: s_1.a, s_1.b
         Sort Method: quicksort  Memory: 10885kB
         ->  Seq Scan on s_1  (cost=0.00..1637.00 rows=100000 width=20) (actual time=0.007..5.590 rows=100000 loops=1)
 Planning time: 0.254 ms
 Execution time: 38.698 ms
(7 rows)

===== 382 [Wed Mar  7 02:06:45 CET 2018] scale:100000 groups:10000 work_mem:128MB incremental:off max_workers:0 =====
SELECT * FROM s_2 ORDER BY a, b, c
                                                      QUERY PLAN                                                       
-----------------------------------------------------------------------------------------------------------------------
 Limit  (cost=11191.82..11191.82 rows=1 width=20) (actual time=29.169..29.169 rows=0 loops=1)
   ->  Sort  (cost=9941.82..10191.82 rows=100000 width=20) (actual time=23.691..26.986 rows=100000 loops=1)
         Sort Key: s_2.a, s_2.b, s_2.c
         Sort Method: quicksort  Memory: 10885kB
         ->  Seq Scan on s_2  (cost=0.00..1637.00 rows=100000 width=20) (actual time=0.010..5.568 rows=100000 loops=1)
 Planning time: 0.275 ms
 Execution time: 29.640 ms
(7 rows)

===== 383 [Wed Mar  7 02:06:45 CET 2018] scale:100000 groups:10000 work_mem:128MB incremental:off max_workers:0 =====
SELECT * FROM s_3 ORDER BY a, b, c, d
                                                      QUERY PLAN                                                       
-----------------------------------------------------------------------------------------------------------------------
 Limit  (cost=11191.82..11191.82 rows=1 width=20) (actual time=23.396..23.396 rows=0 loops=1)
   ->  Sort  (cost=9941.82..10191.82 rows=100000 width=20) (actual time=17.842..21.215 rows=100000 loops=1)
         Sort Key: s_3.a, s_3.b, s_3.c, s_3.d
         Sort Method: quicksort  Memory: 10885kB
         ->  Seq Scan on s_3  (cost=0.00..1637.00 rows=100000 width=20) (actual time=0.011..5.628 rows=100000 loops=1)
 Planning time: 0.258 ms
 Execution time: 23.869 ms
(7 rows)

===== 384 [Wed Mar  7 02:06:46 CET 2018] scale:100000 groups:10000 work_mem:128MB incremental:off max_workers:0 =====
SELECT * FROM s_4 ORDER BY a, b, c, d, e
                                                      QUERY PLAN                                                       
-----------------------------------------------------------------------------------------------------------------------
 Limit  (cost=11191.82..11191.82 rows=1 width=20) (actual time=23.101..23.101 rows=0 loops=1)
   ->  Sort  (cost=9941.82..10191.82 rows=100000 width=20) (actual time=17.589..20.916 rows=100000 loops=1)
         Sort Key: s_4.a, s_4.b, s_4.c, s_4.d, s_4.e
         Sort Method: quicksort  Memory: 10885kB
         ->  Seq Scan on s_4  (cost=0.00..1637.00 rows=100000 width=20) (actual time=0.007..5.610 rows=100000 loops=1)
 Planning time: 0.258 ms
 Execution time: 23.576 ms
(7 rows)

===== 385 [Wed Mar  7 02:06:46 CET 2018] scale:100000 groups:10000 work_mem:256MB incremental:on max_workers:0 =====
SELECT * FROM s_1 ORDER BY a, b
                                                                QUERY PLAN                                                                
------------------------------------------------------------------------------------------------------------------------------------------
 Limit  (cost=7864.12..7864.12 rows=1 width=20) (actual time=33.496..33.496 rows=0 loops=1)
   ->  Incremental Sort  (cost=0.79..6864.12 rows=100000 width=20) (actual time=0.063..31.295 rows=100000 loops=1)
         Sort Key: s_1.a, s_1.b
         Presorted Key: s_1.a
         Sort Method: quicksort  Memory: 28kB
         Sort Groups: 2704
         ->  Index Scan using s_1_a_idx on s_1  (cost=0.29..3244.29 rows=100000 width=20) (actual time=0.009..11.752 rows=100000 loops=1)
 Planning time: 0.260 ms
 Execution time: 33.521 ms
(9 rows)

===== 386 [Wed Mar  7 02:06:46 CET 2018] scale:100000 groups:10000 work_mem:256MB incremental:on max_workers:0 =====
SELECT * FROM s_2 ORDER BY a, b, c
                                                                 QUERY PLAN                                                                 
--------------------------------------------------------------------------------------------------------------------------------------------
 Limit  (cost=8690.01..8690.01 rows=1 width=20) (actual time=25.843..25.843 rows=0 loops=1)
   ->  Incremental Sort  (cost=0.87..7690.01 rows=100000 width=20) (actual time=0.056..23.656 rows=100000 loops=1)
         Sort Key: s_2.a, s_2.b, s_2.c
         Presorted Key: s_2.a, s_2.b
         Sort Method: quicksort  Memory: 27kB
         Sort Groups: 3125
         ->  Index Scan using s_2_a_b_idx on s_2  (cost=0.29..4079.04 rows=100000 width=20) (actual time=0.012..11.533 rows=100000 loops=1)
 Planning time: 0.278 ms
 Execution time: 25.864 ms
(9 rows)

===== 387 [Wed Mar  7 02:06:46 CET 2018] scale:100000 groups:10000 work_mem:256MB incremental:on max_workers:0 =====
SELECT * FROM s_3 ORDER BY a, b, c, d
                                                                  QUERY PLAN                                                                  
----------------------------------------------------------------------------------------------------------------------------------------------
 Limit  (cost=9138.13..9138.13 rows=1 width=20) (actual time=26.435..26.435 rows=0 loops=1)
   ->  Incremental Sort  (cost=1.04..8138.13 rows=100000 width=20) (actual time=0.059..24.258 rows=100000 loops=1)
         Sort Key: s_3.a, s_3.b, s_3.c, s_3.d
         Presorted Key: s_3.a, s_3.b, s_3.c
         Sort Method: quicksort  Memory: 27kB
         Sort Groups: 3125
         ->  Index Scan using s_3_a_b_c_idx on s_3  (cost=0.42..4527.17 rows=100000 width=20) (actual time=0.016..11.871 rows=100000 loops=1)
 Planning time: 0.275 ms
 Execution time: 26.457 ms
(9 rows)

===== 388 [Wed Mar  7 02:06:46 CET 2018] scale:100000 groups:10000 work_mem:256MB incremental:on max_workers:0 =====
SELECT * FROM s_4 ORDER BY a, b, c, d, e
                                                                   QUERY PLAN                                                                   
------------------------------------------------------------------------------------------------------------------------------------------------
 Limit  (cost=9138.13..9138.13 rows=1 width=20) (actual time=26.261..26.261 rows=0 loops=1)
   ->  Incremental Sort  (cost=1.04..8138.13 rows=100000 width=20) (actual time=0.052..24.056 rows=100000 loops=1)
         Sort Key: s_4.a, s_4.b, s_4.c, s_4.d, s_4.e
         Presorted Key: s_4.a, s_4.b, s_4.c, s_4.d
         Sort Method: quicksort  Memory: 27kB
         Sort Groups: 3125
         ->  Index Scan using s_4_a_b_c_d_idx on s_4  (cost=0.42..4527.17 rows=100000 width=20) (actual time=0.009..11.840 rows=100000 loops=1)
 Planning time: 0.270 ms
 Execution time: 26.282 ms
(9 rows)

===== 389 [Wed Mar  7 02:06:47 CET 2018] scale:100000 groups:10000 work_mem:256MB incremental:off max_workers:0 =====
SELECT * FROM s_1 ORDER BY a, b
                                                      QUERY PLAN                                                       
-----------------------------------------------------------------------------------------------------------------------
 Limit  (cost=11191.82..11191.82 rows=1 width=20) (actual time=38.282..38.282 rows=0 loops=1)
   ->  Sort  (cost=9941.82..10191.82 rows=100000 width=20) (actual time=32.428..36.098 rows=100000 loops=1)
         Sort Key: s_1.a, s_1.b
         Sort Method: quicksort  Memory: 10885kB
         ->  Seq Scan on s_1  (cost=0.00..1637.00 rows=100000 width=20) (actual time=0.007..5.603 rows=100000 loops=1)
 Planning time: 0.264 ms
 Execution time: 38.760 ms
(7 rows)

===== 390 [Wed Mar  7 02:06:47 CET 2018] scale:100000 groups:10000 work_mem:256MB incremental:off max_workers:0 =====
SELECT * FROM s_2 ORDER BY a, b, c
                                                      QUERY PLAN                                                       
-----------------------------------------------------------------------------------------------------------------------
 Limit  (cost=11191.82..11191.82 rows=1 width=20) (actual time=29.200..29.200 rows=0 loops=1)
   ->  Sort  (cost=9941.82..10191.82 rows=100000 width=20) (actual time=23.722..27.012 rows=100000 loops=1)
         Sort Key: s_2.a, s_2.b, s_2.c
         Sort Method: quicksort  Memory: 10885kB
         ->  Seq Scan on s_2  (cost=0.00..1637.00 rows=100000 width=20) (actual time=0.010..5.576 rows=100000 loops=1)
 Planning time: 0.273 ms
 Execution time: 29.673 ms
(7 rows)

===== 391 [Wed Mar  7 02:06:47 CET 2018] scale:100000 groups:10000 work_mem:256MB incremental:off max_workers:0 =====
SELECT * FROM s_3 ORDER BY a, b, c, d
                                                      QUERY PLAN                                                       
-----------------------------------------------------------------------------------------------------------------------
 Limit  (cost=11191.82..11191.82 rows=1 width=20) (actual time=23.372..23.372 rows=0 loops=1)
   ->  Sort  (cost=9941.82..10191.82 rows=100000 width=20) (actual time=17.811..21.185 rows=100000 loops=1)
         Sort Key: s_3.a, s_3.b, s_3.c, s_3.d
         Sort Method: quicksort  Memory: 10885kB
         ->  Seq Scan on s_3  (cost=0.00..1637.00 rows=100000 width=20) (actual time=0.010..5.622 rows=100000 loops=1)
 Planning time: 0.262 ms
 Execution time: 23.847 ms
(7 rows)

===== 392 [Wed Mar  7 02:06:47 CET 2018] scale:100000 groups:10000 work_mem:256MB incremental:off max_workers:0 =====
SELECT * FROM s_4 ORDER BY a, b, c, d, e
                                                      QUERY PLAN                                                       
-----------------------------------------------------------------------------------------------------------------------
 Limit  (cost=11191.82..11191.82 rows=1 width=20) (actual time=23.123..23.123 rows=0 loops=1)
   ->  Sort  (cost=9941.82..10191.82 rows=100000 width=20) (actual time=17.609..20.926 rows=100000 loops=1)
         Sort Key: s_4.a, s_4.b, s_4.c, s_4.d, s_4.e
         Sort Method: quicksort  Memory: 10885kB
         ->  Seq Scan on s_4  (cost=0.00..1637.00 rows=100000 width=20) (actual time=0.006..5.626 rows=100000 loops=1)
 Planning time: 0.259 ms
 Execution time: 23.600 ms
(7 rows)

===== 393 [Wed Mar  7 02:06:47 CET 2018] scale:100000 groups:10000 work_mem:4MB incremental:on max_workers:2 =====
SELECT * FROM s_1 ORDER BY a, b
                                                                QUERY PLAN                                                                
------------------------------------------------------------------------------------------------------------------------------------------
 Limit  (cost=7864.12..7864.12 rows=1 width=20) (actual time=33.485..33.485 rows=0 loops=1)
   ->  Incremental Sort  (cost=0.79..6864.12 rows=100000 width=20) (actual time=0.063..31.284 rows=100000 loops=1)
         Sort Key: s_1.a, s_1.b
         Presorted Key: s_1.a
         Sort Method: quicksort  Memory: 28kB
         Sort Groups: 2704
         ->  Index Scan using s_1_a_idx on s_1  (cost=0.29..3244.29 rows=100000 width=20) (actual time=0.009..11.747 rows=100000 loops=1)
 Planning time: 0.261 ms
 Execution time: 33.510 ms
(9 rows)

===== 394 [Wed Mar  7 02:06:48 CET 2018] scale:100000 groups:10000 work_mem:4MB incremental:on max_workers:2 =====
SELECT * FROM s_2 ORDER BY a, b, c
                                                                 QUERY PLAN                                                                 
--------------------------------------------------------------------------------------------------------------------------------------------
 Limit  (cost=8690.01..8690.01 rows=1 width=20) (actual time=25.845..25.845 rows=0 loops=1)
   ->  Incremental Sort  (cost=0.87..7690.01 rows=100000 width=20) (actual time=0.054..23.660 rows=100000 loops=1)
         Sort Key: s_2.a, s_2.b, s_2.c
         Presorted Key: s_2.a, s_2.b
         Sort Method: quicksort  Memory: 27kB
         Sort Groups: 3125
         ->  Index Scan using s_2_a_b_idx on s_2  (cost=0.29..4079.04 rows=100000 width=20) (actual time=0.012..11.543 rows=100000 loops=1)
 Planning time: 0.281 ms
 Execution time: 25.866 ms
(9 rows)

===== 395 [Wed Mar  7 02:06:48 CET 2018] scale:100000 groups:10000 work_mem:4MB incremental:on max_workers:2 =====
SELECT * FROM s_3 ORDER BY a, b, c, d
                                                                  QUERY PLAN                                                                  
----------------------------------------------------------------------------------------------------------------------------------------------
 Limit  (cost=9138.13..9138.13 rows=1 width=20) (actual time=26.437..26.437 rows=0 loops=1)
   ->  Incremental Sort  (cost=1.04..8138.13 rows=100000 width=20) (actual time=0.066..24.257 rows=100000 loops=1)
         Sort Key: s_3.a, s_3.b, s_3.c, s_3.d
         Presorted Key: s_3.a, s_3.b, s_3.c
         Sort Method: quicksort  Memory: 27kB
         Sort Groups: 3125
         ->  Index Scan using s_3_a_b_c_idx on s_3  (cost=0.42..4527.17 rows=100000 width=20) (actual time=0.016..11.869 rows=100000 loops=1)
 Planning time: 0.283 ms
 Execution time: 26.459 ms
(9 rows)

===== 396 [Wed Mar  7 02:06:48 CET 2018] scale:100000 groups:10000 work_mem:4MB incremental:on max_workers:2 =====
SELECT * FROM s_4 ORDER BY a, b, c, d, e
                                                                   QUERY PLAN                                                                   
------------------------------------------------------------------------------------------------------------------------------------------------
 Limit  (cost=9138.13..9138.13 rows=1 width=20) (actual time=26.247..26.247 rows=0 loops=1)
   ->  Incremental Sort  (cost=1.04..8138.13 rows=100000 width=20) (actual time=0.056..24.038 rows=100000 loops=1)
         Sort Key: s_4.a, s_4.b, s_4.c, s_4.d, s_4.e
         Presorted Key: s_4.a, s_4.b, s_4.c, s_4.d
         Sort Method: quicksort  Memory: 27kB
         Sort Groups: 3125
         ->  Index Scan using s_4_a_b_c_d_idx on s_4  (cost=0.42..4527.17 rows=100000 width=20) (actual time=0.009..11.832 rows=100000 loops=1)
 Planning time: 0.277 ms
 Execution time: 26.268 ms
(9 rows)

===== 397 [Wed Mar  7 02:06:48 CET 2018] scale:100000 groups:10000 work_mem:4MB incremental:off max_workers:2 =====
SELECT * FROM s_1 ORDER BY a, b
                                                      QUERY PLAN                                                       
-----------------------------------------------------------------------------------------------------------------------
 Limit  (cost=13242.82..13242.82 rows=1 width=20) (actual time=45.041..45.041 rows=0 loops=1)
   ->  Sort  (cost=11992.82..12242.82 rows=100000 width=20) (actual time=35.675..42.862 rows=100000 loops=1)
         Sort Key: s_1.a, s_1.b
         Sort Method: external merge  Disk: 2936kB
         ->  Seq Scan on s_1  (cost=0.00..1637.00 rows=100000 width=20) (actual time=0.007..5.484 rows=100000 loops=1)
 Planning time: 0.254 ms
 Execution time: 45.616 ms
(7 rows)

===== 398 [Wed Mar  7 02:06:48 CET 2018] scale:100000 groups:10000 work_mem:4MB incremental:off max_workers:2 =====
SELECT * FROM s_2 ORDER BY a, b, c
                                                      QUERY PLAN                                                       
-----------------------------------------------------------------------------------------------------------------------
 Limit  (cost=13242.82..13242.82 rows=1 width=20) (actual time=36.510..36.510 rows=0 loops=1)
   ->  Sort  (cost=11992.82..12242.82 rows=100000 width=20) (actual time=27.137..34.328 rows=100000 loops=1)
         Sort Key: s_2.a, s_2.b, s_2.c
         Sort Method: external merge  Disk: 2936kB
         ->  Seq Scan on s_2  (cost=0.00..1637.00 rows=100000 width=20) (actual time=0.010..5.472 rows=100000 loops=1)
 Planning time: 0.268 ms
 Execution time: 37.074 ms
(7 rows)

===== 399 [Wed Mar  7 02:06:49 CET 2018] scale:100000 groups:10000 work_mem:4MB incremental:off max_workers:2 =====
SELECT * FROM s_3 ORDER BY a, b, c, d
                                                      QUERY PLAN                                                       
-----------------------------------------------------------------------------------------------------------------------
 Limit  (cost=13242.82..13242.82 rows=1 width=20) (actual time=31.932..31.932 rows=0 loops=1)
   ->  Sort  (cost=11992.82..12242.82 rows=100000 width=20) (actual time=22.539..29.751 rows=100000 loops=1)
         Sort Key: s_3.a, s_3.b, s_3.c, s_3.d
         Sort Method: external merge  Disk: 2936kB
         ->  Seq Scan on s_3  (cost=0.00..1637.00 rows=100000 width=20) (actual time=0.010..5.501 rows=100000 loops=1)
 Planning time: 0.269 ms
 Execution time: 32.497 ms
(7 rows)

===== 400 [Wed Mar  7 02:06:49 CET 2018] scale:100000 groups:10000 work_mem:4MB incremental:off max_workers:2 =====
SELECT * FROM s_4 ORDER BY a, b, c, d, e
                                                      QUERY PLAN                                                       
-----------------------------------------------------------------------------------------------------------------------
 Limit  (cost=13242.82..13242.82 rows=1 width=20) (actual time=31.733..31.733 rows=0 loops=1)
   ->  Sort  (cost=11992.82..12242.82 rows=100000 width=20) (actual time=22.295..29.552 rows=100000 loops=1)
         Sort Key: s_4.a, s_4.b, s_4.c, s_4.d, s_4.e
         Sort Method: external merge  Disk: 2936kB
         ->  Seq Scan on s_4  (cost=0.00..1637.00 rows=100000 width=20) (actual time=0.007..5.509 rows=100000 loops=1)
 Planning time: 0.269 ms
 Execution time: 32.293 ms
(7 rows)

===== 401 [Wed Mar  7 02:06:49 CET 2018] scale:100000 groups:10000 work_mem:8MB incremental:on max_workers:2 =====
SELECT * FROM s_1 ORDER BY a, b
                                                                QUERY PLAN                                                                
------------------------------------------------------------------------------------------------------------------------------------------
 Limit  (cost=7864.12..7864.12 rows=1 width=20) (actual time=33.472..33.472 rows=0 loops=1)
   ->  Incremental Sort  (cost=0.79..6864.12 rows=100000 width=20) (actual time=0.062..31.269 rows=100000 loops=1)
         Sort Key: s_1.a, s_1.b
         Presorted Key: s_1.a
         Sort Method: quicksort  Memory: 28kB
         Sort Groups: 2704
         ->  Index Scan using s_1_a_idx on s_1  (cost=0.29..3244.29 rows=100000 width=20) (actual time=0.009..11.758 rows=100000 loops=1)
 Planning time: 0.263 ms
 Execution time: 33.496 ms
(9 rows)

===== 402 [Wed Mar  7 02:06:49 CET 2018] scale:100000 groups:10000 work_mem:8MB incremental:on max_workers:2 =====
SELECT * FROM s_2 ORDER BY a, b, c
                                                                 QUERY PLAN                                                                 
--------------------------------------------------------------------------------------------------------------------------------------------
 Limit  (cost=8690.01..8690.01 rows=1 width=20) (actual time=25.848..25.848 rows=0 loops=1)
   ->  Incremental Sort  (cost=0.87..7690.01 rows=100000 width=20) (actual time=0.055..23.663 rows=100000 loops=1)
         Sort Key: s_2.a, s_2.b, s_2.c
         Presorted Key: s_2.a, s_2.b
         Sort Method: quicksort  Memory: 27kB
         Sort Groups: 3125
         ->  Index Scan using s_2_a_b_idx on s_2  (cost=0.29..4079.04 rows=100000 width=20) (actual time=0.012..11.541 rows=100000 loops=1)
 Planning time: 0.278 ms
 Execution time: 25.869 ms
(9 rows)

===== 403 [Wed Mar  7 02:06:50 CET 2018] scale:100000 groups:10000 work_mem:8MB incremental:on max_workers:2 =====
SELECT * FROM s_3 ORDER BY a, b, c, d
                                                                  QUERY PLAN                                                                  
----------------------------------------------------------------------------------------------------------------------------------------------
 Limit  (cost=9138.13..9138.13 rows=1 width=20) (actual time=26.437..26.437 rows=0 loops=1)
   ->  Incremental Sort  (cost=1.04..8138.13 rows=100000 width=20) (actual time=0.061..24.253 rows=100000 loops=1)
         Sort Key: s_3.a, s_3.b, s_3.c, s_3.d
         Presorted Key: s_3.a, s_3.b, s_3.c
         Sort Method: quicksort  Memory: 27kB
         Sort Groups: 3125
         ->  Index Scan using s_3_a_b_c_idx on s_3  (cost=0.42..4527.17 rows=100000 width=20) (actual time=0.016..11.871 rows=100000 loops=1)
 Planning time: 0.279 ms
 Execution time: 26.458 ms
(9 rows)

===== 404 [Wed Mar  7 02:06:50 CET 2018] scale:100000 groups:10000 work_mem:8MB incremental:on max_workers:2 =====
SELECT * FROM s_4 ORDER BY a, b, c, d, e
                                                                   QUERY PLAN                                                                   
------------------------------------------------------------------------------------------------------------------------------------------------
 Limit  (cost=9138.13..9138.13 rows=1 width=20) (actual time=26.242..26.242 rows=0 loops=1)
   ->  Incremental Sort  (cost=1.04..8138.13 rows=100000 width=20) (actual time=0.051..24.036 rows=100000 loops=1)
         Sort Key: s_4.a, s_4.b, s_4.c, s_4.d, s_4.e
         Presorted Key: s_4.a, s_4.b, s_4.c, s_4.d
         Sort Method: quicksort  Memory: 27kB
         Sort Groups: 3125
         ->  Index Scan using s_4_a_b_c_d_idx on s_4  (cost=0.42..4527.17 rows=100000 width=20) (actual time=0.009..11.829 rows=100000 loops=1)
 Planning time: 0.273 ms
 Execution time: 26.263 ms
(9 rows)

===== 405 [Wed Mar  7 02:06:50 CET 2018] scale:100000 groups:10000 work_mem:8MB incremental:off max_workers:2 =====
SELECT * FROM s_1 ORDER BY a, b
                                                      QUERY PLAN                                                       
-----------------------------------------------------------------------------------------------------------------------
 Limit  (cost=11191.82..11191.82 rows=1 width=20) (actual time=47.845..47.845 rows=0 loops=1)
   ->  Sort  (cost=9941.82..10191.82 rows=100000 width=20) (actual time=38.557..45.649 rows=100000 loops=1)
         Sort Key: s_1.a, s_1.b
         Sort Method: external merge  Disk: 2936kB
         ->  Seq Scan on s_1  (cost=0.00..1637.00 rows=100000 width=20) (actual time=0.007..5.602 rows=100000 loops=1)
 Planning time: 0.250 ms
 Execution time: 48.251 ms
(7 rows)

===== 406 [Wed Mar  7 02:06:50 CET 2018] scale:100000 groups:10000 work_mem:8MB incremental:off max_workers:2 =====
SELECT * FROM s_2 ORDER BY a, b, c
                                                      QUERY PLAN                                                       
-----------------------------------------------------------------------------------------------------------------------
 Limit  (cost=11191.82..11191.82 rows=1 width=20) (actual time=38.885..38.885 rows=0 loops=1)
   ->  Sort  (cost=9941.82..10191.82 rows=100000 width=20) (actual time=29.613..36.696 rows=100000 loops=1)
         Sort Key: s_2.a, s_2.b, s_2.c
         Sort Method: external merge  Disk: 2936kB
         ->  Seq Scan on s_2  (cost=0.00..1637.00 rows=100000 width=20) (actual time=0.010..5.566 rows=100000 loops=1)
 Planning time: 0.266 ms
 Execution time: 39.295 ms
(7 rows)

===== 407 [Wed Mar  7 02:06:51 CET 2018] scale:100000 groups:10000 work_mem:8MB incremental:off max_workers:2 =====
SELECT * FROM s_3 ORDER BY a, b, c, d
                                                      QUERY PLAN                                                       
-----------------------------------------------------------------------------------------------------------------------
 Limit  (cost=11191.82..11191.82 rows=1 width=20) (actual time=33.500..33.500 rows=0 loops=1)
   ->  Sort  (cost=9941.82..10191.82 rows=100000 width=20) (actual time=24.167..31.311 rows=100000 loops=1)
         Sort Key: s_3.a, s_3.b, s_3.c, s_3.d
         Sort Method: external merge  Disk: 2936kB
         ->  Seq Scan on s_3  (cost=0.00..1637.00 rows=100000 width=20) (actual time=0.010..5.609 rows=100000 loops=1)
 Planning time: 0.272 ms
 Execution time: 33.919 ms
(7 rows)

===== 408 [Wed Mar  7 02:06:51 CET 2018] scale:100000 groups:10000 work_mem:8MB incremental:off max_workers:2 =====
SELECT * FROM s_4 ORDER BY a, b, c, d, e
                                                      QUERY PLAN                                                       
-----------------------------------------------------------------------------------------------------------------------
 Limit  (cost=11191.82..11191.82 rows=1 width=20) (actual time=33.223..33.223 rows=0 loops=1)
   ->  Sort  (cost=9941.82..10191.82 rows=100000 width=20) (actual time=23.910..31.035 rows=100000 loops=1)
         Sort Key: s_4.a, s_4.b, s_4.c, s_4.d, s_4.e
         Sort Method: external merge  Disk: 2936kB
         ->  Seq Scan on s_4  (cost=0.00..1637.00 rows=100000 width=20) (actual time=0.007..5.617 rows=100000 loops=1)
 Planning time: 0.265 ms
 Execution time: 33.635 ms
(7 rows)

===== 409 [Wed Mar  7 02:06:51 CET 2018] scale:100000 groups:10000 work_mem:16MB incremental:on max_workers:2 =====
SELECT * FROM s_1 ORDER BY a, b
                                                                QUERY PLAN                                                                
------------------------------------------------------------------------------------------------------------------------------------------
 Limit  (cost=7864.12..7864.12 rows=1 width=20) (actual time=33.482..33.482 rows=0 loops=1)
   ->  Incremental Sort  (cost=0.79..6864.12 rows=100000 width=20) (actual time=0.063..31.282 rows=100000 loops=1)
         Sort Key: s_1.a, s_1.b
         Presorted Key: s_1.a
         Sort Method: quicksort  Memory: 28kB
         Sort Groups: 2704
         ->  Index Scan using s_1_a_idx on s_1  (cost=0.29..3244.29 rows=100000 width=20) (actual time=0.009..11.741 rows=100000 loops=1)
 Planning time: 0.266 ms
 Execution time: 33.507 ms
(9 rows)

===== 410 [Wed Mar  7 02:06:51 CET 2018] scale:100000 groups:10000 work_mem:16MB incremental:on max_workers:2 =====
SELECT * FROM s_2 ORDER BY a, b, c
                                                                 QUERY PLAN                                                                 
--------------------------------------------------------------------------------------------------------------------------------------------
 Limit  (cost=8690.01..8690.01 rows=1 width=20) (actual time=25.868..25.868 rows=0 loops=1)
   ->  Incremental Sort  (cost=0.87..7690.01 rows=100000 width=20) (actual time=0.055..23.686 rows=100000 loops=1)
         Sort Key: s_2.a, s_2.b, s_2.c
         Presorted Key: s_2.a, s_2.b
         Sort Method: quicksort  Memory: 27kB
         Sort Groups: 3125
         ->  Index Scan using s_2_a_b_idx on s_2  (cost=0.29..4079.04 rows=100000 width=20) (actual time=0.013..11.564 rows=100000 loops=1)
 Planning time: 0.285 ms
 Execution time: 25.889 ms
(9 rows)

===== 411 [Wed Mar  7 02:06:51 CET 2018] scale:100000 groups:10000 work_mem:16MB incremental:on max_workers:2 =====
SELECT * FROM s_3 ORDER BY a, b, c, d
                                                                  QUERY PLAN                                                                  
----------------------------------------------------------------------------------------------------------------------------------------------
 Limit  (cost=9138.13..9138.13 rows=1 width=20) (actual time=26.456..26.456 rows=0 loops=1)
   ->  Incremental Sort  (cost=1.04..8138.13 rows=100000 width=20) (actual time=0.058..24.268 rows=100000 loops=1)
         Sort Key: s_3.a, s_3.b, s_3.c, s_3.d
         Presorted Key: s_3.a, s_3.b, s_3.c
         Sort Method: quicksort  Memory: 27kB
         Sort Groups: 3125
         ->  Index Scan using s_3_a_b_c_idx on s_3  (cost=0.42..4527.17 rows=100000 width=20) (actual time=0.015..11.873 rows=100000 loops=1)
 Planning time: 0.288 ms
 Execution time: 26.478 ms
(9 rows)

===== 412 [Wed Mar  7 02:06:52 CET 2018] scale:100000 groups:10000 work_mem:16MB incremental:on max_workers:2 =====
SELECT * FROM s_4 ORDER BY a, b, c, d, e
                                                                   QUERY PLAN                                                                   
------------------------------------------------------------------------------------------------------------------------------------------------
 Limit  (cost=9138.13..9138.13 rows=1 width=20) (actual time=26.259..26.259 rows=0 loops=1)
   ->  Incremental Sort  (cost=1.04..8138.13 rows=100000 width=20) (actual time=0.052..24.052 rows=100000 loops=1)
         Sort Key: s_4.a, s_4.b, s_4.c, s_4.d, s_4.e
         Presorted Key: s_4.a, s_4.b, s_4.c, s_4.d
         Sort Method: quicksort  Memory: 27kB
         Sort Groups: 3125
         ->  Index Scan using s_4_a_b_c_d_idx on s_4  (cost=0.42..4527.17 rows=100000 width=20) (actual time=0.009..11.849 rows=100000 loops=1)
 Planning time: 0.278 ms
 Execution time: 26.281 ms
(9 rows)

===== 413 [Wed Mar  7 02:06:52 CET 2018] scale:100000 groups:10000 work_mem:16MB incremental:off max_workers:2 =====
SELECT * FROM s_1 ORDER BY a, b
                                                      QUERY PLAN                                                       
-----------------------------------------------------------------------------------------------------------------------
 Limit  (cost=11191.82..11191.82 rows=1 width=20) (actual time=38.299..38.299 rows=0 loops=1)
   ->  Sort  (cost=9941.82..10191.82 rows=100000 width=20) (actual time=32.442..36.126 rows=100000 loops=1)
         Sort Key: s_1.a, s_1.b
         Sort Method: quicksort  Memory: 10885kB
         ->  Seq Scan on s_1  (cost=0.00..1637.00 rows=100000 width=20) (actual time=0.007..5.604 rows=100000 loops=1)
 Planning time: 0.252 ms
 Execution time: 38.771 ms
(7 rows)

===== 414 [Wed Mar  7 02:06:52 CET 2018] scale:100000 groups:10000 work_mem:16MB incremental:off max_workers:2 =====
SELECT * FROM s_2 ORDER BY a, b, c
                                                      QUERY PLAN                                                       
-----------------------------------------------------------------------------------------------------------------------
 Limit  (cost=11191.82..11191.82 rows=1 width=20) (actual time=29.196..29.196 rows=0 loops=1)
   ->  Sort  (cost=9941.82..10191.82 rows=100000 width=20) (actual time=23.717..27.012 rows=100000 loops=1)
         Sort Key: s_2.a, s_2.b, s_2.c
         Sort Method: quicksort  Memory: 10885kB
         ->  Seq Scan on s_2  (cost=0.00..1637.00 rows=100000 width=20) (actual time=0.010..5.578 rows=100000 loops=1)
 Planning time: 0.276 ms
 Execution time: 29.668 ms
(7 rows)

===== 415 [Wed Mar  7 02:06:52 CET 2018] scale:100000 groups:10000 work_mem:16MB incremental:off max_workers:2 =====
SELECT * FROM s_3 ORDER BY a, b, c, d
                                                      QUERY PLAN                                                       
-----------------------------------------------------------------------------------------------------------------------
 Limit  (cost=11191.82..11191.82 rows=1 width=20) (actual time=23.370..23.370 rows=0 loops=1)
   ->  Sort  (cost=9941.82..10191.82 rows=100000 width=20) (actual time=17.809..21.195 rows=100000 loops=1)
         Sort Key: s_3.a, s_3.b, s_3.c, s_3.d
         Sort Method: quicksort  Memory: 10885kB
         ->  Seq Scan on s_3  (cost=0.00..1637.00 rows=100000 width=20) (actual time=0.010..5.610 rows=100000 loops=1)
 Planning time: 0.263 ms
 Execution time: 23.838 ms
(7 rows)

===== 416 [Wed Mar  7 02:06:52 CET 2018] scale:100000 groups:10000 work_mem:16MB incremental:off max_workers:2 =====
SELECT * FROM s_4 ORDER BY a, b, c, d, e
                                                      QUERY PLAN                                                       
-----------------------------------------------------------------------------------------------------------------------
 Limit  (cost=11191.82..11191.82 rows=1 width=20) (actual time=23.139..23.139 rows=0 loops=1)
   ->  Sort  (cost=9941.82..10191.82 rows=100000 width=20) (actual time=17.616..20.950 rows=100000 loops=1)
         Sort Key: s_4.a, s_4.b, s_4.c, s_4.d, s_4.e
         Sort Method: quicksort  Memory: 10885kB
         ->  Seq Scan on s_4  (cost=0.00..1637.00 rows=100000 width=20) (actual time=0.007..5.630 rows=100000 loops=1)
 Planning time: 0.260 ms
 Execution time: 23.610 ms
(7 rows)

===== 417 [Wed Mar  7 02:06:53 CET 2018] scale:100000 groups:10000 work_mem:32MB incremental:on max_workers:2 =====
SELECT * FROM s_1 ORDER BY a, b
                                                                QUERY PLAN                                                                
------------------------------------------------------------------------------------------------------------------------------------------
 Limit  (cost=7864.12..7864.12 rows=1 width=20) (actual time=33.486..33.486 rows=0 loops=1)
   ->  Incremental Sort  (cost=0.79..6864.12 rows=100000 width=20) (actual time=0.066..31.285 rows=100000 loops=1)
         Sort Key: s_1.a, s_1.b
         Presorted Key: s_1.a
         Sort Method: quicksort  Memory: 28kB
         Sort Groups: 2704
         ->  Index Scan using s_1_a_idx on s_1  (cost=0.29..3244.29 rows=100000 width=20) (actual time=0.009..11.746 rows=100000 loops=1)
 Planning time: 0.273 ms
 Execution time: 33.511 ms
(9 rows)

===== 418 [Wed Mar  7 02:06:53 CET 2018] scale:100000 groups:10000 work_mem:32MB incremental:on max_workers:2 =====
SELECT * FROM s_2 ORDER BY a, b, c
                                                                 QUERY PLAN                                                                 
--------------------------------------------------------------------------------------------------------------------------------------------
 Limit  (cost=8690.01..8690.01 rows=1 width=20) (actual time=25.872..25.872 rows=0 loops=1)
   ->  Incremental Sort  (cost=0.87..7690.01 rows=100000 width=20) (actual time=0.055..23.688 rows=100000 loops=1)
         Sort Key: s_2.a, s_2.b, s_2.c
         Presorted Key: s_2.a, s_2.b
         Sort Method: quicksort  Memory: 27kB
         Sort Groups: 3125
         ->  Index Scan using s_2_a_b_idx on s_2  (cost=0.29..4079.04 rows=100000 width=20) (actual time=0.012..11.551 rows=100000 loops=1)
 Planning time: 0.283 ms
 Execution time: 25.893 ms
(9 rows)

===== 419 [Wed Mar  7 02:06:53 CET 2018] scale:100000 groups:10000 work_mem:32MB incremental:on max_workers:2 =====
SELECT * FROM s_3 ORDER BY a, b, c, d
                                                                  QUERY PLAN                                                                  
----------------------------------------------------------------------------------------------------------------------------------------------
 Limit  (cost=9138.13..9138.13 rows=1 width=20) (actual time=26.434..26.434 rows=0 loops=1)
   ->  Incremental Sort  (cost=1.04..8138.13 rows=100000 width=20) (actual time=0.058..24.253 rows=100000 loops=1)
         Sort Key: s_3.a, s_3.b, s_3.c, s_3.d
         Presorted Key: s_3.a, s_3.b, s_3.c
         Sort Method: quicksort  Memory: 27kB
         Sort Groups: 3125
         ->  Index Scan using s_3_a_b_c_idx on s_3  (cost=0.42..4527.17 rows=100000 width=20) (actual time=0.015..11.875 rows=100000 loops=1)
 Planning time: 0.280 ms
 Execution time: 26.455 ms
(9 rows)

===== 420 [Wed Mar  7 02:06:53 CET 2018] scale:100000 groups:10000 work_mem:32MB incremental:on max_workers:2 =====
SELECT * FROM s_4 ORDER BY a, b, c, d, e
                                                                   QUERY PLAN                                                                   
------------------------------------------------------------------------------------------------------------------------------------------------
 Limit  (cost=9138.13..9138.13 rows=1 width=20) (actual time=26.251..26.251 rows=0 loops=1)
   ->  Incremental Sort  (cost=1.04..8138.13 rows=100000 width=20) (actual time=0.052..24.049 rows=100000 loops=1)
         Sort Key: s_4.a, s_4.b, s_4.c, s_4.d, s_4.e
         Presorted Key: s_4.a, s_4.b, s_4.c, s_4.d
         Sort Method: quicksort  Memory: 27kB
         Sort Groups: 3125
         ->  Index Scan using s_4_a_b_c_d_idx on s_4  (cost=0.42..4527.17 rows=100000 width=20) (actual time=0.009..11.841 rows=100000 loops=1)
 Planning time: 0.283 ms
 Execution time: 26.272 ms
(9 rows)

===== 421 [Wed Mar  7 02:06:53 CET 2018] scale:100000 groups:10000 work_mem:32MB incremental:off max_workers:2 =====
SELECT * FROM s_1 ORDER BY a, b
                                                      QUERY PLAN                                                       
-----------------------------------------------------------------------------------------------------------------------
 Limit  (cost=11191.82..11191.82 rows=1 width=20) (actual time=38.261..38.261 rows=0 loops=1)
   ->  Sort  (cost=9941.82..10191.82 rows=100000 width=20) (actual time=32.414..36.078 rows=100000 loops=1)
         Sort Key: s_1.a, s_1.b
         Sort Method: quicksort  Memory: 10885kB
         ->  Seq Scan on s_1  (cost=0.00..1637.00 rows=100000 width=20) (actual time=0.007..5.599 rows=100000 loops=1)
 Planning time: 0.255 ms
 Execution time: 38.733 ms
(7 rows)

===== 422 [Wed Mar  7 02:06:54 CET 2018] scale:100000 groups:10000 work_mem:32MB incremental:off max_workers:2 =====
SELECT * FROM s_2 ORDER BY a, b, c
                                                      QUERY PLAN                                                       
-----------------------------------------------------------------------------------------------------------------------
 Limit  (cost=11191.82..11191.82 rows=1 width=20) (actual time=29.150..29.150 rows=0 loops=1)
   ->  Sort  (cost=9941.82..10191.82 rows=100000 width=20) (actual time=23.672..26.977 rows=100000 loops=1)
         Sort Key: s_2.a, s_2.b, s_2.c
         Sort Method: quicksort  Memory: 10885kB
         ->  Seq Scan on s_2  (cost=0.00..1637.00 rows=100000 width=20) (actual time=0.010..5.577 rows=100000 loops=1)
 Planning time: 0.264 ms
 Execution time: 29.628 ms
(7 rows)

===== 423 [Wed Mar  7 02:06:54 CET 2018] scale:100000 groups:10000 work_mem:32MB incremental:off max_workers:2 =====
SELECT * FROM s_3 ORDER BY a, b, c, d
                                                      QUERY PLAN                                                       
-----------------------------------------------------------------------------------------------------------------------
 Limit  (cost=11191.82..11191.82 rows=1 width=20) (actual time=23.392..23.392 rows=0 loops=1)
   ->  Sort  (cost=9941.82..10191.82 rows=100000 width=20) (actual time=17.836..21.205 rows=100000 loops=1)
         Sort Key: s_3.a, s_3.b, s_3.c, s_3.d
         Sort Method: quicksort  Memory: 10885kB
         ->  Seq Scan on s_3  (cost=0.00..1637.00 rows=100000 width=20) (actual time=0.010..5.625 rows=100000 loops=1)
 Planning time: 0.265 ms
 Execution time: 23.864 ms
(7 rows)

===== 424 [Wed Mar  7 02:06:54 CET 2018] scale:100000 groups:10000 work_mem:32MB incremental:off max_workers:2 =====
SELECT * FROM s_4 ORDER BY a, b, c, d, e
                                                      QUERY PLAN                                                       
-----------------------------------------------------------------------------------------------------------------------
 Limit  (cost=11191.82..11191.82 rows=1 width=20) (actual time=23.116..23.116 rows=0 loops=1)
   ->  Sort  (cost=9941.82..10191.82 rows=100000 width=20) (actual time=17.596..20.919 rows=100000 loops=1)
         Sort Key: s_4.a, s_4.b, s_4.c, s_4.d, s_4.e
         Sort Method: quicksort  Memory: 10885kB
         ->  Seq Scan on s_4  (cost=0.00..1637.00 rows=100000 width=20) (actual time=0.007..5.621 rows=100000 loops=1)
 Planning time: 0.262 ms
 Execution time: 23.587 ms
(7 rows)

===== 425 [Wed Mar  7 02:06:54 CET 2018] scale:100000 groups:10000 work_mem:64MB incremental:on max_workers:2 =====
SELECT * FROM s_1 ORDER BY a, b
                                                                QUERY PLAN                                                                
------------------------------------------------------------------------------------------------------------------------------------------
 Limit  (cost=7864.12..7864.12 rows=1 width=20) (actual time=33.475..33.475 rows=0 loops=1)
   ->  Incremental Sort  (cost=0.79..6864.12 rows=100000 width=20) (actual time=0.063..31.275 rows=100000 loops=1)
         Sort Key: s_1.a, s_1.b
         Presorted Key: s_1.a
         Sort Method: quicksort  Memory: 28kB
         Sort Groups: 2704
         ->  Index Scan using s_1_a_idx on s_1  (cost=0.29..3244.29 rows=100000 width=20) (actual time=0.009..11.738 rows=100000 loops=1)
 Planning time: 0.261 ms
 Execution time: 33.499 ms
(9 rows)

===== 426 [Wed Mar  7 02:06:55 CET 2018] scale:100000 groups:10000 work_mem:64MB incremental:on max_workers:2 =====
SELECT * FROM s_2 ORDER BY a, b, c
                                                                 QUERY PLAN                                                                 
--------------------------------------------------------------------------------------------------------------------------------------------
 Limit  (cost=8690.01..8690.01 rows=1 width=20) (actual time=25.859..25.859 rows=0 loops=1)
   ->  Incremental Sort  (cost=0.87..7690.01 rows=100000 width=20) (actual time=0.054..23.677 rows=100000 loops=1)
         Sort Key: s_2.a, s_2.b, s_2.c
         Presorted Key: s_2.a, s_2.b
         Sort Method: quicksort  Memory: 27kB
         Sort Groups: 3125
         ->  Index Scan using s_2_a_b_idx on s_2  (cost=0.29..4079.04 rows=100000 width=20) (actual time=0.012..11.557 rows=100000 loops=1)
 Planning time: 0.284 ms
 Execution time: 25.883 ms
(9 rows)

===== 427 [Wed Mar  7 02:06:55 CET 2018] scale:100000 groups:10000 work_mem:64MB incremental:on max_workers:2 =====
SELECT * FROM s_3 ORDER BY a, b, c, d
                                                                  QUERY PLAN                                                                  
----------------------------------------------------------------------------------------------------------------------------------------------
 Limit  (cost=9138.13..9138.13 rows=1 width=20) (actual time=26.451..26.451 rows=0 loops=1)
   ->  Incremental Sort  (cost=1.04..8138.13 rows=100000 width=20) (actual time=0.057..24.274 rows=100000 loops=1)
         Sort Key: s_3.a, s_3.b, s_3.c, s_3.d
         Presorted Key: s_3.a, s_3.b, s_3.c
         Sort Method: quicksort  Memory: 27kB
         Sort Groups: 3125
         ->  Index Scan using s_3_a_b_c_idx on s_3  (cost=0.42..4527.17 rows=100000 width=20) (actual time=0.015..11.878 rows=100000 loops=1)
 Planning time: 0.283 ms
 Execution time: 26.474 ms
(9 rows)

===== 428 [Wed Mar  7 02:06:55 CET 2018] scale:100000 groups:10000 work_mem:64MB incremental:on max_workers:2 =====
SELECT * FROM s_4 ORDER BY a, b, c, d, e
                                                                   QUERY PLAN                                                                   
------------------------------------------------------------------------------------------------------------------------------------------------
 Limit  (cost=9138.13..9138.13 rows=1 width=20) (actual time=26.257..26.257 rows=0 loops=1)
   ->  Incremental Sort  (cost=1.04..8138.13 rows=100000 width=20) (actual time=0.053..24.054 rows=100000 loops=1)
         Sort Key: s_4.a, s_4.b, s_4.c, s_4.d, s_4.e
         Presorted Key: s_4.a, s_4.b, s_4.c, s_4.d
         Sort Method: quicksort  Memory: 27kB
         Sort Groups: 3125
         ->  Index Scan using s_4_a_b_c_d_idx on s_4  (cost=0.42..4527.17 rows=100000 width=20) (actual time=0.009..11.858 rows=100000 loops=1)
 Planning time: 0.276 ms
 Execution time: 26.279 ms
(9 rows)

===== 429 [Wed Mar  7 02:06:55 CET 2018] scale:100000 groups:10000 work_mem:64MB incremental:off max_workers:2 =====
SELECT * FROM s_1 ORDER BY a, b
                                                      QUERY PLAN                                                       
-----------------------------------------------------------------------------------------------------------------------
 Limit  (cost=11191.82..11191.82 rows=1 width=20) (actual time=38.245..38.245 rows=0 loops=1)
   ->  Sort  (cost=9941.82..10191.82 rows=100000 width=20) (actual time=32.395..36.067 rows=100000 loops=1)
         Sort Key: s_1.a, s_1.b
         Sort Method: quicksort  Memory: 10885kB
         ->  Seq Scan on s_1  (cost=0.00..1637.00 rows=100000 width=20) (actual time=0.007..5.603 rows=100000 loops=1)
 Planning time: 0.254 ms
 Execution time: 38.718 ms
(7 rows)

===== 430 [Wed Mar  7 02:06:55 CET 2018] scale:100000 groups:10000 work_mem:64MB incremental:off max_workers:2 =====
SELECT * FROM s_2 ORDER BY a, b, c
                                                      QUERY PLAN                                                       
-----------------------------------------------------------------------------------------------------------------------
 Limit  (cost=11191.82..11191.82 rows=1 width=20) (actual time=29.173..29.173 rows=0 loops=1)
   ->  Sort  (cost=9941.82..10191.82 rows=100000 width=20) (actual time=23.696..26.992 rows=100000 loops=1)
         Sort Key: s_2.a, s_2.b, s_2.c
         Sort Method: quicksort  Memory: 10885kB
         ->  Seq Scan on s_2  (cost=0.00..1637.00 rows=100000 width=20) (actual time=0.010..5.570 rows=100000 loops=1)
 Planning time: 0.282 ms
 Execution time: 29.646 ms
(7 rows)

===== 431 [Wed Mar  7 02:06:56 CET 2018] scale:100000 groups:10000 work_mem:64MB incremental:off max_workers:2 =====
SELECT * FROM s_3 ORDER BY a, b, c, d
                                                      QUERY PLAN                                                       
-----------------------------------------------------------------------------------------------------------------------
 Limit  (cost=11191.82..11191.82 rows=1 width=20) (actual time=23.389..23.389 rows=0 loops=1)
   ->  Sort  (cost=9941.82..10191.82 rows=100000 width=20) (actual time=17.829..21.215 rows=100000 loops=1)
         Sort Key: s_3.a, s_3.b, s_3.c, s_3.d
         Sort Method: quicksort  Memory: 10885kB
         ->  Seq Scan on s_3  (cost=0.00..1637.00 rows=100000 width=20) (actual time=0.010..5.619 rows=100000 loops=1)
 Planning time: 0.277 ms
 Execution time: 23.862 ms
(7 rows)

===== 432 [Wed Mar  7 02:06:56 CET 2018] scale:100000 groups:10000 work_mem:64MB incremental:off max_workers:2 =====
SELECT * FROM s_4 ORDER BY a, b, c, d, e
                                                      QUERY PLAN                                                       
-----------------------------------------------------------------------------------------------------------------------
 Limit  (cost=11191.82..11191.82 rows=1 width=20) (actual time=23.085..23.085 rows=0 loops=1)
   ->  Sort  (cost=9941.82..10191.82 rows=100000 width=20) (actual time=17.563..20.884 rows=100000 loops=1)
         Sort Key: s_4.a, s_4.b, s_4.c, s_4.d, s_4.e
         Sort Method: quicksort  Memory: 10885kB
         ->  Seq Scan on s_4  (cost=0.00..1637.00 rows=100000 width=20) (actual time=0.006..5.626 rows=100000 loops=1)
 Planning time: 0.267 ms
 Execution time: 23.557 ms
(7 rows)

===== 433 [Wed Mar  7 02:06:56 CET 2018] scale:100000 groups:10000 work_mem:128MB incremental:on max_workers:2 =====
SELECT * FROM s_1 ORDER BY a, b
                                                                QUERY PLAN                                                                
------------------------------------------------------------------------------------------------------------------------------------------
 Limit  (cost=7864.12..7864.12 rows=1 width=20) (actual time=33.481..33.481 rows=0 loops=1)
   ->  Incremental Sort  (cost=0.79..6864.12 rows=100000 width=20) (actual time=0.069..31.279 rows=100000 loops=1)
         Sort Key: s_1.a, s_1.b
         Presorted Key: s_1.a
         Sort Method: quicksort  Memory: 28kB
         Sort Groups: 2704
         ->  Index Scan using s_1_a_idx on s_1  (cost=0.29..3244.29 rows=100000 width=20) (actual time=0.009..11.746 rows=100000 loops=1)
 Planning time: 0.262 ms
 Execution time: 33.506 ms
(9 rows)

===== 434 [Wed Mar  7 02:06:56 CET 2018] scale:100000 groups:10000 work_mem:128MB incremental:on max_workers:2 =====
SELECT * FROM s_2 ORDER BY a, b, c
                                                                 QUERY PLAN                                                                 
--------------------------------------------------------------------------------------------------------------------------------------------
 Limit  (cost=8690.01..8690.01 rows=1 width=20) (actual time=25.863..25.863 rows=0 loops=1)
   ->  Incremental Sort  (cost=0.87..7690.01 rows=100000 width=20) (actual time=0.054..23.678 rows=100000 loops=1)
         Sort Key: s_2.a, s_2.b, s_2.c
         Presorted Key: s_2.a, s_2.b
         Sort Method: quicksort  Memory: 27kB
         Sort Groups: 3125
         ->  Index Scan using s_2_a_b_idx on s_2  (cost=0.29..4079.04 rows=100000 width=20) (actual time=0.012..11.558 rows=100000 loops=1)
 Planning time: 0.291 ms
 Execution time: 25.885 ms
(9 rows)

===== 435 [Wed Mar  7 02:06:56 CET 2018] scale:100000 groups:10000 work_mem:128MB incremental:on max_workers:2 =====
SELECT * FROM s_3 ORDER BY a, b, c, d
                                                                  QUERY PLAN                                                                  
----------------------------------------------------------------------------------------------------------------------------------------------
 Limit  (cost=9138.13..9138.13 rows=1 width=20) (actual time=26.444..26.444 rows=0 loops=1)
   ->  Incremental Sort  (cost=1.04..8138.13 rows=100000 width=20) (actual time=0.060..24.269 rows=100000 loops=1)
         Sort Key: s_3.a, s_3.b, s_3.c, s_3.d
         Presorted Key: s_3.a, s_3.b, s_3.c
         Sort Method: quicksort  Memory: 27kB
         Sort Groups: 3125
         ->  Index Scan using s_3_a_b_c_idx on s_3  (cost=0.42..4527.17 rows=100000 width=20) (actual time=0.015..11.873 rows=100000 loops=1)
 Planning time: 0.279 ms
 Execution time: 26.465 ms
(9 rows)

===== 436 [Wed Mar  7 02:06:56 CET 2018] scale:100000 groups:10000 work_mem:128MB incremental:on max_workers:2 =====
SELECT * FROM s_4 ORDER BY a, b, c, d, e
                                                                   QUERY PLAN                                                                   
------------------------------------------------------------------------------------------------------------------------------------------------
 Limit  (cost=9138.13..9138.13 rows=1 width=20) (actual time=26.265..26.265 rows=0 loops=1)
   ->  Incremental Sort  (cost=1.04..8138.13 rows=100000 width=20) (actual time=0.054..24.053 rows=100000 loops=1)
         Sort Key: s_4.a, s_4.b, s_4.c, s_4.d, s_4.e
         Presorted Key: s_4.a, s_4.b, s_4.c, s_4.d
         Sort Method: quicksort  Memory: 27kB
         Sort Groups: 3125
         ->  Index Scan using s_4_a_b_c_d_idx on s_4  (cost=0.42..4527.17 rows=100000 width=20) (actual time=0.009..11.842 rows=100000 loops=1)
 Planning time: 0.284 ms
 Execution time: 26.286 ms
(9 rows)

===== 437 [Wed Mar  7 02:06:57 CET 2018] scale:100000 groups:10000 work_mem:128MB incremental:off max_workers:2 =====
SELECT * FROM s_1 ORDER BY a, b
                                                      QUERY PLAN                                                       
-----------------------------------------------------------------------------------------------------------------------
 Limit  (cost=11191.82..11191.82 rows=1 width=20) (actual time=38.266..38.266 rows=0 loops=1)
   ->  Sort  (cost=9941.82..10191.82 rows=100000 width=20) (actual time=32.423..36.085 rows=100000 loops=1)
         Sort Key: s_1.a, s_1.b
         Sort Method: quicksort  Memory: 10885kB
         ->  Seq Scan on s_1  (cost=0.00..1637.00 rows=100000 width=20) (actual time=0.007..5.593 rows=100000 loops=1)
 Planning time: 0.260 ms
 Execution time: 38.737 ms
(7 rows)

===== 438 [Wed Mar  7 02:06:57 CET 2018] scale:100000 groups:10000 work_mem:128MB incremental:off max_workers:2 =====
SELECT * FROM s_2 ORDER BY a, b, c
                                                      QUERY PLAN                                                       
-----------------------------------------------------------------------------------------------------------------------
 Limit  (cost=11191.82..11191.82 rows=1 width=20) (actual time=29.196..29.196 rows=0 loops=1)
   ->  Sort  (cost=9941.82..10191.82 rows=100000 width=20) (actual time=23.722..27.016 rows=100000 loops=1)
         Sort Key: s_2.a, s_2.b, s_2.c
         Sort Method: quicksort  Memory: 10885kB
         ->  Seq Scan on s_2  (cost=0.00..1637.00 rows=100000 width=20) (actual time=0.010..5.563 rows=100000 loops=1)
 Planning time: 0.271 ms
 Execution time: 29.677 ms
(7 rows)

===== 439 [Wed Mar  7 02:06:57 CET 2018] scale:100000 groups:10000 work_mem:128MB incremental:off max_workers:2 =====
SELECT * FROM s_3 ORDER BY a, b, c, d
                                                      QUERY PLAN                                                       
-----------------------------------------------------------------------------------------------------------------------
 Limit  (cost=11191.82..11191.82 rows=1 width=20) (actual time=23.423..23.423 rows=0 loops=1)
   ->  Sort  (cost=9941.82..10191.82 rows=100000 width=20) (actual time=17.877..21.244 rows=100000 loops=1)
         Sort Key: s_3.a, s_3.b, s_3.c, s_3.d
         Sort Method: quicksort  Memory: 10885kB
         ->  Seq Scan on s_3  (cost=0.00..1637.00 rows=100000 width=20) (actual time=0.010..5.610 rows=100000 loops=1)
 Planning time: 0.264 ms
 Execution time: 23.899 ms
(7 rows)

===== 440 [Wed Mar  7 02:06:57 CET 2018] scale:100000 groups:10000 work_mem:128MB incremental:off max_workers:2 =====
SELECT * FROM s_4 ORDER BY a, b, c, d, e
                                                      QUERY PLAN                                                       
-----------------------------------------------------------------------------------------------------------------------
 Limit  (cost=11191.82..11191.82 rows=1 width=20) (actual time=23.082..23.082 rows=0 loops=1)
   ->  Sort  (cost=9941.82..10191.82 rows=100000 width=20) (actual time=17.553..20.888 rows=100000 loops=1)
         Sort Key: s_4.a, s_4.b, s_4.c, s_4.d, s_4.e
         Sort Method: quicksort  Memory: 10885kB
         ->  Seq Scan on s_4  (cost=0.00..1637.00 rows=100000 width=20) (actual time=0.006..5.607 rows=100000 loops=1)
 Planning time: 0.267 ms
 Execution time: 23.553 ms
(7 rows)

===== 441 [Wed Mar  7 02:06:58 CET 2018] scale:100000 groups:10000 work_mem:256MB incremental:on max_workers:2 =====
SELECT * FROM s_1 ORDER BY a, b
                                                                QUERY PLAN                                                                
------------------------------------------------------------------------------------------------------------------------------------------
 Limit  (cost=7864.12..7864.12 rows=1 width=20) (actual time=32.717..32.717 rows=0 loops=1)
   ->  Incremental Sort  (cost=0.79..6864.12 rows=100000 width=20) (actual time=0.059..30.531 rows=100000 loops=1)
         Sort Key: s_1.a, s_1.b
         Presorted Key: s_1.a
         Sort Method: quicksort  Memory: 28kB
         Sort Groups: 2704
         ->  Index Scan using s_1_a_idx on s_1  (cost=0.29..3244.29 rows=100000 width=20) (actual time=0.009..11.559 rows=100000 loops=1)
 Planning time: 0.271 ms
 Execution time: 32.739 ms
(9 rows)

===== 442 [Wed Mar  7 02:06:58 CET 2018] scale:100000 groups:10000 work_mem:256MB incremental:on max_workers:2 =====
SELECT * FROM s_2 ORDER BY a, b, c
                                                                 QUERY PLAN                                                                 
--------------------------------------------------------------------------------------------------------------------------------------------
 Limit  (cost=8690.01..8690.01 rows=1 width=20) (actual time=26.034..26.034 rows=0 loops=1)
   ->  Incremental Sort  (cost=0.87..7690.01 rows=100000 width=20) (actual time=0.057..23.813 rows=100000 loops=1)
         Sort Key: s_2.a, s_2.b, s_2.c
         Presorted Key: s_2.a, s_2.b
         Sort Method: quicksort  Memory: 27kB
         Sort Groups: 3125
         ->  Index Scan using s_2_a_b_idx on s_2  (cost=0.29..4079.04 rows=100000 width=20) (actual time=0.012..11.580 rows=100000 loops=1)
 Planning time: 0.279 ms
 Execution time: 26.056 ms
(9 rows)

===== 443 [Wed Mar  7 02:06:58 CET 2018] scale:100000 groups:10000 work_mem:256MB incremental:on max_workers:2 =====
SELECT * FROM s_3 ORDER BY a, b, c, d
                                                                  QUERY PLAN                                                                  
----------------------------------------------------------------------------------------------------------------------------------------------
 Limit  (cost=9138.13..9138.13 rows=1 width=20) (actual time=26.440..26.440 rows=0 loops=1)
   ->  Incremental Sort  (cost=1.04..8138.13 rows=100000 width=20) (actual time=0.058..24.244 rows=100000 loops=1)
         Sort Key: s_3.a, s_3.b, s_3.c, s_3.d
         Presorted Key: s_3.a, s_3.b, s_3.c
         Sort Method: quicksort  Memory: 27kB
         Sort Groups: 3125
         ->  Index Scan using s_3_a_b_c_idx on s_3  (cost=0.42..4527.17 rows=100000 width=20) (actual time=0.016..11.841 rows=100000 loops=1)
 Planning time: 0.281 ms
 Execution time: 26.461 ms
(9 rows)

===== 444 [Wed Mar  7 02:06:58 CET 2018] scale:100000 groups:10000 work_mem:256MB incremental:on max_workers:2 =====
SELECT * FROM s_4 ORDER BY a, b, c, d, e
                                                                   QUERY PLAN                                                                   
------------------------------------------------------------------------------------------------------------------------------------------------
 Limit  (cost=9138.13..9138.13 rows=1 width=20) (actual time=26.035..26.035 rows=0 loops=1)
   ->  Incremental Sort  (cost=1.04..8138.13 rows=100000 width=20) (actual time=0.053..23.854 rows=100000 loops=1)
         Sort Key: s_4.a, s_4.b, s_4.c, s_4.d, s_4.e
         Presorted Key: s_4.a, s_4.b, s_4.c, s_4.d
         Sort Method: quicksort  Memory: 27kB
         Sort Groups: 3125
         ->  Index Scan using s_4_a_b_c_d_idx on s_4  (cost=0.42..4527.17 rows=100000 width=20) (actual time=0.009..11.820 rows=100000 loops=1)
 Planning time: 0.275 ms
 Execution time: 26.057 ms
(9 rows)

===== 445 [Wed Mar  7 02:06:58 CET 2018] scale:100000 groups:10000 work_mem:256MB incremental:off max_workers:2 =====
SELECT * FROM s_1 ORDER BY a, b
                                                      QUERY PLAN                                                       
-----------------------------------------------------------------------------------------------------------------------
 Limit  (cost=11191.82..11191.82 rows=1 width=20) (actual time=38.288..38.288 rows=0 loops=1)
   ->  Sort  (cost=9941.82..10191.82 rows=100000 width=20) (actual time=32.443..36.113 rows=100000 loops=1)
         Sort Key: s_1.a, s_1.b
         Sort Method: quicksort  Memory: 10885kB
         ->  Seq Scan on s_1  (cost=0.00..1637.00 rows=100000 width=20) (actual time=0.007..5.592 rows=100000 loops=1)
 Planning time: 0.252 ms
 Execution time: 38.759 ms
(7 rows)

===== 446 [Wed Mar  7 02:06:59 CET 2018] scale:100000 groups:10000 work_mem:256MB incremental:off max_workers:2 =====
SELECT * FROM s_2 ORDER BY a, b, c
                                                      QUERY PLAN                                                       
-----------------------------------------------------------------------------------------------------------------------
 Limit  (cost=11191.82..11191.82 rows=1 width=20) (actual time=29.165..29.165 rows=0 loops=1)
   ->  Sort  (cost=9941.82..10191.82 rows=100000 width=20) (actual time=23.706..26.987 rows=100000 loops=1)
         Sort Key: s_2.a, s_2.b, s_2.c
         Sort Method: quicksort  Memory: 10885kB
         ->  Seq Scan on s_2  (cost=0.00..1637.00 rows=100000 width=20) (actual time=0.010..5.570 rows=100000 loops=1)
 Planning time: 0.267 ms
 Execution time: 29.640 ms
(7 rows)

===== 447 [Wed Mar  7 02:06:59 CET 2018] scale:100000 groups:10000 work_mem:256MB incremental:off max_workers:2 =====
SELECT * FROM s_3 ORDER BY a, b, c, d
                                                      QUERY PLAN                                                       
-----------------------------------------------------------------------------------------------------------------------
 Limit  (cost=11191.82..11191.82 rows=1 width=20) (actual time=23.423..23.423 rows=0 loops=1)
   ->  Sort  (cost=9941.82..10191.82 rows=100000 width=20) (actual time=17.883..21.247 rows=100000 loops=1)
         Sort Key: s_3.a, s_3.b, s_3.c, s_3.d
         Sort Method: quicksort  Memory: 10885kB
         ->  Seq Scan on s_3  (cost=0.00..1637.00 rows=100000 width=20) (actual time=0.010..5.661 rows=100000 loops=1)
 Planning time: 0.273 ms
 Execution time: 23.902 ms
(7 rows)

===== 448 [Wed Mar  7 02:06:59 CET 2018] scale:100000 groups:10000 work_mem:256MB incremental:off max_workers:2 =====
SELECT * FROM s_4 ORDER BY a, b, c, d, e
                                                      QUERY PLAN                                                       
-----------------------------------------------------------------------------------------------------------------------
 Limit  (cost=11191.82..11191.82 rows=1 width=20) (actual time=23.131..23.131 rows=0 loops=1)
   ->  Sort  (cost=9941.82..10191.82 rows=100000 width=20) (actual time=17.615..20.944 rows=100000 loops=1)
         Sort Key: s_4.a, s_4.b, s_4.c, s_4.d, s_4.e
         Sort Method: quicksort  Memory: 10885kB
         ->  Seq Scan on s_4  (cost=0.00..1637.00 rows=100000 width=20) (actual time=0.007..5.624 rows=100000 loops=1)
 Planning time: 0.256 ms
 Execution time: 23.611 ms
(7 rows)

